16 12 186
1 0 0 10 0 11 0 0 5 0 14 8 7 0 14
0 0 3 0 0 0 3 0 5 0 0 4 3 0 0
0 2 0 10 2 0 0 2 0 15 0 0 11 0 14
8 0 3 14 0 15 0 0 0 0 0 0 3 4 12
1 0 15 0 0 0 15 0 0 0 0 0 0 11 0
8 12 0 0 0 13 0 0 0 0 14 9 0 0 15
4 13 14 14 0 0 0 0 0 12 0 0 0 0 13
0 6 0 5 0 0 0 4 0 0 0 0 0 5 0
0 0 0 2 0 12 5 0 0 0 0 14 12 13 7
2 13 0 0 6 0 0 0 4 11 0 0 0 0 2
11 12 0 0 0 9 0 4 0 9 8 0 0 12 0
0 4 12 0 0 0 12 0 0 0 0 9 0 0 11
8 0 0 0 11 4 11 0 12 0 0 15 0 0 0
0 11 8 0 10 0 13 0 13 11 3 0 0 6 10
7 0 11 0 7 8 0 0 0 0 0 14 14 0 5
0 0 0 0 R
0 1 0 1 R
0 2 0 2 R
0 3 0 3 U
0 4 0 4 U
0 5 0 5 U
0 6 0 6 D
0 7 0 7 D
0 8 0 8 D
0 9 0 9 L
0 10 0 10 L
0 11 0 11 L
1 0 1 6 D
1 1 0 10 L
1 2 1 7 D
1 3 0 9 L
1 4 1 0 R
1 5 0 1 R
1 6 0 3 U
1 7 0 5 U
1 8 2 0 R
1 9 0 6 D
1 10 0 4 U
1 11 3 1 R
2 0 0 9 L
2 1 0 3 U
2 2 0 5 U
2 3 0 2 R
2 4 0 8 D
2 5 0 11 L
2 6 0 10 L
2 7 2 3 U
2 8 2 8 D
2 9 0 3 U
2 10 0 0 R
2 11 3 11 L
3 0 0 4 U
3 1 2 1 R
3 2 0 11 L
3 3 0 6 D
3 4 2 4 U
3 5 5 10 L
3 6 0 2 R
3 7 3 7 D
3 8 4 3 U
3 9 0 7 D
3 10 3 10 L
3 11 3 3 U
4 0 3 7 D
4 1 0 7 D
4 2 4 2 R
4 3 0 7 D
4 4 0 10 L
4 5 4 5 U
4 6 3 9 L
4 7 0 9 L
4 8 5 8 D
4 9 0 2 R
4 10 4 3 U
4 11 7 5 U
5 0 3 6 D
5 1 1 1 R
5 2 7 9 L
5 3 0 10 L
5 4 1 4 U
5 5 0 6 D
5 6 0 1 R
5 7 0 4 U
5 8 1 0 R
5 9 1 9 L
5 10 0 8 D
5 11 0 4 U
6 0 0 6 D
6 1 1 9 L
6 2 8 2 R
6 3 4 10 L
6 4 0 0 R
6 5 5 5 U
6 6 2 6 D
6 7 0 11 L
6 8 1 8 D
6 9 2 4 U
6 10 5 10 L
6 11 6 11 L
7 0 3 3 U
7 1 3 1 R
7 2 6 2 R
7 3 2 3 U
7 4 7 11 L
7 5 3 5 U
7 6 2 10 L
7 7 6 7 D
7 8 5 0 R
7 9 6 9 L
7 10 0 5 U
7 11 2 3 U
8 0 7 0 R
8 1 5 1 R
8 2 5 2 R
8 3 6 10 L
8 4 1 6 D
8 5 12 1 R
8 6 0 0 R
8 7 9 7 D
8 8 6 8 D
8 9 6 3 U
8 10 6 8 D
8 11 2 11 L
9 0 8 7 D
9 1 4 1 R
9 2 0 7 D
9 3 7 9 L
9 4 9 4 U
9 5 13 5 U
9 6 7 6 D
9 7 4 10 L
9 8 7 1 R
9 9 0 8 D
9 10 5 4 U
9 11 7 3 U
10 0 2 3 U
10 1 0 8 D
10 2 7 2 R
10 3 6 3 U
10 4 8 4 U
10 5 9 7 D
10 6 9 1 R
10 7 10 9 L
10 8 3 0 R
10 9 8 6 D
10 10 6 3 U
10 11 11 11 L
11 0 7 7 D
11 1 0 5 U
11 2 10 2 R
11 3 8 3 U
11 4 2 10 L
11 5 10 7 D
11 6 10 1 R
11 7 8 5 U
11 8 0 2 R
11 9 4 9 L
11 10 3 4 U
11 11 12 4 U
12 0 14 0 R
12 1 13 1 R
12 2 1 6 D
12 3 9 3 U
12 4 10 4 U
12 5 15 5 U
12 6 10 6 D
12 7 8 7 D
12 8 4 8 D
12 9 5 9 L
12 10 8 3 U
12 11 0 0 R
13 0 0 3 U
13 1 11 3 U
13 2 9 2 R
13 3 9 9 L
13 4 8 0 R
13 6 3 10 L
13 7 13 7 D
13 8 7 8 D
13 9 3 8 D
13 10 6 6 D
13 11 12 11 L
14 0 6 5 U
14 1 9 1 R
14 2 8 4 U
14 3 8 6 D
14 4 6 7 D
14 6 13 1 R
14 7 12 7 D
14 8 7 0 R
14 9 10 9 L
14 10 6 5 U
14 11 10 11 L
15 0 2 8 D
15 2 11 2 R
15 3 6 9 L
15 4 13 9 L
15 6 8 11 L
15 7 4 0 R
15 9 14 6 D
15 10 15 5 U

