20 15 257
15 18 7 0 0 0 18 0 0 8
4 8 5 0 6 0 0 13 18 0
15 0 17 0 19 13 9 17 0 16
0 15 19 0 11 0 12 15 7 14
0 3 0 0 16 0 18 1 0 0
0 8 0 0 17 7 0 5 0 0
0 9 0 13 15 14 0 16 0 16
15 10 1 0 0 0 17 0 6 0
9 0 0 0 0 16 0 18 0 2
0 5 0 7 2 4 7 7 6 0
0 0 0 0 D
0 1 0 1 D
0 2 0 2 D
0 3 0 3 R
0 4 0 4 R
0 5 0 5 R
0 6 0 6 R
0 7 0 7 U
0 8 0 8 U
0 9 0 9 U
0 10 0 10 U
0 11 0 11 L
0 12 0 12 L
0 13 0 13 L
0 14 0 14 L
1 0 11 0 D
1 1 4 11 L
1 2 9 2 D
1 3 6 0 D
1 4 5 2 D
1 5 10 10 U
1 6 12 6 R
1 7 0 12 L
1 8 14 14 L
1 9 2 9 U
1 10 14 10 U
1 11 0 3 R
1 12 4 10 U
1 13 6 8 U
1 14 12 2 D
2 0 10 14 L
2 1 1 1 D
2 2 0 6 R
2 3 3 3 R
2 4 9 7 U
2 5 16 7 U
2 6 1 6 R
2 7 10 3 R
2 8 12 6 R
2 9 14 3 R
2 10 16 13 L
2 11 18 11 L
2 12 5 8 U
2 13 4 13 L
2 14 13 14 L
3 0 11 3 R
3 1 0 4 R
3 2 7 14 L
3 3 16 1 D
3 4 2 12 L
3 5 10 5 R
3 6 2 6 R
3 7 2 4 R
3 8 0 4 R
3 9 7 6 R
3 10 5 6 R
3 11 1 9 U
3 12 2 12 L
3 13 5 13 L
3 14 8 7 U
4 0 0 3 R
4 1 8 1 D
4 2 9 3 R
4 3 0 7 U
4 4 0 9 U
4 5 1 2 D
4 6 3 6 R
4 7 10 4 R
4 8 0 0 D
4 9 9 1 D
4 10 3 10 U
4 11 16 4 R
4 12 0 8 U
4 13 8 8 U
4 14 0 1 D
5 0 11 4 R
5 1 3 14 L
5 2 15 4 R
5 3 1 7 U
5 4 14 8 U
5 5 3 5 R
5 6 10 6 R
5 7 0 3 R
5 8 1 12 L
5 9 13 13 L
5 11 0 0 D
5 12 2 7 U
5 13 15 10 U
5 14 4 8 U
6 0 0 11 L
6 1 2 3 R
6 2 8 2 D
6 3 0 0 D
6 4 9 0 D
6 5 5 0 D
6 6 12 14 L
6 7 9 6 R
6 8 16 3 R
6 9 12 13 L
6 11 11 7 U
6 12 7 12 L
6 13 9 9 U
6 14 5 14 L
7 0 10 11 L
7 1 3 4 R
7 2 16 9 U
7 3 10 3 R
7 4 4 8 U
7 5 13 8 U
7 6 1 8 U
7 7 4 4 R
7 8 3 4 R
7 9 6 4 R
7 11 13 9 U
7 12 0 6 R
7 13 5 8 U
7 14 13 0 D
8 0 16 12 L
8 1 0 7 U
8 2 0 12 L
8 3 11 8 U
8 4 11 11 L
8 6 15 2 D
8 7 13 11 L
8 8 1 8 U
8 9 16 9 U
8 10 6 10 U
8 11 3 7 U
8 12 4 12 L
8 13 0 0 D
8 14 1 5 R
9 0 10 7 U
9 1 2 1 D
9 2 4 3 R
9 3 6 2 D
9 4 8 9 U
9 5 15 5 R
9 6 6 1 D
9 7 0 1 D
9 8 1 8 U
9 9 15 2 D
9 11 2 9 U
9 12 10 3 R
9 14 12 6 R
10 0 9 3 R
10 1 11 4 R
10 2 13 6 R
10 3 15 13 L
10 4 12 4 R
10 6 4 9 U
10 7 0 5 R
10 8 2 11 L
10 9 12 6 R
10 11 2 11 L
10 12 0 7 U
10 13 16 1 D
10 14 6 2 D
11 0 8 3 R
11 1 7 12 L
11 2 7 11 L
11 3 10 3 R
11 4 14 4 R
11 6 0 11 L
11 7 16 13 L
11 8 8 5 R
11 9 2 13 L
11 12 4 9 U
11 13 6 9 U
11 14 14 9 U
12 0 2 6 R
12 1 6 13 L
12 3 15 0 D
12 4 7 8 U
12 5 3 5 R
12 6 5 6 R
12 7 4 14 L
12 8 8 11 L
12 9 4 4 R
12 11 14 1 D
12 12 17 0 D
12 13 3 6 R
12 14 5 14 L
13 0 0 13 L
13 1 0 14 L
13 2 6 5 R
13 3 0 1 D
13 4 14 1 D
13 5 8 5 R
13 6 12 6 R
13 7 10 5 R
13 8 18 5 R
13 9 5 12 L
13 11 0 9 U
13 12 1 12 L
13 14 5 14 L
14 0 11 12 L
14 1 11 11 L
14 2 6 2 D
14 3 7 7 U
14 4 4 2 D
14 5 11 0 D
14 6 4 10 U
14 7 16 0 D
14 8 6 11 L
14 9 3 5 R
14 11 5 2 D
14 12 3 2 D
14 14 2 14 L
15 0 1 0 D
15 1 19 11 L
15 2 2 11 L
15 3 3 2 D
15 4 0 11 L
15 5 14 2 D
15 6 0 7 U
15 7 9 0 D
15 8 10 1 D
15 9 13 12 L
15 10 11 3 R
15 11 1 7 U
15 12 0 4 R
15 13 0 5 R
15 14 0 2 D
16 0 0 5 R
16 1 17 12 L
16 2 17 12 L
16 3 15 1 D
16 4 0 14 L
16 5 14 1 D
16 6 17 9 U
16 7 11 12 L
16 9 4 9 U
16 11 7 0 D
16 12 13 4 R
16 14 4 14 L
17 0 5 5 R
17 1 7 7 U
17 3 14 8 U
17 4 2 4 R
17 5 12 9 U
17 6 18 9 U
17 7 12 3 R
17 8 18 13 L
17 11 1 2 D
17 12 13 1 D
18 0 1 0 D
18 1 4 3 R
18 3 14 7 U
18 4 8 2 D
18 6 0 12 L
18 7 1 0 D
18 11 16 2 D
18 12 6 1 D
18 14 17 14 L
19 1 3 3 R
19 3 9 7 U
19 12 12 12 L

