20 14 243
14 0 0 0 0 0 0 0 0 0 9 0 0 16 0 0
0 0 0 12 0 0 0 0 0 0 10 0 0 0 0 0
15 0 16 0 0 0 0 0 0 0 0 0 0 17 0 0
0 12 16 0 0 0 0 19 0 0 11 0 0 0 0 18
0 7 0 9 19 0 0 5 12 15 0 13 0 14 17 16
3 0 0 7 6 0 7 0 7 0 0 0 6 12 0 4
1 0 18 0 0 0 0 0 0 0 0 2 17 0 11 13
6 11 15 0 0 14 16 0 0 11 0 0 18 16 2 0
11 0 0 0 6 0 7 17 0 0 0 0 0 0 0 19
0 0 12 2 8 10 0 16 11 0 0 15 0 0 0 0
0 0 0 0 0 0 9 8 0 17 0 0 0 15 3 18
14 0 0 0 0 0 0 0 0 0 0 0 0 17 0 11
0 9 0 0 0 11 7 0 0 0 4 2 0 19 0 13
0 11 0 0 0 0 0 0 0 0 7 0 0 0 0 0
0 0 0 0 0 7 13 0 0 0 0 9 0 0 0 14
0 0 0 0 0 0 0 0 0 0 0 6 0 0 0 3
0 0 0 0 U
0 1 0 1 U
0 2 0 2 U
0 3 0 3 R
0 4 0 4 R
0 5 0 5 R
0 6 0 6 R
0 7 0 7 D
0 8 0 8 D
0 9 0 9 D
0 10 0 10 L
0 11 0 11 L
0 12 0 12 L
0 13 0 13 L
1 0 8 11 L
1 1 6 11 L
1 2 5 4 R
1 3 4 9 D
1 4 7 11 L
1 5 11 0 U
1 6 4 6 R
1 7 10 11 L
1 8 8 12 L
1 9 3 12 L
1 10 5 10 L
1 11 8 7 D
1 12 3 9 D
1 13 8 1 U
2 0 0 11 L
2 1 10 10 L
2 2 0 10 L
2 3 6 7 D
2 4 10 0 U
2 5 4 5 R
2 7 3 12 L
2 8 11 10 L
2 9 10 12 L
2 10 5 4 R
2 11 4 9 D
2 12 1 9 D
3 0 11 11 L
3 1 6 3 R
3 2 1 4 R
3 3 12 2 U
3 4 1 2 U
3 5 7 5 R
3 6 12 2 U
3 7 9 7 D
3 8 9 3 R
3 9 11 9 D
3 10 1 9 D
3 11 4 1 U
3 12 13 1 U
4 0 7 3 R
4 1 15 11 L
4 2 6 4 R
4 3 15 8 D
4 4 6 4 R
4 5 5 7 D
4 6 1 6 R
4 7 16 7 D
4 8 2 8 D
4 9 13 9 D
4 10 0 0 U
4 11 9 11 L
4 12 5 9 D
4 13 7 13 L
5 0 15 10 L
5 1 3 1 U
5 2 12 13 L
5 3 2 1 U
5 4 4 9 D
5 5 0 2 U
5 6 6 6 R
5 7 11 10 L
5 8 0 1 U
5 9 10 10 L
5 10 9 8 D
5 11 14 9 D
5 12 9 4 R
6 0 5 4 R
6 1 0 9 D
6 2 0 4 R
6 3 12 8 D
6 4 7 4 R
6 5 15 8 D
6 6 5 6 R
6 7 9 4 R
6 8 7 5 R
6 9 5 9 D
6 10 0 7 D
6 11 14 7 D
6 12 5 12 L
7 0 0 5 R
7 1 6 6 R
7 2 1 3 R
7 3 0 13 L
7 4 0 10 L
7 5 4 5 R
7 6 6 6 R
7 7 8 3 R
7 8 3 6 R
7 9 13 10 L
7 10 0 1 U
7 11 3 0 U
7 12 6 2 U
7 13 3 1 U
8 0 15 5 R
8 1 1 11 L
8 2 3 3 R
8 3 10 1 U
8 4 17 2 U
8 5 14 10 L
8 6 1 2 U
8 7 9 7 D
8 8 0 4 R
8 9 0 5 R
8 10 0 4 R
8 11 4 0 U
8 12 4 12 L
9 0 15 12 L
9 1 11 6 R
9 2 4 2 U
9 3 0 7 D
9 4 7 1 U
9 5 2 8 D
9 6 6 6 R
9 7 0 3 R
9 8 0 0 U
9 9 10 4 R
9 10 0 2 U
9 11 10 11 L
9 12 11 8 D
10 0 3 0 U
10 1 7 11 L
10 2 3 2 U
10 3 14 3 R
10 4 0 0 U
10 5 7 5 R
10 6 2 1 U
10 7 0 10 L
10 8 3 10 L
10 9 9 5 R
10 10 7 0 U
10 11 6 2 U
10 12 16 2 U
10 13 11 13 L
11 0 6 3 R
11 1 0 6 R
11 2 9 2 U
11 3 2 0 U
11 4 5 0 U
11 5 14 5 R
11 6 1 0 U
11 7 0 2 U
11 8 13 10 L
11 9 13 4 R
11 10 14 1 U
11 11 0 3 R
11 12 0 9 D
12 0 13 3 R
12 1 16 4 R
12 2 2 2 U
12 3 2 10 L
12 4 5 10 L
12 5 0 8 D
12 6 9 9 D
12 7 5 13 L
12 8 15 0 U
12 9 8 11 L
12 10 11 7 D
12 11 8 3 R
12 12 13 9 D
13 0 16 5 R
13 1 12 4 R
13 2 6 12 L
13 3 5 8 D
13 4 18 2 U
13 5 1 5 R
13 6 0 12 L
13 7 0 13 L
13 8 3 8 D
13 9 14 11 L
13 10 0 8 D
13 11 1 1 U
13 12 3 12 L
13 13 7 9 D
14 0 8 6 R
14 1 2 3 R
14 2 0 3 R
14 3 5 1 U
14 4 12 12 L
14 5 4 5 R
14 6 8 6 R
14 7 4 11 L
14 8 0 11 L
14 9 8 9 D
14 10 4 10 L
14 11 1 11 L
14 12 11 4 R
14 13 0 1 U
15 0 8 0 U
15 1 11 9 D
15 2 4 2 U
15 3 2 7 D
15 4 12 4 R
15 5 7 8 D
15 7 9 7 D
15 8 10 8 D
15 9 4 4 R
15 10 6 8 D
15 11 4 8 D
15 12 10 2 U
16 0 9 11 L
16 1 3 5 R
16 2 3 12 L
16 4 6 9 D
16 5 4 5 R
16 7 6 7 D
16 8 12 3 R
16 9 11 3 R
16 10 10 10 L
16 11 5 11 L
16 12 13 8 D
17 0 15 9 D
17 2 15 11 L
17 4 16 4 R
17 5 18 10 L
17 7 2 12 L
17 8 11 11 L
17 9 5 1 U
17 10 12 7 D
17 11 16 0 U
18 5 13 11 L
18 7 8 12 L
18 8 9 8 D
18 9 12 11 L
18 10 5 10 L
18 11 9 1 U
19 5 9 5 R
19 7 9 12 L
19 8 17 8 D
19 10 12 5 R

