5 4 16
0 4 0 0 0 4 0 0 0 4 0 0 0 1 0
1 3 0 0 2 3 0 0 2 3 0 0 2 2 0
1 4 0 0 2 4 0 0 2 4 0 0 2 1 0
1 3 0 0 2 3 0 0 2 3 0 0 2 2 0
1 4 0 0 2 4 0 0 2 4 0 0 2 1 0
1 3 0 0 2 3 0 0 2 3 0 0 2 2 0
1 4 0 0 2 4 0 0 2 4 0 0 2 1 0
1 3 0 0 2 3 0 0 2 3 0 0 2 2 0
1 4 0 0 2 4 0 0 2 4 0 0 2 1 0
1 3 0 0 2 3 0 0 2 3 0 0 2 2 0
1 4 0 0 2 4 0 0 2 4 0 0 2 1 0
1 3 0 0 2 3 0 0 2 3 0 0 2 2 0
1 4 0 0 2 4 0 0 2 4 0 0 2 1 0
1 3 0 0 2 3 0 0 2 3 0 3 1 2 0
1 0 0 0 2 0 0 0 2 0 0 3 1 0 0
0 0 0 0 R
0 1 0 1 U
0 2 0 2 D
0 3 0 3 L
1 0 0 2 D
1 1 0 0 R
1 2 0 0 R
1 3 0 2 D
2 0 1 1 U
2 1 1 3 L
2 2 0 3 L
2 3 0 1 U
3 0 0 1 U
3 1 0 3 L
3 2 2 3 L
4 0 1 2 D

