12 10 101
0 0 0 1 0 0 4 0 0 0 0 0 7 0 0 0 7 0 0
0 0 2 0 0 2 7 4 0 0 0 10 0 0 0 0 11 0 0
0 0 1 0 0 1 0 0 0 0 0 0 0 0 0 0 2 0 0
1 0 0 0 0 0 0 2 1 0 0 0 0 0 0 0 8 0 0
0 0 0 1 0 0 0 0 0 0 0 0 0 0 0 0 0 0 0
0 0 4 11 0 0 0 6 0 0 0 1 0 0 0 0 2 0 0
0 0 1 0 0 5 6 0 7 0 0 0 0 2 3 0 3 0 0
0 0 0 0 0 0 0 0 0 0 0 0 0 0 2 0 2 0 0
0 0 0 0 0 0 0 0 7 0 0 0 7 7 0 0 0 7 0
0 0 0 0 0 0 2 7 0 0 0 0 0 0 0 0 0 0 0
0 0 0 0 0 0 10 8 0 0 0 9 0 0 0 0 0 7 6
0 0 0 0 6 0 1 0 10 0 0 0 0 0 0 0 8 10 0
4 0 0 0 4 0 0 0 3 0 0 0 0 4 0 0 0 0 0
0 0 0 0 0 0 8 0 9 0 10 0 9 0 0 0 0 0 0
0 0 0 0 0 0 0 3 0 0 1 0 0 0 0 0 0 0 0
0 0 0 0 0 0 0 8 0 0 0 8 0 0 0 0 0 0 0
0 0 10 0 0 0 3 0 10 0 0 0 1 0 6 0 0 0 0
0 0 0 0 0 0 0 0 0 0 0 0 0 0 0 0 0 0 0
0 0 1 0 0 0 0 1 3 0 3 0 0 0 0 0 0 0 0
0 0 0 0 R
0 1 0 1 R
0 2 0 2 U
0 3 0 3 U
0 4 0 4 U
0 5 0 5 U
0 6 0 6 D
0 7 0 7 D
0 8 0 8 L
0 9 0 9 L
1 0 0 2 U
1 1 0 3 U
1 2 0 8 L
1 3 0 6 D
1 4 1 9 L
1 5 3 0 R
1 6 0 0 R
1 7 0 1 R
1 8 0 2 U
1 9 1 2 U
2 0 0 7 D
2 1 0 4 U
2 2 0 0 R
2 3 5 0 R
2 4 1 4 U
2 5 3 5 U
2 6 2 8 L
2 7 0 2 U
2 8 0 1 R
2 9 1 9 L
3 0 3 7 D
3 1 1 7 D
3 2 1 8 L
3 3 6 3 U
3 4 7 0 R
3 5 2 5 U
3 6 2 6 D
3 7 0 9 L
3 8 1 6 D
3 9 0 5 U
4 0 0 5 U
4 1 3 1 R
4 2 0 7 D
4 3 3 8 L
4 4 3 1 R
4 5 4 9 L
4 6 4 8 L
4 7 3 9 L
4 8 1 3 U
4 9 0 2 U
5 0 4 6 D
5 1 3 2 U
5 2 5 8 L
5 3 2 3 U
5 5 2 0 R
5 6 2 0 R
5 7 8 1 R
5 8 5 3 U
5 9 4 9 L
6 0 1 0 R
6 1 0 8 L
6 2 0 1 R
6 3 11 8 L
6 5 8 5 U
6 6 6 0 R
6 7 2 7 D
6 8 6 8 L
6 9 5 6 D
7 0 5 0 R
7 1 1 1 R
7 2 0 9 L
7 3 7 3 U
7 6 1 8 L
7 7 0 8 L
7 8 0 6 D
7 9 0 7 D
8 0 6 0 R
8 1 0 9 L
8 2 2 8 L
8 3 5 3 U
8 6 0 3 U
8 7 1 7 D
8 8 7 3 U
8 9 0 4 U
9 0 5 6 D
9 1 0 7 D
9 2 5 2 U
9 6 6 1 R
9 8 9 8 L
9 9 7 2 U
10 0 1 2 U
10 1 8 1 R
10 2 11 1 R
10 6 5 6 D
10 8 3 5 U
10 9 2 7 D
11 0 9 4 U
11 1 9 7 D
11 6 4 0 R
11 8 11 3 U
11 9 6 7 D

