9 7 49
7 0 0 0 0 0 0 0 0 0 0 0 0 0 0 0 5
3 0 0 0 0 0 0 0 0 0 0 0 0 0 0 0 5
6 0 0 0 0 0 0 0 0 0 0 0 0 0 0 0 7
3 0 0 0 0 0 0 0 0 0 0 0 0 0 0 0 0
0 0 0 0 0 0 0 0 0 0 0 0 0 0 0 0 0
7 0 6 3 0 0 0 0 0 0 0 0 0 0 0 0 0
0 0 0 0 0 0 0 0 0 0 0 0 0 0 0 0 0
0 0 0 0 0 0 0 0 0 0 0 0 0 0 0 0 0
0 0 0 0 0 0 0 0 0 0 0 0 0 0 0 0 0
0 0 0 0 0 0 0 0 0 0 0 0 0 0 0 0 0
0 0 0 5 0 0 0 0 0 0 0 3 0 0 0 0 0
5 0 0 0 2 0 0 0 0 0 0 4 0 0 0 0 0
6 0 0 0 0 0 0 0 5 5 0 0 0 0 0 0 0
5 6 0 0 0 0 6 0 0 0 0 0 0 0 0 0 0
0 4 8 0 2 0 4 0 0 0 0 0 0 5 0 0 0
6 4 0 3 0 0 0 0 0 0 0 0 5 0 0 0 0
3 0 0 0 0 0 0 0 0 0 0 0 0 0 0 0 5
0 0 0 0 L
0 1 0 1 L
0 2 0 2 R
0 3 0 3 D
0 4 0 4 D
0 5 0 5 U
0 6 0 6 U
1 0 2 0 L
1 2 0 5 U
1 3 2 3 D
1 4 3 4 D
1 5 4 5 U
1 6 3 2 R
2 0 0 5 U
2 1 4 6 U
2 2 4 5 U
2 3 4 3 D
2 4 1 4 D
2 5 0 2 R
2 6 5 6 U
3 0 0 3 D
3 2 1 2 R
3 3 2 2 R
3 4 2 4 D
3 5 0 0 L
3 6 2 6 U
4 0 0 6 U
4 2 1 1 L
4 3 0 2 R
4 4 3 4 D
4 5 3 2 R
4 6 1 6 U
5 0 6 4 D
5 2 0 0 L
5 3 1 3 D
5 4 4 2 R
5 5 3 5 U
5 6 2 6 U
6 0 1 6 U
6 2 0 3 D
6 3 7 2 R
6 5 8 2 R
6 6 0 3 D
7 0 5 5 U
7 2 5 0 L
7 3 5 3 D
7 6 5 2 R
8 0 4 4 D
8 3 0 0 L

