9 9 63
7 0 0 0 0 0 0 0 0 0 0 0 5 0 6
0 0 0 0 0 0 1 0 5 7 0 4 0 0 0
0 0 2 4 0 0 0 1 2 0 0 7 0 0 0
0 0 3 0 3 4 0 4 0 0 0 0 0 0 3
3 0 0 0 0 0 0 0 0 3 0 0 0 0 2
0 0 0 4 0 0 0 0 2 0 0 0 0 3 0
2 0 0 0 0 0 0 0 0 0 0 4 0 7 0
0 0 7 0 0 0 0 0 0 0 0 0 0 1 5
0 0 0 3 4 0 0 0 0 0 0 0 5 0 0
0 1 2 4 0 0 0 0 0 2 0 7 0 5 0
0 2 0 0 0 5 6 4 0 0 0 0 0 0 0
0 0 0 3 0 0 4 0 0 0 0 0 3 0 0
0 0 0 0 2 0 0 4 0 0 0 6 0 0 0
0 0 0 0 2 0 0 0 0 0 0 0 0 0 0
2 0 2 0 0 0 0 0 2 0 0 0 0 0 0
0 0 0 0 D
0 1 0 1 D
0 2 0 2 R
0 3 0 3 R
0 4 0 4 U
0 5 0 5 U
0 6 0 6 L
0 7 0 7 L
0 8 0 8 L
1 0 0 3 R
1 1 0 7 L
1 2 6 1 D
1 3 0 8 L
1 4 2 0 D
1 5 0 6 L
1 6 0 0 D
1 7 0 3 R
1 8 0 1 D
2 0 0 4 U
2 1 0 2 R
2 2 0 5 U
2 3 0 1 D
2 4 1 6 L
2 5 0 3 R
2 6 4 0 D
2 7 8 0 D
2 8 0 4 U
3 0 1 0 D
3 1 2 1 D
3 2 0 4 U
3 3 2 3 R
3 4 0 8 L
3 5 1 5 U
3 6 1 4 U
3 7 2 4 U
3 8 4 8 L
4 0 1 2 R
4 1 3 5 U
4 2 3 2 R
4 3 0 0 D
4 4 0 2 R
4 5 1 2 R
4 6 3 6 L
4 7 5 7 L
5 0 2 4 U
5 1 6 4 U
5 2 2 5 U
5 3 3 4 U
5 4 4 7 L
5 5 0 7 L
5 6 2 0 D
6 0 0 6 L
6 1 0 8 L
6 2 1 0 D
6 4 3 4 U
6 5 5 6 L
6 6 0 5 U
7 0 0 7 L
7 1 6 2 R
7 4 1 1 D
7 5 0 1 D
7 6 6 1 D
8 4 1 3 R

