34 37 1145
2 0 22 0 5 0 25 7 13 13 33 0 12 1 10 25 0 11
15 0 29 0 0 9 0 16 30 25 32 0 16 17 29 0 6 9
17 21 28 0 17 26 27 0 23 28 0 27 0 30 0 7 7 8
25 27 0 0 0 0 30 0 25 29 0 0 0 25 29 28 27 26
20 28 0 28 0 3 5 0 27 31 27 3 8 0 0 0 32 1
26 29 28 32 0 0 0 0 32 31 0 0 0 0 0 0 32 29
25 30 31 0 31 11 20 5 0 0 14 13 13 0 18 32 3 16
23 28 0 24 26 0 32 25 20 5 20 0 2 0 16 32 10 2
0 25 0 0 32 0 0 26 30 17 0 29 12 0 31 0 31 19
23 24 31 31 0 32 32 0 29 30 0 0 28 22 0 22 13 0
31 24 22 27 31 0 32 27 0 26 25 24 0 18 0 0 1 3
23 0 30 31 32 0 0 28 0 0 27 0 0 0 0 31 24 23
2 30 8 14 18 0 32 22 4 12 4 18 29 18 32 5 9 3
0 9 26 15 17 0 0 21 31 22 0 21 7 0 31 23 22 21
23 11 17 16 0 15 0 0 14 0 0 13 0 26 11 6 6 2
20 0 10 28 16 18 17 0 31 0 0 32 32 24 0 3 11 11
0 2 17 27 14 20 0 26 0 2 15 0 21 22 18 0 0 21
10 6 0 26 11 15 31 0 15 0 9 30 31 0 19 32 31 17
0 0 0 0 L
0 1 0 1 L
0 2 0 2 L
0 3 0 3 L
0 4 0 4 L
0 5 0 5 L
0 6 0 6 L
0 7 0 7 L
0 8 0 8 L
0 9 0 9 L
0 10 0 10 R
0 11 0 11 R
0 12 0 12 R
0 13 0 13 R
0 14 0 14 R
0 15 0 15 R
0 16 0 16 R
0 17 0 17 R
0 18 0 18 R
0 19 0 19 R
0 20 0 20 D
0 21 0 21 D
0 22 0 22 D
0 23 0 23 D
0 24 0 24 D
0 25 0 25 D
0 26 0 26 D
0 27 0 27 D
0 28 0 28 D
0 29 0 29 U
0 30 0 30 U
0 31 0 31 U
0 32 0 32 U
0 33 0 33 U
0 34 0 34 U
0 35 0 35 U
0 36 0 36 U
1 0 0 20 D
1 1 0 30 U
1 2 0 32 U
1 3 0 23 D
1 4 0 33 U
1 5 1 26 D
1 6 2 36 U
1 7 0 28 D
1 8 5 33 U
1 9 9 14 R
1 10 0 0 L
1 11 0 21 D
1 12 0 1 L
1 13 0 24 D
1 14 0 5 L
1 15 0 3 L
1 16 1 5 L
1 17 4 5 L
1 18 0 6 L
1 19 5 24 D
1 20 0 29 U
1 21 0 10 R
1 22 1 11 R
1 23 0 12 R
1 24 0 3 L
1 25 0 4 L
1 26 0 13 R
1 27 1 14 R
1 28 2 18 R
1 29 0 10 R
1 30 1 0 L
1 31 2 12 R
1 32 0 21 D
1 33 0 13 R
1 34 1 13 R
1 35 0 25 D
1 36 3 15 R
2 0 0 11 R
2 1 1 22 D
2 2 0 30 U
2 3 0 24 D
2 4 3 4 L
2 5 1 5 L
2 6 3 6 L
2 7 1 23 D
2 8 3 8 L
2 9 4 33 U
2 10 1 10 R
2 11 2 20 D
2 12 3 22 D
2 13 3 25 D
2 14 2 14 R
2 15 3 34 U
2 16 2 35 U
2 17 5 17 R
2 18 5 18 R
2 19 7 19 R
2 20 1 20 D
2 21 2 10 R
2 22 2 22 D
2 23 2 31 U
2 24 0 33 U
2 25 3 25 D
2 26 2 26 D
2 27 2 27 D
2 28 4 28 D
2 29 0 1 L
2 30 1 30 U
2 31 2 31 U
2 32 2 32 U
2 33 0 3 L
2 34 2 34 U
2 35 1 35 U
2 36 3 36 U
3 0 0 31 U
3 1 0 21 D
3 2 3 2 L
3 3 0 27 D
3 4 1 4 L
3 5 0 34 U
3 6 0 26 D
3 7 4 35 U
3 8 5 8 L
3 9 5 9 L
3 10 0 29 U
3 11 0 2 L
3 12 2 23 D
3 13 0 34 U
3 14 0 35 U
3 15 2 15 R
3 16 5 16 R
3 17 1 17 R
3 18 4 18 R
3 19 8 19 R
3 20 0 1 L
3 21 0 11 R
3 22 0 2 L
3 23 1 23 D
3 24 2 6 L
3 25 3 4 L
3 26 1 15 R
3 27 1 27 D
3 28 3 28 D
3 29 0 0 L
3 30 0 11 R
3 31 1 31 U
3 32 1 32 U
3 33 1 14 R
3 34 0 24 D
3 35 3 12 R
3 36 0 0 L
4 0 3 31 U
4 1 1 32 U
4 2 0 20 D
4 3 4 32 U
4 4 4 29 U
4 5 0 29 U
4 6 1 6 L
4 7 4 7 L
4 8 7 27 D
4 9 9 9 L
4 10 3 10 R
4 11 3 33 U
4 12 3 36 U
4 13 0 2 L
4 14 5 29 U
4 15 9 33 U
4 16 1 16 R
4 17 2 17 R
4 18 4 21 D
4 19 9 19 R
4 20 0 0 L
4 21 0 7 L
4 22 5 10 R
4 23 2 23 D
4 24 1 2 L
4 25 2 14 R
4 26 0 30 U
4 27 4 7 L
4 28 0 8 L
4 29 0 20 D
4 30 0 17 R
4 31 1 16 R
4 32 0 2 L
4 33 5 6 L
4 34 0 16 R
4 35 5 35 U
4 36 2 36 U
5 0 4 22 D
5 1 2 1 L
5 2 2 2 L
5 3 4 3 L
5 4 5 4 L
5 5 2 25 D
5 6 2 30 U
5 7 3 7 L
5 8 8 8 L
5 9 8 9 L
5 10 1 34 U
5 11 3 11 R
5 12 0 27 D
5 13 3 13 R
5 14 4 14 R
5 15 1 15 R
5 16 4 16 R
5 17 0 28 D
5 18 3 18 R
5 19 5 19 R
5 20 0 5 L
5 21 4 21 D
5 22 0 18 R
5 23 3 23 D
5 24 2 11 R
5 25 1 29 U
5 26 4 26 D
5 27 0 10 R
5 28 8 10 R
5 29 2 1 L
5 30 1 6 L
5 31 3 31 U
5 32 5 10 R
5 33 6 10 R
5 34 3 16 R
5 35 3 35 U
5 36 5 36 U
6 0 0 22 D
6 1 1 17 R
6 2 5 23 D
6 3 4 30 U
6 4 2 36 U
6 5 4 27 D
6 6 3 32 U
6 7 6 7 L
6 8 9 8 L
6 9 6 9 L
6 10 2 35 U
6 11 3 20 D
6 12 0 33 U
6 13 8 13 R
6 14 8 14 R
6 15 6 15 R
6 16 0 20 D
6 17 6 17 R
6 18 0 4 L
6 19 10 29 U
6 20 4 1 L
6 21 4 4 L
6 22 5 22 D
6 23 6 1 L
6 24 8 24 D
6 25 5 25 D
6 26 8 19 R
6 27 5 27 D
6 28 8 28 D
6 29 5 17 R
6 30 6 12 R
6 31 2 2 L
6 32 8 14 R
6 33 6 33 U
6 34 6 34 U
6 35 0 7 L
6 36 5 11 R
7 0 6 34 U
7 1 7 27 D
7 2 3 23 D
7 3 2 3 L
7 4 6 29 U
7 5 7 23 D
7 6 4 6 L
7 7 0 35 U
7 8 9 24 D
7 9 3 35 U
7 10 2 28 D
7 11 0 29 U
7 12 0 7 L
7 13 3 20 D
7 14 7 14 R
7 15 7 15 R
7 16 2 16 R
7 17 0 31 U
7 18 7 18 R
7 19 3 19 R
7 20 8 2 L
7 21 7 16 R
7 22 0 31 U
7 23 6 13 R
7 24 5 24 D
7 25 7 25 D
7 26 7 26 D
7 27 6 27 D
7 28 10 28 D
7 29 8 29 U
7 30 6 30 U
7 31 4 18 R
7 32 4 32 U
7 33 0 23 D
7 34 7 34 U
7 35 2 11 R
7 36 9 15 R
8 0 0 25 D
8 1 6 1 L
8 2 7 27 D
8 3 8 20 D
8 4 0 31 U
8 5 8 5 L
8 6 5 6 L
8 7 5 31 U
8 8 2 8 L
8 9 4 9 L
8 10 8 10 R
8 11 6 11 R
8 12 8 29 U
8 13 5 13 R
8 14 3 21 D
8 15 9 26 D
8 16 13 20 D
8 17 9 8 L
8 18 7 29 U
8 19 6 19 R
8 20 2 3 L
8 21 6 2 L
8 22 8 22 D
8 23 0 6 L
8 24 3 9 L
8 25 8 13 R
8 26 9 26 D
8 27 7 35 U
8 28 20 12 R
8 29 9 15 R
8 30 7 30 U
8 31 0 6 L
8 32 7 32 U
8 33 4 23 D
8 34 5 34 U
8 35 6 18 R
8 36 11 12 R
9 0 1 25 D
9 1 6 21 D
9 2 7 29 U
9 3 1 21 D
9 4 0 34 U
9 5 7 5 L
9 6 5 32 U
9 7 2 7 L
9 8 6 8 L
9 9 6 24 D
9 10 0 22 D
9 11 4 22 D
9 12 9 12 R
9 13 7 13 R
9 14 8 33 U
9 15 10 33 U
9 16 14 16 R
9 17 11 32 U
9 18 0 30 U
9 19 10 19 R
9 20 0 4 L
9 21 7 4 L
9 22 3 14 R
9 23 7 9 L
9 24 7 15 R
9 25 6 25 D
9 26 6 10 R
9 27 0 2 L
9 28 22 28 D
9 29 0 5 L
9 30 8 30 U
9 31 4 17 R
9 32 8 8 L
9 33 7 15 R
9 34 0 12 R
9 35 4 9 L
9 36 10 36 U
10 0 7 32 U
10 1 10 28 D
10 2 3 36 U
10 3 12 29 U
10 4 12 23 D
10 5 9 30 U
10 6 9 33 U
10 7 7 23 D
10 8 9 31 U
10 9 7 9 L
10 10 10 10 R
10 11 9 20 D
10 12 12 24 D
10 13 9 2 L
10 14 11 24 D
10 15 10 15 R
10 16 11 29 U
10 17 13 17 R
10 18 10 9 L
10 19 4 8 L
10 20 8 8 L
10 21 13 13 R
10 22 4 9 L
10 23 3 13 R
10 24 9 1 L
10 25 5 0 L
10 26 10 26 D
10 27 7 27 D
10 28 19 28 D
10 29 0 22 D
10 30 9 19 R
10 31 3 5 L
10 32 8 19 R
10 33 3 24 D
10 34 7 11 R
10 35 9 19 R
10 36 7 36 U
11 0 6 0 L
11 1 6 26 D
11 2 5 33 U
11 3 14 3 L
11 4 12 21 D
11 5 5 27 D
11 6 15 25 D
11 7 11 7 L
11 8 10 27 D
11 9 7 26 D
11 10 9 25 D
11 11 5 11 R
11 12 12 6 L
11 13 12 13 R
11 14 11 14 R
11 15 4 20 D
11 16 17 16 R
11 17 12 17 R
11 18 29 18 R
11 19 0 20 D
11 20 12 20 D
11 21 11 17 R
11 22 14 11 R
11 23 10 23 D
11 24 3 10 R
11 25 9 7 L
11 26 3 11 R
11 27 7 19 R
11 28 21 28 D
11 29 1 8 L
11 30 13 18 R
11 31 12 3 L
11 32 0 25 D
11 33 3 3 L
11 34 3 34 U
11 35 12 35 U
11 36 9 36 U
12 0 8 36 U
12 1 2 35 U
12 2 12 2 L
12 3 9 31 U
12 4 11 4 L
12 5 10 30 U
12 6 15 6 L
12 7 10 7 L
12 8 9 29 U
12 9 10 20 D
12 10 13 26 D
12 11 11 11 R
12 12 14 12 R
12 13 11 13 R
12 14 6 2 L
12 15 0 21 D
12 16 15 16 R
12 17 10 4 L
12 18 8 7 L
12 19 0 8 L
12 20 5 5 L
12 21 4 0 L
12 22 14 13 R
12 23 4 23 D
12 24 15 6 L
12 25 13 12 R
12 26 3 36 U
12 27 9 27 D
12 28 16 28 D
12 29 0 9 L
12 30 10 30 U
12 31 3 3 L
12 32 11 17 R
12 33 15 33 U
12 34 10 2 L
12 35 14 16 R
12 36 11 36 U
13 0 11 34 U
13 1 14 22 D
13 2 13 2 L
13 3 0 11 R
13 4 8 21 D
13 5 14 5 L
13 6 14 6 L
13 7 7 7 L
13 8 9 30 U
13 9 10 9 L
13 10 0 32 U
13 11 14 30 U
13 12 13 12 R
13 13 11 20 D
13 14 15 14 R
13 15 4 15 R
13 16 3 26 D
13 17 9 9 L
13 18 15 24 D
13 19 11 22 D
13 20 11 10 R
13 21 12 11 R
13 22 13 22 D
13 23 0 0 L
13 24 4 2 L
13 25 11 12 R
13 26 12 26 D
13 27 12 19 R
13 28 15 16 R
13 29 3 19 R
13 30 11 30 U
13 31 5 15 R
13 32 10 32 U
13 33 15 15 R
13 34 4 34 U
13 35 14 35 U
13 36 11 15 R
14 0 12 30 U
14 1 11 22 D
14 2 3 24 D
14 3 8 3 L
14 4 8 22 D
14 5 13 5 L
14 6 13 6 L
14 7 13 21 D
14 8 7 34 U
14 9 9 21 D
14 10 5 33 U
14 11 4 11 R
14 12 12 12 R
14 13 6 31 U
14 14 14 14 R
14 15 10 24 D
14 16 7 16 R
14 17 0 29 U
14 18 22 18 R
14 19 12 19 R
14 20 7 20 D
14 21 2 7 L
14 22 11 13 R
14 23 11 23 D
14 24 14 10 R
14 25 15 25 D
14 26 10 35 U
14 27 13 27 D
14 28 17 28 D
14 29 10 17 R
14 30 14 17 R
14 31 14 31 U
14 32 0 1 L
14 33 14 33 U
14 34 11 34 U
14 35 8 35 U
14 36 13 15 R
15 0 11 32 U
15 1 15 31 U
15 2 10 31 U
15 3 15 3 L
15 4 2 4 L
15 5 3 5 L
15 6 0 12 R
15 7 11 21 D
15 8 12 27 D
15 9 16 27 D
15 10 14 10 R
15 11 12 21 D
15 12 14 25 D
15 13 2 24 D
15 14 6 14 R
15 15 18 30 U
15 16 19 16 R
15 17 8 23 D
15 18 31 18 R
15 19 1 19 R
15 20 0 17 R
15 21 1 4 L
15 22 11 22 D
15 23 12 1 L
15 24 13 14 R
15 25 10 25 D
15 26 11 26 D
15 27 14 27 D
15 28 21 12 R
15 29 11 14 R
15 30 17 0 L
15 31 13 31 U
15 32 8 32 U
15 33 10 33 U
15 34 9 5 L
15 35 13 12 R
15 36 15 36 U
16 0 11 25 D
16 1 10 35 U
16 2 15 29 U
16 3 10 29 U
16 4 12 33 U
16 5 17 23 D
16 6 13 26 D
16 7 12 7 L
16 8 12 8 L
16 9 17 9 L
16 10 16 10 R
16 11 16 11 R
16 12 16 12 R
16 13 17 13 R
16 14 0 3 L
16 15 18 15 R
16 16 22 20 D
16 17 17 22 D
16 18 26 18 R
16 19 12 20 D
16 20 10 0 L
16 21 17 14 R
16 22 2 6 L
16 23 18 11 R
16 24 12 3 L
16 25 9 25 D
16 26 14 26 D
16 27 10 12 R
16 28 20 28 D
16 29 2 6 L
16 30 15 12 R
16 31 17 26 D
16 32 15 32 U
16 33 13 33 U
16 34 3 14 R
16 35 15 35 U
16 36 16 36 U
17 0 1 20 D
17 1 15 23 D
17 2 13 32 U
17 3 15 30 U
17 4 16 4 L
17 5 0 14 R
17 6 16 6 L
17 7 16 30 U
17 8 16 30 U
17 9 18 9 L
17 10 1 0 L
17 11 16 24 D
17 12 17 30 U
17 13 18 34 U
17 14 10 21 D
17 15 5 2 L
17 16 22 16 R
17 17 16 17 R
17 18 27 18 R
17 19 0 29 U
17 20 14 2 L
17 21 12 5 L
17 22 10 22 D
17 23 17 23 D
17 24 17 9 L
17 25 15 14 R
17 26 16 11 R
17 27 8 8 L
17 28 0 31 U
17 29 13 4 L
17 30 16 1 L
17 31 16 31 U
17 32 14 16 R
17 33 15 10 R
17 34 18 34 U
17 35 16 35 U
17 36 17 36 U
18 0 16 31 U
18 1 5 1 L
18 2 17 25 D
18 3 16 22 D
18 4 12 4 L
18 5 18 5 L
18 6 12 32 U
18 7 16 34 U
18 8 15 27 D
18 9 3 9 L
18 10 17 29 U
18 11 15 21 D
18 12 5 30 U
18 13 16 13 R
18 14 0 36 U
18 15 19 15 R
18 16 21 16 R
18 17 9 24 D
18 19 18 19 R
18 20 15 11 R
18 21 18 17 R
18 22 18 14 R
18 23 18 23 D
18 24 17 24 D
18 25 18 12 R
18 26 19 35 U
18 27 18 27 D
18 28 14 28 D
18 29 17 10 R
18 30 0 8 L
18 31 17 31 U
18 32 13 32 U
18 33 8 20 D
18 34 16 6 L
18 35 16 22 D
18 36 1 36 U
19 0 13 28 D
19 1 17 1 L
19 2 18 2 L
19 3 11 3 L
19 4 20 20 D
19 5 17 5 L
19 6 19 6 L
19 7 17 7 L
19 8 12 26 D
19 9 17 24 D
19 10 16 34 U
19 11 0 9 L
19 12 17 21 D
19 13 16 20 D
19 14 19 14 R
19 15 16 2 L
19 16 16 16 R
19 17 20 17 R
19 19 16 19 R
19 20 12 15 R
19 21 18 13 R
19 22 9 7 L
19 23 17 12 R
19 24 14 34 U
19 25 18 25 D
19 26 6 26 D
19 27 18 32 U
19 28 23 28 D
19 29 7 10 R
19 30 19 11 R
19 31 19 11 R
19 32 0 20 D
19 33 20 33 U
19 34 18 15 R
19 35 20 35 U
19 36 12 11 R
20 0 22 0 L
20 1 19 20 D
20 2 2 33 U
20 3 5 3 L
20 4 15 4 L
20 5 19 36 U
20 6 6 6 L
20 7 18 7 L
20 8 20 33 U
20 9 6 30 U
20 10 15 22 D
20 11 14 22 D
20 12 16 33 U
20 13 0 4 L
20 14 18 24 D
20 15 23 15 R
20 16 20 16 R
20 17 19 17 R
20 19 9 1 L
20 20 1 16 R
20 21 17 34 U
20 22 19 22 D
20 23 29 2 L
20 24 20 24 D
20 25 23 9 L
20 26 19 26 D
20 27 24 15 R
20 28 23 19 R
20 29 20 13 R
20 30 20 16 R
20 31 18 31 U
20 32 18 32 U
20 33 7 33 U
20 34 19 34 U
20 35 23 35 U
20 36 11 10 R
21 0 18 0 L
21 1 12 36 U
21 2 8 27 D
21 3 23 36 U
21 4 17 4 L
21 5 2 5 L
21 6 20 6 L
21 7 17 26 D
21 8 21 8 L
21 9 20 9 L
21 10 7 7 L
21 11 11 8 L
21 12 17 12 R
21 13 21 13 R
21 14 19 26 D
21 15 22 15 R
21 16 11 9 L
21 17 22 30 U
21 19 23 19 R
21 20 18 10 R
21 21 14 21 D
21 22 16 19 R
21 23 28 12 R
21 24 21 24 D
21 25 24 34 U
21 26 15 6 L
21 27 24 27 D
21 28 17 10 R
21 29 7 5 L
21 30 21 30 U
21 31 20 31 U
21 32 11 32 U
21 33 21 5 L
21 34 18 12 R
21 35 22 12 R
21 36 20 11 R
22 0 17 0 L
22 1 20 28 D
22 2 19 2 L
22 3 25 26 D
22 4 21 26 D
22 5 5 5 L
22 6 20 31 U
22 7 13 7 L
22 8 14 8 L
22 9 21 9 L
22 10 22 10 R
22 11 3 3 L
22 12 19 21 D
22 13 19 6 L
22 14 19 28 D
22 15 21 15 R
22 16 19 35 U
22 17 22 17 R
22 19 20 19 R
22 20 16 1 L
22 21 22 9 L
22 22 20 22 D
22 23 29 5 L
22 24 19 19 R
22 25 27 25 D
22 26 10 14 R
22 27 25 10 R
22 28 20 35 U
22 29 20 8 L
22 30 20 1 L
22 31 15 0 L
22 32 19 13 R
22 33 22 33 U
22 34 24 11 R
22 35 11 35 U
22 36 21 13 R
23 0 16 0 L
23 1 21 29 U
23 2 22 2 L
23 3 24 3 L
23 4 23 4 L
23 5 28 23 D
23 6 21 30 U
23 7 21 29 U
23 8 22 35 U
23 9 23 30 U
23 10 20 28 D
23 11 18 20 D
23 12 22 1 L
23 13 23 13 R
23 14 23 27 D
23 15 11 15 R
23 16 6 16 R
23 17 25 17 R
23 19 6 3 L
23 20 23 10 R
23 21 13 0 L
23 22 15 0 L
23 23 0 35 U
23 24 19 24 D
23 27 21 18 R
23 28 24 28 D
23 29 17 4 L
23 30 8 8 L
23 31 22 13 R
23 32 12 32 U
23 33 22 19 R
23 34 21 34 U
23 35 24 35 U
23 36 22 36 U
24 0 22 28 D
24 1 24 22 D
24 2 21 34 U
24 3 25 29 U
24 4 19 4 L
24 5 30 5 L
24 6 28 31 U
24 7 27 22 D
24 8 11 32 U
24 9 19 9 L
24 10 15 28 D
24 11 23 0 L
24 12 16 0 L
24 13 0 7 L
24 15 21 21 D
24 16 19 1 L
24 17 24 17 R
24 19 26 19 R
24 20 25 20 D
24 21 25 19 R
24 22 23 17 R
24 23 17 13 R
24 24 29 24 D
24 28 25 2 L
24 29 23 3 L
24 30 25 12 R
24 31 23 1 L
24 32 25 32 U
24 33 16 33 U
24 34 16 34 U
24 35 25 35 U
24 36 13 36 U
25 0 9 22 D
25 1 22 20 D
25 2 21 28 D
25 3 21 3 L
25 4 28 24 D
25 5 26 5 L
25 6 26 32 U
25 7 9 7 L
25 8 22 8 L
25 9 23 9 L
25 10 18 1 L
25 11 19 20 D
25 12 24 31 U
25 13 10 28 D
25 15 24 15 R
25 16 26 16 R
25 17 24 1 L
25 19 29 30 U
25 20 24 17 R
25 21 0 16 R
25 22 25 11 R
25 23 26 23 D
25 24 24 24 D
25 28 24 16 R
25 29 24 2 L
25 30 0 21 D
25 31 23 8 L
25 32 9 32 U
25 33 19 33 U
25 34 24 34 U
25 35 23 15 R
25 36 23 19 R
26 0 19 33 U
26 1 20 21 D
26 2 0 29 U
26 3 1 3 L
26 4 22 4 L
26 5 26 23 D
26 6 25 35 U
26 7 16 23 D
26 8 14 23 D
26 9 24 27 D
26 10 22 22 D
26 11 19 8 L
26 12 26 28 D
26 13 8 32 U
26 15 23 35 U
26 16 25 16 R
26 17 19 29 U
26 19 29 19 R
26 20 20 33 U
26 21 12 31 U
26 22 7 22 D
26 23 24 17 R
26 24 25 24 D
26 28 26 28 D
26 29 27 0 L
26 30 28 11 R
26 31 21 21 D
26 32 7 6 L
26 33 23 33 U
26 34 30 6 L
26 35 22 35 U
26 36 26 36 U
27 0 26 35 U
27 1 0 10 R
27 2 25 2 L
27 3 25 20 D
27 4 6 4 L
27 5 28 5 L
27 6 30 6 L
27 7 3 28 D
27 8 30 8 L
27 9 24 9 L
27 10 30 10 R
27 11 20 11 R
27 12 29 33 U
27 13 30 13 R
27 15 25 30 U
27 16 27 16 R
27 17 28 17 R
27 19 28 19 R
27 20 15 20 D
27 21 29 21 D
27 22 2 0 L
27 23 30 23 D
27 24 0 18 R
27 28 25 10 R
27 29 26 29 U
27 30 14 4 L
27 31 21 31 U
27 32 26 15 R
27 33 24 0 L
27 34 27 34 U
27 35 26 35 U
27 36 23 36 U
28 0 23 28 D
28 1 27 30 U
28 2 27 2 L
28 3 26 29 U
28 4 27 4 L
28 5 29 5 L
28 6 27 6 L
28 7 28 28 D
28 8 25 8 L
28 9 25 21 D
28 10 28 22 D
28 11 27 11 R
28 12 28 12 R
28 13 2 13 R
28 15 30 33 U
28 16 25 3 L
28 17 29 23 D
28 19 27 19 R
28 20 21 1 L
28 21 27 21 D
28 22 9 22 D
28 23 28 23 D
28 24 21 1 L
28 28 29 8 L
28 29 19 2 L
28 30 30 16 R
28 31 25 31 U
28 32 27 32 U
28 33 17 17 R
28 34 25 6 L
28 35 0 3 L
28 36 24 36 U
29 0 9 36 U
29 1 24 34 U
29 2 30 29 U
29 3 25 30 U
29 4 26 4 L
29 5 3 34 U
29 6 25 6 L
29 7 31 21 D
29 8 27 8 L
29 9 29 9 L
29 10 28 34 U
29 11 30 11 R
29 12 29 20 D
29 13 28 34 U
29 15 28 15 R
29 16 11 3 L
29 17 20 7 L
29 19 24 19 R
29 20 4 3 L
29 21 23 4 L
29 22 25 22 D
29 23 27 23 D
29 24 20 8 L
29 28 27 13 R
29 29 19 16 R
29 30 16 19 R
29 31 19 31 U
29 32 29 32 U
29 33 8 33 U
29 34 30 12 R
29 35 17 35 U
29 36 27 36 U
30 0 23 20 D
30 1 24 1 L
30 2 26 2 L
30 3 29 24 D
30 4 30 30 U
30 5 20 5 L
30 6 28 6 L
30 7 16 7 L
30 8 29 25 D
30 9 28 9 L
30 10 29 10 R
30 11 29 11 R
30 12 27 12 R
30 13 27 13 R
30 15 27 15 R
30 16 29 16 R
30 17 26 17 R
30 19 1 23 D
30 20 26 1 L
30 21 26 10 R
30 22 27 9 L
30 23 28 5 L
30 24 0 30 U
30 29 28 1 L
30 30 23 15 R
30 31 27 7 L
30 32 28 32 U
30 33 29 13 R
30 34 27 12 R
30 35 27 12 R
30 36 6 36 U
31 0 24 29 U
31 1 24 33 U
31 2 11 35 U
31 3 30 32 U
31 4 30 28 D
31 6 21 6 L
31 10 16 36 U
31 11 28 32 U
31 12 26 24 D
31 16 0 30 U
31 19 20 31 U
31 20 7 2 L
31 21 16 12 R
31 22 29 6 L
31 23 22 16 R
31 24 10 10 R
31 29 27 2 L
31 30 0 27 D
31 31 19 10 R
31 32 30 19 R
31 33 18 19 R
31 35 28 18 R
32 0 25 22 D
32 2 9 2 L
32 3 31 3 L
32 4 28 4 L
32 6 29 6 L
32 10 28 33 U
32 11 32 11 R
32 16 28 23 D
32 19 27 20 D
32 20 25 4 L
32 21 5 7 L
32 22 30 22 D
32 23 23 23 D
32 24 7 24 D
32 29 21 1 L
32 30 18 19 R
32 31 30 31 U
32 32 31 11 R
32 33 28 3 L
33 0 6 21 D

