31 35 869
15 23 23 15 10 19 2 25 0 0 0 0 24 21 10
27 0 0 19 24 0 24 30 1 15 14 19 0 27 0
14 0 0 8 0 8 8 0 29 0 0 3 11 19 0
20 0 16 23 19 19 0 30 26 22 29 0 24 12 0
9 7 2 20 0 2 28 4 26 0 15 14 0 26 12
7 12 2 14 15 0 0 3 23 0 21 2 10 0 13
22 26 0 20 3 12 16 1 7 0 12 0 23 0 12
15 25 0 0 0 0 26 14 0 0 28 3 2 22 26
7 0 0 0 0 25 0 4 29 26 0 19 22 21 16
0 0 24 14 13 8 28 0 21 1 0 0 6 0 12
26 0 26 0 0 23 4 4 8 27 27 7 0 19 20
15 29 0 17 20 12 3 4 19 0 0 0 9 17 6
16 12 0 15 0 0 18 0 10 28 2 27 0 22 9
25 14 28 27 0 0 0 13 0 17 18 1 16 8 0
4 22 5 18 18 7 0 14 4 28 0 0 2 27 12
0 0 0 0 L
0 1 0 1 L
0 2 0 2 L
0 3 0 3 L
0 4 0 4 L
0 5 0 5 L
0 6 0 6 L
0 7 0 7 R
0 8 0 8 R
0 9 0 9 R
0 10 0 10 R
0 11 0 11 R
0 12 0 12 R
0 13 0 13 R
0 14 0 14 R
0 15 0 15 D
0 16 0 16 D
0 17 0 17 D
0 18 0 18 D
0 19 0 19 D
0 20 0 20 D
0 21 0 21 D
0 22 0 22 D
0 23 0 23 D
0 24 0 24 D
0 25 0 25 D
0 26 0 26 U
0 27 0 27 U
0 28 0 28 U
0 29 0 29 U
0 30 0 30 U
0 31 0 31 U
0 32 0 32 U
0 33 0 33 U
0 34 0 34 U
1 0 11 27 U
1 1 4 1 L
1 2 8 2 L
1 3 16 3 L
1 4 3 23 D
1 5 12 5 L
1 6 3 32 U
1 7 12 7 R
1 8 0 30 U
1 9 7 29 U
1 10 7 31 U
1 11 8 23 D
1 12 6 12 R
1 13 13 13 R
1 14 13 14 R
1 15 5 15 D
1 16 2 16 D
1 17 5 17 D
1 18 4 18 D
1 19 5 19 D
1 20 3 2 L
1 21 23 32 U
1 22 23 22 D
1 23 0 28 U
1 24 12 24 D
1 25 5 3 L
1 26 5 13 R
1 27 7 0 L
1 28 0 17 D
1 29 2 29 U
1 30 14 30 U
1 31 7 31 U
1 32 5 32 U
1 33 2 33 U
1 34 11 34 U
2 0 0 16 D
2 1 4 19 D
2 2 8 2 L
2 3 10 3 L
2 4 0 10 R
2 5 0 13 R
2 6 11 6 L
2 7 8 7 R
2 8 1 33 U
2 9 0 17 D
2 10 22 10 R
2 11 6 33 U
2 12 5 33 U
2 13 3 13 R
2 14 0 29 U
2 15 0 5 L
2 16 7 1 L
2 17 5 17 D
2 18 9 6 L
2 19 3 19 D
2 20 19 20 D
2 21 3 21 D
2 22 14 22 D
2 23 1 23 D
2 24 3 24 D
2 25 4 25 D
2 26 0 7 R
2 27 16 27 U
2 28 7 28 U
2 29 10 2 L
2 30 17 30 U
2 31 5 31 U
2 32 3 32 U
2 33 6 33 U
2 34 16 34 U
3 0 10 28 U
3 1 0 21 D
3 2 0 34 U
3 3 0 7 R
3 4 25 26 U
3 5 25 27 U
3 6 0 20 D
3 7 24 31 U
3 8 25 28 U
3 9 15 31 U
3 10 11 32 U
3 11 2 11 R
3 12 6 30 U
3 13 0 27 U
3 15 11 26 U
3 16 0 1 L
3 17 0 31 U
3 18 8 18 D
3 19 23 4 L
3 20 24 6 L
3 21 8 21 D
3 22 5 22 D
3 23 5 23 D
3 24 7 10 R
3 25 12 25 D
3 26 25 26 U
3 27 11 6 L
3 28 2 3 L
3 29 16 29 U
3 30 1 30 U
3 31 4 3 L
3 32 5 32 U
3 33 1 33 U
3 34 2 34 U
4 0 23 19 D
4 1 18 33 U
4 2 0 8 R
4 3 6 3 L
4 4 9 20 D
4 5 18 18 D
4 6 16 6 L
4 7 13 32 U
4 8 1 21 D
4 9 0 15 D
4 10 2 26 U
4 11 10 28 U
4 12 1 12 R
4 13 1 24 D
4 14 17 14 R
4 15 0 7 R
4 16 11 16 D
4 17 0 9 R
4 18 5 18 D
4 19 0 30 U
4 20 0 12 R
4 21 13 7 R
4 22 25 22 D
4 23 7 11 R
4 25 15 25 D
4 26 11 4 L
4 27 5 27 U
4 28 1 10 R
4 29 1 0 L
4 30 9 12 R
4 31 6 9 R
4 32 2 32 U
4 33 3 33 U
4 34 5 34 U
5 0 8 0 L
5 1 23 9 R
5 2 0 30 U
5 3 15 18 D
5 4 8 30 U
5 5 2 19 D
5 6 4 9 R
5 7 0 26 U
5 8 19 30 U
5 9 4 23 D
5 10 0 5 L
5 11 6 11 R
5 12 1 12 R
5 13 7 13 R
5 15 10 15 D
5 16 2 16 D
5 17 4 3 L
5 18 14 18 D
5 19 1 19 D
5 20 7 20 D
5 21 1 6 L
5 22 2 22 D
5 23 2 23 D
5 24 21 3 L
5 25 3 25 D
5 26 0 9 R
5 27 8 27 U
5 28 0 10 R
5 29 6 29 U
5 30 3 30 U
5 31 7 31 U
5 32 23 11 R
5 33 4 33 U
5 34 20 34 U
6 0 4 19 D
6 1 7 15 D
6 2 4 15 D
6 3 0 28 U
6 4 2 20 D
6 5 8 5 L
6 6 23 18 D
6 7 0 28 U
6 8 7 25 D
6 9 8 20 D
6 10 1 34 U
6 11 2 11 R
6 12 8 23 D
6 13 20 13 R
6 14 20 16 D
6 15 0 27 U
6 16 5 1 L
6 17 0 3 L
6 18 21 2 L
6 19 5 4 L
6 20 13 20 D
6 21 4 21 D
6 22 21 22 D
6 23 7 23 D
6 24 1 24 D
6 25 3 25 D
6 26 17 12 R
6 27 16 1 L
6 28 9 28 U
6 29 3 29 U
6 30 10 30 U
6 31 16 31 U
6 32 15 32 U
6 33 9 33 U
6 34 4 34 U
7 0 0 15 D
7 1 5 15 D
7 2 1 2 L
7 3 0 19 D
7 4 4 4 L
7 5 10 25 D
7 6 18 30 U
7 7 0 29 U
7 8 23 29 U
7 9 6 9 R
7 10 22 34 U
7 11 0 15 D
7 12 2 33 U
7 15 5 0 L
7 16 11 14 R
7 17 2 17 D
7 18 0 10 R
7 19 14 19 D
7 20 0 26 U
7 21 4 21 D
7 22 0 6 L
7 23 0 9 R
7 25 1 25 D
7 26 11 11 R
7 27 21 6 L
7 28 9 28 U
7 29 6 9 R
7 30 11 10 R
7 31 15 13 R
7 32 3 32 U
7 33 3 33 U
7 34 1 34 U
8 0 1 15 D
8 1 6 1 L
8 2 20 16 D
8 3 22 3 L
8 4 4 4 L
8 5 11 5 L
8 6 10 6 L
8 7 9 26 U
8 8 14 22 D
8 9 2 26 U
8 10 9 5 L
8 11 10 11 R
8 12 18 17 D
8 13 15 26 U
8 15 9 15 D
8 16 0 26 U
8 17 4 17 D
8 18 13 18 D
8 19 7 10 R
8 20 11 4 L
8 21 2 1 L
8 22 2 7 R
8 23 6 23 D
8 25 3 25 D
8 26 11 8 R
8 27 16 27 U
8 28 18 28 U
8 29 18 6 L
8 30 7 2 L
8 31 15 5 L
8 32 22 1 L
8 33 9 13 R
8 34 6 24 D
9 0 14 18 D
9 1 12 29 U
9 2 3 21 D
9 3 12 15 D
9 4 14 14 R
9 5 0 27 U
9 6 24 20 D
9 7 5 34 U
9 8 19 8 R
9 9 25 32 U
9 10 0 2 L
9 11 10 11 R
9 12 24 28 U
9 13 0 5 L
9 15 5 26 U
9 16 2 1 L
9 17 1 17 D
9 18 14 3 L
9 19 13 8 R
9 20 8 0 L
9 21 22 0 L
9 22 4 22 D
9 24 7 6 L
9 25 21 4 L
9 26 3 26 U
9 27 13 5 L
9 28 4 28 U
9 29 19 29 U
9 30 28 5 L
9 31 8 31 U
9 32 6 4 L
9 33 1 33 U
9 34 10 10 R
10 0 0 18 D
10 1 17 20 D
10 2 11 2 L
10 3 4 22 D
10 4 19 4 L
10 5 20 17 D
10 6 12 27 U
10 7 11 17 D
10 8 12 17 D
10 9 13 26 U
10 10 21 10 R
10 11 12 11 R
10 12 1 27 U
10 13 21 25 D
10 15 15 10 R
10 16 1 16 D
10 17 0 2 L
10 18 2 27 U
10 19 1 19 D
10 20 6 20 D
10 21 3 21 D
10 22 15 10 R
10 25 0 10 R
10 26 20 3 L
10 27 18 4 L
10 28 6 0 L
10 29 3 11 R
10 30 15 3 L
10 31 7 31 U
10 32 1 32 U
10 33 9 7 R
10 34 17 14 R
11 0 10 24 D
11 1 7 1 L
11 2 3 2 L
11 3 12 16 D
11 4 4 4 L
11 5 1 5 L
11 6 6 30 U
11 7 8 7 R
11 8 2 18 D
11 9 2 9 R
11 10 0 18 D
11 11 8 19 D
11 12 10 12 R
11 13 4 13 R
11 14 0 17 D
11 15 8 9 R
11 16 2 16 D
11 17 0 33 U
11 18 24 7 R
11 19 2 3 L
11 20 4 20 D
11 21 15 30 U
11 22 4 22 D
11 23 6 5 L
11 24 4 8 R
11 25 1 25 D
11 26 17 5 L
11 27 0 0 L
11 28 8 28 U
11 29 1 1 L
11 30 12 9 R
11 31 3 31 U
11 32 8 5 L
11 33 7 10 R
11 34 23 34 U
12 0 8 0 L
12 1 20 18 D
12 2 10 16 D
12 3 6 10 R
12 4 14 16 D
12 5 23 5 L
12 6 20 6 L
12 7 26 15 D
12 8 0 4 L
12 9 27 9 R
12 10 4 29 U
12 11 15 16 D
12 12 4 12 R
12 15 5 2 L
12 16 20 16 D
12 17 7 8 R
12 18 0 27 U
12 19 1 7 R
12 20 5 8 R
12 21 7 21 D
12 22 7 27 U
12 23 20 23 D
12 25 6 25 D
12 26 7 11 R
12 27 21 0 L
12 28 3 19 D
12 29 5 1 L
12 30 9 6 L
12 31 1 0 L
12 32 5 9 R
12 33 0 4 L
12 34 1 34 U
13 0 6 0 L
13 1 2 1 L
13 2 0 13 R
13 3 8 3 L
13 4 10 4 L
13 5 0 11 R
13 6 18 6 L
13 7 4 26 U
13 8 0 27 U
13 9 21 19 D
13 10 15 17 D
13 11 17 20 D
13 12 26 19 D
13 13 6 30 U
13 14 3 16 D
13 15 15 9 R
13 16 12 8 R
13 17 5 17 D
13 18 11 4 L
13 19 0 0 L
13 20 0 8 R
13 21 5 21 D
13 22 7 2 L
13 24 3 24 D
13 25 12 25 D
13 26 23 2 L
13 27 15 2 L
13 28 3 28 U
13 29 10 7 R
13 30 11 20 D
13 31 4 31 U
13 32 19 32 U
13 33 1 33 U
13 34 4 1 L
14 0 7 26 U
14 1 0 26 U
14 2 4 2 L
14 3 10 20 D
14 4 21 22 D
14 5 18 5 L
14 6 22 28 U
14 7 19 32 U
14 8 20 21 D
14 9 2 32 U
14 10 22 27 U
14 11 15 33 U
14 12 5 34 U
14 15 3 26 U
14 16 13 7 R
14 17 22 17 D
14 18 5 18 D
14 19 17 12 R
14 20 2 20 D
14 21 0 6 L
14 22 3 22 D
14 25 9 25 D
14 26 0 8 R
14 27 2 27 U
14 28 2 28 U
14 29 7 29 U
14 30 2 30 U
14 31 3 9 R
14 32 15 32 U
14 33 7 6 L
14 34 24 34 U
15 0 23 7 R
15 1 18 17 D
15 2 19 17 D
15 3 0 11 R
15 4 5 4 L
15 5 1 5 L
15 6 13 26 U
15 7 10 16 D
15 8 24 8 R
15 9 16 16 D
15 10 8 15 D
15 11 2 11 R
15 12 18 15 D
15 13 12 13 R
15 15 9 1 L
15 16 19 6 L
15 17 7 27 U
15 18 1 18 D
15 19 5 19 D
15 20 5 30 U
15 21 2 21 D
15 22 3 22 D
15 25 4 7 R
15 26 0 15 D
15 27 6 11 R
15 28 24 2 L
15 29 11 10 R
15 30 5 30 U
15 31 6 0 L
15 32 1 32 U
15 33 20 3 L
15 34 17 5 L
16 0 11 20 D
16 1 11 26 U
16 2 25 19 D
16 3 13 3 L
16 4 13 7 R
16 5 0 12 R
16 6 7 20 D
16 7 18 17 D
16 8 0 0 L
16 9 26 9 R
16 10 18 2 L
16 11 15 17 D
16 12 24 12 R
16 15 17 0 L
16 16 3 14 R
16 17 9 17 D
16 18 3 2 L
16 19 24 19 D
16 20 11 3 L
16 21 27 1 L
16 25 1 25 D
16 26 0 20 D
16 27 8 12 R
16 28 18 1 L
16 29 5 29 U
16 30 2 30 U
16 31 4 31 U
16 32 8 8 R
16 33 5 33 U
16 34 1 34 U
17 0 10 21 D
17 1 11 23 D
17 2 13 15 D
17 3 12 18 D
17 4 5 21 D
17 5 24 31 U
17 6 9 20 D
17 7 0 16 D
17 9 4 9 R
17 10 10 10 R
17 12 24 22 D
17 14 12 19 D
17 15 16 4 L
17 16 2 26 U
17 17 3 2 L
17 18 4 18 D
17 19 16 29 U
17 20 8 20 D
17 21 13 5 L
17 22 2 2 L
17 25 14 6 L
17 26 1 10 R
17 27 0 14 R
17 28 0 2 L
17 29 3 29 U
17 30 6 30 U
17 31 5 31 U
17 32 6 32 U
17 33 3 33 U
17 34 3 34 U
18 0 4 16 D
18 1 13 1 L
18 2 3 20 D
18 3 8 3 L
18 4 13 32 U
18 5 5 5 L
18 6 16 21 D
18 7 20 26 U
18 8 7 8 R
18 9 0 33 U
18 10 21 24 D
18 11 12 19 D
18 12 14 12 R
18 15 0 0 L
18 16 13 1 L
18 17 14 17 D
18 18 9 0 L
18 19 6 4 L
18 20 19 7 R
18 21 27 8 R
18 23 2 9 R
18 25 7 7 R
18 26 0 0 L
18 27 1 0 L
18 28 2 16 D
18 29 2 29 U
18 30 0 1 L
18 31 11 2 L
18 32 3 32 U
18 33 24 6 L
18 34 22 6 L
19 0 18 31 U
19 1 23 16 D
19 2 12 2 L
19 3 10 3 L
19 4 25 8 R
19 5 20 5 L
19 6 0 13 R
19 7 9 1 L
19 8 17 15 D
19 9 1 17 D
19 10 10 31 U
19 11 12 11 R
19 12 25 27 U
19 14 3 14 R
19 15 8 10 R
19 16 3 29 U
19 17 10 32 U
19 18 9 12 R
19 19 15 2 L
19 20 8 20 D
19 21 14 21 D
19 26 21 8 R
19 27 15 10 R
19 28 13 5 L
19 29 10 0 L
19 30 5 11 R
19 31 2 31 U
19 32 9 7 R
19 33 16 7 R
19 34 7 34 U
20 0 13 16 D
20 1 19 15 D
20 2 17 21 D
20 3 16 3 L
20 4 1 4 L
20 5 23 5 L
20 6 6 6 L
20 7 7 25 D
20 8 18 8 R
20 9 13 27 U
20 10 6 34 U
20 11 1 18 D
20 12 8 12 R
20 15 8 8 R
20 16 16 16 D
20 17 23 9 R
20 18 4 1 L
20 19 4 19 D
20 20 9 5 L
20 21 11 6 L
20 26 23 7 R
20 27 19 11 R
20 28 14 8 R
20 29 16 4 L
20 30 15 0 L
20 31 2 2 L
20 32 0 22 D
20 33 11 5 L
20 34 21 34 U
21 0 19 22 D
21 1 2 9 R
21 2 20 18 D
21 4 9 27 U
21 5 23 5 L
21 6 8 6 L
21 7 1 18 D
21 8 1 29 U
21 9 0 34 U
21 10 11 10 R
21 11 13 15 D
21 12 4 16 D
21 13 7 33 U
21 14 3 27 U
21 15 13 9 R
21 16 12 10 R
21 17 0 7 R
21 19 14 28 U
21 20 8 20 D
21 21 24 21 D
21 26 6 8 R
21 27 5 1 L
21 28 5 0 L
21 29 12 17 D
21 30 11 9 R
21 31 17 31 U
21 32 20 0 L
21 33 22 10 R
21 34 2 34 U
22 0 2 31 U
22 1 19 25 D
22 2 1 29 U
22 3 16 17 D
22 4 0 15 D
22 5 14 21 D
22 6 13 6 L
22 7 5 27 U
22 8 2 17 D
22 9 15 26 U
22 10 13 30 U
22 12 11 33 U
22 15 2 3 L
22 16 7 9 R
22 17 6 26 U
22 18 6 18 D
22 19 6 19 D
22 20 11 1 L
22 21 12 21 D
22 26 4 11 R
22 27 2 8 R
22 28 2 0 L
22 29 18 8 R
22 30 3 10 R
22 31 2 10 R
22 33 21 10 R
22 34 4 34 U
23 0 22 21 D
23 1 8 1 L
23 2 25 28 U
23 3 0 9 R
23 4 4 19 D
23 5 14 28 U
23 6 4 23 D
23 7 27 27 U
23 9 2 15 D
23 10 0 31 U
23 11 10 21 D
23 12 21 12 R
23 13 8 15 D
23 15 24 0 L
23 16 13 16 D
23 17 2 17 D
23 18 21 9 R
23 19 7 19 D
23 20 22 32 U
23 21 7 9 R
23 26 21 15 D
23 27 14 27 U
23 29 3 29 U
23 30 27 30 U
23 31 22 7 R
23 33 22 9 R
23 34 16 11 R
24 0 25 29 U
24 1 0 31 U
24 2 11 2 L
24 4 2 30 U
24 5 19 5 L
24 6 5 6 L
24 7 19 19 D
24 8 8 8 R
24 9 5 9 R
24 10 21 20 D
24 12 10 17 D
24 15 16 12 R
24 16 4 16 D
24 17 23 12 R
24 18 23 18 D
24 19 2 5 L
24 20 14 20 D
24 21 5 21 D
24 26 16 9 R
24 27 8 6 L
24 28 10 7 R
24 29 5 29 U
24 30 2 30 U
24 31 25 12 R
24 32 26 3 L
24 33 7 33 U
24 34 25 7 R
25 0 3 26 U
25 1 13 1 L
25 2 16 2 L
25 4 19 17 D
25 5 23 5 L
25 6 4 18 D
25 7 2 29 U
25 8 14 32 U
25 9 16 9 R
25 10 6 10 R
25 15 2 1 L
25 16 1 28 U
25 17 27 1 L
25 18 6 18 D
25 19 1 19 D
25 20 4 20 D
25 21 1 21 D
25 25 7 25 D
25 27 11 27 U
25 29 24 29 U
25 30 26 30 U
25 31 3 31 U
25 33 5 11 R
25 34 11 34 U
26 0 20 0 L
26 1 24 1 L
26 2 4 26 U
26 3 17 26 U
26 4 8 4 L
26 5 24 29 U
26 6 27 26 U
26 7 0 1 L
26 10 7 10 R
26 15 5 10 R
26 16 0 13 R
26 17 20 8 R
26 19 20 4 L
26 20 6 5 L
26 21 2 21 D
26 27 12 3 L
26 30 6 30 U
26 33 3 33 U
26 34 6 34 U
27 0 6 28 U
27 1 22 17 D
27 2 12 32 U
27 3 16 28 U
27 4 13 4 L
27 5 10 17 D
27 7 0 21 D
27 10 4 28 U
27 15 26 12 R
27 16 18 3 L
27 17 4 30 U
27 20 9 20 D
27 21 8 21 D
27 33 11 33 U
27 34 1 34 U
28 0 10 34 U
28 5 21 19 D
28 7 3 30 U
28 15 5 15 D
28 16 13 32 U
28 17 29 8 R
28 21 2 21 D
28 34 4 34 U
29 1 28 7 R
29 5 1 7 R
29 15 8 27 U
29 16 4 16 D
29 21 15 21 D
30 5 13 16 D
30 16 21 4 L

