22 27 561
2 3 12 13 0 0 6 15 0 14 14 0 1 0
0 14 0 5 8 16 11 15 0 17 8 7 0 0
18 0 19 20 4 17 0 21 1 5 19 12 10 9
3 1 21 8 3 1 15 0 9 0 16 5 0 6
20 1 13 0 0 2 3 19 0 0 20 2 16 2
4 0 0 5 0 0 19 10 21 17 18 18 1 1
14 0 0 12 0 0 13 8 3 17 21 8 4 1
0 0 1 7 5 20 14 0 0 18 0 0 1 0
15 16 0 13 13 17 21 21 0 0 20 19 17 18
14 0 13 8 0 0 0 13 0 0 0 0 0 4
0 0 0 0 5 9 0 0 2 0 20 18 0 0
11 3 0 0 0 0 15 1 1 17 15 18 7 0
1 0 2 0 13 17 19 0 0 17 21 4 0 4
0 11 15 13 16 0 17 12 18 16 11 7 0 0
0 0 0 0 U
0 1 0 1 U
0 2 0 2 U
0 3 0 3 U
0 4 0 4 U
0 5 0 5 U
0 6 0 6 R
0 7 0 7 R
0 8 0 8 R
0 9 0 9 R
0 10 0 10 R
0 11 0 11 R
0 12 0 12 R
0 13 0 13 D
0 14 0 14 D
0 15 0 15 D
0 16 0 16 D
0 17 0 17 D
0 18 0 18 D
0 19 0 19 D
0 20 0 20 L
0 21 0 21 L
0 22 0 22 L
0 23 0 23 L
0 24 0 24 L
0 25 0 25 L
0 26 0 26 L
1 0 0 20 L
1 1 1 21 L
1 2 0 8 R
1 3 0 24 L
1 4 2 22 L
1 5 4 24 L
1 6 0 0 U
1 7 0 13 D
1 8 0 1 U
1 9 0 15 D
1 10 0 16 D
1 11 1 2 U
1 12 4 14 D
1 13 1 20 L
1 14 0 22 L
1 15 0 23 L
1 16 0 9 R
1 17 0 10 R
1 18 1 3 U
1 19 3 9 R
1 20 0 6 R
1 21 0 7 R
1 22 0 2 U
1 23 0 14 D
1 24 0 17 D
1 25 0 11 R
1 26 4 3 U
2 0 0 6 R
2 1 3 7 R
2 2 2 20 L
2 3 1 3 U
2 4 3 4 U
2 5 3 5 U
2 6 0 18 D
2 7 0 20 L
2 8 2 15 D
2 9 0 21 L
2 10 2 14 D
2 11 1 11 R
2 12 4 12 R
2 13 0 0 U
2 14 0 7 R
2 15 0 21 L
2 16 1 9 R
2 17 0 11 R
2 18 2 18 D
2 19 3 19 D
2 20 0 0 U
2 21 1 14 D
2 22 0 8 R
2 23 1 13 D
2 24 0 10 R
2 25 2 25 L
2 26 2 6 R
3 0 2 23 L
3 1 3 1 U
3 2 4 9 R
3 3 2 25 L
3 4 2 4 U
3 5 4 5 U
3 6 1 13 D
3 7 1 1 U
3 8 1 8 R
3 9 2 13 D
3 10 2 2 U
3 11 0 14 D
3 12 2 12 R
3 13 0 6 R
3 14 4 7 R
3 15 3 15 D
3 16 2 16 D
3 17 2 24 L
3 18 1 18 D
3 19 2 19 D
3 20 2 13 D
3 21 3 4 U
3 22 3 22 L
3 23 3 23 L
3 24 2 24 L
3 25 3 25 L
3 26 5 26 L
4 0 4 0 U
4 1 0 22 L
4 2 3 24 L
4 3 10 20 L
4 4 1 20 L
4 5 3 15 D
4 6 1 19 D
4 7 3 16 D
4 8 0 0 U
4 9 4 9 R
4 10 2 10 R
4 11 0 5 U
4 12 3 17 D
4 13 0 2 U
4 14 0 25 L
4 15 2 25 L
4 16 4 16 D
4 17 4 17 D
4 18 2 11 R
4 19 1 19 D
4 20 0 1 U
4 21 3 5 U
4 22 3 0 U
4 23 4 23 L
4 24 4 24 L
4 25 0 12 R
4 26 4 26 L
5 0 2 6 R
5 1 0 7 R
5 2 5 8 R
5 3 10 3 U
5 4 4 4 U
5 5 6 21 L
5 6 3 13 D
5 7 1 16 D
5 8 0 23 L
5 9 1 5 U
5 10 6 23 L
5 11 6 11 R
5 12 3 12 R
5 13 5 25 L
5 14 0 1 U
5 15 5 7 R
5 16 1 20 L
5 17 3 17 D
5 18 5 18 D
5 19 0 10 R
5 20 5 20 L
5 21 3 14 D
5 22 1 22 L
5 23 5 15 D
5 24 6 24 L
5 25 0 9 R
5 26 6 26 L
6 0 3 0 U
6 1 0 9 R
6 2 6 2 U
6 3 1 25 L
6 4 5 4 U
6 5 9 21 L
6 6 3 4 U
6 7 3 14 D
6 8 5 18 D
6 9 0 17 D
6 10 6 10 R
6 11 6 18 D
6 12 0 24 L
6 13 4 13 D
6 14 2 14 D
6 15 6 15 D
6 16 6 16 D
6 17 5 8 R
6 18 6 18 D
6 19 6 19 D
6 20 0 13 D
6 21 5 21 L
6 22 5 22 L
6 23 5 2 U
6 24 5 24 L
6 25 6 25 L
6 26 10 16 D
7 0 6 9 R
7 1 6 22 L
7 2 8 20 L
7 3 10 23 L
7 4 5 26 L
7 5 9 5 U
7 6 6 2 U
7 7 0 14 D
7 8 5 1 U
7 9 5 4 U
7 10 4 0 U
7 11 7 11 R
7 12 8 12 R
7 13 1 11 R
7 14 5 26 L
7 15 7 2 U
7 16 5 16 D
7 17 10 4 U
7 18 1 24 L
7 19 7 19 D
7 20 7 20 L
7 21 0 19 D
7 22 3 13 D
7 23 0 6 R
7 24 5 0 U
7 25 10 25 L
7 26 3 8 R
8 0 1 0 U
8 1 7 1 U
8 2 6 22 L
8 3 9 3 U
8 4 9 22 L
8 5 8 5 U
8 6 6 16 D
8 7 3 7 R
8 8 2 8 R
8 9 7 9 R
8 10 0 15 D
8 11 2 11 R
8 12 7 12 R
8 13 1 12 R
8 14 9 24 L
8 15 1 23 L
8 16 4 25 L
8 17 10 17 D
8 18 8 20 L
8 19 8 19 D
8 20 2 1 U
8 21 0 6 R
8 22 8 0 U
8 23 9 23 L
8 24 7 19 D
8 25 8 25 L
8 26 11 26 L
9 0 2 21 L
9 1 6 10 R
9 2 5 2 U
9 3 10 26 L
9 4 8 4 U
9 5 6 5 U
9 6 3 1 U
9 7 8 14 D
9 8 4 18 D
9 9 7 5 U
9 10 5 10 R
9 11 0 23 L
9 12 7 2 U
9 13 1 7 R
9 14 9 14 D
9 15 0 1 U
9 16 5 11 R
9 17 9 17 D
9 18 7 18 D
9 19 9 20 L
9 20 1 12 R
9 21 8 21 L
9 22 7 22 L
9 23 6 17 D
9 24 7 15 D
9 25 0 8 R
9 26 12 13 D
10 0 0 12 R
10 1 0 10 R
10 2 9 2 U
10 3 11 3 U
10 4 9 4 U
10 5 5 5 U
10 6 9 13 D
10 7 9 3 U
10 8 5 16 D
10 9 2 9 R
10 10 8 3 U
10 11 5 11 R
10 12 7 13 D
10 13 10 24 L
10 14 2 23 L
10 15 10 15 D
10 16 7 25 L
10 17 8 17 D
10 18 8 18 D
10 19 8 26 L
10 20 0 16 D
10 21 10 21 L
10 22 8 2 U
10 23 10 3 U
10 24 10 13 D
10 25 0 15 D
10 26 12 26 L
11 0 4 20 L
11 1 12 25 L
11 2 6 24 L
11 3 7 3 U
11 4 13 26 L
11 5 9 17 D
11 6 9 19 D
11 7 7 17 D
11 8 9 0 U
11 9 13 15 D
11 10 10 3 U
11 11 8 14 D
11 12 2 26 L
11 13 11 24 L
11 14 11 6 R
11 15 13 7 R
11 16 0 8 R
11 17 10 6 R
11 18 15 22 L
11 19 1 5 U
11 20 1 1 U
11 21 12 15 D
11 22 0 11 R
11 23 2 10 R
11 24 9 10 R
11 25 13 25 L
11 26 7 26 L
12 0 2 11 R
12 1 15 1 U
12 2 15 2 U
12 3 11 25 L
12 4 12 4 U
12 5 15 5 U
12 6 10 13 D
12 7 8 22 L
12 8 7 0 U
12 9 12 9 R
12 10 10 5 U
12 11 10 11 R
12 12 11 12 R
12 13 11 13 D
12 14 13 26 L
12 15 12 15 D
12 16 12 23 L
12 17 13 25 L
12 18 14 18 D
12 19 17 19 D
12 20 10 2 U
12 21 0 0 U
12 22 14 22 L
12 23 14 23 L
12 24 1 24 L
12 25 12 25 L
12 26 9 26 L
13 0 10 12 R
13 1 14 1 U
13 2 16 2 U
13 3 12 3 U
13 4 11 4 U
13 5 14 5 U
13 6 2 0 U
13 7 10 7 R
13 8 10 15 D
13 9 8 9 R
13 10 12 10 R
13 11 10 4 U
13 12 12 12 R
13 13 13 20 L
13 14 12 14 D
13 15 5 25 L
13 16 15 16 D
13 17 12 17 D
13 18 15 23 L
13 19 13 19 D
13 20 13 20 L
13 21 7 21 L
13 22 17 22 L
13 23 13 23 L
13 24 9 24 L
13 25 0 16 D
13 26 13 13 D
14 0 8 7 R
14 1 13 1 U
14 2 17 2 U
14 3 5 3 U
14 4 9 9 R
14 5 13 5 U
14 6 12 14 D
14 7 8 7 R
14 8 16 18 D
14 9 10 9 R
14 10 14 10 R
14 11 9 11 R
14 12 11 13 D
14 13 11 6 R
14 14 5 12 R
14 15 14 15 D
14 16 14 16 D
14 17 14 17 D
14 18 19 20 L
14 19 15 19 D
14 20 3 15 D
14 21 7 14 D
14 22 16 22 L
14 23 12 16 D
14 24 11 24 L
14 25 13 7 R
14 26 0 17 D
15 0 17 25 L
15 1 12 1 U
15 2 13 2 U
15 3 14 10 R
15 5 12 5 U
15 6 13 16 D
15 7 12 13 D
15 8 0 3 U
15 9 11 9 R
15 10 17 14 D
15 11 15 11 R
15 12 13 0 U
15 13 14 6 R
15 14 8 21 L
15 15 13 8 R
15 16 15 20 L
15 17 11 17 D
15 18 19 18 D
15 19 16 19 D
15 20 16 20 L
15 21 12 2 U
15 22 17 12 R
15 23 0 12 R
15 24 14 13 D
15 25 15 25 L
15 26 16 13 D
16 0 14 12 R
16 1 11 1 U
16 2 17 7 R
16 3 11 8 R
16 5 17 21 L
16 6 8 16 D
16 7 14 3 U
16 8 20 14 D
16 9 15 9 R
16 10 14 5 U
16 11 12 3 U
16 12 12 2 U
16 13 15 26 L
16 14 17 7 R
16 15 13 15 D
16 16 16 16 D
16 17 16 21 L
16 18 11 23 L
16 20 0 11 R
16 21 14 18 D
16 22 13 22 L
16 23 17 23 L
16 24 18 24 L
16 25 0 10 R
17 0 2 12 R
17 1 10 1 U
17 2 9 25 L
17 3 18 3 U
17 5 16 5 U
17 6 12 15 D
17 7 16 17 D
17 8 19 8 R
17 9 14 16 D
17 10 18 5 U
17 11 8 11 R
17 12 13 12 R
17 13 15 13 D
17 14 16 14 D
17 15 14 20 L
17 16 16 6 R
17 17 13 17 D
17 18 20 18 D
17 20 14 16 D
17 21 20 18 D
17 22 20 22 L
17 23 21 23 L
17 24 19 24 L
17 25 16 25 L
18 0 14 26 L
18 1 18 25 L
18 2 13 22 L
18 3 19 3 U
18 5 17 24 L
18 6 18 13 D
18 7 17 15 D
18 8 4 13 D
18 9 16 19 D
18 10 15 10 R
18 11 7 17 D
18 12 12 15 D
18 13 6 13 D
18 14 16 7 R
18 15 12 1 U
18 16 13 24 L
18 17 0 20 L
18 18 21 18 D
18 20 17 13 D
18 21 16 15 D
18 22 19 22 L
18 23 6 23 L
18 24 20 1 U
18 25 14 15 D
19 0 21 7 R
19 1 12 22 L
19 2 18 8 R
19 3 17 3 U
19 5 19 5 U
19 6 19 6 R
19 7 18 18 D
19 8 17 8 R
19 9 17 14 D
19 10 7 10 R
19 11 18 11 R
19 12 16 12 R
19 13 6 0 U
19 14 8 11 R
19 15 18 15 D
19 16 19 16 D
19 17 18 17 D
19 20 16 3 U
19 21 21 9 R
19 22 18 22 L
19 23 20 14 D
19 24 12 24 L
19 25 14 25 L
20 0 17 10 R
20 1 19 1 U
20 2 19 2 U
20 3 21 21 L
20 5 18 5 U
20 6 18 6 R
20 7 21 1 U
20 8 19 3 U
20 9 20 16 D
20 10 14 13 D
20 11 17 11 R
20 12 17 12 R
20 13 18 13 D
20 14 13 21 L
20 15 0 4 U
20 16 20 16 D
20 20 18 16 D
20 22 10 9 R
20 23 18 23 L
20 25 19 25 L
21 0 3 8 R
21 1 20 22 L
21 3 21 3 U
21 6 17 2 U
21 8 20 8 R
21 9 18 9 R
21 10 13 10 R
21 12 14 0 U
21 13 18 8 R
21 14 1 0 U
21 15 20 2 U
21 16 20 20 L
21 20 16 6 R
21 22 15 2 U
21 23 20 23 L

