23 29 577
0 6 16 8 14 0 0 13 0 7 0 0 19 4 0 20 9 0 14 10
4 0 1 0 10 13 4 0 0 13 4 0 0 8 7 4 0 9 0 8
7 18 11 0 0 16 2 0 0 12 13 2 15 0 4 21 22 0 0 19
0 0 16 5 4 0 1 10 0 0 10 0 0 13 0 19 12 0 0 20
10 0 0 5 11 18 0 0 0 0 7 5 12 0 14 11 13 0 8 0
0 7 0 0 0 0 10 0 20 0 0 19 0 18 0 0 7 17 15 0
11 2 0 0 10 17 0 0 20 0 1 0 0 0 19 15 16 0 0 18
5 7 12 0 1 0 0 0 0 0 0 0 0 15 3 0 7 0 14 0
8 0 0 16 17 21 0 0 0 0 18 3 0 0 17 0 7 0 6 8
9 0 0 0 4 0 18 8 0 0 12 11 17 0 0 20 0 10 1 0
4 16 8 2 17 0 15 7 7 0 0 0 19 0 9 0 20 0 20 0
1 3 17 9 0 0 0 0 0 7 9 0 0 6 11 0 0 0 0 3
0 0 19 19 22 0 0 0 0 0 21 18 7 21 0 0 0 19 0 5
15 0 17 0 13 0 3 0 8 8 17 0 0 0 0 12 5 10 9 0
0 7 4 0 15 9 0 13 15 0 0 0 0 2 16 0 17 19 0 0
8 0 0 18 16 7 0 11 0 0 0 14 17 0 8 0 16 20 20 16
8 14 0 0 7 2 17 7 21 6 0 10 20 15 18 17 0 0 16 11
0 12 0 7 19 20 18 17 0 0 7 0 0 0 10 14 7 14 0 6
4 0 0 18 0 1 7 16 0 0 19 0 20 15 10 17 2 0 19 0
3 0 0 0 2 0 0 11 20 0 0 0 0 0 0 0 0 0 0 12
0 0 0 0 R
0 1 0 1 R
0 2 0 2 R
0 3 0 3 R
0 4 0 4 R
0 5 0 5 R
0 6 0 6 R
0 7 0 7 R
0 8 0 8 U
0 9 0 9 U
0 10 0 10 U
0 11 0 11 U
0 12 0 12 U
0 13 0 13 U
0 14 0 14 U
0 15 0 15 D
0 16 0 16 D
0 17 0 17 D
0 18 0 18 D
0 19 0 19 D
0 20 0 20 D
0 21 0 21 D
0 22 0 22 L
0 23 0 23 L
0 24 0 24 L
0 25 0 25 L
0 26 0 26 L
0 27 0 27 L
0 28 0 28 L
1 0 4 15 D
1 1 9 14 U
1 2 6 2 R
1 3 2 3 R
1 4 4 11 U
1 5 8 18 D
1 6 11 20 D
1 7 4 7 R
1 8 5 0 R
1 9 11 9 U
1 10 0 17 D
1 11 12 26 L
1 12 2 19 D
1 13 0 15 D
1 14 0 3 R
1 15 17 6 R
1 16 17 16 D
1 17 0 22 L
1 18 14 24 L
1 19 2 19 D
1 20 10 20 D
1 21 0 6 R
1 22 0 16 D
1 23 3 23 L
1 24 5 12 U
1 25 2 25 L
1 26 3 16 D
1 27 11 8 U
1 28 0 1 R
2 0 10 21 D
2 1 0 9 U
2 2 1 2 R
2 3 10 3 R
2 4 3 4 R
2 5 7 5 R
2 6 10 6 R
2 7 1 9 U
2 8 4 4 R
2 9 15 22 L
2 10 0 5 R
2 11 0 22 L
2 12 0 22 L
2 13 4 13 U
2 14 1 25 L
2 15 4 15 D
2 16 0 2 R
2 17 0 10 U
2 18 0 5 R
2 19 9 25 L
2 20 7 4 R
2 21 0 9 U
2 22 0 15 D
2 23 0 20 D
2 24 8 24 L
2 25 10 25 L
2 26 15 26 L
2 27 5 17 D
2 28 0 2 R
3 0 0 8 U
3 1 0 19 D
3 2 2 18 D
3 3 15 3 R
3 4 9 4 R
3 5 6 5 R
3 6 2 17 D
3 7 4 14 U
3 8 1 8 U
3 9 4 9 U
3 10 16 7 R
3 11 12 1 R
3 12 12 12 U
3 13 10 13 U
3 14 4 1 R
3 15 0 25 L
3 16 0 1 R
3 17 17 0 R
3 18 0 11 U
3 19 11 19 D
3 20 2 0 R
3 21 1 21 D
3 22 0 19 D
3 23 12 20 D
3 24 13 24 L
3 25 9 14 U
3 26 2 26 L
3 27 7 27 L
3 28 4 28 L
4 0 6 13 U
4 1 12 15 D
4 2 2 2 R
4 3 0 13 U
4 4 0 21 D
4 5 3 8 U
4 6 1 6 R
4 7 0 13 U
4 8 0 23 L
4 9 0 24 L
4 10 6 24 L
4 11 0 21 D
4 12 12 28 L
4 13 9 24 L
4 14 16 22 L
4 15 5 22 L
4 16 6 16 D
4 17 14 23 L
4 18 7 18 D
4 19 3 19 D
4 20 7 20 D
4 21 0 3 R
4 22 5 22 L
4 23 0 2 R
4 24 0 17 D
4 25 0 18 D
4 26 12 10 U
4 27 2 27 L
4 28 9 10 U
5 0 11 27 L
5 1 14 18 D
5 2 0 22 L
5 3 15 16 D
5 4 0 17 D
5 5 0 15 D
5 6 4 12 U
5 7 0 10 U
5 8 2 27 L
5 9 0 2 R
5 10 0 25 L
5 11 3 11 U
5 12 4 7 R
5 13 3 2 R
5 14 1 1 R
5 15 0 28 L
5 16 9 22 L
5 17 6 17 D
5 18 3 26 L
5 19 6 2 R
5 20 1 26 L
5 21 0 4 R
5 22 0 6 R
5 23 0 21 D
5 24 1 24 L
5 25 0 13 U
5 26 1 26 L
5 27 11 27 L
5 28 13 28 L
6 0 12 24 L
6 1 4 21 D
6 2 0 20 D
6 3 2 3 R
6 4 5 19 D
6 5 1 16 D
6 6 1 6 R
6 7 4 7 R
6 8 11 22 L
6 9 0 0 R
6 10 11 18 D
6 11 1 26 L
6 12 15 12 U
6 13 1 13 U
6 14 8 14 U
6 15 15 25 L
6 16 0 27 L
6 17 2 0 R
6 18 0 1 R
6 19 10 25 L
6 20 0 26 L
6 21 11 3 R
6 22 16 22 L
6 23 12 12 U
6 24 0 3 R
6 25 11 25 L
6 26 8 17 D
6 27 0 20 D
6 28 9 28 L
7 0 12 9 U
7 1 12 1 R
7 2 3 2 R
7 3 2 18 D
7 4 9 4 R
7 5 1 5 R
7 6 3 17 D
7 7 3 7 R
7 8 5 8 U
7 9 3 4 R
7 10 10 10 U
7 11 3 11 U
7 12 13 12 U
7 13 4 28 L
7 14 11 14 U
7 15 8 3 R
7 16 11 3 R
7 17 0 0 R
7 18 14 18 D
7 19 0 13 U
7 20 11 27 L
7 21 8 21 D
7 22 6 16 D
7 23 5 9 U
7 24 0 8 U
7 25 15 10 U
7 26 0 10 U
7 27 9 27 L
7 28 1 28 L
8 0 4 18 D
8 1 0 10 U
8 2 11 12 U
8 3 16 3 R
8 4 9 4 R
8 5 3 5 R
8 6 9 19 D
8 7 9 7 R
8 8 9 27 L
8 9 5 9 U
8 10 7 10 U
8 11 12 11 U
8 12 1 2 R
8 13 2 13 U
8 14 1 14 U
8 15 4 5 R
8 16 1 16 D
8 17 0 3 R
8 18 1 18 D
8 19 4 24 L
8 20 10 23 L
8 21 2 21 D
8 22 2 8 U
8 23 0 0 R
8 24 0 7 R
8 25 14 18 D
8 26 13 14 U
8 27 4 27 L
8 28 9 28 L
9 0 16 17 D
9 1 2 1 R
9 2 2 17 D
9 3 0 20 D
9 4 5 18 D
9 6 8 6 R
9 7 4 7 R
9 8 12 6 R
9 9 5 9 U
9 10 8 6 R
9 11 4 25 L
9 12 10 2 R
9 13 12 7 R
9 14 6 25 L
9 15 12 0 R
9 16 0 9 U
9 17 1 17 D
9 18 4 18 D
9 19 4 27 L
9 20 16 20 D
9 21 11 0 R
9 22 0 9 U
9 23 11 19 D
9 24 3 14 U
9 25 1 25 L
9 26 11 16 D
9 27 6 27 L
9 28 1 28 L
10 0 3 8 U
10 1 12 1 R
10 2 16 10 U
10 3 13 11 U
10 4 8 15 D
10 6 2 6 R
10 7 7 7 R
10 8 11 24 L
10 9 0 23 L
10 10 4 10 U
10 11 1 11 U
10 12 15 0 R
10 13 14 13 U
10 14 7 14 U
10 15 8 2 R
10 16 11 16 D
10 17 3 17 D
10 18 5 3 R
10 19 11 19 D
10 20 2 24 L
10 21 8 21 D
10 22 2 22 L
10 23 6 8 U
10 24 0 5 R
10 25 9 25 L
10 26 9 26 L
10 27 2 27 L
10 28 0 0 R
11 0 0 17 D
11 1 8 1 R
11 2 7 14 U
11 3 1 11 U
11 4 1 4 R
11 5 0 9 U
11 6 0 23 L
11 7 4 7 R
11 8 0 22 L
11 9 0 1 R
11 10 0 27 L
11 11 8 11 U
11 12 2 12 U
11 13 1 13 U
11 14 7 14 U
11 15 0 8 U
11 16 9 1 R
11 17 8 6 R
11 18 7 23 L
11 19 10 28 L
11 20 12 20 D
11 21 14 21 D
11 22 7 8 U
11 23 14 23 L
11 24 1 24 L
11 25 0 9 U
11 26 7 11 U
11 27 1 27 L
11 28 8 28 L
12 0 14 25 L
12 1 6 19 D
12 2 4 2 R
12 3 1 15 D
12 4 1 4 R
12 5 16 8 U
12 6 17 10 U
12 7 10 16 D
12 8 2 6 R
12 9 2 16 D
12 10 7 26 L
12 11 3 11 U
12 12 16 3 R
12 13 1 13 U
12 14 3 14 U
12 15 5 24 L
12 16 13 28 L
12 17 15 17 D
12 18 8 10 U
12 19 14 26 L
12 20 5 28 L
12 21 4 21 D
12 22 0 4 R
12 23 13 13 U
12 24 2 24 L
12 25 3 25 L
12 26 14 26 L
12 27 0 12 U
12 28 9 28 L
13 0 0 16 D
13 1 14 8 U
13 2 4 11 U
13 3 0 24 L
13 4 0 27 L
13 5 2 5 R
13 6 2 6 R
13 7 1 7 R
13 8 3 0 R
13 9 7 3 R
13 10 0 4 R
13 11 18 11 U
13 12 12 12 U
13 13 9 13 U
13 14 10 14 U
13 15 7 15 D
13 16 6 16 D
13 17 8 3 R
13 18 5 18 D
13 19 7 19 D
13 20 17 3 R
13 21 15 25 L
13 22 2 15 D
13 23 0 17 D
13 24 18 13 U
13 25 6 11 U
13 26 15 9 U
13 27 2 27 L
13 28 17 9 U
14 0 16 22 L
14 1 13 11 U
14 2 0 8 U
14 3 3 10 U
14 4 7 13 U
14 5 2 5 R
14 6 1 13 U
14 7 12 12 U
14 8 3 8 U
14 9 12 9 U
14 10 5 10 U
14 11 5 27 L
14 13 3 28 L
14 14 4 14 U
14 15 9 1 R
14 16 10 25 L
14 17 7 6 R
14 18 4 18 D
14 19 15 24 L
14 20 8 20 D
14 21 1 26 L
14 22 15 22 L
14 23 9 8 U
14 24 2 24 L
14 25 7 25 L
14 26 3 0 R
14 27 10 27 L
15 0 0 11 U
15 1 1 1 R
15 2 5 2 R
15 3 0 8 U
15 4 10 4 R
15 5 1 15 D
15 6 7 6 R
15 7 9 7 R
15 8 1 24 L
15 9 1 9 U
15 10 7 1 R
15 11 11 11 U
15 12 13 26 L
15 13 0 18 D
15 14 18 23 L
15 15 0 6 R
15 16 8 24 L
15 17 14 17 D
15 18 4 0 R
15 19 19 22 L
15 20 8 20 D
15 21 8 21 D
15 22 13 9 U
15 23 0 14 U
15 24 2 17 D
15 25 8 13 U
15 26 9 19 D
15 27 1 27 L
15 28 6 28 L
16 0 4 16 D
16 1 3 17 D
16 2 13 23 L
16 3 19 12 U
16 4 7 4 R
16 5 1 5 R
16 6 11 6 R
16 8 1 8 U
16 9 22 26 L
16 10 0 7 R
16 11 17 21 D
16 12 0 6 R
16 13 0 20 D
16 15 12 26 L
16 16 9 4 R
16 17 0 25 L
16 18 0 24 L
16 19 7 25 L
16 20 11 20 D
16 21 17 22 L
16 22 5 16 D
16 23 19 4 R
16 24 1 24 L
16 25 4 25 L
16 26 5 26 L
16 27 2 27 L
16 28 8 28 L
17 0 20 0 R
17 1 12 19 D
17 2 10 2 R
17 3 6 8 U
17 4 2 18 D
17 5 18 5 R
17 6 1 6 R
17 8 10 4 R
17 9 2 5 R
17 10 16 10 U
17 11 1 11 U
17 13 10 13 U
17 15 14 5 R
17 16 13 7 R
17 17 2 11 U
17 18 14 18 D
17 19 3 23 L
17 20 2 20 D
17 21 13 21 D
17 22 10 9 U
17 23 9 23 L
17 24 5 24 L
17 25 10 25 L
17 26 13 26 L
17 27 0 15 D
18 0 17 0 R
18 1 6 1 R
18 2 10 2 R
18 3 7 20 D
18 4 8 20 D
18 6 1 10 U
18 8 17 8 U
18 10 0 6 R
18 11 17 11 U
18 12 13 22 L
18 13 17 13 U
18 15 5 0 R
18 17 0 7 R
18 18 5 25 L
18 19 1 19 D
18 20 1 4 R
18 21 17 26 L
18 22 1 1 R
18 24 9 24 L
18 25 19 19 D
18 26 3 26 L
18 27 5 13 U
19 0 18 0 R
19 1 7 1 R
19 2 18 16 D
19 4 5 4 R
19 6 13 6 R
19 8 18 1 R
19 10 5 24 L
19 15 4 15 D
19 16 18 26 L
19 17 7 2 R
19 18 5 18 D
19 19 1 19 D
19 20 0 24 L
19 21 21 21 D
19 22 21 17 D
19 24 6 24 L
19 25 8 25 L
19 27 13 21 D
20 0 19 0 R
20 1 2 1 R
20 2 1 2 R
20 4 5 22 L
20 6 2 6 R
20 8 7 23 L
20 10 8 10 U
20 16 18 27 L
20 18 7 0 R
20 19 7 0 R
20 20 2 20 D
20 21 0 12 U
20 24 10 24 L
20 25 4 25 L
20 27 11 27 L
21 1 19 17 D
21 2 7 2 R
21 4 5 4 R
21 18 13 18 D
21 19 8 19 D
21 22 20 11 U
21 24 4 21 D
22 1 5 1 R
22 18 2 18 D
22 24 1 24 L

