19 17 265
11 10 3 13 8 14 12 13 17 11 0 5
0 6 0 0 0 10 0 15 0 0 5 16
0 1 0 14 0 15 0 13 16 0 15 0
0 13 6 8 12 0 0 1 0 6 0 0
0 8 17 2 0 0 7 0 16 0 0 18
0 0 6 15 0 0 0 0 12 0 17 0
0 5 11 0 0 0 9 15 0 10 0 15
0 5 5 0 2 2 15 0 11 0 8 0
0 0 0 16 15 0 0 15 13 0 3 0
14 0 0 11 4 0 0 3 0 17 7 1
10 0 0 0 1 13 0 0 0 0 0 9
16 0 0 0 16 0 15 2 14 6 5 8
0 0 0 0 U
0 1 0 1 U
0 2 0 2 U
0 3 0 3 U
0 4 0 4 R
0 5 0 5 R
0 6 0 6 R
0 7 0 7 R
0 8 0 8 R
0 9 0 9 D
0 10 0 10 D
0 11 0 11 D
0 12 0 12 D
0 13 0 13 L
0 14 0 14 L
0 15 0 15 L
0 16 0 16 L
1 0 14 4 R
1 1 10 16 L
1 2 8 2 U
1 3 3 3 U
1 4 11 9 D
1 5 4 11 D
1 6 7 10 D
1 7 12 10 D
1 8 0 12 D
1 9 11 16 L
1 10 4 14 L
1 11 3 11 D
1 12 5 12 D
1 13 2 1 U
1 14 0 10 D
1 15 9 15 L
1 16 4 16 L
2 0 0 9 D
2 1 6 14 L
2 2 0 8 R
2 3 0 9 D
2 4 6 0 U
2 5 12 1 U
2 6 4 3 U
2 8 3 11 D
2 9 0 16 L
2 10 6 10 D
2 11 8 6 R
2 12 0 2 U
2 13 1 12 D
2 14 11 14 L
2 15 9 6 R
2 16 4 16 L
3 0 2 9 D
3 1 1 5 R
3 2 12 8 R
3 3 2 3 U
3 4 10 10 D
3 5 13 2 U
3 6 14 12 D
3 7 0 9 D
3 8 13 10 D
3 9 0 13 L
3 10 1 2 U
3 11 2 11 D
3 12 7 12 D
3 13 0 9 D
3 14 10 14 L
3 15 2 15 L
3 16 7 16 L
4 0 0 14 L
4 1 13 1 U
4 2 9 4 R
4 3 10 13 L
4 4 0 0 U
4 5 0 1 U
4 6 6 0 U
4 7 1 7 R
4 8 5 12 D
4 9 1 9 D
4 10 2 7 R
4 11 0 6 R
4 12 12 15 L
4 13 0 7 R
4 14 1 11 D
4 15 2 15 L
4 16 10 16 L
5 0 3 9 D
5 1 9 14 L
5 2 0 10 D
5 3 0 13 L
5 4 0 9 D
5 5 15 9 D
5 6 12 9 D
5 7 11 0 U
5 8 4 9 D
5 9 13 4 R
5 10 7 13 L
5 11 11 14 L
5 12 11 14 L
5 13 8 11 D
5 14 7 2 U
5 15 11 11 D
5 16 7 2 U
6 0 7 0 U
6 1 4 1 U
6 2 1 2 U
6 3 5 3 U
6 4 13 3 U
6 5 1 5 R
6 6 0 3 U
6 7 0 11 D
6 8 7 8 R
6 9 0 5 R
6 10 1 10 D
6 11 0 0 U
6 12 1 12 D
6 13 5 0 U
6 14 0 7 R
6 15 0 9 D
6 16 8 6 R
7 0 0 16 L
7 1 6 13 L
7 2 4 2 U
7 3 13 3 U
7 4 2 2 U
7 5 5 14 L
7 6 0 0 U
7 8 2 8 R
7 9 11 6 R
7 10 0 4 R
7 11 14 13 L
7 12 1 12 D
7 13 0 2 U
7 14 0 5 R
7 15 0 0 U
7 16 0 6 R
8 0 0 15 L
8 1 12 13 L
8 2 2 2 U
8 3 1 3 U
8 4 0 10 D
8 5 1 1 U
8 6 15 6 R
8 8 9 3 U
8 9 6 5 R
8 10 12 5 R
8 11 1 13 L
8 12 1 8 R
8 13 3 0 U
8 14 4 1 U
8 15 13 4 R
8 16 5 0 U
9 0 4 13 L
9 2 3 4 R
9 3 15 3 U
9 4 6 1 U
9 5 0 2 U
9 6 7 1 U
9 9 0 8 R
9 10 12 3 U
9 11 0 16 L
9 12 1 14 L
9 13 4 10 D
9 14 3 11 D
9 15 7 0 U
9 16 6 10 D
10 0 5 14 L
10 1 1 9 D
10 2 0 12 D
10 3 8 16 L
10 4 7 12 D
10 5 12 5 R
10 6 4 2 U
10 9 13 13 L
10 10 9 5 R
10 11 1 11 D
10 12 4 13 L
10 13 7 3 U
10 14 6 6 R
10 15 11 15 L
10 16 0 3 U
11 0 5 10 D
11 1 3 6 R
11 2 9 5 R
11 3 1 14 L
11 4 13 4 R
11 5 8 0 U
11 6 3 6 R
11 7 12 7 R
11 8 2 8 R
11 9 0 15 L
11 10 3 14 L
11 11 1 14 L
11 12 9 13 L
11 13 2 0 U
11 14 0 1 U
11 15 8 0 U
11 16 4 16 L
12 0 0 4 R
12 2 0 6 R
12 3 6 3 U
12 4 6 2 U
12 5 1 5 R
12 6 7 6 R
12 9 3 9 D
12 10 5 6 R
12 11 4 16 L
12 12 4 12 D
12 13 15 9 D
12 14 11 14 L
12 15 0 6 R
12 16 2 16 L
13 0 6 8 R
13 1 5 12 D
13 2 11 5 R
13 3 12 3 U
13 4 4 4 R
13 5 1 5 R
13 6 16 6 R
13 9 10 9 D
13 10 11 13 L
13 11 8 11 D
13 12 1 12 D
13 13 14 2 U
13 14 2 14 L
13 15 2 11 D
13 16 0 4 R
14 0 2 5 R
14 1 3 7 R
14 2 1 15 L
14 4 9 3 U
14 5 2 0 U
14 6 8 11 D
14 9 12 14 L
14 10 1 10 D
14 11 6 11 D
14 12 1 12 D
14 13 2 4 R
14 14 10 0 U
14 15 11 15 L
14 16 7 11 D
15 0 12 6 R
15 2 12 2 U
15 3 14 9 D
15 4 4 16 L
15 5 0 13 L
15 6 4 10 D
15 9 4 9 D
15 10 16 13 L
15 11 7 5 R
15 12 1 12 D
15 13 14 4 R
15 14 14 14 L
15 15 13 10 D
16 4 15 0 U
16 6 3 6 R
16 9 13 9 D
16 10 1 10 D
16 11 1 11 D
16 13 3 4 R
16 14 7 5 R
16 15 1 15 L
17 4 15 12 D
17 9 7 2 U
17 10 6 1 U
17 14 4 0 U
18 9 1 15 L

