21 23 416
0 0 0 12 10 0 17 18 15 16 7 9 18
3 11 16 0 0 0 4 19 15 13 0 0 0
11 0 0 6 7 9 6 18 0 2 0 0 0
5 0 5 16 17 16 0 0 12 0 0 0 0
13 13 0 0 7 0 0 0 0 18 0 0 0
15 0 18 0 0 0 0 5 17 16 18 0 0
0 0 0 0 0 0 0 5 0 0 18 0 0
2 0 10 0 1 0 0 0 0 0 0 0 0
5 15 14 0 17 6 0 0 13 0 9 0 0
9 16 12 3 0 0 8 0 0 0 0 0 0
0 0 0 0 0 0 0 0 0 0 0 0 0
9 0 12 11 19 20 0 11 2 9 0 0 0
15 0 0 0 0 12 11 16 0 14 3 15 18
0 0 0 0 R
0 1 0 1 R
0 2 0 2 R
0 3 0 3 R
0 4 0 4 R
0 5 0 5 U
0 6 0 6 U
0 7 0 7 U
0 8 0 8 U
0 9 0 9 U
0 10 0 10 U
0 11 0 11 D
0 12 0 12 D
0 13 0 13 D
0 14 0 14 D
0 15 0 15 D
0 16 0 16 D
0 17 0 17 L
0 18 0 18 L
0 19 0 19 L
0 20 0 20 L
0 21 0 21 L
0 22 0 22 L
1 0 0 11 D
1 1 2 13 D
1 2 3 11 D
1 3 5 9 U
1 4 0 19 L
1 5 7 18 L
1 6 0 17 L
1 7 2 7 U
1 8 16 14 D
1 9 7 20 L
1 10 2 10 U
1 11 12 5 U
1 12 6 17 L
1 13 0 17 L
1 14 2 14 D
1 15 0 4 R
1 16 4 16 D
1 17 8 5 U
1 18 3 11 D
1 19 0 7 U
1 20 16 20 L
1 21 5 21 L
1 22 9 7 U
2 0 9 12 D
2 1 3 11 D
2 2 8 16 D
2 3 8 15 D
2 4 9 7 U
2 5 7 17 L
2 6 8 18 L
2 7 7 7 U
2 8 3 8 U
2 9 10 9 U
2 10 17 10 U
2 11 7 6 U
2 12 9 21 L
2 13 11 2 R
2 14 17 22 L
2 15 15 17 L
2 16 4 7 U
2 17 5 1 R
2 18 6 12 D
2 19 5 5 U
2 20 0 1 R
2 21 14 11 D
2 22 9 16 D
3 0 14 0 R
3 1 0 7 U
3 2 13 15 D
3 3 9 3 R
3 4 4 8 U
3 5 13 19 L
3 6 12 17 L
3 7 0 1 R
3 8 13 8 U
3 9 7 18 L
3 10 8 10 U
3 11 0 1 R
3 12 1 19 L
3 13 9 0 R
3 14 5 17 L
3 15 1 15 D
3 16 1 16 D
3 17 11 6 U
3 18 15 15 D
3 19 9 19 L
3 20 11 20 L
3 21 7 12 D
3 22 11 22 L
4 0 9 6 U
4 1 15 7 U
4 2 16 8 U
4 3 0 10 U
4 4 13 13 D
4 5 0 0 R
4 6 1 18 L
4 7 11 21 L
4 8 1 18 L
4 9 9 21 L
4 10 1 10 U
4 11 10 2 R
4 12 1 8 U
4 13 3 7 U
4 14 0 9 U
4 15 0 6 U
4 16 0 20 L
4 17 7 5 U
4 18 1 18 L
4 19 7 11 D
4 20 10 14 D
4 21 14 6 U
5 0 0 9 U
5 1 8 14 D
5 2 7 2 R
5 3 0 19 L
5 4 10 4 R
5 5 6 0 R
5 6 0 18 L
5 7 0 3 R
5 8 13 3 R
5 9 4 0 R
5 10 13 3 R
5 11 0 7 U
5 12 12 4 R
5 13 13 20 L
5 14 1 2 R
5 15 6 15 D
5 16 6 21 L
5 17 6 5 U
5 18 0 13 D
5 19 6 9 U
5 20 14 5 U
5 21 10 10 U
5 22 3 5 U
6 0 4 16 D
6 1 1 6 U
6 2 11 6 U
6 3 17 6 U
6 4 14 16 D
6 5 7 1 R
6 6 14 21 L
6 7 10 7 U
6 8 9 8 U
6 9 12 9 U
6 10 14 10 U
6 11 7 9 U
6 12 9 3 R
6 13 16 4 R
6 14 1 18 L
6 15 3 10 U
6 16 7 3 R
6 17 3 8 U
6 18 7 8 U
6 19 14 12 D
6 20 4 3 R
6 21 13 6 U
7 0 3 0 R
7 1 9 17 L
7 2 3 2 R
7 3 9 3 R
7 4 1 4 R
7 5 9 2 R
7 6 11 3 R
7 7 0 11 D
7 8 13 19 L
7 9 4 3 R
7 10 9 4 R
7 11 4 0 R
7 12 2 12 D
7 13 10 1 R
7 14 16 7 U
7 15 8 3 R
7 16 9 16 D
7 17 16 7 U
7 18 10 12 D
7 19 11 12 D
7 20 8 7 U
7 21 8 9 U
7 22 10 13 D
8 0 13 14 D
8 1 9 15 D
8 2 14 7 U
8 3 10 12 D
8 4 12 12 D
8 5 16 22 L
8 6 9 2 R
8 7 2 17 L
8 8 0 15 D
8 9 11 20 L
8 10 5 17 L
8 11 5 2 R
8 12 5 2 R
8 13 1 3 R
8 14 12 1 R
8 15 12 4 R
8 16 4 16 D
8 17 11 7 U
8 18 2 10 U
8 19 10 2 R
8 20 1 8 U
8 21 0 14 D
9 0 1 16 D
9 1 3 1 R
9 2 16 13 D
9 3 10 3 R
9 4 15 9 U
9 5 14 11 D
9 6 12 19 L
9 7 5 7 U
9 8 3 8 U
9 9 14 17 L
9 10 5 2 R
9 11 1 0 R
9 12 6 18 L
9 13 13 13 D
9 14 12 14 D
9 15 4 15 D
9 16 6 1 R
9 17 13 5 U
9 18 16 5 U
9 19 7 19 L
9 20 10 13 D
9 21 5 12 D
9 22 10 22 L
10 0 4 14 D
10 1 15 1 R
10 2 19 2 R
10 3 3 11 D
10 4 1 4 R
10 5 8 19 L
10 6 11 12 D
10 7 2 4 R
10 8 9 8 U
10 9 12 20 L
10 10 3 1 R
10 11 4 18 L
10 12 15 18 L
10 13 12 13 D
10 14 2 14 D
10 15 1 15 D
10 16 1 16 D
10 17 1 6 U
10 18 8 7 U
10 19 7 19 L
10 20 12 6 U
10 21 3 21 L
10 22 17 22 L
11 0 8 11 D
11 1 3 1 R
11 2 1 12 D
11 3 9 3 R
11 4 6 11 D
11 5 1 5 U
11 6 2 0 R
11 7 9 4 R
11 8 0 4 R
11 9 0 2 R
11 10 0 14 D
11 11 0 0 R
11 12 2 20 L
11 13 15 19 L
11 14 1 1 R
11 15 0 20 L
11 16 0 10 U
11 17 0 5 U
11 18 0 6 U
11 19 5 11 D
11 20 2 8 U
11 21 10 21 L
11 22 16 12 D
12 0 7 14 D
12 1 0 15 D
12 2 4 8 U
12 3 7 15 D
12 4 4 14 D
12 5 1 21 L
12 6 0 13 D
12 7 16 7 U
12 8 13 20 L
12 9 5 9 U
12 10 9 10 U
12 11 9 1 R
12 12 1 0 R
12 13 3 13 D
12 14 6 4 R
12 15 18 15 D
12 16 6 18 L
12 17 13 8 U
12 18 4 6 U
12 19 1 10 U
12 20 5 12 D
12 21 17 9 U
13 0 4 13 D
13 1 12 18 L
13 2 15 14 D
13 3 17 16 D
13 4 0 21 L
13 5 8 4 R
13 6 0 20 L
13 7 12 20 L
13 8 3 21 L
13 9 1 9 U
13 10 3 10 U
13 11 2 18 L
13 12 1 1 R
13 13 0 2 R
13 14 8 3 R
13 15 3 2 R
13 16 2 16 D
13 17 11 11 D
13 18 11 13 D
13 19 4 13 D
13 20 0 8 U
14 0 17 15 D
14 1 3 14 D
14 2 1 5 U
14 3 15 14 D
14 4 16 14 D
14 5 7 3 R
14 6 18 2 R
14 7 3 4 R
14 8 11 21 L
14 9 3 9 U
14 10 1 22 L
14 11 4 1 R
14 12 7 0 R
14 13 6 17 L
14 14 2 4 R
14 15 10 1 R
14 16 3 16 D
14 17 0 11 D
14 18 5 14 D
14 19 3 19 L
14 20 3 20 L
15 0 14 5 U
15 1 0 6 U
15 2 3 10 U
15 3 10 20 L
15 4 1 4 R
15 5 12 19 L
15 6 5 20 L
15 7 13 18 L
15 8 4 18 L
15 9 9 1 R
15 10 17 19 L
15 11 4 5 U
15 12 7 6 U
15 13 4 6 U
15 14 9 19 L
15 15 17 20 L
15 16 17 20 L
15 17 11 9 U
15 18 3 10 U
15 19 6 8 U
15 20 3 20 L
16 0 2 10 U
16 1 0 20 L
16 2 5 15 D
16 3 14 3 R
16 4 1 5 U
16 5 17 12 D
16 6 17 4 R
16 7 9 17 L
16 8 5 13 D
16 9 5 9 U
16 10 14 20 L
16 11 12 0 R
16 12 11 1 R
16 13 15 6 U
16 15 4 15 D
16 16 0 1 R
16 17 13 10 U
16 18 0 2 R
16 19 17 11 D
16 20 13 0 R
17 0 10 13 D
17 1 3 7 U
17 2 6 12 D
17 3 1 8 U
17 4 11 4 R
17 5 12 0 R
17 6 8 11 D
17 7 16 0 R
17 8 6 22 L
17 10 18 18 L
17 11 6 18 L
17 12 16 19 L
17 13 12 5 U
17 15 20 1 R
17 16 9 16 D
17 18 14 16 D
17 19 5 19 L
17 20 18 12 D
18 0 17 10 U
18 1 17 6 U
18 2 19 16 D
18 3 19 12 D
18 4 4 13 D
18 5 16 3 R
18 8 15 19 L
18 12 9 5 U
18 13 6 2 R
18 15 1 15 D
18 16 4 16 D
18 20 16 11 D
19 0 10 0 R
19 5 8 22 L
19 8 11 20 L
19 13 2 13 D
19 15 15 21 L
19 20 7 20 L
20 0 19 9 U
20 20 13 8 U

