28 37 976
1 19 1 0 0 1 3 7 1 21 20 0 8 0
19 0 0 5 0 23 19 6 0 4 21 1 9 0
9 1 12 0 0 23 20 24 0 0 24 18 5 1
22 0 23 0 0 22 0 17 16 24 25 0 0 20
26 0 27 0 0 0 0 0 27 22 0 22 23 6
0 13 14 9 6 0 5 0 0 20 6 0 10 22
22 23 22 15 0 0 27 26 0 19 0 0 0 23
27 22 0 0 26 3 2 24 0 0 0 0 0 0
24 4 2 14 0 2 12 23 0 24 21 4 4 24
26 0 17 26 25 20 12 0 20 0 0 8 1 25
24 0 20 0 23 18 8 20 0 0 14 6 1 11
0 25 20 26 24 17 0 22 0 25 22 10 21 20
23 0 6 0 25 16 8 20 0 0 26 0 1 22
3 17 4 1 26 2 1 0 24 23 25 25 26 14
0 0 0 0 U
0 1 0 1 U
0 2 0 2 U
0 3 0 3 U
0 4 0 4 U
0 5 0 5 U
0 6 0 6 U
0 7 0 7 U
0 8 0 8 U
0 9 0 9 U
0 10 0 10 R
0 11 0 11 R
0 12 0 12 R
0 13 0 13 R
0 14 0 14 R
0 15 0 15 R
0 16 0 16 R
0 17 0 17 R
0 18 0 18 D
0 19 0 19 D
0 20 0 20 D
0 21 0 21 D
0 22 0 22 D
0 23 0 23 D
0 24 0 24 D
0 25 0 25 D
0 26 0 26 D
0 27 0 27 D
0 28 0 28 L
0 29 0 29 L
0 30 0 30 L
0 31 0 31 L
0 32 0 32 L
0 33 0 33 L
0 34 0 34 L
0 35 0 35 L
0 36 0 36 L
1 0 0 18 D
1 1 0 10 R
1 2 2 29 L
1 3 0 20 D
1 4 0 13 R
1 5 0 22 D
1 6 2 15 R
1 7 2 34 L
1 8 0 23 D
1 9 5 16 R
1 10 0 0 U
1 11 0 19 D
1 12 2 2 U
1 13 1 21 D
1 14 1 5 U
1 15 2 23 D
1 16 0 25 D
1 17 2 18 D
1 18 0 10 R
1 19 0 1 U
1 20 0 30 L
1 21 1 12 R
1 22 1 33 L
1 23 1 14 R
1 24 0 7 U
1 25 0 15 R
1 26 6 14 R
1 27 10 12 R
1 28 1 0 U
1 29 0 1 U
1 30 1 2 U
1 31 0 20 D
1 32 1 21 D
1 33 1 4 U
1 34 1 6 U
1 35 3 2 U
1 36 0 16 R
2 0 0 28 L
2 1 0 29 L
2 2 0 11 R
2 3 2 3 U
2 4 1 32 L
2 5 2 5 U
2 6 2 6 U
2 7 1 7 U
2 8 3 8 U
2 9 6 9 U
2 10 0 18 D
2 11 0 3 U
2 12 0 31 L
2 13 2 13 R
2 14 2 14 R
2 15 2 8 U
2 16 3 16 R
2 17 4 17 R
2 18 0 11 R
2 19 2 19 D
2 20 0 31 L
2 21 2 12 R
2 22 1 22 D
2 23 2 28 L
2 24 2 24 D
2 25 0 0 U
2 26 2 26 D
2 27 7 27 D
2 28 1 28 L
2 29 1 18 D
2 30 1 30 L
2 31 0 4 U
2 32 2 32 L
2 33 1 33 L
2 34 3 21 D
2 35 3 35 L
2 36 4 36 L
3 0 1 29 L
3 1 1 14 R
3 2 3 34 L
3 3 3 32 L
3 4 0 19 D
3 5 5 13 R
3 6 1 6 U
3 7 2 35 L
3 8 1 36 L
3 9 7 9 U
3 10 1 24 D
3 11 3 3 U
3 12 0 29 L
3 13 2 19 D
3 14 3 21 D
3 15 3 15 R
3 16 2 16 R
3 17 2 20 D
3 18 2 10 R
3 19 2 28 L
3 20 0 13 R
3 21 1 11 R
3 22 1 35 L
3 23 1 23 D
3 24 1 24 D
3 25 4 25 D
3 26 5 26 D
3 27 11 27 D
3 28 2 22 D
3 29 3 1 U
3 30 0 17 R
3 31 0 25 D
3 32 3 3 U
3 33 5 20 D
3 34 2 34 L
3 35 4 3 U
3 36 2 36 L
4 0 2 36 L
4 1 0 30 L
4 2 2 11 R
4 3 0 21 D
4 4 4 4 U
4 5 5 5 U
4 6 6 32 L
4 7 2 18 D
4 8 4 35 L
4 9 5 9 U
4 10 0 8 U
4 11 2 4 U
4 12 4 3 U
4 13 0 28 L
4 14 5 5 U
4 15 3 25 D
4 16 1 16 R
4 17 0 7 U
4 18 4 28 L
4 19 2 29 L
4 20 0 17 R
4 21 6 12 R
4 22 5 30 L
4 23 5 32 L
4 24 5 10 R
4 25 0 29 L
4 26 6 29 L
4 27 12 27 D
4 28 0 10 R
4 29 1 3 U
4 30 2 30 L
4 31 3 22 D
4 32 4 0 U
4 33 5 26 D
4 34 5 34 L
4 35 2 35 L
4 36 3 36 L
5 0 0 16 R
5 1 5 1 U
5 2 5 32 L
5 3 6 31 L
5 4 6 23 D
5 5 4 5 U
5 6 3 6 U
5 7 7 7 U
5 8 14 31 L
5 9 8 30 L
5 10 2 25 D
5 11 4 1 U
5 12 5 12 R
5 13 6 13 R
5 14 6 14 R
5 15 3 34 L
5 16 3 19 D
5 17 1 17 R
5 18 0 36 L
5 19 2 31 L
5 20 0 2 U
5 21 5 21 D
5 22 5 22 D
5 23 2 23 D
5 24 3 24 D
5 25 4 17 R
5 26 7 15 R
5 27 13 27 D
5 28 0 6 U
5 29 5 8 U
5 30 5 11 R
5 31 5 21 D
5 32 5 18 D
5 33 8 20 D
5 34 4 34 L
5 35 1 24 D
5 36 3 19 D
6 0 2 10 R
6 1 0 11 R
6 2 6 33 L
6 3 0 24 D
6 4 10 35 L
6 5 6 11 R
6 6 5 34 L
6 7 2 7 U
6 8 11 8 U
6 9 8 9 U
6 10 4 19 D
6 11 0 4 U
6 12 4 12 R
6 13 0 23 D
6 14 0 26 D
6 15 5 15 R
6 16 7 24 D
6 17 5 7 U
6 18 6 30 L
6 19 5 12 R
6 20 2 0 U
6 21 6 21 D
6 22 9 33 L
6 23 4 23 D
6 24 4 34 L
6 25 10 12 R
6 26 4 26 D
6 27 13 28 L
6 28 3 0 U
6 29 2 1 U
6 30 6 3 U
6 31 6 31 L
6 32 0 14 R
6 33 8 1 U
6 34 5 0 U
6 35 1 7 U
6 36 3 16 R
7 0 6 10 R
7 1 1 15 R
7 2 5 12 R
7 3 7 31 L
7 4 10 4 U
7 5 4 31 L
7 6 6 6 U
7 7 5 7 U
7 8 12 8 U
7 9 8 12 R
7 10 5 19 D
7 11 6 1 U
7 12 6 3 U
7 13 7 5 U
7 14 8 19 D
7 15 6 15 R
7 16 7 16 R
7 17 8 6 U
7 18 4 30 L
7 19 1 12 R
7 20 3 29 L
7 21 4 13 R
7 22 8 22 D
7 23 1 28 L
7 24 7 17 R
7 25 2 25 D
7 26 3 26 D
7 27 5 27 D
7 28 4 5 U
7 29 7 3 U
7 30 4 26 D
7 31 7 31 L
7 32 7 9 U
7 33 8 22 D
7 34 9 5 U
7 35 10 7 U
7 36 7 36 L
8 0 1 28 L
8 1 0 35 L
8 2 14 32 L
8 3 8 32 L
8 4 2 4 U
8 5 6 5 U
8 6 8 6 U
8 7 9 11 R
8 8 13 8 U
8 9 8 36 L
8 10 8 19 D
8 11 8 23 D
8 12 6 21 D
8 13 9 13 R
8 14 9 2 U
8 15 5 33 L
8 16 4 18 D
8 17 6 17 R
8 18 5 29 L
8 19 3 19 D
8 20 8 20 D
8 21 0 33 L
8 22 9 22 D
8 23 9 13 R
8 24 10 28 L
8 25 10 25 D
8 26 1 26 D
8 27 14 14 R
8 28 7 5 U
8 29 7 19 D
8 30 2 0 U
8 31 0 26 D
8 32 9 20 D
8 33 0 2 U
8 34 9 34 L
8 35 7 25 D
8 36 11 36 L
9 0 8 10 R
9 1 8 33 L
9 2 14 2 U
9 3 8 17 R
9 4 9 24 D
9 5 0 31 L
9 6 10 29 L
9 7 9 34 L
9 8 16 8 U
9 9 11 9 U
9 10 7 10 R
9 11 0 33 L
9 12 3 12 R
9 13 7 13 R
9 14 8 14 R
9 15 6 9 U
9 16 4 16 R
9 17 9 21 D
9 18 1 16 R
9 19 8 15 R
9 20 4 11 R
9 21 3 21 D
9 22 2 14 R
9 23 8 30 L
9 24 5 24 D
9 25 8 35 L
9 26 6 17 R
9 27 9 32 L
9 28 0 18 D
9 29 9 3 U
9 30 9 30 L
9 31 2 20 D
9 32 9 32 L
9 33 2 25 D
9 34 8 34 L
9 35 9 15 R
9 36 10 36 L
10 0 0 12 R
10 1 3 28 L
10 2 2 28 L
10 3 10 3 U
10 4 13 4 U
10 5 8 13 R
10 6 10 10 R
10 7 14 17 R
10 8 5 8 U
10 9 12 11 R
10 10 0 1 U
10 11 6 24 D
10 12 9 26 D
10 13 8 4 U
10 14 2 33 L
10 15 6 18 D
10 16 9 1 U
10 17 10 17 R
10 18 7 35 L
10 19 3 11 R
10 20 10 11 R
10 21 10 13 R
10 22 12 28 L
10 23 7 23 D
10 24 10 24 D
10 25 12 12 R
10 26 13 30 L
10 27 16 27 D
10 28 5 9 U
10 29 5 29 L
10 30 9 6 U
10 31 0 3 U
10 32 8 23 D
10 33 7 33 L
10 34 10 22 D
10 35 13 2 U
10 36 6 36 L
11 0 9 14 R
11 1 11 33 L
11 2 6 2 U
11 3 11 28 L
11 4 7 4 U
11 5 13 13 R
11 6 12 34 L
11 7 13 7 U
11 8 10 8 U
11 9 13 9 U
11 10 9 23 D
11 11 10 30 L
11 12 3 30 L
11 13 7 4 U
11 14 11 24 D
11 15 4 30 L
11 16 8 16 R
11 17 11 1 U
11 18 12 29 L
11 19 9 33 L
11 20 8 29 L
11 21 13 30 L
11 22 11 22 D
11 23 7 13 R
11 24 11 10 R
11 25 3 25 D
11 26 15 26 D
11 27 14 33 L
11 28 10 20 D
11 29 11 3 U
11 30 2 9 U
11 31 11 25 D
11 32 10 18 D
11 33 12 19 D
11 34 11 23 D
11 35 13 35 L
11 36 4 16 R
12 0 11 15 R
12 1 4 11 R
12 2 9 2 U
12 3 11 31 L
12 4 8 4 U
12 5 14 15 R
12 6 8 19 D
12 7 0 19 D
12 8 0 26 D
12 9 6 36 L
12 10 11 0 U
12 11 10 28 L
12 12 11 12 R
12 13 13 25 D
12 14 11 14 R
12 15 12 15 R
12 16 13 9 U
12 17 12 17 R
12 18 11 32 L
12 19 11 0 U
12 20 13 16 R
12 21 10 21 D
12 22 3 5 U
12 23 7 10 R
12 24 11 17 R
12 25 6 25 D
12 26 14 26 D
12 27 9 15 R
12 28 9 0 U
12 29 10 9 U
12 30 12 0 U
12 31 12 31 L
12 32 12 32 L
12 33 12 33 L
12 34 13 34 L
12 35 15 35 L
12 36 14 36 L
13 0 8 0 U
13 1 10 30 L
13 2 13 2 U
13 3 13 31 L
13 4 12 4 U
13 5 12 5 U
13 6 15 6 U
13 7 8 7 U
13 8 15 8 U
13 9 12 9 U
13 10 13 28 L
13 11 11 20 D
13 12 10 1 U
13 13 12 13 R
13 14 8 9 U
13 15 12 24 D
13 16 13 16 R
13 17 11 4 U
13 18 10 29 L
13 19 12 32 L
13 20 13 13 R
13 21 13 14 R
13 22 13 22 D
13 23 5 29 L
13 24 7 33 L
13 25 13 17 R
13 26 2 6 U
13 27 10 16 R
13 28 12 3 U
13 29 13 6 U
13 30 7 14 R
13 31 12 27 D
13 32 11 18 D
13 33 0 21 D
13 34 10 1 U
13 35 7 35 L
13 36 14 0 U
14 0 8 11 R
14 1 12 18 D
14 2 14 29 L
14 3 8 3 U
14 4 5 16 R
14 5 14 35 L
14 6 14 6 U
14 7 16 7 U
14 8 17 8 U
14 9 10 9 U
14 10 8 22 D
14 11 13 11 R
14 12 15 20 D
14 13 12 9 U
14 14 0 35 L
14 15 13 20 D
14 16 9 16 R
14 17 14 24 D
14 18 12 18 D
14 19 0 3 U
14 20 14 20 D
14 21 12 21 D
14 22 14 11 R
14 23 5 23 D
14 24 10 17 R
14 25 15 11 R
14 26 8 26 D
14 27 17 27 D
14 28 7 27 D
14 29 13 2 U
14 30 14 23 D
14 31 11 0 U
14 32 12 22 D
14 33 2 3 U
14 34 16 7 U
14 35 12 7 U
14 36 14 26 D
15 0 14 28 L
15 1 0 27 D
15 2 15 2 U
15 3 11 29 L
15 4 14 4 U
15 5 15 5 U
15 6 15 17 R
15 7 16 15 R
15 8 19 24 D
15 9 12 10 R
15 10 15 19 D
15 11 14 2 U
15 12 12 12 R
15 13 15 1 U
15 14 16 2 U
15 15 16 22 D
15 16 0 21 D
15 17 15 17 R
15 18 15 36 L
15 19 9 31 L
15 20 13 20 D
15 21 16 12 R
15 22 12 10 R
15 23 16 10 R
15 24 15 24 D
15 25 15 25 D
15 26 16 26 D
15 27 8 29 L
15 28 15 22 D
15 29 15 12 R
15 30 14 5 U
15 31 10 26 D
15 32 16 9 U
15 33 15 7 U
15 34 16 34 L
15 35 10 27 D
15 36 9 36 L
16 0 9 25 D
16 1 4 1 U
16 2 7 36 L
16 3 15 32 L
16 4 13 30 L
16 5 11 12 R
16 6 7 6 U
16 7 16 36 L
16 8 19 8 U
16 9 10 35 L
16 10 16 21 D
16 11 16 22 D
16 12 16 20 D
16 13 16 7 U
16 14 12 14 R
16 15 16 15 R
16 16 12 27 D
16 17 13 6 U
16 18 2 34 L
16 19 11 34 L
16 20 14 13 R
16 21 0 1 U
16 22 15 13 R
16 23 15 23 D
16 24 15 17 R
16 25 20 34 L
16 26 16 14 R
16 27 15 27 D
16 28 16 2 U
16 29 11 24 D
16 30 3 5 U
16 31 9 4 U
16 32 15 9 U
16 33 12 18 D
16 34 15 34 L
16 35 16 23 D
16 36 16 25 D
17 0 8 28 L
17 1 18 30 L
17 2 16 12 R
17 3 19 13 R
17 4 18 14 R
17 5 17 10 R
17 6 12 30 L
17 7 18 33 L
17 8 20 8 U
17 9 18 31 L
17 10 6 8 U
17 11 17 1 U
17 12 9 12 R
17 13 15 8 U
17 14 16 5 U
17 15 11 1 U
17 16 12 16 R
17 17 7 6 U
17 18 7 16 R
17 19 2 30 L
17 20 13 29 L
17 21 18 21 D
17 22 1 12 R
17 23 17 13 R
17 24 21 33 L
17 25 19 25 D
17 26 17 28 L
17 27 19 28 L
17 28 2 28 L
17 29 0 19 D
17 30 17 4 U
17 31 17 31 L
17 32 0 11 R
17 33 18 27 D
17 34 16 2 U
17 35 14 27 D
17 36 13 6 U
18 0 11 10 R
18 1 2 32 L
18 2 16 31 L
18 3 20 3 U
18 4 17 12 R
18 5 16 35 L
18 6 19 13 R
18 7 21 7 U
18 8 9 8 U
18 9 19 9 U
18 10 18 23 D
18 11 20 18 D
18 12 17 20 D
18 13 18 0 U
18 14 5 19 D
18 15 20 22 D
18 16 9 25 D
18 17 15 5 U
18 18 16 34 L
18 19 6 35 L
18 20 18 17 R
18 21 8 21 D
18 22 15 22 D
18 23 19 13 R
18 24 21 24 D
18 25 18 25 D
18 26 20 28 L
18 27 20 27 D
18 28 16 18 D
18 29 17 7 U
18 30 17 30 L
18 31 17 22 D
18 32 17 32 L
18 33 17 33 L
18 34 17 34 L
18 35 20 0 U
18 36 14 18 D
19 0 17 34 L
19 1 21 30 L
19 2 18 29 L
19 3 21 3 U
19 4 20 4 U
19 5 0 27 D
19 6 16 6 U
19 7 18 7 U
19 8 18 8 U
19 9 9 9 U
19 10 1 26 D
19 11 19 11 R
19 12 18 12 R
19 13 19 22 D
19 14 17 14 R
19 15 21 15 R
19 16 6 16 R
19 17 18 17 R
19 18 18 30 L
19 19 18 11 R
19 20 17 6 U
19 21 15 28 L
19 22 20 11 R
19 23 17 12 R
19 24 20 24 D
19 25 16 25 D
19 26 18 26 D
19 27 21 10 R
19 28 4 4 U
19 29 18 23 D
19 30 17 21 D
19 31 19 4 U
19 32 19 11 R
19 33 17 3 U
19 34 9 1 U
19 35 19 35 L
19 36 12 36 L
20 0 19 29 L
20 1 20 1 U
20 2 15 34 L
20 3 19 3 U
20 4 20 17 R
20 5 18 5 U
20 6 18 6 U
20 7 0 26 D
20 8 18 36 L
20 9 18 9 U
20 10 19 3 U
20 11 19 9 U
20 12 15 36 L
20 13 20 13 R
20 14 14 14 R
20 15 17 8 U
20 16 22 2 U
20 17 7 22 D
20 18 8 0 U
20 19 19 19 D
20 20 20 20 D
20 21 16 21 D
20 22 0 33 L
20 23 20 23 D
20 24 19 24 D
20 25 17 25 D
20 26 21 26 D
20 27 21 15 R
20 28 18 2 U
20 29 19 29 L
20 30 18 30 L
20 31 19 31 L
20 32 21 32 L
20 33 20 33 L
20 34 19 23 D
20 35 18 35 L
20 36 15 36 L
21 0 21 12 R
21 1 22 29 L
21 2 21 31 L
21 3 21 33 L
21 4 19 4 U
21 5 7 5 U
21 6 17 30 L
21 7 23 7 U
21 8 8 8 U
21 9 21 32 L
21 10 17 5 U
21 11 21 11 R
21 12 19 27 D
21 13 18 32 L
21 14 16 26 D
21 15 21 27 D
21 16 23 16 R
21 17 20 17 R
21 18 19 15 R
21 19 21 15 R
21 20 21 20 D
21 21 19 14 R
21 22 2 22 D
21 23 7 12 R
21 24 17 16 R
21 25 18 35 L
21 26 13 26 D
21 28 19 1 U
21 29 20 29 L
21 30 20 30 L
21 31 19 0 U
21 32 21 27 D
21 33 19 9 U
21 34 20 7 U
21 35 15 25 D
21 36 19 36 L
22 0 22 10 R
22 1 21 10 R
22 2 0 21 D
22 3 21 11 R
22 4 5 10 R
22 5 18 12 R
22 6 24 17 R
22 7 22 7 U
22 8 21 8 U
22 9 22 16 R
22 10 17 7 U
22 11 18 19 D
22 12 20 12 R
22 13 22 32 L
22 14 20 0 U
22 15 22 0 U
22 16 24 16 R
22 17 23 19 D
22 18 20 8 U
22 19 0 4 U
22 20 22 16 R
22 21 23 28 L
22 22 23 28 L
22 23 23 17 R
22 24 18 24 D
22 25 22 31 L
22 26 6 26 D
22 28 17 18 D
22 29 22 18 D
22 30 21 1 U
22 31 19 3 U
22 32 25 1 U
22 33 25 24 D
22 34 20 24 D
22 35 25 8 U
22 36 24 20 D
23 0 18 18 D
23 1 23 21 D
23 2 24 2 U
23 3 17 3 U
23 4 18 32 L
23 5 22 5 U
23 6 23 6 U
23 7 12 7 U
23 8 6 8 U
23 9 24 9 U
23 10 4 34 L
23 11 21 20 D
23 12 19 12 R
23 13 25 3 U
23 14 25 25 D
23 16 24 7 U
23 17 23 17 R
23 18 19 11 R
23 19 11 19 D
23 20 24 31 L
23 21 22 21 D
23 22 26 22 D
23 23 25 23 D
23 24 21 28 L
23 25 25 25 D
23 26 12 26 D
23 28 18 18 D
23 29 23 0 U
23 30 16 30 L
23 31 0 12 R
23 32 25 32 L
23 33 24 33 L
23 34 26 7 U
23 35 25 35 L
23 36 26 36 L
24 0 19 31 L
24 1 23 1 U
24 2 23 2 U
24 3 20 29 L
24 4 21 4 U
24 5 24 5 U
24 6 20 6 U
24 7 24 29 L
24 8 14 8 U
24 9 25 9 U
24 10 19 20 D
24 11 17 18 D
24 12 12 3 U
24 13 26 3 U
24 14 26 14 R
24 16 20 4 U
24 17 22 17 R
24 18 23 18 D
24 19 24 19 D
24 20 24 20 D
24 21 21 21 D
24 22 26 29 L
24 23 24 23 D
24 24 22 24 D
24 25 22 17 R
24 28 21 24 D
24 29 25 29 L
24 30 22 30 L
24 31 20 1 U
24 32 25 6 U
24 33 24 9 U
24 34 21 34 L
24 35 20 35 L
24 36 23 36 L
25 0 24 32 L
25 1 24 33 L
25 2 17 2 U
25 3 25 13 R
25 5 23 5 U
25 6 22 6 U
25 7 25 7 U
25 8 26 34 L
25 10 24 25 D
25 11 20 11 R
25 12 23 25 D
25 13 26 13 R
25 16 25 23 D
25 17 24 0 U
25 18 22 28 L
25 19 21 32 L
25 20 25 16 R
25 21 24 10 R
25 22 6 22 D
25 23 22 13 R
25 24 23 12 R
25 28 22 1 U
25 29 19 5 U
25 30 23 23 D
25 31 17 14 R
25 32 18 19 D
25 33 23 18 D
25 34 26 23 D
25 35 24 35 L
26 0 22 11 R
26 1 25 28 L
26 2 25 14 R
26 5 23 33 L
26 7 22 13 R
26 8 23 8 U
26 10 18 5 U
26 11 22 8 U
26 12 0 34 L
26 13 26 23 D
26 16 25 22 D
26 17 22 36 L
26 18 24 16 R
26 19 19 35 L
26 20 27 12 R
26 21 23 11 R
26 23 23 16 R
26 24 24 32 L
26 28 21 21 D
26 29 9 11 R
26 32 23 32 L
26 33 15 33 L
26 34 25 34 L
27 0 23 28 L
27 2 26 2 U
27 17 24 17 R
27 20 27 20 D
27 28 24 23 D
27 34 24 2 U

