9 10 71
3 0 2 0 0 0 2 0 0 0 0 5 1 0 0 5
6 0 6 0 0 0 0 0 0 3 0 0 0 4 0 2
0 1 0 0 0 0 0 0 3 0 0 0 0 0 2 0
2 0 0 0 0 0 0 0 3 0 2 0 0 0 4 0
0 1 0 3 0 0 0 5 3 0 0 0 5 0 4 0
0 0 0 4 0 0 0 0 0 4 0 0 1 0 0 2
0 0 0 0 0 0 0 0 0 0 0 0 0 0 0 0
0 0 0 0 0 0 0 3 0 0 0 0 0 0 3 0
0 6 8 0 0 3 0 0 0 7 0 0 0 0 0 0
0 0 0 0 0 7 0 0 0 0 0 0 5 5 0 0
0 0 0 1 0 0 7 0 0 0 0 8 0 0 4 0
2 0 7 0 2 0 0 0 7 0 0 0 0 0 0 3
0 1 4 0 0 0 0 0 0 0 0 7 0 4 5 0
7 0 0 0 0 0 0 6 0 0 0 0 0 0 0 8
0 0 0 1 0 4 0 0 3 2 1 0 0 0 4 0
0 2 0 8 0 4 4 1 0 0 0 0 0 4 0 5
0 0 0 0 L
0 1 0 1 L
0 2 0 2 R
0 3 0 3 R
0 4 0 4 R
0 5 0 5 D
0 6 0 6 D
0 7 0 7 U
0 8 0 8 U
0 9 0 9 U
1 0 0 7 U
1 1 0 9 U
1 2 0 8 U
1 3 0 6 D
1 4 0 0 L
1 5 3 1 L
1 6 2 6 D
1 7 0 5 D
1 9 3 9 U
2 0 3 6 D
2 1 3 9 U
2 2 5 2 R
2 3 4 0 L
2 4 3 4 R
2 5 0 2 R
2 6 3 2 R
2 7 1 7 U
2 8 0 0 L
2 9 0 1 L
3 0 0 5 D
3 1 6 7 U
3 2 1 9 U
3 3 1 8 U
3 4 4 4 R
3 5 0 3 R
3 6 6 0 L
3 7 2 7 U
3 8 0 3 R
3 9 0 4 R
4 0 1 0 L
4 1 0 6 D
4 2 0 7 U
4 3 2 3 R
4 4 2 5 D
4 5 3 0 L
4 6 0 8 U
4 7 2 7 U
4 8 1 8 U
5 0 0 4 R
5 1 0 2 R
5 2 0 0 L
5 4 0 5 D
5 5 0 0 L
5 6 0 9 U
5 7 4 2 R
6 0 1 0 L
6 1 0 8 U
6 2 3 5 D
6 5 0 1 L
6 6 2 6 D
6 7 0 2 R
7 0 6 7 U
7 1 2 1 L
7 2 2 9 U
7 5 2 2 R
7 6 2 6 D
7 7 5 2 R
8 2 1 0 L
8 5 3 5 D
8 6 0 2 R
8 7 3 1 L

