18 14 224
0 0 0 0 0 9 14 0 0 0 0 0 3 10
0 6 2 1 0 0 0 0 0 0 4 0 0 12
0 5 13 0 16 0 11 2 16 0 0 0 0 1
0 0 0 13 0 0 0 0 0 11 0 0 1 0
0 0 0 0 0 0 0 0 0 0 0 0 0 13
12 0 2 0 0 0 0 0 13 12 0 0 0 11
0 0 0 0 0 0 2 2 15 0 0 17 10 1
0 0 0 0 0 2 5 0 0 0 0 0 0 0
0 0 0 0 0 5 0 0 0 0 0 0 0 0
0 0 0 0 0 13 0 16 0 3 0 0 6 0
0 0 0 10 16 0 15 14 0 15 0 1 0 0
9 16 0 1 0 13 16 0 11 0 0 0 0 6
0 0 0 0 0 0 0 0 0 1 0 0 0 5
0 0 15 0 12 5 0 3 7 0 0 2 11 1
0 0 0 0 L
0 1 0 1 L
0 2 0 2 L
0 3 0 3 R
0 4 0 4 R
0 5 0 5 R
0 6 0 6 D
0 7 0 7 D
0 8 0 8 D
0 9 0 9 D
0 10 0 10 U
0 11 0 11 U
0 12 0 12 U
0 13 0 13 U
1 0 2 12 U
1 1 4 10 U
1 2 6 11 U
1 3 13 10 U
1 4 9 7 D
1 5 11 11 U
1 6 9 4 R
1 7 0 3 R
1 8 0 11 U
1 9 3 5 R
1 10 3 5 R
1 11 7 2 L
1 12 5 12 U
1 13 14 13 U
2 0 0 6 D
2 1 11 11 U
2 2 1 6 D
2 3 5 3 R
2 4 0 2 L
2 5 1 5 R
2 6 1 3 R
2 7 8 7 D
2 8 3 8 D
2 9 15 9 D
2 10 11 4 R
2 11 0 4 R
2 12 13 12 U
2 13 4 13 U
3 0 8 10 U
3 1 0 10 U
3 2 13 11 U
3 3 2 11 U
3 4 1 8 D
3 5 4 5 R
3 6 0 4 R
3 7 7 1 L
3 8 4 2 L
3 9 10 0 L
3 10 12 1 L
3 11 4 4 R
3 12 11 3 R
3 13 5 5 R
4 0 7 9 D
4 1 2 7 D
4 2 0 5 R
4 3 3 3 R
4 4 6 6 D
4 5 0 8 D
4 6 8 12 U
4 7 3 4 R
4 8 11 8 D
4 9 2 9 D
4 10 6 4 R
4 11 7 1 L
4 12 1 12 U
4 13 5 6 D
5 0 1 10 U
5 1 13 6 D
5 2 7 8 D
5 3 7 0 L
5 4 14 6 D
5 5 0 1 L
5 6 14 6 D
5 7 7 0 L
5 8 6 8 D
5 9 11 1 L
5 10 1 2 L
5 11 4 8 D
5 12 0 8 D
5 13 2 13 U
6 0 0 12 U
6 1 4 1 L
6 2 15 2 L
6 3 7 9 D
6 4 0 10 U
6 5 0 7 D
6 6 0 10 U
6 7 12 10 U
6 8 2 4 R
6 9 8 12 U
6 10 4 3 R
6 11 0 5 R
6 12 0 3 R
6 13 3 1 L
7 0 5 0 L
7 1 12 8 D
7 2 10 3 R
7 3 0 6 D
7 4 2 12 U
7 5 8 8 D
7 6 14 0 L
7 7 11 0 L
7 8 12 3 R
7 10 0 3 R
7 11 10 11 U
7 12 5 12 U
7 13 11 8 D
8 0 0 13 U
8 1 16 10 U
8 2 10 2 L
8 3 9 13 U
8 5 5 12 U
8 6 2 5 R
8 7 1 4 R
8 8 1 2 L
8 9 2 4 R
8 10 4 7 D
8 11 12 0 L
8 12 6 2 L
8 13 5 13 U
9 0 5 0 L
9 1 3 1 L
9 2 4 11 U
9 3 4 6 D
9 4 4 6 D
9 5 0 11 U
9 6 8 3 R
9 7 10 5 R
9 8 3 0 L
9 10 4 2 L
9 11 0 1 L
9 12 5 12 U
9 13 5 7 D
10 0 6 13 U
10 1 4 3 R
10 2 8 12 U
10 3 2 6 D
10 5 14 6 D
10 6 14 2 L
10 7 13 12 U
10 8 15 3 R
10 9 2 9 D
10 10 9 0 L
10 11 0 2 L
10 12 7 12 U
10 13 2 13 U
11 0 5 8 D
11 1 5 10 U
11 2 10 9 D
11 3 0 11 U
11 4 7 10 U
11 5 17 12 U
11 6 0 0 L
11 7 13 7 D
11 8 0 2 L
11 9 3 1 L
11 10 12 0 L
11 11 15 3 R
11 12 12 4 R
11 13 7 9 D
12 0 13 6 D
12 1 5 7 D
12 2 0 8 D
12 3 10 7 D
12 4 6 4 R
12 5 9 5 R
12 6 0 13 U
12 7 1 7 D
12 8 1 11 U
12 9 14 9 D
12 10 0 0 L
12 11 2 4 R
12 12 8 2 L
12 13 6 2 L
13 0 14 7 D
13 1 7 6 D
13 2 11 13 U
13 3 12 13 U
13 4 11 10 U
13 5 15 5 R
13 6 7 0 L
13 7 4 10 U
13 8 5 4 R
13 9 7 9 D
13 10 1 5 R
13 11 4 11 U
13 12 0 6 D
13 13 16 5 R
14 0 0 7 D
14 1 7 5 R
14 2 12 2 L
14 4 12 11 U
14 5 7 12 U
14 6 11 1 L
14 7 13 2 L
14 9 7 9 D
14 10 11 1 L
14 11 9 6 D
14 12 3 12 U
14 13 9 4 R
15 0 1 7 D
15 1 1 1 L
15 2 2 2 L
15 3 9 8 D
15 4 8 13 U
15 5 6 9 D
15 6 4 3 R
15 7 0 13 U
15 9 11 9 D
15 11 3 4 R
15 12 2 5 R
16 0 5 12 U
16 1 13 11 U
16 2 11 9 D
16 6 1 10 U
16 7 1 3 R
16 11 10 8 D
16 12 12 2 L
17 0 3 0 L
17 6 8 2 L

