21 17 305
4 8 0 0 5 6 4 0 0 0 12 0 6 5
13 0 14 16 0 0 13 4 0 0 0 16 2 0
14 0 0 17 0 14 0 1 0 0 6 9 0 9
14 0 0 12 0 1 0 1 0 5 0 4 13 0
11 0 15 0 0 0 17 5 15 0 2 13 0 9
12 18 0 9 18 0 0 0 0 0 0 0 0 0
0 0 16 0 0 19 15 0 0 0 0 0 6 11
0 0 0 0 0 19 0 18 12 0 0 14 7 7
0 0 7 17 19 0 5 0 0 0 18 2 11 2
0 0 7 4 10 13 11 0 11 11 0 19 9 0
0 0 9 0 0 4 3 14 0 1 0 16 0 7
8 0 14 9 0 0 0 2 8 2 16 0 0 8
4 17 2 5 0 0 7 0 3 2 13 6 20 0
1 0 5 2 20 15 0 16 15 0 5 5 1 10
0 0 0 0 D
0 1 0 1 D
0 2 0 2 D
0 3 0 3 D
0 4 0 4 D
0 5 0 5 R
0 6 0 6 R
0 7 0 7 R
0 8 0 8 R
0 9 0 9 U
0 10 0 10 U
0 11 0 11 U
0 12 0 12 U
0 13 0 13 L
0 14 0 14 L
0 15 0 15 L
0 16 0 16 L
1 0 5 9 U
1 1 2 8 R
1 2 11 2 D
1 3 0 8 R
1 4 0 12 U
1 5 10 10 U
1 6 18 0 D
1 7 0 2 D
1 8 16 1 D
1 9 15 6 R
1 10 11 8 R
1 11 15 1 D
1 12 0 4 D
1 13 9 0 D
1 14 19 1 D
1 15 4 2 D
1 16 6 5 R
2 0 9 10 U
2 1 13 1 D
2 2 0 12 U
2 3 11 5 R
2 4 4 4 D
2 5 18 2 D
2 6 12 6 R
2 7 15 7 R
2 8 5 1 D
2 9 6 0 D
2 10 3 7 R
2 11 0 15 L
2 12 0 16 L
2 13 0 0 D
2 14 14 1 D
2 15 6 15 L
2 16 4 2 D
3 0 4 16 L
3 1 7 1 D
3 2 11 6 R
3 3 12 3 D
3 4 14 4 D
3 5 9 9 U
3 6 0 9 U
3 7 8 0 D
3 8 13 8 R
3 9 6 5 R
3 10 7 14 L
3 11 4 11 U
3 12 5 12 U
3 13 5 10 U
3 14 5 11 U
3 15 9 1 D
3 16 10 0 D
4 0 0 13 L
4 1 3 14 L
4 2 16 7 R
4 3 14 8 R
4 4 9 4 D
4 5 2 11 U
4 6 8 6 R
4 7 0 15 L
4 8 5 12 U
4 9 0 13 L
4 10 0 14 L
4 11 1 11 U
4 12 14 8 R
4 13 0 7 R
4 14 19 14 L
4 15 1 2 D
4 16 9 16 L
5 0 0 9 U
5 1 0 10 U
5 2 11 11 U
5 3 4 7 R
5 4 3 4 D
5 5 2 5 R
5 6 16 0 D
5 7 8 3 D
5 8 8 8 R
5 9 4 16 L
5 10 4 15 L
5 11 11 16 L
5 12 0 13 L
5 13 3 9 U
5 14 0 1 D
5 15 0 2 D
5 16 3 16 L
6 0 3 14 L
6 1 0 6 R
6 2 3 10 U
6 3 0 7 R
6 4 3 4 D
6 5 8 5 R
6 6 18 6 R
6 7 5 11 U
6 8 19 8 R
6 9 2 9 U
6 10 14 13 L
6 11 5 7 R
6 12 3 12 U
6 13 5 1 D
6 14 3 10 U
6 15 8 15 L
6 16 7 1 D
7 0 0 5 R
7 1 1 12 U
7 2 1 12 U
7 4 9 6 R
7 5 13 1 D
7 6 4 1 D
7 7 14 7 R
7 8 6 2 D
7 9 0 5 R
7 10 1 10 U
7 11 10 8 R
7 12 2 7 R
7 13 10 13 L
7 14 8 14 L
7 15 3 2 D
7 16 5 11 U
8 0 4 6 R
8 1 9 1 D
8 2 13 2 D
8 5 5 1 D
8 6 9 10 U
8 7 16 13 L
8 8 2 8 R
8 9 0 7 R
8 10 1 13 L
8 11 3 11 U
8 12 2 6 R
8 13 14 13 L
8 14 5 14 L
8 15 2 9 U
8 16 11 16 L
9 0 3 9 U
9 1 0 16 L
9 2 6 13 L
9 5 1 9 U
9 6 2 14 L
9 7 0 11 U
9 8 4 11 U
9 9 10 7 R
9 10 13 10 U
9 11 3 11 U
9 12 10 12 U
9 13 0 10 U
9 14 5 6 R
9 15 5 12 U
9 16 8 4 D
10 0 0 14 L
10 1 0 15 L
10 2 13 14 L
10 3 17 3 D
10 4 1 5 R
10 5 14 0 D
10 6 0 1 D
10 7 1 7 R
10 8 7 8 R
10 9 6 8 R
10 10 14 2 D
10 11 0 6 R
10 12 3 12 U
10 13 6 12 U
10 14 3 14 L
10 15 0 11 U
10 16 5 16 L
11 0 3 5 R
11 1 8 6 R
11 2 8 2 D
11 4 9 5 R
11 5 10 5 R
11 6 0 12 U
11 7 0 14 L
11 8 3 3 D
11 9 4 14 L
11 10 3 10 U
11 11 13 6 R
11 12 9 15 L
11 13 4 9 U
11 14 3 0 D
11 15 2 2 D
12 0 9 6 R
12 1 13 8 R
12 2 1 7 R
12 5 7 9 U
12 6 6 13 L
12 7 7 11 U
12 8 2 8 R
12 9 13 1 D
12 10 3 15 L
12 11 2 14 L
12 12 15 14 L
12 13 17 13 L
12 14 18 14 L
12 15 11 11 U
13 0 17 0 D
13 1 20 6 R
13 2 7 2 D
13 5 14 11 U
13 6 15 9 U
13 7 3 2 D
13 8 14 9 U
13 9 18 7 R
13 10 7 13 L
13 11 9 11 U
13 12 1 12 U
13 13 2 12 U
13 14 10 14 L
13 15 0 4 D
13 16 8 16 L
14 0 5 5 R
14 1 16 9 U
14 2 8 11 U
14 5 4 3 D
14 6 13 10 U
14 7 12 12 U
14 8 1 10 U
14 9 7 15 L
14 10 0 6 R
14 11 6 5 R
14 12 16 6 R
14 13 0 9 U
14 14 0 8 R
14 15 11 5 R
15 0 13 13 L
15 1 17 13 L
15 2 14 5 R
15 4 2 4 D
15 5 6 5 R
15 6 2 4 D
15 7 2 10 U
15 8 0 3 D
15 9 6 14 L
15 10 7 15 L
15 11 17 15 L
15 12 17 7 R
15 13 3 0 D
15 14 0 3 D
15 15 0 6 R
16 0 4 0 D
16 1 9 1 D
16 2 0 5 R
16 3 1 6 R
16 4 0 5 R
16 5 0 13 L
16 6 0 0 D
16 7 9 2 D
16 9 9 16 L
16 10 7 10 U
16 11 5 15 L
16 12 15 3 D
16 13 11 13 L
16 14 15 7 R
16 15 10 15 L
17 0 14 12 U
17 1 0 11 U
17 5 15 9 U
17 6 2 0 D
17 7 19 1 D
17 8 12 1 D
17 9 3 9 U
17 10 16 15 L
17 11 5 11 U
17 12 3 12 U
17 13 19 0 D
17 14 13 6 R
17 15 3 12 U
18 0 8 0 D
18 5 12 2 D
18 6 8 0 D
18 7 17 7 R
18 9 12 15 L
18 11 10 4 D
18 12 3 13 L
18 13 4 10 U
18 14 1 14 L
18 15 17 15 L
18 16 8 16 L
19 0 2 6 R
19 5 0 11 U
19 6 16 6 R
19 9 1 5 R
19 11 8 11 U
19 12 6 6 R
19 13 6 13 L
19 14 13 10 U
20 6 0 14 L
20 13 5 9 U
20 14 0 12 U

