30 40 1046
0 0 24 18 6 8 4 0 13 0 0 0 0 3 14 0 4 0 18 15
14 7 24 0 17 0 0 0 4 0 0 0 0 4 27 26 25 23 0 21
15 1 0 0 16 0 4 0 0 0 0 18 0 0 4 0 9 0 23 17
0 0 0 7 23 0 7 0 26 0 13 10 0 7 0 1 0 0 10 18
0 4 0 18 0 0 0 0 0 9 19 0 0 0 10 0 0 0 7 0
0 0 26 0 0 0 28 0 0 0 0 0 0 21 13 2 17 18 0 6
0 0 0 10 24 24 27 0 13 13 0 11 6 0 0 0 15 16 0 0
9 20 26 0 24 0 0 0 0 0 0 0 0 0 0 0 0 29 17 0
0 2 17 0 13 26 21 0 0 0 22 0 27 0 0 0 0 28 0 0
0 0 0 11 0 27 18 0 0 1 3 0 27 0 0 0 0 23 13 0
0 26 27 0 14 22 20 0 27 12 2 0 12 0 0 25 2 24 13 13
21 23 0 0 0 25 24 7 24 0 22 0 0 25 5 0 25 29 0 0
28 0 26 18 5 0 10 25 21 0 0 0 27 0 0 23 0 0 0 0
0 0 0 26 0 0 4 0 0 25 0 0 0 28 0 12 3 16 0 25
5 0 0 0 0 0 0 13 0 0 0 17 0 0 0 22 25 0 7 7
0 0 0 0 17 0 16 0 0 0 0 0 0 0 21 19 17 6 25 25
19 7 24 5 4 0 25 0 0 0 14 23 28 0 0 7 16 7 0 0
0 0 25 2 2 27 0 26 27 0 19 22 0 0 3 23 23 0 0 14
7 18 16 24 0 22 18 11 0 26 9 22 18 24 1 16 13 13 0 21
2 21 13 27 0 0 14 4 12 0 0 4 0 0 12 2 0 2 19 0
0 0 0 0 D
0 1 0 1 D
0 2 0 2 D
0 3 0 3 D
0 4 0 4 D
0 5 0 5 D
0 6 0 6 D
0 7 0 7 D
0 8 0 8 D
0 9 0 9 D
0 10 0 10 R
0 11 0 11 R
0 12 0 12 R
0 13 0 13 R
0 14 0 14 R
0 15 0 15 R
0 16 0 16 R
0 17 0 17 R
0 18 0 18 R
0 19 0 19 R
0 20 0 20 U
0 21 0 21 U
0 22 0 22 U
0 23 0 23 U
0 24 0 24 U
0 25 0 25 U
0 26 0 26 U
0 27 0 27 U
0 28 0 28 U
0 29 0 29 U
0 30 0 30 L
0 31 0 31 L
0 32 0 32 L
0 33 0 33 L
0 34 0 34 L
0 35 0 35 L
0 36 0 36 L
0 37 0 37 L
0 38 0 38 L
0 39 0 39 L
1 0 2 39 L
1 1 7 30 L
1 2 13 2 D
1 3 0 11 R
1 4 13 4 D
1 5 23 14 R
1 6 14 11 R
1 7 24 13 R
1 8 4 8 D
1 9 5 9 D
1 10 14 27 U
1 11 0 1 D
1 12 4 2 D
1 13 0 23 U
1 14 2 14 R
1 15 4 15 R
1 16 4 21 U
1 17 2 21 U
1 18 5 26 U
1 19 12 19 R
1 20 11 38 L
1 21 3 31 L
1 22 5 22 U
1 23 13 11 R
1 24 8 30 L
1 25 5 35 L
1 26 6 33 L
1 27 9 27 U
1 28 2 34 L
1 29 12 15 R
1 30 0 1 D
1 31 2 4 D
1 32 5 32 L
1 33 3 33 L
1 34 8 9 D
1 35 8 5 D
1 36 4 36 L
1 37 15 37 L
1 38 5 38 L
1 39 4 39 L
2 0 14 0 D
2 1 0 10 R
2 2 11 23 U
2 3 23 13 R
2 4 14 12 R
2 5 26 12 R
2 6 7 6 D
2 7 13 7 D
2 8 9 37 L
2 9 3 9 D
2 10 16 25 U
2 11 1 25 U
2 12 0 24 U
2 13 6 23 U
2 14 13 22 U
2 15 19 15 R
2 16 1 16 R
2 17 0 7 D
2 18 20 27 U
2 19 8 19 R
2 20 0 30 L
2 21 10 21 U
2 22 1 15 R
2 23 20 32 L
2 24 0 6 D
2 25 7 25 U
2 26 9 33 L
2 27 8 36 L
2 28 6 28 U
2 30 0 21 U
2 31 0 0 D
2 32 9 0 D
2 33 7 5 D
2 34 14 34 L
2 35 1 24 U
2 36 17 36 L
2 37 15 28 U
2 38 4 38 L
2 39 1 25 U
3 0 21 10 R
3 1 20 11 R
3 2 2 31 L
3 3 1 3 D
3 4 14 4 D
3 5 4 36 L
3 6 6 6 D
3 7 22 37 L
3 8 7 37 L
3 9 7 9 D
3 10 0 0 D
3 11 0 30 L
3 12 1 12 R
3 13 1 1 D
3 14 1 14 R
3 15 9 28 U
3 16 1 16 R
3 17 17 27 U
3 18 0 29 U
3 19 5 19 R
3 20 0 12 R
3 21 7 10 R
3 22 0 33 L
3 23 11 13 R
3 24 25 17 R
3 25 17 25 U
3 26 7 26 U
3 27 13 34 L
3 28 16 37 L
3 29 10 29 U
3 30 0 6 D
3 31 13 20 U
3 32 16 22 U
3 33 1 24 U
3 34 5 34 L
3 35 2 35 L
3 36 0 13 R
3 37 9 37 L
3 38 11 38 L
3 39 5 39 L
4 0 12 36 L
4 1 26 39 L
4 2 2 16 R
4 3 5 3 D
4 4 18 4 D
4 5 7 10 R
4 6 9 16 R
4 7 0 28 U
4 8 22 19 R
4 9 5 9 D
4 10 6 24 U
4 11 18 11 R
4 12 6 6 D
4 13 17 13 R
4 14 9 14 R
4 15 0 27 U
4 16 18 16 R
4 17 1 17 R
4 18 8 18 R
4 19 11 29 U
4 20 0 0 D
4 21 17 31 L
4 22 3 22 U
4 23 6 23 U
4 24 8 24 U
4 25 7 14 R
4 26 1 26 U
4 27 1 15 R
4 28 2 13 R
4 29 10 29 U
4 30 2 10 R
4 31 0 27 U
4 32 19 21 U
4 33 15 2 D
4 34 7 34 L
4 35 21 26 U
4 36 7 36 L
4 37 2 6 D
4 38 1 38 L
4 39 22 27 U
5 0 9 38 L
5 1 0 31 L
5 2 3 30 L
5 3 10 3 D
5 4 21 4 D
5 5 16 35 L
5 6 0 38 L
5 7 20 39 L
5 8 21 8 D
5 9 13 37 L
5 10 21 20 U
5 11 17 23 U
5 12 12 1 D
5 13 1 2 D
5 14 17 3 D
5 15 0 34 L
5 16 2 0 D
5 17 26 7 D
5 18 12 1 D
5 19 12 9 D
5 20 1 11 R
5 21 7 12 R
5 22 10 12 R
5 23 17 31 L
5 24 8 4 D
5 25 1 34 L
5 26 20 34 L
5 27 22 31 L
5 28 2 28 U
5 29 11 29 U
5 30 9 1 D
5 31 11 0 D
5 32 21 26 U
5 33 22 33 L
5 34 14 25 U
5 35 2 24 U
5 36 22 29 U
5 37 16 26 U
5 38 2 20 U
5 39 2 39 L
6 0 0 32 L
6 1 11 19 R
6 2 18 14 R
6 3 7 31 L
6 4 7 32 L
6 5 7 5 D
6 6 0 17 R
6 7 0 10 R
6 8 8 20 U
6 9 2 9 D
6 10 0 26 U
6 11 16 11 R
6 12 16 2 D
6 13 4 13 R
6 14 0 35 L
6 15 21 26 U
6 16 0 22 U
6 17 7 29 U
6 18 18 28 U
6 19 11 21 U
6 20 9 12 R
6 21 13 16 R
6 22 1 22 U
6 23 17 14 R
6 24 7 24 U
6 25 9 5 D
6 26 1 26 U
6 27 7 27 U
6 28 10 17 R
6 29 25 35 L
6 30 19 22 U
6 31 7 7 D
6 32 1 32 L
6 33 16 26 U
6 34 12 3 D
6 35 15 9 D
6 36 11 25 U
6 37 21 8 D
6 38 7 38 L
6 39 3 6 D
7 0 15 34 L
7 1 0 20 U
7 2 2 32 L
7 3 5 3 D
7 4 16 4 D
7 5 23 5 D
7 6 19 6 D
7 7 14 38 L
7 8 22 34 L
7 9 0 29 U
7 10 9 2 D
7 11 10 26 U
7 12 21 21 U
7 13 13 20 U
7 14 3 14 R
7 15 4 15 R
7 16 2 16 R
7 17 3 17 R
7 18 1 28 U
7 19 1 1 D
7 20 8 20 U
7 21 3 11 R
7 22 6 30 L
7 23 0 3 D
7 24 23 12 R
7 25 11 25 U
7 26 1 26 U
7 27 11 27 U
7 28 6 28 U
7 29 5 29 U
7 30 10 4 D
7 31 15 8 D
7 32 5 2 D
7 33 10 15 R
7 34 0 29 U
7 35 0 5 D
7 36 8 29 U
7 37 14 0 D
7 38 12 38 L
7 39 9 23 U
8 0 9 15 R
8 1 21 1 D
8 2 7 2 D
8 3 4 33 L
8 4 1 36 L
8 5 16 34 L
8 6 2 16 R
8 7 7 38 L
8 8 4 38 L
8 9 14 13 R
8 10 3 29 U
8 11 18 2 D
8 12 4 26 U
8 13 20 2 D
8 14 16 14 R
8 15 18 8 D
8 16 5 1 D
8 17 5 7 D
8 18 4 18 R
8 19 9 19 R
8 20 22 14 R
8 21 4 39 L
8 22 9 30 L
8 23 10 14 R
8 24 10 31 L
8 25 4 36 L
8 26 11 4 D
8 27 19 32 L
8 28 4 15 R
8 29 12 31 L
8 30 25 3 D
8 31 13 1 D
8 32 1 25 U
8 33 9 23 U
8 34 0 3 D
8 35 7 24 U
8 36 13 36 L
8 37 17 37 L
8 38 9 7 D
8 39 0 21 U
9 0 0 14 R
9 1 19 38 L
9 2 6 39 L
9 3 7 36 L
9 4 3 11 R
9 5 0 16 R
9 6 3 6 D
9 7 0 24 U
9 8 0 22 U
9 9 0 18 R
9 10 11 9 D
9 11 27 1 D
9 12 8 0 D
9 13 24 27 U
9 14 2 14 R
9 15 3 5 D
9 16 0 6 D
9 17 10 17 R
9 18 1 18 R
9 19 5 22 U
9 20 0 36 L
9 22 21 32 L
9 23 3 32 L
9 24 7 24 U
9 25 13 33 L
9 26 20 30 L
9 27 16 36 L
9 28 0 8 D
9 29 2 29 U
9 30 1 1 D
9 31 12 31 L
9 32 14 23 U
9 33 20 12 R
9 34 25 34 L
9 35 20 35 L
9 36 25 28 U
9 37 14 37 L
9 38 10 5 D
9 39 22 24 U
10 0 1 0 D
10 1 6 31 L
10 2 15 36 L
10 3 0 21 U
10 4 0 19 R
10 5 5 5 D
10 6 0 36 L
10 7 23 7 D
10 8 12 33 L
10 9 14 9 D
10 10 19 1 D
10 11 0 3 D
10 12 1 5 D
10 13 7 21 U
10 14 4 14 R
10 15 0 25 U
10 16 20 25 U
10 17 15 9 D
10 18 9 2 D
10 19 1 20 U
10 20 1 20 U
10 21 17 13 R
10 22 12 18 R
10 23 17 15 R
10 24 8 32 L
10 25 2 25 U
10 26 8 15 R
10 27 0 37 L
10 28 1 17 R
10 29 26 14 R
10 30 19 21 U
10 31 7 5 D
10 32 21 21 U
10 33 0 20 U
10 34 3 2 D
10 35 17 6 D
10 36 1 5 D
10 37 14 9 D
10 38 0 8 D
10 39 3 39 L
11 0 6 35 L
11 1 13 1 D
11 2 7 34 L
11 3 2 36 L
11 4 16 33 L
11 5 4 5 D
11 6 6 31 L
11 7 14 35 L
11 8 4 8 D
11 9 4 9 D
11 10 1 21 U
11 11 3 23 U
11 12 4 12 R
11 13 3 25 U
11 14 10 25 U
11 15 7 27 U
11 16 17 26 U
11 17 26 38 L
11 18 2 18 R
11 19 0 30 L
11 20 1 32 L
11 21 0 18 R
11 22 0 35 L
11 23 16 32 L
11 24 5 33 L
11 25 15 18 R
11 26 17 26 U
11 27 3 27 U
11 28 4 30 L
11 29 14 19 R
11 30 19 0 D
11 31 0 11 R
11 32 4 5 D
11 33 0 12 R
11 34 23 1 D
11 35 14 8 D
11 36 4 36 L
11 37 13 7 D
11 38 25 9 D
11 39 10 2 D
12 0 0 12 R
12 1 2 1 D
12 2 7 32 L
12 3 3 3 D
12 4 9 13 R
12 5 1 13 R
12 6 6 18 R
12 7 23 10 R
12 8 26 8 D
12 9 25 9 D
12 10 2 4 D
12 11 8 0 D
12 12 3 12 R
12 13 23 22 U
12 14 25 24 U
12 15 23 15 R
12 16 19 3 D
12 17 25 24 U
12 18 18 7 D
12 19 20 8 D
12 20 1 34 L
12 21 15 30 L
12 22 16 22 U
12 23 4 23 U
12 24 7 24 U
12 25 8 12 R
12 26 10 14 R
12 27 19 37 L
12 28 14 28 U
12 29 11 30 L
12 30 5 28 U
12 31 3 20 U
12 32 0 8 D
12 33 1 6 D
12 34 11 34 L
12 35 5 35 L
12 36 11 0 D
12 37 15 26 U
12 38 6 38 L
12 39 18 20 U
13 0 4 30 L
13 1 21 31 L
13 2 23 17 R
13 3 4 3 D
13 4 0 15 R
13 5 14 33 L
13 6 22 6 D
13 7 3 17 R
13 8 5 19 R
13 9 0 14 R
13 10 0 20 U
13 11 0 31 L
13 12 22 22 U
13 13 4 21 U
13 14 0 0 D
13 15 7 5 D
13 16 2 16 R
13 17 4 17 R
13 18 8 26 U
13 19 11 4 D
13 20 12 37 L
13 21 2 10 R
13 22 1 12 R
13 23 15 4 D
13 24 8 15 R
13 25 10 15 R
13 26 0 15 R
13 27 3 27 U
13 28 0 38 L
13 29 0 17 R
13 30 10 7 D
13 31 12 28 U
13 32 6 9 D
13 33 20 23 U
13 34 24 26 U
13 35 10 20 U
13 36 9 24 U
13 37 5 29 U
13 38 25 25 U
13 39 7 2 D
14 0 0 35 L
14 1 6 12 R
14 2 5 30 L
14 3 23 15 R
14 4 8 4 D
14 5 18 14 R
14 6 20 15 R
14 7 1 36 L
14 8 1 8 D
14 9 4 13 R
14 10 9 3 D
14 11 21 4 D
14 12 1 26 U
14 13 8 8 D
14 14 18 14 R
14 15 12 1 D
14 16 16 16 R
14 17 11 39 L
14 18 19 24 U
14 19 1 19 R
14 20 11 10 R
14 21 15 10 R
14 22 3 16 R
14 23 8 11 R
14 24 13 11 R
14 25 3 25 U
14 26 20 26 U
14 27 2 32 L
14 28 9 35 L
14 29 10 13 R
14 30 15 27 U
14 31 0 10 R
14 32 0 18 R
14 33 9 3 D
14 34 22 26 U
14 35 16 7 D
14 36 6 26 U
14 37 6 24 U
14 38 17 38 L
14 39 0 0 D
15 0 3 0 D
15 1 18 10 R
15 2 22 38 L
15 3 4 34 L
15 4 19 36 L
15 5 13 16 R
15 6 17 10 R
15 7 13 18 R
15 8 6 8 D
15 9 24 17 R
15 10 20 38 L
15 11 8 24 U
15 12 0 39 L
15 13 8 23 U
15 14 16 3 D
15 15 10 36 L
15 16 5 39 L
15 17 5 17 R
15 18 22 26 U
15 19 4 19 R
15 20 16 13 R
15 21 2 12 R
15 22 0 31 L
15 23 12 33 L
15 24 1 15 R
15 25 12 16 R
15 26 21 36 L
15 27 4 33 L
15 29 5 29 U
15 30 8 21 U
15 31 4 21 U
15 32 6 6 D
15 33 14 24 U
15 34 7 23 U
15 35 17 18 R
15 36 7 7 D
15 37 16 0 D
15 38 2 22 U
15 39 1 39 L
16 0 20 10 R
16 1 17 37 L
16 2 4 14 R
16 3 0 34 L
16 4 6 4 D
16 5 17 11 R
16 6 15 12 R
16 7 2 7 D
16 8 12 14 R
16 9 19 18 R
16 10 0 22 U
16 11 18 27 U
16 12 5 12 R
16 13 5 3 D
16 14 1 22 U
16 15 22 3 D
16 16 13 16 R
16 17 19 1 D
16 18 14 7 D
16 19 20 4 D
16 20 5 30 L
16 21 2 11 R
16 22 21 22 U
16 23 24 23 U
16 24 3 24 U
16 25 15 37 L
16 26 14 31 L
16 27 20 27 U
16 28 10 18 R
16 29 12 37 L
16 30 15 20 U
16 31 11 4 D
16 32 4 29 U
16 33 4 3 D
16 34 4 34 L
16 35 11 19 R
16 36 24 36 L
16 37 15 37 L
16 38 15 29 U
16 39 4 39 L
17 0 26 32 L
17 1 22 30 L
17 2 24 34 L
17 3 16 3 D
17 4 11 21 U
17 5 14 5 D
17 6 28 6 D
17 7 24 12 R
17 8 15 8 D
17 9 16 11 R
17 10 8 0 D
17 11 18 1 D
17 12 19 12 R
17 13 21 23 U
17 14 0 22 U
17 15 11 24 U
17 16 11 26 U
17 17 20 17 R
17 18 0 32 L
17 20 0 32 L
17 21 0 11 R
17 22 9 13 R
17 23 12 31 L
17 24 19 36 L
17 25 8 8 D
17 26 25 16 R
17 27 18 16 R
17 29 0 7 D
17 30 4 26 U
17 31 24 25 U
17 32 5 32 L
17 33 0 15 R
17 34 4 3 D
17 35 18 21 U
17 36 7 36 L
17 37 22 23 U
17 38 20 38 L
17 39 20 9 D
18 0 9 35 L
18 1 0 13 R
18 2 21 2 D
18 3 3 10 R
18 4 4 35 L
18 5 0 28 U
18 6 7 31 L
18 10 5 21 U
18 11 8 5 D
18 12 19 12 R
18 13 16 13 R
18 14 19 29 U
18 15 0 4 D
18 16 0 0 D
18 17 5 17 R
18 18 0 28 U
18 19 15 2 D
18 20 0 16 R
18 21 17 30 L
18 22 15 31 L
18 23 20 31 L
18 24 12 30 L
18 25 7 19 R
18 26 19 39 L
18 27 10 33 L
18 29 23 36 L
18 30 22 28 U
18 31 24 22 U
18 32 0 22 U
18 33 4 29 U
18 34 14 6 D
18 35 10 6 D
18 36 14 25 U
18 37 0 0 D
18 38 4 38 L
18 39 1 39 L
19 0 16 11 R
19 1 0 39 L
19 2 12 11 R
19 3 13 32 L
19 4 16 4 D
19 5 13 5 D
19 6 2 11 R
19 7 0 34 L
19 8 2 18 R
19 9 15 19 R
19 10 4 21 U
19 11 2 1 D
19 12 25 2 D
19 13 14 29 U
19 14 1 5 D
19 15 6 22 U
19 16 11 5 D
19 17 22 6 D
19 18 17 6 D
19 19 16 19 R
19 20 22 30 L
19 21 6 32 L
19 22 3 30 L
19 23 4 32 L
19 24 6 31 L
19 25 3 25 U
19 26 21 17 R
19 27 10 18 R
19 28 14 33 L
19 29 5 35 L
19 30 16 21 U
19 31 23 24 U
19 32 10 4 D
19 33 16 4 D
19 34 3 28 U
19 35 2 35 L
19 36 0 28 U
19 37 1 8 D
19 38 7 15 R
19 39 8 39 L
20 0 10 17 R
20 1 24 32 L
20 2 21 31 L
20 3 13 14 R
20 4 4 32 L
20 5 1 33 L
20 6 21 6 D
20 7 10 33 L
20 8 13 8 D
20 9 1 10 R
20 10 18 0 D
20 11 9 6 D
20 12 8 4 D
20 13 19 0 D
20 14 15 4 D
20 15 5 24 U
20 16 15 16 R
20 17 2 8 D
20 18 3 18 R
20 19 4 7 D
20 20 0 34 L
20 21 9 33 L
20 22 12 38 L
20 23 5 31 L
20 24 23 33 L
20 25 2 38 L
20 26 22 35 L
20 27 0 13 R
20 28 17 28 U
20 29 2 35 L
20 30 22 21 U
20 31 17 27 U
20 32 23 2 D
20 33 3 8 D
20 34 0 17 R
20 35 10 3 D
20 36 17 7 D
20 37 27 25 U
20 38 25 20 U
20 39 9 39 L
21 0 0 30 L
21 1 12 18 R
21 2 4 15 R
21 3 22 39 L
21 4 20 19 R
21 5 16 32 L
21 6 13 33 L
21 7 17 37 L
21 8 18 11 R
21 9 9 15 R
21 10 11 10 R
21 11 5 11 R
21 12 13 29 U
21 13 20 13 R
21 14 4 22 U
21 15 12 23 U
21 16 13 2 D
21 17 0 31 L
21 18 4 18 R
21 20 0 10 R
21 21 17 21 U
21 22 12 10 R
21 23 13 23 U
21 24 5 24 U
21 25 1 25 U
21 26 15 26 U
21 27 1 27 U
21 30 1 2 D
21 31 22 28 U
21 32 27 1 D
21 33 0 3 D
21 34 25 34 L
21 35 10 35 L
21 36 11 4 D
21 37 0 16 R
21 38 14 6 D
21 39 1 8 D
22 0 4 14 R
22 1 7 39 L
22 2 9 12 R
22 3 1 19 R
22 4 21 16 R
22 5 10 39 L
22 6 6 11 R
22 7 8 12 R
22 8 24 12 R
22 9 5 15 R
22 10 21 21 U
22 11 12 2 D
22 12 0 33 L
22 13 21 39 L
22 14 9 14 R
22 15 24 4 D
22 16 5 16 R
22 17 4 17 R
22 18 20 18 R
22 19 20 7 D
22 20 0 19 R
22 21 14 10 R
22 22 0 9 D
22 23 24 23 U
22 24 1 24 U
22 25 23 25 U
22 26 1 1 D
22 27 21 27 U
22 30 25 8 D
22 31 14 23 U
22 32 26 5 D
22 33 3 33 L
22 34 3 34 L
22 36 1 36 L
22 37 19 1 D
22 38 2 38 L
22 39 24 39 L
23 0 7 33 L
23 1 8 36 L
23 2 16 11 R
23 3 8 3 D
23 4 1 35 L
23 5 21 22 U
23 8 4 17 R
23 10 15 26 U
23 11 27 21 U
23 12 11 23 U
23 13 22 6 D
23 14 10 5 D
23 15 5 5 D
23 16 12 27 U
23 17 2 17 R
23 18 0 36 L
23 20 9 10 R
23 21 2 32 L
23 22 28 33 L
23 23 20 35 L
23 24 18 18 R
23 25 0 1 D
23 26 10 17 R
23 27 2 27 U
23 28 10 28 U
23 29 4 29 U
23 30 22 8 D
23 31 2 20 U
23 32 3 23 U
23 33 1 2 D
23 34 4 34 L
23 35 1 35 L
23 36 15 21 U
23 37 3 37 L
23 38 12 8 D
23 39 0 9 D
24 0 11 31 L
24 1 13 20 U
24 2 16 37 L
24 3 21 30 L
24 4 12 4 D
24 5 17 32 L
24 7 4 19 R
24 8 10 10 R
24 9 20 11 R
24 10 3 20 U
24 12 19 25 U
24 14 0 37 L
24 15 9 3 D
24 16 14 2 D
24 17 21 17 R
24 20 0 4 D
24 21 26 21 U
24 22 0 39 L
24 23 18 32 L
24 24 22 24 U
24 25 16 36 L
24 26 8 8 D
24 27 10 27 U
24 30 17 27 U
24 31 22 22 U
24 32 13 32 L
24 33 6 33 L
24 34 16 22 U
24 36 12 27 U
24 37 1 28 U
24 38 2 8 D
24 39 11 0 D
25 0 8 13 R
25 1 1 11 R
25 2 1 25 U
25 3 4 3 D
25 4 0 33 L
25 5 20 18 R
25 6 11 6 D
25 8 18 32 L
25 12 23 23 U
25 14 8 14 R
25 15 4 15 R
25 16 20 34 L
25 17 16 24 U
25 18 24 4 D
25 20 10 31 L
25 21 17 10 R
25 22 6 18 R
25 24 24 37 L
25 25 28 39 L
25 26 16 14 R
25 29 20 19 R
25 31 11 9 D
25 33 13 4 D
25 34 15 24 U
25 36 0 26 U
25 38 1 7 D
25 39 7 39 L
26 0 21 30 L
26 1 0 37 L
26 3 17 38 L
26 4 7 4 D
26 12 13 22 U
26 14 7 0 D
26 16 2 16 R
26 17 0 26 U
26 20 3 20 U
26 21 12 15 R
26 22 10 17 R
26 23 25 2 D
26 24 2 31 L
26 25 0 3 D
26 26 14 37 L
26 31 9 18 R
26 33 19 23 U
26 34 18 34 L
26 38 1 38 L
26 39 6 24 U
27 0 0 15 R
27 1 19 34 L
27 3 24 13 R
27 4 0 23 U
27 12 7 28 U
27 14 3 14 R
27 16 4 16 R
27 20 7 10 R
27 21 20 30 L
27 22 17 11 R
27 25 7 25 U
27 26 17 26 U
27 31 22 31 L
27 33 20 5 D
27 34 4 34 L
28 3 11 3 D
28 12 2 5 D
28 14 17 8 D
28 22 10 22 U
28 25 17 17 R
28 26 13 26 U
28 31 6 15 R
28 33 12 28 U
28 34 4 5 D
29 3 2 3 D
29 26 28 30 L

