41 46 1685
18 21 16 21 13 16 9 22 18 0 0 0 16 0 36 37 37 0 30
0 0 26 12 0 0 10 36 34 0 37 24 22 0 0 1 0 1 0
19 20 4 15 2 17 26 38 31 38 0 35 39 29 0 30 0 3 0
0 31 0 7 0 11 39 0 0 31 0 23 40 23 0 31 19 0 38
20 6 29 38 9 0 23 38 0 26 29 33 0 29 33 38 0 37 10
9 17 19 0 38 25 0 0 0 0 37 0 0 20 31 19 0 37 33
0 0 0 0 0 0 0 0 0 14 36 32 0 0 0 21 0 23 34
4 32 0 32 0 12 37 0 38 1 0 0 0 0 0 4 15 27 5
7 33 0 0 0 26 0 35 23 0 35 31 38 16 0 5 2 0 0
23 0 0 31 38 0 0 37 27 12 36 30 0 16 0 25 34 0 36
0 0 0 38 0 39 38 13 0 0 20 34 25 17 0 38 0 32 15
0 0 0 39 0 39 37 32 0 36 0 0 0 0 0 31 36 32 0
26 37 38 2 38 13 21 8 0 36 25 31 38 0 38 33 0 1 12
12 37 0 24 0 0 10 0 1 0 0 33 0 21 22 25 1 29 13
0 1 37 0 27 25 3 19 0 27 0 0 34 37 28 17 24 0 17
24 35 14 39 29 0 13 38 0 0 36 25 36 0 28 22 17 28 9
0 19 6 28 28 36 0 0 1 0 16 30 20 25 0 33 0 9 5
0 19 25 0 37 0 0 1 0 26 0 30 30 3 24 0 24 0 7
0 0 1 39 0 38 0 3 5 8 18 0 30 9 0 1 1 1 15
0 0 0 0 U
0 1 0 1 U
0 2 0 2 U
0 3 0 3 U
0 4 0 4 U
0 5 0 5 U
0 6 0 6 U
0 7 0 7 U
0 8 0 8 U
0 9 0 9 U
0 10 0 10 U
0 11 0 11 U
0 12 0 12 U
0 13 0 13 R
0 14 0 14 R
0 15 0 15 R
0 16 0 16 R
0 17 0 17 R
0 18 0 18 R
0 19 0 19 R
0 20 0 20 R
0 21 0 21 R
0 22 0 22 R
0 23 0 23 D
0 24 0 24 D
0 25 0 25 D
0 26 0 26 D
0 27 0 27 D
0 28 0 28 D
0 29 0 29 D
0 30 0 30 D
0 31 0 31 D
0 32 0 32 D
0 33 0 33 D
0 34 0 34 D
0 35 0 35 L
0 36 0 36 L
0 37 0 37 L
0 38 0 38 L
0 39 0 39 L
0 40 0 40 L
0 41 0 41 L
0 42 0 42 L
0 43 0 43 L
0 44 0 44 L
0 45 0 45 L
1 0 0 13 R
1 1 0 14 R
1 2 0 37 L
1 3 0 23 D
1 4 0 13 R
1 5 0 28 D
1 6 1 20 R
1 7 3 40 L
1 8 3 43 L
1 9 1 22 R
1 10 0 26 D
1 11 12 17 R
1 12 23 39 L
1 13 0 23 D
1 14 0 0 U
1 15 0 35 L
1 16 1 26 D
1 17 0 24 D
1 18 2 5 U
1 19 3 25 D
1 20 3 29 D
1 21 0 7 U
1 22 3 32 D
1 23 0 13 R
1 24 0 15 R
1 25 0 36 L
1 26 0 2 U
1 27 1 13 R
1 28 0 37 L
1 29 1 18 R
1 30 0 6 U
1 31 2 21 R
1 32 0 8 U
1 33 3 42 L
1 34 17 39 L
1 35 0 1 U
1 36 0 24 D
1 37 0 25 D
1 38 2 4 U
1 39 3 26 D
1 40 2 30 D
1 41 2 25 D
1 42 3 7 U
1 43 1 30 D
1 44 3 31 D
1 45 4 28 D
2 0 2 15 R
2 1 0 24 D
2 2 0 35 L
2 3 2 3 U
2 4 2 4 U
2 5 3 5 U
2 6 1 6 U
2 7 3 41 L
2 8 3 8 U
2 9 1 16 R
2 10 4 10 U
2 11 15 11 U
2 12 20 12 U
2 13 0 26 D
2 14 1 14 R
2 15 1 0 U
2 16 1 16 R
2 17 3 17 R
2 18 3 18 R
2 19 2 19 R
2 20 2 31 D
2 21 1 21 R
2 22 2 23 D
2 23 0 16 R
2 24 0 14 R
2 25 1 18 R
2 26 2 26 D
2 27 1 27 D
2 28 2 28 D
2 29 2 29 D
2 30 3 30 D
2 31 3 20 R
2 32 0 5 U
2 33 8 33 D
2 34 16 34 D
2 35 0 3 U
2 36 0 26 D
2 37 2 2 U
2 38 2 38 L
2 39 2 39 L
2 40 2 7 U
2 41 1 41 L
2 42 1 42 L
2 43 2 43 L
2 44 13 24 D
2 45 4 45 L
3 0 0 25 D
3 1 0 17 R
3 2 0 36 L
3 3 1 39 L
3 4 1 4 U
3 5 3 19 R
3 6 3 6 U
3 7 0 30 D
3 8 0 44 L
3 9 11 9 U
3 10 2 10 U
3 11 14 11 U
3 12 23 12 U
3 13 1 1 U
3 14 2 27 D
3 15 2 15 R
3 16 0 1 U
3 17 2 17 R
3 18 3 5 U
3 19 1 19 R
3 20 0 42 L
3 21 2 21 R
3 22 1 22 R
3 23 1 38 L
3 24 3 36 L
3 25 3 40 L
3 26 3 37 L
3 27 3 27 D
3 28 3 28 D
3 29 3 29 D
3 30 0 42 L
3 31 1 43 L
3 32 5 32 D
3 33 10 33 D
3 34 17 34 D
3 35 2 23 D
3 36 2 3 U
3 37 1 3 U
3 38 1 38 L
3 39 1 39 L
3 40 3 40 L
3 41 2 41 L
3 42 0 8 U
3 43 2 31 D
3 44 13 44 L
3 45 3 45 L
4 0 3 22 R
4 1 0 39 L
4 2 1 21 R
4 3 4 40 L
4 4 1 14 R
4 5 5 15 R
4 6 3 39 L
4 7 5 20 R
4 8 0 21 R
4 9 12 9 U
4 10 1 10 U
4 11 17 11 U
4 12 4 12 U
4 13 3 0 U
4 14 1 27 D
4 15 0 25 D
4 16 6 32 D
4 17 3 9 U
4 18 2 4 U
4 19 5 1 U
4 20 0 39 L
4 21 4 24 D
4 22 3 22 R
4 23 1 17 R
4 24 0 18 R
4 25 4 38 L
4 26 1 35 L
4 27 2 27 D
4 28 4 37 L
4 29 3 38 L
4 30 5 43 L
4 31 7 15 R
4 32 4 32 D
4 33 2 33 D
4 34 13 21 R
4 35 3 25 D
4 36 0 10 U
4 37 1 24 D
4 38 4 1 U
4 39 1 29 D
4 40 4 25 D
4 41 6 28 D
4 42 4 32 D
4 43 6 6 U
4 44 12 44 L
4 45 2 45 L
5 0 2 45 L
5 1 4 17 R
5 2 2 38 L
5 3 5 3 U
5 4 4 13 R
5 5 5 5 U
5 6 6 41 L
5 7 6 7 U
5 8 5 8 U
5 9 13 9 U
5 10 5 36 L
5 11 12 20 R
5 12 24 12 U
5 13 4 2 U
5 14 0 3 U
5 15 0 36 L
5 16 5 16 R
5 17 4 23 D
5 18 4 25 D
5 19 3 19 R
5 20 5 27 D
5 21 3 21 R
5 22 5 8 U
5 23 0 1 U
5 24 4 19 R
5 25 5 36 L
5 26 2 35 L
5 27 5 15 R
5 28 0 6 U
5 29 4 29 D
5 30 6 30 D
5 31 8 31 D
5 32 1 32 D
5 33 9 33 D
5 34 6 34 D
5 35 0 4 U
5 36 5 27 D
5 37 6 25 D
5 38 1 0 U
5 39 6 23 D
5 40 5 40 L
5 41 5 41 L
5 42 6 42 L
5 43 9 23 D
5 44 11 44 L
5 45 1 45 L
6 0 4 18 R
6 1 4 14 R
6 2 5 37 L
6 3 6 15 R
6 4 6 16 R
6 5 6 17 R
6 6 6 42 L
6 7 0 43 L
6 8 0 18 R
6 9 10 19 R
6 10 8 10 U
6 11 8 11 U
6 12 14 12 U
6 13 5 0 U
6 14 4 29 D
6 15 6 3 U
6 16 2 16 R
6 17 6 4 U
6 18 5 18 R
6 19 0 38 L
6 20 6 20 R
6 21 0 8 U
6 22 7 36 L
6 23 0 19 R
6 24 3 22 R
6 25 1 25 D
6 26 5 26 D
6 27 6 20 R
6 28 4 28 D
6 29 5 13 R
6 30 6 35 L
6 31 6 31 D
6 32 3 7 U
6 33 14 13 R
6 34 11 34 D
6 35 5 2 U
6 36 2 26 D
6 37 5 37 L
6 38 0 5 U
6 39 0 6 U
6 40 3 2 U
6 41 4 41 L
6 42 5 42 L
6 43 9 43 L
6 44 12 4 U
6 45 6 5 U
7 0 6 37 L
7 1 7 43 L
7 2 9 13 R
7 3 6 17 R
7 4 2 39 L
7 5 5 39 L
7 6 2 38 L
7 7 0 26 D
7 8 7 8 U
7 9 14 9 U
7 10 7 10 U
7 11 16 11 U
7 12 17 12 U
7 13 6 0 U
7 14 8 27 D
7 15 8 32 D
7 16 6 24 D
7 17 8 4 U
7 18 4 0 U
7 19 8 10 U
7 20 8 23 D
7 21 8 26 D
7 22 7 22 R
7 23 6 18 R
7 24 8 14 R
7 25 9 17 R
7 26 5 20 R
7 27 6 42 L
7 28 7 42 L
7 29 0 38 L
7 30 5 30 D
7 31 9 42 L
7 32 4 41 L
7 33 16 33 D
7 34 14 34 D
7 35 0 32 D
7 36 9 26 D
7 37 8 27 D
7 38 9 24 D
7 39 8 28 D
7 40 9 1 U
7 41 4 0 U
7 42 6 3 U
7 43 8 43 L
7 44 10 31 D
7 45 3 29 D
8 0 3 0 U
8 1 4 30 D
8 2 7 2 U
8 3 8 38 L
8 4 4 37 L
8 5 1 16 R
8 6 1 25 D
8 7 0 22 R
8 8 9 8 U
8 9 9 9 U
8 10 5 14 R
8 11 16 42 L
8 12 22 12 U
8 13 6 1 U
8 14 7 24 D
8 15 9 15 R
8 16 4 16 R
8 17 6 17 R
8 18 2 29 D
8 19 9 19 R
8 20 7 20 R
8 21 8 21 R
8 22 8 22 R
8 23 7 35 L
8 24 9 37 L
8 25 5 25 D
8 26 7 13 R
8 27 0 4 U
8 28 7 28 D
8 29 1 29 D
8 30 2 14 R
8 31 9 31 D
8 32 0 3 U
8 33 6 19 R
8 34 3 34 D
8 35 7 1 U
8 36 4 7 U
8 37 7 37 L
8 38 9 38 L
8 39 7 4 U
8 40 6 2 U
8 41 9 25 D
8 42 6 7 U
8 43 6 43 L
8 44 13 6 U
8 45 15 45 L
9 0 6 20 R
9 1 5 22 R
9 2 8 16 R
9 3 4 3 U
9 4 7 15 R
9 5 10 5 U
9 6 13 6 U
9 7 13 38 L
9 8 10 8 U
9 9 1 9 U
9 10 1 18 R
9 11 9 13 R
9 12 35 42 L
9 13 5 2 U
9 14 6 25 D
9 15 8 15 R
9 16 8 1 U
9 17 4 10 U
9 18 0 28 D
9 19 9 8 U
9 20 8 20 R
9 21 7 21 R
9 22 6 22 R
9 23 7 43 L
9 24 4 17 R
9 25 9 40 L
9 26 8 19 R
9 27 7 40 L
9 28 0 39 L
9 29 5 19 R
9 30 9 30 D
9 31 7 31 D
9 32 9 32 D
9 33 14 33 D
9 34 16 22 R
9 35 4 30 D
9 36 4 10 U
9 37 9 24 D
9 38 7 38 L
9 39 10 39 L
9 40 9 2 U
9 41 10 41 L
9 42 8 0 U
9 43 7 43 L
9 44 4 24 D
9 45 10 45 L
10 0 9 21 R
10 1 6 35 L
10 2 9 41 L
10 3 8 13 R
10 4 0 16 R
10 5 9 19 R
10 6 12 6 U
10 7 6 38 L
10 8 12 21 R
10 9 0 17 R
10 10 2 17 R
10 11 3 11 U
10 12 15 12 U
10 13 9 31 D
10 14 9 3 U
10 15 7 0 U
10 16 1 23 D
10 17 10 5 U
10 18 7 3 U
10 19 10 19 R
10 20 12 24 D
10 21 9 21 R
10 22 11 28 D
10 23 3 14 R
10 24 10 39 L
10 25 10 36 L
10 26 6 15 R
10 27 9 37 L
10 28 8 28 D
10 29 10 29 D
10 30 13 44 L
10 31 5 15 R
10 32 11 44 L
10 33 17 15 R
10 34 15 45 L
10 35 5 24 D
10 36 9 17 R
10 37 8 1 U
10 38 7 27 D
10 39 11 1 U
10 40 8 40 L
10 41 7 41 L
10 42 11 2 U
10 43 9 27 D
10 44 3 44 L
10 45 12 34 D
11 0 8 0 U
11 1 6 24 D
11 2 11 41 L
11 3 11 13 R
11 4 10 44 L
11 5 10 13 R
11 6 6 40 L
11 7 9 14 R
11 8 12 17 R
11 9 4 35 L
11 10 0 15 R
11 11 18 11 U
11 12 34 12 U
11 13 7 2 U
11 14 12 5 U
11 15 0 45 L
11 16 5 31 D
11 17 0 37 L
11 18 11 18 R
11 19 10 0 U
11 20 9 20 R
11 21 11 23 D
11 22 13 22 R
11 23 10 18 R
11 24 5 24 D
11 25 10 44 L
11 26 10 26 D
11 27 10 39 L
11 28 11 42 L
11 29 11 29 D
11 30 13 30 D
11 31 5 8 U
11 32 10 22 R
11 33 15 33 D
11 34 21 40 L
11 35 0 31 D
11 36 5 23 D
11 37 13 5 U
11 38 11 30 D
11 39 6 39 L
11 40 11 40 L
11 41 9 27 D
11 42 10 42 L
11 43 7 32 D
11 44 14 30 D
11 45 11 45 L
12 0 11 21 R
12 1 10 43 L
12 2 11 39 L
12 3 12 36 L
12 4 2 18 R
12 5 12 14 R
12 6 0 22 R
12 7 11 7 U
12 8 15 15 R
12 9 3 9 U
12 10 6 10 U
12 11 21 11 U
12 12 33 12 U
12 13 10 29 D
12 14 11 5 U
12 15 12 3 U
12 16 4 6 U
12 17 10 38 L
12 18 11 27 D
12 19 11 0 U
12 20 12 20 R
12 21 11 21 R
12 22 0 33 D
12 23 10 5 U
12 24 10 14 R
12 25 9 16 R
12 26 0 1 U
12 27 11 40 L
12 28 8 35 L
12 29 9 19 R
12 30 12 30 D
12 31 10 41 L
12 32 14 15 R
12 33 9 11 U
12 34 5 34 D
12 35 7 28 D
12 36 7 3 U
12 37 0 29 D
12 38 13 32 D
12 39 12 27 D
12 40 12 31 D
12 41 7 30 D
12 42 12 28 D
12 43 15 28 D
12 44 11 26 D
12 45 17 45 L
13 0 12 20 R
13 1 8 15 R
13 2 10 2 U
13 3 11 36 L
13 4 12 17 R
13 5 9 28 D
13 6 12 42 L
13 7 11 18 R
13 8 12 8 U
13 9 2 9 U
13 10 11 10 U
13 11 5 15 R
13 12 34 39 L
13 13 12 29 D
13 14 5 3 U
13 15 0 2 U
13 16 13 4 U
13 17 13 10 U
13 18 4 18 R
13 19 12 0 U
13 20 10 20 R
13 21 13 4 U
13 22 11 22 R
13 23 12 35 L
13 24 13 14 R
13 25 12 25 D
13 26 13 26 D
13 27 6 16 R
13 28 10 16 R
13 29 13 37 L
13 30 9 18 R
13 31 11 31 D
13 32 3 32 D
13 33 3 33 D
13 34 21 34 D
13 35 8 2 U
13 36 10 25 D
13 37 2 8 U
13 38 8 32 D
13 39 13 26 D
13 40 13 40 L
13 41 15 4 U
13 42 11 42 L
13 43 5 33 D
13 44 16 44 L
13 45 23 45 L
14 0 12 35 L
14 1 14 14 R
14 2 13 39 L
14 3 0 27 D
14 4 14 44 L
14 5 7 44 L
14 6 15 17 R
14 7 0 40 L
14 8 8 8 U
14 9 2 21 R
14 10 9 10 U
14 11 13 11 U
14 12 11 12 U
14 13 1 7 U
14 14 11 2 U
14 15 4 7 U
14 16 2 26 D
14 17 12 9 U
14 18 13 29 D
14 19 10 2 U
14 20 14 6 U
14 21 7 28 D
14 22 13 7 U
14 23 14 40 L
14 24 14 43 L
14 25 15 37 L
14 26 8 15 R
14 27 13 22 R
14 28 0 5 U
14 29 12 17 R
14 30 0 9 U
14 31 14 41 L
14 32 8 32 D
14 33 7 33 D
14 34 23 21 R
14 35 12 23 D
14 36 0 9 U
14 37 14 9 U
14 38 15 1 U
14 39 12 25 D
14 40 14 3 U
14 41 15 41 L
14 42 15 6 U
14 43 2 26 D
14 44 16 24 D
15 0 10 18 R
15 1 15 35 L
15 2 12 16 R
15 3 0 15 R
15 4 15 21 R
15 5 16 5 U
15 6 15 6 U
15 7 14 7 U
15 8 17 19 R
15 9 2 14 R
15 10 14 10 U
15 11 12 11 U
15 12 35 12 U
15 13 13 0 U
15 14 14 23 D
15 15 14 1 U
15 16 9 29 D
15 17 12 39 L
15 18 14 28 D
15 19 15 19 R
15 20 14 20 R
15 21 0 41 L
15 22 14 30 D
15 23 12 13 R
15 24 11 15 R
15 25 14 36 L
15 26 5 38 L
15 27 0 9 U
15 28 15 19 R
15 29 6 14 R
15 30 13 20 R
15 31 15 31 D
15 32 15 38 L
15 33 6 33 D
15 34 23 34 D
15 35 14 25 D
15 36 14 4 U
15 37 15 37 L
15 38 15 38 L
15 39 5 31 D
15 40 16 23 D
15 41 11 32 D
15 42 16 3 U
15 43 3 43 L
15 44 15 44 L
16 0 15 22 R
16 1 15 40 L
16 2 12 41 L
16 3 17 43 L
16 4 16 4 U
16 5 14 5 U
16 6 0 18 R
16 7 9 44 L
16 8 17 8 U
16 9 11 20 R
16 10 15 10 U
16 11 18 38 L
16 12 0 34 D
16 13 15 4 U
16 14 14 33 D
16 15 16 33 D
16 16 14 10 U
16 17 17 33 D
16 18 16 30 D
16 19 17 5 U
16 20 14 9 U
16 21 16 21 R
16 22 4 22 R
16 23 0 0 U
16 24 16 43 L
16 25 7 25 D
16 26 15 35 L
16 27 17 38 L
16 28 16 19 R
16 29 17 43 L
16 30 16 17 R
16 31 16 36 L
16 32 14 32 D
16 33 4 33 D
16 34 18 34 D
16 35 15 35 L
16 36 15 23 D
16 37 13 13 R
16 38 5 8 U
16 39 10 7 U
16 40 16 40 L
16 41 14 41 L
16 42 13 29 D
16 43 17 10 U
16 44 15 27 D
17 0 16 15 R
17 1 9 35 L
17 2 15 42 L
17 3 12 3 U
17 4 12 37 L
17 5 2 5 U
17 6 8 6 U
17 7 7 45 L
17 8 16 22 R
17 9 17 20 R
17 10 5 10 U
17 11 19 11 U
17 12 36 12 U
17 13 10 31 D
17 14 16 32 D
17 15 16 8 U
17 16 17 16 R
17 17 1 9 U
17 18 0 34 D
17 19 0 11 U
17 20 16 11 U
17 21 16 10 U
17 22 0 44 L
17 23 16 16 R
17 24 17 24 D
17 25 16 25 D
17 26 16 44 L
17 27 17 27 D
17 28 16 28 D
17 29 17 42 L
17 30 17 30 D
17 31 16 31 D
17 32 6 16 R
17 33 11 19 R
17 34 22 43 L
17 35 12 0 U
17 36 9 7 U
17 37 17 37 L
17 38 17 7 U
17 39 13 34 D
17 40 0 4 U
17 41 16 25 D
17 42 21 6 U
17 43 19 11 U
17 44 16 2 U
18 0 7 18 R
18 1 19 13 R
18 2 18 14 R
18 3 15 44 L
18 4 18 22 R
18 5 20 39 L
18 6 19 41 L
18 7 19 20 R
18 8 2 14 R
18 9 0 26 D
18 10 0 36 L
18 11 20 11 U
18 12 34 20 R
18 13 17 9 U
18 14 19 1 U
18 15 18 32 D
18 16 7 35 L
18 17 0 30 D
18 18 14 18 R
18 19 20 4 U
18 20 15 25 D
18 21 6 21 R
18 22 17 10 U
18 23 17 22 R
18 24 15 13 R
18 25 2 25 D
18 26 18 14 R
18 27 18 40 L
18 28 16 20 R
18 29 16 17 R
18 30 21 14 R
18 31 18 36 L
18 32 21 22 R
18 33 23 15 R
18 34 23 18 R
18 35 18 1 U
18 36 9 5 U
18 37 18 31 D
18 38 18 24 D
18 39 16 27 D
18 40 18 0 U
18 41 17 31 D
18 42 17 29 D
18 43 22 31 D
18 44 21 2 U
19 0 14 13 R
19 1 21 37 L
19 2 19 38 L
19 3 14 15 R
19 4 20 4 U
19 5 20 16 R
19 6 20 6 U
19 7 19 7 U
19 8 2 8 U
19 9 19 9 U
19 10 18 21 R
19 11 10 11 U
19 12 25 12 U
19 13 17 23 D
19 14 19 27 D
19 15 21 3 U
19 16 20 16 R
19 17 17 17 R
19 18 18 25 D
19 19 21 19 R
19 20 16 20 R
19 21 18 5 U
19 22 21 3 U
19 23 20 35 L
19 24 8 20 R
19 25 8 16 R
19 26 1 26 D
19 27 19 17 R
19 28 19 28 D
19 29 20 29 D
19 30 19 30 D
19 31 20 19 R
19 32 0 21 R
19 33 20 33 D
19 34 29 15 R
19 35 19 23 D
19 36 18 36 L
19 37 1 1 U
19 38 19 25 D
19 39 19 2 U
19 40 20 19 R
19 41 20 26 D
19 42 15 9 U
19 43 23 43 L
19 44 22 26 D
20 0 19 35 L
20 1 21 1 U
20 2 1 2 U
20 3 19 16 R
20 4 9 17 R
20 5 19 39 L
20 6 21 6 U
20 7 21 17 R
20 8 11 8 U
20 9 12 42 L
20 10 18 10 U
20 11 2 11 U
20 13 14 0 U
20 14 18 2 U
20 15 20 15 R
20 16 21 23 D
20 17 7 29 D
20 18 18 18 R
20 19 19 7 U
20 20 15 20 R
20 21 21 31 D
20 22 20 6 U
20 23 8 0 U
20 24 20 37 L
20 25 18 25 D
20 26 19 40 L
20 27 21 27 D
20 28 20 28 D
20 29 12 29 D
20 30 18 30 D
20 31 21 31 D
20 32 21 42 L
20 33 13 33 D
20 34 28 22 R
20 35 5 10 U
20 36 11 23 D
20 37 14 8 U
20 38 19 38 L
20 39 20 39 L
20 40 19 40 L
20 41 19 41 L
20 42 20 32 D
20 43 22 43 L
20 44 2 29 D
21 0 19 36 L
21 1 18 1 U
21 2 17 2 U
21 3 18 3 U
21 4 18 4 U
21 5 21 42 L
21 6 19 21 R
21 7 18 7 U
21 8 24 38 L
21 9 17 9 U
21 10 17 18 R
21 11 22 11 U
21 13 20 23 D
21 14 3 30 D
21 15 19 15 R
21 16 21 28 D
21 17 20 32 D
21 18 19 18 R
21 19 17 19 R
21 20 0 43 L
21 21 20 21 R
21 22 16 22 R
21 23 19 35 L
21 24 16 39 L
21 25 19 44 L
21 26 21 26 D
21 27 20 27 D
21 28 18 37 L
21 29 20 42 L
21 30 0 35 L
21 31 20 31 D
21 32 9 22 R
21 33 22 33 D
21 34 26 34 D
21 35 0 0 U
21 36 18 9 U
21 37 18 37 L
21 38 20 38 L
21 39 21 27 D
21 40 18 5 U
21 41 21 41 L
21 42 23 28 D
21 43 19 4 U
21 44 17 10 U
22 0 11 43 L
22 1 20 1 U
22 2 21 16 R
22 3 20 19 R
22 4 23 37 L
22 5 22 43 L
22 6 3 14 R
22 7 23 18 R
22 8 23 13 R
22 9 29 42 L
22 10 8 43 L
22 11 0 33 D
22 13 1 34 D
22 14 21 29 D
22 15 17 11 U
22 16 23 30 D
22 17 22 10 U
22 18 20 1 U
22 19 0 41 L
22 20 20 3 U
22 21 12 34 D
22 22 23 4 U
22 23 11 14 R
22 24 13 42 L
22 25 3 25 D
22 26 22 19 R
22 27 0 35 L
22 28 22 40 L
22 29 22 37 L
22 30 0 15 R
22 31 23 44 L
22 32 20 32 D
22 33 6 22 R
22 34 25 34 D
22 35 12 11 U
22 36 1 11 U
22 37 4 23 D
22 38 21 24 D
22 39 19 27 D
22 40 13 23 D
22 41 5 7 U
22 42 23 42 L
22 43 19 34 D
22 44 19 44 L
23 0 18 23 D
23 1 21 14 R
23 2 23 2 U
23 3 20 20 R
23 4 22 20 R
23 5 15 5 U
23 6 25 6 U
23 7 18 19 R
23 8 28 8 U
23 9 27 9 U
23 10 23 10 U
23 11 4 11 U
23 13 20 38 L
23 14 22 14 R
23 15 23 0 U
23 16 22 16 R
23 17 5 17 R
23 18 22 2 U
23 19 21 27 D
23 20 18 39 L
23 21 19 21 R
23 22 24 33 D
23 23 20 13 R
23 24 22 36 L
23 25 0 14 R
23 26 19 26 D
23 27 23 45 L
23 28 22 28 D
23 29 23 29 D
23 30 22 35 L
23 31 23 31 D
23 32 30 20 R
23 33 23 33 D
23 34 24 34 D
23 35 22 25 D
23 36 23 32 D
23 37 22 24 D
23 38 15 10 U
23 39 22 27 D
23 40 21 18 R
23 41 21 11 U
23 42 22 42 L
23 43 21 43 L
23 44 22 29 D
24 0 22 15 R
24 1 25 37 L
24 2 23 16 R
24 3 25 41 L
24 4 24 44 L
24 5 23 5 U
24 6 23 42 L
24 7 27 7 U
24 8 27 8 U
24 9 29 9 U
24 10 24 43 L
24 11 24 14 R
24 13 15 0 U
24 14 17 24 D
24 15 22 33 D
24 16 24 30 D
24 17 24 6 U
24 18 0 40 L
24 19 12 2 U
24 20 24 31 D
24 21 1 32 D
24 22 25 22 R
24 23 17 35 L
24 24 13 11 U
24 25 24 36 L
24 26 24 18 R
24 27 0 38 L
24 28 21 13 R
24 29 11 41 L
24 30 15 30 D
24 31 24 22 R
24 32 32 32 D
24 33 25 18 R
24 34 0 3 U
24 35 24 5 U
24 36 24 26 D
24 37 0 15 R
24 38 21 1 U
24 39 25 28 D
24 40 17 24 D
24 41 24 23 D
24 42 19 29 D
24 43 24 25 D
24 44 17 4 U
25 0 12 13 R
25 1 25 1 U
25 2 10 42 L
25 3 23 3 U
25 4 23 20 R
25 5 25 44 L
25 6 24 22 R
25 7 7 30 D
25 8 26 8 U
25 9 7 9 U
25 10 0 44 L
25 11 23 11 U
25 13 19 0 U
25 14 25 6 U
25 15 23 15 R
25 16 24 24 D
25 17 25 17 R
25 18 0 12 U
25 19 24 3 U
25 20 9 30 D
25 21 25 21 R
25 22 23 22 R
25 23 24 23 D
25 24 24 17 R
25 25 25 25 D
25 26 25 26 D
25 27 22 14 R
25 28 22 38 L
25 29 18 44 L
25 30 22 39 L
25 31 1 6 U
25 32 7 32 D
25 33 23 22 R
25 34 30 34 D
25 35 25 35 L
25 36 25 36 L
25 37 24 29 D
25 38 12 30 D
25 39 24 39 L
25 40 22 10 U
25 41 6 34 D
25 42 18 42 L
25 43 24 43 L
25 44 26 29 D
26 0 26 35 L
26 1 24 37 L
26 2 25 21 R
26 3 25 13 R
26 4 26 20 R
26 5 19 5 U
26 6 26 13 R
26 7 20 7 U
26 8 28 39 L
26 9 28 9 U
26 10 11 16 R
26 11 0 22 R
26 13 24 23 D
26 14 26 8 U
26 15 1 15 R
26 16 2 44 L
26 17 24 2 U
26 18 18 40 L
26 19 19 26 D
26 20 26 20 R
26 21 24 21 R
26 22 17 4 U
26 23 25 17 R
26 24 26 20 R
26 25 0 3 U
26 26 26 18 R
26 27 3 40 L
26 28 27 44 L
26 29 26 36 L
26 30 26 39 L
26 31 27 31 D
26 32 31 32 D
26 33 19 33 D
26 34 13 34 D
26 35 26 25 D
26 36 26 0 U
26 37 25 34 D
26 38 27 29 D
26 39 27 3 U
26 40 25 10 U
26 41 27 26 D
26 42 28 8 U
26 43 20 5 U
26 44 26 44 L
27 0 27 35 L
27 1 26 1 U
27 2 25 22 R
27 3 27 37 L
27 4 19 24 D
27 5 27 40 L
27 6 26 6 U
27 7 30 40 L
27 8 25 8 U
27 9 28 13 R
27 10 25 10 U
27 11 30 41 L
27 13 26 23 D
27 14 24 25 D
27 15 25 3 U
27 16 9 28 D
27 17 26 2 U
27 18 20 18 R
27 19 28 33 D
27 20 27 5 U
27 21 27 10 U
27 22 26 22 R
27 23 26 17 R
27 24 28 35 L
27 25 17 14 R
27 26 27 26 D
27 27 22 27 D
27 28 24 28 D
27 29 27 36 L
27 30 26 30 D
27 31 25 39 L
27 32 30 32 D
27 33 27 17 R
27 34 12 20 R
27 35 26 31 D
27 36 27 0 U
27 37 27 11 U
27 38 27 38 L
27 39 25 6 U
27 40 9 8 U
27 41 27 41 L
27 42 28 42 L
27 43 28 30 D
27 44 26 4 U
28 0 14 23 D
28 1 27 36 L
28 2 27 19 R
28 3 16 17 R
28 4 31 16 R
28 5 26 5 U
28 6 23 41 L
28 7 30 7 U
28 8 24 8 U
28 9 29 19 R
28 10 29 10 U
28 11 11 11 U
28 13 26 31 D
28 14 26 14 R
28 15 23 7 U
28 16 27 30 D
28 17 26 7 U
28 18 27 26 D
28 19 27 19 R
28 20 27 3 U
28 21 28 8 U
28 22 15 22 R
28 23 19 15 R
28 24 24 38 L
28 25 25 36 L
28 26 26 37 L
28 27 28 38 L
28 28 29 20 R
28 29 28 21 R
28 30 29 13 R
28 31 23 20 R
28 32 28 32 D
28 33 30 17 R
28 34 29 34 D
28 35 28 0 U
28 36 24 24 D
28 37 26 1 U
28 38 25 32 D
28 39 23 24 D
28 40 28 24 D
28 41 29 25 D
28 42 26 31 D
28 43 30 43 L
28 44 6 9 U
29 0 25 25 D
29 1 28 16 R
29 2 19 18 R
29 3 26 39 L
29 4 18 15 R
29 5 31 43 L
29 6 18 41 L
29 7 22 7 U
29 8 22 19 R
29 9 31 22 R
29 11 28 11 U
29 13 28 0 U
29 14 27 14 R
29 15 27 1 U
29 16 28 16 R
29 17 0 6 U
29 18 29 10 U
29 19 28 28 D
29 20 28 2 U
29 21 0 29 D
29 22 29 22 R
29 23 26 14 R
29 24 25 35 L
29 25 29 37 L
29 26 18 17 R
29 27 28 27 D
29 28 26 28 D
29 29 28 42 L
29 30 28 30 D
29 31 28 40 L
29 32 27 32 D
29 34 12 34 D
29 35 27 27 D
29 36 27 5 U
29 37 29 34 D
29 38 28 23 D
29 39 23 29 D
29 40 23 3 U
29 41 28 41 L
29 42 20 42 L
29 43 29 43 L
29 44 18 44 L
30 0 27 14 R
30 1 0 25 D
30 2 31 17 R
30 3 6 3 U
30 4 15 41 L
30 5 24 5 U
30 6 34 18 R
30 7 29 7 U
30 8 23 41 L
30 9 32 9 U
30 11 31 11 U
30 13 29 0 U
30 14 22 34 D
30 15 15 27 D
30 16 24 16 R
30 17 29 5 U
30 18 30 2 U
30 19 29 24 D
30 20 11 26 D
30 21 27 34 D
30 22 30 33 D
30 23 28 43 L
30 24 27 18 R
30 25 31 39 L
30 26 28 16 R
30 27 32 18 R
30 28 2 15 R
30 29 35 35 L
30 30 29 35 L
30 31 34 42 L
30 32 30 17 R
30 34 28 34 D
30 35 3 9 U
30 36 22 34 D
30 37 31 2 U
30 38 2 5 U
30 39 25 11 U
30 40 29 32 D
30 41 26 41 L
30 42 22 9 U
30 43 21 31 D
31 0 29 13 R
31 1 28 22 R
31 2 29 41 L
31 3 9 15 R
31 4 22 16 R
31 5 30 16 R
31 6 34 6 U
31 7 28 7 U
31 8 31 38 L
31 9 30 9 U
31 11 0 28 D
31 13 9 13 R
31 14 29 14 R
31 15 8 34 D
31 16 24 1 U
31 17 30 1 U
31 18 31 18 R
31 19 29 9 U
31 20 29 28 D
31 21 31 21 R
31 22 30 4 U
31 23 31 36 L
31 24 29 24 D
31 25 32 25 D
31 26 30 37 L
31 27 35 27 D
31 28 30 18 R
31 29 35 29 D
31 30 31 40 L
31 31 29 31 D
31 32 33 35 L
31 34 22 14 R
31 35 29 26 D
31 36 27 19 R
31 37 29 31 D
31 38 8 38 L
31 39 32 23 D
31 40 32 40 L
31 41 29 41 L
31 42 27 32 D
31 43 23 7 U
32 0 31 21 R
32 1 30 13 R
32 2 30 17 R
32 3 32 3 U
32 5 31 36 L
32 6 31 14 R
32 7 30 37 L
32 8 32 42 L
32 9 15 9 U
32 11 34 11 U
32 13 31 0 U
32 14 0 5 U
32 15 28 34 D
32 16 32 3 U
32 17 31 17 R
32 18 24 32 D
32 19 32 32 D
32 20 23 20 R
32 21 28 21 R
32 22 32 22 R
32 23 32 21 R
32 24 30 36 L
32 25 29 38 L
32 26 34 37 L
32 27 33 27 D
32 28 31 14 R
32 29 32 29 D
32 30 30 36 L
32 32 32 22 R
32 34 33 16 R
32 35 31 25 D
32 36 32 30 D
32 37 33 24 D
32 38 32 7 U
32 39 32 39 L
32 40 32 24 D
32 41 24 2 U
32 42 34 42 L
32 43 28 28 D
33 0 32 21 R
33 1 30 18 R
33 2 36 36 L
33 3 16 41 L
33 5 26 15 R
33 6 31 17 R
33 7 25 7 U
33 8 33 8 U
33 9 0 35 L
33 11 33 11 U
33 13 32 0 U
33 14 27 28 D
33 15 0 5 U
33 16 33 5 U
33 17 31 0 U
33 18 33 18 R
33 19 33 19 R
33 20 33 11 U
33 21 32 21 R
33 22 33 1 U
33 23 30 43 L
33 24 32 36 L
33 25 29 25 D
33 26 34 26 D
33 27 34 38 L
33 28 11 28 D
33 29 30 29 D
33 30 31 30 D
33 32 33 32 D
33 34 34 20 R
33 35 32 9 U
33 36 32 32 D
33 37 31 37 L
33 38 26 25 D
33 39 31 31 D
33 40 33 30 D
33 41 30 41 L
33 42 33 42 L
33 43 31 43 L
34 0 33 19 R
34 1 35 15 R
34 2 2 19 R
34 3 13 3 U
34 5 28 14 R
34 6 38 20 R
34 7 8 36 L
34 8 31 41 L
34 9 13 40 L
34 11 33 15 R
34 13 33 0 U
34 14 31 5 U
34 15 7 8 U
34 16 35 3 U
34 17 9 26 D
34 18 31 6 U
34 19 32 19 R
34 20 34 20 R
34 21 33 2 U
34 22 34 32 D
34 23 34 35 L
34 24 32 38 L
34 25 17 25 D
34 26 5 1 U
34 27 36 19 R
34 28 29 28 D
34 29 27 21 R
34 30 10 15 R
34 32 31 37 L
34 34 33 34 D
34 35 32 11 U
34 36 30 23 D
34 37 30 5 U
34 38 32 8 U
34 39 36 39 L
34 40 35 40 L
34 41 33 24 D
34 42 31 18 R
34 43 31 26 D
35 0 32 19 R
35 1 34 20 R
35 2 33 20 R
35 3 37 17 R
35 8 34 16 R
35 9 37 39 L
35 11 33 24 D
35 13 34 0 U
35 14 31 12 U
35 15 32 8 U
35 16 33 16 R
35 17 33 17 R
35 18 34 6 U
35 19 32 34 D
35 20 35 29 D
35 21 36 21 R
35 22 34 22 R
35 23 12 43 L
35 24 34 16 R
35 25 30 25 D
35 26 12 26 D
35 27 27 21 R
35 28 35 42 L
35 29 36 29 D
35 30 37 30 D
35 32 0 20 R
35 34 35 14 R
35 35 33 28 D
35 36 28 25 D
35 37 12 7 U
35 38 27 2 U
35 39 35 39 L
35 40 34 40 L
35 41 34 41 L
35 42 34 32 D
36 0 35 17 R
36 1 31 14 R
36 2 36 15 R
36 3 37 3 U
36 8 33 22 R
36 9 36 9 U
36 13 35 0 U
36 14 36 1 U
36 15 35 12 U
36 16 35 0 U
36 17 35 17 R
36 18 32 18 R
36 19 11 3 U
36 20 33 2 U
36 21 7 26 D
36 22 35 22 R
36 23 31 42 L
36 24 35 37 L
36 25 0 15 R
36 26 20 38 L
36 27 31 27 D
36 29 37 35 L
36 30 4 30 D
36 32 36 21 R
36 34 2 34 D
36 35 23 25 D
36 36 32 2 U
36 37 12 9 U
36 38 35 9 U
36 39 36 34 D
36 40 22 29 D
36 41 24 27 D
36 42 31 11 U
37 0 33 36 L
37 1 37 14 R
37 2 35 22 R
37 3 36 16 R
37 8 30 18 R
37 13 23 12 U
37 14 36 3 U
37 15 31 39 L
37 16 36 2 U
37 17 37 0 U
37 18 37 1 U
37 19 35 26 D
37 20 31 27 D
37 21 15 21 R
37 22 13 30 D
37 23 16 23 D
37 24 34 24 D
37 25 34 39 L
37 27 16 27 D
37 29 34 29 D
37 30 36 36 L
37 32 27 14 R
37 34 35 36 L
37 35 35 23 D
37 36 36 0 U
37 37 36 12 U
37 38 37 38 L
37 39 35 24 D
37 40 31 40 L
37 41 25 41 L
37 42 25 6 U
38 0 24 42 L
38 1 37 13 R
38 2 37 35 L
38 3 37 18 R
38 8 31 8 U
38 13 37 3 U
38 14 35 14 R
38 15 35 27 D
38 16 17 4 U
38 17 36 4 U
38 18 38 18 R
38 19 37 6 U
38 20 38 6 U
38 21 36 25 D
38 23 24 4 U
38 25 36 19 R
38 29 39 38 L
38 30 23 30 D
38 32 35 32 D
38 34 32 35 L
38 35 37 32 D
38 36 38 2 U
38 37 34 27 D
38 38 37 23 D
38 39 35 30 D
38 40 35 23 D
39 0 35 40 L
39 8 37 8 U
39 13 31 34 D
39 18 37 6 U
39 23 38 13 R
39 35 23 8 U
39 36 35 29 D
39 38 38 38 L
40 0 19 0 U

