12 11 106
9 0 0 0 0 0 0 0 0 0 11 6 0 0
7 11 4 0 0 9 0 0 0 4 0 0 0 8
0 0 0 7 0 0 0 11 4 0 0 0 0 0
5 7 0 0 0 0 0 0 4 0 6 0 0 0
8 0 0 7 0 0 0 0 0 8 0 0 0 0
11 0 8 0 0 0 0 10 0 0 0 0 0 0
10 0 0 0 0 5 0 0 0 0 0 1 0 0
7 10 0 0 0 0 0 0 0 0 7 0 5 6
11 0 0 0 0 0 0 0 0 5 0 0 3 2
0 0 0 0 0 0 0 0 0 5 0 5 0 0
9 0 0 0 0 0 0 5 0 0 0 0 0 0
8 0 0 0 0 0 0 0 2 3 0 0 0 0
3 0 0 0 0 0 5 0 0 0 0 0 0 0
6 0 0 0 0 0 0 6 9 0 0 0 6 9
0 0 0 0 L
0 1 0 1 L
0 2 0 2 R
0 3 0 3 R
0 4 0 4 R
0 5 0 5 D
0 6 0 6 D
0 7 0 7 D
0 8 0 8 U
0 9 0 9 U
0 10 0 10 U
1 0 0 5 D
1 1 8 1 L
1 2 6 6 D
1 3 6 8 U
1 5 4 1 L
1 6 10 2 R
1 7 3 2 R
1 8 2 8 U
1 9 3 9 U
1 10 4 10 U
2 0 1 5 D
2 1 5 6 D
2 2 5 6 D
2 3 1 1 L
2 5 1 5 D
2 6 5 2 R
2 7 4 7 D
2 8 0 2 R
2 9 6 4 R
2 10 7 10 U
3 0 6 7 D
3 1 0 9 U
3 2 0 0 L
3 3 10 5 D
3 5 0 2 R
3 6 1 0 L
3 7 1 7 D
3 8 2 2 R
3 9 2 4 R
3 10 1 2 R
4 0 0 10 U
4 1 0 6 D
4 2 7 2 R
4 3 0 6 D
4 4 6 4 R
4 5 3 5 D
4 6 5 6 D
4 7 2 7 D
4 8 7 3 R
4 9 0 4 R
4 10 6 10 U
5 0 2 10 U
5 1 2 10 U
5 2 0 1 L
5 3 1 3 R
5 5 3 2 R
5 6 0 9 U
5 7 9 2 R
5 8 0 0 L
5 9 8 2 R
5 10 4 10 U
6 0 1 7 D
6 1 3 8 U
6 2 0 5 D
6 4 0 8 U
6 5 5 8 U
6 6 7 6 D
6 7 0 4 R
6 8 5 0 L
6 9 5 1 L
6 10 9 2 R
7 0 6 0 L
7 1 4 1 L
7 2 8 0 L
7 5 3 0 L
7 6 9 6 D
7 7 8 2 R
7 8 0 3 R
7 9 2 9 U
7 10 3 6 D
8 0 5 5 D
8 1 5 9 U
8 2 10 5 D
8 5 6 3 R
8 6 0 0 L
8 8 0 1 L
8 9 3 2 R
8 10 6 10 U
9 0 0 7 D
9 1 2 8 U
9 2 7 2 R
9 5 1 5 D
9 6 0 8 U
9 8 3 7 D
9 9 4 9 U
10 0 6 9 U
10 1 7 9 U
10 2 7 8 U
10 6 7 6 D
10 8 1 1 L
10 9 9 1 L
11 0 8 6 D
11 6 10 3 R
11 8 0 5 D
11 9 0 3 R

