11 10 86
0 0 0 0 3 5 0 0 5 3 0 0 0 0 0 0
3 0 0 0 0 3 0 0 0 0 0 0 8 0 0 0
0 4 0 0 4 6 0 0 1 0 0 0 0 0 0 5
0 3 0 0 0 0 0 0 9 0 0 0 4 0 4 0
0 0 1 0 0 0 0 0 8 0 0 3 0 0 0 6
0 7 0 0 0 0 0 0 0 0 0 3 0 0 0 10
0 0 0 0 6 0 0 0 0 1 3 8 9 0 0 0
0 0 3 0 0 4 0 0 0 6 0 0 0 0 0 4
1 0 0 0 0 0 0 0 7 0 0 3 1 0 2 2
3 0 0 0 7 7 0 0 0 4 0 2 7 0 0 0
0 0 0 0 0 0 0 0 0 0 0 0 0 0 0 0
2 0 0 0 0 0 0 0 0 0 7 4 0 0 7 0
8 0 0 0 0 0 0 0 3 3 0 0 0 0 0 0
0 0 0 0 0 0 0 0 0 0 0 0 0 0 0 0
5 0 0 0 0 0 8 0 6 0 9 3 0 0 0 0
2 0 7 0 0 0 0 0 3 8 0 2 0 0 0 7
0 0 0 0 L
0 1 0 1 L
0 2 0 2 R
0 3 0 3 R
0 4 0 4 D
0 5 0 5 D
0 6 0 6 D
0 7 0 7 U
0 8 0 8 U
0 9 0 9 U
1 0 0 2 R
1 1 2 1 L
1 2 5 7 U
1 3 2 3 R
1 4 5 0 L
1 5 0 1 L
1 6 2 7 U
1 7 4 3 R
1 8 3 8 U
1 9 4 9 U
2 0 0 3 R
2 1 5 4 D
2 2 0 7 U
2 3 0 8 U
2 4 0 3 R
2 5 3 2 R
2 6 4 6 D
2 7 0 0 L
2 8 4 4 D
2 9 3 9 U
3 0 0 9 U
3 1 5 7 U
3 2 6 2 R
3 3 0 6 D
3 4 7 2 R
3 5 1 5 D
3 6 5 6 D
3 7 4 2 R
3 8 1 2 R
3 9 0 3 R
4 0 3 5 D
4 1 0 4 D
4 2 0 4 D
4 3 6 3 R
4 4 0 2 R
4 5 2 5 D
4 6 5 2 R
4 7 6 0 L
4 8 0 1 L
4 9 3 9 U
5 0 0 8 U
5 1 0 5 D
5 2 4 4 D
5 3 6 7 U
5 4 2 0 L
5 5 0 9 U
5 6 4 6 D
5 7 1 7 U
5 8 1 1 L
6 0 3 6 D
6 1 1 5 D
6 2 5 0 L
6 3 5 7 U
6 4 1 4 D
6 5 0 7 U
6 6 2 0 L
6 7 4 0 L
7 0 1 0 L
7 1 0 7 U
7 2 0 0 L
7 3 0 5 D
7 4 1 3 R
7 5 0 8 U
7 6 6 6 D
7 7 0 2 R
7 8 6 8 U
8 0 1 3 R
8 2 2 5 D
8 3 7 1 L
8 4 0 0 L
8 5 5 1 L
8 6 7 6 D
9 2 4 6 D
9 3 8 8 U
9 4 1 4 D
10 3 0 1 L

