34 42 1181
12 9 15 0 24 0 1 4 0 2 16 24 0 24 5 0 0 13 12 14
10 5 9 6 27 0 0 28 17 15 0 22 0 11 23 13 16 22 0 22
0 4 17 18 0 6 0 4 1 25 0 0 0 0 23 2 21 16 7 4
33 0 27 0 0 0 8 29 28 0 0 3 2 31 0 19 0 0 0 0
0 8 21 0 0 21 4 25 0 27 0 0 15 1 0 23 12 0 0 0
0 6 10 0 0 2 0 0 17 14 3 28 0 0 22 0 0 0 0 17
0 8 0 20 0 14 16 0 15 15 0 0 0 30 8 0 0 23 0 16
24 0 5 21 29 0 3 28 15 1 0 1 0 31 15 0 0 0 0 5
22 8 28 0 0 0 19 0 0 15 23 0 0 29 0 0 11 0 0 0
26 0 0 6 0 1 25 0 0 16 16 28 0 1 0 27 0 0 0 16
0 0 0 0 0 0 0 0 0 0 19 27 0 28 0 0 28 2 2 0
0 19 28 23 0 28 0 0 0 15 0 0 0 0 26 0 18 0 0 7
24 14 24 0 0 0 0 0 0 0 11 17 0 2 13 30 31 0 2 2
3 0 24 24 0 0 0 0 31 26 18 6 28 21 0 0 0 0 0 31
23 28 0 0 12 31 0 27 30 11 22 29 8 5 28 2 0 0 0 12
0 0 9 26 25 0 27 17 0 25 12 0 18 0 0 19 27 0 0 11
0 0 0 0 18 0 0 28 18 0 0 27 0 9 28 29 0 26 0 30
10 22 2 0 23 31 27 0 5 0 15 4 0 21 0 25 24 12 22 8
11 1 0 0 0 13 0 28 22 0 0 0 26 0 25 0 27 0 9 28
0 20 20 23 18 18 26 29 0 0 28 0 0 0 0 0 0 0 0 22
0 0 0 0 R
0 1 0 1 R
0 2 0 2 R
0 3 0 3 R
0 4 0 4 R
0 5 0 5 R
0 6 0 6 R
0 7 0 7 R
0 8 0 8 R
0 9 0 9 R
0 10 0 10 U
0 11 0 11 U
0 12 0 12 U
0 13 0 13 U
0 14 0 14 U
0 15 0 15 U
0 16 0 16 U
0 17 0 17 U
0 18 0 18 U
0 19 0 19 U
0 20 0 20 U
0 21 0 21 U
0 22 0 22 D
0 23 0 23 D
0 24 0 24 D
0 25 0 25 D
0 26 0 26 D
0 27 0 27 D
0 28 0 28 D
0 29 0 29 D
0 30 0 30 D
0 31 0 31 D
0 32 0 32 D
0 33 0 33 L
0 34 0 34 L
0 35 0 35 L
0 36 0 36 L
0 37 0 37 L
0 38 0 38 L
0 39 0 39 L
0 40 0 40 L
0 41 0 41 L
1 0 3 22 D
1 1 6 22 D
1 2 18 22 D
1 3 22 29 D
1 4 22 12 U
1 5 5 5 R
1 6 6 15 U
1 7 22 28 D
1 8 7 19 U
1 9 2 9 R
1 10 7 2 R
1 11 15 11 U
1 12 2 12 U
1 13 10 13 U
1 14 16 14 U
1 15 12 40 L
1 16 12 16 U
1 17 0 38 L
1 18 10 18 U
1 19 2 19 U
1 20 16 41 L
1 21 8 21 U
1 22 20 22 D
1 23 0 6 R
1 24 23 35 L
1 25 17 25 D
1 26 25 26 D
1 27 11 2 R
1 28 16 28 D
1 29 6 29 D
1 30 7 30 D
1 31 3 31 D
1 32 18 32 D
1 33 20 24 D
1 34 0 22 D
1 35 10 26 D
1 36 4 23 D
1 37 2 25 D
1 38 21 30 D
1 39 14 28 D
1 40 13 31 D
1 41 28 27 D
2 0 1 22 D
2 1 9 11 U
2 2 23 11 U
2 3 15 26 D
2 4 0 38 L
2 5 1 5 R
2 6 3 24 D
2 7 10 14 U
2 8 5 8 R
2 9 22 9 R
2 10 26 3 R
2 11 5 0 R
2 12 5 2 R
2 13 6 1 R
2 14 0 35 L
2 15 16 38 L
2 16 1 16 U
2 17 14 5 R
2 18 21 7 R
2 19 0 40 L
2 20 8 20 U
2 21 5 21 U
2 22 0 33 L
2 23 0 11 U
2 24 3 24 D
2 25 18 36 L
2 26 1 37 L
2 27 20 27 D
2 28 8 28 D
2 29 12 29 D
2 30 18 41 L
2 31 1 31 D
2 32 1 32 D
2 33 1 32 D
2 34 10 34 L
2 35 4 35 L
2 36 0 14 U
2 37 9 26 D
2 38 0 5 R
2 39 11 12 U
2 40 1 28 D
2 41 0 7 R
3 0 2 13 U
3 1 0 10 U
3 2 13 17 U
3 3 5 3 R
3 4 4 4 R
3 5 14 16 U
3 6 9 6 R
3 7 5 7 R
3 8 12 34 L
3 9 9 9 R
3 10 0 0 R
3 11 1 36 L
3 12 18 41 L
3 13 6 2 R
3 14 5 37 L
3 15 15 37 L
3 16 0 4 R
3 17 1 17 U
3 18 30 41 L
3 19 7 19 U
3 20 29 36 L
3 21 26 33 L
3 22 21 37 L
3 23 0 35 L
3 24 5 1 R
3 25 0 0 R
3 26 8 26 D
3 27 4 1 R
3 28 11 33 L
3 29 12 29 D
3 30 1 30 D
3 31 12 31 D
3 32 1 32 D
3 33 21 13 U
3 34 0 11 U
3 35 2 35 L
3 36 7 10 U
3 37 0 26 D
3 38 14 38 L
3 39 4 39 L
3 40 12 28 D
3 41 10 31 D
4 0 24 0 R
4 1 2 12 U
4 2 6 15 U
4 3 11 35 L
4 4 21 26 D
4 5 2 17 U
4 6 9 6 R
4 7 9 39 L
4 8 13 8 R
4 9 14 14 U
4 10 9 3 R
4 11 1 8 R
4 12 1 12 U
4 13 21 2 R
4 14 3 7 R
4 15 6 15 U
4 16 2 16 U
4 17 1 17 U
4 18 23 7 R
4 19 23 19 U
4 20 6 20 U
4 21 0 30 D
4 22 1 6 R
4 23 5 1 R
4 24 23 34 L
4 25 17 40 L
4 26 0 41 L
4 27 1 27 D
4 28 17 7 R
4 29 8 29 D
4 30 9 37 L
4 31 19 41 L
4 32 6 32 D
4 33 7 23 D
4 34 11 23 D
4 35 11 35 L
4 36 5 36 L
4 37 11 11 U
4 38 11 14 U
4 39 8 39 L
4 40 6 40 L
4 41 21 41 L
5 0 13 0 R
5 1 9 12 U
5 2 4 2 R
5 3 3 3 R
5 4 18 22 D
5 5 27 5 R
5 6 14 6 R
5 7 24 7 R
5 8 4 8 R
5 9 9 9 R
5 10 7 10 U
5 11 22 37 L
5 12 10 34 L
5 13 4 4 R
5 14 1 14 U
5 15 13 2 R
5 16 28 36 L
5 17 9 17 U
5 18 2 18 U
5 19 18 41 L
5 20 24 20 U
5 21 1 21 U
5 22 23 0 R
5 23 12 23 D
5 24 8 0 R
5 25 17 33 L
5 26 11 3 R
5 27 15 8 R
5 28 18 5 R
5 29 4 1 R
5 30 12 4 R
5 31 4 31 D
5 32 1 32 D
5 33 7 29 D
5 34 14 10 U
5 35 3 35 L
5 36 4 36 L
5 37 4 37 L
5 38 1 38 L
5 39 3 39 L
5 40 1 40 L
5 41 16 28 D
6 0 10 15 U
6 1 15 15 U
6 2 0 13 U
6 3 17 10 U
6 4 0 17 U
6 5 5 10 U
6 6 20 30 D
6 7 3 7 R
6 8 4 8 R
6 9 2 17 U
6 10 2 4 R
6 11 0 23 D
6 12 0 29 D
6 13 2 4 R
6 14 2 4 R
6 15 2 15 U
6 16 0 28 D
6 17 1 17 U
6 18 9 7 R
6 19 12 19 U
6 20 3 20 U
6 21 1 21 U
6 22 15 8 R
6 23 12 2 R
6 24 14 38 L
6 25 1 25 D
6 26 2 36 L
6 27 1 27 D
6 28 10 28 D
6 29 1 29 D
6 30 1 30 D
6 31 17 31 D
6 32 7 35 L
6 33 0 23 D
6 34 5 12 U
6 35 21 35 L
6 36 1 19 U
6 37 9 14 U
6 38 4 27 D
6 39 11 16 U
6 40 0 6 R
6 41 23 16 U
7 0 1 11 U
7 1 11 28 D
7 2 3 22 D
7 3 3 24 D
7 4 26 12 U
7 5 8 5 R
7 6 9 13 U
7 7 26 7 R
7 8 0 10 U
7 9 24 35 L
7 10 18 0 R
7 11 26 38 L
7 12 26 1 R
7 13 3 0 R
7 14 5 40 L
7 15 2 1 R
7 16 0 25 D
7 17 1 17 U
7 18 14 9 R
7 19 21 9 R
7 20 11 8 R
7 21 0 9 R
7 22 3 34 L
7 23 5 0 R
7 24 14 35 L
7 25 10 33 L
7 26 3 26 D
7 27 0 38 L
7 28 2 28 D
7 29 15 19 U
7 30 9 41 L
7 31 3 0 R
7 32 4 32 D
7 33 0 30 D
7 34 14 21 U
7 35 1 31 D
7 36 14 12 U
7 37 3 37 L
7 38 9 38 L
7 39 21 16 U
7 40 3 29 D
7 41 3 41 L
8 0 2 20 U
8 1 26 23 D
8 2 15 21 U
8 3 2 3 R
8 4 2 25 D
8 5 4 13 U
8 6 11 6 R
8 7 1 17 U
8 8 4 13 U
8 9 6 9 R
8 10 4 38 L
8 11 4 0 R
8 12 1 12 U
8 13 10 13 U
8 14 13 4 R
8 15 10 15 U
8 16 0 7 R
8 17 11 17 U
8 18 1 18 U
8 19 22 19 U
8 20 11 20 U
8 21 5 21 U
8 22 23 34 L
8 23 1 23 D
8 24 22 36 L
8 25 1 25 D
8 26 1 26 D
8 27 12 27 D
8 28 10 8 R
8 29 10 29 D
8 30 5 30 D
8 31 4 31 D
8 32 15 40 L
8 33 0 0 R
8 34 7 21 U
8 35 0 8 R
8 36 7 24 D
8 37 6 8 R
8 38 24 26 D
8 39 23 39 L
8 40 1 26 D
8 41 11 18 U
9 0 2 10 U
9 1 17 14 U
9 2 4 2 R
9 3 24 15 U
9 4 5 4 R
9 5 3 27 D
9 6 5 16 U
9 7 3 7 R
9 8 2 8 R
9 9 1 9 R
9 10 23 6 R
9 11 26 36 L
9 12 6 12 U
9 13 1 41 L
9 14 20 14 U
9 15 15 9 R
9 16 7 6 R
9 17 13 3 R
9 18 0 32 D
9 19 10 1 R
9 20 0 36 L
9 21 5 9 R
9 22 13 11 U
9 23 0 12 U
9 24 0 39 L
9 25 10 25 D
9 26 2 2 R
9 27 12 41 L
9 28 5 28 D
9 29 13 37 L
9 30 11 36 L
9 31 5 39 L
9 32 25 39 L
9 33 23 5 R
9 34 6 13 U
9 35 13 24 D
9 36 0 3 R
9 37 24 37 L
9 38 5 38 L
9 39 13 29 D
9 40 3 40 L
9 41 8 14 U
10 0 17 12 U
10 1 1 22 D
10 2 3 20 U
10 3 1 22 D
10 4 16 16 U
10 5 7 26 D
10 6 6 28 D
10 7 14 16 U
10 8 19 16 U
10 9 2 21 U
10 10 4 39 L
10 11 8 1 R
10 12 8 12 U
10 13 14 24 D
10 14 3 6 R
10 15 9 15 U
10 16 27 41 L
10 17 16 1 R
10 18 1 18 U
10 19 1 7 R
10 20 0 32 D
10 21 0 34 L
10 22 15 35 L
10 23 8 0 R
10 24 20 36 L
10 25 0 13 U
10 26 3 26 D
10 27 0 8 R
10 28 5 36 L
10 29 21 29 D
10 30 5 33 L
10 31 15 34 L
10 32 1 32 D
10 33 19 11 U
10 34 7 22 D
10 35 8 35 L
10 36 23 24 D
10 37 22 29 D
10 38 1 38 L
10 39 17 10 U
10 40 6 14 U
10 41 24 28 D
11 0 0 34 L
11 1 0 14 U
11 2 17 26 D
11 3 17 17 U
11 4 16 15 U
11 5 7 5 R
11 6 3 6 R
11 7 2 21 U
11 8 9 8 R
11 9 7 38 L
11 10 0 40 L
11 11 0 33 L
11 12 13 0 R
11 13 13 4 R
11 14 2 6 R
11 15 1 15 U
11 16 0 36 L
11 17 15 39 L
11 18 21 37 L
11 19 1 19 U
11 21 1 21 U
11 22 20 2 R
11 23 0 10 U
11 24 0 16 U
11 25 0 2 R
11 26 0 17 U
11 27 4 27 D
11 28 12 5 R
11 29 6 29 D
11 30 19 30 D
11 31 0 14 U
11 32 8 32 D
11 33 9 19 U
11 34 3 25 D
11 35 19 15 U
11 36 20 14 U
11 37 15 17 U
11 38 2 14 U
11 39 25 39 L
11 40 1 40 L
11 41 7 25 D
12 0 24 17 U
12 1 8 27 D
12 2 22 10 U
12 3 0 40 L
12 4 1 23 D
12 5 9 11 U
12 6 0 27 D
12 7 8 25 D
12 8 14 18 U
12 9 18 22 D
12 10 0 6 R
12 11 18 34 L
12 12 5 3 R
12 13 13 13 U
12 14 0 31 D
12 15 1 15 U
12 16 17 16 U
12 17 4 17 U
12 19 11 37 L
12 21 10 37 L
12 22 18 3 R
12 23 22 6 R
12 24 0 34 L
12 25 6 25 D
12 26 0 33 L
12 27 0 11 U
12 28 15 3 R
12 29 0 17 U
12 30 8 30 D
12 31 1 31 D
12 32 1 32 D
12 33 2 15 U
12 34 0 25 D
12 35 18 11 U
12 36 0 29 D
12 37 5 15 U
12 38 5 13 U
12 39 2 23 D
12 40 23 13 U
12 41 21 11 U
13 0 6 10 U
13 1 20 25 D
13 2 4 2 R
13 3 17 3 R
13 4 1 17 U
13 5 0 26 D
13 6 22 24 D
13 7 5 7 R
13 8 22 8 R
13 9 15 31 D
13 10 2 35 L
13 11 1 38 L
13 12 2 12 U
13 13 0 5 R
13 14 19 33 L
13 15 11 3 R
13 16 9 8 R
13 17 10 2 R
13 18 2 18 U
13 19 3 19 U
13 21 9 5 R
13 22 5 33 L
13 23 10 23 D
13 24 6 2 R
13 25 22 6 R
13 26 17 11 U
13 27 1 27 D
13 28 15 2 R
13 29 19 34 L
13 30 14 3 R
13 31 9 41 L
13 32 8 32 D
13 33 0 24 D
13 34 3 34 L
13 35 11 35 L
13 36 27 36 L
13 37 9 16 U
13 38 0 27 D
13 39 2 25 D
13 40 8 24 D
13 41 9 41 L
14 0 3 13 U
14 1 1 1 R
14 2 13 12 U
14 3 19 22 D
14 4 26 24 D
14 5 11 5 R
14 6 0 22 D
14 7 15 11 U
14 8 5 8 R
14 9 4 9 R
14 10 0 22 D
14 11 29 8 R
14 12 4 8 R
14 13 22 5 R
14 14 0 3 R
14 15 19 5 R
14 16 4 16 U
14 17 16 6 R
14 18 4 18 U
14 19 11 19 U
14 21 7 21 U
14 22 15 4 R
14 23 12 36 L
14 24 4 5 R
14 25 5 37 L
14 26 10 34 L
14 27 6 5 R
14 28 19 28 D
14 29 11 1 R
14 30 21 40 L
14 31 0 16 U
14 32 1 32 D
14 33 15 29 D
14 34 23 18 U
14 35 5 28 D
14 36 24 4 R
14 37 6 25 D
14 38 31 15 U
14 39 16 17 U
14 40 6 26 D
14 41 9 41 L
15 0 21 22 D
15 1 1 23 D
15 2 0 33 L
15 3 0 36 L
15 4 0 15 U
15 5 4 5 R
15 6 7 18 U
15 7 9 23 D
15 8 4 10 U
15 9 20 25 D
15 10 27 37 L
15 11 2 3 R
15 12 26 37 L
15 13 18 39 L
15 14 17 34 L
15 15 14 0 R
15 16 0 6 R
15 17 3 17 U
15 19 18 5 R
15 21 14 21 U
15 22 1 35 L
15 23 10 8 R
15 24 24 35 L
15 25 23 34 L
15 26 13 41 L
15 27 20 6 R
15 28 21 39 L
15 29 6 33 L
15 30 2 30 D
15 31 25 9 R
15 32 8 37 L
15 33 0 1 R
15 34 4 11 U
15 35 2 13 U
15 36 6 16 U
15 37 8 37 L
15 38 2 32 D
15 39 25 26 D
15 40 19 25 D
15 41 14 13 U
16 0 4 14 U
16 1 13 30 D
16 2 21 25 D
16 3 25 25 D
16 4 18 17 U
16 5 7 20 U
16 6 13 28 D
16 7 0 37 L
16 8 20 22 D
16 9 4 9 R
16 10 13 1 R
16 12 3 38 L
16 13 0 24 D
16 14 9 35 L
16 15 21 15 U
16 16 0 34 L
16 17 2 17 U
16 19 12 33 L
16 21 8 21 U
16 22 8 39 L
16 23 4 39 L
16 24 14 37 L
16 25 12 5 R
16 26 24 39 L
16 27 13 7 R
16 28 18 36 L
16 29 0 15 U
16 30 12 39 L
16 31 6 31 D
16 32 22 34 L
16 33 24 10 U
16 34 17 23 D
16 35 25 11 U
16 36 9 29 D
16 37 14 24 D
16 38 3 10 U
16 39 22 27 D
16 40 18 16 U
16 41 11 30 D
17 0 0 22 D
17 1 1 11 U
17 2 8 21 U
17 3 3 3 R
17 4 22 20 U
17 5 7 38 L
17 6 6 12 U
17 7 3 13 U
17 8 20 17 U
17 9 0 31 D
17 10 0 39 L
17 11 20 37 L
17 12 1 0 R
17 13 5 7 R
17 14 18 7 R
17 15 12 0 R
17 16 20 40 L
17 17 12 7 R
17 19 1 19 U
17 22 3 33 L
17 23 24 3 R
17 24 12 4 R
17 25 10 6 R
17 26 28 7 R
17 27 3 34 L
17 28 6 28 D
17 29 1 29 D
17 30 1 30 D
17 31 14 41 L
17 32 22 32 D
17 33 2 10 U
17 34 11 34 L
17 35 0 32 D
17 36 25 15 U
17 37 5 10 U
17 38 14 28 D
17 39 9 39 L
17 40 13 17 U
17 41 8 41 L
18 0 13 35 L
18 1 0 16 U
18 2 5 23 D
18 3 21 18 U
18 4 3 31 D
18 5 9 24 D
18 6 1 10 U
18 7 0 30 D
18 8 13 10 U
18 9 19 24 D
18 10 19 41 L
18 11 8 4 R
18 12 22 8 R
18 13 10 35 L
18 14 8 14 U
18 15 1 15 U
18 16 1 16 U
18 17 11 17 U
18 18 0 34 L
18 19 0 35 L
18 22 20 1 R
18 23 0 1 R
18 24 17 3 R
18 25 22 18 U
18 26 20 26 D
18 27 0 4 R
18 28 0 15 U
18 29 10 29 D
18 30 2 30 D
18 31 6 31 D
18 32 7 32 D
18 33 0 17 U
18 34 9 13 U
18 35 1 22 D
18 36 2 25 D
18 37 6 30 D
18 38 1 23 D
18 39 5 15 U
18 40 8 29 D
18 41 1 31 D
19 0 25 11 U
19 1 9 17 U
19 2 16 23 D
19 3 4 3 R
19 4 6 24 D
19 5 2 14 U
19 6 1 28 D
19 7 4 7 R
19 8 3 26 D
19 9 13 28 D
19 10 20 33 L
19 11 20 11 U
19 12 18 5 R
19 13 13 38 L
19 14 11 35 L
19 15 17 7 R
19 16 28 39 L
19 17 14 39 L
19 18 26 4 R
19 19 21 19 U
19 21 2 37 L
19 22 21 36 L
19 23 0 3 R
19 24 10 24 D
19 25 2 37 L
19 27 25 40 L
19 28 1 28 D
19 29 11 3 R
19 30 21 34 L
19 31 22 31 D
19 32 24 34 L
19 33 14 28 D
19 34 4 12 U
19 35 25 13 U
19 36 9 28 D
19 37 13 25 D
19 38 6 11 U
19 39 6 27 D
19 40 18 15 U
19 41 0 23 D
20 0 19 22 D
20 1 26 13 U
20 2 10 24 D
20 3 5 24 D
20 4 9 25 D
20 5 4 15 U
20 6 19 12 U
20 7 3 15 U
20 8 3 32 D
20 9 4 9 R
20 10 12 40 L
20 11 17 7 R
20 12 5 12 U
20 13 8 13 U
20 14 24 14 U
20 15 19 33 L
20 16 6 16 U
20 17 13 40 L
20 18 1 18 U
20 19 12 19 U
20 20 2 20 U
20 22 0 0 R
20 23 5 4 R
20 24 10 35 L
20 25 10 2 R
20 26 0 19 U
20 27 0 1 R
20 28 0 34 L
20 29 0 19 U
20 30 8 30 D
20 31 8 31 D
20 32 11 36 L
20 33 27 17 U
20 34 1 34 L
20 35 14 12 U
20 36 12 13 U
20 37 18 11 U
20 38 0 16 U
20 39 14 14 U
20 40 18 11 U
20 41 25 19 U
21 0 10 10 U
21 1 9 1 R
21 2 7 2 R
21 3 1 14 U
21 4 23 39 L
21 5 4 11 U
21 6 8 6 R
21 7 10 7 R
21 8 16 10 U
21 9 27 37 L
21 10 22 37 L
21 12 17 35 L
21 13 26 35 L
21 14 2 14 U
21 15 23 4 R
21 16 26 1 R
21 17 10 27 D
21 18 19 5 R
21 19 25 19 U
21 22 22 9 R
21 23 7 3 R
21 24 5 4 R
21 25 16 8 R
21 26 12 38 L
21 27 18 35 L
21 28 19 37 L
21 29 1 29 D
21 30 1 30 D
21 31 7 31 D
21 32 22 32 D
21 33 20 18 U
21 34 15 32 D
21 35 4 31 D
21 36 15 26 D
21 37 0 28 D
21 38 0 12 U
21 39 1 23 D
21 40 8 32 D
21 41 1 27 D
22 0 10 24 D
22 1 5 1 R
22 2 10 23 D
22 3 5 10 U
22 4 26 15 U
22 5 13 22 D
22 6 6 6 R
22 7 18 38 L
22 8 2 24 D
22 9 16 10 U
22 10 24 36 L
22 11 7 40 L
22 12 9 36 L
22 13 8 8 R
22 14 13 9 R
22 15 19 39 L
22 16 5 16 U
22 17 25 9 R
22 18 7 18 U
22 22 19 38 L
22 23 19 33 L
22 24 8 9 R
22 25 21 3 R
22 26 17 26 D
22 27 2 27 D
22 28 26 9 R
22 29 8 29 D
22 30 2 0 R
22 31 0 19 U
22 32 0 18 U
22 33 7 25 D
22 34 27 12 U
22 35 17 10 U
22 36 21 32 D
22 37 8 37 L
22 38 15 16 U
22 39 23 13 U
22 40 4 40 L
22 41 1 41 L
23 0 4 12 U
23 1 10 17 U
23 2 25 13 U
23 3 0 35 L
23 4 0 18 U
23 5 0 25 D
23 6 9 6 R
23 7 3 7 R
23 8 14 12 U
23 9 9 9 R
23 10 27 33 L
23 12 4 1 R
23 13 1 0 R
23 14 12 14 U
23 15 1 15 U
23 16 20 16 U
23 17 9 17 U
23 18 18 18 U
23 22 11 34 L
23 23 6 1 R
23 24 28 8 R
23 25 32 25 D
23 26 0 36 L
23 27 12 5 R
23 28 6 28 D
23 29 3 39 L
23 30 18 19 U
23 31 0 5 R
23 32 26 33 L
23 33 3 12 U
23 34 16 15 U
23 35 10 11 U
23 36 22 31 D
23 37 6 26 D
23 38 11 29 D
23 39 21 11 U
23 40 25 20 U
23 41 19 26 D
24 0 25 19 U
24 1 1 24 D
24 2 25 2 R
24 3 5 13 U
24 4 22 13 U
24 5 5 5 R
24 6 29 25 D
24 7 25 18 U
24 8 2 20 U
24 9 22 23 D
24 10 12 5 R
24 12 2 12 U
24 13 0 25 D
24 14 13 0 R
24 15 16 25 D
24 17 9 6 R
24 18 17 6 R
24 19 0 37 L
24 22 6 22 D
24 23 19 3 R
24 24 13 1 R
24 25 1 25 D
24 27 15 37 L
24 28 0 6 R
24 29 15 36 L
24 30 3 30 D
24 31 11 31 D
24 32 7 32 D
24 33 9 33 L
24 34 27 22 D
24 35 25 25 D
24 36 23 10 U
24 37 1 29 D
24 38 4 38 L
24 39 2 39 L
24 40 21 12 U
24 41 27 10 U
25 0 7 12 U
25 1 2 20 U
25 2 23 14 U
25 3 26 13 U
25 4 16 18 U
25 5 5 21 U
25 6 13 18 U
25 7 23 40 L
25 8 2 8 R
25 9 30 18 U
25 10 24 34 L
25 11 10 11 U
25 12 13 39 L
25 13 24 9 R
25 14 0 27 D
25 15 9 15 U
25 17 8 17 U
25 18 20 35 L
25 22 11 2 R
25 23 13 2 R
25 24 19 2 R
25 25 1 7 R
25 26 15 33 L
25 27 4 38 L
25 28 8 28 D
25 29 9 3 R
25 30 21 30 D
25 32 1 32 D
25 33 12 26 D
25 34 20 19 U
25 35 15 2 R
25 36 19 36 L
25 37 11 27 D
25 38 4 38 L
25 39 21 31 D
25 40 19 27 D
25 41 20 41 L
26 0 0 26 D
26 1 24 21 U
26 2 4 18 U
26 3 30 23 D
26 4 7 13 U
26 5 15 23 D
26 6 17 22 D
26 7 19 27 D
26 8 28 8 R
26 9 5 9 R
26 11 29 33 L
26 12 20 0 R
26 13 14 2 R
26 14 9 36 L
26 15 10 15 U
26 17 4 17 U
26 19 29 38 L
26 22 18 10 U
26 23 20 0 R
26 24 14 6 R
26 25 18 1 R
26 26 29 35 L
26 27 0 7 R
26 28 5 34 L
26 29 2 35 L
26 30 1 30 D
26 32 12 38 L
26 33 13 30 D
26 34 1 22 D
26 35 8 23 D
26 36 1 15 U
26 37 16 24 D
26 38 15 38 L
26 39 2 24 D
26 40 9 40 L
26 41 13 41 L
27 0 19 0 R
27 1 12 33 L
27 2 25 23 D
27 3 8 3 R
27 4 23 23 D
27 5 1 5 R
27 6 15 27 D
27 7 25 26 D
27 9 1 9 R
27 12 25 12 U
27 13 26 37 L
27 14 9 14 U
27 15 1 15 U
27 17 14 6 R
27 22 28 2 R
27 23 24 8 R
27 24 12 39 L
27 25 1 25 D
27 26 16 40 L
27 27 5 27 D
27 29 8 29 D
27 30 16 16 U
27 32 1 32 D
27 33 25 6 R
27 34 16 17 U
27 35 4 14 U
27 37 0 12 U
27 38 30 12 U
27 39 3 39 L
27 40 30 23 D
28 2 0 23 D
28 3 9 23 D
28 4 5 4 R
28 5 27 18 U
28 6 12 6 R
28 7 9 30 D
28 12 30 36 L
28 13 13 33 L
28 14 24 3 R
28 15 13 29 D
28 18 3 35 L
28 22 20 0 R
28 23 13 23 D
28 24 12 8 R
28 27 14 27 D
28 29 0 7 R
28 30 17 30 D
28 32 4 32 D
28 33 27 0 R
28 35 13 15 U
28 36 26 10 U
28 37 27 37 L
28 38 23 25 D
28 39 2 39 L
28 40 20 40 L
29 1 19 22 D
29 2 28 27 D
29 3 3 27 D
29 4 10 23 D
29 6 27 14 U
29 10 26 38 L
29 12 4 6 R
29 15 1 15 U
29 18 3 40 L
29 29 5 40 L
29 30 11 19 U
29 32 17 32 D
29 35 26 22 D
29 38 9 11 U
29 40 7 30 D
30 1 21 32 D
30 2 25 24 D
30 3 11 3 R
30 6 17 12 U
30 12 16 40 L
30 14 7 39 L
30 15 29 1 R
30 29 12 29 D
30 30 24 38 L
30 32 2 32 D
30 35 24 18 U
31 2 3 30 D
31 3 0 39 L
31 6 1 6 R
31 12 6 1 R
31 29 29 5 R
31 30 0 13 U
31 32 1 32 D
31 35 7 32 D
32 29 13 29 D
33 29 1 29 D

