29 38 1012
18 15 4 0 6 3 14 11 1 0 8 5 7 3 0 4 5 4 0
0 12 0 1 16 0 0 17 28 12 20 0 17 19 7 7 8 3 5
0 10 8 0 2 0 8 0 3 22 10 7 28 24 23 9 0 22 0
0 8 24 25 0 25 0 0 27 0 6 27 0 26 0 20 25 27 10
0 20 0 2 17 0 0 16 15 22 26 0 0 0 27 0 23 14 17
0 0 0 26 0 27 0 12 3 2 17 0 26 28 0 13 0 0 5
0 28 0 4 11 0 0 0 0 26 0 7 28 22 0 23 23 3 19
0 22 22 23 0 0 24 0 0 25 0 19 0 26 0 22 0 23 0
0 2 26 6 0 0 27 0 0 28 0 0 27 0 27 26 4 0 0
0 2 9 0 9 25 25 13 0 0 27 19 2 0 0 0 0 0 20
0 12 13 22 0 5 22 6 24 0 28 23 5 0 0 0 24 0 7
0 18 11 16 18 0 4 10 5 23 0 0 4 27 2 0 0 19 23
19 7 22 0 0 0 27 24 16 11 0 25 3 17 0 26 0 0 4
19 4 0 3 0 6 0 21 16 0 4 8 0 0 16 20 7 9 2
13 21 24 0 14 25 26 22 17 0 0 0 0 26 0 10 21 11 18
20 0 24 0 11 0 26 0 25 22 0 3 16 0 0 16 0 0 11
26 0 0 0 24 0 26 28 0 0 28 20 10 0 0 0 2 0 0
19 23 23 0 0 0 0 0 0 22 25 19 18 0 0 20 23 14 17
2 0 2 11 0 0 27 0 24 21 22 18 0 15 2 0 17 0 18
0 0 0 0 D
0 1 0 1 D
0 2 0 2 D
0 3 0 3 D
0 4 0 4 D
0 5 0 5 D
0 6 0 6 D
0 7 0 7 D
0 8 0 8 D
0 9 0 9 D
0 10 0 10 R
0 11 0 11 R
0 12 0 12 R
0 13 0 13 R
0 14 0 14 R
0 15 0 15 R
0 16 0 16 R
0 17 0 17 R
0 18 0 18 R
0 19 0 19 U
0 20 0 20 U
0 21 0 21 U
0 22 0 22 U
0 23 0 23 U
0 24 0 24 U
0 25 0 25 U
0 26 0 26 U
0 27 0 27 U
0 28 0 28 U
0 29 0 29 L
0 30 0 30 L
0 31 0 31 L
0 32 0 32 L
0 33 0 33 L
0 34 0 34 L
0 35 0 35 L
0 36 0 36 L
0 37 0 37 L
1 0 0 11 R
1 1 1 30 L
1 2 0 30 L
1 3 0 32 L
1 4 3 30 L
1 5 2 34 L
1 6 2 16 R
1 7 1 36 L
1 8 12 30 L
1 9 19 23 U
1 10 0 0 D
1 11 0 20 U
1 12 0 1 D
1 13 3 3 D
1 14 0 22 U
1 15 3 4 D
1 16 3 24 U
1 17 1 7 D
1 18 6 5 D
1 19 0 10 R
1 20 0 29 L
1 21 0 0 D
1 22 3 1 D
1 23 3 34 L
1 24 1 15 R
1 25 0 37 L
1 26 12 14 R
1 27 5 13 R
1 28 18 31 L
1 29 0 19 U
1 30 1 21 U
1 31 0 12 R
1 32 0 0 D
1 33 0 3 D
1 34 0 22 U
1 35 1 4 D
1 36 0 5 D
1 37 2 7 D
2 0 0 19 U
2 1 1 1 D
2 2 2 2 D
2 3 0 21 U
2 4 2 4 D
2 5 0 23 U
2 6 3 6 D
2 7 2 7 D
2 8 16 8 D
2 9 15 9 D
2 10 0 19 U
2 11 1 19 U
2 12 1 12 R
2 13 2 13 R
2 14 3 14 R
2 15 4 15 R
2 16 4 16 R
2 17 3 17 R
2 18 6 18 R
2 19 1 31 L
2 20 1 0 D
2 21 0 32 L
2 22 4 22 U
2 23 0 35 L
2 24 0 36 L
2 25 2 25 U
2 26 1 26 U
2 27 8 27 U
2 28 17 28 U
2 29 0 1 D
2 30 1 20 U
2 31 2 31 L
2 32 0 21 U
2 33 2 33 L
2 34 1 34 L
2 35 2 35 L
2 36 0 6 D
2 37 2 37 L
3 0 1 0 D
3 1 0 10 R
3 2 1 2 D
3 3 0 12 R
3 4 2 33 L
3 5 2 36 L
3 6 1 36 L
3 7 4 7 D
3 8 13 8 D
3 9 20 9 D
3 10 0 2 D
3 11 2 3 D
3 12 2 19 U
3 13 1 13 R
3 14 2 23 U
3 15 3 23 U
3 16 2 24 U
3 17 2 17 R
3 18 5 18 R
3 19 2 29 L
3 20 3 20 U
3 21 0 33 L
3 22 0 1 D
3 23 2 15 R
3 24 3 24 U
3 25 3 37 L
3 26 0 30 L
3 27 9 27 U
3 28 0 11 R
3 29 1 29 L
3 30 1 30 L
3 31 1 31 L
3 32 1 32 L
3 33 0 14 R
3 34 3 34 L
3 35 1 5 D
3 36 4 24 U
3 37 1 37 L
4 0 0 13 R
4 1 0 31 L
4 2 4 14 R
4 3 3 3 D
4 4 0 14 R
4 5 4 16 R
4 6 9 33 L
4 7 0 25 U
4 8 16 11 R
4 9 11 9 D
4 10 0 4 D
4 11 3 11 R
4 12 3 12 R
4 13 3 13 R
4 14 0 23 U
4 15 1 15 R
4 16 5 2 D
4 17 6 2 D
4 18 1 18 R
4 19 4 11 R
4 20 2 3 D
4 21 4 21 U
4 22 3 22 U
4 23 0 5 D
4 24 1 17 R
4 25 4 30 L
4 26 3 26 U
4 27 10 27 U
4 28 18 28 U
4 29 0 2 D
4 30 2 19 U
4 31 4 20 U
4 32 3 32 L
4 33 3 33 L
4 34 0 23 U
4 35 3 35 L
4 36 3 25 U
4 37 4 5 D
5 0 5 31 L
5 1 4 1 D
5 2 0 29 L
5 3 7 30 L
5 4 6 31 L
5 5 10 5 D
5 6 12 6 D
5 7 5 7 D
5 8 6 8 D
5 9 16 30 L
5 10 0 21 U
5 11 2 1 D
5 12 2 20 U
5 13 1 0 D
5 14 0 7 D
5 15 0 29 L
5 16 13 16 R
5 17 6 17 R
5 18 7 18 R
5 19 1 33 L
5 20 0 12 R
5 21 5 33 L
5 22 0 0 D
5 23 0 14 R
5 24 0 7 D
5 25 1 25 U
5 26 5 26 U
5 27 11 31 L
5 28 12 12 R
5 29 4 11 R
5 30 6 1 D
5 31 3 0 D
5 32 7 32 L
5 33 4 6 D
5 34 5 18 R
5 35 7 21 U
5 36 2 10 R
5 37 5 18 R
6 0 5 0 D
6 1 2 10 R
6 2 2 12 R
6 3 6 37 L
6 4 5 17 R
6 5 12 30 L
6 6 6 6 D
6 7 5 32 L
6 8 5 8 D
6 9 17 9 D
6 10 4 7 D
6 11 7 11 R
6 12 7 20 U
6 13 5 13 R
6 14 13 25 U
6 15 2 4 D
6 16 14 16 R
6 17 8 17 R
6 18 5 24 U
6 19 1 13 R
6 20 5 10 R
6 21 2 21 U
6 22 6 22 U
6 23 7 23 U
6 24 7 24 U
6 25 4 4 D
6 26 13 26 U
6 27 15 27 U
6 28 12 28 U
6 29 4 29 L
6 30 6 30 L
6 31 5 31 L
6 32 6 32 L
6 33 0 2 D
6 34 5 34 L
6 35 4 35 L
6 36 8 36 L
6 37 5 37 L
7 0 4 12 R
7 1 7 35 L
7 2 7 29 L
7 3 6 3 D
7 4 1 4 D
7 5 11 5 D
7 6 11 6 D
7 7 3 34 L
7 8 13 30 L
7 9 5 9 D
7 10 6 10 R
7 11 6 11 R
7 12 7 12 R
7 13 1 3 D
7 14 11 14 R
7 15 10 15 R
7 16 11 27 U
7 17 4 17 R
7 18 0 3 D
7 19 1 19 U
7 20 0 15 R
7 21 0 18 R
7 22 1 22 U
7 23 0 30 L
7 24 4 24 U
7 25 7 25 U
7 26 6 4 D
7 27 7 12 R
7 28 9 28 U
7 29 1 22 U
7 30 6 20 U
7 31 4 31 L
7 32 5 32 L
7 33 7 33 L
7 34 4 34 L
7 35 5 35 L
7 36 2 22 U
7 37 6 37 L
8 0 6 36 L
8 1 0 20 U
8 2 6 18 R
8 3 9 3 D
8 4 4 13 R
8 5 7 5 D
8 6 11 22 U
8 7 11 35 L
8 8 17 8 D
8 9 18 9 D
8 10 7 19 U
8 11 9 19 U
8 12 6 20 U
8 13 9 21 U
8 14 5 14 R
8 15 11 15 R
8 16 9 37 L
8 17 9 23 U
8 18 8 23 U
8 19 7 32 L
8 20 3 10 R
8 21 6 12 R
8 22 0 18 R
8 23 8 23 U
8 24 3 29 L
8 25 11 17 R
8 26 9 26 U
8 27 14 16 R
8 28 14 2 D
8 29 7 0 D
8 30 8 1 D
8 31 5 20 U
8 32 2 32 L
8 33 0 1 D
8 34 0 24 U
8 35 6 1 D
8 36 3 4 D
8 37 6 25 U
9 0 7 10 R
9 1 8 11 R
9 2 5 30 L
9 3 6 35 L
9 4 10 10 R
9 5 4 5 D
9 6 15 6 D
9 7 4 26 U
9 8 3 8 D
9 9 6 9 D
9 10 0 36 L
9 11 7 1 D
9 12 2 12 R
9 13 10 3 D
9 14 12 14 R
9 15 12 3 D
9 16 20 16 R
9 17 7 17 R
9 18 2 36 L
9 19 10 29 L
9 20 9 29 L
9 21 3 21 U
9 22 8 22 U
9 23 10 13 R
9 24 4 33 L
9 25 12 25 U
9 26 10 26 U
9 27 16 27 U
9 28 19 28 U
9 29 10 10 R
9 30 8 19 U
9 31 2 11 R
9 32 0 20 U
9 33 5 21 U
9 34 8 34 L
9 35 8 3 D
9 36 7 36 L
9 37 10 37 L
10 0 9 0 D
10 1 4 17 R
10 2 9 34 L
10 3 8 37 L
10 4 13 29 L
10 5 11 32 L
10 6 2 6 D
10 7 6 7 D
10 8 2 8 D
10 9 9 9 D
10 10 6 0 D
10 11 6 2 D
10 12 6 12 R
10 13 10 13 R
10 14 8 24 U
10 15 6 15 R
10 16 7 9 D
10 17 9 17 R
10 18 10 18 R
10 19 10 19 U
10 20 5 35 L
10 21 2 29 L
10 22 10 34 L
10 23 10 23 U
10 24 10 24 U
10 25 5 25 U
10 26 11 26 U
10 27 2 6 D
10 28 4 28 U
10 29 0 11 R
10 30 0 24 U
10 31 10 31 L
10 32 4 32 L
10 33 9 33 L
10 34 7 34 L
10 35 7 35 L
10 36 9 36 L
10 37 9 37 L
11 0 8 17 R
11 1 8 21 U
11 2 2 20 U
11 3 11 37 L
11 4 14 4 D
11 5 12 5 D
11 6 10 17 R
11 7 0 12 R
11 8 8 8 D
11 9 0 26 U
11 10 2 25 U
11 11 10 11 R
11 12 0 36 L
11 13 13 13 R
11 14 13 14 R
11 15 8 15 R
11 16 19 16 R
11 17 11 1 D
11 18 12 18 R
11 19 10 15 R
11 20 2 31 L
11 21 0 10 R
11 22 9 22 U
11 23 4 23 U
11 24 2 32 L
11 25 11 25 U
11 26 15 33 L
11 27 6 27 U
11 28 13 28 U
11 29 3 29 L
11 30 4 0 D
11 31 5 21 U
11 32 13 32 L
11 33 0 19 U
11 34 10 34 L
11 35 0 11 R
11 36 10 36 L
11 37 12 0 D
12 0 2 10 R
12 1 10 1 D
12 2 12 2 D
12 3 9 18 R
12 4 10 4 D
12 5 4 32 L
12 6 8 6 D
12 7 8 7 D
12 8 17 16 R
12 9 8 9 D
12 10 10 22 U
12 11 12 11 R
12 12 9 12 R
12 13 12 13 R
12 14 15 19 U
12 15 9 3 D
12 16 10 16 R
12 17 7 2 D
12 18 8 18 R
12 19 5 18 R
12 20 5 29 L
12 21 12 21 U
12 22 7 6 D
12 23 7 30 L
12 24 2 24 U
12 25 6 10 R
12 26 14 26 U
12 27 17 27 U
12 28 13 5 D
12 29 3 20 U
12 30 9 21 U
12 31 11 31 L
12 32 7 2 D
12 33 7 22 U
12 34 4 26 U
12 35 13 35 L
12 36 11 5 D
12 37 15 21 U
13 0 4 10 R
13 1 2 19 U
13 2 8 14 R
13 3 0 11 R
13 4 11 13 R
13 5 5 5 D
13 6 12 32 L
13 7 9 7 D
13 8 7 36 L
13 9 0 28 U
13 10 4 20 U
13 11 13 5 D
13 12 11 26 U
13 13 11 13 R
13 14 15 14 R
13 15 2 15 R
13 16 3 16 R
13 17 6 19 U
13 18 6 23 U
13 19 12 13 R
13 20 13 0 D
13 21 4 29 L
13 22 0 12 R
13 23 9 12 R
13 24 5 24 U
13 25 6 11 R
13 26 14 37 L
13 27 14 27 U
13 28 11 28 U
13 29 2 20 U
13 30 8 22 U
13 31 12 5 D
13 32 10 24 U
13 33 11 33 L
13 34 2 34 L
13 35 12 35 L
13 36 0 17 R
13 37 7 37 L
14 0 2 32 L
14 1 10 31 L
14 2 13 17 R
14 3 10 3 D
14 4 13 12 R
14 5 14 37 L
14 6 14 6 D
14 7 10 7 D
14 8 12 8 D
14 9 16 9 D
14 10 12 22 U
14 11 0 25 U
14 12 7 4 D
14 13 14 7 D
14 14 14 34 L
14 15 10 19 U
14 16 9 16 R
14 17 9 6 D
14 18 15 34 L
14 19 9 34 L
14 20 6 32 L
14 21 6 2 D
14 22 1 14 R
14 23 8 31 L
14 24 14 30 L
14 25 14 32 L
14 26 2 26 U
14 27 17 31 L
14 28 15 28 U
14 29 9 20 U
14 30 13 1 D
14 31 9 4 D
14 32 14 10 R
14 33 3 22 U
14 34 13 34 L
14 35 4 0 D
14 36 3 36 L
14 37 15 37 L
15 0 11 18 R
15 1 15 14 R
15 2 14 15 R
15 3 14 10 R
15 4 0 27 U
15 5 15 5 D
15 6 15 33 L
15 7 12 29 L
15 8 14 8 D
15 9 12 10 R
15 10 0 6 D
15 11 6 26 U
15 12 0 26 U
15 13 13 27 U
15 14 16 14 R
15 15 14 15 R
15 16 17 16 R
15 17 4 25 U
15 18 5 5 D
15 19 11 36 L
15 20 14 29 L
15 21 14 2 D
15 22 12 29 L
15 23 11 23 U
15 24 14 24 U
15 25 12 35 L
15 26 15 18 R
15 27 9 4 D
15 28 6 37 L
15 29 14 5 D
15 30 13 23 U
15 31 0 6 D
15 32 4 14 R
15 33 15 11 R
15 34 14 1 D
15 35 14 35 L
15 36 14 36 L
15 37 9 6 D
16 0 17 10 R
16 1 16 1 D
16 2 11 14 R
16 3 17 37 L
16 4 4 4 D
16 5 16 13 R
16 6 16 15 R
16 7 13 7 D
16 8 18 34 L
16 9 0 24 U
16 10 7 8 D
16 11 10 33 L
16 12 0 8 D
16 13 1 21 U
16 14 7 14 R
16 15 0 37 L
16 16 18 16 R
16 17 14 17 R
16 18 15 18 R
16 19 16 15 R
16 20 16 12 R
16 21 1 11 R
16 22 11 36 L
16 23 4 33 L
16 24 5 32 L
16 25 6 36 L
16 26 17 30 L
16 27 0 34 L
16 28 2 28 U
16 29 15 26 U
16 30 16 14 R
16 31 11 23 U
16 32 0 14 R
16 33 14 27 U
16 34 15 1 D
16 35 0 2 D
16 36 16 36 L
16 37 16 24 U
17 0 1 33 L
17 1 13 17 R
17 2 10 11 R
17 3 0 28 U
17 4 9 4 D
17 5 6 10 R
17 6 13 6 D
17 7 2 31 L
17 8 7 8 D
17 9 25 9 D
17 10 17 1 D
17 11 10 0 D
17 12 15 21 U
17 13 16 8 D
17 14 11 7 D
17 15 15 27 U
17 16 16 16 R
17 17 8 7 D
17 18 16 18 R
17 19 11 35 L
17 20 6 29 L
17 21 2 12 R
17 22 15 22 U
17 23 8 30 L
17 24 0 13 R
17 25 17 32 L
17 26 17 26 U
17 27 4 27 U
17 28 3 28 U
17 29 4 23 U
17 30 6 22 U
17 31 16 27 U
17 32 16 26 U
17 33 17 33 L
17 34 12 8 D
17 35 16 35 L
17 36 17 27 U
17 37 17 8 D
18 0 0 33 L
18 1 13 1 D
18 2 17 13 R
18 3 4 3 D
18 4 8 29 L
18 5 14 5 D
18 6 13 30 L
18 7 0 33 L
18 8 4 8 D
18 9 2 29 L
18 10 5 27 U
18 11 0 32 L
18 12 15 3 D
18 13 7 28 U
18 14 12 2 D
18 15 19 28 U
18 16 0 29 L
18 17 5 17 R
18 19 13 18 R
18 20 7 14 R
18 21 19 21 U
18 22 16 11 R
18 23 19 32 L
18 24 19 35 L
18 25 18 13 R
18 26 16 29 L
18 27 17 30 L
18 28 15 2 D
18 29 11 3 D
18 30 17 26 U
18 31 18 0 D
18 32 18 28 U
18 33 15 33 L
18 34 12 3 D
18 35 6 0 D
18 36 20 20 U
18 37 0 23 U
19 0 19 0 D
19 1 18 1 D
19 2 0 35 L
19 3 3 15 R
19 4 20 36 L
19 5 16 17 R
19 6 19 6 D
19 7 18 7 D
19 8 19 12 R
19 9 19 9 D
19 10 18 23 U
19 11 20 11 R
19 12 17 22 U
19 13 20 21 U
19 14 3 4 D
19 15 19 15 R
19 16 21 16 R
19 17 15 9 D
19 19 19 10 R
19 20 0 3 D
19 21 2 33 L
19 22 6 35 L
19 23 7 31 L
19 24 11 24 U
19 25 6 25 U
19 26 11 29 L
19 27 24 31 L
19 28 23 28 U
19 29 17 29 L
19 30 17 25 U
19 31 18 1 D
19 32 7 14 R
19 33 0 28 U
19 34 18 34 L
19 35 2 19 U
19 36 19 36 L
19 37 18 37 L
20 0 18 10 R
20 1 0 21 U
20 2 1 11 R
20 3 15 15 R
20 4 20 4 D
20 5 19 14 R
20 6 16 32 L
20 7 11 11 R
20 8 18 8 D
20 9 21 9 D
20 10 10 9 D
20 11 19 2 D
20 12 18 27 U
20 13 19 25 U
20 14 4 4 D
20 15 20 19 U
20 16 15 16 R
20 17 23 17 R
20 19 7 13 R
20 20 19 16 R
20 21 6 21 U
20 22 20 22 U
20 23 2 23 U
20 24 20 24 U
20 25 21 25 U
20 26 18 36 L
20 27 24 35 L
20 28 20 28 U
20 29 1 8 D
20 30 20 26 U
20 31 18 8 D
20 32 14 32 L
20 33 2 9 D
20 34 12 34 L
20 35 19 6 D
20 36 20 22 U
20 37 19 37 L
21 0 18 16 R
21 1 21 30 L
21 2 18 2 D
21 3 23 3 D
21 4 22 31 L
21 5 24 33 L
21 6 21 30 L
21 7 25 7 D
21 8 5 36 L
21 9 22 9 D
21 10 19 0 D
21 11 21 3 D
21 12 20 2 D
21 13 11 22 U
21 14 23 25 U
21 15 25 7 D
21 16 22 1 D
21 17 22 17 R
21 19 1 16 R
21 20 17 33 L
21 21 11 34 L
21 22 2 12 R
21 23 19 31 L
21 24 16 24 U
21 25 22 0 D
21 26 21 11 R
21 27 21 27 U
21 28 23 10 R
21 29 7 24 U
21 30 21 22 U
21 31 22 13 R
21 32 11 19 U
21 33 19 25 U
21 34 13 8 D
21 35 11 35 L
21 36 20 36 L
21 37 9 19 U
22 0 21 13 R
22 1 0 16 R
22 2 14 16 R
22 3 22 3 D
22 4 23 4 D
22 5 23 5 D
22 6 21 6 D
22 7 23 33 L
22 8 3 14 R
22 9 24 9 D
22 10 13 2 D
22 11 12 23 U
22 12 5 1 D
22 13 21 24 U
22 14 23 3 D
22 15 25 15 R
22 16 6 16 R
22 17 21 17 R
22 19 19 30 L
22 20 22 20 U
22 21 21 21 U
22 22 11 22 U
22 23 23 23 U
22 24 20 33 L
22 25 23 25 U
22 26 12 11 R
22 27 20 27 U
22 28 21 34 L
22 29 5 26 U
22 30 22 4 D
22 31 20 9 D
22 32 8 32 L
22 33 21 33 L
22 34 22 28 U
22 35 0 16 R
22 36 18 21 U
22 37 20 37 L
23 0 21 0 D
23 1 3 32 L
23 2 12 18 R
23 3 21 14 R
23 4 14 13 R
23 5 22 5 D
23 6 21 31 L
23 7 24 7 D
23 9 4 9 D
23 10 21 20 U
23 11 15 11 R
23 12 0 27 U
23 13 17 27 U
23 14 22 2 D
23 15 22 15 R
23 16 19 19 U
23 17 18 17 R
23 19 14 12 R
23 20 20 20 U
23 21 1 21 U
23 22 17 29 L
23 23 16 23 U
23 24 22 24 U
23 25 0 29 L
23 26 25 26 U
23 27 25 27 U
23 28 22 28 U
23 29 0 10 R
23 30 20 6 D
23 31 21 23 U
23 32 17 6 D
23 33 24 22 U
23 34 19 34 L
23 35 15 35 L
23 36 11 36 L
23 37 21 37 L
24 0 20 17 R
24 1 25 29 L
24 2 24 2 D
24 3 23 34 L
24 4 24 4 D
24 5 21 5 D
24 6 22 14 R
24 9 18 30 L
24 10 24 9 D
24 11 21 6 D
24 12 25 3 D
24 13 23 7 D
24 14 12 4 D
24 15 24 15 R
24 16 21 9 D
24 17 0 28 U
24 19 21 29 L
24 20 23 15 R
24 21 23 14 R
24 22 20 36 L
24 24 20 37 L
24 25 25 15 R
24 26 24 26 U
24 27 26 29 L
24 28 24 12 R
24 29 24 21 U
24 30 8 28 U
24 31 23 9 D
24 32 3 4 D
24 33 25 33 L
24 34 23 34 L
24 35 25 35 L
24 36 6 4 D
24 37 3 8 D
25 0 24 19 U
25 1 23 32 L
25 2 22 11 R
25 3 3 12 R
25 4 24 13 R
25 5 20 5 D
25 6 13 14 R
25 9 23 9 D
25 10 24 6 D
25 11 19 21 U
25 12 21 28 U
25 13 9 13 R
25 15 23 15 R
25 16 22 16 R
25 19 19 33 L
25 20 7 36 L
25 21 15 32 L
25 24 13 24 U
25 25 28 25 U
25 26 20 26 U
25 27 26 27 U
25 28 5 12 R
25 29 14 19 U
25 30 19 21 U
25 31 25 31 L
25 32 15 32 L
25 33 24 33 L
25 34 19 1 D
25 36 1 36 L
25 37 22 37 L
26 0 25 31 L
26 1 26 1 D
26 4 26 4 D
26 9 26 33 L
26 10 10 1 D
26 11 25 4 D
26 13 21 5 D
26 15 22 25 U
26 19 23 29 L
26 21 25 21 U
26 24 25 10 R
26 25 24 25 U
26 26 27 10 R
26 27 2 27 U
26 29 24 0 D
26 31 15 14 R
26 32 18 32 L
26 33 22 15 R
26 37 24 19 U
27 0 24 11 R
27 1 21 32 L
27 4 12 4 D
27 9 26 9 D
27 10 28 9 D
27 11 24 11 R
27 19 23 37 L
27 21 0 16 R
27 26 27 26 U
27 29 24 9 D
27 31 24 31 L
27 32 25 32 L
27 33 15 21 U
28 0 12 0 D
28 1 22 1 D
28 4 17 4 D
28 9 24 10 R
28 10 26 26 U
28 19 24 29 L
28 21 0 13 R
28 26 21 26 U
28 29 26 1 D
28 31 22 31 L
28 32 24 32 L

