28 36 851
3 2 23 0 0 13 14 10 9 12 4 13 6 17 21 21
0 0 0 12 21 9 9 4 14 26 14 27 9 17 3 21
0 8 0 0 0 25 18 11 2 7 0 0 15 0 0 0
0 14 0 24 0 20 0 22 0 0 15 0 0 0 0 0
0 0 0 0 18 23 0 3 8 25 19 19 0 0 0 0
0 0 0 0 5 0 26 2 12 0 0 22 25 25 0 0
0 0 24 10 10 15 0 26 0 23 0 0 0 0 0 0
19 23 2 0 0 21 0 0 21 5 18 21 0 0 0 0
0 2 1 0 22 0 25 5 0 17 12 15 8 4 0 0
0 7 0 0 0 0 23 3 24 22 4 23 0 22 0 0
18 9 0 3 7 0 15 25 0 0 20 0 1 21 0 0
20 0 0 19 7 0 0 9 0 26 0 1 0 11 0 0
0 13 10 4 21 9 12 0 0 20 0 18 0 20 0 0
0 0 20 5 20 1 0 18 23 5 20 0 0 18 0 25
2 0 20 24 0 6 14 1 4 8 11 0 0 0 6 14
21 5 12 1 25 0 0 0 15 6 18 11 13 17 16 26
0 0 0 0 L
0 1 0 1 L
0 2 0 2 L
0 3 0 3 L
0 4 0 4 L
0 5 0 5 L
0 6 0 6 L
0 7 0 7 L
0 8 0 8 R
0 9 0 9 R
0 10 0 10 R
0 11 0 11 R
0 12 0 12 R
0 13 0 13 R
0 14 0 14 R
0 15 0 15 R
0 16 0 16 D
0 17 0 17 D
0 18 0 18 D
0 19 0 19 D
0 20 0 20 D
0 21 0 21 D
0 22 0 22 D
0 23 0 23 D
0 24 0 24 D
0 25 0 25 D
0 26 0 26 U
0 27 0 27 U
0 28 0 28 U
0 29 0 29 U
0 30 0 30 U
0 31 0 31 U
0 32 0 32 U
0 33 0 33 U
0 34 0 34 U
0 35 0 35 U
1 0 0 31 U
1 1 11 1 L
1 2 4 24 D
1 3 12 3 L
1 4 15 34 U
1 5 2 5 L
1 6 12 6 L
1 7 24 21 D
1 8 16 29 U
1 9 5 31 U
1 10 8 17 D
1 11 0 16 D
1 12 14 26 U
1 13 0 22 D
1 14 4 14 R
1 15 17 15 R
1 16 4 0 L
1 17 0 1 L
1 18 21 18 D
1 19 14 1 L
1 20 24 10 R
1 21 5 11 R
1 22 6 0 L
1 23 5 23 D
1 24 18 31 U
1 25 17 25 D
1 26 6 9 R
1 27 2 27 U
1 28 12 18 D
1 29 16 1 L
1 30 5 4 L
1 31 5 31 U
1 32 3 32 U
1 33 4 33 U
1 34 22 34 U
1 35 9 35 U
2 0 0 18 D
2 1 0 22 D
2 2 7 2 L
2 3 19 3 L
2 4 11 27 U
2 5 6 5 L
2 6 6 32 U
2 7 12 7 L
2 8 0 34 U
2 9 5 16 D
2 10 17 16 D
2 11 0 30 U
2 12 6 12 R
2 13 6 13 R
2 14 16 29 U
2 15 18 15 R
2 16 21 2 L
2 17 0 27 U
2 18 1 1 L
2 19 23 32 U
2 20 8 5 L
2 21 0 4 L
2 22 1 22 D
2 23 17 34 U
2 24 0 33 U
2 25 0 27 U
2 26 16 7 L
2 27 16 10 R
2 28 7 11 R
2 29 7 29 U
2 30 0 12 R
2 31 0 22 D
2 32 12 7 L
2 33 7 13 R
2 34 23 12 R
3 0 0 29 U
3 1 0 27 U
3 2 10 28 U
3 3 11 29 U
3 4 15 4 L
3 5 1 18 D
3 6 7 31 U
3 7 18 30 U
3 8 4 35 U
3 9 0 1 L
3 10 11 10 R
3 11 16 11 R
3 12 7 21 D
3 13 25 13 R
3 14 2 19 D
3 15 12 20 D
3 16 5 16 D
3 17 4 17 D
3 18 10 27 U
3 19 13 28 U
3 20 0 30 U
3 21 0 11 R
3 22 7 9 R
3 23 5 23 D
3 24 0 26 U
3 25 7 9 R
3 26 10 18 D
3 27 13 8 R
3 28 16 28 U
3 29 5 29 U
3 30 11 6 L
3 31 10 31 U
3 32 16 5 L
3 33 5 33 U
3 34 25 14 R
3 35 4 10 R
4 0 10 25 D
4 1 0 33 U
4 2 1 2 L
4 3 20 27 U
4 4 11 26 U
4 5 12 5 L
4 6 0 21 D
4 7 15 7 L
4 8 14 23 D
4 9 2 9 R
4 10 6 29 U
4 11 15 21 D
4 12 12 12 R
4 13 25 21 D
4 14 14 23 D
4 16 1 12 R
4 17 21 28 U
4 18 14 13 R
4 19 0 29 U
4 20 15 20 D
4 21 9 21 D
4 22 3 22 D
4 23 3 23 D
4 24 9 24 D
4 25 0 30 U
4 26 5 0 L
4 27 0 1 L
4 28 18 15 R
4 29 16 23 D
4 30 6 5 L
4 31 19 6 L
4 32 1 32 U
4 33 6 7 L
4 34 1 34 U
5 0 18 27 U
5 1 16 27 U
5 2 8 21 D
5 3 11 28 U
5 4 8 30 U
5 5 1 17 D
5 6 1 31 U
5 7 15 34 U
5 8 9 26 U
5 9 19 29 U
5 10 2 10 R
5 11 15 22 D
5 12 0 21 D
5 13 14 28 U
5 14 14 33 U
5 15 17 27 U
5 16 0 26 U
5 17 1 17 D
5 18 3 28 U
5 19 3 29 U
5 20 0 4 L
5 21 13 3 L
5 22 0 0 L
5 23 3 23 D
5 24 4 24 D
5 25 0 34 U
5 26 0 0 L
5 27 21 17 D
5 28 25 0 L
5 29 2 29 U
5 30 0 20 D
5 31 0 13 R
5 32 13 13 R
5 33 4 33 U
5 34 4 34 U
5 35 6 35 U
6 0 17 16 D
6 1 2 18 D
6 2 2 2 L
6 3 10 31 U
6 4 2 4 L
6 5 13 18 D
6 6 2 6 L
6 7 12 7 L
6 8 8 20 D
6 9 2 9 R
6 10 2 10 R
6 11 1 11 R
6 12 7 25 D
6 13 0 31 U
6 14 2 14 R
6 15 0 6 L
6 16 5 1 L
6 17 0 7 L
6 18 9 15 R
6 19 4 31 U
6 20 3 9 R
6 21 0 13 R
6 22 20 33 U
6 23 1 23 D
6 24 3 27 U
6 25 2 14 R
6 26 9 11 R
6 27 2 9 R
6 28 1 5 L
6 29 4 29 U
6 30 12 14 R
6 31 9 8 R
6 32 4 32 U
6 33 20 33 U
6 34 2 11 R
6 35 15 14 R
7 0 18 17 D
7 1 0 28 U
7 2 2 20 D
7 3 11 3 L
7 4 18 20 D
7 5 21 24 D
7 6 14 6 L
7 7 18 21 D
7 8 15 16 D
7 9 12 18 D
7 10 8 16 D
7 11 12 29 U
7 12 17 12 R
7 13 1 19 D
7 14 4 5 L
7 15 1 25 D
7 16 14 4 L
7 17 11 27 U
7 18 0 28 U
7 19 2 19 D
7 20 3 12 R
7 21 11 31 U
7 22 0 33 U
7 23 2 5 L
7 24 3 24 D
7 25 1 25 D
7 26 2 1 L
7 27 15 15 R
7 28 21 5 L
7 29 4 3 L
7 30 1 30 U
7 31 0 21 D
7 32 5 6 L
7 33 3 13 R
7 34 4 5 L
8 0 0 16 D
8 1 2 22 D
8 2 13 26 U
8 3 9 3 L
8 4 5 35 U
8 5 1 16 D
8 6 3 18 D
8 7 2 23 D
8 8 13 30 U
8 9 5 23 D
8 10 14 10 R
8 11 12 30 U
8 12 5 24 D
8 13 17 27 U
8 14 14 17 D
8 15 6 15 R
8 16 21 5 L
8 17 4 17 D
8 18 5 8 R
8 19 5 11 R
8 20 1 13 R
8 21 10 21 D
8 22 1 22 D
8 23 0 30 U
8 24 4 11 R
8 25 15 25 D
8 26 25 14 R
8 27 7 3 L
8 28 23 0 L
8 29 3 7 L
8 30 10 30 U
8 31 7 31 U
8 32 13 32 U
8 33 12 2 L
8 34 0 23 D
8 35 23 35 U
9 0 23 33 U
9 1 19 16 D
9 2 10 24 D
9 3 4 23 D
9 4 2 4 L
9 5 3 5 L
9 6 10 31 U
9 7 21 21 D
9 8 13 0 L
9 9 0 29 U
9 10 11 19 D
9 11 0 27 U
9 12 10 20 D
9 13 4 28 U
9 14 2 14 R
9 15 20 18 D
9 16 6 26 U
9 17 19 0 L
9 18 14 4 L
9 19 5 19 D
9 20 10 20 D
9 21 10 21 D
9 22 1 22 D
9 23 10 27 U
9 24 10 24 D
9 25 4 25 D
9 26 11 1 L
9 27 17 11 R
9 28 4 28 U
9 29 2 3 L
9 30 14 10 R
9 31 3 31 U
9 32 7 0 L
9 33 8 20 D
9 34 7 23 D
10 0 6 0 L
10 1 13 18 D
10 2 16 26 U
10 3 22 22 D
10 4 24 27 U
10 5 15 27 U
10 6 2 6 L
10 7 13 18 D
10 8 14 28 U
10 9 12 19 D
10 10 23 27 U
10 11 0 32 U
10 12 15 32 U
10 13 13 23 D
10 14 4 24 D
10 16 16 9 R
10 17 15 26 U
10 18 12 8 R
10 19 16 19 D
10 20 8 20 D
10 21 20 21 D
10 22 6 1 L
10 23 6 23 D
10 24 6 24 D
10 25 6 6 L
10 26 24 16 D
10 27 16 1 L
10 28 0 9 R
10 29 0 19 D
10 30 13 20 D
10 31 18 4 L
10 32 1 32 U
10 33 14 33 U
10 34 11 34 U
10 35 6 1 L
11 0 0 26 U
11 1 1 1 L
11 2 3 2 L
11 3 2 3 L
11 4 7 21 D
11 5 1 5 L
11 6 14 23 D
11 7 2 7 L
11 8 14 34 U
11 9 14 9 R
11 10 14 30 U
11 11 6 32 U
11 12 12 31 U
11 13 1 13 R
11 14 21 14 R
11 15 2 15 R
11 16 2 8 R
11 17 10 8 R
11 18 3 9 R
11 19 7 13 R
11 20 6 11 R
11 21 10 30 U
11 22 14 22 D
11 23 7 3 L
11 24 15 34 U
11 25 1 25 D
11 26 17 5 L
11 27 16 3 L
11 28 15 2 L
11 29 0 3 L
11 30 14 30 U
11 31 16 3 L
11 32 16 2 L
11 33 19 33 U
11 34 12 0 L
12 0 11 31 U
12 1 5 26 U
12 2 0 20 D
12 3 2 3 L
12 4 19 4 L
12 5 8 30 U
12 6 9 23 D
12 7 3 7 L
12 8 1 27 U
12 9 2 9 R
12 10 0 28 U
12 11 15 19 D
12 12 3 19 D
12 13 23 13 R
12 14 7 14 R
12 16 9 7 L
12 17 2 6 L
12 18 20 3 L
12 19 15 4 L
12 20 8 15 R
12 21 20 6 L
12 22 18 6 L
12 23 4 23 D
12 24 8 24 D
12 25 4 29 U
12 26 0 16 D
12 27 16 7 L
12 28 17 1 L
12 29 22 6 L
12 30 8 9 R
12 31 13 5 L
12 32 1 15 R
12 33 1 22 D
12 34 1 34 U
13 0 5 34 U
13 1 0 17 D
13 2 11 2 L
13 3 1 32 U
13 5 1 21 D
13 6 15 28 U
13 7 1 23 D
13 8 20 16 D
13 9 2 26 U
13 10 0 25 D
13 11 22 20 D
13 12 1 20 D
13 13 2 20 D
13 14 9 7 L
13 15 8 25 D
13 16 3 8 R
13 17 12 1 L
13 18 2 26 U
13 19 3 12 R
13 20 19 5 L
13 21 3 33 U
13 22 5 22 D
13 23 0 26 U
13 24 18 14 R
13 25 25 31 U
13 26 15 8 R
13 27 26 9 R
13 28 0 15 R
13 29 9 2 L
13 30 3 9 R
13 31 1 14 R
13 32 14 8 R
13 33 4 33 U
13 34 4 7 L
14 0 24 0 L
14 1 19 17 D
14 2 17 17 D
14 3 3 19 D
14 4 2 32 U
14 5 4 5 L
14 6 11 6 L
14 7 19 7 L
14 8 11 22 D
14 9 2 30 U
14 10 17 28 U
14 11 7 26 U
14 12 3 12 R
14 13 12 13 R
14 14 6 14 R
14 15 17 21 D
14 16 13 14 R
14 17 15 5 L
14 18 12 2 L
14 19 10 3 L
14 20 3 6 L
14 21 9 21 D
14 22 21 31 U
14 23 15 23 D
14 24 5 6 L
14 25 1 25 D
14 26 3 2 L
14 27 22 12 R
14 28 10 18 D
14 29 4 29 U
14 30 12 2 L
14 31 3 10 R
14 32 13 10 R
14 33 7 11 R
14 34 0 15 R
15 0 5 21 D
15 1 12 20 D
15 2 20 25 D
15 3 17 17 D
15 5 10 19 D
15 6 2 6 L
15 7 1 22 D
15 8 12 18 D
15 9 1 9 R
15 10 7 18 D
15 11 7 11 R
15 12 4 12 R
15 13 2 13 R
15 14 17 26 U
15 16 9 31 U
15 17 12 9 R
15 18 7 13 R
15 19 9 26 U
15 20 3 0 L
15 21 3 0 L
15 22 4 22 D
15 23 2 11 R
15 24 8 24 D
15 25 1 8 R
15 26 10 1 L
15 27 7 15 R
15 28 1 3 L
15 29 8 29 U
15 30 9 30 U
15 31 21 31 U
15 32 0 5 L
15 33 13 33 U
15 34 7 7 L
15 35 9 35 U
16 0 7 29 U
16 1 4 24 D
16 2 1 8 R
16 3 4 26 U
16 4 3 4 L
16 5 3 5 L
16 6 2 32 U
16 7 22 24 D
16 8 9 17 D
16 9 11 17 D
16 10 5 34 U
16 11 21 20 D
16 12 18 17 D
16 13 12 22 D
16 14 21 16 D
16 15 2 16 D
16 16 2 4 L
16 17 8 8 R
16 18 15 11 R
16 19 5 10 R
16 20 23 4 L
16 21 13 14 R
16 22 11 12 R
16 23 2 3 L
16 24 3 24 D
16 26 18 6 L
16 27 8 4 L
16 28 11 28 U
16 29 1 29 U
16 30 9 30 U
16 31 23 6 L
16 32 2 12 R
16 33 15 3 L
16 35 14 7 L
17 0 8 35 U
17 1 8 33 U
17 2 11 17 D
17 3 7 21 D
17 4 10 26 U
17 5 18 16 D
17 6 12 30 U
17 7 2 7 L
17 8 2 27 U
17 9 1 21 D
17 10 15 10 R
17 11 7 17 D
17 12 8 12 R
17 13 5 27 U
17 14 2 14 R
17 15 3 18 D
17 16 19 3 L
17 17 11 10 R
17 18 13 7 L
17 19 2 3 L
17 20 24 2 L
17 21 5 3 L
17 22 2 0 L
17 23 6 23 D
17 24 1 24 D
17 26 3 26 U
17 27 0 10 R
17 28 18 10 R
17 29 20 3 L
17 30 6 19 D
17 31 10 31 U
17 32 9 21 D
17 33 2 10 R
18 0 6 16 D
18 1 9 18 D
18 2 10 18 D
18 3 2 3 L
18 5 23 20 D
18 6 0 23 D
18 7 16 28 U
18 8 3 27 U
18 9 20 6 L
18 10 21 19 D
18 11 10 33 U
18 12 15 33 U
18 13 23 18 D
18 14 22 25 D
18 15 2 15 R
18 16 20 26 U
18 17 0 9 R
18 18 8 7 L
18 19 8 19 D
18 20 10 13 R
18 21 0 8 R
18 22 10 22 D
18 23 20 0 L
18 24 0 0 L
18 25 21 25 D
18 26 14 10 R
18 27 7 0 L
18 29 4 10 R
18 30 0 11 R
18 31 24 12 R
18 32 5 32 U
18 33 2 14 R
19 0 23 28 U
19 1 13 34 U
19 2 21 28 U
19 3 16 20 D
19 4 21 19 D
19 5 22 19 D
19 6 7 6 L
19 8 4 17 D
19 9 11 9 R
19 10 0 2 L
19 11 23 20 D
19 12 7 12 R
19 13 2 13 R
19 14 13 14 R
19 16 2 2 L
19 17 20 0 L
19 18 6 4 L
19 19 12 2 L
19 20 8 29 U
19 21 23 7 L
19 22 7 13 R
19 23 8 12 R
19 24 9 24 D
19 26 22 12 R
19 27 13 14 R
19 28 10 9 R
19 29 8 11 R
19 30 15 8 R
19 31 0 25 D
19 32 12 32 U
19 33 10 33 U
20 0 0 34 U
20 1 14 30 U
20 2 0 10 R
20 3 13 32 U
20 4 13 29 U
20 6 16 29 U
20 8 7 26 U
20 9 21 34 U
20 10 7 30 U
20 11 15 35 U
20 12 14 30 U
20 13 2 13 R
20 14 21 14 R
20 16 25 16 D
20 17 7 4 L
20 18 4 18 D
20 19 15 27 U
20 20 0 32 U
20 21 4 21 D
20 22 8 22 D
20 23 0 11 R
20 24 0 6 L
20 26 2 0 L
20 27 1 0 L
20 29 14 8 R
20 30 1 30 U
20 31 10 14 R
20 32 1 32 U
20 33 4 33 U
20 34 8 34 U
21 0 11 30 U
21 1 22 26 U
21 2 8 2 L
21 3 8 3 L
21 4 1 4 L
21 5 11 5 L
21 6 8 6 L
21 8 4 2 L
21 9 0 0 L
21 10 9 23 D
21 11 3 11 R
21 12 14 12 R
21 13 3 13 R
21 14 22 16 D
21 16 24 8 R
21 17 1 2 L
21 18 5 28 U
21 19 0 28 U
21 20 5 20 D
21 21 4 21 D
21 22 4 22 D
21 23 0 32 U
21 24 7 24 D
21 26 10 7 L
21 27 9 8 R
21 29 12 29 U
21 30 18 9 R
21 31 24 31 U
21 32 0 2 L
21 33 18 6 L
21 34 9 11 R
21 35 22 13 R
22 0 14 22 D
22 1 25 27 U
22 2 5 20 D
22 3 15 16 D
22 6 0 16 D
22 8 1 26 U
22 9 2 16 D
22 11 14 27 U
22 13 10 13 R
22 14 16 18 D
22 16 4 8 R
22 17 11 17 D
22 18 5 9 R
22 20 19 1 L
22 21 1 13 R
22 22 4 22 D
22 23 9 23 D
22 24 0 32 U
22 26 25 6 L
22 27 19 2 L
22 28 7 2 L
22 29 14 10 R
22 30 1 30 U
22 31 17 2 L
22 32 25 14 R
22 33 16 14 R
23 0 8 32 U
23 1 16 21 D
23 3 18 22 D
23 4 8 4 L
23 5 2 5 L
23 6 21 20 D
23 7 19 32 U
23 8 18 24 D
23 9 1 16 D
23 13 4 1 L
23 14 6 14 R
23 16 11 35 U
23 17 17 3 L
23 18 21 10 R
23 20 1 20 D
23 21 1 21 D
23 22 19 10 R
23 23 3 23 D
23 24 20 3 L
23 27 18 4 L
23 29 22 13 R
23 30 8 11 R
23 31 12 31 U
23 32 12 23 D
23 33 0 8 R
24 0 23 26 U
24 1 2 12 R
24 3 16 29 U
24 4 0 33 U
24 13 22 29 U
24 14 6 14 R
24 17 25 9 R
24 18 22 2 L
24 20 1 20 D
24 21 1 21 D
24 23 7 28 U
24 24 1 24 D
24 27 17 18 D
24 29 25 9 R
24 30 14 11 R
24 31 4 23 D
24 32 22 32 U
24 33 7 33 U
25 0 0 8 R
25 2 20 16 D
25 3 3 22 D
25 4 8 17 D
25 5 19 31 U
25 7 24 17 D
25 9 24 28 U
25 11 19 31 U
25 13 22 26 U
25 14 4 19 D
25 17 10 11 R
25 18 19 9 R
25 20 3 1 L
25 21 23 34 U
25 23 21 23 D
25 24 8 24 D
25 27 20 27 U
25 29 24 9 R
25 30 3 13 R
25 31 23 11 R
25 32 8 12 R
25 33 22 0 L
26 0 25 24 D
26 3 19 19 D
26 17 1 9 R
26 20 10 20 D
26 23 0 6 L
27 0 16 0 L

