34 46 1254
13 22 16 26 26 4 17 0 4 3 26 30 7 32 12 31 9
19 21 0 11 27 3 11 24 13 8 0 0 14 10 9 2 3
22 24 0 25 26 0 0 0 0 0 21 30 22 21 2 18 19
23 22 6 15 27 3 5 27 26 26 11 14 20 15 12 9 6
8 18 18 12 28 27 0 12 0 0 26 0 25 11 17 20 21
13 17 19 5 0 1 12 17 27 15 0 23 11 0 18 2 8
19 23 21 0 24 0 26 22 28 15 27 0 19 29 28 1 27
31 11 1 14 26 24 22 0 28 17 21 31 0 24 19 7 16
30 0 1 12 23 2 21 27 29 17 26 5 28 24 6 6 0
0 0 19 4 0 5 24 24 0 26 8 32 0 9 22 16 2
1 23 24 6 22 19 0 26 29 2 0 29 26 26 9 2 16
24 11 18 0 12 0 8 0 20 18 25 33 0 4 0 25 19
29 4 5 18 5 3 0 23 20 5 24 0 23 7 14 25 20
23 24 0 0 21 4 22 7 19 10 3 2 0 1 0 9 0
9 12 18 19 7 20 0 12 21 2 23 30 30 18 12 16 25
15 0 24 7 19 26 19 2 16 9 17 17 29 12 0 0 24
27 0 0 0 0 0 0 0 0 0 0 0 0 0 0 0 26
0 0 0 0 R
0 1 0 1 R
0 2 0 2 R
0 3 0 3 R
0 4 0 4 R
0 5 0 5 R
0 6 0 6 R
0 7 0 7 R
0 8 0 8 R
0 9 0 9 R
0 10 0 10 R
0 11 0 11 U
0 12 0 12 U
0 13 0 13 U
0 14 0 14 U
0 15 0 15 U
0 16 0 16 U
0 17 0 17 U
0 18 0 18 U
0 19 0 19 U
0 20 0 20 U
0 21 0 21 U
0 22 0 22 D
0 23 0 23 D
0 24 0 24 D
0 25 0 25 D
0 26 0 26 D
0 27 0 27 D
0 28 0 28 D
0 29 0 29 D
0 30 0 30 D
0 31 0 31 D
0 32 0 32 D
0 33 0 33 D
0 34 0 34 L
0 35 0 35 L
0 36 0 36 L
0 37 0 37 L
0 38 0 38 L
0 39 0 39 L
0 40 0 40 L
0 41 0 41 L
0 42 0 42 L
0 43 0 43 L
0 44 0 44 L
0 45 0 45 L
1 0 0 11 U
1 1 10 23 D
1 2 3 2 R
1 3 12 43 L
1 4 5 4 R
1 5 7 29 D
1 6 0 22 D
1 7 17 31 D
1 8 12 8 R
1 9 2 9 R
1 10 3 10 R
1 11 4 11 U
1 12 13 38 L
1 13 0 3 R
1 14 5 14 U
1 15 11 15 U
1 16 5 16 U
1 17 9 17 U
1 18 2 18 U
1 19 11 19 U
1 20 4 20 U
1 21 5 9 R
1 22 17 11 U
1 23 4 23 D
1 24 0 1 R
1 25 7 25 D
1 26 4 26 D
1 27 24 38 L
1 28 5 28 D
1 29 8 29 D
1 30 6 30 D
1 31 8 1 R
1 32 16 5 R
1 33 9 33 D
1 34 0 25 D
1 35 3 14 U
1 36 4 36 L
1 37 5 11 U
1 38 4 38 L
1 39 9 14 U
1 40 2 40 L
1 41 15 26 D
1 42 9 31 D
1 43 21 23 D
1 44 2 44 L
1 45 2 45 L
2 0 1 0 R
2 1 4 1 R
2 2 1 32 D
2 3 0 37 L
2 4 0 25 D
2 5 0 26 D
2 6 10 6 R
2 7 0 19 U
2 8 5 8 R
2 9 4 9 R
2 10 1 10 R
2 11 0 22 D
2 12 3 6 R
2 13 1 30 D
2 14 3 42 L
2 15 15 5 R
2 16 8 1 R
2 17 7 17 U
2 18 1 18 U
2 19 9 19 U
2 20 1 20 U
2 21 6 21 U
2 22 8 34 L
2 23 0 12 U
2 24 1 42 L
2 25 0 0 R
2 26 1 4 R
2 27 27 27 D
2 28 4 4 R
2 29 0 44 L
2 30 12 30 D
2 31 1 31 D
2 32 0 11 U
2 33 0 12 U
2 34 18 22 D
2 35 20 11 U
2 36 0 13 U
2 37 0 19 U
2 38 20 38 L
2 39 3 39 L
2 40 1 40 L
2 41 6 25 D
2 42 18 17 U
2 43 10 31 D
2 44 15 44 L
2 45 3 20 U
3 0 0 23 D
3 1 7 1 R
3 2 12 2 R
3 3 13 32 D
3 4 2 4 R
3 5 1 5 R
3 6 7 6 R
3 7 4 7 R
3 8 4 8 R
3 9 7 9 R
3 10 16 10 R
3 11 4 37 L
3 12 2 12 U
3 13 0 36 L
3 14 1 14 U
3 15 1 7 R
3 16 11 16 U
3 17 8 17 U
3 18 28 18 U
3 19 14 41 L
3 20 7 20 U
3 21 8 21 U
3 22 18 1 R
3 23 1 2 R
3 24 17 24 D
3 25 16 21 U
3 26 4 26 D
3 27 0 40 L
3 28 9 1 R
3 29 6 42 L
3 30 8 0 R
3 31 1 31 D
3 32 19 32 D
3 33 9 33 D
3 34 12 11 U
3 35 8 19 U
3 36 0 32 D
3 37 11 37 L
3 38 8 2 R
3 39 1 39 L
3 40 7 32 D
3 41 8 29 D
3 42 5 42 L
3 43 1 43 L
3 44 1 44 L
3 45 0 29 D
4 0 0 16 U
4 1 20 1 R
4 2 0 34 L
4 3 3 14 U
4 4 1 4 R
4 5 7 5 R
4 6 3 6 R
4 7 0 40 L
4 8 1 8 R
4 9 14 33 D
4 10 8 10 R
4 11 5 37 L
4 12 0 34 L
4 13 6 39 L
4 14 15 0 R
4 15 0 39 L
4 16 20 8 R
4 17 13 0 R
4 18 7 7 R
4 19 2 19 U
4 20 5 20 U
4 21 6 45 L
4 22 0 34 L
4 23 8 4 R
4 24 22 37 L
4 25 0 3 R
4 26 15 9 R
4 27 16 35 L
4 28 1 38 L
4 29 23 29 D
4 30 1 30 D
4 31 2 31 D
4 32 0 17 U
4 33 18 33 D
4 34 0 11 U
4 35 2 35 L
4 36 2 26 D
4 37 5 12 U
4 38 0 13 U
4 39 3 23 D
4 40 2 40 L
4 41 15 18 U
4 42 24 42 L
4 43 5 27 D
4 44 1 44 L
4 45 14 45 L
5 0 1 0 R
5 1 0 15 U
5 2 20 22 D
5 3 22 29 D
5 4 3 4 R
5 5 25 5 R
5 6 1 6 R
5 7 12 7 R
5 8 13 41 L
5 9 6 9 R
5 10 13 36 L
5 11 8 38 L
5 12 13 12 U
5 13 3 13 U
5 14 0 2 R
5 15 0 25 D
5 16 2 0 R
5 17 1 17 U
5 18 0 10 R
5 19 1 19 U
5 20 9 2 R
5 21 3 21 U
5 22 8 41 L
5 23 13 7 R
5 24 10 3 R
5 25 3 25 D
5 26 2 26 D
5 27 2 27 D
5 28 12 28 D
5 29 2 29 D
5 30 1 30 D
5 31 6 31 D
5 32 11 32 D
5 33 11 38 L
5 34 4 26 D
5 35 0 17 U
5 36 15 36 L
5 37 9 37 L
5 38 1 38 L
5 39 8 33 D
5 40 7 40 L
5 41 2 41 L
5 42 2 30 D
5 43 10 43 L
5 44 3 44 L
5 45 1 45 L
6 0 3 0 R
6 1 3 1 R
6 2 11 25 D
6 3 4 14 U
6 4 3 4 R
6 5 4 23 D
6 6 1 6 R
6 7 19 7 R
6 8 12 41 L
6 9 0 31 D
6 10 5 10 R
6 11 2 2 R
6 12 5 34 L
6 13 11 13 U
6 14 2 27 D
6 15 3 15 U
6 16 4 16 U
6 17 0 41 L
6 18 1 18 U
6 19 11 0 R
6 20 8 45 L
6 21 5 21 U
6 22 19 0 R
6 23 11 6 R
6 24 3 3 R
6 25 0 13 U
6 26 0 15 U
6 27 5 27 D
6 28 1 28 D
6 29 5 34 L
6 30 5 30 D
6 31 5 1 R
6 32 3 32 D
6 33 5 33 D
6 34 21 13 U
6 35 0 26 D
6 36 5 36 L
6 37 23 12 U
6 38 4 31 D
6 39 4 39 L
6 40 4 40 L
6 41 1 28 D
6 42 4 42 L
6 43 3 43 L
6 44 7 44 L
6 45 1 45 L
7 0 2 22 D
7 1 13 36 L
7 2 15 2 R
7 3 0 24 D
7 4 10 4 R
7 5 0 36 L
7 6 10 6 R
7 7 0 41 L
7 8 16 33 D
7 9 0 39 L
7 10 2 10 R
7 11 12 36 L
7 12 12 12 U
7 13 23 4 R
7 14 26 14 U
7 15 1 43 L
7 16 10 16 U
7 17 10 17 U
7 18 1 18 U
7 19 1 19 U
7 20 5 20 U
7 21 11 21 U
7 22 5 22 D
7 23 4 23 D
7 24 1 24 D
7 25 12 10 R
7 26 15 35 L
7 27 21 27 D
7 28 10 28 D
7 29 11 9 R
7 30 12 30 D
7 31 12 31 D
7 32 4 32 D
7 33 1 33 D
7 34 16 20 U
7 35 12 22 D
7 36 1 11 U
7 37 3 37 L
7 38 22 38 L
7 39 6 39 L
7 40 20 26 D
7 41 8 28 D
7 42 10 42 L
7 43 10 43 L
7 44 4 28 D
7 45 6 45 L
8 0 7 11 U
8 1 5 37 L
8 2 0 12 U
8 3 25 3 R
8 4 0 21 U
8 5 21 5 R
8 6 1 6 R
8 7 2 7 R
8 8 6 28 D
8 9 16 9 R
8 10 2 37 L
8 11 18 35 L
8 12 15 5 R
8 13 12 3 R
8 14 20 5 R
8 15 18 15 U
8 16 20 16 U
8 17 0 23 D
8 18 5 18 U
8 19 5 19 U
8 20 4 8 R
8 21 1 21 U
8 22 15 40 L
8 23 0 36 L
8 24 6 6 R
8 25 19 25 D
8 26 9 2 R
8 27 18 36 L
8 28 3 1 R
8 29 1 29 D
8 30 5 30 D
8 31 5 31 D
8 32 5 32 D
8 33 1 33 D
8 34 2 17 U
8 35 23 35 L
8 36 10 36 L
8 37 10 30 D
8 38 16 22 D
8 39 12 23 D
8 40 22 15 U
8 41 5 41 L
8 42 0 18 U
8 43 5 43 L
8 44 1 30 D
8 45 7 21 U
9 0 5 34 L
9 1 3 12 U
9 2 6 2 R
9 3 18 3 R
9 4 16 27 D
9 5 22 22 D
9 6 0 17 U
9 7 7 7 R
9 8 25 8 R
9 9 3 9 R
9 10 0 24 D
9 11 0 44 L
9 12 10 10 R
9 13 12 45 L
9 14 0 35 L
9 15 20 2 R
9 16 1 16 U
9 17 3 43 L
9 18 1 34 L
9 19 1 2 R
9 20 17 23 D
9 21 5 21 U
9 22 11 6 R
9 23 0 3 R
9 24 0 2 R
9 25 0 35 L
9 26 1 40 L
9 27 0 37 L
9 28 0 18 U
9 29 13 0 R
9 30 23 0 R
9 31 16 20 U
9 32 1 32 D
9 33 2 33 D
9 34 0 16 U
9 35 4 35 L
9 36 16 25 D
9 37 0 20 U
9 38 3 23 D
9 39 4 39 L
9 40 2 30 D
9 41 7 1 R
9 42 0 6 R
9 43 8 15 U
9 44 22 44 L
9 45 16 12 U
10 0 1 31 D
10 1 0 35 L
10 2 0 27 D
10 3 20 3 R
10 4 6 4 R
10 5 16 31 D
10 6 8 6 R
10 7 4 25 D
10 8 0 29 D
10 9 3 9 R
10 10 2 10 R
10 11 4 35 L
10 12 6 1 R
10 13 5 9 R
10 14 9 37 L
10 15 22 43 L
10 16 15 16 U
10 17 23 17 U
10 18 12 18 U
10 19 18 19 U
10 20 7 20 U
10 21 1 21 U
10 22 13 8 R
10 23 19 37 L
10 24 3 10 R
10 25 0 14 U
10 26 3 26 D
10 27 14 3 R
10 28 17 28 D
10 29 7 29 D
10 30 0 17 U
10 31 24 6 R
10 32 3 32 D
10 33 18 3 R
10 34 17 5 R
10 35 13 35 L
10 36 18 36 L
10 37 1 33 D
10 38 2 38 L
10 39 3 27 D
10 40 1 25 D
10 41 8 41 L
10 42 5 13 U
10 43 14 30 D
10 44 11 24 D
10 45 1 45 L
11 0 1 24 D
11 1 18 15 U
11 2 24 17 U
11 3 6 18 U
11 4 13 17 U
11 5 25 38 L
11 6 21 22 D
11 7 21 22 D
11 8 6 8 R
11 9 2 45 L
11 10 13 10 R
11 11 0 4 R
11 12 7 12 U
11 13 17 42 L
11 14 7 14 U
11 15 7 15 U
11 16 15 16 U
11 17 1 17 U
11 18 3 6 R
11 19 18 19 U
11 20 1 20 U
11 21 19 21 U
11 22 24 6 R
11 23 5 4 R
11 24 1 15 U
11 25 23 25 D
11 26 0 34 L
11 27 1 27 D
11 28 8 28 D
11 29 18 7 R
11 30 10 8 R
11 31 27 31 D
11 32 18 32 D
11 33 3 21 U
11 34 20 34 L
11 35 4 21 U
11 36 14 13 U
11 37 6 14 U
11 38 13 23 D
11 39 5 39 L
11 40 1 40 L
11 41 24 16 U
11 42 4 30 D
11 43 3 13 U
11 44 17 25 D
11 45 3 45 L
12 0 10 0 R
12 1 17 11 U
12 2 0 44 L
12 3 5 3 R
12 4 20 4 R
12 5 5 5 R
12 6 0 37 L
12 7 5 7 R
12 8 3 8 R
12 9 19 23 D
12 10 17 10 R
12 11 20 10 R
12 12 2 12 U
12 13 25 1 R
12 14 3 1 R
12 15 6 39 L
12 16 10 16 U
12 17 0 38 L
12 18 5 10 R
12 19 6 19 U
12 20 1 20 U
12 21 7 21 U
12 22 5 6 R
12 23 5 2 R
12 24 24 24 D
12 25 3 3 R
12 26 9 7 R
12 27 17 42 L
12 28 1 28 D
12 29 4 29 D
12 30 11 30 D
12 31 0 43 L
12 32 4 15 U
12 33 5 33 D
12 34 28 0 R
12 35 16 1 R
12 36 27 3 R
12 37 10 24 D
12 38 16 4 R
12 39 5 22 D
12 40 3 23 D
12 41 13 41 L
12 42 1 42 L
12 43 15 29 D
12 44 24 44 L
12 45 17 21 U
13 0 1 11 U
13 1 5 29 D
13 2 11 2 R
13 3 3 28 D
13 4 10 24 D
13 5 10 5 R
13 6 14 29 D
13 7 5 25 D
13 8 20 8 R
13 9 4 9 R
13 10 0 41 L
13 11 14 39 L
13 12 0 36 L
13 13 1 6 R
13 14 14 45 L
13 15 8 15 U
13 16 14 41 L
13 17 14 4 R
13 18 14 18 U
13 19 27 9 R
13 20 0 29 D
13 21 26 21 U
13 22 2 22 D
13 23 17 1 R
13 24 5 24 D
13 25 10 25 D
13 26 8 6 R
13 27 8 27 D
13 28 25 12 U
13 29 5 29 D
13 30 8 30 D
13 31 2 31 D
13 32 1 32 D
13 33 7 33 D
13 34 0 3 R
13 35 5 14 U
13 36 9 22 D
13 37 0 28 D
13 38 8 11 U
13 39 20 19 U
13 40 29 40 L
13 41 8 41 L
13 42 5 42 L
13 43 7 20 U
13 44 2 33 D
13 45 7 22 D
14 0 19 24 D
14 1 1 32 D
14 2 4 2 R
14 3 13 23 D
14 4 8 4 R
14 5 2 22 D
14 6 2 24 D
14 7 3 7 R
14 8 18 24 D
14 9 0 22 D
14 10 5 26 D
14 11 3 2 R
14 12 4 35 L
14 13 21 43 L
14 14 20 34 L
14 15 5 45 L
14 16 15 16 U
14 17 4 17 U
14 18 5 0 R
14 19 1 19 U
14 20 1 20 U
14 21 8 45 L
14 22 20 22 D
14 23 13 5 R
14 24 2 24 D
14 25 1 25 D
14 26 13 26 D
14 27 1 27 D
14 28 0 8 R
14 29 11 2 R
14 30 11 20 U
14 31 5 15 U
14 32 19 2 R
14 33 12 37 L
14 34 0 22 D
14 35 8 29 D
14 36 1 36 L
14 37 5 37 L
14 38 25 18 U
14 39 3 39 L
14 40 0 28 D
14 41 25 27 D
14 42 2 42 L
14 43 5 30 D
14 44 15 28 D
14 45 8 13 U
15 0 8 11 U
15 1 0 18 U
15 2 1 2 R
15 3 6 3 R
15 4 5 42 L
15 5 14 20 U
15 6 5 27 D
15 7 3 7 R
15 8 1 8 R
15 9 1 9 R
15 10 2 10 R
15 11 3 34 L
15 12 1 38 L
15 13 17 38 L
15 14 7 14 U
15 15 5 15 U
15 16 0 0 R
15 17 9 17 U
15 18 1 18 U
15 19 6 19 U
15 20 24 42 L
15 21 1 21 U
15 22 0 0 R
15 23 19 14 U
15 24 5 2 R
15 25 1 25 D
15 26 0 40 L
15 27 5 27 D
15 28 0 2 R
15 29 12 29 D
15 30 26 5 R
15 31 3 31 D
15 32 11 32 D
15 33 25 33 D
15 34 16 24 D
15 35 14 17 U
15 36 23 33 D
15 37 0 2 R
15 38 23 19 U
15 39 0 10 R
15 40 3 40 L
15 41 4 33 D
15 42 23 24 D
15 43 23 43 L
15 44 16 18 U
15 45 16 27 D
16 0 17 11 U
16 1 4 29 D
16 2 28 11 U
16 3 5 30 D
16 4 21 22 D
16 5 2 25 D
16 6 2 6 R
16 7 6 7 R
16 8 5 8 R
16 9 4 33 D
16 10 3 10 R
16 11 0 23 D
16 12 0 0 R
16 13 7 13 U
16 14 4 8 R
16 15 0 43 L
16 16 2 16 U
16 17 1 17 U
16 18 6 26 D
16 19 11 8 R
16 20 17 4 R
16 21 19 7 R
16 22 0 11 U
16 23 8 38 L
16 24 10 24 D
16 25 0 38 L
16 26 2 26 D
16 27 1 27 D
16 28 5 5 R
16 29 6 29 D
16 30 0 7 R
16 31 7 31 D
16 32 0 9 R
16 33 7 33 D
16 34 12 0 R
16 35 0 24 D
16 36 7 36 L
16 37 1 37 L
16 38 18 25 D
16 39 11 24 D
16 40 7 25 D
16 41 18 41 L
16 42 15 3 R
16 43 13 19 U
16 44 5 28 D
16 45 3 45 L
17 0 8 30 D
17 1 18 13 U
17 2 3 2 R
17 3 23 22 D
17 4 20 13 U
17 5 7 5 R
17 6 0 29 D
17 7 5 7 R
17 8 12 27 D
17 10 13 29 D
17 11 14 9 R
17 12 21 36 L
17 13 18 13 U
17 14 0 37 L
17 15 21 8 R
17 16 14 16 U
17 17 0 6 R
17 18 3 18 U
17 19 10 19 U
17 20 0 23 D
17 21 15 5 R
17 22 26 17 U
17 23 16 34 L
17 24 15 5 R
17 25 11 36 L
17 26 0 18 U
17 27 0 35 L
17 28 21 3 R
17 29 16 36 L
17 30 21 35 L
17 31 1 31 D
17 32 9 35 L
17 33 3 33 D
17 34 12 12 U
17 35 4 27 D
17 36 18 19 U
17 37 21 14 U
17 38 0 23 D
17 39 1 39 L
17 40 16 16 U
17 41 2 15 U
17 42 4 42 L
17 43 10 43 L
17 44 3 44 L
17 45 8 31 D
18 0 3 34 L
18 1 13 30 D
18 2 3 2 R
18 3 17 19 U
18 4 3 28 D
18 5 4 28 D
18 6 22 6 R
18 7 28 24 D
18 8 21 20 U
18 9 22 9 R
18 10 10 10 R
18 11 14 45 L
18 12 5 12 U
18 13 27 36 L
18 14 12 41 L
18 15 5 15 U
18 16 20 16 U
18 17 13 40 L
18 18 6 43 L
18 19 7 5 R
18 20 5 20 U
18 21 11 21 U
18 22 9 11 U
18 23 16 41 L
18 24 1 17 U
18 25 1 25 D
18 27 15 34 L
18 28 27 28 D
18 29 7 34 L
18 30 17 37 L
18 31 7 6 R
18 32 6 32 D
18 33 0 4 R
18 34 22 16 U
18 35 0 0 R
18 36 15 12 U
18 37 0 12 U
18 38 8 38 L
18 39 22 30 D
18 40 14 14 U
18 41 11 41 L
18 42 12 18 U
18 43 19 43 L
18 44 5 44 L
18 45 17 30 D
19 0 11 16 U
19 1 2 1 R
19 2 10 27 D
19 3 24 3 R
19 4 1 4 R
19 5 4 5 R
19 6 14 6 R
19 7 10 7 R
19 8 2 8 R
19 10 21 25 D
19 11 5 30 D
19 12 12 39 L
19 13 28 13 U
19 14 25 36 L
19 15 13 40 L
19 16 4 16 U
19 17 27 17 U
19 18 20 37 L
19 19 15 45 L
19 20 25 20 U
19 21 1 21 U
19 22 11 0 R
19 23 24 23 D
19 24 11 44 L
19 25 27 5 R
19 26 1 26 D
19 27 0 21 U
19 28 13 28 D
19 29 12 4 R
19 30 3 0 R
19 31 1 43 L
19 32 24 10 R
19 33 1 36 L
19 34 1 28 D
19 35 4 35 L
19 36 0 18 U
19 37 6 17 U
19 38 9 15 U
19 39 0 26 D
19 40 0 31 D
19 41 9 23 D
19 42 6 42 L
19 43 13 29 D
19 44 5 23 D
19 45 7 45 L
20 0 9 22 D
20 1 3 27 D
20 2 2 22 D
20 3 0 13 U
20 4 5 22 D
20 5 21 22 D
20 6 15 6 R
20 7 1 45 L
20 8 8 29 D
20 10 7 28 D
20 11 0 1 R
20 12 17 9 R
20 13 14 2 R
20 14 21 14 U
20 15 11 10 R
20 16 22 5 R
20 17 3 17 U
20 18 3 18 U
20 19 5 39 L
20 20 21 32 D
20 21 16 6 R
20 22 1 0 R
20 23 19 0 R
20 24 11 42 L
20 25 23 3 R
20 27 7 35 L
20 28 8 28 D
20 29 11 29 D
20 30 21 30 D
20 31 6 3 R
20 32 28 38 L
20 33 5 33 D
20 34 4 12 U
20 35 0 14 U
20 36 4 14 U
20 37 3 25 D
20 38 3 38 L
20 39 28 39 L
20 40 7 40 L
20 41 2 2 R
20 42 9 42 L
20 43 1 43 L
20 44 16 29 D
20 45 15 45 L
21 0 22 14 U
21 1 4 1 R
21 2 8 22 D
21 3 13 28 D
21 4 18 26 D
21 5 1 42 L
21 6 12 25 D
21 7 15 29 D
21 8 5 22 D
21 9 8 26 D
21 10 14 20 U
21 11 8 11 U
21 12 19 44 L
21 14 3 14 U
21 15 22 15 U
21 16 13 39 L
21 17 3 1 R
21 18 1 18 U
21 19 22 40 L
21 20 5 20 U
21 21 11 21 U
21 22 1 22 D
21 23 16 8 R
21 24 1 24 D
21 25 0 20 U
21 26 13 26 D
21 27 3 19 U
21 28 22 35 L
21 29 0 36 L
21 30 1 35 L
21 31 4 42 L
21 32 25 32 D
21 33 1 37 L
21 34 16 25 D
21 35 13 19 U
21 36 10 36 L
21 37 5 25 D
21 38 10 22 D
21 39 17 18 U
21 40 25 33 D
21 41 2 41 L
21 42 4 42 L
21 43 13 43 L
21 45 12 45 L
22 0 6 25 D
22 1 1 1 R
22 2 0 14 U
22 3 15 13 U
22 4 3 4 R
22 5 4 5 R
22 6 2 6 R
22 7 5 7 R
22 8 3 30 D
22 10 2 10 R
22 11 26 45 L
22 12 17 6 R
22 13 16 37 L
22 14 6 14 U
22 15 12 3 R
22 16 19 40 L
22 17 23 36 L
22 18 18 5 R
22 19 5 19 U
22 20 16 7 R
22 21 21 36 L
22 22 1 37 L
22 23 11 7 R
22 24 24 6 R
22 25 25 41 L
22 26 12 35 L
22 27 7 27 D
22 28 1 28 D
22 29 14 34 L
22 30 1 30 D
22 31 14 31 D
22 32 11 42 L
22 33 24 33 D
22 34 16 2 R
22 35 28 25 D
22 36 20 28 D
22 37 8 16 U
22 38 19 38 L
22 39 17 39 L
22 40 8 40 L
22 41 18 32 D
22 42 0 1 R
22 43 13 43 L
22 45 0 14 U
23 0 29 32 D
23 1 3 11 U
23 2 15 2 R
23 3 0 42 L
23 4 2 4 R
23 5 19 27 D
23 6 19 6 R
23 7 7 20 U
23 8 2 8 R
23 10 3 10 R
23 11 9 36 L
23 12 22 4 R
23 13 24 0 R
23 14 12 10 R
23 15 18 15 U
23 16 5 16 U
23 17 13 7 R
23 18 2 18 U
23 19 24 28 D
23 20 4 31 D
23 21 10 21 U
23 22 10 14 U
23 23 4 37 L
23 24 0 14 U
23 25 7 1 R
23 27 16 27 D
23 28 26 7 R
23 29 4 29 D
23 30 10 2 R
23 31 6 31 D
23 32 10 17 U
23 33 2 33 D
23 34 15 21 U
23 35 7 17 U
23 36 19 26 D
23 37 18 32 D
23 39 3 39 L
23 40 3 17 U
23 41 19 41 L
23 42 22 18 U
23 43 4 43 L
23 45 14 45 L
24 0 20 17 U
24 1 17 21 U
24 2 14 34 L
24 3 25 23 D
24 4 18 35 L
24 5 26 23 D
24 6 5 6 R
24 7 1 41 L
24 8 9 8 R
24 9 18 27 D
24 10 5 10 R
24 11 7 5 R
24 12 20 12 U
24 13 13 13 U
24 14 8 14 U
24 16 7 6 R
24 17 2 45 L
24 19 3 19 U
24 20 2 20 U
24 22 17 42 L
24 23 9 23 D
24 24 3 24 D
24 25 14 1 R
24 27 12 27 D
24 28 1 4 R
24 29 13 29 D
24 30 8 30 D
24 31 22 1 R
24 32 10 32 D
24 33 4 33 D
24 35 22 15 U
24 36 7 20 U
24 37 1 12 U
24 39 19 15 U
24 40 30 29 D
24 42 4 42 L
24 43 9 43 L
24 45 7 45 L
25 0 26 11 U
25 1 23 34 L
25 2 3 2 R
25 4 13 4 R
25 5 12 5 R
25 6 3 6 R
25 7 1 7 R
25 8 19 8 R
25 11 17 36 L
25 12 22 43 L
25 14 3 14 U
25 16 2 38 L
25 17 12 17 U
25 19 0 5 R
25 20 11 20 U
25 22 1 6 R
25 23 26 3 R
25 25 7 3 R
25 26 17 4 R
25 27 10 27 D
25 28 1 1 R
25 29 9 29 D
25 31 5 31 D
25 32 2 32 D
25 33 18 33 D
25 35 8 31 D
25 36 9 36 L
25 37 7 37 L
25 38 2 38 L
25 39 2 23 D
25 40 24 40 L
25 41 29 41 L
25 42 19 13 U
25 43 23 27 D
25 44 19 44 L
25 45 16 45 L
26 0 22 23 D
26 2 17 2 R
26 4 12 31 D
26 5 8 13 U
26 6 11 6 R
26 7 6 25 D
26 8 5 8 R
26 11 27 0 R
26 12 10 34 L
26 14 8 4 R
26 17 21 2 R
26 19 7 19 U
26 20 0 37 L
26 22 16 34 L
26 23 25 35 L
26 24 3 11 U
26 25 8 39 L
26 27 18 27 D
26 28 3 28 D
26 29 0 4 R
26 30 8 38 L
26 31 7 31 D
26 32 10 32 D
26 33 23 0 R
26 35 5 23 D
26 36 23 15 U
26 37 14 19 U
26 43 2 43 L
26 45 14 14 U
27 0 2 0 R
27 2 16 26 D
27 4 3 4 R
27 6 18 6 R
27 8 0 44 L
27 11 3 11 U
27 17 11 17 U
27 19 15 19 U
27 20 3 20 U
27 21 22 32 D
27 22 21 34 L
27 23 18 2 R
27 26 8 26 D
27 27 24 27 D
27 29 1 29 D
27 30 3 30 D
27 35 22 0 R
27 36 12 0 R
27 37 25 37 L
27 39 26 24 D
27 41 12 26 D
27 43 22 12 U
27 45 11 18 U
28 0 13 0 R
28 1 19 35 L
28 2 0 11 U
28 4 27 11 U
28 6 22 24 D
28 8 12 8 R
28 17 8 17 U
28 19 9 42 L
28 20 7 20 U
28 22 24 34 L
28 24 1 24 D
28 26 19 0 R
28 27 18 27 D
28 29 0 1 R
28 36 16 1 R
28 43 9 43 L
29 2 11 13 U
29 4 22 20 U
29 6 25 28 D
29 17 20 35 L
29 19 19 19 U
29 20 2 20 U
29 22 24 43 L
29 27 8 3 R
29 29 0 0 R
30 4 21 4 R
30 6 3 6 R
30 19 4 19 U
30 22 26 39 L
30 27 4 27 D
30 29 13 29 D
31 4 0 38 L
31 19 10 19 U
31 29 8 29 D
32 4 7 4 R
32 19 7 19 U
33 19 8 19 U

