27 19 423
0 0 0 21 0 0 0 0 0 0 0 0 11 0 0 0 0 0 0
0 0 7 1 21 24 16 0 0 1 0 6 0 0 0 22 22 0 16
0 0 0 6 0 19 6 17 0 18 15 0 21 0 0 0 0 0 0
0 0 0 0 0 0 0 0 0 0 0 0 13 22 13 21 9 3 5
20 0 19 0 0 0 0 15 0 0 0 0 3 21 0 0 19 0 16
0 6 2 0 18 11 2 0 16 0 22 0 0 18 3 0 21 20 19
0 0 0 0 23 0 9 14 0 18 0 21 16 8 1 9 0 11 0
0 4 0 22 0 6 0 0 0 0 0 19 14 20 0 0 0 0 0
0 0 1 0 24 22 2 0 0 0 0 0 25 22 0 23 0 0 25
8 0 5 23 0 19 0 10 18 0 19 0 0 0 0 0 0 0 0
7 21 0 1 23 0 18 0 0 6 5 2 19 23 9 0 0 0 0
0 2 12 24 0 0 0 9 5 13 22 0 0 0 0 0 0 0 0
9 7 0 2 0 0 0 0 0 0 21 0 6 0 7 0 14 0 10
0 0 0 0 0 7 10 0 0 0 0 5 0 0 20 18 0 10 0
0 0 10 6 0 24 0 0 0 23 0 0 0 19 0 16 20 0 0
6 0 0 13 23 0 0 18 12 2 11 6 24 0 0 0 3 0 0
0 0 1 4 18 0 0 5 19 24 0 0 6 24 0 7 6 0 0
0 0 0 0 10 18 0 0 0 0 0 0 13 0 13 0 11 0 0
0 0 15 0 12 0 0 0 0 0 0 20 0 20 0 17 18 6 14
0 0 0 0 U
0 1 0 1 U
0 2 0 2 U
0 3 0 3 U
0 4 0 4 U
0 5 0 5 R
0 6 0 6 R
0 7 0 7 R
0 8 0 8 R
0 9 0 9 D
0 10 0 10 D
0 11 0 11 D
0 12 0 12 D
0 13 0 13 D
0 14 0 14 L
0 15 0 15 L
0 16 0 16 L
0 17 0 17 L
0 18 0 18 L
1 0 6 6 R
1 1 19 1 U
1 2 3 5 R
1 3 8 3 U
1 4 15 16 L
1 5 0 11 D
1 6 3 6 R
1 7 2 9 D
1 8 4 8 R
1 9 0 2 U
1 10 0 17 L
1 11 0 8 R
1 12 2 12 D
1 13 3 13 D
1 14 0 10 D
1 15 8 9 D
1 16 0 7 R
1 17 3 0 U
1 18 2 18 L
2 0 8 16 L
2 1 6 1 U
2 2 6 2 U
2 3 3 3 U
2 4 1 4 U
2 5 9 0 U
2 6 20 0 U
2 7 16 1 U
2 8 13 8 R
2 9 9 14 L
2 10 6 8 R
2 11 1 11 D
2 12 0 4 U
2 13 8 13 D
2 14 0 0 U
2 15 18 12 D
2 16 0 12 D
2 17 15 17 L
2 18 1 18 L
3 0 4 7 R
3 1 0 15 L
3 2 6 15 L
3 3 11 17 L
3 4 2 4 U
3 5 5 10 D
3 6 10 2 U
3 7 7 7 R
3 8 4 8 R
3 9 8 16 L
3 10 9 6 R
3 11 11 15 L
3 12 0 15 L
3 13 2 4 U
3 14 7 9 D
3 15 12 15 L
3 16 0 2 U
3 17 5 17 L
3 18 1 18 L
4 0 0 6 R
4 1 7 7 R
4 2 5 14 L
4 3 7 3 U
4 4 10 4 U
4 5 15 12 D
4 6 1 6 R
4 7 5 11 D
4 8 1 8 R
4 9 9 9 D
4 10 5 16 L
4 11 15 8 R
4 12 0 16 L
4 13 6 13 D
4 14 0 6 R
4 15 15 0 U
4 16 1 16 L
4 17 0 4 U
4 18 17 18 L
5 0 15 0 U
5 1 12 12 D
5 2 13 16 L
5 3 2 3 U
5 4 7 17 L
5 5 0 9 D
5 6 0 0 U
5 7 4 7 R
5 8 0 12 D
5 9 18 17 L
5 10 10 5 R
5 11 0 15 L
5 12 17 5 R
5 13 10 6 R
5 14 20 13 D
5 15 0 9 D
5 16 10 2 U
5 17 16 17 L
5 18 6 9 D
6 0 8 8 R
6 1 0 14 L
6 2 2 2 U
6 3 0 8 R
6 4 2 4 U
6 5 7 13 D
6 6 0 1 U
6 7 3 12 D
6 8 3 4 U
6 9 3 15 L
6 10 14 0 U
6 11 9 11 D
6 12 8 12 D
6 13 10 13 D
6 14 2 3 U
6 15 1 11 D
6 16 4 16 L
6 17 7 0 U
7 0 0 5 R
7 1 1 1 U
7 2 13 5 R
7 3 0 16 L
7 4 13 18 L
7 5 17 5 R
7 6 26 11 D
7 7 5 7 R
7 8 11 10 D
7 9 0 6 R
7 10 14 10 D
7 11 6 6 R
7 12 5 12 D
7 13 10 13 D
7 14 0 13 D
7 15 0 1 U
7 16 3 16 L
7 17 12 12 D
8 0 7 17 L
8 1 0 17 L
8 2 1 2 U
8 3 18 3 U
8 4 0 17 L
8 5 5 5 R
8 6 7 1 U
8 7 3 0 U
8 8 21 0 U
8 9 0 15 L
8 10 2 10 D
8 11 4 11 D
8 12 7 12 D
8 13 3 17 L
8 14 7 12 D
8 15 2 9 D
8 16 2 10 D
8 17 12 0 U
9 0 0 9 D
9 1 12 8 R
9 2 15 14 L
9 3 18 3 U
9 4 7 4 U
9 5 13 0 U
9 6 12 3 U
9 7 0 3 U
9 8 0 2 U
9 9 10 14 L
9 10 16 18 L
9 11 15 17 L
9 12 6 12 D
9 13 5 13 D
9 14 16 1 U
9 15 5 1 U
9 16 17 16 L
9 17 8 17 L
9 18 0 6 R
10 0 22 8 R
10 1 12 1 U
10 2 3 2 U
10 3 19 3 U
10 4 11 4 U
10 5 1 2 U
10 6 0 4 U
10 7 6 10 D
10 8 12 3 U
10 9 0 7 R
10 10 1 6 R
10 11 0 3 U
10 12 6 14 L
10 13 1 13 D
10 14 20 3 U
10 15 6 1 U
10 16 11 1 U
10 17 12 11 D
11 0 7 15 L
11 1 2 1 U
11 2 14 9 D
11 3 7 14 L
11 4 21 14 L
11 5 3 16 L
11 6 12 12 D
11 7 2 11 D
11 8 0 3 U
11 9 2 6 R
11 10 5 15 L
11 11 0 14 L
11 12 4 8 R
11 13 9 13 D
11 14 3 0 U
11 15 2 15 L
11 16 8 10 D
11 17 13 13 D
12 0 17 6 R
12 1 5 14 L
12 2 13 15 L
12 3 6 16 L
12 4 15 7 R
12 5 2 4 U
12 6 19 6 R
12 7 16 7 R
12 8 9 0 U
12 9 14 7 R
12 10 9 15 L
12 11 6 11 D
12 12 13 12 D
12 13 9 4 U
12 14 5 14 L
12 15 0 11 D
12 16 17 9 D
12 17 3 17 L
13 0 3 6 R
13 1 10 1 U
13 2 19 2 U
13 3 1 15 L
13 4 5 8 R
13 5 3 1 U
13 6 5 11 D
13 7 0 10 D
13 8 10 13 D
13 9 2 14 L
13 10 15 10 D
13 11 9 17 L
13 12 3 5 R
13 13 2 13 D
13 14 9 3 U
13 15 0 3 U
13 16 6 12 D
13 17 5 17 L
14 0 3 7 R
14 1 2 1 U
14 2 12 5 R
14 3 13 3 U
14 4 21 15 L
14 5 17 5 R
14 6 19 2 U
14 7 7 12 D
14 8 3 9 D
14 9 1 18 L
14 11 23 1 U
14 12 0 1 U
14 13 6 15 L
14 14 7 2 U
14 15 1 9 D
14 16 5 2 U
14 17 2 17 L
15 0 14 5 R
15 1 14 14 L
15 2 0 6 R
15 3 20 7 R
15 4 2 11 D
15 5 9 1 U
15 6 6 6 R
15 7 2 12 D
15 8 10 12 D
15 9 6 17 L
15 10 0 5 R
15 11 5 11 D
15 12 1 8 R
15 13 5 7 R
15 14 2 12 D
15 15 13 0 U
15 16 20 16 L
15 17 9 17 L
15 18 4 3 U
16 0 4 8 R
16 1 7 13 D
16 2 8 2 U
16 3 1 6 R
16 4 3 4 U
16 5 15 13 D
16 6 0 14 L
16 7 17 7 R
16 8 9 1 U
16 9 22 9 D
16 11 6 11 D
16 12 10 12 D
16 13 18 5 R
16 14 10 11 D
16 15 2 15 L
16 17 17 1 U
17 0 16 5 R
17 1 19 5 R
17 2 0 7 R
17 3 14 11 D
17 4 3 15 L
17 5 11 15 L
17 6 2 0 U
17 7 0 16 L
17 8 15 8 R
17 9 1 9 D
17 11 13 5 R
17 12 0 7 R
17 13 0 8 R
17 14 6 4 U
17 15 1 2 U
17 16 1 11 D
17 17 11 9 D
18 0 12 10 D
18 1 12 1 U
18 2 14 7 R
18 3 19 8 R
18 4 6 4 U
18 5 5 3 U
18 6 1 6 R
18 7 21 3 U
18 8 0 17 L
18 9 10 16 L
18 10 4 1 U
18 11 11 11 D
18 12 6 12 D
18 13 15 5 R
18 14 12 9 D
18 15 14 15 L
18 17 13 0 U
19 0 13 0 U
19 1 12 1 U
19 2 15 2 U
19 3 12 16 L
19 4 5 4 U
19 5 18 5 R
19 6 10 1 U
19 7 20 4 U
19 8 6 2 U
19 9 12 9 D
19 10 7 10 D
19 11 9 14 L
19 12 4 6 R
19 13 16 13 D
19 14 20 0 U
19 15 3 9 D
19 17 16 17 L
20 0 17 9 D
20 1 21 7 R
20 2 9 6 R
20 3 9 15 L
20 4 8 8 R
20 5 11 11 D
20 6 2 6 R
20 7 7 4 U
20 8 19 2 U
20 10 16 14 L
20 11 0 4 U
20 12 12 12 D
20 13 15 7 R
20 14 2 14 L
20 15 17 4 U
20 16 3 16 L
21 0 17 5 R
21 1 0 6 R
21 2 2 2 U
21 3 7 3 U
21 4 1 14 L
21 5 22 4 U
21 6 5 10 D
21 7 0 11 D
21 8 2 2 U
21 10 9 10 D
21 12 5 14 L
21 13 2 13 D
21 14 23 14 L
21 15 1 6 R
21 17 1 17 L
22 0 7 5 R
22 1 0 11 D
22 3 0 6 R
22 4 9 4 U
22 5 0 13 D
22 6 7 6 R
22 8 2 8 R
22 12 8 12 D
22 13 2 13 D
22 14 3 14 L
22 15 4 2 U
23 0 16 7 R
23 1 9 1 U
23 3 2 3 U
23 4 2 4 U
23 5 5 5 R
23 6 4 13 D
23 8 9 2 U
23 13 19 13 D
23 15 16 3 U
24 0 0 17 L
24 3 11 14 L
24 4 10 4 U
24 6 7 6 R
24 8 1 8 R
24 13 0 0 U
24 15 13 6 R
25 8 9 11 D
25 13 6 13 D
26 8 13 13 D

