10 10 80
0 0 0 0 0 1 0 6 4 0 0 0 0 5 0 0 0 0
0 7 1 0 0 0 3 0 4 0 0 0 0 5 0 0 0 0
0 0 0 0 0 0 0 0 4 0 0 0 0 0 0 0 0 5
0 0 0 0 0 0 0 0 8 3 0 0 0 0 0 0 5 0
0 0 0 0 0 0 0 0 0 0 0 0 0 0 0 0 0 0
0 0 5 0 0 5 6 0 0 0 0 0 0 0 0 0 0 0
0 0 0 0 0 3 0 0 0 0 0 0 0 0 0 0 0 0
0 2 7 0 8 0 9 7 5 0 0 0 0 2 0 0 0 0
0 9 0 0 0 7 0 6 0 0 0 0 0 0 0 0 0 0
0 4 0 2 0 0 0 2 0 0 0 0 2 1 0 0 0 0
0 2 6 0 0 0 0 0 0 8 0 0 1 0 0 0 0 0
0 2 6 0 0 0 0 0 0 0 0 0 0 0 0 0 6 0
0 0 0 7 5 0 0 0 5 0 0 0 0 0 0 0 0 4
0 0 0 0 0 0 0 0 0 0 0 0 0 0 0 0 0 0
0 0 0 0 0 0 0 0 0 0 0 0 0 0 0 0 0 0
0 0 0 0 0 0 0 0 0 0 0 0 0 0 0 0 0 0
0 0 0 0 0 0 0 8 0 0 0 0 0 0 0 0 0 2
0 7 0 0 3 0 0 3 0 0 0 0 0 0 0 0 5 0
0 0 0 0 R
0 1 0 1 R
0 2 0 2 R
0 3 0 3 U
0 4 0 4 U
0 5 0 5 U
0 6 0 6 D
0 7 0 7 D
0 8 0 8 L
0 9 0 9 L
1 0 3 8 L
1 1 4 1 R
1 2 5 7 D
1 3 2 8 L
1 4 0 0 R
1 5 0 1 R
1 6 5 1 R
1 7 0 9 L
1 8 4 3 U
1 9 3 4 U
2 0 0 3 U
2 1 0 7 D
2 2 0 5 U
2 3 5 3 U
2 4 3 1 R
2 5 5 0 R
2 6 1 6 D
2 7 4 9 L
2 8 0 4 U
2 9 0 6 D
3 0 1 6 D
3 1 2 4 U
3 2 0 4 U
3 3 0 8 L
3 4 4 7 D
3 5 2 5 U
3 6 0 8 L
3 7 2 0 R
3 8 0 2 R
3 9 1 7 D
4 0 1 3 U
4 1 1 7 D
4 2 3 8 L
4 3 2 0 R
4 4 1 4 U
4 6 2 8 L
4 7 3 7 D
4 8 0 7 D
4 9 7 5 U
5 0 0 9 L
5 1 0 8 L
5 2 1 2 R
5 3 2 3 U
5 4 0 9 L
5 6 0 1 R
5 7 3 8 L
5 8 2 6 D
5 9 0 5 U
6 1 1 9 L
6 2 1 4 U
6 3 4 9 L
6 4 2 6 D
6 6 2 0 R
6 7 4 1 R
6 8 2 7 D
6 9 4 3 U
7 2 8 2 R
7 3 6 1 R
7 4 3 4 U
7 6 0 2 R
7 7 3 2 R
7 8 0 1 R
7 9 2 6 D
8 3 6 3 U
8 6 1 9 L
8 7 0 0 R
8 8 5 0 R
8 9 2 9 L
9 3 7 2 R
9 8 4 8 L

