9 11 80
1 3 5 2 0 8 0 7 0 0 6 0 2 0 2 6 7 0
0 0 0 0 0 0 0 0 0 0 0 0 0 0 0 0 0 0
0 8 0 0 0 0 0 3 1 0 0 0 0 0 0 0 0 0
0 0 0 0 0 0 0 0 0 0 0 0 0 0 0 0 0 0
0 0 0 0 0 0 0 0 0 0 0 0 2 0 0 0 4 0
0 0 0 0 0 5 0 4 0 0 0 0 0 1 1 0 0 0
0 0 0 0 0 0 0 0 0 7 1 0 0 0 0 7 0 0
0 0 0 0 0 0 0 1 1 0 0 0 0 0 0 0 0 0
0 0 0 0 0 0 0 0 0 2 0 0 0 0 0 0 6 0
0 0 0 0 1 0 0 0 0 0 0 0 1 0 0 0 0 0
0 0 0 0 0 0 0 6 0 0 0 0 0 0 0 0 0 0
0 0 0 0 0 0 0 0 0 0 0 0 0 0 0 0 0 0
0 0 0 5 0 0 1 0 4 0 0 0 0 0 0 0 0 0
4 0 6 0 3 8 0 0 0 0 0 0 0 1 0 1 0 0
2 5 0 0 0 0 5 0 2 0 0 0 0 0 0 0 0 0
0 0 0 0 0 7 0 0 1 0 0 0 0 0 0 0 0 0
0 1 0 4 0 0 0 0 0 0 0 0 0 0 0 0 4 0
0 0 1 2 0 0 0 0 0 0 1 0 0 0 0 0 0 0
0 0 0 0 U
0 1 0 1 U
0 2 0 2 U
0 3 0 3 R
0 4 0 4 R
0 5 0 5 R
0 6 0 6 D
0 7 0 7 D
0 8 0 8 L
0 9 0 9 L
0 10 0 10 L
1 0 0 3 R
1 1 0 9 L
1 2 0 7 D
1 3 0 6 D
1 4 0 8 L
1 5 1 7 D
1 6 0 8 L
1 7 0 1 U
1 8 0 0 U
1 9 0 6 D
1 10 2 7 D
2 0 0 4 R
2 1 0 5 R
2 2 3 5 R
2 3 0 1 U
2 4 1 4 R
2 5 2 5 R
2 6 0 4 R
2 7 0 3 R
2 8 3 6 D
2 9 1 9 L
2 10 4 10 L
3 0 2 5 R
3 1 0 10 L
3 2 5 2 U
3 3 2 2 U
3 4 2 4 R
3 5 3 5 R
3 6 2 6 D
3 7 0 9 L
3 8 3 0 U
3 9 2 6 D
3 10 3 10 L
4 0 2 0 U
4 1 3 1 U
4 2 1 2 U
4 3 1 8 L
4 4 3 4 R
4 5 5 7 D
4 6 2 5 R
4 7 3 3 R
4 8 0 2 U
4 9 0 7 D
4 10 1 10 L
5 0 1 3 R
5 2 2 9 L
5 3 1 3 R
5 5 4 5 R
5 6 4 6 D
5 7 5 7 D
5 8 0 3 R
5 10 2 10 L
6 0 4 10 L
6 2 2 2 U
6 3 0 0 U
6 5 7 6 D
6 6 0 2 U
6 7 1 8 L
6 8 6 7 D
6 10 5 6 D
7 0 3 8 L
7 5 5 5 R
7 6 4 4 R
7 7 6 8 L
7 8 5 7 D
7 10 5 10 L
8 0 4 0 U
8 5 6 5 R
8 6 6 6 D

