25 19 391
7 11 0 7 11 0 21 11 0 0 0 0 0 0 0 0 6 18 0
0 21 0 14 4 0 0 24 21 0 0 0 0 0 0 0 14 18 0
14 0 0 0 17 2 17 17 0 0 14 19 23 0 0 0 2 0 5
0 0 7 19 0 0 0 0 13 0 8 20 0 22 0 0 12 0 0
0 11 0 0 9 4 0 5 0 0 5 0 4 0 0 0 0 0 0
0 14 0 0 0 0 0 12 0 0 0 21 0 17 1 0 8 0 0
13 0 0 0 0 0 0 10 0 0 0 0 20 0 0 0 0 0 0
0 0 0 0 0 9 21 0 22 4 0 22 4 2 0 0 21 0 0
1 0 0 20 0 0 0 0 0 12 0 0 7 0 0 0 0 0 0
0 0 0 17 0 0 0 0 18 0 0 14 0 21 0 0 0 0 18
0 0 18 0 0 5 6 0 0 15 6 0 10 0 9 12 19 15 0
6 0 0 0 0 0 0 0 18 0 0 0 0 0 0 0 0 0 0
0 0 0 0 0 0 0 0 0 5 11 0 10 6 0 6 0 0 0
0 0 9 17 0 0 2 0 4 0 0 12 0 22 0 0 6 0 0
0 0 0 11 0 0 0 0 18 4 24 0 0 7 7 5 0 0 0
0 0 10 0 0 0 13 0 12 0 0 0 16 0 18 0 0 0 0
14 0 0 0 0 0 0 13 18 0 0 0 0 0 9 0 0 0 0
8 0 6 0 0 15 0 0 23 0 0 0 0 16 0 22 18 3 0
18 0 0 0 0 0 0 0 15 0 0 0 6 4 0 5 9 0 0
0 0 0 0 R
0 1 0 1 R
0 2 0 2 R
0 3 0 3 R
0 4 0 4 R
0 5 0 5 U
0 6 0 6 U
0 7 0 7 U
0 8 0 8 U
0 9 0 9 U
0 10 0 10 D
0 11 0 11 D
0 12 0 12 D
0 13 0 13 D
0 14 0 14 D
0 15 0 15 L
0 16 0 16 L
0 17 0 17 L
0 18 0 18 L
1 0 0 5 U
1 1 8 13 D
1 2 7 2 R
1 3 5 3 R
1 4 16 4 R
1 5 12 3 R
1 6 6 6 U
1 7 14 17 L
1 8 9 8 U
1 9 3 17 L
1 10 13 10 D
1 11 5 11 D
1 12 8 0 R
1 13 15 13 D
1 14 3 14 D
1 15 4 15 L
1 16 9 6 U
1 17 2 17 L
1 18 19 3 R
2 0 9 11 D
2 1 5 10 D
2 2 18 11 D
2 3 4 3 R
2 4 18 14 D
2 5 17 17 L
2 6 3 6 U
2 7 18 16 L
2 8 19 4 R
2 9 1 17 L
2 10 0 0 R
2 11 15 17 L
2 12 18 17 L
2 13 6 17 L
2 14 4 18 L
2 15 7 8 U
2 16 14 10 D
2 17 4 17 L
2 18 4 18 L
3 0 5 6 U
3 1 12 10 D
3 2 18 17 L
3 3 18 11 D
3 4 1 4 R
3 5 6 5 U
3 6 1 15 L
3 7 7 1 R
3 8 2 8 U
3 9 12 9 U
3 10 0 5 U
3 11 5 11 D
3 12 0 15 L
3 13 6 13 D
3 14 8 14 D
3 15 15 15 L
3 16 7 11 D
3 17 12 3 R
3 18 4 6 U
4 0 1 10 D
4 1 3 1 R
4 2 10 12 D
4 3 1 3 R
4 4 17 4 R
4 5 0 17 L
4 6 12 6 U
4 7 1 7 U
4 8 14 12 D
4 9 13 0 R
4 10 17 15 L
4 11 0 15 L
4 12 12 12 D
4 13 18 1 R
4 14 10 0 R
4 15 2 12 D
4 16 11 16 L
4 17 1 11 D
4 18 11 9 U
5 0 0 11 D
5 1 0 7 U
5 2 0 8 U
5 3 4 11 D
5 4 0 17 L
5 5 15 15 L
5 6 0 16 L
5 7 1 2 R
5 8 0 15 L
5 9 3 9 U
5 10 0 2 R
5 11 12 11 D
5 12 3 12 D
5 13 15 3 R
5 14 0 7 U
5 15 0 10 D
5 16 18 7 U
5 17 7 10 D
5 18 16 11 D
6 0 12 10 D
6 1 2 1 R
6 2 3 5 U
6 3 10 8 U
6 4 3 4 R
6 5 17 18 L
6 6 19 18 L
6 7 13 7 U
6 8 1 16 L
6 9 8 9 U
6 10 5 15 L
6 11 3 11 D
6 12 14 12 D
6 13 0 1 R
6 14 20 14 D
6 15 4 11 D
6 16 3 5 U
6 17 18 5 U
6 18 20 6 U
7 0 9 0 R
7 1 3 10 D
7 2 8 8 U
7 3 1 11 D
7 5 16 1 R
7 6 9 0 R
7 7 0 3 R
7 8 16 15 L
7 9 15 4 R
7 10 12 0 R
7 11 1 3 R
7 12 19 4 R
7 13 6 2 R
7 14 0 3 R
7 15 9 10 D
7 16 8 12 D
7 17 0 1 R
7 18 9 14 D
8 0 6 11 D
8 1 0 12 D
8 2 20 7 U
8 3 18 14 D
8 4 1 4 R
8 5 20 0 R
8 6 6 15 L
8 7 2 7 U
8 8 11 8 U
8 9 6 15 L
8 10 10 1 R
8 11 5 16 L
8 12 7 4 R
8 13 3 13 D
8 14 14 2 R
8 15 17 7 U
8 16 1 9 U
8 17 11 11 D
8 18 12 12 D
9 0 0 15 L
9 1 4 7 U
9 2 12 2 R
9 3 13 13 D
9 5 0 0 R
9 6 19 17 L
9 7 0 2 R
9 8 11 2 R
9 9 7 2 R
9 10 19 17 L
9 11 0 6 U
9 12 19 18 L
9 13 10 7 U
9 14 6 14 D
9 15 0 5 U
9 16 1 16 L
9 17 14 6 U
9 18 6 5 U
10 0 8 15 L
10 1 2 1 R
10 2 4 2 R
10 3 3 3 R
10 5 16 15 L
10 6 16 10 D
10 7 9 18 L
10 8 3 8 U
10 9 1 9 U
10 10 9 18 L
10 11 15 3 R
10 12 9 5 U
10 13 1 13 D
10 14 12 14 D
10 15 3 9 U
10 16 1 16 L
10 17 11 12 D
10 18 6 8 U
11 0 2 5 U
11 1 10 12 D
11 2 7 10 D
11 3 2 3 R
11 4 0 13 D
11 5 9 2 R
11 6 14 2 R
11 7 10 7 U
11 8 3 17 L
11 9 9 9 U
11 10 1 0 R
11 11 19 15 L
11 12 7 3 R
11 13 12 13 D
11 14 2 14 D
11 15 4 12 D
11 16 0 8 U
11 17 18 13 D
11 18 13 14 D
12 0 16 0 R
12 1 13 11 D
12 2 22 2 R
12 3 4 3 R
12 5 4 15 L
12 6 16 16 L
12 7 10 7 U
12 8 10 8 U
12 9 5 0 R
12 10 1 1 R
12 11 15 11 D
12 12 2 17 L
12 13 13 13 D
12 14 20 1 R
12 15 19 9 U
12 16 7 2 R
12 17 5 17 L
12 18 8 6 U
13 0 11 13 D
13 1 5 7 U
13 2 8 13 D
13 3 21 10 D
13 4 17 4 R
13 5 0 12 D
13 6 7 6 U
13 7 0 4 R
13 8 1 8 U
13 10 16 0 R
13 11 2 0 R
13 12 4 16 L
13 13 3 5 U
13 15 12 5 U
13 16 0 0 R
13 17 5 13 D
13 18 3 18 L
14 0 21 7 U
14 1 1 5 U
14 2 17 14 D
14 3 16 12 D
14 5 19 4 R
14 6 3 6 U
14 7 5 18 L
14 8 6 0 R
14 10 7 0 R
14 11 4 1 R
14 12 12 12 D
14 13 0 8 U
14 15 0 7 U
14 16 0 12 D
14 17 5 7 U
14 18 13 8 U
15 0 18 6 U
15 1 3 6 U
15 2 2 10 D
15 3 1 3 R
15 5 11 16 L
15 6 1 1 R
15 7 16 15 L
15 8 4 17 L
15 10 11 16 L
15 11 1 1 R
15 12 13 1 R
15 13 14 0 R
15 14 4 14 D
15 15 9 6 U
15 16 6 10 D
15 17 1 17 L
15 18 0 4 R
16 0 0 10 D
16 1 2 11 D
16 2 3 7 U
16 3 0 11 D
16 4 12 12 D
16 5 5 18 L
16 6 9 3 R
16 7 0 15 L
16 8 0 13 D
16 9 1 9 U
16 10 7 3 R
16 11 6 11 D
16 12 12 12 D
16 13 3 13 D
16 15 0 6 U
16 16 0 13 D
16 17 15 17 L
16 18 6 18 L
17 0 15 5 U
17 1 14 11 D
17 2 12 2 R
17 3 0 16 L
17 4 2 4 R
17 5 0 18 L
17 6 5 17 L
17 7 1 1 R
17 8 6 8 U
17 10 11 2 R
17 11 6 17 L
17 12 5 12 D
17 13 3 15 L
17 14 1 1 R
17 15 10 12 D
17 16 9 5 U
17 17 1 17 L
17 18 0 14 D
18 0 10 15 L
18 1 0 6 U
18 2 9 11 D
18 3 16 11 D
18 4 0 18 L
18 5 0 1 R
18 6 23 16 L
18 7 3 7 U
18 8 3 16 L
18 10 3 15 L
18 11 0 0 R
18 12 0 16 L
18 13 11 15 L
18 15 9 5 U
18 16 7 0 R
18 17 11 17 L
18 18 19 18 L
19 0 1 12 D
19 1 10 6 U
19 2 18 2 R
19 3 2 8 U
19 4 9 7 U
19 5 10 2 R
19 7 11 7 U
19 8 7 1 R
19 9 3 9 U
19 11 5 2 R
19 12 5 17 L
19 13 2 1 R
19 14 14 14 D
19 16 20 8 U
19 17 16 10 D
19 18 2 18 L
20 0 0 8 U
20 3 14 3 R
20 5 1 3 R
20 7 12 18 L
20 8 4 0 R
20 11 17 1 R
20 12 18 5 U
20 16 18 5 U
20 17 12 9 U
20 18 13 7 U
21 0 10 6 U
21 3 14 10 D
21 5 15 16 L
21 7 13 4 R
21 8 1 8 U
21 11 1 7 U
21 16 4 4 R
21 17 1 13 D
22 0 6 10 D
22 7 3 7 U
22 8 1 8 U
22 11 9 17 L
22 16 4 16 L
22 17 20 12 D
23 0 5 10 D
23 16 2 12 D
23 17 13 6 U
24 0 20 0 R
24 16 10 16 L

