34 34 943
14 15 26 0 0 0 0 0 0 0 0 0 0 0 0 0 8
0 2 0 13 23 0 10 26 26 19 4 0 0 0 21 1 21
20 28 9 0 8 18 11 0 0 22 0 0 0 26 0 0 5
0 0 20 31 0 18 0 0 0 0 22 9 0 2 0 9 0
0 0 21 4 0 0 0 4 16 28 4 1 1 0 13 1 0
0 0 23 0 0 0 17 28 0 10 7 25 29 7 25 18 0
0 0 0 28 29 30 11 2 15 20 14 0 0 13 0 20 0
0 0 30 0 14 19 16 0 0 10 0 6 0 0 20 0 31
10 0 0 0 0 0 0 0 0 0 10 21 0 24 20 13 0
0 0 0 0 0 10 7 0 30 29 20 0 2 19 11 0 9
0 0 16 27 12 28 14 20 13 33 24 0 24 14 22 27 22
22 0 32 0 16 0 10 0 0 0 4 0 0 33 9 0 17
0 0 0 17 0 6 10 32 0 29 28 0 0 25 0 26 0
0 0 0 0 0 0 0 21 3 0 0 0 23 0 10 4 0
0 0 24 14 9 30 12 26 27 0 0 0 26 28 2 17 0
3 5 23 22 0 30 19 19 0 12 2 0 2 0 3 18 0
21 16 24 0 0 0 0 0 0 0 0 0 0 27 17 24 29
0 0 0 0 L
0 1 0 1 L
0 2 0 2 L
0 3 0 3 L
0 4 0 4 L
0 5 0 5 L
0 6 0 6 L
0 7 0 7 L
0 8 0 8 L
0 9 0 9 L
0 10 0 10 R
0 11 0 11 R
0 12 0 12 R
0 13 0 13 R
0 14 0 14 R
0 15 0 15 R
0 16 0 16 R
0 17 0 17 R
0 18 0 18 D
0 19 0 19 D
0 20 0 20 D
0 21 0 21 D
0 22 0 22 D
0 23 0 23 D
0 24 0 24 D
0 25 0 25 D
0 26 0 26 U
0 27 0 27 U
0 28 0 28 U
0 29 0 29 U
0 30 0 30 U
0 31 0 31 U
0 32 0 32 U
0 33 0 33 U
1 0 0 28 U
1 1 3 20 D
1 2 2 2 L
1 3 2 3 L
1 4 14 23 D
1 5 4 5 L
1 6 11 6 L
1 7 3 7 L
1 8 0 19 D
1 10 9 10 R
1 11 24 19 D
1 12 21 19 D
1 13 5 18 D
1 14 11 28 U
1 15 0 9 L
1 16 2 16 R
1 17 4 17 R
1 18 16 0 L
1 19 0 0 L
1 20 15 11 R
1 21 0 30 U
1 22 3 22 D
1 23 2 28 U
1 24 10 24 D
1 25 17 9 L
1 26 0 12 R
1 27 7 20 D
1 28 5 28 U
1 29 18 17 R
1 30 9 23 D
1 31 4 31 U
1 32 8 32 U
1 33 23 12 R
2 0 0 26 U
2 1 3 22 D
2 2 1 2 L
2 3 1 3 L
2 4 11 4 L
2 5 12 20 D
2 6 10 30 U
2 7 24 28 U
2 9 4 9 L
2 10 23 27 U
2 11 10 11 R
2 12 11 26 U
2 13 16 13 R
2 14 1 14 R
2 15 1 15 R
2 16 4 16 R
2 17 5 30 U
2 18 0 11 R
2 19 7 19 D
2 20 5 20 D
2 21 16 21 D
2 22 11 6 L
2 23 4 2 L
2 24 7 24 D
2 25 7 25 D
2 26 0 10 R
2 27 10 11 R
2 28 10 28 U
2 29 13 1 L
2 30 13 30 U
2 31 8 31 U
2 32 1 3 L
2 33 3 33 U
3 0 0 31 U
3 1 14 18 D
3 2 2 2 L
3 3 15 30 U
3 4 5 4 L
3 5 2 5 L
3 6 5 30 U
3 7 18 26 U
3 8 10 8 L
3 10 4 10 R
3 11 17 20 D
3 12 1 12 R
3 13 18 13 R
3 14 17 14 R
3 15 6 15 R
3 16 5 16 R
3 17 1 17 R
3 18 2 10 R
3 19 16 7 L
3 20 19 10 R
3 21 18 14 R
3 22 31 13 R
3 23 6 23 D
3 24 21 14 R
3 25 25 25 D
3 26 2 11 R
3 27 0 10 R
3 28 15 28 U
3 29 9 12 R
3 30 6 30 U
3 31 4 10 R
3 32 6 11 R
3 33 6 15 R
4 0 0 19 D
4 1 0 27 U
4 2 2 19 D
4 3 2 3 L
4 4 1 4 L
4 5 5 5 L
4 6 26 6 L
4 7 2 7 L
4 8 17 8 L
4 10 6 26 U
4 11 13 27 U
4 12 20 20 D
4 13 12 21 D
4 14 17 1 L
4 15 9 25 D
4 16 9 16 R
4 17 16 17 R
4 18 9 0 L
4 19 1 1 L
4 20 24 20 D
4 21 6 21 D
4 22 7 2 L
4 23 3 23 D
4 24 1 17 R
4 25 3 25 D
4 26 1 11 R
4 27 1 27 U
4 28 22 10 R
4 29 0 0 L
4 30 13 6 L
4 31 16 1 L
4 32 10 32 U
4 33 3 33 U
5 0 12 28 U
5 1 8 12 R
5 2 3 2 L
5 3 3 3 L
5 4 9 22 D
5 5 4 5 L
5 6 14 6 L
5 7 12 7 L
5 10 14 21 D
5 11 12 26 U
5 12 16 33 U
5 13 3 13 R
5 14 26 19 D
5 15 1 33 U
5 16 3 16 R
5 17 27 17 R
5 18 2 18 D
5 19 0 12 R
5 20 2 20 D
5 21 22 21 D
5 22 17 5 L
5 23 19 4 L
5 24 1 24 D
5 25 3 25 D
5 26 9 2 L
5 27 4 10 R
5 28 2 28 U
5 29 22 22 D
5 30 3 30 U
5 31 3 31 U
5 32 15 32 U
5 33 1 0 L
6 0 0 10 R
6 1 3 19 D
6 2 1 27 U
6 3 11 23 D
6 4 11 4 L
6 5 11 24 D
6 6 3 23 D
6 7 11 7 L
6 9 10 25 D
6 10 4 0 L
6 11 1 22 D
6 12 20 24 D
6 13 4 29 U
6 14 18 23 D
6 15 11 2 L
6 16 1 16 R
6 17 20 17 R
6 18 7 0 L
6 19 21 10 R
6 20 26 12 R
6 21 12 27 U
6 22 7 22 D
6 23 18 17 R
6 24 2 24 D
6 25 0 7 L
6 26 5 10 R
6 27 2 27 U
6 28 16 12 R
6 29 12 13 R
6 30 5 30 U
6 31 1 31 U
6 32 1 32 U
6 33 23 14 R
7 0 5 10 R
7 1 2 27 U
7 2 16 29 U
7 3 17 20 D
7 4 16 28 U
7 5 16 27 U
7 6 4 31 U
7 7 25 10 R
7 10 11 26 U
7 11 16 1 L
7 12 0 29 U
7 13 11 30 U
7 14 4 19 D
7 15 4 3 L
7 16 23 30 U
7 17 9 17 R
7 18 14 26 U
7 19 13 2 L
7 20 5 0 L
7 21 2 11 R
7 22 6 14 R
7 23 2 14 R
7 24 0 32 U
7 25 16 16 R
7 26 2 2 L
7 27 9 0 L
7 28 2 28 U
7 29 2 29 U
7 30 22 11 R
7 31 8 31 U
7 32 1 32 U
7 33 8 33 U
8 0 18 30 U
8 1 6 24 D
8 2 16 21 D
8 3 21 32 U
8 4 18 33 U
8 5 13 30 U
8 6 9 14 R
8 7 11 31 U
8 10 29 24 D
8 11 12 1 L
8 12 10 21 D
8 13 21 21 D
8 14 23 18 D
8 15 21 20 D
8 16 14 22 D
8 17 16 24 D
8 18 4 0 L
8 19 7 11 R
8 20 6 20 D
8 21 0 13 R
8 22 2 22 D
8 23 7 15 R
8 24 1 24 D
8 25 24 15 R
8 26 20 0 L
8 27 6 13 R
8 28 2 28 U
8 29 3 29 U
8 30 23 15 R
8 31 2 31 U
8 32 3 32 U
8 33 22 33 U
9 0 10 25 D
9 1 0 12 R
9 2 5 21 D
9 3 5 25 D
9 4 16 4 L
9 5 16 5 L
9 6 20 21 D
9 7 14 7 L
9 10 0 18 D
9 11 7 20 D
9 12 14 12 R
9 13 0 1 L
9 14 10 3 L
9 15 4 15 R
9 16 17 22 D
9 17 20 17 R
9 18 13 11 R
9 19 27 11 R
9 20 2 20 D
9 21 7 12 R
9 22 25 16 R
9 23 8 23 D
9 24 15 24 D
9 25 7 25 D
9 26 10 13 R
9 27 10 12 R
9 28 2 10 R
9 29 15 11 R
9 30 16 30 U
9 31 4 31 U
9 32 3 1 L
9 33 23 5 L
10 0 7 10 R
10 1 0 18 D
10 2 14 20 D
10 3 9 3 L
10 4 14 18 D
10 5 17 31 U
10 6 13 32 U
10 7 5 7 L
10 10 0 3 L
10 11 20 27 U
10 12 0 19 D
10 13 16 13 R
10 14 25 14 R
10 15 0 32 U
10 16 3 23 D
10 17 0 8 L
10 18 7 14 R
10 19 4 19 D
10 20 7 20 D
10 21 15 21 D
10 22 19 22 D
10 23 0 15 R
10 24 24 24 D
10 25 28 25 D
10 26 14 3 L
10 27 20 27 U
10 28 12 28 U
10 29 1 29 U
10 30 5 13 R
10 31 12 2 L
10 32 4 32 U
10 33 24 7 L
11 0 17 21 D
11 1 22 19 D
11 2 18 2 L
11 3 21 3 L
11 4 4 4 L
11 5 16 23 D
11 6 1 6 L
11 7 14 33 U
11 10 25 29 U
11 11 25 33 U
11 12 9 12 R
11 13 5 13 R
11 14 12 14 R
11 15 9 15 R
11 16 17 25 D
11 17 16 21 D
11 18 19 7 L
11 19 13 1 L
11 20 16 15 R
11 21 10 13 R
11 22 3 28 U
11 23 15 23 D
11 24 26 17 R
11 25 7 3 L
11 26 17 6 L
11 27 5 27 U
11 28 17 6 L
11 29 30 29 U
11 30 7 15 R
11 31 16 31 U
11 32 0 24 D
11 33 12 25 D
12 0 18 0 L
12 1 22 22 D
12 2 3 2 L
12 3 3 32 U
12 4 3 4 L
12 5 14 33 U
12 6 3 6 L
12 7 1 7 L
12 10 6 0 L
12 11 0 28 U
12 12 19 5 L
12 13 10 29 U
12 14 7 31 U
12 15 14 15 R
12 16 1 19 D
12 17 9 17 R
12 18 2 0 L
12 19 15 19 D
12 20 0 27 U
12 21 0 1 L
12 22 5 5 L
12 23 22 33 U
12 24 5 12 R
12 25 10 4 L
12 26 0 25 D
12 27 2 4 L
12 28 19 17 R
12 29 22 4 L
12 30 9 4 L
12 31 5 13 R
12 32 9 7 L
12 33 9 33 U
13 0 27 26 U
13 1 3 21 D
13 2 16 19 D
13 3 27 28 U
13 4 2 4 L
13 5 6 30 U
13 6 14 33 U
13 7 6 33 U
13 10 0 0 L
13 11 19 31 U
13 12 8 12 R
13 13 17 19 D
13 14 4 22 D
13 15 21 32 U
13 16 16 19 D
13 17 24 17 R
13 18 10 18 D
13 19 10 33 U
13 20 27 1 L
13 21 21 16 R
13 22 7 13 R
13 23 23 6 L
13 24 29 10 R
13 25 8 25 D
13 26 4 0 L
13 27 11 13 R
13 28 0 11 R
13 29 0 13 R
13 30 25 14 R
13 31 3 13 R
13 32 15 4 L
13 33 11 13 R
14 0 1 19 D
14 1 15 25 D
14 2 15 2 L
14 3 2 33 U
14 4 2 4 L
14 5 5 5 L
14 6 0 22 D
14 7 10 25 D
14 10 9 27 U
14 11 9 11 R
14 12 28 31 U
14 13 11 13 R
14 14 24 24 D
14 15 22 15 R
14 16 1 16 R
14 17 12 17 R
14 18 30 13 R
14 19 10 19 D
14 20 8 27 U
14 21 7 16 R
14 22 6 28 U
14 23 7 16 R
14 24 16 11 R
14 25 6 1 L
14 26 0 18 D
14 27 27 16 R
14 28 19 1 L
14 29 8 16 R
14 30 13 3 L
14 31 8 25 D
14 32 7 32 U
14 33 4 33 U
15 0 9 20 D
15 1 1 1 L
15 2 7 25 D
15 3 11 31 U
15 4 20 21 D
15 5 16 5 L
15 6 0 23 D
15 7 19 32 U
15 10 20 22 D
15 11 18 21 D
15 12 17 29 U
15 13 31 33 U
15 14 16 21 D
15 15 13 4 L
15 16 8 20 D
15 17 7 23 D
15 18 0 2 L
15 19 8 11 R
15 20 28 26 U
15 21 20 21 D
15 22 8 10 R
15 23 29 15 R
15 24 1 14 R
15 25 7 30 U
15 26 6 0 L
15 27 6 14 R
15 28 7 13 R
15 29 5 29 U
15 30 0 12 R
15 31 9 12 R
15 32 18 32 U
15 33 9 33 U
16 0 3 26 U
16 1 20 20 D
16 2 4 2 L
16 3 10 3 L
16 4 0 21 D
16 5 9 22 D
16 6 5 6 L
16 7 19 33 U
16 10 0 26 U
16 11 12 19 D
16 12 11 25 D
16 13 11 27 U
16 14 13 14 R
16 15 7 18 D
16 16 13 19 D
16 17 22 17 R
16 18 18 16 R
16 19 0 26 U
16 20 3 10 R
16 21 7 11 R
16 22 24 16 R
16 23 17 14 R
16 24 6 24 D
16 25 7 25 D
16 26 1 4 L
16 27 0 19 D
16 28 7 28 U
16 29 11 13 R
16 30 0 7 L
16 31 10 31 U
16 32 27 6 L
16 33 2 33 U
17 0 0 29 U
17 1 4 1 L
17 2 6 19 D
17 3 3 3 L
17 4 8 22 D
17 5 1 5 L
17 6 28 25 D
17 7 10 7 L
17 10 8 18 D
17 11 0 27 U
17 12 5 21 D
17 13 0 23 D
17 14 0 22 D
17 15 4 2 L
17 16 26 18 D
17 17 10 19 D
17 18 19 3 L
17 19 28 0 L
17 20 13 3 L
17 21 11 17 R
17 22 12 29 U
17 23 15 23 D
17 24 4 24 D
17 25 25 25 D
17 26 8 3 L
17 27 22 0 L
17 28 15 3 L
17 29 23 5 L
17 30 21 7 L
17 31 4 5 L
17 32 13 14 R
17 33 5 17 R
18 0 23 19 D
18 1 16 29 U
18 2 1 2 L
18 3 3 3 L
18 4 26 26 U
18 5 6 5 L
18 6 4 6 L
18 7 6 32 U
18 10 19 18 D
18 11 5 11 R
18 12 10 2 L
18 13 0 21 D
18 14 4 18 D
18 15 0 6 L
18 16 17 18 D
18 17 0 24 D
18 18 11 18 D
18 19 10 16 R
18 20 1 15 R
18 21 10 21 D
18 22 0 29 U
18 23 24 23 D
18 24 25 1 L
18 25 3 25 D
18 26 3 15 R
18 27 5 12 R
18 28 13 21 D
18 29 20 16 R
18 30 23 0 L
18 31 15 11 R
18 32 8 7 L
18 33 8 4 L
19 0 5 27 U
19 1 2 26 U
19 2 2 28 U
19 3 6 30 U
19 4 28 30 U
19 5 9 18 D
19 6 30 24 D
19 7 9 33 U
19 10 7 30 U
19 11 25 31 U
19 12 4 30 U
19 13 13 20 D
19 14 15 4 L
19 15 23 24 D
19 16 13 16 R
19 17 17 19 D
19 18 1 2 L
19 19 26 13 R
19 20 25 10 R
19 21 1 2 L
19 22 10 11 R
19 23 8 16 R
19 24 0 11 R
19 25 25 7 L
19 26 13 5 L
19 27 22 5 L
19 28 25 28 U
19 29 10 10 R
19 30 7 30 U
19 31 0 14 R
19 32 13 2 L
19 33 20 17 R
20 0 5 18 D
20 1 1 1 L
20 2 3 2 L
20 3 15 24 D
20 4 11 20 D
20 5 10 5 L
20 6 15 22 D
20 7 5 7 L
20 10 9 0 L
20 11 10 18 D
20 12 10 18 D
20 13 24 22 D
20 14 0 2 L
20 15 11 19 D
20 16 10 24 D
20 17 19 2 L
20 18 16 29 U
20 19 0 4 L
20 20 24 27 U
20 21 1 10 R
20 22 0 31 U
20 23 2 27 U
20 24 14 24 D
20 25 26 25 D
20 26 10 10 R
20 27 9 15 R
20 28 23 13 R
20 29 31 7 L
20 30 7 30 U
20 31 8 7 L
20 32 0 4 L
20 33 11 15 R
21 0 23 32 U
21 1 10 31 U
21 2 0 32 U
21 3 9 26 U
21 4 3 4 L
21 5 22 28 U
21 6 14 6 L
21 7 8 7 L
21 10 14 31 U
21 11 3 28 U
21 12 11 19 D
21 13 5 13 R
21 14 28 14 R
21 15 25 30 U
21 16 4 20 D
21 17 18 23 D
21 18 13 4 L
21 19 28 14 R
21 20 11 4 L
21 21 6 21 D
21 22 10 22 D
21 23 10 2 L
21 24 16 6 L
21 25 23 31 U
21 26 0 15 R
21 27 18 2 L
21 28 14 4 L
21 29 3 29 U
21 30 0 6 L
21 31 25 4 L
21 32 20 6 L
21 33 2 11 R
22 0 7 19 D
22 1 3 1 L
22 2 3 2 L
22 3 23 20 D
22 4 26 4 L
22 5 2 5 L
22 6 14 6 L
22 7 12 7 L
22 10 20 10 R
22 11 30 20 D
22 12 24 18 D
22 13 0 0 L
22 14 28 14 R
22 15 5 32 U
22 16 14 16 R
22 17 21 7 L
22 18 0 31 U
22 19 21 3 L
22 20 23 13 R
22 21 15 12 R
22 23 15 23 D
22 24 5 24 D
22 25 11 25 D
22 26 18 15 R
22 27 17 0 L
22 28 11 10 R
22 29 0 2 L
22 30 30 1 L
22 31 6 31 U
22 32 15 15 R
22 33 24 0 L
23 0 13 18 D
23 2 2 27 U
23 3 1 32 U
23 4 17 24 D
23 5 18 24 D
23 6 4 6 L
23 7 3 7 L
23 10 11 28 U
23 11 9 18 D
23 12 4 12 R
23 13 17 24 D
23 14 29 32 U
23 15 16 15 R
23 16 16 21 D
23 17 10 20 D
23 18 10 1 L
23 19 3 19 D
23 20 26 5 L
23 21 21 15 R
23 22 0 10 R
23 23 5 5 L
23 24 5 10 R
23 25 15 5 L
23 26 29 1 L
23 27 3 14 R
23 28 8 11 R
23 29 13 15 R
23 30 28 2 L
23 31 7 6 L
23 32 8 12 R
23 33 3 33 U
24 0 10 10 R
24 2 21 23 D
24 3 14 27 U
24 4 25 29 U
24 5 10 32 U
24 6 13 28 U
24 7 4 7 L
24 10 6 23 D
24 12 0 27 U
24 13 3 13 R
24 14 22 33 U
24 15 3 20 D
24 16 17 23 D
24 17 21 22 D
24 18 20 27 U
24 19 0 28 U
24 20 21 17 R
24 21 3 21 D
24 23 7 30 U
24 24 7 11 R
24 25 13 29 U
24 26 0 1 L
24 27 12 13 R
24 28 21 15 R
24 29 10 1 L
24 30 16 13 R
24 31 7 31 U
24 32 9 11 R
24 33 2 33 U
25 0 19 24 D
25 1 11 1 L
25 2 19 2 L
25 3 11 29 U
25 4 14 4 L
25 5 5 13 R
25 6 2 23 D
25 7 17 29 U
25 10 19 26 U
25 11 19 29 U
25 12 0 4 L
25 13 19 1 L
25 14 23 22 D
25 15 4 15 R
25 16 4 16 R
25 17 20 25 D
25 18 17 3 L
25 19 4 1 L
25 20 22 13 R
25 21 23 5 L
25 22 15 15 R
25 23 8 23 D
25 24 26 31 U
25 25 2 25 D
25 26 6 5 L
25 27 3 11 R
25 28 24 5 L
25 29 23 29 U
25 30 7 30 U
25 31 19 31 U
25 32 27 32 U
25 33 13 10 R
26 0 23 18 D
26 2 24 30 U
26 3 10 26 U
26 4 8 31 U
26 6 13 6 L
26 7 19 30 U
26 8 7 33 U
26 10 10 31 U
26 12 20 12 R
26 13 15 5 L
26 14 2 14 R
26 15 19 26 U
26 16 11 16 R
26 17 24 17 R
26 18 28 12 R
26 19 4 19 D
26 20 14 14 R
26 21 21 6 L
26 22 14 14 R
26 23 15 12 R
26 24 7 24 D
26 25 0 3 L
26 26 32 16 R
26 27 18 1 L
26 28 20 11 R
26 29 11 29 U
26 30 4 1 L
26 31 25 14 R
26 32 7 23 D
26 33 8 7 L
27 0 24 28 U
27 1 8 33 U
27 2 1 2 L
27 3 23 22 D
27 4 5 21 D
27 6 1 6 L
27 7 22 23 D
27 10 8 27 U
27 12 1 12 R
27 13 31 18 D
27 14 13 14 R
27 16 29 23 D
27 17 12 18 D
27 18 28 10 R
27 19 10 19 D
27 20 25 8 L
27 21 25 0 L
27 22 9 3 L
27 23 12 10 R
27 24 15 17 R
27 25 17 29 U
27 26 26 25 D
27 28 5 28 U
27 31 12 17 R
27 32 3 6 L
28 0 10 0 L
28 1 26 1 L
28 2 11 26 U
28 3 11 26 U
28 4 0 15 R
28 7 9 26 U
28 10 27 32 U
28 11 22 3 L
28 12 25 22 D
28 13 25 32 U
28 17 17 17 R
28 18 20 26 U
28 19 21 13 R
28 20 1 4 L
28 21 1 12 R
28 24 19 24 D
28 25 25 25 D
28 28 3 28 U
28 29 13 10 R
28 31 2 31 U
29 2 14 33 U
29 3 0 16 R
29 4 19 27 U
29 6 7 31 U
29 10 23 24 D
29 12 25 18 D
29 17 9 17 R
29 18 16 31 U
29 19 24 27 U
29 20 0 16 R
29 21 12 11 R
29 24 0 4 L
29 31 23 5 L
30 2 1 30 U
30 3 4 3 L
30 4 29 32 U
30 10 4 25 D
30 12 17 30 U
30 18 15 15 R
30 19 1 10 R
30 21 0 29 U
30 24 0 28 U
30 31 23 16 R
31 2 15 31 U
31 10 13 28 U
31 12 25 30 U
31 19 28 27 U
31 21 27 7 L
31 31 9 3 L
32 19 28 17 R
32 21 3 10 R
32 31 22 12 R
33 21 9 21 D
33 31 16 20 D

