12 10 94
0 0 0 0 0 0 0 0 9 7 0 0 3 10 0 0
0 0 0 0 10 8 0 10 0 6 0 0 1 5 0 0
0 0 0 0 0 0 0 0 0 7 0 11 9 0 0 0
0 0 0 0 0 0 0 0 0 0 7 2 8 5 0 5
0 0 0 0 0 0 0 0 5 0 1 0 0 0 0 0
0 3 0 7 0 0 9 0 0 0 0 0 0 0 0 0
0 2 0 0 0 3 0 0 6 8 0 0 0 0 0 0
0 0 1 5 0 1 11 2 0 0 0 7 0 0 0 0
6 0 0 1 0 7 0 0 0 9 7 7 0 0 0 0
0 0 0 0 0 0 0 0 0 0 0 0 0 0 0 0
0 0 0 0 0 3 1 0 0 0 0 0 0 0 0 0
6 0 0 0 0 0 0 6 0 0 0 6 0 5 0 0
0 0 0 0 0 0 0 0 3 0 0 0 0 1 0 0
0 0 6 2 0 7 0 7 11 0 0 0 8 0 0 8
0 0 0 5 0 0 0 0 0 0 0 6 4 0 0 0
0 0 0 8 0 0 0 0 0 0 0 0 0 0 0 0
0 0 0 0 U
0 1 0 1 U
0 2 0 2 R
0 3 0 3 R
0 4 0 4 D
0 5 0 5 D
0 6 0 6 D
0 7 0 7 L
0 8 0 8 L
0 9 0 9 L
1 0 0 8 L
1 1 0 2 R
1 2 0 0 U
1 3 2 3 R
1 4 0 7 L
1 5 0 1 U
1 6 6 6 D
1 7 0 4 D
1 8 2 4 D
1 9 7 5 D
2 0 4 7 L
2 1 4 3 R
2 2 7 2 R
2 3 7 6 D
2 4 1 2 R
2 5 0 2 R
2 6 5 2 R
2 7 5 4 D
2 8 4 8 L
3 0 5 3 R
3 1 6 1 U
3 2 1 2 R
3 3 8 1 U
3 4 6 7 L
3 5 1 7 L
3 6 1 6 D
3 7 0 5 D
3 8 1 5 D
4 0 1 0 U
4 1 8 9 L
4 2 0 4 D
4 3 1 5 D
4 4 3 7 L
4 5 1 8 L
4 6 1 7 L
4 7 2 5 D
4 8 3 6 D
4 9 1 4 D
5 0 6 3 R
5 1 2 1 U
5 2 2 2 R
5 3 1 4 D
5 4 4 4 D
5 5 7 3 R
5 6 3 6 D
5 7 0 0 U
5 8 1 8 L
6 0 1 3 R
6 1 0 3 R
6 2 7 0 U
6 3 1 3 R
6 4 4 7 L
6 5 1 5 D
6 6 4 7 L
6 7 0 1 U
6 8 0 2 R
7 0 3 2 R
7 1 6 3 R
7 2 0 1 U
7 3 3 0 U
7 4 6 8 L
7 5 0 8 L
7 7 1 7 L
7 8 4 8 L
7 9 0 6 D
8 0 0 7 L
8 1 11 7 L
8 2 7 1 U
8 3 2 3 R
8 4 0 0 U
8 7 7 0 U
8 8 2 8 L
9 0 8 9 L
9 1 0 5 D
9 2 0 7 L
9 3 7 0 U
9 4 0 9 L
9 8 2 2 R
10 0 9 8 L
10 2 1 9 L
10 8 0 3 R
11 0 9 2 R
11 2 2 4 D
11 8 8 0 U

