17 16 225
0 15 0 10 0 0 0 0 0 0 0 0 15
0 0 13 0 0 0 0 0 0 0 0 0 12
6 1 0 6 0 0 0 0 0 0 0 0 7
11 0 3 3 6 0 0 0 0 0 0 3 10
0 9 9 0 0 14 10 0 15 0 5 2 0
0 0 0 12 10 0 10 13 3 0 0 6 0
11 0 1 5 12 0 13 0 0 7 3 10 11
0 8 1 11 0 0 16 7 0 0 0 8 0
14 0 12 0 9 0 0 0 6 0 0 0 0
0 9 0 5 1 7 9 0 2 0 0 0 6
0 10 0 2 0 12 11 11 8 14 0 8 0
5 0 12 0 0 0 6 0 0 0 0 0 0
0 9 2 10 13 9 0 0 0 4 11 0 0
0 0 0 0 U
0 1 0 1 U
0 2 0 2 U
0 3 0 3 U
0 4 0 4 R
0 5 0 5 R
0 6 0 6 R
0 7 0 7 R
0 8 0 8 D
0 9 0 9 D
0 10 0 10 D
0 11 0 11 D
0 12 0 12 L
0 13 0 13 L
0 14 0 14 L
0 15 0 15 L
1 0 0 12 L
1 1 13 5 R
1 2 14 10 D
1 3 0 15 L
1 4 0 0 U
1 5 12 5 R
1 6 10 11 D
1 7 6 7 R
1 8 0 12 L
1 9 5 13 L
1 10 6 2 U
1 11 6 5 R
1 12 10 12 L
1 13 8 9 D
1 14 12 14 L
1 15 5 2 U
2 0 12 6 R
2 1 0 6 R
2 2 0 4 R
2 3 4 3 U
2 4 1 11 D
2 5 7 5 R
2 6 6 10 D
2 7 3 10 D
2 8 6 12 L
2 9 0 7 R
2 10 1 7 R
2 11 8 11 D
2 12 6 4 R
2 13 11 11 D
2 14 5 10 D
2 15 3 15 L
3 0 2 14 L
3 1 0 14 L
3 2 8 15 L
3 3 14 4 R
3 4 6 9 D
3 5 13 3 U
3 6 13 9 D
3 7 6 9 D
3 8 6 8 D
3 9 0 6 R
3 10 10 12 L
3 11 2 11 D
3 12 0 1 U
3 13 1 13 L
3 14 5 11 D
3 15 11 15 L
4 0 6 12 L
4 1 12 1 U
4 2 3 2 U
4 3 7 6 R
4 4 2 4 R
4 5 6 2 U
4 6 0 0 U
4 7 0 1 U
4 8 1 4 R
4 9 5 9 D
4 10 2 10 D
4 11 0 3 U
4 12 2 4 R
4 13 3 0 U
4 14 11 14 L
4 15 10 10 D
5 0 6 0 U
5 1 2 7 R
5 2 3 6 R
5 3 11 12 L
5 4 0 8 D
5 5 8 0 U
5 6 3 6 R
5 7 3 13 L
5 8 6 8 D
5 9 10 12 L
5 10 4 10 D
5 11 9 11 D
5 12 0 0 U
5 13 6 8 D
5 14 11 9 D
5 15 4 9 D
6 0 5 13 L
6 1 5 1 U
6 2 1 15 L
6 3 7 3 U
6 4 2 8 D
6 5 1 0 U
6 6 5 1 U
6 7 0 2 U
6 8 7 8 D
6 9 0 1 U
6 10 12 14 L
6 11 10 15 L
6 12 2 0 U
6 13 0 4 R
6 14 1 14 L
6 15 0 6 R
7 0 5 0 U
7 1 2 14 L
7 2 9 12 L
7 3 9 14 L
7 4 3 10 D
7 5 9 8 D
7 6 12 0 U
7 7 4 2 U
7 8 14 15 L
7 9 5 6 R
7 10 10 13 L
7 11 4 13 L
7 12 2 8 D
7 13 9 9 D
7 14 3 2 U
7 15 2 9 D
8 0 4 4 R
8 1 7 12 L
8 2 2 15 L
8 3 2 3 U
8 4 2 4 R
8 5 2 12 L
8 6 0 12 L
8 7 0 3 U
8 8 12 14 L
8 9 10 14 L
8 10 2 10 D
8 11 12 14 L
8 12 4 5 R
8 13 1 13 L
8 14 3 8 D
8 15 7 7 R
9 0 0 4 R
9 1 5 12 L
9 2 3 2 U
9 3 6 7 R
9 4 12 15 L
9 5 5 11 D
9 6 10 6 R
9 7 7 1 U
9 8 6 13 L
9 9 4 9 D
9 10 0 2 U
9 11 4 15 L
9 12 8 6 R
9 13 11 9 D
9 14 1 14 L
9 15 0 7 R
10 0 1 4 R
10 1 2 1 U
10 2 0 7 R
10 3 3 3 U
10 4 8 0 U
10 5 1 3 U
10 6 11 6 R
10 7 9 8 D
10 8 0 13 L
10 9 0 14 L
10 11 16 7 R
10 12 5 5 R
10 13 0 2 U
10 14 0 9 D
10 15 3 15 L
11 0 8 5 R
11 1 0 5 R
11 2 0 13 L
11 4 3 4 R
11 5 4 9 D
11 6 5 6 R
11 7 5 7 R
11 8 0 4 R
11 9 0 0 U
11 11 4 11 D
11 12 3 9 D
11 14 1 14 L
11 15 8 4 R
12 0 13 11 D
12 1 5 5 R
12 2 9 5 R
12 4 6 2 U
12 5 7 1 U
12 6 9 0 U
12 7 9 7 R
12 8 2 8 D
12 9 2 9 D
12 11 4 11 D
12 12 0 8 D
12 13 8 13 L
12 14 5 14 L
12 15 8 15 L
13 0 3 4 R
13 1 3 6 R
13 2 8 13 L
13 4 4 1 U
13 5 8 5 R
13 6 11 6 R
13 7 0 14 L
13 8 6 8 D
13 12 8 5 R
13 14 11 14 L
14 0 7 7 R
14 1 12 5 R
14 2 2 7 R
14 4 8 3 U
14 6 1 1 U
14 8 13 7 R
14 14 1 14 L
14 15 5 15 L
15 4 7 8 D
15 6 6 6 R
15 14 0 11 D
16 6 13 10 D
16 14 8 3 U

