22 22 400
5 1 14 14 0 11 0 2 2 0 13
9 11 2 0 2 13 16 18 17 13 11
8 0 3 3 17 14 6 9 18 16 14
0 0 0 1 11 20 0 0 19 9 0
8 4 3 1 8 0 10 4 20 0 16
6 17 11 0 14 0 1 17 0 12 2
10 0 16 2 0 0 0 0 0 0 18
0 15 13 2 0 0 0 4 0 1 2
11 14 0 7 0 0 15 5 20 1 21
0 1 5 12 13 16 2 6 0 11 3
8 12 7 0 11 9 11 3 9 4 0
0 0 0 0 R
0 1 0 1 R
0 2 0 2 R
0 3 0 3 R
0 4 0 4 R
0 5 0 5 U
0 6 0 6 U
0 7 0 7 U
0 8 0 8 U
0 9 0 9 U
0 10 0 10 U
0 11 0 11 D
0 12 0 12 D
0 13 0 13 D
0 14 0 14 D
0 15 0 15 D
0 16 0 16 D
0 17 0 17 L
0 18 0 18 L
0 19 0 19 L
0 20 0 20 L
0 21 0 21 L
1 0 5 0 R
1 1 7 5 U
1 2 2 11 D
1 3 6 15 D
1 4 7 16 D
1 5 3 20 L
1 6 5 2 R
1 7 4 3 R
1 8 11 18 L
1 9 0 14 D
1 10 6 10 U
1 11 4 11 D
1 12 9 12 D
1 13 0 4 R
1 14 4 14 D
1 15 4 15 D
1 16 5 16 D
1 17 5 17 L
1 18 2 12 D
1 19 0 12 D
1 20 15 7 U
1 21 6 16 D
2 0 1 14 D
2 1 18 6 U
2 2 8 12 D
2 3 1 14 D
2 4 8 4 R
2 5 0 17 L
2 6 4 6 U
2 7 8 7 U
2 8 3 8 U
2 9 8 17 L
2 10 8 10 U
2 11 0 2 R
2 12 12 18 L
2 13 13 19 L
2 14 3 3 R
2 15 8 15 D
2 16 3 16 D
2 17 7 5 U
2 18 3 18 L
2 19 15 6 U
2 20 12 11 D
2 21 6 15 D
3 0 0 5 U
3 1 6 12 D
3 2 10 2 R
3 3 14 3 R
3 4 1 18 L
3 5 12 5 U
3 6 8 17 L
3 7 7 18 L
3 8 0 13 D
3 9 2 9 U
3 10 9 10 U
3 11 7 1 R
3 12 0 6 U
3 13 9 13 D
3 14 12 18 L
3 15 1 3 R
3 16 12 16 D
3 17 4 17 L
3 18 18 5 U
3 19 5 19 L
3 20 0 6 U
3 21 14 21 L
4 0 0 20 L
4 1 12 5 U
4 2 5 7 U
4 3 14 8 U
4 4 3 6 U
4 5 0 0 R
4 6 1 17 L
4 7 12 7 U
4 8 6 8 U
4 9 0 11 D
4 10 17 10 U
4 11 0 5 U
4 12 2 12 D
4 13 3 0 R
4 14 0 19 L
4 15 0 21 L
4 16 3 16 D
4 17 0 11 D
4 18 7 8 U
4 19 0 8 U
4 20 17 13 D
4 21 0 15 D
5 0 2 0 R
5 1 4 9 U
5 2 3 2 R
5 3 6 6 U
5 4 14 15 D
5 5 9 0 R
5 6 13 6 U
5 7 1 20 L
5 8 1 8 U
5 9 11 12 D
5 10 15 18 L
5 11 19 17 L
5 12 0 18 L
5 13 16 19 L
5 14 12 10 U
5 15 0 10 U
5 16 10 17 L
5 17 0 9 U
5 18 13 5 U
5 19 7 19 L
5 20 3 14 D
5 21 9 21 L
6 0 7 12 D
6 1 13 16 D
6 2 11 16 D
6 3 7 14 D
6 4 19 13 D
6 5 8 12 D
6 6 11 21 L
6 7 8 19 L
6 8 12 2 R
6 9 1 20 L
6 10 7 10 U
6 11 13 20 L
6 12 1 18 L
6 13 3 13 D
6 14 0 5 U
6 15 1 19 L
6 16 0 18 L
6 17 12 12 D
6 18 0 0 R
6 19 1 13 D
6 20 12 6 U
6 21 1 9 U
7 0 5 8 U
7 1 4 1 R
7 2 13 15 D
7 3 0 21 L
7 4 3 4 R
7 5 8 17 L
7 6 9 19 L
7 7 8 7 U
7 8 2 17 L
7 9 2 9 U
7 10 8 21 L
7 11 13 21 L
7 12 12 19 L
7 13 1 17 L
7 14 15 2 R
7 15 12 21 L
7 16 4 21 L
7 17 3 6 U
7 18 11 8 U
7 19 15 5 U
7 20 5 3 R
7 21 9 10 U
8 0 13 12 D
8 1 12 13 D
8 2 5 13 D
8 3 7 12 D
8 4 2 12 D
8 5 9 4 R
8 6 4 6 U
8 7 11 17 L
8 8 9 1 R
8 9 6 9 U
8 10 9 10 U
8 11 5 11 D
8 12 14 17 L
8 13 11 3 R
8 14 2 14 D
8 15 1 15 D
8 16 12 16 D
8 17 3 0 R
8 18 17 6 U
8 19 11 11 D
8 20 16 10 U
8 21 11 21 L
9 0 8 11 D
9 1 3 15 D
9 2 1 2 R
9 3 0 10 U
9 4 3 13 D
9 5 10 21 L
9 6 10 3 R
9 7 10 7 U
9 8 8 8 U
9 9 13 9 U
9 10 4 10 U
9 11 11 0 R
9 12 5 0 R
9 13 15 20 L
9 14 17 14 D
9 15 5 2 R
9 16 5 16 D
9 17 6 14 D
9 18 5 18 L
9 19 10 12 D
9 20 4 11 D
9 21 10 8 U
10 0 2 13 D
10 1 7 1 R
10 2 2 13 D
10 3 9 7 U
10 4 7 9 U
10 5 13 0 R
10 6 0 1 R
10 7 1 1 R
10 8 17 2 R
10 9 12 4 R
10 10 11 1 R
10 11 3 6 U
10 12 9 0 R
10 13 15 13 D
10 14 3 19 L
10 15 5 20 L
10 16 9 16 D
10 17 4 16 D
10 18 4 15 D
10 19 15 3 R
10 20 12 20 L
10 21 4 21 L
11 0 0 14 D
11 1 6 15 D
11 2 0 17 L
11 3 1 9 U
11 4 3 4 R
11 5 10 1 R
11 6 0 2 R
11 7 7 7 U
11 8 13 21 L
11 9 0 19 L
11 10 2 20 L
11 11 2 0 R
11 12 5 3 R
11 13 2 18 L
11 14 3 14 D
11 15 0 3 R
11 16 9 4 R
11 17 3 8 U
11 18 16 11 D
11 19 9 13 D
11 20 10 15 D
11 21 5 21 L
12 0 14 5 U
12 1 15 11 D
12 2 16 10 U
12 3 7 7 U
12 4 5 4 R
12 5 15 17 L
12 6 0 19 L
12 7 0 13 D
12 8 11 8 U
12 9 0 16 D
12 10 5 0 R
12 11 0 17 L
12 12 2 12 D
12 13 17 3 R
12 14 14 20 L
12 15 13 7 U
12 16 6 0 R
12 17 13 11 D
12 18 15 8 U
12 19 18 12 D
12 20 15 8 U
12 21 16 9 U
13 0 15 9 U
13 1 11 8 U
13 2 2 7 U
13 3 7 5 U
13 4 0 21 L
13 5 6 2 R
13 6 10 18 L
13 7 12 19 L
13 8 6 20 L
13 9 11 15 D
13 10 1 10 U
13 11 8 6 U
13 12 2 4 R
13 13 8 7 U
13 14 8 0 R
13 15 9 15 D
13 16 14 3 R
13 17 10 11 D
13 18 11 13 D
13 19 8 14 D
13 20 2 9 U
13 21 0 16 D
14 0 0 19 L
14 1 6 5 U
14 2 16 2 R
14 3 8 8 U
14 4 5 4 R
14 5 12 5 U
14 6 0 21 L
14 7 18 19 L
14 8 18 3 R
14 9 6 21 L
14 10 1 4 R
14 11 0 1 R
14 12 4 18 L
14 13 0 20 L
14 14 1 18 L
14 15 5 10 U
14 16 1 16 D
14 17 6 1 R
14 18 7 6 U
14 19 12 7 U
14 20 0 7 U
14 21 2 15 D
15 0 17 5 U
15 1 5 11 D
15 2 14 14 D
15 5 16 5 U
15 6 10 6 U
15 7 0 14 D
15 8 16 17 L
15 10 8 0 R
15 11 2 19 L
15 12 12 21 L
15 13 7 1 R
15 14 14 3 R
15 15 2 15 D
15 16 12 2 R
15 17 11 2 R
15 18 0 5 U
15 19 10 14 D
15 20 9 5 U
15 21 1 10 U
16 0 5 14 D
16 1 19 6 U
16 5 3 2 R
16 6 11 2 R
16 7 0 12 D
16 10 13 16 D
16 11 5 18 L
16 12 3 12 D
16 13 5 4 R
16 14 4 20 L
16 15 2 8 U
16 16 5 3 R
16 17 11 17 L
16 18 5 12 D
16 19 14 15 D
16 21 0 2 R
17 0 10 6 U
17 5 2 1 R
17 6 18 18 L
17 7 8 2 R
17 10 6 21 L
17 11 15 8 U
17 12 12 20 L
17 13 0 7 U
17 14 3 14 D
17 16 15 16 D
17 17 18 9 U
17 19 16 1 R
17 21 16 4 R
18 0 19 11 D
18 1 17 13 D
18 5 13 1 R
18 7 2 7 U
18 10 19 10 U
18 11 11 20 L
18 12 12 1 R
18 16 4 18 L
18 17 15 15 D
18 21 3 21 L
19 0 18 10 U
19 5 1 18 L
19 6 7 17 L
19 10 3 10 U
19 11 5 11 D
19 16 13 16 D
19 17 20 10 U
20 0 19 0 R
20 10 17 10 U
20 16 5 0 R
20 17 10 14 D
21 0 17 7 U

