15 15 188
3 11 1 0 11 2 10 4 5 1 5 2
0 10 13 13 12 1 9 0 8 0 10 6
1 11 0 6 0 0 1 12 0 0 0 8
4 0 0 6 0 0 1 0 9 9 10 12
4 0 2 3 0 1 8 0 8 0 7 0
0 12 0 14 1 0 0 0 0 0 11 0
0 0 2 12 0 1 0 0 0 13 12 0
11 0 0 3 11 0 0 0 5 0 0 13
12 13 0 9 0 0 0 14 0 12 0 0
12 0 7 0 0 11 0 0 10 11 0 0
11 9 9 0 3 0 10 2 2 0 11 3
10 1 3 0 0 4 0 0 3 7 8 10
0 0 0 0 U
0 1 0 1 U
0 2 0 2 U
0 3 0 3 U
0 4 0 4 R
0 5 0 5 R
0 6 0 6 R
0 7 0 7 R
0 8 0 8 D
0 9 0 9 D
0 10 0 10 D
0 11 0 11 D
0 12 0 12 L
0 13 0 13 L
0 14 0 14 L
1 0 6 7 R
1 1 4 1 U
1 2 0 5 R
1 3 0 9 D
1 4 4 10 D
1 5 0 13 L
1 6 4 9 D
1 7 5 7 R
1 8 10 8 D
1 9 0 5 R
1 10 2 10 D
1 11 2 11 D
1 12 9 11 D
1 13 0 2 U
1 14 0 4 R
2 0 4 0 U
2 1 0 9 D
2 2 1 2 U
2 3 6 14 L
2 4 0 12 L
2 5 0 10 D
2 6 1 2 U
2 7 0 8 D
2 8 0 12 L
2 9 0 6 R
2 10 0 12 L
2 11 0 2 U
2 12 0 0 U
2 13 3 13 L
2 14 1 14 L
3 0 4 0 U
3 1 9 7 R
3 2 1 10 D
3 4 0 0 U
3 5 8 0 U
3 6 8 11 D
3 7 5 1 U
3 8 6 14 L
3 9 7 9 D
3 10 7 12 L
3 11 6 11 D
3 12 0 1 U
3 13 0 9 D
3 14 0 0 U
4 0 0 12 L
4 1 3 1 U
4 2 5 12 L
4 3 5 7 R
4 4 2 4 R
4 5 12 3 U
4 7 0 14 L
4 8 0 4 R
4 9 3 12 L
4 10 3 10 D
4 11 8 0 U
4 12 10 10 D
4 13 0 6 R
4 14 1 14 L
5 0 0 13 L
5 1 9 13 L
5 2 9 4 R
5 3 0 6 R
5 4 1 4 R
5 5 2 2 U
5 6 0 2 U
5 7 2 7 R
5 8 0 3 U
5 9 3 0 U
5 10 0 4 R
5 11 6 11 D
5 12 1 7 R
5 13 2 1 U
5 14 0 2 U
6 0 11 13 L
6 1 2 1 U
6 2 4 2 U
6 3 3 3 U
6 4 1 4 R
6 5 2 0 U
6 6 3 8 D
6 7 4 9 D
6 8 0 14 L
6 9 7 9 D
6 10 1 10 D
6 11 0 13 L
6 12 1 9 D
6 13 1 0 U
6 14 1 14 L
7 0 5 12 L
7 1 0 8 D
7 2 9 12 L
7 3 3 3 U
7 4 2 4 R
7 5 1 8 D
7 7 11 11 D
7 8 10 14 L
7 9 10 2 U
7 10 2 6 R
7 11 2 11 D
7 12 5 8 D
7 13 5 2 U
7 14 5 14 L
8 0 0 14 L
8 1 2 7 R
8 2 0 11 D
8 3 9 3 U
8 4 7 8 D
8 5 3 5 R
8 6 4 6 R
8 7 2 7 R
8 8 4 8 D
8 9 6 9 D
8 10 3 1 U
8 11 0 1 U
8 12 9 2 U
8 13 9 10 D
8 14 1 5 R
9 0 0 8 D
9 1 4 5 R
9 2 0 7 R
9 4 0 9 D
9 5 3 1 U
9 6 11 6 R
9 7 2 7 R
9 8 5 4 R
9 9 12 12 L
9 10 5 10 D
9 11 8 11 D
9 12 6 9 D
9 14 8 14 L
10 0 4 9 D
10 1 1 12 L
10 2 8 4 R
10 4 5 1 U
10 5 7 5 R
10 7 0 11 D
10 8 6 13 L
10 9 8 3 U
10 10 1 7 R
10 11 0 3 U
10 12 2 12 L
10 13 8 0 U
10 14 7 8 D
11 0 8 4 R
11 1 3 13 L
11 2 7 14 L
11 4 5 10 D
11 5 3 11 D
11 7 9 7 R
11 8 1 14 L
11 9 6 9 D
11 10 3 10 D
11 11 1 11 D
11 12 6 1 U
11 13 8 13 L
11 14 7 10 D
12 0 1 4 R
12 2 1 2 U
12 4 0 13 L
12 5 0 9 D
12 8 8 12 L
12 9 11 9 D
12 10 2 10 D
12 11 11 11 D
12 13 0 8 D
12 14 11 6 R
13 2 2 5 R
13 4 7 0 U
13 5 1 5 R
13 9 11 9 D
13 14 1 0 U
14 4 1 10 D
14 14 7 14 L

