9 10 72
0 0 0 0 0 0 0 0 6 0
0 0 0 0 0 0 0 0 5 6
0 0 0 0 0 6 0 0 0 5
7 0 0 0 0 0 0 0 4 0
2 0 0 0 0 0 0 0 6 4
4 0 0 0 0 0 0 0 5 7
3 3 0 0 0 0 0 2 0 1
2 0 8 0 0 0 0 0 5 6
7 0 0 0 0 0 0 0 0 0
5 5 7 2 0 0 0 4 0 6
0 0 0 0 L
0 1 0 1 L
0 2 0 2 R
0 3 0 3 R
0 4 0 4 D
0 5 0 5 D
0 6 0 6 D
0 7 0 7 U
0 8 0 8 U
0 9 0 9 U
1 0 0 4 D
1 1 5 7 U
1 2 0 8 U
1 3 4 7 U
1 4 2 3 R
1 5 3 0 L
1 6 5 1 L
1 7 0 2 R
1 8 0 0 L
1 9 2 9 U
2 0 1 4 D
2 1 0 2 R
2 2 0 4 D
2 3 1 3 R
2 4 1 1 L
2 5 3 5 D
2 6 0 3 R
2 7 3 1 L
2 8 4 1 L
2 9 4 9 U
3 0 0 7 U
3 1 1 2 R
3 2 0 9 U
3 3 4 6 D
3 4 0 7 U
3 5 0 0 L
3 6 4 6 D
3 7 4 7 U
3 8 2 3 R
3 9 1 4 D
4 0 2 2 R
4 1 1 1 L
4 2 1 7 U
4 3 1 5 D
4 4 0 0 L
4 5 1 5 D
4 6 2 6 D
4 7 2 0 L
4 8 5 8 U
4 9 6 1 L
5 0 3 5 D
5 1 4 6 D
5 2 3 8 U
5 3 3 3 R
5 4 0 2 R
5 5 2 5 D
5 6 2 0 L
5 7 3 7 U
5 8 3 2 R
5 9 1 9 U
6 0 1 8 U
6 1 2 3 R
6 2 0 5 D
6 3 5 4 D
6 4 3 1 L
6 5 5 1 L
6 7 0 5 D
7 0 0 6 D
7 4 3 4 D
7 5 5 8 U
7 7 6 7 U
8 0 5 0 L

