18 19 296
0 0 3 0 0 0 0 0 0 0 0 0 6
6 16 17 0 0 0 0 0 0 15 0 0 4
0 0 8 2 16 0 13 8 0 1 5 0 7
11 12 13 0 0 3 3 0 0 0 0 8 4
0 0 10 0 16 0 1 0 6 0 5 0 0
0 0 7 16 0 8 0 14 0 13 0 15 0
0 0 0 0 0 16 0 0 5 0 2 13 12
0 0 0 0 0 17 17 0 0 0 0 0 17
12 0 0 0 0 17 0 0 0 0 9 0 8
14 0 0 0 0 9 7 0 0 0 3 6 5
0 0 15 3 16 0 15 0 0 0 0 0 15
3 16 2 12 0 0 1 0 0 0 0 0 15
16 0 0 0 13 14 8 0 0 0 0 0 13
0 0 0 0 L
0 1 0 1 L
0 2 0 2 L
0 3 0 3 L
0 4 0 4 R
0 5 0 5 R
0 6 0 6 R
0 7 0 7 R
0 8 0 8 R
0 9 0 9 D
0 10 0 10 D
0 11 0 11 D
0 12 0 12 D
0 13 0 13 D
0 14 0 14 U
0 15 0 15 U
0 16 0 16 U
0 17 0 17 U
0 18 0 18 U
1 0 6 10 D
1 1 3 1 L
1 2 2 10 D
1 3 12 17 U
1 4 0 0 L
1 5 13 11 D
1 6 10 10 D
1 7 9 7 R
1 8 3 8 R
1 9 5 4 R
1 10 5 6 R
1 11 2 5 R
1 12 4 7 R
1 13 14 4 R
1 14 12 4 R
1 15 11 0 L
1 16 2 16 U
1 17 0 7 R
1 18 3 18 U
2 0 0 5 R
2 1 12 18 U
2 2 10 16 U
2 3 8 9 D
2 4 9 15 U
2 5 4 10 D
2 6 8 6 R
2 7 5 17 U
2 8 3 15 U
2 9 4 1 L
2 10 12 14 U
2 11 0 8 R
2 12 10 12 D
2 13 7 13 D
2 14 8 0 L
2 15 17 0 L
2 16 5 7 R
2 17 1 6 R
2 18 12 4 R
3 0 6 16 U
3 1 10 11 D
3 2 2 2 L
3 3 1 3 L
3 4 6 10 D
3 5 9 14 U
3 6 16 9 D
3 7 5 7 R
3 8 4 8 R
3 9 13 4 R
3 10 0 6 R
3 11 11 5 R
3 12 14 12 D
3 13 10 0 L
3 14 14 14 U
3 15 5 5 R
3 16 7 1 L
3 17 6 17 U
3 18 10 7 R
4 0 3 17 U
4 1 0 15 U
4 2 10 14 U
4 3 7 10 D
4 4 3 4 R
4 5 0 2 L
4 6 6 12 D
4 7 5 10 D
4 8 2 3 L
4 9 0 4 R
4 10 5 7 R
4 11 8 11 D
4 12 14 17 U
4 13 7 13 D
4 14 0 0 L
4 15 6 15 U
4 16 10 16 U
4 17 7 7 R
4 18 3 6 R
5 0 12 13 D
5 1 1 9 D
5 2 2 16 U
5 3 1 18 U
5 4 10 4 R
5 5 9 10 D
5 6 10 13 D
5 7 6 7 R
5 8 3 8 R
5 9 12 2 L
5 10 11 3 L
5 11 4 7 R
5 12 0 15 U
5 13 13 13 D
5 14 0 10 D
5 15 8 15 U
5 16 4 0 L
5 17 11 2 L
5 18 4 18 U
6 0 7 15 U
6 1 0 10 D
6 2 15 9 D
6 3 1 17 U
6 4 8 12 D
6 5 5 9 D
6 6 5 13 D
6 7 10 1 L
6 8 0 2 L
6 9 2 9 D
6 10 10 5 R
6 11 8 11 D
6 12 5 12 D
6 13 11 13 D
6 14 5 4 R
6 15 3 0 L
6 16 13 16 U
6 17 4 5 R
6 18 2 2 L
7 0 2 18 U
7 1 0 18 U
7 2 1 2 L
7 3 1 3 L
7 4 1 4 R
7 5 12 12 D
7 6 1 6 R
7 7 16 2 L
7 8 2 8 R
7 9 0 17 U
7 10 15 6 R
7 11 5 11 D
7 12 12 0 L
7 13 10 13 D
7 14 5 1 L
7 15 1 5 R
7 16 6 1 L
7 17 11 17 U
7 18 5 18 U
8 0 0 16 U
8 1 13 16 U
8 2 6 11 D
8 3 2 12 D
8 4 11 9 D
8 5 7 5 R
8 6 3 6 R
8 7 9 7 R
8 9 1 0 L
8 10 5 10 D
8 11 4 11 D
8 12 7 7 R
8 13 3 13 D
8 14 0 4 R
8 15 0 3 L
8 16 1 16 U
8 17 3 5 R
8 18 10 18 U
9 0 0 17 U
9 1 4 1 L
9 2 2 15 U
9 3 8 15 U
9 4 11 13 D
9 5 5 17 U
9 6 6 11 D
9 7 12 10 D
9 9 0 2 L
9 10 3 8 R
9 11 8 4 R
9 12 4 12 D
9 13 3 6 R
9 14 5 3 L
9 15 0 9 D
9 16 10 16 U
9 17 12 11 D
9 18 14 5 R
10 0 3 12 D
10 1 9 13 D
10 2 3 2 L
10 3 13 18 U
10 4 13 0 L
10 5 0 14 U
10 6 3 2 L
10 9 5 7 R
10 10 12 4 R
10 11 5 11 D
10 12 1 12 D
10 13 9 5 R
10 14 11 6 R
10 15 0 5 R
10 16 2 16 U
10 17 4 3 L
10 18 9 18 U
11 0 8 14 U
11 1 0 14 U
11 2 8 2 L
11 3 8 14 U
11 4 10 2 L
11 5 0 11 D
11 6 0 9 D
11 7 13 12 D
11 9 0 5 R
11 10 3 6 R
11 11 13 11 D
11 12 5 12 D
11 13 2 0 L
11 14 15 2 L
11 15 10 6 R
11 16 0 7 R
11 17 0 2 L
11 18 7 18 U
12 0 0 9 D
12 1 8 1 L
12 2 7 14 U
12 3 4 3 L
12 4 0 13 D
12 5 3 16 U
12 6 14 1 L
12 7 0 17 U
12 9 10 0 L
12 10 0 1 L
12 11 1 1 L
12 12 0 16 U
12 13 7 13 D
12 14 1 5 R
12 15 6 7 R
12 16 5 4 R
12 17 3 2 L
12 18 0 5 R
13 0 5 12 D
13 1 3 1 L
13 2 5 11 D
13 3 9 3 L
13 4 9 14 U
13 5 10 0 L
13 6 4 14 U
13 7 0 1 L
13 9 0 0 L
13 10 7 17 U
13 11 9 4 R
13 12 5 12 D
13 13 14 6 R
13 14 1 7 R
13 15 5 15 U
13 16 2 16 U
13 17 3 0 L
13 18 7 3 L
14 0 2 17 U
14 1 13 15 U
14 2 3 17 U
14 3 5 13 D
14 4 13 3 L
14 5 8 3 L
14 6 0 15 U
14 9 0 14 U
14 10 1 5 R
14 11 4 14 U
14 12 5 18 U
14 15 1 15 U
14 16 1 6 R
14 18 7 0 L
15 0 12 0 L
15 1 8 9 D
15 2 6 6 R
15 4 1 0 L
15 5 14 1 L
15 6 7 10 D
15 10 5 1 L
15 11 6 18 U
15 12 14 5 R
15 16 0 11 D
16 0 2 5 R
16 2 2 2 L
16 4 15 11 D
16 5 2 5 R
16 6 9 13 D
16 10 7 10 D
16 11 14 17 U
16 16 0 1 L
17 0 11 11 D
17 4 14 3 L
17 10 10 10 D
17 11 3 4 R
17 16 13 3 L

