15 13 154
8 0 0 1 5 14 0 0 0 0
6 10 12 0 0 9 8 0 0 2
3 0 0 13 0 0 0 10 0 12
0 9 13 11 12 12 0 0 0 0
0 0 0 0 0 0 1 0 11 7
0 0 0 0 0 0 8 10 0 8
0 0 0 4 0 0 0 12 13 0
0 0 0 0 0 0 0 0 0 0
0 11 0 0 0 10 2 11 9 0
5 5 13 10 10 0 12 0 0 5
0 0 0 0 R
0 1 0 1 R
0 2 0 2 R
0 3 0 3 U
0 4 0 4 U
0 5 0 5 U
0 6 0 6 U
0 7 0 7 D
0 8 0 8 D
0 9 0 9 D
0 10 0 10 L
0 11 0 11 L
0 12 0 12 L
1 0 3 7 D
1 1 5 9 D
1 2 0 7 D
1 3 9 2 R
1 4 7 0 R
1 5 8 12 L
1 6 0 8 D
1 7 6 7 D
1 8 6 8 D
1 9 6 9 D
1 10 2 7 D
1 11 2 7 D
1 12 8 12 L
2 0 4 6 U
2 1 6 1 R
2 2 5 11 L
2 3 0 2 R
2 4 0 9 D
2 5 1 12 L
2 6 9 11 L
2 7 4 0 R
2 8 4 8 D
2 9 6 9 D
2 10 7 7 D
2 11 1 9 D
2 12 4 12 L
3 0 0 3 U
3 1 7 3 U
3 2 2 9 D
3 3 1 10 L
3 4 1 10 L
3 5 1 11 L
3 6 2 6 U
3 7 0 1 R
3 8 4 0 R
3 9 10 0 R
3 10 0 3 U
3 11 0 2 R
3 12 2 8 D
4 0 7 4 U
4 1 0 4 U
4 2 1 2 R
4 3 0 10 L
4 4 0 0 R
4 5 3 5 U
4 7 9 3 U
4 8 3 11 L
4 9 0 12 L
4 10 7 3 U
4 11 6 3 U
4 12 3 5 U
5 0 7 8 D
5 1 3 9 D
5 3 10 10 L
5 4 6 10 L
5 5 3 11 L
5 7 0 3 U
5 8 10 3 U
5 9 6 9 D
5 10 1 3 U
5 11 4 11 L
5 12 3 12 L
6 0 1 0 R
6 1 5 1 R
6 2 3 2 R
6 3 2 10 L
6 4 5 4 U
6 5 1 5 U
6 7 9 1 R
6 8 10 8 D
6 9 4 0 R
6 10 0 9 D
6 11 3 8 D
6 12 4 12 L
7 0 6 7 D
7 1 0 10 L
7 2 1 9 D
7 3 0 1 R
7 4 11 11 L
7 5 0 11 L
7 7 9 10 L
7 8 4 12 L
7 9 0 2 R
7 10 11 7 D
7 11 1 11 L
7 12 3 4 U
8 0 7 6 U
8 1 5 8 D
8 2 1 8 D
8 3 9 0 R
8 4 11 1 R
8 7 7 12 L
8 8 6 10 L
8 9 5 11 L
8 10 1 1 R
8 11 0 0 R
8 12 0 7 D
9 0 0 8 D
9 1 8 3 U
9 3 1 0 R
9 4 4 4 U
9 7 6 5 U
9 8 0 3 U
9 9 6 9 D
9 10 3 4 U
9 11 6 11 L
9 12 10 9 D
10 0 4 7 D
10 1 6 1 R
10 2 9 2 R
10 3 5 1 R
10 4 2 1 R
10 7 5 5 U
10 8 7 1 R
10 9 0 4 U
10 10 9 5 U
10 11 12 0 R
10 12 2 5 U
11 0 5 4 U
11 1 1 1 R
11 3 6 0 R
11 6 8 0 R
11 7 6 7 D
11 8 6 8 D
11 9 4 2 R
11 10 8 8 D
11 11 2 8 D
11 12 1 8 D
12 1 2 1 R
12 3 1 11 L
12 7 0 6 U
12 8 7 8 D
12 9 7 9 D
12 10 3 0 R
12 11 14 4 U
13 3 2 7 D
13 7 0 10 L
13 9 4 4 U
13 10 12 3 U
14 3 7 12 L
14 9 9 9 D

