20 21 340
9 0 1 0 15 0 11 0 0 10 0 1 16
0 15 0 15 16 15 0 7 0 0 0 11 0
0 0 0 0 2 16 12 9 0 7 0 14 0
6 0 5 4 0 14 15 0 11 0 14 0 0
12 0 13 0 16 0 0 0 5 0 0 15 0
4 10 0 0 0 0 9 3 0 18 0 4 0
0 2 3 1 14 15 0 10 7 0 13 7 0
12 16 0 10 0 0 6 6 8 5 0 0 0
0 0 0 14 17 17 0 6 10 0 10 0 0
0 0 0 15 2 6 6 6 5 0 11 0 0
14 16 16 13 0 0 4 0 13 2 0 0 0
14 0 0 0 0 0 0 6 4 13 2 0 0
5 0 0 0 0 0 0 5 0 7 10 15 14
0 0 0 0 D
0 1 0 1 D
0 2 0 2 D
0 3 0 3 D
0 4 0 4 D
0 5 0 5 R
0 6 0 6 R
0 7 0 7 R
0 8 0 8 R
0 9 0 9 R
0 10 0 10 U
0 11 0 11 U
0 12 0 12 U
0 13 0 13 U
0 14 0 14 U
0 15 0 15 U
0 16 0 16 L
0 17 0 17 L
0 18 0 18 L
0 19 0 19 L
0 20 0 20 L
1 0 15 11 U
1 1 0 5 R
1 2 2 2 D
1 3 8 3 D
1 4 8 20 L
1 5 7 10 U
1 6 2 11 U
1 7 5 0 D
1 8 0 11 U
1 9 5 3 D
1 10 13 6 R
1 11 2 17 L
1 12 0 2 D
1 13 12 13 U
1 14 2 14 U
1 15 12 20 L
1 16 9 0 D
1 17 5 17 L
1 18 7 18 L
1 19 12 4 D
1 20 17 0 D
2 0 0 15 U
2 1 0 20 L
2 2 6 2 D
2 3 3 3 D
2 4 4 4 D
2 5 11 11 U
2 6 0 1 D
2 7 7 12 U
2 8 3 8 R
2 9 5 10 U
2 10 12 10 U
2 11 0 3 D
2 12 9 20 L
2 13 16 17 L
2 14 0 16 L
2 15 0 9 R
2 16 7 16 L
2 17 9 3 D
2 18 0 5 R
2 19 10 15 U
2 20 11 10 U
3 0 1 17 L
3 1 12 1 D
3 2 12 7 R
3 3 0 10 U
3 4 4 4 D
3 5 0 0 D
3 6 13 4 D
3 7 0 0 D
3 8 6 4 D
3 9 4 11 U
3 10 0 5 R
3 11 5 11 U
3 12 1 16 L
3 13 1 7 R
3 14 10 19 L
3 15 5 16 L
3 16 7 1 D
3 17 6 12 U
3 18 1 18 L
3 19 5 14 U
3 20 8 20 L
4 0 0 12 U
4 1 14 19 L
4 2 15 16 L
4 3 14 10 U
4 4 13 4 D
4 5 12 14 U
4 6 6 6 R
4 7 9 7 R
4 8 2 8 R
4 9 0 12 U
4 10 11 8 R
4 11 2 11 U
4 12 8 8 R
4 13 10 13 U
4 14 3 14 U
4 15 1 15 U
4 16 9 9 R
4 17 13 12 U
4 18 1 18 L
4 19 11 19 L
4 20 2 20 L
5 0 0 19 L
5 1 3 17 L
5 2 3 2 D
5 3 2 11 U
5 4 12 6 R
5 5 0 2 D
5 6 4 2 D
5 7 9 7 R
5 8 1 2 D
5 9 9 18 L
5 10 1 5 R
5 11 8 19 L
5 12 0 18 L
5 13 11 13 U
5 14 7 9 R
5 15 8 15 U
5 16 8 5 R
5 17 3 17 L
5 18 0 4 D
5 19 2 9 R
5 20 4 0 D
6 0 13 18 L
6 1 3 13 U
6 2 4 2 D
6 3 0 16 L
6 4 13 19 L
6 5 10 13 U
6 6 12 1 D
6 7 14 3 D
6 8 8 8 R
6 9 14 14 U
6 10 12 0 D
6 11 3 16 L
6 12 8 12 U
6 13 2 5 R
6 14 7 14 U
6 15 1 18 L
6 16 10 3 D
6 17 0 3 D
6 18 7 5 R
6 19 4 19 L
6 20 7 20 L
7 0 2 16 L
7 1 5 1 D
7 2 4 19 L
7 3 6 16 L
7 4 1 4 D
7 5 0 14 U
7 6 5 6 R
7 7 5 16 L
7 8 10 10 U
7 9 2 9 R
7 10 0 1 D
7 11 10 1 D
7 12 6 5 R
7 13 2 9 R
7 14 0 18 L
7 15 12 15 U
7 16 1 1 D
7 17 4 17 L
7 18 11 1 D
7 19 15 19 L
7 20 2 5 R
8 0 2 6 R
8 1 3 1 D
8 2 3 9 R
8 3 9 3 D
8 4 12 5 R
8 5 4 0 D
8 6 0 3 D
8 7 4 17 L
8 8 5 8 R
8 9 13 9 R
8 10 5 16 L
8 11 11 18 L
8 12 6 12 U
8 13 12 0 D
8 14 1 14 U
8 15 6 15 U
8 16 14 11 U
8 17 3 1 D
8 18 0 12 U
8 19 4 19 L
8 20 5 12 U
9 0 8 5 R
9 1 0 7 R
9 2 11 2 D
9 3 5 3 D
9 4 14 10 U
9 5 4 3 D
9 6 14 2 D
9 7 2 1 D
9 8 5 20 L
9 9 11 9 R
9 10 0 7 R
9 11 7 1 D
9 12 0 6 R
9 13 2 13 U
9 14 4 14 U
9 15 1 6 R
9 16 0 6 R
9 17 8 2 D
9 18 13 18 L
9 19 10 7 R
9 20 10 20 L
10 0 14 0 D
10 1 3 1 D
10 2 0 11 U
10 3 5 3 D
10 4 0 9 R
10 5 5 11 U
10 6 0 10 U
10 7 12 4 D
10 8 8 4 D
10 9 9 2 D
10 10 6 0 D
10 11 4 20 L
10 12 7 9 R
10 13 3 16 L
10 14 3 14 U
10 15 12 15 U
10 16 4 16 L
10 17 4 17 L
10 18 7 18 L
10 19 0 9 R
10 20 5 20 L
11 0 10 18 L
11 1 0 17 L
11 2 9 2 D
11 3 0 13 U
11 4 1 4 D
11 5 16 0 D
11 6 1 6 R
11 7 14 7 R
11 8 6 15 U
11 9 7 9 R
11 10 9 9 R
11 11 0 17 L
11 12 2 17 L
11 13 1 8 R
11 14 5 0 D
11 15 1 15 U
11 16 10 10 U
11 17 2 1 D
11 18 3 18 L
11 19 2 3 D
12 0 4 0 D
12 1 9 1 D
12 2 0 8 R
12 3 14 6 R
12 4 6 4 D
12 5 4 11 U
12 6 1 15 U
12 7 0 4 D
12 8 1 1 D
12 9 13 9 R
12 10 0 0 D
12 11 9 0 D
12 12 9 12 U
12 13 10 13 U
12 14 14 17 L
12 15 11 7 R
12 16 7 11 U
12 17 8 14 U
12 18 10 14 U
12 19 9 13 U
12 20 11 3 D
13 0 0 16 L
13 1 12 7 R
13 2 0 19 L
13 3 6 3 D
13 4 3 11 U
13 5 1 19 L
13 6 10 15 U
13 7 7 7 R
13 8 3 8 R
13 9 8 9 R
13 10 4 10 U
13 11 6 6 R
13 12 10 4 D
13 13 11 18 L
13 14 7 14 U
13 15 3 15 U
13 16 8 14 U
13 17 0 10 U
13 18 8 13 U
13 19 12 12 U
14 0 12 10 U
14 1 13 5 R
14 2 5 2 D
14 3 3 15 U
14 4 4 4 D
14 5 17 12 U
14 6 3 10 U
14 7 7 3 D
14 9 1 3 D
14 10 6 17 L
14 11 1 11 U
14 12 2 12 U
14 13 7 20 L
14 14 11 14 U
14 16 19 10 U
14 17 16 6 R
14 18 0 13 U
14 19 5 8 R
15 0 11 0 D
15 1 0 18 L
15 2 0 16 L
15 4 13 5 R
15 5 1 2 D
15 6 4 13 U
15 7 4 4 D
15 9 7 0 D
15 10 13 9 R
15 11 13 4 D
15 12 1 12 U
15 14 3 7 R
15 18 5 3 D
15 19 0 10 U
16 0 0 5 R
16 1 4 12 U
16 2 5 2 D
16 4 13 14 U
16 6 2 0 D
16 10 5 1 D
16 11 14 16 L
16 12 6 1 D
16 17 15 4 D
16 18 12 11 U
17 1 13 16 L
17 6 0 18 L
17 11 15 7 R
17 18 6 11 U
18 1 10 20 L
19 1 2 16 L

