16 8 115
12 0 0 0 0 0 12 14 0 2
9 0 0 13 10 0 0 9 0 12
12 0 0 0 15 11 0 0 0 7
0 0 6 1 0 6 13 0 1 0
10 0 3 15 0 0 13 0 0 7
7 13 0 0 3 0 11 13 0 4
0 0 0 0 6 0 0 2 0 0
0 0 0 3 0 0 0 1 0 0
0 0 8 3 0 0 15 0 2 0
3 1 0 0 10 14 8 5 0 5
0 0 0 0 L
0 1 0 1 L
0 2 0 2 R
0 3 0 3 R
0 4 0 4 D
0 5 0 5 D
0 6 0 6 U
0 7 0 7 U
1 0 6 2 R
1 1 4 1 L
1 2 0 4 D
1 3 0 5 D
1 4 0 6 U
1 5 9 5 D
1 6 2 4 D
1 7 4 7 U
2 0 8 5 D
2 1 4 2 R
2 2 0 6 U
2 3 6 4 D
2 4 0 0 L
2 5 1 5 D
2 6 6 1 L
2 7 1 7 U
3 0 1 0 L
3 1 8 1 L
3 2 11 2 R
3 3 2 4 D
3 4 1 7 U
3 5 2 5 D
3 6 0 2 R
3 7 10 0 L
4 0 0 4 D
4 1 0 2 R
4 2 2 6 U
4 3 5 6 U
4 4 6 4 D
4 5 8 5 D
4 6 0 1 L
4 7 11 1 L
5 0 0 5 D
5 1 3 5 D
5 2 0 7 U
5 3 0 1 L
5 5 0 6 U
5 6 6 6 U
5 7 7 2 R
6 0 8 7 U
6 1 0 3 R
6 2 2 7 U
6 3 2 3 R
6 4 11 4 D
6 5 0 2 R
6 6 0 0 L
6 7 4 7 U
7 0 1 5 D
7 1 5 4 D
7 2 10 4 D
7 3 8 0 L
7 4 10 6 U
7 5 1 5 D
7 6 8 2 R
7 7 8 3 R
8 0 0 6 U
8 1 1 1 L
8 2 13 5 D
8 3 7 5 D
8 4 3 4 D
8 5 2 2 R
8 6 3 0 L
8 7 3 4 D
9 0 4 4 D
9 1 1 3 R
9 2 4 7 U
9 3 14 3 R
9 4 6 2 R
9 5 6 0 L
9 6 7 6 U
9 7 8 7 U
10 0 9 2 R
10 1 12 7 U
10 2 2 2 R
10 3 3 3 R
10 4 4 0 L
10 5 11 3 R
10 6 2 3 R
10 7 0 4 D
11 0 5 7 U
11 1 14 1 L
11 2 8 4 D
11 3 7 3 R
11 4 8 3 R
11 5 7 5 D
11 6 10 1 L
11 7 12 0 L
12 0 10 2 R
12 1 3 3 R
12 2 8 2 R
12 3 0 0 L
12 4 0 3 R
12 5 6 7 U
12 6 11 5 D
13 0 1 6 U
13 1 3 4 D
13 2 9 2 R
13 5 9 1 L
13 6 10 6 U
13 7 12 3 R
14 0 2 5 D
14 2 11 4 D
14 5 0 1 L
14 6 4 6 U
15 0 13 0 L
15 2 3 7 U
15 5 13 5 D

