21 17 296
5 0 0 17 10 0 0 2 0 15 0 16 0 6
0 19 0 15 0 0 0 10 14 0 0 7 0 3
16 0 0 0 0 0 0 10 20 0 0 0 0 12
7 15 0 0 19 0 0 13 9 0 0 6 0 1
0 6 8 3 1 0 2 0 4 10 0 0 7 4
4 0 1 0 0 0 0 0 9 0 0 18 0 9
15 0 13 11 0 0 0 17 0 2 0 0 11 10
0 12 0 18 9 9 0 6 0 0 0 5 0 12
0 2 0 16 16 17 0 0 1 0 0 16 13 0
0 12 14 0 16 0 17 18 0 0 0 9 0 8
0 0 0 0 0 3 3 0 0 0 3 3 6 0
0 8 0 0 0 0 10 17 0 0 0 17 0 0
15 0 0 8 13 17 1 9 9 0 0 0 0 5
10 14 7 0 0 0 0 1 8 0 16 0 5 5
0 0 0 0 D
0 1 0 1 D
0 2 0 2 D
0 3 0 3 D
0 4 0 4 D
0 5 0 5 R
0 6 0 6 R
0 7 0 7 R
0 8 0 8 R
0 9 0 9 U
0 10 0 10 U
0 11 0 11 U
0 12 0 12 U
0 13 0 13 L
0 14 0 14 L
0 15 0 15 L
0 16 0 16 L
1 0 4 14 L
1 1 9 7 R
1 2 2 2 D
1 3 0 16 L
1 4 14 4 D
1 5 14 9 U
1 6 14 1 D
1 7 11 12 U
1 8 5 8 R
1 9 15 1 D
1 10 13 6 R
1 11 13 15 L
1 12 3 12 U
1 13 0 1 D
1 14 15 1 D
1 15 0 11 U
1 16 9 16 L
2 0 13 16 L
2 1 9 5 R
2 2 10 8 R
2 3 8 16 L
2 4 7 6 R
2 5 3 10 U
2 6 1 12 U
2 7 16 9 U
2 8 11 16 L
2 9 4 14 L
2 10 1 10 U
2 11 1 11 U
2 12 8 12 U
2 13 7 11 U
2 14 8 6 R
2 15 6 2 D
2 16 17 1 D
3 0 0 13 L
3 1 2 14 L
3 2 15 2 D
3 3 6 3 D
3 4 5 4 D
3 5 6 0 D
3 6 0 1 D
3 7 7 12 U
3 8 0 13 L
3 9 6 15 L
3 10 0 16 L
3 11 7 11 U
3 12 10 15 L
3 13 8 2 D
3 14 18 0 D
3 15 4 0 D
3 16 8 16 L
4 0 1 5 R
4 1 17 1 D
4 2 7 2 D
4 3 1 6 R
4 4 12 9 U
4 5 15 0 D
4 6 1 10 U
4 7 7 7 R
4 8 5 8 R
4 9 8 9 U
4 10 9 6 R
4 11 12 14 L
4 12 12 8 R
4 13 0 3 D
4 14 6 8 R
4 15 7 15 L
4 16 19 2 D
5 0 0 10 U
5 1 15 13 L
5 2 15 7 R
5 3 3 13 L
5 4 0 13 L
5 5 11 13 L
5 6 12 4 D
5 7 6 14 L
5 8 4 8 R
5 9 11 15 L
5 10 0 3 D
5 11 0 5 R
5 12 1 5 R
5 13 2 3 D
5 14 0 0 D
5 15 6 12 U
5 16 13 12 U
6 0 12 0 D
6 1 4 16 L
6 2 0 6 R
6 3 1 3 D
6 4 12 8 R
6 5 0 0 D
6 6 15 9 U
6 8 14 4 D
6 9 0 13 L
6 11 1 11 U
6 12 0 7 R
6 13 0 9 U
6 14 5 12 U
6 15 13 1 D
6 16 0 8 R
7 0 1 6 R
7 1 6 15 L
7 2 4 15 L
7 3 11 7 R
7 4 2 4 D
7 5 8 10 U
7 6 8 2 D
7 9 18 5 R
7 10 3 5 R
7 11 8 7 R
7 12 9 16 L
7 13 14 0 D
7 14 5 14 L
7 15 0 6 R
7 16 16 11 U
8 0 9 5 R
8 1 10 1 D
8 2 12 12 U
8 3 1 7 R
8 4 3 16 L
8 5 0 10 U
8 6 12 13 L
8 8 15 4 D
8 9 1 0 D
8 10 13 15 L
8 11 2 11 U
8 12 10 4 D
8 13 6 7 R
8 14 4 14 L
8 15 4 15 L
8 16 9 16 L
9 0 4 11 U
9 1 6 5 R
9 2 8 6 R
9 3 0 9 U
9 4 14 5 R
9 5 0 14 L
9 6 10 6 R
9 7 5 11 U
9 8 4 8 R
9 9 5 0 D
9 11 6 6 R
9 12 14 16 L
9 13 7 10 U
9 14 0 12 U
9 15 13 15 L
9 16 5 11 U
10 0 0 14 L
10 1 9 1 D
10 2 0 9 U
10 3 4 3 D
10 4 1 4 D
10 5 3 4 D
10 6 17 3 D
10 8 15 8 R
10 9 0 8 R
10 10 0 0 D
10 11 5 11 U
10 12 1 8 R
10 13 9 11 U
10 14 9 14 L
10 15 11 3 D
10 16 0 7 R
11 0 8 15 L
11 1 0 7 R
11 2 0 15 L
11 3 1 3 D
11 5 18 5 R
11 6 3 15 L
11 7 4 7 R
11 8 2 12 U
11 9 14 15 L
11 11 0 14 L
11 12 14 13 L
11 13 4 0 D
11 14 2 2 D
11 15 12 9 U
11 16 4 16 L
12 0 16 13 L
12 1 0 8 R
12 2 16 5 R
12 3 0 11 U
12 5 7 5 R
12 6 0 9 U
12 7 0 11 U
12 8 0 3 D
12 9 4 9 U
12 10 0 6 R
12 11 4 15 L
12 12 11 12 U
12 13 2 11 U
12 14 0 2 D
12 15 6 6 R
12 16 0 10 U
13 0 12 9 U
13 1 2 6 R
13 2 10 2 D
13 4 1 15 L
13 5 10 3 D
13 6 1 0 D
13 8 1 8 R
13 9 1 4 D
13 10 0 7 R
13 11 8 2 D
13 12 20 6 R
13 13 3 9 U
13 14 7 9 U
13 15 4 15 L
13 16 8 16 L
14 0 3 15 L
14 1 0 5 R
14 2 4 8 R
14 5 0 2 D
14 6 2 6 R
14 7 6 1 D
14 9 9 16 L
14 10 13 10 U
14 11 9 14 L
14 12 1 12 U
14 13 15 9 U
14 14 15 7 R
14 15 16 15 L
14 16 2 12 U
15 0 17 5 R
15 1 7 5 R
15 2 4 2 D
15 3 11 3 D
15 5 6 9 U
15 6 2 14 L
15 9 16 13 L
15 10 6 13 L
15 11 2 11 U
15 12 2 12 U
15 13 2 9 U
15 14 14 11 U
15 15 0 5 R
15 16 18 2 D
16 0 11 16 L
16 1 9 15 L
16 2 1 2 D
16 3 2 3 D
16 5 8 13 L
16 6 14 10 U
16 7 1 10 U
16 9 0 15 L
16 10 4 10 U
16 11 8 11 U
16 13 2 0 D
16 14 18 7 R
16 15 6 10 U
16 16 11 3 D
17 0 15 0 D
17 1 2 5 R
17 2 12 16 L
17 3 13 6 R
17 5 3 13 L
17 6 3 2 D
17 9 12 3 D
17 10 9 5 R
17 11 6 11 U
17 13 3 2 D
17 14 11 14 L
17 15 14 5 R
17 16 1 0 D
18 0 1 14 L
18 2 1 2 D
18 5 12 3 D
18 9 1 7 R
18 10 4 7 R
18 11 1 13 L
18 12 2 8 R
18 13 16 1 D
18 15 3 15 L
19 9 8 9 U
19 11 0 2 D
19 12 11 5 R
19 13 7 12 U
20 9 3 6 R
20 13 7 1 D

