22 29 570
0 0 1 18 0 0 1 9 9 0 0 2 0 0 0 16 0 0 13
12 1 0 0 12 8 17 0 0 11 17 0 13 0 0 18 0 17 0
11 12 0 4 16 0 18 0 20 18 3 18 15 4 3 0 0 0 0
13 6 0 0 0 15 18 3 13 0 0 19 0 20 20 0 0 1 14
5 0 12 2 17 0 0 10 0 0 18 0 0 19 0 13 6 4 14
2 0 8 14 3 16 18 0 19 0 16 0 0 0 20 0 0 20 19
7 11 19 0 0 20 12 10 0 11 14 20 16 12 0 6 5 0 6
1 0 20 0 19 9 20 0 4 16 12 0 0 0 15 0 1 11 0
3 15 2 20 0 19 0 16 15 0 0 19 0 0 11 17 8 1 0
11 12 16 18 19 0 0 18 0 13 20 18 17 0 0 10 16 15 5
0 8 12 0 0 0 19 0 16 18 9 0 18 12 19 0 0 0 12
15 0 5 0 6 15 0 0 0 0 0 0 14 0 6 0 8 0 0
1 0 7 11 1 0 0 17 0 0 9 19 0 0 0 14 0 0 21
3 0 5 0 8 0 0 0 0 14 0 0 6 20 11 9 12 0 0
13 0 2 0 0 19 20 2 0 17 0 0 18 0 0 0 16 0 20
19 0 10 17 3 1 0 9 2 13 0 13 17 0 0 3 1 0 0
12 2 8 0 9 10 6 15 0 6 0 15 7 0 0 16 0 0 19
0 16 0 6 8 17 13 0 4 14 3 0 0 17 6 0 1 12 0
1 3 0 7 9 10 8 0 0 6 20 20 2 0 0 0 0 10 3
0 0 0 0 R
0 1 0 1 R
0 2 0 2 R
0 3 0 3 R
0 4 0 4 R
0 5 0 5 R
0 6 0 6 R
0 7 0 7 U
0 8 0 8 U
0 9 0 9 U
0 10 0 10 U
0 11 0 11 U
0 12 0 12 U
0 13 0 13 U
0 14 0 14 U
0 15 0 15 D
0 16 0 16 D
0 17 0 17 D
0 18 0 18 D
0 19 0 19 D
0 20 0 20 D
0 21 0 21 D
0 22 0 22 L
0 23 0 23 L
0 24 0 24 L
0 25 0 25 L
0 26 0 26 L
0 27 0 27 L
0 28 0 28 L
1 0 0 7 U
1 1 1 15 D
1 2 0 10 U
1 3 0 12 U
1 4 0 11 U
1 5 0 9 U
1 6 2 16 D
1 7 0 23 L
1 8 0 1 R
1 9 0 0 R
1 10 0 24 L
1 11 3 25 L
1 12 0 19 D
1 13 0 15 D
1 14 4 2 R
1 15 0 22 L
1 16 0 8 U
1 17 0 7 U
1 18 0 2 R
1 19 3 25 L
1 20 2 11 U
1 21 1 3 R
1 22 0 0 R
1 23 0 15 D
1 24 2 1 R
1 25 0 18 D
1 26 0 3 R
1 27 4 18 D
1 28 0 14 U
2 0 0 15 D
2 1 1 1 R
2 2 0 18 D
2 3 0 21 D
2 4 3 4 R
2 5 2 5 R
2 6 4 6 R
2 7 0 15 D
2 8 2 8 U
2 9 3 9 U
2 10 1 10 U
2 11 1 11 U
2 12 2 12 U
2 13 4 13 U
2 14 1 14 U
2 15 0 7 U
2 16 2 16 D
2 17 1 17 D
2 18 0 9 U
2 19 0 25 L
2 20 2 20 D
2 21 2 21 D
2 22 1 22 L
2 23 0 0 R
2 24 3 24 L
2 25 0 2 R
2 26 2 26 L
2 27 2 27 L
2 28 1 28 L
3 0 0 17 D
3 1 2 17 D
3 2 3 19 D
3 3 0 8 U
3 4 0 22 L
3 5 5 12 U
3 6 5 6 R
3 7 1 7 U
3 8 0 24 L
3 9 0 2 R
3 10 2 10 U
3 11 0 26 L
3 12 3 12 U
3 13 4 4 R
3 14 0 5 R
3 15 0 0 R
3 16 1 16 D
3 17 3 9 U
3 18 3 18 D
3 19 0 26 L
3 20 1 20 D
3 21 0 4 R
3 22 0 16 D
3 23 2 23 L
3 24 3 16 D
3 25 0 20 D
3 26 0 21 D
3 27 1 27 L
3 28 0 20 D
4 0 3 0 R
4 1 0 18 D
4 2 2 2 R
4 3 1 3 R
4 4 2 15 D
4 5 3 5 R
4 6 1 19 D
4 7 0 22 L
4 8 0 25 L
4 9 0 21 D
4 10 3 5 R
4 11 0 27 L
4 12 0 22 L
4 13 0 25 L
4 14 0 28 L
4 15 0 3 R
4 16 3 22 L
4 17 0 23 L
4 18 0 11 U
4 19 0 24 L
4 20 0 9 U
4 21 1 22 L
4 22 0 8 U
4 23 0 13 U
4 24 1 17 D
4 25 0 10 U
4 26 0 4 R
4 27 4 27 L
4 28 4 28 L
5 0 1 27 L
5 1 2 16 D
5 2 2 12 U
5 3 5 24 L
5 4 5 10 U
5 5 5 5 R
5 6 6 20 D
5 7 2 2 R
5 8 4 25 L
5 9 5 23 L
5 10 4 10 U
5 11 4 11 U
5 12 4 12 U
5 13 3 13 U
5 14 2 14 U
5 15 3 27 L
5 16 3 4 R
5 17 6 17 D
5 18 0 10 U
5 19 0 23 L
5 20 0 28 L
5 21 5 21 D
5 22 4 15 D
5 23 3 15 D
5 24 0 8 U
5 25 4 21 D
5 26 6 26 L
5 27 0 21 D
5 28 3 28 L
6 0 5 0 R
6 1 0 25 L
6 2 0 16 D
6 3 6 3 R
6 4 0 13 U
6 5 6 14 U
6 6 2 6 R
6 7 3 0 R
6 8 1 8 U
6 9 0 6 R
6 10 6 25 L
6 11 3 11 U
6 12 4 15 D
6 13 6 13 U
6 14 4 14 U
6 15 5 22 L
6 16 0 0 R
6 17 0 9 U
6 18 2 18 D
6 19 5 19 D
6 20 2 6 R
6 21 3 21 D
6 22 1 9 U
6 23 3 23 L
6 24 4 24 L
6 25 0 19 D
6 26 4 14 U
6 27 5 9 U
6 28 0 16 D
7 0 6 22 L
7 1 6 18 D
7 2 0 14 U
7 3 7 15 D
7 4 7 16 D
7 5 6 17 D
7 6 9 6 R
7 7 2 24 L
7 8 8 23 L
7 9 4 9 U
7 10 11 2 R
7 11 10 11 U
7 12 7 25 L
7 13 5 5 R
7 14 5 14 U
7 15 6 1 R
7 16 0 6 R
7 17 0 22 L
7 18 7 0 R
7 19 0 13 U
7 21 6 26 L
7 22 6 14 U
7 23 5 7 U
7 24 0 7 U
7 25 0 4 R
7 26 4 26 L
7 27 1 15 D
7 28 6 28 L
8 0 2 0 R
8 1 5 22 L
8 2 7 2 R
8 3 7 3 R
8 4 6 4 R
8 5 7 19 D
8 6 4 17 D
8 7 2 0 R
8 8 6 1 R
8 9 8 9 U
8 10 2 16 D
8 11 10 19 D
8 12 1 0 R
8 13 4 27 L
8 14 13 27 L
8 15 6 2 R
8 16 4 1 R
8 17 4 17 D
8 18 8 26 L
8 19 6 19 D
8 21 10 28 L
8 22 2 12 U
8 23 7 23 L
8 24 0 1 R
8 25 7 25 L
8 26 8 26 L
8 27 5 27 L
8 28 2 21 D
9 0 6 19 D
9 1 2 8 U
9 2 4 19 D
9 3 3 11 U
9 4 8 15 D
9 5 6 5 R
9 6 8 6 R
9 7 8 22 L
9 8 11 8 U
9 9 4 23 L
9 10 10 10 U
9 11 15 11 U
9 12 18 2 R
9 13 5 13 U
9 14 8 14 U
9 15 1 5 R
9 16 0 1 R
9 17 3 17 D
9 18 10 18 D
9 19 7 19 D
9 21 9 21 D
9 22 7 9 U
9 23 5 8 U
9 24 8 24 L
9 25 0 6 R
9 26 6 19 D
9 27 6 27 L
9 28 8 10 U
10 0 5 9 U
10 1 6 13 U
10 2 5 17 D
10 3 6 19 D
10 4 12 4 R
10 5 5 13 U
10 6 7 6 R
10 7 2 25 L
10 8 8 24 L
10 9 4 2 R
10 10 9 2 R
10 11 8 11 U
10 12 18 12 U
10 13 4 22 L
10 14 11 14 U
10 15 10 24 L
10 16 9 27 L
10 17 8 8 U
10 18 11 18 D
10 19 12 22 L
10 21 11 21 D
10 22 12 15 D
10 23 5 23 L
10 24 12 24 L
10 25 8 15 D
10 26 13 8 U
10 27 4 9 U
10 28 10 28 L
11 0 9 8 U
11 1 4 1 R
11 2 11 2 R
11 3 3 3 R
11 4 11 4 R
11 5 13 21 D
11 6 14 15 D
11 7 9 23 L
11 8 10 4 R
11 9 7 9 U
11 10 9 10 U
11 11 13 11 U
11 12 18 27 L
11 13 9 13 U
11 14 0 17 D
11 15 8 15 D
11 16 13 5 R
11 17 9 17 D
11 18 8 18 D
11 19 9 23 L
11 21 13 11 U
11 22 13 22 L
11 23 8 23 L
11 24 6 9 U
11 25 9 25 L
11 26 13 26 L
11 27 6 13 U
11 28 15 15 D
12 0 9 0 R
12 1 8 10 U
12 2 10 2 R
12 3 10 3 R
12 4 6 8 U
12 5 12 5 R
12 6 13 6 R
12 7 9 3 R
12 8 0 4 R
12 9 0 16 D
12 10 12 10 U
12 11 14 11 U
12 12 19 25 L
12 13 6 26 L
12 14 14 14 U
12 15 12 26 L
12 16 4 26 L
12 17 0 27 L
12 18 13 18 D
12 19 0 14 U
12 21 12 21 D
12 22 1 17 D
12 23 8 15 D
12 24 7 24 L
12 25 6 25 L
12 26 13 7 U
12 27 3 5 R
12 28 14 28 L
13 0 11 0 R
13 1 13 16 D
13 2 13 2 R
13 3 8 3 R
13 4 10 4 R
13 5 9 17 D
13 6 14 6 R
13 7 1 3 R
13 8 11 5 R
13 9 13 23 L
13 10 11 10 U
13 11 1 28 L
13 13 7 13 U
13 14 16 14 U
13 15 4 24 L
13 16 8 0 R
13 17 11 4 R
13 18 6 23 L
13 19 13 19 D
13 21 0 27 L
13 22 12 22 L
13 23 9 17 D
13 24 10 24 L
13 25 9 18 D
13 26 4 8 U
13 27 14 9 U
13 28 13 28 L
14 0 4 10 U
14 1 15 1 R
14 2 4 2 R
14 3 2 18 D
14 4 11 7 U
14 5 11 25 L
14 6 15 6 R
14 7 3 22 L
14 8 10 24 L
14 9 11 28 L
14 10 15 10 U
14 11 2 11 U
14 13 14 22 L
14 14 15 14 U
14 15 15 4 R
14 16 14 16 D
14 17 14 17 D
14 18 9 2 R
14 19 16 19 D
14 21 8 21 D
14 22 5 10 U
14 23 0 8 U
14 24 9 24 L
14 25 8 3 R
14 26 1 17 D
14 27 10 27 L
14 28 12 28 L
15 0 7 14 U
15 1 14 1 R
15 2 4 18 D
15 3 9 15 D
15 4 13 4 R
15 5 16 5 R
15 6 10 16 D
15 7 12 4 R
15 8 5 6 R
15 9 11 9 U
15 10 14 6 R
15 11 8 24 L
15 13 0 1 R
15 14 7 14 U
15 15 14 0 R
15 16 6 16 D
15 17 11 17 D
15 18 7 18 D
15 19 12 19 D
15 21 17 21 D
15 22 7 8 U
15 23 15 17 D
15 24 0 15 D
15 25 15 10 U
15 26 15 26 L
15 27 11 27 L
15 28 9 28 L
16 0 7 13 U
16 1 11 1 R
16 2 16 7 U
16 3 15 3 R
16 4 10 18 D
16 6 1 6 R
16 7 14 1 R
16 8 13 1 R
16 9 14 24 L
16 10 4 18 D
16 11 16 11 U
16 14 16 2 R
16 15 11 26 L
16 16 14 24 L
16 17 12 17 D
16 18 14 1 R
16 19 15 26 L
16 21 16 21 D
16 22 9 9 U
16 23 1 14 U
16 24 14 16 D
16 25 9 21 D
16 26 15 19 D
16 27 0 12 U
16 28 11 28 L
17 0 15 8 U
17 1 13 17 D
17 2 14 2 R
17 3 3 15 D
17 4 17 11 U
17 6 0 11 U
17 7 4 28 L
17 8 10 3 R
17 9 6 9 U
17 10 8 22 L
17 11 12 11 U
17 14 16 0 R
17 15 12 2 R
17 16 2 6 R
17 17 15 0 R
17 18 1 24 L
17 19 10 8 U
17 21 16 1 R
17 22 8 7 U
17 23 6 11 U
17 24 2 15 D
17 25 13 21 D
17 26 14 26 L
17 27 3 27 L
17 28 16 28 L
18 0 13 18 D
18 1 0 15 D
18 2 15 19 D
18 3 12 3 R
18 4 19 19 D
18 6 18 6 R
18 7 19 3 R
18 8 17 26 L
18 9 17 9 U
18 10 12 22 L
18 11 6 11 U
18 14 20 27 L
18 15 16 2 R
18 16 15 16 D
18 17 10 17 D
18 18 20 18 D
18 19 20 19 D
18 21 14 21 D
18 22 18 9 U
18 23 11 8 U
18 24 13 24 L
18 25 19 25 L
18 26 12 17 D
18 27 17 8 U
18 28 8 15 D
19 0 14 8 U
19 1 9 16 D
19 2 19 21 D
19 3 6 28 L
19 6 20 6 R
19 7 18 7 U
19 8 12 26 L
19 9 9 23 L
19 10 19 10 U
19 11 17 25 L
19 14 17 14 U
19 15 13 9 U
19 16 19 23 L
19 17 20 17 D
19 18 18 23 L
19 19 18 19 D
19 22 18 22 L
19 23 17 9 U
19 24 7 5 R
19 25 18 12 U
19 26 0 17 D
19 27 14 27 L
19 28 12 16 D
20 0 14 7 U
20 1 11 14 U
20 2 16 10 U
20 3 20 3 R
20 6 8 21 D
20 7 12 0 R
20 8 18 6 R
20 9 16 6 R
20 10 18 10 U
20 11 18 11 U
20 15 18 15 D
20 16 17 2 R
20 17 9 1 R
20 18 15 18 D
20 19 10 19 D
20 22 17 22 L
20 23 10 18 D
20 24 19 8 U
20 28 17 28 L
21 0 18 12 U

