13 13 151
11 12 7 5 0 6 0 8 8 5 0 0
0 0 0 0 0 1 0 0 0 7 0 10
4 0 12 0 0 0 0 0 0 0 0 0
0 0 0 11 0 11 0 0 12 10 0 0
0 0 9 0 0 0 0 0 0 0 0 0
0 0 0 10 2 4 0 0 0 0 0 0
0 0 7 0 11 0 0 0 3 8 6 8
0 0 0 10 0 0 0 0 0 0 0 0
0 0 0 0 12 0 5 10 12 0 0 0
0 8 0 10 0 0 0 9 0 0 0 10
2 12 0 11 5 0 0 7 11 0 8 0
1 0 0 2 0 0 3 5 11 0 9 0
0 0 0 0 U
0 1 0 1 U
0 2 0 2 U
0 3 0 3 R
0 4 0 4 R
0 5 0 5 R
0 6 0 6 D
0 7 0 7 D
0 8 0 8 D
0 9 0 9 L
0 10 0 10 L
0 11 0 11 L
0 12 0 12 L
1 0 3 4 R
1 1 4 1 U
1 2 4 2 U
1 3 2 2 U
1 4 3 1 U
1 5 8 8 D
1 6 0 0 U
1 7 7 3 R
1 8 4 8 D
1 9 10 7 D
1 10 3 0 U
1 11 8 0 U
2 0 0 8 D
2 1 0 3 R
2 2 10 5 R
2 3 8 6 D
2 4 5 8 D
2 5 3 5 R
2 6 0 4 R
2 7 5 9 L
2 8 3 9 L
2 9 1 3 R
2 10 7 10 L
2 11 0 0 U
2 12 4 7 D
3 0 7 10 L
3 1 2 10 L
3 2 0 10 L
3 3 5 1 U
3 4 0 2 U
3 5 2 5 R
3 6 4 4 R
3 7 9 7 D
3 8 2 0 U
3 9 0 6 D
3 10 0 1 U
3 11 2 11 L
4 0 8 5 R
4 1 3 1 U
4 2 6 2 U
4 3 5 3 R
4 4 8 4 R
4 5 0 9 L
4 6 2 6 D
4 7 3 3 R
4 8 1 8 D
4 9 0 8 D
4 10 6 0 U
4 11 7 11 L
4 12 8 12 L
5 0 0 9 L
5 1 7 1 U
5 2 1 10 L
5 3 4 1 U
5 4 6 6 D
5 5 3 6 D
5 6 3 11 L
5 7 0 9 L
5 8 7 8 D
5 9 2 8 D
5 10 10 2 U
5 11 3 11 L
6 0 3 6 D
6 1 8 10 L
6 2 4 3 R
6 3 0 6 D
6 4 10 4 R
6 5 3 5 R
6 6 1 5 R
6 7 0 1 U
6 8 0 11 L
6 9 4 9 L
6 10 9 0 U
6 11 10 11 L
6 12 4 12 L
7 0 9 4 R
7 1 3 3 R
7 2 1 2 U
7 3 0 0 U
7 4 8 4 R
7 5 3 7 D
7 6 2 5 R
7 7 0 12 L
7 8 0 2 U
7 9 4 1 U
7 10 3 10 L
7 11 9 1 U
8 0 5 9 L
8 1 7 11 L
8 2 7 2 U
8 3 0 11 L
8 4 3 7 D
8 5 5 5 R
8 6 0 5 R
8 7 1 7 D
8 8 1 8 D
8 9 6 9 L
8 10 6 10 L
8 11 7 2 U
9 0 2 9 L
9 1 1 3 R
9 2 8 4 R
9 3 0 1 U
9 4 0 10 L
9 5 4 0 U
9 6 6 4 R
9 7 10 11 L
9 8 8 8 D
9 9 4 0 U
9 10 1 6 D
9 11 11 11 L
10 0 0 5 R
10 1 0 7 D
10 2 0 6 D
10 3 9 0 U
10 4 9 7 D
10 5 2 1 U
10 6 9 11 L
10 7 6 4 R
10 8 4 3 R
10 9 2 7 D
10 10 1 10 L
10 11 6 8 D
11 0 5 11 L
11 2 0 8 D
11 3 8 3 R
11 4 6 4 R
11 6 10 3 R
11 7 10 10 L
11 8 8 4 R
11 9 7 6 D
11 11 3 2 U
12 0 5 0 U
12 2 4 2 U
12 3 11 7 D
12 7 4 7 D
12 8 3 2 U
12 11 9 8 D

