18 17 258
17 0 0 0 0 0 0 0 0 0 0 0 0 0 0 15
13 12 4 0 0 0 9 2 2 0 11 2 0 0 1 5
14 0 13 0 0 0 0 15 0 0 0 2 0 0 8 5
0 7 0 0 0 9 0 0 15 9 0 14 0 0 3 0
14 11 13 0 3 7 13 0 0 1 0 0 11 9 6 0
0 0 0 10 16 3 5 1 13 0 3 12 0 1 0 0
16 2 0 10 0 12 0 12 7 9 7 0 0 6 0 7
0 0 0 7 0 0 0 0 5 0 3 0 3 15 0 0
0 0 0 0 0 0 0 0 0 0 0 0 0 0 0 0
15 9 14 0 0 0 3 0 10 0 0 0 0 0 0 0
0 0 0 0 14 0 0 0 0 0 12 15 0 0 0 10
10 0 3 1 1 3 0 0 0 0 0 0 12 0 11 1
0 11 0 0 10 0 0 0 0 0 0 0 0 0 0 0
10 8 6 14 0 0 0 16 0 0 0 0 0 2 0 0
3 16 0 0 0 11 0 3 0 0 3 0 0 6 0 11
0 0 3 10 0 0 0 4 0 11 0 17 13 0 0 3
0 0 0 0 D
0 1 0 1 D
0 2 0 2 D
0 3 0 3 D
0 4 0 4 R
0 5 0 5 R
0 6 0 6 R
0 7 0 7 R
0 8 0 8 R
0 9 0 9 U
0 10 0 10 U
0 11 0 11 U
0 12 0 12 U
0 13 0 13 L
0 14 0 14 L
0 15 0 15 L
0 16 0 16 L
1 0 4 13 L
1 1 0 11 U
1 2 4 2 D
1 3 10 6 R
1 4 0 13 L
1 5 4 9 U
1 6 6 0 D
1 7 6 7 R
1 8 0 2 D
1 9 2 15 L
1 10 0 5 R
1 11 14 8 R
1 12 4 16 L
1 13 10 12 U
1 14 6 14 L
1 15 3 15 L
1 16 10 1 D
2 0 0 9 U
2 1 3 9 U
2 2 0 7 R
2 3 9 13 L
2 4 0 0 D
2 5 5 0 D
2 6 0 1 D
2 7 0 16 L
2 8 5 8 R
2 9 0 13 L
2 10 8 16 L
2 11 11 5 R
2 12 15 7 R
2 13 0 0 D
2 14 0 1 D
2 15 11 11 U
2 16 5 16 L
3 0 2 0 D
3 1 9 13 L
3 2 13 2 D
3 3 0 11 U
3 4 12 9 U
3 5 8 5 R
3 6 0 12 U
3 7 8 7 R
3 8 7 8 R
3 9 6 7 R
3 10 2 14 L
3 11 0 6 R
3 12 4 12 U
3 13 4 2 D
3 14 0 11 U
3 15 9 10 U
3 16 10 3 D
4 0 5 0 D
4 1 3 5 R
4 2 1 2 D
4 3 3 3 D
4 4 0 10 U
4 5 0 14 L
4 6 11 1 D
4 7 1 7 R
4 8 2 8 R
4 9 0 4 R
4 10 10 10 U
4 11 12 11 U
4 12 9 12 U
4 13 0 9 U
4 14 0 3 D
4 15 0 2 D
4 16 2 2 D
5 0 0 13 L
5 1 0 16 L
5 2 2 10 U
5 3 7 4 R
5 4 10 0 D
5 5 0 3 D
5 6 7 6 R
5 7 8 7 R
5 8 8 1 D
5 9 1 13 L
5 10 0 4 R
5 11 1 11 U
5 12 1 6 R
5 13 7 13 L
5 14 11 14 L
5 15 6 2 D
5 16 4 16 L
6 0 9 4 R
6 1 4 12 U
6 2 0 14 L
6 3 0 5 R
6 4 5 4 R
6 5 2 13 L
6 6 5 6 R
6 7 16 0 D
6 8 3 3 D
6 9 7 15 L
6 10 1 10 U
6 11 3 3 D
6 12 0 16 L
6 13 9 3 D
6 14 4 1 D
6 15 8 15 L
6 16 0 3 D
7 0 5 10 U
7 1 13 1 D
7 2 4 2 D
7 3 5 3 D
7 4 6 15 L
7 5 3 5 R
7 6 1 6 R
7 7 11 7 R
7 8 8 14 L
7 9 5 14 L
7 10 1 5 R
7 11 11 14 L
7 12 3 12 U
7 13 1 12 U
7 14 5 14 L
7 15 13 15 L
7 16 5 16 L
8 0 4 14 L
8 1 0 15 L
8 2 3 6 R
8 3 4 3 D
8 4 9 4 R
8 5 5 10 U
8 6 1 6 R
8 7 1 15 L
8 8 7 0 D
8 9 0 7 R
8 10 0 14 L
8 11 6 7 R
8 12 0 14 L
8 13 3 13 L
8 14 0 10 U
8 15 2 15 L
8 16 2 16 L
9 0 3 13 L
9 1 4 4 R
9 2 0 10 U
9 3 12 3 D
9 4 8 11 U
9 5 3 11 U
9 6 1 14 L
9 7 10 7 R
9 8 1 8 R
9 9 0 0 D
9 10 10 4 R
9 11 4 4 R
9 12 3 8 R
9 13 3 1 D
9 14 3 3 D
9 15 2 15 L
9 16 2 16 L
10 0 0 14 L
10 1 5 1 D
10 2 0 4 R
10 3 3 6 R
10 4 0 9 U
10 6 5 6 R
10 7 6 7 R
10 8 2 8 R
10 9 4 9 U
10 10 2 1 D
10 11 11 6 R
10 12 9 4 R
10 13 9 1 D
10 14 0 12 U
10 15 2 15 L
10 16 1 16 L
11 0 7 9 U
11 1 5 8 R
11 2 10 13 L
11 3 10 9 U
11 4 1 4 R
11 6 4 6 R
11 7 14 2 D
11 8 10 8 R
11 9 4 9 U
11 10 6 4 R
11 11 0 15 L
11 12 8 13 L
11 13 8 1 D
11 14 4 2 D
11 15 10 15 L
11 16 5 16 L
12 0 0 6 R
12 1 4 1 D
12 2 9 2 D
12 3 3 8 R
12 4 7 2 D
12 6 5 13 L
12 7 1 7 R
12 9 4 9 U
12 10 7 10 U
12 11 8 15 L
12 12 2 2 D
12 13 5 9 U
12 14 8 11 U
12 15 14 10 U
12 16 2 16 L
13 0 4 0 D
13 1 4 1 D
13 2 4 13 L
13 3 0 12 U
13 4 6 16 L
13 6 10 6 R
13 7 5 7 R
13 9 8 9 U
13 10 3 6 R
13 11 1 11 U
13 12 7 6 R
13 13 1 13 L
13 15 15 3 D
13 16 11 16 L
14 0 12 12 U
14 1 12 6 R
14 3 1 3 D
14 4 13 13 L
14 6 8 1 D
14 9 0 8 R
14 10 7 10 U
14 11 2 11 U
14 12 4 12 U
14 13 6 11 U
14 16 0 9 U
15 0 11 0 D
15 1 14 4 R
15 3 5 3 D
15 4 14 13 L
15 6 7 6 R
15 9 1 8 R
15 10 5 10 U
15 13 0 4 R
15 16 5 16 L
16 0 4 0 D
16 1 14 1 D
16 3 4 3 D
16 9 12 16 L
16 13 15 4 R
17 9 6 4 R
17 13 15 10 U

