28 24 570
21 7 0 0 0 15 7 15 0 7 4 22 5 23 0 0 22 11 0
0 18 6 0 0 9 0 12 16 8 0 0 7 0 15 16 19 0 1
0 0 0 8 9 22 0 23 24 15 23 0 20 21 16 0 0 18 0
0 0 0 0 25 0 6 15 0 15 1 0 15 12 7 0 0 13 22
0 0 21 14 11 24 0 0 0 6 0 0 11 1 0 0 2 8 0
0 0 22 2 0 7 0 0 26 0 5 0 13 21 0 5 10 6 23
0 0 0 8 11 4 0 0 25 0 11 0 19 0 9 0 4 0 0
0 0 0 3 26 1 0 0 0 0 3 27 15 0 1 0 2 0 12
0 12 0 0 0 0 25 0 8 0 4 25 0 6 8 3 0 13 0
0 0 2 0 25 3 0 0 0 0 25 15 0 23 24 23 0 0 10
21 0 0 1 19 0 16 13 19 0 0 8 5 0 4 23 0 0 24
18 24 0 0 0 3 0 0 15 0 24 0 0 0 0 1 26 13 0
19 0 24 0 7 23 0 0 11 15 0 0 0 0 20 0 0 0 0
13 16 7 26 0 0 0 0 0 18 0 8 0 0 0 20 0 19 0
20 23 17 0 18 14 1 0 17 0 0 0 20 0 0 22 18 11 0
20 6 0 19 14 20 0 23 0 0 15 22 0 21 22 16 0 0 20
0 0 0 9 0 21 0 8 0 24 22 0 6 22 4 10 26 16 16
9 0 0 0 0 0 0 3 0 9 0 3 25 23 0 3 25 0 17
16 0 0 8 0 15 0 15 0 0 22 3 0 6 0 0 24 0 17
0 0 0 0 R
0 1 0 1 R
0 2 0 2 R
0 3 0 3 R
0 4 0 4 R
0 5 0 5 R
0 6 0 6 U
0 7 0 7 U
0 8 0 8 U
0 9 0 9 U
0 10 0 10 U
0 11 0 11 U
0 12 0 12 D
0 13 0 13 D
0 14 0 14 D
0 15 0 15 D
0 16 0 16 D
0 17 0 17 D
0 18 0 18 L
0 19 0 19 L
0 20 0 20 L
0 21 0 21 L
0 22 0 22 L
0 23 0 23 L
1 0 3 13 D
1 1 18 13 D
1 2 0 8 U
1 3 11 3 R
1 4 7 9 U
1 5 7 5 R
1 6 0 12 D
1 7 17 0 R
1 8 6 8 U
1 9 0 20 L
1 10 6 10 U
1 11 13 11 U
1 12 17 12 D
1 13 17 4 R
1 14 0 2 R
1 15 5 21 L
1 16 2 16 D
1 17 15 6 U
1 18 0 6 U
1 19 0 12 D
1 20 11 20 L
1 21 6 7 U
1 22 7 22 L
1 23 10 11 U
2 0 0 15 D
2 1 0 14 D
2 2 6 2 R
2 3 3 3 R
2 4 8 6 U
2 5 5 5 R
2 6 0 22 L
2 7 0 1 R
2 8 0 19 L
2 9 0 0 R
2 10 8 10 U
2 11 11 11 U
2 12 7 8 U
2 13 17 18 L
2 14 8 14 D
2 15 0 5 R
2 16 3 16 D
2 17 8 17 D
2 18 1 18 L
2 19 12 17 D
2 20 17 14 D
2 21 21 0 R
2 22 0 3 R
2 23 7 23 L
3 0 12 9 U
3 1 9 1 R
3 2 10 2 R
3 3 12 11 U
3 4 10 10 U
3 5 7 5 R
3 6 0 2 R
3 7 0 18 L
3 8 6 8 U
3 9 6 9 U
3 10 0 22 L
3 11 13 11 U
3 12 0 7 U
3 13 10 13 D
3 14 1 14 D
3 15 12 1 R
3 16 2 16 D
3 17 16 1 R
3 18 7 16 D
3 19 19 6 U
3 20 0 14 D
3 21 7 4 R
3 22 7 10 U
3 23 2 23 L
4 0 0 12 D
4 1 17 9 U
4 2 1 2 R
4 3 7 3 R
4 4 12 7 U
4 5 5 11 U
4 6 13 22 L
4 7 13 7 U
4 8 3 8 U
4 9 0 14 D
4 10 2 3 R
4 11 0 20 L
4 12 7 5 R
4 13 19 20 L
4 14 21 14 D
4 15 13 2 R
4 16 2 20 L
4 17 2 17 D
4 18 9 6 U
4 19 14 15 D
4 20 5 20 L
4 21 3 21 L
4 22 0 7 U
4 23 12 7 U
5 0 0 6 U
5 1 3 1 R
5 2 12 7 U
5 3 3 15 D
5 4 0 9 U
5 5 11 7 U
5 6 0 23 L
5 7 15 1 R
5 8 6 8 U
5 9 4 19 L
5 10 13 20 L
5 11 2 11 U
5 12 3 12 D
5 13 12 0 R
5 14 7 2 R
5 15 0 22 L
5 16 0 6 U
5 17 2 17 D
5 18 1 18 L
5 19 1 7 U
5 20 12 20 L
5 21 4 21 L
5 22 16 22 L
5 23 4 23 L
6 0 1 0 R
6 1 3 10 U
6 2 7 6 U
6 3 9 14 D
6 4 20 4 R
6 5 16 5 R
6 6 7 0 R
6 7 2 18 L
6 8 15 8 U
6 9 5 9 U
6 10 13 10 U
6 11 0 3 R
6 12 15 21 L
6 13 10 13 D
6 14 2 14 D
6 15 18 15 D
6 16 1 16 D
6 17 13 18 L
6 18 5 18 L
6 19 20 19 L
6 20 20 11 U
6 21 22 17 D
6 22 3 9 U
6 23 14 23 L
7 0 0 8 U
7 1 6 1 R
7 2 5 2 R
7 3 0 10 U
7 4 4 4 R
7 5 6 9 U
7 6 10 6 U
7 7 0 13 D
7 8 11 8 U
7 9 3 9 U
7 10 4 15 D
7 11 8 11 U
7 12 0 21 L
7 13 0 0 R
7 14 5 14 D
7 15 0 4 R
7 16 9 23 L
7 17 3 4 R
7 18 0 1 R
7 19 0 16 D
7 20 1 20 L
7 21 0 1 R
7 22 2 22 L
7 23 4 23 L
8 0 19 6 U
8 1 5 1 R
8 2 12 2 R
8 3 16 21 L
8 4 0 14 D
8 5 6 13 D
8 6 9 6 U
8 7 13 19 L
8 8 10 5 R
8 9 1 9 U
8 10 2 10 U
8 11 5 11 U
8 12 0 18 L
8 13 15 1 R
8 14 18 0 R
8 15 3 15 D
8 16 9 16 D
8 17 18 17 D
8 18 12 18 L
8 19 13 14 D
8 20 3 20 L
8 22 0 17 D
8 23 0 0 R
9 0 4 12 D
9 1 20 11 U
9 2 8 2 R
9 3 20 17 D
9 4 11 4 R
9 5 7 5 R
9 6 2 15 D
9 7 8 7 U
9 8 1 21 L
9 9 1 9 U
9 10 2 10 U
9 11 13 1 R
9 12 2 12 D
9 13 12 5 R
9 14 5 14 D
9 15 19 23 L
9 16 8 16 D
9 17 0 9 U
9 18 12 6 U
9 19 0 8 U
9 20 5 20 L
9 21 19 10 U
9 22 3 13 D
9 23 0 12 D
10 0 13 8 U
10 1 0 19 L
10 2 4 2 R
10 3 0 20 L
10 4 15 11 U
10 5 0 16 D
10 6 20 1 R
10 7 1 0 R
10 8 6 8 U
10 9 3 18 L
10 10 0 5 R
10 11 14 12 D
10 12 0 23 L
10 13 1 13 D
10 14 3 3 R
10 15 4 1 R
10 16 7 22 L
10 17 1 3 R
10 18 17 6 U
10 19 6 13 D
10 20 17 8 U
10 21 13 9 U
10 23 7 23 L
11 0 18 8 U
11 1 0 6 U
11 2 2 16 D
11 3 4 12 D
11 4 9 4 R
11 5 6 5 R
11 6 17 23 L
11 7 0 14 D
11 8 0 16 D
11 9 18 18 L
11 10 15 18 L
11 11 6 3 R
11 12 9 18 L
11 13 15 13 D
11 14 22 14 D
11 15 4 15 D
11 16 12 16 D
11 17 5 17 D
11 18 3 13 D
11 19 4 9 U
11 20 4 20 L
11 21 14 21 L
11 23 4 6 U
12 0 21 0 R
12 1 2 15 D
12 2 22 12 D
12 3 1 3 R
12 4 16 17 D
12 5 1 20 L
12 6 0 3 R
12 7 1 18 L
12 8 8 19 L
12 9 0 18 L
12 10 13 10 U
12 11 15 11 U
12 12 0 0 R
12 13 5 18 L
12 14 14 19 L
12 15 3 15 D
12 16 10 21 L
12 17 11 22 L
12 18 15 6 U
12 19 15 19 L
12 20 6 6 U
12 22 0 9 U
12 23 14 23 L
13 0 11 9 U
13 1 6 7 U
13 2 5 2 R
13 3 5 3 R
13 4 4 4 R
13 5 1 5 R
13 6 10 18 L
13 7 15 20 L
13 8 0 13 D
13 9 6 22 L
13 10 11 10 U
13 11 7 15 D
13 12 6 12 D
13 13 10 13 D
13 14 0 1 R
13 15 2 15 D
13 16 16 20 L
13 17 3 17 D
13 18 0 7 U
13 19 15 0 R
13 20 16 8 U
13 23 7 23 L
14 0 0 13 D
14 1 1 10 U
14 2 1 6 U
14 3 2 3 R
14 4 16 4 R
14 5 13 5 R
14 6 20 0 R
14 7 9 18 L
14 8 6 8 U
14 9 0 19 L
14 10 2 10 U
14 11 4 11 U
14 12 4 5 R
14 13 7 19 L
14 14 15 5 R
14 15 15 1 R
14 16 3 4 R
14 17 22 5 R
14 18 7 18 L
14 19 6 19 L
14 20 10 7 U
14 22 3 6 U
14 23 20 23 L
15 0 7 13 D
15 1 3 1 R
15 2 14 2 R
15 3 0 9 U
15 4 19 4 R
15 5 24 17 D
15 6 19 6 U
15 7 9 7 U
15 8 11 8 U
15 9 17 9 U
15 10 0 15 D
15 11 21 11 U
15 12 14 2 R
15 13 8 18 L
15 14 16 19 L
15 15 8 15 D
15 16 3 1 R
15 17 19 17 D
15 18 0 0 R
15 19 0 13 D
15 20 0 15 D
15 23 0 6 U
16 0 0 22 L
16 1 3 1 R
16 2 0 17 D
16 3 5 3 R
16 4 10 4 R
16 5 7 7 U
16 6 9 20 L
16 7 19 14 D
16 8 6 8 U
16 9 10 9 U
16 10 5 10 U
16 11 8 0 R
16 12 17 3 R
16 13 6 19 L
16 14 1 14 D
16 15 8 15 D
16 16 5 20 L
16 17 15 19 L
16 18 0 11 U
16 19 11 8 U
16 20 5 20 L
16 21 12 21 L
16 23 2 23 L
17 0 20 10 U
17 1 9 8 U
17 2 6 10 U
17 3 18 3 R
17 4 6 6 U
17 5 8 18 L
17 6 12 19 L
17 7 19 4 R
17 8 15 16 D
17 9 9 14 D
17 10 4 19 L
17 11 6 17 D
17 12 12 0 R
17 13 1 0 R
17 14 0 19 L
17 15 12 0 R
17 16 16 19 L
17 17 3 17 D
17 18 0 10 U
17 19 1 13 D
17 20 9 9 U
17 22 10 7 U
17 23 3 23 L
18 0 2 12 D
18 1 8 10 U
18 2 4 8 U
18 3 6 3 R
18 4 11 4 R
18 5 8 5 R
18 6 4 6 U
18 7 1 7 U
18 8 3 0 R
18 9 8 13 D
18 10 13 10 U
18 11 15 18 L
18 12 20 12 D
18 13 6 5 R
18 14 2 14 D
18 15 11 1 R
18 16 8 16 D
18 17 22 21 L
18 18 15 12 D
18 19 6 19 L
18 20 1 4 R
18 23 16 4 R
19 0 2 18 L
19 1 0 10 U
19 2 17 8 U
19 3 6 19 L
19 4 15 14 D
19 5 7 5 R
19 6 18 6 U
19 7 3 21 L
19 8 12 19 L
19 9 10 9 U
19 10 27 1 R
19 11 0 17 D
19 12 4 19 L
19 13 10 19 L
19 14 3 14 D
19 15 13 20 L
19 16 5 5 R
19 17 8 17 D
19 18 13 14 D
19 19 7 15 D
19 20 5 14 D
19 22 21 22 L
19 23 17 23 L
20 0 16 11 U
20 1 8 1 R
20 2 4 9 U
20 3 8 10 U
20 4 2 4 R
20 5 6 5 R
20 6 14 12 D
20 7 4 7 U
20 8 1 8 U
20 9 1 1 R
20 10 21 10 U
20 11 15 11 U
20 12 1 3 R
20 13 6 1 R
20 14 5 22 L
20 15 21 18 L
20 16 14 3 R
20 17 23 0 R
20 18 16 17 D
20 19 5 12 D
20 20 1 14 D
20 21 8 11 U
20 23 1 10 U
21 0 9 7 U
21 1 4 6 U
21 2 24 6 U
21 3 19 3 R
21 4 9 4 R
21 6 7 13 D
21 7 1 7 U
21 8 19 23 L
21 9 8 9 U
21 10 10 18 L
21 12 18 4 R
21 13 3 5 R
21 14 0 3 R
21 15 12 15 D
21 17 6 17 D
21 18 0 2 R
21 19 16 9 U
21 20 4 14 D
21 23 3 16 D
22 0 6 11 U
22 1 3 16 D
22 2 6 2 R
22 3 6 3 R
22 4 0 11 U
22 6 24 19 L
22 7 3 23 L
22 8 17 13 D
22 9 1 9 U
22 10 0 13 D
22 12 6 20 L
22 13 3 8 U
22 14 12 7 U
22 15 17 4 R
22 17 3 9 U
22 18 10 18 L
22 19 5 14 D
22 23 20 13 D
23 0 0 18 L
23 1 17 19 L
23 3 5 3 R
23 4 0 23 L
23 6 27 0 R
23 8 18 18 L
23 9 22 16 D
23 10 0 23 L
23 12 3 18 L
23 13 2 1 R
23 14 3 14 D
23 17 16 2 R
23 18 8 15 D
23 19 21 7 U
23 23 8 23 L
24 0 8 0 R
24 1 21 10 U
24 6 25 4 R
24 8 23 20 L
24 9 20 9 U
24 10 2 10 U
24 12 14 19 L
24 13 15 13 D
24 14 6 23 L
24 15 23 15 D
24 18 20 7 U
24 19 17 11 U
25 0 9 0 R
25 1 22 15 D
25 6 13 6 U
25 8 23 8 U
25 13 0 1 R
25 14 0 8 U
25 18 4 7 U
25 19 2 13 D
25 23 4 23 L
26 6 5 6 U
26 8 2 8 U
26 13 6 13 D
26 14 3 14 D
26 18 21 16 D
27 8 7 13 D
27 14 3 14 D
27 18 6 12 D

