18 20 339
0 0 0 0 0 1 0 1 0 0 0 3 0 14 0 4 0 0 4 3
0 0 2 5 0 0 0 0 0 0 0 11 0 0 0 0 11 0 12 0
0 0 0 0 1 0 0 0 0 0 0 0 1 7 0 0 0 0 0 0
0 1 0 3 0 0 0 1 0 11 0 0 0 13 1 0 0 0 15 0
0 0 0 10 0 9 0 0 15 12 13 10 0 0 0 0 0 0 14 0
0 0 0 10 0 0 0 0 0 0 14 0 16 14 0 10 0 0 0 0
0 0 0 5 0 0 0 0 0 13 0 0 16 0 0 0 0 15 1 0
0 0 12 0 0 9 4 16 12 0 0 9 0 16 0 10 6 0 10 17
0 1 0 0 0 0 0 0 0 0 15 0 0 0 0 0 0 16 1 0
8 0 0 0 0 0 0 0 0 2 4 0 0 0 1 0 0 0 0 0
0 14 0 0 4 14 14 14 16 0 0 0 16 0 9 10 0 0 1 0
10 0 12 13 14 0 17 13 0 17 15 8 4 0 0 0 0 15 0 0
4 0 4 15 0 0 0 0 15 1 0 0 0 17 2 0 0 0 0 0
0 0 0 2 0 0 0 13 3 0 0 0 0 15 1 2 4 0 0 0
0 0 0 0 4 0 6 0 0 7 0 7 9 0 5 0 0 0 3 0
3 0 7 0 0 14 17 12 0 12 2 10 8 10 0 0 8 0 0 0
0 3 0 0 0 0 0 11 0 0 12 0 1 11 2 4 0 0 0 0
7 3 0 0 0 0 0 0 0 0 0 0 0 0 0 0 1 0 0 0
1 0 0 0 1 0 0 0 0 17 0 0 0 0 0 1 0 12 0 0
15 0 0 0 16 17 17 0 0 4 1 0 0 8 0 0 0 0 0 0
0 0 0 0 U
0 1 0 1 U
0 2 0 2 U
0 3 0 3 U
0 4 0 4 U
0 5 0 5 R
0 6 0 6 R
0 7 0 7 R
0 8 0 8 R
0 9 0 9 R
0 10 0 10 D
0 11 0 11 D
0 12 0 12 D
0 13 0 13 D
0 14 0 14 D
0 15 0 15 L
0 16 0 16 L
0 17 0 17 L
0 18 0 18 L
0 19 0 19 L
1 0 0 10 D
1 1 0 5 R
1 2 0 17 L
1 3 0 12 D
1 4 1 19 L
1 5 0 0 U
1 6 0 15 L
1 7 2 13 D
1 8 2 12 D
1 9 4 4 U
1 10 0 15 L
1 11 0 16 L
1 12 0 6 R
1 13 0 4 U
1 14 0 8 R
1 15 0 0 U
1 16 2 1 U
1 17 0 11 D
1 18 0 3 U
1 19 0 12 D
2 0 1 0 U
2 1 2 6 R
2 2 0 6 R
2 3 1 17 L
2 4 2 4 U
2 5 0 1 U
2 6 0 2 U
2 7 0 4 U
2 8 2 8 R
2 9 5 13 D
2 10 0 5 R
2 11 0 17 L
2 12 0 18 L
2 13 2 16 L
2 14 5 18 L
2 15 0 10 D
2 16 2 16 L
2 17 1 17 L
2 18 2 18 L
2 19 3 2 U
3 0 1 7 R
3 1 0 11 D
3 2 3 6 R
3 3 3 7 R
3 4 2 7 R
3 5 2 0 U
3 6 3 1 U
3 7 1 7 R
3 8 1 8 R
3 9 2 1 U
3 10 1 5 R
3 11 1 15 L
3 12 1 19 L
3 13 1 3 U
3 14 4 1 U
3 15 2 10 D
3 16 3 12 D
3 17 0 13 D
3 18 0 14 D
3 19 3 19 L
4 0 0 18 L
4 1 4 15 L
4 2 0 5 R
4 3 5 7 R
4 4 0 16 L
4 5 0 11 D
4 6 4 2 U
4 7 5 12 D
4 8 5 3 U
4 9 2 9 R
4 10 0 1 U
4 11 2 15 L
4 12 0 0 U
4 13 1 13 D
4 14 6 14 D
4 15 0 5 R
4 16 4 12 D
4 17 5 14 D
4 18 0 9 R
4 19 3 11 D
5 0 0 19 L
5 1 3 1 U
5 2 4 2 U
5 3 1 8 R
5 4 0 9 R
5 5 0 13 D
5 6 0 12 D
5 7 3 7 R
5 8 5 8 R
5 9 3 9 R
5 10 5 10 D
5 11 4 15 L
5 12 4 12 D
5 13 0 7 R
5 14 8 14 D
5 15 1 3 U
5 16 0 6 R
5 17 5 17 L
5 18 5 18 L
5 19 5 11 D
6 0 4 17 L
6 1 2 1 U
6 2 3 9 R
6 3 1 12 D
6 4 0 10 D
6 5 0 10 D
6 6 3 2 U
6 7 5 2 U
6 8 6 0 U
6 9 9 1 U
6 10 1 10 D
6 11 3 16 L
6 12 2 19 L
6 13 2 8 R
6 14 2 7 R
6 15 7 2 U
6 16 6 16 L
6 17 6 2 U
6 18 0 8 R
6 19 4 19 L
7 0 6 5 R
7 1 4 7 R
7 2 7 2 U
7 3 6 3 U
7 4 6 4 U
7 5 5 5 R
7 6 0 17 L
7 7 8 7 R
7 8 1 1 U
7 9 8 9 R
7 10 6 17 L
7 11 6 5 R
7 12 9 12 D
7 13 3 13 D
7 14 4 14 D
7 15 9 15 L
7 16 7 10 D
7 17 6 17 L
7 18 7 18 L
7 19 8 9 R
8 0 7 6 R
8 1 5 18 L
8 2 8 2 U
8 3 7 9 R
8 4 5 4 U
8 5 4 13 D
8 6 0 3 U
8 7 6 16 L
8 8 1 14 D
8 9 6 9 R
8 10 9 5 R
8 11 7 15 L
8 12 10 15 L
8 13 8 17 L
8 14 13 16 L
8 15 8 5 R
8 16 3 16 L
8 17 9 11 D
8 18 0 7 R
8 19 7 19 L
9 0 0 8 R
9 1 0 7 R
9 2 5 2 U
9 3 9 3 U
9 4 9 4 U
9 5 7 0 U
9 6 7 6 R
9 7 7 1 U
9 8 5 12 D
9 9 13 0 U
9 10 6 10 D
9 11 3 6 R
9 12 2 12 D
9 13 6 13 D
9 14 13 14 D
9 15 10 15 L
9 16 7 16 L
9 17 8 17 L
9 18 3 18 L
9 19 6 19 L
10 0 9 18 L
10 1 8 6 R
10 2 1 2 U
10 3 10 3 U
10 4 9 17 L
10 5 9 2 U
10 6 3 6 R
10 7 0 11 D
10 8 0 2 U
10 9 14 9 R
10 10 8 19 L
10 11 6 16 L
10 12 10 12 D
10 13 9 6 R
10 14 11 14 D
10 15 8 15 L
10 16 2 5 R
10 17 7 12 D
10 18 4 8 R
10 19 8 19 L
11 0 5 15 L
11 1 7 8 R
11 2 13 15 L
11 3 1 3 U
11 4 0 14 D
11 5 1 12 D
11 6 9 4 U
11 7 6 7 R
11 8 7 8 R
11 9 13 9 R
11 10 8 1 U
11 11 7 11 D
11 12 1 6 R
11 13 10 17 L
11 14 12 14 D
11 15 10 10 D
11 16 12 0 U
11 17 9 1 U
11 18 8 8 R
11 19 4 11 D
12 0 12 16 L
12 1 14 19 L
12 2 9 2 U
12 3 11 7 R
12 4 4 4 U
12 5 11 10 D
12 6 13 6 R
12 7 12 13 D
12 8 10 8 R
12 9 5 9 R
12 10 10 10 D
12 11 5 19 L
12 12 12 12 D
12 13 4 4 U
12 14 15 15 L
12 15 11 15 L
12 16 7 7 R
12 17 13 11 D
12 18 13 18 L
12 19 9 2 U
13 0 0 15 L
13 1 14 6 R
13 2 0 19 L
13 3 15 3 U
13 4 7 4 U
13 5 8 12 D
13 6 11 12 D
13 7 8 3 U
13 8 11 8 R
13 9 12 9 R
13 10 3 18 L
13 11 11 16 L
13 12 0 9 R
13 13 7 13 D
13 14 16 14 D
13 15 4 0 U
13 16 11 16 L
13 17 11 2 U
13 18 12 18 L
13 19 13 19 L
14 0 11 0 U
14 1 11 6 R
14 2 12 2 U
14 3 0 16 L
14 4 0 18 L
14 5 11 1 U
14 6 10 13 D
14 7 15 7 R
14 8 12 2 U
14 9 11 11 D
14 10 11 9 R
14 11 14 17 L
14 12 3 15 L
14 13 0 19 L
14 14 14 14 D
14 15 2 0 U
14 16 9 16 L
14 17 10 13 D
14 18 11 18 L
14 19 10 19 L
15 0 14 18 L
15 2 13 2 U
15 4 8 4 U
15 5 16 11 D
15 6 14 0 U
15 7 10 3 U
15 8 14 1 U
15 9 9 4 U
15 10 10 18 L
15 11 0 2 U
15 12 11 12 D
15 13 4 13 D
15 15 14 2 U
15 16 14 0 U
15 17 12 8 R
15 18 4 18 L
15 19 13 10 D
16 0 14 7 R
16 2 14 15 L
16 5 7 14 D
16 6 12 6 R
16 8 13 8 R
16 9 2 10 D
16 10 16 5 R
16 11 15 11 D
16 12 15 12 D
16 15 13 12 D
16 16 3 10 D
16 17 16 17 L
16 18 16 18 L
16 19 13 11 D
17 0 3 19 L
17 2 6 16 L
17 10 13 17 L
17 11 13 19 L
17 12 2 2 U
17 15 16 10 D
17 16 0 2 U
17 17 15 17 L

