20 14 228
3 0 0 11 0 19 13 5 7 15 17 14
0 8 0 5 8 0 14 2 1 0 0 6
5 8 0 0 17 16 3 0 12 12 0 0
7 12 11 0 0 9 15 16 6 0 0 15
0 4 5 19 0 0 15 0 2 14 12 0
4 13 3 0 11 0 0 0 9 0 0 12
13 0 7 13 0 0 0 3 5 0 8 7
13 8 1 0 0 13 6 0 0 2 18 7
18 0 0 19 0 0 17 14 6 16 0 8
0 0 6 2 12 11 0 0 17 0 18 7
0 14 0 0 1 0 12 6 0 8 0 19
5 6 0 15 0 0 6 0 2 0 3 0
0 0 0 0 U
0 1 0 1 U
0 2 0 2 U
0 3 0 3 R
0 4 0 4 R
0 5 0 5 R
0 6 0 6 D
0 7 0 7 D
0 8 0 8 D
0 9 0 9 D
0 10 0 10 D
0 11 0 11 L
0 12 0 12 L
0 13 0 13 L
1 0 0 7 D
1 1 7 6 D
1 2 4 9 D
1 3 3 0 U
1 4 6 4 R
1 5 13 6 D
1 6 6 11 L
1 7 2 7 D
1 8 8 8 D
1 9 0 4 R
1 10 9 11 L
1 11 3 3 R
1 12 4 12 L
1 13 2 0 U
2 0 0 6 D
2 1 8 4 R
2 2 10 5 R
2 3 3 6 D
2 4 13 4 R
2 5 10 5 R
2 6 7 6 D
2 7 9 7 D
2 8 18 8 D
2 10 0 5 R
2 11 4 2 U
2 12 14 10 D
2 13 4 13 L
3 0 13 13 L
3 1 4 1 U
3 2 10 6 D
3 3 0 7 D
3 4 0 12 L
3 5 0 1 U
3 6 0 11 L
3 7 4 11 L
3 8 2 8 D
3 9 5 9 D
3 11 0 0 U
3 12 16 3 R
3 13 6 0 U
4 0 6 5 R
4 1 5 1 U
4 2 13 3 R
4 3 9 1 U
4 4 0 1 U
4 5 6 0 U
4 6 8 6 D
4 7 0 0 U
4 8 12 3 R
4 9 3 4 R
4 11 3 2 U
4 12 11 4 R
4 13 3 13 L
5 0 0 5 R
5 1 12 11 L
5 2 3 2 U
5 3 1 0 U
5 4 0 2 U
5 5 1 9 D
5 6 0 12 L
5 7 2 5 R
5 8 8 8 D
5 9 10 9 D
5 10 6 13 L
5 11 0 6 D
5 12 6 12 L
5 13 0 5 R
6 0 11 0 U
6 1 4 13 L
6 2 9 2 U
6 3 0 0 U
6 4 5 8 D
6 5 1 5 R
6 6 2 5 R
6 7 8 2 U
6 8 0 1 U
6 11 3 0 U
6 12 0 1 U
6 13 11 13 L
7 0 0 11 L
7 1 12 7 D
7 2 11 13 L
7 3 5 2 U
7 4 10 0 U
7 5 0 7 D
7 6 12 3 R
7 7 9 4 R
7 8 10 8 D
7 11 4 11 L
7 12 3 12 L
7 13 6 1 U
8 0 15 11 L
8 1 0 3 R
8 2 14 11 L
8 3 0 6 D
8 4 1 4 R
8 5 16 13 L
8 6 14 12 L
8 7 6 3 R
8 8 9 12 L
8 11 9 7 D
8 12 16 12 L
8 13 0 7 D
9 0 11 0 U
9 1 1 12 L
9 2 2 2 U
9 3 12 7 D
9 4 13 0 U
9 5 16 1 U
9 6 6 4 R
9 7 6 7 D
9 8 2 12 L
9 10 1 10 D
9 11 8 3 R
9 12 4 2 U
9 13 13 13 L
10 0 2 12 L
10 1 1 1 U
10 2 14 12 L
10 3 0 8 D
10 4 0 11 L
10 5 1 5 R
10 6 0 5 R
10 7 4 5 R
10 9 5 12 L
10 11 15 11 L
10 12 5 7 D
10 13 8 1 U
11 0 0 4 R
11 1 1 1 U
11 2 10 7 D
11 3 15 3 R
11 4 10 6 D
11 5 5 10 D
11 6 13 6 D
11 7 16 4 R
11 11 13 2 U
11 12 10 5 R
11 13 2 13 L
12 0 0 9 D
12 1 15 3 R
12 2 4 2 U
12 3 9 10 D
12 4 6 12 L
12 5 16 0 U
12 6 6 6 D
12 7 1 7 D
12 11 13 7 D
12 12 1 12 L
12 13 3 5 R
13 0 2 0 U
13 1 12 1 U
13 2 7 2 U
13 3 4 0 U
13 4 0 6 D
13 5 16 5 R
13 6 4 12 L
13 7 14 7 D
13 8 8 4 R
13 11 14 6 D
13 12 17 6 D
13 13 8 8 D
14 0 8 3 R
14 1 5 4 R
14 2 7 12 L
14 3 8 6 D
14 4 8 12 L
14 5 2 5 R
14 6 1 11 L
14 7 0 13 L
14 8 8 11 L
14 11 0 7 D
14 12 13 1 U
14 13 3 0 U
15 0 0 13 L
15 1 13 1 U
15 2 0 8 D
15 3 9 7 D
15 4 10 4 R
15 5 11 5 R
15 6 4 4 R
15 7 10 0 U
15 11 0 8 D
15 12 8 7 D
15 13 2 13 L
16 0 4 0 U
16 1 8 11 L
16 2 17 8 D
16 3 14 6 D
16 4 17 7 D
16 5 4 5 R
16 6 12 13 L
16 7 2 7 D
16 8 13 11 L
16 11 0 3 R
16 12 0 2 U
16 13 10 7 D
17 0 10 12 L
17 1 3 1 U
17 3 5 6 D
17 4 4 4 R
17 6 5 6 D
17 11 18 11 L
17 13 2 13 L
18 0 16 13 L
18 1 3 1 U
18 3 9 2 U
18 4 7 4 R
18 6 7 4 R
18 11 9 11 L
19 0 4 5 R
19 1 8 8 D
19 3 5 0 U
19 4 18 2 U

