15 17 217
5 0 10 5 10 7 12 6 10 2 9 3
5 0 0 0 12 0 0 0 7 0 11 14
8 0 10 0 3 0 0 5 0 0 0 12
0 1 0 13 0 7 13 0 0 0 11 12
0 0 0 0 0 5 8 0 0 14 0 11
0 7 7 5 5 5 0 0 0 11 12 2
6 0 0 0 11 0 8 12 0 0 5 1
0 0 10 0 0 0 0 13 0 0 0 1
10 7 4 2 0 0 9 0 5 3 0 6
0 0 8 0 3 4 4 0 0 0 6 7
9 2 10 11 12 0 0 0 9 0 3 7
2 13 0 9 0 3 6 8 12 12 0 0
0 0 0 0 D
0 1 0 1 D
0 2 0 2 D
0 3 0 3 D
0 4 0 4 D
0 5 0 5 R
0 6 0 6 R
0 7 0 7 R
0 8 0 8 R
0 9 0 9 U
0 10 0 10 U
0 11 0 11 U
0 12 0 12 U
0 13 0 13 L
0 14 0 14 L
0 15 0 15 L
0 16 0 16 L
1 0 8 6 R
1 1 0 14 L
1 2 10 7 R
1 3 4 3 D
1 4 4 7 R
1 5 9 11 U
1 6 2 1 D
1 7 3 4 D
1 8 0 3 D
1 9 4 1 D
1 10 11 4 D
1 11 3 0 D
1 12 0 14 L
1 13 3 2 D
1 14 6 14 L
1 15 0 7 R
1 16 11 1 D
2 0 5 16 L
2 1 12 1 D
2 2 0 8 R
2 3 0 10 U
2 4 1 5 R
2 5 3 3 D
2 6 4 6 R
2 7 0 10 U
2 8 9 8 R
2 9 12 9 U
2 10 12 2 D
2 11 3 1 D
2 12 4 12 U
2 13 0 0 D
2 14 0 10 U
2 15 1 15 L
2 16 13 9 U
3 0 5 0 D
3 1 4 1 D
3 2 10 16 L
3 3 5 6 R
3 4 11 14 L
3 5 0 0 D
3 6 0 1 D
3 7 4 7 R
3 8 11 11 U
3 9 0 13 L
3 10 8 10 U
3 11 0 2 D
3 12 10 8 R
3 13 4 13 L
3 14 5 14 L
3 15 12 12 U
3 16 6 16 L
4 0 9 7 R
4 1 2 5 R
4 2 9 2 D
4 3 9 3 D
4 4 11 4 D
4 5 5 16 L
4 6 2 0 D
4 7 11 9 U
4 8 2 8 R
4 9 3 9 U
4 10 0 0 D
4 11 12 15 L
4 12 0 1 D
4 13 7 9 U
4 14 0 1 D
4 15 10 15 L
4 16 6 11 U
5 0 0 16 L
5 1 4 9 U
5 2 4 13 L
5 3 7 6 R
5 4 1 4 D
5 5 12 0 D
5 6 6 11 U
5 7 7 7 R
5 8 13 9 U
5 9 1 9 U
5 10 0 5 R
5 11 4 6 R
5 12 9 12 U
5 13 1 4 D
5 14 2 10 U
5 15 6 2 D
5 16 9 16 L
6 0 0 7 R
6 1 2 13 L
6 2 1 8 R
6 3 9 15 L
6 4 2 7 R
6 5 2 12 U
6 6 3 6 R
6 7 3 3 D
6 8 11 2 D
6 9 9 8 R
6 10 8 5 R
6 11 5 14 L
6 12 9 5 R
6 13 4 5 R
6 14 2 14 L
6 15 0 12 U
6 16 2 16 L
7 0 0 5 R
7 1 10 13 L
7 2 10 5 R
7 3 3 3 D
7 4 1 11 U
7 5 0 4 D
7 6 5 11 U
7 7 0 15 L
7 8 6 8 R
7 9 10 7 R
7 10 4 13 L
7 11 5 5 R
7 12 6 3 D
7 13 5 9 U
7 14 8 14 L
7 15 0 9 U
7 16 2 6 R
8 0 2 13 L
8 1 9 10 U
8 3 12 14 L
8 5 0 13 L
8 6 6 10 U
8 7 3 12 U
8 8 0 12 U
8 9 0 6 R
8 10 1 5 R
8 11 7 11 U
8 12 7 0 D
8 13 0 2 D
8 14 4 11 U
8 15 7 15 L
8 16 6 10 U
9 0 0 6 R
9 1 10 16 L
9 3 5 3 D
9 4 2 4 D
9 5 0 10 U
9 6 6 12 U
9 7 8 10 U
9 8 3 8 R
9 9 1 16 L
9 10 11 10 U
9 11 5 6 R
9 12 8 12 U
9 13 7 13 L
9 14 6 14 L
9 16 4 16 L
10 0 12 8 R
10 1 3 14 L
10 3 8 3 D
10 4 9 15 L
10 5 0 9 U
10 6 1 15 L
10 7 6 3 D
10 8 1 12 U
10 9 0 0 D
10 10 11 10 U
10 11 7 7 R
10 12 0 4 D
10 13 1 0 D
10 14 5 1 D
10 15 0 11 U
10 16 2 16 L
11 0 0 15 L
11 1 1 7 R
11 2 8 2 D
11 3 13 13 L
11 5 10 1 D
11 6 7 6 R
11 7 13 7 R
11 10 0 16 L
11 11 10 11 U
11 12 0 15 L
11 13 3 13 L
11 14 5 10 U
11 16 6 16 L
12 0 2 12 U
12 1 1 6 R
12 3 1 3 D
12 5 8 4 D
12 6 0 14 L
12 7 8 7 R
12 9 3 9 U
12 10 2 10 U
12 11 4 3 D
12 13 8 0 D
12 14 0 3 D
12 16 11 16 L
13 1 12 1 D
13 3 4 3 D
13 6 7 6 R
13 7 5 7 R
13 10 12 1 D
13 11 4 11 U
13 14 5 14 L
13 16 0 8 R
14 7 0 14 L
14 10 3 5 R

