21 16 265
0 9 0 7 4 0 17 0 0 18 0 0 4
0 0 0 16 0 16 11 10 0 0 0 0 5
0 0 13 0 18 0 0 2 0 8 0 0 11
6 0 15 8 0 19 0 18 0 4 0 0 13
2 1 7 2 3 11 3 0 13 0 15 2 0
0 0 0 4 0 7 0 2 8 0 0 0 12
13 0 4 0 0 0 17 2 0 18 0 0 15
0 0 0 15 18 0 0 0 0 0 0 1 9
13 2 4 0 2 0 0 17 7 0 16 6 3
11 16 0 14 0 15 18 16 0 0 0 0 0
12 0 0 9 0 0 0 11 0 0 14 0 0
0 10 0 14 0 12 0 0 17 0 5 0 0
0 12 14 0 3 13 13 14 17 0 1 1 8
0 0 0 0 U
0 1 0 1 U
0 2 0 2 U
0 3 0 3 U
0 4 0 4 R
0 5 0 5 R
0 6 0 6 R
0 7 0 7 R
0 8 0 8 D
0 9 0 9 D
0 10 0 10 D
0 11 0 11 D
0 12 0 12 L
0 13 0 13 L
0 14 0 14 L
0 15 0 15 L
1 0 0 13 L
1 1 2 1 U
1 2 13 2 U
1 3 2 3 U
1 4 5 2 U
1 5 0 0 U
1 6 0 3 U
1 7 6 7 R
1 8 16 12 L
1 9 3 9 D
1 10 3 10 D
1 11 0 0 U
1 12 6 4 R
1 13 9 10 D
1 14 0 0 U
1 15 6 15 L
2 0 14 13 L
2 1 5 15 L
2 2 15 5 R
2 3 5 7 R
2 4 7 3 U
2 5 9 5 R
2 6 5 6 R
2 7 10 7 R
2 8 14 13 L
2 9 1 9 D
2 10 10 5 R
2 11 7 11 D
2 12 1 0 U
2 13 4 13 L
2 14 14 9 D
2 15 10 11 D
3 0 12 0 U
3 1 11 14 L
3 2 4 2 U
3 3 8 3 U
3 4 16 2 U
3 5 7 10 D
3 6 16 10 D
3 8 0 3 U
3 9 12 9 D
3 10 2 5 R
3 11 4 6 R
3 12 16 2 U
3 13 13 9 D
3 14 4 14 L
3 15 9 8 D
4 0 10 15 L
4 1 0 12 L
4 2 8 6 R
4 3 0 14 L
4 4 10 9 D
4 5 1 5 R
4 6 14 6 R
4 8 0 13 L
4 9 1 12 L
4 10 5 15 L
4 11 2 11 D
4 12 12 2 U
4 13 5 1 U
4 14 10 1 U
4 15 0 7 R
5 0 4 6 R
5 1 12 13 L
5 2 1 2 U
5 3 0 15 L
5 4 0 14 L
5 5 2 10 D
5 6 6 6 R
5 7 3 3 U
5 8 12 8 D
5 9 6 6 R
5 10 12 0 U
5 11 13 3 U
5 12 10 8 D
5 13 1 13 L
5 14 3 14 L
6 0 3 5 R
6 1 0 9 D
6 2 0 4 R
6 3 14 5 R
6 4 10 8 D
6 5 4 11 D
6 6 3 6 R
6 8 2 0 U
6 9 3 4 R
6 10 8 1 U
6 11 1 11 D
6 12 15 0 U
6 13 11 8 D
6 14 0 11 D
6 15 1 15 L
7 0 0 7 R
7 1 10 1 U
7 2 3 2 U
7 3 1 3 U
7 4 2 10 D
7 5 10 5 R
7 6 1 8 D
7 8 10 4 R
7 9 3 9 D
7 10 9 3 U
7 11 8 14 L
7 12 0 4 R
7 13 0 1 U
7 15 2 15 L
8 0 16 0 U
8 1 11 5 R
8 2 2 14 L
8 3 4 7 R
8 4 0 9 D
8 5 11 1 U
8 6 2 9 D
8 8 12 12 L
8 9 2 12 L
8 10 3 0 U
8 11 17 11 D
8 12 6 12 L
8 13 0 2 U
8 14 4 6 R
8 15 2 2 U
9 0 10 10 D
9 1 6 9 D
9 2 5 2 U
9 3 0 5 R
9 4 0 8 D
9 5 5 8 D
9 6 4 1 U
9 8 8 14 L
9 9 6 5 R
9 11 0 14 L
9 12 4 12 L
9 13 14 11 D
9 14 1 11 D
9 15 1 15 L
10 0 12 4 R
10 1 3 6 R
10 2 17 2 U
10 3 1 3 U
10 4 9 4 R
10 5 15 5 R
10 6 2 6 R
10 7 0 15 L
10 8 6 5 R
10 9 11 9 D
10 10 2 6 R
10 11 3 11 D
10 12 0 8 D
10 13 11 0 U
10 14 6 11 D
10 15 7 3 U
11 0 16 4 R
11 1 0 8 D
11 2 1 4 R
11 3 13 3 U
11 4 14 10 D
11 5 0 12 L
11 6 0 1 U
11 8 1 8 D
11 9 9 12 L
11 10 7 10 D
11 11 2 13 L
11 12 2 3 U
11 13 3 9 D
11 14 10 10 D
11 15 3 15 L
12 0 16 15 L
12 1 1 1 U
12 2 0 6 R
12 3 9 13 L
12 4 15 1 U
12 5 9 15 L
12 6 1 2 U
12 8 0 4 R
12 9 0 2 U
12 10 1 4 R
12 11 4 4 R
12 12 2 0 U
12 13 8 10 D
12 14 2 14 L
13 0 0 4 R
13 2 0 9 D
13 3 10 5 R
13 4 16 8 D
13 5 0 11 D
13 6 8 2 U
13 8 0 5 R
13 9 0 6 R
13 11 14 0 U
13 12 0 9 D
13 13 2 0 U
13 14 16 8 D
13 15 0 6 R
14 0 4 12 L
14 1 1 12 L
14 2 2 4 R
14 4 0 12 L
14 5 4 12 L
14 6 16 2 U
14 7 2 8 D
14 8 2 4 R
14 9 0 12 L
14 10 0 1 U
14 11 13 13 L
14 12 2 1 U
14 13 1 9 D
14 14 2 14 L
15 0 2 6 R
15 2 1 2 U
15 4 13 12 L
15 6 0 14 L
15 8 17 8 D
15 9 12 13 L
15 11 1 11 D
15 12 3 8 D
15 13 6 2 U
15 15 2 15 L
16 0 9 14 L
16 1 8 4 R
16 2 8 4 R
16 3 2 13 L
16 4 4 0 U
16 5 1 2 U
16 6 3 6 R
16 8 11 8 D
16 9 2 4 R
16 10 4 14 L
16 11 3 13 L
16 12 13 11 D
16 13 5 6 R
17 0 8 0 U
17 1 1 1 U
17 2 0 5 R
17 3 12 4 R
17 4 18 1 U
17 6 10 6 R
17 8 5 4 R
17 9 11 0 U
17 11 3 11 D
17 15 3 9 D
18 0 13 0 U
18 2 2 2 U
18 4 12 4 R
18 6 4 12 L
18 8 20 8 D
18 9 1 9 D
18 11 1 11 D
19 2 1 2 U
20 2 5 2 U

