13 16 166
7 9 9 10 6 0 7 6 0 0
0 0 6 0 10 0 5 0 11 10
0 0 0 0 0 0 0 0 0 0
0 0 0 4 0 0 0 0 2 1
0 0 0 0 0 10 3 4 1 10
0 0 0 0 0 0 0 4 0 12
7 0 11 7 0 0 5 0 0 0
5 9 0 1 8 0 8 0 0 0
0 0 10 0 0 0 10 8 9 0
9 0 0 0 0 0 8 0 7 10
0 0 0 0 L
0 1 0 1 L
0 2 0 2 L
0 3 0 3 L
0 4 0 4 R
0 5 0 5 R
0 6 0 6 R
0 7 0 7 D
0 8 0 8 D
0 9 0 9 D
0 10 0 10 D
0 11 0 11 D
0 12 0 12 U
0 13 0 13 U
0 14 0 14 U
0 15 0 15 U
1 0 0 7 D
1 1 0 9 D
1 2 7 2 L
1 3 3 3 L
1 4 3 15 U
1 5 2 12 U
1 6 2 15 U
1 7 7 0 L
1 8 5 6 R
1 9 0 6 R
1 10 2 10 D
1 11 7 12 U
1 12 2 4 R
1 13 0 7 D
1 14 4 14 U
1 15 6 6 R
2 0 3 13 U
2 1 8 8 D
2 2 8 10 D
2 3 6 8 D
2 4 0 12 U
2 5 6 12 U
2 6 0 15 U
2 7 0 12 U
2 8 6 8 D
2 9 1 9 D
2 10 6 10 D
2 11 5 3 L
2 12 1 1 L
2 13 1 0 L
2 14 5 5 R
2 15 0 11 D
3 0 6 10 D
3 1 9 13 U
3 2 4 2 L
3 3 2 3 L
3 4 7 7 D
3 5 2 15 U
3 6 2 8 D
3 7 0 0 L
3 8 6 2 L
3 9 1 0 L
3 10 9 2 L
3 12 8 0 L
3 13 2 6 R
3 14 5 1 L
3 15 2 15 U
4 0 1 7 D
4 1 9 1 L
4 2 1 9 D
4 4 5 13 U
4 5 1 14 U
4 6 8 7 D
4 7 0 4 R
4 8 2 5 R
4 9 2 9 D
4 10 0 1 L
4 11 5 11 D
4 12 7 7 D
4 13 1 8 D
4 14 1 14 U
4 15 1 2 L
5 0 9 13 U
5 1 0 14 U
5 2 6 15 U
5 4 3 4 R
5 5 1 5 R
5 6 1 13 U
5 7 6 7 D
5 8 9 1 L
5 9 4 1 L
5 10 4 14 U
5 11 2 11 D
5 12 4 12 U
5 13 2 4 R
5 14 0 5 R
5 15 1 15 U
6 0 4 8 D
6 1 4 7 D
6 2 7 8 D
6 3 3 10 D
6 4 3 11 D
6 5 3 13 U
6 6 5 13 U
6 7 3 2 L
6 8 9 4 R
6 9 3 9 D
6 10 0 12 U
6 12 0 0 L
6 13 0 4 R
6 14 2 14 U
6 15 0 1 L
7 0 4 7 D
7 1 5 15 U
7 2 0 6 R
7 4 4 2 L
7 5 8 8 D
7 6 3 9 D
7 7 8 6 R
7 8 2 2 L
7 9 6 5 R
7 10 1 10 D
7 12 0 3 L
7 13 6 13 U
7 14 4 9 D
7 15 1 10 D
8 0 10 12 U
8 1 7 5 R
8 2 5 2 L
8 4 3 4 R
8 5 9 5 R
8 6 10 9 D
8 7 3 4 R
8 8 1 12 U
8 10 9 0 L
8 12 11 1 L
8 13 6 3 L
8 15 7 15 U
9 0 12 4 R
9 1 11 14 U
9 2 8 12 U
9 4 5 14 U
9 5 1 10 D
9 6 3 6 R
9 7 5 5 R
9 8 4 13 U
9 9 1 1 L
9 10 3 10 D
9 12 3 0 L
9 13 0 8 D
9 14 1 8 D
9 15 6 5 R
10 0 9 12 U
10 1 0 4 R
10 4 0 0 L
10 5 2 13 U
10 7 11 4 R
10 9 9 6 R
10 10 1 10 D
10 12 2 1 L
10 13 7 2 L
10 14 6 0 L
10 15 9 8 D
11 1 0 12 U
11 2 10 14 U
11 4 9 9 D
11 5 5 9 D
11 7 9 5 R
12 1 8 4 R
12 4 0 13 U

