26 21 446
20 0 22 0 21 10 11 1 22 0 0 0 14
18 0 0 19 23 0 0 10 0 0 0 0 12
0 10 17 7 22 14 0 11 0 0 0 0 16
0 7 0 14 0 0 0 20 0 0 12 0 14
0 0 0 0 0 21 0 0 11 0 10 6 7
0 12 0 0 0 16 23 22 0 13 21 18 22
0 14 14 0 19 11 11 0 21 19 0 2 0
6 0 0 4 14 0 18 0 16 0 0 7 0
3 3 23 0 10 0 20 0 18 0 0 20 0
0 0 24 0 24 9 19 0 7 0 1 0 0
4 8 9 0 0 0 21 0 0 0 11 19 0
0 6 0 17 17 18 0 18 0 0 13 18 0
20 2 14 19 6 3 9 0 0 0 0 20 20
0 0 0 0 R
0 1 0 1 R
0 2 0 2 R
0 3 0 3 R
0 4 0 4 R
0 5 0 5 R
0 6 0 6 U
0 7 0 7 U
0 8 0 8 U
0 9 0 9 U
0 10 0 10 U
0 11 0 11 D
0 12 0 12 D
0 13 0 13 D
0 14 0 14 D
0 15 0 15 D
0 16 0 16 L
0 17 0 17 L
0 18 0 18 L
0 19 0 19 L
0 20 0 20 L
1 0 12 13 D
1 1 15 1 R
1 2 8 18 L
1 3 11 8 U
1 4 4 4 R
1 5 2 5 R
1 6 4 0 R
1 7 10 2 R
1 8 7 8 U
1 9 7 9 U
1 10 11 2 R
1 11 0 0 R
1 12 4 12 D
1 13 8 2 R
1 14 16 14 D
1 15 11 2 R
1 16 8 16 L
1 17 14 6 U
1 18 8 18 L
1 19 11 19 L
1 20 19 20 L
2 0 17 12 D
2 1 4 7 U
2 2 0 8 U
2 3 4 15 D
2 4 14 10 U
2 5 22 10 U
2 6 0 20 L
2 7 4 7 U
2 8 11 4 R
2 9 11 9 U
2 10 5 10 U
2 11 11 0 R
2 12 11 2 R
2 13 14 13 D
2 14 6 14 D
2 15 6 4 R
2 16 6 12 D
2 17 0 11 D
2 18 17 8 U
2 19 8 9 U
2 20 8 20 L
3 0 16 11 D
3 1 12 17 L
3 2 1 2 R
3 3 17 17 L
3 4 4 20 L
3 6 4 17 L
3 7 7 16 L
3 8 18 19 L
3 9 2 9 U
3 10 2 16 L
3 11 13 18 L
3 12 2 0 R
3 13 2 13 D
3 14 6 14 D
3 15 2 3 R
3 16 0 6 U
3 17 1 11 D
3 18 21 11 D
3 19 2 8 U
3 20 13 20 L
4 0 2 6 U
4 1 2 1 R
4 2 16 2 R
4 3 7 10 U
4 4 3 4 R
4 5 23 8 U
4 6 18 6 U
4 7 7 7 U
4 8 0 1 R
4 9 10 20 L
4 10 6 10 U
4 11 2 11 D
4 12 1 12 D
4 13 0 1 R
4 14 8 18 L
4 15 16 16 L
4 16 0 12 D
4 17 9 13 D
4 18 3 5 R
4 19 11 19 L
4 20 1 20 L
5 0 0 14 D
5 1 13 11 D
5 2 0 9 U
5 3 3 14 D
5 4 11 4 R
5 6 7 6 U
5 7 4 2 R
5 8 13 8 U
5 9 10 0 R
5 10 6 10 U
5 11 7 19 L
5 12 8 12 D
5 13 8 20 L
5 14 0 19 L
5 15 7 8 U
5 16 20 7 U
5 17 0 0 R
5 18 14 18 L
5 19 17 7 U
5 20 9 20 L
6 0 5 13 D
6 1 0 15 D
6 2 3 8 U
6 3 0 16 L
6 4 8 4 R
6 6 17 3 R
6 7 3 7 U
6 8 3 8 U
6 9 3 9 U
6 10 1 10 U
6 11 8 6 U
6 12 18 4 R
6 13 16 13 D
6 14 1 14 D
6 15 7 15 D
6 16 18 14 D
6 17 1 8 U
6 18 2 7 U
6 19 0 0 R
6 20 0 10 U
7 0 0 6 U
7 1 3 7 U
7 2 8 19 L
7 3 3 3 R
7 4 15 9 U
7 5 4 5 R
7 6 3 6 U
7 7 2 7 U
7 8 19 8 U
7 9 12 9 U
7 10 2 10 U
7 11 9 11 D
7 12 15 19 L
7 13 3 13 D
7 14 18 20 L
7 15 9 15 D
7 16 16 16 L
7 17 2 7 U
7 18 2 6 U
7 19 2 12 D
7 20 8 13 D
8 0 3 17 L
8 1 1 1 R
8 2 9 17 L
8 4 6 8 U
8 5 15 5 R
8 6 0 17 L
8 7 13 0 R
8 8 7 0 R
8 9 1 1 R
8 10 6 12 D
8 11 0 6 U
8 12 0 3 R
8 13 10 17 L
8 14 13 4 R
8 15 11 17 L
8 16 0 7 U
8 17 3 17 L
8 18 1 18 L
8 19 3 8 U
8 20 13 5 R
9 0 3 16 L
9 1 1 9 U
9 2 13 2 R
9 3 17 9 U
9 4 6 4 R
9 6 16 18 L
9 7 3 1 R
9 8 16 17 L
9 9 8 13 D
9 10 7 10 U
9 11 5 0 R
9 12 1 12 D
9 13 6 4 R
9 14 7 14 D
9 15 13 1 R
9 16 0 5 R
9 17 21 7 U
9 18 2 13 D
9 19 18 6 U
9 20 0 15 D
10 0 15 19 L
10 1 7 6 U
10 2 16 11 D
10 4 7 9 U
10 5 11 13 D
10 6 11 1 R
10 7 0 13 D
10 8 3 8 U
10 9 0 12 D
10 10 4 0 R
10 11 13 20 L
10 12 12 19 L
10 13 19 19 L
10 14 6 17 L
10 15 1 5 R
10 16 3 6 U
10 17 9 10 U
10 18 1 12 D
10 19 12 15 D
10 20 16 9 U
11 0 10 0 R
11 1 5 1 R
11 2 4 2 R
11 3 10 3 R
11 4 4 13 D
11 5 8 9 U
11 6 20 18 L
11 7 6 18 L
11 8 13 11 D
11 9 21 1 R
11 10 5 10 U
11 11 4 3 R
11 12 10 17 L
11 13 1 13 D
11 14 7 14 D
11 15 15 15 D
11 16 17 9 U
11 17 14 11 D
11 18 12 6 U
11 19 0 4 R
11 20 13 15 D
12 0 0 16 L
12 1 14 1 R
12 2 5 15 D
12 4 11 4 R
12 5 9 11 D
12 6 1 16 L
12 7 3 16 L
12 8 0 11 D
12 9 8 16 L
12 10 0 19 L
12 11 2 1 R
12 12 18 0 R
12 13 5 13 D
12 14 7 14 D
12 15 14 20 L
12 16 11 16 L
12 17 7 15 D
12 18 3 6 U
12 19 0 14 D
12 20 9 7 U
13 0 17 14 D
13 1 21 13 D
13 2 8 2 R
13 3 3 3 R
13 4 3 4 R
13 5 8 5 R
13 6 17 19 L
13 7 4 7 U
13 8 3 0 R
13 9 6 5 R
13 10 18 18 L
13 11 15 16 L
13 12 0 16 L
13 13 14 0 R
13 14 19 4 R
13 15 9 2 R
13 16 17 11 D
13 17 0 13 D
13 18 4 18 L
13 19 10 8 U
13 20 1 6 U
14 0 3 11 D
14 1 7 19 L
14 2 7 10 U
14 4 16 4 R
14 5 3 7 U
14 6 0 16 L
14 7 6 7 U
14 8 12 13 D
14 10 9 10 U
14 11 3 4 R
14 12 0 17 L
14 13 11 16 L
14 14 19 18 L
14 15 6 8 U
14 16 2 8 U
14 17 1 17 L
14 18 16 9 U
14 19 12 19 L
14 20 0 7 U
15 0 13 16 L
15 1 0 17 L
15 2 14 7 U
15 3 4 8 U
15 4 20 4 R
15 5 2 8 U
15 6 12 6 U
15 7 12 0 R
15 8 20 3 R
15 9 2 3 R
15 10 2 10 U
15 11 6 7 U
15 12 20 6 U
15 13 4 3 R
15 14 17 16 L
15 15 8 19 L
15 16 0 0 R
15 17 7 9 U
15 18 9 7 U
15 19 1 19 L
15 20 17 4 R
16 0 6 14 D
16 1 19 14 D
16 2 2 9 U
16 4 11 14 D
16 5 4 5 R
16 6 18 17 L
16 7 10 20 L
16 8 4 20 L
16 10 20 19 L
16 11 9 6 U
16 12 3 12 D
16 13 19 2 R
16 14 11 14 D
16 15 12 15 D
16 16 13 8 U
16 17 3 15 D
16 18 0 9 U
16 19 7 19 L
16 20 19 10 U
17 0 20 18 L
17 1 0 12 D
17 2 11 2 R
17 3 20 11 D
17 6 0 0 R
17 7 16 7 U
17 8 22 18 L
17 9 16 16 L
17 10 0 18 L
17 11 9 11 D
17 12 12 1 R
17 13 11 18 L
17 14 0 2 R
17 16 14 10 U
17 17 3 8 U
17 18 1 18 L
17 19 11 19 L
17 20 22 14 D
18 0 13 0 R
18 1 8 11 D
18 2 16 6 U
18 3 14 14 D
18 4 6 12 D
18 6 10 11 D
18 7 17 11 D
18 8 3 8 U
18 10 12 1 R
18 11 6 11 D
18 12 9 4 R
18 13 1 1 R
18 14 4 18 L
18 16 19 16 L
18 17 17 0 R
18 18 14 15 D
18 19 13 13 D
18 20 8 8 U
19 0 5 0 R
19 1 8 9 U
19 2 16 2 R
19 3 14 7 U
19 4 16 15 D
19 6 1 6 U
19 7 1 17 L
19 8 15 4 R
19 9 12 19 L
19 10 14 10 U
19 11 7 1 R
19 12 11 5 R
19 13 1 9 U
19 14 6 5 R
19 16 0 2 R
19 17 5 10 U
19 18 12 7 U
19 19 18 1 R
19 20 15 8 U
20 0 9 20 L
20 1 6 14 D
20 2 13 12 D
20 4 0 20 L
20 6 3 20 L
20 7 2 7 U
20 8 7 4 R
20 9 2 18 L
20 10 12 20 L
20 11 15 6 U
20 12 10 3 R
20 13 7 13 D
20 14 3 2 R
20 16 14 12 D
20 17 12 1 R
20 18 17 6 U
20 19 9 3 R
20 20 8 20 L
21 0 20 0 R
21 1 11 12 D
21 2 22 12 D
21 7 17 3 R
21 8 18 14 D
21 9 18 2 R
21 10 17 16 L
21 11 17 2 R
21 14 24 1 R
21 17 11 17 L
21 18 3 8 U
22 0 11 11 D
22 1 15 15 D
22 2 17 2 R
22 6 3 0 R
22 7 20 17 L
22 10 5 10 U
22 14 7 17 L
22 20 21 14 D
23 2 2 2 R
23 7 25 7 U
23 10 2 10 U
23 14 8 20 L
24 7 1 7 U
24 10 19 10 U
24 14 11 1 R
25 14 12 0 R

