21 20 360
0 3 6 0 0 3 0 0 0 7 0 14 0 4
16 3 20 0 16 0 0 0 0 0 9 0 0 0
0 0 0 7 0 11 0 4 0 4 10 1 0 0
0 0 0 0 0 15 0 0 8 15 16 0 0 0
0 0 0 0 0 0 3 0 2 4 0 16 0 0
0 0 0 13 0 0 5 0 0 18 19 4 0 20
0 0 0 16 9 19 0 0 0 17 4 0 0 15
0 0 0 15 0 15 12 0 0 14 5 0 10 6
0 0 0 15 0 0 7 10 0 0 0 5 0 16
0 0 0 0 3 0 4 0 0 0 0 0 0 4
0 0 0 0 8 0 0 1 0 0 17 0 9 7
0 0 19 0 0 0 2 0 0 0 0 19 13 0
0 7 17 0 15 0 6 0 0 14 0 0 2 0
3 7 20 14 16 3 0 12 0 12 5 11 6 0
0 0 0 0 D
0 1 0 1 D
0 2 0 2 D
0 3 0 3 D
0 4 0 4 D
0 5 0 5 R
0 6 0 6 R
0 7 0 7 R
0 8 0 8 R
0 9 0 9 R
0 10 0 10 U
0 11 0 11 U
0 12 0 12 U
0 13 0 13 U
0 14 0 14 U
0 15 0 15 L
0 16 0 16 L
0 17 0 17 L
0 18 0 18 L
0 19 0 19 L
1 0 2 0 D
1 1 16 1 D
1 2 5 13 U
1 3 5 19 L
1 4 14 4 D
1 5 8 11 U
1 6 11 12 U
1 7 0 1 D
1 8 7 8 R
1 9 11 9 R
1 10 7 5 R
1 11 13 11 U
1 12 8 12 U
1 13 9 13 U
1 14 13 17 L
1 15 7 1 D
1 16 7 16 L
1 17 5 14 U
1 18 11 18 L
1 19 12 19 L
2 0 0 7 R
2 1 0 9 R
2 2 5 12 U
2 3 4 17 L
2 4 1 6 R
2 5 9 0 D
2 6 7 0 D
2 7 0 0 D
2 8 0 4 D
2 9 5 9 R
2 10 4 5 R
2 11 0 0 D
2 12 6 6 R
2 13 10 16 L
2 14 1 14 U
2 15 0 10 U
2 16 3 16 L
2 17 3 17 L
2 18 5 18 L
2 19 8 13 U
3 0 10 5 R
3 1 14 5 R
3 2 12 6 R
3 3 15 5 R
3 4 2 4 D
3 5 4 12 U
3 6 2 6 R
3 7 10 7 R
3 8 19 13 U
3 9 4 9 R
3 10 4 8 R
3 11 7 2 D
3 12 4 9 R
3 13 10 6 R
3 14 14 14 U
3 15 7 4 D
3 16 2 16 L
3 17 0 7 R
3 18 12 11 U
3 19 7 9 R
4 0 2 12 U
4 1 11 15 L
4 2 8 15 L
4 3 3 19 L
4 4 10 15 L
4 5 5 10 U
4 6 11 4 D
4 7 7 7 R
4 8 5 8 R
4 9 0 3 D
4 10 0 8 R
4 11 1 11 U
4 12 5 8 R
4 13 9 7 R
4 14 11 17 L
4 15 14 1 D
4 16 2 13 U
4 17 15 12 U
4 18 3 14 U
4 19 0 3 D
5 0 11 17 L
5 1 0 11 U
5 2 14 2 D
5 4 1 4 D
5 5 9 10 U
5 6 8 6 R
5 7 16 13 U
5 8 4 8 R
5 9 9 9 R
5 10 3 8 R
5 11 0 5 R
5 12 8 12 U
5 13 0 15 L
5 14 0 19 L
5 15 0 11 U
5 16 0 6 R
5 17 3 17 L
5 18 7 18 L
5 19 6 19 L
6 0 0 15 L
6 1 0 13 U
6 2 17 17 L
6 3 9 3 D
6 4 13 4 D
6 5 3 5 R
6 6 11 6 R
6 7 7 7 R
6 8 4 8 R
6 9 1 9 R
6 10 15 7 R
6 11 1 17 L
6 12 5 12 U
6 13 3 9 R
6 14 8 14 U
6 15 5 5 R
6 16 14 11 U
6 17 3 2 D
6 18 1 10 U
6 19 18 0 D
7 0 5 10 U
7 1 5 18 L
7 3 0 19 L
7 4 9 16 L
7 5 0 15 L
7 6 6 10 U
7 7 2 7 R
7 8 1 8 R
7 9 13 9 R
7 10 0 1 D
7 11 9 4 D
7 12 8 12 U
7 13 4 17 L
7 14 0 9 R
7 15 3 3 D
7 16 0 0 D
7 17 15 3 D
7 18 3 12 U
7 19 0 1 D
8 0 5 15 L
8 1 1 1 D
8 2 6 2 D
8 3 9 7 R
8 4 4 4 D
8 5 4 13 U
8 6 13 1 D
8 7 13 14 U
8 8 16 13 U
8 9 4 2 D
8 10 9 15 L
8 11 6 9 R
8 12 15 18 L
8 13 2 6 R
8 14 2 4 D
8 15 6 15 L
8 16 2 10 U
8 17 12 17 L
8 18 7 18 L
8 19 0 14 U
9 0 5 17 L
9 1 14 16 L
9 2 15 2 D
9 3 1 3 D
9 4 1 17 L
9 5 0 10 U
9 6 1 14 U
9 7 4 12 U
9 8 14 8 R
9 9 3 9 R
9 10 12 16 L
9 11 11 16 L
9 12 0 4 D
9 13 11 13 U
9 14 5 15 L
9 15 14 11 U
9 16 1 10 U
9 17 8 1 D
9 18 8 18 L
9 19 8 12 U
10 0 0 16 L
10 1 0 5 R
10 2 12 7 R
10 3 1 3 D
10 4 8 4 D
10 5 17 1 D
10 6 7 3 D
10 7 14 2 D
10 8 14 0 D
10 9 2 13 U
10 10 12 0 D
10 11 5 11 U
10 12 12 16 L
10 13 4 15 L
10 14 1 0 D
10 15 3 14 U
10 16 1 1 D
10 17 6 0 D
10 18 5 13 U
10 19 2 4 D
11 0 4 13 U
11 1 4 18 L
11 3 14 16 L
11 4 5 9 R
11 5 6 1 D
11 6 13 13 U
11 7 8 7 R
11 8 8 11 U
11 9 16 11 U
11 10 10 2 D
11 11 10 15 L
11 12 8 2 D
11 13 13 18 L
11 14 8 9 R
11 15 2 0 D
11 16 4 3 D
11 17 5 17 L
11 18 2 10 U
11 19 3 19 L
12 0 3 5 R
12 1 0 6 R
12 2 3 6 R
12 4 5 18 L
12 5 4 11 U
12 6 0 2 D
12 7 5 7 R
12 8 5 3 D
12 9 14 3 D
12 10 2 4 D
12 11 18 4 D
12 12 2 15 L
12 13 8 17 L
12 14 13 14 U
12 15 0 2 D
12 16 1 16 L
12 17 8 10 U
12 18 17 11 U
12 19 0 10 U
13 0 1 18 L
13 1 8 12 U
13 2 16 16 L
13 3 11 16 L
13 4 12 4 D
13 5 12 10 U
13 6 17 0 D
13 7 8 2 D
13 8 7 8 R
13 9 2 1 D
13 10 0 7 R
13 11 1 11 U
13 12 5 12 U
13 13 0 19 L
13 14 10 16 L
13 15 1 10 U
13 16 1 5 R
13 17 17 12 U
13 18 0 4 D
14 0 15 0 D
14 1 9 5 R
14 2 0 15 L
14 3 7 3 D
14 4 12 5 R
14 5 13 10 U
14 6 9 13 U
14 7 13 15 L
14 8 5 8 R
14 9 4 12 U
14 10 0 18 L
14 11 0 6 R
14 12 8 17 L
14 13 9 13 U
14 14 10 14 U
14 15 11 11 U
14 16 5 9 R
14 17 1 10 U
14 18 0 0 D
15 0 9 0 D
15 1 17 7 R
15 2 3 8 R
15 3 16 17 L
15 4 19 9 R
15 5 19 2 D
15 6 10 1 D
15 7 8 4 D
15 8 16 2 D
15 9 13 2 D
15 10 11 9 R
15 11 4 18 L
15 12 6 12 U
15 13 3 8 R
15 14 6 14 U
15 15 13 0 D
15 16 1 12 U
15 17 2 3 D
15 18 12 4 D
16 0 0 10 U
16 1 11 8 R
16 2 18 15 L
16 4 14 19 L
16 5 0 16 L
16 7 5 7 R
16 8 9 14 U
16 9 7 14 U
16 10 0 0 D
16 11 12 0 D
16 12 0 3 D
16 13 5 13 U
16 14 6 18 L
16 16 8 1 D
16 17 17 11 U
16 18 13 13 U
17 0 10 0 D
17 1 4 1 D
17 2 2 6 R
17 7 4 7 R
17 8 4 8 R
17 9 12 0 D
17 10 10 1 D
17 12 13 15 L
17 13 10 19 L
17 14 8 14 U
17 17 5 17 L
17 18 1 11 U
18 0 6 0 D
18 1 6 16 L
18 8 20 12 U
18 9 9 12 U
18 10 8 8 R
18 12 15 16 L
18 13 11 6 R
18 14 4 19 L
19 0 11 7 R
19 1 18 17 L
19 8 8 13 U
19 10 18 8 R
19 12 14 12 U
19 13 13 13 U
19 17 18 10 U
20 0 14 5 R
20 8 4 14 U
20 10 17 16 L
20 13 1 17 L

