6 4 24
0 0 0 0 0 0 3 0 0 0 3 0
0 0 0 0 0 0 0 0 0 0 0 0
0 1 1 0 0 3 0 0 0 0 2 4
0 0 4 0 5 0 5 0 0 0 0 0
0 3 0 1 0 0 0 4 0 0 0 0
0 4 0 0 0 0 0 0 0 0 0 0
0 3 0 0 0 0 0 0 0 0 0 0
0 1 1 0 0 0 0 0 0 0 0 0
0 0 0 0 0 1 0 0 0 0 0 1
0 0 0 0 0 1 0 0 0 0 1 0
0 0 0 0 0 0 0 0 0 0 0 0
0 0 0 1 2 0 0 5 0 0 0 2
0 0 0 0 U
0 1 0 1 R
0 2 0 2 D
0 3 0 3 L
1 0 0 1 R
1 1 0 0 U
1 2 0 1 R
1 3 0 0 U
2 0 0 3 L
2 1 0 2 D
2 2 0 3 L
2 3 1 0 U
3 0 0 2 D
3 1 2 2 D
3 2 0 0 U
3 3 1 2 D
4 0 2 3 L
4 1 4 2 D
4 2 3 2 D
4 3 0 1 R
5 0 5 1 R
5 1 2 0 U
5 2 1 0 U
5 3 2 3 L

