36 49 1638
0 19 22 25 30 29 0 30 0 18 16 21 27 17 2 0 0 26
3 0 27 31 30 2 22 23 0 0 19 18 0 0 17 0 1 2
0 23 30 0 0 0 0 0 0 23 26 0 25 0 22 23 5 25
27 21 0 31 0 0 0 0 0 29 26 0 0 34 31 23 33 6
25 26 0 0 30 21 0 0 0 29 33 0 29 4 33 0 32 7
0 15 28 33 17 25 30 15 35 0 34 0 29 33 29 28 23 22
0 0 29 33 0 32 0 21 32 26 0 29 0 0 34 0 27 32
31 29 26 0 0 33 0 30 0 0 4 0 0 33 0 0 29 0
16 7 0 29 26 34 0 18 0 5 11 34 0 32 0 5 0 0
17 24 0 0 24 0 0 0 0 0 3 29 0 31 0 0 30 30
0 0 7 2 14 0 0 10 0 0 5 25 23 30 0 27 26 0
27 32 32 0 18 35 0 0 0 0 0 33 0 29 0 34 33 9
0 0 5 23 32 0 0 25 0 8 11 0 24 14 0 24 2 6
18 32 0 12 12 0 33 27 0 22 7 0 21 0 0 0 0 1
8 10 0 0 0 33 0 28 35 32 8 0 0 5 0 0 5 0
0 18 32 0 15 30 33 0 31 6 2 0 0 0 0 0 0 0
29 8 34 18 11 13 22 0 22 31 4 0 29 18 34 27 33 28
3 21 26 0 14 22 0 22 0 0 1 34 28 0 31 22 0 6
0 0 0 0 L
0 1 0 1 L
0 2 0 2 L
0 3 0 3 L
0 4 0 4 L
0 5 0 5 L
0 6 0 6 L
0 7 0 7 L
0 8 0 8 L
0 9 0 9 L
0 10 0 10 L
0 11 0 11 L
0 12 0 12 R
0 13 0 13 R
0 14 0 14 R
0 15 0 15 R
0 16 0 16 R
0 17 0 17 R
0 18 0 18 R
0 19 0 19 R
0 20 0 20 R
0 21 0 21 R
0 22 0 22 R
0 23 0 23 R
0 24 0 24 D
0 25 0 25 D
0 26 0 26 D
0 27 0 27 D
0 28 0 28 D
0 29 0 29 D
0 30 0 30 D
0 31 0 31 D
0 32 0 32 D
0 33 0 33 D
0 34 0 34 D
0 35 0 35 D
0 36 0 36 D
0 37 0 37 U
0 38 0 38 U
0 39 0 39 U
0 40 0 40 U
0 41 0 41 U
0 42 0 42 U
0 43 0 43 U
0 44 0 44 U
0 45 0 45 U
0 46 0 46 U
0 47 0 47 U
0 48 0 48 U
1 0 0 37 U
1 1 0 38 U
1 2 0 24 D
1 3 0 39 U
1 4 2 25 D
1 5 1 28 D
1 6 2 42 U
1 7 3 32 D
1 8 1 45 U
1 9 0 27 D
1 10 0 28 D
1 11 4 42 U
1 12 0 24 D
1 13 0 3 L
1 14 0 25 D
1 15 0 40 U
1 16 0 29 D
1 17 0 0 L
1 18 0 31 D
1 19 3 33 D
1 20 1 46 U
1 21 0 46 U
1 22 0 10 L
1 23 0 6 L
1 24 0 1 L
1 25 2 0 L
1 26 1 2 L
1 27 0 15 R
1 28 1 3 L
1 29 0 6 L
1 30 2 12 R
1 31 0 37 U
1 32 0 4 L
1 33 1 18 R
1 34 2 8 L
1 35 2 20 R
1 36 4 19 R
1 37 0 12 R
1 38 0 0 L
1 39 0 2 L
1 40 0 14 R
1 41 0 27 D
1 42 2 5 L
1 43 1 16 R
1 44 0 18 R
1 45 3 19 R
1 46 0 34 D
1 47 1 21 R
1 48 1 22 R
2 0 0 12 R
2 1 2 38 U
2 2 0 14 R
2 3 2 39 U
2 4 1 4 L
2 5 2 5 L
2 6 1 41 U
2 7 2 7 L
2 8 2 45 U
2 9 1 47 U
2 10 0 48 U
2 11 5 11 L
2 12 0 37 U
2 13 1 13 R
2 14 0 26 D
2 15 0 41 U
2 16 2 29 D
2 17 3 17 R
2 18 2 18 R
2 19 1 7 L
2 20 3 20 R
2 21 3 35 D
2 22 3 29 D
2 23 5 23 R
2 24 0 13 R
2 25 1 1 L
2 26 0 14 R
2 27 1 27 D
2 28 1 28 D
2 29 2 16 R
2 30 2 30 D
2 31 3 31 D
2 32 3 32 D
2 33 2 33 D
2 34 3 34 D
2 35 2 35 D
2 36 5 36 D
2 37 1 12 R
2 38 1 4 L
2 39 1 27 D
2 40 2 40 U
2 41 1 41 U
2 42 1 5 L
2 43 2 43 U
2 44 0 7 L
2 45 3 45 U
2 46 2 46 U
2 47 2 9 L
2 48 3 48 U
3 0 1 24 D
3 1 0 31 D
3 2 0 40 U
3 3 3 24 D
3 4 0 44 U
3 5 1 30 D
3 6 3 6 L
3 7 2 26 D
3 8 3 8 L
3 9 2 9 L
3 10 1 48 U
3 11 4 11 L
3 12 0 43 U
3 13 0 30 D
3 14 0 1 L
3 15 0 38 U
3 16 0 44 U
3 17 2 25 D
3 18 3 44 U
3 19 1 35 D
3 20 0 9 L
3 21 1 21 R
3 22 7 25 D
3 23 3 23 R
3 24 0 39 U
3 25 0 16 R
3 26 2 19 R
3 27 2 19 R
3 28 0 21 R
3 29 2 10 L
3 30 1 6 L
3 31 0 42 U
3 32 2 32 D
3 33 3 33 D
3 34 2 22 R
3 35 3 35 D
3 36 4 36 D
3 37 0 17 R
3 38 0 3 L
3 39 0 15 R
3 40 3 14 R
3 41 3 3 L
3 42 1 42 U
3 43 1 43 U
3 44 1 17 R
3 45 2 8 L
3 46 0 20 R
3 47 2 47 U
3 48 2 10 L
4 0 1 27 D
4 1 5 25 D
4 2 1 26 D
4 3 2 41 U
4 4 2 24 D
4 5 4 43 U
4 6 3 26 D
4 7 4 29 D
4 8 4 44 U
4 9 2 44 U
4 10 6 43 U
4 11 5 24 D
4 12 4 31 D
4 13 3 32 D
4 14 5 25 D
4 15 4 39 U
4 16 2 28 D
4 17 0 37 U
4 18 0 4 L
4 19 2 46 U
4 20 5 39 U
4 21 5 35 D
4 22 7 22 R
4 23 4 23 R
4 24 3 13 R
4 25 0 0 L
4 26 4 5 L
4 27 0 2 L
4 28 4 15 R
4 29 2 29 D
4 30 1 19 R
4 31 1 9 L
4 32 3 17 R
4 33 1 21 R
4 34 7 19 R
4 35 0 5 L
4 36 4 23 R
4 37 2 0 L
4 38 5 14 R
4 39 4 13 R
4 40 1 34 D
4 41 5 16 R
4 42 4 3 L
4 43 3 1 L
4 44 4 5 L
4 45 5 13 R
4 46 1 23 R
4 47 4 33 D
4 48 5 9 L
5 0 3 0 L
5 1 3 38 U
5 2 1 29 D
5 3 0 36 D
5 4 2 4 L
5 5 3 20 R
5 6 1 6 L
5 7 3 7 L
5 8 4 8 L
5 9 4 47 U
5 10 6 10 L
5 11 1 11 L
5 12 4 12 R
5 13 5 2 L
5 14 4 14 R
5 15 2 15 R
5 16 1 2 L
5 17 5 17 R
5 18 5 18 R
5 19 4 30 D
5 20 1 31 D
5 21 5 36 D
5 22 6 22 R
5 23 5 46 U
5 24 4 18 R
5 25 1 17 R
5 26 3 11 L
5 27 2 27 D
5 28 5 28 D
5 29 5 8 L
5 30 5 30 D
5 31 0 12 R
5 32 7 16 R
5 33 5 33 D
5 34 7 34 D
5 35 5 35 D
5 36 4 18 R
5 37 2 1 L
5 38 4 38 U
5 39 5 8 L
5 40 3 40 U
5 41 4 41 U
5 42 5 42 U
5 43 3 43 U
5 44 2 7 L
5 45 2 45 U
5 46 4 21 R
5 47 5 47 U
5 48 8 5 L
6 0 5 38 U
6 1 6 42 U
6 2 2 43 U
6 3 7 3 L
6 4 0 20 R
6 5 7 47 U
6 6 8 44 U
6 7 4 48 U
6 8 8 29 D
6 9 7 34 D
6 10 5 10 L
6 11 4 26 D
6 12 3 31 D
6 13 2 40 U
6 14 4 24 D
6 15 3 27 D
6 16 7 30 D
6 17 2 10 L
6 18 7 38 U
6 19 5 31 D
6 20 8 38 U
6 21 7 34 D
6 22 5 33 D
6 23 0 41 U
6 24 5 7 L
6 25 6 13 R
6 26 6 10 L
6 27 5 13 R
6 28 5 14 R
6 29 5 11 L
6 30 7 18 R
6 31 2 0 L
6 32 5 32 D
6 33 1 14 R
6 34 8 6 L
6 35 14 19 R
6 36 3 36 D
6 37 0 11 L
6 38 0 31 D
6 39 6 15 R
6 40 4 12 R
6 41 4 14 R
6 42 3 28 D
6 43 6 1 L
6 44 3 8 L
6 45 3 0 L
6 46 7 6 L
6 47 6 2 L
6 48 8 48 U
7 0 5 39 U
7 1 7 27 D
7 2 7 2 L
7 3 5 3 L
7 4 6 47 U
7 5 5 48 U
7 6 8 6 L
7 7 3 45 U
7 8 5 35 D
7 9 5 9 L
7 10 5 26 D
7 11 8 42 U
7 12 4 36 D
7 13 0 37 U
7 14 8 24 D
7 15 0 29 D
7 16 8 16 R
7 17 7 17 R
7 18 6 39 U
7 19 8 47 U
7 20 8 34 D
7 21 8 21 R
7 22 5 30 D
7 23 18 33 D
7 24 6 37 U
7 25 4 37 U
7 26 5 12 R
7 27 8 14 R
7 28 1 12 R
7 29 1 29 D
7 30 8 30 D
7 31 7 15 R
7 32 7 32 D
7 33 8 19 R
7 34 8 46 U
7 35 13 35 D
7 36 6 36 D
7 37 6 3 L
7 38 3 22 R
7 39 7 39 U
7 40 8 17 R
7 41 7 41 U
7 42 7 1 L
7 43 0 29 D
7 44 7 22 R
7 45 7 45 U
7 46 6 9 L
7 47 7 47 U
7 48 7 48 U
8 0 6 40 U
8 1 7 41 U
8 2 7 44 U
8 3 6 25 D
8 4 8 4 L
8 5 0 46 U
8 6 5 46 U
8 7 10 25 D
8 8 9 43 U
8 9 6 9 L
8 10 5 45 U
8 11 6 11 L
8 12 2 37 U
8 13 7 28 D
8 14 5 30 D
8 15 7 32 D
8 16 5 44 U
8 17 0 3 L
8 18 8 18 R
8 19 0 34 D
8 20 2 20 R
8 21 3 47 U
8 22 8 25 D
8 23 10 23 R
8 24 6 4 L
8 25 5 25 D
8 26 7 1 L
8 27 8 27 D
8 28 8 28 D
8 29 7 4 L
8 30 4 2 L
8 31 7 5 L
8 32 6 32 D
8 33 0 20 R
8 34 0 7 L
8 35 12 35 D
8 36 0 12 R
8 37 5 15 R
8 38 8 0 L
8 39 5 29 D
8 40 8 40 U
8 41 8 41 U
8 42 8 42 U
8 43 7 43 U
8 44 0 33 D
8 45 6 45 U
8 46 7 21 R
8 47 6 31 D
8 48 6 48 U
9 0 6 38 U
9 1 0 15 R
9 2 9 41 U
9 3 8 31 D
9 4 7 39 U
9 5 7 24 D
9 6 11 29 D
9 7 10 7 L
9 8 9 31 D
9 9 8 24 D
9 10 11 27 D
9 11 9 26 D
9 12 8 32 D
9 13 2 13 R
9 14 6 30 D
9 15 0 42 U
9 16 2 27 D
9 17 6 45 U
9 18 0 5 L
9 19 9 30 D
9 20 10 48 U
9 21 10 21 R
9 22 8 24 D
9 23 17 35 D
9 24 7 12 R
9 25 5 22 R
9 26 10 22 R
9 27 2 4 L
9 28 8 14 R
9 29 5 39 U
9 30 6 16 R
9 31 10 31 D
9 32 8 17 R
9 33 1 44 U
9 34 10 15 R
9 35 12 47 U
9 36 16 36 D
9 37 0 9 L
9 38 9 22 R
9 39 8 3 L
9 40 0 4 L
9 41 6 0 L
9 42 9 16 R
9 43 10 1 L
9 44 9 3 L
9 45 4 22 R
9 46 9 21 R
9 47 9 6 L
9 48 10 8 L
10 0 4 40 U
10 1 10 26 D
10 2 10 40 U
10 3 8 3 L
10 4 0 25 D
10 5 9 5 L
10 6 11 6 L
10 7 9 7 L
10 8 10 8 L
10 9 9 44 U
10 10 11 10 L
10 11 16 34 D
10 12 9 41 U
10 13 10 26 D
10 14 10 14 R
10 15 11 25 D
10 16 4 16 R
10 17 9 39 U
10 18 10 18 R
10 19 10 19 R
10 20 11 29 D
10 21 0 33 D
10 22 10 42 U
10 23 14 23 R
10 24 9 17 R
10 25 10 2 L
10 26 9 1 L
10 27 10 8 L
10 28 9 28 D
10 29 11 29 D
10 30 4 30 D
10 31 9 21 R
10 32 0 46 U
10 33 12 33 D
10 34 9 34 D
10 35 14 35 D
10 36 17 36 D
10 37 9 2 L
10 38 9 38 U
10 39 9 14 R
10 40 9 0 L
10 41 9 7 L
10 42 10 13 R
10 43 9 17 R
10 44 11 13 R
10 45 9 18 R
10 46 9 46 U
10 47 10 13 R
10 48 11 48 U
11 0 10 37 U
11 1 9 38 U
11 2 0 47 U
11 3 10 20 R
11 4 7 48 U
11 5 7 30 D
11 6 10 6 L
11 7 8 27 D
11 8 11 8 L
11 9 10 9 L
11 10 10 10 L
11 11 18 11 L
11 12 6 40 U
11 13 6 27 D
11 14 9 42 U
11 15 11 15 R
11 16 9 28 D
11 17 8 11 L
11 18 9 18 R
11 19 11 19 R
11 20 12 26 D
11 21 11 21 R
11 22 0 6 L
11 23 18 23 R
11 24 8 0 L
11 25 3 41 U
11 26 10 16 R
11 27 11 9 L
11 28 7 28 D
11 29 0 4 L
11 30 9 18 R
11 31 4 31 D
11 32 11 32 D
11 33 11 33 D
11 34 10 34 D
11 35 15 20 R
11 36 19 36 D
11 37 10 7 L
11 38 4 24 D
11 39 11 1 L
11 40 6 19 R
11 41 9 8 L
11 42 10 15 R
11 43 11 43 U
11 44 4 44 U
11 45 12 45 U
11 46 11 46 U
11 47 4 47 U
11 48 11 10 L
12 0 12 48 U
12 1 12 40 U
12 2 12 42 U
12 3 3 31 D
12 4 6 28 D
12 5 12 5 L
12 6 10 32 D
12 7 14 43 U
12 8 12 22 R
12 9 14 35 D
12 10 12 33 D
12 11 18 44 U
12 12 10 37 U
12 13 10 24 D
12 14 6 34 D
12 15 11 45 U
12 16 12 25 D
12 17 11 38 U
12 18 10 33 D
12 19 4 41 U
12 20 12 20 R
12 21 15 46 U
12 22 12 39 U
12 23 16 23 R
12 24 1 20 R
12 25 12 3 L
12 26 12 8 L
12 27 0 12 R
12 28 7 14 R
12 29 11 0 L
12 30 6 20 R
12 31 14 18 R
12 32 12 16 R
12 33 12 20 R
12 34 13 20 R
12 35 15 35 D
12 36 15 36 D
12 37 11 6 L
12 38 12 0 L
12 39 12 1 L
12 40 12 22 R
12 41 5 5 L
12 42 12 19 R
12 43 10 43 U
12 44 10 44 U
12 45 11 2 L
12 46 5 23 R
12 47 13 9 L
12 48 12 18 R
13 0 9 45 U
13 1 8 25 D
13 2 12 33 D
13 3 12 38 U
13 4 12 40 U
13 5 13 37 U
13 6 11 26 D
13 7 14 7 L
13 8 14 30 D
13 9 13 9 L
13 10 13 10 L
13 11 2 21 R
13 12 12 43 U
13 13 12 2 L
13 14 13 39 U
13 15 13 24 D
13 16 14 40 U
13 17 13 27 D
13 18 13 44 U
13 19 13 31 D
13 20 13 41 U
13 21 15 21 R
13 22 13 22 R
13 23 0 7 L
13 24 13 12 R
13 25 5 15 R
13 26 11 10 L
13 27 7 5 L
13 28 0 42 U
13 29 9 29 D
13 30 13 7 L
13 31 13 31 D
13 32 10 20 R
13 33 8 33 D
13 34 14 34 D
13 35 18 16 R
13 36 10 14 R
13 37 11 0 L
13 38 7 13 R
13 39 14 3 L
13 40 13 2 L
13 41 13 7 L
13 42 10 6 L
13 43 13 43 U
13 44 10 15 R
13 45 10 45 U
13 46 13 19 R
13 47 14 47 U
13 48 15 3 L
14 0 12 43 U
14 1 10 24 D
14 2 14 38 U
14 3 14 3 L
14 4 14 4 L
14 5 13 5 L
14 6 11 45 U
14 7 14 41 U
14 8 14 8 L
14 9 13 46 U
14 10 15 44 U
14 11 10 11 L
14 12 11 34 D
14 13 4 37 U
14 14 13 28 D
14 15 12 32 D
14 16 14 16 R
14 17 14 17 R
14 18 13 18 R
14 19 12 35 D
14 20 14 20 R
14 21 13 35 D
14 22 14 29 D
14 23 23 23 R
14 24 11 12 R
14 25 11 14 R
14 26 12 4 L
14 27 13 16 R
14 28 14 28 D
14 29 0 17 R
14 30 16 16 R
14 31 14 31 D
14 32 9 17 R
14 33 7 33 D
14 34 13 34 D
14 35 13 41 U
14 36 18 4 L
14 37 13 37 U
14 38 0 25 D
14 39 13 39 U
14 40 13 14 R
14 41 4 9 L
14 42 11 42 U
14 43 13 13 R
14 44 13 44 U
14 45 12 8 L
14 46 13 15 R
14 47 13 47 U
14 48 15 48 U
15 0 6 13 R
15 1 14 31 D
15 2 12 28 D
15 3 15 39 U
15 4 0 41 U
15 5 15 48 U
15 6 18 29 D
15 7 14 24 D
15 8 14 48 U
15 9 14 21 R
15 10 15 10 L
15 11 20 46 U
15 12 15 25 D
15 13 15 33 D
15 14 0 45 U
15 15 14 32 D
15 16 15 26 D
15 17 12 17 R
15 18 12 1 L
15 19 12 8 L
15 20 15 40 U
15 21 16 39 U
15 22 17 22 R
15 23 22 37 U
15 24 13 10 L
15 25 14 21 R
15 26 14 2 L
15 27 12 5 L
15 28 0 14 R
15 29 15 21 R
15 30 17 30 D
15 31 15 16 R
15 32 13 32 D
15 33 8 12 R
15 34 18 15 R
15 35 18 35 D
15 36 20 36 D
15 37 14 8 L
15 38 14 7 L
15 39 15 18 R
15 40 15 27 D
15 41 0 21 R
15 42 15 15 R
15 43 14 5 L
15 44 15 0 L
15 45 13 16 R
15 46 15 46 U
15 47 12 22 R
15 48 12 48 U
16 0 13 25 D
16 1 10 28 D
16 2 17 47 U
16 3 11 24 D
16 4 13 40 U
16 5 15 24 D
16 6 18 6 L
16 7 12 37 U
16 8 18 42 U
16 9 0 22 R
16 10 17 42 U
16 11 20 11 L
16 12 16 27 D
16 13 16 30 D
16 14 16 5 L
16 15 15 29 D
16 16 18 37 U
16 17 17 25 D
16 18 16 26 D
16 19 18 19 R
16 20 16 45 U
16 21 17 21 R
16 22 18 32 D
16 23 19 5 L
16 24 0 43 U
16 25 16 16 R
16 26 10 0 L
16 27 16 1 L
16 28 0 46 U
16 29 17 4 L
16 30 18 30 D
16 31 15 13 R
16 32 16 13 R
16 33 16 10 L
16 34 23 14 R
16 35 18 8 L
16 36 10 36 D
16 37 15 5 L
16 38 13 17 R
16 39 16 3 L
16 40 5 7 L
16 41 9 41 U
16 42 14 10 L
16 43 14 9 L
16 44 17 6 L
16 45 17 19 R
16 46 16 2 L
16 47 18 12 R
16 48 17 18 R
17 0 7 26 D
17 1 16 1 L
17 2 17 31 D
17 3 18 38 U
17 4 16 32 D
17 5 17 29 D
17 6 16 26 D
17 7 18 27 D
17 8 18 35 D
17 9 18 9 L
17 10 14 10 L
17 11 0 44 U
17 12 15 1 L
17 13 16 41 U
17 14 18 14 R
17 15 16 35 D
17 16 18 46 U
17 17 15 17 R
17 18 18 28 D
17 19 4 11 L
17 20 0 11 L
17 21 18 21 R
17 22 16 22 R
17 23 0 30 D
17 24 18 24 D
17 25 0 38 U
17 26 12 0 L
17 27 17 0 L
17 28 14 12 R
17 29 18 8 L
17 30 15 13 R
17 31 0 47 U
17 32 16 20 R
17 33 17 23 R
17 34 22 34 D
17 35 16 20 R
17 36 19 48 U
17 37 14 15 R
17 38 13 26 D
17 39 17 39 U
17 40 12 2 L
17 41 17 6 L
17 42 18 10 L
17 43 12 43 U
17 44 10 19 R
17 45 18 23 R
17 46 17 46 U
17 47 16 47 U
17 48 16 2 L
18 0 17 27 D
18 1 15 28 D
18 2 16 48 U
18 3 16 46 U
18 4 17 4 L
18 5 18 5 L
18 6 17 6 L
18 7 16 7 L
18 8 17 8 L
18 9 17 9 L
18 10 16 33 D
18 11 23 11 L
18 12 17 35 D
18 13 18 30 D
18 14 14 14 R
18 15 17 30 D
18 16 16 40 U
18 17 17 42 U
18 18 18 18 R
18 19 3 19 R
18 20 17 20 R
18 21 16 31 D
18 22 15 22 R
18 23 6 23 R
18 24 15 3 L
18 25 16 25 D
18 26 15 18 R
18 27 16 3 L
18 28 9 38 U
18 29 15 17 R
18 30 16 9 L
18 31 18 31 D
18 32 16 32 D
18 33 17 33 D
18 34 14 20 R
18 35 0 1 L
18 36 22 36 D
18 37 16 37 U
18 38 18 6 L
18 39 8 39 U
18 40 17 14 R
18 41 14 13 R
18 42 18 42 U
18 43 4 43 U
18 44 16 10 L
18 45 11 45 U
18 46 16 18 R
18 47 15 47 U
18 48 16 48 U
19 0 8 47 U
19 1 17 46 U
19 2 11 43 U
19 3 17 38 U
19 4 11 39 U
19 5 15 36 D
19 6 17 28 D
19 7 20 26 D
19 8 20 40 U
19 9 19 41 U
19 10 20 28 D
19 11 25 35 D
19 12 5 37 U
19 13 10 36 D
19 14 17 24 D
19 15 14 36 D
19 16 14 38 U
19 17 10 43 U
19 18 19 30 D
19 19 19 33 D
19 20 0 25 D
19 21 9 10 L
19 22 20 37 U
19 23 2 23 R
19 24 16 2 L
19 25 20 12 R
19 26 20 4 L
19 27 19 15 R
19 28 10 13 R
19 29 13 5 L
19 30 14 42 U
19 31 20 14 R
19 32 20 8 L
19 33 13 13 R
19 34 23 34 D
19 35 6 35 D
19 36 27 15 R
19 37 18 1 L
19 38 5 1 L
19 39 19 9 L
19 40 20 5 L
19 41 11 19 R
19 42 17 7 L
19 43 19 0 L
19 44 15 20 R
19 45 21 1 L
19 46 10 0 L
19 47 14 11 L
19 48 19 6 L
20 0 19 47 U
20 1 19 25 D
20 2 19 2 L
20 3 20 3 L
20 4 19 4 L
20 5 18 28 D
20 6 18 24 D
20 7 3 29 D
20 8 20 8 L
20 9 21 9 L
20 10 19 10 L
20 11 21 11 L
20 12 19 37 U
20 13 13 25 D
20 14 7 44 U
20 15 21 26 D
20 16 2 16 R
20 17 20 27 D
20 18 0 27 D
20 19 19 19 R
20 20 1 20 R
20 21 20 21 R
20 22 0 39 U
20 23 22 23 R
20 24 17 41 U
20 25 13 15 R
20 26 20 2 L
20 27 21 27 D
20 28 16 8 L
20 29 19 29 D
20 30 21 30 D
20 31 21 23 R
20 32 17 19 R
20 33 19 33 D
20 34 24 16 R
20 35 17 35 D
20 36 29 36 D
20 37 20 14 R
20 38 18 16 R
20 39 11 25 D
20 40 20 18 R
20 41 14 41 U
20 42 10 42 U
20 43 11 3 L
20 44 21 44 U
20 45 20 45 U
20 46 20 9 L
20 47 19 23 R
20 48 21 48 U
21 0 19 37 U
21 1 19 44 U
21 2 20 45 U
21 3 20 31 D
21 4 1 38 U
21 5 18 47 U
21 6 21 31 D
21 7 12 7 L
21 8 21 8 L
21 9 20 30 D
21 10 24 24 D
21 11 14 11 L
21 12 20 40 U
21 13 20 39 U
21 14 20 33 D
21 15 21 44 U
21 16 21 40 U
21 17 19 29 D
21 18 20 18 R
21 19 0 31 D
21 20 13 20 R
21 21 17 32 D
21 22 24 22 R
21 23 25 32 D
21 24 13 0 L
21 25 10 12 R
21 26 21 15 R
21 27 21 8 L
21 28 20 17 R
21 29 19 21 R
21 30 20 30 D
21 31 21 11 L
21 32 23 22 R
21 33 19 16 R
21 34 17 16 R
21 35 0 16 R
21 36 28 36 D
21 37 19 18 R
21 38 16 17 R
21 39 21 39 U
21 40 21 19 R
21 41 20 41 U
21 42 15 42 U
21 43 16 12 R
21 44 20 26 D
21 45 22 23 R
21 46 19 46 U
21 47 19 30 D
21 48 5 48 U
22 0 21 36 D
22 1 20 25 D
22 2 24 38 U
22 3 20 34 D
22 4 23 41 U
22 5 21 27 D
22 6 20 28 D
22 7 15 7 L
22 8 20 27 D
22 9 20 9 L
22 10 23 10 L
22 11 24 11 L
22 12 1 44 U
22 13 8 13 R
22 14 10 41 U
22 15 13 15 R
22 16 18 44 U
22 17 1 0 L
22 18 21 29 D
22 19 20 28 D
22 20 20 39 U
22 21 24 45 U
22 22 0 26 D
22 23 23 32 D
22 24 21 42 U
22 25 11 23 R
22 26 23 2 L
22 27 3 12 R
22 28 16 28 D
22 29 8 13 R
22 30 22 17 R
22 31 21 1 L
22 32 25 32 D
22 33 0 48 U
22 34 24 34 D
22 35 25 12 R
22 36 23 37 U
22 37 20 17 R
22 38 24 1 L
22 39 21 15 R
22 40 23 1 L
22 41 10 5 L
22 42 21 6 L
22 43 15 43 U
22 44 17 13 R
22 45 0 15 R
22 46 23 2 L
22 47 21 47 U
22 48 20 48 U
23 0 21 0 L
23 1 0 13 R
23 2 24 2 L
23 3 23 3 L
23 4 20 46 U
23 5 20 5 L
23 6 12 6 L
23 7 22 7 L
23 8 0 21 R
23 9 3 9 L
23 10 24 28 D
23 11 2 11 L
23 12 21 25 D
23 13 19 43 U
23 14 23 31 D
23 15 10 34 D
23 16 2 45 U
23 17 22 24 D
23 18 21 18 R
23 19 21 19 R
23 20 22 20 R
23 21 25 27 D
23 22 2 22 R
23 23 26 23 R
23 24 24 24 D
23 25 19 4 L
23 26 22 4 L
23 27 15 22 R
23 28 12 28 D
23 29 21 29 D
23 30 23 17 R
23 31 24 31 D
23 32 24 20 R
23 33 22 33 D
23 34 14 4 L
23 35 10 35 D
23 36 30 36 D
23 37 21 14 R
23 38 23 38 U
23 39 23 14 R
23 40 23 40 U
23 41 21 12 R
23 42 22 42 U
23 43 21 43 U
23 44 22 20 R
23 45 18 45 U
23 46 3 34 D
23 47 22 47 U
23 48 24 5 L
24 0 17 33 D
24 1 21 39 U
24 2 19 45 U
24 3 24 40 U
24 4 23 45 U
24 5 24 47 U
24 6 21 26 D
24 7 24 7 L
24 8 22 8 L
24 10 22 39 U
24 11 25 25 D
24 12 22 25 D
24 13 21 31 D
24 14 22 39 U
24 15 17 40 U
24 16 19 27 D
24 17 23 44 U
24 18 23 46 U
24 19 17 34 D
24 20 23 34 D
24 21 25 21 R
24 22 3 22 R
24 23 7 31 D
24 24 23 24 D
24 25 20 0 L
24 26 16 7 L
24 27 17 16 R
24 28 24 18 R
24 29 22 29 D
24 30 8 8 L
24 31 22 23 R
24 32 24 32 D
24 33 5 41 U
24 34 22 10 L
24 36 25 36 D
24 37 24 26 D
24 38 22 38 U
24 39 19 10 L
24 40 2 14 R
24 41 20 0 L
24 42 23 42 U
24 43 18 43 U
24 44 19 20 R
24 45 21 30 D
24 46 23 19 R
24 47 23 21 R
24 48 22 48 U
25 0 22 40 U
25 1 25 29 D
25 2 24 48 U
25 3 25 25 D
25 4 14 46 U
25 5 26 27 D
25 6 25 6 L
25 7 20 32 D
25 8 27 15 R
25 10 31 25 D
25 11 27 36 D
25 12 24 28 D
25 13 21 13 R
25 14 22 11 L
25 15 27 34 D
25 16 26 45 U
25 17 15 33 D
25 18 22 48 U
25 19 26 46 U
25 20 25 41 U
25 21 21 38 U
25 22 25 22 R
25 23 13 23 R
25 24 24 2 L
25 25 23 25 D
25 26 25 10 L
25 27 25 17 R
25 28 24 23 R
25 29 1 42 U
25 30 16 14 R
25 31 11 11 L
25 32 25 0 L
25 33 26 33 D
25 34 28 14 R
25 36 23 36 D
25 37 22 13 R
25 38 10 23 R
25 39 21 3 L
25 40 24 6 L
25 41 24 21 R
25 42 3 12 R
25 43 23 10 L
25 44 25 1 L
25 45 23 17 R
25 46 21 22 R
25 47 26 1 L
25 48 24 48 U
26 0 26 24 D
26 1 22 43 U
26 2 26 26 D
26 3 23 47 U
26 4 26 42 U
26 5 22 5 L
26 6 2 28 D
26 7 8 7 L
26 8 25 8 L
26 10 31 10 L
26 11 28 11 L
26 12 26 32 D
26 13 0 31 D
26 14 5 40 U
26 15 25 3 L
26 16 27 27 D
26 17 23 17 R
26 18 25 37 U
26 19 27 19 R
26 20 0 48 U
26 21 16 21 R
26 22 28 22 R
26 23 28 39 U
26 24 21 37 U
26 25 25 3 L
26 26 22 39 U
26 27 26 45 U
26 28 16 4 L
26 29 28 12 R
26 30 26 12 R
26 31 24 23 R
26 32 27 13 R
26 33 26 17 R
26 34 29 34 D
26 36 30 17 R
26 37 14 18 R
26 38 19 13 R
26 39 24 11 L
26 40 24 2 L
26 41 12 14 R
26 42 26 5 L
26 43 19 21 R
26 44 22 5 L
26 45 24 45 U
26 46 23 16 R
26 47 25 47 U
26 48 22 4 L
27 0 0 30 D
27 1 27 38 U
27 2 25 40 U
27 3 0 27 D
27 4 26 4 L
27 5 26 24 D
27 6 28 26 D
27 7 29 43 U
27 8 29 46 U
27 10 30 10 L
27 11 27 11 L
27 12 25 33 D
27 13 27 42 U
27 14 0 32 D
27 15 27 28 D
27 16 30 16 R
27 17 26 47 U
27 18 26 18 R
27 19 26 36 D
27 20 24 20 R
27 22 26 22 R
27 23 25 23 R
27 24 27 1 L
27 25 27 13 R
27 26 27 2 L
27 27 24 12 R
27 28 25 7 L
27 29 29 29 D
27 30 25 18 R
27 31 31 17 R
27 32 21 32 D
27 33 23 33 D
27 34 28 34 D
27 36 26 13 R
27 37 26 3 L
27 38 29 4 L
27 39 29 0 L
27 40 13 40 U
27 41 29 4 L
27 42 26 18 R
27 43 28 2 L
27 44 27 44 U
27 45 25 7 L
27 46 27 20 R
27 47 25 23 R
27 48 9 23 R
28 0 21 44 U
28 1 26 1 L
28 2 27 41 U
28 3 3 3 L
28 4 10 4 L
28 5 26 5 L
28 6 28 6 L
28 7 26 26 D
28 8 29 8 L
28 10 26 26 D
28 11 31 36 D
28 12 19 0 L
28 13 28 13 R
28 14 27 40 U
28 15 27 36 D
28 16 22 27 D
28 17 24 33 D
28 18 27 25 D
28 19 26 24 D
28 20 29 25 D
28 22 28 25 D
28 23 21 0 L
28 24 8 4 L
28 25 29 25 D
28 26 6 6 L
28 27 26 27 D
28 28 29 28 D
28 29 28 29 D
28 30 25 30 D
28 31 30 31 D
28 32 28 32 D
28 33 0 12 R
28 34 27 34 D
28 36 15 12 R
28 37 29 9 L
28 38 29 38 U
28 39 28 39 U
28 40 29 22 R
28 41 29 41 U
28 42 27 42 U
28 43 29 15 R
28 44 25 44 U
28 45 28 45 U
28 46 26 13 R
28 47 28 8 L
28 48 29 7 L
29 0 27 37 U
29 1 6 48 U
29 2 28 2 L
29 3 28 34 D
29 4 27 43 U
29 5 17 35 D
29 6 26 6 L
29 7 19 24 D
29 8 30 24 D
29 10 31 28 D
29 11 32 11 L
29 12 26 29 D
29 13 28 24 D
29 14 29 14 R
29 15 30 15 R
29 16 28 16 R
29 17 28 40 U
29 18 31 38 U
29 19 33 36 D
29 22 29 22 R
29 23 31 23 R
29 24 29 5 L
29 25 28 25 D
29 26 17 46 U
29 27 27 27 D
29 28 28 28 D
29 29 27 29 D
29 30 27 22 R
29 31 32 31 D
29 32 27 32 D
29 33 34 2 L
29 34 29 15 R
29 36 18 36 D
29 37 28 37 U
29 38 28 38 U
29 39 29 39 U
29 40 27 40 U
29 41 26 41 U
29 42 27 17 R
29 43 26 43 U
29 44 26 44 U
29 45 27 45 U
29 46 28 16 R
29 47 23 47 U
29 48 26 48 U
30 0 27 45 U
30 1 25 39 U
30 2 8 36 D
30 3 27 27 D
30 4 0 32 D
30 5 26 47 U
30 6 28 24 D
30 7 30 26 D
30 8 18 8 L
30 10 28 10 L
30 11 32 32 D
30 12 27 37 U
30 13 24 41 U
30 14 31 38 U
30 15 26 4 L
30 16 32 28 D
30 17 32 44 U
30 18 21 32 D
30 22 28 29 D
30 23 27 23 R
30 24 21 12 R
30 25 2 7 L
30 26 26 38 U
30 27 30 20 R
30 28 32 2 L
30 29 31 14 R
30 30 27 16 R
30 31 31 31 D
30 32 27 18 R
30 33 30 33 D
30 34 30 12 R
30 36 22 17 R
30 37 29 1 L
30 38 29 6 L
30 39 27 39 U
30 40 30 8 L
30 41 18 15 R
30 42 27 2 L
30 43 31 16 R
30 44 31 10 L
30 45 29 19 R
30 46 30 46 U
30 47 21 35 D
30 48 23 48 U
31 0 24 25 D
31 1 31 41 U
31 2 23 41 U
31 3 31 44 U
31 4 31 31 D
31 5 32 31 D
31 6 30 6 L
31 8 30 42 U
31 10 27 36 D
31 11 31 11 L
31 12 18 40 U
31 13 12 46 U
31 14 28 30 D
31 15 24 26 D
31 16 32 16 R
31 17 32 17 R
31 22 9 22 R
31 23 32 30 D
31 24 31 2 L
31 25 25 37 U
31 26 19 10 L
31 27 6 22 R
31 28 32 14 R
31 29 31 29 D
31 30 32 30 D
31 31 24 17 R
31 32 0 40 U
31 33 25 33 D
31 34 33 34 D
31 36 17 48 U
31 37 25 14 R
31 38 29 19 R
31 39 0 10 L
31 40 30 40 U
31 41 22 36 D
31 42 30 42 U
31 43 29 43 U
31 44 32 22 R
31 45 21 16 R
31 46 29 46 U
31 47 15 18 R
31 48 32 8 L
32 0 32 27 D
32 1 31 43 U
32 2 32 39 U
32 3 32 3 L
32 4 31 24 D
32 6 32 32 D
32 8 28 30 D
32 10 32 29 D
32 11 33 33 D
32 12 31 5 L
32 13 32 40 U
32 14 30 43 U
32 15 26 36 D
32 16 28 47 U
32 17 30 31 D
32 22 28 11 L
32 23 0 38 U
32 24 30 8 L
32 25 30 6 L
32 26 31 13 R
32 27 16 38 U
32 28 29 1 L
32 29 24 40 U
32 30 32 3 L
32 31 20 31 D
32 32 33 32 D
32 33 34 33 D
32 36 32 36 D
32 37 28 15 R
32 38 26 12 R
32 39 32 0 L
32 40 31 23 R
32 41 32 10 L
32 42 31 42 U
32 43 30 10 L
32 44 30 19 R
32 45 33 3 L
32 47 31 47 U
32 48 30 48 U
33 0 31 47 U
33 1 33 44 U
33 2 34 24 D
33 3 34 44 U
33 8 34 45 U
33 10 27 39 U
33 11 34 11 L
33 12 32 37 U
33 13 32 34 D
33 14 10 27 D
33 15 27 33 D
33 16 33 30 D
33 22 29 41 U
33 23 20 23 R
33 24 31 23 R
33 25 34 13 R
33 27 28 11 L
33 30 28 11 L
33 32 33 13 R
33 33 33 33 D
33 36 33 14 R
33 37 23 23 R
33 38 13 11 L
33 39 30 39 U
33 40 21 10 L
33 41 32 19 R
33 42 33 1 L
33 43 27 20 R
33 44 32 44 U
33 45 31 45 U
33 47 32 47 U
33 48 25 25 D
34 0 24 37 U
34 1 31 42 U
34 2 33 39 U
34 11 31 40 U
34 12 26 48 U
34 13 27 44 U
34 14 23 14 R
34 15 23 15 R
34 22 14 6 L
34 24 31 38 U
34 25 34 22 R
34 30 34 30 D
34 32 33 16 R
34 33 3 43 U
34 36 34 36 D
34 37 26 4 L
34 38 32 12 R
34 39 34 25 D
34 40 29 11 L
34 42 26 42 U
34 43 31 43 U
34 44 32 15 R
34 45 34 45 U
34 48 1 48 U
35 0 34 32 D
35 32 33 8 L
35 45 33 45 U

