18 16 232
12 7 4 10 0 11 1 0 12 0 8 0 0 12
5 0 14 6 0 0 0 1 0 0 8 2 8 0
9 6 0 0 1 0 16 0 0 0 0 13 14 15
0 1 16 2 1 10 17 7 8 5 0 0 0 8
8 5 0 10 0 3 0 0 9 4 0 1 0 6
11 12 0 0 4 0 12 0 8 0 6 1 4 0
0 15 0 1 0 0 16 0 3 3 0 0 0 14
0 13 12 0 13 14 0 0 0 0 4 0 0 13
0 0 0 6 0 7 0 0 0 0 0 7 0 0
0 12 0 13 1 4 0 0 8 11 0 9 1 0
11 0 0 6 0 4 0 15 0 0 10 0 9 0
2 0 8 0 11 16 7 3 0 0 16 13 2 0
0 5 0 7 0 0 0 0 2 10 1 5 5 0
4 1 7 0 0 5 8 4 14 0 0 0 2 11
0 0 0 0 L
0 1 0 1 L
0 2 0 2 L
0 3 0 3 L
0 4 0 4 R
0 5 0 5 R
0 6 0 6 R
0 7 0 7 R
0 8 0 8 D
0 9 0 9 D
0 10 0 10 D
0 11 0 11 D
0 12 0 12 U
0 13 0 13 U
0 14 0 14 U
0 15 0 15 U
1 0 3 0 L
1 1 10 1 L
1 2 4 2 L
1 3 3 3 L
1 4 0 8 D
1 5 0 12 U
1 6 14 8 D
1 7 13 7 R
1 8 6 8 D
1 9 0 3 L
1 10 6 10 D
1 11 0 13 U
1 12 9 1 L
1 13 2 13 U
1 14 0 9 D
1 15 6 15 U
2 0 0 13 U
2 1 11 8 D
2 2 7 5 R
2 3 0 11 D
2 4 5 14 U
2 5 5 5 R
2 6 8 14 U
2 7 12 9 D
2 8 0 0 L
2 9 1 9 D
2 10 5 10 D
2 11 10 11 D
2 12 3 12 U
2 13 1 3 L
2 14 3 9 D
2 15 0 6 R
3 0 6 0 L
3 1 0 12 U
3 2 0 8 D
3 3 8 3 L
3 4 1 4 R
3 5 15 5 R
3 6 4 6 R
3 7 2 7 R
3 8 15 4 R
3 9 17 4 R
3 10 14 0 L
3 11 0 15 U
3 12 0 7 R
3 13 6 6 R
3 14 8 14 U
3 15 12 15 U
4 0 2 13 U
4 1 8 8 D
4 2 13 9 D
4 3 7 8 D
4 4 7 8 D
4 5 3 5 R
4 6 9 6 R
4 7 6 9 D
4 8 0 12 U
4 9 10 9 D
4 10 6 10 D
4 11 6 6 R
4 12 0 2 L
4 13 8 1 L
4 14 13 14 U
4 15 8 15 U
5 0 0 8 D
5 1 7 13 U
5 2 0 10 D
5 3 3 11 D
5 4 1 0 L
5 5 8 5 R
5 6 8 13 U
5 7 0 0 L
5 8 4 8 D
5 9 0 1 L
5 10 7 14 U
5 11 4 11 D
5 12 0 0 L
5 13 10 5 R
5 14 0 5 R
5 15 0 9 D
6 0 9 10 D
6 1 1 1 L
6 2 7 12 U
6 3 0 4 R
6 4 7 12 U
6 5 0 14 U
6 6 1 6 R
6 8 1 8 D
6 9 8 1 L
6 10 8 10 D
6 11 7 5 R
6 12 7 12 U
6 13 9 9 D
6 14 4 14 U
6 15 7 15 U
7 0 0 12 U
7 1 13 14 U
7 2 0 15 U
7 3 9 15 U
7 4 3 4 R
7 5 0 13 U
7 6 9 6 R
7 7 0 10 D
7 8 0 4 R
7 9 6 9 D
7 10 0 2 L
7 11 4 7 R
7 12 0 8 D
7 13 11 2 L
7 14 10 4 R
7 15 5 5 R
8 0 0 9 D
8 1 7 1 L
8 2 0 6 R
8 4 5 4 R
8 5 0 9 D
8 6 1 6 R
8 7 1 7 R
8 8 0 6 R
8 9 3 5 R
8 10 1 10 D
8 11 2 6 R
8 12 0 3 L
8 13 9 13 U
8 14 1 14 U
9 0 0 14 U
9 1 13 11 D
9 2 1 2 L
9 3 6 3 L
9 4 2 10 D
9 5 14 5 R
9 6 13 0 L
9 8 11 1 L
9 9 1 9 D
9 10 0 15 U
9 11 12 11 D
9 12 7 4 R
9 13 2 13 U
9 14 0 1 L
9 15 4 10 D
10 0 8 8 D
10 1 0 6 R
10 2 4 10 D
10 3 8 3 L
10 4 0 0 L
10 5 6 8 D
10 6 2 6 R
10 8 13 13 U
10 9 8 2 L
10 10 9 6 R
10 11 1 4 R
10 12 13 7 R
10 13 4 11 D
10 14 8 1 L
10 15 0 7 R
11 0 1 9 D
11 1 2 4 R
11 2 14 13 U
11 4 0 2 L
11 5 8 11 D
11 6 0 15 U
11 8 0 7 R
11 9 12 13 U
11 10 0 14 U
11 11 7 6 R
11 12 7 12 U
11 13 0 8 D
11 14 1 14 U
11 15 0 10 D
12 0 6 0 L
12 1 2 1 L
12 2 2 2 L
12 4 2 12 U
12 5 9 14 U
12 6 3 9 D
12 7 0 3 L
12 8 4 8 D
12 9 0 12 U
12 10 6 6 R
12 11 2 11 D
12 12 7 12 U
12 14 7 1 L
12 15 0 11 D
13 0 6 0 L
13 2 8 12 U
13 4 3 4 R
13 5 9 12 U
13 6 7 9 D
13 8 0 5 R
13 9 0 5 R
13 11 6 11 D
13 12 6 2 L
13 13 4 7 R
13 14 12 3 L
13 15 3 15 U
14 0 3 11 D
14 4 2 4 R
14 5 7 5 R
14 6 8 6 R
14 8 13 8 D
14 9 2 2 L
14 11 9 6 R
14 12 1 0 L
14 14 2 14 U
15 0 10 15 U
15 4 13 9 D
15 8 4 8 D
15 9 8 9 D
15 12 6 0 L
15 14 8 14 U
16 0 3 5 R
16 4 10 0 L
16 12 2 12 U
16 14 8 14 U
17 0 15 0 L
17 12 1 12 U

