24 22 467
0 0 0 0 0 20 0 3 7 0 8 0 19 7 2 0 0
10 18 0 0 5 3 14 0 19 13 0 6 0 17 15 0 0
13 20 13 2 19 0 20 9 19 0 17 0 8 0 7 0 0
4 0 13 0 0 22 0 0 0 0 16 11 0 0 0 0 0
0 21 12 14 7 10 0 0 0 0 0 0 22 0 7 0 0
8 0 0 2 15 0 21 0 2 0 16 14 18 17 0 0 4
0 0 7 4 4 23 0 21 23 1 0 22 17 0 0 0 4
16 19 5 0 0 22 0 0 0 0 0 15 0 23 14 0 0
0 19 15 0 3 14 14 0 0 0 0 0 22 0 0 3 0
8 0 13 0 13 18 0 0 19 16 17 0 18 14 20 0 3
17 0 21 13 11 0 0 0 0 0 0 11 19 0 14 15 0
0 3 0 0 22 7 0 0 0 2 0 0 0 7 0 5 15
0 9 0 0 0 0 0 0 7 0 0 0 0 0 0 0 0
0 4 1 19 22 0 0 0 1 0 0 0 12 0 6 0 0
0 19 20 0 18 0 0 0 0 0 0 4 0 0 15 9 0
2 0 0 0 17 1 0 0 4 0 0 0 0 0 0 0 9
22 13 1 17 0 0 0 0 18 1 0 13 0 4 5 0 0
0 0 0 0 D
0 1 0 1 D
0 2 0 2 D
0 3 0 3 D
0 4 0 4 D
0 5 0 5 R
0 6 0 6 R
0 7 0 7 R
0 8 0 8 R
0 9 0 9 R
0 10 0 10 R
0 11 0 11 U
0 12 0 12 U
0 13 0 13 U
0 14 0 14 U
0 15 0 15 U
0 16 0 16 L
0 17 0 17 L
0 18 0 18 L
0 19 0 19 L
0 20 0 20 L
0 21 0 21 L
1 0 0 18 L
1 1 9 7 R
1 2 7 2 D
1 3 7 3 D
1 4 16 19 L
1 5 11 3 D
1 6 15 4 D
1 7 12 13 U
1 8 5 8 R
1 9 5 9 R
1 10 15 12 U
1 11 0 5 R
1 12 16 12 U
1 13 3 5 R
1 14 13 10 R
1 15 8 5 R
1 16 12 0 D
1 17 5 15 U
1 18 2 18 L
1 19 4 15 U
1 20 9 20 L
1 21 6 3 D
2 0 12 18 L
2 1 9 5 R
2 2 0 5 R
2 3 1 18 L
2 4 10 4 D
2 5 0 18 L
2 6 4 11 U
2 7 7 19 L
2 8 9 8 R
2 9 1 9 R
2 10 11 10 R
2 11 12 1 D
2 12 0 0 D
2 13 0 20 L
2 14 3 6 R
2 15 11 6 R
2 16 0 11 U
2 17 14 2 D
2 18 0 11 U
2 19 1 19 L
2 20 0 1 D
2 21 8 21 L
3 0 0 13 U
3 1 11 6 R
3 2 9 6 R
3 3 10 7 R
3 4 7 4 D
3 5 14 2 D
3 6 6 6 R
3 7 8 3 D
3 8 1 8 R
3 9 0 16 L
3 10 9 0 D
3 11 0 9 R
3 12 1 17 L
3 13 12 6 R
3 14 6 5 R
3 15 0 19 L
3 16 2 13 U
3 17 1 11 U
3 18 0 3 D
3 19 2 1 D
3 20 0 15 U
3 21 1 2 D
4 0 0 17 L
4 1 0 12 U
4 2 2 2 D
4 3 3 9 R
4 4 8 6 R
4 5 0 12 U
4 6 0 19 L
4 7 13 18 L
4 8 12 13 U
4 9 12 14 U
4 10 13 10 R
4 11 1 6 R
4 12 15 7 R
4 13 0 7 R
4 14 1 14 U
4 15 7 15 U
4 16 17 5 R
4 17 8 17 L
4 18 1 13 U
4 19 13 4 D
4 20 1 14 U
4 21 5 3 D
5 0 12 5 R
5 1 6 10 R
5 2 16 19 L
5 3 3 17 L
5 4 18 5 R
5 5 9 13 U
5 6 18 11 U
5 7 12 11 U
5 8 17 8 R
5 9 16 9 R
5 10 11 10 R
5 11 14 20 L
5 12 6 12 U
5 13 20 13 U
5 14 7 14 U
5 15 0 8 R
5 16 0 14 U
5 17 12 17 L
5 18 17 3 D
5 19 3 19 L
5 20 1 20 L
5 21 8 1 D
6 0 0 16 L
6 1 0 8 R
6 2 5 17 L
6 3 5 17 L
6 4 1 21 L
6 5 16 5 R
6 6 15 16 L
6 7 21 12 U
6 8 3 8 R
6 9 12 15 U
6 10 11 10 R
6 11 5 10 R
6 12 0 1 D
6 13 17 13 U
6 14 0 3 D
6 15 15 8 R
6 16 10 16 L
6 17 0 0 D
6 18 9 0 D
6 19 8 4 D
6 20 3 20 L
6 21 4 21 L
7 0 0 11 U
7 1 0 5 R
7 2 5 2 D
7 3 1 3 D
7 4 10 4 D
7 5 0 0 D
7 6 0 21 L
7 7 0 12 U
7 8 0 2 D
7 9 16 4 D
7 10 4 21 L
7 11 10 19 L
7 12 10 12 U
7 13 0 6 R
7 14 19 14 U
7 15 3 15 U
7 16 4 15 U
7 17 14 17 L
7 18 16 14 U
7 19 5 14 U
7 20 10 3 D
7 21 20 12 U
8 0 0 9 R
8 1 19 19 L
8 2 7 2 D
8 3 18 3 D
8 4 4 19 L
8 5 13 16 L
8 6 13 4 D
8 7 0 17 L
8 8 5 8 R
8 9 2 9 R
8 10 7 4 D
8 11 17 16 L
8 12 0 10 R
8 13 14 16 L
8 14 5 9 R
8 15 15 7 R
8 16 2 1 D
8 17 17 11 U
8 18 0 4 D
8 19 13 14 U
8 20 10 12 U
8 21 0 12 U
9 0 5 16 L
9 1 7 1 D
9 2 15 9 R
9 3 8 3 D
9 4 19 7 R
9 5 18 16 L
9 6 5 3 D
9 7 0 11 U
9 8 2 0 D
9 9 2 21 L
9 10 6 10 R
9 11 3 21 L
9 12 3 17 L
9 13 10 9 R
9 14 15 7 R
9 15 12 7 R
9 16 8 14 U
9 17 0 5 R
9 18 10 6 R
9 19 22 2 D
9 20 1 0 D
9 21 2 21 L
10 0 13 9 R
10 1 7 20 L
10 2 4 2 D
10 3 16 3 D
10 4 6 4 D
10 5 12 12 U
10 6 15 0 D
10 7 8 15 U
10 8 8 14 U
10 9 11 2 D
10 10 13 10 R
10 11 13 11 U
10 12 5 12 U
10 13 14 18 L
10 14 4 14 U
10 15 7 15 U
10 16 0 0 D
10 17 4 17 L
10 18 3 12 U
10 19 14 1 D
10 20 2 12 U
10 21 9 2 D
11 0 0 21 L
11 1 6 17 L
11 2 7 7 R
11 3 2 21 L
11 4 20 8 R
11 5 19 1 D
11 6 20 6 R
11 7 0 15 U
11 8 2 8 R
11 9 6 9 R
11 10 7 1 D
11 11 18 7 R
11 12 1 12 U
11 13 5 13 U
11 14 7 14 U
11 15 8 4 D
11 16 12 4 D
11 17 13 0 D
11 18 12 3 D
11 19 0 13 U
11 20 16 15 U
11 21 2 21 L
12 0 10 17 L
12 1 5 18 L
12 2 7 5 R
12 3 18 19 L
12 4 4 8 R
12 5 9 17 L
12 7 5 7 R
12 8 3 20 L
12 9 2 12 U
12 10 1 12 U
12 11 0 18 L
12 12 16 5 R
12 13 10 21 L
12 14 1 10 R
12 15 7 15 U
12 16 9 11 U
12 17 14 12 U
12 18 0 12 U
12 19 3 19 L
12 20 7 20 L
12 21 8 13 U
13 0 0 7 R
13 1 15 16 L
13 2 1 2 D
13 3 1 13 U
13 4 10 17 L
13 5 0 13 U
13 6 2 17 L
13 7 8 7 R
13 8 6 8 R
13 9 0 20 L
13 10 18 10 R
13 11 14 9 R
13 12 6 12 U
13 13 0 2 D
13 14 10 14 U
13 15 5 15 U
13 16 1 11 U
13 17 11 0 D
13 18 4 18 L
13 19 0 6 R
13 20 8 20 L
13 21 9 21 L
14 0 19 6 R
14 1 0 15 U
14 2 18 19 L
14 3 3 3 D
14 4 16 4 D
14 5 15 0 D
14 6 9 1 D
14 7 1 7 R
14 8 8 3 D
14 9 13 9 R
14 10 9 1 D
14 11 15 18 L
14 12 10 7 R
14 13 13 8 R
14 14 0 9 R
14 15 10 15 U
14 16 10 16 L
14 17 11 11 U
14 18 3 14 U
14 19 1 19 L
14 20 6 20 L
14 21 13 15 U
15 0 17 20 L
15 1 18 1 D
15 2 3 18 L
15 3 21 6 R
15 4 16 4 D
15 5 5 13 U
15 7 21 2 D
15 8 8 8 R
15 9 0 21 L
15 10 4 13 U
15 11 0 17 L
15 12 8 16 L
15 13 5 0 D
15 14 2 5 R
15 15 11 20 L
15 16 14 4 D
15 17 9 2 D
15 18 1 3 D
15 19 4 1 D
15 20 13 13 U
15 21 2 15 U
16 0 11 19 L
16 1 13 5 R
16 2 9 2 D
16 3 8 8 R
16 4 2 5 R
16 5 2 14 U
16 6 2 18 L
16 7 17 14 U
16 8 13 12 U
16 9 6 9 R
16 10 7 10 R
16 11 0 16 L
16 12 7 12 U
16 13 15 13 U
16 14 11 10 R
16 15 13 18 L
16 16 4 3 D
16 17 4 17 L
16 18 1 7 R
16 19 12 12 U
16 20 6 2 D
17 0 0 20 L
17 1 20 1 D
17 2 5 5 R
17 3 15 18 L
17 5 8 0 D
17 6 9 2 D
17 7 5 7 R
17 8 0 20 L
17 9 11 9 R
17 10 0 15 U
17 11 19 8 R
17 12 18 6 R
17 13 12 19 L
17 14 1 8 R
17 15 19 17 L
17 16 3 2 D
17 17 0 13 U
17 18 14 18 L
17 19 3 19 L
17 20 7 3 D
18 0 20 16 L
18 1 11 5 R
18 2 0 14 U
18 3 13 9 R
18 4 20 4 D
18 6 11 12 U
18 7 6 7 R
18 8 1 8 R
18 9 15 11 U
18 10 0 0 D
18 11 17 11 U
18 12 14 17 L
18 13 20 13 U
18 14 10 16 L
18 15 14 15 U
18 16 3 12 U
18 17 21 0 D
18 18 16 13 U
18 19 17 0 D
18 20 2 0 D
18 21 14 4 D
19 0 10 5 R
19 2 8 8 R
19 3 1 3 D
19 4 1 4 D
19 6 2 13 U
19 7 0 3 D
19 8 12 15 U
19 9 11 9 R
19 10 2 10 R
19 11 20 11 U
19 12 3 9 R
19 13 7 13 U
19 14 8 14 U
19 15 13 10 R
19 16 20 14 U
19 17 7 11 U
19 18 6 4 D
19 19 8 19 L
19 20 7 20 L
20 0 0 10 R
20 1 19 1 D
20 2 3 6 R
20 3 8 3 D
20 5 2 11 U
20 9 2 9 R
20 10 4 10 R
20 11 15 5 R
20 12 8 19 L
20 13 8 9 R
20 14 3 5 R
20 15 7 15 U
20 16 10 12 U
20 17 13 1 D
20 18 12 15 U
21 0 1 16 L
21 2 2 2 D
21 3 5 7 R
21 9 13 9 R
21 11 4 6 R
21 12 1 7 R
21 13 20 5 R
21 14 20 19 L
21 15 9 21 L
21 18 5 14 U
22 0 18 0 D
22 2 21 2 D
22 3 12 21 L
22 9 1 1 D
22 14 18 7 R
22 15 8 21 L
22 17 21 5 R
22 18 18 12 U
23 2 8 9 R
23 9 5 9 R
23 18 2 18 L

