28 25 619
10 0 0 0 0 6 0 12 0 0 0 0 0 0 0 4 11 0 19 0
0 4 6 8 6 0 1 3 12 0 0 27 0 12 0 9 10 0 8 0
0 6 0 0 0 0 0 13 0 22 23 17 24 0 0 15 21 0 0 19
0 0 0 0 0 12 0 24 0 26 0 0 0 24 0 19 11 0 9 0
19 0 14 16 0 0 7 14 0 23 21 0 0 0 0 5 3 0 1 0
2 0 0 18 0 6 0 24 2 0 0 21 0 0 0 7 0 0 0 0
0 0 0 18 3 9 14 0 0 0 0 0 0 24 0 0 7 0 0 5
5 9 0 0 0 5 0 0 0 0 0 0 0 25 0 0 24 0 9 0
0 26 0 0 0 0 0 13 9 0 0 17 13 16 0 0 0 5 0 0
12 0 0 0 0 2 0 5 14 0 6 7 0 0 0 7 4 23 0 0
23 26 0 0 0 0 0 0 0 0 19 0 14 0 14 10 0 0 8 18
25 6 0 0 12 26 0 0 0 0 21 11 12 21 24 7 3 12 0 4
0 5 0 0 0 0 0 14 2 4 3 0 0 0 1 0 0 0 0 0
16 0 25 0 22 0 0 0 26 24 15 0 16 23 0 1 0 0 23 0
18 0 26 18 0 20 0 0 0 3 0 15 0 22 0 0 0 0 0 0
0 16 0 0 14 25 0 0 2 0 12 0 16 0 0 0 16 0 22 0
1 0 0 0 16 0 0 8 2 0 22 0 15 22 0 1 8 0 1 0
11 0 11 0 0 1 0 26 0 0 27 16 0 0 12 0 0 0 0 17
5 26 26 0 0 0 0 0 0 0 21 25 0 19 12 0 0 0 5 0
0 0 18 0 0 23 0 0 0 0 6 24 1 0 20 14 0 0 0 12
0 0 0 0 D
0 1 0 1 D
0 2 0 2 D
0 3 0 3 D
0 4 0 4 D
0 5 0 5 D
0 6 0 6 R
0 7 0 7 R
0 8 0 8 R
0 9 0 9 R
0 10 0 10 R
0 11 0 11 R
0 12 0 12 R
0 13 0 13 U
0 14 0 14 U
0 15 0 15 U
0 16 0 16 U
0 17 0 17 U
0 18 0 18 U
0 19 0 19 L
0 20 0 20 L
0 21 0 21 L
0 22 0 22 L
0 23 0 23 L
0 24 0 24 L
1 0 0 6 R
1 1 17 1 D
1 2 3 2 D
1 3 14 10 R
1 4 12 4 D
1 5 4 5 D
1 6 0 13 U
1 7 13 3 D
1 8 4 17 U
1 9 17 18 U
1 10 0 15 U
1 11 2 11 R
1 12 24 5 D
1 13 8 4 D
1 14 0 20 L
1 15 6 8 R
1 16 14 16 U
1 17 0 8 R
1 18 4 18 U
1 19 0 14 U
1 20 0 17 U
1 21 9 21 L
1 22 7 22 L
1 23 7 23 L
1 24 2 24 L
2 0 11 22 L
2 1 4 11 R
2 2 22 24 L
2 3 4 23 L
2 4 0 16 U
2 5 21 10 R
2 6 16 16 U
2 7 8 4 D
2 8 23 3 D
2 9 1 9 R
2 10 9 3 D
2 11 8 11 R
2 12 11 12 R
2 13 1 13 U
2 14 23 19 L
2 15 16 15 U
2 16 12 24 L
2 17 18 9 R
2 18 13 8 R
2 19 16 19 L
2 20 10 20 L
2 21 16 3 D
2 22 19 14 U
2 23 11 23 L
2 24 7 24 L
3 0 5 0 D
3 1 22 20 L
3 2 15 10 R
3 3 13 8 R
3 4 6 11 R
3 5 1 5 D
3 6 14 1 D
3 7 6 7 R
3 8 12 14 U
3 9 2 9 R
3 10 1 10 R
3 11 0 3 D
3 12 2 12 R
3 13 14 12 R
3 14 24 9 R
3 15 18 6 R
3 16 11 7 R
3 17 11 17 U
3 18 4 18 U
3 19 15 6 R
3 20 12 20 L
3 21 7 21 L
3 22 9 22 L
3 23 13 1 D
3 24 9 13 U
4 0 18 22 L
4 1 1 20 L
4 2 2 11 R
4 3 15 3 D
4 4 5 4 D
4 5 1 5 D
4 6 5 0 D
4 7 0 14 U
4 8 0 18 U
4 9 10 17 U
4 10 7 10 R
4 11 6 1 D
4 12 21 16 U
4 13 2 23 L
4 14 10 7 R
4 15 11 20 L
4 16 5 16 U
4 17 1 17 U
4 18 1 18 U
4 19 0 8 R
4 20 7 1 D
4 21 11 2 D
4 22 0 13 U
4 23 6 0 D
4 24 3 14 U
5 0 0 13 U
5 1 0 20 L
5 2 3 22 L
5 3 1 3 D
5 4 18 4 D
5 5 4 5 D
5 6 13 0 D
5 7 11 13 U
5 8 14 8 R
5 9 11 9 R
5 10 0 21 L
5 11 22 17 U
5 12 25 17 U
5 13 0 9 R
5 14 11 10 R
5 15 9 15 U
5 16 17 19 L
5 17 3 17 U
5 18 1 18 U
5 19 10 0 D
5 20 0 1 D
5 21 1 15 U
5 22 9 14 U
5 23 18 23 L
5 24 11 24 L
6 0 0 15 U
6 1 1 9 R
6 2 16 22 L
6 3 20 19 L
6 4 4 4 D
6 5 2 5 D
6 6 22 2 D
6 7 11 21 L
6 8 9 8 R
6 9 3 15 U
6 10 4 10 R
6 11 1 11 R
6 12 2 12 R
6 13 1 19 L
6 14 0 7 R
6 15 0 11 R
6 16 11 9 R
6 17 14 21 L
6 18 2 10 R
6 19 3 13 U
6 20 20 20 L
6 21 10 2 D
6 22 4 22 L
6 23 2 23 L
6 24 3 24 L
7 0 20 6 R
7 1 1 10 R
7 2 9 9 R
7 3 17 8 R
7 4 14 21 L
7 5 1 6 R
7 6 10 5 D
7 7 6 7 R
7 8 3 17 U
7 9 15 0 D
7 10 6 10 R
7 11 13 4 D
7 12 6 12 R
7 13 5 10 R
7 14 13 6 R
7 15 0 22 L
7 16 23 12 R
7 17 17 17 U
7 18 0 24 L
7 19 5 2 D
7 20 3 7 R
7 21 21 21 L
7 22 4 22 L
7 23 1 3 D
7 24 2 0 D
8 0 0 11 R
8 1 11 24 L
8 2 13 2 D
8 3 23 9 R
8 4 24 23 L
8 5 4 8 R
8 6 0 20 L
8 7 5 4 D
8 8 2 8 R
8 9 20 15 U
8 10 3 14 U
8 11 2 11 R
8 12 18 20 L
8 13 1 23 L
8 14 21 24 L
8 15 5 22 L
8 16 0 1 D
8 17 21 7 R
8 18 6 7 R
8 19 18 8 R
8 20 6 2 D
8 21 9 21 L
8 22 9 18 U
8 23 3 23 L
8 24 14 24 L
9 0 2 8 R
9 1 0 7 R
9 2 15 19 L
9 3 6 8 R
9 4 2 20 L
9 5 2 11 R
9 6 0 19 L
9 7 20 0 D
9 8 22 2 D
9 9 13 9 R
9 10 8 1 D
9 11 7 11 R
9 12 21 15 U
9 13 6 23 L
9 14 7 8 R
9 15 0 23 L
9 16 22 8 R
9 17 2 9 R
9 18 3 22 L
9 19 8 17 U
9 20 16 15 U
9 21 19 14 U
9 22 14 4 D
9 23 11 13 U
9 24 23 3 D
10 0 3 14 U
10 1 6 6 R
10 2 12 20 L
10 3 5 6 R
10 4 8 11 R
10 5 26 5 D
10 6 2 0 D
10 7 0 0 D
10 8 2 8 R
10 9 17 2 D
10 10 1 10 R
10 11 23 11 R
10 12 2 12 R
10 13 14 6 R
10 14 7 21 L
10 15 2 10 R
10 16 19 21 L
10 17 14 20 L
10 18 7 9 R
10 19 4 1 D
10 20 22 1 D
10 21 6 4 D
10 22 14 3 D
10 23 12 23 L
10 24 12 5 D
11 0 5 0 D
11 1 8 24 L
11 2 5 19 L
11 3 15 9 R
11 4 6 21 L
11 5 12 19 L
11 6 9 3 D
11 7 19 2 D
11 8 2 4 D
11 9 9 22 L
11 10 5 10 R
11 11 6 11 R
11 12 12 13 U
11 13 5 6 R
11 14 0 6 R
11 15 13 22 L
11 16 2 7 R
11 17 1 17 U
11 18 0 7 R
11 19 22 0 D
11 20 5 6 R
11 21 5 0 D
11 22 3 22 L
11 23 3 13 U
11 24 10 15 U
12 0 0 19 L
12 1 1 1 D
12 2 2 2 D
12 3 8 3 D
12 4 20 9 R
12 5 25 5 D
12 6 2 13 U
12 7 5 7 R
12 8 0 16 U
12 9 10 4 D
12 10 19 10 R
12 11 8 2 D
12 12 9 0 D
12 13 6 7 R
12 14 0 3 D
12 15 18 10 R
12 16 13 16 U
12 17 7 11 R
12 18 6 18 U
12 19 20 4 D
12 20 8 8 R
12 21 26 21 L
12 22 13 2 D
12 23 6 23 L
12 24 6 5 D
13 0 14 12 R
13 1 25 19 L
13 2 18 2 D
13 3 4 3 D
13 4 26 6 R
13 5 23 12 R
13 6 14 17 U
13 7 21 14 U
13 8 6 16 U
13 9 3 9 R
13 10 10 21 L
13 11 2 11 R
13 12 2 12 R
13 13 10 6 R
13 14 2 20 L
13 15 12 10 R
13 16 2 23 L
13 17 10 23 L
13 18 17 11 R
13 19 12 4 D
13 20 18 0 D
13 21 20 17 U
13 22 2 22 L
13 23 15 5 D
13 24 10 24 L
14 0 23 19 L
14 1 17 8 R
14 2 0 14 U
14 3 16 23 L
14 4 1 11 R
14 5 5 7 R
14 6 0 23 L
14 7 10 7 R
14 8 17 0 D
14 9 10 1 D
14 10 7 1 D
14 11 11 2 D
14 12 21 12 R
14 13 4 7 R
14 14 3 14 U
14 15 12 23 L
14 16 2 9 R
14 17 18 17 U
14 18 3 18 U
14 19 0 0 D
14 20 0 4 D
14 21 15 3 D
14 22 18 3 D
14 23 7 18 U
14 24 1 24 L
15 0 4 7 R
15 1 13 21 L
15 2 0 19 L
15 3 13 20 L
15 4 1 4 D
15 6 0 1 D
15 7 6 7 R
15 8 4 15 U
15 9 1 9 R
15 10 7 16 U
15 11 0 13 U
15 13 0 21 L
15 14 0 0 D
15 15 10 20 L
15 16 18 11 R
15 17 17 19 L
15 18 8 18 U
15 19 6 1 D
15 20 6 14 U
15 21 0 15 U
15 22 19 16 U
15 23 17 15 U
15 24 13 14 U
16 0 15 9 R
16 1 19 6 R
16 2 5 22 L
16 3 1 3 D
16 4 20 22 L
16 5 6 22 L
16 6 17 14 U
16 7 10 7 R
16 8 0 17 U
16 9 1 5 D
16 10 0 18 U
16 11 7 16 U
16 13 0 2 D
16 14 8 20 L
16 15 10 7 R
16 16 20 22 L
16 17 24 22 L
16 18 5 18 U
16 19 8 1 D
16 20 6 5 D
16 21 9 0 D
16 22 1 22 L
16 23 0 10 R
16 24 0 3 D
17 0 4 19 L
17 1 15 6 R
17 2 2 2 D
17 3 2 9 R
17 4 0 17 U
17 6 0 2 D
17 7 15 17 U
17 8 10 8 R
17 9 2 22 L
17 10 15 2 D
17 11 19 4 D
17 13 1 8 R
17 14 15 14 U
17 15 18 21 L
17 16 6 16 U
17 17 4 0 D
17 18 8 20 L
17 19 6 19 L
17 20 15 14 U
17 21 16 16 U
17 22 3 15 U
17 23 25 2 D
17 24 3 24 L
18 0 12 0 D
18 2 6 9 R
18 3 0 10 R
18 4 4 4 D
18 5 22 23 L
18 6 3 1 D
18 7 6 1 D
18 8 0 0 D
18 9 3 14 U
18 10 2 10 R
18 11 20 21 L
18 13 9 9 R
18 14 13 10 R
18 15 12 15 U
18 16 11 16 U
18 17 17 6 R
18 18 3 8 R
18 19 5 1 D
18 20 0 7 R
18 21 20 16 U
18 22 12 1 D
18 23 3 23 L
18 24 21 16 U
19 0 0 8 R
19 2 11 7 R
19 3 21 8 R
19 4 4 4 D
19 6 9 19 L
19 7 0 24 L
19 8 11 15 U
19 9 12 9 R
19 10 15 15 U
19 11 2 3 D
19 13 6 19 L
19 14 12 10 R
19 15 3 8 R
19 16 24 24 L
19 17 18 12 R
19 18 27 21 L
19 20 9 14 U
19 21 7 21 L
19 22 20 0 D
19 23 1 23 L
19 24 5 18 U
20 0 23 8 R
20 1 18 7 R
20 2 0 22 L
20 3 16 19 L
20 4 27 19 L
20 6 4 13 U
20 7 13 15 U
20 8 2 8 R
20 9 12 16 U
20 10 5 13 U
20 11 1 11 R
20 13 2 10 R
20 14 2 22 L
20 15 0 19 L
20 16 13 22 L
20 17 21 24 L
20 18 8 6 R
20 20 13 20 L
20 21 0 18 U
20 22 8 5 D
20 23 14 23 L
20 24 18 16 U
21 0 2 6 R
21 2 5 21 L
21 3 0 24 L
21 4 4 4 D
21 6 1 13 U
21 7 5 7 R
21 8 9 8 R
21 9 2 13 U
21 10 14 0 D
21 11 22 11 R
21 13 7 24 L
21 14 7 14 U
21 15 19 10 R
21 17 23 17 U
21 18 7 18 U
21 19 12 19 L
21 20 2 0 D
21 21 17 15 U
21 22 7 18 U
21 23 1 0 D
21 24 1 24 L
22 0 10 0 D
22 2 20 8 R
22 3 5 3 D
22 4 13 4 D
22 5 11 19 L
22 6 12 13 U
22 7 12 5 D
22 8 24 3 D
22 9 20 14 U
22 10 12 15 U
22 11 2 17 U
22 13 1 7 R
22 14 10 6 R
22 15 26 20 L
22 16 17 24 L
22 17 1 17 U
22 18 6 18 U
22 19 16 2 D
22 20 0 16 U
22 21 16 21 L
22 22 9 4 D
22 23 16 23 L
22 24 5 24 L
23 0 17 0 D
23 2 4 13 U
23 3 10 21 L
23 4 4 4 D
23 6 24 6 R
23 7 9 18 U
23 8 13 1 D
23 9 16 4 D
23 10 2 3 D
23 11 0 20 L
23 13 21 13 U
23 14 0 19 L
23 15 19 9 R
23 16 21 11 R
23 17 15 21 L
23 20 3 13 U
23 21 2 21 L
23 22 6 17 U
23 23 20 17 U
23 24 20 17 U
24 0 0 23 L
24 2 0 20 L
24 3 12 24 L
24 4 21 24 L
24 6 2 6 R
24 7 4 0 D
24 8 17 2 D
24 9 25 21 L
24 10 17 1 D
24 11 1 11 R
24 13 3 23 L
24 14 14 7 R
24 17 22 23 L
24 21 12 1 D
24 22 3 0 D
24 23 22 23 L
24 24 21 24 L
25 0 2 7 R
25 3 4 3 D
25 4 22 15 U
25 7 23 20 L
25 8 21 13 U
25 10 14 13 U
25 11 0 17 U
25 13 23 23 L
25 14 23 2 D
25 17 2 17 U
25 22 0 6 R
25 23 2 8 R
26 0 4 11 R
26 4 2 4 D
26 7 8 7 R
26 8 22 4 D
26 10 5 10 R
26 11 1 11 R
26 13 5 12 R
26 14 2 6 R
26 21 25 13 U
26 22 0 8 R
26 23 6 23 L
27 7 25 0 D
27 8 15 14 U
27 10 14 10 R
27 22 4 22 L

