14 14 151
0 8 3 8 5 0 0 11 10 3
0 0 0 0 0 1 2 9 4 0
4 11 9 12 9 0 0 5 4 0
2 0 9 13 0 2 10 2 4 0
0 0 0 0 0 5 0 0 4 0
3 0 13 3 0 0 1 0 0 0
1 0 0 0 0 0 0 0 0 0
10 2 0 0 12 0 0 6 0 0
0 8 13 8 0 9 0 0 0 0
7 0 0 2 8 0 10 7 9 13
0 0 0 0 R
0 1 0 1 R
0 2 0 2 R
0 3 0 3 U
0 4 0 4 U
0 5 0 5 U
0 6 0 6 U
0 7 0 7 D
0 8 0 8 D
0 9 0 9 D
0 10 0 10 L
0 11 0 11 L
0 12 0 12 L
0 13 0 13 L
1 0 9 7 D
1 1 0 9 D
1 2 4 10 L
1 3 3 11 L
1 4 0 7 D
1 5 3 9 D
1 6 5 12 L
1 7 8 12 L
1 8 3 8 D
1 9 3 10 L
1 10 0 9 D
1 11 7 4 U
1 12 7 6 U
1 13 7 1 R
2 0 4 0 R
2 1 11 3 U
2 2 1 2 R
2 3 0 8 D
2 4 4 4 U
2 5 4 5 U
2 7 4 7 D
2 8 4 8 D
2 9 12 9 D
2 10 5 3 U
2 11 11 9 D
2 12 5 12 L
3 0 1 7 D
3 1 12 3 U
3 2 6 8 D
3 3 0 9 D
3 4 2 4 U
3 5 6 8 D
3 6 4 6 U
3 7 0 12 L
3 8 10 13 L
3 9 0 2 R
3 10 2 8 D
3 11 2 11 L
3 12 4 8 D
4 0 0 4 U
4 1 8 1 R
4 2 2 5 U
4 3 7 12 L
4 4 0 0 R
4 5 7 5 U
4 6 6 6 U
4 7 0 10 L
4 8 3 11 L
4 9 1 9 D
4 10 9 7 D
4 11 0 7 D
4 12 0 0 R
5 0 6 8 D
5 1 8 7 D
5 2 0 5 U
5 3 6 0 R
5 4 0 10 L
5 5 2 2 R
5 7 9 0 R
5 8 1 1 R
5 9 3 0 R
5 10 0 8 D
5 11 4 11 L
5 12 8 5 U
5 13 6 13 L
6 0 0 3 U
6 1 4 4 U
6 2 5 4 U
6 3 0 11 L
6 4 5 11 L
6 5 0 1 R
6 6 0 11 L
6 7 8 10 L
6 8 8 10 L
6 9 9 11 L
6 10 0 4 U
6 11 7 11 L
6 12 3 3 U
7 0 3 8 D
7 1 10 1 R
7 2 3 2 R
7 3 4 1 R
7 4 1 2 R
7 5 1 5 U
7 7 9 1 R
7 8 2 0 R
7 9 10 3 U
7 10 0 3 U
7 11 9 3 U
7 12 1 4 U
8 0 6 5 U
8 1 2 4 U
8 2 0 7 D
8 3 5 10 L
8 4 9 10 L
8 5 9 1 R
8 7 0 0 R
8 8 0 11 L
8 9 4 0 R
8 10 10 7 D
8 11 1 8 D
8 12 7 12 L
9 0 11 3 U
9 1 1 1 R
9 2 8 9 D
9 3 1 7 D
9 4 0 2 R
9 5 2 5 U
9 7 4 12 L
9 8 6 2 R
9 9 10 6 U
9 10 8 10 L
9 12 5 5 U
10 0 9 3 U
10 1 7 10 L
10 2 6 2 R
10 3 4 2 R
10 4 5 0 R
10 7 7 4 U
10 8 0 3 U
10 9 1 12 L
10 10 4 9 D
11 0 7 8 D
11 2 5 2 R
11 3 8 10 L
11 4 9 8 D
11 7 10 3 U
11 8 4 10 L
11 10 5 5 U
12 0 1 5 U
12 3 11 3 U
12 7 10 7 D
12 8 10 11 L
13 0 2 0 R
13 3 4 7 D
13 7 2 7 D
13 8 11 4 U

