18 23 357
6 8 1 0 0 0 0 0 0 0 0 0 0 0 0 0 0 9
0 5 0 0 2 0 0 11 0 0 0 0 0 0 0 0 14 1
0 6 0 8 15 7 2 15 0 0 0 0 0 10 12 0 9 3
0 0 12 4 7 0 0 0 0 0 2 4 0 2 0 13 14 0
0 0 11 0 0 0 3 10 0 0 1 15 15 0 0 1 0 9
12 0 11 15 0 0 3 2 1 7 0 0 0 0 0 4 0 15
0 0 0 14 9 3 6 8 3 0 0 0 7 0 0 7 10 14
6 0 6 6 0 0 3 0 0 16 0 0 0 16 1 3 0 0
0 14 0 16 0 0 0 8 16 0 1 0 0 0 15 14 0 0
12 9 9 16 0 0 6 0 0 17 0 14 0 0 9 0 6 9
7 3 12 0 17 13 0 0 16 12 0 9 0 6 14 0 3 0
0 15 7 0 0 0 0 15 0 2 0 0 0 5 0 14 11 0
6 6 0 0 4 7 0 0 0 9 0 0 0 0 0 0 0 15
10 0 7 2 0 0 16 0 13 13 0 0 0 0 11 14 11 0
0 7 0 7 0 10 0 3 12 2 11 0 0 0 0 11 0 0
0 0 7 7 0 0 15 0 0 0 16 0 0 0 7 1 0 6
8 13 0 10 12 5 0 0 1 0 7 0 0 0 1 0 0 0
0 8 12 0 0 3 9 15 9 0 0 13 0 11 2 2 11 15
0 0 0 0 L
0 1 0 1 L
0 2 0 2 L
0 3 0 3 L
0 4 0 4 L
0 5 0 5 L
0 6 0 6 R
0 7 0 7 R
0 8 0 8 R
0 9 0 9 R
0 10 0 10 R
0 11 0 11 R
0 12 0 12 D
0 13 0 13 D
0 14 0 14 D
0 15 0 15 D
0 16 0 16 D
0 17 0 17 U
0 18 0 18 U
0 19 0 19 U
0 20 0 20 U
0 21 0 21 U
0 22 0 22 U
1 0 14 0 L
1 1 4 1 L
1 2 6 17 U
1 3 2 15 D
1 4 2 17 U
1 5 8 15 D
1 6 0 17 U
1 7 0 0 L
1 8 7 8 R
1 9 4 20 U
1 10 5 10 R
1 11 2 11 R
1 12 2 8 R
1 13 6 1 L
1 14 0 2 L
1 15 12 1 L
1 16 9 16 D
1 17 7 6 R
1 18 3 6 R
1 19 6 19 U
1 20 0 1 L
1 21 11 6 R
1 22 13 22 U
2 0 0 18 U
2 1 0 19 U
2 2 1 20 U
2 3 1 3 L
2 4 1 17 U
2 5 7 17 U
2 6 1 0 L
2 7 14 7 R
2 8 9 20 U
2 9 0 21 U
2 10 0 14 D
2 11 0 18 U
2 12 9 8 R
2 13 6 13 D
2 14 7 14 D
2 15 0 8 R
2 16 5 8 R
2 17 0 6 R
2 18 1 18 U
2 19 5 3 L
2 20 6 20 U
2 21 3 6 R
2 22 0 0 L
3 0 10 14 D
3 1 10 18 U
3 2 2 2 L
3 3 2 3 L
3 4 1 4 L
3 5 7 12 D
3 6 0 12 D
3 7 9 13 D
3 8 7 15 D
3 9 0 12 D
3 10 9 20 U
3 11 0 12 D
3 12 13 12 D
3 13 2 13 D
3 14 2 0 L
3 15 1 10 R
3 16 10 7 R
3 17 5 7 R
3 18 0 4 L
3 19 6 19 U
3 20 4 7 R
3 21 6 21 U
3 22 13 22 U
4 0 3 0 L
4 1 12 15 D
4 2 5 2 L
4 3 0 16 D
4 4 6 14 D
4 5 5 5 L
4 6 13 14 D
4 7 10 19 U
4 8 0 20 U
4 9 3 9 R
4 10 2 15 D
4 11 2 21 U
4 12 8 2 L
4 13 10 5 L
4 14 5 6 R
4 15 1 4 L
4 16 7 16 D
4 17 3 0 L
4 18 7 7 R
4 19 5 9 R
4 20 3 9 R
4 21 3 21 U
5 0 0 6 R
5 1 14 14 D
5 2 13 18 U
5 3 10 3 L
5 4 11 4 L
5 5 4 5 L
5 6 0 19 U
5 7 2 7 R
5 8 1 8 R
5 9 4 9 R
5 10 4 10 R
5 11 0 2 L
5 12 0 10 R
5 13 0 20 U
5 14 7 11 R
5 15 0 21 U
5 16 8 16 D
5 17 9 12 D
5 18 1 10 R
5 19 2 10 R
5 20 1 20 U
5 21 0 8 R
5 22 2 22 U
6 0 0 12 D
6 1 13 17 U
6 2 7 13 D
6 3 0 20 U
6 4 0 16 D
6 5 2 5 L
6 6 10 13 D
6 7 2 13 D
6 8 7 8 R
6 9 13 14 D
6 10 11 10 R
6 11 0 15 D
6 12 4 12 D
6 13 5 1 L
6 14 7 2 L
6 15 8 5 L
6 16 8 16 D
6 17 2 17 U
6 18 0 12 D
6 19 13 11 R
6 20 0 11 R
6 21 2 21 U
6 22 1 22 U
7 0 12 12 D
7 1 1 1 L
7 2 1 13 D
7 3 6 3 L
7 4 11 15 D
7 5 0 15 D
7 6 4 6 R
7 7 3 18 U
7 8 8 8 R
7 9 13 9 R
7 10 1 10 R
7 11 1 11 R
7 12 9 9 R
7 13 8 11 R
7 14 5 8 R
7 15 0 11 R
7 16 3 8 R
7 17 6 17 U
7 18 9 18 U
7 19 0 7 R
7 20 6 9 R
7 21 0 10 R
7 22 6 22 U
8 0 0 17 U
8 1 3 1 L
8 2 6 12 D
8 3 0 8 R
8 4 4 20 U
8 5 7 5 L
8 6 2 4 L
8 7 14 17 U
8 8 11 18 U
8 9 11 9 R
8 10 0 15 D
8 11 1 17 U
8 12 0 6 R
8 13 0 9 R
8 14 1 3 L
8 15 4 1 L
8 16 9 16 D
8 17 0 0 L
8 18 0 14 D
8 19 10 9 R
8 20 12 8 R
8 21 4 9 R
9 0 0 7 R
9 1 1 21 U
9 2 0 13 D
9 3 3 14 D
9 4 15 16 D
9 5 8 5 L
9 6 8 2 L
9 7 7 7 R
9 8 8 1 L
9 9 5 9 R
9 10 3 10 R
9 11 16 11 R
9 12 5 0 L
9 13 5 13 D
9 14 12 6 R
9 15 2 6 R
9 16 1 5 L
9 17 0 10 R
9 18 6 18 U
9 19 0 12 D
9 20 5 10 R
9 21 8 21 U
9 22 0 3 L
10 0 0 14 D
10 1 0 10 R
10 2 11 14 D
10 3 3 18 U
10 5 2 18 U
10 6 0 13 D
10 7 5 7 R
10 8 8 8 R
10 9 4 9 R
10 10 5 21 U
10 11 12 15 D
10 12 3 6 R
10 13 1 13 D
10 14 1 5 L
10 15 1 15 D
10 16 1 16 D
10 17 14 9 R
10 18 0 5 L
10 19 2 7 R
10 20 17 2 L
10 21 9 16 D
10 22 12 16 D
11 0 5 6 R
11 1 1 1 L
11 2 3 2 L
11 3 4 22 U
11 5 2 17 U
11 6 3 12 D
11 7 5 7 R
11 8 2 4 L
11 9 15 12 D
11 10 4 10 R
11 11 0 1 L
11 12 0 1 L
11 13 13 7 R
11 14 0 0 L
11 15 2 11 R
11 16 5 3 L
11 17 3 3 L
11 18 1 0 L
11 19 12 9 R
11 21 4 21 U
12 0 0 11 R
12 1 0 21 U
12 2 4 15 D
12 3 3 3 L
12 5 11 5 L
12 6 9 15 D
12 7 5 22 U
12 8 7 14 D
12 9 0 2 L
12 10 6 19 U
12 11 3 11 R
12 12 10 10 R
12 13 8 2 L
12 15 9 15 D
12 16 16 0 L
12 17 15 7 R
12 18 0 13 D
12 19 10 7 R
12 20 0 15 D
12 21 0 16 D
13 0 12 19 U
13 1 1 19 U
13 2 11 2 L
13 3 5 3 L
13 5 4 21 U
13 6 3 13 D
13 7 0 3 L
13 8 7 8 R
13 9 10 16 D
13 10 1 10 R
13 11 0 22 U
13 12 5 6 R
13 13 3 20 U
13 14 0 7 R
13 15 1 15 D
13 16 4 16 D
13 17 2 17 U
13 18 1 2 L
13 19 0 0 L
13 20 4 20 U
13 21 0 2 L
14 0 6 13 D
14 1 12 1 L
14 2 11 17 U
14 3 7 21 U
14 5 9 21 U
14 6 1 19 U
14 7 5 7 R
14 8 1 19 U
14 9 3 3 L
14 10 2 12 D
14 12 0 3 L
14 13 12 0 L
14 15 15 3 L
14 16 10 16 D
14 17 13 0 L
14 18 13 11 R
14 21 8 21 U
15 1 9 17 U
15 2 9 7 R
15 3 5 3 L
15 5 2 5 L
15 6 1 5 L
15 7 13 13 D
15 8 8 14 D
15 9 3 18 U
15 10 12 15 D
15 12 5 11 R
15 13 0 18 U
15 15 6 15 D
15 16 8 8 R
15 17 14 2 L
15 18 0 6 R
15 21 0 9 R
16 3 1 22 U
16 6 7 17 U
16 7 14 15 D
16 8 13 4 L
16 9 7 20 U
16 10 14 10 R
16 12 3 0 L
16 16 5 16 D
16 17 2 9 R
16 18 2 9 R
17 3 9 18 U
17 7 8 13 D
17 10 7 18 U

