29 29 753
3 18 19 0 21 0 17 19 0 22 0 1 17 12 11 5 0 1 1
1 5 0 4 22 16 5 0 0 0 0 0 15 6 0 7 0 4 1
15 24 16 5 0 21 0 16 0 19 0 0 0 16 17 0 0 7 0
8 0 7 16 19 18 21 20 19 0 0 18 23 24 0 6 16 2 18
5 23 0 16 0 19 0 0 10 17 0 17 24 13 18 13 25 26 0
12 25 0 7 19 0 25 21 0 0 0 0 25 0 23 25 22 10 2
0 0 0 13 13 22 0 8 2 23 0 2 0 25 24 3 0 9 15
12 0 10 2 2 20 0 2 14 9 10 6 22 17 9 25 0 12 1
2 11 20 21 25 0 22 17 24 0 21 23 0 0 0 8 21 8 0
1 4 16 24 0 21 19 19 0 0 21 4 0 26 0 24 0 1 0
4 8 21 11 0 25 0 0 0 24 0 0 0 0 27 24 21 12 0
15 2 16 25 0 26 26 0 26 26 0 0 25 27 0 0 6 0 23
2 11 0 21 24 0 25 16 0 27 0 0 0 26 27 24 1 0 0
11 12 13 0 14 19 0 0 0 0 0 10 17 25 0 23 13 0 0
3 3 3 20 13 24 0 0 0 20 9 0 25 16 21 26 0 28 0
0 1 8 3 1 24 0 9 9 13 22 0 26 0 23 0 19 16 27
15 0 15 5 6 0 7 0 8 0 9 14 2 6 23 11 0 11 20
1 0 1 1 23 5 19 11 0 19 11 20 19 0 24 0 22 1 11
13 0 0 0 14 19 10 18 24 25 25 3 2 0 14 16 8 0 0
0 0 0 0 D
0 1 0 1 D
0 2 0 2 D
0 3 0 3 D
0 4 0 4 D
0 5 0 5 D
0 6 0 6 D
0 7 0 7 R
0 8 0 8 R
0 9 0 9 R
0 10 0 10 R
0 11 0 11 R
0 12 0 12 R
0 13 0 13 R
0 14 0 14 U
0 15 0 15 U
0 16 0 16 U
0 17 0 17 U
0 18 0 18 U
0 19 0 19 U
0 20 0 20 U
0 21 0 21 L
0 22 0 22 L
0 23 0 23 L
0 24 0 24 L
0 25 0 25 L
0 26 0 26 L
0 27 0 27 L
0 28 0 28 L
1 0 0 7 R
1 1 0 8 R
1 2 0 22 L
1 3 2 24 L
1 4 0 12 R
1 5 0 15 U
1 6 1 10 R
1 7 0 15 U
1 8 0 16 U
1 9 0 18 U
1 10 0 24 L
1 11 0 25 L
1 12 0 3 D
1 13 0 22 L
1 14 0 0 D
1 15 0 21 L
1 16 0 21 L
1 17 0 22 L
1 18 0 1 D
1 19 0 11 R
1 20 2 11 R
1 21 0 14 U
1 22 0 1 D
1 23 0 8 R
1 24 0 9 R
1 25 0 3 D
1 26 0 19 U
1 27 0 18 U
1 28 3 5 D
2 0 0 21 L
2 1 0 10 R
2 2 1 2 D
2 3 0 11 R
2 4 3 23 L
2 5 2 5 D
2 6 5 6 D
2 7 0 0 D
2 8 0 17 U
2 9 0 2 D
2 10 2 10 R
2 11 0 26 L
2 12 0 0 D
2 13 3 13 R
2 14 1 14 U
2 15 0 7 R
2 16 2 16 U
2 17 0 23 L
2 18 1 18 U
2 19 1 19 U
2 20 1 20 U
2 21 0 0 D
2 22 2 1 D
2 23 2 23 L
2 24 1 24 L
2 25 0 4 D
2 26 1 26 L
2 27 3 27 L
2 28 10 28 L
3 0 2 12 R
3 1 0 13 R
3 2 4 23 L
3 3 5 9 R
3 4 4 4 D
3 5 1 5 D
3 6 4 6 D
3 7 0 21 L
3 8 3 2 D
3 9 4 2 D
3 10 3 10 R
3 11 0 23 L
3 12 1 12 R
3 13 6 13 R
3 14 2 21 L
3 15 4 8 R
3 16 0 13 R
3 17 0 10 R
3 18 0 24 L
3 19 2 13 R
3 20 2 20 U
3 21 0 20 U
3 22 1 0 D
3 23 0 7 R
3 24 0 15 U
3 25 4 17 U
3 26 5 26 L
3 27 4 27 L
3 28 9 28 L
4 0 1 12 R
4 1 1 13 R
4 2 2 2 D
4 3 6 3 D
4 4 5 4 D
4 5 3 5 D
4 6 1 6 D
4 7 4 16 U
4 8 0 5 D
4 9 4 9 R
4 10 4 10 R
4 11 5 11 R
4 12 0 14 U
4 13 4 13 R
4 14 5 14 U
4 15 3 15 U
4 16 0 8 R
4 17 4 17 U
4 18 5 18 U
4 19 4 9 R
4 20 1 22 L
4 21 2 20 U
4 22 0 5 D
4 23 3 15 U
4 24 1 2 D
4 25 4 25 L
4 26 4 4 D
4 27 5 0 D
4 28 6 18 U
5 0 0 23 L
5 1 6 23 L
5 2 3 8 R
5 3 8 11 R
5 4 3 4 D
5 5 2 22 L
5 6 3 6 D
5 7 3 14 U
5 8 0 1 D
5 9 2 9 R
5 10 2 14 U
5 11 7 11 R
5 12 0 22 L
5 13 1 25 L
5 14 0 25 L
5 15 4 15 U
5 16 4 16 U
5 17 0 9 R
5 18 4 18 U
5 19 6 19 U
5 20 6 3 D
5 21 1 16 U
5 22 2 22 L
5 23 1 23 L
5 24 3 6 D
5 25 4 14 U
5 26 3 9 R
5 27 8 27 L
5 28 16 10 R
6 0 4 0 D
6 1 7 1 D
6 2 0 24 L
6 3 4 11 R
6 4 6 4 D
6 5 5 24 L
6 6 0 9 R
6 7 6 0 D
6 8 0 20 U
6 9 0 26 L
6 10 5 10 R
6 11 0 21 L
6 12 0 17 U
6 13 7 13 R
6 14 4 21 L
6 15 4 22 L
6 16 0 26 L
6 17 5 13 R
6 18 2 18 U
6 19 3 19 U
6 20 6 20 U
6 21 0 18 U
6 22 6 14 U
6 23 0 16 U
6 24 5 24 L
6 25 2 25 L
6 26 7 26 L
6 27 0 13 R
6 28 16 28 L
7 0 1 0 D
7 1 0 27 L
7 2 7 23 L
7 3 1 25 L
7 4 2 12 R
7 5 7 5 D
7 6 11 6 D
7 7 4 15 U
7 8 2 8 R
7 9 4 17 U
7 10 0 27 L
7 11 3 11 R
7 12 5 12 R
7 13 2 13 R
7 14 7 4 D
7 15 5 11 R
7 16 3 25 L
7 17 0 25 L
7 18 1 26 L
7 19 5 19 U
7 20 0 2 D
7 21 2 0 D
7 22 2 2 D
7 23 4 19 U
7 24 4 3 D
7 25 5 25 L
7 26 4 26 L
7 27 1 16 U
7 28 14 28 L
8 0 8 7 R
8 1 2 23 L
8 2 3 7 R
8 3 9 25 L
8 4 2 13 R
8 5 5 5 D
8 6 3 24 L
8 7 0 19 U
8 8 7 16 U
8 9 6 14 U
8 10 7 0 D
8 11 5 24 L
8 12 1 14 U
8 13 3 19 U
8 14 5 12 R
8 15 8 27 L
8 16 8 16 U
8 17 12 17 U
8 18 8 7 R
8 19 3 11 R
8 20 10 9 R
8 21 3 1 D
8 22 0 2 D
8 23 8 23 L
8 24 0 7 R
8 25 7 18 U
8 26 8 15 U
8 27 11 27 L
8 28 23 28 L
9 0 7 0 D
9 1 10 1 D
9 2 4 2 D
9 3 1 27 L
9 4 10 7 R
9 5 13 19 U
9 6 14 6 D
9 7 3 15 U
9 8 3 8 R
9 9 6 9 R
9 10 9 2 D
9 11 5 1 D
9 12 1 15 U
9 13 9 0 D
9 14 9 14 U
9 15 7 10 R
9 16 7 16 U
9 17 13 17 U
9 18 10 18 U
9 19 8 10 R
9 20 11 9 R
9 21 5 21 L
9 22 5 2 D
9 23 3 7 R
9 24 10 24 L
9 25 6 25 L
9 26 3 26 L
9 27 6 27 L
9 28 19 28 L
10 0 2 21 L
10 1 9 1 D
10 2 9 21 L
10 3 11 3 D
10 4 1 12 R
10 5 15 5 D
10 6 12 6 D
10 7 5 4 D
10 8 8 8 R
10 9 9 9 R
10 10 9 20 U
10 11 0 6 D
10 12 9 12 R
10 13 10 13 R
10 14 8 9 R
10 15 5 15 U
10 16 14 25 L
10 17 0 12 R
10 18 9 18 U
10 19 7 19 U
10 20 12 20 U
10 21 2 21 L
10 22 4 20 U
10 23 9 23 L
10 24 5 4 D
10 25 10 3 D
10 26 13 6 D
10 27 7 27 L
10 28 24 28 L
11 0 0 14 U
11 1 4 21 L
11 2 5 8 R
11 3 8 3 D
11 4 8 4 D
11 5 14 5 D
11 6 14 9 R
11 7 1 18 U
11 8 10 8 R
11 9 9 24 L
11 10 8 10 R
11 11 11 11 R
11 12 11 12 R
11 13 1 13 R
11 14 1 22 L
11 15 6 15 U
11 16 11 16 U
11 17 13 25 L
11 18 9 22 L
11 19 8 19 U
11 20 13 20 U
11 21 2 12 R
11 22 8 1 D
11 23 4 1 D
11 24 8 3 D
11 25 4 18 U
11 26 9 26 L
11 27 9 8 R
11 28 2 12 R
12 0 5 7 R
12 1 14 7 R
12 2 10 22 L
12 3 10 3 D
12 4 9 9 R
12 5 13 5 D
12 6 10 26 L
12 7 8 14 U
12 8 10 0 D
12 9 12 9 R
12 10 9 14 U
12 11 0 5 D
12 12 2 12 R
12 13 0 3 D
12 14 2 1 D
12 15 10 12 R
12 16 8 23 L
12 17 6 22 L
12 18 11 9 R
12 19 6 11 R
12 20 14 20 U
12 21 14 0 D
12 22 13 22 L
12 23 11 18 U
12 24 12 0 D
12 25 3 14 U
12 26 6 26 L
12 27 5 15 U
12 28 3 28 L
13 0 11 24 L
13 1 6 7 R
13 2 11 2 D
13 3 9 3 D
13 4 13 4 D
13 5 4 5 D
13 6 13 6 D
13 7 6 7 R
13 8 1 8 R
13 9 0 14 U
13 10 17 21 L
13 11 9 11 R
13 12 3 12 R
13 13 9 13 R
13 14 6 23 L
13 15 9 15 U
13 16 9 16 U
13 17 2 8 R
13 18 12 18 U
13 19 10 19 U
13 20 11 20 U
13 21 12 16 U
13 22 14 22 L
13 23 6 23 L
13 24 11 17 U
13 25 0 17 U
13 26 11 10 R
13 27 13 27 L
13 28 18 28 L
14 0 0 16 U
14 1 13 12 R
14 2 9 2 D
14 3 13 21 L
14 4 0 7 R
14 5 10 28 L
14 6 10 6 D
14 7 6 1 D
14 8 7 19 U
14 9 13 6 D
14 10 17 10 R
14 11 1 11 R
14 12 6 12 R
14 13 8 13 R
14 14 0 27 L
14 15 10 15 U
14 16 10 16 U
14 17 15 17 U
14 18 13 18 U
14 19 12 21 L
14 20 3 20 U
14 21 12 17 U
14 22 11 19 U
14 23 6 15 U
14 24 14 6 D
14 25 3 2 D
14 26 11 26 L
14 27 14 27 L
14 28 21 28 L
15 0 7 26 L
15 1 13 16 U
15 2 0 7 R
15 3 12 17 U
15 4 11 4 D
15 5 16 5 D
15 6 0 20 U
15 7 15 3 D
15 8 0 28 L
15 9 16 9 R
15 10 14 10 R
15 11 14 6 D
15 12 10 12 R
15 13 14 2 D
15 14 4 0 D
15 15 13 10 R
15 16 0 5 D
15 17 11 17 U
15 18 9 4 D
15 19 14 19 U
15 20 6 11 R
15 21 13 18 U
15 22 16 1 D
15 23 0 4 D
15 24 0 3 D
15 25 0 6 D
15 26 14 6 D
15 27 6 17 U
15 28 25 28 L
16 0 7 7 R
16 1 17 1 D
16 2 14 2 D
16 3 16 3 D
16 4 17 4 D
16 5 5 27 L
16 6 5 13 R
16 7 2 18 U
16 8 13 23 L
16 9 15 9 R
16 10 7 10 R
16 11 17 0 D
16 12 11 18 U
16 13 15 13 R
16 14 6 21 L
16 15 10 7 R
16 16 17 12 R
16 17 14 17 U
16 18 14 26 L
16 19 17 1 D
16 20 17 8 R
16 21 16 20 U
16 22 16 22 L
16 23 15 23 L
16 24 2 24 L
16 25 16 25 L
16 26 16 14 U
16 27 2 27 L
17 0 10 15 U
17 1 8 22 L
17 2 4 25 L
17 3 17 3 D
17 4 16 4 D
17 5 17 11 R
17 6 0 11 R
17 7 9 4 D
17 8 16 8 R
17 9 15 16 U
17 10 10 10 R
17 11 14 11 R
17 12 10 3 D
17 13 14 13 R
17 14 17 24 L
17 15 1 27 L
17 16 16 16 U
17 17 7 17 U
17 18 16 18 U
17 19 19 19 U
17 20 17 20 U
17 21 4 5 D
17 22 17 22 L
17 23 13 23 L
17 24 12 5 D
17 25 9 25 L
17 26 15 26 L
17 27 11 15 U
18 0 13 22 L
18 1 16 13 R
18 2 0 16 U
18 3 19 8 R
18 4 0 26 L
18 5 0 17 U
18 6 18 6 D
18 7 3 4 D
18 8 18 25 L
18 9 0 24 L
18 10 3 16 U
18 11 18 11 R
18 12 19 12 R
18 13 2 0 D
18 14 7 21 L
18 15 18 5 D
18 16 0 4 D
18 17 14 25 L
18 18 6 24 L
18 19 18 19 U
18 20 17 12 R
18 21 10 4 D
18 22 15 5 D
18 23 18 23 L
18 24 15 19 U
18 25 22 14 U
18 26 15 20 U
18 27 3 6 D
19 0 18 9 R
19 1 15 1 D
19 2 19 2 D
19 3 17 22 L
19 4 15 24 L
19 5 18 5 D
19 6 20 11 R
19 7 12 15 U
19 8 22 8 R
19 9 19 0 D
19 10 13 10 R
19 11 19 18 U
19 12 18 12 R
19 13 16 13 R
19 14 22 2 D
19 15 12 15 U
19 16 18 16 U
19 17 18 23 L
19 18 21 18 U
19 19 16 19 U
19 20 15 20 U
19 21 17 17 U
19 22 19 2 D
19 23 4 23 L
19 24 12 24 L
19 25 22 25 L
19 26 12 26 L
19 27 5 27 L
20 0 22 0 D
20 1 20 10 R
20 2 20 2 D
20 3 4 13 R
20 4 6 9 R
20 5 20 9 R
20 6 23 8 R
20 7 12 5 D
20 8 21 8 R
20 9 7 9 R
20 10 13 4 D
20 11 17 11 R
20 12 7 22 L
20 13 0 14 U
20 14 18 26 L
20 15 20 15 U
20 16 17 23 L
20 17 19 17 U
20 18 18 7 R
20 19 15 19 U
20 20 21 3 D
20 21 21 21 L
20 22 1 22 L
20 23 19 23 L
20 24 20 24 L
20 25 18 25 L
20 26 9 7 R
20 27 22 27 L
21 0 20 7 R
21 1 20 1 D
21 2 22 26 L
21 3 21 3 D
21 4 20 4 D
21 5 0 12 R
21 6 0 23 L
21 7 18 15 U
21 8 20 8 R
21 9 18 9 R
21 10 18 10 R
21 11 20 1 D
21 12 20 12 R
21 13 12 13 R
21 14 19 14 U
21 15 11 23 L
21 16 21 10 R
21 17 19 4 D
21 18 0 23 L
21 19 17 19 U
21 20 23 20 U
21 21 1 14 U
21 22 17 3 D
21 23 20 6 D
21 24 19 24 L
21 25 21 25 L
21 26 20 26 L
21 27 9 11 R
22 0 15 0 D
22 1 21 1 D
22 2 8 12 R
22 3 22 7 R
22 4 12 21 L
22 5 21 5 D
22 6 23 6 D
22 7 13 7 R
22 8 2 15 U
22 9 19 1 D
22 10 15 10 R
22 11 15 11 R
22 12 21 12 R
22 13 4 6 D
22 14 5 22 L
22 15 2 25 L
22 16 19 16 U
22 17 21 17 U
22 18 14 18 U
22 19 13 19 U
22 20 22 20 U
22 21 14 18 U
22 22 10 14 U
22 23 16 23 L
22 24 19 17 U
22 25 20 25 L
22 26 22 16 U
22 27 24 27 L
23 0 17 16 U
23 1 17 27 L
23 2 0 15 U
23 3 19 3 D
23 5 12 5 D
23 6 19 6 D
23 7 23 2 D
23 8 6 8 R
23 9 0 0 D
23 10 19 19 U
23 11 21 11 R
23 12 24 12 R
23 13 22 0 D
23 14 21 28 L
23 15 17 15 U
23 16 15 7 R
23 17 0 1 D
23 18 4 7 R
23 19 16 12 R
23 20 21 20 U
23 21 15 1 D
23 22 23 1 D
23 23 23 23 L
23 24 24 18 U
23 25 20 14 U
23 26 13 26 L
23 27 23 27 L
24 0 17 0 D
24 1 24 1 D
24 2 24 2 D
24 3 20 22 L
24 5 22 5 D
24 7 24 7 R
24 8 0 14 U
24 9 20 9 R
24 10 19 10 R
24 11 20 11 R
24 12 24 6 D
24 13 22 13 R
24 14 19 2 D
24 15 5 21 L
24 16 23 16 U
24 17 26 17 U
24 18 23 18 U
24 19 0 5 D
24 20 20 20 U
24 21 18 16 U
24 22 20 3 D
24 23 26 14 U
24 24 0 20 U
24 25 22 3 D
24 27 10 16 U
25 0 0 28 L
25 1 2 9 R
25 2 10 8 R
25 3 12 13 R
25 5 23 5 D
25 7 16 5 D
25 8 1 1 D
25 9 22 9 R
25 10 23 10 R
25 12 23 12 R
25 13 26 13 R
25 14 14 0 D
25 16 21 16 U
25 17 22 17 U
25 19 27 19 U
25 20 22 7 R
25 23 21 23 L
25 24 27 24 L
25 27 18 27 L
26 0 19 10 R
26 1 5 12 R
26 5 23 25 L
26 7 21 19 U
26 10 24 10 R
26 12 0 26 L
26 13 25 13 R
26 17 24 17 U
26 19 26 19 U
26 20 27 20 U
26 23 26 23 L
26 24 4 24 L
26 27 14 17 U
27 0 9 27 L
27 1 25 23 L
27 5 9 5 D
27 7 24 1 D
27 13 23 13 R
27 17 5 17 U
27 19 24 19 U
27 23 26 7 R
28 0 0 24 L

