22 24 435
7 0 11 8 0 3 7 16 17 4 0 19 11
2 13 0 14 0 6 0 0 15 12 3 18 7
0 0 0 0 6 18 0 17 15 19 0 0 18
0 6 10 0 18 12 12 0 12 10 0 16 7
2 0 0 11 0 2 0 0 5 7 0 5 14
16 2 17 0 10 6 10 0 15 0 14 14 16
0 10 0 14 12 13 4 0 0 0 21 19 14
0 5 0 20 0 0 20 19 17 2 3 0 2
0 8 18 0 0 0 19 0 20 0 0 5 17
0 12 0 7 10 2 0 10 0 8 18 18 0
0 5 17 19 0 1 18 16 1 3 0 0 5
0 0 15 12 0 3 0 0 0 0 0 13 17
18 6 7 18 0 0 17 4 0 0 19 10 5
0 0 0 0 R
0 1 0 1 R
0 2 0 2 R
0 3 0 3 R
0 4 0 4 R
0 5 0 5 R
0 6 0 6 U
0 7 0 7 U
0 8 0 8 U
0 9 0 9 U
0 10 0 10 U
0 11 0 11 U
0 12 0 12 D
0 13 0 13 D
0 14 0 14 D
0 15 0 15 D
0 16 0 16 D
0 17 0 17 D
0 18 0 18 L
0 19 0 19 L
0 20 0 20 L
0 21 0 21 L
0 22 0 22 L
0 23 0 23 L
1 0 6 0 R
1 1 4 1 R
1 2 11 2 R
1 3 3 3 R
1 4 2 4 R
1 5 2 15 D
1 6 4 4 R
1 7 14 7 U
1 8 0 2 R
1 9 2 0 R
1 10 2 10 U
1 11 11 11 U
1 12 13 12 D
1 13 9 13 D
1 14 18 1 R
1 15 2 15 D
1 16 13 3 R
1 17 11 17 D
1 18 12 12 D
1 19 12 19 L
1 20 10 9 U
1 21 15 10 U
1 22 0 4 R
1 23 4 23 L
2 0 4 16 D
2 1 18 6 U
2 2 7 7 U
2 3 12 18 L
2 4 14 4 R
2 5 5 8 U
2 6 10 6 U
2 7 6 20 L
2 8 1 8 U
2 9 7 9 U
2 10 0 20 L
2 11 8 2 R
2 12 0 2 R
2 13 8 5 R
2 14 1 4 R
2 15 6 2 R
2 16 5 16 D
2 17 14 2 R
2 18 0 6 U
2 19 6 7 U
2 20 8 3 R
2 21 0 3 R
2 22 1 22 L
2 23 1 23 L
3 0 10 0 R
3 1 14 10 U
3 2 9 2 R
3 3 9 7 U
3 4 1 4 R
3 5 1 5 R
3 6 1 22 L
3 7 5 17 D
3 8 15 20 L
3 9 1 22 L
3 10 9 16 D
3 11 1 21 L
3 12 9 19 L
3 13 8 3 R
3 14 1 14 D
3 15 17 15 D
3 16 2 5 R
3 17 2 5 R
3 18 1 18 L
3 19 7 19 L
3 20 13 20 L
3 21 10 21 L
3 22 10 12 D
3 23 2 23 L
4 0 13 0 R
4 1 8 7 U
4 2 8 6 U
4 3 6 3 R
4 4 0 22 L
4 5 7 5 R
4 6 6 0 R
4 7 15 22 L
4 8 2 21 L
4 9 0 17 D
4 10 3 10 U
4 11 17 11 U
4 12 7 0 R
4 13 5 18 L
4 14 15 3 R
4 15 11 15 D
4 16 8 20 L
4 18 0 0 R
4 19 0 12 D
4 20 1 14 D
4 21 9 21 L
4 22 8 22 L
4 23 0 5 R
5 0 8 23 L
5 1 0 8 U
5 2 3 17 D
5 3 11 10 U
5 4 7 8 U
5 5 0 17 D
5 6 8 21 L
5 7 14 19 L
5 8 7 8 U
5 9 15 9 U
5 10 3 19 L
5 11 4 20 L
5 12 10 0 R
5 13 8 18 L
5 14 11 14 D
5 15 4 2 R
5 16 6 1 R
5 17 1 17 D
5 18 14 7 U
5 19 2 8 U
5 20 0 8 U
5 21 0 10 U
5 22 4 22 L
5 23 0 6 U
6 0 2 17 D
6 1 10 1 R
6 2 0 15 D
6 3 18 13 D
6 4 0 16 D
6 5 5 10 U
6 6 0 12 D
6 7 1 7 U
6 8 0 0 R
6 9 0 14 D
6 10 3 10 U
6 11 7 19 L
6 12 13 7 U
6 13 0 4 R
6 14 8 6 U
6 15 1 11 U
6 16 2 22 L
6 17 3 18 L
6 18 2 6 U
6 19 3 3 R
6 20 18 12 D
6 21 5 21 L
6 22 15 5 R
6 23 15 6 U
7 0 10 7 U
7 1 1 12 D
7 2 14 19 L
7 3 4 3 R
7 4 3 4 R
7 5 0 19 L
7 6 4 18 L
7 7 0 15 D
7 8 0 1 R
7 9 16 0 R
7 10 0 15 D
7 11 12 17 D
7 12 1 12 D
7 13 14 13 D
7 14 0 19 L
7 15 9 15 D
7 16 1 22 L
7 17 8 17 D
7 18 0 8 U
7 19 9 15 D
7 20 0 13 D
7 21 1 21 L
7 22 4 8 U
7 23 3 23 L
8 0 0 7 U
8 1 2 1 R
8 2 1 10 U
8 3 5 3 R
8 4 12 14 D
8 5 10 16 D
8 6 9 18 L
8 7 1 18 L
8 8 1 8 U
8 9 1 9 U
8 10 2 21 L
8 11 10 11 U
8 12 0 1 R
8 13 1 13 D
8 14 0 8 U
8 15 1 15 D
8 16 2 16 D
8 17 12 22 L
8 18 1 13 D
8 19 0 17 D
8 20 1 10 U
8 21 12 21 L
8 22 11 22 L
8 23 12 9 U
9 0 0 13 D
9 1 0 19 L
9 2 6 16 D
9 3 4 6 U
9 4 10 16 D
9 5 4 12 D
9 6 1 18 L
9 7 0 18 L
9 8 7 4 R
9 9 11 19 L
9 10 6 22 L
9 11 7 20 L
9 12 0 6 U
9 13 7 23 L
9 14 10 0 R
9 15 13 23 L
9 16 7 23 L
9 18 4 12 D
9 19 4 19 L
9 20 6 20 L
9 21 6 9 U
9 22 1 14 D
9 23 4 23 L
10 0 3 6 U
10 1 1 1 R
10 2 0 9 U
10 3 1 3 R
10 4 7 4 R
10 5 7 11 U
10 6 9 1 R
10 7 8 7 U
10 8 3 5 R
10 9 0 4 R
10 10 9 23 L
10 11 14 11 U
10 12 0 0 R
10 13 9 13 D
10 14 2 14 D
10 15 11 15 D
10 16 11 2 R
10 18 2 8 U
10 19 8 0 R
10 20 13 0 R
10 21 3 21 L
10 22 11 8 U
10 23 3 23 L
11 0 0 21 L
11 1 13 14 D
11 2 1 2 R
11 3 1 13 D
11 4 4 4 R
11 5 2 12 D
11 6 9 3 R
11 7 12 23 L
11 8 17 23 L
11 9 4 9 U
11 10 10 10 U
11 11 5 11 U
11 12 4 18 L
11 13 6 3 R
11 14 9 10 U
11 15 3 15 D
11 16 1 16 D
11 17 8 18 L
11 18 6 18 L
11 19 4 11 U
11 20 8 20 L
11 21 1 1 R
11 23 8 23 L
12 0 7 12 D
12 1 9 16 D
12 2 15 12 D
12 3 2 3 R
12 4 4 4 R
12 5 13 5 R
12 6 4 5 R
12 7 0 22 L
12 8 2 8 U
12 10 14 14 D
12 11 1 11 U
12 12 11 2 R
12 13 1 7 U
12 14 8 14 D
12 16 3 16 D
12 18 2 7 U
12 19 0 14 D
12 20 14 4 R
12 21 1 7 U
12 23 0 1 R
13 0 0 14 D
13 1 0 18 L
13 2 2 14 D
13 3 12 13 D
13 4 16 4 R
13 5 15 7 U
13 6 14 21 L
13 7 9 18 L
13 8 9 4 R
13 10 1 10 U
13 12 6 6 U
13 13 8 0 R
13 14 19 20 L
13 15 10 19 L
13 16 7 18 L
13 17 8 21 L
13 18 0 14 D
13 19 8 19 L
13 21 1 13 D
13 23 4 23 L
14 0 15 15 D
14 1 1 1 R
14 2 17 17 D
14 3 0 11 U
14 4 4 4 R
14 5 8 5 R
14 6 9 6 U
14 7 2 13 D
14 8 20 5 R
14 9 17 2 R
14 10 0 13 D
14 12 0 21 L
14 13 3 21 L
14 14 1 14 D
14 15 0 18 L
14 16 5 16 D
14 17 4 17 D
14 18 16 18 L
14 19 5 7 U
14 21 2 21 L
14 22 0 9 U
14 23 16 8 U
15 0 6 6 U
15 1 7 9 U
15 2 12 10 U
15 3 5 19 L
15 4 8 17 D
15 5 2 5 R
15 6 3 23 L
15 7 0 21 L
15 8 0 23 L
15 10 7 10 U
15 12 4 23 L
15 13 1 19 L
15 14 1 14 D
15 16 6 20 L
15 17 6 23 L
15 18 7 1 R
15 19 11 1 R
15 20 0 0 R
15 21 4 8 U
15 23 9 10 U
16 0 13 9 U
16 1 1 1 R
16 3 7 12 D
16 4 3 4 R
16 5 4 5 R
16 6 4 0 R
16 7 8 7 U
16 8 8 12 D
16 10 0 4 R
16 12 11 8 U
16 13 0 2 R
16 14 1 14 D
16 16 14 16 D
16 18 6 1 R
16 19 4 2 R
16 21 10 15 D
16 23 11 13 D
17 0 0 12 D
17 1 11 10 U
17 3 5 12 D
17 4 8 15 D
17 5 2 6 U
17 6 1 0 R
17 7 3 4 R
17 8 19 8 U
17 10 2 3 R
17 12 1 5 R
17 13 14 20 L
17 14 0 21 L
17 17 4 4 R
17 19 4 19 L
17 20 14 20 L
17 21 14 21 L
17 23 16 23 L
18 0 11 11 U
18 1 4 13 D
18 2 5 8 U
18 3 1 3 R
18 4 2 4 R
18 5 9 18 L
18 6 4 6 U
18 7 3 2 R
18 8 10 22 L
18 12 19 3 R
18 13 13 6 U
18 14 5 14 D
18 17 12 11 U
18 18 6 10 U
18 19 5 10 U
18 21 1 21 L
18 23 14 5 R
19 0 9 8 U
19 3 13 14 D
19 4 11 8 U
19 5 14 5 R
19 8 2 8 U
19 12 20 2 R
19 13 4 0 R
19 14 7 14 D
19 19 11 6 U
19 21 11 21 L
19 23 11 7 U
20 4 5 15 D
20 6 0 5 R
20 7 19 1 R
20 19 3 13 D
20 21 5 13 D
20 23 18 23 L
21 4 20 20 L

