26 25 572
17 17 0 0 0 18 23 0 0 0 22 0 11 8 0 12
6 0 0 0 0 0 11 23 5 0 24 10 9 0 4 13
17 18 0 0 24 8 11 0 0 22 0 0 0 6 0 0
20 0 0 0 0 24 0 0 18 20 0 3 19 0 18 16
0 10 0 0 0 11 3 24 19 23 20 0 15 13 0 11
9 16 8 17 7 0 0 0 0 0 0 0 0 24 0 20
12 7 5 25 0 16 0 0 0 0 0 0 25 0 0 23
0 0 0 20 12 19 21 0 0 0 0 0 0 23 0 11
22 20 21 0 0 19 0 0 0 7 0 0 0 19 0 0
0 0 0 0 0 0 24 0 0 0 0 0 0 16 0 0
0 2 0 18 0 0 0 1 5 15 0 0 0 4 1 0
0 2 0 0 0 7 0 0 23 0 4 0 4 1 0 0
17 14 0 0 7 0 0 0 24 0 8 6 19 11 0 0
8 0 0 5 0 25 0 4 22 23 21 0 9 11 20 5
14 0 0 0 0 0 0 0 0 0 0 0 0 23 17 17
14 0 0 0 0 0 0 0 0 0 0 0 0 7 0 0
0 0 0 0 L
0 1 0 1 L
0 2 0 2 L
0 3 0 3 L
0 4 0 4 L
0 5 0 5 L
0 6 0 6 L
0 7 0 7 R
0 8 0 8 R
0 9 0 9 R
0 10 0 10 R
0 11 0 11 R
0 12 0 12 R
0 13 0 13 R
0 14 0 14 D
0 15 0 15 D
0 16 0 16 D
0 17 0 17 D
0 18 0 18 D
0 19 0 19 U
0 20 0 20 U
0 21 0 21 U
0 22 0 22 U
0 23 0 23 U
0 24 0 24 U
1 0 0 18 D
1 1 17 1 L
1 2 10 2 L
1 3 0 17 D
1 4 4 18 D
1 5 5 5 L
1 6 0 23 U
1 7 22 0 L
1 8 0 15 D
1 9 10 21 U
1 10 7 10 R
1 11 10 11 R
1 12 7 12 R
1 13 8 13 R
1 14 0 6 L
1 15 3 15 D
1 16 15 7 R
1 17 4 3 L
1 18 8 8 R
1 19 0 16 D
1 20 9 1 L
1 21 0 9 R
1 22 5 9 R
1 23 19 7 R
1 24 0 12 R
2 0 4 0 L
2 1 13 24 U
2 2 14 15 D
2 3 21 21 U
2 4 20 4 L
2 5 20 5 L
2 6 0 12 R
2 7 4 20 U
2 8 1 16 D
2 9 11 9 R
2 10 5 2 L
2 11 18 11 R
2 12 1 12 R
2 13 3 13 R
2 14 0 0 L
2 15 17 13 R
2 16 1 12 R
2 17 0 10 R
2 18 11 18 D
2 19 7 0 L
2 20 10 20 U
2 21 4 21 U
2 22 3 22 U
2 23 8 23 U
2 24 12 9 R
3 0 5 15 D
3 1 12 19 U
3 2 12 2 L
3 3 9 3 L
3 4 2 4 L
3 5 7 23 U
3 6 1 6 L
3 7 0 21 U
3 8 1 19 U
3 9 0 22 U
3 10 9 10 R
3 11 11 22 U
3 12 8 12 R
3 13 1 13 R
3 14 21 7 R
3 15 19 5 L
3 16 14 7 R
3 17 12 17 D
3 18 8 3 L
3 19 10 8 R
3 20 17 4 L
3 21 4 21 U
3 22 0 7 R
3 23 11 23 U
3 24 18 24 U
4 0 6 20 U
4 1 1 1 L
4 2 20 17 D
4 3 6 3 L
4 4 11 7 R
4 5 1 24 U
4 6 21 13 R
4 7 15 16 D
4 8 0 20 U
4 9 1 20 U
4 10 3 10 R
4 11 1 11 R
4 12 6 24 U
4 13 6 13 R
4 14 0 1 L
4 15 0 2 L
4 16 3 16 D
4 17 1 17 D
4 18 13 24 U
4 19 13 3 L
4 20 0 15 D
4 21 0 8 R
4 22 1 7 R
4 23 1 13 R
4 24 13 12 R
5 0 18 8 R
5 1 19 7 R
5 2 0 7 R
5 3 9 18 D
5 4 14 16 D
5 5 14 9 R
5 6 12 18 D
5 7 15 14 D
5 8 13 8 R
5 9 2 9 R
5 10 0 23 U
5 11 13 19 U
5 12 14 12 R
5 13 15 13 R
5 14 11 10 R
5 15 6 15 D
5 16 0 8 R
5 17 13 8 R
5 18 14 5 L
5 19 0 6 L
5 20 10 1 L
5 21 17 4 L
5 22 25 4 L
5 23 0 11 R
5 24 9 7 R
6 0 13 0 L
6 1 9 21 U
6 2 5 2 L
6 3 1 3 L
6 4 12 4 L
6 5 21 5 L
6 6 5 6 L
6 7 19 20 U
6 8 0 3 L
6 9 18 19 U
6 10 7 10 R
6 11 0 0 L
6 12 10 12 R
6 13 0 2 L
6 14 2 0 L
6 15 12 15 D
6 16 16 4 L
6 17 4 5 L
6 18 11 18 D
6 19 11 19 U
6 20 11 15 D
6 21 9 5 L
6 22 0 17 D
6 23 3 23 U
6 24 10 18 D
7 0 4 0 L
7 1 14 11 R
7 2 1 24 U
7 3 1 22 U
7 4 20 20 U
7 5 8 22 U
7 6 2 6 L
7 7 17 14 D
7 8 6 19 U
7 9 8 0 L
7 10 10 16 D
7 11 14 14 D
7 12 11 19 U
7 13 13 13 R
7 14 8 10 R
7 15 16 1 L
7 16 3 2 L
7 17 15 11 R
7 18 16 11 R
7 19 8 7 R
7 20 0 0 L
7 21 2 0 L
7 22 19 22 U
7 23 2 23 U
7 24 0 9 R
8 0 6 14 D
8 1 1 19 U
8 2 1 2 L
8 3 2 17 D
8 4 20 19 U
8 5 4 21 U
8 6 10 6 L
8 7 6 3 L
8 8 18 2 L
8 9 13 16 D
8 10 7 10 R
8 11 0 16 D
8 12 14 20 U
8 13 9 16 D
8 14 7 13 R
8 15 3 11 R
8 16 7 13 R
8 17 7 9 R
8 18 7 18 D
8 19 11 8 R
8 20 1 8 R
8 21 7 6 L
8 22 10 6 L
8 23 15 1 L
8 24 12 24 U
9 0 22 7 R
9 1 16 20 U
9 2 2 2 L
9 3 4 3 L
9 4 11 18 D
9 5 3 5 L
9 6 4 6 L
9 7 14 14 D
9 8 13 20 U
9 9 13 9 R
9 10 8 10 R
9 11 7 17 D
9 12 14 4 L
9 13 1 15 D
9 14 3 7 R
9 15 16 24 U
9 16 12 9 R
9 17 19 9 R
9 18 13 18 D
9 19 22 13 R
9 20 17 7 R
9 21 2 3 L
9 22 15 5 L
9 23 15 11 R
9 24 4 5 L
10 0 0 20 U
10 1 7 14 D
10 2 5 2 L
10 3 3 9 R
10 4 19 22 U
10 5 1 5 L
10 6 9 24 U
10 7 9 7 R
10 8 6 23 U
10 9 9 9 R
10 10 21 10 R
10 11 9 11 R
10 12 0 6 L
10 13 12 13 R
10 14 9 3 L
10 15 4 12 R
10 16 13 7 R
10 17 1 12 R
10 18 4 18 D
10 19 3 9 R
10 20 0 14 D
10 21 3 7 R
10 22 0 2 L
10 23 12 3 L
10 24 8 10 R
11 0 0 14 D
11 1 7 16 D
11 2 1 2 L
11 3 17 3 L
11 4 12 13 R
11 5 18 5 L
11 6 16 23 U
11 7 0 2 L
11 8 2 24 U
11 9 4 15 D
11 10 0 17 D
11 11 0 22 U
11 12 9 12 R
11 13 17 16 D
11 14 18 4 L
11 15 0 21 U
11 16 18 1 L
11 17 19 3 L
11 18 6 18 D
11 19 5 19 U
11 20 10 13 R
11 21 18 8 R
11 22 22 12 R
11 23 14 23 U
11 24 2 24 U
12 0 11 14 D
12 1 11 17 D
12 2 17 2 L
12 3 20 16 D
12 4 1 24 U
12 5 10 22 U
12 6 10 17 D
12 7 2 15 D
12 8 0 1 L
12 9 6 9 R
12 10 14 14 D
12 12 1 12 R
12 13 11 13 R
12 14 2 14 D
12 15 20 7 R
12 16 2 16 D
12 17 21 17 D
12 18 9 12 R
12 19 0 10 R
12 20 16 6 L
12 21 4 21 U
12 22 13 2 L
12 23 11 12 R
12 24 5 24 U
13 0 9 0 L
13 1 12 14 D
13 2 1 20 U
13 3 5 3 L
13 4 1 4 L
13 5 5 5 L
13 6 15 6 L
13 7 5 14 D
13 8 15 16 D
13 9 3 17 D
13 10 7 10 R
13 11 17 17 D
13 12 21 20 U
13 13 24 15 D
13 14 4 20 U
13 15 5 22 U
13 16 0 5 L
13 17 20 6 L
13 18 2 18 D
13 19 4 3 L
13 20 4 2 L
13 21 10 1 L
13 22 4 7 R
13 23 15 3 L
14 0 3 0 L
14 1 5 8 R
14 2 20 2 L
14 3 19 10 R
14 4 11 4 L
14 5 5 11 R
14 6 19 6 L
14 7 0 14 D
14 8 10 1 L
14 9 11 23 U
14 10 11 10 R
14 12 22 20 U
14 13 0 4 L
14 14 6 0 L
14 15 13 7 R
14 16 4 8 R
14 17 23 17 D
14 18 3 18 D
14 19 4 9 R
14 20 5 0 L
14 21 11 4 L
14 22 7 22 U
14 23 23 4 L
14 24 20 24 U
15 0 9 19 U
15 1 9 19 U
15 2 1 21 U
15 3 19 14 D
15 4 1 17 D
15 5 1 5 L
15 6 14 6 L
15 7 18 7 R
15 8 13 17 D
15 9 8 16 D
15 10 1 18 D
15 11 22 18 D
15 12 6 12 R
15 13 12 17 D
15 14 4 12 R
15 15 1 10 R
15 16 22 6 L
15 17 7 1 L
15 18 17 13 R
15 19 13 0 L
15 20 13 3 L
15 21 0 4 L
15 22 10 16 D
15 23 19 12 R
15 24 2 24 U
16 0 3 16 D
16 1 7 19 U
16 2 0 21 U
16 3 8 19 U
16 4 4 4 L
16 5 12 23 U
16 6 1 6 L
16 7 7 19 U
16 8 5 23 U
16 9 20 19 U
16 10 7 10 R
16 11 6 11 R
16 12 6 12 R
16 13 3 23 U
16 14 24 13 R
16 15 0 7 R
16 16 7 2 L
16 17 21 10 R
16 18 23 12 R
16 19 5 10 R
16 20 0 5 L
16 21 9 12 R
16 22 13 11 R
16 23 6 7 R
17 0 6 18 D
17 1 6 18 D
17 2 8 23 U
17 3 0 11 R
17 4 12 4 L
17 5 5 13 R
17 6 0 14 D
17 7 0 19 U
17 8 18 17 D
17 9 14 21 U
17 10 1 10 R
17 12 11 12 R
17 13 6 20 U
17 14 18 5 L
17 15 14 4 L
17 16 7 23 U
17 17 8 1 L
17 18 14 11 R
17 19 11 17 D
17 20 13 1 L
17 21 8 2 L
17 22 11 3 L
17 23 7 8 R
18 0 16 15 D
18 1 15 16 D
18 2 3 16 D
18 3 7 8 R
18 4 11 20 U
18 5 16 21 U
18 7 17 19 U
18 8 17 21 U
18 9 0 18 D
18 10 8 10 R
18 11 9 23 U
18 12 4 3 L
18 13 3 13 R
18 14 0 19 U
18 15 0 23 U
18 16 4 0 L
18 17 23 17 D
18 18 5 8 R
18 19 13 1 L
18 20 7 0 L
18 21 5 21 U
18 22 11 10 R
18 23 13 23 U
19 0 1 18 D
19 1 5 21 U
19 2 0 9 R
19 3 0 10 R
19 4 11 17 D
19 5 2 21 U
19 7 15 7 R
19 8 5 22 U
19 9 6 9 R
19 10 11 22 U
19 11 7 22 U
19 12 9 15 D
19 13 9 13 R
19 14 3 0 L
19 15 2 15 D
19 16 18 16 D
19 17 0 9 R
19 18 17 4 L
19 19 9 7 R
19 20 6 20 U
19 21 0 10 R
19 22 11 22 U
19 23 9 6 L
20 0 16 16 D
20 1 0 19 U
20 2 0 22 U
20 3 21 14 D
20 4 16 22 U
20 5 10 23 U
20 6 7 21 U
20 7 11 22 U
20 8 17 8 R
20 9 15 20 U
20 10 10 20 U
20 12 8 12 R
20 13 6 13 R
20 14 9 8 R
20 15 7 9 R
20 16 11 5 L
20 17 18 17 D
20 18 5 18 D
20 19 5 5 L
20 20 19 9 R
20 21 1 9 R
20 22 22 11 R
21 0 14 21 U
21 1 1 17 D
21 2 12 21 U
21 3 8 15 D
21 4 6 23 U
21 7 20 21 U
21 8 19 0 L
21 9 22 9 R
21 10 16 19 U
21 12 12 14 D
21 13 9 13 R
21 15 2 15 D
21 16 11 16 D
21 17 9 0 L
21 19 6 19 U
21 20 12 0 L
21 21 1 21 U
22 0 4 0 L
22 2 2 16 D
22 3 7 3 L
22 4 1 4 L
22 8 12 4 L
22 9 23 9 R
22 10 4 14 D
22 12 3 16 D
22 13 16 19 U
22 15 11 2 L
22 17 2 17 D
22 19 1 0 L
22 21 13 0 L
22 23 0 3 L
23 0 0 8 R
23 2 16 23 U
23 3 4 23 U
23 4 15 20 U
23 6 2 22 U
23 9 22 9 R
23 10 7 18 D
23 12 24 18 D
23 13 9 14 D
23 15 3 1 L
23 17 21 3 L
23 19 20 9 R
23 21 21 21 U
23 22 16 1 L
24 0 5 0 L
24 2 25 21 U
24 4 5 4 L
24 9 21 14 D
24 10 5 10 R
24 12 15 19 U
24 15 12 15 D
24 17 2 8 R
24 21 3 5 L
24 23 23 6 L
25 2 9 22 U
25 4 1 18 D
25 10 7 10 R
25 15 24 7 R
25 17 21 4 L

