7 4 26
0 3 0 0 0 1 0 2 0 0 0
4 0 0 0 0 0 0 2 0 0 4
4 0 5 0 0 0 5 0 0 0 4
0 0 0 0 0 5 0 0 0 0 1
0 0 0 0 0 0 0 0 0 4 0
0 0 0 0 0 0 0 0 0 0 0
2 5 0 0 0 0 0 0 1 5 0
0 1 5 0 0 0 1 0 0 6 0
5 0 0 0 0 0 0 0 0 3 0
0 5 0 0 0 0 2 6 1 0 3
0 0 5 0 0 0 0 0 0 0 3
0 0 0 0 D
0 1 0 1 R
0 2 0 2 U
0 3 0 3 L
1 0 0 3 L
1 1 0 0 D
1 2 0 1 R
1 3 0 2 U
2 0 4 1 R
2 1 1 2 U
2 2 0 3 L
2 3 1 3 L
3 0 2 3 L
3 1 0 2 U
3 2 4 1 R
3 3 0 1 R
4 0 3 0 D
4 1 2 3 L
4 2 0 0 D
4 3 0 0 D
5 0 0 1 R
5 1 0 3 L
5 2 2 1 R
5 3 2 0 D
6 2 2 3 L
6 3 1 2 U

