13 15 156
0 3 0 0 0 9 0 0 9 0
1 10 9 0 0 10 0 0 0 6
0 9 0 5 0 0 0 0 8 0
10 7 0 0 0 0 3 0 0 11
0 0 2 0 9 0 4 0 4 0
0 0 0 5 8 0 8 0 0 7
0 3 12 0 7 0 0 0 2 1
0 11 0 0 0 0 5 0 4 9
0 12 0 0 0 8 0 6 0 0
7 11 0 0 0 12 0 0 8 10
0 0 0 0 U
0 1 0 1 U
0 2 0 2 U
0 3 0 3 U
0 4 0 4 R
0 5 0 5 R
0 6 0 6 R
0 7 0 7 R
0 8 0 8 D
0 9 0 9 D
0 10 0 10 D
0 11 0 11 D
0 12 0 12 L
0 13 0 13 L
0 14 0 14 L
1 0 6 6 R
1 1 5 11 D
1 2 3 2 U
1 3 10 6 R
1 4 4 11 D
1 5 3 9 D
1 6 3 9 D
1 7 3 7 R
1 8 0 12 L
1 9 2 6 R
1 10 3 10 D
1 11 5 11 D
1 12 4 0 U
1 13 2 8 D
1 14 7 11 D
2 0 0 9 D
2 1 0 5 R
2 2 1 2 U
2 3 3 3 U
2 4 0 0 U
2 5 0 2 U
2 6 4 6 R
2 7 4 9 D
2 8 4 4 R
2 9 0 13 L
2 10 6 1 U
2 11 8 5 R
2 12 4 3 U
2 13 0 9 D
2 14 1 1 U
3 0 7 4 R
3 1 4 5 R
3 2 6 4 R
3 3 6 12 L
3 4 0 12 L
3 5 2 1 U
3 6 4 6 R
3 7 0 8 D
3 8 8 4 R
3 9 5 4 R
3 10 4 10 D
3 11 2 11 D
3 12 4 8 D
3 13 2 1 U
3 14 4 3 U
4 0 5 0 U
4 1 5 9 D
4 2 3 6 R
4 3 5 14 L
4 4 7 12 L
4 5 6 13 L
4 6 8 0 U
4 7 2 8 D
4 8 6 8 D
4 9 8 9 D
4 10 1 4 R
4 11 6 11 D
4 12 0 0 U
4 13 1 2 U
4 14 5 14 L
5 0 1 13 L
5 1 0 12 L
5 2 3 13 L
5 3 6 3 U
5 4 8 4 R
5 5 2 5 R
5 6 1 6 R
5 7 3 7 R
5 8 1 8 D
5 9 8 7 R
5 10 6 14 L
5 11 6 6 R
5 12 0 8 D
5 13 0 1 U
5 14 3 5 R
6 0 0 4 R
6 1 3 1 U
6 2 5 2 U
6 3 0 7 R
6 4 0 13 L
6 5 0 1 U
6 6 0 14 L
6 8 0 3 U
6 9 0 14 L
6 10 11 7 R
6 11 7 11 D
6 12 2 10 D
6 13 3 10 D
6 14 0 2 U
7 0 0 13 L
7 1 1 4 R
7 2 9 5 R
7 4 5 8 D
7 5 5 12 L
7 6 0 10 D
7 8 2 0 U
7 9 4 12 L
7 10 9 10 D
7 11 8 11 D
7 12 2 8 D
7 13 2 13 L
7 14 5 1 U
8 0 0 10 D
8 1 4 6 R
8 2 3 2 U
8 4 3 13 L
8 5 7 0 U
8 6 7 14 L
8 7 2 9 D
8 8 9 14 L
8 9 6 14 L
8 10 0 5 R
8 11 2 4 R
8 12 2 2 U
8 13 1 13 L
8 14 3 1 U
9 0 7 12 L
9 1 1 5 R
9 2 10 12 L
9 4 10 9 D
9 5 3 0 U
9 6 4 6 R
9 9 6 3 U
9 10 3 10 D
9 12 3 12 L
9 13 1 11 D
9 14 6 9 D
10 0 6 12 L
10 1 6 4 R
10 4 7 4 R
10 9 0 0 U
10 12 0 10 D
10 13 3 8 D
10 14 6 11 D
11 1 8 1 U
11 4 8 13 L
11 13 6 0 U
11 14 2 1 U
12 1 7 1 U
12 4 9 2 U
12 14 7 14 L

