6 8 41
0 0 0 0 2 0 2 0 0 0 0 1
0 0 0 0 0 0 0 0 0 0 0 0
2 2 0 0 0 0 0 1 0 0 0 1
0 0 0 0 0 0 0 0 0 0 0 0
0 0 0 0 0 0 0 0 0 0 0 0
0 3 4 5 3 0 0 0 0 0 0 0
0 0 0 0 0 0 2 0 2 0 0 0
0 3 3 0 0 0 0 0 0 0 0 0
0 0 0 0 0 0 0 1 0 0 0 1
0 0 0 5 0 0 0 0 0 0 1 4
0 0 0 0 3 0 3 0 1 0 0 0
1 0 4 4 3 0 0 4 0 0 0 0
0 0 0 0 U
0 1 0 1 U
0 2 0 2 R
0 3 0 3 R
0 4 0 4 D
0 5 0 5 D
0 6 0 6 L
0 7 0 7 L
1 0 0 6 L
1 1 1 2 R
1 2 0 6 L
1 3 1 1 U
1 4 0 7 L
1 5 0 3 R
1 6 0 4 D
1 7 0 0 U
2 0 0 2 R
2 1 2 3 R
2 2 0 4 D
2 3 2 4 D
2 4 0 2 R
2 5 2 2 R
2 6 0 5 D
2 7 3 0 U
3 0 3 6 L
3 1 1 3 R
3 2 0 1 U
3 3 1 7 L
3 4 1 3 R
3 5 4 5 D
3 6 0 2 R
3 7 1 7 L
4 0 2 6 L
4 2 0 0 U
4 3 1 5 D
4 4 1 7 L
4 5 4 7 L
4 6 2 5 D
4 7 2 7 L
5 4 4 2 R
5 6 3 4 D

