14 10 122
13 0 0 0 0 0 10 12 11 10
12 0 0 0 0 10 11 0 0 0
0 10 11 3 0 0 6 12 0 6
0 7 0 0 4 9 0 11 0 11
0 0 0 0 0 0 0 0 0 0
0 0 10 0 0 0 12 0 0 0
0 9 0 8 0 0 4 0 0 0
0 0 2 0 0 0 0 0 0 0
0 0 0 0 0 0 0 7 13 2
7 0 0 7 6 7 5 0 0 0
0 0 0 0 R
0 1 0 1 R
0 2 0 2 U
0 3 0 3 U
0 4 0 4 U
0 5 0 5 D
0 6 0 6 D
0 7 0 7 D
0 8 0 8 L
0 9 0 9 L
1 0 8 0 R
1 1 8 6 D
1 2 2 9 L
1 3 4 0 R
1 4 3 4 U
1 5 8 2 U
1 6 7 3 U
1 7 0 4 U
1 8 7 8 L
1 9 10 9 L
2 0 0 2 U
2 1 10 4 U
2 2 5 2 U
2 3 3 9 L
2 4 4 1 R
2 5 0 8 L
2 6 7 6 D
2 7 4 8 L
2 8 9 6 D
2 9 3 9 L
3 0 7 6 D
3 1 2 1 R
3 2 0 9 L
3 3 5 0 R
3 4 2 4 U
3 5 2 5 D
3 6 5 8 L
3 7 7 7 D
3 8 6 1 R
3 9 7 9 L
4 0 11 2 U
4 1 3 3 U
4 2 9 8 L
4 3 11 3 U
4 4 0 1 R
4 5 3 8 L
4 6 3 6 D
4 7 6 7 D
4 8 0 5 D
4 9 9 9 L
5 0 2 4 U
5 1 9 3 U
5 2 7 0 R
5 3 8 9 L
5 4 8 1 R
5 5 6 9 L
5 6 1 6 D
5 7 3 8 L
5 8 9 7 D
5 9 6 5 D
6 0 0 4 U
6 1 2 3 U
6 2 7 8 L
6 3 4 3 U
6 4 5 4 U
6 5 0 0 R
6 6 0 0 R
6 7 8 7 D
6 8 4 6 D
6 9 0 0 R
7 0 4 5 D
7 1 2 6 D
7 2 0 8 L
7 3 3 3 U
7 4 6 6 D
7 5 0 1 R
7 6 0 2 U
7 7 6 3 U
7 8 1 5 D
7 9 10 6 D
8 0 1 0 R
8 1 7 1 R
8 2 10 2 U
8 3 2 3 U
8 4 11 1 R
8 5 2 8 L
8 6 5 6 D
8 8 5 6 D
8 9 5 5 D
9 0 3 7 D
9 1 5 7 D
9 2 0 0 R
9 3 8 1 R
9 5 8 5 D
9 6 10 4 U
9 8 3 1 R
9 9 7 9 L
10 0 1 6 D
10 1 12 5 D
10 2 13 1 R
10 3 1 8 L
10 5 6 2 U
10 6 6 8 L
10 8 8 8 L
10 9 4 7 D
11 0 0 3 U
11 1 10 2 U
11 2 0 5 D
11 3 12 3 U
11 5 6 0 R
11 6 1 6 D
11 8 10 8 L
11 9 3 6 D
12 0 10 5 D
12 1 11 9 L
12 5 11 5 D
12 6 11 8 L
12 8 2 1 R
12 9 7 9 L
13 6 1 2 U
13 8 9 0 R
13 9 6 2 U

