28 28 643
8 0 6 21 0 0 0 0 0 22 20 0 20 18
2 0 17 24 0 0 0 0 24 0 25 0 18 0
25 0 0 23 0 0 0 0 13 0 0 0 0 15
5 2 3 17 0 0 0 0 4 8 0 0 21 24
8 18 8 23 21 0 18 0 2 19 2 0 23 14
13 1 0 0 0 14 6 0 0 15 18 0 27 26
0 24 11 26 0 0 16 0 0 0 5 22 1 0
6 16 22 0 0 7 11 1 0 0 0 0 0 5
17 0 5 2 0 0 0 0 21 10 0 10 0 25
0 0 23 0 0 21 20 0 25 0 0 0 24 11
0 20 0 24 15 23 7 20 0 22 8 0 0 23
22 21 21 0 22 0 0 0 0 0 0 0 0 19
21 0 23 0 17 0 0 0 0 18 0 0 0 12
12 17 21 0 19 0 0 0 0 0 0 0 0 18
0 0 0 0 R
0 1 0 1 R
0 2 0 2 R
0 3 0 3 R
0 4 0 4 R
0 5 0 5 R
0 6 0 6 R
0 7 0 7 R
0 8 0 8 U
0 9 0 9 U
0 10 0 10 U
0 11 0 11 U
0 12 0 12 U
0 13 0 13 U
0 14 0 14 D
0 15 0 15 D
0 16 0 16 D
0 17 0 17 D
0 18 0 18 D
0 19 0 19 D
0 20 0 20 L
0 21 0 21 L
0 22 0 22 L
0 23 0 23 L
0 24 0 24 L
0 25 0 25 L
0 26 0 26 L
0 27 0 27 L
1 0 6 26 L
1 1 17 20 L
1 2 0 9 U
1 3 9 3 R
1 4 4 4 R
1 5 10 5 R
1 6 10 17 D
1 8 18 4 R
1 9 0 15 D
1 10 0 18 D
1 11 0 4 R
1 12 0 7 R
1 13 6 22 L
1 14 17 25 L
1 15 0 1 R
1 16 8 27 L
1 17 20 25 L
1 18 10 3 R
1 19 20 6 R
1 20 0 8 U
1 21 5 21 L
1 22 15 22 L
1 23 3 23 L
1 24 10 24 L
1 25 0 3 R
1 26 11 19 D
1 27 3 27 L
2 0 1 0 R
2 1 10 1 R
2 2 7 2 R
2 3 9 3 R
2 4 5 9 U
2 5 5 5 R
2 6 3 6 R
2 8 7 8 U
2 9 0 2 R
2 10 0 20 L
2 11 7 11 U
2 12 8 12 U
2 13 11 6 R
2 14 8 14 D
2 15 8 15 D
2 16 10 1 R
2 17 8 17 D
2 18 9 18 D
2 19 11 19 D
2 20 0 14 D
2 21 1 21 L
2 22 22 10 U
2 23 1 16 D
2 24 1 24 L
2 25 6 25 L
2 26 8 8 U
2 27 4 27 L
3 0 17 0 R
3 1 16 1 R
3 2 2 2 R
3 3 1 3 R
3 4 10 21 L
3 5 10 12 U
3 6 11 6 R
3 8 9 26 L
3 9 13 0 R
3 10 4 21 L
3 11 2 26 L
3 12 20 12 U
3 13 9 13 U
3 14 2 20 L
3 15 0 8 U
3 16 5 26 L
3 17 11 17 D
3 18 2 27 L
3 19 8 19 D
3 20 22 15 D
3 21 0 0 R
3 22 7 22 L
3 23 1 17 D
3 24 25 1 R
3 25 1 25 L
3 26 1 26 L
3 27 2 10 U
4 0 14 8 U
4 1 21 16 D
4 2 15 21 L
4 3 15 15 D
4 4 1 4 R
4 5 7 5 R
4 6 23 6 R
4 8 9 8 U
4 9 12 22 L
4 10 3 10 U
4 11 6 20 L
4 12 12 21 L
4 13 7 22 L
4 14 13 6 R
4 15 0 4 R
4 16 5 1 R
4 17 5 17 D
4 18 10 24 L
4 19 16 19 D
4 20 3 20 L
4 21 10 21 L
4 22 9 22 L
4 23 6 23 L
4 24 8 19 D
4 25 1 25 L
4 26 17 18 D
4 27 10 27 L
5 0 12 12 U
5 1 0 12 U
5 2 13 17 D
5 3 8 10 U
5 4 3 4 R
5 5 14 14 D
5 6 2 6 R
5 8 16 8 U
5 9 12 20 L
5 10 9 10 U
5 11 22 11 U
5 12 19 5 R
5 13 14 13 U
5 14 0 6 R
5 15 8 23 L
5 16 14 22 L
5 17 0 23 L
5 18 8 18 D
5 19 8 19 D
5 20 4 16 D
5 21 6 21 L
5 22 2 22 L
5 23 10 23 L
5 24 21 11 U
5 25 19 25 L
5 26 7 18 D
5 27 7 27 L
6 0 0 20 L
6 1 10 15 D
6 2 9 2 R
6 3 10 9 U
6 4 1 4 R
6 5 1 5 R
6 6 2 6 R
6 8 18 27 L
6 9 0 6 R
6 10 4 15 D
6 11 3 24 L
6 12 22 17 D
6 13 7 20 L
6 14 14 27 L
6 15 14 25 L
6 16 14 16 D
6 17 0 3 R
6 18 7 21 L
6 19 3 19 D
6 20 0 2 R
6 21 0 15 D
6 22 10 22 L
6 23 11 1 R
6 24 14 24 L
6 25 13 5 R
6 26 3 26 L
6 27 1 27 L
7 0 6 0 R
7 1 4 1 R
7 2 4 14 D
7 3 2 3 R
7 4 11 4 R
7 5 15 5 R
7 6 1 6 R
7 8 0 22 L
7 9 15 9 U
7 10 4 10 U
7 11 9 6 R
7 12 2 21 L
7 13 8 13 U
7 14 3 1 R
7 15 10 13 U
7 16 4 16 D
7 17 5 17 D
7 18 13 27 L
7 19 20 0 R
7 20 13 20 L
7 21 2 21 L
7 22 14 9 U
7 23 10 23 L
7 24 2 16 D
7 25 16 25 L
7 26 19 26 L
7 27 1 27 L
8 0 12 10 U
8 1 16 13 U
8 2 9 11 U
8 3 0 10 U
8 4 7 12 U
8 5 19 11 U
8 6 18 18 D
8 8 5 8 U
8 9 2 9 U
8 10 7 24 L
8 11 5 11 U
8 12 3 12 U
8 13 6 13 U
8 14 17 2 R
8 15 11 27 L
8 16 16 24 L
8 17 16 17 D
8 18 0 26 L
8 19 12 3 R
8 20 22 14 D
8 21 0 10 U
8 22 2 2 R
8 23 4 9 U
8 24 20 8 U
8 25 7 25 L
8 26 15 14 D
8 27 9 17 D
9 0 10 9 U
9 1 4 16 D
9 2 2 27 L
9 3 6 16 D
9 4 22 24 L
9 5 13 19 D
9 6 4 26 L
9 8 18 21 L
9 9 18 24 L
9 10 18 21 L
9 11 3 2 R
9 12 12 3 R
9 13 0 5 R
9 14 0 20 L
9 15 5 25 L
9 16 2 16 D
9 17 8 21 L
9 18 16 1 R
9 19 11 19 D
9 20 22 18 D
9 21 17 12 U
9 22 0 18 D
9 23 5 15 D
9 24 0 17 D
9 25 4 14 D
9 26 2 26 L
9 27 0 4 R
10 0 2 0 R
10 1 14 1 R
10 2 12 15 D
10 3 16 3 R
10 4 0 22 L
10 5 1 5 R
10 6 15 9 U
10 8 0 0 R
10 9 12 9 U
10 10 5 22 L
10 11 0 24 L
10 12 8 12 U
10 13 21 0 R
10 14 0 22 L
10 15 8 1 R
10 16 8 3 R
10 17 7 20 L
10 18 12 18 D
10 19 11 23 L
10 20 12 8 U
10 21 1 21 L
10 22 0 16 D
10 23 18 19 D
10 24 0 1 R
10 25 18 16 D
10 26 24 11 U
10 27 21 27 L
11 0 16 11 U
11 1 13 15 D
11 2 1 2 R
11 3 8 12 U
11 4 12 21 L
11 5 13 5 R
11 6 17 25 L
11 7 9 18 D
11 8 2 3 R
11 9 19 14 D
11 10 1 1 R
11 11 13 11 U
11 12 9 21 L
11 13 7 13 U
11 14 5 14 D
11 15 25 24 L
11 16 0 9 U
11 17 13 17 D
11 18 3 23 L
11 19 10 1 R
11 20 21 20 L
11 21 15 11 U
11 22 10 8 U
11 23 19 23 L
11 24 0 5 R
11 25 3 8 U
11 26 2 26 L
11 27 8 18 D
12 0 15 18 D
12 1 0 8 U
12 2 16 23 L
12 3 10 8 U
12 4 6 15 D
12 5 0 23 L
12 6 9 11 U
12 8 0 21 L
12 9 4 20 L
12 10 8 10 U
12 11 8 25 L
12 12 2 12 U
12 13 3 13 U
12 14 7 14 D
12 15 7 15 D
12 16 9 16 D
12 17 9 0 R
12 18 0 13 U
12 19 13 19 D
12 20 17 12 U
12 21 1 8 U
12 22 18 16 D
12 23 0 11 U
12 24 0 10 U
12 25 18 12 U
12 26 2 26 L
12 27 4 27 L
13 0 5 14 D
13 1 10 14 D
13 2 4 2 R
13 3 21 18 D
13 4 5 4 R
13 5 0 9 U
13 6 24 15 D
13 8 12 20 L
13 9 9 2 R
13 10 10 10 U
13 11 11 11 U
13 12 6 12 U
13 13 4 13 U
13 14 10 0 R
13 15 22 20 L
13 16 11 20 L
13 17 8 17 D
13 18 5 25 L
13 19 2 19 D
13 20 16 10 U
13 21 20 21 L
13 22 5 11 U
13 23 10 23 L
13 24 24 16 D
13 25 0 11 U
13 26 21 26 L
13 27 22 27 L
14 0 7 0 R
14 1 1 18 D
14 2 0 23 L
14 3 5 3 R
14 4 9 12 U
14 5 2 10 U
14 6 8 10 U
14 8 13 0 R
14 9 9 9 U
14 10 18 14 D
14 11 17 21 L
14 12 8 12 U
14 13 3 13 U
14 14 1 1 R
14 15 0 0 R
14 16 2 26 L
14 17 8 17 D
14 18 13 6 R
14 19 10 27 L
14 20 10 9 U
14 21 12 8 U
14 22 6 22 L
14 23 1 13 U
14 24 5 24 L
14 25 19 25 L
14 26 7 26 L
14 27 23 1 R
15 0 20 19 D
15 1 0 14 D
15 2 6 21 L
15 3 14 11 U
15 4 6 4 R
15 5 3 12 U
15 6 11 25 L
15 8 0 1 R
15 9 8 24 L
15 10 2 4 R
15 11 22 5 R
15 12 2 12 U
15 13 8 13 U
15 14 16 0 R
15 15 17 15 D
15 16 5 16 D
15 17 13 24 L
15 18 5 18 D
15 19 5 19 D
15 20 7 20 L
15 21 0 5 R
15 22 23 1 R
15 23 10 19 D
15 24 22 24 L
15 25 7 16 D
15 26 6 26 L
15 27 0 12 U
16 0 6 0 R
16 1 8 13 U
16 2 12 2 R
16 3 12 27 L
16 4 11 4 R
16 5 21 27 L
16 6 11 24 L
16 8 5 25 L
16 9 3 9 U
16 10 0 3 R
16 11 9 11 U
16 12 15 4 R
16 13 3 13 U
16 14 1 0 R
16 15 18 12 U
16 16 2 6 R
16 17 12 5 R
16 18 13 21 L
16 19 17 19 D
16 20 20 19 D
16 21 13 21 L
16 22 2 22 L
16 23 6 23 L
16 24 3 8 U
16 25 2 25 L
16 26 5 15 D
16 27 2 27 L
17 0 0 21 L
17 1 19 24 L
17 2 12 20 L
17 3 8 3 R
17 4 15 15 D
17 5 12 5 R
17 6 19 6 R
17 8 8 25 L
17 9 15 20 L
17 10 7 0 R
17 11 11 3 R
17 12 7 12 U
17 13 1 13 U
17 15 18 2 R
17 16 2 16 D
17 17 18 26 L
17 18 2 18 D
17 19 20 4 R
17 20 19 13 U
17 21 16 9 U
17 22 1 22 L
17 23 19 19 D
17 24 1 24 L
17 25 11 6 R
17 27 19 16 D
18 0 2 0 R
18 1 11 17 D
18 2 17 20 L
18 3 1 25 L
18 4 1 4 R
18 5 10 9 U
18 6 15 6 R
18 8 13 20 L
18 9 7 14 D
18 10 15 10 U
18 11 21 18 D
18 12 0 14 D
18 13 19 3 R
18 14 1 23 L
18 15 7 15 D
18 16 17 2 R
18 17 4 17 D
18 18 11 18 D
18 19 3 19 D
18 20 2 20 L
18 21 14 14 D
18 22 11 22 L
18 23 1 10 U
18 24 22 24 L
18 25 1 25 L
18 27 5 18 D
19 0 17 13 U
19 1 2 1 R
19 2 18 2 R
19 3 18 3 R
19 4 17 23 L
19 5 0 24 L
19 6 7 6 R
19 8 9 23 L
19 9 23 22 L
19 10 9 3 R
19 11 2 11 U
19 13 18 1 R
19 14 7 5 R
19 15 22 15 D
19 16 21 0 R
19 17 9 4 R
19 18 0 11 U
19 19 8 19 D
19 20 11 15 D
19 21 8 19 D
19 22 8 9 U
19 23 22 5 R
19 24 14 15 D
19 25 5 25 L
19 26 8 17 D
19 27 11 15 D
20 0 15 16 D
20 1 21 18 D
20 2 8 9 U
20 3 2 3 R
20 4 17 4 R
20 5 14 11 U
20 6 8 6 R
20 8 6 26 L
20 9 19 4 R
20 10 6 27 L
20 13 1 6 R
20 14 11 23 L
20 15 7 15 D
20 16 16 4 R
20 17 16 27 L
20 18 15 18 D
20 19 23 19 D
20 20 15 0 R
20 21 16 8 U
20 22 18 13 U
20 24 0 13 U
20 25 17 15 D
20 26 2 13 U
20 27 15 17 D
21 0 9 17 D
21 1 7 1 R
21 2 8 2 R
21 3 10 3 R
21 4 15 11 U
21 5 7 5 R
21 6 7 6 R
21 8 17 14 D
21 9 23 9 U
21 11 19 22 L
21 13 0 16 D
21 14 20 5 R
21 15 14 8 U
21 16 20 0 R
21 17 12 8 U
21 18 20 18 D
21 19 24 21 L
21 20 16 16 D
21 21 0 9 U
21 22 1 4 R
21 24 4 24 L
21 25 7 25 L
21 26 11 26 L
21 27 8 27 L
22 0 16 22 L
22 1 1 1 R
22 4 16 20 L
22 5 7 17 D
22 8 21 20 L
22 9 14 5 R
22 12 15 12 U
22 13 7 13 U
22 14 0 21 L
22 15 5 15 D
22 16 10 16 D
22 17 1 17 D
22 18 6 20 L
22 19 15 26 L
22 20 6 14 D
22 21 21 4 R
22 22 2 22 L
22 25 16 25 L
22 27 3 16 D
23 0 9 9 U
23 1 19 19 D
23 4 8 4 R
23 8 12 6 R
23 9 13 9 U
23 13 18 13 U
23 15 13 15 D
23 16 1 1 R
23 17 0 8 U
23 18 7 18 D
23 19 7 19 D
23 20 19 18 D
23 21 7 21 L
23 22 1 22 L
23 23 2 23 L
23 24 11 24 L
23 25 6 2 R
23 27 4 17 D
24 0 25 14 D
24 4 11 4 R
24 13 22 24 L
24 16 3 16 D
24 17 13 2 R
24 18 21 25 L
24 19 9 19 D
24 21 23 10 U
24 22 8 18 D
24 25 0 14 D
25 13 26 13 U
25 17 9 22 L
25 18 12 27 L
25 21 1 21 L
25 22 22 14 D
25 25 19 8 U
26 17 10 17 D
26 18 13 18 D
26 25 0 8 U
27 17 1 17 D

