32 40 1055
11 0 0 20 27 3 0 16 5 0 4 3 23 7 16 0
0 14 0 21 0 8 0 0 23 0 20 19 0 0 7 18
27 10 8 19 0 0 0 29 0 0 28 24 4 25 17 12
17 0 25 20 0 18 1 0 6 0 26 0 25 0 24 1
20 24 25 0 23 11 1 11 18 0 0 20 1 10 18 6
28 0 25 13 0 0 24 30 20 0 28 4 26 3 3 27
24 22 26 10 13 7 0 15 25 8 0 0 0 0 24 26
0 5 20 20 24 2 26 20 0 0 27 0 0 16 0 22
6 8 7 4 0 4 16 24 0 0 28 0 29 0 0 19
14 0 12 19 7 25 0 14 27 0 0 23 25 0 0 12
2 17 27 0 0 0 28 19 0 26 25 0 25 25 0 0
8 0 0 27 0 18 26 0 0 27 0 0 0 13 24 15
0 19 25 22 18 10 0 25 23 27 0 24 0 0 0 7
24 0 0 0 1 0 0 4 14 0 19 28 0 0 26 11
28 0 0 7 24 0 22 0 0 26 24 6 0 2 0 20
10 26 0 18 21 16 11 0 4 10 0 23 0 2 0 2
0 0 0 0 U
0 1 0 1 U
0 2 0 2 U
0 3 0 3 U
0 4 0 4 U
0 5 0 5 U
0 6 0 6 U
0 7 0 7 U
0 8 0 8 U
0 9 0 9 R
0 10 0 10 R
0 11 0 11 R
0 12 0 12 R
0 13 0 13 R
0 14 0 14 R
0 15 0 15 R
0 16 0 16 R
0 17 0 17 R
0 18 0 18 R
0 19 0 19 R
0 20 0 20 D
0 21 0 21 D
0 22 0 22 D
0 23 0 23 D
0 24 0 24 D
0 25 0 25 D
0 26 0 26 D
0 27 0 27 D
0 28 0 28 D
0 29 0 29 L
0 30 0 30 L
0 31 0 31 L
0 32 0 32 L
0 33 0 33 L
0 34 0 34 L
0 35 0 35 L
0 36 0 36 L
0 37 0 37 L
0 38 0 38 L
0 39 0 39 L
1 0 23 9 R
1 1 7 1 U
1 2 0 13 R
1 3 7 14 R
1 4 17 13 R
1 5 15 29 L
1 6 14 6 U
1 7 13 7 U
1 8 2 8 U
1 9 8 21 D
1 10 0 23 D
1 11 9 31 L
1 12 15 24 D
1 13 10 13 R
1 14 3 14 R
1 15 10 28 D
1 16 4 16 R
1 17 0 33 L
1 18 4 26 D
1 19 6 19 R
1 20 10 10 R
1 21 19 21 D
1 22 21 17 R
1 23 13 23 D
1 24 7 24 D
1 25 7 25 D
1 26 9 5 U
1 27 17 27 D
1 28 10 10 R
1 29 0 22 D
1 30 21 21 D
1 31 4 24 D
1 32 15 21 D
1 33 21 33 L
1 34 20 34 L
1 35 8 35 L
1 36 5 27 D
1 37 6 37 L
1 38 5 38 L
1 39 18 39 L
2 0 15 0 U
2 1 11 36 L
2 2 3 2 U
2 3 16 38 L
2 4 14 14 R
2 5 15 5 U
2 6 5 33 L
2 7 23 7 U
2 8 12 35 L
2 9 0 28 D
2 10 3 0 U
2 11 5 1 U
2 12 6 12 R
2 13 1 13 R
2 14 21 14 R
2 15 8 15 R
2 16 18 16 R
2 17 8 17 R
2 18 3 6 U
2 19 13 1 U
2 20 20 6 U
2 21 10 9 R
2 22 0 30 L
2 23 16 12 R
2 24 7 24 D
2 25 11 30 L
2 26 15 26 D
2 27 14 19 R
2 28 11 14 R
2 29 14 21 D
2 30 17 1 U
2 31 6 25 D
2 32 22 4 U
2 33 10 23 D
2 34 8 34 L
2 35 0 18 R
2 36 7 24 D
2 37 22 6 U
2 38 22 21 D
2 39 5 39 L
3 0 19 30 L
3 1 0 29 L
3 2 18 13 R
3 3 4 31 L
3 4 5 31 L
3 5 5 34 L
3 6 0 17 R
3 7 5 32 L
3 8 10 8 U
3 9 8 6 U
3 10 12 21 D
3 11 4 1 U
3 12 22 12 R
3 13 19 13 R
3 14 0 1 U
3 15 0 6 U
3 16 0 25 D
3 17 0 27 D
3 18 13 18 R
3 19 20 19 R
3 20 0 12 R
3 21 5 35 L
3 22 17 30 L
3 23 11 29 L
3 24 11 30 L
3 25 0 33 L
3 26 5 34 L
3 27 13 35 L
3 28 1 12 R
3 29 20 29 L
3 30 18 0 U
3 31 21 24 D
3 32 10 20 D
3 33 7 33 L
3 34 10 23 D
3 35 0 6 U
3 36 5 36 L
3 37 17 37 L
3 38 5 38 L
3 39 16 39 L
4 0 0 9 R
4 1 13 18 R
4 2 0 11 R
4 3 25 9 R
4 4 10 16 R
4 5 13 5 U
4 6 1 6 U
4 7 0 16 R
4 8 18 11 R
4 9 0 2 U
4 10 3 20 D
4 11 12 4 U
4 12 8 12 R
4 13 0 29 L
4 14 0 21 D
4 15 9 15 R
4 16 0 24 D
4 17 0 38 L
4 18 2 18 R
4 19 9 19 R
4 20 3 14 R
4 21 0 29 L
4 22 15 22 D
4 23 0 3 U
4 24 1 33 L
4 25 0 15 R
4 26 27 34 L
4 27 0 34 L
4 28 2 28 D
4 29 2 2 U
4 30 22 25 D
4 31 15 26 D
4 32 7 27 D
4 33 12 3 U
4 34 22 25 D
4 35 0 17 R
4 36 2 36 L
4 37 11 37 L
4 38 2 38 L
4 39 24 26 D
5 0 3 14 R
5 1 1 34 L
5 2 12 34 L
5 3 12 34 L
5 4 2 4 U
5 5 12 38 L
5 6 19 37 L
5 7 6 18 R
5 9 29 24 D
5 10 0 35 L
5 11 3 5 U
5 12 3 27 D
5 13 0 26 D
5 14 3 4 U
5 15 3 25 D
5 16 3 16 R
5 17 1 17 R
5 18 4 18 R
5 19 3 19 R
5 20 12 12 R
5 21 4 19 R
5 22 1 10 R
5 23 14 31 L
5 24 10 32 L
5 25 19 29 L
5 26 9 31 L
5 27 13 17 R
5 28 17 15 R
5 29 0 1 U
5 30 12 30 L
5 31 17 22 D
5 32 23 32 L
5 33 3 24 D
5 34 6 34 L
5 35 6 35 L
5 36 18 22 D
5 37 11 0 U
5 38 1 38 L
5 39 1 39 L
6 0 20 29 L
6 1 23 1 U
6 2 8 31 L
6 3 26 35 L
6 4 1 4 U
6 5 14 35 L
6 6 0 18 R
6 7 18 7 U
6 9 8 27 D
6 10 22 10 R
6 11 16 11 R
6 12 2 12 R
6 13 3 23 D
6 14 4 14 R
6 15 10 15 R
6 16 8 5 U
6 17 12 4 U
6 18 14 7 U
6 19 3 27 D
6 20 8 9 R
6 21 0 0 U
6 22 15 31 L
6 23 7 14 R
6 24 1 24 D
6 25 17 17 R
6 26 14 38 L
6 27 17 27 D
6 28 2 11 R
6 29 5 0 U
6 30 10 7 U
6 31 0 23 D
6 32 10 32 L
6 33 1 24 D
6 34 0 26 D
6 35 4 26 D
6 36 20 25 D
6 37 8 37 L
6 38 19 8 U
6 39 11 39 L
7 0 12 23 D
7 1 14 13 R
7 2 6 29 L
7 3 6 11 R
7 4 20 4 U
7 5 19 31 L
7 6 0 38 L
7 7 0 19 R
7 8 21 8 U
7 9 24 22 D
7 10 9 5 U
7 11 20 11 R
7 12 3 21 D
7 13 13 27 D
7 14 18 3 U
7 15 8 23 D
7 16 5 21 D
7 17 5 17 R
7 18 5 18 R
7 19 0 20 D
7 20 23 20 D
7 21 8 9 R
7 22 1 22 D
7 23 10 13 R
7 24 0 2 U
7 25 23 25 D
7 26 1 26 D
7 27 1 27 D
7 28 30 28 D
7 29 1 20 D
7 30 4 21 D
7 31 1 26 D
7 32 1 23 D
7 33 5 2 U
7 34 15 3 U
7 35 9 25 D
7 36 0 8 U
7 37 25 37 L
7 38 24 38 L
7 39 8 22 D
8 0 0 32 L
8 1 1 30 L
8 2 9 16 R
8 3 0 33 L
8 4 12 30 L
8 5 9 30 L
8 6 14 34 L
8 7 5 17 R
8 9 6 20 D
8 10 3 10 R
8 11 16 11 R
8 12 9 12 R
8 13 19 13 R
8 14 29 22 D
8 15 6 15 R
8 16 15 24 D
8 17 18 17 R
8 18 3 18 R
8 19 29 24 D
8 20 0 1 U
8 21 10 10 R
8 22 15 11 R
8 23 15 9 R
8 24 19 24 D
8 25 1 31 L
8 26 6 35 L
8 27 14 5 U
8 28 16 13 R
8 29 3 20 D
8 30 12 2 U
8 31 13 31 L
8 32 16 7 U
8 33 4 33 L
8 34 4 34 L
8 35 22 35 L
8 36 14 36 L
8 37 0 0 U
8 38 4 38 L
8 39 2 3 U
9 0 23 39 L
9 1 2 11 R
9 2 14 11 R
9 3 4 12 R
9 4 21 11 R
9 5 10 31 L
9 6 0 9 R
9 7 18 33 L
9 9 3 7 U
9 10 6 5 U
9 11 14 21 D
9 12 0 30 L
9 13 21 1 U
9 14 17 5 U
9 15 16 15 R
9 16 23 2 U
9 17 1 17 R
9 18 20 4 U
9 19 3 19 R
9 20 21 1 U
9 21 8 29 L
9 22 1 22 D
9 23 0 11 R
9 24 0 7 U
9 25 8 37 L
9 26 1 33 L
9 27 19 29 L
9 28 17 35 L
9 29 11 22 D
9 30 0 2 U
9 31 24 1 U
9 32 1 32 L
9 33 19 2 U
9 34 4 34 L
9 35 0 7 U
9 36 5 36 L
9 37 4 37 L
9 38 4 38 L
9 39 2 39 L
10 0 6 14 R
10 1 12 13 R
10 2 6 16 R
10 3 4 15 R
10 4 15 9 R
10 5 1 5 U
10 6 1 6 U
10 7 15 7 U
10 9 25 4 U
10 10 6 10 R
10 11 25 22 D
10 12 13 12 R
10 13 18 13 R
10 14 5 14 R
10 15 11 15 R
10 16 15 28 D
10 17 4 24 D
10 18 2 1 U
10 19 1 19 R
10 20 23 31 L
10 21 20 36 L
10 22 18 12 R
10 23 11 37 L
10 24 15 33 L
10 25 9 11 R
10 26 13 36 L
10 27 0 35 L
10 28 5 11 R
10 29 0 0 U
10 30 0 9 R
10 31 22 9 R
10 32 0 13 R
10 33 0 3 U
10 34 12 4 U
10 35 5 35 L
10 36 16 36 L
10 37 5 37 L
10 38 6 25 D
10 39 16 39 L
11 0 7 0 U
11 1 5 35 L
11 2 23 34 L
11 3 16 37 L
11 4 0 10 R
11 5 21 5 U
11 6 13 10 R
11 7 7 32 L
11 9 19 0 U
11 10 2 3 U
11 11 1 21 D
11 12 15 4 U
11 13 4 13 R
11 14 1 26 D
11 15 0 32 L
11 16 0 5 U
11 17 18 17 R
11 18 5 18 R
11 19 0 28 D
11 20 7 17 R
11 21 15 29 L
11 22 22 14 R
11 23 3 39 L
11 24 15 30 L
11 25 24 31 L
11 26 10 39 L
11 27 22 36 L
11 28 14 32 L
11 29 24 2 U
11 30 25 30 L
11 31 25 5 U
11 32 17 32 L
11 33 1 6 U
11 34 14 13 R
11 35 1 35 L
11 36 12 36 L
11 37 1 37 L
11 38 6 28 D
11 39 2 39 L
12 0 0 34 L
12 1 13 37 L
12 2 1 32 L
12 3 14 14 R
12 4 18 12 R
12 5 11 34 L
12 6 0 35 L
12 7 5 7 U
12 9 1 23 D
12 10 14 23 D
12 11 3 23 D
12 12 0 0 U
12 13 3 13 R
12 14 2 25 D
12 15 26 22 D
12 16 20 16 R
12 17 0 37 L
12 18 8 26 D
12 19 2 19 R
12 20 23 8 U
12 21 8 31 L
12 22 0 10 R
12 23 18 34 L
12 24 8 31 L
12 25 19 15 R
12 26 16 16 R
12 27 21 9 R
12 28 22 28 D
12 29 22 4 U
12 30 14 3 U
12 31 10 17 R
12 32 0 12 R
12 33 0 26 D
12 34 0 5 U
12 35 16 1 U
12 36 2 1 U
12 37 3 24 D
12 38 6 38 L
12 39 19 39 L
13 0 7 0 U
13 1 14 22 D
13 2 4 35 L
13 3 18 33 L
13 4 2 4 U
13 5 4 18 R
13 6 5 37 L
13 8 1 18 R
13 9 12 27 D
13 10 6 25 D
13 11 3 0 U
13 12 8 12 R
13 13 15 7 U
13 14 3 14 R
13 15 11 6 U
13 16 8 6 U
13 17 11 17 R
13 18 9 0 U
13 19 18 4 U
13 20 20 11 R
13 21 25 17 R
13 22 15 22 D
13 23 7 23 D
13 24 16 11 R
13 25 1 25 D
13 26 11 35 L
13 27 11 27 D
13 28 1 28 D
13 29 4 6 U
13 30 12 4 U
13 31 3 22 D
13 32 19 25 D
13 33 24 5 U
13 34 3 34 L
13 35 0 25 D
13 36 23 19 R
13 37 9 4 U
13 38 0 24 D
13 39 5 1 U
14 0 16 37 L
14 1 4 11 R
14 2 12 31 L
14 3 6 3 U
14 4 12 17 R
14 5 7 15 R
14 6 16 30 L
14 8 18 33 L
14 9 6 30 L
14 10 10 0 U
14 11 13 6 U
14 12 0 37 L
14 13 2 4 U
14 14 18 21 D
14 15 9 26 D
14 16 3 1 U
14 17 15 22 D
14 18 2 22 D
14 19 3 19 R
14 20 6 9 R
14 21 23 14 R
14 22 7 22 D
14 23 17 23 D
14 24 4 30 L
14 25 24 9 R
14 26 20 18 R
14 27 6 27 D
14 28 7 19 R
14 29 10 9 R
14 30 2 30 L
14 31 4 7 U
14 32 7 28 D
14 33 11 33 L
14 34 12 20 D
14 35 13 7 U
14 36 2 15 R
14 37 17 20 D
14 38 7 6 U
14 39 0 1 U
15 0 13 38 L
15 1 6 29 L
15 2 7 2 U
15 3 17 17 R
15 4 2 4 U
15 5 6 5 U
15 6 16 36 L
15 9 6 22 D
15 10 6 2 U
15 11 3 2 U
15 12 10 12 R
15 13 21 6 U
15 14 3 14 R
15 15 4 37 L
15 16 18 16 R
15 17 12 26 D
15 18 22 24 D
15 19 18 24 D
15 20 7 20 D
15 21 7 2 U
15 22 18 11 R
15 23 4 29 L
15 24 2 15 R
15 25 0 16 R
15 26 21 26 D
15 27 5 35 L
15 28 9 31 L
15 29 5 25 D
15 30 25 5 U
15 31 10 4 U
15 32 2 32 L
15 33 17 33 L
15 34 12 12 R
15 35 16 35 L
15 36 4 36 L
15 37 9 1 U
15 38 16 0 U
15 39 4 39 L
16 0 2 29 L
16 1 4 37 L
16 2 5 14 R
16 3 1 13 R
16 4 21 37 L
16 5 0 24 D
16 6 18 36 L
16 9 11 9 R
16 10 17 24 D
16 11 14 24 D
16 12 20 2 U
16 13 5 13 R
16 14 0 0 U
16 15 4 33 L
16 16 24 27 D
16 17 20 32 L
16 18 2 18 R
16 19 23 26 D
16 20 22 16 R
16 21 9 13 R
16 22 15 1 U
16 23 21 9 R
16 24 7 24 D
16 25 1 25 D
16 26 1 26 D
16 27 1 27 D
16 28 2 28 D
16 29 12 3 U
16 30 2 2 U
16 31 8 3 U
16 32 4 32 L
16 33 19 12 R
16 34 22 34 L
16 35 11 35 L
16 36 7 36 L
16 37 3 37 L
16 38 30 38 L
16 39 12 39 L
17 0 4 10 R
17 1 27 14 R
17 2 11 39 L
17 3 23 15 R
17 4 23 10 R
17 5 13 5 U
17 6 1 38 L
17 7 7 7 U
17 9 0 1 U
17 10 11 1 U
17 11 11 25 D
17 12 10 3 U
17 13 3 13 R
17 14 2 2 U
17 16 16 21 D
17 17 5 17 R
17 18 16 18 R
17 19 18 19 R
17 20 18 32 L
17 21 13 12 R
17 22 12 32 L
17 23 13 10 R
17 24 26 30 L
17 25 1 25 D
17 26 16 1 U
17 27 27 32 L
17 28 18 28 D
17 29 2 4 U
17 30 22 12 R
17 31 7 21 D
17 32 13 23 D
17 33 14 17 R
17 34 14 0 U
17 35 6 23 D
17 36 16 21 D
17 37 6 3 U
17 39 2 39 L
18 0 8 35 L
18 1 21 32 L
18 2 7 2 U
18 3 23 16 R
18 4 15 33 L
18 5 4 5 U
18 6 14 6 U
18 7 17 39 L
18 9 14 26 D
18 10 16 30 L
18 11 8 20 D
18 12 6 12 R
18 13 25 25 D
18 14 0 6 U
18 15 1 2 U
18 16 0 36 L
18 17 14 2 U
18 18 6 18 R
18 19 3 19 R
18 20 13 39 L
18 21 3 14 R
18 22 0 4 U
18 23 4 16 R
18 24 5 32 L
18 25 25 33 L
18 26 0 32 L
18 28 22 34 L
18 29 1 21 D
18 30 24 10 R
18 31 5 7 U
18 32 10 26 D
18 33 8 33 L
18 34 5 15 R
18 35 10 35 L
18 36 4 36 L
18 37 15 37 L
18 38 10 38 L
18 39 26 27 D
19 0 6 16 R
19 1 23 9 R
19 2 15 31 L
19 3 0 20 D
19 4 14 4 U
19 5 7 12 R
19 6 17 14 R
19 7 17 34 L
19 9 0 20 D
19 10 26 32 L
19 11 23 5 U
19 12 16 22 D
19 13 13 21 D
19 14 12 25 D
19 16 20 16 R
19 17 15 35 L
19 18 2 18 R
19 19 2 28 D
19 20 2 11 R
19 21 0 9 R
19 22 9 32 L
19 23 20 12 R
19 24 12 16 R
19 25 23 36 L
19 26 8 26 D
19 27 26 39 L
19 28 15 16 R
19 29 0 21 D
19 30 2 23 D
19 31 1 0 U
19 32 16 6 U
19 33 20 7 U
19 34 1 7 U
19 35 8 35 L
19 36 3 27 D
19 37 4 37 L
19 38 1 38 L
19 39 10 39 L
20 0 13 0 U
20 1 1 10 R
20 2 6 19 R
20 3 0 28 D
20 4 8 4 U
20 5 15 5 U
20 6 1 18 R
20 9 24 20 D
20 10 2 20 D
20 11 28 23 D
20 12 5 12 R
20 13 7 25 D
20 14 0 3 U
20 15 6 15 R
20 16 4 16 R
20 17 10 36 L
20 18 5 18 R
20 19 18 19 R
20 20 22 0 U
20 21 16 11 R
20 22 1 22 D
20 23 4 23 D
20 24 5 24 D
20 25 8 18 R
20 26 17 26 D
20 27 2 27 D
20 28 19 39 L
20 29 9 27 D
20 30 6 30 L
20 31 9 8 U
20 32 13 28 D
20 33 1 33 L
20 34 10 34 L
20 35 12 23 D
20 36 22 36 L
20 37 7 4 U
20 38 6 38 L
20 39 16 0 U
21 0 8 29 L
21 1 23 10 R
21 2 22 14 R
21 3 20 3 U
21 4 5 10 R
21 5 23 13 R
21 6 22 13 R
21 9 31 23 D
21 10 2 21 D
21 11 0 22 D
21 12 0 31 L
21 13 5 8 U
21 14 18 23 D
21 15 20 15 R
21 16 13 16 R
21 17 27 17 R
21 18 4 18 R
21 19 0 36 L
21 20 5 36 L
21 21 17 34 L
21 22 13 36 L
21 23 1 23 D
21 24 6 24 D
21 25 20 16 R
21 26 20 11 R
21 28 7 28 D
21 29 14 0 U
21 30 2 30 L
21 31 19 20 D
21 32 15 5 U
21 33 0 22 D
21 34 6 26 D
21 35 8 3 U
21 36 2 36 L
21 37 5 28 D
21 38 13 26 D
21 39 2 28 D
22 0 26 13 R
22 1 7 13 R
22 2 13 2 U
22 4 16 9 R
22 6 21 12 R
22 9 1 20 D
22 10 1 23 D
22 11 0 32 L
22 12 21 1 U
22 13 15 13 R
22 14 5 6 U
22 15 4 15 R
22 16 10 26 D
22 17 6 27 D
22 18 12 22 D
22 19 18 22 D
22 20 29 15 R
22 21 17 30 L
22 23 20 23 D
22 24 6 14 R
22 25 8 34 L
22 26 0 4 U
22 27 9 15 R
22 29 10 26 D
22 30 15 24 D
22 31 2 10 R
22 32 0 10 R
22 33 4 33 L
22 34 4 34 L
22 35 3 5 U
22 36 19 3 U
22 37 3 37 L
22 38 4 23 D
22 39 23 4 U
23 0 5 39 L
23 1 0 14 R
23 2 20 2 U
23 3 1 19 R
23 4 13 4 U
23 6 21 38 L
23 8 21 15 R
23 9 21 1 U
23 10 14 10 R
23 11 4 11 R
23 12 28 25 D
23 13 15 36 L
23 14 2 14 R
23 15 21 24 D
23 16 0 6 U
23 17 25 4 U
23 18 11 28 D
23 19 19 19 R
23 20 7 20 D
23 21 11 10 R
23 22 13 22 D
23 23 21 36 L
23 24 6 9 R
23 25 27 33 L
23 26 8 14 R
23 29 19 23 D
23 30 15 20 D
23 31 2 26 D
23 32 6 32 L
23 33 22 22 D
23 34 13 3 U
23 35 21 35 L
23 36 21 28 D
23 37 14 28 D
23 39 26 21 D
24 0 8 30 L
24 1 26 15 R
24 2 15 12 R
24 4 23 30 L
24 6 31 33 L
24 7 5 30 L
24 8 19 32 L
24 10 17 4 U
24 11 3 21 D
24 12 20 12 R
24 13 17 0 U
24 14 11 14 R
24 17 16 17 R
24 18 7 35 L
24 19 0 1 U
24 20 11 29 L
24 21 9 38 L
24 22 8 2 U
24 23 12 11 R
24 24 27 13 R
24 25 29 37 L
24 26 16 12 R
24 28 16 18 R
24 29 8 6 U
24 30 6 25 D
24 31 15 11 R
24 32 23 8 U
24 33 28 4 U
24 34 1 24 D
24 35 7 4 U
24 36 0 12 R
24 37 21 27 D
24 38 16 38 L
24 39 7 39 L
25 0 27 32 L
25 1 10 9 R
25 2 18 30 L
25 4 3 33 L
25 5 20 35 L
25 6 7 6 U
25 11 15 11 R
25 12 23 12 R
25 13 6 6 U
25 14 26 14 R
25 15 27 21 D
25 17 27 0 U
25 18 18 18 R
25 19 16 19 R
25 20 24 13 R
25 21 6 33 L
25 22 28 29 L
25 23 1 23 D
25 24 10 31 L
25 26 5 11 R
25 28 2 39 L
25 29 3 0 U
25 30 16 2 U
25 32 23 1 U
25 33 3 33 L
25 34 13 34 L
25 35 5 35 L
25 36 0 9 R
25 37 5 37 L
25 39 13 39 L
26 0 2 34 L
26 1 5 29 L
26 2 21 9 R
26 4 21 31 L
26 6 12 9 R
26 10 15 2 U
26 12 3 7 U
26 13 3 2 U
26 14 11 30 L
26 15 3 34 L
26 17 6 17 R
26 18 16 18 R
26 19 17 19 R
26 21 20 39 L
26 23 13 23 D
26 24 22 12 R
26 26 0 38 L
26 29 1 1 U
26 30 21 22 D
26 31 10 31 L
26 32 12 14 R
26 34 0 14 R
26 35 4 20 D
26 36 25 6 U
26 37 3 37 L
26 39 16 39 L
27 1 7 32 L
27 2 5 29 L
27 4 0 21 D
27 6 3 15 R
27 12 6 6 U
27 13 17 2 U
27 14 7 5 U
27 19 12 26 D
27 23 24 37 L
27 30 8 0 U
27 32 10 2 U
27 33 26 6 U
27 34 4 12 R
27 35 5 35 L
27 36 2 36 L
27 37 16 37 L
27 39 30 20 D
28 2 16 32 L
28 4 5 29 L
28 12 9 8 U
28 14 2 30 L
28 19 5 19 R
28 23 29 18 R
28 32 16 3 U
28 34 16 6 U
28 35 19 3 U
28 37 17 12 R
28 39 4 39 L
29 2 17 2 U
29 4 7 29 L
29 12 12 5 U
29 14 11 14 R
29 32 21 32 L
29 34 24 2 U
29 35 12 35 L
30 2 19 14 R
30 4 18 19 R
30 12 18 21 D
30 14 10 22 D
31 2 2 32 L
31 12 26 20 D

