41 61 2230
6 3 11 0 7 0 8 0 19 0 0 6 21 34 2 0 37 36 35 31
0 33 0 8 35 19 34 0 33 0 23 17 13 35 20 12 2 36 35 0
0 0 0 0 0 25 3 21 0 22 2 37 37 0 0 36 31 0 37 0
22 24 27 11 14 15 37 37 33 29 0 0 34 0 20 0 8 35 2 0
17 24 0 0 31 20 0 0 0 24 27 29 29 36 0 17 24 0 2 0
4 3 0 25 19 26 35 15 0 34 0 0 37 0 36 37 27 36 0 30
0 30 31 0 28 6 33 25 0 0 34 0 0 11 34 0 0 11 0 37
35 2 0 0 0 34 0 4 36 19 0 0 0 36 11 36 30 8 20 17
35 31 0 0 31 16 15 35 37 37 32 36 22 12 0 14 28 3 37 1
16 29 0 20 13 19 0 33 37 0 0 0 0 0 0 0 0 0 0 35
29 0 30 25 31 17 33 34 36 0 10 1 2 14 10 18 18 9 24 34
17 0 2 31 0 8 36 36 35 0 36 0 0 0 36 0 35 24 0 36
17 32 0 0 33 34 10 0 27 0 34 0 0 0 0 0 36 2 17 0
0 38 0 39 0 40 0 0 19 0 0 9 0 0 0 0 34 0 33 32
0 38 34 0 0 37 4 0 34 0 31 0 0 28 20 0 12 0 9 25
0 0 36 0 9 0 11 31 27 36 0 0 0 9 16 7 35 34 14 13
0 37 11 8 7 37 2 36 0 1 0 0 0 0 0 27 28 20 16 1
0 0 28 6 36 0 0 0 4 35 3 20 31 12 0 24 28 9 0 5
15 36 13 18 0 32 19 9 18 26 0 8 25 0 26 22 20 18 1 0
15 35 0 0 33 22 0 0 0 0 0 0 0 0 0 0 0 0 0 37
0 0 0 0 L
0 1 0 1 L
0 2 0 2 L
0 3 0 3 L
0 4 0 4 L
0 5 0 5 L
0 6 0 6 L
0 7 0 7 L
0 8 0 8 L
0 9 0 9 L
0 10 0 10 L
0 11 0 11 L
0 12 0 12 L
0 13 0 13 L
0 14 0 14 L
0 15 0 15 L
0 16 0 16 R
0 17 0 17 R
0 18 0 18 R
0 19 0 19 R
0 20 0 20 R
0 21 0 21 R
0 22 0 22 R
0 23 0 23 R
0 24 0 24 R
0 25 0 25 R
0 26 0 26 R
0 27 0 27 R
0 28 0 28 R
0 29 0 29 R
0 30 0 30 R
0 31 0 31 R
0 32 0 32 R
0 33 0 33 D
0 34 0 34 D
0 35 0 35 D
0 36 0 36 D
0 37 0 37 D
0 38 0 38 D
0 39 0 39 D
0 40 0 40 D
0 41 0 41 D
0 42 0 42 D
0 43 0 43 D
0 44 0 44 D
0 45 0 45 D
0 46 0 46 D
0 47 0 47 U
0 48 0 48 U
0 49 0 49 U
0 50 0 50 U
0 51 0 51 U
0 52 0 52 U
0 53 0 53 U
0 54 0 54 U
0 55 0 55 U
0 56 0 56 U
0 57 0 57 U
0 58 0 58 U
0 59 0 59 U
0 60 0 60 U
1 0 0 33 D
1 1 0 34 D
1 2 1 48 U
1 3 1 34 D
1 4 2 50 U
1 5 2 39 D
1 6 0 41 D
1 7 1 43 D
1 8 0 21 R
1 9 0 22 R
1 10 0 57 U
1 11 3 59 U
1 12 3 25 R
1 13 0 21 R
1 14 1 48 U
1 15 22 49 U
1 16 0 35 D
1 17 1 36 D
1 18 0 37 D
1 19 1 38 D
1 20 1 51 U
1 21 0 52 U
1 22 1 40 D
1 23 0 47 U
1 24 0 8 L
1 25 0 11 L
1 26 1 59 U
1 27 5 36 D
1 28 1 11 L
1 29 5 41 D
1 30 7 60 U
1 31 20 57 U
1 32 29 34 D
1 33 0 16 R
1 34 0 0 L
1 35 0 1 L
1 36 0 47 U
1 37 2 17 R
1 38 2 2 L
1 39 1 20 R
1 40 1 5 L
1 41 0 5 L
1 42 3 16 R
1 43 3 6 L
1 44 3 23 R
1 45 0 10 L
1 46 3 11 L
1 47 0 0 L
1 48 1 17 R
1 49 1 2 L
1 50 1 16 R
1 51 1 4 L
1 52 0 4 L
1 53 0 21 R
1 54 1 6 L
1 55 1 22 R
1 56 3 17 R
1 57 3 7 L
1 58 3 10 L
1 59 1 24 R
1 60 3 26 R
2 0 1 47 U
2 1 0 47 U
2 2 2 33 D
2 3 1 3 L
2 4 2 4 L
2 5 1 39 D
2 6 2 53 U
2 7 3 50 U
2 8 3 44 D
2 9 3 9 L
2 10 0 45 D
2 11 2 11 L
2 12 2 60 U
2 13 2 13 L
2 14 6 14 L
2 15 18 15 L
2 16 0 49 U
2 17 0 1 L
2 18 0 33 D
2 19 0 48 U
2 20 2 36 D
2 21 1 21 R
2 22 1 54 U
2 23 3 23 R
2 24 3 24 R
2 25 2 25 R
2 26 0 12 L
2 27 2 27 R
2 28 2 28 R
2 29 4 29 R
2 30 6 30 R
2 31 22 31 R
2 32 29 32 R
2 33 0 18 R
2 34 1 19 R
2 35 0 19 R
2 36 2 21 R
2 37 1 37 D
2 38 2 38 D
2 39 1 22 R
2 40 2 40 D
2 41 3 19 R
2 42 3 42 D
2 43 3 43 D
2 44 2 44 D
2 45 1 25 R
2 46 3 46 D
2 47 0 16 R
2 48 0 3 L
2 49 1 49 U
2 50 2 20 R
2 51 2 51 U
2 52 0 6 L
2 53 0 34 D
2 54 2 54 U
2 55 1 55 U
2 56 3 56 U
2 57 3 57 U
2 58 2 58 U
2 59 3 12 L
2 60 2 60 U
3 0 0 55 U
3 1 1 42 D
3 2 2 37 D
3 3 0 53 U
3 4 0 16 R
3 5 3 48 U
3 6 2 49 U
3 7 2 57 U
3 8 0 54 U
3 9 2 9 L
3 10 1 58 U
3 11 1 45 D
3 12 4 60 U
3 13 4 13 L
3 14 3 14 L
3 15 21 15 L
3 16 0 0 L
3 17 3 51 U
3 18 1 56 U
3 19 3 40 D
3 20 2 41 D
3 21 2 57 U
3 22 3 36 D
3 23 1 39 D
3 24 3 58 U
3 25 1 46 D
3 26 4 57 U
3 27 4 27 R
3 28 5 28 R
3 29 0 4 L
3 30 5 30 R
3 31 21 31 R
3 32 31 32 R
3 33 0 4 L
3 34 0 23 R
3 35 0 20 R
3 36 0 52 U
3 37 2 19 R
3 38 2 1 L
3 39 3 9 L
3 40 3 7 L
3 41 3 41 D
3 42 2 42 D
3 43 2 43 D
3 44 1 44 D
3 45 5 22 R
3 46 0 18 R
3 47 0 18 R
3 48 2 48 U
3 49 0 33 D
3 50 0 35 D
3 51 1 5 L
3 52 0 8 L
3 53 3 53 U
3 54 1 8 L
3 55 2 55 U
3 56 2 56 U
3 57 0 24 R
3 58 3 58 U
3 59 2 59 U
3 60 4 28 R
4 0 1 44 D
4 1 1 53 U
4 2 5 48 U
4 3 4 33 D
4 4 4 56 U
4 5 0 51 U
4 6 2 6 L
4 7 5 7 L
4 8 4 42 D
4 9 5 39 D
4 10 3 60 U
4 11 4 45 D
4 12 4 12 L
4 13 3 13 L
4 14 4 48 U
4 15 4 15 L
4 16 2 33 D
4 17 5 35 D
4 18 4 37 D
4 19 4 38 D
4 20 1 52 U
4 21 1 34 D
4 22 4 40 D
4 23 1 33 D
4 24 0 45 D
4 25 4 50 U
4 26 3 26 R
4 27 5 27 R
4 28 4 59 U
4 29 6 29 R
4 30 9 30 R
4 31 20 31 R
4 32 32 32 R
4 33 3 13 L
4 34 0 27 R
4 35 5 3 L
4 36 0 2 L
4 37 4 4 L
4 38 4 18 R
4 39 2 20 R
4 40 5 9 L
4 41 4 17 R
4 42 5 26 R
4 43 3 8 L
4 44 2 26 R
4 45 4 45 D
4 46 2 46 D
4 47 3 0 L
4 48 3 1 L
4 49 0 36 D
4 50 4 4 L
4 51 0 19 R
4 52 2 18 R
4 53 4 53 U
4 54 4 5 L
4 55 5 7 L
4 56 5 17 R
4 57 4 7 L
4 58 4 26 R
4 59 5 10 L
4 60 4 60 U
5 0 2 44 D
5 1 2 34 D
5 2 4 41 D
5 3 3 48 U
5 4 5 36 D
5 5 4 52 U
5 6 1 6 L
5 7 3 55 U
5 8 4 8 L
5 9 4 58 U
5 10 10 25 R
5 11 3 11 L
5 12 0 25 R
5 13 5 49 U
5 14 0 18 R
5 15 30 38 D
5 16 1 53 U
5 17 4 49 U
5 18 0 51 U
5 19 4 19 R
5 20 2 20 R
5 21 4 39 D
5 22 4 43 D
5 23 1 23 R
5 24 2 24 R
5 25 4 54 U
5 26 0 9 L
5 27 1 6 L
5 28 0 35 D
5 29 5 29 R
5 30 8 30 R
5 31 19 31 R
5 32 7 32 R
5 33 2 47 U
5 34 1 1 L
5 35 4 35 D
5 36 3 27 R
5 37 5 37 D
5 38 4 38 D
5 39 5 21 R
5 40 5 40 D
5 41 0 56 U
5 42 5 42 D
5 43 5 43 D
5 44 1 16 R
5 45 5 45 D
5 46 6 46 D
5 47 2 3 L
5 48 4 23 R
5 49 5 25 R
5 50 5 50 U
5 51 0 5 L
5 52 5 13 L
5 53 4 2 L
5 54 5 54 U
5 55 4 55 U
5 56 5 12 L
5 57 5 57 U
5 58 5 58 U
5 59 5 59 U
5 60 5 60 U
6 0 0 46 D
6 1 0 52 U
6 2 6 44 D
6 3 8 48 U
6 4 4 4 L
6 5 4 5 L
6 6 5 53 U
6 7 6 33 D
6 8 6 34 D
6 9 3 46 D
6 10 8 10 L
6 11 0 40 D
6 12 11 12 L
6 13 7 44 D
6 14 11 14 L
6 15 11 15 L
6 16 1 47 U
6 17 0 6 L
6 18 0 50 U
6 19 6 40 D
6 20 6 54 U
6 21 0 41 D
6 22 8 43 D
6 23 6 48 U
6 24 9 46 D
6 25 7 60 U
6 26 10 56 U
6 27 3 45 D
6 28 3 28 R
6 29 3 2 L
6 30 12 52 U
6 31 20 14 L
6 32 10 32 R
6 33 0 14 L
6 34 3 17 R
6 35 0 8 L
6 36 5 5 L
6 37 4 9 L
6 38 5 38 D
6 39 9 5 L
6 40 6 7 L
6 41 2 29 R
6 42 8 20 R
6 43 8 29 R
6 44 6 9 L
6 45 7 17 R
6 46 5 46 D
6 47 3 29 R
6 48 3 42 D
6 49 5 0 L
6 50 0 28 R
6 51 3 19 R
6 52 0 29 R
6 53 0 45 D
6 54 7 1 L
6 55 2 34 D
6 56 2 17 R
6 57 6 20 R
6 58 5 21 R
6 59 6 24 R
6 60 0 46 D
7 0 4 47 U
7 1 6 51 U
7 2 8 47 U
7 3 8 3 L
7 4 3 36 D
7 5 8 37 D
7 6 8 42 D
7 7 8 33 D
7 8 7 59 U
7 9 4 57 U
7 10 7 10 L
7 11 8 11 L
7 12 7 12 L
7 13 8 13 L
7 14 10 14 L
7 15 16 15 L
7 16 5 49 U
7 17 7 37 D
7 18 7 49 U
7 19 6 54 U
7 20 7 35 D
7 21 8 51 U
7 22 7 59 U
7 23 5 23 R
7 24 7 24 R
7 25 10 25 R
7 26 8 26 R
7 27 8 38 D
7 28 0 2 L
7 29 7 56 U
7 30 12 30 R
7 31 18 31 R
7 32 24 32 R
7 33 7 29 R
7 34 2 9 L
7 35 8 16 R
7 36 6 19 R
7 37 6 1 L
7 38 8 17 R
7 39 9 39 D
7 40 7 40 D
7 41 6 14 L
7 42 9 42 D
7 43 8 43 D
7 44 9 22 R
7 45 7 45 D
7 46 0 21 R
7 47 6 16 R
7 48 4 27 R
7 49 6 14 L
7 50 4 0 L
7 51 7 18 R
7 52 6 37 D
7 53 9 53 U
7 54 7 54 U
7 55 7 29 R
7 56 8 56 U
7 57 6 57 U
7 58 7 58 U
7 59 9 59 U
7 60 10 60 U
8 0 8 53 U
8 1 0 49 U
8 2 9 52 U
8 3 6 3 L
8 4 7 47 U
8 5 1 54 U
8 6 7 6 L
8 7 7 58 U
8 8 0 19 R
8 9 7 35 D
8 10 2 10 L
8 11 6 43 D
8 12 7 46 D
8 13 6 22 R
8 14 7 42 D
8 15 29 15 L
8 16 9 33 D
8 17 0 34 D
8 18 9 34 D
8 19 8 54 U
8 20 8 39 D
8 21 8 21 R
8 22 8 22 R
8 23 6 23 R
8 24 8 48 U
8 25 4 25 R
8 26 7 26 R
8 27 7 27 R
8 28 10 28 R
8 29 8 46 D
8 30 15 59 U
8 31 24 31 R
8 33 4 21 R
8 34 5 1 L
8 35 8 35 D
8 36 7 36 D
8 37 6 20 R
8 38 9 18 R
8 39 7 39 D
8 40 7 7 L
8 41 7 41 D
8 42 8 42 D
8 43 7 43 D
8 44 9 44 D
8 45 7 19 R
8 46 0 57 U
8 47 6 19 R
8 48 9 27 R
8 49 6 6 L
8 50 0 2 L
8 51 9 5 L
8 52 9 52 U
8 53 7 53 U
8 54 6 0 L
8 55 8 55 U
8 56 8 2 L
8 57 8 6 L
8 58 8 58 U
8 59 8 59 U
8 60 10 6 L
9 0 7 56 U
9 1 4 37 D
9 2 4 49 U
9 3 4 3 L
9 4 5 4 L
9 5 6 55 U
9 6 9 21 R
9 7 9 41 D
9 8 10 8 L
9 9 0 20 R
9 10 6 43 D
9 11 9 11 L
9 12 9 12 L
9 13 9 13 L
9 14 9 14 L
9 15 28 15 L
9 16 8 40 D
9 17 3 56 U
9 18 7 53 U
9 19 8 38 D
9 20 8 41 D
9 21 9 57 U
9 22 9 22 R
9 23 5 39 D
9 24 9 24 R
9 25 0 14 L
9 26 6 26 R
9 27 8 56 U
9 28 11 28 R
9 29 9 42 D
9 30 16 30 R
9 31 23 31 R
9 33 8 16 R
9 34 2 7 L
9 35 8 23 R
9 36 9 36 D
9 37 7 11 L
9 38 7 38 D
9 39 7 20 R
9 40 6 23 R
9 41 4 11 L
9 42 7 58 U
9 43 9 7 L
9 44 8 44 D
9 45 6 45 D
9 46 10 22 R
9 47 9 18 R
9 48 5 3 L
9 49 1 9 L
9 50 9 50 U
9 51 8 51 U
9 52 7 52 U
9 53 7 19 R
9 54 9 0 L
9 55 7 55 U
9 56 7 56 U
9 57 1 13 L
9 58 9 7 L
9 59 6 8 L
9 60 5 28 R
10 0 9 47 U
10 1 10 51 U
10 2 0 24 R
10 3 9 34 D
10 4 6 55 U
10 5 9 60 U
10 6 10 53 U
10 7 8 39 D
10 8 2 8 L
10 9 15 50 U
10 10 5 10 L
10 11 10 41 D
10 12 0 33 D
10 13 20 39 D
10 14 1 14 L
10 15 32 36 D
10 16 9 36 D
10 17 9 52 U
10 18 0 7 L
10 19 0 38 D
10 20 10 33 D
10 21 10 37 D
10 22 10 42 D
10 23 5 49 U
10 24 11 35 D
10 25 9 25 R
10 26 10 36 D
10 27 0 0 L
10 28 11 59 U
10 29 12 37 D
10 30 17 51 U
10 31 22 51 U
10 33 3 49 U
10 34 9 8 L
10 35 7 16 R
10 36 7 13 L
10 37 8 3 L
10 38 6 10 L
10 39 10 20 R
10 40 11 19 R
10 41 11 3 L
10 42 10 21 R
10 43 10 19 R
10 44 6 11 L
10 45 11 26 R
10 46 10 46 D
10 47 0 39 D
10 48 10 1 L
10 49 9 4 L
10 50 9 0 L
10 51 7 0 L
10 52 2 2 L
10 53 10 5 L
10 54 9 24 R
10 55 8 17 R
10 56 11 1 L
10 57 11 4 L
10 58 5 26 R
10 59 11 26 R
10 60 10 30 R
11 0 10 54 U
11 1 10 33 D
11 2 10 40 D
11 3 1 51 U
11 4 10 52 U
11 5 11 35 D
11 6 11 45 D
11 7 10 59 U
11 8 13 39 D
11 9 14 9 L
11 10 11 60 U
11 11 7 11 L
11 12 12 36 D
11 13 18 13 L
11 14 12 37 D
11 15 33 15 L
11 16 0 2 L
11 17 9 50 U
11 18 9 48 U
11 19 10 34 D
11 20 7 58 U
11 21 10 44 D
11 22 11 57 U
11 23 7 23 R
11 24 10 24 R
11 25 6 53 U
11 26 2 55 U
11 27 12 27 R
11 28 13 55 U
11 29 12 29 R
11 30 17 30 R
11 31 25 31 R
11 33 10 14 L
11 34 9 1 L
11 35 11 12 L
11 36 11 5 L
11 37 9 6 L
11 38 9 12 L
11 39 0 0 L
11 40 11 40 D
11 41 11 41 D
11 42 6 8 L
11 43 10 43 D
11 44 11 44 D
11 45 11 45 D
11 46 3 27 R
11 47 6 10 L
11 48 9 17 R
11 49 11 2 L
11 50 0 23 R
11 51 6 39 D
11 52 8 25 R
11 53 11 22 R
11 54 11 54 U
11 55 11 28 R
11 56 11 56 U
11 57 11 57 U
11 58 10 58 U
11 59 10 7 L
11 60 8 60 U
12 0 6 47 U
12 1 12 54 U
12 2 3 35 D
12 3 14 50 U
12 4 10 47 U
12 5 0 43 D
12 6 12 53 U
12 7 17 18 R
12 8 7 8 L
12 9 7 9 L
12 10 11 10 L
12 11 7 26 R
12 12 13 12 L
12 13 22 13 L
12 14 12 14 L
12 15 25 15 L
12 16 12 33 D
12 17 11 43 D
12 18 11 34 D
12 19 12 41 D
12 20 0 4 L
12 21 12 51 U
12 22 12 56 U
12 23 12 34 D
12 24 11 38 D
12 25 0 6 L
12 26 13 58 U
12 27 10 10 L
12 28 14 28 R
12 29 14 40 D
12 30 13 56 U
12 31 22 57 U
12 33 12 20 R
12 34 0 48 U
12 35 3 1 L
12 36 11 27 R
12 37 13 19 R
12 38 14 14 L
12 39 10 39 D
12 40 12 11 L
12 41 12 12 L
12 42 14 42 D
12 43 11 16 R
12 44 12 18 R
12 45 12 19 R
12 46 11 46 D
12 47 10 10 L
12 48 10 12 L
12 49 12 10 L
12 50 11 50 U
12 51 0 13 L
12 52 14 1 L
12 53 13 53 U
12 54 12 0 L
12 55 12 5 L
12 56 13 1 L
12 57 3 2 L
12 58 13 1 L
12 59 15 2 L
12 60 8 22 R
13 0 13 48 U
13 1 9 51 U
13 2 12 49 U
13 3 13 3 L
13 4 4 51 U
13 5 14 60 U
13 6 12 6 L
13 7 17 7 L
13 8 16 41 D
13 9 13 9 L
13 10 9 45 D
13 11 14 55 U
13 12 11 33 D
13 13 22 36 D
13 14 11 40 D
13 15 32 15 L
13 16 11 46 D
13 17 6 47 U
13 18 12 40 D
13 19 13 50 U
13 20 12 42 D
13 21 15 41 D
13 22 12 22 R
13 23 10 23 R
13 24 14 41 D
13 25 13 25 R
13 26 15 12 L
13 27 2 47 U
13 28 4 28 R
13 29 13 29 R
13 30 14 42 D
13 31 0 51 U
13 33 0 17 R
13 34 0 50 U
13 35 6 2 L
13 36 13 36 D
13 37 8 1 L
13 38 14 38 D
13 39 12 24 R
13 40 13 40 D
13 41 13 41 D
13 42 13 42 D
13 43 4 3 L
13 44 12 44 D
13 45 13 45 D
13 46 10 12 L
13 47 10 17 R
13 48 7 4 L
13 49 11 35 D
13 50 11 30 R
13 51 13 5 L
13 52 14 52 U
13 53 10 27 R
13 54 13 22 R
13 55 14 21 R
13 56 13 56 U
13 57 13 28 R
13 58 12 58 U
13 59 15 59 U
13 60 12 60 U
14 0 12 56 U
14 1 14 49 U
14 2 0 36 D
14 3 12 42 D
14 4 9 58 U
14 5 16 33 D
14 6 14 47 U
14 7 6 7 L
14 8 17 8 L
14 9 12 9 L
14 10 13 57 U
14 11 16 37 D
14 12 0 19 R
14 13 5 13 L
14 14 5 14 L
14 15 20 15 L
14 16 7 39 D
14 17 12 38 D
14 18 13 55 U
14 19 11 50 U
14 20 11 55 U
14 21 17 34 D
14 22 12 54 U
14 23 16 54 U
14 24 13 24 R
14 25 14 36 D
14 26 12 26 R
14 27 3 27 R
14 28 16 39 D
14 29 7 29 R
14 30 16 58 U
14 31 6 31 R
14 33 12 16 R
14 34 8 24 R
14 35 11 24 R
14 36 8 0 L
14 37 14 37 D
14 38 11 38 D
14 39 14 39 D
14 40 14 17 R
14 41 14 20 R
14 42 14 20 R
14 43 9 8 L
14 44 11 14 L
14 45 15 20 R
14 46 17 46 D
14 47 12 11 L
14 48 12 25 R
14 49 11 19 R
14 50 14 50 U
14 51 13 51 U
14 52 13 52 U
14 53 14 53 U
14 54 13 54 U
14 55 9 8 L
14 56 13 29 R
14 57 14 57 U
14 58 13 3 L
14 59 13 59 U
14 60 13 20 R
15 0 5 33 D
15 1 14 34 D
15 2 15 47 U
15 3 0 22 R
15 4 0 42 D
15 5 15 5 L
15 6 16 6 L
15 7 12 7 L
15 8 14 49 U
15 9 6 9 L
15 10 15 37 D
15 11 9 28 R
15 12 16 12 L
15 13 25 35 D
15 14 18 36 D
15 15 33 34 D
15 16 5 45 D
15 17 14 35 D
15 18 13 44 D
15 19 14 58 U
15 20 9 40 D
15 21 20 21 R
15 22 12 10 L
15 23 9 23 R
15 24 16 36 D
15 25 14 25 R
15 26 15 26 R
15 27 15 51 U
15 28 16 28 R
15 29 14 34 D
15 30 15 30 R
15 31 5 31 R
15 33 3 25 R
15 34 0 28 R
15 35 15 1 L
15 36 13 18 R
15 37 10 29 R
15 38 15 10 L
15 39 17 16 R
15 40 13 14 L
15 41 16 19 R
15 42 14 59 U
15 43 1 43 D
15 44 14 44 D
15 45 15 45 D
15 46 14 5 L
15 47 13 19 R
15 48 7 24 R
15 49 14 6 L
15 50 13 27 R
15 51 13 0 L
15 52 15 11 L
15 53 16 39 D
15 54 16 2 L
15 55 13 21 R
15 56 16 8 L
15 57 13 57 U
15 58 8 1 L
15 59 4 45 D
15 60 13 4 L
16 0 14 59 U
16 1 15 53 U
16 2 17 18 R
16 3 16 3 L
16 4 15 29 R
16 5 16 5 L
16 6 15 33 D
16 7 15 7 L
16 8 0 40 D
16 9 0 48 U
16 10 16 10 L
16 11 18 11 L
16 12 4 55 U
16 13 11 13 L
16 14 15 14 L
16 15 26 15 L
16 16 15 38 D
16 17 14 57 U
16 18 17 33 D
16 19 10 19 R
16 20 8 20 R
16 21 19 21 R
16 22 11 48 U
16 23 14 23 R
16 24 15 24 R
16 25 17 53 U
16 26 19 58 U
16 27 14 27 R
16 28 15 28 R
16 29 11 29 R
16 30 14 30 R
16 31 17 31 R
16 33 1 9 L
16 34 16 7 L
16 35 17 35 D
16 36 16 16 R
16 37 17 22 R
16 38 16 38 D
16 39 17 39 D
16 40 6 6 L
16 41 16 41 D
16 42 0 9 L
16 43 15 17 R
16 44 16 8 L
16 45 14 45 D
16 46 12 46 D
16 47 0 9 L
16 48 15 28 R
16 49 14 49 U
16 50 15 30 R
16 51 12 51 U
16 52 16 52 U
16 53 16 53 U
16 54 17 54 U
16 55 0 4 L
16 56 17 4 L
16 57 14 25 R
16 58 14 12 L
16 59 16 59 U
16 60 17 60 U
17 0 16 52 U
17 1 17 49 U
17 2 13 35 D
17 3 0 50 U
17 4 15 60 U
17 5 13 5 L
17 6 20 50 U
17 7 13 7 L
17 8 15 8 L
17 9 0 55 U
17 10 12 50 U
17 11 21 47 U
17 12 11 30 R
17 13 25 53 U
17 14 19 54 U
17 15 14 15 L
17 16 17 38 D
17 17 17 44 D
17 18 13 2 L
17 19 15 46 D
17 20 15 20 R
17 21 16 21 R
17 22 0 5 L
17 23 6 36 D
17 24 14 48 U
17 25 11 25 R
17 26 20 26 R
17 27 18 60 U
17 28 13 56 U
17 29 10 44 D
17 30 13 30 R
17 31 26 52 U
17 33 12 7 L
17 34 17 34 D
17 35 15 35 D
17 36 13 30 R
17 37 17 37 D
17 38 8 11 L
17 39 16 17 R
17 40 0 3 L
17 41 15 41 D
17 42 17 30 R
17 43 18 43 D
17 44 16 44 D
17 45 1 0 L
17 46 18 16 R
17 47 13 40 D
17 48 13 25 R
17 49 13 23 R
17 50 15 50 U
17 51 16 12 L
17 52 15 52 U
17 53 17 1 L
17 54 16 54 U
17 55 3 45 D
17 56 14 56 U
17 57 17 57 U
17 58 2 4 L
17 59 16 0 L
17 60 16 60 U
18 0 16 57 U
18 1 20 54 U
18 2 16 2 L
18 3 15 43 D
18 4 17 4 L
18 5 19 37 D
18 6 19 29 R
18 7 20 51 U
18 8 17 39 D
18 9 17 52 U
18 10 21 45 D
18 11 22 42 D
18 12 16 49 U
18 13 24 13 L
18 14 20 14 L
18 15 8 15 L
18 16 16 46 D
18 17 18 35 D
18 18 19 34 D
18 19 18 42 D
18 20 0 55 U
18 21 19 55 U
18 22 16 3 L
18 23 8 44 D
18 24 6 24 R
18 25 15 9 L
18 26 21 26 R
18 27 18 27 R
18 28 14 54 U
18 29 0 3 L
18 30 0 51 U
18 31 27 31 R
18 33 18 25 R
18 34 10 11 L
18 35 17 3 L
18 36 18 26 R
18 37 19 18 R
18 38 19 14 L
18 39 16 25 R
18 40 19 22 R
18 41 3 53 U
18 42 16 4 L
18 43 16 43 D
18 44 22 2 L
18 45 17 26 R
18 46 19 46 D
18 47 18 30 R
18 48 18 2 L
18 49 14 30 R
18 50 6 2 L
18 51 0 22 R
18 52 12 30 R
18 53 18 0 L
18 54 18 2 L
18 55 18 1 L
18 56 10 20 R
18 57 18 29 R
18 58 21 2 L
18 59 18 30 R
18 60 21 26 R
19 0 17 50 U
19 1 13 54 U
19 2 19 52 U
19 3 15 59 U
19 4 18 40 D
19 5 9 5 L
19 6 21 6 L
19 7 9 7 L
19 8 20 39 D
19 9 18 52 U
19 10 21 10 L
19 11 20 11 L
19 12 13 33 D
19 13 7 13 L
19 14 19 14 L
19 15 31 59 U
19 16 18 38 D
19 17 18 36 D
19 18 17 56 U
19 19 17 59 U
19 20 7 20 R
19 21 20 49 U
19 22 20 22 R
19 23 15 46 D
19 24 19 53 U
19 25 16 25 R
19 26 18 51 U
19 27 22 27 R
19 28 19 41 D
19 29 21 4 L
19 30 15 53 U
19 31 12 40 D
19 33 19 17 R
19 34 18 12 L
19 35 19 5 L
19 36 19 36 D
19 37 20 37 D
19 38 19 38 D
19 39 20 18 R
19 40 17 40 D
19 41 20 16 R
19 42 20 42 D
19 43 17 16 R
19 44 20 44 D
19 45 22 45 D
19 46 18 46 D
19 47 19 0 L
19 48 16 16 R
19 49 18 49 U
19 50 19 50 U
19 51 19 24 R
19 52 15 7 L
19 53 18 53 U
19 54 20 9 L
19 55 20 55 U
19 56 21 24 R
19 57 18 57 U
19 58 19 58 U
19 59 19 59 U
19 60 19 60 U
20 0 18 49 U
20 1 21 57 U
20 2 16 39 D
20 3 5 3 L
20 4 15 4 L
20 5 20 5 L
20 6 13 6 L
20 7 14 7 L
20 8 16 8 L
20 9 19 9 L
20 10 20 10 L
20 11 17 11 L
20 12 6 12 L
20 13 25 13 L
20 14 8 14 L
20 15 34 15 L
20 16 16 47 U
20 17 17 17 R
20 18 18 46 D
20 19 17 58 U
20 20 3 20 R
20 21 14 21 R
20 22 15 2 L
20 23 15 48 U
20 24 20 24 R
20 25 20 38 D
20 26 18 26 R
20 27 20 27 R
20 28 24 28 R
20 29 22 29 R
20 30 16 48 U
20 31 16 31 R
20 33 18 5 L
20 34 20 34 D
20 35 20 35 D
20 36 0 22 R
20 37 18 21 R
20 38 20 17 R
20 39 18 18 R
20 40 19 11 L
20 41 19 19 R
20 42 19 42 D
20 43 21 43 D
20 44 22 44 D
20 45 17 10 L
20 46 18 8 L
20 47 19 47 U
20 48 9 48 U
20 49 19 24 R
20 50 18 50 U
20 51 19 51 U
20 52 3 39 D
20 53 20 53 U
20 54 18 21 R
20 55 0 14 L
20 56 21 56 U
20 57 21 7 L
20 58 21 58 U
20 59 18 59 U
20 60 21 60 U
21 0 18 46 D
21 1 18 41 D
21 2 15 34 D
21 3 18 33 D
21 4 18 4 L
21 5 21 38 D
21 6 20 6 L
21 7 0 35 D
21 8 0 38 D
21 9 15 36 D
21 10 19 10 L
21 11 19 49 U
21 12 23 37 D
21 13 25 33 D
21 14 21 14 L
21 15 34 41 D
21 16 21 36 D
21 17 21 48 U
21 18 15 4 L
21 19 21 45 D
21 20 21 56 U
21 21 17 21 R
21 22 19 22 R
21 23 29 58 U
21 24 21 41 D
21 25 18 56 U
21 26 22 35 D
21 27 19 27 R
21 28 23 4 L
21 29 20 29 R
21 30 3 37 D
21 31 28 43 D
21 33 16 1 L
21 34 21 5 L
21 35 14 18 R
21 36 19 11 L
21 37 17 1 L
21 38 19 59 U
21 39 20 39 D
21 40 20 40 D
21 41 21 41 D
21 42 22 29 R
21 43 19 43 D
21 44 7 53 U
21 45 19 45 D
21 46 18 18 R
21 47 16 35 D
21 48 20 37 D
21 49 20 1 L
21 50 16 19 R
21 51 18 6 L
21 52 21 17 R
21 53 17 3 L
21 54 18 27 R
21 55 22 0 L
21 56 22 1 L
21 57 19 57 U
21 58 1 23 R
21 59 19 21 R
21 60 22 6 L
22 0 0 17 R
22 1 19 55 U
22 2 16 21 R
22 3 20 50 U
22 4 19 36 D
22 5 21 33 D
22 6 22 58 U
22 7 22 47 U
22 8 1 8 L
22 9 16 9 L
22 10 18 10 L
22 11 21 11 L
22 12 25 12 L
22 13 21 13 L
22 14 14 14 L
22 15 24 15 L
22 16 21 40 D
22 17 21 43 D
22 18 21 44 D
22 19 22 42 D
22 20 23 39 D
22 21 20 56 U
22 22 22 34 D
22 23 30 23 R
22 24 23 55 U
22 25 24 56 U
22 26 19 26 R
22 27 22 53 U
22 28 27 54 U
22 29 22 33 D
22 30 23 33 D
22 31 26 31 R
22 33 19 6 L
22 34 8 5 L
22 35 3 20 R
22 36 22 18 R
22 37 0 11 L
22 38 3 30 R
22 39 21 59 U
22 40 22 40 D
22 41 20 13 L
22 42 22 19 R
22 43 1 13 L
22 44 4 44 D
22 45 22 16 R
22 46 0 10 L
22 47 20 20 R
22 48 15 10 L
22 49 12 7 L
22 50 19 26 R
22 51 20 51 U
22 52 5 19 R
22 53 0 1 L
22 54 20 54 U
22 55 21 55 U
22 56 22 56 U
22 57 21 57 U
22 58 22 19 R
22 59 18 31 R
22 60 20 60 U
23 0 13 56 U
23 1 22 50 U
23 2 24 48 U
23 3 15 42 D
23 4 23 40 D
23 5 19 43 D
23 6 16 52 U
23 7 23 33 D
23 8 9 8 L
23 9 23 38 D
23 10 23 50 U
23 11 25 48 U
23 12 14 12 L
23 13 26 34 D
23 14 18 14 L
23 15 34 49 U
23 16 20 43 D
23 17 21 0 L
23 18 24 1 L
23 19 9 35 D
23 20 24 44 D
23 21 24 35 D
23 22 22 41 D
23 23 26 23 R
23 24 25 24 R
23 25 25 52 U
23 26 7 51 U
23 27 23 55 U
23 28 23 28 R
23 29 23 60 U
23 30 24 30 R
23 31 13 33 D
23 33 23 16 R
23 34 22 9 L
23 35 22 47 U
23 36 10 29 R
23 37 25 18 R
23 38 19 17 R
23 39 0 25 R
23 40 18 22 R
23 41 12 13 L
23 42 23 7 L
23 43 22 43 D
23 44 23 8 L
23 45 21 22 R
23 46 25 20 R
23 47 21 10 L
23 48 24 17 R
23 49 23 24 R
23 50 21 27 R
23 51 12 10 L
23 52 23 6 L
23 53 23 1 L
23 54 23 21 R
23 55 24 0 L
23 56 16 41 D
23 57 25 2 L
23 58 17 4 L
23 59 18 25 R
23 60 23 3 L
24 0 24 54 U
24 1 25 48 U
24 2 22 45 D
24 3 23 47 U
24 4 23 4 L
24 5 23 46 D
24 6 23 6 L
24 7 25 7 L
24 8 24 50 U
24 9 19 53 U
24 10 22 10 L
24 11 5 11 L
24 12 24 12 L
24 13 26 49 U
24 14 16 14 L
24 15 35 40 D
24 16 23 34 D
24 17 25 17 R
24 18 10 43 D
24 19 23 41 D
24 20 18 44 D
24 21 2 47 U
24 22 2 6 L
24 23 31 23 R
24 24 24 24 R
24 25 23 25 R
24 26 21 46 D
24 27 11 27 R
24 28 28 28 R
24 29 23 29 R
24 30 7 30 R
24 31 28 59 U
24 33 17 47 U
24 34 24 34 D
24 35 18 31 R
24 36 23 30 R
24 37 25 37 D
24 38 25 38 D
24 39 24 17 R
24 40 24 18 R
24 41 24 41 D
24 42 24 42 D
24 43 23 16 R
24 44 24 5 L
24 45 24 45 D
24 46 24 46 D
24 47 17 5 L
24 48 25 31 R
24 49 25 49 U
24 50 24 50 U
24 51 19 26 R
24 52 24 52 U
24 53 23 53 U
24 54 23 54 U
24 55 24 55 U
24 56 24 2 L
24 57 25 57 U
24 58 25 20 R
24 59 25 59 U
24 60 25 31 R
25 0 20 0 L
25 1 23 49 U
25 2 25 52 U
25 3 23 58 U
25 4 23 59 U
25 5 24 45 D
25 6 28 57 U
25 7 24 7 L
25 8 28 34 D
25 9 24 9 L
25 10 0 40 D
25 11 6 11 L
25 12 23 12 L
25 13 26 13 L
25 14 0 27 R
25 15 31 15 L
25 16 23 42 D
25 17 18 48 U
25 18 25 36 D
25 19 6 50 U
25 20 22 56 U
25 21 24 21 R
25 22 26 22 R
25 23 26 41 D
25 24 16 24 R
25 25 15 25 R
25 26 0 13 L
25 27 26 54 U
25 28 27 43 D
25 29 10 29 R
25 30 27 53 U
25 31 7 31 R
25 33 17 31 R
25 34 24 16 R
25 35 23 19 R
25 36 24 1 L
25 37 24 37 D
25 38 24 38 D
25 39 24 20 R
25 40 23 40 D
25 41 23 19 R
25 42 24 30 R
25 43 20 12 L
25 44 17 44 D
25 45 21 45 D
25 46 23 46 D
25 47 20 3 L
25 48 21 31 R
25 49 24 49 U
25 50 22 50 U
25 51 0 11 L
25 52 19 3 L
25 53 11 29 R
25 54 26 1 L
25 55 25 1 L
25 56 8 20 R
25 57 23 28 R
25 58 24 58 U
25 59 24 59 U
25 60 27 60 U
26 0 24 37 D
26 1 26 47 U
26 2 27 34 D
26 3 2 3 L
26 4 24 24 R
26 5 11 52 U
26 6 28 6 L
26 7 14 53 U
26 8 29 8 L
26 9 22 9 L
26 10 23 35 D
26 11 28 37 D
26 12 29 34 D
26 13 19 13 L
26 14 28 14 L
26 15 30 15 L
26 16 23 43 D
26 17 26 49 U
26 18 11 18 R
26 19 26 44 D
26 20 19 6 L
26 21 27 39 D
26 22 29 52 U
26 23 28 23 R
26 24 24 55 U
26 25 0 7 L
26 26 4 26 R
26 27 16 27 R
26 28 27 58 U
26 29 26 38 D
26 30 27 30 R
26 31 29 31 R
26 33 17 20 R
26 34 25 0 L
26 35 24 29 R
26 36 26 16 R
26 37 25 16 R
26 38 26 25 R
26 39 26 17 R
26 40 26 4 L
26 41 25 10 L
26 42 17 13 L
26 43 23 13 L
26 44 27 11 L
26 45 27 19 R
26 46 27 18 R
26 47 24 18 R
26 48 26 31 R
26 49 0 34 D
26 50 26 50 U
26 51 26 2 L
26 52 27 1 L
26 53 23 8 L
26 54 21 54 U
26 55 27 2 L
26 56 25 21 R
26 57 26 57 U
26 58 26 14 L
26 59 29 24 R
26 60 29 60 U
27 0 26 36 D
27 1 27 48 U
27 2 26 51 U
27 3 6 46 D
27 4 27 47 U
27 5 27 5 L
27 6 27 57 U
27 7 28 34 D
27 8 26 8 L
27 9 20 9 L
27 10 26 10 L
27 11 28 11 L
27 12 28 12 L
27 13 27 13 L
27 14 25 37 D
27 15 35 43 D
27 16 25 41 D
27 17 26 42 D
27 18 26 40 D
27 19 27 38 D
27 20 28 20 R
27 21 27 41 D
27 22 29 22 R
27 23 17 23 R
27 24 25 49 U
27 25 26 11 L
27 26 29 26 R
27 27 26 55 U
27 28 27 28 R
27 29 29 56 U
27 30 28 30 R
27 31 28 31 R
27 33 25 56 U
27 34 27 16 R
27 35 26 35 D
27 36 26 36 D
27 37 24 31 R
27 38 26 13 L
27 39 27 39 D
27 40 27 40 D
27 41 26 41 D
27 42 27 42 D
27 43 28 19 R
27 44 28 44 D
27 45 27 45 D
27 46 27 46 D
27 47 27 17 R
27 48 24 21 R
27 49 28 1 L
27 50 7 50 U
27 51 27 51 U
27 52 27 52 U
27 53 26 2 L
27 54 24 5 L
27 55 27 55 U
27 56 28 56 U
27 57 28 19 R
27 58 27 3 L
27 59 29 59 U
27 60 25 60 U
28 0 18 58 U
28 1 26 17 R
28 2 26 56 U
28 3 27 57 U
28 4 12 4 L
28 5 20 35 D
28 6 11 54 U
28 7 2 7 L
28 8 27 8 L
28 9 29 9 L
28 10 0 31 R
28 11 25 11 L
28 12 27 12 L
28 13 28 13 L
28 14 27 14 L
28 15 35 35 D
28 16 28 33 D
28 17 24 40 D
28 18 12 50 U
28 19 26 58 U
28 20 20 20 R
28 21 7 40 D
28 22 28 22 R
28 23 22 60 U
28 24 17 24 R
28 25 31 25 R
28 26 35 58 U
28 27 0 35 D
28 28 26 28 R
28 29 25 29 R
28 30 28 58 U
28 31 16 12 L
28 33 27 23 R
28 34 25 22 R
28 35 26 28 R
28 36 29 17 R
28 37 28 37 D
28 38 28 38 D
28 39 28 19 R
28 40 0 57 U
28 41 0 54 U
28 42 26 12 L
28 43 28 43 D
28 44 27 44 D
28 45 28 45 D
28 46 26 46 D
28 47 23 27 R
28 48 19 4 L
28 49 27 49 U
28 50 19 13 L
28 51 28 0 L
28 52 21 3 L
28 53 28 53 U
28 54 26 5 L
28 55 26 55 U
28 56 27 56 U
28 57 28 57 U
28 58 28 58 U
28 59 26 30 R
28 60 28 60 U
29 0 26 39 D
29 1 28 48 U
29 2 29 53 U
29 3 28 59 U
29 4 29 59 U
29 5 25 60 U
29 6 0 53 U
29 7 11 23 R
29 8 29 46 D
29 9 8 9 L
29 10 23 10 L
29 11 5 34 D
29 12 21 41 D
29 13 28 34 D
29 14 24 14 L
29 15 35 15 L
29 16 27 35 D
29 17 30 47 U
29 18 29 42 D
29 19 24 50 U
29 20 29 36 D
29 21 31 49 U
29 22 26 34 D
29 23 20 23 R
29 24 26 51 U
29 25 25 25 R
29 26 11 26 R
29 27 30 52 U
29 28 10 47 U
29 29 27 29 R
29 30 22 30 R
29 31 29 35 D
29 33 15 0 L
29 34 28 16 R
29 35 29 26 R
29 36 29 36 D
29 37 27 20 R
29 38 26 14 L
29 39 25 39 D
29 40 29 40 D
29 41 28 41 D
29 42 29 42 D
29 43 7 8 L
29 44 24 13 L
29 45 30 20 R
29 46 29 16 R
29 47 22 47 U
29 48 27 28 R
29 49 28 10 L
29 50 26 17 R
29 51 22 9 L
29 52 28 52 U
29 53 27 22 R
29 54 30 5 L
29 55 26 8 L
29 56 30 6 L
29 57 15 20 R
29 58 29 58 U
29 59 30 4 L
29 60 30 60 U
30 0 13 53 U
30 1 5 1 L
30 2 29 39 D
30 3 15 44 D
30 4 29 49 U
30 5 20 40 D
30 6 29 54 U
30 7 27 7 L
30 8 30 51 U
30 9 30 45 D
30 10 30 60 U
30 11 31 56 U
30 12 21 39 D
30 13 24 35 D
30 14 26 59 U
30 15 30 41 D
30 16 27 36 D
30 17 21 58 U
30 18 30 18 R
30 19 21 5 L
30 20 29 44 D
30 21 30 21 R
30 22 17 22 R
30 23 24 23 R
30 24 23 24 R
30 25 30 14 L
30 26 34 26 R
30 27 1 27 R
30 28 29 45 D
30 29 29 37 D
30 30 31 34 D
30 31 29 43 D
30 33 14 0 L
30 34 30 17 R
30 35 25 31 R
30 36 25 15 L
30 37 29 55 U
30 38 30 29 R
30 39 29 1 L
30 40 0 6 L
30 41 20 19 R
30 42 0 52 U
30 43 31 18 R
30 44 30 44 D
30 45 30 45 D
30 46 28 13 L
30 47 17 33 D
30 48 29 22 R
30 49 27 19 R
30 50 30 50 U
30 51 30 29 R
30 52 25 3 L
30 53 24 28 R
30 54 30 54 U
30 55 14 3 L
30 56 30 56 U
30 57 30 4 L
30 58 25 18 R
30 59 30 59 U
30 60 31 23 R
31 0 30 47 U
31 1 4 50 U
31 2 29 51 U
31 3 30 54 U
31 4 31 58 U
31 5 30 57 U
31 6 24 55 U
31 7 26 7 L
31 8 31 37 D
31 9 30 9 L
31 10 31 10 L
31 11 27 11 L
31 12 12 12 L
31 13 24 36 D
31 14 30 14 L
31 15 15 15 L
31 16 31 48 U
31 17 29 38 D
31 18 31 40 D
31 19 32 40 D
31 20 0 33 D
31 21 32 57 U
31 22 29 60 U
31 23 31 43 D
31 24 32 50 U
31 25 0 3 L
31 26 25 26 R
31 27 32 54 U
31 28 0 11 L
31 29 0 10 L
31 30 31 30 R
31 31 30 31 R
31 33 29 0 L
31 34 31 16 R
31 35 25 27 R
31 36 14 1 L
31 37 17 53 U
31 38 29 20 R
31 39 31 31 R
31 40 31 11 L
31 41 31 23 R
31 42 32 16 R
31 43 31 43 D
31 44 27 15 L
31 45 29 45 D
31 46 15 17 R
31 47 29 9 L
31 48 30 33 D
31 49 30 30 R
31 50 30 21 R
31 51 30 22 R
31 52 30 2 L
31 53 9 31 R
31 54 29 8 L
31 55 31 7 L
31 56 30 10 L
31 57 31 57 U
31 58 31 5 L
31 59 25 24 R
31 60 30 25 R
32 0 31 48 U
32 1 0 20 R
32 2 31 49 U
32 3 31 55 U
32 4 34 51 U
32 5 32 44 D
32 6 11 6 L
32 7 6 30 R
32 8 35 38 D
32 9 33 21 R
32 10 30 42 D
32 11 25 52 U
32 13 26 33 D
32 14 29 56 U
32 15 12 15 L
32 16 31 45 D
32 17 27 59 U
32 18 5 47 U
32 19 34 42 D
32 20 25 57 U
32 21 9 21 R
32 22 32 57 U
32 23 30 53 U
32 24 34 24 R
32 25 32 25 R
32 26 33 26 R
32 27 13 27 R
32 28 35 53 U
32 29 31 29 R
32 30 19 38 D
32 31 32 55 U
32 33 30 23 R
32 34 31 34 D
32 35 31 5 L
32 36 34 18 R
32 37 31 15 L
32 38 32 18 R
32 39 29 25 R
32 40 31 14 L
32 41 34 49 U
32 42 33 42 D
32 43 21 60 U
32 44 27 10 L
32 45 31 13 L
32 46 32 15 L
32 47 4 6 L
32 48 33 18 R
32 49 32 23 R
32 50 34 0 L
32 51 31 17 R
32 52 5 30 R
32 53 32 7 L
32 54 34 1 L
32 55 32 4 L
32 56 32 21 R
32 57 32 0 L
32 58 35 3 L
32 59 0 0 L
32 60 32 24 R
33 0 32 33 D
33 1 33 1 L
33 2 12 60 U
33 3 34 47 U
33 4 27 38 D
33 5 17 5 L
33 6 36 34 D
33 7 33 7 L
33 8 31 8 L
33 9 24 48 U
33 10 33 52 U
33 13 0 27 R
33 14 13 39 D
33 15 36 45 D
33 16 32 43 D
33 17 33 42 D
33 18 19 0 L
33 19 34 39 D
33 20 21 20 R
33 21 33 60 U
33 22 11 22 R
33 23 32 23 R
33 24 33 24 R
33 25 32 37 D
33 26 32 37 D
33 27 32 50 U
33 28 8 28 R
33 29 34 29 R
33 30 1 30 R
33 31 34 31 R
33 33 33 49 U
33 34 30 34 D
33 35 34 35 D
33 36 25 36 D
33 37 34 37 D
33 38 33 38 D
33 39 34 39 D
33 40 34 40 D
33 41 35 18 R
33 42 32 42 D
33 43 32 1 L
33 44 32 25 R
33 45 32 15 L
33 46 34 46 D
33 47 24 44 D
33 48 32 48 U
33 49 32 17 R
33 50 34 50 U
33 51 33 3 L
33 52 33 31 R
33 53 33 53 U
33 54 34 54 U
33 55 32 55 U
33 56 32 56 U
33 57 33 2 L
33 58 33 58 U
33 59 32 25 R
33 60 34 60 U
34 0 33 60 U
34 1 32 53 U
34 2 32 2 L
34 3 34 41 D
34 4 0 17 R
34 5 32 5 L
34 6 36 6 L
34 7 34 53 U
34 8 36 8 L
34 9 33 9 L
34 10 25 10 L
34 13 34 13 L
34 14 32 14 L
34 15 19 15 L
34 16 33 35 D
34 17 30 51 U
34 18 32 37 D
34 19 32 46 D
34 20 33 20 R
34 21 30 60 U
34 22 32 22 R
34 23 9 55 U
34 24 33 54 U
34 25 30 25 R
34 26 36 26 R
34 27 17 27 R
34 28 25 28 R
34 29 22 45 D
34 30 0 15 L
34 31 27 54 U
34 33 34 19 R
34 34 33 29 R
34 35 31 35 D
34 36 33 36 D
34 37 33 37 D
34 38 34 38 D
34 39 33 19 R
34 40 33 40 D
34 41 35 41 D
34 42 33 9 L
34 43 35 19 R
34 44 33 44 D
34 45 32 45 D
34 46 33 46 D
34 47 33 33 D
34 48 33 2 L
34 49 34 19 R
34 50 33 50 U
34 51 33 51 U
34 52 20 15 L
34 53 34 53 U
34 54 33 54 U
34 55 34 55 U
34 56 36 21 R
34 57 33 57 U
34 58 35 58 U
34 59 8 9 L
34 60 31 3 L
35 0 35 50 U
35 1 35 47 U
35 2 22 46 D
35 3 33 53 U
35 4 35 4 L
35 5 27 52 U
35 6 7 50 U
35 9 35 49 U
35 10 0 47 U
35 14 33 51 U
35 16 32 38 D
35 17 24 41 D
35 18 35 39 D
35 19 16 2 L
35 20 36 39 D
35 21 0 2 L
35 22 31 22 R
35 23 34 51 U
35 24 31 24 R
35 25 33 25 R
35 26 13 26 R
35 27 35 35 D
35 28 13 28 R
35 30 2 30 R
35 31 28 52 U
35 33 35 19 R
35 34 32 28 R
35 35 35 16 R
35 36 28 31 R
35 37 32 19 R
35 38 33 13 L
35 39 35 9 L
35 40 32 32 R
35 41 36 19 R
35 42 33 15 L
35 43 34 43 D
35 44 37 31 R
35 45 16 45 D
35 46 28 15 L
35 47 33 23 R
35 48 31 4 L
35 49 15 26 R
35 50 34 15 L
35 51 35 1 L
35 52 4 5 L
35 53 34 21 R
35 54 21 29 R
35 56 36 56 U
35 57 37 3 L
35 58 30 31 R
35 60 25 20 R
36 0 35 36 D
36 1 34 48 U
36 2 32 58 U
36 3 6 35 D
36 4 34 20 R
36 6 36 53 U
36 9 30 43 D
36 14 35 14 L
36 16 33 50 U
36 17 35 33 D
36 18 35 47 U
36 19 11 37 D
36 20 36 1 L
36 21 37 21 R
36 23 2 14 L
36 24 31 58 U
36 25 14 56 U
36 26 35 26 R
36 30 29 30 R
36 31 15 31 R
36 33 31 24 R
36 34 0 49 U
36 35 33 2 L
36 36 16 36 D
36 37 31 30 R
36 38 36 19 R
36 39 35 8 L
36 40 34 4 L
36 41 36 41 D
36 42 35 42 D
36 43 0 15 L
36 44 34 44 D
36 45 35 16 R
36 46 37 46 D
36 47 34 47 U
36 48 35 16 R
36 49 34 17 R
36 50 27 18 R
36 51 35 6 L
36 52 32 14 L
36 53 31 1 L
36 54 25 25 R
36 56 29 56 U
36 57 36 57 U
36 58 25 58 U
37 0 22 51 U
37 1 2 40 D
37 2 31 42 D
37 3 36 54 U
37 6 36 57 U
37 16 36 46 D
37 20 37 20 R
37 21 34 21 R
37 23 4 23 R
37 24 36 24 R
37 26 32 26 R
37 31 30 6 L
37 34 11 34 D
37 40 30 6 L
37 41 34 23 R
37 43 15 43 D
37 44 38 44 D
37 45 37 45 D
37 47 36 24 R
37 48 13 6 L
37 50 29 50 U
37 51 24 9 L
37 53 36 53 U
37 54 37 54 U
37 57 30 22 R
37 58 28 20 R
38 0 37 44 D
38 44 36 44 D
38 57 37 57 U
39 0 27 0 L
40 0 35 0 L

