23 29 575
0 4 0 0 8 9 0 10 18 15 0 0 0 14 0 0 5 7
6 0 0 7 0 0 2 0 21 18 7 19 4 0 0 1 0 0
0 0 15 0 16 12 14 4 0 3 7 12 0 10 4 6 0 0
3 7 4 0 8 8 7 12 20 0 2 17 0 12 19 5 13 8
0 6 2 11 16 19 0 20 0 0 17 0 21 0 8 0 0 5
2 13 13 0 17 0 0 17 0 21 15 20 0 16 0 20 19 0
0 14 1 11 0 0 17 16 0 18 14 0 0 0 0 0 0 15
15 0 11 16 0 0 17 3 18 13 8 0 19 0 0 19 7 5
0 15 6 0 14 0 15 16 0 0 0 13 0 0 19 0 11 5
11 16 13 15 0 0 0 16 19 0 0 20 0 0 21 20 3 7
0 0 7 14 0 0 14 0 11 0 10 0 21 0 20 4 8 1
4 10 9 0 0 18 0 0 0 17 2 12 15 2 8 12 0 3
12 13 0 0 16 0 0 17 3 0 0 0 19 5 9 13 0 0
5 11 14 15 20 0 0 21 21 0 22 18 0 17 15 14 0 13
13 0 5 14 0 17 14 16 17 18 0 8 14 16 7 9 5 0
16 3 0 0 0 16 6 1 5 14 15 10 16 0 0 3 14 13
0 0 0 0 0 1 0 2 3 14 0 0 15 0 0 12 6 0
17 0 10 2 14 0 13 0 10 13 0 8 1 0 0 13 0 4
0 0 0 0 L
0 1 0 1 L
0 2 0 2 L
0 3 0 3 L
0 4 0 4 L
0 5 0 5 L
0 6 0 6 L
0 7 0 7 R
0 8 0 8 R
0 9 0 9 R
0 10 0 10 R
0 11 0 11 R
0 12 0 12 R
0 13 0 13 R
0 14 0 14 R
0 15 0 15 D
0 16 0 16 D
0 17 0 17 D
0 18 0 18 D
0 19 0 19 D
0 20 0 20 D
0 21 0 21 D
0 22 0 22 U
0 23 0 23 U
0 24 0 24 U
0 25 0 25 U
0 26 0 26 U
0 27 0 27 U
0 28 0 28 U
1 0 0 22 U
1 1 0 23 U
1 2 0 24 U
1 3 0 8 R
1 4 0 18 D
1 5 2 27 U
1 6 0 27 U
1 7 1 15 D
1 8 0 16 D
1 9 0 2 L
1 10 3 15 D
1 11 1 2 L
1 12 1 5 L
1 13 0 6 L
1 14 0 3 L
1 15 0 23 U
1 16 0 22 U
1 17 1 9 R
1 18 0 9 R
1 19 1 27 U
1 20 0 13 R
1 21 0 2 L
1 22 0 7 R
1 23 0 0 L
1 24 2 8 R
1 25 0 2 L
1 26 1 9 R
1 27 1 8 R
1 28 1 7 R
2 0 0 16 D
2 1 0 15 D
2 2 0 17 D
2 3 1 3 L
2 4 3 4 L
2 5 2 5 L
2 6 0 24 U
2 7 1 7 R
2 8 0 1 L
2 9 0 25 U
2 10 3 10 R
2 11 3 11 R
2 12 2 12 R
2 13 3 13 R
2 14 5 14 R
2 15 0 1 L
2 16 1 16 D
2 17 2 17 D
2 18 0 4 L
2 19 2 19 D
2 20 2 20 D
2 21 0 28 U
2 22 0 8 R
2 23 1 23 U
2 24 2 24 U
2 25 2 11 R
2 26 2 26 U
2 27 0 5 L
2 28 2 28 U
3 0 3 22 U
3 1 0 10 R
3 2 1 2 L
3 3 2 19 D
3 4 0 9 R
3 5 2 28 U
3 6 4 6 L
3 7 0 24 U
3 8 0 4 L
3 9 1 18 D
3 10 2 10 R
3 11 0 0 L
3 12 3 12 R
3 13 4 13 R
3 14 6 14 R
3 15 2 26 U
3 16 3 1 L
3 17 0 7 R
3 18 1 12 R
3 19 0 1 L
3 20 4 20 D
3 21 3 21 D
3 22 0 15 D
3 23 1 0 L
3 24 0 3 L
3 25 3 25 U
3 26 1 26 U
3 27 3 4 L
3 28 3 28 U
4 0 4 0 L
4 1 3 1 L
4 2 1 20 D
4 3 0 22 U
4 4 0 22 U
4 5 4 17 D
4 6 3 6 L
4 7 0 22 U
4 8 0 15 D
4 9 0 19 D
4 10 2 25 U
4 11 4 11 R
4 12 0 18 D
4 13 0 2 L
4 14 0 27 U
4 15 1 11 R
4 16 0 7 R
4 17 0 10 R
4 18 5 10 R
4 19 3 19 D
4 20 0 7 R
4 21 5 21 D
4 22 0 6 L
4 23 0 8 R
4 24 0 9 R
4 25 2 13 R
4 26 1 8 R
4 27 0 15 D
4 28 6 9 R
5 0 3 15 D
5 1 3 17 D
5 2 6 22 U
5 3 5 3 L
5 4 2 4 L
5 5 4 5 L
5 6 4 26 U
5 7 0 25 U
5 8 3 23 U
5 9 0 3 L
5 10 5 20 D
5 11 0 16 D
5 12 1 12 R
5 13 2 16 D
5 14 5 19 D
5 15 1 8 R
5 16 0 0 L
5 17 0 12 R
5 18 5 18 D
5 19 0 11 R
5 20 7 10 R
5 21 9 21 D
5 22 0 11 R
5 23 3 1 L
5 24 4 5 L
5 25 5 9 R
5 26 5 4 L
5 27 10 27 U
5 28 6 28 U
6 0 0 19 D
6 1 6 16 D
6 2 0 20 D
6 3 2 18 D
6 4 5 16 D
6 5 0 28 U
6 6 0 12 R
6 7 1 24 U
6 8 8 8 R
6 9 4 9 R
6 10 0 23 U
6 11 0 26 U
6 12 3 23 U
6 13 5 16 D
6 14 7 14 R
6 15 2 14 R
6 16 4 1 L
6 17 5 9 R
6 18 2 12 R
6 19 4 19 D
6 20 7 20 D
6 21 3 25 U
6 22 4 14 R
6 23 0 1 L
6 24 0 10 R
6 25 0 13 R
6 26 5 20 D
6 27 8 27 U
6 28 7 9 R
7 0 1 15 D
7 1 4 15 D
7 2 0 26 U
7 3 5 15 D
7 4 10 15 D
7 5 5 5 L
7 6 6 6 L
7 7 5 7 R
7 8 8 0 L
7 9 0 5 L
7 10 6 18 D
7 11 7 11 R
7 12 0 17 D
7 13 6 13 R
7 14 0 17 D
7 15 1 14 R
7 16 3 25 U
7 17 0 5 L
7 18 4 18 D
7 19 8 12 R
7 20 5 20 D
7 21 10 21 D
7 22 0 16 D
7 23 0 4 L
7 24 3 24 U
7 25 6 25 U
7 26 4 26 U
7 27 7 27 U
7 28 0 21 D
8 0 2 17 D
8 1 7 19 D
8 2 4 19 D
8 3 2 25 U
8 4 7 4 L
8 5 3 22 U
8 6 6 18 D
8 7 9 22 U
8 8 10 8 R
8 9 2 9 R
8 10 0 5 L
8 11 8 11 R
8 12 6 12 R
8 13 2 13 R
8 14 4 14 R
8 15 4 14 R
8 16 0 3 L
8 17 2 3 L
8 18 8 0 L
8 19 8 2 L
8 20 8 20 D
8 21 8 21 D
8 22 7 10 R
8 23 8 23 U
8 24 6 24 U
8 25 0 20 D
8 26 2 2 L
8 27 8 12 R
8 28 1 28 U
9 0 3 0 L
9 1 5 21 D
9 2 3 21 D
9 3 11 20 D
9 4 8 4 L
9 5 2 21 D
9 6 10 6 L
9 7 7 20 D
9 8 3 8 R
9 9 0 22 U
9 10 12 10 R
9 11 11 22 U
9 12 9 27 U
9 13 7 17 D
9 14 0 23 U
9 15 2 2 L
9 16 8 4 L
9 17 0 27 U
9 18 2 2 L
9 19 6 13 R
9 20 5 7 R
9 21 2 23 U
9 22 5 0 L
9 23 2 14 R
9 24 10 9 R
9 25 9 25 U
9 26 5 26 U
9 27 8 8 R
9 28 7 28 U
10 0 10 22 U
10 1 5 1 L
10 2 2 2 L
10 3 10 3 L
10 4 5 4 L
10 5 6 21 D
10 6 12 6 L
10 7 9 21 D
10 8 6 17 D
10 9 7 9 R
10 10 10 10 R
10 11 2 23 U
10 12 7 12 R
10 13 11 13 R
10 14 9 14 R
10 15 10 8 R
10 16 6 16 D
10 17 11 10 R
10 18 10 9 R
10 19 10 19 D
10 20 3 8 R
10 21 0 26 U
10 22 5 7 R
10 23 6 23 U
10 24 9 24 U
10 25 5 25 U
10 26 0 2 L
10 27 8 17 D
10 28 5 28 U
11 0 5 27 U
11 1 9 20 D
11 2 9 24 U
11 3 2 3 L
11 4 5 28 U
11 5 7 22 U
11 6 5 22 U
11 7 2 27 U
11 8 11 8 R
11 9 11 23 U
11 10 8 18 D
11 11 5 11 R
11 12 9 16 D
11 13 13 13 R
11 14 11 14 R
11 15 5 11 R
11 16 1 10 R
11 17 12 17 D
11 18 8 7 R
11 19 13 19 D
11 20 11 11 R
11 21 7 21 D
11 22 6 22 U
11 23 12 8 R
11 24 12 6 L
11 25 5 11 R
11 26 12 26 U
11 27 12 27 U
11 28 3 12 R
12 0 7 0 L
12 1 10 1 L
12 2 12 2 L
12 3 12 3 L
12 4 7 26 U
12 5 0 16 D
12 6 10 19 D
12 7 9 25 U
12 8 11 3 L
12 9 10 27 U
12 10 14 15 D
12 11 0 18 D
12 12 9 12 R
12 13 12 23 U
12 14 0 24 U
12 15 8 4 L
12 16 7 16 D
12 17 11 17 D
12 18 0 22 U
12 19 7 19 D
12 20 9 20 D
12 21 6 21 D
12 22 1 4 L
12 23 11 23 U
12 24 7 10 R
12 25 11 25 U
12 26 0 16 D
12 27 11 27 U
12 28 4 10 R
13 0 0 24 U
13 1 5 25 U
13 2 8 2 L
13 3 10 9 R
13 4 13 27 U
13 5 0 15 D
13 6 9 6 L
13 7 8 15 D
13 8 1 0 L
13 9 4 18 D
13 10 13 10 R
13 11 12 28 U
13 12 2 26 U
13 13 13 0 L
13 14 2 21 D
13 15 3 0 L
13 16 9 7 R
13 17 7 9 R
13 18 13 18 D
13 19 0 4 L
13 20 4 12 R
13 21 12 10 R
13 22 0 14 R
13 23 12 4 L
13 24 12 24 U
13 25 9 8 R
13 26 13 26 U
13 27 14 3 L
13 28 13 28 U
14 0 6 25 U
14 1 13 22 U
14 2 11 2 L
14 3 14 23 U
14 4 13 4 L
14 5 12 5 L
14 6 8 6 L
14 7 12 1 L
14 8 14 8 R
14 9 14 21 D
14 10 9 18 D
14 11 2 22 U
14 12 12 16 D
14 13 19 13 R
14 14 13 23 U
14 15 14 7 R
14 16 10 6 L
14 17 0 24 U
14 18 9 8 R
14 19 16 19 D
14 20 15 10 R
14 21 0 14 R
14 22 13 1 L
14 23 13 0 L
14 24 0 19 D
14 25 14 1 L
14 26 16 1 L
14 27 14 9 R
14 28 12 28 U
15 0 13 0 L
15 1 2 14 R
15 2 0 7 R
15 3 0 19 D
15 4 10 26 U
15 5 11 5 L
15 6 9 25 U
15 7 3 20 D
15 8 13 3 L
15 9 3 25 U
15 10 16 10 R
15 11 12 11 R
15 12 15 12 R
15 13 8 13 R
15 15 12 15 D
15 16 6 8 R
15 17 14 12 R
15 18 12 3 L
15 19 11 19 D
15 20 13 20 D
15 21 13 3 L
15 22 15 22 U
15 23 14 23 U
15 24 4 24 U
15 25 8 4 L
15 26 15 26 U
15 27 6 27 U
15 28 18 9 R
16 0 14 0 L
16 1 10 27 U
16 2 15 2 L
16 3 15 19 D
16 4 14 4 L
16 5 13 5 L
16 6 19 28 U
16 7 5 22 U
16 8 13 8 R
16 9 5 9 R
16 10 16 18 D
16 11 16 17 D
16 12 7 22 U
16 13 10 13 R
16 15 15 15 D
16 16 16 6 L
16 17 15 17 D
16 18 19 4 L
16 19 14 13 R
16 20 12 20 D
16 22 6 7 R
16 23 6 0 L
16 24 10 24 U
16 25 17 7 R
16 26 16 26 U
16 27 4 5 L
16 28 18 28 U
17 0 16 22 U
17 1 16 1 L
17 2 14 25 U
17 3 17 3 L
17 4 15 24 U
17 5 14 5 L
17 6 16 17 D
17 7 9 15 D
17 8 10 2 L
17 9 11 9 R
17 10 16 3 L
17 11 14 11 R
17 12 18 12 R
17 13 15 13 R
17 15 5 14 R
17 16 10 7 R
17 17 17 11 R
17 18 15 18 D
17 19 16 24 U
17 20 17 8 R
17 22 15 8 R
17 23 16 13 R
17 24 16 9 R
17 25 16 25 U
17 26 7 21 D
17 28 17 13 R
18 0 9 15 D
18 1 18 16 D
18 2 17 17 D
18 3 17 25 U
18 5 11 17 D
18 6 17 6 L
18 7 18 22 U
18 8 11 26 U
18 9 17 2 L
18 10 17 10 R
18 11 4 23 U
18 12 19 12 R
18 13 16 13 R
18 15 14 9 R
18 16 16 1 L
18 17 18 17 D
18 18 19 18 D
18 20 17 20 D
18 22 10 0 L
18 23 15 23 U
18 24 19 24 U
18 25 18 8 R
18 26 6 12 R
19 0 13 23 U
19 1 12 19 D
19 2 17 24 U
19 3 18 18 D
19 6 2 6 L
19 7 19 17 D
19 8 18 8 R
19 9 3 26 U
19 10 18 10 R
19 11 17 11 R
19 12 0 16 D
19 13 8 24 U
19 15 15 0 L
19 16 19 3 L
19 17 19 17 D
19 20 16 20 D
19 22 11 1 L
19 23 17 6 L
19 24 17 24 U
19 25 19 25 U
19 26 17 26 U
20 0 18 28 U
20 2 19 2 L
20 3 18 3 L
20 7 3 7 R
20 13 9 13 R
20 17 20 17 D
20 22 9 2 L
20 24 18 12 R
21 0 19 0 L
21 2 18 2 L
21 3 16 3 L
21 13 18 13 R
21 17 17 17 D
21 24 10 7 R
22 0 18 0 L

