12 9 82
5 0 1 0 0 9 8 5 9 0 4
8 0 7 0 0 0 0 7 6 4 5
7 0 0 0 0 6 0 0 0 9 0
0 1 0 7 0 0 4 5 3 0 3
1 4 4 1 0 8 0 0 0 0 6
0 3 0 0 0 0 5 0 0 0 8
5 0 0 1 0 0 0 6 0 0 0
0 0 3 0 0 4 0 0 0 0 10
0 9 0 0 0 0 0 0 7 0 0
0 7 0 0 0 4 0 5 11 0 10
8 0 6 10 0 0 5 11 0 9 3
0 0 0 0 L
0 1 0 1 L
0 2 0 2 R
0 3 0 3 R
0 4 0 4 R
0 5 0 5 D
0 6 0 6 D
0 7 0 7 U
0 8 0 8 U
1 0 0 6 D
1 1 0 4 R
1 2 0 5 D
1 3 0 0 L
1 5 5 5 D
1 6 4 6 D
1 7 0 2 R
1 8 5 2 R
2 0 5 5 D
2 1 6 1 L
2 2 3 5 D
2 3 6 3 R
2 5 3 1 L
2 6 1 6 D
2 7 5 1 L
2 8 0 5 D
3 0 0 7 U
3 1 0 8 U
3 2 0 7 U
3 3 2 8 U
3 4 5 7 U
3 5 0 3 R
3 6 0 0 L
3 7 5 0 L
3 8 0 3 R
4 0 2 0 L
4 1 6 6 D
4 2 0 8 U
4 3 0 6 D
4 5 0 1 L
4 6 2 6 D
4 7 3 7 U
4 8 0 1 L
5 0 0 5 D
5 1 6 1 L
5 2 6 2 R
5 3 1 3 R
5 4 0 6 D
5 5 0 8 U
5 6 0 7 U
5 7 6 6 D
5 8 4 8 U
6 0 1 6 D
6 1 7 8 U
6 2 3 7 U
6 3 5 3 R
6 4 5 4 R
6 5 0 2 R
6 6 3 2 R
6 7 0 0 L
6 8 5 8 U
7 0 1 7 U
7 1 2 5 D
7 2 6 2 R
7 3 0 8 U
7 5 6 2 R
7 6 5 2 R
7 7 4 7 U
7 8 4 0 L
8 0 2 7 U
8 1 0 6 D
8 2 7 8 U
8 3 3 5 D
8 5 6 3 R
9 0 4 8 U
9 1 1 1 L
9 2 2 5 D
9 5 2 1 L
10 0 6 0 L
10 1 2 7 U
10 5 4 0 L
11 0 0 8 U
11 1 7 1 L

