13 14 148
0 0 10 0 0 0 0 0 0 7 9
0 11 7 0 0 0 0 0 6 1 0
0 0 12 0 0 0 0 5 0 6 0
0 0 2 8 0 0 0 1 10 9 0
0 0 0 5 0 0 0 6 0 0 0
0 0 0 0 0 0 0 0 0 0 0
3 11 11 0 0 0 0 2 0 10 0
0 12 0 0 0 0 9 5 5 11 6
0 0 7 0 0 0 0 0 0 0 11
0 10 11 0 0 11 0 0 0 0 0
0 7 0 0 0 0 0 0 10 0 0
0 0 0 0 L
0 1 0 1 L
0 2 0 2 L
0 3 0 3 L
0 4 0 4 R
0 5 0 5 R
0 6 0 6 R
0 7 0 7 D
0 8 0 8 D
0 9 0 9 D
0 10 0 10 U
0 11 0 11 U
0 12 0 12 U
0 13 0 13 U
1 0 3 4 R
1 1 7 5 R
1 2 2 2 L
1 3 5 3 L
1 4 2 8 D
1 5 0 7 D
1 6 3 12 U
1 7 3 7 D
1 8 4 8 D
1 9 2 9 D
1 10 9 2 L
1 11 2 11 U
1 12 3 12 U
2 0 0 7 D
2 1 1 1 L
2 2 0 8 D
2 3 7 8 D
2 4 8 7 D
2 5 6 10 U
2 6 3 6 R
2 7 3 1 L
2 8 8 8 D
2 9 1 2 L
2 10 6 6 R
2 11 12 11 U
2 12 6 1 L
2 13 8 0 L
3 0 2 7 D
3 1 0 5 R
3 2 6 8 D
3 3 0 6 R
3 4 6 12 U
3 5 0 11 U
3 6 10 6 R
3 7 9 6 R
3 8 5 0 L
3 9 1 9 D
3 10 0 5 R
3 11 1 11 U
3 12 0 8 D
4 0 7 11 U
4 1 9 10 U
4 2 9 9 D
4 3 2 3 L
4 4 1 4 R
4 5 0 1 L
4 6 8 10 U
4 7 11 3 L
4 8 5 6 R
4 9 8 6 R
4 10 0 4 R
4 11 2 0 L
4 12 5 6 R
4 13 3 13 U
5 0 0 10 U
5 1 6 11 U
5 2 0 12 U
5 3 1 10 U
5 4 0 0 L
5 5 4 5 R
5 6 0 9 D
5 7 6 0 L
5 8 8 1 L
5 9 2 1 L
5 10 1 10 U
5 11 2 11 U
5 12 7 0 L
6 0 7 6 R
6 1 5 1 L
6 2 3 2 L
6 4 1 10 U
6 5 1 11 U
6 6 5 11 U
6 7 0 10 U
6 8 5 2 L
6 9 0 2 L
6 10 1 1 L
6 11 7 2 L
6 12 9 12 U
7 0 4 10 U
7 1 5 1 L
7 2 1 6 R
7 4 8 0 L
7 5 6 7 D
7 6 5 7 D
7 7 0 6 R
7 8 9 4 R
7 9 4 4 R
7 10 0 0 L
7 11 2 4 R
7 12 10 2 L
8 0 0 4 R
8 1 4 5 R
8 2 0 11 U
8 4 7 9 D
8 5 2 13 U
8 6 0 2 L
8 7 3 7 D
8 8 0 5 R
8 10 0 2 L
8 11 1 11 U
8 12 5 3 L
8 13 1 13 U
9 0 4 11 U
9 1 8 4 R
9 4 2 1 L
9 5 1 5 R
9 6 10 8 D
9 7 7 4 R
9 8 7 8 D
9 9 3 9 D
9 10 7 10 U
9 11 3 6 R
9 12 3 12 U
10 0 3 10 U
10 1 9 1 L
10 2 9 5 R
10 4 7 0 L
10 5 7 9 D
10 6 3 6 R
10 7 0 0 L
10 10 7 1 L
10 11 1 11 U
10 12 5 12 U
11 0 4 0 L
11 1 2 9 D
11 4 7 1 L
11 5 0 12 U
11 7 10 3 L
11 10 10 9 D
11 11 0 7 D
12 0 3 5 R
12 7 9 5 R
12 10 5 5 R

