14 4 53
2 0 0 9 2 1 0 0 0 0 0 5 0 0 0 0 4
0 0 0 0 10 0 0 0 0 10 0 0 2 0 3 6 4
5 0 0 12 0 0 11 0 0 0 0 0 0 0 7 0 3
0 0 0 0 0 0 0 0 0 1 4 2 0 0 0 0 0
0 0 0 0 1 3 0 1 0 0 0 0 0 0 0 0 2
0 0 0 3 0 0 0 0 7 0 0 0 0 0 2 2 0
0 0 0 1 0 0 0 0 0 9 0 0 0 0 0 0 4
0 0 0 1 0 0 0 0 0 0 0 0 0 0 9 2 0
0 8 0 1 0 0 6 0 0 4 7 0 0 0 0 0 0
5 0 0 12 0 0 2 0 0 0 0 7 0 0 0 0 0
5 0 0 0 1 0 0 0 0 0 0 0 0 0 0 0 0
0 0 0 1 0 1 12 0 0 0 13 0 11 0 9 0 4
10 0 0 0 0 0 0 0 0 0 0 0 8 0 0 0 0
0 0 0 0 0 0 0 1 0 11 0 8 5 0 0 0 0
3 0 0 13 0 0 0 0 0 10 0 0 0 0 0 0 0
0 0 0 0 9 10 0 0 2 7 0 4 0 0 0 0 0
0 0 0 0 0 0 0 0 0 0 0 3 2 0 0 0 0
0 0 0 0 U
0 1 0 1 R
0 2 0 2 D
0 3 0 3 L
1 0 5 0 U
1 1 0 0 U
1 2 0 1 R
1 3 0 2 D
2 0 0 2 D
2 1 3 1 R
2 2 0 3 L
2 3 0 1 R
3 0 1 0 U
3 1 0 2 D
3 2 0 0 U
3 3 0 0 U
4 0 0 3 L
4 1 0 3 L
4 2 1 2 D
4 3 3 2 D
5 0 0 1 R
5 1 6 2 D
5 2 4 2 D
5 3 2 0 U
6 0 1 3 L
6 1 4 1 R
6 2 5 2 D
6 3 3 3 L
7 0 2 0 U
7 1 5 1 R
7 2 5 3 L
7 3 1 3 L
8 0 4 0 U
8 1 2 0 U
8 2 2 2 D
8 3 3 1 R
9 0 3 3 L
9 1 3 1 R
9 2 7 2 D
9 3 3 0 U
10 0 3 1 R
10 1 5 1 R
10 2 1 3 L
10 3 7 3 L
11 0 8 0 U
11 1 1 0 U
11 2 2 2 D
11 3 7 2 D
12 0 2 1 R
12 1 8 1 R
12 3 6 3 L
13 1 11 0 U
13 3 1 3 L

