25 30 646
0 11 16 18 5 0 9 0 0 0 14 10 8 8
0 5 22 0 0 14 19 24 21 0 18 0 0 19
0 15 12 20 0 0 0 3 19 0 0 16 0 20
0 11 14 13 0 22 3 18 20 3 22 0 0 0
12 0 9 0 21 23 24 0 23 0 0 0 0 17
5 19 14 0 0 1 10 17 0 22 23 12 0 0
21 0 0 14 0 22 14 0 13 19 0 0 0 0
18 0 0 18 0 2 0 0 2 2 22 5 0 0
22 0 0 0 0 23 0 6 0 21 0 20 16 17
22 6 0 0 0 0 0 0 0 22 3 0 0 5
0 17 13 13 0 18 0 0 16 0 0 0 0 4
0 0 9 0 0 0 0 22 21 8 0 0 0 9
0 19 0 0 11 0 0 16 0 16 0 16 0 13
4 20 0 0 0 20 0 14 22 0 8 0 0 0
0 0 0 0 L
0 1 0 1 L
0 2 0 2 L
0 3 0 3 L
0 4 0 4 L
0 5 0 5 L
0 6 0 6 L
0 7 0 7 L
0 8 0 8 R
0 9 0 9 R
0 10 0 10 R
0 11 0 11 R
0 12 0 12 R
0 13 0 13 R
0 14 0 14 R
0 15 0 15 R
0 16 0 16 D
0 17 0 17 D
0 18 0 18 D
0 19 0 19 D
0 20 0 20 D
0 21 0 21 D
0 22 0 22 D
0 23 0 23 U
0 24 0 24 U
0 25 0 25 U
0 26 0 26 U
0 27 0 27 U
0 28 0 28 U
0 29 0 29 U
1 0 8 10 R
1 1 17 25 U
1 2 0 19 D
1 3 11 3 L
1 4 4 4 L
1 5 0 12 R
1 6 16 6 L
1 7 15 7 L
1 8 0 16 D
1 9 0 23 U
1 10 10 19 D
1 11 14 19 D
1 12 8 19 D
1 13 2 3 L
1 14 6 14 R
1 15 3 15 R
1 16 8 9 R
1 17 8 9 R
1 18 3 18 D
1 19 16 25 U
1 20 18 1 L
1 21 0 29 U
1 22 7 7 L
1 23 18 7 L
1 24 9 24 U
1 25 4 0 L
1 26 0 7 L
1 27 5 27 U
1 28 12 28 U
1 29 3 1 L
2 0 6 17 D
2 1 3 16 D
2 2 0 10 R
2 3 5 25 U
2 4 15 4 L
2 5 7 24 U
2 6 5 18 D
2 7 5 18 D
2 8 13 23 U
2 9 11 24 U
2 10 15 10 R
2 11 11 17 D
2 12 14 12 R
2 13 1 13 R
2 14 1 14 R
2 15 1 15 R
2 16 12 8 R
2 17 0 1 L
2 18 15 11 R
2 19 9 3 L
2 20 11 12 R
2 21 17 6 L
2 22 19 9 R
2 23 5 4 L
2 24 16 9 R
2 25 3 15 R
2 26 3 26 U
2 27 1 2 L
2 28 3 28 U
2 29 12 13 R
3 0 5 27 U
3 1 13 16 D
3 2 2 2 L
3 3 4 17 D
3 4 17 26 U
3 5 1 5 L
3 6 6 8 R
3 7 7 7 L
3 8 5 21 D
3 9 8 18 D
3 10 0 20 D
3 11 2 21 D
3 12 0 21 D
3 13 14 22 D
3 14 0 23 U
3 15 0 26 U
3 16 0 23 U
3 17 5 17 D
3 18 12 18 D
3 19 9 19 D
3 20 1 8 R
3 21 9 21 D
3 22 11 22 D
3 23 0 21 D
3 24 11 12 R
3 25 6 8 R
3 26 2 26 U
3 27 19 0 L
3 28 14 15 R
3 29 13 13 R
4 0 19 0 L
4 1 2 23 U
4 2 3 28 U
4 3 22 3 L
4 4 2 19 D
4 5 2 26 U
4 6 2 6 L
4 7 15 23 U
4 8 1 16 D
4 9 6 21 D
4 10 3 10 R
4 11 10 11 R
4 12 3 12 R
4 13 14 13 R
4 14 3 14 R
4 15 6 15 R
4 16 0 6 L
4 17 1 13 R
4 18 11 9 R
4 19 13 14 R
4 20 14 27 U
4 21 13 4 L
4 22 3 4 L
4 23 12 15 R
4 24 2 24 U
4 25 16 10 R
4 26 9 1 L
4 27 1 4 L
4 28 5 28 U
4 29 5 29 U
5 0 8 11 R
5 1 2 22 D
5 2 3 24 U
5 3 3 18 D
5 4 3 19 D
5 5 7 20 D
5 6 0 16 D
5 7 12 17 D
5 8 10 16 D
5 9 18 17 D
5 10 1 28 U
5 11 20 18 D
5 12 16 22 D
5 13 13 18 D
5 14 13 27 U
5 15 1 3 L
5 16 9 16 D
5 17 17 10 R
5 18 13 24 U
5 19 8 19 D
5 20 17 20 D
5 21 7 21 D
5 22 13 22 D
5 23 2 0 L
5 24 19 13 R
5 25 15 17 D
5 26 11 15 R
5 27 11 6 L
5 28 0 22 D
5 29 2 7 L
6 0 5 16 D
6 1 7 1 L
6 2 4 2 L
6 3 0 13 R
6 4 2 4 L
6 5 13 5 L
6 6 1 6 L
6 7 2 7 L
6 8 13 24 U
6 9 20 16 D
6 10 0 2 L
6 11 4 11 R
6 12 9 12 R
6 13 10 13 R
6 14 0 0 L
6 15 1 26 U
6 16 0 0 L
6 17 19 9 R
6 18 0 12 R
6 19 5 19 D
6 20 0 5 L
6 21 10 21 D
6 22 14 3 L
6 23 3 14 R
6 24 15 24 U
6 25 0 19 D
6 26 0 20 D
6 27 14 9 R
6 28 3 8 R
6 29 1 4 L
7 0 4 23 U
7 1 14 27 U
7 2 9 14 R
7 3 11 11 R
7 4 1 4 L
7 5 10 5 L
7 6 8 28 U
7 7 18 7 L
7 8 3 22 D
7 9 3 9 R
7 10 14 23 U
7 11 8 4 L
7 12 17 20 D
7 13 4 23 U
7 14 3 14 R
7 15 15 15 R
7 16 14 15 R
7 17 8 8 R
7 18 15 9 R
7 19 5 11 R
7 20 4 4 L
7 21 9 21 D
7 22 16 13 R
7 23 9 2 L
7 24 3 0 L
7 25 5 25 U
7 26 6 1 L
7 27 4 11 R
7 28 16 14 R
7 29 21 29 U
8 0 7 24 U
8 1 18 1 L
8 2 10 26 U
8 3 13 25 U
8 4 7 28 U
8 5 17 23 U
8 6 7 6 L
8 7 7 7 L
8 8 15 0 L
8 9 3 17 D
8 10 17 24 U
8 11 0 19 D
8 12 0 1 L
8 13 13 0 L
8 14 17 17 D
8 15 10 15 R
8 16 9 12 R
8 17 5 17 D
8 18 11 25 U
8 19 7 19 D
8 20 9 11 R
8 21 13 9 R
8 22 17 12 R
8 23 20 8 R
8 24 10 18 D
8 25 10 3 L
8 26 19 20 D
8 27 2 3 L
8 28 0 2 L
8 29 17 1 L
9 0 8 16 D
9 1 5 28 U
9 2 6 25 U
9 3 2 26 U
9 4 0 27 U
9 5 19 28 U
9 6 18 6 L
9 7 13 14 R
9 8 19 1 L
9 9 10 1 L
9 10 4 19 D
9 11 12 22 D
9 12 5 12 R
9 13 1 13 R
9 14 0 6 L
9 15 17 4 L
9 16 20 10 R
9 17 1 17 D
9 18 4 18 D
9 19 7 9 R
9 20 19 10 R
9 21 8 13 R
9 22 10 22 D
9 23 0 8 R
9 24 8 3 L
9 25 18 7 L
9 26 7 26 U
9 27 7 20 D
9 28 5 28 U
9 29 16 29 U
10 0 0 9 R
10 1 13 1 L
10 2 0 23 U
10 3 4 3 L
10 4 1 4 L
10 5 4 22 D
10 6 4 6 L
10 8 5 17 D
10 9 0 29 U
10 10 6 10 R
10 11 4 3 L
10 12 8 20 D
10 13 6 28 U
10 14 19 14 R
10 15 20 25 U
10 16 5 5 L
10 17 9 17 D
10 18 2 8 R
10 19 18 7 L
10 20 11 8 R
10 21 7 1 L
10 22 5 22 D
10 23 5 6 L
10 24 9 24 U
10 25 12 1 L
10 26 12 4 L
10 27 15 1 L
10 28 15 6 L
10 29 6 19 D
11 0 0 16 D
11 1 0 8 R
11 2 16 18 D
11 3 7 3 L
11 4 15 26 U
11 5 7 17 D
11 6 1 23 U
11 7 10 17 D
11 8 8 23 U
11 9 1 9 R
11 10 0 1 L
11 11 13 17 D
11 12 6 20 D
11 13 1 13 R
11 14 15 14 R
11 15 7 7 L
11 16 15 0 L
11 17 5 9 R
11 18 10 5 L
11 19 0 4 L
11 20 17 20 D
11 21 4 12 R
11 22 5 22 D
11 23 0 16 D
11 24 20 24 U
11 25 0 1 L
11 26 2 3 L
11 27 12 27 U
11 28 9 0 L
11 29 5 29 U
12 0 19 24 U
12 1 8 26 U
12 2 21 16 D
12 3 1 3 L
12 4 2 20 D
12 5 6 14 R
12 6 2 29 U
12 8 0 18 D
12 9 17 9 R
12 10 18 25 U
12 11 9 28 U
12 12 24 27 U
12 13 8 23 U
12 14 0 25 U
12 15 2 28 U
12 16 0 8 R
12 17 19 7 L
12 18 16 12 R
12 19 16 9 R
12 20 15 20 D
12 21 13 21 D
12 22 5 22 D
12 23 10 9 R
12 24 11 9 R
12 25 0 14 R
12 26 8 2 L
12 27 3 21 D
12 28 17 1 L
12 29 19 11 R
13 0 9 22 D
13 1 9 28 U
13 2 15 11 R
13 3 16 23 U
13 4 7 21 D
13 5 1 5 L
13 6 4 6 L
13 7 5 28 U
13 8 12 20 D
13 9 6 23 U
13 10 0 28 U
13 11 19 27 U
13 12 5 24 U
13 13 11 29 U
13 14 9 22 D
13 15 6 15 R
13 16 10 6 L
13 17 9 13 R
13 18 1 26 U
13 19 0 11 R
13 20 10 2 L
13 21 19 15 R
13 22 9 26 U
13 23 0 0 L
13 24 3 24 U
13 25 0 3 L
13 26 1 14 R
13 27 2 15 R
13 28 2 28 U
13 29 6 29 U
14 0 5 20 D
14 1 13 20 D
14 2 9 2 L
14 3 13 8 R
14 4 12 29 U
14 5 18 5 L
14 6 12 6 L
14 7 17 16 D
14 8 13 8 R
14 9 1 9 R
14 10 7 1 L
14 11 4 25 U
14 12 0 17 D
14 13 18 27 U
14 14 1 28 U
14 15 18 29 U
14 16 12 2 L
14 17 15 2 L
14 18 16 6 L
14 19 13 26 U
14 20 19 3 L
14 21 9 5 L
14 22 13 12 R
14 23 5 0 L
14 24 1 7 L
14 25 11 3 L
14 26 5 9 R
14 27 0 12 R
14 28 5 28 U
14 29 3 29 U
15 0 10 8 R
15 1 12 24 U
15 2 8 2 L
15 3 8 24 U
15 4 10 4 L
15 5 2 5 L
15 6 18 6 L
15 7 18 7 L
15 8 6 18 D
15 9 12 23 U
15 10 7 18 D
15 11 1 11 R
15 12 18 26 U
15 13 1 22 D
15 14 9 7 L
15 15 10 15 R
15 16 13 14 R
15 17 4 8 R
15 18 4 10 R
15 19 20 10 R
15 20 3 20 D
15 21 0 12 R
15 22 2 22 D
15 23 6 16 D
15 24 9 2 L
15 25 13 5 L
15 27 3 27 U
15 28 0 0 L
16 0 0 18 D
16 1 14 17 D
16 2 17 19 D
16 3 11 29 U
16 4 5 25 U
16 5 1 5 L
16 6 5 20 D
16 7 6 27 U
16 8 0 0 L
16 9 19 3 L
16 10 14 26 U
16 11 9 21 D
16 12 3 12 R
16 13 10 13 R
16 14 23 29 U
16 15 1 15 R
16 16 0 9 R
16 17 0 25 U
16 18 3 13 R
16 19 1 19 D
16 20 9 12 R
16 21 2 21 D
16 22 12 27 U
16 23 14 10 R
16 24 11 11 R
16 25 14 11 R
16 26 3 8 R
16 27 8 5 L
16 28 5 28 U
17 0 2 27 U
17 1 5 24 U
17 2 0 25 U
17 3 24 3 L
17 4 1 4 L
17 5 19 5 L
17 8 1 17 D
17 9 12 25 U
17 10 21 4 L
17 11 15 21 D
17 12 14 28 U
17 13 18 24 U
17 14 4 25 U
17 15 3 15 R
17 16 7 16 D
17 17 1 12 R
17 18 6 2 L
17 19 1 19 D
17 20 22 9 R
17 21 1 21 D
17 22 15 22 D
17 23 1 1 L
17 24 18 16 D
17 25 11 12 R
17 26 5 10 R
17 27 15 27 U
17 28 3 5 L
17 29 2 12 R
18 0 19 18 D
18 1 9 29 U
18 2 17 12 R
18 3 6 26 U
18 4 7 24 U
18 5 3 5 L
18 8 4 20 D
18 9 10 28 U
18 10 3 10 R
18 11 2 11 R
18 12 6 12 R
18 13 4 28 U
18 14 19 25 U
18 15 8 18 D
18 16 12 6 L
18 17 1 7 L
18 18 13 11 R
18 19 21 0 L
18 21 10 2 L
18 22 17 22 D
18 23 17 23 U
18 25 0 5 L
18 26 0 13 R
18 27 3 14 R
18 28 17 28 U
19 1 0 11 R
19 2 7 23 U
19 3 0 14 R
19 4 9 16 D
19 5 17 18 D
19 6 4 21 D
19 7 10 27 U
19 8 14 8 R
19 9 8 20 D
19 10 1 19 D
19 11 2 11 R
19 12 1 27 U
19 13 1 13 R
19 14 20 24 U
19 15 14 24 U
19 16 18 10 R
19 17 2 14 R
19 18 1 18 D
19 19 15 10 R
19 21 1 3 L
19 23 14 12 R
19 24 2 8 R
19 25 10 11 R
19 27 21 10 R
19 28 0 21 D
20 0 2 9 R
20 1 1 25 U
20 2 18 29 U
20 3 10 3 L
20 4 0 21 D
20 5 3 20 D
20 6 9 23 U
20 8 1 0 L
20 9 14 5 L
20 10 6 10 R
20 11 9 11 R
20 12 2 25 U
20 14 7 17 D
20 16 7 26 U
20 17 7 2 L
20 18 18 2 L
20 19 0 7 L
20 21 1 10 R
20 23 16 1 L
20 24 8 0 L
20 25 1 25 U
20 28 2 21 D
20 29 21 0 L
21 1 6 19 D
21 2 10 10 R
21 3 4 3 L
21 5 16 5 L
21 8 14 28 U
21 9 14 9 R
21 10 10 10 R
21 12 18 12 R
21 14 10 14 R
21 17 1 9 R
21 18 23 14 R
21 19 3 4 L
21 20 13 15 R
21 23 22 13 R
21 25 16 4 L
21 28 5 13 R
22 1 15 26 U
22 2 19 2 L
22 3 21 17 D
22 5 1 24 U
22 8 20 4 L
22 9 20 6 L
22 10 8 10 R
22 12 20 25 U
22 14 7 14 R
22 17 7 9 R
22 18 8 18 D
22 19 2 5 L
22 25 5 25 U
22 28 0 15 R
23 1 14 23 U
23 3 4 3 L
23 10 20 20 D
23 14 10 14 R
23 19 17 5 L
23 25 21 25 U
24 10 9 22 D
24 14 1 14 R
24 19 11 5 L
24 25 0 10 R

