11 13 116
9 3 0 2 0 2 7 0 4 3
7 8 8 0 0 9 0 9 9 0
1 0 0 0 0 6 0 0 7 0
3 5 7 0 0 5 0 0 0 4
8 7 0 0 10 0 4 4 0 6
8 0 0 3 0 0 7 0 6 0
0 6 0 0 0 0 7 6 0 0
1 4 0 0 8 6 4 0 4 4
5 9 0 7 0 2 3 0 6 1
4 0 6 0 5 6 0 9 1 0
0 0 0 0 L
0 1 0 1 L
0 2 0 2 L
0 3 0 3 R
0 4 0 4 R
0 5 0 5 R
0 6 0 6 R
0 7 0 7 D
0 8 0 8 D
0 9 0 9 D
0 10 0 10 U
0 11 0 11 U
0 12 0 12 U
1 0 6 7 D
1 1 2 11 U
1 2 5 10 U
1 3 0 11 U
1 4 0 10 U
1 5 2 7 D
1 6 0 9 D
1 7 5 1 L
1 8 3 5 R
1 9 2 9 D
1 10 0 3 R
1 11 3 11 U
1 12 0 2 L
2 0 0 10 U
2 1 0 4 R
2 2 0 7 D
2 3 0 12 U
2 4 7 12 U
2 5 5 12 U
2 6 4 6 R
2 7 0 10 U
2 8 3 0 L
2 9 6 4 R
2 10 3 10 U
2 11 3 8 D
2 12 4 1 L
3 0 5 9 D
3 1 4 1 L
3 2 8 3 R
3 3 0 7 D
3 4 1 9 D
3 5 5 5 R
3 6 1 10 U
3 7 1 7 D
3 8 0 1 L
3 9 1 9 D
3 10 0 6 R
3 11 4 2 L
3 12 5 6 R
4 0 2 0 L
4 1 1 10 U
4 2 1 2 L
4 3 2 11 U
4 4 0 8 D
4 5 0 1 L
4 7 1 3 R
4 8 0 0 L
4 9 2 2 L
4 10 1 10 U
4 11 3 0 L
4 12 5 9 D
5 0 2 5 R
5 1 0 9 D
5 2 0 8 D
5 3 3 0 L
5 4 7 11 U
5 5 6 5 R
5 7 3 7 D
5 8 0 5 R
5 9 1 1 L
5 10 0 4 R
5 11 6 3 R
5 12 8 1 L
6 0 5 7 D
6 1 1 1 L
6 2 3 2 L
6 3 4 3 R
6 4 5 10 U
6 5 1 8 D
6 7 0 3 R
6 8 8 4 R
6 9 0 12 U
6 10 0 0 L
6 11 4 11 U
6 12 1 12 U
7 0 2 10 U
7 1 5 7 D
7 2 2 8 D
7 3 1 3 R
7 4 6 4 R
7 5 1 5 R
7 7 4 1 L
7 8 8 8 D
7 9 1 10 U
7 10 6 6 R
7 11 0 2 L
7 12 3 3 R
8 0 4 8 D
8 1 1 11 U
8 2 5 9 D
8 3 7 2 L
8 7 0 4 R
8 8 7 3 R
8 9 1 9 D
8 10 1 5 R
8 11 2 5 R
9 0 0 3 R
9 2 3 2 L
9 3 0 2 L
9 4 8 4 R
9 7 6 3 R
9 10 4 3 R
10 0 0 9 D

