35 45 1372
22 4 15 30 23 0 8 9 21 0 0 0 11 0 0 0 0 0 0 9
9 10 16 0 30 0 0 0 0 33 0 11 0 0 0 0 0 0 0 34
20 24 7 4 31 0 0 16 0 0 0 0 0 0 0 29 0 28 10 31
29 29 23 24 25 0 7 2 0 0 0 0 0 0 0 8 8 13 27 14
0 0 16 6 0 0 28 0 12 0 31 5 23 30 0 0 0 0 8 0
0 0 25 7 0 24 2 0 31 11 31 3 0 0 31 0 0 0 0 30
0 0 22 31 26 0 6 0 0 0 0 0 31 0 0 14 0 0 29 0
0 0 0 24 0 18 14 0 0 0 0 32 32 0 28 0 25 0 0 0
0 0 0 0 28 0 7 27 0 0 0 24 0 0 31 6 0 0 0 0
0 0 0 9 13 0 24 14 0 0 0 8 0 15 32 0 25 15 0 0
0 0 0 26 0 16 15 0 0 34 0 8 29 31 0 30 20 0 0 0
15 20 29 2 29 0 20 29 0 16 25 6 0 0 0 0 0 0 12 34
15 1 30 9 26 0 0 26 0 33 14 14 19 11 0 0 0 0 30 0
8 16 14 0 30 20 31 26 0 23 14 0 31 1 29 0 6 0 22 0
23 16 0 24 0 0 20 0 0 0 0 0 26 0 0 0 0 0 27 0
3 14 29 2 0 7 0 0 0 6 29 5 30 15 28 0 0 0 0 21
7 8 2 8 27 0 25 0 0 6 26 12 1 0 0 21 0 0 12 32
23 0 29 0 28 16 20 0 0 10 0 12 0 32 0 0 0 0 0 25
0 1 7 21 0 7 22 0 0 8 0 14 0 31 13 0 6 0 23 14
7 0 29 0 0 21 10 22 30 0 4 29 0 28 0 0 1 5 27 25
0 0 0 0 R
0 1 0 1 R
0 2 0 2 R
0 3 0 3 R
0 4 0 4 R
0 5 0 5 R
0 6 0 6 R
0 7 0 7 R
0 8 0 8 R
0 9 0 9 R
0 10 0 10 R
0 11 0 11 U
0 12 0 12 U
0 13 0 13 U
0 14 0 14 U
0 15 0 15 U
0 16 0 16 U
0 17 0 17 U
0 18 0 18 U
0 19 0 19 U
0 20 0 20 U
0 21 0 21 U
0 22 0 22 U
0 23 0 23 D
0 24 0 24 D
0 25 0 25 D
0 26 0 26 D
0 27 0 27 D
0 28 0 28 D
0 29 0 29 D
0 30 0 30 D
0 31 0 31 D
0 32 0 32 D
0 33 0 33 D
0 34 0 34 L
0 35 0 35 L
0 36 0 36 L
0 37 0 37 L
0 38 0 38 L
0 39 0 39 L
0 40 0 40 L
0 41 0 41 L
0 42 0 42 L
0 43 0 43 L
0 44 0 44 L
1 0 11 11 U
1 1 12 15 U
1 2 18 40 L
1 3 5 13 U
1 4 5 38 L
1 5 4 5 R
1 6 19 27 D
1 7 22 17 U
1 8 0 19 U
1 9 6 9 R
1 10 11 10 R
1 11 21 35 L
1 12 12 35 L
1 13 21 7 R
1 14 9 14 U
1 15 17 9 R
1 16 7 8 R
1 17 13 42 L
1 18 7 18 U
1 19 3 19 U
1 20 11 1 R
1 21 6 35 L
1 22 7 22 U
1 23 0 13 U
1 24 6 34 L
1 25 0 3 R
1 26 20 0 R
1 27 7 27 D
1 28 0 17 U
1 29 0 8 R
1 30 25 6 R
1 31 7 31 D
1 32 9 32 D
1 33 5 33 D
1 34 16 14 U
1 35 11 14 U
1 36 0 24 D
1 37 7 25 D
1 38 18 13 U
1 39 6 39 L
1 40 10 40 L
1 41 19 16 U
1 42 21 42 L
1 43 4 43 L
1 44 3 44 L
2 0 15 19 U
2 1 5 35 L
2 2 22 13 U
2 3 6 13 U
2 4 21 23 D
2 5 1 5 R
2 6 27 6 R
2 7 9 22 U
2 8 26 16 U
2 9 20 33 D
2 10 0 20 U
2 11 0 26 D
2 12 12 34 L
2 13 13 2 R
2 14 5 14 U
2 15 24 5 R
2 16 18 5 R
2 17 21 43 L
2 18 14 18 U
2 19 0 29 D
2 20 8 20 U
2 21 12 10 R
2 22 7 22 U
2 23 8 40 L
2 24 21 37 L
2 25 1 25 D
2 26 19 26 D
2 27 0 14 U
2 28 12 28 D
2 29 9 29 D
2 30 4 30 D
2 31 5 31 D
2 32 9 34 L
2 33 3 33 D
2 34 12 25 D
2 35 25 24 D
2 36 10 25 D
2 37 6 37 L
2 38 10 26 D
2 39 19 39 L
2 40 10 40 L
2 41 6 41 L
2 42 1 42 L
2 43 6 43 L
2 44 0 31 D
3 0 0 24 D
3 1 5 13 U
3 2 11 16 U
3 3 2 21 U
3 4 2 26 D
3 5 0 14 U
3 6 12 38 L
3 7 9 7 R
3 8 21 20 U
3 9 15 9 R
3 10 13 10 R
3 11 12 3 R
3 12 6 34 L
3 13 9 1 R
3 14 0 37 L
3 15 20 15 U
3 16 2 10 R
3 17 1 17 U
3 18 9 18 U
3 19 24 19 U
3 20 2 6 R
3 21 2 21 U
3 22 2 22 U
3 23 12 2 R
3 24 16 1 R
3 25 1 10 R
3 26 23 26 D
3 27 15 37 L
3 28 21 2 R
3 29 7 29 D
3 30 21 8 R
3 31 20 31 D
3 32 1 32 D
3 33 19 33 D
3 34 0 17 U
3 35 7 12 U
3 36 9 15 U
3 37 25 14 U
3 38 13 38 L
3 39 10 28 D
3 40 20 23 D
3 41 6 11 U
3 42 2 42 L
3 43 8 16 U
3 44 19 18 U
4 0 8 15 U
4 1 1 15 U
4 2 25 20 U
4 3 19 29 D
4 4 10 4 R
4 5 10 5 R
4 6 2 6 R
4 7 7 26 D
4 8 17 8 R
4 9 14 13 U
4 10 1 10 R
4 11 0 23 D
4 12 10 1 R
4 13 21 3 R
4 14 3 44 L
4 15 13 10 R
4 16 6 1 R
4 17 6 39 L
4 18 12 9 R
4 19 13 44 L
4 20 9 20 U
4 21 1 42 L
4 22 23 22 U
4 23 14 9 R
4 24 8 24 D
4 25 11 25 D
4 26 18 3 R
4 27 15 3 R
4 28 3 0 R
4 29 24 40 L
4 30 2 30 D
4 31 1 31 D
4 32 2 36 L
4 33 20 44 L
4 34 2 23 D
4 35 6 35 L
4 36 19 13 U
4 37 6 20 U
4 38 16 28 D
4 39 17 39 L
4 40 14 40 L
4 41 15 28 D
4 42 1 42 L
4 43 15 43 L
4 44 10 44 L
5 0 23 24 D
5 1 0 34 L
5 2 19 11 U
5 3 20 26 D
5 4 20 11 U
5 5 0 28 D
5 6 0 26 D
5 7 2 7 R
5 8 15 30 D
5 9 12 9 R
5 10 0 42 L
5 11 18 36 L
5 12 21 7 R
5 13 12 36 L
5 14 7 14 U
5 15 2 2 R
5 16 12 42 L
5 17 20 0 R
5 18 0 8 R
5 19 20 6 R
5 20 15 41 L
5 21 2 35 L
5 22 7 22 U
5 23 24 11 U
5 24 0 34 L
5 25 2 25 D
5 26 27 26 D
5 27 19 6 R
5 28 1 16 U
5 29 18 38 L
5 30 3 9 R
5 31 2 43 L
5 32 3 32 D
5 33 7 33 D
5 34 3 23 D
5 35 19 22 U
5 36 0 27 D
5 37 6 5 R
5 38 0 4 R
5 39 3 11 U
5 40 12 40 L
5 41 3 19 U
5 42 22 42 L
5 43 22 30 D
5 44 0 20 U
6 0 26 25 D
6 1 20 11 U
6 2 2 2 R
6 3 15 16 U
6 4 2 4 R
6 5 2 5 R
6 6 17 6 R
6 7 4 7 R
6 8 10 31 D
6 9 21 9 R
6 10 1 20 U
6 11 20 34 L
6 12 10 2 R
6 13 18 13 U
6 14 0 25 D
6 15 16 3 R
6 16 30 35 L
6 17 5 38 L
6 18 18 40 L
6 19 3 19 U
6 20 0 10 R
6 21 2 9 R
6 22 27 42 L
6 23 0 35 L
6 24 0 39 L
6 25 14 0 R
6 26 4 3 R
6 27 0 37 L
6 28 16 43 L
6 29 7 29 D
6 30 9 9 R
6 31 15 4 R
6 32 1 10 R
6 33 8 33 D
6 34 5 18 U
6 35 24 23 D
6 36 10 12 U
6 37 0 5 R
6 38 17 25 D
6 39 8 39 L
6 40 0 15 U
6 41 14 41 L
6 42 1 27 D
6 43 11 16 U
6 44 15 44 L
7 0 23 34 L
7 1 27 14 U
7 2 3 2 R
7 3 21 3 R
7 4 23 22 U
7 5 0 15 U
7 6 11 28 D
7 7 19 25 D
7 8 17 31 D
7 9 12 24 D
7 10 24 12 U
7 11 16 1 R
7 12 9 4 R
7 13 14 13 U
7 14 16 14 U
7 15 1 15 U
7 16 6 5 R
7 17 8 17 U
7 18 15 18 U
7 19 1 19 U
7 20 10 20 U
7 21 8 21 U
7 22 9 22 U
7 23 13 0 R
7 24 0 11 U
7 25 29 1 R
7 26 1 26 D
7 27 19 0 R
7 28 8 1 R
7 29 9 39 L
7 30 3 30 D
7 31 0 5 R
7 32 28 32 D
7 33 2 33 D
7 34 1 29 D
7 35 6 29 D
7 36 8 2 R
7 37 0 14 U
7 38 3 24 D
7 39 6 39 L
7 40 4 40 L
7 41 0 25 D
7 42 5 9 R
7 43 5 43 L
7 44 5 21 U
8 0 25 21 U
8 1 25 1 R
8 2 30 25 D
8 3 2 3 R
8 4 17 29 D
8 5 10 32 D
8 6 15 29 D
8 7 10 7 R
8 8 1 22 U
8 9 18 31 D
8 10 4 30 D
8 11 0 5 R
8 12 4 3 R
8 13 1 34 L
8 14 9 14 U
8 15 2 0 R
8 16 5 16 U
8 17 1 17 U
8 18 4 18 U
8 19 16 19 U
8 20 2 9 R
8 21 1 21 U
8 22 14 9 R
8 23 0 12 U
8 24 2 24 D
8 25 3 2 R
8 26 1 0 R
8 27 14 27 D
8 28 23 28 D
8 29 19 7 R
8 30 10 44 L
8 31 5 31 D
8 32 9 32 D
8 33 14 42 L
8 34 6 15 U
8 35 3 12 U
8 36 11 30 D
8 37 7 23 D
8 38 4 23 D
8 39 4 39 L
8 40 2 40 L
8 41 14 41 L
8 42 14 33 D
8 43 20 11 U
8 44 6 44 L
9 0 5 21 U
9 1 0 35 L
9 2 6 30 D
9 3 2 3 R
9 4 30 15 U
9 5 15 39 L
9 6 1 6 R
9 7 11 24 D
9 8 4 15 U
9 9 13 9 R
9 10 1 10 R
9 11 0 36 L
9 12 14 12 U
9 13 5 35 L
9 14 11 6 R
9 15 14 41 L
9 16 4 16 U
9 17 3 17 U
9 18 1 18 U
9 19 13 19 U
9 20 8 20 U
9 21 8 21 U
9 22 3 22 U
9 23 0 1 R
9 24 12 24 D
9 25 7 25 D
9 26 14 26 D
9 27 27 1 R
9 28 27 0 R
9 29 14 29 D
9 30 1 30 D
9 31 0 41 L
9 32 7 32 D
9 33 0 22 U
9 34 4 24 D
9 35 23 32 D
9 36 5 31 D
9 37 19 7 R
9 38 0 23 D
9 39 11 11 U
9 40 6 21 U
9 41 26 20 U
9 42 13 18 U
9 43 3 43 L
9 44 27 44 L
10 0 22 12 U
10 1 6 27 D
10 2 0 34 L
10 3 22 20 U
10 4 24 18 U
10 5 0 12 U
10 6 2 13 U
10 7 15 7 R
10 8 8 8 R
10 9 2 18 U
10 10 0 18 U
10 11 20 23 D
10 12 9 9 R
10 13 5 2 R
10 14 8 39 L
10 15 8 25 D
10 16 18 4 R
10 17 22 7 R
10 18 2 38 L
10 19 7 5 R
10 20 7 20 U
10 21 0 44 L
10 22 9 22 U
10 23 9 23 D
10 24 1 0 R
10 25 19 4 R
10 26 16 37 L
10 27 8 27 D
10 28 2 41 L
10 29 9 29 D
10 30 3 30 D
10 31 0 44 L
10 32 2 17 U
10 33 0 8 R
10 34 12 23 D
10 35 6 35 L
10 36 13 23 D
10 37 24 26 D
10 38 13 38 L
10 39 30 39 L
10 40 11 18 U
10 41 11 41 L
10 42 11 42 L
10 43 6 29 D
10 44 13 29 D
11 0 29 27 D
11 1 23 14 U
11 2 5 15 U
11 3 6 35 L
11 4 1 4 R
11 5 13 5 R
11 6 23 12 U
11 7 26 27 D
11 8 20 8 R
11 9 21 9 R
11 10 3 10 R
11 11 0 42 L
11 12 20 34 L
11 13 0 34 L
11 14 25 2 R
11 15 3 39 L
11 16 28 38 L
11 17 23 36 L
11 18 26 10 R
11 19 21 3 R
11 20 28 6 R
11 21 8 35 L
11 22 16 6 R
11 23 1 2 R
11 24 25 34 L
11 25 17 35 L
11 26 10 38 L
11 27 27 39 L
11 28 0 6 R
11 29 13 3 R
11 30 15 0 R
11 31 0 10 R
11 32 9 8 R
11 33 21 8 R
11 34 1 32 D
11 35 5 25 D
11 36 13 36 L
11 37 1 37 L
11 38 6 38 L
11 39 17 26 D
11 40 6 40 L
11 41 4 41 L
11 42 0 19 U
11 43 9 43 L
11 44 1 44 L
12 0 0 23 D
12 1 28 24 D
12 2 28 22 U
12 3 17 3 R
12 4 18 32 D
12 5 0 43 L
12 6 26 6 R
12 7 0 38 L
12 8 10 8 R
12 9 15 30 D
12 10 28 26 D
12 11 4 34 L
12 12 0 40 L
12 13 5 27 D
12 14 7 7 R
12 15 20 15 U
12 16 18 43 L
12 17 23 17 U
12 18 10 39 L
12 19 28 19 U
12 20 8 40 L
12 21 3 21 U
12 22 8 22 U
12 23 8 12 U
12 24 19 8 R
12 25 13 43 L
12 26 0 38 L
12 27 1 38 L
12 28 9 28 D
12 29 7 29 D
12 30 13 41 L
12 31 5 31 D
12 32 10 0 R
12 33 13 34 L
12 34 13 25 D
12 35 24 17 U
12 36 21 12 U
12 37 6 2 R
12 38 4 12 U
12 39 15 12 U
12 40 25 13 U
12 41 28 13 U
12 42 19 15 U
12 43 17 18 U
12 44 5 44 L
13 0 0 36 L
13 1 22 12 U
13 2 11 2 R
13 3 4 32 D
13 4 0 16 U
13 5 8 5 R
13 6 6 26 D
13 7 12 40 L
13 8 20 19 U
13 9 28 25 D
13 10 29 29 D
13 11 5 0 R
13 12 2 0 R
13 13 4 40 L
13 14 19 43 L
13 15 18 3 R
13 16 27 16 U
13 17 2 7 R
13 18 20 7 R
13 19 11 36 L
13 20 2 20 U
13 21 1 21 U
13 22 14 4 R
13 23 18 23 D
13 24 0 40 L
13 25 27 3 R
13 26 6 26 D
13 27 2 4 R
13 28 11 10 R
13 29 9 29 D
13 30 16 16 U
13 31 10 1 R
13 32 25 0 R
13 33 6 44 L
13 34 16 23 D
13 35 0 2 R
13 36 8 11 U
13 37 15 16 U
13 38 21 32 D
13 39 17 12 U
13 40 7 26 D
13 41 14 31 D
13 42 8 21 U
13 43 22 12 U
13 44 11 17 U
14 0 1 13 U
14 1 5 31 D
14 2 31 2 R
14 3 2 15 U
14 4 24 15 U
14 5 18 5 R
14 6 24 6 R
14 7 0 36 L
14 8 0 17 U
14 9 0 22 U
14 10 1 10 R
14 11 28 0 R
14 12 33 12 U
14 13 0 24 D
14 14 13 10 R
14 15 17 38 L
14 16 18 16 U
14 17 6 17 U
14 19 9 19 U
14 20 0 30 D
14 21 8 21 U
14 22 10 10 R
14 23 0 0 R
14 24 25 24 D
14 25 4 44 L
14 26 7 26 D
14 27 8 41 L
14 28 3 28 D
14 29 23 29 D
14 30 31 37 L
14 31 3 14 U
14 32 8 32 D
14 33 3 33 D
14 34 4 20 U
14 35 18 0 R
14 36 23 2 R
14 37 11 11 U
14 38 21 23 D
14 39 0 29 D
14 40 13 30 D
14 41 32 14 U
14 42 18 23 D
14 43 12 14 U
14 44 26 16 U
15 0 0 11 U
15 1 22 18 U
15 2 18 24 D
15 3 8 17 U
15 4 12 32 D
15 5 6 23 D
15 6 0 39 L
15 7 5 29 D
15 8 0 29 D
15 9 8 9 R
15 10 20 10 R
15 11 0 7 R
15 12 2 40 L
15 13 16 1 R
15 14 9 36 L
15 15 4 1 R
15 16 3 3 R
15 17 23 3 R
15 18 14 18 U
15 19 8 42 L
15 20 4 20 U
15 21 4 21 U
15 22 11 6 R
15 23 7 23 D
15 24 7 36 L
15 25 18 2 R
15 26 14 5 R
15 27 9 27 D
15 28 7 28 D
15 29 3 29 D
15 30 25 39 L
15 31 29 9 R
15 32 19 3 R
15 34 3 11 U
15 35 6 11 U
15 36 24 11 U
15 37 11 31 D
15 38 23 8 R
15 39 9 11 U
15 40 0 28 D
15 41 4 33 D
15 42 4 42 L
15 43 11 13 U
15 44 2 44 L
16 0 7 32 D
16 1 20 28 D
16 2 1 12 U
16 3 9 20 U
16 4 1 26 D
16 5 1 18 U
16 6 20 16 U
16 8 20 33 D
16 9 4 9 R
16 10 0 41 L
16 11 9 1 R
16 12 25 0 R
16 13 6 1 R
16 14 3 14 U
16 15 15 35 L
16 16 2 1 R
16 18 10 18 U
16 19 22 7 R
16 20 14 4 R
16 21 0 30 D
16 22 9 22 U
16 23 1 5 R
16 24 15 35 L
16 25 5 39 L
16 26 14 2 R
16 27 13 27 D
16 28 7 28 D
16 29 12 2 R
16 30 14 30 D
16 31 8 0 R
16 32 21 16 U
16 34 0 11 U
16 35 0 25 D
16 36 9 13 U
16 37 11 26 D
16 38 3 27 D
16 39 17 15 U
16 40 26 27 D
16 41 27 19 U
16 42 4 42 L
16 43 9 15 U
16 44 29 33 D
17 0 0 13 U
17 1 0 25 D
17 2 27 25 D
17 3 19 26 D
17 4 1 4 R
17 5 12 12 U
17 6 2 6 R
17 7 1 32 D
17 8 1 24 D
17 9 2 9 R
17 10 2 10 R
17 11 13 37 L
17 12 10 23 D
17 13 7 5 R
17 14 2 14 U
17 15 8 2 R
17 16 14 7 R
17 17 8 38 L
17 18 15 41 L
17 19 14 19 U
17 20 21 35 L
17 21 6 6 R
17 22 14 2 R
17 23 15 34 L
17 24 16 6 R
17 25 5 3 R
17 26 16 38 L
17 27 2 3 R
17 28 32 39 L
17 29 10 5 R
17 30 19 40 L
17 31 16 4 R
17 32 7 9 R
17 34 28 29 D
17 35 3 25 D
17 36 1 14 U
17 37 5 37 L
17 38 4 15 U
17 39 1 15 U
17 40 6 40 L
17 41 10 41 L
17 42 32 19 U
17 43 4 43 L
17 44 8 19 U
18 0 1 20 U
18 1 5 25 D
18 2 24 21 U
18 3 27 26 D
18 4 4 4 R
18 5 10 16 U
18 6 2 6 R
18 7 16 28 D
18 8 17 32 D
18 9 2 9 R
18 10 0 43 L
18 11 22 44 L
18 12 8 4 R
18 13 0 1 R
18 14 27 3 R
18 15 3 6 R
18 16 22 37 L
18 17 23 10 R
18 18 7 42 L
18 19 0 31 D
18 20 16 20 U
18 21 17 9 R
18 22 23 22 U
18 23 27 4 R
18 24 28 4 R
18 25 6 25 D
18 26 15 26 D
18 27 3 16 U
18 28 4 34 L
18 29 8 1 R
18 30 14 30 D
18 31 25 31 D
18 32 8 32 D
18 33 0 9 R
18 34 11 11 U
18 35 2 27 D
18 36 9 23 D
18 37 22 27 D
18 38 8 31 D
18 39 24 39 L
18 40 8 14 U
18 42 12 42 L
18 43 6 43 L
18 44 0 22 U
19 0 6 24 D
19 1 22 1 R
19 2 22 14 U
19 3 22 24 D
19 4 15 26 D
19 5 15 23 D
19 6 2 6 R
19 7 0 39 L
19 8 2 8 R
19 9 1 21 U
19 10 1 28 D
19 11 24 11 U
19 12 5 1 R
19 13 7 39 L
19 14 6 36 L
19 15 26 36 L
19 16 18 6 R
19 17 0 41 L
19 18 7 36 L
19 19 24 41 L
19 20 13 37 L
19 21 15 3 R
19 22 23 39 L
19 23 6 37 L
19 24 2 4 R
19 25 22 7 R
19 26 20 35 L
19 27 2 7 R
19 28 16 5 R
19 29 0 7 R
19 30 1 10 R
19 31 17 10 R
19 32 10 6 R
19 34 21 20 U
19 35 10 18 U
19 36 11 13 U
19 37 21 37 L
19 38 11 38 L
19 39 8 39 L
19 40 5 15 U
19 41 8 13 U
19 42 7 11 U
19 43 0 33 D
19 44 14 30 D
20 0 25 20 U
20 1 11 12 U
20 2 28 27 D
20 3 1 16 U
20 4 17 14 U
20 5 14 20 U
20 6 5 24 D
20 7 6 7 R
20 8 13 24 D
20 9 0 21 U
20 10 6 10 R
20 11 14 38 L
20 12 4 38 L
20 13 21 41 L
20 14 22 4 R
20 15 16 15 U
20 16 0 28 D
20 17 27 8 R
20 19 2 19 U
20 20 8 5 R
20 21 22 21 U
20 22 22 4 R
20 23 3 10 R
20 24 28 18 U
20 25 1 34 L
20 26 23 13 U
20 27 12 27 D
20 28 27 34 L
20 29 12 43 L
20 30 17 30 D
20 31 18 8 R
20 32 15 32 D
20 33 23 38 L
20 34 23 28 D
20 35 29 35 L
20 36 22 36 L
20 37 15 13 U
20 38 28 14 U
20 39 21 29 D
20 40 17 31 D
20 41 18 12 U
20 42 12 42 L
20 43 0 10 R
20 44 24 23 D
21 0 14 14 U
21 1 8 12 U
21 2 22 32 D
21 3 0 11 U
21 4 29 29 D
21 5 0 40 L
21 6 26 6 R
21 7 27 29 D
21 8 25 17 U
21 9 15 9 R
21 10 26 14 U
21 11 6 1 R
21 12 9 2 R
21 13 1 10 R
21 14 14 5 R
21 15 6 4 R
21 16 15 41 L
21 17 23 44 L
21 18 11 18 U
21 19 7 19 U
21 20 23 9 R
21 21 5 21 U
21 22 11 10 R
21 23 14 6 R
21 24 4 2 R
21 25 13 34 L
21 26 24 40 L
21 27 20 14 U
21 28 18 36 L
21 29 10 29 D
21 30 26 36 L
21 31 22 40 L
21 34 22 24 D
21 35 23 28 D
21 36 0 0 R
21 37 9 14 U
21 38 22 16 U
21 39 1 39 L
21 40 17 19 U
21 41 0 21 U
21 42 6 17 U
21 43 15 18 U
21 44 28 19 U
22 0 26 11 U
22 1 10 1 R
22 2 18 36 L
22 3 7 13 U
22 4 2 15 U
22 5 2 5 R
22 6 2 6 R
22 7 24 28 D
22 8 19 33 D
22 9 24 29 D
22 10 20 31 D
22 11 17 25 D
22 12 3 35 L
22 13 24 5 R
22 14 0 4 R
22 15 1 15 U
22 16 11 10 R
22 18 16 8 R
22 19 2 19 U
22 20 0 5 R
22 21 26 2 R
22 22 28 22 U
22 23 7 7 R
22 24 1 36 L
22 25 23 37 L
22 26 13 35 L
22 27 0 12 U
22 28 9 42 L
22 29 2 41 L
22 30 30 12 U
22 31 16 2 R
22 32 10 38 L
22 34 26 27 D
22 35 0 30 D
22 36 21 24 D
22 37 16 37 L
22 38 17 31 D
22 39 15 28 D
22 40 26 40 L
22 41 0 26 D
22 42 27 24 D
22 43 6 43 L
22 44 23 32 D
23 0 6 23 D
23 1 26 21 U
23 2 10 2 R
23 3 20 25 D
23 4 5 30 D
23 5 0 26 D
23 6 15 31 D
23 7 11 7 R
23 8 0 31 D
23 9 5 32 D
23 10 18 28 D
23 11 6 35 L
23 12 18 24 D
23 13 19 35 L
23 14 4 14 U
23 15 7 2 R
23 16 1 16 U
23 17 14 17 U
23 18 21 43 L
23 19 4 9 R
23 20 26 10 R
23 21 9 21 U
23 22 24 1 R
23 23 20 20 U
23 24 26 22 U
23 25 4 41 L
23 26 9 26 D
23 27 0 17 U
23 28 9 28 D
23 29 8 18 U
23 30 21 34 L
23 31 17 31 D
23 32 0 21 U
23 34 13 32 D
23 35 0 8 R
23 36 16 31 D
23 37 30 28 D
23 38 5 13 U
23 39 28 32 D
23 40 13 26 D
23 41 26 32 D
23 42 27 31 D
23 43 18 27 D
23 44 26 8 R
24 0 28 36 L
24 1 9 35 L
24 2 30 31 D
24 3 22 3 R
24 4 5 4 R
24 5 28 31 D
24 6 0 37 L
24 8 10 37 L
24 9 25 22 U
24 10 4 10 R
24 11 21 4 R
24 12 9 5 R
24 13 4 4 R
24 14 11 4 R
24 15 1 40 L
24 16 17 42 L
24 17 6 41 L
24 18 12 18 U
24 20 2 20 U
24 21 7 40 L
24 22 9 22 U
24 23 30 1 R
24 24 0 42 L
24 25 28 40 L
24 26 9 8 R
24 27 22 40 L
24 28 20 28 D
24 29 15 41 L
24 30 8 30 D
24 31 6 44 L
24 32 3 1 R
24 33 6 33 D
24 34 27 34 L
24 35 5 29 D
24 36 7 36 L
24 37 2 37 L
24 38 14 38 L
24 39 9 27 D
24 40 9 30 D
24 41 29 17 U
24 42 7 31 D
24 43 27 23 D
25 0 2 11 U
25 1 20 1 R
25 2 11 12 U
25 3 29 12 U
25 4 29 16 U
25 5 18 22 U
25 6 21 14 U
25 7 11 7 R
25 8 16 41 L
25 9 3 44 L
25 10 3 39 L
25 11 0 0 R
25 12 22 37 L
25 13 24 42 L
25 14 0 38 L
25 15 30 15 U
25 16 20 9 R
25 17 5 17 U
25 18 3 18 U
25 19 24 19 U
25 20 10 2 R
25 21 9 21 U
25 22 23 22 U
25 23 12 6 R
25 24 13 24 D
25 25 20 13 U
25 26 16 26 D
25 27 8 27 D
25 28 26 38 L
25 29 7 0 R
25 30 3 37 L
25 31 21 6 R
25 32 23 37 L
25 34 18 22 U
25 35 13 35 L
25 36 1 22 U
25 37 15 23 D
25 38 6 20 U
25 39 9 24 D
25 40 27 15 U
25 41 13 41 L
25 43 11 43 L
26 0 9 16 U
26 1 7 27 D
26 2 21 21 U
26 3 19 27 D
26 4 4 30 D
26 5 0 30 D
26 6 15 16 U
26 8 14 17 U
26 9 28 43 L
26 10 17 15 U
26 11 1 34 L
26 12 18 36 L
26 13 7 0 R
26 14 24 37 L
26 15 11 40 L
26 16 5 10 R
26 17 20 5 R
26 20 31 20 U
26 21 14 7 R
26 22 21 10 R
26 23 23 43 L
26 24 4 4 R
26 25 19 8 R
26 26 5 26 D
26 27 25 3 R
26 28 3 37 L
26 29 14 35 L
26 30 1 30 D
26 31 25 37 L
26 32 1 34 L
26 33 30 36 L
26 34 1 23 D
26 35 8 12 U
26 36 13 36 L
26 37 16 18 U
26 38 24 38 L
26 39 12 39 L
26 40 25 29 D
26 41 22 41 L
26 42 12 42 L
26 43 1 43 L
27 0 1 33 D
27 1 26 19 U
27 2 0 27 D
27 3 4 19 U
27 4 30 36 L
27 5 1 16 U
27 6 0 44 L
27 8 13 28 D
27 9 1 9 R
27 10 9 25 D
27 11 30 6 R
27 12 5 35 L
27 13 25 37 L
27 14 18 38 L
27 15 11 44 L
27 16 25 16 U
27 17 2 17 U
27 18 22 43 L
27 19 24 19 U
27 20 5 20 U
27 21 24 21 U
27 23 25 1 R
27 24 26 10 R
27 25 15 42 L
27 26 4 1 R
27 27 10 9 R
27 28 31 35 L
27 29 7 29 D
27 30 10 40 L
27 31 1 36 L
27 32 11 8 R
27 35 26 15 U
27 36 12 36 L
27 37 32 29 D
27 38 13 38 L
27 39 3 12 U
27 41 18 11 U
27 43 26 20 U
28 0 4 20 U
28 1 0 24 D
28 2 23 30 D
28 3 20 12 U
28 4 8 27 D
28 5 29 29 D
28 6 1 24 D
28 7 2 7 R
28 8 23 15 U
28 9 1 9 R
28 10 8 31 D
28 11 20 41 L
28 12 19 41 L
28 13 5 38 L
28 14 27 43 L
28 15 26 39 L
28 16 24 40 L
28 18 8 18 U
28 19 29 44 L
28 20 8 20 U
28 21 8 9 R
28 23 32 1 R
28 24 15 2 R
28 25 12 1 R
28 26 10 26 D
28 27 13 11 U
28 28 24 28 D
28 29 21 1 R
28 30 17 0 R
28 31 30 8 R
28 32 25 32 D
28 35 33 35 L
28 36 2 25 D
28 37 13 37 L
28 38 27 15 U
28 39 4 30 D
28 40 6 26 D
28 42 2 24 D
28 43 31 43 L
28 44 5 16 U
29 0 18 0 R
29 1 4 1 R
29 2 11 28 D
29 4 5 12 U
29 5 12 30 D
29 6 0 15 U
29 7 18 26 D
29 8 1 33 D
29 9 9 9 R
29 10 2 36 L
29 11 22 23 D
29 12 18 6 R
29 13 13 38 L
29 14 8 5 R
29 15 23 27 D
29 16 14 34 L
29 17 15 41 L
29 19 17 40 L
29 20 7 20 U
29 21 3 21 U
29 24 27 36 L
29 25 6 6 R
29 26 19 38 L
29 27 30 35 L
29 28 0 11 U
29 29 25 5 R
29 30 21 30 D
29 31 18 7 R
29 35 25 19 U
29 36 25 20 U
29 38 10 15 U
29 39 34 19 U
29 41 1 11 U
29 43 31 17 U
29 44 16 30 D
30 3 19 3 R
30 4 33 13 U
30 5 9 15 U
30 6 15 19 U
30 8 26 8 R
30 9 7 23 D
30 10 1 10 R
30 11 26 39 L
30 12 4 12 U
30 13 10 25 D
30 14 28 41 L
30 15 23 34 L
30 16 23 10 R
30 20 3 20 U
30 21 7 9 R
30 24 31 13 U
30 26 8 26 D
30 27 3 27 D
30 28 1 28 D
30 29 23 17 U
30 31 28 15 U
30 35 29 11 U
30 36 10 36 L
30 38 29 23 D
30 39 4 39 L
30 43 19 25 D
31 4 11 14 U
31 5 30 23 D
31 6 8 6 R
31 8 0 36 L
31 9 6 9 R
31 10 9 11 U
31 12 32 35 L
31 14 3 5 R
31 15 9 1 R
31 21 6 21 U
31 24 21 0 R
31 26 3 14 U
31 27 14 27 D
31 28 1 28 D
31 29 29 4 R
31 31 32 17 U
31 35 8 19 U
31 38 28 16 U
31 39 14 39 L
31 43 15 43 L
32 4 28 31 D
32 6 8 16 U
32 9 11 9 R
32 10 13 30 D
32 14 8 14 U
32 15 4 37 L
32 21 15 8 R
32 26 3 4 R
32 27 30 16 U
32 28 1 28 D
32 29 29 6 R
32 35 33 35 L
33 4 24 4 R
33 6 9 38 L
33 10 1 10 R
33 21 3 21 U
33 26 25 36 L
33 27 4 16 U
34 6 30 11 U
34 10 33 42 L
34 26 12 2 R
34 27 27 27 D

