19 17 262
14 0 0 8 0 16 0 0 13 6 0 0 8
8 17 17 0 0 6 0 0 0 0 0 0 16
0 17 0 8 0 0 0 0 0 0 7 0 0
0 0 0 14 11 4 6 0 0 12 15 18 0
0 0 0 7 12 0 0 8 0 0 4 0 0
0 0 0 4 0 0 13 15 0 0 3 0 15
0 0 0 0 0 3 0 0 0 0 9 0 0
0 0 0 4 0 0 0 13 0 11 14 0 0
0 0 0 3 6 0 0 4 8 3 13 0 0
0 0 0 0 0 0 0 0 0 0 0 0 0
0 0 0 0 0 0 0 0 0 0 0 0 0
0 0 0 0 0 0 7 16 0 4 0 0 0
16 3 18 1 12 0 7 13 15 0 12 10 15
0 0 0 0 L
0 1 0 1 L
0 2 0 2 L
0 3 0 3 L
0 4 0 4 R
0 5 0 5 R
0 6 0 6 R
0 7 0 7 R
0 8 0 8 D
0 9 0 9 D
0 10 0 10 D
0 11 0 11 D
0 12 0 12 D
0 13 0 13 U
0 14 0 14 U
0 15 0 15 U
0 16 0 16 U
1 0 0 10 D
1 2 6 2 L
1 3 5 9 D
1 4 0 9 D
1 5 10 1 L
1 6 2 8 D
1 7 2 9 D
1 8 0 14 U
1 9 5 9 D
1 10 7 10 D
1 11 7 11 D
1 12 13 12 D
1 13 3 8 D
1 14 0 8 D
1 15 2 15 U
1 16 2 16 U
2 0 1 13 U
2 1 0 8 D
2 2 14 10 D
2 3 12 3 L
2 4 8 10 D
2 5 0 13 U
2 6 5 1 L
2 7 12 8 D
2 8 11 2 L
2 9 5 1 L
2 10 3 10 D
2 11 9 11 D
2 12 4 0 L
2 13 3 4 R
2 14 0 7 R
2 15 7 6 R
2 16 14 6 R
3 0 12 8 D
3 1 4 9 D
3 2 2 8 D
3 3 7 3 L
3 4 11 11 D
3 5 12 11 D
3 6 0 2 L
3 7 12 12 D
3 8 5 6 R
3 9 6 16 U
3 10 4 10 D
3 11 8 11 D
3 12 18 5 R
3 13 0 4 R
3 14 0 10 D
3 15 5 0 L
3 16 10 16 U
4 0 7 9 D
4 1 0 5 R
4 2 0 15 U
4 3 16 10 D
4 4 8 16 U
4 5 1 10 D
4 6 6 16 U
4 7 1 15 U
4 8 6 13 U
4 9 9 4 R
4 10 8 4 R
4 11 6 15 U
4 12 10 12 D
4 13 6 7 R
4 14 10 5 R
4 15 8 15 U
4 16 1 16 U
5 0 7 4 R
5 1 8 10 D
5 2 0 4 R
5 3 12 15 U
5 4 0 14 U
5 5 1 14 U
5 6 2 14 U
5 7 2 12 D
5 8 11 5 R
5 9 7 9 D
5 10 9 10 D
5 11 11 4 R
5 12 13 2 L
5 13 3 13 U
5 14 0 0 L
5 15 2 7 R
5 16 6 10 D
6 0 0 13 U
6 1 15 11 D
6 2 14 16 U
6 3 11 8 D
6 4 8 8 D
6 5 0 10 D
6 6 1 6 R
6 7 8 7 R
6 8 0 5 R
6 9 3 13 U
6 10 0 13 U
6 11 4 6 R
6 12 10 12 D
6 13 9 0 L
6 14 5 0 L
6 15 5 4 R
6 16 8 5 R
7 0 5 8 D
7 1 15 1 L
7 2 13 11 D
7 3 15 13 U
7 4 8 0 L
7 5 12 10 D
7 6 11 10 D
7 7 2 7 R
7 8 0 4 R
7 9 4 6 R
7 10 4 10 D
7 11 12 5 R
7 12 6 6 R
7 13 0 1 L
7 14 4 0 L
7 15 2 15 U
7 16 11 16 U
8 0 5 16 U
8 1 3 1 L
8 2 3 9 D
8 3 6 3 L
8 4 12 10 D
8 5 5 13 U
8 6 9 14 U
8 7 0 1 L
8 8 4 4 R
8 9 13 5 R
8 10 4 3 L
8 11 7 4 R
8 12 9 12 D
8 13 0 5 R
8 14 4 2 L
8 15 10 1 L
8 16 11 2 L
9 0 5 13 U
9 2 7 15 U
9 3 6 3 L
9 4 1 11 D
9 5 7 11 D
9 6 2 6 R
9 7 3 7 R
9 8 13 15 U
9 9 7 0 L
9 10 0 2 L
9 11 7 11 D
9 13 10 13 U
9 14 3 14 U
9 15 1 2 L
9 16 5 16 U
10 0 15 14 U
10 2 7 2 L
10 4 6 9 D
10 5 12 14 U
10 6 8 12 D
10 7 4 16 U
10 8 5 8 D
10 9 9 9 D
10 10 0 6 R
10 11 4 11 D
10 13 2 13 U
10 14 2 14 U
10 15 17 15 U
10 16 2 3 L
11 0 4 15 U
11 1 4 15 U
11 2 7 11 D
11 3 0 14 U
11 4 0 15 U
11 5 8 9 D
11 6 13 11 D
11 7 6 7 R
11 8 7 0 L
11 9 8 3 L
11 10 4 16 U
11 11 10 3 L
11 13 0 2 L
11 14 10 6 R
11 15 8 6 R
11 16 0 3 L
12 0 8 16 U
12 1 14 14 U
12 2 6 14 U
12 4 11 13 U
12 5 13 8 D
12 6 13 6 R
12 7 2 8 D
12 8 6 14 U
12 9 16 1 L
12 10 4 10 D
12 11 11 5 R
12 13 1 13 U
12 14 8 7 R
12 15 0 3 L
12 16 1 2 L
13 0 7 13 U
13 2 11 2 L
13 4 2 15 U
13 5 0 8 D
13 6 11 14 U
13 7 0 3 L
13 8 12 1 L
13 9 1 14 U
13 10 8 1 L
13 11 10 11 D
13 13 14 5 R
13 14 7 1 L
13 16 14 2 L
14 0 2 9 D
14 1 6 8 D
14 2 9 2 L
14 4 15 14 U
14 5 10 0 L
14 6 7 2 L
14 8 10 7 R
14 9 11 5 R
14 10 12 4 R
14 11 7 11 D
14 13 1 8 D
14 14 8 5 R
14 16 11 7 R
15 0 2 0 L
15 2 10 6 R
15 4 13 14 U
15 5 14 5 R
15 6 11 15 U
15 8 0 0 L
15 9 7 9 D
15 10 4 10 D
15 14 1 8 D
15 16 11 1 L
16 0 17 12 D
16 4 17 13 U
16 5 14 0 L
16 9 11 15 U
16 10 9 14 U
16 14 1 7 R
17 4 14 4 R
17 8 14 0 L
17 9 4 9 D
17 10 7 10 D
17 14 4 1 L
18 8 16 13 U
18 10 9 4 R
18 14 14 9 D

