10 9 78
0 0 0 0 0 0 0 0 0 7 5
0 0 0 3 0 6 0 0 2 0 0
0 0 0 0 0 0 0 0 0 0 0
0 0 0 4 0 0 0 6 0 0 0
0 8 0 0 0 0 0 8 7 0 7
0 6 0 7 0 5 0 8 8 2 0
9 3 0 0 0 0 2 0 6 6 0
0 0 0 0 0 0 0 0 7 0 0
0 0 3 9 0 0 0 0 0 0 2
0 0 0 0 0 0 0 0 0 0 0
0 7 0 7 0 0 0 0 0 0 0
0 0 0 0 U
0 1 0 1 U
0 2 0 2 R
0 3 0 3 R
0 4 0 4 R
0 5 0 5 D
0 6 0 6 D
0 7 0 7 L
0 8 0 8 L
1 0 0 7 L
1 1 2 4 R
1 2 0 0 U
1 3 3 0 U
1 4 5 5 D
1 5 4 5 D
1 6 4 7 L
1 7 3 7 L
1 8 5 1 U
2 0 0 5 D
2 1 3 3 R
2 2 7 6 D
2 3 4 1 U
2 4 1 4 R
2 5 4 7 L
2 6 7 2 R
2 7 1 7 L
2 8 0 3 R
3 0 6 3 R
3 1 0 6 D
3 2 5 2 R
3 3 6 6 D
3 4 4 4 R
3 5 0 0 U
3 6 1 7 L
3 7 0 2 R
3 8 2 8 L
4 0 3 2 R
4 1 2 1 U
4 2 3 0 U
4 3 1 0 U
4 4 8 0 U
4 5 1 8 L
4 6 0 2 R
4 7 1 5 D
4 8 5 8 L
5 0 1 8 L
5 1 1 8 L
5 2 0 6 D
5 3 7 3 R
5 4 3 4 R
5 5 0 3 R
5 6 3 3 R
5 7 2 5 D
5 8 2 5 D
6 0 2 7 L
6 1 3 6 D
6 2 0 7 L
6 3 0 1 U
6 4 1 1 U
6 5 0 7 L
6 6 0 4 R
6 7 1 0 U
6 8 1 4 R
7 0 5 7 L
7 1 5 2 R
7 2 5 5 D
7 4 6 4 R
7 5 0 1 U
7 7 0 5 D
7 8 5 5 D
8 0 0 8 L
8 1 9 1 U
8 5 6 8 L
8 7 0 0 U
8 8 0 6 D
9 0 0 4 R
9 5 4 5 D
9 7 1 3 R

