16 12 159
0 6 1 6 5 8 13 0 0 9 0 12 0
0 0 4 1 0 8 4 0 3 0 4 0 7
0 11 0 0 9 0 8 10 13 0 11 0 7
2 0 0 8 12 0 0 7 0 9 0 5 4
0 2 9 8 0 0 3 8 0 0 3 0 5
7 0 12 0 0 0 9 8 0 2 5 9 0
13 0 0 6 6 4 11 0 0 0 0 10 0
0 7 5 12 0 0 0 3 15 0 0 12 11
0 9 0 3 11 0 12 8 0 0 0 0 13
0 0 0 6 8 0 0 1 0 1 0 0 0
0 0 0 0 5 0 0 0 0 0 10 9 0
7 10 10 0 4 0 8 0 11 10 14 9 0
0 6 0 0 0 12 0 0 0 0 0 0 14
0 0 0 0 U
0 1 0 1 U
0 2 0 2 U
0 3 0 3 R
0 4 0 4 R
0 5 0 5 R
0 6 0 6 D
0 7 0 7 D
0 8 0 8 D
0 9 0 9 L
0 10 0 10 L
0 11 0 11 L
1 0 8 0 U
1 1 0 4 R
1 2 7 2 U
1 3 0 1 U
1 4 12 4 R
1 5 4 5 R
1 6 0 3 R
1 7 11 4 R
1 8 2 8 D
1 9 6 9 L
1 10 2 7 D
1 11 0 8 D
2 0 0 5 R
2 1 4 1 U
2 2 3 11 L
2 3 7 6 D
2 4 0 9 L
2 5 8 9 L
2 6 8 0 U
2 7 0 10 L
2 8 1 8 D
2 9 0 3 R
2 10 0 6 D
2 11 1 8 D
3 0 9 9 L
3 1 4 9 L
3 2 2 2 U
3 3 4 7 D
3 4 2 4 R
3 5 9 5 R
3 6 10 6 D
3 7 4 7 D
3 8 9 10 L
3 9 11 9 L
3 10 5 0 U
3 11 11 11 L
4 0 3 10 L
4 1 6 4 R
4 2 1 3 R
4 3 1 3 R
4 4 3 6 D
4 5 6 5 R
4 6 0 10 L
4 7 8 7 D
4 8 0 5 R
4 9 0 0 U
4 10 0 5 R
4 11 0 6 D
5 0 0 3 R
5 1 4 1 U
5 2 0 11 L
5 3 4 6 D
5 4 11 8 D
5 5 8 7 D
5 6 9 3 R
5 7 9 0 U
5 8 2 8 D
5 9 0 2 U
5 10 10 1 U
5 11 7 11 L
6 0 7 6 D
6 1 7 1 U
6 2 0 7 D
6 3 0 0 U
6 4 15 4 R
6 5 0 7 D
6 6 0 2 U
6 7 10 10 L
6 8 1 8 D
6 9 1 6 D
6 10 5 8 D
6 11 8 8 D
7 0 4 8 D
7 1 3 1 U
7 2 0 6 D
7 3 0 8 D
7 4 0 6 D
7 5 10 7 D
7 6 1 3 R
7 7 1 4 R
7 8 10 2 U
7 9 5 0 U
7 10 0 1 U
7 11 9 6 D
8 0 0 10 L
8 1 2 3 R
8 2 5 8 D
8 3 0 2 U
8 4 3 4 R
8 5 10 5 R
8 6 0 11 L
8 7 2 7 D
8 8 7 3 R
8 9 1 2 U
8 10 5 10 L
8 11 5 11 L
9 0 1 3 R
9 1 10 1 U
9 2 5 2 U
9 3 10 1 U
9 5 1 5 R
9 6 3 6 D
9 7 6 11 L
9 8 0 1 U
9 9 3 1 U
9 10 4 10 L
9 11 0 7 D
10 0 0 9 L
10 1 5 1 U
10 2 7 2 U
10 3 2 3 R
10 5 2 9 L
10 6 0 9 L
10 7 0 0 U
10 8 5 10 L
10 9 4 2 U
10 10 6 10 L
10 11 8 11 L
11 0 9 4 R
11 1 0 11 L
11 2 3 9 L
11 3 8 0 U
11 5 5 5 R
11 6 10 6 D
11 7 7 5 R
11 8 10 10 L
11 9 7 0 U
11 10 7 0 U
11 11 9 0 U
12 0 6 3 R
12 1 1 5 R
12 3 8 9 L
12 6 7 3 R
12 7 11 7 D
12 8 5 3 R
12 9 2 9 L
12 10 1 10 L
12 11 1 11 L
13 0 14 4 R
13 1 8 11 L
13 3 2 9 L
13 9 0 7 D
14 0 1 11 L
14 3 6 9 L
14 9 12 5 R
15 0 6 11 L
15 9 9 9 L

