17 15 210
15 0 0 0 0 0 0 0 0 0 0 14
13 0 0 0 0 0 0 15 8 0 10 16
9 0 0 0 0 0 0 15 0 0 0 0
14 0 0 0 0 0 0 2 0 0 0 0
14 0 15 0 0 0 1 12 9 11 0 0
0 0 0 0 0 3 9 0 3 0 5 4
0 0 13 0 0 8 0 0 0 0 0 0
0 0 2 0 0 15 0 0 16 5 0 0
13 0 5 0 0 7 14 0 0 0 0 0
0 11 0 0 0 0 8 0 0 0 0 0
0 0 0 0 0 0 0 0 12 5 0 0
0 0 0 6 0 0 2 14 11 0 11 3
0 0 0 0 L
0 1 0 1 L
0 2 0 2 L
0 3 0 3 R
0 4 0 4 R
0 5 0 5 R
0 6 0 6 D
0 7 0 7 D
0 8 0 8 D
0 9 0 9 D
0 10 0 10 U
0 11 0 11 U
0 12 0 12 U
0 13 0 13 U
0 14 0 14 U
1 0 0 11 U
1 1 2 1 L
1 2 8 2 L
1 3 7 14 U
1 4 8 14 U
1 5 2 14 U
1 6 3 6 D
1 7 4 7 D
1 8 3 8 D
1 9 4 9 D
1 10 13 10 U
1 11 9 11 U
1 12 16 0 L
1 14 2 14 U
2 0 3 11 U
2 1 0 7 D
2 2 7 2 L
2 3 5 6 D
2 4 1 4 R
2 5 8 13 U
2 6 15 2 L
2 7 1 7 D
2 8 8 8 D
2 9 1 2 L
2 10 1 10 U
2 11 8 4 R
2 14 5 0 L
3 0 0 6 D
3 1 10 6 D
3 2 15 5 R
3 3 8 9 D
3 4 12 8 D
3 5 13 2 L
3 6 4 10 U
3 7 9 7 D
3 8 6 13 U
3 9 1 9 D
3 10 4 2 L
3 11 5 11 U
3 12 5 12 U
3 13 8 13 U
3 14 12 14 U
4 0 11 9 D
4 1 9 9 D
4 2 5 2 L
4 3 0 10 U
4 4 1 12 U
4 5 2 5 R
4 6 1 6 D
4 7 1 7 D
4 8 11 14 U
4 9 1 9 D
4 10 1 10 U
4 11 6 11 U
4 12 11 1 L
4 14 1 14 U
5 0 0 10 U
5 1 9 10 U
5 2 6 7 D
5 3 7 3 R
5 4 7 4 R
5 5 6 8 D
5 6 0 3 R
5 7 0 0 L
5 8 2 0 L
5 9 1 9 D
5 10 3 1 L
5 11 2 5 R
5 12 7 3 R
5 13 4 4 R
5 14 9 1 L
6 0 5 6 D
6 1 10 9 D
6 2 0 4 R
6 3 0 7 D
6 4 0 12 U
6 5 2 9 D
6 6 14 2 L
6 7 13 1 L
6 8 3 8 D
6 9 0 12 U
6 10 11 3 R
6 11 10 3 R
6 12 2 4 R
6 14 5 5 R
7 0 12 0 L
7 1 5 8 D
7 2 5 8 D
7 3 2 8 D
7 4 12 6 D
7 5 6 5 R
7 6 8 2 L
7 7 11 1 L
7 8 3 8 D
7 9 4 9 D
7 10 3 3 R
7 11 11 1 L
7 14 10 5 R
8 0 6 0 L
8 1 1 10 U
8 2 7 7 D
8 3 0 6 D
8 4 5 10 U
8 5 11 7 D
8 6 4 6 D
8 7 6 1 L
8 8 6 2 L
8 9 1 9 D
8 10 12 0 L
8 11 5 11 U
8 12 2 12 U
8 13 1 13 U
8 14 7 14 U
9 0 5 10 U
9 1 7 5 R
9 2 12 4 R
9 3 6 7 D
9 4 11 6 D
9 5 4 10 U
9 6 8 3 R
9 7 3 7 D
9 9 10 3 R
9 10 12 4 R
9 11 5 11 U
9 14 4 3 R
10 0 7 9 D
10 1 0 5 R
10 2 13 2 L
10 3 13 3 R
10 4 7 4 R
10 5 4 5 R
10 6 1 6 D
10 7 1 2 L
10 8 15 2 L
10 9 0 14 U
10 10 0 4 R
10 11 5 4 R
10 14 4 4 R
11 0 13 8 D
11 1 13 4 R
11 2 10 2 L
11 3 9 1 L
11 4 10 10 U
11 5 12 10 U
11 6 10 10 U
11 7 13 5 R
11 8 9 14 U
11 10 3 5 R
11 11 7 2 L
11 14 7 1 L
12 0 9 4 R
12 1 1 3 R
12 2 0 3 R
12 3 8 6 D
12 4 2 14 U
12 5 1 6 D
12 6 0 10 U
12 7 8 7 D
12 8 0 11 U
12 9 11 9 D
12 10 14 10 U
12 11 8 1 L
12 14 3 2 L
13 0 6 5 R
13 1 2 1 L
13 2 6 4 R
13 3 14 3 R
13 4 2 11 U
13 5 11 5 R
13 6 9 5 R
13 7 12 3 R
13 8 4 8 D
13 10 0 0 L
13 14 10 3 R
14 0 12 4 R
14 1 3 1 L
14 2 0 5 R
14 3 0 0 L
14 4 10 4 R
14 5 11 11 U
14 6 13 0 L
14 7 4 12 U
14 8 1 8 D
14 10 1 0 L
15 0 7 6 D
15 1 7 7 D
15 3 14 6 D
15 4 3 11 U
15 5 8 5 R
15 6 0 1 L
15 7 12 7 D
15 10 0 3 R
16 4 6 10 U
16 7 1 14 U
16 10 2 2 L

