17 21 296
1 0 11 0 15 11 14 6 5 9 5 0 6
0 15 0 5 13 0 0 10 0 4 11 6 10
1 9 8 0 10 1 16 0 0 0 12 9 6
11 0 0 16 0 0 0 0 4 0 6 11 3
0 6 8 16 0 0 0 0 7 9 0 4 2
8 0 8 0 9 1 8 0 15 0 14 9 11
9 14 14 0 12 0 14 14 16 1 10 12 10
9 10 2 15 6 0 0 0 0 14 0 0 13
4 0 13 0 0 0 0 10 0 0 3 11 0
0 0 1 0 11 15 0 0 14 15 12 10 0
4 3 4 9 0 14 10 2 0 0 0 3 2
9 11 0 10 12 0 15 0 0 0 2 0 9
11 14 5 6 0 12 0 10 13 2 8 11 13
0 0 0 0 D
0 1 0 1 D
0 2 0 2 D
0 3 0 3 D
0 4 0 4 D
0 5 0 5 R
0 6 0 6 R
0 7 0 7 R
0 8 0 8 R
0 9 0 9 R
0 10 0 10 U
0 11 0 11 U
0 12 0 12 U
0 13 0 13 U
0 14 0 14 U
0 15 0 15 L
0 16 0 16 L
0 17 0 17 L
0 18 0 18 L
0 19 0 19 L
0 20 0 20 L
1 0 11 9 R
1 1 3 1 D
1 2 2 2 D
1 3 9 17 L
1 4 7 4 D
1 5 0 0 D
1 6 4 3 D
1 7 13 3 D
1 8 7 8 R
1 9 8 10 U
1 10 13 18 L
1 11 0 8 R
1 12 2 12 U
1 13 6 8 R
1 14 7 14 U
1 15 6 5 R
1 16 2 0 D
1 17 4 4 D
1 18 3 18 L
1 19 0 0 D
1 20 9 8 R
2 0 0 5 R
2 1 0 16 L
2 2 0 10 U
2 4 1 4 D
2 5 12 13 U
2 6 0 12 U
2 7 7 11 U
2 8 11 16 L
2 9 10 9 R
2 10 0 15 L
2 11 3 11 U
2 12 8 6 R
2 13 0 3 D
2 14 0 6 R
2 15 0 10 U
2 16 0 11 U
2 17 0 13 U
2 18 1 3 D
2 19 9 19 L
2 20 10 13 U
3 0 0 15 L
3 1 9 1 D
3 2 2 17 L
3 4 2 14 U
3 5 5 12 U
3 6 0 3 D
3 7 2 7 R
3 8 9 17 L
3 9 5 9 R
3 10 1 5 R
3 11 2 11 U
3 12 4 12 U
3 13 1 20 L
3 14 5 14 U
3 15 10 2 D
3 16 6 12 U
3 17 0 10 U
3 18 2 4 D
3 19 0 1 D
3 20 1 4 D
4 0 10 15 L
4 1 5 13 U
4 2 3 5 R
4 3 0 17 L
4 4 9 4 D
4 5 1 0 D
4 6 12 6 R
4 7 0 17 L
4 8 1 8 R
4 9 5 9 R
4 10 0 7 R
4 11 10 16 L
4 12 0 0 D
4 13 1 7 R
4 14 2 8 R
4 15 1 10 U
4 16 0 5 R
4 17 0 2 D
4 18 0 4 D
4 20 8 20 L
5 0 4 0 D
5 1 2 1 D
5 2 6 2 D
5 3 0 13 U
5 4 0 12 U
5 5 7 5 R
5 6 2 14 U
5 7 10 7 R
5 8 2 8 R
5 9 12 9 R
5 10 12 16 L
5 11 0 5 R
5 12 6 16 L
5 13 10 17 L
5 14 0 18 L
5 15 0 12 U
5 16 8 16 L
5 17 6 17 L
5 18 10 11 U
5 20 6 20 L
6 0 0 11 U
6 1 0 6 R
6 2 5 20 L
6 4 1 4 D
6 5 0 2 D
6 6 5 6 R
6 7 2 7 R
6 8 13 8 R
6 9 9 17 L
6 10 1 15 L
6 11 0 20 L
6 12 1 12 U
6 13 14 13 U
6 14 4 14 U
6 15 3 2 D
6 16 10 13 U
6 17 12 5 R
6 18 13 0 D
6 20 1 14 U
7 0 2 0 D
7 1 0 11 U
7 2 1 2 D
7 3 4 3 D
7 4 9 5 R
7 5 10 2 D
7 6 3 16 L
7 7 1 1 D
7 8 4 0 D
7 9 3 9 R
7 10 9 19 L
7 11 3 8 R
7 12 12 9 R
7 13 8 5 R
7 14 1 14 U
7 15 0 0 D
7 16 0 0 D
7 17 4 13 U
7 18 11 18 L
7 20 4 1 D
8 0 2 15 L
8 1 0 18 L
8 2 4 2 D
8 4 1 4 D
8 5 0 10 U
8 6 5 14 U
8 7 2 7 R
8 8 0 11 U
8 9 0 10 U
8 10 0 16 L
8 11 0 0 D
8 12 3 12 U
8 13 0 2 D
8 14 11 14 U
8 15 11 15 L
8 16 4 16 L
8 17 5 10 U
8 18 7 18 L
8 20 6 20 L
9 0 15 20 L
9 1 1 7 R
9 2 0 13 U
9 4 6 4 D
9 5 0 1 D
9 6 1 1 D
9 7 2 7 R
9 8 0 19 L
9 9 1 15 L
9 10 0 5 R
9 11 2 17 L
9 12 6 12 U
9 13 3 13 U
9 14 1 18 L
9 15 11 13 U
9 16 5 2 D
9 17 7 1 D
9 18 2 9 R
9 20 1 20 L
10 0 2 6 R
10 1 8 1 D
10 2 5 2 D
10 3 2 11 U
10 4 9 6 R
10 5 2 10 U
10 6 9 6 R
10 7 0 19 L
10 8 9 10 U
10 9 3 9 R
10 10 9 9 R
10 11 8 11 U
10 12 5 15 L
10 13 1 13 U
10 14 7 14 U
10 15 6 12 U
10 16 8 16 L
10 17 9 0 D
10 18 3 18 L
10 19 8 19 L
10 20 9 14 U
11 0 12 5 R
11 1 10 5 R
11 2 0 7 R
11 4 0 9 R
11 5 1 5 R
11 6 14 0 D
11 7 0 4 D
11 8 1 11 U
11 9 9 2 D
11 10 1 10 U
11 11 2 11 U
11 12 12 18 L
11 13 9 13 U
11 14 5 7 R
11 15 5 15 L
11 16 3 0 D
11 17 7 17 L
11 20 12 6 R
12 0 5 17 L
12 1 4 16 L
12 2 1 8 R
12 4 0 15 L
12 5 2 5 R
12 6 0 14 U
12 7 10 19 L
12 8 11 14 U
12 9 10 1 D
12 10 14 17 L
12 11 10 7 R
12 12 3 7 R
12 13 13 16 L
12 14 11 15 L
12 15 4 11 U
12 16 6 7 R
12 17 5 17 L
12 20 7 20 L
13 0 5 14 U
13 1 3 1 D
13 2 3 18 L
13 4 3 10 U
13 6 4 6 R
13 7 0 20 L
13 8 14 20 L
13 9 6 9 R
13 10 2 20 L
13 11 1 11 U
13 12 0 15 L
13 15 11 0 D
13 16 11 16 L
13 17 4 17 L
13 20 11 20 L
14 0 13 11 U
14 1 2 1 D
14 2 8 2 D
14 5 13 4 D
14 7 3 2 D
14 8 4 8 R
14 9 3 9 R
14 10 0 17 L
14 11 9 11 U
14 12 12 12 U
14 15 11 4 D
14 16 5 12 U
14 17 2 1 D
14 20 9 4 D
15 0 14 8 R
15 2 13 5 R
15 7 12 20 L
15 10 0 9 R
15 11 7 6 R
15 12 9 15 L
15 16 5 16 L
15 17 8 17 L
16 0 8 0 D
16 2 1 2 D
16 12 7 12 U

