21 26 479
0 0 14 6 0 15 2 7 0 11 16 0 5 12 14 6 9 14
12 1 11 1 18 0 1 0 0 5 0 0 0 0 2 6 0 15
0 16 9 0 16 1 5 20 0 16 19 12 0 0 15 16 5 0
14 17 1 0 0 20 18 1 2 1 18 0 4 17 10 5 14 0
0 0 10 0 0 0 0 6 7 10 19 19 0 0 7 0 0 20
0 2 3 0 0 0 14 6 0 1 10 9 0 12 0 0 11 0
11 10 1 17 19 0 18 13 11 0 0 9 2 15 0 0 15 0
13 0 0 0 3 19 17 0 8 0 0 6 0 10 0 13 14 15
0 11 0 12 0 15 0 12 0 16 0 11 18 0 17 16 0 0
17 12 18 0 9 19 0 0 2 10 16 0 7 7 4 0 10 6
18 18 18 16 0 6 0 0 18 10 13 0 0 12 3 10 0 0
11 0 0 0 14 0 11 0 0 0 0 0 18 12 14 0 0 19
12 15 17 1 10 9 19 0 18 0 20 0 3 0 0 0 16 0
0 16 0 0 0 0 0 7 11 17 1 0 0 2 16 0 17 0
15 17 20 16 0 0 0 0 0 15 2 6 2 0 15 0 0 11
0 17 6 0 13 0 14 0 0 15 0 17 0 10 0 19 17 11
16 17 0 0 0 2 0 20 0 2 0 5 10 10 2 0 0 0
6 12 12 17 1 18 0 0 1 0 0 0 1 0 11 5 17 16
0 0 0 0 D
0 1 0 1 D
0 2 0 2 D
0 3 0 3 D
0 4 0 4 D
0 5 0 5 D
0 6 0 6 D
0 7 0 7 R
0 8 0 8 R
0 9 0 9 R
0 10 0 10 R
0 11 0 11 R
0 12 0 12 R
0 13 0 13 U
0 14 0 14 U
0 15 0 15 U
0 16 0 16 U
0 17 0 17 U
0 18 0 18 U
0 19 0 19 L
0 20 0 20 L
0 21 0 21 L
0 22 0 22 L
0 23 0 23 L
0 24 0 24 L
0 25 0 25 L
1 0 0 25 L
1 1 3 10 R
1 2 0 22 L
1 3 10 3 D
1 4 3 4 D
1 5 0 9 R
1 6 3 6 D
1 7 0 19 L
1 8 15 8 R
1 9 13 21 L
1 10 2 10 R
1 11 6 11 R
1 12 0 18 U
1 13 16 7 R
1 14 8 20 L
1 15 0 10 R
1 16 0 3 D
1 17 6 17 U
1 18 0 20 L
1 19 0 14 U
1 20 0 0 D
1 21 0 8 R
1 22 2 22 L
1 23 0 15 U
1 24 0 2 D
1 25 7 16 U
2 0 0 7 R
2 1 5 1 D
2 2 5 21 L
2 3 13 3 D
2 4 0 18 U
2 5 1 5 D
2 6 3 6 D
2 7 4 7 R
2 8 0 0 D
2 9 3 9 R
2 10 0 17 U
2 11 1 11 R
2 12 4 12 R
2 13 7 22 L
2 14 8 10 R
2 15 17 9 R
2 16 0 10 R
2 17 5 17 U
2 18 8 18 U
2 19 3 15 U
2 20 3 20 L
2 21 4 15 U
2 22 4 22 L
2 23 12 23 L
2 24 4 13 U
2 25 4 25 L
3 0 0 13 U
3 1 0 8 R
3 2 4 2 D
3 3 12 3 D
3 4 6 4 D
3 5 7 5 D
3 6 0 14 U
3 7 8 0 D
3 8 0 13 U
3 9 0 5 D
3 10 5 24 L
3 11 5 2 D
3 12 12 12 R
3 13 8 8 R
3 14 5 0 D
3 15 2 15 U
3 16 8 16 U
3 17 4 23 L
3 18 0 12 R
3 19 1 16 U
3 20 0 6 D
3 21 8 21 L
3 22 0 1 D
3 23 9 12 R
3 24 0 3 D
3 25 8 14 U
4 0 10 23 L
4 1 1 7 R
4 2 6 2 D
4 3 0 12 R
4 4 6 19 L
4 5 3 5 D
4 6 2 6 D
4 7 5 7 R
4 8 14 18 U
4 9 0 4 D
4 10 2 10 R
4 11 3 11 R
4 12 12 16 U
4 13 0 24 L
4 14 5 25 L
4 15 1 21 L
4 16 0 11 R
4 17 8 17 U
4 18 9 18 U
4 19 9 14 U
4 20 6 18 U
4 21 2 21 L
4 22 11 10 R
4 23 2 23 L
4 24 2 24 L
4 25 2 25 L
5 0 0 21 L
5 1 1 19 L
5 2 0 20 L
5 3 1 10 R
5 4 17 4 D
5 5 6 20 L
5 6 14 23 L
5 7 2 1 D
5 8 7 4 D
5 9 4 24 L
5 10 10 20 L
5 11 8 11 R
5 12 13 3 D
5 13 0 7 R
5 14 2 14 U
5 15 7 3 D
5 16 2 1 D
5 17 0 9 R
5 18 12 23 L
5 19 1 5 D
5 20 3 20 L
5 21 0 13 U
5 22 0 5 D
5 23 7 23 L
5 24 15 24 L
5 25 2 25 L
6 0 2 24 L
6 1 7 21 L
6 2 0 15 U
6 3 7 19 L
6 4 9 25 L
6 5 4 14 U
6 6 15 6 D
6 7 15 7 R
6 8 9 25 L
6 9 2 9 R
6 10 0 3 D
6 11 0 23 L
6 12 8 13 U
6 13 0 20 L
6 14 0 19 L
6 15 7 9 R
6 16 5 24 L
6 17 2 12 R
6 18 3 18 U
6 19 1 14 U
6 20 0 7 R
6 21 5 21 L
6 22 0 9 R
6 23 1 23 L
6 24 12 13 U
6 25 5 25 L
7 0 1 8 R
7 1 14 20 L
7 2 10 2 D
7 3 13 23 L
7 4 0 20 L
7 5 16 12 R
7 7 1 7 R
7 8 0 14 U
7 9 12 1 D
7 10 0 2 D
7 11 17 5 D
7 12 15 18 U
7 13 4 13 U
7 14 3 14 U
7 15 0 8 R
7 16 2 16 U
7 17 2 17 U
7 18 3 18 U
7 19 4 19 L
7 20 12 20 L
7 21 6 1 D
7 22 0 16 U
7 23 0 10 R
7 24 12 24 L
7 25 3 25 L
8 0 5 7 R
8 1 0 10 R
8 2 0 19 L
8 3 0 23 L
8 4 6 4 D
8 5 0 17 U
8 6 13 21 L
8 7 16 1 D
8 8 1 8 R
8 9 2 0 D
8 10 1 10 R
8 11 1 14 U
8 12 7 12 R
8 13 11 20 L
8 14 6 21 L
8 15 4 11 R
8 16 2 16 U
8 17 5 17 U
8 18 0 23 L
8 19 6 1 D
8 20 0 8 R
8 21 2 21 L
8 22 4 16 U
8 23 4 23 L
8 24 1 24 L
8 25 0 0 D
9 0 3 0 D
9 1 10 9 R
9 2 4 2 D
9 3 8 10 R
9 4 10 4 D
9 5 4 5 D
9 6 7 6 D
9 7 0 1 D
9 8 3 8 R
9 9 19 0 D
9 10 6 22 L
9 11 6 13 U
9 12 0 25 L
9 13 7 21 L
9 14 8 1 D
9 15 1 15 U
9 16 11 10 R
9 17 13 19 L
9 18 1 18 U
9 19 5 4 D
9 20 12 8 R
9 21 10 21 L
9 22 3 22 L
9 23 0 3 D
9 24 6 13 U
9 25 0 17 U
10 0 15 0 D
10 1 1 1 D
10 2 4 2 D
10 3 17 8 R
10 4 14 7 R
10 5 2 21 L
10 6 0 10 R
10 7 2 17 U
10 8 2 8 R
10 9 7 13 U
10 10 3 10 R
10 11 4 11 R
10 12 9 17 U
10 13 16 13 U
10 14 0 22 L
10 15 11 15 U
10 16 2 16 U
10 17 7 17 U
10 18 2 18 U
10 19 0 1 D
10 20 1 20 L
10 21 0 5 D
10 22 8 22 L
10 23 8 23 L
10 24 1 24 L
10 25 6 25 L
11 0 12 21 L
11 1 7 22 L
11 2 0 11 R
11 3 0 11 R
11 4 8 4 D
11 5 9 5 D
11 6 9 6 D
11 7 3 4 D
11 8 9 8 R
11 9 6 15 U
11 10 1 10 R
11 11 12 11 R
11 12 0 20 L
11 13 9 24 L
11 14 1 10 R
11 15 10 8 R
11 16 9 16 U
11 17 4 20 L
11 18 0 8 R
11 19 13 3 D
11 20 12 1 D
11 21 14 16 U
11 22 9 15 U
11 23 3 23 L
11 25 4 15 U
12 0 14 9 R
12 1 1 1 D
12 2 3 2 D
12 3 9 12 R
12 4 1 12 R
12 5 6 5 D
12 7 1 14 U
12 8 2 14 U
12 9 10 9 R
12 10 9 10 R
12 11 6 0 D
12 12 7 12 R
12 13 0 22 L
12 14 0 2 D
12 15 10 15 U
12 16 9 16 U
12 17 0 0 D
12 18 0 25 L
12 19 4 17 U
12 20 5 5 D
12 21 0 12 R
12 22 14 22 L
12 23 4 23 L
12 24 6 24 L
12 25 6 7 R
13 0 14 19 L
13 1 4 1 D
13 2 16 2 D
13 3 1 3 D
13 4 1 25 L
13 5 12 20 L
13 7 0 20 L
13 8 0 1 D
13 9 0 15 U
13 10 17 0 D
13 11 9 11 R
13 12 12 5 D
13 13 11 19 L
13 14 2 14 U
13 15 0 21 L
13 16 2 16 U
13 17 15 9 R
13 18 15 12 R
13 19 8 5 D
13 20 0 18 U
13 21 8 18 U
13 22 4 17 U
13 23 3 12 R
13 25 11 25 L
14 0 15 11 R
14 1 11 19 L
14 2 12 2 D
14 3 9 15 U
14 4 6 4 D
14 5 12 21 L
14 7 3 15 U
14 8 2 1 D
14 9 9 6 D
14 10 11 10 R
14 11 2 21 L
14 13 12 13 U
14 14 15 14 U
14 15 6 7 R
14 16 2 0 D
14 17 17 10 R
14 18 0 1 D
14 19 12 14 U
14 20 0 16 U
14 21 0 7 R
14 22 19 22 L
14 23 0 4 D
15 0 7 14 U
15 1 12 7 R
15 2 8 10 R
15 3 9 25 L
15 4 1 4 D
15 5 13 5 D
15 7 10 14 U
15 8 3 8 R
15 9 0 16 U
15 10 14 13 U
15 11 19 0 D
15 13 8 13 U
15 14 2 14 U
15 15 0 5 D
15 16 4 16 U
15 17 3 25 L
15 18 13 18 U
15 19 10 0 D
15 20 11 3 D
15 21 3 21 L
15 22 14 22 L
15 23 1 23 L
16 0 0 22 L
16 1 8 19 L
16 2 7 10 R
16 3 7 3 D
16 4 8 4 D
16 5 0 7 R
16 7 3 24 L
16 8 13 2 D
16 9 8 4 D
16 10 12 15 U
16 11 2 11 R
16 13 4 13 U
16 14 11 8 R
16 15 17 19 L
16 16 6 11 R
16 17 1 17 U
16 18 1 18 U
16 19 5 3 D
16 20 3 14 U
16 21 15 21 L
16 22 1 1 D
16 23 10 23 L
17 0 9 0 D
17 1 14 13 U
17 2 1 2 D
17 4 9 8 R
17 5 8 5 D
17 7 15 16 U
17 8 4 15 U
17 9 14 9 R
17 10 0 20 L
17 11 0 13 U
17 13 2 13 U
17 14 3 21 L
17 15 10 15 U
17 16 4 16 U
17 17 18 23 L
17 18 2 18 U
17 19 1 6 D
17 20 2 20 L
17 21 2 21 L
17 22 9 22 L
17 23 0 14 U
18 0 3 0 D
18 2 10 2 D
18 5 9 5 D
18 7 16 7 R
18 8 10 1 D
18 9 0 14 U
18 10 11 10 R
18 11 9 11 R
18 14 2 8 R
18 16 5 16 U
18 18 9 11 R
18 19 13 16 U
18 20 14 13 U
18 21 0 10 R
18 23 13 0 D
19 0 12 22 L
19 2 13 2 D
19 5 2 5 D
19 7 2 7 R
19 9 13 4 D
19 10 18 18 U
19 14 10 14 U
19 18 9 18 U
19 19 12 18 U
19 20 6 6 D
19 21 7 3 D
19 23 10 23 L
20 2 2 19 L
20 7 10 3 D
20 14 1 0 D
20 18 7 18 U
20 21 2 11 R
20 23 16 13 U

