16 18 238
0 0 0 0 0 4 0 0 0 12 8 0 0 0 0 0 8 4 0
10 0 13 0 0 0 0 7 0 0 3 0 0 0 4 0 0 0 0
10 0 12 0 0 0 0 5 0 5 0 0 0 0 1 8 0 0 0
0 9 9 0 0 9 0 0 0 0 1 0 10 0 0 0 0 0 0
0 3 3 0 0 0 0 9 0 0 0 14 0 0 0 8 0 0 0
0 8 0 0 0 0 0 0 0 0 2 0 0 0 0 0 0 0 0
0 15 10 0 0 0 0 0 0 0 7 3 0 0 0 0 0 0 0
0 12 0 0 0 0 0 0 0 15 0 0 6 0 0 0 0 0 0
13 0 0 0 0 0 0 0 0 0 0 8 5 0 0 0 0 10 0
14 0 0 0 0 0 0 0 0 4 9 0 0 0 0 4 0 8 0
0 9 0 4 0 0 0 5 0 0 14 11 0 0 0 0 12 0 7
12 0 0 0 15 0 0 14 0 13 0 9 4 1 4 0 0 0 7
9 8 0 11 7 6 0 0 6 5 0 0 0 0 0 0 0 0 0
0 14 0 0 0 0 0 0 6 0 0 9 0 0 0 0 4 0 0
0 1 0 0 0 0 0 0 0 2 0 0 10 0 1 0 0 0 0
0 7 0 15 14 0 1 10 2 3 13 5 0 0 9 0 4 0 0
0 0 0 0 0 0 0 0 0 0 12 0 0 0 0 0 0 1 0
0 0 0 0 0 0 0 0 0 0 9 4 0 4 2 0 10 0 3
0 8 8 6 2 1 0 4 0 0 7 0 0 0 0 0 0 0 4
0 0 0 0 L
0 1 0 1 L
0 2 0 2 L
0 3 0 3 L
0 4 0 4 L
0 5 0 5 R
0 6 0 6 R
0 7 0 7 R
0 8 0 8 R
0 9 0 9 R
0 10 0 10 D
0 11 0 11 D
0 12 0 12 D
0 13 0 13 D
0 14 0 14 U
0 15 0 15 U
0 16 0 16 U
0 17 0 17 U
1 0 3 11 D
1 1 0 11 D
1 2 8 10 D
1 3 6 3 L
1 4 8 4 L
1 5 0 0 L
1 6 0 17 U
1 7 6 7 R
1 8 5 8 R
1 9 12 10 D
1 10 0 4 L
1 11 10 8 R
1 12 0 15 U
1 13 2 5 R
1 14 0 5 R
1 15 10 5 R
1 16 2 1 L
1 17 3 4 L
2 0 6 14 U
2 1 0 14 U
2 2 11 12 D
2 3 10 16 U
2 4 4 16 U
2 5 5 5 R
2 6 4 6 R
2 7 7 15 U
2 8 4 17 U
2 9 5 17 U
2 10 5 0 L
2 11 0 1 L
2 12 0 3 L
2 13 8 9 R
2 14 3 6 R
2 15 11 15 U
2 16 10 16 U
2 17 5 2 L
3 0 0 10 D
3 1 4 1 L
3 2 0 12 D
3 3 0 15 U
3 4 0 17 U
3 5 5 5 R
3 6 8 0 L
3 7 5 7 R
3 8 0 13 D
3 9 7 16 U
3 10 0 5 R
3 11 0 0 L
3 12 10 12 D
3 13 0 8 R
3 14 0 2 L
3 15 0 6 R
3 16 6 16 U
3 17 10 17 U
4 0 6 15 U
4 1 2 16 U
4 2 9 16 U
4 3 2 3 L
4 4 13 10 D
4 5 1 15 U
4 6 0 10 D
4 7 0 15 U
4 8 0 12 D
4 9 3 9 R
4 10 3 6 R
4 11 3 11 D
4 12 2 3 L
4 13 3 13 D
4 14 1 10 D
4 15 1 8 R
4 16 8 12 D
4 17 0 3 L
5 0 12 12 D
5 1 10 10 D
5 2 7 2 L
5 3 7 13 D
5 4 7 4 L
5 5 9 5 R
5 6 1 6 R
5 7 11 17 U
5 8 10 8 R
5 9 2 14 U
5 10 2 3 L
5 11 9 3 L
5 12 8 1 L
5 13 1 4 L
5 14 2 14 U
5 15 2 15 U
5 16 3 5 R
5 17 11 7 R
6 0 8 15 U
6 1 4 1 L
6 2 2 17 U
6 3 1 3 L
6 4 12 4 L
6 5 8 17 U
6 6 9 11 D
6 7 0 11 D
6 8 0 4 L
6 10 10 5 R
6 11 3 5 R
6 12 3 6 R
6 13 4 8 R
6 14 11 0 L
6 15 11 1 L
6 16 7 2 L
6 17 7 0 L
7 0 11 0 L
7 1 3 1 L
7 2 5 11 D
7 3 4 3 L
7 4 3 12 D
7 5 0 14 U
7 6 8 12 D
7 7 4 2 L
7 8 13 10 D
7 9 6 9 R
7 10 12 6 R
7 11 0 7 R
7 12 2 8 R
7 13 8 13 D
7 14 0 0 L
7 15 11 3 L
7 16 1 0 L
7 17 5 8 R
8 0 5 11 D
8 1 0 9 R
8 2 2 14 U
8 3 0 7 R
8 4 0 8 R
8 5 9 17 U
8 6 15 6 R
8 7 0 3 L
8 8 1 8 R
8 9 5 14 U
8 10 10 10 D
8 11 3 11 D
8 12 7 7 R
8 13 2 6 R
8 14 5 11 D
8 15 0 1 L
8 16 1 7 R
8 17 7 17 U
9 0 0 16 U
9 1 10 14 U
9 2 5 2 L
9 3 2 14 U
9 4 7 14 U
9 5 0 11 D
9 6 14 6 R
9 8 6 11 D
9 9 4 9 R
9 10 0 9 R
9 11 3 4 L
9 12 11 6 R
9 13 6 7 R
9 14 3 2 L
9 15 0 7 R
9 17 11 1 L
10 0 0 6 R
10 1 6 15 U
10 2 5 2 L
10 3 0 13 D
10 4 9 4 L
10 6 7 6 R
10 7 5 17 U
10 8 1 8 R
10 10 0 6 R
10 11 11 5 R
10 12 8 12 D
10 13 4 13 D
10 14 0 12 D
10 15 2 9 R
10 16 9 0 L
10 17 2 17 U
11 0 4 5 R
11 1 9 5 R
11 2 8 13 D
11 3 6 3 L
11 4 10 4 L
11 5 6 10 D
11 6 6 3 L
11 8 5 10 D
11 10 0 2 L
11 11 10 2 L
11 13 9 5 R
11 14 5 9 R
11 15 3 15 U
11 17 5 3 L
12 0 5 13 D
12 1 4 1 L
12 3 9 14 U
12 6 13 6 R
12 8 5 8 R
12 10 9 10 D
12 11 13 11 D
12 13 11 13 D
12 14 4 8 R
12 15 11 4 L
12 17 6 2 L
13 0 4 0 L
13 3 14 3 L
13 6 4 6 R
13 8 11 12 D
13 11 8 11 D
13 13 4 13 D
13 14 11 5 R
13 17 6 17 U
14 0 2 0 L
14 3 5 3 L
14 6 6 6 R
14 8 6 13 D
14 11 3 8 R
14 14 5 14 U
14 17 6 3 L
15 0 1 15 U
15 3 1 8 R
15 8 5 8 R
15 11 3 11 D
15 14 6 6 R

