21 19 335
11 20 8 0 13 6 11 0 20 13 0
20 0 6 0 0 3 0 1 20 0 15
0 0 0 18 12 0 7 0 0 11 5
0 0 2 14 16 19 7 2 0 3 4
0 20 0 0 0 7 0 0 15 16 6
12 7 0 18 0 2 0 2 9 0 7
3 0 1 0 10 8 11 0 11 6 0
18 0 0 0 14 0 0 8 0 6 0
6 0 10 10 0 2 4 5 10 13 0
11 12 0 0 17 0 0 10 0 0 0
4 10 0 0 4 0 2 4 7 1 17
0 0 0 0 D
0 1 0 1 D
0 2 0 2 D
0 3 0 3 D
0 4 0 4 D
0 5 0 5 R
0 6 0 6 R
0 7 0 7 R
0 8 0 8 R
0 9 0 9 R
0 10 0 10 U
0 11 0 11 U
0 12 0 12 U
0 13 0 13 U
0 14 0 14 L
0 15 0 15 L
0 16 0 16 L
0 17 0 17 L
0 18 0 18 L
1 0 0 16 L
1 1 15 5 R
1 2 16 16 L
1 3 6 3 D
1 4 17 7 R
1 5 13 13 U
1 6 17 6 R
1 7 2 7 R
1 8 9 1 D
1 9 14 9 R
1 10 0 8 R
1 11 0 5 R
1 12 2 12 U
1 13 0 15 L
1 14 0 1 D
1 15 12 13 U
1 16 3 2 D
1 17 10 17 L
1 18 11 18 L
2 0 5 0 D
2 1 13 1 D
2 2 1 8 R
2 3 5 3 D
2 4 7 6 R
2 5 12 15 L
2 6 0 13 U
2 7 4 7 R
2 8 7 8 R
2 9 8 9 R
2 10 5 6 R
2 11 4 5 R
2 12 4 3 D
2 13 4 5 R
2 14 16 2 D
2 15 1 15 L
2 16 11 12 U
2 17 5 2 D
2 18 12 10 U
3 0 17 0 D
3 1 12 16 L
3 2 11 15 L
3 3 1 17 L
3 5 13 0 D
3 6 0 16 L
3 7 17 2 D
3 8 7 8 R
3 9 1 9 R
3 10 18 9 R
3 11 4 14 L
3 12 1 15 L
3 13 14 7 R
3 14 4 14 L
3 15 2 2 D
3 16 5 16 L
3 17 2 17 L
3 18 8 2 D
4 0 7 6 R
4 1 3 15 L
4 2 0 17 L
4 3 15 3 D
4 4 10 5 R
4 5 3 1 D
4 6 3 6 R
4 7 8 4 D
4 8 3 8 R
4 9 3 9 R
4 10 6 3 D
4 11 13 5 R
4 12 3 8 R
4 13 1 13 U
4 14 11 11 U
4 15 9 12 U
4 16 9 1 D
4 17 0 6 R
4 18 11 2 D
5 0 0 14 L
5 1 12 7 R
5 2 8 2 D
5 3 16 3 D
5 5 7 12 U
5 6 3 2 D
5 7 3 7 R
5 8 15 8 R
5 9 10 1 D
5 10 6 10 U
5 11 4 11 U
5 12 12 7 R
5 13 8 6 R
5 14 16 0 D
5 15 12 11 U
5 16 1 0 D
5 17 14 17 L
5 18 16 11 U
6 0 0 10 U
6 1 5 6 R
6 2 11 7 R
6 3 0 13 U
6 4 5 4 D
6 5 0 10 U
6 6 8 4 D
6 7 7 3 D
6 8 12 18 L
6 9 8 3 D
6 10 4 5 R
6 11 1 6 R
6 12 5 12 U
6 13 8 13 U
6 14 1 13 U
6 15 3 2 D
6 16 0 3 D
6 17 17 1 D
6 18 4 0 D
7 0 5 14 L
7 1 1 17 L
7 2 13 15 L
7 3 10 14 L
7 4 1 7 R
7 5 0 0 D
7 6 8 0 D
7 7 16 7 R
7 8 14 0 D
7 9 17 0 D
7 10 15 4 D
7 11 19 15 L
7 12 15 12 U
7 13 9 16 L
7 14 1 10 U
7 15 0 11 U
7 16 6 13 U
7 17 13 17 L
7 18 18 18 L
8 0 4 17 L
8 1 16 14 L
8 2 5 2 D
8 3 12 9 R
8 4 10 18 L
8 5 0 3 D
8 6 0 11 U
8 7 4 7 R
8 8 1 8 R
8 9 10 11 U
8 10 6 7 R
8 11 6 15 L
8 12 16 14 L
8 13 3 15 L
8 14 12 4 D
8 15 2 1 D
8 16 14 4 D
8 17 0 0 D
8 18 1 4 D
9 0 11 5 R
9 1 0 11 U
9 2 6 2 D
9 3 7 9 R
9 5 7 14 L
9 6 13 6 R
9 7 13 0 D
9 8 0 2 D
9 9 18 2 D
9 10 7 17 L
9 11 17 7 R
9 12 5 5 R
9 13 5 17 L
9 14 6 0 D
9 15 4 12 U
9 16 4 10 U
9 17 2 17 L
10 0 4 5 R
10 1 6 10 U
10 2 7 14 L
10 3 5 6 R
10 5 14 13 U
10 6 1 11 U
10 7 7 11 U
10 8 7 3 D
10 9 12 9 R
10 10 8 10 U
10 11 0 17 L
10 12 1 17 L
10 13 4 13 U
10 14 0 5 R
10 15 5 0 D
10 16 19 3 D
10 17 4 3 D
11 0 3 5 R
11 1 6 16 L
11 2 2 12 U
11 3 15 13 U
11 4 0 5 R
11 5 3 10 U
11 6 0 15 L
11 7 7 15 L
11 8 4 15 L
11 10 14 10 U
11 11 7 17 L
11 12 12 6 R
11 13 0 14 L
11 14 0 10 U
11 16 10 12 U
11 17 13 10 U
11 18 8 6 R
12 0 10 7 R
12 1 8 1 D
12 2 18 5 R
12 3 10 18 L
12 5 16 11 U
12 6 3 10 U
12 7 6 7 R
12 8 5 17 L
12 9 17 10 U
12 10 0 7 R
12 12 2 12 U
12 13 8 7 R
12 14 2 10 U
12 15 8 3 D
12 16 0 8 R
12 17 14 0 D
13 0 16 14 L
13 1 9 13 U
13 2 16 14 L
13 3 17 5 R
13 5 0 14 L
13 6 11 12 U
13 7 8 3 D
13 8 4 13 U
13 9 3 9 R
13 10 0 14 L
13 11 17 18 L
13 12 3 16 L
13 13 3 7 R
13 14 2 12 U
13 15 3 0 D
13 16 4 1 D
14 0 2 14 L
14 2 1 16 L
14 3 4 6 R
14 5 5 14 L
14 6 9 12 U
14 7 7 7 R
14 8 17 8 R
14 10 10 5 R
14 11 0 9 R
14 12 12 18 L
14 13 1 13 U
14 14 12 3 D
14 15 2 15 L
14 16 9 10 U
14 17 4 17 L
15 0 11 16 L
15 1 7 9 R
15 2 2 2 D
15 5 17 5 R
15 6 3 14 L
15 7 7 10 U
15 8 5 16 L
15 10 0 1 D
15 11 12 2 D
15 12 1 5 R
15 13 6 13 U
15 14 14 13 U
15 16 10 16 L
15 17 9 12 U
15 18 2 12 U
16 0 10 15 L
16 1 13 12 U
16 2 11 17 L
16 3 9 16 L
16 5 8 11 U
16 6 4 0 D
16 7 15 12 U
16 8 1 8 R
16 10 2 8 R
16 12 7 0 D
16 13 11 13 U
16 14 6 12 U
16 15 6 11 U
16 16 15 16 L
16 17 15 11 U
17 0 16 12 U
17 3 9 3 D
17 5 7 16 L
17 6 3 0 D
17 7 3 7 R
17 8 1 8 R
17 9 0 12 U
17 10 0 18 L
17 11 3 16 L
17 12 7 16 L
17 13 15 13 U
17 14 7 14 L
17 15 19 10 U
17 16 9 5 R
17 17 5 3 D
17 18 9 18 L
18 0 15 5 R
18 5 1 18 L
18 6 14 1 D
18 7 1 13 U
18 10 14 0 D
18 12 16 15 L
18 13 12 7 R
18 14 6 1 D
18 16 16 13 U
18 17 19 2 D
19 0 18 0 D
19 2 6 17 L
19 3 18 5 R
19 6 17 6 R
19 10 3 14 L
19 12 15 12 U
19 13 10 8 R
19 14 4 5 R
20 6 2 3 D
20 10 1 2 D
20 13 19 1 D
20 14 19 1 D

