19 13 222
18 0 0 0 0 0 1 17 0 14 0 16 0 0 0 0 14
0 0 0 0 0 0 0 0 3 16 16 0 0 2 0 0 0
0 0 0 0 0 0 0 0 0 0 0 4 5 0 0 0 0
5 14 18 0 17 0 0 0 0 0 0 0 0 0 0 0 0
0 0 8 0 0 8 7 0 0 0 0 6 7 0 1 0 0
0 0 0 0 0 0 6 16 0 0 8 0 0 1 0 0 4
0 16 17 0 0 0 3 8 9 15 0 13 17 0 15 5 0
0 0 0 0 0 0 0 0 0 0 0 0 0 0 0 0 0
0 6 0 14 0 0 0 0 0 0 0 0 18 12 0 0 13
0 14 4 0 0 0 0 0 0 0 0 0 0 0 6 0 0
18 0 4 0 0 0 3 0 0 0 9 8 8 15 17 0 0
0 0 0 0 0 0 14 0 0 0 0 7 0 0 0 0 0
2 0 0 2 0 0 8 12 0 0 0 12 4 5 7 0 0
0 0 0 0 0 0 0 6 0 0 0 6 0 0 0 4 0
0 0 0 0 0 0 17 0 0 0 0 0 0 0 18 0 0
0 0 0 0 0 0 3 0 0 17 0 14 0 0 14 0 0
0 0 0 0 11 5 1 0 0 0 0 18 0 0 0 0 2
0 0 0 0 U
0 1 0 1 U
0 2 0 2 U
0 3 0 3 R
0 4 0 4 R
0 5 0 5 R
0 6 0 6 D
0 7 0 7 D
0 8 0 8 D
0 9 0 9 D
0 10 0 10 L
0 11 0 11 L
0 12 0 12 L
1 0 11 11 L
1 1 3 10 L
1 2 8 11 L
1 3 0 6 D
1 4 8 7 D
1 5 4 5 R
1 6 9 6 D
1 7 0 4 R
1 8 6 8 D
1 9 4 9 D
1 10 0 0 U
1 11 3 2 U
1 12 8 7 D
2 0 0 12 L
2 1 0 5 R
2 2 0 3 R
2 3 10 2 U
2 4 1 9 D
2 5 0 10 L
2 6 11 4 R
2 7 7 7 D
2 8 12 5 R
2 9 8 9 D
2 10 12 10 L
2 11 3 6 D
2 12 1 12 L
3 0 0 3 R
3 1 1 11 L
3 2 8 2 U
3 3 13 3 R
3 4 16 10 L
3 5 11 5 R
3 6 0 10 L
3 7 4 3 R
3 8 13 4 R
3 9 0 2 U
3 10 0 8 D
3 11 6 9 D
3 12 4 12 L
4 0 5 0 U
4 1 1 10 L
4 2 7 4 R
4 3 13 1 U
4 4 14 8 D
4 5 16 0 U
4 6 0 0 U
4 7 0 5 R
4 8 6 8 D
4 9 3 9 D
4 10 9 0 U
4 11 0 6 D
4 12 2 12 L
5 0 15 0 U
5 1 0 10 L
5 2 10 12 L
5 3 2 6 D
5 4 1 7 D
5 5 12 1 U
5 6 0 3 R
5 7 0 1 U
5 8 6 8 D
5 9 0 4 R
5 10 9 1 U
5 11 4 1 U
5 12 6 12 L
6 0 10 3 R
6 1 2 1 U
6 2 4 2 U
6 3 2 3 R
6 4 8 9 D
6 5 4 5 R
6 6 0 1 U
6 7 2 11 L
6 8 9 10 L
6 9 1 3 R
6 10 13 8 D
6 11 0 3 R
6 12 0 1 U
7 0 6 3 R
7 1 14 3 R
7 2 4 2 U
7 3 12 1 U
7 4 0 0 U
7 5 1 7 D
7 6 4 6 D
7 7 12 5 R
7 8 12 0 U
7 9 15 11 L
7 10 9 9 D
7 11 13 8 D
7 12 5 12 L
8 0 0 11 L
8 1 2 10 L
8 2 3 4 R
8 3 0 8 D
8 4 9 8 D
8 6 15 6 D
8 7 12 4 R
8 8 16 8 D
8 9 1 9 D
8 10 4 8 D
8 11 13 11 L
8 12 6 1 U
9 0 2 12 L
9 1 0 8 D
9 2 10 5 R
9 3 14 0 U
9 4 11 0 U
9 6 5 3 R
9 7 5 3 R
9 8 1 4 R
9 10 0 2 U
9 11 15 1 U
9 12 2 12 L
10 0 2 6 D
10 1 5 11 L
10 2 6 12 L
10 3 0 7 D
10 4 3 7 D
10 6 9 6 D
10 7 9 4 R
10 8 11 11 L
10 9 4 10 L
10 10 12 7 D
10 11 14 7 D
10 12 3 8 D
11 0 15 3 R
11 1 14 4 R
11 2 3 10 L
11 3 0 1 U
11 4 3 2 U
11 5 6 1 U
11 6 1 5 R
11 7 15 7 D
11 8 7 11 L
11 10 7 0 U
11 11 0 7 D
11 12 6 6 D
12 0 15 4 R
12 1 10 4 R
12 2 10 4 R
12 3 4 6 D
12 4 5 6 D
12 6 10 3 R
12 7 14 10 L
12 8 1 3 R
12 9 7 2 U
12 10 0 1 U
12 11 9 0 U
12 12 7 1 U
13 0 9 0 U
13 1 1 4 R
13 2 7 3 R
13 3 7 6 D
13 4 10 8 D
13 6 11 10 L
13 7 11 11 L
13 8 14 10 L
13 10 12 2 U
13 11 17 8 D
13 12 4 12 L
14 0 0 6 D
14 1 0 4 R
14 2 0 4 R
14 3 16 2 U
14 4 0 11 L
14 6 2 10 L
14 7 4 11 L
14 8 9 8 D
14 10 1 1 U
14 11 11 6 D
14 12 12 8 D
15 0 1 0 U
15 1 2 1 U
15 2 1 10 L
15 3 10 10 L
15 4 11 2 U
15 6 4 3 R
15 7 4 4 R
15 8 3 8 D
15 9 12 1 U
15 10 7 6 D
15 11 12 6 D
15 12 12 2 U
16 0 5 12 L
16 1 11 1 U
16 2 11 2 U
16 3 5 7 D
16 4 0 9 D
16 6 5 6 D
16 7 4 12 L
16 8 9 11 L
16 9 6 0 U
16 10 4 1 U
17 0 15 11 L
17 1 16 11 L
17 2 14 3 R
17 3 0 2 U
17 4 10 6 D
17 6 9 3 R
17 7 5 7 D
17 8 10 8 D
17 10 0 5 R
18 0 13 4 R
18 3 17 7 D
18 4 2 4 R
18 6 13 2 U
18 7 16 2 U
18 8 13 3 R

