13 13 143
2 0 11 0 0 7 11 1 0 2
0 10 0 0 0 7 0 0 1 11
0 0 7 2 2 0 0 0 0 0
0 12 0 6 4 0 0 0 0 0
0 0 5 0 11 0 7 0 10 10
10 12 0 0 0 10 0 11 0 5
0 0 0 2 0 0 0 0 8 0
0 9 0 1 12 9 0 0 0 0
0 0 1 0 6 0 0 0 0 0
0 2 0 4 3 7 8 7 9 5
0 0 0 0 D
0 1 0 1 D
0 2 0 2 D
0 3 0 3 R
0 4 0 4 R
0 5 0 5 R
0 6 0 6 U
0 7 0 7 U
0 8 0 8 U
0 9 0 9 L
0 10 0 10 L
0 11 0 11 L
0 12 0 12 L
1 0 3 3 R
1 1 7 1 D
1 2 0 11 L
1 3 6 3 R
1 4 0 8 U
1 5 9 8 U
1 6 2 1 D
1 7 2 11 L
1 8 5 8 U
1 9 0 4 R
1 10 2 2 D
1 11 3 6 U
1 12 8 1 D
2 0 0 4 R
2 1 7 11 L
2 2 6 2 D
2 3 4 2 D
2 4 0 0 D
2 5 3 1 D
2 6 8 6 U
2 7 0 0 D
2 8 6 3 R
2 9 0 6 U
2 10 3 8 U
2 11 3 8 U
2 12 7 7 U
3 0 4 9 L
3 1 1 3 R
3 2 2 4 R
3 3 10 8 U
3 4 4 4 R
3 5 6 5 R
3 6 2 9 L
3 7 0 10 L
3 8 2 11 L
3 9 0 5 R
3 10 0 2 D
3 11 4 6 U
4 0 3 9 L
4 1 0 6 U
4 2 2 5 R
4 3 3 2 D
4 4 6 4 R
4 5 0 1 D
4 6 6 11 L
4 7 5 9 L
4 8 2 10 L
4 9 10 7 U
4 10 8 5 R
4 11 8 11 L
4 12 8 12 L
5 0 3 0 D
5 1 4 1 D
5 2 1 2 D
5 3 0 6 U
5 4 2 0 D
5 5 8 6 U
5 6 0 9 L
5 7 3 7 U
5 8 3 5 R
5 9 9 8 U
5 10 4 7 U
5 11 3 11 L
6 0 0 9 L
6 1 8 10 L
6 2 1 9 L
6 3 8 7 U
6 4 5 1 D
6 5 0 7 U
6 6 9 12 L
6 7 2 10 L
6 8 1 3 R
6 9 7 9 L
6 10 9 10 L
6 11 3 11 L
7 0 5 4 R
7 1 2 3 R
7 2 9 3 R
7 3 2 3 R
7 4 1 8 U
7 5 0 10 L
7 6 0 3 R
7 7 2 7 U
7 8 1 8 U
7 9 5 6 U
7 10 1 7 U
7 11 4 11 L
8 0 3 11 L
8 1 6 10 L
8 2 4 2 D
8 3 6 7 U
8 4 9 7 U
8 5 7 5 R
8 6 3 5 R
8 7 0 5 R
8 8 0 2 D
8 9 9 9 L
8 10 9 0 D
8 11 9 1 D
9 0 0 12 L
9 1 7 5 R
9 2 5 11 L
9 3 7 3 R
9 4 3 2 D
9 5 1 0 D
9 6 10 4 R
9 7 0 4 R
9 8 5 10 L
9 9 7 6 U
9 10 8 1 D
9 11 7 7 U
10 0 0 3 R
10 1 3 9 L
10 2 11 7 U
10 3 6 12 L
10 4 9 2 D
10 5 9 2 D
10 6 5 0 D
10 7 11 5 R
10 9 0 3 R
10 11 4 5 R
11 0 0 7 U
11 2 5 12 L
11 6 10 9 L
11 7 2 2 D
11 8 10 1 D
11 9 1 6 U
11 10 0 0 D
12 0 7 4 R
12 9 7 0 D

