19 20 314
0 4 0 0 16 0 17 16 16 2
16 7 0 0 5 9 6 6 8 6
15 0 0 0 12 16 0 17 0 0
17 8 0 17 16 14 0 10 0 0
18 0 0 0 0 0 5 11 0 11
2 14 8 6 0 8 14 6 18 7
18 16 4 0 0 8 13 0 0 0
0 0 0 0 6 0 13 0 0 0
0 0 0 0 2 0 14 10 0 0
17 16 15 1 8 15 13 2 16 15
0 0 0 0 U
0 1 0 1 U
0 2 0 2 U
0 3 0 3 U
0 4 0 4 U
0 5 0 5 U
0 6 0 6 R
0 7 0 7 R
0 8 0 8 R
0 9 0 9 R
0 10 0 10 R
0 11 0 11 D
0 12 0 12 D
0 13 0 13 D
0 14 0 14 D
0 15 0 15 D
0 16 0 16 L
0 17 0 17 L
0 18 0 18 L
0 19 0 19 L
1 0 6 19 L
1 1 6 9 R
1 2 5 2 U
1 3 13 6 R
1 4 3 7 R
1 5 3 6 R
1 6 7 0 U
1 7 8 12 D
1 8 6 13 D
1 9 4 9 R
1 10 17 10 R
1 11 7 16 L
1 12 4 2 U
1 13 8 10 R
1 14 2 16 L
1 15 8 0 U
1 16 8 16 L
1 17 0 1 U
1 18 4 18 L
1 19 3 13 D
2 0 5 17 L
2 1 10 1 U
2 2 8 6 R
2 3 7 3 U
2 4 9 4 U
2 5 8 5 U
2 6 0 0 U
2 7 0 4 U
2 8 10 12 D
2 9 7 14 D
2 10 13 10 R
2 11 11 11 D
2 12 0 0 U
2 13 0 3 U
2 14 0 9 R
2 15 14 5 U
2 16 5 3 U
2 17 1 13 D
2 18 14 2 U
2 19 12 7 R
3 0 1 0 U
3 1 10 17 L
3 2 0 14 D
3 3 4 9 R
3 4 16 4 U
3 5 14 10 R
3 6 0 11 D
3 7 6 19 L
3 8 6 8 R
3 9 6 19 L
3 10 2 2 U
3 11 1 17 L
3 12 12 18 L
3 13 2 13 D
3 14 11 7 R
3 16 0 11 D
3 17 1 17 L
3 18 6 18 L
3 19 11 19 L
4 0 13 6 R
4 1 15 8 R
4 2 3 19 L
4 3 9 18 L
4 4 5 9 R
4 5 5 5 U
4 6 6 12 D
4 7 3 7 R
4 8 11 15 D
4 9 5 11 D
4 10 0 19 L
4 11 5 3 U
4 12 1 12 D
4 13 15 7 R
4 14 2 19 L
4 15 2 2 U
4 16 8 12 D
4 17 6 4 U
4 18 3 0 U
4 19 12 19 L
5 0 1 16 L
5 1 8 6 R
5 2 13 17 L
5 3 8 8 R
5 4 14 17 L
5 6 1 1 U
5 7 3 11 D
5 8 4 12 D
5 9 10 2 U
5 10 6 10 R
5 11 2 16 L
5 12 10 1 U
5 13 2 13 D
5 14 2 14 D
5 15 4 15 D
5 16 10 14 D
5 17 4 15 D
5 18 9 18 L
5 19 0 10 R
6 0 9 10 R
6 1 0 17 L
6 2 10 7 R
6 3 0 18 L
6 4 3 4 U
6 6 5 16 L
6 7 3 7 R
6 8 7 11 D
6 9 0 1 U
6 10 14 10 R
6 11 1 19 L
6 12 14 12 D
6 13 10 6 R
6 14 16 7 R
6 16 3 11 D
6 17 15 3 U
6 18 3 18 L
6 19 9 11 D
7 0 0 16 L
7 1 0 6 R
7 2 1 11 D
7 3 9 3 U
7 4 1 8 R
7 6 1 0 U
7 7 15 7 R
7 8 3 18 L
7 9 0 2 U
7 10 6 10 R
7 11 2 1 U
7 12 2 0 U
7 13 4 13 D
7 14 2 14 D
7 15 9 15 D
7 16 5 13 D
7 17 15 17 L
7 18 4 13 D
7 19 6 2 U
8 0 10 16 L
8 1 3 12 D
8 2 2 7 R
8 3 11 3 U
8 4 3 4 U
8 6 6 13 D
8 7 0 17 L
8 8 3 8 R
8 9 1 9 R
8 10 18 0 U
8 11 14 6 R
8 12 5 12 D
8 13 2 13 D
8 14 9 9 R
8 15 2 15 D
8 16 1 16 L
8 17 14 12 D
8 18 2 13 D
8 19 1 14 D
9 0 3 7 R
9 1 13 7 R
9 2 0 8 R
9 3 15 3 U
9 4 14 10 R
9 6 7 19 L
9 7 5 17 L
9 8 0 1 U
9 9 10 1 U
9 10 16 10 R
9 11 1 7 R
9 12 2 8 R
9 13 2 13 D
9 14 2 14 D
9 16 11 4 U
9 17 11 1 U
9 18 2 14 D
9 19 0 4 U
10 0 6 8 R
10 1 7 18 L
10 2 1 2 U
10 3 7 3 U
10 4 0 9 R
10 6 4 2 U
10 7 16 13 D
10 8 6 8 R
10 9 12 12 D
10 10 8 11 D
10 11 5 6 R
10 12 0 2 U
10 13 0 7 R
10 14 7 9 R
10 16 5 5 U
10 17 1 11 D
10 18 5 11 D
10 19 3 19 L
11 0 2 0 U
11 1 1 1 U
11 2 12 7 R
11 3 5 3 U
11 4 16 4 U
11 6 4 0 U
11 7 2 12 D
11 8 13 15 D
11 9 5 9 R
11 11 1 9 R
11 12 0 1 U
11 13 7 13 D
11 14 16 6 R
11 15 15 9 R
11 16 8 1 U
11 17 5 2 U
11 18 10 15 D
11 19 9 9 R
12 0 0 19 L
12 1 9 9 R
12 2 1 19 L
12 3 2 16 L
12 4 3 4 U
12 6 11 1 U
12 7 0 16 L
12 8 4 8 R
12 9 5 1 U
12 11 0 17 L
12 12 3 18 L
12 13 13 13 D
12 14 4 16 L
12 16 5 12 D
12 17 8 14 D
12 18 5 18 L
12 19 1 19 L
13 0 4 6 R
13 1 8 1 U
13 2 14 2 U
13 3 1 6 R
13 4 7 8 R
13 6 0 18 L
13 7 5 13 D
13 8 12 8 R
13 9 1 19 L
13 11 8 1 U
13 12 10 6 R
13 13 11 13 D
13 16 9 3 U
13 17 11 8 R
13 18 4 3 U
13 19 15 19 L
14 0 4 16 L
14 1 6 16 L
14 2 13 9 R
14 3 0 11 D
14 6 13 2 U
14 7 17 0 U
14 8 3 8 R
14 9 1 9 R
14 11 0 6 R
14 12 2 6 R
14 13 0 4 U
14 16 13 11 D
14 17 0 0 U
14 18 9 12 D
14 19 6 12 D
15 0 13 10 R
15 1 6 1 U
15 2 6 8 R
15 6 0 3 U
15 7 7 7 R
15 8 3 8 R
15 9 1 9 R
15 11 7 0 U
15 12 10 12 D
15 13 13 8 R
15 16 3 0 U
15 17 5 13 D
15 18 7 15 D
15 19 6 3 U
16 0 13 17 L
16 1 15 6 R
16 6 0 14 D
16 8 8 8 R
16 9 10 18 L
16 11 4 9 R
16 12 1 12 D
16 13 1 3 U
16 14 1 14 D
16 16 5 4 U
16 17 17 17 L
16 18 11 14 D
16 19 3 19 L
17 1 16 1 U
17 8 13 8 R
17 9 5 9 R
17 11 3 19 L
17 13 2 13 D
17 16 2 4 U
17 17 13 17 L
18 1 7 1 U
18 13 9 13 D
18 16 12 13 D
18 17 8 1 U

