26 35 781
16 13 16 0 0 13 0 22 17 0 0 1 24 0 21 21 23 0 5 22
0 0 0 0 0 0 9 0 20 0 0 0 23 0 0 11 8 2 9 0
14 18 17 19 0 0 17 12 0 21 0 0 1 19 0 0 0 22 1 0
5 7 0 0 15 0 2 0 0 12 14 0 11 0 0 0 17 12 13 9
23 0 24 5 17 7 0 0 6 0 1 0 17 0 7 0 7 0 0 0
0 1 3 22 22 23 6 17 0 1 0 0 0 0 0 9 24 2 8 15
9 16 0 20 0 22 20 0 21 0 0 0 22 0 17 0 0 0 2 20
1 21 3 13 0 20 0 23 0 21 24 23 0 19 3 11 0 12 0 19
23 0 19 0 0 0 0 18 17 15 0 0 14 20 17 18 19 19 9 0
0 17 0 6 0 1 0 15 0 0 6 0 0 12 7 0 3 0 5 0
17 0 0 15 0 13 1 0 0 0 17 1 22 21 7 0 5 7 17 15
0 18 8 0 21 17 8 18 0 0 0 20 0 0 16 11 0 11 5 0
0 8 0 16 18 0 13 0 0 24 0 23 21 0 0 0 0 7 0 14
18 0 0 21 3 0 16 0 15 13 0 6 3 7 0 0 10 4 7 3
0 19 0 0 0 0 0 0 3 0 5 2 0 14 2 3 0 0 0 0
2 0 0 5 0 8 0 14 0 0 13 2 1 0 0 5 6 0 6 0
23 0 24 25 18 0 15 0 21 12 0 9 0 0 0 0 0 0 13 0
0 20 0 0 0 0 21 0 18 0 0 18 0 16 24 0 0 23 0 0
13 0 25 0 0 18 8 0 0 3 0 19 0 18 15 5 16 0 0 1
6 15 24 0 0 0 17 0 0 0 0 17 17 23 0 7 11 24 14 7
0 0 0 0 U
0 1 0 1 U
0 2 0 2 U
0 3 0 3 U
0 4 0 4 U
0 5 0 5 U
0 6 0 6 U
0 7 0 7 U
0 8 0 8 U
0 9 0 9 R
0 10 0 10 R
0 11 0 11 R
0 12 0 12 R
0 13 0 13 R
0 14 0 14 R
0 15 0 15 R
0 16 0 16 R
0 17 0 17 D
0 18 0 18 D
0 19 0 19 D
0 20 0 20 D
0 21 0 21 D
0 22 0 22 D
0 23 0 23 D
0 24 0 24 D
0 25 0 25 D
0 26 0 26 L
0 27 0 27 L
0 28 0 28 L
0 29 0 29 L
0 30 0 30 L
0 31 0 31 L
0 32 0 32 L
0 33 0 33 L
0 34 0 34 L
1 0 23 11 R
1 1 0 17 D
1 2 15 14 R
1 3 2 3 U
1 4 13 4 U
1 5 4 5 U
1 6 2 6 U
1 7 6 7 U
1 8 20 9 R
1 9 0 20 D
1 10 9 26 L
1 11 20 3 U
1 12 0 0 U
1 13 4 13 R
1 14 3 14 R
1 15 0 21 D
1 16 4 16 R
1 17 9 17 D
1 18 0 26 L
1 19 12 12 R
1 20 0 9 R
1 21 3 21 D
1 22 13 34 L
1 23 5 5 U
1 24 3 24 D
1 25 17 25 D
1 26 9 0 U
1 27 0 9 R
1 28 17 28 L
1 29 19 29 L
1 30 11 5 U
1 31 5 31 L
1 32 2 32 L
1 33 2 23 D
1 34 3 21 D
2 0 7 27 L
2 1 18 28 L
2 2 0 12 R
2 3 5 3 U
2 4 11 11 R
2 5 12 14 R
2 6 13 6 U
2 7 0 15 R
2 8 0 33 L
2 9 9 9 R
2 10 7 10 R
2 11 5 11 R
2 12 0 25 D
2 13 16 4 U
2 14 4 5 U
2 15 3 15 R
2 16 3 16 R
2 17 0 28 L
2 18 1 18 D
2 19 5 19 D
2 20 11 16 R
2 21 0 0 U
2 22 1 22 D
2 23 1 23 D
2 24 7 24 D
2 25 7 25 D
2 26 8 26 L
2 27 14 27 L
2 28 0 10 R
2 29 3 7 U
2 30 0 2 U
2 31 11 21 D
2 32 14 23 D
2 33 12 3 U
2 34 10 34 L
3 0 0 10 R
3 1 1 1 U
3 2 0 18 D
3 3 6 3 U
3 4 2 4 U
3 5 4 5 U
3 6 1 6 U
3 7 6 16 R
3 8 19 8 U
3 9 0 1 U
3 10 0 17 D
3 11 10 11 R
3 12 2 7 U
3 13 0 29 L
3 14 17 2 U
3 15 8 15 R
3 16 16 17 D
3 17 0 33 L
3 18 7 33 L
3 19 0 2 U
3 20 0 27 L
3 21 12 26 L
3 22 10 26 L
3 23 13 23 D
3 24 1 24 D
3 25 2 25 D
3 26 0 23 D
3 27 0 5 U
3 28 0 0 U
3 29 9 29 L
3 30 1 30 L
3 31 0 3 U
3 32 12 25 D
3 33 7 33 L
3 34 1 22 D
4 0 0 33 L
4 1 9 1 U
4 2 2 13 R
4 3 0 21 D
4 4 7 9 R
4 5 6 5 U
4 6 5 10 R
4 7 3 14 R
4 8 5 12 R
4 9 1 18 D
4 10 7 4 U
4 11 13 0 U
4 12 8 1 U
4 13 10 32 L
4 14 0 20 D
4 15 1 8 U
4 16 2 16 R
4 17 9 26 L
4 18 0 34 L
4 19 2 10 R
4 20 11 2 U
4 21 0 29 L
4 22 1 22 D
4 23 8 32 L
4 24 0 16 R
4 25 1 14 R
4 26 15 24 D
4 27 5 27 L
4 28 12 5 U
4 29 0 20 D
4 30 9 30 L
4 31 2 31 L
4 32 3 32 L
4 33 17 33 L
4 34 1 34 L
5 0 0 28 L
5 1 0 11 R
5 2 0 27 L
5 3 8 9 R
5 4 18 16 R
5 5 12 5 U
5 6 0 21 D
5 7 8 9 R
5 8 6 8 U
5 9 0 0 U
5 10 9 17 D
5 11 0 26 L
5 12 3 12 R
5 13 0 31 L
5 14 21 14 R
5 15 8 15 R
5 16 0 23 D
5 17 0 31 L
5 18 12 13 R
5 19 16 27 L
5 20 9 13 R
5 21 10 33 L
5 22 18 9 R
5 23 6 23 D
5 24 15 9 R
5 25 1 11 R
5 26 16 17 D
5 27 0 1 U
5 28 17 18 D
5 29 17 29 L
5 30 12 24 D
5 31 10 31 L
5 32 0 9 R
5 33 4 33 L
5 34 3 34 L
6 0 8 21 D
6 1 16 13 R
6 2 3 15 R
6 3 11 3 U
6 4 14 10 R
6 5 11 14 R
6 6 2 6 U
6 7 0 13 R
6 8 18 8 U
6 9 3 2 U
6 10 14 10 R
6 11 11 17 D
6 12 5 12 R
6 13 5 13 R
6 14 1 26 L
6 15 2 15 R
6 16 3 16 R
6 17 2 31 L
6 18 2 11 R
6 19 2 9 R
6 20 2 20 D
6 21 7 11 R
6 22 14 22 D
6 23 9 26 L
6 24 5 24 D
6 25 1 25 D
6 26 0 21 D
6 27 10 19 D
6 28 0 18 D
6 29 8 2 U
6 30 13 1 U
6 31 2 20 D
6 32 18 32 L
6 33 0 7 U
6 34 10 0 U
7 0 19 27 L
7 1 9 15 R
7 2 0 29 L
7 3 10 29 L
7 4 2 4 U
7 5 14 5 U
7 6 3 28 L
7 7 0 32 L
7 8 17 8 U
7 9 0 18 D
7 10 6 10 R
7 11 0 28 L
7 12 2 12 R
7 13 0 0 U
7 14 0 22 D
7 15 5 17 D
7 16 2 0 U
7 17 5 31 L
7 18 3 18 D
7 19 20 1 U
7 20 2 28 L
7 21 3 30 L
7 22 16 14 R
7 23 2 0 U
7 24 13 13 R
7 25 19 33 L
7 26 0 17 D
7 27 2 27 L
7 28 11 0 U
7 29 0 19 D
7 30 4 4 U
7 31 8 31 L
7 32 6 32 L
7 33 5 33 L
7 34 3 34 L
8 0 0 32 L
8 1 20 1 U
8 2 0 22 D
8 3 0 13 R
8 4 2 9 R
8 5 0 18 D
8 6 11 6 U
8 8 23 8 U
8 9 0 34 L
8 10 0 32 L
8 11 7 4 U
8 12 5 2 U
8 13 20 13 R
8 14 15 8 U
8 15 0 2 U
8 16 4 16 R
8 17 5 29 L
8 18 0 27 L
8 19 16 30 L
8 20 2 20 D
8 21 3 21 D
8 22 0 30 L
8 23 2 23 D
8 24 13 30 L
8 25 1 25 D
8 26 13 22 D
8 27 2 25 D
8 28 0 17 D
8 29 13 4 U
8 30 21 19 D
8 31 10 20 D
8 32 5 4 U
8 33 1 24 D
8 34 9 34 L
9 0 14 28 L
9 1 8 16 R
9 2 3 32 L
9 3 8 10 R
9 4 0 34 L
9 5 6 31 L
9 6 0 16 R
9 8 15 8 U
9 9 14 1 U
9 10 1 10 R
9 11 23 18 D
9 12 3 12 R
9 13 7 22 D
9 14 8 6 U
9 15 4 22 D
9 16 6 16 R
9 17 0 9 R
9 18 6 18 D
9 19 0 32 L
9 20 6 20 D
9 21 2 9 R
9 22 0 12 R
9 23 3 11 R
9 24 18 10 R
9 25 15 29 L
9 26 7 26 L
9 27 2 27 L
9 28 2 28 L
9 29 0 14 R
9 30 0 4 U
9 31 4 31 L
9 32 11 19 D
9 33 12 33 L
9 34 1 21 D
10 0 4 32 L
10 1 8 1 U
10 2 0 14 R
10 3 9 33 L
10 4 0 31 L
10 5 9 5 U
10 6 0 24 D
10 8 2 8 U
10 9 4 3 U
10 10 18 10 R
10 11 15 11 R
10 12 17 19 D
10 13 15 6 U
10 14 0 24 D
10 15 2 17 D
10 16 20 26 L
10 17 1 26 L
10 18 15 30 L
10 19 3 31 L
10 20 19 15 R
10 21 3 21 D
10 22 1 9 R
10 23 8 23 D
10 24 4 16 R
10 25 0 1 U
10 26 1 1 U
10 27 0 4 U
10 28 1 17 D
10 29 2 12 R
10 30 6 22 D
10 31 1 31 L
10 32 20 8 U
10 33 1 33 L
10 34 2 34 L
11 0 17 15 R
11 1 20 30 L
11 2 17 15 R
11 3 5 11 R
11 4 2 4 U
11 5 10 16 R
11 6 5 6 U
11 8 2 8 U
11 9 3 0 U
11 10 0 19 D
11 11 3 11 R
11 12 9 3 U
11 13 0 27 L
11 14 8 5 U
11 15 5 15 R
11 16 2 16 R
11 17 1 31 L
11 18 1 10 R
11 19 16 19 D
11 20 13 11 R
11 21 7 13 R
11 22 9 27 L
11 23 3 14 R
11 24 1 14 R
11 25 15 25 D
11 26 16 26 L
11 27 3 27 L
11 28 20 1 U
11 29 4 18 D
11 30 1 30 L
11 31 2 7 U
11 32 14 32 L
11 33 1 19 D
11 34 5 24 D
12 0 9 10 R
12 1 16 31 L
12 2 0 30 L
12 3 1 3 U
12 4 6 4 U
12 5 3 12 R
12 6 3 22 D
12 8 3 8 U
12 9 6 8 U
12 10 7 0 U
12 11 3 11 R
12 12 5 12 R
12 13 3 13 R
12 14 20 31 L
12 15 15 15 R
12 16 1 0 U
12 17 19 31 L
12 18 6 18 D
12 19 10 12 R
12 20 6 28 L
12 21 2 21 D
12 22 19 11 R
12 23 11 23 D
12 24 2 24 D
12 25 6 25 D
12 26 14 3 U
12 27 9 1 U
12 28 9 18 D
12 29 13 22 D
12 30 8 8 U
12 31 5 23 D
12 32 1 32 L
12 33 11 23 D
12 34 14 22 D
13 0 11 10 R
13 1 2 1 U
13 2 6 13 R
13 3 3 3 U
13 4 12 4 U
13 5 6 5 U
13 6 10 30 L
13 8 7 33 L
13 9 4 0 U
13 10 0 3 U
13 11 1 11 R
13 12 15 6 U
13 13 0 2 U
13 14 10 7 U
13 15 5 1 U
13 16 8 2 U
13 17 15 26 L
13 18 1 11 R
13 19 2 29 L
13 20 14 10 R
13 21 1 21 D
13 22 0 14 R
13 23 8 23 D
13 24 17 24 D
13 25 8 25 D
13 26 10 0 U
13 27 11 22 D
13 28 2 5 U
13 29 3 29 L
13 30 17 30 L
13 31 5 1 U
13 32 11 7 U
13 33 18 7 U
13 34 17 2 U
14 0 15 0 U
14 1 17 23 D
14 2 3 2 U
14 3 6 12 R
14 5 11 15 R
14 6 1 16 R
14 7 17 7 U
14 8 6 8 U
14 9 10 19 D
14 10 1 0 U
14 11 0 1 U
14 12 1 12 R
14 13 3 13 R
14 14 4 3 U
14 15 15 15 R
14 16 5 16 R
14 17 8 34 L
14 18 8 9 R
14 19 21 13 R
14 20 13 27 L
14 21 4 27 L
14 22 2 13 R
14 23 0 13 R
14 24 1 24 D
14 25 7 12 R
14 26 18 8 U
14 27 0 18 D
14 28 4 19 D
14 29 11 19 D
14 30 7 30 L
14 31 0 9 R
14 32 25 22 D
14 33 1 20 D
14 34 6 20 D
15 0 12 19 D
15 1 7 15 R
15 2 16 20 D
15 3 8 3 U
15 4 1 4 U
15 5 2 5 U
15 6 0 13 R
15 8 7 9 R
15 9 2 9 R
15 10 6 10 R
15 11 1 11 R
15 12 0 27 L
15 13 2 13 R
15 14 22 0 U
15 15 4 1 U
15 16 4 6 U
15 17 10 15 R
15 18 20 18 D
15 19 21 29 L
15 20 12 20 D
15 21 13 30 L
15 22 13 28 L
15 23 21 10 R
15 24 10 33 L
15 26 13 19 D
15 27 1 27 L
15 28 11 19 D
15 29 5 29 L
15 30 4 20 D
15 31 8 31 L
15 33 12 6 U
15 34 16 20 D
16 0 0 34 L
16 1 0 26 L
16 2 15 2 U
16 3 13 16 R
16 4 14 13 R
16 5 2 5 U
16 6 15 16 R
16 7 4 34 L
16 8 1 8 U
16 9 8 17 D
16 10 6 10 R
16 11 14 11 R
16 12 5 17 D
16 13 6 13 R
16 14 10 2 U
16 15 1 17 D
16 16 0 18 D
16 17 9 2 U
16 18 13 12 R
16 19 9 12 R
16 20 2 20 D
16 21 1 21 D
16 22 1 31 L
16 23 17 11 R
16 24 19 15 R
16 26 2 23 D
16 27 5 1 U
16 28 4 28 L
16 29 18 24 D
16 30 0 12 R
16 31 1 31 L
16 33 1 33 L
16 34 0 25 D
17 0 18 12 R
17 1 7 14 R
17 2 7 13 R
17 3 0 28 L
17 4 18 10 R
17 5 7 11 R
17 6 8 6 U
17 7 9 14 R
17 8 14 16 R
17 9 3 24 D
17 10 9 22 D
17 11 5 1 U
17 12 1 12 R
17 13 3 13 R
17 14 24 14 R
17 15 0 27 L
17 16 19 24 D
17 17 0 1 U
17 18 13 18 D
17 19 5 33 L
17 20 4 31 L
17 21 20 14 R
17 22 11 22 D
17 23 15 23 D
17 24 0 1 U
17 26 11 5 U
17 27 16 27 L
17 28 1 28 L
17 29 13 17 D
17 30 16 6 U
17 31 6 31 L
17 33 8 5 U
17 34 21 34 L
18 0 24 9 R
18 1 6 11 R
18 2 10 34 L
18 3 0 19 D
18 4 14 4 U
18 5 10 15 R
18 6 6 6 U
18 7 1 14 R
18 8 6 8 U
18 9 8 2 U
18 10 15 7 U
18 11 0 33 L
18 12 22 12 R
18 13 3 13 R
18 14 4 14 R
18 15 7 15 R
18 16 7 16 R
18 17 9 9 R
18 18 14 9 R
18 19 23 19 D
18 20 9 33 L
18 21 1 21 D
18 22 20 22 D
18 23 10 23 D
18 24 12 8 U
18 26 9 18 D
18 27 20 18 D
18 28 9 8 U
18 29 3 29 L
18 30 12 30 L
18 31 11 3 U
18 33 1 33 L
18 34 6 34 L
19 0 18 26 L
19 1 7 26 L
19 2 7 2 U
19 3 22 15 R
19 6 9 6 U
19 8 8 14 R
19 9 16 4 U
19 10 6 10 R
19 11 18 1 U
19 12 0 30 L
19 13 16 13 R
19 14 6 14 R
19 15 1 15 R
19 16 3 16 R
19 17 1 17 D
19 19 16 11 R
19 20 3 20 D
19 21 8 13 R
19 22 2 22 D
19 23 4 23 D
19 24 0 34 L
19 26 21 21 D
19 27 0 16 R
19 28 2 0 U
19 29 14 21 D
19 30 22 30 L
19 31 18 22 D
19 33 15 2 U
19 34 6 34 L
20 0 0 9 R
20 1 15 16 R
20 2 11 2 U
20 3 5 3 U
20 6 16 6 U
20 9 0 4 U
20 10 1 10 R
20 11 3 11 R
20 12 3 7 U
20 13 4 3 U
20 14 0 28 L
20 15 8 15 R
20 16 16 16 R
20 17 7 13 R
20 19 24 19 D
20 20 1 20 D
20 21 12 21 D
20 22 3 10 R
20 23 2 23 D
20 26 14 23 D
20 27 17 3 U
20 28 4 28 L
20 29 2 29 L
20 31 17 31 L
20 33 7 8 U
20 34 2 34 L
21 0 14 27 L
21 2 22 11 R
21 6 12 6 U
21 9 13 23 D
21 10 16 8 U
21 11 22 11 R
21 12 13 12 R
21 13 7 13 R
21 15 18 1 U
21 16 20 3 U
21 17 4 29 L
21 18 19 28 L
21 20 22 28 L
21 21 11 21 D
21 23 3 30 L
21 26 1 26 L
21 27 11 5 U
21 28 3 2 U
21 29 6 2 U
21 30 11 30 L
21 31 4 31 L
21 32 18 0 U
21 33 8 33 L
22 2 11 2 U
22 8 0 11 R
22 9 1 2 U
22 10 2 28 L
22 11 7 20 D
22 12 6 21 D
22 13 0 24 D
22 15 16 21 D
22 16 4 16 R
22 17 15 10 R
22 18 9 32 L
22 20 17 20 D
22 21 11 11 R
22 23 17 30 L
22 26 20 25 D
22 27 1 22 D
22 28 19 25 D
22 29 3 29 L
22 30 18 30 L
22 31 4 9 R
22 33 11 24 D
23 2 17 2 U
23 4 2 30 L
23 10 3 10 R
23 11 11 11 R
23 12 6 4 U
23 13 0 17 D
23 15 1 0 U
23 17 16 26 L
23 21 19 27 L
23 22 18 22 D
23 23 5 23 D
23 26 0 6 U
23 27 0 15 R
23 28 4 28 L
23 29 19 23 D
23 31 1 11 R
23 33 1 4 U
24 2 6 2 U
24 10 6 10 R
24 11 3 11 R
24 13 3 13 R
24 15 2 15 R
24 17 1 32 L
24 21 10 12 R
24 23 0 3 U
24 27 6 21 D
24 28 16 2 U
24 30 5 30 L
24 31 3 31 L
24 33 5 33 L
25 21 18 21 D
25 23 3 27 L
25 33 19 19 D

