20 16 268
0 0 13 0 0 9 0 0 8 4 0 0 13 10 2 0 0 0 0
0 0 0 10 0 0 0 0 0 0 0 0 15 0 0 0 0 3 0
0 0 1 0 0 0 0 0 14 0 0 0 0 0 0 4 0 13 13
0 0 5 0 4 7 0 0 0 5 0 0 12 0 0 0 0 16 3
0 0 0 0 0 0 0 0 0 7 0 12 0 0 13 0 0 0 4
0 0 0 5 18 0 19 0 0 0 0 11 0 8 0 0 0 0 6
0 0 0 0 0 7 0 0 1 11 5 0 4 0 0 9 0 0 10
16 0 16 15 3 1 5 14 0 0 0 0 0 0 3 0 10 0 8
0 8 0 0 0 0 4 0 0 0 5 14 0 0 0 3 0 0 0
10 9 0 0 14 19 0 0 0 0 0 0 0 17 8 16 0 17 0
0 0 0 17 0 15 1 0 0 0 5 0 0 0 0 3 0 0 10
0 0 0 0 0 10 5 14 0 0 0 16 6 17 0 0 0 12 18
0 0 0 0 0 4 0 0 5 0 13 16 0 0 2 4 0 0 0
0 0 0 0 12 0 0 0 0 0 0 0 0 0 0 0 0 0 4
0 0 0 0 0 0 10 9 0 0 0 11 12 0 0 0 16 0 0
0 0 0 0 0 0 5 0 0 0 0 0 0 7 5 10 0 0 0
7 5 14 16 0 0 15 0 0 0 0 7 0 0 0 14 7 14 0
0 0 0 0 0 8 0 0 9 0 0 0 0 0 0 3 0 0 0
0 0 0 0 0 0 7 5 2 0 0 0 1 17 3 9 0 18 15
0 0 0 0 D
0 1 0 1 D
0 2 0 2 D
0 3 0 3 D
0 4 0 4 R
0 5 0 5 R
0 6 0 6 R
0 7 0 7 R
0 8 0 8 U
0 9 0 9 U
0 10 0 10 U
0 11 0 11 U
0 12 0 12 L
0 13 0 13 L
0 14 0 14 L
0 15 0 15 L
1 0 14 12 L
1 1 0 12 L
1 2 5 15 L
1 3 0 6 R
1 4 10 8 U
1 5 0 8 U
1 6 2 6 R
1 7 2 3 D
1 8 3 12 L
1 9 4 9 U
1 10 3 10 U
1 11 14 14 L
1 12 4 3 D
1 13 3 13 L
1 14 5 0 D
1 15 3 7 R
2 0 7 5 R
2 1 1 1 D
2 2 3 2 D
2 3 5 12 L
2 4 1 9 U
2 5 6 8 U
2 6 0 0 D
2 7 4 11 U
2 8 5 15 L
2 9 8 14 L
2 10 6 15 L
2 11 6 11 U
2 12 10 2 D
2 13 6 0 D
2 14 12 2 D
2 15 3 15 L
3 0 0 4 R
3 1 4 1 D
3 2 15 2 D
3 3 8 3 D
3 4 9 4 R
3 5 10 1 D
3 6 11 6 R
3 7 2 7 R
3 8 0 0 D
3 9 2 12 L
3 10 1 10 U
3 11 7 11 U
3 12 10 1 D
3 13 12 0 D
3 14 7 14 L
3 15 12 4 R
4 0 0 8 U
4 1 2 1 D
4 2 1 2 D
4 3 12 3 D
4 4 1 1 D
4 5 2 11 U
4 6 11 9 U
4 7 15 3 D
4 8 0 5 R
4 9 1 12 L
4 10 5 10 U
4 11 3 11 U
4 12 3 10 U
4 13 12 13 L
4 14 5 5 R
4 15 3 8 U
5 0 0 5 R
5 1 9 12 L
5 2 0 13 L
5 3 7 6 R
5 4 0 3 D
5 5 14 10 U
5 6 6 6 R
5 7 14 2 D
5 8 2 5 R
5 9 0 1 D
5 10 1 10 U
5 11 10 14 L
5 12 0 5 R
5 13 0 7 R
5 14 7 9 U
5 15 0 4 R
6 0 5 4 R
6 1 5 1 D
6 2 14 12 L
6 3 8 15 L
6 4 7 0 D
6 5 3 9 U
6 6 7 10 U
6 7 17 0 D
6 8 0 7 R
6 9 3 9 U
6 10 13 4 R
6 11 11 13 L
6 12 7 3 D
6 13 3 13 L
6 14 3 14 L
6 15 10 2 D
7 0 11 11 U
7 1 4 13 L
7 2 0 15 L
7 3 14 13 L
7 4 0 12 L
7 5 9 5 R
7 6 11 0 D
7 7 12 7 R
7 8 15 14 L
7 9 11 13 L
7 10 10 4 R
7 11 5 11 U
7 12 10 8 U
7 13 0 9 U
7 14 2 14 L
7 15 0 10 U
8 0 15 0 D
8 1 6 1 D
8 2 0 9 U
8 3 4 3 D
8 4 11 10 U
8 5 12 9 U
8 6 0 2 D
8 7 12 7 R
8 8 1 13 L
8 9 0 2 D
8 10 0 13 L
8 11 13 12 L
8 12 5 8 U
8 13 0 6 R
8 14 11 14 L
8 15 10 15 L
9 0 14 14 L
9 1 3 4 R
9 2 7 13 L
9 3 11 7 R
9 4 7 11 U
9 5 7 0 D
9 6 5 11 U
9 7 2 7 R
9 8 14 12 L
9 9 2 14 L
9 10 3 7 R
9 11 8 12 L
9 12 0 8 U
9 13 7 13 L
9 14 0 2 D
9 15 16 0 D
10 0 13 0 D
10 1 13 14 L
10 2 13 5 R
10 3 0 7 R
10 4 8 1 D
10 5 3 3 D
10 6 13 6 R
10 7 3 12 L
10 8 8 4 R
10 9 3 4 R
10 10 6 4 R
10 11 2 11 U
10 12 0 0 D
10 13 0 8 U
10 14 0 5 R
11 0 9 13 L
11 1 8 1 D
11 2 13 12 L
11 3 2 13 L
11 4 0 10 U
11 5 1 5 R
11 6 6 6 R
11 7 7 7 R
11 8 4 15 L
11 9 4 3 D
11 10 5 5 R
11 11 6 4 R
11 12 4 1 D
11 13 9 3 D
11 14 2 14 L
11 15 12 9 U
12 0 6 4 R
12 1 9 4 R
12 2 8 10 U
12 3 0 10 U
12 4 11 4 R
12 5 4 5 R
12 6 6 6 R
12 7 8 7 R
12 8 0 12 L
12 9 0 6 R
12 10 15 15 L
12 11 11 6 R
12 12 9 12 L
12 13 7 13 L
12 14 1 14 L
12 15 7 15 L
13 0 4 8 U
13 1 2 14 L
13 2 1 2 D
13 3 7 12 L
13 4 6 9 U
13 5 0 1 D
13 6 1 3 D
13 8 8 13 L
13 9 11 9 U
13 10 0 3 D
13 11 3 14 L
13 12 7 8 U
13 13 0 3 D
13 14 5 4 R
13 15 12 15 L
14 0 13 8 U
14 1 8 13 L
14 2 13 6 R
14 3 2 3 D
14 4 13 1 D
14 5 0 9 U
14 6 5 12 L
14 7 0 11 U
14 8 1 14 L
14 9 6 9 U
14 10 0 14 L
14 11 3 11 U
14 12 10 9 U
14 14 4 9 U
15 0 14 7 R
15 2 0 12 L
15 3 9 12 L
15 4 4 0 D
15 5 8 3 D
15 6 9 6 R
15 8 1 15 L
15 9 5 7 R
15 10 0 4 R
15 11 12 15 L
15 12 5 12 L
15 14 16 8 U
16 0 0 14 L
16 2 8 8 U
16 5 4 8 U
16 6 9 6 R
16 8 1 6 R
16 10 5 13 L
16 11 13 7 R
16 12 3 8 U
16 14 15 10 U
17 0 0 11 U
17 2 0 10 U
17 5 11 2 D
17 8 9 12 L
17 10 2 10 U
17 12 1 8 U
18 0 9 0 D
18 5 10 5 R
18 12 9 11 U
19 0 0 7 R
19 12 17 8 U

