37 35 999
14 0 14 20 11 26 22 26 25 0 0 1 0 0 0 3 8 10
0 1 15 0 19 0 0 0 9 26 6 0 0 0 0 28 12 0
0 0 0 0 21 5 0 33 0 26 32 0 31 0 15 15 30 0
6 4 0 0 0 3 11 20 0 0 0 16 6 10 26 0 3 0
0 25 0 23 0 13 21 20 9 28 30 0 0 0 28 0 30 1
20 16 0 0 0 27 23 31 21 0 18 0 21 9 27 11 17 15
0 3 0 14 0 0 0 0 0 0 9 0 25 9 30 25 29 0
22 18 22 14 0 0 0 0 36 15 0 35 0 5 34 20 0 24
15 7 0 22 2 14 25 28 15 0 23 30 32 0 25 29 28 0
21 0 17 0 17 23 22 30 9 9 9 0 19 28 20 28 27 24
17 0 32 10 30 11 30 0 6 0 0 3 16 22 0 27 5 23
0 0 0 21 24 25 11 30 9 29 3 0 1 0 0 26 15 2
31 0 30 0 0 16 0 22 31 22 22 27 8 21 10 12 0 20
0 7 28 0 0 18 0 0 19 0 0 14 12 22 1 8 14 0
18 8 19 0 0 7 0 0 0 20 3 29 0 32 0 31 7 30
9 0 27 0 22 0 9 0 0 31 6 0 27 0 0 0 0 11
12 13 24 15 23 0 22 13 22 5 9 0 0 17 7 9 8 19
4 32 17 7 18 0 0 0 29 22 0 26 17 0 0 14 0 0
0 0 0 0 L
0 1 0 1 L
0 2 0 2 L
0 3 0 3 L
0 4 0 4 L
0 5 0 5 L
0 6 0 6 L
0 7 0 7 L
0 8 0 8 L
0 9 0 9 L
0 10 0 10 R
0 11 0 11 R
0 12 0 12 R
0 13 0 13 R
0 14 0 14 R
0 15 0 15 R
0 16 0 16 R
0 17 0 17 R
0 18 0 18 R
0 19 0 19 R
0 20 0 20 D
0 21 0 21 D
0 22 0 22 D
0 23 0 23 D
0 24 0 24 D
0 25 0 25 D
0 26 0 26 D
0 27 0 27 U
0 28 0 28 U
0 29 0 29 U
0 30 0 30 U
0 31 0 31 U
0 32 0 32 U
0 33 0 33 U
0 34 0 34 U
1 0 0 20 D
1 1 4 28 U
1 2 2 2 L
1 3 0 24 D
1 4 10 21 D
1 5 3 5 L
1 6 25 29 U
1 7 6 33 U
1 8 23 31 U
1 9 27 9 L
1 10 4 20 D
1 11 17 28 U
1 12 0 0 L
1 13 3 13 R
1 14 2 33 U
1 15 15 24 D
1 16 0 5 L
1 17 0 26 D
1 18 11 18 R
1 19 8 24 D
1 20 0 10 R
1 21 2 21 D
1 22 17 13 R
1 23 5 6 L
1 24 13 18 R
1 25 0 5 L
1 26 7 18 R
1 27 0 4 L
1 28 0 23 D
1 29 25 29 U
1 30 21 30 U
1 31 0 3 L
1 32 11 17 R
1 33 4 10 R
1 34 4 34 U
2 0 0 33 U
2 1 9 1 L
2 2 3 13 R
2 3 3 3 L
2 4 5 4 L
2 5 3 5 L
2 6 12 6 L
2 7 4 7 L
2 8 3 8 L
2 9 6 9 L
2 10 1 26 D
2 11 1 11 R
2 12 8 29 U
2 13 0 1 L
2 14 11 26 D
2 15 0 5 L
2 16 8 16 R
2 17 3 17 R
2 18 19 33 U
2 19 8 19 R
2 20 11 7 L
2 21 12 21 D
2 22 0 27 U
2 23 0 12 R
2 24 3 24 D
2 25 17 2 L
2 26 4 26 D
2 27 14 16 R
2 28 10 22 D
2 29 4 29 U
2 30 15 5 L
2 31 17 15 R
2 32 10 32 U
2 33 21 6 L
2 34 18 25 D
3 0 21 23 D
3 1 0 21 D
3 2 13 2 L
3 3 19 26 D
3 4 7 4 L
3 5 1 5 L
3 6 16 26 D
3 7 1 7 L
3 8 9 8 L
3 9 5 9 L
3 10 9 28 U
3 11 6 11 R
3 12 0 29 U
3 13 5 30 U
3 14 22 30 U
3 15 2 15 R
3 16 14 27 U
3 17 26 17 R
3 18 1 20 D
3 19 10 0 L
3 20 0 14 R
3 21 2 2 L
3 22 6 22 D
3 23 23 23 D
3 24 7 24 D
3 25 1 25 D
3 26 10 26 D
3 27 0 20 D
3 28 13 12 R
3 29 20 23 D
3 30 5 3 L
3 31 7 10 R
3 32 13 10 R
3 33 0 15 R
3 34 11 0 L
4 0 6 10 R
4 1 29 1 L
4 2 1 34 U
4 3 5 3 L
4 4 11 22 D
4 5 9 5 L
4 6 3 27 U
4 7 18 28 U
4 8 13 22 D
4 9 15 23 D
4 10 0 21 D
4 11 19 21 D
4 12 16 31 U
4 13 1 13 R
4 14 18 34 U
4 15 1 15 R
4 16 27 16 R
4 17 23 31 U
4 18 9 27 U
4 19 9 19 R
4 20 16 4 L
4 21 1 16 R
4 22 1 1 L
4 23 1 23 D
4 24 25 19 R
4 25 11 25 D
4 26 1 15 R
4 27 2 10 R
4 28 5 17 R
4 29 9 10 R
4 30 13 0 L
4 31 8 14 R
4 32 11 16 R
4 33 3 33 U
4 34 7 34 U
5 0 2 24 D
5 1 6 1 L
5 2 4 34 U
5 3 10 32 U
5 4 12 4 L
5 5 28 5 L
5 6 1 25 D
5 7 20 29 U
5 8 1 8 L
5 9 17 25 D
5 10 26 32 U
5 11 6 28 U
5 12 2 12 R
5 13 10 13 R
5 14 4 31 U
5 15 8 15 R
5 16 10 16 R
5 17 2 21 D
5 18 22 18 R
5 19 10 19 R
5 20 11 27 U
5 21 0 0 L
5 22 22 22 D
5 23 20 11 R
5 24 1 14 R
5 25 0 16 R
5 26 21 16 R
5 27 11 27 U
5 28 4 14 R
5 29 21 11 R
5 30 23 30 U
5 31 25 31 U
5 32 6 17 R
5 33 8 33 U
5 34 14 15 R
6 0 7 20 D
6 1 10 1 L
6 2 18 29 U
6 3 0 30 U
6 4 3 4 L
6 5 2 5 L
6 6 8 24 D
6 7 16 7 L
6 8 11 28 U
6 9 9 9 L
6 10 5 34 U
6 11 19 11 R
6 12 3 12 R
6 13 12 34 U
6 14 2 30 U
6 15 3 15 R
6 16 3 16 R
6 17 7 17 R
6 18 1 18 R
6 19 2 19 R
6 20 16 12 R
6 21 19 19 R
6 22 13 12 R
6 23 31 12 R
6 24 4 24 D
6 25 24 25 D
6 26 0 18 R
6 27 0 11 R
6 28 4 28 U
6 29 17 29 U
6 30 15 17 R
6 31 5 12 R
6 32 9 32 U
6 33 8 33 U
6 34 4 34 U
7 0 24 27 U
7 1 2 28 U
7 2 9 20 D
7 3 17 25 D
7 4 22 4 L
7 5 18 27 U
7 6 18 6 L
7 7 6 7 L
7 8 34 20 D
7 9 4 9 L
7 10 9 31 U
7 11 3 11 R
7 12 8 12 R
7 13 22 31 U
7 14 13 25 D
7 15 9 2 L
7 16 2 16 R
7 18 0 27 U
7 19 9 34 U
7 20 17 20 D
7 21 0 13 R
7 22 2 22 D
7 23 6 29 U
7 24 6 4 L
7 25 0 3 L
7 26 4 26 D
7 27 28 10 R
7 28 2 10 R
7 29 0 13 R
7 30 21 30 U
7 31 4 12 R
7 32 9 32 U
7 33 0 6 L
7 34 12 34 U
8 0 7 22 D
8 1 10 1 L
8 2 9 2 L
8 3 14 21 D
8 4 14 28 U
8 5 4 5 L
8 6 9 6 L
8 7 1 7 L
8 8 7 8 L
8 9 24 9 L
8 10 0 27 U
8 11 1 6 L
8 12 3 12 R
8 13 9 13 R
8 14 20 14 R
8 15 3 15 R
8 16 2 16 R
8 18 0 20 D
8 19 9 19 R
8 20 3 15 R
8 21 5 10 R
8 22 9 28 U
8 23 17 32 U
8 24 20 2 L
8 25 17 19 R
8 26 0 7 L
8 27 0 5 L
8 28 24 20 D
8 29 21 1 L
8 30 3 30 U
8 31 3 31 U
8 32 6 32 U
8 33 13 0 L
8 34 24 34 U
9 0 4 28 U
9 1 6 25 D
9 2 8 28 U
9 3 3 26 D
9 4 10 31 U
9 5 28 24 D
9 6 19 27 U
9 7 1 22 D
9 8 19 8 L
9 9 26 33 U
9 10 21 3 L
9 11 1 11 R
9 12 20 12 R
9 13 14 13 R
9 14 15 14 R
9 15 2 23 D
9 16 5 16 R
9 17 7 33 U
9 18 5 18 R
9 19 0 0 L
9 20 23 14 R
9 21 17 11 R
9 22 2 22 D
9 23 30 23 D
9 24 13 14 R
9 25 0 10 R
9 26 0 3 L
9 27 2 5 L
9 28 25 0 L
9 29 6 29 U
9 30 3 16 R
9 31 3 31 U
9 32 6 32 U
9 33 0 26 D
9 34 27 13 R
10 0 9 24 D
10 1 6 26 D
10 2 21 30 U
10 3 1 3 L
10 4 24 23 D
10 5 4 5 L
10 6 2 6 L
10 7 1 7 L
10 8 2 8 L
10 9 6 25 D
10 10 5 1 L
10 11 6 11 R
10 12 24 12 R
10 13 8 30 U
10 14 5 14 R
10 15 0 21 D
10 16 0 6 L
10 18 0 29 U
10 19 18 25 D
10 20 26 11 R
10 21 3 21 D
10 22 0 33 U
10 23 4 7 L
10 24 1 24 D
10 25 13 25 D
10 26 4 26 D
10 27 2 3 L
10 28 7 11 R
10 29 7 13 R
10 30 3 10 R
10 31 20 5 L
10 32 9 15 R
10 33 2 15 R
10 34 16 11 R
11 0 2 22 D
11 1 6 20 D
11 2 3 2 L
11 3 0 14 R
11 4 7 25 D
11 5 0 25 D
11 6 5 33 U
11 7 12 7 L
11 8 12 29 U
11 9 21 10 R
11 10 6 31 U
11 11 3 11 R
11 12 3 12 R
11 13 19 26 D
11 14 5 29 U
11 15 2 15 R
11 16 7 16 R
11 18 2 18 R
11 19 1 19 R
11 20 8 0 L
11 21 3 21 D
11 22 28 15 R
11 23 2 23 D
11 24 22 11 R
11 25 22 5 L
11 26 10 15 R
11 27 1 2 L
11 28 0 10 R
11 29 0 24 D
11 30 0 2 L
11 31 9 11 R
11 32 9 32 U
11 33 0 8 L
11 34 10 11 R
12 0 3 24 D
12 1 4 22 D
12 2 0 26 D
12 4 2 30 U
12 5 4 5 L
12 6 2 24 D
12 7 7 7 L
12 8 9 8 L
12 9 2 9 L
12 10 21 27 U
12 11 0 3 L
12 12 3 34 U
12 13 19 29 U
12 14 1 14 R
12 15 10 25 D
12 16 0 4 L
12 17 1 32 U
12 18 21 9 L
12 19 7 19 R
12 20 14 8 L
12 21 18 13 R
12 22 2 0 L
12 23 6 19 R
12 24 0 2 L
12 25 24 5 L
12 26 19 26 D
12 27 2 19 R
12 28 0 1 L
12 29 4 29 U
12 30 9 1 L
12 31 4 31 U
12 32 0 24 D
12 33 0 20 D
12 34 8 19 R
13 0 5 24 D
13 1 10 24 D
13 2 1 2 L
13 3 0 13 R
13 4 18 24 D
13 5 6 5 L
13 6 5 32 U
13 7 2 7 L
13 8 24 8 L
13 9 28 30 U
13 10 18 10 R
13 11 17 22 D
13 12 18 1 L
13 13 10 13 R
13 14 29 14 R
13 15 0 28 U
13 16 14 21 D
13 18 25 18 R
13 19 2 33 U
13 20 8 15 R
13 21 25 0 L
13 22 17 10 R
13 23 16 7 L
13 24 19 8 L
13 25 7 25 D
13 26 3 6 L
13 27 5 12 R
13 28 3 14 R
13 29 6 11 R
13 30 0 14 R
13 31 6 31 U
13 32 27 1 L
13 33 6 33 U
13 34 4 34 U
14 0 20 24 D
14 1 6 1 L
14 2 6 2 L
14 3 5 24 D
14 4 9 14 R
14 5 17 20 D
14 6 13 6 L
14 7 1 7 L
14 8 2 8 L
14 9 22 9 L
14 10 16 21 D
14 11 0 2 L
14 12 9 20 D
14 13 1 31 U
14 14 6 14 R
14 15 0 8 L
14 16 16 23 D
14 17 1 6 L
14 18 24 18 R
14 19 15 20 D
14 20 0 6 L
14 21 19 7 L
14 22 1 16 R
14 23 13 3 L
14 24 22 5 L
14 25 6 25 D
14 26 5 4 L
14 27 11 11 R
14 28 10 25 D
14 29 0 21 D
14 30 12 6 L
14 31 7 19 R
14 32 10 0 L
14 33 18 33 U
14 34 9 34 U
15 0 9 23 D
15 1 9 30 U
15 2 6 20 D
15 3 0 12 R
15 4 29 33 U
15 5 25 32 U
15 6 22 6 L
15 7 1 26 D
15 8 28 21 D
15 9 9 25 D
15 10 9 21 D
15 11 5 11 R
15 12 29 32 U
15 13 11 21 D
15 14 13 23 D
15 15 27 15 R
15 16 3 16 R
15 17 2 25 D
15 18 3 26 D
15 19 23 21 D
15 20 6 0 L
15 21 14 2 L
15 22 3 2 L
15 23 9 27 U
15 24 1 24 D
15 25 18 28 U
15 26 6 31 U
15 27 28 15 R
15 28 22 24 D
15 29 1 5 L
15 30 21 10 R
15 31 9 2 L
15 32 11 2 L
15 33 4 33 U
15 34 6 0 L
16 0 4 0 L
16 1 9 1 L
16 2 7 24 D
16 3 18 3 L
16 4 33 32 U
16 5 7 27 U
16 6 18 25 D
16 7 1 20 D
16 8 20 8 L
16 9 15 21 D
16 11 0 0 L
16 12 12 24 D
16 13 9 13 R
16 14 26 20 D
16 15 23 33 U
16 16 2 16 R
16 18 17 28 U
16 19 2 25 D
16 20 0 1 L
16 21 6 21 D
16 22 1 18 R
16 23 5 2 L
16 24 13 15 R
16 25 12 9 L
16 26 20 1 L
16 27 3 10 R
16 28 0 7 L
16 29 25 9 L
16 30 14 13 R
16 31 8 12 R
16 32 3 23 D
16 33 5 33 U
16 34 0 10 R
17 0 0 31 U
17 1 2 1 L
17 2 4 2 L
17 3 16 3 L
17 4 30 30 U
17 5 9 29 U
17 6 3 6 L
17 7 0 27 U
17 8 9 34 U
17 9 6 9 L
17 11 19 11 R
17 12 15 23 D
17 13 11 32 U
17 14 9 14 R
17 15 3 15 R
17 16 0 33 U
17 18 5 18 R
17 20 24 11 R
17 21 15 21 D
17 22 26 10 R
17 23 6 23 D
17 24 25 3 L
17 25 0 31 U
17 26 16 26 D
17 27 0 0 L
17 28 13 28 U
17 29 14 12 R
17 30 11 12 R
17 31 2 0 L
17 32 1 32 U
17 33 18 15 R
17 34 7 34 U
18 0 11 30 U
18 1 2 20 D
18 2 20 34 U
18 3 8 3 L
18 4 23 4 L
18 5 22 21 D
18 6 8 6 L
18 8 7 8 L
18 9 16 29 U
18 10 0 22 D
18 11 5 7 L
18 12 12 3 L
18 13 24 13 R
18 14 21 28 U
18 15 22 15 R
18 16 6 16 R
18 18 8 18 R
18 19 3 19 R
18 20 4 18 R
18 21 6 2 L
18 22 3 22 D
18 23 6 17 R
18 24 23 24 D
18 25 7 25 D
18 26 22 0 L
18 27 10 5 L
18 28 21 28 U
18 29 7 14 R
18 30 10 21 D
18 31 9 6 L
18 32 3 16 R
18 33 7 13 R
18 34 14 6 L
19 0 1 21 D
19 1 18 1 L
19 2 0 29 U
19 3 20 24 D
19 4 2 4 L
19 5 18 28 U
19 6 2 6 L
19 8 23 25 D
19 9 11 9 L
19 11 17 20 D
19 12 0 34 U
19 13 10 26 D
19 14 16 14 R
19 15 0 31 U
19 16 11 8 L
19 18 1 18 R
19 19 5 19 R
19 20 6 10 R
19 21 18 6 L
19 22 22 3 L
19 23 18 1 L
19 24 12 7 L
19 25 0 9 L
19 26 3 26 D
19 27 14 0 L
19 28 23 5 L
19 29 23 18 R
19 30 0 25 D
19 31 17 13 R
19 32 16 3 L
19 33 0 19 R
19 34 6 34 U
20 0 11 23 D
20 1 6 1 L
20 2 25 27 U
20 3 7 3 L
20 4 3 4 L
20 5 5 5 L
20 6 9 6 L
20 8 17 8 L
20 9 2 9 L
20 11 17 31 U
20 12 5 27 U
20 13 7 30 U
20 14 0 24 D
20 15 6 9 L
20 16 27 30 U
20 17 2 17 R
20 18 0 23 D
20 20 19 11 R
20 21 0 4 L
20 22 11 22 D
20 23 1 23 D
20 24 14 4 L
20 25 19 1 L
20 26 12 26 D
20 27 7 11 R
20 28 23 4 L
20 29 14 13 R
20 30 1 30 U
20 31 25 10 R
20 32 27 32 U
20 33 19 24 D
20 34 24 26 D
21 0 0 28 U
21 1 29 27 U
21 2 6 23 D
21 3 26 23 D
21 5 11 5 L
21 6 6 21 D
21 7 9 7 L
21 8 2 8 L
21 9 26 26 D
21 10 16 2 L
21 11 3 31 U
21 12 1 22 D
21 13 17 13 R
21 14 11 22 D
21 15 3 15 R
21 16 2 16 R
21 18 2 18 R
21 20 7 14 R
21 21 0 30 U
21 22 17 9 L
21 23 23 13 R
21 24 13 0 L
21 25 0 2 L
21 26 0 11 R
21 27 5 27 U
21 28 29 1 L
21 29 26 15 R
21 30 0 16 R
21 31 13 19 R
21 32 25 6 L
21 33 0 16 R
21 34 25 16 R
22 0 14 0 L
22 1 13 23 D
22 5 5 5 L
22 6 1 6 L
22 8 6 8 L
22 9 9 9 L
22 10 29 33 U
22 11 0 20 D
22 12 7 30 U
22 13 4 13 R
22 14 0 30 U
22 15 3 15 R
22 16 24 16 R
22 18 6 18 R
22 19 2 27 U
22 20 9 3 L
22 21 5 21 D
22 22 11 5 L
22 23 19 1 L
22 24 0 29 U
22 25 8 25 D
22 26 23 3 L
22 27 14 21 D
22 28 15 13 R
22 29 21 15 R
22 30 2 12 R
22 31 1 12 R
22 32 19 12 R
22 33 6 33 U
22 34 21 15 R
23 0 16 25 D
23 1 1 31 U
23 2 1 31 U
23 3 13 30 U
23 4 7 4 L
23 5 12 22 D
23 6 20 6 L
23 8 21 27 U
23 9 2 9 L
23 11 13 11 R
23 12 9 12 R
23 13 11 28 U
23 14 21 24 D
23 15 7 15 R
23 16 8 22 D
23 20 0 32 U
23 21 1 12 R
23 22 6 22 D
23 23 2 1 L
23 24 1 15 R
23 25 25 13 R
23 26 9 6 L
23 27 10 27 U
23 28 6 28 U
23 29 2 29 U
23 30 8 17 R
23 31 0 22 D
23 32 21 32 U
23 33 21 18 R
23 34 7 34 U
24 0 6 27 U
24 1 2 1 L
24 2 23 10 R
24 3 15 3 L
24 4 9 4 L
24 5 6 5 L
24 6 4 26 D
24 7 13 23 D
24 8 8 8 L
24 9 14 9 L
24 10 2 27 U
24 11 3 11 R
24 12 9 12 R
24 13 20 24 D
24 14 3 14 R
24 15 5 15 R
24 16 19 16 R
24 20 13 15 R
24 21 0 28 U
24 22 31 16 R
24 23 5 16 R
24 24 16 12 R
24 25 2 4 L
24 26 3 3 L
24 27 14 26 D
24 28 4 9 L
24 29 15 14 R
24 30 18 30 U
24 31 5 31 U
24 32 3 32 U
24 33 1 33 U
24 34 14 34 U
25 0 26 34 U
25 1 5 31 U
25 5 17 32 U
25 6 3 6 L
25 8 13 33 U
25 10 19 20 D
25 11 9 21 D
25 12 9 23 D
25 13 5 13 R
25 14 19 22 D
25 15 17 15 R
25 16 8 16 R
25 20 19 13 R
25 21 6 21 D
25 22 29 6 L
25 23 29 16 R
25 24 4 14 R
25 25 23 14 R
25 26 5 26 D
25 27 12 9 L
25 30 27 14 R
25 31 28 16 R
25 32 20 32 U
25 33 2 33 U
25 34 2 34 U
26 0 17 27 U
26 1 23 32 U
26 3 2 21 D
26 5 0 23 D
26 6 8 6 L
26 8 3 20 D
26 10 1 32 U
26 11 0 25 D
26 12 5 12 R
26 13 0 30 U
26 14 10 14 R
26 15 5 15 R
26 16 28 28 U
26 17 3 17 R
26 20 20 3 L
26 21 11 18 R
26 22 12 11 R
26 23 4 29 U
26 24 23 0 L
26 25 24 25 D
26 26 23 31 U
26 27 14 6 L
26 30 28 11 R
26 32 22 14 R
26 33 4 18 R
27 0 31 28 U
27 1 14 26 D
27 2 7 2 L
27 5 6 5 L
27 6 9 34 U
27 8 13 8 L
27 10 25 29 U
27 11 13 32 U
27 12 25 21 D
27 13 0 32 U
27 14 5 14 R
27 15 26 29 U
27 16 4 16 R
27 20 13 1 L
27 21 25 11 R
27 22 0 32 U
27 23 6 23 D
27 24 23 13 R
27 25 10 11 R
27 26 0 0 L
27 27 4 16 R
27 29 7 7 L
27 30 0 22 D
27 32 25 8 L
27 33 11 25 D
28 0 0 32 U
28 1 6 30 U
28 2 6 2 L
28 3 5 23 D
28 4 22 20 D
28 5 7 5 L
28 6 4 23 D
28 8 13 8 L
28 9 2 9 L
28 11 11 4 L
28 12 4 12 R
28 13 4 30 U
28 14 0 27 U
28 15 8 15 R
28 16 29 16 R
28 20 1 0 L
28 21 26 9 L
28 22 27 2 L
28 23 14 23 D
28 24 22 24 D
28 25 29 29 U
28 26 5 26 D
28 27 24 12 R
28 32 3 1 L
28 34 7 34 U
29 0 16 22 D
29 1 27 31 U
29 3 9 3 L
29 5 11 5 L
29 6 7 6 L
29 8 5 8 L
29 11 1 11 R
29 12 0 25 D
29 13 28 25 D
29 14 8 8 L
29 15 16 34 U
29 16 28 29 U
29 20 3 8 L
29 21 27 14 R
29 22 27 14 R
29 23 0 9 L
29 24 4 24 D
29 25 25 4 L
29 26 2 26 D
29 27 1 8 L
29 32 3 32 U
30 0 6 20 D
30 1 3 1 L
30 5 3 21 D
30 6 3 6 L
30 8 15 8 L
30 11 2 11 R
30 12 14 3 L
30 13 0 20 D
30 15 15 26 D
30 16 0 20 D
30 21 17 1 L
30 22 5 13 R
30 23 13 9 L
30 26 1 26 D
30 29 13 29 U
31 0 3 0 L
31 5 6 5 L
31 6 1 30 U
31 8 8 8 L
31 11 4 11 R
31 13 10 28 U
31 15 9 15 R
31 16 12 16 R
31 21 2 31 U
31 23 6 23 D
31 26 33 17 R
32 5 23 12 R
32 6 9 6 L
32 11 22 24 D
32 15 31 15 R
32 16 8 16 R
33 5 25 30 U
33 6 31 33 U
33 15 30 15 R
34 5 16 26 D
34 15 0 22 D
35 15 5 15 R
36 15 5 15 R

