13 8 89
0 0 0 0 0 1 0 0 0 0 1 0
0 0 0 0 0 0 9 0 0 0 0 4
9 0 0 0 0 0 0 0 0 0 0 8
0 6 5 3 0 0 0 0 0 1 0 6
0 0 9 0 0 0 0 0 0 8 10 0
0 0 0 0 0 0 10 0 0 1 0 7
6 0 6 0 3 0 0 9 0 0 3 7
7 1 0 7 0 11 0 0 3 0 0 10
0 2 0 0 3 11 0 8 0 0 9 0
9 2 0 0 0 0 11 0 0 0 4 0
0 0 5 0 5 0 0 0 5 0 7 0
3 12 2 11 0 0 0 0 0 7 3 8
0 0 0 0 R
0 1 0 1 R
0 2 0 2 U
0 3 0 3 U
0 4 0 4 D
0 5 0 5 D
0 6 0 6 L
0 7 0 7 L
1 0 4 2 U
1 1 5 6 L
1 2 0 6 L
1 3 4 3 U
1 4 0 3 U
1 5 0 1 R
1 6 0 4 D
1 7 7 7 L
2 0 0 5 D
2 1 1 2 U
2 2 5 0 R
2 3 0 4 D
2 4 0 7 L
2 5 4 5 D
2 6 3 4 D
2 7 3 7 L
3 0 2 0 R
3 1 4 1 R
3 2 0 5 D
3 3 0 0 R
3 4 0 0 R
3 5 2 6 L
3 6 0 1 R
3 7 0 3 U
4 0 0 4 D
4 1 0 6 L
4 2 3 0 R
4 3 8 3 U
4 4 7 6 L
4 5 3 6 L
4 6 2 6 L
4 7 3 5 D
5 0 0 7 L
5 1 4 1 R
5 2 1 1 R
5 3 7 3 U
5 4 3 0 R
5 5 0 2 U
5 6 2 0 R
5 7 1 5 D
6 0 8 6 L
6 1 5 1 R
6 2 5 1 R
6 3 5 3 U
6 4 4 4 D
6 5 1 5 D
6 6 3 6 L
6 7 1 3 U
7 0 0 2 U
7 1 3 4 D
7 2 6 2 U
7 3 6 7 L
7 4 6 0 R
7 5 5 5 D
7 6 6 2 U
7 7 5 4 D
8 0 7 3 U
8 1 2 6 L
8 2 3 6 L
8 3 9 3 U
8 4 0 6 L
8 5 1 3 U
8 6 7 1 R
8 7 10 7 L
9 0 6 7 L
9 1 4 7 L
9 2 10 1 R
9 3 2 1 R
9 4 7 4 D
9 6 0 2 U
9 7 8 0 R
10 0 8 5 D
10 2 6 2 U
10 3 7 7 L
10 4 3 7 L
10 6 0 5 D
11 0 9 3 U
11 3 1 0 R
11 4 7 0 R
11 6 1 6 L
12 4 10 3 U

