19 13 201
0 0 0 0 0 5 0 0 0 0 0 0 0 0 5 0 0
0 5 0 0 0 0 18 8 0 0 0 0 12 14 0 0 0
0 0 0 5 0 0 0 0 6 14 0 0 0 0 3 0 0
6 0 0 16 0 15 0 9 0 0 0 0 0 0 0 0 0
0 13 0 0 0 0 0 7 11 9 2 0 0 0 17 2 0
0 0 0 0 6 0 5 5 15 17 0 0 0 14 0 5 0
5 0 0 0 0 0 0 0 15 0 2 0 1 0 11 17 5
0 0 0 0 0 0 0 0 14 16 9 4 0 5 0 6 0
0 0 0 0 12 0 0 15 0 16 0 0 0 0 0 12 0
14 0 0 0 0 0 13 0 0 0 0 12 0 0 13 0 0
0 0 0 0 0 13 0 0 0 0 0 0 0 7 0 0 16
0 0 12 11 0 0 0 0 0 0 12 0 0 0 0 10 13
3 0 0 13 0 8 0 16 0 0 0 0 2 0 0 0 0
0 0 0 0 0 16 6 15 6 0 0 13 13 0 0 0 0
0 0 0 0 0 5 0 5 0 1 0 0 13 17 0 0 0
0 0 0 0 0 0 0 0 0 2 0 5 0 0 3 0 12
0 0 0 0 0 0 0 0 3 2 0 0 0 0 0 0 0
0 0 0 0 L
0 1 0 1 L
0 2 0 2 L
0 3 0 3 R
0 4 0 4 R
0 5 0 5 R
0 6 0 6 D
0 7 0 7 D
0 8 0 8 D
0 9 0 9 D
0 10 0 10 U
0 11 0 11 U
0 12 0 12 U
1 0 0 7 D
1 1 0 9 D
1 2 2 2 L
1 3 4 6 D
1 4 3 4 R
1 5 9 5 R
1 6 0 5 R
1 7 4 7 D
1 8 10 4 R
1 9 5 5 R
1 10 8 1 L
1 11 5 4 R
1 12 2 3 R
2 0 0 6 D
2 1 1 12 U
2 2 4 2 L
2 3 0 6 D
2 4 7 4 R
2 5 8 5 R
2 6 11 3 R
2 7 0 11 U
2 8 1 10 U
2 9 5 1 L
2 10 0 2 L
2 11 4 11 U
2 12 12 12 U
3 0 1 10 U
3 1 7 10 U
3 2 11 11 U
3 3 11 3 R
3 4 7 4 R
3 5 2 5 R
3 6 1 4 R
3 7 0 12 U
3 8 9 5 R
3 9 10 1 L
3 10 0 0 L
3 11 14 2 L
3 12 2 4 R
4 0 7 0 L
4 1 1 1 L
4 2 8 8 D
4 3 2 6 D
4 4 15 12 U
4 5 6 12 U
4 6 0 2 L
4 7 1 3 R
4 8 10 8 D
4 10 8 3 R
4 11 5 11 U
4 12 7 5 R
5 0 6 7 D
5 1 0 10 U
5 2 7 6 D
5 3 12 11 U
5 4 12 11 U
5 5 0 9 D
5 6 0 1 L
5 7 1 7 D
5 8 14 8 D
5 10 0 6 D
5 11 0 6 D
5 12 11 1 L
6 0 1 12 U
6 1 11 7 D
6 2 0 5 R
6 3 2 3 R
6 4 4 6 D
6 5 3 5 R
6 6 5 1 L
6 7 7 1 L
6 8 14 3 R
6 10 10 2 L
6 11 3 3 R
6 12 16 1 L
7 0 2 3 R
7 1 9 3 R
7 2 6 2 L
7 3 10 12 U
7 4 6 4 R
7 5 6 10 U
7 6 0 4 R
7 7 4 7 D
7 8 5 8 D
7 10 1 4 R
7 11 4 6 D
7 12 8 12 U
8 0 13 0 L
8 1 9 10 U
8 2 9 6 D
8 3 0 11 U
8 4 0 7 D
8 5 0 8 D
8 6 2 4 R
8 7 0 3 R
8 8 7 8 D
8 9 3 9 D
8 10 7 1 L
8 11 0 3 R
8 12 11 2 L
9 0 3 12 U
9 1 2 1 L
9 2 0 11 U
9 3 3 10 U
9 4 14 10 U
9 5 10 11 U
9 6 2 3 R
9 7 11 0 L
9 10 8 4 R
9 11 1 11 U
9 12 4 3 R
10 0 12 10 U
10 1 1 10 U
10 2 1 11 U
10 3 0 0 L
10 4 7 4 R
10 5 5 12 U
10 6 14 0 L
10 7 9 0 L
10 8 4 2 L
10 10 15 0 L
10 11 8 2 L
10 12 5 0 L
11 0 8 11 U
11 1 9 8 D
11 2 1 7 D
11 3 10 8 D
11 4 10 10 U
11 5 10 8 D
11 6 8 2 L
11 7 3 4 R
11 8 13 8 D
11 10 2 0 L
11 11 12 0 L
11 12 8 0 L
12 0 0 3 R
12 1 5 9 D
12 2 0 4 R
12 3 4 3 R
12 4 6 8 D
12 5 0 2 L
12 6 0 10 U
12 7 7 0 L
12 8 11 8 D
12 10 14 10 U
12 11 5 11 U
12 12 0 5 R
13 0 2 0 L
13 1 15 10 U
13 2 0 12 U
13 3 7 3 R
13 4 3 6 D
13 5 0 12 U
13 6 0 0 L
13 10 0 7 D
13 11 5 6 D
13 12 4 12 U
14 0 3 6 D
14 1 9 6 D
14 2 10 7 D
14 3 13 0 L
14 4 10 11 U
14 5 5 7 D
14 6 11 0 L
14 10 0 8 D
14 11 0 1 L
14 12 12 12 U
15 0 2 0 L
15 1 6 12 U
15 3 8 7 D
15 4 7 4 R
15 6 12 5 R
15 8 14 2 L
15 10 5 3 R
15 11 14 4 R
15 12 5 12 U
16 0 15 10 U
16 1 4 1 L
16 3 0 10 U
16 4 11 6 D
16 6 2 6 D
16 10 2 5 R
16 12 5 12 U
17 0 0 12 U
17 3 4 11 U
17 4 0 2 L
17 10 12 10 U
18 10 0 4 R

