13 10 113
10 8 0 0 0 1 0 0 0 0 0 0 0 8 0 11 0 0
0 9 0 11 0 0 0 0 0 0 0 0 0 0 0 0 0 0
4 0 0 0 0 0 0 0 2 0 0 0 0 0 0 0 0 0
4 0 0 7 0 0 0 0 0 0 0 0 0 0 1 0 0 0
0 0 0 0 0 0 0 0 0 0 0 0 0 0 0 1 0 0
0 12 0 6 0 8 0 0 0 0 0 0 8 0 1 0 0 0
9 0 4 1 0 0 8 1 0 9 6 0 0 0 0 0 0 6
0 0 0 0 0 0 0 0 0 11 0 8 0 0 6 8 0 6
0 0 0 1 0 0 0 0 4 0 0 0 0 0 0 0 0 0
0 0 0 0 0 0 0 0 0 0 0 0 8 0 0 4 0 0
9 0 0 0 0 0 0 3 0 0 0 0 0 0 0 0 0 0
0 0 0 0 0 0 0 0 0 2 9 0 4 0 0 0 0 0
12 0 0 8 0 0 0 2 7 7 0 0 0 0 0 0 0 0
0 7 0 11 0 0 0 0 1 1 0 0 0 0 0 8 4 0
7 12 0 0 0 0 0 0 4 0 11 5 1 0 0 7 0 0
8 3 0 0 0 0 0 5 0 0 0 2 8 0 0 0 0 2
1 0 5 0 0 0 9 0 0 6 0 0 0 0 2 0 0 2
0 4 0 5 0 0 0 0 0 0 7 0 0 7 10 0 2 0
0 0 0 0 U
0 1 0 1 U
0 2 0 2 U
0 3 0 3 R
0 4 0 4 R
0 5 0 5 D
0 6 0 6 D
0 7 0 7 L
0 8 0 8 L
0 9 0 9 L
1 0 0 8 L
1 1 0 5 D
1 2 0 6 D
1 3 0 8 L
1 4 0 5 D
1 5 0 3 R
1 6 9 9 L
1 7 5 7 L
1 8 8 8 L
1 9 2 9 L
2 0 8 8 L
2 1 8 4 R
2 3 0 0 U
2 4 0 7 L
2 5 5 5 D
2 6 7 6 D
2 7 5 2 U
2 8 4 5 D
2 9 3 0 U
3 0 0 3 R
3 1 5 3 R
3 3 7 5 D
3 4 9 0 U
3 5 7 4 R
3 6 8 4 R
3 7 0 2 U
3 9 5 9 L
4 0 0 7 L
4 1 6 1 U
4 2 3 2 U
4 3 0 6 D
4 4 1 4 R
4 5 0 8 L
4 6 5 6 D
4 7 5 5 D
4 8 3 1 U
4 9 11 9 L
5 0 8 3 R
5 1 4 1 U
5 3 4 1 U
5 4 6 4 R
5 5 0 1 U
5 6 9 3 R
5 7 0 6 D
5 8 7 8 L
5 9 1 9 L
6 0 0 9 L
6 1 5 4 R
6 2 4 2 U
6 3 7 3 R
6 4 0 9 L
6 5 0 4 R
6 6 7 6 D
6 7 5 0 U
6 9 3 9 L
7 0 2 0 U
7 1 0 3 R
7 2 5 4 R
7 3 5 2 U
7 4 1 4 R
7 5 0 7 L
7 6 4 6 D
7 7 1 1 U
7 8 1 0 U
7 9 2 1 U
8 0 1 7 L
8 1 0 4 R
8 2 1 6 D
8 3 6 0 U
8 4 0 1 U
8 5 2 5 D
8 6 0 4 R
8 7 0 1 U
8 8 0 5 D
8 9 7 6 D
9 0 10 3 R
9 1 10 1 U
9 3 1 3 R
9 4 5 2 U
9 5 0 9 L
9 6 10 7 L
9 7 0 3 R
9 8 0 0 U
9 9 8 5 D
10 0 1 6 D
10 1 0 6 D
10 2 4 3 R
10 3 2 2 U
10 4 6 0 U
10 5 5 8 L
10 6 5 3 R
10 7 8 6 D
10 9 4 9 L
11 0 1 8 L
11 1 10 9 L
11 3 2 7 L
11 4 10 4 R
11 5 8 7 L
11 6 1 4 R
11 9 0 6 D
12 0 4 0 U
12 1 4 1 U
12 9 11 0 U

