10 8 70
0 0 7 0 0 0 0 0 0 0 0 0 6
0 6 8 0 0 0 0 0 0 0 0 0 6
0 0 8 0 0 0 0 0 0 0 0 0 6
0 0 0 0 0 0 0 0 0 0 0 0 0
0 0 0 0 0 0 0 0 0 0 0 0 0
7 8 5 0 0 0 0 0 0 0 0 0 0
0 0 0 0 0 9 5 0 0 0 3 0 2
0 0 0 0 0 0 0 0 0 0 0 0 0
7 8 0 0 0 3 0 0 0 0 0 0 0
0 0 7 0 0 9 0 0 0 0 0 0 0
0 0 0 0 0 0 7 0 0 0 0 0 4
0 0 0 0 0 0 8 0 0 7 0 0 0
0 8 0 0 0 7 4 0 0 0 4 0 0
0 0 0 0 R
0 1 0 1 R
0 2 0 2 U
0 3 0 3 U
0 4 0 4 D
0 5 0 5 D
0 6 0 6 L
0 7 0 7 L
1 0 3 4 D
1 1 3 2 U
1 2 2 2 U
1 3 4 3 U
1 4 0 0 R
1 5 2 6 L
1 6 6 2 U
1 7 0 3 U
2 0 0 4 D
2 1 4 3 U
2 2 0 7 L
2 3 4 1 R
2 4 1 4 D
2 5 6 5 D
2 6 0 4 D
2 7 4 5 D
3 0 5 2 U
3 1 1 2 U
3 2 5 0 R
3 3 6 3 U
3 4 0 6 L
3 5 4 7 L
3 6 7 4 D
3 7 2 7 L
4 0 0 5 D
4 1 0 2 U
4 2 0 0 R
4 3 3 0 R
4 4 1 1 R
4 5 1 6 L
4 6 5 4 D
4 7 2 3 U
5 0 6 5 D
5 1 7 3 U
5 2 4 6 L
5 3 3 1 R
5 4 3 6 L
5 5 1 5 D
5 6 2 5 D
5 7 0 2 U
6 0 0 6 L
6 2 1 6 L
6 3 7 0 R
6 4 1 7 L
6 5 4 0 R
6 6 0 0 R
6 7 5 7 L
7 0 0 7 L
7 2 2 0 R
7 3 0 1 R
7 4 0 3 U
7 5 0 1 R
7 6 0 5 D
7 7 0 1 R
8 0 1 4 D
8 2 4 0 R
8 3 2 0 R
8 4 1 0 R
8 5 5 0 R
8 6 3 4 D
9 2 8 5 D
9 5 5 7 L

