15 14 172
2 4 5 9 0 12 1 10 0 1 9
1 4 0 8 10 3 0 0 0 9 5
4 2 13 0 13 0 0 0 0 6 0
0 10 8 0 8 12 3 0 2 0 0
6 0 2 9 0 7 0 7 6 0 0
8 0 7 0 2 0 6 0 5 1 0
9 8 0 0 13 14 0 3 0 0 12
0 2 0 11 0 11 10 0 12 0 2
1 7 13 0 13 11 0 0 13 8 0
8 0 11 7 10 11 12 0 8 9 0
3 8 0 0 5 4 0 0 0 0 11
0 0 0 0 D
0 1 0 1 D
0 2 0 2 D
0 3 0 3 R
0 4 0 4 R
0 5 0 5 R
0 6 0 6 R
0 7 0 7 U
0 8 0 8 U
0 9 0 9 U
0 10 0 10 U
0 11 0 11 L
0 12 0 12 L
0 13 0 13 L
1 0 12 0 D
1 1 0 5 R
1 2 0 8 U
1 3 3 13 L
1 4 3 9 U
1 5 0 11 L
1 6 0 0 D
1 7 4 11 L
1 8 7 1 D
1 9 3 9 U
1 10 0 6 R
1 11 4 11 L
1 12 0 1 D
1 13 5 13 L
2 0 0 12 L
2 1 0 13 L
2 2 10 2 D
2 3 0 0 D
2 4 1 2 D
2 5 8 0 D
2 6 5 6 R
2 7 8 7 U
2 8 4 13 L
2 9 0 1 D
2 11 0 7 U
2 12 6 9 U
2 13 6 2 D
3 0 2 11 L
3 1 4 6 R
3 2 0 4 R
3 3 4 0 D
3 4 0 2 D
3 5 2 5 R
3 6 5 11 L
3 7 0 6 R
3 8 11 11 L
3 9 8 0 D
3 11 0 0 D
3 12 0 4 R
3 13 0 9 U
4 0 3 11 L
4 1 1 1 D
4 2 2 10 U
4 3 0 12 L
4 4 7 4 R
4 5 7 1 D
4 6 11 1 D
4 7 3 12 L
4 8 1 4 R
4 9 7 9 U
4 11 0 2 D
4 12 5 12 L
4 13 0 8 U
5 0 6 0 D
5 1 7 12 L
5 2 8 2 D
5 3 6 3 R
5 4 0 7 U
5 5 6 5 R
5 6 3 6 R
5 7 0 3 R
5 8 3 8 U
5 9 1 1 D
5 10 3 13 L
5 11 3 11 L
5 12 1 5 R
5 13 0 3 R
6 0 0 3 R
6 1 11 3 R
6 2 7 13 L
6 3 9 11 L
6 4 4 13 L
6 5 0 13 L
6 6 2 0 D
6 7 4 12 L
6 8 1 3 R
6 9 4 9 U
6 10 7 10 U
6 11 3 8 U
6 12 7 0 D
6 13 1 10 U
7 0 1 3 R
7 1 1 13 L
7 2 5 4 R
7 3 0 9 U
7 4 9 4 R
7 5 4 9 U
7 7 8 7 U
7 8 13 4 R
7 9 11 4 R
7 11 2 11 L
7 12 5 7 U
7 13 2 0 D
8 0 4 12 L
8 1 9 1 D
8 2 4 2 D
8 3 9 3 R
8 4 0 8 U
8 5 0 8 U
8 6 3 6 R
8 7 0 0 D
8 8 0 13 L
8 9 9 11 L
8 11 1 1 D
8 12 4 3 R
8 13 5 4 R
9 0 5 12 L
9 1 6 11 L
9 2 7 2 D
9 3 0 1 D
9 4 6 8 U
9 5 0 7 U
9 7 0 5 R
9 8 7 12 L
9 9 1 9 U
9 11 12 5 R
9 12 5 12 L
9 13 4 1 D
10 0 0 7 U
10 1 12 3 R
10 2 4 2 D
10 3 6 8 U
10 4 11 4 R
10 5 5 5 R
10 7 1 5 R
10 8 12 8 U
10 9 2 9 U
10 11 2 11 L
10 12 4 1 D
10 13 2 8 U
11 0 0 11 L
11 1 6 4 R
11 2 0 9 U
11 4 5 13 L
11 5 13 7 U
11 7 8 11 L
11 8 5 1 D
11 9 8 11 L
11 11 8 9 U
11 12 10 7 U
11 13 10 8 U
12 0 2 7 U
12 2 6 7 U
12 3 4 7 U
12 4 2 4 R
12 5 6 2 D
12 7 11 6 R
12 8 6 3 R
12 11 3 11 L
12 12 6 4 R
12 13 10 13 L
13 2 2 5 R
13 3 3 7 U
13 4 1 8 U
13 5 1 5 R
13 11 11 1 D
13 12 2 12 L
14 5 3 5 R

