19 15 228
0 0 0 0 0 8 5 0 0 5 0 0 10
0 11 0 0 0 4 0 2 0 0 0 8 0
1 14 5 0 0 0 13 4 11 14 2 5 0
0 0 0 11 0 16 5 0 7 0 16 0 0
0 0 0 0 16 1 1 16 3 16 3 17 0
0 0 0 11 0 6 0 0 6 17 17 0 0
4 3 10 0 0 15 3 9 16 18 1 0 0
0 0 14 5 0 17 0 1 13 3 1 0 16
6 0 4 0 2 7 16 1 6 0 0 0 11
8 10 6 2 17 5 0 18 12 17 0 0 0
0 0 13 3 0 10 9 14 0 0 0 0 0
4 13 0 18 0 0 17 1 8 9 1 0 0
0 3 0 1 3 0 12 9 10 8 0 1 0
0 0 0 0 L
0 1 0 1 L
0 2 0 2 L
0 3 0 3 R
0 4 0 4 R
0 5 0 5 R
0 6 0 6 R
0 7 0 7 D
0 8 0 8 D
0 9 0 9 D
0 10 0 10 D
0 11 0 11 U
0 12 0 12 U
0 13 0 13 U
0 14 0 14 U
1 0 0 11 U
1 1 0 4 R
1 2 2 2 L
1 3 0 0 L
1 4 13 4 R
1 5 0 1 L
1 6 11 6 R
1 7 9 4 R
1 8 4 8 D
1 9 7 9 D
1 10 2 10 D
1 11 0 4 R
1 12 6 3 R
1 13 9 13 U
1 14 5 14 U
2 0 0 7 D
2 1 7 1 L
2 2 5 2 L
2 3 15 11 U
2 4 6 4 R
2 5 4 5 R
2 7 10 2 L
2 8 11 6 R
2 9 11 11 U
2 10 6 10 D
2 11 3 1 L
2 12 4 12 U
2 13 0 8 D
2 14 1 14 U
3 0 1 8 D
3 1 12 11 U
3 2 0 13 U
3 3 2 14 U
3 4 0 12 U
3 5 10 5 R
3 6 2 12 U
3 7 0 3 R
3 8 7 2 L
3 9 0 2 L
3 10 8 10 D
3 11 4 3 R
3 12 5 12 U
3 13 5 1 L
3 14 0 7 D
4 0 0 8 D
4 1 0 11 U
4 2 10 2 L
4 3 2 3 R
4 4 0 8 D
4 5 9 10 D
4 7 16 0 L
4 8 6 8 D
4 9 1 9 D
4 10 11 4 R
4 11 8 11 U
4 12 0 3 R
4 13 0 9 D
4 14 3 14 U
5 0 11 0 L
5 1 9 1 L
5 2 12 12 U
5 3 2 13 U
5 4 0 7 D
5 5 4 14 U
5 7 0 0 L
5 8 13 0 L
5 9 6 9 D
5 10 3 1 L
5 11 0 0 L
5 12 2 12 U
5 13 11 3 R
5 14 6 1 L
6 0 8 11 U
6 1 3 1 L
6 2 4 2 L
6 3 3 3 R
6 4 11 11 U
6 5 4 5 R
6 7 16 1 L
6 8 0 5 R
6 9 2 2 L
6 10 4 10 D
6 11 14 0 L
6 12 3 12 U
6 13 10 13 U
6 14 9 14 U
7 0 2 8 D
7 1 10 1 L
7 2 12 7 D
7 3 2 8 D
7 4 1 4 R
7 5 6 5 R
7 6 10 14 U
7 7 2 4 R
7 8 8 1 L
7 9 11 3 R
7 10 0 5 R
7 11 0 5 R
7 12 3 12 U
7 13 1 13 U
7 14 6 14 U
8 0 0 9 D
8 1 4 7 D
8 2 10 2 L
8 3 1 3 R
8 4 1 11 U
8 5 3 5 R
8 7 3 7 D
8 8 0 1 L
8 9 11 1 L
8 10 4 10 D
8 11 7 3 R
8 12 0 7 D
8 13 15 13 U
8 14 4 5 R
9 0 0 12 U
9 1 3 12 U
9 2 2 8 D
9 3 10 13 U
9 4 5 12 U
9 5 14 5 R
9 7 0 1 L
9 8 0 14 U
9 9 11 9 D
9 10 3 5 R
9 11 0 2 L
9 12 3 3 R
9 13 8 13 U
9 14 5 0 L
10 0 6 0 L
10 1 2 1 L
10 2 11 12 U
10 3 6 7 D
10 4 2 4 R
10 5 15 5 R
10 7 9 7 D
10 8 0 4 R
10 9 4 6 R
10 10 3 14 U
10 11 5 0 L
10 12 5 12 U
10 13 4 13 U
10 14 3 14 U
11 0 13 9 D
11 1 5 1 L
11 2 7 12 U
11 3 1 3 R
11 4 0 2 L
11 5 2 11 U
11 8 15 3 R
11 9 1 9 D
11 10 4 4 R
11 11 10 6 R
11 12 0 10 D
11 13 8 13 U
12 0 2 10 D
12 1 6 9 D
12 2 1 2 L
12 3 1 3 R
12 5 0 2 L
12 6 1 6 R
12 7 8 4 R
12 9 3 0 L
12 10 1 10 D
12 12 0 4 R
12 13 4 13 U
13 0 0 3 R
13 1 6 1 L
13 2 8 8 D
13 3 12 3 R
13 4 8 7 D
13 9 2 9 D
13 11 10 11 U
13 12 6 12 U
13 13 14 3 R
13 14 0 10 D
14 0 3 9 D
14 1 10 13 U
14 2 4 8 D
14 3 5 7 D
14 4 6 4 R
14 5 6 12 U
14 7 0 11 U
14 9 4 9 D
14 11 10 7 D
14 12 13 4 R
14 13 1 13 U
15 0 10 7 D
15 1 1 1 L
15 2 12 13 U
15 3 0 11 U
15 7 6 7 D
15 9 14 9 D
15 12 6 5 R
15 13 16 13 U
16 0 8 8 D
16 1 4 9 D
16 2 15 11 U
16 3 1 14 U
16 4 5 13 U
16 7 14 11 U
16 9 13 9 D
16 12 0 8 D
16 13 9 13 U
17 0 14 12 U
17 1 11 12 U
17 3 3 2 L
17 9 1 0 L
17 12 7 3 R
17 13 10 4 R
18 0 3 7 D
18 9 6 1 L
18 12 2 12 U

