14 9 106
0 0 10 0 0 0 0 3 0 0 0 0 0 4 0 0 0 0 0 5
0 0 0 1 0 0 0 0 0 0 0 4 9 2 3 5 0 0 0 0
0 0 0 0 0 0 3 0 0 0 3 0 0 0 0 11 0 0 0 0
0 0 0 0 11 0 0 0 0 6 0 2 0 0 0 0 0 0 0 0
0 0 0 0 0 0 0 0 0 0 0 0 0 0 0 0 0 0 0 0
0 9 12 0 0 0 0 0 0 1 0 0 0 0 11 6 0 4 0 0
0 0 0 0 0 0 0 0 0 0 10 0 6 0 0 0 5 0 0 0
0 0 0 0 0 0 0 0 0 0 0 1 0 0 0 11 10 0 0 8
0 0 0 0 0 0 0 0 0 0 10 3 0 1 0 0 0 9 0 0
0 0 0 4 0 0 0 0 0 9 0 0 0 0 0 0 0 0 0 0
0 10 0 2 0 0 0 0 0 0 0 0 4 0 0 0 0 0 0 6
3 0 4 0 0 0 0 0 0 0 0 0 0 0 12 0 0 10 0 9
2 0 0 0 0 0 0 0 0 4 0 0 8 12 6 8 3 8 9 1
0 0 0 0 0 0 0 0 0 0 8 0 0 0 3 0 0 0 0 2
0 0 0 0 0 0 0 0 0 0 5 0 0 0 0 0 0 4 0 0
11 0 0 0 7 0 0 0 0 0 0 0 0 12 0 0 0 0 0 13
2 0 0 0 0 0 0 4 0 0 4 0 0 8 3 0 0 0 5 0
0 0 0 0 0 0 0 0 0 0 0 0 0 2 0 0 6 0 6 0
0 0 0 0 0 0 0 0 0 0 0 7 0 0 0 9 0 0 0 6
2 0 10 0 0 0 0 0 0 8 10 0 0 11 0 4 0 0 0 4
0 0 0 0 U
0 1 0 1 U
0 2 0 2 U
0 3 0 3 R
0 4 0 4 R
0 5 0 5 D
0 6 0 6 D
0 7 0 7 L
0 8 0 8 L
1 0 5 0 U
1 1 5 7 L
1 2 9 3 R
1 3 0 6 D
1 4 2 5 D
1 5 4 5 D
1 6 7 4 R
1 7 5 0 U
1 8 8 8 L
2 0 6 0 U
2 1 4 5 D
2 2 6 2 U
2 3 1 5 D
2 4 0 2 U
2 5 0 8 L
2 6 7 8 L
2 7 0 1 U
2 8 3 8 L
3 0 11 3 R
3 1 0 4 R
3 2 2 6 D
3 3 9 3 R
3 4 2 0 U
3 5 4 0 U
3 6 1 7 L
3 7 0 5 D
3 8 0 6 D
4 0 5 7 L
4 1 0 5 D
4 2 7 2 U
4 3 7 3 R
4 4 0 1 U
4 5 0 7 L
4 6 0 1 U
4 7 6 7 L
4 8 5 4 R
5 0 0 7 L
5 1 2 6 D
5 2 0 5 D
5 3 1 6 D
5 4 10 6 D
5 5 0 0 U
5 6 3 6 D
5 7 6 3 R
5 8 1 0 U
6 0 5 8 L
6 1 0 8 L
6 2 0 6 D
6 3 0 0 U
6 4 0 5 D
6 5 10 3 R
6 6 8 6 D
6 7 3 7 L
6 8 2 8 L
7 0 3 4 R
7 1 1 1 U
7 3 9 1 U
7 4 4 1 U
7 5 0 4 R
7 6 2 7 L
7 7 0 0 U
7 8 1 1 U
8 0 6 3 R
8 1 2 1 U
8 2 7 2 U
8 3 0 7 L
8 4 7 4 R
8 5 4 4 R
8 6 7 6 D
8 7 5 5 D
8 8 7 1 U
9 0 0 3 R
9 1 1 1 U
9 3 0 8 L
9 4 2 2 U
9 5 3 5 D
9 6 4 3 R
9 7 8 5 D
9 8 1 8 L
10 0 5 4 R
10 1 9 4 R
10 3 4 6 D
10 4 2 1 U
10 5 5 4 R
10 6 0 3 R
10 7 3 5 D
10 8 4 6 D
11 0 4 7 L
11 1 3 4 R
11 3 6 6 D
11 6 7 6 D
11 7 0 2 U
11 8 0 3 R
12 0 10 0 U
12 1 1 1 U
12 8 7 0 U
13 0 6 8 L

