20 20 316
13 8 0 0 0 14 0 0 9 0 6 3
8 18 0 13 13 0 0 0 4 0 15 0
0 14 0 9 0 19 0 0 0 0 13 0
5 13 0 0 0 17 0 0 0 16 0 6
7 0 0 2 3 10 0 0 0 0 0 12
0 4 0 0 0 16 7 18 4 18 18 4
7 0 0 0 0 0 5 11 0 0 0 8
8 7 0 0 3 13 0 0 0 17 19 0
16 8 0 0 15 18 0 19 0 0 18 4
17 0 0 0 11 0 18 0 14 14 0 12
0 0 10 0 0 1 3 0 0 0 14 10
5 12 10 0 4 3 11 7 8 18 1 0
0 0 0 0 U
0 1 0 1 U
0 2 0 2 U
0 3 0 3 U
0 4 0 4 R
0 5 0 5 R
0 6 0 6 R
0 7 0 7 R
0 8 0 8 R
0 9 0 9 D
0 10 0 10 D
0 11 0 11 D
0 12 0 12 D
0 13 0 13 D
0 14 0 14 L
0 15 0 15 L
0 16 0 16 L
0 17 0 17 L
0 18 0 18 L
0 19 0 19 L
1 0 7 18 L
1 1 2 15 L
1 2 0 9 D
1 3 8 3 U
1 4 17 4 R
1 5 6 16 L
1 6 10 11 D
1 7 8 2 U
1 8 5 8 R
1 9 8 14 L
1 10 9 10 D
1 11 8 16 L
1 12 17 12 D
1 13 4 13 D
1 14 13 0 U
1 15 15 2 U
1 16 6 2 U
1 17 4 17 L
1 18 16 9 D
2 0 0 4 R
2 1 9 4 R
2 2 14 5 R
2 3 14 3 U
2 4 15 0 U
2 5 10 5 R
2 6 6 0 U
2 7 1 7 R
2 8 7 18 L
2 9 16 4 R
2 10 0 5 R
2 11 5 15 L
2 12 15 8 R
2 13 5 13 D
2 14 7 0 U
2 15 1 10 D
2 16 1 3 U
2 17 9 12 D
2 18 3 6 R
3 0 2 0 U
3 1 1 1 U
3 2 1 4 R
3 3 2 3 U
3 4 0 1 U
3 5 0 10 D
3 6 13 9 D
3 7 1 7 R
3 8 0 18 L
3 9 0 14 L
3 10 17 15 L
3 11 9 5 R
3 12 8 6 R
3 13 9 15 L
3 14 11 14 L
3 15 2 6 R
3 16 5 11 D
3 17 9 17 L
3 18 1 4 R
4 0 7 5 R
4 1 12 10 D
4 2 7 5 R
4 3 0 7 R
4 4 9 2 U
4 5 0 14 L
4 6 10 6 R
4 7 8 7 R
4 8 8 8 R
4 9 13 4 R
4 10 6 6 R
4 11 16 5 R
4 12 1 12 D
4 13 10 14 L
4 14 8 0 U
4 15 1 15 L
4 16 9 1 U
4 17 0 7 R
4 18 1 18 L
4 19 5 8 R
5 0 15 16 L
5 1 9 7 R
5 2 10 16 L
5 3 8 6 R
5 4 4 4 R
5 5 3 5 R
5 6 11 3 U
5 7 11 11 D
5 9 3 15 L
5 10 9 3 U
5 11 3 11 D
5 12 9 12 D
5 14 10 13 D
5 15 15 11 D
5 16 2 12 D
5 17 11 2 U
5 18 12 12 D
6 0 14 0 U
6 1 1 1 U
6 2 16 2 U
6 3 9 19 L
6 4 9 3 U
6 5 10 2 U
6 6 3 0 U
6 7 0 17 L
6 9 3 9 D
6 10 9 5 R
6 11 11 7 R
6 12 2 12 D
6 13 1 8 R
6 14 4 3 U
6 15 15 9 D
6 16 4 3 U
6 17 5 10 D
7 0 14 9 D
7 1 11 6 R
7 2 0 5 R
7 3 0 18 L
7 4 17 10 D
7 5 16 13 D
7 6 2 12 D
7 7 11 10 D
7 9 0 2 U
7 10 17 2 U
7 11 13 7 R
7 12 5 16 L
7 14 17 9 D
7 15 3 10 D
7 16 6 1 U
7 17 1 3 U
7 18 10 3 U
8 0 16 7 R
8 1 14 4 R
8 2 13 2 U
8 3 9 3 U
8 4 0 11 D
8 5 10 1 U
8 6 0 2 U
8 7 4 1 U
8 9 11 9 D
8 10 6 16 L
8 11 14 3 U
8 12 1 6 R
8 14 17 10 D
8 15 0 10 D
8 16 10 3 U
8 17 0 11 D
8 18 11 18 L
9 0 0 16 L
9 1 0 14 L
9 2 3 7 R
9 3 2 6 R
9 4 13 17 L
9 5 19 9 D
9 6 6 17 L
9 7 3 7 R
9 8 11 8 R
9 9 0 15 L
9 10 15 4 R
9 11 10 14 L
9 12 6 5 R
9 14 0 0 U
9 15 13 15 L
9 16 0 7 R
9 17 8 13 D
9 18 3 2 U
9 19 1 19 L
10 0 9 16 L
10 1 7 6 R
10 2 8 2 U
10 3 3 16 L
10 4 17 9 D
10 5 9 9 D
10 6 13 3 U
10 7 0 3 U
10 9 8 17 L
10 10 2 4 R
10 11 0 17 L
10 12 3 17 L
10 14 0 6 R
10 15 12 15 L
10 16 4 16 L
10 17 15 17 L
11 0 5 0 U
11 1 6 1 U
11 2 5 2 U
11 3 5 4 R
11 4 1 0 U
11 5 1 9 D
11 6 2 1 U
11 7 13 11 D
11 8 10 11 D
11 9 2 4 R
11 10 2 10 D
11 11 15 6 R
11 14 9 14 L
11 16 3 16 L
11 17 1 0 U
11 18 1 18 L
12 0 14 14 L
12 1 1 14 L
12 2 15 15 L
12 3 4 8 R
12 4 17 18 L
12 5 0 16 L
12 6 11 1 U
12 7 4 14 L
12 9 3 0 U
12 11 2 17 L
12 12 4 16 L
12 14 0 12 D
12 15 0 4 R
12 16 11 12 D
13 0 16 14 L
13 1 10 16 L
13 2 11 14 L
13 3 5 6 R
13 4 11 0 U
13 5 15 15 L
13 6 2 6 R
13 7 1 18 L
13 9 3 9 D
13 10 4 16 L
13 11 8 11 D
13 12 2 18 L
13 14 6 1 U
13 15 7 1 U
13 16 10 13 D
13 17 0 2 U
13 18 11 18 L
14 0 9 15 L
14 1 5 15 L
14 2 1 9 D
14 3 1 3 U
14 4 10 1 U
14 5 17 11 D
14 6 11 16 L
14 7 16 12 D
14 8 4 12 D
14 9 11 9 D
14 10 11 10 D
14 11 0 7 R
14 14 0 9 D
14 15 6 10 D
14 16 4 11 D
15 0 3 17 L
15 1 7 11 D
15 2 4 2 U
15 3 10 16 L
15 4 16 11 D
15 5 1 5 R
15 6 1 15 L
15 7 1 7 R
15 8 6 16 L
15 9 14 6 R
15 10 13 4 R
15 11 2 11 D
15 13 2 5 R
15 14 2 14 L
15 15 9 2 U
15 16 6 3 U
15 17 3 1 U
16 0 4 5 R
16 1 7 16 L
16 2 3 17 L
16 3 15 15 L
16 5 12 11 D
16 6 2 6 R
16 7 3 7 R
16 9 6 1 U
16 10 11 10 D
16 11 13 5 R
16 12 4 4 R
16 14 15 2 U
16 15 9 0 U
16 17 6 10 D
17 0 1 7 R
17 1 11 14 L
17 2 0 15 L
17 3 14 5 R
17 4 12 9 D
17 5 3 2 U
17 7 3 7 R
17 9 9 8 R
17 10 13 15 L
17 11 15 8 R
17 14 1 0 U
17 15 0 1 U
17 17 4 5 R
18 0 16 0 U
18 1 12 17 L
18 2 0 11 D
18 5 8 5 R
18 7 3 17 L
18 11 5 7 R
18 14 0 3 U
19 2 10 14 L
19 5 1 10 D
19 7 1 7 R

