7 4 26
0 0 0 5 0 0 0 2 1 0 0 0 0 0
1 3 0 0 0 0 2 0 0 3 0 0 0 0
0 0 0 0 0 0 0 0 0 0 0 0 0 0
0 6 0 0 0 0 4 0 0 2 0 0 0 0
0 0 0 0 0 0 0 0 0 0 0 0 0 0
0 0 0 0 0 0 0 0 0 0 0 0 0 0
0 0 0 0 0 0 0 0 0 0 0 0 0 0
2 0 0 2 0 0 3 0 0 0 3 0 0 0
0 0 0 0 0 0 0 0 0 0 0 0 0 0
0 0 1 0 0 6 0 5 2 0 2 0 0 0
0 0 1 0 0 3 5 0 0 0 0 0 1 0
0 0 0 0 0 0 0 0 0 0 0 0 2 0
0 0 0 0 0 4 5 0 0 0 0 0 0 0
0 0 0 0 0 0 0 0 0 0 0 0 0 0
0 0 0 0 U
0 1 0 1 R
0 2 0 2 D
0 3 0 3 L
1 0 0 1 R
1 1 0 2 D
1 2 0 1 R
1 3 0 2 D
2 0 1 3 L
2 1 0 0 U
2 2 0 3 L
2 3 0 0 U
3 0 0 3 L
3 1 4 1 R
3 2 2 2 D
3 3 1 2 D
4 0 1 0 U
4 1 3 0 U
4 2 2 1 R
4 3 0 1 R
5 0 2 0 U
5 1 4 0 U
5 2 2 3 L
5 3 1 1 R
6 2 1 1 R
6 3 3 3 L

