29 25 610
13 0 0 0 0 0 0 0 0 0 0 24 27 26
8 13 27 0 0 0 0 0 0 0 0 24 24 20
21 13 0 22 8 10 5 18 24 0 9 17 1 24
19 0 0 0 21 0 16 23 19 10 17 0 0 20
0 20 28 4 18 19 0 0 0 0 19 17 4 4
7 20 0 0 0 22 11 0 0 4 0 0 27 0
0 0 0 0 0 0 0 2 25 8 0 7 0 18
9 21 0 12 13 12 23 22 1 0 0 26 25 23
15 8 0 28 0 3 0 17 0 22 0 0 0 0
4 23 22 0 0 19 0 0 18 6 19 14 4 0
0 0 14 0 23 0 25 19 2 1 24 6 0 0
0 0 7 27 18 27 25 0 0 10 9 18 0 0
20 2 9 16 0 12 26 24 6 0 0 20 0 0
28 0 0 0 0 0 0 0 0 0 3 18 22 24
0 0 0 0 L
0 1 0 1 L
0 2 0 2 L
0 3 0 3 L
0 4 0 4 L
0 5 0 5 L
0 6 0 6 L
0 7 0 7 R
0 8 0 8 R
0 9 0 9 R
0 10 0 10 R
0 11 0 11 R
0 12 0 12 R
0 13 0 13 D
0 14 0 14 D
0 15 0 15 D
0 16 0 16 D
0 17 0 17 D
0 18 0 18 D
0 19 0 19 U
0 20 0 20 U
0 21 0 21 U
0 22 0 22 U
0 23 0 23 U
0 24 0 24 U
1 0 4 13 D
1 1 0 19 U
1 2 4 20 U
1 3 20 17 D
1 4 7 4 L
1 5 3 19 U
1 6 17 22 U
1 7 13 19 U
1 8 3 16 D
1 9 4 24 U
1 10 8 10 R
1 11 3 11 R
1 12 2 12 R
1 13 25 3 L
1 14 10 22 U
1 15 0 21 U
1 16 6 16 D
1 17 0 22 U
1 18 22 3 L
1 19 6 6 L
1 20 12 20 U
1 21 14 21 U
1 22 4 22 U
1 23 6 23 U
1 24 27 24 U
2 0 0 14 D
2 1 17 20 U
2 2 19 2 L
2 3 0 22 U
2 4 13 4 L
2 5 1 24 U
2 7 10 14 D
2 8 7 19 U
2 9 3 9 R
2 10 14 10 R
2 11 15 19 U
2 12 20 21 U
2 13 8 20 U
2 14 8 1 L
2 15 11 15 D
2 16 9 16 D
2 17 4 2 L
2 18 5 18 D
2 19 9 0 L
2 20 3 10 R
2 21 17 21 U
2 22 10 22 U
2 23 21 23 U
2 24 19 24 U
3 0 22 12 R
3 1 0 7 R
3 2 21 23 U
3 3 0 15 D
3 4 14 13 D
3 5 18 5 L
3 6 11 6 L
3 7 7 17 D
3 8 11 8 R
3 9 2 9 R
3 10 10 10 R
3 11 2 21 U
3 12 8 12 R
3 13 0 1 L
3 14 1 3 L
3 15 19 19 U
3 16 6 16 D
3 17 1 17 D
3 18 6 12 R
3 19 7 1 L
3 20 0 13 D
3 21 0 16 D
3 22 21 0 L
3 23 18 4 L
3 24 13 24 U
4 0 3 13 D
4 1 3 9 R
4 2 0 20 U
4 3 19 3 L
4 4 3 4 L
4 5 0 12 R
4 7 1 7 R
4 8 20 13 D
4 9 25 21 U
4 10 14 19 U
4 11 3 11 R
4 12 0 20 U
4 13 10 4 L
4 14 9 14 D
4 15 6 15 D
4 16 19 10 R
4 17 9 17 D
4 18 24 2 L
4 19 0 0 L
4 20 9 2 L
4 21 5 13 D
4 22 8 16 D
4 23 14 15 D
4 24 16 24 U
5 0 18 17 D
5 1 14 23 U
5 2 4 22 U
5 3 1 22 U
5 4 4 21 U
5 5 19 5 L
5 6 9 6 L
5 7 18 19 U
5 8 8 14 D
5 9 6 19 U
5 10 12 0 L
5 11 4 11 R
5 12 2 12 R
5 13 15 1 L
5 14 0 9 R
5 15 14 12 R
5 16 3 16 D
5 17 7 17 D
5 18 4 18 D
5 19 17 14 D
5 20 1 20 U
5 21 0 2 L
5 22 0 12 R
5 23 2 7 R
5 24 12 24 U
6 0 23 13 D
6 1 12 1 L
6 2 2 20 U
6 3 7 21 U
6 4 2 4 L
6 5 18 24 U
6 6 0 23 U
6 7 8 18 D
6 8 1 8 R
6 9 5 9 R
6 10 1 16 D
6 11 7 20 U
6 12 2 12 R
6 13 0 0 L
6 14 5 11 R
6 15 22 9 R
6 16 3 2 L
6 17 0 5 L
6 18 1 18 D
6 19 10 0 L
6 20 9 8 R
6 21 0 14 D
6 22 3 22 U
6 23 0 17 D
6 24 12 13 D
7 0 1 13 D
7 1 3 1 L
7 2 6 19 U
7 3 5 21 U
7 4 2 4 L
7 5 4 7 R
7 7 10 13 D
7 8 1 8 R
7 9 21 23 U
7 10 0 22 U
7 11 15 11 R
7 12 2 12 R
7 13 17 0 L
7 14 25 1 L
7 15 10 7 R
7 16 13 16 D
7 17 5 17 D
7 18 6 11 R
7 19 5 5 L
7 20 8 14 D
7 21 12 9 R
7 22 4 10 R
7 23 1 12 R
7 24 1 24 U
8 0 5 22 U
8 1 15 1 L
8 2 0 21 U
8 3 10 3 L
8 4 4 23 U
8 5 16 13 D
8 7 3 0 L
8 8 0 13 D
8 9 20 4 L
8 10 2 10 R
8 11 18 22 U
8 12 0 14 D
8 13 12 13 D
8 14 14 2 L
8 15 15 15 D
8 16 17 7 R
8 17 4 5 L
8 18 0 22 U
8 19 12 19 U
8 20 20 7 R
8 21 2 21 U
8 22 2 22 U
8 23 0 4 L
8 24 0 3 L
9 0 0 13 D
9 1 0 8 R
9 2 12 17 D
9 3 2 24 U
9 4 0 16 D
9 5 2 22 U
9 7 15 15 D
9 8 0 17 D
9 9 13 19 U
9 10 0 2 L
9 11 2 13 D
9 12 21 18 D
9 13 0 12 R
9 14 0 7 R
9 15 0 10 R
9 16 2 12 R
9 17 12 3 L
9 18 5 22 U
9 19 11 8 R
9 20 0 17 D
9 21 7 9 R
9 22 4 16 D
9 23 8 8 R
9 24 5 24 U
10 0 5 21 U
10 1 4 1 L
10 2 2 2 L
10 3 17 11 R
10 4 1 4 L
10 5 3 5 L
10 6 4 6 L
10 7 6 14 D
10 8 3 14 D
10 9 11 9 R
10 10 2 2 L
10 11 20 17 D
10 12 7 12 R
10 13 1 19 U
10 14 1 4 L
10 15 1 15 D
10 16 14 2 L
10 17 22 3 L
10 18 5 18 D
10 19 8 1 L
10 20 20 0 L
10 21 3 14 D
10 22 13 22 U
10 23 12 6 L
10 24 16 17 D
11 0 19 19 U
11 1 16 7 R
11 2 1 14 D
11 3 1 3 L
11 4 21 4 L
11 5 1 5 L
11 6 1 19 U
11 7 3 20 U
11 8 0 18 D
11 10 5 17 D
11 11 10 11 R
11 12 0 21 U
11 13 12 10 R
11 14 16 7 R
11 15 0 2 L
11 16 6 9 R
11 17 6 7 R
11 18 25 12 R
11 19 1 7 R
11 20 5 3 L
11 21 5 21 U
11 22 20 22 U
11 23 15 17 D
11 24 10 24 U
12 0 11 8 R
12 1 13 17 D
12 2 21 24 U
12 3 8 13 D
12 4 4 20 U
12 5 19 21 U
12 7 15 7 R
12 8 13 21 U
12 9 2 20 U
12 10 13 23 U
12 11 2 11 R
12 12 1 12 R
12 13 13 13 D
12 14 2 0 L
12 15 16 15 D
12 16 24 12 R
12 17 15 12 R
12 18 11 18 D
12 19 10 3 L
12 20 3 20 U
12 21 2 8 R
12 22 2 22 U
12 23 10 23 U
12 24 17 9 R
13 0 12 7 R
13 1 23 15 D
13 2 19 19 U
13 3 0 23 U
13 4 10 4 L
13 5 6 13 D
13 7 2 24 U
13 8 6 13 D
13 9 22 21 U
13 10 22 10 R
13 11 12 5 L
13 12 14 12 R
13 13 8 8 R
13 14 5 4 L
13 15 18 10 R
13 16 0 2 L
13 17 19 9 R
13 19 20 7 R
13 20 15 20 U
13 21 10 21 U
13 22 21 10 R
13 23 10 9 R
13 24 0 11 R
14 0 13 22 U
14 1 5 22 U
14 2 2 23 U
14 3 10 8 R
14 4 20 24 U
14 5 23 5 L
14 6 9 18 D
14 7 1 13 D
14 8 5 1 L
14 9 17 9 R
14 10 17 16 D
14 11 9 11 R
14 12 17 14 D
14 13 5 2 L
14 14 20 9 R
14 15 3 8 R
14 16 5 3 L
14 17 22 11 R
14 18 15 7 R
14 19 6 13 D
14 20 6 7 R
14 21 10 0 L
14 22 2 22 U
14 23 7 16 D
14 24 21 10 R
15 0 18 15 D
15 1 21 14 D
15 2 16 14 D
15 3 5 17 D
15 4 5 4 L
15 7 22 23 U
15 8 5 15 D
15 9 2 9 R
15 10 7 10 R
15 11 3 11 R
15 12 6 12 R
15 13 21 6 L
15 14 11 8 R
15 15 8 15 D
15 16 24 1 L
15 17 4 17 D
15 19 7 19 U
15 20 0 8 R
15 21 5 21 U
15 22 4 2 L
15 23 23 5 L
15 24 7 24 U
16 0 15 20 U
16 1 4 1 L
16 2 3 15 D
16 3 13 3 L
16 4 14 9 R
16 7 9 0 L
16 8 1 15 D
16 9 3 17 D
16 10 2 17 D
16 11 5 13 D
16 12 23 22 U
16 13 4 10 R
16 14 2 9 R
16 15 4 15 D
16 16 1 16 D
16 17 3 17 D
16 18 14 18 D
16 19 0 7 R
16 20 3 20 U
16 21 5 8 R
16 22 0 15 D
16 23 4 23 U
16 24 20 16 D
17 0 11 14 D
17 2 9 7 R
17 3 18 18 D
17 4 1 4 L
17 5 13 5 L
17 7 10 16 D
17 8 20 23 U
17 9 10 9 R
17 10 1 14 D
17 11 10 11 R
17 12 4 12 R
17 13 1 5 L
17 14 14 1 L
17 15 19 4 L
17 16 3 0 L
17 17 18 1 L
17 19 2 11 R
17 20 9 20 U
17 21 13 7 R
17 22 9 15 D
17 23 3 10 R
17 24 0 0 L
18 0 7 20 U
18 1 12 21 U
18 2 11 2 L
18 3 11 16 D
18 4 0 17 D
18 7 0 19 U
18 8 19 20 U
18 9 9 14 D
18 10 1 10 R
18 11 12 24 U
18 12 23 23 U
18 13 24 0 L
18 14 16 0 L
18 15 4 10 R
18 16 6 16 D
18 17 13 1 L
18 18 20 18 D
18 19 5 13 D
18 20 0 0 L
18 21 0 15 D
18 22 0 8 R
18 23 11 2 L
18 24 6 8 R
19 0 17 0 L
19 1 4 22 U
19 2 3 2 L
19 3 11 20 U
19 4 22 19 U
19 5 14 19 U
19 7 8 22 U
19 8 5 2 L
19 9 14 9 R
19 10 18 10 R
19 11 11 11 R
19 12 4 12 R
19 13 25 9 R
19 14 20 2 L
19 15 1 9 R
19 16 12 16 D
19 17 10 17 D
19 18 0 1 L
19 19 17 19 U
19 20 10 4 L
19 21 12 21 U
19 22 4 22 U
19 23 14 3 L
19 24 23 24 U
20 0 13 18 D
20 2 4 9 R
20 3 18 23 U
20 4 6 4 L
20 5 7 17 D
20 7 19 1 L
20 8 21 16 D
20 9 0 3 L
20 10 10 24 U
20 11 8 11 R
20 12 1 12 R
20 13 21 13 D
20 14 10 19 U
20 15 2 15 D
20 16 13 16 D
20 17 0 19 U
20 18 18 9 R
20 19 17 2 L
20 20 0 9 R
20 21 0 11 R
20 22 0 3 L
20 23 15 5 L
20 24 2 24 U
21 0 14 0 L
21 2 18 2 L
21 3 17 13 D
21 4 17 18 D
21 7 6 13 D
21 8 24 21 U
21 9 20 20 U
21 10 10 18 D
21 11 1 16 D
21 12 0 15 D
21 13 3 11 R
21 14 23 14 D
21 15 0 4 L
21 16 11 9 R
21 17 22 10 R
21 19 13 7 R
21 20 3 4 L
21 21 3 3 L
21 22 2 8 R
21 24 4 24 U
22 0 1 20 U
22 2 10 2 L
22 3 2 3 L
22 4 20 10 R
22 5 3 11 R
22 7 2 13 D
22 8 9 15 D
22 9 3 19 U
22 10 3 21 U
22 11 12 11 R
22 12 7 21 U
22 13 9 11 R
22 14 15 4 L
22 15 10 0 L
22 16 6 16 D
22 17 7 8 R
22 18 21 18 D
22 19 13 17 D
22 20 4 3 L
22 21 3 2 L
22 22 19 3 L
22 24 27 24 U
23 2 22 22 U
23 3 13 18 D
23 4 12 14 D
23 7 22 7 R
23 8 28 22 U
23 9 3 9 R
23 10 14 15 D
23 11 26 15 D
23 12 25 16 D
23 13 7 7 R
23 15 17 4 L
23 16 10 3 L
23 17 4 17 D
23 19 2 19 U
23 20 4 20 U
23 21 26 9 R
23 22 14 4 L
23 24 26 8 R
24 2 0 24 U
24 4 7 15 D
24 7 5 19 U
24 8 6 8 R
24 9 5 9 R
24 10 0 14 D
24 11 19 11 R
24 12 10 12 R
24 13 14 5 L
24 15 10 20 U
24 16 12 11 R
24 17 2 24 U
24 19 6 10 R
24 20 21 7 R
24 21 1 21 U
24 22 22 5 L
24 24 11 16 D
25 2 17 20 U
25 4 13 4 L
25 10 6 10 R
25 12 24 12 R
25 15 21 5 L
25 16 13 11 R
25 17 4 17 D
25 20 4 11 R
25 21 26 21 U
25 22 16 22 U
25 24 26 24 U
26 2 24 18 D
26 4 12 4 L
26 10 0 0 L
26 12 2 12 R
26 15 7 15 D
26 17 2 17 D
26 20 13 2 L
26 21 25 18 D
27 4 3 8 R
27 10 1 10 R
27 12 19 12 R
27 15 11 7 R
27 17 15 17 D
27 20 14 7 R
27 21 4 15 D
28 2 27 8 R
28 4 8 4 L
28 15 3 15 D
28 20 22 20 U

