32 45 1192
27 0 0 0 0 26 1 0 27 0 8 7 4 9 0 8
18 21 25 0 20 1 0 22 20 2 0 28 3 18 15 5
17 20 0 28 26 29 25 20 0 0 0 11 0 20 11 0
20 14 24 19 17 27 5 26 28 29 31 0 30 12 0 7
5 8 0 3 0 11 0 0 0 0 5 3 10 0 19 22
16 0 0 23 0 0 0 0 0 22 0 0 0 21 25 16
25 13 18 5 0 0 28 13 13 0 9 0 5 17 16 14
2 0 0 21 0 0 0 0 24 25 21 0 22 5 0 13
21 16 0 12 0 13 0 0 27 25 6 28 4 3 0 17
22 11 0 12 0 0 0 0 0 0 0 0 0 0 0 22
18 3 22 13 0 0 0 0 0 0 0 0 0 0 0 22
2 17 26 0 9 0 6 0 0 27 2 22 10 0 21 2
24 25 0 0 22 0 0 18 21 31 0 12 0 0 27 24
26 0 14 29 0 0 0 0 0 30 0 0 16 0 0 11
17 0 4 25 25 9 0 25 1 22 14 0 19 11 0 8
1 13 17 22 15 0 22 7 0 21 3 0 0 0 22 11
0 0 0 0 L
0 1 0 1 L
0 2 0 2 L
0 3 0 3 L
0 4 0 4 L
0 5 0 5 L
0 6 0 6 L
0 7 0 7 L
0 8 0 8 L
0 9 0 9 L
0 10 0 10 L
0 11 0 11 L
0 12 0 12 L
0 13 0 13 R
0 14 0 14 R
0 15 0 15 R
0 16 0 16 R
0 17 0 17 R
0 18 0 18 R
0 19 0 19 R
0 20 0 20 R
0 21 0 21 R
0 22 0 22 R
0 23 0 23 R
0 24 0 24 R
0 25 0 25 R
0 26 0 26 D
0 27 0 27 D
0 28 0 28 D
0 29 0 29 D
0 30 0 30 D
0 31 0 31 D
0 32 0 32 D
0 33 0 33 D
0 34 0 34 D
0 35 0 35 D
0 36 0 36 U
0 37 0 37 U
0 38 0 38 U
0 39 0 39 U
0 40 0 40 U
0 41 0 41 U
0 42 0 42 U
0 43 0 43 U
0 44 0 44 U
1 0 20 27 D
1 1 19 26 D
1 2 0 28 D
1 3 24 3 L
1 4 2 4 L
1 5 10 5 L
1 6 2 6 L
1 7 10 7 L
1 8 12 8 L
1 9 12 9 L
1 10 16 10 L
1 11 9 11 L
1 13 13 38 U
1 14 22 26 D
1 15 20 32 D
1 16 2 31 D
1 17 14 17 R
1 18 15 32 D
1 19 9 19 R
1 20 2 43 U
1 21 0 2 L
1 22 6 22 R
1 23 20 23 R
1 24 7 28 D
1 25 7 37 U
1 26 14 2 L
1 27 0 44 U
1 28 21 18 R
1 29 0 14 R
1 30 13 2 L
1 31 2 6 L
1 32 0 20 R
1 33 10 7 L
1 34 23 6 L
1 35 17 2 L
1 36 7 14 R
1 37 7 15 R
1 38 14 15 R
1 39 12 16 R
1 40 7 3 L
1 41 21 9 L
1 42 26 9 L
1 43 11 8 L
1 44 11 23 R
2 0 0 26 D
2 1 4 13 R
2 2 8 2 L
2 3 10 37 U
2 4 11 30 D
2 5 12 30 D
2 6 26 33 D
2 7 7 32 D
2 8 20 42 U
2 9 0 23 R
2 10 18 34 D
2 11 14 16 R
2 12 7 33 D
2 13 7 13 R
2 14 5 27 D
2 15 0 30 D
2 16 18 29 D
2 17 1 17 R
2 18 19 27 D
2 19 1 19 R
2 20 6 30 D
2 21 19 29 D
2 22 4 22 R
2 23 20 23 R
2 24 23 24 R
2 26 5 10 L
2 27 7 27 D
2 28 6 28 D
2 29 30 23 R
2 30 15 18 R
2 31 23 20 R
2 32 5 32 D
2 33 6 7 L
2 34 3 3 L
2 35 5 35 D
2 36 10 11 L
2 37 15 37 U
2 38 8 38 U
2 39 3 4 L
2 40 5 40 U
2 41 3 41 U
2 42 7 42 U
2 43 11 14 R
2 44 1 44 U
3 0 20 39 U
3 1 19 37 U
3 2 2 2 L
3 3 17 28 D
3 4 9 4 L
3 5 4 31 D
3 6 6 6 L
3 7 2 7 L
3 8 8 43 U
3 9 6 9 L
3 10 1 27 D
3 11 12 36 U
3 12 19 12 L
3 13 9 36 U
3 14 5 32 D
3 15 23 41 U
3 16 17 27 D
3 17 20 17 R
3 18 11 40 U
3 19 21 39 U
3 20 1 20 R
3 21 12 35 D
3 22 5 22 R
3 23 1 35 D
3 24 11 44 U
3 25 2 26 D
3 26 15 18 R
3 27 0 17 R
3 28 0 1 L
3 29 2 29 D
3 30 15 21 R
3 31 6 31 D
3 32 18 32 D
3 33 20 33 D
3 34 22 34 D
3 35 7 35 D
3 36 5 15 R
3 37 1 27 D
3 38 5 38 U
3 39 12 39 U
3 40 8 19 R
3 41 5 41 U
3 42 21 7 L
3 43 8 43 U
3 44 9 11 L
4 0 23 27 D
4 1 9 34 D
4 2 6 2 L
4 3 8 32 D
4 4 25 39 U
4 5 2 5 L
4 6 16 34 D
4 7 18 7 L
4 8 15 8 L
4 9 9 9 L
4 10 7 33 D
4 11 0 13 R
4 13 0 40 U
4 14 7 2 L
4 15 0 5 L
4 16 27 26 D
4 17 0 27 D
4 18 18 32 D
4 19 25 35 D
4 20 0 32 D
4 21 28 21 R
4 22 0 4 L
4 23 1 23 R
4 24 6 24 R
4 25 0 36 U
4 26 9 25 R
4 27 15 17 R
4 28 9 1 L
4 29 13 1 L
4 30 14 5 L
4 31 12 5 L
4 32 24 13 R
4 33 3 3 L
4 34 6 0 L
4 35 17 9 L
4 36 25 1 L
4 37 0 28 D
4 38 23 8 L
4 39 19 21 R
4 40 16 16 R
4 41 12 16 R
4 42 17 22 R
4 43 13 18 R
4 44 17 22 R
5 0 11 38 U
5 1 20 39 U
5 2 3 41 U
5 3 23 42 U
5 4 1 31 D
5 5 12 37 U
5 6 10 36 U
5 7 13 42 U
5 8 14 28 D
5 9 20 14 R
5 10 10 10 L
5 11 2 11 L
5 13 9 40 U
5 14 20 14 R
5 15 18 2 L
5 16 2 16 R
5 17 1 29 D
5 18 0 38 U
5 19 6 5 L
5 20 2 33 D
5 21 1 35 D
5 22 13 39 U
5 23 18 33 D
5 24 14 24 R
5 26 6 4 L
5 27 10 16 R
5 28 23 28 D
5 29 3 38 U
5 30 13 20 R
5 31 25 9 L
5 32 8 22 R
5 33 2 33 D
5 34 0 22 R
5 35 9 19 R
5 36 16 2 L
5 37 1 14 R
5 38 6 38 U
5 39 7 39 U
5 40 14 40 U
5 41 21 41 U
5 42 0 33 D
5 43 17 43 U
5 44 20 44 U
6 0 13 26 D
6 1 0 32 D
6 2 22 2 L
6 3 0 30 D
6 4 28 33 D
6 5 14 5 L
6 6 1 6 L
6 7 21 26 D
6 9 15 33 D
6 10 26 10 L
6 11 13 44 U
6 13 11 9 L
6 14 3 28 D
6 15 17 43 U
6 16 1 16 R
6 17 4 31 D
6 18 5 18 R
6 19 10 19 R
6 20 13 20 R
6 21 4 21 R
6 22 1 22 R
6 23 10 31 D
6 24 22 10 L
6 26 0 16 R
6 27 1 0 L
6 28 2 28 D
6 29 1 2 L
6 30 2 30 D
6 31 5 31 D
6 32 19 6 L
6 33 9 7 L
6 34 0 8 L
6 35 15 35 D
6 36 8 18 R
6 37 24 23 R
6 38 7 38 U
6 39 2 39 U
6 40 2 15 R
6 41 5 41 U
6 42 0 9 L
6 43 4 19 R
6 44 24 44 U
7 0 23 26 D
7 1 1 29 D
7 2 0 38 U
7 3 4 15 R
7 4 0 37 U
7 5 6 5 L
7 6 2 42 U
7 7 8 35 D
7 8 24 33 D
7 9 2 9 L
7 10 4 31 D
7 11 8 11 L
7 12 6 12 L
7 13 1 38 U
7 14 0 0 L
7 15 19 37 U
7 16 5 3 L
7 17 20 27 D
7 18 9 32 D
7 19 1 43 U
7 20 19 28 D
7 21 1 21 R
7 22 2 44 U
7 23 0 42 U
7 24 16 26 D
7 26 11 15 R
7 27 10 2 L
7 28 20 28 D
7 29 0 1 L
7 30 21 30 D
7 31 22 5 L
7 32 28 23 R
7 33 2 4 L
7 34 6 34 D
7 35 5 35 D
7 36 9 8 L
7 37 6 37 U
7 38 13 21 R
7 39 10 0 L
7 40 15 2 L
7 41 15 21 R
7 42 2 42 U
7 43 12 9 L
7 44 20 8 L
8 0 4 28 D
8 1 23 28 D
8 2 24 30 D
8 3 23 30 D
8 4 15 17 R
8 5 1 26 D
8 6 1 31 D
8 7 24 41 U
8 8 13 42 U
8 9 17 35 D
8 10 2 10 L
8 11 10 11 L
8 13 10 27 D
8 14 11 26 D
8 15 0 39 U
8 16 19 16 R
8 17 11 30 D
8 18 13 29 D
8 19 3 19 R
8 20 3 20 R
8 21 12 29 D
8 22 4 7 L
8 23 2 30 D
8 24 0 29 D
8 26 19 44 U
8 27 0 19 R
8 28 10 16 R
8 29 4 18 R
8 30 21 19 R
8 31 28 31 D
8 32 23 24 R
8 33 24 23 R
8 34 2 34 D
8 35 3 14 R
8 36 14 25 R
8 37 4 2 L
8 38 9 22 R
8 39 25 13 R
8 40 0 31 D
8 41 0 24 R
8 42 27 17 R
8 43 7 32 D
8 44 0 8 L
9 0 2 14 R
9 1 13 34 D
9 2 23 26 D
9 3 1 3 L
9 4 0 42 U
9 5 25 5 L
9 6 8 6 L
9 7 14 34 D
9 8 16 34 D
9 9 8 32 D
9 10 5 10 L
9 11 12 39 U
9 13 1 30 D
9 14 0 38 U
9 15 1 6 L
9 16 6 16 R
9 17 10 17 R
9 18 3 18 R
9 19 1 19 R
9 20 3 31 D
9 21 1 21 R
9 22 4 22 R
9 23 8 44 U
9 24 13 24 R
9 25 7 25 R
9 26 21 14 R
9 27 28 1 L
9 28 3 0 L
9 29 1 13 R
9 30 13 1 L
9 31 25 7 L
9 32 23 4 L
9 33 13 2 L
9 34 6 12 L
9 35 21 35 D
9 36 3 11 L
9 37 10 6 L
9 38 10 18 R
9 39 17 14 R
9 40 6 19 R
9 41 0 20 R
9 42 14 4 L
9 43 20 6 L
9 44 3 7 L
10 0 22 37 U
10 1 3 33 D
10 2 0 27 D
10 3 17 40 U
10 4 1 36 U
10 5 12 5 L
10 6 0 17 R
10 7 9 7 L
10 8 8 38 U
10 9 1 34 D
10 10 4 44 U
10 11 20 43 U
10 12 23 31 D
10 13 16 35 D
10 14 1 14 R
10 15 3 15 R
10 16 9 33 D
10 17 6 17 R
10 18 7 18 R
10 19 3 40 U
10 20 11 29 D
10 21 16 41 U
10 22 8 27 D
10 23 1 34 D
10 24 4 24 R
10 25 1 25 R
10 26 7 18 R
10 27 21 5 L
10 28 2 7 L
10 29 12 5 L
10 30 25 17 R
10 31 17 4 L
10 32 2 0 L
10 33 12 33 D
10 34 13 2 L
10 35 22 4 L
10 36 0 26 D
10 37 16 3 L
10 38 7 1 L
10 39 1 4 L
10 40 20 14 R
10 41 4 7 L
10 42 27 8 L
10 43 15 19 R
10 44 26 10 L
11 0 24 36 U
11 1 26 1 L
11 2 24 40 U
11 3 12 3 L
11 4 4 37 U
11 5 16 5 L
11 6 15 27 D
11 7 14 7 L
11 8 0 22 R
11 9 0 21 R
11 10 12 33 D
11 11 0 15 R
11 13 23 6 L
11 14 0 43 U
11 15 9 40 U
11 16 4 10 L
11 17 10 17 R
11 18 0 4 L
11 19 1 38 U
11 20 1 3 L
11 21 19 39 U
11 22 0 34 D
11 23 18 5 L
11 24 0 4 L
11 26 21 3 L
11 27 6 7 L
11 28 16 0 L
11 29 1 22 R
11 30 16 1 L
11 31 19 0 L
11 32 13 32 D
11 33 7 8 L
11 34 14 5 L
11 35 2 35 D
11 36 6 36 U
11 37 0 0 L
11 38 29 0 L
11 39 12 15 R
11 40 0 17 R
11 41 7 17 R
11 42 14 3 L
11 43 3 43 U
11 44 13 3 L
12 0 30 33 D
12 1 10 40 U
12 2 8 29 D
12 3 25 31 D
12 4 0 40 U
12 5 21 33 D
12 6 19 32 D
12 7 10 7 L
12 8 8 36 U
12 9 3 26 D
12 10 28 10 L
12 11 2 11 L
12 13 19 0 L
12 14 11 14 R
12 15 22 39 U
12 16 1 16 R
12 17 1 17 R
12 18 15 31 D
12 19 24 44 U
12 20 17 20 R
12 21 15 36 U
12 22 1 22 R
12 23 9 23 R
12 24 13 40 U
12 26 22 19 R
12 27 10 14 R
12 28 11 14 R
12 29 10 20 R
12 30 25 30 D
12 31 10 17 R
12 32 7 2 L
12 33 5 20 R
12 34 11 44 U
12 35 11 8 L
12 36 3 2 L
12 37 14 22 R
12 38 0 5 L
12 39 27 18 R
12 40 19 1 L
12 41 13 41 U
12 42 19 2 L
12 43 8 2 L
12 44 23 20 R
13 0 19 0 L
13 1 15 29 D
13 2 21 30 D
13 3 24 41 U
13 4 22 44 U
13 5 23 30 D
13 6 5 6 L
13 7 0 20 R
13 8 1 8 L
13 9 16 32 D
13 10 17 23 R
13 11 0 40 U
13 13 10 37 U
13 14 6 37 U
13 15 4 29 D
13 16 10 31 D
13 17 26 41 U
13 18 0 1 L
13 19 14 9 L
13 20 6 28 D
13 21 4 21 R
13 22 6 41 U
13 23 6 10 L
13 24 0 35 D
13 26 0 5 L
13 27 16 1 L
13 28 25 19 R
13 29 2 15 R
13 30 0 13 R
13 31 17 3 L
13 32 9 18 R
13 33 3 33 D
13 34 5 1 L
13 35 16 10 L
13 36 14 13 R
13 37 23 3 L
13 38 11 38 U
13 39 0 16 R
13 40 10 20 R
13 41 7 2 L
13 42 24 18 R
13 43 8 43 U
13 44 5 44 U
14 0 10 42 U
14 1 8 28 D
14 2 19 27 D
14 3 1 14 R
14 4 11 27 D
14 5 4 33 D
14 6 4 29 D
14 7 2 40 U
14 8 2 18 R
14 9 13 24 R
14 10 6 17 R
14 11 4 35 D
14 13 28 26 D
14 14 13 1 L
14 15 12 28 D
14 16 5 42 U
14 17 16 26 D
14 18 6 18 R
14 19 16 19 R
14 20 25 20 R
14 21 18 21 R
14 22 7 36 U
14 23 5 23 R
14 24 0 7 L
14 26 9 5 L
14 27 13 37 U
14 28 5 28 D
14 29 5 29 D
14 30 26 30 D
14 31 0 4 L
14 32 1 22 R
14 33 0 0 L
14 34 0 11 L
14 35 5 35 D
14 36 5 0 L
14 37 22 0 L
14 38 8 24 R
14 39 5 6 L
14 40 12 25 R
14 41 22 15 R
14 42 10 7 L
14 43 5 24 R
14 44 4 23 R
15 0 8 41 U
15 1 14 44 U
15 2 12 41 U
15 3 21 29 D
15 4 18 4 L
15 5 12 21 R
15 6 21 33 D
15 7 7 31 D
15 8 23 39 U
15 9 29 28 D
15 10 21 44 U
15 11 7 11 L
15 13 2 33 D
15 14 0 5 L
15 15 11 15 R
15 16 8 32 D
15 17 0 0 L
15 18 7 35 D
15 19 21 38 U
15 20 3 20 R
15 21 21 26 D
15 22 12 36 U
15 23 0 8 L
15 24 4 24 R
15 26 19 13 R
15 27 10 27 D
15 28 22 23 R
15 29 0 24 R
15 30 12 5 L
15 31 2 31 D
15 32 25 22 R
15 33 5 33 D
15 34 2 34 D
15 35 13 35 D
15 36 12 21 R
15 37 11 19 R
15 38 6 23 R
15 39 18 3 L
15 40 23 17 R
15 41 10 41 U
15 42 20 35 D
15 43 5 43 U
15 44 21 19 R
16 0 25 35 D
16 1 5 1 L
16 2 15 33 D
16 3 23 36 U
16 4 26 15 R
16 5 9 28 D
16 6 0 28 D
16 7 8 7 L
16 9 2 9 L
16 10 23 26 D
16 11 9 32 D
16 13 4 38 U
16 14 9 37 U
16 15 19 27 D
16 16 4 16 R
16 17 6 37 U
16 18 0 40 U
16 19 1 19 R
16 20 4 42 U
16 21 4 31 D
16 22 3 22 R
16 23 1 23 R
16 24 0 38 U
16 26 11 0 L
16 27 13 0 L
16 28 23 42 U
16 29 15 24 R
16 30 10 1 L
16 31 12 3 L
16 32 0 6 L
16 33 20 17 R
16 34 15 34 D
16 35 29 5 L
16 36 20 28 D
16 37 9 6 L
16 38 0 1 L
16 39 21 1 L
16 40 29 4 L
16 41 14 14 R
16 42 1 4 L
16 43 6 16 R
16 44 1 20 R
17 0 7 36 U
17 1 0 39 U
17 2 21 37 U
17 3 12 27 D
17 4 3 30 D
17 5 21 16 R
17 6 7 6 L
17 7 15 28 D
17 8 5 42 U
17 9 1 9 L
17 11 20 34 D
17 13 12 38 U
17 14 19 28 D
17 15 11 40 U
17 16 16 43 U
17 17 11 42 U
17 18 10 18 R
17 19 14 31 D
17 20 27 34 D
17 21 4 21 R
17 22 15 5 L
17 23 1 43 U
17 24 2 24 R
17 25 9 43 U
17 26 0 37 U
17 27 24 15 R
17 28 14 14 R
17 29 5 20 R
17 30 2 30 D
17 31 20 1 L
17 32 20 7 L
17 33 5 22 R
17 34 5 34 D
17 35 23 6 L
17 36 6 14 R
17 37 3 4 L
17 38 9 19 R
17 39 8 15 R
17 40 19 21 R
17 41 23 32 D
17 42 2 23 R
17 43 2 25 R
17 44 21 0 L
18 0 19 13 R
18 1 15 38 U
18 2 11 32 D
18 3 9 3 L
18 4 13 16 R
18 5 10 5 L
18 6 1 28 D
18 7 5 7 L
18 9 26 38 U
18 11 14 11 L
18 13 2 27 D
18 14 17 34 D
18 15 5 31 D
18 16 13 16 R
18 17 14 17 R
18 18 1 28 D
18 19 17 19 R
18 20 1 20 R
18 21 11 21 R
18 22 24 38 U
18 23 6 23 R
18 24 6 24 R
18 26 0 36 U
18 27 17 17 R
18 28 21 17 R
18 29 14 29 D
18 30 11 24 R
18 32 7 20 R
18 33 1 11 L
18 34 2 7 L
18 35 20 10 L
18 37 7 1 L
18 38 16 38 U
18 39 0 3 L
18 40 26 10 L
18 41 0 32 D
18 42 6 42 U
18 43 12 43 U
18 44 2 16 R
19 0 4 36 U
19 1 11 13 R
19 2 3 36 U
19 3 17 29 D
19 4 26 42 U
19 5 9 5 L
19 6 2 44 U
19 7 24 29 D
19 9 10 9 L
19 10 27 43 U
19 11 18 11 L
19 13 11 26 D
19 14 0 26 D
19 15 14 28 D
19 16 9 39 U
19 17 0 38 U
19 18 5 18 R
19 19 15 1 L
19 20 6 41 U
19 21 1 21 R
19 22 24 42 U
19 23 13 8 L
19 24 2 24 R
19 26 5 4 L
19 27 4 12 L
19 28 0 2 L
19 29 25 4 L
19 30 14 4 L
19 31 25 6 L
19 32 2 32 D
19 33 13 15 R
19 34 15 42 U
19 35 17 23 R
19 36 0 13 R
19 37 2 4 L
19 38 10 6 L
19 39 8 22 R
19 40 1 1 L
19 41 2 7 L
19 42 8 21 R
19 43 13 22 R
19 44 20 20 R
20 0 9 36 U
20 1 0 42 U
20 2 17 27 D
20 3 0 41 U
20 4 17 4 L
20 5 0 13 R
20 6 2 6 L
20 7 18 27 D
20 8 27 8 L
20 9 2 9 L
20 10 11 44 U
20 11 5 11 L
20 13 27 44 U
20 14 0 33 D
20 15 9 36 U
20 16 7 35 D
20 17 27 36 U
20 18 6 18 R
20 19 11 29 D
20 20 9 10 L
20 21 24 41 U
20 22 12 22 R
20 23 4 23 R
20 24 9 24 R
20 26 8 19 R
20 27 23 24 R
20 28 12 13 R
20 29 12 18 R
20 30 2 9 L
20 31 0 43 U
20 32 19 18 R
20 33 30 15 R
20 34 2 34 D
20 35 5 24 R
20 36 0 11 L
20 37 1 13 R
20 38 5 38 U
20 39 11 9 L
20 40 0 19 R
20 41 11 41 U
20 42 28 42 U
20 43 31 16 R
20 44 17 4 L
21 0 0 36 U
21 1 0 29 D
21 2 13 30 D
21 3 9 39 U
21 4 12 40 U
21 5 10 38 U
21 6 0 40 U
21 7 18 37 U
21 8 25 37 U
21 9 0 35 D
21 11 20 11 L
21 13 15 36 U
21 14 6 30 D
21 15 2 30 D
21 16 15 37 U
21 17 10 29 D
21 18 13 28 D
21 19 10 28 D
21 20 30 4 L
21 21 20 44 U
21 22 27 34 D
21 23 1 23 R
21 24 26 32 D
21 26 1 18 R
21 27 14 8 L
21 28 12 2 L
21 29 18 3 L
21 30 0 15 R
21 31 3 21 R
21 32 9 10 L
21 33 5 33 D
21 34 2 34 D
21 35 7 18 R
21 36 0 21 R
21 37 7 14 R
21 38 3 5 L
21 39 14 39 U
21 40 0 15 R
21 41 15 20 R
21 42 3 42 U
21 43 3 18 R
21 44 18 9 L
22 0 26 0 L
22 1 1 28 D
22 2 18 40 U
22 3 1 3 L
22 4 6 19 R
22 5 19 36 U
22 6 18 41 U
22 7 20 36 U
22 9 14 9 L
22 11 3 23 R
22 14 13 27 D
22 15 9 41 U
22 16 9 38 U
22 17 7 3 L
22 18 9 35 D
22 19 25 0 L
22 20 6 20 R
22 21 25 3 L
22 22 10 10 L
22 23 0 32 D
22 24 2 24 R
22 26 3 24 R
22 27 29 0 L
22 28 23 2 L
22 29 12 9 L
22 30 16 8 L
22 31 14 21 R
22 32 12 1 L
22 33 20 5 L
22 34 12 4 L
22 35 28 44 U
22 37 24 13 R
22 38 4 13 R
22 39 2 5 L
22 40 16 40 U
22 41 3 41 U
22 43 8 43 U
22 44 26 44 U
23 1 1 39 U
23 2 2 2 L
23 3 6 31 D
23 4 5 34 D
23 5 17 37 U
23 6 17 28 D
23 7 0 31 D
23 10 2 10 L
23 11 12 26 D
23 14 16 39 U
23 15 22 31 D
23 16 15 38 U
23 17 1 17 R
23 18 22 34 D
23 19 4 43 U
23 20 22 39 U
23 21 24 7 L
23 22 9 22 R
23 23 11 9 L
23 24 6 27 D
23 26 16 17 R
23 28 24 21 R
23 29 2 13 R
23 30 24 16 R
23 31 24 19 R
23 32 6 32 D
23 33 4 15 R
23 34 12 6 L
23 35 11 4 L
23 36 8 13 R
23 37 20 22 R
23 38 17 38 U
23 39 1 16 R
23 40 7 8 L
23 41 4 18 R
23 43 3 20 R
23 44 19 21 R
24 1 15 36 U
24 2 18 41 U
24 4 20 34 D
24 5 16 5 L
24 6 17 37 U
24 7 18 16 R
24 9 20 44 U
24 14 9 43 U
24 15 27 34 D
24 16 22 2 L
24 17 0 26 D
24 18 9 18 R
24 19 3 30 D
24 20 26 44 U
24 22 7 22 R
24 23 19 27 D
24 24 0 3 L
24 26 19 21 R
24 27 20 15 R
24 28 5 14 R
24 29 11 15 R
24 30 1 30 D
24 31 12 13 R
24 32 9 3 L
24 33 0 40 U
24 34 16 11 L
24 35 5 35 D
24 38 2 13 R
24 39 10 20 R
24 40 21 6 L
24 41 1 16 R
24 42 14 20 R
25 1 13 28 D
25 2 23 29 D
25 3 7 38 U
25 4 17 32 D
25 5 2 26 D
25 6 12 6 L
25 7 5 38 U
25 9 3 9 L
25 10 10 32 D
25 11 7 11 L
25 13 31 7 L
25 14 23 8 L
25 15 18 33 D
25 16 9 6 L
25 17 13 43 U
25 18 27 37 U
25 19 22 7 L
25 20 19 41 U
25 21 11 37 U
25 22 7 22 R
25 23 1 23 R
25 24 23 34 D
25 26 26 4 L
25 27 13 13 R
25 28 1 15 R
25 29 3 14 R
25 30 1 30 D
25 31 8 21 R
25 32 0 38 U
25 33 3 16 R
25 34 19 20 R
25 35 22 35 D
25 37 5 10 L
25 38 7 29 D
25 39 16 17 R
25 40 20 15 R
25 41 14 20 R
25 42 6 42 U
25 44 10 6 L
26 0 4 40 U
26 1 14 43 U
26 2 0 24 R
26 5 24 39 U
26 6 18 40 U
26 7 13 7 L
26 8 0 19 R
26 13 9 30 D
26 14 3 36 U
26 15 6 26 D
26 16 12 44 U
26 17 10 17 R
26 18 22 33 D
26 19 2 27 D
26 20 15 35 D
26 22 14 22 R
26 23 0 1 L
26 24 19 24 R
26 26 20 16 R
26 27 21 21 R
26 28 20 1 L
26 29 3 29 D
26 31 15 31 D
26 32 5 32 D
26 33 13 5 L
26 35 5 35 D
26 36 14 1 L
26 37 6 37 U
26 38 17 9 L
26 39 10 5 L
26 41 6 22 R
26 42 21 42 U
27 1 3 27 D
27 2 25 28 D
27 3 14 30 D
27 5 8 32 D
27 6 7 6 L
27 7 24 15 R
27 13 13 28 D
27 14 7 28 D
27 16 26 28 D
27 17 15 29 D
27 18 1 18 R
27 19 3 42 U
27 20 3 40 U
27 21 10 30 D
27 22 3 33 D
27 24 9 24 R
27 28 26 15 R
27 29 25 5 L
27 31 6 2 L
27 32 18 11 L
27 34 19 5 L
27 35 2 35 D
27 38 5 0 L
27 39 19 7 L
27 41 10 4 L
27 42 23 11 L
27 43 22 0 L
28 2 16 40 U
28 5 15 42 U
28 6 8 6 L
28 7 25 23 R
28 13 0 36 U
28 14 24 36 U
28 17 2 42 U
28 18 5 43 U
28 19 11 32 D
28 22 7 42 U
28 23 20 23 R
28 24 25 24 R
28 28 20 24 R
28 32 16 13 R
28 34 26 34 D
28 38 21 3 L
28 41 7 20 R
28 43 15 43 U
28 44 3 44 U
29 2 26 2 L
29 5 23 31 D
29 6 10 38 U
29 14 17 43 U
29 17 20 32 D
29 18 1 42 U
29 24 20 24 R
29 28 16 14 R
29 38 14 11 L
30 2 17 2 L
30 5 4 41 U
30 6 29 38 U
30 17 28 37 U
30 28 6 6 L
30 38 25 14 R
31 2 3 2 L
31 5 2 31 D
31 17 14 4 L
31 28 2 28 D

