27 25 559
0 6 13 0 0 20 0 4 20 16 0 1 21 20 19 16 13
0 0 20 4 2 0 0 0 15 23 0 0 5 6 0 0 21
0 5 8 0 11 0 6 20 0 0 15 10 22 0 0 0 0
0 0 0 17 0 0 3 0 0 0 11 19 20 0 12 10 0
0 0 0 3 19 0 0 0 0 0 19 10 0 11 20 21 0
10 0 0 0 3 0 13 16 0 16 22 0 0 19 0 0 0
7 11 8 0 16 6 20 9 20 0 18 26 0 25 0 0 0
0 2 6 0 9 20 0 0 0 0 0 23 19 0 0 0 0
11 5 0 4 19 0 25 22 0 0 24 8 0 23 0 0 0
4 0 6 4 17 0 20 21 0 9 0 0 21 12 0 0 0
14 14 0 0 7 14 0 0 0 8 22 0 3 0 0 0 0
11 5 4 0 0 0 16 17 3 0 0 0 0 10 0 0 0
3 6 0 0 0 10 0 19 0 19 0 0 3 6 0 0 0
0 0 16 0 17 13 12 0 0 24 0 0 22 5 0 0 0
19 0 0 0 0 15 21 25 0 0 22 22 25 12 3 3 6
0 23 24 0 21 0 0 0 0 17 0 19 3 15 21 0 6
1 15 16 0 5 0 0 14 0 15 3 23 15 0 0 0 0
0 0 0 0 R
0 1 0 1 R
0 2 0 2 R
0 3 0 3 R
0 4 0 4 R
0 5 0 5 R
0 6 0 6 U
0 7 0 7 U
0 8 0 8 U
0 9 0 9 U
0 10 0 10 U
0 11 0 11 U
0 12 0 12 D
0 13 0 13 D
0 14 0 14 D
0 15 0 15 D
0 16 0 16 D
0 17 0 17 D
0 18 0 18 D
0 19 0 19 L
0 20 0 20 L
0 21 0 21 L
0 22 0 22 L
0 23 0 23 L
0 24 0 24 L
1 0 0 12 D
1 1 10 9 U
1 2 0 11 U
1 3 6 14 D
1 4 2 10 U
1 5 16 10 U
1 6 3 6 U
1 7 0 19 L
1 8 0 14 D
1 9 7 20 L
1 10 4 10 U
1 11 7 11 U
1 12 0 2 R
1 13 14 4 R
1 14 2 14 D
1 15 0 8 U
1 16 7 16 D
1 17 2 17 D
1 18 21 5 R
1 19 0 6 U
1 20 6 20 L
1 21 3 21 L
1 22 9 22 L
1 23 2 23 L
1 24 11 24 L
2 0 0 7 U
2 1 0 15 D
2 2 11 2 R
2 3 0 17 D
2 4 12 4 R
2 5 8 5 R
2 6 3 3 R
2 7 9 19 L
2 8 7 8 U
2 9 3 9 U
2 10 1 20 L
2 11 8 0 R
2 12 6 6 U
2 13 13 24 L
2 14 1 14 D
2 15 4 20 L
2 16 10 22 L
2 17 6 17 D
2 18 4 18 D
2 19 0 7 U
2 20 0 8 U
2 21 18 8 U
2 22 18 7 U
2 23 20 11 U
2 24 3 6 U
3 0 7 14 D
3 1 0 19 L
3 2 1 2 R
3 3 12 3 R
3 4 19 4 R
3 5 18 11 U
3 6 2 19 L
3 7 7 0 R
3 8 6 8 U
3 9 14 9 U
3 10 5 2 R
3 11 6 11 U
3 12 7 23 L
3 13 0 0 R
3 14 8 14 D
3 15 7 15 D
3 16 11 16 D
3 17 16 22 L
3 18 9 1 R
3 19 10 18 D
3 20 16 13 D
3 21 4 21 L
3 22 0 12 D
3 23 0 16 D
3 24 11 17 D
4 0 17 19 L
4 1 7 16 D
4 2 0 6 U
4 3 18 3 R
4 4 5 4 R
4 5 1 5 R
4 6 2 5 R
4 7 0 12 D
4 8 0 1 R
4 9 2 24 L
4 10 13 4 R
4 11 6 11 U
4 12 3 20 L
4 13 5 13 D
4 14 0 7 U
4 15 5 15 D
4 16 5 16 D
4 17 6 19 L
4 18 14 18 D
4 19 3 15 D
4 20 0 5 R
4 21 3 21 L
4 22 13 9 U
4 23 5 23 L
4 24 2 24 L
5 0 13 9 U
5 1 3 1 R
5 2 14 2 R
5 3 15 3 R
5 4 9 4 R
5 5 7 7 U
5 6 4 0 R
5 7 4 7 U
5 8 7 0 R
5 9 4 20 L
5 10 4 22 L
5 11 16 11 U
5 12 10 3 R
5 13 8 20 L
5 14 7 4 R
5 15 1 15 D
5 16 8 16 D
5 17 1 17 D
5 18 0 19 L
5 19 10 16 D
5 20 8 12 D
5 21 3 21 L
5 22 1 22 L
5 23 9 4 R
5 24 0 8 U
6 0 7 8 U
6 1 0 9 U
6 2 15 9 U
6 3 14 6 U
6 4 14 13 D
6 5 16 6 U
6 6 7 1 R
6 7 18 1 R
6 8 0 22 L
6 9 8 9 U
6 10 17 10 U
6 11 12 19 L
6 12 16 19 L
6 13 3 13 D
6 14 1 21 L
6 15 13 15 D
6 16 10 16 D
6 17 0 22 L
6 18 1 18 D
6 19 3 14 D
6 20 17 17 D
6 21 0 0 R
6 22 0 15 D
6 23 0 6 U
6 24 0 3 R
7 0 4 12 D
7 1 6 18 D
7 2 4 2 R
7 3 9 16 D
7 4 5 11 U
7 5 2 5 R
7 6 0 13 D
7 7 19 4 R
7 8 13 20 L
7 9 0 21 L
7 10 4 0 R
7 11 0 19 L
7 12 2 2 R
7 13 1 13 D
7 14 10 19 L
7 15 1 19 L
7 16 2 16 D
7 17 0 1 R
7 18 10 18 D
7 19 5 13 D
7 20 10 20 L
7 21 16 13 D
7 22 3 22 L
7 23 0 9 U
7 24 8 10 U
8 0 16 7 U
8 1 9 16 D
8 2 2 7 U
8 3 19 15 D
8 4 4 7 U
8 5 11 5 R
8 6 9 12 D
8 7 20 7 U
8 8 1 8 U
8 9 2 9 U
8 10 10 10 U
8 11 4 5 R
8 12 3 3 R
8 13 13 2 R
8 14 20 14 D
8 15 13 15 D
8 16 23 16 D
8 17 3 17 D
8 18 4 18 D
8 19 1 16 D
8 20 6 12 D
8 21 19 21 L
8 22 15 0 R
8 23 1 23 L
8 24 7 6 U
9 0 17 12 D
9 1 15 1 R
9 2 4 2 R
9 3 11 3 R
9 4 0 20 L
9 5 20 5 R
9 6 11 3 R
9 7 1 2 R
9 8 20 1 R
9 9 6 9 U
9 10 2 10 U
9 11 0 17 D
9 12 4 21 L
9 13 16 23 L
9 14 11 5 R
9 15 2 23 L
9 16 0 4 R
9 17 6 20 L
9 18 3 21 L
9 19 21 7 U
9 20 12 20 L
9 21 6 14 D
9 22 1 22 L
9 23 2 23 L
9 24 13 8 U
10 0 13 6 U
10 1 0 16 D
10 2 13 17 D
10 3 4 17 D
10 4 7 9 U
10 5 19 11 U
10 6 1 6 U
10 7 6 20 L
10 8 7 8 U
10 9 0 5 R
10 10 0 3 R
10 11 1 22 L
10 12 0 19 L
10 13 2 20 L
10 14 12 3 R
10 15 22 10 U
10 16 2 16 D
10 17 6 17 D
10 18 5 18 D
10 19 20 9 U
10 20 12 14 D
10 21 20 10 U
10 22 0 18 D
10 23 5 2 R
10 24 14 17 D
11 0 1 13 D
11 1 12 1 R
11 2 2 6 U
11 3 9 3 R
11 4 2 4 R
11 5 2 5 R
11 6 15 24 L
11 7 5 7 U
11 8 8 14 D
11 9 13 21 L
11 10 2 10 U
11 11 3 11 U
11 12 3 19 L
11 13 7 22 L
11 14 13 2 R
11 15 0 0 R
11 16 9 9 U
11 17 8 17 D
11 18 0 3 R
11 19 16 13 D
11 20 2 10 U
11 21 2 15 D
11 22 14 6 U
11 23 3 23 L
11 24 14 24 L
12 0 2 7 U
12 1 7 9 U
12 2 9 24 L
12 3 10 23 L
12 4 4 12 D
12 5 9 7 U
12 6 16 12 D
12 7 4 7 U
12 8 11 8 U
12 9 0 23 L
12 10 3 14 D
12 11 6 14 D
12 12 0 1 R
12 13 14 6 U
12 14 0 20 L
12 15 6 15 D
12 16 15 1 R
12 17 7 17 D
12 18 9 5 R
12 19 16 17 D
12 20 3 7 U
12 21 7 7 U
12 22 4 22 L
12 23 9 14 D
12 24 2 24 L
13 0 15 15 D
13 1 5 11 U
13 2 0 8 U
13 3 0 13 D
13 4 7 16 D
13 5 0 12 D
13 6 12 22 L
13 7 0 0 R
13 8 0 20 L
13 9 10 20 L
13 10 3 10 U
13 11 6 11 U
13 12 5 3 R
13 13 0 22 L
13 14 6 19 L
13 15 14 3 R
13 16 0 24 L
13 17 10 23 L
13 18 9 19 L
13 19 9 12 D
13 20 2 7 U
13 21 0 2 R
13 22 10 22 L
13 23 16 23 L
13 24 15 24 L
14 0 5 8 U
14 1 12 15 D
14 2 13 12 D
14 3 18 6 U
14 4 12 4 R
14 5 19 5 R
14 6 11 6 U
14 7 6 7 U
14 8 0 18 D
14 9 3 21 L
14 10 3 1 R
14 11 0 2 R
14 12 2 0 R
14 13 6 13 D
14 14 2 1 R
14 16 10 19 L
14 17 18 7 U
14 19 0 1 R
14 20 5 16 D
14 21 0 15 D
14 22 7 22 L
14 23 16 7 U
14 24 9 24 L
15 0 7 20 L
15 1 0 23 L
15 2 4 2 R
15 3 1 3 R
15 4 0 9 U
15 5 11 5 R
15 6 4 19 L
15 7 17 21 L
15 8 2 8 U
15 9 0 22 L
15 10 7 1 R
15 11 14 1 R
15 12 11 0 R
15 13 0 24 L
15 14 1 14 D
15 16 4 16 D
15 17 18 24 L
15 18 7 18 D
15 19 0 17 D
15 20 12 8 U
15 21 14 13 D
15 22 11 2 R
15 23 21 23 L
15 24 8 24 L
16 0 18 12 D
16 1 0 14 D
16 2 11 7 U
16 3 12 7 U
16 4 18 17 D
16 6 6 1 R
16 7 15 24 L
16 8 15 8 U
16 9 9 0 R
16 10 4 10 U
16 11 9 11 U
16 12 4 3 R
16 13 11 20 L
16 14 8 14 D
16 15 12 5 R
16 16 3 24 L
16 17 2 1 R
16 19 4 12 D
16 20 9 10 U
16 21 14 18 D
16 22 13 22 L
16 23 9 6 U
16 24 15 24 L
17 0 16 17 D
17 1 18 13 D
17 2 18 8 U
17 3 12 6 U
17 4 16 8 U
17 6 15 21 L
17 7 6 13 D
17 8 6 8 U
17 9 5 4 R
17 10 15 23 L
17 11 2 23 L
17 12 4 1 R
17 13 3 13 D
17 14 1 14 D
17 15 12 21 L
17 16 2 21 L
17 17 8 17 D
17 19 0 14 D
17 20 22 16 D
17 21 9 12 D
17 23 20 17 D
17 24 0 6 U
18 0 17 10 U
18 1 19 8 U
18 2 9 16 D
18 3 12 9 U
18 6 17 20 L
18 7 3 0 R
18 8 6 23 L
18 9 17 13 D
18 10 5 10 U
18 11 1 11 U
18 12 2 24 L
18 13 12 2 R
18 14 1 0 R
18 15 13 21 L
18 16 11 23 L
18 17 0 21 L
18 19 0 13 D
18 20 1 20 L
18 21 11 6 U
18 22 3 22 L
18 24 4 24 L
19 0 4 19 L
19 1 9 1 R
19 2 11 2 R
19 3 22 13 D
19 5 4 5 R
19 6 9 2 R
19 7 4 7 U
19 8 2 8 U
19 9 0 14 D
19 10 3 24 L
19 11 22 2 R
19 12 7 5 R
19 13 2 22 L
19 14 26 24 L
19 15 6 6 U
19 16 4 16 D
19 17 9 17 D
19 19 14 1 R
19 20 3 20 L
19 21 11 21 L
19 22 7 10 U
19 24 12 24 L
20 0 24 0 R
20 1 16 1 R
20 2 8 2 R
20 3 5 7 U
20 5 13 18 D
20 6 6 0 R
20 7 0 15 D
20 8 7 8 U
20 9 10 21 L
20 10 21 12 D
20 11 19 4 R
20 12 22 10 U
20 13 18 13 D
20 14 0 3 R
20 15 7 15 D
20 16 21 16 D
20 17 2 17 D
20 18 24 23 L
20 20 3 20 L
20 21 7 14 D
20 23 5 18 D
20 24 4 24 L
21 1 20 20 L
21 2 8 11 U
21 3 2 3 R
21 5 11 5 R
21 7 18 2 R
21 8 6 22 L
21 9 15 24 L
21 10 12 0 R
21 11 3 11 U
21 12 5 2 R
21 13 1 23 L
21 14 0 1 R
21 15 15 0 R
21 16 3 3 R
21 17 22 21 L
21 20 11 4 R
21 21 9 9 U
21 24 11 24 L
22 1 21 7 U
22 2 11 2 R
22 3 5 9 U
22 4 11 4 R
22 7 4 0 R
22 8 8 5 R
22 10 16 3 R
22 11 10 0 R
22 12 6 12 D
22 13 0 11 U
22 14 3 21 L
22 16 6 19 L
22 17 10 17 D
22 20 2 17 D
22 21 10 21 L
23 2 21 11 U
23 7 10 7 U
23 8 17 21 L
23 13 15 19 L
23 14 3 14 D
23 16 4 1 R
23 21 9 4 R
24 2 4 2 R
24 8 17 3 R
24 13 19 3 R
24 16 2 16 D
24 19 20 19 L
24 21 3 21 L
25 2 2 2 R
25 13 5 21 L
25 16 23 19 L
25 21 19 21 L
26 16 9 1 R
26 21 3 14 D

