23 12 241
14 0 8 7 0 16 19 0 12 0 20 0 0 4
1 6 18 0 0 0 7 0 16 3 2 0 3 0
7 17 0 0 14 16 21 0 0 21 0 0 20 19
2 1 6 0 0 0 0 0 0 0 20 4 9 22
0 9 0 17 0 19 0 0 0 0 14 0 17 0
13 13 19 0 0 12 0 15 21 0 0 0 0 18
15 0 0 6 1 12 5 0 0 0 18 0 0 10
6 0 0 16 5 15 0 0 0 18 0 18 2 0
0 13 16 6 0 14 13 0 0 1 0 0 0 0
1 19 20 11 1 0 19 10 0 13 0 17 0 19
9 0 13 0 1 0 18 20 6 10 16 5 0 0
8 16 20 0 0 0 0 0 21 7 6 6 0 0
9 0 12 14 16 0 15 15 5 12 0 0 11 1
22 0 0 0 0 0 0 0 0 12 0 0 0 22
0 0 0 0 L
0 1 0 1 L
0 2 0 2 L
0 3 0 3 R
0 4 0 4 R
0 5 0 5 R
0 6 0 6 D
0 7 0 7 D
0 8 0 8 D
0 9 0 9 U
0 10 0 10 U
0 11 0 11 U
1 0 11 9 U
1 1 12 1 L
1 2 10 2 L
1 3 0 6 D
1 4 2 4 R
1 5 5 5 R
1 6 0 10 U
1 7 4 7 D
1 8 9 8 D
1 9 15 9 U
1 10 8 0 L
1 11 4 11 U
2 0 0 5 R
2 1 0 3 R
2 2 0 4 R
2 3 3 3 R
2 4 0 0 L
2 5 3 8 D
2 6 7 6 D
2 7 0 4 R
2 8 6 9 U
2 9 1 9 U
2 10 17 1 L
2 11 0 5 R
3 0 2 0 L
3 1 1 1 L
3 2 11 2 L
3 3 14 0 L
3 4 0 1 L
3 5 0 8 D
3 6 4 5 R
3 7 18 4 R
3 8 9 8 D
3 9 0 0 L
3 10 15 2 L
3 11 1 1 L
4 0 13 6 D
4 1 0 11 U
4 2 0 3 R
4 3 2 1 L
4 4 3 7 D
4 5 6 6 D
4 6 9 4 R
4 7 0 0 L
4 8 1 8 D
4 9 3 2 L
4 10 3 10 U
4 11 1 11 U
5 0 0 7 D
5 1 1 1 L
5 2 1 2 L
5 3 0 11 U
5 4 0 11 U
5 5 9 6 D
5 6 17 0 L
5 7 12 3 R
5 8 10 8 D
5 9 2 3 R
5 10 0 1 L
5 11 7 3 R
6 0 16 7 D
6 1 14 8 D
6 2 0 10 U
6 3 5 6 D
6 4 8 0 L
6 5 9 8 D
6 6 3 6 D
6 7 0 2 L
6 8 13 0 L
6 9 18 3 R
6 10 1 0 L
6 11 8 11 U
7 0 4 9 U
7 1 16 11 U
7 2 2 4 R
7 3 16 8 D
7 4 10 4 R
7 5 9 5 R
7 6 6 4 R
7 7 3 7 D
7 8 4 1 L
7 9 4 2 L
7 10 14 10 U
7 11 5 3 R
8 0 7 7 D
8 1 9 6 D
8 2 2 6 D
8 3 5 7 D
8 4 4 4 R
8 5 0 7 D
8 6 4 3 R
8 7 5 2 L
8 8 6 8 D
8 9 0 4 R
8 10 0 8 D
8 11 6 11 U
9 0 0 9 U
9 1 2 5 R
9 2 12 9 U
9 3 13 6 D
9 4 1 7 D
9 5 1 6 D
9 6 10 1 L
9 7 6 7 D
9 8 8 8 D
9 9 0 3 R
9 10 2 10 U
9 11 3 2 L
10 0 2 0 L
10 1 4 8 D
10 2 1 2 L
10 3 0 9 U
10 4 0 10 U
10 6 4 1 L
10 7 1 7 D
10 8 0 4 R
10 9 9 9 U
10 10 5 4 R
10 11 3 1 L
11 0 9 3 R
11 1 5 1 L
11 2 3 10 U
11 3 14 10 U
11 4 14 11 U
11 5 9 10 U
11 6 1 9 U
11 7 1 10 U
11 8 15 11 U
11 9 2 9 U
11 10 6 10 U
11 11 12 0 L
12 0 17 0 L
12 1 9 7 D
12 2 6 7 D
12 3 14 3 R
12 4 9 4 R
12 5 1 5 R
12 6 5 5 R
12 7 0 9 U
12 8 14 8 D
12 9 0 7 D
12 10 1 3 R
12 11 13 4 R
13 0 0 6 D
13 1 0 8 D
13 2 1 2 L
13 3 3 11 U
13 4 16 11 U
13 6 14 5 R
13 7 18 7 D
13 8 0 5 R
13 9 8 0 L
13 10 6 10 U
13 11 5 11 U
14 0 2 0 L
14 1 3 1 L
14 2 10 2 L
14 3 15 6 D
14 4 11 7 D
14 5 12 7 D
14 6 16 0 L
14 7 11 0 L
14 8 11 1 L
14 9 1 9 U
14 10 1 10 U
14 11 12 5 R
15 0 9 10 U
15 1 11 4 R
15 2 12 3 R
15 3 3 9 U
15 4 1 10 U
15 5 16 5 R
15 6 10 10 U
15 7 13 0 L
15 8 0 11 U
15 9 5 2 L
15 10 6 4 R
15 11 2 11 U
16 0 1 0 L
16 1 2 9 U
16 2 10 6 D
16 3 7 3 R
16 4 9 4 R
16 5 7 5 R
16 6 0 3 R
16 7 10 10 U
16 8 3 8 D
16 9 8 4 R
16 10 7 1 L
16 11 13 11 U
17 0 15 3 R
17 1 11 10 U
17 3 3 0 L
17 4 3 4 R
17 6 0 1 L
17 7 6 4 R
17 8 1 8 D
17 9 3 3 R
17 11 6 11 U
18 0 12 11 U
18 1 2 7 D
18 3 16 3 R
18 4 2 1 L
18 6 14 6 D
18 7 4 1 L
18 8 6 8 D
18 9 19 0 L
18 11 4 3 R
19 0 16 9 U
19 1 1 4 R
19 3 12 3 R
19 4 10 8 D
19 6 16 6 D
19 8 18 0 L
19 9 2 9 U
19 11 1 11 U
20 0 6 11 U
20 3 8 6 D
20 4 14 4 R
20 6 0 0 L
20 8 9 5 R
20 11 3 11 U
21 0 8 6 D
21 4 13 4 R
21 6 6 0 L
21 8 14 4 R
22 0 17 4 R
22 4 14 9 U
22 8 3 8 D

