15 8 110
8 0 9 0 0 0 13 1 1 0
0 4 7 0 12 4 1 0 13 11
0 0 0 0 0 0 0 12 0 14
0 0 0 9 0 0 0 0 0 0
0 12 13 0 0 6 0 7 12 0
13 0 0 0 9 8 5 11 11 0
5 0 9 11 0 0 0 0 10 0
4 0 0 0 3 0 0 7 0 0
6 8 0 0 6 0 0 0 5 0
14 0 0 0 0 0 0 0 0 7
0 0 0 0 D
0 1 0 1 D
0 2 0 2 R
0 3 0 3 R
0 4 0 4 U
0 5 0 5 U
0 6 0 6 L
0 7 0 7 L
1 0 0 6 L
1 1 3 7 L
1 2 8 5 U
1 3 3 4 U
1 4 0 3 R
1 5 0 6 L
1 6 4 1 D
1 7 2 0 D
2 0 5 2 R
2 1 6 2 R
2 2 0 7 L
2 3 11 0 D
2 4 7 2 R
2 5 6 2 R
2 6 12 1 D
2 7 4 7 L
3 0 6 7 L
3 1 1 1 D
3 2 7 0 D
3 3 2 5 U
3 4 12 4 U
3 5 2 2 R
3 6 10 6 L
3 7 4 7 L
4 0 7 0 D
4 1 0 2 R
4 2 10 0 D
4 3 2 3 R
4 4 0 0 D
4 5 7 0 D
4 6 1 1 D
4 7 0 0 D
5 0 6 4 U
5 1 3 3 R
5 2 0 0 D
5 3 0 1 D
5 4 1 1 D
5 5 0 7 L
5 6 0 4 U
5 7 0 5 U
6 0 7 6 L
6 1 0 4 U
6 2 0 5 U
6 3 1 5 U
6 4 1 2 R
6 5 10 3 R
6 6 9 3 R
6 7 2 5 U
7 0 11 6 L
7 1 1 6 L
7 2 8 4 U
7 3 3 5 U
7 4 4 4 U
7 5 3 5 U
7 6 0 1 D
7 7 3 1 D
8 0 0 7 L
8 1 2 1 D
8 2 3 0 D
8 3 0 5 U
8 4 9 4 U
8 5 12 6 L
8 6 9 2 R
8 7 6 7 L
9 0 5 5 U
9 1 0 7 L
9 2 4 6 L
9 3 8 3 R
9 4 8 6 L
9 5 0 1 D
9 6 0 3 R
9 7 0 2 R
10 0 9 5 U
10 1 12 6 L
10 2 9 2 R
10 3 0 4 U
10 4 0 2 R
10 5 5 7 L
10 6 3 6 L
10 7 9 4 U
11 0 0 3 R
11 1 12 7 L
11 2 7 4 U
11 3 10 4 U
11 4 9 7 L
11 5 3 7 L
11 6 4 5 U
11 7 3 7 L
12 0 0 5 U
12 1 7 6 L
12 2 11 0 D
12 4 5 6 L
12 5 3 2 R
12 6 6 3 R
12 7 11 4 U
13 0 2 3 R
13 2 0 6 L
13 4 8 4 U
13 6 6 0 D
13 7 5 1 D
14 2 13 0 D
14 6 12 2 R

