33 50 1362
8 21 25 15 21 16 24 26 1 1 0 25 9 20 23 13 9
6 24 13 9 17 15 0 1 22 13 21 9 3 0 5 14 0
15 8 25 0 20 21 23 26 29 26 0 11 6 10 0 21 0
7 0 25 26 24 14 7 0 0 30 27 20 9 27 27 19 0
16 13 22 14 3 11 0 0 26 25 13 0 19 0 6 0 0
2 6 16 0 26 0 27 0 25 18 12 0 21 0 1 0 0
17 18 0 18 0 16 23 27 0 14 24 24 27 0 0 20 0
28 29 2 25 20 4 24 4 0 27 25 22 0 0 0 0 0
31 32 3 28 1 23 25 28 0 0 19 26 0 0 28 21 0
7 17 17 0 21 25 6 12 2 10 0 2 22 0 0 3 0
15 9 22 26 4 10 20 1 23 0 0 24 0 0 29 23 0
19 26 0 21 19 23 0 24 26 10 10 26 0 0 11 0 0
21 24 0 0 0 0 22 0 0 0 0 25 0 0 7 12 10
23 29 0 28 29 0 23 26 0 18 18 0 17 0 0 10 12
15 0 12 22 2 25 24 1 27 0 30 29 28 27 23 0 14
1 28 0 0 13 31 30 0 0 23 0 5 26 0 1 13 8
19 28 0 26 3 22 19 8 17 3 4 27 0 2 24 12 2
0 0 0 0 R
0 1 0 1 R
0 2 0 2 R
0 3 0 3 R
0 4 0 4 R
0 5 0 5 R
0 6 0 6 R
0 7 0 7 R
0 8 0 8 R
0 9 0 9 R
0 10 0 10 R
0 11 0 11 R
0 12 0 12 U
0 13 0 13 U
0 14 0 14 U
0 15 0 15 U
0 16 0 16 U
0 17 0 17 U
0 18 0 18 U
0 19 0 19 U
0 20 0 20 U
0 21 0 21 U
0 22 0 22 U
0 23 0 23 U
0 24 0 24 U
0 25 0 25 D
0 26 0 26 D
0 27 0 27 D
0 28 0 28 D
0 29 0 29 D
0 30 0 30 D
0 31 0 31 D
0 32 0 32 D
0 33 0 33 D
0 34 0 34 D
0 35 0 35 D
0 36 0 36 D
0 37 0 37 D
0 38 0 38 L
0 39 0 39 L
0 40 0 40 L
0 41 0 41 L
0 42 0 42 L
0 43 0 43 L
0 44 0 44 L
0 45 0 45 L
0 46 0 46 L
0 47 0 47 L
0 48 0 48 L
0 49 0 49 L
1 0 18 12 U
1 1 2 43 L
1 2 3 13 U
1 3 13 27 D
1 4 18 4 R
1 5 22 16 U
1 6 5 26 D
1 7 6 7 R
1 8 21 8 R
1 9 20 9 R
1 10 3 10 R
1 11 2 11 R
1 12 15 25 D
1 13 4 0 R
1 14 7 38 L
1 15 8 43 L
1 16 20 42 L
1 17 0 11 R
1 18 5 44 L
1 19 13 33 D
1 20 20 4 R
1 21 16 21 U
1 22 2 22 U
1 23 8 23 U
1 24 12 44 L
1 25 12 25 D
1 26 25 39 L
1 27 0 13 U
1 28 14 39 L
1 29 19 29 D
1 30 7 43 L
1 31 7 31 D
1 32 19 32 D
1 33 23 3 R
1 34 9 5 R
1 35 11 35 D
1 36 12 36 D
1 37 26 37 D
1 38 0 12 U
1 39 18 25 D
1 40 0 3 R
1 41 3 26 D
1 42 2 42 L
1 43 18 13 U
1 44 0 31 D
1 45 5 45 L
1 46 3 46 L
1 47 11 47 L
1 48 16 48 L
1 49 3 49 L
2 0 17 17 U
2 1 0 12 U
2 2 0 30 D
2 3 3 33 D
2 4 0 25 D
2 5 3 37 D
2 6 12 30 D
2 7 15 26 D
2 8 20 24 U
2 9 11 49 L
2 10 8 10 R
2 11 12 12 U
2 12 10 12 U
2 13 0 1 R
2 14 13 49 L
2 15 6 40 L
2 16 16 3 R
2 17 16 7 R
2 18 3 43 L
2 19 12 43 L
2 20 13 20 U
2 21 6 49 L
2 22 10 42 L
2 23 8 49 L
2 24 4 24 U
2 25 0 1 R
2 26 7 38 L
2 27 8 41 L
2 28 24 42 L
2 29 8 29 D
2 30 17 41 L
2 31 19 3 R
2 32 0 10 R
2 33 0 47 L
2 34 12 34 D
2 35 18 35 D
2 36 15 3 R
2 37 1 7 R
2 38 20 38 L
2 39 4 24 U
2 40 9 10 R
2 41 3 41 L
2 42 3 42 L
2 43 3 43 L
2 44 20 3 R
2 45 3 45 L
2 46 20 46 L
2 47 0 21 U
2 48 1 48 L
2 49 11 13 U
3 0 5 25 D
3 1 19 27 D
3 2 17 19 U
3 3 22 3 R
3 4 1 4 R
3 5 0 41 L
3 6 2 6 R
3 7 0 33 D
3 8 1 8 R
3 9 1 22 U
3 10 23 10 R
3 11 10 19 U
3 12 10 12 U
3 13 27 41 L
3 14 17 46 L
3 15 21 36 D
3 16 11 16 U
3 17 19 43 L
3 18 0 5 R
3 19 4 19 U
3 20 9 44 L
3 21 4 21 U
3 22 15 22 U
3 23 25 23 U
3 24 19 24 U
3 25 13 25 D
3 26 0 39 L
3 27 8 39 L
3 28 0 12 U
3 29 1 1 R
3 30 23 2 R
3 31 18 11 R
3 32 2 32 D
3 33 16 7 R
3 34 9 3 R
3 35 0 2 R
3 36 1 9 R
3 37 17 1 R
3 38 15 35 D
3 39 2 39 L
3 40 13 35 D
3 41 7 41 L
3 42 14 16 U
3 43 1 17 U
3 44 1 44 L
3 45 1 45 L
3 46 0 17 U
3 47 0 27 D
3 48 9 35 D
3 49 1 49 L
4 0 0 27 D
4 1 12 30 D
4 2 19 29 D
4 3 19 31 D
4 4 6 24 U
4 5 8 31 D
4 6 11 31 D
4 7 12 36 D
4 8 2 8 R
4 9 3 34 D
4 10 6 36 D
4 11 24 31 D
4 12 0 0 R
4 13 0 27 D
4 14 10 14 U
4 15 23 38 L
4 16 26 16 U
4 17 10 17 U
4 18 12 18 U
4 19 0 34 D
4 20 20 42 L
4 21 1 47 L
4 22 7 22 U
4 23 6 23 U
4 24 25 24 U
4 25 9 5 R
4 26 6 40 L
4 27 1 27 D
4 28 5 8 R
4 29 23 29 D
4 30 9 38 L
4 31 17 31 D
4 32 2 32 D
4 33 10 3 R
4 34 11 9 R
4 35 16 35 D
4 36 14 39 L
4 37 1 37 D
4 38 16 4 R
4 39 0 26 D
4 40 2 23 U
4 41 5 29 D
4 42 18 26 D
4 43 9 43 L
4 44 20 24 U
4 45 10 45 L
4 46 6 46 L
4 47 1 47 L
4 48 11 23 U
4 49 3 49 L
5 0 10 28 D
5 1 10 29 D
5 2 2 34 D
5 3 2 3 R
5 4 11 37 D
5 5 18 5 R
5 6 3 6 R
5 7 1 34 D
5 8 9 32 D
5 9 4 9 R
5 10 1 30 D
5 11 3 36 D
5 12 21 6 R
5 13 1 11 R
5 14 14 29 D
5 15 21 5 R
5 16 10 48 L
5 17 10 44 L
5 18 8 31 D
5 19 7 45 L
5 20 10 46 L
5 21 0 9 R
5 22 7 44 L
5 23 0 40 L
5 24 9 24 U
5 25 6 39 L
5 26 8 0 R
5 27 10 6 R
5 28 12 38 L
5 29 19 0 R
5 30 1 30 D
5 31 18 1 R
5 32 7 43 L
5 33 3 33 D
5 34 20 48 L
5 35 21 4 R
5 36 14 10 R
5 37 2 37 D
5 38 16 14 U
5 39 8 31 D
5 40 1 40 L
5 41 14 19 U
5 42 2 16 U
5 43 3 43 L
5 44 8 23 U
5 45 17 23 U
5 46 3 46 L
5 47 2 13 U
5 48 21 48 L
5 49 20 16 U
6 0 10 15 U
6 1 0 13 U
6 2 14 2 R
6 3 13 18 U
6 4 3 4 R
6 5 2 5 R
6 6 25 6 R
6 7 14 7 R
6 8 1 8 R
6 9 2 9 R
6 10 8 26 D
6 11 9 11 R
6 12 1 4 R
6 13 0 25 D
6 14 10 11 R
6 15 19 1 R
6 16 9 49 L
6 17 7 17 U
6 18 7 41 L
6 19 0 7 R
6 20 12 48 L
6 21 9 21 U
6 22 5 22 U
6 23 8 23 U
6 24 10 39 L
6 25 28 38 L
6 26 1 38 L
6 27 20 44 L
6 28 7 47 L
6 29 4 38 L
6 30 4 30 D
6 31 7 44 L
6 32 11 3 R
6 33 4 33 D
6 34 5 47 L
6 35 3 7 R
6 36 4 48 L
6 37 1 37 D
6 38 5 13 U
6 39 2 39 L
6 40 0 25 D
6 41 11 10 R
6 42 1 42 L
6 43 14 29 D
6 44 0 27 D
6 45 17 45 L
6 46 9 46 L
6 47 21 47 L
6 48 10 48 L
6 49 10 49 L
7 0 9 26 D
7 1 5 14 U
7 2 17 2 R
7 3 17 16 U
7 4 14 4 R
7 5 27 5 R
7 6 14 6 R
7 7 4 7 R
7 8 1 27 D
7 9 20 19 U
7 10 22 28 D
7 11 23 14 U
7 12 1 26 D
7 13 23 1 R
7 14 9 2 R
7 15 15 44 L
7 16 0 40 L
7 17 14 17 U
7 18 3 48 L
7 19 1 19 U
7 20 4 41 L
7 21 21 44 L
7 22 18 22 U
7 23 19 34 D
7 24 5 24 U
7 25 3 0 R
7 26 20 39 L
7 27 1 46 L
7 28 4 28 D
7 29 24 40 L
7 30 24 30 D
7 31 23 9 R
7 32 8 45 L
7 33 10 33 D
7 34 23 34 D
7 35 18 35 D
7 36 8 48 L
7 37 4 37 D
7 38 17 15 U
7 39 8 26 D
7 40 25 40 L
7 41 0 4 R
7 42 0 28 D
7 43 1 15 U
7 44 20 44 L
7 45 3 15 U
7 46 20 22 U
7 47 29 31 D
7 48 3 15 U
7 49 18 25 D
8 0 27 29 D
8 1 10 13 U
8 2 11 17 U
8 3 15 32 D
8 4 0 44 L
8 5 14 20 U
8 6 12 17 U
8 7 5 22 U
8 8 5 23 U
8 9 1 36 D
8 10 19 21 U
8 11 24 15 U
8 12 23 10 R
8 13 4 13 U
8 14 7 14 U
8 15 23 15 U
8 16 0 42 L
8 17 1 42 L
8 18 4 18 U
8 19 0 32 D
8 20 1 20 U
8 21 2 21 U
8 22 12 44 L
8 23 18 48 L
8 24 6 24 U
8 25 19 12 U
8 26 19 26 D
8 27 19 40 L
8 28 19 9 R
8 29 25 47 L
8 30 1 46 L
8 31 20 46 L
8 32 15 32 D
8 33 22 5 R
8 34 2 34 D
8 35 1 48 L
8 36 1 36 D
8 37 12 37 D
8 38 3 0 R
8 39 3 14 U
8 40 11 40 L
8 41 2 41 L
8 42 2 42 L
8 43 14 43 L
8 44 12 31 D
8 45 0 36 D
8 46 0 2 R
8 47 3 25 D
8 48 13 48 L
8 49 2 24 U
9 0 1 23 U
9 1 0 26 D
9 2 0 21 U
9 3 20 20 U
9 4 0 17 U
9 5 6 19 U
9 6 3 6 R
9 7 4 34 D
9 8 23 19 U
9 9 22 15 U
9 10 19 17 U
9 11 1 11 R
9 12 22 26 D
9 13 12 38 L
9 14 7 28 D
9 15 8 15 U
9 16 7 16 U
9 17 8 43 L
9 18 4 18 U
9 19 12 29 D
9 20 8 38 L
9 21 11 4 R
9 22 19 9 R
9 23 13 39 L
9 24 11 24 U
9 25 2 39 L
9 26 0 14 U
9 27 1 41 L
9 28 0 17 U
9 29 1 40 L
9 30 7 40 L
9 31 7 49 L
9 32 15 3 R
9 33 11 46 L
9 34 16 34 D
9 35 0 9 R
9 36 16 41 L
9 37 11 37 D
9 38 12 26 D
9 39 6 20 U
9 40 10 27 D
9 41 11 16 U
9 42 7 24 U
9 43 5 32 D
9 44 6 31 D
9 45 13 7 R
9 46 21 24 U
9 47 0 33 D
9 48 5 29 D
9 49 2 49 L
10 0 0 25 D
10 1 17 12 U
10 2 26 2 R
10 3 27 32 D
10 4 11 36 D
10 5 19 32 D
10 6 4 18 U
10 7 1 35 D
10 8 1 20 U
10 9 19 9 R
10 10 12 27 D
10 11 13 11 R
10 12 19 38 L
10 13 23 13 U
10 14 3 45 L
10 15 1 15 U
10 16 3 16 U
10 17 0 45 L
10 18 1 18 U
10 19 7 19 U
10 20 1 45 L
10 21 18 42 L
10 22 3 22 U
10 23 15 23 U
10 24 23 0 R
10 25 0 46 L
10 26 0 38 L
10 27 12 27 D
10 28 17 28 D
10 29 13 29 D
10 30 13 10 R
10 31 8 47 L
10 32 1 32 D
10 33 22 33 D
10 34 17 45 L
10 35 9 35 D
10 36 18 36 D
10 37 2 37 D
10 38 2 28 D
10 39 18 14 U
10 40 12 16 U
10 41 7 41 L
10 42 0 13 U
10 43 1 20 U
10 44 1 44 L
10 45 6 45 L
10 46 23 21 U
10 47 17 47 L
10 48 19 28 D
10 49 1 49 L
11 0 3 12 U
11 1 0 36 D
11 2 5 2 R
11 3 18 19 U
11 4 24 33 D
11 5 0 43 L
11 6 7 19 U
11 7 0 28 D
11 8 2 8 R
11 9 7 34 D
11 10 5 10 R
11 11 27 11 R
11 12 14 35 D
11 13 13 6 R
11 14 0 6 R
11 15 0 2 R
11 16 24 16 U
11 17 9 42 L
11 18 2 18 U
11 19 12 45 L
11 20 0 31 D
11 21 4 21 U
11 22 8 22 U
11 23 15 43 L
11 24 2 24 U
11 25 15 39 L
11 26 14 42 L
11 27 7 27 D
11 28 15 28 D
11 29 16 17 U
11 30 5 2 R
11 31 21 43 L
11 32 23 32 D
11 33 20 41 L
11 34 19 4 R
11 35 19 0 R
11 36 5 10 R
11 37 22 37 D
11 38 1 38 L
11 39 0 1 R
11 40 10 26 D
11 41 2 32 D
11 42 18 16 U
11 43 25 24 U
11 44 14 16 U
11 45 4 26 D
11 46 19 20 U
11 47 1 5 R
11 48 6 11 R
11 49 0 14 U
12 0 2 26 D
12 1 14 1 R
12 2 0 14 U
12 3 2 37 D
12 4 14 25 D
12 5 13 43 L
12 6 19 32 D
12 7 9 18 U
12 8 19 27 D
12 9 8 14 U
12 10 3 25 D
12 11 0 40 L
12 12 11 9 R
12 13 0 38 L
12 14 15 14 U
12 15 14 3 R
12 16 23 41 L
12 17 19 1 R
12 18 16 7 R
12 19 15 19 U
12 20 16 20 U
12 21 3 21 U
12 22 8 46 L
12 23 5 23 U
12 24 5 24 U
12 25 25 41 L
12 26 18 49 L
12 27 10 47 L
12 28 3 38 L
12 29 0 15 U
12 30 1 43 L
12 31 4 31 D
12 32 4 49 L
12 33 18 33 D
12 34 2 34 D
12 35 13 42 L
12 36 24 43 L
12 37 1 37 D
12 38 26 25 D
12 39 21 6 R
12 40 22 20 U
12 41 28 3 R
12 42 3 42 L
12 43 16 13 U
12 44 20 22 U
12 45 15 34 D
12 46 8 35 D
12 47 14 22 U
12 48 18 24 U
12 49 11 49 L
13 0 0 39 L
13 1 20 33 D
13 2 0 34 D
13 3 6 29 D
13 4 0 16 U
13 5 7 5 R
13 6 26 14 U
13 7 8 32 D
13 8 18 28 D
13 9 10 28 D
13 10 1 10 R
13 11 9 11 R
13 12 0 26 D
13 13 0 44 L
13 14 16 1 R
13 15 16 15 U
13 16 8 48 L
13 17 12 42 L
13 18 19 18 U
13 19 4 19 U
13 20 9 20 U
13 21 19 5 R
13 22 0 35 D
13 23 4 46 L
13 24 5 49 L
13 25 20 3 R
13 26 22 9 R
13 27 11 27 D
13 28 19 40 L
13 29 19 38 L
13 30 1 30 D
13 31 0 19 U
13 32 8 32 D
13 33 16 33 D
13 34 16 46 L
13 35 26 48 L
13 36 11 36 D
13 37 1 37 D
13 38 7 12 U
13 39 4 39 L
13 40 0 5 R
13 41 6 23 U
13 42 8 42 L
13 43 17 43 L
13 44 0 18 U
13 45 1 45 L
13 46 1 46 L
13 47 19 20 U
13 48 23 34 D
13 49 11 19 U
14 0 12 28 D
14 1 12 15 U
14 2 20 43 L
14 3 3 27 D
14 4 9 29 D
14 5 3 5 R
14 6 21 20 U
14 7 8 23 U
14 8 22 19 U
14 9 0 35 D
14 10 22 10 R
14 11 3 11 R
14 12 6 5 R
14 13 25 0 R
14 14 0 11 R
14 15 3 2 R
14 16 0 28 D
14 17 8 17 U
14 18 0 29 D
14 19 8 28 D
14 20 5 20 U
14 21 1 43 L
14 22 0 33 D
14 23 17 27 D
14 24 5 24 U
14 25 18 39 L
14 26 1 26 D
14 27 9 42 L
14 28 3 3 R
14 29 16 4 R
14 30 0 40 L
14 31 0 6 R
14 32 9 5 R
14 33 7 44 L
14 34 7 41 L
14 35 0 47 L
14 36 8 36 D
14 37 7 6 R
14 38 0 2 R
14 39 3 27 D
14 40 0 15 U
14 41 13 41 L
14 42 1 13 U
14 43 18 43 L
14 44 3 44 L
14 45 13 45 L
14 46 24 15 U
14 47 1 47 L
14 48 2 22 U
14 49 10 49 L
15 0 0 22 U
15 1 25 28 D
15 2 8 35 D
15 3 1 3 R
15 4 8 35 D
15 5 10 13 U
15 6 20 33 D
15 7 3 7 R
15 8 14 16 U
15 9 20 9 R
15 10 13 13 U
15 11 1 11 R
15 12 14 1 R
15 13 20 31 D
15 14 28 38 L
15 15 11 39 L
15 16 25 40 L
15 17 6 8 R
15 18 5 18 U
15 19 21 49 L
15 20 24 20 U
15 21 5 33 D
15 22 18 22 U
15 23 12 7 R
15 24 0 47 L
15 25 0 12 U
15 26 22 4 R
15 27 8 4 R
15 28 14 28 D
15 29 16 29 D
15 30 20 1 R
15 31 4 44 L
15 32 19 32 D
15 33 6 33 D
15 34 0 18 U
15 35 8 35 D
15 36 9 36 D
15 37 19 39 L
15 38 7 14 U
15 39 9 20 U
15 40 1 27 D
15 41 10 41 L
15 42 3 42 L
15 43 8 30 D
15 44 3 14 U
15 45 9 16 U
15 46 14 46 L
15 47 2 47 L
15 48 5 1 R
15 49 0 21 U
16 0 11 12 U
16 1 3 36 D
16 2 6 15 U
16 3 7 14 U
16 4 3 26 D
16 5 0 31 D
16 6 1 6 R
16 7 3 7 R
16 8 13 8 R
16 9 6 26 D
16 10 11 36 D
16 11 3 11 R
16 12 10 41 L
16 13 10 39 L
16 14 21 3 R
16 15 0 3 R
16 16 2 2 R
16 17 8 17 U
16 18 10 18 U
16 19 17 19 U
16 20 18 5 R
16 21 8 21 U
16 22 2 22 U
16 23 10 23 U
16 24 14 24 U
16 25 17 44 L
16 26 1 26 D
16 27 7 42 L
16 28 4 3 R
16 29 12 29 D
16 30 20 47 L
16 31 0 5 R
16 32 10 32 D
16 33 2 38 L
16 34 11 7 R
16 35 2 35 D
16 36 7 36 D
16 37 3 37 D
16 38 7 28 D
16 39 23 22 U
16 40 22 27 D
16 41 8 18 U
16 42 4 13 U
16 43 28 21 U
16 44 8 37 D
16 45 3 30 D
16 46 21 19 U
16 47 2 47 L
16 48 14 25 D
16 49 27 28 D
17 0 15 21 U
17 1 1 15 U
17 2 8 33 D
17 3 18 29 D
17 4 16 12 U
17 5 1 5 R
17 6 9 21 U
17 7 24 19 U
17 8 3 27 D
17 9 26 12 U
17 10 22 12 U
17 11 19 36 D
17 12 5 1 R
17 13 16 9 R
17 14 0 39 L
17 15 15 15 U
17 16 3 16 U
17 17 10 17 U
17 18 4 32 D
17 19 22 1 R
17 20 11 20 U
17 21 1 21 U
17 22 0 0 R
17 23 9 23 U
17 24 2 31 D
17 25 6 41 L
17 26 21 43 L
17 27 8 40 L
17 28 4 48 L
17 29 8 39 L
17 30 1 30 D
17 31 0 39 L
17 32 12 14 U
17 33 12 39 L
17 34 12 44 L
17 35 2 35 D
17 36 13 9 R
17 37 15 37 D
17 38 18 0 R
17 39 4 25 D
17 40 0 29 D
17 41 11 0 R
17 42 19 25 D
17 43 5 22 U
17 44 18 44 L
17 45 12 18 U
17 46 2 8 R
17 47 7 33 D
17 48 20 33 D
17 49 1 49 L
18 0 0 20 U
18 1 5 1 R
18 2 24 18 U
18 3 3 32 D
18 4 2 14 U
18 5 12 5 R
18 6 6 12 U
18 7 11 33 D
18 8 8 34 D
18 9 10 9 R
18 10 7 10 R
18 11 14 11 R
18 12 11 10 R
18 13 11 1 R
18 14 0 4 R
18 15 24 15 U
18 16 19 16 U
18 17 21 17 U
18 18 24 47 L
18 19 11 19 U
18 20 1 20 U
18 21 13 39 L
18 22 3 22 U
18 23 8 23 U
18 24 0 4 R
18 25 4 38 L
18 26 24 48 L
18 27 20 1 R
18 28 25 1 R
18 29 16 29 D
18 30 17 40 L
18 31 0 48 L
18 32 17 32 D
18 33 6 33 D
18 34 10 34 D
18 35 4 48 L
18 36 11 4 R
18 37 14 38 L
18 38 19 16 U
18 39 3 39 L
18 40 1 40 L
18 41 6 41 L
18 42 24 14 U
18 43 11 32 D
18 44 6 32 D
18 45 9 19 U
18 46 3 20 U
18 47 2 30 D
18 48 1 48 L
18 49 6 49 L
19 0 18 39 L
19 1 1 29 D
19 2 4 30 D
19 3 18 3 R
19 4 22 28 D
19 5 21 18 U
19 6 1 25 D
19 7 26 21 U
19 8 1 8 R
19 9 16 23 U
19 10 15 34 D
19 11 11 11 R
19 12 4 0 R
19 13 7 13 U
19 14 16 6 R
19 15 15 15 U
19 16 3 16 U
19 17 15 5 R
19 18 6 18 U
19 19 12 44 L
19 20 15 20 U
19 21 17 8 R
19 22 23 47 L
19 23 7 23 U
19 24 5 31 D
19 25 0 0 R
19 26 10 2 R
19 27 7 1 R
19 28 2 0 R
19 29 20 12 U
19 30 4 30 D
19 31 0 7 R
19 32 18 6 R
19 33 0 7 R
19 34 6 3 R
19 35 14 39 L
19 36 3 36 D
19 37 0 17 U
19 38 18 26 D
19 39 1 18 U
19 40 1 40 L
19 41 24 15 U
19 42 15 23 U
19 43 14 15 U
19 44 24 15 U
19 45 6 22 U
19 46 2 46 L
19 47 24 30 D
19 48 22 48 L
19 49 1 49 L
20 0 18 22 U
20 1 13 29 D
20 2 3 17 U
20 3 6 32 D
20 4 2 4 R
20 5 12 33 D
20 6 15 6 R
20 7 13 7 R
20 8 3 8 R
20 9 19 9 R
20 10 10 30 D
20 11 14 11 R
20 12 0 10 R
20 13 0 3 R
20 14 4 14 U
20 15 15 45 L
20 16 4 16 U
20 17 10 17 U
20 18 24 10 R
20 19 8 42 L
20 20 9 33 D
20 21 19 42 L
20 22 5 22 U
20 23 2 46 L
20 24 6 24 U
20 25 0 41 L
20 26 1 0 R
20 27 25 0 R
20 28 4 8 R
20 29 15 8 R
20 30 23 39 L
20 31 6 42 L
20 32 10 46 L
20 33 13 6 R
20 34 2 34 D
20 35 17 6 R
20 36 26 10 R
20 37 12 37 D
20 38 0 13 U
20 39 12 28 D
20 40 7 22 U
20 41 1 41 L
20 42 13 17 U
20 43 6 21 U
20 44 10 44 L
20 45 24 17 U
20 46 4 46 L
20 47 16 8 R
20 48 2 48 L
20 49 11 27 D
21 0 0 37 D
21 1 19 39 L
21 2 1 26 D
21 3 24 12 U
21 4 0 35 D
21 5 8 5 R
21 6 1 6 R
21 7 11 7 R
21 8 23 8 R
21 10 18 40 L
21 11 1 11 R
21 12 0 43 L
21 13 1 0 R
21 14 4 42 L
21 15 0 37 D
21 16 4 42 L
21 17 18 2 R
21 18 25 9 R
21 19 14 47 L
21 20 0 30 D
21 21 9 21 U
21 22 4 22 U
21 23 2 7 R
21 24 18 8 R
21 25 5 41 L
21 26 5 41 L
21 27 13 2 R
21 28 7 28 D
21 29 25 10 R
21 30 1 0 R
21 31 17 31 D
21 32 6 47 L
21 33 1 1 R
21 34 2 34 D
21 35 27 3 R
21 36 20 11 R
21 37 7 8 R
21 38 1 38 L
21 39 1 37 D
21 40 20 25 D
21 41 1 41 L
21 42 18 42 L
21 43 0 35 D
21 44 11 44 L
21 45 5 33 D
21 46 20 34 D
21 47 2 31 D
21 48 0 7 R
21 49 20 34 D
22 0 15 15 U
22 1 23 31 D
22 2 17 14 U
22 3 1 18 U
22 4 15 16 U
22 5 13 5 R
22 6 19 24 U
22 7 7 28 D
22 8 12 13 U
22 9 11 9 R
22 10 8 10 R
22 12 9 26 D
22 13 1 36 D
22 14 26 14 U
22 15 12 15 U
22 16 18 16 U
22 17 23 48 L
22 18 6 6 R
22 19 17 19 U
22 20 11 20 U
22 21 5 21 U
22 22 6 22 U
22 23 18 23 U
22 24 0 36 D
22 25 0 3 R
22 26 23 26 D
22 27 2 0 R
22 28 1 38 L
22 29 20 19 U
22 30 3 10 R
22 32 26 2 R
22 33 11 47 L
22 34 4 34 D
22 35 0 22 U
22 37 24 9 R
22 38 15 25 D
22 39 10 13 U
22 40 5 27 D
22 41 19 21 U
22 42 5 3 R
22 43 1 27 D
22 44 14 13 U
22 45 19 45 L
22 46 11 46 L
22 47 1 47 L
22 48 20 48 L
22 49 13 49 L
23 0 26 16 U
23 1 19 33 D
23 2 8 26 D
23 3 22 23 U
23 4 15 44 L
23 5 1 5 R
23 6 16 13 U
23 7 15 25 D
23 8 1 8 R
23 9 1 9 R
23 10 7 29 D
23 12 21 32 D
23 13 17 13 U
23 14 25 40 L
23 15 1 15 U
23 16 18 6 R
23 17 4 35 D
23 18 1 18 U
23 20 15 45 L
23 21 11 38 L
23 22 20 22 U
23 23 2 23 U
23 24 0 49 L
23 25 21 0 R
23 26 16 47 L
23 27 13 5 R
23 28 16 48 L
23 29 2 29 D
23 30 10 2 R
23 32 4 32 D
23 33 3 45 L
23 34 4 34 D
23 36 12 36 D
23 37 11 37 D
23 38 10 27 D
23 39 7 30 D
23 40 20 30 D
23 41 4 12 U
23 42 16 21 U
23 43 16 35 D
23 44 10 44 L
23 45 14 12 U
23 46 25 13 U
23 47 17 29 D
23 48 6 48 L
23 49 24 23 U
24 0 1 26 D
24 1 25 26 D
24 2 9 13 U
24 3 14 15 U
24 4 2 13 U
24 5 0 15 U
24 6 2 6 R
24 7 1 27 D
24 8 3 8 R
24 9 10 9 R
24 12 8 12 U
24 13 1 43 L
24 14 2 14 U
24 15 11 15 U
24 16 12 43 L
24 17 28 41 L
24 18 1 18 U
24 19 10 19 U
24 20 17 20 U
24 21 22 41 L
24 22 18 8 R
24 23 23 40 L
24 24 19 24 U
24 25 7 8 R
24 26 8 26 D
24 27 1 10 R
24 28 21 0 R
24 29 17 49 L
24 30 22 49 L
24 31 9 41 L
24 32 26 1 R
24 33 0 45 L
24 34 10 45 L
24 36 25 1 R
24 37 22 11 R
24 38 3 12 U
24 39 27 17 U
24 40 1 40 L
24 41 1 41 L
24 42 22 42 L
24 43 3 21 U
24 44 8 18 U
24 45 7 45 L
24 47 3 47 L
24 48 25 48 L
24 49 28 2 R
25 0 16 0 R
25 2 3 31 D
25 3 10 3 R
25 4 20 22 U
25 5 21 17 U
25 6 24 17 U
25 7 1 7 R
25 8 21 37 D
25 9 16 30 D
25 12 29 45 L
25 13 22 8 R
25 14 18 5 R
25 15 0 46 L
25 16 10 16 U
25 17 3 17 U
25 21 8 21 U
25 22 26 38 L
25 24 28 40 L
25 25 21 6 R
25 27 21 46 L
25 28 21 5 R
25 29 10 29 D
25 30 20 42 L
25 33 24 38 L
25 34 10 34 D
25 37 26 2 R
25 38 11 23 U
25 39 0 12 U
25 40 19 28 D
25 41 20 37 D
25 42 4 42 L
25 43 18 14 U
25 44 0 34 D
25 45 23 29 D
25 47 18 47 L
25 48 5 7 R
25 49 1 49 L
26 0 24 32 D
26 2 1 2 R
26 3 14 36 D
26 4 20 30 D
26 5 21 21 U
26 6 18 6 R
26 8 6 8 R
26 9 18 29 D
26 14 5 46 L
26 15 9 48 L
26 16 10 16 U
26 17 7 17 U
26 19 15 40 L
26 21 7 21 U
26 22 3 0 R
26 23 2 45 L
26 25 22 45 L
26 26 15 38 L
26 27 27 10 R
26 33 5 33 D
26 34 21 11 R
26 36 4 36 D
26 37 13 37 D
26 38 11 20 U
26 39 16 36 D
26 40 1 30 D
26 41 25 14 U
26 42 1 42 L
26 43 1 34 D
26 44 4 44 L
26 45 0 3 R
26 47 16 25 D
26 48 10 13 U
27 0 10 0 R
27 2 25 34 D
27 3 14 3 R
27 4 30 4 R
27 5 12 24 U
27 10 24 10 R
27 13 26 44 L
27 14 15 14 U
27 16 2 33 D
27 21 0 43 L
27 22 14 22 U
27 25 25 4 R
27 33 19 16 U
27 38 19 22 U
27 39 10 25 D
27 40 11 1 R
27 41 13 25 D
27 42 17 42 L
27 43 11 27 D
27 44 24 14 U
27 45 3 45 L
27 48 14 35 D
28 0 11 33 D
28 2 3 36 D
28 3 22 30 D
28 4 29 4 R
28 14 0 43 L
28 16 30 11 R
28 21 9 21 U
28 34 27 41 L
28 38 10 18 U
28 40 19 29 D
28 41 24 26 D
28 42 0 17 U
28 43 13 16 U
28 44 18 44 L
28 48 0 5 R
29 0 20 37 D
29 3 24 33 D
29 4 4 4 R
29 16 16 16 U
29 21 9 21 U
29 40 10 30 D
29 41 21 41 L
29 42 5 42 L
29 44 22 44 L
30 0 12 18 U
30 4 7 4 R
30 41 21 5 R
30 42 8 42 L
30 44 11 44 L
31 0 14 0 R
31 41 0 2 R
32 41 6 41 L

