15 9 110
0 0 0 4 0 0 11 0 0 0 0 0 0 2 2 0
0 0 0 9 0 13 0 0 0 0 0 0 0 9 0 2
0 0 1 0 0 0 0 0 0 7 3 0 0 0 0 0
0 8 0 11 13 0 0 0 9 0 0 0 0 0 0 0
6 0 0 0 0 0 0 9 0 0 3 0 0 0 0 0
8 0 0 0 0 4 0 0 0 0 10 0 0 0 11 1
10 0 0 0 0 0 0 0 12 0 0 0 0 0 0 0
0 11 0 0 4 1 0 0 0 13 0 0 0 0 0 0
0 0 3 4 0 0 0 5 0 0 10 0 0 0 0 0
0 0 14 0 0 0 0 12 0 0 0 0 0 0 0 0
0 6 0 0 0 0 0 3 0 5 12 0 0 12 7 0
0 0 0 0 0 0 0 0 8 0 0 0 0 0 0 10
0 0 0 0 0 0 0 0 5 0 9 0 2 0 0 0
0 0 0 0 0 0 0 0 12 10 0 0 0 11 9 0
0 0 10 0 13 0 0 0 0 0 0 0 7 0 0 13
11 6 0 0 0 6 0 0 0 0 0 0 0 0 6 0
0 0 0 0 U
0 1 0 1 U
0 2 0 2 U
0 3 0 3 R
0 4 0 4 R
0 5 0 5 D
0 6 0 6 D
0 7 0 7 L
0 8 0 8 L
1 0 3 7 L
1 1 0 3 R
1 2 2 2 U
1 3 3 1 U
1 4 4 4 R
1 5 7 5 D
1 6 3 1 U
1 7 4 5 D
1 8 2 1 U
2 0 5 3 R
2 1 7 7 L
2 2 9 8 L
2 3 0 6 D
2 4 7 4 R
2 5 0 3 R
2 6 1 6 D
2 7 1 7 L
2 8 11 3 R
3 0 0 8 L
3 1 5 1 U
3 2 10 2 U
3 3 0 5 D
3 4 8 4 R
3 5 0 8 L
3 6 0 1 U
3 7 8 0 U
3 8 0 0 U
4 0 0 4 R
4 1 0 5 D
4 2 2 6 D
4 3 6 3 R
4 4 1 6 D
4 5 10 7 L
4 6 2 6 D
4 7 0 5 D
4 8 0 1 U
5 0 8 7 L
5 2 2 7 L
5 3 2 7 L
5 4 9 4 R
5 5 8 4 R
5 6 3 3 R
5 7 1 7 L
5 8 1 6 D
6 0 7 8 L
6 2 8 4 R
6 3 3 0 U
6 4 9 0 U
6 5 0 0 U
6 6 7 0 U
6 7 8 6 D
6 8 0 6 D
7 0 1 3 R
7 1 8 7 L
7 2 3 8 L
7 3 1 5 D
7 4 9 6 D
7 5 6 0 U
7 6 0 0 U
7 7 0 2 U
7 8 1 0 U
8 0 4 4 R
8 2 4 2 U
8 3 1 6 D
8 4 9 1 U
8 5 0 4 R
8 6 9 4 R
8 7 6 6 D
8 8 5 2 U
9 0 0 7 L
9 3 4 5 D
9 4 0 7 L
9 5 3 5 D
9 6 6 7 L
9 7 2 1 U
9 8 5 0 U
10 0 5 8 L
10 3 3 5 D
10 4 0 2 U
10 5 1 3 R
10 6 6 8 L
10 7 2 4 R
10 8 1 5 D
11 0 1 0 U
11 3 4 8 L
11 4 5 4 R
11 5 1 2 U
11 6 4 3 R
11 7 0 3 R
12 0 3 0 U
12 3 10 3 R
12 4 10 0 U
12 5 3 8 L
12 6 9 7 L
12 7 0 4 R
13 0 0 3 R
13 3 0 0 U
13 4 8 5 D
13 6 0 7 L
13 7 12 7 L
14 7 6 5 D

