15 9 109
8 6 0 0 12 0 10 0 0 2 5 0 10
7 0 4 0 0 12 0 0 8 13 0 12 0
1 11 7 9 0 0 0 12 0 0 0 0 8
0 0 0 0 3 0 7 0 12 8 3 0 0
0 2 3 1 9 11 0 0 0 0 0 0 14
0 0 9 11 0 0 9 0 13 0 12 0 0
0 10 0 9 8 0 0 0 0 0 0 2 14
6 0 0 0 0 7 0 5 0 0 0 0 0
6 0 0 6 0 0 3 7 0 0 11 0 6
0 0 6 2 0 0 0 0 0 9 0 0 2
7 7 0 0 0 13 14 0 0 10 3 0 9
0 0 12 6 9 2 0 0 14 0 0 1 0
9 4 0 0 13 0 0 0 12 8 4 0 0
0 0 0 0 D
0 1 0 1 D
0 2 0 2 R
0 3 0 3 R
0 4 0 4 U
0 5 0 5 U
0 6 0 6 L
0 7 0 7 L
0 8 0 8 L
1 0 6 6 L
1 1 3 1 D
1 2 0 6 L
1 3 0 4 U
1 4 0 2 R
1 5 7 5 U
1 6 0 5 U
1 7 5 7 L
1 8 8 8 L
2 0 0 6 L
2 1 0 3 R
2 2 0 0 D
2 3 7 6 L
2 4 0 0 D
2 5 0 3 R
2 6 0 4 U
2 7 0 1 D
2 8 6 0 D
3 0 1 0 D
3 1 2 1 D
3 2 1 2 R
3 3 11 5 U
3 4 8 4 U
3 5 2 5 U
3 6 1 1 D
3 7 2 7 L
4 0 1 3 R
4 1 0 7 L
4 2 0 1 D
4 3 9 1 D
4 4 0 8 L
4 5 10 2 R
4 6 3 6 L
4 7 9 5 U
5 0 1 7 L
5 1 6 7 L
5 2 2 2 R
5 3 2 3 R
5 4 1 4 U
5 5 1 6 L
5 6 1 6 L
5 7 0 0 D
6 0 1 2 R
6 1 7 3 R
6 2 0 5 U
6 3 1 5 U
6 4 2 4 U
6 5 0 6 L
6 6 2 1 D
6 7 3 0 D
7 0 2 6 L
7 1 0 5 U
7 2 6 2 R
7 3 6 3 R
7 4 3 4 U
7 5 5 5 U
7 6 3 4 U
8 0 5 0 D
8 1 7 1 D
8 2 6 5 U
8 3 4 0 D
8 4 0 1 D
8 5 11 0 D
8 6 0 0 D
9 0 0 4 U
9 1 0 6 L
9 2 2 0 D
9 3 4 3 R
9 4 10 2 R
9 5 8 5 U
9 6 8 6 L
10 0 0 3 R
10 1 3 1 D
10 2 2 5 U
10 3 0 7 L
10 4 9 7 L
10 5 7 5 U
10 6 0 3 R
10 8 1 0 D
11 0 12 3 R
11 1 2 1 D
11 2 1 2 R
11 3 10 3 R
11 4 6 4 U
11 5 0 2 R
11 6 4 4 U
12 0 6 0 D
12 1 0 2 R
12 2 4 6 L
12 3 1 3 R
12 4 1 1 D
12 6 6 1 D
13 0 12 2 R
13 1 7 2 R
13 2 3 2 R
13 6 11 5 U
14 0 1 8 L
14 1 4 1 D
14 2 6 0 D
14 6 9 6 L

