15 13 158
0 0 6 0 2 0 0 0 6 3 0
10 4 8 0 0 0 11 0 0 6 8
2 5 7 0 0 1 10 0 0 14 13
0 0 13 0 12 11 0 0 4 0 1
4 8 0 6 0 0 0 0 11 0 0
1 0 0 6 0 5 13 0 5 0 10
0 9 13 0 0 6 12 12 1 3 1
4 11 0 0 6 2 0 0 12 2 4
6 8 0 0 12 7 10 5 0 4 0
8 5 13 0 0 0 7 0 0 0 2
11 0 12 0 0 0 13 0 0 0 10
0 0 0 0 L
0 1 0 1 L
0 2 0 2 L
0 3 0 3 R
0 4 0 4 R
0 5 0 5 R
0 6 0 6 D
0 7 0 7 D
0 8 0 8 D
0 9 0 9 U
0 10 0 10 U
0 11 0 11 U
0 12 0 12 U
1 0 9 7 D
1 1 3 1 L
1 2 7 2 L
1 3 0 10 U
1 4 9 7 D
1 5 11 12 U
1 6 0 1 L
1 7 7 5 R
1 8 5 8 D
1 9 0 2 L
1 10 8 10 U
1 11 9 11 U
2 0 6 10 U
2 1 0 4 R
2 2 0 3 R
2 3 0 9 U
2 4 5 7 D
2 5 4 6 D
2 6 7 3 R
2 7 11 0 L
2 8 0 10 U
2 9 0 3 R
2 10 8 4 R
2 11 8 3 R
2 12 4 6 D
3 0 7 6 D
3 1 6 1 L
3 2 4 11 U
3 3 0 6 D
3 4 0 7 D
3 5 6 5 R
3 6 4 2 L
3 7 9 1 L
3 8 6 0 L
3 9 1 3 R
3 10 12 10 U
3 11 4 4 R
3 12 7 12 U
4 0 10 10 U
4 1 2 1 L
4 2 3 2 L
4 3 8 6 D
4 4 2 8 D
4 5 0 0 L
4 6 0 3 R
4 7 0 2 L
4 8 0 9 U
4 9 3 1 L
4 10 2 3 R
4 11 5 11 U
5 0 1 9 U
5 1 2 11 U
5 2 1 7 D
5 3 4 3 R
5 4 3 0 L
5 5 2 0 L
5 6 0 2 L
5 7 0 5 R
5 8 9 8 D
5 9 2 1 L
5 10 8 10 U
5 11 4 11 U
6 0 3 0 L
6 1 3 1 L
6 2 1 2 L
6 3 1 0 L
6 4 5 4 R
6 5 10 5 R
6 6 9 3 R
6 7 5 7 D
6 8 2 4 R
6 9 9 5 R
6 10 5 10 U
6 11 1 11 U
7 0 11 0 L
7 1 12 7 D
7 2 0 4 R
7 3 0 1 L
7 4 0 2 L
7 5 10 5 R
7 6 3 2 L
7 7 6 7 D
7 8 9 8 D
7 9 5 2 L
7 10 1 10 U
8 0 0 8 D
8 1 3 6 D
8 2 5 6 D
8 3 0 8 D
8 4 3 4 R
8 5 12 5 R
8 6 5 9 U
8 7 4 7 D
8 8 10 4 R
8 9 5 9 U
8 10 3 3 R
9 0 2 10 U
9 2 6 11 U
9 3 11 8 D
9 4 7 11 U
9 5 0 10 U
9 6 5 6 D
9 7 6 2 L
9 8 10 8 D
9 9 0 1 L
9 10 2 10 U
9 11 8 5 R
10 0 0 9 U
10 1 6 1 L
10 2 11 2 L
10 3 8 0 L
10 4 11 9 U
10 5 11 11 U
10 6 7 9 U
10 7 9 4 R
10 9 11 9 U
10 10 0 4 R
11 0 8 5 R
11 1 9 7 D
11 2 3 9 U
11 3 5 3 R
11 4 0 11 U
11 5 2 5 R
11 6 1 5 R
11 7 0 0 L
11 8 9 8 D
11 9 10 3 R
11 10 0 0 L
11 11 12 0 L
12 0 0 7 D
12 1 5 1 L
12 2 10 2 L
12 3 10 0 L
12 4 3 6 D
12 5 1 10 U
12 7 4 3 R
12 9 1 4 R
12 10 7 5 R
13 0 6 9 U
13 3 7 3 R
13 4 0 1 L
13 7 9 7 D
13 9 7 5 R
13 10 3 10 U
14 4 4 4 R

