23 15 288
0 13 0 0 0 0 0 0 0 0 0 3 18 1 0 0 0 8
0 3 13 6 0 18 0 0 0 1 8 0 0 7 12 0 0 0
0 0 0 0 0 0 0 0 0 0 7 10 0 0 19 0 0 0
0 0 0 0 0 2 0 0 0 14 7 0 0 15 18 10 0 0
0 4 9 0 0 0 0 0 0 0 19 0 0 0 22 0 13 0
0 5 0 14 0 0 0 0 0 0 7 0 0 0 13 17 8 15
9 0 0 17 0 18 0 0 0 16 0 0 19 0 20 0 16 15
0 16 0 0 9 2 0 0 0 0 0 0 18 0 0 0 0 0
0 0 14 0 21 0 0 0 0 19 0 0 0 0 14 0 0 0
0 0 0 19 20 0 0 0 0 19 0 0 0 0 0 0 0 20
17 0 0 21 0 0 0 22 0 21 20 19 0 0 0 0 18 0
16 0 0 0 11 0 0 0 0 0 0 0 0 1 0 16 20 21
0 0 0 0 2 9 0 14 0 0 1 0 0 0 0 0 0 17
0 0 0 11 1 0 0 0 10 0 0 0 0 3 0 0 0 4
0 20 0 0 0 16 0 0 0 0 0 0 0 0 9 5 0 0
0 0 20 0 0 0 0 0 0 0 0 16 0 0 9 0 0 1
5 0 0 0 20 15 0 0 0 14 0 0 0 0 0 0 8 0
5 0 14 15 0 1 0 0 0 0 3 0 0 0 0 0 0 5
0 0 0 0 U
0 1 0 1 U
0 2 0 2 U
0 3 0 3 U
0 4 0 4 R
0 5 0 5 R
0 6 0 6 R
0 7 0 7 R
0 8 0 8 D
0 9 0 9 D
0 10 0 10 D
0 11 0 11 L
0 12 0 12 L
0 13 0 13 L
0 14 0 14 L
1 0 3 4 R
1 1 5 7 R
1 2 12 6 R
1 4 16 4 R
1 5 12 5 R
1 6 7 6 R
1 7 2 7 R
1 8 0 13 L
1 9 4 13 L
1 10 2 11 L
1 11 10 9 D
1 12 3 12 L
1 13 7 10 D
1 14 9 14 L
2 0 10 0 U
2 1 19 4 R
2 2 4 2 U
2 3 8 3 U
2 4 6 0 U
2 5 10 2 U
2 6 1 6 R
2 7 1 3 U
2 8 15 12 L
2 9 7 5 R
2 10 1 14 L
2 11 8 7 R
2 12 10 2 U
2 13 8 1 U
2 14 1 14 L
3 0 0 5 R
3 1 0 6 R
3 2 15 2 U
3 4 1 4 R
3 5 5 5 R
3 6 9 6 R
3 7 6 7 R
3 8 2 13 L
3 9 14 4 R
3 10 11 4 R
3 11 7 9 D
3 12 4 12 L
3 13 0 2 U
3 14 1 10 D
4 0 6 11 L
4 1 6 1 U
4 2 0 12 L
4 4 0 8 D
4 5 1 0 U
4 6 0 14 L
4 7 1 7 R
4 8 18 2 U
4 9 11 9 D
4 10 1 10 D
4 11 0 0 U
4 12 5 9 D
4 13 3 13 L
4 14 6 10 D
5 0 13 10 D
5 1 3 6 R
5 2 4 5 R
5 4 0 0 U
5 5 0 2 U
5 6 8 12 L
5 7 12 7 R
5 8 17 12 L
5 9 0 5 R
5 10 19 12 L
5 11 0 1 U
5 12 13 8 D
5 13 0 9 D
5 14 18 14 L
6 0 1 7 R
6 1 0 4 R
6 2 1 7 R
6 4 8 9 D
6 5 13 10 D
6 6 2 6 R
6 7 13 7 R
6 8 0 4 R
6 9 5 1 U
6 10 11 13 L
6 11 17 8 D
6 12 0 8 D
6 13 1 8 D
6 14 3 14 L
7 0 4 5 R
7 1 1 5 R
7 2 14 7 R
7 3 3 7 R
7 4 14 8 D
7 5 1 5 R
7 6 18 9 D
7 7 1 7 R
7 8 0 3 U
7 9 9 5 R
7 10 4 11 L
7 11 2 8 D
7 12 18 9 D
7 13 10 5 R
7 14 5 4 R
8 0 13 11 L
8 1 14 11 L
8 2 18 13 L
8 4 9 4 R
8 5 0 11 L
8 6 6 6 R
8 7 12 7 R
8 8 13 6 R
8 9 10 4 R
8 10 2 10 D
8 11 2 4 R
8 12 7 10 D
8 13 6 5 R
8 14 1 8 D
9 0 0 11 L
9 1 15 5 R
9 2 2 2 U
9 3 6 13 L
9 4 0 1 U
9 5 4 9 D
9 6 0 0 U
9 7 7 7 R
9 8 17 14 L
9 9 15 11 L
9 10 12 14 L
9 11 3 8 D
9 12 1 1 U
9 13 8 13 L
9 14 14 9 D
10 0 3 6 R
10 1 14 4 R
10 4 12 0 U
10 5 0 13 L
10 6 15 1 U
10 7 12 1 U
10 8 5 14 L
10 9 0 4 R
10 10 4 10 D
10 11 13 0 U
10 12 3 1 U
10 13 2 0 U
10 14 5 14 L
11 0 8 0 U
11 1 7 12 L
11 2 1 6 R
11 4 7 0 U
11 5 17 8 D
11 6 12 1 U
11 7 2 13 L
11 8 2 8 D
11 9 3 5 R
11 10 10 13 L
11 11 14 0 U
11 12 8 1 U
11 13 4 2 U
11 14 15 14 L
12 0 0 13 L
12 1 9 11 L
12 2 6 7 R
12 4 11 8 D
12 5 9 0 U
12 6 14 10 D
12 7 2 1 U
12 8 10 13 L
12 9 10 12 L
12 10 5 12 L
12 11 15 9 D
12 12 8 12 L
12 13 1 13 L
12 14 13 14 L
13 0 4 0 U
13 1 0 7 R
13 2 9 12 L
13 3 5 4 R
13 4 8 10 D
13 5 8 10 D
13 6 6 6 R
13 7 15 7 R
13 8 0 0 U
13 9 2 9 D
13 10 5 7 R
13 11 8 4 R
13 12 15 2 U
13 13 16 0 U
13 14 0 1 U
14 0 16 13 L
14 1 9 13 L
14 2 13 5 R
14 4 16 8 D
14 5 2 2 U
14 6 5 2 U
14 7 9 10 D
14 8 0 11 L
14 9 0 2 U
14 10 5 10 D
14 11 8 0 U
14 12 6 8 D
14 13 1 9 D
14 14 3 14 L
15 0 19 11 L
15 1 2 1 U
15 4 9 1 U
15 5 1 5 R
15 6 0 10 D
15 7 9 1 U
15 8 11 11 L
15 9 11 9 D
15 10 0 14 L
15 11 6 1 U
15 12 3 8 D
15 13 3 13 L
15 14 7 14 L
16 0 10 0 U
16 1 12 12 L
16 4 8 8 D
16 5 18 10 D
16 6 3 6 R
16 7 4 9 D
16 8 10 5 R
16 9 4 4 R
16 10 14 14 L
16 11 14 2 U
16 12 17 12 L
16 13 0 8 D
16 14 8 14 L
17 0 1 5 R
17 1 16 12 L
17 4 4 4 R
17 5 11 13 L
17 6 12 6 R
17 7 11 0 U
17 8 2 12 L
17 9 6 9 D
17 11 0 4 R
17 13 10 13 L
17 14 8 9 D
18 0 6 4 R
18 1 17 13 L
18 4 16 10 D
18 5 17 5 R
18 6 0 9 D
18 7 3 7 R
18 8 13 8 D
18 9 12 13 L
18 11 13 1 U
18 12 8 0 U
18 13 19 1 U
18 14 1 14 L
19 0 9 14 L
19 1 2 12 L
19 4 4 10 D
19 5 1 1 U
19 6 4 6 R
19 7 11 2 U
19 8 18 4 R
19 9 18 9 D
19 11 18 8 D
19 13 20 8 D
19 14 1 14 L
20 0 19 4 R
20 1 16 1 U
20 4 5 11 L
20 6 6 6 R
20 8 0 6 R
20 9 0 12 L
20 11 4 11 L
20 14 2 14 L
21 1 0 8 D
21 4 4 8 D
21 6 4 6 R
21 9 6 6 R
22 4 12 4 R
22 6 4 6 R

