16 12 169
15 12 2 7 9 9 0 13 9 1 4
0 0 0 6 8 0 0 0 0 0 4
0 0 15 4 0 15 0 0 14 0 10
0 0 0 0 3 0 0 0 5 0 0
0 0 0 9 14 0 0 10 0 1 0
0 0 0 0 0 0 0 0 0 0 0
0 0 0 0 4 0 0 14 0 0 14
0 0 0 0 0 13 0 9 10 2 3
0 8 0 0 11 0 0 0 7 4 0
15 0 0 0 4 12 0 0 15 4 0
7 1 9 2 7 13 0 0 0 2 9
0 0 0 0 U
0 1 0 1 U
0 2 0 2 U
0 3 0 3 R
0 4 0 4 R
0 5 0 5 R
0 6 0 6 D
0 7 0 7 D
0 8 0 8 D
0 9 0 9 L
0 10 0 10 L
0 11 0 11 L
1 0 0 6 D
1 1 13 11 L
1 2 0 10 L
1 3 2 0 U
1 4 0 0 U
1 5 0 7 D
1 6 0 10 L
1 7 3 4 R
1 8 9 0 U
1 9 4 7 D
1 10 3 10 L
1 11 8 11 L
2 0 5 0 U
2 1 5 11 L
2 2 13 10 L
2 3 4 11 L
2 4 6 8 D
2 5 0 9 L
2 6 0 3 R
2 7 1 7 D
2 8 0 1 U
2 9 5 6 D
2 10 1 10 L
2 11 8 11 L
3 0 12 3 R
3 1 7 1 U
3 2 6 2 U
3 3 10 6 D
3 4 0 2 U
3 5 5 7 D
3 6 2 0 U
3 7 12 3 R
3 8 8 8 D
3 9 7 8 D
3 10 4 2 U
3 11 6 1 U
4 0 1 5 R
4 1 6 9 L
4 2 1 9 L
4 3 0 6 D
4 4 2 10 L
4 5 7 5 R
4 6 0 9 L
4 7 1 7 D
4 8 7 8 D
4 9 0 2 U
4 11 6 6 D
5 0 10 3 R
5 1 10 5 R
5 2 4 7 D
5 3 4 6 D
5 4 10 7 D
5 5 8 5 R
5 6 3 0 U
5 7 2 1 U
5 8 2 4 R
5 9 0 0 U
5 11 8 11 L
6 0 3 4 R
6 1 12 10 L
6 2 2 11 L
6 3 11 1 U
6 5 1 2 U
6 6 12 4 R
6 7 3 3 R
6 8 7 8 D
6 9 3 2 U
6 10 5 8 D
6 11 11 11 L
7 0 0 3 R
7 1 0 5 R
7 2 11 3 R
7 3 2 7 D
7 4 10 6 D
7 5 2 8 D
7 6 1 3 R
7 7 0 4 R
7 8 0 0 U
7 9 10 5 R
7 10 10 1 U
7 11 8 11 L
8 0 1 0 U
8 1 3 1 U
8 2 4 2 U
8 3 2 1 U
8 4 2 4 R
8 5 6 5 R
8 6 11 4 R
8 7 9 3 R
8 8 14 5 R
8 9 4 9 L
8 10 0 4 R
8 11 10 1 U
9 0 13 3 R
9 2 0 8 D
9 3 1 3 R
9 4 6 0 U
9 5 3 5 R
9 6 6 10 L
9 7 5 0 U
9 8 12 2 U
9 9 13 1 U
9 10 7 2 U
9 11 8 2 U
10 0 7 9 L
10 1 3 9 L
10 2 0 11 L
10 3 0 10 L
10 4 1 8 D
10 5 6 8 D
10 6 2 9 L
10 7 12 5 R
10 8 11 1 U
10 9 9 9 L
10 10 5 7 D
10 11 5 11 L
11 0 12 9 L
11 1 0 3 R
11 3 2 6 D
11 4 10 4 R
11 5 10 0 U
11 7 3 7 D
11 8 3 4 R
11 9 0 1 U
11 10 0 8 D
11 11 3 0 U
12 0 6 4 R
12 1 4 6 D
12 3 1 7 D
12 4 6 4 R
12 5 10 7 D
12 6 0 0 U
12 7 0 2 U
12 8 7 3 R
12 9 1 1 U
12 10 8 1 U
12 11 8 0 U
13 1 7 11 L
13 3 6 6 D
13 5 11 6 D
13 6 8 5 R
13 7 4 5 R
13 8 3 8 D
13 9 9 6 D
13 10 0 6 D
13 11 8 11 L
14 3 8 6 D
14 5 10 5 R
14 7 11 0 U
14 8 3 8 D
14 9 8 9 L
14 11 3 8 D
15 3 4 10 L
15 5 6 5 R
15 7 14 0 U
15 8 8 5 R
15 11 4 7 D

