9 8 57
0 0 0 0 0 0 0 0 0 0 0 0
0 0 0 7 0 0 0 0 0 0 0 7
0 0 0 0 6 0 0 0 0 0 0 0
0 5 0 0 2 0 0 0 0 0 0 4
0 6 0 0 0 0 7 6 0 0 0 3
5 0 4 0 0 0 0 5 0 0 0 0
0 0 1 1 0 3 0 0 0 0 4 5
0 0 0 0 0 0 0 0 0 0 0 0
0 0 0 0 0 0 0 3 0 0 0 3
4 0 2 0 0 5 0 0 0 0 0 0
0 8 0 0 0 0 2 0 0 0 0 5
0 0 4 4 0 0 0 6 0 0 5 0
0 0 0 0 R
0 1 0 1 R
0 2 0 2 U
0 3 0 3 U
0 4 0 4 D
0 5 0 5 D
0 6 0 6 L
0 7 0 7 L
1 0 0 2 U
1 1 2 1 R
1 2 2 7 L
1 3 2 6 L
1 4 2 4 D
1 5 2 3 U
1 6 5 4 D
1 7 4 5 D
2 0 3 4 D
2 1 0 4 D
2 2 0 6 L
2 3 5 3 U
2 4 0 0 R
2 5 4 5 D
2 6 0 4 D
2 7 3 7 L
3 0 2 2 U
3 1 2 4 D
3 2 0 0 R
3 3 1 3 U
3 4 0 6 L
3 5 1 5 D
3 6 1 6 L
3 7 4 1 R
4 0 0 5 D
4 1 2 2 U
4 2 3 2 U
4 3 0 1 R
4 4 0 2 U
4 5 0 3 U
4 6 2 6 L
4 7 5 7 L
5 0 0 3 U
5 1 1 5 D
5 2 6 1 R
5 3 4 6 L
5 4 0 7 L
5 5 4 7 L
5 6 3 4 D
5 7 0 0 R
6 0 3 0 R
6 2 0 4 D
6 3 1 0 R
6 6 0 1 R
6 7 0 3 U
7 0 4 0 R
7 2 5 6 L
7 6 6 1 R
8 0 4 3 U

