18 18 259
9 0 6 0 0 0 0 0 0 0 0 14 0 1 0 0 3 6 2
1 0 0 0 0 0 8 0 0 0 0 0 0 11 0 0 0 0 11
1 0 0 0 12 0 6 0 0 0 0 11 0 0 0 3 0 4 0
11 0 4 0 0 0 6 0 0 8 0 0 0 0 0 0 0 0 0
17 5 16 0 0 17 13 1 5 5 0 2 0 0 0 0 10 0 2
0 0 2 12 0 0 0 0 0 1 6 0 8 10 0 1 3 9 11
0 0 3 0 16 0 0 15 0 0 1 2 7 0 0 13 0 0 0
0 0 0 12 3 0 0 0 0 0 9 0 1 11 1 0 0 16 0
0 0 0 6 0 0 0 2 4 8 8 11 0 0 0 13 0 0 0
0 0 1 0 0 0 15 0 0 14 0 0 0 0 0 0 12 3 0
0 0 9 0 0 0 1 3 0 0 0 0 5 0 0 12 7 0 0
0 0 0 0 0 0 0 3 0 0 0 11 11 0 15 0 7 0 0
0 0 0 1 0 17 0 0 17 0 6 0 0 16 0 11 0 15 0
0 15 0 2 16 0 0 13 4 0 0 0 0 0 0 0 0 14 0
10 0 0 4 0 0 12 5 0 0 0 0 0 0 0 0 0 13 0
0 0 15 0 0 1 0 0 0 0 9 0 0 12 0 0 0 0 0
3 5 0 0 0 9 0 0 0 0 0 14 0 1 0 0 14 1 0
0 0 0 0 12 0 13 0 0 12 0 0 6 13 5 13 8 0 0
0 0 0 0 0 2 0 0 0 0 4 0 0 3 0 8 0 12 10
0 0 0 0 L
0 1 0 1 L
0 2 0 2 L
0 3 0 3 L
0 4 0 4 L
0 5 0 5 R
0 6 0 6 R
0 7 0 7 R
0 8 0 8 R
0 9 0 9 D
0 10 0 10 D
0 11 0 11 D
0 12 0 12 D
0 13 0 13 U
0 14 0 14 U
0 15 0 15 U
0 16 0 16 U
0 17 0 17 U
1 0 3 11 D
1 1 0 7 R
1 2 0 10 D
1 3 2 14 U
1 4 2 4 L
1 5 0 14 U
1 6 4 6 R
1 7 0 10 D
1 8 5 8 R
1 9 0 13 U
1 10 0 6 R
1 11 8 7 R
1 12 6 5 R
1 13 3 13 U
1 14 7 10 D
1 15 0 3 L
1 16 3 16 U
1 17 9 17 U
2 0 0 5 R
2 1 5 12 D
2 2 8 2 L
2 3 4 17 U
2 4 1 4 L
2 5 7 5 R
2 6 0 9 D
2 7 0 16 U
2 8 0 11 D
2 9 12 8 R
2 10 1 10 D
2 11 0 7 R
2 12 4 12 D
2 13 0 8 R
2 14 0 5 R
2 15 0 9 D
2 16 9 5 R
2 17 0 8 R
3 0 5 12 D
3 1 0 16 U
3 2 6 2 L
3 3 0 14 U
3 4 10 11 D
3 5 2 10 D
3 6 0 15 U
3 7 2 7 R
3 8 0 2 L
3 9 0 14 U
3 10 2 10 D
3 11 0 17 U
3 12 2 12 D
3 13 0 1 L
3 14 5 0 L
3 15 7 15 U
3 16 9 16 U
3 17 9 2 L
4 0 0 14 U
4 1 5 11 D
4 2 11 2 L
4 3 0 17 U
4 4 11 4 L
4 5 0 13 U
4 6 12 10 D
4 7 1 7 R
4 8 6 8 R
4 9 2 9 D
4 10 0 8 R
4 11 13 8 R
4 12 5 8 R
4 13 10 4 L
4 14 0 4 L
4 15 1 8 R
4 16 5 4 L
4 17 8 1 L
5 0 0 9 D
5 1 0 13 U
5 2 0 12 D
5 3 3 11 D
5 4 1 4 L
5 5 13 5 R
5 6 9 9 D
5 7 9 7 R
5 8 0 3 L
5 9 2 7 R
5 10 6 1 L
5 11 0 1 L
5 12 9 12 D
5 13 6 3 L
5 14 0 2 L
5 15 1 0 L
5 16 10 0 L
5 17 8 7 R
6 0 4 14 U
6 1 9 1 L
6 2 9 11 D
6 4 0 10 D
6 5 13 14 U
6 6 0 0 L
6 7 9 7 R
6 8 4 8 R
6 9 0 5 R
6 10 1 13 U
6 11 8 0 L
6 12 0 5 R
6 13 0 6 R
6 14 11 6 R
6 15 2 6 R
6 16 7 7 R
6 17 3 4 L
7 0 9 9 D
7 1 10 1 L
7 2 1 10 D
7 4 2 4 L
7 5 12 15 U
7 6 11 11 D
7 7 9 16 U
7 8 9 13 U
7 9 9 0 L
7 10 10 15 U
7 11 1 11 D
7 12 13 7 R
7 13 1 13 U
7 14 6 1 L
7 15 2 4 L
7 16 0 2 L
8 0 0 11 D
8 1 10 13 U
8 2 13 2 L
8 3 2 3 L
8 4 11 4 L
8 5 0 1 L
8 6 10 6 R
8 7 12 10 D
8 8 0 1 L
8 9 0 1 L
8 10 7 4 L
8 11 2 3 L
8 12 1 0 L
8 13 2 5 R
8 14 10 14 U
8 15 2 15 U
8 16 5 8 R
9 0 8 9 D
9 1 4 1 L
9 2 0 6 R
9 4 8 4 L
9 5 7 9 D
9 6 8 6 R
9 7 7 7 R
9 8 2 9 D
9 9 8 9 D
9 10 6 10 D
9 11 1 11 D
9 12 3 12 D
9 13 0 0 L
9 14 1 5 R
9 15 5 8 R
9 16 3 7 R
9 17 1 17 U
10 0 6 0 L
10 1 5 1 L
10 2 9 14 U
10 4 9 10 D
10 5 11 10 D
10 6 13 13 U
10 7 6 9 D
10 8 3 8 R
10 9 6 13 U
10 10 3 10 D
10 11 7 15 U
10 12 11 7 R
10 13 3 5 R
10 14 12 14 U
10 15 3 6 R
10 16 0 10 D
11 0 1 9 D
11 1 14 10 D
11 2 10 2 L
11 4 3 4 L
11 5 3 0 L
11 6 12 12 D
11 7 4 7 R
11 8 4 1 L
11 9 0 2 L
11 10 0 4 L
11 11 12 11 D
11 13 5 0 L
11 14 2 0 L
11 15 0 7 R
12 0 1 0 L
12 1 1 5 R
12 2 10 2 L
12 3 1 3 L
12 4 10 4 L
12 5 5 16 U
12 6 8 3 L
12 7 0 14 U
12 8 10 14 U
12 9 0 3 L
12 10 3 5 R
12 11 0 8 R
12 13 1 13 U
12 15 13 0 L
12 16 7 16 U
13 0 1 16 U
13 1 5 15 U
13 2 9 2 L
13 4 4 15 U
13 5 4 9 D
13 6 8 0 L
13 7 10 7 R
13 8 1 8 R
13 9 7 2 L
13 11 0 15 U
13 13 7 2 L
13 14 4 14 U
14 2 1 16 U
14 4 9 14 U
14 5 7 5 R
14 7 1 7 R
14 8 0 15 U
14 9 0 0 L
14 11 11 8 R
14 13 12 8 R
15 4 4 4 L
15 5 8 5 R
15 7 7 4 L
15 8 1 8 R
15 9 13 6 R
15 11 1 11 D
15 13 14 6 R
16 2 15 9 D
16 4 14 13 U
16 5 4 5 R
16 7 8 7 R
16 8 2 8 R
16 9 1 4 L
16 11 1 11 D
16 13 3 2 L
17 5 16 9 D
17 7 8 7 R
17 9 16 7 R
17 11 16 5 R

