32 33 867
27 0 0 0 28 0 0 0 0 0 28 7 2 23 1 27
15 10 0 0 27 0 0 0 27 0 0 26 24 27 10 13
0 26 7 0 0 2 16 1 3 21 19 7 0 15 21 0
0 10 9 6 0 7 0 16 5 6 0 9 7 0 23 27
0 26 21 18 17 0 23 5 20 0 0 0 0 0 14 28
23 27 0 0 0 22 27 0 0 29 18 24 25 0 27 0
16 1 17 17 17 24 0 30 16 24 0 22 0 27 0 28
15 0 0 0 0 22 0 0 22 28 6 15 0 0 0 0
8 0 20 6 0 3 19 15 15 0 20 13 0 4 0 1
0 21 3 7 26 2 6 19 9 27 0 15 0 0 0 0
9 0 28 27 26 0 0 21 5 29 0 13 0 0 0 0
0 4 4 0 0 17 5 5 26 0 0 18 23 0 0 19
23 0 0 12 0 0 28 12 8 0 0 21 0 0 0 12
22 0 0 0 10 9 22 9 0 0 0 0 2 0 0 0
11 13 27 0 0 22 0 22 7 2 0 5 0 0 0 21
3 25 0 20 23 24 25 0 7 25 18 15 13 3 29 0
0 0 0 0 D
0 1 0 1 D
0 2 0 2 D
0 3 0 3 D
0 4 0 4 D
0 5 0 5 D
0 6 0 6 D
0 7 0 7 D
0 8 0 8 D
0 9 0 9 R
0 10 0 10 R
0 11 0 11 R
0 12 0 12 R
0 13 0 13 R
0 14 0 14 R
0 15 0 15 R
0 16 0 16 R
0 17 0 17 U
0 18 0 18 U
0 19 0 19 U
0 20 0 20 U
0 21 0 21 U
0 22 0 22 U
0 23 0 23 U
0 24 0 24 U
0 25 0 25 L
0 26 0 26 L
0 27 0 27 L
0 28 0 28 L
0 29 0 29 L
0 30 0 30 L
0 31 0 31 L
0 32 0 32 L
1 0 0 22 U
1 1 24 1 D
1 2 26 27 L
1 3 9 28 L
1 4 2 4 D
1 5 0 27 L
1 6 8 6 D
1 7 3 7 D
1 8 4 8 D
1 9 5 9 R
1 10 2 0 D
1 11 3 11 R
1 12 5 12 R
1 13 3 13 R
1 14 14 14 R
1 15 4 15 R
1 16 4 16 R
1 17 19 17 U
1 18 2 27 L
1 19 4 13 R
1 20 7 20 U
1 21 21 14 R
1 22 4 9 R
1 23 8 15 R
1 24 9 30 L
1 25 0 11 R
1 26 6 17 U
1 27 2 27 L
1 28 3 28 L
1 29 8 0 D
1 30 2 30 L
1 31 16 1 D
1 32 6 32 L
2 0 4 17 U
2 1 11 25 L
2 2 3 2 D
2 3 0 24 U
2 4 3 14 R
2 5 8 5 D
2 6 3 6 D
2 7 1 7 D
2 8 7 8 D
2 9 0 0 D
2 10 20 21 U
2 11 7 17 U
2 12 20 17 U
2 13 0 28 L
2 14 0 27 L
2 15 7 3 D
2 16 4 16 R
2 17 0 9 R
2 18 6 27 L
2 19 4 12 R
2 20 4 11 R
2 21 0 5 D
2 22 0 1 D
2 23 0 13 R
2 24 3 24 U
2 25 0 17 U
2 26 21 19 U
2 27 22 8 D
2 28 4 28 L
2 29 0 7 D
2 30 5 5 D
2 31 6 31 L
2 32 5 32 L
3 0 18 12 R
3 1 6 32 L
3 2 23 2 D
3 3 15 12 R
3 4 15 9 R
3 5 8 9 R
3 6 5 19 U
3 7 0 23 U
3 8 26 11 R
3 9 13 0 D
3 10 8 2 D
3 11 4 11 R
3 12 17 12 R
3 13 1 13 R
3 14 0 2 D
3 15 13 6 D
3 16 12 16 R
3 17 0 11 R
3 18 0 25 L
3 19 17 19 U
3 20 9 10 R
3 21 4 21 U
3 22 15 22 U
3 23 13 23 U
3 24 1 24 U
3 25 17 9 R
3 26 0 10 R
3 27 4 27 L
3 28 23 21 U
3 29 0 23 U
3 30 8 0 D
3 31 1 5 D
3 32 21 19 U
4 0 26 0 D
4 1 19 18 U
4 2 7 17 U
4 3 9 3 D
4 4 8 4 D
4 5 1 5 D
4 6 7 6 D
4 7 6 10 R
4 8 10 8 D
4 9 24 21 U
4 10 1 26 L
4 11 19 1 D
4 12 8 3 D
4 13 6 13 R
4 14 1 24 U
4 15 5 15 R
4 16 1 16 R
4 17 0 12 R
4 18 12 25 L
4 19 9 26 L
4 20 5 20 U
4 21 0 3 D
4 22 9 28 L
4 23 6 15 R
4 24 0 14 R
4 25 0 1 D
4 26 9 23 U
4 27 7 27 L
4 28 5 6 D
4 29 1 29 L
4 30 8 6 D
4 31 1 31 L
4 32 1 32 L
5 0 15 26 L
5 1 0 9 R
5 2 0 19 U
5 3 3 3 D
5 4 1 4 D
5 5 4 5 D
5 6 10 9 R
5 7 11 13 R
5 8 2 15 R
5 9 2 4 D
5 10 4 18 U
5 11 1 1 D
5 12 0 20 U
5 13 23 13 R
5 14 14 14 R
5 15 1 15 R
5 16 6 2 D
5 17 25 27 L
5 18 4 29 L
5 19 6 19 U
5 20 0 29 L
5 21 18 10 R
5 22 20 22 U
5 23 4 23 U
5 24 8 14 R
5 25 11 2 D
5 26 1 26 L
5 27 15 9 R
5 28 1 3 D
5 29 25 20 U
5 30 0 3 D
5 31 16 5 D
5 32 1 32 L
6 0 11 10 R
6 1 22 30 L
6 2 13 2 D
6 3 0 18 U
6 4 4 4 D
6 5 8 15 R
6 6 13 11 R
6 7 2 7 D
6 8 3 8 D
6 9 19 5 D
6 10 18 1 D
6 11 20 24 U
6 12 2 12 R
6 13 2 13 R
6 14 0 17 U
6 15 3 0 D
6 16 7 16 R
6 17 0 29 L
6 18 14 26 L
6 19 9 10 R
6 20 16 26 L
6 21 9 11 R
6 22 21 12 R
6 23 3 27 L
6 24 11 1 D
6 25 9 17 U
6 26 4 10 R
6 27 3 27 L
6 28 11 28 L
6 29 7 29 L
6 30 1 30 L
6 31 3 31 L
6 32 10 1 D
7 0 19 27 L
7 1 0 28 L
7 2 12 25 L
7 3 2 3 D
7 4 27 4 D
7 5 17 5 D
7 6 4 6 D
7 7 4 7 D
7 9 0 18 U
7 10 13 23 U
7 11 18 20 U
7 12 1 12 R
7 13 25 17 U
7 14 12 14 R
7 15 15 18 U
7 16 11 16 R
7 17 3 9 R
7 18 0 27 L
7 19 10 19 U
7 20 8 16 R
7 21 16 21 U
7 22 3 22 U
7 23 6 14 R
7 24 8 24 U
7 25 10 7 D
7 26 1 1 D
7 27 5 21 U
7 28 18 23 U
7 29 13 29 L
7 30 22 30 L
7 31 10 31 L
7 32 16 24 U
8 0 5 23 U
8 1 4 1 D
8 2 24 29 L
8 3 2 3 D
8 4 2 30 L
8 5 20 14 R
8 6 4 6 D
8 7 21 7 D
8 8 13 14 R
8 9 23 22 U
8 10 11 28 L
8 11 4 7 D
8 12 17 30 L
8 13 0 22 U
8 14 17 17 U
8 15 5 15 R
8 16 9 21 U
8 17 3 25 L
8 18 4 28 L
8 19 11 19 U
8 20 4 20 U
8 21 2 25 L
8 22 1 22 U
8 23 1 11 R
8 24 3 15 R
8 25 0 6 D
8 26 3 26 L
8 27 7 19 U
8 28 9 2 D
8 29 24 29 L
8 30 15 4 D
8 31 24 3 D
8 32 0 1 D
9 0 0 18 U
9 1 4 1 D
9 2 3 2 D
9 3 7 3 D
9 4 4 31 L
9 5 5 5 D
9 6 8 30 L
9 7 22 7 D
9 9 16 17 U
9 10 0 1 D
9 11 6 23 U
9 12 14 4 D
9 13 0 5 D
9 14 18 6 D
9 15 18 1 D
9 16 5 16 R
9 17 6 12 R
9 18 4 12 R
9 19 0 30 L
9 20 17 20 U
9 21 0 15 R
9 22 27 9 R
9 23 3 23 U
9 24 5 24 U
9 25 24 22 U
9 26 0 18 U
9 27 6 17 U
9 28 25 28 L
9 29 21 0 D
9 30 2 21 U
9 31 2 3 D
9 32 6 32 L
10 0 5 9 R
10 1 14 27 L
10 2 20 13 R
10 3 13 9 R
10 4 6 26 L
10 5 12 29 L
10 6 17 6 D
10 7 8 7 D
10 9 8 25 L
10 10 15 7 D
10 11 4 11 R
10 12 17 26 L
10 13 4 6 D
10 14 0 19 U
10 15 0 4 D
10 16 1 16 R
10 17 11 25 L
10 18 14 18 U
10 19 5 9 R
10 20 9 13 R
10 21 13 15 R
10 22 19 22 U
10 23 4 23 U
10 24 8 2 D
10 25 0 22 U
10 26 2 1 D
10 27 5 27 L
10 28 6 0 D
10 29 6 6 D
10 30 6 30 L
10 31 17 6 D
10 32 23 10 R
11 0 3 0 D
11 1 0 25 L
11 2 3 26 L
11 3 0 9 R
11 4 3 12 R
11 5 1 5 D
11 6 22 12 R
11 7 3 7 D
11 9 12 20 U
11 10 20 22 U
11 11 21 8 D
11 12 5 12 R
11 13 3 13 R
11 14 14 14 R
11 15 5 18 U
11 16 7 16 R
11 17 10 16 R
11 18 18 1 D
11 19 6 29 L
11 21 13 9 R
11 22 2 29 L
11 23 16 14 R
11 24 10 14 R
11 25 6 1 D
11 26 7 21 U
11 27 10 4 D
11 28 14 4 D
11 29 3 23 U
11 30 12 1 D
11 31 4 31 L
11 32 19 22 U
12 0 0 29 L
12 1 3 30 L
12 2 18 12 R
12 3 8 3 D
12 4 4 4 D
12 5 0 19 U
12 6 19 23 U
12 7 0 24 U
12 9 0 25 L
12 10 11 10 R
12 11 4 11 R
12 12 22 21 U
12 13 22 5 D
12 14 20 14 R
12 15 4 15 R
12 16 6 16 R
12 17 0 2 D
12 18 4 31 L
12 19 13 29 L
12 20 0 26 L
12 21 10 29 L
12 22 22 10 R
12 23 6 30 L
12 24 0 28 L
12 25 5 18 U
12 26 17 1 D
12 27 26 27 L
12 28 7 28 L
12 29 5 29 L
12 30 3 6 D
12 31 7 31 L
12 32 18 32 L
13 0 18 25 L
13 1 1 18 U
13 2 17 28 L
13 3 24 3 D
13 4 1 4 D
13 5 17 12 R
13 6 1 6 D
13 7 3 31 L
13 8 9 17 U
13 9 22 23 U
13 10 19 2 D
13 11 21 11 R
13 12 0 3 D
13 13 1 13 R
13 14 7 14 R
13 15 15 2 D
13 16 19 19 U
13 17 6 26 L
13 18 9 16 R
13 19 2 19 U
13 21 2 21 U
13 22 17 27 L
13 23 6 23 U
13 24 17 24 U
13 25 14 23 U
13 26 10 8 D
13 27 11 27 L
13 28 9 1 D
13 29 9 29 L
13 30 0 11 R
13 31 9 31 L
13 32 1 32 L
14 0 8 9 R
14 1 0 17 U
14 2 22 32 L
14 3 4 16 R
14 4 7 30 L
14 5 4 5 D
14 6 16 22 U
14 7 1 7 D
14 9 9 19 U
14 10 13 5 D
14 11 4 28 L
14 12 11 25 L
14 13 19 2 D
14 14 6 14 R
14 15 13 15 R
14 16 2 16 R
14 17 2 31 L
14 18 0 7 D
14 19 20 32 L
14 20 24 20 U
14 21 3 21 U
14 22 0 10 R
14 23 7 27 L
14 24 23 24 U
14 25 11 1 D
14 26 25 10 R
14 27 0 17 U
14 28 1 28 L
14 29 11 29 L
14 30 0 14 R
14 31 11 31 L
14 32 12 17 U
15 0 11 26 L
15 1 18 28 L
15 2 6 11 R
15 3 0 26 L
15 4 1 4 D
15 5 3 5 D
15 6 3 6 D
15 7 7 14 R
15 9 0 26 L
15 10 3 28 L
15 11 10 11 R
15 12 16 12 R
15 13 16 18 U
15 14 17 2 D
15 15 4 1 D
15 16 0 24 U
15 17 25 6 D
15 18 11 11 R
15 19 3 16 R
15 20 3 20 U
15 21 10 26 L
15 22 2 22 U
15 23 23 29 L
15 24 14 7 D
15 25 2 20 U
15 26 6 21 U
15 27 5 2 D
15 28 0 5 D
15 29 27 3 D
15 30 16 7 D
15 31 21 31 L
16 0 3 0 D
16 1 12 27 L
16 2 27 14 R
16 3 18 3 D
16 4 18 4 D
16 5 17 5 D
16 6 20 6 D
16 7 22 10 R
16 8 1 8 D
16 9 24 4 D
16 10 1 24 U
16 11 2 11 R
16 12 7 19 U
16 13 14 1 D
16 14 19 32 L
16 15 1 0 D
16 16 11 16 R
16 17 14 31 L
16 18 5 29 L
16 19 9 30 L
16 20 6 14 R
16 21 10 21 U
16 22 15 25 L
16 23 3 23 U
16 24 4 10 R
16 25 17 3 D
16 26 10 2 D
16 27 0 4 D
16 28 4 0 D
16 29 11 29 L
16 30 11 30 L
16 31 19 2 D
16 32 10 18 U
17 0 6 0 D
17 1 25 29 L
17 2 0 21 U
17 3 20 10 R
17 4 4 14 R
17 5 8 5 D
17 6 5 6 D
17 7 23 31 L
17 9 3 0 D
17 10 2 2 D
17 11 22 4 D
17 12 22 2 D
17 13 16 13 R
17 14 10 22 U
17 15 4 21 U
17 16 6 3 D
17 17 7 11 R
17 18 15 18 U
17 19 16 15 R
17 21 0 11 R
17 22 3 9 R
17 23 25 23 U
17 24 3 4 D
17 25 25 24 U
17 26 19 20 U
17 27 20 11 R
17 28 4 28 L
17 29 20 24 U
17 31 3 0 D
17 32 1 3 D
18 0 3 0 D
18 1 6 27 L
18 2 3 28 L
18 3 5 3 D
18 4 9 27 L
18 5 16 16 R
18 6 25 16 R
18 7 6 7 D
18 8 24 13 R
18 9 15 22 U
18 10 7 10 R
18 11 23 18 U
18 12 11 20 U
18 13 14 13 R
18 14 6 14 R
18 15 0 31 L
18 16 23 5 D
18 17 9 1 D
18 18 4 18 U
18 19 22 28 L
18 21 27 21 U
18 22 4 22 U
18 23 11 23 U
18 24 9 24 U
18 25 20 25 L
18 26 5 4 D
18 27 1 27 L
18 28 14 24 U
18 29 6 29 L
18 31 7 31 L
19 0 3 0 D
19 1 0 10 R
19 2 0 15 R
19 3 12 31 L
19 4 7 11 R
19 5 7 19 U
19 6 11 12 R
19 7 1 7 D
19 8 22 8 D
19 9 13 20 U
19 10 1 20 U
19 11 24 2 D
19 12 1 1 D
19 13 4 18 U
19 14 5 24 U
19 15 7 15 R
19 16 0 25 L
19 17 9 25 L
19 18 5 32 L
19 19 13 13 R
19 20 17 20 U
19 21 25 30 L
19 22 24 16 R
19 23 3 26 L
19 24 16 29 L
19 25 12 25 L
19 26 18 0 D
19 27 11 1 D
19 28 0 13 R
19 29 17 5 D
19 31 26 18 U
19 32 9 7 D
20 0 21 31 L
20 1 28 9 R
20 2 13 28 L
20 3 13 3 D
20 4 17 9 R
20 5 11 31 L
20 6 2 6 D
20 7 11 29 L
20 9 19 18 U
20 10 0 23 U
20 11 4 11 R
20 12 7 3 D
20 13 7 13 R
20 14 3 20 U
20 15 15 15 R
20 16 6 16 R
20 17 12 27 L
20 18 0 0 D
20 19 11 16 R
20 20 2 15 R
20 21 4 9 R
20 22 2 22 U
20 23 1 23 U
20 24 12 15 R
20 25 16 8 D
20 26 3 26 L
20 27 24 5 D
20 28 24 13 R
20 29 4 29 L
20 30 3 2 D
20 31 5 31 L
20 32 12 32 L
21 0 0 24 U
21 1 27 9 R
21 2 22 9 R
21 3 19 10 R
21 4 6 21 U
21 5 4 5 D
21 6 0 16 R
21 7 16 10 R
21 9 10 9 R
21 10 22 25 L
21 11 10 0 D
21 12 7 12 R
21 13 9 22 U
21 14 25 14 R
21 15 16 15 R
21 16 20 16 R
21 17 16 10 R
21 18 19 13 R
21 19 9 9 R
21 21 16 31 L
21 22 19 16 R
21 23 16 10 R
21 24 4 24 U
21 25 26 21 U
21 26 5 19 U
21 27 3 20 U
21 28 9 8 D
21 29 22 23 U
21 32 7 6 D
22 0 16 32 L
22 1 7 31 L
22 2 2 14 R
22 3 8 32 L
22 4 16 25 L
22 5 23 30 L
22 6 14 11 R
22 7 0 9 R
22 9 6 7 D
22 10 4 23 U
22 11 0 2 D
22 12 1 5 D
22 13 15 25 L
22 14 4 14 R
22 15 11 7 D
22 16 4 16 R
22 17 8 11 R
22 18 18 31 L
22 19 3 19 U
22 20 11 9 R
22 21 2 21 U
22 22 4 22 U
22 23 4 23 U
22 24 0 32 L
22 25 0 21 U
22 26 7 17 U
22 27 15 27 L
22 28 21 7 D
22 29 23 7 D
22 30 21 30 L
22 31 2 31 L
22 32 1 32 L
23 0 29 10 R
23 1 25 24 U
23 2 4 2 D
23 3 3 3 D
23 4 6 4 D
23 5 24 5 D
23 6 18 10 R
23 7 24 9 R
23 10 12 0 D
23 11 1 11 R
23 12 11 12 R
23 13 22 13 R
23 14 17 22 U
23 15 6 15 R
23 16 8 0 D
23 17 21 9 R
23 18 1 28 L
23 19 0 32 L
23 20 9 29 L
23 21 20 21 U
23 23 28 16 R
23 25 10 18 U
23 26 11 26 L
23 27 0 12 R
23 28 2 5 D
23 29 16 17 U
23 30 7 30 L
24 0 20 30 L
24 1 20 25 L
24 2 4 10 R
24 3 18 26 L
24 4 3 30 L
24 5 10 15 R
24 6 3 6 D
24 7 4 7 D
24 8 11 18 U
24 9 10 3 D
24 10 8 21 U
24 11 3 11 R
24 12 2 1 D
24 13 25 0 D
24 14 14 21 U
24 15 12 15 R
24 16 5 16 R
24 17 20 16 R
24 18 23 26 L
24 19 21 11 R
24 21 7 21 U
24 22 13 22 U
24 23 15 13 R
24 25 3 19 U
24 26 23 9 R
24 27 26 19 U
24 28 5 22 U
24 29 16 2 D
24 31 13 7 D
25 0 7 9 R
25 1 28 26 L
25 2 4 2 D
25 3 14 13 R
25 4 13 12 R
25 5 21 11 R
25 6 6 15 R
25 10 17 19 U
25 11 10 3 D
25 12 15 0 D
25 14 26 4 D
25 15 4 15 R
25 16 5 1 D
25 18 9 9 R
25 19 20 5 D
25 21 6 15 R
25 23 3 23 U
25 25 5 0 D
25 26 8 22 U
25 27 8 5 D
25 28 21 19 U
25 29 6 19 U
26 0 10 28 L
26 1 25 17 U
26 2 6 10 R
26 3 18 19 U
26 4 13 4 D
26 5 2 14 R
26 6 3 6 D
26 10 22 10 R
26 11 1 19 U
26 12 12 12 R
26 13 0 17 U
26 16 24 17 U
26 18 12 29 L
26 19 5 29 L
26 21 16 21 U
26 23 6 23 U
26 26 0 20 U
26 27 13 14 R
26 28 1 28 L
26 29 21 6 D
27 0 0 32 L
27 2 7 2 D
27 3 7 3 D
27 4 5 10 R
27 5 2 12 R
27 6 8 6 D
27 11 5 11 R
27 12 12 12 R
27 16 16 29 L
27 18 3 26 L
27 19 21 19 U
27 20 13 31 L
27 21 24 13 R
27 23 1 23 U
27 26 16 1 D
27 28 14 3 D
27 29 26 10 R
28 0 15 0 D
28 2 14 28 L
28 4 21 10 R
28 11 11 11 R
28 16 8 2 D
28 18 20 29 L
28 19 13 30 L
28 23 26 26 L
28 28 20 6 D
28 29 14 29 L
29 2 31 21 U
29 4 13 4 D
29 16 25 18 U
29 19 4 19 U
30 4 7 4 D
31 4 26 21 U

