15 14 173
0 0 1 1 0 0 0 3 13 0
0 11 0 4 5 10 5 0 6 14
6 0 0 0 4 0 0 0 0 0
0 14 0 13 13 0 9 0 14 0
0 5 5 0 12 0 7 0 0 1
12 14 0 10 0 7 0 0 0 0
0 0 7 11 0 8 0 0 0 0
0 11 2 0 12 0 11 0 0 4
1 3 0 0 0 7 0 0 0 0
5 2 0 0 0 11 0 0 9 8
0 0 0 0 D
0 1 0 1 D
0 2 0 2 D
0 3 0 3 D
0 4 0 4 R
0 5 0 5 R
0 6 0 6 R
0 7 0 7 R
0 8 0 8 U
0 9 0 9 U
0 10 0 10 U
0 11 0 11 L
0 12 0 12 L
0 13 0 13 L
1 0 3 11 L
1 1 2 1 D
1 2 6 2 D
1 3 7 3 D
1 4 0 2 D
1 5 8 8 U
1 6 0 0 D
1 7 4 7 R
1 8 0 4 R
1 9 0 6 R
1 10 4 10 U
1 11 2 1 D
1 12 6 12 L
1 13 11 13 L
2 0 7 5 R
2 1 10 6 R
2 2 9 5 R
2 3 7 3 D
2 4 6 12 L
2 5 5 5 R
2 6 3 6 R
2 8 1 4 R
2 9 8 9 U
2 10 4 10 U
2 11 0 2 D
2 12 8 12 L
2 13 5 8 U
3 0 4 0 D
3 1 6 1 D
3 2 2 2 D
3 4 1 0 D
3 5 7 5 R
3 6 13 8 U
3 7 2 9 U
3 8 1 8 U
3 9 10 12 L
3 10 1 10 U
3 11 4 8 U
3 12 0 4 R
3 13 5 13 L
4 0 3 0 D
4 1 0 13 L
4 2 8 2 D
4 3 7 3 D
4 4 7 9 U
4 5 1 5 R
4 6 1 8 U
4 8 3 0 D
4 9 1 13 L
4 10 11 6 R
4 11 5 1 D
4 12 2 9 U
4 13 11 9 U
5 0 1 4 R
5 1 0 6 R
5 2 0 8 U
5 4 9 8 U
5 5 8 10 U
5 6 7 9 U
5 8 4 11 L
5 9 11 4 R
5 10 9 4 R
5 11 2 10 U
5 12 3 0 D
5 13 0 8 U
6 0 0 4 R
6 1 0 11 L
6 2 9 2 D
6 4 0 8 U
6 5 13 12 L
6 6 4 6 R
6 8 8 5 R
6 9 0 13 L
6 10 10 10 U
6 11 1 11 L
6 12 12 1 D
6 13 9 13 L
7 0 5 11 L
7 1 12 5 R
7 2 3 13 L
7 4 11 10 U
7 5 0 1 D
7 6 6 6 R
7 8 4 12 L
7 9 1 9 U
7 10 0 1 D
7 11 2 11 L
7 12 0 9 U
7 13 0 1 D
8 0 2 12 L
8 1 10 1 D
8 2 7 11 L
8 3 1 12 L
8 4 4 8 U
8 5 5 8 U
8 6 7 13 L
8 8 7 1 D
8 9 6 6 R
8 10 0 0 D
8 11 6 0 D
8 12 5 12 L
8 13 4 13 L
9 0 10 13 L
9 1 12 13 L
9 2 2 7 R
9 4 11 0 D
9 5 6 11 L
9 6 12 8 U
9 8 5 2 D
9 9 3 9 U
9 10 0 11 L
9 11 8 3 D
9 12 10 9 U
9 13 5 0 D
10 0 5 4 R
10 1 13 4 R
10 2 9 2 D
10 3 4 5 R
10 4 8 0 D
10 5 4 13 L
10 6 13 0 D
10 8 1 8 U
10 9 14 5 R
10 10 3 10 U
10 11 3 11 L
10 12 9 8 U
10 13 12 10 U
11 0 0 5 R
11 1 1 1 D
11 2 3 4 R
11 4 9 10 U
11 5 10 5 R
11 6 8 6 R
11 8 0 5 R
11 9 0 12 L
11 10 0 3 D
11 11 12 2 D
11 12 4 4 R
11 13 12 1 D
12 0 5 13 L
12 2 4 5 R
12 4 2 11 L
12 5 6 0 D
12 6 5 9 U
12 8 5 5 R
12 9 10 13 L
12 10 1 0 D
12 11 10 2 D
12 13 2 10 U
13 0 1 11 L
13 4 8 4 R
13 8 12 13 L
13 10 9 12 L
13 11 0 0 D
13 13 7 8 U
14 4 11 3 D
14 8 1 0 D
14 11 4 1 D
14 13 0 5 R

