28 29 687
2 0 4 10 7 0 1 17 0 21 0 0 1 1 6 26 9 16
18 21 0 0 1 0 5 0 5 9 22 22 0 0 3 0 0 0
0 0 23 14 0 1 24 0 0 0 25 0 0 0 5 0 13 0
0 0 1 17 4 23 3 0 0 0 0 23 0 4 9 9 0 0
23 0 0 0 9 22 12 0 27 0 7 0 8 14 6 0 3 0
0 23 22 0 0 0 6 0 1 0 1 0 26 0 0 20 1 0
18 0 0 8 21 23 11 21 26 2 0 0 0 0 21 0 0 24
14 8 0 20 17 21 0 0 24 20 0 20 0 0 0 1 1 16
0 16 0 0 23 26 0 0 26 0 0 16 5 7 12 24 13 3
0 13 13 10 25 0 0 0 24 12 0 21 0 3 0 23 22 0
8 0 0 16 24 0 0 5 23 0 25 0 0 26 17 3 5 15
18 0 0 0 19 0 25 22 0 0 0 0 0 22 19 9 0 0
3 19 23 0 8 16 22 26 10 24 0 18 16 25 3 0 0 25
2 2 17 24 0 0 11 22 0 6 5 0 2 13 0 3 5 0
23 0 0 0 0 0 17 0 15 0 23 0 14 7 0 11 0 13
10 0 0 0 0 0 0 0 0 0 0 0 0 0 18 0 0 15
24 0 0 0 0 0 0 0 0 0 0 0 0 0 0 0 0 25
22 0 0 0 0 0 0 0 0 0 0 0 0 0 0 0 0 17
0 0 0 0 D
0 1 0 1 D
0 2 0 2 D
0 3 0 3 D
0 4 0 4 D
0 5 0 5 D
0 6 0 6 D
0 7 0 7 R
0 8 0 8 R
0 9 0 9 R
0 10 0 10 R
0 11 0 11 R
0 12 0 12 R
0 13 0 13 U
0 14 0 14 U
0 15 0 15 U
0 16 0 16 U
0 17 0 17 U
0 18 0 18 U
0 19 0 19 U
0 20 0 20 U
0 21 0 21 L
0 22 0 22 L
0 23 0 23 L
0 24 0 24 L
0 25 0 25 L
0 26 0 26 L
0 27 0 27 L
0 28 0 28 L
1 0 0 12 R
1 1 3 10 R
1 2 5 2 D
1 3 3 3 D
1 4 5 4 D
1 5 5 5 D
1 6 14 6 D
1 7 9 26 L
1 8 10 8 R
1 9 0 0 D
1 10 0 24 L
1 11 5 11 R
1 12 0 16 U
1 13 16 11 R
1 14 15 22 L
1 15 0 28 L
1 16 0 24 L
1 17 4 7 R
1 18 6 27 L
1 19 11 27 L
1 20 8 11 R
1 21 6 20 U
1 22 2 3 D
1 23 2 23 L
1 24 21 24 L
1 25 21 25 L
1 26 6 15 U
1 27 0 19 U
1 28 25 28 L
2 0 3 0 D
2 1 15 9 R
2 2 4 2 D
2 3 9 25 L
2 4 7 27 L
2 5 1 5 D
2 6 19 22 L
2 7 16 21 L
2 8 1 22 L
2 9 16 9 R
2 10 3 10 R
2 11 21 14 U
2 12 13 0 D
2 13 7 8 R
2 14 0 22 L
2 15 1 22 L
2 16 5 22 L
2 17 0 26 L
2 18 7 11 R
2 19 0 12 R
2 20 1 24 L
2 21 13 13 U
2 22 0 10 R
2 23 0 3 D
2 24 1 24 L
2 25 22 0 D
2 26 9 26 L
2 27 6 27 L
2 28 0 13 U
3 0 0 13 U
3 1 13 10 R
3 2 7 2 D
3 3 10 3 D
3 4 4 4 D
3 5 0 16 U
3 6 4 6 D
3 7 0 13 U
3 8 24 3 D
3 9 22 9 R
3 10 15 21 L
3 11 9 11 R
3 12 0 21 L
3 13 1 13 U
3 14 17 8 R
3 15 0 9 R
3 16 15 25 L
3 17 12 17 U
3 18 8 18 U
3 19 2 19 U
3 20 4 7 R
3 21 0 14 U
3 22 27 2 D
3 23 11 16 U
3 24 0 4 D
3 25 1 1 D
3 26 17 13 U
3 27 15 16 U
3 28 18 28 L
4 0 21 0 D
4 1 15 10 R
4 2 10 2 D
4 3 14 3 D
4 4 3 4 D
4 5 5 5 D
4 6 14 25 L
4 7 10 16 U
4 8 9 16 U
4 9 3 4 D
4 10 2 10 R
4 11 2 1 D
4 12 10 4 D
4 13 11 9 R
4 14 7 14 U
4 15 0 22 L
4 16 8 16 U
4 17 1 17 U
4 18 2 18 U
4 19 12 26 L
4 20 1 20 U
4 21 0 0 D
4 22 3 1 D
4 23 19 1 D
4 24 19 3 D
4 25 1 20 U
4 26 10 3 D
4 27 9 27 L
4 28 5 14 U
5 0 2 10 R
5 1 15 1 D
5 2 14 2 D
5 3 18 3 D
5 4 7 17 U
5 5 0 11 R
5 6 12 14 U
5 7 9 0 D
5 8 8 13 U
5 9 13 3 D
5 10 10 10 R
5 11 0 23 L
5 12 4 12 R
5 13 0 23 L
5 14 8 21 L
5 15 6 15 U
5 16 7 8 R
5 17 8 17 U
5 18 0 2 D
5 19 7 19 U
5 20 6 20 U
5 21 3 21 L
5 22 2 17 U
5 23 13 23 L
5 24 0 5 D
5 25 11 25 L
5 26 3 26 L
5 27 0 5 D
5 28 1 28 L
6 0 2 0 D
6 1 3 12 R
6 2 5 27 L
6 3 10 25 L
6 4 18 4 D
6 5 4 5 D
6 6 0 9 R
6 7 0 6 D
6 8 11 17 U
6 9 3 0 D
6 10 1 10 R
6 11 5 5 D
6 12 13 12 R
6 13 1 12 R
6 14 19 28 L
6 15 7 25 L
6 16 0 25 L
6 17 1 9 R
6 18 7 18 U
6 19 10 10 R
6 21 10 4 D
6 22 21 13 U
6 23 10 23 L
6 24 10 0 D
6 25 1 4 D
6 26 11 26 L
6 27 4 5 D
6 28 11 5 D
7 0 6 8 R
7 1 14 1 D
7 2 4 2 D
7 3 14 3 D
7 4 4 4 D
7 5 1 5 D
7 6 4 6 D
7 7 12 20 U
7 8 5 1 D
7 9 0 15 U
7 10 4 16 U
7 11 14 18 U
7 12 6 12 R
7 13 0 11 R
7 14 3 14 U
7 15 17 7 R
7 16 12 9 R
7 17 6 12 R
7 18 12 18 U
7 19 1 8 R
7 21 16 0 D
7 22 11 1 D
7 23 0 6 D
7 24 20 18 U
7 25 4 25 L
7 26 0 17 U
7 27 13 5 D
8 0 19 7 R
8 1 0 21 L
8 2 13 9 R
8 3 0 26 L
8 4 12 4 D
8 5 14 9 R
8 6 6 6 D
8 7 16 13 U
8 8 17 14 U
8 9 0 3 D
8 10 1 10 R
8 11 1 4 D
8 12 0 3 D
8 13 3 13 U
8 14 0 1 D
8 15 17 24 L
8 16 7 16 U
8 17 20 25 L
8 18 0 23 L
8 19 18 19 U
8 20 1 20 U
8 21 2 13 U
8 22 2 22 L
8 23 6 15 U
8 24 6 14 U
8 25 9 25 L
8 26 3 26 L
8 27 4 27 L
9 0 2 17 U
9 1 3 1 D
9 2 0 8 R
9 3 3 3 D
9 4 14 24 L
9 5 4 16 U
9 6 3 8 R
9 7 22 5 D
9 8 0 22 L
9 9 0 19 U
9 10 5 1 D
9 11 0 24 L
9 12 3 12 R
9 13 8 21 L
9 14 8 14 U
9 15 11 24 L
9 16 0 27 L
9 17 8 24 L
9 18 17 2 D
9 19 2 27 L
9 21 11 6 D
9 22 8 14 U
9 23 15 23 L
9 24 0 16 U
9 25 5 18 U
9 26 6 26 L
10 0 6 13 U
10 1 8 23 L
10 2 7 23 L
10 3 17 3 D
10 4 18 21 L
10 5 17 25 L
10 6 17 21 L
10 7 17 0 D
10 8 12 8 R
10 9 2 6 D
10 10 0 2 D
10 11 2 11 R
10 12 4 12 R
10 13 0 8 R
10 14 5 14 U
10 15 6 15 U
10 16 11 16 U
10 17 7 10 R
10 18 6 18 U
10 21 0 5 D
10 22 0 1 D
10 23 23 2 D
10 24 2 24 L
10 25 3 15 U
10 26 7 1 D
10 28 9 11 R
11 0 6 7 R
11 1 16 8 R
11 2 18 24 L
11 3 6 21 L
11 4 14 4 D
11 5 23 5 D
11 6 18 7 R
11 7 12 7 R
11 8 13 1 D
11 9 6 3 D
11 10 20 0 D
11 11 1 2 D
11 12 1 16 U
11 13 12 10 R
11 14 18 21 L
11 15 20 23 L
11 16 1 16 U
11 17 8 21 L
11 18 4 9 R
11 21 2 18 U
11 22 5 5 D
11 23 8 18 U
11 24 3 24 L
11 25 12 25 L
11 26 1 26 L
11 27 2 19 U
12 0 22 12 R
12 1 18 8 R
12 2 22 2 D
12 3 3 3 D
12 4 0 23 L
12 5 14 27 L
12 6 7 12 R
12 7 0 1 D
12 8 9 4 D
12 9 4 17 U
12 10 2 10 R
12 11 19 3 D
12 12 14 12 R
12 13 8 13 U
12 14 7 7 R
12 15 17 9 R
12 16 3 16 U
12 17 7 21 L
12 18 16 18 U
12 19 3 19 U
12 21 13 2 D
12 22 19 1 D
12 23 18 7 R
12 24 11 9 R
12 25 3 2 D
12 26 13 26 L
12 27 6 4 D
12 28 7 14 U
13 0 1 21 L
13 1 19 18 U
13 2 3 2 D
13 3 0 10 R
13 4 11 11 R
13 5 4 5 D
13 6 10 6 D
13 7 0 26 L
13 8 9 13 U
13 9 0 14 U
13 10 6 1 D
13 11 18 16 U
13 12 2 0 D
13 13 2 23 L
13 14 9 11 R
13 15 10 2 D
13 16 4 12 R
13 17 21 22 L
13 18 4 7 R
13 20 0 0 D
13 21 16 8 R
13 22 19 0 D
13 23 17 8 R
13 24 5 2 D
13 25 18 3 D
13 26 2 26 L
13 27 6 27 L
14 0 4 25 L
14 1 7 1 D
14 2 20 11 R
14 3 6 9 R
14 4 7 4 D
14 5 8 5 D
14 6 1 6 D
14 7 10 15 U
14 8 10 15 U
14 9 18 17 U
14 10 22 19 U
14 11 0 22 L
14 12 10 13 U
14 13 5 11 R
14 14 9 9 R
14 15 20 15 U
14 16 7 16 U
14 17 5 17 U
14 18 4 18 U
14 19 18 19 U
14 21 16 5 D
14 22 12 16 U
14 23 17 15 U
14 24 11 4 D
14 25 12 7 R
14 26 0 6 D
14 27 18 11 R
15 0 0 22 L
15 1 23 13 U
15 2 5 2 D
15 3 6 3 D
15 4 18 4 D
15 5 14 5 D
15 6 17 11 R
15 7 18 22 L
15 8 7 21 L
15 9 2 24 L
15 10 6 10 R
15 11 4 24 L
15 12 4 12 R
15 13 20 22 L
15 14 7 14 U
15 15 12 28 L
15 16 14 16 U
15 17 12 21 L
15 18 3 8 R
15 21 3 17 U
15 22 2 20 U
15 23 1 23 L
15 24 18 15 U
15 25 11 16 U
15 26 12 16 U
16 0 14 24 L
16 1 6 1 D
16 2 8 9 R
16 3 0 14 U
16 4 18 7 R
16 5 20 8 R
16 6 1 6 D
16 7 23 7 R
16 8 21 22 L
16 9 1 1 D
16 10 23 10 R
16 11 5 11 R
16 12 9 6 D
16 13 17 12 R
16 14 8 0 D
16 15 9 8 R
16 16 18 11 R
16 17 5 12 R
16 18 3 18 U
16 21 19 15 U
16 22 20 6 D
16 23 18 5 D
16 24 7 2 D
16 25 0 13 U
16 26 22 7 R
17 0 5 9 R
17 1 22 9 R
17 2 22 22 L
17 3 7 3 D
17 4 22 22 L
17 5 14 22 L
17 6 9 6 D
17 7 10 14 U
17 8 6 0 D
17 9 0 18 U
17 10 2 10 R
17 11 2 11 R
17 12 9 14 U
17 13 0 21 L
17 14 0 7 R
17 15 6 15 U
17 16 14 16 U
17 17 0 12 R
17 18 6 9 R
17 21 19 0 D
17 22 14 8 R
17 23 0 9 R
17 24 24 1 D
17 25 9 15 U
17 26 11 2 D
17 27 2 13 U
18 0 19 15 U
18 1 11 28 L
18 2 14 2 D
18 3 19 22 L
18 4 5 4 D
18 5 19 5 D
18 6 4 22 L
18 7 23 15 U
18 8 25 21 L
18 9 17 16 U
18 10 11 18 U
18 11 1 0 D
18 12 9 20 U
18 13 9 7 R
18 14 17 26 L
18 15 2 21 L
18 16 27 16 U
18 17 2 17 U
18 18 25 24 L
18 19 19 19 U
18 20 12 9 R
18 21 14 14 U
18 22 1 15 U
18 23 14 10 R
18 24 13 12 R
18 25 17 7 R
18 26 19 19 U
19 0 0 7 R
19 1 12 14 U
19 2 3 2 D
19 3 14 11 R
19 4 5 4 D
19 5 12 9 R
19 7 13 18 U
19 8 22 16 U
19 9 16 22 L
19 10 12 17 U
19 11 17 13 U
19 12 0 27 L
19 13 12 7 R
19 14 12 7 R
19 15 13 8 R
19 16 5 26 L
19 17 25 9 R
19 18 0 5 D
19 21 18 15 U
19 22 0 15 U
19 23 4 13 U
19 24 21 17 U
19 25 5 7 R
19 26 11 26 L
19 28 1 28 L
20 0 2 12 R
20 1 14 1 D
20 2 8 8 R
20 3 1 3 D
20 4 6 23 L
20 5 14 5 D
20 6 25 6 D
20 7 5 13 U
20 8 8 26 L
20 9 2 0 D
20 10 1 23 L
20 11 21 2 D
20 12 3 12 R
20 13 8 26 L
20 14 17 7 R
20 15 14 15 U
20 16 1 10 R
20 17 8 17 U
20 18 18 18 U
20 21 0 20 U
20 22 16 17 U
20 23 6 4 D
20 24 26 13 U
20 25 3 25 L
20 26 3 26 L
21 0 7 9 R
21 1 1 27 L
21 2 15 7 R
21 3 3 3 D
21 4 18 4 D
21 5 13 13 U
21 7 3 23 L
21 8 2 8 R
21 9 5 9 R
21 10 6 14 U
21 11 12 11 R
21 12 12 12 R
21 13 8 11 R
21 14 2 14 U
21 15 1 7 R
21 16 19 23 L
21 17 8 17 U
21 18 22 8 R
21 21 20 15 U
21 22 13 16 U
21 23 10 0 D
21 24 12 24 L
21 25 1 25 L
21 26 10 17 U
22 0 4 0 D
22 1 20 11 R
22 2 25 21 L
22 3 18 26 L
22 4 0 12 R
22 5 15 5 D
22 7 10 13 U
22 8 2 14 U
22 9 0 25 L
22 10 24 10 R
22 11 2 11 R
22 12 11 3 D
22 13 24 25 L
22 14 8 23 L
22 15 11 15 U
22 16 20 16 U
22 17 20 17 U
22 18 1 24 L
22 21 8 21 L
22 22 18 7 R
22 23 6 23 L
22 24 17 2 D
22 25 4 25 L
22 26 14 16 U
23 0 5 10 R
23 1 16 1 D
23 2 20 18 U
23 3 1 14 U
23 4 5 4 D
23 5 13 24 L
23 7 17 17 U
23 8 3 8 R
23 9 8 9 R
23 10 2 10 R
23 12 5 12 R
23 13 12 24 L
23 14 13 14 U
23 15 16 21 L
23 16 1 16 U
23 17 22 17 U
23 21 20 21 L
23 22 27 3 D
23 23 5 12 R
23 24 3 6 D
23 26 10 26 L
24 0 16 14 U
24 1 0 18 U
24 3 21 10 R
24 4 13 4 D
24 5 5 5 D
24 7 26 0 D
24 8 1 18 U
24 9 21 0 D
24 10 0 17 U
24 12 17 27 L
24 13 16 12 R
24 15 5 22 L
24 16 16 11 R
24 17 9 10 R
24 18 4 18 U
24 21 0 8 R
24 26 10 6 D
24 27 10 0 D
25 1 7 1 D
25 3 3 7 R
25 4 5 4 D
25 5 12 5 D
25 8 13 17 U
25 9 20 18 U
25 10 15 2 D
25 11 1 11 R
25 12 8 15 U
25 13 5 24 L
25 14 11 14 U
25 15 5 27 L
25 16 24 21 L
25 17 6 17 U
25 21 7 13 U
25 24 2 24 L
26 0 25 0 D
26 3 7 28 L
26 5 4 5 D
26 9 23 9 R
26 12 0 26 L
26 14 17 24 L
26 15 14 15 U
26 16 17 8 R
26 17 2 17 U
26 21 1 21 L
27 5 18 23 L
27 12 4 12 R
27 16 17 9 R
27 17 1 7 R

