13 18 204
8 9 3 0 6 6 2 0 4 5 2
0 10 0 5 5 3 12 10 4 0 5
6 0 0 5 0 0 0 5 0 4 0
8 0 0 5 0 8 9 0 0 7 1
3 1 12 1 0 0 0 0 1 0 0
4 12 11 1 0 12 11 0 1 2 0
8 0 0 10 4 10 3 1 8 0 0
4 0 0 0 0 11 7 0 0 0 0
0 9 0 3 5 0 0 0 2 10 0
11 0 11 10 10 0 1 8 7 8 12
0 11 0 7 7 3 0 0 9 0 3
0 0 0 0 U
0 1 0 1 U
0 2 0 2 U
0 3 0 3 U
0 4 0 4 U
0 5 0 5 R
0 6 0 6 R
0 7 0 7 R
0 8 0 8 R
0 9 0 9 D
0 10 0 10 D
0 11 0 11 D
0 12 0 12 D
0 13 0 13 D
0 14 0 14 L
0 15 0 15 L
0 16 0 16 L
0 17 0 17 L
1 0 0 15 L
1 1 3 1 U
1 2 0 13 D
1 3 0 8 R
1 4 2 4 U
1 5 9 9 D
1 6 7 1 U
1 7 9 9 D
1 8 6 8 R
1 9 3 17 L
1 10 11 10 D
1 11 8 15 L
1 12 3 14 L
1 13 2 13 D
1 14 9 4 U
1 15 4 15 L
1 16 2 12 D
1 17 0 0 U
2 0 7 0 U
2 1 3 5 R
2 2 5 7 R
2 3 0 14 L
2 4 6 15 L
2 5 1 0 U
2 6 0 1 U
2 7 9 13 D
2 8 0 13 D
2 9 5 1 U
2 10 4 14 L
2 11 9 11 D
2 12 1 12 D
2 13 0 6 R
2 14 3 9 D
2 15 0 10 D
2 16 0 3 U
2 17 0 5 R
3 0 6 13 D
3 1 0 14 L
3 2 7 14 L
3 3 4 7 R
3 4 1 4 U
3 5 7 13 D
3 6 0 11 D
3 7 6 7 R
3 8 4 8 R
3 9 1 0 U
3 10 0 15 L
3 11 1 11 D
3 12 0 4 U
3 13 11 13 D
3 14 0 0 U
3 15 1 2 U
3 16 4 13 D
3 17 4 17 L
4 0 0 5 R
4 1 5 6 R
4 2 3 10 D
4 3 0 7 R
4 4 1 4 U
4 5 0 0 U
4 6 8 6 R
4 7 1 3 U
4 8 2 8 R
4 9 0 0 U
4 10 0 8 R
4 11 6 11 D
4 12 9 17 L
4 13 5 13 D
4 14 2 1 U
4 15 0 1 U
4 16 5 16 L
4 17 10 10 D
5 0 9 5 R
5 1 6 14 L
5 2 2 2 U
5 3 9 17 L
5 4 3 6 R
5 5 0 14 L
5 6 2 14 L
5 7 0 12 D
5 8 0 15 L
5 9 4 9 D
5 10 0 7 R
5 11 3 8 R
5 12 3 12 D
5 13 7 8 R
5 14 3 14 L
5 15 3 0 U
5 16 0 6 R
5 17 7 6 R
6 0 5 6 R
6 1 3 16 L
6 2 1 2 U
6 3 0 9 D
6 4 1 4 U
6 5 0 17 L
6 6 3 2 U
6 7 4 12 D
6 8 8 9 D
6 9 0 5 R
6 10 5 6 R
6 11 1 15 L
6 12 10 16 L
6 13 7 13 D
6 14 0 11 D
6 15 0 12 D
6 16 4 16 L
6 17 8 17 L
7 0 9 16 L
7 1 4 5 R
7 2 4 2 U
7 3 0 12 D
7 4 2 8 R
7 5 5 9 D
7 6 12 4 U
7 8 5 16 L
7 9 4 7 R
7 10 2 8 R
7 11 0 0 U
7 12 4 0 U
7 13 0 2 U
7 14 0 9 D
7 15 9 9 D
7 16 5 10 D
7 17 1 17 L
8 0 6 10 D
8 2 7 17 L
8 4 3 11 D
8 5 7 5 R
8 6 5 16 L
8 8 1 17 L
8 9 9 14 L
8 10 10 15 L
8 11 2 11 D
8 12 0 6 R
8 13 5 13 D
8 14 6 11 D
8 15 2 12 D
8 16 1 3 U
8 17 5 11 D
9 0 6 15 L
9 1 1 1 U
9 2 8 17 L
9 3 6 3 U
9 4 6 7 R
9 5 3 16 L
9 6 5 15 L
9 7 2 7 R
9 8 0 3 U
9 9 2 2 U
9 11 2 5 R
9 12 4 15 L
9 13 0 1 U
9 14 6 4 U
9 15 7 15 L
9 16 11 0 U
9 17 5 8 R
10 0 4 0 U
10 1 1 5 R
10 2 3 6 R
10 3 8 3 U
10 4 9 4 U
10 5 6 12 D
10 6 1 1 U
10 8 4 8 R
10 9 9 2 U
10 11 2 17 L
10 12 4 12 D
10 15 5 8 R
10 17 5 17 L
11 0 3 15 L
11 2 7 15 L
11 4 9 7 R
11 6 10 6 R
11 8 5 1 U
11 9 6 6 R
11 10 0 3 U
11 11 6 0 U
11 12 4 12 D
11 15 0 9 D
12 0 5 5 R
12 2 10 8 R
12 4 7 4 U
12 8 0 16 L
12 9 10 3 U
12 15 1 15 L

