25 33 733
22 0 4 2 16 0 18 2 17 18 0 19 12 12 13 17 16
0 7 11 19 0 13 23 18 13 23 22 14 5 13 0 0 4
19 0 0 12 23 4 18 16 19 0 21 20 9 19 18 0 2
0 18 20 0 0 20 24 0 23 22 23 0 0 22 21 20 11
14 18 18 16 23 21 0 20 17 0 13 0 17 0 19 11 16
0 0 22 18 23 20 0 21 0 24 16 18 0 0 20 11 19
21 14 10 0 19 14 22 0 0 0 21 15 6 0 22 6 13
17 14 0 16 20 9 13 0 21 20 0 0 18 17 16 2 11
16 0 10 17 21 9 0 0 18 0 12 8 19 0 11 2 12
20 21 0 0 0 22 23 24 0 23 22 0 0 21 0 20 6
20 18 8 0 0 23 14 0 0 21 0 7 18 11 18 6 9
19 18 0 21 21 0 15 0 20 2 0 0 5 21 0 4 0
4 0 18 9 0 14 16 23 15 18 0 0 0 20 17 12 11
9 22 20 0 20 0 0 0 0 14 18 7 15 0 18 0 17
0 22 0 12 23 24 0 22 12 10 0 0 24 5 7 4 0
7 17 11 18 19 20 22 23 0 0 24 24 12 7 24 0 9
8 10 11 15 1 12 13 14 11 7 15 22 22 0 24 2 4
0 0 0 0 R
0 1 0 1 R
0 2 0 2 R
0 3 0 3 R
0 4 0 4 R
0 5 0 5 R
0 6 0 6 R
0 7 0 7 R
0 8 0 8 U
0 9 0 9 U
0 10 0 10 U
0 11 0 11 U
0 12 0 12 U
0 13 0 13 U
0 14 0 14 U
0 15 0 15 U
0 16 0 16 D
0 17 0 17 D
0 18 0 18 D
0 19 0 19 D
0 20 0 20 D
0 21 0 21 D
0 22 0 22 D
0 23 0 23 D
0 24 0 24 D
0 25 0 25 L
0 26 0 26 L
0 27 0 27 L
0 28 0 28 L
0 29 0 29 L
0 30 0 30 L
0 31 0 31 L
0 32 0 32 L
1 0 0 8 U
1 1 0 16 D
1 2 0 26 L
1 3 0 27 L
1 4 0 20 D
1 5 2 12 U
1 6 0 23 D
1 7 1 21 D
1 8 0 25 L
1 9 0 16 D
1 10 0 26 L
1 11 0 27 L
1 12 0 4 R
1 13 0 30 L
1 14 3 6 R
1 15 0 7 R
1 16 0 0 R
1 17 0 1 R
1 18 0 26 L
1 19 0 1 R
1 20 3 1 R
1 21 0 5 R
1 22 0 11 U
1 23 0 12 U
1 24 0 14 U
1 25 0 8 U
1 26 0 17 D
1 27 0 16 D
1 28 0 11 U
1 29 0 12 U
1 30 0 22 D
1 31 0 14 U
1 32 0 24 D
2 0 0 18 D
2 1 0 11 U
2 2 1 2 R
2 3 2 3 R
2 4 1 4 R
2 5 0 29 L
2 6 1 22 D
2 7 1 17 D
2 8 0 2 R
2 9 3 9 U
2 10 1 10 U
2 11 1 0 R
2 12 1 12 U
2 13 0 21 D
2 14 3 31 L
2 15 3 15 U
2 16 0 8 U
2 17 0 25 L
2 18 3 18 D
2 19 1 19 D
2 20 0 29 L
2 21 2 21 D
2 22 3 22 D
2 23 1 23 D
2 24 3 24 D
2 25 0 3 R
2 26 0 9 U
2 27 1 27 L
2 28 3 19 D
2 29 2 29 L
2 30 1 13 U
2 31 3 31 L
2 32 2 32 L
3 0 1 0 R
3 1 0 19 D
3 2 0 10 U
3 3 1 3 R
3 4 2 4 R
3 5 0 13 U
3 6 2 14 U
3 7 3 7 R
3 8 2 2 R
3 9 0 17 D
3 10 0 0 R
3 11 0 5 R
3 12 3 12 U
3 13 0 6 R
3 14 1 6 R
3 15 2 15 U
3 16 2 25 L
3 17 0 2 R
3 18 0 28 L
3 19 0 28 L
3 20 0 30 L
3 21 0 32 L
3 22 1 13 U
3 23 0 1 R
3 25 3 25 L
3 26 0 10 U
3 27 1 17 D
3 28 2 28 L
3 29 2 21 D
3 30 3 9 U
3 31 0 16 D
3 32 0 15 U
4 0 2 0 R
4 1 0 21 D
4 2 1 20 D
4 3 0 17 D
4 4 4 4 R
4 5 5 5 R
4 6 4 20 D
4 7 3 17 D
4 8 1 2 R
4 9 1 9 U
4 10 5 10 U
4 11 0 18 D
4 12 0 27 L
4 13 0 16 D
4 14 8 26 L
4 15 1 28 L
4 16 1 16 D
4 17 3 25 L
4 18 0 27 L
4 19 2 26 L
4 20 2 0 R
4 21 2 30 L
4 22 0 12 U
4 23 2 23 D
4 25 1 15 U
4 26 3 15 U
4 27 0 15 U
4 28 2 22 D
4 29 0 18 D
4 30 1 30 L
4 31 4 31 L
4 32 4 32 L
5 0 2 18 D
5 1 3 15 U
5 2 5 18 D
5 3 4 3 R
5 4 5 4 R
5 5 7 19 D
5 6 8 6 R
5 7 7 13 U
5 8 5 17 D
5 9 0 1 R
5 10 4 10 U
5 11 2 11 U
5 12 0 2 R
5 13 4 13 U
5 14 8 14 U
5 15 0 3 R
5 16 2 2 R
5 17 4 17 D
5 18 4 27 L
5 19 4 19 D
5 20 7 8 U
5 21 4 21 D
5 22 0 5 R
5 23 6 23 D
5 25 4 16 D
5 26 0 19 D
5 27 3 8 U
5 28 2 12 U
5 29 6 29 L
5 30 4 30 L
5 31 7 31 L
5 32 0 9 U
6 0 2 15 U
6 1 5 1 R
6 2 0 9 U
6 3 0 28 L
6 4 0 31 L
6 5 2 23 D
6 6 7 6 R
6 7 5 7 R
6 8 8 8 U
6 9 0 31 L
6 10 4 25 L
6 11 2 29 L
6 12 4 12 U
6 13 6 13 U
6 14 7 14 U
6 15 0 30 L
6 16 0 27 L
6 17 2 28 L
6 18 0 4 R
6 19 4 7 R
6 20 0 15 U
6 21 8 0 R
6 22 5 22 D
6 23 3 23 D
6 25 6 23 D
6 26 5 8 U
6 27 2 19 D
6 28 1 8 U
6 29 3 29 L
6 30 2 20 D
6 31 1 31 L
6 32 5 32 L
7 0 6 17 D
7 1 2 8 U
7 2 5 22 D
7 3 7 3 R
7 4 6 4 R
7 5 2 5 R
7 6 2 6 R
7 7 0 26 L
7 8 5 8 U
7 9 4 7 R
7 10 2 10 U
7 11 2 4 R
7 12 1 2 R
7 13 1 29 L
7 14 6 14 U
7 15 13 15 U
7 16 3 1 R
7 17 6 29 L
7 18 2 8 U
7 19 8 27 L
7 20 2 31 L
7 21 6 21 D
7 22 3 2 R
7 23 0 3 R
7 25 5 10 U
7 26 8 18 D
7 27 4 4 R
7 28 6 28 L
7 29 0 0 R
7 30 5 22 D
7 31 0 6 R
7 32 8 32 L
8 0 5 16 D
8 1 0 14 U
8 2 1 11 U
8 3 6 3 R
8 4 1 23 D
8 5 3 20 D
8 6 0 12 U
8 7 4 7 R
8 8 2 0 R
8 9 6 5 R
8 10 6 10 U
8 11 0 32 L
8 12 8 6 R
8 13 5 13 U
8 14 3 1 R
8 15 12 15 U
8 16 4 16 D
8 17 3 17 D
8 18 4 5 R
8 19 7 19 D
8 20 14 20 D
8 21 5 21 D
8 22 5 26 L
8 23 2 12 U
8 25 0 1 R
8 26 7 12 U
8 27 5 27 L
8 28 7 9 U
8 29 7 29 L
8 30 6 30 L
8 31 6 31 L
8 32 0 8 U
9 0 9 8 U
9 1 8 1 R
9 2 6 25 L
9 3 3 11 U
9 4 8 26 L
9 5 9 9 U
9 6 4 16 D
9 7 8 7 R
9 8 8 3 R
9 9 6 25 L
9 10 0 1 R
9 11 5 30 L
9 12 9 7 R
9 13 8 13 U
9 14 5 14 U
9 15 14 3 R
9 16 4 9 U
9 17 0 31 L
9 18 9 18 D
9 19 5 2 R
9 20 8 20 D
9 21 9 0 R
9 22 4 22 D
9 23 10 23 D
9 25 3 10 U
9 26 9 16 D
9 27 8 27 L
9 28 8 23 D
9 29 8 29 L
9 30 0 5 R
9 31 8 31 L
9 32 9 32 L
10 0 10 25 L
10 1 2 21 D
10 2 10 2 R
10 3 3 3 R
10 4 10 4 R
10 5 10 5 R
10 6 3 6 R
10 7 7 7 R
10 8 7 8 U
10 9 8 32 L
10 10 8 27 L
10 11 0 22 D
10 12 9 12 U
10 13 10 13 U
10 14 4 14 U
10 15 7 5 R
10 16 4 4 R
10 17 11 17 D
10 18 9 6 R
10 19 12 3 R
10 20 13 20 D
10 21 10 21 D
10 22 12 1 R
10 23 9 23 D
10 25 9 9 U
10 26 0 13 U
10 27 5 23 D
10 28 9 28 L
10 29 9 8 U
10 30 15 30 L
10 31 4 21 D
10 32 0 1 R
11 0 11 0 R
11 1 2 15 U
11 2 9 12 U
11 3 7 16 D
11 4 7 4 R
11 5 11 5 R
11 6 6 6 R
11 7 2 7 R
11 8 2 26 L
11 9 3 29 L
11 10 9 31 L
11 11 11 11 U
11 12 10 18 D
11 13 9 3 R
11 14 2 14 U
11 15 18 32 L
11 16 6 27 L
11 17 5 17 D
11 18 0 0 R
11 19 15 19 D
11 20 12 20 D
11 21 7 21 D
11 22 12 22 D
11 23 9 13 U
11 25 9 8 U
11 26 5 14 U
11 27 6 10 U
11 28 10 28 L
11 29 10 29 L
11 30 0 2 R
11 31 10 20 D
11 32 13 32 L
12 0 7 8 U
12 1 9 1 R
12 2 12 25 L
12 3 11 3 R
12 4 4 16 D
12 5 9 5 R
12 6 9 6 R
12 7 0 19 D
12 8 9 3 R
12 9 5 25 L
12 10 11 10 U
12 11 15 11 U
12 12 0 31 L
12 13 3 13 U
12 14 7 26 L
12 15 20 15 U
12 16 11 16 D
12 17 8 17 D
12 18 10 18 D
12 19 8 26 L
12 20 13 2 R
12 21 5 0 R
12 22 8 22 D
12 23 3 29 L
12 25 13 23 D
12 26 9 26 L
12 27 6 27 L
12 28 2 17 D
12 29 0 11 U
12 30 14 30 L
12 31 14 31 L
12 32 12 32 L
13 0 10 10 U
13 1 12 1 R
13 2 14 2 R
13 3 12 9 U
13 4 11 4 R
13 5 6 5 R
13 6 10 6 R
13 7 10 20 D
13 8 6 4 R
13 9 14 30 L
13 10 13 4 R
13 11 11 20 D
13 12 8 12 U
13 13 11 13 U
13 14 12 14 U
13 15 19 15 U
13 16 8 25 L
13 17 0 0 R
13 18 14 18 D
13 19 15 6 R
13 20 11 20 D
13 21 4 32 L
13 22 15 3 R
13 23 7 23 D
13 25 6 8 U
13 26 3 18 D
13 27 12 21 D
13 28 11 28 L
13 29 11 16 D
13 30 0 20 D
13 31 16 22 D
13 32 11 32 L
14 0 11 21 D
14 1 0 25 L
14 2 12 2 R
14 3 13 3 R
14 4 8 21 D
14 5 5 10 U
14 6 12 30 L
14 7 15 7 R
14 8 15 25 L
14 9 12 9 U
14 10 0 28 L
14 11 9 11 U
14 12 13 12 U
14 13 12 30 L
14 14 11 14 U
14 15 9 15 U
14 16 9 27 L
14 17 7 17 D
14 18 13 18 D
14 19 11 7 R
14 20 0 8 U
14 21 8 4 R
14 22 15 22 D
14 23 11 23 D
14 25 7 10 U
14 26 1 18 D
14 27 9 27 L
14 28 7 19 D
14 29 9 14 U
14 30 14 0 R
14 31 17 31 L
14 32 6 32 L
15 0 2 10 U
15 1 0 22 D
15 2 14 19 D
15 3 12 8 U
15 4 11 23 D
15 5 15 5 R
15 6 10 13 U
15 7 16 7 R
15 8 13 2 R
15 9 16 9 U
15 10 2 7 R
15 11 14 11 U
15 12 16 12 U
15 13 13 13 U
15 14 10 14 U
15 15 18 15 U
15 16 12 15 U
15 17 9 17 D
15 18 7 25 L
15 19 14 27 L
15 20 17 20 D
15 21 0 14 U
15 22 14 22 D
15 23 0 15 U
15 25 7 16 D
15 26 11 26 L
15 27 10 13 U
15 28 5 28 L
15 29 12 11 U
15 30 16 30 L
15 31 13 31 L
15 32 7 32 L
16 0 11 22 D
16 1 10 23 D
16 2 0 32 L
16 3 4 13 U
16 4 13 27 L
16 5 4 5 R
16 6 16 6 R
16 7 10 16 D
16 8 7 3 R
16 9 6 9 U
16 10 12 28 L
16 11 16 3 R
16 12 17 27 L
16 13 12 13 U
16 14 1 14 U
16 15 16 15 U
16 16 15 25 L
16 17 16 7 R
16 18 0 13 U
16 19 0 10 U
16 20 15 26 L
16 21 9 21 D
16 22 11 5 R
16 23 14 23 D
16 25 15 19 D
16 26 14 9 U
16 27 14 20 D
16 28 5 9 U
16 29 15 29 L
16 30 6 16 D
16 31 13 9 U
16 32 2 18 D
17 0 15 18 D
17 1 14 16 D
17 2 13 2 R
17 3 8 11 U
17 4 17 4 R
17 5 15 8 U
17 6 12 6 R
17 7 11 29 L
17 8 10 26 L
17 9 15 2 R
17 10 16 31 L
17 11 0 1 R
17 12 18 12 U
17 13 0 18 D
17 14 16 14 U
17 15 21 1 R
17 16 8 6 R
17 17 15 17 D
17 18 13 25 L
17 19 19 19 D
17 20 19 25 L
17 21 17 7 R
17 23 12 23 D
17 25 12 13 U
17 26 16 26 L
17 27 14 19 D
17 28 0 6 R
17 29 1 14 U
17 30 15 10 U
17 31 11 31 L
17 32 15 17 D
18 0 9 17 D
18 1 0 30 L
18 2 17 2 R
18 3 14 9 U
18 4 15 4 R
18 5 14 5 R
18 6 13 9 U
18 7 18 7 R
18 8 10 17 D
18 9 11 9 U
18 10 11 3 R
18 11 16 11 U
18 12 15 12 U
18 13 18 2 R
18 15 20 0 R
18 16 17 31 L
18 17 8 31 L
18 18 13 1 R
18 19 17 19 D
18 20 21 20 D
18 21 17 21 D
18 23 5 23 D
18 25 3 11 U
18 26 14 10 U
18 27 19 23 D
18 28 16 28 L
18 29 18 29 L
18 30 18 30 L
18 31 16 0 R
18 32 13 20 D
19 0 0 32 L
19 1 13 1 R
19 2 12 9 U
19 3 12 3 R
19 4 13 4 R
19 5 16 19 D
19 6 15 6 R
19 7 19 7 R
19 8 12 29 L
19 9 9 25 L
19 10 17 30 L
19 11 14 1 R
19 12 19 12 U
19 15 21 15 U
19 16 8 5 R
19 17 17 26 L
19 18 12 29 L
19 19 6 19 D
19 20 20 25 L
19 23 0 2 R
19 25 15 8 U
19 26 10 11 U
19 27 8 17 D
19 28 8 28 L
19 29 17 29 L
19 30 17 18 D
19 31 16 31 L
19 32 18 8 U
20 0 21 0 R
20 1 14 1 R
20 2 1 9 U
20 3 14 27 L
20 4 18 25 L
20 5 16 18 D
20 6 18 6 R
20 7 11 7 R
20 8 13 6 R
20 9 14 9 U
20 12 7 12 U
20 15 23 30 L
20 16 16 28 L
20 17 13 3 R
20 18 19 18 D
20 19 18 19 D
20 23 20 23 D
20 25 16 16 D
20 26 20 20 D
20 27 20 27 L
20 28 17 28 L
20 29 0 8 U
20 30 20 19 D
20 31 5 31 L
20 32 23 16 D
21 0 21 15 U
21 1 10 1 R
21 2 18 2 R
21 3 20 3 R
21 4 23 4 R
21 5 22 5 R
21 6 14 14 U
21 7 18 15 U
21 8 17 6 R
21 9 10 9 U
21 12 14 12 U
21 15 22 15 U
21 16 20 16 D
21 17 0 7 R
21 18 21 18 D
21 19 10 19 D
21 23 19 23 D
21 25 21 15 U
21 26 20 26 L
21 27 20 3 R
21 28 18 28 L
21 29 19 29 L
21 30 19 30 L
21 31 19 31 L
21 32 22 32 L
22 0 4 18 D
22 1 4 9 U
22 2 8 26 L
22 3 19 3 R
22 4 20 4 R
22 5 16 5 R
22 7 22 16 D
22 8 18 3 R
22 9 11 29 L
22 15 23 15 U
22 16 18 5 R
22 17 16 17 D
22 18 6 25 L
22 19 2 7 R
22 25 4 15 U
22 26 17 21 D
22 27 4 27 L
22 28 15 16 D
22 29 18 8 U
22 30 10 30 L
22 31 12 9 U
22 32 21 0 R
23 0 22 0 R
23 1 23 13 U
23 2 22 2 R
23 3 9 3 R
23 5 21 5 R
23 7 22 7 R
23 8 17 32 L
23 9 19 0 R
23 15 17 15 U
23 16 22 4 R
23 17 21 17 D
23 18 19 27 L
23 25 19 19 D
23 27 12 27 L
23 29 13 29 L
23 30 0 1 R
23 32 21 32 L
24 0 12 0 R
24 3 21 3 R
24 8 1 32 L
24 17 22 3 R
24 18 16 18 D
24 25 13 8 U
24 27 22 27 L
24 32 19 32 L

