19 22 394
1 0 0 3 0 1 18 18 0 17 7 0 16 16 15
3 4 15 17 5 3 15 10 0 6 0 12 0 6 16
7 8 15 0 18 0 17 8 15 3 0 0 14 13 0
0 6 0 16 0 17 0 18 11 0 7 0 0 17 16
15 0 14 14 0 12 0 0 0 14 18 0 5 0 13
2 5 0 11 15 14 0 0 0 14 9 11 0 17 7
9 0 0 0 16 10 0 0 18 12 8 9 0 0 0
16 13 17 16 0 0 14 0 16 0 17 0 18 18 0
4 0 0 0 11 6 11 0 18 13 0 13 17 9 15
0 0 11 0 8 0 14 4 8 0 16 13 0 0 14
17 0 0 5 17 9 0 7 13 9 9 9 0 0 0
3 5 13 10 0 8 1 0 0 0 8 0 0 6 0
12 0 0 0 0 0 0 0 13 0 0 14 0 15 13
7 0 12 12 16 0 0 16 0 18 17 18 17 1 0
2 9 12 0 14 2 7 0 2 3 0 17 18 0 12
0 0 0 0 D
0 1 0 1 D
0 2 0 2 D
0 3 0 3 D
0 4 0 4 D
0 5 0 5 D
0 6 0 6 R
0 7 0 7 R
0 8 0 8 R
0 9 0 9 R
0 10 0 10 R
0 11 0 11 U
0 12 0 12 U
0 13 0 13 U
0 14 0 14 U
0 15 0 15 U
0 16 0 16 U
0 17 0 17 L
0 18 0 18 L
0 19 0 19 L
0 20 0 20 L
0 21 0 21 L
1 0 0 6 R
1 1 0 17 L
1 2 0 7 R
1 3 0 6 R
1 4 5 13 U
1 5 0 16 U
1 6 0 17 L
1 7 0 11 U
1 8 0 13 U
1 9 0 21 L
1 10 1 3 D
1 11 0 0 D
1 12 0 17 L
1 13 0 19 L
1 14 0 6 R
1 15 2 9 R
1 16 6 9 R
1 17 0 0 D
1 18 0 12 U
1 19 0 11 U
1 20 2 14 U
1 21 0 1 D
2 0 0 7 R
2 1 0 8 R
2 2 2 2 D
2 3 1 3 D
2 4 8 4 D
2 5 6 5 D
2 6 1 6 R
2 7 0 15 U
2 8 1 8 R
2 9 2 9 R
2 10 2 10 R
2 11 0 18 L
2 12 1 12 U
2 13 1 20 L
2 14 2 14 U
2 15 0 20 L
2 16 9 16 U
2 17 0 11 U
2 18 0 1 D
2 19 2 19 L
2 20 0 2 D
2 21 2 21 L
3 0 0 9 R
3 1 2 1 D
3 2 4 20 L
3 3 2 3 D
3 4 7 4 D
3 5 5 5 D
3 6 3 6 R
3 7 1 3 D
3 8 0 11 U
3 9 0 18 L
3 10 1 10 R
3 11 2 11 U
3 12 0 1 D
3 13 2 7 R
3 14 3 14 U
3 15 5 0 D
3 16 10 16 U
3 17 0 15 U
3 18 0 7 R
3 19 0 14 U
3 20 4 20 L
3 21 1 10 R
4 0 0 18 L
4 1 0 19 L
4 2 1 2 D
4 3 2 19 L
4 4 6 4 D
4 5 6 12 U
4 6 0 12 U
4 7 0 3 D
4 8 2 8 R
4 9 4 9 R
4 10 0 18 L
4 11 0 9 R
4 12 3 9 R
4 13 5 13 U
4 14 0 0 D
4 15 8 15 U
4 16 6 20 L
4 17 1 12 U
4 18 3 18 L
4 19 0 12 U
4 20 1 1 D
4 21 3 21 L
5 0 2 10 R
5 1 0 20 L
5 2 2 8 R
5 3 4 3 D
5 4 2 4 D
5 5 14 5 D
5 6 6 6 R
5 7 4 0 D
5 8 3 1 D
5 9 0 2 D
5 10 6 10 R
5 11 0 7 R
5 12 1 8 R
5 13 4 1 D
5 14 0 10 R
5 15 6 15 U
5 16 1 16 U
5 17 3 17 L
5 18 3 3 D
5 19 1 19 L
5 20 7 0 D
5 21 10 15 U
6 0 2 13 U
6 1 4 18 L
6 2 6 2 D
6 3 1 19 L
6 4 0 19 L
6 5 13 5 D
6 6 5 6 R
6 7 3 7 R
6 8 0 0 D
6 9 5 13 U
6 10 3 10 R
6 11 6 11 U
6 12 4 12 U
6 13 8 7 R
6 14 8 14 U
6 15 9 7 R
6 16 2 21 L
6 17 1 17 L
6 18 2 1 D
6 19 4 0 D
6 20 5 20 L
6 21 4 21 L
7 0 5 18 L
7 1 3 8 R
7 2 0 21 L
7 3 0 9 R
7 4 5 4 D
7 5 16 5 D
7 6 5 17 L
7 7 1 0 D
7 8 6 8 R
7 9 3 9 R
7 10 1 1 D
7 11 0 6 R
7 12 3 12 U
7 13 1 13 U
7 14 5 14 U
7 15 5 15 U
7 16 10 20 L
7 17 0 3 D
7 18 4 3 D
7 19 3 12 U
7 20 1 3 D
7 21 5 14 U
8 0 7 18 L
8 1 4 9 R
8 2 9 2 D
8 3 6 3 D
8 4 8 16 U
8 5 15 5 D
8 6 7 6 R
8 7 4 15 U
8 8 4 8 R
8 9 0 14 U
8 10 9 11 U
8 11 5 2 D
8 12 4 7 R
8 13 4 13 U
8 14 7 7 R
8 15 6 1 D
8 16 7 16 U
8 17 7 11 U
8 18 5 14 U
8 19 3 4 D
8 20 8 20 L
8 21 9 21 L
9 0 1 12 U
9 1 3 18 L
9 2 3 2 D
9 3 3 7 R
9 4 3 4 D
9 5 12 5 D
9 6 2 3 D
9 7 4 11 U
9 8 5 8 R
9 9 8 21 L
9 10 10 10 R
9 11 2 20 L
9 12 5 6 R
9 13 3 7 R
9 14 4 17 L
9 15 9 15 U
9 16 3 16 U
9 17 3 8 R
9 18 6 1 D
9 19 5 15 U
9 20 10 12 U
9 21 5 2 D
10 0 10 0 D
10 1 9 10 R
10 2 8 11 U
10 3 8 3 D
10 4 4 4 D
10 5 12 7 R
10 6 4 6 R
10 7 6 1 D
10 8 9 8 R
10 9 5 4 D
10 10 0 2 D
10 11 3 1 D
10 12 2 12 U
10 13 6 13 U
10 14 2 10 R
10 15 0 3 D
10 16 6 16 U
10 17 9 17 L
10 18 9 16 U
10 19 7 19 L
10 20 9 20 L
10 21 2 15 U
11 0 2 6 R
11 1 10 18 L
11 2 11 2 D
11 3 0 10 R
11 4 11 4 D
11 5 9 7 R
11 6 5 21 L
11 7 7 0 D
11 8 3 12 U
11 9 0 1 D
11 10 0 13 U
11 11 7 9 R
11 12 4 19 L
11 13 2 8 R
11 14 6 7 R
11 15 11 15 U
11 16 0 2 D
11 17 8 14 U
11 18 10 2 D
11 19 11 4 D
11 20 10 11 U
11 21 14 2 D
12 0 1 17 L
12 1 1 18 L
12 2 14 7 R
12 3 7 10 R
12 4 0 9 R
12 5 17 21 L
12 6 10 0 D
12 7 8 7 R
12 8 11 8 R
12 9 2 16 U
12 10 4 0 D
12 11 3 8 R
12 12 15 17 L
12 13 13 21 L
12 14 10 0 D
12 15 6 18 L
12 16 15 16 U
12 17 0 16 U
12 18 9 7 R
12 19 3 0 D
12 20 0 5 D
12 21 14 13 U
13 0 4 17 L
13 1 13 1 D
13 2 10 2 D
13 4 13 4 D
13 5 18 5 D
13 6 9 1 D
13 7 10 7 R
13 8 14 1 D
13 9 0 16 U
13 10 7 10 R
13 11 12 11 U
13 12 14 12 U
13 13 13 18 L
13 14 15 14 U
13 15 12 15 U
13 16 11 16 U
13 17 0 6 R
13 18 13 18 L
13 19 11 19 L
13 20 0 6 R
13 21 1 4 D
14 0 8 8 R
14 1 10 11 U
14 2 2 21 L
14 4 12 4 D
14 5 17 5 D
14 6 8 6 R
14 7 0 19 L
14 8 13 8 R
14 9 16 5 D
14 10 11 10 R
14 11 9 19 L
14 12 12 12 U
14 13 12 13 U
14 14 10 14 U
14 16 4 16 U
14 17 15 17 L
14 18 12 18 L
14 19 8 12 U
14 20 12 20 L
14 21 6 21 L
15 0 14 17 L
15 1 14 1 D
15 2 12 7 R
15 4 10 4 D
15 5 7 5 D
15 6 15 6 R
15 7 12 2 D
15 8 14 8 R
15 9 0 5 D
15 10 15 13 U
15 11 7 4 D
15 12 14 17 L
15 13 13 8 R
15 14 0 8 R
15 17 13 8 R
15 18 6 18 L
15 19 3 11 U
15 20 1 20 L
15 21 15 11 U
16 0 11 10 R
16 1 11 14 U
16 4 3 8 R
16 5 11 5 D
16 6 6 5 D
16 7 12 13 U
16 8 5 21 L
16 9 7 9 R
16 10 12 10 R
16 11 12 6 R
16 12 15 12 U
16 13 10 10 R
16 14 0 18 L
16 17 15 1 D
16 18 3 13 U
16 19 16 19 L
16 20 7 11 U
16 21 10 21 L
17 0 4 0 D
17 1 18 1 D
17 6 0 5 D
17 7 0 1 D
17 8 16 14 U
17 9 12 9 R
17 10 13 10 R
17 11 2 17 L
17 12 17 17 L
17 13 2 19 L
17 14 13 14 U
17 17 10 13 U
17 18 11 13 U
17 19 12 19 L
17 20 7 20 L
17 21 7 8 R
18 1 9 6 R
18 6 13 1 D
18 7 11 7 R
18 8 8 15 U
18 9 16 9 R
18 10 7 4 D
18 11 5 20 L
18 12 5 19 L
18 14 14 14 U
18 17 16 6 R
18 18 11 18 L
18 19 8 19 L
18 20 10 20 L
18 21 15 21 L

