30 44 1210
27 0 0 0 0 25 6 16 16 27 8 0 5 0 4 2 3 2 6 1
1 27 0 23 28 26 24 14 0 22 10 0 0 0 0 0 21 1 17 9
4 0 17 2 24 24 18 16 22 28 27 0 0 26 19 25 25 24 12 14
18 20 0 7 25 14 24 0 0 26 0 0 21 11 26 0 25 18 24 3
2 0 19 0 20 24 27 28 0 16 17 14 0 10 0 2 2 0 0 16
14 0 22 0 23 25 0 18 0 28 0 27 17 0 0 19 0 13 0 19
17 22 0 22 24 25 21 26 0 0 0 21 15 26 24 23 5 0 4 0
23 13 0 22 28 27 0 26 23 23 24 25 0 0 26 0 21 27 27 3
13 24 20 11 27 23 0 23 14 13 19 0 17 20 0 18 28 10 0 19
0 23 22 21 17 2 26 23 20 7 20 0 20 0 24 20 0 0 24 6
0 22 24 10 26 0 24 23 0 29 18 0 23 22 0 0 17 18 12 16
22 0 0 26 24 20 0 0 21 0 22 26 24 27 6 9 0 0 0 4
28 0 0 0 23 28 24 0 25 0 24 24 0 0 0 21 24 19 0 16
0 21 24 18 25 0 0 16 6 20 28 28 25 22 0 24 0 16 27 0
14 0 12 25 16 21 24 0 20 27 0 25 0 0 23 15 22 26 11 16
21 20 28 27 0 26 0 25 24 27 0 5 0 0 26 20 10 23 10 26
14 24 28 3 24 21 0 11 0 25 0 20 23 12 0 6 0 0 3 22
4 8 10 14 23 0 24 13 27 23 26 28 0 21 0 22 6 17 1 9
0 25 0 16 11 28 27 10 11 24 0 0 0 20 14 6 10 0 1 0
7 9 13 8 0 8 26 4 12 28 25 0 26 18 0 28 1 11 4 7
0 0 0 0 D
0 1 0 1 D
0 2 0 2 D
0 3 0 3 D
0 4 0 4 D
0 5 0 5 D
0 6 0 6 D
0 7 0 7 D
0 8 0 8 D
0 9 0 9 D
0 10 0 10 D
0 11 0 11 R
0 12 0 12 R
0 13 0 13 R
0 14 0 14 R
0 15 0 15 R
0 16 0 16 R
0 17 0 17 R
0 18 0 18 R
0 19 0 19 R
0 20 0 20 R
0 21 0 21 R
0 22 0 22 U
0 23 0 23 U
0 24 0 24 U
0 25 0 25 U
0 26 0 26 U
0 27 0 27 U
0 28 0 28 U
0 29 0 29 U
0 30 0 30 U
0 31 0 31 U
0 32 0 32 U
0 33 0 33 L
0 34 0 34 L
0 35 0 35 L
0 36 0 36 L
0 37 0 37 L
0 38 0 38 L
0 39 0 39 L
0 40 0 40 L
0 41 0 41 L
0 42 0 42 L
0 43 0 43 L
1 0 0 22 U
1 1 0 11 R
1 2 0 33 L
1 3 0 36 L
1 4 1 14 R
1 5 0 14 R
1 6 0 25 U
1 7 0 40 L
1 8 3 18 R
1 9 0 43 L
1 10 0 14 R
1 11 0 0 D
1 12 0 33 L
1 13 0 34 L
1 14 0 35 L
1 15 1 24 U
1 16 0 38 L
1 17 0 27 U
1 18 0 40 L
1 19 0 42 L
1 20 1 29 U
1 21 0 28 U
1 22 0 33 L
1 23 0 1 D
1 24 0 35 L
1 25 0 3 D
1 26 0 5 D
1 27 0 4 D
1 28 2 38 L
1 29 2 19 R
1 30 4 21 R
1 31 5 15 R
1 32 7 15 R
1 33 0 1 D
1 34 2 0 D
1 35 0 23 U
1 36 0 2 D
1 37 2 25 U
1 38 0 4 D
1 39 0 27 U
1 40 0 28 U
1 41 3 28 U
1 42 2 8 D
1 43 0 20 R
2 0 1 0 D
2 1 0 23 U
2 2 0 24 U
2 3 3 15 R
2 4 4 4 D
2 5 1 5 D
2 6 4 6 D
2 7 2 16 R
2 8 4 8 D
2 9 2 9 D
2 10 4 10 D
2 11 0 22 U
2 12 1 12 R
2 13 2 13 R
2 14 2 14 R
2 15 2 15 R
2 16 2 16 R
2 17 1 17 R
2 18 4 18 R
2 19 3 19 R
2 20 0 28 U
2 21 1 21 R
2 22 0 12 R
2 23 0 11 R
2 24 0 14 R
2 25 3 25 U
2 26 2 26 U
2 27 4 27 U
2 28 3 18 R
2 29 1 29 U
2 30 2 30 U
2 31 7 31 U
2 32 4 32 U
2 33 0 0 D
2 34 2 34 L
2 35 0 24 U
2 36 2 36 L
2 37 3 37 L
2 38 4 38 L
2 39 1 39 L
2 40 3 40 L
2 41 1 41 L
2 42 2 42 L
2 43 4 43 L
3 0 0 34 L
3 1 2 1 D
3 2 2 2 D
3 3 1 3 D
3 4 0 13 R
3 5 0 39 L
3 6 3 6 D
3 7 3 7 D
3 8 4 20 R
3 9 6 35 L
3 10 1 10 D
3 11 0 37 L
3 12 0 0 D
3 13 1 13 R
3 14 0 25 U
3 15 1 15 R
3 16 4 16 R
3 17 2 17 R
3 18 0 7 D
3 19 4 19 R
3 20 4 8 D
3 21 3 39 L
3 22 0 13 R
3 23 3 12 R
3 24 0 3 D
3 25 0 38 L
3 26 1 26 U
3 27 0 5 D
3 28 1 20 R
3 29 2 29 U
3 30 5 19 R
3 31 6 31 U
3 32 7 32 U
3 33 0 2 D
3 34 1 23 U
3 35 4 4 D
3 36 3 24 U
3 37 2 37 L
3 38 1 38 L
3 39 3 26 U
3 40 3 7 D
3 41 2 41 L
3 42 1 42 L
3 43 3 43 L
4 0 0 12 R
4 1 0 22 U
4 2 0 36 L
4 3 1 34 L
4 4 0 16 R
4 5 0 17 R
4 6 1 6 D
4 7 0 41 L
4 8 0 21 R
4 9 7 9 D
4 10 6 10 D
4 11 4 11 R
4 12 0 24 U
4 13 0 2 D
4 14 0 6 D
4 15 0 39 L
4 16 0 7 D
4 17 3 17 R
4 18 1 18 R
4 19 2 19 R
4 20 2 20 R
4 21 4 38 L
4 22 3 11 R
4 23 1 23 U
4 24 3 1 D
4 25 0 15 R
4 26 0 14 R
4 27 3 27 U
4 28 3 43 L
4 29 0 8 D
4 30 6 30 U
4 31 3 31 U
4 32 6 32 U
4 33 0 22 U
4 34 0 3 D
4 35 0 26 U
4 36 4 36 L
4 37 1 37 L
4 38 0 5 D
4 39 0 9 D
4 40 2 40 L
4 41 7 0 D
4 42 3 42 L
4 43 0 29 U
5 0 4 17 R
5 1 4 36 L
5 2 2 25 U
5 3 3 11 R
5 4 7 14 R
5 5 1 18 R
5 6 3 23 U
5 7 7 28 U
5 8 0 23 U
5 9 1 12 R
5 10 2 10 D
5 11 3 11 R
5 12 2 7 D
5 13 3 24 U
5 14 5 14 R
5 15 3 33 L
5 16 6 40 L
5 17 1 30 U
5 18 0 4 D
5 19 2 28 U
5 20 0 5 D
5 21 2 21 R
5 22 0 0 D
5 23 3 33 L
5 24 0 39 L
5 25 3 12 R
5 26 6 12 R
5 27 0 11 R
5 28 0 43 L
5 29 0 0 D
5 30 5 30 U
5 31 2 18 R
5 32 5 35 L
5 33 1 1 D
5 34 0 11 R
5 35 4 26 U
5 36 5 22 U
5 37 5 0 D
5 38 2 23 U
5 39 2 27 U
5 40 0 31 U
5 41 8 41 L
5 42 8 24 U
5 43 5 43 L
6 0 1 13 R
6 1 4 23 U
6 2 6 2 D
6 3 7 3 D
6 4 7 4 D
6 5 2 39 L
6 6 2 6 D
6 7 7 7 D
6 8 8 8 D
6 9 3 9 D
6 10 5 10 D
6 11 1 23 U
6 12 3 24 U
6 13 0 36 L
6 14 4 14 R
6 15 5 38 L
6 16 0 39 L
6 17 0 10 D
6 18 3 5 D
6 19 5 19 R
6 20 4 2 D
6 21 3 21 R
6 22 3 22 U
6 23 0 2 D
6 24 3 17 R
6 25 6 25 U
6 26 5 26 U
6 27 5 27 U
6 28 4 20 R
6 29 6 29 U
6 30 3 15 R
6 31 2 31 U
6 32 2 32 U
6 33 3 6 D
6 34 2 2 D
6 35 0 13 R
6 36 5 36 L
6 37 1 22 U
6 38 2 4 D
6 39 4 9 D
6 40 5 32 U
6 41 6 41 L
6 42 6 42 L
6 43 0 8 D
7 0 3 0 D
7 1 2 17 R
7 2 7 35 L
7 3 4 37 L
7 4 4 38 L
7 5 1 40 L
7 6 6 11 R
7 7 6 7 D
7 8 8 20 R
7 9 5 9 D
7 10 5 18 R
7 11 0 26 U
7 12 7 12 R
7 13 5 25 U
7 14 6 14 R
7 15 6 30 U
7 16 5 16 R
7 17 4 3 D
7 18 2 40 L
7 19 6 19 R
7 20 4 20 R
7 21 8 21 R
7 22 5 16 R
7 23 4 4 D
7 24 0 37 L
7 25 7 13 R
7 26 4 37 L
7 27 6 15 R
7 28 5 28 U
7 29 1 12 R
7 30 3 30 U
7 31 5 4 D
7 32 8 32 U
7 33 0 30 U
7 34 0 12 R
7 35 7 22 U
7 36 5 3 D
7 37 5 6 D
7 38 2 5 D
7 39 2 10 D
7 40 2 0 D
7 41 5 41 L
7 42 8 42 L
7 43 7 25 U
8 0 0 11 R
8 1 7 40 L
8 2 7 43 L
8 3 6 17 R
8 4 1 13 R
8 5 0 29 U
8 6 3 41 L
8 7 5 7 D
8 9 7 19 R
8 10 0 27 U
8 11 0 31 U
8 12 7 33 L
8 13 0 29 U
8 14 0 22 U
8 15 6 22 U
8 16 5 26 U
8 17 2 37 L
8 18 13 4 D
8 19 6 39 L
8 20 1 20 R
8 21 2 27 U
8 22 7 22 U
8 23 4 13 R
8 24 0 19 R
8 25 6 21 R
8 26 0 42 L
8 27 4 41 L
8 28 16 18 R
8 29 8 29 U
8 30 6 33 L
8 31 1 31 U
8 32 3 16 R
8 33 5 7 D
8 34 4 24 U
8 35 0 18 R
8 36 6 2 D
8 37 6 32 U
8 38 1 8 D
8 39 4 4 D
8 40 6 40 L
8 41 7 41 L
8 42 3 32 U
8 43 7 43 L
9 0 4 19 R
9 1 8 11 R
9 2 7 14 R
9 3 9 3 D
9 4 9 42 L
9 5 13 5 D
9 6 10 6 D
9 7 7 37 L
9 9 17 11 R
9 10 12 10 D
9 11 2 9 D
9 12 5 0 D
9 13 9 1 D
9 14 0 43 L
9 15 8 15 R
9 16 10 34 L
9 17 10 17 R
9 18 10 29 U
9 19 8 19 R
9 20 2 34 L
9 21 7 21 R
9 22 0 41 L
9 23 7 12 R
9 24 4 36 L
9 25 9 34 L
9 26 1 39 L
9 27 0 21 R
9 28 13 28 U
9 29 2 14 R
9 30 7 30 U
9 31 0 13 R
9 32 0 17 R
9 33 7 7 D
9 34 4 13 R
9 35 12 24 U
9 36 5 23 U
9 37 4 11 R
9 38 2 29 U
9 39 9 39 L
9 40 7 0 D
9 41 0 3 D
9 42 0 23 U
9 43 0 7 D
10 0 6 33 L
10 1 4 12 R
10 2 11 2 D
10 3 9 33 L
10 4 4 11 R
10 5 14 5 D
10 6 10 35 L
10 7 8 7 D
10 9 14 9 D
10 10 11 10 D
10 11 2 22 U
10 12 10 12 R
10 13 9 2 D
10 14 8 14 R
10 15 9 15 R
10 16 10 16 R
10 17 12 17 R
10 18 11 18 R
10 19 0 41 L
10 20 12 20 R
10 21 0 38 L
10 22 4 1 D
10 23 2 16 R
10 24 6 21 R
10 25 10 25 U
10 26 13 18 R
10 27 13 12 R
10 28 16 28 U
10 29 12 29 U
10 30 4 30 U
10 31 8 18 R
10 32 10 32 U
10 33 3 0 D
10 34 9 31 U
10 35 13 35 L
10 36 8 36 L
10 37 10 37 L
10 38 12 38 L
10 39 10 39 L
10 40 9 40 L
10 41 9 32 U
10 42 9 42 L
10 43 6 43 L
11 0 8 17 R
11 1 10 1 D
11 2 10 2 D
11 3 10 19 R
11 4 4 34 L
11 5 12 5 D
11 6 10 13 R
11 7 0 11 R
11 9 13 9 D
11 10 9 10 D
11 11 6 7 D
11 12 9 30 U
11 13 12 23 U
11 14 1 14 R
11 15 0 24 U
11 16 0 36 L
11 17 11 17 R
11 18 12 18 R
11 19 10 19 R
11 20 11 20 R
11 21 11 21 R
11 22 9 22 U
11 23 3 3 D
11 24 12 24 U
11 25 8 25 U
11 26 17 17 R
11 27 13 16 R
11 28 12 28 U
11 29 0 38 L
11 30 0 36 L
11 31 14 13 R
11 32 11 32 U
11 33 7 33 L
11 34 11 23 U
11 35 2 35 L
11 36 3 36 L
11 37 10 3 D
11 38 9 0 D
11 39 11 39 L
11 40 11 40 L
11 41 6 30 U
11 42 10 42 L
11 43 15 32 U
12 0 10 16 R
12 1 9 1 D
12 2 10 20 R
12 3 10 33 L
12 4 11 4 D
12 5 11 5 D
12 6 11 6 D
12 7 11 43 L
12 9 16 9 D
12 10 0 24 U
12 11 0 3 D
12 12 11 24 U
12 13 13 13 R
12 14 9 14 R
12 15 11 15 R
12 16 12 16 R
12 17 4 17 R
12 18 12 26 U
12 19 13 19 R
12 20 3 20 R
12 21 11 24 U
12 22 0 40 L
12 23 10 23 U
12 24 12 11 R
12 25 11 14 R
12 26 13 39 L
12 27 15 27 U
12 28 17 28 U
12 29 4 18 R
12 30 6 36 L
12 31 11 31 U
12 32 13 32 U
12 33 2 33 L
12 34 13 34 L
12 35 6 35 L
12 36 10 30 U
12 37 11 37 L
12 38 14 38 L
12 39 12 39 L
12 40 10 40 L
12 41 8 3 D
12 42 5 42 L
12 43 15 43 L
13 0 3 36 L
13 1 5 38 L
13 2 12 37 L
13 3 0 35 L
13 4 3 4 D
13 5 2 34 L
13 6 15 35 L
13 7 15 7 D
13 9 12 9 D
13 10 17 10 D
13 11 6 3 D
13 12 12 12 R
13 13 12 13 R
13 14 10 14 R
13 15 3 15 R
13 16 7 16 R
13 17 8 17 R
13 18 3 1 D
13 19 11 19 R
13 20 9 20 R
13 21 6 21 R
13 22 8 19 R
13 23 12 13 R
13 24 11 36 L
13 25 9 25 U
13 26 17 36 L
13 27 11 43 L
13 28 10 28 U
13 29 13 29 U
13 30 13 30 U
13 31 12 31 U
13 32 12 21 R
13 33 9 4 D
13 34 9 6 D
13 35 13 0 D
13 36 12 27 U
13 37 6 0 D
13 38 10 38 L
13 39 13 39 L
13 40 8 40 L
13 41 0 25 U
13 42 12 25 U
13 43 13 43 L
14 0 10 15 R
14 1 11 1 D
14 2 14 2 D
14 3 18 13 R
14 4 13 4 D
14 5 8 5 D
14 6 6 6 D
14 7 12 38 L
14 9 17 9 D
14 10 16 10 D
14 11 3 23 U
14 12 0 23 U
14 13 0 40 L
14 14 2 26 U
14 15 14 5 D
14 16 0 6 D
14 17 0 0 D
14 18 14 18 R
14 19 12 22 U
14 20 10 1 D
14 21 7 24 U
14 22 10 14 R
14 23 12 19 R
14 24 15 18 R
14 25 6 38 L
14 26 11 15 R
14 27 11 27 U
14 28 18 28 U
14 29 11 12 R
14 30 14 16 R
14 31 14 31 U
14 32 16 32 U
14 33 1 4 D
14 34 15 34 L
14 35 3 35 L
14 36 12 22 U
14 37 11 32 U
14 38 0 0 D
14 39 11 1 D
14 40 8 1 D
14 41 16 3 D
14 42 0 6 D
14 43 14 43 L
15 0 12 12 R
15 1 4 39 L
15 2 15 2 D
15 3 18 26 U
15 4 3 43 L
15 5 11 11 R
15 6 16 6 D
15 7 20 7 D
15 9 1 9 D
15 10 10 10 D
15 11 10 27 U
15 12 14 12 R
15 13 10 5 D
15 14 3 14 R
15 15 18 1 D
15 16 8 16 R
15 17 11 25 U
15 18 17 18 R
15 19 12 19 R
15 20 6 20 R
15 21 13 21 R
15 22 10 39 L
15 23 9 17 R
15 24 5 42 L
15 25 9 43 L
15 26 13 36 L
15 27 9 43 L
15 28 14 28 U
15 29 8 20 R
15 30 14 30 U
15 31 13 31 U
15 32 14 32 U
15 33 9 33 L
15 34 4 34 L
15 35 15 35 L
15 36 11 36 L
15 37 13 31 U
15 38 9 38 L
15 39 10 25 U
15 40 16 9 D
15 41 17 41 L
15 42 7 42 L
15 43 11 32 U
16 0 0 19 R
16 1 17 1 D
16 2 13 33 L
16 3 15 42 L
16 4 2 13 R
16 5 16 13 R
16 6 13 6 D
16 7 24 7 D
16 9 18 9 D
16 10 2 12 R
16 11 2 23 U
16 12 0 2 D
16 13 2 2 D
16 14 13 22 U
16 15 17 15 R
16 16 7 43 L
16 17 8 27 U
16 18 18 3 D
16 19 7 0 D
16 20 16 26 U
16 21 15 21 R
16 22 14 12 R
16 23 8 33 L
16 24 15 24 U
16 25 4 19 R
16 26 18 16 R
16 27 12 27 U
16 28 16 7 D
16 29 0 34 L
16 30 12 30 U
16 31 15 33 L
16 32 0 37 L
16 33 4 10 D
16 34 8 11 R
16 35 14 1 D
16 36 18 5 D
16 37 12 37 L
16 38 15 38 L
16 39 8 0 D
16 40 18 40 L
16 41 11 41 L
16 42 8 26 U
16 43 10 26 U
17 0 6 38 L
17 1 18 24 U
17 2 13 38 L
17 3 18 16 R
17 4 6 4 D
17 5 17 5 D
17 6 17 6 D
17 7 23 7 D
17 9 16 20 R
17 10 10 15 R
17 11 15 3 D
17 12 18 1 D
17 13 0 39 L
17 14 18 14 R
17 15 14 15 R
17 16 13 38 L
17 17 13 17 R
17 18 16 18 R
17 19 16 19 R
17 20 15 20 R
17 21 14 21 R
17 22 18 34 L
17 23 16 14 R
17 24 14 24 U
17 25 11 25 U
17 26 14 18 R
17 27 13 34 L
17 28 15 40 L
17 29 16 29 U
17 30 18 13 R
17 31 15 31 U
17 32 17 32 U
17 33 4 0 D
17 34 3 1 D
17 35 13 25 U
17 36 17 26 U
17 37 18 37 L
17 38 0 25 U
17 39 14 26 U
17 40 12 40 L
17 41 14 41 L
17 42 12 42 L
17 43 12 18 R
18 0 7 12 R
18 1 6 13 R
18 2 14 11 R
18 3 17 18 R
18 4 10 37 L
18 5 18 19 R
18 6 15 6 D
18 7 14 7 D
18 9 4 9 D
18 10 16 14 R
18 11 5 4 D
18 12 16 6 D
18 13 17 10 D
18 14 17 14 R
18 15 18 30 U
18 16 3 3 D
18 17 15 17 R
18 18 14 30 U
18 19 17 19 R
18 20 7 20 R
18 21 12 10 D
18 22 17 22 U
18 23 15 35 L
18 24 16 34 L
18 25 9 13 R
18 26 12 40 L
18 27 20 27 U
18 28 9 13 R
18 29 14 29 U
18 30 9 30 U
18 31 0 10 D
18 32 16 37 L
18 33 15 31 U
18 34 16 29 U
18 35 2 26 U
18 36 15 26 U
18 37 17 37 L
18 38 14 28 U
18 39 4 39 L
18 40 15 28 U
18 41 19 28 U
18 42 15 42 L
18 43 18 43 L
19 0 5 33 L
19 1 18 39 L
19 2 19 16 R
19 3 20 3 D
19 4 0 40 L
19 5 12 13 R
19 6 16 42 L
19 7 22 12 R
19 9 18 12 R
19 10 13 12 R
19 11 15 5 D
19 12 0 34 L
19 13 17 13 R
19 14 15 36 L
19 15 18 5 D
19 16 12 38 L
19 17 14 35 L
19 18 20 6 D
19 19 0 33 L
19 20 15 9 D
19 21 18 29 U
19 22 18 19 R
19 23 19 17 R
19 24 13 15 R
19 25 21 11 R
19 27 18 27 U
19 28 20 28 U
19 29 19 29 U
19 30 17 11 R
19 31 19 14 R
19 32 11 17 R
19 33 5 5 D
19 34 9 34 L
19 35 2 1 D
19 36 15 0 D
19 37 10 11 R
19 38 20 31 U
19 39 13 28 U
19 40 13 22 U
19 41 18 41 L
19 42 10 9 D
19 43 21 1 D
20 0 16 40 L
20 1 20 34 L
20 2 20 38 L
20 3 21 41 L
20 4 24 4 D
20 5 18 5 D
20 6 18 6 D
20 7 21 11 R
20 9 8 41 L
20 10 0 16 R
20 11 9 31 U
20 12 19 12 R
20 13 20 24 U
20 14 21 23 U
20 15 7 15 R
20 16 20 16 R
20 17 0 36 L
20 18 19 18 R
20 19 15 19 R
20 20 10 20 R
20 21 16 21 R
20 22 11 19 R
20 23 10 33 L
20 24 21 24 U
20 25 12 11 R
20 27 21 27 U
20 28 6 14 R
20 29 18 29 U
20 30 23 30 U
20 31 21 31 U
20 32 22 32 U
20 33 17 0 D
20 34 21 1 D
20 35 19 3 D
20 36 7 4 D
20 37 19 37 L
20 38 17 38 L
20 39 15 2 D
20 40 20 40 L
20 41 15 41 L
20 42 22 10 D
20 43 20 24 U
21 0 17 33 L
21 1 10 43 L
21 2 19 2 D
21 3 12 3 D
21 4 17 4 D
21 5 9 5 D
21 6 14 6 D
21 7 19 7 D
21 9 19 9 D
21 10 25 10 D
21 11 19 11 R
21 12 18 12 R
21 13 0 23 U
21 14 20 24 U
21 15 23 0 D
21 16 20 22 U
21 17 21 17 R
21 18 0 35 L
21 19 18 22 U
21 20 16 20 R
21 21 9 21 R
21 22 17 11 R
21 23 19 35 L
21 24 5 24 U
21 25 23 25 U
21 27 26 27 U
21 28 20 36 L
21 29 21 13 R
21 30 16 30 U
21 31 10 31 U
21 32 21 34 L
21 33 19 29 U
21 34 21 34 L
21 35 22 31 U
21 36 23 25 U
21 37 16 37 L
21 38 19 2 D
21 39 22 23 U
21 40 17 40 L
21 41 19 41 L
21 42 25 27 U
21 43 27 43 L
22 0 24 0 D
22 1 22 1 D
22 2 0 32 U
22 3 2 15 R
22 4 21 4 D
22 5 27 38 L
22 6 19 34 L
22 7 16 7 D
22 9 20 16 R
22 10 20 10 D
22 11 17 0 D
22 12 13 2 D
22 13 15 29 U
22 14 20 14 R
22 15 12 15 R
22 16 21 16 R
22 17 14 17 R
22 18 26 18 R
22 19 0 23 U
22 20 19 20 R
22 21 20 21 R
22 22 20 20 R
22 23 0 16 R
22 24 19 24 U
22 25 21 25 U
22 27 17 27 U
22 28 22 28 U
22 29 18 37 L
22 30 15 30 U
22 31 0 12 R
22 32 27 13 R
22 33 22 2 D
22 34 14 28 U
22 35 22 35 L
22 36 23 32 U
22 37 9 1 D
22 38 20 25 U
22 39 20 39 L
22 40 6 22 U
22 41 20 31 U
22 42 16 42 L
22 43 21 43 L
23 0 18 33 L
23 1 12 17 R
23 2 17 2 D
23 3 21 40 L
23 4 22 4 D
23 5 23 5 D
23 6 11 22 U
23 7 1 7 D
23 9 20 9 D
23 10 22 10 D
23 11 19 6 D
23 12 12 7 D
23 13 9 13 R
23 14 21 14 R
23 15 22 15 R
23 16 21 29 U
23 17 9 17 R
23 18 25 18 R
23 19 20 19 R
23 21 23 21 R
23 22 22 34 L
23 23 17 23 U
23 24 20 3 D
23 25 16 18 R
23 27 23 11 R
23 28 22 33 L
23 29 3 13 R
23 30 24 30 U
23 31 0 9 D
23 32 28 32 U
23 33 17 33 L
23 34 12 23 U
23 35 23 35 L
23 36 22 36 L
23 37 22 28 U
23 38 23 38 L
23 39 19 39 L
23 40 14 0 D
23 41 21 41 L
23 42 25 42 L
23 43 27 14 R
24 0 22 38 L
24 1 14 1 D
24 2 20 2 D
24 3 22 3 D
24 4 12 19 R
24 5 21 5 D
24 6 25 6 D
24 7 27 7 D
24 9 23 17 R
24 10 26 10 D
24 11 20 11 R
24 12 23 24 U
24 13 0 41 L
24 14 14 14 R
24 15 12 3 D
24 16 0 40 L
24 17 19 7 D
24 18 24 18 R
24 19 18 19 R
24 21 21 21 R
24 22 24 22 U
24 23 21 23 U
24 24 20 24 U
24 25 16 25 U
24 27 28 12 R
24 28 23 28 U
24 29 13 36 L
24 30 0 5 D
24 31 23 31 U
24 32 0 2 D
24 33 16 11 R
24 34 20 7 D
24 35 26 1 D
24 36 21 36 L
24 37 22 37 L
24 38 20 1 D
24 39 27 32 U
24 40 24 40 L
24 41 20 41 L
24 42 20 10 D
24 43 17 43 L
25 0 20 21 R
25 1 25 40 L
25 2 0 38 L
25 3 28 38 L
25 4 26 4 D
25 5 22 5 D
25 6 19 6 D
25 7 21 7 D
25 9 23 9 D
25 10 24 29 U
25 11 16 11 R
25 12 15 33 L
25 13 23 13 R
25 14 25 25 U
25 15 24 15 R
25 16 24 16 R
25 17 17 17 R
25 18 23 22 U
25 19 21 19 R
25 21 19 21 R
25 22 19 37 L
25 23 26 18 R
25 24 0 2 D
25 27 24 27 U
25 28 21 33 L
25 29 0 39 L
25 30 21 30 U
25 31 3 37 L
25 32 27 32 U
25 33 17 1 D
25 34 25 0 D
25 35 19 35 L
25 36 21 22 U
25 37 10 31 U
25 38 22 30 U
25 39 26 39 L
25 40 26 40 L
25 41 16 6 D
25 43 28 43 L
26 0 20 17 R
26 1 26 33 L
26 2 28 37 L
26 3 13 14 R
26 4 25 4 D
26 5 28 5 D
26 6 22 6 D
26 7 25 7 D
26 9 10 9 D
26 10 23 19 R
26 11 22 7 D
26 12 26 36 L
26 13 26 13 R
26 14 19 27 U
26 15 25 15 R
26 16 28 16 R
26 17 23 17 R
26 18 0 34 L
26 19 22 19 R
26 21 10 21 R
26 22 26 12 R
26 23 14 39 L
26 24 9 24 U
26 27 25 27 U
26 28 27 28 U
26 29 22 29 U
26 30 26 30 U
26 31 22 31 U
26 33 24 3 D
26 34 17 24 U
26 35 25 35 L
26 36 12 9 D
26 37 0 0 D
26 38 25 27 U
26 39 21 39 L
26 40 21 40 L
26 41 22 41 L
26 43 25 43 L
27 0 24 35 L
27 1 25 36 L
27 2 21 42 L
27 4 26 34 L
27 7 18 7 D
27 9 0 18 R
27 10 24 10 D
27 11 27 32 U
27 12 20 10 D
27 13 28 13 R
27 14 2 43 L
27 15 21 15 R
27 16 27 16 R
27 17 25 17 R
27 18 27 18 R
27 19 24 19 R
27 21 20 23 U
27 22 25 18 R
27 23 0 43 L
27 24 25 40 L
27 27 0 12 R
27 28 9 4 D
27 30 25 30 U
27 33 24 15 R
27 34 3 9 D
27 35 22 4 D
27 36 26 36 L
27 37 15 22 U
27 38 16 38 L
27 40 22 28 U
27 41 23 1 D
27 43 24 43 L
28 0 25 33 L
28 1 24 1 D
28 2 28 12 R
28 4 2 34 L
28 7 13 7 D
28 11 3 27 U
28 12 27 12 R
28 13 21 13 R
28 14 0 3 D
28 16 22 16 R
28 19 23 19 R
28 21 5 21 R
28 22 4 7 D
28 24 7 24 U
28 27 24 21 R
28 28 15 28 U
28 30 22 30 U
28 33 21 28 U
28 34 19 27 U
28 35 11 35 L
28 36 25 2 D
28 37 28 37 L
28 38 25 15 R
28 40 0 30 U
28 41 23 41 L
29 0 12 42 L

