17 21 297
3 0 7 11 14 8 13 0 13 14 10 14
7 0 7 3 9 10 0 6 0 0 7 0
11 0 9 6 0 4 2 11 11 6 0 16
12 10 4 0 6 0 0 0 0 0 0 15
0 0 0 3 0 0 9 1 0 4 0 3
11 0 12 13 0 0 4 0 12 0 0 7
2 13 0 0 8 15 16 0 0 13 0 0
10 0 3 0 2 0 0 8 2 0 0 16
0 0 0 15 0 0 4 8 0 0 8 15
9 12 14 6 0 14 9 0 0 13 12 14
12 0 0 15 12 0 13 0 13 0 11 0
2 0 0 14 0 0 0 14 1 0 4 1
0 0 0 0 R
0 1 0 1 R
0 2 0 2 R
0 3 0 3 R
0 4 0 4 R
0 5 0 5 U
0 6 0 6 U
0 7 0 7 U
0 8 0 8 U
0 9 0 9 U
0 10 0 10 D
0 11 0 11 D
0 12 0 12 D
0 13 0 13 D
0 14 0 14 D
0 15 0 15 L
0 16 0 16 L
0 17 0 17 L
0 18 0 18 L
0 19 0 19 L
0 20 0 20 L
1 0 3 15 L
1 1 12 7 U
1 2 5 6 U
1 3 5 5 U
1 4 0 13 D
1 5 3 5 U
1 6 0 15 L
1 7 7 13 D
1 8 2 8 U
1 9 0 13 D
1 10 8 6 U
1 11 0 6 U
1 12 9 2 R
1 13 8 4 R
1 14 4 14 D
1 15 3 13 D
1 16 6 16 L
1 17 8 12 D
1 18 10 18 L
1 19 5 19 L
1 20 11 8 U
2 0 0 10 D
2 1 6 14 D
2 2 7 2 R
2 3 10 3 R
2 4 7 13 D
2 5 5 5 U
2 6 3 6 U
2 7 0 2 R
2 8 4 17 L
2 9 1 0 R
2 10 7 3 R
2 11 10 1 R
2 12 3 12 D
2 13 4 13 D
2 14 0 4 R
2 15 0 0 R
2 16 1 16 L
2 17 12 17 L
2 18 0 3 R
2 19 3 6 U
2 20 8 14 D
3 0 0 11 D
3 1 1 6 U
3 2 4 13 D
3 3 5 3 R
3 4 0 11 D
3 5 0 1 R
3 6 2 2 R
3 7 9 7 U
3 8 6 8 U
3 9 2 4 R
3 10 10 17 L
3 11 1 11 D
3 12 0 1 R
3 13 6 17 L
3 14 4 18 L
3 15 11 2 R
3 16 6 16 L
3 17 8 17 L
3 18 5 4 R
3 19 4 11 D
3 20 5 7 U
4 0 11 10 D
4 1 0 14 D
4 2 0 12 D
4 3 0 8 U
4 4 1 6 U
4 5 5 11 D
4 6 2 18 L
4 7 6 16 L
4 8 6 8 U
4 9 2 20 L
4 10 1 0 R
4 11 0 20 L
4 12 5 12 D
4 13 13 16 L
4 14 3 14 D
4 15 8 11 D
4 16 0 0 R
4 17 0 4 R
4 18 12 18 L
4 19 11 19 L
4 20 3 20 L
5 0 8 5 U
5 1 4 12 D
5 2 2 5 U
5 3 1 3 R
5 4 4 9 U
5 5 3 3 R
5 6 6 2 R
5 7 11 20 L
5 8 14 8 U
5 9 2 1 R
5 10 10 16 L
5 11 2 15 L
5 12 4 3 R
5 13 0 19 L
5 14 2 16 L
5 15 6 5 U
5 16 6 12 D
5 17 1 17 L
5 18 1 14 D
5 19 9 19 L
6 0 0 5 U
6 1 5 1 R
6 2 1 2 R
6 3 5 6 U
6 4 2 4 R
6 5 0 10 D
6 6 1 1 R
6 7 0 0 R
6 8 4 8 U
6 9 2 9 U
6 10 0 0 R
6 11 4 20 L
6 12 0 17 L
6 13 5 13 D
6 14 0 9 U
6 15 12 6 U
6 16 12 7 U
6 17 4 14 D
6 18 5 1 R
6 19 9 19 L
7 0 8 7 U
7 1 6 1 R
7 2 2 11 D
7 4 2 13 D
7 5 0 18 L
7 6 10 4 R
7 7 11 16 L
7 8 8 12 D
7 9 8 0 R
7 10 11 10 D
7 11 5 17 L
7 12 6 0 R
7 13 3 4 R
7 14 11 14 D
7 15 5 15 L
7 16 8 2 R
7 17 12 7 U
7 18 8 9 U
7 19 4 7 U
7 20 11 20 L
8 0 4 9 U
8 1 7 1 R
8 2 6 2 R
8 3 10 3 R
8 4 10 4 R
8 5 6 5 U
8 6 0 12 D
8 7 13 15 L
8 8 7 15 L
8 9 12 9 U
8 10 0 16 L
8 11 1 18 L
8 12 10 7 U
8 13 3 1 R
8 14 6 14 D
8 15 7 15 L
8 16 5 16 L
8 17 12 9 U
8 18 4 18 L
8 19 2 3 R
8 20 0 1 R
9 0 3 5 U
9 2 12 10 D
9 3 10 9 U
9 4 6 4 R
9 5 5 2 R
9 6 8 2 R
9 7 3 7 U
9 8 2 13 D
9 9 5 9 U
9 10 6 10 D
9 11 10 11 D
9 12 5 18 L
9 13 0 7 U
9 14 1 14 D
9 15 0 10 D
9 16 3 6 U
9 17 2 12 D
9 18 1 18 L
9 19 1 19 L
10 0 1 10 D
10 1 7 9 U
10 2 7 14 D
10 3 0 7 U
10 4 7 4 R
10 5 0 19 L
10 6 2 11 D
10 7 5 17 L
10 8 0 16 L
10 9 0 4 R
10 10 2 2 R
10 11 1 0 R
10 12 7 1 R
10 13 0 18 L
10 14 3 19 L
10 15 7 8 U
10 16 0 13 D
10 17 6 8 U
10 18 3 11 D
10 20 13 20 L
11 0 10 0 R
11 1 1 10 D
11 2 6 11 D
11 3 7 6 U
11 4 4 13 D
11 5 15 4 R
11 6 8 17 L
11 7 2 7 U
11 8 8 17 L
11 9 9 9 U
11 10 2 4 R
11 11 13 0 R
11 12 1 17 L
11 13 4 19 L
11 14 5 15 L
11 15 0 5 U
11 16 15 11 D
11 17 0 2 R
11 18 5 14 D
12 0 6 0 R
12 2 0 15 L
12 3 8 3 R
12 4 5 6 U
12 5 8 0 R
12 7 1 11 D
12 9 1 9 U
12 10 0 15 L
12 11 14 1 R
12 12 10 18 L
12 13 3 3 R
12 14 6 3 R
12 15 9 0 R
12 16 1 16 L
12 17 9 11 D
12 18 10 5 U
13 0 5 5 U
13 1 10 11 D
13 2 4 10 D
13 3 8 5 U
13 5 7 10 D
13 7 11 7 U
13 9 3 18 L
13 10 11 20 L
13 12 3 12 D
13 13 6 15 L
13 14 14 16 L
13 15 0 7 U
13 16 6 14 D
13 18 8 18 L
14 0 10 6 U
14 5 6 18 L
14 7 4 14 D
14 9 0 11 D
14 10 8 0 R
14 12 9 12 D
14 14 2 5 U
14 15 8 9 U
14 16 7 16 L
14 17 9 8 U
14 18 11 7 U
14 19 10 8 U
14 20 2 6 U
15 7 7 7 U
15 9 6 9 U
15 10 6 10 D
15 12 8 12 D
15 14 14 14 D
15 16 11 10 D
15 18 9 7 U
16 7 4 7 U
16 12 6 12 D
16 14 4 14 D

