10 13 110
9 6 0 0 7 4 0 8 0 0 0
0 0 0 0 0 0 0 0 0 0 0
0 0 0 0 0 8 0 3 0 4 6
5 4 6 7 8 0 7 0 0 0 0
0 0 0 6 0 4 0 0 0 0 3
0 0 0 0 2 6 1 0 0 0 3
0 0 0 5 0 0 0 0 0 4 0
0 0 0 0 0 0 0 0 0 0 0
0 0 0 8 0 6 0 0 0 3 0
0 0 0 6 5 0 0 0 0 7 0
8 7 0 0 9 0 0 7 0 7 8
0 0 0 0 L
0 1 0 1 L
0 2 0 2 L
0 3 0 3 L
0 4 0 4 R
0 5 0 5 R
0 6 0 6 R
0 7 0 7 D
0 8 0 8 D
0 9 0 9 D
0 10 0 10 U
0 11 0 11 U
0 12 0 12 U
1 0 0 7 D
1 1 6 1 L
1 2 4 2 L
1 3 4 3 L
1 4 0 10 U
1 5 7 8 D
1 6 3 6 R
1 7 4 0 L
1 8 2 5 R
1 9 5 12 U
1 10 0 5 R
1 11 0 4 R
1 12 0 1 L
2 0 5 9 D
2 1 7 12 U
2 3 0 12 U
2 4 0 7 D
2 5 6 7 D
2 6 4 9 D
2 7 5 6 R
2 8 0 6 R
2 9 4 9 D
2 10 0 0 L
2 11 5 11 U
2 12 0 8 D
3 0 1 0 L
3 1 0 10 U
3 2 1 7 D
3 3 6 12 U
3 4 0 0 L
3 5 0 8 D
3 6 0 12 U
3 7 0 1 L
3 8 5 8 D
3 9 1 9 D
3 10 2 10 U
3 11 4 8 D
3 12 4 8 D
4 0 2 8 D
4 1 2 9 D
4 2 5 2 L
4 3 1 3 L
4 4 3 11 U
4 5 1 5 R
4 6 1 6 R
4 7 0 4 R
4 8 6 11 U
4 9 3 1 L
4 10 2 2 L
4 11 2 1 L
4 12 1 0 L
5 0 3 4 R
5 1 7 10 U
5 2 3 7 D
5 3 8 8 D
5 4 0 1 L
5 5 0 7 D
5 6 4 7 D
5 7 0 10 U
5 8 3 4 R
5 9 0 12 U
5 10 3 1 L
5 11 7 4 R
5 12 0 6 R
6 0 3 10 U
6 1 4 1 L
6 3 4 3 L
6 4 3 4 R
6 5 0 9 D
6 6 4 8 D
6 7 3 5 R
6 8 7 6 R
6 9 4 11 U
6 10 7 4 R
6 11 3 2 L
6 12 5 6 R
7 0 0 9 D
7 1 4 11 U
7 2 2 11 U
7 3 5 3 L
7 4 5 1 L
7 5 0 3 L
7 6 3 2 L
7 7 1 10 U
7 8 0 0 L
7 9 1 0 L
7 10 6 3 L
7 11 0 7 D
7 12 3 5 R
8 0 1 9 D
8 1 5 7 D
8 7 6 4 R
8 8 5 10 U
8 10 2 6 R
8 11 7 3 L
9 0 0 11 U
9 1 0 5 R

