6 6 29
0 2 1 2 0 4 1 0 0 0 0
0 0 0 0 0 0 0 0 5 0 0
0 0 0 0 0 0 0 0 0 0 0
0 0 0 0 0 0 0 0 0 0 0
0 4 4 2 0 4 0 0 2 0 4
0 0 0 0 0 0 0 0 0 0 0
0 0 0 0 0 0 0 0 0 0 0
0 0 0 0 0 5 0 0 0 0 0
0 0 0 0 0 0 0 0 0 0 0
0 0 0 0 0 2 0 0 0 1 0
3 4 3 0 0 0 1 0 0 1 0
0 0 0 0 L
0 1 0 1 L
0 2 0 2 R
0 3 0 3 D
0 4 0 4 U
0 5 0 5 U
1 0 0 4 U
1 1 1 3 D
1 2 0 3 D
1 3 0 0 L
1 4 0 0 L
1 5 2 2 R
2 0 2 3 D
2 1 1 1 L
2 2 0 4 U
2 3 0 2 R
2 4 0 2 R
2 5 0 3 D
3 0 0 2 R
3 2 0 5 U
3 3 0 4 U
3 4 1 0 L
3 5 2 5 U
4 0 3 3 D
4 2 0 0 L
4 3 3 0 L
4 5 3 1 L
5 0 0 3 D
5 3 0 5 U

