20 13 223
5 0 2 12 0 0 14 16 18 0 19 0 0 4 0 6
4 0 10 0 10 16 0 0 0 0 0 0 0 6 0 11
0 7 0 8 0 0 13 0 0 0 0 16 8 0 0 4
4 14 12 0 13 15 0 0 16 0 0 4 0 8 6 0
0 0 9 0 5 14 0 17 17 6 0 0 4 0 1 0
0 10 0 14 16 0 0 0 0 11 16 16 0 11 0 13
11 0 6 0 4 0 0 0 16 0 0 0 0 0 0 10
0 18 0 0 12 2 15 0 0 15 3 0 17 0 6 4
0 0 3 0 3 2 0 0 0 6 0 0 0 0 8 0
12 15 0 11 12 0 0 5 0 0 0 0 17 0 6 4
4 0 0 0 6 15 0 0 0 0 9 14 0 0 1 0
15 0 0 17 0 0 0 0 5 0 0 18 9 0 0 11
14 8 9 0 0 0 0 0 0 0 0 0 0 7 0 5
1 5 0 0 0 5 9 0 0 9 0 16 1 13 3 0
0 2 8 6 15 0 13 0 1 0 13 5 0 1 13 0
14 4 0 15 4 0 1 0 5 16 0 14 0 6 0 5
0 0 0 0 D
0 1 0 1 D
0 2 0 2 D
0 3 0 3 R
0 4 0 4 R
0 5 0 5 R
0 6 0 6 R
0 7 0 7 U
0 8 0 8 U
0 9 0 9 U
0 10 0 10 L
0 11 0 11 L
0 12 0 12 L
1 0 0 7 U
1 1 7 3 R
1 2 7 2 D
1 3 0 0 D
1 4 3 4 R
1 5 7 5 R
1 6 6 6 R
1 7 4 7 U
1 8 12 12 L
1 9 0 2 D
1 10 0 3 R
1 11 0 9 U
1 12 0 7 U
2 0 6 0 D
2 1 0 11 L
2 2 6 5 R
2 3 0 7 U
2 4 1 1 D
2 5 1 5 R
2 6 1 6 R
2 7 0 0 D
2 8 10 8 U
2 9 0 1 D
2 10 8 1 D
2 11 9 8 U
2 12 0 0 D
3 0 0 10 L
3 1 0 8 U
3 2 6 2 D
3 3 2 3 R
3 4 0 12 L
3 5 0 2 D
3 6 8 6 R
3 7 5 7 U
3 8 4 8 U
3 9 1 9 U
3 10 2 10 L
3 11 11 11 L
3 12 1 12 L
4 0 0 3 R
4 1 0 4 R
4 2 0 7 U
4 3 0 9 U
4 4 5 4 R
4 5 2 9 U
4 6 10 1 D
4 7 2 4 R
4 8 7 3 R
4 9 11 9 U
4 10 6 10 L
4 11 5 0 D
4 12 0 6 R
5 0 12 10 L
5 1 3 1 D
5 2 7 10 L
5 3 4 3 R
5 4 7 7 U
5 5 0 8 U
5 6 11 11 L
5 7 3 10 L
5 8 0 3 R
5 9 4 3 R
5 10 0 0 D
5 11 2 0 D
5 12 10 12 L
6 0 2 0 D
6 1 14 1 D
6 2 0 10 L
6 3 0 2 D
6 4 0 1 D
6 5 4 5 R
6 6 0 7 U
6 7 0 10 L
6 8 0 0 D
6 9 1 11 L
6 10 1 2 D
6 11 0 8 U
6 12 9 12 L
7 0 1 0 D
7 1 1 4 R
7 2 11 2 D
7 3 5 7 U
7 4 1 4 R
7 5 11 5 R
7 6 8 6 R
7 7 0 12 L
7 8 0 10 L
7 9 3 9 U
7 10 11 8 U
7 11 14 2 D
7 12 6 1 D
8 0 0 12 L
8 1 12 1 D
8 2 16 4 R
8 3 5 3 R
8 4 6 4 R
8 5 11 0 D
8 6 9 6 R
8 7 3 7 U
8 8 4 11 L
8 9 0 11 L
8 10 15 9 U
8 11 2 11 L
8 12 9 0 D
9 0 1 3 R
9 1 7 4 R
9 2 3 2 D
9 3 8 8 U
9 4 13 1 D
9 5 3 5 R
9 6 3 6 R
9 7 8 11 L
9 8 3 10 L
9 9 0 4 R
9 10 5 8 U
9 11 12 9 U
9 12 8 12 L
10 0 5 10 L
10 1 3 1 D
10 2 0 4 R
10 3 9 8 U
10 4 2 4 R
10 5 5 5 R
10 7 7 7 U
10 8 4 1 D
10 9 15 0 D
10 10 0 2 D
10 11 3 11 L
10 12 5 3 R
11 0 6 12 L
11 1 3 1 D
11 2 2 11 L
11 3 6 3 R
11 4 6 9 U
11 5 13 5 R
11 6 3 6 R
11 7 8 7 U
11 8 0 4 R
11 9 4 9 U
11 10 2 10 L
11 11 5 7 U
11 12 0 5 R
12 0 14 3 R
12 1 0 5 R
12 2 4 2 D
12 3 1 3 R
12 4 14 4 R
12 5 1 11 L
12 7 0 3 R
12 8 6 4 R
12 9 0 5 R
12 10 3 1 D
12 11 0 1 D
12 12 16 12 L
13 0 4 8 U
13 1 10 11 L
13 2 12 5 R
13 3 12 0 D
13 4 6 8 U
13 5 10 5 R
13 7 1 11 L
13 8 4 8 U
13 9 7 11 L
13 10 5 10 L
13 11 15 2 D
13 12 2 12 L
14 0 0 5 R
14 1 3 12 L
14 2 11 2 D
14 3 3 2 D
14 4 1 4 R
14 5 2 5 R
14 7 0 6 R
14 8 12 10 L
14 9 16 9 U
14 10 3 10 L
14 11 1 11 L
14 12 9 7 U
15 0 6 9 U
15 1 3 4 R
15 2 11 2 D
15 3 8 12 L
15 5 8 5 R
15 7 3 1 D
15 8 5 8 U
15 9 14 9 U
15 10 14 9 U
15 11 1 11 L
15 12 11 12 L
16 0 13 0 D
16 1 6 7 U
16 2 2 2 D
16 3 3 3 R
16 5 7 5 R
16 7 2 3 R
16 8 3 12 L
16 9 5 9 U
16 10 9 10 L
16 11 6 11 L
16 12 8 7 U
17 0 4 0 D
17 3 10 3 R
17 5 16 9 U
17 7 4 7 U
17 9 5 9 U
17 10 13 8 U
18 0 17 0 D
18 3 3 9 U
18 9 1 0 D
19 3 6 2 D

