22 23 464
1 3 17 0 0 9 0 18 13 0 19 0 0 0 18 13
10 12 5 3 11 16 11 0 0 0 13 0 0 0 11 2
0 0 2 1 0 0 12 18 13 14 0 15 0 18 21 2
2 19 2 20 0 0 0 21 21 0 0 0 20 0 18 14
0 5 0 1 19 20 12 19 20 12 0 0 10 9 20 0
20 16 7 20 21 0 21 20 0 16 0 2 15 18 18 0
0 0 14 0 7 0 0 4 0 16 16 1 9 14 0 0
0 2 3 19 13 0 0 9 0 0 17 18 8 16 7 0
12 0 17 18 8 0 0 5 0 3 0 0 0 0 0 2
2 15 0 17 0 0 0 8 0 0 0 0 0 2 0 0
0 6 4 16 0 0 9 7 0 0 0 1 7 0 0 0
19 6 0 11 0 0 9 0 0 3 4 0 17 0 19 0
10 9 0 3 19 0 3 18 0 17 0 0 0 0 0 0
2 0 0 1 2 0 0 0 0 0 0 2 6 2 0 0
0 0 0 0 0 4 0 2 0 10 0 0 3 0 0 3
0 6 0 0 0 0 9 3 0 0 6 4 6 0 1 2
0 0 0 0 L
0 1 0 1 L
0 2 0 2 L
0 3 0 3 L
0 4 0 4 L
0 5 0 5 R
0 6 0 6 R
0 7 0 7 R
0 8 0 8 R
0 9 0 9 R
0 10 0 10 R
0 11 0 11 D
0 12 0 12 D
0 13 0 13 D
0 14 0 14 D
0 15 0 15 D
0 16 0 16 D
0 17 0 17 U
0 18 0 18 U
0 19 0 19 U
0 20 0 20 U
0 21 0 21 U
0 22 0 22 U
1 0 0 11 D
1 1 0 17 U
1 2 0 12 D
1 3 1 11 D
1 4 3 8 R
1 5 0 11 D
1 6 0 12 D
1 7 0 18 U
1 8 2 14 D
1 9 2 15 D
1 10 4 20 U
1 11 0 5 R
1 12 0 0 L
1 13 0 19 U
1 14 2 3 L
1 15 2 4 L
1 16 0 22 U
1 17 0 6 R
1 18 0 1 L
1 19 0 7 R
1 20 3 5 R
1 21 1 1 L
1 22 1 8 R
2 0 0 6 R
2 1 1 13 D
2 2 2 2 L
2 3 1 3 L
2 4 0 9 R
2 5 0 19 U
2 6 0 17 U
2 7 3 18 U
2 8 1 21 U
2 9 1 9 R
2 10 4 10 R
2 11 0 1 L
2 12 0 2 L
2 13 3 13 D
2 14 2 14 D
2 15 3 15 D
2 16 3 16 D
2 17 0 5 R
2 18 1 12 D
2 19 1 19 U
2 20 2 20 U
2 21 3 21 U
2 22 3 22 U
3 0 3 13 D
3 1 0 8 R
3 2 1 2 L
3 3 3 3 L
3 4 2 4 L
3 5 3 11 D
3 6 0 20 U
3 7 1 7 R
3 8 1 20 U
3 9 1 16 D
3 10 2 10 R
3 11 2 0 L
3 12 1 12 D
3 13 0 17 U
3 14 3 14 D
3 15 0 4 L
3 16 2 16 D
3 17 3 0 L
3 18 3 18 U
3 19 2 19 U
3 20 1 4 L
3 21 2 21 U
3 22 2 22 U
4 0 2 13 D
4 1 4 13 D
4 2 0 18 U
4 3 1 12 D
4 4 0 19 U
4 5 3 19 U
4 6 2 17 U
4 7 3 13 D
4 8 7 19 U
4 9 5 12 D
4 10 4 11 D
4 11 3 1 L
4 12 3 12 D
4 13 4 0 L
4 14 1 0 L
4 15 6 15 D
4 16 13 4 L
4 17 3 3 L
4 18 2 10 R
4 19 2 9 R
4 20 4 7 R
4 21 0 4 L
4 22 6 8 R
5 0 4 17 U
5 1 1 17 U
5 2 5 13 D
5 3 4 3 L
5 4 2 18 U
5 5 5 11 D
5 6 4 14 D
5 7 4 17 U
5 8 5 8 R
5 9 2 9 R
5 10 3 14 D
5 11 0 20 U
5 12 0 10 R
5 13 2 5 R
5 14 6 1 L
5 15 4 15 D
5 16 15 16 D
5 17 5 10 R
5 18 2 2 L
5 19 0 2 L
5 20 5 3 L
5 21 4 21 U
5 22 7 22 U
6 0 5 11 D
6 1 0 5 R
6 2 3 2 L
6 3 5 18 U
6 4 0 21 U
6 5 1 5 R
6 6 5 6 R
6 7 3 21 U
6 8 7 8 R
6 9 5 17 U
6 10 3 10 R
6 11 6 11 D
6 12 0 4 L
6 13 7 4 L
6 14 5 14 D
6 15 5 4 L
6 16 17 16 D
6 17 5 6 R
6 18 2 4 L
6 19 8 0 L
6 20 4 20 U
6 21 3 6 R
6 22 0 7 R
7 0 6 15 D
7 1 7 13 D
7 2 6 17 U
7 3 2 7 R
7 4 5 10 R
7 5 5 5 R
7 6 7 13 D
7 7 9 18 U
7 8 8 13 D
7 9 8 22 U
7 10 8 18 U
7 11 4 2 L
7 12 4 12 D
7 13 8 13 D
7 14 0 22 U
7 15 7 15 D
7 16 0 1 L
7 17 6 0 L
7 18 5 9 R
7 19 8 6 R
7 20 9 1 L
7 21 9 21 U
7 22 10 22 U
8 0 8 13 D
8 1 8 1 L
8 2 6 2 L
8 3 4 14 D
8 4 1 14 D
8 5 7 5 R
8 6 6 6 R
8 7 9 15 D
8 8 10 8 R
8 9 9 9 R
8 10 3 19 U
8 11 2 11 D
8 12 2 12 D
8 13 6 19 U
8 14 0 2 L
8 15 9 15 D
8 16 8 16 D
8 17 7 5 R
8 18 6 12 D
8 19 7 19 U
8 20 8 20 U
8 21 6 21 U
8 22 10 9 R
9 0 6 5 R
9 1 7 1 L
9 2 7 19 U
9 3 6 3 L
9 4 0 22 U
9 5 8 2 L
9 6 8 17 U
9 7 8 7 R
9 8 0 21 U
9 9 11 13 D
9 10 6 10 R
9 11 0 3 L
9 12 6 4 L
9 13 7 20 U
9 14 8 14 D
9 15 5 15 D
9 16 18 16 D
9 17 5 0 L
9 18 2 11 D
9 19 7 7 R
9 20 0 12 D
9 21 5 21 U
9 22 5 22 U
10 0 9 11 D
10 1 9 17 U
10 2 0 20 U
10 3 5 3 L
10 4 11 11 D
10 5 10 18 U
10 6 3 15 D
10 7 0 4 L
10 8 9 8 R
10 9 8 9 R
10 10 15 17 U
10 11 4 3 L
10 12 0 6 R
10 13 7 13 D
10 14 10 14 D
10 15 2 15 D
10 16 16 16 D
10 17 9 0 L
10 18 10 8 R
10 19 10 5 R
10 20 10 0 L
10 21 4 10 R
10 22 13 4 L
11 0 8 0 L
11 1 4 15 D
11 2 12 17 U
11 3 11 12 D
11 4 11 4 L
11 5 9 17 U
11 6 13 13 D
11 7 10 15 D
11 8 7 17 U
11 9 12 9 R
11 10 13 10 R
11 11 11 11 D
11 12 13 2 L
11 13 12 20 U
11 14 14 3 L
11 15 9 4 L
11 17 12 4 L
11 18 11 7 R
11 19 4 1 L
11 20 11 20 U
11 21 13 6 R
11 22 15 22 U
12 0 13 0 L
12 1 10 1 L
12 2 9 2 L
12 3 13 3 L
12 4 10 4 L
12 5 9 5 R
12 6 14 6 R
12 7 0 13 D
12 8 6 8 R
12 9 11 9 R
12 10 11 10 R
12 11 10 7 R
12 12 7 19 U
12 13 12 13 D
12 14 11 14 D
12 15 0 6 R
12 17 1 0 L
12 18 12 10 R
12 19 12 8 R
12 20 7 20 U
12 21 10 21 U
12 22 11 15 D
13 0 12 0 L
13 1 11 1 L
13 2 8 12 D
13 3 14 3 L
13 4 8 4 L
13 5 6 5 R
13 6 14 11 D
13 7 11 7 R
13 8 12 8 R
13 9 14 14 D
13 10 1 10 R
13 11 12 11 D
13 12 12 2 L
13 13 11 13 D
13 14 0 1 L
13 15 15 2 L
13 17 12 17 U
13 18 14 18 U
13 19 15 0 L
13 20 13 1 L
13 21 8 21 U
13 22 8 22 U
14 0 11 12 D
14 1 13 1 L
14 2 11 2 L
14 3 5 9 R
14 4 13 14 D
14 5 13 18 U
14 6 13 6 R
14 7 13 7 R
14 8 13 8 R
14 9 3 9 R
14 10 14 10 R
14 11 8 1 L
14 12 0 18 U
14 13 11 0 L
14 14 14 14 D
14 15 14 15 D
14 17 7 1 L
14 18 0 9 R
14 19 12 19 U
14 20 13 3 L
14 21 13 5 R
14 22 17 22 U
15 0 15 0 L
15 1 14 14 D
15 2 10 2 L
15 3 8 3 L
15 4 15 4 L
15 5 16 13 D
15 6 15 6 R
15 7 12 7 R
15 8 0 18 U
15 9 15 18 U
15 10 17 14 D
15 11 15 11 D
15 12 16 3 L
15 13 11 2 L
15 14 0 4 L
15 15 16 15 D
15 17 5 2 L
15 18 13 5 R
15 19 15 6 R
15 20 12 20 U
15 21 12 21 U
15 22 17 2 L
16 0 15 11 D
16 1 15 1 L
16 2 16 12 D
16 3 14 11 D
16 4 14 4 L
16 5 16 5 R
16 6 15 12 D
16 7 9 14 D
16 8 6 22 U
16 9 12 20 U
16 10 15 10 R
16 11 5 7 R
16 12 13 12 D
16 13 16 13 D
16 14 9 14 D
16 15 13 15 D
16 17 14 0 L
16 18 7 18 U
16 19 13 19 U
16 20 16 1 L
16 21 8 9 R
16 22 18 22 U
17 0 16 0 L
17 1 16 15 D
17 2 18 2 L
17 3 0 12 D
17 4 17 12 D
17 5 16 14 D
17 6 17 6 R
17 7 18 13 D
17 8 16 17 U
17 9 16 19 U
17 10 18 14 D
17 11 0 8 R
17 12 14 12 D
17 13 17 0 L
17 14 10 0 L
17 15 9 2 L
17 17 16 7 R
17 18 1 18 U
17 19 16 19 U
17 20 15 4 L
17 21 8 8 R
17 22 15 3 L
18 0 15 16 D
18 1 17 1 L
18 2 17 16 D
18 3 2 3 L
18 4 19 4 L
18 5 15 19 U
18 6 17 22 U
18 7 18 7 R
18 8 10 22 U
18 9 13 21 U
18 10 17 10 R
18 11 19 4 L
18 12 15 12 D
18 13 17 13 D
18 14 17 0 L
18 15 0 2 L
18 17 10 17 U
18 18 18 10 R
18 19 16 1 L
18 20 19 0 L
18 21 12 8 R
18 22 14 7 R
19 0 2 8 R
19 1 18 15 D
19 2 0 21 U
19 3 0 13 D
19 4 20 4 L
19 5 4 17 U
19 6 6 18 U
19 7 19 13 D
19 8 17 11 D
19 11 18 11 D
19 12 10 12 D
19 13 3 19 U
19 15 19 15 D
19 17 19 7 R
19 19 18 1 L
19 21 17 6 R
19 22 20 22 U
20 0 11 17 U
20 1 18 1 L
20 3 17 3 L
20 4 18 4 L
20 5 15 5 R
20 6 10 6 R
20 7 20 7 R
20 8 19 22 U
20 11 20 8 R
20 12 16 12 D
20 13 20 13 D
20 17 19 17 U
20 19 11 19 U
20 21 9 5 R
21 3 16 3 L
21 7 19 20 U
21 8 20 8 R
21 17 19 3 L

