25 30 612
21 0 6 22 1 2 17 14 1 7 9 17
1 1 7 8 7 0 21 22 15 6 2 0
7 23 0 5 0 0 19 21 17 7 6 0
22 0 0 20 17 18 0 16 5 0 22 0
20 23 18 9 0 17 10 16 0 21 21 0
0 0 22 13 14 16 0 0 0 11 18 10
23 15 9 19 1 7 3 2 3 24 15 19
8 0 17 20 1 3 5 0 20 7 20 6
20 18 20 7 14 7 2 0 16 0 8 12
5 11 19 2 6 9 7 1 8 2 19 20
0 16 11 13 13 19 21 2 2 2 2 10
6 14 4 17 7 1 2 21 14 3 17 13
0 0 0 0 R
0 1 0 1 R
0 2 0 2 R
0 3 0 3 R
0 4 0 4 R
0 5 0 5 R
0 6 0 6 R
0 7 0 7 U
0 8 0 8 U
0 9 0 9 U
0 10 0 10 U
0 11 0 11 U
0 12 0 12 U
0 13 0 13 U
0 14 0 14 U
0 15 0 15 D
0 16 0 16 D
0 17 0 17 D
0 18 0 18 D
0 19 0 19 D
0 20 0 20 D
0 21 0 21 D
0 22 0 22 D
0 23 0 23 L
0 24 0 24 L
0 25 0 25 L
0 26 0 26 L
0 27 0 27 L
0 28 0 28 L
0 29 0 29 L
1 0 10 0 R
1 1 6 29 L
1 2 4 11 U
1 3 10 3 R
1 4 3 17 D
1 5 9 17 D
1 6 7 6 R
1 7 0 15 D
1 8 2 26 L
1 9 7 15 D
1 10 2 25 L
1 11 4 11 U
1 12 11 23 L
1 13 4 13 U
1 14 8 14 U
1 15 6 25 L
1 16 14 0 R
1 17 8 0 R
1 18 2 18 D
1 19 14 19 D
1 20 9 6 R
1 21 16 21 D
1 22 14 5 R
1 23 7 23 L
1 24 16 10 U
1 25 0 13 U
1 26 0 17 D
1 27 2 27 L
1 28 12 20 D
1 29 6 29 L
2 0 7 21 D
2 1 9 16 D
2 2 9 22 D
2 3 1 3 R
2 4 6 21 D
2 5 1 18 D
2 6 10 6 R
2 7 0 19 D
2 8 7 8 U
2 9 15 9 U
2 10 4 10 U
2 11 4 11 U
2 12 0 4 R
2 13 4 13 U
2 14 11 26 L
2 15 12 26 L
2 16 14 16 D
2 17 4 25 L
2 18 5 18 D
2 19 6 19 D
2 20 5 20 D
2 21 12 21 D
2 22 0 3 R
2 23 17 23 L
2 24 16 9 U
2 25 11 14 U
2 26 0 4 R
2 27 16 18 D
2 28 0 6 R
2 29 0 12 U
3 0 2 7 U
3 1 17 1 R
3 2 0 24 L
3 3 6 3 R
3 4 2 4 R
3 5 12 9 U
3 6 11 10 U
3 7 19 26 L
3 8 7 19 D
3 9 6 2 R
3 10 15 5 R
3 11 10 11 U
3 12 2 12 U
3 13 1 13 U
3 14 2 14 U
3 15 0 7 U
3 16 11 23 L
3 17 19 17 D
3 18 5 3 R
3 19 2 19 D
3 20 2 20 D
3 21 14 27 L
3 22 7 1 R
3 23 10 16 D
3 24 16 24 L
3 25 11 25 L
3 26 2 6 R
3 27 19 18 D
3 28 1 28 L
3 29 16 19 D
4 0 0 23 L
4 1 6 9 U
4 2 5 8 U
4 3 9 16 D
4 4 12 11 U
4 5 0 9 U
4 6 2 6 R
4 7 15 0 R
4 8 11 1 R
4 9 2 16 D
4 10 5 10 U
4 11 9 11 U
4 12 2 12 U
4 13 5 26 L
4 14 2 14 U
4 15 0 27 L
4 16 0 8 U
4 17 1 3 R
4 18 3 18 D
4 19 5 19 D
4 20 1 20 D
4 21 2 21 D
4 22 10 22 D
4 23 5 8 U
4 24 9 21 D
4 25 14 19 D
4 26 5 9 U
4 27 15 9 U
4 28 13 0 R
4 29 18 2 R
5 0 7 9 U
5 1 8 17 D
5 2 4 8 U
5 3 15 3 R
5 4 3 4 R
5 5 9 5 R
5 6 0 11 U
5 7 0 24 L
5 8 3 15 D
5 9 11 5 R
5 10 9 10 U
5 11 19 28 L
5 12 3 12 U
5 13 0 2 R
5 14 4 14 U
5 15 6 10 U
5 16 0 26 L
5 17 7 3 R
5 18 0 2 R
5 19 0 5 R
5 20 6 2 R
5 21 7 1 R
5 22 1 22 D
5 23 14 13 U
5 24 10 12 U
5 25 16 21 D
5 26 4 7 U
5 27 14 15 D
5 28 13 19 D
5 29 2 29 L
6 0 13 8 U
6 1 11 18 D
6 2 17 2 R
6 3 0 18 D
6 4 11 8 U
6 5 3 5 R
6 6 15 22 D
6 7 0 25 L
6 8 16 23 L
6 9 2 9 U
6 10 15 16 D
6 11 8 27 L
6 13 19 13 U
6 14 4 14 U
6 15 0 0 R
6 16 7 8 U
6 17 9 23 L
6 18 0 0 R
6 19 9 4 R
6 20 16 27 L
6 21 2 23 L
6 22 11 25 L
6 23 5 12 U
6 24 12 15 D
6 25 9 25 L
6 26 9 1 R
6 27 0 8 U
6 28 18 28 L
6 29 5 12 U
7 0 18 15 D
7 1 0 16 D
7 2 8 10 U
7 3 11 3 R
7 4 11 4 R
7 5 15 7 U
7 6 0 23 L
7 7 0 21 D
7 8 2 24 L
7 9 2 9 U
7 10 15 3 R
7 11 4 11 U
7 13 2 13 U
7 14 18 14 U
7 15 9 25 L
7 16 5 29 L
7 17 3 7 U
7 18 4 4 R
7 19 4 19 D
7 20 0 10 U
7 21 8 24 L
7 22 2 22 D
7 23 17 23 L
7 24 14 7 U
7 25 6 10 U
7 26 11 26 L
7 27 0 2 R
7 28 2 28 L
7 29 13 29 L
8 0 17 10 U
8 1 17 10 U
8 2 0 20 D
8 3 21 19 D
8 4 6 19 D
8 5 17 16 D
8 6 12 26 L
8 7 6 24 L
8 8 21 26 L
8 9 2 25 L
8 10 13 10 U
8 11 19 4 R
8 12 2 29 L
8 13 1 13 U
8 14 18 28 L
8 15 21 25 L
8 16 2 27 L
8 17 12 4 R
8 18 1 18 D
8 19 7 24 L
8 20 2 20 D
8 21 7 21 D
8 22 2 22 D
8 23 18 18 D
8 24 15 16 D
8 25 14 25 L
8 26 13 15 D
8 27 7 27 L
8 28 12 16 D
8 29 11 29 L
9 0 0 7 U
9 1 6 1 R
9 2 0 8 U
9 3 6 15 D
9 4 0 29 L
9 5 6 5 R
9 6 19 13 U
9 7 0 0 R
9 8 1 8 U
9 9 2 26 L
9 10 12 28 L
9 11 10 2 R
9 12 7 0 R
9 13 7 2 R
9 14 11 14 U
9 15 12 23 L
9 16 12 26 L
9 17 3 26 L
9 18 20 0 R
9 19 14 8 U
9 20 11 20 D
9 21 10 6 R
9 22 1 2 R
9 23 16 7 U
9 24 13 24 L
9 25 0 3 R
9 26 2 17 D
9 27 1 27 L
9 28 19 9 U
9 29 0 14 U
10 0 13 7 U
10 1 1 18 D
10 2 4 20 D
10 3 3 13 U
10 4 8 10 U
10 5 6 25 L
10 6 0 9 U
10 7 5 23 L
10 8 0 1 R
10 9 0 2 R
10 10 9 10 U
10 11 2 11 U
10 13 2 24 L
10 14 4 14 U
10 15 7 24 L
10 16 0 9 U
10 17 7 24 L
10 18 20 18 D
10 19 7 3 R
10 20 0 2 R
10 21 0 6 R
10 22 4 22 D
10 23 0 10 U
10 24 17 24 L
10 25 17 25 L
10 26 21 15 D
10 27 5 27 L
10 28 0 9 U
10 29 13 18 D
11 0 8 11 U
11 1 3 19 D
11 2 8 2 R
11 3 3 3 R
11 4 7 4 R
11 5 2 22 D
11 7 3 0 R
11 8 7 0 R
11 9 16 26 L
11 10 1 10 U
11 11 5 11 U
11 12 0 17 D
11 13 14 29 L
11 15 12 24 L
11 16 8 27 L
11 17 0 23 L
11 18 0 11 U
11 19 8 19 D
11 20 8 20 D
11 21 1 21 D
11 22 3 22 D
11 23 1 7 U
11 24 6 24 L
11 25 15 15 D
11 26 2 26 L
11 27 7 11 U
11 28 22 28 L
11 29 3 29 L
12 0 11 7 U
12 1 8 7 U
12 2 0 19 D
12 3 15 8 U
12 4 10 13 U
12 5 9 10 U
12 6 6 6 R
12 7 21 1 R
12 8 8 27 L
12 9 2 9 U
12 10 7 1 R
12 11 0 20 D
12 12 2 28 L
12 13 2 13 U
12 15 15 0 R
12 16 0 29 L
12 17 1 17 D
12 18 13 25 L
12 19 0 4 R
12 20 19 27 L
12 21 17 23 L
12 22 4 22 D
12 23 17 16 D
12 24 21 18 D
12 25 14 7 U
12 26 2 26 L
12 27 7 20 D
12 28 9 20 D
13 0 11 20 D
13 1 14 15 D
13 2 6 13 U
13 3 0 26 L
13 4 6 17 D
13 5 12 5 R
13 6 0 28 L
13 7 8 3 R
13 8 8 4 R
13 9 4 4 R
13 10 5 10 U
13 11 7 1 R
13 13 7 13 U
13 14 8 5 R
13 15 18 27 L
13 16 8 28 L
13 17 16 27 L
13 18 2 1 R
13 19 3 19 D
13 20 14 23 L
13 21 14 23 L
13 22 6 2 R
13 23 5 11 U
13 24 8 5 R
13 25 2 17 D
13 26 10 16 D
13 27 10 27 L
13 29 3 18 D
14 0 13 23 L
14 1 1 8 U
14 2 20 2 R
14 3 13 11 U
14 4 20 4 R
14 5 16 5 R
14 7 12 4 R
14 8 10 8 U
14 9 2 9 U
14 10 19 29 L
14 11 4 29 L
14 13 9 13 U
14 14 3 14 U
14 15 2 5 R
14 16 9 3 R
14 17 10 2 R
14 18 18 18 D
14 19 0 24 L
14 20 15 10 U
14 21 0 23 L
14 22 9 22 D
14 23 0 1 R
14 24 16 19 D
14 25 3 11 U
14 26 11 26 L
14 27 5 13 U
14 28 18 8 U
15 0 0 14 U
15 1 14 20 D
15 2 0 17 D
15 3 13 25 L
15 4 6 4 R
15 7 5 5 R
15 8 3 5 R
15 9 2 9 U
15 10 18 24 L
15 11 14 24 L
15 13 0 25 L
15 15 10 23 L
15 16 9 24 L
15 17 16 17 D
15 18 1 18 D
15 19 3 27 L
15 20 17 20 D
15 21 2 21 D
15 22 4 22 D
15 23 0 16 D
15 24 9 24 L
15 25 19 10 U
15 26 3 15 D
15 27 7 27 L
16 0 10 7 U
16 1 0 15 D
16 2 8 17 D
16 3 10 3 R
16 4 7 7 U
16 5 6 11 U
16 6 3 6 R
16 7 10 1 R
16 8 10 0 R
16 9 11 9 U
16 10 21 4 R
16 11 7 4 R
16 13 18 28 L
16 14 4 6 R
16 15 4 3 R
16 16 10 5 R
16 17 3 2 R
16 18 2 10 U
16 19 23 19 D
16 20 5 20 D
16 21 2 21 D
16 22 1 22 D
16 23 2 14 U
16 24 10 17 D
16 25 3 18 D
16 26 8 26 L
16 27 5 27 L
17 0 9 0 R
17 1 8 1 R
17 2 9 9 U
17 3 10 22 D
17 4 0 7 U
17 5 7 5 R
17 7 5 21 D
17 8 20 0 R
17 9 8 1 R
17 10 8 10 U
17 11 12 27 L
17 13 2 26 L
17 14 18 25 L
17 15 7 29 L
17 17 9 17 D
17 18 21 18 D
17 19 0 9 U
17 20 13 23 L
17 22 9 22 D
17 23 12 16 D
17 24 13 24 L
17 25 9 25 L
17 26 3 26 L
17 27 3 27 L
17 29 13 29 L
18 0 16 17 D
18 1 1 7 U
18 2 8 16 D
18 3 7 20 D
18 4 7 4 R
18 5 11 20 D
18 6 17 22 D
18 7 17 3 R
18 9 8 27 L
18 10 0 28 L
18 11 11 11 U
18 13 15 2 R
18 15 1 23 L
18 16 10 6 R
18 17 2 4 R
18 18 4 18 D
18 19 17 0 R
18 20 8 20 D
18 22 6 0 R
18 23 16 19 D
18 24 5 7 U
18 25 5 13 U
18 26 4 26 L
18 27 11 16 D
19 0 15 26 L
19 1 10 12 U
19 2 2 9 U
19 3 0 29 L
19 4 7 17 D
19 5 7 20 D
19 7 7 23 L
19 8 1 25 L
19 9 7 2 R
19 10 16 26 L
19 11 11 6 R
19 13 5 13 U
19 14 18 14 U
19 15 1 28 L
19 17 15 2 R
19 18 11 18 D
19 19 8 19 D
19 20 15 11 U
19 22 4 4 R
19 23 9 0 R
19 24 2 18 D
19 25 8 18 D
19 26 15 13 U
19 27 17 17 D
19 29 1 17 D
20 0 8 0 R
20 2 18 18 D
20 3 11 21 D
20 4 0 16 D
20 7 19 6 R
20 8 21 4 R
20 9 4 28 L
20 10 11 6 R
20 11 0 17 D
20 13 8 24 L
20 16 21 4 R
20 18 18 18 D
20 19 1 19 D
20 23 0 7 U
20 24 6 24 L
20 25 10 18 D
20 26 15 26 L
20 27 4 27 L
20 28 18 28 L
20 29 14 29 L
21 1 20 22 D
21 2 17 8 U
21 4 2 4 R
21 8 13 24 L
21 9 22 16 D
21 10 1 10 U
21 11 1 11 U
21 13 8 27 L
21 18 2 18 D
21 19 16 13 U
21 22 7 22 D
21 24 5 24 L
21 25 0 18 D
21 26 12 15 D
21 27 0 3 R
21 28 20 15 D
21 29 15 15 D
22 4 20 16 D
22 10 6 1 R
22 13 13 25 L
22 18 2 18 D
22 19 14 19 D
22 24 6 24 L
22 27 21 0 R
23 4 1 4 R
23 13 3 13 U
23 18 4 18 D
23 24 22 20 D
24 24 17 24 L

