13 18 202
10 0 0 7 2 3 0 10 10 8
0 9 0 9 0 11 2 7 0 7
0 0 2 0 0 8 4 10 9 0
0 10 0 4 0 8 10 4 0 8
9 0 12 12 0 6 0 0 12 7
3 2 5 12 0 4 11 8 0 9
10 5 0 0 7 5 0 2 6 7
11 2 0 0 11 6 11 5 3 0
12 0 4 8 1 0 0 0 0 8
9 7 0 11 12 7 9 5 0 10
0 0 0 0 D
0 1 0 1 D
0 2 0 2 D
0 3 0 3 D
0 4 0 4 R
0 5 0 5 R
0 6 0 6 R
0 7 0 7 R
0 8 0 8 U
0 9 0 9 U
0 10 0 10 U
0 11 0 11 U
0 12 0 12 L
0 13 0 13 L
0 14 0 14 L
0 15 0 15 L
0 16 0 16 L
0 17 0 17 L
1 0 0 4 R
1 1 0 8 U
1 2 0 15 L
1 3 0 7 R
1 4 7 4 R
1 5 2 1 D
1 6 7 0 D
1 7 6 7 R
1 8 4 12 L
1 9 8 9 U
1 10 0 5 R
1 11 0 1 D
1 12 0 0 D
1 13 0 2 D
1 14 0 5 R
1 15 0 5 R
1 16 6 1 D
1 17 2 3 D
2 0 4 0 D
2 1 3 1 D
2 2 0 13 L
2 3 4 7 R
2 4 0 8 U
2 5 5 5 R
2 6 6 10 U
2 7 8 7 R
2 8 8 16 L
2 9 0 1 D
2 10 1 6 R
2 11 4 5 R
2 12 5 9 U
2 13 5 13 L
2 14 12 1 D
2 15 9 15 L
2 16 0 3 D
2 17 6 2 D
3 0 2 12 L
3 1 4 5 R
3 2 10 9 U
3 3 4 3 D
3 4 9 2 D
3 5 7 9 U
3 6 4 0 D
3 7 0 15 L
3 8 6 7 R
3 9 5 9 U
3 10 2 10 U
3 11 7 11 U
3 12 4 11 U
3 13 0 10 U
3 14 6 14 L
3 15 2 15 L
3 16 7 16 L
3 17 7 8 U
4 0 8 0 D
4 1 0 14 L
4 2 2 14 L
4 3 0 16 L
4 4 7 8 U
4 5 5 13 L
4 6 5 6 R
4 7 6 7 R
4 8 8 12 L
4 9 1 9 U
4 10 6 15 L
4 11 7 11 U
4 12 0 4 R
4 13 6 4 R
4 14 1 14 L
4 15 3 11 U
4 16 6 7 R
4 17 1 17 L
5 0 8 6 R
5 1 8 6 R
5 2 1 2 D
5 3 4 3 D
5 4 0 0 D
5 5 4 10 U
5 6 0 14 L
5 7 3 17 L
5 8 11 4 R
5 9 7 4 R
5 10 10 10 U
5 11 0 0 D
5 12 6 10 U
5 13 1 13 L
5 14 0 11 U
5 15 2 8 U
5 16 4 16 L
5 17 2 17 L
6 0 4 14 L
6 2 3 6 R
6 3 3 13 L
6 4 0 2 D
6 5 0 1 D
6 6 3 6 R
6 7 2 7 R
6 8 0 12 L
6 9 0 3 D
6 10 10 14 L
6 11 1 4 R
6 12 5 8 U
6 13 1 11 U
6 15 1 2 D
6 17 2 17 L
7 0 0 6 R
7 1 4 1 D
7 2 0 10 U
7 3 5 3 D
7 4 9 3 D
7 5 8 3 D
7 6 3 6 R
7 7 5 7 R
7 8 3 8 U
7 9 4 4 R
7 10 6 4 R
7 11 4 11 U
7 12 0 9 U
7 13 2 13 L
7 14 3 6 R
7 15 8 4 R
7 17 8 4 R
8 0 4 17 L
8 1 3 14 L
8 2 4 2 D
8 3 3 3 D
8 4 0 9 U
8 5 3 2 D
8 6 0 13 L
8 7 0 3 D
8 8 0 4 R
8 9 1 17 L
8 10 3 17 L
8 11 7 11 U
8 12 5 6 R
8 13 4 9 U
8 14 0 8 U
8 15 1 15 L
8 17 5 17 L
9 0 3 6 R
9 1 4 15 L
9 3 5 3 D
9 4 7 0 D
9 5 6 5 R
9 6 2 1 D
9 7 2 7 R
9 8 1 0 D
9 9 1 9 U
9 10 11 10 U
9 11 7 7 R
9 12 10 3 D
9 13 5 11 U
9 15 2 15 L
9 17 2 17 L
10 0 9 4 R
10 1 8 9 U
10 3 3 12 L
10 4 0 12 L
10 6 6 13 L
10 7 11 13 L
10 8 9 15 L
10 9 6 5 R
10 10 0 12 L
10 11 1 11 U
10 12 6 2 D
10 13 9 0 D
10 15 2 15 L
10 17 0 1 D
11 0 9 12 L
11 1 6 12 L
11 3 0 4 R
11 4 5 17 L
11 6 8 8 U
11 7 10 0 D
11 8 5 5 R
11 9 0 2 D
11 11 8 11 U
12 0 6 7 R
12 3 4 3 D
12 4 2 9 U
12 6 8 6 R
12 7 6 10 U
12 8 2 7 R
12 11 1 11 U

