12 7 66
8 0 0 0 0 0 0 0 0 6 0 3 0 0 0 0 0 1
0 0 0 0 0 0 4 0 0 7 0 0 0 0 0 9 0 1
0 0 0 0 0 0 8 0 0 0 0 0 0 0 0 3 0 7
0 0 0 0 0 0 2 0 0 0 0 0 0 4 0 0 0 0
0 0 0 0 9 0 0 0 0 1 0 2 0 0 0 3 0 0
0 0 0 0 0 0 10 0 3 3 5 0 0 0 0 0 0 0
0 0 0 0 10 0 0 0 8 0 0 0 0 0 0 0 0 0
0 0 0 0 0 0 0 3 9 0 9 0 0 0 0 0 0 0
0 0 0 0 0 0 3 0 0 0 3 0 0 0 0 0 4 0
0 0 0 0 3 0 0 0 10 0 0 0 0 0 0 1 0 0
0 0 0 0 4 0 0 1 11 0 5 0 0 0 0 0 0 0
0 0 0 0 0 8 3 0 0 0 0 0 0 0 0 0 0 0
0 0 0 8 0 0 0 0 2 0 0 0 0 0 0 0 0 0
0 0 0 0 0 0 0 9 0 9 0 0 0 4 1 0 0 0
0 0 0 0 0 0 1 0 5 0 0 0 0 0 0 0 0 0
0 0 0 0 0 0 0 4 10 0 0 0 0 0 1 0 0 0
0 0 0 0 0 0 0 0 0 4 0 0 0 0 0 2 0 0
0 0 0 0 0 0 0 0 0 0 0 0 0 0 0 0 0 4
0 0 0 0 L
0 1 0 1 R
0 2 0 2 R
0 3 0 3 D
0 4 0 4 D
0 5 0 5 U
0 6 0 6 U
1 0 0 6 U
1 1 0 3 D
1 2 2 6 U
1 3 0 0 L
1 4 2 0 L
1 5 0 0 L
1 6 0 2 R
2 0 0 5 U
2 1 0 5 U
2 2 8 4 D
2 3 3 1 R
2 4 6 4 D
2 5 3 1 R
2 6 3 6 U
3 0 0 3 D
3 1 0 6 U
3 3 6 1 R
3 4 1 0 L
3 5 0 1 R
3 6 2 0 L
4 0 3 3 D
4 1 0 0 L
4 3 0 1 R
4 4 0 5 U
4 5 7 3 D
4 6 3 6 U
5 0 4 0 L
5 1 0 4 D
5 3 4 3 D
5 4 3 4 D
5 5 1 3 D
5 6 1 6 U
6 0 2 5 U
6 1 1 5 U
6 3 4 2 R
6 4 1 4 D
6 5 4 5 U
6 6 5 0 L
7 0 6 5 U
7 1 5 1 R
7 2 1 4 D
7 3 2 2 R
7 4 5 4 D
7 5 6 0 L
7 6 3 6 U
8 0 0 1 R
8 1 9 4 D
8 3 5 3 D
8 5 2 1 R
8 6 5 6 U
9 0 0 4 D
9 1 7 3 D
9 3 2 1 R
9 5 8 2 R
9 6 7 6 U
10 0 7 5 U
10 1 2 6 U
10 6 3 6 U
11 0 4 6 U

