19 13 210
10 6 8 0 5 0 7 9 0 5
12 15 18 15 7 0 0 0 0 5
0 0 0 0 0 5 7 0 0 3
0 0 12 0 0 0 0 6 0 15
9 0 17 16 18 6 0 18 16 8
1 0 16 0 0 0 0 16 14 0
0 5 0 8 0 6 13 0 3 6
13 14 15 11 0 2 0 0 0 17
11 0 0 10 0 0 0 0 0 15
5 0 0 6 0 0 0 0 0 15
0 0 0 0 L
0 1 0 1 L
0 2 0 2 L
0 3 0 3 L
0 4 0 4 R
0 5 0 5 R
0 6 0 6 R
0 7 0 7 D
0 8 0 8 D
0 9 0 9 D
0 10 0 10 U
0 11 0 11 U
0 12 0 12 U
1 0 9 0 L
1 1 13 9 D
1 2 8 7 D
1 3 10 8 D
1 4 2 7 D
1 5 8 0 L
1 6 4 6 R
1 7 4 4 R
1 8 3 8 D
1 9 11 6 R
1 10 6 6 R
1 11 6 11 U
1 12 4 12 U
2 0 13 0 L
2 1 0 7 D
2 2 6 2 L
2 4 3 12 U
2 5 5 5 R
2 6 5 12 U
2 7 0 4 R
2 8 0 0 L
2 9 12 4 R
2 10 0 7 D
2 11 9 4 R
2 12 14 12 U
3 0 15 11 U
3 1 0 10 U
3 2 7 2 L
3 3 5 3 L
3 4 5 10 U
3 5 8 10 U
3 6 7 6 R
3 7 0 11 U
3 8 9 2 L
3 9 0 3 L
3 10 1 10 U
3 11 17 11 U
3 12 1 6 R
4 0 11 8 D
4 1 0 11 U
4 2 2 2 L
4 3 0 8 D
4 4 10 11 U
4 5 10 2 L
4 6 7 6 R
4 7 3 3 L
4 8 15 6 R
4 9 2 9 D
4 10 8 10 U
4 11 5 11 U
4 12 0 5 R
5 0 2 10 U
5 1 7 1 L
5 2 10 2 L
5 3 2 3 L
5 4 4 8 D
5 5 3 11 U
5 6 0 12 U
5 7 10 7 D
5 8 11 1 L
5 9 14 6 R
5 10 12 0 L
5 11 7 3 L
5 12 0 9 D
6 0 8 10 U
6 1 1 9 D
6 2 2 10 U
6 4 0 2 L
6 5 10 5 R
6 6 11 6 R
6 7 7 0 L
6 8 4 8 D
6 9 1 9 D
6 10 5 0 L
6 11 14 1 L
6 12 13 12 U
7 0 9 7 D
7 1 0 5 R
7 2 10 2 L
7 4 4 11 U
7 5 3 5 R
7 6 5 6 R
7 7 10 1 L
7 8 4 4 R
7 9 3 1 L
7 10 12 1 L
7 11 6 7 D
7 12 2 3 L
8 0 1 8 D
8 1 6 11 U
8 2 12 10 U
8 4 4 0 L
8 5 6 7 D
8 6 0 0 L
8 7 1 6 R
8 8 6 0 L
8 9 3 5 R
8 10 6 5 R
8 11 3 5 R
8 12 10 12 U
9 1 6 1 L
9 2 13 5 R
9 4 4 4 R
9 5 0 9 D
9 6 8 0 L
9 7 3 7 D
9 8 1 8 D
9 9 4 9 D
9 10 1 6 R
9 11 1 6 R
9 12 11 9 D
10 0 14 9 D
10 1 16 7 D
10 2 5 2 L
10 4 0 10 U
10 5 0 1 L
10 6 2 6 R
10 7 15 0 L
10 8 0 1 L
10 9 5 9 D
10 10 12 10 U
10 11 0 3 L
10 12 0 4 R
11 0 6 12 U
11 1 13 1 L
11 2 5 2 L
11 4 7 4 R
11 5 1 5 R
11 6 8 1 L
11 7 2 5 R
11 8 3 5 R
11 9 15 6 R
11 10 7 2 L
11 11 4 8 D
11 12 10 4 R
12 0 7 0 L
12 1 9 8 D
12 2 16 12 U
12 4 0 7 D
12 5 6 0 L
12 6 1 1 L
12 7 7 1 L
12 8 13 5 R
12 9 2 9 D
12 10 5 6 R
12 11 8 11 U
12 12 1 8 D
13 0 7 9 D
13 1 0 12 U
13 2 16 11 U
13 4 7 8 D
13 5 11 0 L
13 6 0 8 D
13 7 2 7 D
13 8 14 8 D
13 9 3 9 D
13 10 9 4 R
13 11 4 5 R
13 12 4 8 D
14 0 0 4 R
14 1 9 7 D
14 2 8 12 U
14 3 1 10 U
14 4 10 8 D
14 5 6 2 L
14 6 16 12 U
14 7 11 10 U
14 8 2 8 D
14 9 12 9 D
14 10 9 2 L
14 12 2 5 R
15 1 4 12 U
15 2 4 11 U
15 4 5 4 R
15 5 8 1 L
15 6 12 2 L
15 7 5 5 R
15 8 8 4 R
15 9 8 5 R
15 10 6 9 D
15 11 6 4 R
15 12 2 7 D
16 1 5 1 L
16 4 7 12 U
16 6 2 6 R
16 7 6 2 L
16 8 5 2 L
16 9 13 9 D
16 10 2 0 L
16 12 8 12 U
17 4 14 0 L
17 6 6 6 R
17 8 6 8 D
17 9 1 9 D
18 6 3 6 R
18 7 17 1 L
18 8 13 8 D

