8 7 49
0 0 1 6 0 0 0 0 6 0
3 0 0 0 0 4 3 0 0 3
3 0 0 0 0 0 6 0 0 0
0 1 0 0 0 4 6 0 0 4
0 0 1 4 0 0 0 0 0 7
0 1 0 0 0 3 0 0 1 0
5 0 0 0 0 0 0 0 2 0
0 3 2 0 0 0 1 0 6 7
4 0 0 0 0 0 0 0 0 6
0 0 0 0 0 0 0 0 0 0
0 0 0 0 L
0 1 0 1 L
0 2 0 2 R
0 3 0 3 R
0 4 0 4 D
0 5 0 5 D
0 6 0 6 U
1 0 0 4 D
1 1 1 4 D
1 2 0 6 U
1 3 0 6 U
1 4 0 2 R
1 5 0 6 U
1 6 0 0 L
2 0 0 2 R
2 1 1 6 U
2 2 1 4 D
2 3 1 3 R
2 4 1 0 L
2 5 3 5 D
2 6 1 0 L
3 0 0 5 D
3 1 2 3 R
3 2 0 0 L
3 3 2 6 U
3 4 0 3 R
3 5 1 1 L
3 6 0 2 R
4 0 0 6 U
4 1 3 3 R
4 2 3 5 D
4 3 5 5 D
4 4 3 1 L
4 5 2 5 D
4 6 0 1 L
5 0 4 6 U
5 2 2 4 D
5 3 4 6 U
5 4 4 4 D
5 5 5 6 U
5 6 5 0 L
6 0 2 6 U
6 2 0 4 D
6 3 2 1 L
6 4 2 3 R
6 5 5 1 L
6 6 0 3 R
7 2 0 5 D
7 5 5 5 D

