19 24 390
10 0 0 0 2 14 2 0 0 0 1 7 16 0 14
0 0 0 0 0 3 0 0 1 0 0 9 0 12 12
0 11 0 17 5 0 0 12 0 13 0 0 16 6 5
3 12 0 1 0 0 0 0 0 17 14 14 0 15 0
3 5 1 8 0 3 0 0 0 4 12 0 0 14 4
0 0 0 11 0 11 0 0 0 4 0 2 0 0 0
8 0 0 0 0 7 4 0 0 6 0 0 12 12 0
0 14 0 15 5 3 4 1 4 11 0 8 2 4 0
16 1 15 3 0 12 16 10 0 0 5 8 0 0 2
15 14 0 5 1 15 4 1 18 11 0 17 16 5 7
17 13 0 0 18 0 1 0 7 0 0 11 9 0 0
13 0 0 14 0 0 15 15 16 0 6 0 6 6 0
16 10 3 8 9 11 1 0 18 17 14 0 16 15 0
15 0 0 0 0 1 16 12 6 0 13 0 3 0 0
0 15 0 17 0 0 4 18 9 15 0 0 0 0 0
0 0 0 0 R
0 1 0 1 R
0 2 0 2 R
0 3 0 3 R
0 4 0 4 R
0 5 0 5 R
0 6 0 6 U
0 7 0 7 U
0 8 0 8 U
0 9 0 9 U
0 10 0 10 U
0 11 0 11 U
0 12 0 12 D
0 13 0 13 D
0 14 0 14 D
0 15 0 15 D
0 16 0 16 D
0 17 0 17 D
0 18 0 18 L
0 19 0 19 L
0 20 0 20 L
0 21 0 21 L
0 22 0 22 L
0 23 0 23 L
1 0 13 10 U
1 1 8 7 U
1 2 2 2 R
1 3 9 8 U
1 4 13 6 U
1 5 2 5 R
1 6 0 18 L
1 7 0 3 R
1 8 9 8 U
1 9 5 9 U
1 10 7 10 U
1 11 4 11 U
1 12 8 12 D
1 13 3 1 R
1 14 5 1 R
1 15 4 15 D
1 16 2 16 D
1 17 11 17 D
1 18 10 18 L
1 19 0 0 R
1 20 0 6 U
1 21 2 9 U
1 22 3 17 D
1 23 0 3 R
2 0 13 16 D
2 1 12 1 R
2 2 6 2 R
2 3 5 3 R
2 4 6 10 U
2 5 0 19 L
2 6 0 12 D
2 7 16 1 R
2 8 1 0 R
2 9 1 1 R
2 10 6 22 L
2 11 12 11 U
2 12 9 12 D
2 13 6 13 D
2 14 14 20 L
2 15 5 15 D
2 16 0 19 L
2 17 6 20 L
2 18 5 2 R
2 19 6 19 L
2 20 3 20 L
2 21 4 21 L
2 22 3 22 L
2 23 12 23 L
3 0 10 7 U
3 1 0 15 D
3 2 1 8 U
3 3 11 6 U
3 4 2 4 R
3 5 12 5 R
3 6 12 20 L
3 7 0 23 L
3 8 1 1 R
3 9 0 17 D
3 10 1 5 R
3 11 1 11 U
3 12 4 12 D
3 13 0 7 U
3 14 1 14 D
3 15 0 6 U
3 16 1 7 U
3 17 9 1 R
3 18 0 7 U
3 19 11 12 D
3 20 14 16 D
3 21 5 0 R
3 22 0 17 D
3 23 2 23 L
4 0 12 0 R
4 1 0 18 L
4 2 0 21 L
4 3 9 22 L
4 4 11 16 D
4 5 8 5 R
4 6 0 22 L
4 7 11 7 U
4 8 13 8 U
4 9 3 4 R
4 10 2 10 U
4 11 2 11 U
4 12 1 12 D
4 13 9 2 R
4 14 7 14 D
4 15 2 15 D
4 16 1 16 D
4 17 10 17 D
4 18 8 17 D
4 19 2 19 L
4 20 13 20 L
4 21 1 14 D
4 22 6 11 U
4 23 2 23 L
5 0 3 8 U
5 1 2 1 R
5 2 0 7 U
5 3 4 11 U
5 4 0 22 L
5 5 2 12 D
5 6 2 0 R
5 7 0 2 R
5 8 6 2 R
5 9 8 9 U
5 10 3 3 R
5 11 0 4 R
5 12 0 0 R
5 13 0 20 L
5 14 17 19 L
5 15 1 15 D
5 16 1 16 D
5 17 0 4 R
5 18 0 1 R
5 19 8 13 D
5 20 0 15 D
5 21 11 14 D
5 22 3 22 L
5 23 4 12 D
6 0 13 14 D
6 1 12 8 U
6 2 0 9 U
6 3 0 19 L
6 4 1 14 D
6 5 0 16 D
6 6 2 20 L
6 7 4 7 U
6 8 14 3 R
6 9 3 0 R
6 10 5 20 L
6 11 10 2 R
6 12 1 12 D
6 13 10 13 D
6 14 13 18 L
6 15 2 18 L
6 16 2 18 L
6 17 0 21 L
6 18 0 8 U
6 19 14 19 L
6 20 7 9 U
6 21 8 21 L
6 22 12 22 L
7 0 0 13 D
7 1 0 23 L
7 2 0 12 D
7 3 3 3 R
7 4 13 4 R
7 5 5 6 U
7 6 0 20 L
7 7 13 23 L
7 8 1 8 U
7 9 15 3 R
7 10 0 16 D
7 11 16 19 L
7 12 3 12 D
7 13 1 18 L
7 14 1 14 D
7 15 4 0 R
7 16 13 16 D
7 17 3 2 R
7 18 0 5 R
7 19 17 6 U
7 20 9 12 D
7 21 9 7 U
7 22 8 15 D
8 0 0 11 U
8 1 3 1 R
8 2 11 11 U
8 3 1 7 U
8 4 2 11 U
8 5 0 20 L
8 6 3 22 L
8 7 0 19 L
8 8 4 8 U
8 9 4 9 U
8 10 1 10 U
8 11 12 19 L
8 12 0 5 R
8 13 0 3 R
8 14 1 19 L
8 15 4 1 R
8 16 4 4 R
8 17 1 17 D
8 18 0 15 D
8 19 6 16 D
8 20 2 7 U
8 21 5 10 U
8 22 13 22 L
8 23 2 23 L
9 0 0 6 U
9 1 0 21 L
9 2 12 7 U
9 3 2 8 U
9 4 0 17 D
9 5 13 6 U
9 6 7 18 L
9 7 3 22 L
9 8 4 0 R
9 9 0 13 D
9 10 15 1 R
9 11 1 11 U
9 12 0 19 L
9 13 0 2 R
9 14 12 21 L
9 15 10 21 L
9 16 0 1 R
9 17 4 17 D
9 18 3 9 U
9 19 5 13 D
9 20 5 20 L
9 21 1 21 L
9 22 1 8 U
9 23 1 23 L
10 0 4 8 U
10 1 1 19 L
10 2 7 2 R
10 3 6 3 R
10 5 12 6 U
10 6 11 21 L
10 7 4 3 R
10 8 0 13 D
10 9 1 9 U
10 10 1 10 U
10 11 9 0 R
10 12 15 3 R
10 13 6 13 D
10 14 9 10 U
10 15 2 15 D
10 16 1 16 D
10 17 15 10 U
10 18 6 15 D
10 19 2 13 D
10 20 4 14 D
10 21 9 17 D
10 22 0 5 R
11 0 9 13 D
11 1 0 7 U
11 2 4 2 R
11 3 4 6 U
11 4 9 4 R
11 6 0 5 R
11 7 8 4 R
11 8 10 15 D
11 9 8 9 U
11 10 4 10 U
11 11 10 14 D
11 12 8 19 L
11 13 10 20 L
11 14 12 0 R
11 15 13 0 R
11 16 15 21 L
11 17 4 17 D
11 18 7 9 U
11 19 10 8 U
11 20 0 1 R
11 21 5 15 D
11 22 8 13 D
11 23 1 12 D
12 0 4 12 D
12 1 0 8 U
12 2 11 10 U
12 3 8 7 U
12 4 3 13 D
12 5 1 5 R
12 6 0 14 D
12 7 6 3 R
12 8 2 8 U
12 9 3 9 U
12 11 9 11 U
12 12 11 18 L
12 13 10 23 L
12 14 7 22 L
12 15 3 20 L
12 16 9 22 L
12 17 1 17 D
12 18 0 2 R
12 19 0 16 D
12 20 0 12 D
12 21 0 0 R
12 22 1 22 L
12 23 0 14 D
13 0 4 15 D
13 1 11 9 U
13 2 4 2 R
13 3 14 17 D
13 5 6 5 R
13 6 8 1 R
13 7 0 0 R
13 8 1 8 U
13 9 14 9 U
13 11 3 18 L
13 12 0 22 L
13 13 1 13 D
13 15 9 22 L
13 16 5 23 L
13 17 4 17 D
13 18 14 0 R
13 19 14 14 D
13 20 2 20 L
13 21 2 21 L
13 22 0 4 R
13 23 0 11 U
14 0 0 14 D
14 1 1 1 R
14 2 2 2 R
14 3 8 3 R
14 6 13 4 R
14 7 3 18 L
14 8 8 18 L
14 9 3 1 R
14 11 1 11 U
14 12 5 0 R
14 13 2 19 L
14 14 1 14 D
14 15 9 19 L
14 16 6 16 D
14 17 7 5 R
14 18 10 13 D
14 19 6 12 D
14 20 11 15 D
14 21 16 12 D
14 22 0 13 D
15 0 17 9 U
15 2 4 2 R
15 3 0 22 L
15 6 5 5 R
15 7 2 3 R
15 8 0 21 L
15 9 4 9 U
15 11 6 11 U
15 12 0 18 L
15 13 1 13 D
15 16 10 19 L
15 17 16 7 U
15 18 11 6 U
15 19 1 15 D
15 20 0 3 R
15 22 16 10 U
16 0 6 17 D
16 2 0 20 L
16 3 10 18 L
16 6 1 3 R
16 7 15 21 L
16 8 10 0 R
16 9 1 9 U
16 12 8 4 R
16 16 8 18 L
16 17 7 17 D
16 18 13 7 U
16 20 3 7 U
16 21 7 21 L
17 0 13 0 R
17 2 2 2 R
17 3 2 3 R
17 6 14 12 D
17 8 1 8 U
17 9 1 9 U
17 12 1 0 R
17 16 10 16 D
17 18 18 18 L
18 0 9 11 U
18 2 6 14 D
18 6 0 1 R
18 9 7 9 U
18 16 11 3 R

