30 39 964
11 0 23 12 24 19 20 0 9 0 27 25 21 25 22 6
0 7 0 0 0 0 22 23 0 4 20 0 23 0 9 14
18 0 0 19 19 5 0 7 19 0 13 0 6 0 0 27
13 28 0 1 0 0 7 0 0 0 20 0 5 0 7 16
21 8 20 0 2 1 22 0 17 13 2 0 0 0 20 0
0 22 7 0 18 0 0 7 0 0 0 0 8 0 1 20
28 29 0 21 0 29 0 0 0 18 0 12 0 0 0 0
8 9 14 0 3 0 5 0 16 22 0 28 18 26 0 4
14 11 0 3 24 21 15 2 0 16 6 25 0 0 15 20
2 15 0 0 11 0 0 0 0 22 0 1 0 0 0 0
21 0 25 16 21 0 19 0 18 16 10 1 0 0 0 4
0 28 16 0 15 0 0 0 0 0 18 7 0 3 26 23
0 27 28 0 0 0 0 1 0 0 22 16 0 8 21 1
0 0 4 7 9 0 0 27 20 0 7 0 0 0 19 19
0 11 0 0 0 0 0 0 0 0 0 11 0 29 12 3
16 26 0 0 0 0 0 0 0 11 23 5 11 28 0 2
0 0 0 0 R
0 1 0 1 R
0 2 0 2 R
0 3 0 3 R
0 4 0 4 R
0 5 0 5 R
0 6 0 6 R
0 7 0 7 R
0 8 0 8 R
0 9 0 9 R
0 10 0 10 U
0 11 0 11 U
0 12 0 12 U
0 13 0 13 U
0 14 0 14 U
0 15 0 15 U
0 16 0 16 U
0 17 0 17 U
0 18 0 18 U
0 19 0 19 U
0 20 0 20 D
0 21 0 21 D
0 22 0 22 D
0 23 0 23 D
0 24 0 24 D
0 25 0 25 D
0 26 0 26 D
0 27 0 27 D
0 28 0 28 D
0 29 0 29 L
0 30 0 30 L
0 31 0 31 L
0 32 0 32 L
0 33 0 33 L
0 34 0 34 L
0 35 0 35 L
0 36 0 36 L
0 37 0 37 L
0 38 0 38 L
1 0 24 14 U
1 1 2 12 U
1 2 8 32 L
1 3 21 14 U
1 4 10 10 U
1 5 6 32 L
1 6 6 16 U
1 7 21 19 U
1 8 12 27 D
1 9 0 14 U
1 10 7 36 L
1 11 0 0 R
1 12 5 12 U
1 13 7 13 U
1 14 0 2 R
1 15 0 4 R
1 16 5 16 U
1 17 14 37 L
1 18 7 18 U
1 19 17 19 U
1 20 5 20 D
1 21 21 29 L
1 22 0 12 U
1 23 0 30 L
1 24 20 0 R
1 25 14 25 D
1 26 15 26 D
1 27 5 27 D
1 28 5 34 L
1 29 0 22 D
1 30 0 11 U
1 31 2 23 D
1 32 14 16 U
1 33 12 16 U
1 34 2 12 U
1 35 6 27 D
1 36 15 28 D
1 37 10 16 U
1 38 23 27 D
2 0 0 29 L
2 1 12 22 D
2 2 1 13 U
2 3 22 3 R
2 4 11 4 R
2 5 3 5 R
2 6 15 6 R
2 7 9 7 R
2 8 14 28 D
2 9 8 26 D
2 10 0 30 L
2 11 0 22 D
2 12 11 4 R
2 13 1 13 U
2 14 0 31 L
2 15 14 2 R
2 16 27 16 U
2 17 6 33 L
2 18 17 35 L
2 19 13 6 R
2 20 26 37 L
2 21 0 11 U
2 22 7 38 L
2 23 3 29 L
2 24 5 3 R
2 25 18 25 D
2 26 13 26 D
2 27 5 31 L
2 28 5 6 R
2 29 0 18 U
2 30 10 15 U
2 31 27 18 U
2 32 4 13 U
2 33 6 15 U
2 34 3 23 D
2 35 13 27 D
2 36 8 36 L
2 37 12 9 R
2 38 22 38 L
3 0 2 0 R
3 1 19 1 R
3 2 2 2 R
3 3 12 29 L
3 4 21 23 D
3 5 9 26 D
3 6 0 33 L
3 7 4 32 L
3 8 11 8 R
3 9 6 24 D
3 10 1 36 L
3 11 5 36 L
3 12 6 3 R
3 13 22 0 R
3 14 10 32 L
3 15 0 21 D
3 16 6 6 R
3 17 12 36 L
3 18 15 37 L
3 19 4 36 L
3 20 4 37 L
3 21 6 31 L
3 22 14 33 L
3 23 10 35 L
3 24 1 31 L
3 25 2 25 D
3 26 13 3 R
3 27 9 38 L
3 28 24 16 U
3 29 7 0 R
3 30 16 28 D
3 31 2 31 L
3 32 21 24 D
3 33 6 33 L
3 34 2 34 L
3 35 0 10 U
3 36 6 36 L
3 37 11 37 L
3 38 2 38 L
4 0 3 36 L
4 1 16 1 R
4 2 3 2 R
4 3 11 16 U
4 4 14 16 U
4 5 7 21 D
4 6 9 6 R
4 7 5 32 L
4 8 25 21 D
4 9 3 9 R
4 10 14 3 R
4 11 8 11 U
4 12 0 37 L
4 13 7 13 U
4 14 7 14 U
4 15 6 37 L
4 16 13 37 L
4 17 5 17 U
4 18 7 1 R
4 19 25 19 U
4 20 12 29 L
4 21 9 8 R
4 22 19 0 R
4 23 0 2 R
4 24 0 13 U
4 25 1 25 D
4 26 0 31 L
4 27 22 1 R
4 28 12 8 R
4 29 19 14 U
4 30 16 30 L
4 31 17 21 D
4 32 0 2 R
4 33 10 24 D
4 34 12 7 R
4 35 2 35 L
4 36 12 36 L
4 37 2 37 L
4 38 10 38 L
5 0 17 24 D
5 1 1 32 L
5 2 11 34 L
5 3 1 31 L
5 4 0 15 U
5 5 17 16 U
5 6 20 34 L
5 7 3 17 U
5 8 4 22 D
5 9 0 38 L
5 10 9 34 L
5 11 11 11 U
5 12 1 12 U
5 13 2 0 R
5 14 0 27 D
5 15 11 32 L
5 16 1 16 U
5 17 24 17 U
5 18 1 18 U
5 19 1 2 R
5 20 0 29 L
5 21 12 34 L
5 22 18 2 R
5 23 1 23 D
5 24 23 6 R
5 25 2 2 R
5 26 1 26 D
5 27 4 27 D
5 28 4 28 D
5 29 24 23 D
5 30 14 13 U
5 31 0 15 U
5 32 15 11 U
5 33 9 17 U
5 34 17 18 U
5 35 6 10 U
5 36 9 24 D
5 37 7 11 U
5 38 22 11 U
6 0 18 10 U
6 1 25 20 D
6 2 18 2 R
6 3 9 11 U
6 4 3 4 R
6 5 4 5 R
6 6 12 6 R
6 7 4 7 R
6 8 3 8 R
6 9 4 9 R
6 10 3 30 L
6 11 1 3 R
6 12 7 32 L
6 13 12 35 L
6 14 10 8 R
6 15 2 34 L
6 16 7 9 R
6 17 0 5 R
6 18 0 5 R
6 19 4 19 U
6 20 0 34 L
6 21 15 30 L
6 22 26 22 D
6 23 16 15 U
6 24 20 24 D
6 25 0 18 U
6 26 1 35 L
6 27 0 9 R
6 28 18 18 U
6 29 0 21 D
6 30 3 30 L
6 31 19 24 D
6 32 0 4 R
6 33 15 27 D
6 34 15 34 L
6 35 10 35 L
6 36 0 24 D
6 37 12 25 D
6 38 5 13 U
7 0 5 24 D
7 1 0 32 L
7 2 16 15 U
7 3 17 10 U
7 4 19 30 L
7 5 10 22 D
7 6 0 29 L
7 7 0 10 U
7 8 4 8 R
7 9 20 10 U
7 10 19 30 L
7 11 16 0 R
7 12 13 12 U
7 13 14 0 R
7 14 18 14 U
7 15 0 28 D
7 16 0 26 D
7 18 19 30 L
7 19 17 19 U
7 20 9 10 U
7 21 16 21 D
7 22 1 22 D
7 23 18 23 D
7 24 4 24 D
7 25 13 25 D
7 26 1 26 D
7 27 20 27 D
7 28 8 9 R
7 29 2 19 U
7 30 0 16 U
7 31 19 0 R
7 32 24 15 U
7 33 6 21 D
7 34 6 34 L
7 35 25 28 D
7 36 6 1 R
7 37 2 37 L
7 38 4 38 L
8 0 19 21 D
8 1 13 13 U
8 2 0 30 L
8 3 0 14 U
8 4 25 4 R
8 5 21 17 U
8 6 12 25 D
8 7 2 7 R
8 8 17 25 D
8 9 17 28 D
8 10 2 0 R
8 11 0 23 D
8 12 12 7 R
8 13 5 34 L
8 14 9 1 R
8 15 11 15 U
8 16 10 35 L
8 18 10 6 R
8 19 9 7 R
8 20 0 3 R
8 21 25 13 U
8 22 4 6 R
8 23 13 23 D
8 24 14 35 L
8 25 27 0 R
8 26 12 26 D
8 27 5 2 R
8 28 23 28 D
8 29 3 12 U
8 30 2 23 D
8 31 19 11 U
8 32 17 15 U
8 33 16 13 U
8 34 1 17 U
8 35 14 26 D
8 36 14 10 U
8 37 25 17 U
8 38 13 38 L
9 0 0 10 U
9 1 3 1 R
9 2 12 32 L
9 3 6 3 R
9 4 6 23 D
9 5 14 18 U
9 6 17 17 U
9 7 19 20 D
9 8 0 36 L
9 9 4 9 R
9 10 2 34 L
9 11 13 6 R
9 12 13 4 R
9 13 4 2 R
9 14 8 14 U
9 15 7 15 U
9 16 7 1 R
9 18 2 7 R
9 20 2 13 U
9 21 10 9 R
9 22 3 4 R
9 23 11 2 R
9 24 5 24 D
9 25 17 31 L
9 26 17 36 L
9 27 11 13 U
9 28 6 30 L
9 29 15 10 U
9 30 16 4 R
9 31 11 28 D
9 32 3 19 U
9 33 15 33 L
9 34 8 34 L
9 35 10 35 L
9 36 12 10 U
9 37 15 24 D
9 38 24 38 L
10 0 3 20 D
10 1 13 14 U
10 2 2 14 U
10 3 11 21 D
10 4 3 4 R
10 5 0 32 L
10 6 1 18 U
10 7 3 7 R
10 8 23 8 R
10 9 8 9 R
10 10 15 29 L
10 11 4 34 L
10 12 0 24 D
10 13 5 13 U
10 14 8 5 R
10 15 19 35 L
10 16 9 4 R
10 17 1 7 R
10 18 22 1 R
10 19 15 1 R
10 20 0 15 U
10 21 0 37 L
10 22 25 22 D
10 23 18 29 L
10 24 2 30 L
10 25 6 38 L
10 26 4 26 D
10 27 26 36 L
10 28 5 28 D
10 29 18 12 U
10 30 12 10 U
10 31 0 3 R
10 32 11 26 D
10 33 3 33 L
10 34 4 34 L
10 35 24 14 U
10 36 12 36 L
10 37 17 26 D
10 38 5 9 R
11 0 5 29 L
11 1 0 20 D
11 2 0 12 U
11 3 3 3 R
11 4 9 4 R
11 5 3 5 R
11 6 17 14 U
11 7 20 23 D
11 8 7 21 D
11 9 5 9 R
11 10 9 0 R
11 11 21 5 R
11 12 2 2 R
11 13 25 31 L
11 14 14 1 R
11 16 8 3 R
11 17 4 3 R
11 18 4 4 R
11 19 6 3 R
11 20 18 20 D
11 21 20 21 D
11 22 17 9 R
11 23 9 11 U
11 24 10 5 R
11 25 18 25 D
11 26 1 26 D
11 27 5 27 D
11 28 13 28 D
11 29 20 22 D
11 30 3 30 L
11 31 6 31 L
11 32 26 32 L
11 33 2 33 L
11 34 14 24 D
11 35 16 35 L
11 36 22 36 L
11 37 9 13 U
11 38 10 38 L
12 0 5 22 D
12 1 8 21 D
12 2 24 24 D
12 3 0 31 L
12 4 3 33 L
12 5 9 22 D
12 6 6 6 R
12 7 11 7 R
12 8 9 8 R
12 9 9 9 R
12 10 0 35 L
12 11 6 33 L
12 12 3 36 L
12 13 22 29 L
12 14 8 34 L
12 16 11 2 R
12 17 4 33 L
12 18 14 29 L
12 20 11 11 U
12 21 8 3 R
12 22 13 22 D
12 23 2 35 L
12 24 16 24 D
12 25 21 30 L
12 26 5 32 L
12 27 6 32 L
12 28 20 7 R
12 29 15 20 D
12 30 3 23 D
12 31 0 23 D
12 32 3 32 L
12 33 22 33 L
12 34 11 27 D
12 35 2 35 L
12 36 13 27 D
12 37 4 20 D
12 38 6 38 L
13 0 6 33 L
13 1 4 28 D
13 2 17 2 R
13 3 3 3 R
13 4 0 25 D
13 5 17 10 U
13 6 16 6 R
13 7 11 7 R
13 8 6 8 R
13 10 15 36 L
13 11 16 35 L
13 12 5 12 U
13 13 8 13 U
13 14 8 14 U
13 15 18 15 U
13 16 10 16 U
13 18 14 18 U
13 20 7 20 D
13 21 1 11 U
13 22 1 22 D
13 23 2 31 L
13 24 7 24 D
13 25 0 33 L
13 26 10 26 D
13 27 8 27 D
13 28 2 14 U
13 29 19 26 D
13 30 15 22 D
13 31 0 19 U
13 32 10 13 U
13 33 15 33 L
13 34 25 14 U
13 35 14 25 D
13 36 19 36 L
13 37 25 37 L
13 38 15 14 U
14 0 7 27 D
14 1 1 12 U
14 2 20 10 U
14 3 8 28 D
14 4 3 13 U
14 5 3 13 U
14 6 8 26 D
14 7 9 7 R
14 8 1 19 U
14 10 11 21 D
14 11 19 37 L
14 12 18 12 U
14 13 13 24 D
14 14 1 14 U
14 15 23 7 R
14 16 21 7 R
14 17 21 9 R
14 18 6 37 L
14 19 12 5 R
14 20 17 0 R
14 21 1 31 L
14 22 1 14 U
14 23 6 23 D
14 24 1 24 D
14 25 24 3 R
14 26 22 26 D
14 27 1 27 D
14 28 21 4 R
14 29 24 1 R
14 30 21 21 D
14 31 6 27 D
14 32 0 27 D
14 33 6 33 L
14 34 23 12 U
14 35 13 8 R
14 36 12 7 R
14 37 11 37 L
14 38 15 21 D
15 0 3 18 U
15 1 24 11 U
15 2 7 20 D
15 3 18 3 R
15 4 16 4 R
15 5 16 5 R
15 6 1 15 U
15 7 17 7 R
15 8 11 20 D
15 9 10 21 D
15 10 6 33 L
15 11 13 9 R
15 12 22 5 R
15 13 21 4 R
15 14 0 20 D
15 15 4 30 L
15 16 8 6 R
15 17 1 8 R
15 18 5 18 U
15 19 7 19 U
15 20 25 1 R
15 21 5 4 R
15 22 25 22 D
15 23 13 23 D
15 24 25 24 D
15 25 17 4 R
15 26 22 38 L
15 27 21 6 R
15 28 13 28 D
15 29 0 20 D
15 30 0 1 R
15 31 19 27 D
15 32 21 10 U
15 33 1 23 D
15 34 8 25 D
15 35 6 35 L
15 36 6 22 D
15 38 3 38 L
16 0 2 21 D
16 1 10 15 U
16 2 19 22 D
16 3 17 3 R
16 4 0 30 L
16 5 11 5 R
16 6 23 28 D
16 7 27 21 D
16 8 0 35 L
16 10 15 37 L
16 11 7 29 L
16 12 10 34 L
16 13 21 13 U
16 14 7 14 U
16 16 23 16 U
16 17 1 0 R
16 18 5 8 R
16 20 24 30 L
16 21 26 15 U
16 22 15 29 L
16 23 1 29 L
16 24 5 37 L
16 25 18 25 D
16 26 5 29 L
16 27 7 27 D
16 28 5 28 D
16 29 20 13 U
16 30 12 30 L
16 31 15 31 L
16 32 3 32 L
16 33 11 26 D
16 34 7 34 L
16 35 9 35 L
16 36 15 36 L
16 37 0 1 R
16 38 12 38 L
17 0 5 31 L
17 1 3 12 U
17 2 1 12 U
17 3 9 19 U
17 4 16 4 R
17 5 7 12 U
17 7 6 12 U
17 8 4 8 R
17 9 20 9 R
17 10 26 2 R
17 11 4 4 R
17 12 15 1 R
17 13 2 13 U
17 14 11 3 R
17 16 2 32 L
17 18 4 32 L
17 20 4 0 R
17 21 2 33 L
17 22 4 32 L
17 23 24 37 L
17 24 15 1 R
17 25 7 2 R
17 26 4 31 L
17 27 8 3 R
17 28 5 28 D
17 29 7 11 U
17 30 23 30 L
17 31 15 31 L
17 32 22 17 U
17 33 6 23 D
17 34 0 20 D
17 35 3 12 U
17 36 1 36 L
17 37 9 24 D
17 38 4 15 U
18 0 19 12 U
18 1 13 35 L
18 2 7 15 U
18 4 2 35 L
18 5 6 24 D
18 6 11 13 U
18 7 16 7 R
18 8 6 8 R
18 10 20 32 L
18 11 7 11 U
18 12 7 12 U
18 13 10 13 U
18 14 0 23 D
18 15 13 15 U
18 16 2 16 U
18 18 6 18 U
18 20 14 36 L
18 21 5 0 R
18 22 9 3 R
18 23 7 23 D
18 24 13 5 R
18 25 13 25 D
18 26 0 1 R
18 27 1 27 D
18 28 1 13 U
18 29 0 14 U
18 30 10 30 L
18 31 1 11 U
18 32 14 18 U
18 33 4 22 D
18 34 20 25 D
18 37 15 27 D
18 38 8 38 L
19 0 10 26 D
19 1 12 27 D
19 2 0 11 U
19 3 12 23 D
19 4 8 20 D
19 5 6 21 D
19 7 16 7 R
19 8 11 8 R
19 10 0 29 L
19 11 16 30 L
19 12 11 12 U
19 13 21 3 R
19 14 8 14 U
19 15 0 32 L
19 18 14 18 U
19 20 6 38 L
19 21 0 10 U
19 22 0 6 R
19 23 8 1 R
19 24 4 11 U
19 25 3 32 L
19 26 17 9 R
19 27 15 38 L
19 28 1 28 D
19 29 0 13 U
19 30 9 18 U
19 31 7 31 L
19 32 10 22 D
19 33 15 33 L
19 35 12 35 L
19 37 15 20 D
19 38 17 26 D
20 0 7 20 D
20 1 0 16 U
20 2 9 2 R
20 4 11 4 R
20 5 17 12 U
20 7 12 7 R
20 10 26 20 D
20 11 23 11 U
20 12 26 0 R
20 13 6 30 L
20 14 18 36 L
20 16 9 38 L
20 17 14 22 D
20 18 2 18 U
20 20 6 30 L
20 21 3 36 L
20 22 5 22 D
20 23 5 23 D
20 24 23 24 D
20 25 1 25 D
20 26 23 9 R
20 27 1 37 L
20 28 2 3 R
20 29 8 17 U
20 30 19 20 D
20 31 0 25 D
20 32 2 16 U
20 33 14 20 D
20 38 5 12 U
21 0 8 30 L
21 1 10 24 D
21 2 4 25 D
21 4 22 14 U
21 5 3 5 R
21 9 4 9 R
21 10 1 26 D
21 11 1 7 R
21 12 8 26 D
21 13 6 5 R
21 14 9 14 U
21 15 0 3 R
21 16 4 3 R
21 18 13 18 U
21 20 17 8 R
21 21 1 10 U
21 22 8 30 L
21 23 13 23 D
21 24 18 36 L
21 25 8 32 L
21 26 6 2 R
21 27 9 33 L
21 28 17 28 D
21 30 20 17 U
21 31 13 21 D
21 32 9 25 D
21 33 15 11 U
21 34 6 24 D
21 35 17 16 U
21 36 9 22 D
21 38 17 27 D
22 0 6 20 D
22 1 16 10 U
22 2 0 23 D
22 3 9 3 R
22 4 26 32 L
22 5 23 5 R
22 6 12 10 U
22 7 12 7 R
22 8 13 8 R
22 9 26 9 R
22 10 18 33 L
22 11 7 11 U
22 12 1 1 R
22 13 24 30 L
22 14 7 38 L
22 20 0 0 R
22 21 2 36 L
22 22 1 22 D
22 23 14 8 R
22 24 1 24 D
22 25 4 1 R
22 26 16 33 L
22 27 8 38 L
22 28 18 28 D
22 29 10 29 L
22 30 17 22 D
22 31 13 31 L
22 32 2 32 L
22 33 6 33 L
22 34 15 34 L
22 36 6 36 L
22 38 6 38 L
23 0 12 23 D
23 2 11 2 R
23 4 0 33 L
23 8 3 8 R
23 11 27 4 R
23 12 11 26 D
23 13 1 13 U
23 14 20 33 L
23 17 7 17 U
23 18 9 18 U
23 21 1 21 D
23 22 2 10 U
23 23 0 16 U
23 24 18 0 R
23 25 1 25 D
23 26 18 5 R
23 27 8 5 R
23 28 2 28 D
23 30 6 11 U
23 31 7 21 D
23 32 13 21 D
23 33 0 17 U
23 35 12 35 L
23 36 17 10 U
23 37 0 6 R
23 38 5 10 U
24 0 13 16 U
24 2 17 25 D
24 3 23 13 U
24 4 10 4 R
24 6 1 22 D
24 7 10 13 U
24 8 6 16 U
24 9 11 17 U
24 10 19 31 L
24 11 8 11 U
24 12 4 8 R
24 13 7 31 L
24 14 7 14 U
24 22 5 22 D
24 23 11 33 L
24 25 1 25 D
24 26 1 26 D
24 27 1 27 D
24 28 5 28 D
24 29 3 20 D
24 30 5 27 D
24 31 5 18 U
24 32 16 12 U
24 33 5 21 D
24 37 8 15 U
24 38 6 38 L
25 1 12 1 R
25 2 22 28 D
25 3 10 20 D
25 4 11 25 D
25 5 11 5 R
25 6 3 25 D
25 11 26 1 R
25 12 3 4 R
25 13 15 4 R
25 14 14 14 U
25 15 5 2 R
25 16 22 16 U
25 17 17 6 R
25 20 0 8 R
25 22 4 5 R
25 23 16 4 R
25 25 8 11 U
25 27 1 27 D
25 28 8 4 R
25 30 2 30 L
25 31 3 31 L
25 32 6 32 L
25 33 8 33 L
25 35 4 35 L
25 36 1 15 U
25 37 6 37 L
25 38 2 38 L
26 1 3 1 R
26 2 2 38 L
26 3 19 10 U
26 4 3 4 R
26 5 27 5 R
26 6 25 6 R
26 10 25 1 R
26 14 4 6 R
26 16 2 16 U
26 22 10 17 U
26 23 14 34 L
26 25 1 25 D
26 26 1 26 D
26 27 1 27 D
26 28 16 0 R
26 29 0 12 U
26 30 12 22 D
26 32 19 28 D
26 33 12 22 D
26 36 9 36 L
26 37 3 28 D
26 38 12 38 L
27 2 24 27 D
27 4 12 4 R
27 11 19 1 R
27 14 14 14 U
27 22 5 2 R
27 23 9 23 D
27 24 23 18 U
27 25 13 7 R
27 27 7 27 D
27 29 4 16 U
27 30 18 16 U
27 32 2 32 L
27 33 25 21 D
27 38 3 18 U
28 2 11 2 R
28 14 27 14 U
28 22 5 22 D
28 23 18 0 R
28 30 0 0 R
28 38 0 28 D
29 23 25 23 D
29 30 23 24 D
29 38 4 38 L

