19 12 201
0 0 9 10 0 0 14 0 0 0 15 0 0 0 0 0 4
0 0 0 0 0 1 0 0 14 0 1 0 0 17 0 0 0
0 0 0 12 0 0 0 0 0 8 0 0 0 0 0 0 8
0 0 0 0 3 0 5 0 0 6 0 0 0 4 3 0 0
0 6 0 0 6 0 0 6 15 10 0 0 0 0 6 7 9
0 0 9 0 2 0 0 0 14 2 10 16 6 13 9 0 17
5 0 16 5 0 0 14 0 0 0 0 3 0 3 0 15 7
0 0 0 14 0 3 0 0 0 0 16 0 0 18 0 17 3
0 1 0 6 0 0 0 0 0 9 0 0 0 1 0 0 10
0 0 11 0 0 0 0 0 5 4 0 0 15 0 0 0 2
0 0 12 6 1 0 0 0 11 6 0 0 0 0 14 0 10
0 15 0 0 14 16 0 0 0 0 0 10 0 0 0 1 6
10 0 2 0 7 9 3 0 13 16 0 6 0 0 0 0 16
0 5 0 0 0 0 0 0 0 0 0 0 0 0 0 0 0
3 7 11 0 10 0 3 3 0 0 0 0 11 0 0 0 11
2 0 0 0 8 6 0 4 4 0 0 0 0 0 0 9 0
4 14 9 0 12 0 11 0 0 2 0 0 0 0 0 8 9
0 0 0 0 U
0 1 0 1 U
0 2 0 2 U
0 3 0 3 R
0 4 0 4 R
0 5 0 5 R
0 6 0 6 D
0 7 0 7 D
0 8 0 8 D
0 9 0 9 L
0 10 0 10 L
0 11 0 11 L
1 0 12 11 L
1 1 0 11 L
1 2 4 2 U
1 3 0 0 U
1 4 6 4 R
1 5 5 1 U
1 6 15 5 R
1 7 10 10 L
1 8 13 8 D
1 9 11 7 D
1 10 0 0 U
1 11 0 7 D
2 0 12 10 L
2 1 1 1 U
2 2 4 2 U
2 3 8 0 U
2 4 10 4 R
2 5 7 7 D
2 6 3 0 U
2 7 1 7 D
2 8 4 8 D
2 9 11 9 L
2 10 0 1 U
3 0 0 3 R
3 1 0 6 D
3 2 0 8 D
3 3 0 6 D
3 4 1 4 R
3 5 6 5 R
3 6 0 3 R
3 7 4 7 D
3 8 13 9 L
3 9 9 6 D
3 10 13 7 D
3 11 7 11 L
4 0 7 0 U
4 1 2 1 U
4 2 3 2 U
4 3 1 3 R
4 4 2 1 U
4 5 0 9 L
4 6 0 4 R
4 7 1 9 L
4 8 0 5 R
4 9 11 8 D
4 10 3 7 D
4 11 6 6 D
5 0 0 4 R
5 1 3 9 L
5 2 1 2 U
5 3 12 6 D
5 4 8 6 D
5 5 1 6 D
5 6 0 1 U
5 7 11 7 D
5 8 1 8 D
5 9 14 4 R
5 10 0 5 R
5 11 0 2 U
6 0 0 5 R
6 1 0 7 D
6 2 5 2 U
6 3 14 3 R
6 4 4 4 R
6 5 8 5 R
6 6 2 3 R
6 7 11 4 R
6 8 9 4 R
6 9 0 8 D
6 10 5 10 L
6 11 7 1 U
7 0 0 10 L
7 1 9 4 R
7 2 12 9 L
7 3 0 1 U
7 4 15 8 D
7 5 0 11 L
7 6 11 9 L
7 7 3 3 R
7 8 5 8 D
7 9 5 3 R
7 10 1 1 U
7 11 1 11 L
8 0 14 9 L
8 1 2 11 L
8 2 0 9 L
8 3 4 9 L
8 4 1 0 U
8 5 11 5 R
8 6 0 9 L
8 7 9 7 D
8 8 6 8 D
8 9 3 9 L
8 10 4 1 U
8 11 6 11 L
9 0 3 4 R
9 1 7 3 R
9 2 8 10 L
9 3 13 1 U
9 4 3 11 L
9 5 0 2 U
9 6 12 6 D
9 7 0 10 L
9 8 4 4 R
9 9 11 9 L
9 10 6 6 D
9 11 7 4 R
10 0 7 0 U
10 1 11 1 U
10 2 14 10 L
10 3 8 8 D
10 4 4 6 D
10 5 1 5 R
10 6 2 10 L
10 7 4 7 D
10 8 9 9 L
10 9 3 6 D
10 10 6 10 L
10 11 14 11 L
11 0 3 5 R
11 1 8 1 U
11 2 15 2 U
11 3 4 0 U
11 4 0 10 L
11 5 8 5 R
11 6 2 11 L
11 7 4 7 D
11 8 9 10 L
11 9 0 3 R
11 10 0 2 U
11 11 2 11 L
12 0 5 9 L
12 1 4 9 L
12 2 4 4 R
12 3 0 7 D
12 4 14 0 U
12 5 0 8 D
12 6 4 3 R
12 7 0 9 L
12 8 9 8 D
12 9 3 8 D
12 10 7 3 R
12 11 4 11 L
13 0 8 3 R
13 1 2 1 U
13 2 1 10 L
13 3 9 2 U
13 4 8 4 R
13 5 6 5 R
13 6 0 0 U
13 7 12 11 L
13 8 0 2 U
13 9 12 9 L
13 10 6 8 D
13 11 0 6 D
14 0 6 3 R
14 1 5 10 L
14 2 0 6 D
14 3 11 2 U
14 4 7 4 R
14 5 15 6 D
14 6 4 5 R
14 7 12 7 D
14 8 1 10 L
14 9 2 0 U
14 10 13 10 L
14 11 3 11 L
15 0 1 0 U
15 1 14 10 L
15 3 10 6 D
15 4 9 7 D
15 5 6 5 R
15 6 1 6 D
15 7 9 9 L
15 9 4 0 U
15 10 7 6 D
15 11 2 1 U
16 0 12 3 R
16 3 4 11 L
16 4 0 6 D
16 5 15 5 R
16 6 1 3 R
16 7 17 5 R
16 10 2 10 L
17 0 0 9 L
17 4 2 11 L
17 5 8 7 D
17 9 16 1 U
18 5 2 5 R

