34 33 947
25 0 0 0 0 0 0 0 0 0 0 0 18 18 24 2
19 15 0 32 21 0 26 0 27 0 0 0 30 0 0 12
0 5 0 9 9 11 26 0 0 0 0 0 27 30 0 17
2 25 0 4 0 11 0 13 23 0 0 0 30 25 0 17
27 0 13 0 8 3 0 0 0 0 15 14 0 0 0 0
0 21 31 22 0 15 0 0 0 24 0 27 25 0 0 17
0 33 11 0 5 29 0 0 0 0 21 0 0 25 5 29
0 27 0 15 4 31 0 0 0 0 14 0 28 17 0 28
0 0 0 11 0 19 20 0 25 0 26 0 0 0 27 14
0 0 9 13 2 0 2 0 2 0 2 0 0 0 19 0
0 0 25 0 29 0 0 0 0 2 0 16 21 32 0 30
0 0 17 18 15 11 28 5 2 21 11 24 0 6 0 1
0 0 0 0 0 22 0 0 4 31 0 0 0 26 19 17
22 32 0 26 11 9 0 0 26 0 0 0 28 0 0 27
0 28 24 21 28 0 0 0 29 0 33 25 25 0 0 22
13 20 23 25 12 0 0 0 11 16 21 0 19 15 0 7
0 0 0 0 L
0 1 0 1 L
0 2 0 2 L
0 3 0 3 L
0 4 0 4 L
0 5 0 5 L
0 6 0 6 L
0 7 0 7 L
0 8 0 8 L
0 9 0 9 R
0 10 0 10 R
0 11 0 11 R
0 12 0 12 R
0 13 0 13 R
0 14 0 14 R
0 15 0 15 R
0 16 0 16 R
0 17 0 17 R
0 18 0 18 D
0 19 0 19 D
0 20 0 20 D
0 21 0 21 D
0 22 0 22 D
0 23 0 23 D
0 24 0 24 D
0 25 0 25 U
0 26 0 26 U
0 27 0 27 U
0 28 0 28 U
0 29 0 29 U
0 30 0 30 U
0 31 0 31 U
0 32 0 32 U
1 0 16 0 L
1 1 8 1 L
1 2 13 11 R
1 3 25 18 D
1 4 2 4 L
1 5 9 5 L
1 6 0 19 D
1 7 5 7 L
1 8 10 28 U
1 9 3 19 D
1 10 14 18 D
1 11 9 27 U
1 12 4 12 R
1 13 0 21 D
1 14 3 14 R
1 15 10 15 R
1 16 10 32 U
1 17 3 17 R
1 18 0 4 L
1 19 2 4 L
1 20 14 11 R
1 21 14 5 L
1 22 6 22 D
1 23 7 23 D
1 24 5 24 D
1 25 0 18 D
1 26 6 14 R
1 27 26 0 L
1 28 8 10 R
1 29 2 29 U
1 30 15 3 L
1 31 5 16 R
1 32 3 32 U
2 0 18 12 R
2 1 0 18 D
2 2 4 2 L
2 3 0 21 D
2 4 0 11 R
2 5 5 5 L
2 6 6 6 L
2 7 12 7 L
2 8 5 8 L
2 9 0 25 U
2 10 5 22 D
2 11 0 3 L
2 12 1 12 R
2 13 11 13 R
2 14 6 23 D
2 15 0 31 U
2 16 3 16 R
2 17 28 17 R
2 18 19 1 L
2 19 12 14 R
2 20 10 7 L
2 21 11 21 D
2 22 0 6 L
2 23 25 30 U
2 24 6 24 D
2 25 0 1 L
2 26 11 0 L
2 27 23 2 L
2 28 7 28 U
2 29 7 29 U
2 30 0 1 L
2 31 25 4 L
2 32 7 2 L
3 0 0 19 D
3 1 0 27 U
3 2 30 2 L
3 3 1 3 L
3 4 2 4 L
3 5 9 5 L
3 6 1 6 L
3 7 8 7 L
3 8 16 8 L
3 9 8 22 D
3 10 6 25 U
3 11 1 31 U
3 12 6 12 R
3 13 16 23 D
3 14 0 0 L
3 15 16 30 U
3 16 1 16 R
3 17 17 0 L
3 18 0 3 L
3 19 21 11 R
3 20 23 9 R
3 21 14 2 L
3 22 24 22 D
3 23 12 23 D
3 24 1 24 D
3 25 13 14 R
3 26 1 1 L
3 27 5 27 U
3 28 19 19 D
3 29 7 12 R
3 30 1 2 L
3 31 24 1 L
3 32 14 3 L
4 0 3 0 L
4 1 13 18 D
4 2 21 23 D
4 3 9 3 L
4 4 0 15 R
4 5 5 28 U
4 6 1 13 R
4 7 5 7 L
4 9 1 19 D
4 10 27 10 R
4 11 16 29 U
4 12 7 19 D
4 13 14 13 R
4 14 6 14 R
4 15 8 15 R
4 16 16 16 R
4 17 2 17 R
4 18 0 10 R
4 19 24 19 D
4 20 9 15 R
4 21 27 11 R
4 22 11 22 D
4 23 0 12 R
4 24 18 15 R
4 25 14 5 L
4 26 1 10 R
4 27 15 12 R
4 28 5 11 R
4 29 1 29 U
4 30 6 30 U
4 31 1 31 U
4 32 14 15 R
5 0 6 27 U
5 1 12 31 U
5 2 11 2 L
5 3 1 3 L
5 4 10 4 L
5 5 22 26 U
5 6 7 22 D
5 7 11 19 D
5 9 15 9 R
5 10 3 10 R
5 11 6 27 U
5 12 11 25 U
5 13 2 13 R
5 14 4 14 R
5 15 14 28 U
5 16 4 16 R
5 17 8 17 R
5 18 10 9 R
5 19 6 19 D
5 20 13 20 D
5 21 13 14 R
5 22 0 29 U
5 23 3 31 U
5 24 32 16 R
5 25 4 15 R
5 26 20 26 U
5 27 1 1 L
5 28 22 14 R
5 29 17 0 L
5 30 12 5 L
5 31 1 13 R
5 32 19 13 R
6 0 0 22 D
6 1 3 10 R
6 2 5 2 L
6 3 12 3 L
6 4 8 21 D
6 5 26 27 U
6 6 21 6 L
6 7 11 13 R
6 9 17 23 D
6 10 4 10 R
6 11 8 21 D
6 12 20 27 U
6 13 5 32 U
6 14 29 14 R
6 15 12 15 R
6 16 3 16 R
6 17 5 17 R
6 18 24 2 L
6 19 28 19 D
6 20 19 3 L
6 21 10 12 R
6 22 1 22 D
6 23 4 23 D
6 24 16 10 R
6 25 20 11 R
6 26 3 14 R
6 27 22 27 U
6 28 10 13 R
6 29 19 29 U
6 30 1 30 U
6 31 14 31 U
6 32 1 32 U
7 0 1 25 U
7 1 1 19 D
7 2 16 19 D
7 3 0 19 D
7 4 11 4 L
7 5 1 5 L
7 6 11 6 L
7 7 5 7 L
7 9 2 9 R
7 10 3 10 R
7 11 10 24 D
7 12 17 31 U
7 13 1 13 R
7 14 3 27 U
7 15 25 15 R
7 16 2 19 D
7 17 15 17 R
7 18 6 1 L
7 19 14 2 L
7 20 3 20 D
7 21 27 7 L
7 22 5 22 D
7 23 5 23 D
7 24 4 24 D
7 25 12 10 R
7 26 24 26 U
7 27 8 27 U
7 28 0 2 L
7 29 17 29 U
7 30 25 30 U
7 31 17 31 U
7 32 4 7 L
8 0 6 26 U
8 1 12 29 U
8 2 28 2 L
8 3 12 3 L
8 4 1 4 L
8 5 18 5 L
8 6 1 6 L
8 7 18 20 D
8 9 9 24 D
8 10 14 6 L
8 11 23 1 L
8 12 12 30 U
8 13 15 20 D
8 14 3 14 R
8 15 28 31 U
8 16 6 16 R
8 17 9 17 R
8 18 0 5 L
8 19 0 2 L
8 20 2 7 L
8 21 4 21 D
8 22 5 9 R
8 23 1 23 D
8 24 1 2 L
8 25 24 13 R
8 26 0 9 R
8 27 4 14 R
8 28 23 17 R
8 29 9 13 R
8 30 13 1 L
8 31 3 31 U
8 32 6 32 U
9 0 5 30 U
9 1 3 25 U
9 2 11 27 U
9 3 19 20 D
9 4 0 20 D
9 5 3 5 L
9 6 3 6 L
9 7 2 7 L
9 9 0 1 L
9 10 16 10 R
9 11 10 19 D
9 12 1 12 R
9 13 0 20 D
9 14 3 14 R
9 15 11 15 R
9 16 2 16 R
9 17 16 1 L
9 18 14 10 R
9 19 23 16 R
9 20 12 13 R
9 21 2 3 L
9 22 11 6 L
9 23 3 15 R
9 24 17 27 U
9 25 8 0 L
9 26 18 12 R
9 27 0 10 R
9 28 21 7 L
9 29 10 5 L
9 30 24 11 R
9 31 0 6 L
9 32 20 1 L
10 0 0 25 U
10 1 4 29 U
10 2 0 11 R
10 3 13 28 U
10 4 18 4 L
10 5 9 24 D
10 6 5 6 L
10 7 6 7 L
10 8 24 23 D
10 9 6 28 U
10 10 0 2 L
10 11 5 21 D
10 12 0 28 U
10 13 3 13 R
10 14 1 25 U
10 15 0 4 L
10 16 5 2 L
10 17 4 17 R
10 18 3 6 L
10 19 0 27 U
10 20 25 11 R
10 21 4 12 R
10 22 26 9 R
10 23 0 13 R
10 24 16 2 L
10 25 1 18 D
10 26 3 3 L
10 27 2 27 U
10 28 20 3 L
10 29 26 0 L
10 30 7 15 R
10 31 17 31 U
10 32 14 6 L
11 0 17 14 R
11 1 2 1 L
11 2 31 21 D
11 3 3 3 L
11 4 7 4 L
11 5 0 14 R
11 6 7 6 L
11 7 14 7 L
11 8 27 8 L
11 9 7 32 U
11 10 17 21 D
11 11 2 11 R
11 12 7 12 R
11 13 8 26 U
11 14 5 14 R
11 15 9 15 R
11 16 7 16 R
11 17 3 25 U
11 18 25 29 U
11 19 0 15 R
11 20 28 9 R
11 21 14 21 D
11 22 21 11 R
11 23 14 27 U
11 24 6 24 D
11 25 4 9 R
11 26 5 9 R
11 27 3 27 U
11 28 3 1 L
11 29 0 13 R
11 30 2 30 U
11 31 21 15 R
11 32 7 32 U
12 0 0 23 D
12 1 9 27 U
12 2 1 22 D
12 3 3 3 L
12 4 15 22 D
12 5 3 5 L
12 6 6 6 L
12 7 4 7 L
12 9 0 22 D
12 10 5 27 U
12 11 3 22 D
12 12 8 23 D
12 13 3 2 L
12 14 7 24 D
12 15 28 15 R
12 16 3 16 R
12 17 1 17 R
12 18 7 6 L
12 19 18 7 L
12 20 20 17 R
12 21 4 21 D
12 22 6 13 R
12 23 19 28 U
12 24 26 12 R
12 25 10 21 D
12 26 2 11 R
12 27 4 27 U
12 28 3 28 U
12 29 23 1 L
12 30 4 5 L
12 31 9 9 R
12 32 3 32 U
13 0 25 28 U
13 1 21 11 R
13 2 12 22 D
13 3 0 16 R
13 4 17 28 U
13 5 18 26 U
13 6 0 29 U
13 7 3 7 L
13 9 15 20 D
13 10 18 0 L
13 11 14 30 U
13 12 7 21 D
13 13 4 13 R
13 14 1 14 R
13 15 15 23 D
13 16 3 21 D
13 17 8 31 U
13 18 11 18 D
13 19 0 30 U
13 20 0 12 R
13 21 29 10 R
13 22 15 26 U
13 23 1 11 R
13 24 4 14 R
13 25 1 16 R
13 26 19 9 R
13 27 3 27 U
13 28 4 4 L
13 29 19 15 R
13 30 25 30 U
13 31 1 0 L
13 32 2 32 U
14 0 10 26 U
14 1 6 26 U
14 2 10 28 U
14 3 3 32 U
14 4 1 4 L
14 5 1 5 L
14 6 8 6 L
14 7 15 7 L
14 8 20 8 L
14 9 22 21 D
14 10 18 25 U
14 11 1 26 U
14 12 31 12 R
14 13 15 25 U
14 14 0 6 L
14 15 4 15 R
14 16 0 24 D
14 17 25 17 R
14 18 3 26 U
14 19 13 15 R
14 20 6 20 D
14 21 11 29 U
14 22 1 22 D
14 23 16 13 R
14 24 22 6 L
14 25 15 0 L
14 26 21 26 U
14 27 1 27 U
14 28 7 9 R
14 29 0 16 R
14 30 3 30 U
14 31 1 31 U
15 0 20 23 D
15 1 4 1 L
15 2 27 2 L
15 3 21 3 L
15 4 4 4 L
15 5 6 5 L
15 6 8 30 U
15 7 13 7 L
15 9 3 25 U
15 10 16 26 U
15 11 22 20 D
15 12 2 18 D
15 13 5 28 U
15 14 18 14 R
15 15 18 25 U
15 16 26 20 D
15 17 25 29 U
15 18 23 13 R
15 19 2 15 R
15 20 6 20 D
15 21 3 12 R
15 22 18 22 D
15 23 21 7 L
15 24 10 13 R
15 25 0 0 L
15 26 17 14 R
15 27 3 5 L
15 28 4 28 U
15 29 9 5 L
15 30 29 2 L
15 31 10 3 L
15 32 25 2 L
16 0 6 0 L
16 1 4 1 L
16 2 18 24 D
16 3 14 3 L
16 4 5 4 L
16 5 21 31 U
16 6 4 6 L
16 7 15 7 L
16 9 3 18 D
16 10 25 25 U
16 11 15 11 R
16 12 3 21 D
16 13 2 28 U
16 14 7 14 R
16 15 6 15 R
16 16 22 22 D
16 17 3 17 R
16 18 24 3 L
16 19 18 1 L
16 20 25 6 L
16 21 4 30 U
16 22 6 0 L
16 23 22 23 D
16 24 7 24 D
16 25 17 12 R
16 26 24 17 R
16 27 24 11 R
16 28 12 5 L
16 29 8 10 R
16 30 26 12 R
16 31 6 20 D
17 0 12 24 D
17 1 13 10 R
17 2 0 26 U
17 3 27 22 D
17 4 6 18 D
17 5 2 5 L
17 6 28 19 D
17 7 5 7 L
17 9 8 24 D
17 10 10 20 D
17 11 5 11 R
17 12 18 23 D
17 13 28 13 R
17 14 0 18 D
17 15 0 29 U
17 16 11 16 R
17 17 3 17 R
17 18 23 18 D
17 19 22 0 L
17 20 1 20 D
17 21 20 0 L
17 22 8 22 D
17 23 15 16 R
17 24 9 10 R
17 25 0 3 L
17 26 19 5 L
17 27 5 6 L
17 28 0 11 R
17 29 15 5 L
17 30 11 0 L
17 31 0 15 R
18 0 4 10 R
18 1 3 20 D
18 2 26 25 U
18 3 7 28 U
18 4 5 4 L
18 5 13 5 L
18 6 9 6 L
18 7 9 22 D
18 9 15 18 D
18 10 29 21 D
18 11 21 23 D
18 12 27 24 D
18 13 25 18 D
18 14 22 30 U
18 15 29 15 R
18 16 15 7 L
18 17 0 27 U
18 18 28 4 L
18 19 9 26 U
18 21 33 11 R
18 22 20 14 R
18 23 11 10 R
18 24 10 7 L
18 25 32 16 R
18 26 0 21 D
18 27 28 10 R
18 28 21 4 L
18 29 29 2 L
18 30 23 17 R
18 31 29 1 L
19 0 13 19 D
19 1 1 25 U
19 2 7 27 U
19 3 26 19 D
19 4 5 4 L
19 5 0 20 D
19 6 3 6 L
19 7 1 19 D
19 9 0 27 U
19 10 8 23 D
19 11 6 20 D
19 12 18 28 U
19 13 0 2 L
19 14 24 18 D
19 15 10 29 U
19 16 29 30 U
19 17 16 26 U
19 18 12 15 R
19 19 17 30 U
19 20 9 4 L
19 21 5 9 R
19 22 5 1 L
19 23 15 23 D
19 24 20 24 D
19 25 1 25 U
19 26 3 2 L
19 27 16 16 R
19 28 25 28 U
19 29 6 29 U
19 30 6 30 U
19 31 1 31 U
20 0 9 30 U
20 1 24 1 L
20 2 12 2 L
20 3 7 21 D
20 4 25 29 U
20 5 13 5 L
20 6 1 18 D
20 7 17 18 D
20 9 2 1 L
20 10 26 3 L
20 11 22 25 U
20 12 5 31 U
20 13 18 24 D
20 14 9 14 R
20 15 13 19 D
20 16 8 18 D
20 17 9 17 R
20 18 4 0 L
20 19 24 19 D
20 20 3 16 R
20 21 16 6 L
20 22 26 10 R
20 23 8 4 L
20 24 6 24 D
20 25 26 18 D
20 26 11 6 L
20 27 7 9 R
20 28 17 11 R
20 29 17 14 R
20 30 8 17 R
20 31 6 6 L
20 32 23 7 L
21 0 18 10 R
21 1 23 28 U
21 2 14 20 D
21 3 11 3 L
21 5 17 12 R
21 6 19 20 D
21 7 1 7 L
21 9 7 26 U
21 10 8 20 D
21 11 2 18 D
21 12 2 29 U
21 13 3 13 R
21 14 4 2 L
21 15 3 15 R
21 16 12 16 R
21 18 2 18 D
21 19 2 3 L
21 22 18 16 R
21 23 11 23 D
21 24 4 24 D
21 25 20 18 D
21 26 14 3 L
21 27 1 11 R
21 28 18 5 L
21 29 5 29 U
21 30 6 10 R
21 31 24 31 U
22 0 3 0 L
22 1 23 30 U
22 2 5 26 U
22 3 14 29 U
22 4 18 24 D
22 5 27 14 R
22 6 11 6 L
22 7 8 31 U
22 9 5 27 U
22 10 11 25 U
22 11 5 18 D
22 12 24 27 U
22 13 17 30 U
22 14 9 4 L
22 15 7 30 U
22 16 2 16 R
22 19 9 9 R
22 20 20 20 D
22 21 17 13 R
22 22 29 22 D
22 23 13 9 R
22 24 6 24 D
22 25 33 16 R
22 26 21 20 D
22 27 1 27 U
22 28 17 28 U
22 29 21 1 L
22 30 23 0 L
23 0 26 25 U
23 1 6 22 D
23 2 24 22 D
23 3 0 9 R
23 4 16 32 U
23 5 7 27 U
23 6 0 10 R
23 7 24 26 U
23 9 6 24 D
23 10 1 20 D
23 11 3 19 D
23 12 24 26 U
23 13 11 24 D
23 14 9 14 R
23 15 18 20 D
23 16 18 16 R
23 17 0 21 D
23 18 2 18 D
23 19 6 0 L
23 20 9 12 R
23 21 22 9 R
23 22 14 11 R
23 23 13 14 R
23 24 11 14 R
23 25 11 15 R
23 26 7 15 R
23 27 10 6 L
23 28 0 21 D
23 29 2 29 U
23 30 3 30 U
23 32 7 14 R
24 0 5 18 D
24 1 20 22 D
24 2 3 27 U
24 3 10 29 U
24 4 12 19 D
24 5 25 5 L
24 6 2 21 D
24 7 16 24 D
24 9 15 23 D
24 10 22 23 D
24 11 6 26 U
24 12 7 12 R
24 13 4 13 R
24 14 1 20 D
24 15 0 25 U
24 16 11 29 U
24 17 4 17 R
24 18 3 18 D
24 19 4 9 R
24 20 5 20 D
24 21 8 21 D
24 22 8 31 U
24 23 19 15 R
24 24 13 2 L
24 25 6 15 R
24 26 17 10 R
24 27 9 24 D
24 28 33 11 R
24 29 6 29 U
24 30 1 30 U
24 31 5 31 U
24 32 30 32 U
25 0 15 25 U
25 1 6 10 R
25 2 18 2 L
25 3 3 3 L
25 4 13 30 U
25 5 13 19 D
25 6 19 19 D
25 7 4 13 R
25 9 10 9 R
25 10 5 20 D
25 11 20 19 D
25 12 8 12 R
25 13 7 29 U
25 14 20 14 R
25 15 31 26 U
25 16 15 32 U
25 17 24 28 U
25 18 0 0 L
25 19 32 5 L
25 20 19 20 D
25 22 7 22 D
25 23 6 28 U
25 24 6 10 R
25 25 23 25 U
25 26 19 0 L
25 27 6 16 R
25 28 2 28 U
25 29 1 29 U
25 30 16 10 R
26 0 5 9 R
26 1 20 18 D
26 2 4 2 L
26 3 31 3 L
26 4 6 19 D
26 5 9 28 U
26 6 19 24 D
26 7 23 29 U
26 9 3 24 D
26 10 5 10 R
26 11 19 11 R
26 12 3 20 D
26 13 4 29 U
26 14 12 1 L
26 16 5 16 R
26 18 24 12 R
26 19 22 9 R
26 20 0 14 R
26 21 0 1 L
26 22 9 11 R
26 23 5 23 D
26 24 1 12 R
26 25 1 0 L
26 26 16 10 R
26 27 18 19 D
26 29 17 7 L
26 30 1 4 L
27 0 23 9 R
27 1 3 1 L
27 2 6 22 D
27 3 5 3 L
27 4 6 23 D
27 5 25 5 L
27 6 30 22 D
27 7 23 7 L
27 9 12 1 L
27 10 7 0 L
27 11 18 29 U
27 12 32 32 U
27 13 22 32 U
27 14 9 14 R
27 16 11 16 R
27 18 12 18 D
27 19 8 12 R
27 22 4 22 D
27 23 12 23 D
27 24 29 17 R
27 25 26 9 R
27 26 23 2 L
27 27 4 4 L
27 29 9 16 R
27 30 22 22 D
28 0 22 21 D
28 1 30 29 U
28 3 2 3 L
28 4 11 4 L
28 6 5 6 L
28 7 1 7 L
28 9 0 5 L
28 10 4 10 R
28 11 26 26 U
28 12 6 30 U
28 13 18 4 L
28 14 6 27 U
28 15 15 27 U
28 16 11 26 U
28 22 27 5 L
28 23 8 23 D
28 24 0 29 U
28 27 27 9 R
28 29 2 17 R
29 0 5 28 U
29 3 3 3 L
29 4 25 4 L
29 6 16 6 L
29 7 4 7 L
29 9 20 9 R
29 10 7 22 D
29 12 3 12 R
29 13 12 8 L
29 14 28 31 U
29 16 2 16 R
29 22 1 22 D
29 24 8 16 R
29 26 13 23 D
29 27 15 15 R
29 29 3 29 U
29 31 15 31 U
30 0 26 19 D
30 3 26 21 D
30 4 1 4 L
30 6 5 6 L
30 7 11 7 L
30 9 6 19 D
30 12 17 24 D
30 13 8 19 D
30 14 17 5 L
30 16 17 3 L
30 22 5 11 R
30 24 9 11 R
30 27 13 0 L
30 29 6 29 U
31 0 24 31 U
31 1 4 11 R
31 3 4 3 L
31 4 3 4 L
31 6 2 6 L
31 7 17 12 R
31 10 15 32 U
31 14 3 14 R
31 16 10 16 R
31 22 8 22 D
31 24 21 4 L
31 27 14 27 U
31 29 25 12 R
32 3 3 3 L
32 6 4 6 L
32 7 22 32 U
32 14 13 25 U
32 16 16 27 U
32 22 27 1 L
32 29 31 8 L
33 3 26 24 D
33 6 6 24 D
33 7 30 27 U
33 16 7 16 R
33 29 31 10 R

