31 24 620
25 19 10 14 18 20 0 19 9 3 8 26 11 6
0 16 0 0 0 20 0 21 24 0 3 6 0 0
4 26 16 22 2 0 15 28 21 29 2 3 0 0
23 0 10 2 0 26 7 0 3 0 0 0 0 0
3 8 0 0 23 0 0 0 0 0 24 20 0 0
28 9 28 0 0 2 0 3 0 0 4 0 0 0
3 17 0 0 22 0 24 5 6 0 0 0 0 0
27 15 0 29 6 0 24 4 0 0 0 14 0 0
23 0 0 26 0 13 0 9 26 0 0 6 0 0
26 7 0 19 0 16 12 0 27 0 11 3 0 29
0 2 0 3 6 0 0 0 30 4 23 27 13 7
0 22 28 0 29 27 25 0 28 0 11 0 0 0
0 12 6 19 0 0 1 0 0 0 0 0 8 1
25 13 27 10 18 13 25 25 18 20 28 27 12 26
0 0 0 0 D
0 1 0 1 D
0 2 0 2 D
0 3 0 3 D
0 4 0 4 D
0 5 0 5 D
0 6 0 6 R
0 7 0 7 R
0 8 0 8 R
0 9 0 9 R
0 10 0 10 R
0 11 0 11 R
0 12 0 12 U
0 13 0 13 U
0 14 0 14 U
0 15 0 15 U
0 16 0 16 U
0 17 0 17 U
0 18 0 18 L
0 19 0 19 L
0 20 0 20 L
0 21 0 21 L
0 22 0 22 L
0 23 0 23 L
1 0 16 12 U
1 1 6 18 L
1 2 5 2 D
1 3 4 3 D
1 4 2 4 D
1 5 14 5 D
1 6 15 2 D
1 7 4 7 R
1 8 9 8 R
1 9 24 17 U
1 10 25 17 U
1 11 23 0 D
1 12 0 19 L
1 13 0 0 D
1 14 0 2 D
1 15 11 10 R
1 16 0 1 D
1 17 4 17 U
1 18 0 4 D
1 19 15 1 D
1 20 0 1 D
1 21 10 21 L
1 22 10 22 L
1 23 13 23 L
2 0 22 0 D
2 1 9 9 R
2 2 8 8 R
2 3 18 8 R
2 4 13 23 L
2 5 0 11 R
2 6 22 1 D
2 7 16 16 U
2 8 1 13 U
2 9 1 14 U
2 10 1 10 R
2 11 7 14 U
2 12 12 2 D
2 13 16 20 L
2 14 7 23 L
2 15 24 15 U
2 16 7 16 U
2 17 0 5 D
2 18 0 6 R
2 19 17 14 U
2 20 8 20 L
2 21 10 21 L
2 22 20 22 L
2 23 10 16 U
3 0 9 6 R
3 1 1 11 R
3 2 13 9 R
3 3 6 3 D
3 4 19 4 D
3 5 12 5 D
3 6 9 6 R
3 7 5 7 R
3 8 8 8 R
3 9 20 9 R
3 10 18 14 U
3 11 6 11 R
3 12 0 8 R
3 13 4 13 U
3 14 1 14 U
3 15 23 15 U
3 16 0 4 D
3 17 8 17 U
3 18 11 18 L
3 19 11 4 D
3 20 18 17 U
3 21 14 21 L
3 22 21 5 D
3 23 23 15 U
4 0 9 9 R
4 1 5 1 D
4 2 18 21 L
4 3 25 3 D
4 4 0 16 U
4 5 2 5 D
4 6 11 15 U
4 7 11 19 L
4 8 16 2 D
4 9 2 9 R
4 10 0 14 U
4 11 5 3 D
4 12 0 21 L
4 13 17 13 U
4 14 11 14 U
4 15 21 15 U
4 16 5 19 L
4 17 7 17 U
4 18 18 7 R
4 19 17 19 L
4 20 3 20 L
4 21 13 12 U
4 22 16 22 L
4 23 19 23 L
5 0 1 10 R
5 1 0 19 L
5 2 13 22 L
5 3 1 11 R
5 4 12 9 R
5 5 4 12 U
5 6 3 12 U
5 7 2 7 R
5 8 7 1 D
5 9 10 14 U
5 10 0 15 U
5 11 17 15 U
5 12 1 0 D
5 13 14 13 U
5 14 0 18 L
5 15 0 20 L
5 16 9 21 L
5 17 1 17 U
5 18 7 18 L
5 19 13 12 U
5 20 2 20 L
5 21 13 4 D
5 22 21 22 L
5 23 1 23 L
6 0 3 21 L
6 1 2 20 L
6 2 7 23 L
6 3 0 14 U
6 4 3 11 R
6 5 16 5 D
6 6 10 18 L
6 7 0 12 U
6 8 25 1 D
6 9 9 9 R
6 10 8 10 R
6 11 1 0 D
6 12 18 22 L
6 13 7 6 R
6 14 10 14 U
6 15 18 11 R
6 16 14 16 U
6 17 7 17 U
6 18 14 18 L
6 19 3 2 D
6 20 10 3 D
6 21 5 21 L
6 22 1 22 L
6 23 15 14 U
7 0 17 18 L
7 1 9 7 R
7 2 10 20 L
7 3 10 21 L
7 4 0 10 R
7 5 19 5 D
7 6 0 16 U
7 7 0 18 L
7 8 13 15 U
7 9 19 0 D
7 10 12 12 U
7 11 11 4 D
7 12 4 20 L
7 13 10 9 R
7 14 1 14 U
7 15 1 15 U
7 16 8 16 U
7 17 5 17 U
7 18 0 5 D
7 19 27 19 L
7 20 20 20 L
7 21 21 13 U
7 22 8 14 U
7 23 21 23 L
8 0 3 0 D
8 1 12 1 D
8 2 16 2 D
8 3 10 3 D
8 4 6 4 D
8 5 1 5 D
8 6 4 12 U
8 7 2 12 U
8 8 23 5 D
8 9 6 9 R
8 10 1 10 R
8 11 1 11 R
8 12 17 6 R
8 13 3 20 L
8 14 1 22 L
8 15 20 15 U
8 16 11 16 U
8 17 3 17 U
8 18 14 13 U
8 19 2 19 L
8 20 3 2 D
8 21 19 21 L
8 22 3 22 L
8 23 9 23 L
9 0 2 6 R
9 1 0 12 U
9 2 0 8 R
9 3 7 11 R
9 4 10 23 L
9 5 17 17 U
9 6 6 6 R
9 7 23 0 D
9 8 22 15 U
9 9 19 1 D
9 10 8 10 R
9 11 15 11 R
9 12 19 9 R
9 13 1 22 L
9 14 7 7 R
9 15 1 19 L
9 16 11 7 R
9 17 21 11 R
9 18 0 12 U
9 19 0 0 D
9 20 3 15 U
9 21 3 21 L
9 22 24 13 U
9 23 2 23 L
10 0 12 18 L
10 1 4 8 R
10 2 7 11 R
10 3 2 6 R
10 4 5 4 D
10 5 2 5 D
10 6 5 12 U
10 7 7 14 U
10 8 3 8 R
10 9 9 9 R
10 10 2 10 R
10 11 5 11 R
10 12 2 12 U
10 13 8 10 R
10 14 0 0 D
10 15 4 15 U
10 16 5 4 D
10 17 21 18 L
10 18 9 12 U
10 19 3 19 L
10 20 6 15 U
10 21 1 5 D
10 22 1 22 L
10 23 3 23 L
11 0 1 12 U
11 1 1 1 D
11 2 0 22 L
11 3 1 3 D
11 4 1 4 D
11 5 3 5 D
11 6 9 16 U
11 7 6 1 D
11 8 0 2 D
11 9 0 3 D
11 10 9 10 R
11 12 26 12 U
11 13 23 18 L
11 14 13 8 R
11 15 0 19 L
11 16 23 22 L
11 17 18 21 L
11 18 12 5 D
11 19 3 19 L
11 20 3 13 U
11 21 3 16 U
11 22 1 2 D
11 23 27 13 U
12 0 20 20 L
12 1 8 1 D
12 2 1 14 U
12 3 15 22 L
12 4 1 4 D
12 5 3 5 D
12 6 3 0 D
12 7 0 1 D
12 8 0 5 D
12 9 9 15 U
12 10 15 23 L
12 12 0 6 R
12 13 0 11 R
12 14 4 4 D
12 15 0 8 R
12 16 6 16 U
12 17 2 17 U
12 18 11 12 U
12 19 0 7 R
12 20 3 16 U
12 21 15 12 U
12 22 16 15 U
12 23 18 23 L
13 0 4 7 R
13 1 12 7 R
13 2 0 20 L
13 3 23 23 L
13 4 14 10 R
13 5 7 7 R
13 6 14 14 U
13 7 6 13 U
13 8 10 8 R
13 9 1 9 R
13 10 5 13 U
13 12 9 11 R
13 13 19 7 R
13 14 24 10 R
13 15 22 7 R
13 16 17 11 R
13 17 8 17 U
13 18 24 1 D
13 19 7 13 U
13 20 0 13 U
13 21 9 14 U
13 22 5 22 L
13 23 6 2 D
14 0 0 7 R
14 1 3 1 D
14 2 20 2 D
14 3 7 3 D
14 4 8 4 D
14 5 26 6 R
14 6 9 6 R
14 7 18 7 R
14 8 7 12 U
14 9 9 9 R
14 10 10 3 D
14 12 8 0 D
14 13 15 19 L
14 14 12 14 U
14 15 4 15 U
14 16 1 16 U
14 17 17 17 U
14 18 22 14 U
14 19 5 1 D
14 20 5 17 U
14 21 15 21 L
14 22 18 16 U
15 0 17 8 R
15 1 25 21 L
15 2 16 10 R
15 3 9 11 R
15 4 18 20 L
15 5 4 8 R
15 6 23 0 D
15 7 6 0 D
15 8 4 8 R
15 9 2 9 R
15 10 9 3 D
15 11 20 11 R
15 12 9 10 R
15 13 22 8 R
15 14 21 6 R
15 15 11 19 L
15 16 22 3 D
15 17 22 3 D
15 18 4 13 U
15 19 10 19 L
15 20 11 12 U
15 21 14 8 R
15 22 24 22 L
16 0 14 12 U
16 1 0 13 U
16 2 5 7 R
16 3 19 13 U
16 4 2 19 L
16 5 3 5 D
16 6 1 1 D
16 7 18 18 L
16 8 19 2 D
16 9 23 3 D
16 10 19 0 D
16 12 9 18 L
16 13 4 13 U
16 14 8 14 U
16 15 8 15 U
16 16 3 16 U
16 17 0 20 L
16 18 15 5 D
16 19 13 19 L
16 20 3 20 L
16 21 21 3 D
16 22 20 14 U
17 0 15 6 R
17 1 7 18 L
17 2 1 2 D
17 3 9 10 R
17 4 21 15 U
17 5 4 5 D
17 6 1 17 U
17 7 0 0 D
17 8 4 3 D
17 9 6 13 U
17 10 1 10 R
17 12 20 6 R
17 13 3 2 D
17 14 3 14 U
17 15 18 22 L
17 16 10 16 U
17 17 10 9 R
17 18 15 18 L
17 19 0 14 U
17 20 21 14 U
17 21 11 21 L
17 22 3 1 D
17 23 18 23 L
18 0 0 6 R
18 1 2 21 L
18 2 2 23 L
18 3 22 9 R
18 4 13 19 L
18 5 7 22 L
18 6 0 4 D
18 7 25 7 R
18 8 14 8 R
18 9 15 9 R
18 10 13 15 U
18 11 8 1 D
18 12 11 12 U
18 13 19 13 U
18 14 12 22 L
18 15 9 18 L
18 16 20 0 D
18 17 8 17 U
18 18 17 4 D
18 19 25 15 U
18 20 13 1 D
18 21 13 21 L
18 22 21 22 L
18 23 12 17 U
19 0 6 14 U
19 1 22 12 U
19 2 18 2 D
19 4 8 4 D
19 5 1 5 D
19 6 11 5 D
19 7 15 7 R
19 8 6 8 R
19 9 4 9 R
19 10 2 10 R
19 12 15 18 L
19 13 12 1 D
19 14 14 18 L
19 15 20 15 U
19 16 1 7 R
19 17 0 2 D
19 18 12 11 R
19 19 12 1 D
19 20 15 20 L
19 22 17 2 D
20 0 16 9 R
20 1 16 1 D
20 2 23 7 R
20 4 8 9 R
20 5 8 20 L
20 6 5 6 R
20 7 29 13 U
20 9 18 16 U
20 10 9 10 R
20 11 12 17 U
20 12 8 12 U
20 13 3 19 L
20 14 0 6 R
20 15 0 10 R
20 16 1 16 U
20 17 1 17 U
20 18 13 3 D
20 19 3 19 L
20 20 16 13 U
20 21 0 2 D
20 22 12 9 R
20 23 0 14 U
21 0 13 10 R
21 1 16 13 U
21 2 0 9 R
21 3 11 3 D
21 4 4 4 D
21 5 1 7 R
21 6 3 4 D
21 7 26 7 R
21 9 18 9 R
21 10 16 10 R
21 11 1 11 R
21 12 24 7 R
21 13 5 2 D
21 14 24 9 R
21 15 16 8 R
21 16 6 8 R
21 17 20 6 R
21 18 13 14 U
21 19 11 3 D
21 22 9 14 U
22 0 21 17 U
22 1 15 19 L
22 2 10 8 R
22 3 0 15 U
22 4 18 19 L
22 5 5 9 R
22 6 12 5 D
22 7 1 0 D
22 9 17 4 D
22 10 6 1 D
22 12 1 19 L
22 13 8 19 L
22 14 6 14 U
22 15 28 15 U
22 16 16 16 U
22 17 20 17 U
22 18 0 16 U
22 19 3 19 L
22 22 15 1 D
23 0 0 18 L
23 1 7 1 D
23 2 4 19 L
23 4 21 4 D
23 5 14 8 R
23 6 5 2 D
23 7 25 12 U
23 8 2 2 D
23 9 24 0 D
23 11 4 3 D
23 12 15 22 L
23 13 17 20 L
23 14 16 21 L
23 15 1 15 U
23 17 12 18 L
23 18 21 14 U
23 19 10 19 L
23 20 0 15 U
23 21 9 21 L
23 22 6 12 U
24 0 7 8 R
24 1 4 1 D
24 2 14 10 R
24 4 8 4 D
24 5 1 16 U
24 6 5 18 L
24 7 15 7 R
24 8 18 15 U
24 9 20 13 U
24 10 7 10 R
24 12 26 18 L
24 13 0 7 R
24 14 0 10 R
24 15 17 4 D
24 17 4 17 U
24 18 8 14 U
24 19 10 6 R
24 22 13 2 D
25 0 28 7 R
25 1 9 6 R
25 2 13 23 L
25 4 17 14 U
25 5 1 5 D
25 6 3 5 D
25 9 13 16 U
25 12 19 12 U
25 13 9 21 L
25 14 2 4 D
25 17 5 17 U
25 19 8 19 L
25 22 1 22 L
25 23 11 13 U
26 0 6 0 D
26 1 12 6 R
26 2 5 2 D
26 4 4 4 D
26 5 6 19 L
26 6 1 14 U
26 9 7 9 R
26 12 13 2 D
26 13 16 6 R
26 17 1 7 R
26 19 21 16 U
26 21 10 21 L
26 22 3 22 L
27 1 7 8 R
27 2 2 2 D
27 4 1 4 D
27 5 0 9 R
27 6 20 12 U
27 9 18 17 U
27 12 28 12 U
27 13 14 22 L
27 17 1 17 U
27 19 26 8 R
27 22 26 14 U
28 1 8 1 D
28 2 3 2 D
28 4 3 4 D
28 5 4 5 D
28 6 19 5 D
28 9 4 9 R
28 12 27 12 U
28 17 22 17 U
28 19 16 19 L
28 22 27 17 U
29 1 1 13 U
29 2 21 19 L
29 12 8 12 U
29 13 28 2 D
29 22 4 22 L
30 12 8 12 U

