14 9 103
0 1 0 4 0 0 0 7 0 11 0 0 0 1 0 2 0 0
0 0 1 0 0 2 0 0 0 0 0 0 5 0 0 0 0 0
0 0 0 3 0 1 0 0 0 9 0 5 0 0 0 0 0 0
0 0 7 0 0 0 4 0 0 0 10 0 0 0 0 0 0 0
7 0 0 1 0 2 0 0 5 0 9 4 0 0 0 10 0 5
0 0 0 8 0 0 4 9 4 4 0 0 0 0 1 0 0 3
0 3 10 0 0 0 0 0 0 9 1 0 0 0 2 0 0 0
5 0 1 0 0 0 0 0 3 0 0 0 0 0 0 0 0 0
0 6 0 10 0 0 0 0 8 0 8 0 9 0 0 0 2 0
0 0 0 0 0 0 0 0 0 0 0 0 0 0 0 0 0 0
0 4 0 4 0 0 5 0 3 12 0 10 9 0 4 0 0 0
0 0 0 0 0 11 9 13 0 0 0 0 0 0 0 0 0 10
0 4 3 0 0 0 0 0 0 10 0 0 0 0 0 10 0 9
5 0 0 0 0 0 0 0 0 13 0 11 0 0 5 0 0 0
0 0 0 4 10 0 0 0 0 0 2 11 0 0 7 0 0 0
0 0 0 0 7 0 0 0 7 0 0 1 0 0 5 9 0 4
0 6 0 0 0 6 0 0 0 0 5 0 0 0 4 8 0 6
3 0 5 0 0 0 0 11 11 0 0 0 0 9 0 0 10 0
0 0 0 0 L
0 1 0 1 L
0 2 0 2 R
0 3 0 3 R
0 4 0 4 D
0 5 0 5 D
0 6 0 6 U
0 7 0 7 U
0 8 0 8 U
1 0 0 7 U
1 1 0 8 U
1 2 0 6 U
1 3 8 3 R
1 4 2 1 L
1 5 0 7 U
1 6 0 2 R
1 7 0 3 R
1 8 0 0 L
2 0 0 5 D
2 1 5 1 L
2 2 1 2 R
2 3 0 4 D
2 4 0 0 L
2 5 8 2 R
2 6 8 6 U
2 7 1 7 U
2 8 1 8 U
3 0 9 7 U
3 1 7 6 U
3 2 4 6 U
3 3 2 3 R
3 4 0 2 R
3 5 4 5 D
3 6 2 3 R
3 7 2 7 U
4 0 5 4 D
4 1 3 7 U
4 2 0 7 U
4 3 0 5 D
4 4 1 1 L
4 5 1 5 D
4 6 5 0 L
4 7 6 7 U
4 8 8 8 U
5 0 9 6 U
5 1 1 7 U
5 2 4 2 R
5 3 6 3 R
5 4 3 2 R
5 5 0 3 R
5 6 0 4 D
5 7 0 0 L
5 8 0 1 L
6 0 5 2 R
6 1 2 1 L
6 2 5 4 D
6 3 0 0 L
6 4 7 6 U
6 5 5 5 D
6 6 5 2 R
6 7 2 7 U
7 0 0 6 U
7 1 0 4 D
7 2 0 8 U
7 3 3 6 U
7 4 2 2 R
7 5 6 2 R
7 6 2 5 D
7 7 1 7 U
8 0 1 4 D
8 1 4 1 L
8 2 5 5 D
8 3 1 3 R
8 4 7 4 D
8 5 3 5 D
8 6 2 6 U
8 7 1 7 U
9 0 6 4 D
9 1 5 6 U
9 2 2 4 D
9 3 1 1 L
9 4 3 4 D
9 5 0 1 L
9 6 2 6 U
9 7 8 7 U
10 0 8 0 L
10 1 2 1 L
10 2 6 7 U
10 3 2 1 L
10 4 3 0 L
10 5 11 7 U
10 6 0 5 D
10 7 1 7 U
11 0 2 0 L
11 2 5 6 U
11 3 2 3 R
11 4 2 4 D
11 6 7 1 L
11 7 0 1 L
12 0 3 7 U
12 4 7 3 R
13 0 2 0 L
13 6 12 2 R

