9 9 70
3 0 0 0 0 5 7 0 7 0 0
0 6 0 5 2 4 0 0 2 0 3
0 0 2 7 0 1 0 0 0 4 0
4 1 7 0 0 0 6 0 0 0 6
2 0 0 0 0 0 0 0 0 8 0
6 0 5 7 0 0 0 0 5 0 0
0 0 8 0 0 0 6 0 0 2 0
2 0 0 6 0 0 0 0 0 0 6
0 0 0 0 0 0 0 0 0 0 0
2 1 0 0 0 3 0 1 8 0 5
0 6 8 0 0 0 4 0 2 0 0
0 0 0 0 L
0 1 0 1 L
0 2 0 2 R
0 3 0 3 R
0 4 0 4 R
0 5 0 5 D
0 6 0 6 D
0 7 0 7 U
0 8 0 8 U
1 0 6 8 U
1 1 8 8 U
1 2 2 8 U
1 3 3 3 R
1 4 2 4 R
1 5 2 0 L
1 6 4 6 D
1 7 2 7 U
1 8 4 5 D
2 0 0 5 D
2 1 1 1 L
2 2 0 0 L
2 3 7 1 L
2 4 0 7 U
2 5 0 2 R
2 6 0 0 L
2 7 3 0 L
2 8 0 2 R
3 0 1 6 D
3 1 2 1 L
3 2 2 5 D
3 3 1 8 U
3 4 4 4 R
3 5 2 7 U
3 6 5 2 R
3 7 1 3 R
3 8 5 6 D
4 0 0 7 U
4 1 2 6 D
4 2 2 0 L
4 3 2 1 L
4 4 0 0 L
4 5 5 1 L
4 6 6 8 U
4 7 2 7 U
4 8 5 8 U
5 0 1 0 L
5 1 3 5 D
5 2 4 2 R
5 3 0 5 D
5 5 4 4 R
5 6 2 3 R
5 7 0 5 D
5 8 2 8 U
6 0 7 3 R
6 1 0 8 U
6 2 4 2 R
6 3 2 3 R
6 5 4 5 D
6 6 0 8 U
6 7 0 4 R
6 8 0 3 R
7 0 1 0 L
7 2 6 6 D
7 3 5 3 R
7 5 1 2 R
7 7 0 1 L
7 8 0 6 D
8 0 4 8 U
8 5 0 7 U
8 7 0 0 L

