24 29 627
15 5 0 23 0 15 18 0 21 0 0 12 14 0 5 0 13 3 0
0 0 15 0 4 3 7 0 0 14 9 4 0 0 22 3 0 2 0
0 16 8 15 17 0 0 10 22 0 13 14 4 1 0 0 0 4 0
20 21 22 0 23 14 22 0 0 20 0 21 0 0 0 0 8 0 1
1 23 18 21 0 21 3 2 8 2 0 16 15 0 5 14 13 7 2
10 0 19 9 0 19 0 10 17 19 0 21 1 13 13 7 13 0 4
0 19 0 20 17 0 17 12 18 0 0 0 0 14 0 15 12 0 13
6 0 20 19 0 20 0 0 0 21 18 18 18 0 21 14 15 13 4
15 21 0 21 19 0 11 0 18 16 0 14 0 19 0 20 19 4 0
2 15 21 0 0 16 7 8 20 22 14 0 0 21 0 20 0 19 15
12 20 20 0 19 0 11 12 0 17 15 0 15 4 18 11 0 16 0
0 8 20 0 0 0 19 15 8 0 15 20 19 0 0 10 7 15 3
10 17 0 21 0 0 22 0 0 0 19 21 17 18 8 7 17 0 15
1 0 18 8 18 0 13 2 0 8 3 18 11 11 17 0 18 12 9
5 0 17 0 0 19 13 12 0 0 0 17 0 17 6 1 0 0 3
0 21 0 22 17 22 0 0 0 21 16 20 22 0 0 20 0 19 18
0 3 16 0 16 16 19 0 21 20 11 7 19 16 18 0 0 16 8
3 13 15 13 0 10 14 0 2 12 11 0 6 0 0 8 10 0 0
1 12 4 12 0 3 2 0 11 10 0 8 0 0 8 0 3 0 1
0 0 0 0 L
0 1 0 1 L
0 2 0 2 L
0 3 0 3 L
0 4 0 4 L
0 5 0 5 L
0 6 0 6 L
0 7 0 7 R
0 8 0 8 R
0 9 0 9 R
0 10 0 10 R
0 11 0 11 R
0 12 0 12 R
0 13 0 13 R
0 14 0 14 R
0 15 0 15 D
0 16 0 16 D
0 17 0 17 D
0 18 0 18 D
0 19 0 19 D
0 20 0 20 D
0 21 0 21 D
0 22 0 22 U
0 23 0 23 U
0 24 0 24 U
0 25 0 25 U
0 26 0 26 U
0 27 0 27 U
0 28 0 28 U
1 0 0 15 D
1 1 0 22 U
1 2 0 23 U
1 3 0 20 D
1 4 0 27 U
1 5 0 21 D
1 6 0 10 R
1 7 0 22 U
1 8 0 2 L
1 9 1 1 L
1 10 0 24 U
1 11 3 25 U
1 12 0 2 L
1 13 1 4 L
1 14 0 5 L
1 15 0 7 R
1 16 0 1 L
1 17 0 22 U
1 18 0 24 U
1 19 0 11 R
1 20 0 12 R
1 21 0 13 R
1 22 0 0 L
1 23 0 15 D
1 24 0 9 R
1 25 0 16 D
1 26 0 3 L
1 27 0 10 R
1 28 0 2 L
2 0 2 15 D
2 1 0 18 D
2 2 2 2 L
2 3 0 26 U
2 4 1 27 U
2 5 0 20 D
2 6 7 6 L
2 7 0 16 D
2 8 2 8 R
2 9 1 9 R
2 10 2 1 L
2 11 1 11 R
2 12 3 12 R
2 13 3 13 R
2 14 1 14 R
2 15 0 22 U
2 16 1 16 D
2 17 1 17 D
2 18 3 18 D
2 19 3 19 D
2 20 0 3 L
2 21 1 21 D
2 22 1 8 R
2 23 1 23 U
2 24 0 10 R
2 25 1 25 U
2 26 0 20 D
2 27 2 27 U
2 28 3 28 U
3 0 3 0 L
3 1 2 1 L
3 2 0 19 D
3 3 3 3 L
3 4 2 4 L
3 5 1 5 L
3 6 5 6 L
3 7 0 17 D
3 8 1 8 R
3 9 0 17 D
3 10 0 26 U
3 11 0 4 L
3 12 0 28 U
3 13 2 13 R
3 14 3 14 R
3 15 0 0 L
3 16 0 2 L
3 17 1 9 R
3 18 2 18 D
3 19 2 19 D
3 20 2 20 D
3 21 2 13 R
3 22 0 7 R
3 23 3 23 U
3 24 1 24 U
3 25 2 25 U
3 26 2 26 U
3 27 0 12 R
3 28 0 0 L
4 0 0 25 U
4 1 0 16 D
4 2 0 17 D
4 3 2 23 U
4 4 1 4 L
4 5 5 5 L
4 6 7 27 U
4 7 0 15 D
4 8 0 23 U
4 9 3 3 L
4 10 0 17 D
4 11 0 20 D
4 12 5 12 R
4 13 3 17 D
4 14 0 21 D
4 15 4 15 D
4 16 0 8 R
4 17 2 8 R
4 18 1 14 R
4 19 0 7 R
4 20 3 20 D
4 21 5 21 D
4 22 2 7 R
4 23 0 8 R
4 24 1 14 R
4 25 0 1 L
4 26 3 9 R
4 27 2 11 R
4 28 2 28 U
5 0 1 15 D
5 1 5 1 L
5 2 0 24 U
5 3 4 22 U
5 4 1 28 U
5 5 0 7 R
5 6 4 6 L
5 7 4 7 R
5 8 0 25 U
5 9 1 19 D
5 10 5 10 R
5 11 4 11 R
5 12 3 28 U
5 13 0 22 U
5 14 6 2 L
5 15 2 1 L
5 16 2 16 D
5 17 4 4 L
5 18 0 8 R
5 19 1 10 R
5 20 4 20 D
5 21 3 24 U
5 22 4 21 D
5 23 0 2 L
5 24 0 16 D
5 25 3 7 R
5 26 3 26 U
5 27 3 27 U
5 28 4 28 U
6 0 1 26 U
6 1 3 23 U
6 2 0 18 D
6 3 1 19 D
6 4 4 4 L
6 5 7 5 L
6 6 5 11 R
6 7 6 16 D
6 8 6 22 U
6 9 8 18 D
6 10 2 10 R
6 11 8 11 R
6 12 1 24 U
6 13 3 21 D
6 14 8 14 R
6 15 5 5 L
6 16 5 1 L
6 17 3 5 L
6 18 8 18 D
6 19 0 26 U
6 20 0 6 L
6 21 2 4 L
6 22 2 0 L
6 23 1 4 L
6 24 7 24 U
6 25 6 25 U
6 26 0 14 R
6 27 2 3 L
6 28 5 14 R
7 0 8 18 D
7 1 3 15 D
7 2 1 2 L
7 3 5 3 L
7 4 4 17 D
7 5 3 5 L
7 6 9 6 L
7 7 5 25 U
7 8 5 15 D
7 9 9 9 R
7 10 4 10 R
7 11 6 11 R
7 12 7 18 D
7 13 4 13 R
7 14 7 14 R
7 15 2 25 U
7 16 6 16 D
7 17 3 12 R
7 18 4 18 D
7 19 5 19 D
7 20 3 4 L
7 21 0 14 R
7 22 0 5 L
7 23 5 8 R
7 24 8 24 U
7 25 0 6 L
7 26 11 26 U
7 27 5 27 U
7 28 0 15 D
8 0 8 22 U
8 1 4 1 L
8 2 6 2 L
8 3 0 15 D
8 4 6 4 L
8 5 6 22 U
8 6 8 6 L
8 7 8 22 U
8 8 2 15 D
8 9 11 9 R
8 10 3 23 U
8 11 5 11 R
8 12 6 12 R
8 13 0 18 D
8 14 6 14 R
8 15 8 15 D
8 16 7 16 D
8 17 2 17 D
8 18 3 23 U
8 19 6 19 D
8 20 9 20 D
8 21 7 21 D
8 22 0 13 R
8 23 5 7 R
8 24 4 24 U
8 25 5 25 U
8 26 7 26 U
8 27 7 27 U
8 28 11 28 U
9 0 8 24 U
9 1 8 1 L
9 2 8 15 D
9 3 12 3 L
9 4 3 16 D
9 5 9 23 U
9 6 0 12 R
9 7 6 19 D
9 8 1 23 U
9 9 3 9 R
9 10 8 15 D
9 11 3 11 R
9 12 3 22 U
9 13 9 13 R
9 14 9 17 D
9 15 4 6 L
9 16 3 16 D
9 17 0 4 L
9 18 0 0 L
9 19 5 6 L
9 20 10 20 D
9 21 8 21 D
9 22 7 6 L
9 23 6 23 U
9 24 0 11 R
9 25 9 14 R
9 26 8 26 U
9 27 0 19 D
9 28 11 14 R
10 0 5 16 D
10 1 0 24 U
10 2 10 2 L
10 3 10 3 L
10 4 7 4 L
10 5 8 5 L
10 6 2 6 L
10 7 9 19 D
10 8 9 21 D
10 9 10 9 R
10 10 11 10 R
10 11 5 22 U
10 12 2 12 R
10 13 7 16 D
10 14 10 14 R
10 15 1 15 D
10 16 0 25 U
10 17 2 0 L
10 18 9 18 D
10 19 0 10 R
10 20 11 8 R
10 21 0 8 R
10 22 4 1 L
10 23 4 13 R
10 24 0 7 R
10 25 0 17 D
10 26 6 8 R
10 27 11 27 U
10 28 9 28 U
11 0 10 17 D
11 1 2 23 U
11 2 9 2 L
11 3 6 3 L
11 4 3 4 L
11 5 6 5 L
11 6 7 20 D
11 7 9 25 U
11 8 3 8 R
11 9 6 9 R
11 10 10 10 R
11 11 12 11 R
11 12 9 12 R
11 13 12 13 R
11 14 12 14 R
11 15 0 5 L
11 16 9 13 R
11 17 11 17 D
11 18 10 18 D
11 19 6 5 L
11 20 8 20 D
11 21 13 21 D
11 22 8 2 L
11 23 2 23 U
11 24 10 24 U
11 25 11 25 U
11 26 9 26 U
11 27 0 7 R
11 28 12 28 U
12 0 15 16 D
12 1 6 1 L
12 2 9 26 U
12 3 10 18 D
12 4 8 9 R
12 5 0 22 U
12 6 2 27 U
12 7 12 18 D
12 8 9 20 D
12 9 10 20 D
12 10 6 10 R
12 11 2 11 R
12 12 4 12 R
12 13 11 13 R
12 14 10 22 U
12 15 5 15 D
12 16 8 16 D
12 17 1 2 L
12 18 7 9 R
12 19 0 5 L
12 20 12 12 R
12 21 2 21 D
12 22 12 22 U
12 23 4 1 L
12 24 6 24 U
12 25 10 25 U
12 26 12 26 U
12 27 8 27 U
12 28 13 28 U
13 0 10 27 U
13 1 11 28 U
13 2 9 18 D
13 3 13 26 U
13 4 13 4 L
13 5 8 24 U
13 6 10 16 D
13 7 5 7 R
13 8 0 1 L
13 9 7 9 R
13 10 0 21 D
13 11 7 11 R
13 12 0 6 L
13 13 10 27 U
13 14 7 22 U
13 15 7 10 R
13 16 14 2 L
13 17 15 17 D
13 18 2 11 R
13 19 14 19 D
13 20 14 20 D
13 21 9 21 D
13 22 12 3 L
13 23 0 4 L
13 24 14 0 L
13 25 6 6 L
13 26 1 26 U
13 27 13 27 U
13 28 10 28 U
14 0 1 7 R
14 1 3 1 L
14 2 13 20 D
14 3 13 3 L
14 4 12 4 L
14 5 17 24 U
14 6 6 6 L
14 7 5 28 U
14 8 0 0 L
14 9 16 22 U
14 10 11 20 D
14 11 13 11 R
14 12 10 12 R
14 13 16 13 R
14 14 8 4 L
14 15 10 2 L
14 16 0 26 U
14 17 13 17 D
14 18 5 3 L
14 19 10 19 D
14 20 10 9 R
14 21 15 8 R
14 22 7 7 R
14 23 13 2 L
14 24 10 10 R
14 25 9 25 U
14 26 5 26 U
14 27 0 13 R
14 28 0 10 R
15 0 13 25 U
15 1 6 26 U
15 2 12 24 U
15 3 13 16 D
15 4 2 20 D
15 5 11 5 L
15 6 16 6 L
15 7 15 22 U
15 8 18 8 R
15 9 8 23 U
15 10 11 19 D
15 11 5 0 L
15 12 16 12 R
15 13 8 3 L
15 14 13 14 R
15 15 11 15 D
15 16 12 16 D
15 17 10 17 D
15 18 10 11 R
15 19 0 22 U
15 20 16 20 D
15 21 12 21 D
15 22 9 11 R
15 23 1 10 R
15 24 13 1 L
15 25 15 13 R
15 26 10 1 L
15 27 16 27 U
15 28 14 28 U
16 0 11 23 U
16 1 14 24 U
16 2 14 2 L
16 3 16 3 L
16 4 16 21 D
16 5 9 5 L
16 6 13 6 L
16 7 8 16 D
16 8 2 28 U
16 9 12 9 R
16 10 14 10 R
16 11 2 24 U
16 12 15 12 R
16 13 15 13 R
16 14 17 14 R
16 15 0 9 R
16 16 5 16 D
16 17 12 17 D
16 18 0 14 R
16 19 19 19 D
16 20 11 23 U
16 21 6 10 R
16 22 10 9 R
16 23 14 4 L
16 24 15 24 U
16 25 4 13 R
16 26 12 0 L
16 27 1 27 U
16 28 7 28 U
17 0 16 17 D
17 1 10 24 U
17 2 15 20 D
17 3 11 15 D
17 4 13 27 U
17 5 10 5 L
17 6 20 23 U
17 7 16 15 D
17 8 18 22 U
17 9 14 25 U
17 10 18 16 D
17 11 12 24 U
17 13 7 13 R
17 14 8 5 L
17 15 15 15 D
17 16 6 7 R
17 17 11 9 R
17 18 19 18 D
17 19 15 19 D
17 20 14 27 U
17 21 16 21 D
17 22 13 22 U
17 23 17 4 L
17 24 17 24 U
17 25 12 25 U
17 26 0 11 R
17 27 14 27 U
17 28 4 9 R
18 0 17 0 L
18 1 18 1 L
18 2 0 9 R
18 3 14 3 L
18 4 15 28 U
18 5 14 5 L
18 6 11 6 L
18 7 12 22 U
18 9 0 27 U
18 10 18 10 R
18 11 0 1 L
18 13 12 3 L
18 14 20 14 R
18 15 0 14 R
18 16 4 16 D
18 17 18 17 D
18 18 20 18 D
18 19 16 19 D
18 20 20 0 L
18 21 6 21 D
18 22 14 10 R
18 23 2 6 L
18 24 2 24 U
18 25 0 18 D
18 26 23 26 U
18 27 17 8 R
18 28 17 28 U
19 0 8 11 R
19 1 5 27 U
19 2 15 2 L
19 3 15 17 D
19 4 11 4 L
19 5 10 19 D
19 6 15 6 L
19 7 14 7 R
19 9 8 20 D
19 10 19 10 R
19 11 19 11 R
19 13 19 16 D
19 14 15 14 R
19 15 4 2 L
19 16 19 5 L
19 17 13 11 R
19 18 18 18 D
19 19 7 19 D
19 20 18 20 D
19 22 14 8 R
19 24 11 3 L
19 25 17 25 U
19 26 21 26 U
19 27 18 27 U
19 28 18 28 U
20 0 18 25 U
20 1 18 15 D
20 2 12 2 L
20 3 16 7 R
20 4 17 4 L
20 5 18 5 L
20 6 13 25 U
20 7 7 7 R
20 9 19 15 D
20 10 22 10 R
20 11 15 11 R
20 13 20 13 R
20 15 6 10 R
20 16 9 0 L
20 17 10 1 L
20 18 17 13 R
20 19 17 19 D
20 20 15 20 D
20 22 20 14 R
20 24 9 24 U
20 25 19 25 U
20 27 20 27 U
20 28 0 8 R
21 0 10 25 U
21 1 20 1 L
21 3 4 3 L
21 4 18 22 U
21 5 7 25 U
21 7 5 24 U
21 10 15 3 L
21 11 15 19 D
21 13 19 13 R
21 15 20 26 U
21 16 22 16 D
21 17 14 7 R
21 19 20 4 L
21 20 15 1 L
21 22 18 0 L
21 24 3 5 L
21 25 20 25 U
22 0 5 20 D
22 3 17 3 L
22 4 19 4 L
22 5 17 5 L
22 7 6 17 D
22 10 16 10 R
22 13 18 13 R
22 24 19 24 U
22 25 16 25 U
23 3 20 3 L
23 5 22 5 L
23 10 15 24 U
23 24 20 24 U
23 25 0 19 D

