16 12 168
0 7 1 0 0 0 0 4 0 0
0 12 2 0 0 0 0 0 10 1
5 0 0 0 0 0 14 0 13 11
9 0 8 9 5 0 0 4 2 0
3 0 0 15 0 0 0 0 3 5
13 0 0 0 0 0 0 0 1 0
10 0 0 0 0 0 0 0 15 1
13 8 0 0 0 0 0 0 0 10
0 15 0 10 0 0 0 0 11 5
8 0 0 0 0 0 0 0 12 9
0 0 0 0 R
0 1 0 1 R
0 2 0 2 R
0 3 0 3 U
0 4 0 4 U
0 5 0 5 U
0 6 0 6 D
0 7 0 7 D
0 8 0 8 D
0 9 0 9 L
0 10 0 10 L
0 11 0 11 L
1 0 11 0 R
1 1 0 7 D
1 2 3 2 R
1 3 4 10 L
1 4 3 11 L
1 5 5 9 L
1 6 14 4 U
1 7 6 10 L
1 8 4 8 D
1 9 8 4 U
1 10 13 4 U
1 11 3 11 L
2 0 0 4 U
2 1 9 6 D
2 2 4 8 D
2 3 7 3 U
2 4 5 4 U
2 5 10 5 U
2 6 3 6 D
2 7 1 7 D
2 8 13 8 D
2 9 11 1 R
2 10 14 10 L
2 11 7 11 L
3 0 2 0 R
3 1 0 3 U
3 2 4 2 R
3 3 1 3 U
3 4 13 10 L
3 5 14 5 U
3 6 8 9 L
3 7 1 7 D
3 8 5 5 U
3 9 7 6 D
3 10 0 1 R
3 11 6 4 U
4 0 0 6 D
4 1 6 7 D
4 2 11 8 D
4 3 2 3 U
4 4 7 4 U
4 5 7 5 U
4 6 2 0 R
4 7 3 11 L
4 8 8 11 L
4 9 9 3 U
4 10 0 0 R
4 11 3 11 L
5 0 6 8 D
5 1 8 8 D
5 2 3 3 U
5 3 7 3 U
5 4 7 9 L
5 5 10 10 L
5 6 0 9 L
5 7 2 7 D
5 8 12 8 D
5 9 7 0 R
5 10 7 1 R
5 11 7 2 R
6 0 1 7 D
6 1 1 1 R
6 2 0 8 D
6 3 0 9 L
6 4 2 4 U
6 5 13 7 D
6 6 4 5 U
6 7 3 9 L
6 8 1 0 R
6 9 12 3 U
6 10 10 3 U
6 11 2 11 L
7 0 8 6 D
7 1 3 3 U
7 2 11 3 U
7 3 10 2 R
7 4 5 10 L
7 6 13 6 D
7 7 8 7 D
7 8 5 8 D
7 9 10 6 D
7 10 10 1 R
7 11 5 2 R
8 0 5 5 U
8 1 0 5 U
8 2 4 2 R
8 3 1 10 L
8 4 4 4 U
8 5 5 5 U
8 6 6 0 R
8 7 0 4 U
8 8 11 10 L
8 9 5 0 R
8 10 5 5 U
8 11 1 11 L
9 0 6 7 D
9 1 4 1 R
9 2 12 5 U
9 3 5 3 U
9 4 10 11 L
9 6 4 0 R
9 7 2 7 D
9 8 11 9 L
9 9 0 3 U
9 10 3 10 L
9 11 4 2 R
10 0 4 7 D
10 1 12 6 D
10 2 3 7 D
10 3 0 6 D
10 4 12 11 L
10 6 0 2 R
10 7 12 7 D
10 8 12 11 L
10 9 9 0 R
10 10 12 10 L
10 11 0 1 R
11 0 1 3 U
11 1 2 4 U
11 2 5 6 D
11 3 6 9 L
11 4 6 8 D
11 5 6 9 L
11 6 12 9 L
11 7 7 10 L
11 9 3 9 L
11 10 3 10 L
11 11 4 3 U
12 0 11 4 U
12 1 14 1 R
12 2 1 4 U
12 3 13 3 U
12 4 6 4 U
12 5 3 5 U
12 6 10 2 R
12 7 3 7 D
12 9 1 9 L
12 10 6 10 L
12 11 6 3 U
13 1 1 6 D
13 3 2 10 L
13 4 1 4 U
13 5 9 11 L
13 6 14 9 L
13 7 1 2 R
13 10 8 0 R
13 11 0 2 R
14 0 11 5 U
14 1 7 4 U
14 3 0 10 L
14 6 7 9 L
14 7 9 9 L
14 10 6 10 L
15 6 11 1 R
15 7 4 0 R
15 10 6 10 L

