14 16 184
0 7 8 9 0 4 0 0 7 5 12 11
11 0 6 0 9 0 0 1 12 4 0 3
4 5 0 11 0 0 0 0 11 0 0 0
0 0 6 0 7 0 0 0 0 3 6 0
12 11 0 12 0 0 10 9 0 0 0 0
0 0 8 13 0 0 6 0 1 8 0 0
10 0 0 11 10 0 0 0 0 0 10 3
0 0 0 0 5 0 0 10 0 0 6 0
0 4 0 0 10 5 0 0 1 0 11 0
0 0 2 0 10 0 12 4 0 4 0 0
5 0 5 0 11 0 0 0 13 0 9 0
3 10 6 11 0 0 0 0 12 0 2 8
0 0 0 0 U
0 1 0 1 U
0 2 0 2 U
0 3 0 3 U
0 4 0 4 R
0 5 0 5 R
0 6 0 6 R
0 7 0 7 R
0 8 0 8 D
0 9 0 9 D
0 10 0 10 D
0 11 0 11 D
0 12 0 12 L
0 13 0 13 L
0 14 0 14 L
0 15 0 15 L
1 0 0 5 R
1 1 12 6 R
1 2 9 13 L
1 3 5 12 L
1 4 0 11 D
1 5 4 5 R
1 6 0 3 U
1 7 7 0 U
1 8 3 12 L
1 9 7 0 U
1 10 8 5 R
1 11 7 6 R
1 12 5 11 D
1 13 4 1 U
1 14 5 14 L
1 15 7 15 L
2 0 0 13 L
2 1 4 4 R
2 3 0 11 D
2 4 3 0 U
2 5 0 12 L
2 6 0 0 U
2 7 3 9 D
2 8 0 0 U
2 9 0 1 U
2 10 3 10 D
2 11 6 11 D
2 12 0 0 U
2 13 3 8 D
2 14 0 11 D
2 15 5 3 U
3 0 10 0 U
3 1 4 1 U
3 2 2 2 U
3 3 1 3 U
3 4 0 2 U
3 5 0 15 L
3 7 4 7 R
3 8 1 13 L
3 9 0 3 U
3 10 0 4 R
3 11 6 5 R
3 12 0 8 D
3 13 0 1 U
3 14 5 14 L
3 15 6 0 U
4 0 10 4 R
4 1 3 1 U
4 2 5 5 R
4 3 6 3 U
4 4 7 4 R
4 5 6 15 L
4 6 3 11 D
4 7 0 9 D
4 8 0 12 L
4 9 8 9 D
4 10 0 2 U
4 11 2 3 U
4 12 0 2 U
4 13 9 9 D
4 14 0 8 D
4 15 10 10 D
5 0 6 14 L
5 1 3 8 D
5 2 2 14 L
5 3 2 3 U
5 4 3 1 U
5 5 2 0 U
5 6 1 6 R
5 7 2 7 R
5 8 3 2 U
5 9 10 4 R
5 10 6 10 D
5 11 9 7 R
5 12 3 10 D
5 13 4 10 D
5 14 6 14 L
5 15 2 15 L
6 0 0 12 L
6 1 2 1 U
6 3 11 11 D
6 4 9 8 D
6 5 7 5 R
6 6 0 8 D
6 7 1 0 U
6 8 3 6 R
6 9 7 9 D
6 10 2 10 D
6 11 7 14 L
6 12 1 1 U
6 13 1 8 D
6 14 9 9 D
6 15 2 1 U
7 0 1 13 L
7 1 9 7 R
7 3 6 4 R
7 4 2 9 D
7 5 1 10 D
7 6 0 13 L
7 7 1 7 R
7 8 0 15 L
7 9 0 13 L
7 10 3 10 D
7 11 8 13 L
7 12 1 11 D
7 13 8 3 U
7 14 2 6 R
8 0 2 12 L
8 1 1 7 R
8 3 3 3 U
8 4 6 1 U
8 5 9 9 D
8 7 0 14 L
8 8 7 7 R
8 9 3 6 R
8 10 4 1 U
8 11 9 11 D
8 12 2 1 U
8 13 2 0 U
8 14 0 9 D
9 0 2 15 L
9 1 0 4 R
9 2 1 4 R
9 3 0 6 R
9 4 0 8 D
9 5 3 11 D
9 7 5 8 D
9 8 1 5 R
9 9 3 12 L
9 10 6 12 L
9 11 0 0 U
9 12 0 10 D
9 13 10 6 R
9 14 3 14 L
9 15 2 15 L
10 0 0 14 L
10 1 2 1 U
10 3 3 5 R
10 4 11 10 D
10 5 5 10 D
10 7 1 7 R
10 8 4 8 D
10 9 5 13 L
10 10 1 2 U
10 11 9 11 D
10 12 3 8 D
10 13 3 13 L
11 0 7 13 L
11 1 4 12 L
11 3 1 4 R
11 4 4 15 L
11 5 4 13 L
11 7 4 7 R
11 8 2 4 R
11 9 1 9 D
11 10 13 5 R
11 12 7 8 D
11 13 0 10 D
12 1 8 13 L
12 3 5 3 U
12 5 9 1 U
12 9 1 9 D
12 10 0 7 R
12 12 9 12 L
12 13 2 9 D
13 1 6 10 D
13 3 10 3 U
13 12 3 3 U

