22 26 475
9 9 12 0 3 8 10 15 17 0 16 7 7
12 0 0 0 12 0 1 9 0 10 4 0 9
1 17 20 16 9 0 12 16 0 13 0 14 18
15 18 1 0 15 5 18 0 0 16 0 13 4
14 19 0 17 15 0 19 17 0 0 17 3 19
0 0 11 2 0 0 17 18 7 0 0 0 16
0 12 0 19 1 5 0 19 0 0 0 16 13
4 17 19 0 17 19 18 0 0 5 0 15 2
2 0 0 0 0 18 0 17 15 0 21 0 2
17 0 0 0 0 10 20 18 0 0 19 18 13
0 19 20 21 0 17 0 0 17 6 0 7 9
14 0 17 0 0 0 4 21 0 13 15 11 18
11 18 3 19 14 0 0 0 18 13 0 10 0
0 0 0 0 D
0 1 0 1 D
0 2 0 2 D
0 3 0 3 D
0 4 0 4 D
0 5 0 5 D
0 6 0 6 D
0 7 0 7 R
0 8 0 8 R
0 9 0 9 R
0 10 0 10 R
0 11 0 11 R
0 12 0 12 U
0 13 0 13 U
0 14 0 14 U
0 15 0 15 U
0 16 0 16 U
0 17 0 17 U
0 18 0 18 U
0 19 0 19 L
0 20 0 20 L
0 21 0 21 L
0 22 0 22 L
0 23 0 23 L
0 24 0 24 L
0 25 0 25 L
1 0 0 8 R
1 1 0 21 L
1 2 15 11 R
1 3 0 22 L
1 4 2 4 D
1 5 10 5 D
1 6 9 6 D
1 7 2 4 D
1 8 12 8 R
1 9 4 14 U
1 10 16 0 D
1 11 5 11 R
1 12 0 19 L
1 13 9 0 D
1 14 7 14 U
1 15 12 11 R
1 16 11 9 R
1 17 14 9 R
1 18 3 18 U
1 19 0 2 D
1 20 2 13 U
1 21 2 21 L
1 22 13 22 L
1 23 9 23 L
1 24 5 8 R
1 25 5 18 U
2 0 0 19 L
2 1 4 12 U
2 2 7 12 U
2 3 8 9 R
2 4 0 10 R
2 5 16 11 R
2 6 17 6 D
2 7 5 15 U
2 8 6 13 U
2 9 12 9 R
2 10 3 10 R
2 11 13 12 U
2 12 5 0 D
2 13 7 13 U
2 14 4 14 U
2 15 7 8 R
2 16 15 16 U
2 17 1 17 U
2 18 0 1 D
2 19 0 12 U
2 20 0 8 R
2 21 8 18 U
2 22 5 5 D
2 23 0 4 D
2 24 5 24 L
2 25 4 10 R
3 0 13 8 R
3 1 0 7 R
3 2 8 2 D
3 3 6 3 D
3 4 12 11 R
3 5 9 5 D
3 6 5 6 D
3 7 6 7 R
3 8 4 2 D
3 9 0 0 D
3 10 2 10 R
3 11 0 16 U
3 12 13 20 L
3 13 7 20 L
3 14 14 7 R
3 15 0 4 D
3 16 16 7 R
3 17 1 9 R
3 18 9 18 U
3 19 0 0 D
3 20 7 0 D
3 21 14 1 D
3 22 2 15 U
3 23 7 15 U
3 24 0 16 U
4 0 12 7 R
4 1 0 20 L
4 2 8 2 D
4 3 1 3 D
4 4 1 4 D
4 5 5 5 D
4 6 12 20 L
4 7 13 16 U
4 8 0 6 D
4 9 15 15 U
4 10 10 18 U
4 11 7 11 R
4 12 0 20 L
4 13 0 7 R
4 14 1 14 U
4 15 6 15 U
4 16 6 16 U
4 17 9 17 U
4 18 11 18 U
4 19 9 3 D
4 20 3 2 D
4 21 5 21 L
4 22 3 12 U
4 24 1 24 L
5 0 6 24 L
5 1 13 1 D
5 2 0 9 R
5 3 4 3 D
5 4 16 4 D
5 5 10 22 L
5 6 1 7 R
5 7 0 2 D
5 8 0 13 U
5 9 7 14 U
5 10 4 17 U
5 11 4 11 R
5 12 11 10 R
5 13 6 7 R
5 14 7 14 U
5 15 1 15 U
5 16 7 16 U
5 17 8 17 U
5 18 1 18 U
5 19 11 0 D
5 20 12 18 U
5 21 16 17 U
5 22 9 4 D
5 23 15 23 L
5 24 2 3 D
5 25 2 25 L
6 0 10 22 L
6 1 5 1 D
6 2 11 2 D
6 3 3 21 L
6 4 1 4 D
6 5 4 24 L
6 6 2 15 U
6 7 16 12 U
6 8 10 8 R
6 9 7 16 U
6 10 1 22 L
6 11 8 16 U
6 12 3 11 R
6 13 15 3 D
6 14 4 21 L
6 15 14 10 R
6 16 2 23 L
6 17 8 17 U
6 18 9 1 D
6 19 9 19 L
6 20 4 0 D
6 21 0 18 U
6 22 7 12 U
6 23 14 5 D
6 24 2 14 U
7 0 4 0 D
7 1 2 1 D
7 2 16 22 L
7 3 13 22 L
7 4 11 19 L
7 5 3 5 D
7 6 4 21 L
7 7 2 12 U
7 8 0 0 D
7 9 2 13 U
7 10 0 14 U
7 11 6 11 R
7 12 14 7 R
7 13 4 7 R
7 14 0 1 D
7 15 9 9 R
7 16 1 16 U
7 17 3 6 D
7 18 8 18 U
7 19 2 19 L
7 20 6 20 L
7 21 3 13 U
7 22 2 22 L
7 24 12 24 L
8 0 5 19 L
8 1 4 1 D
8 2 5 20 L
8 3 1 3 D
8 4 0 24 L
8 5 3 11 R
8 6 19 7 R
8 7 16 6 D
8 8 15 2 D
8 9 17 16 U
8 10 9 4 D
8 11 2 12 U
8 12 0 0 D
8 13 3 13 U
8 14 12 22 L
8 15 4 3 D
8 16 0 7 R
8 17 11 20 L
8 18 12 5 D
8 19 11 4 D
8 20 12 20 L
8 21 1 12 U
8 22 0 3 D
8 24 18 18 U
9 0 17 0 D
9 1 2 1 D
9 2 1 24 L
9 3 7 3 D
9 4 7 8 R
9 5 1 5 D
9 6 8 6 D
9 7 13 1 D
9 8 5 5 D
9 9 6 20 L
9 10 0 3 D
9 11 17 4 D
9 12 3 8 R
9 13 0 21 L
9 14 0 8 R
9 15 14 21 L
9 16 1 16 U
9 17 3 17 U
9 18 4 3 D
9 19 7 2 D
9 20 3 0 D
9 21 5 21 L
9 22 0 17 U
9 24 10 24 L
10 0 16 23 L
10 1 12 9 R
10 2 2 20 L
10 3 5 3 D
10 4 5 4 D
10 5 1 24 L
10 6 8 6 D
10 7 0 19 L
10 8 1 8 R
10 9 7 17 U
10 10 4 15 U
10 11 18 17 U
10 12 7 12 U
10 13 0 5 D
10 14 8 19 L
10 15 5 19 L
10 16 14 22 L
10 17 1 17 U
10 18 0 19 L
10 19 11 13 U
10 20 11 15 U
10 21 0 7 R
10 22 20 22 L
10 24 3 24 L
11 0 7 7 R
11 1 12 20 L
11 2 5 2 D
11 3 15 12 U
11 4 1 4 D
11 5 3 12 U
11 6 18 10 R
11 7 13 3 D
11 8 10 1 D
11 9 6 17 U
11 10 14 21 L
11 11 5 11 R
11 12 16 21 L
11 13 17 13 U
11 14 0 3 D
11 15 3 15 U
11 16 0 23 L
11 17 15 17 U
11 18 5 10 R
11 19 1 15 U
11 20 6 4 D
11 21 9 18 U
11 22 2 1 D
11 24 15 24 L
12 0 7 9 R
12 1 13 14 U
12 2 7 19 L
12 3 6 9 R
12 4 0 18 U
12 5 1 7 R
12 6 19 22 L
12 7 15 13 U
12 8 0 1 D
12 9 14 9 R
12 10 15 10 R
12 11 5 11 R
12 12 0 11 R
12 13 20 24 L
12 14 3 14 U
12 15 7 20 L
12 16 2 4 D
12 17 4 1 D
12 18 4 10 R
12 19 2 12 U
12 20 10 17 U
12 21 14 16 U
12 22 3 22 L
12 24 7 24 L
13 0 2 25 L
13 1 10 21 L
13 2 4 2 D
13 3 0 25 L
13 4 1 8 R
13 5 7 20 L
13 6 15 24 L
13 7 11 18 U
13 8 14 14 U
13 9 7 19 L
13 10 0 13 U
13 11 7 15 U
13 12 2 9 R
13 13 10 19 L
13 14 3 10 R
13 15 18 6 D
13 16 9 19 L
13 17 4 17 U
13 18 0 21 L
13 19 5 0 D
13 20 10 5 D
13 21 2 21 L
13 22 14 22 L
13 24 11 1 D
14 0 12 11 R
14 1 6 19 L
14 2 13 8 R
14 3 7 8 R
14 4 6 7 R
14 5 13 5 D
14 7 11 14 U
14 8 10 8 R
14 9 10 9 R
14 10 7 10 R
14 11 12 11 R
14 12 5 12 U
14 13 0 9 R
14 14 4 2 D
14 15 5 9 R
14 16 0 10 R
14 17 9 11 R
14 18 4 8 R
14 19 0 1 D
14 20 11 12 U
14 21 1 8 R
14 22 7 2 D
14 24 11 15 U
15 0 4 10 R
15 1 1 1 D
15 2 2 24 L
15 3 3 3 D
15 4 12 21 L
15 5 2 5 D
15 7 1 0 D
15 8 2 17 U
15 9 0 19 L
15 10 1 10 R
15 11 2 11 R
15 12 4 19 L
15 13 10 8 R
15 14 4 14 U
15 15 1 11 R
15 16 5 7 R
15 17 4 7 R
15 18 1 20 L
15 19 8 6 D
15 20 17 14 U
15 21 16 21 L
15 22 5 18 U
15 24 3 16 U
15 25 2 25 L
16 0 2 22 L
16 1 4 21 L
16 2 3 20 L
16 3 5 3 D
16 4 9 4 D
16 7 4 0 D
16 8 0 12 U
16 9 2 16 U
16 10 2 10 R
16 11 14 15 U
16 12 1 19 L
16 13 2 2 D
16 14 6 14 U
16 15 1 15 U
16 16 14 1 D
16 17 21 3 D
16 18 12 19 L
16 19 9 1 D
16 20 10 3 D
16 21 0 6 D
16 22 17 16 U
16 24 17 12 U
17 0 4 0 D
17 1 11 11 R
17 2 4 7 R
17 3 1 3 D
17 4 1 9 R
17 7 0 5 D
17 8 19 12 U
17 9 12 13 U
17 10 12 2 D
17 11 4 11 R
17 12 8 6 D
17 13 4 13 U
17 14 14 0 D
17 15 1 15 U
17 16 4 16 U
17 17 0 8 R
17 18 1 18 U
17 19 8 12 U
17 20 5 6 D
17 21 1 5 D
17 22 18 15 U
17 24 1 18 U
18 0 15 10 R
18 1 6 1 D
18 2 16 23 L
18 3 9 22 L
18 4 16 4 D
18 8 14 8 R
18 9 14 12 U
18 10 15 22 L
18 11 13 24 L
18 14 0 20 L
18 15 15 9 R
18 16 9 3 D
18 17 4 17 U
18 18 10 7 R
18 21 7 5 D
18 22 9 13 U
19 1 6 1 D
19 4 2 4 D
19 8 6 14 U
19 9 6 9 R
19 10 3 10 R
19 11 6 14 U
19 14 5 14 U
19 15 16 20 L
19 16 13 16 U
19 17 2 17 U
19 18 3 18 U
19 21 14 12 U
19 22 18 0 D
20 8 1 6 D
20 11 1 11 R
20 14 6 14 U
20 21 2 21 L
20 22 5 22 L
21 8 4 24 L
21 11 9 15 U
21 21 4 6 D
21 22 4 22 L

