17 17 262
0 11 0 6 0 1 5 1 7 0 9 0 0 0 12 0 14 1 0
5 1 13 0 14 4 1 3 0 0 0 11 0 16 0 0 16 0 10
0 14 7 3 7 3 6 13 0 0 0 0 14 15 0 4 0 8 0
1 0 10 9 0 0 10 0 9 3 0 2 11 0 0 14 0 0 0
5 0 0 3 0 10 5 0 11 6 11 12 7 0 15 0 7 0 0
0 14 0 0 14 0 13 0 0 0 0 16 0 0 0 4 0 0 4
2 0 0 7 0 8 0 0 0 0 0 0 5 3 3 0 0 0 5
8 0 0 0 0 11 0 15 12 4 8 5 0 7 0 0 0 0 4
8 0 12 2 0 0 0 2 0 14 0 0 0 0 15 0 6 0 0
0 0 15 0 9 0 14 0 3 0 14 0 0 0 0 0 0 12 6
8 0 0 0 4 4 0 0 0 0 10 0 0 7 9 8 0 14 0
0 0 0 0 11 6 15 13 13 0 0 15 3 14 3 0 0 12 12
0 1 0 0 0 0 0 7 14 0 0 0 0 8 0 4 0 0 0
0 11 6 0 0 7 0 0 0 0 0 0 11 0 0 0 0 0 5
3 0 0 0 0 0 0 7 13 0 2 0 0 0 0 0 5 0 0
2 10 8 0 0 0 0 0 12 0 0 0 0 11 0 2 0 0 0
0 0 0 15 0 0 15 0 0 0 0 0 0 0 0 0 4 4 0
1 6 9 0 15 14 5 0 0 0 14 13 0 5 3 6 10 5 5
3 12 0 0 14 13 0 6 11 15 0 0 0 4 0 0 0 0 12
0 0 0 0 D
0 1 0 1 D
0 2 0 2 D
0 3 0 3 D
0 4 0 4 D
0 5 0 5 R
0 6 0 6 R
0 7 0 7 R
0 8 0 8 R
0 9 0 9 U
0 10 0 10 U
0 11 0 11 U
0 12 0 12 U
0 13 0 13 L
0 14 0 14 L
0 15 0 15 L
0 16 0 16 L
1 0 0 9 U
1 1 1 5 R
1 2 0 14 L
1 3 0 12 U
1 4 2 8 R
1 5 0 13 L
1 6 0 14 L
1 7 0 2 D
1 8 0 3 D
1 9 0 5 R
1 10 0 1 D
1 11 0 1 D
1 12 2 15 L
1 13 0 0 D
1 14 0 0 D
1 15 0 1 D
1 16 0 9 U
2 0 1 0 D
2 1 0 6 R
2 2 0 15 L
2 3 1 3 D
2 4 2 4 D
2 5 1 5 R
2 6 0 9 U
2 7 1 7 R
2 8 0 12 U
2 9 0 6 R
2 10 1 10 U
2 11 3 11 U
2 12 0 8 R
2 13 2 10 U
2 14 1 14 L
2 15 3 15 L
2 16 1 16 L
3 0 0 5 R
3 1 1 1 D
3 2 0 16 L
3 3 3 16 L
3 4 4 4 D
3 5 2 5 R
3 6 1 10 U
3 7 2 7 R
3 8 7 9 U
3 9 0 7 R
3 10 0 2 D
3 11 2 11 U
3 12 0 7 R
3 13 0 9 U
3 14 0 11 U
3 15 0 7 R
3 16 2 16 L
4 0 0 14 L
4 1 4 6 R
4 2 3 5 R
4 3 7 3 D
4 4 10 13 L
4 5 0 0 D
4 6 7 0 D
4 7 1 0 D
4 8 3 8 R
4 9 3 9 U
4 10 0 16 L
4 11 3 8 R
4 12 2 12 U
4 13 2 9 U
4 14 2 14 L
4 15 0 12 U
4 16 5 16 L
5 0 0 13 L
5 1 0 7 R
5 2 3 2 D
5 3 8 3 D
5 4 12 4 D
5 5 0 15 L
5 6 1 1 D
5 7 4 10 U
5 8 6 8 R
5 9 3 7 R
5 10 0 14 L
5 11 1 7 R
5 12 4 12 U
5 13 5 12 U
5 14 3 14 L
5 15 2 15 L
5 16 0 10 U
6 0 5 0 D
6 1 7 6 R
6 2 5 14 L
6 3 0 7 R
6 4 7 4 D
6 5 7 5 R
6 6 4 6 R
6 7 4 11 U
6 8 1 8 R
6 9 3 5 R
6 10 5 16 L
6 11 4 11 U
6 12 0 15 L
6 13 2 3 D
6 14 3 9 U
6 15 0 3 D
6 16 4 16 L
7 0 4 5 R
7 1 5 1 D
7 2 6 2 D
7 3 3 3 D
7 4 13 4 D
7 5 0 10 U
7 6 2 6 R
7 7 6 7 R
7 8 0 10 U
7 9 2 9 U
7 10 7 10 U
7 11 5 11 U
7 12 0 0 D
7 13 0 5 R
7 14 4 14 L
7 15 6 15 L
7 16 7 16 L
8 0 7 7 R
8 1 3 6 R
8 2 7 13 L
8 3 2 3 D
8 5 2 10 U
8 6 5 9 U
8 7 6 11 U
8 8 4 8 R
8 9 9 13 L
8 10 6 10 U
8 11 0 3 D
8 12 9 12 U
8 13 6 13 L
8 14 6 0 D
8 15 9 0 D
8 16 3 4 D
9 0 8 8 R
9 1 4 1 D
9 2 8 2 D
9 3 5 8 R
9 5 6 0 D
9 6 10 2 D
9 7 6 3 D
9 8 0 13 L
9 9 2 13 L
9 10 3 16 L
9 11 4 15 L
9 12 7 12 U
9 13 4 1 D
9 14 10 12 U
9 15 9 15 L
9 16 3 16 L
10 0 9 14 L
10 1 0 8 R
10 2 12 2 D
10 3 0 16 L
10 5 4 11 U
10 6 5 0 D
10 7 0 15 L
10 8 9 8 R
10 9 5 9 U
10 10 1 1 D
10 11 0 14 L
10 12 8 15 L
10 13 6 12 U
10 14 7 14 L
10 15 11 15 L
10 16 8 16 L
11 0 5 15 L
11 1 6 16 L
11 2 7 8 R
11 3 4 3 D
11 5 8 0 D
11 6 5 6 R
11 7 8 7 R
11 8 7 8 R
11 9 10 8 R
11 10 9 10 U
11 11 11 11 U
11 12 1 13 L
11 13 1 1 D
11 14 9 14 L
11 15 12 15 L
11 16 3 10 U
12 0 4 0 D
12 1 8 15 L
12 2 11 2 D
12 3 11 13 L
12 5 6 10 U
12 6 7 12 U
12 7 10 0 D
12 8 1 12 U
12 9 11 9 U
12 10 3 6 R
12 11 2 6 R
12 12 6 12 U
12 13 0 6 R
12 14 8 6 R
12 15 10 15 L
12 16 0 12 U
13 0 12 8 R
13 1 9 1 D
13 2 14 2 D
13 3 11 3 D
13 5 6 5 R
13 6 6 6 R
13 7 13 9 U
13 8 0 11 U
13 9 13 5 R
13 10 2 8 R
13 11 6 13 L
13 12 15 12 U
13 13 0 2 D
13 14 10 14 L
13 15 1 15 L
13 16 13 16 L
14 0 11 0 D
14 1 7 1 D
14 2 15 2 D
14 3 12 10 U
14 5 5 5 R
14 6 4 1 D
14 7 13 7 R
14 8 10 8 R
14 9 12 9 U
14 10 13 7 R
14 11 13 11 U
14 13 7 12 U
14 14 1 9 U
14 15 4 9 U
14 16 10 16 L
15 0 12 15 L
15 2 0 13 L
15 3 13 3 D
15 5 8 5 R
15 6 3 10 U
15 7 10 10 U
15 8 13 10 U
15 9 4 9 U
15 11 12 11 U
15 13 4 11 U
15 14 8 9 U
15 15 9 7 R
16 0 11 6 R
16 5 0 2 D
16 6 14 4 D

