20 15 243
17 10 0 0 0 0 12 7 2 2 0 0 0 0 0
0 0 5 18 0 0 14 0 0 0 0 2 0 0 2
15 0 17 0 0 0 13 0 0 0 19 0 0 0 0
4 5 0 7 5 14 7 0 0 11 0 0 0 0 15
0 0 0 0 0 0 0 4 0 0 0 0 0 0 0
18 0 12 0 0 0 0 3 0 17 16 7 0 0 4
0 0 0 0 0 0 0 8 16 0 0 0 0 0 0
0 0 13 0 0 0 0 0 12 0 10 17 0 12 0
0 0 0 7 0 1 0 11 13 0 0 0 0 16 0
0 0 0 0 0 0 0 0 18 0 0 1 0 1 0
0 0 0 0 0 0 0 0 17 5 0 0 0 0 10
10 12 14 0 15 9 8 0 0 17 12 0 0 0 12
16 0 10 0 0 0 0 0 0 0 0 0 0 2 0
12 0 1 0 0 0 0 4 16 0 4 0 0 14 11
0 0 19 0 0 0 0 0 2 0 0 0 0 0 6
0 0 0 0 L
0 1 0 1 L
0 2 0 2 L
0 3 0 3 L
0 4 0 4 R
0 5 0 5 R
0 6 0 6 R
0 7 0 7 D
0 8 0 8 D
0 9 0 9 D
0 10 0 10 D
0 11 0 11 U
0 12 0 12 U
0 13 0 13 U
0 14 0 14 U
1 0 12 7 D
1 1 2 10 D
1 2 0 10 D
1 4 0 11 U
1 5 6 5 R
1 6 6 7 D
1 7 0 5 R
1 8 5 8 D
1 9 5 9 D
1 10 4 10 D
1 11 0 10 D
1 12 17 5 R
1 13 3 6 R
1 14 0 2 L
2 0 12 10 D
2 1 9 8 D
2 2 14 7 D
2 3 7 8 D
2 4 4 4 R
2 5 0 0 L
2 6 4 6 R
2 7 10 5 R
2 8 13 8 D
2 9 12 9 D
2 10 11 10 D
2 11 6 1 L
2 12 0 7 D
2 13 13 4 R
2 14 1 14 U
3 0 0 14 U
3 1 14 14 U
3 2 1 11 U
3 4 5 12 U
3 5 4 12 U
3 6 7 3 L
3 7 5 1 L
3 8 8 4 R
3 9 6 4 R
3 10 10 6 R
3 11 14 6 R
3 12 13 4 R
3 13 12 6 R
3 14 9 14 U
4 0 0 7 D
4 1 2 1 L
4 2 1 2 L
4 3 3 3 L
4 4 1 8 D
4 5 13 11 U
4 6 0 12 U
4 7 0 0 L
4 8 3 0 L
4 9 7 0 L
4 10 6 0 L
4 11 0 4 R
4 12 1 12 U
4 13 7 6 R
4 14 8 14 U
5 0 1 0 L
5 1 15 13 U
5 2 0 8 D
5 3 11 10 D
5 4 11 11 U
5 5 6 8 D
5 6 6 6 R
5 7 2 3 L
5 8 8 1 L
5 9 9 9 D
5 10 7 1 L
5 11 4 5 R
5 12 9 0 L
5 13 1 13 U
5 14 1 4 R
6 0 15 11 U
6 1 7 11 U
6 2 12 12 U
6 3 2 3 L
6 4 4 4 R
6 5 0 1 L
6 6 4 13 U
6 7 4 7 D
6 8 5 3 L
6 9 7 9 D
6 10 8 10 D
6 11 1 1 L
6 12 0 0 L
6 13 0 1 L
6 14 14 5 R
7 0 0 11 U
7 1 3 9 D
7 2 4 8 D
7 4 5 13 U
7 5 16 7 D
7 6 14 12 U
7 7 0 4 R
7 8 0 12 U
7 9 4 9 D
7 10 9 10 D
7 11 8 5 R
7 12 8 6 R
7 13 14 5 R
7 14 6 9 D
8 0 2 11 U
8 1 3 13 U
8 2 16 12 U
8 4 0 13 U
8 5 3 12 U
8 6 4 6 R
8 7 0 11 U
8 8 14 8 D
8 9 3 9 D
8 10 15 5 R
8 11 10 0 L
8 12 7 6 R
8 13 2 13 U
8 14 12 14 U
9 0 1 14 U
9 1 12 12 U
9 2 14 2 L
9 4 12 11 U
9 5 2 5 R
9 6 5 14 U
9 7 6 5 R
9 8 0 14 U
9 9 1 9 D
9 10 4 10 D
9 11 5 4 R
9 12 2 12 U
9 13 2 13 U
9 14 4 0 L
10 0 3 12 U
10 1 0 12 U
10 2 12 14 U
10 4 0 2 L
10 5 0 9 D
10 6 13 8 D
10 7 2 2 L
10 8 11 2 L
10 9 9 6 R
10 10 3 2 L
10 11 2 7 D
10 12 0 5 R
10 14 6 14 U
11 0 8 0 L
11 1 13 1 L
11 2 5 2 L
11 4 8 7 D
11 5 3 13 U
11 6 4 1 L
11 7 0 13 U
11 8 13 0 L
11 9 12 1 L
11 10 9 1 L
11 11 2 4 R
11 12 2 5 R
11 13 9 4 R
11 14 7 14 U
12 0 5 10 D
12 1 10 14 U
12 2 5 7 D
12 4 10 13 U
12 5 0 7 D
12 6 10 11 U
12 7 11 1 L
12 8 3 6 R
12 9 8 5 R
12 10 1 10 D
12 11 6 11 U
12 12 8 12 U
12 13 0 6 R
12 14 9 14 U
13 0 7 8 D
13 2 11 10 D
13 4 18 4 R
13 5 10 0 L
13 6 4 6 R
13 7 15 1 L
13 8 11 1 L
13 10 4 10 D
13 11 7 11 U
13 12 1 2 L
13 13 1 0 L
13 14 9 14 U
14 0 0 9 D
14 1 3 7 D
14 3 9 9 D
14 4 11 4 R
14 5 16 12 U
14 6 0 11 U
14 7 0 2 L
14 8 12 1 L
14 9 5 6 R
14 10 3 10 D
14 11 11 0 L
14 13 3 13 U
14 14 1 14 U
15 0 0 13 U
15 4 0 8 D
15 5 13 8 D
15 6 11 13 U
15 7 11 11 U
15 8 8 5 R
15 10 6 4 R
15 11 8 11 U
15 14 2 14 U
16 0 5 0 L
16 4 10 0 L
16 5 15 10 D
16 6 11 6 R
16 7 0 6 R
16 8 11 8 D
16 10 6 12 U
16 11 0 3 L
16 14 2 14 U
17 0 5 8 D
17 1 2 1 L
17 6 9 6 R
17 8 1 5 R
17 10 12 10 D
17 11 0 5 R
17 14 0 9 D
18 0 4 10 D
18 1 5 1 L
18 10 3 10 D
18 11 0 8 D
18 14 5 14 U
19 0 0 12 U
19 11 10 10 D

