22 12 229
0 0 5 0 6 0 4 0 1 2 2
13 11 10 0 0 18 0 0 6 0 0
0 1 2 0 17 0 8 9 8 0 0
10 10 0 0 2 0 0 0 4 0 0
8 0 1 0 0 17 14 3 0 0 0
1 7 0 0 0 0 19 3 6 5 8
20 0 0 14 18 17 2 0 17 19 0
0 0 5 6 0 0 15 11 3 18 18
0 20 19 0 0 2 0 0 4 0 0
0 18 0 1 18 20 0 0 16 0 0
0 21 20 4 20 0 20 20 21 16 12
0 0 0 0 D
0 1 0 1 D
0 2 0 2 D
0 3 0 3 R
0 4 0 4 R
0 5 0 5 R
0 6 0 6 U
0 7 0 7 U
0 8 0 8 U
0 9 0 9 L
0 10 0 10 L
0 11 0 11 L
1 0 13 3 R
1 1 4 6 U
1 2 15 2 D
1 3 14 2 D
1 4 0 10 L
1 5 5 5 R
1 6 0 9 L
1 7 0 3 R
1 8 7 8 U
1 9 5 2 D
1 10 4 7 U
1 11 2 11 L
2 0 5 4 R
2 1 0 3 R
2 2 1 2 D
2 3 9 0 D
2 4 12 6 U
2 5 4 5 R
2 6 0 4 R
2 7 18 4 R
2 8 15 2 D
2 9 5 0 D
2 10 11 1 D
2 11 4 11 L
3 0 13 0 D
3 1 7 9 L
3 2 7 10 L
3 3 0 8 U
3 4 0 0 D
3 5 0 9 L
3 6 6 9 L
3 7 11 2 D
3 8 0 11 L
3 9 1 7 U
3 10 4 10 L
3 11 1 11 L
4 0 0 6 U
4 1 16 4 R
4 2 1 3 R
4 3 1 3 R
4 4 14 10 L
4 5 2 5 R
4 6 2 3 R
4 7 1 7 U
4 8 2 8 U
4 9 0 2 D
4 10 0 6 U
4 11 0 8 U
5 0 6 0 D
5 1 10 11 L
5 3 16 7 U
5 4 3 4 R
5 5 9 8 U
5 6 2 4 R
5 7 11 3 R
5 8 7 8 U
5 9 17 9 L
5 10 8 8 U
5 11 0 1 D
6 0 9 6 U
6 1 9 1 D
6 2 12 10 L
6 3 8 3 R
6 4 7 0 D
6 5 7 5 R
6 6 3 0 D
6 7 2 5 R
6 8 2 8 U
6 9 14 8 U
6 10 2 1 D
6 11 3 11 L
7 0 15 11 L
7 1 8 9 L
7 2 4 2 D
7 3 0 6 U
7 4 15 8 U
7 5 5 7 U
7 6 0 10 L
7 7 14 9 L
7 8 12 8 U
7 9 5 9 L
7 10 8 7 U
7 11 3 1 D
8 0 12 5 R
8 1 3 9 L
8 2 4 4 R
8 3 10 3 R
8 4 10 4 R
8 5 1 5 R
8 6 13 10 L
8 7 3 7 U
8 8 6 8 U
8 9 4 6 U
8 10 5 3 R
8 11 13 6 U
9 0 13 0 D
9 1 0 4 R
9 2 14 5 R
9 3 10 7 U
9 4 0 6 U
9 5 17 6 U
9 6 11 6 U
9 7 10 0 D
9 8 1 8 U
9 9 0 4 R
9 10 2 10 L
9 11 7 11 L
10 0 15 9 L
10 1 12 9 L
10 2 15 11 L
10 3 3 7 U
10 4 11 4 R
10 5 3 6 U
10 6 5 3 R
10 7 2 7 U
10 8 19 5 R
10 9 18 7 U
10 10 9 10 L
10 11 8 11 L
11 0 2 5 R
11 1 1 5 R
11 2 5 10 L
11 3 3 3 R
11 4 0 2 D
11 5 6 5 R
11 6 14 5 R
11 7 12 5 R
11 8 0 0 D
11 9 5 1 D
11 10 1 1 D
11 11 1 1 D
12 0 17 3 R
12 1 5 9 L
12 2 0 11 L
12 3 0 7 U
12 4 16 6 U
12 5 0 11 L
12 6 4 11 L
12 7 7 7 U
12 8 0 2 D
12 9 0 0 D
12 10 11 10 L
12 11 11 6 U
13 0 5 5 R
13 1 7 7 U
13 2 7 4 R
13 3 1 1 D
13 4 3 1 D
13 5 2 1 D
13 6 0 5 R
13 7 12 1 D
13 8 4 5 R
13 9 11 6 U
13 10 9 8 U
13 11 12 8 U
14 0 8 4 R
14 1 10 4 R
14 3 9 8 U
14 4 7 1 D
14 5 13 11 L
14 6 2 9 L
14 7 16 9 L
14 8 8 11 L
14 9 4 1 D
14 10 3 0 D
14 11 10 11 L
15 0 0 9 L
15 1 9 9 L
15 3 7 6 U
15 4 0 1 D
15 5 11 8 U
15 6 5 0 D
15 7 13 1 D
15 8 3 2 D
15 9 16 1 D
15 10 4 0 D
15 11 4 6 U
16 0 7 10 L
16 1 8 10 L
16 3 17 7 U
16 4 7 7 U
16 5 8 0 D
16 6 6 3 R
16 7 6 7 U
16 9 0 7 U
16 10 3 7 U
17 0 9 10 L
17 1 16 9 L
17 3 19 1 D
17 4 12 4 R
17 5 13 1 D
17 6 3 9 L
17 7 4 7 U
17 8 15 4 R
17 9 13 6 U
17 10 16 1 D
18 0 7 0 D
18 1 19 5 R
18 3 14 10 L
18 5 12 10 L
18 6 15 4 R
18 7 2 7 U
18 9 17 0 D
18 10 19 6 U
19 0 11 0 D
19 1 15 1 D
19 3 3 0 D
19 6 3 10 L
19 7 17 10 L
19 9 17 4 R
19 10 18 2 D
20 0 11 4 R
20 7 2 3 R
20 9 0 3 R
20 10 10 10 L
21 0 0 7 U
21 10 5 10 L

