17 14 198
0 0 0 0 3 0 5 0 0 16 12 12 0 0
0 0 0 0 6 13 0 14 15 0 0 1 0 10
9 2 9 0 0 0 0 0 0 0 0 8 0 3
11 0 0 0 2 0 3 0 6 0 7 0 9 0
0 0 12 13 0 0 10 0 0 8 0 0 1 11
0 0 10 0 14 9 6 13 7 2 13 0 0 3
2 15 0 0 0 0 0 16 0 0 15 0 0 11
0 0 1 0 11 1 13 3 0 0 0 12 14 11
9 0 0 7 2 0 11 0 0 0 5 0 13 0
13 0 7 0 10 0 0 0 5 1 0 16 0 2
0 0 0 12 0 10 0 0 3 0 0 15 0 14
3 0 0 0 8 0 7 0 11 0 0 3 0 4
0 14 10 2 0 0 0 14 1 5 0 12 12 0
12 0 12 11 0 14 7 0 12 8 11 0 0 0
0 0 0 0 U
0 1 0 1 U
0 2 0 2 U
0 3 0 3 R
0 4 0 4 R
0 5 0 5 R
0 6 0 6 D
0 7 0 7 D
0 8 0 8 D
0 9 0 9 D
0 10 0 10 D
0 11 0 11 L
0 12 0 12 L
0 13 0 13 L
1 0 12 12 L
1 1 0 13 L
1 2 2 2 U
1 3 9 0 U
1 4 4 4 R
1 5 5 7 D
1 6 0 11 L
1 7 0 0 U
1 8 8 3 R
1 9 5 9 D
1 11 0 7 D
1 12 8 1 U
1 13 0 9 D
2 0 0 3 R
2 1 0 5 R
2 2 10 4 R
2 3 3 1 U
2 4 12 12 L
2 5 1 1 U
2 6 3 3 R
2 7 10 4 R
2 8 3 8 D
2 9 8 9 D
2 10 5 10 D
2 11 1 11 L
2 12 6 7 D
2 13 6 6 D
3 0 10 13 L
3 1 5 11 L
3 2 2 6 D
3 3 1 7 D
3 4 7 2 U
3 5 8 5 R
3 6 0 2 U
3 7 7 7 D
3 8 10 1 U
3 9 5 9 D
3 10 0 4 R
3 11 9 11 L
3 12 1 2 U
3 13 1 13 L
4 0 0 11 L
4 1 6 3 R
4 2 10 3 R
4 3 0 7 D
4 4 9 8 D
4 5 12 5 R
4 6 8 13 L
4 7 7 12 L
4 8 0 12 L
4 9 12 0 U
4 11 0 6 D
4 12 1 12 L
4 13 2 6 D
5 0 0 12 L
5 1 3 1 U
5 2 0 13 L
5 3 12 7 D
5 4 7 12 L
5 5 0 13 L
5 6 8 6 D
5 7 1 3 R
5 8 13 8 D
5 9 3 9 D
5 11 2 7 D
5 12 0 3 R
5 13 6 13 L
6 0 4 4 R
6 1 0 4 R
6 2 3 2 U
6 3 0 9 D
6 4 10 4 R
6 5 2 5 R
6 6 0 4 R
6 7 0 2 U
6 8 1 8 D
6 9 9 4 R
6 11 1 3 R
6 12 10 0 U
6 13 0 8 D
7 0 2 13 L
7 1 8 12 L
7 2 5 2 U
7 3 10 3 R
7 4 9 11 L
7 5 2 7 D
7 6 8 11 L
7 7 1 7 D
7 8 15 11 L
7 9 1 9 D
7 11 0 0 U
7 12 0 2 U
7 13 5 9 D
8 0 11 0 U
8 1 2 4 R
8 2 3 11 L
8 3 4 3 R
8 4 9 6 D
8 5 11 5 R
8 6 1 6 D
8 7 7 4 R
8 8 14 13 L
8 9 0 4 R
8 11 3 1 U
8 12 0 1 U
8 13 10 3 R
9 0 7 12 L
9 1 3 3 R
9 2 11 13 L
9 3 1 9 D
9 4 3 1 U
9 5 0 7 D
9 6 6 6 D
9 7 0 11 L
9 8 11 8 D
9 9 7 11 L
9 11 6 4 R
9 12 0 10 D
9 13 4 7 D
10 0 3 11 L
10 1 0 7 D
10 2 1 2 U
10 3 0 2 U
10 4 0 6 D
10 5 0 9 D
10 6 0 5 R
10 7 5 7 D
10 9 11 12 L
10 11 2 6 D
10 12 6 12 L
10 13 4 13 L
11 0 1 5 R
11 1 10 1 U
11 2 1 2 U
11 3 8 6 D
11 4 0 0 U
11 5 1 8 D
11 6 8 5 R
11 7 1 7 D
11 9 0 13 L
11 11 8 0 U
11 12 1 0 U
11 13 13 13 L
12 0 1 11 L
12 1 7 1 U
12 2 0 12 L
12 3 0 12 L
12 4 6 9 D
12 5 3 5 R
12 6 4 12 L
12 7 4 0 U
12 9 0 1 U
12 11 11 11 L
12 12 4 1 U
12 13 0 4 R
13 0 8 12 L
13 1 12 1 U
13 2 6 2 U
13 3 9 7 D
13 4 14 7 D
13 5 7 5 R
13 6 0 3 R
13 7 1 7 D
13 11 3 11 L
13 12 8 5 R
13 13 15 8 D
14 0 3 7 D
14 1 15 13 L
14 3 4 1 U
14 4 6 11 L
14 5 10 5 R
14 6 8 0 U
14 7 13 11 L
14 12 7 12 L
15 0 10 5 R
15 1 13 5 R
15 3 1 2 U
15 4 11 1 U
15 5 13 2 U
15 6 7 4 R
15 12 2 12 L
16 5 2 5 R
16 6 8 6 D
16 12 4 8 D

