17 13 177
0 5 0 0 0 0 0 0 0 0 0 0 0 0 4 2
0 0 0 0 8 0 0 1 0 6 0 0 8 4 0 0
0 0 0 0 0 0 0 0 0 0 0 0 8 0 0 8
1 0 8 0 0 4 0 0 0 0 0 0 0 5 0 0
0 0 12 0 1 10 2 7 0 0 0 0 0 0 0 0
0 0 0 0 5 4 0 4 0 0 0 0 0 0 9 11
0 6 0 0 0 0 0 0 0 0 0 0 0 0 0 0
0 0 0 0 0 0 0 10 0 0 0 0 0 0 0 0
5 0 0 0 0 0 0 0 0 0 0 0 0 0 0 0
0 0 0 0 14 8 4 0 0 14 0 0 0 8 0 0
0 0 0 0 0 0 0 0 15 0 14 13 11 0 10 0
0 0 0 0 0 0 0 0 14 0 11 7 15 0 0 0
12 4 1 0 0 12 0 1 9 0 0 0 0 0 0 0
6 0 0 0 13 0 0 0 0 0 0 0 2 0 10 0
0 0 0 6 0 0 0 0 0 0 0 13 0 0 12 14
10 0 11 12 6 0 0 0 13 16 9 0 0 0 0 10
0 0 0 0 D
0 1 0 1 D
0 2 0 2 D
0 3 0 3 R
0 4 0 4 R
0 5 0 5 R
0 6 0 6 R
0 7 0 7 U
0 8 0 8 U
0 9 0 9 U
0 10 0 10 L
0 11 0 11 L
0 12 0 12 L
1 0 0 9 U
1 1 9 1 D
1 2 9 3 R
1 3 0 7 U
1 4 0 11 L
1 5 7 8 U
1 6 7 2 D
1 7 10 7 U
1 8 3 6 R
1 9 0 2 D
1 10 2 7 U
1 11 8 11 L
1 12 9 7 U
2 0 0 3 R
2 1 7 3 R
2 2 0 4 R
2 3 3 3 R
2 4 6 8 U
2 5 12 5 R
2 6 7 6 R
2 7 7 10 L
2 8 10 10 L
2 9 8 9 U
2 10 0 7 U
2 11 1 8 U
2 12 0 8 U
3 0 8 4 R
3 1 1 4 R
3 2 0 5 R
3 3 4 10 L
3 4 12 4 R
3 5 10 5 R
3 6 8 6 R
3 7 8 5 R
3 8 12 3 R
3 9 11 6 R
3 10 5 10 L
3 11 6 11 L
3 12 5 2 D
4 0 0 11 L
4 1 11 11 L
4 2 0 8 U
4 3 5 7 U
4 4 5 9 U
4 5 2 5 R
4 6 13 0 D
4 7 5 7 U
4 8 8 8 U
4 9 0 1 D
4 10 0 3 R
4 11 3 7 U
4 12 6 12 L
5 0 0 10 L
5 1 8 10 L
5 2 11 2 D
5 3 1 2 D
5 4 8 4 R
5 5 9 7 U
5 6 12 6 R
5 7 0 2 D
5 8 8 8 U
5 9 10 9 U
5 10 3 9 U
5 11 0 2 D
5 12 13 12 L
6 0 4 12 L
6 1 1 10 L
6 2 4 10 L
6 3 11 8 U
6 4 0 8 U
6 5 9 9 U
6 6 11 6 R
6 7 0 0 D
6 8 7 4 R
6 9 2 9 U
6 10 7 8 U
6 11 8 0 D
6 12 11 12 L
7 0 4 3 R
7 2 5 4 R
7 3 0 0 D
7 4 2 1 D
7 5 13 1 D
7 6 12 2 D
7 7 3 12 L
7 8 0 11 L
7 9 0 6 R
7 10 0 9 U
7 11 0 1 D
7 12 2 12 L
8 0 9 0 D
8 1 1 1 D
8 2 6 2 D
8 3 12 9 U
8 4 10 2 D
8 5 12 5 R
8 6 9 7 U
8 7 0 1 D
8 8 5 3 R
8 9 5 4 R
8 10 3 0 D
8 11 5 2 D
8 12 6 0 D
9 0 4 0 D
9 1 0 12 L
9 2 11 11 L
9 3 2 11 L
9 4 3 4 R
9 5 12 5 R
9 6 7 0 D
9 7 2 7 U
9 8 6 3 R
9 9 8 9 U
9 10 2 8 U
9 11 4 11 L
9 12 0 9 U
10 0 0 7 U
10 1 6 1 D
10 2 5 2 D
10 3 8 8 U
10 4 0 9 U
10 5 12 5 R
10 6 8 6 R
10 7 0 5 R
10 8 9 8 U
10 9 5 9 U
10 11 7 9 U
10 12 4 9 U
11 0 6 12 L
11 1 1 5 R
11 2 6 5 R
11 3 4 7 U
11 4 5 7 U
11 5 8 5 R
11 7 3 3 R
11 8 0 1 D
11 9 5 9 U
11 12 0 0 D
12 0 6 11 L
12 1 11 10 L
12 3 3 3 R
12 4 2 0 D
12 5 7 5 R
12 7 0 10 L
12 8 9 12 L
12 9 9 5 R
12 10 9 1 D
12 11 0 0 D
12 12 1 12 L
13 0 9 10 L
13 1 1 3 R
13 3 12 3 R
13 4 3 4 R
13 7 3 11 L
13 8 8 8 U
13 9 0 12 L
14 0 3 0 D
14 3 12 0 D
14 4 8 4 R
14 7 8 3 R
14 8 5 8 U
15 0 6 0 D
15 4 12 1 D
16 4 13 7 U

