9 6 39
0 0 0 0 0 0 0 0 0 0 0 0 0 0 0 0 0 0 0
0 0 0 0 0 0 0 0 0 0 0 0 0 0 0 0 0 0 0
0 0 0 0 0 0 0 0 0 0 0 3 0 0 0 0 0 0 0
1 8 0 0 4 0 0 0 0 0 0 0 0 0 7 0 0 0 0
0 0 0 0 0 0 0 0 0 0 0 0 0 0 0 0 0 0 0
0 0 0 0 0 0 0 0 0 0 0 0 0 0 0 0 0 0 0
0 1 0 0 1 0 0 0 0 0 0 0 8 3 0 0 0 0 0
0 0 0 0 0 0 0 0 4 0 2 0 0 0 0 0 0 0 0
0 0 0 0 0 0 0 0 0 0 0 0 0 0 0 0 0 0 0
0 2 0 0 0 0 0 0 6 0 0 4 2 0 0 0 0 0 0
2 0 0 0 0 0 0 0 3 0 0 0 0 0 0 0 0 0 0
0 0 0 5 0 0 0 1 0 0 0 0 4 4 3 0 0 0 0
0 6 7 0 4 0 0 0 0 0 0 5 0 0 0 0 0 0 0
0 0 0 0 0 0 0 7 0 0 4 0 0 0 0 0 0 0 0
0 0 0 0 0 0 0 0 0 0 0 0 0 0 0 0 0 0 0
0 6 0 0 5 0 0 0 0 0 0 0 0 0 0 0 0 0 0
0 0 0 0 0 0 0 0 0 0 0 0 0 0 0 0 0 0 0
0 0 0 0 0 0 0 0 0 0 0 0 0 0 0 0 0 0 0
0 6 0 0 0 0 0 0 0 0 0 0 3 0 0 0 0 0 0
0 0 0 0 D
0 1 0 1 D
0 2 0 2 R
0 3 0 3 R
0 4 0 4 U
0 5 0 5 L
1 0 2 0 D
1 1 3 2 R
1 2 3 4 U
1 3 3 4 U
1 4 0 2 R
1 5 0 0 D
2 0 1 2 R
2 1 3 1 D
2 2 3 2 R
2 4 0 5 L
2 5 0 4 U
3 0 0 5 L
3 1 5 5 L
3 2 2 0 D
3 3 2 3 R
3 4 0 0 D
3 5 2 4 U
4 0 0 4 U
4 1 2 1 D
4 2 0 4 U
4 3 0 5 L
4 4 1 0 D
4 5 1 5 L
5 0 4 5 L
5 2 4 4 U
5 5 2 2 R
6 0 0 3 R
6 2 1 4 U
6 5 0 2 R
7 0 0 2 R
7 2 0 0 D
7 5 0 3 R
8 2 0 1 D

