14 10 109
1 9 1 5 0 8 1 0 1 3
0 0 12 0 7 0 0 9 0 0
0 0 0 0 0 0 0 0 0 0
0 0 0 0 0 0 0 6 5 0
0 0 0 11 10 13 12 13 0 0
9 2 0 0 0 0 0 6 11 0
0 0 0 0 0 0 7 9 0 12
0 0 9 10 0 0 0 9 0 9
5 10 0 0 0 12 0 0 0 4
0 0 5 7 7 0 2 0 5 7
0 0 0 0 R
0 1 0 1 R
0 2 0 2 U
0 3 0 3 U
0 4 0 4 U
0 5 0 5 D
0 6 0 6 D
0 7 0 7 L
0 8 0 8 L
0 9 0 9 L
1 0 7 6 D
1 1 2 1 R
1 2 3 9 L
1 3 4 8 L
1 5 0 1 R
1 6 4 6 D
1 7 3 2 U
1 8 9 6 D
1 9 7 9 L
2 0 7 5 D
2 1 0 4 U
2 2 3 8 L
2 3 0 7 L
2 5 0 7 L
2 6 5 2 U
2 7 10 2 U
2 8 6 8 L
2 9 4 9 L
3 0 4 0 R
3 1 1 6 D
3 2 6 0 R
3 3 0 6 D
3 5 0 0 R
3 6 0 3 U
3 7 4 5 D
3 8 0 3 U
3 9 11 5 D
4 0 5 6 D
4 1 1 1 R
4 2 1 2 U
4 3 8 3 U
4 5 5 5 D
4 6 1 0 R
4 7 0 5 D
4 8 6 8 L
4 9 1 9 L
5 0 0 2 U
5 1 0 8 L
5 2 0 7 L
5 3 4 3 U
5 4 2 4 U
5 5 1 3 U
5 6 8 1 R
5 7 6 2 U
5 8 9 8 L
5 9 8 9 L
6 0 4 0 R
6 1 4 1 R
6 2 0 1 R
6 3 2 8 L
6 4 0 8 L
6 5 8 2 U
6 6 4 6 D
6 7 3 5 D
6 8 3 6 D
6 9 3 0 R
7 0 5 0 R
7 1 0 5 D
7 2 4 7 L
7 3 0 9 L
7 4 2 8 L
7 5 5 7 L
7 6 0 4 U
7 7 1 1 R
7 8 1 8 L
8 0 3 0 R
8 1 2 5 D
8 2 4 0 R
8 5 4 5 D
8 6 0 2 U
8 7 3 3 U
8 8 0 2 U
8 9 7 9 L
9 0 2 0 R
9 1 6 6 D
9 2 0 0 R
9 3 1 0 R
9 4 6 7 L
9 5 5 0 R
9 6 5 6 D
9 7 3 4 U
9 9 10 6 D
10 0 2 3 U
10 1 0 7 L
10 2 5 0 R
10 3 7 1 R
10 5 11 1 R
10 7 5 6 D
10 8 9 2 U
11 1 3 2 U
11 2 6 1 R
11 5 4 2 U
11 6 10 7 L
11 7 5 7 L
12 0 11 3 U
12 2 10 2 U
12 5 11 2 U
12 7 11 5 D
13 5 2 5 D

