12 10 100
0 5 5 0 0 0 7 0 0 0 0 0 0
0 0 8 0 0 0 8 0 0 0 0 0 0
8 0 1 3 0 2 4 0 10 9 0 8 7
2 8 0 0 7 0 0 5 0 0 3 2 0
0 0 0 0 2 8 0 4 0 0 3 0 0
0 7 0 0 0 0 0 0 0 2 0 0 8
5 0 0 0 2 7 0 0 10 0 0 8 0
9 0 9 7 0 0 6 1 0 9 0 0 4
4 4 1 0 0 0 1 3 0 0 9 0 7
0 0 11 0 0 0 0 0 0 0 2 10 2
0 0 0 0 0 5 2 5 3 10 6 0 0
0 0 4 0 0 0 7 0 0 0 0 0 3
11 1 7 0 2 0 5 0 1 1 1 10 0
0 0 0 0 L
0 1 0 1 L
0 2 0 2 R
0 3 0 3 R
0 4 0 4 R
0 5 0 5 D
0 6 0 6 D
0 7 0 7 U
0 8 0 8 U
0 9 0 9 U
1 0 0 7 U
1 1 3 1 L
1 2 0 7 U
1 3 0 9 U
1 4 5 4 R
1 5 0 0 L
1 6 0 8 U
1 7 2 7 U
1 8 6 8 U
1 9 7 1 L
2 0 5 5 D
2 1 0 3 R
2 2 4 5 D
2 3 4 3 R
2 4 0 0 L
2 5 9 5 D
2 6 4 6 D
2 7 0 0 L
2 8 8 2 R
2 9 5 9 U
3 0 0 8 U
3 1 1 1 L
3 2 0 5 D
3 3 0 8 U
3 4 8 4 R
3 5 5 2 R
3 6 0 1 L
3 7 1 0 L
3 8 6 8 U
3 9 0 2 R
4 0 1 0 L
4 1 0 5 D
4 2 3 2 R
4 3 0 6 D
4 5 2 0 L
4 6 2 6 D
4 7 6 6 D
4 8 2 0 L
4 9 1 9 U
5 0 3 7 U
5 1 0 9 U
5 2 3 6 D
5 3 4 7 U
5 5 3 5 D
5 6 0 3 R
5 7 7 2 R
5 8 8 4 R
5 9 6 3 R
6 0 5 0 L
6 1 3 7 U
6 2 1 7 U
6 3 3 0 L
6 5 3 3 R
6 6 0 2 R
6 7 0 5 D
6 8 1 5 D
6 9 0 5 D
7 0 6 7 U
7 1 8 5 D
7 2 0 1 L
7 3 6 3 R
7 5 1 1 L
7 6 9 3 R
7 7 1 3 R
7 8 0 1 L
7 9 3 5 D
8 0 0 6 D
8 1 6 1 L
8 2 2 0 L
8 3 3 5 D
8 5 0 4 R
8 6 3 4 R
8 7 2 2 R
8 8 0 6 D
8 9 4 6 D
9 0 5 6 D
9 1 1 1 L
9 2 8 5 D
9 5 4 8 U
9 6 3 9 U
9 7 6 7 U
9 8 2 8 U
9 9 8 9 U
10 0 4 8 U
10 2 8 9 U
10 5 1 9 U
10 6 9 2 R
10 8 4 2 R
11 0 0 2 R
11 5 0 9 U

