11 13 124
0 0 1 0 1 4 0 5 2 0 0 0 0 0 3 2 0 0 0 2
0 2 3 0 0 0 0 7 0 0 0 2 0 0 10 6 9 2 1 0
0 0 0 0 0 1 0 0 4 0 4 0 0 3 0 0 0 6 4 0
0 7 5 0 0 0 0 0 8 0 0 0 0 0 9 0 0 0 1 0
0 0 0 0 1 0 0 3 2 0 6 2 0 0 0 7 10 0 6 0
0 0 6 0 4 0 0 0 4 0 7 8 0 7 8 0 0 0 0 0
0 0 0 0 0 0 0 3 4 0 3 0 4 0 8 0 10 2 0 0
1 1 0 0 7 0 0 0 1 0 0 0 0 0 0 5 0 0 5 0
0 1 0 0 0 0 0 0 0 0 0 0 0 0 0 0 3 0 0 0
1 0 0 0 0 6 0 0 0 0 0 0 0 10 1 0 0 0 0 0
0 0 4 3 0 0 0 0 0 0 0 0 9 0 0 0 0 8 0 0
5 0 0 0 0 0 0 0 0 0 0 0 0 0 0 8 0 0 4 0
0 2 0 0 0 0 0 0 0 0 0 9 0 0 3 0 0 0 0 0
6 0 0 0 0 0 0 3 0 0 0 0 0 0 0 0 0 0 0 1
0 0 0 1 0 0 0 0 5 0 0 0 2 0 0 0 1 0 1 0
2 0 0 0 7 3 0 0 0 0 9 0 0 0 0 10 3 2 0 0
0 0 6 0 0 0 0 0 0 0 0 0 0 10 0 0 9 2 0 0
0 0 0 0 0 0 0 0 0 0 6 0 0 0 0 1 0 0 0 0
0 0 0 0 2 0 0 0 7 0 0 0 0 8 0 0 0 7 0 2
0 0 1 0 0 0 0 0 0 0 0 0 1 0 0 0 0 0 0 0
0 0 0 0 U
0 1 0 1 U
0 2 0 2 U
0 3 0 3 R
0 4 0 4 R
0 5 0 5 R
0 6 0 6 D
0 7 0 7 D
0 8 0 8 D
0 9 0 9 D
0 10 0 10 L
0 11 0 11 L
0 12 0 12 L
1 0 0 3 R
1 1 0 4 R
1 2 2 11 L
1 3 0 6 D
1 4 0 11 L
1 5 0 1 U
1 6 0 10 L
1 7 0 4 R
1 8 0 11 L
1 9 2 10 L
1 10 0 6 D
1 11 0 0 U
1 12 0 7 D
2 0 0 12 L
2 1 0 10 L
2 2 3 2 U
2 3 0 0 U
2 4 0 8 D
2 5 0 7 D
2 6 0 3 R
2 7 1 11 L
2 8 1 8 D
2 9 2 9 D
2 10 0 1 U
2 11 0 5 R
2 12 1 12 L
3 0 0 5 R
3 1 2 3 R
3 2 0 11 L
3 3 0 2 U
3 4 1 4 R
3 5 1 5 R
3 6 0 12 L
3 7 2 1 U
3 8 2 3 R
3 9 1 9 D
3 10 3 8 D
3 11 3 11 L
3 12 2 12 L
4 0 0 8 D
4 1 1 5 R
4 2 6 11 L
4 3 2 3 R
4 4 3 9 D
4 5 0 12 L
4 6 3 6 D
4 7 1 5 R
4 8 3 8 D
4 10 1 0 U
4 11 0 7 D
4 12 0 3 R
5 0 6 12 L
5 1 5 1 U
5 2 1 2 U
5 3 0 8 D
5 4 2 2 U
5 5 3 1 U
5 6 4 6 D
5 7 5 10 L
5 10 4 10 L
5 11 8 11 L
5 12 4 12 L
6 0 1 4 R
6 1 4 10 L
6 2 3 11 L
6 3 3 3 R
6 4 2 0 U
6 5 6 7 D
6 6 1 6 D
6 7 0 5 R
6 10 1 10 L
6 11 7 11 L
6 12 5 9 D
7 0 5 6 D
7 1 7 10 L
7 2 2 2 U
7 3 6 0 U
7 4 3 0 U
7 5 1 7 D
7 6 0 4 R
7 7 6 7 D
7 10 5 3 R
7 11 0 4 R
7 12 6 12 L
8 0 7 0 U
8 1 2 1 U
8 2 4 2 U
8 3 3 2 U
8 4 4 4 R
8 5 4 5 R
8 6 6 3 R
8 7 9 12 L
8 10 2 0 U
8 11 10 11 L
8 12 2 6 D
9 0 9 11 L
9 1 1 11 L
9 2 3 6 D
9 3 5 0 U
9 4 5 6 D
9 5 0 10 L
9 6 0 0 U
9 7 9 7 D
9 12 3 7 D
10 0 0 6 D
10 2 10 2 U
10 3 5 7 D
10 4 5 4 R
10 5 8 5 R
10 6 8 6 D
10 12 5 12 L

