28 25 584
22 0 0 0 0 25 8 0 0 25 25 22 6 23 9
0 3 25 0 13 0 0 19 0 0 1 0 0 0 3
0 0 0 19 13 0 7 0 13 0 7 0 22 0 0
19 1 13 0 16 8 26 11 0 0 0 22 23 25 14
24 21 13 0 0 14 20 0 0 25 27 0 5 0 0
5 0 0 11 0 17 24 0 0 0 0 0 0 23 18
0 12 1 0 15 15 0 10 11 0 5 22 8 13 0
6 0 3 0 0 0 5 0 19 7 16 0 0 0 12
4 20 0 0 4 16 10 0 0 3 12 0 0 0 0
0 12 1 0 0 0 14 27 0 0 5 0 0 0 0
20 15 0 16 0 6 0 0 18 0 5 0 0 0 0
0 0 14 17 0 0 0 0 0 12 4 3 27 0 0
0 11 0 16 11 0 11 26 17 14 0 14 13 0 0
0 13 7 0 0 14 0 0 9 13 0 0 0 0 0
4 21 20 3 20 10 20 0 0 9 17 0 25 26 18
0 0 0 0 U
0 1 0 1 U
0 2 0 2 U
0 3 0 3 U
0 4 0 4 U
0 5 0 5 U
0 6 0 6 R
0 7 0 7 R
0 8 0 8 R
0 9 0 9 R
0 10 0 10 R
0 11 0 11 R
0 12 0 12 D
0 13 0 13 D
0 14 0 14 D
0 15 0 15 D
0 16 0 16 D
0 17 0 17 D
0 18 0 18 L
0 19 0 19 L
0 20 0 20 L
0 21 0 21 L
0 22 0 22 L
0 23 0 23 L
0 24 0 24 L
1 0 3 8 R
1 1 16 8 R
1 2 11 8 R
1 3 7 8 R
1 4 3 4 U
1 5 3 5 U
1 6 14 5 U
1 7 17 2 U
1 8 0 20 L
1 9 3 1 U
1 10 5 10 R
1 11 8 11 R
1 12 2 6 R
1 13 2 13 D
1 14 5 23 L
1 15 2 20 L
1 16 9 16 D
1 17 9 17 D
1 18 0 15 D
1 19 6 14 D
1 20 16 20 L
1 21 0 14 D
1 22 12 22 L
1 23 11 23 L
1 24 7 5 U
2 0 14 19 L
2 1 3 22 L
2 2 7 20 L
2 3 19 23 L
2 4 5 4 U
2 5 5 5 U
2 6 4 15 D
2 7 16 13 D
2 8 12 0 U
2 9 19 0 U
2 10 11 5 U
2 11 7 5 U
2 12 4 18 L
2 13 6 8 R
2 14 0 21 L
2 15 8 8 R
2 16 5 16 D
2 17 4 6 R
2 18 1 0 U
2 19 0 1 U
2 20 8 14 D
2 21 22 1 U
2 22 0 11 R
2 23 6 5 U
2 24 7 24 L
3 0 10 12 D
3 1 12 1 U
3 2 4 22 L
3 3 16 24 L
3 4 4 19 L
3 5 1 5 U
3 6 8 6 R
3 7 12 23 L
3 8 13 13 D
3 9 5 9 R
3 10 7 17 D
3 11 0 15 D
3 12 17 6 R
3 13 1 13 D
3 14 7 20 L
3 15 19 7 R
3 16 12 16 D
3 17 14 17 D
3 18 5 0 U
3 19 13 0 U
3 20 1 20 L
3 21 0 13 D
3 22 6 22 L
3 23 21 23 L
3 24 12 3 U
4 0 24 12 D
4 1 1 1 U
4 2 1 10 R
4 3 27 20 L
4 4 15 4 U
4 5 5 22 L
4 6 3 12 D
4 7 0 3 U
4 8 11 5 U
4 9 9 20 L
4 10 0 14 D
4 11 6 0 U
4 12 3 20 L
4 13 2 7 R
4 14 3 14 D
4 15 11 15 D
4 16 14 9 R
4 17 0 4 U
4 18 13 3 U
4 19 23 19 L
4 20 11 4 U
4 21 11 21 L
4 22 1 22 L
4 23 6 23 L
5 0 6 6 R
5 1 11 11 R
5 2 19 2 U
5 3 18 9 R
5 4 12 21 L
5 5 14 20 L
5 6 10 5 U
5 7 4 16 D
5 8 0 21 L
5 9 12 16 D
5 10 4 14 D
5 11 9 15 D
5 12 0 19 L
5 13 15 13 D
5 14 22 19 L
5 15 2 15 D
5 16 2 11 R
5 17 2 17 D
5 18 14 12 D
5 19 14 1 U
5 20 6 20 L
5 21 17 21 L
5 22 8 2 U
5 23 4 4 U
5 24 13 24 L
6 0 0 8 R
6 1 5 7 R
6 2 1 6 R
6 3 0 18 L
6 4 18 10 R
6 5 23 9 R
6 6 4 6 R
6 7 3 7 R
6 8 10 8 R
6 9 0 16 D
6 10 5 17 D
6 11 4 5 U
6 12 18 3 U
6 13 2 21 L
6 14 13 8 R
6 15 0 23 L
6 16 1 10 R
6 17 1 17 D
6 18 15 4 U
6 19 13 12 D
6 20 19 2 U
6 21 12 15 D
6 22 8 22 L
6 23 4 23 L
6 24 7 24 L
7 0 0 14 D
7 1 1 13 D
7 2 1 9 R
7 3 18 21 L
7 4 0 21 L
7 5 12 17 D
7 6 10 4 U
7 7 20 14 D
7 8 5 8 R
7 9 1 9 R
7 10 4 10 R
7 11 14 20 L
7 12 9 19 L
7 13 8 7 R
7 14 0 8 R
7 15 2 5 U
7 16 8 16 D
7 17 13 11 R
7 18 14 1 U
7 19 1 4 U
7 20 10 5 U
7 21 9 3 U
7 22 17 0 U
7 23 20 23 L
7 24 4 24 L
8 0 5 17 D
8 1 21 13 D
8 2 0 19 L
8 3 15 10 R
8 4 0 10 R
8 5 14 5 U
8 6 9 3 U
8 7 0 17 D
8 8 5 8 R
8 9 2 4 U
8 10 5 10 R
8 11 18 11 R
8 12 16 19 L
8 13 23 8 R
8 14 13 18 L
8 15 11 7 R
8 16 15 19 L
8 17 5 17 D
8 18 0 0 U
8 19 0 5 U
8 20 20 12 D
8 21 3 4 U
8 22 3 3 U
8 23 7 1 U
8 24 9 8 R
9 0 0 18 L
9 1 0 6 R
9 2 1 2 U
9 3 16 6 R
9 4 12 24 L
9 5 4 21 L
9 6 0 18 L
9 7 2 17 D
9 8 11 17 D
9 9 0 22 L
9 10 5 10 R
9 12 0 7 R
9 13 10 8 R
9 14 4 21 L
9 15 4 10 R
9 16 6 7 R
9 17 14 17 D
9 18 10 18 L
9 19 17 16 D
9 20 6 8 R
9 21 3 2 U
9 22 5 2 U
9 23 0 7 R
10 0 14 11 R
10 1 11 20 L
10 2 0 12 D
10 3 0 13 D
10 4 11 20 L
10 5 9 18 L
10 6 18 2 U
10 7 2 0 U
10 8 3 8 R
10 9 9 1 U
10 10 22 10 R
10 11 4 15 D
10 12 14 10 R
10 13 20 6 R
10 14 3 19 L
10 15 15 9 R
10 16 23 22 L
10 17 8 23 L
10 18 9 12 D
10 19 11 15 D
10 20 0 12 D
10 21 14 21 L
10 22 1 5 U
10 23 24 23 L
11 0 13 0 U
11 1 17 6 R
11 2 6 6 R
11 3 10 9 R
11 4 5 4 U
11 5 1 5 U
11 6 8 6 R
11 7 12 7 R
11 8 24 12 D
11 9 7 9 R
11 10 12 10 R
11 11 6 11 R
11 12 15 9 R
11 13 1 20 L
11 14 15 8 R
11 15 6 9 R
11 16 14 8 R
11 17 7 6 R
11 18 23 13 D
11 19 2 6 R
11 20 10 13 D
11 21 18 10 R
11 22 5 16 D
11 23 5 1 U
12 0 0 22 L
12 1 22 10 R
12 2 13 23 L
12 3 18 13 D
12 4 2 22 L
12 5 9 22 L
12 6 18 0 U
12 7 16 14 D
12 8 10 17 D
12 9 5 15 D
12 10 5 13 D
12 11 1 11 R
12 12 13 22 L
12 13 0 10 R
12 14 17 14 D
12 15 18 15 D
12 16 8 6 R
12 17 10 9 R
12 18 4 1 U
12 19 4 4 U
12 20 18 20 L
12 21 6 21 L
12 22 24 14 D
12 23 4 23 L
12 24 10 0 U
13 0 21 12 D
13 1 0 23 L
13 2 0 11 R
13 3 0 16 D
13 4 22 16 D
13 5 5 19 L
13 6 14 6 R
13 7 5 2 U
13 8 21 16 D
13 9 3 12 D
13 10 1 10 R
13 11 1 2 U
13 12 22 12 D
13 13 9 8 R
13 14 0 1 U
13 15 3 22 L
13 16 20 18 L
13 17 11 18 L
13 18 23 16 D
13 19 5 3 U
13 20 11 5 U
13 21 1 15 D
13 22 11 1 U
13 23 15 2 U
14 0 19 18 L
14 1 18 7 R
14 2 9 19 L
14 3 21 3 U
14 4 4 4 U
14 5 5 24 L
14 6 11 5 U
14 7 11 4 U
14 8 3 13 D
14 9 8 9 R
14 10 19 3 U
14 12 6 11 R
14 13 20 18 L
14 14 3 14 D
14 15 9 10 R
14 16 19 16 D
14 17 8 19 L
14 18 16 0 U
14 19 7 5 U
14 20 16 3 U
14 21 3 9 R
14 22 11 22 L
14 23 21 1 U
14 24 19 3 U
15 0 1 18 L
15 1 2 22 L
15 2 5 2 U
15 3 0 9 R
15 4 5 4 U
15 5 1 5 U
15 6 2 17 D
15 7 8 4 U
15 8 4 13 D
15 9 1 9 R
15 10 13 15 D
15 12 0 3 U
15 13 1 23 L
15 14 19 21 L
15 15 14 15 D
15 16 2 16 D
15 17 14 17 D
15 18 1 12 D
15 19 23 3 U
15 20 14 12 D
15 21 14 7 R
15 22 4 0 U
15 23 10 23 L
15 24 1 0 U
16 0 22 7 R
16 1 15 1 U
16 2 21 2 U
16 3 1 3 U
16 4 12 4 U
16 5 12 19 L
16 6 2 2 U
16 7 13 5 U
16 8 3 8 R
16 9 0 21 L
16 10 15 4 U
16 12 13 8 R
16 13 7 19 L
16 14 4 7 R
16 15 14 15 D
16 16 21 21 L
16 17 8 17 D
16 18 13 13 D
16 19 20 4 U
16 20 19 20 L
16 21 4 14 D
16 22 8 15 D
16 23 24 12 D
17 0 5 0 U
17 1 9 18 L
17 2 1 2 U
17 3 3 3 U
17 4 15 20 L
17 5 4 9 R
17 6 26 6 R
17 7 0 2 U
17 8 16 1 U
17 9 0 19 L
17 10 5 1 U
17 12 2 23 L
17 13 11 18 L
17 14 25 10 R
17 15 3 18 L
17 16 5 16 D
17 17 0 22 L
17 18 5 15 D
17 19 1 19 L
17 20 19 20 L
17 21 1 16 D
17 22 4 17 D
17 23 16 0 U
18 0 11 6 R
18 1 24 6 R
18 2 3 12 D
18 3 5 3 U
18 4 12 14 D
18 5 16 5 U
18 7 17 7 R
18 8 4 8 R
18 9 3 9 R
18 10 15 3 U
18 12 0 18 L
18 13 10 19 L
18 15 11 18 L
18 16 24 20 L
18 17 7 2 U
18 18 0 2 U
18 19 5 13 D
18 20 23 20 L
18 21 3 21 L
18 22 9 2 U
18 23 21 17 D
19 0 18 19 L
19 1 7 20 L
19 2 17 7 R
19 3 1 3 U
19 4 5 4 U
19 5 8 5 U
19 6 18 13 D
19 8 21 8 R
19 9 14 13 D
19 10 17 17 D
19 12 17 23 L
19 13 4 20 L
19 14 16 14 D
19 16 0 9 R
19 17 8 22 L
19 18 8 7 R
19 19 10 4 U
19 20 10 0 U
19 21 3 5 U
19 22 2 0 U
19 23 4 3 U
20 1 16 10 R
20 2 5 2 U
20 3 10 21 L
20 4 7 23 L
20 5 13 6 R
20 6 0 0 U
20 7 22 3 U
20 8 3 8 R
20 9 3 24 L
20 10 18 3 U
20 11 8 1 U
20 12 8 9 R
20 13 14 23 L
20 14 6 9 R
20 16 8 3 U
20 17 0 21 L
20 18 6 0 U
20 19 0 16 D
20 21 0 4 U
20 23 8 17 D
21 0 10 13 D
21 1 18 23 L
21 2 22 14 D
21 3 8 12 D
21 4 13 11 R
21 5 4 7 R
21 6 0 12 D
21 7 7 7 R
21 8 1 8 R
21 9 4 21 L
21 10 13 20 L
21 11 1 11 R
21 12 0 6 R
21 13 23 13 D
21 16 0 7 R
21 17 16 2 U
21 18 14 18 L
21 19 16 13 D
21 22 4 22 L
21 23 6 17 D
22 0 0 15 D
22 1 15 21 L
22 2 21 14 D
22 4 2 18 L
22 5 23 8 R
22 6 17 0 U
22 8 6 13 D
22 9 23 23 L
22 10 0 4 U
22 12 17 20 L
22 13 10 9 R
22 16 0 1 U
22 18 18 7 R
22 19 11 19 L
22 20 5 2 U
22 22 9 16 D
22 23 8 6 R
23 0 18 9 R
23 1 8 1 U
23 2 1 11 R
23 4 10 7 R
23 5 9 24 L
23 6 10 2 U
23 8 1 8 R
23 9 21 9 R
23 10 3 10 R
23 11 18 11 R
23 12 2 18 L
23 13 14 10 R
23 15 6 18 L
23 16 11 24 L
23 17 5 10 R
23 19 13 19 L
23 20 6 13 D
23 21 6 5 U
23 23 16 23 L
24 2 22 9 R
24 3 15 19 L
24 5 3 5 U
24 6 8 1 U
24 7 2 7 R
24 8 8 14 D
24 9 6 9 R
24 10 25 0 U
24 11 10 11 R
24 13 17 13 D
24 19 18 14 D
25 2 8 8 R
25 5 10 16 D
25 8 6 8 R
25 9 0 12 D
25 10 23 10 R
25 12 20 23 L
25 13 3 24 L
25 19 23 2 U
26 2 24 2 U
26 5 19 16 D
26 9 6 2 U
26 10 24 19 L
26 19 6 0 U
27 2 1 2 U
27 8 26 14 D
27 9 25 1 U
27 10 0 23 L

