18 18 277
12 5 14 11 9 8 0 0 16 0 8 6 3 0 0
0 0 0 7 13 0 3 0 5 11 0 13 0 1 0
3 0 15 0 0 14 13 0 3 10 7 0 10 0 11
0 12 3 14 0 0 0 0 0 13 0 12 8 1 0
6 0 14 0 1 0 17 4 8 0 5 8 0 0 0
17 14 0 0 0 10 11 0 0 10 11 0 1 1 12
0 6 15 13 0 0 0 0 0 0 9 0 12 7 4
3 0 13 0 4 0 11 4 0 10 0 1 3 0 2
8 0 12 0 0 10 4 0 0 0 0 12 14 13 10
0 0 0 13 16 15 0 13 0 4 16 0 7 0 0
1 17 7 7 0 0 0 12 0 0 0 4 0 0 10
0 4 8 9 0 0 11 14 12 0 16 7 0 11 0
6 0 0 4 4 10 5 0 0 4 1 3 4 5 7
5 2 14 0 8 0 15 0 15 0 0 1 7 10 1
5 6 0 8 10 11 0 0 15 9 1 2 0 9 5
0 0 0 0 R
0 1 0 1 R
0 2 0 2 R
0 3 0 3 R
0 4 0 4 U
0 5 0 5 U
0 6 0 6 U
0 7 0 7 U
0 8 0 8 U
0 9 0 9 D
0 10 0 10 D
0 11 0 11 D
0 12 0 12 D
0 13 0 13 D
0 14 0 14 L
0 15 0 15 L
0 16 0 16 L
0 17 0 17 L
1 0 0 10 D
1 1 10 13 D
1 2 2 2 R
1 3 9 3 R
1 4 11 14 L
1 5 12 14 L
1 6 0 16 L
1 7 3 7 U
1 8 3 8 U
1 9 0 2 R
1 10 4 10 D
1 11 5 11 D
1 12 2 3 R
1 13 8 15 L
1 14 10 14 L
1 15 2 15 L
1 16 0 0 R
1 17 11 6 U
2 0 0 4 U
2 1 0 11 D
2 2 0 16 L
2 3 1 6 U
2 4 5 4 U
2 5 5 1 R
2 6 12 0 R
2 7 1 7 U
2 8 13 14 L
2 9 0 14 L
2 10 0 4 U
2 11 7 14 L
2 12 4 5 U
2 13 0 7 U
2 14 5 9 D
2 15 0 5 U
2 16 0 6 U
2 17 6 1 R
3 0 6 9 D
3 1 12 5 U
3 2 8 2 R
3 3 0 15 L
3 4 9 14 L
3 5 8 5 U
3 6 2 6 U
3 7 1 7 U
3 8 11 0 R
3 9 4 3 R
3 10 12 10 D
3 11 0 1 R
3 12 4 12 D
3 13 0 0 R
3 14 8 0 R
3 15 2 10 D
3 16 5 4 U
3 17 2 17 L
4 0 7 12 D
4 1 10 1 R
4 2 0 7 U
4 3 1 3 R
4 4 0 15 L
4 5 0 9 D
4 6 3 6 U
4 7 6 7 U
4 8 5 8 U
4 9 9 2 R
4 10 11 16 L
4 11 0 5 U
4 12 11 12 D
4 13 1 13 D
4 14 0 4 U
4 15 12 12 D
4 16 6 16 L
4 17 0 10 D
5 0 0 14 L
5 1 1 1 R
5 2 0 6 U
5 3 2 3 R
5 4 0 14 L
5 5 9 0 R
5 6 9 6 U
5 7 6 7 U
5 8 13 0 R
5 9 12 7 U
5 10 1 10 D
5 11 4 0 R
5 12 0 3 R
5 13 3 13 D
5 14 2 6 U
5 15 0 11 D
5 16 0 8 U
5 17 1 17 L
6 0 0 5 U
6 1 3 4 U
6 2 4 2 R
6 3 1 3 R
6 4 3 14 L
6 5 1 14 L
6 6 3 3 R
6 7 0 12 D
6 8 3 8 U
6 9 9 16 L
6 10 1 10 D
6 11 0 15 L
6 12 13 12 D
6 13 4 13 D
6 14 0 0 R
6 15 10 13 D
6 16 1 6 U
6 17 1 7 U
7 0 3 4 U
7 1 1 1 R
7 2 4 2 R
7 3 0 6 U
7 4 6 2 R
7 5 1 5 U
7 6 2 15 L
7 7 11 0 R
7 8 0 17 L
7 9 3 16 L
7 10 0 16 L
7 11 1 3 R
7 12 1 5 U
7 13 1 13 D
7 14 5 14 L
7 15 12 15 L
7 16 12 0 R
7 17 9 7 U
8 0 6 4 U
8 1 9 1 R
8 2 4 2 R
8 3 3 12 D
8 4 0 3 R
8 5 17 0 R
8 6 3 6 U
8 7 0 11 D
8 9 6 9 D
8 10 6 15 L
8 11 2 11 D
8 12 0 4 U
8 13 3 13 D
8 14 3 9 D
8 15 0 1 R
8 16 7 11 D
8 17 4 8 U
9 0 4 0 R
9 1 2 12 D
9 2 3 2 R
9 3 1 3 R
9 4 0 2 R
9 5 0 0 R
9 6 2 0 R
9 7 3 9 D
9 8 8 13 D
9 9 13 9 D
9 10 5 2 R
9 11 0 17 L
9 12 0 6 U
9 13 7 16 L
9 14 0 10 D
9 15 10 8 U
9 16 0 13 D
9 17 4 17 L
10 0 1 0 R
10 1 4 10 D
10 2 0 14 L
10 4 8 17 L
10 5 6 5 U
10 6 1 6 U
10 7 0 1 R
10 8 11 15 L
10 9 2 15 L
10 10 7 17 L
10 11 8 17 L
10 12 4 12 D
10 13 3 13 D
10 14 13 5 U
10 15 12 10 D
10 16 8 16 L
10 17 7 17 L
11 0 0 9 D
11 1 2 10 D
11 2 2 2 R
11 3 3 4 U
11 4 5 3 R
11 5 0 17 L
11 6 12 14 L
11 7 2 17 L
11 8 6 8 U
11 9 6 0 R
11 10 10 14 L
11 11 3 11 D
11 12 9 0 R
11 13 1 13 D
11 14 0 9 D
11 15 6 15 L
11 16 4 16 L
11 17 15 0 R
12 0 1 9 D
12 2 1 11 D
12 4 0 0 R
12 5 4 2 R
12 6 0 1 R
12 7 2 7 U
12 9 2 14 L
12 10 2 10 D
12 11 14 11 D
12 12 11 1 R
12 14 1 14 L
12 15 11 4 U
12 16 0 7 U
12 17 14 17 L
13 0 9 0 R
13 1 0 12 D
13 2 1 2 R
13 4 16 3 R
13 5 2 5 U
13 7 1 15 L
13 8 14 8 U
13 9 1 2 R
13 10 4 10 D
13 11 8 11 D
13 12 11 12 D
13 14 11 7 U
13 15 4 5 U
13 16 15 7 U
13 17 4 9 D
14 0 9 10 D
14 1 0 6 U
14 2 1 2 R
14 4 6 0 R
14 5 9 5 U
14 6 10 1 R
14 9 15 4 U
14 10 2 2 R
14 11 13 16 L
14 12 7 12 D
14 13 6 13 D
14 14 12 14 L
14 15 2 15 L
14 16 4 16 L
14 17 0 4 U
15 0 4 15 L
15 2 4 5 U
15 4 8 15 L
15 5 1 5 U
15 9 13 1 R
15 10 10 0 R
15 14 12 10 D
15 15 2 15 L
15 16 14 5 U
16 0 11 14 L
16 2 3 2 R
16 10 4 17 L
16 14 4 14 L
16 15 0 12 D
16 16 4 10 D
17 0 16 0 R
17 14 1 9 D
17 15 5 8 U
17 16 1 1 R

