28 30 689
4 19 0 1 0 6 17 0 0 23 22 24 0 16
9 9 23 5 11 0 25 0 0 0 22 4 18 0
3 19 0 10 9 4 0 0 0 23 0 16 0 12
6 24 17 8 16 20 24 0 0 11 26 0 18 2
23 0 0 0 0 0 0 0 0 0 0 21 22 7
9 16 0 15 0 0 5 0 13 0 0 0 0 14
0 17 0 0 4 0 25 0 0 7 13 0 0 20
23 0 0 0 0 0 17 23 3 0 1 0 0 19
0 18 1 22 0 0 15 18 21 3 0 0 0 12
7 21 0 11 1 0 22 0 0 0 0 0 0 17
2 0 27 0 26 21 25 11 20 3 0 0 1 8
22 0 23 0 0 0 0 0 23 0 0 0 0 22
22 0 0 0 21 13 0 10 0 12 0 5 0 6
20 0 0 0 18 22 20 0 15 13 0 10 0 0
0 0 0 0 R
0 1 0 1 R
0 2 0 2 R
0 3 0 3 R
0 4 0 4 R
0 5 0 5 R
0 6 0 6 R
0 7 0 7 R
0 8 0 8 U
0 9 0 9 U
0 10 0 10 U
0 11 0 11 U
0 12 0 12 U
0 13 0 13 U
0 14 0 14 U
0 15 0 15 D
0 16 0 16 D
0 17 0 17 D
0 18 0 18 D
0 19 0 19 D
0 20 0 20 D
0 21 0 21 D
0 22 0 22 L
0 23 0 23 L
0 24 0 24 L
0 25 0 25 L
0 26 0 26 L
0 27 0 27 L
0 28 0 28 L
0 29 0 29 L
1 0 6 22 L
1 1 5 1 R
1 2 11 2 R
1 3 5 3 R
1 4 3 4 R
1 5 11 5 R
1 6 0 27 L
1 7 3 19 D
1 8 4 28 L
1 9 0 1 R
1 10 10 3 R
1 11 2 11 U
1 12 7 12 U
1 13 11 27 L
1 14 2 14 U
1 15 12 5 R
1 16 17 28 L
1 17 12 3 R
1 18 11 18 D
1 19 10 19 D
1 20 8 20 D
1 21 8 21 D
1 22 0 8 U
1 23 7 23 L
1 24 4 8 U
1 25 2 9 U
1 26 20 9 U
1 27 4 21 D
1 28 5 28 L
1 29 13 29 L
2 0 4 0 R
2 1 14 23 L
2 2 1 15 D
2 3 1 3 R
2 4 1 4 R
2 5 19 12 U
2 6 1 6 R
2 7 4 21 D
2 8 3 28 L
2 9 21 2 R
2 10 0 20 D
2 11 8 11 U
2 12 16 4 R
2 13 17 2 R
2 14 5 14 U
2 15 10 5 R
2 16 4 3 R
2 17 10 17 D
2 18 3 18 D
2 19 1 19 D
2 20 19 20 D
2 21 18 6 R
2 22 10 15 D
2 23 5 15 D
2 24 12 16 D
2 25 7 17 D
2 26 10 16 D
2 27 6 27 L
2 28 0 6 R
2 29 21 11 U
3 0 14 15 D
3 1 4 1 R
3 2 11 2 R
3 3 22 16 D
3 4 14 25 L
3 5 21 5 R
3 6 7 6 R
3 7 1 22 L
3 8 14 23 L
3 9 10 26 L
3 10 14 25 L
3 11 4 11 U
3 12 2 12 U
3 13 14 5 R
3 14 8 14 U
3 15 1 0 R
3 16 8 2 R
3 17 0 22 L
3 18 4 14 U
3 19 5 1 R
3 20 21 6 R
3 21 0 7 R
3 22 1 5 R
3 23 14 5 R
3 24 9 20 D
3 25 1 25 L
3 26 0 10 U
3 27 0 21 D
3 28 22 18 D
3 29 10 11 U
4 0 8 20 D
4 1 23 26 L
4 2 1 2 R
4 3 18 17 D
4 4 12 17 D
4 5 2 5 R
4 6 17 6 R
4 7 0 11 U
4 8 13 15 D
4 9 1 25 L
4 10 12 5 R
4 11 17 5 R
4 12 6 4 R
4 13 13 13 U
4 14 9 14 U
4 15 9 4 R
4 16 7 16 D
4 17 0 1 R
4 18 16 3 R
4 19 7 19 D
4 20 12 4 R
4 21 12 5 R
4 22 1 8 U
4 23 0 17 D
4 24 3 10 U
4 25 20 25 L
4 26 9 26 L
4 27 1 27 L
4 28 1 28 L
4 29 19 17 D
5 0 0 22 L
5 1 22 1 R
5 2 8 27 L
5 3 23 9 U
5 4 15 4 R
5 5 4 13 U
5 6 0 8 U
5 7 17 7 R
5 8 0 0 R
5 9 3 28 L
5 10 2 10 U
5 11 6 28 L
5 12 4 12 U
5 13 4 13 U
5 14 1 6 R
5 15 21 15 D
5 16 7 16 D
5 17 1 24 L
5 18 9 12 U
5 19 18 19 D
5 20 1 20 D
5 21 1 21 D
5 22 20 22 L
5 23 1 23 L
5 24 15 12 U
5 25 4 11 U
5 26 13 26 L
5 27 2 27 L
5 28 4 28 L
5 29 11 29 L
6 0 3 23 L
6 1 7 16 D
6 2 11 17 D
6 3 20 18 D
6 4 0 25 L
6 5 0 10 U
6 6 9 6 R
6 7 24 8 U
6 8 7 23 L
6 9 4 23 L
6 10 13 29 L
6 11 2 11 U
6 12 5 24 L
6 13 4 24 L
6 14 2 14 U
6 15 4 24 L
6 16 3 16 D
6 17 3 17 D
6 18 15 23 L
6 19 3 19 D
6 20 8 20 D
6 21 8 27 L
6 22 10 16 D
6 23 19 8 U
6 24 12 17 D
6 25 12 18 D
6 26 17 3 R
6 27 5 27 L
6 28 1 28 L
6 29 16 17 D
7 0 1 27 L
7 1 21 11 U
7 2 10 16 D
7 3 20 10 U
7 4 10 9 U
7 5 0 17 D
7 6 2 6 R
7 7 21 28 L
7 8 14 1 R
7 9 0 24 L
7 10 0 2 R
7 11 3 4 R
7 12 2 12 U
7 13 13 0 R
7 14 10 5 R
7 15 15 10 U
7 16 16 16 D
7 17 0 3 R
7 18 1 18 D
7 19 20 6 R
7 20 18 2 R
7 21 16 21 D
7 22 0 15 D
7 23 12 16 D
7 24 13 14 U
7 25 5 13 U
7 26 1 26 L
7 27 18 9 U
7 28 17 28 L
7 29 9 29 L
8 0 3 18 D
8 1 3 8 U
8 2 9 28 L
8 3 0 16 D
8 4 11 10 U
8 5 14 16 D
8 6 18 18 D
8 7 17 17 D
8 8 11 27 L
8 9 25 9 U
8 10 6 10 U
8 11 0 16 D
8 12 1 12 U
8 13 14 7 R
8 14 2 14 U
8 15 1 15 D
8 16 9 0 R
8 17 0 10 U
8 18 5 18 D
8 19 9 3 R
8 20 4 20 D
8 21 12 7 R
8 22 0 11 U
8 23 22 13 U
8 24 9 11 U
8 25 20 15 D
8 26 0 13 U
8 27 4 1 R
8 28 10 21 D
8 29 7 13 U
9 0 16 8 U
9 1 12 25 L
9 2 15 8 U
9 3 4 19 D
9 4 17 27 L
9 5 5 5 R
9 6 16 16 D
9 7 2 8 U
9 8 13 22 L
9 9 15 0 R
9 10 14 2 R
9 11 19 11 U
9 12 10 3 R
9 13 2 17 D
9 14 13 1 R
9 15 19 1 R
9 16 1 23 L
9 17 0 8 U
9 18 16 28 L
9 19 11 0 R
9 20 8 20 D
9 21 4 21 D
9 22 10 19 D
9 23 11 18 D
9 24 0 14 U
9 25 2 16 D
9 26 18 21 D
9 27 3 19 D
9 28 3 21 D
9 29 3 29 L
10 0 5 0 R
10 1 0 14 U
10 2 9 9 U
10 3 6 16 D
10 4 12 8 U
10 5 12 15 D
10 6 19 26 L
10 7 6 7 R
10 8 5 29 L
10 9 9 6 R
10 10 6 2 R
10 11 15 25 L
10 12 7 12 U
10 13 1 13 U
10 14 12 14 U
10 15 6 7 R
10 16 14 1 R
10 17 20 24 L
10 18 4 4 R
10 19 7 19 D
10 20 3 6 R
10 21 20 2 R
10 22 19 15 D
10 23 15 17 D
10 24 12 19 D
10 25 6 25 L
10 26 2 26 L
10 27 11 27 L
10 28 4 17 D
10 29 2 19 D
11 0 17 0 R
11 1 3 17 D
11 2 6 27 L
11 3 0 29 L
11 4 19 4 R
11 5 14 20 D
11 6 4 6 R
11 7 20 10 U
11 8 0 15 D
11 9 5 28 L
11 10 1 5 R
11 11 7 1 R
11 12 4 12 U
11 13 2 13 U
11 14 2 0 R
11 15 5 22 L
11 16 7 22 L
11 17 9 23 L
11 18 7 22 L
11 19 7 22 L
11 20 10 24 L
11 21 7 21 D
11 22 3 11 U
11 23 5 3 R
11 24 10 24 L
11 25 0 4 R
11 26 2 26 L
11 27 4 27 L
11 28 6 9 U
11 29 6 20 D
12 0 10 15 D
12 1 5 1 R
12 2 0 26 L
12 3 0 12 U
12 4 3 18 D
12 5 19 18 D
12 6 0 28 L
12 7 11 14 U
12 8 7 0 R
12 9 2 7 R
12 10 4 0 R
12 11 15 2 R
12 12 9 0 R
12 13 4 13 U
12 14 15 2 R
12 15 1 2 R
12 16 2 16 D
12 17 18 1 R
12 18 15 5 R
12 19 1 4 R
12 20 4 5 R
12 21 11 21 D
12 22 17 16 D
12 23 0 0 R
12 24 2 9 U
12 25 14 10 U
12 26 8 13 U
12 27 21 12 U
12 28 20 10 U
12 29 13 9 U
13 0 6 12 U
13 1 4 16 D
13 2 5 2 R
13 3 2 18 D
13 4 5 16 D
13 5 15 19 D
13 6 5 6 R
13 7 9 7 R
13 8 15 25 L
13 9 19 24 L
13 10 14 24 L
13 11 11 11 U
13 12 2 12 U
13 13 11 24 L
13 14 14 29 L
13 15 6 22 L
13 16 26 26 L
13 17 15 26 L
13 18 19 0 R
13 19 0 14 U
13 20 7 20 D
13 21 15 21 D
13 22 7 15 D
13 23 12 10 U
13 24 0 16 D
13 25 2 19 D
13 26 2 26 L
13 27 16 14 U
13 28 1 19 D
14 0 0 17 D
14 1 0 23 L
14 2 17 17 D
14 3 4 17 D
14 4 0 20 D
14 5 1 16 D
14 6 5 8 U
14 7 15 29 L
14 8 5 8 U
14 9 6 25 L
14 10 3 23 L
14 12 2 1 R
14 13 5 26 L
14 14 18 3 R
14 15 10 0 R
14 16 0 5 R
14 17 1 3 R
14 18 10 3 R
14 19 9 2 R
14 20 2 20 D
14 21 17 1 R
14 22 23 21 D
14 23 9 23 L
14 24 10 2 R
14 25 18 13 U
14 26 1 20 D
14 27 13 16 D
14 28 8 14 U
14 29 11 29 L
15 0 19 8 U
15 1 21 19 D
15 2 8 24 L
15 3 5 10 U
15 4 11 20 D
15 5 1 15 D
15 6 6 11 U
15 7 7 7 R
15 8 0 22 L
15 9 18 0 R
15 10 9 1 R
15 11 12 3 R
15 12 12 12 U
15 13 5 13 U
15 14 13 0 R
15 15 7 27 L
15 16 5 22 L
15 17 13 24 L
15 18 8 0 R
15 19 18 26 L
15 20 3 2 R
15 21 0 27 L
15 22 17 20 D
15 23 16 15 D
15 24 20 9 U
15 25 5 25 L
15 26 17 12 U
15 27 8 20 D
15 28 3 19 D
16 0 10 26 L
16 1 18 28 L
16 2 10 9 U
16 3 18 11 U
16 4 18 4 R
16 5 18 13 U
16 6 8 15 D
16 7 1 7 R
16 8 7 1 R
16 9 5 29 L
16 10 21 4 R
16 11 14 11 U
16 12 6 0 R
16 13 7 13 U
16 14 14 14 U
16 15 8 23 L
16 16 11 22 L
16 17 7 10 U
16 18 3 27 L
16 19 5 5 R
16 20 15 4 R
16 21 17 25 L
16 22 4 14 U
16 23 19 23 L
16 24 20 11 U
16 25 0 9 U
16 26 26 12 U
16 27 18 21 D
16 28 13 28 L
17 0 3 21 D
17 1 4 24 L
17 2 11 8 U
17 3 27 26 L
17 4 15 11 U
17 5 15 28 L
17 6 13 6 R
17 8 1 28 L
17 9 2 0 R
17 10 4 23 L
17 12 6 23 L
17 13 0 5 R
17 14 16 4 R
17 15 13 10 U
17 16 0 0 R
17 17 21 22 L
17 18 5 18 D
17 19 3 4 R
17 20 5 25 L
17 21 0 4 R
17 22 14 18 D
17 23 15 20 D
17 24 15 9 U
17 25 1 25 L
17 26 0 3 R
17 27 7 11 U
17 28 12 12 U
17 29 10 29 L
18 0 15 22 L
18 1 11 17 D
18 2 0 9 U
18 3 0 24 L
18 4 6 26 L
18 5 3 27 L
18 6 0 26 L
18 8 12 3 R
18 9 9 26 L
18 10 7 10 U
18 11 12 7 R
18 12 1 0 R
18 13 2 13 U
18 14 14 14 U
18 15 1 1 R
18 16 1 22 L
18 17 4 5 R
18 18 3 18 D
18 19 6 22 L
18 20 2 26 L
18 21 3 7 R
18 22 9 8 U
18 23 10 9 U
18 24 16 21 D
18 25 1 8 U
18 26 7 20 D
18 27 15 13 U
18 28 6 28 L
19 0 21 8 U
19 1 0 21 D
19 2 11 2 R
19 4 22 9 U
19 5 1 5 R
19 6 18 25 L
19 8 2 6 R
19 9 9 22 L
19 10 12 10 U
19 11 3 11 U
19 12 18 29 L
19 13 8 6 R
19 14 1 14 U
19 15 16 25 L
19 16 17 7 R
19 18 5 4 R
19 19 23 28 L
19 21 1 21 D
19 22 9 12 U
19 23 1 6 R
19 24 6 0 R
19 25 1 9 U
19 26 7 17 D
19 27 21 13 U
19 28 21 17 D
20 0 7 12 U
20 2 19 10 U
20 4 21 24 L
20 5 2 24 L
20 6 8 20 D
20 8 9 15 D
20 9 9 9 U
20 10 8 10 U
20 11 4 25 L
20 12 1 12 U
20 13 4 13 U
20 14 0 26 L
20 15 14 0 R
20 16 5 23 L
20 17 9 24 L
20 19 3 19 D
20 20 0 26 L
20 21 3 21 D
20 22 13 13 U
20 23 2 14 U
20 25 8 8 U
20 26 3 10 U
20 27 12 12 U
20 28 9 28 L
21 0 5 13 U
21 1 18 9 U
21 2 3 15 D
21 3 17 10 U
21 4 22 14 U
21 5 2 5 R
21 6 11 6 R
21 8 19 7 R
21 9 6 2 R
21 10 25 10 U
21 11 5 29 L
21 13 4 13 U
21 14 18 14 U
21 15 1 22 L
21 16 2 6 R
21 17 3 17 D
21 18 19 2 R
21 19 9 19 D
21 20 22 1 R
21 21 13 2 R
21 22 22 8 U
21 23 1 23 L
21 25 3 13 U
21 26 9 18 D
21 27 7 19 D
21 28 6 28 L
22 0 10 27 L
22 1 20 16 D
22 2 10 2 R
22 3 16 3 R
22 5 10 9 U
22 6 9 15 D
22 8 6 26 L
22 9 14 4 R
22 11 10 6 R
22 13 4 13 U
22 16 2 1 R
22 19 9 19 D
22 21 7 9 U
22 22 15 15 D
22 23 0 19 D
22 25 23 20 D
22 26 20 11 U
22 27 12 13 U
22 28 3 28 L
23 0 22 19 D
23 4 0 13 U
23 5 3 5 R
23 6 21 6 R
23 8 5 0 R
23 9 0 25 L
23 12 22 7 R
23 13 24 3 R
23 14 22 7 R
23 16 0 9 U
23 19 1 6 R
23 21 25 21 D
23 22 3 21 D
23 23 1 23 L
23 26 10 15 D
23 27 5 27 L
24 5 19 25 L
24 6 7 6 R
24 13 21 1 R
24 16 4 25 L
24 23 22 19 D
24 26 22 26 L
25 5 3 5 R
25 6 22 15 D
25 13 1 13 U
25 16 16 0 R
25 26 1 26 L
26 5 21 5 R
26 6 23 6 R
26 16 16 27 L
26 26 4 26 L
27 5 24 25 L
27 6 24 6 R

