10 10 75
6 8 3 0 0 9 0 2 0 0 0
0 0 0 0 7 1 6 0 3 0 0
0 0 0 0 0 0 0 0 0 0 0
0 0 9 0 9 0 0 0 0 0 6
0 0 2 0 7 6 0 0 4 6 0
0 0 0 0 0 0 0 0 0 0 0
0 0 0 0 0 2 0 4 4 0 0
4 9 0 0 0 0 0 0 0 0 0
0 0 0 0 0 0 2 6 0 0 0
0 0 0 0 0 0 0 0 0 0 0
0 0 0 0 1 0 0 7 5 6 8
0 0 0 0 U
0 1 0 1 U
0 2 0 2 U
0 3 0 3 R
0 4 0 4 R
0 5 0 5 D
0 6 0 6 D
0 7 0 7 D
0 8 0 8 L
0 9 0 9 L
1 0 6 3 R
1 1 0 4 R
1 2 0 9 L
1 3 5 2 U
1 4 4 6 D
1 5 6 3 R
1 6 3 6 D
1 7 0 2 U
1 8 6 2 U
1 9 5 9 L
2 0 3 3 R
2 1 6 8 L
2 2 7 9 L
2 3 1 5 D
2 4 3 0 U
2 5 0 3 R
2 6 4 4 R
2 7 1 7 D
2 8 1 5 D
2 9 0 1 U
3 0 2 0 U
3 1 1 1 U
3 2 2 8 L
3 3 2 3 R
3 4 7 5 D
3 5 4 8 L
3 6 8 8 L
3 8 5 6 D
3 9 4 6 D
4 0 2 4 R
4 1 3 9 L
4 2 1 2 U
4 3 5 0 U
4 4 0 8 L
4 5 0 4 R
4 8 2 0 U
4 9 2 5 D
5 0 0 3 R
5 3 4 3 R
5 4 1 4 R
5 5 0 9 L
5 6 0 0 U
5 8 0 2 U
5 9 2 9 L
6 0 0 5 D
6 3 0 5 D
6 4 5 4 R
6 5 2 5 D
6 6 7 1 U
6 8 3 5 D
6 9 2 6 D
7 0 0 6 D
7 3 2 6 D
7 4 2 8 L
7 5 8 4 R
7 8 1 8 L
7 9 2 1 U
8 0 4 3 R
8 3 0 7 D
8 4 5 0 U
8 8 1 0 U
8 9 2 2 U
9 0 3 0 U
9 3 2 8 L
9 5 8 3 R

