31 16 452
17 18 26 22 8 29 0 0 23 0 16 0 0 13 17 20 5
0 0 0 0 9 0 26 0 0 0 0 18 9 0 1 0 0
0 0 16 2 16 0 30 17 0 3 0 0 0 0 0 0 0
14 28 23 0 0 15 21 19 0 12 0 0 15 0 4 0 0
0 0 0 15 23 0 28 0 8 17 12 0 21 0 5 0 0
0 0 0 0 0 18 28 15 0 0 25 10 22 24 0 0 0
0 21 0 0 0 16 0 0 0 22 0 11 3 11 0 0 0
0 0 0 0 0 0 0 7 0 1 0 0 0 0 0 0 0
21 0 0 0 0 0 0 14 0 0 5 0 0 0 0 0 0
0 0 0 3 0 0 17 0 0 22 0 11 0 0 26 21 0
0 0 0 0 0 0 0 0 0 0 0 0 4 0 0 0 15
0 0 0 9 0 0 0 13 0 28 0 0 0 17 0 0 0
23 27 0 0 0 2 0 3 25 23 29 0 23 0 25 0 0
0 0 0 0 0 27 0 0 0 21 23 0 0 4 1 0 0
0 0 0 0 0 9 27 6 0 1 24 22 21 22 4 0 0
6 6 0 0 0 0 0 18 14 29 0 10 0 0 24 6 10
0 0 23 28 7 8 26 16 0 0 0 0 0 0 0 0 29
0 0 0 0 L
0 1 0 1 L
0 2 0 2 L
0 3 0 3 L
0 4 0 4 R
0 5 0 5 R
0 6 0 6 R
0 7 0 7 R
0 8 0 8 D
0 9 0 9 D
0 10 0 10 D
0 11 0 11 D
0 12 0 12 U
0 13 0 13 U
0 14 0 14 U
0 15 0 15 U
1 0 4 9 D
1 1 16 10 D
1 2 23 14 U
1 3 6 3 L
1 4 10 12 U
1 5 2 14 U
1 6 11 8 D
1 7 20 10 D
1 8 0 1 L
1 9 6 9 D
1 10 2 10 D
1 11 11 11 D
1 12 4 6 R
1 13 17 3 L
1 14 7 14 U
1 15 2 15 U
2 0 6 11 D
2 1 11 13 U
2 2 9 13 U
2 3 9 3 L
2 4 0 12 U
2 5 8 14 U
2 6 5 6 R
2 7 12 7 R
2 8 16 4 R
2 9 0 5 R
2 10 3 3 L
2 11 13 2 L
2 12 18 6 R
2 13 19 2 L
2 14 10 3 L
2 15 9 10 D
3 0 12 10 D
3 1 2 1 L
3 2 10 11 D
3 3 20 14 U
3 4 4 12 U
3 5 5 5 R
3 6 20 6 R
3 7 4 9 D
3 8 14 1 L
3 9 22 9 D
3 10 1 3 L
3 11 0 14 U
3 12 10 0 L
3 13 4 5 R
3 14 9 0 L
3 15 14 15 U
4 0 1 8 D
4 1 10 1 L
4 2 1 2 L
4 3 2 8 D
4 4 19 4 R
4 5 16 2 L
4 6 5 6 R
4 7 1 15 U
4 8 20 3 L
4 9 0 0 L
4 10 6 0 L
4 11 6 0 L
4 12 6 6 R
4 13 0 5 R
4 14 1 14 U
4 15 13 15 U
5 0 6 12 U
5 1 2 8 D
5 2 2 2 L
5 3 0 14 U
5 4 15 9 D
5 5 0 10 D
5 6 22 10 D
5 7 1 9 D
5 8 13 8 D
5 9 21 5 R
5 10 16 10 D
5 11 0 12 U
5 12 3 5 R
5 13 6 0 L
5 14 26 10 D
5 15 17 0 L
6 0 0 14 U
6 1 10 1 L
6 2 8 10 D
6 3 16 3 L
6 4 12 4 R
6 5 16 8 D
6 6 8 6 R
6 7 1 7 R
6 8 3 3 L
6 9 23 6 R
6 10 0 6 R
6 11 0 13 U
6 12 3 7 R
6 13 15 7 R
6 14 0 2 L
6 15 10 1 L
7 0 20 15 U
7 1 4 1 L
7 2 20 2 L
7 3 3 3 L
7 4 0 11 D
7 5 5 10 D
7 6 1 8 D
7 7 8 7 R
7 8 27 1 L
7 9 1 4 R
7 10 15 1 L
7 11 1 11 D
7 12 21 12 U
7 13 0 8 D
7 14 0 11 D
7 15 5 15 U
8 0 20 0 L
8 1 3 1 L
8 2 0 8 D
8 3 6 14 U
8 4 4 14 U
8 5 0 15 U
8 6 4 6 R
8 7 9 7 R
8 8 2 7 R
8 9 0 13 U
8 10 17 0 L
8 11 14 3 L
8 12 15 0 L
8 13 11 13 U
8 14 14 4 R
8 15 9 15 U
9 0 7 0 L
9 1 12 1 L
9 2 12 9 D
9 3 4 15 U
9 4 0 9 D
9 5 0 8 D
9 6 4 12 U
9 7 3 10 D
9 8 0 4 R
9 9 8 14 U
9 10 19 4 R
9 11 16 4 R
9 12 0 9 D
9 13 13 0 L
9 14 11 14 U
9 15 17 9 D
10 0 3 0 L
10 1 3 1 L
10 2 0 4 R
10 3 13 3 L
10 4 19 13 U
10 5 7 5 R
10 6 19 13 U
10 7 2 7 R
10 8 3 2 L
10 9 21 0 L
10 10 0 5 R
10 11 13 11 D
10 12 2 7 R
10 13 22 4 R
10 14 9 2 L
10 15 16 11 D
11 0 25 0 L
11 1 3 11 D
11 2 5 15 U
11 3 1 3 L
11 4 3 13 U
11 5 12 13 U
11 6 27 6 R
11 7 1 7 R
11 8 13 8 D
11 9 0 3 L
11 10 8 7 R
11 11 14 11 D
11 12 0 3 L
11 13 8 13 U
11 14 17 14 U
11 15 0 10 D
12 0 2 0 L
12 1 24 15 U
12 2 7 2 L
12 3 21 10 D
12 4 15 8 D
12 5 0 9 D
12 6 20 9 D
12 7 17 9 D
12 8 4 0 L
12 9 0 2 L
12 10 15 2 L
12 11 28 1 L
12 12 1 2 L
12 13 3 6 R
12 14 1 7 R
12 15 11 15 U
13 0 9 14 U
13 1 0 11 D
13 2 2 2 L
13 3 6 3 L
13 4 22 2 L
13 5 15 5 R
13 6 7 9 D
13 7 8 15 U
13 8 1 8 D
13 9 8 0 L
13 10 3 10 D
13 11 1 11 D
13 12 0 1 L
13 13 5 0 L
13 14 5 14 U
13 15 17 15 U
14 0 0 10 D
14 1 9 1 L
14 2 12 11 D
14 3 10 11 D
14 4 22 15 U
14 5 18 12 U
14 6 3 15 U
14 7 2 12 U
14 8 28 4 R
14 9 10 5 R
14 10 1 1 L
14 11 8 0 L
14 12 9 1 L
14 13 18 13 U
14 14 0 7 R
14 15 1 15 U
15 0 0 13 U
15 1 0 5 R
15 2 16 14 U
15 3 6 9 D
15 4 1 4 R
15 5 25 5 R
15 6 23 13 U
15 7 0 12 U
15 8 6 4 R
15 9 2 6 R
15 10 0 7 R
15 11 4 11 D
15 12 5 1 L
15 13 11 13 U
15 14 25 3 L
15 15 7 1 L
16 0 15 13 U
16 1 4 12 U
16 2 12 15 U
16 3 2 3 L
16 4 11 8 D
16 5 10 5 R
16 6 22 6 R
16 7 17 7 R
16 8 4 8 D
16 9 1 9 D
16 10 9 7 R
16 11 15 5 R
16 12 17 8 D
16 13 0 9 D
16 14 0 4 R
16 15 10 10 D
17 0 3 0 L
17 1 26 1 L
17 2 4 5 R
17 3 8 14 U
17 4 2 11 D
17 5 2 10 D
17 6 12 12 U
17 7 9 8 D
17 8 25 8 D
17 9 0 4 R
17 10 15 10 D
17 11 7 11 D
17 12 9 8 D
17 13 12 2 L
17 14 18 1 L
17 15 0 1 L
18 0 15 4 R
18 1 25 9 D
18 2 23 2 L
18 3 6 15 U
18 4 7 4 R
18 5 2 8 D
18 6 20 6 R
18 7 11 8 D
18 8 23 0 L
18 9 26 2 L
18 10 8 14 U
18 11 2 2 L
18 12 0 4 R
18 13 9 5 R
18 14 7 2 L
18 15 20 15 U
19 0 2 12 U
19 1 9 14 U
19 2 2 2 L
19 3 3 3 L
19 4 13 1 L
19 5 0 0 L
19 6 10 6 R
19 7 22 14 U
19 8 3 12 U
19 9 5 5 R
19 10 10 10 D
19 11 11 11 D
19 12 12 5 R
19 13 6 1 L
19 14 6 8 D
19 15 5 15 U
20 0 21 11 D
20 1 15 14 U
20 2 16 2 L
20 3 10 3 L
20 4 8 4 R
20 5 10 9 D
20 6 11 12 U
20 7 24 7 R
20 8 2 4 R
20 9 12 12 U
20 10 29 0 L
20 11 25 6 R
20 12 26 7 R
20 13 1 2 L
20 14 5 0 L
20 15 17 1 L
21 0 15 14 U
21 1 20 12 U
21 2 27 13 U
21 3 19 3 L
21 4 11 9 D
21 5 1 5 R
21 6 23 6 R
21 7 11 7 R
21 8 13 7 R
21 9 11 1 L
21 10 1 6 R
21 11 24 11 D
21 12 3 11 D
21 13 18 6 R
21 14 0 8 D
21 15 7 5 R
22 0 23 0 L
22 1 0 9 D
22 2 3 8 D
22 3 3 3 L
22 4 13 0 L
22 5 23 1 L
22 6 21 2 L
22 7 6 12 U
22 8 7 12 U
22 9 4 9 D
22 10 5 14 U
22 11 1 11 D
22 12 25 5 R
22 13 3 8 D
22 14 5 14 U
22 15 13 15 U
23 0 26 8 D
23 1 24 13 U
23 2 18 2 L
23 3 25 14 U
23 4 13 4 R
23 5 18 15 U
23 6 12 6 R
23 7 0 3 L
23 9 1 0 L
23 10 19 6 R
23 11 19 13 U
23 12 1 12 U
23 13 3 13 U
23 14 13 14 U
23 15 25 2 L
24 0 1 0 L
24 1 1 1 L
24 2 12 2 L
24 3 2 3 L
24 4 27 13 U
24 5 16 3 L
24 6 28 6 R
24 7 17 7 R
24 8 11 6 R
24 9 25 7 R
24 10 16 13 U
24 11 14 11 D
24 12 1 12 U
24 13 5 13 U
24 14 14 14 U
24 15 17 15 U
25 0 20 9 D
25 1 14 13 U
25 2 21 13 U
25 4 5 4 R
25 5 2 5 R
25 6 4 6 R
25 7 9 10 D
25 8 16 5 R
25 9 6 9 D
25 10 1 2 L
25 11 8 7 R
25 12 19 4 R
25 13 12 1 L
25 14 11 5 R
26 0 19 9 D
26 1 22 9 D
26 2 20 8 D
26 3 19 3 L
26 4 18 11 D
26 5 18 11 D
26 6 28 12 U
26 7 20 7 R
26 9 10 1 L
26 10 3 10 D
26 11 9 4 R
26 12 27 4 R
26 14 1 14 U
27 0 19 8 D
27 1 20 8 D
27 2 24 14 U
27 4 17 10 D
27 5 14 12 U
27 6 18 12 U
27 7 22 12 U
27 9 11 9 D
27 10 11 6 R
27 11 14 11 D
27 14 5 14 U
28 0 20 12 U
28 1 20 1 L
28 2 9 2 L
28 5 24 5 R
28 7 10 7 R
28 9 20 12 U
28 10 17 10 D
28 11 27 0 L
28 14 7 14 U
29 0 13 0 L
29 2 4 2 L
29 4 28 1 L
29 7 8 7 R
29 11 21 5 R
30 11 11 11 D

