54 74 3548
46 34 0 4 46 7 0 6 0 0 38 37 2 36 5 35 44 0 39 32
0 39 38 25 0 44 42 30 47 0 46 0 28 0 30 45 0 21 0 41
0 5 28 26 0 45 14 25 0 0 43 0 0 44 44 0 44 0 39 45
0 26 39 0 0 16 17 31 25 10 46 49 0 0 46 0 0 0 0 49
0 46 45 0 0 15 35 36 2 32 37 24 0 15 38 32 39 40 8 40
0 0 0 0 0 49 27 34 45 35 46 5 47 28 18 48 37 49 27 48
0 0 46 32 0 0 43 40 39 36 49 40 40 0 19 40 39 0 0 49
0 0 4 29 0 0 0 0 9 5 26 8 27 3 40 34 0 40 0 43
0 0 36 28 0 46 47 43 48 38 44 0 49 47 30 36 0 30 0 47
0 33 45 45 40 44 44 10 30 20 31 25 43 31 22 46 0 45 39 43
0 35 45 46 0 42 6 31 30 49 15 0 15 33 13 37 49 6 19 36
0 49 0 43 41 26 25 0 27 28 29 30 31 38 17 28 42 44 44 9
0 49 36 0 46 47 0 47 2 22 22 26 25 5 24 23 39 38 27 42
0 41 45 6 40 40 0 47 21 39 12 23 48 9 46 45 43 42 26 26
0 39 34 45 38 33 4 48 36 16 26 0 44 37 20 36 35 18 17 16
0 48 0 0 0 0 0 0 0 0 0 0 0 0 48 41 40 20 36 3
0 46 0 0 0 40 30 9 34 31 39 38 31 30 0 26 0 2 34 4
0 42 0 0 0 0 0 49 0 0 0 0 0 0 49 42 8 29 0 41
0 34 0 0 0 0 0 50 0 0 0 51 52 53 46 34 45 10 44 36
47 49 0 0 0 0 0 0 0 0 0 48 21 17 29 29 12 32 2 1
0 0 0 0 L
0 1 0 1 L
0 2 0 2 L
0 3 0 3 L
0 4 0 4 L
0 5 0 5 L
0 6 0 6 L
0 7 0 7 L
0 8 0 8 L
0 9 0 9 L
0 10 0 10 L
0 11 0 11 L
0 12 0 12 L
0 13 0 13 L
0 14 0 14 L
0 15 0 15 L
0 16 0 16 L
0 17 0 17 L
0 18 0 18 L
0 19 0 19 L
0 20 0 20 R
0 21 0 21 R
0 22 0 22 R
0 23 0 23 R
0 24 0 24 R
0 25 0 25 R
0 26 0 26 R
0 27 0 27 R
0 28 0 28 R
0 29 0 29 R
0 30 0 30 R
0 31 0 31 R
0 32 0 32 R
0 33 0 33 R
0 34 0 34 R
0 35 0 35 R
0 36 0 36 R
0 37 0 37 R
0 38 0 38 R
0 39 0 39 R
0 40 0 40 D
0 41 0 41 D
0 42 0 42 D
0 43 0 43 D
0 44 0 44 D
0 45 0 45 D
0 46 0 46 D
0 47 0 47 D
0 48 0 48 D
0 49 0 49 D
0 50 0 50 D
0 51 0 51 D
0 52 0 52 D
0 53 0 53 D
0 54 0 54 D
0 55 0 55 D
0 56 0 56 D
0 57 0 57 U
0 58 0 58 U
0 59 0 59 U
0 60 0 60 U
0 61 0 61 U
0 62 0 62 U
0 63 0 63 U
0 64 0 64 U
0 65 0 65 U
0 66 0 66 U
0 67 0 67 U
0 68 0 68 U
0 69 0 69 U
0 70 0 70 U
0 71 0 71 U
0 72 0 72 U
0 73 0 73 U
1 0 0 41 D
1 1 0 20 R
1 2 2 40 D
1 3 0 43 D
1 4 2 60 U
1 5 1 41 D
1 6 2 45 D
1 7 3 44 D
1 8 0 49 D
1 9 2 30 R
1 10 3 51 D
1 11 1 51 D
1 12 3 41 D
1 13 4 51 D
1 14 4 65 U
1 15 5 72 U
1 16 4 56 D
1 17 0 39 R
1 18 9 45 D
1 19 30 56 D
1 20 0 40 D
1 21 0 59 U
1 22 0 1 L
1 23 0 60 U
1 24 0 45 D
1 25 0 59 U
1 26 1 45 D
1 27 1 62 U
1 28 1 64 U
1 29 0 46 D
1 30 3 66 U
1 31 0 9 L
1 32 5 45 D
1 33 5 47 D
1 34 2 49 D
1 35 4 63 U
1 36 0 71 U
1 37 5 66 U
1 38 2 55 D
1 39 2 56 D
1 40 0 0 L
1 41 0 20 R
1 42 2 22 R
1 43 2 2 L
1 44 0 23 R
1 45 2 4 L
1 46 3 26 R
1 47 1 2 L
1 48 3 27 R
1 49 0 63 U
1 50 2 31 R
1 51 2 31 R
1 52 4 1 L
1 53 5 0 L
1 54 0 65 U
1 55 4 36 R
1 56 6 15 L
1 57 1 1 L
1 58 0 20 R
1 59 0 0 L
1 60 0 3 L
1 61 0 4 L
1 62 1 25 R
1 63 2 27 R
1 64 3 7 L
1 65 1 29 R
1 66 2 8 L
1 67 1 11 L
1 68 4 4 L
1 69 1 12 L
1 70 4 7 L
1 71 1 13 L
1 72 6 14 L
1 73 1 16 L
2 0 0 58 U
2 1 0 59 U
2 2 1 42 D
2 3 0 44 D
2 4 0 23 R
2 5 3 5 L
2 6 3 6 L
2 7 3 7 L
2 8 1 65 U
2 9 3 9 L
2 10 0 33 R
2 11 1 11 L
2 12 3 12 L
2 13 1 35 R
2 14 5 54 D
2 15 6 15 L
2 16 3 16 L
2 17 3 17 L
2 18 7 18 L
2 19 30 19 L
2 20 0 57 U
2 21 1 21 R
2 22 1 41 D
2 23 0 61 U
2 24 1 24 R
2 25 2 25 R
2 26 2 44 D
2 27 2 27 R
2 28 2 49 D
2 29 1 65 U
2 30 3 30 R
2 31 3 50 D
2 32 6 47 D
2 33 6 48 D
2 34 5 34 R
2 35 4 35 R
2 36 6 54 D
2 37 3 37 R
2 38 3 55 D
2 39 5 39 R
2 40 2 22 R
2 41 2 2 L
2 42 1 42 D
2 43 1 43 D
2 44 0 3 L
2 45 1 45 D
2 46 2 46 D
2 47 2 47 D
2 48 2 48 D
2 49 3 49 D
2 50 3 31 R
2 51 3 51 D
2 52 4 52 D
2 53 5 53 D
2 54 1 36 R
2 55 5 37 R
2 56 5 56 D
2 57 1 57 U
2 58 1 58 U
2 59 0 21 R
2 60 0 44 D
2 61 2 25 R
2 62 1 26 R
2 63 1 63 U
2 64 3 64 U
2 65 2 65 U
2 66 3 30 R
2 67 2 67 U
2 68 4 68 U
2 69 1 69 U
2 70 4 70 U
2 71 1 71 U
2 72 6 37 R
2 73 3 73 U
3 0 2 61 U
3 1 1 43 D
3 2 2 46 D
3 3 0 48 D
3 4 3 4 L
3 5 2 5 L
3 6 3 63 U
3 7 2 7 L
3 8 3 66 U
3 9 2 50 D
3 10 4 10 L
3 11 2 11 L
3 12 2 12 L
3 13 5 13 L
3 14 1 14 L
3 15 2 55 D
3 16 2 16 L
3 17 5 17 L
3 18 8 18 L
3 19 22 19 L
3 20 3 40 D
3 21 0 58 U
3 22 0 42 D
3 23 2 62 U
3 24 2 24 R
3 25 1 60 U
3 26 2 47 D
3 27 0 6 L
3 28 3 28 R
3 29 2 29 R
3 30 1 66 U
3 31 2 50 D
3 32 6 32 R
3 33 3 33 R
3 34 6 34 R
3 35 1 50 D
3 36 2 54 D
3 37 1 72 U
3 38 0 72 U
3 39 3 39 R
3 40 0 57 U
3 41 0 58 U
3 42 0 21 R
3 43 3 26 R
3 44 2 1 L
3 45 3 62 U
3 46 0 28 R
3 47 3 47 D
3 48 1 48 D
3 49 0 8 L
3 50 2 9 L
3 51 2 10 L
3 52 3 52 D
3 53 4 53 D
3 54 0 14 L
3 55 1 38 R
3 56 6 38 R
3 57 1 24 R
3 58 1 5 L
3 59 0 22 R
3 60 1 0 L
3 61 1 61 U
3 62 3 6 L
3 63 2 28 R
3 64 2 64 U
3 65 3 29 R
3 66 1 8 L
3 67 3 67 U
3 68 3 68 U
3 69 5 69 U
3 70 2 70 U
3 71 2 71 U
3 72 0 15 L
3 73 6 73 U
4 0 1 40 D
4 1 1 23 R
4 2 5 43 D
4 3 6 60 U
4 4 0 28 R
4 5 0 21 R
4 6 6 45 D
4 7 0 25 R
4 8 4 46 D
4 9 4 48 D
4 10 3 10 L
4 11 3 11 L
4 12 5 12 L
4 13 4 13 L
4 14 6 14 L
4 15 1 55 D
4 16 1 16 L
4 17 3 40 D
4 18 9 18 L
4 19 9 19 L
4 20 0 67 U
4 21 0 0 L
4 22 5 42 D
4 23 0 11 L
4 24 4 40 D
4 25 5 53 D
4 26 4 41 D
4 27 6 64 U
4 28 2 52 D
4 29 0 43 D
4 30 3 46 D
4 31 5 58 U
4 32 5 32 R
4 33 4 33 R
4 34 6 50 D
4 35 6 51 D
4 36 2 36 R
4 37 6 37 R
4 38 2 38 R
4 39 3 73 U
4 40 2 21 R
4 41 3 57 U
4 42 1 7 L
4 43 4 58 U
4 44 4 30 R
4 45 5 3 L
4 46 3 4 L
4 47 2 60 U
4 48 5 33 R
4 49 0 10 L
4 50 4 34 R
4 51 5 35 R
4 52 2 52 D
4 53 3 53 D
4 54 5 14 L
4 55 4 15 L
4 56 1 56 D
4 57 2 22 R
4 58 2 11 L
4 59 6 26 R
4 60 5 31 R
4 61 3 61 U
4 62 0 32 R
4 63 6 34 R
4 64 1 12 L
4 65 6 35 R
4 66 4 36 R
4 67 1 67 U
4 68 2 68 U
4 69 4 69 U
4 70 5 70 U
4 71 6 71 U
4 72 2 39 R
4 73 5 73 U
5 0 0 24 R
5 1 6 41 D
5 2 6 2 L
5 3 4 28 R
5 4 0 29 R
5 5 6 5 L
5 6 4 62 U
5 7 6 47 D
5 8 6 8 L
5 9 5 9 L
5 10 6 10 L
5 11 2 57 U
5 12 4 12 L
5 13 2 13 L
5 14 0 54 D
5 15 4 56 D
5 16 6 16 L
5 17 7 17 L
5 18 2 18 L
5 19 29 19 L
5 20 0 68 U
5 21 2 53 D
5 22 5 22 R
5 23 4 23 R
5 24 3 24 R
5 25 4 25 R
5 26 3 42 D
5 27 6 27 R
5 28 1 57 U
5 29 2 59 U
5 30 5 30 R
5 31 6 31 R
5 32 4 70 U
5 33 6 62 U
5 34 5 70 U
5 35 5 35 R
5 36 3 36 R
5 37 0 72 U
5 38 3 48 D
5 39 6 39 R
5 40 1 21 R
5 41 6 1 L
5 42 3 42 D
5 43 5 2 L
5 44 6 3 L
5 45 5 32 R
5 46 5 46 D
5 47 0 61 U
5 48 4 48 D
5 49 3 8 L
5 50 6 34 R
5 51 4 51 D
5 52 2 61 U
5 53 0 5 L
5 54 4 54 D
5 55 2 38 R
5 56 4 72 U
5 57 2 23 R
5 58 4 27 R
5 59 6 59 U
5 60 4 3 L
5 61 2 5 L
5 62 0 6 L
5 63 5 63 U
5 64 6 64 U
5 65 5 36 R
5 66 5 66 U
5 67 6 22 R
5 68 1 68 U
5 69 3 69 U
5 70 6 70 U
5 71 5 71 U
5 72 7 16 L
5 73 4 73 U
6 0 0 61 U
6 1 1 52 D
6 2 5 59 U
6 3 4 44 D
6 4 4 4 L
6 5 2 52 D
6 6 6 63 U
6 7 4 7 L
6 8 5 8 L
6 9 6 65 U
6 10 5 10 L
6 11 4 50 D
6 12 5 42 D
6 13 3 13 L
6 14 6 68 U
6 15 5 15 L
6 16 7 42 D
6 17 2 17 L
6 18 10 18 L
6 19 32 19 L
6 20 1 69 U
6 21 0 40 D
6 22 3 67 U
6 23 1 58 U
6 24 0 53 D
6 25 3 25 R
6 26 4 44 D
6 27 1 27 R
6 28 5 60 U
6 29 6 29 R
6 30 4 30 R
6 31 5 44 D
6 32 0 62 U
6 33 5 33 R
6 34 6 9 L
6 35 4 71 U
6 36 4 55 D
6 37 1 37 R
6 38 9 38 R
6 39 36 66 U
6 40 0 5 L
6 41 5 26 R
6 42 3 1 L
6 43 5 43 D
6 44 4 31 R
6 45 6 45 D
6 46 5 6 L
6 47 0 62 U
6 48 5 9 L
6 49 4 49 D
6 50 2 11 L
6 51 5 13 L
6 52 2 26 R
6 53 0 0 L
6 54 3 54 D
6 55 6 55 D
6 56 0 28 R
6 57 3 28 R
6 58 5 2 L
6 59 2 29 R
6 60 5 8 L
6 61 4 32 R
6 62 2 10 L
6 63 6 6 L
6 64 5 64 U
6 65 0 14 L
6 66 6 66 U
6 67 5 67 U
6 68 5 37 R
6 69 2 69 U
6 70 5 34 R
6 71 0 35 R
6 72 7 72 U
6 73 7 9 L
7 0 3 53 D
7 1 9 1 L
7 2 9 2 L
7 3 7 60 U
7 4 7 47 D
7 5 9 47 D
7 6 10 41 D
7 7 0 58 U
7 8 8 42 D
7 9 7 52 D
7 10 8 44 D
7 11 11 41 D
7 12 7 12 L
7 13 11 55 D
7 14 13 47 D
7 15 16 43 D
7 16 5 16 L
7 17 0 22 R
7 18 11 54 D
7 19 34 50 D
7 20 6 69 U
7 21 7 69 U
7 22 4 57 U
7 23 1 6 L
7 24 4 44 D
7 25 8 46 D
7 26 0 3 L
7 27 3 65 U
7 28 8 65 U
7 29 0 42 D
7 30 2 53 D
7 31 3 44 D
7 32 8 53 D
7 33 0 73 U
7 34 0 10 L
7 35 24 53 D
7 36 0 59 U
7 37 15 58 U
7 38 8 38 R
7 39 36 39 R
7 40 5 57 U
7 41 5 20 R
7 42 0 64 U
7 43 9 12 L
7 44 9 32 R
7 45 8 17 L
7 46 9 12 L
7 47 7 2 L
7 48 6 23 R
7 49 9 2 L
7 50 9 8 L
7 51 8 1 L
7 52 10 6 L
7 53 4 17 L
7 54 8 7 L
7 55 8 27 R
7 56 4 56 D
7 57 6 20 R
7 58 8 24 R
7 59 8 7 L
7 60 9 27 R
7 61 8 21 R
7 62 11 10 L
7 63 7 20 R
7 64 2 24 R
7 65 3 46 D
7 66 5 4 L
7 67 7 16 L
7 68 8 31 R
7 69 1 17 L
7 70 12 14 L
7 71 18 15 L
7 72 9 72 U
7 73 9 73 U
8 0 0 27 R
8 1 4 1 L
8 2 3 48 D
8 3 8 57 U
8 4 7 4 L
8 5 8 5 L
8 6 10 55 D
8 7 11 56 D
8 8 7 48 D
8 9 8 9 L
8 10 7 10 L
8 11 10 11 L
8 12 6 40 D
8 13 11 13 L
8 14 15 14 L
8 15 17 15 L
8 16 8 16 L
8 17 9 44 D
8 18 6 18 L
8 19 26 19 L
8 20 7 67 U
8 21 8 41 D
8 22 1 1 L
8 23 2 23 R
8 24 5 40 D
8 25 1 61 U
8 26 0 73 U
8 27 0 57 U
8 28 11 63 U
8 29 5 29 R
8 30 7 50 D
8 31 11 31 R
8 32 6 43 D
8 33 5 40 D
8 34 20 34 R
8 35 15 35 R
8 36 21 36 R
8 37 15 37 R
8 38 7 38 R
8 39 28 39 R
8 40 4 32 R
8 41 8 41 D
8 42 9 22 R
8 43 8 43 D
8 44 0 2 L
8 45 7 45 D
8 46 8 12 L
8 47 8 47 D
8 48 5 48 D
8 49 10 49 D
8 50 7 50 D
8 51 9 51 D
8 52 8 52 D
8 53 6 0 L
8 54 10 54 D
8 55 10 55 D
8 56 6 56 D
8 57 2 21 R
8 58 0 38 R
8 59 7 59 U
8 60 8 60 U
8 61 8 22 R
8 62 11 62 U
8 63 6 25 R
8 64 7 21 R
8 65 7 65 U
8 66 9 66 U
8 67 7 67 U
8 68 7 29 R
8 69 7 69 U
8 70 11 70 U
8 71 25 71 U
8 72 2 72 U
8 73 10 73 U
9 0 3 0 L
9 1 7 58 U
9 2 0 40 D
9 3 3 59 U
9 4 6 4 L
9 5 9 5 L
9 6 1 63 U
9 7 11 26 R
9 8 8 53 D
9 9 10 9 L
9 10 2 10 L
9 11 4 11 L
9 12 8 47 D
9 13 10 13 L
9 14 14 14 L
9 15 8 15 L
9 16 6 56 D
9 17 25 55 D
9 18 8 49 D
9 19 37 19 L
9 20 3 63 U
9 21 8 72 U
9 22 8 44 D
9 23 9 59 U
9 24 7 61 U
9 25 8 45 D
9 26 3 43 D
9 27 8 68 U
9 28 11 52 D
9 29 4 53 D
9 30 4 73 U
9 31 10 31 R
9 32 8 49 D
9 33 10 33 R
9 34 20 53 D
9 35 24 35 R
9 36 22 65 U
9 37 13 37 R
9 38 9 44 D
9 39 32 39 R
9 40 0 27 R
9 41 8 25 R
9 42 7 42 D
9 43 7 43 D
9 44 7 25 R
9 45 9 45 D
9 46 7 46 D
9 47 9 47 D
9 48 8 48 D
9 49 9 49 D
9 50 8 50 D
9 51 8 51 D
9 52 9 52 D
9 53 3 33 R
9 54 9 54 D
9 55 9 21 R
9 56 7 56 D
9 57 0 11 L
9 58 0 10 L
9 59 3 24 R
9 60 4 38 R
9 61 7 5 L
9 62 8 62 U
9 63 0 2 L
9 64 4 64 U
9 65 9 65 U
9 66 8 66 U
9 67 8 67 U
9 68 11 68 U
9 69 5 0 L
9 70 12 70 U
9 71 26 71 U
9 72 8 72 U
9 73 8 73 U
10 0 8 43 D
10 1 10 1 L
10 2 0 46 D
10 3 5 29 R
10 4 9 4 L
10 5 9 40 D
10 6 9 63 U
10 7 10 7 L
10 8 14 56 D
10 9 9 9 L
10 10 3 47 D
10 11 9 11 L
10 12 10 65 U
10 13 9 13 L
10 14 13 14 L
10 15 16 15 L
10 16 0 60 U
10 17 11 17 L
10 18 3 18 L
10 19 17 19 L
10 20 9 64 U
10 21 9 66 U
10 22 9 44 D
10 23 9 61 U
10 24 4 58 U
10 25 10 45 D
10 26 8 26 R
10 27 7 27 R
10 28 12 47 D
10 29 10 61 U
10 30 9 30 R
10 31 9 31 R
10 32 20 42 D
10 33 8 33 R
10 34 15 34 R
10 35 14 35 R
10 36 22 36 R
10 37 0 4 L
10 38 10 64 U
10 39 23 39 R
10 40 9 25 R
10 41 10 5 L
10 42 0 26 R
10 43 7 26 R
10 44 7 30 R
10 45 7 60 U
10 46 8 1 L
10 47 7 0 L
10 48 1 4 L
10 49 8 49 D
10 50 11 3 L
10 51 10 51 D
10 52 11 31 R
10 53 11 53 D
10 54 11 54 D
10 55 11 55 D
10 56 10 28 R
10 57 9 23 R
10 58 2 3 L
10 59 1 3 L
10 60 9 24 R
10 61 2 61 U
10 62 10 62 U
10 63 10 21 R
10 64 10 64 U
10 65 11 23 R
10 66 7 66 U
10 67 7 31 R
10 68 10 68 U
10 69 8 6 L
10 70 15 70 U
10 71 23 71 U
10 72 7 13 L
10 73 7 73 U
11 0 10 20 R
11 1 0 57 U
11 2 8 55 D
11 3 10 51 D
11 4 2 49 D
11 5 8 60 U
11 6 11 52 D
11 7 12 7 L
11 8 16 47 D
11 9 10 64 U
11 10 3 28 R
11 11 8 11 L
11 12 10 12 L
11 13 6 13 L
11 14 12 14 L
11 15 23 48 D
11 16 7 16 L
11 17 25 17 L
11 18 11 18 L
11 19 33 64 U
11 20 10 59 U
11 21 11 41 D
11 22 8 62 U
11 23 11 72 U
11 24 10 66 U
11 25 5 25 R
11 26 10 26 R
11 27 9 51 D
11 28 10 53 D
11 29 11 29 R
11 30 8 30 R
11 31 8 31 R
11 32 18 32 R
11 33 9 33 R
11 34 16 34 R
11 35 22 70 U
11 36 22 63 U
11 37 8 40 D
11 38 0 5 L
11 39 22 39 R
11 40 10 27 R
11 41 11 0 L
11 42 0 16 L
11 43 11 29 R
11 44 11 30 R
11 45 10 8 L
11 46 11 67 U
11 47 4 47 D
11 48 10 48 D
11 49 11 38 R
11 50 11 50 D
11 51 7 51 D
11 52 8 6 L
11 53 10 7 L
11 54 8 54 D
11 55 0 61 U
11 56 10 56 D
11 57 2 30 R
11 58 8 38 R
11 59 10 1 L
11 60 0 25 R
11 61 2 26 R
11 62 9 62 U
11 63 11 6 L
11 64 11 28 R
11 65 10 33 R
11 66 10 22 R
11 67 13 7 L
11 68 14 30 R
11 69 6 69 U
11 70 13 70 U
11 71 18 7 L
11 72 11 72 U
11 73 6 18 L
12 0 10 65 U
12 1 9 42 D
12 2 10 57 U
12 3 10 46 D
12 4 2 24 R
12 5 13 54 D
12 6 13 61 U
12 7 7 40 D
12 8 18 8 L
12 9 12 54 D
12 10 11 57 U
12 11 11 11 L
12 12 1 12 L
12 13 9 50 D
12 14 9 14 L
12 15 15 15 L
12 16 15 56 D
12 17 14 17 L
12 18 12 47 D
12 19 34 19 L
12 20 11 62 U
12 21 9 45 D
12 22 9 43 D
12 23 11 58 U
12 24 11 44 D
12 25 6 25 R
12 26 0 66 U
12 27 10 73 U
12 28 15 65 U
12 29 13 62 U
12 30 0 40 D
12 31 13 41 D
12 32 21 32 R
12 33 0 55 D
12 34 21 69 U
12 35 19 69 U
12 36 18 36 R
12 37 12 37 R
12 38 20 68 U
12 39 33 39 R
12 40 11 21 R
12 41 9 1 L
12 42 9 0 L
12 43 10 30 R
12 44 4 25 R
12 45 8 8 L
12 46 10 24 R
12 47 12 3 L
12 48 12 28 R
12 49 0 68 U
12 50 12 21 R
12 51 11 13 L
12 52 13 2 L
12 53 2 53 D
12 54 13 27 R
12 55 8 11 L
12 56 15 38 R
12 57 11 27 R
12 58 9 2 L
12 59 0 12 L
12 60 9 11 L
12 61 11 20 R
12 62 10 18 L
12 63 0 24 R
12 64 11 11 L
12 65 12 31 R
12 66 10 20 R
12 67 12 67 U
12 68 14 14 L
12 69 16 34 R
12 70 14 70 U
12 71 24 71 U
12 72 8 7 L
12 73 8 22 R
13 0 8 48 D
13 1 12 46 D
13 2 9 51 D
13 3 12 58 U
13 4 13 42 D
13 5 15 42 D
13 6 14 6 L
13 7 11 7 L
13 8 9 8 L
13 9 13 9 L
13 10 11 10 L
13 11 8 70 U
13 12 14 30 R
13 13 12 54 D
13 14 8 14 L
13 15 23 15 L
13 16 14 16 L
13 17 24 17 L
13 18 15 18 L
13 19 31 19 L
13 20 10 60 U
13 21 8 40 D
13 22 12 52 D
13 23 12 59 U
13 24 12 61 U
13 25 0 58 U
13 26 12 66 U
13 27 13 42 D
13 28 11 28 R
13 29 12 62 U
13 30 7 41 D
13 31 0 7 L
13 32 20 32 R
13 33 7 33 R
13 34 17 34 R
13 35 13 35 R
13 36 23 36 R
13 37 10 37 R
13 38 19 38 R
13 39 35 39 R
13 40 12 1 L
13 41 12 22 R
13 42 13 4 L
13 43 7 5 L
13 44 15 31 R
13 45 13 23 R
13 46 12 46 D
13 47 10 65 U
13 48 12 48 D
13 49 15 3 L
13 50 13 50 D
13 51 12 51 D
13 52 12 52 D
13 53 15 5 L
13 54 13 54 D
13 55 13 55 D
13 56 14 56 D
13 57 8 29 R
13 58 13 26 R
13 59 10 3 L
13 60 12 60 U
13 61 12 23 R
13 62 13 26 R
13 63 14 27 R
13 64 15 20 R
13 65 8 33 R
13 66 11 31 R
13 67 13 67 U
13 68 21 2 L
13 69 17 11 L
13 70 12 33 R
13 71 13 17 L
13 72 21 72 U
13 73 8 10 L
14 0 5 40 D
14 1 13 22 R
14 2 12 45 D
14 3 14 45 D
14 4 12 70 U
14 5 0 51 D
14 6 4 6 L
14 7 13 57 U
14 8 17 8 L
14 9 12 9 L
14 10 14 57 U
14 11 13 49 D
14 12 14 12 L
14 13 13 13 L
14 14 7 52 D
14 15 22 15 L
14 16 13 16 L
14 17 21 17 L
14 18 14 18 L
14 19 14 19 L
14 20 5 67 U
14 21 13 50 D
14 22 13 59 U
14 23 14 42 D
14 24 15 67 U
14 25 5 64 U
14 26 14 41 D
14 27 11 48 D
14 28 10 64 U
14 29 12 29 R
14 30 13 30 R
14 31 15 46 D
14 32 19 32 R
14 33 8 66 U
14 34 19 34 R
14 35 20 35 R
14 36 12 36 R
14 37 14 37 R
14 38 17 7 L
14 39 31 39 R
14 40 7 20 R
14 41 13 21 R
14 42 14 1 L
14 43 15 43 D
14 44 15 2 L
14 45 14 45 D
14 46 11 12 L
14 47 8 63 U
14 48 9 33 R
14 49 11 49 D
14 50 12 0 L
14 51 12 18 L
14 52 13 8 L
14 53 12 53 D
14 54 10 5 L
14 55 14 55 D
14 56 9 56 D
14 57 1 9 L
14 58 13 29 R
14 59 13 3 L
14 60 14 29 R
14 61 14 21 R
14 62 14 62 U
14 63 15 63 U
14 64 16 18 L
14 65 13 65 U
14 66 14 23 R
14 67 10 67 U
14 68 21 68 U
14 69 16 33 R
14 70 14 28 R
14 71 9 31 R
14 72 15 72 U
15 0 14 40 D
15 1 13 60 U
15 2 14 44 D
15 3 15 49 D
15 4 13 4 L
15 5 10 70 U
15 6 11 6 L
15 7 13 61 U
15 8 16 8 L
15 9 0 59 U
15 10 18 54 D
15 11 0 63 U
15 12 0 60 U
15 13 14 13 L
15 14 11 14 L
15 15 9 15 L
15 16 12 16 L
15 17 10 55 D
15 18 13 50 D
15 19 18 19 L
15 20 14 43 D
15 21 14 60 U
15 22 15 44 D
15 23 13 70 U
15 24 12 24 R
15 25 11 25 R
15 26 8 3 L
15 27 12 27 R
15 28 8 28 R
15 29 12 68 U
15 30 15 43 D
15 31 12 31 R
15 32 21 44 D
15 33 9 44 D
15 34 13 56 D
15 35 10 35 R
15 36 22 48 D
15 37 0 11 L
15 38 11 38 R
15 39 35 42 D
15 40 0 9 L
15 41 14 0 L
15 42 0 59 U
15 43 14 20 R
15 44 15 28 R
15 45 15 22 R
15 46 15 46 D
15 47 14 47 D
15 48 16 7 L
15 49 13 49 D
15 50 15 26 R
15 51 13 51 D
15 52 14 52 D
15 53 10 53 D
15 54 14 2 L
15 55 15 55 D
15 56 11 65 U
15 57 14 13 L
15 58 13 12 L
15 59 0 37 R
15 60 14 1 L
15 61 15 18 L
15 62 13 62 U
15 63 14 37 R
15 64 15 11 L
15 65 11 37 R
15 66 12 37 R
15 67 14 6 L
15 68 20 68 U
15 69 14 69 U
15 70 18 11 L
15 71 18 71 U
15 72 18 72 U
16 0 13 41 D
16 1 13 52 D
16 2 17 41 D
16 3 17 61 U
16 4 18 44 D
16 5 16 50 D
16 6 0 57 U
16 7 0 30 R
16 8 0 23 R
16 9 16 59 U
16 10 18 10 L
16 11 7 46 D
16 12 11 29 R
16 13 20 50 D
16 14 12 57 U
16 15 22 43 D
16 16 11 16 L
16 17 22 17 L
16 18 18 46 D
16 19 19 19 L
16 20 14 63 U
16 21 17 58 U
16 22 17 62 U
16 23 17 70 U
16 24 18 46 D
16 25 16 61 U
16 26 16 40 D
16 27 16 53 D
16 28 17 65 U
16 29 13 29 R
16 30 10 58 U
16 31 17 40 D
16 32 16 32 R
16 33 10 64 U
16 34 13 34 R
16 35 12 35 R
16 36 17 36 R
16 37 15 44 D
16 38 0 65 U
16 39 14 39 R
16 40 15 27 R
16 41 9 11 L
16 42 16 2 L
16 43 13 6 L
16 44 18 24 R
16 45 17 21 R
16 46 16 2 L
16 47 17 2 L
16 48 16 48 D
16 49 16 3 L
16 50 14 4 L
16 51 17 5 L
16 52 15 52 D
16 53 18 4 L
16 54 17 30 R
16 55 14 6 L
16 56 16 56 D
16 57 8 14 L
16 58 15 14 L
16 59 16 16 L
16 60 17 8 L
16 61 18 24 R
16 62 14 26 R
16 63 16 9 L
16 64 0 27 R
16 65 12 65 U
16 66 14 66 U
16 67 18 1 L
16 68 19 22 R
16 69 20 34 R
16 70 16 8 L
16 71 27 21 R
16 72 10 34 R
17 0 10 45 D
17 1 16 1 L
17 2 17 45 D
17 3 16 25 R
17 4 13 33 R
17 5 18 64 U
17 6 0 29 R
17 7 18 54 D
17 8 0 25 R
17 9 16 57 U
17 10 19 10 L
17 11 17 60 U
17 12 8 12 L
17 13 21 13 L
17 14 11 58 U
17 15 0 65 U
17 16 16 60 U
17 17 23 17 L
17 18 17 18 L
17 19 25 19 L
17 20 14 56 D
17 21 8 50 D
17 22 16 22 R
17 23 14 23 R
17 24 18 66 U
17 25 17 44 D
17 26 15 26 R
17 27 14 70 U
17 28 18 28 R
17 29 18 61 U
17 30 18 51 D
17 31 18 31 R
17 32 19 68 U
17 33 13 33 R
17 34 11 34 R
17 35 21 35 R
17 36 6 36 R
17 37 0 44 D
17 38 26 38 R
17 39 33 61 U
17 40 16 20 R
17 41 14 37 R
17 42 1 8 L
17 43 16 43 D
17 44 16 3 L
17 45 18 21 R
17 46 10 63 U
17 47 16 47 D
17 48 16 5 L
17 49 17 49 D
17 50 17 50 D
17 51 18 6 L
17 52 14 0 L
17 53 20 10 L
17 54 17 54 D
17 55 12 55 D
17 56 16 0 L
17 57 16 1 L
17 58 14 22 R
17 59 15 21 R
17 60 17 23 R
17 61 18 3 L
17 62 16 9 L
17 63 0 14 L
17 64 16 28 R
17 65 11 29 R
17 66 17 28 R
17 67 18 67 U
17 68 17 32 R
17 69 13 40 D
17 70 18 4 L
17 71 29 71 U
17 72 13 72 U
18 0 16 58 U
18 1 17 1 L
18 2 17 42 D
18 3 17 56 D
18 4 0 64 U
18 5 12 24 R
18 6 17 51 D
18 7 20 68 U
18 8 17 49 D
18 9 13 59 U
18 10 15 10 L
18 11 17 64 U
18 12 21 12 L
18 13 20 13 L
18 14 11 49 D
18 15 18 15 L
18 16 17 16 L
18 17 26 17 L
18 18 18 18 L
18 19 42 41 D
18 20 17 43 D
18 21 18 42 D
18 22 13 62 U
18 23 11 23 R
18 24 17 24 R
18 25 14 68 U
18 26 16 70 U
18 27 16 48 D
18 28 17 64 U
18 29 18 46 D
18 30 20 47 D
18 31 16 40 D
18 32 17 32 R
18 33 16 33 R
18 34 15 72 U
18 35 14 66 U
18 36 16 36 R
18 37 19 37 R
18 38 14 38 R
18 39 34 39 R
18 40 17 20 R
18 41 18 21 R
18 42 18 42 D
18 43 17 43 D
18 44 17 6 L
18 45 17 45 D
18 46 16 27 R
18 47 18 47 D
18 48 15 48 D
18 49 18 49 D
18 50 18 50 D
18 51 18 22 R
18 52 16 52 D
18 53 21 53 D
18 54 19 6 L
18 55 16 55 D
18 56 16 25 R
18 57 12 22 R
18 58 8 0 L
18 59 0 9 L
18 60 16 60 U
18 61 18 26 R
18 62 17 31 R
18 63 1 31 R
18 64 17 5 L
18 65 16 65 U
18 66 14 20 R
18 67 16 67 U
18 68 15 31 R
18 69 22 69 U
18 70 9 70 U
18 71 28 71 U
18 72 15 0 L
19 0 19 41 D
19 1 18 62 U
19 2 21 42 D
19 3 21 62 U
19 4 17 55 D
19 5 20 51 D
19 6 18 63 U
19 7 19 7 L
19 8 0 24 R
19 9 19 48 D
19 10 9 45 D
19 11 12 50 D
19 12 20 12 L
19 13 21 69 U
19 14 13 32 R
19 15 20 30 R
19 16 18 16 L
19 17 26 70 U
19 18 0 26 R
19 19 42 19 L
19 20 15 40 D
19 21 17 59 U
19 22 19 42 D
19 23 12 23 R
19 24 16 66 U
19 25 0 57 U
19 26 17 67 U
19 27 1 61 U
19 28 19 40 D
19 29 12 66 U
19 30 19 48 D
19 31 19 67 U
19 32 20 48 D
19 33 19 57 U
19 34 0 13 L
19 35 22 66 U
19 36 23 69 U
19 37 18 37 R
19 38 20 38 R
19 39 15 39 R
19 40 13 25 R
19 41 17 37 R
19 42 19 0 L
19 43 20 2 L
19 44 19 21 R
19 45 18 3 L
19 46 12 27 R
19 47 21 27 R
19 48 19 30 R
19 49 16 7 L
19 50 14 60 U
19 51 19 51 D
19 52 14 18 L
19 53 12 14 L
19 54 18 54 D
19 55 19 55 D
19 56 21 5 L
19 57 0 8 L
19 58 17 24 R
19 59 17 0 L
19 60 18 21 R
19 61 0 16 L
19 62 12 10 L
19 63 16 26 R
19 64 21 12 L
19 65 15 28 R
19 66 18 66 U
19 67 10 23 R
19 68 21 38 R
19 69 7 31 R
19 70 19 32 R
19 71 27 71 U
19 72 20 72 U
20 0 11 65 U
20 1 21 40 D
20 2 19 59 U
20 3 12 27 R
20 4 16 4 L
20 5 19 50 D
20 6 15 47 D
20 7 6 69 U
20 8 21 8 L
20 9 20 9 L
20 10 21 10 L
20 11 7 11 L
20 12 19 12 L
20 13 15 13 L
20 14 20 49 D
20 15 10 15 L
20 16 19 61 U
20 17 6 17 L
20 18 21 18 L
20 19 38 19 L
20 20 16 55 D
20 21 19 64 U
20 22 19 68 U
20 23 10 44 D
20 24 20 58 U
20 25 0 10 L
20 26 17 68 U
20 27 21 46 D
20 28 17 28 R
20 29 17 29 R
20 30 0 63 U
20 31 21 49 D
20 32 15 32 R
20 33 21 70 U
20 34 14 34 R
20 35 23 35 R
20 36 5 36 R
20 37 17 70 U
20 38 25 38 R
20 39 37 39 R
20 40 19 20 R
20 41 20 8 L
20 42 21 20 R
20 43 21 43 D
20 44 0 31 R
20 45 20 45 D
20 46 20 27 R
20 47 20 47 D
20 48 8 3 L
20 49 21 30 R
20 50 19 29 R
20 51 14 30 R
20 52 18 1 L
20 53 15 53 D
20 54 14 5 L
20 55 18 55 D
20 56 15 56 D
20 57 19 1 L
20 58 20 0 L
20 59 17 33 R
20 60 19 32 R
20 61 19 25 R
20 62 15 4 L
20 63 21 3 L
20 64 21 64 U
20 65 19 65 U
20 66 11 14 L
20 67 21 67 U
20 68 15 34 R
20 69 15 2 L
20 70 16 70 U
20 71 27 24 R
20 72 19 33 R
21 0 20 57 U
21 1 20 1 L
21 2 20 46 D
21 3 21 36 R
21 4 19 66 U
21 5 14 53 D
21 6 12 69 U
21 7 7 7 L
21 8 20 42 D
21 9 19 9 L
21 10 18 60 U
21 11 20 56 D
21 12 19 62 U
21 13 0 69 U
21 14 16 34 R
21 15 20 15 L
21 16 19 16 L
21 17 8 17 L
21 18 20 18 L
21 19 44 68 U
21 20 20 41 D
21 21 19 43 D
21 22 13 52 D
21 23 20 23 R
21 24 9 24 R
21 25 19 60 U
21 26 17 26 R
21 27 16 63 U
21 28 16 28 R
21 29 15 29 R
21 30 17 53 D
21 31 17 31 R
21 32 13 51 D
21 33 17 72 U
21 34 20 58 U
21 35 25 73 U
21 36 1 36 R
21 37 22 62 U
21 38 31 54 D
21 39 16 39 R
21 40 8 0 L
21 41 21 41 D
21 42 19 8 L
21 43 20 43 D
21 44 20 22 R
21 45 21 45 D
21 46 21 2 L
21 47 21 3 L
21 48 20 14 L
21 49 21 49 D
21 50 17 69 U
21 51 18 38 R
21 52 20 52 D
21 53 20 34 R
21 54 20 9 L
21 55 17 55 D
21 56 19 34 R
21 57 19 21 R
21 58 21 58 U
21 59 20 10 L
21 60 17 25 R
21 61 17 16 L
21 62 20 37 R
21 63 14 9 L
21 64 20 64 U
21 65 17 65 U
21 66 21 13 L
21 67 19 67 U
21 68 9 68 U
21 69 12 10 L
21 70 21 70 U
21 71 31 25 R
21 72 23 31 R
22 0 21 57 U
22 1 22 41 D
22 2 21 60 U
22 3 21 22 R
22 4 19 46 D
22 5 22 50 D
22 6 23 63 U
22 7 8 40 D
22 8 23 36 R
22 9 0 22 R
22 10 8 50 D
22 11 7 66 U
22 12 0 34 R
22 13 16 13 L
22 14 25 49 D
22 15 13 15 L
22 16 0 35 R
22 17 26 56 D
22 18 23 47 D
22 19 41 67 U
22 20 19 72 U
22 21 7 55 D
22 22 20 54 D
22 23 22 45 D
22 24 20 45 D
22 25 18 69 U
22 26 24 46 D
22 27 0 63 U
22 28 22 51 D
22 29 22 72 U
22 30 11 72 U
22 31 22 44 D
22 32 22 62 U
22 33 23 43 D
22 34 21 34 R
22 35 25 35 R
22 36 8 11 L
22 37 9 37 R
22 38 28 38 R
22 39 35 61 U
22 40 4 21 R
22 41 19 13 L
22 42 22 42 D
22 43 17 11 L
22 44 22 22 R
22 45 20 61 U
22 46 23 23 R
22 47 11 2 L
22 48 21 60 U
22 49 0 20 R
22 50 23 13 L
22 51 23 12 L
22 52 10 1 L
22 53 15 15 L
22 54 22 54 D
22 55 22 1 L
22 56 24 66 U
22 57 9 15 L
22 58 21 20 R
22 59 2 36 R
22 60 16 25 R
22 61 20 2 L
22 62 23 25 R
22 63 22 18 L
22 64 22 0 L
22 65 21 6 L
22 66 24 35 R
22 67 23 3 L
22 68 23 6 L
22 69 23 69 U
22 70 4 36 R
22 71 32 71 U
22 72 24 72 U
23 0 22 57 U
23 1 12 41 D
23 2 23 58 U
23 3 23 61 U
23 4 22 4 L
23 5 24 61 U
23 6 23 49 D
23 7 9 7 L
23 8 10 8 L
23 9 16 50 D
23 10 0 40 D
23 11 23 54 D
23 12 22 12 L
23 13 22 48 D
23 14 26 42 D
23 15 26 70 U
23 16 16 16 L
23 17 10 17 L
23 18 24 18 L
23 19 20 19 L
23 20 9 47 D
23 21 22 52 D
23 22 22 59 U
23 23 23 44 D
23 24 22 24 R
23 25 22 67 U
23 26 24 68 U
23 27 22 55 D
23 28 24 28 R
23 29 24 45 D
23 30 24 43 D
23 31 23 40 D
23 32 10 32 R
23 33 23 33 R
23 34 14 68 U
23 35 25 71 U
23 36 7 36 R
23 37 17 37 R
23 38 27 38 R
23 39 18 39 R
23 40 20 11 L
23 41 21 66 U
23 42 22 23 R
23 43 23 21 R
23 44 23 3 L
23 45 15 4 L
23 46 23 46 D
23 47 19 47 D
23 48 0 37 R
23 49 2 49 D
23 50 24 26 R
23 51 24 51 D
23 52 23 52 D
23 53 23 28 R
23 54 18 9 L
23 55 23 6 L
23 56 24 56 D
23 57 22 7 L
23 58 22 29 R
23 59 22 2 L
23 60 19 24 R
23 61 22 15 L
23 62 23 62 U
23 63 22 26 R
23 64 22 64 U
23 65 14 2 L
23 66 8 12 L
23 67 23 67 U
23 68 23 68 U
23 69 7 11 L
23 70 23 35 R
23 71 28 17 L
23 72 9 30 R
24 0 20 58 U
24 1 24 40 D
24 2 16 65 U
24 3 9 69 U
24 4 23 59 U
24 5 24 44 D
24 6 24 65 U
24 7 12 64 U
24 8 13 8 L
24 9 17 53 D
24 10 20 10 L
24 11 23 69 U
24 12 23 66 U
24 13 23 56 D
24 14 25 14 L
24 15 26 15 L
24 16 15 16 L
24 17 17 17 L
24 18 15 70 U
24 19 36 19 L
24 20 20 0 L
24 21 23 41 D
24 22 23 22 R
24 23 24 60 U
24 24 12 67 U
24 25 24 5 L
24 26 13 40 D
24 27 11 51 D
24 28 18 54 D
24 29 23 53 D
24 30 26 48 D
24 31 26 40 D
24 32 0 69 U
24 33 15 33 R
24 34 28 67 U
24 35 6 35 R
24 36 9 41 D
24 37 31 41 D
24 38 34 62 U
24 39 13 11 L
24 40 24 20 R
24 41 24 1 L
24 42 22 65 U
24 43 24 43 D
24 44 23 25 R
24 45 23 15 L
24 46 24 5 L
24 47 24 9 L
24 48 22 27 R
24 49 16 10 L
24 50 24 50 D
24 51 20 28 R
24 52 23 5 L
24 53 24 36 R
24 54 24 13 L
24 55 23 55 D
24 56 22 56 D
24 57 7 7 L
24 58 22 22 R
24 59 24 24 R
24 60 24 4 L
24 61 24 23 R
24 62 14 33 R
24 63 0 18 L
24 64 23 32 R
24 65 15 8 L
24 66 24 29 R
24 67 20 3 L
24 68 24 68 U
24 69 24 11 L
24 70 24 70 U
24 71 30 34 R
24 72 34 7 L
25 0 23 57 U
25 1 25 41 D
25 2 25 59 U
25 3 24 47 D
25 4 0 58 U
25 5 14 5 L
25 6 25 50 D
25 7 25 7 L
25 8 25 54 D
25 9 24 56 D
25 10 8 65 U
25 11 21 45 D
25 12 27 71 U
25 13 0 63 U
25 14 26 14 L
25 15 25 15 L
25 16 0 27 R
25 17 0 28 R
25 18 24 59 U
25 19 35 19 L
25 20 24 42 D
25 21 24 58 U
25 22 25 43 D
25 23 25 67 U
25 24 25 52 D
25 25 8 51 D
25 26 22 49 D
25 27 11 45 D
25 28 18 57 U
25 29 14 29 R
25 30 12 30 R
25 31 26 69 U
25 32 31 40 D
25 33 18 61 U
25 34 32 34 R
25 35 7 35 R
25 36 9 36 R
25 37 30 37 R
25 38 34 45 D
25 39 26 45 D
25 40 19 23 R
25 41 25 31 R
25 42 12 16 L
25 43 25 1 L
25 44 25 22 R
25 45 22 5 L
25 46 26 1 L
25 47 25 22 R
25 48 14 63 U
25 49 24 4 L
25 50 25 7 L
25 51 26 6 L
25 52 25 5 L
25 53 25 14 L
25 54 26 25 R
25 55 26 8 L
25 56 19 27 R
25 57 24 30 R
25 58 24 0 L
25 59 24 21 R
25 60 13 18 L
25 61 26 23 R
25 62 25 31 R
25 63 26 25 R
25 64 25 0 L
25 65 12 17 L
25 66 22 30 R
25 67 26 2 L
25 68 22 33 R
25 69 25 16 L
25 70 0 35 R
25 71 20 71 U
25 72 17 72 U
26 0 24 57 U
26 1 18 49 D
26 2 26 60 U
26 3 25 3 L
26 4 18 4 L
26 5 25 53 D
26 6 25 63 U
26 7 0 70 U
26 8 26 8 L
26 9 28 53 D
26 10 29 61 U
26 11 6 51 D
26 12 32 68 U
26 13 22 13 L
26 14 20 14 L
26 15 24 15 L
26 16 26 16 L
26 17 28 17 L
26 18 23 68 U
26 19 8 19 L
26 20 25 64 U
26 21 25 46 D
26 22 25 2 L
26 23 25 71 U
26 24 26 24 R
26 25 26 6 L
26 26 27 72 U
26 27 26 27 R
26 28 14 28 R
26 29 22 29 R
26 30 27 58 U
26 31 26 31 R
26 32 25 32 R
26 33 26 33 R
26 34 31 34 R
26 35 26 35 R
26 36 24 36 R
26 37 29 37 R
26 38 34 38 R
26 39 43 39 R
26 40 26 21 R
26 41 8 13 L
26 42 26 36 R
26 43 24 24 R
26 44 25 44 D
26 45 12 45 D
26 46 26 46 D
26 47 26 47 D
26 48 25 48 D
26 49 26 3 L
26 50 26 50 D
26 51 11 32 R
26 52 26 52 D
26 53 25 53 D
26 54 26 54 D
26 55 23 26 R
26 56 9 9 L
26 57 23 11 L
26 58 4 35 R
26 59 26 32 R
26 60 24 14 L
26 61 26 61 U
26 62 25 62 U
26 63 26 35 R
26 64 18 64 U
26 65 4 15 L
26 66 26 66 U
26 67 26 67 U
26 68 22 68 U
26 69 0 17 L
26 70 25 31 R
26 71 29 8 L
26 72 44 72 U
27 0 24 54 D
27 1 25 61 U
27 2 25 44 D
27 3 31 46 D
27 4 0 35 R
27 5 27 50 D
27 6 25 48 D
27 7 24 60 U
27 8 27 47 D
27 9 30 9 L
27 10 23 10 L
27 11 20 11 L
27 12 29 12 L
27 13 27 13 L
27 14 12 43 D
27 15 29 49 D
27 16 10 47 D
27 17 27 17 L
27 18 32 18 L
27 19 5 19 L
27 20 25 40 D
27 21 27 42 D
27 22 26 44 D
27 23 19 71 U
27 24 28 58 U
27 25 20 62 U
27 26 21 26 R
27 27 14 42 D
27 28 23 28 R
27 29 29 52 D
27 30 28 30 R
27 31 28 45 D
27 32 31 42 D
27 33 15 19 L
27 34 28 34 R
27 35 25 57 U
27 36 21 57 U
27 37 29 42 D
27 38 30 38 R
27 39 40 39 R
27 40 13 40 D
27 41 26 20 R
27 42 27 4 L
27 43 26 2 L
27 44 27 21 R
27 45 28 1 L
27 46 28 37 R
27 47 27 0 L
27 48 17 16 L
27 49 28 2 L
27 50 0 67 U
27 51 32 29 R
27 52 26 62 U
27 53 20 8 L
27 54 0 71 U
27 55 29 22 R
27 56 30 6 L
27 57 26 1 L
27 58 27 0 L
27 59 26 26 R
27 60 25 30 R
27 61 30 2 L
27 62 26 35 R
27 63 17 36 R
27 64 10 17 L
27 65 23 23 R
27 66 29 32 R
27 67 27 37 R
27 68 32 30 R
27 69 26 32 R
27 70 18 37 R
27 71 30 29 R
27 72 39 72 U
28 0 27 70 U
28 1 28 40 D
28 2 30 42 D
28 3 30 3 L
28 4 22 59 U
28 5 32 5 L
28 6 27 63 U
28 7 29 7 L
28 8 0 61 U
28 9 27 9 L
28 10 25 10 L
28 11 16 11 L
28 12 31 12 L
28 13 28 13 L
28 14 29 32 R
28 15 0 63 U
28 16 30 16 L
28 17 13 17 L
28 18 27 18 L
28 19 33 19 L
28 20 21 58 U
28 21 27 45 D
28 22 28 48 D
28 23 28 66 U
28 24 29 24 R
28 25 32 68 U
28 26 26 70 U
28 27 27 27 R
28 28 22 28 R
28 29 29 67 U
28 30 20 30 R
28 31 0 18 L
28 32 30 32 R
28 33 6 33 R
28 34 27 34 R
28 35 30 61 U
28 36 27 36 R
28 37 27 47 D
28 38 33 38 R
28 39 39 39 R
28 40 25 17 L
28 41 28 21 R
28 42 30 20 R
28 43 23 43 D
28 44 30 2 L
28 45 28 45 D
28 46 28 46 D
28 47 28 47 D
28 48 28 48 D
28 49 29 49 D
28 50 6 50 D
28 51 28 13 L
28 52 30 52 D
28 53 32 53 D
28 54 27 11 L
28 55 28 55 D
28 56 31 56 D
28 57 22 20 R
28 58 27 58 U
28 59 27 59 U
28 60 29 0 L
28 61 28 21 R
28 62 22 28 R
28 63 32 7 L
28 64 32 22 R
28 65 18 65 U
28 66 31 66 U
28 67 30 67 U
28 68 29 68 U
28 69 33 69 U
28 70 28 26 R
28 71 32 37 R
28 72 29 72 U
29 0 27 46 D
29 1 14 43 D
29 2 26 43 D
29 3 30 48 D
29 4 16 40 D
29 5 10 5 L
29 6 1 29 R
29 7 28 7 L
29 8 23 8 L
29 9 31 9 L
29 10 19 45 D
29 11 12 11 L
29 12 26 12 L
29 13 29 13 L
29 14 24 53 D
29 15 0 37 R
29 16 27 55 D
29 17 27 45 D
29 18 25 64 U
29 19 41 56 D
29 20 30 41 D
29 21 27 61 U
29 22 0 61 U
29 23 29 23 R
29 24 30 24 R
29 25 23 62 U
29 26 27 26 R
29 27 18 27 R
29 28 11 64 U
29 29 26 64 U
29 30 24 52 D
29 31 28 63 U
29 32 3 10 L
29 33 2 33 R
29 34 3 34 R
29 35 30 35 R
29 36 19 36 R
29 37 24 12 L
29 38 32 38 R
29 39 11 39 R
29 40 0 32 R
29 41 22 7 L
29 42 25 59 U
29 43 0 30 R
29 44 29 44 D
29 45 25 28 R
29 46 27 46 D
29 47 24 47 D
29 48 31 3 L
29 49 28 49 D
29 50 28 50 D
29 51 30 51 D
29 52 24 6 L
29 53 31 53 D
29 54 28 54 D
29 55 27 55 D
29 56 30 56 D
29 57 27 15 L
29 58 25 15 L
29 59 29 26 R
29 60 31 60 U
29 61 28 8 L
29 62 12 16 L
29 63 32 14 L
29 64 31 64 U
29 65 32 6 L
29 66 7 8 L
29 67 28 5 L
29 68 20 27 R
29 69 32 69 U
29 70 7 30 R
29 71 34 6 L
29 72 43 72 U
30 0 28 57 U
30 1 0 45 D
30 2 30 60 U
30 3 27 24 R
30 4 27 4 L
30 5 32 48 D
30 6 32 71 U
30 7 27 43 D
30 8 30 8 L
30 9 16 9 L
30 10 13 10 L
30 11 30 11 L
30 12 27 52 D
30 13 30 13 L
30 14 27 14 L
30 15 25 62 U
30 16 31 16 L
30 17 12 17 L
30 18 34 50 D
30 19 43 19 L
30 20 27 43 D
30 21 27 44 D
30 22 28 71 U
30 23 16 59 U
30 24 31 24 R
30 25 32 25 R
30 26 26 60 U
30 27 29 27 R
30 28 0 61 U
30 29 29 64 U
30 30 30 30 R
30 31 29 31 R
30 32 28 32 R
30 33 1 33 R
30 34 18 34 R
30 35 29 35 R
30 36 23 51 D
30 37 28 37 R
30 38 34 63 U
30 39 0 16 L
30 40 17 61 U
30 41 31 15 L
30 42 31 20 R
30 43 29 7 L
30 44 29 2 L
30 45 28 4 L
30 46 30 21 R
30 47 28 3 L
30 48 31 48 D
30 49 20 49 D
30 50 19 22 R
30 51 0 36 R
30 52 28 52 D
30 53 29 53 D
30 54 32 54 D
30 55 29 55 D
30 56 20 56 D
30 57 28 0 L
30 58 25 14 L
30 59 23 30 R
30 60 30 60 U
30 61 29 21 R
30 62 24 25 R
30 63 27 29 R
30 64 29 35 R
30 65 31 6 L
30 66 29 66 U
30 67 29 67 U
30 68 33 29 R
30 69 30 33 R
30 70 36 70 U
30 71 30 71 U
30 72 42 72 U
31 0 28 59 U
31 1 28 1 L
31 2 28 43 D
31 3 32 47 D
31 4 29 42 D
31 5 28 5 L
31 6 29 71 U
31 7 30 7 L
31 8 32 51 D
31 9 18 9 L
31 10 28 10 L
31 11 27 54 D
31 12 28 48 D
31 13 31 13 L
31 14 0 20 R
31 15 18 34 R
31 16 28 47 D
31 17 8 70 U
31 18 26 18 L
31 19 40 19 L
31 20 28 44 D
31 21 30 66 U
31 22 30 1 L
31 23 18 41 D
31 24 13 4 L
31 25 31 62 U
31 26 14 26 R
31 27 30 27 R
31 28 29 28 R
31 29 30 71 U
31 30 25 65 U
31 31 30 31 R
31 32 27 32 R
31 33 31 33 R
31 34 22 34 R
31 35 27 35 R
31 36 32 36 R
31 37 4 37 R
31 38 33 67 U
31 39 44 39 R
31 40 27 1 L
31 41 30 41 D
31 42 29 42 D
31 43 26 32 R
31 44 26 37 R
31 45 8 4 L
31 46 31 46 D
31 47 30 22 R
31 48 30 48 D
31 49 27 49 D
31 50 22 25 R
31 51 24 64 U
31 52 29 31 R
31 53 26 37 R
31 54 29 10 L
31 55 30 55 D
31 56 32 56 D
31 57 28 57 U
31 58 31 58 U
31 59 27 17 L
31 60 31 23 R
31 61 26 5 L
31 62 24 12 L
31 63 32 31 R
31 64 28 29 R
31 65 33 6 L
31 66 28 66 U
31 67 27 6 L
31 68 33 68 U
31 69 35 69 U
31 70 35 70 U
31 71 34 30 R
31 72 37 72 U
32 0 31 57 U
32 1 29 40 D
32 2 30 66 U
32 3 18 25 R
32 4 31 71 U
32 5 32 63 U
32 6 10 30 R
32 7 27 7 L
32 8 31 8 L
32 9 17 9 L
32 10 5 63 U
32 11 34 51 D
32 12 25 12 L
32 13 32 13 L
32 14 36 14 L
32 15 0 38 R
32 16 32 16 L
32 17 4 17 L
32 18 29 18 L
32 19 39 19 L
32 20 29 60 U
32 21 29 46 D
32 22 32 22 R
32 23 19 65 U
32 24 30 61 U
32 25 27 40 D
32 26 32 71 U
32 27 23 27 R
32 28 27 49 D
32 29 32 65 U
32 30 30 51 D
32 31 31 31 R
32 32 7 53 D
32 33 29 56 D
32 34 28 51 D
32 35 29 54 D
32 36 0 68 U
32 37 27 37 R
32 38 17 38 R
32 39 26 39 R
32 40 30 5 L
32 41 30 28 R
32 42 32 3 L
32 43 14 5 L
32 44 19 18 L
32 45 32 24 R
32 46 11 10 L
32 47 32 21 R
32 48 28 9 L
32 49 32 3 L
32 50 21 50 D
32 51 31 6 L
32 52 29 52 D
32 53 22 12 L
32 54 31 30 R
32 55 31 55 D
32 56 32 11 L
32 57 28 16 L
32 58 29 20 R
32 59 13 22 R
32 60 28 0 L
32 61 27 32 R
32 62 28 25 R
32 63 14 38 R
32 64 18 33 R
32 65 34 65 U
32 66 0 23 R
32 67 28 67 U
32 68 34 68 U
32 69 29 69 U
32 70 22 70 U
32 71 0 32 R
32 72 0 28 R
33 0 33 59 U
33 1 30 49 D
33 2 34 42 D
33 3 33 68 U
33 4 33 43 D
33 5 33 40 D
33 6 34 61 U
33 7 33 53 D
33 8 33 46 D
33 9 30 45 D
33 10 33 41 D
33 11 33 71 U
33 12 34 12 L
33 13 33 56 D
33 14 33 14 L
33 15 35 65 U
33 16 33 44 D
33 17 34 47 D
33 18 0 59 U
33 19 44 19 L
33 20 15 64 U
33 21 18 58 U
33 22 34 66 U
33 23 34 68 U
33 24 29 67 U
33 25 34 40 D
33 26 33 41 D
33 27 29 47 D
33 28 28 64 U
33 29 33 42 D
33 30 33 69 U
33 31 29 59 U
33 32 33 51 D
33 33 35 40 D
33 34 23 67 U
33 35 37 68 U
33 36 37 17 L
33 37 33 52 D
33 38 29 38 R
33 39 46 39 R
33 40 23 20 R
33 41 34 5 L
33 42 34 21 R
33 43 23 8 L
33 44 34 24 R
33 45 31 7 L
33 46 33 57 U
33 47 34 16 L
33 48 15 71 U
33 49 30 33 R
33 50 34 28 R
33 51 30 18 L
33 52 33 15 L
33 53 33 26 R
33 54 34 11 L
33 55 17 1 L
33 56 33 32 R
33 57 9 21 R
33 58 33 25 R
33 59 33 10 L
33 60 26 31 R
33 61 32 3 L
33 62 34 26 R
33 63 25 17 L
33 64 26 55 D
33 65 33 28 R
33 66 26 24 R
33 67 6 4 L
33 68 34 23 R
33 69 34 17 L
33 70 0 52 D
33 71 21 71 U
33 72 46 72 U
34 0 1 60 U
34 1 0 66 U
34 2 34 41 D
34 3 32 60 U
34 4 32 23 R
34 5 31 44 D
34 6 34 63 U
34 7 31 65 U
34 8 33 50 D
34 9 34 9 L
34 10 34 10 L
34 11 33 65 U
34 12 33 12 L
34 13 0 51 D
34 14 34 14 L
34 15 35 15 L
34 16 34 16 L
34 17 29 17 L
34 18 34 18 L
34 19 42 43 D
34 20 34 55 D
34 21 31 58 U
34 22 34 48 D
34 23 32 61 U
34 24 33 43 D
34 25 34 25 R
34 26 34 71 U
34 27 33 65 U
34 28 28 49 D
34 29 34 29 R
34 30 29 11 L
34 31 32 31 R
34 32 34 54 D
34 33 35 33 R
34 34 0 57 U
34 35 35 35 R
34 36 39 36 R
34 37 33 37 R
34 38 30 43 D
34 39 44 61 U
34 40 31 21 R
34 41 33 16 L
34 42 33 22 R
34 43 34 4 L
34 44 24 15 L
34 45 33 27 R
34 46 33 46 D
34 47 30 47 D
34 48 33 2 L
34 49 31 63 U
34 50 33 8 L
34 51 34 38 R
34 52 32 52 D
34 53 33 53 D
34 54 34 30 R
34 55 33 55 D
34 56 18 56 D
34 57 28 12 L
34 58 33 58 U
34 59 29 22 R
34 60 18 26 R
34 61 33 9 L
34 62 31 38 R
34 63 33 27 R
34 64 33 38 R
34 65 33 11 L
34 66 34 0 L
34 67 21 0 L
34 68 28 2 L
34 69 36 69 U
34 70 41 26 R
34 71 37 33 R
34 72 45 72 U
35 0 34 57 U
35 1 36 53 D
35 2 7 44 D
35 3 36 62 U
35 4 35 67 U
35 5 37 45 D
35 6 35 68 U
35 7 31 7 L
35 8 28 8 L
35 9 36 60 U
35 10 35 47 D
35 11 29 41 D
35 12 18 40 D
35 13 25 13 L
35 14 2 14 L
35 15 19 15 L
35 16 35 41 D
35 17 34 40 D
35 18 0 44 D
35 19 0 25 R
35 20 34 11 L
35 21 34 46 D
35 22 36 55 D
35 23 33 71 U
35 24 37 48 D
35 25 13 9 L
35 26 35 56 D
35 27 41 41 D
35 28 44 60 U
35 29 0 64 U
35 30 29 9 L
35 31 35 63 U
35 32 32 57 U
35 33 36 59 U
35 34 8 34 R
35 35 8 35 R
35 36 38 36 R
35 37 27 68 U
35 38 0 15 L
35 39 35 19 L
35 40 35 22 R
35 41 33 61 U
35 42 36 22 R
35 43 28 13 L
35 44 35 16 L
35 45 36 38 R
35 46 34 1 L
35 47 35 5 L
35 48 33 18 L
35 49 35 24 R
35 50 36 5 L
35 51 22 10 L
35 52 34 20 R
35 53 31 34 R
35 54 35 22 R
35 55 35 14 L
35 56 36 5 L
35 57 33 7 L
35 58 33 8 L
35 59 30 38 R
35 60 30 31 R
35 61 37 8 L
35 62 36 23 R
35 63 37 3 L
35 64 35 39 R
35 65 28 30 R
35 66 30 17 L
35 67 36 30 R
35 68 36 68 U
35 69 33 39 R
35 70 39 70 U
35 71 36 71 U
35 72 45 6 L
36 0 35 58 U
36 1 30 41 D
36 2 24 71 U
36 3 33 47 D
36 4 35 43 D
36 5 35 49 D
36 6 42 66 U
36 7 33 52 D
36 8 34 8 L
36 9 35 9 L
36 10 9 10 L
36 11 37 11 L
36 12 0 45 D
36 13 24 13 L
36 14 18 55 D
36 15 35 60 U
36 16 36 16 L
36 17 34 41 D
36 18 35 18 L
36 19 15 19 L
36 20 14 58 U
36 21 36 21 R
36 22 0 4 L
36 23 34 61 U
36 24 17 63 U
36 25 36 25 R
36 26 35 70 U
36 27 40 27 R
36 28 43 28 R
36 29 7 29 R
36 30 37 30 R
36 31 2 31 R
36 32 8 32 R
36 33 35 46 D
36 34 12 12 L
36 35 9 35 R
36 36 13 36 R
36 37 38 69 U
36 38 37 38 R
36 39 30 39 R
36 40 31 62 U
36 41 33 21 R
36 42 31 32 R
36 43 31 7 L
36 44 37 21 R
36 45 37 45 D
36 46 31 1 L
36 47 37 47 D
36 48 36 3 L
36 49 36 49 D
36 50 35 50 D
36 51 37 26 R
36 52 35 52 D
36 53 36 53 D
36 54 36 54 D
36 55 27 12 L
36 56 37 56 D
36 57 19 15 L
36 58 0 39 R
36 59 36 32 R
36 60 30 37 R
36 61 28 13 L
36 62 37 62 U
36 63 36 63 U
36 64 34 24 R
36 65 36 30 R
36 66 35 66 U
36 67 34 67 U
36 68 37 2 L
36 69 15 69 U
36 70 40 70 U
36 71 35 71 U
36 72 45 27 R
37 0 35 62 U
37 1 37 58 U
37 2 36 61 U
37 3 37 62 U
37 4 36 50 D
37 5 16 51 D
37 6 43 68 U
37 7 35 54 D
37 8 34 47 D
37 9 37 51 D
37 10 26 66 U
37 11 37 54 D
37 12 36 12 L
37 13 41 42 D
37 14 38 49 D
37 15 36 15 L
37 16 28 62 U
37 17 38 70 U
37 18 36 18 L
37 19 47 19 L
37 20 6 66 U
37 21 37 53 D
37 22 36 52 D
37 23 33 68 U
37 24 37 64 U
37 25 12 48 D
37 26 35 6 L
37 27 39 27 R
37 28 44 42 D
37 29 24 29 R
37 30 10 30 R
37 31 37 44 D
37 32 38 45 D
37 33 36 33 R
37 34 42 34 R
37 35 11 35 R
37 36 40 70 U
37 37 41 37 R
37 38 49 49 D
37 39 47 39 R
37 40 37 33 R
37 41 34 60 U
37 42 37 42 D
37 43 36 43 D
37 44 13 39 R
37 45 36 45 D
37 46 37 22 R
37 47 37 4 L
37 48 34 29 R
37 49 35 49 D
37 50 11 25 R
37 51 38 26 R
37 52 36 18 L
37 53 37 2 L
37 54 35 54 D
37 55 16 60 U
37 56 36 56 D
37 57 35 0 L
37 58 10 14 L
37 59 37 59 U
37 60 35 25 R
37 61 34 3 L
37 62 36 19 L
37 63 37 63 U
37 64 0 19 L
37 65 35 46 D
37 66 37 1 L
37 67 39 27 R
37 68 37 26 R
37 69 36 31 R
37 70 38 35 R
37 71 34 18 L
37 72 47 21 R
38 0 36 57 U
38 1 38 43 D
38 2 38 42 D
38 3 40 46 D
38 4 27 52 D
38 5 41 68 U
38 6 34 28 R
38 7 36 42 D
38 8 39 47 D
38 9 38 44 D
38 10 41 70 U
38 11 39 11 L
38 12 37 57 U
38 13 39 13 L
38 14 40 14 L
38 15 37 56 D
38 16 40 68 U
38 17 15 17 L
38 18 39 41 D
38 19 48 19 L
38 20 38 45 D
38 21 29 53 D
38 22 39 41 D
38 23 38 55 D
38 24 39 63 U
38 25 40 40 D
38 26 37 67 U
38 27 38 27 R
38 28 41 62 U
38 29 38 62 U
38 30 28 45 D
38 31 0 13 L
38 32 41 32 R
38 33 38 40 D
38 34 39 34 R
38 35 39 70 U
38 36 44 36 R
38 37 40 37 R
38 38 46 38 R
38 39 45 39 R
38 40 38 20 R
38 41 31 7 L
38 42 35 26 R
38 43 6 2 L
38 44 39 22 R
38 45 36 4 L
38 46 38 2 L
38 47 38 47 D
38 48 41 39 R
38 49 40 1 L
38 50 38 4 L
38 51 10 14 L
38 52 6 0 L
38 53 17 20 R
38 54 30 71 U
38 55 41 55 D
38 56 38 5 L
38 57 36 11 L
38 58 38 20 R
38 59 36 39 R
38 60 35 13 L
38 61 32 61 U
38 62 40 2 L
38 63 35 0 L
38 64 37 25 R
38 65 38 65 U
38 66 38 24 R
38 67 39 67 U
38 68 38 26 R
38 69 37 31 R
38 70 39 35 R
38 71 31 71 U
38 72 34 72 U
39 0 25 69 U
39 1 38 58 U
39 2 40 59 U
39 3 39 48 D
39 4 39 4 L
39 5 38 53 D
39 6 42 52 D
39 7 43 43 D
39 8 37 8 L
39 9 40 9 L
39 10 33 10 L
39 11 39 55 D
39 12 40 12 L
39 13 38 13 L
39 14 39 14 L
39 15 39 15 L
39 16 38 16 L
39 17 16 17 L
39 18 38 49 D
39 19 27 19 L
39 20 31 71 U
39 21 27 21 R
39 22 37 43 D
39 23 38 65 U
39 24 37 66 U
39 25 8 25 R
39 26 38 67 U
39 27 34 27 R
39 28 42 54 D
39 29 38 29 R
39 30 15 30 R
39 31 22 31 R
39 32 40 32 R
39 33 12 33 R
39 34 41 34 R
39 35 39 35 R
39 36 40 36 R
39 37 36 37 R
39 39 47 47 D
39 40 6 21 R
39 41 36 57 U
39 42 35 42 D
39 43 39 21 R
39 44 40 44 D
39 45 37 0 L
39 46 39 65 U
39 47 39 3 L
39 48 41 8 L
39 49 39 49 D
39 50 41 50 D
39 51 41 32 R
39 52 39 9 L
39 53 18 53 D
39 54 39 54 D
39 55 40 55 D
39 56 40 15 L
39 57 35 31 R
39 58 37 24 R
39 59 34 1 L
39 60 39 22 R
39 61 39 32 R
39 62 39 62 U
39 63 37 11 L
39 64 40 64 U
39 65 40 65 U
39 66 35 33 R
39 67 38 67 U
39 68 15 16 L
39 69 41 5 L
39 70 44 5 L
39 71 38 71 U
39 72 36 21 R
40 0 38 57 U
40 1 37 59 U
40 2 41 60 U
40 3 28 3 L
40 4 16 48 D
40 5 42 59 U
40 6 37 53 D
40 7 44 7 L
40 8 43 43 D
40 9 41 9 L
40 10 36 10 L
40 11 38 11 L
40 12 28 12 L
40 13 37 13 L
40 14 38 51 D
40 15 38 15 L
40 16 29 16 L
40 17 46 59 U
40 18 42 18 L
40 19 24 19 L
40 20 35 71 U
40 21 40 49 D
40 22 41 0 L
40 23 38 47 D
40 24 38 48 D
40 25 38 25 R
40 26 39 50 D
40 27 34 60 U
40 28 44 70 U
40 29 19 29 R
40 30 0 58 U
40 31 48 31 R
40 32 35 51 D
40 33 41 66 U
40 34 40 34 R
40 35 43 62 U
40 36 41 36 R
40 37 21 37 R
40 39 49 39 R
40 40 40 21 R
40 41 34 59 U
40 42 40 22 R
40 43 40 43 D
40 44 39 44 D
40 45 30 30 R
40 46 41 46 D
40 47 39 47 D
40 48 30 24 R
40 49 40 9 L
40 50 40 50 D
40 51 41 51 D
40 52 38 52 D
40 53 37 10 L
40 54 38 54 D
40 55 39 55 D
40 56 42 22 R
40 57 38 11 L
40 58 39 58 U
40 59 38 14 L
40 60 37 12 L
40 61 39 61 U
40 62 20 29 R
40 63 38 10 L
40 64 39 64 U
40 65 39 23 R
40 66 41 26 R
40 67 41 67 U
40 68 41 16 L
40 69 40 69 U
40 70 44 70 U
40 71 38 0 L
40 72 48 72 U
41 0 41 57 U
41 1 36 1 L
41 2 41 63 U
41 3 39 66 U
41 4 38 4 L
41 5 43 59 U
41 6 46 60 U
41 7 39 7 L
41 8 43 8 L
41 9 38 51 D
41 10 42 28 R
41 11 37 58 U
41 12 16 12 L
41 13 36 13 L
41 14 0 66 U
41 15 38 66 U
41 16 37 52 D
41 18 41 18 L
41 19 0 33 R
41 20 38 54 D
41 21 39 1 L
41 22 40 62 U
41 23 18 47 D
41 24 41 50 D
41 25 39 25 R
41 26 28 53 D
41 27 39 49 D
41 28 41 68 U
41 30 42 30 R
41 31 45 62 U
41 32 36 32 R
41 33 39 33 R
41 34 15 19 L
41 35 40 35 R
41 36 44 48 D
41 37 37 37 R
41 40 39 20 R
41 41 41 22 R
41 42 39 59 U
41 43 41 43 D
41 44 39 1 L
41 45 40 23 R
41 46 39 46 D
41 47 40 4 L
41 48 30 3 L
41 49 41 24 R
41 50 40 36 R
41 51 40 51 D
41 52 31 25 R
41 53 37 36 R
41 54 14 16 L
41 55 41 61 U
41 56 41 56 D
41 57 38 9 L
41 58 40 24 R
41 59 38 27 R
41 60 41 60 U
41 61 41 61 U
41 62 36 62 U
41 63 40 63 U
41 64 23 64 U
41 65 29 65 U
41 66 40 66 U
41 67 41 3 L
41 68 36 37 R
41 69 39 69 U
41 70 43 70 U
41 71 43 27 R
41 72 47 72 U
42 0 39 63 U
42 1 41 56 D
42 2 42 23 R
42 3 30 34 R
42 4 42 56 D
42 5 40 62 U
42 7 42 7 L
42 8 42 50 D
42 9 42 46 D
42 10 41 39 R
42 11 43 42 D
42 12 39 12 L
42 13 42 50 D
42 14 18 14 L
42 15 31 15 L
42 16 35 72 U
42 18 38 18 L
42 19 29 31 R
42 20 38 64 U
42 21 39 71 U
42 22 40 42 D
42 23 39 43 D
42 24 23 57 U
42 25 30 25 R
42 26 44 1 L
42 27 38 70 U
42 28 43 50 D
42 30 43 30 R
42 31 47 31 R
42 32 30 57 U
42 33 44 41 D
42 34 12 34 R
42 35 25 19 L
42 36 43 36 R
42 37 42 41 D
42 40 38 23 R
42 41 38 34 R
42 42 14 3 L
42 43 36 15 L
42 44 44 26 R
42 45 0 63 U
42 46 44 24 R
42 47 44 28 R
42 48 27 28 R
42 49 34 49 D
42 50 43 9 L
42 51 42 14 L
42 52 19 32 R
42 53 41 12 L
42 54 35 15 L
42 55 36 28 R
42 56 42 56 D
42 57 40 21 R
42 58 43 0 L
42 59 42 8 L
42 60 42 20 R
42 61 39 25 R
42 62 43 9 L
42 63 41 20 R
42 64 41 25 R
42 65 42 5 L
42 66 33 47 D
42 67 42 33 R
42 68 40 27 R
42 69 44 19 L
42 70 30 70 U
42 72 44 32 R
43 0 40 60 U
43 1 42 58 U
43 2 44 2 L
43 3 36 34 R
43 4 39 68 U
43 5 42 48 D
43 7 36 7 L
43 8 41 8 L
43 9 42 44 D
43 10 29 39 R
43 11 44 11 L
43 12 44 55 D
43 13 44 13 L
43 14 43 14 L
43 15 40 15 L
43 16 35 16 L
43 18 44 53 D
43 19 21 19 L
43 20 41 52 D
43 21 42 0 L
43 22 44 63 U
43 23 38 1 L
43 24 23 24 R
43 25 40 46 D
43 26 42 65 U
43 27 39 45 D
43 28 44 52 D
43 30 31 30 R
43 31 44 31 R
43 32 34 32 R
43 33 44 33 R
43 34 42 45 D
43 35 28 35 R
43 36 44 49 D
43 37 44 37 R
43 40 43 23 R
43 41 40 26 R
43 42 32 42 D
43 43 39 4 L
43 44 44 44 D
43 45 40 16 L
43 46 43 46 D
43 47 44 47 D
43 48 41 5 L
43 49 30 49 D
43 50 43 4 L
43 51 43 51 D
43 52 37 28 R
43 53 22 35 R
43 54 42 54 D
43 55 44 55 D
43 56 43 21 R
43 57 18 18 L
43 58 28 22 R
43 59 42 37 R
43 60 42 22 R
43 61 44 61 U
43 62 43 62 U
43 63 40 21 R
43 64 40 20 R
43 65 41 65 U
43 66 31 36 R
43 67 42 67 U
43 68 43 6 L
43 69 43 69 U
43 70 36 7 L
43 72 48 32 R
44 0 43 60 U
44 1 42 64 U
44 2 15 71 U
44 3 42 65 U
44 4 43 47 D
44 5 44 48 D
44 7 43 7 L
44 8 40 8 L
44 9 44 61 U
44 11 43 11 L
44 12 47 44 D
44 13 43 13 L
44 14 22 14 L
44 15 37 53 D
44 16 27 16 L
44 18 39 18 L
44 19 46 65 U
44 20 42 64 U
44 21 41 44 D
44 22 42 58 U
44 23 43 40 D
44 24 42 40 D
44 25 43 61 U
44 26 42 44 D
44 27 44 67 U
44 28 44 69 U
44 30 41 30 R
44 31 8 19 L
44 32 0 59 U
44 33 43 33 R
44 34 39 51 D
44 35 26 55 D
44 37 43 37 R
44 40 44 2 L
44 41 41 27 R
44 42 35 10 L
44 43 44 9 L
44 44 43 2 L
44 45 34 5 L
44 46 42 30 R
44 47 1 39 R
44 48 44 34 R
44 49 12 49 D
44 50 41 6 L
44 51 37 51 D
44 52 44 6 L
44 53 42 6 L
44 54 43 54 D
44 55 41 15 L
44 56 8 35 R
44 57 40 8 L
44 58 0 7 L
44 59 42 11 L
44 60 42 3 L
44 61 42 13 L
44 62 38 28 R
44 63 43 63 U
44 64 43 25 R
44 65 43 27 R
44 66 43 28 R
44 67 37 6 L
44 68 41 18 L
44 69 41 69 U
44 70 42 36 R
44 72 48 9 L
45 0 27 42 D
45 1 36 69 U
45 2 38 20 R
45 3 43 46 D
45 4 45 23 R
45 7 45 40 D
45 8 45 53 D
45 9 46 9 L
45 11 48 51 D
45 12 48 12 L
45 13 45 45 D
45 14 48 49 D
45 15 43 60 U
45 16 45 72 U
45 18 46 43 D
45 19 46 19 L
45 20 44 58 U
45 21 45 40 D
45 22 44 59 U
45 23 46 72 U
45 24 42 44 D
45 25 35 67 U
45 26 45 51 D
45 27 46 45 D
45 28 36 62 U
45 30 14 45 D
45 31 20 31 R
45 32 48 44 D
45 33 40 59 U
45 34 45 58 U
45 35 35 15 L
45 37 36 54 D
45 40 41 57 U
45 41 45 2 L
45 42 0 37 R
45 43 42 3 L
45 44 43 18 L
45 45 46 8 L
45 46 43 21 R
45 47 0 63 U
45 48 48 22 R
45 49 44 37 R
45 50 47 3 L
45 51 25 9 L
45 52 46 23 R
45 53 42 39 R
45 54 44 19 L
45 55 45 4 L
45 56 45 39 R
45 57 37 36 R
45 58 38 25 R
45 59 33 21 R
45 60 40 22 R
45 61 43 13 L
45 62 34 24 R
45 63 46 7 L
45 64 46 33 R
45 65 28 25 R
45 66 46 39 R
45 67 43 1 L
45 68 0 40 D
45 69 33 0 L
45 70 47 9 L
45 72 49 33 R
46 0 46 46 D
46 1 43 67 U
46 2 37 41 D
46 3 45 42 D
46 4 46 65 U
46 7 36 46 D
46 9 45 42 D
46 11 49 58 U
46 12 36 48 D
46 13 46 13 L
46 14 49 14 L
46 16 23 16 L
46 18 48 40 D
46 19 42 47 D
46 20 46 41 D
46 21 45 61 U
46 22 44 44 D
46 23 45 4 L
46 24 19 24 R
46 25 45 72 U
46 26 35 55 D
46 27 46 27 R
46 28 48 72 U
46 30 47 30 R
46 31 23 31 R
46 32 45 32 R
46 33 45 47 D
46 34 45 34 R
46 35 42 35 R
46 37 48 63 U
46 40 38 28 R
46 41 46 20 R
46 42 45 35 R
46 43 45 3 L
46 44 19 26 R
46 45 41 26 R
46 46 45 46 D
46 47 36 47 D
46 48 39 48 D
46 49 31 0 L
46 50 42 50 D
46 51 46 9 L
46 52 46 52 D
46 53 34 53 D
46 54 44 54 D
46 55 47 31 R
46 56 34 56 D
46 57 13 25 R
46 58 42 1 L
46 59 44 33 R
46 60 45 13 L
46 61 46 61 U
46 62 45 62 U
46 63 42 63 U
46 64 47 64 U
46 65 30 65 U
46 66 48 66 U
46 67 46 67 U
46 68 49 68 U
46 69 46 69 U
46 70 48 70 U
46 72 45 38 R
47 0 46 57 U
47 1 47 42 D
47 2 45 52 D
47 3 47 43 D
47 4 47 66 U
47 7 47 56 D
47 9 48 61 U
47 11 41 11 L
47 12 32 12 L
47 13 45 72 U
47 18 47 18 L
47 19 45 19 L
47 20 45 65 U
47 21 46 64 U
47 22 24 40 D
47 23 48 70 U
47 24 46 54 D
47 25 45 69 U
47 26 48 4 L
47 27 47 41 D
47 30 18 30 R
47 31 45 31 R
47 32 42 32 R
47 33 34 46 D
47 34 44 34 R
47 35 47 42 D
47 37 31 37 R
47 40 45 57 U
47 41 48 1 L
47 42 46 7 L
47 43 34 10 L
47 44 48 7 L
47 45 44 31 R
47 46 34 2 L
47 47 46 47 D
47 48 38 48 D
47 49 46 13 L
47 50 46 50 D
47 51 47 24 R
47 52 45 52 D
47 54 42 19 L
47 55 47 11 L
47 56 38 56 D
47 57 45 9 L
47 58 45 20 R
47 59 46 20 R
47 60 47 27 R
47 61 46 1 L
47 62 47 23 R
47 63 42 23 R
47 64 46 21 R
47 65 30 19 L
47 66 43 30 R
47 67 40 25 R
47 69 45 18 L
48 0 30 59 U
48 1 34 67 U
48 2 47 55 D
48 3 40 45 D
48 4 49 65 U
48 7 48 48 D
48 9 38 9 L
48 11 49 11 L
48 12 37 12 L
48 13 33 13 L
48 18 48 41 D
48 19 49 62 U
48 20 46 58 U
48 21 47 64 U
48 22 47 43 D
48 23 47 62 U
48 24 48 45 D
48 25 48 60 U
48 27 47 27 R
48 30 48 66 U
48 31 45 72 U
48 32 48 72 U
48 33 48 64 U
48 34 45 50 D
48 35 49 43 D
48 40 37 32 R
48 41 47 24 R
48 42 46 2 L
48 43 41 19 L
48 44 47 34 R
48 45 48 3 L
48 46 46 18 L
48 47 41 11 L
48 48 47 48 D
48 49 49 49 D
48 50 47 26 R
48 51 33 51 D
48 52 32 12 L
48 54 47 54 D
48 55 48 55 D
48 56 33 56 D
48 57 45 35 R
48 58 45 34 R
48 59 15 17 L
48 60 48 60 U
48 61 47 12 L
48 62 48 13 L
48 63 49 4 L
48 64 46 35 R
48 65 49 19 L
49 0 48 72 U
49 1 47 60 U
49 2 45 21 R
49 3 49 44 D
49 7 45 50 D
49 9 48 57 U
49 11 35 11 L
49 12 41 12 L
49 13 49 46 D
49 19 0 37 R
49 20 48 59 U
49 21 49 42 D
49 22 49 45 D
49 23 48 65 U
49 24 49 63 U
49 30 42 68 U
49 31 25 31 R
49 32 44 55 D
49 34 48 52 D
49 35 48 35 R
49 40 24 31 R
49 41 41 30 R
49 42 31 42 D
49 43 49 32 R
49 44 49 21 R
49 45 49 3 L
49 46 49 22 R
49 47 46 19 L
49 48 18 10 L
49 49 48 34 R
49 50 47 50 D
49 57 37 9 L
49 58 42 41 D
49 59 47 0 L
49 60 48 20 R
49 61 47 1 L
49 62 48 14 L
49 63 49 24 R
49 64 49 64 U
49 65 46 28 R
50 0 49 63 U
51 0 49 0 L
52 0 32 0 L
53 0 26 0 L

