19 25 450
9 2 10 0 14 0 0 5 14 10 1 4 0 14 2
0 0 15 0 14 16 0 0 17 0 12 0 16 15 0
3 0 10 9 3 16 15 0 12 0 0 12 6 14 8
0 16 13 13 8 10 0 0 18 10 0 0 0 0 12
13 0 5 18 16 13 0 17 0 0 12 7 0 16 0
8 17 0 12 16 9 0 14 0 0 0 1 12 3 10
16 3 0 18 0 0 0 0 0 0 17 0 9 10 0
15 17 17 15 17 0 0 5 17 14 17 11 0 0 6
10 0 18 16 0 0 0 0 0 0 7 0 16 15 11
0 17 18 13 0 14 13 4 16 18 0 17 13 4 18
12 18 17 0 14 0 0 18 7 3 0 15 6 6 0
17 17 16 11 9 1 7 0 0 6 5 0 16 0 0
11 17 0 16 7 8 0 17 18 8 13 2 14 9 10
15 16 15 18 0 13 7 0 17 16 15 14 13 10 12
11 0 14 15 11 0 0 15 0 0 16 8 15 0 4
0 0 0 0 L
0 1 0 1 L
0 2 0 2 L
0 3 0 3 L
0 4 0 4 L
0 5 0 5 L
0 6 0 6 L
0 7 0 7 R
0 8 0 8 R
0 9 0 9 R
0 10 0 10 R
0 11 0 11 R
0 12 0 12 R
0 13 0 13 D
0 14 0 14 D
0 15 0 15 D
0 16 0 16 D
0 17 0 17 D
0 18 0 18 D
0 19 0 19 U
0 20 0 20 U
0 21 0 21 U
0 22 0 22 U
0 23 0 23 U
0 24 0 24 U
1 0 0 13 D
1 1 0 20 U
1 2 1 15 D
1 3 0 16 D
1 4 0 12 R
1 5 0 15 D
1 6 2 16 D
1 7 1 19 U
1 8 0 1 L
1 9 0 3 L
1 10 0 21 U
1 11 0 14 D
1 12 2 14 D
1 13 0 7 R
1 14 0 0 L
1 15 1 8 R
1 16 1 2 L
1 17 2 1 L
1 18 2 7 R
1 19 0 14 D
1 20 1 7 R
1 21 0 9 R
1 22 1 10 R
1 23 2 7 R
1 24 2 8 R
2 0 0 22 U
2 1 1 13 D
2 2 0 17 D
2 3 0 24 U
2 4 5 21 U
2 5 2 5 L
2 6 3 6 L
2 7 0 2 L
2 8 1 23 U
2 9 3 19 U
2 10 1 10 R
2 11 1 11 R
2 12 2 12 R
2 13 2 11 R
2 14 0 19 U
2 15 0 4 L
2 16 0 20 U
2 17 1 17 D
2 18 2 18 D
2 19 0 3 L
2 20 3 9 R
2 21 0 1 L
2 22 1 22 U
2 23 2 23 U
2 24 2 24 U
3 0 2 18 D
3 1 3 20 U
3 2 0 10 R
3 3 5 17 D
3 4 5 4 L
3 5 1 17 D
3 6 2 6 L
3 7 0 15 D
3 8 4 19 U
3 9 2 9 R
3 10 4 10 R
3 11 8 16 D
3 12 1 5 L
3 13 2 12 R
3 14 0 5 L
3 15 0 6 L
3 16 3 16 D
3 17 2 17 D
3 18 4 18 D
3 19 0 6 L
3 20 3 20 U
3 21 3 7 R
3 22 0 11 R
3 23 0 7 R
3 24 4 9 R
4 0 0 14 D
4 1 3 1 L
4 2 1 2 L
4 3 3 18 D
4 4 2 4 L
4 5 1 18 D
4 6 3 23 U
4 7 0 13 D
4 8 5 8 R
4 9 0 19 U
4 10 5 10 R
4 11 7 11 R
4 12 0 15 D
4 13 0 9 R
4 14 1 0 L
4 15 0 2 L
4 16 4 10 R
4 17 1 12 R
4 18 5 3 L
4 19 4 7 R
4 20 3 8 R
4 21 0 4 L
4 22 5 22 U
4 23 5 15 D
4 24 3 24 U
5 0 4 13 D
5 1 4 14 D
5 2 0 23 U
5 3 3 16 D
5 4 4 4 L
5 5 3 5 L
5 6 5 16 D
5 7 4 24 U
5 8 4 8 R
5 9 2 13 D
5 10 0 23 U
5 11 5 18 D
5 12 4 12 R
5 13 3 12 R
5 14 3 0 L
5 15 1 19 U
5 16 2 16 D
5 17 5 17 D
5 18 3 18 D
5 19 0 8 R
5 20 0 2 L
5 21 3 10 R
5 22 0 10 R
5 23 5 23 U
5 24 6 10 R
6 0 7 20 U
6 1 5 22 U
6 2 0 18 D
6 3 6 24 U
6 4 3 14 D
6 5 8 19 U
6 6 8 19 U
6 7 3 7 R
6 8 0 19 U
6 9 8 9 R
6 10 0 14 D
6 11 9 11 R
6 12 11 13 D
6 13 0 21 U
6 14 0 10 R
6 15 6 9 R
6 16 6 10 R
6 17 0 8 R
6 18 4 7 R
6 19 0 15 D
6 20 6 8 R
6 21 10 21 U
6 22 4 22 U
6 23 0 17 D
6 24 6 24 U
7 0 6 23 U
7 1 4 1 L
7 2 6 2 L
7 3 7 3 L
7 4 1 4 L
7 5 7 5 L
7 6 11 6 L
7 7 4 7 R
7 8 0 13 D
7 9 7 9 R
7 10 3 10 R
7 11 10 11 R
7 12 10 12 R
7 13 0 1 L
7 14 5 1 L
7 15 7 15 D
7 16 7 16 D
7 17 6 17 D
7 18 6 18 D
7 19 4 0 L
7 20 5 0 L
7 21 8 21 U
7 22 0 0 L
7 23 3 23 U
7 24 4 24 U
8 0 0 8 R
8 1 4 15 D
8 2 8 16 D
8 3 6 3 L
8 4 6 4 L
8 5 1 19 U
8 6 10 6 L
8 7 4 3 L
8 8 0 22 U
8 9 0 21 U
8 10 0 17 D
8 11 6 11 R
8 12 9 12 R
8 13 3 13 D
8 14 7 2 L
8 15 6 15 D
8 16 8 16 D
8 17 1 1 L
8 18 8 18 D
8 19 8 9 R
8 20 2 5 L
8 21 10 7 R
8 22 2 22 U
8 23 12 7 R
8 24 4 3 L
9 0 6 22 U
9 1 3 16 D
9 2 2 24 U
9 3 7 15 D
9 4 0 18 D
9 5 1 5 L
9 6 7 6 L
9 7 10 7 R
9 8 7 8 R
9 9 3 9 R
9 10 4 14 D
9 11 9 19 U
9 12 8 12 R
9 13 6 3 L
9 14 2 14 D
9 15 6 11 R
9 16 6 11 R
9 17 8 9 R
9 18 0 11 R
9 19 0 13 D
9 20 8 17 D
9 21 5 21 U
9 22 0 9 R
9 23 10 23 U
9 24 6 0 L
10 0 6 21 U
10 1 9 21 U
10 2 8 2 L
10 3 12 15 D
10 4 9 4 L
10 5 11 20 U
10 6 4 6 L
10 7 0 4 L
10 8 11 8 R
10 9 0 5 L
10 10 2 10 R
10 11 8 11 R
10 12 7 12 R
10 13 12 10 R
10 14 1 14 D
10 15 10 15 D
10 16 5 16 D
10 17 10 17 D
10 18 7 18 D
10 19 10 8 R
10 20 12 20 U
10 21 6 21 U
10 22 0 2 L
10 23 11 23 U
10 24 9 0 L
11 0 11 13 D
11 1 8 1 L
11 2 6 16 D
11 3 10 3 L
11 4 0 13 D
11 5 8 5 L
11 6 13 23 U
11 7 11 1 L
11 8 8 22 U
11 9 9 9 R
11 10 7 10 R
11 11 12 3 L
11 12 13 12 R
11 13 6 22 U
11 14 3 4 L
11 15 10 7 R
11 16 10 0 L
11 17 11 17 D
11 18 0 8 R
11 19 1 5 L
11 20 10 20 U
11 21 7 21 U
11 22 9 6 L
11 23 14 23 U
11 24 0 7 R
12 0 9 17 D
12 1 18 19 U
12 2 2 2 L
12 3 0 20 U
12 4 12 4 L
12 5 10 14 D
12 6 9 6 L
12 7 0 0 L
12 8 9 8 R
12 9 3 15 D
12 10 0 20 U
12 11 11 11 R
12 12 0 2 L
12 13 12 13 D
12 14 3 6 L
12 15 4 15 D
12 16 9 16 D
12 17 9 17 D
12 18 9 18 D
12 19 10 11 R
12 20 7 20 U
12 21 11 8 R
12 22 10 22 U
12 23 6 6 L
12 24 8 24 U
13 0 2 13 D
13 1 13 1 L
13 2 7 2 L
13 3 8 3 L
13 4 7 4 L
13 5 12 5 L
13 6 8 6 L
13 7 0 18 D
13 8 10 8 R
13 9 12 9 R
13 10 9 10 R
13 11 4 11 R
13 12 6 12 R
13 13 11 9 R
13 14 11 12 R
13 15 6 21 U
13 16 14 9 R
13 17 6 12 R
13 18 10 18 D
13 19 0 5 L
13 20 0 6 L
13 21 7 11 R
13 22 0 12 R
13 23 12 23 U
13 24 12 24 U
14 0 13 0 L
14 1 6 1 L
14 2 12 2 L
14 3 10 24 U
14 4 8 4 L
14 5 14 15 D
14 6 6 24 U
14 7 8 7 R
14 8 13 14 D
14 9 13 9 R
14 10 14 10 R
14 11 5 11 R
14 12 7 22 U
14 13 11 13 D
14 14 11 14 D
14 15 14 7 R
14 16 15 16 D
14 17 12 17 D
14 18 0 5 L
14 19 9 19 U
14 20 0 16 D
14 21 4 21 U
14 22 13 22 U
14 23 9 11 R
14 24 14 24 U
15 0 14 16 D
15 1 9 1 L
15 3 9 3 L
15 4 0 15 D
15 5 11 5 L
15 6 0 20 U
15 7 7 7 R
15 8 15 13 D
15 9 16 14 D
15 10 6 10 R
15 11 12 11 R
15 12 12 12 R
15 13 7 22 U
15 14 5 3 L
15 15 14 15 D
15 16 14 0 L
15 17 0 9 R
15 18 15 10 R
15 19 8 7 R
15 20 16 20 U
15 22 14 22 U
15 23 14 7 R
15 24 15 24 U
16 0 15 0 L
16 1 14 1 L
16 3 13 3 L
16 5 11 17 D
16 6 13 6 L
16 7 14 7 R
16 8 15 8 R
16 9 10 9 R
16 10 17 10 R
16 11 14 11 R
16 13 0 20 U
16 14 13 14 D
16 15 0 12 R
16 16 13 16 D
16 17 13 17 D
16 18 14 18 D
16 19 11 10 R
16 20 15 7 R
16 22 6 22 U
16 23 16 23 U
17 0 16 23 U
17 1 11 1 L
17 3 15 22 U
17 5 14 5 L
17 7 10 20 U
17 8 0 20 U
17 9 9 6 L
17 10 16 10 R
17 11 15 13 D
17 13 5 13 D
17 14 0 3 L
17 16 13 5 L
17 17 14 17 D
17 18 17 18 D
17 19 16 19 U
17 20 2 20 U
17 22 18 22 U
17 23 18 23 U
18 0 16 0 L
18 1 18 18 D
18 8 14 8 R
18 9 0 22 U
18 10 11 10 R
18 11 16 11 R
18 14 18 14 D
18 16 11 16 D
18 17 15 17 D
18 18 12 18 D
18 19 17 19 U
18 20 12 1 L
18 22 16 22 U
18 23 17 23 U

