32 28 716
11 19 1 0 0 10 12 12 0 0 12 10 3 10 5 21
1 0 24 11 10 0 10 0 26 0 11 28 11 29 22 0
0 0 23 0 0 0 10 15 0 15 24 0 0 11 0 16
0 0 0 0 13 17 0 25 8 0 14 25 0 25 26 19
0 0 0 0 18 17 0 12 0 18 0 0 0 0 3 20
0 0 0 0 15 2 0 0 0 0 27 11 0 5 24 0
0 0 0 0 6 0 24 12 0 26 26 23 14 0 28 1
0 0 0 0 2 15 19 19 0 14 0 0 5 5 0 26
0 0 12 15 0 20 4 29 9 13 23 16 25 2 0 5
0 0 0 0 19 2 27 0 0 0 28 0 0 0 0 26
0 0 0 7 26 27 0 0 16 0 0 28 0 13 27 1
0 0 0 0 23 0 0 11 0 16 26 0 0 0 16 18
0 29 0 16 8 8 5 0 0 25 1 0 15 19 0 8
0 0 0 15 0 9 0 11 17 0 5 18 0 11 15 15
0 6 5 3 12 7 5 0 22 25 0 0 0 31 20 2
12 0 11 7 11 0 15 22 0 11 0 0 2 5 10 3
0 0 0 0 D
0 1 0 1 D
0 2 0 2 D
0 3 0 3 D
0 4 0 4 D
0 5 0 5 D
0 6 0 6 D
0 7 0 7 R
0 8 0 8 R
0 9 0 9 R
0 10 0 10 R
0 11 0 11 R
0 12 0 12 R
0 13 0 13 R
0 14 0 14 U
0 15 0 15 U
0 16 0 16 U
0 17 0 17 U
0 18 0 18 U
0 19 0 19 U
0 20 0 20 U
0 21 0 21 L
0 22 0 22 L
0 23 0 23 L
0 24 0 24 L
0 25 0 25 L
0 26 0 26 L
0 27 0 27 L
1 0 0 10 R
1 1 0 7 R
1 2 0 8 R
1 3 0 7 R
1 4 13 10 R
1 5 8 5 D
1 6 6 6 D
1 7 0 0 D
1 8 4 8 R
1 9 10 2 D
1 10 3 19 U
1 11 5 11 R
1 12 13 4 D
1 13 5 13 R
1 14 15 8 R
1 15 2 15 U
1 16 18 22 L
1 17 8 17 U
1 18 12 22 L
1 19 7 19 U
1 20 7 20 U
1 21 11 21 L
1 22 4 1 D
1 23 23 4 D
1 24 4 24 L
1 25 14 25 L
1 26 2 26 L
1 27 9 6 D
2 0 10 22 L
2 1 0 9 R
2 2 6 2 D
2 3 18 22 L
2 4 0 23 L
2 5 0 8 R
2 6 1 23 L
2 7 8 4 D
2 8 20 1 D
2 9 11 6 D
2 10 4 0 D
2 11 1 19 U
2 12 21 12 R
2 13 14 13 R
2 14 3 13 R
2 15 4 22 L
2 16 1 16 U
2 17 4 17 U
2 18 3 18 U
2 19 9 19 U
2 20 17 21 L
2 21 0 19 U
2 22 20 16 U
2 23 0 16 U
2 24 4 24 L
2 25 3 8 R
2 26 7 15 U
2 27 8 3 D
3 0 0 15 U
3 1 14 1 D
3 2 19 23 L
3 3 6 21 L
3 4 9 25 L
3 5 8 5 D
3 6 2 10 R
3 7 0 18 U
3 8 8 16 U
3 9 14 5 D
3 10 2 16 U
3 11 0 21 L
3 12 6 4 D
3 13 10 14 U
3 14 12 21 L
3 15 14 21 L
3 16 1 9 R
3 17 24 8 R
3 18 4 21 L
3 19 18 26 L
3 20 4 20 U
3 21 14 17 U
3 22 0 1 D
3 23 0 7 R
3 24 18 24 L
3 25 2 25 L
3 26 1 26 L
3 27 5 1 D
4 0 18 17 U
4 1 21 21 L
4 2 5 25 L
4 3 26 8 R
4 4 0 9 R
4 5 5 5 D
4 6 13 25 L
4 7 5 0 D
4 8 17 8 R
4 9 13 1 D
4 10 24 10 R
4 11 2 11 R
4 12 15 12 R
4 13 8 13 R
4 14 14 13 R
4 15 7 25 L
4 16 19 10 R
4 17 6 17 U
4 18 6 12 R
4 19 10 19 U
4 20 0 8 R
4 21 9 16 U
4 22 7 12 R
4 23 5 23 L
4 24 1 24 L
4 25 0 6 D
4 26 17 17 U
4 27 1 27 L
5 0 14 14 U
5 1 16 16 U
5 2 8 2 D
5 3 12 3 D
5 4 4 23 L
5 5 21 27 L
5 6 17 6 D
5 7 8 5 D
5 8 11 5 D
5 9 6 19 U
5 10 1 10 R
5 11 19 11 R
5 12 3 12 R
5 13 11 6 D
5 14 2 21 L
5 15 9 15 U
5 16 11 13 R
5 17 2 17 U
5 18 7 18 U
5 19 0 7 R
5 20 6 26 L
5 21 2 3 D
5 22 1 22 L
5 23 11 23 L
5 24 4 24 L
5 25 11 25 L
5 26 11 26 L
5 27 24 27 L
6 0 5 21 L
6 1 0 16 U
6 2 1 2 D
6 3 22 10 R
6 4 25 9 R
6 5 5 9 R
6 6 18 23 L
6 7 9 6 D
6 8 15 1 D
6 9 2 19 U
6 10 2 20 U
6 11 13 20 U
6 12 21 15 U
6 13 0 0 D
6 14 1 24 L
6 15 15 22 L
6 16 9 16 U
6 17 11 25 L
6 18 8 24 L
6 19 2 19 U
6 20 2 20 U
6 21 0 3 D
6 22 12 3 D
6 23 5 20 U
6 24 9 24 L
6 25 4 25 L
6 26 24 0 D
6 27 0 11 R
7 0 4 21 L
7 1 5 24 L
7 2 5 21 L
7 3 0 14 U
7 4 19 17 U
7 5 17 9 R
7 6 2 6 D
7 7 11 18 U
7 8 6 17 U
7 9 25 16 U
7 10 13 0 D
7 11 22 17 U
7 12 16 1 D
7 13 0 6 D
7 14 13 14 U
7 15 14 25 L
7 16 21 23 L
7 17 0 13 R
7 18 11 18 U
7 19 1 19 U
7 20 15 20 U
7 21 0 14 U
7 22 0 20 U
7 23 6 16 U
7 24 1 20 U
7 25 3 9 R
7 26 13 3 D
7 27 9 13 R
8 0 17 21 L
8 1 10 24 L
8 2 16 8 R
8 3 7 3 D
8 4 6 4 D
8 5 20 17 U
8 6 2 24 L
8 7 9 14 U
8 8 4 3 D
8 9 11 27 L
8 10 21 14 U
8 11 5 3 D
8 12 19 17 U
8 13 7 5 D
8 14 0 7 R
8 15 2 8 R
8 16 0 0 D
8 17 5 17 U
8 18 12 27 L
8 19 0 5 D
8 20 9 20 U
8 21 0 13 R
8 22 22 2 D
8 23 2 9 R
8 24 5 24 L
8 25 1 25 L
8 26 19 12 R
8 27 4 27 L
9 0 23 23 L
9 1 1 8 R
9 2 7 2 D
9 3 16 25 L
9 4 8 4 D
9 5 16 5 D
9 6 0 26 L
9 7 4 3 D
9 8 21 2 D
9 9 11 3 D
9 10 16 10 R
9 11 0 23 L
9 12 20 5 D
9 13 7 2 D
9 14 5 10 R
9 15 11 15 U
9 16 0 1 D
9 17 0 3 D
9 18 1 18 U
9 19 2 24 L
9 20 6 22 L
9 21 8 14 U
9 22 22 4 D
9 23 4 8 R
9 24 20 19 U
9 25 0 15 U
9 26 4 6 D
9 27 14 15 U
10 0 0 21 L
10 1 5 1 D
10 2 0 22 L
10 3 2 24 L
10 4 9 4 D
10 5 11 12 R
10 6 11 26 L
10 7 11 7 R
10 8 20 0 D
10 9 0 2 D
10 10 23 4 D
10 11 8 0 D
10 12 22 20 U
10 13 13 0 D
10 14 18 7 R
10 15 22 26 L
10 16 21 21 L
10 17 3 17 U
10 18 2 18 U
10 19 0 26 L
10 20 9 26 L
10 21 11 15 U
10 22 2 22 L
10 23 14 1 D
10 24 2 24 L
10 25 2 25 L
10 26 13 26 L
10 27 8 27 L
11 0 17 24 L
11 1 14 8 R
11 2 0 17 U
11 3 2 3 D
11 4 15 4 D
11 5 13 23 L
11 6 1 7 R
11 7 15 17 U
11 8 0 1 D
11 9 18 9 R
11 10 4 10 R
11 11 1 11 R
11 12 5 12 R
11 13 1 1 D
11 14 3 21 L
11 15 18 24 L
11 16 15 25 L
11 17 2 25 L
11 18 24 10 R
11 19 1 8 R
11 20 25 25 L
11 21 7 16 U
11 22 14 22 L
11 23 19 23 L
11 24 0 9 R
11 25 2 25 L
11 26 25 5 D
11 27 14 17 U
12 0 24 0 D
12 1 20 13 R
12 2 10 2 D
12 3 14 3 D
12 4 0 20 U
12 5 8 19 U
12 6 5 18 U
12 7 0 15 U
12 8 11 16 U
12 9 8 9 R
12 10 17 6 D
12 11 10 6 D
12 12 5 20 U
12 13 17 1 D
12 14 0 9 R
12 15 0 27 L
12 16 18 7 R
12 17 26 7 R
12 18 3 21 L
12 19 10 23 L
12 20 2 20 U
12 21 4 2 D
12 22 20 15 U
12 23 1 10 R
12 24 1 24 L
12 25 19 25 L
12 26 22 26 L
13 0 16 18 U
13 1 20 7 R
13 2 0 20 U
13 3 0 27 L
13 4 8 12 R
13 5 4 13 R
13 6 1 21 L
13 7 0 3 D
13 8 10 1 D
13 9 1 9 R
13 10 14 20 U
13 11 5 11 R
13 12 14 12 R
13 13 10 13 R
13 14 2 14 U
13 15 0 1 D
13 16 2 7 R
13 17 0 23 L
13 18 12 18 U
13 19 3 25 L
13 20 7 20 U
13 21 1 16 U
13 22 10 22 L
13 23 9 1 D
13 24 6 16 U
13 25 3 6 D
13 27 2 27 L
14 0 23 13 R
14 1 3 1 D
14 2 2 2 D
14 3 0 11 R
14 4 12 19 U
14 5 5 5 D
14 6 7 18 U
14 7 10 15 U
14 8 0 22 L
14 9 22 5 D
14 10 2 10 R
14 11 20 11 R
14 12 0 1 D
14 13 4 13 R
14 14 5 9 R
14 15 6 22 L
14 16 11 16 U
14 17 4 9 R
14 18 11 25 L
14 19 8 19 U
14 20 7 20 U
14 21 12 2 D
14 22 13 22 L
14 23 1 14 U
14 24 16 24 L
14 25 4 25 L
14 27 13 27 L
15 0 7 0 D
15 1 6 1 D
15 2 12 22 L
15 3 7 9 R
15 4 11 9 R
15 5 1 5 D
15 6 22 6 D
15 7 5 20 U
15 8 16 4 D
15 9 10 3 D
15 10 27 15 U
15 11 2 2 D
15 12 10 15 U
15 13 21 1 D
15 14 14 5 D
15 15 0 21 L
15 16 9 27 L
15 17 16 26 L
15 18 6 18 U
15 19 10 19 U
15 20 3 9 R
15 21 24 12 R
15 22 20 22 L
15 23 5 23 L
15 24 18 3 D
15 25 21 1 D
15 27 21 4 D
16 0 11 12 R
16 1 6 1 D
16 2 6 13 R
16 3 18 19 U
16 4 22 19 U
16 5 0 21 L
16 6 15 6 D
16 7 19 0 D
16 8 0 5 D
16 9 0 17 U
16 10 2 0 D
16 11 1 11 R
16 13 3 15 U
16 14 20 10 R
16 15 10 15 U
16 16 12 27 L
16 17 6 22 L
16 18 13 18 U
16 19 5 19 U
16 20 0 0 D
16 21 3 1 D
16 22 2 0 D
16 23 23 16 U
16 24 0 4 D
16 25 1 25 L
16 26 13 26 L
17 0 1 25 L
17 1 26 23 L
17 2 19 14 U
17 3 9 3 D
17 4 5 23 L
17 6 21 12 R
17 7 20 7 R
17 8 14 6 D
17 9 3 9 R
17 10 0 4 D
17 11 1 11 R
17 12 14 0 D
17 13 24 23 L
17 14 13 1 D
17 15 22 15 U
17 16 27 16 U
17 17 15 17 U
17 18 1 18 U
17 19 6 19 U
17 20 15 24 L
17 21 2 15 U
17 22 4 3 D
17 23 26 17 U
17 24 0 17 U
17 25 7 15 U
17 26 0 2 D
17 27 21 18 U
18 0 19 12 R
18 1 2 8 R
18 2 0 14 U
18 3 28 11 R
18 4 1 9 R
18 5 27 15 U
18 6 1 6 D
18 7 7 20 U
18 8 15 0 D
18 9 11 4 D
18 10 1 14 U
18 11 4 11 R
18 12 19 2 D
18 13 4 5 D
18 14 0 22 L
18 15 12 13 R
18 16 16 16 U
18 17 0 6 D
18 18 11 21 L
18 19 16 13 R
18 20 9 27 L
18 21 20 21 L
18 22 1 0 D
18 23 7 1 D
18 24 13 11 R
18 25 9 25 L
18 26 5 26 L
18 27 4 27 L
19 0 13 11 R
19 1 7 14 U
19 2 4 22 L
19 3 11 3 D
19 4 12 23 L
19 6 9 6 D
19 7 27 21 L
19 8 17 15 U
19 9 11 9 R
19 10 12 10 R
19 11 14 11 R
19 13 8 5 D
19 14 18 12 R
19 15 12 9 R
19 17 2 17 U
19 19 23 21 L
19 20 9 20 U
19 21 16 1 D
19 22 28 22 L
19 23 24 23 L
19 24 26 4 D
19 25 5 25 L
20 0 9 7 R
20 1 19 9 R
20 2 1 7 R
20 3 11 17 U
20 4 5 14 U
20 6 1 25 L
20 7 14 3 D
20 8 8 8 R
20 9 1 9 R
20 10 23 17 U
20 11 18 5 D
20 13 19 13 R
20 14 4 21 L
20 15 7 23 L
20 16 9 8 R
20 17 4 17 U
20 18 15 24 L
20 20 9 20 U
20 21 17 15 U
20 22 14 8 R
20 23 11 3 D
20 24 3 3 D
20 25 3 25 L
20 27 4 27 L
21 0 9 25 L
21 1 7 25 L
21 2 2 2 D
21 3 5 7 R
21 4 3 18 U
21 5 0 11 R
21 6 0 24 L
21 7 3 19 U
21 8 6 2 D
21 9 3 1 D
21 10 25 1 D
21 11 4 15 U
21 12 3 0 D
21 13 14 13 R
21 14 16 0 D
21 15 1 15 U
21 17 13 2 D
21 19 7 12 R
21 20 13 23 L
21 21 3 2 D
21 22 23 22 L
21 23 12 0 D
21 24 14 24 L
21 25 7 2 D
21 26 12 20 U
21 27 3 1 D
22 0 25 18 U
22 1 17 11 R
22 2 15 21 L
22 3 23 12 R
22 4 16 7 R
22 6 24 24 L
22 7 7 4 D
22 8 1 3 D
22 9 14 17 U
22 10 1 10 R
22 11 21 6 D
22 12 28 3 D
22 13 19 13 R
22 14 16 14 U
22 15 13 5 D
22 17 25 12 R
22 19 11 19 U
22 20 15 8 R
22 21 0 0 D
22 22 10 17 U
22 23 0 10 R
22 24 19 14 U
22 25 0 12 R
22 26 12 16 U
22 27 4 27 L
23 0 15 11 R
23 1 7 17 U
23 2 14 8 R
23 3 17 15 U
23 7 1 14 U
23 8 13 8 R
23 9 12 0 D
23 10 6 19 U
23 11 9 0 D
23 13 4 6 D
23 14 17 7 R
23 15 1 15 U
23 17 13 10 R
23 19 17 11 R
23 20 1 23 L
23 21 19 0 D
23 22 22 22 L
23 23 8 19 U
23 24 22 18 U
23 25 16 16 U
24 0 25 10 R
24 1 0 13 R
24 2 18 2 D
24 3 7 3 D
24 7 16 6 D
24 8 4 8 R
24 9 5 15 U
24 10 11 5 D
24 11 15 19 U
24 13 2 13 R
24 14 9 11 R
24 15 9 15 U
24 17 1 17 U
24 21 0 1 D
24 22 3 2 D
24 23 11 23 L
24 24 17 15 U
24 25 8 6 D
24 26 5 26 L
25 0 5 0 D
25 1 1 26 L
25 3 23 16 U
25 8 2 15 U
25 9 14 20 U
25 10 15 0 D
25 11 4 11 R
25 13 2 13 R
25 14 4 14 U
25 15 3 24 L
25 17 30 13 R
25 21 15 3 D
25 22 12 18 U
25 23 1 2 D
25 24 14 24 L
25 25 24 14 U
25 26 9 14 U
26 1 11 7 R
26 3 10 23 L
26 5 4 11 R
26 8 4 8 R
26 9 3 9 R
26 10 1 10 R
26 11 8 3 D
26 13 19 13 R
26 17 22 9 R
26 20 4 11 R
26 21 6 1 D
26 22 0 17 U
26 23 1 23 L
26 24 22 14 U
26 25 15 25 L
26 27 19 2 D
27 1 23 12 R
27 8 16 0 D
27 9 10 9 R
27 13 19 17 U
27 17 19 22 L
27 23 13 20 U
27 24 8 24 L
27 25 9 15 U
28 1 9 10 R
28 8 25 8 R
28 9 29 9 R
28 13 14 13 R
28 17 24 22 L
28 18 22 11 R
28 23 2 23 L
28 25 4 25 L
29 1 25 14 U
29 8 2 8 R
29 9 0 23 L
29 25 11 25 L
30 25 19 4 D
31 25 6 25 L

