30 36 869
0 14 7 8 19 8 13 16 1 21 10 8 10 24 14 5
23 0 11 24 17 7 0 5 15 0 2 2 16 22 0 27
12 0 0 6 0 12 1 13 6 0 20 0 17 0 0 22
0 9 13 7 21 1 0 15 0 0 19 0 0 0 12 0
0 0 0 15 0 0 7 19 0 0 21 19 0 0 9 4
4 15 0 0 5 24 1 5 0 0 13 22 0 17 0 0
9 2 20 17 0 1 23 0 22 0 1 0 0 0 20 0
1 0 4 2 0 0 27 0 0 0 0 26 13 25 0 29
13 8 4 14 0 0 0 0 0 0 0 0 0 0 0 0
0 9 0 0 14 19 26 0 0 0 0 22 21 22 12 0
0 2 17 0 0 24 20 0 0 0 1 10 0 5 0 28
5 13 23 0 0 5 0 0 1 7 17 0 0 0 20 27
13 0 0 18 0 16 14 0 7 13 20 9 0 0 0 26
0 14 16 20 25 0 0 26 0 0 0 0 0 0 0 25
0 7 21 0 12 17 0 26 16 5 0 7 0 0 0 11
6 0 8 21 13 7 24 1 0 0 15 15 2 0 17 8
0 0 0 0 D
0 1 0 1 D
0 2 0 2 D
0 3 0 3 D
0 4 0 4 D
0 5 0 5 D
0 6 0 6 D
0 7 0 7 D
0 8 0 8 D
0 9 0 9 D
0 10 0 10 R
0 11 0 11 R
0 12 0 12 R
0 13 0 13 R
0 14 0 14 R
0 15 0 15 R
0 16 0 16 R
0 17 0 17 R
0 18 0 18 U
0 19 0 19 U
0 20 0 20 U
0 21 0 21 U
0 22 0 22 U
0 23 0 23 U
0 24 0 24 U
0 25 0 25 U
0 26 0 26 U
0 27 0 27 U
0 28 0 28 L
0 29 0 29 L
0 30 0 30 L
0 31 0 31 L
0 32 0 32 L
0 33 0 33 L
0 34 0 34 L
0 35 0 35 L
1 0 5 14 R
1 1 0 32 L
1 2 0 29 L
1 3 14 17 R
1 4 2 4 D
1 5 3 5 D
1 6 11 6 D
1 7 22 35 L
1 8 12 8 D
1 9 8 9 D
1 10 6 26 U
1 11 0 19 U
1 12 0 1 D
1 13 0 5 D
1 14 13 7 D
1 15 21 1 D
1 16 18 6 D
1 17 18 6 D
1 18 0 13 R
1 19 0 1 D
1 20 3 28 L
1 21 7 21 U
1 22 2 5 D
1 23 7 23 U
1 24 2 24 U
1 25 5 25 U
1 26 8 26 U
1 27 12 28 L
1 28 2 28 L
1 29 15 2 D
1 30 22 22 U
1 31 7 31 L
1 32 6 32 L
1 33 3 26 U
1 34 17 34 L
1 35 14 18 U
2 0 21 30 L
2 1 20 32 L
2 2 21 2 D
2 3 7 3 D
2 4 8 4 D
2 5 3 30 L
2 6 1 31 L
2 7 1 7 D
2 8 16 32 L
2 9 3 9 D
2 10 0 3 D
2 11 3 11 R
2 12 6 22 U
2 13 9 13 R
2 14 3 14 R
2 15 19 15 R
2 16 3 16 R
2 17 9 17 R
2 18 11 18 U
2 19 0 30 L
2 20 10 20 U
2 21 1 21 U
2 22 5 22 U
2 23 15 29 L
2 24 1 32 L
2 25 0 15 R
2 26 1 26 U
2 27 7 29 L
2 28 0 1 D
2 29 4 12 R
2 30 9 30 L
2 31 4 0 D
2 32 10 14 R
2 33 7 1 D
2 34 15 25 U
2 35 4 25 U
3 0 15 10 R
3 1 0 10 R
3 2 9 14 R
3 3 1 12 R
3 4 0 27 U
3 5 13 5 D
3 6 0 21 U
3 7 2 7 D
3 8 5 8 D
3 9 1 9 D
3 10 7 8 D
3 11 17 21 U
3 12 0 7 D
3 13 8 2 D
3 14 0 6 D
3 15 16 19 U
3 16 19 4 D
3 17 15 4 D
3 18 5 28 L
3 19 14 29 L
3 20 0 2 D
3 21 17 30 L
3 22 0 28 L
3 23 18 23 U
3 24 19 32 L
3 25 1 25 U
3 26 10 0 D
3 27 2 27 U
3 28 0 18 U
3 29 0 22 U
3 30 11 24 U
3 31 2 31 L
3 32 9 27 U
3 33 4 33 L
3 34 15 34 L
3 35 6 35 L
4 0 8 15 R
4 1 12 29 L
4 2 5 30 L
4 3 22 17 R
4 4 12 15 R
4 5 5 5 D
4 6 15 17 R
4 7 16 7 D
4 8 14 14 R
4 9 15 12 R
4 10 20 10 R
4 11 14 11 R
4 12 3 12 R
4 13 3 13 R
4 14 3 14 R
4 15 9 15 R
4 16 15 16 R
4 17 3 17 R
4 18 7 10 R
4 19 18 19 U
4 20 5 11 R
4 21 0 28 L
4 22 7 8 D
4 23 3 23 U
4 24 6 24 U
4 25 10 35 L
4 26 3 35 L
4 27 13 27 U
4 28 8 18 U
4 29 18 21 U
4 30 7 23 U
4 31 6 31 L
4 32 9 32 L
4 33 18 23 U
4 34 6 34 L
4 35 0 20 U
5 0 2 14 R
5 1 19 29 L
5 2 3 2 D
5 3 3 3 D
5 4 3 4 D
5 5 0 14 R
5 6 1 6 D
5 7 1 7 D
5 8 1 8 D
5 9 11 9 D
5 10 3 1 D
5 11 15 19 U
5 12 18 4 D
5 13 8 29 L
5 14 10 2 D
5 15 10 9 D
5 16 12 20 U
5 17 14 6 D
5 18 9 33 L
5 19 9 1 D
5 20 14 2 D
5 21 2 21 U
5 22 0 31 L
5 23 2 23 U
5 24 1 34 L
5 25 12 25 U
5 26 23 6 D
5 27 22 27 U
5 28 13 26 U
5 29 7 3 D
5 30 9 23 U
5 31 0 13 R
5 32 8 20 U
5 33 24 33 L
5 34 0 17 R
5 35 11 26 U
6 0 9 0 D
6 1 3 1 D
6 2 24 30 L
6 3 3 31 L
6 4 0 30 L
6 5 14 16 R
6 6 20 6 D
6 7 5 14 R
6 8 0 20 U
6 9 1 30 L
6 10 0 8 D
6 11 22 11 R
6 12 11 2 D
6 13 4 13 R
6 14 14 14 R
6 15 4 15 R
6 16 9 16 R
6 17 4 17 R
6 18 14 0 D
6 19 15 0 D
6 20 1 29 L
6 21 3 21 U
6 22 2 22 U
6 23 12 10 R
6 24 15 29 L
6 25 0 7 D
6 26 1 26 U
6 27 7 27 U
6 28 2 28 L
6 29 5 20 U
6 30 15 14 R
6 31 8 1 D
6 32 20 3 D
6 33 3 21 U
6 34 7 34 L
6 35 10 23 U
7 0 14 28 L
7 1 14 1 D
7 2 23 12 R
7 3 3 3 D
7 4 5 4 D
7 5 0 24 U
7 6 1 6 D
7 7 1 7 D
7 8 4 8 D
7 9 3 9 D
7 10 16 10 R
7 11 1 18 U
7 12 3 6 D
7 13 17 13 R
7 14 11 19 U
7 15 1 15 R
7 16 2 16 R
7 17 10 26 U
7 18 0 10 R
7 19 0 28 L
7 20 22 30 L
7 21 24 3 D
7 22 5 22 U
7 23 0 12 R
7 24 10 24 U
7 25 0 4 D
7 26 4 16 R
7 27 6 28 L
7 28 2 0 D
7 29 0 2 D
7 30 5 2 D
7 31 0 19 U
7 32 0 20 U
7 33 11 0 D
7 34 6 34 L
7 35 23 35 L
8 0 9 34 L
8 1 1 33 L
8 2 1 28 L
8 3 0 15 R
8 4 19 13 R
8 5 1 5 D
8 6 4 30 L
8 7 4 33 L
8 8 6 8 D
8 9 22 32 L
8 10 7 31 L
8 11 0 21 U
8 12 0 29 L
8 13 1 3 D
8 14 2 7 D
8 15 1 7 D
8 16 15 25 U
8 17 24 25 U
8 18 1 1 D
8 19 5 19 U
8 20 0 11 R
8 21 10 11 R
8 22 4 22 U
8 23 1 35 L
8 24 19 30 L
8 25 5 29 L
8 26 13 26 U
8 27 1 27 U
8 28 2 28 L
8 29 10 0 D
8 30 3 7 D
8 31 9 5 D
8 32 16 12 R
8 33 3 18 U
8 34 16 20 U
8 35 4 22 U
9 0 10 14 R
9 1 3 12 R
9 2 4 11 R
9 3 3 3 D
9 4 12 16 R
9 5 1 11 R
9 6 11 17 R
9 7 20 30 L
9 8 1 8 D
9 9 4 9 D
9 10 13 8 D
9 11 20 1 D
9 12 3 12 R
9 13 16 13 R
9 14 13 27 U
9 15 8 2 D
9 16 4 16 R
9 17 10 21 U
9 18 14 17 R
9 19 0 10 R
9 20 15 2 D
9 21 27 8 D
9 22 0 14 R
9 23 11 23 U
9 24 2 24 U
9 25 1 25 U
9 26 22 11 R
9 27 5 27 U
9 28 8 11 R
9 29 19 19 U
9 30 0 24 U
9 31 11 18 U
9 32 11 32 L
9 33 10 33 L
9 34 4 34 L
9 35 6 35 L
10 0 12 33 L
10 1 1 11 R
10 2 0 12 R
10 3 17 11 R
10 4 2 4 D
10 5 17 5 D
10 6 8 15 R
10 7 12 7 D
10 8 5 31 L
10 9 18 33 L
10 10 3 22 U
10 11 17 18 U
10 12 0 22 U
10 13 13 9 D
10 14 9 14 R
10 15 8 24 U
10 16 0 32 L
10 17 6 17 R
10 18 11 11 R
10 19 0 15 R
10 20 18 1 D
10 21 7 34 L
10 22 7 33 L
10 23 9 17 R
10 24 20 28 L
10 25 1 25 U
10 26 6 26 U
10 27 5 13 R
10 28 7 1 D
10 29 4 22 U
10 30 16 13 R
10 31 12 31 L
10 32 0 7 D
10 33 7 33 L
10 34 4 34 L
10 35 6 35 L
11 0 0 11 R
11 1 8 11 R
11 2 24 15 R
11 3 14 3 D
11 4 1 4 D
11 5 16 31 L
11 6 13 14 R
11 7 14 7 D
11 8 13 10 R
11 9 4 9 D
11 10 10 6 D
11 11 3 0 D
11 12 25 19 U
11 13 5 13 R
11 14 13 14 R
11 15 8 18 U
11 16 15 23 U
11 17 6 25 U
11 18 0 17 R
11 19 21 19 U
11 20 3 33 L
11 21 3 29 L
11 22 12 22 U
11 23 18 30 L
11 24 10 24 U
11 25 10 25 U
11 26 9 34 L
11 27 5 27 U
11 28 9 20 U
11 29 1 3 D
11 30 25 18 U
11 31 9 31 L
11 32 3 6 D
11 33 18 4 D
11 34 24 34 L
11 35 4 16 R
12 0 1 10 R
12 1 26 12 R
12 2 21 31 L
12 3 1 15 R
12 4 19 33 L
12 5 6 11 R
12 6 5 6 D
12 7 7 12 R
12 8 22 30 L
12 9 2 9 D
12 10 6 10 R
12 11 4 22 U
12 12 11 24 U
12 13 17 19 U
12 14 19 6 D
12 15 15 18 U
12 16 4 16 R
12 17 13 32 L
12 18 13 28 L
12 19 16 35 L
12 20 3 31 L
12 21 16 31 L
12 22 23 22 U
12 23 1 23 U
12 24 7 33 L
12 25 1 25 U
12 26 6 31 L
12 27 18 27 U
12 28 5 18 U
12 29 0 3 D
12 30 3 30 L
12 31 20 20 U
12 32 21 13 R
12 33 5 25 U
12 34 0 12 R
12 35 0 9 D
13 0 1 16 R
13 1 6 15 R
13 2 11 2 D
13 3 5 35 L
13 4 17 32 L
13 5 7 35 L
13 6 2 6 D
13 7 7 11 R
13 8 18 8 D
13 9 2 9 D
13 10 0 4 D
13 11 4 11 R
13 12 4 12 R
13 13 0 19 U
13 14 10 21 U
13 15 0 30 L
13 16 24 22 U
13 17 2 1 D
13 18 19 18 U
13 19 4 11 R
13 20 2 20 U
13 21 5 21 U
13 22 1 28 L
13 23 4 14 R
13 24 0 29 L
13 25 6 33 L
13 26 2 26 U
13 27 7 27 U
13 28 4 20 U
13 29 22 22 U
13 30 9 1 D
13 31 24 9 D
13 32 14 24 U
13 33 2 33 L
13 34 20 21 U
13 35 14 23 U
14 0 19 17 R
14 1 8 17 R
14 2 25 24 U
14 3 3 17 R
14 4 2 16 R
14 5 3 5 D
14 6 1 6 D
14 7 5 7 D
14 8 12 31 L
14 9 0 11 R
14 10 3 24 U
14 11 0 30 L
14 12 10 21 U
14 13 16 23 U
14 14 1 5 D
14 15 18 15 R
14 16 0 3 D
14 17 3 6 D
14 18 1 18 U
14 19 3 19 U
14 20 6 4 D
14 21 18 28 L
14 22 1 22 U
14 23 15 3 D
14 24 0 3 D
14 25 2 25 U
14 26 20 26 U
14 27 5 27 U
14 28 1 5 D
14 29 19 20 U
14 30 13 30 L
14 31 23 23 U
14 32 21 20 U
14 33 4 25 U
14 34 6 4 D
14 35 4 35 L
15 0 0 18 U
15 1 0 15 R
15 2 4 13 R
15 3 22 13 R
15 4 7 17 R
15 5 11 34 L
15 6 14 28 L
15 7 12 7 D
15 8 14 34 L
15 10 19 23 U
15 11 22 0 D
15 12 18 12 R
15 13 25 5 D
15 14 21 22 U
15 15 16 15 R
15 17 14 17 R
15 18 0 0 D
15 19 14 11 R
15 20 6 30 L
15 21 8 21 U
15 22 5 22 U
15 23 21 34 L
15 24 10 10 R
15 25 14 25 U
15 26 11 10 R
15 27 6 34 L
15 28 7 28 L
15 29 3 29 L
15 30 18 5 D
15 31 9 31 L
15 32 1 18 U
15 33 9 24 U
15 34 12 24 U
15 35 2 35 L
16 0 4 11 R
16 1 7 10 R
16 2 20 16 R
16 3 12 29 L
16 4 20 30 L
16 5 21 5 D
16 6 1 6 D
16 8 24 8 D
16 10 1 24 U
16 11 0 31 L
16 12 14 5 D
16 13 2 21 U
16 14 19 23 U
16 15 12 5 D
16 16 9 16 R
16 17 7 17 R
16 18 7 0 D
16 19 7 19 U
16 20 2 20 U
16 21 0 32 L
16 22 5 34 L
16 23 8 11 R
16 25 0 10 R
16 26 0 1 D
16 27 17 35 L
16 28 20 19 U
16 29 15 29 L
16 30 22 20 U
16 31 23 25 U
16 32 4 32 L
16 33 4 33 L
16 34 4 34 L
16 35 9 35 L
17 0 0 28 L
17 1 23 1 D
17 2 13 29 L
17 3 6 14 R
17 4 2 32 L
17 5 16 15 R
17 6 8 31 L
17 7 8 33 L
17 8 18 35 L
17 10 0 0 D
17 11 25 4 D
17 12 18 18 U
17 13 5 4 D
17 14 2 14 R
17 15 6 2 D
17 17 21 4 D
17 18 18 13 R
17 19 1 2 D
17 20 22 20 U
17 21 4 21 U
17 22 16 22 U
17 25 0 11 R
17 26 4 26 U
17 27 3 1 D
17 28 23 2 D
17 29 9 25 U
17 30 1 20 U
17 31 12 21 U
17 32 0 11 R
17 33 7 33 L
17 34 4 18 U
17 35 14 8 D
18 0 13 10 R
18 1 5 16 R
18 2 23 34 L
18 3 19 3 D
18 4 12 4 D
18 5 11 5 D
18 6 2 6 D
18 7 6 7 D
18 8 5 8 D
18 9 12 9 D
18 10 3 10 R
18 11 16 20 U
18 12 2 3 D
18 13 22 13 R
18 14 3 33 L
18 15 16 15 R
18 16 4 16 R
18 17 6 17 R
18 18 12 16 R
18 19 0 31 L
18 20 16 12 R
18 21 13 21 U
18 22 4 28 L
18 23 0 6 D
18 25 17 10 R
18 26 2 33 L
18 27 1 27 U
18 28 16 19 U
18 29 0 1 D
18 30 10 21 U
18 31 4 31 L
18 32 7 32 L
18 33 10 22 U
18 34 4 23 U
18 35 17 0 D
19 0 10 28 L
19 1 11 28 L
19 2 13 19 U
19 3 17 31 L
19 4 14 31 L
19 5 1 5 D
19 6 11 35 L
19 7 22 28 L
19 8 23 8 D
19 10 0 23 U
19 11 7 5 D
19 12 12 5 D
19 13 5 3 D
19 14 16 14 R
19 15 12 26 U
19 17 1 25 U
19 18 13 18 U
19 19 8 30 L
19 20 20 28 L
19 21 8 9 D
19 22 2 22 U
19 25 18 28 L
19 26 22 30 L
19 27 6 27 U
19 28 0 10 R
19 29 3 19 U
19 30 1 26 U
19 31 11 22 U
19 33 12 25 U
19 34 1 18 U
19 35 6 11 R
20 0 4 12 R
20 1 12 13 R
20 2 15 13 R
20 3 11 15 R
20 4 3 4 D
20 5 5 5 D
20 6 10 6 D
20 8 11 8 D
20 9 5 9 D
20 10 14 3 D
20 11 19 20 U
20 12 22 23 U
20 13 19 0 D
20 14 19 8 D
20 16 18 16 R
20 18 1 29 L
20 19 19 32 L
20 20 13 31 L
20 21 1 21 U
20 22 16 14 R
20 23 15 33 L
20 24 17 24 U
20 26 6 28 L
20 27 17 32 L
20 28 15 23 U
20 29 25 8 D
20 30 16 19 U
20 31 0 0 D
20 32 23 18 U
20 33 25 19 U
20 34 2 34 L
20 35 17 8 D
21 0 4 18 U
21 1 26 30 L
21 2 24 32 L
21 3 4 3 D
21 4 20 12 R
21 5 1 5 D
21 6 4 6 D
21 8 2 8 D
21 10 16 19 U
21 11 2 9 D
21 12 5 5 D
21 13 10 8 D
21 14 6 28 L
21 17 8 27 U
21 18 16 2 D
21 19 3 19 U
21 20 0 13 R
21 21 8 21 U
21 22 23 31 L
21 24 7 24 U
21 27 2 27 U
21 28 25 28 L
21 31 4 31 L
21 32 6 32 L
21 33 4 24 U
21 34 20 5 D
21 35 4 26 U
22 0 19 35 L
22 1 7 11 R
22 2 26 34 L
22 3 1 3 D
22 4 23 4 D
22 5 17 12 R
22 6 3 6 D
22 9 5 9 D
22 10 23 27 U
22 11 12 27 U
22 12 6 5 D
22 13 9 13 R
22 14 3 26 U
22 16 19 27 U
22 17 16 0 D
22 18 9 1 D
22 19 7 19 U
22 20 13 12 R
22 21 8 21 U
22 22 16 34 L
22 25 11 25 U
22 26 1 0 D
22 27 21 3 D
22 28 23 21 U
22 30 12 12 R
22 31 0 8 D
22 32 3 32 L
22 34 16 19 U
22 35 4 35 L
23 0 8 13 R
23 2 14 2 D
23 3 13 3 D
23 4 24 35 L
23 5 4 5 D
23 6 13 34 L
23 7 7 13 R
23 10 22 5 D
23 11 21 6 D
23 12 5 30 L
23 13 1 13 R
23 14 21 14 R
23 15 10 15 R
23 16 14 26 U
23 17 9 17 R
23 19 15 17 R
23 20 2 20 U
23 21 9 21 U
23 22 5 22 U
23 25 1 12 R
23 26 3 32 L
23 27 9 27 U
23 28 22 0 D
23 31 0 4 D
23 32 0 18 U
23 34 7 15 R
24 0 7 16 R
24 5 13 32 L
24 6 22 33 L
24 10 5 10 R
24 11 15 1 D
24 12 15 12 R
24 13 20 27 U
24 14 14 24 U
24 16 16 16 R
24 17 21 17 R
24 19 14 3 D
24 20 25 16 R
24 21 5 35 L
24 22 11 12 R
24 27 22 9 D
24 28 11 28 L
24 29 17 29 L
24 30 1 3 D
24 31 18 18 U
24 32 7 32 L
24 34 11 26 U
25 0 26 31 L
25 1 24 15 R
25 3 5 16 R
25 5 13 5 D
25 6 4 13 R
25 12 24 22 U
25 14 8 20 U
25 19 1 28 L
25 21 2 21 U
25 22 6 13 R
25 27 5 27 U
25 31 28 26 U
26 0 17 0 D
26 5 11 10 R
26 6 1 6 D
26 10 22 20 U
26 12 24 7 D
26 19 4 14 R
26 21 16 21 U
26 22 27 22 U
26 31 4 31 L
27 0 7 0 D
27 5 17 5 D
27 6 1 6 D
27 12 8 2 D
27 22 17 2 D
28 0 11 0 D
28 6 24 10 R
29 0 18 0 D

