25 23 467
14 16 14 0 22 3 0 0 4 0 20 0 1 0 0 19 16
0 0 0 0 0 0 0 0 12 0 0 4 0 0 7 0 0
0 0 0 4 0 0 0 0 0 7 0 9 19 0 0 0 5
0 0 0 11 23 0 0 0 9 0 0 11 0 17 0 21 13
3 2 0 0 0 11 0 0 3 0 0 0 0 0 0 0 0
20 0 22 1 0 0 16 0 10 3 0 0 0 0 0 0 0
0 0 0 8 0 0 0 0 10 0 0 0 0 0 0 0 0
0 8 20 0 0 0 0 0 0 0 0 7 0 0 21 0 12
0 0 0 0 0 0 0 0 0 0 0 0 0 21 0 0 0
0 0 0 0 0 5 9 0 0 0 0 0 0 0 0 0 0
0 0 0 14 0 4 0 0 17 8 0 0 12 0 0 0 0
24 0 0 21 0 0 0 0 0 15 0 0 0 13 0 13 0
0 0 0 0 0 21 0 10 0 11 0 0 0 0 0 0 0
7 23 19 15 7 0 0 17 0 0 0 13 0 0 1 20 5
0 0 0 24 0 0 0 22 0 19 0 0 9 14 0 0 15
0 7 18 13 2 0 0 0 0 0 0 22 0 0 21 0 20
0 0 22 13 0 0 0 0 0 0 11 20 0 0 4 0 0
0 0 0 0 L
0 1 0 1 L
0 2 0 2 L
0 3 0 3 L
0 4 0 4 L
0 5 0 5 L
0 6 0 6 R
0 7 0 7 R
0 8 0 8 R
0 9 0 9 R
0 10 0 10 R
0 11 0 11 D
0 12 0 12 D
0 13 0 13 D
0 14 0 14 D
0 15 0 15 D
0 16 0 16 D
0 17 0 17 U
0 18 0 18 U
0 19 0 19 U
0 20 0 20 U
0 21 0 21 U
0 22 0 22 U
1 0 5 17 U
1 1 3 20 U
1 2 20 2 L
1 3 0 8 R
1 4 6 9 R
1 5 9 5 L
1 6 3 12 D
1 7 2 14 D
1 8 2 12 D
1 9 5 18 U
1 10 5 14 D
1 11 15 6 R
1 12 14 12 D
1 13 4 13 D
1 14 5 14 D
1 15 10 15 D
1 16 3 16 D
1 17 5 17 U
1 18 3 6 R
1 19 18 3 L
1 20 2 20 U
1 21 5 21 U
1 22 11 13 D
2 0 5 22 U
2 1 13 22 U
2 2 12 18 U
2 3 1 13 D
2 4 3 21 U
2 5 20 21 U
2 6 15 16 D
2 7 0 16 D
2 8 6 22 U
2 9 13 9 R
2 10 0 4 L
2 11 1 11 D
2 12 15 1 L
2 13 4 13 D
2 14 1 14 D
2 15 1 15 D
2 16 1 16 D
2 17 5 0 L
2 18 0 1 L
2 19 7 1 L
2 20 8 20 U
2 21 11 21 U
2 22 1 22 U
3 0 18 14 D
3 1 16 14 D
3 2 6 2 L
3 3 6 3 L
3 4 12 19 U
3 5 5 12 D
3 6 13 15 D
3 7 13 14 D
3 8 19 16 D
3 9 0 14 D
3 10 15 22 U
3 11 16 0 L
3 12 5 12 D
3 13 19 8 R
3 14 13 8 R
3 15 19 15 D
3 16 9 16 D
3 17 1 10 R
3 18 19 9 R
3 19 0 8 R
3 20 2 7 R
3 21 4 10 R
3 22 9 2 L
4 0 6 13 D
4 1 7 11 D
4 2 0 13 D
4 3 7 12 D
4 4 12 4 L
4 5 6 5 L
4 6 10 11 D
4 7 15 3 L
4 8 12 8 R
4 9 1 11 D
4 10 8 10 R
4 11 0 7 R
4 12 21 2 L
4 13 14 2 L
4 14 8 4 L
4 15 9 18 U
4 16 17 2 L
4 17 0 0 L
4 18 5 18 U
4 19 2 19 U
4 20 2 20 U
4 21 18 10 R
4 22 0 6 R
5 0 10 18 U
5 1 10 18 U
5 2 20 20 U
5 3 13 14 D
5 4 6 4 L
5 6 2 12 D
5 7 8 18 U
5 8 16 20 U
5 9 11 14 D
5 10 4 10 R
5 11 9 7 R
5 12 18 1 L
5 13 2 13 D
5 14 13 14 D
5 15 2 15 D
5 16 15 16 D
5 17 2 13 D
5 18 4 2 L
5 19 1 0 L
5 20 1 3 L
5 21 19 1 L
5 22 6 22 U
6 0 19 0 L
6 1 8 14 D
6 2 3 12 D
6 3 2 3 L
6 4 0 17 U
6 6 13 18 U
6 7 5 17 U
6 8 9 8 R
6 9 8 9 R
6 10 3 10 R
6 11 1 11 D
6 12 8 4 L
6 13 15 1 L
6 14 19 2 L
6 15 13 15 D
6 16 7 0 L
6 17 16 7 R
6 18 0 6 R
6 19 14 6 R
6 20 3 20 U
6 21 8 21 U
6 22 0 9 R
7 0 16 13 D
7 1 19 19 U
7 2 4 2 L
7 3 15 3 L
7 4 13 17 U
7 6 8 19 U
7 7 4 7 R
7 8 10 8 R
7 9 3 17 U
7 10 4 22 U
7 11 13 6 R
7 12 0 20 U
7 13 1 13 D
7 14 17 1 L
7 15 0 10 R
7 16 19 16 D
7 17 0 2 L
7 18 3 8 R
7 19 12 7 R
7 20 2 0 L
7 21 8 4 L
7 22 1 22 U
8 0 6 16 D
8 1 4 17 U
8 2 0 12 D
8 3 9 21 U
8 5 12 5 L
8 6 5 11 D
8 7 7 7 R
8 8 0 14 D
8 9 10 19 U
8 10 3 16 D
8 11 14 2 L
8 12 4 12 D
8 13 3 9 R
8 14 20 14 D
8 15 10 9 R
8 16 2 16 D
8 17 14 3 L
8 18 9 14 D
8 19 4 8 R
8 20 12 20 U
8 21 14 9 R
8 22 2 10 R
9 0 0 16 D
9 1 0 17 U
9 2 7 17 U
9 3 17 18 U
9 4 2 4 L
9 6 11 21 U
9 7 10 18 U
9 8 7 19 U
9 9 14 18 U
9 10 16 10 R
9 11 2 11 D
9 12 3 6 R
9 13 3 13 D
9 14 1 14 D
9 15 10 17 U
9 16 8 0 L
9 17 0 11 D
9 18 6 18 U
9 19 2 19 U
9 20 6 8 R
9 21 16 2 L
9 22 1 1 L
10 0 6 11 D
10 1 9 12 D
10 2 12 13 D
10 3 15 3 L
10 4 8 20 U
10 6 0 13 D
10 7 11 16 D
10 8 0 15 D
10 9 2 11 D
10 10 17 15 D
10 11 13 0 L
10 12 20 0 L
10 13 14 3 L
10 14 0 2 L
10 15 2 1 L
10 16 1 6 R
10 17 4 1 L
10 18 18 0 L
10 19 2 0 L
10 20 15 20 U
10 21 16 12 D
10 22 5 4 L
11 0 9 17 U
11 1 20 1 L
11 2 20 2 L
11 3 8 3 L
11 4 16 4 L
11 6 0 17 U
11 7 4 13 D
11 8 0 11 D
11 9 5 14 D
11 10 22 10 R
11 11 9 1 L
11 12 4 9 R
11 13 4 0 L
11 14 7 6 R
11 15 18 10 R
11 16 16 16 D
11 17 16 0 L
11 18 8 3 L
11 19 1 1 L
11 20 0 16 D
11 21 3 21 U
11 22 16 22 U
12 0 6 14 D
12 1 0 18 U
12 2 7 2 L
12 3 0 7 R
12 6 4 6 R
12 7 10 7 R
12 8 11 8 R
12 9 14 9 R
12 10 0 22 U
12 11 2 10 R
12 12 14 5 L
12 13 19 6 R
12 14 15 10 R
12 15 5 2 L
12 16 6 16 D
12 17 13 2 L
12 18 0 13 D
12 19 5 19 U
12 20 8 16 D
12 21 19 16 D
12 22 16 22 U
13 0 1 17 U
13 1 2 22 U
13 2 7 2 L
13 3 3 18 U
13 4 18 21 U
13 5 16 5 L
13 6 21 6 R
13 7 16 19 U
13 8 0 1 L
13 9 4 21 U
13 10 7 10 R
13 11 0 0 L
13 12 10 12 D
13 13 8 7 R
13 14 14 0 L
13 15 2 15 D
13 16 10 8 R
13 17 18 17 U
13 18 16 10 R
13 19 3 19 U
13 20 3 1 L
13 21 10 21 U
13 22 10 15 D
14 0 8 11 D
14 1 0 20 U
14 2 6 12 D
14 3 7 11 D
14 5 11 19 U
14 6 12 13 D
14 7 10 19 U
14 8 15 18 U
14 9 11 13 D
14 11 10 3 L
14 12 4 3 L
14 13 11 2 L
14 14 0 3 L
14 15 19 0 L
14 16 17 4 L
14 17 3 10 R
14 18 13 10 R
14 19 8 8 R
14 20 2 20 U
14 21 8 21 U
14 22 6 9 R
15 0 21 17 U
15 1 0 21 U
15 2 17 21 U
15 3 5 20 U
15 4 6 4 L
15 6 13 17 U
15 7 11 17 U
15 8 10 13 D
15 9 3 9 R
15 10 10 21 U
15 11 6 2 L
15 12 13 6 R
15 13 5 7 R
15 14 14 1 L
15 16 13 16 D
15 17 7 6 R
15 18 9 11 D
15 19 16 19 U
15 20 10 0 L
15 22 3 22 U
16 0 3 16 D
16 1 17 15 D
16 2 9 16 D
16 3 7 19 U
16 4 18 15 D
16 6 5 14 D
16 7 11 15 D
16 8 7 21 U
16 9 1 18 U
16 10 13 17 U
16 11 17 0 L
16 12 19 9 R
16 13 18 13 D
16 14 12 14 D
16 15 11 15 D
16 16 21 1 L
16 17 6 17 U
16 18 14 7 R
16 19 5 19 U
16 20 18 6 R
16 21 18 6 R
17 0 3 0 L
17 2 16 22 U
17 3 3 3 L
17 6 4 20 U
17 7 14 20 U
17 8 6 19 U
17 9 11 18 U
17 10 14 13 D
17 11 9 11 D
17 12 0 1 L
17 13 9 9 R
17 14 8 9 R
17 15 6 3 L
17 17 5 10 R
17 18 4 1 L
17 19 8 19 U
17 20 7 20 U
17 21 5 4 L
18 0 3 12 D
18 2 16 2 L
18 3 6 17 U
18 4 1 14 D
18 7 0 18 U
18 8 10 8 R
18 10 4 10 R
18 11 17 11 D
18 12 8 12 D
18 13 3 5 L
18 14 15 7 R
18 15 2 7 R
18 17 16 8 R
18 18 17 1 L
18 19 15 11 D
18 20 2 15 D
18 21 14 7 R
19 0 0 19 U
19 1 16 13 D
19 2 20 19 U
19 6 12 21 U
19 7 10 17 U
19 8 1 11 D
19 9 4 20 U
19 10 14 21 U
19 11 13 8 R
19 12 17 6 R
19 13 0 17 U
19 14 11 14 D
19 16 6 6 R
19 17 0 7 R
19 19 16 0 L
19 20 21 3 L
19 21 10 5 L
20 0 2 17 U
20 1 19 17 U
20 2 11 2 L
20 4 6 4 L
20 7 14 22 U
20 8 11 18 U
20 10 18 17 U
20 12 7 6 R
20 13 15 9 R
20 14 16 14 D
20 15 11 8 R
20 16 19 8 R
20 17 2 17 U
20 19 18 11 D
20 20 3 8 R
21 0 0 6 R
21 2 7 15 D
21 7 22 7 R
21 8 7 16 D
21 10 6 20 U
21 11 0 6 R
21 12 2 9 R
21 13 9 13 D
21 14 2 14 D
21 15 12 5 L
21 16 2 18 U
21 17 3 7 R
21 19 12 15 D
22 0 13 12 D
22 2 18 2 L
22 7 11 18 U
22 8 23 14 D
22 13 2 10 R
22 17 15 7 R
22 19 8 16 D
23 0 11 20 U
23 13 11 13 D
23 19 2 19 U
24 0 0 20 U
24 19 4 7 R

