21 13 227
17 18 19 13 0 3 13 4 18 13 12 7
18 6 19 0 1 0 0 16 0 14 0 15
0 17 0 17 0 7 0 0 17 0 0 9
12 6 4 0 15 0 5 17 18 0 16 9
18 0 0 0 17 17 0 0 0 10 15 0
11 0 0 0 0 16 0 15 16 0 0 12
7 4 20 18 0 18 9 0 0 16 0 15
12 0 4 0 0 13 7 0 14 1 17 14
18 0 0 0 0 0 12 4 0 6 0 4
1 0 0 16 17 0 0 20 0 0 19 13
0 15 0 0 7 10 1 15 16 12 2 0
13 4 3 0 14 0 0 0 13 7 0 11
0 0 0 0 U
0 1 0 1 U
0 2 0 2 U
0 3 0 3 U
0 4 0 4 R
0 5 0 5 R
0 6 0 6 R
0 7 0 7 D
0 8 0 8 D
0 9 0 9 D
0 10 0 10 L
0 11 0 11 L
0 12 0 12 L
1 0 7 5 R
1 1 0 6 R
1 2 5 2 U
1 3 3 4 R
1 4 3 8 D
1 5 8 10 L
1 6 9 6 R
1 7 14 5 R
1 8 0 4 R
1 9 8 0 U
1 10 10 1 U
1 11 3 11 L
1 12 2 12 L
2 0 7 6 R
2 1 11 12 L
2 2 7 2 U
2 3 4 3 U
2 4 0 1 U
2 5 5 8 D
2 6 7 6 R
2 7 0 6 R
2 8 6 10 L
2 9 3 10 L
2 10 0 1 U
2 11 8 5 R
2 12 1 12 L
3 0 0 4 R
3 1 10 10 L
3 2 1 5 R
3 4 16 10 L
3 5 0 0 U
3 6 0 0 U
3 7 12 6 R
3 8 8 0 U
3 9 9 10 L
3 10 8 10 L
3 11 0 8 D
3 12 5 8 D
4 0 2 11 L
4 1 10 1 U
4 2 8 4 R
4 3 9 4 R
4 4 13 1 U
4 5 7 8 D
4 6 0 11 L
4 7 8 7 D
4 8 1 8 D
4 9 15 9 D
4 10 10 10 L
4 11 7 1 U
4 12 0 9 D
5 0 0 6 R
5 1 0 11 L
5 2 2 2 U
5 4 3 4 R
5 5 12 5 R
5 6 7 9 D
5 7 1 7 D
5 8 0 12 L
5 9 9 4 R
5 10 0 7 D
5 11 18 11 L
5 12 2 1 U
6 0 8 4 R
6 1 1 1 U
6 2 4 2 U
6 3 8 3 U
6 4 3 4 R
6 5 0 3 U
6 6 0 10 L
6 7 4 5 R
6 8 14 11 L
6 9 8 9 D
6 10 16 8 D
6 11 1 11 L
6 12 0 0 U
7 0 10 5 R
7 1 4 1 U
7 2 0 5 R
7 4 8 9 D
7 5 1 5 R
7 6 11 10 L
7 7 3 10 L
7 8 2 4 R
7 9 6 9 D
7 10 2 0 U
7 11 0 5 R
7 12 5 12 L
8 0 7 12 L
8 1 0 7 D
8 2 2 5 R
8 3 5 6 R
8 4 0 7 D
8 5 7 7 D
8 6 1 6 R
8 7 0 5 R
8 8 4 5 R
8 9 4 12 L
8 10 0 2 U
8 11 0 3 U
8 12 7 7 D
9 0 11 12 L
9 1 0 5 R
9 2 4 8 D
9 3 3 3 U
9 4 12 0 U
9 5 0 8 D
9 6 2 8 D
9 7 8 11 L
9 8 6 6 R
9 9 1 9 D
9 10 0 0 U
9 11 12 7 D
9 12 1 8 D
10 0 0 5 R
10 1 0 9 D
10 2 2 12 L
10 4 1 4 R
10 5 0 2 U
10 6 0 7 D
10 7 0 10 L
10 8 6 8 D
10 9 0 4 R
10 10 13 0 U
10 11 7 7 D
10 12 6 4 R
11 0 7 10 L
11 1 0 10 L
11 2 5 12 L
11 4 7 7 D
11 5 7 11 L
11 6 2 6 R
11 7 2 12 L
11 8 8 8 D
11 9 14 4 R
11 10 1 8 D
11 11 9 9 D
11 12 14 12 L
12 0 0 12 L
12 1 11 4 R
12 2 1 2 U
12 4 15 4 R
12 5 5 11 L
12 6 3 6 R
12 7 9 4 R
12 8 8 2 U
12 9 10 2 U
12 10 13 4 R
12 11 9 0 U
12 12 6 5 R
13 0 5 10 L
13 1 10 1 U
13 2 4 12 L
13 4 6 7 D
13 5 6 7 D
13 6 11 0 U
13 7 0 2 U
13 8 10 4 R
13 9 7 10 L
13 10 1 1 U
13 11 11 11 L
13 12 4 0 U
14 0 10 8 D
14 1 7 1 U
14 2 1 2 U
14 4 2 4 R
14 5 7 0 U
14 6 7 6 R
14 7 3 11 L
14 8 6 3 U
14 10 2 10 L
14 11 2 6 R
14 12 3 7 D
15 0 6 10 L
15 1 14 1 U
15 4 16 7 D
15 5 11 7 D
15 6 6 7 D
15 7 10 7 D
15 8 1 8 D
15 10 9 0 U
15 11 4 11 L
15 12 4 12 L
16 0 13 0 U
16 1 4 11 L
16 4 7 2 U
16 5 15 5 R
16 6 11 6 R
16 7 7 11 L
16 8 15 10 L
16 10 2 5 R
16 11 15 11 L
16 12 1 12 L
17 0 5 11 L
17 1 7 1 U
17 5 16 9 D
17 7 16 5 R
17 8 16 12 L
17 10 5 7 D
17 11 16 11 L
17 12 12 8 D
18 0 5 0 U
18 1 2 1 U
18 5 14 5 R
18 7 4 7 D
18 8 4 8 D
18 10 8 10 L
18 11 2 5 R
18 12 10 8 D
19 1 5 6 R
19 5 7 12 L
19 10 8 10 L
20 1 4 1 U
20 5 7 5 R

