7 11 66
0 0 0 0 0 0 0 5 0 0 0 1 0 0 0
0 0 0 0 0 0 5 0 4 0 0 6 0 0 6
0 0 0 0 0 0 0 0 0 0 0 0 0 0 0
0 0 0 0 0 0 0 0 0 0 0 0 0 0 0
0 0 0 0 0 0 0 0 0 0 0 0 0 0 0
2 0 0 0 0 3 2 0 0 0 0 0 0 4 0
0 0 0 0 0 0 0 0 0 4 0 0 0 0 0
0 0 0 0 0 0 1 0 1 0 0 0 0 2 0
0 0 0 0 0 0 0 0 0 0 0 0 0 0 0
0 0 0 0 0 0 4 0 0 0 0 0 0 0 0
0 5 0 0 0 0 0 5 3 0 2 0 0 4 6
0 6 0 0 0 2 0 0 0 5 0 0 0 4 1
0 0 0 0 0 0 0 0 0 0 0 0 0 0 0
0 0 4 0 0 0 0 0 0 0 4 0 0 0 0
0 0 3 0 0 0 0 0 0 0 5 0 0 5 0
0 0 0 0 R
0 1 0 1 R
0 2 0 2 R
0 3 0 3 U
0 4 0 4 U
0 5 0 5 D
0 6 0 6 D
0 7 0 7 D
0 8 0 8 L
0 9 0 9 L
0 10 0 10 L
1 0 0 3 U
1 1 0 5 D
1 2 3 4 U
1 3 0 8 L
1 4 4 10 L
1 5 3 9 L
1 6 4 10 L
1 7 2 7 D
1 8 3 8 L
1 9 2 3 U
1 10 0 2 R
2 0 3 0 R
2 1 3 1 R
2 2 1 2 R
2 3 1 1 R
2 4 1 4 U
2 5 0 0 R
2 6 1 8 L
2 7 3 7 D
2 8 4 1 R
2 9 4 2 R
2 10 1 10 L
3 0 0 6 D
3 1 2 4 U
3 2 2 3 U
3 3 1 8 L
3 4 0 0 R
3 5 2 1 R
3 6 1 6 D
3 7 4 4 U
3 8 2 4 U
3 9 2 9 L
3 10 2 4 U
4 0 1 5 D
4 1 1 3 U
4 2 2 6 D
4 3 6 10 L
4 4 0 5 D
4 5 0 2 R
4 7 0 3 U
4 8 0 1 R
4 9 3 7 D
4 10 0 5 D
5 0 1 3 U
5 1 0 4 U
5 3 4 9 L
5 4 0 1 R
5 5 3 0 R
5 8 0 7 D
5 10 3 10 L
6 0 0 8 L
6 3 0 10 L
6 5 0 9 L
6 6 5 6 D
6 10 0 4 U

