22 15 279
6 16 18 0 6 0 9 14 19 7 14 0
0 2 0 0 0 0 0 8 0 0 0 0
7 21 0 0 0 0 0 21 0 0 5 7
0 0 0 0 0 0 0 0 11 0 19 0
0 1 17 0 0 7 0 3 8 4 17 19
0 3 6 0 0 0 0 13 15 20 0 10
0 10 0 0 0 4 11 9 0 0 0 0
0 0 18 0 0 11 0 8 6 7 0 0
0 14 0 0 0 0 2 13 0 0 0 0
0 1 2 0 0 7 0 0 0 0 0 0
0 13 1 0 1 8 2 0 21 13 0 0
15 9 0 0 2 8 9 18 21 0 20 19
0 0 0 0 U
0 1 0 1 U
0 2 0 2 U
0 3 0 3 U
0 4 0 4 R
0 5 0 5 R
0 6 0 6 R
0 7 0 7 R
0 8 0 8 D
0 9 0 9 D
0 10 0 10 D
0 11 0 11 D
0 12 0 12 L
0 13 0 13 L
0 14 0 14 L
1 0 5 5 R
1 1 20 1 U
1 2 0 6 R
1 3 3 3 U
1 4 7 3 U
1 5 7 5 R
1 6 6 6 R
1 8 18 13 L
1 9 8 12 L
1 10 3 6 R
1 11 2 11 D
1 12 13 12 L
1 13 6 10 D
1 14 7 14 L
2 0 3 14 L
2 1 3 1 U
2 2 3 2 U
2 3 3 3 U
2 4 1 3 U
2 5 11 5 R
2 6 7 0 U
2 8 10 8 D
2 9 6 4 R
2 10 1 10 D
2 11 9 11 D
2 12 9 1 U
2 13 4 10 D
2 14 7 14 L
3 0 0 13 L
3 1 0 8 D
3 2 9 5 R
3 3 14 6 R
3 4 8 9 D
3 5 1 10 D
3 6 5 8 D
3 8 0 1 U
3 9 8 9 D
3 10 2 10 D
3 11 0 5 R
3 12 12 2 U
3 13 10 8 D
3 14 0 1 U
4 0 5 13 L
4 1 5 9 D
4 2 0 4 R
4 3 2 3 U
4 4 10 12 L
4 5 0 0 U
4 6 11 1 U
4 8 15 5 R
4 9 8 6 R
4 10 8 6 R
4 11 5 11 D
4 12 17 9 D
4 13 15 8 D
4 14 2 2 U
5 0 0 12 L
5 1 13 9 D
5 2 4 2 U
5 3 2 3 U
5 4 2 9 D
5 5 4 8 D
5 6 18 9 D
5 8 0 13 L
5 9 9 13 L
5 10 2 4 R
5 11 13 11 D
5 12 2 0 U
5 13 0 9 D
5 14 0 3 U
6 0 1 5 R
6 1 19 1 U
6 2 11 2 U
6 3 1 6 R
6 4 14 8 D
6 5 2 5 R
6 6 13 6 R
6 8 1 13 L
6 9 0 0 U
6 10 3 10 D
6 11 15 12 L
6 12 0 11 D
6 13 0 0 U
6 14 8 0 U
7 0 12 5 R
7 1 3 5 R
7 2 0 13 L
7 3 6 3 U
7 4 0 14 L
7 5 4 14 L
7 6 0 13 L
7 7 5 1 U
7 8 0 2 U
7 9 1 4 R
7 10 17 10 D
7 11 0 4 R
7 12 2 12 L
7 13 2 13 L
7 14 9 9 D
8 0 14 12 L
8 1 5 1 U
8 2 4 12 L
8 3 6 13 L
8 4 11 2 U
8 5 11 0 U
8 6 11 6 R
8 7 6 7 R
8 8 0 14 L
8 9 2 4 R
8 10 7 12 L
8 11 2 11 D
8 12 9 3 U
8 13 0 2 U
8 14 10 8 D
9 0 13 6 R
9 1 12 1 U
9 2 0 9 D
9 3 10 5 R
9 4 12 10 D
9 5 12 8 D
9 6 7 12 L
9 8 10 2 U
9 9 16 6 R
9 10 4 4 R
9 11 10 11 D
9 12 12 10 D
9 13 14 2 U
9 14 4 1 U
10 0 12 0 U
10 1 2 13 L
10 2 15 6 R
10 3 4 4 R
10 4 0 12 L
10 5 1 1 U
10 6 7 11 D
10 8 9 0 U
10 9 3 3 U
10 10 6 10 D
10 11 21 11 D
10 12 15 8 D
10 13 17 1 U
10 14 16 11 D
11 0 19 14 L
11 1 1 1 U
11 2 15 12 L
11 3 6 14 L
11 4 2 13 L
11 5 4 9 D
11 6 4 1 U
11 8 1 12 L
11 9 17 9 D
11 10 9 10 D
11 11 16 11 D
11 12 1 12 L
11 13 8 13 L
11 14 1 14 L
12 0 19 8 D
12 1 7 14 L
12 2 16 13 L
12 4 11 8 D
12 5 2 9 D
12 6 0 9 D
12 8 6 8 D
12 9 18 5 R
12 10 13 10 D
12 11 20 5 R
12 12 14 12 L
12 13 0 1 U
12 14 15 9 D
13 0 18 4 R
13 1 7 5 R
13 2 4 2 U
13 3 9 3 U
13 4 14 0 U
13 5 18 2 U
13 6 7 14 L
13 8 14 2 U
13 9 7 1 U
13 10 5 10 D
13 11 6 1 U
13 12 15 12 L
13 13 0 8 D
13 14 4 0 U
14 0 0 14 L
14 1 11 12 L
14 2 3 14 L
14 3 0 5 R
14 4 19 2 U
14 5 0 10 D
14 6 8 10 D
14 8 2 12 L
14 9 13 1 U
14 10 0 7 R
14 11 18 5 R
14 12 8 0 U
14 13 8 10 D
14 14 4 3 U
15 0 4 4 R
15 1 0 5 R
15 2 17 4 R
15 4 1 4 R
15 5 12 5 R
15 8 12 8 D
15 9 10 0 U
15 11 4 11 D
15 12 20 0 U
15 13 17 0 U
15 14 7 14 L
16 0 3 0 U
16 1 14 13 L
16 2 9 2 U
16 4 10 9 D
16 5 11 2 U
16 6 14 9 D
16 8 3 5 R
16 9 15 4 R
16 10 11 10 D
16 11 13 6 R
16 12 10 10 D
16 13 4 13 L
16 14 3 11 D
17 0 0 4 R
17 1 14 4 R
17 2 2 2 U
17 3 6 4 R
17 4 0 8 D
17 5 8 0 U
17 8 14 4 R
17 9 5 4 R
17 10 10 5 R
17 12 5 8 D
17 13 7 2 U
17 14 10 1 U
18 0 1 6 R
18 1 5 14 L
18 2 2 2 U
18 4 11 0 U
18 5 6 2 U
18 8 8 8 D
18 10 10 14 L
18 12 16 1 U
18 13 16 3 U
18 14 20 14 L
19 0 12 12 L
19 1 0 11 D
19 2 17 13 L
19 4 2 8 D
19 8 13 0 U
19 9 12 9 D
19 10 3 10 D
19 13 15 13 L
20 1 1 4 R
20 4 18 4 R
20 8 16 13 L
20 9 15 5 R
20 10 5 4 R
20 11 9 11 D
20 13 2 2 U
21 1 10 14 L
21 2 10 2 U
21 3 11 3 U
21 4 9 13 L
21 10 17 4 R
21 13 18 13 L

