10 8 73
8 7 0 0 4 8 0 5 0 4
4 0 2 0 9 0 4 0 8 1
3 3 6 0 0 0 7 0 0 6
7 0 0 0 0 6 0 0 0 0
0 0 0 0 0 9 0 0 0 4
6 0 0 9 0 0 0 0 2 8
0 7 5 0 0 3 7 0 2 0
8 0 0 0 5 6 0 0 1 6
0 0 0 0 6 0 7 0 0 0
0 4 0 2 0 2 0 8 0 8
0 0 0 0 L
0 1 0 1 L
0 2 0 2 R
0 3 0 3 R
0 4 0 4 D
0 5 0 5 D
0 6 0 6 U
0 7 0 7 U
1 0 3 5 D
1 1 4 1 L
1 2 0 6 U
1 3 5 6 U
1 4 0 0 L
1 5 0 1 L
1 6 4 2 R
1 7 0 5 D
2 0 0 6 U
2 1 3 7 U
2 2 3 2 R
2 3 1 3 R
2 4 1 4 D
2 5 0 3 R
2 6 0 4 D
2 7 3 1 L
3 0 0 4 D
3 1 1 1 L
3 2 4 4 D
3 3 4 4 D
3 4 0 2 R
3 5 2 3 R
3 6 0 3 R
3 7 2 7 U
4 0 0 7 U
4 1 2 1 L
4 2 0 5 D
4 3 0 0 L
4 4 0 6 U
4 5 3 5 D
4 6 0 0 L
4 7 3 3 R
5 0 6 0 L
5 1 1 1 L
5 2 3 4 D
5 3 8 5 D
5 4 4 3 R
5 5 3 1 L
5 6 2 6 U
5 7 3 7 U
6 0 5 6 U
6 1 4 2 R
6 2 5 2 R
6 3 1 7 U
6 4 2 0 L
6 5 0 7 U
6 6 4 0 L
6 7 5 7 U
7 0 0 2 R
7 1 5 4 D
7 2 6 5 D
7 4 4 0 L
7 5 2 6 U
7 6 1 2 R
7 7 4 3 R
8 0 4 7 U
8 1 0 5 D
8 2 0 1 L
8 4 1 0 L
8 5 7 0 L
8 6 3 1 L
8 7 7 3 R
9 1 3 4 D
9 4 3 7 U
9 6 6 2 R

