21 16 275
17 14 17 0 0 8 14 8 17 9
0 0 11 0 5 0 13 0 0 17
0 0 4 0 0 16 0 0 8 5
0 0 18 0 0 14 14 0 0 4
0 0 12 5 0 0 5 0 0 0
0 0 0 13 0 13 11 13 2 20
14 14 18 0 0 17 0 13 0 8
7 8 0 0 0 3 0 16 19 14
0 0 15 0 16 0 2 17 6 3
14 4 16 0 0 12 0 0 0 18
0 0 0 0 R
0 1 0 1 R
0 2 0 2 R
0 3 0 3 R
0 4 0 4 U
0 5 0 5 U
0 6 0 6 U
0 7 0 7 U
0 8 0 8 D
0 9 0 9 D
0 10 0 10 D
0 11 0 11 D
0 12 0 12 L
0 13 0 13 L
0 14 0 14 L
0 15 0 15 L
1 0 0 6 U
1 1 8 4 U
1 2 7 4 U
1 3 9 7 U
1 4 16 8 D
1 5 2 5 U
1 6 13 1 R
1 7 3 7 U
1 8 12 15 L
1 9 4 0 R
1 10 10 0 R
1 11 4 2 R
1 12 0 0 R
1 13 0 10 D
1 14 2 14 L
1 15 8 4 U
2 0 0 7 U
2 1 10 1 R
2 2 1 2 R
2 3 9 3 R
2 4 12 0 R
2 5 6 1 R
2 6 11 2 R
2 7 15 3 R
2 8 13 8 D
2 9 10 14 L
2 10 9 1 R
2 11 6 11 D
2 12 6 12 L
2 13 9 0 R
2 14 12 8 D
2 15 6 15 L
3 0 10 8 D
3 1 4 10 D
3 2 6 11 D
3 3 0 14 L
3 4 15 15 L
3 5 12 10 D
3 6 10 10 D
3 7 2 7 U
3 8 0 5 U
3 9 11 9 D
3 10 10 3 R
3 11 9 11 D
3 12 0 6 U
3 13 4 13 L
3 14 2 8 D
3 15 7 9 D
4 0 7 5 U
4 1 7 1 R
4 2 2 2 R
4 3 3 9 D
4 4 7 12 L
4 5 14 5 U
4 6 3 13 L
4 7 3 7 U
4 8 1 12 L
4 9 6 12 L
4 10 6 15 L
4 11 18 11 D
4 12 3 11 D
4 13 0 4 U
4 14 2 14 L
4 15 6 15 L
5 0 0 8 D
5 1 0 12 L
5 2 14 6 U
5 3 4 9 D
5 4 0 9 D
5 5 0 10 D
5 6 7 10 D
5 7 6 7 U
5 8 3 1 R
5 9 9 9 D
5 10 1 10 D
5 11 6 13 L
5 12 6 5 U
5 13 4 5 U
5 14 12 14 L
5 15 15 4 U
6 0 3 4 U
6 1 10 4 U
6 2 7 2 R
6 3 1 3 R
6 4 15 13 L
6 5 8 12 L
6 6 7 6 U
6 7 3 7 U
6 8 10 8 D
6 9 5 13 L
6 10 0 1 R
6 11 13 11 D
6 12 11 4 U
6 13 2 13 L
6 14 17 14 L
6 15 12 2 R
7 0 4 11 D
7 1 0 9 D
7 2 10 10 D
7 3 3 6 U
7 4 16 13 L
7 5 11 1 R
7 6 5 8 D
7 7 16 12 L
7 8 10 0 R
7 9 5 1 R
7 10 3 10 D
7 11 8 12 L
7 12 10 7 U
7 13 13 13 L
7 14 10 6 U
7 15 10 15 L
8 0 4 10 D
8 1 0 10 D
8 2 13 2 R
8 3 10 7 U
8 4 5 4 U
8 5 10 2 R
8 6 0 11 D
8 7 7 13 L
8 8 5 3 R
8 9 0 0 R
8 10 5 10 D
8 11 7 12 L
8 12 11 6 U
8 13 2 8 D
8 14 5 5 U
8 15 6 15 L
9 0 14 0 R
9 1 0 13 L
9 2 15 5 U
9 3 6 11 D
9 4 0 13 L
9 5 12 2 R
9 6 8 13 L
9 7 13 14 L
9 8 12 14 L
9 9 12 13 L
9 10 1 15 L
9 11 11 1 R
9 12 0 7 U
9 13 1 5 U
9 14 0 2 R
9 15 4 15 L
10 0 4 5 U
10 1 12 6 U
10 2 9 7 U
10 3 7 3 R
10 4 3 2 R
10 5 5 13 L
10 6 5 11 D
10 7 9 11 D
10 8 0 12 L
10 9 1 13 L
10 10 12 3 R
10 11 11 14 L
10 12 3 8 D
10 13 13 1 R
10 14 4 14 L
10 15 2 15 L
11 0 0 4 U
11 1 14 6 U
11 2 8 6 U
11 4 1 4 U
11 5 5 15 L
11 6 7 6 U
11 7 17 1 R
11 8 14 2 R
11 9 8 9 D
11 10 15 14 L
11 12 4 9 D
11 13 2 6 U
11 14 6 2 R
11 15 0 3 R
12 0 6 0 R
12 1 4 5 U
12 2 4 5 U
12 3 15 4 U
12 4 0 8 D
12 5 10 0 R
12 6 8 3 R
12 7 0 3 R
12 8 5 4 U
12 9 15 0 R
12 10 10 13 L
12 11 8 0 R
12 12 13 0 R
12 13 2 5 U
12 14 11 1 R
12 15 8 15 L
13 0 15 10 D
13 1 12 1 R
13 2 7 9 D
13 3 16 3 R
13 4 3 4 U
13 5 3 14 L
13 6 8 6 U
13 7 3 15 L
13 8 1 1 R
13 9 11 2 R
13 10 9 12 L
13 12 0 1 R
13 13 12 9 D
13 14 2 14 L
13 15 1 6 U
14 0 11 8 D
14 1 5 13 L
14 2 0 15 L
14 4 4 4 U
14 5 3 8 D
14 6 4 12 L
14 7 6 7 U
14 8 8 1 R
14 9 8 9 D
14 10 1 12 L
14 11 0 14 L
14 12 15 3 R
14 13 7 4 U
14 14 12 7 U
14 15 6 15 L
15 0 9 9 D
15 1 14 13 L
15 2 13 8 D
15 3 8 3 R
15 4 4 12 L
15 7 2 7 U
15 8 1 2 R
15 9 13 15 L
15 10 6 10 D
15 11 17 13 L
15 12 12 10 D
15 13 13 6 U
15 14 16 5 U
15 15 8 9 D
16 0 1 8 D
16 1 0 11 D
16 4 5 8 D
16 7 3 7 U
16 8 3 0 R
16 9 6 1 R
16 10 2 2 R
16 12 2 12 L
16 13 7 7 U
16 15 5 5 U
17 0 2 4 U
17 1 12 4 U
17 4 1 9 D
17 7 0 9 D
17 8 15 12 L
17 10 16 2 R
17 12 1 10 D
17 13 10 0 R
17 15 13 0 R
18 1 15 14 L
18 4 5 9 D
18 12 10 12 L
18 15 17 7 U
19 1 9 5 U
20 1 12 7 U

