8 4 28
1 0 0 0 0 0 0 0 0 0 0 0 7 0 2
0 0 0 0 0 0 0 0 0 0 0 0 0 0 0
3 0 0 0 0 0 0 0 0 0 0 2 0 0 0
0 0 0 0 0 0 0 0 0 1 0 4 0 0 4
7 0 0 0 0 0 0 0 0 0 2 0 0 0 0
0 0 0 0 0 4 0 5 0 0 0 6 6 0 0
0 0 0 0 0 0 0 0 0 0 0 0 0 0 0
0 0 0 0 0 0 0 0 0 0 0 0 0 0 0
0 0 0 0 0 0 0 0 0 0 0 0 0 0 0
0 0 0 0 0 0 0 0 0 0 0 0 0 0 0
0 0 0 0 0 0 0 3 0 0 3 0 0 0 0
0 0 0 0 0 0 0 0 0 0 0 0 0 0 0
0 0 0 0 0 0 0 0 0 0 0 0 0 0 0
0 0 3 0 0 0 0 0 0 0 0 5 0 0 0
0 0 0 0 0 1 0 0 0 0 0 0 0 0 1
0 0 0 0 L
0 1 0 1 R
0 2 0 2 D
0 3 0 3 U
1 0 0 2 D
1 1 0 0 L
1 2 0 3 U
1 3 0 1 R
2 0 0 3 U
2 1 0 2 D
2 2 1 2 D
2 3 0 0 L
3 0 0 1 R
3 1 0 3 U
3 2 0 1 R
3 3 1 3 U
4 0 1 2 D
4 1 3 2 D
4 2 0 0 L
4 3 2 1 R
5 0 6 0 L
5 1 1 3 U
5 2 5 0 L
6 0 2 0 L
6 1 1 1 R
6 2 4 0 L
7 0 2 3 U
7 1 1 2 D

