8 9 60
1 4 0 0 0 0 5 0 5 0 0 1 0 6
0 0 0 0 0 0 6 0 0 7 0 6 3 0
0 0 0 0 0 0 0 0 0 0 0 6 0 0
1 0 0 5 2 0 0 0 7 0 0 0 5 0
2 0 0 0 0 0 0 0 4 0 3 7 0 0
0 0 0 0 0 0 0 0 0 0 0 0 0 0
0 1 0 0 0 0 0 4 0 0 0 0 0 3
0 0 0 3 0 2 3 0 4 0 0 0 0 0
0 0 0 0 0 0 1 0 0 0 0 0 0 1
0 0 0 4 0 0 0 0 0 0 4 0 0 0
2 4 0 5 0 0 0 0 0 4 3 3 0 2
0 1 0 0 0 3 0 0 0 0 4 0 0 3
0 0 0 0 3 0 0 0 0 0 0 0 5 0
0 1 0 1 0 0 1 1 1 0 0 5 0 0
0 0 0 0 R
0 1 0 1 R
0 2 0 2 U
0 3 0 3 U
0 4 0 4 D
0 5 0 5 D
0 6 0 6 L
0 7 0 7 L
0 8 0 8 L
1 0 0 6 L
1 1 0 4 D
1 2 0 0 R
1 3 1 0 R
1 4 0 7 L
1 5 0 1 R
1 6 0 2 U
1 7 0 3 U
1 8 0 5 D
2 0 0 8 L
2 1 2 5 D
2 2 0 1 R
2 3 0 6 L
2 4 0 6 L
2 5 0 2 U
2 6 1 1 R
2 7 0 4 D
2 8 1 8 L
3 0 0 3 U
3 1 0 2 U
3 2 0 4 D
3 3 0 8 L
3 4 0 0 R
3 5 0 3 U
3 6 1 4 D
3 7 4 4 D
3 8 5 2 U
4 0 1 0 R
4 1 2 1 R
4 2 2 2 U
4 3 2 1 R
4 4 1 4 D
4 5 1 6 L
4 6 3 3 U
5 0 3 3 U
5 1 1 1 R
5 2 3 1 R
5 3 2 3 U
5 4 2 4 D
5 5 6 6 L
5 6 3 6 L
6 0 0 5 D
6 2 1 7 L
6 3 6 6 L
6 4 2 7 L
6 5 4 5 D
6 6 0 0 R
7 2 1 2 U
7 3 6 3 U
7 5 7 5 D
7 6 4 6 L

