9 4 32
6 0 0 0 7 0 0 0 0 0 0 0 0 7 0
0 5 0 0 0 0 0 0 1 0 0 0 0 0 0
0 0 0 0 0 1 0 0 0 0 0 1 0 0 0
0 0 0 0 0 0 1 0 0 1 0 0 0 0 0
0 0 0 0 0 0 8 5 0 0 0 0 0 0 2
5 5 0 0 0 0 0 4 0 0 0 0 0 0 0
0 0 0 0 0 0 0 0 0 0 0 0 0 0 0
0 0 1 0 0 0 8 0 0 0 0 7 0 3 0
0 0 0 0 0 0 0 2 0 0 0 0 4 0 2
0 0 0 0 0 0 0 0 0 0 0 0 0 0 0
0 0 0 0 0 0 0 0 0 0 0 0 0 0 0
0 0 0 0 0 0 0 0 0 0 0 0 0 0 0
0 3 0 0 0 0 0 4 0 0 0 0 0 0 0
2 0 0 0 0 3 0 0 0 0 0 0 0 0 0
0 0 1 4 1 0 1 0 2 0 0 0 3 1 0
0 0 0 0 D
0 1 0 1 R
0 2 0 2 U
0 3 0 3 L
1 0 0 2 U
1 1 0 0 D
1 2 0 1 R
1 3 0 2 U
2 0 0 1 R
2 1 0 3 L
2 2 1 1 R
2 3 2 0 D
3 0 1 1 R
3 1 0 2 U
3 2 3 1 R
3 3 2 3 L
4 0 0 3 L
4 1 1 3 L
4 2 0 3 L
4 3 0 1 R
5 0 4 0 D
5 1 3 0 D
5 2 1 0 D
5 3 3 3 L
6 1 4 0 D
6 2 2 1 R
6 3 0 0 D
7 1 4 1 R
7 2 6 3 L
7 3 1 0 D
8 1 3 2 U
8 2 6 0 D

