30 18 479
20 0 0 26 0 0 0 0 0 0 0 0 0 0 0 25 8 7 0
27 0 0 0 28 27 6 0 0 7 28 0 0 0 22 0 0 0 0
0 0 20 27 27 19 0 24 13 0 0 0 28 0 21 0 11 0 0
0 13 0 0 17 0 0 0 0 0 0 0 0 1 0 18 0 0 0
3 0 0 3 2 0 20 0 0 0 0 22 2 4 0 0 19 0 2
13 0 21 3 2 0 21 25 0 6 29 0 0 0 0 0 0 0 0
4 29 0 0 0 0 0 0 0 8 27 26 0 0 12 0 0 6 1
20 4 0 2 0 0 13 0 0 25 0 0 16 25 0 22 0 0 0
0 0 0 0 0 0 17 0 0 0 26 19 0 0 23 0 0 0 0
0 0 0 0 0 28 5 16 0 9 0 5 0 23 23 0 0 1 0
4 19 0 0 2 29 2 0 8 8 2 0 27 0 6 0 24 0 25
0 0 0 0 0 0 13 29 0 11 0 11 0 0 0 10 0 24 21
0 0 8 0 0 1 0 0 15 0 0 0 19 26 0 28 27 21 12
24 0 25 14 0 1 0 28 18 21 6 0 14 0 26 0 1 0 0
21 0 0 0 0 27 0 0 0 0 0 0 0 27 0 0 0 23 0
13 0 26 0 2 27 0 0 0 0 25 21 11 0 0 16 0 0 0
2 18 0 0 0 2 22 0 24 21 14 22 6 12 17 0 0 0 0
0 1 1 0 0 24 25 19 0 9 2 0 0 0 19 0 21 24 0
26 0 0 0 0 26 0 26 6 26 0 0 25 0 0 3 1 0 2
0 0 0 0 U
0 1 0 1 U
0 2 0 2 U
0 3 0 3 U
0 4 0 4 U
0 5 0 5 R
0 6 0 6 R
0 7 0 7 R
0 8 0 8 R
0 9 0 9 D
0 10 0 10 D
0 11 0 11 D
0 12 0 12 D
0 13 0 13 D
0 14 0 14 L
0 15 0 15 L
0 16 0 16 L
0 17 0 17 L
1 0 0 9 D
1 1 4 1 U
1 2 10 2 U
1 3 8 3 U
1 4 6 4 U
1 5 3 0 U
1 6 24 6 R
1 7 0 2 U
1 8 0 11 D
1 9 10 9 D
1 10 0 5 R
1 11 0 7 R
1 12 5 12 D
1 13 6 13 D
1 14 9 1 U
1 15 0 13 D
1 16 13 16 L
1 17 4 17 L
2 0 3 0 U
2 1 0 11 D
2 2 8 5 R
2 3 19 3 U
2 4 4 4 U
2 5 0 0 U
2 6 0 1 U
2 7 0 14 L
2 8 3 13 D
2 9 6 5 R
2 10 1 10 D
2 11 6 8 R
2 12 13 12 D
2 13 1 13 D
2 14 18 1 U
2 15 0 1 U
2 16 9 16 L
2 17 0 2 U
3 0 11 15 L
3 1 13 1 U
3 2 20 16 L
3 3 2 3 U
3 4 11 4 U
3 5 9 13 D
3 6 9 6 R
3 7 7 7 R
3 8 0 17 L
3 9 0 14 L
3 10 10 15 L
3 11 23 5 R
3 12 19 12 D
3 13 14 13 D
3 14 0 3 U
3 15 5 15 L
3 16 17 9 D
3 17 2 1 U
4 0 1 0 U
4 1 12 1 U
4 2 15 2 U
4 3 0 12 D
4 4 6 4 U
4 5 13 9 D
4 6 9 11 D
4 7 3 7 R
4 8 3 8 R
4 9 9 7 R
4 10 2 5 R
4 11 14 11 D
4 12 11 5 R
4 13 6 13 D
4 14 18 14 L
4 15 1 15 L
4 16 5 16 L
4 17 19 9 D
5 0 6 15 L
5 1 11 16 L
5 2 1 2 U
5 3 15 3 U
5 4 3 15 L
5 5 4 5 R
5 6 4 10 D
5 7 4 7 R
5 8 9 8 R
5 9 1 14 L
5 10 10 10 D
5 11 12 11 D
5 12 15 12 D
5 13 2 13 D
5 14 17 3 U
5 15 1 15 L
5 16 3 4 U
5 17 3 17 L
6 0 7 0 U
6 1 2 8 R
6 2 1 2 U
6 3 10 3 U
6 4 2 4 U
6 5 1 11 D
6 6 24 13 D
6 7 8 7 R
6 8 1 17 L
6 9 3 6 R
6 10 23 16 L
6 11 5 11 D
6 12 13 12 D
6 13 2 13 D
6 14 7 2 U
6 15 19 15 L
6 16 3 16 L
6 17 2 17 L
7 0 1 0 U
7 1 1 1 U
7 2 4 2 U
7 3 1 3 U
7 4 0 14 L
7 5 10 17 L
7 6 17 16 L
7 7 13 17 L
7 8 9 4 U
7 9 0 15 L
7 10 10 10 D
7 11 0 0 U
7 12 6 12 D
7 13 0 3 U
7 14 13 1 U
7 15 0 4 U
7 16 12 11 D
7 17 8 17 L
8 0 3 15 L
8 1 0 6 R
8 2 21 2 U
8 3 5 8 R
8 5 0 9 D
8 6 4 6 R
8 7 16 14 L
8 8 17 8 R
8 9 0 17 L
8 10 12 10 D
8 11 7 11 D
8 12 3 6 R
8 13 24 7 R
8 14 0 10 D
8 15 16 10 D
8 16 0 4 U
8 17 3 17 L
9 0 15 0 U
9 1 17 1 U
9 2 7 8 R
9 3 24 17 L
9 4 5 16 L
9 5 0 3 U
9 6 1 11 D
9 7 20 13 D
9 8 17 8 R
9 9 22 17 L
9 10 20 16 L
9 11 0 16 L
9 13 13 8 R
9 14 0 12 D
9 15 16 9 D
9 16 15 16 L
9 17 3 17 L
10 0 8 7 R
10 1 13 1 U
10 2 25 7 R
10 3 19 3 U
10 4 8 4 U
10 5 8 0 U
10 6 14 10 D
10 7 22 2 U
10 8 1 8 R
10 9 5 14 L
10 10 1 7 R
10 11 2 11 D
10 12 15 12 D
10 13 2 13 D
10 14 5 14 L
10 15 15 0 U
10 16 25 13 D
10 17 18 1 U
11 0 0 14 L
11 1 13 1 U
11 2 0 13 D
11 3 19 16 L
11 4 17 17 L
11 5 21 0 U
11 6 21 9 D
11 7 20 7 R
11 8 9 8 R
11 9 3 5 R
11 10 12 1 U
11 11 19 11 D
11 13 1 8 R
11 14 12 0 U
11 15 0 8 R
11 16 3 3 U
11 17 5 10 D
12 0 11 0 U
12 1 6 1 U
12 2 2 2 U
12 3 13 3 U
12 4 22 6 R
12 5 9 14 L
12 6 9 13 D
12 7 20 11 D
12 8 0 0 U
12 9 3 9 D
12 10 3 7 R
12 11 1 2 U
12 12 8 12 D
12 13 2 7 R
12 14 0 11 D
12 15 15 15 L
12 16 23 2 U
12 17 11 12 D
13 0 11 6 R
13 1 14 7 R
13 2 7 2 U
13 3 10 7 R
13 5 8 9 D
13 6 4 6 R
13 7 20 0 U
13 8 6 8 R
13 9 15 7 R
13 10 15 10 D
13 11 16 7 R
13 12 12 12 D
13 13 12 13 D
13 14 22 6 R
13 15 15 13 D
13 16 16 9 D
13 17 2 2 U
14 0 13 0 U
14 1 15 1 U
14 2 10 14 L
14 3 6 3 U
14 5 0 15 L
14 6 17 4 U
14 7 0 9 D
14 8 10 8 R
14 9 2 9 D
14 10 6 10 D
14 11 16 0 U
14 12 4 12 D
14 13 24 13 D
14 14 4 2 U
14 15 17 15 L
14 16 19 9 D
14 17 13 11 D
15 0 9 8 R
15 1 6 17 L
15 2 14 2 U
15 3 6 3 U
15 4 20 7 R
15 5 9 10 D
15 6 18 10 D
15 7 20 10 D
15 8 5 10 D
15 9 16 6 R
15 10 6 10 D
15 11 6 11 D
15 12 0 6 R
15 13 5 13 D
15 14 0 0 U
15 15 12 3 U
15 16 14 16 L
15 17 12 2 U
16 0 20 8 R
16 1 19 5 R
16 2 0 6 R
16 3 1 3 U
16 5 18 11 D
16 6 14 6 R
16 7 4 7 R
16 8 26 8 R
16 9 4 5 R
16 10 6 10 D
16 11 8 7 R
16 13 5 13 D
16 14 0 9 D
16 15 2 0 U
16 16 1 0 U
16 17 9 9 D
17 0 13 5 R
17 1 22 1 U
17 2 23 6 R
17 3 4 6 R
17 4 0 16 L
17 5 7 5 R
17 6 6 12 D
17 7 6 7 R
17 8 22 8 R
17 9 21 14 L
17 10 15 10 D
17 11 12 8 R
17 13 23 14 L
17 14 1 9 D
17 15 23 10 D
17 16 20 0 U
17 17 5 17 L
18 0 14 14 L
18 1 8 6 R
18 2 4 15 L
18 3 12 15 L
18 5 3 1 U
18 6 5 6 R
18 7 11 7 R
18 8 4 8 R
18 9 20 9 D
18 10 6 5 R
18 11 8 11 D
18 12 9 8 R
18 13 0 4 U
18 14 24 11 D
18 15 10 0 U
18 16 2 5 R
18 17 5 17 L
19 0 17 7 R
19 1 18 1 U
19 2 8 2 U
19 3 5 3 U
19 5 4 5 R
19 6 4 6 R
19 7 9 0 U
19 8 24 9 D
19 9 23 5 R
19 10 7 10 D
19 11 12 11 D
19 12 6 2 U
19 13 21 5 R
19 14 4 10 D
19 15 26 9 D
19 16 4 16 L
19 17 4 11 D
20 0 16 0 U
20 1 15 16 L
20 2 23 7 R
20 3 9 16 L
20 5 29 5 R
20 6 14 12 D
20 7 9 7 R
20 8 23 8 R
20 9 21 8 R
20 10 27 5 R
20 11 4 11 D
20 13 22 13 D
20 14 0 7 R
20 15 9 15 L
20 16 13 9 D
20 17 26 17 L
21 0 0 17 L
21 1 9 6 R
21 2 12 16 L
21 3 0 15 L
21 5 14 5 R
21 6 0 10 D
21 7 3 0 U
21 8 23 8 R
21 9 3 14 L
21 10 12 6 R
21 11 0 1 U
21 12 14 7 R
21 13 8 13 D
21 14 19 3 U
21 15 3 2 U
21 16 16 16 L
21 17 23 13 D
22 0 0 5 R
22 1 0 10 D
22 2 1 2 U
22 3 0 10 D
22 5 17 5 R
22 6 4 2 U
22 7 4 7 R
22 8 0 3 U
22 9 3 9 D
22 10 3 17 L
22 11 14 14 L
22 13 0 15 L
22 14 0 6 R
22 15 12 1 U
22 16 16 10 D
22 17 17 13 D
23 0 1 0 U
23 1 18 6 R
23 2 2 2 U
23 3 3 6 R
23 5 5 9 D
23 6 7 3 U
23 7 7 0 U
23 8 0 9 D
23 9 24 8 R
23 10 12 7 R
23 11 11 11 D
23 13 12 5 R
23 14 21 4 U
23 15 16 11 D
23 17 11 17 L
24 0 12 5 R
24 1 5 15 L
24 2 17 17 L
24 3 6 3 U
24 5 25 0 U
24 6 8 11 D
24 7 3 12 D
24 9 2 1 U
24 10 17 10 D
24 11 1 11 D
24 13 26 13 D
24 14 2 4 U
24 15 17 15 L
24 16 21 16 L
24 17 20 10 D
25 0 11 14 L
25 1 2 1 U
25 2 7 2 U
25 3 19 5 R
25 5 6 15 L
25 6 3 16 L
25 7 2 7 R
25 9 17 17 L
25 10 12 10 D
25 11 7 11 D
25 13 11 13 D
25 14 8 0 U
25 15 5 15 L
25 17 12 3 U
26 0 25 16 L
26 1 0 9 D
26 2 12 2 U
26 3 1 3 U
26 5 15 1 U
26 6 9 2 U
26 7 1 7 R
26 9 17 16 L
26 10 6 8 R
26 11 1 0 U
26 13 27 15 L
26 14 13 13 D
26 15 0 5 R
26 17 1 17 L
27 0 2 15 L
27 1 11 1 U
27 2 15 14 L
27 5 15 3 U
27 7 5 0 U
27 9 15 14 L
27 10 26 17 L
27 13 5 13 D
27 14 17 12 D
27 15 24 2 U
27 17 16 0 U
28 1 9 17 L
28 2 26 2 U
28 5 6 9 D
28 7 9 7 R
28 14 1 14 L
28 17 1 10 D
29 1 9 1 U
29 2 2 2 U
29 5 13 11 D
29 7 2 7 R
29 17 0 1 U

