7 6 35
0 0 0 0 0 0 2 0 2 0
0 0 0 0 0 0 0 0 0 5
0 0 0 5 0 4 5 0 4 0
3 0 0 0 5 6 0 0 0 0
0 0 0 0 0 1 0 1 0 0
0 0 0 0 0 0 0 0 0 0
0 0 0 0 0 0 0 0 0 0
0 0 0 4 3 0 0 5 0 4
0 0 0 0 0 4 5 2 0 0
4 0 2 2 0 0 0 0 3 0
0 0 0 0 D
0 1 0 1 R
0 2 0 2 R
0 3 0 3 U
0 4 0 4 L
0 5 0 5 L
1 0 2 5 L
1 1 0 3 U
1 2 3 2 R
1 3 0 0 D
1 4 3 0 D
1 5 3 5 L
2 0 0 4 L
2 1 0 0 D
2 2 6 3 U
2 3 0 1 R
2 4 0 3 U
2 5 1 5 L
3 0 2 1 R
3 1 2 3 U
3 2 2 2 R
3 3 2 1 R
3 4 2 1 R
3 5 4 3 U
4 0 0 1 R
4 1 1 3 U
4 3 0 4 L
4 4 3 3 U
4 5 0 2 R
5 0 1 4 L
5 1 1 1 R
5 3 1 0 D
5 4 0 0 D
6 0 0 5 L
6 1 1 4 L

