26 35 844
11 12 16 17 13 0 0 0 0 0 24 17 18 16 8 0
0 0 0 0 9 0 0 0 0 0 23 16 12 17 0 1
5 0 0 0 0 5 16 2 20 15 0 19 23 0 0 6
0 0 23 0 6 2 20 22 0 0 23 0 13 0 0 15
0 0 0 12 3 7 24 17 20 16 20 0 0 0 22 13
1 23 16 0 5 22 24 0 22 14 23 0 0 0 0 0
19 0 0 20 0 21 0 0 0 8 6 0 24 0 22 16
0 0 0 0 0 0 0 0 24 0 8 0 0 10 10 0
0 3 0 0 7 4 0 0 0 0 0 0 0 18 3 0
15 15 2 17 6 20 21 0 19 11 10 18 25 0 0 11
6 2 0 19 4 0 21 18 14 0 15 0 24 0 6 24
7 0 2 14 0 23 0 22 0 0 0 14 20 16 0 6
0 2 21 0 0 24 0 23 20 0 0 20 16 0 5 0
0 0 0 12 23 21 0 24 0 0 11 1 0 18 0 0
9 20 21 22 0 24 24 21 0 0 0 0 23 0 8 0
18 21 15 0 13 0 20 20 19 11 0 0 0 8 0 0
0 0 0 0 L
0 1 0 1 L
0 2 0 2 L
0 3 0 3 L
0 4 0 4 L
0 5 0 5 L
0 6 0 6 L
0 7 0 7 L
0 8 0 8 R
0 9 0 9 R
0 10 0 10 R
0 11 0 11 R
0 12 0 12 R
0 13 0 13 R
0 14 0 14 R
0 15 0 15 R
0 16 0 16 D
0 17 0 17 D
0 18 0 18 D
0 19 0 19 D
0 20 0 20 D
0 21 0 21 D
0 22 0 22 D
0 23 0 23 D
0 24 0 24 D
0 25 0 25 U
0 26 0 26 U
0 27 0 27 U
0 28 0 28 U
0 29 0 29 U
0 30 0 30 U
0 31 0 31 U
0 32 0 32 U
0 33 0 33 U
0 34 0 34 U
1 0 0 16 D
1 1 2 16 D
1 2 1 18 D
1 3 1 10 R
1 4 2 19 D
1 5 3 25 U
1 6 1 23 D
1 7 4 18 D
1 8 0 25 U
1 9 0 17 D
1 10 0 19 D
1 11 2 28 U
1 12 0 30 U
1 13 2 29 U
1 14 2 32 U
1 15 1 16 D
1 16 0 0 L
1 17 0 8 R
1 18 0 26 U
1 19 0 2 L
1 20 0 4 L
1 21 3 5 L
1 22 0 2 L
1 23 0 32 U
1 24 3 3 L
1 25 0 0 L
1 26 0 9 R
1 27 1 2 L
1 28 2 3 L
1 29 2 4 L
1 30 0 20 D
1 31 1 12 R
1 32 0 13 R
1 33 1 12 R
1 34 4 0 L
2 0 1 25 U
2 1 1 1 L
2 2 0 18 D
2 3 0 9 R
2 4 0 29 U
2 5 2 5 L
2 6 2 6 L
2 7 3 7 L
2 8 0 26 U
2 9 0 27 U
2 10 1 10 R
2 11 2 11 R
2 12 1 20 D
2 13 3 13 R
2 14 2 14 R
2 15 1 15 R
2 16 2 0 L
2 17 0 1 L
2 18 0 9 R
2 19 2 3 L
2 20 0 12 R
2 21 3 21 D
2 22 1 22 D
2 23 3 10 R
2 24 3 24 D
2 25 0 17 D
2 26 1 26 U
2 27 1 11 R
2 28 2 28 U
2 29 3 2 L
2 30 1 30 U
2 31 1 31 U
2 32 3 6 L
2 33 3 33 U
2 34 2 34 U
3 0 2 21 D
3 1 2 26 U
3 2 3 19 D
3 3 0 14 R
3 4 0 28 U
3 5 3 20 D
3 6 2 24 D
3 7 4 16 D
3 8 3 17 D
3 9 1 22 D
3 10 1 30 U
3 11 2 31 U
3 12 2 23 D
3 13 2 21 D
3 14 1 33 U
3 15 4 15 R
3 16 0 11 R
3 17 0 27 U
3 18 3 8 R
3 19 0 28 U
3 20 2 30 U
3 21 1 5 L
3 22 2 22 D
3 23 5 31 U
3 24 2 24 D
3 25 0 16 D
3 26 1 0 L
3 27 0 1 L
3 28 1 9 R
3 29 3 29 U
3 30 3 13 R
3 31 2 31 U
3 32 6 3 L
3 33 1 33 U
3 34 4 34 U
4 0 4 21 D
4 1 2 10 R
4 2 5 18 D
4 3 5 24 D
4 4 7 20 D
4 5 4 17 D
4 6 5 16 D
4 7 5 7 L
4 8 2 22 D
4 9 0 34 U
4 10 3 25 U
4 11 3 28 U
4 12 5 30 U
4 13 4 22 D
4 14 4 24 D
4 15 1 0 L
4 16 1 2 L
4 17 4 1 L
4 18 2 18 D
4 19 6 3 L
4 20 0 31 U
4 21 1 29 U
4 22 3 6 L
4 23 3 23 D
4 24 4 5 L
4 25 3 11 R
4 26 1 15 R
4 27 0 18 D
4 28 2 7 L
4 29 2 8 R
4 30 5 2 L
4 31 0 4 L
4 32 1 32 U
4 33 4 7 L
4 34 4 11 R
5 0 3 28 U
5 1 3 18 D
5 2 5 2 L
5 3 6 3 L
5 4 8 4 L
5 5 5 23 D
5 6 5 6 L
5 7 2 7 L
5 8 2 34 U
5 9 4 21 D
5 10 0 18 D
5 11 4 29 U
5 12 2 12 R
5 13 5 13 R
5 14 1 14 R
5 15 6 15 R
5 16 0 25 U
5 17 3 1 L
5 18 1 18 D
5 19 5 19 D
5 20 5 20 D
5 21 5 0 L
5 22 5 5 L
5 23 4 23 D
5 24 6 2 L
5 25 0 14 R
5 26 0 10 R
5 27 6 12 R
5 28 0 20 D
5 29 4 6 L
5 30 5 18 D
5 31 4 31 U
5 32 5 32 U
5 33 6 33 U
5 34 5 1 L
6 0 0 25 U
6 1 3 30 U
6 2 2 27 U
6 3 5 19 D
6 4 10 4 L
6 5 10 31 U
6 6 5 19 D
6 7 6 7 L
6 8 5 33 U
6 9 3 34 U
6 10 3 18 D
6 11 0 23 D
6 12 4 12 R
6 13 4 32 U
6 14 3 30 U
6 15 7 21 D
6 16 5 8 R
6 17 3 0 L
6 18 2 15 R
6 19 0 15 R
6 20 4 20 D
6 21 7 0 L
6 22 4 22 D
6 23 8 2 L
6 24 5 24 D
6 25 6 25 U
6 26 4 13 R
6 27 8 27 U
6 28 2 8 R
6 29 0 11 R
6 30 1 6 L
6 31 4 13 R
6 32 7 7 L
6 33 7 6 L
6 34 8 11 R
7 0 2 25 U
7 1 7 26 U
7 2 7 27 U
7 3 8 28 U
7 4 10 21 D
7 5 11 27 U
7 6 8 6 L
7 7 9 16 D
7 8 5 31 U
7 9 2 26 U
7 10 7 18 D
7 11 7 29 U
7 12 6 19 D
7 13 9 32 U
7 14 10 14 R
7 15 3 20 D
7 16 6 8 R
7 17 4 9 R
7 18 6 10 R
7 19 1 19 D
7 20 5 6 L
7 21 2 1 L
7 22 7 11 R
7 23 7 23 D
7 24 6 34 U
7 25 0 7 L
7 26 6 17 D
7 27 0 17 D
7 28 5 8 R
7 29 3 22 D
7 30 14 13 R
7 31 6 31 U
7 32 9 32 U
7 33 7 33 U
7 34 8 34 U
8 0 5 28 U
8 1 0 21 D
8 2 7 23 D
8 3 3 27 U
8 4 10 29 U
8 5 12 31 U
8 6 7 24 D
8 7 9 7 L
8 8 6 33 U
8 9 8 9 R
8 10 6 31 U
8 11 7 22 D
8 12 7 12 R
8 13 9 13 R
8 14 9 19 D
8 15 5 15 R
8 16 6 0 L
8 17 8 3 L
8 18 7 18 D
8 19 8 6 L
8 20 8 26 U
8 21 10 13 R
8 22 1 2 L
8 23 0 3 L
8 24 8 24 D
8 25 3 15 R
8 26 0 1 L
8 27 5 27 U
8 28 7 2 L
8 29 2 29 U
8 30 12 5 L
8 31 2 10 R
8 32 9 1 L
8 33 9 4 L
8 34 7 34 U
9 0 7 28 U
9 1 7 16 D
9 2 4 11 R
9 3 4 27 U
9 4 4 16 D
9 5 12 5 L
9 6 9 20 D
9 7 8 7 L
9 8 8 32 U
9 9 7 31 U
9 10 5 17 D
9 11 6 17 D
9 12 8 12 R
9 13 6 23 D
9 14 1 34 U
9 15 8 19 D
9 16 4 25 U
9 17 7 3 L
9 18 6 0 L
9 19 7 19 D
9 20 1 11 R
9 21 9 21 D
9 22 10 22 D
9 23 7 6 L
9 24 7 9 R
9 25 3 12 R
9 26 8 13 R
9 27 8 18 D
9 28 7 8 R
9 29 7 9 R
9 30 12 15 R
9 31 7 8 R
9 32 0 16 D
9 33 10 33 U
9 34 9 9 R
10 0 1 31 U
10 1 2 1 L
10 2 10 34 U
10 3 7 3 L
10 4 12 29 U
10 5 10 5 L
10 6 21 32 U
10 7 12 16 D
10 8 9 33 U
10 9 10 33 U
10 10 9 26 U
10 11 9 11 R
10 12 9 27 U
10 13 7 25 U
10 14 13 25 U
10 15 11 30 U
10 16 9 16 D
10 17 5 1 L
10 18 9 10 R
10 19 4 33 U
10 20 9 20 D
10 21 10 14 R
10 22 3 14 R
10 23 8 23 D
10 24 8 3 L
10 25 6 1 L
10 26 0 22 D
10 27 8 14 R
10 28 6 13 R
10 29 14 2 L
10 30 15 14 R
10 31 9 31 U
10 32 18 32 U
10 33 10 2 L
10 34 9 12 R
11 0 10 18 D
11 1 9 25 U
11 2 11 23 D
11 3 5 17 D
11 4 11 19 D
11 5 3 24 D
11 6 13 12 R
11 7 11 18 D
11 8 0 0 L
11 9 12 34 U
11 10 0 29 U
11 11 8 20 D
11 12 0 7 L
11 13 14 27 U
11 14 6 14 R
11 15 12 15 R
11 16 2 25 U
11 17 12 10 R
11 18 9 4 L
11 19 10 2 L
11 20 0 3 L
11 21 13 11 R
11 22 12 8 R
11 23 11 1 L
11 24 6 13 R
11 25 6 24 D
11 26 12 26 U
11 27 2 7 L
11 28 10 0 L
11 29 11 29 U
11 30 14 30 U
11 31 14 12 R
11 32 17 32 U
11 33 8 15 R
11 34 11 8 R
12 0 10 28 U
12 1 0 26 U
12 2 12 2 L
12 3 11 3 L
12 4 9 4 L
12 5 14 30 U
12 6 24 6 L
12 7 15 7 L
12 8 11 22 D
12 9 8 27 U
12 10 0 1 L
12 11 14 25 U
12 12 6 12 R
12 13 0 5 L
12 14 11 22 D
12 15 12 17 D
12 16 2 34 U
12 17 11 17 D
12 18 8 18 D
12 19 6 19 D
12 20 1 20 D
12 21 13 29 U
12 22 12 22 D
12 23 13 1 L
12 24 13 24 D
12 25 5 15 R
12 26 12 10 R
12 27 13 4 L
12 28 10 28 U
12 29 10 0 L
12 30 19 30 U
12 31 14 31 U
12 32 7 32 U
12 33 12 10 R
13 0 11 0 L
13 1 7 1 L
13 2 0 17 D
13 3 11 29 U
13 4 14 18 D
13 5 19 16 D
13 6 18 6 L
13 7 14 7 L
13 8 13 28 U
13 9 11 34 U
13 10 0 2 L
13 11 14 11 R
13 12 0 2 L
13 13 6 24 D
13 14 13 14 R
13 15 14 15 R
13 16 10 4 L
13 17 11 9 R
13 18 14 11 R
13 19 14 3 L
13 20 11 20 D
13 21 11 21 D
13 22 12 4 L
13 23 0 5 L
13 24 12 24 D
13 25 5 12 R
13 26 13 26 U
13 27 12 27 U
13 28 11 4 L
13 29 0 21 D
13 30 18 30 U
13 31 13 31 U
13 32 14 32 U
13 33 15 33 U
14 0 7 29 U
14 1 13 1 L
14 2 13 18 D
14 3 13 3 L
14 4 11 4 L
14 5 19 5 L
14 6 23 6 L
14 7 13 7 L
14 8 12 8 R
14 9 4 17 D
14 10 8 18 D
14 11 12 31 U
14 12 12 12 R
14 13 13 23 D
14 14 9 30 U
14 15 13 15 R
14 16 9 14 R
14 17 11 0 L
14 18 10 26 U
14 19 12 19 D
14 20 12 20 D
14 21 14 21 D
14 22 6 22 D
14 23 14 5 L
14 24 8 14 R
14 25 13 10 R
14 26 9 14 R
14 27 0 13 R
14 28 14 28 U
14 29 14 4 L
14 30 17 30 U
14 31 14 5 L
14 32 13 32 U
14 33 11 33 U
15 0 13 24 D
15 1 0 33 U
15 2 17 27 U
15 3 15 19 D
15 4 12 24 D
15 5 18 5 L
15 6 22 6 L
15 7 12 7 L
15 8 2 16 D
15 9 13 19 D
15 10 11 25 U
15 11 16 17 D
15 12 14 27 U
15 13 16 21 D
15 14 17 22 D
15 15 10 15 R
15 16 14 2 L
15 17 13 17 D
15 18 0 33 U
15 19 10 31 U
15 20 15 7 L
15 21 15 8 R
15 22 16 10 R
15 23 19 2 L
15 24 12 12 R
15 25 12 9 R
15 26 14 8 R
15 27 8 8 R
15 28 2 15 R
15 29 9 29 U
15 30 17 11 R
15 31 12 7 L
15 32 17 5 L
15 33 10 11 R
16 0 15 24 D
16 1 13 26 U
16 2 12 18 D
16 3 14 3 L
16 4 13 29 U
16 5 16 5 L
16 6 24 19 D
16 7 17 28 U
16 8 16 25 U
16 9 15 19 D
16 10 16 26 U
16 11 17 11 R
16 12 17 0 L
16 13 17 13 R
16 14 16 14 R
16 15 15 16 D
16 16 14 0 L
16 17 15 1 L
16 18 4 18 D
16 19 15 0 L
16 20 6 20 D
16 21 16 21 D
16 22 15 22 D
16 23 11 23 D
16 24 15 10 R
16 25 16 3 L
16 26 17 1 L
16 27 17 10 R
16 28 15 3 L
16 29 16 29 U
16 30 20 30 U
16 31 8 0 L
16 32 19 32 U
16 33 9 11 R
17 0 15 17 D
17 1 14 9 R
17 2 18 2 L
17 3 16 3 L
17 4 18 21 D
17 5 17 5 L
17 6 13 6 L
17 7 19 19 D
17 8 16 8 R
17 9 16 9 R
17 10 12 28 U
17 11 17 28 U
17 12 15 17 D
17 13 18 13 R
17 14 11 19 D
17 15 15 21 D
17 16 15 16 D
17 17 16 1 L
17 18 11 18 D
17 19 17 4 L
17 20 15 20 D
17 21 16 12 R
17 22 13 22 D
17 23 18 23 D
17 24 14 24 D
17 25 17 25 U
17 26 17 26 U
17 27 14 27 U
17 28 15 2 L
17 29 16 12 R
17 30 19 3 L
17 31 8 31 U
17 32 19 10 R
17 33 20 33 U
18 0 0 20 D
18 1 16 21 D
18 2 16 2 L
18 3 18 27 U
18 4 18 19 D
18 5 17 18 D
18 6 20 33 U
18 7 20 29 U
18 8 17 31 U
18 9 1 26 U
18 10 11 32 U
18 11 18 11 R
18 12 19 12 R
18 13 16 13 R
18 14 19 14 R
18 15 15 15 R
18 16 15 11 R
18 17 17 17 D
18 18 8 10 R
18 19 18 32 U
18 20 3 20 D
18 21 15 29 U
18 22 19 1 L
18 23 16 23 D
18 24 18 3 L
18 25 15 4 L
18 26 16 11 R
18 27 17 1 L
18 28 18 28 U
18 29 19 0 L
18 30 22 8 R
18 31 10 31 U
18 32 6 32 U
18 33 19 33 U
19 0 13 16 D
19 1 17 1 L
19 2 0 8 R
19 3 17 23 D
19 4 8 26 U
19 5 14 19 D
19 7 23 25 U
19 8 18 32 U
19 9 14 26 U
19 10 21 25 U
19 11 19 22 D
19 12 17 12 R
19 13 15 13 R
19 14 17 32 U
19 15 18 15 R
19 16 12 33 U
19 17 14 17 D
19 18 18 29 U
19 19 16 3 L
19 20 14 20 D
19 21 17 5 L
19 22 21 32 U
19 23 11 26 U
19 24 3 4 L
19 25 11 13 R
19 26 14 15 R
19 27 16 27 U
19 28 16 5 L
19 29 15 29 U
19 30 21 30 U
19 31 21 6 L
19 32 18 7 L
19 33 18 2 L
20 0 12 17 D
20 1 15 20 D
20 2 6 18 D
20 3 2 15 R
20 4 21 27 U
20 5 0 22 D
20 7 7 7 L
20 8 18 29 U
20 9 20 33 U
20 10 20 10 R
20 11 19 23 D
20 12 15 28 U
20 13 22 20 D
20 14 23 30 U
20 15 16 30 U
20 16 8 31 U
20 17 20 3 L
20 18 5 9 R
20 19 17 11 R
20 20 1 10 R
20 21 17 21 D
20 22 11 22 D
20 23 13 23 D
20 24 19 24 D
20 25 12 3 L
20 26 16 8 R
20 27 22 27 U
20 28 9 13 R
20 29 19 1 L
20 30 17 3 L
20 31 24 31 U
20 32 17 2 L
20 33 22 1 L
21 0 1 16 D
21 1 17 17 D
21 2 22 2 L
21 3 21 3 L
21 4 21 4 L
21 5 0 12 R
21 7 20 7 L
21 8 18 16 D
21 9 14 9 R
21 10 19 33 U
21 11 18 27 U
21 12 23 18 D
21 13 23 23 D
21 15 3 15 R
21 16 21 9 R
21 17 20 0 L
21 18 0 30 U
21 19 20 19 D
21 20 18 20 D
21 21 0 9 R
21 22 21 22 D
21 23 20 23 D
21 24 21 5 L
21 25 16 15 R
21 26 14 0 L
21 27 22 10 R
21 28 22 28 U
21 29 18 8 R
21 30 0 2 L
21 31 24 11 R
21 32 22 32 U
21 33 21 33 U
22 0 21 26 U
22 1 17 30 U
22 2 21 22 D
22 3 16 18 D
22 4 21 19 D
22 5 23 26 U
22 7 20 20 D
22 8 16 22 D
22 9 15 26 U
22 10 1 25 U
22 11 22 11 R
22 12 14 12 R
22 13 0 20 D
22 15 20 20 D
22 16 13 4 L
22 17 18 17 D
22 18 17 11 R
22 19 23 0 L
22 20 20 4 L
22 21 19 21 D
22 22 14 22 D
22 23 19 23 D
22 24 23 24 D
22 25 2 19 D
22 26 21 26 U
22 27 19 10 R
22 28 23 28 U
22 29 19 15 R
22 30 11 30 U
22 31 22 31 U
22 32 23 5 L
22 33 21 13 R
23 0 22 30 U
23 1 23 24 D
23 2 23 19 D
23 3 21 30 U
23 4 0 23 D
23 5 22 24 D
23 8 22 25 U
23 9 8 30 U
23 10 19 21 D
23 11 21 27 U
23 12 23 12 R
23 13 24 27 U
23 15 20 15 R
23 16 16 14 R
23 17 21 6 L
23 18 21 2 L
23 19 17 26 U
23 20 17 13 R
23 21 23 21 D
23 22 20 22 D
23 23 13 7 L
23 24 22 9 R
23 25 22 1 L
23 26 22 4 L
23 27 21 27 U
23 28 21 28 U
23 29 19 29 U
23 30 18 17 D
23 31 23 31 U
23 32 21 24 D
24 0 23 32 U
24 1 22 22 D
24 2 17 24 D
24 3 20 31 U
24 8 24 16 D
24 9 21 28 U
24 10 21 26 U
24 11 23 31 U
24 12 22 12 R
24 15 19 23 D
24 16 19 10 R
24 17 21 17 D
24 18 17 18 D
24 19 24 6 L
24 20 21 20 D
24 21 22 7 L
24 22 24 0 L
24 23 24 23 D
24 24 24 24 D
24 25 23 16 D
24 26 13 15 R
24 27 24 6 L
24 28 21 8 R
24 30 24 30 U
24 32 20 32 U
25 0 5 19 D

