16 13 176
6 0 0 0 5 14 0 0 4 7 2
3 6 14 0 10 4 4 0 0 6 13
11 8 0 0 11 0 14 12 13 0 7
0 11 0 0 0 7 0 2 0 2 0
0 12 0 9 0 15 0 0 0 0 11
0 0 0 4 12 0 6 2 12 10 5
11 14 7 0 0 0 4 13 0 0 0
6 0 0 15 0 14 0 12 0 0 0
9 15 13 0 0 7 2 0 0 0 0
1 0 5 0 0 0 7 0 10 10 15
12 13 14 13 0 4 1 4 2 0 8
0 0 0 0 R
0 1 0 1 R
0 2 0 2 R
0 3 0 3 U
0 4 0 4 U
0 5 0 5 U
0 6 0 6 U
0 7 0 7 D
0 8 0 8 D
0 9 0 9 D
0 10 0 10 L
0 11 0 11 L
0 12 0 12 L
1 0 9 0 R
1 1 0 3 U
1 2 4 7 D
1 3 0 0 R
1 4 2 0 R
1 6 3 9 D
1 7 11 1 R
1 8 0 0 R
1 9 0 1 R
1 10 0 4 U
1 11 0 7 D
1 12 0 5 U
2 0 0 8 D
2 1 0 9 D
2 2 0 12 L
2 3 1 1 R
2 4 8 4 U
2 5 0 11 L
2 6 0 10 L
2 7 10 11 L
2 8 7 12 L
2 9 4 10 L
2 10 8 0 R
2 11 1 11 L
2 12 4 6 U
3 0 0 5 U
3 1 12 4 U
3 2 4 3 U
3 3 0 2 R
3 4 4 9 D
3 7 4 7 D
3 8 6 4 U
3 9 2 9 D
3 10 7 7 D
3 11 1 7 D
3 12 7 1 R
4 0 12 5 U
4 1 2 1 R
4 2 3 9 D
4 3 6 3 U
4 4 3 4 U
4 5 13 5 U
4 7 5 4 U
4 8 6 8 D
4 9 10 10 L
4 10 0 8 D
4 11 0 3 U
4 12 2 12 L
5 0 2 7 D
5 1 1 1 R
5 2 2 2 R
5 3 13 10 L
5 4 9 1 R
5 6 0 0 R
5 7 3 7 D
5 8 10 8 D
5 9 9 11 L
5 10 0 9 D
5 11 13 11 L
5 12 3 2 R
6 0 0 7 D
6 1 7 1 R
6 2 5 2 R
6 3 0 12 L
6 4 4 4 U
6 5 11 10 L
6 6 2 6 U
6 7 4 7 D
6 8 7 8 D
6 9 10 9 D
6 10 12 2 R
6 11 5 7 D
6 12 5 12 L
7 0 8 0 R
7 1 5 1 R
7 2 1 2 R
7 3 12 3 U
7 4 0 1 R
7 5 2 5 U
7 6 3 6 U
7 7 12 10 L
7 8 9 3 U
7 9 6 9 D
7 10 6 10 L
7 11 11 9 D
7 12 2 12 L
8 0 2 8 D
8 1 1 6 U
8 2 1 3 U
8 3 10 0 R
8 4 13 10 L
8 7 4 4 U
8 8 0 5 U
8 9 10 11 L
8 10 3 10 L
8 12 5 12 L
9 0 7 6 U
9 1 6 1 R
9 2 2 2 R
9 3 7 10 L
9 4 0 11 L
9 7 0 2 R
9 8 0 11 L
9 9 6 1 R
9 10 5 8 D
9 11 7 1 R
9 12 0 1 R
10 0 6 8 D
10 1 8 3 U
10 2 1 2 R
10 3 7 3 U
10 4 3 4 U
10 6 4 6 U
10 7 8 11 L
10 8 0 3 U
10 9 7 3 U
10 10 11 10 L
10 11 0 1 R
10 12 9 12 L
11 0 4 3 U
11 1 5 9 D
11 2 0 11 L
11 3 14 11 L
11 4 9 0 R
11 7 0 1 R
11 8 8 8 D
11 9 5 11 L
11 10 4 3 U
11 11 6 7 D
11 12 2 3 U
12 0 6 7 D
12 1 2 7 D
12 2 1 4 U
12 3 7 3 U
12 4 1 12 L
12 5 7 5 U
12 7 0 10 L
12 8 7 11 L
12 9 11 9 D
12 10 6 1 R
12 11 0 0 R
12 12 1 5 U
13 0 7 0 R
13 1 8 4 U
13 2 6 2 R
13 3 7 9 D
13 4 3 4 U
13 7 9 0 R
13 8 8 8 D
13 10 8 7 D
13 11 3 11 L
14 0 0 4 U
14 2 5 8 D
14 4 11 8 D
14 7 3 10 L
14 8 2 2 R
14 9 2 11 L
14 10 10 8 D
14 11 10 11 L
15 0 11 7 D
15 2 1 7 D
15 8 0 6 U
15 10 5 1 R

