23 17 303
0 0 0 0 0 8 0 0 0 2 0 0 16 6 7 0 0 0
20 0 0 0 0 0 0 0 8 3 18 0 0 0 0 0 0 16
10 0 0 0 0 0 0 0 20 0 0 0 17 0 4 9 0 2
0 13 0 0 0 0 0 0 19 0 0 0 0 0 12 0 0 3
0 0 0 0 0 0 0 0 0 0 0 0 0 0 0 0 0 0
13 8 0 0 0 9 0 0 3 1 0 0 0 0 12 10 0 14
0 0 16 0 0 0 0 0 0 13 0 0 0 10 7 16 0 0
0 20 0 0 0 0 7 0 12 17 0 0 0 17 0 0 6 0
0 6 0 0 0 0 7 0 0 18 12 0 0 1 14 0 0 0
0 21 18 0 0 0 0 0 9 12 0 0 6 9 0 13 3 0
0 22 20 7 0 9 12 0 0 11 9 8 0 0 0 0 6 0
0 0 0 7 0 0 18 0 0 0 3 2 0 0 0 0 6 3
0 0 15 0 0 0 0 0 10 0 0 1 2 0 0 0 1 6
0 0 4 6 13 8 0 0 0 0 0 4 0 0 0 2 0 0
6 17 0 0 19 0 0 0 2 15 0 10 2 0 0 0 0 19
7 6 0 0 0 0 14 0 0 0 0 0 0 0 20 0 19 13
14 9 12 0 0 17 0 0 0 0 16 0 0 0 14 0 0 4
9 0 0 0 0 0 0 0 0 0 0 0 0 0 0 0 19 4
0 0 0 0 D
0 1 0 1 D
0 2 0 2 D
0 3 0 3 D
0 4 0 4 R
0 5 0 5 R
0 6 0 6 R
0 7 0 7 R
0 8 0 8 R
0 9 0 9 U
0 10 0 10 U
0 11 0 11 U
0 12 0 12 L
0 13 0 13 L
0 14 0 14 L
0 15 0 15 L
0 16 0 16 L
1 0 3 0 D
1 1 10 6 R
1 2 13 2 D
1 3 3 7 R
1 4 15 0 D
1 5 0 13 L
1 6 4 6 R
1 7 6 7 R
1 8 0 3 D
1 9 2 9 U
1 10 0 6 R
1 11 5 4 R
1 12 13 11 U
1 13 0 2 D
1 14 4 14 L
1 15 4 15 L
1 16 2 2 D
2 0 13 4 R
2 1 9 15 L
2 2 0 16 L
2 3 4 16 L
2 4 0 12 L
2 5 4 5 R
2 6 4 6 R
2 7 11 7 R
2 8 4 8 R
2 9 0 13 L
2 10 8 4 R
2 11 5 6 R
2 12 1 1 D
2 13 1 11 U
2 14 8 11 U
2 15 6 7 R
2 16 8 16 L
3 0 0 12 L
3 1 0 9 U
3 2 4 7 R
3 3 9 3 D
3 4 12 4 R
3 5 9 11 U
3 6 0 15 L
3 7 2 7 R
3 8 4 8 R
3 9 5 9 U
3 10 7 10 U
3 11 1 11 U
3 12 4 10 U
3 13 8 0 D
3 14 8 9 U
3 15 6 15 L
3 16 6 16 L
4 0 15 12 L
4 1 15 14 L
4 2 3 2 D
4 3 5 10 U
4 4 3 11 U
4 5 19 5 R
4 6 3 6 R
4 7 0 9 U
4 8 9 9 U
4 9 15 7 R
4 10 17 8 R
4 11 7 11 U
4 12 7 12 L
4 13 0 4 R
4 14 1 14 L
4 15 8 15 L
4 16 2 16 L
5 0 0 4 R
5 1 7 16 L
5 2 4 5 R
5 3 15 6 R
5 4 2 12 L
5 5 10 0 D
5 6 7 9 U
5 7 0 1 D
5 8 14 8 R
5 9 0 4 R
5 10 0 2 D
5 11 16 8 R
5 12 0 1 D
5 13 0 11 U
5 14 4 14 L
5 15 2 1 D
5 16 11 2 D
6 0 7 8 R
6 1 5 5 R
6 2 2 4 R
6 3 4 7 R
6 4 3 4 R
6 5 0 14 L
6 6 14 10 U
6 7 0 12 L
6 8 9 10 U
6 9 3 9 U
6 10 5 6 R
6 11 10 11 U
6 12 11 1 D
6 13 12 13 L
6 14 2 1 D
6 15 5 3 D
6 16 12 1 D
7 0 0 10 U
7 1 2 4 R
7 2 2 2 D
7 3 2 5 R
7 4 0 13 L
7 5 1 12 L
7 6 12 6 R
7 7 2 16 L
7 8 14 8 R
7 9 3 4 R
7 10 0 8 R
7 11 18 13 L
7 12 5 9 U
7 13 11 11 U
7 14 3 1 D
7 16 4 16 L
8 0 0 7 R
8 1 9 1 D
8 2 6 15 L
8 3 4 15 L
8 4 3 9 U
8 5 11 9 U
8 6 4 6 R
8 7 1 10 U
8 8 4 8 R
8 9 0 0 D
8 10 10 5 R
8 11 11 16 L
8 12 0 0 D
8 13 5 2 D
8 16 4 16 L
9 0 8 14 L
9 1 15 13 L
9 2 5 14 L
9 3 15 12 L
9 4 3 4 R
9 5 14 14 L
9 6 1 9 U
9 7 8 13 L
9 8 14 8 R
9 9 10 9 U
9 10 12 10 U
9 11 12 4 R
9 12 10 9 U
9 13 18 4 R
9 14 2 10 U
9 16 5 16 L
10 0 6 4 R
10 1 1 5 R
10 2 0 14 L
10 3 4 3 D
10 4 4 4 R
10 5 1 5 R
10 6 13 3 D
10 7 12 7 R
10 8 2 8 R
10 9 5 1 D
10 10 14 12 L
10 11 20 4 R
10 12 11 0 D
10 13 0 10 U
10 14 6 0 D
10 15 11 0 D
10 16 9 11 U
11 0 3 0 D
11 1 0 6 R
11 2 5 7 R
11 3 3 3 D
11 4 16 10 U
11 5 7 12 L
11 6 1 2 D
11 7 6 7 R
11 8 16 0 D
11 9 15 6 R
11 10 1 5 R
11 11 10 5 R
11 12 7 0 D
11 13 4 10 U
11 14 3 9 U
11 15 9 15 L
11 16 14 9 U
12 0 13 0 D
12 1 3 8 R
12 2 4 12 L
12 3 13 3 D
12 4 0 0 D
12 5 13 9 U
12 6 0 2 D
12 8 1 8 R
12 9 14 14 L
12 10 10 13 L
12 12 0 9 U
12 13 0 3 D
12 14 5 14 L
12 15 5 1 D
12 16 1 16 L
13 0 0 14 L
13 1 6 12 L
13 3 15 4 R
13 4 5 4 R
13 5 1 5 R
13 6 0 10 U
13 8 5 9 U
13 9 10 5 R
13 10 11 10 U
13 11 12 11 U
13 12 1 11 U
13 13 15 10 U
13 16 8 16 L
14 0 10 0 D
14 1 12 13 L
14 2 0 13 L
14 3 2 8 R
14 4 18 10 U
14 5 15 0 D
14 6 12 0 D
14 7 1 7 R
14 8 5 13 L
14 9 0 5 R
14 10 6 7 R
14 12 0 7 R
14 13 10 13 L
14 14 3 14 L
14 15 1 15 L
14 16 8 16 L
15 0 2 13 L
15 1 17 7 R
15 2 6 2 D
15 3 13 5 R
15 4 3 10 U
15 5 12 3 D
15 7 12 13 L
15 8 14 8 R
15 9 0 14 L
15 10 0 12 L
15 11 3 11 U
15 12 1 9 U
15 13 13 1 D
15 14 16 10 U
15 16 3 3 D
16 0 17 12 L
16 3 2 3 D
16 4 1 4 R
16 5 14 2 D
16 7 0 2 D
16 8 18 8 R
16 9 0 1 D
16 10 12 2 D
16 12 14 4 R
16 13 9 2 D
16 14 19 1 D
16 16 11 3 D
17 0 12 6 R
17 4 4 9 U
17 5 4 5 R
17 8 2 8 R
17 9 7 5 R
17 10 15 10 U
17 12 16 4 R
17 13 1 3 D
17 16 14 3 D
18 0 11 12 L
18 4 15 13 L
18 5 9 1 D
18 9 1 5 R
18 10 0 7 R
18 12 17 4 R
18 13 4 9 U
18 16 6 0 D
19 0 14 13 L
19 4 5 0 D
19 5 0 11 U
19 9 18 8 R
19 12 4 12 L
19 13 1 13 L
19 16 6 16 L
20 4 4 12 L
20 5 14 1 D
20 9 17 4 R
20 12 3 0 D
20 13 19 13 L
20 16 8 3 D
21 9 16 9 U
22 9 15 9 U

