22 20 349
19 7 7 0 7 0 18 4 0 0 0 13 9
0 3 18 0 4 11 0 12 0 16 4 0 10
0 0 15 3 3 8 0 8 0 0 13 0 10
0 13 0 14 4 0 0 15 16 0 17 18 20
0 16 0 0 14 12 15 0 1 0 8 14 0
0 18 3 0 0 0 3 0 2 3 2 1 0
0 8 17 18 19 8 0 0 20 0 9 12 0
0 9 19 18 17 0 13 14 10 10 0 2 7
0 0 0 8 4 15 0 11 9 17 15 7 14
0 20 0 21 0 18 18 0 1 3 0 0 2
0 17 0 2 2 0 0 9 3 7 5 0 15
3 10 11 2 15 0 8 5 0 5 3 0 4
9 18 0 5 0 13 11 0 5 0 14 0 6
0 0 0 0 U
0 1 0 1 U
0 2 0 2 U
0 3 0 3 U
0 4 0 4 U
0 5 0 5 R
0 6 0 6 R
0 7 0 7 R
0 8 0 8 R
0 9 0 9 R
0 10 0 10 R
0 11 0 11 D
0 12 0 12 D
0 13 0 13 D
0 14 0 14 D
0 15 0 15 L
0 16 0 16 L
0 17 0 17 L
0 18 0 18 L
0 19 0 19 L
1 0 0 5 R
1 1 6 1 U
1 2 14 8 R
1 3 4 6 R
1 4 9 4 U
1 5 0 0 U
1 6 2 0 U
1 7 13 14 D
1 8 5 8 R
1 9 3 9 R
1 10 11 16 L
1 11 0 17 L
1 12 0 5 R
1 13 2 13 D
1 14 0 19 L
1 15 0 5 R
1 16 2 5 R
1 17 0 13 D
1 18 8 18 L
1 19 5 19 L
2 0 0 15 L
2 1 13 1 U
2 2 3 2 U
2 3 11 3 U
2 4 3 4 U
2 5 0 1 U
2 6 6 6 R
2 7 0 14 D
2 8 5 4 U
2 9 8 17 L
2 10 6 10 R
2 11 16 7 R
2 12 1 12 D
2 13 17 6 R
2 14 3 14 D
2 15 0 12 D
2 16 10 6 R
2 17 1 17 L
2 18 1 18 L
2 19 4 4 U
3 0 16 0 U
3 1 5 15 L
3 2 4 2 U
3 3 2 3 U
3 4 9 7 R
3 5 7 3 U
3 6 4 11 D
3 7 6 12 D
3 8 14 1 U
3 9 9 9 R
3 10 15 10 R
3 11 0 15 L
3 12 7 6 R
3 13 0 2 U
3 14 1 16 L
3 15 9 3 U
3 16 10 16 L
3 17 1 1 U
3 18 11 2 U
3 19 4 2 U
4 0 9 5 R
4 1 12 6 R
4 2 0 8 R
4 3 1 16 L
4 4 3 7 R
4 5 3 14 D
4 6 5 11 D
4 7 1 7 R
4 8 1 8 R
4 9 13 9 R
4 11 1 17 L
4 12 2 12 D
4 13 11 19 L
4 14 10 14 D
4 15 0 3 U
4 16 1 16 L
4 17 13 12 D
4 18 8 0 U
4 19 7 19 L
5 0 7 12 D
5 1 1 1 U
5 2 0 11 D
5 3 3 3 U
5 4 4 5 R
5 5 0 13 D
5 6 0 11 D
5 7 13 11 D
5 8 14 8 R
5 9 10 18 L
5 11 18 16 L
5 12 0 7 R
5 13 0 8 R
5 14 7 14 D
5 15 2 13 D
5 16 0 0 U
5 17 2 17 L
5 18 4 18 L
5 19 1 1 U
6 0 0 6 R
6 1 0 12 D
6 2 5 12 D
6 3 2 3 U
6 4 5 13 D
6 5 0 12 D
6 6 12 2 U
6 7 12 15 L
6 8 2 8 R
6 9 0 16 L
6 11 1 15 L
6 12 3 8 R
6 13 19 16 L
6 14 7 9 R
6 15 8 0 U
6 16 7 16 L
6 17 5 17 L
6 18 13 18 L
6 19 2 19 L
7 0 13 0 U
7 1 6 12 D
7 2 3 2 U
7 3 2 5 R
7 5 16 13 D
7 6 6 12 D
7 7 9 2 U
7 8 2 8 R
7 9 5 9 R
7 11 2 11 D
7 12 4 18 L
7 13 8 13 D
7 14 5 8 R
7 15 5 13 D
7 16 8 12 D
7 17 1 14 D
7 18 0 7 R
7 19 1 19 L
8 0 7 8 R
8 1 0 6 R
8 2 9 15 L
8 3 17 11 D
8 4 2 4 U
8 5 7 15 L
8 6 0 3 U
8 7 0 4 U
8 8 0 16 L
8 9 4 13 D
8 11 5 5 R
8 12 4 12 D
8 13 0 18 L
8 14 0 16 L
8 15 0 11 D
8 16 2 12 D
8 17 4 5 R
8 18 9 6 R
8 19 0 1 U
9 0 5 7 R
9 1 5 16 L
9 2 2 2 U
9 3 1 3 U
9 5 11 5 R
9 6 0 17 L
9 7 12 7 R
9 8 8 16 L
9 9 2 4 U
9 11 8 9 R
9 12 15 15 L
9 13 0 6 R
9 14 4 17 L
9 15 3 4 U
9 16 0 2 U
9 17 15 3 U
9 18 14 18 L
9 19 4 12 D
10 0 12 6 R
10 1 15 5 R
10 2 1 2 U
10 3 12 7 R
10 5 1 1 U
10 6 14 6 R
10 7 14 3 U
10 8 13 18 L
10 9 9 17 L
10 11 7 19 L
10 12 6 5 R
10 13 15 13 D
10 14 4 14 D
10 15 16 15 L
10 16 2 16 L
10 17 1 17 L
10 18 0 12 D
10 19 1 19 L
11 0 16 0 U
11 1 10 9 R
11 2 0 17 L
11 3 2 3 U
11 4 2 4 U
11 6 5 6 R
11 7 6 7 R
11 8 15 8 R
11 9 7 9 R
11 11 12 6 R
11 12 9 7 R
11 13 16 13 D
11 14 12 14 D
11 15 2 11 D
11 16 13 3 U
11 17 0 7 R
11 18 5 18 L
11 19 12 5 R
12 0 2 17 L
12 1 1 1 U
12 2 1 11 D
12 3 1 3 U
12 5 13 14 D
12 6 6 6 R
12 7 0 2 U
12 8 1 1 U
12 9 4 9 R
12 11 4 18 L
12 12 8 16 L
12 13 5 13 D
12 14 8 14 D
12 15 16 3 U
12 16 10 1 U
12 17 7 11 D
12 18 5 18 L
12 19 9 19 L
13 0 15 15 L
13 1 7 1 U
13 2 1 7 R
13 3 4 16 L
13 5 3 5 R
13 6 17 12 D
13 7 5 14 D
13 8 5 0 U
13 9 17 11 D
13 11 5 11 D
13 12 1 5 R
13 13 3 13 D
13 14 15 8 R
13 15 7 1 U
13 16 0 6 R
13 17 5 17 L
13 18 3 18 L
13 19 15 13 D
14 0 7 5 R
14 1 4 11 D
14 2 7 2 U
14 3 0 14 D
14 5 7 4 U
14 6 0 1 U
14 7 1 17 L
14 8 7 17 L
14 11 17 5 R
14 12 6 12 D
14 13 2 15 L
14 14 1 14 D
14 15 11 1 U
14 16 16 16 L
14 17 4 17 L
14 18 6 18 L
14 19 3 19 L
15 0 0 9 R
15 1 0 16 L
15 2 12 5 R
15 3 11 3 U
15 5 0 15 L
15 6 5 6 R
15 7 6 13 D
15 8 19 8 R
15 11 16 19 L
15 12 10 12 D
15 13 3 0 U
15 14 0 6 R
15 15 2 15 L
15 16 11 2 U
15 17 9 17 L
15 18 19 3 U
15 19 16 19 L
16 0 6 13 D
16 1 0 18 L
16 2 7 19 L
16 3 7 18 L
16 5 14 2 U
16 6 2 1 U
16 7 5 7 R
16 9 4 9 R
16 11 2 15 L
16 12 11 12 D
16 13 12 13 D
16 14 10 7 R
16 15 0 14 D
16 16 3 16 L
16 17 18 14 D
16 18 7 0 U
16 19 15 19 L
17 0 16 14 D
17 1 16 11 D
17 3 14 3 U
17 5 11 16 L
17 7 5 7 R
17 11 12 2 U
17 12 5 8 R
17 13 3 8 R
17 15 6 0 U
17 16 2 1 U
17 17 15 9 R
17 18 5 18 L
17 19 6 19 L
18 0 8 7 R
18 1 16 15 L
18 3 14 9 R
18 7 17 0 U
18 12 9 18 L
18 13 0 10 R
18 16 20 16 L
18 17 4 17 L
18 18 1 0 U
18 19 1 19 L
19 0 7 0 U
19 3 17 13 D
19 7 3 7 R
19 16 18 11 D
19 17 3 1 U
19 18 15 11 D
20 0 15 19 L
20 7 3 7 R
20 16 9 16 L
20 18 3 7 R
21 18 4 18 L

