25 24 476
13 0 16 18 9 1 0 12 16 6 15 0 18 4 4
0 15 0 0 14 22 4 0 0 0 8 23 0 0 12
15 0 0 0 0 8 14 15 2 8 0 15 7 0 15
0 3 1 0 0 0 0 0 0 8 9 18 6 20 14
18 0 0 0 14 0 16 0 2 1 17 0 0 17 8
18 0 13 0 0 0 9 13 0 16 0 19 0 0 5
20 5 0 0 19 0 14 11 2 0 6 0 17 0 5
17 16 13 0 0 21 0 0 2 0 0 18 7 0 0
0 12 0 0 18 3 0 16 0 5 0 0 0 0 9
0 13 17 0 0 1 20 0 0 18 1 23 17 0 0
18 0 5 20 8 24 0 0 24 0 1 0 2 21 7
15 2 0 20 0 0 0 0 18 0 19 8 0 21 14
0 1 18 20 0 0 0 0 0 8 0 19 6 9 0
0 16 0 9 0 0 0 0 6 20 0 0 4 10 9
22 13 0 11 7 0 0 0 2 16 7 14 1 18 9
0 0 0 0 D
0 1 0 1 D
0 2 0 2 D
0 3 0 3 D
0 4 0 4 D
0 5 0 5 D
0 6 0 6 R
0 7 0 7 R
0 8 0 8 R
0 9 0 9 R
0 10 0 10 R
0 11 0 11 R
0 12 0 12 U
0 13 0 13 U
0 14 0 14 U
0 15 0 15 U
0 16 0 16 U
0 17 0 17 U
0 18 0 18 L
0 19 0 19 L
0 20 0 20 L
0 21 0 21 L
0 22 0 22 L
0 23 0 23 L
1 0 0 6 R
1 1 0 8 R
1 2 0 13 U
1 3 4 3 D
1 4 5 10 R
1 5 3 5 D
1 6 12 14 U
1 7 17 7 R
1 8 3 12 U
1 9 4 9 R
1 10 12 10 R
1 11 9 11 R
1 12 0 7 R
1 13 0 2 D
1 14 6 14 U
1 15 6 15 U
1 16 6 16 U
1 17 8 17 U
1 18 2 8 R
1 19 17 19 L
1 20 5 20 L
1 22 11 22 L
1 23 2 23 L
2 0 16 0 D
2 1 5 8 R
2 2 17 20 L
2 3 19 23 L
2 5 5 15 U
2 6 4 6 R
2 7 0 0 D
2 8 1 8 R
2 9 6 0 D
2 10 8 10 R
2 11 1 11 R
2 12 7 6 R
2 13 4 13 U
2 14 1 19 L
2 15 0 2 D
2 16 1 22 L
2 17 0 0 D
2 18 0 6 R
2 19 4 17 U
2 20 8 20 L
2 21 17 21 L
2 22 5 22 L
2 23 15 23 L
3 0 10 8 R
3 1 1 9 R
3 2 1 7 R
3 3 13 22 L
3 4 7 22 L
3 5 1 5 D
3 6 6 5 D
3 7 7 7 R
3 8 1 4 D
3 9 1 3 D
3 10 1 15 U
3 11 8 15 U
3 12 13 23 L
3 13 5 13 U
3 14 5 21 L
3 15 14 15 U
3 16 1 16 U
3 17 0 18 L
3 18 0 4 D
3 19 1 5 D
3 20 4 12 U
3 21 1 21 L
3 22 1 4 D
3 23 1 23 L
4 0 7 9 R
4 1 9 7 R
4 2 14 22 L
4 3 12 18 L
4 4 0 10 R
4 5 8 10 R
4 6 0 18 L
4 7 2 7 R
4 8 0 12 U
4 9 13 12 U
4 10 0 16 U
4 11 1 15 U
4 12 5 12 U
4 13 1 13 U
4 14 0 3 D
4 15 0 8 R
4 16 11 6 R
4 17 11 17 U
4 18 0 8 R
4 19 0 1 D
4 20 17 16 U
4 21 0 17 U
4 22 10 5 D
4 23 1 14 U
5 0 12 21 L
5 1 0 7 R
5 2 7 2 D
5 3 10 21 L
5 4 2 4 D
5 5 16 22 L
5 6 1 12 U
5 7 12 14 U
5 8 12 13 U
5 9 3 9 R
5 10 14 10 R
5 11 12 11 R
5 12 11 18 L
5 13 10 13 U
5 14 1 6 R
5 15 4 9 R
5 16 12 16 U
5 17 1 17 U
5 18 0 13 U
5 19 6 19 L
5 20 16 12 U
5 21 1 21 L
5 22 15 14 U
5 23 4 16 U
6 0 0 20 L
6 1 0 12 U
6 2 0 19 L
6 3 1 3 D
6 4 16 8 R
6 5 1 5 D
6 6 7 12 U
6 7 3 13 U
6 8 4 17 U
6 9 13 3 D
6 10 0 0 D
6 11 2 11 R
6 12 16 6 R
6 13 9 6 R
6 14 0 6 R
6 15 1 15 U
6 16 5 4 D
6 17 1 17 U
6 18 1 14 U
6 19 0 0 D
6 20 11 20 L
6 21 8 21 L
6 22 10 15 U
6 23 5 23 L
7 0 13 7 R
7 1 16 6 R
7 2 14 18 L
7 3 0 6 R
7 4 2 11 R
7 5 5 5 D
7 6 0 2 D
7 7 3 7 R
7 8 15 8 R
7 9 2 9 R
7 10 0 23 L
7 11 15 0 D
7 12 0 19 L
7 13 0 21 L
7 14 2 1 D
7 15 6 6 R
7 16 5 16 U
7 17 2 17 U
7 18 6 6 R
7 19 11 19 L
7 20 3 13 U
7 21 11 21 L
7 22 10 22 L
7 23 11 13 U
8 0 10 23 L
8 1 19 11 R
8 2 13 2 D
8 3 0 22 L
8 4 9 19 L
8 5 5 5 D
8 6 11 1 D
8 7 0 14 U
8 8 13 5 D
8 9 14 15 U
8 10 2 18 L
8 11 10 11 R
8 12 12 12 U
8 13 2 7 R
8 14 10 14 U
8 15 16 15 U
8 16 1 16 U
8 17 9 2 D
8 18 0 2 D
8 19 1 19 L
8 20 3 20 L
8 21 11 17 U
8 22 11 22 L
8 23 18 23 L
9 0 17 18 L
9 1 8 10 R
9 2 5 2 D
9 3 0 9 R
9 4 12 21 L
9 5 7 8 R
9 6 2 0 D
9 7 0 1 D
9 8 19 8 R
9 9 22 19 L
9 10 16 3 D
9 11 0 21 L
9 12 7 0 D
9 13 0 18 L
9 14 1 14 U
9 15 13 22 L
9 16 8 16 U
9 17 1 7 R
9 18 0 15 U
9 19 11 19 L
9 20 2 2 D
9 21 0 3 D
9 22 18 13 U
9 23 11 1 D
10 0 0 18 L
10 1 6 20 L
10 2 2 19 L
10 3 14 9 R
10 4 11 9 R
10 5 7 7 R
10 6 7 20 L
10 7 11 7 R
10 8 4 8 R
10 10 8 13 U
10 11 18 11 R
10 12 0 1 D
10 13 9 1 D
10 14 11 9 R
10 15 15 8 R
10 16 0 3 D
10 17 2 23 L
10 18 6 9 R
10 19 1 3 D
10 20 11 1 D
10 21 3 13 U
10 22 16 22 L
10 23 2 6 R
11 0 0 21 L
11 1 9 22 L
11 2 6 2 D
11 3 5 3 D
11 5 14 20 L
11 6 0 13 U
11 7 1 7 R
11 8 2 8 R
11 9 1 9 R
11 10 17 10 R
11 11 4 11 R
11 12 0 11 R
11 13 0 6 R
11 14 14 19 L
11 15 9 4 D
11 16 0 4 D
11 17 9 19 L
11 18 13 1 D
11 19 5 1 D
11 20 14 2 D
11 21 0 9 R
11 22 9 16 U
11 23 5 23 L
12 0 2 18 L
12 1 4 12 U
12 2 15 6 R
12 3 11 20 L
12 5 5 5 D
12 6 0 17 U
12 7 0 3 D
12 8 0 15 U
12 10 4 1 D
12 11 3 0 D
12 12 6 18 L
12 13 0 8 R
12 14 15 14 U
12 15 6 7 R
12 16 16 19 L
12 17 16 6 R
12 18 4 18 L
12 19 9 12 U
12 20 11 20 L
12 21 0 16 U
12 22 8 22 L
12 23 1 23 L
13 0 5 23 L
13 1 11 23 L
13 2 2 13 U
13 3 3 3 D
13 5 2 5 D
13 6 8 4 D
13 7 15 14 U
13 8 5 15 U
13 9 3 4 D
13 10 9 5 D
13 11 8 2 D
13 12 8 1 D
13 13 4 11 R
13 14 1 1 D
13 15 5 15 U
13 16 0 5 D
13 17 9 17 U
13 18 14 2 D
13 19 0 14 U
13 20 6 20 L
13 21 0 7 R
13 22 9 11 R
13 23 9 15 U
14 0 1 20 L
14 1 16 18 L
14 2 11 23 L
14 3 3 19 L
14 5 1 18 L
14 6 10 15 U
14 7 6 17 U
14 8 6 4 D
14 9 12 9 R
14 10 1 12 U
14 11 9 0 D
14 12 17 0 D
14 13 13 8 R
14 14 11 18 L
14 15 0 9 R
14 16 5 5 D
14 17 11 8 R
14 18 12 17 U
14 19 11 14 U
14 20 16 20 L
14 21 1 12 U
14 22 7 22 L
14 23 12 17 U
15 0 18 20 L
15 1 13 19 L
15 2 12 19 L
15 3 2 3 D
15 5 2 5 D
15 6 12 6 R
15 7 1 7 R
15 8 7 8 R
15 9 2 9 R
15 10 5 16 U
15 11 2 11 R
15 12 21 10 R
15 13 7 13 U
15 14 8 14 U
15 15 8 1 D
15 16 13 1 D
15 17 1 1 D
15 18 8 0 D
15 19 1 1 D
15 20 1 20 L
15 22 1 22 L
15 23 17 0 D
16 0 8 10 R
16 1 13 1 D
16 2 15 2 D
16 3 5 11 R
16 5 2 16 U
16 6 14 6 R
16 7 13 7 R
16 8 8 0 D
16 9 5 9 R
16 10 19 10 R
16 11 20 11 R
16 12 1 19 L
16 13 6 13 U
16 14 1 14 U
16 15 9 10 R
16 16 1 16 U
16 17 0 8 R
16 18 12 14 U
16 19 17 16 U
16 20 10 13 U
16 22 4 7 R
16 23 20 12 U
17 0 11 22 L
17 1 8 1 D
17 3 14 3 D
17 5 7 11 R
17 6 2 13 U
17 7 7 1 D
17 8 10 18 L
17 9 8 12 U
17 10 3 10 R
17 11 2 11 R
17 12 23 8 R
17 13 5 13 U
17 15 19 20 L
17 16 16 16 U
17 17 1 17 U
17 18 0 5 D
17 19 7 13 U
17 20 11 20 L
17 22 8 22 L
17 23 3 23 L
18 0 5 9 R
18 2 10 7 R
18 3 22 10 R
18 5 9 5 D
18 6 19 0 D
18 7 21 2 D
18 8 6 12 U
18 10 6 10 R
18 11 11 19 L
18 12 20 2 D
18 13 1 2 D
18 15 17 18 L
18 16 8 16 U
18 17 12 21 L
18 18 16 13 U
18 19 2 15 U
18 20 0 6 R
18 22 7 22 L
18 23 9 23 L
19 0 5 22 L
19 5 1 5 D
19 6 18 6 R
19 7 1 7 R
19 8 18 17 U
19 13 20 22 L
19 14 10 20 L
19 15 3 15 U
19 16 7 19 L
19 17 1 17 U
19 18 0 12 U
19 19 20 1 D
19 22 4 22 L
19 23 9 23 L
20 0 3 9 R
20 5 1 5 D
20 6 5 13 U
20 7 2 15 U
20 8 9 2 D
20 11 6 1 D
20 15 5 15 U
20 16 17 16 U
20 18 1 9 R
20 19 0 3 D
20 22 18 12 U
20 23 7 23 L
21 0 9 11 R
21 6 1 2 D
21 8 8 16 U
21 15 7 15 U
21 16 13 16 U
21 22 11 22 L
22 0 6 12 U
22 6 6 18 L
22 15 0 1 D
22 22 21 12 U
23 0 1 0 D
23 6 0 5 D
23 22 10 7 R
24 0 8 22 L
24 22 20 22 L

