8 8 58
5 0 0 0 0 0 0 4 0 2 3 0 0 0 0 0 0 6 0 0
0 0 0 0 2 0 0 0 0 0 0 0 0 0 0 3 0 0 0 0
0 0 0 2 0 0 5 0 0 0 0 0 0 4 0 0 0 0 4 0
0 0 3 0 0 3 0 2 0 0 0 0 0 1 0 0 0 0 3 5
0 0 0 4 0 6 0 0 0 0 7 0 0 4 0 0 0 0 6 0
0 2 4 0 0 0 0 7 0 0 0 0 0 0 0 0 0 0 1 0
0 0 0 0 1 0 2 0 0 0 0 3 2 0 3 0 0 3 0 0
0 0 0 0 0 0 2 3 0 0 2 0 0 0 5 0 0 0 0 0
0 0 0 0 0 0 0 0 0 0 0 0 0 0 0 0 5 0 0 0
0 0 0 4 0 0 0 0 0 0 0 0 0 0 0 2 0 3 0 0
0 0 0 0 0 0 0 0 0 0 0 0 1 0 0 0 3 0 0 7
0 0 1 0 0 0 0 1 0 1 0 0 6 5 0 0 0 0 0 0
0 2 0 0 0 0 1 1 2 0 0 0 0 0 0 0 0 0 2 2
0 0 0 0 0 3 1 0 0 0 0 0 3 0 2 0 0 2 0 0
0 0 3 0 0 0 2 0 0 0 0 0 0 0 2 0 0 0 0 0
4 0 0 5 0 6 0 1 0 0 0 0 0 0 0 5 5 0 0 0
3 0 0 0 0 0 0 0 0 0 0 2 0 0 0 0 7 0 0 0
0 0 0 0 0 2 0 0 0 0 0 0 0 0 6 0 0 1 4 0
0 0 0 0 0 0 0 0 0 0 0 0 0 0 0 0 0 0 0 0
2 0 0 0 0 0 0 0 0 0 0 0 0 0 0 2 0 0 0 0
0 0 0 0 D
0 1 0 1 D
0 2 0 2 R
0 3 0 3 R
0 4 0 4 U
0 5 0 5 U
0 6 0 6 L
0 7 0 7 L
1 0 2 0 D
1 1 0 3 R
1 2 0 1 D
1 3 3 3 R
1 4 3 6 L
1 5 0 7 L
1 6 5 6 L
1 7 0 4 U
2 0 0 2 R
2 1 0 5 U
2 2 0 4 U
2 3 0 6 L
2 4 0 2 R
2 5 3 3 R
2 6 0 2 R
2 7 3 2 R
3 0 0 4 U
3 1 0 6 L
3 2 0 0 D
3 3 5 0 D
3 4 4 4 U
3 5 2 5 U
3 6 0 0 D
3 7 0 5 U
4 0 0 7 L
4 1 1 1 D
4 2 1 4 U
4 3 2 7 L
4 4 1 7 L
4 5 1 5 U
4 6 0 1 D
4 7 3 7 L
5 0 1 0 D
5 1 0 7 L
5 2 0 5 U
5 3 2 5 U
5 4 0 6 L
5 5 0 0 D
5 6 6 6 L
5 7 2 0 D
6 0 0 3 R
6 2 1 2 R
6 3 0 4 U
6 4 5 0 D
6 5 0 3 R
6 6 5 6 L
6 7 1 7 L
7 0 2 3 R
7 2 0 7 L
7 6 4 4 U

