33 50 1544
18 18 28 26 28 26 29 4 25 26 25 26 17 30 13 31
31 29 18 28 0 0 21 0 28 27 26 21 27 24 9 4
25 0 29 0 31 30 29 0 28 24 27 0 29 22 14 4
26 27 25 26 0 0 0 27 0 0 28 30 13 31 30 28
0 0 0 0 5 29 1 11 0 24 0 0 13 0 4 0
0 30 26 21 24 23 19 16 26 23 0 0 12 0 25 0
23 0 0 0 5 0 20 17 0 0 6 20 3 0 0 0
0 0 0 0 2 23 25 18 30 26 0 0 29 0 27 31
0 0 0 20 17 29 30 0 27 0 19 31 0 29 28 19
0 0 0 17 4 3 4 9 11 10 17 30 31 0 0 4
27 0 0 0 0 27 19 28 0 0 26 31 30 0 29 9
0 0 0 12 22 0 6 28 0 24 27 0 28 0 30 1
0 0 0 0 0 15 6 6 0 16 0 0 15 0 31 23
0 0 29 0 25 25 0 7 32 0 0 31 30 30 0 24
0 0 0 0 0 14 8 0 23 0 0 30 0 0 28 7
29 31 28 19 18 9 2 0 5 10 9 13 0 27 7 1
0 0 0 0 D
0 1 0 1 D
0 2 0 2 D
0 3 0 3 D
0 4 0 4 D
0 5 0 5 D
0 6 0 6 D
0 7 0 7 D
0 8 0 8 D
0 9 0 9 D
0 10 0 10 D
0 11 0 11 D
0 12 0 12 D
0 13 0 13 D
0 14 0 14 R
0 15 0 15 R
0 16 0 16 R
0 17 0 17 R
0 18 0 18 R
0 19 0 19 R
0 20 0 20 R
0 21 0 21 R
0 22 0 22 R
0 23 0 23 R
0 24 0 24 R
0 25 0 25 U
0 26 0 26 U
0 27 0 27 U
0 28 0 28 U
0 29 0 29 U
0 30 0 30 U
0 31 0 31 U
0 32 0 32 U
0 33 0 33 U
0 34 0 34 U
0 35 0 35 U
0 36 0 36 U
0 37 0 37 U
0 38 0 38 L
0 39 0 39 L
0 40 0 40 L
0 41 0 41 L
0 42 0 42 L
0 43 0 43 L
0 44 0 44 L
0 45 0 45 L
0 46 0 46 L
0 47 0 47 L
0 48 0 48 L
0 49 0 49 L
1 0 0 38 L
1 1 0 15 R
1 2 0 40 L
1 3 1 41 L
1 4 2 42 L
1 5 1 17 R
1 6 1 18 R
1 7 0 20 R
1 8 3 42 L
1 9 4 41 L
1 10 4 44 L
1 11 3 44 L
1 12 6 49 L
1 13 3 40 L
1 14 0 25 U
1 15 0 0 D
1 16 1 3 D
1 17 2 29 U
1 18 0 45 L
1 19 2 6 D
1 20 0 32 U
1 21 1 8 D
1 22 2 28 U
1 23 4 10 D
1 24 16 30 U
1 25 0 38 L
1 26 0 14 R
1 27 0 38 L
1 28 2 14 R
1 29 2 16 R
1 30 0 5 D
1 31 1 44 L
1 32 0 19 R
1 33 3 40 L
1 34 1 39 L
1 35 3 23 R
1 36 6 38 L
1 37 10 45 L
1 38 0 26 U
1 39 0 1 D
1 40 2 26 U
1 41 0 15 R
1 42 1 3 D
1 43 1 30 U
1 44 2 4 D
1 45 2 29 U
1 46 1 32 U
1 47 1 18 R
1 48 0 17 R
1 49 3 30 U
2 0 1 39 L
2 1 0 14 R
2 2 2 41 L
2 3 1 16 R
2 4 1 43 L
2 5 2 5 D
2 6 2 44 L
2 7 3 47 L
2 8 2 8 D
2 9 4 9 D
2 10 3 45 L
2 11 3 39 L
2 12 6 12 D
2 13 4 13 D
2 14 2 27 U
2 15 0 28 U
2 16 2 4 D
2 17 1 31 U
2 18 2 18 R
2 19 1 19 R
2 20 3 26 U
2 21 2 21 R
2 22 1 22 R
2 23 3 23 R
2 24 16 24 R
2 25 0 15 R
2 26 0 1 D
2 27 1 27 U
2 28 1 28 U
2 29 2 17 R
2 30 2 30 U
2 31 2 31 U
2 32 0 7 D
2 33 3 33 U
2 34 1 34 U
2 35 0 9 D
2 36 3 36 U
2 37 10 37 U
2 38 0 2 D
2 39 1 39 L
2 40 1 40 L
2 41 2 2 D
2 42 1 42 L
2 43 1 43 L
2 44 2 6 D
2 45 1 45 L
2 46 1 46 L
2 47 2 47 L
2 48 3 48 L
2 49 2 49 L
3 0 2 46 L
3 1 3 41 L
3 2 0 48 L
3 3 2 20 R
3 4 4 46 L
3 5 1 22 R
3 6 4 43 L
3 7 3 7 D
3 8 1 8 D
3 9 2 9 D
3 10 4 10 D
3 11 2 11 D
3 12 2 12 D
3 13 3 13 D
3 14 0 7 D
3 15 2 33 U
3 16 0 27 U
3 17 2 1 D
3 18 2 25 U
3 19 0 38 L
3 20 3 20 R
3 21 2 9 D
3 22 1 30 U
3 23 4 35 U
3 24 15 24 R
3 25 0 39 L
3 26 2 19 R
3 27 2 15 R
3 28 1 21 R
3 29 3 21 R
3 30 1 5 D
3 31 1 47 L
3 32 1 22 R
3 33 0 40 L
3 34 3 34 U
3 35 2 35 U
3 36 6 36 U
3 37 12 37 U
3 38 1 0 D
3 39 0 25 U
3 40 0 14 R
3 41 0 16 R
3 42 3 3 D
3 43 4 30 U
3 44 4 8 D
3 45 3 10 D
3 46 2 46 L
3 47 4 6 D
3 48 2 48 L
3 49 1 49 L
4 0 3 49 L
4 1 2 48 L
4 2 4 18 R
4 3 4 38 L
4 4 4 20 R
4 5 2 17 R
4 6 0 31 U
4 7 0 15 R
4 8 0 32 U
4 9 3 9 D
4 10 3 10 D
4 11 4 11 D
4 12 4 12 D
4 13 5 13 D
4 14 1 34 U
4 15 4 3 D
4 16 4 33 U
4 17 3 29 U
4 18 4 26 U
4 19 4 6 D
4 20 3 28 U
4 21 2 32 U
4 22 4 22 R
4 23 7 4 D
4 24 16 33 U
4 25 3 14 R
4 26 3 1 D
4 27 4 16 R
4 28 0 4 D
4 29 0 47 L
4 30 2 42 L
4 31 3 31 U
4 32 0 21 R
4 33 4 33 U
4 34 2 34 U
4 35 5 35 U
4 36 4 36 U
4 37 11 37 U
4 38 4 2 D
4 39 3 0 D
4 40 0 7 D
4 41 4 4 D
4 42 0 29 U
4 43 4 43 L
4 44 3 23 R
4 45 4 45 L
4 46 4 27 U
4 47 3 0 D
4 48 3 25 U
4 49 3 49 L
5 0 5 18 R
5 1 4 25 U
5 2 0 26 U
5 3 6 48 L
5 4 6 46 L
5 5 7 17 R
5 6 10 39 L
5 7 8 39 L
5 8 0 40 L
5 9 4 48 L
5 10 6 47 L
5 11 2 39 L
5 12 3 12 D
5 13 6 13 D
5 14 2 11 D
5 15 0 9 D
5 16 6 28 U
5 17 1 13 D
5 18 5 42 L
5 19 8 13 D
5 20 5 36 U
5 21 5 29 U
5 22 6 22 R
5 23 1 35 U
5 24 16 34 U
5 25 4 15 R
5 26 3 15 R
5 27 3 38 L
5 28 5 14 R
5 29 0 16 R
5 30 2 41 L
5 31 0 8 D
5 32 0 0 D
5 33 1 46 L
5 34 0 23 R
5 35 6 14 R
5 36 6 17 R
5 37 13 37 U
5 38 0 35 U
5 39 5 0 D
5 40 5 22 R
5 41 5 29 U
5 42 6 42 L
5 43 5 28 U
5 44 2 44 L
5 45 4 28 U
5 46 1 11 D
5 47 6 32 U
5 48 4 25 U
5 49 6 2 D
6 0 5 22 R
6 1 6 1 D
6 2 5 41 L
6 3 0 19 R
6 4 8 4 D
6 5 7 18 R
6 6 10 6 D
6 7 8 7 D
6 8 1 14 R
6 9 5 49 L
6 10 8 10 D
6 11 5 11 D
6 12 7 43 L
6 13 7 39 L
6 14 5 11 D
6 15 6 27 U
6 16 5 12 D
6 17 6 30 U
6 18 7 18 R
6 19 8 28 U
6 20 5 20 R
6 21 7 33 U
6 22 3 13 D
6 23 8 27 U
6 24 6 24 R
6 25 1 25 U
6 26 0 20 R
6 27 4 39 L
6 28 6 15 R
6 29 4 44 L
6 30 5 22 R
6 31 7 16 R
6 32 7 32 U
6 33 8 17 R
6 34 10 15 R
6 35 0 21 R
6 36 5 16 R
6 37 0 20 R
6 38 4 1 D
6 39 4 39 L
6 40 0 36 U
6 41 6 41 L
6 42 2 42 L
6 43 2 43 L
6 44 6 3 D
6 45 5 45 L
6 46 7 31 U
6 47 7 47 L
6 48 5 30 U
6 49 6 49 L
7 0 4 39 L
7 1 8 45 L
7 2 6 43 L
7 3 6 20 R
7 4 5 49 L
7 5 7 34 U
7 6 3 6 D
7 7 7 7 D
7 8 5 18 R
7 9 7 15 R
7 10 7 10 D
7 11 3 11 D
7 12 7 12 D
7 13 7 13 D
7 14 1 25 U
7 15 0 31 U
7 16 6 26 U
7 17 7 32 U
7 18 1 27 U
7 19 1 2 D
7 20 8 7 D
7 21 5 5 D
7 22 6 32 U
7 23 9 23 R
7 24 6 34 U
7 25 6 45 L
7 26 7 41 L
7 27 7 0 D
7 28 6 46 L
7 29 7 19 R
7 30 0 3 D
7 31 7 31 U
7 32 0 1 D
7 33 6 21 R
7 34 16 11 D
7 35 8 14 R
7 36 10 17 R
7 37 18 37 U
7 38 3 35 U
7 39 5 9 D
7 40 0 30 U
7 41 7 33 U
7 42 2 31 U
7 43 6 5 D
7 44 6 33 U
7 45 6 45 L
7 46 8 46 L
7 47 5 3 D
7 48 5 48 L
7 49 0 18 R
8 0 2 40 L
8 1 7 1 D
8 2 3 19 R
8 3 4 23 R
8 4 9 38 L
8 5 5 5 D
8 6 6 6 D
8 7 5 7 D
8 8 8 46 L
8 9 0 27 U
8 10 5 10 D
8 11 3 41 L
8 12 5 12 D
8 13 8 43 L
8 14 4 12 D
8 15 6 25 U
8 16 3 3 D
8 17 5 28 U
8 18 6 41 L
8 19 0 2 D
8 20 7 10 D
8 21 8 21 R
8 22 7 22 R
8 23 8 23 R
8 24 9 24 R
8 25 7 44 L
8 26 7 15 R
8 27 1 38 L
8 28 7 47 L
8 29 6 48 L
8 30 7 30 U
8 31 5 42 L
8 32 8 32 U
8 33 7 33 U
8 34 13 48 L
8 35 6 35 U
8 36 8 36 U
8 37 19 37 U
8 38 8 27 U
8 39 8 8 D
8 40 5 40 L
8 41 5 36 U
8 42 3 11 D
8 43 3 5 D
8 44 7 44 L
8 45 8 45 L
8 46 0 21 R
8 47 4 47 L
8 48 6 48 L
8 49 7 4 D
9 0 5 38 L
9 1 7 41 L
9 2 8 18 R
9 3 9 46 L
9 4 11 16 R
9 5 10 19 R
9 6 1 6 D
9 7 8 48 L
9 8 14 20 R
9 9 8 36 U
9 10 9 39 L
9 11 14 21 R
9 12 10 24 R
9 13 26 43 L
9 14 7 25 U
9 15 4 32 U
9 16 8 6 D
9 17 5 26 U
9 18 7 6 D
9 19 9 10 D
9 20 10 5 D
9 21 5 35 U
9 22 9 27 U
9 23 8 32 U
9 24 12 33 U
9 25 4 42 L
9 26 5 15 R
9 27 0 13 D
9 28 7 2 D
9 29 13 19 R
9 30 14 19 R
9 31 8 41 L
9 32 9 14 R
9 33 12 17 R
9 34 0 42 L
9 35 8 40 L
9 36 9 44 L
9 37 18 48 L
9 38 8 30 U
9 39 7 39 L
9 40 8 0 D
9 41 4 0 D
9 42 9 33 U
9 43 6 1 D
9 44 9 35 U
9 45 3 31 U
9 46 10 25 U
9 47 10 36 U
9 48 0 34 U
9 49 8 7 D
10 0 0 23 R
10 1 3 23 R
10 2 9 22 R
10 3 11 42 L
10 4 11 4 D
10 5 9 14 R
10 6 9 43 L
10 7 10 49 L
10 8 12 21 R
10 9 10 9 D
10 10 8 29 U
10 11 15 11 D
10 12 12 12 D
10 13 26 13 D
10 14 9 25 U
10 15 10 9 D
10 16 8 16 R
10 17 10 36 U
10 18 8 18 R
10 19 10 7 D
10 20 9 20 R
10 21 7 0 D
10 22 11 5 D
10 23 10 23 R
10 24 17 12 D
10 25 7 46 L
10 26 6 44 L
10 27 9 20 R
10 28 11 28 U
10 29 0 44 L
10 30 11 47 L
10 31 0 14 R
10 32 10 40 L
10 33 16 33 U
10 34 4 34 U
10 35 9 35 U
10 36 9 36 U
10 37 13 12 D
10 38 8 15 R
10 39 9 4 D
10 40 10 40 L
10 41 9 36 U
10 42 9 42 L
10 43 7 1 D
10 44 10 2 D
10 45 7 45 L
10 46 10 28 U
10 47 8 47 L
10 48 8 48 L
10 49 7 49 L
11 0 6 38 L
11 1 8 22 R
11 2 11 39 L
11 3 9 3 D
11 4 12 43 L
11 5 10 15 R
11 6 0 48 L
11 7 10 42 L
11 8 13 8 D
11 9 12 9 D
11 10 9 10 D
11 11 16 24 R
11 12 15 12 D
11 13 25 13 D
11 14 10 25 U
11 15 12 5 D
11 16 9 28 U
11 17 13 27 U
11 18 11 25 U
11 19 13 5 D
11 20 5 46 L
11 21 14 9 D
11 22 14 6 D
11 23 9 35 U
11 24 2 24 R
11 25 3 45 L
11 26 12 45 L
11 27 6 40 L
11 28 2 28 U
11 29 12 29 U
11 30 12 21 R
11 31 10 49 L
11 32 9 41 L
11 33 15 33 U
11 34 12 34 U
11 35 0 39 L
11 36 8 16 R
11 37 2 37 U
11 38 9 25 U
11 39 12 1 D
11 40 10 3 D
11 41 9 6 D
11 42 12 26 U
11 43 12 4 D
11 44 0 10 D
11 45 9 32 U
11 46 12 30 U
11 47 0 22 R
11 48 13 2 D
11 49 13 30 U
12 0 11 48 L
12 1 11 1 D
12 2 11 2 D
12 3 13 27 U
12 4 12 4 D
12 5 13 18 R
12 6 7 6 D
12 7 11 7 D
12 8 10 21 R
12 9 14 44 L
12 10 15 15 R
12 11 4 44 L
12 12 10 39 L
12 13 22 13 D
12 14 10 2 D
12 15 11 26 U
12 16 13 1 D
12 17 14 17 R
12 18 11 18 R
12 19 12 19 R
12 20 13 20 R
12 21 11 8 D
12 22 12 22 R
12 23 14 36 U
12 24 13 25 U
12 25 10 14 R
12 26 11 15 R
12 27 11 22 R
12 28 10 40 L
12 29 11 29 U
12 30 9 45 L
12 31 14 20 R
12 32 10 32 U
12 33 4 16 R
12 34 13 34 U
12 35 10 35 U
12 36 2 36 U
12 37 17 37 U
12 38 10 38 L
12 39 0 3 D
12 40 9 40 L
12 41 10 41 L
12 42 12 42 L
12 43 14 6 D
12 44 13 29 U
12 45 11 32 U
12 46 12 46 L
12 47 13 47 L
12 48 13 48 L
12 49 10 49 L
13 0 13 0 D
13 1 14 39 L
13 2 9 15 R
13 3 14 42 L
13 4 9 4 D
13 5 14 5 D
13 6 2 28 U
13 7 12 7 D
13 8 1 23 R
13 9 0 30 U
13 10 16 10 D
13 11 13 11 D
13 12 17 12 D
13 13 21 13 D
13 14 8 4 D
13 15 12 0 D
13 16 10 4 D
13 17 12 17 R
13 18 9 18 R
13 19 13 29 U
13 20 12 20 R
13 21 0 30 U
13 22 14 22 R
13 23 15 27 U
13 24 10 24 R
13 25 10 38 L
13 26 0 18 R
13 27 14 41 L
13 28 4 28 U
13 29 13 29 U
13 30 0 48 L
13 31 14 31 U
13 32 14 48 L
13 33 12 33 U
13 34 14 34 U
13 35 11 35 U
13 36 14 46 L
13 37 14 8 D
13 38 8 31 U
13 39 2 7 D
13 40 12 9 D
13 41 12 32 U
13 42 10 26 U
13 43 14 43 L
13 44 9 5 D
13 45 6 30 U
13 46 11 46 L
13 47 12 47 L
13 48 12 48 L
13 49 12 36 U
14 0 9 15 R
14 1 14 1 D
14 2 14 2 D
14 3 14 3 D
14 4 2 4 D
14 5 11 20 R
14 6 13 44 L
14 7 11 47 L
14 8 9 18 R
14 9 11 49 L
14 10 16 20 R
14 11 15 49 L
14 12 17 24 R
14 13 17 13 D
14 14 12 25 U
14 15 11 35 U
14 16 12 2 D
14 17 12 32 U
14 18 13 3 D
14 19 14 30 U
14 20 14 32 U
14 21 12 31 U
14 22 13 8 D
14 23 15 23 R
14 24 15 34 U
14 25 13 38 L
14 26 13 14 R
14 27 13 17 R
14 28 14 16 R
14 29 14 44 L
14 30 2 8 D
14 31 16 19 R
14 32 13 43 L
14 33 13 33 U
14 34 16 34 U
14 35 7 22 R
14 36 14 21 R
14 37 0 41 L
14 38 13 28 U
14 39 14 0 D
14 40 12 40 L
14 41 14 41 L
14 42 14 3 D
14 43 13 32 U
14 44 9 8 D
14 45 5 23 R
14 46 13 9 D
14 47 14 29 U
14 48 11 9 D
14 49 13 49 L
15 0 11 28 U
15 1 14 43 L
15 2 10 14 R
15 3 12 15 R
15 4 15 14 R
15 5 16 40 L
15 6 12 45 L
15 7 12 47 L
15 8 15 8 D
15 9 15 38 L
15 10 11 10 D
15 11 16 11 D
15 12 17 38 L
15 13 26 23 R
15 14 11 1 D
15 15 0 29 U
15 16 13 16 R
15 17 15 31 U
15 18 15 5 D
15 19 16 30 U
15 20 14 3 D
15 21 15 10 D
15 22 16 11 D
15 23 12 23 R
15 24 18 24 R
15 25 6 0 D
15 26 12 14 R
15 27 16 47 L
15 28 0 3 D
15 29 14 39 L
15 30 10 6 D
15 31 16 31 U
15 32 13 39 L
15 33 9 22 R
15 34 17 24 R
15 35 13 46 L
15 36 16 24 R
15 37 20 37 U
15 38 15 31 U
15 39 15 39 L
15 40 15 0 D
15 41 15 28 U
15 42 15 9 D
15 43 3 4 D
15 44 15 44 L
15 45 10 45 L
15 46 16 11 D
15 47 6 26 U
15 48 14 35 U
15 49 13 29 U
16 0 15 17 R
16 1 15 19 R
16 2 16 40 L
16 3 13 42 L
16 4 4 40 L
16 5 16 5 D
16 6 9 41 L
16 7 13 7 D
16 8 3 43 L
16 9 16 9 D
16 10 1 43 L
16 11 14 11 D
16 12 20 41 L
16 13 24 35 U
16 14 15 25 U
16 15 14 33 U
16 16 1 29 U
16 17 15 8 D
16 18 15 18 R
16 19 16 19 R
16 20 15 3 D
16 21 16 21 R
16 22 13 22 R
16 23 1 23 R
16 24 3 24 R
16 25 12 43 L
16 26 10 1 D
16 27 11 23 R
16 28 0 45 L
16 29 3 42 L
16 30 16 44 L
16 31 13 31 U
16 32 15 44 L
16 33 10 33 U
16 34 17 34 U
16 35 20 22 R
16 36 13 16 R
16 37 7 24 R
16 38 7 7 D
16 39 13 4 D
16 40 16 26 U
16 41 16 41 L
16 42 14 10 D
16 43 3 8 D
16 44 11 34 U
16 45 5 27 U
16 46 15 46 L
16 47 14 32 U
16 48 15 24 R
16 49 14 49 L
17 0 8 0 D
17 1 11 24 R
17 2 9 42 L
17 3 17 15 R
17 4 14 18 R
17 5 18 39 L
17 6 9 21 R
17 7 8 44 L
17 8 14 41 L
17 9 10 14 R
17 10 0 43 L
17 11 14 34 U
17 12 19 12 D
17 13 29 13 D
17 14 14 46 L
17 15 0 43 L
17 16 12 26 U
17 17 17 0 D
17 18 10 12 D
17 19 15 6 D
17 20 19 3 D
17 21 15 0 D
17 22 10 7 D
17 23 0 40 L
17 24 15 36 U
17 25 17 47 L
17 26 13 44 L
17 27 17 16 R
17 28 17 14 R
17 29 18 2 D
17 30 19 18 R
17 31 12 42 L
17 32 15 41 L
17 33 15 19 R
17 34 9 18 R
17 35 21 23 R
17 36 15 36 U
17 37 21 37 U
17 38 8 12 D
17 39 17 9 D
17 40 11 11 D
17 41 11 2 D
17 42 17 26 U
17 43 4 34 U
17 44 12 37 U
17 45 17 12 D
17 46 18 5 D
17 47 15 32 U
17 48 17 32 U
17 49 19 49 L
18 0 18 19 R
18 1 6 14 R
18 2 17 14 R
18 3 19 19 R
18 4 18 38 L
18 5 19 15 R
18 6 20 45 L
18 7 15 7 D
18 8 20 23 R
18 9 17 42 L
18 10 19 10 D
18 11 13 19 R
18 12 18 12 D
18 13 24 13 D
18 14 17 34 U
18 15 19 26 U
18 16 17 4 D
18 17 2 17 R
18 18 13 4 D
18 19 17 33 U
18 20 3 5 D
18 21 1 11 D
18 22 9 22 R
18 23 18 10 D
18 24 19 24 R
18 25 7 1 D
18 26 17 48 L
18 27 18 5 D
18 28 3 49 L
18 29 19 20 R
18 30 3 11 D
18 31 17 20 R
18 32 17 46 L
18 33 10 8 D
18 34 15 34 U
18 35 22 35 U
18 36 0 21 R
18 37 21 49 L
18 38 17 0 D
18 39 18 25 U
18 40 16 5 D
18 41 10 27 U
18 42 12 7 D
18 43 0 31 U
18 44 18 27 U
18 45 20 26 U
18 46 16 46 L
18 47 3 24 R
18 48 17 48 L
18 49 18 49 L
19 0 14 46 L
19 1 17 17 R
19 2 18 41 L
19 3 19 16 R
19 4 18 4 D
19 5 17 21 R
19 6 18 18 R
19 7 19 37 U
19 8 20 8 D
19 9 7 9 D
19 10 19 38 L
19 11 18 11 D
19 12 13 12 D
19 13 19 34 U
19 14 18 14 R
19 15 17 29 U
19 16 18 16 R
19 17 18 1 D
19 18 18 27 U
19 19 19 29 U
19 20 0 42 L
19 21 0 48 L
19 22 19 22 R
19 23 19 23 R
19 24 16 37 U
19 25 2 2 D
19 26 16 15 R
19 27 19 43 L
19 28 5 28 U
19 29 18 29 U
19 30 22 30 U
19 31 6 31 U
19 32 18 40 L
19 33 18 15 R
19 34 17 17 R
19 35 23 35 U
19 36 13 36 U
19 37 2 46 L
19 38 19 3 D
19 39 19 39 L
19 40 18 40 L
19 41 18 26 U
19 42 17 42 L
19 43 19 28 U
19 44 19 44 L
19 45 20 45 L
19 46 8 24 R
19 47 15 47 L
19 48 18 48 L
19 49 18 30 U
20 0 14 49 L
20 1 19 23 R
20 2 19 2 D
20 3 18 24 R
20 4 18 39 L
20 5 8 34 U
20 6 18 6 D
20 7 19 47 L
20 8 20 40 L
20 9 18 9 D
20 10 20 43 L
20 11 21 20 R
20 12 13 44 L
20 13 12 13 D
20 14 17 25 U
20 15 19 1 D
20 16 13 33 U
20 17 19 32 U
20 18 20 28 U
20 19 20 31 U
20 20 20 20 R
20 21 20 6 D
20 22 18 22 R
20 23 20 35 U
20 24 20 24 R
20 25 19 3 D
20 26 20 17 R
20 27 22 45 L
20 28 0 19 R
20 29 21 18 R
20 30 21 30 U
20 31 11 31 U
20 32 20 44 L
20 33 2 33 U
20 34 19 18 R
20 35 18 35 U
20 36 18 42 L
20 37 22 37 U
20 38 17 2 D
20 39 20 25 U
20 40 19 37 U
20 41 20 6 D
20 42 0 12 D
20 43 18 37 U
20 44 13 44 L
20 45 17 45 L
20 46 22 5 D
20 47 20 47 L
20 48 9 4 D
20 49 16 49 L
21 0 22 38 L
21 1 20 44 L
21 2 21 15 R
21 3 10 16 R
21 4 14 22 R
21 5 22 44 L
21 6 21 46 L
21 7 21 47 L
21 8 19 8 D
21 9 20 9 D
21 10 21 23 R
21 11 22 11 D
21 12 21 41 L
21 13 30 13 D
21 14 20 25 U
21 15 21 40 L
21 16 6 12 D
21 17 21 27 U
21 18 21 6 D
21 19 21 29 U
21 20 22 37 U
21 21 19 21 R
21 22 7 3 D
21 23 17 8 D
21 24 0 3 D
21 25 20 14 R
21 26 22 15 R
21 27 22 43 L
21 28 18 39 L
21 29 21 21 R
21 30 23 14 R
21 31 18 45 L
21 32 17 32 U
21 33 5 33 U
21 34 24 21 R
21 35 13 35 U
21 37 20 23 R
21 38 20 28 U
21 39 15 8 D
21 40 20 36 U
21 41 16 1 D
21 42 18 26 U
21 43 21 27 U
21 44 22 26 U
21 45 22 9 D
21 46 22 46 L
21 47 22 29 U
21 48 12 7 D
21 49 16 5 D
22 0 22 0 D
22 1 17 1 D
22 2 21 2 D
22 3 22 43 L
22 4 17 4 D
22 5 0 18 R
22 6 21 6 D
22 7 21 19 R
22 8 22 48 L
22 9 23 41 L
22 10 22 10 D
22 11 10 11 D
22 12 14 12 D
22 14 19 25 U
22 15 20 37 U
22 16 16 27 U
22 17 22 17 R
22 18 21 37 U
22 19 22 19 R
22 20 23 35 U
22 21 23 21 R
22 22 23 9 D
22 23 22 23 R
22 24 17 24 R
22 25 20 25 U
22 26 19 5 D
22 27 19 17 R
22 28 8 28 U
22 29 22 40 L
22 30 21 45 L
22 31 22 42 L
22 32 0 3 D
22 33 0 4 D
22 34 27 34 U
22 35 19 46 L
22 37 14 37 U
22 38 15 14 R
22 39 20 39 L
22 40 21 0 D
22 41 21 2 D
22 42 22 42 L
22 43 21 37 U
22 44 15 16 R
22 45 18 31 U
22 46 15 5 D
22 47 19 47 L
22 48 20 7 D
22 49 22 49 L
23 0 21 0 D
23 1 20 22 R
23 2 21 44 L
23 3 24 41 L
23 4 24 16 R
23 5 23 17 R
23 6 24 18 R
23 7 21 38 L
23 8 23 19 R
23 9 23 9 D
23 10 24 24 R
23 11 0 20 R
23 12 24 14 R
23 14 22 25 U
23 15 22 33 U
23 16 9 1 D
23 17 24 28 U
23 18 24 5 D
23 19 22 7 D
23 20 23 20 R
23 21 24 10 D
23 22 22 22 R
23 23 21 9 D
23 24 22 3 D
23 25 19 39 L
23 26 22 14 R
23 27 16 40 L
23 28 8 11 D
23 29 24 29 U
23 30 23 21 R
23 31 18 49 L
23 32 26 32 U
23 33 25 33 U
23 34 24 34 U
23 35 24 35 U
23 37 22 47 L
23 38 20 30 U
23 39 22 36 U
23 40 22 2 D
23 41 23 2 D
23 42 17 7 D
23 43 19 27 U
23 44 22 44 L
23 45 21 15 R
23 46 0 11 D
23 47 18 26 U
23 48 24 5 D
23 49 24 8 D
24 0 20 0 D
24 1 18 45 L
24 2 24 41 L
24 3 23 3 D
24 4 24 43 L
24 5 21 29 U
24 6 8 6 D
24 7 23 31 U
24 8 26 45 L
24 9 24 9 D
24 10 16 21 R
24 11 23 11 D
24 12 25 12 D
24 14 21 30 U
24 15 22 29 U
24 16 23 27 U
24 17 24 17 R
24 18 23 8 D
24 19 24 19 R
24 20 22 35 U
24 21 24 21 R
24 22 21 22 R
24 23 26 47 L
24 24 24 24 R
24 25 23 39 L
24 26 17 23 R
24 27 24 20 R
24 28 22 4 D
24 29 20 18 R
24 30 21 38 L
24 31 23 31 U
24 32 19 32 U
24 33 21 33 U
24 34 27 40 L
24 35 19 16 R
24 37 24 37 U
24 38 23 38 L
24 39 23 32 U
24 40 23 30 U
24 41 21 4 D
24 42 24 9 D
24 43 24 43 L
24 44 19 0 D
24 45 23 45 L
24 46 24 31 U
24 47 23 47 L
24 48 23 48 L
24 49 23 12 D
25 0 25 17 R
25 1 23 15 R
25 2 23 35 U
25 3 24 38 L
25 4 20 39 L
25 5 27 39 L
25 6 25 19 R
25 7 22 17 R
25 8 24 8 D
25 9 23 43 L
25 10 11 42 L
25 11 28 41 L
25 12 23 12 D
25 14 19 40 L
25 15 24 33 U
25 16 0 44 L
25 17 25 29 U
25 18 19 4 D
25 19 26 5 D
25 20 27 2 D
25 21 0 1 D
25 22 25 32 U
25 23 26 23 R
25 24 24 6 D
25 25 24 38 L
25 26 25 16 R
25 27 27 41 L
25 28 26 45 L
25 29 23 9 D
25 30 24 30 U
25 31 25 17 R
25 32 23 32 U
25 33 11 33 U
25 34 22 34 U
25 35 25 35 U
25 37 2 49 L
25 38 24 0 D
25 39 23 0 D
25 40 0 3 D
25 41 25 5 D
25 42 26 8 D
25 43 23 27 U
25 44 6 44 L
25 45 21 32 U
25 46 1 31 U
25 47 27 27 U
25 48 30 8 D
25 49 23 49 L
26 0 25 43 L
26 1 26 1 D
26 2 26 2 D
26 3 2 18 R
26 4 20 4 D
26 5 25 5 D
26 6 26 6 D
26 7 25 23 R
26 8 26 8 D
26 9 25 41 L
26 10 27 10 D
26 11 28 11 D
26 12 26 39 L
26 14 25 25 U
26 15 23 12 D
26 16 21 31 U
26 17 19 2 D
26 18 27 26 U
26 19 27 9 D
26 20 26 28 U
26 21 7 21 R
26 22 27 22 R
26 23 11 10 D
26 24 25 24 R
26 25 25 14 R
26 26 26 26 U
26 27 26 27 U
26 28 23 28 U
26 29 27 16 R
26 30 0 15 R
26 31 24 31 U
26 32 0 24 R
26 33 0 1 D
26 34 23 34 U
26 35 26 35 U
26 37 1 12 D
26 38 23 37 U
26 39 26 1 D
26 40 27 40 L
26 41 26 4 D
26 42 23 42 L
26 43 25 25 U
26 44 8 25 U
26 45 25 27 U
26 46 26 46 L
26 47 27 47 L
26 48 29 48 L
26 49 11 49 L
27 0 24 44 L
27 1 10 40 L
27 2 25 2 D
27 3 23 32 U
27 4 26 18 R
27 5 26 46 L
27 6 25 6 D
27 7 27 44 L
27 8 26 29 U
27 9 27 14 R
27 10 8 15 R
27 11 21 40 L
27 12 15 42 L
27 14 26 25 U
27 15 8 44 L
27 16 0 41 L
27 17 26 6 D
27 18 27 18 R
27 19 27 19 R
27 20 6 13 D
27 21 1 7 D
27 22 25 22 R
27 23 27 23 R
27 24 11 24 R
27 25 18 20 R
27 26 27 7 D
27 27 26 20 R
27 28 10 47 L
27 29 28 0 D
27 30 30 16 R
27 31 16 22 R
27 32 25 40 L
27 33 27 33 U
27 34 25 34 U
27 35 26 14 R
27 37 27 37 U
27 38 26 37 U
27 39 25 39 L
27 40 2 33 U
27 41 25 26 U
27 42 21 42 L
27 43 27 7 D
27 44 15 20 R
27 45 27 45 L
27 46 24 46 L
27 47 27 34 U
27 48 30 48 L
27 49 24 10 D
28 0 28 39 L
28 1 24 39 L
28 2 29 2 D
28 4 28 43 L
28 5 4 43 L
28 6 15 19 R
28 7 26 31 U
28 8 29 40 L
28 9 27 9 D
28 10 17 10 D
28 11 6 11 D
28 14 25 34 U
28 15 28 6 D
28 16 28 35 U
28 17 30 30 U
28 18 25 13 D
28 19 26 11 D
28 20 30 2 D
28 21 26 1 D
28 22 25 25 U
28 23 28 11 D
28 25 26 38 L
28 26 26 22 R
28 27 24 45 L
28 28 31 44 L
28 29 30 29 U
28 30 29 30 U
28 31 1 45 L
28 32 30 14 R
28 33 27 46 L
28 34 25 21 R
28 35 22 49 L
28 37 24 18 R
28 38 27 35 U
28 39 25 31 U
28 40 25 1 D
28 41 27 9 D
28 42 29 25 U
28 43 25 24 R
28 44 30 4 D
28 45 26 26 U
28 46 18 13 D
28 47 29 2 D
28 48 31 48 L
28 49 27 49 L
29 0 26 40 L
29 1 31 39 L
29 2 24 16 R
29 4 31 4 D
29 6 28 42 L
29 7 30 7 D
29 8 31 8 D
29 9 29 9 D
29 11 26 41 L
29 14 22 40 L
29 15 29 31 U
29 16 18 2 D
29 17 28 27 U
29 18 25 0 D
29 19 27 3 D
29 20 30 20 R
29 22 31 7 D
29 23 28 23 R
29 25 28 14 R
29 26 31 19 R
29 27 30 20 R
29 28 30 28 U
29 29 29 29 U
29 30 31 30 U
29 31 29 23 R
29 32 29 32 U
29 33 17 18 R
29 34 28 34 U
29 35 25 23 R
29 37 28 49 L
29 38 0 33 U
29 39 28 25 U
29 40 26 0 D
29 41 29 9 D
29 42 30 42 L
29 43 28 34 U
29 44 31 44 L
29 45 7 29 U
29 46 20 46 L
29 47 26 47 L
29 49 25 5 D
30 0 27 41 L
30 1 28 1 D
30 2 31 22 R
30 4 31 17 R
30 6 29 6 D
30 7 29 43 L
30 11 26 23 R
30 14 28 32 U
30 15 30 29 U
30 16 29 26 U
30 17 31 28 U
30 18 29 18 R
30 19 30 19 R
30 20 31 20 R
30 23 29 23 R
30 25 15 45 L
30 26 30 40 L
30 27 28 27 U
30 28 26 0 D
30 29 28 15 R
30 30 28 30 U
30 31 29 31 U
30 32 27 32 U
30 34 26 34 U
30 35 29 15 R
30 37 28 48 L
30 38 28 37 U
30 39 28 39 L
30 40 12 0 D
30 41 29 7 D
30 42 29 13 D
30 43 29 43 L
30 44 24 44 L
30 45 24 45 L
30 46 13 6 D
30 47 31 37 U
30 49 28 49 L
31 0 30 17 R
31 1 30 18 R
31 6 28 6 D
31 7 30 46 L
31 11 27 15 R
31 14 29 25 U
31 15 30 15 R
31 16 29 27 U
31 17 29 32 U
31 18 28 1 D
31 19 28 19 R
31 20 28 20 R
31 23 30 23 R
31 25 29 14 R
31 26 31 16 R
31 27 29 27 U
31 28 29 47 L
31 29 25 29 U
31 30 11 30 U
31 31 0 46 L
31 32 31 17 R
31 34 0 16 R
31 35 28 35 U
31 37 29 37 U
31 38 30 25 U
31 39 31 11 D
31 40 31 28 U
31 41 31 41 L
31 42 29 42 L
31 43 26 26 U
31 44 29 44 L
31 45 31 7 D
31 46 31 4 D
32 0 3 17 R

