50 62 2706
6 6 3 39 13 2 0 3 7 16 16 41 41 44 11 10 14 5 9 1
26 19 6 0 18 24 27 3 27 0 0 45 46 45 6 23 32 8 15 0
2 35 8 36 37 0 31 0 26 38 39 40 43 43 3 27 28 18 6 19
27 42 42 41 40 44 44 30 34 41 0 0 43 0 38 2 20 23 4 31
1 2 40 7 41 18 45 0 0 0 0 0 46 45 10 37 21 8 20 19
43 12 42 37 40 35 46 43 44 39 42 45 45 40 38 44 42 8 0 29
3 9 44 9 35 20 0 0 10 45 0 0 0 0 33 25 5 21 10 32
38 15 42 0 12 25 0 36 19 20 0 37 0 0 0 4 36 35 16 15
2 11 37 22 41 0 43 0 0 42 46 43 0 42 43 0 30 36 44 36
2 0 43 8 43 22 0 41 30 33 0 34 0 30 29 40 6 7 19 36
7 2 35 1 42 36 0 0 29 37 0 39 0 31 32 33 4 31 3 19
3 9 37 37 0 28 45 0 0 0 0 42 0 0 0 0 38 6 4 4
8 32 0 28 42 6 0 43 29 0 42 0 0 35 0 0 35 39 14 22
45 33 0 14 39 32 35 42 16 14 0 14 46 40 34 35 22 40 38 17
21 11 0 45 0 0 45 41 28 29 0 39 47 48 49 36 35 34 17 33
35 15 45 44 0 45 37 0 0 17 44 28 0 42 33 22 0 0 24 35
38 32 40 39 41 21 39 30 27 18 42 8 43 16 41 41 40 38 39 41
0 39 37 40 34 30 13 40 26 30 44 29 39 35 31 40 4 19 20 27
23 13 27 36 24 0 33 32 19 18 21 25 2 34 11 24 22 22 29 0
28 6 24 17 9 20 32 31 8 0 41 29 29 24 36 39 7 3 25 1
0 0 0 0 L
0 1 0 1 L
0 2 0 2 L
0 3 0 3 L
0 4 0 4 L
0 5 0 5 L
0 6 0 6 L
0 7 0 7 L
0 8 0 8 L
0 9 0 9 L
0 10 0 10 L
0 11 0 11 L
0 12 0 12 L
0 13 0 13 L
0 14 0 14 L
0 15 0 15 L
0 16 0 16 R
0 17 0 17 R
0 18 0 18 R
0 19 0 19 R
0 20 0 20 R
0 21 0 21 R
0 22 0 22 R
0 23 0 23 R
0 24 0 24 R
0 25 0 25 R
0 26 0 26 R
0 27 0 27 R
0 28 0 28 R
0 29 0 29 R
0 30 0 30 R
0 31 0 31 R
0 32 0 32 D
0 33 0 33 D
0 34 0 34 D
0 35 0 35 D
0 36 0 36 D
0 37 0 37 D
0 38 0 38 D
0 39 0 39 D
0 40 0 40 D
0 41 0 41 D
0 42 0 42 D
0 43 0 43 D
0 44 0 44 D
0 45 0 45 D
0 46 0 46 D
0 47 0 47 D
0 48 0 48 U
0 49 0 49 U
0 50 0 50 U
0 51 0 51 U
0 52 0 52 U
0 53 0 53 U
0 54 0 54 U
0 55 0 55 U
0 56 0 56 U
0 57 0 57 U
0 58 0 58 U
0 59 0 59 U
0 60 0 60 U
0 61 0 61 U
1 0 0 48 U
1 1 1 33 D
1 2 0 50 U
1 3 1 49 U
1 4 0 32 D
1 5 0 35 D
1 6 1 37 D
1 7 1 54 U
1 8 0 58 U
1 9 3 51 U
1 10 3 42 D
1 11 0 42 D
1 12 3 43 D
1 13 0 45 D
1 14 5 46 D
1 15 5 45 D
1 16 0 48 U
1 17 1 32 D
1 18 0 1 L
1 19 0 2 L
1 20 2 50 U
1 21 0 33 D
1 22 0 36 D
1 23 0 53 U
1 24 3 52 U
1 25 2 53 U
1 26 1 41 D
1 27 3 41 D
1 28 0 57 U
1 29 0 44 D
1 30 0 45 D
1 31 3 14 L
1 32 0 49 U
1 33 1 17 R
1 34 0 16 R
1 35 0 20 R
1 36 3 5 L
1 37 1 4 L
1 38 3 24 R
1 39 3 7 L
1 40 0 56 U
1 41 2 8 L
1 42 0 9 L
1 43 4 9 L
1 44 0 59 U
1 45 0 12 L
1 46 2 21 R
1 47 6 25 R
1 48 0 16 R
1 49 0 0 L
1 50 0 34 D
1 51 3 18 R
1 52 1 2 L
1 53 1 22 R
1 54 1 24 R
1 55 1 25 R
1 56 2 18 R
1 57 2 4 L
1 58 4 7 L
1 59 0 43 D
1 60 2 12 L
1 61 4 13 L
2 0 0 16 R
2 1 1 1 L
2 2 0 19 R
2 3 2 3 L
2 4 2 4 L
2 5 1 5 L
2 6 3 6 L
2 7 2 7 L
2 8 2 40 D
2 9 3 9 L
2 10 2 10 L
2 11 3 59 U
2 12 3 60 U
2 13 3 13 L
2 14 5 14 L
2 15 6 15 L
2 16 0 32 D
2 17 0 33 D
2 18 2 18 R
2 19 0 35 D
2 20 1 20 R
2 21 2 21 R
2 22 1 52 U
2 23 2 23 R
2 24 2 24 R
2 25 4 25 R
2 26 1 26 R
2 27 2 27 R
2 28 1 28 R
2 29 2 29 R
2 30 3 30 R
2 31 2 31 R
2 32 1 18 R
2 33 1 0 L
2 34 0 19 R
2 35 0 0 L
2 36 2 36 D
2 37 2 37 D
2 38 3 38 D
2 39 1 39 D
2 40 4 40 D
2 41 3 21 R
2 42 3 42 D
2 43 4 43 D
2 44 3 44 D
2 45 0 29 R
2 46 5 46 D
2 47 3 47 D
2 48 0 17 R
2 49 2 2 L
2 50 1 50 U
2 51 3 51 U
2 52 2 52 U
2 53 1 53 U
2 54 2 54 U
2 55 2 55 U
2 56 4 56 U
2 57 2 57 U
2 58 2 58 U
2 59 2 11 L
2 60 2 60 U
2 61 4 61 U
3 0 0 34 D
3 1 0 51 U
3 2 0 22 R
3 3 1 3 L
3 4 3 51 U
3 5 0 23 R
3 6 0 17 R
3 7 3 7 L
3 8 3 41 D
3 9 4 42 D
3 10 1 10 L
3 11 4 11 L
3 12 0 24 R
3 13 2 61 U
3 14 5 52 U
3 15 5 15 L
3 16 0 49 U
3 17 0 34 D
3 18 2 49 U
3 19 3 35 D
3 20 3 50 U
3 21 1 21 R
3 22 2 22 R
3 23 0 37 D
3 24 1 54 U
3 25 3 1 L
3 26 4 26 R
3 27 1 27 R
3 28 4 28 R
3 29 3 29 R
3 30 1 45 D
3 31 5 31 R
3 32 0 3 L
3 33 1 16 R
3 34 0 17 R
3 35 0 1 L
3 36 1 23 R
3 37 2 6 L
3 38 0 49 U
3 39 3 39 D
3 40 2 40 D
3 41 2 20 R
3 42 4 26 R
3 43 0 23 R
3 44 3 29 R
3 45 3 30 R
3 46 3 26 R
3 47 7 47 D
3 48 0 4 L
3 49 1 21 R
3 50 3 19 R
3 51 0 36 D
3 52 3 5 L
3 53 4 0 L
3 54 2 38 D
3 55 3 55 U
3 56 4 19 R
3 57 1 57 U
3 58 4 58 U
3 59 0 12 L
3 60 4 60 U
3 61 3 61 U
4 0 2 39 D
4 1 2 32 D
4 2 3 56 U
4 3 1 34 D
4 4 3 35 D
4 5 0 57 U
4 6 4 6 L
4 7 3 40 D
4 8 0 52 U
4 9 1 9 L
4 10 3 10 L
4 11 4 59 U
4 12 4 12 L
4 13 2 13 L
4 14 6 14 L
4 15 5 56 U
4 16 3 33 D
4 17 0 55 U
4 18 3 48 U
4 19 1 36 D
4 20 0 38 D
4 21 0 8 L
4 22 3 43 D
4 23 0 58 U
4 24 2 60 U
4 25 4 54 U
4 26 2 55 U
4 27 1 44 D
4 28 3 28 R
4 29 0 61 U
4 30 2 30 R
4 31 4 31 R
4 32 0 6 L
4 33 2 33 D
4 34 2 25 R
4 35 3 2 L
4 36 3 20 R
4 37 0 8 L
4 38 4 38 D
4 39 2 39 D
4 40 3 23 R
4 41 0 25 R
4 42 2 22 R
4 43 2 11 L
4 44 2 44 D
4 45 2 45 D
4 46 5 58 U
4 47 4 2 L
4 48 4 16 R
4 49 0 5 L
4 50 3 26 R
4 51 0 41 D
4 52 0 10 L
4 53 4 53 U
4 54 0 37 D
4 55 4 27 R
4 56 3 56 U
4 57 0 11 L
4 58 0 28 R
4 59 4 24 R
4 60 4 27 R
4 61 5 2 L
5 0 4 54 U
5 1 2 33 D
5 2 5 42 D
5 3 5 50 U
5 4 0 20 R
5 5 1 33 D
5 6 5 36 D
5 7 4 38 D
5 8 8 52 U
5 9 4 50 U
5 10 0 18 R
5 11 5 36 D
5 12 11 43 D
5 13 5 38 D
5 14 3 14 L
5 15 7 49 U
5 16 0 50 U
5 17 5 52 U
5 18 2 37 D
5 19 3 49 U
5 20 4 32 D
5 21 3 51 U
5 22 5 34 D
5 23 3 55 U
5 24 0 42 D
5 25 4 46 D
5 26 2 45 D
5 27 6 27 R
5 28 5 41 D
5 29 5 48 U
5 30 7 46 D
5 31 3 10 L
5 32 1 7 L
5 33 2 17 R
5 34 1 34 D
5 35 2 1 L
5 36 0 5 L
5 37 0 14 L
5 38 3 3 L
5 39 5 23 R
5 40 0 48 U
5 41 6 13 L
5 42 0 15 L
5 43 2 14 L
5 44 0 19 R
5 45 6 21 R
5 46 3 46 D
5 47 4 47 D
5 48 5 4 L
5 49 5 10 L
5 50 1 30 R
5 51 0 19 R
5 52 5 29 R
5 53 5 23 R
5 54 2 19 R
5 55 6 18 R
5 56 6 4 L
5 57 2 25 R
5 58 0 36 D
5 59 5 59 U
5 60 6 19 R
5 61 5 61 U
6 0 4 43 D
6 1 0 28 R
6 2 3 61 U
6 3 5 51 U
6 4 0 58 U
6 5 5 5 L
6 6 1 59 U
6 7 0 60 U
6 8 6 8 L
6 9 6 61 U
6 10 7 53 U
6 11 7 11 L
6 12 10 58 U
6 13 5 13 L
6 14 6 54 U
6 15 7 15 L
6 16 2 58 U
6 17 0 39 D
6 18 5 40 D
6 19 2 56 U
6 20 0 4 L
6 21 2 41 D
6 22 5 22 R
6 23 5 23 R
6 24 2 59 U
6 25 0 9 L
6 26 2 26 R
6 27 0 6 L
6 28 6 47 D
6 29 16 40 D
6 30 6 30 R
6 31 7 31 R
6 32 5 1 L
6 33 1 18 R
6 34 2 5 L
6 35 1 9 L
6 36 0 23 R
6 37 5 14 L
6 38 4 6 L
6 39 5 16 R
6 40 6 40 D
6 41 2 7 L
6 42 2 15 L
6 43 1 43 D
6 44 4 44 D
6 45 1 27 R
6 46 6 46 D
6 47 5 47 D
6 48 2 20 R
6 49 5 3 L
6 50 3 0 L
6 51 0 22 R
6 52 0 39 D
6 53 0 27 R
6 54 6 6 L
6 55 6 55 U
6 56 1 24 R
6 57 5 57 U
6 58 6 58 U
6 59 4 2 L
6 60 6 60 U
6 61 6 15 L
7 0 7 34 D
7 1 5 32 D
7 2 2 35 D
7 3 2 48 U
7 4 8 58 U
7 5 7 40 D
7 6 0 33 D
7 7 6 53 U
7 8 8 8 L
7 9 6 9 L
7 10 7 10 L
7 11 6 11 L
7 12 0 36 D
7 13 6 57 U
7 14 6 44 D
7 15 4 36 D
7 16 3 16 R
7 17 3 34 D
7 18 1 48 U
7 19 5 47 D
7 20 7 20 R
7 21 8 37 D
7 22 1 46 D
7 23 10 32 D
7 24 6 39 D
7 25 7 25 R
7 26 8 49 U
7 27 4 55 U
7 28 6 28 R
7 29 17 29 R
7 30 7 30 R
7 31 11 46 D
7 32 0 27 R
7 33 6 15 L
7 34 6 7 L
7 35 3 17 R
7 36 5 36 D
7 37 8 8 L
7 38 7 16 R
7 39 3 27 R
7 40 0 55 U
7 41 7 41 D
7 42 9 24 R
7 43 3 16 R
7 44 6 3 L
7 45 0 30 R
7 46 0 57 U
7 47 6 47 D
7 48 6 30 R
7 49 0 32 D
7 50 6 28 R
7 51 8 35 D
7 52 6 30 R
7 53 7 31 R
7 54 7 21 R
7 55 5 25 R
7 56 8 31 R
7 57 7 0 L
7 58 4 5 L
7 59 7 5 L
7 60 0 17 R
7 61 2 61 U
8 0 1 55 U
8 1 7 33 D
8 2 1 47 D
8 3 8 37 D
8 4 8 4 L
8 5 8 41 D
8 6 7 38 D
8 7 10 57 U
8 8 8 33 D
8 9 0 26 R
8 10 8 38 D
8 11 8 59 U
8 12 15 12 L
8 13 6 13 L
8 15 8 56 U
8 16 5 51 U
8 17 8 17 R
8 18 8 54 U
8 19 8 19 R
8 20 0 8 L
8 21 8 21 R
8 22 6 22 R
8 23 10 23 R
8 24 10 57 U
8 25 8 42 D
8 26 0 56 U
8 27 7 56 U
8 28 1 54 U
8 29 18 57 U
8 30 0 11 L
8 31 20 31 R
8 32 3 6 L
8 33 7 10 L
8 34 2 26 R
8 35 3 15 L
8 36 6 2 L
8 37 7 52 U
8 38 6 20 R
8 39 9 16 R
8 40 4 12 L
8 41 0 7 L
8 42 10 42 D
8 43 2 43 D
8 44 5 25 R
8 45 0 2 L
8 46 7 46 D
8 47 0 16 R
8 48 7 25 R
8 49 7 18 R
8 50 8 19 R
8 51 8 51 U
8 52 8 3 L
8 53 8 26 R
8 54 7 54 U
8 55 6 0 L
8 56 8 18 R
8 57 0 40 D
8 58 8 1 L
8 59 8 59 U
8 60 3 60 U
8 61 8 18 R
9 0 0 53 U
9 1 8 47 D
9 2 9 38 D
9 3 8 17 R
9 4 5 47 D
9 5 12 50 U
9 6 10 33 D
9 7 11 7 L
9 8 9 8 L
9 9 0 42 D
9 10 10 46 D
9 11 8 11 L
9 12 2 12 L
9 13 18 61 U
9 15 9 61 U
9 16 8 40 D
9 17 7 39 D
9 18 2 1 L
9 19 10 49 U
9 20 10 20 R
9 21 6 35 D
9 22 8 49 U
9 23 9 23 R
9 24 9 56 U
9 25 11 25 R
9 26 11 41 D
9 27 0 8 L
9 28 10 28 R
9 29 13 43 D
9 30 12 30 R
9 31 0 1 L
9 32 7 48 U
9 33 5 22 R
9 34 0 49 U
9 35 12 10 L
9 36 8 1 L
9 37 9 28 R
9 38 10 19 R
9 39 8 39 D
9 40 9 40 D
9 41 12 41 D
9 42 6 9 L
9 43 6 43 D
9 44 11 44 D
9 45 17 45 D
9 46 5 11 L
9 47 0 0 L
9 48 4 6 L
9 49 7 17 R
9 50 10 18 R
9 51 11 19 R
9 52 11 17 R
9 53 8 20 R
9 54 11 22 R
9 55 11 55 U
9 56 5 21 R
9 57 0 24 R
9 58 9 30 R
9 59 7 59 U
9 60 12 30 R
9 61 9 61 U
10 0 8 32 D
10 1 9 1 L
10 2 10 2 L
10 3 7 35 D
10 4 10 54 U
10 5 10 5 L
10 6 2 28 R
10 7 12 7 L
10 8 7 8 L
10 9 9 9 L
10 10 9 10 L
10 11 10 55 U
10 12 12 42 D
10 13 18 13 L
10 15 9 15 L
10 16 2 61 U
10 17 9 46 D
10 18 0 0 L
10 19 11 50 U
10 20 9 20 R
10 21 11 51 U
10 22 0 48 U
10 23 10 50 U
10 24 10 56 U
10 25 8 59 U
10 26 13 32 D
10 27 9 27 R
10 28 11 28 R
10 29 0 45 D
10 30 12 40 D
10 31 26 31 R
10 32 9 2 L
10 33 9 17 R
10 34 11 34 D
10 35 12 3 L
10 36 4 36 D
10 37 11 37 D
10 38 7 2 L
10 39 0 28 R
10 40 10 3 L
10 41 11 5 L
10 42 8 25 R
10 43 11 9 L
10 44 6 44 D
10 45 14 45 D
10 46 8 46 D
10 47 1 20 R
10 48 7 1 L
10 49 9 23 R
10 50 11 22 R
10 51 12 6 L
10 52 9 52 U
10 53 10 53 U
10 54 10 54 U
10 55 9 3 L
10 56 11 41 D
10 57 7 57 U
10 58 10 25 R
10 59 9 59 U
10 60 8 60 U
10 61 7 61 U
11 0 11 52 U
11 1 11 1 L
11 2 10 53 U
11 3 9 3 L
11 4 7 39 D
11 5 12 56 U
11 6 12 38 D
11 7 10 7 L
11 8 5 48 U
11 9 10 9 L
11 10 11 10 L
11 11 12 11 L
11 12 13 43 D
11 13 8 13 L
11 15 11 15 L
11 16 6 61 U
11 17 8 32 D
11 18 8 53 U
11 19 12 37 D
11 20 6 48 U
11 21 9 21 R
11 22 10 55 U
11 23 7 40 D
11 24 11 58 U
11 25 10 44 D
11 26 11 26 R
11 27 13 58 U
11 28 12 32 D
11 29 9 29 R
11 30 11 30 R
11 31 23 31 R
11 32 8 16 R
11 33 4 22 R
11 34 0 22 R
11 35 9 35 D
11 36 8 10 L
11 37 10 21 R
11 38 9 38 D
11 39 11 22 R
11 40 0 16 R
11 41 11 41 D
11 42 13 42 D
11 43 12 43 D
11 44 12 44 D
11 45 16 45 D
11 46 12 4 L
11 47 12 47 D
11 48 2 8 L
11 49 8 49 U
11 50 9 50 U
11 51 11 51 U
11 52 12 52 U
11 53 12 23 R
11 54 9 4 L
11 55 12 55 U
11 56 9 24 R
11 57 8 57 U
11 58 9 12 L
11 59 10 59 U
11 60 7 60 U
11 61 9 23 R
12 0 9 59 U
12 1 10 40 D
12 2 9 2 L
12 3 0 21 R
12 4 8 36 D
12 5 12 42 D
12 6 11 6 L
12 7 2 41 D
12 8 5 8 L
12 9 12 60 U
12 10 10 10 L
12 11 2 48 U
12 12 11 12 L
12 13 17 13 L
12 15 20 40 D
12 16 9 16 R
12 17 9 59 U
12 18 12 18 R
12 19 12 19 R
12 20 7 34 D
12 21 12 51 U
12 22 12 56 U
12 23 12 23 R
12 24 9 24 R
12 25 5 25 R
12 26 10 26 R
12 27 8 27 R
12 28 2 37 D
12 29 18 61 U
12 30 12 58 U
12 31 24 31 R
12 32 8 4 L
12 33 8 20 R
12 34 2 34 D
12 35 11 35 D
12 36 3 11 L
12 37 9 24 R
12 38 12 7 L
12 39 6 39 D
12 40 9 30 R
12 41 10 5 L
12 42 13 0 L
12 43 6 12 L
12 44 0 48 U
12 45 15 45 D
12 46 9 46 D
12 47 1 47 D
12 48 9 0 L
12 49 12 5 L
12 50 12 4 L
12 51 10 51 U
12 52 10 52 U
12 53 9 53 U
12 54 5 54 U
12 55 10 19 R
12 56 3 37 D
12 57 12 57 U
12 58 14 19 R
12 59 8 1 L
12 60 10 27 R
12 61 10 61 U
13 0 8 44 D
13 1 9 32 D
13 2 13 41 D
13 3 11 3 L
13 4 12 57 U
13 5 14 5 L
13 6 6 54 U
13 7 11 52 U
13 8 15 39 D
13 9 15 39 D
13 10 12 33 D
13 11 14 34 D
13 12 14 61 U
13 13 16 13 L
13 15 19 15 L
13 16 13 55 U
13 17 13 53 U
13 18 10 51 U
13 19 15 33 D
13 20 9 50 U
13 21 9 34 D
13 22 13 42 D
13 23 10 34 D
13 24 15 37 D
13 25 8 34 D
13 26 13 26 R
13 27 2 8 L
13 28 14 56 U
13 29 12 29 R
13 30 17 49 U
13 31 26 33 D
13 32 12 0 L
13 33 11 7 L
13 34 13 2 L
13 35 9 1 L
13 36 2 28 R
13 37 9 4 L
13 38 8 38 D
13 39 15 12 L
13 40 0 60 U
13 41 13 20 R
13 42 9 21 R
13 43 9 28 R
13 44 13 44 D
13 45 15 18 R
13 46 22 29 R
13 47 22 47 D
13 48 11 18 R
13 49 4 10 L
13 50 13 26 R
13 51 9 25 R
13 52 10 16 R
13 53 13 3 L
13 54 0 33 D
13 55 10 35 D
13 56 14 22 R
13 57 13 25 R
13 58 14 58 U
13 59 14 12 L
13 60 11 60 U
13 61 14 8 L
14 0 13 42 D
14 1 15 53 U
14 2 15 32 D
14 3 9 53 U
14 4 13 36 D
14 5 9 5 L
14 6 15 37 D
14 7 11 50 U
14 8 15 59 U
14 9 14 9 L
14 10 0 41 D
14 11 15 60 U
14 12 13 12 L
14 13 15 13 L
14 15 12 15 L
14 16 9 52 U
14 17 13 49 U
14 18 14 54 U
14 19 15 44 D
14 20 15 32 D
14 21 0 32 D
14 22 14 22 R
14 23 4 23 R
14 24 15 24 R
14 25 13 42 D
14 26 13 58 U
14 27 14 27 R
14 28 4 15 L
14 29 16 29 R
14 30 0 10 L
14 31 26 56 U
14 32 11 48 U
14 33 8 3 L
14 34 10 17 R
14 35 14 55 U
14 36 14 19 R
14 37 15 5 L
14 38 10 38 D
14 39 14 11 L
14 40 15 40 D
14 41 11 16 R
14 42 15 42 D
14 43 14 43 D
14 44 0 4 L
14 45 18 45 D
14 46 23 46 D
14 47 21 47 D
14 48 11 16 R
14 49 13 20 R
14 50 0 41 D
14 51 10 10 L
14 52 13 17 R
14 53 15 21 R
14 54 12 3 L
14 55 14 19 R
14 56 15 56 U
14 57 14 57 U
14 58 13 24 R
14 59 15 59 U
14 60 13 27 R
14 61 13 61 U
15 0 14 0 L
15 1 15 1 L
15 2 14 2 L
15 3 14 35 D
15 4 11 26 R
15 5 14 58 U
15 6 14 6 L
15 7 13 38 D
15 8 14 40 D
15 9 13 9 L
15 10 12 10 L
15 11 14 11 L
15 12 16 44 D
15 13 4 43 D
15 15 2 15 L
15 16 10 48 U
15 17 3 36 D
15 18 14 18 R
15 19 13 59 U
15 20 15 20 R
15 21 15 37 D
15 22 15 22 R
15 23 14 37 D
15 24 14 24 R
15 25 15 54 U
15 26 15 26 R
15 27 15 39 D
15 28 2 28 R
15 29 20 29 R
15 30 0 13 L
15 31 27 31 R
15 32 15 1 L
15 33 14 18 R
15 34 12 11 L
15 35 15 35 D
15 36 0 21 R
15 37 14 56 U
15 38 13 38 D
15 39 15 27 R
15 40 13 40 D
15 41 18 24 R
15 42 15 4 L
15 43 15 7 L
15 44 10 44 D
15 45 13 19 R
15 46 0 50 U
15 47 24 47 D
15 48 11 7 L
15 49 13 49 U
15 50 14 50 U
15 51 14 51 U
15 52 13 52 U
15 53 9 2 L
15 54 13 5 L
15 55 15 55 U
15 56 13 6 L
15 57 11 57 U
15 58 13 27 R
15 59 15 9 L
15 60 14 60 U
15 61 15 12 L
16 0 3 52 U
16 1 5 40 D
16 2 17 50 U
16 3 18 39 D
16 4 12 51 U
16 5 16 54 U
16 6 17 6 L
16 7 13 7 L
16 8 14 37 D
16 9 18 55 U
16 10 18 54 U
16 11 18 37 D
16 12 17 12 L
16 13 2 43 D
16 15 1 15 L
16 16 15 48 U
16 17 16 35 D
16 18 13 18 R
16 19 14 19 R
16 20 0 44 D
16 21 17 34 D
16 22 17 56 U
16 23 7 23 R
16 24 0 10 L
16 25 17 50 U
16 26 8 32 D
16 27 18 41 D
16 28 18 57 U
16 29 19 45 D
16 30 14 30 R
16 31 16 35 D
16 32 15 18 R
16 33 0 2 L
16 34 18 7 L
16 35 17 16 R
16 36 16 21 R
16 37 8 5 L
16 38 10 0 L
16 39 15 1 L
16 40 14 25 R
16 41 17 41 D
16 42 0 17 R
16 43 16 29 R
16 44 0 28 R
16 45 11 45 D
16 46 28 46 D
16 47 21 31 R
16 48 0 45 D
16 49 14 26 R
16 50 11 32 D
16 51 11 0 L
16 52 0 33 D
16 53 13 2 L
16 54 16 36 D
16 55 16 0 L
16 56 18 21 R
16 57 17 27 R
16 58 18 28 R
16 59 17 20 R
16 60 3 17 R
16 61 17 12 L
17 0 15 43 D
17 1 16 1 L
17 2 16 2 L
17 3 17 3 L
17 4 5 4 L
17 5 18 5 L
17 6 16 55 U
17 7 12 40 D
17 8 16 8 L
17 9 16 36 D
17 10 18 10 L
17 11 2 11 L
17 12 18 12 L
17 13 10 13 L
17 15 22 52 U
17 16 9 35 D
17 17 17 17 R
17 18 11 49 U
17 19 16 35 D
17 20 13 53 U
17 21 16 21 R
17 22 16 22 R
17 23 15 23 R
17 24 17 24 R
17 25 1 53 U
17 26 17 57 U
17 27 17 27 R
17 28 14 28 R
17 29 10 29 R
17 30 13 30 R
17 31 25 31 R
17 32 15 16 R
17 33 17 2 L
17 34 18 9 L
17 35 17 23 R
17 36 14 8 L
17 37 17 37 D
17 38 14 38 D
17 39 17 39 D
17 40 17 40 D
17 41 18 41 D
17 42 12 42 D
17 43 4 29 R
17 44 16 44 D
17 45 9 45 D
17 46 22 46 D
17 47 19 49 U
17 48 14 18 R
17 49 15 49 U
17 50 16 17 R
17 51 13 51 U
17 52 16 52 U
17 53 12 3 L
17 54 16 9 L
17 55 16 55 U
17 56 18 4 L
17 57 18 30 R
17 58 18 58 U
17 59 16 59 U
17 60 10 60 U
17 61 16 61 U
18 0 17 33 D
18 1 8 51 U
18 2 14 32 D
18 3 16 3 L
18 4 17 54 U
18 5 18 40 D
18 6 8 6 L
18 7 18 35 D
18 8 17 8 L
18 9 17 9 L
18 10 18 39 D
18 11 17 11 L
18 12 16 42 D
18 13 20 55 U
18 15 20 15 L
18 16 11 60 U
18 17 16 33 D
18 18 17 48 U
18 19 18 19 R
18 20 16 51 U
18 21 17 53 U
18 22 17 36 D
18 23 17 23 R
18 24 18 56 U
18 25 0 52 U
18 26 18 26 R
18 27 18 27 R
18 28 10 58 U
18 29 23 29 R
18 30 10 30 R
18 31 31 31 R
18 32 11 0 L
18 33 14 2 L
18 34 15 25 R
18 35 16 30 R
18 36 1 56 U
18 37 18 22 R
18 38 16 11 L
18 39 18 5 L
18 40 17 26 R
18 41 16 41 D
18 42 17 12 L
18 43 16 13 L
18 44 17 44 D
18 45 26 24 R
18 46 13 9 L
18 47 30 47 D
18 48 18 6 L
18 49 17 19 R
18 50 17 18 R
18 51 8 25 R
18 52 0 1 L
18 53 17 22 R
18 54 16 24 R
18 55 18 20 R
18 56 0 20 R
18 57 18 29 R
18 58 8 58 U
18 59 13 59 U
18 60 16 27 R
18 61 17 29 R
19 0 19 41 D
19 1 19 34 D
19 2 14 20 R
19 3 10 36 D
19 4 18 41 D
19 5 19 50 U
19 6 24 37 D
19 7 18 57 U
19 8 16 50 U
19 9 23 9 L
19 10 10 51 U
19 11 20 56 U
19 12 3 44 D
19 13 22 49 U
19 15 14 15 L
19 16 10 60 U
19 17 19 55 U
19 18 18 55 U
19 19 19 33 D
19 20 0 49 U
19 21 13 35 D
19 22 0 5 L
19 23 19 32 D
19 24 3 24 R
19 25 14 45 D
19 26 10 53 U
19 27 17 1 L
19 28 20 56 U
19 29 22 37 D
19 30 0 48 U
19 31 5 52 U
19 32 19 17 R
19 33 19 5 L
19 34 17 52 U
19 35 13 0 L
19 36 23 25 R
19 37 22 2 L
19 38 15 13 L
19 39 16 3 L
19 40 20 28 R
19 41 16 30 R
19 42 24 19 R
19 43 0 58 U
19 44 19 0 L
19 45 26 45 D
19 46 27 46 D
19 47 28 47 D
19 48 4 21 R
19 49 0 10 L
19 50 13 29 R
19 51 20 4 L
19 52 6 11 L
19 53 19 23 R
19 54 20 29 R
19 55 20 0 L
19 56 19 25 R
19 57 12 18 R
19 58 20 29 R
19 59 21 5 L
19 60 16 60 U
19 61 23 18 R
20 0 14 53 U
20 1 19 33 D
20 2 20 2 L
20 3 8 32 D
20 4 22 37 D
20 5 19 57 U
20 6 24 6 L
20 7 0 39 D
20 8 17 48 U
20 9 21 37 D
20 10 23 41 D
20 11 23 11 L
20 12 19 12 L
20 13 21 13 L
20 15 24 15 L
20 16 14 45 D
20 17 17 37 D
20 18 13 56 U
20 19 22 35 D
20 20 18 20 R
20 21 21 32 D
20 22 23 57 U
20 23 15 54 U
20 24 0 51 U
20 25 20 25 R
20 26 19 26 R
20 27 19 27 R
20 28 24 54 U
20 29 22 29 R
20 30 24 11 L
20 31 16 31 R
20 32 20 32 D
20 33 10 7 L
20 34 20 34 D
20 35 14 35 D
20 36 22 36 D
20 37 23 21 R
20 38 16 3 L
20 39 20 39 D
20 40 21 22 R
20 41 15 41 D
20 42 25 42 D
20 43 20 43 D
20 44 15 8 L
20 45 22 4 L
20 46 28 19 R
20 47 25 19 R
20 48 9 10 L
20 49 6 49 U
20 50 19 17 R
20 51 20 51 U
20 52 17 52 U
20 53 15 26 R
20 54 19 54 U
20 55 15 4 L
20 56 11 24 R
20 57 20 1 L
20 58 19 58 U
20 59 21 59 U
20 60 23 4 L
20 61 20 61 U
21 0 4 32 D
21 1 10 48 U
21 2 20 39 D
21 3 21 32 D
21 4 21 57 U
21 5 21 60 U
21 6 20 6 L
21 7 19 7 L
21 8 22 8 L
21 9 22 9 L
21 10 20 10 L
21 11 24 42 D
21 12 19 43 D
21 13 24 37 D
21 15 7 41 D
21 16 19 34 D
21 17 15 49 U
21 18 23 48 U
21 19 17 52 U
21 20 20 50 U
21 21 22 55 U
21 22 19 22 R
21 23 14 33 D
21 24 21 24 R
21 25 21 51 U
21 26 13 38 D
21 27 9 59 U
21 28 25 28 R
21 29 20 40 D
21 30 17 30 R
21 31 21 31 R
21 32 21 17 R
21 33 20 20 R
21 34 20 1 L
21 35 19 17 R
21 36 18 19 R
21 37 23 23 R
21 38 11 38 D
21 39 21 20 R
21 40 22 40 D
21 41 11 25 R
21 42 20 24 R
21 43 21 43 D
21 44 20 44 D
21 45 23 45 D
21 46 26 21 R
21 47 30 24 R
21 48 16 12 L
21 49 21 18 R
21 50 21 21 R
21 51 21 0 L
21 52 19 52 U
21 53 20 16 R
21 54 0 36 D
21 55 23 19 R
21 56 19 7 L
21 57 22 57 U
21 58 20 58 U
21 59 17 59 U
21 60 21 60 U
21 61 19 61 U
22 0 18 50 U
22 1 18 44 D
22 2 23 54 U
22 3 10 54 U
22 4 23 38 D
22 5 18 58 U
22 6 6 6 L
22 7 22 59 U
22 8 19 44 D
22 9 22 40 D
22 10 24 10 L
22 11 20 11 L
22 12 20 60 U
22 13 0 28 R
22 15 23 15 L
22 16 21 51 U
22 17 8 43 D
22 18 20 34 D
22 19 20 43 D
22 20 21 55 U
22 21 17 3 L
22 22 0 34 D
22 23 19 55 U
22 24 20 24 R
22 25 0 7 L
22 26 23 37 D
22 27 11 27 R
22 28 21 28 R
22 29 22 41 D
22 30 24 30 R
22 31 28 31 R
22 32 11 27 R
22 33 20 18 R
22 34 10 24 R
22 35 23 35 D
22 36 23 1 L
22 37 21 37 D
22 38 22 4 L
22 39 8 29 R
22 40 21 40 D
22 41 20 41 D
22 42 9 42 D
22 43 19 52 U
22 44 19 44 D
22 45 19 45 D
22 46 27 0 L
22 47 20 47 D
22 48 21 17 R
22 49 22 8 L
22 50 12 50 U
22 51 14 13 L
22 52 22 9 L
22 53 23 53 U
22 54 21 54 U
22 55 23 2 L
22 56 21 56 U
22 57 20 21 R
22 58 23 21 R
22 59 18 59 U
22 60 23 60 U
22 61 23 61 U
23 0 21 36 D
23 1 19 39 D
23 2 21 58 U
23 3 21 54 U
23 4 20 4 L
23 5 18 34 D
23 6 23 40 D
23 7 20 7 L
23 8 0 54 U
23 9 24 55 U
23 10 25 40 D
23 11 25 11 L
23 12 23 12 L
23 13 22 13 L
23 15 26 15 L
23 16 18 53 U
23 17 13 34 D
23 18 23 52 U
23 19 22 19 R
23 20 22 36 D
23 21 23 56 U
23 22 24 42 D
23 23 24 39 D
23 24 19 24 R
23 25 23 25 R
23 26 21 26 R
23 27 22 54 U
23 28 25 44 D
23 29 19 29 R
23 30 23 30 R
23 31 25 37 D
23 32 21 2 L
23 33 19 33 D
23 34 22 0 L
23 35 13 18 R
23 36 19 20 R
23 37 21 4 L
23 38 14 9 L
23 39 20 18 R
23 40 21 27 R
23 41 23 2 L
23 42 0 10 L
23 43 22 57 U
23 44 14 8 L
23 45 29 45 D
23 46 21 46 D
23 47 32 47 D
23 48 17 0 L
23 49 21 49 U
23 50 3 50 U
23 51 21 19 R
23 52 22 29 R
23 53 22 53 U
23 54 20 9 L
23 55 20 26 R
23 56 19 56 U
23 57 0 38 D
23 58 22 29 R
23 59 20 59 U
23 60 22 22 R
23 61 21 61 U
24 0 23 47 D
24 1 24 52 U
24 2 19 51 U
24 3 0 33 D
24 4 24 38 D
24 5 19 32 D
24 6 25 6 L
24 7 13 49 U
24 8 20 53 U
24 9 20 9 L
24 10 25 10 L
24 11 22 11 L
24 12 25 45 D
24 13 21 57 U
24 15 28 15 L
24 16 24 48 U
24 17 22 36 D
24 18 24 51 U
24 19 14 38 D
24 20 25 50 U
24 21 24 56 U
24 22 20 22 R
24 23 24 23 R
24 24 22 24 R
24 25 23 32 D
24 26 24 53 U
24 27 25 59 U
24 28 22 28 R
24 29 24 35 D
24 30 22 30 R
24 31 30 31 R
24 32 21 0 L
24 33 13 25 R
24 34 15 6 L
24 35 21 8 L
24 36 18 16 R
24 37 24 20 R
24 38 25 5 L
24 39 24 39 D
24 40 22 50 U
24 41 19 41 D
24 42 21 27 R
24 43 17 18 R
24 44 25 24 R
24 45 5 1 L
24 46 28 16 R
24 47 33 47 D
24 48 22 3 L
24 49 24 16 R
24 50 24 17 R
24 51 25 3 L
24 52 19 20 R
24 53 23 6 L
24 54 24 29 R
24 55 21 25 R
24 56 9 13 L
24 57 0 42 D
24 58 24 11 L
24 59 23 28 R
24 60 22 60 U
24 61 10 12 L
25 0 23 36 D
25 1 20 16 R
25 2 25 2 L
25 3 24 34 D
25 4 25 4 L
25 5 24 55 U
25 6 18 6 L
25 7 0 31 R
25 8 26 50 U
25 9 25 9 L
25 10 23 58 U
25 11 24 59 U
25 12 26 12 L
25 13 24 13 L
25 15 27 15 L
25 16 2 33 D
25 17 25 17 R
25 18 25 52 U
25 19 25 19 R
25 20 25 54 U
25 21 26 57 U
25 22 25 22 R
25 23 16 43 D
25 24 23 57 U
25 25 21 13 L
25 26 0 57 U
25 27 22 27 R
25 28 24 28 R
25 29 25 29 R
25 30 25 47 D
25 31 31 55 U
25 32 23 7 L
25 33 9 13 L
25 34 24 1 L
25 35 24 26 R
25 36 16 36 D
25 37 20 37 D
25 38 12 9 L
25 39 25 39 D
25 40 20 10 L
25 41 23 13 L
25 42 24 11 L
25 43 0 51 U
25 44 25 44 D
25 45 31 45 D
25 46 23 17 R
25 47 0 52 U
25 48 24 48 U
25 49 23 5 L
25 50 25 22 R
25 51 17 51 U
25 52 25 23 R
25 53 0 35 D
25 54 24 22 R
25 55 25 55 U
25 56 23 10 L
25 57 17 57 U
25 58 20 23 R
25 59 21 30 R
25 60 24 11 L
25 61 26 17 R
26 0 25 32 D
26 1 1 36 D
26 2 25 50 U
26 3 27 46 D
26 4 27 37 D
26 5 10 33 D
26 6 26 34 D
26 7 19 52 U
26 8 26 8 L
26 9 25 61 U
26 10 28 10 L
26 11 26 34 D
26 12 22 12 L
26 13 5 57 U
26 15 0 37 D
26 16 25 33 D
26 17 26 48 U
26 18 21 55 U
26 19 8 35 D
26 20 25 53 U
26 21 27 21 R
26 22 26 40 D
26 23 7 3 L
26 24 26 49 U
26 25 27 54 U
26 26 27 59 U
26 27 25 43 D
26 28 10 15 L
26 29 17 12 L
26 30 30 36 D
26 31 7 9 L
26 32 23 19 R
26 33 24 0 L
26 34 25 9 L
26 35 18 23 R
26 36 11 12 L
26 37 26 26 R
26 38 27 3 L
26 39 33 7 L
26 40 17 19 R
26 41 22 41 D
26 42 17 26 R
26 43 26 43 D
26 44 20 23 R
26 45 30 31 R
26 46 2 25 R
26 47 30 21 R
26 48 26 1 L
26 49 26 22 R
26 50 0 31 R
26 51 22 15 L
26 52 25 11 L
26 53 26 2 L
26 54 27 24 R
26 55 21 30 R
26 56 28 29 R
26 57 20 8 L
26 58 24 20 R
26 59 28 31 R
26 60 25 15 L
26 61 26 61 U
27 0 27 51 U
27 1 10 17 R
27 2 0 40 D
27 3 27 3 L
27 4 24 18 R
27 5 11 5 L
27 6 14 48 U
27 7 30 38 D
27 8 0 23 R
27 9 17 49 U
27 10 27 34 D
27 11 26 52 U
27 12 26 32 D
27 13 27 13 L
27 15 21 15 L
27 16 20 55 U
27 17 23 50 U
27 18 28 48 U
27 19 12 58 U
27 20 20 61 U
27 21 16 52 U
27 22 26 22 R
27 23 27 38 D
27 24 27 46 D
27 25 28 25 R
27 26 0 55 U
27 27 33 27 R
27 28 20 28 R
27 29 28 29 R
27 30 1 30 R
27 31 29 60 U
27 32 11 32 D
27 33 26 12 L
27 34 26 9 L
27 35 26 4 L
27 36 25 16 R
27 37 6 28 R
27 38 22 59 U
27 39 17 57 U
27 40 25 0 L
27 41 2 41 D
27 42 22 29 R
27 43 5 1 L
27 44 27 44 D
27 45 30 25 R
27 46 34 46 D
27 47 27 5 L
27 48 13 7 L
27 49 28 18 R
27 50 26 6 L
27 51 25 51 U
27 52 26 21 R
27 53 23 10 L
27 54 28 54 U
27 55 21 15 L
27 56 28 56 U
27 57 28 23 R
27 58 13 58 U
27 59 27 59 U
27 60 28 33 D
27 61 26 22 R
28 0 27 0 L
28 1 28 1 L
28 2 21 53 U
28 3 17 38 D
28 4 30 4 L
28 5 18 36 D
28 6 31 37 D
28 7 30 7 L
28 8 24 8 L
28 9 2 46 D
28 10 31 10 L
28 11 0 52 U
28 12 10 12 L
28 13 20 13 L
28 15 24 35 D
28 16 22 32 D
28 17 27 17 R
28 18 27 18 R
28 19 24 2 L
28 20 27 20 R
28 21 27 55 U
28 22 27 42 D
28 23 28 33 D
28 24 26 24 R
28 25 30 54 U
28 26 29 56 U
28 27 15 27 R
28 28 27 35 D
28 29 26 42 D
28 30 29 30 R
28 31 31 33 D
28 32 20 16 R
28 33 25 1 L
28 34 28 7 L
28 35 26 11 L
28 36 21 36 D
28 37 30 8 L
28 38 14 10 L
28 39 28 25 R
28 40 16 40 D
28 41 6 41 D
28 42 0 23 R
28 43 27 43 D
28 44 14 44 D
28 45 30 45 D
28 46 26 46 D
28 47 13 51 U
28 48 21 20 R
28 49 28 49 U
28 50 27 10 L
28 51 28 51 U
28 52 16 25 R
28 53 25 53 U
28 54 26 54 U
28 55 28 55 U
28 56 18 6 L
28 57 3 57 U
28 58 1 58 U
28 59 12 44 D
28 60 31 60 U
28 61 27 61 U
29 0 26 59 U
29 1 0 29 R
29 2 26 32 D
29 3 27 33 D
29 4 29 4 L
29 5 30 24 R
29 6 26 37 D
29 7 33 52 U
29 8 29 8 L
29 9 23 57 U
29 10 29 34 D
29 11 9 11 L
29 12 29 12 L
29 13 20 46 D
29 15 0 30 R
29 16 25 32 D
29 17 21 44 D
29 18 29 18 R
29 19 14 61 U
29 20 29 32 D
29 21 20 60 U
29 22 30 61 U
29 23 21 23 R
29 24 0 47 D
29 25 28 45 D
29 26 28 43 D
29 27 34 54 U
29 29 31 45 D
29 30 28 30 R
29 31 8 31 R
29 32 27 13 L
29 33 18 0 L
29 34 22 12 L
29 35 27 22 R
29 36 22 3 L
29 37 23 54 U
29 38 31 6 L
29 39 36 20 R
29 40 3 22 R
29 41 8 11 L
29 42 34 10 L
29 43 0 6 L
29 44 20 16 R
29 45 29 31 R
29 46 40 46 D
29 47 10 47 D
29 48 28 2 L
29 49 28 8 L
29 50 30 22 R
29 51 27 5 L
29 52 16 21 R
29 53 26 15 L
29 54 30 6 L
29 55 0 38 D
29 56 30 56 U
29 57 31 26 R
29 58 31 31 R
29 59 28 59 U
29 60 24 60 U
29 61 29 17 R
30 0 14 45 D
30 1 31 35 D
30 2 31 34 D
30 3 28 21 R
30 4 27 4 L
30 5 21 5 L
30 6 29 56 U
30 7 33 7 L
30 8 28 53 U
30 9 21 9 L
30 10 28 49 U
30 11 35 51 U
30 12 29 37 D
30 13 29 50 U
30 15 29 15 L
30 16 30 49 U
30 17 29 17 R
30 18 26 18 R
30 19 15 19 R
30 20 31 51 U
30 21 19 58 U
30 22 30 50 U
30 23 28 45 D
30 24 31 50 U
30 25 18 25 R
30 26 38 34 D
30 27 38 27 R
30 29 29 45 D
30 30 28 41 D
30 31 37 59 U
30 32 25 6 L
30 33 28 3 L
30 34 25 2 L
30 35 15 11 L
30 36 18 36 D
30 37 2 23 R
30 38 25 8 L
30 39 36 4 L
30 40 10 57 U
30 41 13 41 D
30 42 35 42 D
30 43 30 5 L
30 44 32 7 L
30 45 26 16 R
30 46 32 46 D
30 47 37 47 D
30 48 26 19 R
30 49 20 49 U
30 50 29 50 U
30 51 29 51 U
30 52 24 52 U
30 53 28 21 R
30 54 20 12 L
30 55 29 25 R
30 56 31 56 U
30 57 25 57 U
30 58 29 58 U
30 59 2 59 U
30 60 17 26 R
30 61 29 61 U
31 0 30 59 U
31 1 28 60 U
31 2 30 2 L
31 3 30 3 L
31 4 22 47 D
31 5 24 32 D
31 6 30 45 D
31 7 32 47 D
31 8 29 57 U
31 9 29 39 D
31 10 29 47 D
31 11 34 11 L
31 12 31 12 L
31 13 0 35 D
31 15 18 15 L
31 16 25 45 D
31 17 31 46 D
31 18 8 51 U
31 19 16 43 D
31 20 30 20 R
31 21 31 53 U
31 22 31 22 R
31 23 0 54 U
31 24 28 59 U
31 25 29 38 D
31 26 32 26 R
31 27 36 39 D
31 29 32 29 R
31 30 18 30 R
31 31 36 37 D
31 32 30 1 L
31 33 27 10 L
31 34 29 13 L
31 35 30 10 L
31 36 22 5 L
31 37 31 5 L
31 38 5 0 L
31 39 38 39 D
31 40 34 40 D
31 41 23 41 D
31 42 22 22 R
31 43 33 27 R
31 45 29 22 R
31 47 36 47 D
31 48 9 9 L
31 49 29 10 L
31 50 29 23 R
31 51 29 20 R
31 52 5 13 L
31 53 30 53 U
31 54 31 22 R
31 55 26 47 D
31 56 31 0 L
31 57 29 7 L
31 58 15 58 U
31 59 27 16 R
31 60 29 60 U
31 61 30 4 L
32 0 29 33 D
32 1 6 56 U
32 2 32 55 U
32 3 32 32 D
32 4 32 45 D
32 5 33 39 D
32 6 6 48 U
32 7 24 7 L
32 8 30 35 D
32 9 32 9 L
32 10 16 20 R
32 11 35 11 L
32 12 27 61 U
32 13 33 32 D
32 15 23 36 D
32 16 28 0 L
32 17 6 53 U
32 18 33 38 D
32 19 29 51 U
32 20 30 32 D
32 21 32 21 R
32 22 29 22 R
32 23 32 54 U
32 24 17 47 D
32 25 30 48 U
32 26 40 26 R
32 27 36 41 D
32 29 30 45 D
32 30 37 30 R
32 31 40 48 U
32 32 31 25 R
32 33 32 10 L
32 34 29 18 R
32 35 28 22 R
32 36 20 2 L
32 37 33 15 L
32 38 32 38 D
32 39 37 5 L
32 40 5 40 D
32 41 25 57 U
32 42 21 42 D
32 43 33 25 R
32 45 32 45 D
32 47 0 48 U
32 48 27 29 R
32 49 32 16 R
32 50 25 1 L
32 51 32 18 R
32 52 33 1 L
32 53 23 4 L
32 54 33 29 R
32 55 0 35 D
32 56 28 17 R
32 57 33 20 R
32 58 31 3 L
32 59 23 17 R
32 60 31 21 R
32 61 18 3 L
33 0 32 49 U
33 1 32 37 D
33 2 32 2 L
33 3 32 39 D
33 4 34 54 U
33 5 37 56 U
33 6 27 38 D
33 7 33 61 U
33 8 37 39 D
33 9 33 9 L
33 10 36 54 U
33 11 36 11 L
33 12 33 58 U
33 13 35 42 D
33 15 33 15 L
33 16 18 33 D
33 17 29 59 U
33 18 32 34 D
33 19 31 19 R
33 20 32 45 D
33 21 32 7 L
33 22 28 37 D
33 23 33 23 R
33 24 32 24 R
33 25 29 47 D
33 26 36 26 R
33 27 34 27 R
33 29 35 34 D
33 30 43 5 L
33 31 41 31 R
33 32 32 0 L
33 33 19 27 R
33 34 32 34 D
33 35 28 35 D
33 36 11 36 D
33 37 25 7 L
33 38 33 38 D
33 39 21 10 L
33 40 0 7 L
33 41 38 8 L
33 42 39 42 D
33 43 30 43 D
33 45 33 24 R
33 47 39 47 D
33 48 23 12 L
33 49 32 49 U
33 50 30 19 R
33 51 33 51 U
33 52 33 12 L
33 53 8 23 R
33 54 32 54 U
33 55 33 55 U
33 56 32 56 U
33 57 30 31 R
33 58 32 58 U
33 59 14 38 D
33 60 26 60 U
33 61 32 27 R
34 0 34 50 U
34 1 32 44 D
34 2 34 52 U
34 3 35 34 D
34 4 31 4 L
34 5 36 36 D
34 6 1 6 L
34 7 28 52 U
34 8 40 56 U
34 9 35 48 U
34 10 35 10 L
34 11 28 11 L
34 12 27 39 D
34 13 34 13 L
34 15 21 34 D
34 16 20 48 U
34 17 25 49 U
34 18 11 45 D
34 19 34 51 U
34 20 34 36 D
34 21 25 48 U
34 22 28 22 R
34 23 30 51 U
34 24 35 55 U
34 25 38 39 D
34 26 37 58 U
34 27 27 27 R
34 29 21 53 U
34 30 46 30 R
34 31 0 3 L
34 32 35 21 R
34 33 35 24 R
34 34 34 2 L
34 35 32 0 L
34 36 33 18 R
34 37 20 29 R
34 38 31 49 U
34 39 34 39 D
34 40 36 40 D
34 41 22 4 L
34 42 40 2 L
34 43 29 43 D
34 45 27 16 R
34 47 38 47 D
34 48 25 32 D
34 49 33 27 R
34 50 32 17 R
34 51 34 1 L
34 52 35 18 R
34 53 33 4 L
34 54 21 16 R
34 55 31 3 L
34 56 36 18 R
34 57 27 29 R
34 58 37 27 R
34 59 33 25 R
34 60 0 9 L
34 61 33 61 U
35 0 34 33 D
35 1 35 52 U
35 2 34 2 L
35 3 33 55 U
35 4 33 37 D
35 5 38 5 L
35 6 31 6 L
35 7 28 7 L
35 8 40 8 L
35 9 28 9 L
35 10 36 10 L
35 11 39 34 D
35 12 4 40 D
35 13 42 47 D
35 15 38 30 R
35 16 31 35 D
35 17 31 54 U
35 18 35 51 U
35 19 35 19 R
35 20 32 20 R
35 21 33 39 D
35 22 34 22 R
35 23 38 38 D
35 24 36 57 U
35 25 38 25 R
35 26 41 33 D
35 27 9 55 U
35 29 27 29 R
35 30 45 30 R
35 31 40 52 U
35 32 34 32 D
35 33 2 18 R
35 34 34 19 R
35 35 7 35 D
35 36 35 36 D
35 37 35 3 L
35 38 35 38 D
35 39 36 24 R
35 40 38 40 D
35 41 24 41 D
35 42 40 42 D
35 43 33 8 L
35 45 28 0 L
35 47 35 22 R
35 48 34 29 R
35 49 32 2 L
35 50 35 50 U
35 51 34 20 R
35 52 34 52 U
35 53 35 53 U
35 54 30 17 R
35 55 34 55 U
35 56 35 56 U
35 57 37 57 U
35 58 27 58 U
35 59 37 59 U
35 60 37 60 U
35 61 24 61 U
36 0 28 41 D
36 1 36 36 D
36 2 34 32 D
36 3 36 35 D
36 4 36 4 L
36 5 38 56 U
36 6 35 6 L
36 7 38 40 D
36 8 30 8 L
36 9 35 9 L
36 10 37 10 L
36 11 39 38 D
36 12 30 12 L
36 13 41 13 L
36 15 22 15 L
36 16 27 55 U
36 17 37 59 U
36 18 38 49 U
36 19 34 48 U
36 20 36 20 R
36 21 35 21 R
36 22 19 47 D
36 23 35 23 R
36 24 35 61 U
36 25 33 57 U
36 26 41 26 R
36 27 43 40 D
36 29 29 58 U
36 30 44 30 R
36 32 35 19 R
36 33 34 48 U
36 34 34 22 R
36 35 28 15 L
36 36 38 18 R
36 37 36 37 D
36 38 36 52 U
36 39 37 39 D
36 40 27 6 L
36 42 31 42 D
36 43 34 43 D
36 45 32 16 R
36 47 0 53 U
36 48 34 0 L
36 49 37 17 R
36 50 36 17 R
36 51 36 21 R
36 52 0 8 L
36 53 28 53 U
36 54 34 23 R
36 55 36 55 U
36 56 36 56 U
36 57 35 13 L
36 58 40 11 L
36 59 35 59 U
36 60 39 20 R
36 61 34 25 R
37 0 37 32 D
37 1 34 36 D
37 2 35 2 L
37 3 31 54 U
37 4 37 4 L
37 5 36 39 D
37 6 32 43 D
37 7 38 7 L
37 8 41 58 U
37 9 30 9 L
37 10 6 10 L
37 11 38 11 L
37 12 3 12 L
37 13 37 13 L
37 15 31 15 L
37 16 18 16 R
37 17 38 33 D
37 18 37 18 R
37 19 36 43 D
37 20 14 47 D
37 21 37 21 R
37 22 31 1 L
37 23 37 39 D
37 24 34 57 U
37 25 31 58 U
37 26 9 26 R
37 27 41 27 R
37 29 30 29 R
37 30 43 30 R
37 32 19 2 L
37 33 36 1 L
37 34 25 34 D
37 35 35 20 R
37 36 36 19 R
37 37 37 37 D
37 38 38 6 L
37 39 35 39 D
37 40 25 40 D
37 42 33 21 R
37 43 41 43 D
37 45 31 2 L
37 47 29 10 L
37 48 35 20 R
37 49 34 6 L
37 50 37 18 R
37 51 37 51 U
37 52 30 52 U
37 53 33 53 U
37 54 38 54 U
37 55 37 1 L
37 56 38 23 R
37 57 36 27 R
37 58 40 58 U
37 59 36 59 U
37 60 41 60 U
37 61 35 31 R
38 0 36 0 L
38 1 38 45 D
38 2 36 50 U
38 3 38 3 L
38 4 37 38 D
38 5 36 5 L
38 6 34 56 U
38 7 30 40 D
38 8 42 8 L
38 9 19 9 L
38 10 0 26 R
38 11 43 57 U
38 12 32 12 L
38 13 34 53 U
38 16 31 16 R
38 17 38 17 R
38 18 37 49 U
38 19 37 19 R
38 20 37 20 R
38 21 38 21 R
38 22 38 40 D
38 23 30 60 U
38 24 35 24 R
38 25 18 60 U
38 26 42 39 D
38 27 32 27 R
38 29 0 12 L
38 30 42 30 R
38 32 36 2 L
38 33 27 31 R
38 34 38 1 L
38 35 33 23 R
38 36 37 3 L
38 37 31 22 R
38 38 38 38 D
38 39 38 24 R
38 40 29 24 R
38 42 23 42 D
38 43 33 43 D
38 45 28 45 D
38 47 42 24 R
38 48 36 0 L
38 49 28 34 D
38 50 37 50 U
38 51 15 51 U
38 52 37 5 L
38 53 20 53 U
38 54 35 5 L
38 55 34 17 R
38 56 31 7 L
38 57 30 15 L
38 58 10 9 L
38 59 32 59 U
38 60 39 60 U
38 61 39 61 U
39 0 35 47 D
39 1 40 33 D
39 2 39 33 D
39 3 37 37 D
39 4 11 29 R
39 5 40 56 U
39 6 35 57 U
39 7 4 57 U
39 8 34 8 L
39 9 35 58 U
39 10 33 50 U
39 11 44 11 L
39 12 33 12 L
39 13 32 13 L
39 16 37 52 U
39 17 33 47 D
39 18 33 32 D
39 19 39 54 U
39 20 38 33 D
39 21 37 50 U
39 22 34 32 D
39 23 34 52 U
39 24 26 10 L
39 25 35 36 D
39 26 43 26 R
39 27 40 27 R
39 29 17 55 U
39 32 30 0 L
39 33 39 3 L
39 34 40 5 L
39 35 40 16 R
39 36 36 21 R
39 37 36 0 L
39 38 32 51 U
39 39 35 2 L
39 40 31 27 R
39 42 28 42 D
39 43 37 18 R
39 45 37 45 D
39 47 0 56 U
39 48 34 9 L
39 49 34 49 U
39 50 34 3 L
39 51 13 35 D
39 52 35 11 L
39 53 37 16 R
39 54 34 29 R
39 55 39 22 R
39 56 39 19 R
39 57 40 1 L
39 58 41 16 R
39 59 41 7 L
39 60 30 60 U
39 61 40 61 U
40 0 22 48 U
40 1 34 51 U
40 2 39 2 L
40 3 39 53 U
40 4 39 4 L
40 5 8 5 L
40 6 28 25 R
40 7 39 7 L
40 8 32 8 L
40 9 37 9 L
40 10 34 10 L
40 11 39 60 U
40 12 40 12 L
40 13 31 13 L
40 16 27 40 D
40 17 39 17 R
40 18 0 32 D
40 19 40 19 R
40 20 24 20 R
40 21 40 47 D
40 22 39 38 D
40 23 20 57 U
40 24 34 24 R
40 25 40 25 R
40 26 28 26 R
40 27 36 27 R
40 29 42 47 D
40 32 33 10 L
40 33 35 16 R
40 34 22 58 U
40 35 41 35 D
40 36 41 2 L
40 37 39 26 R
40 38 40 38 D
40 39 31 0 L
40 40 23 40 D
40 42 11 23 R
40 43 43 43 D
40 45 38 30 R
40 47 45 47 D
40 48 0 18 R
40 49 33 49 U
40 50 39 17 R
40 51 39 21 R
40 52 39 52 U
40 53 15 6 L
40 54 34 54 U
40 55 39 55 U
40 56 40 56 U
40 57 39 57 U
40 58 43 2 L
40 59 38 59 U
40 60 34 60 U
40 61 36 61 U
41 0 18 47 D
41 1 37 41 D
41 2 36 34 D
41 3 40 59 U
41 4 37 49 U
41 5 44 55 U
41 6 40 6 L
41 7 42 35 D
41 8 42 36 D
41 9 36 9 L
41 10 40 42 D
41 11 44 45 D
41 13 30 13 L
41 16 33 36 D
41 17 40 35 D
41 18 6 18 R
41 19 34 42 D
41 20 34 50 U
41 21 41 53 U
41 22 29 61 U
41 23 41 61 U
41 25 40 50 U
41 26 30 26 R
41 27 37 27 R
41 29 43 29 R
41 32 41 32 D
41 33 40 17 R
41 34 37 34 D
41 35 41 26 R
41 36 43 4 L
41 37 42 19 R
41 38 39 8 L
41 39 26 39 D
41 40 42 3 L
41 42 36 42 D
41 43 42 43 D
41 45 44 11 L
41 47 44 47 D
41 48 39 6 L
41 49 5 8 L
41 50 33 1 L
41 51 9 19 R
41 52 15 31 R
41 53 0 31 R
41 54 41 29 R
41 55 37 55 U
41 56 37 56 U
41 57 42 25 R
41 58 36 58 U
41 59 39 59 U
41 60 32 17 R
41 61 35 61 U
42 0 37 59 U
42 1 34 48 U
42 2 37 38 D
42 3 42 36 D
42 4 41 51 U
42 5 44 5 L
42 6 41 39 D
42 7 43 7 L
42 8 43 8 L
42 9 42 58 U
42 10 34 61 U
42 11 45 11 L
42 13 44 36 D
42 16 37 1 L
42 17 39 45 D
42 18 42 18 R
42 19 43 56 U
42 20 41 43 D
42 21 40 13 L
42 22 36 38 D
42 25 43 39 D
42 26 39 26 R
42 27 29 27 R
42 29 42 29 R
42 32 40 17 R
42 33 32 13 L
42 34 0 1 L
42 35 41 4 L
42 36 42 20 R
42 37 40 37 D
42 38 34 31 R
42 39 33 25 R
42 40 27 27 R
42 42 14 42 D
42 43 40 43 D
42 45 45 45 D
42 48 39 2 L
42 49 41 33 D
42 50 41 29 R
42 51 40 18 R
42 52 41 21 R
42 53 15 7 L
42 54 43 54 U
42 55 42 16 R
42 56 41 18 R
42 57 41 57 U
42 58 43 58 U
42 59 0 42 D
42 60 43 60 U
42 61 41 8 L
43 0 41 0 L
43 1 42 34 D
43 2 41 55 U
43 3 41 38 D
43 4 42 54 U
43 5 42 5 L
43 6 38 58 U
43 7 42 7 L
43 9 42 9 L
43 11 45 53 U
43 16 43 16 R
43 17 42 48 U
43 18 33 60 U
43 19 43 37 D
43 20 41 52 U
43 21 36 21 R
43 22 38 42 D
43 25 44 35 D
43 26 40 47 D
43 27 40 32 D
43 29 41 56 U
43 32 39 32 D
43 33 42 20 R
43 34 27 51 U
43 35 0 26 R
43 36 43 36 D
43 37 41 37 D
43 38 42 22 R
43 39 38 22 R
43 40 27 20 R
43 42 42 42 D
43 43 31 43 D
43 45 43 45 D
43 48 35 9 L
43 49 43 49 U
43 50 42 50 U
43 51 39 8 L
43 52 0 13 L
43 53 36 3 L
43 54 45 42 D
43 55 40 55 U
43 56 36 30 R
43 57 43 57 U
43 58 42 58 U
43 59 33 59 U
43 60 42 60 U
43 61 41 12 L
44 0 42 37 D
44 1 45 32 D
44 2 41 32 D
44 3 43 45 D
44 4 46 33 D
44 5 43 5 L
44 6 46 33 D
44 7 37 52 U
44 11 34 46 D
44 16 43 57 U
44 17 44 48 U
44 18 39 53 U
44 19 26 45 D
44 20 38 52 U
44 21 44 54 U
44 25 40 54 U
44 26 42 26 R
44 27 39 27 R
44 32 42 0 L
44 33 12 27 R
44 34 35 34 D
44 35 42 26 R
44 36 45 17 R
44 37 35 11 L
44 38 43 13 L
44 40 24 40 D
44 42 43 7 L
44 48 23 9 L
44 49 42 20 R
44 50 44 16 R
44 51 35 34 D
44 52 42 16 R
44 53 44 21 R
44 54 45 54 U
44 55 18 38 D
44 56 28 6 L
44 57 43 23 R
44 58 45 3 L
44 60 7 43 D
45 0 43 0 L
45 2 42 2 L
45 3 8 3 L
45 5 41 5 L
45 11 43 11 L
45 16 38 51 U
45 17 44 50 U
45 18 37 36 D
45 19 45 19 R
45 20 44 55 U
45 21 28 21 R
45 32 43 49 U
45 33 45 2 L
45 34 46 19 R
45 35 45 50 U
45 36 44 60 U
45 37 24 37 D
45 38 43 38 D
45 42 44 42 D
45 48 44 19 R
45 49 44 49 U
45 50 45 50 U
45 51 44 51 U
45 52 44 17 R
45 53 46 17 R
45 54 44 21 R
45 55 45 55 U
45 56 25 56 U
45 57 44 57 U
45 58 46 11 L
45 60 40 60 U
46 0 44 34 D
46 2 46 52 U
46 5 13 5 L
46 16 46 49 U
46 17 46 0 L
46 19 45 48 U
46 20 46 38 D
46 21 46 35 D
46 32 36 13 L
46 33 46 11 L
46 34 46 34 D
46 36 39 18 R
46 38 41 30 R
46 48 44 20 R
46 49 36 3 L
46 50 46 4 L
46 52 43 52 U
46 53 46 53 U
46 54 46 54 U
46 55 43 6 L
46 58 45 58 U
46 60 44 25 R
47 0 46 58 U
48 0 38 0 L
49 0 37 0 L

