12 8 78
5 0 0 4 4 0 8 0 4 6 0
4 7 0 3 0 0 0 6 0 0 1
0 5 0 7 0 0 8 8 0 0 0
0 7 0 0 0 0 0 0 0 0 1
0 0 0 0 0 7 0 0 0 1 0
0 4 10 9 0 0 0 6 2 6 0
7 0 10 0 0 0 0 0 4 0 0
1 10 0 0 0 0 1 3 7 0 0
9 0 0 0 6 3 0 0 5 4 9
0 0 0 9 0 0 0 0 0 0 8
0 1 2 0 0 0 10 4 3 8 0
0 0 0 0 D
0 1 0 1 D
0 2 0 2 R
0 3 0 3 R
0 4 0 4 U
0 5 0 5 U
0 6 0 6 L
0 7 0 7 L
1 0 5 5 U
1 1 0 2 R
1 2 0 0 D
1 3 0 1 D
1 4 0 7 L
1 5 5 2 R
1 6 3 5 U
1 7 8 0 D
2 0 3 0 D
2 1 10 4 U
2 2 4 2 R
2 3 0 4 U
2 4 0 2 R
2 5 1 5 U
2 6 5 1 D
2 7 1 7 L
3 0 0 4 U
3 2 6 4 U
3 3 2 3 R
3 4 0 6 L
3 5 0 3 R
3 6 1 6 L
3 7 0 3 R
4 0 3 7 L
4 1 0 7 L
4 2 6 0 D
4 3 5 6 L
4 4 8 4 U
4 5 7 3 R
4 6 0 0 D
4 7 0 5 U
5 0 0 5 U
5 1 2 1 D
5 2 4 2 R
5 3 1 0 D
5 4 0 1 D
5 5 6 6 L
5 6 2 6 L
5 7 2 7 L
6 0 0 3 R
6 1 5 7 L
6 2 0 6 L
6 3 5 1 D
6 4 4 6 L
6 5 5 7 L
6 6 4 4 U
6 7 0 4 U
7 0 1 2 R
7 2 0 7 L
7 3 3 3 R
7 4 8 3 R
7 5 0 2 R
7 6 0 2 R
7 7 0 1 D
8 0 2 7 L
8 2 0 4 U
8 4 5 6 L
8 5 1 5 U
8 6 1 4 U
8 7 3 4 U
9 0 4 0 D
9 2 11 2 R
9 6 7 6 L
9 7 6 5 U
10 0 9 3 R
10 2 7 2 R
10 4 9 2 R
10 6 3 4 U
10 7 1 1 D
11 6 2 6 L

