18 16 250
12 0 0 5 5 0 0 0 0 5 0 6 0 4 5 2 0 0 0 2
10 14 0 0 8 0 10 13 0 1 0 0 0 0 0 8 0 0 9 0
0 5 0 0 11 0 0 0 9 0 13 12 0 6 8 0 0 0 0 10
12 0 0 2 0 0 0 0 0 0 0 0 15 11 5 6 0 0 0 1
0 11 0 0 0 0 10 0 0 0 9 0 0 0 12 0 13 0 0 4
0 3 0 0 11 6 0 0 2 0 2 3 2 0 16 4 0 0 11 15
14 0 0 9 0 0 0 11 17 0 0 16 4 0 0 12 0 0 0 14
0 4 12 0 0 0 2 0 13 12 0 0 15 0 0 6 2 0 0 15
0 12 0 14 12 14 0 2 0 2 6 0 9 0 17 14 7 0 0 5
0 0 9 0 0 14 0 3 3 0 5 0 12 14 0 0 0 0 0 0
0 0 0 6 0 8 0 0 0 0 0 2 2 13 0 0 0 0 0 0
0 0 0 0 0 0 0 0 0 14 9 0 10 12 0 0 0 0 0 8
0 0 12 0 0 0 0 0 4 0 0 11 4 0 8 0 0 0 0 0
5 0 0 0 0 2 12 0 0 0 0 2 0 0 0 0 1 0 0 8
0 0 0 0 0 0 3 0 5 0 0 4 0 1 0 0 0 0 0 0
0 0 0 0 15 0 0 0 0 0 7 0 0 0 0 0 0 2 0 5
13 0 12 0 0 6 0 0 1 2 0 0 0 0 0 7 0 0 10 8
0 5 0 0 0 0 5 0 0 0 0 0 0 0 0 7 8 8 0 8
0 0 10 10 0 0 8 5 11 0 2 0 0 14 13 2 2 0 0 0
10 3 0 0 7 0 0 17 0 16 8 11 15 0 0 8 0 0 2 13
0 0 0 0 U
0 1 0 1 U
0 2 0 2 U
0 3 0 3 U
0 4 0 4 R
0 5 0 5 R
0 6 0 6 R
0 7 0 7 R
0 8 0 8 D
0 9 0 9 D
0 10 0 10 D
0 11 0 11 D
0 12 0 12 L
0 13 0 13 L
0 14 0 14 L
0 15 0 15 L
1 0 0 4 R
1 1 0 10 D
1 2 0 13 L
1 3 3 6 R
1 4 0 8 D
1 5 4 5 R
1 6 0 8 D
1 7 11 8 D
1 8 0 14 L
1 9 2 12 L
1 10 0 1 U
1 11 0 2 U
1 12 7 0 U
1 13 0 10 D
1 14 0 11 D
1 15 4 15 L
2 0 0 12 L
2 1 4 13 L
2 2 8 2 U
2 3 9 3 U
2 4 0 2 U
2 5 0 12 L
2 6 1 6 R
2 7 0 11 D
2 8 10 13 L
2 9 9 12 L
2 10 0 5 R
2 11 1 11 D
2 12 0 8 D
2 13 0 4 R
2 14 1 14 L
2 15 4 15 L
3 0 7 0 U
3 1 0 5 R
3 2 5 2 U
3 3 0 14 L
3 4 1 8 D
3 5 0 11 D
3 6 4 10 D
3 7 4 7 R
3 8 0 4 R
3 9 0 0 U
3 10 1 10 D
3 11 0 13 L
3 12 0 9 D
3 13 2 3 U
3 14 0 6 R
3 15 10 15 L
4 0 0 6 R
4 1 2 1 U
4 2 0 11 D
4 3 2 3 U
4 4 0 10 D
4 5 13 8 D
4 6 1 11 D
4 7 1 7 R
4 8 3 15 L
4 9 2 9 D
4 10 3 10 D
4 11 7 11 D
4 12 3 12 L
4 13 9 8 D
4 14 0 3 U
4 15 0 0 U
5 0 2 5 R
5 1 8 6 R
5 2 2 2 U
5 3 0 13 L
5 4 0 1 U
5 5 0 3 U
5 6 7 10 D
5 7 2 7 R
5 8 10 8 D
5 9 1 6 R
5 10 3 10 D
5 11 11 5 R
5 12 0 0 U
5 13 6 13 L
5 14 2 10 D
5 15 4 15 L
6 0 5 14 L
6 1 11 4 R
6 2 7 7 R
6 3 5 13 L
6 4 11 3 U
6 5 10 5 R
6 6 0 9 D
6 7 2 7 R
6 8 0 3 U
6 9 0 12 L
6 10 2 10 D
6 11 0 15 L
6 12 2 12 L
6 13 7 9 D
6 14 5 9 D
6 15 3 9 D
7 0 12 4 R
7 1 15 12 L
7 2 4 6 R
7 3 0 8 D
7 4 6 4 R
7 5 0 14 L
7 6 3 11 D
7 7 1 8 D
7 8 2 8 D
7 9 9 9 D
7 10 9 10 D
7 11 11 15 L
7 12 9 2 U
7 13 2 13 L
7 14 6 14 L
7 15 3 15 L
8 0 2 13 L
8 1 1 1 U
8 2 0 8 D
8 3 2 3 U
8 4 5 4 R
8 5 0 0 U
8 6 5 6 R
8 7 10 7 R
8 8 0 12 L
8 9 7 9 D
8 10 3 5 R
8 11 0 6 R
8 12 0 2 U
8 13 5 4 R
8 14 11 1 U
8 15 0 9 D
9 0 0 7 R
9 1 4 1 U
9 2 4 2 U
9 3 1 3 U
9 4 0 13 L
9 5 5 5 R
9 6 3 6 R
9 7 5 7 R
9 8 2 5 R
9 9 0 1 U
9 10 4 10 D
9 11 6 2 U
9 12 1 1 U
9 13 3 0 U
9 14 3 6 R
9 15 1 15 L
10 0 12 6 R
10 1 3 1 U
10 2 0 14 L
10 3 12 12 L
10 4 8 0 U
10 5 2 5 R
10 6 8 11 D
10 7 8 13 L
10 8 0 1 U
10 9 0 6 R
10 10 0 2 U
10 11 3 11 D
10 12 9 1 U
10 13 11 8 D
10 14 2 14 L
10 15 4 3 U
11 0 10 5 R
11 1 4 7 R
11 2 4 2 U
11 3 1 3 U
11 4 0 11 D
11 5 2 5 R
11 6 10 12 L
11 7 8 10 D
11 8 3 4 R
11 9 1 14 L
11 10 5 4 R
11 11 12 11 D
11 12 0 5 R
11 13 7 13 L
11 14 9 14 L
11 15 8 11 D
12 0 0 15 L
12 1 7 15 L
12 2 11 9 D
12 3 0 4 R
12 4 13 8 D
12 5 6 5 R
12 6 5 1 U
12 8 9 4 R
12 9 4 9 D
12 10 14 0 U
12 11 1 2 U
12 12 11 8 D
12 13 9 9 D
12 14 5 14 L
12 15 13 10 D
13 0 12 13 L
13 1 6 5 R
13 2 2 4 R
13 3 1 3 U
13 4 1 4 R
13 5 3 3 U
13 6 0 3 U
13 8 9 12 L
13 9 17 6 R
13 10 2 5 R
13 11 2 11 D
13 12 9 12 L
13 13 0 8 D
13 14 2 8 D
13 15 2 15 L
14 0 2 7 R
14 1 3 1 U
14 2 13 2 U
14 3 11 3 U
14 5 5 5 R
14 6 1 6 R
14 8 13 0 U
14 9 6 9 D
14 10 2 14 L
14 11 2 11 D
14 12 13 9 D
14 13 15 10 D
15 1 0 15 L
15 3 0 12 L
15 5 14 10 D
15 6 3 6 R
15 8 4 0 U
15 10 1 10 D
15 11 10 4 R
15 13 3 13 L
16 3 3 3 U
16 5 13 2 U
16 6 9 0 U
16 10 7 10 D
17 1 16 1 U
17 3 4 3 U
17 6 2 6 R
17 10 10 5 R

