25 26 548
0 12 14 20 0 15 0 0 22 23 17 22 15 14
18 1 0 0 14 0 0 5 20 0 0 0 0 0
0 0 0 0 8 15 0 15 0 0 0 0 15 0
19 10 4 20 0 7 12 0 3 0 0 0 0 0
20 0 0 0 0 0 0 0 19 13 0 0 16 0
21 17 0 2 20 0 0 4 0 21 20 0 0 0
17 0 0 0 19 0 0 0 0 0 2 8 16 22
0 21 0 0 21 0 0 0 0 0 5 23 9 9
0 2 0 19 0 20 2 19 0 0 4 0 21 13
0 14 8 0 0 0 16 18 0 0 0 1 0 4
0 0 0 8 0 0 20 0 3 0 5 0 12 0
0 0 0 0 0 0 2 0 0 19 4 15 9 0
0 0 15 0 0 0 0 7 0 7 0 0 1 4
22 1 10 21 17 5 7 19 13 0 5 2 17 0
0 0 0 0 U
0 1 0 1 U
0 2 0 2 U
0 3 0 3 U
0 4 0 4 U
0 5 0 5 U
0 6 0 6 R
0 7 0 7 R
0 8 0 8 R
0 9 0 9 R
0 10 0 10 R
0 11 0 11 R
0 12 0 12 R
0 13 0 13 D
0 14 0 14 D
0 15 0 15 D
0 16 0 16 D
0 17 0 17 D
0 18 0 18 D
0 19 0 19 L
0 20 0 20 L
0 21 0 21 L
0 22 0 22 L
0 23 0 23 L
0 24 0 24 L
0 25 0 25 L
1 0 7 22 L
1 1 17 20 L
1 2 8 25 L
1 3 7 9 R
1 4 0 24 L
1 5 8 19 L
1 6 0 15 D
1 7 6 16 D
1 8 9 2 U
1 9 6 9 R
1 10 7 10 R
1 11 4 11 R
1 12 3 12 R
1 13 11 3 U
1 14 14 25 L
1 15 3 19 L
1 16 12 24 L
1 17 2 1 U
1 18 7 18 D
1 19 8 17 D
1 20 18 20 L
1 21 2 21 L
1 22 7 16 D
1 23 3 23 L
1 24 7 24 L
1 25 16 9 R
2 0 11 8 R
2 1 0 7 R
2 2 13 20 L
2 3 18 12 R
2 4 17 4 U
2 5 18 5 U
2 6 12 1 U
2 7 18 15 D
2 8 14 8 R
2 9 8 2 U
2 10 18 16 D
2 11 17 11 R
2 12 1 12 R
2 13 1 0 U
2 14 15 6 R
2 15 13 15 D
2 16 13 8 R
2 17 13 22 L
2 18 4 18 D
2 19 19 19 L
2 20 12 1 U
2 21 0 7 R
2 22 1 14 D
2 23 5 23 L
2 24 8 24 L
2 25 1 25 L
3 0 2 21 L
3 1 19 21 L
3 2 0 20 L
3 3 1 10 R
3 4 8 19 L
3 5 18 5 U
3 6 5 5 U
3 7 1 4 U
3 8 15 2 U
3 9 10 9 R
3 10 7 10 R
3 11 14 4 U
3 12 1 12 R
3 13 0 22 L
3 14 0 0 U
3 15 15 24 L
3 16 7 16 D
3 17 13 17 D
3 18 16 24 L
3 19 12 16 D
3 20 21 14 D
3 21 10 21 L
3 22 1 22 L
3 23 10 14 D
3 24 10 16 D
3 25 1 13 D
4 0 2 6 R
4 1 7 19 L
4 2 12 2 U
4 3 8 10 R
4 4 10 6 R
4 5 11 5 U
4 6 0 1 U
4 7 0 2 U
4 8 15 0 U
4 9 13 4 U
4 10 17 3 U
4 11 1 1 U
4 12 8 4 U
4 13 0 1 U
4 14 14 7 R
4 15 8 12 R
4 16 3 1 U
4 17 6 11 R
4 18 13 11 R
4 19 13 1 U
4 20 0 1 U
4 21 8 4 U
4 22 14 22 L
4 23 8 23 L
4 24 0 13 D
4 25 11 18 D
5 0 16 24 L
5 1 15 14 D
5 2 15 12 R
5 3 6 19 L
5 4 7 10 R
5 5 18 8 R
5 6 0 0 U
5 7 0 5 U
5 8 1 3 U
5 9 9 16 D
5 10 15 10 R
5 11 2 22 L
5 12 14 16 D
5 13 4 22 L
5 14 14 14 D
5 15 3 20 L
5 16 7 25 L
5 17 10 19 L
5 18 4 4 U
5 19 7 13 D
5 20 2 13 D
5 21 14 21 L
5 22 3 17 D
5 23 3 23 L
5 24 16 24 L
5 25 8 25 L
6 0 8 23 L
6 1 0 6 R
6 2 14 2 U
6 3 8 20 L
6 4 0 20 L
6 5 12 5 U
6 6 13 13 D
6 7 15 14 D
6 8 19 18 D
6 9 2 2 U
6 10 10 2 U
6 11 9 11 R
6 12 19 17 D
6 13 0 23 L
6 14 15 10 R
6 15 7 15 D
6 16 12 9 R
6 17 20 17 D
6 18 11 8 R
6 19 4 3 U
6 20 0 3 U
6 21 8 0 U
6 22 11 14 D
6 23 13 13 D
6 24 7 3 U
6 25 0 12 R
7 0 6 9 R
7 1 5 6 R
7 2 2 2 U
7 3 2 3 U
7 4 10 4 U
7 5 14 5 U
7 6 3 3 U
7 7 0 23 L
7 8 3 8 R
7 9 11 9 R
7 10 0 0 U
7 11 2 11 R
7 12 3 12 R
7 13 6 10 R
7 14 5 10 R
7 15 0 4 U
7 16 8 16 D
7 17 10 7 R
7 18 8 12 R
7 19 6 5 U
7 20 10 20 L
7 21 17 16 D
7 22 12 3 U
7 23 1 18 D
7 24 2 9 R
7 25 10 4 U
8 0 7 0 U
8 1 15 15 D
8 2 16 20 L
8 3 0 10 R
8 4 0 11 R
8 5 13 9 R
8 6 4 25 L
8 7 1 13 D
8 8 3 14 D
8 9 13 3 U
8 10 5 10 R
8 11 1 17 D
8 12 15 13 D
8 13 14 6 R
8 14 13 12 R
8 15 10 15 D
8 16 23 4 U
8 17 0 7 R
8 19 16 13 D
8 20 11 16 D
8 21 1 21 L
8 22 7 0 U
8 23 2 23 L
8 24 5 12 R
8 25 11 25 L
9 0 19 6 R
9 1 0 21 L
9 2 5 11 R
9 3 8 22 L
9 4 10 21 L
9 5 18 21 L
9 6 19 6 R
9 7 2 16 D
9 8 0 22 L
9 9 4 9 R
9 10 3 10 R
9 11 14 18 D
9 12 5 12 R
9 13 0 24 L
9 14 7 8 R
9 15 10 23 L
9 16 18 20 L
9 17 13 17 D
9 18 4 18 D
9 19 17 13 D
9 20 2 15 D
9 21 2 21 L
9 22 8 22 L
9 23 8 14 D
9 24 4 15 D
9 25 17 17 D
10 0 0 9 R
10 1 8 7 R
10 2 12 2 U
10 3 1 7 R
10 4 12 18 D
10 5 5 20 L
10 6 8 13 D
10 7 5 7 R
10 8 15 8 R
10 9 3 9 R
10 10 3 13 D
10 11 11 11 R
10 12 15 18 D
10 13 6 12 R
10 14 4 20 L
10 15 2 25 L
10 16 14 6 R
10 17 4 21 L
10 18 9 23 L
10 19 0 13 D
10 20 17 2 U
10 21 13 18 D
10 22 0 6 R
10 23 3 23 L
10 24 0 11 R
10 25 13 15 D
11 0 1 19 L
11 1 2 1 U
11 2 18 7 R
11 3 3 8 R
11 4 16 6 R
11 5 4 11 R
11 6 8 2 U
11 7 5 22 L
11 8 10 8 R
11 9 14 18 D
11 10 10 17 D
11 11 18 22 L
11 12 0 24 L
11 13 17 10 R
11 14 4 3 U
11 15 3 4 U
11 16 7 16 D
11 17 3 21 L
11 18 6 21 L
11 19 4 1 U
11 20 13 17 D
11 21 9 21 L
11 22 6 15 D
11 23 0 17 D
11 24 9 24 L
11 25 9 25 L
12 0 14 0 U
12 1 16 23 L
12 2 20 23 L
12 3 10 8 R
12 4 9 12 R
12 5 11 10 R
12 6 1 1 U
12 7 5 1 U
12 8 5 14 D
12 9 17 1 U
12 10 1 0 U
12 11 17 3 U
12 12 22 15 D
12 13 14 8 R
12 14 2 19 L
12 15 6 15 D
12 16 7 23 L
12 17 4 17 D
12 18 2 18 D
12 19 0 16 D
12 20 0 0 U
12 21 3 17 D
12 22 4 1 U
12 23 0 8 R
12 24 11 7 R
12 25 8 14 D
13 0 16 19 L
13 1 11 1 U
13 2 12 10 R
13 3 9 3 U
13 4 12 4 U
13 5 3 5 U
13 6 0 3 U
13 7 24 7 R
13 8 3 8 R
13 9 15 22 L
13 10 11 10 R
13 11 7 18 D
13 12 8 12 R
13 13 1 20 L
13 14 19 1 U
13 15 6 7 R
13 16 14 22 L
13 17 3 20 L
13 18 15 20 L
13 19 12 18 D
13 20 21 7 R
13 21 2 3 U
13 22 0 2 U
13 23 18 3 U
13 24 5 8 R
13 25 23 16 D
14 0 12 13 D
14 1 17 7 R
14 2 3 2 U
14 3 2 20 L
14 4 15 11 R
14 5 11 19 L
14 6 8 6 R
14 7 4 7 R
14 8 18 15 D
14 9 10 5 U
14 10 8 10 R
14 11 8 11 R
14 12 18 14 D
14 13 6 25 L
14 14 16 24 L
14 15 18 21 L
14 16 5 8 R
14 17 6 17 D
14 18 8 23 L
14 19 4 0 U
14 20 9 1 U
14 21 6 13 D
14 22 10 1 U
14 23 6 4 U
14 24 8 24 L
14 25 16 13 D
15 0 0 8 R
15 1 0 22 L
15 2 8 19 L
15 3 4 15 D
15 4 21 22 L
15 5 1 18 D
15 6 6 0 U
15 7 19 2 U
15 8 3 8 R
15 9 20 15 D
15 10 3 0 U
15 11 4 0 U
15 12 2 12 R
15 13 9 9 R
15 14 0 2 U
15 15 3 22 L
15 16 0 21 L
15 17 8 1 U
15 18 3 20 L
15 19 5 7 R
15 20 11 1 U
15 21 14 12 R
15 22 16 22 L
15 23 13 23 L
15 24 7 14 D
15 25 4 14 D
16 0 3 11 R
16 1 6 6 R
16 3 15 3 U
16 4 2 16 D
16 5 12 5 U
16 6 19 15 D
16 7 5 5 U
16 8 15 5 U
16 9 18 13 D
16 10 20 18 D
16 11 18 5 U
16 12 8 12 R
16 13 0 8 R
16 15 8 24 L
16 16 10 20 L
16 17 6 9 R
16 19 9 18 D
16 20 10 8 R
16 21 0 4 U
16 22 22 4 U
16 23 1 10 R
16 24 1 24 L
16 25 4 25 L
17 0 0 13 D
17 1 10 24 L
17 2 19 9 R
17 3 4 21 L
17 4 13 9 R
17 5 11 23 L
17 6 0 19 L
17 8 5 18 D
17 9 9 17 D
17 10 14 5 U
17 12 8 17 D
17 13 0 19 L
17 14 4 21 L
17 15 4 8 R
17 16 14 25 L
17 17 4 2 U
17 19 7 0 U
17 20 6 10 R
17 21 19 13 D
17 22 22 17 D
17 23 7 14 D
17 25 3 25 L
18 0 0 19 L
18 1 2 23 L
18 2 6 21 L
18 3 20 8 R
18 4 16 19 L
18 5 13 22 L
18 6 15 14 D
18 8 2 4 U
18 9 17 4 U
18 10 9 10 R
18 12 9 0 U
18 13 4 21 L
18 14 6 9 R
18 15 9 1 U
18 16 0 2 U
18 17 3 25 L
18 19 7 15 D
18 20 11 15 D
18 21 19 21 L
18 22 1 22 L
18 23 0 9 R
18 24 14 14 D
18 25 16 25 L
19 0 14 19 L
19 1 2 6 R
19 3 16 21 L
19 4 8 22 L
19 5 17 24 L
19 6 2 6 R
19 8 3 5 U
19 9 9 14 D
19 10 9 13 D
19 12 12 12 R
19 13 15 7 R
19 14 16 0 U
19 15 7 19 L
19 16 7 10 R
19 17 16 20 L
19 18 5 20 L
19 19 16 12 R
19 20 20 17 D
19 21 14 15 D
19 23 5 17 D
19 24 10 7 R
19 25 23 15 D
20 0 9 7 R
20 1 8 19 L
20 3 3 3 U
20 4 2 4 U
20 5 6 5 U
20 6 21 16 D
20 8 2 15 D
20 10 19 10 R
20 12 9 12 R
20 13 21 19 L
20 15 12 0 U
20 16 0 3 U
20 17 6 17 D
20 19 3 1 U
20 20 16 11 R
20 21 22 11 R
20 23 8 16 D
21 0 3 19 L
21 1 9 8 R
21 3 10 9 R
21 4 4 23 L
21 6 18 6 R
21 8 9 23 L
21 10 20 21 L
21 13 20 6 R
21 15 16 10 R
21 17 7 10 R
21 21 16 2 U
21 23 8 23 L
22 0 18 25 L
22 1 7 7 R
22 3 5 3 U
22 4 9 16 D
22 10 13 10 R
22 13 20 25 L
22 17 2 3 U
22 23 20 23 L
23 0 6 23 L
23 1 18 10 R
23 4 3 11 R
23 10 6 14 D
23 23 5 23 L
24 0 10 21 L

