40 46 1683
10 2 15 5 29 36 34 24 38 32 0 31 19 19 4
2 1 35 0 35 34 35 35 21 33 0 25 20 22 32
1 11 20 11 37 34 0 24 22 35 28 35 2 14 30
0 7 35 6 18 31 36 0 39 38 24 38 31 35 33
36 35 34 0 0 34 37 0 38 0 33 33 37 38 33
0 12 24 14 27 14 32 32 37 0 18 39 0 0 28
22 21 23 18 21 23 38 36 35 34 28 0 0 37 22
15 13 3 10 11 10 37 36 36 37 32 31 0 34 0
22 25 3 26 27 12 0 21 26 22 38 37 33 34 35
8 6 28 11 0 21 11 31 27 0 32 38 39 0 34
0 36 0 26 10 33 13 32 36 33 22 35 0 28 33
27 37 22 39 17 0 29 32 38 37 36 0 0 30 28
11 0 38 17 10 34 11 37 19 0 0 38 31 32 27
23 33 34 24 16 32 35 39 31 39 17 29 0 25 29
34 35 31 38 14 14 0 34 39 39 22 16 2 10 4
0 0 0 0 L
0 1 0 1 L
0 2 0 2 L
0 3 0 3 L
0 4 0 4 L
0 5 0 5 L
0 6 0 6 L
0 7 0 7 L
0 8 0 8 L
0 9 0 9 L
0 10 0 10 L
0 11 0 11 L
0 12 0 12 R
0 13 0 13 R
0 14 0 14 R
0 15 0 15 R
0 16 0 16 R
0 17 0 17 R
0 18 0 18 R
0 19 0 19 R
0 20 0 20 R
0 21 0 21 R
0 22 0 22 R
0 23 0 23 R
0 24 0 24 D
0 25 0 25 D
0 26 0 26 D
0 27 0 27 D
0 28 0 28 D
0 29 0 29 D
0 30 0 30 D
0 31 0 31 D
0 32 0 32 D
0 33 0 33 D
0 34 0 34 D
0 35 0 35 U
0 36 0 36 U
0 37 0 37 U
0 38 0 38 U
0 39 0 39 U
0 40 0 40 U
0 41 0 41 U
0 42 0 42 U
0 43 0 43 U
0 44 0 44 U
0 45 0 45 U
1 0 0 24 D
1 1 0 35 U
1 2 0 25 D
1 3 1 13 R
1 4 1 27 D
1 5 2 27 D
1 6 1 28 D
1 7 1 35 U
1 8 1 39 U
1 9 0 20 R
1 10 3 30 D
1 11 2 31 D
1 12 1 26 D
1 13 1 37 U
1 14 2 25 D
1 15 0 38 U
1 16 2 29 D
1 17 2 40 U
1 18 1 28 D
1 19 3 40 U
1 20 1 30 D
1 21 3 42 U
1 22 2 42 U
1 23 1 32 D
1 24 0 0 L
1 25 0 1 L
1 26 0 36 U
1 27 1 3 L
1 28 0 15 R
1 29 1 6 L
1 30 3 6 L
1 31 0 3 L
1 32 1 11 L
1 33 2 14 R
1 34 8 20 R
1 35 0 0 L
1 36 0 2 L
1 37 1 12 R
1 38 0 26 D
1 39 0 15 R
1 40 1 16 R
1 41 3 20 R
1 42 3 10 L
1 43 3 23 R
1 44 0 10 L
1 45 0 34 D
2 0 0 36 U
2 1 2 24 D
2 2 2 38 U
2 3 1 39 U
2 4 1 4 L
2 5 2 5 L
2 6 3 29 D
2 7 3 7 L
2 8 2 8 L
2 9 3 9 L
2 10 2 10 L
2 11 2 11 L
2 12 0 35 U
2 13 0 0 L
2 14 2 14 R
2 15 0 39 U
2 16 2 16 R
2 17 2 17 R
2 18 3 18 R
2 19 3 30 D
2 20 3 20 R
2 21 3 21 R
2 22 2 22 R
2 23 3 23 R
2 24 2 13 R
2 25 2 1 L
2 26 0 13 R
2 27 1 2 L
2 28 2 3 L
2 29 0 38 U
2 30 3 19 R
2 31 1 31 D
2 32 3 21 R
2 33 4 33 D
2 34 5 34 D
2 35 0 4 L
2 36 0 12 R
2 37 1 14 R
2 38 1 5 L
2 39 0 28 D
2 40 0 30 D
2 41 0 19 R
2 42 1 21 R
2 43 1 28 D
2 44 2 44 U
2 45 7 45 U
3 0 0 17 R
3 1 1 24 D
3 2 3 26 D
3 3 0 41 U
3 4 0 31 D
3 5 1 25 D
3 6 2 6 L
3 7 2 7 L
3 8 3 8 L
3 9 2 9 L
3 10 0 22 R
3 11 2 44 U
3 12 0 24 D
3 13 1 38 U
3 14 2 26 D
3 15 3 37 U
3 16 0 27 D
3 17 1 17 R
3 18 1 40 U
3 19 0 41 U
3 20 1 41 U
3 21 2 32 D
3 22 1 32 D
3 23 2 23 R
3 24 1 37 U
3 25 1 7 L
3 26 3 2 L
3 27 3 15 R
3 28 0 16 R
3 29 3 8 L
3 30 1 9 L
3 31 1 10 L
3 32 2 21 R
3 33 0 42 U
3 34 6 34 D
3 35 3 1 L
3 36 0 13 R
3 37 3 14 R
3 38 0 18 R
3 39 2 6 L
3 40 2 18 R
3 41 2 4 L
3 42 1 22 R
3 43 3 43 U
3 44 0 31 D
3 45 11 1 L
4 0 0 12 R
4 1 3 1 L
4 2 1 36 U
4 3 1 26 D
4 4 1 37 U
4 5 3 25 D
4 6 3 43 U
4 7 2 35 U
4 8 3 39 U
4 9 4 26 D
4 10 0 33 D
4 11 0 38 U
4 12 2 43 U
4 13 0 25 D
4 14 0 36 U
4 15 3 38 U
4 16 4 33 D
4 17 3 41 U
4 18 0 11 L
4 19 2 29 D
4 20 6 40 U
4 21 7 34 D
4 22 3 28 D
4 23 4 38 U
4 24 4 0 L
4 25 0 35 U
4 26 4 8 L
4 27 3 27 D
4 28 4 18 R
4 29 3 22 R
4 30 6 10 L
4 31 0 4 L
4 32 6 11 L
4 33 4 13 R
4 34 7 23 R
4 35 2 1 L
4 36 3 5 L
4 37 0 31 D
4 38 4 16 R
4 39 4 6 L
4 40 4 9 L
4 41 1 17 R
4 42 0 17 R
4 43 4 20 R
4 44 5 44 U
4 45 8 45 U
5 0 4 35 U
5 1 5 24 D
5 2 0 14 R
5 3 3 26 D
5 4 2 29 D
5 5 6 38 U
5 6 6 26 D
5 7 0 23 R
5 8 5 19 R
5 9 5 39 U
5 10 6 44 U
5 11 4 20 R
5 12 4 24 D
5 13 4 35 U
5 14 4 44 U
5 15 6 25 D
5 16 5 38 U
5 17 2 28 D
5 18 4 25 D
5 19 5 19 R
5 20 2 35 U
5 21 6 21 R
5 22 0 43 U
5 23 4 33 D
5 24 6 13 R
5 25 1 25 D
5 26 0 2 L
5 27 4 7 L
5 28 6 16 R
5 29 4 17 R
5 30 4 10 L
5 31 4 31 D
5 32 0 40 U
5 33 3 33 D
5 34 8 34 D
5 35 5 14 R
5 36 2 0 L
5 37 0 1 L
5 38 5 3 L
5 39 5 18 R
5 40 6 7 L
5 41 6 11 L
5 42 7 21 R
5 43 0 4 L
5 44 6 2 L
5 45 11 45 U
6 0 4 0 L
6 1 0 13 R
6 2 2 15 R
6 3 6 3 L
6 4 0 30 D
6 5 4 5 L
6 6 4 27 D
6 7 5 28 D
6 8 6 8 L
6 9 5 9 L
6 10 6 30 D
6 11 6 41 U
6 12 5 12 R
6 13 0 33 D
6 14 4 37 U
6 15 3 36 U
6 16 6 39 U
6 17 5 40 U
6 18 6 27 D
6 19 6 19 R
6 20 2 30 D
6 21 9 27 D
6 22 4 22 R
6 23 6 23 R
6 24 5 12 R
6 25 6 2 L
6 26 5 5 L
6 27 5 6 L
6 28 6 9 L
6 29 3 29 D
6 30 5 22 R
6 31 0 17 R
6 32 8 32 D
6 33 1 33 D
6 34 2 19 R
6 35 4 18 R
6 36 4 15 R
6 37 4 37 U
6 38 5 6 L
6 39 5 8 L
6 40 6 20 R
6 41 7 16 R
6 42 5 7 L
6 43 2 43 U
6 44 6 44 U
6 45 0 13 R
7 0 5 37 U
7 1 5 41 U
7 2 0 32 D
7 3 7 29 D
7 4 8 28 D
7 5 6 32 D
7 6 8 25 D
7 7 5 30 D
7 8 5 42 U
7 9 0 19 R
7 10 9 29 D
7 11 9 40 U
7 12 6 35 U
7 13 2 13 R
7 14 6 36 U
7 15 6 38 U
7 16 7 38 U
7 17 8 32 D
7 18 5 26 D
7 19 5 24 D
7 20 7 41 U
7 21 9 21 R
7 22 5 34 D
7 23 7 23 R
7 24 6 12 R
7 25 5 0 L
7 26 6 26 D
7 27 7 6 L
7 28 8 2 L
7 29 0 3 L
7 30 8 20 R
7 31 7 21 R
7 32 7 32 D
7 33 1 14 R
7 34 2 34 D
7 35 6 18 R
7 36 7 5 L
7 37 7 9 L
7 38 6 19 R
7 39 5 15 R
7 40 8 3 L
7 41 5 41 U
7 42 2 42 U
7 43 0 13 R
7 44 8 44 U
7 45 12 45 U
8 0 7 0 L
8 1 7 1 L
8 2 8 44 U
8 3 0 15 R
8 4 7 4 L
8 5 7 24 D
8 6 7 28 D
8 7 8 24 D
8 8 8 8 L
8 9 9 32 D
8 10 8 10 L
8 11 6 11 L
8 12 8 37 U
8 13 7 27 D
8 14 7 25 D
8 15 6 41 U
8 16 8 16 R
8 17 8 17 R
8 18 7 44 U
8 19 4 26 D
8 20 7 30 D
8 21 9 39 U
8 22 9 22 R
8 23 5 23 R
8 24 7 1 L
8 25 8 12 R
8 26 5 14 R
8 27 8 27 D
8 28 8 3 L
8 29 7 29 D
8 30 8 42 U
8 31 0 23 R
8 32 2 6 L
8 33 2 33 D
8 34 9 12 R
8 35 7 14 R
8 36 7 36 U
8 37 8 13 R
8 38 7 18 R
8 39 4 39 U
8 40 7 40 U
8 41 7 17 R
8 42 9 0 L
8 43 9 43 U
8 44 8 4 L
8 45 14 5 L
9 0 7 42 U
9 1 9 30 D
9 2 6 45 U
9 3 10 38 U
9 4 3 4 L
9 5 9 25 D
9 6 0 20 R
9 7 8 7 L
9 8 9 43 U
9 9 9 9 L
9 10 7 10 L
9 11 9 11 L
9 12 0 28 D
9 13 9 37 U
9 14 8 26 D
9 15 2 38 U
9 16 7 35 U
9 17 9 44 U
9 18 9 43 U
9 19 9 41 U
9 20 12 37 U
9 21 8 21 R
9 22 8 22 R
9 23 9 31 D
9 24 7 0 L
9 25 9 8 L
9 26 8 13 R
9 27 7 5 L
9 28 7 28 D
9 29 9 3 L
9 30 9 11 L
9 31 9 18 R
9 32 9 2 L
9 33 5 8 L
9 34 9 34 D
9 35 8 14 R
9 36 7 7 L
9 37 8 21 R
9 38 2 23 R
9 39 9 17 R
9 40 6 10 L
9 41 7 22 R
9 42 9 42 U
9 43 7 0 L
9 44 6 1 L
9 45 10 45 U
10 0 5 22 R
10 1 8 43 U
10 2 10 25 D
10 3 11 28 D
10 4 13 37 U
10 5 12 26 D
10 6 14 6 L
10 7 0 16 R
10 8 12 25 D
10 9 8 9 L
10 10 0 21 R
10 11 0 21 R
10 12 10 37 U
10 13 11 35 U
10 14 11 27 D
10 15 14 25 D
10 16 8 35 U
10 17 10 17 R
10 18 0 9 L
10 19 12 45 U
10 20 12 20 R
10 21 8 36 U
10 22 7 22 R
10 23 8 37 U
10 24 9 9 L
10 25 10 7 L
10 26 1 26 D
10 27 10 11 L
10 28 9 13 R
10 29 13 4 L
10 30 10 9 L
10 31 10 0 L
10 32 2 14 R
10 33 5 2 L
10 34 4 34 D
10 35 9 12 R
10 36 9 7 L
10 37 9 13 R
10 38 10 38 U
10 39 13 19 R
10 40 13 10 L
10 41 11 8 L
10 42 2 34 D
10 43 10 43 U
10 44 8 9 L
10 45 14 2 L
11 0 10 0 L
11 1 9 24 D
11 2 11 2 L
11 3 11 3 L
11 4 13 4 L
11 5 8 5 L
11 6 13 6 L
11 7 7 7 L
11 8 8 37 U
11 9 7 44 U
11 10 13 10 L
11 11 12 40 U
11 12 10 45 U
11 13 11 41 U
11 14 6 37 U
11 15 13 15 R
11 16 3 31 D
11 17 12 17 R
11 18 12 18 R
11 19 11 19 R
11 20 10 20 R
11 21 10 27 D
11 22 8 39 U
11 23 9 23 R
11 24 10 1 L
11 25 5 16 R
11 26 11 1 L
11 27 11 27 D
11 28 10 28 D
11 29 14 29 D
11 30 9 30 D
11 31 11 31 D
11 32 10 32 D
11 33 2 5 L
11 34 4 12 R
11 35 4 2 L
11 36 9 36 U
11 37 0 32 D
11 38 11 17 R
11 39 10 21 R
11 40 17 2 L
11 41 11 41 U
11 42 4 25 D
11 44 0 33 D
11 45 19 45 U
12 0 10 25 D
12 1 11 42 U
12 2 12 36 U
12 3 13 25 D
12 4 12 26 D
12 5 0 27 D
12 6 12 6 L
12 7 11 7 L
12 8 14 8 L
12 9 14 38 U
12 10 12 32 D
12 11 13 11 L
12 12 8 24 D
12 13 0 3 L
12 14 9 24 D
12 15 11 15 R
12 16 9 45 U
12 17 4 42 U
12 18 11 18 R
12 19 14 31 D
12 20 11 20 R
12 21 14 38 U
12 22 0 39 U
12 23 12 35 U
12 24 10 13 R
12 25 10 2 L
12 26 10 3 L
12 27 10 5 L
12 28 14 16 R
12 29 5 29 D
12 30 14 19 R
12 31 14 16 R
12 32 1 32 D
12 33 13 15 R
12 34 14 4 L
12 35 11 16 R
12 36 12 1 L
12 37 10 14 R
12 38 12 4 L
12 39 6 22 R
12 40 18 40 U
12 41 10 41 U
12 42 0 1 L
12 44 11 44 U
12 45 16 45 U
13 0 2 0 L
13 1 10 35 U
13 2 12 24 D
13 3 14 3 L
13 4 13 34 D
13 5 13 29 D
13 6 11 6 L
13 7 0 38 U
13 8 13 8 L
13 9 14 29 D
13 10 10 10 L
13 11 12 11 L
13 12 12 36 U
13 13 2 44 U
13 14 14 14 R
13 15 13 27 D
13 16 14 16 R
13 17 11 17 R
13 18 13 28 D
13 19 13 39 U
13 20 5 20 R
13 21 10 21 R
13 22 14 22 R
13 23 11 23 R
13 24 9 6 L
13 25 13 14 R
13 26 6 18 R
13 27 13 3 L
13 28 6 28 D
13 29 13 38 U
13 30 11 10 L
13 31 14 31 D
13 32 12 19 R
13 33 7 33 D
13 34 14 34 D
13 35 10 12 R
13 36 10 2 L
13 37 14 3 L
13 38 14 15 R
13 39 11 12 R
13 40 16 40 U
13 41 12 2 L
13 42 7 42 U
13 44 0 5 L
13 45 22 45 U
14 0 13 44 U
14 1 12 1 L
14 2 13 15 R
14 3 10 41 U
14 4 12 28 D
14 5 11 5 L
14 6 10 6 L
14 7 12 7 L
14 8 12 8 L
14 9 11 9 L
14 10 11 30 D
14 11 15 29 D
14 12 11 12 R
14 13 0 4 L
14 14 13 37 U
14 15 13 29 D
14 16 5 30 D
14 17 6 17 R
14 18 6 18 R
14 19 12 30 D
14 20 1 20 R
14 21 7 32 D
14 22 3 22 R
14 23 10 23 R
14 24 13 1 L
14 25 14 0 L
14 26 10 18 R
14 27 14 27 D
14 28 13 7 L
14 29 12 10 L
14 30 13 11 L
14 31 12 12 R
14 32 0 39 U
14 33 11 33 D
14 34 13 34 D
14 35 13 0 L
14 36 10 36 U
14 37 13 37 U
14 38 12 19 R
14 39 1 39 U
14 40 17 19 R
14 41 12 41 U
14 42 15 42 U
14 44 14 11 L
14 45 25 1 L
15 0 8 21 R
15 1 7 26 D
15 2 12 45 U
15 3 18 38 U
15 4 14 24 D
15 5 11 17 R
15 6 0 23 R
15 7 10 30 D
15 8 13 22 R
15 9 16 34 D
15 10 22 10 L
15 11 16 11 L
15 12 14 34 D
15 13 14 36 U
15 14 10 42 U
15 15 15 37 U
15 16 15 31 D
15 17 12 39 U
15 18 2 18 R
15 19 17 39 U
15 20 12 42 U
15 21 14 33 D
15 22 0 24 D
15 23 11 35 U
15 24 13 8 L
15 25 13 13 R
15 26 15 6 L
15 27 15 4 L
15 28 16 15 R
15 29 15 2 L
15 30 0 5 L
15 31 13 31 D
15 32 17 18 R
15 33 14 13 R
15 34 17 15 R
15 35 0 7 L
15 36 15 19 R
15 37 16 14 R
15 38 13 7 L
15 39 14 39 U
15 40 17 40 U
15 41 9 28 D
15 42 12 42 U
15 44 16 16 R
15 45 25 45 U
16 0 16 0 L
16 1 14 36 U
16 2 15 41 U
16 3 18 3 L
16 4 16 25 D
16 5 16 5 L
16 6 15 6 L
16 7 15 30 D
16 8 3 41 U
16 9 17 9 L
16 10 26 39 U
16 11 15 11 L
16 12 13 2 L
16 13 14 27 D
16 14 12 33 D
16 15 11 24 D
16 16 17 1 L
16 17 15 17 R
16 18 8 44 U
16 19 18 19 R
16 20 15 20 R
16 21 14 21 R
16 22 5 31 D
16 23 16 34 D
16 24 0 12 R
16 25 16 22 R
16 26 15 26 D
16 27 15 27 D
16 28 3 28 D
16 29 16 6 L
16 30 0 2 L
16 31 17 13 R
16 32 13 32 D
16 33 15 33 D
16 34 15 34 D
16 35 8 35 U
16 36 13 14 R
16 37 0 29 D
16 38 16 38 U
16 39 18 0 L
16 40 18 19 R
16 41 16 41 U
16 42 5 14 R
16 44 13 44 U
16 45 20 45 U
17 0 17 24 D
17 1 17 27 D
17 2 17 18 R
17 3 17 40 U
17 4 19 36 U
17 5 17 5 L
17 6 17 6 L
17 7 15 7 L
17 8 17 8 L
17 9 15 39 U
17 10 28 10 L
17 11 15 38 U
17 12 17 37 U
17 13 18 42 U
17 14 18 25 D
17 15 18 36 U
17 16 18 16 R
17 17 13 17 R
17 18 15 18 R
17 19 16 19 R
17 20 16 20 R
17 21 16 26 D
17 22 16 40 U
17 23 8 23 R
17 24 18 6 L
17 25 16 8 L
17 26 18 14 R
17 27 0 18 R
17 28 17 11 L
17 29 16 29 D
17 30 18 30 D
17 31 12 15 R
17 32 12 32 D
17 33 15 5 L
17 34 0 2 L
17 35 14 21 R
17 36 17 21 R
17 37 17 37 U
17 38 17 38 U
17 39 16 39 U
17 40 10 0 L
17 41 0 22 R
17 42 13 12 R
17 44 17 17 R
17 45 25 8 L
18 0 15 39 U
18 1 17 1 L
18 2 18 28 D
18 3 0 39 U
18 4 20 4 L
18 5 15 5 L
18 6 18 37 U
18 7 25 37 U
18 8 14 42 U
18 9 16 9 L
18 10 14 10 L
18 11 17 40 U
18 12 17 35 U
18 13 16 13 R
18 14 17 36 U
18 15 16 28 D
18 16 18 37 U
18 17 15 34 D
18 18 18 30 D
18 19 11 32 D
18 20 15 35 U
18 21 15 21 R
18 22 17 40 U
18 23 17 23 R
18 24 17 14 R
18 25 18 25 D
18 26 17 26 D
18 27 18 3 L
18 28 0 22 R
18 29 16 20 R
18 30 15 12 R
18 31 20 4 L
18 32 18 14 R
18 33 16 33 D
18 34 11 34 D
18 35 17 0 L
18 36 17 16 R
18 37 17 3 L
18 38 16 9 L
18 39 17 16 R
18 40 21 0 L
18 41 22 2 L
18 42 12 3 L
18 44 16 44 U
18 45 21 45 U
19 0 14 0 L
19 1 0 33 D
19 2 19 19 R
19 3 13 3 L
19 4 15 31 D
19 5 20 38 U
19 6 0 35 U
19 7 26 7 L
19 8 16 28 D
19 9 14 9 L
19 10 27 10 L
19 12 0 1 L
19 13 20 39 U
19 14 20 24 D
19 15 15 26 D
19 16 20 16 R
19 17 15 25 D
19 18 17 18 R
19 19 20 34 D
19 20 18 29 D
19 21 19 32 D
19 22 17 45 U
19 23 22 38 U
19 24 20 5 L
19 25 11 25 D
19 26 17 18 R
19 27 20 14 R
19 28 22 6 L
19 29 17 6 L
19 30 16 30 D
19 31 19 15 R
19 32 19 32 D
19 33 18 11 L
19 34 18 13 R
19 35 18 15 R
19 36 19 2 L
19 37 21 10 L
19 38 20 16 R
19 39 19 16 R
19 40 21 40 U
19 41 21 41 U
19 42 18 18 R
19 44 4 12 R
19 45 26 45 U
20 0 19 24 D
20 1 20 25 D
20 2 18 40 U
20 3 21 3 L
20 4 19 4 L
20 5 19 39 U
20 6 20 37 U
20 7 24 7 L
20 8 25 29 D
20 9 20 9 L
20 10 25 10 L
20 12 18 29 D
20 13 19 13 R
20 14 18 24 D
20 15 18 15 R
20 16 20 36 U
20 17 19 42 U
20 18 15 42 U
20 19 22 24 D
20 20 9 20 R
20 21 13 21 R
20 22 19 42 U
20 23 23 23 R
20 24 19 4 L
20 25 16 25 D
20 26 18 17 R
20 27 21 27 D
20 28 22 28 D
20 29 19 29 D
20 30 17 30 D
20 31 20 31 D
20 32 20 32 D
20 33 21 18 R
20 34 18 22 R
20 35 2 3 L
20 36 15 20 R
20 37 20 37 U
20 38 18 20 R
20 39 10 1 L
20 40 20 40 U
20 41 22 41 U
20 42 20 22 R
20 44 6 14 R
20 45 9 19 R
21 0 21 26 D
21 1 20 1 L
21 2 20 28 D
21 3 17 36 U
21 4 19 16 R
21 5 21 5 L
21 6 22 6 L
21 7 24 26 D
21 8 23 8 L
21 9 21 9 L
21 10 27 39 U
21 12 16 32 D
21 13 19 35 U
21 14 19 31 D
21 15 9 15 R
21 16 22 31 D
21 17 15 44 U
21 18 20 26 D
21 19 13 19 R
21 20 19 33 D
21 21 17 21 R
21 22 18 22 R
21 23 21 23 R
21 24 16 13 R
21 25 17 3 L
21 26 21 5 L
21 27 20 27 D
21 28 8 38 U
21 29 15 14 R
21 30 22 0 L
21 31 21 31 D
21 32 18 32 D
21 33 17 33 D
21 34 16 34 D
21 35 20 12 R
21 36 16 17 R
21 37 21 37 U
21 38 13 18 R
21 39 13 39 U
21 40 19 40 U
21 41 17 41 U
21 42 14 0 L
21 44 18 44 U
21 45 23 45 U
22 0 21 25 D
22 1 21 28 D
22 2 19 29 D
22 3 24 31 D
22 4 20 27 D
22 5 23 40 U
22 6 20 41 U
22 7 18 45 U
22 8 14 41 U
22 9 0 21 R
22 10 24 10 L
22 12 18 27 D
22 13 21 35 U
22 14 0 8 L
22 15 21 30 D
22 16 19 38 U
22 17 19 17 R
22 18 18 38 U
22 19 19 19 R
22 20 20 20 R
22 21 19 21 R
22 22 22 30 D
22 23 20 23 R
22 24 16 36 U
22 25 21 19 R
22 26 21 16 R
22 27 19 27 D
22 28 22 1 L
22 29 22 6 L
22 30 25 20 R
22 31 22 31 D
22 32 21 13 R
22 33 20 13 R
22 34 19 34 D
22 35 21 12 R
22 36 15 3 L
22 37 14 37 U
22 38 0 25 D
22 39 0 23 R
22 40 18 3 L
22 41 23 6 L
22 42 21 15 R
22 44 17 44 U
22 45 24 45 U
23 0 20 24 D
23 1 22 40 U
23 2 19 40 U
23 3 24 3 L
23 4 24 30 D
23 5 18 5 L
23 6 16 23 R
23 7 19 7 L
23 8 19 8 L
23 9 0 36 U
23 10 4 10 L
23 12 22 37 U
23 13 19 27 D
23 14 21 37 U
23 15 20 35 U
23 16 23 27 D
23 17 0 32 D
23 18 16 31 D
23 19 26 28 D
23 20 6 28 D
23 21 16 44 U
23 22 25 22 R
23 23 21 27 D
23 24 23 1 L
23 25 21 2 L
23 26 25 3 L
23 27 20 9 L
23 28 16 17 R
23 29 21 9 L
23 30 19 30 D
23 31 16 37 U
23 32 10 4 L
23 33 25 15 R
23 34 24 1 L
23 35 23 12 R
23 36 23 16 R
23 37 22 17 R
23 38 24 38 U
23 39 28 39 U
23 40 22 20 R
23 41 14 0 L
23 42 21 7 L
23 44 26 19 R
23 45 25 7 L
24 0 21 0 L
24 1 24 1 L
24 2 20 40 U
24 3 23 3 L
24 4 25 4 L
24 5 25 5 L
24 6 0 18 R
24 7 26 26 D
24 8 22 8 L
24 9 10 9 L
24 10 32 33 D
24 12 24 31 D
24 13 20 13 R
24 14 21 14 R
24 15 22 15 R
24 16 25 16 R
24 17 23 33 D
24 18 23 27 D
24 19 24 31 D
24 20 19 45 U
24 21 19 27 D
24 22 24 22 R
24 23 22 23 R
24 24 21 6 L
24 25 23 25 D
24 26 24 17 R
24 27 21 12 R
24 28 20 17 R
24 29 23 29 D
24 30 20 30 D
24 31 24 1 L
24 32 23 12 R
24 33 24 33 D
24 34 23 34 D
24 35 22 23 R
24 36 26 17 R
24 37 20 14 R
24 38 23 38 U
24 39 9 39 U
24 40 13 2 L
24 41 15 41 U
24 42 31 22 R
24 44 25 44 U
24 45 3 45 U
25 0 22 44 U
25 1 23 25 D
25 2 24 45 U
25 3 25 41 U
25 4 22 40 U
25 5 23 24 D
25 6 19 6 L
25 7 22 7 L
25 8 2 31 D
25 9 18 9 L
25 10 32 10 L
25 12 24 32 D
25 13 23 35 U
25 14 24 42 U
25 15 23 38 U
25 16 24 16 R
25 17 26 36 U
25 18 26 18 R
25 19 25 19 R
25 20 23 20 R
25 21 23 21 R
25 22 24 41 U
25 23 24 23 R
25 24 24 13 R
25 25 25 5 L
25 26 26 3 L
25 27 19 14 R
25 28 25 8 L
25 29 26 29 D
25 30 26 6 L
25 31 21 14 R
25 32 23 32 D
25 33 13 33 D
25 34 25 34 D
25 35 24 2 L
25 36 24 18 R
25 37 25 5 L
25 38 25 3 L
25 39 28 21 R
25 40 24 4 L
25 41 21 10 L
25 42 32 42 U
25 44 26 7 L
25 45 5 45 U
26 0 26 25 D
26 1 2 16 R
26 2 15 15 R
26 3 22 18 R
26 4 23 4 L
26 5 25 26 D
26 6 26 28 D
26 7 27 24 D
26 8 25 8 L
26 9 22 9 L
26 10 35 10 L
26 12 10 34 D
26 13 25 35 U
26 14 19 24 D
26 15 25 32 D
26 16 21 36 U
26 17 26 26 D
26 18 22 36 U
26 19 0 44 U
26 20 26 30 D
26 21 27 21 R
26 22 22 22 R
26 23 23 33 D
26 24 26 1 L
26 25 26 4 L
26 26 25 7 L
26 27 25 17 R
26 28 21 2 L
26 29 23 20 R
26 30 25 30 D
26 31 26 19 R
26 32 25 2 L
26 33 26 15 R
26 34 12 34 D
26 35 25 35 U
26 36 21 23 R
26 37 19 37 U
26 38 30 38 U
26 39 28 0 L
26 40 24 5 L
26 41 23 31 D
26 42 31 3 L
26 44 22 8 L
26 45 4 45 U
27 0 27 21 R
27 1 20 27 D
27 2 22 26 D
27 3 29 45 U
27 4 27 4 L
27 5 28 31 D
27 6 19 26 D
27 7 27 7 L
27 8 24 8 L
27 9 6 9 L
27 10 16 10 L
27 12 25 29 D
27 13 23 24 D
27 14 20 9 L
27 15 28 39 U
27 16 27 33 D
27 17 24 32 D
27 18 24 31 D
27 19 30 38 U
27 20 26 37 U
27 21 21 32 D
27 22 21 22 R
27 23 24 26 D
27 24 20 12 R
27 25 0 45 U
27 26 26 14 R
27 27 25 10 L
27 28 25 28 D
27 29 18 29 D
27 30 26 0 L
27 31 26 13 R
27 32 24 20 R
27 33 27 33 D
27 34 16 12 R
27 35 24 12 R
27 36 17 22 R
27 37 24 15 R
27 38 29 1 L
27 39 27 39 U
27 40 19 1 L
27 41 20 41 U
27 42 29 42 U
27 44 27 44 U
27 45 0 8 L
28 0 28 26 D
28 1 28 1 L
28 2 26 29 D
28 3 31 41 U
28 4 30 36 U
28 5 30 5 L
28 6 28 27 D
28 7 25 7 L
28 8 11 30 D
28 9 13 35 U
28 10 34 10 L
28 12 26 35 U
28 13 25 25 D
28 14 26 14 R
28 15 23 30 D
28 16 29 24 D
28 17 3 17 R
28 18 24 35 U
28 19 32 29 D
28 20 32 39 U
28 21 28 21 R
28 22 23 22 R
28 23 23 31 D
28 24 28 4 L
28 25 26 25 D
28 26 27 44 U
28 27 28 27 D
28 28 26 28 D
28 29 24 29 D
28 30 27 0 L
28 31 22 13 R
28 32 0 45 U
28 33 28 33 D
28 34 27 34 D
28 35 21 18 R
28 36 26 16 R
28 37 22 7 L
28 38 28 38 U
28 39 19 23 R
28 40 29 14 R
28 41 28 41 U
28 42 32 17 R
28 44 27 19 R
28 45 28 15 R
29 0 25 27 D
29 1 29 26 D
29 2 30 32 D
29 3 32 3 L
29 4 28 28 D
29 5 0 20 R
29 7 6 7 L
29 9 33 9 L
29 10 34 36 U
29 12 27 35 U
29 13 26 34 D
29 14 30 35 U
29 15 29 40 U
29 16 29 27 D
29 17 29 6 L
29 18 7 10 L
29 19 30 19 R
29 20 25 20 R
29 21 0 10 L
29 22 30 40 U
29 23 19 41 U
29 24 21 21 R
29 25 30 13 R
29 26 30 0 L
29 27 27 7 L
29 28 28 16 R
29 29 24 4 L
29 30 30 3 L
29 31 27 15 R
29 32 31 32 D
29 33 26 7 L
29 34 27 2 L
29 35 28 10 L
29 36 30 3 L
29 37 27 37 U
29 38 28 4 L
29 39 29 13 R
29 40 31 16 R
29 41 27 12 R
29 42 20 42 U
29 44 18 14 R
29 45 30 22 R
30 0 29 38 U
30 1 27 38 U
30 2 32 26 D
30 3 28 45 U
30 4 29 27 D
30 5 29 5 L
30 7 29 7 L
30 9 37 9 L
30 10 26 37 U
30 12 29 33 D
30 13 29 39 U
30 14 15 36 U
30 15 29 37 U
30 16 16 10 L
30 17 32 45 U
30 18 31 18 R
30 19 29 19 R
30 20 14 20 R
30 21 22 21 R
30 22 32 22 R
30 23 33 36 U
30 24 30 2 L
30 25 30 25 D
30 26 27 16 R
30 27 27 9 L
30 28 30 28 D
30 29 29 17 R
30 30 32 2 L
30 31 27 31 D
30 32 31 2 L
30 33 29 33 D
30 34 29 34 D
30 35 30 1 L
30 36 27 17 R
30 37 12 37 U
30 38 19 12 R
30 39 28 15 R
30 40 24 40 U
30 41 31 2 L
30 42 0 32 D
30 44 33 44 U
30 45 29 5 L
31 0 31 25 D
31 1 31 24 D
31 2 32 31 D
31 3 30 3 L
31 4 31 42 U
31 5 30 30 D
31 7 18 7 L
31 9 34 9 L
31 10 33 10 L
31 12 2 34 D
31 13 31 33 D
31 14 28 33 D
31 15 29 15 R
31 16 17 16 R
31 17 31 29 D
31 18 28 18 R
31 19 31 38 U
31 20 33 39 U
31 21 29 42 U
31 22 25 32 D
31 23 27 23 R
31 24 29 36 U
31 25 32 7 L
31 26 29 2 L
31 27 27 14 R
31 28 30 12 R
31 29 31 17 R
31 30 30 5 L
31 31 0 44 U
31 32 32 32 D
31 33 29 1 L
31 34 30 34 D
31 35 31 0 L
31 36 29 15 R
31 37 0 12 R
31 38 29 38 U
31 39 6 39 U
31 40 31 40 U
31 41 30 41 U
31 42 34 42 U
31 44 22 6 L
31 45 31 45 U
32 0 30 38 U
32 1 28 25 D
32 2 26 2 L
32 3 29 30 D
32 4 24 28 D
32 5 35 40 U
32 7 31 7 L
32 9 30 9 L
32 10 36 37 U
32 12 29 38 U
32 13 31 40 U
32 14 30 40 U
32 15 27 27 D
32 16 32 26 D
32 17 31 42 U
32 18 31 34 D
32 19 32 19 R
32 20 33 20 R
32 21 32 21 R
32 22 21 7 L
32 23 22 37 U
32 24 32 24 D
32 25 31 1 L
32 26 30 4 L
32 27 32 3 L
32 28 31 16 R
32 29 21 29 D
32 30 32 30 D
32 31 28 5 L
32 32 30 32 D
32 33 32 13 R
32 34 21 34 D
32 35 29 4 L
32 36 30 36 U
32 37 28 14 R
32 38 27 0 L
32 39 32 21 R
32 40 32 14 R
32 41 31 41 U
32 42 30 33 D
32 44 37 44 U
32 45 32 45 U
33 0 33 42 U
33 1 31 25 D
33 2 24 35 U
33 3 33 24 D
33 4 32 36 U
33 5 32 5 L
33 7 35 25 D
33 9 24 35 U
33 10 34 27 D
33 12 34 25 D
33 13 34 24 D
33 14 16 27 D
33 15 13 44 U
33 16 0 38 U
33 17 27 26 D
33 19 31 35 U
33 20 34 20 R
33 21 25 41 U
33 22 34 22 R
33 24 33 9 L
33 25 29 3 L
33 26 29 12 R
33 27 28 1 L
33 28 33 4 L
33 29 35 2 L
33 30 27 30 D
33 31 27 10 L
33 32 31 15 R
33 33 35 2 L
33 34 34 3 L
33 35 25 0 L
33 36 31 19 R
33 37 32 20 R
33 38 28 21 R
33 39 35 39 U
33 40 33 19 R
33 41 33 15 R
33 42 36 42 U
33 44 29 44 U
33 45 29 10 L
34 0 33 26 D
34 1 31 1 L
34 2 34 26 D
34 3 0 19 R
34 4 35 26 D
34 5 35 5 L
34 7 33 7 L
34 9 29 9 L
34 10 36 10 L
34 12 28 12 R
34 13 22 13 R
34 14 33 42 U
34 15 33 15 R
34 16 33 45 U
34 17 35 17 R
34 19 35 36 U
34 20 26 20 R
34 21 34 35 U
34 22 35 38 U
34 24 33 13 R
34 25 28 13 R
34 26 29 13 R
34 27 24 27 D
34 28 29 28 D
34 29 34 29 D
34 30 31 12 R
34 31 35 0 L
34 32 9 32 D
34 33 33 33 D
34 34 36 34 D
34 35 32 4 L
34 36 33 10 L
34 37 0 17 R
34 38 28 19 R
34 39 34 39 U
34 40 34 13 R
34 41 36 5 L
34 42 35 42 U
34 44 39 0 L
34 45 35 45 U
35 0 24 16 R
35 1 0 32 D
35 2 32 45 U
35 3 5 3 L
35 4 30 4 L
35 5 36 25 D
35 7 36 31 D
35 9 19 9 L
35 10 30 10 L
35 12 36 39 U
35 13 33 13 R
35 14 36 30 D
35 15 23 15 R
35 16 36 16 R
35 19 30 39 U
35 20 30 24 D
35 21 30 21 R
35 22 33 22 R
35 24 30 7 L
35 25 34 3 L
35 26 31 18 R
35 27 12 27 D
35 28 31 28 D
35 29 32 29 D
35 30 36 14 R
35 31 35 31 D
35 32 34 5 L
35 33 36 33 D
35 34 33 34 D
35 35 32 15 R
35 36 33 22 R
35 37 32 25 D
35 38 25 38 U
35 39 24 23 R
35 40 36 7 L
35 41 38 41 U
35 42 28 1 L
35 44 34 44 U
35 45 28 14 R
36 0 9 16 R
36 1 35 44 U
36 2 36 2 L
36 4 36 38 U
36 7 35 7 L
36 9 38 9 L
36 10 27 28 D
36 12 27 24 D
36 13 26 29 D
36 14 33 14 R
36 15 35 42 U
36 16 35 34 D
36 19 28 30 D
36 20 32 45 U
36 22 33 24 D
36 24 28 12 R
36 25 30 15 R
36 26 26 16 R
36 27 29 10 L
36 28 24 4 L
36 29 33 29 D
36 30 34 14 R
36 31 34 12 R
36 32 34 32 D
36 33 35 33 D
36 34 34 34 D
36 35 8 22 R
36 38 36 18 R
36 39 33 39 U
36 40 34 40 U
36 41 34 41 U
36 42 25 42 U
36 44 35 44 U
36 45 27 16 R
37 0 37 25 D
37 1 30 25 D
37 2 37 44 U
37 4 36 28 D
37 7 37 41 U
37 12 34 42 U
37 13 38 42 U
37 15 38 35 U
37 16 37 29 D
37 20 31 20 R
37 22 17 22 R
37 24 34 17 R
37 25 15 25 D
37 27 27 27 D
37 28 34 7 L
37 29 32 1 L
37 31 29 31 D
37 33 39 2 L
37 34 32 22 R
37 35 28 20 R
37 39 34 12 R
37 41 14 41 U
37 42 32 4 L
37 44 36 44 U
37 45 33 12 R
38 0 0 33 D
38 1 0 15 R
38 4 38 33 D
38 12 28 27 D
38 15 31 15 R
38 16 28 31 D
38 20 30 20 R
38 24 35 35 U
38 25 36 20 R
38 27 0 20 R
38 29 37 29 D
38 31 31 31 D
38 33 37 0 L
38 34 31 34 D
38 35 35 9 L
38 39 37 16 R
38 41 32 41 U
38 42 37 4 L
38 44 38 44 U
38 45 37 13 R
39 0 24 0 L
39 1 38 1 L
39 12 37 39 U
39 15 38 24 D
39 16 28 16 R
39 20 18 20 R
39 24 37 1 L
39 25 36 15 R
39 29 31 29 D
39 31 30 31 D
39 42 39 42 U

