23 23 423
16 0 0 0 17 0 0 5 11 5 0 6 0 12 0
0 9 0 0 0 0 0 0 11 13 0 0 8 0 18
0 4 0 0 14 0 0 0 10 0 0 0 0 5 13
4 0 0 0 0 0 0 3 0 0 0 0 0 0 14
0 0 0 3 0 0 15 0 0 0 3 9 0 12 0
17 0 0 4 0 0 0 0 0 18 0 6 0 0 18
7 0 0 0 0 0 9 3 2 14 1 9 0 2 22
14 0 21 1 0 0 0 3 0 11 0 0 0 3 7
3 19 12 4 0 0 15 0 7 0 11 0 0 0 20
0 0 0 19 0 0 0 0 0 20 0 0 0 0 17
0 0 0 18 0 0 1 0 0 4 9 0 0 0 15
0 0 0 17 0 0 0 14 0 0 0 0 0 6 0
15 2 0 1 15 20 0 10 11 0 0 0 11 0 17
5 0 9 10 0 11 0 0 5 0 0 0 0 0 0
0 2 0 8 9 0 0 6 0 0 15 0 0 13 8
0 0 0 0 D
0 1 0 1 D
0 2 0 2 D
0 3 0 3 D
0 4 0 4 D
0 5 0 5 D
0 6 0 6 R
0 7 0 7 R
0 8 0 8 R
0 9 0 9 R
0 10 0 10 R
0 11 0 11 R
0 12 0 12 U
0 13 0 13 U
0 14 0 14 U
0 15 0 15 U
0 16 0 16 U
0 17 0 17 L
0 18 0 18 L
0 19 0 19 L
0 20 0 20 L
0 21 0 21 L
0 22 0 22 L
1 0 6 9 R
1 1 13 7 R
1 2 0 9 R
1 4 5 20 L
1 5 4 17 L
1 6 10 0 D
1 7 0 13 U
1 8 8 14 U
1 9 6 9 R
1 10 3 10 R
1 11 19 11 R
1 12 9 6 R
1 13 0 8 R
1 14 17 18 L
1 15 4 7 R
1 16 0 3 D
1 17 4 14 U
1 18 0 15 U
1 19 16 15 U
1 20 11 20 L
1 21 3 21 L
1 22 5 22 L
2 0 8 19 L
2 1 10 1 D
2 2 4 18 L
2 3 11 3 D
2 4 12 4 D
2 5 16 20 L
2 6 1 14 U
2 7 9 5 D
2 8 11 1 D
2 9 12 16 U
2 10 5 4 D
2 11 12 15 U
2 12 1 17 L
2 13 15 13 U
2 14 7 14 U
2 15 6 8 R
2 16 9 20 L
2 17 9 12 U
2 18 14 15 U
2 19 17 9 R
2 20 18 12 U
2 21 8 21 L
2 22 21 2 D
3 0 9 7 R
3 1 8 1 D
3 2 2 10 R
3 3 5 19 L
3 4 10 4 D
3 5 16 10 R
3 6 6 0 D
3 7 0 18 L
3 8 13 0 D
3 9 0 19 L
3 10 6 10 R
3 11 10 11 R
3 12 0 2 D
3 13 18 6 R
3 14 13 14 U
3 15 14 20 L
3 16 4 9 R
3 17 6 12 U
3 18 16 12 U
3 19 1 19 L
3 20 16 16 U
3 21 9 13 U
3 22 18 16 U
4 0 2 6 R
4 1 7 1 D
4 2 7 2 D
4 3 0 20 L
4 4 10 4 D
4 5 10 5 D
4 6 0 12 U
4 7 15 14 U
4 8 20 2 D
4 9 3 14 U
4 10 14 2 D
4 11 3 2 D
4 12 9 19 L
4 13 7 13 U
4 14 3 1 D
4 15 0 20 L
4 16 2 16 U
4 17 3 17 L
4 18 5 5 D
4 19 11 1 D
4 20 1 13 U
4 21 17 15 U
4 22 7 22 L
5 0 0 14 U
5 1 12 1 D
5 2 11 19 L
5 3 4 3 D
5 4 17 4 D
5 5 18 5 D
5 6 19 13 U
5 7 1 13 U
5 8 12 1 D
5 9 7 9 R
5 10 10 10 R
5 11 8 11 R
5 12 12 21 L
5 13 12 17 L
5 14 13 17 L
5 15 2 15 U
5 16 14 8 R
5 17 12 6 R
5 18 17 8 R
5 19 3 4 D
5 20 13 14 U
5 21 0 12 U
5 22 9 1 D
6 0 15 7 R
6 1 3 6 R
6 3 1 3 D
6 4 4 4 D
6 5 3 5 D
6 6 5 17 L
6 7 8 7 R
6 8 13 8 R
6 9 1 9 R
6 10 1 10 R
6 11 12 11 R
6 12 8 17 L
6 13 2 10 R
6 14 13 14 U
6 15 13 22 L
6 16 0 20 L
6 17 11 13 U
6 18 9 0 D
6 19 0 8 R
6 20 1 20 L
6 21 5 2 D
6 22 1 22 L
7 0 15 18 L
7 1 8 18 L
7 2 4 2 D
7 3 10 3 D
7 4 17 4 D
7 5 4 5 D
7 6 0 17 L
7 7 15 1 D
7 8 20 4 D
7 9 5 9 R
7 10 13 3 D
7 11 2 0 D
7 12 4 8 R
7 13 0 6 R
7 14 1 20 L
7 15 5 15 U
7 16 5 16 U
7 17 0 13 U
7 18 14 7 R
7 19 10 19 L
7 20 6 4 D
7 21 1 1 D
7 22 11 22 L
8 0 0 17 L
8 1 4 1 D
8 4 6 4 D
8 5 12 18 L
8 6 1 5 D
8 7 0 14 U
8 8 14 15 U
8 9 5 12 U
8 10 11 2 D
8 12 12 10 R
8 13 5 20 L
8 14 6 7 R
8 15 15 15 U
8 16 10 16 U
8 17 7 7 R
8 18 20 18 L
8 19 11 19 L
8 20 6 20 L
8 21 6 21 L
8 22 11 22 L
9 0 0 15 U
9 1 2 6 R
9 2 7 8 R
9 3 11 10 R
9 4 2 8 R
9 5 5 19 L
9 6 8 12 U
9 7 7 12 U
9 8 0 3 D
9 9 7 2 D
9 10 16 10 R
9 12 4 6 R
9 13 0 1 D
9 14 2 18 L
9 15 0 7 R
9 16 3 9 R
9 17 0 0 D
9 18 14 16 U
9 19 7 19 L
9 20 0 14 U
9 21 5 21 L
10 0 12 0 D
10 1 6 22 L
10 2 18 20 L
10 3 1 9 R
10 4 4 4 D
10 5 2 5 D
10 6 16 0 D
10 7 6 16 U
10 8 14 8 R
10 9 2 1 D
10 10 4 12 U
10 12 7 20 L
10 13 2 13 U
10 14 2 14 U
10 15 4 15 U
10 16 3 18 L
10 17 8 16 U
10 18 5 18 L
10 19 3 8 R
10 20 15 0 D
10 21 1 16 U
10 22 18 10 R
11 0 0 13 U
11 1 0 6 R
11 3 3 6 R
11 4 6 9 R
11 6 15 6 R
11 7 3 7 R
11 8 13 8 R
11 9 15 9 R
11 10 0 12 U
11 11 6 11 R
11 12 0 0 D
11 13 5 7 R
11 14 1 6 R
11 15 6 19 L
11 16 12 16 U
11 17 7 1 D
11 18 5 3 D
11 19 17 16 U
11 20 0 16 U
11 21 12 2 D
12 0 10 12 U
12 1 7 1 D
12 2 19 21 L
12 4 13 4 D
12 6 13 13 U
12 7 7 18 L
12 8 7 15 U
12 9 8 4 D
12 10 14 4 D
12 12 13 12 U
12 13 5 18 L
12 14 0 17 L
12 15 7 15 U
12 16 4 19 L
12 17 0 14 U
12 18 6 11 R
12 19 18 2 D
12 20 20 20 L
12 21 5 21 L
13 0 1 10 R
13 1 18 1 D
13 2 0 10 R
13 4 19 19 L
13 5 14 5 D
13 6 6 14 U
13 8 22 2 D
13 9 3 17 L
13 10 8 21 L
13 12 9 18 L
13 13 3 13 U
13 14 0 18 L
13 15 16 7 R
13 16 4 22 L
13 17 6 13 U
13 18 0 7 R
13 19 20 19 L
13 20 1 14 U
13 21 6 21 L
14 0 13 8 R
14 1 16 8 R
14 2 1 9 R
14 4 6 6 R
14 5 2 17 L
14 6 9 2 D
14 7 12 18 L
14 9 13 20 L
14 10 10 4 D
14 12 16 7 R
14 13 8 13 U
14 14 17 21 L
14 15 2 19 L
14 16 6 16 U
14 17 3 4 D
14 18 4 3 D
14 19 0 16 U
14 20 21 20 L
14 21 5 21 L
15 0 2 20 L
15 1 13 17 L
15 2 16 17 L
15 3 17 22 L
15 4 4 21 L
15 5 17 5 D
15 6 1 6 R
15 7 0 2 D
15 8 14 22 L
15 10 7 12 U
15 11 12 12 U
15 12 9 9 R
15 13 8 6 R
15 14 6 8 R
15 15 6 17 L
15 16 7 19 L
15 17 10 17 L
15 19 1 0 D
15 20 5 20 L
15 21 12 11 R
16 0 8 17 L
16 1 1 7 R
16 2 0 8 R
16 4 4 18 L
16 5 4 5 D
16 6 4 16 U
16 9 7 5 D
16 10 4 13 U
16 12 3 17 L
16 14 2 14 U
16 15 12 3 D
16 16 4 16 U
16 17 17 4 D
16 18 11 18 L
16 19 6 12 U
16 20 0 10 R
17 0 4 17 L
17 1 13 6 R
17 2 12 2 D
17 3 3 10 R
17 4 20 4 D
17 7 0 0 D
17 9 8 16 U
17 10 16 5 D
17 12 9 3 D
17 13 5 13 U
17 14 3 19 L
17 15 7 15 U
17 16 8 16 U
17 17 4 0 D
17 19 11 16 U
17 20 0 2 D
18 0 2 11 R
18 1 14 1 D
18 2 1 8 R
18 3 14 11 R
18 4 19 4 D
18 5 9 6 R
18 7 1 0 D
18 8 6 5 D
18 10 12 4 D
18 11 15 12 U
18 12 5 9 R
18 13 17 21 L
18 14 10 14 U
18 15 9 8 R
18 16 12 3 D
18 17 11 3 D
18 18 3 3 D
18 19 13 7 R
18 20 13 12 U
18 21 2 3 D
19 0 9 17 L
19 2 1 18 L
19 6 16 15 U
19 8 9 14 U
19 10 6 15 U
19 11 4 15 U
19 12 17 0 D
19 13 18 13 U
19 14 10 14 U
19 15 13 15 U
19 17 11 1 D
19 20 5 20 L
19 21 11 21 L
20 0 21 0 D
20 2 5 15 U
20 6 12 6 R
20 7 2 15 U
20 10 8 10 R
20 11 1 11 R
20 14 4 14 U
20 15 18 18 L
20 17 6 17 L
20 20 6 20 L
21 0 16 11 R
21 10 12 10 R
21 14 2 14 U
21 15 18 9 R
22 14 17 14 U
22 15 7 19 L

