18 12 193
4 0 0 0 8 0 1 0 0 0 0 0 4 0 0 0 0 0 12
0 0 0 0 0 0 1 0 4 3 0 12 0 0 0 0 0 0 0
4 0 0 0 2 11 10 10 0 0 0 0 0 0 0 0 0 0 0
4 0 0 0 0 0 0 1 0 1 0 0 0 0 0 0 0 0 0
0 0 10 0 0 0 0 10 0 0 5 0 0 0 5 0 4 0 0
0 0 0 0 0 0 16 0 0 0 15 0 0 0 0 0 0 0 0
0 11 9 0 10 13 10 0 10 0 0 0 0 0 0 0 0 0 0
4 0 10 0 8 0 0 17 17 5 8 0 6 5 0 0 0 0 0
0 0 0 4 14 0 0 0 0 0 3 15 0 0 0 0 10 10 0
0 0 0 0 15 0 0 0 0 0 0 9 0 3 0 0 11 0 0
0 12 14 9 0 15 0 9 0 8 0 0 0 8 0 0 0 0 0
0 5 2 6 0 0 7 0 12 14 0 0 0 4 0 5 0 12 0
12 0 0 0 13 0 0 0 0 3 0 0 0 8 5 0 3 0 0
1 1 3 0 17 16 9 0 0 0 4 0 0 0 0 0 0 0 0
0 0 11 0 0 0 0 0 0 0 3 0 0 13 0 0 0 0 0
0 0 0 0 0 0 0 0 0 0 0 0 10 0 0 0 0 0 0
0 1 0 14 0 0 0 0 0 13 0 0 7 0 0 0 3 0 14
14 15 0 0 16 0 0 0 0 6 0 0 0 10 0 0 16 15 15
4 0 0 0 3 0 0 0 0 0 10 0 0 6 11 2 0 8 0
0 0 0 0 L
0 1 0 1 L
0 2 0 2 L
0 3 0 3 R
0 4 0 4 R
0 5 0 5 R
0 6 0 6 D
0 7 0 7 D
0 8 0 8 D
0 9 0 9 U
0 10 0 10 U
0 11 0 11 U
1 0 2 8 D
1 1 0 6 D
1 2 5 10 U
1 3 10 7 D
1 4 0 9 U
1 5 9 5 R
1 6 0 3 R
1 7 0 2 L
1 8 3 8 D
1 9 0 4 R
1 10 9 10 U
1 11 10 11 U
2 0 0 11 U
2 1 1 1 L
2 2 3 2 L
2 3 3 3 R
2 4 3 4 R
2 5 0 11 U
2 6 11 1 L
2 7 14 5 R
2 8 3 8 D
2 9 4 4 R
2 10 3 10 U
2 11 1 11 U
3 0 6 11 U
3 1 14 11 U
3 2 1 2 L
3 3 6 8 D
3 4 12 8 D
3 5 5 5 R
3 6 0 0 L
3 7 4 7 D
3 8 2 8 D
3 9 10 8 D
3 10 12 5 R
3 11 4 11 U
4 0 3 10 U
4 1 0 3 R
4 2 0 11 U
4 3 10 6 D
4 4 0 2 L
4 5 11 9 U
4 6 6 6 D
4 7 2 7 D
4 8 1 4 R
4 9 3 4 R
4 10 0 1 L
4 11 0 6 D
5 0 0 10 U
5 1 3 1 L
5 2 8 11 U
5 3 0 7 D
5 4 7 2 L
5 5 10 11 U
5 6 0 4 R
5 7 11 3 R
5 8 9 4 R
5 9 10 3 R
5 10 6 4 R
5 11 9 3 R
6 0 10 7 D
6 1 12 1 L
6 2 2 9 U
6 3 1 9 U
6 4 0 10 U
6 5 0 1 L
6 6 4 6 D
6 7 7 7 D
6 8 3 4 R
6 9 10 4 R
6 10 3 4 R
6 11 0 5 R
7 0 2 6 D
7 1 12 10 U
7 2 3 2 L
7 3 4 9 U
7 4 10 4 R
7 5 8 5 R
7 6 1 3 R
7 7 1 3 R
7 8 10 0 L
7 9 3 3 R
7 10 0 0 L
7 11 5 8 D
8 0 14 8 D
8 1 10 1 L
8 2 3 9 U
8 3 0 0 L
8 4 9 10 U
8 5 0 0 L
8 6 13 6 D
8 7 0 10 U
8 8 0 1 L
8 9 3 2 L
8 10 5 1 L
8 11 4 5 R
9 0 3 0 L
9 1 7 9 U
9 2 0 7 D
9 3 12 1 L
9 4 6 9 U
9 5 2 9 U
9 6 8 4 R
9 7 1 4 R
9 8 6 5 R
9 9 5 9 U
9 10 0 2 L
9 11 1 11 U
10 0 0 9 U
10 1 2 7 D
10 2 7 2 L
10 3 0 6 D
10 4 9 9 U
10 5 3 5 R
10 6 11 5 R
10 7 14 2 L
10 8 2 0 L
10 9 0 3 R
10 10 0 4 R
10 11 0 8 D
11 0 1 9 U
11 1 5 1 L
11 2 4 8 D
11 3 8 11 U
11 4 0 6 D
11 5 4 9 U
11 6 3 0 L
11 7 6 0 L
11 8 5 4 R
11 9 4 1 L
11 10 4 2 L
11 11 0 7 D
12 0 9 7 D
12 1 3 9 U
12 2 16 7 D
12 3 2 10 U
12 4 7 4 R
12 5 3 9 U
12 6 14 0 L
12 7 5 5 R
12 8 1 8 D
12 9 13 6 D
12 10 7 1 L
12 11 13 11 U
13 0 12 6 D
13 2 4 11 U
13 3 6 9 U
13 4 11 6 D
13 5 6 5 R
13 6 9 3 R
13 7 6 1 L
13 8 8 8 D
13 9 0 7 D
13 10 10 6 D
14 0 10 10 U
14 1 15 6 D
14 2 13 9 U
14 3 3 11 U
14 4 10 4 R
14 5 11 1 L
14 6 2 6 D
14 7 9 5 R
14 8 13 8 D
14 9 4 9 U
14 10 2 10 U
14 11 13 11 U
15 0 1 7 D
15 2 2 2 L
15 3 10 0 L
15 6 4 2 L
15 8 14 8 D
15 9 12 9 U
15 10 16 10 U
16 0 6 9 U
16 2 3 2 L
16 3 1 10 U
16 6 3 2 L
16 9 6 3 R
17 0 1 0 L
17 6 2 0 L
17 9 13 3 R

