8 8 54
5 0 0 0 0 4 0 0 0 0 0 0
5 0 3 4 6 0 0 0 0 0 0 0
0 0 1 0 0 6 0 0 0 0 2 0
0 0 0 0 0 0 6 0 0 0 5 0
0 0 0 0 0 0 7 0 0 0 0 0
0 0 0 0 0 0 0 0 0 0 0 0
0 0 0 0 0 0 0 0 0 0 0 0
0 0 3 4 0 0 0 0 0 0 3 4
0 0 0 0 0 0 0 0 0 0 0 0
0 0 0 0 0 0 3 0 0 0 6 0
0 0 0 0 3 0 0 0 0 0 5 0
4 0 0 0 6 3 4 0 0 0 0 0
0 0 0 0 R
0 1 0 1 R
0 2 0 2 U
0 3 0 3 U
0 4 0 4 D
0 5 0 5 D
0 6 0 6 L
0 7 0 7 L
1 0 5 5 D
1 1 0 2 U
1 2 4 0 R
1 3 3 3 U
1 4 4 4 D
1 5 4 7 L
1 6 0 2 U
1 7 2 3 U
2 0 0 4 D
2 1 5 3 U
2 2 0 7 L
2 3 3 6 L
2 4 0 2 U
2 5 1 5 D
2 6 4 4 D
2 7 0 5 D
3 0 2 5 D
3 1 6 1 R
3 2 0 6 L
3 3 5 0 R
3 4 4 0 R
3 5 1 0 R
3 6 2 2 U
3 7 5 7 L
4 0 0 6 L
4 1 2 3 U
4 2 0 0 R
4 3 1 3 U
4 4 0 6 L
4 5 2 3 U
4 6 0 4 D
4 7 5 7 L
5 0 4 0 R
5 2 4 6 L
5 3 2 0 R
5 4 1 6 L
5 5 0 1 R
5 6 4 0 R
5 7 2 0 R
6 0 3 4 D
6 2 3 7 L
6 3 0 4 D
6 4 1 1 R
6 5 5 1 R
6 6 3 5 D
7 5 6 5 D

