23 18 355
14 0 0 0 0 0 0 0 0 5 20 0 0 0 14 0
0 0 12 9 9 20 0 0 10 0 16 0 13 0 0 4
9 1 0 0 0 0 17 0 0 0 13 0 0 22 0 21
5 19 0 0 0 0 20 0 0 0 11 21 9 0 0 2
0 0 0 13 2 6 3 5 8 21 0 22 0 3 0 2
0 11 0 0 0 9 0 10 0 16 21 0 0 0 16 8
3 17 0 0 0 0 0 15 0 0 0 0 2 0 0 20
2 0 0 17 16 8 0 0 19 21 17 14 0 9 0 0
0 0 19 0 13 19 3 0 0 0 0 6 0 1 0 19
0 0 3 12 0 0 1 0 0 0 1 0 0 17 19 0
12 0 0 8 6 5 0 4 0 5 2 0 4 0 9 21
1 1 0 0 0 17 16 9 22 0 0 0 0 0 0 22
15 0 7 8 7 11 0 0 0 0 2 0 3 13 13 20
11 0 0 0 18 0 0 0 8 0 0 13 0 0 0 19
3 0 0 0 0 4 0 0 0 2 7 1 10 0 0 18
4 0 0 0 9 0 0 0 0 0 6 10 0 0 0 20
0 0 0 0 D
0 1 0 1 D
0 2 0 2 D
0 3 0 3 D
0 4 0 4 R
0 5 0 5 R
0 6 0 6 R
0 7 0 7 R
0 8 0 8 R
0 9 0 9 U
0 10 0 10 U
0 11 0 11 U
0 12 0 12 U
0 13 0 13 L
0 14 0 14 L
0 15 0 15 L
0 16 0 16 L
0 17 0 17 L
1 0 0 8 R
1 1 8 1 D
1 2 5 5 R
1 3 4 3 D
1 4 13 1 D
1 5 0 10 U
1 6 3 12 U
1 7 18 10 U
1 8 15 8 R
1 9 0 4 R
1 10 0 13 L
1 11 2 11 U
1 12 8 13 L
1 13 10 0 D
1 14 0 0 D
1 15 2 15 L
1 16 6 9 U
1 17 12 17 L
2 0 14 6 R
2 1 4 1 D
2 2 1 2 D
2 3 3 3 D
2 4 0 2 D
2 5 18 9 U
2 6 0 14 L
2 7 4 12 U
2 9 1 14 L
2 10 9 16 L
2 11 12 13 L
2 12 7 12 U
2 13 0 4 R
2 14 5 14 L
2 15 6 15 L
2 16 5 16 L
2 17 8 17 L
3 0 15 13 L
3 1 16 14 L
3 2 9 2 D
3 3 2 3 D
3 4 9 2 D
3 5 5 2 D
3 6 4 14 L
3 7 0 9 U
3 8 1 11 U
3 9 13 15 L
3 10 11 10 U
3 11 1 11 U
3 12 2 12 U
3 13 5 9 U
3 14 15 10 U
3 15 1 12 U
3 16 9 11 U
3 17 4 11 U
4 0 19 13 L
4 1 1 1 D
4 2 0 15 L
4 3 2 16 L
4 4 5 3 D
4 5 13 0 D
4 6 2 11 U
4 7 14 9 U
4 8 3 3 D
4 9 0 0 D
4 10 9 10 U
4 11 2 14 L
4 12 2 13 L
4 13 1 11 U
4 14 18 9 U
4 15 0 0 D
4 16 9 10 U
4 17 5 17 L
5 0 0 9 U
5 1 9 4 R
5 2 16 7 R
5 3 0 15 L
5 4 0 3 D
5 5 7 5 R
5 6 7 11 U
5 7 8 7 R
5 8 10 8 R
5 9 6 5 R
5 10 6 13 L
5 11 0 8 R
5 12 14 6 R
5 13 8 7 R
5 14 0 10 U
5 15 11 15 L
5 16 6 16 L
5 17 8 17 L
6 0 0 5 R
6 1 0 14 L
6 2 11 11 U
6 3 3 13 L
6 4 4 2 D
6 5 5 5 R
6 6 0 9 U
6 7 2 7 R
6 8 8 8 R
6 9 0 14 L
6 10 8 15 L
6 11 0 0 D
6 12 8 8 R
6 13 0 9 U
6 14 0 11 U
6 15 3 10 U
6 16 10 7 R
6 17 19 17 L
7 0 0 10 U
7 1 4 10 U
7 2 3 13 L
7 3 4 3 D
7 4 6 11 U
7 5 0 12 U
7 6 15 6 R
7 7 15 7 R
7 8 0 16 L
7 9 6 14 L
7 10 0 2 D
7 11 0 5 R
7 12 16 15 L
7 13 15 4 R
7 14 0 2 D
7 15 0 1 D
7 16 5 10 U
7 17 5 17 L
8 0 0 12 U
8 1 4 1 D
8 2 14 2 D
8 3 18 3 D
8 4 1 9 U
8 5 7 5 R
8 6 1 6 R
8 7 2 7 R
8 9 12 16 L
8 10 2 10 U
8 11 10 17 L
8 12 13 12 U
8 13 6 13 L
8 14 15 14 L
8 15 0 10 U
8 16 0 7 R
8 17 0 6 R
9 0 0 4 R
9 1 0 7 R
9 2 3 2 D
9 3 12 14 L
9 4 0 1 D
9 5 10 3 D
9 6 14 6 R
9 7 0 14 L
9 9 1 1 D
9 10 3 15 L
9 11 10 11 U
9 12 1 15 L
9 13 3 1 D
9 14 1 11 U
9 15 2 9 U
9 16 0 11 U
9 17 8 11 U
10 0 12 11 U
10 1 13 1 D
10 2 15 4 R
10 3 1 3 D
10 4 4 4 R
10 5 1 0 D
10 6 11 1 D
10 7 14 3 D
10 9 2 9 U
10 10 0 6 R
10 11 7 17 L
10 12 2 12 U
10 13 0 2 D
10 14 0 5 R
10 15 13 4 R
10 16 5 16 L
10 17 19 17 L
11 0 13 9 U
11 1 9 16 L
11 2 2 2 D
11 3 16 16 L
11 4 3 4 R
11 5 8 5 R
11 6 12 6 R
11 9 2 14 L
11 10 2 13 L
11 11 15 6 R
11 12 10 12 U
11 13 17 13 L
11 14 1 10 U
11 15 2 15 L
11 16 2 16 L
11 17 6 17 L
12 0 11 0 D
12 1 8 5 R
12 2 7 16 L
12 3 14 13 L
12 4 0 0 D
12 5 2 12 U
12 6 5 6 R
12 7 3 7 R
12 8 0 11 U
12 9 17 13 L
12 10 6 6 R
12 11 11 8 R
12 12 13 13 L
12 13 16 13 L
12 14 16 12 U
12 15 0 5 R
12 16 6 16 L
12 17 16 9 U
13 0 1 0 D
13 1 8 1 D
13 2 1 2 D
13 3 9 3 D
13 4 1 3 D
13 5 4 1 D
13 6 2 12 U
13 7 8 0 D
13 9 3 3 D
13 10 12 14 L
13 11 12 16 L
13 12 9 0 D
13 13 20 11 U
13 14 10 5 R
13 15 2 11 U
13 16 17 6 R
13 17 9 17 L
14 0 3 0 D
14 1 2 17 L
14 2 9 2 D
14 3 4 3 D
14 4 11 9 U
14 5 17 5 R
14 6 7 6 R
14 7 11 7 R
14 9 18 9 U
14 10 1 14 L
14 11 0 1 D
14 13 7 2 D
14 14 1 0 D
14 15 15 6 R
14 16 10 2 D
15 0 8 7 R
15 1 0 4 R
15 2 3 2 D
15 3 2 3 D
15 4 10 0 D
15 5 0 13 L
15 6 5 6 R
15 9 7 6 R
15 10 12 6 R
15 11 0 16 L
15 13 13 4 R
15 14 18 0 D
15 15 5 15 L
15 16 12 16 L
16 0 17 16 L
16 1 2 14 L
16 2 0 6 R
16 3 3 7 R
16 4 7 4 R
16 5 1 11 U
16 6 11 10 U
16 7 2 10 U
16 8 3 10 U
16 9 2 15 L
16 10 5 14 L
16 11 6 11 U
16 13 1 2 D
16 14 20 14 L
16 16 1 16 L
17 0 0 13 L
17 1 7 5 R
17 2 12 9 U
17 3 19 17 L
17 4 16 4 R
17 5 5 1 D
17 6 15 3 D
17 7 3 10 U
17 9 8 9 U
17 10 0 15 L
17 11 16 17 L
17 13 18 2 D
17 14 0 6 R
17 15 18 0 D
17 16 6 0 D
18 0 21 14 L
18 1 5 1 D
18 2 8 15 L
18 3 6 3 D
18 4 1 2 D
18 5 14 1 D
18 6 2 2 D
18 7 5 10 U
18 9 0 7 R
18 10 2 10 U
18 11 7 7 R
18 13 7 1 D
18 14 2 14 L
18 15 15 9 U
18 16 7 16 L
19 0 20 0 D
19 1 18 13 L
19 2 20 2 D
19 3 20 3 D
19 4 12 9 U
19 5 15 13 L
19 6 13 10 U
19 10 18 13 L
19 11 12 11 U
19 13 14 0 D
19 14 3 10 U
19 15 5 15 L
19 16 2 16 L
20 0 19 0 D
20 2 6 17 L
20 3 1 3 D
20 4 10 1 D
20 5 6 9 U
20 6 17 0 D
20 9 2 4 R
20 10 17 10 U
20 11 17 15 L
20 13 1 13 L
20 14 2 2 D
20 15 9 15 L
21 0 17 0 D
21 2 12 5 R
21 3 2 3 D
21 4 15 3 D
21 5 8 10 U
21 6 16 12 U
21 14 20 2 D
22 0 6 14 L
22 2 16 5 R
22 4 3 4 R
22 5 8 0 D

