7 4 26
0 0 0 3 2 3 0 0 0 1 0 0 0 0 0 1 0
0 0 0 0 0 0 0 0 0 0 0 0 0 0 0 0 0
0 3 0 0 0 0 0 0 0 0 0 0 0 0 0 2 0
0 0 0 0 0 0 0 3 0 0 4 0 0 0 0 2 0
0 0 0 0 0 0 0 0 0 0 0 0 0 0 0 0 0
3 0 0 6 0 0 0 0 0 0 0 0 0 0 5 0 0
0 2 0 0 0 0 0 0 0 0 0 0 0 1 0 0 0
0 3 0 0 0 0 0 0 0 0 0 2 0 0 0 0 0
0 0 0 0 0 0 0 0 0 0 0 0 0 0 0 0 0
0 0 0 0 6 0 0 0 0 0 0 0 0 0 0 0 3
1 0 0 0 0 0 0 0 0 0 0 0 0 0 5 0 0
0 0 0 0 0 0 0 0 0 0 0 0 0 0 0 0 0
0 0 0 0 0 0 0 0 0 0 0 0 0 0 0 0 0
0 0 0 0 0 0 0 0 0 0 0 0 0 0 0 0 0
3 1 0 0 5 0 0 1 0 0 0 3 0 0 0 0 0
2 0 0 4 0 1 0 0 0 2 2 0 0 0 0 4 0
0 0 0 0 1 0 0 0 0 0 0 0 0 1 0 0 0
0 0 0 0 R
0 1 0 1 U
0 2 0 2 D
0 3 0 3 L
1 0 0 1 U
1 1 0 3 L
1 2 0 0 R
1 3 1 1 U
2 0 0 2 D
2 1 0 2 D
2 2 1 3 L
2 3 0 1 U
3 0 0 3 L
3 1 0 0 R
3 2 0 3 L
3 3 0 2 D
4 0 3 2 D
4 1 3 0 R
4 2 2 3 L
4 3 1 3 L
5 0 1 1 U
5 1 1 3 L
5 2 2 0 R
5 3 2 1 U
6 2 4 2 D
6 3 5 3 L

