27 20 508
1 20 23 5 0 0 22 21 6 15 0 0 6 0 3 14
14 0 0 23 22 0 0 23 0 0 24 0 21 0 25 16
14 0 0 0 0 6 13 21 0 14 0 14 18 2 0 10
0 21 12 0 19 19 21 20 9 0 0 15 0 6 0 16
0 22 13 24 4 25 0 0 19 0 10 0 20 0 0 24
6 0 11 23 19 0 16 3 18 0 0 7 0 2 21 0
13 18 19 0 19 3 22 0 0 0 22 25 25 0 0 25
9 22 16 0 12 0 24 25 0 23 23 0 0 20 25 19
10 9 5 21 0 0 0 24 16 15 0 14 0 13 12 11
8 0 3 24 21 2 17 0 17 0 0 8 20 0 6 14
21 22 0 25 2 24 0 0 0 18 23 10 18 0 0 0
0 0 11 0 25 19 14 23 0 23 0 0 22 20 0 21
10 0 24 8 12 18 0 0 0 14 0 0 0 18 0 20
3 0 0 12 23 0 0 19 15 22 3 21 20 21 8 12
0 13 25 0 0 0 0 25 19 15 18 0 0 0 17 16
14 22 22 21 2 20 0 26 0 0 23 0 24 4 9 1
0 0 0 0 R
0 1 0 1 R
0 2 0 2 R
0 3 0 3 R
0 4 0 4 R
0 5 0 5 U
0 6 0 6 U
0 7 0 7 U
0 8 0 8 U
0 9 0 9 U
0 10 0 10 D
0 11 0 11 D
0 12 0 12 D
0 13 0 13 D
0 14 0 14 D
0 15 0 15 L
0 16 0 16 L
0 17 0 17 L
0 18 0 18 L
0 19 0 19 L
1 0 0 15 L
1 1 0 16 L
1 2 0 13 D
1 3 0 5 U
1 4 0 7 U
1 5 0 0 R
1 6 1 0 R
1 7 0 11 D
1 8 0 2 R
1 9 0 13 D
1 10 0 5 U
1 11 0 6 U
1 12 0 1 R
1 13 0 17 L
1 14 1 1 R
1 15 0 10 D
1 16 0 7 U
1 17 0 5 U
1 18 0 8 U
1 19 0 14 D
2 0 0 5 U
2 1 1 8 U
2 2 1 2 R
2 3 1 3 R
2 4 0 12 D
2 5 0 16 L
2 6 2 6 U
2 7 2 7 U
2 8 0 18 L
2 9 1 9 U
2 10 1 10 D
2 11 0 0 R
2 12 0 18 L
2 13 1 13 D
2 14 2 14 D
2 15 2 11 D
2 16 0 12 D
2 17 1 17 L
2 18 2 12 D
2 19 1 19 L
3 0 0 10 D
3 1 0 11 D
3 2 0 12 D
3 3 2 3 R
3 4 5 4 R
3 5 0 19 L
3 6 1 16 L
3 7 1 19 L
3 8 0 0 R
3 9 1 2 R
3 10 0 3 R
3 11 0 15 L
3 12 0 5 U
3 13 0 8 U
3 14 0 6 U
3 15 0 9 U
3 16 0 2 R
3 17 0 10 D
3 18 3 18 L
3 19 2 19 L
4 0 0 19 L
4 1 3 5 U
4 2 0 11 D
4 3 3 3 R
4 4 4 4 R
4 5 3 5 U
4 6 0 1 R
4 7 0 14 D
4 8 2 8 U
4 9 0 16 L
4 10 4 10 D
4 11 4 19 L
4 12 5 12 D
4 13 0 16 L
4 14 0 4 R
4 15 3 10 D
4 16 0 8 U
4 17 4 17 L
4 18 0 13 D
4 19 0 6 U
5 0 0 9 U
5 1 5 1 R
5 2 3 2 R
5 3 4 13 D
5 4 0 18 L
5 5 0 15 L
5 6 0 4 R
5 7 6 15 L
5 8 7 8 U
5 9 4 9 U
5 10 2 10 D
5 11 2 3 R
5 12 2 6 U
5 13 1 3 R
5 14 0 19 L
5 15 3 11 D
5 16 8 16 L
5 17 3 17 L
5 18 5 18 L
5 19 0 10 D
6 0 3 12 D
6 1 7 8 U
6 2 2 19 L
6 3 0 17 L
6 4 3 4 R
6 5 1 5 U
6 6 4 3 R
6 7 0 10 D
6 8 8 16 L
6 9 9 9 U
6 10 2 3 R
6 11 1 4 R
6 12 0 2 R
6 13 5 3 R
6 14 0 15 L
6 15 1 14 D
6 16 7 16 L
6 17 6 17 L
6 18 4 18 L
6 19 3 19 L
7 0 8 5 U
7 1 0 13 D
7 2 6 2 R
7 3 0 18 L
7 4 6 4 R
7 5 2 19 L
7 6 3 6 U
7 7 8 7 U
7 8 2 0 R
7 9 9 3 R
7 10 3 8 U
7 11 4 11 D
7 12 4 0 R
7 13 7 13 D
7 14 7 14 D
7 15 2 7 U
7 16 6 14 D
7 17 5 4 R
7 18 0 11 D
7 19 0 0 R
8 0 8 14 D
8 1 6 8 U
8 2 2 7 U
8 3 7 3 R
8 4 3 6 U
8 5 2 4 R
8 6 0 18 L
8 7 0 19 L
8 8 8 8 U
8 9 8 9 U
8 10 0 18 L
8 11 6 11 D
8 12 7 12 D
8 13 4 13 D
8 14 6 2 R
8 15 7 5 U
8 16 12 9 U
8 17 1 5 U
8 18 1 6 U
8 19 2 12 D
9 0 7 13 D
9 1 11 8 U
9 2 0 6 U
9 3 4 12 D
9 4 2 4 R
9 5 7 5 U
9 6 0 0 R
9 7 5 7 U
9 8 8 1 R
9 9 11 9 U
9 10 5 6 U
9 11 0 8 U
9 12 6 12 D
9 13 8 13 D
9 14 10 17 L
9 15 8 10 D
9 16 15 16 L
9 17 2 17 L
9 18 5 12 D
9 19 6 19 L
10 0 2 5 U
10 1 9 12 D
10 2 0 15 L
10 3 0 14 D
10 4 10 8 U
10 5 2 18 L
10 6 10 0 R
10 7 4 11 D
10 8 8 15 L
10 9 5 0 R
10 10 5 19 L
10 11 3 15 L
10 12 6 7 U
10 13 4 1 R
10 14 10 14 D
10 15 0 1 R
10 16 17 8 U
10 17 7 17 L
10 18 8 8 U
10 19 8 0 R
11 0 3 0 R
11 1 0 19 L
11 2 9 2 R
11 3 8 3 R
11 4 0 9 U
11 5 8 0 R
11 6 9 2 R
11 7 10 7 U
11 8 0 10 D
11 9 0 3 R
11 10 8 19 L
11 11 9 15 L
11 12 8 9 U
11 13 3 13 D
11 14 11 14 D
11 15 1 11 D
11 16 15 6 U
11 17 9 17 L
11 18 12 18 L
11 19 23 19 L
12 0 11 7 U
12 1 17 1 R
12 2 2 5 U
12 3 5 10 D
12 4 10 4 R
12 5 1 13 D
12 6 9 6 U
12 7 10 15 L
12 8 15 8 U
12 9 7 9 U
12 10 11 5 U
12 11 12 15 L
12 12 13 12 D
12 13 4 17 L
12 14 13 0 R
12 15 14 5 U
12 16 4 5 U
12 17 5 17 L
12 18 11 18 L
12 19 22 19 L
13 0 13 0 R
13 1 16 1 R
13 2 13 2 R
13 3 6 3 R
13 4 6 10 D
13 5 11 4 R
13 6 12 1 R
13 7 11 7 U
13 8 6 8 U
13 9 5 9 U
13 10 12 10 D
13 11 12 11 D
13 12 9 12 D
13 13 7 18 L
13 14 14 14 D
13 15 4 7 U
13 16 9 10 D
13 17 8 17 L
13 18 10 18 L
13 19 19 19 L
14 0 11 0 R
14 1 15 1 R
14 2 15 2 R
14 3 16 3 R
14 4 7 13 D
14 5 7 12 D
14 6 16 15 L
14 7 9 1 R
14 8 1 4 R
14 9 9 15 L
14 10 8 0 R
14 11 13 11 D
14 12 4 12 D
14 13 2 13 D
14 14 15 14 D
14 15 11 15 L
14 16 13 16 L
14 17 12 13 D
14 18 11 3 R
14 19 12 19 L
15 0 2 9 U
15 1 14 1 R
15 2 17 2 R
15 3 11 3 R
15 4 14 4 R
15 5 2 15 L
15 6 5 4 R
15 7 9 7 U
15 8 10 8 U
15 9 15 16 L
15 10 8 1 R
15 11 5 11 D
15 12 4 3 R
15 13 6 13 D
15 14 14 5 U
15 15 9 8 U
15 16 9 16 L
15 17 8 11 D
15 18 17 18 L
15 19 16 19 L
16 0 8 9 U
16 1 13 1 R
16 2 12 2 R
16 3 11 12 D
16 4 8 9 U
16 5 0 17 L
16 6 13 18 L
16 7 0 13 D
16 8 6 11 D
16 9 12 9 U
16 10 3 16 L
16 11 2 19 L
16 12 9 4 R
16 13 9 13 D
16 14 16 14 D
16 15 10 14 D
16 16 11 8 U
16 17 4 8 U
16 18 11 6 U
16 19 20 19 L
17 0 2 14 D
17 1 12 1 R
17 2 0 8 U
17 3 4 3 R
17 4 16 4 R
17 5 16 13 D
17 6 13 6 U
17 7 23 7 U
17 8 14 8 U
17 9 6 9 U
17 10 16 2 R
17 11 4 17 L
17 12 11 12 D
17 13 12 0 R
17 14 0 0 R
17 15 12 14 D
17 16 16 16 L
17 17 0 11 D
17 18 20 18 L
17 19 9 19 L
18 0 19 5 U
18 1 23 16 L
18 2 14 6 U
18 3 4 10 D
18 4 18 4 R
18 5 16 18 L
18 6 16 6 U
18 7 18 7 U
18 8 17 3 R
18 9 4 3 R
18 10 17 10 D
18 11 16 3 R
18 12 14 15 L
18 13 18 13 D
18 14 14 16 L
18 15 15 9 U
18 16 12 16 L
18 17 17 17 L
18 18 1 14 D
18 19 19 8 U
19 0 12 11 D
19 1 19 15 L
19 2 18 2 R
19 3 19 3 R
19 4 17 4 R
19 5 21 5 U
19 6 5 6 U
19 7 19 7 U
19 8 16 8 U
19 9 0 15 L
19 10 20 16 L
19 11 9 11 D
19 12 17 12 D
19 13 16 13 D
19 14 9 14 D
19 15 9 0 R
19 16 12 6 U
19 17 15 17 L
19 18 16 18 L
20 0 19 13 D
20 1 25 1 R
20 2 15 6 U
20 3 0 6 U
20 4 15 4 R
20 5 17 5 U
20 6 6 6 U
20 7 16 2 R
20 8 16 12 D
20 9 13 9 U
20 10 19 10 D
20 11 20 11 D
20 12 10 12 D
20 13 13 13 D
20 14 12 14 D
20 15 13 9 U
20 16 18 5 U
20 17 19 17 L
20 18 21 18 L
21 0 10 0 R
21 1 21 1 R
21 2 14 11 D
21 3 20 3 R
21 4 6 16 L
21 5 20 5 U
21 6 4 17 L
21 7 17 7 U
21 8 12 8 U
21 9 18 16 L
21 10 2 16 L
21 11 19 11 D
21 12 15 12 D
21 13 17 2 R
21 14 15 6 U
21 15 18 10 D
21 16 17 16 L
21 17 13 0 R
21 18 14 18 L
22 0 9 0 R
22 1 20 1 R
22 2 20 2 R
22 3 0 19 L
22 4 21 4 R
22 5 20 15 L
22 6 14 18 L
22 7 13 7 U
22 8 25 19 L
22 9 19 1 R
22 10 0 1 R
22 11 22 15 L
22 12 24 16 L
22 13 0 0 R
22 14 21 0 R
22 15 22 7 U
22 16 15 10 D
22 17 24 17 L
22 18 15 14 D
23 0 23 7 U
23 1 11 1 R
23 2 14 2 R
23 3 13 3 R
23 4 20 4 R
23 5 13 4 R
23 6 25 16 L
23 7 22 1 R
23 8 17 2 R
23 9 18 9 U
23 10 8 10 D
23 11 7 11 D
23 12 24 12 D
23 13 5 13 D
23 14 24 14 D
23 15 22 14 D
23 16 18 16 L
23 17 14 17 L
23 18 18 18 L
24 0 10 9 U
24 1 18 1 R
24 3 18 3 R
24 4 0 10 D
24 5 20 1 R
24 6 24 6 U
24 7 20 7 U
24 8 3 8 U
24 9 23 1 R
24 10 12 16 L
24 11 21 17 L
24 12 22 12 D
24 14 23 14 D
24 15 16 10 D
24 16 20 0 R
24 17 20 17 L
24 18 22 11 D
25 0 17 5 U
25 1 22 11 D
25 3 9 3 R
25 5 22 3 R
25 6 24 17 L
25 7 17 15 L
25 8 23 8 U
25 9 22 18 L
25 10 20 15 L
25 11 20 18 L
25 12 21 12 D
25 15 6 6 U
25 16 19 9 U
25 17 21 17 L
25 18 25 9 U
26 0 1 9 U

