13 13 132
0 0 0 0 0 0 12 0 2 0 0 6 0
3 2 0 0 0 0 0 0 10 0 3 0 6
0 0 0 0 10 0 0 0 9 0 0 4 0
0 0 0 0 1 0 0 0 2 0 1 2 0
0 0 0 0 6 0 0 0 0 0 0 5 0
0 0 0 0 6 0 0 0 12 0 0 0 0
0 0 0 0 1 11 0 0 0 0 3 11 0
0 0 0 0 0 0 0 0 0 0 0 0 0
0 0 0 0 0 0 0 0 0 0 0 0 0
0 0 0 0 0 0 0 0 0 0 0 0 0
4 10 3 0 0 0 0 0 10 0 0 1 0
0 0 0 0 0 0 0 0 0 0 0 10 4
0 0 0 0 10 9 0 0 0 0 4 11 3
0 0 0 0 U
0 1 0 1 U
0 2 0 2 U
0 3 0 3 U
0 4 0 4 R
0 5 0 5 R
0 6 0 6 R
0 7 0 7 D
0 8 0 8 D
0 9 0 9 D
0 10 0 10 L
0 11 0 11 L
0 12 0 12 L
1 0 2 11 L
1 1 4 10 L
1 2 2 2 U
1 3 8 12 L
1 4 7 0 U
1 5 3 5 R
1 6 5 1 U
1 7 4 7 D
1 8 0 4 R
1 9 3 9 D
1 10 0 8 D
1 11 2 2 U
1 12 3 12 L
2 0 8 6 R
2 1 6 11 L
2 2 3 12 L
2 3 3 11 L
2 4 1 8 D
2 5 4 7 D
2 6 0 9 D
2 7 4 4 R
2 8 5 8 D
2 9 10 5 R
2 10 4 9 D
2 11 6 8 D
2 12 10 12 L
3 0 0 12 L
3 1 1 1 U
3 2 2 6 R
3 3 2 3 U
3 4 0 10 L
3 5 6 5 R
3 6 0 11 L
3 7 6 7 D
3 8 9 8 D
3 9 5 5 R
3 10 5 8 D
3 11 7 7 D
3 12 5 8 D
4 0 2 10 L
4 1 5 4 R
4 2 6 2 U
4 3 1 11 L
4 4 2 7 D
4 5 9 0 U
4 6 7 3 U
4 7 0 3 U
4 8 5 0 U
4 9 6 4 R
4 10 0 2 U
4 11 5 2 U
5 0 3 4 R
5 1 3 1 U
5 2 0 11 L
5 4 6 1 U
5 5 2 9 D
5 6 8 1 U
5 7 0 0 U
5 8 9 10 L
5 9 0 10 L
5 10 8 7 D
5 11 3 1 U
5 12 2 1 U
6 0 0 8 D
6 1 3 5 R
6 2 1 2 U
6 3 4 5 R
6 4 0 8 D
6 5 0 9 D
6 6 7 6 R
6 7 3 11 L
6 8 5 6 R
6 9 7 9 D
6 10 0 0 U
6 11 1 11 L
6 12 3 2 U
7 0 0 5 R
7 1 3 1 U
7 2 1 6 R
7 4 0 7 D
7 5 0 3 U
7 7 1 10 L
7 8 5 10 L
7 9 8 1 U
7 10 3 7 D
7 11 1 8 D
8 0 9 4 R
8 1 7 4 R
8 2 2 4 R
8 4 5 7 D
8 5 0 7 D
8 7 5 10 L
8 8 1 10 L
8 9 0 5 R
8 10 9 0 U
8 11 6 4 R
9 0 4 10 L
9 2 10 6 R
9 4 8 0 U
9 7 7 6 R
9 8 0 11 L
9 9 10 0 U
9 11 2 9 D
10 0 8 12 L
10 2 11 4 R
10 4 5 4 R
10 7 8 4 R
10 8 4 0 U
10 9 11 5 R
10 10 8 9 D
10 11 11 1 U
11 0 8 11 L
11 7 1 4 R
11 8 4 2 U
11 9 3 9 D
11 10 9 7 D
11 11 0 3 U
12 8 1 8 D
12 11 0 4 R

