12 13 134
9 0 8 0 0 0 0 0 4 0 0 9 8 0 3 3 9 5
0 0 4 0 0 0 4 0 6 0 0 0 9 0 0 0 0 0
0 0 0 3 3 8 0 6 0 0 9 0 0 1 0 0 8 0
0 2 0 0 0 0 4 5 0 0 0 0 0 0 0 0 0 10
0 0 1 0 0 0 0 2 7 0 0 0 0 0 0 0 5 6
1 0 0 0 0 0 0 0 0 0 0 0 0 5 0 0 0 0
10 0 7 0 0 0 6 0 0 7 0 0 0 0 0 6 0 8
0 5 9 3 0 4 0 0 10 9 1 7 0 0 0 7 0 0
1 0 0 0 0 8 0 0 0 0 0 0 0 0 1 0 9 7
5 0 0 0 4 0 3 11 0 0 0 0 0 0 0 0 10 4
5 0 0 0 0 10 11 0 0 0 0 5 0 1 0 0 0 0
0 0 0 6 0 3 0 0 8 1 0 0 10 0 3 0 0 0
0 10 8 0 0 0 0 0 1 0 0 0 2 0 0 0 3 0
0 0 2 0 0 0 1 0 0 0 1 11 0 0 0 1 0 0
0 2 0 1 8 0 0 0 5 7 0 0 6 0 0 0 0 1
9 0 0 11 0 0 0 0 0 0 0 0 0 9 0 0 0 6
0 7 0 0 0 1 0 7 10 0 0 0 3 0 1 7 0 3
2 0 0 0 0 0 0 4 3 6 0 0 0 0 0 4 0 0
0 0 0 0 U
0 1 0 1 U
0 2 0 2 U
0 3 0 3 U
0 4 0 4 R
0 5 0 5 R
0 6 0 6 R
0 7 0 7 D
0 8 0 8 D
0 9 0 9 D
0 10 0 10 L
0 11 0 11 L
0 12 0 12 L
1 0 6 5 R
1 1 7 1 U
1 2 4 2 U
1 3 10 11 L
1 4 0 12 L
1 5 6 5 R
1 6 3 6 R
1 7 0 12 L
1 8 4 8 D
1 9 5 9 D
1 10 0 9 D
1 11 0 1 U
1 12 2 12 L
2 0 3 10 L
2 1 0 7 D
2 2 7 6 R
2 4 1 0 U
2 5 1 5 R
2 6 0 0 U
2 7 7 7 D
2 8 7 8 D
2 9 0 6 R
2 10 3 4 R
2 11 3 2 U
2 12 0 6 R
3 0 0 4 R
3 1 0 5 R
3 2 0 12 L
3 4 0 7 D
3 5 1 12 L
3 6 1 6 R
3 7 6 4 R
3 8 0 11 L
3 9 0 1 U
3 10 6 9 D
3 11 2 11 L
3 12 5 7 D
4 0 5 12 L
4 1 0 11 L
4 2 0 8 D
4 3 2 3 U
4 4 1 1 U
4 5 0 9 D
4 6 0 11 L
4 7 0 10 L
4 8 2 10 L
4 9 1 0 U
4 10 3 0 U
4 11 0 8 D
4 12 1 12 L
5 0 0 10 L
5 1 9 1 U
5 2 1 2 U
5 4 0 10 L
5 5 0 8 D
5 6 4 8 D
5 7 1 6 R
5 8 6 4 R
5 9 2 11 L
5 10 0 7 D
5 11 0 6 R
5 12 0 9 D
6 0 2 11 L
6 1 4 1 U
6 2 1 2 U
6 4 0 1 U
6 5 1 5 R
6 6 1 6 R
6 7 3 7 D
6 8 0 4 R
6 9 5 9 D
6 10 3 10 L
6 11 7 11 L
6 12 0 2 U
7 0 6 11 L
7 1 0 6 R
7 2 5 2 U
7 4 2 2 U
7 5 0 2 U
7 6 4 6 R
7 7 0 5 R
7 8 2 8 D
7 9 1 9 D
7 10 0 0 U
7 11 6 4 R
7 12 4 0 U
8 0 4 5 R
8 1 6 1 U
8 2 7 2 U
8 4 6 4 R
8 5 6 8 D
8 7 6 7 D
8 8 3 6 R
8 10 2 2 U
8 11 0 4 R
8 12 6 9 D
9 0 2 9 D
9 1 3 6 R
9 2 0 9 D
9 4 3 4 R
9 5 3 7 D
9 7 0 4 R
9 8 0 2 U
9 9 8 11 L
9 10 5 10 L
9 11 0 5 R
9 12 3 12 L
10 0 11 0 U
10 1 7 1 U
10 2 0 10 L
10 4 3 8 D
10 5 7 7 D
10 8 9 3 U
10 10 3 10 L
10 11 5 11 L
10 12 7 6 R
11 0 9 0 U
11 4 1 4 R
11 9 8 9 D
11 10 7 10 L
11 11 2 11 L

