17 16 242
13 0 0 0 6 7 11 4 0 0 7
0 10 0 0 5 0 7 15 0 7 4
13 0 0 0 10 7 0 10 12 0 0
0 14 0 0 3 0 15 0 0 0 0
1 2 15 8 0 0 0 0 0 0 0
0 0 0 10 0 0 0 13 0 6 7
0 0 0 15 0 0 0 0 13 8 0
15 8 0 8 14 0 0 0 0 0 12
0 0 0 0 0 0 0 0 0 0 0
0 0 0 0 16 0 0 0 14 0 0
9 13 14 12 0 0 0 0 0 15 13
0 0 0 0 U
0 1 0 1 U
0 2 0 2 U
0 3 0 3 U
0 4 0 4 R
0 5 0 5 R
0 6 0 6 R
0 7 0 7 R
0 8 0 8 D
0 9 0 9 D
0 10 0 10 D
0 11 0 11 D
0 12 0 12 L
0 13 0 13 L
0 14 0 14 L
0 15 0 15 L
1 0 4 12 L
1 1 5 5 R
1 2 5 13 L
1 3 0 15 L
1 4 0 12 L
1 5 2 9 D
1 6 13 2 U
1 7 7 7 R
1 8 0 6 R
1 9 3 13 L
1 10 9 10 D
1 11 4 13 L
1 12 3 1 U
1 13 3 8 D
1 14 11 1 U
1 15 8 1 U
2 0 0 12 L
2 1 4 4 R
2 2 4 5 R
2 3 0 12 L
2 4 6 4 R
2 5 4 5 R
2 6 11 1 U
2 7 4 7 R
2 8 4 5 R
2 9 5 7 R
2 10 8 6 R
2 11 0 7 R
2 12 0 8 D
2 13 9 0 U
2 14 10 2 U
2 15 13 0 U
3 0 0 13 L
3 1 5 1 U
3 2 0 11 D
3 3 9 4 R
3 4 1 8 D
3 5 4 8 D
3 6 4 10 D
3 7 7 3 U
3 8 2 4 R
3 9 5 5 R
3 10 1 7 R
3 11 7 13 L
3 12 2 0 U
3 13 5 9 D
3 14 2 14 L
3 15 13 15 L
4 0 3 15 L
4 1 5 14 L
4 2 3 14 L
4 3 1 7 R
4 4 5 0 U
4 5 7 8 D
4 6 15 9 D
4 7 3 15 L
4 8 6 8 D
4 9 0 0 U
4 10 8 10 D
4 11 8 5 R
4 12 2 12 L
4 13 1 13 L
4 14 2 10 D
4 15 2 15 L
5 0 0 4 R
5 1 7 7 R
5 2 6 2 U
5 3 1 3 U
5 4 7 10 D
5 5 13 10 D
5 6 4 2 U
5 7 1 8 D
5 8 4 13 L
5 9 2 9 D
5 10 10 13 L
5 11 8 14 L
5 12 3 8 D
5 13 12 9 D
5 14 0 9 D
5 15 8 3 U
6 0 12 5 R
6 1 3 4 R
6 2 9 10 D
6 3 8 14 L
6 4 3 12 L
6 5 14 11 D
6 6 3 6 R
6 7 3 7 R
6 8 3 4 R
6 9 9 15 L
6 10 14 10 D
6 11 8 11 D
6 12 1 12 L
6 13 1 13 L
6 14 9 14 L
6 15 0 11 D
7 0 8 13 L
7 1 3 15 L
7 2 10 12 L
7 3 16 9 D
7 4 0 15 L
7 5 12 5 R
7 6 0 1 U
7 7 0 13 L
7 8 10 8 D
7 9 1 2 U
7 10 5 10 D
7 11 1 11 D
7 12 10 12 L
7 13 12 10 D
7 14 6 14 L
7 15 1 15 L
8 0 9 6 R
8 1 4 15 L
8 2 5 2 U
8 3 5 15 L
8 4 11 11 D
8 5 7 3 U
8 6 0 3 U
8 7 2 10 D
8 8 1 4 R
8 9 9 9 D
8 10 3 5 R
8 11 10 11 D
8 12 9 4 R
8 13 0 0 U
8 14 9 14 L
8 15 15 8 D
9 0 12 0 U
9 1 2 12 L
9 2 7 2 U
9 3 0 11 D
9 4 4 4 R
9 5 8 1 U
9 6 6 6 R
9 7 7 11 D
9 8 4 12 L
9 9 5 12 L
9 10 8 12 L
9 11 4 7 R
9 12 11 10 D
9 13 14 0 U
9 14 0 6 R
9 15 15 2 U
10 0 6 4 R
10 1 9 1 U
10 2 7 5 R
10 3 6 3 U
10 4 9 4 R
10 5 11 5 R
10 6 0 2 U
10 7 9 9 D
10 8 11 6 R
10 9 5 14 L
10 10 13 7 R
10 11 0 15 L
10 12 0 4 R
10 13 6 11 D
10 14 9 6 R
10 15 3 1 U
11 0 1 14 L
11 1 9 13 L
11 2 2 4 R
11 4 0 11 D
11 5 14 3 U
11 6 14 6 R
11 7 7 8 D
11 8 2 5 R
11 9 0 13 L
11 10 7 14 L
11 11 1 6 R
11 12 10 5 R
11 13 9 13 L
11 14 12 0 U
11 15 2 9 D
12 0 1 5 R
12 1 1 12 L
12 2 3 2 U
12 4 14 1 U
12 5 0 14 L
12 6 11 8 D
12 7 16 3 U
12 8 10 6 R
12 9 11 1 U
12 10 10 14 L
12 11 13 12 L
12 12 8 4 R
12 13 13 13 L
12 14 11 7 R
12 15 1 11 D
13 0 1 8 D
13 1 14 4 R
13 2 12 14 L
13 4 14 3 U
13 5 11 5 R
13 6 7 6 R
13 8 1 7 R
13 9 0 2 U
13 10 2 13 L
13 11 2 6 R
13 12 10 12 L
13 14 12 4 R
13 15 11 15 L
14 0 8 7 R
14 2 9 2 U
14 5 10 13 L
14 6 10 10 D
14 9 12 1 U
14 10 12 2 U
14 11 1 7 R
14 12 13 9 D
14 14 13 0 U
14 15 2 15 L
15 0 0 6 R
15 2 5 2 U
15 3 11 14 L
15 5 14 13 L
15 9 3 0 U
15 10 5 14 L
15 11 12 12 L
15 12 12 5 R
15 14 5 5 R
15 15 13 15 L
16 0 11 0 U
16 2 4 2 U
16 9 4 15 L

