31 22 564
0 9 2 14 8 29 0 15 28 25 18 21 0 14
21 0 24 19 29 0 27 27 19 8 25 0 9 0
23 0 17 27 5 26 0 11 0 0 24 10 25 1
0 9 0 0 26 0 0 0 7 0 0 0 0 19
29 16 0 27 8 0 28 14 27 25 8 20 0 0
21 23 1 1 15 3 0 0 26 0 18 0 0 0
1 27 15 28 28 0 19 15 20 8 7 28 13 1
0 25 0 27 25 1 15 22 13 0 0 0 0 0
0 27 24 28 27 0 0 29 13 0 0 0 24 24
25 19 0 0 0 0 22 23 27 0 7 21 3 16
28 0 0 8 0 5 0 27 0 29 11 18 15 12
1 0 7 17 24 0 0 0 0 0 0 0 0 28
11 24 0 28 23 0 11 0 0 0 0 0 17 17
28 0 0 0 0 0 2 0 0 0 0 29 6 21
0 0 0 0 U
0 1 0 1 U
0 2 0 2 U
0 3 0 3 U
0 4 0 4 U
0 5 0 5 U
0 6 0 6 R
0 7 0 7 R
0 8 0 8 R
0 9 0 9 R
0 10 0 10 R
0 11 0 11 R
0 12 0 12 D
0 13 0 13 D
0 14 0 14 D
0 15 0 15 D
0 16 0 16 D
0 17 0 17 L
0 18 0 18 L
0 19 0 19 L
0 20 0 20 L
0 21 0 21 L
1 0 0 17 L
1 1 0 13 D
1 2 9 7 R
1 3 8 3 U
1 4 3 4 U
1 5 3 21 L
1 6 10 3 U
1 7 6 1 U
1 8 16 21 L
1 9 6 9 R
1 10 4 15 D
1 11 16 1 U
1 12 0 10 R
1 13 5 13 D
1 14 2 14 D
1 15 9 18 L
1 16 3 16 D
1 17 0 2 U
1 18 23 2 U
1 19 16 19 L
1 20 24 4 U
1 21 6 21 L
2 0 0 6 R
2 1 15 21 L
2 2 0 15 D
2 3 0 20 L
2 4 0 14 D
2 5 19 15 D
2 6 20 15 D
2 7 0 1 U
2 8 1 13 D
2 9 7 9 R
2 11 5 11 R
2 12 25 6 R
2 13 12 19 L
2 14 18 0 U
2 15 26 20 L
2 16 4 16 D
2 17 5 2 U
2 18 0 1 U
2 19 6 19 L
2 20 4 20 L
2 21 0 13 D
3 0 15 10 R
3 1 0 19 L
3 2 11 21 L
3 3 1 3 U
3 4 2 4 U
3 6 18 16 D
3 7 10 7 R
3 8 8 0 U
3 9 16 0 U
3 11 0 18 L
3 12 14 12 D
3 13 4 13 D
3 14 0 19 L
3 15 1 15 D
3 16 4 19 L
3 17 13 17 L
3 18 10 12 D
3 19 0 3 U
3 20 0 15 D
3 21 22 2 U
4 0 14 12 D
4 1 17 6 R
4 2 0 18 L
4 3 12 11 R
4 4 5 4 U
4 6 9 12 D
4 7 7 7 R
4 8 16 15 D
4 9 6 9 R
4 10 7 14 D
4 11 2 11 R
4 12 0 17 L
4 13 9 19 L
4 14 17 21 L
4 15 5 15 D
4 16 3 11 R
4 17 0 0 U
4 18 2 1 U
4 19 8 1 U
4 20 2 3 U
4 21 22 21 L
5 0 4 21 L
5 1 3 1 U
5 2 15 8 R
5 3 6 3 U
5 4 8 18 L
5 5 3 5 U
5 6 0 14 D
5 7 0 3 U
5 8 6 8 R
5 9 1 9 R
5 11 1 11 R
5 12 7 17 L
5 13 3 13 D
5 14 16 7 R
5 15 0 18 L
5 16 8 16 D
5 17 3 3 U
5 18 0 4 U
5 19 15 16 D
5 20 24 20 L
5 21 10 21 L
6 0 4 0 U
6 1 0 6 R
6 2 17 19 L
6 3 15 6 R
6 4 15 7 R
6 6 4 6 R
6 7 2 7 R
6 8 1 8 R
6 9 2 9 R
6 11 7 11 R
6 12 12 19 L
6 13 5 6 R
6 14 10 20 L
6 15 18 6 R
6 16 8 8 R
6 17 10 12 D
6 18 2 18 L
6 19 9 19 L
6 20 20 1 U
6 21 10 21 L
7 0 14 15 D
7 1 5 21 L
7 2 12 2 U
7 3 8 11 R
7 4 15 4 U
7 6 20 2 U
7 7 6 7 R
7 8 1 8 R
7 9 10 9 R
7 11 3 11 R
7 12 16 11 R
7 13 22 13 D
7 14 13 17 L
7 15 12 15 D
7 16 5 16 D
7 17 17 15 D
7 18 21 13 D
7 19 13 3 U
7 20 17 13 D
7 21 24 1 U
8 0 3 0 U
8 1 1 1 U
8 2 5 16 D
8 3 24 3 U
8 4 1 12 D
8 6 18 1 U
8 7 11 14 D
8 8 27 0 U
8 9 4 3 U
8 10 2 10 R
8 11 13 13 D
8 12 6 20 L
8 13 0 7 R
8 14 11 14 D
8 15 6 9 R
8 16 11 16 D
8 17 3 13 D
8 18 4 2 U
8 19 1 13 D
8 20 1 20 L
8 21 1 21 L
9 0 6 20 L
9 1 12 1 U
9 2 17 7 R
9 3 0 12 D
9 4 17 17 L
9 6 16 12 D
9 7 0 5 U
9 8 0 2 U
9 9 23 12 D
9 10 13 0 U
9 11 8 4 U
9 12 10 17 L
9 13 25 1 U
9 14 2 14 D
9 15 0 21 L
9 16 21 6 R
9 17 18 0 U
9 18 5 18 L
9 19 12 15 D
9 20 0 14 D
9 21 2 3 U
10 0 16 8 R
10 1 8 1 U
10 2 14 6 R
10 3 16 7 R
10 4 12 4 U
10 6 4 0 U
10 7 18 20 L
10 8 21 1 U
10 9 1 1 U
10 11 18 2 U
10 12 3 20 L
10 13 13 7 R
10 14 0 9 R
10 15 22 15 D
10 16 1 7 R
10 17 8 2 U
10 18 13 4 U
10 19 7 19 L
10 20 3 20 L
10 21 20 13 D
11 0 17 6 R
11 1 2 6 R
11 2 10 11 R
11 3 0 16 D
11 4 3 4 U
11 6 0 17 L
11 7 16 12 D
11 8 23 8 R
11 9 19 16 D
11 11 10 11 R
11 12 15 18 L
11 13 8 13 D
11 14 3 11 R
11 15 3 15 D
11 16 0 0 U
11 17 22 12 D
11 18 3 15 D
11 19 21 14 D
11 20 0 1 U
11 21 1 1 U
12 0 1 8 R
12 1 7 18 L
12 2 8 2 U
12 3 15 3 U
12 4 23 19 L
12 6 21 17 L
12 7 6 18 L
12 8 1 3 U
12 9 4 13 D
12 11 0 19 L
12 12 10 9 R
12 13 7 13 D
12 14 4 14 D
12 15 1 15 D
12 16 1 16 D
12 17 2 16 D
12 18 7 18 L
12 19 26 19 L
12 20 9 3 U
12 21 13 14 D
13 0 16 0 U
13 1 19 17 L
13 2 15 12 D
13 3 3 20 L
13 4 0 18 L
13 6 19 13 D
13 7 19 7 R
13 8 6 8 R
13 9 0 16 D
13 11 1 4 U
13 12 4 20 L
13 13 7 6 R
13 14 14 9 R
13 15 5 15 D
13 16 6 8 R
13 17 2 17 L
13 18 22 1 U
13 19 0 8 R
13 20 20 20 L
13 21 6 21 L
14 0 15 12 D
14 1 19 13 D
14 2 6 6 R
14 3 21 20 L
14 4 9 8 R
14 6 8 1 U
14 7 3 7 R
14 8 1 8 R
14 9 13 9 R
14 10 9 10 R
14 11 6 11 R
14 12 9 7 R
14 13 18 7 R
14 14 4 21 L
14 15 15 15 D
14 16 5 16 D
14 17 6 14 D
14 18 18 18 L
14 19 9 12 D
14 20 3 20 L
14 21 18 21 L
15 0 4 0 U
15 1 22 8 R
15 2 22 2 U
15 3 13 20 L
15 4 9 9 R
15 6 0 12 D
15 7 0 13 D
15 8 22 18 L
15 9 3 2 U
15 11 6 11 R
15 12 1 17 L
15 13 9 13 D
15 14 3 14 D
15 15 3 7 R
15 16 12 16 D
15 17 0 12 D
15 18 0 5 U
15 19 11 8 R
15 20 23 10 R
15 21 16 6 R
16 0 18 18 L
16 1 25 17 L
16 2 4 2 U
16 3 0 11 R
16 4 9 4 U
16 6 6 2 U
16 7 0 0 U
16 8 0 17 L
16 9 1 9 R
16 10 11 13 D
16 11 19 11 R
16 12 13 12 D
16 13 3 6 R
16 14 4 9 R
16 15 6 17 L
16 16 10 16 D
16 17 1 14 D
16 18 9 0 U
16 19 17 0 U
16 20 1 12 D
16 21 3 12 D
17 0 20 7 R
17 1 0 7 R
17 2 15 16 D
17 3 10 3 U
17 4 0 9 R
17 6 0 3 U
17 7 0 15 D
17 8 2 21 L
17 9 6 9 R
17 11 4 21 L
17 12 9 6 R
17 13 20 8 R
17 14 16 8 R
17 15 10 11 R
17 16 8 17 L
17 17 2 7 R
17 18 0 13 D
17 19 10 4 U
17 20 3 20 L
17 21 13 21 L
18 0 5 11 R
18 1 0 16 D
18 2 1 19 L
18 3 1 3 U
18 4 4 4 U
18 6 16 13 D
18 7 21 12 D
18 8 14 8 R
18 9 2 14 D
18 10 1 17 L
18 11 1 11 R
18 12 6 8 R
18 13 16 18 L
18 14 7 20 L
18 15 5 20 L
18 16 14 20 L
18 17 14 2 U
18 18 21 18 L
18 19 7 2 U
18 20 8 4 U
18 21 13 6 R
19 0 1 15 D
19 1 9 20 L
19 2 6 9 R
19 3 1 3 U
19 4 5 12 D
19 6 17 14 D
19 7 5 7 R
19 8 2 14 D
19 9 6 9 R
19 11 7 0 U
19 12 18 8 R
19 13 13 11 R
19 14 7 14 D
19 16 5 16 D
19 17 20 16 D
19 18 2 18 L
19 19 27 7 R
19 20 17 14 D
19 21 0 16 D
20 0 7 0 U
20 1 22 1 U
20 2 2 18 L
20 3 10 3 U
20 4 4 4 U
20 6 19 19 L
20 7 26 1 U
20 8 4 8 R
20 9 23 9 R
20 11 5 0 U
20 12 5 9 R
20 13 0 8 R
20 14 18 4 U
20 16 6 11 R
20 17 3 4 U
20 18 2 13 D
20 19 2 13 D
20 20 13 20 L
20 21 3 1 U
21 0 26 17 L
21 1 9 14 D
21 3 2 9 R
21 6 0 2 U
21 7 10 17 L
21 8 12 19 L
21 9 8 17 L
21 11 8 1 U
21 12 14 21 L
21 13 18 6 R
21 14 18 6 R
21 15 24 8 R
21 16 23 7 R
21 17 18 6 R
21 18 23 15 D
21 19 0 1 U
21 20 13 20 L
22 0 2 0 U
22 1 3 15 D
22 2 2 17 L
22 3 2 3 U
22 4 1 4 U
22 6 21 18 L
22 7 25 2 U
22 8 14 4 U
22 9 26 9 R
22 11 3 0 U
22 12 24 21 L
22 13 25 0 U
22 14 14 14 D
22 15 17 10 R
22 16 12 8 R
22 17 14 13 D
22 18 1 4 U
22 19 13 16 D
22 20 14 20 L
22 21 9 21 L
23 0 9 18 L
23 1 7 1 U
23 2 17 2 U
23 3 11 3 U
23 6 7 6 R
23 7 0 20 L
23 8 14 8 R
23 9 13 9 R
23 11 6 11 R
23 12 1 9 R
23 13 1 13 D
23 14 2 14 D
23 16 18 7 R
23 17 1 17 L
23 18 20 3 U
23 19 8 19 L
23 20 1 20 L
24 0 12 21 L
24 1 6 18 L
24 3 16 13 D
24 6 22 0 U
24 7 23 7 R
24 8 13 8 R
24 9 20 9 R
24 11 6 11 R
24 12 17 1 U
24 13 5 18 L
24 14 15 14 D
24 15 8 6 R
24 16 26 16 D
24 17 17 17 L
24 18 19 1 U
24 19 16 19 L
24 20 18 20 L
24 21 15 2 U
25 0 5 12 D
25 1 16 9 R
25 3 0 14 D
25 6 17 6 R
25 7 15 4 U
25 8 13 19 L
25 9 9 3 U
25 11 19 3 U
25 12 26 6 R
25 13 0 6 R
25 14 7 14 D
25 16 15 16 D
25 17 28 0 U
25 18 15 11 R
25 20 5 14 D
26 0 24 19 L
26 1 1 1 U
26 3 15 3 U
26 6 3 12 D
26 7 23 12 D
26 8 2 8 R
26 11 4 11 R
26 12 24 18 L
26 13 30 6 R
26 14 1 14 D
26 16 12 16 D
26 17 7 17 L
26 18 19 0 U
26 20 7 20 L
27 0 14 0 U
27 1 26 12 D
27 3 0 7 R
27 6 17 6 R
27 7 24 7 R
27 11 26 11 R
27 12 29 19 L
27 13 15 20 L
27 14 2 14 D
27 16 7 16 D
27 17 14 14 D
27 18 21 6 R
27 20 11 20 L
28 1 8 1 U
28 3 4 3 U
28 6 15 17 L
28 7 13 13 D
28 11 8 11 R
28 12 30 17 L
28 14 1 14 D
28 16 7 16 D
28 17 19 7 R
28 18 4 3 U
28 20 10 8 R
29 1 5 11 R
29 3 6 7 R
29 6 22 17 L
29 7 26 0 U
29 14 18 20 L
29 17 27 17 L
29 20 24 16 D
30 7 27 0 U
30 17 12 12 D

