36 50 1584
1 6 1 8 0 26 25 22 0 0 2 25 0 32 31 3 24 1
15 23 29 23 1 8 16 32 0 0 23 1 0 0 30 0 32 3
18 29 2 27 29 28 13 24 0 8 32 5 8 24 31 5 26 21
20 21 20 32 0 0 27 33 0 25 24 4 25 24 0 22 29 23
18 32 32 34 0 35 0 0 0 0 9 31 0 34 32 33 25 18
16 25 29 0 15 0 23 26 12 18 29 22 18 0 26 0 7 20
24 8 23 0 3 0 22 0 0 24 31 24 2 0 0 24 2 24
34 3 0 26 0 0 0 0 0 31 0 30 15 0 0 34 2 30
33 0 0 32 0 33 26 26 11 0 30 0 28 0 0 0 7 16
0 27 0 25 0 28 26 27 14 0 0 21 0 33 16 32 29 13
0 0 0 12 20 0 0 6 0 20 14 25 12 24 5 11 14 3
0 28 32 7 29 9 0 28 0 26 14 0 0 32 12 7 13 0
32 29 30 0 31 0 26 32 0 30 5 19 23 30 23 15 0 16
34 32 28 32 0 3 0 22 0 0 27 0 26 25 0 22 17 25
0 0 32 0 0 0 0 0 0 0 30 3 23 0 0 30 0 6
33 0 0 0 0 0 0 0 0 0 33 0 0 0 0 31 30 30
30 0 0 28 0 25 0 24 12 6 0 0 10 0 0 23 0 3
27 30 31 23 14 0 0 0 3 0 18 15 14 17 0 16 29 13
0 0 0 0 L
0 1 0 1 L
0 2 0 2 L
0 3 0 3 L
0 4 0 4 L
0 5 0 5 L
0 6 0 6 L
0 7 0 7 L
0 8 0 8 L
0 9 0 9 L
0 10 0 10 L
0 11 0 11 L
0 12 0 12 R
0 13 0 13 R
0 14 0 14 R
0 15 0 15 R
0 16 0 16 R
0 17 0 17 R
0 18 0 18 R
0 19 0 19 R
0 20 0 20 R
0 21 0 21 R
0 22 0 22 R
0 23 0 23 R
0 24 0 24 R
0 25 0 25 R
0 26 0 26 D
0 27 0 27 D
0 28 0 28 D
0 29 0 29 D
0 30 0 30 D
0 31 0 31 D
0 32 0 32 D
0 33 0 33 D
0 34 0 34 D
0 35 0 35 D
0 36 0 36 D
0 37 0 37 D
0 38 0 38 U
0 39 0 39 U
0 40 0 40 U
0 41 0 41 U
0 42 0 42 U
0 43 0 43 U
0 44 0 44 U
0 45 0 45 U
0 46 0 46 U
0 47 0 47 U
0 48 0 48 U
0 49 0 49 U
1 0 0 26 D
1 1 0 38 U
1 2 0 39 U
1 3 0 28 D
1 4 0 28 D
1 5 3 31 D
1 6 1 32 D
1 7 1 42 U
1 8 5 33 D
1 9 2 36 D
1 10 4 47 U
1 11 8 28 D
1 12 0 27 D
1 13 0 2 L
1 14 1 26 D
1 15 1 39 U
1 16 0 2 L
1 17 0 39 U
1 18 0 30 D
1 19 4 26 D
1 20 0 26 D
1 21 3 45 U
1 22 1 45 U
1 23 0 10 L
1 24 3 26 D
1 25 1 39 U
1 26 0 12 R
1 27 0 1 L
1 28 1 13 R
1 29 2 13 R
1 30 0 13 R
1 31 2 17 R
1 32 1 17 R
1 33 4 18 R
1 34 1 13 R
1 35 1 21 R
1 36 1 22 R
1 37 4 22 R
1 38 0 0 L
1 39 0 12 R
1 40 0 14 R
1 41 2 15 R
1 42 3 13 R
1 43 3 12 R
1 44 1 18 R
1 45 1 20 R
1 46 3 19 R
1 47 0 7 L
1 48 4 25 R
1 49 1 27 D
2 0 0 40 U
2 1 2 27 D
2 2 0 41 U
2 3 1 3 L
2 4 3 4 L
2 5 1 5 L
2 6 3 6 L
2 7 5 7 L
2 8 4 8 L
2 9 0 36 D
2 10 5 10 L
2 11 10 11 L
2 12 0 38 U
2 13 0 0 L
2 14 1 14 R
2 15 0 2 L
2 16 4 16 R
2 17 3 17 R
2 18 3 18 R
2 19 4 19 R
2 20 2 20 R
2 21 2 34 D
2 22 0 47 U
2 23 4 23 R
2 24 4 24 R
2 25 2 25 R
2 26 1 12 R
2 27 2 13 R
2 28 2 15 R
2 29 2 29 D
2 30 1 30 D
2 31 3 31 D
2 32 1 32 D
2 33 4 33 D
2 34 2 34 D
2 35 2 35 D
2 36 4 36 D
2 37 3 37 D
2 38 0 3 L
2 39 0 27 D
2 40 1 40 U
2 41 2 41 U
2 42 3 42 U
2 43 4 43 U
2 44 4 44 U
2 45 5 45 U
2 46 2 46 U
2 47 3 22 R
2 48 6 48 U
2 49 4 49 U
3 0 0 29 D
3 1 2 42 U
3 2 1 2 L
3 3 2 30 D
3 4 3 38 U
3 5 2 5 L
3 6 2 6 L
3 7 4 35 D
3 8 1 8 L
3 9 1 30 D
3 10 4 10 L
3 11 9 11 L
3 12 0 26 D
3 13 0 39 U
3 14 0 3 L
3 15 3 15 R
3 16 3 40 U
3 17 4 17 R
3 18 2 18 R
3 19 2 19 R
3 20 5 20 R
3 21 5 46 U
3 22 3 22 R
3 23 3 23 R
3 24 5 24 R
3 25 1 25 R
3 26 2 1 L
3 27 3 1 L
3 28 4 28 D
3 29 1 29 D
3 30 3 30 D
3 31 4 31 D
3 32 4 32 D
3 33 5 33 D
3 34 1 34 D
3 35 5 35 D
3 36 3 36 D
3 37 6 37 D
3 38 4 13 R
3 39 0 4 L
3 40 4 14 R
3 41 1 16 R
3 42 2 42 U
3 43 2 43 U
3 44 3 44 U
3 45 4 45 U
3 46 3 46 U
3 47 2 47 U
3 48 4 5 L
3 49 7 49 U
4 0 2 0 L
4 1 3 38 U
4 2 1 29 D
4 3 2 3 L
4 4 2 44 U
4 5 4 5 L
4 6 1 33 D
4 7 2 47 U
4 8 3 8 L
4 9 6 9 L
4 10 3 10 L
4 11 8 11 L
4 12 0 43 U
4 13 4 4 L
4 14 2 14 R
4 15 1 15 R
4 16 4 29 D
4 17 3 41 U
4 18 3 1 L
4 19 3 19 R
4 20 0 5 L
4 21 2 47 U
4 22 0 38 U
4 23 2 23 R
4 24 6 24 R
4 25 5 25 R
4 26 0 0 L
4 27 3 27 D
4 28 3 28 D
4 29 2 4 L
4 30 2 30 D
4 31 1 31 D
4 32 3 32 D
4 33 5 17 R
4 34 5 34 D
4 35 3 35 D
4 36 1 9 L
4 37 4 37 D
4 38 4 16 R
4 39 0 5 L
4 40 0 16 R
4 41 5 6 L
4 42 0 12 R
4 43 1 43 U
4 44 0 28 D
4 45 5 20 R
4 46 5 46 U
4 47 3 47 U
4 48 1 48 U
4 49 6 49 U
5 0 1 41 U
5 1 4 1 L
5 2 2 34 D
5 3 0 45 U
5 4 3 39 U
5 5 0 33 D
5 6 4 45 U
5 7 3 7 L
5 8 2 8 L
5 9 4 31 D
5 10 5 31 D
5 11 3 11 L
5 12 0 29 D
5 13 4 38 U
5 14 0 39 U
5 15 4 2 L
5 16 0 30 D
5 17 2 4 L
5 18 5 18 R
5 19 5 38 U
5 20 4 46 U
5 21 4 21 R
5 22 5 22 R
5 23 1 23 R
5 24 3 29 D
5 25 3 32 D
5 26 0 2 L
5 27 1 6 L
5 28 4 19 R
5 29 0 4 L
5 30 4 7 L
5 31 3 15 R
5 32 2 32 D
5 33 5 20 R
5 34 5 6 L
5 35 1 35 D
5 36 5 36 D
5 37 2 37 D
5 38 3 16 R
5 39 4 19 R
5 40 2 40 U
5 41 2 5 L
5 42 4 42 U
5 43 1 8 L
5 44 5 44 U
5 45 3 21 R
5 46 5 21 R
5 47 1 9 L
5 48 3 14 R
5 49 8 18 R
6 0 0 43 U
6 1 2 48 U
6 2 0 48 U
6 3 5 37 D
6 4 2 46 U
6 5 5 28 D
6 6 9 47 U
6 7 6 7 L
6 8 8 8 L
6 9 2 9 L
6 10 6 10 L
6 11 7 11 L
6 12 4 42 U
6 13 6 40 U
6 14 3 33 D
6 15 0 48 U
6 16 0 34 D
6 17 0 41 U
6 18 0 27 D
6 19 0 2 L
6 20 10 41 U
6 21 13 8 L
6 22 6 22 R
6 23 5 23 R
6 24 1 24 R
6 25 3 25 R
6 26 1 3 L
6 27 5 1 L
6 28 0 18 R
6 29 5 4 L
6 30 2 25 R
6 31 0 9 L
6 32 0 0 L
6 33 4 16 R
6 34 0 2 L
6 35 6 17 R
6 36 1 19 R
6 37 7 3 L
6 38 0 2 L
6 39 5 7 L
6 40 6 24 R
6 41 6 4 L
6 42 5 23 R
6 43 5 9 L
6 44 1 12 R
6 45 0 32 D
6 46 0 15 R
6 47 8 19 R
6 48 10 16 R
6 49 17 19 R
7 0 6 36 D
7 1 4 28 D
7 2 5 35 D
7 3 6 26 D
7 4 0 15 R
7 5 8 27 D
7 6 9 6 L
7 7 7 46 U
7 8 7 8 L
7 9 26 29 D
7 10 5 26 D
7 11 10 33 D
7 12 0 1 L
7 13 4 39 U
7 14 2 8 L
7 15 0 33 D
7 16 6 30 D
7 17 8 17 R
7 18 8 4 L
7 19 7 49 U
7 20 10 20 R
7 21 17 21 R
7 22 2 22 R
7 23 10 39 U
7 24 7 24 R
7 25 5 28 D
7 26 6 0 L
7 27 6 1 L
7 28 2 49 U
7 29 7 12 R
7 30 7 16 R
7 31 3 12 R
7 32 3 24 R
7 33 2 2 L
7 34 8 13 R
7 35 8 35 D
7 36 6 36 D
7 37 9 4 L
7 38 2 0 L
7 39 7 19 R
7 40 6 1 L
7 41 0 8 L
7 42 7 42 U
7 43 1 19 R
7 44 5 3 L
7 45 9 45 U
7 46 7 24 R
7 47 7 47 U
7 48 8 48 U
7 49 16 49 U
8 0 0 44 U
8 1 8 42 U
8 2 2 32 D
8 3 6 3 L
8 4 7 35 D
8 5 8 5 L
8 6 7 48 U
8 7 8 30 D
8 8 7 42 U
8 9 20 9 L
8 10 8 10 L
8 11 2 11 L
8 12 6 26 D
8 13 7 28 D
8 14 7 14 R
8 15 9 15 R
8 16 0 40 U
8 17 6 44 U
8 18 9 18 R
8 19 0 34 D
8 20 6 20 R
8 21 15 21 R
8 22 7 22 R
8 23 6 23 R
8 24 5 27 D
8 25 4 25 R
8 26 5 22 R
8 27 8 22 R
8 28 3 40 U
8 29 1 10 L
8 30 7 30 D
8 31 7 31 D
8 32 9 2 L
8 33 7 33 D
8 34 8 34 D
8 35 7 35 D
8 36 3 1 L
8 37 9 37 D
8 38 0 32 D
8 39 8 39 U
8 40 9 3 L
8 41 8 15 R
8 42 5 17 R
8 43 7 23 R
8 44 6 44 U
8 45 10 45 U
8 46 7 46 U
8 47 7 12 R
8 48 9 48 U
8 49 15 49 U
9 0 8 36 D
9 1 9 39 U
9 2 9 2 L
9 3 8 41 U
9 4 8 37 D
9 5 9 5 L
9 6 14 49 U
9 7 8 31 D
9 8 3 29 D
9 9 30 9 L
9 10 9 10 L
9 11 12 37 D
9 12 4 0 L
9 13 7 40 U
9 14 6 14 R
9 15 3 37 D
9 16 9 26 D
9 17 9 17 R
9 18 8 5 L
9 19 5 43 U
9 20 9 20 R
9 21 16 21 R
9 22 9 4 L
9 23 9 23 R
9 24 4 27 D
9 26 7 42 U
9 27 9 46 U
9 28 9 13 R
9 29 10 13 R
9 30 0 15 R
9 31 10 3 L
9 32 9 32 D
9 33 2 16 R
9 34 6 6 L
9 35 8 16 R
9 36 7 36 D
9 37 3 19 R
9 38 7 14 R
9 39 9 12 R
9 40 8 40 U
9 41 9 41 U
9 42 8 1 L
9 43 10 43 U
9 44 3 22 R
9 45 8 22 R
9 46 0 18 R
9 47 9 47 U
9 48 13 15 R
9 49 17 49 U
10 0 6 47 U
10 1 0 43 U
10 2 9 37 D
10 3 10 39 U
10 4 8 45 U
10 5 2 40 U
10 6 15 6 L
10 7 10 7 L
10 8 6 8 L
10 9 22 9 L
10 10 13 38 U
10 11 13 11 L
10 12 7 43 U
10 13 6 2 L
10 14 0 1 L
10 15 0 35 D
10 16 9 45 U
10 17 0 28 D
10 18 10 30 D
10 19 3 31 D
10 20 7 26 D
10 21 16 43 U
10 22 5 44 U
10 23 8 23 R
10 24 8 24 R
10 26 3 0 L
10 27 2 10 L
10 28 0 14 R
10 29 9 29 D
10 30 8 24 R
10 31 10 19 R
10 32 7 25 R
10 33 0 42 U
10 34 6 7 L
10 35 7 11 L
10 36 7 19 R
10 37 8 37 D
10 38 8 11 L
10 39 9 18 R
10 40 0 34 D
10 41 10 20 R
10 42 0 20 R
10 43 7 8 L
10 44 1 15 R
10 45 6 45 U
10 46 9 17 R
10 47 10 47 U
10 48 12 48 U
10 49 12 13 R
11 0 10 35 D
11 1 11 38 U
11 2 13 47 U
11 3 11 46 U
11 4 10 36 D
11 5 12 27 D
11 6 16 36 D
11 7 14 29 D
11 8 10 26 D
11 9 31 9 L
11 10 13 10 L
11 11 11 11 L
11 12 9 38 U
11 13 11 1 L
11 14 3 29 D
11 15 11 30 D
11 16 2 30 D
11 17 8 43 U
11 18 0 6 L
11 19 12 45 U
11 20 0 40 U
11 21 14 21 R
11 22 14 35 D
11 23 9 39 U
11 24 0 45 U
11 26 8 0 L
11 27 10 20 R
11 28 1 8 L
11 29 7 6 L
11 30 5 18 R
11 31 11 13 R
11 32 12 13 R
11 33 13 13 R
11 34 12 1 L
11 35 10 12 R
11 36 11 16 R
11 37 8 40 U
11 38 5 0 L
11 39 11 15 R
11 40 12 23 R
11 41 10 8 L
11 42 13 17 R
11 43 8 17 R
11 44 13 12 R
11 45 11 5 L
11 46 12 46 U
11 47 13 14 R
11 48 11 48 U
11 49 14 49 U
12 0 10 41 U
12 1 7 40 U
12 2 13 48 U
12 3 11 3 L
12 4 12 4 L
12 5 12 5 L
12 6 16 34 D
12 7 12 7 L
12 8 11 32 D
12 10 12 29 D
12 11 3 27 D
12 12 9 1 L
12 13 1 28 D
12 14 10 27 D
12 15 12 15 R
12 16 2 39 U
12 17 4 3 L
12 18 5 42 U
12 19 17 28 D
12 20 10 34 D
12 21 18 21 R
12 22 13 22 R
12 23 12 23 R
12 24 15 24 R
12 26 5 12 R
12 27 11 12 R
12 28 4 17 R
12 29 12 20 R
12 30 12 30 D
12 31 10 31 D
12 32 12 32 D
12 33 12 33 D
12 34 11 34 D
12 35 6 35 D
12 36 10 36 D
12 37 13 37 D
12 38 11 14 R
12 39 12 39 U
12 40 7 40 U
12 41 12 17 R
12 42 13 42 U
12 43 12 4 L
12 44 12 44 U
12 45 12 45 U
12 46 11 46 U
12 47 12 47 U
12 48 14 15 R
12 49 2 49 U
13 0 11 31 D
13 1 13 33 D
13 2 9 36 D
13 3 12 44 U
13 4 11 48 U
13 5 11 26 D
13 6 14 6 L
13 7 11 7 L
13 8 9 34 D
13 10 16 10 L
13 11 14 11 L
13 12 7 42 U
13 13 12 29 D
13 14 13 38 U
13 15 11 15 R
13 16 13 32 D
13 17 13 28 D
13 18 12 18 R
13 19 13 29 D
13 20 8 26 D
13 21 16 28 D
13 22 0 42 U
13 23 0 4 L
13 24 13 24 R
13 26 12 0 L
13 27 12 4 L
13 28 12 14 R
13 29 10 8 L
13 30 12 2 L
13 31 12 31 D
13 32 12 16 R
13 33 11 33 D
13 34 13 23 R
13 35 0 44 U
13 36 6 11 L
13 37 14 14 R
13 38 10 29 D
13 39 5 16 R
13 40 13 2 L
13 41 11 7 L
13 42 10 3 L
13 43 15 18 R
13 44 11 44 U
13 45 8 10 L
13 46 12 5 L
13 47 11 47 U
13 48 14 48 U
13 49 8 17 R
14 0 14 46 U
14 1 12 47 U
14 2 13 37 D
14 3 11 39 U
14 4 8 43 U
14 5 14 28 D
14 6 16 6 L
14 7 9 38 U
14 8 17 33 D
14 10 15 10 L
14 11 14 39 U
14 12 9 40 U
14 13 10 13 R
14 14 13 1 L
14 15 14 41 U
14 16 13 34 D
14 17 12 33 D
14 18 15 18 R
14 19 13 30 D
14 20 7 20 R
14 21 11 49 U
14 22 12 34 D
14 23 14 23 R
14 24 21 40 U
14 26 0 3 L
14 27 11 20 R
14 28 5 11 L
14 29 11 2 L
14 30 8 12 R
14 31 13 13 R
14 32 17 18 R
14 33 9 20 R
14 34 6 22 R
14 35 14 35 D
14 36 9 20 R
14 37 14 37 D
14 38 0 33 D
14 39 14 17 R
14 40 9 22 R
14 41 11 22 R
14 42 5 42 U
14 43 15 43 U
14 44 14 44 U
14 45 8 45 U
14 46 13 22 R
14 47 12 12 R
14 48 13 48 U
14 49 18 49 U
15 0 3 37 D
15 1 5 44 U
15 2 17 27 D
15 3 14 26 D
15 4 16 42 U
15 5 17 5 L
15 6 13 31 D
15 7 11 48 U
15 8 17 8 L
15 10 9 26 D
15 11 13 39 U
15 12 11 44 U
15 13 12 38 U
15 14 7 47 U
15 15 13 10 L
15 16 11 16 R
15 17 16 38 U
15 18 15 2 L
15 19 17 19 R
15 20 7 6 L
15 21 21 21 R
15 22 15 33 D
15 23 0 1 L
15 24 19 24 R
15 26 14 0 L
15 27 17 15 R
15 28 15 4 L
15 29 11 11 L
15 30 15 19 R
15 31 14 31 D
15 32 15 32 D
15 33 16 13 R
15 34 15 6 L
15 35 14 13 R
15 36 9 36 D
15 37 10 16 R
15 38 0 11 L
15 39 16 12 R
15 40 13 7 L
15 41 17 14 R
15 42 13 1 L
15 43 16 43 U
15 44 10 22 R
15 45 13 18 R
15 46 0 33 D
15 47 19 14 R
15 48 17 48 U
15 49 3 21 R
16 0 14 40 U
16 1 15 41 U
16 2 1 26 D
16 3 0 17 R
16 4 15 32 D
16 5 16 30 D
16 6 12 30 D
16 7 8 26 D
16 8 16 8 L
16 10 17 28 D
16 11 17 46 U
16 12 11 12 R
16 13 4 1 L
16 14 17 40 U
16 15 14 15 R
16 16 16 10 L
16 17 11 2 L
16 18 16 5 L
16 19 17 48 U
16 20 11 34 D
16 21 20 21 R
16 22 14 22 R
16 23 17 23 R
16 24 20 24 R
16 26 15 2 L
16 27 16 27 D
16 28 13 19 R
16 29 14 29 D
16 30 14 30 D
16 31 16 31 D
16 32 14 32 D
16 33 14 3 L
16 34 0 7 L
16 35 10 35 D
16 36 8 36 D
16 37 10 37 D
16 38 9 16 R
16 39 15 39 U
16 40 16 14 R
16 41 15 41 U
16 42 16 3 L
16 43 17 16 R
16 44 15 17 R
16 45 15 10 L
16 46 13 46 U
16 47 24 47 U
16 48 16 19 R
16 49 8 49 U
17 0 17 31 D
17 1 9 42 U
17 2 14 43 U
17 3 17 3 L
17 4 15 43 U
17 5 9 45 U
17 6 18 6 L
17 7 21 7 L
17 8 18 8 L
17 10 14 10 L
17 11 24 39 U
17 12 8 12 R
17 13 15 13 R
17 14 16 48 U
17 15 14 34 D
17 16 17 43 U
17 17 16 17 R
17 18 11 28 D
17 19 4 6 L
17 20 18 20 R
17 21 22 21 R
17 22 18 42 U
17 23 13 23 R
17 24 17 3 L
17 26 13 16 R
17 27 15 27 D
17 28 14 5 L
17 29 0 5 L
17 30 16 30 D
17 31 15 31 D
17 32 16 32 D
17 33 14 19 R
17 34 18 21 R
17 35 17 16 R
17 36 7 18 R
17 37 12 37 D
17 38 3 38 U
17 39 17 14 R
17 40 17 40 U
17 41 16 41 U
17 42 0 29 D
17 43 14 18 R
17 44 15 44 U
17 45 11 11 L
17 46 16 23 R
17 47 20 47 U
17 48 16 6 L
17 49 19 49 U
18 0 11 35 D
18 1 18 37 D
18 2 18 42 U
18 3 18 48 U
18 4 20 26 D
18 5 18 35 D
18 6 16 49 U
18 7 27 37 D
18 8 12 30 D
18 10 0 30 D
18 11 23 11 L
18 12 17 49 U
18 13 13 27 D
18 14 17 26 D
18 15 11 39 U
18 16 12 28 D
18 17 7 46 U
18 18 18 34 D
18 19 5 42 U
18 20 10 40 U
18 21 0 30 D
18 22 9 34 D
18 23 18 32 D
18 24 0 11 L
18 26 15 1 L
18 27 12 27 D
18 28 16 15 R
18 29 13 6 L
18 30 18 44 U
18 31 8 0 L
18 32 15 40 U
18 33 18 1 L
18 34 14 13 R
18 35 18 35 D
18 36 18 36 D
18 37 18 19 R
18 38 15 12 R
18 39 15 14 R
18 40 17 6 L
18 41 9 14 R
18 42 14 21 R
18 43 15 3 L
18 44 15 22 R
18 45 12 2 L
18 46 18 46 U
18 47 23 47 U
18 48 14 24 R
18 49 20 3 L
19 0 18 40 U
19 1 19 41 U
19 2 22 33 D
19 3 20 42 U
19 4 20 4 L
19 5 16 29 D
19 6 18 36 D
19 7 28 7 L
19 8 21 8 L
19 10 21 43 U
19 11 24 11 L
19 12 14 38 U
19 13 19 39 U
19 14 15 35 D
19 15 17 42 U
19 16 19 36 D
19 17 10 36 D
19 18 0 28 D
19 19 27 19 R
19 20 11 20 R
19 21 12 21 R
19 22 21 22 R
19 23 3 39 U
19 24 2 24 R
19 26 20 38 U
19 27 18 23 R
19 28 18 17 R
19 29 19 24 R
19 30 10 17 R
19 31 0 13 R
19 32 19 15 R
19 33 22 14 R
19 34 19 34 D
19 35 18 0 L
19 36 12 36 D
19 37 0 41 U
19 38 18 6 L
19 39 18 20 R
19 40 18 23 R
19 41 18 13 R
19 42 20 24 R
19 43 7 3 L
19 44 20 15 R
19 45 18 15 R
19 46 2 35 D
19 47 26 14 R
19 48 18 24 R
20 0 19 34 D
20 1 20 38 U
20 2 17 39 U
20 3 20 3 L
20 4 21 46 U
20 5 10 5 L
20 6 20 29 D
20 7 23 7 L
20 8 15 31 D
20 10 23 37 D
20 11 22 11 L
20 12 20 46 U
20 13 19 28 D
20 14 3 28 D
20 15 17 45 U
20 16 18 30 D
20 17 17 39 U
20 18 8 31 D
20 19 19 29 D
20 20 12 20 R
20 21 23 21 R
20 22 25 45 U
20 23 20 26 D
20 24 18 24 R
20 26 19 4 L
20 27 19 27 D
20 28 15 13 R
20 29 20 29 D
20 30 15 14 R
20 31 9 17 R
20 32 21 32 D
20 33 21 33 D
20 34 17 34 D
20 35 17 0 L
20 36 19 1 L
20 37 22 37 D
20 38 20 12 R
20 39 16 16 R
20 40 21 18 R
20 41 19 41 U
20 42 21 42 U
20 43 18 43 U
20 44 21 44 U
20 45 20 45 U
20 46 9 5 L
20 47 25 47 U
20 48 19 48 U
21 0 19 27 D
21 1 12 26 D
21 2 19 45 U
21 3 12 48 U
21 4 24 38 U
21 5 22 43 U
21 6 19 30 D
21 7 24 7 L
21 8 19 44 U
21 10 23 10 L
21 11 10 34 D
21 12 20 35 D
21 13 15 43 U
21 14 14 31 D
21 15 11 43 U
21 16 20 41 U
21 17 10 17 R
21 18 19 18 R
21 19 23 19 R
21 20 22 37 D
21 21 24 21 R
21 22 26 22 R
21 23 20 23 R
21 24 17 24 R
21 26 6 8 L
21 27 20 27 D
21 28 6 3 L
21 29 19 29 D
21 30 17 20 R
21 31 17 8 L
21 32 20 32 D
21 33 22 33 D
21 34 16 6 L
21 35 0 46 U
21 36 23 12 R
21 37 7 37 D
21 38 18 12 R
21 39 0 1 L
21 40 20 14 R
21 41 11 6 L
21 42 17 15 R
21 43 20 18 R
21 44 20 44 U
21 45 21 15 R
21 46 21 21 R
21 47 29 15 R
21 48 19 23 R
22 0 21 32 D
22 1 20 44 U
22 2 19 33 D
22 3 22 42 U
22 4 21 37 D
22 5 21 39 U
22 6 20 6 L
22 7 15 7 L
22 8 22 29 D
22 10 25 10 L
22 11 16 11 L
22 12 19 38 U
22 13 15 49 U
22 14 16 1 L
22 15 20 48 U
22 16 21 43 U
22 17 21 35 D
22 18 22 28 D
22 19 26 19 R
22 20 22 20 R
22 21 7 21 R
22 22 27 22 R
22 23 22 23 R
22 24 23 27 D
22 26 20 0 L
22 27 10 7 L
22 28 12 12 R
22 29 22 2 L
22 30 16 4 L
22 31 22 6 L
22 32 19 32 D
22 33 20 16 R
22 34 23 4 L
22 35 22 4 L
22 36 24 36 D
22 37 20 37 D
22 38 0 23 R
22 39 22 5 L
22 40 22 2 L
22 41 13 16 R
22 42 20 20 R
22 43 21 17 R
22 44 21 13 R
22 45 21 45 U
22 46 22 46 U
22 47 29 47 U
22 48 22 48 U
23 0 21 44 U
23 1 22 46 U
23 2 15 36 D
23 3 22 27 D
23 4 24 4 L
23 5 28 26 D
23 6 24 26 D
23 7 25 7 L
23 8 22 8 L
23 10 28 10 L
23 11 26 11 L
23 12 17 12 R
23 13 24 13 R
23 14 18 1 L
23 15 22 42 U
23 16 24 31 D
23 17 0 3 L
23 18 24 18 R
23 19 25 19 R
23 20 22 46 U
23 21 3 21 R
23 22 26 2 L
23 23 2 39 U
23 24 0 33 D
23 26 22 0 L
23 27 21 8 L
23 28 23 1 L
23 29 24 13 R
23 30 2 21 R
23 31 19 5 L
23 32 19 16 R
23 33 24 23 R
23 34 27 12 R
23 35 25 18 R
23 36 17 36 D
23 37 0 42 U
23 38 22 18 R
23 39 13 10 L
23 40 15 16 R
23 41 7 3 L
23 42 20 22 R
23 43 24 15 R
23 44 20 32 D
23 45 15 45 U
23 46 21 12 R
23 47 28 47 U
23 48 9 13 R
24 0 18 26 D
24 1 23 47 U
24 2 11 41 U
24 3 23 3 L
24 4 23 4 L
24 5 24 5 L
24 6 21 6 L
24 7 21 32 D
24 8 11 44 U
24 10 29 10 L
24 11 25 11 L
24 12 22 38 U
24 13 23 29 D
24 14 23 14 R
24 15 24 30 D
24 16 25 16 R
24 17 12 17 R
24 18 26 18 R
24 19 0 7 L
24 20 29 34 D
24 21 0 4 L
24 22 19 30 D
24 23 24 23 R
24 26 21 16 R
24 27 24 2 L
24 28 23 28 D
24 29 24 29 D
24 30 23 5 L
24 31 26 21 R
24 32 22 32 D
24 33 23 33 D
24 34 26 34 D
24 35 26 35 D
24 36 16 36 D
24 37 23 37 D
24 38 23 13 R
24 39 19 15 R
24 40 25 40 U
24 41 21 41 U
24 42 23 24 R
24 43 23 43 U
24 44 24 44 U
24 45 24 45 U
24 46 21 20 R
24 47 0 26 D
24 48 27 48 U
25 0 23 29 D
25 1 23 40 U
25 2 11 27 D
25 3 22 26 D
25 4 26 44 U
25 5 26 5 L
25 6 27 12 R
25 7 2 7 L
25 8 20 28 D
25 10 27 10 L
25 11 21 35 D
25 12 23 38 U
25 13 25 36 D
25 14 5 14 R
25 15 15 39 U
25 16 20 16 R
25 17 28 17 R
25 18 3 26 D
25 19 14 19 R
25 20 10 42 U
25 21 27 21 R
25 22 0 5 L
25 23 25 23 R
25 26 21 4 L
25 27 24 14 R
25 28 20 44 U
25 29 21 16 R
25 30 26 19 R
25 31 18 31 D
25 32 0 4 L
25 33 15 20 R
25 34 25 34 D
25 35 24 35 D
25 36 9 41 U
25 37 27 18 R
25 38 22 38 U
25 39 22 12 R
25 40 26 13 R
25 41 16 6 L
25 42 7 6 L
25 43 22 43 U
25 44 25 18 R
25 45 29 45 U
25 46 0 2 L
25 47 5 47 U
25 48 30 48 U
26 0 25 36 D
26 1 27 1 L
26 2 7 33 D
26 3 21 3 L
26 4 25 47 U
26 5 27 33 D
26 6 25 6 L
26 7 28 33 D
26 8 20 8 L
26 10 26 10 L
26 11 27 11 L
26 12 17 38 U
26 13 22 13 R
26 14 27 40 U
26 15 16 15 R
26 16 2 16 R
26 17 18 17 R
26 18 25 1 L
26 19 28 30 D
26 20 24 20 R
26 21 0 35 D
26 22 28 22 R
26 23 21 23 R
26 26 24 12 R
26 27 29 1 L
26 28 27 28 D
26 29 21 29 D
26 30 29 30 D
26 31 20 31 D
26 32 25 32 D
26 33 25 10 L
26 34 27 34 D
26 35 25 35 D
26 36 21 23 R
26 37 29 37 D
26 38 24 18 R
26 39 26 39 U
26 40 24 40 U
26 41 27 15 R
26 42 27 7 L
26 43 21 43 U
26 44 13 11 L
26 45 28 10 L
26 47 19 47 U
26 48 31 48 U
27 0 25 39 U
27 1 25 40 U
27 2 28 45 U
27 3 19 3 L
27 4 15 4 L
27 5 25 5 L
27 6 0 18 R
27 7 22 7 L
27 8 24 47 U
27 10 27 45 U
27 11 25 31 D
27 12 23 0 L
27 13 24 40 U
27 14 26 38 U
27 15 28 15 R
27 16 19 16 R
27 17 27 17 R
27 18 26 28 D
27 19 20 19 R
27 20 29 20 R
27 21 0 40 U
27 22 31 22 R
27 23 23 32 D
27 26 20 24 R
27 27 26 13 R
27 28 24 28 D
27 29 23 29 D
27 30 0 8 L
27 31 19 31 D
27 32 10 47 U
27 33 20 33 D
27 34 4 34 D
27 35 27 35 D
27 36 25 36 D
27 37 25 37 D
27 38 17 38 U
27 39 19 11 L
27 40 18 18 R
27 41 26 41 U
27 42 17 0 L
27 43 25 43 U
27 44 26 44 U
27 45 17 22 R
27 47 23 15 R
27 48 27 23 R
28 0 28 14 R
28 1 25 41 U
28 2 27 47 U
28 3 7 35 D
28 4 31 29 D
28 5 29 5 L
28 6 22 6 L
28 7 20 7 L
28 8 29 8 L
28 10 7 10 L
28 11 20 11 L
28 12 1 32 D
28 13 26 39 U
28 14 24 41 U
28 15 27 1 L
28 16 8 27 D
28 17 29 17 R
28 18 15 26 D
28 19 29 19 R
28 20 19 20 R
28 21 2 21 R
28 23 23 23 R
28 26 27 0 L
28 27 26 14 R
28 28 24 1 L
28 29 23 8 L
28 30 26 2 L
28 31 25 31 D
28 32 23 32 D
28 33 28 24 R
28 34 24 12 R
28 35 28 5 L
28 36 17 23 R
28 37 27 37 D
28 38 26 20 R
28 39 27 21 R
28 40 22 0 L
28 41 0 27 D
28 42 19 19 R
28 43 24 11 L
28 44 29 17 R
28 45 29 16 R
28 47 27 5 L
28 48 31 20 R
29 0 28 43 U
29 1 28 34 D
29 2 0 37 D
29 3 22 38 U
29 4 0 27 D
29 5 28 5 L
29 6 5 6 L
29 7 19 7 L
29 8 29 45 U
29 10 24 28 D
29 11 21 11 L
29 12 20 38 U
29 13 24 27 D
29 14 20 27 D
29 15 24 46 U
29 16 29 30 D
29 17 23 17 R
29 18 28 18 R
29 19 28 45 U
29 20 26 20 R
29 21 1 21 R
29 23 30 23 R
29 26 2 22 R
29 27 23 7 L
29 28 24 16 R
29 29 24 19 R
29 30 28 19 R
29 31 27 31 D
29 32 8 19 R
29 33 32 4 L
29 34 27 14 R
29 35 0 42 U
29 36 30 36 D
29 37 28 37 D
29 38 22 21 R
29 39 3 8 L
29 40 16 40 U
29 41 27 41 U
29 42 16 10 L
29 43 26 12 R
29 44 29 44 U
29 45 30 12 R
29 47 27 47 U
30 0 30 36 D
30 1 31 28 D
30 2 32 45 U
30 3 31 26 D
30 4 13 4 L
30 5 27 44 U
30 6 31 42 U
30 7 30 28 D
30 8 30 8 L
30 10 30 26 D
30 11 25 27 D
30 12 28 40 U
30 13 29 27 D
30 14 28 34 D
30 15 0 7 L
30 16 30 2 L
30 17 28 37 D
30 18 25 18 R
30 19 0 0 L
30 20 31 42 U
30 21 30 31 D
30 23 11 30 D
30 26 25 26 D
30 27 14 8 L
30 28 31 13 R
30 29 31 2 L
30 30 29 16 R
30 31 28 41 U
30 32 25 19 R
30 33 31 33 D
30 34 14 1 L
30 35 28 13 R
30 36 29 36 D
30 37 28 22 R
30 38 25 17 R
30 39 24 5 L
30 40 30 23 R
30 41 31 4 L
30 42 32 12 R
30 43 32 14 R
30 44 29 14 R
30 45 31 45 U
30 47 24 17 R
31 0 29 26 D
31 1 31 1 L
31 2 32 2 L
31 3 30 31 D
31 4 24 43 U
31 5 28 33 D
31 6 31 6 L
31 8 28 8 L
31 11 31 11 L
31 12 29 39 U
31 13 31 38 U
31 14 32 47 U
31 15 17 15 R
31 16 31 16 R
31 17 30 17 R
31 18 29 18 R
31 19 31 19 R
31 20 32 20 R
31 21 28 21 R
31 23 10 23 R
31 26 4 3 L
31 27 29 12 R
31 28 30 16 R
31 29 31 6 L
31 30 30 4 L
31 31 31 31 D
31 32 22 11 L
31 34 20 19 R
31 35 32 35 D
31 36 27 36 D
31 37 12 15 R
31 38 30 10 L
31 39 28 18 R
31 40 30 40 U
31 41 25 41 U
31 42 32 42 U
31 43 20 43 U
31 44 0 32 D
31 45 30 45 U
31 47 30 47 U
32 0 29 40 U
32 1 30 1 L
32 2 32 28 D
32 3 27 32 D
32 4 32 48 U
32 5 32 5 L
32 6 30 6 L
32 12 30 48 U
32 13 30 28 D
32 14 25 3 L
32 15 0 34 D
32 16 11 34 D
32 17 23 47 U
32 19 31 44 U
32 20 31 20 R
32 21 32 21 R
32 23 33 23 R
32 26 28 0 L
32 27 24 21 R
32 28 31 28 D
32 29 32 3 L
32 30 34 0 L
32 31 30 20 R
32 32 32 9 L
32 34 0 39 U
32 35 28 35 D
32 36 30 12 R
32 37 26 37 D
32 38 31 17 R
32 39 23 22 R
32 40 29 12 R
32 41 23 41 U
32 42 22 42 U
32 43 32 43 U
32 44 25 15 R
32 45 32 14 R
33 0 33 28 D
33 2 33 36 D
33 4 31 40 U
33 5 31 5 L
33 12 2 2 L
33 13 29 6 L
33 15 32 41 U
33 23 34 26 D
33 26 30 23 R
33 28 30 13 R
33 34 34 34 D
33 35 31 35 D
33 39 33 2 L
33 40 26 5 L
33 42 33 12 R
33 44 33 44 U
33 45 8 23 R
34 0 33 30 D
34 2 21 2 L
34 5 30 5 L
34 12 32 44 U
34 28 34 28 D
34 34 33 34 D
34 35 29 35 D
34 39 33 39 U
34 40 31 40 U
34 42 24 42 U
35 0 34 0 L

