21 19 334
6 15 14 3 14 0 0 9 0 12 18 8
4 12 18 0 16 15 0 13 3 6 0 0
0 0 0 18 0 0 18 0 0 2 1 7
0 0 0 0 0 6 16 11 10 11 0 11
0 0 0 15 2 0 7 0 0 17 0 15
20 18 0 10 0 12 0 14 0 0 20 0
14 2 0 14 0 17 16 0 7 0 0 0
0 0 0 7 7 13 0 17 7 0 0 0
0 16 0 11 15 19 0 0 0 0 6 0
13 0 9 12 0 7 16 0 2 17 9 0
12 0 19 0 1 0 16 0 5 4 17 0
8 18 3 0 11 0 0 18 0 0 3 11
0 0 0 0 L
0 1 0 1 L
0 2 0 2 L
0 3 0 3 L
0 4 0 4 L
0 5 0 5 R
0 6 0 6 R
0 7 0 7 R
0 8 0 8 R
0 9 0 9 D
0 10 0 10 D
0 11 0 11 D
0 12 0 12 D
0 13 0 13 D
0 14 0 14 U
0 15 0 15 U
0 16 0 16 U
0 17 0 17 U
0 18 0 18 U
1 0 13 16 U
1 1 0 14 U
1 2 0 9 D
1 3 6 3 L
1 4 10 9 D
1 5 17 18 U
1 6 7 10 D
1 7 3 11 D
1 8 4 8 R
1 9 5 9 D
1 10 0 0 L
1 11 7 6 R
1 12 4 16 U
1 13 2 13 D
1 14 0 5 R
1 15 13 0 L
1 16 10 5 R
1 17 6 8 R
1 18 2 18 U
2 0 13 15 U
2 1 1 15 U
2 2 4 9 D
2 3 11 9 D
2 4 0 9 D
2 5 9 10 D
2 6 0 0 L
2 7 3 7 R
2 8 7 17 U
2 9 16 14 U
2 10 0 15 U
2 11 0 6 R
2 12 14 6 R
2 13 10 13 D
2 14 0 9 D
2 15 5 6 R
2 16 3 16 U
2 17 5 17 U
2 18 1 18 U
3 0 2 11 D
3 1 4 15 U
3 2 13 2 L
3 3 5 10 D
3 5 6 9 D
3 6 10 14 U
3 7 0 13 D
3 8 9 13 D
3 9 0 14 U
3 10 0 1 L
3 11 13 5 R
3 12 12 0 L
3 13 4 8 R
3 14 14 4 L
3 15 0 2 L
3 16 8 1 L
3 17 6 17 U
3 18 5 1 L
4 0 11 13 D
4 1 7 1 L
4 2 2 2 L
4 3 7 3 L
4 4 1 4 L
4 5 0 18 U
4 6 9 6 R
4 7 8 7 R
4 8 6 8 R
4 9 0 5 R
4 10 16 1 L
4 11 6 6 R
4 12 12 12 D
4 13 1 13 D
4 14 12 7 R
4 15 1 1 L
4 16 6 16 U
4 17 8 2 L
4 18 16 7 R
5 0 11 12 D
5 1 9 11 D
5 2 0 6 R
5 3 0 17 U
5 5 0 10 D
5 6 4 6 R
5 7 0 18 U
5 8 15 11 D
5 9 11 9 D
5 10 9 10 D
5 11 2 6 R
5 12 2 12 D
5 13 1 13 D
5 14 0 7 R
5 15 1 15 U
5 16 0 10 D
5 17 0 8 R
5 18 9 18 U
6 0 0 15 U
6 1 2 10 D
6 2 1 15 U
6 3 10 3 L
6 4 1 4 L
6 5 13 12 D
6 6 0 17 U
6 7 14 12 D
6 8 8 8 R
6 9 2 6 R
6 10 9 10 D
6 11 11 11 D
6 12 1 12 D
6 13 7 18 U
6 14 11 2 L
6 15 12 4 L
6 16 2 8 R
6 17 10 7 R
6 18 7 6 R
7 0 15 0 L
7 1 10 1 L
7 2 2 12 D
7 3 5 3 L
7 4 4 4 L
7 5 0 16 U
7 6 4 6 R
7 7 4 7 R
7 8 4 8 R
7 9 8 8 R
7 10 11 10 D
7 11 0 18 U
7 12 0 3 L
7 13 8 5 R
7 14 17 0 L
7 15 4 7 R
7 16 13 2 L
7 17 11 17 U
7 18 6 18 U
8 0 4 17 U
8 1 5 10 D
8 2 10 2 L
8 3 9 12 D
8 4 6 4 L
8 5 0 12 D
8 6 2 6 R
8 7 7 11 D
8 8 14 8 R
8 9 3 0 L
8 10 1 18 U
8 11 7 11 D
8 12 10 8 R
8 13 2 7 R
8 14 0 4 L
8 15 2 7 R
8 16 3 11 D
8 17 11 5 R
8 18 2 10 D
9 0 0 12 D
9 1 16 16 U
9 2 13 14 U
9 3 4 3 L
9 5 1 9 D
9 6 0 1 L
9 7 17 10 D
9 8 6 2 L
9 9 7 0 L
9 10 10 15 U
9 11 7 11 D
9 12 10 12 D
9 13 1 6 R
9 14 1 14 U
9 15 0 0 L
9 16 1 16 U
9 17 11 8 R
9 18 5 7 R
10 0 1 9 D
10 1 4 14 U
10 2 0 10 D
10 3 4 10 D
10 4 4 4 L
10 5 5 5 R
10 6 16 13 D
10 7 3 10 D
10 8 12 14 U
10 9 13 1 L
10 10 13 14 U
10 11 2 11 D
10 12 2 12 D
10 13 7 13 D
10 14 15 8 R
10 15 1 5 R
10 16 5 0 L
10 17 2 2 L
10 18 14 18 U
11 0 5 7 R
11 1 4 1 L
11 2 6 18 U
11 3 0 11 D
11 4 4 7 R
11 5 4 10 D
11 6 3 9 D
11 7 12 14 U
11 8 3 13 D
11 9 17 5 R
11 10 12 16 U
11 11 0 17 U
11 12 0 16 U
11 13 4 5 R
11 14 0 6 R
11 15 14 15 U
11 16 10 7 R
11 17 9 17 U
11 18 4 18 U
12 0 5 5 R
12 1 6 9 D
12 2 4 15 U
12 3 10 3 L
12 4 8 18 U
12 5 14 14 U
12 6 0 15 U
12 7 7 7 R
12 8 3 18 U
12 9 13 9 D
12 10 14 0 L
12 11 6 16 U
12 12 3 12 D
12 14 1 3 L
12 16 7 16 U
12 17 3 3 L
12 18 0 3 L
13 0 8 6 R
13 1 20 10 D
13 2 10 2 L
13 4 11 4 L
13 5 8 5 R
13 6 0 14 U
13 7 7 7 R
13 8 3 1 L
13 9 11 5 R
13 10 1 14 U
13 11 7 11 D
13 12 0 5 R
13 14 12 4 L
13 15 5 3 L
13 16 8 10 D
13 17 0 5 R
13 18 11 9 D
14 0 11 9 D
14 1 6 1 L
14 2 15 11 D
14 3 13 3 L
14 5 11 17 U
14 6 9 11 D
14 7 6 15 U
14 8 10 12 D
14 9 2 14 U
14 10 9 8 R
14 11 11 11 D
14 12 15 7 R
14 14 4 5 R
14 16 7 1 L
14 17 0 12 D
14 18 10 5 R
15 0 5 17 U
15 1 8 18 U
15 2 1 2 L
15 5 7 15 U
15 6 8 6 R
15 7 1 0 L
15 8 4 8 R
15 9 4 6 R
15 10 5 14 U
15 11 9 7 R
15 12 7 12 D
15 14 11 1 L
15 16 5 8 R
15 17 1 17 U
15 18 6 0 L
16 0 10 12 D
16 1 11 14 U
16 2 3 2 L
16 5 2 18 U
16 6 2 16 U
16 7 11 13 D
16 8 4 10 D
16 9 3 9 D
16 10 2 6 R
16 11 5 11 D
16 12 15 8 R
16 14 1 14 U
16 16 11 16 U
16 17 19 1 L
16 18 7 2 L
17 0 9 15 U
17 2 16 9 D
17 5 18 5 R
17 6 19 2 L
17 7 20 10 D
17 8 9 2 L
17 9 19 15 U
17 10 16 6 R
17 11 5 11 D
17 12 9 12 D
17 14 12 2 L
17 18 2 0 L
18 0 7 16 U
18 1 17 12 D
18 6 2 0 L
18 7 8 7 R
18 9 15 7 R
18 10 8 2 L
18 11 14 0 L
18 14 5 10 D
18 16 17 0 L
19 0 12 0 L
19 6 4 9 D
19 11 11 11 D
19 12 18 12 D
19 14 3 0 L
20 0 1 14 U
20 11 12 3 L
20 14 13 6 R

