12 13 131
0 0 2 5 5 0 0 8 0 0 0 3 0 0 0 3 0 0
6 0 0 10 0 4 0 0 8 1 7 0 0 0 0 0 0 0
0 0 0 7 4 0 0 0 0 8 0 9 0 0 0 0 8 0
0 0 0 0 0 0 3 0 0 11 6 5 0 1 0 0 0 0
0 0 2 0 0 0 0 2 3 0 0 0 0 0 0 0 3 0
0 0 0 0 0 0 0 0 5 10 0 0 5 0 6 9 0 0
4 0 0 0 0 0 5 0 0 0 0 0 0 0 0 0 0 1
10 6 11 0 0 0 0 0 0 3 0 0 0 0 6 6 0 0
0 10 0 0 0 0 9 2 4 7 0 0 6 7 0 6 0 0
0 0 9 8 0 0 0 0 0 0 9 0 0 0 0 2 2 3
6 0 0 8 2 0 0 0 0 0 0 8 0 1 0 0 0 0
9 0 9 0 0 0 0 0 0 0 0 0 3 0 2 0 0 0
0 0 0 0 0 0 8 0 0 3 5 0 0 0 0 0 0 0
0 0 0 0 11 0 0 0 0 9 0 0 0 0 8 0 0 0
7 0 0 0 10 3 0 0 7 0 0 2 0 0 0 0 5 0
0 4 0 0 0 0 0 7 8 0 0 0 0 0 0 4 6 1
0 10 9 0 0 10 0 0 0 0 4 0 0 0 2 0 8 4
3 0 0 0 0 2 0 0 0 0 0 0 0 0 4 0 0 0
0 0 0 0 R
0 1 0 1 R
0 2 0 2 R
0 3 0 3 U
0 4 0 4 U
0 5 0 5 U
0 6 0 6 U
0 7 0 7 D
0 8 0 8 D
0 9 0 9 D
0 10 0 10 L
0 11 0 11 L
0 12 0 12 L
1 0 0 4 U
1 1 7 1 R
1 2 0 9 D
1 3 6 2 R
1 4 0 7 D
1 5 8 5 U
1 6 6 6 U
1 7 0 11 L
1 8 7 0 R
1 9 2 9 D
1 10 7 6 U
1 11 6 8 D
1 12 0 4 U
2 0 4 7 D
2 1 4 5 U
2 2 0 8 D
2 3 4 10 L
2 4 0 2 R
2 5 5 5 U
2 6 6 0 R
2 7 5 2 R
2 8 4 11 L
2 9 9 9 D
2 10 0 7 D
2 11 8 4 U
2 12 3 12 L
3 0 1 5 U
3 1 2 8 D
3 2 6 2 R
3 3 6 1 R
3 4 1 4 U
3 5 0 9 D
3 7 9 0 R
3 8 4 1 R
3 9 6 11 L
3 10 7 4 U
3 11 0 0 R
3 12 5 12 L
4 0 0 3 U
4 1 0 11 L
4 2 0 12 L
4 3 0 12 L
4 4 0 11 L
4 5 5 5 U
4 7 0 3 U
4 8 6 8 D
4 9 0 10 L
4 10 0 5 U
4 11 6 3 U
4 12 5 12 L
5 0 0 7 D
5 1 0 5 U
5 2 2 2 R
5 3 0 10 L
5 4 3 1 R
5 5 1 5 U
5 7 1 12 L
5 8 3 0 R
5 9 0 12 L
5 10 6 9 D
5 11 0 3 U
5 12 7 4 U
6 0 8 3 U
6 1 5 3 U
6 2 0 7 D
6 3 0 0 R
6 4 5 0 R
6 5 0 10 L
6 7 4 1 R
6 8 1 8 D
6 9 1 1 R
6 10 2 9 D
6 11 1 9 D
6 12 0 8 D
7 0 5 8 D
7 1 5 9 D
7 2 0 3 U
7 3 2 0 R
7 4 1 4 U
7 7 0 1 R
7 8 0 0 R
7 9 8 2 R
7 10 0 9 D
7 11 3 11 L
7 12 5 3 U
8 0 0 10 L
8 1 9 1 R
8 2 5 5 U
8 3 0 1 R
8 4 1 12 L
8 7 7 10 L
8 8 1 8 D
8 9 0 0 R
8 10 2 10 L
8 11 3 4 U
8 12 5 12 L
9 0 2 0 R
9 1 8 4 U
9 2 1 2 R
9 3 0 8 D
9 4 1 4 U
9 7 6 1 R
9 8 5 8 D
9 9 2 0 R
9 10 1 3 U
9 11 4 11 L
9 12 6 9 D
10 0 1 12 L
10 3 11 3 U
10 4 5 4 U
10 7 0 4 U
10 8 2 8 D
10 9 8 9 D
10 12 5 4 U
11 0 2 7 D
11 4 0 0 R
11 7 2 7 D
11 12 0 2 R

