17 14 189
11 7 0 0 0 6 0 9 0 5 0 6
9 0 11 12 0 0 8 3 5 13 14 3
2 0 7 0 1 0 1 1 5 4 5 0
9 0 12 0 0 12 0 13 8 5 8 7
9 0 0 0 0 0 11 0 0 0 13 0
10 12 13 0 0 0 8 10 4 1 0 14
6 0 0 2 0 9 0 0 0 8 14 0
0 9 0 15 13 8 3 5 0 10 0 16
12 0 7 9 0 0 7 0 0 4 0 15
0 3 5 12 0 13 0 10 2 0 0 4
0 1 4 0 0 0 7 0 6 7 4 12
14 13 14 0 12 0 0 14 0 4 11 1
0 0 0 0 U
0 1 0 1 U
0 2 0 2 U
0 3 0 3 R
0 4 0 4 R
0 5 0 5 R
0 6 0 6 R
0 7 0 7 D
0 8 0 8 D
0 9 0 9 D
0 10 0 10 L
0 11 0 11 L
0 12 0 12 L
0 13 0 13 L
1 0 0 10 L
1 1 0 3 R
1 2 9 2 U
1 3 0 0 U
1 4 0 7 D
1 5 11 0 U
1 7 5 7 D
1 8 9 12 L
1 9 8 9 D
1 10 0 4 R
1 11 0 7 D
1 12 3 12 L
1 13 10 5 R
2 0 1 7 D
2 1 0 11 L
2 2 8 2 U
2 3 4 3 R
2 4 11 4 R
2 5 1 5 R
2 7 0 3 R
2 8 3 13 L
2 9 1 9 D
2 10 0 1 U
2 11 6 7 D
2 12 0 1 U
2 13 10 6 R
3 0 0 11 L
3 1 1 4 R
3 2 0 5 R
3 3 0 2 U
3 4 6 4 R
3 5 2 1 U
3 6 1 9 D
3 7 4 4 R
3 8 7 8 D
3 9 5 11 L
3 10 6 1 U
3 11 1 11 L
3 12 0 2 U
3 13 0 7 D
4 0 0 12 L
4 1 8 13 L
4 2 2 10 L
4 3 0 8 D
4 4 9 4 R
4 5 9 10 L
4 7 0 4 R
4 8 0 11 L
4 9 1 9 D
4 10 0 9 D
4 11 0 3 R
4 12 11 12 L
4 13 14 7 D
5 0 0 5 R
5 1 10 1 U
5 2 8 13 L
5 3 7 10 L
5 4 0 9 D
5 5 0 8 D
5 7 9 3 R
5 8 4 8 D
5 9 9 9 D
5 10 8 10 L
5 11 2 11 L
5 12 3 12 L
5 13 6 13 L
6 0 3 12 L
6 1 8 1 U
6 2 13 3 R
6 3 7 11 L
6 4 8 8 D
6 5 7 5 R
6 7 0 10 L
6 8 1 10 L
6 9 2 0 U
6 10 3 7 D
6 11 5 11 L
6 12 11 4 R
6 13 7 13 L
7 0 5 0 U
7 1 10 4 R
7 2 4 2 U
7 3 5 0 U
7 4 8 1 U
7 5 3 2 U
7 7 3 11 L
7 8 1 11 L
7 9 5 9 D
7 10 12 1 U
7 11 2 1 U
7 12 9 9 D
7 13 10 13 L
8 0 7 10 L
8 1 5 11 L
8 2 0 8 D
8 3 1 7 D
8 4 2 4 R
8 5 4 5 R
8 6 9 8 D
8 7 7 7 D
8 8 9 5 R
8 9 5 3 R
8 10 5 7 D
8 11 4 7 D
8 12 7 12 L
8 13 1 13 L
9 0 0 13 L
9 1 1 5 R
9 2 2 2 U
9 3 1 0 U
9 4 3 10 L
9 5 0 10 L
9 7 4 7 D
9 8 2 5 R
9 9 11 0 U
9 10 11 2 U
9 11 0 2 U
9 12 0 5 R
9 13 3 13 L
10 0 6 0 U
10 1 0 7 D
10 2 0 4 R
10 3 4 1 U
10 4 1 4 R
10 5 6 5 R
10 7 8 10 L
10 8 7 8 D
10 9 7 9 D
10 10 0 0 U
10 11 3 4 R
10 12 3 12 L
10 13 13 0 U
11 0 1 3 R
11 1 7 10 L
11 2 12 5 R
11 3 12 9 D
11 4 0 1 U
11 5 8 5 R
11 7 4 1 U
11 8 0 12 L
11 9 0 3 R
11 10 3 5 R
11 11 1 7 D
11 12 12 5 R
11 13 0 8 D
12 0 11 4 R
12 1 1 3 R
12 2 6 3 R
12 3 0 13 L
12 4 4 4 R
12 5 5 9 D
12 7 1 7 D
12 8 2 4 R
12 9 9 5 R
12 10 9 8 D
12 11 8 11 L
12 12 3 3 R
13 0 4 0 U
13 3 2 7 D
13 4 0 12 L
13 5 8 8 D
13 7 8 11 L
13 9 10 10 L
13 10 6 7 D
13 11 11 2 U
13 12 10 12 L
14 0 3 0 U
14 4 3 4 R
14 7 3 12 L
14 9 3 5 R
14 11 1 11 L
14 12 2 1 U
15 0 6 0 U
15 9 6 12 L
16 0 5 0 U

