36 49 1475
27 10 23 0 0 5 27 0 26 25 0 2 19 1 4 5 29 20 22 0
35 31 2 30 0 32 33 34 0 14 0 30 0 30 10 0 0 0 12 22
26 3 4 5 0 8 20 8 10 24 0 0 21 27 0 4 0 26 0 0
22 19 20 0 0 0 0 0 5 27 0 0 0 30 5 25 24 23 0 27
2 0 0 6 9 15 8 22 27 0 0 20 33 17 33 32 31 2 16 30
4 28 0 0 21 27 30 28 27 28 0 0 0 0 25 26 6 11 5 0
24 35 0 16 0 28 28 0 0 17 10 22 20 10 0 25 24 0 29 26
0 34 0 2 20 21 5 0 0 17 10 0 0 31 22 15 25 26 0 27
9 0 22 19 24 25 19 29 0 0 7 0 24 27 0 31 5 2 27 28
0 30 10 33 30 0 0 0 29 22 24 22 19 30 18 30 9 0 0 0
23 30 0 20 0 18 31 25 2 31 0 30 0 8 28 0 0 35 0 34
0 15 0 0 20 15 28 6 2 27 12 19 3 10 0 15 20 20 0 0
0 0 4 26 28 0 0 0 0 27 31 30 7 29 0 3 15 18 27 10
11 0 4 22 0 15 0 28 12 0 0 0 0 9 22 0 18 2 29 0
28 0 26 2 26 29 27 20 0 6 22 9 5 29 4 0 32 17 35 16
4 33 29 0 0 24 0 25 4 30 5 0 13 3 29 32 33 13 34 0
0 8 0 30 0 24 17 23 11 27 12 5 2 15 28 0 0 29 0 5
9 8 32 29 18 16 1 26 0 13 25 22 12 0 30 28 0 0 33 12
9 0 27 12 11 3 1 2 0 29 17 1 0 11 29 5 4 3 0 6
26 0 31 18 7 24 0 0 15 0 11 6 0 29 0 9 31 31 32 1
0 0 0 0 L
0 1 0 1 L
0 2 0 2 L
0 3 0 3 L
0 4 0 4 L
0 5 0 5 L
0 6 0 6 L
0 7 0 7 L
0 8 0 8 L
0 9 0 9 L
0 10 0 10 L
0 11 0 11 L
0 12 0 12 R
0 13 0 13 R
0 14 0 14 R
0 15 0 15 R
0 16 0 16 R
0 17 0 17 R
0 18 0 18 R
0 19 0 19 R
0 20 0 20 R
0 21 0 21 R
0 22 0 22 R
0 23 0 23 R
0 24 0 24 D
0 25 0 25 D
0 26 0 26 D
0 27 0 27 D
0 28 0 28 D
0 29 0 29 D
0 30 0 30 D
0 31 0 31 D
0 32 0 32 D
0 33 0 33 D
0 34 0 34 D
0 35 0 35 D
0 36 0 36 U
0 37 0 37 U
0 38 0 38 U
0 39 0 39 U
0 40 0 40 U
0 41 0 41 U
0 42 0 42 U
0 43 0 43 U
0 44 0 44 U
0 45 0 45 U
0 46 0 46 U
0 47 0 47 U
0 48 0 48 U
1 0 18 39 U
1 1 0 46 U
1 2 7 2 L
1 3 10 3 L
1 4 11 4 L
1 5 12 5 L
1 6 7 6 L
1 7 7 7 L
1 8 0 37 U
1 9 7 47 U
1 10 8 45 U
1 11 6 42 U
1 12 0 36 U
1 13 0 25 D
1 14 3 14 R
1 15 15 27 D
1 16 0 32 D
1 17 22 17 R
1 18 7 41 U
1 19 0 45 U
1 20 7 20 R
1 21 27 21 R
1 22 3 40 U
1 23 0 24 D
1 24 15 2 L
1 25 13 25 D
1 26 7 14 R
1 27 20 27 D
1 28 9 10 L
1 29 8 29 D
1 30 5 30 D
1 31 20 31 D
1 32 17 32 D
1 33 4 33 D
1 34 10 34 D
1 35 2 35 D
1 36 0 13 R
1 37 11 37 U
1 38 5 13 R
1 39 0 3 L
1 40 3 40 U
1 41 8 14 R
1 42 2 42 U
1 43 24 1 L
1 44 2 44 U
1 45 9 45 U
1 46 17 22 R
1 47 6 47 U
1 48 6 48 U
2 0 30 0 L
2 1 26 26 D
2 2 3 28 D
2 3 7 3 L
2 4 1 31 D
2 5 8 33 D
2 6 16 31 D
2 7 28 7 L
2 8 1 8 L
2 9 8 30 D
2 10 3 10 L
2 11 3 11 L
2 12 0 42 U
2 13 0 38 U
2 14 11 43 U
2 15 11 15 R
2 16 12 36 U
2 17 7 17 R
2 18 15 18 R
2 19 1 19 R
2 20 3 20 R
2 21 7 21 R
2 22 0 9 L
2 23 26 34 D
2 24 0 37 U
2 25 0 0 L
2 26 1 26 D
2 27 0 38 U
2 28 6 28 D
2 29 3 8 L
2 30 6 30 D
2 31 4 31 D
2 32 7 13 R
2 33 4 33 D
2 34 9 22 R
2 35 10 35 D
2 36 0 21 R
2 37 26 13 R
2 38 0 8 L
2 39 4 39 U
2 40 17 40 U
2 41 9 23 R
2 42 1 13 R
2 43 1 43 U
2 44 19 0 L
2 45 11 21 R
2 46 10 46 U
2 47 9 47 U
2 48 6 48 U
3 0 0 38 U
3 1 26 1 L
3 2 2 2 L
3 3 10 40 U
3 4 4 33 D
3 5 2 5 L
3 6 16 6 L
3 7 0 29 D
3 8 2 8 L
3 9 1 9 L
3 10 7 10 L
3 11 1 11 L
3 12 0 37 U
3 13 12 25 D
3 14 2 40 U
3 15 5 15 R
3 16 0 24 D
3 17 8 17 R
3 18 0 4 L
3 19 0 29 D
3 20 0 36 U
3 21 7 38 U
3 22 4 22 R
3 23 2 36 U
3 24 0 2 L
3 25 14 16 R
3 26 0 3 L
3 27 0 14 R
3 28 1 13 R
3 29 14 7 L
3 30 6 30 D
3 31 8 31 D
3 32 0 10 L
3 33 17 7 L
3 34 5 34 D
3 35 19 14 R
3 36 9 12 R
3 37 13 14 R
3 38 4 38 U
3 39 9 22 R
3 40 1 40 U
3 41 0 33 D
3 42 6 42 U
3 43 18 3 L
3 44 9 44 U
3 45 0 2 L
3 46 4 46 U
3 47 2 47 U
3 48 2 48 U
4 0 26 25 D
4 1 16 25 D
4 2 22 37 U
4 3 9 43 U
4 4 11 41 U
4 5 2 5 L
4 6 26 6 L
4 7 6 7 L
4 8 16 34 D
4 9 2 9 L
4 10 9 42 U
4 11 7 11 L
4 12 18 42 U
4 13 27 37 U
4 14 6 25 D
4 15 2 15 R
4 16 3 16 R
4 17 12 32 D
4 18 0 3 L
4 19 3 19 R
4 20 9 20 R
4 21 7 41 U
4 22 13 22 R
4 23 21 23 R
4 24 11 5 L
4 25 3 12 R
4 26 5 26 D
4 27 13 3 L
4 28 19 28 D
4 29 1 29 D
4 30 0 7 L
4 31 22 31 D
4 32 1 32 D
4 33 5 33 D
4 34 3 34 D
4 35 14 21 R
4 36 0 26 D
4 37 12 21 R
4 38 0 15 R
4 39 5 39 U
4 40 23 17 R
4 41 8 18 R
4 42 0 16 R
4 43 3 43 U
4 44 3 44 U
4 45 5 45 U
4 46 10 2 L
4 47 26 9 L
4 48 18 48 U
5 0 1 38 U
5 1 0 16 R
5 2 0 13 R
5 3 1 3 L
5 4 2 4 L
5 5 0 41 U
5 6 10 43 U
5 7 4 7 L
5 8 16 8 L
5 9 9 32 D
5 10 18 31 D
5 11 12 30 D
5 12 13 12 R
5 13 23 13 R
5 14 0 27 D
5 15 32 15 R
5 16 3 16 R
5 17 7 30 D
5 18 7 18 R
5 19 7 19 R
5 20 23 20 R
5 21 0 8 L
5 22 0 45 U
5 23 1 23 R
5 24 0 14 R
5 25 0 22 R
5 26 0 2 L
5 27 4 27 D
5 28 0 18 R
5 29 0 43 U
5 30 3 30 D
5 31 4 31 D
5 32 9 19 R
5 33 0 6 L
5 34 3 34 D
5 35 2 35 D
5 36 4 1 L
5 37 2 20 R
5 38 26 38 U
5 39 1 39 U
5 40 10 18 R
5 41 0 6 L
5 42 3 42 U
5 43 6 43 U
5 44 0 0 L
5 45 18 45 U
5 46 4 46 U
5 47 21 47 U
5 48 24 13 R
6 0 19 42 U
6 1 5 35 D
6 2 17 45 U
6 3 22 26 D
6 4 3 39 U
6 5 4 24 D
6 6 10 26 D
6 7 0 43 U
6 8 1 37 U
6 9 2 28 D
6 10 17 28 D
6 11 13 11 L
6 12 7 45 U
6 13 3 24 D
6 14 1 14 R
6 15 7 30 D
6 16 3 25 D
6 17 11 32 D
6 18 12 18 R
6 19 2 37 U
6 20 25 36 U
6 21 0 9 L
6 22 0 11 L
6 23 12 23 R
6 24 9 0 L
6 25 9 12 R
6 26 0 36 U
6 27 0 16 R
6 28 12 16 R
6 29 0 19 R
6 30 8 30 D
6 31 9 11 L
6 32 5 23 R
6 33 2 33 D
6 34 2 34 D
6 35 1 35 D
6 36 8 15 R
6 37 4 22 R
6 38 7 5 L
6 39 1 39 U
6 40 2 0 L
6 41 5 41 U
6 42 5 42 U
6 43 5 43 U
6 44 1 44 U
6 45 28 6 L
6 46 2 46 U
6 47 22 47 U
6 48 1 48 U
7 0 8 43 U
7 1 18 43 U
7 2 24 2 L
7 3 17 24 D
7 4 3 4 L
7 5 15 40 U
7 6 5 6 L
7 7 2 7 L
7 8 2 8 L
7 9 3 9 L
7 10 1 10 L
7 11 2 11 L
7 12 10 5 L
7 13 0 40 U
7 14 18 27 D
7 15 17 40 U
7 16 19 36 U
7 17 18 36 U
7 18 17 32 D
7 19 2 19 R
7 20 0 32 D
7 21 0 39 U
7 22 10 1 L
7 23 8 23 R
7 24 28 7 L
7 25 15 19 R
7 26 25 7 L
7 27 22 7 L
7 28 4 28 D
7 29 24 9 L
7 30 6 30 D
7 31 18 4 L
7 32 5 3 L
7 33 3 4 L
7 34 12 0 L
7 35 24 20 R
7 36 14 14 R
7 37 25 16 R
7 38 20 21 R
7 39 0 32 D
7 40 3 40 U
7 41 2 41 U
7 42 28 2 L
7 43 14 19 R
7 44 17 1 L
7 45 9 11 L
7 46 2 46 U
7 47 8 18 R
7 48 10 31 D
8 0 24 46 U
8 1 24 24 D
8 2 3 2 L
8 3 9 26 D
8 4 2 28 D
8 5 3 5 L
8 6 3 42 U
8 7 27 30 D
8 8 4 46 U
8 9 4 34 D
8 10 18 10 L
8 11 0 27 D
8 12 13 30 D
8 13 15 10 L
8 14 7 34 D
8 15 2 15 R
8 16 25 16 R
8 17 2 17 R
8 18 5 18 R
8 19 2 19 R
8 20 3 20 R
8 21 0 6 L
8 22 0 5 L
8 23 4 23 R
8 24 22 24 D
8 25 7 1 L
8 26 6 22 R
8 27 15 16 R
8 28 1 42 U
8 29 25 29 D
8 30 0 42 U
8 31 0 12 R
8 32 0 16 R
8 33 18 21 R
8 34 24 19 R
8 35 1 35 D
8 37 10 37 U
8 38 10 20 R
8 39 11 17 R
8 40 3 14 R
8 41 5 18 R
8 42 1 12 R
8 43 9 43 U
8 44 1 44 U
8 45 6 45 U
8 46 14 46 U
8 47 13 47 U
8 48 21 16 R
9 0 0 12 R
9 1 0 25 D
9 2 29 2 L
9 3 2 39 U
9 4 11 47 U
9 5 0 36 U
9 6 6 29 D
9 7 12 47 U
9 8 24 25 D
9 9 2 35 D
9 10 17 10 L
9 11 3 11 L
9 12 16 32 D
9 13 8 13 R
9 14 7 41 U
9 15 15 31 D
9 16 5 16 R
9 17 0 24 D
9 18 15 25 D
9 19 3 19 R
9 20 17 31 D
9 21 26 36 U
9 22 15 22 R
9 23 7 23 R
9 24 2 8 L
9 25 0 17 R
9 26 1 15 R
9 27 18 13 R
9 28 2 28 D
9 29 10 29 D
9 30 0 44 U
9 31 20 12 R
9 32 0 36 U
9 33 3 33 D
9 34 1 34 D
9 35 4 35 D
9 36 3 17 R
9 37 1 1 L
9 38 1 38 U
9 39 18 12 R
9 40 10 40 U
9 41 8 41 U
9 42 5 42 U
9 43 7 21 R
9 44 6 44 U
9 45 27 45 U
9 46 5 46 U
9 47 10 47 U
9 48 0 25 D
10 0 21 24 D
10 1 3 44 U
10 2 0 28 D
10 3 24 24 D
10 4 22 24 D
10 5 1 5 L
10 6 20 32 D
10 7 19 33 D
10 8 22 35 D
10 9 4 9 L
10 10 7 10 L
10 11 8 47 U
10 12 27 38 U
10 13 0 1 L
10 14 17 26 D
10 15 3 30 D
10 16 11 24 D
10 17 0 5 L
10 18 15 34 D
10 19 25 28 D
10 20 13 20 R
10 21 21 27 D
10 22 12 45 U
10 23 26 27 D
10 24 11 21 R
10 25 23 1 L
10 26 18 12 R
10 27 14 27 D
10 28 16 20 R
10 29 9 29 D
10 30 6 21 R
10 31 20 13 R
10 32 3 32 D
10 33 8 33 D
10 34 27 23 R
10 35 3 35 D
10 36 0 19 R
10 37 0 29 D
10 38 19 38 U
10 39 2 39 U
10 40 13 17 R
10 41 3 41 U
10 42 9 42 U
10 43 1 43 U
10 44 4 44 U
10 45 2 45 U
10 46 6 46 U
10 47 9 0 L
10 48 8 48 U
11 0 0 24 D
11 1 4 1 L
11 2 15 38 U
11 3 14 27 D
11 4 8 4 L
11 5 21 5 L
11 6 16 35 D
11 7 20 40 U
11 8 7 26 D
11 9 23 26 D
11 10 2 43 U
11 11 7 44 U
11 12 10 12 R
11 13 0 41 U
11 14 1 14 R
11 15 0 43 U
11 16 0 26 D
11 17 2 17 R
11 18 7 18 R
11 19 0 46 U
11 20 3 20 R
11 21 20 21 R
11 22 2 22 R
11 23 14 35 D
11 24 0 12 R
11 25 1 0 L
11 26 2 3 L
11 27 1 3 L
11 28 0 41 U
11 29 0 5 L
11 30 0 13 R
11 31 13 21 R
11 32 25 21 R
11 33 0 47 U
11 34 13 38 U
11 35 22 13 R
11 36 19 15 R
11 37 10 11 L
11 38 17 1 L
11 39 23 16 R
11 40 0 17 R
11 41 32 19 R
11 42 22 42 U
11 43 2 20 R
11 44 4 12 R
11 45 3 1 L
11 46 20 18 R
11 47 1 19 R
11 48 1 48 U
12 0 13 29 D
12 1 20 41 U
12 2 1 33 D
12 3 11 27 D
12 4 20 27 D
12 5 24 5 L
12 6 2 6 L
12 7 15 34 D
12 8 3 8 L
12 9 3 9 L
12 10 13 34 D
12 11 18 28 D
12 12 17 44 U
12 13 14 48 U
12 14 0 0 L
12 15 1 33 D
12 16 4 16 R
12 17 3 17 R
12 18 4 18 R
12 19 6 19 R
12 20 0 7 L
12 21 2 21 R
12 22 2 22 R
12 23 0 38 U
12 24 0 7 L
12 25 8 8 L
12 26 4 11 L
12 27 6 27 D
12 28 19 8 L
12 29 23 14 R
12 30 6 20 R
12 31 0 4 L
12 32 1 41 U
12 33 3 33 D
12 34 25 15 R
12 35 19 35 D
12 36 22 23 R
12 37 23 15 R
12 38 1 2 L
12 39 5 13 R
12 40 1 40 U
12 41 6 41 U
12 42 24 42 U
12 43 4 21 R
12 44 19 44 U
12 45 2 45 U
12 46 27 14 R
12 47 10 47 U
12 48 2 48 U
13 0 9 29 D
13 1 0 47 U
13 2 27 28 D
13 3 17 30 D
13 4 7 4 L
13 5 5 38 U
13 6 2 6 L
13 7 7 7 L
13 8 6 8 L
13 9 5 9 L
13 10 16 10 L
13 11 8 11 L
13 12 6 36 U
13 13 7 13 R
13 14 20 36 U
13 15 0 0 L
13 16 14 31 D
13 17 17 27 D
13 18 0 29 D
13 19 28 34 D
13 20 3 20 R
13 21 2 21 R
13 22 24 22 R
13 23 17 23 R
13 24 12 11 L
13 25 0 1 L
13 26 15 19 R
13 27 27 27 D
13 28 23 28 D
13 29 17 19 R
13 30 7 12 R
13 31 0 40 U
13 32 17 32 D
13 33 4 33 D
13 34 2 34 D
13 35 15 3 L
13 36 26 36 U
13 37 0 24 D
13 38 16 2 L
13 39 7 12 R
13 40 2 15 R
13 41 22 15 R
13 42 0 29 D
13 43 0 20 R
13 44 25 44 U
13 45 9 45 U
13 46 5 46 U
13 47 27 15 R
13 48 4 48 U
14 0 12 36 U
14 1 8 37 U
14 2 17 36 U
14 3 3 40 U
14 4 19 22 R
14 5 0 31 D
14 6 0 45 U
14 7 20 25 D
14 8 2 42 U
14 9 16 39 U
14 10 2 45 U
14 11 2 11 L
14 12 3 0 L
14 13 16 44 U
14 14 10 32 D
14 15 31 28 D
14 16 22 16 R
14 17 16 29 D
14 18 20 18 R
14 19 22 40 U
14 20 3 28 D
14 21 22 29 D
14 22 5 22 R
14 23 10 24 D
14 24 2 24 D
14 25 17 17 R
14 26 3 13 R
14 27 16 38 U
14 28 20 5 L
14 29 4 5 L
14 30 0 11 L
14 31 2 0 L
14 32 6 32 D
14 33 3 33 D
14 34 5 34 D
14 35 2 35 D
14 36 15 22 R
14 37 13 4 L
14 38 0 12 R
14 39 2 39 U
14 40 18 0 L
14 41 2 41 U
14 42 3 42 U
14 43 4 43 U
14 44 0 1 L
14 45 11 9 L
14 46 1 46 U
14 47 6 47 U
14 48 1 48 U
15 0 3 34 D
15 1 13 40 U
15 2 3 2 L
15 3 0 36 U
15 4 16 39 U
15 5 8 31 D
15 6 11 39 U
15 7 0 19 R
15 8 31 40 U
15 9 2 9 L
15 10 6 10 L
15 11 2 11 L
15 12 0 5 L
15 13 24 43 U
15 14 16 42 U
15 15 5 15 R
15 16 12 37 U
15 17 0 29 D
15 18 5 18 R
15 19 0 33 D
15 20 28 29 D
15 21 11 32 D
15 22 19 30 D
15 23 8 23 R
15 24 20 6 L
15 25 4 25 D
15 26 8 26 D
15 27 9 2 L
15 28 24 0 L
15 29 0 42 U
15 30 28 30 D
15 31 2 17 R
15 32 1 0 L
15 33 24 33 D
15 34 8 34 D
15 35 3 35 D
15 36 14 0 L
15 37 0 18 R
15 38 8 15 R
15 39 11 39 U
15 40 5 40 U
15 41 29 1 L
15 42 1 42 U
15 43 20 4 L
15 44 18 20 R
15 45 1 45 U
15 46 20 16 R
15 47 4 4 L
15 48 3 48 U
16 0 3 24 D
16 1 22 47 U
16 2 2 2 L
16 3 20 35 D
16 4 3 25 D
16 5 7 5 L
16 6 0 39 U
16 7 5 25 D
16 8 22 8 L
16 9 4 29 D
16 10 4 10 L
16 11 4 11 L
16 12 27 24 D
16 13 1 37 U
16 14 26 31 D
16 15 3 41 U
16 16 18 33 D
16 17 9 26 D
16 18 3 18 R
16 19 1 19 R
16 20 10 20 R
16 21 13 21 R
16 22 22 40 U
16 23 8 23 R
16 24 20 16 R
16 25 14 4 L
16 26 25 12 R
16 27 11 1 L
16 28 8 28 D
16 29 0 8 L
16 30 29 20 R
16 31 23 31 D
16 32 12 23 R
16 33 31 17 R
16 34 8 34 D
16 35 3 20 R
16 36 0 14 R
16 37 1 3 L
16 38 19 3 L
16 39 17 3 L
16 40 4 13 R
16 41 6 4 L
16 42 11 4 L
16 43 23 23 R
16 44 2 1 L
16 45 4 16 R
16 46 2 46 U
16 47 0 35 D
16 48 1 48 U
17 0 4 25 D
17 1 2 24 D
17 2 0 15 R
17 3 2 26 D
17 4 10 37 U
17 5 2 34 D
17 6 3 6 L
17 7 15 24 D
17 8 1 8 L
17 9 16 9 L
17 10 12 10 L
17 11 10 37 U
17 12 5 39 U
17 13 12 13 R
17 14 16 29 D
17 15 13 15 R
17 16 4 42 U
17 17 4 17 R
17 18 1 18 R
17 19 20 19 R
17 20 29 38 U
17 21 4 31 D
17 22 2 22 R
17 23 2 23 R
17 24 10 24 D
17 25 16 12 R
17 26 2 12 R
17 27 2 27 D
17 28 0 39 U
17 29 0 44 U
17 30 11 12 R
17 31 0 1 L
17 32 4 32 D
17 33 4 19 R
17 34 12 10 L
17 35 0 19 R
17 36 0 1 L
17 37 27 17 R
17 38 4 5 L
17 39 16 22 R
17 40 7 9 L
17 41 15 5 L
17 42 25 21 R
17 43 2 43 U
17 44 11 44 U
17 45 9 45 U
17 46 1 46 U
17 47 0 28 D
17 48 29 7 L
18 0 24 28 D
18 1 10 37 U
18 2 28 26 D
18 3 0 44 U
18 4 8 48 U
18 5 12 37 U
18 6 8 42 U
18 7 2 42 U
18 9 11 27 D
18 10 10 10 L
18 11 7 25 D
18 12 17 25 D
18 13 23 42 U
18 14 16 35 D
18 15 15 32 D
18 16 4 16 R
18 17 1 17 R
18 18 23 18 R
18 19 14 19 R
18 20 6 20 R
18 21 2 21 R
18 22 3 22 R
18 23 0 40 U
18 24 29 1 L
18 25 8 14 R
18 26 5 12 R
18 27 24 15 R
18 28 12 14 R
18 29 14 46 U
18 30 19 17 R
18 31 8 31 D
18 32 26 16 R
18 33 3 33 D
18 34 25 34 D
18 35 4 35 D
18 36 4 17 R
18 37 15 12 R
18 38 11 5 L
18 39 20 19 R
18 40 22 40 U
18 41 1 9 L
18 42 24 23 R
18 43 1 43 U
18 44 22 44 U
18 45 10 6 L
18 46 0 34 D
18 47 6 47 U
18 48 13 48 U
19 0 2 45 U
19 1 3 38 U
19 2 1 2 L
19 3 3 3 L
19 4 21 31 D
19 5 24 32 D
19 6 25 48 U
19 7 0 42 U
19 8 5 43 U
19 9 27 27 D
19 10 3 10 L
19 11 25 26 D
19 12 0 47 U
19 13 7 35 D
19 14 11 28 D
19 15 0 36 U
19 16 1 40 U
19 17 20 35 D
19 18 0 26 D
19 19 8 19 R
19 20 17 39 U
19 21 1 46 U
19 22 7 11 L
19 23 20 47 U
19 24 25 10 L
19 25 3 14 R
19 26 21 18 R
19 27 22 27 D
19 28 22 28 D
19 29 3 29 D
19 30 0 18 R
19 31 13 31 D
19 32 24 32 D
19 33 3 33 D
19 34 25 34 D
19 35 25 35 D
19 36 18 1 L
19 37 0 7 L
19 38 1 38 U
19 39 4 25 D
19 40 12 40 U
19 41 2 41 U
19 42 1 42 U
19 43 13 17 R
19 44 12 44 U
19 45 4 45 U
19 46 10 21 R
19 47 1 47 U
19 48 20 18 R
20 0 23 39 U
20 1 16 47 U
20 2 18 24 D
20 3 26 47 U
20 4 12 32 D
20 5 6 27 D
20 6 6 6 L
20 7 1 7 L
20 9 26 9 L
20 10 6 10 L
20 11 4 11 L
20 12 1 36 U
20 13 13 13 R
20 14 30 14 R
20 15 6 28 D
20 16 5 16 R
20 17 16 28 D
20 18 18 28 D
20 19 28 41 U
20 20 9 20 R
20 21 27 36 U
20 22 15 43 U
20 23 25 31 D
20 24 14 3 L
20 25 10 10 L
20 26 19 6 L
20 27 7 19 R
20 28 22 28 D
20 29 8 29 D
20 30 2 30 D
20 31 21 3 L
20 32 18 18 R
20 33 2 2 L
20 34 6 34 D
20 35 1 35 D
20 36 10 14 R
20 37 12 37 U
20 38 1 0 L
20 39 19 39 U
20 40 0 10 L
20 41 11 16 R
20 42 18 23 R
20 43 19 12 R
20 44 5 44 U
20 45 5 45 U
20 46 12 46 U
20 47 5 47 U
20 48 19 48 U
21 0 3 27 D
21 1 19 44 U
21 2 18 34 D
21 3 13 34 D
21 4 2 29 D
21 5 6 31 D
21 7 26 7 L
21 9 5 9 L
21 10 9 10 L
21 11 2 11 L
21 12 11 46 U
21 13 26 3 L
21 14 3 27 D
21 15 5 4 L
21 16 19 3 L
21 17 14 40 U
21 18 3 18 R
21 19 3 39 U
21 20 24 41 U
21 21 3 21 R
21 22 0 37 U
21 23 22 29 D
21 24 17 43 U
21 25 2 15 R
21 26 17 9 L
21 27 13 14 R
21 28 11 17 R
21 29 4 18 R
21 30 5 30 D
21 31 4 23 R
21 32 1 32 D
21 33 9 33 D
21 34 3 17 R
21 35 23 15 R
21 36 7 7 L
21 37 24 18 R
21 38 20 6 L
21 39 23 0 L
21 40 3 40 U
21 41 11 18 R
21 42 1 42 U
21 43 8 43 U
21 44 5 18 R
21 46 1 27 D
21 47 25 4 L
21 48 17 20 R
22 0 13 31 D
22 1 29 42 U
22 2 26 33 D
22 3 21 46 U
22 4 11 4 L
22 5 13 28 D
22 6 10 47 U
22 7 12 7 L
22 8 25 43 U
22 9 10 24 D
22 10 16 41 U
22 11 24 37 U
22 13 0 31 D
22 14 5 38 U
22 15 1 15 R
22 16 10 3 L
22 17 0 30 D
22 18 15 24 D
22 19 0 26 D
22 20 9 32 D
22 21 3 21 R
22 22 3 22 R
22 23 2 1 L
22 24 15 20 R
22 25 14 14 R
22 26 23 4 L
22 27 5 27 D
22 28 13 21 R
22 29 23 5 L
22 30 8 30 D
22 31 13 0 L
22 32 14 5 L
22 33 3 0 L
22 34 20 34 D
22 35 12 35 D
22 36 19 21 R
22 37 0 9 L
22 38 19 38 U
22 39 5 23 R
22 40 18 16 R
22 41 8 41 U
22 42 0 5 L
22 43 3 43 U
22 44 10 44 U
22 46 2 9 L
22 47 6 47 U
22 48 27 48 U
23 0 33 25 D
23 1 12 28 D
23 2 3 39 U
23 3 7 3 L
23 4 4 46 U
23 5 1 5 L
23 7 0 32 D
23 8 14 47 U
23 9 5 9 L
23 10 5 10 L
23 11 12 11 L
23 12 5 26 D
23 14 22 48 U
23 15 21 44 U
23 16 27 39 U
23 17 25 48 U
23 18 20 35 D
23 19 3 19 R
23 20 21 20 R
23 21 2 21 R
23 22 29 22 R
23 23 12 23 R
23 24 13 8 L
23 25 30 5 L
23 26 1 26 D
23 27 20 27 D
23 28 0 37 U
23 29 20 29 D
23 30 10 30 D
23 31 26 46 U
23 32 4 32 D
23 33 13 33 D
23 34 25 14 R
23 35 24 35 D
23 36 20 19 R
23 38 13 10 L
23 39 10 16 R
23 40 16 15 R
23 41 11 41 U
23 42 10 22 R
23 43 2 22 R
23 44 11 44 U
23 45 24 1 L
23 46 8 46 U
23 47 1 47 U
23 48 21 20 R
24 0 16 44 U
24 1 2 40 U
24 2 4 32 D
24 3 13 3 L
24 4 28 48 U
24 5 8 5 L
24 6 1 6 L
24 7 4 7 L
24 8 23 8 L
24 9 7 40 U
24 10 1 32 D
24 11 5 11 L
24 12 33 33 D
24 13 7 34 D
24 14 1 14 R
24 15 12 15 R
24 16 1 16 R
24 17 19 38 U
24 18 16 18 R
24 19 3 38 U
24 20 0 27 D
24 21 7 21 R
24 22 10 37 U
24 23 2 23 R
24 24 9 7 L
24 25 2 25 D
24 26 20 2 L
24 27 1 27 D
24 28 22 28 D
24 29 16 10 L
24 30 11 2 L
24 31 3 31 D
24 32 14 32 D
24 33 10 33 D
24 34 19 16 R
24 35 26 19 R
24 36 18 13 R
24 37 3 25 D
24 38 18 22 R
24 39 1 39 U
24 40 16 23 R
24 41 20 7 L
24 42 21 42 U
24 43 16 43 U
24 44 25 21 R
24 46 2 28 D
24 47 9 47 U
24 48 16 2 L
25 0 24 40 U
25 1 14 46 U
25 2 21 39 U
25 3 32 31 D
25 4 4 4 L
25 5 4 5 L
25 7 7 7 L
25 8 17 30 D
25 9 9 41 U
25 10 22 42 U
25 11 15 11 L
25 13 8 40 U
25 14 13 45 U
25 15 2 30 D
25 16 30 47 U
25 17 7 40 U
25 18 10 38 U
25 19 8 19 R
25 20 3 30 D
25 21 14 30 D
25 22 0 8 L
25 23 7 23 R
25 24 18 36 U
25 25 16 11 L
25 26 13 1 L
25 27 9 27 D
25 28 17 11 L
25 29 14 29 D
25 30 1 30 D
25 31 10 44 U
25 32 8 18 R
25 33 13 33 D
25 34 21 5 L
25 35 11 35 D
25 38 14 23 R
25 39 14 6 L
25 40 4 5 L
25 41 26 22 R
25 42 5 42 U
25 43 10 43 U
25 44 1 44 U
25 46 4 0 L
25 47 0 9 L
25 48 34 1 L
26 0 5 26 D
26 1 3 1 L
26 2 12 44 U
26 3 25 37 U
26 5 0 48 U
26 6 8 6 L
26 7 8 7 L
26 8 4 8 L
26 9 29 41 U
26 10 1 44 U
26 11 8 11 L
26 12 4 12 R
26 13 21 29 D
26 14 0 44 U
26 15 1 15 R
26 16 2 16 R
26 17 13 17 R
26 18 3 24 D
26 19 7 19 R
26 20 5 20 R
26 21 6 27 D
26 22 28 43 U
26 23 11 25 D
26 24 18 12 R
26 25 10 13 R
26 26 7 7 L
26 27 1 15 R
26 28 2 14 R
26 29 9 29 D
26 30 1 12 R
26 31 1 31 D
26 32 4 3 L
26 33 0 36 U
26 34 24 14 R
26 35 11 16 R
26 37 16 33 D
26 38 14 9 L
26 39 12 22 R
26 40 19 12 R
26 41 14 11 L
26 42 22 13 R
26 43 9 43 U
26 44 18 7 L
26 47 3 23 R
26 48 2 48 U
27 0 0 33 D
27 1 30 24 D
27 2 9 32 D
27 5 26 48 U
27 6 0 46 U
27 7 16 26 D
27 9 28 9 L
27 10 17 24 D
27 11 19 24 D
27 12 23 38 U
27 14 2 14 R
27 15 11 33 D
27 16 25 16 R
27 17 15 26 D
27 18 6 18 R
27 19 1 19 R
27 20 4 20 R
27 21 13 21 R
27 23 20 23 R
27 24 5 10 L
27 25 4 0 L
27 26 10 2 L
27 27 4 12 R
27 28 30 28 D
27 29 24 29 D
27 30 4 6 L
27 32 2 32 D
27 33 4 33 D
27 34 22 34 D
27 35 20 22 R
27 36 28 0 L
27 37 20 0 L
27 38 26 12 R
27 40 29 19 R
27 41 16 17 R
27 42 25 3 L
27 43 10 14 R
27 44 4 44 U
27 46 20 46 U
27 47 24 47 U
27 48 9 48 U
28 0 21 30 D
28 1 35 1 L
28 2 8 32 D
28 4 1 4 L
28 5 10 46 U
28 6 7 6 L
28 7 4 31 D
28 10 15 32 D
28 11 2 11 L
28 13 2 30 D
28 14 3 14 R
28 15 27 35 D
28 16 21 16 R
28 17 1 17 R
28 18 3 18 R
28 19 24 38 U
28 20 0 10 L
28 21 15 33 D
28 25 26 9 L
28 26 11 4 L
28 28 25 3 L
28 29 3 29 D
28 30 15 3 L
28 32 1 16 R
28 33 1 33 D
28 34 12 8 L
28 37 8 3 L
28 38 9 38 U
28 39 10 1 L
28 40 27 8 L
28 41 2 41 U
28 42 9 42 U
28 43 31 8 L
28 44 3 18 R
28 47 10 47 U
28 48 22 48 U
29 0 27 0 L
29 1 19 48 U
29 2 0 12 R
29 5 11 17 R
29 7 1 7 L
29 10 6 10 L
29 11 27 26 D
29 12 11 36 U
29 14 2 14 R
29 15 21 48 U
29 16 0 7 L
29 18 3 34 D
29 19 6 19 R
29 21 24 21 R
29 23 11 23 R
29 24 28 0 L
29 28 11 41 U
29 29 7 41 U
29 30 24 30 D
29 32 25 32 D
29 33 15 19 R
29 34 18 13 R
29 38 3 13 R
29 39 16 18 R
29 40 30 9 L
29 41 1 41 U
29 44 6 15 R
29 47 28 16 R
29 48 20 48 U
30 0 12 39 U
30 7 6 7 L
30 10 7 10 L
30 11 17 11 L
30 12 14 31 D
30 14 15 29 D
30 16 1 16 R
30 17 24 17 R
30 18 7 38 U
30 19 29 19 R
30 21 0 29 D
30 27 4 27 D
30 28 32 28 D
30 29 2 29 D
30 30 4 30 D
30 32 20 2 L
30 33 1 33 D
30 34 1 34 D
30 38 29 16 R
30 41 1 41 U
30 44 13 3 L
30 47 21 33 D
30 48 4 48 U
31 7 8 40 U
31 11 30 11 L
31 14 1 14 R
31 16 23 16 R
31 18 2 18 R
31 19 12 19 R
31 21 21 21 R
31 28 29 2 L
31 29 9 29 D
31 30 3 30 D
31 34 8 2 L
31 41 32 8 L
31 44 22 44 U
31 47 26 5 L
32 7 25 30 D
32 11 18 11 L
32 14 1 14 R
32 16 5 16 R
32 19 29 19 R
32 21 4 21 R
32 28 15 28 D
32 30 2 30 D
32 34 15 34 D
32 41 25 41 U
32 47 2 20 R
33 11 19 11 L
33 14 1 14 R
33 16 1 16 R
33 19 23 19 R
33 21 4 21 R
33 28 6 28 D
33 30 16 15 R
33 34 3 1 L
33 47 3 12 R
34 11 30 11 L
34 16 6 28 D
34 21 25 42 U
34 30 23 30 D
34 34 10 34 D
35 11 0 19 R
35 16 31 16 R
35 21 13 21 R
35 30 1 30 D
35 34 2 34 D

