8 7 45
0 0 0 0 6 0 0 0 0 0
2 6 4 0 6 0 0 2 0 4
0 7 0 0 0 0 0 0 0 3
1 0 0 0 0 0 0 3 0 0
0 0 0 0 0 0 3 0 0 5
4 0 0 3 0 0 0 5 0 2
0 0 5 0 2 0 0 0 0 4
0 0 0 0 0 0 0 0 0 0
3 4 0 3 0 0 0 0 0 1
0 0 0 0 7 0 0 0 0 0
0 0 0 0 L
0 1 0 1 L
0 2 0 2 R
0 3 0 3 R
0 4 0 4 D
0 5 0 5 U
0 6 0 6 U
1 0 3 0 L
1 1 2 1 L
1 2 3 1 L
1 3 4 6 U
1 4 5 2 R
1 5 2 3 R
1 6 3 6 U
2 0 3 4 D
2 1 0 4 D
2 2 0 5 U
2 3 4 3 R
2 4 1 4 D
2 5 3 1 L
2 6 3 2 R
3 0 0 5 U
3 1 5 5 U
3 2 1 2 R
3 3 0 1 L
3 4 0 2 R
3 5 0 2 R
3 6 2 2 R
4 0 1 5 U
4 1 1 1 L
4 2 0 0 L
4 3 3 3 R
4 4 0 5 U
4 5 6 5 U
4 6 0 3 R
5 0 0 6 U
5 1 4 1 L
5 2 2 0 L
5 4 0 3 R
5 5 0 0 L
6 1 2 4 D
6 4 3 4 D
6 5 0 4 D
7 4 0 6 U
7 5 2 5 U

