20 17 314
9 2 0 0 6 7 12 9 4 14 8 0 0 6 0 0 6 11
10 0 0 11 1 8 0 0 16 0 0 0 9 1 0 0 17 6
15 0 16 19 16 0 0 18 0 0 0 17 0 0 13 7 9 0
8 0 0 0 1 0 13 0 0 0 0 0 16 16 11 0 18 0
0 8 0 0 3 6 0 6 1 7 16 0 0 0 0 12 0 17
10 0 0 0 0 11 0 0 10 13 0 0 14 0 0 10 17 9
4 0 18 0 14 0 0 0 0 19 0 3 15 14 14 2 0 18
0 11 0 17 8 0 6 10 0 0 17 0 0 0 0 13 0 0
0 13 0 0 14 0 0 0 14 14 0 17 17 0 0 0 17 16
0 0 19 18 8 0 19 11 0 0 0 19 0 18 17 0 16 2
2 0 0 0 0 0 15 0 0 6 18 0 13 0 0 0 14 5
6 0 18 0 0 0 17 0 0 18 19 8 0 0 0 6 0 1
0 0 17 1 10 7 0 4 0 0 0 5 0 5 0 0 9 0
5 0 0 0 0 17 0 0 0 0 18 2 0 0 9 5 0 10
0 13 11 0 13 0 15 0 11 0 0 0 0 0 0 0 14 9
0 0 0 0 4 2 0 12 6 0 5 3 11 9 0 13 1 10
1 1 5 0 5 0 0 15 0 15 1 0 0 0 11 0 2 8
0 14 0 18 4 4 14 0 3 14 0 11 13 0 0 15 10 10
0 0 0 0 D
0 1 0 1 D
0 2 0 2 D
0 3 0 3 D
0 4 0 4 R
0 5 0 5 R
0 6 0 6 R
0 7 0 7 R
0 8 0 8 U
0 9 0 9 U
0 10 0 10 U
0 11 0 11 U
0 12 0 12 U
0 13 0 13 L
0 14 0 14 L
0 15 0 15 L
0 16 0 16 L
1 0 0 4 R
1 1 0 9 U
1 2 0 10 U
1 3 0 5 R
1 4 0 8 U
1 5 0 0 D
1 6 0 15 L
1 7 0 16 L
1 8 0 0 D
1 9 0 14 L
1 10 0 6 R
1 11 0 15 L
1 12 0 16 L
1 13 0 4 R
1 14 0 0 D
1 15 0 9 U
1 16 0 3 D
2 0 0 13 L
2 1 2 1 D
2 2 1 2 D
2 3 1 3 D
2 4 0 9 U
2 5 0 11 U
2 6 1 6 R
2 7 2 14 L
2 8 1 8 U
2 9 0 5 R
2 10 1 7 R
2 11 1 11 U
2 12 2 12 U
2 13 1 13 L
2 14 0 1 D
2 15 0 2 D
2 16 2 2 D
3 0 0 14 L
3 1 0 12 U
3 2 0 8 U
3 3 1 11 U
3 4 0 1 D
3 5 0 13 L
3 6 4 6 R
3 7 5 7 R
3 8 0 4 R
3 9 2 3 D
3 10 0 1 D
3 11 1 13 L
3 12 0 7 R
3 13 0 8 U
3 14 4 0 D
3 15 2 15 L
3 16 7 9 U
4 0 3 13 L
4 1 1 5 R
4 2 4 2 D
4 3 4 3 D
4 4 0 13 L
4 5 3 5 R
4 6 3 6 R
4 7 4 7 R
4 8 3 5 R
4 9 6 9 U
4 10 4 4 R
4 11 3 11 U
4 12 1 12 U
4 13 3 13 L
4 14 1 8 U
4 15 1 15 L
4 16 2 16 L
5 0 0 15 L
5 1 6 1 D
5 2 2 7 R
5 3 2 3 D
5 4 1 0 D
5 5 3 14 L
5 6 2 6 R
5 7 5 3 D
5 8 1 5 R
5 9 5 9 U
5 10 6 10 U
5 11 4 7 R
5 12 7 12 U
5 13 1 10 U
5 14 3 14 L
5 15 3 11 U
5 16 6 4 R
6 0 3 0 D
6 1 0 6 R
6 2 6 2 D
6 3 3 3 D
6 4 2 14 L
6 5 6 5 R
6 6 0 9 U
6 7 1 11 U
6 8 0 13 L
6 9 1 4 R
6 10 7 10 U
6 11 0 4 R
6 12 8 5 R
6 13 0 5 R
6 14 6 10 U
6 15 5 12 U
6 16 1 16 L
7 0 1 15 L
7 1 5 6 R
7 2 5 15 L
7 3 0 4 R
7 4 3 8 U
7 5 2 5 R
7 6 6 9 U
7 7 0 14 L
7 8 0 14 L
7 9 0 3 D
7 10 7 15 L
7 11 4 11 U
7 13 5 0 D
7 14 1 0 D
7 15 3 3 D
7 16 0 2 D
8 0 7 0 D
8 1 8 15 L
8 2 3 2 D
8 3 0 6 R
8 4 0 2 D
8 5 4 1 D
8 6 2 12 U
8 7 8 7 R
8 8 4 8 U
8 9 3 9 U
8 10 8 10 U
8 11 2 11 U
8 13 5 9 U
8 14 8 10 U
8 15 4 15 L
8 16 6 16 L
9 0 2 0 D
9 1 1 1 D
9 2 9 2 D
9 3 5 3 D
9 4 3 1 D
9 5 7 5 R
9 6 0 3 D
9 7 5 16 L
9 8 9 7 R
9 9 7 9 U
9 10 10 14 L
9 11 0 1 D
9 13 7 1 D
9 14 2 1 D
9 15 1 9 U
9 16 8 16 L
10 0 1 6 R
10 1 2 13 L
10 2 8 2 D
10 3 8 3 D
10 4 0 12 U
10 5 1 8 U
10 6 0 10 U
10 7 11 11 U
10 8 8 3 D
10 9 0 16 L
10 10 1 10 U
10 11 11 11 U
10 13 0 10 U
10 14 6 14 L
10 15 9 15 L
10 16 0 11 U
11 0 1 0 D
11 1 3 5 R
11 2 10 13 L
11 3 8 5 R
11 4 4 4 R
11 5 1 1 D
11 6 10 6 R
11 7 11 7 R
11 8 0 6 R
11 9 9 4 R
11 10 12 6 R
11 11 9 11 U
11 13 9 0 D
11 14 4 3 D
11 15 5 15 L
11 16 5 16 L
12 0 0 7 R
12 1 0 16 L
12 2 7 2 D
12 3 4 14 L
12 4 1 4 R
12 5 0 8 U
12 6 9 6 R
12 7 10 7 R
12 8 8 14 L
12 9 13 9 U
12 10 11 14 L
12 11 6 11 U
12 13 4 13 L
12 14 5 14 L
12 15 2 8 U
12 16 9 2 D
13 0 11 0 D
13 1 13 1 D
13 2 13 7 R
13 3 11 3 D
13 4 12 4 R
13 5 16 9 U
13 6 4 15 L
13 7 1 10 U
13 8 11 0 D
13 9 15 9 U
13 10 3 15 L
13 11 10 16 L
13 13 1 0 D
13 14 12 1 D
13 15 9 10 U
13 16 16 9 U
14 0 12 4 R
14 1 2 6 R
14 2 0 14 L
14 3 1 4 R
14 4 1 14 L
14 5 18 5 R
14 6 9 10 U
14 7 1 7 R
14 8 6 2 D
14 9 5 13 L
14 10 10 15 L
14 11 12 11 U
14 13 12 13 L
14 14 14 14 L
14 15 3 1 D
14 16 13 16 L
15 0 13 4 R
15 1 11 10 U
15 2 3 6 R
15 3 14 13 L
15 4 13 4 R
15 5 11 3 D
15 6 14 1 D
15 7 12 7 R
15 8 9 8 U
15 9 2 9 U
15 10 11 10 U
15 13 7 5 R
15 14 0 3 D
15 15 7 11 U
15 16 0 5 R
16 0 5 14 L
16 1 15 1 D
16 2 11 15 L
16 3 15 3 D
16 4 8 2 D
16 5 13 8 U
16 6 14 6 R
16 7 13 14 L
16 8 4 5 R
16 9 17 5 R
16 10 2 4 R
16 13 15 3 D
16 14 2 14 L
16 15 13 3 D
16 16 7 16 L
17 0 12 5 R
17 1 5 5 R
17 2 12 2 D
17 3 13 5 R
17 4 12 8 U
17 5 16 5 R
17 6 1 0 D
17 7 17 7 R
17 8 3 4 R
17 9 10 9 U
17 10 16 10 U
17 13 8 2 D
17 14 13 11 U
17 15 0 10 U
17 16 15 16 L
18 0 19 4 R
18 1 14 1 D
18 2 2 2 D
18 3 10 3 D
18 4 6 10 U
18 5 4 5 R
18 6 18 6 R
18 7 15 7 R
18 8 12 14 L
18 9 18 9 U
18 10 14 10 U
18 13 15 13 L
18 14 16 1 D
18 15 16 15 L
18 16 3 16 L
19 0 16 6 R
19 1 9 1 D
19 7 9 7 R
19 10 0 7 R
19 13 17 9 U
19 14 15 14 L
19 15 10 15 L

