24 17 334
0 0 0 0 16 0 10 10 7 0 13 0 0
13 0 0 0 0 0 0 16 8 0 0 0 5
19 0 0 0 0 0 0 8 0 1 12 0 16
0 13 17 0 0 0 16 0 0 0 0 1 0
3 13 0 0 0 0 21 17 0 12 0 0 8
9 0 11 19 0 18 0 6 21 0 0 15 5
20 9 12 0 11 0 0 18 16 17 0 0 12
0 1 0 0 18 0 0 0 0 0 19 18 18
10 14 0 23 18 22 0 0 7 0 0 0 21
7 0 0 12 12 0 0 0 6 8 16 0 20
0 0 0 0 20 0 0 0 23 22 18 0 0
0 0 22 0 11 0 7 0 0 0 0 0 19
0 12 20 0 18 0 15 0 0 0 0 0 15
0 0 0 0 D
0 1 0 1 D
0 2 0 2 D
0 3 0 3 D
0 4 0 4 R
0 5 0 5 R
0 6 0 6 R
0 7 0 7 R
0 8 0 8 U
0 9 0 9 U
0 10 0 10 U
0 11 0 11 U
0 12 0 12 L
0 13 0 13 L
0 14 0 14 L
0 15 0 15 L
0 16 0 16 L
1 0 14 0 D
1 1 5 14 L
1 2 5 2 D
1 3 8 12 L
1 4 0 9 U
1 5 5 0 D
1 6 16 6 R
1 7 18 0 D
1 8 0 4 R
1 9 0 12 L
1 10 0 3 D
1 11 17 15 L
1 12 4 0 D
1 13 17 1 D
1 14 3 14 L
1 15 2 15 L
1 16 4 7 R
2 0 8 6 R
2 1 17 5 R
2 2 17 4 R
2 3 6 13 L
2 4 19 11 U
2 5 9 10 U
2 6 6 11 U
2 7 9 10 U
2 8 19 5 R
2 9 11 14 L
2 10 3 5 R
2 11 3 11 U
2 12 0 8 U
2 13 1 8 U
2 14 1 14 L
2 15 6 15 L
3 0 15 13 L
3 1 0 12 L
3 2 8 2 D
3 3 13 3 D
3 4 2 1 D
3 5 8 1 D
3 6 1 11 U
3 7 8 16 L
3 8 4 4 R
3 9 5 5 R
3 10 0 14 L
3 11 9 11 U
3 12 15 12 L
3 13 0 9 U
3 14 2 10 U
3 15 1 15 L
4 0 16 7 R
4 1 2 7 R
4 2 11 6 R
4 3 7 15 L
4 4 0 3 D
4 5 0 1 D
4 6 5 10 U
4 7 13 8 U
4 8 10 4 R
4 9 9 9 U
4 10 2 5 R
4 11 11 7 R
4 12 3 0 D
4 13 0 4 R
4 14 3 14 L
4 15 0 6 R
5 0 3 14 L
5 1 20 1 D
5 2 7 2 D
5 3 13 3 D
5 4 0 8 U
5 5 15 14 L
5 6 13 1 D
5 7 2 7 R
5 8 6 8 U
5 9 3 9 U
5 10 1 10 U
5 11 1 11 U
5 12 3 8 U
5 13 7 4 R
5 14 13 1 D
5 15 0 3 D
6 0 10 12 L
6 1 8 6 R
6 2 14 2 D
6 3 4 14 L
6 4 3 8 U
6 5 7 5 R
6 6 7 6 R
6 7 1 7 R
6 8 12 8 U
6 9 2 4 R
6 10 0 0 D
6 11 5 14 L
6 12 13 1 D
6 13 4 0 D
6 14 3 8 U
6 15 12 0 D
7 0 21 5 R
7 1 3 4 R
7 2 0 5 R
7 3 5 3 D
7 4 5 1 D
7 5 14 5 R
7 6 2 11 U
7 7 12 7 R
7 8 1 8 U
7 9 8 6 R
7 10 1 13 L
7 11 0 15 L
7 12 10 4 R
7 13 0 10 U
7 14 15 14 L
7 15 6 15 L
8 0 0 4 R
8 1 10 5 R
8 2 2 15 L
8 4 5 12 L
8 5 0 14 L
8 6 10 6 R
8 7 0 2 D
8 8 19 13 L
8 9 4 4 R
8 10 15 13 L
8 11 11 3 D
8 12 4 11 U
8 13 0 5 R
8 14 9 9 U
8 15 7 15 L
9 0 18 12 L
9 1 16 1 D
9 2 5 12 L
9 3 4 3 D
9 4 6 2 D
9 5 19 8 U
9 6 16 1 D
9 7 1 7 R
9 8 1 8 U
9 9 1 9 U
9 10 11 5 R
9 11 5 5 R
9 12 4 6 R
9 13 7 13 L
9 14 19 8 U
9 15 13 10 U
10 0 0 6 R
10 1 7 5 R
10 2 5 2 D
10 3 18 10 U
10 4 18 9 U
10 5 17 5 R
10 6 22 10 U
10 7 4 2 D
10 8 5 8 U
10 9 6 12 L
10 10 12 10 U
10 11 14 12 L
10 12 5 4 R
10 13 4 9 U
10 14 2 14 L
10 15 6 1 D
11 0 9 0 D
11 1 13 9 U
11 2 5 2 D
11 4 18 10 U
11 5 18 11 U
11 6 0 10 U
11 7 1 11 U
11 8 0 5 R
11 9 4 6 R
11 10 6 15 L
11 11 20 5 R
11 12 0 0 D
11 13 12 11 U
11 14 5 4 R
11 15 4 7 R
12 0 13 14 L
12 1 17 12 L
12 2 18 13 L
12 3 18 6 R
12 4 18 8 U
12 5 10 0 D
12 6 1 2 D
12 7 15 0 D
12 8 0 7 R
12 9 10 7 R
12 10 15 6 R
12 11 13 11 U
12 12 13 0 D
12 13 3 8 U
12 14 11 0 D
12 15 10 11 U
13 0 22 12 L
13 1 9 1 D
13 2 2 14 L
13 3 20 3 D
13 4 0 0 D
13 5 11 10 U
13 6 4 1 D
13 7 15 1 D
13 8 3 2 D
13 9 4 13 L
13 10 0 6 R
13 11 14 11 U
13 12 6 1 D
13 13 9 6 R
13 14 14 10 U
13 15 5 1 D
14 0 2 7 R
14 1 5 1 D
14 2 4 7 R
14 3 3 3 D
14 4 12 11 U
14 5 6 8 U
14 6 3 2 D
14 7 1 7 R
14 8 20 0 D
14 9 9 9 U
14 10 5 13 L
14 11 20 11 U
14 12 18 8 U
14 13 6 13 L
14 14 5 14 L
14 15 8 9 U
15 0 10 8 U
15 1 3 14 L
15 2 8 2 D
15 3 4 3 D
15 4 8 8 U
15 5 0 13 L
15 6 3 6 R
15 7 10 7 R
15 8 20 12 L
15 9 1 9 U
15 10 16 14 L
15 12 1 12 L
15 13 18 0 D
15 14 3 1 D
15 15 13 2 D
16 0 2 4 R
16 1 4 13 L
16 2 13 2 D
16 4 14 9 U
16 5 2 8 U
16 6 8 15 L
16 7 1 0 D
16 8 19 12 L
16 9 12 12 L
16 10 23 12 L
16 11 9 13 L
16 12 0 7 R
16 13 2 8 U
16 14 1 0 D
16 15 17 15 L
17 0 11 14 L
17 1 2 4 R
17 4 3 11 U
17 5 16 5 R
17 6 2 6 R
17 7 3 7 R
17 8 23 13 L
17 9 18 9 U
17 10 15 14 L
17 11 16 11 U
17 12 4 5 R
17 13 10 13 L
17 14 12 0 D
17 15 2 2 D
18 0 0 8 U
18 1 6 13 L
18 2 11 15 L
18 4 11 9 U
18 5 11 9 U
18 6 10 8 U
18 7 8 7 R
18 8 19 15 L
18 9 3 0 D
18 10 9 10 U
18 11 12 11 U
18 12 17 9 U
18 13 13 0 D
18 14 6 8 U
18 15 14 10 U
19 0 14 12 L
19 1 15 14 L
19 5 21 2 D
19 6 5 2 D
19 7 13 10 U
19 10 13 4 R
19 11 1 14 L
19 12 0 1 D
19 13 7 5 R
19 14 14 9 U
20 0 0 15 L
20 1 4 15 L
20 5 3 0 D
20 6 3 1 D
20 7 2 2 D
20 9 13 7 R
20 10 0 4 R
20 11 13 11 U
20 13 17 10 U
20 14 5 3 D
21 0 16 4 R
21 6 14 2 D
21 7 6 1 D
21 9 14 15 L
21 13 1 13 L
21 14 12 2 D
22 0 0 10 U
22 4 13 8 U
22 6 1 8 U
22 7 10 7 R
22 9 7 13 L
22 11 1 11 U
23 0 18 9 U
23 6 22 1 D
23 7 17 7 R

