18 13 195
11 13 16 0 0 0 0 0 0 0 0 9
1 0 5 0 0 12 6 0 0 0 4 10
0 0 12 0 3 0 0 0 14 8 7 0
0 7 12 0 0 4 0 5 6 9 6 0
13 0 0 14 12 7 0 0 0 8 11 16
6 15 7 0 0 12 0 2 6 13 0 9
5 4 0 7 0 12 3 0 1 0 0 0
0 7 17 0 11 6 6 0 0 0 11 0
9 0 4 2 0 0 0 0 13 0 14 16
0 7 0 3 15 0 0 0 7 12 11 15
7 0 8 1 0 10 0 0 0 2 2 5
15 3 0 6 11 5 0 3 12 7 0 0
0 0 0 0 U
0 1 0 1 U
0 2 0 2 U
0 3 0 3 R
0 4 0 4 R
0 5 0 5 R
0 6 0 6 R
0 7 0 7 D
0 8 0 8 D
0 9 0 9 D
0 10 0 10 L
0 11 0 11 L
0 12 0 12 L
1 0 0 3 R
1 1 9 1 U
1 2 3 2 U
1 3 9 11 L
1 4 6 4 R
1 5 14 2 U
1 6 0 2 U
1 7 0 6 R
1 8 8 1 U
1 9 5 12 L
1 10 3 10 L
1 11 2 7 D
1 12 0 2 U
2 0 0 5 R
2 1 4 1 U
2 2 3 2 U
2 3 11 3 R
2 4 1 12 L
2 5 6 11 L
2 7 15 10 L
2 8 6 8 D
2 9 0 5 R
2 10 11 9 D
2 11 14 11 L
2 12 5 2 U
3 0 6 10 L
3 1 1 11 L
3 2 8 4 R
3 3 7 0 U
3 4 0 0 U
3 5 2 0 U
3 6 5 6 R
3 7 0 4 R
3 8 0 12 L
3 9 0 0 U
3 10 7 10 L
3 11 7 1 U
3 12 7 1 U
4 0 2 0 U
4 1 1 1 U
4 2 1 4 R
4 3 11 12 L
4 4 3 7 D
4 5 0 11 L
4 7 1 12 L
4 8 0 11 L
4 9 11 5 R
4 10 1 0 U
4 11 7 11 L
4 12 2 12 L
5 0 9 11 L
5 1 12 12 L
5 2 4 3 R
5 3 4 1 U
5 4 0 8 D
5 5 0 9 D
5 6 11 7 D
5 7 0 10 L
5 8 9 3 R
5 9 1 9 D
5 10 6 7 D
5 11 0 7 D
5 12 3 12 L
6 0 15 3 R
6 1 4 3 R
6 2 5 5 R
6 3 5 3 R
6 4 5 4 R
6 5 16 5 R
6 7 11 6 R
6 8 4 10 L
6 9 8 9 D
6 10 11 8 D
6 11 3 0 U
6 12 10 12 L
7 0 13 0 U
7 1 5 4 R
7 2 3 2 U
7 3 0 2 U
7 4 5 4 R
7 5 6 5 R
7 7 14 7 D
7 8 12 8 D
7 9 1 9 D
7 10 9 4 R
7 11 11 0 U
7 12 0 1 U
8 0 0 11 L
8 1 5 1 U
8 2 3 12 L
8 3 0 7 D
8 4 0 12 L
8 5 2 8 D
8 7 12 5 R
8 8 1 8 D
8 9 10 4 R
8 10 11 7 D
8 11 0 0 U
8 12 0 4 R
9 0 0 10 L
9 1 1 1 U
9 2 0 8 D
9 3 1 0 U
9 4 4 10 L
9 5 4 8 D
9 7 10 3 R
9 8 1 8 D
9 9 5 11 L
9 10 0 8 D
9 11 8 8 D
9 12 16 0 U
10 0 14 12 L
10 1 1 1 U
10 2 8 11 L
10 3 1 12 L
10 4 0 9 D
10 5 4 5 R
10 6 1 6 R
10 7 0 2 U
10 8 8 11 L
10 9 6 3 R
10 10 3 1 U
10 11 2 11 L
10 12 7 12 L
11 0 0 9 D
11 1 0 7 D
11 2 12 2 U
11 3 10 12 L
11 4 0 1 U
11 5 7 9 D
11 6 2 9 D
11 7 4 12 L
11 8 4 8 D
11 9 7 10 L
11 10 6 9 D
11 11 8 7 D
12 0 5 9 D
12 1 4 1 U
12 2 10 5 R
12 3 6 8 D
12 4 3 4 R
12 5 1 5 R
12 7 0 3 R
12 8 7 4 R
12 9 5 9 D
12 10 4 0 U
12 11 5 7 D
12 12 11 12 L
13 0 5 4 R
13 1 7 5 R
13 2 3 4 R
13 4 7 8 D
13 5 2 5 R
13 7 4 10 L
13 8 11 8 D
13 10 15 4 R
13 11 10 11 L
13 12 3 3 R
14 0 13 10 L
14 1 5 11 L
14 3 5 9 D
14 4 12 10 L
14 5 0 10 L
14 7 1 3 R
14 8 12 6 R
14 10 2 8 D
14 11 5 11 L
14 12 12 0 U
15 0 11 0 U
15 1 3 1 U
15 3 4 8 D
15 4 11 2 U
15 7 7 4 R
15 8 7 3 R
15 10 6 8 D
15 12 6 7 D
16 0 8 0 U
16 1 9 10 L
16 4 15 4 R
16 7 4 4 R
16 8 3 11 L
17 7 13 7 D

