12 12 132
0 0 4 3 0 0 8 0 1 0 8 7 0 0 6 8 0 0 0 9
0 0 4 0 0 0 0 0 0 0 0 0 6 8 6 0 2 0 0 0
0 0 0 0 6 0 0 6 2 0 0 0 0 4 0 0 0 0 0 0
0 0 0 8 0 0 0 0 0 4 0 0 0 0 10 2 0 5 0 0
0 0 0 6 0 0 2 0 0 11 0 3 1 0 5 0 0 0 6 3
3 0 0 0 0 0 8 0 0 7 0 0 0 10 0 2 0 2 2 0
0 3 0 4 0 0 0 0 0 0 0 0 9 0 0 6 0 0 0 10
0 0 0 0 4 0 0 6 0 0 0 6 0 0 0 0 0 0 0 8
0 0 0 0 0 0 9 0 9 0 8 0 5 0 0 0 0 0 0 0
0 0 5 0 0 0 0 0 0 0 7 0 0 0 0 7 0 1 0 0
3 0 0 0 0 1 2 0 0 0 9 0 0 4 0 0 0 11 0 0
0 0 8 0 0 0 0 7 0 0 0 0 0 0 0 0 7 0 2 0
0 0 6 0 7 0 0 0 0 0 0 0 0 0 7 7 5 5 0 0
7 0 0 0 0 0 0 0 0 0 0 4 0 0 0 6 0 0 0 0
0 7 0 0 0 0 11 0 0 0 0 0 0 0 3 3 4 4 0 0
0 0 0 0 0 0 0 2 1 0 0 3 0 0 9 0 0 0 0 0
0 7 0 8 0 0 11 0 0 10 4 0 0 0 4 0 0 1 0 0
0 0 7 4 2 0 0 2 0 4 0 0 5 0 0 0 0 0 0 1
0 6 4 0 6 2 0 3 0 9 0 0 1 6 0 0 7 0 0 11
9 0 0 0 0 0 6 0 0 0 0 0 10 0 0 0 0 9 2 6
0 0 0 0 L
0 1 0 1 L
0 2 0 2 L
0 3 0 3 R
0 4 0 4 R
0 5 0 5 R
0 6 0 6 D
0 7 0 7 D
0 8 0 8 D
0 9 0 9 U
0 10 0 10 U
0 11 0 11 U
1 0 0 10 U
1 1 3 7 D
1 2 4 2 L
1 3 0 6 D
1 4 9 10 U
1 5 0 8 D
1 6 3 6 D
1 7 0 11 U
1 8 6 8 D
1 9 0 4 R
1 10 0 1 L
1 11 8 11 U
2 0 0 9 U
2 1 4 9 U
2 2 0 7 D
2 3 0 0 L
2 4 1 4 R
2 5 4 5 R
2 6 0 1 L
2 7 1 4 R
2 8 4 8 D
2 9 5 9 U
2 10 3 10 U
2 11 0 1 L
3 0 7 0 L
3 1 0 6 D
3 2 8 7 D
3 3 0 11 U
3 4 1 7 D
3 5 2 5 R
3 6 7 6 D
3 7 0 0 L
3 8 0 11 U
3 9 7 4 R
3 10 6 10 U
3 11 6 1 L
4 0 0 7 D
4 1 0 11 U
4 2 3 2 L
4 3 1 9 U
4 4 0 9 U
4 5 6 9 U
4 6 0 10 U
4 7 0 2 L
4 8 3 8 D
4 9 2 5 R
4 10 6 4 R
4 11 1 5 R
5 0 7 6 D
5 1 2 1 L
5 2 2 6 D
5 3 4 11 U
5 4 1 6 D
5 5 6 6 D
5 6 6 6 D
5 7 7 7 D
5 8 4 3 R
5 9 0 7 D
5 10 0 2 L
5 11 0 8 D
6 0 2 8 D
6 1 3 6 D
6 2 9 6 D
6 3 0 10 U
6 4 0 1 L
6 5 0 6 D
6 6 0 3 R
6 7 2 3 R
6 8 1 8 D
6 9 0 3 R
6 10 2 10 U
6 11 0 0 L
7 0 0 6 D
7 1 1 1 L
7 2 0 4 R
7 3 5 3 R
7 4 11 4 R
7 5 0 2 L
7 6 0 4 R
7 7 1 7 D
7 8 8 8 D
7 9 6 3 R
7 10 6 0 L
7 11 2 1 L
8 0 0 8 D
8 1 3 1 L
8 2 2 2 L
8 3 2 10 U
8 4 6 4 R
8 5 0 0 L
8 6 6 10 U
8 7 0 9 U
8 8 11 5 R
8 9 2 0 L
8 10 10 4 R
8 11 5 2 L
9 0 0 3 R
9 1 1 1 L
9 2 0 10 U
9 3 10 3 R
9 4 3 11 U
9 5 2 5 R
9 6 4 2 L
9 9 0 5 R
9 10 7 2 L
9 11 3 11 U
10 0 6 0 L
10 1 6 5 R
10 3 3 3 R
10 5 0 7 D
10 6 4 0 L
10 9 3 3 R
10 10 6 10 U
11 0 2 9 U
11 1 1 1 L
11 3 6 1 L
11 5 1 0 L
11 6 5 0 L
11 9 9 9 U
11 10 2 0 L

