9 8 62
0 0 0 0 1 0 0 0 0 6 0
0 0 5 0 5 0 0 0 0 6 2
0 3 7 0 0 0 0 0 0 0 6
0 3 0 0 0 0 4 0 0 4 0
0 0 0 0 0 0 5 8 0 6 8
0 1 1 0 0 0 0 0 0 0 8
0 0 2 0 7 0 0 0 0 0 5
0 0 0 0 5 0 0 0 0 0 0
0 4 0 3 0 0 0 0 0 0 4
0 3 7 0 0 0 5 0 0 0 0
0 0 0 6 0 0 6 0 0 0 0
0 0 0 0 L
0 1 0 1 L
0 2 0 2 R
0 3 0 3 R
0 4 0 4 D
0 5 0 5 D
0 6 0 6 U
0 7 0 7 U
1 0 2 4 D
1 1 3 4 D
1 2 6 5 D
1 3 3 3 R
1 4 4 2 R
1 5 4 5 D
1 6 0 0 L
1 7 0 2 R
2 0 0 6 U
2 1 0 4 D
2 2 0 0 L
2 3 6 5 D
2 4 5 4 D
2 5 3 1 L
2 6 3 3 R
2 7 1 2 R
3 0 0 2 R
3 1 1 1 L
3 2 0 6 U
3 3 2 6 U
3 4 0 7 U
3 5 1 5 D
3 6 0 1 L
3 7 2 3 R
4 0 1 4 D
4 1 6 6 U
4 2 3 4 D
4 3 3 7 U
4 4 1 7 U
4 5 3 0 L
4 6 5 6 U
4 7 3 0 L
5 0 7 3 R
5 1 1 7 U
5 2 2 2 R
5 3 0 4 D
5 4 0 6 U
5 5 1 5 D
5 6 3 2 R
5 7 3 1 L
6 0 4 7 U
6 1 0 7 U
6 2 0 5 D
6 4 0 1 L
6 5 1 5 D
6 6 1 0 L
7 0 5 0 L
7 1 4 1 L
7 2 0 7 U
7 4 0 3 R
7 5 6 5 D
8 0 0 3 R
8 2 4 6 U
8 6 7 6 U

