19 22 348
14 15 14 15 0 0 5 10 11 13 10 4 1
4 7 8 0 0 0 5 0 0 16 5 0 12
6 0 1 4 5 6 9 9 0 7 0 9 13
0 8 1 0 2 0 15 0 0 1 11 1 0
0 6 0 1 1 2 0 0 3 0 0 9 0
7 16 0 3 8 0 5 10 0 17 14 13 0
0 15 15 3 6 0 2 7 0 0 5 1 0
13 0 10 4 0 0 0 0 13 3 0 16 0
12 6 0 13 0 16 0 13 15 4 13 0 0
4 0 0 0 6 2 17 2 12 0 10 0 0
6 0 10 0 0 0 0 12 0 1 0 15 0
6 0 4 0 4 0 17 17 12 12 12 17 0
18 16 12 11 12 12 11 10 9 0 14 15 10
0 0 0 0 R
0 1 0 1 R
0 2 0 2 R
0 3 0 3 R
0 4 0 4 R
0 5 0 5 U
0 6 0 6 U
0 7 0 7 U
0 8 0 8 U
0 9 0 9 U
0 10 0 10 U
0 11 0 11 D
0 12 0 12 D
0 13 0 13 D
0 14 0 14 D
0 15 0 15 D
0 16 0 16 D
0 17 0 17 L
0 18 0 18 L
0 19 0 19 L
0 20 0 20 L
0 21 0 21 L
1 0 0 14 D
1 1 7 1 R
1 2 11 7 U
1 3 13 6 U
1 4 0 7 U
1 5 8 18 L
1 6 5 12 D
1 7 14 7 U
1 8 2 3 R
1 9 0 0 R
1 10 4 15 D
1 11 4 11 D
1 12 2 12 D
1 13 5 13 D
1 14 7 0 R
1 15 6 15 D
1 16 8 16 D
1 17 15 12 D
1 18 5 13 D
1 19 7 19 L
1 20 2 12 D
1 21 9 21 L
2 0 14 11 D
2 1 11 7 U
2 2 9 14 D
2 3 0 13 D
2 4 11 4 R
2 5 4 17 L
2 6 3 6 U
2 7 14 7 U
2 8 4 8 U
2 9 1 9 U
2 10 11 10 U
2 11 10 0 R
2 12 8 4 R
2 13 5 13 D
2 14 12 14 D
2 15 1 15 D
2 16 1 16 D
2 17 6 9 U
2 18 14 10 U
2 19 10 19 L
2 20 14 11 D
2 21 6 11 D
3 0 7 11 D
3 1 0 12 D
3 2 2 12 D
3 3 13 3 R
3 4 0 18 L
3 5 5 3 R
3 6 0 11 D
3 7 14 7 U
3 8 0 4 R
3 9 10 9 U
3 10 0 0 R
3 11 4 4 R
3 12 6 6 U
3 13 8 20 L
3 14 0 19 L
3 15 0 20 L
3 16 4 16 D
3 17 0 7 U
3 18 0 8 U
3 19 5 12 D
3 20 1 10 U
3 21 0 3 R
4 0 7 6 U
4 1 14 11 D
4 2 6 8 U
4 3 6 3 R
4 4 6 6 U
4 5 0 0 R
4 6 11 3 R
4 7 9 1 R
4 8 7 8 U
4 9 6 1 R
4 10 1 10 U
4 11 1 18 L
4 12 2 0 R
4 13 5 4 R
4 14 8 8 U
4 15 3 15 D
4 16 16 3 R
4 17 7 8 U
4 18 15 18 L
4 19 0 6 U
4 20 6 11 D
4 21 5 7 U
5 0 4 5 U
5 1 0 17 L
5 2 6 2 R
5 3 0 12 D
5 4 11 4 R
5 5 6 17 L
5 6 4 2 R
5 7 0 19 L
5 8 1 8 U
5 9 1 9 U
5 10 2 10 U
5 11 0 1 R
5 12 8 9 U
5 13 1 20 L
5 14 9 10 U
5 15 3 20 L
5 16 2 16 D
5 17 2 11 D
5 18 1 18 L
5 19 0 4 R
5 20 2 8 U
5 21 9 6 U
6 0 5 0 R
6 1 10 6 U
6 2 15 2 R
6 3 7 3 R
6 4 2 6 U
6 5 7 1 R
6 6 5 6 U
6 7 0 3 R
6 8 11 2 R
6 9 2 9 U
6 10 5 10 U
6 11 0 5 U
6 12 8 2 R
6 13 3 2 R
6 14 0 18 L
6 15 9 15 D
6 16 2 16 D
6 17 0 11 D
6 18 4 18 L
6 19 0 7 U
6 20 7 20 L
6 21 3 11 D
7 0 0 11 D
7 1 0 5 U
7 2 13 6 U
7 3 5 19 L
7 4 8 4 R
7 5 0 17 L
7 6 1 4 R
7 7 0 2 R
7 8 9 15 D
7 9 13 17 L
7 10 12 12 D
7 11 2 1 R
7 12 4 12 D
7 13 0 1 R
7 14 15 14 D
7 15 3 1 R
7 16 0 2 R
7 17 3 14 D
7 18 0 2 R
7 19 4 6 U
7 20 11 16 D
7 21 15 21 L
8 0 7 5 U
8 1 14 13 D
8 2 5 5 U
8 3 9 3 R
8 4 3 21 L
8 5 3 5 U
8 6 12 19 L
8 7 10 4 R
8 8 0 14 D
8 9 1 9 U
8 10 6 10 U
8 11 10 5 U
8 12 3 6 U
8 13 0 19 L
8 14 0 21 L
8 15 1 15 D
8 16 1 16 D
8 17 0 15 D
8 18 6 9 U
8 19 0 8 U
8 20 7 6 U
8 21 6 21 L
9 0 2 7 U
9 1 0 8 U
9 2 5 12 D
9 3 2 13 D
9 4 10 20 L
9 5 3 3 R
9 6 0 15 D
9 7 2 7 U
9 8 4 2 R
9 9 11 20 L
9 10 10 21 L
9 11 5 1 R
9 12 12 5 U
9 13 7 1 R
9 14 10 14 D
9 15 6 19 L
9 16 3 21 L
9 17 2 0 R
9 18 6 7 U
9 19 1 14 D
9 20 2 20 L
9 21 1 21 L
10 0 2 13 D
10 1 6 16 D
10 2 3 5 U
10 3 2 3 R
10 4 6 4 R
10 6 2 6 U
10 7 1 18 L
10 8 1 8 U
10 9 2 0 R
10 10 0 12 D
10 11 4 11 D
10 12 0 17 L
10 13 2 13 D
10 14 5 6 U
10 15 0 0 R
10 16 16 16 D
10 17 8 15 D
10 18 7 5 U
10 19 7 7 U
10 20 2 14 D
10 21 11 8 U
11 0 0 9 U
11 1 1 5 U
11 2 0 16 D
11 3 14 12 D
11 4 1 15 D
11 5 7 2 R
11 6 8 17 L
11 7 13 14 D
11 9 15 0 R
11 10 12 10 U
11 11 4 2 R
11 12 0 9 U
11 13 7 8 U
11 14 6 17 L
11 15 2 15 D
11 16 6 18 L
11 17 15 13 D
11 18 0 13 D
11 19 2 10 U
11 20 5 20 L
11 21 3 21 L
12 0 10 9 U
12 1 7 1 R
12 2 7 13 D
12 3 2 3 R
12 4 2 14 D
12 5 0 20 L
12 6 3 17 L
12 7 14 17 L
12 8 2 19 L
12 9 10 9 U
12 10 1 10 U
12 11 8 5 U
12 12 2 21 L
12 13 4 17 L
12 14 0 5 U
12 15 7 21 L
12 17 0 5 U
12 18 4 15 D
12 20 8 15 D
12 21 3 13 D
13 0 5 17 L
13 1 0 13 D
13 2 5 2 R
13 3 6 3 R
13 4 8 19 L
13 5 5 15 D
13 6 6 6 U
13 7 6 2 R
13 9 1 9 U
13 10 5 10 U
13 11 1 11 D
13 12 15 0 R
13 13 7 13 D
13 14 16 14 D
13 15 10 15 D
13 17 5 17 L
13 18 4 4 R
13 20 15 20 L
14 0 2 9 U
14 1 11 15 D
14 3 2 3 R
14 4 0 16 D
14 5 2 20 L
14 6 0 17 L
14 7 7 7 U
14 8 11 1 R
14 9 5 9 U
14 10 4 4 R
14 11 3 17 L
14 12 2 12 D
14 15 1 17 L
14 17 6 15 D
14 19 2 19 L
14 20 0 9 U
14 21 2 11 D
15 0 6 0 R
15 1 13 1 R
15 3 10 14 D
15 4 1 4 R
15 5 14 0 R
15 6 5 6 U
15 7 6 7 U
15 8 3 1 R
15 9 1 9 U
15 10 1 19 L
15 11 13 19 L
15 12 1 12 D
15 15 0 7 U
15 17 3 16 D
15 21 6 21 L
16 0 9 17 L
16 2 10 10 U
16 3 2 5 U
16 4 1 4 R
16 6 2 21 L
16 8 2 2 R
16 10 4 10 U
16 12 9 1 R
16 15 9 20 L
16 19 6 8 U
17 0 4 0 R
17 3 11 10 U
17 10 2 10 U
17 12 5 12 D
17 15 1 15 D
18 15 7 5 U

