43 64 2308
37 23 33 2 11 4 7 33 36 35 38 14 34 31 4 35 34 34 33 32
37 18 34 33 28 23 32 8 19 7 31 31 6 16 1 0 6 5 7 10
36 0 32 34 24 25 33 29 22 32 30 38 1 34 7 32 26 33 37 5
0 32 0 0 0 0 33 8 37 0 26 0 37 34 27 24 0 35 37 35
0 33 22 0 28 21 4 6 0 36 29 22 0 31 12 27 7 6 2 5
37 31 33 35 23 3 22 28 38 0 28 17 0 23 0 6 18 22 21 4
33 36 23 1 25 18 24 0 17 37 0 2 0 25 35 19 7 3 34 28
37 0 0 0 0 0 37 27 12 37 0 26 24 0 35 30 3 3 1 12
25 35 36 0 0 38 39 17 6 14 0 32 24 13 0 26 6 34 6 0
4 31 8 20 36 39 0 20 11 19 0 39 25 26 20 29 0 3 22 0
0 35 30 11 35 40 0 32 31 28 27 0 36 27 0 14 13 36 12 5
29 6 6 36 0 41 0 34 20 36 38 0 23 0 34 35 34 32 33 21
31 33 34 0 35 42 0 37 0 38 0 21 35 28 33 33 8 34 0 9
19 31 37 37 36 0 31 6 2 23 29 0 35 0 29 17 8 33 0 8
17 31 5 16 0 29 0 38 36 39 0 38 24 19 23 0 19 16 29 20
10 30 32 20 36 14 0 0 37 34 0 37 32 29 28 0 0 27 25 26
3 16 0 0 35 37 34 0 0 38 32 37 11 27 38 0 0 31 28 1
22 30 37 37 31 24 36 38 33 23 38 35 0 30 23 16 1 22 0 19
10 4 4 15 12 18 33 8 30 0 28 0 29 31 2 28 8 30 5 6
8 17 6 21 16 6 1 28 0 25 28 6 2 39 0 32 23 24 8 20
0 0 0 0 U
0 1 0 1 U
0 2 0 2 U
0 3 0 3 U
0 4 0 4 U
0 5 0 5 U
0 6 0 6 U
0 7 0 7 U
0 8 0 8 U
0 9 0 9 U
0 10 0 10 U
0 11 0 11 U
0 12 0 12 U
0 13 0 13 U
0 14 0 14 U
0 15 0 15 U
0 16 0 16 U
0 17 0 17 U
0 18 0 18 R
0 19 0 19 R
0 20 0 20 R
0 21 0 21 R
0 22 0 22 R
0 23 0 23 R
0 24 0 24 R
0 25 0 25 R
0 26 0 26 R
0 27 0 27 R
0 28 0 28 R
0 29 0 29 R
0 30 0 30 R
0 31 0 31 R
0 32 0 32 R
0 33 0 33 D
0 34 0 34 D
0 35 0 35 D
0 36 0 36 D
0 37 0 37 D
0 38 0 38 D
0 39 0 39 D
0 40 0 40 D
0 41 0 41 D
0 42 0 42 D
0 43 0 43 D
0 44 0 44 D
0 45 0 45 D
0 46 0 46 D
0 47 0 47 D
0 48 0 48 D
0 49 0 49 D
0 50 0 50 L
0 51 0 51 L
0 52 0 52 L
0 53 0 53 L
0 54 0 54 L
0 55 0 55 L
0 56 0 56 L
0 57 0 57 L
0 58 0 58 L
0 59 0 59 L
0 60 0 60 L
0 61 0 61 L
0 62 0 62 L
0 63 0 63 L
1 0 0 51 L
1 1 0 19 R
1 2 1 21 R
1 3 0 20 R
1 4 2 19 R
1 5 2 50 L
1 6 0 21 R
1 7 4 26 R
1 8 2 21 R
1 9 4 29 R
1 10 3 60 L
1 11 2 30 R
1 12 0 46 D
1 13 4 62 L
1 14 9 28 R
1 15 3 45 D
1 16 12 27 R
1 17 11 32 R
1 18 0 33 D
1 19 0 50 L
1 20 0 1 U
1 21 0 54 L
1 22 0 2 U
1 23 0 50 L
1 24 0 53 L
1 25 2 3 U
1 26 0 51 L
1 27 0 40 D
1 28 4 8 U
1 29 3 8 U
1 30 0 10 U
1 31 1 10 U
1 32 0 61 L
1 33 0 50 L
1 34 0 20 R
1 35 1 19 R
1 36 0 22 R
1 37 3 52 L
1 38 1 25 R
1 39 0 56 L
1 40 3 24 R
1 41 0 57 L
1 42 1 28 R
1 43 1 60 L
1 44 2 29 R
1 45 3 60 L
1 46 0 31 R
1 47 7 62 L
1 48 9 22 R
1 49 0 7 U
1 50 0 0 U
1 51 0 18 R
1 52 0 20 R
1 53 0 1 U
1 54 0 35 D
1 55 2 3 U
1 56 2 2 U
1 57 0 22 R
1 58 4 7 U
1 59 0 8 U
1 60 0 29 R
1 61 2 10 U
1 62 0 42 D
1 63 1 13 U
2 0 0 18 R
2 1 0 52 L
2 2 2 2 U
2 3 3 54 L
2 4 4 4 U
2 5 1 5 U
2 6 3 6 U
2 7 4 7 U
2 8 2 8 U
2 9 2 9 U
2 10 4 10 U
2 11 2 11 U
2 12 4 32 R
2 13 3 13 U
2 14 9 14 U
2 15 6 15 U
2 16 10 16 U
2 17 7 17 U
2 18 0 0 U
2 19 1 19 R
2 20 0 34 D
2 21 2 21 R
2 22 1 22 R
2 23 3 23 R
2 24 3 24 R
2 25 3 0 U
2 26 4 26 R
2 27 3 27 R
2 28 2 42 D
2 29 2 29 R
2 30 0 43 D
2 31 1 31 R
2 32 3 12 U
2 33 0 53 L
2 34 1 34 D
2 35 2 35 D
2 36 1 36 D
2 37 1 37 D
2 38 1 38 D
2 39 0 6 U
2 40 2 40 D
2 41 0 58 L
2 42 2 42 D
2 43 4 43 D
2 44 1 44 D
2 45 2 45 D
2 46 4 46 D
2 47 6 32 R
2 48 11 48 D
2 49 6 49 D
2 50 0 33 D
2 51 1 51 L
2 52 2 52 L
2 53 1 53 L
2 54 2 54 L
2 55 3 55 L
2 56 4 56 L
2 57 0 39 D
2 58 1 7 U
2 59 0 28 R
2 60 0 43 D
2 61 3 61 L
2 62 4 62 L
2 63 2 63 L
3 0 0 50 L
3 1 2 23 R
3 2 0 21 R
3 3 0 24 R
3 4 4 52 L
3 5 4 57 L
3 6 2 23 R
3 7 3 58 L
3 8 0 27 R
3 9 3 28 R
3 10 0 62 L
3 11 1 11 U
3 12 2 12 U
3 13 7 41 D
3 14 8 14 U
3 15 2 15 U
3 16 3 16 U
3 17 15 17 U
3 18 0 36 D
3 19 2 1 U
3 20 3 0 U
3 21 3 34 D
3 22 2 37 D
3 23 2 23 R
3 24 2 24 R
3 25 3 25 R
3 26 4 4 U
3 27 1 27 R
3 28 3 28 R
3 29 4 41 D
3 30 3 30 R
3 31 0 11 U
3 32 3 1 U
3 33 0 0 U
3 34 0 19 R
3 35 0 3 U
3 36 2 36 D
3 37 2 55 L
3 38 2 38 D
3 39 2 39 D
3 40 3 40 D
3 41 3 41 D
3 42 3 42 D
3 43 2 43 D
3 44 1 31 R
3 45 2 62 L
3 46 0 32 R
3 47 8 47 D
3 48 3 48 D
3 49 2 49 D
3 50 1 50 L
3 51 0 2 U
3 52 1 35 D
3 53 1 37 D
3 54 0 36 D
3 55 0 34 D
3 56 2 56 L
3 57 2 57 L
3 58 4 58 L
3 59 3 59 L
3 60 0 44 D
3 61 2 61 L
3 62 1 45 D
3 63 0 46 D
4 0 3 55 L
4 1 0 26 R
4 2 0 54 L
4 3 0 41 D
4 4 2 26 R
4 5 0 58 L
4 6 4 6 U
4 7 2 7 U
4 8 2 59 L
4 9 1 9 U
4 10 3 30 R
4 11 4 11 U
4 12 1 12 U
4 13 5 13 U
4 14 9 56 L
4 15 11 15 U
4 16 12 16 U
4 17 11 17 U
4 18 0 38 D
4 19 1 1 U
4 20 4 35 D
4 21 0 5 U
4 22 0 39 D
4 23 0 57 L
4 24 3 6 U
4 25 1 25 R
4 26 1 3 U
4 27 0 59 L
4 28 0 60 L
4 29 3 29 R
4 30 4 44 D
4 31 0 45 D
4 32 2 32 R
4 33 0 18 R
4 34 0 25 R
4 35 4 35 D
4 36 4 53 L
4 37 1 56 L
4 38 3 38 D
4 39 1 39 D
4 40 2 27 R
4 41 0 60 L
4 42 4 61 L
4 43 0 30 R
4 44 0 31 R
4 45 1 45 D
4 46 3 63 L
4 47 5 31 R
4 48 3 24 R
4 49 4 49 D
4 50 0 4 U
4 51 0 37 D
4 52 2 0 U
4 53 0 21 R
4 54 3 36 D
4 55 2 55 L
4 56 2 37 D
4 57 0 40 D
4 58 0 41 D
4 59 4 9 U
4 60 1 9 U
4 61 2 46 D
4 62 4 12 U
4 63 1 63 L
5 0 3 23 R
5 1 6 55 L
5 2 0 32 R
5 3 3 22 R
5 4 7 51 L
5 5 5 23 R
5 6 3 38 D
5 7 3 24 R
5 8 4 58 L
5 9 3 18 R
5 10 7 54 L
5 11 4 26 R
5 12 7 58 L
5 13 7 13 U
5 14 6 14 U
5 15 4 15 U
5 16 11 16 U
5 17 14 17 U
5 18 2 35 D
5 19 1 0 U
5 20 3 33 D
5 21 2 36 D
5 22 0 33 D
5 23 0 63 L
5 24 0 0 U
5 25 3 2 U
5 26 8 34 D
5 27 6 3 U
5 28 8 8 U
5 29 8 40 D
5 30 5 11 U
5 31 7 10 U
5 32 1 32 R
5 33 4 52 L
5 34 2 20 R
5 35 3 19 R
5 36 5 50 L
5 37 0 54 L
5 38 6 19 R
5 39 5 20 R
5 40 8 20 R
5 41 7 56 L
5 42 8 30 R
5 43 6 12 U
5 44 6 50 L
5 45 6 57 L
5 46 5 59 L
5 47 10 47 D
5 48 12 48 D
5 49 13 49 D
5 50 3 33 D
5 51 5 35 D
5 52 1 0 U
5 53 5 1 U
5 54 5 6 U
5 55 2 33 D
5 56 0 5 U
5 57 7 13 U
5 58 0 13 U
5 59 7 7 U
5 60 7 9 U
5 61 3 31 R
5 62 9 13 U
5 63 3 33 D
6 0 2 51 L
6 1 2 34 D
6 2 5 2 U
6 3 6 3 U
6 4 7 4 U
6 5 7 5 U
6 6 6 6 U
6 7 7 7 U
6 8 5 8 U
6 9 0 53 L
6 10 7 10 U
6 11 3 11 U
6 12 6 12 U
6 13 0 41 D
6 14 9 32 R
6 15 11 51 L
6 16 8 16 U
6 17 12 17 U
6 18 4 9 U
6 19 2 19 R
6 20 0 37 D
6 21 5 21 R
6 22 4 22 R
6 23 4 23 R
6 24 7 0 U
6 25 5 25 R
6 26 8 26 R
6 27 7 27 R
6 28 8 28 R
6 29 0 58 L
6 30 6 30 R
6 31 5 31 R
6 32 4 32 R
6 33 3 33 D
6 34 5 25 R
6 35 4 50 L
6 36 5 36 D
6 37 5 37 D
6 38 4 38 D
6 39 7 39 D
6 40 8 40 D
6 41 1 57 L
6 42 5 61 L
6 43 3 43 D
6 44 6 44 D
6 45 8 45 D
6 46 7 46 D
6 47 0 50 L
6 48 9 48 D
6 49 7 49 D
6 50 1 2 U
6 51 5 51 L
6 52 7 8 U
6 53 5 53 L
6 54 7 54 L
6 55 3 40 D
6 56 0 26 R
6 57 8 57 L
6 58 7 43 D
6 59 9 59 L
6 60 7 60 L
6 61 6 61 L
6 62 9 62 L
6 63 5 37 D
7 0 1 51 L
7 1 6 22 R
7 2 0 63 L
7 3 7 52 L
7 4 2 56 L
7 5 6 5 U
7 6 2 6 U
7 7 0 33 D
7 8 6 8 U
7 9 5 9 U
7 10 6 10 U
7 11 1 28 R
7 12 0 31 R
7 13 8 13 U
7 14 0 62 L
7 15 7 20 R
7 16 0 36 D
7 17 10 17 U
7 18 1 34 D
7 19 2 2 U
7 20 6 3 U
7 21 6 21 R
7 22 6 22 R
7 23 5 39 D
7 24 7 24 R
7 25 6 25 R
7 26 7 11 U
7 27 8 27 R
7 28 8 42 D
7 29 6 11 U
7 30 7 30 R
7 31 9 41 D
7 32 8 14 U
7 33 3 21 R
7 34 6 34 D
7 35 0 4 U
7 36 1 21 R
7 37 7 37 D
7 38 3 23 R
7 39 6 39 D
7 40 6 40 D
7 41 5 57 L
7 42 7 42 D
7 43 6 43 D
7 44 8 44 D
7 45 5 20 R
7 46 9 26 R
7 47 9 47 D
7 48 2 48 D
7 49 13 60 L
7 50 6 4 U
7 51 2 38 D
7 52 8 39 D
7 53 0 19 R
7 54 6 54 L
7 55 5 55 L
7 56 8 4 U
7 57 6 41 D
7 58 7 58 L
7 59 7 34 D
7 60 9 60 L
7 61 6 0 U
7 62 7 47 D
7 63 7 63 L
8 0 6 25 R
8 1 0 55 L
8 2 8 51 L
8 3 7 26 R
8 4 0 37 D
8 5 1 23 R
8 6 5 18 R
8 7 8 7 U
8 8 0 57 L
8 9 8 29 R
8 10 7 28 R
8 11 8 11 U
8 12 8 12 U
8 13 6 29 R
8 14 1 14 U
8 15 10 15 U
8 16 0 24 R
8 17 9 17 U
8 18 6 35 D
8 19 0 44 D
8 20 0 9 U
8 21 1 39 D
8 22 2 34 D
8 23 4 1 U
8 24 5 24 R
8 25 7 25 R
8 26 6 36 D
8 27 0 41 D
8 28 2 28 R
8 29 7 29 R
8 30 8 30 R
8 31 9 31 R
8 32 6 32 R
8 33 6 33 D
8 34 3 26 R
8 35 5 24 R
8 36 5 55 L
8 37 1 29 R
8 38 2 56 L
8 39 0 26 R
8 40 8 27 R
8 41 4 28 R
8 42 0 8 U
8 43 5 43 D
8 44 5 44 D
8 45 9 45 D
8 46 6 46 D
8 47 7 47 D
8 48 0 14 U
8 49 15 49 D
8 50 0 7 U
8 51 7 5 U
8 52 8 52 L
8 53 8 53 L
8 54 1 23 R
8 55 6 10 U
8 56 0 38 D
8 57 6 12 U
8 58 0 12 U
8 59 5 42 D
8 60 6 43 D
8 61 8 61 L
8 62 6 62 L
8 63 6 63 L
9 0 4 36 D
9 1 0 30 R
9 2 4 59 L
9 3 6 27 R
9 4 9 20 R
9 5 7 52 L
9 6 5 24 R
9 7 6 50 L
9 8 0 22 R
9 9 7 57 L
9 10 6 54 L
9 11 9 53 L
9 12 9 31 R
9 13 7 60 L
9 14 4 31 R
9 15 0 20 R
9 16 13 16 U
9 17 13 17 U
9 18 7 6 U
9 19 8 45 D
9 20 9 4 U
9 21 0 56 L
9 22 6 13 U
9 23 6 12 U
9 24 7 40 D
9 25 5 9 U
9 26 9 45 D
9 27 5 35 D
9 28 0 55 L
9 29 5 14 U
9 30 1 44 D
9 31 0 47 D
9 32 0 14 U
9 33 6 61 L
9 34 6 59 L
9 35 0 51 L
9 36 8 25 R
9 37 3 51 L
9 38 4 60 L
9 39 8 19 R
9 40 0 21 R
9 41 6 10 U
9 42 9 42 D
9 43 9 58 L
9 44 8 18 R
9 45 5 23 R
9 46 9 46 D
9 47 12 11 U
9 48 0 16 U
9 49 14 49 D
9 50 1 1 U
9 51 5 39 D
9 52 5 33 D
9 53 9 4 U
9 54 6 38 D
9 55 7 46 D
9 56 7 14 U
9 57 8 46 D
9 58 9 29 R
9 59 6 59 L
9 60 8 60 L
9 61 5 61 L
9 62 8 0 U
9 63 10 38 D
10 0 9 50 L
10 1 6 59 L
10 2 10 63 L
10 3 6 31 R
10 4 0 22 R
10 5 0 43 D
10 6 9 21 R
10 7 7 50 L
10 8 14 56 L
10 9 18 61 L
10 10 19 61 L
10 11 11 19 R
10 12 2 47 D
10 13 3 22 R
10 14 8 18 R
10 15 5 15 U
10 16 14 16 U
10 17 12 35 D
10 18 10 47 D
10 19 0 53 L
10 20 9 14 U
10 21 7 21 R
10 22 8 22 R
10 23 10 7 U
10 24 6 14 U
10 25 11 3 U
10 26 11 15 U
10 27 11 41 D
10 28 11 28 R
10 29 17 2 U
10 30 9 16 U
10 31 9 6 U
10 32 11 32 R
10 33 2 24 R
10 34 1 62 L
10 35 8 28 R
10 36 7 23 R
10 37 10 25 R
10 38 2 59 L
10 39 10 62 L
10 40 9 4 U
10 41 10 53 L
10 42 0 4 U
10 43 7 27 R
10 44 11 18 R
10 45 0 56 L
10 46 10 32 R
10 47 12 47 D
10 48 14 55 L
10 49 14 26 R
10 50 9 33 D
10 51 8 34 D
10 52 6 35 D
10 53 10 15 U
10 54 11 2 U
10 55 6 39 D
10 56 4 13 U
10 57 11 5 U
10 58 10 5 U
10 59 8 42 D
10 60 3 44 D
10 61 11 41 D
10 62 10 62 L
10 63 10 63 L
11 0 3 21 R
11 1 0 56 L
11 2 8 20 R
11 3 11 3 U
11 4 9 4 U
11 5 10 58 L
11 6 12 51 L
11 7 10 7 U
11 8 14 8 U
11 9 18 9 U
11 10 20 10 U
11 11 3 23 R
11 12 3 36 D
11 13 11 13 U
11 14 6 51 L
11 15 7 15 U
11 16 12 57 L
11 17 23 17 U
11 18 4 37 D
11 19 9 2 U
11 20 0 46 D
11 21 0 52 L
11 22 0 35 D
11 23 11 23 R
11 24 12 2 U
11 25 11 25 R
11 26 10 26 R
11 27 11 56 L
11 28 5 51 L
11 29 14 29 R
11 30 10 30 R
11 31 11 34 D
11 32 11 48 D
11 33 0 55 L
11 34 9 54 L
11 35 0 52 L
11 36 9 36 D
11 37 10 37 D
11 38 9 18 R
11 39 10 39 D
11 40 10 40 D
11 41 10 26 R
11 42 2 26 R
11 43 8 26 R
11 44 4 44 D
11 45 3 19 R
11 46 10 46 D
11 47 11 47 D
11 48 14 48 D
11 49 15 51 L
11 50 1 8 U
11 51 11 15 U
11 52 10 52 L
11 53 11 53 L
11 54 10 54 L
11 55 12 6 U
11 56 9 56 L
11 57 11 57 L
11 58 11 12 U
11 59 10 33 D
11 60 0 16 U
11 61 10 61 L
11 62 9 2 U
11 63 9 0 U
12 0 0 60 L
12 1 11 19 R
12 2 12 22 R
12 3 0 59 L
12 4 1 62 L
12 5 11 34 D
12 6 10 37 D
12 7 8 21 R
12 8 13 8 U
12 9 19 23 R
12 10 20 29 R
12 11 12 11 U
12 12 16 12 U
12 13 4 43 D
12 14 10 14 U
12 15 13 21 R
12 16 4 16 U
12 17 21 17 U
12 18 6 43 D
12 19 11 1 U
12 20 1 47 D
12 21 12 21 R
12 22 2 48 D
12 23 0 47 D
12 24 0 3 U
12 25 4 48 D
12 26 9 7 U
12 27 15 0 U
12 28 14 28 R
12 29 19 29 R
12 30 12 30 R
12 32 13 32 R
12 33 12 55 L
12 34 12 58 L
12 35 12 24 R
12 36 0 28 R
12 37 10 57 L
12 38 14 25 R
12 39 14 19 R
12 40 11 21 R
12 41 0 3 U
12 42 33 52 L
12 43 11 43 D
12 44 14 61 L
12 45 0 28 R
12 46 1 18 R
12 47 11 26 R
12 48 13 48 D
12 49 18 49 D
12 50 11 37 D
12 51 10 11 U
12 52 7 0 U
12 53 0 35 D
12 54 12 34 D
12 55 12 55 L
12 56 10 37 D
12 57 10 57 L
12 58 12 58 L
12 59 5 59 L
12 60 4 30 R
12 61 2 48 D
12 62 11 33 D
12 63 4 44 D
13 0 0 35 D
13 1 12 19 R
13 2 1 25 R
13 3 9 40 D
13 4 4 23 R
13 5 13 20 R
13 6 11 6 U
13 7 6 58 L
13 8 15 23 R
13 9 16 9 U
13 10 22 50 L
13 11 5 32 R
13 12 15 12 U
13 13 12 13 U
13 15 14 15 U
13 16 0 25 R
13 17 5 17 U
13 18 5 48 D
13 19 8 0 U
13 20 14 39 D
13 21 14 21 R
13 22 10 16 U
13 23 12 11 U
13 24 12 8 U
13 25 11 46 D
13 26 12 49 D
13 27 15 27 R
13 28 10 28 R
13 29 15 29 R
13 30 17 5 U
13 32 0 63 L
13 33 11 60 L
13 34 0 62 L
13 35 9 28 R
13 36 14 63 L
13 37 13 22 R
13 38 11 38 D
13 39 13 39 D
13 40 11 40 D
13 41 14 41 D
13 42 27 42 D
13 43 10 23 R
13 44 13 44 D
13 45 17 45 D
13 47 11 53 L
13 48 8 48 D
13 49 14 29 R
13 50 12 3 U
13 51 11 34 D
13 52 14 0 U
13 53 13 13 U
13 54 0 47 D
13 55 14 5 U
13 56 12 20 R
13 57 0 33 D
13 58 14 36 D
13 59 8 40 D
13 60 12 60 L
13 61 13 61 L
13 62 3 37 D
13 63 11 63 L
14 0 5 55 L
14 1 11 52 L
14 2 6 19 R
14 3 13 3 U
14 4 8 4 U
14 5 13 5 U
14 6 14 6 U
14 7 11 21 R
14 8 16 8 U
14 9 19 62 L
14 10 22 10 U
14 11 2 57 L
14 12 19 56 L
14 13 13 23 R
14 15 13 56 L
14 16 3 61 L
14 17 22 45 D
14 18 11 4 U
14 19 14 4 U
14 20 14 2 U
14 21 13 15 U
14 22 14 38 D
14 23 8 23 R
14 24 12 0 U
14 25 12 5 U
14 26 2 51 L
14 27 17 27 R
14 28 13 28 R
14 29 20 5 U
14 30 16 30 R
14 32 0 38 D
14 33 14 52 L
14 34 14 18 R
14 35 13 35 D
14 36 8 54 L
14 37 8 37 D
14 38 13 38 D
14 39 12 39 D
14 40 14 50 L
14 41 16 41 D
14 42 34 42 D
14 43 16 24 R
14 44 19 56 L
14 45 20 45 D
14 47 6 47 D
14 48 0 1 U
14 49 2 53 L
14 50 13 50 L
14 51 3 16 U
14 52 13 52 L
14 53 13 53 L
14 54 11 54 L
14 55 8 16 U
14 56 13 6 U
14 57 12 57 L
14 58 14 58 L
14 59 4 59 L
14 60 14 1 U
14 61 13 15 U
14 62 15 62 L
14 63 12 8 U
15 0 5 53 L
15 1 15 1 U
15 2 9 2 U
15 3 12 24 R
15 4 16 51 L
15 5 17 56 L
15 6 11 57 L
15 7 11 7 U
15 8 16 28 R
15 9 17 32 R
15 10 17 10 U
15 11 16 60 L
15 12 14 35 D
15 13 18 27 R
15 15 11 20 R
15 17 21 34 D
15 18 13 7 U
15 19 15 39 D
15 20 10 33 D
15 21 13 47 D
15 22 3 15 U
15 23 6 4 U
15 24 14 3 U
15 25 0 53 L
15 26 15 26 R
15 27 16 27 R
15 28 17 33 D
15 29 11 29 R
15 30 15 30 R
15 32 13 7 U
15 33 16 60 L
15 34 12 34 D
15 35 6 26 R
15 36 0 26 R
15 37 14 53 L
15 38 17 52 L
15 39 15 63 L
15 40 4 32 R
15 41 16 18 R
15 42 35 42 D
15 43 19 23 R
15 44 19 44 D
15 45 19 45 D
15 47 3 47 D
15 48 14 18 R
15 49 21 49 D
15 50 8 11 U
15 51 8 17 U
15 52 0 31 R
15 53 13 42 D
15 54 11 9 U
15 55 15 2 U
15 56 17 39 D
15 57 7 3 U
15 58 14 33 D
15 59 16 43 D
15 60 15 60 L
15 61 12 49 D
15 62 16 62 L
15 63 17 34 D
16 0 14 0 U
16 1 14 60 L
16 2 10 22 R
16 3 12 21 R
16 4 16 56 L
16 5 14 47 D
16 6 14 21 R
16 7 17 7 U
16 8 4 8 U
16 9 19 9 U
16 10 2 10 U
16 11 15 25 R
16 12 18 12 U
16 13 29 13 U
16 15 12 15 U
16 17 24 17 U
16 18 10 49 D
16 19 16 19 R
16 20 12 20 R
16 21 0 7 U
16 22 9 12 U
16 23 16 38 D
16 24 1 8 U
16 25 16 25 R
16 26 7 2 U
16 27 0 54 L
16 28 16 3 U
16 29 20 29 R
16 30 18 1 U
16 32 8 32 R
16 33 3 58 L
16 34 12 50 L
16 35 13 19 R
16 36 15 36 D
16 37 16 37 D
16 38 17 38 D
16 39 0 27 R
16 40 17 27 R
16 41 18 41 D
16 42 28 42 D
16 43 17 43 D
16 44 18 44 D
16 45 14 58 L
16 47 4 19 R
16 48 17 48 D
16 49 0 4 U
16 50 12 48 D
16 51 15 3 U
16 52 16 0 U
16 53 14 3 U
16 54 3 35 D
16 55 16 55 L
16 56 17 56 L
16 57 14 57 L
16 58 16 58 L
16 59 12 59 L
16 60 10 4 U
16 61 7 36 D
16 62 7 62 L
16 63 16 63 L
17 0 8 25 R
17 1 16 55 L
17 2 16 24 R
17 3 17 22 R
17 4 17 62 L
17 5 17 5 U
17 6 15 6 U
17 7 1 7 U
17 8 8 8 U
17 9 14 9 U
17 10 21 10 U
17 11 8 19 R
17 12 20 22 R
17 13 31 13 U
17 15 18 24 R
17 17 25 17 U
17 18 10 18 R
17 19 15 6 U
17 20 13 20 R
17 21 15 33 D
17 22 15 48 D
17 23 16 39 D
17 24 15 40 D
17 25 16 2 U
17 26 17 48 D
17 27 14 13 U
17 28 17 28 R
17 29 13 29 R
17 30 19 30 R
17 32 18 32 R
17 33 5 27 R
17 34 0 2 U
17 35 0 22 R
17 36 13 57 L
17 37 7 20 R
17 38 0 63 L
17 39 16 59 L
17 40 16 40 D
17 41 18 62 L
17 42 26 42 D
17 43 23 43 D
17 44 17 44 D
17 45 21 45 D
17 47 19 47 D
17 48 12 20 R
17 49 24 49 D
17 50 14 1 U
17 51 2 40 D
17 52 16 52 L
17 53 17 4 U
17 54 2 11 U
17 55 14 55 L
17 56 14 11 U
17 57 12 41 D
17 58 15 58 L
17 59 3 2 U
17 60 15 36 D
17 61 4 41 D
17 62 15 5 U
17 63 8 27 R
18 0 13 58 L
18 1 15 53 L
18 2 0 34 D
18 3 19 50 L
18 4 12 30 R
18 5 18 57 L
18 6 18 19 R
18 7 13 7 U
18 8 10 52 L
18 9 11 52 L
18 10 24 53 L
18 11 0 51 L
18 12 19 12 U
18 13 6 13 U
18 15 25 57 L
18 17 27 51 L
18 18 14 8 U
18 19 2 8 U
18 20 11 20 R
18 21 18 44 D
18 22 0 34 D
18 23 14 2 U
18 24 18 60 L
18 25 3 34 D
18 26 13 15 U
18 27 16 9 U
18 28 19 28 R
18 29 20 41 D
18 30 17 30 R
18 32 20 32 R
18 33 16 55 L
18 34 18 28 R
18 35 15 32 R
18 36 14 62 L
18 37 11 56 L
18 38 18 63 L
18 39 17 18 R
18 40 4 40 D
18 41 13 41 D
18 42 36 42 D
18 43 20 43 D
18 44 16 32 R
18 45 20 18 R
18 47 14 47 D
18 48 19 21 R
18 49 23 49 D
18 50 1 39 D
18 51 15 0 U
18 52 14 15 U
18 53 18 20 R
18 54 11 49 D
18 55 14 38 D
18 56 5 11 U
18 57 17 33 D
18 58 3 30 R
18 59 19 48 D
18 60 12 38 D
18 61 17 61 L
18 62 4 26 R
18 63 19 9 U
19 0 16 57 L
19 1 20 28 R
19 2 18 2 U
19 3 18 21 R
19 4 18 4 U
19 5 19 5 U
19 6 19 6 U
19 7 3 7 U
19 8 15 8 U
19 9 18 54 L
19 10 23 10 U
19 11 21 11 U
19 12 10 12 U
19 13 30 29 R
19 15 20 15 U
19 17 27 26 R
19 18 15 41 D
19 19 8 47 D
19 20 18 48 D
19 21 19 2 U
19 22 20 5 U
19 23 18 23 R
19 24 19 24 R
19 25 9 25 R
19 26 19 38 D
19 27 21 6 U
19 28 7 28 R
19 29 21 29 R
19 30 11 4 U
19 32 19 32 R
19 33 7 59 L
19 34 1 59 L
19 35 18 3 U
19 36 16 36 D
19 37 12 37 D
19 38 17 26 R
19 39 16 39 D
19 40 12 40 D
19 41 17 41 D
19 42 31 42 D
19 43 15 43 D
19 44 16 44 D
19 45 23 63 L
19 47 18 30 R
19 48 0 9 U
19 49 6 53 L
19 50 18 6 U
19 51 18 51 L
19 52 7 12 U
19 53 19 53 L
19 54 3 54 L
19 55 17 55 L
19 56 19 5 U
19 57 18 3 U
19 58 8 58 L
19 59 17 59 L
19 60 19 60 L
19 61 20 34 D
19 62 19 9 U
19 63 19 63 L
20 0 13 51 L
20 1 20 1 U
20 2 18 32 R
20 3 2 19 R
20 4 12 37 D
20 5 20 18 R
20 6 17 19 R
20 7 20 20 R
20 8 18 53 L
20 9 20 9 U
20 10 24 28 R
20 11 1 61 L
20 12 15 18 R
20 13 32 13 U
20 15 22 15 U
20 17 26 17 U
20 18 19 40 D
20 19 16 11 U
20 20 17 20 R
20 21 24 21 R
20 22 18 34 D
20 23 11 36 D
20 24 18 33 D
20 25 22 55 L
20 26 4 36 D
20 27 18 27 R
20 28 18 7 U
20 29 18 29 R
20 30 11 3 U
20 32 0 62 L
20 33 11 25 R
20 34 11 57 L
20 35 18 55 L
20 36 21 19 R
20 37 26 37 D
20 38 14 27 R
20 39 22 52 L
20 40 15 40 D
20 41 0 8 U
20 42 29 54 L
20 43 25 25 R
20 44 20 24 R
20 45 22 45 D
20 47 16 29 R
20 48 7 48 D
20 49 8 49 D
20 50 19 45 D
20 51 18 3 U
20 52 19 41 D
20 53 12 0 U
20 54 19 1 U
20 55 20 49 D
20 56 21 35 D
20 57 20 9 U
20 58 16 2 U
20 59 12 34 D
20 60 19 33 D
20 61 20 61 L
20 62 1 62 L
20 63 18 63 L
21 0 12 54 L
21 1 12 32 R
21 2 19 52 L
21 3 20 27 R
21 4 21 60 L
21 5 19 57 L
21 6 21 24 R
21 7 21 50 L
21 8 22 18 R
21 9 15 30 R
21 10 13 10 U
21 11 9 41 D
21 12 13 12 U
21 13 26 58 L
21 15 13 15 U
21 17 12 18 R
21 18 21 45 D
21 19 3 57 L
21 20 6 10 U
21 21 24 6 U
21 22 2 62 L
21 23 21 23 R
21 24 21 36 D
21 25 23 25 R
21 26 25 26 R
21 27 21 27 R
21 28 20 10 U
21 29 18 4 U
21 30 20 30 R
21 32 5 0 U
21 33 2 33 D
21 34 0 29 R
21 35 11 61 L
21 36 13 27 R
21 37 28 37 D
21 38 21 38 D
21 39 24 39 D
21 40 20 19 R
21 41 7 52 L
21 42 0 19 R
21 43 25 43 D
21 44 15 12 U
21 45 24 21 R
21 47 22 21 R
21 48 17 51 L
21 49 20 49 D
21 50 20 45 D
21 51 18 45 D
21 52 17 44 D
21 53 0 33 D
21 54 19 44 D
21 55 21 35 D
21 56 21 56 L
21 57 11 4 U
21 58 20 34 D
21 59 10 59 L
21 60 12 35 D
21 61 17 7 U
21 62 20 38 D
21 63 19 23 R
22 0 16 63 L
22 1 18 23 R
22 2 23 21 R
22 3 22 60 L
22 4 23 57 L
22 5 2 30 R
22 6 21 6 U
22 7 20 7 U
22 8 5 58 L
22 9 24 51 L
22 10 22 57 L
22 11 20 11 U
22 12 21 12 U
22 15 3 15 U
22 17 29 51 L
22 18 1 40 D
22 19 22 19 R
22 20 0 48 D
22 21 13 17 U
22 22 25 22 R
22 23 12 39 D
22 24 24 2 U
22 25 22 25 R
22 26 11 11 U
22 27 20 35 D
22 28 4 58 L
22 29 22 1 U
22 30 21 17 U
22 32 9 41 D
22 33 19 61 L
22 34 15 24 R
22 35 14 22 R
22 36 13 55 L
22 37 19 37 D
22 38 16 21 R
22 39 23 39 D
22 40 17 40 D
22 41 24 41 D
22 42 32 42 D
22 43 28 50 L
22 44 24 20 R
22 45 23 45 D
22 47 24 47 D
22 48 23 48 D
22 49 24 22 R
22 50 20 33 D
22 51 23 7 U
22 52 9 18 R
22 53 21 33 D
22 54 0 20 R
22 55 23 45 D
22 56 13 40 D
22 57 21 10 U
22 58 20 58 L
22 59 24 36 D
22 60 21 2 U
22 61 21 0 U
22 62 11 62 L
22 63 21 63 L
23 0 7 19 R
23 1 22 1 U
23 2 19 2 U
23 3 28 40 D
23 4 17 4 U
23 5 20 24 R
23 6 18 22 R
23 7 24 7 U
23 8 17 20 R
23 9 8 9 U
23 10 24 10 U
23 11 22 11 U
23 12 22 12 U
23 15 9 15 U
23 17 28 28 R
23 18 0 12 U
23 19 19 19 R
23 20 19 9 U
23 21 18 47 D
23 22 24 22 R
23 23 20 6 U
23 24 24 35 D
23 25 14 25 R
23 26 23 26 R
23 27 19 27 R
23 28 23 28 R
23 29 22 29 R
23 30 18 30 R
23 32 26 32 R
23 33 21 53 L
23 34 24 34 D
23 35 20 25 R
23 36 11 59 L
23 37 27 37 D
23 38 26 18 R
23 39 22 39 D
23 40 0 18 R
23 41 21 41 D
23 42 30 30 R
23 43 22 43 D
23 44 24 44 D
23 45 19 60 L
23 47 25 60 L
23 48 22 48 D
23 49 27 49 D
23 50 20 39 D
23 51 23 41 D
23 52 11 8 U
23 53 23 53 L
23 54 22 54 L
23 55 21 55 L
23 56 23 56 L
23 57 22 4 U
23 58 18 58 L
23 59 23 59 L
23 60 24 60 L
23 61 24 8 U
23 62 24 47 D
23 63 20 63 L
24 0 21 28 R
24 1 23 1 U
24 2 19 59 L
24 3 27 3 U
24 4 23 22 R
24 5 18 5 U
24 6 25 51 L
24 7 13 21 R
24 8 14 30 R
24 9 23 9 U
24 10 6 19 R
24 11 25 11 U
24 12 27 50 L
24 15 30 15 U
24 17 28 17 U
24 18 23 33 D
24 19 13 8 U
24 20 21 48 D
24 21 21 5 U
24 22 13 43 D
24 23 12 36 D
24 24 23 24 R
24 25 22 57 L
24 26 28 26 R
24 27 5 27 R
24 28 22 28 R
24 29 20 17 U
24 30 21 43 D
24 32 16 32 R
24 33 21 29 R
24 34 22 34 D
24 35 24 25 R
24 36 0 58 L
24 37 23 37 D
24 38 12 25 R
24 39 21 39 D
24 40 17 19 R
24 41 21 54 L
24 42 35 52 L
24 43 21 25 R
24 44 26 56 L
24 45 24 24 R
24 47 25 63 L
24 48 22 23 R
24 49 25 49 D
24 50 19 0 U
24 51 2 44 D
24 52 23 52 L
24 53 22 2 U
24 54 0 49 D
24 55 24 45 D
24 56 22 56 L
24 57 22 7 U
24 58 15 5 U
24 59 22 10 U
24 60 9 36 D
24 61 19 61 L
24 62 19 62 L
24 63 24 10 U
25 0 19 22 R
25 1 15 54 L
25 2 25 19 R
25 3 29 3 U
25 4 22 4 U
25 5 26 20 R
25 6 26 6 U
25 7 15 58 L
25 8 12 61 L
25 9 12 9 U
25 10 23 60 L
25 11 34 23 R
25 12 8 21 R
25 15 29 57 L
25 17 27 17 U
25 18 22 45 D
25 19 18 38 D
25 20 21 57 L
25 21 1 33 D
25 22 22 22 R
25 23 24 43 D
25 24 19 41 D
25 25 23 4 U
25 26 27 26 R
25 27 26 17 U
25 28 19 11 U
25 29 14 0 U
25 30 1 5 U
25 32 36 32 R
25 33 25 54 L
25 34 24 18 R
25 35 23 53 L
25 36 13 36 D
25 37 22 37 D
25 38 25 38 D
25 39 1 50 L
25 40 1 57 L
25 41 0 10 U
25 42 33 42 D
25 43 27 43 D
25 44 27 19 R
25 45 24 52 L
25 47 4 6 U
25 49 29 24 R
25 50 14 8 U
25 51 25 41 D
25 52 26 17 U
25 53 26 36 D
25 54 18 17 U
25 55 12 44 D
25 56 26 7 U
25 57 7 57 L
25 58 23 47 D
25 59 28 33 D
25 60 24 1 U
25 61 22 61 L
25 62 5 62 L
25 63 21 15 U
26 0 27 52 L
26 1 25 21 R
26 2 25 2 U
26 3 25 25 R
26 4 12 43 D
26 5 7 53 L
26 6 25 26 R
26 7 16 7 U
26 8 25 44 D
26 9 17 9 U
26 10 17 27 R
26 11 29 11 U
26 12 17 12 U
26 15 34 15 U
26 17 31 18 R
26 18 3 41 D
26 19 25 36 D
26 20 25 20 R
26 21 17 33 D
26 22 24 2 U
26 23 28 37 D
26 24 4 0 U
26 25 13 0 U
26 26 26 26 R
26 27 26 3 U
26 28 12 61 L
26 29 32 7 U
26 30 33 30 R
26 32 0 53 L
26 33 27 7 U
26 34 28 19 R
26 35 23 19 R
26 36 22 26 R
26 37 19 28 R
26 38 16 38 D
26 39 26 39 D
26 40 14 40 D
26 41 17 22 R
26 42 30 42 D
26 43 26 52 L
26 44 28 23 R
26 45 3 22 R
26 47 29 47 D
26 49 28 59 L
26 50 10 18 R
26 51 26 51 L
26 52 28 52 L
26 53 27 38 D
26 54 26 44 D
26 55 28 55 L
26 56 27 56 L
26 57 15 40 D
26 58 24 58 L
26 59 26 59 L
26 60 26 40 D
26 61 23 0 U
26 62 12 38 D
26 63 27 34 D
27 0 14 54 L
27 1 26 1 U
27 2 24 27 R
27 3 20 3 U
27 4 23 4 U
27 5 27 5 U
27 6 25 53 L
27 7 26 50 L
27 8 25 45 D
27 9 13 54 L
27 10 29 50 L
27 11 34 11 U
27 12 30 23 R
27 15 37 15 U
27 17 18 17 U
27 18 24 1 U
27 19 21 38 D
27 20 24 34 D
27 21 26 21 R
27 22 23 22 R
27 23 24 23 R
27 24 6 53 L
27 25 15 12 U
27 26 23 55 L
27 27 22 6 U
27 28 29 3 U
27 29 33 29 R
27 30 32 30 R
27 32 32 32 R
27 33 26 33 D
27 34 28 53 L
27 35 31 30 R
27 36 26 52 L
27 37 15 37 D
27 38 0 5 U
27 39 29 39 D
27 40 27 40 D
27 41 27 20 R
27 42 32 27 R
27 43 26 23 R
27 44 28 26 R
27 45 16 45 D
27 47 30 47 D
27 49 29 49 D
27 50 24 5 U
27 51 27 5 U
27 52 25 6 U
27 53 26 1 U
27 54 26 54 L
27 55 25 43 D
27 56 25 56 L
27 57 12 37 D
27 58 25 58 L
27 59 25 59 L
27 60 27 60 L
27 61 24 61 L
27 62 26 62 L
27 63 28 63 L
28 0 17 24 R
28 1 21 59 L
28 2 28 62 L
28 3 25 28 R
28 4 12 4 U
28 5 22 24 R
28 6 11 19 R
28 7 28 26 R
28 8 17 8 U
28 9 28 9 U
28 10 27 21 R
28 11 27 11 U
28 12 31 12 U
28 15 38 15 U
28 17 0 34 D
28 18 27 18 R
28 19 22 4 U
28 20 24 0 U
28 21 5 49 D
28 22 17 0 U
28 23 29 23 R
28 24 29 24 R
28 25 29 41 D
28 26 27 55 L
28 27 24 27 R
28 28 28 4 U
28 29 32 29 R
28 30 27 30 R
28 32 33 32 R
28 33 28 19 R
28 34 17 56 L
28 35 34 35 D
28 36 27 36 D
28 37 27 29 R
28 38 29 20 R
28 39 27 39 D
28 40 29 21 R
28 41 12 29 R
28 42 38 42 D
28 43 27 58 L
28 44 27 44 D
28 45 4 45 D
28 47 29 25 R
28 49 30 51 L
28 50 23 12 U
28 51 25 8 U
28 52 26 52 L
28 53 26 6 U
28 54 27 54 L
28 55 26 55 L
28 56 12 56 L
28 57 25 9 U
28 58 28 7 U
28 59 24 59 L
28 60 28 60 L
28 61 23 44 D
28 62 27 62 L
28 63 29 63 L
29 0 25 63 L
29 1 12 1 U
29 2 17 2 U
29 3 16 3 U
29 4 23 29 R
29 5 29 5 U
29 6 30 51 L
29 7 29 54 L
29 8 27 25 R
29 9 24 9 U
29 10 25 10 U
29 11 34 61 L
29 12 25 12 U
29 15 26 15 U
29 17 36 17 U
29 18 26 43 D
29 19 27 37 D
29 20 25 8 U
29 21 22 38 D
29 22 13 17 U
29 23 14 23 R
29 24 29 37 D
29 25 24 25 R
29 26 29 49 D
29 27 31 27 R
29 28 30 47 D
29 29 31 29 R
29 30 28 30 R
29 32 28 17 U
29 33 17 33 D
29 34 5 27 R
29 35 19 53 L
29 36 15 55 L
29 37 28 28 R
29 38 29 58 L
29 39 20 39 D
29 40 29 40 D
29 41 2 28 R
29 42 14 42 D
29 43 26 43 D
29 44 30 44 D
29 45 13 45 D
29 47 31 47 D
29 49 30 49 D
29 50 25 10 U
29 51 28 5 U
29 52 28 17 U
29 53 6 53 L
29 54 28 3 U
29 55 18 1 U
29 56 21 36 D
29 57 22 18 R
29 58 29 10 U
29 59 28 0 U
29 60 23 60 L
29 61 30 37 D
29 62 24 49 D
29 63 19 34 D
30 0 14 57 L
30 1 29 20 R
30 2 30 61 L
30 3 29 57 L
30 4 31 4 U
30 5 14 50 L
30 6 28 22 R
30 7 24 52 L
30 8 0 47 D
30 9 33 29 R
30 10 27 10 U
30 11 26 11 U
30 12 29 12 U
30 15 17 15 U
30 17 35 17 U
30 18 26 33 D
30 19 29 5 U
30 20 30 34 D
30 21 27 34 D
30 22 30 13 U
30 23 26 10 U
30 24 31 24 R
30 25 27 6 U
30 26 30 12 U
30 27 30 27 R
30 28 27 28 R
30 29 26 29 R
30 30 31 30 R
30 32 21 32 R
30 33 25 23 R
30 34 30 34 D
30 35 28 25 R
30 36 32 51 L
30 37 21 1 U
30 38 0 19 R
30 39 29 18 R
30 40 30 62 L
30 41 8 3 U
30 42 19 42 D
30 43 26 21 R
30 44 34 59 L
30 47 32 26 R
30 49 28 49 D
30 50 30 49 D
30 51 29 2 U
30 52 11 43 D
30 53 15 38 D
30 54 18 54 L
30 55 29 34 D
30 56 23 43 D
30 57 30 57 L
30 58 24 43 D
30 59 30 59 L
30 60 33 36 D
30 61 30 61 L
30 62 29 0 U
30 63 30 63 L
31 0 30 63 L
31 1 31 52 L
31 2 30 29 R
31 3 32 50 L
31 4 33 22 R
31 5 35 58 L
31 6 37 51 L
31 7 27 55 L
31 8 38 18 R
31 9 36 32 R
31 10 35 50 L
31 11 14 58 L
31 12 0 33 D
31 15 21 15 U
31 17 31 17 U
31 18 28 2 U
31 19 30 7 U
31 20 30 35 D
31 21 0 49 D
31 22 19 57 L
31 23 22 52 L
31 24 30 15 U
31 25 28 25 R
31 26 30 26 R
31 27 36 27 R
31 28 28 28 R
31 29 0 37 D
31 30 36 43 D
31 32 35 35 D
31 33 2 21 R
31 34 30 26 R
31 35 6 20 R
31 36 32 36 D
31 37 26 63 L
31 38 30 18 R
31 39 34 25 R
31 40 31 40 D
31 41 35 41 D
31 42 37 42 D
31 43 30 43 D
31 44 22 26 R
31 47 28 24 R
31 49 17 24 R
31 50 22 9 U
31 51 31 0 U
31 52 11 12 U
31 53 6 39 D
31 54 14 54 L
31 55 31 55 L
31 56 11 56 L
31 57 29 3 U
31 58 26 58 L
31 59 29 3 U
31 60 30 60 L
31 61 35 17 U
31 62 32 62 L
31 63 19 40 D
32 0 0 47 D
32 1 32 21 R
32 2 33 2 U
32 3 33 50 L
32 4 33 4 U
32 5 8 5 U
32 6 37 6 U
32 7 33 7 U
32 8 26 8 U
32 9 37 9 U
32 10 34 50 L
32 11 35 11 U
32 12 34 12 U
32 17 29 17 U
32 18 27 47 D
32 19 26 2 U
32 20 12 35 D
32 21 29 21 R
32 22 31 4 U
32 23 28 49 D
32 24 34 24 R
32 25 34 1 U
32 26 32 1 U
32 27 35 33 D
32 28 0 63 L
32 29 1 29 R
32 30 35 30 R
32 32 33 11 U
32 33 13 56 L
32 34 28 59 L
32 35 21 58 L
32 36 20 36 D
32 37 32 18 R
32 38 31 38 D
32 39 25 39 D
32 40 32 40 D
32 41 23 41 D
32 42 25 50 L
32 43 27 23 R
32 44 32 44 D
32 47 29 32 R
32 49 24 21 R
32 50 30 1 U
32 51 30 3 U
32 52 30 13 U
32 53 20 44 D
32 54 23 39 D
32 55 31 10 U
32 56 31 56 L
32 57 31 57 L
32 58 22 34 D
32 59 31 59 L
32 60 32 60 L
32 61 35 61 L
32 62 32 5 U
32 63 27 63 L
33 0 32 20 R
33 1 26 19 R
33 2 28 2 U
33 3 30 30 R
33 4 30 40 D
33 5 30 5 U
33 6 0 53 L
33 7 2 28 R
33 8 38 8 U
33 9 34 9 U
33 10 29 61 L
33 11 11 11 U
33 12 34 24 R
33 17 33 21 R
33 18 1 7 U
33 19 17 36 D
33 20 31 4 U
33 21 31 49 D
33 22 16 22 R
33 23 36 36 D
33 24 28 24 R
33 25 0 2 U
33 26 0 56 L
33 27 28 6 U
33 28 36 28 R
33 29 10 29 R
33 30 34 30 R
33 32 29 43 D
33 33 3 54 L
33 34 22 18 R
33 35 27 32 R
33 36 32 3 U
33 37 33 37 D
33 38 36 19 R
33 39 36 54 L
33 40 33 40 D
33 41 33 41 D
33 42 29 42 D
33 43 32 55 L
33 44 34 21 R
33 47 29 61 L
33 49 3 1 U
33 50 26 0 U
33 51 33 0 U
33 52 33 2 U
33 53 28 1 U
33 54 28 54 L
33 55 32 43 D
33 56 14 56 L
33 57 3 3 U
33 58 33 58 L
33 59 0 37 D
33 60 31 60 L
33 61 34 61 L
33 62 32 10 U
33 63 10 45 D
34 0 26 60 L
34 1 35 18 R
34 2 24 21 R
34 3 35 24 R
34 4 35 4 U
34 5 5 26 R
34 6 31 6 U
34 7 14 7 U
34 8 36 8 U
34 9 34 30 R
34 10 35 27 R
34 11 33 11 U
34 12 36 52 L
34 17 25 49 D
34 18 31 2 U
34 19 31 39 D
34 20 28 35 D
34 21 34 58 L
34 22 15 22 R
34 23 30 10 U
34 24 27 24 R
34 25 3 59 L
34 26 23 8 U
34 27 37 3 U
34 28 35 28 R
34 29 27 12 U
34 30 36 30 R
34 32 37 32 R
34 33 35 26 R
34 34 26 30 R
34 35 36 35 D
34 36 27 32 R
34 37 31 53 L
34 38 36 53 L
34 39 31 39 D
34 40 30 54 L
34 41 6 41 D
34 42 27 25 R
34 43 34 43 D
34 44 37 44 D
34 47 34 47 D
34 49 0 17 U
34 50 32 9 U
34 51 34 4 U
34 52 32 33 D
34 53 32 39 D
34 54 32 10 U
34 55 30 55 L
34 56 27 37 D
34 57 36 12 U
34 58 34 35 D
34 59 35 47 D
34 60 34 40 D
34 61 28 61 L
34 62 35 62 L
34 63 33 63 L
35 0 33 19 R
35 1 36 54 L
35 2 35 29 R
35 3 16 62 L
35 4 32 4 U
35 5 36 56 L
35 6 34 23 R
35 7 29 7 U
35 8 33 21 R
35 9 22 9 U
35 10 0 44 D
35 11 36 11 U
35 12 0 25 R
35 17 32 17 U
35 18 31 38 D
35 19 33 4 U
35 20 18 38 D
35 21 34 21 R
35 22 29 22 R
35 23 16 49 D
35 24 32 35 D
35 25 33 25 R
35 26 17 38 D
35 27 30 39 D
35 28 30 28 R
35 29 14 60 L
35 30 27 17 U
35 32 38 42 D
35 33 25 55 L
35 34 33 32 R
35 35 35 35 D
35 36 33 36 D
35 37 30 37 D
35 38 23 23 R
35 39 28 39 D
35 40 30 40 D
35 41 36 41 D
35 43 35 43 D
35 44 22 44 D
35 47 37 20 R
35 49 33 49 D
35 50 32 4 U
35 51 36 51 L
35 52 35 52 L
35 53 33 5 U
35 54 30 12 U
35 55 29 55 L
35 56 24 56 L
35 57 27 8 U
35 58 35 5 U
35 59 0 44 D
35 60 34 38 D
35 61 35 13 U
35 62 36 62 L
35 63 32 63 L
36 0 31 51 L
36 1 4 35 D
36 2 36 52 L
36 3 0 35 D
36 4 34 51 L
36 5 24 38 D
36 6 0 37 D
36 7 22 7 U
36 8 34 8 U
36 9 33 9 U
36 11 16 11 U
36 12 32 12 U
36 17 37 19 R
36 18 27 50 L
36 19 32 43 D
36 20 32 20 R
36 21 31 36 D
36 22 30 22 R
36 23 37 35 D
36 24 33 12 U
36 25 34 37 D
36 26 32 26 R
36 27 35 27 R
36 28 34 28 R
36 29 36 29 R
36 30 11 5 U
36 33 36 57 L
36 34 35 34 D
36 35 30 57 L
36 36 25 57 L
36 37 27 30 R
36 38 35 32 R
36 39 37 27 R
36 40 34 19 R
36 41 26 41 D
36 43 32 24 R
36 44 12 51 L
36 47 36 47 D
36 49 27 51 L
36 50 36 3 U
36 51 33 51 L
36 52 36 52 L
36 53 23 10 U
36 54 30 54 L
36 55 27 55 L
36 56 30 1 U
36 57 32 35 D
36 58 11 58 L
36 59 36 59 L
36 60 33 60 L
36 61 26 37 D
36 62 25 39 D
36 63 31 63 L
37 0 32 22 R
37 1 29 27 R
37 2 37 36 D
37 3 37 28 R
37 4 37 56 L
37 5 35 59 L
37 6 38 6 U
37 7 38 22 R
37 8 35 8 U
37 9 37 52 L
37 12 23 27 R
37 17 36 57 L
37 18 34 38 D
37 19 32 50 L
37 20 31 44 D
37 21 32 0 U
37 22 29 9 U
37 23 31 12 U
37 24 38 0 U
37 25 36 42 D
37 26 6 41 D
37 27 37 40 D
37 28 37 11 U
37 30 0 34 D
37 33 36 26 R
37 34 28 62 L
37 35 33 25 R
37 36 37 23 R
37 37 32 52 L
37 38 32 55 L
37 39 6 23 R
37 40 22 20 R
37 41 33 18 R
37 43 0 11 U
37 47 32 47 D
37 49 35 49 D
37 50 34 41 D
37 51 37 17 U
37 52 33 3 U
37 53 21 47 D
37 54 37 6 U
37 55 36 27 R
37 56 35 1 U
37 57 37 2 U
37 58 11 42 D
37 59 37 42 D
37 61 33 61 L
37 62 34 62 L
38 0 33 18 R
38 1 33 32 R
38 2 32 53 L
38 12 33 62 L
38 18 37 50 L
38 19 37 12 U
38 20 31 9 U
38 21 31 42 D
38 22 35 8 U
38 25 35 25 R
38 30 33 8 U
38 33 23 7 U
38 37 29 24 R
38 38 15 25 R
38 39 36 59 L
38 40 19 40 D
38 50 18 38 D
38 51 27 42 D
38 52 35 42 D
38 53 30 6 U
38 59 34 33 D
38 62 14 44 D
39 0 36 0 U
39 18 24 42 D
39 39 14 39 D
39 50 31 15 U
39 59 37 59 L
40 0 10 0 U
41 0 20 0 U
42 0 35 0 U

