37 49 1512
3 4 7 23 28 0 24 24 0 14 21 0 0 12 0 0 27 9 27 15
0 4 8 34 9 10 11 24 1 30 30 18 27 0 2 18 22 28 17 22
16 0 0 33 25 16 22 0 11 13 0 14 0 6 0 0 21 0 25 0
17 6 16 0 23 8 26 20 3 27 0 14 0 0 1 25 7 8 19 0
20 27 0 8 0 0 27 0 29 0 31 11 15 20 8 8 0 0 5 0
1 0 0 35 0 17 24 0 34 28 9 26 11 19 0 26 21 19 0 0
11 30 0 33 18 0 0 3 0 32 30 16 18 31 16 6 27 0 8 0
8 13 0 1 0 10 28 29 26 15 32 0 16 0 13 0 0 0 0 0
8 36 0 0 28 0 25 0 32 0 33 0 35 30 19 27 28 23 0 0
0 0 24 0 0 0 34 29 0 0 15 30 17 0 0 31 0 8 0 0
0 0 0 0 20 30 31 27 30 22 0 0 0 0 0 30 0 24 1 0
0 0 13 0 0 7 5 26 29 24 30 31 9 4 0 33 0 20 0 0
0 31 19 0 0 9 0 8 0 23 0 27 0 29 16 0 0 25 0 0
27 0 17 0 1 31 0 29 33 2 26 0 0 0 35 0 29 5 26 11
0 29 0 0 30 9 22 28 0 6 3 19 0 22 24 0 0 0 13 0
0 32 0 0 7 26 7 0 32 31 0 0 16 31 2 32 24 0 5 12
23 0 28 0 9 26 23 28 1 8 29 0 32 12 2 23 0 23 19 24
0 0 0 0 0 0 0 18 31 0 31 0 32 0 0 26 23 0 0 16
0 0 0 0 0 0 0 25 5 0 15 0 0 30 22 0 0 0 28 0
24 25 4 31 10 10 5 0 0 33 0 24 15 6 0 20 21 21 0 24
0 0 0 0 D
0 1 0 1 D
0 2 0 2 D
0 3 0 3 D
0 4 0 4 D
0 5 0 5 D
0 6 0 6 D
0 7 0 7 D
0 8 0 8 D
0 9 0 9 D
0 10 0 10 D
0 11 0 11 D
0 12 0 12 D
0 13 0 13 R
0 14 0 14 R
0 15 0 15 R
0 16 0 16 R
0 17 0 17 R
0 18 0 18 R
0 19 0 19 R
0 20 0 20 R
0 21 0 21 R
0 22 0 22 R
0 23 0 23 R
0 24 0 24 R
0 25 0 25 U
0 26 0 26 U
0 27 0 27 U
0 28 0 28 U
0 29 0 29 U
0 30 0 30 U
0 31 0 31 U
0 32 0 32 U
0 33 0 33 U
0 34 0 34 U
0 35 0 35 U
0 36 0 36 U
0 37 0 37 U
0 38 0 38 L
0 39 0 39 L
0 40 0 40 L
0 41 0 41 L
0 42 0 42 L
0 43 0 43 L
0 44 0 44 L
0 45 0 45 L
0 46 0 46 L
0 47 0 47 L
0 48 0 48 L
1 0 21 38 L
1 1 0 14 R
1 2 12 2 D
1 3 5 3 D
1 4 0 16 R
1 5 3 5 D
1 6 7 43 L
1 7 16 18 R
1 8 2 8 D
1 9 3 44 L
1 10 8 10 D
1 11 0 45 L
1 12 8 12 D
1 13 18 36 U
1 14 3 27 U
1 15 10 15 R
1 16 31 26 U
1 17 15 17 R
1 18 32 30 U
1 19 13 9 D
1 20 0 33 U
1 21 9 21 R
1 22 13 22 R
1 23 22 9 D
1 24 25 25 U
1 25 7 39 L
1 26 0 40 L
1 27 15 38 L
1 28 9 4 D
1 29 0 9 D
1 30 8 44 L
1 31 26 17 R
1 32 13 48 L
1 33 3 33 U
1 34 0 10 D
1 35 12 35 U
1 36 10 36 U
1 37 10 37 U
1 38 16 9 D
1 39 0 1 D
1 40 2 31 U
1 41 0 28 U
1 42 9 42 L
1 43 0 32 U
1 44 4 44 L
1 45 0 36 U
1 46 2 46 L
1 47 21 5 D
1 48 6 6 D
2 0 0 13 R
2 1 17 37 U
2 2 7 38 L
2 3 9 35 U
2 4 12 24 R
2 5 8 18 R
2 6 16 6 D
2 7 1 7 D
2 8 3 8 D
2 9 7 9 D
2 10 1 10 D
2 11 14 11 D
2 12 6 12 D
2 13 12 32 U
2 14 0 26 U
2 15 0 2 D
2 16 4 16 R
2 17 7 3 D
2 18 3 18 R
2 19 11 19 R
2 20 4 20 R
2 21 25 4 D
2 22 4 32 U
2 23 16 32 U
2 24 3 2 D
2 25 6 0 D
2 26 25 44 L
2 27 5 2 D
2 28 10 28 U
2 29 1 29 U
2 30 10 30 U
2 31 0 47 L
2 32 20 44 L
2 33 17 21 R
2 34 7 34 U
2 35 0 10 D
2 36 12 43 L
2 37 25 46 L
2 38 0 27 U
2 39 11 32 U
2 40 27 40 L
2 41 14 41 L
2 42 4 42 L
2 43 11 31 U
2 44 14 44 L
2 45 18 45 L
2 46 0 23 R
2 47 7 47 L
2 48 3 8 D
3 0 2 13 R
3 1 13 44 L
3 2 26 42 L
3 3 4 33 U
3 4 6 4 D
3 5 25 5 D
3 6 0 42 L
3 7 0 20 R
3 8 8 8 D
3 9 2 9 D
3 10 11 10 D
3 11 6 11 D
3 12 27 47 L
3 13 7 2 D
3 14 6 26 U
3 15 32 0 D
3 16 26 16 R
3 17 5 26 U
3 18 1 3 D
3 19 13 4 D
3 20 17 10 D
3 21 14 0 D
3 22 29 1 D
3 23 8 38 L
3 24 8 7 D
3 25 0 0 D
3 26 0 14 R
3 27 1 27 U
3 28 6 28 U
3 29 8 13 R
3 30 1 30 U
3 31 1 31 U
3 32 12 43 L
3 33 1 33 U
3 34 2 34 U
3 35 17 19 R
3 36 1 39 L
3 37 9 37 U
3 38 7 26 U
3 39 14 32 U
3 40 1 32 U
3 41 7 30 U
3 42 0 30 U
3 43 0 7 D
3 44 2 44 L
3 45 31 4 D
3 46 1 31 U
3 47 22 47 L
3 48 24 48 L
4 0 30 43 L
4 1 18 43 L
4 2 10 2 D
4 3 2 14 R
4 4 6 15 R
4 5 11 47 L
4 6 19 24 R
4 7 8 7 D
4 8 6 8 D
4 9 3 9 D
4 10 6 10 D
4 11 9 15 R
4 12 5 13 R
4 13 2 25 U
4 14 8 8 D
4 15 2 0 D
4 16 2 11 D
4 17 2 17 R
4 18 1 18 R
4 19 2 19 R
4 20 6 0 D
4 21 9 21 R
4 22 9 22 R
4 23 9 23 R
4 24 9 24 R
4 25 6 13 R
4 26 10 26 U
4 27 3 15 R
4 28 3 13 R
4 29 6 22 R
4 30 0 17 R
4 31 18 38 L
4 32 18 20 R
4 33 5 33 U
4 34 3 34 U
4 35 3 35 U
4 36 3 36 U
4 37 18 37 U
4 38 24 29 U
4 39 6 26 U
4 40 0 15 R
4 41 5 28 U
4 42 9 33 U
4 43 24 43 L
4 44 3 10 D
4 45 6 9 D
4 46 18 46 L
4 47 6 47 L
4 48 0 20 R
5 0 26 22 R
5 1 18 1 D
5 2 8 39 L
5 3 2 3 D
5 4 20 4 D
5 5 9 17 R
5 6 0 18 R
5 7 0 43 L
5 8 3 8 D
5 9 10 40 L
5 10 0 21 R
5 11 18 46 L
5 12 2 12 D
5 13 7 43 L
5 14 31 2 D
5 15 21 3 D
5 16 1 16 R
5 17 23 17 R
5 18 4 31 U
5 19 2 11 D
5 20 18 20 R
5 21 25 6 D
5 22 8 36 U
5 23 1 23 R
5 24 27 24 R
5 25 10 1 D
5 26 23 14 R
5 27 6 27 U
5 28 7 18 R
5 29 0 6 D
5 30 14 47 L
5 31 0 7 D
5 32 10 45 L
5 33 6 33 U
5 34 9 24 R
5 35 1 35 U
5 36 10 36 U
5 37 1 37 U
5 38 28 11 D
5 39 15 39 L
5 40 0 14 R
5 41 25 27 U
5 42 0 29 U
5 43 11 3 D
5 44 4 32 U
5 45 19 45 L
5 46 13 46 L
5 47 4 29 U
5 48 3 27 U
6 0 7 0 D
6 1 10 15 R
6 2 27 40 L
6 3 11 3 D
6 4 8 39 L
6 5 8 5 D
6 6 2 6 D
6 7 3 15 R
6 8 16 8 D
6 9 0 38 L
6 10 1 10 D
6 11 3 11 D
6 12 19 19 R
6 13 13 35 U
6 14 8 0 D
6 15 2 15 R
6 16 5 8 D
6 17 0 43 L
6 18 0 6 D
6 19 8 31 U
6 20 7 44 L
6 21 4 21 R
6 22 2 3 D
6 23 25 43 L
6 24 13 12 D
6 25 0 13 R
6 26 10 39 L
6 27 0 3 D
6 28 0 16 R
6 29 5 29 U
6 30 16 39 L
6 31 19 45 L
6 32 16 21 R
6 33 8 33 U
6 34 15 23 R
6 35 2 35 U
6 36 10 36 U
6 37 10 47 L
6 38 0 0 D
6 39 0 25 U
6 40 10 0 D
6 41 22 41 L
6 42 13 37 U
6 43 11 43 L
6 44 18 0 D
6 45 5 34 U
6 46 7 46 L
6 47 7 47 L
6 48 13 48 L
7 0 6 39 L
7 1 18 16 R
7 2 1 41 L
7 3 15 43 L
7 4 9 4 D
7 5 19 14 R
7 6 2 16 R
7 7 21 7 D
7 8 4 20 R
7 9 8 9 D
7 10 9 22 R
7 11 18 11 D
7 12 20 41 L
7 13 0 0 D
7 14 6 1 D
7 15 20 28 U
7 16 8 11 D
7 17 0 10 D
7 18 10 37 U
7 19 21 34 U
7 20 2 4 D
7 21 4 8 D
7 22 9 0 D
7 23 24 23 R
7 24 1 28 U
7 25 10 13 R
7 26 17 26 U
7 27 9 20 R
7 28 10 15 R
7 29 3 46 L
7 30 0 7 D
7 31 21 46 L
7 32 1 41 L
7 33 2 39 L
7 34 22 48 L
7 35 0 21 R
7 36 10 36 U
7 37 14 37 U
7 38 2 31 U
7 39 5 39 L
7 40 18 40 L
7 41 5 1 D
7 42 25 2 D
7 43 8 2 D
7 44 14 44 L
7 45 1 45 L
7 46 23 11 D
7 47 17 1 D
7 48 13 48 L
8 0 3 17 R
8 1 0 26 U
8 2 21 47 L
8 3 3 3 D
8 4 19 4 D
8 5 3 16 R
8 6 1 6 D
8 7 12 44 L
8 8 2 8 D
8 9 10 9 D
8 10 16 10 D
8 11 3 11 D
8 12 1 12 D
8 13 0 8 D
8 14 16 6 D
8 15 10 26 U
8 16 0 5 D
8 17 1 29 U
8 18 7 4 D
8 19 4 25 U
8 20 23 1 D
8 21 12 3 D
8 22 18 7 D
8 23 0 41 L
8 24 0 29 U
8 25 30 39 L
8 26 18 21 R
8 27 0 20 R
8 28 6 22 R
8 29 3 29 U
8 30 0 5 D
8 31 17 16 R
8 32 17 32 U
8 33 10 33 U
8 34 2 34 U
8 35 26 35 U
8 36 21 36 U
8 37 9 37 U
8 38 3 11 D
8 39 16 12 D
8 40 0 11 D
8 41 6 37 U
8 42 16 3 D
8 43 25 32 U
8 44 0 19 R
8 45 9 12 D
8 46 6 24 R
8 47 18 47 L
8 48 24 25 U
9 0 8 0 D
9 1 28 14 R
9 2 19 15 R
9 3 1 44 L
9 4 25 44 L
9 5 16 5 D
9 6 11 6 D
9 7 7 14 R
9 8 5 19 R
9 9 0 13 R
9 10 7 10 D
9 11 19 11 D
9 12 2 12 D
9 13 8 32 U
9 14 29 4 D
9 15 22 27 U
9 16 1 16 R
9 17 0 34 U
9 18 14 12 D
9 19 4 19 R
9 20 28 12 D
9 21 15 21 R
9 22 6 11 D
9 23 4 23 R
9 24 23 3 D
9 25 24 43 L
9 26 21 16 R
9 27 11 20 R
9 28 1 14 R
9 29 11 18 R
9 30 3 30 U
9 31 1 47 L
9 32 28 32 U
9 33 6 33 U
9 34 3 44 L
9 35 1 35 U
9 36 3 13 R
9 37 8 16 R
9 38 6 30 U
9 39 4 35 U
9 40 13 30 U
9 41 0 6 D
9 42 14 34 U
9 43 24 34 U
9 44 14 31 U
9 45 12 45 L
9 46 13 46 L
9 47 2 47 L
9 48 13 48 L
10 0 24 44 L
10 1 11 27 U
10 2 4 2 D
10 3 7 38 L
10 4 19 42 L
10 5 16 46 L
10 6 0 41 L
10 7 4 7 D
10 8 9 8 D
10 9 15 9 D
10 10 23 14 R
10 11 16 40 L
10 12 1 12 D
10 13 23 34 U
10 14 17 5 D
10 15 1 1 D
10 16 1 28 U
10 17 9 11 D
10 18 4 18 R
10 19 18 10 D
10 20 20 30 U
10 21 8 25 U
10 22 8 28 U
10 23 14 11 D
10 24 25 30 U
10 25 19 15 R
10 26 17 26 U
10 27 12 27 U
10 28 22 40 L
10 29 15 4 D
10 30 16 42 L
10 31 0 4 D
10 32 25 48 L
10 33 22 48 L
10 34 1 45 L
10 35 0 2 D
10 36 15 20 R
10 37 0 3 D
10 38 4 8 D
10 39 18 0 D
10 40 14 33 U
10 41 0 31 U
10 42 7 6 D
10 43 2 43 L
10 44 17 3 D
10 45 0 35 U
10 46 13 46 L
10 48 25 4 D
11 0 15 25 U
11 1 18 1 D
11 2 5 40 L
11 3 1 3 D
11 4 8 4 D
11 5 16 5 D
11 6 23 42 L
11 7 0 19 R
11 8 20 15 R
11 9 25 23 R
11 10 5 45 L
11 11 3 11 D
11 12 1 12 D
11 13 27 1 D
11 14 28 27 U
11 15 19 15 R
11 16 6 16 R
11 17 18 43 L
11 18 27 31 U
11 19 2 19 R
11 20 24 27 U
11 21 18 21 R
11 22 26 31 U
11 23 5 3 D
11 24 9 24 R
11 25 7 13 R
11 26 0 1 D
11 27 1 43 L
11 28 0 23 R
11 29 3 47 L
11 30 3 30 U
11 31 10 16 R
11 32 3 32 U
11 33 1 13 R
11 34 9 34 U
11 35 13 35 U
11 36 7 21 R
11 37 16 37 U
11 38 23 28 U
11 39 3 9 D
11 40 27 7 D
11 41 5 11 D
11 42 0 12 D
11 43 12 10 D
11 44 7 1 D
11 45 4 45 L
11 46 0 10 D
11 48 4 48 L
12 0 23 39 L
12 1 13 23 R
12 2 0 29 U
12 3 6 38 L
12 4 22 17 R
12 5 0 32 U
12 6 29 22 R
12 7 24 23 R
12 8 15 14 R
12 9 21 42 L
12 10 30 10 D
12 11 9 17 R
12 12 15 45 L
12 13 0 46 L
12 14 29 25 U
12 15 4 27 U
12 16 13 34 U
12 17 10 29 U
12 18 14 6 D
12 19 29 36 U
12 20 1 20 R
12 21 19 33 U
12 22 13 22 R
12 23 2 27 U
12 24 15 8 D
12 25 0 38 L
12 26 0 39 L
12 27 0 43 L
12 28 3 43 L
12 29 3 38 L
12 30 3 30 U
12 31 1 42 L
12 32 15 22 R
12 33 17 19 R
12 34 2 47 L
12 35 7 39 L
12 36 0 5 D
12 37 13 37 U
12 38 16 31 U
12 39 1 0 D
12 40 3 3 D
12 41 19 37 U
12 42 27 35 U
12 43 18 12 D
12 44 3 37 U
12 45 19 36 U
12 46 23 7 D
12 47 14 19 R
12 48 25 48 L
13 0 19 40 L
13 1 1 39 L
13 2 8 17 R
13 3 8 21 R
13 4 21 46 L
13 5 7 13 R
13 6 31 6 D
13 7 9 21 R
13 8 11 42 L
13 9 5 20 R
13 10 0 39 L
13 11 16 42 L
13 12 17 17 R
13 13 21 0 D
13 14 2 2 D
13 15 19 32 U
13 16 0 30 U
13 17 11 28 U
13 18 2 6 D
13 19 5 19 R
13 20 2 20 R
13 21 1 21 R
13 22 1 22 R
13 23 1 26 U
13 24 2 24 R
13 25 19 20 R
13 26 25 26 U
13 27 12 40 L
13 28 0 11 D
13 29 3 29 U
13 30 9 16 R
13 31 6 18 R
13 32 5 48 L
13 33 3 46 L
13 34 0 12 D
13 35 26 45 L
13 36 20 36 U
13 37 5 41 L
13 38 16 36 U
13 39 18 28 U
13 40 5 2 D
13 41 11 9 D
13 42 0 17 R
13 43 22 30 U
13 44 2 30 U
13 45 11 45 L
13 46 1 46 L
13 47 18 47 L
13 48 11 30 U
14 0 5 13 R
14 1 8 22 R
14 2 17 19 R
14 3 12 24 R
14 4 1 29 U
14 5 4 18 R
14 6 4 22 R
14 7 8 15 R
14 8 19 16 R
14 9 2 9 D
14 10 1 10 D
14 11 9 13 R
14 12 19 15 R
14 13 0 38 L
14 14 4 4 D
14 15 2 10 D
14 16 5 16 R
14 17 0 42 L
14 18 2 18 R
14 19 9 19 R
14 20 5 5 D
14 21 12 36 U
14 22 7 22 R
14 23 2 23 R
14 24 11 24 R
14 25 1 18 R
14 26 9 42 L
14 27 27 38 L
14 28 13 19 R
14 29 16 17 R
14 30 20 30 U
14 31 18 31 U
14 32 2 15 R
14 33 29 41 L
14 34 7 42 L
14 35 6 46 L
14 36 24 9 D
14 37 0 42 L
14 38 6 37 U
14 39 2 25 U
14 40 2 26 U
14 41 5 41 L
14 42 3 2 D
14 43 1 25 U
14 44 12 44 L
14 45 32 2 D
14 46 9 46 L
14 47 5 25 U
15 0 1 40 L
15 1 0 25 U
15 2 20 2 D
15 3 13 44 L
15 4 26 38 L
15 5 31 32 U
15 6 23 6 D
15 7 3 7 D
15 8 1 8 D
15 9 28 19 R
15 10 10 10 D
15 11 12 23 R
15 12 6 12 D
15 13 24 0 D
15 14 23 29 U
15 15 5 15 R
15 16 1 3 D
15 17 13 17 R
15 18 25 37 U
15 19 13 19 R
15 20 22 32 U
15 21 20 32 U
15 22 28 6 D
15 23 7 0 D
15 24 0 45 L
15 25 10 15 R
15 26 3 14 R
15 27 5 18 R
15 28 21 13 R
15 29 4 13 R
15 30 18 17 R
15 31 0 40 L
15 32 20 16 R
15 33 10 33 U
15 34 26 15 R
15 35 22 44 L
15 36 3 36 U
15 37 22 19 R
15 38 14 26 U
15 39 23 39 L
15 40 2 40 L
15 41 4 4 D
15 42 8 0 D
15 43 10 31 U
15 44 24 35 U
15 45 3 45 L
15 46 4 46 L
15 47 17 28 U
15 48 27 30 U
16 0 5 41 L
16 1 1 47 L
16 2 6 38 L
16 3 31 48 L
16 4 3 4 D
16 5 10 5 D
16 6 3 6 D
16 7 2 7 D
16 8 23 20 R
16 9 9 18 R
16 10 17 10 D
16 11 1 11 D
16 12 19 12 D
16 13 12 27 U
16 14 6 14 R
16 15 0 39 L
16 16 3 5 D
16 17 3 2 D
16 18 4 12 D
16 19 12 8 D
16 20 4 29 U
16 21 29 29 U
16 22 6 4 D
16 23 5 8 D
16 24 7 24 R
16 25 9 25 U
16 26 0 15 R
16 27 15 42 L
16 28 0 13 R
16 29 1 4 D
16 30 29 40 L
16 31 11 31 U
16 32 3 3 D
16 33 14 9 D
16 34 8 34 U
16 35 4 35 U
16 36 8 24 R
16 37 20 37 U
16 38 9 37 U
16 39 0 8 D
16 40 13 7 D
16 41 0 4 D
16 42 29 42 L
16 43 14 25 U
16 44 7 44 L
16 45 22 11 D
16 46 17 1 D
16 47 4 5 D
17 0 10 19 R
17 1 11 1 D
17 2 5 2 D
17 3 7 3 D
17 4 8 13 R
17 5 10 26 U
17 6 20 20 R
17 7 1 21 R
17 8 1 46 L
17 9 19 45 L
17 10 10 24 R
17 11 18 11 D
17 12 9 23 R
17 13 18 10 D
17 14 14 3 D
17 15 18 12 D
17 16 1 1 D
17 17 19 30 U
17 18 9 11 D
17 19 0 39 L
17 20 14 20 R
17 21 5 44 L
17 22 9 33 U
17 23 30 6 D
17 24 22 7 D
17 25 7 14 R
17 26 21 46 L
17 27 14 27 U
17 28 3 28 U
17 29 16 23 R
17 30 0 42 L
17 31 16 18 R
17 32 8 32 U
17 33 0 18 R
17 34 11 44 L
17 35 21 13 R
17 36 32 18 R
17 37 6 37 U
17 38 24 12 D
17 39 28 10 D
17 40 5 0 D
17 41 25 35 U
17 42 19 29 U
17 43 11 6 D
17 44 6 16 R
17 45 18 27 U
17 46 14 4 D
17 47 18 1 D
17 48 7 29 U
18 0 26 16 R
18 1 1 20 R
18 2 3 19 R
18 3 14 3 D
18 4 26 22 R
18 5 27 43 L
18 6 21 17 R
18 7 22 7 D
18 8 22 8 D
18 9 3 9 D
18 10 0 17 R
18 11 19 43 L
18 12 9 13 R
18 13 1 13 R
18 14 17 14 R
18 15 2 15 R
18 16 16 0 D
18 17 4 17 R
18 18 4 18 R
18 19 7 19 R
18 20 24 20 R
18 21 3 34 U
18 22 26 22 R
18 23 27 8 D
18 25 16 19 R
18 26 12 41 L
18 27 1 27 U
18 28 2 8 D
18 29 0 10 D
18 30 29 30 U
18 31 5 20 R
18 32 15 19 R
18 33 2 22 R
18 34 1 34 U
18 35 1 35 U
18 36 5 47 L
18 37 14 45 L
18 38 25 33 U
18 39 6 3 D
18 40 2 40 L
18 41 29 28 U
18 42 25 33 U
18 43 21 35 U
18 44 4 44 L
18 45 21 5 D
18 46 2 46 L
18 47 0 10 D
18 48 13 1 D
19 0 30 47 L
19 1 24 39 L
19 2 30 2 D
19 3 12 3 D
19 4 5 19 R
19 5 10 41 L
19 6 12 14 R
19 7 0 34 U
19 8 7 14 R
19 9 21 9 D
19 10 4 17 R
19 11 15 23 R
19 12 24 16 R
19 13 31 25 U
19 14 0 3 D
19 15 24 15 R
19 16 11 30 U
19 17 23 30 U
19 18 18 33 U
19 19 20 35 U
19 20 23 5 D
19 21 28 11 D
19 22 17 32 U
19 23 1 30 U
19 25 20 15 R
19 26 22 17 R
19 27 2 27 U
19 28 14 17 R
19 29 1 29 U
19 30 15 30 U
19 31 2 0 D
19 32 5 32 U
19 33 9 33 U
19 34 1 34 U
19 35 7 35 U
19 36 2 36 U
19 37 8 37 U
19 38 0 26 U
19 39 22 27 U
19 40 12 31 U
19 41 6 4 D
19 42 0 5 D
19 43 6 43 L
19 44 9 25 U
19 45 1 45 L
19 46 27 37 U
19 48 27 34 U
20 0 3 0 D
20 1 3 43 L
20 2 9 27 U
20 3 23 40 L
20 4 7 41 L
20 5 7 45 L
20 6 11 13 R
20 7 23 39 L
20 8 8 29 U
20 9 7 41 L
20 10 21 42 L
20 11 3 11 D
20 12 1 12 D
20 13 28 36 U
20 14 26 26 U
20 15 9 45 L
20 16 8 3 D
20 17 2 17 R
20 18 16 25 U
20 19 16 19 R
20 20 10 8 D
20 21 13 21 R
20 22 8 3 D
20 23 0 12 D
20 25 14 40 L
20 26 6 40 L
20 27 6 16 R
20 28 28 28 U
20 29 28 40 L
20 30 1 30 U
20 31 8 31 U
20 32 31 39 L
20 33 1 33 U
20 34 28 11 D
20 35 12 2 D
20 36 11 36 U
20 37 3 37 U
20 38 23 25 U
20 39 10 0 D
20 40 11 40 L
20 41 9 26 U
20 42 2 42 L
20 43 24 33 U
20 44 12 30 U
20 45 4 31 U
20 46 18 46 L
21 0 9 41 L
21 1 20 40 L
21 2 11 17 R
21 3 10 3 D
21 4 23 16 R
21 5 0 43 L
21 6 0 29 U
21 7 10 7 D
21 8 13 24 R
21 9 8 9 D
21 10 13 18 R
21 11 8 11 D
21 12 13 22 R
21 13 28 31 U
21 15 30 9 D
21 16 17 43 L
21 17 27 31 U
21 18 15 26 U
21 19 31 4 D
21 20 5 28 U
21 21 5 10 D
21 22 12 33 U
21 23 7 5 D
21 25 5 40 L
21 26 9 41 L
21 27 0 38 L
21 28 3 15 R
21 29 18 29 U
21 30 25 43 L
21 31 10 31 U
21 32 15 14 R
21 33 11 13 R
21 34 10 8 D
21 35 3 35 U
21 36 3 36 U
21 37 3 37 U
21 38 11 28 U
21 39 14 11 D
21 40 7 2 D
21 41 23 32 U
21 42 3 3 D
21 43 8 43 L
21 44 0 16 R
21 45 16 34 U
21 46 23 0 D
21 47 16 5 D
22 0 13 14 R
22 1 9 15 R
22 2 20 13 R
22 3 2 17 R
22 4 27 29 U
22 5 14 20 R
22 6 21 13 R
22 7 12 7 D
22 8 0 31 U
22 9 21 9 D
22 10 7 10 D
22 11 4 11 D
22 12 0 42 L
22 13 20 0 D
22 14 24 11 D
22 15 5 4 D
22 16 29 32 U
22 17 12 10 D
22 18 1 6 D
22 20 18 20 R
22 21 18 21 R
22 22 1 22 R
22 23 17 8 D
22 24 15 24 R
22 25 24 38 L
22 26 18 23 R
22 27 12 21 R
22 28 13 20 R
22 29 8 47 L
22 30 14 48 L
22 31 23 23 R
22 32 6 40 L
22 33 21 22 R
22 34 23 34 U
22 35 2 47 L
22 36 20 46 L
22 37 7 41 L
22 38 4 38 L
22 39 24 33 U
22 40 1 27 U
22 41 12 37 U
22 42 3 36 U
22 43 30 9 D
22 44 2 44 L
22 45 13 45 L
22 46 14 3 D
23 0 10 0 D
23 1 2 14 R
23 2 8 28 U
23 3 15 15 R
23 4 17 4 D
23 5 13 45 L
23 6 18 17 R
23 7 19 41 L
23 8 4 8 D
23 9 21 18 R
23 10 25 13 R
23 11 1 11 D
23 12 5 12 D
23 13 13 26 U
23 14 1 25 U
23 15 6 2 D
23 16 16 25 U
23 17 31 4 D
23 18 3 8 D
23 19 29 5 D
23 20 34 9 D
23 21 17 7 D
23 22 5 22 R
23 23 27 23 R
23 25 21 42 L
23 26 30 44 L
23 27 12 14 R
23 28 30 43 L
23 29 19 19 R
23 30 11 30 U
23 31 11 31 U
23 32 3 32 U
23 33 24 23 R
23 34 0 24 R
23 35 1 35 U
23 36 9 36 U
23 37 7 42 L
23 38 22 4 D
23 39 13 31 U
23 40 17 35 U
23 41 1 6 D
23 42 1 37 U
23 43 28 26 U
23 44 9 5 D
23 45 25 7 D
23 46 33 9 D
23 48 10 48 L
24 0 18 18 R
24 1 18 14 R
24 2 3 14 R
24 3 10 44 L
24 4 31 20 R
24 5 21 22 R
24 7 10 7 D
24 8 20 18 R
24 9 9 9 D
24 10 26 38 L
24 11 2 15 R
24 12 6 12 D
24 13 31 8 D
24 14 3 14 R
24 15 8 35 U
24 16 17 16 R
24 17 0 27 U
24 18 29 18 R
24 19 30 26 U
24 20 25 26 U
24 21 15 1 D
24 22 1 22 R
24 23 1 23 R
24 25 28 38 L
24 26 7 16 R
24 27 6 27 U
24 28 5 3 D
24 29 2 42 L
24 30 11 3 D
24 31 2 17 R
24 32 1 19 R
24 33 26 33 U
24 34 22 39 L
24 35 8 35 U
24 36 2 36 U
24 37 0 22 R
24 38 3 25 U
24 39 2 10 D
24 40 22 26 U
24 41 27 25 U
24 42 12 11 D
24 43 6 43 L
24 44 6 44 L
24 45 3 35 U
24 46 27 46 L
24 48 4 48 L
25 0 24 0 D
25 1 28 17 R
25 2 2 16 R
25 3 18 14 R
25 4 0 28 U
25 5 19 20 R
25 6 23 6 D
25 7 0 46 L
25 8 1 8 D
25 9 7 17 R
25 10 28 21 R
25 11 27 38 L
25 12 27 21 R
25 13 12 0 D
25 14 11 1 D
25 15 21 28 U
25 16 24 2 D
25 17 2 26 U
25 18 16 5 D
25 19 13 2 D
25 20 26 11 D
25 21 2 7 D
25 22 1 22 R
25 23 0 28 U
25 25 3 38 L
25 26 11 13 R
25 27 19 27 U
25 28 33 22 R
25 29 29 46 L
25 30 8 42 L
25 31 16 31 U
25 32 12 41 L
25 33 10 42 L
25 34 23 14 R
25 35 5 35 U
25 36 5 36 U
25 37 28 23 R
25 38 21 34 U
25 39 18 39 L
25 40 15 13 R
25 41 31 11 D
25 42 14 7 D
25 44 13 26 U
25 45 15 6 D
25 46 22 36 U
26 1 24 19 R
26 2 3 2 D
26 3 8 17 R
26 4 5 42 L
26 5 7 5 D
26 6 5 23 R
26 7 27 48 L
26 8 1 8 D
26 9 8 9 D
26 10 2 10 D
26 11 1 33 U
26 12 4 12 D
26 13 31 12 D
26 14 20 0 D
26 15 19 29 U
26 16 11 29 U
26 17 22 17 R
26 18 15 34 U
26 20 7 20 R
26 22 18 10 D
26 23 31 29 U
26 25 19 0 D
26 27 2 23 R
26 28 1 28 U
26 29 17 29 U
26 30 3 38 L
26 31 32 31 U
26 32 21 14 R
26 33 27 40 L
26 34 10 34 U
26 35 7 42 L
26 36 8 36 U
26 37 8 37 U
26 38 19 5 D
26 39 22 26 U
26 40 11 32 U
26 42 11 4 D
26 43 5 6 D
26 44 18 44 L
26 45 17 37 U
26 46 13 29 U
27 0 12 40 L
27 1 5 14 R
27 2 22 20 R
27 3 18 42 L
27 4 26 13 R
27 5 24 21 R
27 6 13 18 R
27 8 5 45 L
27 9 18 39 L
27 10 2 15 R
27 11 22 18 R
27 12 7 42 L
27 13 6 30 U
27 14 0 1 D
27 15 14 15 R
27 16 12 26 U
27 17 3 31 U
27 18 13 18 R
27 19 5 19 R
27 20 19 31 U
27 21 12 27 U
27 22 14 37 U
27 23 8 23 R
27 25 23 48 L
27 26 17 38 L
27 27 9 23 R
27 28 3 28 U
27 29 18 41 L
27 30 0 12 D
27 31 17 39 L
27 32 0 46 L
27 33 0 5 D
27 34 5 34 U
27 35 18 35 U
27 36 9 24 R
27 37 9 8 D
27 38 3 2 D
27 39 14 25 U
27 40 3 32 U
27 42 5 10 D
27 43 3 43 L
27 44 3 44 L
27 45 3 9 D
27 46 9 36 U
28 1 14 1 D
28 2 0 27 U
28 3 26 18 R
28 5 26 42 L
28 6 29 21 R
28 7 8 7 D
28 8 6 8 D
28 9 8 9 D
28 10 30 20 R
28 11 36 11 D
28 12 16 12 D
28 13 12 1 D
28 14 0 25 U
28 15 29 2 D
28 16 5 16 R
28 17 30 28 U
28 18 19 8 D
28 20 7 20 R
28 22 27 37 U
28 23 23 26 U
28 25 25 16 R
28 27 15 8 D
28 28 17 28 U
28 29 9 14 R
28 30 1 30 U
28 31 5 44 L
28 32 21 23 R
28 33 3 33 U
28 34 3 34 U
28 35 1 7 D
28 36 3 36 U
28 37 29 13 R
28 38 18 30 U
28 39 17 9 D
28 40 25 27 U
28 42 24 36 U
28 43 0 33 U
28 44 27 32 U
28 45 17 24 R
28 46 4 46 L
29 0 0 38 L
29 1 2 38 L
29 2 28 42 L
29 3 13 39 L
29 5 22 29 U
29 7 31 21 R
29 8 25 22 R
29 9 15 42 L
29 10 26 10 D
29 11 8 44 L
29 12 3 12 D
29 13 15 30 U
29 14 10 3 D
29 15 26 2 D
29 16 24 35 U
29 17 14 1 D
29 18 7 30 U
29 19 15 19 R
29 20 9 20 R
29 22 0 28 U
29 23 20 5 D
29 25 26 25 U
29 27 11 1 D
29 28 24 14 R
29 29 11 39 L
29 30 23 45 L
29 31 27 39 L
29 32 1 32 U
29 35 10 35 U
29 36 11 36 U
29 40 25 1 D
29 42 7 42 L
29 44 19 29 U
29 45 7 45 L
29 46 17 12 D
30 0 25 38 L
30 1 8 45 L
30 2 5 2 D
30 3 2 44 L
30 4 8 4 D
30 5 5 41 L
30 7 12 7 D
30 8 3 45 L
30 9 8 9 D
30 10 3 37 U
30 11 33 11 D
30 12 28 15 R
30 13 14 5 D
30 15 22 33 U
30 16 32 12 D
30 17 9 8 D
30 18 24 29 U
30 19 32 6 D
30 20 18 25 U
30 22 1 6 D
30 25 3 25 U
30 27 29 48 L
30 28 18 39 L
30 29 2 29 U
30 30 20 6 D
30 31 6 31 U
30 32 5 32 U
30 36 0 46 L
30 37 23 37 U
30 40 15 25 U
30 44 9 8 D
30 45 19 1 D
30 46 21 46 L
31 1 2 25 U
31 2 11 23 R
31 3 4 3 D
31 5 3 5 D
31 6 28 48 L
31 7 7 43 L
31 8 0 25 U
31 9 19 46 L
31 10 16 10 D
31 11 0 41 L
31 12 0 22 R
31 16 4 8 D
31 17 32 1 D
31 18 16 26 U
31 20 8 1 D
31 22 8 22 R
31 26 6 41 L
31 27 26 27 U
31 28 19 41 L
31 29 15 20 R
31 30 21 42 L
31 31 28 24 R
31 32 30 15 R
31 36 2 36 U
31 37 5 37 U
31 40 25 36 U
31 44 8 34 U
31 45 18 45 L
31 46 6 46 L
32 1 4 1 D
32 3 33 13 R
32 5 29 15 R
32 8 2 8 D
32 12 11 12 D
32 16 23 6 D
32 17 3 4 D
32 18 3 2 D
32 20 22 2 D
32 22 0 31 U
32 26 8 40 L
32 27 5 21 R
32 28 18 16 R
32 29 5 19 R
32 31 1 31 U
32 32 1 32 U
32 36 7 36 U
32 44 5 29 U
33 3 0 18 R
33 5 25 5 D
33 7 11 7 D
33 8 26 8 D
33 12 8 12 D
33 17 14 17 R
33 27 9 19 R
33 28 7 17 R
33 29 34 24 R
33 36 11 36 U
33 44 6 44 L
33 45 24 0 D
34 3 0 23 R
34 8 10 8 D
34 27 24 44 L
34 29 35 43 L
34 36 20 44 L
35 8 9 38 L
35 27 6 41 L
35 29 0 44 L
35 36 19 36 U
36 8 14 8 D
36 36 3 36 U

