8 6 41
1 0 0 0 2 0 2 1 0 0 1 5 0
0 0 0 0 0 0 0 0 6 0 0 0 5
1 0 0 0 1 1 3 0 0 3 0 0 0
4 0 0 0 0 0 0 0 0 4 0 5 0
0 0 0 0 0 0 0 0 0 0 0 0 0
0 0 0 0 0 0 0 0 0 0 0 0 0
0 1 0 0 2 0 4 6 0 0 4 0 0
5 0 0 0 0 0 5 0 0 6 0 0 6
0 0 0 0 0 0 0 0 0 0 0 0 0
0 1 0 1 0 0 0 0 0 2 0 2 0
3 0 0 0 0 0 0 0 0 0 0 0 2
0 0 0 0 0 1 0 0 0 0 0 1 0
4 0 0 0 0 0 0 0 7 0 0 0 0
0 0 0 0 D
0 1 0 1 R
0 2 0 2 U
0 3 0 3 U
0 4 0 4 L
0 5 0 5 L
1 0 0 1 R
1 1 0 2 U
1 2 0 5 L
1 3 0 1 R
1 4 0 0 D
1 5 0 1 R
2 0 0 4 L
2 1 0 0 D
2 2 2 1 R
2 3 1 4 L
2 4 0 3 U
2 5 2 5 L
3 0 3 5 L
3 1 0 4 L
3 2 2 0 D
3 3 0 0 D
3 4 0 2 U
3 5 2 3 U
4 0 2 4 L
4 1 0 3 U
4 2 3 1 R
4 3 4 3 U
4 4 1 1 R
4 5 1 5 L
5 0 4 0 D
5 1 2 0 D
5 2 3 0 D
5 3 3 3 U
5 4 4 2 U
6 0 2 0 D
6 1 2 1 R
6 2 1 1 R
6 4 5 4 L
7 0 7 4 L
7 1 4 2 U

