33 27 757
26 13 0 0 0 29 0 29 0 31 29 17 7 3 26 7 25 0 0
0 6 0 22 0 24 12 0 28 0 0 9 0 28 11 0 0 17 2
25 0 0 0 0 0 8 0 6 0 0 17 0 0 23 0 0 9 21
26 16 9 0 0 0 0 31 32 31 0 27 15 0 0 12 0 0 14
0 6 0 0 20 0 24 31 0 28 6 29 30 23 2 24 0 0 0
15 22 16 0 0 0 27 0 0 0 0 0 0 0 0 0 0 0 0
23 23 17 0 0 0 5 0 24 24 0 0 0 0 4 0 0 23 1
28 0 0 0 0 0 0 24 0 0 0 0 15 0 0 25 0 0 0
0 12 22 0 0 16 8 26 0 28 30 0 0 0 0 0 0 0 0
0 0 0 0 0 25 0 0 0 0 2 24 22 0 0 0 32 0 21
0 13 0 14 0 0 17 0 0 11 6 10 24 0 3 0 0 0 0
17 26 28 0 0 28 28 0 25 0 27 4 30 0 25 0 0 0 0
9 0 0 0 8 0 20 0 0 0 29 7 19 12 0 4 25 12 0
0 0 17 0 13 0 10 3 14 0 0 27 3 0 15 16 20 11 0
0 0 0 0 0 0 0 13 5 9 0 26 0 24 0 0 30 9 16
23 1 0 26 0 30 3 0 0 7 0 0 0 0 14 4 0 32 31
11 13 27 0 4 14 0 0 0 0 0 0 0 0 0 29 0 30 15
17 0 0 0 25 30 0 0 0 0 0 0 0 0 0 0 10 0 5
14 0 0 0 22 0 0 0 0 0 0 0 0 0 0 0 27 0 0
0 0 0 0 R
0 1 0 1 R
0 2 0 2 R
0 3 0 3 R
0 4 0 4 R
0 5 0 5 R
0 6 0 6 U
0 7 0 7 U
0 8 0 8 U
0 9 0 9 U
0 10 0 10 U
0 11 0 11 U
0 12 0 12 U
0 13 0 13 D
0 14 0 14 D
0 15 0 15 D
0 16 0 16 D
0 17 0 17 D
0 18 0 18 D
0 19 0 19 D
0 20 0 20 L
0 21 0 21 L
0 22 0 22 L
0 23 0 23 L
0 24 0 24 L
0 25 0 25 L
0 26 0 26 L
1 0 22 16 D
1 1 9 1 R
1 2 13 19 D
1 3 7 15 D
1 4 4 4 R
1 5 4 11 U
1 6 23 21 L
1 7 3 7 U
1 8 15 8 U
1 9 5 9 U
1 10 2 10 U
1 11 10 11 U
1 12 26 12 U
1 13 10 26 L
1 14 0 8 U
1 15 6 15 D
1 16 8 24 L
1 17 16 25 L
1 19 17 0 R
1 20 16 15 D
1 21 9 14 D
1 22 0 14 D
1 23 14 8 U
1 24 7 24 L
1 25 2 25 L
1 26 24 26 L
2 0 0 13 D
2 1 9 15 D
2 2 22 16 D
2 3 8 3 R
2 4 5 9 U
2 5 4 5 R
2 6 29 4 R
2 7 12 5 R
2 8 0 23 L
2 9 1 9 U
2 10 1 10 U
2 11 12 11 U
2 12 27 12 U
2 13 0 3 R
2 14 19 24 L
2 15 0 3 R
2 16 18 7 U
2 17 28 0 R
2 18 18 5 R
2 19 18 19 D
2 20 24 9 U
2 21 4 21 L
2 22 0 7 U
2 23 8 23 L
2 24 4 16 D
2 25 5 25 L
2 26 17 26 L
3 0 17 19 D
3 1 12 19 D
3 2 7 2 R
3 3 0 20 L
3 4 6 13 D
3 5 2 5 R
3 6 0 20 L
3 7 1 7 U
3 8 9 20 L
3 9 7 21 L
3 10 11 10 U
3 11 9 1 R
3 12 1 12 U
3 13 2 11 U
3 14 5 14 D
3 15 0 0 R
3 16 0 7 U
3 17 0 8 U
3 18 0 5 R
3 19 16 19 D
3 20 0 2 R
3 21 6 15 D
3 22 1 19 D
3 23 24 15 D
3 24 6 14 D
3 25 5 25 L
3 26 31 7 U
4 0 23 14 D
4 1 5 14 D
4 2 2 2 R
4 3 26 16 D
4 4 2 4 R
4 5 1 5 R
4 6 0 1 R
4 7 0 4 R
4 8 22 24 L
4 9 29 9 U
4 10 0 17 D
4 11 1 21 L
4 12 7 0 R
4 13 24 20 L
4 14 13 14 D
4 15 18 5 R
4 16 3 2 R
4 17 22 7 U
4 19 19 19 D
4 20 17 20 L
4 21 3 21 L
4 22 1 15 D
4 23 0 10 U
4 24 12 16 D
4 25 1 11 U
4 26 15 19 D
5 0 10 11 U
5 1 0 8 U
5 2 0 9 U
5 3 23 3 R
5 4 3 4 R
5 5 0 23 L
5 6 8 21 L
5 7 12 0 R
5 8 10 23 L
5 9 28 9 U
5 10 8 4 R
5 11 6 11 U
5 12 29 22 L
5 13 0 20 L
5 14 12 21 L
5 15 2 15 D
5 16 1 16 D
5 17 2 17 D
5 19 16 21 L
5 20 0 13 D
5 21 28 13 D
5 22 31 22 L
5 23 24 14 D
5 24 16 24 L
5 25 23 25 L
5 26 17 26 L
6 0 14 25 L
6 1 2 1 R
6 2 17 18 D
6 3 17 3 R
6 4 7 14 D
6 5 15 16 D
6 6 9 13 D
6 7 8 3 R
6 8 5 8 U
6 9 23 4 R
6 10 21 15 D
6 11 3 11 U
6 13 8 22 L
6 14 14 21 L
6 15 2 23 L
6 16 29 0 R
6 17 28 9 U
6 19 2 0 R
6 20 4 7 U
6 21 0 7 U
6 22 22 7 U
6 23 24 12 U
6 24 14 24 L
6 25 22 1 R
6 26 1 8 U
7 0 3 9 U
7 1 11 1 R
7 2 11 2 R
7 3 23 3 R
7 4 6 15 D
7 5 2 9 U
7 6 0 3 R
7 7 9 26 L
7 8 1 8 U
7 9 20 9 U
7 10 4 23 L
7 11 17 21 L
7 13 0 24 L
7 14 0 23 L
7 15 20 21 L
7 16 18 21 L
7 17 16 17 D
7 19 16 19 D
7 20 0 8 U
7 21 0 0 R
7 22 4 22 L
7 23 1 23 L
7 24 2 24 L
7 25 1 25 L
7 26 17 26 L
8 0 21 13 D
8 1 6 7 U
8 2 15 15 D
8 3 1 3 R
8 4 12 11 U
8 5 10 5 R
8 6 2 1 R
8 7 15 14 D
8 8 12 8 U
8 9 30 9 U
8 10 2 10 U
8 11 0 13 D
8 13 0 4 R
8 14 1 14 D
8 15 5 20 L
8 16 10 16 D
8 17 9 26 L
8 19 16 9 U
8 20 5 7 U
8 21 9 21 L
8 22 7 22 L
8 23 4 23 L
8 24 12 24 L
8 25 25 25 L
8 26 10 26 L
9 0 18 20 L
9 1 2 1 R
9 2 18 2 R
9 3 11 3 R
9 4 13 4 R
9 5 3 8 U
9 6 11 3 R
9 7 8 2 R
9 8 17 4 R
9 9 16 3 R
9 10 8 0 R
9 11 0 24 L
9 12 1 4 R
9 13 13 4 R
9 14 2 14 D
9 15 2 15 D
9 16 0 25 L
9 17 8 1 R
9 19 20 20 L
9 20 13 13 D
9 21 0 6 U
9 22 22 12 U
9 23 8 23 L
9 24 7 1 R
9 25 4 25 L
9 26 20 14 D
10 0 11 12 U
10 1 18 10 U
10 2 2 2 R
10 3 25 9 U
10 4 0 11 U
10 5 11 5 R
10 6 15 23 L
10 7 18 22 L
10 8 5 8 U
10 9 25 0 R
10 10 7 10 U
10 11 17 25 L
10 13 16 26 L
10 14 1 14 D
10 15 2 15 D
10 16 1 20 L
10 17 1 17 D
10 19 19 21 L
10 20 5 6 U
10 21 16 15 D
10 22 20 0 R
10 23 7 3 R
10 24 25 24 L
10 25 7 16 D
10 26 1 17 D
11 0 0 17 D
11 1 2 19 D
11 2 3 14 D
11 3 20 6 U
11 4 0 16 D
11 5 7 5 R
11 6 12 6 U
11 7 6 17 D
11 8 3 8 U
11 9 5 1 R
11 10 8 5 R
11 11 2 22 L
11 12 27 12 U
11 13 19 21 L
11 14 25 20 L
11 15 6 1 R
11 16 15 16 D
11 17 28 24 L
11 19 0 9 U
11 20 0 17 D
11 21 1 21 L
11 22 6 22 L
11 23 5 17 D
11 24 7 24 L
11 25 6 25 L
11 26 2 26 L
12 0 0 7 U
12 1 2 1 R
12 2 2 2 R
12 3 10 3 R
12 4 24 24 L
12 5 30 8 U
12 6 17 22 L
12 7 0 2 R
12 8 6 0 R
12 9 7 0 R
12 10 27 3 R
12 11 3 11 U
12 12 11 23 L
12 13 3 22 L
12 14 1 14 D
12 15 10 15 D
12 16 2 16 D
12 17 14 5 R
12 19 2 19 D
12 20 1 6 U
12 21 0 4 R
12 22 13 11 U
12 23 10 23 L
12 24 0 13 D
12 25 9 25 L
12 26 21 8 U
13 0 5 6 U
13 1 1 1 R
13 2 27 7 U
13 3 2 13 D
13 4 16 7 U
13 5 21 5 R
13 6 0 15 D
13 7 1 5 R
13 8 2 2 R
13 9 27 9 U
13 10 4 1 R
13 11 20 11 U
13 12 29 5 R
13 13 0 1 R
13 14 5 21 L
13 15 0 2 R
13 16 22 16 D
13 19 15 5 R
13 20 4 14 D
13 21 0 2 R
13 22 1 0 R
13 23 1 13 D
13 24 23 13 D
13 25 8 17 D
13 26 5 26 L
14 0 0 6 U
14 1 0 22 L
14 2 2 12 U
14 3 8 10 U
14 4 20 25 L
14 5 2 5 R
14 6 12 3 R
14 7 19 7 U
14 8 8 8 U
14 9 3 9 U
14 10 7 25 L
14 11 2 11 U
14 13 28 23 L
14 14 11 1 R
14 15 23 22 L
14 16 12 4 R
14 17 19 23 L
14 19 24 4 R
14 20 9 0 R
14 21 3 21 L
14 22 26 9 U
14 23 2 13 D
14 24 0 9 U
14 25 12 3 R
14 26 30 6 U
15 0 13 0 R
15 1 8 23 L
15 2 11 14 D
15 3 0 14 D
15 4 5 10 U
15 5 4 17 D
15 6 4 15 D
15 7 0 22 L
15 8 17 21 L
15 9 2 26 L
15 10 6 26 L
15 11 1 11 U
15 12 1 12 U
15 13 1 22 L
15 14 0 6 U
15 15 0 22 L
15 16 6 20 L
15 17 1 17 D
15 19 1 19 D
15 20 30 20 L
15 21 3 21 L
15 22 11 9 U
15 23 22 10 U
15 24 19 19 D
15 25 5 13 D
15 26 4 19 D
16 0 0 10 U
16 1 14 6 U
16 2 8 12 U
16 3 4 6 U
16 4 19 6 U
16 5 12 10 U
16 6 24 1 R
16 7 20 23 L
16 8 0 0 R
16 9 10 9 U
16 10 10 2 R
16 11 21 24 L
16 12 8 12 U
16 13 12 24 L
16 14 7 21 L
16 15 21 9 U
16 17 20 22 L
16 19 18 23 L
16 20 30 1 R
16 21 29 13 D
16 22 2 22 L
16 23 7 17 D
16 24 26 14 D
16 25 19 19 D
17 0 5 0 R
17 1 27 1 R
17 2 6 2 R
17 3 8 8 U
17 4 16 16 D
17 5 10 6 U
17 6 16 1 R
17 7 25 25 L
17 8 11 20 L
17 9 4 20 L
17 10 16 14 D
17 11 7 25 L
17 12 3 12 U
17 13 6 6 U
17 14 6 14 D
17 15 10 25 L
17 16 20 16 D
17 17 16 17 D
17 19 2 19 D
17 20 2 6 U
17 21 19 21 L
17 22 21 8 U
17 23 0 15 D
17 24 2 24 L
17 25 31 16 D
17 26 2 26 L
18 0 9 24 L
18 1 20 8 U
18 2 17 6 U
18 3 14 7 U
18 4 30 17 D
18 5 0 21 L
18 6 11 25 L
18 7 22 7 U
18 8 1 5 R
18 9 17 9 U
18 10 8 10 U
18 11 19 3 R
18 13 1 13 D
18 14 29 3 R
18 15 29 15 D
18 17 22 22 L
18 19 1 19 D
18 20 22 10 U
18 21 1 16 D
18 22 13 6 U
18 23 6 11 U
18 24 3 24 L
18 25 28 13 D
18 26 25 26 L
19 0 4 7 U
19 1 9 9 U
19 2 7 15 D
19 3 15 11 U
19 4 17 8 U
19 5 2 5 R
19 6 0 5 R
19 7 4 5 R
19 8 4 5 R
19 9 21 2 R
19 10 2 1 R
19 11 2 20 L
19 13 1 20 L
19 14 14 2 R
19 15 29 23 L
19 17 14 23 L
19 19 14 19 D
19 20 7 0 R
19 21 18 14 D
19 22 1 7 U
19 23 3 13 D
19 24 7 24 L
19 25 0 18 D
19 26 8 26 L
20 0 2 17 D
20 1 7 10 U
20 2 0 7 U
20 3 7 17 D
20 4 6 10 U
20 5 1 11 U
20 6 13 24 L
20 7 1 7 U
20 8 3 8 U
20 9 2 24 L
20 10 23 10 U
20 11 24 22 L
20 12 12 4 R
20 13 7 22 L
20 14 0 21 L
20 15 28 24 L
20 16 18 16 D
20 19 18 19 D
20 20 6 14 D
20 21 7 21 L
20 22 1 22 L
20 23 24 5 R
20 24 16 17 D
20 25 3 25 L
21 0 24 8 U
21 1 4 1 R
21 2 25 14 D
21 3 8 3 R
21 4 1 25 L
21 5 13 5 R
21 6 22 20 L
21 7 19 20 L
21 8 12 26 L
21 9 27 0 R
21 11 11 11 U
21 12 8 23 L
21 13 15 7 U
21 14 18 14 D
21 15 5 4 R
21 19 2 19 D
21 20 29 13 D
21 21 31 19 D
21 22 11 14 D
21 23 19 13 D
21 24 4 24 L
21 25 9 2 R
22 0 19 0 R
22 1 11 1 R
22 2 8 2 R
22 3 4 20 L
22 4 13 4 R
22 5 23 15 D
22 6 13 0 R
22 7 20 24 L
22 8 5 8 U
22 9 0 21 L
22 11 3 11 U
22 13 10 20 L
22 14 8 0 R
22 15 1 24 L
22 16 23 3 R
22 19 27 1 R
22 20 0 5 R
22 21 5 21 L
22 22 0 3 R
22 23 13 3 R
22 24 0 4 R
22 25 7 25 L
23 0 3 19 D
23 1 20 19 D
23 2 2 2 R
23 3 15 6 U
23 4 17 22 L
23 5 2 7 U
23 6 2 15 D
23 7 3 21 L
23 8 13 8 U
23 9 8 9 U
23 10 1 10 U
23 11 8 11 U
23 13 11 25 L
23 14 11 14 D
23 15 4 25 L
23 17 5 17 D
23 19 8 21 L
23 20 11 8 U
23 21 0 1 R
23 22 3 22 L
23 23 13 13 D
23 24 4 8 U
23 25 14 6 U
24 0 1 6 U
24 1 8 1 R
24 2 26 9 U
24 3 18 3 R
24 4 23 15 D
24 5 4 15 D
24 7 20 1 R
24 8 5 25 L
24 9 4 2 R
24 11 4 11 U
24 13 14 24 L
24 14 6 0 R
24 15 16 25 L
24 16 20 25 L
24 17 4 22 L
24 19 5 25 L
24 20 12 17 D
24 21 21 19 D
24 22 27 22 L
24 23 13 17 D
24 24 22 7 U
24 25 13 11 U
25 0 29 7 U
25 1 13 1 R
25 2 5 12 U
25 3 24 3 R
25 4 22 4 R
25 5 7 5 R
25 7 5 23 L
25 8 1 8 U
25 9 8 16 D
25 11 9 20 L
25 13 10 25 L
25 14 18 14 D
25 16 9 25 L
25 17 22 17 D
25 19 0 20 L
25 20 5 16 D
25 21 9 8 U
25 22 2 9 U
25 23 4 6 U
25 24 6 24 L
25 25 29 14 D
26 0 24 17 D
26 1 10 11 U
26 2 0 24 L
26 3 4 16 D
26 4 16 12 U
26 6 30 6 U
26 7 11 22 L
26 8 14 5 R
26 9 20 22 L
26 10 1 10 U
26 11 6 11 U
26 13 16 13 D
26 14 18 14 D
26 16 1 16 D
26 19 27 3 R
26 20 28 10 U
26 21 7 21 L
26 22 19 14 D
26 23 4 15 D
26 24 27 14 D
26 25 4 25 L
27 0 22 6 U
27 1 5 1 R
27 2 17 2 R
27 3 8 3 R
27 4 1 11 U
27 5 6 23 L
27 7 13 0 R
27 8 25 3 R
27 9 18 21 L
27 10 1 10 U
27 11 6 11 U
27 12 20 1 R
27 13 10 21 L
27 14 18 25 L
27 16 29 8 U
27 17 21 21 L
27 19 4 19 D
27 20 6 15 D
27 21 10 8 U
27 22 19 19 D
27 23 24 23 L
27 24 19 9 U
27 25 16 16 D
28 1 0 21 L
28 2 26 21 L
28 3 3 3 R
28 4 10 4 R
28 5 1 6 U
28 6 9 0 R
28 7 21 4 R
28 8 15 8 U
28 11 27 2 R
28 13 25 20 L
28 14 14 23 L
28 15 15 26 L
28 16 14 23 L
28 19 11 19 D
28 20 0 16 D
28 21 5 3 R
28 22 3 13 D
28 23 9 23 L
28 24 1 24 L
28 25 10 4 R
29 1 27 13 D
29 2 5 6 U
29 3 4 3 R
29 5 9 5 R
29 6 20 2 R
29 7 5 5 R
29 8 1 15 D
29 9 24 3 R
29 11 4 23 L
29 13 23 22 L
29 14 2 14 D
29 18 9 18 D
29 19 5 19 D
29 20 24 14 D
29 21 22 15 D
29 22 0 1 R
29 23 0 12 U
29 24 4 6 U
29 25 3 16 D
30 1 8 7 U
30 5 25 12 U
30 7 4 7 U
30 8 15 20 L
30 11 2 11 U
30 13 12 3 R
30 14 24 7 U
30 16 19 26 L
30 19 7 19 D
30 20 0 11 U
30 21 22 21 L
30 22 11 22 L
30 23 22 7 U
30 24 23 3 R
30 25 5 25 L
31 1 0 15 D
31 3 21 23 L
31 5 7 5 R
31 8 18 16 D
31 13 17 21 L
31 14 4 22 L
31 16 4 9 U
31 20 3 13 D
31 22 29 13 D
31 23 21 14 D
31 25 1 7 U
32 1 13 1 R
32 8 28 17 D
32 22 19 22 L

