30 34 843
6 0 0 0 0 0 21 23 0 0 0 25 5 22 3 0 17 7
0 0 0 0 0 1 29 12 0 15 5 0 21 0 0 0 0 21
0 0 0 11 26 0 23 0 0 26 0 18 0 0 0 0 2 0
0 0 0 15 21 0 0 0 0 0 25 13 0 0 0 0 22 0
17 0 16 0 0 6 9 0 0 0 0 0 20 20 19 0 0 0
10 21 0 9 17 13 4 0 0 0 0 0 23 0 0 0 19 23
0 0 0 0 0 15 19 0 0 0 18 0 0 0 14 0 1 7
16 0 0 2 25 25 26 21 0 6 0 10 8 9 22 6 9 0
0 18 22 6 4 16 0 0 0 24 0 0 0 24 0 0 6 2
19 14 18 24 0 8 0 20 5 9 0 21 0 5 6 2 7 0
0 0 0 0 0 18 0 0 1 0 13 19 2 0 23 0 13 7
20 0 11 8 19 24 0 15 12 15 26 0 5 13 25 4 21 10
0 0 21 24 27 0 1 0 0 17 0 0 0 0 0 0 0 18
11 3 0 26 25 0 25 24 23 22 0 0 0 0 0 0 0 22
23 0 21 4 3 0 0 0 27 0 26 0 0 0 0 0 0 16
22 12 0 8 18 15 0 0 15 18 0 17 0 0 0 0 0 14
18 0 17 14 0 0 0 0 7 0 0 0 0 0 5 0 0 1
22 0 19 0 19 0 0 0 8 15 24 0 0 0 0 0 0 25
0 0 0 0 L
0 1 0 1 L
0 2 0 2 L
0 3 0 3 L
0 4 0 4 L
0 5 0 5 L
0 6 0 6 L
0 7 0 7 R
0 8 0 8 R
0 9 0 9 R
0 10 0 10 R
0 11 0 11 R
0 12 0 12 R
0 13 0 13 R
0 14 0 14 R
0 15 0 15 D
0 16 0 16 D
0 17 0 17 D
0 18 0 18 D
0 19 0 19 D
0 20 0 20 D
0 21 0 21 D
0 22 0 22 D
0 23 0 23 D
0 24 0 24 D
0 25 0 25 U
0 26 0 26 U
0 27 0 27 U
0 28 0 28 U
0 29 0 29 U
0 30 0 30 U
0 31 0 31 U
0 32 0 32 U
0 33 0 33 U
1 0 17 26 U
1 1 24 27 U
1 2 16 16 D
1 3 3 29 U
1 4 0 12 R
1 5 3 5 L
1 6 11 25 U
1 7 12 15 D
1 8 7 27 U
1 9 16 5 L
1 10 11 29 U
1 11 0 18 D
1 12 12 12 R
1 13 23 13 R
1 14 11 14 R
1 15 16 10 R
1 16 2 4 L
1 17 10 17 D
1 18 0 10 R
1 19 0 11 R
1 20 4 20 D
1 21 2 21 D
1 22 4 22 D
1 23 5 23 D
1 24 15 24 D
1 25 0 0 L
1 26 16 26 U
1 27 15 13 R
1 28 4 28 U
1 29 8 13 R
1 30 9 30 U
1 31 4 14 R
1 32 3 11 R
1 33 3 33 U
2 0 13 30 U
2 1 6 22 D
2 2 8 20 D
2 3 6 25 U
2 4 8 20 D
2 5 1 5 L
2 6 22 27 U
2 7 1 15 D
2 8 4 17 D
2 9 1 16 D
2 10 0 1 L
2 11 8 20 D
2 12 0 27 U
2 13 17 29 U
2 14 11 14 R
2 15 5 1 L
2 16 8 8 R
2 17 11 4 L
2 18 8 18 D
2 19 1 19 D
2 20 13 11 R
2 21 1 21 D
2 22 13 22 D
2 23 3 13 R
2 24 5 24 D
2 25 0 15 D
2 26 0 16 D
2 27 0 12 R
2 28 14 8 R
2 29 8 10 R
2 30 13 2 L
2 31 21 31 U
2 32 1 32 U
2 33 9 33 U
3 0 0 15 D
3 1 23 1 L
3 2 6 29 U
3 3 4 3 L
3 4 11 24 D
3 5 0 28 U
3 6 1 6 L
3 7 14 25 U
3 8 12 22 D
3 9 13 15 D
3 10 10 27 U
3 11 4 20 D
3 12 16 17 D
3 13 13 13 R
3 14 11 14 R
3 15 7 3 L
3 16 11 1 L
3 17 0 7 R
3 18 7 18 D
3 19 9 19 D
3 20 7 20 D
3 21 5 12 R
3 22 7 22 D
3 23 2 23 D
3 24 1 24 D
3 25 6 17 D
3 26 11 8 R
3 27 12 12 R
3 28 7 28 U
3 29 12 12 R
3 30 17 30 U
3 31 6 31 U
3 32 2 32 U
3 33 23 33 U
4 0 6 15 D
4 1 21 18 D
4 2 0 7 R
4 3 18 22 D
4 4 10 4 L
4 5 8 19 D
4 6 8 6 L
4 7 12 7 R
4 8 1 15 D
4 9 7 15 D
4 10 12 10 R
4 11 13 27 U
4 12 14 4 L
4 13 1 17 D
4 14 21 33 U
4 15 1 7 R
4 16 0 4 L
4 17 1 12 R
4 18 0 26 U
4 19 13 19 D
4 20 5 26 U
4 21 21 14 R
4 22 19 28 U
4 23 2 23 D
4 24 1 24 D
4 25 5 1 L
4 26 19 3 L
4 27 23 27 U
4 28 5 0 L
4 29 14 10 R
4 30 5 30 U
4 31 9 31 U
4 32 3 32 U
4 33 9 33 U
5 0 9 23 D
5 1 15 23 D
5 2 3 19 D
5 3 12 26 U
5 4 25 17 D
5 5 20 28 U
5 6 9 23 D
5 7 1 19 D
5 8 21 8 R
5 9 15 24 D
5 10 2 2 L
5 11 3 11 R
5 12 11 16 D
5 13 9 21 D
5 14 25 26 U
5 15 14 0 L
5 16 4 8 R
5 17 4 17 D
5 18 20 9 R
5 19 28 7 R
5 20 6 4 L
5 21 2 21 D
5 22 15 22 D
5 23 10 6 L
5 24 12 24 D
5 25 18 9 R
5 26 14 0 L
5 27 7 9 R
5 28 2 5 L
5 29 7 29 U
5 30 2 30 U
5 31 3 31 U
5 32 17 32 U
5 33 18 5 L
6 0 23 32 U
6 1 0 17 D
6 2 12 2 L
6 3 8 27 U
6 4 5 4 L
6 5 1 16 D
6 6 14 12 R
6 7 18 15 D
6 8 10 8 R
6 9 21 9 R
6 10 20 3 L
6 11 10 11 R
6 12 15 20 D
6 13 10 13 R
6 14 3 14 R
6 15 2 14 R
6 16 4 4 L
6 17 4 17 D
6 18 4 10 R
6 19 21 19 D
6 20 10 9 R
6 21 18 21 D
6 22 4 22 D
6 23 11 23 D
6 24 20 9 R
6 25 18 2 L
6 26 0 19 D
6 27 9 27 U
6 28 3 7 R
6 29 0 18 D
6 30 4 3 L
6 31 0 11 R
6 32 5 4 L
6 33 20 0 L
7 0 16 28 U
7 1 19 16 D
7 2 13 30 U
7 3 4 17 D
7 4 26 30 U
7 5 0 16 D
7 6 13 30 U
7 7 10 5 L
7 8 0 17 D
7 9 0 26 U
7 10 0 21 D
7 11 10 11 R
7 12 18 29 U
7 13 1 13 R
7 14 11 14 R
7 15 3 2 L
7 16 0 1 L
7 17 14 17 D
7 18 15 1 L
7 19 4 19 D
7 20 17 32 U
7 21 0 12 R
7 22 17 7 R
7 23 5 8 R
7 24 8 24 D
7 25 4 0 L
7 26 2 26 U
7 27 17 0 L
7 28 9 28 U
7 29 10 29 U
7 30 14 30 U
7 31 20 11 R
7 32 1 32 U
7 33 1 33 U
8 0 16 25 U
8 1 1 28 U
8 2 26 31 U
8 3 12 28 U
8 4 7 20 D
8 5 3 16 D
8 6 9 26 U
8 7 0 25 U
8 8 1 33 U
8 9 24 26 U
8 10 22 21 D
8 11 1 33 U
8 12 16 26 U
8 13 11 25 U
8 14 18 14 R
8 15 21 8 R
8 16 15 16 D
8 17 1 17 D
8 18 14 8 R
8 19 2 19 D
8 20 19 20 D
8 21 1 32 U
8 22 12 22 D
8 23 1 23 D
8 24 2 33 U
8 25 2 25 U
8 26 10 9 R
8 27 0 9 R
8 28 14 28 U
8 29 2 29 U
8 30 5 30 U
8 31 1 31 U
8 32 18 8 R
8 33 22 33 U
9 0 23 18 D
9 1 0 20 D
9 2 3 2 L
9 3 14 30 U
9 4 1 4 L
9 5 8 30 U
9 6 18 15 D
9 7 5 20 D
9 8 0 25 U
9 9 17 15 D
9 10 4 20 D
9 11 2 18 D
9 12 7 22 D
9 13 3 13 R
9 14 1 6 L
9 15 13 7 R
9 16 7 16 D
9 17 14 17 D
9 18 22 10 R
9 19 1 19 D
9 20 1 20 D
9 21 3 21 D
9 22 1 22 D
9 23 5 12 R
9 24 7 12 R
9 25 0 3 L
9 26 0 17 D
9 27 11 3 L
9 28 11 1 L
9 29 1 1 L
9 30 8 5 L
9 31 4 31 U
9 32 3 32 U
9 33 11 13 R
10 0 4 15 D
10 1 6 1 L
10 2 0 11 R
10 3 11 3 L
10 4 0 10 R
10 5 21 17 D
10 6 3 27 U
10 7 12 16 D
10 8 0 30 U
10 9 6 9 R
10 10 6 10 R
10 11 3 28 U
10 12 0 5 L
10 13 0 21 D
10 14 3 14 R
10 15 16 15 D
10 16 0 2 L
10 17 8 2 L
10 18 0 5 L
10 19 1 8 R
10 20 20 10 R
10 21 7 3 L
10 22 14 11 R
10 23 9 23 D
10 25 7 13 R
10 26 2 26 U
10 27 8 27 U
10 28 20 4 L
10 29 14 29 U
10 30 22 6 L
10 31 3 31 U
10 32 2 32 U
10 33 2 33 U
11 0 18 15 D
11 1 3 15 D
11 2 5 23 D
11 3 13 3 L
11 4 4 4 L
11 5 1 5 L
11 6 6 6 L
11 7 8 1 L
11 8 7 16 D
11 9 12 9 R
11 10 0 31 U
11 11 21 18 D
11 12 6 12 R
11 13 23 13 R
11 14 5 6 L
11 15 0 6 L
11 16 5 2 L
11 17 6 5 L
11 18 5 18 D
11 19 14 4 L
11 20 0 9 R
11 21 8 10 R
11 22 1 22 D
11 23 3 9 R
11 25 9 4 L
11 26 2 0 L
11 27 17 27 U
11 28 8 7 R
11 29 10 5 L
11 30 0 21 D
11 31 21 13 R
11 32 6 32 U
11 33 20 14 R
12 0 8 18 D
12 1 4 1 L
12 2 11 2 L
12 3 0 19 D
12 4 4 18 D
12 5 19 5 L
12 6 21 6 L
12 7 15 7 R
12 8 2 8 R
12 9 7 30 U
12 10 10 10 R
12 11 20 31 U
12 12 10 32 U
12 13 14 13 R
12 14 1 14 R
12 15 3 13 R
12 16 1 25 U
12 17 7 2 L
12 18 18 5 L
12 19 7 9 R
12 20 11 20 D
12 21 17 5 L
12 22 3 22 D
12 23 3 23 D
12 25 16 25 U
12 26 6 26 U
12 27 13 4 L
12 28 13 9 R
12 29 0 4 L
12 30 1 7 R
12 31 0 3 L
12 32 9 32 U
12 33 22 11 R
13 0 8 0 L
13 1 8 26 U
13 2 28 33 U
13 3 6 31 U
13 4 10 31 U
13 5 3 25 U
13 6 11 6 L
13 7 0 16 D
13 8 0 15 D
13 9 1 22 D
13 10 12 16 D
13 11 4 11 R
13 12 17 21 D
13 13 19 15 D
13 14 0 31 U
13 15 4 8 R
13 16 3 3 L
13 17 23 8 R
13 18 12 0 L
13 19 0 3 L
13 20 18 12 R
13 21 20 9 R
13 22 19 22 D
13 23 7 23 D
13 25 12 12 R
13 26 22 2 L
13 27 20 3 L
13 28 3 28 U
13 29 19 13 R
13 30 9 4 L
13 31 18 31 U
13 32 8 12 R
13 33 23 33 U
14 0 7 29 U
14 1 4 7 R
14 3 3 32 U
14 4 16 33 U
14 5 2 33 U
14 6 5 6 L
14 7 4 29 U
14 8 3 18 D
14 9 6 25 U
14 10 0 28 U
14 11 1 27 U
14 12 0 3 L
14 13 2 22 D
14 14 1 14 R
14 15 0 0 L
14 16 5 0 L
14 17 24 10 R
14 18 16 18 D
14 19 8 19 D
14 20 4 20 D
14 21 17 21 D
14 22 5 26 U
14 23 13 23 D
14 24 0 8 R
14 25 13 6 L
14 26 5 26 U
14 27 9 27 U
14 28 6 28 U
14 29 11 10 R
14 30 3 30 U
14 31 1 5 L
14 32 16 9 R
14 33 8 33 U
15 0 1 16 D
15 1 5 1 L
15 2 19 21 D
15 3 0 8 R
15 4 13 22 D
15 5 12 5 L
15 6 12 6 L
15 7 11 0 L
15 8 0 28 U
15 9 6 9 R
15 10 2 3 L
15 11 11 3 L
15 12 1 12 R
15 13 11 32 U
15 14 0 6 L
15 15 24 3 L
15 16 22 11 R
15 17 22 26 U
15 18 3 4 L
15 19 19 19 D
15 20 19 20 D
15 21 9 5 L
15 22 4 22 D
15 23 5 23 D
15 24 18 24 D
15 25 14 8 R
15 26 14 26 U
15 27 3 27 U
15 28 21 14 R
15 29 1 29 U
15 30 0 1 L
15 31 13 1 L
15 32 0 5 L
15 33 8 12 R
16 0 14 16 D
16 1 0 25 U
16 2 1 2 L
16 3 23 31 U
16 4 11 16 D
16 5 7 19 D
16 6 23 31 U
16 7 20 15 D
16 8 12 27 U
16 9 8 32 U
16 10 1 19 D
16 11 20 4 L
16 12 1 22 D
16 13 21 13 R
16 14 14 30 U
16 15 24 2 L
16 16 3 4 L
16 17 17 4 L
16 18 19 18 D
16 19 8 7 R
16 20 9 6 L
16 21 23 10 R
16 22 11 30 U
16 23 2 23 D
16 25 4 8 R
16 26 6 8 R
16 27 6 3 L
16 28 0 2 L
16 29 14 29 U
16 30 14 1 L
16 31 19 9 R
16 32 1 32 U
16 33 3 33 U
17 0 1 28 U
17 1 20 28 U
17 3 12 17 D
17 4 0 21 D
17 5 5 5 L
17 6 23 20 D
17 7 0 33 U
17 8 5 20 D
17 9 15 9 R
17 10 12 15 D
17 11 16 26 U
17 12 12 23 D
17 14 20 26 U
17 15 15 25 U
17 16 19 2 L
17 17 7 27 U
17 18 22 11 R
17 19 5 19 D
17 20 8 20 D
17 21 0 28 U
17 22 9 14 R
17 23 2 8 R
17 25 9 5 L
17 26 3 26 U
17 27 9 10 R
17 28 9 28 U
17 29 13 1 L
17 30 6 30 U
17 31 25 0 L
17 32 13 5 L
17 33 8 3 L
18 0 11 20 D
18 1 20 21 D
18 2 0 27 U
18 3 4 25 U
18 4 14 32 U
18 5 25 31 U
18 6 3 6 L
18 7 7 7 R
18 8 3 27 U
18 9 4 1 L
18 10 24 28 U
18 11 12 17 D
18 12 16 12 R
18 14 7 29 U
18 15 19 9 R
18 16 0 29 U
18 17 19 17 D
18 18 10 6 L
18 19 5 14 R
18 20 4 20 D
18 21 2 7 R
18 22 1 22 D
18 23 1 23 D
18 25 24 0 L
18 26 19 26 U
18 27 19 11 R
18 28 17 10 R
18 29 17 4 L
18 30 23 13 R
18 31 6 4 L
18 32 8 32 U
18 33 1 11 R
19 0 3 19 D
19 1 14 15 D
19 2 20 18 D
19 3 0 18 D
19 4 1 27 U
19 5 8 21 D
19 6 5 18 D
19 7 11 22 D
19 8 16 21 D
19 9 2 28 U
19 10 4 16 D
19 11 0 32 U
19 12 16 25 U
19 14 23 14 R
19 15 21 0 L
19 16 14 16 D
19 17 23 17 D
19 18 4 18 D
19 19 0 31 U
19 20 6 8 R
19 21 11 14 R
19 23 3 23 D
19 25 5 18 D
19 26 8 7 R
19 27 21 7 R
19 28 15 28 U
19 29 15 29 U
19 30 21 30 U
19 31 5 10 R
19 32 22 32 U
19 33 6 33 U
20 0 23 24 D
20 1 3 26 U
20 2 5 17 D
20 3 16 30 U
20 4 23 4 L
20 5 15 32 U
20 6 12 6 L
20 7 1 18 D
20 8 22 8 R
20 9 6 2 L
20 10 2 26 U
20 11 12 30 U
20 12 9 12 R
20 14 14 25 U
20 15 14 7 R
20 16 19 1 L
20 17 27 12 R
20 18 22 18 D
20 19 22 5 L
20 20 13 14 R
20 21 7 11 R
20 23 4 23 D
20 25 16 0 L
20 26 18 26 U
20 27 1 2 L
20 28 11 28 U
20 29 10 8 R
20 30 13 10 R
20 31 15 31 U
20 32 9 32 U
20 33 27 33 U
21 0 19 17 D
21 1 6 1 L
21 2 18 25 U
21 3 22 16 D
21 4 11 18 D
21 5 18 17 D
21 6 6 29 U
21 7 2 25 U
21 8 13 1 L
21 9 23 17 D
21 10 16 29 U
21 11 15 2 L
21 12 0 4 L
21 14 15 14 R
21 15 9 6 L
21 16 1 14 R
21 17 25 11 R
21 18 2 18 D
21 19 14 19 D
21 20 3 20 D
21 21 23 21 D
21 23 10 23 D
21 25 11 8 R
21 26 0 8 R
21 27 12 4 L
21 28 7 10 R
21 29 1 18 D
21 30 2 12 R
21 31 0 10 R
21 32 8 14 R
21 33 1 0 L
22 0 10 25 U
22 1 24 20 D
22 2 9 29 U
22 3 16 3 L
22 4 1 18 D
22 5 5 17 D
22 6 20 6 L
22 7 13 6 L
22 8 17 19 D
22 9 16 19 D
22 10 3 3 L
22 11 4 11 R
22 12 5 22 D
22 13 10 13 R
22 14 1 14 R
22 16 8 16 D
22 18 0 29 U
22 19 3 19 D
22 20 3 8 R
22 21 19 21 D
22 22 23 8 R
22 23 0 33 U
22 25 2 7 R
22 26 18 4 L
22 27 9 15 D
22 28 11 15 D
22 29 20 9 R
22 30 7 7 R
22 31 4 5 L
22 32 17 3 L
22 33 7 8 R
23 0 18 32 U
23 2 13 2 L
23 3 11 33 U
23 4 10 4 L
23 5 21 18 D
23 6 6 6 L
23 7 5 23 D
23 8 5 8 R
23 9 0 2 L
23 10 12 10 R
23 11 18 29 U
23 12 4 12 R
23 14 11 14 R
23 16 17 9 R
23 18 5 18 D
23 19 19 19 D
23 20 20 20 D
23 21 8 21 D
23 22 24 12 R
23 23 14 11 R
23 25 20 1 L
23 27 19 27 U
23 28 22 12 R
23 29 24 5 L
23 30 15 30 U
23 31 9 31 U
23 32 21 8 R
23 33 12 10 R
24 2 13 27 U
24 3 0 29 U
24 4 1 33 U
24 5 10 32 U
24 7 21 24 D
24 8 4 25 U
24 9 10 26 U
24 10 12 10 R
24 11 13 1 L
24 12 25 27 U
24 13 12 30 U
24 14 13 15 D
24 17 0 3 L
24 18 25 12 R
24 19 26 11 R
24 20 23 7 R
24 21 20 0 L
24 23 4 23 D
24 25 11 4 L
24 27 10 27 U
24 30 8 8 R
24 33 14 33 U
25 2 1 2 L
25 3 4 29 U
25 4 18 28 U
25 5 4 5 L
25 6 12 6 L
25 7 23 19 D
25 9 17 27 U
25 10 18 10 R
25 11 20 32 U
25 12 27 3 L
25 19 10 3 L
25 20 4 20 D
25 21 8 21 D
25 23 16 7 R
25 26 7 26 U
25 27 11 12 R
25 30 7 10 R
26 4 1 31 U
26 5 24 19 D
26 7 15 27 U
26 9 12 5 L
26 10 3 10 R
26 11 11 11 R
26 12 23 18 D
26 19 2 19 D
26 20 3 20 D
27 4 22 25 U
27 5 14 30 U
27 7 21 0 L
27 12 12 12 R
27 19 4 19 D
28 4 19 21 D
28 19 24 32 U
29 4 5 4 L

