24 26 560
0 6 6 0 13 0 20 14 0 0 21 4 22 21 0
0 0 16 0 22 21 2 20 0 0 22 19 0 13 13
13 1 1 20 12 8 6 3 5 7 0 11 5 0 15
5 6 0 0 18 0 20 21 0 0 0 2 4 21 14
9 0 19 0 0 11 0 0 0 0 0 0 0 0 0
0 14 2 0 0 12 0 0 6 2 0 4 0 0 0
22 0 11 21 20 0 0 0 1 4 0 4 0 0 13
10 0 21 0 6 8 0 0 0 4 0 0 19 0 0
20 2 0 14 9 10 22 0 12 0 0 0 4 0 0
3 0 17 13 0 5 0 21 0 0 0 0 0 1 14
21 9 17 0 0 16 15 20 7 2 3 2 0 19 14
15 0 11 20 0 10 20 11 0 0 0 16 0 0 0
2 4 1 22 0 11 0 0 0 0 0 10 0 0 3
0 4 17 21 0 0 0 19 5 0 13 6 3 5 11
0 22 11 19 0 0 7 0 19 0 0 3 6 0 0
0 0 0 0 R
0 1 0 1 R
0 2 0 2 R
0 3 0 3 R
0 4 0 4 R
0 5 0 5 R
0 6 0 6 R
0 7 0 7 U
0 8 0 8 U
0 9 0 9 U
0 10 0 10 U
0 11 0 11 U
0 12 0 12 U
0 13 0 13 U
0 14 0 14 D
0 15 0 15 D
0 16 0 16 D
0 17 0 17 D
0 18 0 18 D
0 19 0 19 D
0 20 0 20 L
0 21 0 21 L
0 22 0 22 L
0 23 0 23 L
0 24 0 24 L
0 25 0 25 L
1 0 9 7 U
1 1 15 18 D
1 2 19 18 D
1 3 2 16 D
1 4 2 9 U
1 5 8 18 D
1 6 3 6 R
1 7 17 0 R
1 8 20 1 R
1 9 17 9 U
1 10 5 2 R
1 11 20 22 L
1 12 6 12 U
1 13 17 1 R
1 14 13 2 R
1 15 5 23 L
1 16 19 22 L
1 17 2 17 D
1 18 3 22 L
1 19 7 19 D
1 20 3 8 U
1 21 3 15 D
1 22 9 22 L
1 23 0 0 R
1 24 10 17 D
1 25 3 25 L
2 0 0 14 D
2 1 0 8 U
2 2 0 10 U
2 3 20 3 R
2 4 6 4 R
2 5 6 5 R
2 6 4 6 R
2 7 1 20 L
2 8 20 21 L
2 9 18 21 L
2 10 1 10 U
2 11 8 11 U
2 12 13 0 R
2 13 7 5 R
2 14 19 21 L
2 15 3 5 R
2 16 13 3 R
2 17 0 4 R
2 18 0 3 R
2 19 1 22 L
2 20 18 15 D
2 21 1 10 U
2 22 5 9 U
2 23 3 19 D
2 24 4 24 L
2 25 0 4 R
3 0 0 19 D
3 1 11 16 D
3 2 22 2 R
3 3 0 23 L
3 4 2 4 R
3 5 1 5 R
3 6 14 6 R
3 7 0 0 R
3 8 0 20 L
3 9 2 3 R
3 10 8 10 U
3 11 5 1 R
3 12 8 6 R
3 13 2 13 U
3 14 1 25 L
3 15 0 1 R
3 16 0 6 R
3 17 4 17 D
3 18 0 7 U
3 19 4 3 R
3 20 2 19 D
3 21 17 21 L
3 22 8 14 D
3 23 15 9 U
3 24 11 24 L
3 25 1 15 D
4 0 19 8 U
4 1 3 7 U
4 2 1 11 U
4 3 14 10 U
4 4 19 7 U
4 5 15 19 D
4 6 5 24 L
4 7 9 23 L
4 8 6 8 U
4 9 10 9 U
4 10 1 10 U
4 11 3 11 U
4 12 18 12 U
4 13 11 13 U
4 14 9 7 U
4 15 0 24 L
4 16 9 21 L
4 17 12 1 R
4 18 6 1 R
4 19 8 2 R
4 20 12 11 U
4 21 10 15 D
4 22 0 12 U
4 23 3 23 L
4 24 5 24 L
4 25 10 25 L
5 0 0 9 U
5 1 17 8 U
5 2 16 2 R
5 3 3 3 R
5 4 16 12 U
5 5 6 13 U
5 6 4 6 R
5 7 0 15 D
5 8 13 16 D
5 9 4 1 R
5 10 1 10 U
5 11 4 11 U
5 12 0 25 L
5 13 0 19 D
5 14 2 8 U
5 15 1 6 R
5 16 15 23 L
5 17 0 6 R
5 18 18 18 D
5 19 9 19 D
5 20 0 14 D
5 21 12 16 D
5 22 9 10 U
5 23 7 17 D
5 24 9 13 U
5 25 2 25 L
6 0 1 10 U
6 1 2 7 U
6 2 5 12 U
6 3 4 13 U
6 4 0 12 U
6 5 14 5 R
6 6 5 6 R
6 7 0 14 D
6 8 2 1 R
6 9 1 6 R
6 10 9 15 D
6 11 1 25 L
6 12 4 4 R
6 13 3 13 U
6 14 10 20 L
6 15 2 24 L
6 16 3 0 R
6 17 9 17 D
6 18 11 4 R
6 19 12 4 R
6 20 12 13 U
6 21 0 19 D
6 22 2 12 U
6 23 5 23 L
6 24 0 18 D
6 25 0 5 R
7 0 21 0 R
7 1 5 9 U
7 2 21 7 U
7 3 8 3 R
7 4 0 14 D
7 5 4 5 R
7 6 2 6 R
7 7 9 1 R
7 8 1 3 R
7 9 19 2 R
7 10 5 20 L
7 11 8 3 R
7 12 8 2 R
7 13 0 15 D
7 14 4 20 L
7 15 1 22 L
7 16 1 1 R
7 17 3 4 R
7 18 13 25 L
7 19 13 22 L
7 20 0 18 D
7 21 1 15 D
7 22 12 17 D
7 23 19 10 U
7 24 4 10 U
7 25 3 25 L
8 0 18 16 D
8 1 13 12 U
8 2 15 2 R
8 4 7 11 U
8 5 6 17 D
8 6 1 9 U
8 7 17 21 L
8 8 9 23 L
8 9 14 25 L
8 10 0 17 D
8 11 7 11 U
8 12 3 12 U
8 13 5 6 R
8 14 20 0 R
8 15 4 22 L
8 16 6 21 L
8 17 12 17 D
8 18 3 18 D
8 19 0 11 U
8 20 17 14 D
8 21 3 8 U
8 22 7 14 D
8 23 7 23 L
8 24 16 13 U
8 25 14 12 U
9 0 0 16 D
9 1 2 14 D
9 2 3 2 R
9 3 4 12 U
9 4 3 4 R
9 5 4 5 R
9 6 5 6 R
9 7 10 23 L
9 8 4 8 U
9 9 18 4 R
9 10 6 24 L
9 11 0 6 R
9 12 6 12 U
9 13 0 14 D
9 14 8 23 L
9 15 10 15 D
9 16 17 16 D
9 17 10 17 D
9 18 7 23 L
9 19 3 19 D
9 20 0 17 D
9 21 5 7 U
9 22 16 15 D
9 23 19 8 U
9 24 17 9 U
9 25 8 11 U
10 0 2 17 D
10 1 2 17 D
10 2 14 19 D
10 3 17 11 U
10 4 15 18 D
10 5 7 7 U
10 6 0 24 L
10 7 15 14 D
10 8 4 15 D
10 9 1 0 R
10 10 2 10 U
10 11 1 11 U
10 12 19 12 U
10 13 1 13 U
10 14 6 20 L
10 15 0 20 L
10 16 8 16 D
10 17 4 23 L
10 18 5 10 U
10 19 8 19 D
10 20 18 12 U
10 21 1 14 D
10 22 8 16 D
10 23 5 12 U
10 24 14 24 L
10 25 4 25 L
11 0 1 16 D
11 1 8 10 U
11 2 22 9 U
11 4 6 8 U
11 5 4 15 D
11 6 0 25 L
11 7 10 22 L
11 8 19 21 L
11 9 5 9 U
11 10 0 1 R
11 11 3 20 L
11 12 0 21 L
11 13 21 13 U
11 14 4 6 R
11 15 5 2 R
11 16 2 16 D
11 17 8 21 L
11 18 7 24 L
11 19 3 2 R
11 20 18 10 U
11 21 13 9 U
11 22 0 10 U
11 23 0 9 U
11 24 3 7 U
11 25 12 18 D
12 0 9 17 D
12 1 2 16 D
12 2 15 17 D
12 3 15 19 D
12 4 2 16 D
12 5 16 11 U
12 6 5 16 D
12 7 21 0 R
12 8 5 2 R
12 9 0 5 R
12 10 0 23 L
12 11 0 18 D
12 12 17 1 R
12 13 7 13 U
12 14 0 0 R
12 15 1 15 D
12 16 13 2 R
12 17 2 17 D
12 18 18 3 R
12 19 0 2 R
12 20 7 14 D
12 21 1 8 U
12 22 0 7 U
12 23 17 16 D
12 24 8 7 U
12 25 11 13 U
13 0 5 10 U
13 1 0 15 D
13 2 1 2 R
13 3 10 18 D
13 4 14 13 U
13 5 6 5 R
13 6 1 6 R
13 7 21 20 L
13 8 12 20 L
13 9 15 6 R
13 10 5 10 U
13 11 1 11 U
13 12 7 3 R
13 13 15 3 R
13 14 14 6 R
13 15 15 21 L
13 16 8 25 L
13 17 4 1 R
13 18 5 18 D
13 19 16 19 D
13 20 11 7 U
13 21 12 7 U
13 22 12 8 U
13 23 21 18 D
13 24 3 11 U
13 25 0 16 D
14 0 11 21 L
14 1 17 9 U
14 2 0 7 U
14 4 0 18 D
14 5 13 16 D
14 6 19 12 U
14 7 8 21 L
14 8 9 4 R
14 9 12 22 L
14 10 5 4 R
14 12 5 12 U
14 13 10 13 U
14 14 1 2 R
14 15 16 20 L
14 16 6 24 L
14 17 4 22 L
14 18 1 18 D
14 19 3 19 D
14 20 16 15 D
14 21 4 8 U
14 22 2 9 U
14 23 18 7 U
14 24 0 7 U
14 25 15 25 L
15 0 17 0 R
15 1 17 10 U
15 2 1 8 U
15 4 11 8 U
15 5 5 5 R
15 6 2 6 R
15 7 0 21 L
15 8 1 1 R
15 9 18 22 L
15 10 12 22 L
15 12 12 23 L
15 13 16 1 R
15 14 12 14 D
15 15 1 20 L
15 16 14 24 L
15 17 11 17 D
15 18 1 18 D
15 19 2 2 R
15 20 7 15 D
15 22 0 1 R
15 23 3 15 D
15 24 7 24 L
15 25 0 19 D
16 0 0 20 L
16 1 6 7 U
16 2 14 8 U
16 3 5 7 U
16 4 13 4 R
16 5 2 15 D
16 6 18 13 U
16 7 11 25 L
16 8 3 22 L
16 9 21 14 D
16 10 14 1 R
16 11 14 11 U
16 12 10 20 L
16 13 12 4 R
16 14 1 24 L
16 15 13 15 D
16 16 17 21 L
16 17 19 22 L
16 18 0 5 R
16 19 8 19 D
16 20 3 16 D
16 22 3 17 D
16 23 3 23 L
16 24 15 1 R
16 25 7 10 U
17 0 13 19 D
17 1 18 19 D
17 3 12 13 U
17 4 7 4 R
17 5 2 5 R
17 6 16 11 U
17 7 6 7 U
17 8 2 8 U
17 9 2 9 U
17 10 2 0 R
17 11 9 3 R
17 12 3 12 U
17 14 4 21 L
17 15 6 23 L
17 16 0 22 L
17 17 23 5 R
17 18 4 23 L
17 19 14 20 L
17 20 13 14 D
17 21 10 14 D
17 22 8 19 D
17 23 5 19 D
17 25 4 7 U
18 0 13 14 D
18 1 2 19 D
18 2 2 18 D
18 5 5 10 U
18 6 3 6 R
18 7 5 2 R
18 8 3 23 L
18 9 10 9 U
18 10 11 10 U
18 12 16 12 U
18 14 12 14 D
18 15 0 4 R
18 16 7 11 U
18 17 6 0 R
18 18 2 18 D
18 19 4 24 L
18 20 7 16 D
18 21 0 8 U
18 22 14 22 L
18 23 17 12 U
18 24 9 12 U
18 25 8 10 U
19 0 0 12 U
19 1 13 14 D
19 2 13 13 U
19 3 4 3 R
19 5 4 12 U
19 6 14 8 U
19 7 3 4 R
19 8 3 8 U
19 9 13 9 U
19 10 9 25 L
19 11 15 4 R
19 12 18 24 L
19 14 1 21 L
19 15 14 20 L
19 16 13 0 R
19 17 1 22 L
19 18 22 21 L
19 19 3 1 R
19 20 8 20 L
19 21 0 15 D
19 22 5 22 L
19 23 21 8 U
19 24 6 8 U
19 25 10 25 L
20 0 1 7 U
20 1 8 17 D
20 3 0 22 L
20 5 12 5 R
20 6 14 6 R
20 7 17 17 D
20 8 22 0 R
20 9 0 0 R
20 10 2 20 L
20 11 3 11 U
20 12 22 2 R
20 14 18 14 D
20 15 18 3 R
20 16 1 6 R
20 17 4 3 R
20 18 15 18 D
20 19 7 19 D
20 20 12 19 D
20 22 8 9 U
20 23 17 23 L
20 24 0 13 U
20 25 3 25 L
21 0 16 15 D
21 1 17 14 D
21 2 18 14 D
21 3 4 17 D
21 5 15 5 R
21 7 20 7 U
21 8 17 0 R
21 9 7 1 R
21 10 3 10 U
21 11 1 2 R
21 12 19 25 L
21 14 18 24 L
21 15 19 0 R
21 16 14 1 R
21 17 14 17 D
21 18 8 18 D
21 19 3 6 R
21 20 20 14 D
21 21 4 9 U
21 22 8 7 U
21 23 1 10 U
21 25 14 25 L
22 0 8 9 U
22 1 18 1 R
22 2 2 2 R
22 8 1 8 U
22 16 13 5 R
22 17 2 0 R
22 18 8 18 D
22 19 5 22 L
22 20 0 2 R
22 22 21 16 D
22 24 8 10 U
22 25 4 25 L
23 17 7 8 U

