9 12 90
0 0 1 0 0 1 6 8 4 0
0 5 7 0 0 0 6 4 0 0
0 0 0 0 0 0 0 0 6 4
0 0 0 0 0 0 0 0 0 0
0 3 0 0 0 7 0 3 0 0
0 0 2 0 0 1 0 4 5 0
2 0 0 6 0 0 7 8 0 0
6 0 0 0 0 0 1 0 0 0
0 0 0 0 7 0 2 5 2 0
4 0 0 0 0 0 0 0 7 6
0 0 0 0 R
0 1 0 1 R
0 2 0 2 R
0 3 0 3 U
0 4 0 4 U
0 5 0 5 U
0 6 0 6 D
0 7 0 7 D
0 8 0 8 D
0 9 0 9 L
0 10 0 10 L
0 11 0 11 L
1 0 0 6 D
1 1 4 8 D
1 2 2 2 R
1 3 0 0 R
1 4 3 1 R
1 5 4 10 L
1 6 0 9 L
1 7 4 11 L
1 8 0 1 R
1 9 5 7 D
1 10 0 0 R
1 11 2 5 U
2 0 3 4 U
2 1 4 1 R
2 2 1 2 R
2 3 4 2 R
2 4 5 4 U
2 5 1 2 R
2 6 4 9 L
2 7 3 9 L
2 8 1 8 D
2 9 1 7 D
2 10 5 6 D
2 11 3 2 R
3 0 0 3 U
3 1 0 4 U
3 2 2 5 U
3 3 1 9 L
3 4 1 10 L
3 5 0 2 R
3 6 5 10 L
3 7 0 3 U
3 8 5 11 L
3 9 0 6 D
3 10 1 10 L
3 11 0 3 U
4 0 3 8 D
4 1 2 3 U
4 2 6 7 D
4 3 1 3 U
4 4 6 9 L
4 6 0 10 L
4 7 6 2 R
4 8 2 8 D
4 9 1 4 U
4 10 2 6 D
4 11 3 8 D
5 1 0 11 L
5 2 3 5 U
5 3 2 0 R
5 4 4 4 U
5 5 4 0 R
5 6 2 6 D
5 7 1 0 R
5 8 2 10 L
5 9 6 9 L
5 10 6 10 L
5 11 2 1 R
6 0 1 6 D
6 1 5 1 R
6 2 5 2 R
6 3 1 1 R
6 4 0 8 D
6 5 5 11 L
6 6 3 10 L
6 7 0 5 U
6 8 5 8 D
6 9 0 7 D
6 10 0 5 U
6 11 2 11 L
7 2 0 10 L
7 4 6 1 R
7 6 0 0 R
7 9 0 1 R
7 10 6 6 D
7 11 6 11 L
8 3 7 0 R
8 6 4 11 L

