15 14 171
5 10 0 0 0 0 0 0 3 10 10
1 8 13 0 0 0 0 12 7 0 0
1 12 0 12 0 0 0 2 0 8 0
6 0 4 11 0 0 0 6 0 6 0
0 4 0 0 0 0 8 0 0 9 0
9 10 0 0 0 0 4 0 0 0 1
5 0 0 0 0 0 0 0 14 0 11
1 0 11 0 0 0 0 0 6 12 0
0 1 0 0 0 0 0 0 10 0 7
10 7 0 0 0 0 0 0 0 0 8
0 0 10 0 0 0 0 0 0 10 11
0 0 0 0 L
0 1 0 1 L
0 2 0 2 L
0 3 0 3 R
0 4 0 4 R
0 5 0 5 R
0 6 0 6 R
0 7 0 7 D
0 8 0 8 D
0 9 0 9 D
0 10 0 10 U
0 11 0 11 U
0 12 0 12 U
0 13 0 13 U
1 0 4 9 D
1 1 3 1 L
1 2 0 8 D
1 3 10 1 L
1 4 7 10 U
1 5 9 10 U
1 6 12 6 R
1 7 0 1 L
1 8 2 4 R
1 9 12 3 R
1 10 0 3 R
1 11 7 1 L
1 12 13 12 U
1 13 0 6 R
2 0 9 11 U
2 1 4 9 D
2 2 3 11 U
2 3 1 10 U
2 4 5 12 U
2 5 10 5 R
2 6 12 6 R
2 7 8 4 R
2 8 9 3 R
2 9 9 9 D
2 10 3 1 L
2 11 3 11 U
2 12 5 4 R
3 0 10 12 U
3 1 0 7 D
3 2 6 9 D
3 3 4 0 L
3 4 4 4 R
3 5 5 9 D
3 6 4 11 U
3 7 11 7 D
3 8 0 4 R
3 9 2 9 D
3 10 0 4 R
3 11 4 4 R
3 12 5 5 R
3 13 10 13 U
4 0 8 8 D
4 1 5 7 D
4 2 2 2 L
4 3 7 2 L
4 4 5 4 R
4 5 1 5 R
4 6 3 2 L
4 7 7 2 L
4 8 9 2 L
4 9 1 5 R
4 10 0 8 D
4 11 2 5 R
4 12 2 12 U
5 0 2 12 U
5 1 6 10 U
5 2 6 8 D
5 3 3 0 L
5 4 0 8 D
5 5 0 2 L
5 6 7 6 R
5 7 0 0 L
5 8 7 8 D
5 9 2 3 R
5 10 0 0 L
5 11 0 2 L
5 12 1 5 R
6 0 0 10 U
6 1 10 13 U
6 2 4 2 L
6 3 7 7 D
6 4 0 2 L
6 5 1 1 L
6 6 5 11 U
6 7 7 0 L
6 8 0 12 U
6 9 3 5 R
6 10 8 3 R
6 11 9 3 R
6 12 7 0 L
6 13 3 4 R
7 0 0 9 D
7 1 11 10 U
7 2 9 2 L
7 3 0 10 U
7 4 0 7 D
7 5 1 5 R
7 6 0 0 L
7 7 4 2 L
7 8 8 1 L
7 9 0 11 U
7 10 13 6 R
7 11 12 11 U
7 12 10 12 U
7 13 9 13 U
8 0 6 7 D
8 1 3 8 D
8 2 7 7 D
8 3 0 0 L
8 4 0 1 L
8 5 5 5 R
8 7 9 3 R
8 8 2 8 D
8 9 3 9 D
8 10 6 1 L
8 11 0 7 D
8 12 3 12 U
8 13 3 13 U
9 0 2 10 U
9 1 8 7 D
9 2 11 8 D
9 3 2 11 U
9 4 0 11 U
9 5 5 2 L
9 6 10 6 R
9 7 0 3 R
9 9 7 4 R
9 10 0 5 R
9 11 8 11 U
9 12 5 12 U
10 0 3 0 L
10 1 1 1 L
10 2 2 2 L
10 3 6 3 R
10 4 5 1 L
10 5 0 1 L
10 7 6 3 R
10 8 11 5 R
10 9 2 4 R
10 10 8 7 D
10 11 8 6 R
10 12 1 3 R
11 0 0 12 U
11 1 12 12 U
11 3 1 0 L
11 4 12 7 D
11 5 2 11 U
11 7 12 6 R
11 8 4 8 D
11 9 3 3 R
11 10 5 0 L
11 11 3 11 U
11 12 8 12 U
11 13 5 13 U
12 0 1 0 L
12 1 6 11 U
12 2 5 2 L
12 4 3 2 L
12 7 5 7 D
12 9 9 9 D
12 10 6 2 L
12 11 7 0 L
13 0 9 10 U
13 2 10 9 D
13 9 7 9 D
13 10 5 4 R
14 0 10 0 L

