19 19 312
1 12 1 2 0 17 4 17 17 0 15 15 6 0 13 3
10 14 0 7 16 0 9 14 0 5 0 15 11 0 8 0
9 5 10 0 0 0 18 17 0 13 0 0 14 9 0 5
11 0 1 0 12 0 12 0 0 11 11 0 2 2 0 0
0 12 9 0 2 11 0 0 18 0 18 17 0 3 0 16
15 14 0 16 0 0 0 0 17 0 0 0 0 0 18 5
0 16 8 0 8 12 15 0 0 5 0 0 10 0 16 5
16 0 17 17 0 0 7 0 0 0 11 9 5 0 0 0
3 0 12 0 0 0 12 18 9 0 0 16 1 8 7 9
9 12 0 0 0 0 0 1 16 15 0 0 10 10 7 0
11 12 0 0 0 8 16 2 0 0 0 0 14 0 0 2
6 0 12 0 0 0 17 0 9 14 0 0 0 0 13 0
1 0 9 1 13 12 4 0 0 5 16 7 0 0 0 1
9 17 6 15 9 0 0 0 0 17 0 0 0 15 3 4
1 2 0 0 0 7 16 9 12 0 0 3 9 2 5 0
9 8 8 5 0 13 2 12 0 0 15 5 17 8 12 1
0 0 0 0 L
0 1 0 1 L
0 2 0 2 L
0 3 0 3 L
0 4 0 4 R
0 5 0 5 R
0 6 0 6 R
0 7 0 7 R
0 8 0 8 R
0 9 0 9 D
0 10 0 10 D
0 11 0 11 D
0 12 0 12 D
0 13 0 13 D
0 14 0 14 U
0 15 0 15 U
0 16 0 16 U
0 17 0 17 U
0 18 0 18 U
1 0 0 9 D
1 1 10 1 L
1 2 0 10 D
1 3 7 3 L
1 4 8 9 D
1 5 7 14 U
1 6 0 2 L
1 7 2 7 R
1 8 3 8 R
1 9 5 5 R
1 10 0 14 U
1 11 13 11 D
1 12 0 3 L
1 13 0 0 L
1 14 0 1 L
1 15 0 7 R
1 16 3 8 R
1 17 5 17 U
2 0 0 15 U
2 1 11 1 L
2 2 4 2 L
2 3 0 16 U
2 4 0 1 L
2 5 0 14 U
2 6 1 6 R
2 7 6 7 R
2 8 1 8 R
2 9 0 6 R
2 10 0 1 L
2 11 5 4 R
2 12 1 12 D
2 13 3 13 D
2 14 0 3 L
2 15 0 2 L
2 16 16 2 L
2 17 3 17 U
2 18 4 18 U
3 0 1 13 D
3 1 11 15 U
3 2 0 13 D
3 3 0 11 D
3 4 0 9 D
3 5 1 5 R
3 6 11 6 R
3 7 1 12 D
3 8 0 15 U
3 9 0 0 L
3 10 0 5 R
3 11 2 3 L
3 12 2 12 D
3 13 2 13 D
3 14 0 8 R
3 15 2 15 U
3 16 0 4 R
3 17 8 8 R
4 0 0 14 U
4 1 0 4 R
4 2 1 2 L
4 3 1 14 U
4 4 0 17 U
4 5 5 10 D
4 6 2 6 R
4 7 0 1 L
4 9 1 4 R
4 10 2 10 D
4 11 1 11 D
4 12 2 12 D
4 13 8 13 D
4 14 9 2 L
4 15 0 10 D
4 16 11 0 L
4 17 3 10 D
5 0 13 0 L
5 1 4 14 U
5 2 4 10 D
5 3 1 10 D
5 4 0 3 L
5 5 2 10 D
5 6 3 6 R
5 7 0 0 L
5 8 1 2 L
5 9 12 9 D
5 10 0 4 R
5 11 2 11 D
5 12 2 0 L
5 13 3 13 D
5 14 0 0 L
5 15 2 15 U
5 16 2 16 U
5 17 11 4 R
6 0 2 0 L
6 1 2 17 U
6 2 8 11 D
6 3 4 13 D
6 4 8 12 D
6 5 0 16 U
6 6 4 6 R
6 7 0 12 D
6 9 3 9 D
6 10 8 7 R
6 11 4 6 R
6 12 8 5 R
6 13 14 14 U
6 14 7 6 R
6 15 0 6 R
6 16 0 11 D
6 17 2 17 U
6 18 0 12 D
7 0 0 11 D
7 1 1 17 U
7 2 1 9 D
7 3 12 3 L
7 4 1 3 L
7 5 4 5 R
7 6 0 3 L
7 7 2 7 R
7 8 11 16 U
7 9 6 7 R
7 10 10 2 L
7 11 1 3 L
7 12 13 6 R
7 13 8 8 R
7 14 0 5 R
7 15 8 15 U
7 16 10 16 U
7 17 9 17 U
8 0 7 17 U
8 1 3 11 D
8 2 2 18 U
8 3 1 3 L
8 4 2 2 L
8 5 11 15 U
8 6 9 14 U
8 7 2 15 U
8 8 4 8 R
8 9 2 1 L
8 10 12 6 R
8 11 1 6 R
8 12 5 12 D
8 13 0 7 R
8 14 7 1 L
8 15 1 15 U
8 16 0 9 D
8 17 1 17 U
9 0 11 0 L
9 1 12 10 D
9 2 5 10 D
9 3 8 15 U
9 4 0 2 L
9 5 3 5 R
9 6 2 6 R
9 7 1 7 R
9 8 0 11 D
9 9 12 2 L
9 10 6 10 D
9 11 5 11 D
9 12 3 12 D
9 13 0 16 U
9 14 8 14 U
9 15 12 5 R
9 16 13 16 U
9 17 14 3 L
10 0 0 5 R
10 1 6 1 L
10 2 7 15 U
10 3 9 11 D
10 4 0 10 D
10 5 2 5 R
10 6 11 11 D
10 7 1 9 D
10 9 14 4 R
10 10 11 0 L
10 11 8 11 D
10 12 0 8 R
10 13 2 13 D
10 14 2 1 L
10 15 9 15 U
10 16 7 16 U
10 17 2 17 U
11 0 1 0 L
11 1 1 4 R
11 2 2 2 L
11 3 9 10 D
11 4 5 17 U
11 5 1 5 R
11 6 1 6 R
11 7 1 7 R
11 9 9 9 D
11 10 2 10 D
11 11 1 4 R
11 12 12 12 D
11 13 8 13 D
11 14 2 3 L
11 15 1 0 L
11 16 5 6 R
11 17 0 9 D
12 0 7 16 U
12 1 6 12 D
12 2 4 16 U
12 3 9 3 L
12 4 10 11 D
12 5 0 13 D
12 6 3 0 L
12 7 4 9 D
12 8 5 13 D
12 9 0 7 R
12 10 2 10 D
12 11 0 15 U
12 12 14 12 D
12 13 9 13 D
12 14 1 6 R
12 15 8 4 R
12 16 10 16 U
12 17 2 17 U
13 0 0 17 U
13 1 0 12 D
13 2 14 2 L
13 3 14 16 U
13 4 10 4 R
13 5 10 13 D
13 6 2 6 R
13 7 7 17 U
13 8 1 8 R
13 9 2 6 R
13 10 15 5 R
13 11 0 2 L
13 12 2 12 D
13 13 1 13 D
13 14 9 14 U
13 15 5 15 U
13 16 1 16 U
13 17 3 4 R
14 0 6 9 D
14 1 5 15 U
14 2 13 13 D
14 4 15 15 U
14 5 15 16 U
14 6 2 6 R
14 7 15 10 D
14 9 2 17 U
14 10 2 1 L
14 11 4 3 L
14 12 16 2 L
14 13 6 15 U
14 14 13 0 L
14 15 7 7 R
14 16 0 12 D
14 17 4 4 R
15 0 9 15 U
15 1 6 9 D
15 4 2 12 D
15 5 9 5 R
15 6 9 15 U
15 7 1 7 R
15 9 10 9 D
15 10 4 10 D
15 11 4 11 D
15 12 13 4 R
15 13 7 13 D
15 14 11 1 L
15 15 5 7 R
15 16 3 7 R
15 17 16 1 L
16 0 1 0 L
16 1 13 5 R
16 4 7 10 D
16 5 4 5 R
16 6 5 14 U
16 7 12 7 R
16 9 5 2 L
16 10 1 1 L
16 11 2 11 D
16 12 4 0 L
16 13 12 13 D
16 14 13 4 R
16 15 15 1 L
16 16 14 16 U
16 17 3 17 U
17 0 14 13 D
17 4 13 4 R
17 5 4 14 U
17 6 6 1 L
17 7 1 7 R
17 10 0 17 U
17 13 3 5 R
17 14 9 0 L
17 15 2 4 R
17 16 12 5 R
17 17 6 2 L
18 4 16 16 U
18 6 13 6 R
18 16 2 16 U
18 17 10 17 U

