30 41 1134
12 11 2 17 21 0 0 0 0 24 21 8 10 9 7 4 6
11 12 12 11 0 3 13 18 21 25 24 19 21 14 23 4 19
2 22 21 1 23 22 27 24 10 0 17 0 0 19 25 8 24
0 11 15 0 28 26 20 14 11 0 0 0 20 20 0 18 7
29 24 20 28 0 0 27 27 15 10 13 17 20 21 26 0 13
26 0 18 28 0 26 28 0 0 26 0 25 0 24 26 15 25
14 22 22 21 24 28 0 15 13 16 27 14 8 24 12 11 4
4 12 22 15 0 24 0 0 19 0 0 25 26 0 25 1 1
24 25 25 0 0 20 20 0 24 0 0 26 27 27 0 22 21
21 19 19 7 23 25 0 9 14 28 27 23 26 20 15 0 7
8 11 25 22 27 0 28 19 0 27 0 0 26 25 26 26 17
0 0 26 12 24 16 27 17 0 0 14 18 0 12 20 0 6
0 10 11 12 25 0 26 0 21 5 23 0 0 28 16 24 15
27 0 3 17 21 19 27 26 0 24 0 13 24 0 24 24 23
0 22 0 16 12 0 12 0 25 23 0 13 26 27 0 10 16
21 5 21 5 24 8 23 8 0 17 24 22 23 0 13 26 13
26 0 0 0 23 12 0 17 22 21 22 7 17 26 5 26 2
0 0 0 0 D
0 1 0 1 D
0 2 0 2 D
0 3 0 3 D
0 4 0 4 D
0 5 0 5 D
0 6 0 6 D
0 7 0 7 D
0 8 0 8 D
0 9 0 9 D
0 10 0 10 R
0 11 0 11 R
0 12 0 12 R
0 13 0 13 R
0 14 0 14 R
0 15 0 15 R
0 16 0 16 R
0 17 0 17 R
0 18 0 18 R
0 19 0 19 R
0 20 0 20 R
0 21 0 21 U
0 22 0 22 U
0 23 0 23 U
0 24 0 24 U
0 25 0 25 U
0 26 0 26 U
0 27 0 27 U
0 28 0 28 U
0 29 0 29 U
0 30 0 30 L
0 31 0 31 L
0 32 0 32 L
0 33 0 33 L
0 34 0 34 L
0 35 0 35 L
0 36 0 36 L
0 37 0 37 L
0 38 0 38 L
0 39 0 39 L
0 40 0 40 L
1 0 0 21 U
1 1 0 30 L
1 2 0 10 R
1 3 0 33 L
1 4 0 22 U
1 5 0 35 L
1 6 0 13 R
1 7 0 26 U
1 8 2 38 L
1 9 3 39 L
1 10 0 22 U
1 11 0 2 D
1 12 0 1 D
1 13 0 22 U
1 14 2 23 U
1 15 0 21 U
1 16 0 2 D
1 17 3 2 D
1 18 0 38 L
1 19 0 27 U
1 20 0 9 D
1 21 0 10 R
1 22 0 31 L
1 23 0 11 R
1 24 0 14 R
1 25 0 15 R
1 26 0 16 R
1 27 0 34 L
1 28 3 17 R
1 29 6 39 L
1 30 0 0 D
1 31 0 1 D
1 32 0 23 U
1 33 0 21 U
1 34 0 4 D
1 35 0 24 U
1 36 1 23 U
1 37 1 5 D
1 38 3 26 U
1 39 0 8 D
1 40 0 28 U
2 0 2 11 R
2 1 0 12 R
2 2 0 34 L
2 3 1 3 D
2 4 2 4 D
2 5 3 31 L
2 6 3 6 D
2 7 1 7 D
2 8 3 8 D
2 9 2 9 D
2 10 0 21 U
2 11 0 30 L
2 12 1 3 D
2 13 1 13 R
2 14 0 5 D
2 15 3 15 R
2 16 3 16 R
2 17 3 17 R
2 18 1 18 R
2 19 2 19 R
2 20 3 20 R
2 21 0 32 L
2 22 1 13 R
2 23 1 23 U
2 24 1 24 U
2 25 1 25 U
2 26 0 17 R
2 27 2 38 L
2 28 0 20 R
2 29 5 29 U
2 30 0 2 D
2 31 0 12 R
2 32 1 32 L
2 33 2 4 D
2 34 1 34 L
2 35 1 35 L
2 36 2 36 L
2 37 2 37 L
2 38 3 19 R
2 39 2 39 L
2 40 2 40 L
3 0 1 32 L
3 1 0 36 L
3 2 1 37 L
3 3 0 23 U
3 4 2 12 R
3 5 2 5 D
3 6 2 6 D
3 7 0 18 R
3 8 1 8 D
3 9 1 40 L
3 10 1 0 D
3 11 1 22 U
3 12 2 1 D
3 13 0 24 U
3 14 1 25 U
3 15 3 30 L
3 16 2 25 U
3 17 3 27 U
3 18 0 9 D
3 19 0 40 L
3 20 2 20 R
3 21 0 35 L
3 22 2 10 R
3 23 1 11 R
3 24 3 15 R
3 25 3 16 R
3 26 2 26 U
3 27 3 27 U
3 28 5 20 R
3 29 1 20 R
3 30 2 6 D
3 31 0 14 R
3 32 0 3 D
3 33 2 33 L
3 34 0 7 D
3 35 2 35 L
3 36 1 36 L
3 37 3 37 L
3 38 0 18 R
3 39 6 5 D
3 40 1 40 L
4 0 1 33 L
4 1 4 30 L
4 2 5 11 R
4 3 0 34 L
4 4 3 14 R
4 5 0 24 U
4 6 0 19 R
4 7 0 28 U
4 8 7 15 R
4 9 0 13 R
4 10 4 22 U
4 11 5 0 D
4 12 1 12 R
4 13 3 21 U
4 14 2 14 R
4 15 0 31 L
4 16 4 2 D
4 17 0 3 D
4 18 4 35 L
4 19 0 33 L
4 20 2 0 D
4 21 2 37 L
4 22 4 31 L
4 23 0 12 R
4 24 6 12 R
4 25 0 33 L
4 26 2 10 R
4 27 0 17 R
4 28 4 28 U
4 29 7 29 U
4 30 3 4 D
4 31 4 6 D
4 32 5 4 D
4 33 1 6 D
4 34 1 24 U
4 35 0 21 U
4 36 1 25 U
4 37 0 20 R
4 38 6 25 U
4 39 6 39 L
4 40 0 27 U
5 0 4 31 L
5 1 4 1 D
5 2 6 2 D
5 3 4 3 D
5 4 4 15 R
5 5 6 5 D
5 6 1 10 R
5 7 6 7 D
5 8 6 8 D
5 9 8 9 D
5 10 1 21 U
5 11 4 11 R
5 12 3 12 R
5 13 2 13 R
5 14 3 1 D
5 15 6 15 R
5 16 5 16 R
5 17 6 17 R
5 18 5 18 R
5 19 5 19 R
5 20 0 39 L
5 21 2 13 R
5 22 4 22 U
5 23 5 32 L
5 24 5 24 U
5 25 0 16 R
5 26 0 38 L
5 27 2 27 U
5 28 6 28 U
5 29 6 13 R
5 30 0 26 U
5 31 4 31 L
5 32 5 32 L
5 33 3 24 U
5 34 6 34 L
5 35 3 35 L
5 36 4 36 L
5 37 3 22 U
5 38 4 38 L
5 39 5 39 L
5 40 5 40 L
6 0 5 0 D
6 1 5 17 R
6 2 6 14 R
6 3 6 3 D
6 4 0 40 L
6 5 6 38 L
6 6 4 6 D
6 7 5 7 D
6 8 5 8 D
6 9 6 9 D
6 10 4 21 U
6 11 0 32 L
6 12 6 23 U
6 13 0 26 U
6 14 0 6 D
6 15 4 15 R
6 16 0 25 U
6 17 3 7 D
6 18 6 18 R
6 19 1 4 D
6 20 5 5 D
6 21 5 30 L
6 22 4 10 R
6 23 6 23 U
6 24 0 19 R
6 25 3 36 L
6 26 3 18 R
6 27 6 27 U
6 28 5 28 U
6 29 4 29 U
6 30 3 23 U
6 31 2 2 D
6 32 0 16 R
6 33 2 1 D
6 34 3 34 L
6 35 6 2 D
6 36 5 36 L
6 37 5 37 L
6 38 4 7 D
6 39 6 20 R
6 40 4 0 D
7 0 7 31 L
7 1 0 31 L
7 2 5 36 L
7 3 8 16 R
7 4 10 17 R
7 5 9 18 R
7 6 0 11 R
7 7 16 23 U
7 8 7 8 D
7 9 1 9 D
7 10 6 29 U
7 11 4 29 U
7 12 0 32 L
7 13 7 13 R
7 14 6 2 D
7 15 0 0 D
7 16 1 16 R
7 17 4 32 L
7 18 0 1 D
7 19 7 19 R
7 20 0 21 U
7 21 7 11 R
7 22 5 10 R
7 23 2 1 D
7 24 2 15 R
7 25 8 10 R
7 26 8 26 U
7 27 7 11 R
7 28 6 10 R
7 29 8 14 R
7 30 5 28 U
7 31 5 10 R
7 32 2 9 D
7 33 7 9 D
7 34 3 6 D
7 35 0 4 D
7 36 7 27 U
7 37 7 3 D
7 38 7 0 D
7 39 7 39 L
7 40 7 40 L
8 0 1 12 R
8 1 3 12 R
8 2 6 30 L
8 3 5 32 L
8 4 10 4 D
8 5 12 5 D
8 6 1 6 D
8 7 14 7 D
8 8 2 30 L
8 9 4 9 D
8 10 7 21 U
8 11 5 11 R
8 12 5 31 L
8 13 2 40 L
8 14 7 14 R
8 15 2 15 R
8 16 8 2 D
8 17 0 34 L
8 18 2 18 R
8 19 3 19 R
8 20 10 20 R
8 21 2 16 R
8 22 0 0 D
8 23 2 23 U
8 24 8 24 U
8 25 3 25 U
8 26 7 26 U
8 27 5 27 U
8 28 0 18 R
8 29 9 29 U
8 30 2 22 U
8 31 8 22 U
8 32 3 26 U
8 33 9 33 L
8 34 4 34 L
8 35 7 35 L
8 36 9 25 U
8 37 8 37 L
8 38 12 38 L
8 39 8 39 L
8 40 9 8 D
9 0 4 39 L
9 1 8 39 L
9 2 0 14 R
9 3 9 10 R
9 4 7 4 D
9 5 11 10 R
9 6 7 37 L
9 7 12 7 D
9 8 7 13 R
9 9 9 17 R
9 10 5 1 D
9 11 8 21 U
9 12 9 12 R
9 13 8 13 R
9 14 8 9 D
9 15 5 15 R
9 16 3 3 D
9 17 5 17 R
9 18 4 18 R
9 19 1 19 R
9 20 8 33 L
9 21 8 10 R
9 22 7 37 L
9 23 5 18 R
9 24 10 36 L
9 25 7 25 U
9 26 10 20 R
9 27 9 27 U
9 28 15 6 D
9 29 8 29 U
9 30 0 29 U
9 31 4 24 U
9 32 4 29 U
9 33 10 29 U
9 34 8 26 U
9 35 9 35 L
9 36 10 36 L
9 37 6 37 L
9 38 11 38 L
9 39 7 1 D
9 40 8 40 L
10 0 6 34 L
10 1 1 30 L
10 2 10 40 L
10 3 11 17 R
10 4 5 13 R
10 5 13 5 D
10 6 4 33 L
10 7 13 7 D
10 8 8 8 D
10 9 9 9 D
10 10 2 32 L
10 11 9 27 U
10 12 6 1 D
10 13 5 13 R
10 14 14 2 D
10 15 0 40 L
10 16 8 22 U
10 17 10 17 R
10 18 9 29 U
10 19 4 19 R
10 20 11 20 R
10 21 9 33 L
10 22 9 15 R
10 23 8 3 D
10 24 11 24 U
10 25 9 25 U
10 26 10 26 U
10 27 1 19 R
10 28 11 28 U
10 29 8 11 R
10 30 7 21 U
10 31 10 9 D
10 32 10 0 D
10 33 0 6 D
10 34 6 23 U
10 35 5 35 L
10 36 9 36 L
10 37 8 3 D
10 38 9 13 R
10 39 21 8 D
10 40 10 40 L
11 0 5 26 U
11 1 8 31 L
11 2 9 2 D
11 3 11 3 D
11 4 9 20 R
11 5 7 5 D
11 6 14 6 D
11 7 0 37 L
11 8 6 12 R
11 9 0 15 R
11 10 2 33 L
11 11 8 1 D
11 12 8 12 R
11 13 8 22 U
11 14 12 14 R
11 15 0 33 L
11 16 9 16 R
11 17 7 34 L
11 18 0 22 U
11 19 5 5 D
11 20 6 20 R
11 21 0 1 D
11 22 9 32 L
11 23 13 23 U
11 24 5 4 D
11 25 2 25 U
11 26 9 26 U
11 27 2 32 L
11 28 14 28 U
11 29 6 16 R
11 30 8 0 D
11 31 9 31 L
11 32 10 2 D
11 33 11 33 L
11 34 0 21 U
11 35 7 5 D
11 36 11 36 L
11 37 0 22 U
11 38 13 38 L
11 39 15 39 L
11 40 22 23 U
12 0 11 0 D
12 1 9 38 L
12 2 16 33 L
12 3 9 3 D
12 4 5 4 D
12 5 17 14 R
12 6 15 6 D
12 7 0 24 U
12 8 10 20 R
12 9 8 19 R
12 10 0 4 D
12 11 12 0 D
12 12 3 23 U
12 13 10 13 R
12 14 13 14 R
12 15 10 15 R
12 16 5 35 L
12 17 12 17 R
12 18 10 38 L
12 19 10 19 R
12 20 1 20 R
12 21 3 20 R
12 22 9 34 L
12 23 12 23 U
12 24 12 24 U
12 25 8 25 U
12 26 10 8 D
12 27 15 33 L
12 28 15 28 U
12 29 16 2 D
12 30 5 24 U
12 31 12 3 D
12 32 14 24 U
12 33 1 22 U
12 34 5 21 U
12 35 10 35 L
12 36 9 0 D
12 37 13 21 U
12 38 0 14 R
12 39 13 39 L
12 40 14 40 L
13 0 0 38 L
13 1 8 11 R
13 2 14 33 L
13 3 12 3 D
13 4 8 15 R
13 5 16 5 D
13 6 10 6 D
13 7 18 7 D
13 8 15 11 R
13 9 20 9 D
13 10 14 3 D
13 11 15 4 D
13 12 0 23 U
13 13 11 23 U
13 14 8 14 R
13 15 9 15 R
13 16 13 16 R
13 17 1 5 D
13 18 15 18 R
13 19 11 19 R
13 20 2 31 L
13 21 3 34 L
13 22 2 30 L
13 23 7 17 R
13 24 5 8 D
13 25 16 10 R
13 26 15 26 U
13 27 16 11 R
13 28 12 16 R
13 29 16 13 R
13 30 2 24 U
13 31 13 31 L
13 32 12 25 U
13 33 0 13 R
13 34 11 22 U
13 35 12 35 L
13 36 17 0 D
13 37 2 11 R
13 38 16 6 D
13 39 19 39 L
13 40 23 40 L
14 0 9 12 R
14 1 8 10 R
14 2 15 31 L
14 3 12 12 R
14 4 12 4 D
14 5 12 23 U
14 6 16 14 R
14 7 15 7 D
14 8 15 8 D
14 9 21 9 D
14 10 10 24 U
14 11 15 31 L
14 12 13 26 U
14 13 11 1 D
14 14 16 27 U
14 15 10 25 U
14 16 15 16 R
14 17 8 17 R
14 18 14 18 R
14 19 16 19 R
14 20 13 20 R
14 21 12 20 R
14 22 3 22 U
14 23 6 30 L
14 24 10 24 U
14 25 15 25 U
14 26 14 26 U
14 27 12 27 U
14 28 9 28 U
14 29 11 29 U
14 30 11 23 U
14 31 14 21 U
14 32 14 32 L
14 33 7 7 D
14 34 17 34 L
14 35 2 28 U
14 36 15 36 L
14 37 4 12 R
14 38 16 38 L
14 39 14 39 L
14 40 20 40 L
15 0 16 21 U
15 1 0 32 L
15 2 10 2 D
15 3 11 37 L
15 4 13 15 R
15 5 18 5 D
15 6 12 19 R
15 7 8 7 D
15 8 11 8 D
15 9 18 9 D
15 10 16 21 U
15 11 8 27 U
15 12 11 12 R
15 13 15 13 R
15 14 14 29 U
15 15 12 15 R
15 16 14 16 R
15 17 11 17 R
15 18 11 18 R
15 19 9 19 R
15 20 9 26 U
15 21 12 37 L
15 22 8 31 L
15 23 8 30 L
15 24 16 31 L
15 25 13 25 U
15 26 6 26 U
15 27 15 27 U
15 28 16 28 U
15 29 15 29 U
15 30 13 30 L
15 31 7 24 U
15 32 7 8 D
15 33 16 33 L
15 34 13 34 L
15 35 9 6 D
15 36 15 26 U
15 37 16 37 L
15 38 14 38 L
15 39 20 39 L
15 40 21 40 L
16 0 10 30 L
16 1 10 32 L
16 2 11 2 D
16 3 14 3 D
16 4 16 4 D
16 5 8 5 D
16 6 11 6 D
16 7 16 7 D
16 8 8 37 L
16 9 22 15 R
16 10 0 35 L
16 11 14 27 U
16 12 7 28 U
16 13 13 29 U
16 14 17 2 D
16 15 11 15 R
16 16 13 34 L
16 17 13 17 R
16 18 13 18 R
16 19 15 19 R
16 20 19 5 D
16 21 10 1 D
16 22 2 12 R
16 23 7 23 U
16 24 13 11 R
16 25 15 20 R
16 26 9 1 D
16 27 11 38 L
16 28 2 28 U
16 29 16 29 U
16 30 14 0 D
16 31 13 6 D
16 32 8 4 D
16 33 12 7 D
16 34 18 1 D
16 35 20 2 D
16 36 8 36 L
16 37 11 25 U
16 38 13 3 D
16 39 16 11 R
16 40 17 2 D
17 0 8 21 U
17 1 10 12 R
17 2 3 2 D
17 3 15 18 R
17 4 11 32 L
17 5 10 5 D
17 6 14 11 R
17 7 10 7 D
17 8 0 21 U
17 9 14 9 D
17 10 10 36 L
17 11 13 5 D
17 12 2 22 U
17 13 14 23 U
17 14 12 4 D
17 15 0 1 D
17 16 19 4 D
17 17 21 1 D
17 18 10 18 R
17 19 0 36 L
17 20 20 20 R
17 21 13 14 R
17 22 12 38 L
17 23 15 30 L
17 24 17 34 L
17 25 0 36 L
17 26 15 13 R
17 27 14 19 R
17 28 11 15 R
17 29 11 36 L
17 30 0 15 R
17 31 16 27 U
17 32 15 5 D
17 33 19 2 D
17 34 19 24 U
17 35 21 35 L
17 36 12 12 R
17 37 14 37 L
17 38 15 38 L
17 39 22 39 L
17 40 22 40 L
18 0 17 30 L
18 1 18 11 R
18 2 11 13 R
18 3 8 3 D
18 4 5 23 U
18 5 17 16 R
18 6 18 30 L
18 7 17 7 D
18 8 22 8 D
18 9 23 9 D
18 10 17 21 U
18 11 13 25 U
18 12 10 6 D
18 13 3 13 R
18 14 17 14 R
18 15 17 24 U
18 16 20 3 D
18 17 22 17 R
18 18 17 18 R
18 19 2 0 D
18 20 19 20 R
18 21 18 31 L
18 22 17 10 R
18 23 11 16 R
18 24 10 18 R
18 25 20 10 R
18 26 22 18 R
18 27 17 18 R
18 28 13 28 U
18 29 6 2 D
18 30 17 5 D
18 31 18 31 L
18 32 0 6 D
18 33 19 33 L
18 34 19 34 L
18 35 20 35 L
18 36 18 25 U
18 37 19 37 L
18 38 0 28 U
18 39 15 2 D
18 40 0 12 R
19 0 16 38 L
19 1 21 13 R
19 2 19 2 D
19 3 12 16 R
19 4 17 18 R
19 5 14 5 D
19 6 12 33 L
19 7 21 32 L
19 8 13 8 D
19 9 26 9 D
19 10 18 29 U
19 11 20 1 D
19 12 17 34 L
19 13 3 6 D
19 14 0 32 L
19 15 21 3 D
19 16 7 32 L
19 17 21 17 R
19 18 18 18 R
19 19 17 19 R
19 20 21 20 R
19 21 19 10 R
19 22 19 22 U
19 23 3 38 L
19 24 0 11 R
19 25 19 34 L
19 26 16 11 R
19 27 17 19 R
19 28 18 28 U
19 29 21 29 U
19 30 18 7 D
19 31 19 27 U
19 32 19 22 U
19 33 18 33 L
19 34 19 4 D
19 35 18 35 L
19 36 20 22 U
19 37 3 26 U
19 38 18 21 U
19 39 16 39 L
19 40 26 40 L
20 0 0 27 U
20 1 21 30 L
20 2 21 15 R
20 3 20 3 D
20 4 21 4 D
20 5 19 5 D
20 6 18 16 R
20 7 20 12 R
20 8 20 8 D
20 9 25 9 D
20 10 8 0 D
20 11 20 21 U
20 12 20 25 U
20 13 19 13 R
20 14 18 14 R
20 15 14 15 R
20 16 20 16 R
20 17 9 17 R
20 18 18 21 U
20 19 18 19 R
20 20 17 20 R
20 21 16 14 R
20 22 21 11 R
20 23 17 36 L
20 24 19 24 U
20 25 21 25 U
20 26 24 14 R
20 27 18 27 U
20 28 18 6 D
20 29 18 29 U
20 30 19 5 D
20 31 2 31 L
20 32 16 7 D
20 33 14 6 D
20 34 21 34 L
20 35 16 26 U
20 36 18 36 L
20 37 11 37 L
20 38 0 10 R
20 39 17 39 L
20 40 15 40 L
21 0 13 33 L
21 1 2 10 R
21 2 0 17 R
21 3 22 11 R
21 4 20 4 D
21 5 19 14 R
21 6 11 31 L
21 7 20 14 R
21 8 22 17 R
21 10 18 28 U
21 11 21 32 L
21 12 3 32 L
21 13 17 13 R
21 14 14 14 R
21 15 20 15 R
21 16 18 6 D
21 17 18 17 R
21 18 15 34 L
21 19 20 7 D
21 20 16 20 R
21 21 19 31 L
21 22 20 12 R
21 23 21 36 L
21 24 20 24 U
21 25 17 25 U
21 26 25 26 U
21 27 19 27 U
21 28 19 37 L
21 29 14 29 U
21 30 21 1 D
21 31 0 11 R
21 32 18 3 D
21 33 20 33 L
21 34 14 19 R
21 35 13 35 L
21 36 20 16 R
21 37 4 37 L
21 38 20 38 L
21 39 18 39 L
21 40 19 40 L
22 0 21 35 L
22 1 22 16 R
22 2 10 39 L
22 3 19 39 L
22 4 8 18 R
22 5 18 40 L
22 6 7 19 R
22 7 21 33 L
22 8 13 18 R
22 10 5 32 L
22 11 10 8 D
22 12 24 12 R
22 13 10 3 D
22 14 19 14 R
22 15 15 15 R
22 16 0 8 D
22 17 18 4 D
22 18 19 22 U
22 19 12 0 D
22 20 7 20 R
22 21 14 37 L
22 22 2 39 L
22 23 17 6 D
22 24 20 14 R
22 25 20 25 U
22 26 22 26 U
22 27 23 31 L
22 28 23 10 R
22 29 20 29 U
22 30 9 24 U
22 31 11 16 R
22 32 14 28 U
22 33 8 9 D
22 34 12 29 U
22 35 19 35 L
22 36 16 1 D
22 37 12 37 L
22 38 2 28 U
22 39 0 17 R
22 40 23 2 D
23 0 21 39 L
23 1 20 17 R
23 2 22 39 L
23 3 24 3 D
23 4 8 10 R
23 5 23 5 D
23 6 24 30 L
23 7 9 7 D
23 8 2 8 D
23 10 22 3 D
23 11 25 11 R
23 12 26 12 R
23 13 14 13 R
23 14 11 30 L
23 15 23 15 R
23 16 15 25 U
23 17 20 5 D
23 18 22 38 L
23 19 17 5 D
23 20 3 2 D
23 21 13 30 L
23 22 19 30 L
23 23 20 40 L
23 24 18 32 L
23 25 20 17 R
23 26 23 26 U
23 27 22 27 U
23 28 24 28 U
23 29 21 13 R
23 30 9 21 U
23 31 24 31 L
23 32 18 27 U
23 33 20 26 U
23 34 25 27 U
23 35 24 3 D
23 36 13 36 L
23 37 22 37 L
23 38 13 29 U
23 39 19 3 D
23 40 23 26 U
24 0 9 15 R
24 1 24 36 L
24 2 18 31 L
24 3 23 3 D
24 4 24 4 D
24 5 26 17 R
24 6 26 6 D
24 8 21 8 D
24 10 23 30 L
24 11 17 28 U
24 12 10 12 R
24 13 5 6 D
24 14 24 14 R
24 15 22 15 R
24 16 12 16 R
24 17 14 17 R
24 18 23 18 R
24 19 20 35 L
24 20 0 40 L
24 21 13 39 L
24 22 22 22 U
24 23 23 23 U
24 24 19 2 D
24 25 0 30 L
24 26 26 11 R
24 27 25 20 R
24 28 20 28 U
24 29 23 7 D
24 30 22 22 U
24 31 24 26 U
24 32 25 0 D
24 33 17 33 L
24 35 24 35 L
24 36 16 36 L
24 38 25 38 L
24 39 17 21 U
24 40 6 4 D
25 0 26 31 L
25 1 22 12 R
25 2 23 2 D
25 3 24 37 L
25 4 26 4 D
25 5 20 5 D
25 6 16 6 D
25 8 27 8 D
25 10 25 4 D
25 11 24 24 U
25 12 23 12 R
25 13 1 40 L
25 14 23 0 D
25 15 25 1 D
25 16 8 27 U
25 17 21 7 D
25 18 23 1 D
25 19 26 19 R
25 20 22 20 R
25 21 19 38 L
25 22 22 18 R
25 23 20 20 R
25 24 25 24 U
25 25 25 0 D
25 26 24 34 L
25 27 26 27 U
25 28 23 28 U
25 29 14 10 R
25 30 3 21 U
25 31 16 23 U
25 32 17 32 L
25 33 24 5 D
25 35 21 26 U
25 36 3 29 U
25 38 27 25 U
25 39 3 39 L
25 40 25 40 L
26 0 2 35 L
26 1 24 1 D
26 2 15 40 L
26 3 19 15 R
26 4 25 4 D
26 5 14 13 R
26 6 7 11 R
26 8 28 15 R
26 10 16 5 D
26 11 6 21 U
26 12 24 1 D
26 13 13 13 R
26 14 25 35 L
26 15 24 15 R
26 16 25 16 R
26 17 27 25 U
26 18 24 18 R
26 19 28 19 R
26 20 0 31 L
26 21 0 40 L
26 22 0 36 L
26 23 21 23 U
26 24 27 13 R
26 25 25 25 U
26 27 25 27 U
26 28 8 28 U
26 29 19 29 U
26 30 13 11 R
26 31 20 7 D
26 32 23 23 U
26 33 27 7 D
26 35 23 35 L
26 36 6 36 L
26 38 26 38 L
26 40 24 40 L
27 0 11 30 L
27 1 16 32 L
27 2 20 16 R
27 3 25 17 R
27 4 18 20 R
27 5 25 22 U
27 8 25 8 D
27 10 17 25 U
27 13 25 13 R
27 14 27 5 D
27 15 24 6 D
27 16 18 16 R
27 17 24 17 R
27 18 11 0 D
27 19 27 19 R
27 20 27 20 R
27 21 25 32 L
27 22 27 32 L
27 23 26 38 L
27 24 27 24 U
27 25 13 38 L
27 27 22 40 L
27 28 19 19 R
27 29 17 29 U
27 30 24 9 D
27 31 23 29 U
27 32 17 1 D
27 35 26 8 D
27 40 22 2 D
28 0 25 18 R
28 1 20 33 L
28 3 22 3 D
28 5 28 5 D
28 14 28 14 R
28 15 27 1 D
28 17 27 17 R
28 21 27 21 U
28 22 28 22 U
28 24 16 24 U
28 30 26 8 D
28 31 23 0 D
28 32 27 21 U
28 35 27 35 L
29 0 18 14 R

