21 17 290
13 0 0 0 0 0 0 0 0 0 14 9 7 1 3 18 16 3
0 0 0 0 0 0 3 0 0 0 8 0 0 0 0 0 0 0
0 0 0 15 0 0 0 0 0 0 12 0 15 0 0 17 0 2
0 12 0 0 0 0 9 0 0 0 16 12 0 0 8 0 0 0
0 12 0 0 0 0 0 0 0 0 2 0 6 19 0 18 8 11
0 2 0 0 0 0 0 0 0 14 10 0 0 0 0 0 0 14
15 17 0 0 0 12 0 0 0 0 0 0 0 0 0 0 0 17
0 10 0 0 6 0 3 0 3 15 0 0 0 15 0 0 1 17
0 0 18 0 0 19 12 0 1 0 0 6 1 0 16 10 17 0
0 16 16 0 9 0 17 0 0 0 0 0 0 0 0 20 19 0
0 0 0 0 0 0 0 7 3 0 0 0 5 0 0 0 0 0
0 0 0 0 0 0 0 2 0 0 0 0 2 0 0 0 15 0
0 17 15 8 17 14 0 0 4 5 0 1 0 8 14 0 0 0
0 16 13 0 6 16 1 20 0 18 0 0 10 0 0 0 0 0
0 0 0 0 0 4 0 4 0 8 0 0 14 0 16 0 0 0
0 0 0 0 0 18 0 0 8 0 0 0 0 0 10 0 0 0
0 0 0 0 0 0 0 0 9 9 0 0 5 0 13 10 0 0
12 15 10 0 0 0 0 0 0 0 0 0 0 0 0 0 0 0
0 0 0 0 D
0 1 0 1 D
0 2 0 2 D
0 3 0 3 D
0 4 0 4 D
0 5 0 5 R
0 6 0 6 R
0 7 0 7 R
0 8 0 8 R
0 9 0 9 U
0 10 0 10 U
0 11 0 11 U
0 12 0 12 U
0 13 0 13 L
0 14 0 14 L
0 15 0 15 L
0 16 0 16 L
1 0 7 15 L
1 1 8 16 L
1 2 8 13 L
1 3 12 13 L
1 5 13 11 U
1 6 0 3 D
1 7 2 7 R
1 8 8 11 U
1 9 4 15 L
1 10 0 15 L
1 11 2 11 U
1 12 4 14 L
1 13 6 13 L
1 14 5 14 L
1 15 6 9 U
1 16 2 11 U
2 0 4 6 R
2 1 10 1 D
2 2 4 2 D
2 3 14 3 D
2 5 8 10 U
2 6 10 0 D
2 7 3 15 L
2 9 5 16 L
2 10 6 16 L
2 11 7 11 U
2 12 3 12 U
2 13 3 10 U
2 14 4 2 D
2 15 6 15 L
2 16 14 6 R
3 0 7 7 R
3 1 0 6 R
3 2 12 2 D
3 3 2 3 D
3 4 5 4 D
3 5 2 2 D
3 6 0 10 U
3 7 6 12 U
3 9 0 6 R
3 10 0 5 R
3 11 4 7 R
3 12 1 16 L
3 13 4 3 D
3 14 0 12 U
3 15 11 11 U
3 16 4 10 U
4 0 8 9 U
4 1 1 5 R
4 2 11 2 D
4 3 13 15 L
4 5 5 1 D
4 6 0 13 L
4 7 5 7 R
4 8 9 2 D
4 9 12 13 L
4 10 2 13 L
4 11 9 11 U
4 12 0 8 R
4 13 8 7 R
4 14 7 10 U
4 15 12 0 D
4 16 6 16 L
5 0 1 16 L
5 1 8 14 L
5 2 6 16 L
5 3 3 6 R
5 5 0 2 D
5 6 13 3 D
5 7 3 12 U
5 8 8 1 D
5 9 11 5 R
5 10 9 10 U
5 11 0 16 L
5 12 2 12 U
5 13 11 2 D
5 14 11 11 U
5 15 9 1 D
5 16 1 16 L
6 0 0 8 R
6 1 10 1 D
6 2 14 5 R
6 3 2 7 R
6 5 7 0 D
6 6 0 1 D
6 7 7 7 R
6 8 9 8 R
6 9 15 6 R
6 10 5 6 R
6 11 2 11 U
6 12 8 12 U
6 13 4 13 L
6 14 13 14 L
6 15 5 1 D
6 16 14 16 L
7 0 13 14 L
7 1 2 1 D
7 2 1 2 D
7 3 1 3 D
7 5 2 3 D
7 6 8 10 U
7 7 14 10 U
7 9 0 0 D
7 10 4 15 L
7 11 4 11 U
7 12 0 5 R
7 13 2 9 U
7 14 1 14 L
7 15 5 12 U
7 16 3 8 R
8 0 9 13 L
8 1 0 9 U
8 2 0 14 L
8 3 0 7 R
8 5 0 9 U
8 6 1 10 U
8 7 5 9 U
8 9 0 13 L
8 10 0 14 L
8 11 14 6 R
8 12 2 7 R
8 13 5 1 D
8 14 6 5 R
8 15 3 1 D
8 16 0 8 R
9 0 7 16 L
9 1 7 1 D
9 2 4 2 D
9 3 13 3 D
9 4 2 4 D
9 5 0 0 D
9 6 5 11 U
9 7 4 3 D
9 9 4 14 L
9 10 15 6 R
9 11 12 8 R
9 12 13 7 R
9 13 0 9 U
9 14 0 10 U
9 15 0 2 D
9 16 0 5 R
10 0 0 11 U
10 1 0 10 U
10 2 13 15 L
10 3 0 12 U
10 5 12 12 U
10 6 6 9 U
10 7 7 9 U
10 8 19 15 L
10 9 16 13 L
10 10 3 10 U
10 11 0 14 L
10 12 1 13 L
10 13 6 11 U
10 14 3 9 U
10 15 18 15 L
10 16 9 10 U
11 0 14 14 L
11 1 7 5 R
11 2 1 7 R
11 3 14 5 R
11 4 3 5 R
11 5 0 14 L
11 6 8 6 R
11 7 13 7 R
11 9 10 6 R
11 10 4 8 R
11 11 8 6 R
11 12 2 12 U
11 13 15 11 U
11 14 0 9 U
11 15 12 15 L
11 16 8 2 D
12 0 4 10 U
12 1 8 13 L
12 2 0 5 R
12 3 5 3 D
12 5 8 15 L
12 6 14 11 U
12 7 15 1 D
12 8 1 3 D
12 9 8 8 R
12 10 5 5 R
12 11 14 11 U
12 12 7 12 U
12 13 0 0 D
12 14 0 5 R
12 15 13 6 R
12 16 0 6 R
13 0 0 16 L
13 1 17 6 R
13 2 14 16 L
13 3 15 3 D
13 5 1 9 U
13 6 2 1 D
13 7 1 7 R
13 9 5 7 R
13 10 6 15 L
13 11 15 15 L
13 12 5 15 L
13 13 2 7 R
13 14 11 2 D
13 15 12 5 R
13 16 15 0 D
14 0 10 0 D
14 1 10 15 L
14 2 3 7 R
14 3 7 16 L
14 5 10 9 U
14 6 17 6 R
14 7 2 7 R
14 9 16 15 L
14 10 9 14 L
14 11 12 16 L
14 12 16 13 L
14 13 6 0 D
14 14 6 14 L
14 15 0 7 R
14 16 6 16 L
15 0 8 12 U
15 1 10 10 U
15 2 9 6 R
15 3 6 3 D
15 5 3 1 D
15 6 5 3 D
15 7 0 10 U
15 9 0 7 R
15 10 9 10 U
15 11 0 2 D
15 12 11 12 U
15 13 9 6 R
15 14 11 0 D
15 16 8 4 D
16 0 19 5 R
16 1 17 1 D
16 2 4 2 D
16 3 12 3 D
16 5 13 3 D
16 6 2 3 D
16 7 1 1 D
16 9 13 7 R
16 10 9 10 U
16 11 3 14 L
16 12 0 6 R
16 13 9 0 D
16 14 5 1 D
16 16 3 0 D
17 1 16 1 D
17 2 7 2 D
17 5 14 9 U
17 6 11 12 U
17 7 0 16 L
17 10 11 10 U
17 11 16 1 D
17 12 6 12 U
17 13 1 12 U
17 14 6 14 L
17 16 11 9 U
18 1 17 14 L
18 2 0 9 U
18 6 0 11 U
18 7 3 7 R
18 10 6 1 D
18 13 15 13 L
18 14 16 3 D
19 1 17 5 R
19 6 18 9 U
19 7 2 0 D
19 10 20 10 U
19 13 6 13 L
20 1 6 14 L
20 6 1 6 R
20 7 6 7 R

