12 10 96
4 0 3 0 0 0 0 8 0 9 10
0 0 0 1 0 2 2 8 3 0 0
6 0 0 3 0 0 5 0 0 0 0
0 2 0 4 0 11 9 0 0 1 0
0 3 0 0 0 0 4 0 0 0 0
1 0 0 0 0 0 2 5 0 0 6
0 0 7 0 0 0 0 0 7 0 6
0 0 0 5 0 9 0 8 0 0 11
10 0 0 2 0 0 0 0 0 0 9
2 0 0 9 0 0 0 0 0 6 5
7 7 0 1 0 0 0 0 0 6 5
0 0 0 0 L
0 1 0 1 L
0 2 0 2 L
0 3 0 3 R
0 4 0 4 R
0 5 0 5 R
0 6 0 6 D
0 7 0 7 D
0 8 0 8 U
0 9 0 9 U
1 0 2 7 D
1 1 4 1 L
1 2 3 8 U
1 3 7 1 L
1 4 0 7 D
1 5 5 5 R
1 6 6 1 L
1 7 3 3 R
1 8 3 0 L
1 9 0 4 R
2 0 5 4 R
2 1 9 6 D
2 2 1 2 L
2 3 0 9 U
2 4 3 9 U
2 5 5 9 U
2 6 1 6 D
2 7 3 0 L
2 8 0 3 R
2 9 0 7 D
3 0 0 8 U
3 1 0 4 R
3 3 9 8 U
3 4 6 4 R
3 5 4 5 R
3 6 5 3 R
3 7 0 3 R
3 8 8 0 L
3 9 7 9 U
4 0 2 0 L
4 1 2 7 D
4 3 5 6 D
4 4 1 6 D
4 5 3 5 R
4 6 0 0 L
4 7 0 0 L
4 8 6 5 R
4 9 5 0 L
5 0 0 3 R
5 1 0 9 U
5 2 3 9 U
5 3 3 7 D
5 4 4 7 D
5 5 6 8 U
5 6 7 5 R
5 7 4 7 D
5 8 8 2 L
5 9 8 3 R
6 0 0 6 D
6 1 8 1 L
6 3 1 8 U
6 4 0 8 U
6 5 5 5 R
6 6 1 6 D
6 7 4 1 L
6 8 2 8 U
6 9 7 2 L
7 0 5 8 U
7 1 0 5 R
7 3 0 0 L
7 5 3 6 D
7 6 0 9 U
7 7 6 4 R
7 8 4 8 U
7 9 1 1 L
8 0 0 7 D
8 1 9 1 L
8 3 0 6 D
8 4 9 9 U
8 5 3 7 D
8 6 0 5 R
8 8 2 3 R
8 9 0 1 L
9 0 6 3 R
9 1 4 9 U
9 3 8 0 L
9 5 6 6 D
9 6 2 0 L
9 7 1 3 R
9 8 8 3 R
9 9 8 4 R
10 0 2 6 D
10 3 8 6 D
10 9 7 1 L
11 6 10 6 D
11 9 0 5 R

