20 15 258
0 0 0 0 7 10 0 13 6 0 4 0 0 0 0 0 0 0 0
0 0 0 0 0 0 0 0 0 0 1 14 0 9 0 0 4 0 1
0 0 0 0 1 0 0 0 0 0 0 15 0 0 14 0 0 0 0
14 13 19 0 13 0 0 16 3 0 13 0 4 9 0 0 0 0 0
0 0 0 0 0 0 0 0 0 0 0 12 0 0 0 0 3 0 9
0 0 0 0 0 0 0 0 0 0 14 17 18 16 0 0 0 6 0
0 0 0 0 0 0 0 0 0 0 16 0 0 0 16 12 0 10 0
0 0 13 0 6 0 0 17 0 4 0 0 8 0 0 10 17 0 0
4 16 7 0 15 7 11 0 0 0 0 0 0 0 0 0 0 0 0
0 0 0 4 0 4 0 0 0 0 0 0 0 17 0 0 2 9 5
0 0 4 0 0 7 8 0 11 11 0 0 0 0 0 11 0 0 3
0 0 0 8 16 15 0 0 0 11 0 15 16 9 0 0 0 0 3
0 9 0 11 0 0 0 18 0 10 17 0 0 0 3 0 0 6 0
0 0 11 0 0 0 0 0 7 0 0 13 0 0 18 0 16 0 6
0 0 14 0 0 0 0 0 0 0 1 6 0 8 2 0 0 0 0
0 0 12 0 8 17 0 18 0 0 5 0 0 0 0 17 2 17 0
0 0 10 0 0 0 0 0 0 0 1 0 0 0 6 13 0 0 0
0 0 4 0 0 0 0 0 0 0 0 0 0 0 17 9 0 18 0
0 0 0 0 0 0 14 0 0 0 0 0 15 0 0 18 3 0 0
0 0 0 0 U
0 1 0 1 U
0 2 0 2 U
0 3 0 3 U
0 4 0 4 R
0 5 0 5 R
0 6 0 6 R
0 7 0 7 R
0 8 0 8 D
0 9 0 9 D
0 10 0 10 D
0 11 0 11 L
0 12 0 12 L
0 13 0 13 L
0 14 0 14 L
1 0 0 4 R
1 1 7 1 U
1 2 0 9 D
1 3 10 6 R
1 4 6 9 D
1 5 8 10 D
1 6 2 2 U
1 7 0 12 L
1 8 7 8 D
1 9 0 4 R
1 10 5 10 D
1 11 2 1 U
1 12 10 12 L
1 13 8 13 L
1 14 11 1 U
2 0 9 8 D
2 1 16 12 L
2 2 9 2 U
2 3 0 4 R
2 4 4 4 R
2 5 1 5 R
2 6 3 6 R
2 7 4 7 R
2 8 4 8 D
2 9 0 13 L
2 10 12 10 D
2 11 6 0 U
2 12 0 6 R
2 13 8 13 L
2 14 16 14 L
3 0 7 0 U
3 1 4 7 R
3 2 0 14 L
3 3 15 3 U
3 4 7 0 U
3 5 0 1 U
3 6 13 6 R
3 7 13 1 U
3 8 8 5 R
3 9 0 0 U
3 10 10 5 R
3 11 2 0 U
3 12 0 0 U
3 13 2 13 L
3 14 8 9 D
4 0 0 10 D
4 1 6 13 L
4 2 0 10 D
4 3 1 3 U
4 4 0 11 L
4 5 10 9 D
4 6 0 13 L
4 7 6 10 D
4 8 6 11 L
4 9 8 14 L
4 10 7 4 R
4 11 0 5 R
4 12 0 9 D
4 13 5 13 L
4 14 2 14 L
5 0 3 7 R
5 1 0 12 L
5 2 11 5 R
5 3 0 7 R
5 4 9 9 D
5 5 6 8 D
5 6 1 2 U
5 7 0 13 L
5 8 9 6 R
5 9 16 5 R
5 10 4 14 L
5 11 0 8 D
5 12 7 2 U
5 13 9 13 L
5 14 8 14 L
6 0 11 11 L
6 1 5 14 L
6 2 4 12 L
6 3 16 3 U
6 4 0 2 U
6 5 0 2 U
6 6 4 10 D
6 8 0 14 L
6 9 3 5 R
6 10 0 1 U
6 11 0 1 U
6 12 2 12 L
6 13 0 9 D
6 14 10 14 L
7 0 1 0 U
7 1 5 4 R
7 2 9 2 U
7 3 1 11 L
7 4 8 0 U
7 5 1 3 U
7 6 0 3 U
7 7 1 7 R
7 8 3 11 L
7 9 5 6 R
7 10 3 7 R
7 11 15 0 U
7 12 9 3 U
7 13 0 5 R
7 14 12 2 U
8 0 5 11 L
8 1 3 4 R
8 2 4 2 U
8 3 12 12 L
8 4 5 4 R
8 5 0 8 D
8 6 14 6 R
8 7 10 7 R
8 8 0 12 L
8 9 11 6 R
8 10 0 6 R
8 11 12 11 L
8 12 13 12 L
8 13 0 2 U
8 14 5 14 L
9 0 0 11 L
9 1 10 11 L
9 2 12 2 U
9 3 4 3 U
9 4 0 0 U
9 5 11 5 R
9 6 0 12 L
9 7 6 8 D
9 8 3 12 L
9 9 8 11 L
9 10 3 10 D
9 11 2 11 L
9 12 6 1 U
9 13 8 3 U
9 14 8 0 U
10 0 2 4 R
10 1 6 11 L
10 2 7 4 R
10 4 8 4 R
10 5 8 5 R
10 6 2 6 R
10 7 6 7 R
10 8 6 4 R
10 9 3 4 R
10 10 2 4 R
10 11 4 11 L
10 12 15 7 R
10 13 7 10 D
10 14 2 1 U
11 0 0 8 D
11 1 12 6 R
11 2 0 13 L
11 4 3 4 R
11 5 0 10 D
11 6 5 8 D
11 8 0 5 R
11 9 2 9 D
11 10 0 5 R
11 11 1 0 U
11 12 5 8 D
11 13 7 13 L
11 14 8 14 L
12 0 4 0 U
12 1 15 4 R
12 2 16 6 R
12 3 2 5 R
12 4 14 8 D
12 5 13 8 D
12 6 5 11 L
12 8 5 11 L
12 9 10 1 U
12 10 6 4 R
12 11 2 10 D
12 12 5 0 U
12 13 9 0 U
12 14 3 2 U
13 0 16 4 R
13 1 8 12 L
13 2 5 2 U
13 4 5 10 D
13 5 10 5 R
13 6 6 6 R
13 8 9 12 L
13 9 0 11 L
13 10 6 10 D
13 11 11 11 L
13 12 8 12 L
13 13 4 2 U
13 14 11 0 U
14 0 2 0 U
14 1 12 10 D
14 2 9 13 L
14 4 1 11 L
14 5 7 10 D
14 8 15 14 L
14 9 11 9 D
14 10 7 11 L
14 11 0 6 R
14 12 10 9 D
14 13 10 1 U
15 0 19 4 R
15 1 2 1 U
15 2 7 2 U
15 4 13 9 D
15 5 0 9 D
15 6 17 0 U
15 8 8 13 L
15 9 1 9 D
15 10 9 10 D
15 11 2 9 D
15 12 0 4 R
15 13 5 13 L
16 0 15 11 L
16 1 18 4 R
16 2 6 12 L
16 4 8 9 D
16 5 15 9 D
16 6 5 6 R
16 8 0 13 L
16 9 2 12 L
16 10 4 10 D
16 11 1 10 D
16 12 11 1 U
16 13 8 2 U
17 0 3 13 L
17 1 15 14 L
17 2 9 2 U
17 4 14 3 U
17 6 14 1 U
17 8 4 8 D
17 9 3 12 L
17 10 9 13 L
17 11 2 11 L
17 12 7 8 D
17 13 14 13 L
18 0 6 0 U
18 1 7 1 U
18 9 14 9 D
18 10 17 12 L
18 11 15 8 D
18 12 1 12 L
18 13 5 1 U
19 0 5 5 R
19 11 5 10 D

