26 20 429
1 21 0 22 14 1 0 0 24 0 5 0 0 0 0 0 0 0 0 0
0 0 0 0 7 0 0 0 0 0 14 4 0 0 0 0 0 9 0 0
3 0 5 0 0 0 0 0 0 0 0 1 10 0 1 0 0 1 0 0
0 0 0 0 0 0 0 0 15 0 0 3 0 0 0 0 0 0 5 3
22 20 0 22 0 3 0 0 0 0 0 20 21 0 14 0 0 18 10 0
19 18 11 8 0 0 0 8 0 9 0 0 0 15 0 0 10 0 0 2
12 0 0 0 0 0 0 23 0 0 0 0 24 0 0 0 23 11 6 0
2 0 0 25 0 0 0 0 0 21 0 0 0 15 0 0 0 16 22 20
13 24 23 5 0 0 0 0 0 0 0 0 0 13 0 0 25 0 24 0
20 0 0 8 19 0 0 23 0 24 0 0 0 0 0 0 0 23 0 0
4 20 0 13 13 0 15 0 0 6 0 0 0 0 0 0 0 0 21 14
0 0 0 0 0 13 21 0 14 0 0 0 0 0 0 0 0 0 0 17
11 0 0 22 0 18 0 24 14 0 0 9 0 0 1 11 24 0 10 0
0 0 20 0 0 0 18 25 0 0 0 0 0 0 13 0 6 20 5 0
0 0 0 0 21 0 6 10 0 0 0 2 0 4 0 11 0 0 17 0
0 0 0 0 0 8 0 21 0 0 0 0 0 0 0 5 11 23 0 20
0 13 0 0 0 0 11 0 0 0 0 0 12 0 2 0 0 12 21 12
0 16 0 0 0 0 0 8 2 0 0 0 0 7 0 19 0 0 13 15
11 0 0 7 0 0 0 0 0 0 0 0 0 0 22 22 15 16 14 0
22 0 0 0 0 3 0 0 0 0 0 0 19 0 6 1 0 0 16 11
0 0 0 0 R
0 1 0 1 R
0 2 0 2 R
0 3 0 3 R
0 4 0 4 R
0 5 0 5 R
0 6 0 6 U
0 7 0 7 U
0 8 0 8 U
0 9 0 9 U
0 10 0 10 U
0 11 0 11 D
0 12 0 12 D
0 13 0 13 D
0 14 0 14 D
0 15 0 15 L
0 16 0 16 L
0 17 0 17 L
0 18 0 18 L
0 19 0 19 L
1 0 17 6 U
1 1 3 1 R
1 2 2 2 R
1 3 2 3 R
1 4 18 11 D
1 5 9 5 R
1 6 2 6 U
1 7 7 7 U
1 8 15 0 R
1 9 8 18 L
1 10 5 10 U
1 11 11 11 D
1 12 7 1 R
1 13 12 13 D
1 14 4 10 U
1 15 0 7 U
1 16 5 6 U
1 17 11 7 U
1 18 2 18 L
1 19 21 12 D
2 0 0 14 D
2 1 0 16 L
2 2 0 8 U
2 3 5 3 R
2 4 1 4 R
2 5 0 17 L
2 6 13 18 L
2 7 3 7 U
2 8 3 8 U
2 9 12 9 U
2 10 19 4 R
2 11 0 15 L
2 12 16 3 R
2 13 0 17 L
2 14 5 14 D
2 15 0 11 D
2 16 8 12 D
2 17 1 17 L
2 18 10 6 U
2 19 1 19 L
3 0 13 11 D
3 1 14 1 R
3 2 0 15 L
3 3 14 14 D
3 4 13 4 R
3 6 0 12 D
3 7 9 7 U
3 8 0 19 L
3 9 9 3 R
3 10 9 18 L
3 11 2 11 D
3 12 1 12 D
3 13 2 13 D
3 14 0 3 R
3 15 1 6 U
3 16 0 6 U
3 17 6 17 L
3 18 4 18 L
3 19 1 19 L
4 0 9 12 D
4 1 1 13 D
4 2 17 8 U
4 3 11 3 R
4 4 6 4 R
4 6 1 17 L
4 7 0 0 R
4 8 0 16 L
4 9 12 9 U
4 10 12 1 R
4 11 0 1 R
4 12 9 4 R
4 13 2 13 D
4 14 11 1 R
4 15 8 7 U
4 16 0 8 U
4 17 0 2 R
4 18 14 18 L
4 19 7 19 L
5 0 0 15 L
5 1 8 12 D
5 2 2 2 R
5 3 7 3 R
5 4 2 4 R
5 6 0 0 R
5 7 0 18 L
5 8 11 19 L
5 9 2 9 U
5 10 12 10 U
5 11 20 6 U
5 12 2 4 R
5 13 1 0 R
5 14 9 14 D
5 15 11 12 D
5 16 4 9 U
5 17 15 17 L
5 18 1 4 R
5 19 0 9 U
6 0 13 13 D
6 1 3 14 D
6 2 16 2 R
6 3 14 13 D
6 4 3 4 R
6 6 15 17 L
6 7 16 17 L
6 8 12 17 L
6 9 15 4 R
6 10 2 10 U
6 11 10 3 R
6 12 0 4 R
6 13 4 15 L
6 14 9 18 L
6 15 13 15 L
6 16 7 12 D
6 17 10 17 L
6 18 3 18 L
6 19 4 6 U
7 0 6 12 D
7 1 9 15 L
7 2 10 6 U
7 3 6 9 U
7 4 6 4 R
7 6 0 15 L
7 7 1 7 U
7 8 9 13 D
7 9 17 0 R
7 11 5 2 R
7 12 0 0 R
7 13 9 13 D
7 14 2 14 D
7 15 17 2 R
7 16 12 10 U
7 17 10 8 U
7 18 6 8 U
7 19 3 14 D
8 0 14 11 D
8 1 1 12 D
8 2 6 12 D
8 3 11 3 R
8 4 0 12 D
8 6 14 0 R
8 7 15 1 R
8 8 0 17 L
8 9 14 4 R
8 11 0 10 U
8 12 17 12 D
8 13 11 2 R
8 14 20 2 R
8 15 10 13 D
8 16 19 9 U
8 17 11 14 D
8 18 18 7 U
8 19 5 10 U
9 0 0 11 D
9 1 16 1 R
9 2 0 6 U
9 3 2 6 U
9 4 5 14 D
9 6 0 1 R
9 7 17 0 R
9 8 0 2 R
9 9 13 9 U
9 10 17 15 L
9 11 1 15 L
9 12 12 0 R
9 13 15 13 D
9 14 5 14 D
9 15 6 8 U
9 16 5 8 U
9 17 10 17 L
9 18 21 12 D
9 19 14 19 L
10 0 3 0 R
10 1 11 13 D
10 2 9 11 D
10 3 11 12 D
10 4 0 14 D
10 6 0 13 D
10 7 15 0 R
10 8 12 0 R
10 9 17 2 R
10 11 0 18 L
10 12 4 15 L
10 13 0 3 R
10 14 2 17 L
10 15 0 3 R
10 16 5 16 L
10 17 0 9 U
10 18 1 18 L
10 19 16 11 D
11 0 1 6 U
11 1 0 11 D
11 2 4 14 D
11 3 0 8 U
11 4 6 8 U
11 6 2 2 R
11 7 0 4 R
11 8 1 8 U
11 9 19 0 R
11 11 9 0 R
11 12 14 16 L
11 13 12 0 R
11 14 3 14 D
11 16 13 16 L
11 17 6 10 U
11 18 16 18 L
11 19 8 19 L
12 0 11 15 L
12 1 8 9 U
12 2 20 8 U
12 3 19 8 U
12 4 4 4 R
12 6 6 15 L
12 7 1 7 U
12 8 13 8 U
12 9 4 9 U
12 11 1 11 D
12 12 0 16 L
12 13 4 3 R
12 14 2 14 D
12 15 1 11 D
12 16 2 16 L
12 17 18 12 D
12 18 16 9 U
12 19 9 19 L
13 0 1 11 D
13 1 6 17 L
13 2 9 2 R
13 3 20 3 R
13 4 2 4 R
13 6 7 16 L
13 7 0 13 D
13 8 7 3 R
13 9 3 0 R
13 11 2 4 R
13 12 4 12 D
13 13 9 13 D
13 14 4 0 R
13 15 4 15 L
13 16 3 11 D
13 17 10 14 D
13 18 1 18 L
13 19 5 8 U
14 0 0 7 U
14 1 23 1 R
14 2 11 14 D
14 3 11 3 R
14 4 5 4 R
14 6 16 15 L
14 7 4 16 L
14 8 12 18 L
14 9 15 16 L
14 11 1 3 R
14 12 0 6 U
14 13 1 15 L
14 14 1 16 L
14 15 5 12 D
14 16 19 16 L
14 17 1 17 L
14 18 9 13 D
14 19 0 13 D
15 0 16 0 R
15 1 10 6 U
15 2 3 8 U
15 3 0 9 U
15 4 2 13 D
15 6 13 17 L
15 7 5 7 U
15 8 16 2 R
15 9 1 9 U
15 11 21 1 R
15 12 0 8 U
15 13 4 18 L
15 14 5 2 R
15 15 17 12 D
15 16 18 14 D
15 17 17 13 D
15 18 9 11 D
16 0 20 11 D
16 1 21 7 U
16 2 13 15 L
16 3 14 3 R
16 4 18 4 R
16 6 17 12 D
16 7 12 15 L
16 8 7 17 L
16 9 1 9 U
16 11 0 5 R
16 12 12 12 D
16 13 12 4 R
16 14 0 7 U
16 15 11 8 U
16 16 18 6 U
16 17 1 7 U
16 18 6 6 U
16 19 21 19 L
17 0 16 14 D
17 1 15 6 U
17 2 2 2 R
17 3 5 16 L
17 4 22 7 U
17 6 14 1 R
17 7 12 2 R
17 8 20 16 L
17 9 13 1 R
17 11 19 15 L
17 12 2 15 L
17 13 7 15 L
17 14 20 16 L
17 15 0 12 D
17 16 6 13 D
17 17 12 1 R
17 18 8 14 D
18 0 1 12 D
18 1 19 8 U
18 2 1 14 D
18 3 0 13 D
18 4 4 4 R
18 5 10 5 R
18 6 9 18 L
18 7 2 7 U
18 8 11 8 U
18 9 20 9 U
18 10 15 1 R
18 11 19 16 L
18 12 2 12 D
18 13 19 13 D
18 14 17 19 L
18 15 8 11 D
18 16 0 0 R
18 17 19 6 U
18 18 0 2 R
18 19 1 8 U
19 0 14 6 U
19 1 0 19 L
19 2 11 9 U
19 3 3 3 R
19 4 9 11 D
19 6 23 6 U
19 7 3 7 U
19 8 2 12 D
19 9 9 9 U
19 11 15 2 R
19 12 17 16 L
19 13 21 19 L
19 14 7 14 D
19 15 2 14 D
19 16 1 13 D
19 17 18 7 U
19 18 10 18 L
20 0 19 6 U
20 1 12 7 U
20 2 3 14 D
20 3 8 11 D
20 4 6 10 U
20 6 3 15 L
20 7 5 19 L
20 8 1 2 R
20 9 0 16 L
20 11 18 3 R
20 12 18 17 L
20 13 18 1 R
20 14 10 14 D
20 16 0 4 R
20 17 14 7 U
20 18 13 18 L
21 0 2 0 R
21 2 17 7 U
21 3 1 7 U
21 4 20 16 L
21 6 11 3 R
21 7 6 17 L
21 8 1 8 U
21 9 3 9 U
21 11 11 4 R
21 12 4 1 R
21 14 0 19 L
21 15 7 13 D
21 16 9 16 L
21 17 5 17 L
21 18 4 18 L
22 3 11 3 R
22 4 15 7 U
22 6 13 0 R
22 7 11 15 L
22 11 1 1 R
22 12 0 9 U
22 14 12 15 L
22 16 2 16 L
22 17 14 17 L
22 18 0 7 U
23 3 1 3 R
23 4 2 4 R
23 6 6 17 L
23 7 21 7 U
23 11 17 16 L
23 12 1 0 R
23 14 22 8 U
23 16 8 14 D
23 17 21 17 L
24 3 3 12 D
24 4 8 14 D
24 7 23 17 L
24 12 6 3 R
24 14 9 14 D
24 16 13 16 L
24 17 22 17 L
25 3 13 3 R
25 14 11 2 R
25 17 20 6 U

