38 49 1717
22 0 11 2 23 10 0 21 34 0 34 15 0 2 0 0 0 0 1 0
4 7 21 15 14 10 24 24 17 19 17 10 3 33 15 1 16 25 20 22
29 21 30 31 8 17 14 25 35 8 0 21 35 0 11 4 0 0 1 0
22 25 25 32 15 0 13 0 21 5 7 24 0 12 13 28 21 20 33 0
28 21 31 0 29 0 22 20 0 4 0 29 0 0 28 12 13 17 18 0
19 2 29 28 33 0 9 16 0 0 34 17 10 22 0 0 33 0 32 0
18 0 33 10 36 0 0 0 32 31 0 10 0 30 30 0 31 0 34 0
10 33 0 34 0 33 8 32 10 34 0 0 11 12 25 12 29 12 28 22
34 2 25 23 0 0 12 34 0 4 0 24 25 24 29 0 23 1 16 29
34 17 0 0 34 0 30 0 32 6 31 10 30 30 30 8 28 0 29 0
21 18 35 34 35 4 18 8 30 0 14 0 29 3 0 9 0 10 33 0
0 4 28 0 35 0 0 11 0 0 20 0 34 0 0 33 33 19 30 0
28 10 0 35 30 0 0 19 23 0 0 0 35 0 0 0 32 13 31 11
32 29 0 0 0 0 0 0 0 0 0 0 36 32 33 33 0 0 0 30
10 0 35 31 32 0 26 4 18 31 0 30 20 9 10 8 21 2 20 4
3 0 0 0 0 37 0 13 27 0 0 6 0 0 25 26 2 0 11 10
9 0 0 9 0 36 0 0 23 34 0 34 0 33 27 32 0 28 19 5
28 0 35 0 16 34 0 22 12 33 0 23 0 0 33 14 22 12 0 14
21 36 7 33 12 5 30 10 9 36 7 6 0 5 0 0 0 0 25 12
10 34 0 0 0 36 0 0 0 35 0 30 0 12 35 32 33 13 15 28
0 0 0 0 D
0 1 0 1 D
0 2 0 2 D
0 3 0 3 D
0 4 0 4 D
0 5 0 5 D
0 6 0 6 D
0 7 0 7 D
0 8 0 8 D
0 9 0 9 D
0 10 0 10 D
0 11 0 11 D
0 12 0 12 R
0 13 0 13 R
0 14 0 14 R
0 15 0 15 R
0 16 0 16 R
0 17 0 17 R
0 18 0 18 R
0 19 0 19 R
0 20 0 20 R
0 21 0 21 R
0 22 0 22 R
0 23 0 23 R
0 24 0 24 R
0 25 0 25 U
0 26 0 26 U
0 27 0 27 U
0 28 0 28 U
0 29 0 29 U
0 30 0 30 U
0 31 0 31 U
0 32 0 32 U
0 33 0 33 U
0 34 0 34 U
0 35 0 35 L
0 36 0 36 L
0 37 0 37 L
0 38 0 38 L
0 39 0 39 L
0 40 0 40 L
0 41 0 41 L
0 42 0 42 L
0 43 0 43 L
0 44 0 44 L
0 45 0 45 L
0 46 0 46 L
0 47 0 47 L
0 48 0 48 L
1 0 0 12 R
1 1 0 35 L
1 2 0 27 U
1 3 0 14 R
1 4 0 29 U
1 5 3 16 R
1 6 2 18 R
1 7 1 42 L
1 8 0 43 L
1 9 6 35 L
1 10 13 18 R
1 11 29 15 R
1 12 0 35 L
1 13 1 2 D
1 14 0 28 U
1 15 0 35 L
1 16 0 36 L
1 17 0 40 L
1 18 1 27 U
1 19 2 32 U
1 20 0 33 U
1 21 8 28 U
1 22 7 32 U
1 23 3 30 U
1 24 21 6 D
1 25 0 36 L
1 26 0 1 D
1 27 0 37 L
1 28 0 0 D
1 29 1 35 L
1 30 0 3 D
1 31 3 17 R
1 32 3 18 R
1 33 0 14 R
1 34 1 17 R
1 35 0 25 U
1 36 0 0 D
1 37 0 26 U
1 38 0 0 D
1 39 1 1 D
1 40 0 3 D
1 41 4 33 U
1 42 0 6 D
1 43 2 7 D
1 44 2 8 D
1 45 8 5 D
1 46 0 14 R
1 47 20 5 D
1 48 22 6 D
2 0 0 37 L
2 1 0 38 L
2 2 2 39 L
2 3 2 3 D
2 4 4 40 L
2 5 3 5 D
2 6 2 6 D
2 7 3 7 D
2 8 1 8 D
2 9 6 9 D
2 10 13 10 D
2 11 30 11 D
2 12 0 25 U
2 13 1 13 R
2 14 3 29 U
2 15 2 15 R
2 16 1 16 R
2 17 2 17 R
2 18 3 18 R
2 19 3 7 D
2 20 6 7 D
2 21 2 21 R
2 22 4 22 R
2 23 17 23 R
2 24 3 24 R
2 25 0 13 R
2 26 0 14 R
2 27 0 0 D
2 28 1 28 U
2 29 2 14 R
2 30 3 30 U
2 31 3 31 U
2 32 4 32 U
2 33 1 33 U
2 34 3 34 U
2 35 2 28 U
2 36 1 28 U
2 37 0 29 U
2 38 3 38 L
2 39 2 39 L
2 40 1 40 L
2 41 4 41 L
2 42 1 34 U
2 43 2 34 U
2 44 6 34 U
2 45 8 45 L
2 46 11 46 L
2 47 23 47 L
2 48 17 48 L
3 0 0 15 R
3 1 0 16 R
3 2 1 2 D
3 3 1 17 R
3 4 4 4 D
3 5 2 5 D
3 6 4 6 D
3 7 4 7 D
3 8 5 40 L
3 9 5 9 D
3 10 10 10 D
3 11 31 11 D
3 12 0 1 D
3 13 0 27 U
3 14 0 2 D
3 15 1 15 R
3 16 3 4 D
3 17 0 39 L
3 18 0 37 L
3 19 0 8 D
3 20 1 33 U
3 21 3 21 R
3 22 8 22 R
3 23 12 23 R
3 24 23 24 R
3 25 0 12 R
3 26 1 36 L
3 27 2 27 U
3 28 3 28 U
3 29 3 37 L
3 30 2 30 U
3 31 2 31 U
3 32 4 42 L
3 33 2 33 U
3 34 2 34 U
3 35 3 35 L
3 36 1 36 L
3 37 1 30 U
3 38 2 38 L
3 39 1 5 D
3 40 1 0 D
3 41 3 1 D
3 42 3 6 D
3 43 5 7 D
3 44 7 32 U
3 45 7 45 L
3 46 12 46 L
3 47 18 47 L
3 48 12 48 L
4 0 0 13 R
4 1 4 12 R
4 2 0 41 L
4 3 2 36 L
4 4 2 37 L
4 5 3 37 L
4 6 4 16 R
4 7 3 19 R
4 8 5 8 D
4 9 2 9 D
4 10 12 10 D
4 11 28 11 D
4 12 2 25 U
4 13 0 40 L
4 14 0 5 D
4 15 1 4 D
4 16 2 28 U
4 17 0 42 L
4 18 4 18 R
4 19 1 19 R
4 20 6 20 R
4 21 6 21 R
4 22 7 22 R
4 23 18 23 R
4 24 22 24 R
4 25 3 35 L
4 26 2 12 R
4 27 0 38 L
4 28 3 41 L
4 29 4 16 R
4 30 0 39 L
4 31 1 31 U
4 32 2 19 R
4 33 0 19 R
4 34 0 20 R
4 35 1 31 U
4 36 2 26 U
4 37 4 32 U
4 38 4 29 U
4 39 0 2 D
4 40 4 40 L
4 41 2 41 L
4 42 4 42 L
4 43 5 43 L
4 44 3 44 L
4 45 6 26 U
4 46 10 46 L
4 47 22 47 L
4 48 19 48 L
5 0 4 32 U
5 1 0 39 L
5 2 0 16 R
5 3 5 16 R
5 4 6 38 L
5 5 0 40 L
5 6 5 42 L
5 7 1 32 U
5 8 3 8 D
5 9 9 35 L
5 10 17 46 L
5 11 23 11 D
5 12 2 8 D
5 13 5 9 D
5 14 3 1 D
5 15 0 3 D
5 16 4 16 R
5 17 5 31 U
5 18 1 25 U
5 19 5 6 D
5 20 5 20 R
5 21 5 29 U
5 22 6 22 R
5 23 19 23 R
5 24 0 38 L
5 25 2 43 L
5 26 3 12 R
5 27 4 17 R
5 28 3 13 R
5 29 2 36 L
5 30 5 14 R
5 31 6 37 L
5 32 4 12 R
5 33 1 20 R
5 34 4 20 R
5 35 2 27 U
5 36 1 32 U
5 37 1 29 U
5 38 3 2 D
5 39 1 39 L
5 40 0 2 D
5 41 6 31 U
5 42 5 4 D
5 43 2 43 L
5 44 6 44 L
5 45 2 45 L
5 46 8 46 L
5 47 17 31 U
5 48 2 48 L
6 0 4 13 R
6 1 4 37 L
6 2 5 18 R
6 3 5 40 L
6 4 6 17 R
6 5 4 41 L
6 6 5 6 D
6 7 7 16 R
6 8 7 21 R
6 9 9 9 D
6 10 3 10 D
6 11 6 15 R
6 12 3 25 U
6 13 0 26 U
6 14 5 30 U
6 15 6 4 D
6 16 3 16 R
6 17 6 17 R
6 18 0 5 D
6 19 6 19 R
6 20 5 33 U
6 21 8 21 R
6 22 6 45 L
6 23 20 23 R
6 24 28 24 R
6 25 4 35 L
6 26 0 15 R
6 27 5 27 U
6 28 6 28 U
6 29 6 14 R
6 30 5 30 U
6 31 6 17 R
6 32 1 44 L
6 33 6 44 L
6 34 6 34 U
6 35 5 3 D
6 36 5 36 L
6 37 6 15 R
6 38 6 38 L
6 39 2 5 D
6 40 2 29 U
6 41 5 41 L
6 42 6 42 L
6 43 1 43 L
6 44 0 7 D
6 45 4 45 L
6 46 2 46 L
6 47 6 47 L
6 48 27 48 L
7 0 5 25 U
7 1 3 41 L
7 2 6 19 R
7 3 1 38 L
7 4 6 21 R
7 5 6 42 L
7 6 8 6 D
7 7 8 7 D
7 8 6 8 D
7 9 9 17 R
7 10 18 10 D
7 11 4 11 D
7 12 6 31 U
7 13 6 13 R
7 14 0 32 U
7 15 7 26 U
7 16 5 5 D
7 17 0 0 D
7 18 8 18 R
7 19 8 19 R
7 20 0 43 L
7 21 8 1 D
7 22 2 22 R
7 23 9 26 U
7 24 18 24 R
7 25 6 20 R
7 26 5 1 D
7 27 5 12 R
7 28 7 12 R
7 29 1 18 R
7 30 0 5 D
7 31 7 13 R
7 32 0 42 L
7 33 8 36 L
7 34 8 20 R
7 35 7 0 D
7 36 7 3 D
7 37 8 33 U
7 38 7 26 U
7 39 8 28 U
7 40 0 6 D
7 41 3 0 D
7 42 8 42 L
7 43 7 8 D
7 44 2 44 L
7 45 9 45 L
7 46 12 26 U
7 47 13 47 L
7 48 8 48 L
8 0 5 29 U
8 1 2 44 L
8 2 7 2 D
8 3 7 3 D
8 4 0 44 L
8 5 8 5 D
8 6 0 29 U
8 7 8 33 U
8 8 8 8 D
8 9 10 16 R
8 10 16 10 D
8 11 27 11 D
8 12 5 0 D
8 13 0 30 U
8 14 7 14 R
8 15 8 2 D
8 16 7 16 R
8 17 0 1 D
8 18 5 43 L
8 19 7 7 D
8 20 9 20 R
8 21 0 41 L
8 22 5 22 R
8 23 21 23 R
8 24 21 24 R
8 25 2 35 L
8 26 7 18 R
8 27 7 27 U
8 28 6 21 R
8 29 3 29 U
8 30 6 41 L
8 31 7 31 U
8 32 7 14 R
8 33 0 22 R
8 34 8 34 U
8 35 2 35 L
8 36 7 4 D
8 37 3 37 L
8 38 1 26 U
8 39 7 39 L
8 40 3 40 L
8 41 3 28 U
8 42 1 8 D
8 43 9 43 L
8 44 4 44 L
8 45 5 3 D
8 46 11 28 U
8 47 0 33 U
8 48 20 48 L
9 0 8 21 R
9 1 9 37 L
9 2 0 45 L
9 3 10 18 R
9 4 4 45 L
9 5 5 20 R
9 6 11 22 R
9 7 0 15 R
9 8 0 13 R
9 9 11 9 D
9 10 17 10 D
9 11 29 23 R
9 12 7 25 U
9 13 0 9 D
9 14 5 28 U
9 15 0 4 D
9 16 11 16 R
9 17 0 38 L
9 18 5 18 R
9 19 10 33 U
9 20 6 1 D
9 21 9 21 R
9 22 0 0 D
9 23 22 23 R
9 24 12 24 R
9 25 8 35 L
9 26 9 12 R
9 27 8 27 U
9 28 9 36 L
9 29 6 15 R
9 30 4 40 L
9 31 10 17 R
9 32 9 32 U
9 33 9 38 L
9 34 9 34 U
9 35 5 34 U
9 36 0 13 R
9 37 8 9 D
9 38 5 32 U
9 39 5 2 D
9 40 9 29 U
9 41 8 41 L
9 42 8 1 D
9 43 3 43 L
9 44 8 8 D
9 45 10 45 L
9 46 14 27 U
9 47 19 8 D
9 48 16 48 L
10 0 3 38 L
10 1 10 35 L
10 2 7 22 R
10 3 3 3 D
10 4 11 12 R
10 5 0 33 U
10 6 9 6 D
10 7 10 7 D
10 8 11 35 L
10 9 1 9 D
10 10 18 19 R
10 11 34 11 D
10 12 9 25 U
10 13 11 1 D
10 14 11 28 U
10 15 10 29 U
10 16 10 2 D
10 17 8 17 R
10 18 11 18 R
10 19 4 27 U
10 20 5 36 L
10 21 0 1 D
10 22 0 39 L
10 23 14 8 D
10 24 7 24 R
10 25 9 35 L
10 26 0 2 D
10 27 8 37 L
10 28 4 16 R
10 29 10 15 R
10 30 9 30 U
10 31 10 31 U
10 32 10 32 U
10 33 10 43 L
10 34 8 15 R
10 35 8 34 U
10 36 4 26 U
10 37 1 5 D
10 38 0 15 R
10 39 5 39 L
10 40 0 5 D
10 41 2 28 U
10 42 5 42 L
10 43 1 3 D
10 44 8 44 L
10 45 6 45 L
10 46 14 46 L
10 47 15 47 L
10 48 26 48 L
11 0 10 20 R
11 1 10 16 R
11 2 8 27 U
11 3 9 13 R
11 4 3 45 L
11 5 8 40 L
11 6 11 40 L
11 7 12 17 R
11 8 11 8 D
11 9 7 45 L
11 10 11 46 L
11 11 30 40 L
11 12 9 12 R
11 13 11 13 R
11 14 10 14 R
11 15 10 30 U
11 16 11 6 D
11 17 3 27 U
11 18 9 18 R
11 19 12 19 R
11 20 10 20 R
11 21 1 21 R
11 22 0 2 D
11 23 2 23 R
11 24 29 25 U
11 25 10 35 L
11 26 10 18 R
11 27 0 4 D
11 28 0 15 R
11 29 3 44 L
11 30 10 30 U
11 31 9 31 U
11 32 11 32 U
11 33 11 33 U
11 34 12 37 L
11 35 10 31 U
11 36 10 26 U
11 37 7 7 D
11 38 2 32 U
11 39 0 31 U
11 40 7 15 R
11 41 8 7 D
11 42 7 42 L
11 43 6 43 L
11 44 0 9 D
11 45 9 6 D
11 46 1 46 L
11 47 11 47 L
11 48 25 28 U
12 0 12 41 L
12 1 6 1 D
12 2 8 18 R
12 3 0 46 L
12 4 13 40 L
12 5 10 27 U
12 6 7 17 R
12 7 14 14 R
12 8 13 20 R
12 9 13 41 L
12 10 0 41 L
12 12 11 33 U
12 13 0 0 D
12 14 9 2 D
12 15 12 15 R
12 16 3 9 D
12 17 13 1 D
12 18 11 0 D
12 19 5 19 R
12 20 8 20 R
12 21 16 21 R
12 22 12 41 L
12 23 15 23 R
12 24 27 24 R
12 25 6 22 R
12 26 3 26 U
12 27 11 15 R
12 28 12 14 R
12 29 2 21 R
12 30 9 46 L
12 31 3 15 R
12 32 10 19 R
12 33 11 12 R
12 34 13 34 U
12 35 0 1 D
12 36 13 8 D
12 37 0 30 U
12 38 7 33 U
12 39 0 1 D
12 40 13 7 D
12 41 12 41 L
12 42 2 3 D
12 43 11 32 U
12 44 7 29 U
12 45 12 3 D
12 46 7 46 L
12 47 24 32 U
12 48 22 48 L
13 0 10 36 L
13 1 13 41 L
13 2 3 2 D
13 3 13 29 U
13 4 15 16 R
13 5 12 19 R
13 6 12 6 D
13 7 14 7 D
13 8 9 15 R
13 9 13 9 D
13 10 23 21 R
13 12 12 30 U
13 13 10 13 R
13 14 13 27 U
13 15 13 25 U
13 16 12 34 U
13 17 12 3 D
13 18 12 4 D
13 19 13 19 R
13 20 11 20 R
13 21 9 10 D
13 22 0 38 L
13 23 13 45 L
13 24 2 24 R
13 25 13 46 L
13 26 9 13 R
13 27 12 35 L
13 28 13 16 R
13 29 16 14 R
13 30 12 30 U
13 31 13 31 U
13 32 12 12 R
13 33 11 38 L
13 34 0 46 L
13 35 12 31 U
13 36 13 36 L
13 37 0 16 R
13 38 0 10 D
13 39 12 39 L
13 40 13 40 L
13 41 12 5 D
13 42 9 42 L
13 43 12 32 U
13 44 10 44 L
13 45 6 6 D
13 46 0 2 D
13 47 24 10 D
13 48 18 48 L
14 0 13 35 L
14 1 14 37 L
14 2 2 19 R
14 3 4 19 R
14 4 17 22 R
14 5 14 16 R
14 6 6 37 L
14 7 13 7 D
14 8 9 8 D
14 9 11 18 R
14 10 25 10 D
14 12 12 25 U
14 13 15 25 U
14 14 0 26 U
14 15 3 3 D
14 16 13 16 R
14 17 4 17 R
14 18 7 2 D
14 19 15 1 D
14 20 0 10 D
14 21 15 21 R
14 22 14 22 R
14 23 23 23 R
14 24 29 24 R
14 25 13 38 L
14 26 15 13 R
14 27 13 12 R
14 28 4 28 U
14 29 17 29 U
14 30 8 17 R
14 31 0 7 D
14 32 14 12 R
14 33 7 33 U
14 34 11 34 U
14 35 14 5 D
14 36 13 27 U
14 37 12 8 D
14 38 6 10 D
14 39 0 33 U
14 40 12 3 D
14 41 9 26 U
14 42 14 42 L
14 43 0 8 D
14 44 13 26 U
14 45 15 0 D
14 46 15 46 L
14 47 25 47 L
14 48 23 48 L
15 0 11 16 R
15 1 14 22 R
15 2 15 36 L
15 3 4 3 D
15 4 15 46 L
15 5 16 15 R
15 6 17 38 L
15 7 13 13 R
15 8 7 8 D
15 9 2 22 R
15 10 25 20 R
15 12 3 31 U
15 13 14 34 U
15 14 15 14 R
15 15 7 15 R
15 16 12 0 D
15 17 18 32 U
15 18 0 6 D
15 19 15 2 D
15 20 16 44 L
15 21 5 21 R
15 22 16 22 R
15 23 24 4 D
15 24 6 24 R
15 25 14 43 L
15 26 0 17 R
15 27 14 13 R
15 28 17 18 R
15 29 13 17 R
15 30 12 22 R
15 31 14 31 U
15 32 15 32 U
15 33 12 33 U
15 34 14 34 U
15 35 14 35 L
15 36 14 1 D
15 37 15 37 L
15 38 17 4 D
15 39 17 39 L
15 40 14 40 L
15 41 9 30 U
15 42 17 1 D
15 43 5 33 U
15 44 18 44 L
15 45 11 45 L
15 46 9 46 L
15 47 16 47 L
15 48 11 48 L
16 0 15 15 R
16 1 18 36 L
16 2 16 17 R
16 3 14 12 R
16 4 16 29 U
16 5 17 5 D
16 6 18 6 D
16 7 11 7 D
16 8 17 21 R
16 9 23 9 D
16 10 15 22 R
16 12 16 0 D
16 13 3 13 R
16 14 16 26 U
16 15 4 35 L
16 16 6 5 D
16 17 10 10 D
16 18 18 26 U
16 19 15 6 D
16 20 13 20 R
16 21 12 21 R
16 22 17 22 R
16 23 0 47 L
16 24 1 5 D
16 25 15 35 L
16 26 0 7 D
16 27 18 14 R
16 28 18 28 U
16 29 14 29 U
16 30 18 20 R
16 31 12 31 U
16 32 12 42 L
16 33 0 17 R
16 34 13 46 L
16 35 13 31 U
16 36 15 26 U
16 37 17 28 U
16 38 3 34 U
16 39 8 6 D
16 40 15 40 L
16 41 14 41 L
16 42 16 42 L
16 43 14 43 L
16 44 12 44 L
16 45 9 34 U
16 46 15 25 U
16 47 24 47 L
16 48 1 48 L
17 0 14 35 L
17 1 17 18 R
17 2 17 2 D
17 3 10 3 D
17 4 12 20 R
17 5 18 5 D
17 6 18 38 L
17 7 16 7 D
17 8 17 41 L
17 9 22 9 D
17 10 20 10 D
17 12 16 12 R
17 13 12 13 R
17 14 2 27 U
17 15 17 15 R
17 16 16 2 D
17 17 15 27 U
17 18 18 18 R
17 19 10 19 R
17 20 4 30 U
17 21 10 27 U
17 22 15 22 R
17 23 14 23 R
17 24 1 24 R
17 25 13 18 R
17 26 16 26 U
17 27 4 41 L
17 28 16 28 U
17 29 14 17 R
17 30 17 30 U
17 31 11 31 U
17 32 16 32 U
17 33 8 33 U
17 34 16 34 U
17 35 10 3 D
17 36 18 7 D
17 37 17 27 U
17 38 11 38 L
17 39 5 30 U
17 40 14 5 D
17 41 15 30 U
17 42 2 16 R
17 43 20 31 U
17 44 20 0 D
17 45 3 45 L
17 46 18 29 U
17 47 10 47 L
17 48 0 8 D
18 0 12 45 L
18 1 9 42 L
18 2 18 40 L
18 3 15 3 D
18 4 15 21 R
18 5 15 40 L
18 6 16 39 L
18 7 15 45 L
18 8 15 8 D
18 9 11 17 R
18 10 27 18 R
18 12 17 34 U
18 13 15 13 R
18 14 16 27 U
18 15 17 1 D
18 16 16 16 R
18 17 15 33 U
18 18 18 4 D
18 19 2 19 R
18 20 18 0 D
18 21 11 21 R
18 22 0 6 D
18 23 11 23 R
18 24 4 24 R
18 25 16 25 U
18 26 18 37 L
18 27 18 39 L
18 28 17 28 U
18 29 8 38 L
18 30 16 39 L
18 31 15 31 U
18 32 17 32 U
18 33 11 43 L
18 34 15 12 R
18 35 14 0 D
18 36 18 36 L
18 37 16 29 U
18 38 14 4 D
18 39 15 39 L
18 40 15 2 D
18 41 16 8 D
18 42 3 42 L
18 43 21 43 L
18 44 20 44 L
18 45 10 28 U
18 46 18 4 D
18 47 2 47 L
18 48 28 48 L
19 0 11 36 L
19 1 13 1 D
19 2 9 46 L
19 3 14 39 L
19 4 18 44 L
19 5 22 23 R
19 6 19 15 R
19 7 16 18 R
19 8 6 37 L
19 9 7 9 D
19 10 26 15 R
19 12 17 28 U
19 13 10 35 L
19 14 9 14 R
19 15 17 30 U
19 16 12 44 L
19 17 19 5 D
19 18 21 26 U
19 19 0 42 L
19 20 21 20 R
19 21 17 21 R
19 22 17 29 U
19 23 16 23 R
19 24 11 24 R
19 25 18 35 L
19 26 8 26 U
19 27 0 43 L
19 28 17 44 L
19 29 0 35 L
19 30 9 14 R
19 31 15 21 R
19 32 0 22 R
19 33 23 16 R
19 34 20 21 R
19 35 9 2 D
19 36 17 36 L
19 37 21 29 U
19 38 3 4 D
19 39 15 12 R
19 40 17 25 U
19 41 9 32 U
19 42 19 5 D
19 43 15 43 L
19 44 17 3 D
19 45 17 2 D
19 46 18 2 D
19 47 7 47 L
19 48 10 48 L
20 0 20 35 L
20 1 15 20 R
20 2 14 2 D
20 3 8 36 L
20 4 22 42 L
20 5 22 12 R
20 6 16 6 D
20 7 13 19 R
20 8 11 39 L
20 9 8 9 D
20 10 2 10 D
20 12 20 28 U
20 13 19 13 R
20 14 13 34 U
20 15 22 5 D
20 16 18 16 R
20 17 10 9 D
20 18 20 18 R
20 19 22 25 U
20 20 19 20 R
20 21 19 21 R
20 22 18 22 R
20 23 0 35 L
20 24 17 24 R
20 25 20 12 R
20 26 21 18 R
20 27 10 13 R
20 28 10 28 U
20 29 19 23 R
20 30 17 16 R
20 31 19 31 U
20 32 19 32 U
20 33 23 33 U
20 34 21 34 U
20 35 19 12 R
20 36 20 36 L
20 37 19 28 U
20 38 23 27 U
20 39 19 39 L
20 40 19 7 D
20 41 21 41 L
20 42 20 42 L
20 43 19 43 L
20 44 22 44 L
20 45 19 45 L
20 46 17 46 L
20 47 5 47 L
20 48 22 10 D
21 0 18 35 L
21 1 19 1 D
21 2 5 39 L
21 3 16 37 L
21 4 22 39 L
21 5 19 42 L
21 6 19 6 D
21 7 17 15 R
21 8 22 8 D
21 9 8 18 R
21 10 26 10 D
21 12 20 25 U
21 13 19 0 D
21 14 22 14 R
21 15 16 15 R
21 16 0 8 D
21 17 24 26 U
21 18 21 18 R
21 19 20 19 R
21 20 14 20 R
21 21 2 26 U
21 22 3 22 R
21 23 9 23 R
21 24 14 24 R
21 25 14 38 L
21 26 21 26 U
21 27 23 37 L
21 28 20 41 L
21 29 20 29 U
21 30 21 30 U
21 31 16 31 U
21 32 8 18 R
21 33 18 46 L
21 34 19 34 U
21 35 15 1 D
21 36 2 1 D
21 37 16 37 L
21 38 18 38 L
21 39 20 31 U
21 40 22 40 L
21 41 25 30 U
21 42 20 4 D
21 43 8 29 U
21 44 21 44 L
21 45 20 25 U
21 46 16 3 D
21 47 24 9 D
21 48 25 27 U
22 0 21 36 L
22 1 8 45 L
22 2 20 13 R
22 3 13 22 R
22 4 11 25 U
22 5 19 18 R
22 6 3 6 D
22 7 20 7 D
22 8 22 20 R
22 9 15 9 D
22 10 27 10 D
22 12 4 1 D
22 13 22 13 R
22 14 20 26 U
22 15 12 1 D
22 16 17 16 R
22 17 7 17 R
22 18 22 4 D
22 19 24 19 R
22 20 7 43 L
22 21 4 21 R
22 22 13 22 R
22 23 10 23 R
22 24 23 0 D
22 25 19 42 L
22 26 8 45 L
22 27 23 14 R
22 28 20 14 R
22 29 21 42 L
22 30 20 30 U
22 31 20 18 R
22 32 20 32 U
22 33 15 33 U
22 34 22 34 U
22 35 19 30 U
22 36 3 36 L
22 37 6 8 D
22 38 23 38 L
22 39 21 4 D
22 40 19 6 D
22 41 25 41 L
22 42 22 42 L
22 43 23 32 U
22 44 19 44 L
22 45 22 33 U
22 46 0 9 D
22 47 26 47 L
22 48 32 4 D
23 0 23 13 R
23 1 23 36 L
23 2 23 40 L
23 3 0 44 L
23 4 21 38 L
23 5 20 5 D
23 6 19 47 L
23 7 16 17 R
23 8 23 8 D
23 9 20 9 D
23 10 11 10 D
23 12 21 29 U
23 13 6 35 L
23 14 23 27 U
23 15 21 2 D
23 16 18 40 L
23 17 12 17 R
23 18 21 1 D
23 19 19 5 D
23 20 23 20 R
23 21 0 47 L
23 22 22 47 L
23 23 24 23 R
23 24 25 24 R
23 25 22 12 R
23 26 16 15 R
23 27 23 38 L
23 28 21 14 R
23 29 21 40 L
23 30 25 13 R
23 31 23 31 U
23 32 2 32 U
23 33 4 33 U
23 34 20 14 R
23 35 21 25 U
23 36 23 0 D
23 37 21 34 U
23 38 20 28 U
23 39 13 4 D
23 40 23 8 D
23 41 24 41 L
23 42 19 32 U
23 43 24 28 U
23 44 21 5 D
23 45 23 45 L
23 46 4 46 L
23 47 17 47 L
23 48 31 48 L
24 0 17 26 U
24 1 4 35 L
24 2 5 47 L
24 3 4 15 R
24 4 24 41 L
24 5 2 35 L
24 6 18 19 R
24 7 21 23 R
24 8 19 16 R
24 9 21 9 D
24 10 16 23 R
24 12 24 27 U
24 13 0 34 U
24 14 25 26 U
24 15 0 37 L
24 16 24 1 D
24 17 14 17 R
24 18 25 25 U
24 19 16 19 R
24 20 22 26 U
24 21 11 3 D
24 22 23 5 D
24 23 2 47 L
24 24 30 24 R
24 25 14 39 L
24 26 23 26 U
24 27 23 41 L
24 28 23 7 D
24 29 15 43 L
24 30 25 44 L
24 31 19 21 R
24 32 22 0 D
24 33 22 18 R
24 34 22 40 L
24 35 4 0 D
24 36 22 1 D
24 37 18 28 U
24 38 24 9 D
24 39 14 31 U
24 40 10 40 L
24 41 1 3 D
24 42 23 1 D
24 43 30 2 D
24 44 13 29 U
24 45 24 10 D
24 46 17 34 U
24 47 21 10 D
24 48 30 48 L
25 0 24 0 D
25 1 20 47 L
25 2 0 42 L
25 3 19 21 R
25 4 25 38 L
25 5 23 45 L
25 6 21 15 R
25 7 21 7 D
25 8 24 17 R
25 9 25 9 D
25 10 27 20 R
25 12 24 29 U
25 13 24 13 R
25 14 25 14 R
25 15 24 15 R
25 16 24 16 R
25 17 25 17 R
25 18 25 30 U
25 19 25 19 R
25 20 19 38 L
25 21 24 4 D
25 22 23 22 R
25 23 4 23 R
25 24 31 24 R
25 25 20 0 D
25 26 13 26 U
25 27 24 12 R
25 28 25 28 U
25 29 13 23 R
25 30 13 16 R
25 31 20 31 U
25 32 10 43 L
25 33 24 33 U
25 34 23 34 U
25 35 9 8 D
25 36 25 27 U
25 37 27 27 U
25 38 24 33 U
25 39 26 10 D
25 40 0 21 R
25 41 23 0 D
25 42 17 42 L
25 43 29 43 L
25 44 15 29 U
25 45 25 45 L
25 46 26 46 L
25 47 27 2 D
25 48 29 48 L
26 0 25 12 R
26 1 25 47 L
26 2 16 47 L
26 3 24 47 L
26 4 27 38 L
26 5 23 38 L
26 6 21 19 R
26 7 21 40 L
26 8 21 23 R
26 9 22 18 R
26 10 10 28 U
26 12 7 12 R
26 13 3 0 D
26 14 23 35 L
26 15 27 2 D
26 16 26 10 D
26 17 27 31 U
26 18 0 3 D
26 19 27 19 R
26 20 26 4 D
26 21 22 21 R
26 22 6 25 U
26 23 27 23 R
26 24 0 5 D
26 25 14 41 L
26 26 25 14 R
26 27 22 14 R
26 28 24 13 R
26 29 24 18 R
26 30 8 30 U
26 31 26 41 L
26 32 24 5 D
26 33 2 40 L
26 34 27 17 R
26 35 24 1 D
26 36 16 33 U
26 37 24 3 D
26 38 25 29 U
26 39 27 39 L
26 40 25 9 D
26 41 19 41 L
26 42 24 25 U
26 43 32 43 L
26 44 25 44 L
26 45 26 5 D
26 46 27 46 L
26 47 20 47 L
26 48 14 48 L
27 0 4 22 R
27 1 23 35 L
27 2 27 37 L
27 3 14 23 R
27 4 26 39 L
27 5 26 46 L
27 6 16 48 L
27 7 25 7 D
27 8 32 13 R
27 9 24 9 D
27 10 28 10 D
27 12 21 12 R
27 13 18 28 U
27 14 26 14 R
27 15 10 15 R
27 16 26 31 U
27 17 26 32 U
27 18 22 18 R
27 19 18 19 R
27 20 19 4 D
27 21 28 21 R
27 22 9 33 U
27 23 0 32 U
27 24 15 24 R
27 25 24 42 L
27 26 27 26 U
27 27 22 16 R
27 28 26 28 U
27 29 27 17 R
27 30 0 6 D
27 31 26 31 U
27 32 26 24 R
27 33 25 33 U
27 34 26 23 R
27 35 16 27 U
27 36 9 36 L
27 37 27 37 L
27 38 25 10 D
27 39 25 34 U
27 40 28 40 L
27 41 16 30 U
27 42 26 10 D
27 43 28 43 L
27 44 24 1 D
27 45 28 45 L
27 46 11 26 U
27 47 25 4 D
27 48 15 48 L
28 0 12 48 L
28 1 27 40 L
28 2 26 37 L
28 3 0 35 L
28 4 4 24 R
28 5 17 20 R
28 6 26 45 L
28 7 0 24 R
28 8 30 8 D
28 9 26 19 R
28 10 22 10 D
28 12 28 26 U
28 13 25 13 R
28 14 16 36 L
28 15 0 29 U
28 16 18 7 D
28 17 18 11 D
28 18 28 1 D
28 19 0 10 D
28 20 27 0 D
28 21 7 1 D
28 22 26 47 L
28 23 26 26 U
28 24 0 28 U
28 25 26 39 L
28 26 28 36 L
28 27 27 12 R
28 28 26 21 R
28 29 9 37 L
28 30 27 39 L
28 31 1 22 R
28 32 0 48 L
28 33 22 2 D
28 34 24 34 U
28 35 26 2 D
28 36 19 31 U
28 37 28 30 U
28 38 28 29 U
28 39 26 6 D
28 40 6 30 U
28 41 29 27 U
28 42 27 42 L
28 43 30 30 U
28 44 29 33 U
28 45 29 32 U
28 46 29 32 U
28 47 27 25 U
28 48 20 26 U
29 0 22 45 L
29 1 10 45 L
29 2 27 31 U
29 3 19 20 R
29 4 28 36 L
29 5 19 48 L
29 6 27 22 R
29 7 29 40 L
29 8 30 16 R
29 9 27 40 L
29 10 4 24 R
29 12 27 25 U
29 13 10 0 D
29 14 17 43 L
29 15 30 15 R
29 16 32 2 D
29 17 31 30 U
29 18 26 18 R
29 19 10 36 L
29 20 13 2 D
29 21 18 21 R
29 22 32 22 R
29 23 28 23 R
29 24 10 24 R
29 25 10 0 D
29 26 10 26 U
29 27 31 12 R
29 28 29 12 R
29 29 6 3 D
29 30 29 30 U
29 31 20 37 L
29 32 28 32 U
29 33 18 17 R
29 34 12 21 R
29 35 30 7 D
29 36 30 8 D
29 37 0 7 D
29 38 27 28 U
29 39 27 1 D
29 40 26 0 D
29 41 31 41 L
29 42 31 28 U
29 43 24 4 D
29 44 30 44 L
29 45 20 2 D
29 46 16 46 L
29 47 32 4 D
29 48 3 48 L
30 0 28 48 L
30 1 16 42 L
30 2 30 35 L
30 3 25 14 R
30 4 18 14 R
30 5 5 43 L
30 6 31 6 D
30 7 30 7 D
30 8 32 8 D
30 9 30 22 R
30 10 0 18 R
30 12 10 25 U
30 13 13 46 L
30 14 28 14 R
30 15 0 5 D
30 16 30 16 R
30 17 0 34 U
30 18 32 27 U
30 19 23 43 L
30 20 29 20 R
30 21 23 21 R
30 22 31 22 R
30 23 32 23 R
30 24 32 24 R
30 25 14 37 L
30 26 27 24 R
30 27 31 13 R
30 28 0 12 R
30 29 32 29 U
30 30 26 17 R
30 31 28 31 U
30 32 12 38 L
30 33 18 33 U
30 34 29 34 U
30 35 29 1 D
30 36 27 26 U
30 37 29 31 U
30 38 21 38 L
30 39 32 30 U
30 40 28 1 D
30 41 30 41 L
30 42 28 42 L
30 43 31 2 D
30 44 30 6 D
30 46 30 46 L
30 47 32 47 L
30 48 35 48 L
31 0 28 20 R
31 1 26 47 L
31 2 32 23 R
31 3 30 40 L
31 4 31 13 R
31 5 27 39 L
31 6 21 24 R
31 7 27 13 R
31 8 31 8 D
31 9 34 9 D
31 10 29 16 R
31 12 29 8 D
31 13 31 8 D
31 14 21 14 R
31 15 32 5 D
31 16 31 29 U
31 17 35 17 R
31 18 0 36 L
31 19 33 29 U
31 20 7 20 R
31 21 20 21 R
31 22 30 22 R
31 23 30 23 R
31 24 9 24 R
31 25 30 37 L
31 26 29 19 R
31 27 32 21 R
31 28 20 28 U
31 29 3 14 R
31 30 31 44 L
31 31 27 31 U
31 32 31 32 U
31 33 20 33 U
31 34 27 38 L
31 35 29 35 L
31 36 31 3 D
31 37 29 37 L
31 38 30 4 D
31 39 29 6 D
31 40 32 3 D
31 41 20 41 L
31 42 30 42 L
31 43 33 43 L
31 44 33 44 L
31 46 31 46 L
31 47 27 47 L
31 48 34 48 L
32 0 17 16 R
32 1 31 21 R
32 2 11 19 R
32 3 31 3 D
32 4 29 39 L
32 5 0 48 L
32 6 33 6 D
32 7 29 47 L
32 8 27 8 D
32 9 35 9 D
32 10 29 10 D
32 12 30 34 U
32 13 26 36 L
32 14 32 4 D
32 15 20 15 R
32 16 32 16 R
32 17 31 17 R
32 18 35 18 R
32 19 33 19 R
32 20 30 8 D
32 21 33 28 U
32 22 29 22 R
32 23 31 23 R
32 24 33 24 R
32 25 31 36 L
32 26 28 26 U
32 27 25 18 R
32 28 31 16 R
32 29 2 38 L
32 30 31 30 U
32 31 25 31 U
32 32 30 32 U
32 33 27 33 U
32 34 33 24 R
32 35 26 9 D
32 36 30 28 U
32 37 31 34 U
32 38 31 29 U
32 39 30 39 L
32 40 29 40 L
32 41 29 41 L
32 42 15 42 L
32 43 30 43 L
32 44 31 11 D
32 46 32 46 L
32 47 29 47 L
32 48 35 9 D
33 0 30 46 L
33 1 3 24 R
33 2 30 15 R
33 3 26 43 L
33 4 32 37 L
33 5 24 44 L
33 6 34 14 R
33 7 23 7 D
33 8 12 36 L
33 9 33 9 D
33 10 32 10 D
33 12 33 25 U
33 13 18 2 D
33 14 34 1 D
33 15 35 25 U
33 16 33 5 D
33 18 2 18 R
33 20 24 5 D
33 22 10 27 U
33 23 26 44 L
33 24 34 24 R
33 25 29 35 L
33 26 32 19 R
33 27 31 14 R
33 28 22 7 D
33 29 0 8 D
33 30 4 18 R
33 31 8 21 R
33 32 32 17 R
33 33 35 15 R
33 34 3 18 R
33 35 28 3 D
33 36 6 25 U
33 37 32 27 U
33 38 35 2 D
33 39 34 1 D
33 40 23 40 L
33 41 33 1 D
33 42 30 9 D
33 43 31 43 L
33 46 34 33 U
33 47 30 10 D
34 0 28 22 R
34 1 33 35 L
34 2 17 39 L
34 3 35 38 L
34 4 32 14 R
34 5 6 24 R
34 6 35 6 D
34 7 29 13 R
34 8 0 37 L
34 9 8 32 U
34 10 30 36 L
34 12 11 7 D
34 13 34 13 R
34 14 34 28 U
34 15 35 4 D
34 16 23 8 D
34 18 7 18 R
34 20 18 10 D
34 22 35 3 D
34 23 26 23 R
34 24 26 11 D
34 25 33 43 L
34 26 21 15 R
34 27 14 27 U
34 28 32 48 L
34 29 33 14 R
34 30 8 12 R
34 31 33 31 U
34 32 32 40 L
34 33 34 33 U
34 34 31 42 L
34 35 33 27 U
34 36 34 6 D
34 37 0 10 D
34 38 35 29 U
34 39 34 39 L
34 40 31 33 U
34 41 6 41 L
34 42 32 42 L
34 43 31 31 U
35 0 34 0 D
35 1 30 20 R
35 2 35 27 U
35 3 33 3 D
35 4 34 38 L
35 5 33 46 L
35 6 34 6 D
35 7 35 44 L
35 8 35 24 R
35 9 32 16 R
35 10 31 35 L
35 12 34 30 U
35 13 34 26 U
35 14 22 3 D
35 15 35 29 U
35 24 35 7 D
35 25 33 12 R
35 26 33 48 L
35 27 35 13 R
35 28 34 41 L
35 29 34 43 L
35 30 34 30 U
35 31 32 31 U
35 32 23 20 R
35 33 30 42 L
35 34 35 34 U
35 35 29 0 D
35 36 4 27 U
35 37 33 37 L
35 38 34 38 L
35 39 32 39 L
35 40 10 11 D
35 41 29 34 U
35 42 31 31 U
35 43 35 32 U
36 0 14 20 R
36 10 34 10 D
36 12 35 34 U
36 27 34 27 U
36 31 34 17 R
36 35 32 35 L
37 0 14 0 D

