38 49 1700
19 0 0 0 0 0 0 0 0 0 26 0 21 19 4 5 29 33 10 28
30 9 0 30 27 27 20 18 12 34 12 24 0 10 34 3 10 0 12 0
28 0 13 0 13 31 19 0 1 0 7 27 10 17 0 12 34 0 31 23
16 34 35 35 34 33 4 27 32 0 0 0 31 0 0 24 0 13 0 3
35 0 0 0 35 0 35 8 0 18 23 28 0 18 2 0 23 14 0 2
10 34 30 35 35 0 0 18 10 2 33 12 30 0 25 10 35 15 0 34
5 14 0 0 0 0 0 28 0 32 31 0 0 32 24 0 24 16 0 18
35 13 34 30 17 35 0 35 32 35 0 29 0 27 27 3 23 17 32 3
0 32 0 0 17 7 20 28 35 0 26 27 32 7 0 7 22 18 33 32
0 30 0 29 16 35 0 29 0 0 0 14 32 23 4 12 21 0 24 9
0 0 13 33 15 32 0 22 0 34 0 35 34 0 0 26 0 0 7 5
0 21 0 30 29 8 25 22 0 0 0 0 34 29 33 9 0 0 0 0
0 31 28 22 13 4 34 0 9 0 36 0 16 0 0 8 16 19 28 0
0 0 29 29 13 0 24 28 17 35 37 0 0 31 32 0 0 35 34 9
0 30 22 28 14 19 14 0 33 35 0 29 4 29 0 30 20 31 26 5
0 27 30 27 13 4 16 24 25 33 32 31 0 0 24 30 23 9 29 28
0 22 0 19 12 21 25 0 32 24 3 23 29 0 29 23 29 15 16 23
0 25 32 26 11 23 0 28 33 33 30 24 33 0 0 34 29 28 27 28
0 15 12 4 3 0 26 27 24 11 12 0 10 5 20 0 0 19 0 0
34 29 13 12 16 23 34 26 0 24 29 30 31 0 2 34 12 17 10 9
0 0 0 0 U
0 1 0 1 U
0 2 0 2 U
0 3 0 3 U
0 4 0 4 U
0 5 0 5 U
0 6 0 6 U
0 7 0 7 U
0 8 0 8 U
0 9 0 9 U
0 10 0 10 U
0 11 0 11 U
0 12 0 12 U
0 13 0 13 R
0 14 0 14 R
0 15 0 15 R
0 16 0 16 R
0 17 0 17 R
0 18 0 18 R
0 19 0 19 R
0 20 0 20 R
0 21 0 21 R
0 22 0 22 R
0 23 0 23 R
0 24 0 24 R
0 25 0 25 D
0 26 0 26 D
0 27 0 27 D
0 28 0 28 D
0 29 0 29 D
0 30 0 30 D
0 31 0 31 D
0 32 0 32 D
0 33 0 33 D
0 34 0 34 D
0 35 0 35 D
0 36 0 36 D
0 37 0 37 D
0 38 0 38 L
0 39 0 39 L
0 40 0 40 L
0 41 0 41 L
0 42 0 42 L
0 43 0 43 L
0 44 0 44 L
0 45 0 45 L
0 46 0 46 L
0 47 0 47 L
0 48 0 48 L
1 0 0 13 R
1 1 0 38 L
1 2 0 26 D
1 3 0 16 R
1 4 0 28 D
1 5 2 17 R
1 6 1 15 R
1 7 3 42 L
1 8 2 19 R
1 9 0 32 D
1 10 2 40 L
1 11 5 41 L
1 12 0 35 D
1 13 0 0 U
1 14 0 38 L
1 15 0 39 L
1 16 0 26 D
1 17 2 4 U
1 18 2 29 D
1 19 0 27 D
1 20 1 31 D
1 21 0 45 L
1 22 4 27 D
1 23 3 28 D
1 24 1 31 D
1 25 0 13 R
1 26 0 38 L
1 27 0 16 R
1 28 0 3 U
1 29 0 17 R
1 30 1 19 R
1 31 0 43 L
1 32 3 20 R
1 33 1 21 R
1 34 5 24 R
1 35 0 9 U
1 36 8 18 R
1 37 0 40 L
1 38 0 25 D
1 39 0 1 U
1 40 0 3 U
1 41 0 25 D
1 42 0 30 D
1 43 0 14 R
1 44 2 31 D
1 45 2 9 U
1 46 0 6 U
1 47 2 35 D
1 48 3 29 D
2 0 0 14 R
2 1 0 15 R
2 2 1 2 U
2 3 1 39 L
2 4 1 40 L
2 5 1 5 U
2 6 2 6 U
2 7 2 7 U
2 8 2 8 U
2 9 2 9 U
2 10 3 10 U
2 11 5 11 U
2 12 7 41 L
2 13 0 25 D
2 14 1 14 R
2 15 0 2 U
2 16 2 27 D
2 17 1 0 U
2 18 1 18 R
2 19 3 19 R
2 20 2 20 R
2 21 2 25 D
2 22 2 22 R
2 23 3 23 R
2 24 4 24 R
2 25 0 15 R
2 26 0 39 L
2 27 1 27 D
2 28 0 40 L
2 29 2 29 D
2 30 3 30 D
2 31 1 20 R
2 32 2 32 D
2 33 3 33 D
2 34 0 46 L
2 35 3 35 D
2 36 9 36 D
2 37 12 37 D
2 38 0 0 U
2 39 0 28 D
2 40 2 40 L
2 41 1 41 L
2 42 0 18 R
2 43 2 6 U
2 44 1 44 L
2 45 4 11 U
2 46 5 34 D
2 47 3 9 U
2 48 4 48 L
3 0 0 18 R
3 1 0 39 L
3 2 3 43 L
3 3 0 33 D
3 4 2 4 U
3 5 2 5 U
3 6 3 6 U
3 7 3 7 U
3 8 0 29 D
3 9 3 9 U
3 10 1 10 U
3 11 4 11 U
3 12 7 12 U
3 13 1 26 D
3 14 0 27 D
3 15 1 1 U
3 16 0 42 L
3 17 1 17 R
3 18 0 29 D
3 19 2 44 L
3 20 0 44 L
3 21 2 21 R
3 22 5 22 R
3 23 4 23 R
3 24 3 24 R
3 25 1 25 D
3 26 2 26 D
3 27 0 41 L
3 28 0 0 U
3 29 1 16 R
3 30 1 30 D
3 31 3 13 R
3 32 1 32 D
3 33 2 33 D
3 34 5 43 L
3 35 0 47 L
3 36 6 36 D
3 37 11 37 D
3 38 0 5 U
3 39 0 4 U
3 40 3 28 D
3 41 3 6 U
3 42 0 7 U
3 43 3 43 L
3 44 3 8 U
3 45 2 45 L
3 46 2 7 U
3 47 4 10 U
3 48 5 48 L
4 0 0 41 L
4 1 0 13 R
4 2 3 40 L
4 3 4 3 U
4 4 1 21 R
4 5 3 44 L
4 6 0 45 L
4 7 1 46 L
4 8 5 8 U
4 9 3 14 R
4 10 2 10 U
4 11 2 11 U
4 12 5 12 U
4 13 0 1 U
4 14 0 31 D
4 15 0 3 U
4 16 2 16 R
4 17 8 29 D
4 18 8 2 U
4 19 3 3 U
4 20 0 0 U
4 21 3 21 R
4 22 4 28 D
4 23 4 29 D
4 24 1 7 U
4 25 3 14 R
4 26 0 4 U
4 27 2 43 L
4 28 5 22 R
4 29 0 6 U
4 30 0 38 L
4 31 4 31 D
4 32 3 32 D
4 33 1 33 D
4 34 1 46 L
4 35 7 17 R
4 36 7 36 D
4 37 12 41 L
4 38 0 33 D
4 39 2 2 U
4 40 3 26 D
4 41 1 10 U
4 42 0 2 U
4 43 0 1 U
4 44 0 16 R
4 45 1 45 L
4 46 3 46 L
4 47 5 47 L
4 48 3 48 L
5 0 3 13 R
5 1 4 1 U
5 2 3 39 L
5 3 0 25 D
5 4 0 23 R
5 5 4 5 U
5 6 5 21 R
5 7 2 46 L
5 8 4 8 U
5 9 4 47 L
5 10 5 47 L
5 11 3 11 U
5 12 3 12 U
5 13 0 30 D
5 14 5 34 D
5 15 4 15 R
5 16 7 28 D
5 17 8 17 R
5 18 7 18 R
5 19 4 19 R
5 20 9 29 D
5 21 1 34 D
5 22 5 0 U
5 23 2 23 R
5 24 2 24 R
5 25 0 19 R
5 26 4 15 R
5 27 5 27 D
5 28 1 39 L
5 29 4 43 L
5 30 1 23 R
5 31 0 45 L
5 32 4 32 D
5 33 0 42 L
5 34 1 24 R
5 35 6 35 D
5 36 2 36 D
5 37 1 13 R
5 38 0 32 D
5 39 2 5 U
5 40 4 1 U
5 41 2 28 D
5 42 2 42 L
5 43 4 30 D
5 44 4 44 L
5 45 0 8 U
5 46 0 34 D
5 47 6 26 D
5 48 2 48 L
6 0 6 14 R
6 1 3 1 U
6 2 7 17 R
6 3 7 19 R
6 4 6 19 R
6 5 4 13 R
6 6 5 38 L
6 7 7 43 L
6 8 7 39 L
6 9 6 9 U
6 10 0 45 L
6 11 6 38 L
6 12 1 12 U
6 13 5 25 D
6 14 2 26 D
6 15 4 8 U
6 16 7 16 R
6 17 0 48 L
6 18 7 32 D
6 19 3 12 U
6 20 9 20 R
6 21 7 28 D
6 22 6 22 R
6 23 0 25 D
6 24 6 1 U
6 25 3 19 R
6 26 5 13 R
6 27 1 48 L
6 28 2 24 R
6 29 6 16 R
6 30 0 1 U
6 31 2 0 U
6 32 0 5 U
6 33 2 13 R
6 34 0 18 R
6 35 8 35 D
6 36 10 36 D
6 37 7 37 D
6 38 2 32 D
6 39 6 28 D
6 40 5 11 U
6 41 7 30 D
6 42 6 2 U
6 43 4 26 D
6 44 0 27 D
6 45 6 3 U
6 46 2 2 U
6 47 10 5 U
6 48 3 3 U
7 0 0 40 L
7 1 7 15 R
7 2 5 44 L
7 3 8 3 U
7 4 8 41 L
7 5 10 19 R
7 6 7 39 L
7 7 8 7 U
7 8 5 22 R
7 9 5 18 R
7 10 9 10 U
7 11 2 46 L
7 12 2 12 U
7 13 4 34 D
7 14 6 26 D
7 15 6 29 D
7 16 5 16 R
7 17 4 17 R
7 18 6 9 U
7 19 2 19 R
7 20 10 20 R
7 21 6 21 R
7 22 7 26 D
7 23 5 23 R
7 24 5 24 R
7 25 5 23 R
7 26 7 14 R
7 27 3 22 R
7 28 5 28 D
7 29 5 15 R
7 30 5 30 D
7 31 7 31 D
7 32 5 39 L
7 33 6 33 D
7 34 2 24 R
7 35 7 35 D
7 36 0 42 L
7 37 14 37 D
7 38 6 0 U
7 39 1 16 R
7 40 3 40 L
7 41 4 25 D
7 42 7 42 L
7 43 7 43 L
7 44 4 29 D
7 45 9 45 L
7 46 6 46 L
7 47 0 37 D
7 48 6 4 U
8 0 4 0 U
8 1 2 41 L
8 2 0 30 D
8 3 7 3 U
8 4 9 4 U
8 5 4 23 R
8 6 8 6 U
8 7 10 44 L
8 8 7 21 R
8 9 7 9 U
8 10 4 10 U
8 11 6 11 U
8 12 6 12 U
8 13 0 40 L
8 14 6 33 D
8 15 8 35 D
8 16 6 0 U
8 17 2 17 R
8 18 0 2 U
8 19 0 48 L
8 20 9 10 U
8 21 8 21 R
8 22 4 22 R
8 23 8 3 U
8 24 10 31 D
8 25 4 8 U
8 26 8 2 U
8 27 7 38 L
8 28 7 15 R
8 29 8 8 U
8 30 8 42 L
8 31 1 31 D
8 32 6 18 R
8 33 7 33 D
8 34 3 34 D
8 35 0 13 R
8 36 11 36 D
8 37 13 37 D
8 38 5 9 U
8 39 5 25 D
8 40 4 12 U
8 41 6 41 L
8 42 9 4 U
8 43 5 43 L
8 44 8 7 U
8 45 7 45 L
8 46 9 46 L
8 47 8 15 R
8 48 8 48 L
9 0 4 48 L
9 1 0 22 R
9 2 8 16 R
9 3 9 42 L
9 4 8 4 U
9 5 10 20 R
9 6 9 6 U
9 7 9 7 U
9 8 6 21 R
9 9 9 15 R
9 10 8 10 U
9 11 8 11 U
9 12 6 40 L
9 13 3 2 U
9 14 10 14 R
9 15 1 6 U
9 16 6 25 D
9 17 4 0 U
9 18 3 18 R
9 19 9 36 D
9 20 6 20 R
9 21 6 12 U
9 22 9 35 D
9 23 12 3 U
9 24 9 24 R
9 25 9 14 R
9 26 7 40 L
9 27 6 27 D
9 28 0 42 L
9 29 6 14 R
9 30 10 30 D
9 31 8 46 L
9 32 9 46 L
9 33 0 17 R
9 34 4 34 D
9 35 10 35 D
9 36 3 36 D
9 37 15 23 R
9 38 8 33 D
9 39 9 6 U
9 40 5 0 U
9 41 7 28 D
9 42 10 42 L
9 43 8 43 L
9 44 10 44 L
9 45 3 45 L
9 46 10 9 U
9 47 12 47 L
9 48 8 11 U
10 0 4 39 L
10 1 10 1 U
10 2 0 42 L
10 3 0 44 L
10 4 10 4 U
10 5 9 34 D
10 6 0 27 D
10 7 5 46 L
10 8 11 24 R
10 9 9 20 R
10 10 8 14 R
10 11 7 11 U
10 12 14 17 R
10 13 3 9 U
10 14 7 5 U
10 15 6 31 D
10 16 10 31 D
10 17 3 17 R
10 18 10 18 R
10 19 6 19 R
10 20 5 20 R
10 21 7 21 R
10 22 9 22 R
10 23 12 23 R
10 24 8 24 R
10 25 6 25 D
10 26 4 8 U
10 27 9 45 L
10 28 8 28 D
10 29 10 41 L
10 30 0 20 R
10 31 7 47 L
10 32 10 32 D
10 33 5 33 D
10 34 5 34 D
10 35 9 35 D
10 36 12 36 D
10 37 16 37 D
10 38 8 38 L
10 39 8 39 L
10 40 0 26 D
10 41 4 5 U
10 42 7 32 D
10 43 9 29 D
10 44 3 7 U
10 45 3 32 D
10 46 2 46 L
10 47 4 47 L
10 48 6 48 L
11 0 10 39 L
11 1 0 28 D
11 2 10 2 U
11 3 2 44 L
11 4 10 15 R
11 5 11 38 L
11 6 8 45 L
11 7 10 7 U
11 8 24 18 R
11 9 10 14 R
11 10 6 10 U
11 11 7 19 R
11 12 16 12 U
11 13 7 4 U
11 14 6 1 U
11 15 6 27 D
11 16 10 26 D
11 17 0 40 L
11 18 0 1 U
11 19 11 36 D
11 20 8 26 D
11 21 6 2 U
11 22 20 29 D
11 23 7 23 R
11 24 14 3 U
11 25 0 44 L
11 26 7 23 R
11 27 8 47 L
11 28 11 21 R
11 29 8 20 R
11 30 7 45 L
11 31 15 41 L
11 32 12 47 L
11 33 0 12 U
11 34 0 45 L
11 35 3 18 R
11 36 8 36 D
11 37 15 37 D
11 38 9 9 U
11 39 4 39 L
11 40 0 10 U
11 41 9 37 D
11 42 10 0 U
11 43 12 43 L
11 44 7 15 R
11 45 11 35 D
11 46 8 35 D
11 47 7 47 L
11 48 10 29 D
12 0 11 13 R
12 1 12 1 U
12 2 6 2 U
12 3 12 3 U
12 4 6 4 U
12 5 11 5 U
12 6 13 6 U
12 7 6 7 U
12 8 22 8 U
12 9 14 39 L
12 10 0 17 R
12 11 11 11 U
12 12 12 12 U
12 13 0 28 D
12 14 0 36 D
12 15 11 10 U
12 16 12 0 U
12 17 11 25 D
12 18 8 18 R
12 19 13 19 R
12 20 12 20 R
12 21 9 21 R
12 22 12 22 R
12 23 11 23 R
12 24 14 24 R
12 25 8 43 L
12 26 11 20 R
12 27 7 19 R
12 28 4 28 D
12 29 9 29 D
12 30 11 10 U
12 31 15 31 D
12 32 0 21 R
12 33 18 33 D
12 34 24 34 D
12 35 11 35 D
12 36 12 16 R
12 37 15 18 R
12 38 10 38 L
12 39 11 36 D
12 40 8 28 D
12 41 12 4 U
12 42 11 42 L
12 43 11 43 L
12 44 11 44 L
12 45 11 45 L
12 46 10 35 D
12 47 10 47 L
12 48 14 48 L
13 0 7 42 L
13 1 2 1 U
13 2 16 39 L
13 3 8 22 R
13 4 0 38 L
13 5 13 15 R
13 6 14 43 L
13 7 2 14 R
13 8 23 8 U
13 9 12 9 U
13 10 11 38 L
13 11 32 14 R
13 12 9 12 U
13 13 12 8 U
13 14 12 14 R
13 15 6 3 U
13 16 12 29 D
13 17 14 1 U
13 18 6 30 D
13 19 18 27 D
13 20 7 6 U
13 21 16 9 U
13 22 20 22 R
13 23 10 1 U
13 24 13 24 R
13 25 11 23 R
13 26 12 17 R
13 27 0 46 L
13 28 5 39 L
13 29 13 29 D
13 30 0 14 R
13 31 13 31 D
13 32 8 32 D
13 33 16 33 D
13 34 25 34 D
13 35 11 20 R
13 36 0 43 L
13 37 2 37 D
13 38 12 28 D
13 39 15 28 D
13 40 6 40 L
13 41 13 41 L
13 42 8 27 D
13 43 13 0 U
13 44 13 44 L
13 45 8 5 U
13 46 14 46 L
13 47 8 47 L
13 48 7 48 L
14 0 0 47 L
14 1 0 26 D
14 2 7 2 U
14 3 5 37 D
14 4 13 37 D
14 5 12 5 U
14 6 12 24 R
14 7 14 7 U
14 8 20 8 U
14 9 10 9 U
14 10 12 10 U
14 11 34 11 U
14 12 10 12 U
14 13 7 9 U
14 14 3 3 U
14 15 17 15 R
14 16 13 3 U
14 17 16 17 R
14 18 10 37 D
14 19 12 19 R
14 20 11 4 U
14 21 5 21 R
14 22 19 22 R
14 23 11 29 D
14 24 12 11 U
14 25 13 44 L
14 26 0 46 L
14 27 15 27 D
14 28 15 42 L
14 29 8 29 D
14 30 17 38 L
14 31 16 13 R
14 32 15 7 U
14 33 21 33 D
14 34 23 34 D
14 35 14 35 D
14 36 7 24 R
14 37 0 48 L
14 38 12 34 D
14 39 15 39 L
14 40 15 40 L
14 41 14 41 L
14 42 13 42 L
14 43 0 29 D
14 44 12 44 L
14 45 11 6 U
14 46 13 46 L
14 47 13 5 U
14 48 16 48 L
15 0 12 17 R
15 1 16 13 R
15 2 11 2 U
15 3 10 25 D
15 4 13 4 U
15 5 5 5 U
15 6 14 20 R
15 7 15 41 L
15 8 24 8 U
15 9 16 44 L
15 10 13 10 U
15 11 33 11 U
15 12 14 12 U
15 13 13 36 D
15 14 14 14 R
15 15 14 5 U
15 16 19 16 R
15 17 15 17 R
15 18 16 18 R
15 19 18 19 R
15 20 7 20 R
15 21 16 21 R
15 22 18 22 R
15 23 9 43 L
15 24 14 25 D
15 25 9 13 R
15 26 16 14 R
15 27 13 4 U
15 28 12 28 D
15 29 13 20 R
15 30 14 30 D
15 31 8 31 D
15 32 17 16 R
15 33 13 33 D
15 34 26 34 D
15 35 5 43 L
15 36 14 36 D
15 37 14 14 R
15 38 12 35 D
15 39 6 9 U
15 40 13 40 L
15 41 12 32 D
15 42 19 27 D
15 43 14 1 U
15 44 15 30 D
15 45 10 10 U
15 46 12 46 L
15 47 12 2 U
15 48 7 0 U
16 0 1 0 U
16 1 5 1 U
16 2 13 2 U
16 3 10 13 R
16 4 7 4 U
16 5 20 13 R
16 6 18 39 L
16 7 16 7 U
16 8 0 27 D
16 9 15 9 U
16 10 10 10 U
16 11 22 11 U
16 12 13 12 U
16 13 10 37 D
16 14 16 3 U
16 15 16 15 R
16 16 15 16 R
16 17 13 37 D
16 18 2 5 U
16 19 18 28 D
16 20 15 26 D
16 21 0 12 U
16 22 17 22 R
16 23 16 23 R
16 24 18 4 U
16 25 15 38 L
16 26 17 24 R
16 27 13 41 L
16 28 17 15 R
16 29 10 29 D
16 30 19 30 D
16 31 20 31 D
16 32 17 32 D
16 33 18 19 R
16 34 19 34 D
16 35 1 35 D
16 36 13 45 L
16 37 8 21 R
16 38 15 18 R
16 39 9 39 L
16 40 9 40 L
16 41 15 41 L
16 42 18 9 U
16 43 9 43 L
16 44 17 12 U
16 45 11 30 D
16 46 11 46 L
16 47 15 0 U
16 48 17 48 L
17 0 16 26 D
17 1 10 38 L
17 2 2 15 R
17 3 11 20 R
17 4 18 40 L
17 5 20 5 U
17 6 18 6 U
17 7 0 30 D
17 8 16 8 U
17 9 17 41 L
17 10 18 26 D
17 11 31 11 U
17 12 3 41 L
17 13 17 13 R
17 14 13 27 D
17 15 14 7 U
17 16 18 16 R
17 17 14 2 U
17 18 17 26 D
17 19 14 19 R
17 20 12 2 U
17 21 14 35 D
17 22 11 12 U
17 23 3 26 D
17 24 10 26 D
17 25 16 13 R
17 26 18 43 L
17 27 8 1 U
17 28 17 28 D
17 29 0 1 U
17 30 0 11 U
17 31 14 31 D
17 32 11 32 D
17 33 22 17 R
17 34 15 34 D
17 35 14 17 R
17 36 7 23 R
17 37 17 20 R
17 38 8 37 D
17 39 14 27 D
17 40 14 40 L
17 41 1 1 U
17 42 18 3 U
17 43 10 6 U
17 44 16 44 L
17 45 15 45 L
17 46 12 3 U
17 47 17 47 L
17 48 15 36 D
18 0 12 48 L
18 1 15 14 R
18 2 9 2 U
18 3 11 35 D
18 4 19 4 U
18 5 13 5 U
18 6 17 44 L
18 7 17 42 L
18 8 21 8 U
18 9 17 9 U
18 10 7 10 U
18 11 27 11 U
18 12 18 12 U
18 13 12 25 D
18 14 15 25 D
18 15 19 15 R
18 16 18 0 U
18 17 18 17 R
18 18 19 3 U
18 19 19 19 R
18 20 17 20 R
18 21 18 3 U
18 22 14 22 R
18 23 8 23 R
18 24 18 6 U
18 25 16 21 R
18 26 17 42 L
18 27 7 44 L
18 28 11 28 D
18 29 0 13 R
18 30 12 30 D
18 31 18 22 R
18 32 19 32 D
18 33 25 42 L
18 34 24 8 U
18 35 0 48 L
18 36 23 17 R
18 37 16 22 R
18 38 17 12 U
18 39 18 29 D
18 40 16 0 U
18 41 5 37 D
18 42 16 26 D
18 43 5 32 D
18 44 18 29 D
18 45 18 45 L
18 46 16 46 L
18 47 16 47 L
18 48 17 6 U
19 0 18 16 R
19 1 13 18 R
19 2 15 2 U
19 3 16 22 R
19 4 19 24 R
19 5 12 15 R
19 6 19 6 U
19 7 17 39 L
19 8 0 42 L
19 9 16 9 U
19 10 14 10 U
19 11 35 11 U
19 12 8 12 U
19 13 0 4 U
19 14 16 14 R
19 15 15 15 R
19 16 17 16 R
19 17 14 17 R
19 18 0 43 L
19 19 15 27 D
19 20 15 20 R
19 21 19 21 R
19 22 20 28 D
19 23 13 23 R
19 24 23 24 R
19 25 14 40 L
19 26 17 19 R
19 27 16 16 R
19 28 19 17 R
19 29 17 29 D
19 30 22 40 L
19 31 17 31 D
19 32 15 32 D
19 33 23 33 D
19 34 12 34 D
19 35 13 35 D
19 36 24 36 D
19 37 20 37 D
19 38 18 6 U
19 39 19 39 L
19 40 11 13 R
19 41 19 18 R
19 42 12 7 U
19 43 21 5 U
19 44 19 44 L
19 45 17 45 L
19 46 15 46 L
19 47 15 47 L
19 48 21 25 D
20 0 16 14 R
20 1 8 47 L
20 2 17 16 R
20 3 15 16 R
20 4 10 38 L
20 5 18 5 U
20 6 19 44 L
20 7 21 7 U
20 8 20 21 R
20 9 21 42 L
20 10 19 10 U
20 11 29 40 L
20 12 0 31 D
20 13 15 37 D
20 14 0 10 U
20 15 7 31 D
20 16 20 25 D
20 17 3 29 D
20 18 13 18 R
20 19 20 19 R
20 20 23 25 D
20 21 17 21 R
20 22 15 22 R
20 23 0 46 L
20 24 22 24 R
20 25 19 13 R
20 26 11 42 L
20 27 19 22 R
20 28 20 19 R
20 29 12 45 L
20 30 22 30 D
20 31 20 23 R
20 32 1 14 R
20 33 20 33 D
20 34 0 6 U
20 35 34 43 L
20 36 19 36 D
20 37 17 37 D
20 38 12 29 D
20 39 9 26 D
20 40 19 7 U
20 41 16 4 U
20 42 21 42 L
20 43 20 43 L
20 44 19 28 D
20 45 16 45 L
20 46 21 0 U
20 47 14 47 L
20 48 11 48 L
21 0 17 40 L
21 1 0 37 D
21 2 21 41 L
21 3 19 17 R
21 4 21 24 R
21 5 22 14 R
21 6 20 6 U
21 7 18 13 R
21 8 26 21 R
21 9 23 39 L
21 10 24 41 L
21 11 28 11 U
21 12 19 15 R
21 13 19 31 D
21 14 13 33 D
21 15 17 27 D
21 16 15 0 U
21 17 10 25 D
21 18 14 18 R
21 19 21 1 U
21 20 24 20 R
21 21 21 21 R
21 22 19 0 U
21 23 19 23 R
21 24 15 24 R
21 25 16 38 L
21 26 17 39 L
21 27 24 20 R
21 28 9 43 L
21 29 16 42 L
21 30 22 14 R
21 31 19 31 D
21 32 23 32 D
21 33 23 20 R
21 34 28 34 D
21 35 27 35 D
21 36 16 36 D
21 37 17 43 L
21 38 18 4 U
21 39 4 33 D
21 40 16 9 U
21 41 20 35 D
21 42 18 42 L
21 43 19 43 L
21 44 20 44 L
21 45 9 1 U
21 46 21 46 L
21 47 19 10 U
21 48 20 48 L
22 0 20 19 R
22 1 17 15 R
22 2 18 2 U
22 3 20 21 R
22 4 25 24 R
22 5 23 5 U
22 6 1 33 D
22 7 17 7 U
22 8 25 8 U
22 9 23 9 U
22 10 22 10 U
22 11 32 11 U
22 12 18 13 R
22 13 15 1 U
22 14 18 2 U
22 15 21 15 R
22 16 20 16 R
22 17 22 1 U
22 18 24 33 D
22 19 0 28 D
22 20 25 20 R
22 21 22 21 R
22 22 11 0 U
22 23 21 23 R
22 24 18 24 R
22 25 16 2 U
22 26 12 39 L
22 27 21 43 L
22 28 22 16 R
22 29 20 38 L
22 30 23 30 D
22 31 14 22 R
22 32 24 32 D
22 33 22 33 D
22 34 27 34 D
22 35 33 35 D
22 36 25 36 D
22 37 0 2 U
22 38 21 31 D
22 39 23 0 U
22 40 20 2 U
22 41 22 41 L
22 42 25 3 U
22 43 18 43 L
22 44 20 4 U
22 45 23 0 U
22 46 20 31 D
22 47 22 47 L
22 48 13 48 L
23 0 20 38 L
23 1 5 16 R
23 2 2 42 L
23 3 23 47 L
23 4 21 22 R
23 5 15 5 U
23 6 4 6 U
23 7 24 21 R
23 8 3 8 U
23 9 22 9 U
23 10 5 10 U
23 11 19 11 U
23 12 21 12 U
23 13 21 29 D
23 14 25 28 D
23 15 18 7 U
23 16 10 42 L
23 17 25 17 R
23 18 25 18 R
23 19 22 26 D
23 20 23 27 D
23 21 21 31 D
23 22 9 25 D
23 23 16 8 U
23 24 0 48 L
23 25 19 21 R
23 26 24 26 D
23 27 21 46 L
23 28 13 28 D
23 29 4 40 L
23 30 21 30 D
23 31 22 15 R
23 32 5 45 L
23 33 19 33 D
23 34 17 34 D
23 35 30 35 D
23 36 27 13 R
23 37 27 37 D
23 38 19 0 U
23 39 9 10 U
23 40 25 40 L
23 41 13 21 R
23 42 22 2 U
23 43 19 6 U
23 44 22 44 L
23 45 24 45 L
23 46 18 9 U
23 47 24 47 L
23 48 4 3 U
24 0 23 41 L
24 1 21 18 R
24 2 24 20 R
24 3 25 3 U
24 4 22 43 L
24 5 24 5 U
24 6 15 6 U
24 7 19 13 R
24 8 4 30 D
24 9 21 38 L
24 10 21 38 L
24 11 13 11 U
24 12 15 12 U
24 13 24 7 U
24 14 0 5 U
24 15 20 15 R
24 16 21 16 R
24 17 24 17 R
24 18 24 18 R
24 19 23 19 R
24 20 23 20 R
24 21 15 41 L
24 22 10 22 R
24 23 20 23 R
24 24 24 24 R
24 25 22 25 D
24 26 22 39 L
24 27 25 23 R
24 28 23 24 R
24 29 27 42 L
24 30 0 39 L
24 31 18 39 L
24 32 17 4 U
24 33 0 19 R
24 34 9 34 D
24 35 31 35 D
24 36 26 36 D
24 37 26 37 D
24 38 25 32 D
24 39 21 39 L
24 40 21 40 L
24 41 16 31 D
24 42 24 42 L
24 43 23 43 L
24 44 21 44 L
24 45 21 45 L
24 46 23 4 U
24 47 25 29 D
24 48 22 48 L
25 0 23 47 L
25 1 24 19 R
25 2 22 46 L
25 3 21 3 U
25 4 21 23 R
25 5 16 5 U
25 6 10 24 R
25 7 22 7 U
25 8 26 8 U
25 9 30 39 L
25 10 20 10 U
25 11 26 11 U
25 12 28 42 L
25 13 16 33 D
25 14 14 48 L
25 15 21 31 D
25 16 8 30 D
25 17 24 36 D
25 18 23 18 R
25 19 25 8 U
25 20 0 27 D
25 21 22 30 D
25 22 20 4 U
25 23 23 1 U
25 24 23 28 D
25 25 15 18 R
25 26 17 17 R
25 27 11 45 L
25 28 25 28 D
25 29 25 45 L
25 30 28 30 D
25 31 21 17 R
25 32 19 3 U
25 33 13 40 L
25 34 7 34 D
25 35 29 35 D
25 36 20 36 D
25 37 24 48 L
25 38 22 38 L
25 39 21 26 D
25 40 0 13 R
25 41 22 25 D
25 42 23 42 L
25 43 15 32 D
25 44 14 44 L
25 45 25 45 L
25 46 24 46 L
25 47 21 33 D
25 48 28 2 U
26 0 25 18 R
26 1 9 40 L
26 2 14 14 R
26 3 22 15 R
26 4 13 41 L
26 5 26 43 L
26 6 8 13 R
26 7 5 17 R
26 8 27 8 U
26 9 26 9 U
26 10 12 13 R
26 11 14 11 U
26 12 25 12 U
26 13 23 13 R
26 14 15 10 U
26 15 25 27 D
26 16 21 27 D
26 17 14 25 D
26 18 22 8 U
26 19 27 1 U
26 20 11 29 D
26 21 11 8 U
26 22 32 27 D
26 23 26 23 R
26 24 24 36 D
26 25 14 46 L
26 26 14 38 L
26 27 24 24 R
26 28 27 44 L
26 30 28 13 R
26 31 22 31 D
26 32 5 12 U
26 33 23 23 R
26 34 20 34 D
26 35 28 41 L
26 36 25 41 L
26 37 0 8 U
26 38 24 36 D
26 39 26 26 D
26 40 24 31 D
26 41 22 5 U
26 42 17 33 D
26 43 26 32 D
26 44 2 34 D
26 45 8 45 L
26 46 22 46 L
26 47 19 33 D
26 48 33 1 U
27 0 27 39 L
27 1 0 43 L
27 2 12 2 U
27 3 0 47 L
27 4 0 36 D
27 5 27 14 R
27 6 17 6 U
27 7 33 7 U
27 8 0 14 R
27 9 27 9 U
27 10 21 19 R
27 12 26 12 U
27 13 24 25 D
27 14 19 30 D
27 15 27 30 D
27 16 29 43 L
27 17 7 17 R
27 18 12 0 U
27 19 26 19 R
27 20 14 20 R
27 21 26 27 D
27 22 13 22 R
27 23 22 23 R
27 24 27 24 R
27 25 26 20 R
27 26 22 42 L
27 27 15 40 L
27 28 26 47 L
27 30 20 30 D
27 31 25 39 L
27 32 32 32 D
27 33 20 21 R
27 34 2 34 D
27 35 12 35 D
27 36 29 36 D
27 37 18 37 D
27 38 24 37 D
27 39 26 34 D
27 40 24 0 U
27 41 25 41 L
27 42 27 0 U
27 43 20 29 D
27 44 28 44 L
27 45 25 12 U
27 46 31 46 L
27 47 0 7 U
27 48 27 8 U
28 0 21 21 R
28 1 27 38 L
28 2 28 41 L
28 3 27 3 U
28 4 30 4 U
28 5 0 30 D
28 6 11 6 U
28 7 33 34 D
28 8 28 20 R
28 9 30 22 R
28 10 0 28 D
28 12 28 14 R
28 13 22 34 D
28 14 26 3 U
28 15 28 15 R
28 16 11 16 R
28 17 33 3 U
28 18 4 45 L
28 19 27 19 R
28 20 25 27 D
28 21 27 25 D
28 22 28 22 R
28 23 26 0 U
28 24 11 44 L
28 25 26 19 R
28 26 24 1 U
28 27 26 15 R
28 28 31 21 R
28 30 13 5 U
28 31 30 41 L
28 32 7 32 D
28 33 30 33 D
28 34 29 13 R
28 35 34 35 D
28 36 32 21 R
28 37 29 37 D
28 38 27 27 D
28 39 27 1 U
28 40 27 40 L
28 41 28 8 U
28 42 28 28 D
28 43 29 0 U
28 44 26 2 U
28 45 27 45 L
28 46 27 46 L
28 47 0 22 R
28 48 27 48 L
29 0 26 45 L
29 1 15 1 U
29 2 26 21 R
29 3 20 13 R
29 4 33 39 L
29 5 22 5 U
29 6 0 14 R
29 7 28 7 U
29 8 15 13 R
29 9 31 9 U
29 10 30 10 U
29 12 22 12 U
29 13 9 38 L
29 14 28 25 D
29 15 30 0 U
29 16 32 16 R
29 17 29 17 R
29 18 9 18 R
29 19 25 31 D
29 20 33 31 D
29 21 27 1 U
29 22 27 36 D
29 23 14 23 R
29 24 32 24 R
29 25 28 24 R
29 26 33 15 R
29 27 32 15 R
29 30 20 38 L
29 31 30 31 D
29 32 18 32 D
29 33 31 33 D
29 34 1 13 R
29 35 24 35 D
29 36 32 46 L
29 37 25 37 D
29 38 13 12 U
29 39 10 25 D
29 40 26 37 D
29 41 31 1 U
29 42 27 9 U
29 43 31 43 L
29 44 26 44 L
29 45 23 45 L
29 46 33 46 L
29 47 31 9 U
29 48 31 48 L
30 0 30 18 R
30 1 32 38 L
30 2 4 14 R
30 3 32 13 R
30 5 30 5 U
30 6 32 6 U
30 7 24 7 U
30 8 22 19 R
30 9 32 9 U
30 10 24 10 U
30 12 20 12 U
30 13 14 43 L
30 14 0 34 D
30 15 31 15 R
30 16 31 16 R
30 17 27 17 R
30 18 32 18 R
30 19 28 19 R
30 20 31 20 R
30 21 0 47 L
30 22 30 28 D
30 23 29 5 U
30 24 31 24 R
30 25 28 16 R
30 26 26 40 L
30 27 33 40 L
30 30 24 30 D
30 31 25 31 D
30 32 31 32 D
30 33 32 33 D
30 34 8 34 D
30 36 33 36 D
30 37 31 37 D
30 38 27 26 D
30 39 29 39 L
30 40 29 34 D
30 41 28 6 U
30 42 28 42 L
30 43 32 43 L
30 44 18 44 L
30 45 27 25 D
30 46 26 7 U
30 47 30 47 L
30 48 19 48 L
31 0 25 44 L
31 1 27 42 L
31 2 23 22 R
31 3 0 39 L
31 5 22 38 L
31 6 23 6 U
31 7 29 47 L
31 8 28 8 U
31 9 13 9 U
31 10 31 10 U
31 12 31 12 U
31 13 28 10 U
31 14 32 26 D
31 15 30 15 R
31 16 29 16 R
31 17 28 17 R
31 18 26 18 R
31 19 24 19 R
31 20 33 20 R
31 21 11 21 R
31 22 27 22 R
31 23 23 23 R
31 24 29 24 R
31 25 30 25 D
31 26 19 23 R
31 27 30 45 L
31 30 25 38 L
31 31 29 31 D
31 32 30 32 D
31 33 15 33 D
31 34 11 34 D
31 36 28 46 L
31 37 28 23 R
31 38 30 26 D
31 39 24 39 L
31 40 31 40 L
31 41 26 41 L
31 42 23 5 U
31 43 30 43 L
31 44 29 44 L
31 45 26 45 L
31 46 28 7 U
31 47 32 47 L
31 48 30 48 L
32 0 31 38 L
32 1 33 40 L
32 2 31 47 L
32 3 15 3 U
32 5 26 5 U
32 6 30 6 U
32 7 28 22 R
32 8 10 8 U
32 9 33 9 U
32 10 32 10 U
32 12 23 12 U
32 13 8 10 U
32 14 28 37 D
32 15 28 26 D
32 16 30 16 R
32 17 26 17 R
32 18 29 18 R
32 19 29 26 D
32 20 0 41 L
32 21 31 1 U
32 22 28 7 U
32 23 31 3 U
32 24 30 24 R
32 25 29 25 D
32 26 29 15 R
32 27 28 20 R
32 30 18 30 D
32 31 28 31 D
32 32 29 32 D
32 33 0 9 U
32 34 29 34 D
32 36 28 15 R
32 37 30 17 R
32 38 23 37 D
32 39 14 30 D
32 40 29 30 D
32 41 32 1 U
32 42 31 42 L
32 43 27 43 L
32 44 25 44 L
32 45 13 45 L
32 46 33 32 D
32 47 32 19 R
32 48 29 4 U
33 0 33 0 U
33 1 17 20 R
33 3 11 3 U
33 5 25 40 L
33 6 24 6 U
33 7 32 14 R
33 8 11 8 U
33 9 32 46 L
33 10 33 10 U
33 13 31 33 D
33 14 22 31 D
33 15 32 37 D
33 16 30 10 U
33 17 26 46 L
33 18 31 18 R
33 19 31 27 D
33 20 18 20 R
33 21 29 4 U
33 22 34 26 D
33 23 33 23 R
33 24 33 7 U
33 25 28 19 R
33 26 30 38 L
33 27 31 42 L
33 30 32 46 L
33 31 30 16 R
33 32 28 2 U
33 33 0 10 U
33 34 29 16 R
33 36 35 36 D
33 37 30 37 D
33 38 24 4 U
33 39 31 27 D
33 40 33 27 D
33 41 16 36 D
33 42 29 33 D
33 43 8 29 D
33 44 25 2 U
33 45 26 0 U
33 46 29 2 U
33 47 35 47 L
33 48 35 48 L
34 0 30 14 R
34 1 24 22 R
34 3 32 15 R
34 5 14 13 R
34 7 34 14 R
34 8 26 24 R
34 9 3 20 R
34 10 28 21 R
34 13 23 7 U
34 14 32 3 U
34 15 30 25 D
34 16 33 0 U
34 17 27 3 U
34 18 30 25 D
34 19 0 9 U
34 20 25 36 D
34 21 34 31 D
34 22 35 22 R
34 24 33 24 R
34 25 4 48 L
34 26 33 47 L
34 27 11 48 L
34 31 28 18 R
34 32 33 0 U
34 34 35 43 L
34 37 31 46 L
34 38 31 37 D
34 39 29 35 D
34 40 7 33 D
34 41 27 11 U
34 42 30 1 U
34 44 23 7 U
34 46 30 31 D
34 47 34 47 L
34 48 1 48 L
35 0 32 48 L
35 7 20 41 L
35 9 35 9 U
35 13 27 34 D
35 14 30 34 D
35 15 34 11 U
35 16 34 16 R
35 17 34 17 R
35 18 34 35 D
35 19 30 19 R
35 21 30 21 R
35 22 34 22 R
35 24 29 25 D
35 25 35 17 R
35 26 31 18 R
35 27 30 42 L
35 31 33 19 R
35 32 34 32 D
35 34 34 34 D
35 38 30 5 U
35 39 32 32 D
35 40 30 27 D
35 41 35 27 D
35 42 34 42 L
35 46 29 46 L
35 47 23 47 L
35 48 25 14 R
36 0 17 44 L
37 0 23 0 U

