25 21 432
0 0 0 10 22 0 0 0 0 0 1 0 0 0 13 10
15 7 0 0 0 13 0 0 0 0 0 0 0 0 12 0
0 19 0 0 0 18 0 0 0 0 0 0 0 0 0 16
0 16 0 2 0 22 8 1 13 15 8 21 0 22 0 20
6 13 0 17 0 0 0 0 20 0 0 0 0 20 0 0
0 0 0 0 15 0 0 0 2 8 2 0 0 0 0 20
5 8 0 6 0 23 0 0 19 0 0 0 0 0 0 17
10 21 0 0 14 0 24 0 12 0 12 22 1 0 0 8
0 0 22 0 17 18 23 0 0 0 0 0 16 0 0 8
0 17 11 5 22 20 24 0 0 21 0 0 7 1 0 0
0 0 0 0 0 0 0 0 4 21 0 0 0 3 0 0
5 0 0 0 0 0 0 0 0 0 0 0 21 14 0 1
0 0 20 19 6 0 16 0 0 0 20 0 0 0 14 4
0 0 10 8 0 13 0 0 0 3 4 5 0 17 20 0
15 0 0 21 0 20 0 0 5 23 0 19 0 5 0 0
23 14 3 17 0 18 21 20 24 0 10 0 1 15 17 1
0 0 0 0 L
0 1 0 1 L
0 2 0 2 L
0 3 0 3 L
0 4 0 4 L
0 5 0 5 R
0 6 0 6 R
0 7 0 7 R
0 8 0 8 R
0 9 0 9 R
0 10 0 10 R
0 11 0 11 D
0 12 0 12 D
0 13 0 13 D
0 14 0 14 D
0 15 0 15 D
0 16 0 16 U
0 17 0 17 U
0 18 0 18 U
0 19 0 19 U
0 20 0 20 U
1 0 0 16 U
1 1 6 1 L
1 2 7 2 L
1 3 7 3 L
1 4 6 4 L
1 5 0 0 L
1 6 7 16 U
1 7 16 7 R
1 8 0 13 D
1 9 0 4 L
1 10 16 16 U
1 11 6 8 R
1 12 12 7 R
1 13 14 13 D
1 14 2 18 U
1 15 16 15 D
1 16 3 9 R
1 17 17 11 D
1 18 8 18 U
1 19 2 19 U
1 20 13 1 L
2 0 18 12 D
2 1 18 16 U
2 2 12 2 L
2 3 10 3 L
2 4 14 19 U
2 5 13 15 D
2 6 18 6 R
2 7 1 7 R
2 8 3 8 R
2 9 3 16 U
2 10 6 17 U
2 11 6 5 R
2 12 12 12 D
2 13 15 13 D
2 14 1 14 D
2 15 0 3 L
2 16 5 16 U
2 17 18 17 U
2 18 5 0 L
2 19 8 2 L
2 20 1 20 U
3 0 5 16 U
3 1 5 14 D
3 2 6 2 L
3 3 2 3 L
3 4 1 12 D
3 5 2 12 D
3 6 2 6 R
3 7 16 18 U
3 8 15 8 R
3 9 7 17 U
3 10 8 10 R
3 11 1 11 D
3 12 6 12 D
3 13 7 1 L
3 14 8 14 D
3 15 0 0 L
3 16 0 0 L
3 17 4 17 U
3 18 9 1 L
3 19 4 19 U
3 20 4 20 U
4 0 14 14 D
4 1 10 20 U
4 2 10 7 R
4 3 12 20 U
4 4 0 13 D
4 5 21 18 U
4 6 22 16 U
4 7 0 2 L
4 8 17 11 D
4 9 5 18 U
4 10 1 18 U
4 11 0 6 R
4 12 14 12 D
4 13 1 13 D
4 14 7 14 D
4 15 3 15 D
4 16 0 11 D
4 17 16 14 D
4 18 10 0 L
4 19 21 7 R
4 20 1 20 U
5 0 4 11 D
5 1 1 6 R
5 2 0 14 D
5 3 6 18 U
5 4 12 20 U
5 5 3 11 D
5 6 1 15 D
5 7 15 12 D
5 8 6 8 R
5 9 4 18 U
5 10 2 10 R
5 11 13 11 D
5 12 3 12 D
5 13 14 13 D
5 14 3 14 D
5 15 11 15 D
5 16 8 7 R
5 17 0 7 R
5 18 4 12 D
5 19 10 11 D
5 20 0 15 D
6 0 10 17 U
6 1 12 1 L
6 2 15 18 U
6 3 7 3 L
6 4 2 20 U
6 5 5 5 R
6 6 11 18 U
6 7 0 16 U
6 8 9 8 R
6 9 1 9 R
6 10 17 10 R
6 11 0 5 R
6 12 10 3 L
6 13 17 6 R
6 14 3 6 R
6 15 20 2 L
6 16 2 6 R
6 17 4 15 D
6 18 20 18 U
6 19 13 19 U
6 20 0 8 R
7 0 5 0 L
7 1 16 13 D
7 2 0 16 U
7 3 6 9 R
7 4 3 4 L
7 5 9 19 U
7 6 16 6 R
7 7 19 14 D
7 8 2 8 R
7 9 12 9 R
7 10 2 10 R
7 11 0 4 L
7 12 3 1 L
7 13 17 1 L
7 14 11 2 L
7 15 6 9 R
7 16 13 7 R
7 17 5 17 U
7 18 4 18 U
7 19 2 0 L
7 20 11 20 U
8 0 14 11 D
8 1 0 12 D
8 2 2 2 L
8 3 12 17 U
8 4 2 4 L
8 5 1 0 L
8 6 4 19 U
8 7 4 14 D
8 8 10 8 R
8 9 4 14 D
8 11 2 6 R
8 12 1 12 D
8 13 0 1 L
8 14 1 1 L
8 15 2 15 D
8 16 3 2 L
8 17 1 0 L
8 18 17 18 U
8 19 11 0 L
8 20 9 2 L
9 0 4 18 U
9 1 19 20 U
9 2 12 2 L
9 3 12 3 L
9 4 5 17 U
9 5 0 2 L
9 6 11 14 D
9 7 2 7 R
9 8 0 12 D
9 9 1 9 R
9 10 6 10 R
9 11 2 11 D
9 12 0 17 U
9 13 4 5 R
9 14 14 14 D
9 15 11 10 R
9 16 3 6 R
9 17 18 2 L
9 18 7 5 R
9 19 1 19 U
9 20 10 3 L
10 0 2 16 U
10 1 16 16 U
10 2 13 17 U
10 3 7 5 R
10 4 0 18 U
10 5 2 15 D
10 6 11 16 U
10 7 15 7 R
10 8 7 3 L
10 9 11 18 U
10 10 6 10 R
10 11 6 2 L
10 12 2 8 R
10 13 9 13 D
10 14 0 8 R
10 15 9 15 D
10 16 15 13 D
10 17 0 2 L
10 18 1 18 U
10 19 3 2 L
10 20 2 12 D
11 0 13 12 D
11 1 10 17 U
11 2 1 2 L
11 3 18 19 U
11 4 16 13 D
11 5 5 13 D
11 6 0 11 D
11 7 16 7 R
11 8 7 19 U
11 11 4 3 L
11 12 10 2 L
11 13 7 13 D
11 14 14 14 D
11 15 5 7 R
11 16 4 9 R
11 17 5 0 L
11 18 19 1 L
11 19 5 1 L
11 20 5 20 U
12 0 19 19 U
12 1 17 19 U
12 2 14 16 U
12 3 0 17 U
12 5 17 0 L
12 6 1 6 R
12 7 1 7 R
12 8 1 8 R
12 9 10 9 R
12 10 15 20 U
12 11 9 6 R
12 12 0 9 R
12 13 10 6 R
12 14 3 3 L
12 15 0 10 R
12 16 5 11 D
12 17 0 4 L
12 18 4 18 U
12 19 20 5 R
12 20 0 2 L
13 0 9 20 U
13 1 11 15 D
13 2 4 12 D
13 3 4 3 L
13 5 8 14 D
13 6 4 12 D
13 7 2 13 D
13 8 4 15 D
13 9 9 14 D
13 11 12 7 R
13 12 1 12 D
13 13 11 7 R
13 14 6 4 L
13 15 6 6 R
13 16 15 5 R
13 17 21 17 U
13 18 18 6 R
13 20 16 5 R
14 0 4 15 D
14 1 18 17 U
14 2 11 20 U
14 3 0 8 R
14 5 9 4 L
14 6 12 1 L
14 7 0 14 D
14 9 21 16 U
14 11 4 11 D
14 12 4 12 D
14 13 6 9 R
14 14 2 7 R
14 15 2 15 D
14 16 16 7 R
14 17 1 5 R
14 18 13 7 R
14 19 5 19 U
14 20 3 20 U
15 0 0 11 D
15 1 19 1 L
15 2 8 9 R
15 3 3 3 L
15 4 18 4 L
15 5 11 11 D
15 6 0 15 D
15 7 16 20 U
15 11 5 11 D
15 12 17 4 L
15 13 19 0 L
15 14 5 10 R
15 15 0 2 L
15 16 0 13 D
15 17 0 12 D
15 18 0 3 L
15 19 4 19 U
15 20 6 8 R
16 0 9 11 D
16 1 0 15 D
16 2 6 2 L
16 3 10 3 L
16 4 3 4 L
16 5 0 20 U
16 6 3 11 D
16 7 7 16 U
16 11 10 2 L
16 12 2 1 L
16 13 11 13 D
16 14 1 14 D
16 15 1 3 L
16 16 0 5 R
16 17 11 5 R
16 18 5 18 U
16 19 21 19 U
16 20 3 20 U
17 0 0 7 R
17 2 12 19 U
17 3 6 3 L
17 5 3 16 U
17 6 19 19 U
17 7 4 16 U
17 8 10 16 U
17 11 14 0 L
17 12 2 12 D
17 13 7 2 L
17 14 0 3 L
17 15 4 9 R
17 16 0 1 L
17 17 4 17 U
17 18 12 12 D
17 19 4 19 U
17 20 2 20 U
18 0 19 17 U
18 1 6 11 D
18 2 10 2 L
18 3 6 3 L
18 5 1 5 R
18 6 1 13 D
18 7 7 7 R
18 11 19 9 R
18 12 3 6 R
18 13 9 13 D
18 14 10 14 D
18 15 6 7 R
18 16 0 6 R
18 17 4 17 U
18 18 5 18 U
18 20 1 20 U
19 0 12 18 U
19 1 10 18 U
19 2 5 15 D
19 5 13 16 U
19 6 16 6 R
19 7 0 19 U
19 9 9 9 R
19 11 3 5 R
19 12 0 7 R
19 13 10 4 L
19 14 1 14 D
19 15 1 6 R
19 16 3 16 U
19 17 1 17 U
19 18 5 4 L
19 20 16 7 R
20 0 14 13 D
20 2 3 2 L
20 5 18 20 U
20 6 15 17 U
20 7 1 13 D
20 11 2 5 R
20 12 11 12 D
20 13 2 13 D
20 14 1 14 D
20 15 14 15 D
20 16 7 0 L
20 17 18 0 L
20 18 19 9 R
20 20 3 20 U
21 0 1 0 L
21 2 23 18 U
21 7 20 17 U
21 11 0 16 U
21 12 18 8 R
21 13 3 13 D
21 14 18 1 L
21 15 3 15 D
21 16 19 7 R
21 17 20 4 L
21 18 11 7 R
21 20 0 6 R
22 0 0 9 R
22 2 0 11 D
22 7 6 7 R
22 11 1 2 L
22 14 16 14 D
22 16 16 5 R
22 17 6 7 R
22 18 3 18 U
23 0 21 0 L
23 11 4 10 R
23 14 6 3 L
23 17 3 17 U
23 18 22 0 L
24 11 11 2 L
24 14 1 14 D
24 18 4 18 U

