26 20 448
0 0 0 12 11 0 0 0 0 11 0 24 24 20 10 0 0
10 0 0 0 25 10 0 0 19 0 0 0 25 0 16 14 4
12 0 18 0 22 0 0 0 16 0 0 0 19 22 6 21 14
1 1 0 0 0 23 7 0 0 15 0 0 0 0 3 0 0
21 25 0 0 0 0 10 0 0 0 0 0 18 17 0 1 13
17 0 25 24 23 0 0 20 22 0 0 21 3 0 0 0 0
0 0 21 0 0 0 11 0 0 0 0 8 18 21 4 0 23
0 15 7 0 22 0 0 0 22 0 0 2 17 0 0 0 8
0 14 0 0 0 0 0 0 0 0 0 6 7 15 8 5 22
0 5 0 4 0 0 0 0 0 0 0 0 3 0 12 0 0
16 6 0 15 0 0 14 17 0 0 0 0 10 0 19 0 21
4 22 13 0 23 24 1 0 0 0 23 25 0 0 0 0 0
20 0 0 1 0 4 0 18 2 10 0 0 4 16 0 8 6
0 20 0 22 12 0 0 22 0 0 0 14 20 8 17 16 0
18 0 0 0 6 12 0 1 0 13 0 16 4 0 16 0 0
0 0 0 0 22 20 0 19 18 0 0 4 22 21 0 3 2
18 4 0 4 4 0 10 0 0 0 2 6 0 0 18 20 0
0 0 0 0 L
0 1 0 1 L
0 2 0 2 L
0 3 0 3 L
0 4 0 4 L
0 5 0 5 R
0 6 0 6 R
0 7 0 7 R
0 8 0 8 R
0 9 0 9 R
0 10 0 10 D
0 11 0 11 D
0 12 0 12 D
0 13 0 13 D
0 14 0 14 D
0 15 0 15 U
0 16 0 16 U
0 17 0 17 U
0 18 0 18 U
0 19 0 19 U
1 0 4 5 R
1 1 0 15 U
1 2 0 11 D
1 3 7 3 L
1 4 2 4 L
1 5 3 16 U
1 6 0 16 U
1 7 0 10 D
1 8 11 8 R
1 9 12 9 R
1 10 14 6 R
1 11 0 17 U
1 12 4 12 D
1 13 0 3 L
1 14 7 14 D
1 15 2 5 R
1 16 13 16 U
1 17 9 2 L
1 18 6 5 R
1 19 15 0 L
2 0 0 10 D
2 1 0 9 R
2 2 3 2 L
2 3 1 3 L
2 4 9 10 D
2 5 0 12 D
2 6 1 6 R
2 7 7 7 R
2 8 4 14 D
2 9 3 9 R
2 10 0 5 R
2 11 4 2 L
2 12 0 2 L
2 13 20 6 R
2 14 10 3 L
2 15 8 7 R
2 16 10 5 R
2 17 8 17 U
2 18 9 18 U
2 19 19 6 R
3 0 2 0 L
3 1 2 17 U
3 2 0 18 U
3 3 1 3 L
3 4 5 4 L
3 5 0 15 U
3 6 16 16 U
3 7 0 13 D
3 8 5 11 D
3 9 19 9 R
3 10 15 8 R
3 11 0 15 U
3 12 8 9 R
3 13 16 0 L
3 14 4 3 L
3 15 2 9 R
3 16 5 4 L
3 17 8 17 U
3 18 14 0 L
3 19 13 19 U
4 0 18 10 D
4 1 1 6 R
4 2 0 16 U
4 3 16 13 D
4 4 8 15 U
4 5 18 18 U
4 6 19 13 D
4 7 8 15 U
4 8 5 14 D
4 9 1 9 R
4 10 0 0 L
4 11 0 6 R
4 12 20 15 U
4 13 1 3 L
4 14 15 4 L
4 15 6 15 U
4 16 0 1 L
4 17 1 17 U
4 18 3 18 U
4 19 6 19 U
5 0 0 8 R
5 1 7 1 L
5 2 9 10 D
5 3 11 3 L
5 4 10 13 D
5 5 0 17 U
5 6 1 13 D
5 7 11 7 R
5 8 10 12 D
5 9 17 9 R
5 10 2 10 D
5 11 2 2 L
5 12 4 12 D
5 13 4 1 L
5 14 6 14 D
5 15 17 6 R
5 16 0 7 R
5 17 0 2 L
5 18 17 18 U
5 19 6 19 U
6 0 11 12 D
6 1 15 1 L
6 2 12 19 U
6 3 16 11 D
6 4 7 14 D
6 5 8 11 D
6 6 18 11 D
6 7 16 19 U
6 8 11 8 R
6 9 15 13 D
6 10 17 7 R
6 11 9 11 D
6 12 10 12 D
6 13 4 13 D
6 14 1 14 D
6 15 5 4 L
6 16 16 5 R
6 17 10 17 U
6 18 0 9 R
6 19 13 4 L
7 0 9 0 L
7 1 2 1 L
7 2 11 2 L
7 3 1 3 L
7 4 11 12 D
7 5 17 5 R
7 6 0 11 D
7 7 15 7 R
7 8 6 8 R
7 9 14 9 R
7 10 0 4 L
7 11 22 5 R
7 12 11 1 L
7 13 5 2 L
7 14 15 6 R
7 15 16 8 R
7 16 8 16 U
7 17 1 9 R
7 18 22 6 R
7 19 4 19 U
8 0 15 16 U
8 1 2 1 L
8 2 1 2 L
8 3 5 3 L
8 4 4 15 U
8 5 2 5 R
8 6 4 12 D
8 7 20 17 U
8 8 0 14 D
8 9 14 11 D
8 10 1 5 R
8 11 7 7 R
8 12 14 12 D
8 13 15 13 D
8 14 23 14 D
8 15 5 15 U
8 16 3 3 L
8 17 17 3 L
8 18 2 18 U
8 19 4 19 U
9 0 4 16 U
9 1 16 10 D
9 2 5 10 D
9 3 7 3 L
9 4 13 16 U
9 5 0 1 L
9 6 17 10 D
9 7 3 18 U
9 8 3 8 R
9 9 11 9 R
9 10 15 4 L
9 11 11 8 R
9 12 19 3 L
9 13 1 13 D
9 14 24 14 D
9 15 12 1 L
9 16 3 16 U
9 17 4 17 U
9 18 6 1 L
9 19 7 19 U
10 0 9 0 L
10 1 3 13 D
10 2 7 2 L
10 3 12 18 U
10 4 0 6 R
10 5 0 0 L
10 6 18 17 U
10 7 8 7 R
10 8 0 2 L
10 9 20 9 R
10 10 1 0 L
10 11 0 7 R
10 12 5 12 D
10 13 6 2 L
10 14 0 0 L
10 15 6 4 L
10 16 6 16 U
10 17 1 0 L
10 18 5 4 L
10 19 5 0 L
11 0 0 5 R
11 1 4 16 U
11 2 5 2 L
11 3 10 8 R
11 4 16 4 L
11 5 5 5 R
11 6 10 6 R
11 7 2 7 R
11 8 3 8 R
11 9 9 9 R
11 10 6 6 R
11 11 1 5 R
11 12 0 0 L
11 13 4 13 D
11 15 0 5 R
11 16 0 6 R
11 17 8 8 R
11 18 2 18 U
11 19 8 1 L
12 0 0 6 R
12 1 4 1 L
12 2 3 2 L
12 3 0 7 R
12 4 13 4 L
12 5 3 12 D
12 6 5 6 R
12 7 19 2 L
12 8 9 15 U
12 9 6 14 D
12 10 5 0 L
12 11 3 17 U
12 12 0 16 U
12 13 17 5 R
12 15 3 5 R
12 16 5 16 U
12 17 5 17 U
12 18 10 4 L
12 19 13 8 R
13 0 6 15 U
13 1 4 1 L
13 2 3 2 L
13 3 12 3 L
13 4 7 17 U
13 5 5 15 U
13 6 2 6 R
13 7 1 7 R
13 8 8 17 U
13 9 17 12 D
13 10 11 10 D
13 11 3 11 D
13 12 2 12 D
13 13 5 13 D
13 14 9 9 R
13 15 7 2 L
13 16 0 3 L
13 17 4 9 R
13 18 16 9 R
13 19 9 19 U
14 0 20 18 U
14 1 5 1 L
14 2 12 2 L
14 3 8 17 U
14 4 11 4 L
14 5 6 12 D
14 6 10 10 D
14 7 13 11 D
14 8 0 12 D
14 9 8 9 R
14 10 1 8 R
14 11 18 7 R
14 12 8 6 R
14 13 13 8 R
14 14 3 14 D
14 15 0 4 L
14 16 8 5 R
14 17 18 1 L
14 18 13 4 L
14 19 3 19 U
15 0 3 19 U
15 1 5 1 L
15 2 2 2 L
15 3 0 8 R
15 4 17 18 U
15 5 8 12 D
15 6 5 15 U
15 7 23 13 D
15 8 12 8 R
15 9 2 15 U
15 10 17 5 R
15 11 21 5 R
15 12 1 12 D
15 13 4 13 D
15 15 10 3 L
15 16 3 16 U
15 17 19 17 U
15 18 17 3 L
15 19 6 4 L
16 0 0 12 D
16 1 13 11 D
16 2 18 11 D
16 3 7 14 D
16 4 4 11 D
16 5 7 17 U
16 6 3 12 D
16 7 2 7 R
16 8 1 19 U
16 9 4 18 U
16 10 0 18 U
16 11 2 0 L
16 12 10 1 L
16 13 12 13 D
16 15 5 8 R
16 16 5 5 R
16 17 19 6 R
16 18 2 18 U
16 19 9 19 U
17 0 10 0 L
17 1 9 1 L
17 2 2 2 L
17 3 14 3 L
17 4 2 4 L
17 5 4 15 U
17 6 21 6 R
17 7 18 13 D
17 8 14 10 D
17 9 12 9 R
17 10 8 15 U
17 11 12 11 D
17 12 20 6 R
17 13 10 13 D
17 14 0 1 L
17 15 2 3 L
17 16 12 0 L
17 17 6 2 L
17 18 8 18 U
18 0 17 12 D
18 1 19 1 L
18 2 0 9 R
18 3 2 10 D
18 4 0 14 D
18 5 11 16 U
18 6 8 6 R
18 7 5 16 U
18 8 6 17 U
18 10 19 0 L
18 11 0 8 R
18 12 4 2 L
18 13 0 5 R
18 14 10 8 R
18 15 11 7 R
18 16 6 0 L
18 17 4 0 L
18 19 6 19 U
19 0 6 14 D
19 1 20 15 U
19 2 16 12 D
19 3 2 3 L
19 4 2 4 L
19 5 14 14 D
19 6 1 6 R
19 7 7 10 D
19 8 1 8 R
19 9 18 16 U
19 10 3 5 R
19 11 3 2 L
19 12 1 12 D
19 13 1 13 D
19 15 11 0 L
19 16 17 9 R
19 17 2 17 U
19 18 16 7 R
19 19 11 10 D
20 0 1 16 U
20 1 23 18 U
20 2 14 17 U
20 3 21 12 D
20 5 0 18 U
20 6 11 6 R
20 8 5 16 U
20 11 18 0 L
20 12 14 6 R
20 13 5 13 D
20 14 19 7 R
20 15 16 5 R
20 16 18 8 R
20 17 15 12 D
21 0 12 19 U
21 2 19 12 D
21 3 4 3 L
21 5 20 12 D
21 6 8 12 D
21 8 12 8 R
21 11 5 6 R
21 12 6 12 D
21 13 1 2 L
21 15 0 10 D
21 16 19 10 D
21 17 0 4 L
22 0 8 15 U
22 2 12 2 L
22 3 1 3 L
22 5 12 5 R
22 6 1 6 R
22 8 7 8 R
22 11 11 19 U
22 12 1 12 D
22 15 21 2 L
22 16 7 7 R
22 17 2 8 R
23 0 19 15 U
23 2 21 2 L
23 3 17 3 L
23 5 17 4 L
23 6 1 6 R
23 12 1 12 D
23 15 17 15 U
23 16 3 1 L
24 0 22 0 L
24 3 9 3 L
24 6 7 6 R
24 12 3 12 D
24 15 7 9 R
24 16 21 0 L
25 0 2 10 D
25 6 7 6 R
25 12 3 2 L
25 15 0 11 D
25 16 24 16 U

