20 17 278
16 2 13 2 0 9 2 9 0 0 3
0 0 13 6 2 0 15 12 0 17 0
0 10 3 0 18 15 3 17 0 0 6
0 0 12 14 0 11 0 0 4 8 0
0 0 14 0 0 18 12 5 0 13 19
4 1 19 0 0 0 4 7 0 18 14
0 0 15 0 13 12 0 0 0 0 7
17 0 14 0 0 7 0 0 1 0 10
8 19 0 16 8 14 10 2 0 9 0
2 1 0 0 0 2 0 7 1 1 16
12 4 4 0 0 0 0 0 0 0 7
0 0 0 0 L
0 1 0 1 L
0 2 0 2 L
0 3 0 3 L
0 4 0 4 R
0 5 0 5 R
0 6 0 6 R
0 7 0 7 R
0 8 0 8 D
0 9 0 9 D
0 10 0 10 D
0 11 0 11 D
0 12 0 12 U
0 13 0 13 U
0 14 0 14 U
0 15 0 15 U
0 16 0 16 U
1 0 7 11 D
1 1 15 9 D
1 2 13 2 L
1 3 7 3 L
1 4 10 4 R
1 5 15 5 R
1 6 0 12 U
1 7 2 7 R
1 8 0 4 R
1 9 6 5 R
1 10 16 10 D
1 12 0 0 L
1 13 0 1 L
1 14 0 3 L
1 15 0 10 D
2 0 0 13 U
2 1 0 4 R
2 2 17 8 D
2 3 11 12 U
2 4 16 13 U
2 5 16 10 D
2 6 0 2 L
2 7 5 11 D
2 8 8 13 U
2 9 9 1 L
2 10 9 10 D
2 11 15 7 R
2 12 1 12 U
2 13 7 13 U
2 14 6 5 R
2 15 1 0 L
2 16 8 16 U
3 0 5 14 U
3 1 17 1 L
3 2 7 11 D
3 3 11 7 R
3 4 8 15 U
3 5 7 9 D
3 6 11 6 R
3 7 0 14 U
3 8 2 8 D
3 9 2 9 D
3 10 8 10 D
3 11 8 11 D
3 12 5 3 L
3 13 7 6 R
3 14 2 14 U
3 15 2 2 L
3 16 12 16 U
4 0 3 0 L
4 1 15 8 D
4 2 0 12 U
4 3 0 6 R
4 4 15 14 U
4 5 2 15 U
4 6 3 16 U
4 7 0 11 D
4 8 7 8 D
4 9 6 4 R
4 10 12 10 D
4 11 2 2 L
4 12 0 4 R
4 13 18 4 R
4 14 14 2 L
4 16 5 2 L
5 0 10 7 R
5 1 10 1 L
5 2 1 2 L
5 3 3 5 R
5 4 13 9 D
5 5 3 16 U
5 6 2 8 D
5 7 1 7 R
5 8 8 0 L
5 9 10 9 D
5 10 4 10 D
5 12 1 9 D
5 13 4 0 L
5 14 17 6 R
5 16 14 1 L
6 0 1 12 U
6 1 16 12 U
6 2 16 14 U
6 3 8 12 U
6 4 0 14 U
6 5 4 15 U
6 6 13 6 R
6 7 11 7 R
6 8 9 5 R
6 9 4 7 R
6 10 7 6 R
6 11 0 6 R
6 12 10 1 L
6 13 1 13 U
6 14 3 14 U
6 15 3 15 U
7 0 11 0 L
7 1 11 13 U
7 2 13 10 D
7 3 4 14 U
7 4 13 0 L
7 5 0 9 D
7 6 2 6 R
7 7 8 12 U
7 8 6 3 L
7 9 8 9 D
7 10 3 10 D
7 12 3 12 U
7 13 10 3 L
7 14 3 14 U
8 0 4 8 D
8 1 5 4 R
8 2 0 5 R
8 3 0 12 U
8 4 7 13 U
8 5 10 5 R
8 6 5 13 U
8 7 7 14 U
8 8 13 5 R
8 9 0 3 L
8 10 6 0 L
8 11 2 11 D
8 12 10 4 R
8 13 3 13 U
8 14 0 5 R
8 15 9 15 U
8 16 17 16 U
9 0 6 13 U
9 1 18 5 R
9 2 10 7 R
9 3 12 9 D
9 4 0 12 U
9 5 6 8 D
9 6 8 14 U
9 7 12 3 L
9 8 14 6 R
9 9 3 9 D
9 10 3 2 L
9 12 14 0 L
9 13 11 8 D
9 14 10 1 L
9 15 14 10 D
9 16 7 1 L
10 0 0 8 D
10 1 1 1 L
10 2 13 2 L
10 3 2 3 L
10 4 5 8 D
10 5 17 9 D
10 7 6 7 R
10 8 12 0 L
10 9 4 2 L
10 11 17 3 L
10 12 0 5 R
10 13 5 13 U
10 14 16 3 L
10 15 16 15 U
11 0 6 0 L
11 1 0 9 D
11 2 4 2 L
11 3 6 3 L
11 5 3 5 R
11 6 13 6 R
11 7 1 7 R
11 8 0 5 R
11 9 10 9 D
11 10 18 4 R
11 12 7 6 R
11 13 9 3 L
11 14 13 1 L
12 0 1 0 L
12 1 2 12 U
12 2 10 10 D
12 3 8 13 U
12 5 0 0 L
12 7 4 7 R
12 8 0 12 U
12 9 0 0 L
12 10 0 1 L
12 12 9 6 R
12 13 3 10 D
12 14 4 14 U
12 15 7 15 U
12 16 5 16 U
13 0 0 10 D
13 1 0 11 D
13 2 1 2 L
13 3 1 3 L
13 4 9 1 L
13 5 7 2 L
13 6 10 9 D
13 7 6 7 R
13 8 10 0 L
13 9 16 4 R
13 11 9 0 L
13 12 4 5 R
13 13 5 2 L
13 14 7 10 D
14 0 8 6 R
14 1 17 6 R
14 2 1 9 D
14 4 9 10 D
14 5 1 9 D
14 7 10 7 R
14 8 13 2 L
14 10 13 3 L
14 11 1 0 L
14 12 13 12 U
14 13 8 9 D
14 14 19 14 U
15 0 0 12 U
15 1 5 14 U
15 2 11 13 U
15 3 0 13 U
15 4 7 15 U
15 5 0 8 D
15 6 5 6 R
15 7 8 13 U
15 8 17 1 L
15 10 4 3 L
15 12 8 4 R
15 13 0 8 D
15 14 3 7 R
16 0 17 12 U
16 1 3 15 U
16 5 7 5 R
16 6 14 6 R
16 7 10 11 D
16 8 4 12 U
16 9 9 9 D
16 10 4 10 D
16 11 12 11 D
16 12 17 6 R
16 13 14 8 D
16 14 0 11 D
17 0 1 10 D
17 1 11 4 R
17 2 7 13 U
17 4 5 12 U
17 5 9 14 U
17 6 16 0 L
17 8 12 4 R
17 9 15 1 L
17 10 3 10 D
17 12 16 7 R
17 13 1 2 L
17 15 11 2 L
18 0 16 0 L
18 1 1 13 U
18 2 16 4 R
18 5 0 10 D
18 8 7 6 R
18 10 8 10 D
18 12 10 6 R
18 13 1 1 L
18 14 3 14 U
19 0 3 5 R
19 4 2 8 D
19 10 0 5 R
19 12 4 12 U
19 13 18 13 U

