6 6 31
2 2 0 0 1 0 0 0 2 0
0 0 0 0 0 0 0 0 5 3
0 0 0 2 1 0 0 0 0 0
0 5 0 0 0 0 0 0 0 5
0 0 2 0 2 0 0 0 0 0
0 0 0 1 0 0 0 3 0 0
0 0 0 0 0 1 0 0 5 4
0 0 3 0 0 0 0 3 0 1
1 0 0 0 3 0 0 0 0 0
0 4 0 0 0 3 0 3 0 0
0 0 0 0 U
0 1 0 1 R
0 2 0 2 R
0 3 0 3 D
0 4 0 4 D
0 5 0 5 L
1 0 0 1 R
1 1 0 3 D
1 2 0 4 D
1 3 0 5 L
1 4 0 0 U
1 5 0 0 U
2 0 0 2 R
2 1 0 5 L
2 2 2 3 D
2 3 1 1 R
2 4 1 4 D
2 5 0 4 D
3 0 0 5 L
3 1 0 0 U
3 3 0 1 R
3 4 1 5 L
3 5 1 0 U
4 0 1 5 L
4 1 3 0 U
4 3 2 1 R
4 5 2 3 D
5 0 4 0 U
5 1 3 1 R
5 3 4 3 D
5 5 0 3 D

