22 25 462
3 14 18 0 15 0 3 15 17 19 18 0 13
13 0 0 13 0 14 0 8 17 0 15 20 0
10 1 0 15 0 0 0 15 3 10 0 17 19
17 0 0 0 0 0 10 19 11 19 16 16 16
0 0 0 0 0 18 9 0 0 20 0 0 0
0 14 0 0 3 12 0 20 2 0 0 0 0
0 0 0 3 20 18 0 0 13 0 0 0 0
0 20 8 0 21 0 0 0 5 0 0 0 0
7 13 6 9 0 14 15 16 9 0 0 0 0
9 17 0 0 0 0 1 19 0 0 0 0 20
0 16 8 13 0 0 1 0 0 0 0 0 4
14 0 13 0 0 0 0 4 7 19 0 0 0
9 10 0 0 0 0 0 0 0 20 16 12 6
0 0 0 0 U
0 1 0 1 U
0 2 0 2 U
0 3 0 3 U
0 4 0 4 U
0 5 0 5 U
0 6 0 6 R
0 7 0 7 R
0 8 0 8 R
0 9 0 9 R
0 10 0 10 R
0 11 0 11 R
0 12 0 12 R
0 13 0 13 D
0 14 0 14 D
0 15 0 15 D
0 16 0 16 D
0 17 0 17 D
0 18 0 18 D
0 19 0 19 L
0 20 0 20 L
0 21 0 21 L
0 22 0 22 L
0 23 0 23 L
0 24 0 24 L
1 0 13 21 L
1 1 11 1 U
1 2 5 2 U
1 3 7 3 U
1 4 3 4 U
1 5 13 11 R
1 6 2 0 U
1 7 5 15 D
1 8 3 8 R
1 9 15 9 R
1 10 15 4 U
1 11 9 11 R
1 12 9 12 R
1 13 5 24 L
1 14 0 5 U
1 15 16 21 L
1 16 8 20 L
1 17 2 17 D
1 18 12 19 L
1 19 0 16 D
1 20 14 17 D
1 21 6 21 L
1 22 3 18 D
1 23 3 3 U
1 24 7 24 L
2 0 3 20 L
2 1 5 1 U
2 2 8 2 U
2 3 8 24 L
2 4 8 23 L
2 5 0 18 D
2 6 0 16 D
2 7 4 7 R
2 8 16 21 L
2 9 1 18 D
2 10 3 16 D
2 11 18 13 D
2 12 10 15 D
2 13 9 20 L
2 14 1 20 L
2 15 1 23 L
2 16 12 16 D
2 17 6 20 L
2 18 4 18 D
2 19 1 14 D
2 20 10 14 D
2 21 1 18 D
2 22 7 15 D
2 23 6 23 L
2 24 16 16 D
3 0 0 14 D
3 1 8 15 D
3 2 0 7 R
3 3 2 3 U
3 4 0 13 D
3 5 14 21 L
3 6 16 6 R
3 7 9 2 U
3 8 7 4 U
3 9 1 3 U
3 10 15 0 U
3 11 11 18 D
3 12 4 12 R
3 13 0 6 R
3 14 0 19 L
3 15 0 9 R
3 16 0 0 U
3 17 0 24 L
3 18 17 22 L
3 19 0 7 R
3 20 12 4 U
3 21 0 6 R
3 22 13 22 L
3 23 1 17 D
3 24 2 24 L
4 0 11 6 R
4 1 2 22 L
4 2 7 9 R
4 3 0 23 L
4 4 13 10 R
4 5 1 5 U
4 6 0 17 D
4 7 10 7 R
4 8 1 8 R
4 9 1 0 U
4 10 3 4 U
4 11 8 16 D
4 13 13 2 U
4 14 3 23 L
4 15 15 6 R
4 16 3 9 R
4 17 11 17 D
4 18 7 18 D
4 19 6 0 U
4 20 9 20 L
4 21 6 21 L
4 22 15 22 L
4 23 1 23 L
4 24 1 24 L
5 0 9 6 R
5 1 0 20 L
5 2 2 2 U
5 3 0 6 R
5 4 3 7 R
5 5 12 23 L
5 6 0 0 U
5 7 0 15 D
5 8 1 2 U
5 9 1 4 U
5 10 7 16 D
5 11 9 3 U
5 12 9 4 U
5 13 2 20 L
5 14 11 19 L
5 15 4 15 D
5 16 17 16 D
5 17 6 3 U
5 18 3 22 L
5 19 0 0 U
5 20 0 14 D
5 21 14 15 D
5 22 10 17 D
5 23 1 23 L
5 24 17 13 D
6 0 5 7 R
6 1 12 10 R
6 2 13 15 D
6 3 5 3 U
6 4 17 19 L
6 5 10 5 U
6 6 0 2 U
6 7 11 3 U
6 8 16 8 R
6 9 4 9 R
6 10 14 10 R
6 11 1 11 R
6 12 9 12 R
6 13 0 8 R
6 14 17 14 D
6 15 4 15 D
6 16 13 0 U
6 17 0 20 L
6 18 1 8 R
6 19 5 6 R
6 20 0 2 U
6 21 3 17 D
6 22 16 4 U
6 23 1 23 L
6 24 13 4 U
7 0 12 8 R
7 1 15 24 L
7 2 2 2 U
7 3 0 15 D
7 4 9 21 L
7 5 2 5 U
7 6 3 2 U
7 7 12 14 D
7 8 8 3 U
7 9 2 9 R
7 10 3 10 R
7 11 5 1 U
7 13 9 8 R
7 14 9 7 R
7 15 12 11 R
7 16 2 16 D
7 17 1 22 L
7 18 6 5 U
7 19 10 19 L
7 20 17 3 U
7 21 1 21 L
7 22 0 18 D
7 23 4 4 U
7 24 10 18 D
8 0 3 24 L
8 1 13 6 R
8 2 16 2 U
8 3 14 9 R
8 4 2 24 L
8 5 4 5 U
8 6 9 1 U
8 7 9 1 U
8 8 1 5 U
8 9 6 16 D
8 10 5 10 R
8 11 18 11 R
8 12 5 15 D
8 13 5 6 R
8 14 1 19 L
8 15 3 20 L
8 16 3 16 D
8 17 11 20 L
8 18 13 18 D
8 19 1 12 R
8 20 11 14 D
8 21 12 0 U
8 22 5 18 D
8 23 14 23 L
8 24 4 14 D
9 0 13 19 L
9 1 5 21 L
9 2 1 2 U
9 3 17 3 U
9 4 12 8 R
9 5 0 22 L
9 6 0 19 L
9 7 7 5 U
9 8 8 8 R
9 9 0 17 D
9 10 8 10 R
9 11 3 11 R
9 12 3 12 R
9 13 10 19 L
9 14 8 14 D
9 15 7 24 L
9 16 5 1 U
9 17 6 5 U
9 18 2 11 R
9 19 14 5 U
9 20 17 18 D
9 21 14 1 U
9 22 6 13 D
9 23 1 23 L
9 24 10 24 L
10 0 0 19 L
10 1 0 22 L
10 2 2 12 R
10 3 9 19 L
10 4 6 8 R
10 5 11 7 R
10 6 13 0 U
10 7 2 7 R
10 8 7 8 R
10 9 7 13 D
10 10 4 10 R
10 11 16 14 D
10 13 4 23 L
10 14 12 6 R
10 15 2 9 R
10 16 14 6 R
10 17 8 4 U
10 18 16 18 D
10 19 2 13 D
10 20 8 15 D
10 21 11 2 U
10 22 1 15 D
10 23 2 1 U
10 24 7 3 U
11 0 5 12 R
11 1 2 19 L
11 2 2 2 U
11 3 12 14 D
11 4 4 22 L
11 5 4 5 U
11 6 5 0 U
11 7 16 2 U
11 8 16 20 L
11 9 7 2 U
11 11 14 21 L
11 13 2 19 L
11 14 3 22 L
11 15 8 15 D
11 16 0 4 U
11 17 2 17 D
11 18 8 20 L
11 19 3 13 D
11 20 4 13 D
11 21 2 14 D
11 22 13 16 D
11 23 0 9 R
11 24 7 24 L
12 0 0 21 L
12 1 0 8 R
12 2 10 19 L
12 3 3 3 U
12 4 13 4 U
12 5 8 5 U
12 6 14 15 D
12 7 10 3 U
12 8 8 17 D
12 9 3 4 U
12 11 1 14 D
12 13 5 11 R
12 14 18 23 L
12 15 9 12 R
12 16 5 23 L
12 17 15 23 L
12 18 7 1 U
12 19 0 13 D
12 20 9 16 D
12 21 15 13 D
12 22 17 10 R
12 23 6 0 U
12 24 2 24 L
13 0 0 13 D
13 1 8 12 R
13 2 17 16 D
13 3 1 10 R
13 4 18 17 D
13 5 19 6 R
13 6 2 13 D
13 7 0 20 L
13 8 1 14 D
13 9 0 1 U
13 10 3 10 R
13 11 1 11 R
13 13 7 7 R
13 14 5 14 D
13 15 0 1 U
13 16 14 22 L
13 17 14 10 R
13 18 0 3 U
13 19 11 6 R
13 20 3 13 D
13 21 14 8 R
13 22 9 22 L
13 23 1 23 L
13 24 10 24 L
14 0 13 13 D
14 1 5 16 D
14 2 3 6 R
14 3 8 16 D
14 4 4 4 U
14 5 2 8 R
14 6 13 4 U
14 7 17 7 R
14 8 17 14 D
14 9 0 3 U
14 11 6 11 R
14 12 8 16 D
14 13 5 1 U
14 14 18 0 U
14 15 15 8 R
14 16 0 11 R
14 17 10 9 R
14 18 6 11 R
14 19 6 13 D
14 21 6 21 L
14 22 18 5 U
14 23 8 23 L
14 24 0 15 D
15 0 7 18 D
15 1 5 19 L
15 2 2 2 U
15 3 11 8 R
15 4 11 4 U
15 5 0 17 D
15 6 19 13 D
15 7 10 17 D
15 8 1 13 D
15 9 7 9 R
15 10 4 18 D
15 11 6 11 R
15 13 5 19 L
15 14 5 0 U
15 15 0 23 L
15 16 1 22 L
15 17 6 21 L
15 18 7 18 D
15 19 4 8 R
15 20 10 0 U
15 21 6 11 R
15 22 1 1 U
15 23 7 2 U
15 24 10 24 L
16 0 4 21 L
16 1 17 8 R
16 2 1 2 U
16 3 10 23 L
16 4 4 4 U
16 5 18 23 L
16 6 2 1 U
16 7 11 17 D
16 8 15 1 U
16 9 11 9 R
16 11 13 5 U
16 13 14 0 U
16 14 8 24 L
16 15 2 19 L
16 16 9 7 R
16 17 0 10 R
16 19 13 7 R
16 20 6 1 U
16 21 15 21 L
16 22 0 1 U
16 23 6 23 L
16 24 13 0 U
17 0 3 6 R
17 1 4 10 R
17 2 5 7 R
17 3 1 9 R
17 4 6 15 D
17 5 18 19 L
17 6 4 6 R
17 7 6 13 D
17 8 15 15 D
17 9 16 15 D
17 11 7 11 R
17 13 16 0 U
17 14 16 20 L
17 16 9 5 U
17 19 13 17 D
17 20 12 14 D
17 21 1 13 D
17 22 0 16 D
17 23 18 1 U
17 24 10 7 R
18 0 2 0 U
18 1 16 18 D
18 5 4 5 U
18 6 16 18 D
18 7 9 19 L
18 9 0 18 D
18 14 17 0 U
18 16 6 8 R
18 18 14 9 R
18 19 17 18 D
18 21 14 5 U
18 22 8 9 R
18 23 17 23 L
19 0 7 22 L
19 1 8 7 R
19 5 4 5 U
19 6 12 5 U
19 7 2 7 R
19 8 18 24 L
19 9 9 24 L
19 14 4 1 U
19 21 8 14 D
19 23 5 16 D
20 0 11 0 U
20 1 7 15 D
20 6 19 22 L
20 7 10 22 L
20 9 0 14 D
20 14 1 14 D
20 23 19 17 D
21 23 2 23 L

