16 13 169
0 0 0 0 0 1 1 13 0 5 0 0 0 0 0 0
0 0 0 0 0 0 0 13 0 11 13 0 0 0 13 0
0 0 0 0 0 0 0 0 0 0 0 7 5 0 0 0
0 0 0 0 0 11 0 0 0 0 0 0 10 0 4 0
0 0 0 0 0 0 0 0 0 0 0 0 0 0 0 0
0 0 0 0 0 0 0 0 0 0 0 11 0 0 0 15
0 2 2 11 0 12 0 0 0 0 0 0 0 0 0 0
0 1 9 0 0 0 11 0 0 13 0 0 0 0 0 0
0 0 0 0 0 0 0 0 0 0 0 12 0 0 0 3
0 0 0 0 0 0 0 0 0 0 0 12 0 0 0 14
0 0 0 0 0 7 0 8 13 0 0 0 0 0 8 7
14 0 0 10 11 0 0 0 0 0 0 0 0 0 0 0
0 0 0 0 0 4 1 0 0 14 0 0 0 7 0 0
0 14 0 9 0 0 9 3 5 15 0 0 0 0 0 0
0 0 0 0 0 0 0 0 10 0 0 0 8 0 0 0
0 0 4 0 0 0 0 13 0 13 14 12 6 10 10 4
0 0 0 0 D
0 1 0 1 D
0 2 0 2 D
0 3 0 3 R
0 4 0 4 R
0 5 0 5 R
0 6 0 6 U
0 7 0 7 U
0 8 0 8 U
0 9 0 9 U
0 10 0 10 L
0 11 0 11 L
0 12 0 12 L
1 0 5 0 D
1 1 3 5 R
1 2 2 4 R
1 3 2 0 D
1 4 0 0 D
1 5 4 1 D
1 6 0 10 L
1 7 7 11 L
1 8 9 3 R
1 9 8 9 U
1 10 9 1 D
1 11 6 7 U
1 12 10 12 L
2 0 7 4 R
2 1 0 3 R
2 2 7 11 L
2 3 4 3 R
2 4 4 4 R
2 5 3 5 R
2 6 5 10 L
2 7 0 5 R
2 8 3 8 U
2 10 4 6 U
2 11 1 1 D
3 0 1 5 R
3 1 2 1 D
3 2 6 2 D
3 3 5 7 U
3 4 9 0 D
3 5 5 6 U
3 6 2 5 R
3 7 6 7 U
3 8 5 8 U
3 10 1 7 U
3 11 0 7 U
3 12 5 1 D
4 0 0 4 R
4 1 0 7 U
4 2 1 2 D
4 3 7 3 R
4 4 7 4 R
4 5 9 8 U
4 6 2 11 L
4 7 3 7 U
4 8 1 12 L
4 10 0 6 U
4 11 2 6 U
4 12 8 7 U
5 0 11 3 R
5 1 6 11 L
5 2 1 2 D
5 3 0 10 L
5 4 1 2 D
5 5 0 8 U
5 6 1 6 U
5 7 0 4 R
5 8 4 11 L
5 10 0 2 D
5 11 7 11 L
6 0 0 10 L
6 1 0 11 L
6 2 5 2 D
6 3 0 12 L
6 4 10 4 R
6 5 0 2 D
6 6 4 11 L
6 7 5 0 D
6 8 0 1 D
6 9 12 10 L
6 10 7 8 U
6 11 4 7 U
7 0 4 3 R
7 1 6 5 R
7 2 8 5 R
7 3 8 1 D
7 4 6 8 U
7 5 6 0 D
7 6 1 6 U
7 7 0 2 D
7 8 9 4 R
7 10 2 7 U
7 11 4 11 L
7 12 9 8 U
8 0 2 3 R
8 1 7 10 L
8 2 4 4 R
8 3 3 2 D
8 4 5 4 R
8 5 10 5 R
8 6 0 0 D
8 7 0 11 L
8 8 1 2 D
8 10 9 6 U
8 11 9 1 D
8 12 1 9 U
9 0 4 4 R
9 1 6 10 L
9 2 0 12 L
9 3 0 6 U
9 4 7 4 R
9 5 7 5 R
9 6 2 4 R
9 7 11 7 U
9 8 3 8 U
9 10 0 1 D
9 11 0 0 D
9 12 0 8 U
10 0 3 10 L
10 1 4 12 L
10 2 0 6 U
10 3 2 8 U
10 4 11 11 L
10 5 7 0 D
10 6 9 5 R
10 7 13 5 R
10 8 11 12 L
10 10 2 10 L
10 11 11 11 L
10 12 8 12 L
11 0 5 0 D
11 1 12 12 L
11 2 10 2 D
11 3 9 7 U
11 4 6 6 U
11 5 0 11 L
11 6 2 10 L
11 7 4 10 L
11 8 12 3 R
11 10 8 2 D
11 11 10 0 D
12 0 1 0 D
12 1 4 1 D
12 2 7 4 R
12 3 10 0 D
12 4 11 6 U
12 5 10 8 U
12 6 8 3 R
12 7 10 12 L
12 8 3 8 U
12 10 1 1 D
13 1 12 1 D
13 2 12 5 R
13 3 6 10 L
13 4 7 11 L
13 5 6 5 R
13 6 9 0 D
13 7 11 3 R
13 8 7 1 D
13 10 2 3 R
14 1 4 3 R
14 3 5 11 L
14 5 10 6 U
14 8 13 8 U
14 10 0 3 R
15 3 13 10 L
15 8 12 8 U

