22 19 332
0 12 6 18 19 21 18 0 0 0 9 0 19 0 10 0 12 2 0 16
0 0 0 15 0 17 0 0 17 0 3 0 0 0 0 21 0 11 6 17
7 0 1 19 0 0 0 4 9 10 0 0 0 0 0 0 0 0 0 0
3 0 2 0 0 0 0 13 0 5 0 4 0 0 0 18 0 3 0 0
4 11 0 0 0 0 0 0 0 0 0 9 1 11 9 0 11 0 7 15
0 0 0 20 0 1 0 10 0 0 0 4 20 0 13 18 0 0 10 14
0 0 0 15 0 0 20 0 0 5 0 10 0 16 10 0 12 2 0 0
0 0 0 0 0 10 0 0 0 9 12 11 0 0 0 0 1 0 18 0
0 0 0 0 0 15 0 0 0 11 0 20 0 0 0 0 5 0 9 0
0 2 1 14 0 0 0 21 18 0 0 0 0 0 1 0 0 0 0 0
0 0 0 0 0 0 0 0 0 0 1 0 0 0 0 0 1 5 13 0
0 0 0 0 0 0 20 0 0 17 0 0 0 0 0 0 0 0 0 0
0 0 0 0 0 0 0 0 0 0 0 0 0 0 0 0 0 0 0 0
0 0 0 20 0 11 0 0 0 0 0 0 0 0 0 0 0 0 0 0
1 15 0 0 0 0 0 0 0 0 3 0 0 0 0 0 0 0 11 0
0 0 0 0 19 2 0 0 0 0 0 0 0 0 0 0 0 0 0 0
0 0 0 12 0 0 0 0 15 16 7 0 0 18 0 13 16 0 0 0
0 0 0 1 3 15 19 1 15 17 0 18 0 2 0 0 3 9 6 0
0 0 0 0 0 0 21 0 0 0 0 0 20 0 0 11 6 0 0 0
0 1 14 8 0 2 0 18 0 15 0 0 0 0 0 11 15 0 0 15
0 0 0 0 D
0 1 0 1 D
0 2 0 2 D
0 3 0 3 D
0 4 0 4 D
0 5 0 5 D
0 6 0 6 R
0 7 0 7 R
0 8 0 8 R
0 9 0 9 R
0 10 0 10 U
0 11 0 11 U
0 12 0 12 U
0 13 0 13 U
0 14 0 14 L
0 15 0 15 L
0 16 0 16 L
0 17 0 17 L
0 18 0 18 L
1 0 0 6 R
1 1 2 1 D
1 2 6 2 D
1 3 10 17 L
1 4 0 10 U
1 5 15 5 D
1 6 0 1 D
1 7 0 4 D
1 8 11 1 D
1 9 12 9 R
1 10 5 16 L
1 11 8 11 U
1 12 0 15 L
1 13 4 13 U
1 14 6 0 D
1 15 12 2 D
1 16 3 7 R
1 17 10 17 L
2 0 6 8 R
2 1 0 14 L
2 2 3 2 D
2 3 8 11 U
2 4 9 7 R
2 5 1 5 D
2 6 0 10 U
2 7 0 0 D
2 8 4 13 U
2 9 14 0 D
2 10 3 10 U
2 11 1 11 U
2 12 0 8 R
2 13 1 13 U
2 14 0 3 D
2 15 0 1 D
2 16 5 10 U
2 17 1 13 U
2 18 4 18 L
3 0 10 9 R
3 1 7 6 R
3 2 2 2 D
3 4 9 4 D
3 5 2 5 D
3 6 5 3 D
3 7 2 7 R
3 8 2 11 U
3 9 0 16 L
3 10 0 4 D
3 11 6 16 L
3 12 7 12 U
3 13 0 0 D
3 14 0 0 D
3 15 13 15 L
3 16 0 12 U
3 17 11 17 L
4 0 7 0 D
4 1 7 15 L
4 2 0 16 L
4 3 8 14 L
4 4 10 4 D
4 5 2 9 R
4 6 0 2 D
4 7 16 10 U
4 8 6 0 D
4 9 5 13 U
4 10 0 6 R
4 11 0 17 L
4 12 8 12 U
4 13 1 13 U
4 14 1 13 U
4 15 7 1 D
4 16 13 0 D
4 17 8 17 L
5 0 6 17 L
5 1 8 15 L
5 2 0 17 L
5 3 2 16 L
5 4 0 6 R
5 5 10 6 R
5 6 0 5 D
5 7 3 7 R
5 8 8 5 D
5 9 12 9 R
5 10 4 7 R
5 11 0 7 R
5 12 1 12 U
5 13 0 2 D
5 14 11 14 L
5 15 11 15 L
5 16 7 2 D
5 17 2 17 L
5 18 6 18 L
6 0 0 8 R
6 1 4 1 D
6 2 0 11 U
6 3 4 15 L
6 4 0 15 L
6 5 2 17 L
6 6 5 12 U
6 7 15 4 D
6 8 3 14 L
6 9 5 10 U
6 10 17 10 U
6 11 0 14 L
6 12 7 12 U
6 13 5 6 R
6 14 10 14 L
6 15 10 4 D
6 16 14 1 D
6 17 10 17 L
7 0 14 10 U
7 1 15 8 R
7 2 1 2 D
7 3 5 3 D
7 5 8 5 D
7 6 2 11 U
7 7 5 12 U
7 8 15 12 U
7 9 3 3 D
7 10 9 14 L
7 11 10 6 R
7 12 17 9 R
7 13 1 13 U
7 14 0 6 R
7 15 8 12 U
7 16 15 16 L
7 17 17 4 D
8 0 0 11 U
8 1 14 7 R
8 2 4 2 D
8 4 4 6 R
8 5 3 5 D
8 6 0 12 U
8 7 5 7 R
8 8 5 8 R
8 9 17 13 U
8 10 13 8 R
8 11 10 7 R
8 12 0 16 L
8 13 2 7 R
8 14 0 11 U
8 15 12 12 U
8 16 2 11 U
8 17 5 17 L
8 18 1 12 U
9 0 15 14 L
9 1 0 7 R
9 2 5 18 L
9 3 7 8 R
9 5 10 5 D
9 6 1 0 D
9 7 11 5 D
9 8 14 8 R
9 9 0 14 L
9 10 11 17 L
9 11 8 11 U
9 12 5 14 L
9 13 0 1 D
9 14 1 14 L
9 15 1 10 U
9 16 0 4 D
9 17 3 11 U
10 0 1 15 L
10 1 7 7 R
10 2 7 2 D
10 3 0 11 U
10 4 4 4 D
10 5 12 8 R
10 6 4 6 R
10 7 14 7 R
10 8 3 8 R
10 9 14 3 D
10 10 0 9 R
10 11 9 17 L
10 12 4 14 L
10 13 6 13 U
10 14 2 1 D
10 15 8 13 U
10 16 8 6 R
10 17 5 0 D
11 0 16 14 L
11 1 4 13 U
11 2 13 11 U
11 5 12 17 L
11 6 5 1 D
11 7 5 13 U
11 8 13 8 R
11 9 5 9 R
11 10 1 14 L
11 11 9 11 U
11 12 4 15 L
11 13 10 15 L
11 14 0 13 U
11 15 13 15 L
11 16 13 12 U
11 17 13 17 L
12 0 0 13 U
12 1 6 9 R
12 2 3 9 R
12 5 5 6 R
12 6 11 0 D
12 7 8 7 R
12 8 16 0 D
12 9 5 9 R
12 10 9 9 R
12 11 4 9 R
12 12 8 7 R
12 13 16 8 R
12 14 0 2 D
12 15 0 2 D
12 16 10 3 D
12 17 10 10 U
13 0 1 7 R
13 1 11 1 D
13 2 4 16 L
13 5 16 5 D
13 6 6 10 U
13 7 11 13 U
13 8 18 8 R
13 9 10 9 R
13 10 12 9 R
13 11 7 8 R
13 12 1 9 R
13 13 0 6 R
13 14 1 1 D
13 15 1 4 D
13 16 2 16 L
13 17 3 17 L
14 0 12 7 R
14 1 4 14 L
14 2 6 12 U
14 3 2 13 U
14 6 3 6 R
14 7 10 2 D
14 8 11 12 U
14 9 7 9 R
14 10 7 15 L
14 11 3 16 L
14 12 0 3 D
14 13 2 13 U
14 14 12 12 U
14 15 17 15 L
14 16 9 16 L
14 17 8 17 L
15 0 16 11 U
15 1 0 9 R
15 2 1 16 L
15 3 11 3 D
15 5 14 14 L
15 6 0 11 U
15 7 11 10 U
15 8 1 8 R
15 9 0 17 L
15 10 3 1 D
15 11 2 11 U
15 12 13 12 U
15 13 3 13 U
15 14 5 11 U
15 15 13 0 D
15 16 16 13 U
15 17 11 17 L
16 0 7 13 U
16 1 3 1 D
16 2 10 17 L
16 5 11 13 U
16 6 7 11 U
16 9 0 13 U
16 10 0 15 L
16 11 2 14 L
16 12 0 5 D
16 13 3 16 L
16 14 15 0 D
16 16 2 16 L
16 17 18 2 D
17 0 14 6 R
17 1 1 1 D
17 2 16 16 L
17 6 9 1 D
17 7 1 0 D
17 9 14 5 D
17 10 6 7 R
17 11 3 9 R
17 12 7 12 U
17 13 3 13 U
17 14 0 5 D
17 16 11 1 D
17 17 13 17 L
18 0 6 16 L
18 1 3 1 D
18 2 12 2 D
18 6 12 2 D
18 10 8 16 L
18 11 13 8 R
18 12 13 6 R
18 13 6 13 U
18 14 3 14 L
18 16 17 16 L
18 17 11 11 U
19 2 6 2 D
19 6 18 6 R
19 10 6 10 U
19 11 5 7 R
19 12 8 12 U
19 14 0 10 U
20 2 19 2 D
20 6 3 11 U
20 10 3 9 R
20 11 1 11 U
20 12 2 12 U
20 14 15 13 U
21 2 9 6 R
21 6 3 6 R
21 11 13 14 L
21 14 2 2 D

