21 8 160
18 1 19 14 17 7 13 10 0 9
0 6 11 20 19 0 14 0 6 13
16 19 0 0 0 6 0 18 0 0
20 0 9 0 18 18 4 0 20 2
0 5 12 18 0 12 0 4 0 5
0 5 14 18 0 10 6 3 19 16
20 0 10 0 0 16 0 0 14 0
18 10 12 0 0 7 0 2 15 19
5 1 0 0 14 0 18 16 0 17
17 8 0 4 17 14 0 0 16 1
0 0 0 0 U
0 1 0 1 U
0 2 0 2 R
0 3 0 3 R
0 4 0 4 D
0 5 0 5 D
0 6 0 6 L
0 7 0 7 L
1 0 0 6 L
1 1 2 5 D
1 2 0 7 L
1 3 0 4 D
1 4 0 0 U
1 5 4 5 D
1 6 0 4 D
1 7 8 7 L
2 0 0 3 R
2 1 6 3 R
2 2 1 5 D
2 3 1 3 R
2 4 10 4 D
2 5 12 6 L
2 6 6 4 D
2 7 14 4 D
3 0 1 6 L
3 1 2 3 R
3 2 12 5 D
3 3 4 7 L
3 4 0 2 R
3 5 1 5 D
3 6 1 4 D
3 7 0 0 U
4 0 18 2 R
4 1 9 1 U
4 2 0 6 L
4 3 5 0 U
4 4 8 6 L
4 5 12 7 L
4 6 0 2 R
4 7 14 3 R
5 0 10 7 L
5 1 11 1 U
5 2 2 2 R
5 3 15 1 U
5 4 0 6 L
5 5 7 5 D
5 6 2 0 U
5 7 1 7 L
6 0 1 0 U
6 1 3 1 U
6 2 5 4 D
6 3 8 3 R
6 4 12 2 R
6 5 0 3 R
6 6 5 2 R
6 7 12 1 U
7 0 4 0 U
7 1 8 6 L
7 2 4 1 U
7 3 5 6 L
7 4 13 3 R
7 5 3 5 D
7 6 8 6 L
7 7 6 5 D
8 0 16 3 R
8 1 16 7 L
8 2 2 2 R
8 3 5 3 R
8 4 3 2 R
8 5 11 0 U
8 6 1 6 L
8 7 7 7 L
9 0 3 6 L
9 1 3 3 R
9 2 5 0 U
9 3 3 1 U
9 4 13 0 U
9 5 16 3 R
9 6 15 0 U
9 7 0 1 U
10 0 9 6 L
10 1 3 1 U
10 2 1 2 R
10 3 2 5 D
10 4 17 7 L
10 5 5 5 D
10 6 6 6 L
10 7 0 3 R
11 0 5 2 R
11 1 7 1 U
11 2 1 2 R
11 3 8 7 L
11 4 10 2 R
11 5 13 2 R
11 6 17 1 U
11 7 1 1 U
12 0 1 0 U
12 1 0 3 R
12 2 0 0 U
12 3 0 5 D
12 4 14 6 L
12 5 0 7 L
12 6 6 1 U
12 7 14 7 L
13 0 0 7 L
13 1 1 1 U
13 2 12 4 D
13 3 1 5 D
13 4 15 4 D
13 5 8 6 L
13 6 0 1 U
13 7 8 4 D
14 0 0 2 R
14 1 3 6 L
14 2 11 2 R
14 3 1 3 R
14 4 6 2 R
14 5 2 1 U
14 6 6 5 D
14 7 1 7 L
15 0 1 0 U
15 1 1 1 U
15 2 3 0 U
15 3 9 5 D
15 4 2 3 R
15 5 1 5 D
15 6 0 5 D
15 7 1 7 L
16 0 13 0 U
16 1 8 3 R
16 2 6 2 R
16 3 3 3 R
16 4 9 2 R
16 5 7 5 D
16 6 2 6 L
16 7 2 4 D
17 0 1 5 D
17 1 0 5 D
17 2 12 2 R
17 3 4 0 U
17 4 6 6 L
17 5 3 6 L
17 6 2 4 D
17 7 13 1 U
18 0 9 4 D
18 1 10 1 U
18 2 8 6 L
18 3 3 5 D
18 4 17 6 L
18 5 13 5 D
18 6 1 3 R
19 0 12 0 U
19 1 1 4 D
19 2 4 2 R
19 3 15 3 R
19 4 0 7 L
20 0 4 2 R
20 1 4 1 U
20 2 14 5 D
20 4 8 4 D

