44 65 2261
16 21 26 7 22 23 9 39 0 0 0 0 0 0 0 0 0 0 0 31
29 34 29 5 14 5 31 0 38 34 29 36 5 25 19 3 0 0 0 28
22 0 26 18 15 13 34 0 0 33 32 7 8 28 15 31 13 8 29 10
0 0 3 2 15 18 3 8 11 32 40 37 36 9 5 26 11 33 39 21
31 7 9 36 28 30 32 0 0 0 40 34 34 0 5 33 13 5 9 0
35 30 0 32 0 0 0 0 0 9 7 26 14 0 5 5 39 0 38 37
25 0 7 13 38 39 31 16 20 0 10 31 7 38 8 4 0 4 0 26
35 32 40 24 0 37 32 0 0 43 38 38 0 37 0 0 38 13 5 26
36 2 0 26 41 0 40 3 1 10 30 12 17 41 12 2 40 16 3 17
37 32 34 0 15 35 39 34 16 33 4 31 25 38 0 0 0 42 33 32
36 3 0 35 0 0 18 30 42 41 40 9 17 0 11 29 30 27 39 31
0 0 0 23 39 0 0 0 0 29 31 30 0 0 6 33 32 25 7 32
11 26 0 35 0 0 36 38 39 38 0 35 36 0 0 26 32 24 20 34
5 3 30 9 30 20 0 0 0 0 0 0 28 23 0 21 22 23 24 35
0 0 0 0 36 42 42 0 30 30 0 34 15 7 6 24 41 22 22 39
33 33 6 41 27 0 18 13 15 0 0 24 25 9 36 36 37 31 23 36
8 32 21 1 13 0 18 0 2 1 18 18 39 31 9 32 26 13 11 33
26 5 28 0 30 37 0 27 2 13 30 29 17 27 25 26 14 21 0 24
35 13 6 22 0 7 30 12 29 11 29 0 0 31 21 34 30 29 33 12
21 31 27 19 29 41 26 32 34 33 35 34 24 33 1 32 18 31 14 10
0 0 0 0 L
0 1 0 1 L
0 2 0 2 L
0 3 0 3 L
0 4 0 4 L
0 5 0 5 L
0 6 0 6 L
0 7 0 7 L
0 8 0 8 L
0 9 0 9 L
0 10 0 10 L
0 11 0 11 L
0 12 0 12 L
0 13 0 13 L
0 14 0 14 L
0 15 0 15 L
0 16 0 16 L
0 17 0 17 L
0 18 0 18 R
0 19 0 19 R
0 20 0 20 R
0 21 0 21 R
0 22 0 22 R
0 23 0 23 R
0 24 0 24 R
0 25 0 25 R
0 26 0 26 R
0 27 0 27 R
0 28 0 28 R
0 29 0 29 R
0 30 0 30 R
0 31 0 31 R
0 32 0 32 R
0 33 0 33 R
0 34 0 34 R
0 35 0 35 R
0 36 0 36 D
0 37 0 37 D
0 38 0 38 D
0 39 0 39 D
0 40 0 40 D
0 41 0 41 D
0 42 0 42 D
0 43 0 43 D
0 44 0 44 D
0 45 0 45 D
0 46 0 46 D
0 47 0 47 D
0 48 0 48 D
0 49 0 49 D
0 50 0 50 D
0 51 0 51 U
0 52 0 52 U
0 53 0 53 U
0 54 0 54 U
0 55 0 55 U
0 56 0 56 U
0 57 0 57 U
0 58 0 58 U
0 59 0 59 U
0 60 0 60 U
0 61 0 61 U
0 62 0 62 U
0 63 0 63 U
0 64 0 64 U
1 0 2 45 D
1 1 2 54 U
1 2 27 40 D
1 3 0 56 U
1 4 3 4 L
1 5 9 57 U
1 6 7 6 L
1 7 5 7 L
1 8 8 48 D
1 9 8 61 U
1 10 4 10 L
1 11 7 11 L
1 12 4 12 L
1 13 9 13 L
1 14 23 14 L
1 17 3 49 D
1 18 12 53 U
1 19 11 53 U
1 20 34 40 D
1 21 0 57 U
1 22 3 63 U
1 23 15 23 R
1 24 8 52 U
1 25 18 51 U
1 26 3 26 R
1 27 15 27 R
1 28 18 59 U
1 29 19 56 U
1 30 27 60 U
1 31 32 31 R
1 32 21 38 D
1 33 2 33 R
1 36 15 3 L
1 37 0 0 L
1 38 7 18 R
1 39 8 16 L
1 40 29 23 R
1 41 3 41 D
1 42 4 9 L
1 43 14 43 D
1 44 4 44 D
1 45 12 27 R
1 46 15 29 R
1 47 12 47 D
1 48 11 31 R
1 49 11 49 D
1 50 17 22 R
1 51 0 0 L
1 52 11 26 R
1 53 21 1 L
1 54 0 19 R
1 55 34 23 R
1 56 8 56 U
1 57 12 57 U
1 58 11 58 U
1 59 28 20 R
1 60 10 60 U
1 61 8 61 U
1 62 10 62 U
1 63 0 40 D
1 64 27 26 R
2 0 0 51 U
2 1 8 43 D
2 2 37 48 D
2 3 21 3 L
2 4 3 4 L
2 5 3 5 L
2 6 12 6 L
2 7 3 7 L
2 8 5 8 L
2 9 0 43 D
2 10 3 10 L
2 11 3 11 L
2 12 14 12 L
2 13 0 48 D
2 14 16 14 L
2 16 5 16 L
2 17 0 62 U
2 18 3 53 U
2 19 16 19 R
2 20 17 59 U
2 21 3 21 R
2 22 0 40 D
2 23 3 23 R
2 24 6 3 L
2 25 3 25 R
2 26 3 5 L
2 27 13 61 U
2 28 5 28 R
2 29 1 29 R
2 30 12 30 R
2 31 4 62 U
2 32 15 55 U
2 33 24 63 U
2 34 4 61 U
2 36 0 51 U
2 37 7 4 L
2 38 0 4 L
2 39 0 22 R
2 40 4 40 D
2 41 3 7 L
2 42 12 42 D
2 43 18 8 L
2 44 9 44 D
2 45 6 29 R
2 46 34 46 D
2 47 22 4 L
2 48 0 62 U
2 49 14 10 L
2 50 0 59 U
2 51 3 4 L
2 52 17 9 L
2 53 21 21 R
2 54 0 23 R
2 55 8 55 U
2 56 5 56 U
2 57 13 28 R
2 58 11 3 L
2 59 5 59 U
2 60 19 27 R
2 61 1 61 U
2 62 3 21 R
2 63 0 46 D
2 64 32 64 U
3 0 5 37 D
3 1 19 48 D
3 2 28 39 D
3 3 15 43 D
3 4 16 38 D
3 5 4 5 L
3 6 7 6 L
3 7 8 7 L
3 8 9 8 L
3 9 6 9 L
3 10 1 10 L
3 11 18 11 L
3 12 1 61 U
3 13 19 13 L
3 14 7 14 L
3 16 5 16 L
3 17 4 17 L
3 18 21 51 U
3 19 1 37 D
3 20 1 51 U
3 21 15 52 U
3 22 37 55 U
3 23 13 58 U
3 24 15 24 R
3 25 4 25 R
3 26 17 58 U
3 27 7 27 R
3 28 7 28 R
3 29 2 29 R
3 30 1 30 R
3 31 1 31 R
3 32 5 32 R
3 33 26 33 R
3 34 7 34 R
3 35 2 35 R
3 36 9 6 L
3 37 37 3 L
3 38 9 2 L
3 39 18 1 L
3 40 30 18 R
3 41 7 1 L
3 42 12 9 L
3 43 6 43 D
3 44 11 3 L
3 45 1 45 D
3 46 27 46 D
3 47 0 12 L
3 48 7 48 D
3 49 8 49 D
3 50 11 50 D
3 51 9 23 R
3 52 32 0 L
3 53 15 5 L
3 54 2 18 R
3 55 7 25 R
3 56 10 20 R
3 57 10 16 L
3 58 24 6 L
3 59 22 21 R
3 60 32 31 R
3 61 36 61 U
3 62 23 23 R
3 63 32 31 R
3 64 23 64 U
4 0 8 63 U
4 1 33 21 R
4 2 0 59 U
4 3 24 54 U
4 4 11 4 L
4 5 19 36 D
4 6 9 6 L
4 7 1 7 L
4 8 21 45 D
4 9 2 9 L
4 10 15 50 D
4 11 15 11 L
4 12 13 12 L
4 13 12 13 L
4 14 17 63 U
4 17 7 17 L
4 18 2 53 U
4 19 3 54 U
4 20 19 4 L
4 21 0 1 L
4 22 21 58 U
4 23 14 56 U
4 24 2 24 R
4 25 17 59 U
4 26 17 26 R
4 27 12 52 U
4 28 19 9 L
4 29 30 29 R
4 30 2 30 R
4 31 3 31 R
4 32 0 64 U
4 33 3 33 R
4 35 3 62 U
4 36 11 0 L
4 37 25 18 R
4 38 24 6 L
4 39 8 39 D
4 40 20 2 L
4 41 0 2 L
4 42 12 42 D
4 43 9 59 U
4 44 10 44 D
4 45 8 45 D
4 46 6 46 D
4 47 7 47 D
4 48 17 17 L
4 49 27 14 L
4 50 22 25 R
4 51 12 3 L
4 52 0 37 D
4 53 11 53 U
4 54 8 54 U
4 55 15 55 U
4 56 3 14 L
4 57 6 9 L
4 58 8 58 U
4 59 16 22 R
4 60 14 60 U
4 61 23 12 L
4 62 23 21 R
4 63 7 11 L
4 64 5 49 D
5 0 0 42 D
5 1 6 50 D
5 2 1 2 L
5 3 29 63 U
5 4 9 37 D
5 5 12 63 U
5 6 14 6 L
5 7 1 52 U
5 8 26 50 D
5 9 9 57 U
5 10 0 49 D
5 11 24 62 U
5 12 9 12 L
5 13 7 63 U
5 14 18 39 D
5 16 0 53 U
5 18 8 36 D
5 19 33 37 D
5 20 12 20 R
5 21 26 57 U
5 22 23 22 R
5 23 15 58 U
5 24 9 24 R
5 25 3 25 R
5 26 2 26 R
5 27 13 27 R
5 28 31 28 R
5 29 8 49 D
5 30 8 30 R
5 31 12 31 R
5 32 14 54 U
5 33 3 33 R
5 36 12 18 R
5 37 8 20 R
5 38 0 56 U
5 39 7 39 D
5 40 0 8 L
5 41 6 41 D
5 42 9 42 D
5 43 6 20 R
5 44 6 18 R
5 45 9 45 D
5 46 9 60 U
5 47 15 12 L
5 48 0 12 L
5 49 21 49 D
5 50 12 19 R
5 51 2 0 L
5 52 18 19 R
5 53 0 36 D
5 54 21 6 L
5 55 32 22 R
5 56 14 56 U
5 57 20 2 L
5 58 0 28 R
5 59 10 40 D
5 60 30 60 U
5 61 3 30 R
5 62 8 21 R
5 63 1 63 U
5 64 2 64 U
6 0 9 51 U
6 1 7 53 U
6 2 30 58 U
6 3 0 55 U
6 4 30 53 U
6 5 17 5 L
6 6 37 36 D
6 7 0 38 D
6 8 34 40 D
6 9 8 60 U
6 10 13 10 L
6 11 31 39 D
6 12 1 40 D
6 13 17 13 L
6 14 8 43 D
6 16 9 16 L
6 17 27 51 U
6 18 34 52 U
6 19 17 19 R
6 20 0 54 U
6 21 0 37 D
6 22 0 2 L
6 23 0 4 L
6 24 24 42 D
6 25 2 25 R
6 26 13 26 R
6 27 15 41 D
6 28 28 51 U
6 29 20 47 D
6 30 21 64 U
6 31 17 31 R
6 32 19 32 R
6 33 13 33 R
6 36 0 20 R
6 37 26 11 L
6 38 0 21 R
6 39 8 39 D
6 40 1 40 D
6 41 0 54 U
6 42 7 42 D
6 43 14 22 R
6 44 2 44 D
6 45 3 6 L
6 46 10 46 D
6 47 11 47 D
6 48 10 48 D
6 49 33 32 R
6 50 7 50 D
6 51 28 0 L
6 52 4 1 L
6 53 12 19 R
6 54 7 54 U
6 55 0 50 D
6 56 1 3 L
6 57 3 19 R
6 58 3 23 R
6 59 12 59 U
6 60 14 60 U
6 61 20 61 U
6 62 1 62 U
6 63 25 13 L
6 64 12 64 U
7 0 16 39 D
7 1 0 52 U
7 2 18 2 L
7 3 6 3 L
7 4 3 4 L
7 5 3 38 D
7 6 17 6 L
7 7 8 7 L
7 8 5 8 L
7 9 6 9 L
7 10 35 52 U
7 11 19 50 D
7 12 3 12 L
7 13 9 13 L
7 14 2 14 L
7 15 0 57 U
7 16 16 51 U
7 17 4 46 D
7 18 0 0 L
7 19 24 19 R
7 20 4 39 D
7 21 11 21 R
7 22 17 44 D
7 23 1 23 R
7 24 3 24 R
7 25 3 25 R
7 26 15 53 U
7 27 0 4 L
7 28 1 28 R
7 29 20 29 R
7 30 10 30 R
7 31 5 31 R
7 32 19 32 R
7 33 9 33 R
7 36 19 3 L
7 37 8 37 D
7 38 0 24 R
7 39 8 5 L
7 40 0 15 L
7 41 14 41 D
7 42 2 33 R
7 43 0 53 U
7 44 17 44 D
7 45 0 57 U
7 46 4 8 L
7 47 13 47 D
7 48 1 48 D
7 49 6 49 D
7 50 11 50 D
7 51 11 6 L
7 52 33 27 R
7 53 10 20 R
7 54 6 44 D
7 55 9 55 U
7 56 34 56 U
7 57 8 57 U
7 58 1 58 U
7 59 0 33 R
7 60 0 1 L
7 61 6 61 U
7 62 8 62 U
7 63 0 9 L
7 64 4 64 U
8 0 26 51 U
8 1 35 38 D
8 2 6 53 U
8 3 5 3 L
8 4 11 59 U
8 5 13 36 D
8 6 3 6 L
8 7 28 7 L
8 8 15 64 U
8 9 21 43 D
8 10 11 49 D
8 11 26 45 D
8 12 7 48 D
8 13 3 56 U
8 14 3 14 L
8 16 3 41 D
8 17 3 17 L
8 18 0 56 U
8 19 7 40 D
8 20 13 48 D
8 21 28 36 D
8 22 18 22 R
8 23 13 23 R
8 24 3 24 R
8 25 17 60 U
8 26 15 26 R
8 27 13 27 R
8 28 12 28 R
8 29 0 61 U
8 30 17 30 R
8 31 22 57 U
8 32 30 39 D
8 33 16 58 U
8 35 4 35 R
8 36 0 3 L
8 37 10 27 R
8 38 11 38 D
8 39 13 4 L
8 40 5 40 D
8 41 11 41 D
8 42 0 6 L
8 43 4 43 D
8 44 14 44 D
8 45 0 62 U
8 46 11 11 L
8 47 2 2 L
8 48 2 48 D
8 49 23 8 L
8 50 2 64 U
8 51 17 51 U
8 52 5 19 R
8 53 3 27 R
8 54 23 54 U
8 55 9 55 U
8 56 16 4 L
8 57 0 20 R
8 58 23 14 L
8 59 1 59 U
8 60 3 29 R
8 61 15 29 R
8 62 3 62 U
8 63 11 63 U
8 64 0 14 L
9 0 0 36 D
9 1 8 54 U
9 2 0 40 D
9 3 29 55 U
9 4 11 21 R
9 5 11 5 L
9 6 7 6 L
9 7 0 45 D
9 8 10 8 L
9 9 2 9 L
9 10 2 10 L
9 11 28 60 U
9 12 5 12 L
9 13 3 13 L
9 14 25 14 L
9 15 14 15 L
9 16 15 54 U
9 18 6 36 D
9 19 0 53 U
9 20 0 40 D
9 21 17 21 R
9 22 5 36 D
9 23 25 43 D
9 24 25 54 U
9 25 10 25 R
9 26 6 26 R
9 27 34 52 U
9 28 3 7 L
9 29 20 48 D
9 30 27 6 L
9 31 3 31 R
9 32 14 32 R
9 33 2 14 L
9 36 7 24 R
9 37 4 37 D
9 38 22 22 R
9 39 0 52 U
9 40 11 40 D
9 41 8 41 D
9 42 5 42 D
9 43 22 43 D
9 44 35 32 R
9 45 14 45 D
9 46 0 56 U
9 47 0 29 R
9 48 22 29 R
9 49 19 49 D
9 50 7 50 D
9 51 36 1 L
9 52 4 26 R
9 53 29 28 R
9 54 3 22 R
9 55 3 55 U
9 56 34 2 L
9 57 8 57 U
9 58 8 58 U
9 59 18 25 R
9 60 12 60 U
9 61 15 11 L
9 62 3 62 U
9 63 7 23 R
9 64 35 64 U
10 0 3 37 D
10 1 30 37 D
10 2 13 2 L
10 3 8 57 U
10 4 5 4 L
10 5 15 5 L
10 6 8 62 U
10 7 3 54 U
10 8 4 57 U
10 9 6 60 U
10 10 37 44 D
10 11 33 38 D
10 12 8 12 L
10 13 31 64 U
10 14 6 49 D
10 16 23 36 D
10 17 6 17 L
10 18 27 56 U
10 19 33 55 U
10 20 8 53 U
10 21 13 46 D
10 22 0 10 L
10 23 13 23 R
10 24 28 24 R
10 25 0 9 L
10 26 0 55 U
10 27 25 42 D
10 28 19 44 D
10 29 13 29 R
10 30 3 30 R
10 31 8 47 D
10 32 6 32 R
10 33 0 12 L
10 36 3 16 L
10 37 20 0 L
10 38 7 38 D
10 39 37 0 L
10 40 36 21 R
10 41 3 25 R
10 42 6 21 R
10 43 24 26 R
10 44 2 12 L
10 45 6 45 D
10 46 38 27 R
10 47 16 29 R
10 48 11 27 R
10 49 3 31 R
10 50 14 50 D
10 51 8 0 L
10 52 5 2 L
10 53 6 1 L
10 54 7 22 R
10 55 12 7 L
10 56 33 19 R
10 57 34 57 U
10 58 0 41 D
10 59 9 59 U
10 60 6 60 U
10 61 29 61 U
10 62 1 62 U
10 63 9 63 U
10 64 21 64 U
11 0 27 36 D
11 1 19 18 R
11 2 32 2 L
11 3 7 3 L
11 4 32 56 U
11 5 33 45 D
11 6 7 43 D
11 7 7 7 L
11 8 29 58 U
11 9 4 9 L
11 10 41 39 D
11 11 19 49 D
11 12 2 12 L
11 13 0 62 U
11 14 7 14 L
11 18 0 41 D
11 19 17 52 U
11 20 12 20 R
11 21 4 41 D
11 22 24 53 U
11 23 16 23 R
11 24 10 24 R
11 25 18 25 R
11 26 3 26 R
11 27 5 55 U
11 28 13 28 R
11 29 15 29 R
11 30 31 61 U
11 31 18 49 D
11 32 3 32 R
11 33 7 33 R
11 36 0 18 R
11 37 16 54 U
11 38 26 20 R
11 39 12 39 D
11 40 6 40 D
11 41 2 41 D
11 42 23 2 L
11 43 30 20 R
11 44 4 44 D
11 45 0 9 L
11 46 7 46 D
11 47 14 47 D
11 48 6 48 D
11 49 24 49 D
11 50 22 28 R
11 51 34 19 R
11 52 5 52 U
11 53 1 1 L
11 54 3 1 L
11 55 7 21 R
11 56 5 56 U
11 57 0 44 D
11 58 7 58 U
11 59 24 59 U
11 60 6 60 U
11 61 0 46 D
11 62 12 62 U
11 63 0 47 D
11 64 1 64 U
12 0 6 0 L
12 1 2 52 U
12 2 0 22 R
12 3 7 53 U
12 4 29 4 L
12 5 18 5 L
12 6 2 6 L
12 7 7 7 L
12 8 13 8 L
12 9 10 57 U
12 10 1 10 L
12 11 2 60 U
12 12 23 60 U
12 13 1 13 L
12 14 7 14 L
12 17 0 40 D
12 18 1 18 R
12 19 24 7 L
12 20 7 60 U
12 21 19 56 U
12 22 16 22 R
12 23 15 38 D
12 24 5 24 R
12 25 4 25 R
12 26 26 45 D
12 27 0 48 D
12 28 3 62 U
12 29 7 29 R
12 30 11 44 D
12 31 4 63 U
12 32 20 1 L
12 33 0 8 L
12 36 18 1 L
12 37 29 37 D
12 38 8 25 R
12 39 7 39 D
12 40 19 26 R
12 41 7 41 D
12 42 4 22 R
12 43 11 43 D
12 44 11 44 D
12 45 24 18 R
12 46 4 18 R
12 47 14 47 D
12 48 8 48 D
12 49 13 31 R
12 50 7 50 D
12 51 8 23 R
12 52 11 11 L
12 53 9 18 R
12 54 6 54 U
12 55 22 55 U
12 56 7 56 U
12 57 28 57 U
12 58 24 4 L
12 59 14 59 U
12 60 14 60 U
12 61 1 61 U
12 62 24 27 R
12 63 7 63 U
12 64 7 64 U
13 0 15 36 D
13 1 18 41 D
13 2 9 2 L
13 3 10 40 D
13 4 4 4 L
13 5 4 5 L
13 6 5 6 L
13 7 9 54 U
13 8 19 57 U
13 9 25 44 D
13 10 8 10 L
13 11 3 11 L
13 12 14 12 L
13 13 10 13 L
13 14 5 14 L
13 18 24 38 D
13 19 12 19 R
13 20 16 54 U
13 21 14 21 R
13 22 1 22 R
13 23 23 52 U
13 24 1 52 U
13 25 0 7 L
13 26 3 26 R
13 27 10 27 R
13 28 11 28 R
13 29 19 29 R
13 30 26 30 R
13 31 5 41 D
13 32 8 32 R
13 33 3 33 R
13 36 0 1 L
13 37 15 24 R
13 38 16 12 L
13 39 8 39 D
13 40 23 4 L
13 41 7 41 D
13 42 22 28 R
13 43 0 5 L
13 44 7 9 L
13 45 32 10 L
13 46 5 46 D
13 47 33 47 D
13 48 15 1 L
13 49 32 49 D
13 51 28 24 R
13 52 32 18 R
13 53 26 3 L
13 54 15 26 R
13 55 28 19 R
13 56 18 32 R
13 57 27 22 R
13 58 9 58 U
13 59 10 19 R
13 60 27 24 R
13 61 9 61 U
13 62 14 33 R
13 63 22 63 U
13 64 25 25 R
14 0 2 41 D
14 1 0 21 R
14 2 28 19 R
14 3 12 59 U
14 4 22 53 U
14 5 6 51 U
14 6 20 40 D
14 7 8 38 D
14 8 34 47 D
14 9 18 45 D
14 10 29 40 D
14 11 11 11 L
14 12 8 12 L
14 13 30 45 D
14 14 34 61 U
14 16 15 43 D
14 18 0 51 U
14 19 20 16 L
14 20 7 55 U
14 21 0 3 L
14 22 2 22 R
14 23 2 57 U
14 24 3 52 U
14 25 0 17 L
14 26 31 55 U
14 27 15 59 U
14 28 30 28 R
14 29 3 29 R
14 30 5 63 U
14 31 6 47 D
14 32 20 41 D
14 33 7 33 R
14 34 3 34 R
14 36 7 1 L
14 37 25 9 L
14 38 1 38 D
14 39 1 2 L
14 40 32 20 R
14 41 27 32 R
14 42 0 21 R
14 43 6 43 D
14 44 18 44 D
14 45 1 45 D
14 46 1 46 D
14 47 6 47 D
14 48 7 7 L
14 49 0 64 U
14 50 3 7 L
14 51 17 4 L
14 52 12 52 U
14 53 23 2 L
14 54 12 54 U
14 55 4 55 U
14 56 0 21 R
14 57 11 27 R
14 58 1 58 U
14 59 22 24 R
14 60 4 60 U
14 61 31 28 R
14 62 1 62 U
14 63 16 5 L
14 64 4 4 L
15 0 5 38 D
15 1 0 37 D
15 2 0 19 R
15 3 28 58 U
15 4 8 50 D
15 5 7 5 L
15 6 0 24 R
15 7 30 44 D
15 8 3 8 L
15 9 13 9 L
15 10 37 45 D
15 11 3 11 L
15 12 29 47 D
15 13 5 13 L
15 14 0 32 R
15 16 27 29 R
15 18 20 18 R
15 19 2 54 U
15 20 24 0 L
15 21 13 58 U
15 22 20 22 R
15 23 17 23 R
15 24 0 5 L
15 25 3 56 U
15 26 10 6 L
15 27 19 58 U
15 28 4 28 R
15 29 13 14 L
15 30 16 30 R
15 31 2 31 R
15 32 18 32 R
15 33 11 56 U
15 36 7 4 L
15 37 2 0 L
15 38 24 1 L
15 39 4 6 L
15 40 12 22 R
15 41 25 4 L
15 42 4 42 D
15 43 25 43 D
15 44 26 44 D
15 45 30 30 R
15 46 6 46 D
15 47 11 47 D
15 48 12 30 R
15 49 10 49 D
15 51 7 18 R
15 52 0 7 L
15 53 2 53 U
15 54 11 19 R
15 55 13 18 R
15 56 9 56 U
15 57 2 20 R
15 58 14 22 R
15 59 18 28 R
15 60 7 10 L
15 61 33 20 R
15 62 14 29 R
15 63 4 63 U
15 64 4 34 R
16 0 18 46 D
16 1 35 45 D
16 2 2 43 D
16 3 11 20 R
16 4 18 36 D
16 5 8 5 L
16 6 5 6 L
16 7 2 23 R
16 8 40 54 U
16 9 0 51 U
16 10 2 10 L
16 11 23 37 D
16 12 11 12 L
16 13 18 13 L
16 14 19 63 U
16 16 9 16 L
16 18 33 48 D
16 19 24 5 L
16 20 7 62 U
16 21 27 38 D
16 22 5 22 R
16 23 17 59 U
16 24 26 45 D
16 25 26 63 U
16 26 1 26 R
16 27 0 53 U
16 28 30 41 D
16 29 36 59 U
16 30 0 10 L
16 31 15 31 R
16 32 1 32 R
16 33 0 45 D
16 36 2 2 L
16 37 6 1 L
16 38 13 0 L
16 39 5 0 L
16 40 0 51 U
16 41 5 21 R
16 42 3 8 L
16 43 3 16 L
16 44 23 11 L
16 45 9 45 D
16 46 29 11 L
16 47 11 24 R
16 48 11 13 L
16 49 0 13 L
16 51 0 26 R
16 52 35 38 D
16 53 14 8 L
16 54 18 30 R
16 55 27 32 R
16 56 17 30 R
16 57 13 25 R
16 58 0 46 D
16 59 1 59 U
16 60 0 6 L
16 61 32 1 L
16 62 1 62 U
16 63 27 26 R
16 64 0 32 R
17 0 26 41 D
17 1 30 1 L
17 2 1 41 D
17 3 3 3 L
17 4 5 4 L
17 5 2 5 L
17 6 4 6 L
17 7 10 7 L
17 8 5 49 D
17 9 7 9 L
17 10 10 10 L
17 11 18 11 L
17 12 5 12 L
17 13 21 13 L
17 14 6 14 L
17 18 0 44 D
17 19 25 39 D
17 20 12 20 R
17 21 19 51 U
17 22 21 57 U
17 23 12 54 U
17 24 22 47 D
17 25 9 57 U
17 26 1 51 U
17 27 2 27 R
17 28 34 36 D
17 29 33 57 U
17 30 23 55 U
17 31 4 31 R
17 32 9 32 R
17 33 5 33 R
17 36 26 0 L
17 37 1 6 L
17 38 15 1 L
17 39 2 39 D
17 40 16 7 L
17 41 10 1 L
17 42 27 5 L
17 43 6 19 R
17 44 1 2 L
17 45 26 60 U
17 46 0 19 R
17 47 7 25 R
17 48 1 48 D
17 49 21 12 L
17 51 21 6 L
17 52 9 33 R
17 53 0 39 D
17 54 11 4 L
17 55 24 30 R
17 56 25 22 R
17 57 5 57 U
17 58 12 21 R
17 59 23 42 D
17 60 29 0 L
17 61 35 61 U
17 62 0 16 L
17 63 22 16 L
17 64 24 14 L
18 0 29 42 D
18 1 23 61 U
18 2 13 45 D
18 3 10 61 U
18 4 5 4 L
18 5 32 40 D
18 6 15 6 L
18 7 15 7 L
18 8 39 36 D
18 9 17 9 L
18 10 7 44 D
18 11 23 47 D
18 12 4 12 L
18 13 29 54 U
18 14 15 44 D
18 18 3 18 R
18 19 17 57 U
18 20 19 37 D
18 21 15 21 R
18 22 2 22 R
18 23 2 23 R
18 24 4 24 R
18 25 2 25 R
18 26 9 26 R
18 27 16 27 R
18 28 34 41 D
18 29 4 29 R
18 30 13 30 R
18 31 28 31 R
18 32 7 32 R
18 33 7 33 R
18 36 0 5 L
18 37 38 2 L
18 38 32 0 L
18 39 0 55 U
18 40 7 19 R
18 41 0 3 L
18 42 22 1 L
18 43 14 43 D
18 44 26 10 L
18 45 32 24 R
18 46 7 46 D
18 47 30 31 R
18 48 17 23 R
18 49 0 10 L
18 51 17 2 L
18 52 0 18 R
18 53 9 29 R
18 54 2 20 R
18 55 0 22 R
18 56 19 8 L
18 57 23 21 R
18 58 26 58 U
18 59 35 5 L
18 60 11 21 R
18 61 32 61 U
18 62 14 31 R
18 63 12 30 R
18 64 25 30 R
19 0 0 44 D
19 1 5 40 D
19 2 7 2 L
19 3 27 3 L
19 4 8 46 D
19 5 7 5 L
19 6 21 55 U
19 7 3 7 L
19 8 3 8 L
19 9 20 9 L
19 10 15 63 U
19 11 2 11 L
19 12 1 12 L
19 13 26 13 L
19 14 16 42 D
19 18 7 38 D
19 19 0 52 U
19 20 29 52 U
19 21 18 42 D
19 22 18 22 R
19 23 13 37 D
19 24 11 38 D
19 25 21 46 D
19 26 9 26 R
19 27 15 36 D
19 28 15 40 D
19 29 0 50 D
19 30 18 30 R
19 31 8 64 U
19 32 8 32 R
19 36 1 18 R
19 37 3 2 L
19 38 2 12 L
19 39 5 5 L
19 40 18 52 U
19 41 37 6 L
19 42 0 25 R
19 43 5 8 L
19 44 23 0 L
19 45 15 20 R
19 46 11 18 R
19 47 2 47 D
19 48 9 48 D
19 49 28 5 L
19 51 0 36 D
19 52 29 18 R
19 53 21 53 U
19 54 8 54 U
19 55 21 6 L
19 56 21 56 U
19 57 8 7 L
19 58 0 42 D
19 59 14 26 R
19 60 11 60 U
19 61 6 61 U
19 62 11 62 U
19 63 7 63 U
19 64 30 31 R
20 0 2 36 D
20 1 10 41 D
20 2 8 2 L
20 3 1 18 R
20 4 18 4 L
20 5 2 47 D
20 6 8 48 D
20 7 7 47 D
20 8 14 8 L
20 9 27 9 L
20 10 40 37 D
20 11 28 59 U
20 12 2 37 D
20 13 17 13 L
20 14 22 14 L
20 18 24 54 U
20 19 0 6 L
20 20 24 53 U
20 21 36 53 U
20 22 6 8 L
20 23 12 3 L
20 24 16 44 D
20 25 17 57 U
20 26 4 26 R
20 27 0 36 D
20 28 7 28 R
20 29 30 40 D
20 30 31 54 U
20 31 0 13 L
20 32 0 8 L
20 36 7 9 L
20 37 33 16 L
20 38 33 19 R
20 39 6 3 L
20 40 27 0 L
20 41 25 41 D
20 42 1 42 D
20 43 0 60 U
20 44 8 5 L
20 45 0 25 R
20 46 6 46 D
20 47 0 61 U
20 48 33 0 L
20 49 0 32 R
20 51 0 5 L
20 52 27 8 L
20 53 31 14 L
20 54 12 54 U
20 55 29 29 R
20 56 30 23 R
20 57 13 29 R
20 58 15 24 R
20 59 6 59 U
20 60 3 6 L
20 61 8 61 U
20 62 24 7 L
20 63 26 21 R
20 64 6 64 U
21 0 0 18 R
21 1 1 1 L
21 2 15 53 U
21 3 3 3 L
21 4 35 40 D
21 5 22 42 D
21 6 6 6 L
21 7 15 40 D
21 8 31 8 L
21 9 3 41 D
21 10 7 10 L
21 11 20 11 L
21 12 3 12 L
21 13 19 13 L
21 14 36 46 D
21 18 6 39 D
21 19 13 53 U
21 20 11 39 D
21 21 8 57 U
21 22 35 45 D
21 23 25 41 D
21 24 14 36 D
21 25 5 51 U
21 26 3 56 U
21 27 29 47 D
21 28 2 28 R
21 29 14 61 U
21 30 3 30 R
21 31 9 31 R
21 32 27 47 D
21 36 17 32 R
21 37 7 7 L
21 38 7 24 R
21 39 1 39 D
21 40 22 22 R
21 41 8 55 U
21 42 35 42 D
21 43 7 7 L
21 44 10 44 D
21 45 20 9 L
21 46 5 46 D
21 47 19 63 U
21 48 31 48 D
21 49 22 17 L
21 50 6 32 R
21 51 11 11 L
21 52 10 13 L
21 53 28 29 R
21 54 26 12 L
21 55 0 2 L
21 56 6 56 U
21 57 16 19 R
21 58 4 2 L
21 59 3 59 U
21 60 10 22 R
21 61 7 5 L
21 62 31 62 U
21 63 14 25 R
21 64 24 29 R
22 0 4 55 U
22 1 16 36 D
22 2 0 54 U
22 3 15 38 D
22 4 26 46 D
22 5 21 38 D
22 6 6 56 U
22 7 27 61 U
22 8 9 55 U
22 9 0 64 U
22 10 16 10 L
22 11 27 64 U
22 12 14 64 U
22 13 17 13 L
22 14 38 14 L
22 18 0 63 U
22 19 13 54 U
22 20 20 41 D
22 21 19 54 U
22 22 3 55 U
22 23 27 58 U
22 24 3 24 R
22 25 3 45 D
22 26 13 26 R
22 27 15 27 R
22 28 11 28 R
22 29 6 46 D
22 30 25 53 U
22 31 16 63 U
22 32 25 46 D
22 36 23 18 R
22 37 16 31 R
22 38 7 38 D
22 39 35 25 R
22 40 14 20 R
22 41 5 41 D
22 42 3 26 R
22 43 8 43 D
22 44 9 25 R
22 45 7 45 D
22 46 0 55 U
22 47 37 47 D
22 48 40 22 R
22 49 2 49 D
22 51 0 17 L
22 52 32 52 U
22 53 15 53 U
22 54 14 54 U
22 55 21 55 U
22 56 32 13 L
22 57 0 43 D
22 58 4 58 U
22 59 0 4 L
22 60 5 60 U
22 61 20 61 U
22 62 12 62 U
22 63 23 32 R
22 64 28 24 R
23 0 8 43 D
23 1 29 56 U
23 2 16 52 U
23 3 3 42 D
23 4 13 39 D
23 5 1 59 U
23 6 38 6 L
23 7 4 7 L
23 8 25 42 D
23 9 7 9 L
23 10 6 10 L
23 11 13 11 L
23 12 24 53 U
23 13 32 46 D
23 14 37 14 L
23 18 0 58 U
23 19 0 39 D
23 20 2 20 R
23 21 28 43 D
23 22 20 39 D
23 23 18 44 D
23 24 31 58 U
23 25 4 36 D
23 26 5 26 R
23 27 18 56 U
23 28 25 43 D
23 29 6 45 D
23 30 17 64 U
23 31 3 31 R
23 32 36 3 L
23 36 4 0 L
23 37 0 30 R
23 38 4 8 L
23 39 12 39 D
23 40 2 25 R
23 41 13 23 R
23 42 4 23 R
23 43 0 23 R
23 44 6 44 D
23 45 0 3 L
23 46 9 46 D
23 47 30 47 D
23 48 13 12 L
23 49 29 19 R
23 51 11 18 R
23 52 9 52 U
23 53 33 4 L
23 54 6 2 L
23 55 35 28 R
23 56 24 56 U
23 57 4 57 U
23 58 14 25 R
23 59 6 21 R
23 60 28 22 R
23 61 12 61 U
23 62 36 10 L
23 63 2 23 R
23 64 1 31 R
24 0 3 60 U
24 1 8 1 L
24 2 16 2 L
24 3 7 57 U
24 4 32 64 U
24 5 22 64 U
24 6 35 51 U
24 7 10 7 L
24 8 18 8 L
24 9 27 54 U
24 10 31 46 D
24 11 29 57 U
24 12 31 39 D
24 13 23 51 U
24 14 3 45 D
24 18 22 60 U
24 19 35 45 D
24 20 29 16 L
24 21 4 21 R
24 22 14 1 L
24 23 25 40 D
24 24 8 37 D
24 25 35 57 U
24 26 3 26 R
24 27 21 60 U
24 28 5 28 R
24 29 6 11 L
24 30 8 30 R
24 31 31 31 R
24 32 3 32 R
24 36 22 18 R
24 37 21 4 L
24 38 19 5 L
24 39 4 2 L
24 40 25 32 R
24 41 1 1 L
24 42 38 42 D
24 43 8 23 R
24 44 18 2 L
24 45 21 45 D
24 46 26 22 R
24 47 36 47 D
24 48 3 48 D
24 49 8 49 D
24 51 0 25 R
24 52 13 1 L
24 53 21 27 R
24 54 20 37 D
24 55 8 41 D
24 56 10 56 U
24 57 14 14 L
24 58 5 58 U
24 59 13 59 U
24 60 18 32 R
24 61 23 9 L
24 62 18 62 U
24 63 23 3 L
24 64 22 64 U
25 0 4 53 U
25 1 18 36 D
25 2 3 42 D
25 3 38 49 D
25 4 29 58 U
25 5 5 5 L
25 6 39 45 D
25 7 1 7 L
25 8 7 49 D
25 9 24 47 D
25 10 7 10 L
25 11 3 11 L
25 12 4 44 D
25 13 0 20 R
25 14 40 41 D
25 17 17 48 D
25 18 36 42 D
25 19 30 10 L
25 20 26 20 R
25 21 8 51 U
25 22 22 43 D
25 23 2 55 U
25 24 16 39 D
25 25 26 52 U
25 26 3 26 R
25 27 20 54 U
25 28 0 51 U
25 29 8 29 R
25 30 18 30 R
25 31 4 48 D
25 32 24 58 U
25 36 9 51 U
25 37 11 6 L
25 38 12 38 D
25 39 19 7 L
25 40 5 21 R
25 41 20 41 D
25 42 1 42 D
25 43 20 43 D
25 44 31 25 R
25 45 34 56 U
25 46 19 46 D
25 47 28 47 D
25 48 14 64 U
25 49 20 62 U
25 51 29 20 R
25 52 26 22 R
25 53 13 18 R
25 54 4 6 L
25 55 24 55 U
25 56 13 35 R
25 57 30 25 R
25 58 20 12 L
25 59 12 22 R
25 60 27 29 R
25 61 30 38 D
25 62 26 31 R
25 63 19 0 L
25 64 14 24 R
26 0 11 54 U
26 1 13 55 U
26 2 0 38 D
26 3 32 40 D
26 4 9 57 U
26 5 19 55 U
26 6 0 36 D
26 7 12 47 D
26 8 37 8 L
26 9 11 62 U
26 10 29 58 U
26 11 2 11 L
26 12 7 12 L
26 13 34 63 U
26 14 16 14 L
26 18 18 54 U
26 19 9 45 D
26 20 8 37 D
26 21 11 21 R
26 22 30 38 D
26 23 10 61 U
26 24 22 56 U
26 25 36 8 L
26 26 0 49 D
26 27 23 58 U
26 28 20 57 U
26 29 7 51 U
26 30 18 63 U
26 31 20 31 R
26 32 0 49 D
26 36 30 12 L
26 37 24 37 D
26 38 27 11 L
26 39 24 18 R
26 40 27 5 L
26 41 28 8 L
26 42 18 8 L
26 43 15 43 D
26 44 0 28 R
26 45 0 58 U
26 46 22 46 D
26 47 22 28 R
26 48 7 48 D
26 49 14 12 L
26 51 39 36 D
26 52 1 16 L
26 53 32 25 R
26 54 32 33 R
26 55 27 18 R
26 56 2 56 U
26 57 10 8 L
26 58 2 5 L
26 59 28 36 D
26 60 3 28 R
26 61 10 29 R
26 62 3 23 R
26 63 6 63 U
26 64 34 13 L
27 0 22 60 U
27 1 17 48 D
27 2 7 40 D
27 3 11 36 D
27 4 18 60 U
27 5 30 5 L
27 6 14 6 L
27 7 11 45 D
27 8 11 39 D
27 9 33 20 R
27 10 7 10 L
27 11 32 11 L
27 12 25 42 D
27 13 4 49 D
27 14 14 38 D
27 18 24 36 D
27 19 16 38 D
27 20 12 20 R
27 21 22 44 D
27 22 8 36 D
27 23 3 23 R
27 24 26 59 U
27 25 36 53 U
27 26 8 26 R
27 27 16 55 U
27 28 36 28 R
27 29 16 29 R
27 30 13 30 R
27 31 15 10 L
27 32 34 56 U
27 36 32 0 L
27 37 7 24 R
27 38 7 25 R
27 39 24 19 R
27 40 36 23 R
27 41 8 19 R
27 42 7 0 L
27 43 9 10 L
27 44 22 33 R
27 45 6 45 D
27 46 0 59 U
27 47 35 47 D
27 48 20 6 L
27 49 24 49 D
27 51 33 51 U
27 52 0 3 L
27 53 19 7 L
27 54 1 54 U
27 55 9 21 R
27 56 19 56 U
27 57 34 20 R
27 58 38 30 R
27 59 14 59 U
27 60 2 60 U
27 61 4 13 L
27 62 1 62 U
27 63 9 24 R
27 64 29 27 R
28 0 9 0 L
28 1 18 39 D
28 2 30 22 R
28 3 17 44 D
28 4 5 4 L
28 5 3 40 D
28 6 7 50 D
28 7 22 43 D
28 8 18 49 D
28 9 22 36 D
28 10 2 10 L
28 11 13 11 L
28 12 3 12 L
28 13 38 48 D
28 14 19 14 L
28 18 18 64 U
28 19 3 2 L
28 20 3 20 R
28 21 30 21 R
28 22 19 42 D
28 23 7 61 U
28 24 32 51 U
28 25 12 5 L
28 26 2 26 R
28 27 2 27 R
28 28 15 28 R
28 29 0 54 U
28 30 41 30 R
28 31 0 4 L
28 32 7 32 R
28 36 23 11 L
28 37 8 37 D
28 38 27 38 D
28 39 2 18 R
28 40 30 14 L
28 41 12 41 D
28 42 29 20 R
28 43 0 21 R
28 44 11 26 R
28 45 39 21 R
28 46 15 12 L
28 47 18 8 L
28 48 3 19 R
28 49 17 49 D
28 51 21 9 L
28 52 31 2 L
28 54 9 19 R
28 55 23 20 R
28 56 17 31 R
28 57 8 19 R
28 58 27 31 R
28 59 35 59 U
28 60 33 3 L
28 61 25 25 R
28 62 14 32 R
28 63 21 63 U
28 64 8 64 U
29 0 22 40 D
29 1 3 57 U
29 2 32 55 U
29 3 6 3 L
29 4 0 41 D
29 5 27 56 U
29 6 34 44 D
29 7 16 41 D
29 8 22 57 U
29 9 13 42 D
29 10 16 39 D
29 11 31 63 U
29 12 5 12 L
29 13 9 13 L
29 14 30 57 U
29 18 10 53 U
29 20 5 20 R
29 21 32 52 U
29 22 23 22 R
29 23 14 3 L
29 24 11 39 D
29 25 8 25 R
29 26 26 55 U
29 27 12 27 R
29 28 30 28 R
29 29 6 29 R
29 30 0 7 L
29 31 7 31 R
29 32 0 0 L
29 33 7 33 R
29 36 0 63 U
29 38 6 38 D
29 39 11 4 L
29 40 19 21 R
29 41 14 24 R
29 42 26 21 R
29 43 7 2 L
29 44 3 44 D
29 45 6 45 D
29 46 7 46 D
29 47 0 23 R
29 48 20 1 L
29 49 4 18 R
29 51 35 22 R
29 52 9 18 R
29 53 5 0 L
29 54 0 37 D
29 55 14 25 R
29 56 30 29 R
29 57 11 57 U
29 58 6 58 U
29 59 2 33 R
29 60 11 22 R
29 61 27 23 R
29 62 35 6 L
29 63 28 13 L
29 64 5 32 R
30 0 33 56 U
30 1 31 40 D
30 2 0 61 U
30 3 15 41 D
30 4 5 4 L
30 5 13 37 D
30 6 28 64 U
30 7 18 7 L
30 8 38 47 D
30 9 11 9 L
30 10 27 59 U
30 11 20 42 D
30 12 17 12 L
30 13 21 13 L
30 14 6 14 L
30 18 23 37 D
30 19 21 1 L
30 20 0 39 D
30 21 22 3 L
30 22 8 51 U
30 23 2 23 R
30 24 24 24 R
30 25 16 10 L
30 26 3 60 U
30 27 25 27 R
30 28 18 28 R
30 29 20 51 U
30 30 3 30 R
30 31 4 31 R
30 32 26 32 R
30 36 1 7 L
30 37 38 8 L
30 38 34 10 L
30 39 10 23 R
30 40 5 19 R
30 41 0 18 R
30 42 13 27 R
30 43 12 43 D
30 44 23 28 R
30 45 12 45 D
30 46 24 23 R
30 47 6 47 D
30 48 28 48 D
30 49 32 49 D
30 51 18 20 R
30 52 3 18 R
30 53 7 0 L
30 54 15 19 R
30 55 9 55 U
30 56 0 11 L
30 57 34 3 L
30 58 3 22 R
30 59 3 27 R
30 60 6 12 L
30 61 37 27 R
30 62 6 62 U
30 63 24 63 U
30 64 0 10 L
31 0 3 49 D
31 1 32 37 D
31 2 5 49 D
31 3 9 44 D
31 4 9 53 U
31 5 30 58 U
31 6 9 6 L
31 7 0 19 R
31 8 18 41 D
31 9 7 43 D
31 10 6 43 D
31 11 9 11 L
31 12 4 41 D
31 13 9 13 L
31 14 0 47 D
31 18 22 42 D
31 19 18 38 D
31 20 19 48 D
31 21 33 58 U
31 22 5 43 D
31 23 18 61 U
31 24 37 14 L
31 25 2 25 R
31 26 5 10 L
31 27 22 27 R
31 28 25 60 U
31 29 34 29 R
31 30 7 30 R
31 31 0 63 U
31 36 30 29 R
31 38 14 61 U
31 39 14 39 D
31 40 7 40 D
31 41 25 2 L
31 42 9 24 R
31 43 18 28 R
31 44 40 8 L
31 45 5 12 L
31 46 14 46 D
31 47 33 47 D
31 49 19 59 U
31 51 6 51 U
31 52 16 10 L
31 53 10 19 R
31 54 9 1 L
31 55 11 7 L
31 56 6 56 U
31 57 8 18 R
31 58 0 32 R
31 59 7 59 U
31 60 32 27 R
31 62 6 62 U
31 63 4 63 U
31 64 15 64 U
32 0 4 40 D
32 1 33 64 U
32 2 4 40 D
32 3 10 3 L
32 4 7 4 L
32 5 22 61 U
32 6 26 40 D
32 7 24 63 U
32 8 3 8 L
32 9 31 9 L
32 10 2 48 D
32 12 27 44 D
32 13 33 48 D
32 14 10 14 L
32 18 17 43 D
32 20 11 20 R
32 21 8 21 R
32 22 3 37 D
32 23 21 23 R
32 24 13 24 R
32 25 8 25 R
32 26 26 63 U
32 27 23 10 L
32 28 11 2 L
32 29 15 29 R
32 30 18 30 R
32 31 4 31 R
32 36 5 36 D
32 37 11 52 U
32 38 2 20 R
32 39 36 29 R
32 40 6 10 L
32 41 6 24 R
32 42 10 42 D
32 43 2 43 D
32 44 3 44 D
32 45 24 45 D
32 46 13 46 D
32 47 6 13 L
32 48 25 28 R
32 49 11 49 D
32 51 24 3 L
32 52 33 52 U
32 53 8 48 D
32 54 33 2 L
32 55 23 25 R
32 56 30 21 R
32 57 24 31 R
32 58 22 9 L
32 59 25 59 U
32 60 3 60 U
32 62 33 62 U
32 63 31 4 L
32 64 3 64 U
33 0 35 61 U
33 2 24 52 U
33 3 38 52 U
33 4 36 62 U
33 5 13 48 D
33 6 24 61 U
33 7 19 42 D
33 8 29 8 L
33 9 2 60 U
33 10 26 38 D
33 12 1 58 U
33 13 7 13 L
33 18 0 42 D
33 19 34 51 U
33 20 31 46 D
33 21 32 40 D
33 22 37 52 U
33 23 0 38 D
33 24 37 62 U
33 25 0 62 U
33 26 23 26 R
33 27 41 27 R
33 28 5 28 R
33 29 22 37 D
33 30 18 30 R
33 31 13 31 R
33 36 7 18 R
33 37 18 60 U
33 38 5 38 D
33 39 25 39 D
33 40 34 13 L
33 41 12 25 R
33 42 29 26 R
33 43 6 43 D
33 44 0 58 U
33 45 5 45 D
33 46 3 9 L
33 47 7 47 D
33 48 6 6 L
33 49 4 31 R
33 51 38 23 R
33 52 32 3 L
33 53 27 20 R
33 54 5 14 L
33 55 0 26 R
33 56 18 22 R
33 57 29 27 R
33 58 35 21 R
33 59 18 5 L
33 60 34 28 R
33 62 17 30 R
33 63 25 63 U
33 64 39 1 L
34 0 25 37 D
34 1 9 39 D
34 2 2 2 L
34 3 3 36 D
34 4 1 4 L
34 5 19 51 U
34 6 33 60 U
34 7 15 7 L
34 8 22 48 D
34 9 2 9 L
34 10 2 10 L
34 12 20 12 L
34 13 30 13 L
34 18 22 41 D
34 19 0 36 D
34 20 5 39 D
34 22 25 56 U
34 23 28 11 L
34 25 27 36 D
34 26 40 26 R
34 27 2 27 R
34 28 38 54 U
34 29 7 29 R
34 30 18 30 R
34 31 7 31 R
34 36 22 13 L
34 38 22 26 R
34 39 10 39 D
34 40 27 40 D
34 41 14 41 D
34 42 18 20 R
34 43 35 43 D
34 44 7 44 D
34 45 4 45 D
34 46 33 46 D
34 47 15 47 D
34 48 31 48 D
34 49 28 49 D
34 51 9 19 R
34 52 19 31 R
34 53 0 1 L
34 54 36 8 L
34 55 12 55 U
34 56 33 28 R
34 57 16 8 L
34 58 11 20 R
34 60 9 60 U
34 62 22 62 U
34 63 3 63 U
34 64 14 64 U
35 0 0 25 R
35 3 23 38 D
35 4 2 54 U
35 5 16 32 R
35 6 34 56 U
35 7 29 51 U
35 8 33 42 D
35 10 32 40 D
35 12 8 37 D
35 20 5 2 L
35 22 18 22 R
35 23 29 51 U
35 25 31 25 R
35 28 0 0 L
35 29 39 41 D
35 31 4 31 R
35 36 11 3 L
35 37 7 37 D
35 38 13 38 D
35 39 38 20 R
35 41 36 29 R
35 42 7 42 D
35 43 12 43 D
35 44 14 24 R
35 45 11 45 D
35 46 26 53 U
35 47 37 24 R
35 48 13 13 L
35 52 28 21 R
35 53 11 53 U
35 54 12 4 L
35 55 0 36 D
35 56 6 56 U
35 57 9 57 U
35 58 9 4 L
35 60 13 60 U
35 62 5 62 U
35 63 11 63 U
35 64 39 19 R
36 0 26 58 U
36 2 27 56 U
36 3 10 56 U
36 4 29 51 U
36 5 20 5 L
36 6 13 54 U
36 7 34 62 U
36 10 24 49 D
36 12 14 41 D
36 18 18 44 D
36 20 28 10 L
36 22 13 22 R
36 23 0 59 U
36 27 22 39 D
36 28 24 28 R
36 29 10 29 R
36 37 20 7 L
36 38 0 27 R
36 39 0 2 L
36 40 19 7 L
36 41 28 57 U
36 42 21 32 R
36 43 6 43 D
36 44 22 11 L
36 45 7 19 R
36 47 7 47 D
36 48 18 1 L
36 49 13 49 D
36 52 33 19 R
36 53 21 23 R
36 54 12 5 L
36 56 12 56 U
36 57 9 57 U
36 58 24 28 R
36 60 20 60 U
36 62 6 62 U
36 63 8 63 U
36 64 20 64 U
37 0 3 62 U
37 4 15 38 D
37 5 11 42 D
37 6 22 42 D
37 7 31 24 R
37 10 21 10 L
37 11 4 11 L
37 18 0 11 L
37 19 5 37 D
37 20 25 8 L
37 23 8 12 L
37 25 1 25 R
37 28 9 62 U
37 29 5 29 R
37 32 2 64 U
37 38 28 7 L
37 39 6 39 D
37 41 38 5 L
37 42 24 0 L
37 43 6 43 D
37 44 4 44 D
37 45 24 45 D
37 47 11 47 D
37 49 23 18 R
37 50 4 50 D
37 52 15 20 R
37 53 22 19 R
37 54 39 23 R
37 56 14 25 R
37 57 12 57 U
37 58 8 23 R
37 60 5 60 U
37 62 14 28 R
37 63 6 63 U
38 0 30 0 L
38 3 37 38 D
38 4 15 4 L
38 6 1 55 U
38 7 18 7 L
38 10 17 10 L
38 12 37 36 D
38 20 11 52 U
38 23 17 23 R
38 28 11 60 U
38 29 21 29 R
38 38 35 57 U
38 39 33 39 D
38 41 35 41 D
38 42 39 42 D
38 43 11 1 L
38 44 12 44 D
38 45 33 33 R
38 47 32 10 L
38 53 23 10 L
38 54 6 19 R
38 56 28 27 R
38 57 11 57 U
38 58 41 23 R
38 60 32 7 L
38 62 29 9 L
39 0 12 0 L
39 4 28 37 D
39 6 11 55 U
39 7 12 7 L
39 10 6 10 L
39 20 2 20 R
39 23 37 23 R
39 29 30 29 R
39 39 10 39 D
39 42 9 42 D
39 43 25 43 D
39 44 12 44 D
39 45 27 13 L
39 47 11 47 D
39 54 27 41 D
39 56 31 18 R
39 57 2 25 R
39 58 41 3 L
39 60 0 8 L
39 62 11 62 U
40 4 3 56 U
40 6 30 38 D
40 7 22 48 D
40 10 7 10 L
40 20 3 3 L
40 23 0 5 L
40 29 19 29 R
40 39 41 39 D
40 42 13 42 D
40 44 33 8 L
40 45 38 45 D
40 56 12 56 U
40 57 5 14 L
40 62 13 4 L
41 4 34 44 D
41 6 34 41 D
41 10 22 10 L
41 20 2 20 R
41 23 29 61 U
41 29 34 29 R
41 39 40 39 D
41 42 19 30 R
41 45 40 45 D
41 62 4 62 U
42 20 2 20 R
42 23 32 47 D
42 45 39 27 R
42 62 6 62 U
43 20 6 51 U

