9 5 37
1 0 0 0 5 0 0 0 0 0 0 0 0 0 0 1
0 0 0 0 0 0 0 0 0 0 0 0 0 0 0 0
0 0 0 0 0 0 0 0 0 0 0 1 8 2 0 0
3 0 0 1 0 0 0 0 0 0 0 0 0 0 0 0
1 0 0 0 0 0 0 0 2 0 0 0 7 0 0 5
0 0 8 0 0 0 0 0 0 0 0 0 0 0 0 0
0 0 0 0 0 0 0 0 0 0 0 0 0 0 0 0
0 0 0 0 6 0 0 0 0 0 0 4 0 0 0 0
0 0 2 0 0 0 0 0 0 0 1 0 0 7 0 0
0 0 0 0 7 0 0 0 0 1 0 3 0 0 0 0
0 0 1 0 5 0 0 0 0 0 0 0 4 0 0 0
0 0 0 0 0 0 0 0 0 0 0 0 0 0 0 0
0 0 0 0 7 0 0 0 6 0 0 0 0 2 0 0
0 0 0 0 0 0 0 0 0 0 2 0 0 0 0 0
3 0 0 0 0 0 0 0 4 2 0 0 0 0 2 0
0 0 0 1 0 0 0 0 1 0 0 0 0 0 2 2
0 0 0 0 R
0 1 0 1 U
0 2 0 2 D
0 3 0 3 L
0 4 0 4 L
1 0 0 2 D
1 1 0 0 R
1 2 0 0 R
1 3 0 2 D
1 4 1 0 R
2 0 0 1 U
2 1 0 3 L
2 2 0 1 U
2 3 0 1 U
2 4 6 4 L
3 0 0 3 L
3 1 2 2 D
3 2 1 2 D
3 3 2 1 U
4 0 2 3 L
4 1 5 1 U
4 2 0 3 L
4 3 1 2 D
5 0 5 0 R
5 1 3 0 R
5 2 2 2 D
5 3 1 1 U
6 0 4 2 D
6 1 4 1 U
6 2 3 3 L
6 3 0 0 R
7 0 2 1 U
7 1 2 1 U
7 2 0 4 L
7 3 6 0 R
8 1 0 2 D
8 3 2 2 D

