15 12 162
7 0 0 7 0 7 8 8 7 0 6
3 12 6 0 0 14 9 11 0 6 3
0 2 8 8 10 0 7 0 0 0 0
7 0 0 0 0 0 11 6 0 10 0
0 7 0 0 11 14 12 0 0 0 0
0 11 9 0 0 0 0 7 0 0 0
0 12 0 0 1 13 0 0 14 2 12
12 1 0 11 10 7 0 8 0 0 0
0 9 12 0 0 0 13 0 11 1 10
0 11 7 0 12 0 0 9 0 0 13
10 0 13 8 7 0 0 0 0 0 6
0 0 0 0 R
0 1 0 1 R
0 2 0 2 R
0 3 0 3 U
0 4 0 4 U
0 5 0 5 U
0 6 0 6 D
0 7 0 7 D
0 8 0 8 D
0 9 0 9 L
0 10 0 10 L
0 11 0 11 L
1 0 0 3 U
1 1 8 1 R
1 2 8 2 R
1 3 4 0 R
1 4 0 8 D
1 5 12 5 U
1 6 7 6 D
1 7 0 9 L
1 8 0 10 L
1 9 0 3 U
1 10 4 4 U
1 11 4 11 L
2 0 10 3 U
2 1 6 3 U
2 2 11 8 D
2 3 0 6 D
2 4 7 7 D
2 5 6 5 U
2 6 7 9 L
2 7 0 2 R
2 8 6 8 D
2 9 1 7 D
2 10 0 7 D
2 11 6 11 L
3 0 11 0 R
3 1 4 9 L
3 2 5 2 R
3 3 5 6 D
3 4 5 4 U
3 5 9 0 R
3 6 4 6 D
3 7 2 7 D
3 8 4 8 D
3 9 2 9 L
3 10 1 6 D
3 11 0 3 U
4 0 1 4 U
4 1 6 5 U
4 2 0 9 L
4 3 1 2 R
4 4 1 4 U
4 5 0 1 R
4 6 0 0 R
4 7 3 7 D
4 8 3 1 R
4 9 0 4 U
4 10 3 7 D
4 11 3 8 D
5 0 0 7 D
5 1 1 5 U
5 2 1 2 R
5 3 7 7 D
5 4 0 2 R
5 5 8 8 D
5 6 2 11 L
5 7 7 11 L
5 8 3 10 L
5 9 0 6 D
5 10 9 6 D
5 11 1 4 U
6 0 3 0 R
6 1 5 10 L
6 2 3 3 U
6 3 0 9 L
6 4 3 0 R
6 5 9 1 R
6 6 2 0 R
6 7 11 0 R
6 8 1 8 D
6 9 11 4 U
6 10 11 5 U
6 11 2 11 L
7 0 1 6 D
7 1 0 6 D
7 2 1 2 R
7 3 1 9 L
7 4 4 1 R
7 5 8 5 U
7 6 0 11 L
7 7 6 1 R
7 8 3 2 R
7 9 0 1 R
7 10 10 6 D
7 11 1 11 L
8 0 0 8 D
8 1 7 6 D
8 2 5 5 U
8 3 0 0 R
8 4 1 6 D
8 5 5 0 R
8 6 9 10 L
8 7 10 2 R
8 8 0 3 U
8 9 1 9 L
8 10 3 4 U
8 11 6 7 D
9 0 0 4 U
9 1 8 10 L
9 2 0 11 L
9 3 0 1 R
9 4 3 4 U
9 5 4 2 R
9 6 5 1 R
9 7 8 1 R
9 8 4 11 L
9 9 4 6 D
9 10 0 8 D
9 11 0 0 R
10 0 5 9 L
10 1 0 10 L
10 2 12 10 L
10 3 3 3 U
10 5 3 8 D
10 6 11 11 L
10 7 9 9 L
10 8 12 0 R
10 9 3 3 U
10 10 1 4 U
10 11 8 1 R
11 0 7 7 D
11 1 2 6 D
11 2 6 2 R
11 3 7 1 R
11 4 7 10 L
11 5 2 5 U
11 6 9 2 R
11 7 6 10 L
11 8 10 9 L
11 9 1 9 L
11 10 4 5 U
11 11 10 11 L
12 0 11 5 U
12 1 11 9 L
12 2 8 2 R
12 3 0 10 L
12 5 11 2 R
12 6 9 1 R
12 7 3 7 D
12 8 2 8 D
12 9 4 7 D
12 10 9 10 L
12 11 10 5 U
13 0 9 10 L
13 7 2 9 L
13 8 14 1 R
13 10 8 3 U
14 0 12 8 D
14 1 13 4 U
14 8 4 8 D
14 9 2 0 R

