33 44 1178
21 0 29 30 4 27 31 0 29 27 0 0 12 30 27 3 29 0 25
14 0 13 30 12 0 0 0 30 22 0 0 0 29 0 25 23 0 12
5 3 2 14 17 18 3 19 0 14 0 0 0 25 0 25 0 12 9
4 18 23 9 0 15 12 0 24 0 2 0 3 24 0 22 0 0 0
23 0 9 7 1 17 2 24 0 0 0 0 13 12 23 12 0 0 4
2 0 21 9 12 18 19 16 28 0 3 24 24 20 26 18 7 20 8
10 0 9 0 25 3 20 5 0 28 0 11 0 28 0 16 16 0 10
16 30 27 5 0 0 13 14 27 0 28 26 24 0 31 23 12 0 0
0 0 0 17 0 9 0 0 23 29 9 7 3 20 17 0 3 0 21
1 5 0 10 28 28 14 15 26 24 0 0 0 0 0 0 19 0 7
0 0 28 8 14 0 15 13 24 0 0 27 0 28 0 0 0 0 0
1 0 0 12 24 0 16 18 7 0 1 26 0 9 0 15 8 13 0
14 22 0 25 22 0 2 13 11 0 28 17 25 21 32 0 31 26 0
16 23 29 9 0 0 0 8 1 0 0 0 26 4 0 23 1 19 0
20 21 0 15 13 0 17 21 0 23 25 0 0 0 0 0 10 10 0
25 8 3 21 0 0 0 8 20 15 0 18 17 4 4 0 0 9 0
0 24 0 20 0 0 18 12 0 21 10 0 6 0 20 22 9 0 0
10 22 3 18 16 0 28 27 0 29 0 0 0 0 0 0 20 0 24
2 25 2 0 18 22 14 14 0 26 17 3 24 0 0 15 9 15 21
0 0 0 0 L
0 1 0 1 L
0 2 0 2 L
0 3 0 3 L
0 4 0 4 L
0 5 0 5 L
0 6 0 6 L
0 7 0 7 L
0 8 0 8 L
0 9 0 9 L
0 10 0 10 R
0 11 0 11 R
0 12 0 12 R
0 13 0 13 R
0 14 0 14 R
0 15 0 15 R
0 16 0 16 R
0 17 0 17 R
0 18 0 18 R
0 19 0 19 R
0 20 0 20 R
0 21 0 21 D
0 22 0 22 D
0 23 0 23 D
0 24 0 24 D
0 25 0 25 D
0 26 0 26 D
0 27 0 27 D
0 28 0 28 D
0 29 0 29 D
0 30 0 30 D
0 31 0 31 D
0 32 0 32 U
0 33 0 33 U
0 34 0 34 U
0 35 0 35 U
0 36 0 36 U
0 37 0 37 U
0 38 0 38 U
0 39 0 39 U
0 40 0 40 U
0 41 0 41 U
0 42 0 42 U
0 43 0 43 U
1 0 6 32 U
1 1 7 1 L
1 2 9 39 U
1 3 14 21 D
1 4 18 29 D
1 5 12 26 D
1 6 22 6 L
1 7 5 29 D
1 8 11 8 L
1 9 11 9 L
1 10 0 22 D
1 11 0 36 U
1 12 0 24 D
1 13 7 33 U
1 14 17 27 D
1 15 3 15 R
1 16 9 16 R
1 17 21 39 U
1 18 3 18 R
1 19 3 19 R
1 20 3 22 D
1 21 0 34 U
1 22 20 12 R
1 23 15 23 D
1 24 0 33 U
1 25 14 3 L
1 26 3 26 D
1 27 6 0 L
1 28 4 28 D
1 29 19 7 L
1 30 3 8 L
1 31 18 1 L
1 32 0 10 R
1 33 9 11 R
1 34 2 34 U
1 35 9 19 R
1 36 9 36 U
1 37 8 37 U
1 38 10 38 U
1 39 5 39 U
1 40 5 5 L
1 41 5 3 L
1 42 5 42 U
1 43 16 43 U
2 0 9 26 D
2 1 11 1 L
2 2 1 23 D
2 3 0 41 U
2 4 7 4 L
2 5 3 36 U
2 6 1 28 D
2 7 11 27 D
2 8 1 8 L
2 9 19 22 D
2 10 0 32 U
2 11 1 11 R
2 12 12 12 R
2 13 20 37 U
2 14 4 40 U
2 15 6 33 U
2 16 23 38 U
2 17 5 17 R
2 18 1 24 D
2 19 4 21 D
2 20 1 20 R
2 21 1 21 D
2 22 1 22 D
2 23 4 2 L
2 24 23 2 L
2 25 17 12 R
2 26 1 26 D
2 27 0 37 U
2 28 1 28 D
2 29 14 29 D
2 30 13 30 D
2 31 7 31 D
2 32 13 19 R
2 33 0 22 D
2 34 3 5 L
2 35 10 35 U
2 36 9 17 R
2 37 1 37 U
2 38 6 3 L
2 39 7 11 R
2 40 13 40 U
2 41 8 41 U
2 42 3 20 R
2 43 6 43 U
3 0 0 32 U
3 1 8 21 D
3 2 9 22 D
3 3 13 34 U
3 4 18 4 L
3 5 15 5 L
3 6 21 6 L
3 7 12 7 L
3 8 0 31 D
3 9 6 9 L
3 10 0 37 U
3 11 15 22 D
3 12 9 23 D
3 13 24 13 R
3 14 0 4 L
3 15 17 15 R
3 16 17 16 R
3 17 4 17 R
3 18 4 8 L
3 19 6 19 R
3 20 0 40 U
3 21 0 8 L
3 22 6 15 R
3 23 15 9 L
3 24 19 12 R
3 25 17 5 L
3 26 11 19 R
3 27 17 14 R
3 28 0 43 U
3 29 4 29 D
3 30 14 30 D
3 31 10 5 L
3 32 14 32 U
3 33 20 5 L
3 34 0 24 D
3 35 12 15 R
3 36 1 36 U
3 37 15 14 R
3 38 8 10 R
3 39 24 18 R
3 40 10 40 U
3 41 0 8 L
3 42 2 18 R
3 43 11 1 L
4 0 26 24 D
4 1 0 23 D
4 2 20 10 R
4 3 8 26 D
4 4 0 17 R
4 5 11 5 L
4 6 22 39 U
4 7 6 7 L
4 8 3 31 D
4 9 10 29 D
4 10 0 33 U
4 11 7 34 U
4 12 2 12 R
4 13 3 27 D
4 14 10 14 R
4 15 1 39 U
4 16 7 29 D
4 17 6 17 R
4 18 22 18 R
4 19 0 5 L
4 20 21 26 D
4 21 17 7 L
4 22 0 0 L
4 23 16 23 D
4 24 0 2 L
4 25 2 12 R
4 26 14 3 L
4 27 0 38 U
4 28 26 6 L
4 29 19 29 D
4 30 14 17 R
4 31 5 8 L
4 32 23 15 R
4 33 2 33 U
4 34 11 8 L
4 35 13 11 R
4 36 8 3 L
4 37 2 37 U
4 38 3 38 U
4 39 3 8 L
4 40 2 40 U
4 41 0 18 R
4 42 19 42 U
4 43 1 43 U
5 0 2 0 L
5 1 17 1 L
5 2 22 31 D
5 3 0 13 R
5 4 6 4 L
5 5 0 26 D
5 6 10 28 D
5 7 3 7 L
5 8 17 27 D
5 9 1 9 L
5 10 14 10 R
5 11 16 21 D
5 12 7 21 D
5 13 18 22 D
5 14 2 14 R
5 15 1 2 L
5 16 11 16 R
5 17 7 17 R
5 18 9 41 U
5 19 23 36 U
5 20 0 35 U
5 21 24 1 L
5 22 1 22 D
5 23 18 1 L
5 24 0 14 R
5 25 13 19 R
5 26 1 26 D
5 27 24 6 L
5 28 0 18 R
5 29 9 29 D
5 30 3 30 D
5 31 21 31 D
5 32 3 14 R
5 33 6 12 R
5 34 24 6 L
5 35 0 4 L
5 36 0 27 D
5 37 3 15 R
5 38 15 4 L
5 39 0 16 R
5 40 3 40 U
5 41 2 41 U
5 43 6 43 U
6 0 10 34 U
6 1 3 37 U
6 2 24 32 U
6 3 8 3 L
6 4 13 28 D
6 5 19 22 D
6 6 11 41 U
6 7 21 34 U
6 8 12 8 L
6 9 2 21 D
6 10 1 22 D
6 11 0 0 L
6 12 22 12 R
6 13 3 13 R
6 14 3 14 R
6 15 11 29 D
6 16 5 31 D
6 17 13 29 D
6 18 2 18 R
6 19 1 19 R
6 20 5 29 D
6 21 19 10 R
6 22 13 22 D
6 23 0 5 L
6 24 0 12 R
6 25 14 0 L
6 26 3 26 D
6 27 0 3 L
6 28 8 15 R
6 29 1 2 L
6 30 4 30 D
6 31 7 16 R
6 32 25 1 L
6 33 2 8 L
6 34 15 34 U
6 35 21 3 L
6 36 1 36 U
6 37 10 11 R
6 38 5 4 L
6 39 3 16 R
6 40 10 18 R
6 41 2 41 U
6 42 3 42 U
6 43 15 17 R
7 0 25 22 D
7 1 1 1 L
7 2 9 23 D
7 3 19 24 D
7 4 15 31 D
7 5 8 5 L
7 6 8 27 D
7 7 12 26 D
7 8 13 8 L
7 9 2 31 D
7 10 6 34 U
7 11 5 11 R
7 12 4 22 D
7 13 22 13 R
7 14 15 24 D
7 15 11 28 D
7 16 1 37 U
7 17 28 36 U
7 18 16 26 D
7 19 3 34 U
7 20 12 20 R
7 21 19 20 R
7 22 10 3 L
7 23 10 4 L
7 24 16 2 L
7 25 10 25 D
7 26 1 5 L
7 27 5 5 L
7 28 13 17 R
7 29 1 29 D
7 30 13 2 L
7 31 1 31 D
7 32 2 10 R
7 33 4 8 L
7 34 8 1 L
7 35 18 29 D
7 36 9 36 U
7 37 1 20 R
7 38 8 12 R
7 39 12 20 R
7 40 1 40 U
7 41 1 41 U
7 42 4 42 U
7 43 2 43 U
8 0 2 34 U
8 1 5 27 D
8 2 0 38 U
8 3 11 34 U
8 4 9 27 D
8 5 7 24 D
8 6 5 38 U
8 7 25 30 D
8 8 11 8 L
8 9 1 31 D
8 10 2 36 U
8 11 17 2 L
8 12 15 23 D
8 13 9 25 D
8 14 3 14 R
8 15 12 34 U
8 16 0 6 L
8 17 3 17 R
8 18 20 27 D
8 19 4 19 R
8 20 10 31 D
8 21 0 10 R
8 22 2 22 D
8 23 4 3 L
8 24 14 12 R
8 25 1 25 D
8 26 27 26 D
8 27 2 27 D
8 28 12 28 D
8 29 26 29 D
8 30 10 30 D
8 31 6 31 D
8 32 0 0 L
8 33 0 1 L
8 34 3 19 R
8 35 0 23 D
8 36 0 13 R
8 37 25 1 L
8 38 7 13 R
8 39 28 19 R
8 40 22 40 U
8 41 11 13 R
8 43 12 12 R
9 0 6 36 U
9 1 5 24 D
9 2 0 25 D
9 3 24 3 L
9 4 5 4 L
9 5 3 24 D
9 6 25 43 U
9 7 14 32 U
9 8 15 28 D
9 9 11 30 D
9 10 16 36 U
9 11 0 23 D
9 12 1 22 D
9 13 14 23 D
9 14 0 5 L
9 15 22 43 U
9 16 0 28 D
9 17 11 40 U
9 18 4 18 R
9 19 3 19 R
9 20 13 20 R
9 21 17 18 R
9 22 0 32 U
9 23 15 23 D
9 24 16 3 L
9 25 10 25 D
9 26 6 26 D
9 27 0 35 U
9 28 16 7 L
9 29 8 29 D
9 30 0 36 U
9 31 2 7 L
9 32 18 0 L
9 33 11 14 R
9 34 10 14 R
9 35 4 35 U
9 36 20 17 R
9 37 5 37 U
9 38 3 38 U
9 39 15 39 U
9 40 12 40 U
9 41 7 14 R
9 43 2 43 U
10 0 0 36 U
10 1 0 22 D
10 2 4 24 D
10 3 21 23 D
10 4 7 29 D
10 5 21 24 D
10 6 12 6 L
10 7 13 31 D
10 8 22 41 U
10 9 4 28 D
10 10 16 35 U
10 11 1 11 R
10 12 17 25 D
10 13 15 39 U
10 14 7 14 R
10 15 8 15 R
10 16 9 42 U
10 17 17 24 D
10 18 1 36 U
10 19 23 22 D
10 20 15 39 U
10 21 13 33 U
10 22 3 22 D
10 23 0 35 U
10 24 17 18 R
10 25 7 25 D
10 26 23 4 L
10 27 2 27 D
10 28 20 28 D
10 29 19 29 D
10 30 1 18 R
10 31 6 31 D
10 32 15 8 L
10 33 2 10 R
10 34 2 12 R
10 35 1 4 L
10 36 13 4 L
10 37 7 14 R
10 38 1 38 U
10 39 2 28 D
10 40 0 31 D
10 41 15 41 U
10 43 15 5 L
11 0 16 33 U
11 1 13 35 U
11 2 3 2 L
11 3 10 25 D
11 4 0 12 R
11 5 7 25 D
11 6 1 6 L
11 7 1 7 L
11 8 8 8 L
11 9 0 16 R
11 10 8 22 D
11 11 0 21 D
11 12 2 33 U
11 13 0 39 U
11 14 23 25 D
11 15 1 15 R
11 16 10 30 D
11 17 4 41 U
11 18 10 23 D
11 19 15 19 R
11 20 20 20 R
11 21 7 8 L
11 22 2 13 R
11 23 22 0 L
11 24 7 14 R
11 25 19 18 R
11 26 0 17 R
11 27 17 37 U
11 28 3 8 L
11 29 1 29 D
11 30 19 15 R
11 31 1 16 R
11 32 0 21 D
11 33 0 19 R
11 34 1 26 D
11 35 13 14 R
11 36 4 36 U
11 37 3 10 R
11 38 4 9 L
11 39 14 17 R
11 40 22 7 L
11 41 15 18 R
11 42 18 16 R
11 43 5 43 U
12 0 27 21 D
12 1 6 1 L
12 2 19 23 D
12 3 17 35 U
12 4 22 36 U
12 5 2 26 D
12 6 24 33 U
12 7 3 7 L
12 8 17 33 U
12 9 0 15 R
12 10 14 43 U
12 11 15 1 L
12 12 2 12 R
12 13 19 43 U
12 14 17 14 R
12 15 13 15 R
12 16 3 16 R
12 17 0 7 L
12 18 11 18 R
12 19 16 19 R
12 20 0 33 U
12 21 16 4 L
12 22 9 9 L
12 23 9 23 D
12 24 9 24 D
12 25 7 3 L
12 26 19 6 L
12 27 0 20 R
12 28 14 34 U
12 29 7 29 D
12 30 17 4 L
12 31 23 31 D
12 32 7 9 L
12 33 0 15 R
12 34 8 34 U
12 35 10 16 R
12 36 11 2 L
12 37 21 12 R
12 38 17 15 R
12 39 29 39 U
12 40 2 11 R
12 41 25 11 R
12 42 2 42 U
12 43 16 43 U
13 0 0 21 D
13 1 24 25 D
13 2 21 2 L
13 3 6 3 L
13 4 3 4 L
13 5 15 5 L
13 6 12 6 L
13 7 4 7 L
13 8 3 23 D
13 9 9 31 D
13 10 27 37 U
13 11 0 5 L
13 12 0 2 L
13 13 9 13 R
13 14 11 14 R
13 15 20 15 R
13 16 3 16 R
13 17 0 23 D
13 18 2 18 R
13 19 2 19 R
13 20 12 20 R
13 21 0 42 U
13 22 26 22 D
13 23 18 13 R
13 24 0 13 R
13 25 12 14 R
13 26 26 26 D
13 27 14 27 D
13 28 2 28 D
13 29 15 18 R
13 30 1 30 D
13 31 16 18 R
13 32 11 2 L
13 33 18 33 U
13 34 25 16 R
13 35 15 2 L
13 36 23 36 U
13 37 21 9 L
13 38 2 38 U
13 39 2 6 L
13 40 19 17 R
13 41 17 41 U
13 43 9 17 R
14 0 28 29 D
14 1 16 33 U
14 2 15 2 L
14 3 15 23 D
14 4 10 26 D
14 5 18 5 L
14 6 17 40 U
14 7 16 40 U
14 8 9 24 D
14 9 0 33 U
14 10 1 32 U
14 11 1 11 R
14 12 12 36 U
14 13 4 34 U
14 14 0 35 U
14 15 3 38 U
14 16 24 24 D
14 17 17 30 D
14 18 3 18 R
14 19 0 42 U
14 20 20 20 R
14 21 0 11 R
14 22 26 5 L
14 23 1 23 D
14 24 22 24 D
14 25 2 10 R
14 26 29 11 R
14 27 8 20 R
14 28 17 1 L
14 29 6 16 R
14 30 0 19 R
14 31 6 31 D
14 32 4 18 R
14 33 10 10 R
14 34 2 0 L
14 35 26 35 U
14 36 2 16 R
14 37 15 13 R
14 38 8 3 L
14 39 25 39 U
14 40 8 14 R
14 41 10 41 U
14 42 4 19 R
14 43 2 43 U
15 0 26 22 D
15 1 9 32 U
15 2 16 27 D
15 3 18 28 D
15 4 10 25 D
15 5 0 27 D
15 6 24 27 D
15 7 9 23 D
15 8 0 30 D
15 9 17 9 L
15 10 18 30 D
15 11 23 37 U
15 12 1 12 R
15 13 4 36 U
15 14 2 14 R
15 15 22 32 U
15 16 26 16 R
15 17 27 43 U
15 18 17 40 U
15 19 1 31 D
15 20 14 20 R
15 21 19 0 L
15 22 14 10 R
15 23 14 11 R
15 24 4 35 U
15 25 7 25 D
15 26 20 26 D
15 27 18 27 D
15 28 5 28 D
15 29 20 3 L
15 30 0 6 L
15 31 16 4 L
15 32 6 1 L
15 33 10 33 U
15 34 5 11 R
15 35 14 35 U
15 36 8 0 L
15 37 0 28 D
15 38 6 14 R
15 39 9 2 L
15 40 6 6 L
15 41 13 41 U
15 43 21 43 U
16 0 12 30 D
16 1 5 12 R
16 2 15 21 D
16 3 20 36 U
16 4 3 4 L
16 5 3 38 U
16 6 12 39 U
16 8 0 42 U
16 9 5 9 L
16 11 7 40 U
16 12 1 12 R
16 13 0 34 U
16 14 19 36 U
16 15 18 43 U
16 16 23 2 L
16 17 3 17 R
16 18 0 8 L
16 19 3 19 R
16 20 2 20 R
16 21 3 11 R
16 22 8 0 L
16 23 1 34 U
16 24 2 14 R
16 25 11 25 D
16 26 19 12 R
16 27 2 27 D
16 28 4 5 L
16 29 23 0 L
16 30 14 18 R
16 31 1 31 D
16 32 1 3 L
16 33 2 33 U
16 34 4 34 U
16 35 10 35 U
16 36 14 7 L
16 37 19 37 U
16 38 2 38 U
16 41 10 41 U
16 43 13 13 R
17 0 14 21 D
17 1 2 38 U
17 2 13 34 U
17 3 26 29 D
17 4 22 32 U
17 5 3 5 L
17 6 11 28 D
17 7 3 23 D
17 8 10 38 U
17 9 12 9 L
17 10 22 24 D
17 11 27 33 U
17 12 11 21 D
17 13 12 35 U
17 14 3 14 R
17 15 4 15 R
17 16 23 25 D
17 17 0 30 D
17 18 0 1 L
17 19 13 19 R
17 20 23 20 R
17 21 12 2 L
17 22 6 6 L
17 23 19 13 R
17 24 11 20 R
17 25 21 38 U
17 26 8 0 L
17 27 11 27 D
17 28 0 13 R
17 29 16 6 L
17 30 9 6 L
17 31 6 12 R
17 32 0 7 L
17 33 6 3 L
17 34 14 34 U
17 35 11 5 L
17 36 10 16 R
17 37 20 19 R
17 38 19 0 L
17 39 3 9 L
17 40 22 4 L
17 41 18 41 U
17 42 13 3 L
17 43 28 16 R
18 0 1 30 D
18 1 27 26 D
18 2 0 24 D
18 3 1 24 D
18 4 1 4 L
18 5 10 10 R
18 6 0 28 D
18 7 8 25 D
18 8 0 14 R
18 9 3 38 U
18 10 9 23 D
18 11 4 38 U
18 12 0 1 L
18 13 8 13 R
18 14 11 38 U
18 15 0 7 L
18 16 1 40 U
18 17 9 17 R
18 18 1 18 R
18 19 17 33 U
18 20 5 20 R
18 21 20 3 L
18 22 19 13 R
18 23 0 9 L
18 24 10 4 L
18 25 1 4 L
18 26 1 17 R
18 27 0 39 U
18 28 29 4 L
18 29 22 12 R
18 30 2 6 L
18 31 0 11 R
18 32 23 3 L
18 33 0 3 L
18 34 2 34 U
18 35 28 8 L
18 36 13 13 R
18 37 8 16 R
18 38 19 25 D
18 40 24 30 D
18 41 14 41 U
18 43 9 43 U
19 0 7 21 D
19 1 3 11 R
19 2 20 37 U
19 3 0 43 U
19 4 3 4 L
19 5 11 5 L
19 6 20 25 D
19 8 21 37 U
19 9 1 34 U
19 10 24 32 U
19 11 14 34 U
19 12 15 32 U
19 13 3 35 U
19 14 18 23 D
19 15 11 43 U
19 16 27 39 U
19 17 6 26 D
19 18 11 32 U
19 19 15 19 R
19 20 2 20 R
19 21 24 5 L
19 22 15 12 R
19 23 0 37 U
19 24 28 3 L
19 25 0 10 R
19 26 1 26 D
19 27 9 27 D
19 28 20 41 U
19 29 16 3 L
19 30 0 13 R
19 31 2 3 L
19 32 1 12 R
19 33 1 11 R
19 34 10 11 R
19 35 12 35 U
19 36 0 26 D
19 37 1 5 L
19 38 2 38 U
19 39 9 12 R
19 40 13 40 U
19 41 9 41 U
19 43 8 43 U
20 0 21 39 U
20 1 3 33 U
20 2 7 2 L
20 3 23 27 D
20 4 6 42 U
20 5 23 33 U
20 6 1 6 L
20 7 18 23 D
20 8 12 8 L
20 10 5 35 U
20 11 0 9 L
20 12 11 37 U
20 13 1 37 U
20 14 3 14 R
20 15 3 28 D
20 16 15 16 R
20 17 7 17 R
20 18 12 23 D
20 19 11 30 D
20 20 22 40 U
20 21 19 6 L
20 22 17 11 R
20 23 29 23 D
20 24 12 13 R
20 25 9 11 R
20 26 18 7 L
20 27 21 37 U
20 28 9 28 D
20 29 19 29 D
20 30 14 10 R
20 31 5 9 L
20 32 25 7 L
20 33 24 11 R
20 34 4 5 L
20 35 2 35 U
20 36 0 14 R
20 37 14 6 L
20 38 19 6 L
20 40 7 40 U
20 41 1 41 U
20 43 14 20 R
21 0 10 32 U
21 1 0 21 D
21 2 0 42 U
21 3 15 3 L
21 4 0 26 D
21 5 2 25 D
21 6 13 30 D
21 8 0 21 D
21 10 9 32 U
21 11 20 11 R
21 12 11 33 U
21 13 6 13 R
21 14 7 25 D
21 15 9 35 U
21 16 14 27 D
21 17 12 23 D
21 18 1 18 R
21 19 1 19 R
21 20 13 20 R
21 22 26 42 U
21 23 25 11 R
21 24 24 14 R
21 25 0 0 L
21 26 0 36 U
21 27 16 9 L
21 28 19 16 R
21 29 1 29 D
21 30 5 30 D
21 31 22 20 R
21 32 15 10 R
21 33 2 33 U
21 34 5 12 R
21 35 3 13 R
21 36 15 2 L
21 37 22 37 U
21 38 3 15 R
21 43 28 15 R
22 0 1 33 U
22 1 4 1 L
22 2 17 35 U
22 3 6 3 L
22 4 10 38 U
22 5 6 5 L
22 6 3 6 L
22 8 19 8 L
22 10 19 33 U
22 11 6 22 D
22 12 0 3 L
22 13 24 23 D
22 14 4 14 R
22 15 24 27 D
22 16 13 16 R
22 17 13 25 D
22 18 7 18 R
22 19 0 9 L
22 20 30 23 D
22 21 14 11 R
22 22 2 3 L
22 23 2 23 D
22 24 1 17 R
22 25 3 15 R
22 26 10 1 L
22 27 20 13 R
22 28 30 0 L
22 29 6 39 U
22 30 0 4 L
22 31 19 37 U
22 32 20 5 L
22 33 9 1 L
22 34 13 34 U
22 35 26 35 U
22 36 26 10 R
22 37 7 37 U
22 38 11 38 U
22 39 2 14 R
22 40 7 40 U
22 43 13 43 U
23 0 4 29 D
23 1 0 11 R
23 2 3 22 D
23 3 24 3 L
23 4 7 12 R
23 5 27 43 U
23 6 13 34 U
23 9 16 39 U
23 10 1 39 U
23 11 18 43 U
23 12 3 21 D
23 13 2 29 D
23 14 7 14 R
23 15 0 32 U
23 17 25 38 U
23 18 12 18 R
23 19 7 19 R
23 22 8 1 L
23 23 0 4 L
23 24 17 2 L
23 25 1 1 L
23 26 2 36 U
23 27 7 27 D
23 28 13 28 D
23 29 12 4 L
23 30 2 30 D
23 31 6 19 R
23 32 22 8 L
23 33 15 18 R
23 34 11 34 U
23 35 19 7 L
23 36 11 7 L
23 37 17 20 R
23 38 6 8 L
23 39 2 39 U
23 40 1 17 R
23 42 0 9 L
23 43 2 43 U
24 0 12 32 U
24 1 0 10 R
24 2 7 2 L
24 3 5 3 L
24 4 25 4 L
24 5 3 39 U
24 8 25 34 U
24 11 23 35 U
24 12 7 12 R
24 13 9 34 U
24 14 1 14 R
24 15 9 26 D
24 17 13 32 U
24 18 9 37 U
24 19 1 19 R
24 20 2 20 R
24 21 23 9 L
24 22 3 11 R
24 23 21 0 L
24 24 0 40 U
24 25 13 25 D
24 26 1 26 D
24 27 1 27 D
24 28 20 28 D
24 29 9 29 D
24 30 22 30 D
24 32 10 4 L
24 33 1 12 R
24 34 22 2 L
24 35 15 19 R
24 36 14 4 L
24 37 1 37 U
24 38 21 18 R
24 40 10 28 D
24 43 8 43 U
25 0 1 32 U
25 1 3 21 D
25 2 2 24 D
25 4 3 4 L
25 5 7 5 L
25 8 22 22 D
25 11 11 30 D
25 12 9 22 D
25 14 20 21 D
25 15 20 21 D
25 17 9 17 R
25 18 1 28 D
25 19 0 21 D
25 21 0 43 U
25 22 14 12 R
25 23 2 1 L
25 24 14 24 D
25 25 15 5 L
25 26 1 2 L
25 27 27 27 D
25 28 7 28 D
25 29 2 29 D
25 30 3 30 D
25 32 3 7 L
25 33 7 10 R
25 34 23 17 R
25 35 23 16 R
25 36 10 36 U
25 37 17 10 R
25 38 0 7 L
25 40 10 40 U
25 43 0 2 L
26 0 14 22 D
26 1 25 23 D
26 2 22 2 L
26 3 28 26 D
26 5 22 5 L
26 11 15 32 U
26 12 1 12 R
26 14 6 35 U
26 15 4 15 R
26 16 16 16 R
26 18 1 8 L
26 22 13 22 D
26 23 15 23 D
26 24 3 24 D
26 25 25 13 R
26 26 0 40 U
26 27 21 10 R
26 30 1 30 D
26 32 13 12 R
26 33 22 12 R
26 34 27 34 U
26 35 15 35 U
26 36 3 36 U
26 37 1 37 U
26 39 20 39 U
26 40 0 14 R
26 43 5 11 R
27 0 11 0 L
27 1 23 26 D
27 4 15 22 D
27 5 6 5 L
27 11 11 21 D
27 12 2 22 D
27 14 23 32 U
27 15 17 15 R
27 21 20 14 R
27 22 12 20 R
27 23 19 2 L
27 24 19 24 D
27 25 4 25 D
27 27 9 27 D
27 29 14 6 L
27 31 15 36 U
27 32 15 6 L
27 33 1 10 R
27 34 24 15 R
27 35 5 10 R
27 36 10 25 D
27 37 10 37 U
27 40 1 18 R
27 43 8 43 U
28 0 0 41 U
28 1 12 28 D
28 4 8 24 D
28 5 1 24 D
28 11 27 34 U
28 12 2 12 R
28 14 22 22 D
28 15 27 21 D
28 22 14 32 U
28 23 9 15 R
28 24 23 15 R
28 28 24 28 D
28 33 8 15 R
28 35 4 35 U
28 36 0 25 D
28 39 26 12 R
28 43 2 16 R
29 0 1 0 L
29 1 26 36 U
29 5 0 25 D
29 12 15 43 U
29 14 3 0 L
29 15 0 23 D
29 22 18 3 L
29 23 1 23 D
29 33 26 33 U
29 35 5 5 L
29 43 2 43 U
30 5 1 5 L
30 12 22 40 U
30 14 15 14 R
30 15 8 15 R
30 33 27 2 L
30 35 12 35 U
30 43 0 22 D
31 5 24 5 L
31 12 20 21 D
31 33 3 0 L
32 12 26 12 R

