14 10 109
3 1 4 0 10 0 0 0 0 0 10 2 3 0 7
0 9 2 0 0 5 0 0 1 0 0 0 0 5 0
7 0 4 4 0 12 0 0 0 0 12 0 10 0 0
0 3 0 0 11 0 2 0 0 1 0 0 0 0 0
5 0 0 4 0 0 3 0 0 4 0 0 0 0 0
0 0 0 11 1 0 8 11 0 1 0 0 0 0 0
0 6 0 12 0 0 13 0 0 0 2 10 9 0 0
6 0 0 0 8 7 6 9 0 0 0 0 0 2 0
9 8 0 0 0 0 7 4 0 13 9 0 0 0 0
0 0 0 3 0 4 0 11 0 0 0 0 0 0 5
0 0 0 0 0 0 0 3 0 0 6 0 3 0 0
10 0 5 0 0 0 1 0 0 0 11 0 5 11 0
0 0 0 4 11 0 0 7 0 0 5 0 13 5 0
0 7 0 0 0 0 0 3 6 12 0 10 0 0 7
0 0 7 0 0 7 9 0 0 8 0 0 0 12 8
0 0 0 0 R
0 1 0 1 R
0 2 0 2 R
0 3 0 3 U
0 4 0 4 U
0 5 0 5 U
0 6 0 6 D
0 7 0 7 D
0 8 0 8 L
0 9 0 9 L
1 0 0 8 L
1 1 0 6 D
1 2 0 9 L
1 3 0 8 L
1 4 0 2 R
1 5 5 5 U
1 6 0 2 R
1 7 8 7 D
1 8 2 8 L
1 9 2 7 D
2 0 0 7 D
2 1 1 4 U
2 2 1 2 R
2 3 0 0 R
2 4 1 9 L
2 5 0 6 D
2 6 0 8 L
2 7 0 1 R
2 8 0 6 D
2 9 6 9 L
3 0 1 0 R
3 1 4 6 D
3 2 4 2 R
3 3 9 1 R
3 4 5 1 R
3 5 5 1 R
3 6 4 1 R
3 7 1 7 D
3 8 7 8 L
3 9 0 3 U
4 0 9 0 R
4 1 5 3 U
4 2 2 6 D
4 3 5 6 D
4 4 7 9 L
4 5 2 5 U
4 6 5 6 D
4 7 2 2 R
4 8 0 5 U
4 9 1 9 L
5 0 2 0 R
5 2 4 6 D
5 3 2 8 L
5 4 3 4 U
5 6 0 0 R
5 7 6 7 D
5 8 0 0 R
5 9 9 6 D
6 0 0 4 U
6 1 5 1 R
6 3 3 0 R
6 4 2 4 U
6 6 8 6 D
6 7 0 3 U
6 8 0 4 U
6 9 2 3 U
7 0 0 3 U
7 3 3 3 U
7 4 1 7 D
7 6 6 6 D
7 7 1 4 U
7 8 8 3 U
7 9 6 3 U
8 0 4 0 R
8 3 0 9 L
8 4 3 2 R
8 6 6 0 R
8 7 7 9 L
8 8 1 8 L
8 9 3 9 L
9 0 8 3 U
9 3 2 0 R
9 4 7 4 U
9 6 3 2 R
9 7 4 0 R
9 8 0 7 D
9 9 0 0 R
10 0 6 5 U
10 3 1 8 L
10 4 8 9 L
10 6 2 0 R
10 7 6 0 R
10 8 5 5 U
10 9 4 7 D
11 0 4 7 D
11 3 1 1 R
11 4 1 1 R
11 6 10 0 R
11 7 1 7 D
11 8 4 1 R
11 9 3 4 U
12 0 5 6 D
12 3 9 0 R
12 6 2 8 L
12 7 0 4 U
12 8 2 4 U
13 0 6 9 L
13 6 7 6 D
13 8 5 7 D

