30 26 655
23 4 7 20 0 16 16 23 7 7 11 18 19 1 9
25 0 23 0 0 4 26 25 18 17 9 3 0 17 12
16 0 17 18 15 0 0 25 2 26 0 0 21 26 20
28 0 0 0 0 0 24 22 10 25 22 16 0 0 27
9 11 10 19 26 22 19 0 0 0 23 1 24 26 0
15 0 18 0 22 21 5 23 1 0 19 0 4 25 5
9 19 13 0 1 2 0 3 0 0 24 0 0 13 0
16 0 3 21 0 23 0 21 9 0 0 0 14 0 2
19 0 0 0 5 16 25 9 0 0 24 26 16 29 3
25 10 0 18 0 27 22 0 0 28 0 5 19 0 19
0 18 0 0 23 0 0 3 0 23 6 0 2 0 11
0 0 0 24 0 8 0 0 0 10 0 21 8 0 0
10 4 17 21 22 22 0 20 19 28 0 27 1 27 3
24 3 15 0 24 0 25 0 15 25 24 6 0 5 9
7 4 7 0 18 0 27 0 25 0 22 23 17 15 18
0 0 0 0 D
0 1 0 1 D
0 2 0 2 D
0 3 0 3 D
0 4 0 4 D
0 5 0 5 D
0 6 0 6 D
0 7 0 7 R
0 8 0 8 R
0 9 0 9 R
0 10 0 10 R
0 11 0 11 R
0 12 0 12 R
0 13 0 13 U
0 14 0 14 U
0 15 0 15 U
0 16 0 16 U
0 17 0 17 U
0 18 0 18 U
0 19 0 19 L
0 20 0 20 L
0 21 0 21 L
0 22 0 22 L
0 23 0 23 L
0 24 0 24 L
0 25 0 25 L
1 0 10 0 D
1 1 0 9 R
1 2 8 20 L
1 3 7 9 R
1 4 5 9 R
1 5 2 5 D
1 6 15 9 R
1 7 0 0 D
1 8 0 1 D
1 9 6 9 R
1 10 4 10 R
1 11 0 2 D
1 12 2 12 R
1 13 0 12 R
1 14 19 22 L
1 15 0 1 D
1 16 7 16 U
1 17 8 19 L
1 18 2 18 U
1 19 13 17 U
1 20 2 20 L
1 21 6 21 L
1 22 20 22 L
1 23 12 23 L
1 24 17 16 U
1 25 5 15 U
2 0 5 22 L
2 1 13 9 R
2 2 1 2 D
2 3 9 3 D
2 4 5 4 D
2 5 1 5 D
2 6 8 6 D
2 7 10 1 D
2 8 5 8 R
2 9 4 9 R
2 10 1 10 R
2 11 0 17 U
2 12 3 12 R
2 13 13 0 D
2 14 0 19 L
2 15 4 10 R
2 16 0 9 R
2 17 0 22 L
2 18 9 7 R
2 19 9 2 D
2 20 12 16 U
2 21 11 21 L
2 22 6 3 D
2 23 15 15 U
2 24 0 3 D
2 25 11 25 L
3 0 14 11 R
3 1 2 1 D
3 2 14 2 D
3 3 2 3 D
3 4 5 4 D
3 5 2 5 D
3 6 12 6 D
3 7 1 25 L
3 8 12 17 U
3 9 4 14 U
3 10 6 10 R
3 11 15 0 D
3 12 15 12 R
3 13 10 13 U
3 14 1 14 U
3 15 11 11 R
3 16 5 16 U
3 17 2 17 U
3 18 6 1 D
3 19 13 5 D
3 20 10 14 U
3 21 9 13 U
3 22 1 22 L
3 23 7 23 L
3 24 9 7 R
3 25 7 25 L
4 0 8 20 L
4 1 0 22 L
4 2 0 11 R
4 3 8 18 U
4 4 9 4 D
4 5 10 24 L
4 6 14 25 L
4 7 12 4 D
4 8 12 3 D
4 9 2 0 D
4 10 11 10 R
4 11 2 11 R
4 12 15 18 U
4 13 0 0 D
4 14 13 14 U
4 15 6 20 L
4 16 5 16 U
4 17 5 17 U
4 18 0 5 D
4 19 0 14 U
4 20 0 7 R
4 21 20 16 U
4 22 0 16 U
4 23 5 18 U
4 24 2 18 U
4 25 6 25 L
5 0 3 0 D
5 1 1 1 D
5 2 1 8 R
5 3 4 3 D
5 4 14 21 L
5 5 18 5 D
5 6 19 6 D
5 7 14 0 D
5 8 11 1 D
5 9 2 9 R
5 10 9 0 D
5 11 17 1 D
5 12 16 12 R
5 13 18 19 L
5 14 0 7 R
5 15 3 15 U
5 16 11 9 R
5 17 18 17 U
5 18 3 18 U
5 19 0 13 U
5 20 3 20 L
5 21 2 21 L
5 22 10 13 U
5 23 10 23 L
5 24 1 24 L
5 25 1 25 L
6 0 3 0 D
6 1 9 10 R
6 2 2 7 R
6 3 5 11 R
6 4 3 4 D
6 5 19 9 R
6 6 14 6 D
6 7 0 13 U
6 8 0 20 L
6 9 3 19 L
6 10 9 10 R
6 11 1 11 R
6 12 9 12 R
6 13 3 8 R
6 14 19 8 R
6 15 0 21 L
6 16 19 22 L
6 17 22 21 L
6 18 24 10 R
6 19 1 15 U
6 20 1 20 L
6 21 13 5 D
6 22 10 22 L
6 23 4 17 U
6 24 8 24 L
6 25 3 25 L
7 0 4 7 R
7 1 0 8 R
7 2 10 11 R
7 3 0 20 L
7 4 2 19 L
7 5 5 5 D
7 6 3 6 D
7 7 0 4 D
7 8 13 8 R
7 9 6 9 R
7 10 6 2 D
7 11 4 11 R
7 12 0 5 D
7 13 0 11 R
7 14 2 20 L
7 15 11 23 L
7 16 0 7 R
7 17 0 10 R
7 18 2 18 U
7 19 1 13 U
7 20 17 8 R
7 21 19 21 L
7 22 2 22 L
7 23 9 3 D
7 24 8 24 L
7 25 0 12 R
8 0 4 9 R
8 1 16 11 R
8 2 3 2 D
8 3 15 19 L
8 4 13 15 U
8 5 4 24 L
8 6 3 7 R
8 7 16 7 R
8 8 17 15 U
8 9 21 18 U
8 10 18 2 D
8 11 21 21 L
8 12 11 12 R
8 13 16 4 D
8 14 1 23 L
8 15 7 20 L
8 16 1 16 U
8 17 4 6 D
8 18 13 18 U
8 19 7 9 R
8 20 16 0 D
8 21 17 21 L
8 22 11 22 L
8 23 2 23 L
8 24 11 24 L
8 25 10 25 L
9 0 8 8 R
9 1 7 1 D
9 2 8 2 D
9 3 2 3 D
9 4 1 16 U
9 5 1 5 D
9 6 24 21 L
9 7 10 13 U
9 8 0 19 L
9 9 0 14 U
9 10 0 22 L
9 11 8 11 R
9 12 0 3 D
9 13 16 11 R
9 14 0 0 D
9 15 0 8 R
9 16 15 16 U
9 17 1 17 U
9 18 1 12 R
9 19 0 5 D
9 20 0 13 U
9 21 0 9 R
9 22 4 16 U
9 23 0 8 R
9 24 13 24 L
9 25 15 14 U
10 0 0 7 R
10 1 23 12 R
10 2 16 23 L
10 3 6 3 D
10 4 1 4 D
10 5 4 5 D
10 6 11 12 R
10 7 12 17 U
10 8 0 14 U
10 9 0 15 U
10 10 3 18 U
10 11 21 11 R
10 12 1 12 R
10 13 9 10 R
10 14 22 14 U
10 15 9 23 L
10 16 5 16 U
10 17 1 1 D
10 18 23 18 U
10 19 13 0 D
10 20 23 20 L
10 21 0 8 R
10 22 1 22 L
10 23 1 23 L
10 24 0 8 R
10 25 1 25 L
11 0 0 25 L
11 1 24 19 L
11 2 4 2 D
11 3 7 23 L
11 4 5 4 D
11 5 13 7 R
11 6 4 6 D
11 7 21 19 L
11 8 3 8 R
11 9 3 1 D
11 10 7 10 R
11 11 20 14 U
11 12 9 18 U
11 13 12 22 L
11 14 1 14 U
11 15 21 9 R
11 16 4 24 L
11 17 1 19 L
11 18 14 18 U
11 19 10 19 L
11 20 1 20 L
11 21 1 21 L
11 22 0 9 R
11 23 1 23 L
11 24 4 24 L
11 25 6 16 U
12 0 3 20 L
12 1 1 8 R
12 2 5 2 D
12 3 14 21 L
12 4 13 24 L
12 5 6 16 U
12 6 4 6 D
12 7 1 7 R
12 8 11 8 R
12 9 6 9 R
12 10 24 10 R
12 11 6 11 R
12 12 18 22 L
12 13 22 7 R
12 14 0 24 L
12 15 10 8 R
12 16 5 16 U
12 17 0 20 L
12 18 18 9 R
12 19 0 1 D
12 20 6 13 U
12 21 1 21 L
12 22 20 14 U
12 23 2 23 L
12 24 5 17 U
12 25 10 13 U
13 0 2 21 L
13 1 4 1 D
13 2 16 7 R
13 3 16 3 D
13 4 2 21 L
13 5 15 17 U
13 6 5 6 D
13 7 24 7 R
13 8 2 0 D
13 9 2 9 R
13 10 5 14 U
13 11 9 15 U
13 12 25 15 U
13 13 14 25 L
13 14 0 20 L
13 15 5 15 U
13 16 2 16 U
13 17 0 2 D
13 18 4 18 U
13 19 1 2 D
13 20 1 15 U
13 21 24 13 U
13 22 0 17 U
13 23 2 23 L
13 24 2 24 L
13 25 21 15 U
14 0 2 0 D
14 1 1 25 L
14 2 2 2 D
14 3 24 8 R
14 4 12 4 D
14 5 4 11 R
14 6 17 6 D
14 7 7 17 U
14 8 3 8 R
14 9 20 17 U
14 10 8 18 U
14 11 11 11 R
14 12 12 12 R
14 13 11 5 D
14 14 4 12 R
14 15 18 5 D
14 16 0 19 L
14 17 6 10 R
14 18 0 2 D
14 19 4 2 D
14 20 17 18 U
14 21 16 14 U
14 22 0 1 D
14 23 10 13 U
14 24 4 24 L
14 25 17 25 L
15 0 18 10 R
15 1 13 21 L
15 2 14 22 L
15 3 9 25 L
15 4 7 12 R
15 5 3 5 D
15 6 0 20 L
15 7 5 22 L
15 8 12 13 U
15 9 0 16 U
15 10 8 1 D
15 11 3 11 R
15 12 8 16 U
15 13 11 13 U
15 14 5 14 U
15 15 7 1 D
15 16 1 16 U
15 17 22 17 U
15 18 2 22 L
15 19 1 14 U
15 20 17 15 U
15 21 9 3 D
15 22 2 3 D
15 23 24 23 L
15 25 2 25 L
16 0 0 19 L
16 1 26 8 R
16 2 3 2 D
16 4 3 4 D
16 5 17 8 R
16 6 2 9 R
16 7 13 7 R
16 8 2 8 R
16 9 18 16 U
16 10 14 17 U
16 11 0 21 L
16 12 18 12 R
16 13 6 12 R
16 14 22 7 R
16 15 23 15 U
16 16 12 23 L
16 17 3 17 U
16 18 3 18 U
16 19 23 19 L
16 20 6 20 L
16 21 12 21 L
16 22 0 10 R
16 23 23 23 L
16 24 7 3 D
16 25 2 25 L
17 0 15 20 L
17 1 3 24 L
17 2 19 19 L
17 3 3 10 R
17 4 3 4 D
17 6 11 6 D
17 7 15 2 D
17 8 11 18 U
17 9 22 15 U
17 10 9 1 D
17 11 1 11 R
17 12 2 12 R
17 13 10 7 R
17 14 0 5 D
17 15 13 15 U
17 16 5 5 D
17 17 11 19 L
17 18 16 18 U
17 19 14 7 R
17 20 23 20 L
17 21 7 21 L
17 22 1 17 U
17 23 8 14 U
17 24 24 13 U
17 25 23 0 D
18 0 7 19 L
18 1 23 7 R
18 2 12 24 L
18 4 12 19 L
18 6 15 6 D
18 7 0 22 L
18 8 3 8 R
18 9 0 3 D
18 10 4 14 U
18 11 19 11 R
18 12 1 12 R
18 13 22 9 R
18 14 4 14 U
18 15 3 8 R
18 16 4 6 D
18 17 13 17 U
18 18 10 20 L
18 19 10 6 D
18 20 20 4 D
18 21 1 4 D
18 22 2 2 D
18 23 12 23 L
18 24 0 0 D
18 25 19 10 R
19 0 1 23 L
19 1 12 14 U
19 2 5 25 L
19 4 15 4 D
19 7 2 14 U
19 8 4 3 D
19 9 16 9 R
19 10 26 16 U
19 11 1 11 R
19 12 5 12 R
19 13 17 6 D
19 14 5 14 U
19 16 2 24 L
19 17 18 11 R
19 18 0 1 D
19 19 15 15 U
19 20 4 13 U
19 21 2 21 L
19 22 21 22 L
19 23 17 11 R
19 25 8 25 L
20 0 2 20 L
20 1 21 13 U
20 2 25 12 R
20 3 16 24 L
20 4 10 23 L
20 7 22 15 U
20 8 6 18 U
20 9 5 9 R
20 10 2 10 R
20 11 1 11 R
20 12 9 4 D
20 13 5 8 R
20 14 5 14 U
20 15 3 7 R
20 16 8 8 R
20 17 5 7 R
20 18 9 21 L
20 19 1 4 D
20 20 3 13 U
20 21 12 15 U
20 22 2 22 L
20 23 14 17 U
20 25 6 25 L
21 0 10 21 L
21 1 10 1 D
21 2 5 2 D
21 3 23 12 R
21 4 10 4 D
21 6 0 10 R
21 7 5 13 U
21 8 14 19 L
21 9 9 16 U
21 10 6 10 R
21 12 19 12 R
21 13 18 12 R
21 14 12 23 L
21 15 3 22 L
21 16 16 12 R
21 17 14 19 L
21 18 22 0 D
21 19 4 19 L
21 20 1 13 U
21 21 2 18 U
21 22 0 7 R
21 23 1 23 L
21 25 12 25 L
22 0 1 7 R
22 1 4 25 L
22 2 24 2 D
22 5 10 21 L
22 7 4 6 D
22 8 2 4 D
22 9 24 15 U
22 10 23 0 D
22 12 12 17 U
22 14 12 10 R
22 15 5 1 D
22 16 14 19 L
22 17 3 17 U
22 18 1 21 L
22 19 21 1 D
22 20 19 20 L
22 21 20 0 D
22 22 25 9 R
22 23 23 23 L
22 25 17 25 L
23 0 12 0 D
23 1 18 25 L
23 2 10 2 D
23 4 8 19 L
23 6 1 6 D
23 7 27 13 U
23 8 10 8 R
23 9 0 6 D
23 10 3 10 R
23 11 19 18 U
23 12 6 25 L
23 13 25 13 U
23 14 6 10 R
23 15 18 15 U
23 16 4 22 L
23 17 0 3 D
23 18 17 6 D
23 19 12 7 R
23 20 1 20 L
23 21 12 21 L
23 22 8 22 L
23 23 20 16 U
23 25 13 25 L
24 0 6 10 R
24 1 10 1 D
24 6 9 6 D
24 7 23 7 R
24 8 20 21 L
24 9 5 9 R
24 10 5 10 R
24 11 16 16 U
24 12 27 23 L
24 14 0 25 L
24 16 26 21 L
24 17 13 17 U
24 18 5 18 U
24 19 19 8 R
24 20 5 20 L
24 21 16 17 U
24 22 1 22 L
24 23 3 13 U
24 25 9 18 U
25 0 0 13 U
25 1 19 1 D
25 5 10 5 D
25 7 17 14 U
25 9 3 6 D
25 10 11 2 D
25 12 3 12 R
25 14 3 0 D
25 17 13 17 U
25 18 24 18 U
25 19 3 19 L
25 20 4 0 D
25 21 1 21 L
25 23 4 23 L
25 25 8 25 L
26 0 3 23 L
26 1 3 22 L
26 7 8 13 U
26 9 28 1 D
26 12 25 1 D
26 14 2 14 U
26 17 11 12 R
26 19 20 0 D
26 21 8 21 L
26 23 10 23 L
27 0 26 7 R
27 1 3 7 R
27 9 2 14 U
27 12 2 22 L
27 14 8 14 U
27 17 22 20 L
27 21 13 1 D
28 0 22 19 L
28 12 1 12 R
28 14 22 11 R
28 21 20 9 R
29 14 5 14 U

