41 52 1785
30 13 13 32 0 36 35 37 14 30 0 0 24 8 22 8 34 35
31 6 23 9 29 30 0 33 31 18 7 7 38 39 0 0 10 0
32 28 0 0 19 0 0 7 36 30 11 0 0 26 4 29 0 0
5 18 14 1 18 29 0 27 39 0 0 0 33 10 24 9 3 0
4 37 7 8 0 12 0 20 38 0 0 39 23 0 0 0 30 38
25 32 34 35 0 26 37 0 32 39 30 6 2 28 29 0 1 0
33 34 35 19 29 30 31 22 0 38 36 14 15 30 0 0 40 16
7 34 33 0 0 1 10 37 0 15 29 9 26 30 20 1 30 8
35 27 39 0 19 37 0 0 36 0 0 0 24 6 7 18 32 28
18 18 28 0 7 8 27 0 22 0 0 32 0 4 26 0 24 33
26 30 4 5 32 1 12 4 0 8 3 28 34 33 0 14 0 7
9 24 40 11 0 25 37 10 11 33 0 17 24 18 0 0 0 29
28 0 36 1 29 0 4 37 30 38 24 35 0 0 0 35 0 24
30 21 24 26 26 36 0 0 32 35 10 11 0 7 0 0 0 0
26 28 30 38 0 37 0 30 34 17 5 27 0 27 0 0 0 16
5 31 4 16 34 27 0 0 29 0 0 0 32 18 35 3 35 5
33 1 21 36 36 7 36 0 22 11 31 0 37 1 8 0 33 8
35 29 35 36 24 25 9 10 19 23 27 25 18 29 10 33 36 18
0 0 0 0 R
0 1 0 1 R
0 2 0 2 R
0 3 0 3 R
0 4 0 4 R
0 5 0 5 R
0 6 0 6 R
0 7 0 7 R
0 8 0 8 R
0 9 0 9 R
0 10 0 10 R
0 11 0 11 R
0 12 0 12 R
0 13 0 13 U
0 14 0 14 U
0 15 0 15 U
0 16 0 16 U
0 17 0 17 U
0 18 0 18 U
0 19 0 19 U
0 20 0 20 U
0 21 0 21 U
0 22 0 22 U
0 23 0 23 U
0 24 0 24 U
0 25 0 25 D
0 26 0 26 D
0 27 0 27 D
0 28 0 28 D
0 29 0 29 D
0 30 0 30 D
0 31 0 31 D
0 32 0 32 D
0 33 0 33 D
0 34 0 34 D
0 35 0 35 D
0 36 0 36 D
0 37 0 37 D
0 38 0 38 D
0 39 0 39 L
0 40 0 40 L
0 41 0 41 L
0 42 0 42 L
0 43 0 43 L
0 44 0 44 L
0 45 0 45 L
0 46 0 46 L
0 47 0 47 L
0 48 0 48 L
0 49 0 49 L
0 50 0 50 L
0 51 0 51 L
1 0 0 26 D
1 1 10 31 D
1 2 7 19 U
1 3 4 17 U
1 4 6 4 R
1 5 9 30 D
1 6 8 45 L
1 7 7 7 R
1 8 27 18 U
1 9 12 16 U
1 10 12 10 R
1 11 0 27 D
1 12 0 42 L
1 13 13 25 D
1 14 26 45 L
1 15 7 15 U
1 16 7 16 U
1 17 5 45 L
1 18 19 41 L
1 19 5 19 U
1 20 13 7 R
1 21 17 21 U
1 22 25 8 R
1 23 27 39 L
1 24 5 24 U
1 25 0 3 R
1 26 2 51 L
1 27 0 16 U
1 28 6 28 D
1 29 26 43 L
1 30 5 30 D
1 31 21 31 D
1 32 6 32 D
1 33 3 33 D
1 34 3 34 D
1 35 29 7 R
1 36 13 1 R
1 37 2 6 R
1 38 8 38 D
1 39 4 26 D
1 40 0 31 D
1 41 13 16 U
1 42 26 32 D
1 43 0 27 D
1 44 2 44 L
1 45 2 45 L
1 46 7 29 D
1 47 0 34 D
1 48 12 48 L
1 49 11 49 L
1 50 8 50 L
1 51 0 30 D
2 0 0 32 D
2 1 0 17 U
2 2 19 2 R
2 3 3 3 R
2 4 20 4 R
2 5 13 20 U
2 6 3 6 R
2 7 25 31 D
2 8 1 17 U
2 9 7 27 D
2 10 22 24 U
2 11 16 11 R
2 12 13 29 D
2 13 20 49 L
2 14 31 14 U
2 15 8 9 R
2 16 12 48 L
2 17 9 51 L
2 18 5 18 U
2 19 22 19 U
2 20 4 20 U
2 21 6 46 L
2 22 6 22 U
2 23 23 51 L
2 24 1 24 U
2 25 26 50 L
2 26 6 41 L
2 27 0 6 R
2 28 24 42 L
2 29 12 42 L
2 30 1 44 L
2 31 10 12 R
2 32 15 40 L
2 33 5 33 D
2 34 0 47 L
2 35 8 35 D
2 36 7 36 D
2 38 15 10 R
2 39 10 13 U
2 40 0 13 U
2 41 23 18 U
2 42 3 42 L
2 43 3 43 L
2 44 3 28 D
2 45 1 45 L
2 46 1 46 L
2 47 0 29 D
2 48 1 48 L
2 49 6 49 L
2 50 1 24 U
2 51 0 16 U
3 0 4 15 U
3 1 1 25 D
3 2 0 18 U
3 3 10 3 R
3 4 0 45 L
3 5 12 24 U
3 6 0 31 D
3 7 1 7 R
3 8 2 8 R
3 9 1 9 R
3 10 0 51 L
3 11 8 11 R
3 12 10 12 R
3 13 0 48 L
3 14 5 0 R
3 15 17 39 L
3 16 0 7 R
3 17 12 48 L
3 18 18 2 R
3 19 1 19 U
3 20 23 5 R
3 21 4 47 L
3 22 6 22 U
3 23 5 23 U
3 24 17 24 U
3 25 9 39 L
3 26 18 26 D
3 27 13 40 L
3 28 8 45 L
3 29 2 29 D
3 30 0 9 R
3 31 0 46 L
3 32 25 48 L
3 33 20 41 L
3 34 7 49 L
3 35 2 35 D
3 36 1 36 D
3 39 0 14 U
3 40 2 26 D
3 41 27 15 U
3 42 2 28 D
3 43 0 37 D
3 44 14 21 U
3 45 4 17 U
3 46 13 46 L
3 47 1 47 L
3 48 1 34 D
3 49 16 49 L
3 50 27 19 U
3 51 12 51 L
4 0 28 13 U
4 1 5 15 U
4 2 0 15 U
4 3 21 18 U
4 4 1 28 D
4 5 5 38 D
4 6 15 6 R
4 7 8 7 R
4 8 13 30 D
4 9 20 9 R
4 10 0 28 D
4 11 21 24 U
4 12 3 12 R
4 13 20 1 R
4 14 6 50 L
4 15 24 0 R
4 16 0 44 L
4 17 6 41 L
4 18 17 3 R
4 19 8 42 L
4 20 13 43 L
4 21 7 21 U
4 22 0 34 D
4 23 7 47 L
4 24 9 24 U
4 25 0 13 U
4 26 9 26 D
4 27 14 27 D
4 28 17 28 D
4 29 1 29 D
4 30 1 30 D
4 31 1 31 D
4 32 2 32 D
4 33 27 42 L
4 34 2 9 R
4 35 30 35 D
4 36 10 36 D
4 37 29 37 D
4 38 18 38 D
4 39 31 27 D
4 40 3 25 D
4 41 20 15 U
4 42 27 3 R
4 43 22 14 U
4 44 5 44 L
4 45 26 17 U
4 46 2 46 L
4 47 20 13 U
4 48 26 48 L
4 49 32 20 U
4 50 28 17 U
4 51 16 16 U
5 0 15 19 U
5 1 16 14 U
5 2 18 43 L
5 3 1 24 U
5 4 7 30 D
5 5 1 28 D
5 6 16 30 D
5 7 1 50 L
5 8 21 13 U
5 9 0 19 U
5 10 13 10 R
5 11 3 11 R
5 12 8 12 R
5 13 0 42 L
5 14 8 28 D
5 15 9 15 U
5 16 2 16 U
5 17 10 17 U
5 18 0 40 L
5 19 19 36 D
5 20 3 20 U
5 21 8 51 L
5 22 0 8 R
5 23 3 23 U
5 24 4 43 L
5 25 25 10 R
5 26 18 26 D
5 27 7 43 L
5 28 13 43 L
5 29 2 29 D
5 30 15 43 L
5 31 16 31 D
5 32 4 32 D
5 33 1 33 D
5 34 3 34 D
5 35 1 35 D
5 36 4 36 D
5 38 18 38 D
5 39 27 29 D
5 40 24 13 U
5 41 2 26 D
5 42 4 28 D
5 43 16 27 D
5 44 13 44 L
5 45 0 6 R
5 46 0 20 U
5 47 3 47 L
5 48 28 26 D
5 49 11 49 L
5 50 1 36 D
5 51 21 51 L
6 0 34 21 U
6 1 22 13 U
6 2 3 42 L
6 3 11 31 D
6 4 21 26 D
6 5 17 30 D
6 6 34 27 D
6 7 0 47 L
6 8 3 8 R
6 9 0 26 D
6 10 1 10 R
6 11 28 18 U
6 12 1 15 U
6 13 24 7 R
6 14 4 39 L
6 15 22 49 L
6 16 13 43 L
6 17 4 17 U
6 18 0 4 R
6 19 26 19 U
6 20 33 41 L
6 21 8 21 U
6 22 19 22 U
6 23 3 49 L
6 24 8 47 L
6 25 28 25 D
6 26 3 49 L
6 27 9 13 U
6 28 10 7 R
6 29 12 19 U
6 30 2 30 D
6 31 30 0 R
6 32 27 3 R
6 33 7 33 D
6 34 2 34 D
6 35 8 5 R
6 36 18 46 L
6 39 0 13 U
6 40 0 23 U
6 41 9 41 L
6 42 23 23 U
6 43 0 25 D
6 44 3 44 L
6 45 0 26 D
6 46 12 25 D
6 47 34 47 L
6 48 0 10 R
6 49 0 10 R
6 50 17 10 R
6 51 20 51 L
7 0 31 26 D
7 1 0 28 D
7 2 9 26 D
7 3 1 28 D
7 4 16 16 U
7 5 11 5 R
7 6 8 17 U
7 7 4 7 R
7 8 18 21 U
7 9 6 28 D
7 10 1 10 R
7 11 26 42 L
7 12 31 31 D
7 13 2 44 L
7 14 0 26 D
7 15 15 8 R
7 16 2 41 L
7 17 11 10 R
7 18 0 31 D
7 19 24 1 R
7 20 26 6 R
7 21 28 21 U
7 22 22 46 L
7 23 18 23 U
7 24 1 24 U
7 25 0 43 L
7 26 0 40 L
7 27 14 51 L
7 28 9 41 L
7 29 34 29 D
7 30 0 14 U
7 31 9 48 L
7 32 18 32 D
7 33 21 6 R
7 34 14 34 D
7 35 14 35 D
7 36 22 36 D
7 38 9 3 R
7 39 1 27 D
7 40 24 36 D
7 41 4 27 D
7 42 4 42 L
7 43 22 21 U
7 44 8 32 D
7 45 10 45 L
7 46 1 46 L
7 47 6 22 U
7 48 2 48 L
7 49 1 49 L
7 50 1 50 L
7 51 24 28 D
8 0 13 14 U
8 1 26 27 D
8 2 33 31 D
8 3 23 3 R
8 4 22 31 D
8 5 13 5 R
8 6 1 38 D
8 7 20 22 U
8 8 6 8 R
8 9 0 34 D
8 10 17 14 U
8 11 7 11 R
8 12 10 20 U
8 13 19 13 U
8 14 12 6 R
8 15 5 10 R
8 16 3 43 L
8 17 39 41 L
8 18 20 12 R
8 19 32 19 U
8 20 25 46 L
8 21 0 33 D
8 22 24 43 L
8 23 29 5 R
8 24 12 7 R
8 25 0 4 R
8 26 11 4 R
8 27 23 4 R
8 28 22 2 R
8 29 24 6 R
8 30 2 30 D
8 31 23 49 L
8 32 2 32 D
8 33 3 33 D
8 34 4 34 D
8 35 3 35 D
8 36 19 48 L
8 39 9 13 U
8 40 12 28 D
8 41 11 41 L
8 42 14 42 L
8 43 0 17 U
8 44 21 14 U
8 45 18 45 L
8 46 3 35 D
8 47 0 15 U
8 48 0 22 U
8 49 15 49 L
8 50 10 50 L
8 51 24 29 D
9 0 14 18 U
9 1 8 15 U
9 2 2 18 U
9 3 25 3 R
9 4 2 14 U
9 5 0 31 D
9 6 13 16 U
9 7 2 7 R
9 8 30 8 R
9 9 20 18 U
9 10 3 10 R
9 11 4 33 D
9 12 20 16 U
9 13 0 1 R
9 14 8 41 L
9 15 22 2 R
9 16 19 16 U
9 17 3 49 L
9 18 30 44 L
9 19 7 4 R
9 20 22 47 L
9 21 5 21 U
9 22 12 10 R
9 23 4 5 R
9 24 37 6 R
9 25 12 0 R
9 26 20 40 L
9 27 8 5 R
9 28 4 49 L
9 29 18 47 L
9 30 5 30 D
9 31 10 39 L
9 32 1 32 D
9 33 22 50 L
9 34 18 39 L
9 35 22 1 R
9 36 5 46 L
9 38 21 38 D
9 39 10 25 D
9 40 32 40 L
9 41 20 17 U
9 42 10 33 D
9 43 15 3 R
9 44 19 20 U
9 45 3 45 L
9 46 7 46 L
9 47 3 47 L
9 48 2 30 D
9 49 2 49 L
9 50 3 50 L
9 51 4 51 L
10 0 2 43 L
10 1 2 1 R
10 2 5 21 U
10 3 12 32 D
10 4 15 4 R
10 5 2 33 D
10 6 8 21 U
10 7 11 24 U
10 8 24 8 R
10 9 2 9 R
10 10 32 10 R
10 11 0 33 D
10 12 5 12 R
10 13 6 40 L
10 14 6 2 R
10 15 22 27 D
10 16 6 0 R
10 17 5 28 D
10 18 6 18 U
10 19 17 45 L
10 20 14 20 U
10 21 6 4 R
10 22 15 45 L
10 23 24 41 L
10 24 12 24 U
10 25 1 25 D
10 26 0 44 L
10 27 9 1 R
10 28 17 40 L
10 29 9 12 R
10 30 15 8 R
10 31 15 48 L
10 32 24 4 R
10 33 2 49 L
10 34 30 40 L
10 35 21 35 D
10 36 0 48 L
10 39 20 39 L
10 40 9 26 D
10 41 14 29 D
10 42 11 18 U
10 43 2 43 L
10 44 1 44 L
10 45 27 22 U
10 46 27 27 D
10 47 13 47 L
10 48 11 48 L
10 49 15 49 L
10 50 2 50 L
10 51 2 51 L
11 0 19 34 D
11 1 35 1 R
11 2 15 32 D
11 3 3 3 R
11 4 10 35 D
11 5 25 23 U
11 6 13 6 R
11 7 8 26 D
11 8 2 8 R
11 9 1 9 R
11 10 3 10 R
11 11 0 14 U
11 12 17 12 R
11 13 9 5 R
11 14 24 10 R
11 15 0 39 L
11 16 13 39 L
11 17 9 6 R
11 18 10 7 R
11 19 14 2 R
11 20 0 0 R
11 21 24 11 R
11 22 23 6 R
11 23 5 4 R
11 24 20 50 L
11 25 17 13 U
11 26 23 51 L
11 27 0 7 R
11 28 13 40 L
11 29 3 29 D
11 30 20 4 R
11 31 2 31 D
11 32 20 2 R
11 33 29 45 L
11 34 10 45 L
11 35 19 3 R
11 36 28 36 D
11 39 7 18 U
11 40 12 40 L
11 41 25 16 U
11 42 21 16 U
11 43 35 31 D
11 44 17 44 L
11 45 9 45 L
11 46 25 46 L
11 47 1 47 L
11 48 13 48 L
11 49 1 49 L
11 50 1 50 L
11 51 9 51 L
12 0 15 24 U
12 1 1 1 R
12 2 2 25 D
12 3 6 24 U
12 4 1 4 R
12 5 24 35 D
12 6 10 31 D
12 7 13 14 U
12 8 10 8 R
12 9 2 9 R
12 10 9 29 D
12 11 16 11 R
12 12 20 41 L
12 13 1 4 R
12 14 32 8 R
12 15 17 38 D
12 16 29 47 L
12 17 16 5 R
12 18 4 18 U
12 19 8 50 L
12 20 28 34 D
12 21 10 42 L
12 22 18 34 D
12 23 8 39 L
12 24 5 0 R
12 25 7 45 L
12 26 0 12 R
12 27 0 0 R
12 28 17 44 L
12 29 25 0 R
12 30 23 42 L
12 31 15 42 L
12 32 17 44 L
12 33 21 9 R
12 34 8 8 R
12 35 6 35 D
12 36 33 47 L
12 38 15 2 R
12 39 0 9 R
12 40 4 30 D
12 41 4 28 D
12 42 29 31 D
12 43 1 43 L
12 44 13 44 L
12 45 15 30 D
12 46 5 31 D
12 47 3 47 L
12 48 23 27 D
12 49 20 16 U
12 50 27 50 L
12 51 6 51 L
13 0 1 32 D
13 1 16 1 R
13 2 25 28 D
13 3 34 25 D
13 4 22 32 D
13 5 2 22 U
13 6 8 6 R
13 7 38 7 R
13 8 27 35 D
13 9 6 9 R
13 10 5 17 U
13 11 0 41 L
13 12 14 32 D
13 13 21 51 L
13 14 0 39 L
13 15 5 43 L
13 16 12 2 R
13 17 26 43 L
13 18 23 28 D
13 19 16 34 D
13 20 8 10 R
13 21 19 3 R
13 22 0 35 D
13 23 32 9 R
13 24 7 24 U
13 25 9 40 L
13 26 8 40 L
13 27 14 14 U
13 28 17 39 L
13 29 2 44 L
13 30 14 30 D
13 31 9 31 D
13 32 21 51 L
13 33 6 48 L
13 34 11 47 L
13 35 12 46 L
13 36 2 0 R
13 39 15 13 U
13 40 25 19 U
13 41 29 31 D
13 42 15 26 D
13 43 0 1 R
13 44 7 19 U
13 45 23 45 L
13 46 1 46 L
13 47 15 47 L
13 48 4 48 L
13 49 2 49 L
13 50 8 50 L
13 51 10 35 D
14 0 7 16 U
14 1 3 23 U
14 2 0 29 D
14 3 3 16 U
14 4 26 4 R
14 5 0 40 L
14 6 3 18 U
14 7 4 7 R
14 8 22 26 D
14 9 32 13 U
14 10 3 17 U
14 11 22 11 R
14 12 12 12 R
14 13 19 39 L
14 14 19 4 R
14 15 15 15 U
14 16 33 7 R
14 17 1 17 U
14 18 5 18 U
14 19 13 19 U
14 20 31 12 R
14 21 19 45 L
14 22 30 41 L
14 23 35 23 U
14 24 0 38 D
14 25 34 2 R
14 26 23 26 D
14 27 6 27 D
14 28 0 41 L
14 29 21 41 L
14 30 21 47 L
14 31 4 31 D
14 32 31 0 R
14 33 26 3 R
14 34 22 34 D
14 35 18 8 R
14 36 7 36 D
14 39 8 32 D
14 40 0 17 U
14 41 10 30 D
14 42 15 35 D
14 43 1 43 L
14 44 27 20 U
14 45 36 29 D
14 46 30 24 U
14 47 26 20 U
14 48 0 27 D
14 49 25 27 D
14 50 28 18 U
14 51 20 1 R
15 0 3 21 U
15 1 9 13 U
15 2 1 13 U
15 3 8 24 U
15 4 16 30 D
15 5 31 25 D
15 6 27 6 R
15 7 33 7 R
15 8 24 8 R
15 9 8 21 U
15 10 20 16 U
15 11 4 11 R
15 12 2 12 R
15 13 27 11 R
15 14 20 7 R
15 15 7 3 R
15 16 19 40 L
15 17 1 37 D
15 18 9 35 D
15 19 5 19 U
15 20 12 20 U
15 21 20 41 L
15 22 23 47 L
15 23 7 23 U
15 24 9 5 R
15 25 22 8 R
15 26 21 0 R
15 27 11 48 L
15 28 2 2 R
15 29 7 29 D
15 30 2 43 L
15 31 0 19 U
15 32 23 42 L
15 33 5 33 D
15 34 21 18 U
15 35 31 22 U
15 36 29 36 D
15 38 24 0 R
15 39 28 26 D
15 40 19 30 D
15 41 8 25 D
15 42 1 42 L
15 43 31 28 D
15 44 0 1 R
15 45 30 21 U
15 46 8 21 U
15 47 2 47 L
15 48 0 30 D
15 49 23 49 L
15 50 2 31 D
15 51 5 51 L
16 0 6 25 D
16 1 3 33 D
16 2 5 2 R
16 3 26 33 D
16 4 20 17 U
16 5 24 31 D
16 6 2 19 U
16 7 6 7 R
16 8 34 14 U
16 9 28 9 R
16 10 9 10 R
16 11 13 11 R
16 12 24 17 U
16 13 0 25 D
16 14 6 3 R
16 15 0 12 R
16 16 33 41 L
16 17 0 10 R
16 18 2 18 U
16 19 0 51 L
16 20 20 45 L
16 21 2 5 R
16 22 1 46 L
16 24 18 24 U
16 25 5 43 L
16 26 7 14 U
16 27 23 49 L
16 28 15 0 R
16 29 18 49 L
16 30 17 41 L
16 31 11 0 R
16 32 7 32 D
16 33 4 33 D
16 34 14 44 L
16 35 1 46 L
16 36 18 50 L
16 39 15 15 U
16 40 9 29 D
16 41 9 41 L
16 42 3 42 L
16 43 11 19 U
16 44 8 3 R
16 45 3 32 D
16 46 26 7 R
16 47 17 17 U
16 48 10 48 L
16 49 14 23 U
16 50 5 7 R
16 51 3 51 L
17 0 18 26 D
17 1 2 25 D
17 2 8 21 U
17 3 3 25 D
17 4 28 18 U
17 5 1 26 D
17 6 22 21 U
17 7 11 7 R
17 8 26 33 D
17 9 4 9 R
17 10 13 10 R
17 11 25 27 D
17 12 16 15 U
17 13 12 43 L
17 14 6 14 U
17 15 0 30 D
17 16 14 11 R
17 17 20 42 L
17 18 0 5 R
17 19 28 4 R
17 20 1 20 U
17 21 1 5 R
17 22 34 22 U
17 23 23 50 L
17 24 26 47 L
17 25 21 22 U
17 26 6 26 D
17 27 5 44 L
17 28 18 44 L
17 29 27 45 L
17 30 7 46 L
17 31 10 1 R
17 32 6 32 D
17 33 21 33 D
17 34 5 34 D
17 35 2 35 D
17 36 10 36 D
17 39 18 25 D
17 40 19 34 D
17 41 20 20 U
17 42 21 30 D
17 43 10 24 U
17 44 0 10 R
17 45 3 45 L
17 46 32 23 U
17 47 13 47 L
17 48 5 48 L
17 49 8 49 L
17 50 12 50 L
17 51 12 25 D
18 0 19 17 U
18 1 24 26 D
18 2 3 13 U
18 3 16 15 U
18 4 27 48 L
18 5 20 15 U
18 6 10 44 L
18 7 4 18 U
18 8 20 22 U
18 9 15 9 R
18 10 14 10 R
18 11 32 14 U
18 12 10 12 R
18 13 25 0 R
18 14 17 14 U
18 15 11 8 R
18 16 0 29 D
18 17 11 17 U
18 18 6 18 U
18 19 16 7 R
18 20 1 5 R
18 21 5 21 U
18 22 5 22 U
18 23 5 23 U
18 24 1 24 U
18 25 15 40 L
18 26 10 41 L
18 27 27 45 L
18 28 11 4 R
18 29 1 5 R
18 30 8 2 R
18 31 10 43 L
18 32 0 10 R
18 33 0 40 L
18 34 17 34 D
18 35 16 44 L
18 36 2 36 D
18 39 4 20 U
18 40 15 24 U
18 41 2 41 L
18 42 11 36 D
18 43 1 43 L
18 44 0 4 R
18 45 11 29 D
18 46 0 14 U
18 47 21 32 D
18 48 0 29 D
18 49 13 49 L
18 50 19 34 D
18 51 12 51 L
19 0 14 25 D
19 1 9 35 D
19 2 10 2 R
19 3 2 32 D
19 4 15 33 D
19 5 1 5 R
19 6 26 6 R
19 7 2 7 R
19 8 3 8 R
19 9 10 9 R
19 10 10 24 U
19 11 25 31 D
19 12 25 34 D
19 13 30 39 L
19 14 29 11 R
19 15 12 2 R
19 16 5 16 U
19 17 22 39 L
19 18 18 1 R
19 19 31 44 L
19 20 4 20 U
19 21 38 45 L
19 22 18 4 R
19 23 11 23 U
19 24 25 42 L
19 25 16 46 L
19 26 1 26 D
19 27 21 0 R
19 28 32 28 D
19 29 28 39 L
19 30 31 39 L
19 31 0 22 U
19 32 7 32 D
19 33 9 47 L
19 34 18 34 D
19 35 7 35 D
19 36 18 12 R
19 39 4 15 U
19 40 9 16 U
19 41 1 26 D
19 42 2 33 D
19 43 26 22 U
19 44 10 18 U
19 45 21 3 R
19 46 24 30 D
19 47 3 47 L
19 48 11 48 L
19 49 5 49 L
19 50 8 50 L
19 51 9 51 L
20 0 24 22 U
20 1 30 33 D
20 2 15 48 L
20 3 33 29 D
20 4 2 45 L
20 5 1 5 R
20 6 0 20 U
20 7 1 7 R
20 8 4 8 R
20 9 21 22 U
20 10 11 27 D
20 11 14 23 U
20 12 13 28 D
20 13 0 47 L
20 14 30 6 R
20 15 36 40 L
20 16 10 12 R
20 17 22 49 L
20 18 12 18 U
20 19 22 9 R
20 20 0 11 R
20 21 30 50 L
20 22 4 29 D
20 24 15 11 R
20 25 21 49 L
20 26 16 45 L
20 27 3 44 L
20 28 15 6 R
20 29 30 5 R
20 30 15 50 L
20 31 33 5 R
20 32 19 7 R
20 33 3 2 R
20 34 9 48 L
20 35 3 35 D
20 36 31 45 L
20 38 18 1 R
20 39 17 14 U
20 40 23 25 D
20 41 14 17 U
20 42 29 25 D
20 43 23 43 L
20 44 2 44 L
20 45 32 18 U
20 46 27 22 U
20 47 21 30 D
20 48 32 48 L
20 49 0 36 D
20 50 9 50 L
20 51 5 14 U
21 0 22 33 D
21 1 24 30 D
21 2 19 14 U
21 3 1 31 D
21 4 28 22 U
21 5 9 17 U
21 6 7 19 U
21 7 14 17 U
21 8 5 34 D
21 9 2 13 U
21 10 30 13 U
21 11 9 11 R
21 12 30 30 D
21 13 15 2 R
21 14 0 2 R
21 15 4 15 U
21 16 28 1 R
21 17 4 51 L
21 18 25 46 L
21 19 29 3 R
21 20 33 20 U
21 21 2 6 R
21 22 15 7 R
21 23 4 23 U
21 24 28 12 R
21 25 0 2 R
21 26 32 47 L
21 27 4 44 L
21 28 32 5 R
21 29 27 48 L
21 30 16 41 L
21 31 11 4 R
21 32 7 8 R
21 33 23 43 L
21 34 10 5 R
21 35 29 8 R
21 36 10 24 U
21 39 25 16 U
21 40 12 27 D
21 41 26 32 D
21 42 29 22 U
21 43 32 43 L
21 44 16 44 L
21 45 0 15 U
21 46 1 16 U
21 47 8 16 U
21 48 28 48 L
21 49 0 4 R
21 50 1 50 L
21 51 1 51 L
22 0 35 44 L
22 1 11 36 D
22 2 1 38 D
22 3 4 15 U
22 4 25 20 U
22 5 20 27 D
22 6 2 27 D
22 7 27 7 R
22 8 1 8 R
22 9 34 31 D
22 10 13 19 U
22 11 17 36 D
22 12 18 12 R
22 13 6 50 L
22 14 7 48 L
22 15 0 4 R
22 16 10 4 R
22 17 15 17 U
22 18 24 50 L
22 19 24 8 R
22 20 5 41 L
22 21 4 21 U
22 22 21 35 D
22 23 31 42 L
22 24 4 24 U
22 25 8 45 L
22 26 5 51 L
22 27 8 27 D
22 28 19 1 R
22 29 26 29 D
22 30 2 42 L
22 31 26 31 D
22 32 5 32 D
22 33 14 40 L
22 34 17 34 D
22 35 8 35 D
22 36 3 39 L
22 39 4 13 U
22 40 6 26 D
22 41 25 14 U
22 42 29 28 D
22 43 20 20 U
22 44 30 22 U
22 45 3 45 L
22 46 1 46 L
22 47 13 47 L
22 48 20 18 U
22 49 5 49 L
22 50 11 50 L
22 51 2 20 U
23 0 33 0 R
23 1 34 26 D
23 2 22 34 D
23 3 24 41 L
23 4 28 34 D
23 5 5 16 U
23 6 25 35 D
23 7 21 7 R
23 8 1 28 D
23 9 4 24 U
23 10 0 24 U
23 11 21 51 L
23 12 13 12 R
23 13 4 39 L
23 14 17 14 U
23 15 13 6 R
23 16 0 45 L
23 17 9 8 R
23 18 33 41 L
23 19 37 41 L
23 20 25 11 R
23 21 2 21 U
23 22 30 43 L
23 23 33 23 U
23 24 6 24 U
23 25 1 9 R
23 26 18 26 D
23 27 15 2 R
23 28 19 40 L
23 29 0 11 R
23 30 14 42 L
23 31 29 51 L
23 32 15 5 R
23 33 0 20 U
23 34 35 34 D
23 35 2 46 L
23 36 5 3 R
23 39 2 3 R
23 40 2 0 R
23 41 1 41 L
23 42 30 18 U
23 43 2 1 R
23 44 11 25 D
23 45 3 45 L
23 46 30 19 U
23 47 16 47 L
23 48 1 48 L
23 49 12 22 U
23 50 15 50 L
23 51 1 51 L
24 0 35 27 D
24 1 27 34 D
24 2 0 13 U
24 3 34 30 D
24 4 2 4 R
24 6 3 31 D
24 7 9 7 R
24 8 11 8 R
24 9 33 35 D
24 10 29 19 U
24 11 3 11 R
24 12 20 12 R
24 13 17 10 R
24 14 36 1 R
24 15 1 42 L
24 16 20 10 R
24 17 29 39 L
24 18 30 40 L
24 19 3 9 R
24 20 13 41 L
24 21 22 40 L
24 22 18 12 R
24 23 28 7 R
24 24 12 3 R
24 25 0 8 R
24 26 18 11 R
24 27 8 3 R
24 28 3 8 R
24 29 8 4 R
24 30 28 30 D
24 31 2 9 R
24 32 23 32 D
24 33 6 4 R
24 34 0 51 L
24 35 23 4 R
24 36 34 7 R
24 39 4 29 D
24 40 1 23 U
24 41 4 34 D
24 42 27 21 U
24 43 11 43 L
24 44 29 31 D
24 45 14 27 D
24 46 32 46 L
24 47 12 47 L
24 48 11 29 D
24 49 5 49 L
24 50 11 50 L
24 51 25 32 D
25 0 10 29 D
25 1 14 26 D
25 2 17 39 L
25 3 34 36 D
25 4 4 32 D
25 5 13 22 U
25 6 31 13 U
25 7 37 7 R
25 8 20 29 D
25 9 27 9 R
25 10 11 21 U
25 11 3 11 R
25 12 18 27 D
25 13 4 0 R
25 14 11 40 L
25 15 27 44 L
25 16 27 6 R
25 17 16 9 R
25 18 27 41 L
25 19 29 11 R
25 20 8 41 L
25 21 5 21 U
25 22 7 22 U
25 24 11 45 L
25 25 32 2 R
25 26 14 1 R
25 27 14 1 R
25 28 13 3 R
25 29 18 1 R
25 30 5 46 L
25 31 29 0 R
25 32 6 32 D
25 33 28 44 L
25 34 33 0 R
25 35 20 2 R
25 36 7 36 D
25 39 36 22 U
25 40 6 40 L
25 41 27 34 D
25 42 24 33 D
25 43 16 43 L
25 44 18 33 D
25 45 21 19 U
25 46 5 46 L
25 47 28 15 U
25 48 4 48 L
25 49 16 49 L
25 50 11 35 D
25 51 12 4 R
26 0 0 40 L
26 1 13 27 D
26 2 5 15 U
26 3 2 19 U
26 4 4 34 D
26 5 1 5 R
26 6 33 14 U
26 7 13 30 D
26 8 17 17 U
26 9 13 9 R
26 10 29 32 D
26 11 25 11 R
26 12 9 12 R
26 13 5 27 D
26 14 23 39 L
26 15 1 46 L
26 16 22 16 U
26 17 14 3 R
26 18 7 51 L
26 19 13 39 L
26 20 13 29 D
26 21 21 44 L
26 22 21 49 L
26 23 22 23 U
26 24 18 4 R
26 25 0 0 R
26 26 10 2 R
26 27 29 27 D
26 28 10 12 R
26 29 9 8 R
26 30 2 30 D
26 31 32 31 D
26 32 1 32 D
26 33 16 33 D
26 34 5 34 D
26 35 20 45 L
26 36 25 0 R
26 39 29 15 U
26 40 0 25 D
26 41 2 16 U
26 42 17 5 R
26 43 6 23 U
26 44 15 44 L
26 45 14 31 D
26 46 25 18 U
26 47 23 12 R
26 48 28 48 L
26 49 0 8 R
26 50 17 30 D
26 51 5 27 D
27 0 16 34 D
27 1 4 30 D
27 2 11 43 L
27 3 24 19 U
27 4 34 19 U
27 5 20 20 U
27 6 24 23 U
27 7 11 26 D
27 8 5 35 D
27 9 8 9 R
27 11 9 29 D
27 12 4 12 R
27 13 1 39 L
27 14 15 2 R
27 15 0 9 R
27 16 11 4 R
27 17 31 32 D
27 18 16 18 U
27 19 26 0 R
27 20 28 3 R
27 21 24 21 U
27 22 19 42 L
27 23 26 49 L
27 24 4 24 U
27 25 10 43 L
27 26 11 3 R
27 27 9 45 L
27 28 5 42 L
27 30 11 2 R
27 31 22 4 R
27 32 20 18 U
27 33 33 49 L
27 34 13 10 R
27 35 4 12 R
27 36 8 17 U
27 39 30 0 R
27 40 20 20 U
27 41 14 15 U
27 42 9 42 L
27 43 13 43 L
27 44 19 44 L
27 45 13 36 D
27 46 32 36 D
27 47 25 25 D
27 48 34 15 U
27 49 22 13 U
27 50 28 23 U
27 51 1 51 L
28 0 31 23 U
28 1 29 28 D
28 2 35 16 U
28 3 3 3 R
28 4 13 4 R
28 6 20 6 R
28 7 0 29 D
28 8 4 8 R
28 9 24 9 R
28 12 24 23 U
28 13 26 0 R
28 14 0 28 D
28 15 22 41 L
28 16 18 0 R
28 17 6 48 L
28 18 1 18 U
28 19 23 32 D
28 20 7 45 L
28 21 26 21 U
28 22 7 22 U
28 23 19 9 R
28 24 16 42 L
28 25 1 44 L
28 26 13 13 U
28 27 35 7 R
28 28 4 47 L
28 29 0 50 L
28 30 5 30 D
28 31 20 22 U
28 32 7 32 D
28 33 19 33 D
28 34 15 39 L
28 35 30 35 D
28 36 12 2 R
28 39 6 25 D
28 40 27 35 D
28 41 8 16 U
28 42 0 19 U
28 43 33 1 R
28 44 30 19 U
28 45 2 45 L
28 46 4 20 U
28 47 4 21 U
28 48 32 16 U
28 49 32 29 D
28 50 0 13 U
28 51 18 18 U
29 0 12 25 D
29 1 26 17 U
29 2 30 35 D
29 3 31 35 D
29 4 23 27 D
29 6 0 30 D
29 7 9 7 R
29 8 4 8 R
29 9 16 19 U
29 11 24 34 D
29 12 0 25 D
29 13 14 45 L
29 14 5 14 U
29 15 17 7 R
29 16 35 9 R
29 17 30 2 R
29 18 0 1 R
29 19 5 48 L
29 20 4 46 L
29 21 21 40 L
29 22 1 22 U
29 24 21 11 R
29 25 0 39 L
29 26 0 17 U
29 27 2 1 R
29 28 10 47 L
29 29 20 45 L
29 30 23 5 R
29 31 5 40 L
29 32 4 32 D
29 33 16 4 R
29 34 31 46 L
29 35 22 7 R
29 36 7 21 U
29 39 35 16 U
29 40 1 40 L
29 41 0 27 D
29 42 11 20 U
29 43 17 23 U
29 44 7 24 U
29 45 1 36 D
29 46 0 21 U
29 47 32 27 D
29 48 30 21 U
29 49 32 17 U
29 50 0 27 D
29 51 36 51 L
30 0 27 24 U
30 1 7 34 D
30 2 25 2 R
30 3 5 25 D
30 4 27 28 D
30 7 22 40 L
30 8 23 43 L
30 9 25 14 U
30 12 28 50 L
30 13 9 40 L
30 14 25 12 R
30 15 0 41 L
30 16 33 42 L
30 17 14 1 R
30 18 31 42 L
30 19 3 48 L
30 20 0 35 D
30 21 0 1 R
30 22 8 3 R
30 23 11 44 L
30 24 5 47 L
30 25 17 44 L
30 26 3 39 L
30 27 25 2 R
30 28 1 47 L
30 29 2 3 R
30 30 14 4 R
30 31 8 11 R
30 32 9 4 R
30 33 16 2 R
30 34 11 4 R
30 35 29 2 R
30 36 6 36 D
30 37 26 51 L
30 39 2 13 U
30 40 0 15 U
30 41 23 41 L
30 42 8 14 U
30 43 10 43 L
30 44 14 26 D
30 45 2 45 L
30 46 21 0 R
30 47 23 3 R
30 48 1 48 L
30 49 8 49 L
30 50 9 50 L
30 51 25 51 L
31 0 8 15 U
31 1 15 31 D
31 2 1 27 D
31 3 23 29 D
31 4 25 36 D
31 7 21 21 U
31 8 13 14 U
31 9 6 29 D
31 10 28 10 R
31 12 17 12 R
31 14 4 14 U
31 15 20 47 L
31 16 3 16 U
31 17 4 17 U
31 18 6 18 U
31 19 0 40 L
31 20 7 20 U
31 21 3 9 R
31 22 4 0 R
31 24 11 24 U
31 25 3 25 D
31 26 0 42 L
31 27 1 39 L
31 28 17 28 D
31 29 1 43 L
31 30 17 50 L
31 31 1 31 D
31 32 21 32 D
31 33 5 33 D
31 34 29 43 L
31 35 21 51 L
31 39 11 30 D
31 41 3 35 D
31 43 16 15 U
31 44 4 30 D
31 45 1 45 L
31 46 33 29 D
31 47 11 28 D
31 48 1 48 L
31 49 2 24 U
31 50 0 36 D
31 51 25 51 L
32 0 12 23 U
32 2 25 27 D
32 3 25 28 D
32 4 25 4 R
32 7 1 7 R
32 8 1 8 R
32 9 28 9 R
32 11 6 11 R
32 13 0 0 R
32 14 20 51 L
32 15 30 51 L
32 16 30 16 U
32 17 7 43 L
32 18 6 18 U
32 19 26 12 R
32 20 5 20 U
32 21 23 21 U
32 22 6 9 R
32 24 1 24 U
32 25 0 5 R
32 26 16 43 L
32 27 31 47 L
32 28 4 3 R
32 29 0 1 R
32 30 37 9 R
32 31 2 43 L
32 32 15 32 D
32 33 10 33 D
32 34 21 6 R
32 35 31 5 R
32 39 6 2 R
32 40 9 30 D
32 41 25 33 D
32 43 2 23 U
32 44 10 33 D
32 45 0 5 R
32 46 16 31 D
32 47 4 47 L
32 48 19 19 U
32 49 8 49 L
32 50 13 50 L
32 51 33 26 D
33 1 18 25 D
33 2 19 27 D
33 3 19 31 D
33 7 10 28 D
33 8 8 33 D
33 9 23 28 D
33 15 17 46 L
33 17 32 46 L
33 18 34 18 U
33 19 18 43 L
33 21 0 32 D
33 22 2 22 U
33 24 14 7 R
33 25 37 43 L
33 26 4 13 U
33 27 14 39 L
33 28 3 2 R
33 29 2 48 L
33 30 5 22 U
33 31 21 6 R
33 32 23 6 R
33 33 37 46 L
33 34 24 2 R
33 35 4 35 D
33 36 10 50 L
33 40 34 22 U
33 41 17 28 D
33 42 21 13 U
33 43 12 43 L
33 44 24 15 U
33 45 4 3 R
33 46 11 46 L
33 47 1 47 L
33 48 15 48 L
33 49 3 49 L
33 50 27 34 D
33 51 0 32 D
34 0 4 13 U
34 2 3 25 D
34 3 36 22 U
34 4 20 4 R
34 5 26 5 R
34 6 24 32 D
34 7 26 36 D
34 8 24 21 U
34 9 10 31 D
34 14 30 39 L
34 15 0 28 D
34 17 24 44 L
34 18 6 41 L
34 19 26 19 U
34 21 28 39 L
34 22 14 45 L
34 24 10 36 D
34 25 26 40 L
34 26 23 0 R
34 27 28 4 R
34 28 9 48 L
34 29 14 46 L
34 30 33 30 D
34 31 10 31 D
34 32 28 39 L
34 33 14 33 D
34 34 7 34 D
34 35 4 35 D
34 40 9 33 D
34 42 28 7 R
34 43 16 43 L
34 44 30 44 L
34 45 0 23 U
34 46 24 20 U
34 47 27 21 U
34 48 17 9 R
34 49 23 7 R
34 51 6 51 L
35 2 10 2 R
35 3 11 3 R
35 7 7 36 D
35 8 1 8 R
35 9 9 17 U
35 15 26 29 D
35 17 4 42 L
35 18 36 45 L
35 19 13 40 L
35 21 31 9 R
35 22 7 22 U
35 25 7 43 L
35 26 19 26 D
35 27 23 12 R
35 28 7 6 R
35 30 17 30 D
35 31 3 31 D
35 32 34 9 R
35 34 28 34 D
35 43 22 35 D
35 44 5 14 U
35 45 13 45 L
35 46 8 46 L
35 47 17 34 D
35 48 18 48 L
35 49 11 11 R
35 51 9 51 L
36 2 11 23 U
36 7 25 25 D
36 8 6 35 D
36 9 16 9 R
36 15 38 15 U
36 19 17 19 U
36 22 27 0 R
36 25 1 4 R
36 28 3 12 R
36 31 6 24 U
36 32 34 45 L
36 34 9 3 R
36 43 11 25 D
36 44 16 44 L
36 45 35 36 D
36 46 3 46 L
36 47 30 47 L
36 48 4 30 D
36 49 13 29 D
37 2 11 27 D
37 7 34 22 U
37 8 3 8 R
37 9 24 35 D
37 15 5 15 U
37 28 28 6 R
37 31 29 12 R
37 34 2 34 D
37 43 31 11 R
37 44 25 27 D
37 45 35 45 L
37 46 4 30 D
37 47 34 18 U
37 48 34 28 D
37 49 7 49 L
38 2 25 30 D
38 7 34 15 U
38 28 6 42 L
38 43 1 43 L
38 44 0 28 D
38 46 27 46 L
38 47 35 33 D
38 48 5 17 U
38 49 37 32 D
39 2 29 25 D
39 7 2 28 D
39 44 28 9 R
39 46 22 8 R
39 47 8 47 L
39 49 11 49 L
40 2 20 15 U
40 44 3 25 D

