9 8 61
3 0 0 0 5 0 0 0 0 6
8 0 7 0 7 0 0 0 7 0
0 0 0 0 0 0 4 4 1 0
0 7 0 0 0 0 0 0 0 0
0 0 0 0 0 0 0 0 0 0
0 0 0 7 0 1 0 7 0 6
0 0 0 0 0 1 0 0 3 0
1 5 6 7 5 0 0 0 0 0
0 0 0 0 0 0 0 0 0 0
0 0 0 0 0 0 2 0 8 6
0 0 0 0 L
0 1 0 1 L
0 2 0 2 R
0 3 0 3 R
0 4 0 4 D
0 5 0 5 D
0 6 0 6 U
0 7 0 7 U
1 0 4 7 U
1 1 0 2 R
1 2 5 4 D
1 3 3 4 D
1 4 6 0 L
1 5 3 0 L
1 6 3 6 U
1 7 4 3 R
2 0 5 0 L
2 1 5 5 D
2 2 0 6 U
2 3 7 0 L
2 4 0 2 R
2 5 4 5 D
2 6 1 6 U
2 7 0 2 R
3 0 2 5 D
3 1 2 6 U
3 2 1 7 U
3 3 5 7 U
3 4 2 1 L
3 6 0 0 L
3 7 0 5 D
4 0 0 4 D
4 1 1 4 D
4 2 6 4 D
4 3 2 6 U
4 4 2 4 D
4 5 0 3 R
4 6 1 1 L
4 7 2 2 R
5 0 4 0 L
5 1 3 3 R
5 2 2 2 R
5 3 3 3 R
5 4 1 2 R
5 5 3 1 L
5 6 4 5 D
5 7 4 7 U
6 0 0 6 U
6 1 5 7 U
6 2 0 7 U
6 4 0 0 L
6 6 4 1 L
6 7 2 1 L
7 0 4 5 D
7 1 5 1 L
7 2 0 4 D
7 4 0 1 L
7 6 0 4 D
7 7 1 0 L
8 0 0 3 R
8 2 6 6 U

