28 30 705
10 0 0 19 5 24 18 23 0 0 0 15 16
0 16 9 0 18 0 0 24 5 0 0 0 13
19 0 0 0 0 25 1 0 22 0 0 26 23
15 14 7 21 9 0 20 0 6 25 10 0 9
17 19 25 0 27 23 12 0 0 0 4 0 0
11 0 14 19 0 24 2 0 2 0 20 18 11
0 0 0 19 0 0 23 0 17 3 0 0 13
18 23 2 9 1 24 0 22 5 18 0 0 4
3 0 0 0 4 0 17 2 0 0 0 0 0
25 0 0 0 0 3 8 18 0 23 0 27 0
14 21 0 0 7 0 8 24 0 16 0 26 16
2 0 0 0 0 1 0 8 13 0 10 17 8
17 21 0 0 15 25 10 9 10 0 11 23 5
0 0 0 0 D
0 1 0 1 D
0 2 0 2 D
0 3 0 3 D
0 4 0 4 D
0 5 0 5 D
0 6 0 6 D
0 7 0 7 D
0 8 0 8 R
0 9 0 9 R
0 10 0 10 R
0 11 0 11 R
0 12 0 12 R
0 13 0 13 R
0 14 0 14 R
0 15 0 15 U
0 16 0 16 U
0 17 0 17 U
0 18 0 18 U
0 19 0 19 U
0 20 0 20 U
0 21 0 21 U
0 22 0 22 U
0 23 0 23 U
0 24 0 24 L
0 25 0 25 L
0 26 0 26 L
0 27 0 27 L
0 28 0 28 L
0 29 0 29 L
1 0 19 0 D
1 1 0 8 R
1 2 12 24 L
1 3 7 29 L
1 4 16 4 D
1 5 3 5 D
1 6 9 9 R
1 7 10 7 D
1 8 0 20 U
1 9 4 15 U
1 10 11 3 D
1 11 0 7 D
1 12 5 16 U
1 13 13 18 U
1 14 5 22 U
1 15 2 27 L
1 16 4 12 R
1 17 21 10 R
1 18 8 18 U
1 19 4 19 U
1 20 14 20 U
1 21 2 25 L
1 22 14 12 R
1 23 7 23 U
1 24 4 24 L
1 25 11 8 R
1 26 0 5 D
1 27 10 11 R
1 28 2 1 D
1 29 7 17 U
2 0 22 24 L
2 1 8 9 R
2 2 13 15 U
2 3 12 3 D
2 4 12 14 R
2 5 6 5 D
2 6 1 6 D
2 7 8 19 U
2 8 6 29 L
2 9 12 26 L
2 10 1 17 U
2 11 18 11 R
2 12 14 16 U
2 13 9 13 R
2 14 17 23 U
2 15 15 9 R
2 16 15 28 L
2 17 7 9 R
2 18 15 18 U
2 19 6 19 U
2 20 15 29 L
2 21 7 21 U
2 22 1 22 U
2 23 6 23 U
2 24 4 17 U
2 25 0 16 U
2 26 6 11 R
2 27 10 23 U
2 28 25 17 U
2 29 9 29 L
3 0 2 11 R
3 1 19 29 L
3 2 14 9 R
3 3 2 14 R
3 4 0 24 L
3 5 0 20 U
3 6 18 10 R
3 7 16 9 R
3 8 16 21 U
3 9 2 15 U
3 10 9 4 D
3 11 10 18 U
3 12 0 19 U
3 13 11 20 U
3 14 5 17 U
3 15 14 15 U
3 16 5 27 L
3 17 2 1 D
3 18 0 6 D
3 19 5 28 L
3 20 6 20 U
3 21 12 21 U
3 22 13 22 U
3 23 17 14 R
3 24 17 14 R
3 25 7 15 U
3 26 0 3 D
3 27 4 0 D
3 28 15 13 R
3 29 18 21 U
4 0 0 15 U
4 1 5 15 U
4 2 6 2 D
4 3 1 25 L
4 4 21 28 L
4 5 3 5 D
4 6 12 6 D
4 7 22 17 U
4 8 19 8 R
4 9 11 1 D
4 10 11 10 R
4 11 16 21 U
4 12 17 12 R
4 13 18 7 D
4 14 13 21 U
4 15 1 9 R
4 16 15 14 R
4 17 19 13 R
4 18 20 1 D
4 19 18 25 L
4 20 0 3 D
4 21 14 21 U
4 22 1 22 U
4 23 12 28 L
4 24 9 5 D
4 25 7 23 U
4 26 11 3 D
4 27 15 2 D
4 28 10 4 D
4 29 5 5 D
5 0 8 28 L
5 1 21 8 R
5 2 15 19 U
5 3 1 3 D
5 4 9 4 D
5 5 9 27 L
5 6 0 28 L
5 7 0 18 U
5 8 7 5 D
5 9 6 7 D
5 10 18 2 D
5 11 18 6 D
5 12 10 4 D
5 13 7 18 U
5 14 2 3 D
5 15 4 8 R
5 16 3 13 R
5 17 15 9 R
5 18 12 11 R
5 19 7 12 R
5 20 8 25 L
5 21 10 21 U
5 22 17 26 L
5 23 9 23 U
5 24 13 23 U
5 25 9 17 U
5 26 10 18 U
5 27 9 18 U
5 28 2 2 D
5 29 9 15 U
6 0 21 8 R
6 1 13 26 L
6 2 2 10 R
6 3 23 12 R
6 4 8 14 R
6 5 9 25 L
6 6 0 24 L
6 7 8 7 D
6 8 18 24 L
6 9 18 6 D
6 10 0 2 D
6 11 0 17 U
6 12 12 15 U
6 13 10 19 U
6 14 17 4 D
6 15 20 8 R
6 16 0 12 R
6 17 5 17 U
6 18 10 18 U
6 19 2 19 U
6 20 22 26 L
6 21 7 21 U
6 22 8 22 U
6 23 15 27 L
6 24 1 1 D
6 25 1 0 D
6 26 14 5 D
6 27 0 22 U
6 28 8 28 L
6 29 2 22 U
7 0 22 13 R
7 1 3 9 R
7 2 2 2 D
7 3 2 9 R
7 4 2 4 D
7 5 2 24 L
7 6 11 9 R
7 7 1 7 D
7 8 0 24 L
7 9 20 20 U
7 10 17 26 L
7 11 12 17 U
7 12 18 3 D
7 13 15 29 L
7 14 14 14 R
7 15 5 29 L
7 16 5 9 R
7 17 19 25 L
7 18 14 13 R
7 19 18 27 L
7 20 8 20 U
7 21 4 21 U
7 22 0 13 R
7 24 5 22 U
7 25 3 6 D
7 26 14 26 L
7 27 1 27 L
7 28 11 3 D
7 29 14 3 D
8 0 16 10 R
8 1 13 1 D
8 2 10 12 R
8 3 0 26 L
8 4 1 4 D
8 5 23 13 R
8 6 12 6 D
8 7 0 10 R
8 8 0 18 U
8 9 7 17 U
8 10 15 15 U
8 11 7 5 D
8 12 18 7 D
8 13 6 3 D
8 14 15 2 D
8 15 17 24 L
8 16 0 28 L
8 17 18 29 L
8 18 0 29 L
8 19 3 19 U
8 20 1 20 U
8 21 7 24 L
8 22 3 22 U
8 23 2 23 U
8 24 15 2 D
8 25 2 0 D
8 26 21 0 D
8 27 9 19 U
8 28 2 16 U
8 29 11 20 U
9 0 0 13 R
9 1 7 11 R
9 2 0 27 L
9 3 3 29 L
9 4 2 29 L
9 5 0 11 R
9 6 23 6 D
9 7 21 26 L
9 8 12 4 D
9 9 21 9 R
9 10 3 2 D
9 11 10 4 D
9 12 10 0 D
9 13 13 13 R
9 14 0 22 U
9 15 20 6 D
9 16 6 11 R
9 17 0 1 D
9 18 14 3 D
9 19 15 24 L
9 20 0 10 R
9 21 14 8 R
9 22 4 25 L
9 23 2 23 U
9 24 20 0 D
9 25 7 22 U
9 26 2 0 D
9 27 12 27 L
9 28 11 28 L
9 29 4 16 U
10 0 19 17 U
10 1 3 25 L
10 2 0 18 U
10 3 16 14 R
10 4 6 24 L
10 5 11 19 U
10 6 20 12 R
10 7 22 7 D
10 8 18 0 D
10 9 0 1 D
10 10 11 16 U
10 11 12 2 D
10 12 13 12 R
10 13 9 6 D
10 14 16 15 U
10 15 0 9 R
10 16 16 25 L
10 17 13 27 L
10 18 3 7 D
10 19 17 19 U
10 20 8 20 U
10 21 19 25 L
10 22 4 26 L
10 23 1 23 U
10 24 4 3 D
10 25 1 15 U
10 26 22 19 U
10 27 13 23 U
10 28 13 15 U
10 29 22 29 L
11 0 20 25 L
11 1 19 16 U
11 2 14 10 R
11 3 7 28 L
11 4 3 27 L
11 5 1 5 D
11 6 20 6 D
11 7 23 13 R
11 8 19 8 R
11 9 2 9 R
11 10 15 10 R
11 11 14 15 U
11 12 23 20 U
11 13 0 5 D
11 14 4 14 R
11 15 8 8 R
11 16 16 10 R
11 17 26 17 U
11 18 10 29 L
11 19 13 11 R
11 20 21 11 R
11 21 10 4 D
11 22 6 10 R
11 23 7 14 R
11 24 0 8 R
11 25 2 4 D
11 26 7 0 D
11 27 5 27 L
11 28 6 18 U
11 29 17 29 L
12 0 3 26 L
12 1 0 22 U
12 2 0 16 U
12 3 2 11 R
12 4 11 17 U
12 5 2 5 D
12 6 3 26 L
12 7 2 7 D
12 8 0 15 U
12 9 8 4 D
12 10 0 25 L
12 11 7 20 U
12 12 2 1 D
12 13 5 16 U
12 14 0 29 L
12 15 19 12 R
12 16 20 26 L
12 17 23 17 U
12 18 0 26 L
12 19 20 14 R
12 20 4 20 U
12 21 2 21 U
12 22 1 22 U
12 23 14 24 L
12 24 21 19 U
12 25 5 4 D
12 26 19 2 D
12 27 15 27 L
12 28 21 1 D
12 29 20 17 U
13 0 7 0 D
13 1 0 9 R
13 2 3 17 U
13 3 6 29 L
13 4 2 4 D
13 5 16 11 R
13 6 1 6 D
13 7 8 7 D
13 8 17 1 D
13 9 0 16 U
13 10 1 16 U
13 11 12 18 U
13 12 11 23 U
13 14 8 19 U
13 15 11 9 R
13 16 10 8 R
13 17 1 17 U
13 18 2 18 U
13 19 20 1 D
13 20 0 25 L
13 21 5 28 L
13 22 3 22 U
13 24 5 4 D
13 25 4 20 U
13 26 3 21 U
13 27 2 5 D
13 28 0 10 R
13 29 3 21 U
14 0 4 28 L
14 1 0 25 L
14 2 16 27 L
14 3 11 3 D
14 4 11 19 U
14 5 3 5 D
14 6 3 6 D
14 7 0 15 U
14 8 4 4 D
14 9 1 15 U
14 10 15 4 D
14 11 15 1 D
14 12 4 12 R
14 13 15 13 R
14 14 4 0 D
14 15 4 12 R
14 16 0 7 D
14 17 8 11 R
14 18 1 2 D
14 19 13 25 L
14 20 7 13 R
14 21 18 28 L
14 22 6 25 L
14 23 8 23 U
14 24 4 7 D
14 25 19 0 D
14 26 5 1 D
14 27 18 16 U
14 28 8 18 U
14 29 18 22 U
15 0 10 8 R
15 1 10 25 L
15 2 13 28 L
15 3 13 26 L
15 4 22 8 R
15 5 5 5 D
15 6 5 15 U
15 7 2 7 D
15 8 0 6 D
15 9 17 1 D
15 10 10 2 D
15 11 9 2 D
15 12 6 12 R
15 14 8 1 D
15 15 3 11 R
15 16 8 8 R
15 17 16 29 L
15 18 7 24 L
15 19 9 13 R
15 20 6 20 U
15 21 18 14 R
15 22 8 27 L
15 24 21 5 D
15 25 1 9 R
15 26 19 1 D
15 27 5 27 L
15 28 18 16 U
15 29 20 11 R
16 0 5 14 R
16 1 9 27 L
16 2 4 26 L
16 3 21 28 L
16 4 1 4 D
16 5 19 8 R
16 6 17 22 U
16 7 6 12 R
16 8 0 0 D
16 9 14 0 D
16 10 5 6 D
16 11 1 16 U
16 12 6 3 D
16 14 1 14 R
16 15 0 0 D
16 16 4 9 R
16 17 3 17 U
16 18 2 10 R
16 19 3 27 L
16 20 20 20 U
16 21 6 21 U
16 22 8 22 U
16 23 6 23 U
16 24 8 24 L
16 25 11 1 D
16 26 19 20 U
16 27 6 18 U
16 28 8 10 R
16 29 15 4 D
17 0 9 25 L
17 1 1 26 L
17 2 3 14 R
17 3 12 3 D
17 4 2 4 D
17 5 6 14 R
17 7 8 23 U
17 8 9 26 L
17 9 22 16 U
17 10 19 15 U
17 11 3 4 D
17 12 5 12 R
17 13 11 5 D
17 14 2 14 R
17 15 16 26 L
17 16 3 26 L
17 17 2 10 R
17 18 2 11 R
17 19 1 19 U
17 20 22 9 R
17 21 3 21 U
17 22 22 24 L
17 24 0 15 U
17 25 0 13 R
17 26 18 15 U
17 27 8 27 L
17 28 2 28 L
17 29 5 21 U
18 0 12 18 U
18 1 10 1 D
18 2 1 2 D
18 3 0 12 R
18 4 2 13 R
18 5 12 5 D
18 6 0 12 R
18 7 16 14 R
18 8 7 24 L
18 9 12 2 D
18 10 22 1 D
18 11 11 3 D
18 13 14 4 D
18 14 9 5 D
18 15 4 25 L
18 16 0 24 L
18 17 24 27 L
18 18 20 25 L
18 19 8 19 U
18 20 4 0 D
18 21 11 0 D
18 22 9 26 L
18 23 9 26 L
18 24 1 23 U
18 25 1 22 U
18 26 2 26 L
18 27 1 19 U
18 28 4 2 D
18 29 13 3 D
19 0 20 11 R
19 1 11 11 R
19 2 4 2 D
19 3 1 11 R
19 4 0 19 U
19 5 3 5 D
19 7 1 7 D
19 8 9 6 D
19 9 17 18 U
19 10 1 7 D
19 11 21 16 U
19 13 2 19 U
19 14 22 19 U
19 15 0 8 R
19 16 12 10 R
19 17 7 17 U
19 18 0 5 D
19 19 22 3 D
19 20 4 13 R
19 21 12 21 U
19 22 3 22 U
19 24 3 7 D
19 25 24 25 L
19 26 0 11 R
19 27 9 3 D
19 28 0 17 U
19 29 22 19 U
20 0 8 19 U
20 1 7 12 R
20 2 23 10 R
20 3 25 11 R
20 4 21 25 L
20 5 2 5 D
20 6 6 6 D
20 8 23 0 D
20 9 18 1 D
20 10 13 5 D
20 11 23 5 D
20 13 7 1 D
20 14 17 6 D
20 15 13 8 R
20 16 19 16 U
20 17 6 28 L
20 18 24 10 R
20 20 1 20 U
20 21 22 21 U
20 22 7 22 U
20 24 15 16 U
20 25 24 8 R
20 26 13 12 R
20 27 0 12 R
20 28 4 17 U
20 29 9 22 U
21 0 13 16 U
21 1 8 28 L
21 2 17 27 L
21 4 11 4 D
21 5 24 5 D
21 7 8 7 D
21 8 14 21 U
21 9 0 22 U
21 10 23 16 U
21 11 15 11 R
21 13 8 18 U
21 15 14 9 R
21 16 11 9 R
21 17 6 10 R
21 18 12 12 R
21 19 20 19 U
21 21 2 21 U
21 22 8 22 U
21 24 20 15 U
21 25 19 2 D
21 26 4 26 L
21 27 1 15 U
21 28 9 2 D
21 29 2 29 L
22 0 10 24 L
22 1 17 28 L
22 2 20 8 R
22 3 21 10 R
22 4 5 4 D
22 5 16 29 L
22 8 19 8 R
22 9 6 18 U
22 10 21 18 U
22 11 1 17 U
22 13 5 20 U
22 15 14 8 R
22 16 23 24 L
22 17 8 17 U
22 18 14 8 R
22 20 6 20 U
22 21 6 21 U
22 22 18 28 L
22 24 10 24 L
22 25 13 21 U
22 26 19 16 U
22 27 19 17 U
22 28 17 9 R
23 0 24 0 D
23 1 3 1 D
23 4 6 4 D
23 5 3 16 U
23 8 16 25 L
23 11 20 1 D
23 15 12 25 L
23 16 18 0 D
23 17 18 26 L
23 18 1 18 U
23 21 22 12 R
23 22 5 22 U
23 24 3 23 U
23 25 8 16 U
23 27 9 17 U
23 28 21 19 U
23 29 11 18 U
24 0 23 29 L
24 4 23 18 U
24 5 8 27 L
24 8 25 1 D
24 10 23 10 R
24 11 10 0 D
24 12 15 29 L
24 16 20 16 U
24 17 8 4 D
24 18 4 10 R
24 21 5 21 U
24 25 9 16 U
24 27 11 1 D
24 28 22 6 D
25 4 17 10 R
25 5 11 21 U
25 8 4 1 D
25 11 17 11 R
25 15 15 26 L
25 16 24 26 L
25 21 18 3 D
25 28 12 10 R
26 4 7 4 D
26 5 10 10 R
26 8 13 5 D
27 4 23 4 D
27 5 2 21 U

