31 31 786
0 0 0 12 24 16 5 0 0 0 10 10 12 6 15
3 22 8 18 0 23 15 5 20 22 18 20 1 20 10
12 0 0 0 0 0 0 0 0 11 2 11 26 0 14
2 0 17 25 7 0 0 0 0 0 0 0 0 0 18
0 25 0 0 0 0 0 22 0 29 0 0 30 0 0
0 0 26 0 13 14 0 0 27 0 18 0 0 0 0
22 28 0 0 0 8 0 0 19 30 0 23 0 22 20
2 1 11 20 13 7 16 16 15 1 0 0 28 27 0
12 0 10 27 0 0 26 14 18 0 0 0 0 0 0
19 23 0 12 0 23 21 9 0 0 0 17 0 0 0
12 11 10 0 17 0 0 0 14 0 0 0 0 0 0
27 0 27 25 5 0 16 0 0 0 20 0 0 0 0
0 19 11 0 27 21 0 12 18 0 24 0 0 0 0
20 0 28 0 0 4 0 0 0 0 0 0 0 0 0
17 16 19 11 26 0 13 7 11 28 5 26 23 15 28
0 0 0 0 R
0 1 0 1 R
0 2 0 2 R
0 3 0 3 R
0 4 0 4 R
0 5 0 5 R
0 6 0 6 R
0 7 0 7 U
0 8 0 8 U
0 9 0 9 U
0 10 0 10 U
0 11 0 11 U
0 12 0 12 U
0 13 0 13 U
0 14 0 14 U
0 15 0 15 D
0 16 0 16 D
0 17 0 17 D
0 18 0 18 D
0 19 0 19 D
0 20 0 20 D
0 21 0 21 D
0 22 0 22 D
0 23 0 23 L
0 24 0 24 L
0 25 0 25 L
0 26 0 26 L
0 27 0 27 L
0 28 0 28 L
0 29 0 29 L
0 30 0 30 L
1 0 15 8 U
1 1 14 1 R
1 2 0 26 L
1 3 13 3 R
1 4 8 4 R
1 5 2 5 R
1 6 22 21 D
1 7 0 2 R
1 8 0 24 L
1 9 20 28 L
1 10 20 0 R
1 11 10 29 L
1 12 0 5 R
1 13 2 23 L
1 14 13 30 L
1 15 20 0 R
1 16 10 27 L
1 17 8 25 L
1 18 24 24 L
1 19 3 19 D
1 20 23 7 U
1 21 4 6 R
1 22 25 3 R
1 23 6 16 D
1 24 0 15 D
1 25 4 25 L
1 26 3 26 L
1 27 13 27 L
1 28 4 28 L
1 29 4 29 L
1 30 6 30 L
2 0 0 12 U
2 1 1 10 U
2 2 24 9 U
2 3 7 18 D
2 4 1 4 R
2 5 16 5 R
2 6 1 7 U
2 7 5 7 U
2 8 18 8 U
2 9 9 1 R
2 10 11 10 U
2 11 9 18 D
2 12 12 12 U
2 13 7 13 U
2 14 11 14 U
2 15 21 8 U
2 16 12 25 L
2 17 16 27 L
2 18 11 18 D
2 19 3 19 D
2 20 6 25 L
2 21 5 21 D
2 22 5 22 D
2 23 0 7 U
2 24 22 24 L
2 25 11 25 L
2 26 24 9 U
2 27 7 13 U
2 28 0 1 R
2 29 7 9 U
3 0 4 14 U
3 1 19 8 U
3 2 13 2 R
3 3 19 24 L
3 4 2 17 D
3 5 1 5 R
3 6 4 6 R
3 7 6 0 R
3 8 2 5 R
3 9 0 1 R
3 10 2 10 U
3 11 0 4 R
3 12 9 6 R
3 13 26 20 D
3 14 11 14 U
3 15 14 1 R
3 16 0 9 U
3 17 0 6 R
3 18 4 18 D
3 19 2 19 D
3 20 9 3 R
3 21 23 12 U
3 22 9 22 D
3 23 0 16 D
3 24 4 8 U
3 25 10 1 R
3 26 7 15 D
3 27 15 7 U
3 28 23 18 D
3 29 2 21 D
3 30 1 16 D
4 0 13 16 D
4 1 0 7 U
4 2 11 15 D
4 3 14 3 R
4 4 24 10 U
4 5 1 5 R
4 6 1 6 R
4 7 16 2 R
4 8 5 8 U
4 9 18 3 R
4 10 7 0 R
4 11 1 11 U
4 12 1 23 L
4 13 2 28 L
4 14 17 14 U
4 15 0 1 R
4 16 0 25 L
4 17 5 17 D
4 18 2 28 L
4 19 10 3 R
4 20 0 4 R
4 21 0 8 U
4 22 7 22 D
4 23 12 14 U
4 24 21 15 D
4 25 1 25 L
4 26 3 11 U
4 27 6 27 L
4 28 2 28 L
4 29 9 8 U
4 30 16 9 U
5 0 7 18 D
5 1 0 24 L
5 2 2 2 R
5 3 26 14 U
5 4 22 22 D
5 5 23 5 R
5 6 22 19 D
5 7 0 21 D
5 8 18 8 U
5 9 9 17 D
5 10 26 2 R
5 11 10 4 R
5 12 3 12 U
5 13 9 13 U
5 14 11 14 U
5 15 4 4 R
5 16 1 1 R
5 17 22 5 R
5 18 9 18 D
5 19 1 19 D
5 20 0 8 U
5 21 10 21 D
5 22 9 22 D
5 23 15 20 D
5 24 0 19 D
5 25 16 7 U
5 26 21 18 D
5 27 12 14 U
5 28 26 10 U
5 29 4 8 U
5 30 8 10 U
6 0 17 0 R
6 1 19 10 U
6 2 13 11 U
6 3 14 3 R
6 4 15 12 U
6 5 1 21 D
6 6 1 6 R
6 7 4 2 R
6 8 9 8 U
6 9 20 18 D
6 10 1 29 L
6 11 11 11 U
6 12 3 12 U
6 13 4 6 R
6 14 18 4 R
6 15 4 8 U
6 16 18 3 R
6 17 18 30 L
6 18 22 27 L
6 19 2 0 R
6 20 4 1 R
6 21 1 21 D
6 22 1 1 R
6 23 1 7 U
6 24 24 24 L
6 25 21 13 U
6 26 2 26 L
6 27 1 27 L
6 28 1 28 L
6 29 1 15 D
6 30 2 30 L
7 0 15 9 U
7 1 17 16 D
7 2 24 21 D
7 3 8 3 R
7 4 23 13 U
7 5 20 7 U
7 6 12 9 U
7 7 3 0 R
7 8 3 6 R
7 9 25 4 R
7 10 0 27 L
7 11 0 25 L
7 12 9 12 U
7 13 3 13 U
7 14 5 14 U
7 15 2 27 L
7 16 18 4 R
7 17 4 17 D
7 18 0 27 L
7 19 11 19 D
7 20 2 20 D
7 21 19 1 R
7 22 2 22 D
7 23 5 7 U
7 24 16 17 D
7 25 14 20 D
7 26 6 7 U
7 27 5 17 D
7 28 21 14 U
7 29 14 8 U
7 30 2 11 U
8 0 9 19 D
8 1 22 15 D
8 2 15 16 D
8 3 13 19 D
8 4 11 7 U
8 5 10 22 D
8 6 14 6 R
8 7 23 25 L
8 8 19 26 L
8 9 23 28 L
8 10 4 16 D
8 11 19 23 L
8 12 1 6 R
8 13 15 23 L
8 14 12 14 U
8 15 22 5 R
8 16 11 16 D
8 17 5 29 L
8 18 6 25 L
8 19 23 5 R
8 20 0 28 L
8 21 13 21 D
8 22 20 23 L
8 23 28 15 D
8 24 21 8 U
8 25 21 20 D
8 26 15 8 U
8 27 19 11 U
8 28 2 28 L
8 29 2 29 L
8 30 4 30 L
9 0 8 19 D
9 1 23 19 D
9 2 16 15 D
9 3 5 20 D
9 4 0 20 D
9 5 2 13 U
9 6 14 18 D
9 7 23 6 R
9 8 0 15 D
9 9 15 9 U
9 10 18 3 R
9 11 23 1 R
9 12 0 19 D
9 13 5 13 U
9 14 2 14 U
9 15 7 0 R
9 16 10 23 L
9 17 19 0 R
9 18 2 18 D
9 19 0 28 L
9 20 5 20 D
9 21 11 21 D
9 22 15 22 D
9 23 7 16 D
9 24 0 12 U
9 25 0 8 U
9 26 0 13 U
9 27 5 20 D
9 28 4 21 D
9 29 6 17 D
9 30 27 16 D
10 0 1 8 U
10 1 21 10 U
10 2 2 12 U
10 3 25 26 L
10 4 16 17 D
10 5 22 22 D
10 6 0 30 L
10 7 0 18 D
10 8 9 5 R
10 9 16 27 L
10 10 23 10 U
10 11 12 11 U
10 12 3 22 D
10 13 2 26 L
10 14 12 14 U
10 15 13 26 L
10 16 24 24 L
10 17 9 1 R
10 18 8 18 D
10 19 11 19 D
10 20 1 2 R
10 21 9 21 D
10 22 11 22 D
10 23 19 17 D
10 24 6 24 L
10 25 19 17 D
10 26 11 26 L
10 27 5 10 U
10 28 13 11 U
10 29 1 29 L
11 0 25 15 D
11 1 0 13 U
11 2 1 2 R
11 3 2 24 L
11 4 1 4 R
11 5 6 5 R
11 6 21 6 R
11 7 8 7 U
11 8 19 23 L
11 9 19 9 U
11 10 16 26 L
11 11 5 11 U
11 12 10 12 U
11 13 2 13 U
11 14 7 14 U
11 15 9 2 R
11 16 0 2 R
11 17 8 17 D
11 18 23 30 L
11 19 10 19 D
11 20 7 2 R
11 21 7 21 D
11 22 10 22 D
11 23 9 12 U
11 24 2 16 D
11 25 6 8 U
11 26 14 14 U
11 27 7 18 D
11 28 21 28 L
12 0 1 10 U
12 1 21 1 R
12 2 1 2 R
12 3 21 3 R
12 4 22 18 D
12 5 19 22 D
12 6 13 6 R
12 7 0 0 R
12 8 18 2 R
12 9 0 16 D
12 10 0 15 D
12 11 6 29 L
12 12 8 29 L
12 13 9 13 U
12 14 11 14 U
12 15 14 0 R
12 16 17 8 U
12 17 11 17 D
12 18 18 18 D
12 19 0 23 L
12 20 10 20 D
12 21 18 21 D
12 22 3 3 R
12 23 6 10 U
12 24 6 16 D
12 25 0 20 D
12 26 0 9 U
12 27 20 6 R
12 28 29 15 D
12 29 5 12 U
12 30 25 14 U
13 0 14 0 R
13 1 15 1 R
13 2 9 20 D
13 3 1 3 R
13 4 15 16 D
13 5 21 21 D
13 6 15 7 U
13 7 14 5 R
13 8 12 15 D
13 9 4 16 D
13 10 12 24 L
13 11 18 5 R
13 12 24 24 L
13 13 16 16 D
13 14 0 21 D
13 15 5 3 R
13 16 25 2 R
13 17 10 26 L
13 18 1 4 R
13 19 14 3 R
13 20 20 1 R
13 21 21 10 U
13 22 6 6 R
13 23 27 14 U
13 24 6 8 U
13 25 12 14 U
13 26 4 26 L
13 27 6 8 U
13 28 21 28 L
13 29 3 29 L
13 30 1 30 L
14 0 1 0 R
14 1 0 15 D
14 2 0 16 D
14 3 8 13 U
14 4 20 14 U
14 5 7 5 R
14 7 12 27 L
14 8 9 25 L
14 9 0 19 D
14 10 15 26 L
14 11 8 11 U
14 12 8 25 L
14 13 5 2 R
14 14 3 28 L
14 15 0 23 L
14 16 1 16 D
14 17 17 7 U
14 18 0 11 U
14 19 16 23 L
14 20 7 26 L
14 21 16 2 R
14 22 16 11 U
14 23 17 23 L
14 24 12 7 U
14 25 3 10 U
14 26 4 26 L
14 27 1 27 L
14 28 6 28 L
14 29 1 29 L
15 0 1 9 U
15 1 14 8 U
15 2 9 22 D
15 4 0 29 L
15 5 14 5 R
15 6 6 11 U
15 7 12 15 D
15 8 19 8 U
15 9 11 23 L
15 10 20 10 U
15 11 17 11 U
15 12 23 5 R
15 13 14 28 L
15 14 12 25 L
15 15 3 6 R
15 16 3 1 R
15 17 14 28 L
15 18 19 18 D
15 19 20 27 L
15 20 3 20 D
15 21 0 25 L
15 22 2 22 D
15 23 6 9 U
15 24 0 21 D
15 25 9 20 D
15 26 8 8 U
15 27 12 27 L
15 28 1 28 L
16 0 19 0 R
16 1 0 17 D
16 2 8 8 U
16 3 23 12 U
16 4 7 8 U
16 5 0 8 U
16 7 2 26 L
16 8 1 26 L
16 9 5 9 U
16 10 2 24 L
16 11 0 24 L
16 12 22 12 U
16 13 22 24 L
16 14 1 26 L
16 15 4 5 R
16 16 0 7 U
16 17 22 9 U
16 18 5 3 R
16 19 11 19 D
16 20 5 20 D
16 21 0 5 R
16 22 17 22 D
16 23 2 16 D
16 24 7 18 D
16 25 6 25 L
16 26 4 26 L
16 27 13 27 L
16 28 20 16 D
16 30 1 30 L
17 0 1 0 R
17 1 8 9 U
17 2 6 7 U
17 3 14 13 U
17 4 4 4 R
17 5 14 21 D
17 6 1 6 R
17 8 2 26 L
17 9 21 25 L
17 10 10 4 R
17 11 14 2 R
17 12 5 12 U
17 13 19 5 R
17 14 11 14 U
17 15 5 0 R
17 16 6 5 R
17 17 5 17 D
17 18 0 10 U
17 19 0 12 U
17 20 9 20 D
17 21 6 30 L
17 22 13 6 R
17 23 10 15 D
17 24 24 24 L
17 25 25 25 L
17 26 3 10 U
17 27 0 17 D
17 28 12 28 L
18 0 23 7 U
18 1 15 24 L
18 2 4 2 R
18 3 1 10 U
18 4 24 28 L
18 5 26 9 U
18 8 0 23 L
18 9 14 17 D
18 10 4 10 U
18 11 7 11 U
18 13 21 13 U
18 14 13 2 R
18 15 2 25 L
18 16 26 0 R
18 17 12 17 D
18 18 10 18 D
18 19 14 9 U
18 20 20 20 D
18 21 1 21 D
18 22 6 22 D
18 23 5 17 D
18 24 15 9 U
18 25 2 17 D
18 26 7 17 D
18 27 1 27 L
18 28 3 16 D
18 29 14 18 D
18 30 12 18 D
19 0 7 21 D
19 1 14 15 D
19 2 1 2 R
19 4 25 21 D
19 5 0 11 U
19 6 24 27 L
19 7 18 15 D
19 8 14 28 L
19 9 22 4 R
19 10 29 10 U
19 11 18 11 U
19 13 9 0 R
19 14 18 0 R
19 15 18 23 L
19 16 2 30 L
19 17 10 23 L
19 18 10 18 D
19 19 17 1 R
19 20 11 20 D
19 21 3 21 D
19 22 1 3 R
19 23 13 7 U
19 24 2 20 D
19 25 2 16 D
19 26 23 16 D
19 27 2 19 D
19 28 6 4 R
19 29 11 19 D
20 0 1 15 D
20 1 25 11 U
20 2 21 17 D
20 3 24 7 U
20 4 1 4 R
20 5 1 5 R
20 6 1 11 U
20 7 19 4 R
20 8 3 15 D
20 9 18 6 R
20 10 15 19 D
20 11 11 11 U
20 12 0 18 D
20 13 15 13 U
20 14 5 14 U
20 15 13 28 L
20 16 7 29 L
20 17 2 3 R
20 18 10 23 L
20 19 11 19 D
20 20 14 27 L
20 21 14 21 D
20 22 7 22 D
20 23 0 5 R
20 24 9 19 D
20 25 0 18 D
20 26 1 26 L
20 27 3 27 L
20 28 23 28 L
21 0 24 16 D
21 1 13 1 R
21 2 20 2 R
21 3 17 3 R
21 4 10 4 R
21 6 20 6 R
21 8 14 24 L
21 9 15 5 R
21 10 17 27 L
21 11 3 6 R
21 13 0 22 D
21 14 23 3 R
21 16 1 10 U
21 17 18 28 L
21 18 19 26 L
21 19 1 4 R
21 20 12 23 L
21 21 0 11 U
21 22 4 22 D
21 23 6 23 L
21 24 12 24 L
21 25 25 18 D
21 26 2 26 L
21 27 13 12 U
21 28 11 13 U
21 29 14 10 U
22 0 19 21 D
22 1 1 8 U
22 2 25 2 R
22 3 1 17 D
22 4 12 22 D
22 5 5 19 D
22 6 17 8 U
22 7 14 23 L
22 8 11 8 U
22 9 10 28 L
22 10 5 1 R
22 11 3 25 L
22 13 13 17 D
22 14 8 26 L
22 15 10 24 L
22 16 24 16 D
22 17 20 27 L
22 18 24 26 L
22 19 5 30 L
22 20 11 20 D
22 21 20 1 R
22 23 23 2 R
22 24 8 9 U
22 25 16 8 U
22 26 13 22 D
22 27 28 16 D
22 28 12 20 D
23 0 14 0 R
23 2 8 19 D
23 3 21 11 U
23 4 17 4 R
23 5 8 14 U
23 6 6 12 U
23 8 18 4 R
23 9 2 9 U
23 10 18 5 R
23 11 1 11 U
23 12 24 2 R
23 13 12 13 U
23 14 12 14 U
23 15 22 24 L
23 16 7 26 L
23 17 8 14 U
23 18 7 18 D
23 19 13 4 R
23 20 3 27 L
23 21 9 21 D
23 22 17 28 L
23 23 11 21 D
23 24 1 16 D
23 25 18 11 U
23 26 0 10 U
23 27 24 27 L
23 28 21 28 L
24 0 14 7 U
24 1 8 1 R
24 2 13 22 D
24 3 22 9 U
24 4 21 9 U
24 5 16 10 U
24 7 8 23 L
24 8 2 2 R
24 9 11 26 L
24 10 7 1 R
24 11 18 2 R
24 12 5 27 L
24 13 2 13 U
24 14 23 17 D
24 15 15 29 L
24 16 3 24 L
24 17 13 25 L
24 18 4 29 L
24 19 19 28 L
24 21 2 5 R
24 24 14 15 D
24 25 7 9 U
24 28 15 17 D
25 0 20 17 D
25 1 23 14 U
25 2 19 22 D
25 4 2 4 R
25 5 14 20 D
25 7 3 17 D
25 8 11 23 L
25 9 19 2 R
25 10 11 10 U
25 11 3 27 L
25 13 3 13 U
25 14 1 14 U
25 16 3 25 L
25 17 7 24 L
25 18 7 2 R
25 19 21 19 D
25 21 12 6 R
25 24 12 13 U
25 25 17 16 D
25 26 4 15 D
25 27 18 19 D
26 0 9 12 U
26 2 15 12 U
26 8 4 0 R
26 9 25 9 U
26 11 30 17 D
26 14 15 20 D
26 17 0 26 L
26 19 2 19 D
26 21 0 26 L
26 24 19 10 U
26 25 22 12 U
27 0 17 0 R
27 8 17 3 R
27 11 2 11 U
27 14 18 14 U
27 17 21 0 R
27 19 11 19 D
27 21 2 21 D
27 24 2 7 U
27 25 2 1 R
28 8 1 2 R
28 9 27 15 D
28 11 14 11 U
28 14 22 0 R
28 17 18 10 U
28 19 19 2 R
28 25 24 10 U
29 8 22 4 R
29 14 2 14 U
29 19 20 19 D
30 8 2 1 R
30 14 18 14 U
30 19 7 19 D

