34 48 1446
25 28 30 0 0 18 27 0 0 0 0 18 22 21 25 11 4 26 20
29 29 31 21 27 29 24 28 24 0 0 0 2 14 1 3 1 3 0
0 1 0 4 0 0 29 0 5 0 0 25 27 28 11 23 10 1 12
0 0 28 12 15 7 25 22 0 14 0 28 19 0 15 0 24 25 18
0 0 0 28 0 31 11 19 0 30 4 10 0 0 27 15 9 26 18
0 0 26 27 12 0 0 27 6 0 31 10 14 0 26 4 7 8 19
0 0 29 30 0 28 26 25 0 27 18 32 0 0 25 20 1 1 0
0 0 30 0 0 28 11 29 7 27 0 0 29 2 0 28 0 0 19
24 0 20 0 10 0 0 26 23 0 0 31 16 17 0 14 0 0 0
12 0 17 27 0 27 31 27 0 0 28 0 0 0 30 27 11 16 18
13 0 11 13 22 0 0 0 16 31 16 0 10 23 24 29 12 24 23
0 0 0 12 22 0 0 27 8 0 8 32 0 33 18 0 21 0 2
14 0 2 0 10 29 31 0 30 0 30 0 20 0 27 29 20 25 13
27 28 16 0 19 0 4 32 0 32 31 16 17 30 26 7 29 7 0
26 23 14 3 10 15 26 29 1 0 0 28 6 29 25 17 29 14 7
0 13 2 8 17 32 0 31 13 30 32 30 1 13 25 0 0 5 22
27 28 1 1 17 0 28 19 11 27 6 0 12 2 2 1 12 21 4
26 28 0 0 4 28 29 14 20 30 3 19 0 13 0 9 2 6 21
21 21 31 0 0 0 0 0 0 32 27 29 10 7 9 10 22 21 20
0 0 0 0 L
0 1 0 1 L
0 2 0 2 L
0 3 0 3 L
0 4 0 4 L
0 5 0 5 L
0 6 0 6 L
0 7 0 7 L
0 8 0 8 L
0 9 0 9 L
0 10 0 10 L
0 11 0 11 L
0 12 0 12 R
0 13 0 13 R
0 14 0 14 R
0 15 0 15 R
0 16 0 16 R
0 17 0 17 R
0 18 0 18 R
0 19 0 19 R
0 20 0 20 R
0 21 0 21 R
0 22 0 22 R
0 23 0 23 R
0 24 0 24 D
0 25 0 25 D
0 26 0 26 D
0 27 0 27 D
0 28 0 28 D
0 29 0 29 D
0 30 0 30 D
0 31 0 31 D
0 32 0 32 D
0 33 0 33 D
0 34 0 34 D
0 35 0 35 D
0 36 0 36 U
0 37 0 37 U
0 38 0 38 U
0 39 0 39 U
0 40 0 40 U
0 41 0 41 U
0 42 0 42 U
0 43 0 43 U
0 44 0 44 U
0 45 0 45 U
0 46 0 46 U
0 47 0 47 U
1 0 0 24 D
1 1 0 25 D
1 2 0 37 U
1 3 0 26 D
1 4 1 27 D
1 5 0 28 D
1 6 4 24 D
1 7 1 30 D
1 8 3 39 U
1 9 0 13 R
1 10 5 41 U
1 11 18 44 U
1 12 0 0 L
1 13 0 24 D
1 14 0 1 L
1 15 0 38 U
1 16 0 26 D
1 17 0 39 U
1 18 0 25 D
1 19 2 4 L
1 20 0 42 U
1 21 8 3 L
1 22 4 27 D
1 23 0 9 L
1 24 0 36 U
1 25 0 13 R
1 26 0 15 R
1 27 2 16 R
1 28 0 2 L
1 29 0 38 U
1 30 3 14 R
1 31 4 15 R
1 32 4 16 R
1 33 1 1 L
1 34 0 19 R
1 35 7 15 R
1 36 0 12 R
1 37 1 13 R
1 38 0 2 L
1 39 0 4 L
1 40 2 16 R
1 41 0 1 L
1 42 3 3 L
1 43 3 18 R
1 44 1 19 R
1 45 1 17 R
1 46 4 5 L
1 47 2 19 R
2 0 1 24 D
2 1 0 36 U
2 2 0 39 U
2 3 2 3 L
2 4 2 4 L
2 5 2 5 L
2 6 4 6 L
2 7 3 7 L
2 8 4 27 D
2 9 4 9 L
2 10 2 10 L
2 11 9 11 L
2 12 1 12 R
2 13 0 25 D
2 14 2 14 R
2 15 0 3 L
2 16 1 16 R
2 17 2 27 D
2 18 2 18 R
2 19 4 19 R
2 20 0 28 D
2 21 2 21 R
2 22 3 22 R
2 23 6 23 R
2 24 2 0 L
2 25 0 14 R
2 26 1 3 L
2 27 0 17 R
2 28 0 5 L
2 29 2 29 D
2 30 3 30 D
2 31 4 31 D
2 32 4 32 D
2 33 5 33 D
2 34 2 34 D
2 35 6 35 D
2 36 0 1 L
2 37 1 37 U
2 38 2 38 U
2 39 1 17 R
2 40 2 40 U
2 41 1 41 U
2 42 3 42 U
2 43 2 43 U
2 44 2 44 U
2 45 3 45 U
2 46 4 46 U
2 47 4 47 U
3 0 1 40 U
3 1 0 42 U
3 2 3 43 U
3 3 1 29 D
3 4 2 26 D
3 5 1 5 L
3 6 1 6 L
3 7 2 7 L
3 8 0 47 U
3 9 2 9 L
3 10 4 10 L
3 11 3 11 L
3 12 0 36 U
3 13 3 29 D
3 14 0 41 U
3 15 4 36 U
3 16 2 24 D
3 17 2 17 R
3 18 1 30 D
3 19 3 19 R
3 20 0 10 L
3 21 8 21 R
3 22 2 22 R
3 23 14 23 R
3 24 2 12 R
3 25 3 13 R
3 26 2 6 L
3 27 2 8 L
3 28 0 8 L
3 29 3 18 R
3 30 2 30 D
3 31 3 31 D
3 32 3 32 D
3 33 4 33 D
3 34 1 34 D
3 35 5 35 D
3 36 0 5 L
3 37 0 24 D
3 38 1 0 L
3 39 0 7 L
3 40 1 40 U
3 41 2 41 U
3 42 2 42 U
3 43 3 43 U
3 44 3 44 U
3 45 2 45 U
3 46 3 46 U
3 47 2 47 U
4 0 0 13 R
4 1 0 44 U
4 2 3 2 L
4 3 0 45 U
4 4 3 4 L
4 5 4 29 D
4 6 0 46 U
4 7 1 7 L
4 8 0 20 R
4 9 4 14 R
4 10 1 10 L
4 11 16 11 L
4 12 0 2 L
4 13 0 37 U
4 14 0 29 D
4 15 2 31 D
4 16 0 6 L
4 17 3 26 D
4 18 3 40 U
4 19 3 41 U
4 20 5 20 R
4 21 1 21 R
4 22 11 22 R
4 23 18 23 R
4 24 0 12 R
4 25 0 0 L
4 26 3 17 R
4 27 1 18 R
4 28 0 12 R
4 29 0 36 U
4 30 4 16 R
4 31 2 31 D
4 32 7 15 R
4 33 1 33 D
4 34 6 20 R
4 35 8 35 D
4 36 0 14 R
4 37 4 37 U
4 38 0 15 R
4 39 2 32 D
4 40 0 27 D
4 41 0 28 D
4 42 0 8 L
4 43 1 43 U
4 44 4 44 U
4 45 4 45 U
4 46 2 46 U
4 47 1 47 U
5 0 4 40 U
5 1 4 17 R
5 2 1 34 D
5 3 6 27 D
5 4 2 43 U
5 5 7 45 U
5 6 3 24 D
5 7 3 14 R
5 8 14 30 D
5 9 5 9 L
5 10 5 10 L
5 11 11 11 L
5 12 1 29 D
5 13 5 29 D
5 14 5 30 D
5 15 0 43 U
5 16 5 16 R
5 17 7 24 D
5 18 6 25 D
5 19 0 33 D
5 20 4 20 R
5 21 7 21 R
5 22 9 22 R
5 23 1 23 R
5 24 3 9 L
5 25 7 2 L
5 26 4 18 R
5 27 9 12 R
5 28 9 28 D
5 29 1 29 D
5 30 2 13 R
5 31 8 16 R
5 32 6 32 D
5 33 3 33 D
5 34 9 34 D
5 35 3 35 D
5 36 2 8 L
5 37 1 12 R
5 38 0 9 L
5 39 4 0 L
5 40 4 13 R
5 41 1 16 R
5 42 7 16 R
5 43 5 12 R
5 44 6 33 D
5 45 8 0 L
5 46 5 17 R
5 47 7 4 L
6 0 0 29 D
6 1 0 12 R
6 2 6 2 L
6 3 9 3 L
6 4 4 4 L
6 5 6 37 U
6 6 9 47 U
6 7 7 7 L
6 8 14 8 L
6 9 3 9 L
6 10 2 25 D
6 11 12 11 L
6 12 6 24 D
6 13 2 36 U
6 14 4 38 U
6 15 6 27 D
6 16 7 25 D
6 17 3 17 R
6 18 6 28 D
6 19 8 29 D
6 20 6 20 R
6 21 3 21 R
6 22 5 22 R
6 23 0 43 U
6 24 4 13 R
6 25 7 25 D
6 26 6 26 D
6 27 7 15 R
6 28 8 15 R
6 29 4 12 R
6 30 0 44 U
6 31 6 31 D
6 32 5 32 D
6 33 4 20 R
6 34 5 34 D
6 35 9 35 D
6 36 5 4 L
6 37 0 6 L
6 38 3 20 R
6 39 2 12 R
6 40 7 13 R
6 41 5 41 U
6 42 7 42 U
6 43 4 43 U
6 44 5 44 U
6 45 8 45 U
6 46 9 46 U
6 47 7 47 U
7 0 3 44 U
7 1 6 39 U
7 2 8 40 U
7 3 8 3 L
7 4 7 28 D
7 5 6 36 U
7 6 6 6 L
7 7 4 7 L
7 8 9 8 L
7 9 5 26 D
7 10 1 45 U
7 11 19 11 L
7 12 2 38 U
7 13 3 13 R
7 14 6 29 D
7 15 3 28 D
7 16 8 30 D
7 17 7 17 R
7 18 6 18 R
7 19 7 32 D
7 20 3 30 D
7 21 2 29 D
7 22 6 22 R
7 23 0 3 L
7 24 0 37 U
7 25 7 14 R
7 26 5 26 D
7 27 9 27 D
7 28 1 4 L
7 29 2 1 L
7 30 7 30 D
7 31 8 31 D
7 32 4 19 R
7 33 0 15 R
7 34 0 0 L
7 35 7 35 D
7 36 0 0 L
7 37 2 7 L
7 38 6 17 R
7 39 3 9 L
7 40 7 40 U
7 41 8 18 R
7 42 6 42 U
7 43 6 14 R
7 44 6 44 U
7 45 7 45 U
7 46 8 46 U
7 47 6 47 U
8 0 8 24 D
8 1 9 46 U
8 2 4 2 L
8 3 9 38 U
8 4 0 18 R
8 5 10 5 L
8 6 8 6 L
8 7 6 44 U
8 8 13 8 L
8 9 7 42 U
8 10 18 39 U
8 11 14 11 L
8 12 6 31 D
8 13 9 13 R
8 14 9 24 D
8 15 7 33 D
8 16 5 26 D
8 17 7 3 L
8 18 3 43 U
8 19 8 34 D
8 20 0 24 D
8 21 9 21 R
8 22 11 28 D
8 23 2 23 R
8 24 2 24 D
8 25 1 15 R
8 26 7 16 R
8 27 8 27 D
8 28 0 41 U
8 29 2 20 R
8 30 1 17 R
8 31 7 31 D
8 32 1 40 U
8 33 7 33 D
8 34 3 34 D
8 35 17 18 R
8 36 4 27 D
8 37 4 12 R
8 38 6 38 U
8 39 8 6 L
8 40 6 40 U
8 41 8 41 U
8 42 5 42 U
8 43 0 3 L
8 44 2 9 L
8 45 6 45 U
8 46 7 46 U
8 47 9 4 L
9 0 5 33 D
9 1 5 32 D
9 2 7 25 D
9 3 8 44 U
9 4 9 29 D
9 5 0 14 R
9 6 1 25 D
9 7 7 42 U
9 8 17 44 U
9 9 6 9 L
9 10 16 10 L
9 11 23 39 U
9 12 0 5 L
9 13 5 13 R
9 14 8 14 R
9 15 9 1 L
9 16 9 16 R
9 17 6 17 R
9 18 0 31 D
9 19 10 19 R
9 20 8 20 R
9 21 13 24 D
9 22 0 25 D
9 23 21 23 R
9 24 3 12 R
9 25 3 15 R
9 26 0 45 U
9 27 7 27 D
9 28 8 28 D
9 29 9 39 U
9 30 4 30 D
9 31 6 18 R
9 32 9 32 D
9 33 4 21 R
9 34 8 34 D
9 35 13 35 D
9 36 5 1 L
9 37 6 9 L
9 38 9 6 L
9 39 7 19 R
9 40 8 40 U
9 41 7 41 U
9 42 6 2 L
9 43 10 4 L
9 44 9 15 R
9 45 5 45 U
9 46 6 46 U
9 47 5 47 U
10 0 1 36 U
10 1 10 29 D
10 2 4 45 U
10 3 9 34 D
10 4 0 46 U
10 5 11 5 L
10 6 13 31 D
10 7 8 7 L
10 8 17 8 L
10 9 10 36 U
10 10 17 10 L
10 11 25 11 L
10 12 1 32 D
10 13 7 26 D
10 14 2 37 U
10 15 10 35 D
10 16 0 25 D
10 17 10 27 D
10 18 15 9 L
10 19 6 19 R
10 20 0 5 L
10 21 13 21 R
10 22 13 22 R
10 23 19 23 R
10 24 8 12 R
10 25 1 37 U
10 26 9 2 L
10 27 2 41 U
10 28 0 21 R
10 29 3 29 D
10 30 10 21 R
10 31 13 13 R
10 32 10 32 D
10 33 11 21 R
10 34 7 22 R
10 35 14 35 D
10 36 6 7 L
10 37 8 37 U
10 38 0 19 R
10 39 8 15 R
10 40 2 5 L
10 41 7 3 L
10 42 10 6 L
10 43 10 43 U
10 44 10 17 R
10 45 10 1 L
10 46 4 16 R
10 47 5 24 D
11 0 11 26 D
11 1 4 36 U
11 2 5 47 U
11 3 10 31 D
11 4 11 31 D
11 5 6 38 U
11 6 11 6 L
11 7 0 29 D
11 8 16 8 L
11 9 14 40 U
11 10 9 10 L
11 11 22 46 U
11 12 10 28 D
11 13 10 13 R
11 14 6 36 U
11 15 10 25 D
11 16 6 16 R
11 17 5 4 L
11 18 16 18 R
11 19 10 31 D
11 20 12 20 R
11 21 4 21 R
11 22 12 22 R
11 23 17 23 R
11 24 10 12 R
11 25 10 15 R
11 26 9 37 U
11 27 5 22 R
11 28 11 20 R
11 29 9 5 L
11 30 13 30 D
11 31 12 31 D
11 32 0 43 U
11 33 15 5 L
11 34 14 34 D
11 35 1 35 D
11 36 7 2 L
11 37 10 15 R
11 38 11 0 L
11 39 14 1 L
11 40 9 24 D
11 41 10 22 R
11 42 14 0 L
11 43 8 43 U
11 44 0 16 R
11 45 13 14 R
11 46 8 2 L
11 47 3 47 U
12 0 11 40 U
12 1 7 1 L
12 2 12 32 D
12 3 10 3 L
12 4 12 4 L
12 5 6 5 L
12 6 12 6 L
12 7 10 46 U
12 8 5 8 L
12 9 10 9 L
12 10 6 10 L
12 11 2 11 L
12 12 12 33 D
12 13 7 28 D
12 14 0 44 U
12 15 6 39 U
12 16 13 16 R
12 17 14 17 R
12 18 11 40 U
12 19 17 19 R
12 20 8 3 L
12 21 5 21 R
12 22 7 22 R
12 23 11 23 R
12 24 5 7 L
12 25 0 6 L
12 26 9 26 D
12 27 13 12 R
12 28 12 28 D
12 29 0 39 U
12 30 12 30 D
12 31 11 31 D
12 32 10 13 R
12 33 2 33 D
12 34 13 34 D
12 35 19 35 D
12 36 10 7 L
12 37 13 37 U
12 38 11 38 U
12 39 7 22 R
12 40 12 40 U
12 41 11 41 U
12 42 12 42 U
12 43 9 22 R
12 44 13 44 U
12 45 14 45 U
12 46 12 46 U
12 47 13 0 L
13 0 14 24 D
13 1 11 38 U
13 2 11 44 U
13 3 12 41 U
13 4 11 4 L
13 5 3 36 U
13 6 8 38 U
13 7 3 40 U
13 8 6 8 L
13 9 14 9 L
13 10 15 10 L
13 11 5 11 L
13 12 12 32 D
13 13 11 13 R
13 14 12 34 D
13 15 8 42 U
13 16 14 16 R
13 17 13 17 R
13 18 15 28 D
13 19 13 19 R
13 20 9 37 U
13 21 8 29 D
13 22 10 39 U
13 23 10 23 R
13 24 6 0 L
13 25 4 9 L
13 26 12 26 D
13 27 10 19 R
13 28 0 36 U
13 29 12 29 D
13 30 15 30 D
13 31 12 12 R
13 32 8 32 D
13 33 16 33 D
13 34 11 34 D
13 35 12 35 D
13 36 13 2 L
13 37 3 5 L
13 38 2 6 L
13 39 6 18 R
13 40 11 20 R
13 41 13 41 U
13 42 14 42 U
13 43 7 9 L
13 44 12 44 U
13 45 17 5 L
13 46 11 46 U
13 47 16 47 U
14 0 0 40 U
14 1 9 1 L
14 2 12 2 L
14 3 11 26 D
14 4 10 4 L
14 5 13 20 R
14 6 13 42 U
14 7 6 21 R
14 8 3 8 L
14 9 13 9 L
14 10 10 14 R
14 11 6 11 L
14 12 12 27 D
14 13 13 32 D
14 14 15 14 R
14 15 15 43 U
14 16 15 16 R
14 17 12 17 R
14 18 6 46 U
14 19 16 19 R
14 20 0 8 L
14 21 10 21 R
14 22 11 32 D
14 23 20 27 D
14 24 11 37 U
14 25 17 14 R
14 26 11 1 L
14 27 15 27 D
14 28 14 28 D
14 29 11 29 D
14 30 14 30 D
14 31 12 21 R
14 32 3 14 R
14 33 17 33 D
14 34 0 6 L
14 35 9 12 R
14 36 6 3 L
14 37 8 12 R
14 38 14 6 L
14 39 17 39 U
14 40 11 17 R
14 41 10 41 U
14 42 4 2 L
14 43 16 8 L
14 44 13 0 L
14 45 15 45 U
14 46 5 16 R
14 47 15 47 U
15 0 11 37 U
15 1 4 1 L
15 2 14 2 L
15 3 12 37 U
15 4 13 28 D
15 5 12 27 D
15 6 15 41 U
15 7 17 7 L
15 8 14 45 U
15 9 15 28 D
15 10 19 10 L
15 11 27 25 D
15 12 10 38 U
15 13 14 30 D
15 14 1 14 R
15 15 1 43 U
15 16 16 25 D
15 17 9 25 D
15 18 19 18 R
15 19 15 19 R
15 20 14 20 R
15 21 8 25 D
15 22 15 26 D
15 23 20 23 R
15 24 13 12 R
15 25 7 5 L
15 26 0 17 R
15 27 16 22 R
15 28 0 39 U
15 29 18 45 U
15 30 12 12 R
15 31 0 1 L
15 32 8 15 R
15 33 15 33 D
15 34 0 15 R
15 35 20 35 D
15 36 12 8 L
15 37 0 13 R
15 38 15 2 L
15 39 17 14 R
15 40 6 3 L
15 41 12 14 R
15 42 12 20 R
15 43 0 15 R
15 44 9 44 U
15 45 15 7 L
15 46 14 46 U
15 47 13 47 U
16 0 11 47 U
16 1 15 1 L
16 2 11 46 U
16 3 15 34 D
16 4 17 26 D
16 5 17 25 D
16 6 13 6 L
16 7 16 7 L
16 8 8 8 L
16 9 16 9 L
16 10 7 10 L
16 11 15 11 L
16 12 12 24 D
16 13 0 34 D
16 14 12 30 D
16 15 17 34 D
16 16 17 16 R
16 17 15 17 R
16 18 14 18 R
16 19 12 19 R
16 20 13 20 R
16 21 13 42 U
16 22 10 22 R
16 23 16 23 R
16 24 5 9 L
16 25 14 39 U
16 26 12 4 L
16 27 13 27 D
16 28 7 20 R
16 29 17 29 D
16 30 16 30 D
16 31 0 44 U
16 32 14 32 D
16 33 13 33 D
16 34 15 4 L
16 35 0 46 U
16 36 15 16 R
16 37 11 6 L
16 38 14 38 U
16 39 12 39 U
16 40 6 0 L
16 41 16 2 L
16 42 16 42 U
16 43 16 43 U
16 44 17 3 L
16 45 11 23 R
16 46 13 46 U
16 47 10 47 U
17 0 11 24 D
17 1 10 40 U
17 2 17 24 D
17 3 15 3 L
17 4 7 4 L
17 5 0 15 R
17 6 0 20 R
17 7 14 34 D
17 8 12 8 L
17 9 12 34 D
17 10 8 10 L
17 11 19 14 R
17 12 17 27 D
17 13 16 13 R
17 14 16 26 D
17 15 11 31 D
17 16 0 1 L
17 17 16 17 R
17 18 15 34 D
17 19 7 19 R
17 20 11 20 R
17 21 15 21 R
17 22 15 33 D
17 23 3 23 R
17 24 13 36 U
17 25 13 47 U
17 26 17 12 R
17 27 17 0 L
17 28 18 17 R
17 29 16 29 D
17 30 14 13 R
17 31 13 31 D
17 32 22 32 D
17 33 15 18 R
17 34 18 34 D
17 35 16 35 D
17 36 13 36 U
17 37 9 16 R
17 38 2 3 L
17 39 17 17 R
17 40 17 18 R
17 41 17 41 U
17 42 16 7 L
17 43 12 43 U
17 44 17 0 L
17 45 12 45 U
17 46 11 4 L
17 47 11 47 U
18 0 14 36 U
18 1 19 30 D
18 2 19 37 U
18 3 1 12 R
18 4 16 4 L
18 5 0 38 U
18 6 17 28 D
18 7 15 40 U
18 8 18 33 D
18 9 2 37 U
18 10 18 35 D
18 11 29 11 L
18 12 0 31 D
18 13 2 13 R
18 14 14 27 D
18 15 21 15 R
18 16 0 27 D
18 17 19 31 D
18 18 17 29 D
18 19 0 5 L
18 20 18 20 R
18 21 0 2 L
18 22 17 38 U
18 23 6 10 L
18 24 0 3 L
18 25 0 11 L
18 26 16 19 R
18 27 7 10 L
18 28 19 28 D
18 29 0 22 R
18 30 19 12 R
18 31 17 31 D
18 32 19 32 D
18 33 8 33 D
18 34 19 34 D
18 35 12 13 R
18 36 14 7 L
18 37 18 8 L
18 38 8 6 L
18 39 18 13 R
18 40 11 40 U
18 41 19 25 D
18 42 11 13 R
18 43 1 25 D
18 44 18 20 R
18 45 15 1 L
18 46 18 16 R
18 47 10 20 R
19 0 17 0 L
19 1 20 36 U
19 2 19 45 U
19 3 18 3 L
19 4 15 44 U
19 5 17 39 U
19 6 9 32 D
19 7 11 7 L
19 8 19 8 L
19 9 13 25 D
19 10 20 35 D
19 11 22 11 L
19 12 11 41 U
19 13 16 26 D
19 14 0 30 D
19 15 20 15 R
19 16 18 16 R
19 17 19 17 R
19 18 11 18 R
19 19 18 19 R
19 20 19 26 D
19 21 18 21 R
19 22 17 22 R
19 23 22 23 R
19 24 0 10 L
19 25 0 38 U
19 26 13 23 R
19 27 19 27 D
19 28 18 28 D
19 29 7 43 U
19 30 18 30 D
19 31 2 42 U
19 32 21 32 D
19 33 19 33 D
19 34 18 21 R
19 35 21 15 R
19 36 15 14 R
19 37 18 10 L
19 38 4 0 L
19 39 19 39 U
19 40 10 40 U
19 41 12 41 U
19 42 15 42 U
19 43 18 43 U
19 44 19 44 U
19 45 9 45 U
19 46 18 46 U
19 47 14 47 U
20 0 4 37 U
20 1 9 37 U
20 2 20 2 L
20 3 12 3 L
20 4 19 4 L
20 5 15 5 L
20 6 22 6 L
20 7 20 35 D
20 8 10 41 U
20 9 21 9 L
20 10 11 24 D
20 11 18 11 L
20 12 16 29 D
20 13 13 35 D
20 14 19 47 U
20 15 11 25 D
20 16 11 41 U
20 17 17 10 L
20 18 17 35 D
20 19 17 31 D
20 20 7 34 D
20 21 0 7 L
20 22 9 11 L
20 23 12 23 R
20 24 15 15 R
20 25 22 25 D
20 26 23 23 R
20 27 14 23 R
20 28 20 23 R
20 29 15 29 D
20 30 0 42 U
20 31 1 0 L
20 32 20 16 R
20 33 19 43 U
20 34 5 14 R
20 35 18 35 D
20 36 18 2 L
20 37 19 1 L
20 38 19 24 D
20 39 22 6 L
20 40 18 4 L
20 41 18 18 R
20 42 16 17 R
20 43 20 7 L
20 44 20 7 L
20 45 18 45 U
20 46 16 13 R
20 47 19 4 L
21 0 2 45 U
21 1 15 25 D
21 2 19 38 U
21 3 20 24 D
21 4 20 37 U
21 5 20 5 L
21 6 24 38 U
21 7 19 35 D
21 8 21 28 D
21 9 22 31 D
21 10 10 10 L
21 11 8 11 L
21 12 18 27 D
21 13 20 33 D
21 14 9 43 U
21 15 9 15 R
21 16 0 2 L
21 17 17 47 U
21 18 25 18 R
21 19 19 19 R
21 20 24 20 R
21 21 22 21 R
21 22 14 22 R
21 23 13 23 R
21 24 20 12 R
21 25 11 9 L
21 26 24 26 D
21 27 14 40 U
21 28 22 12 R
21 29 0 14 R
21 30 19 13 R
21 31 15 31 D
21 32 15 17 R
21 33 17 17 R
21 34 24 18 R
21 35 3 0 L
21 36 20 2 L
21 37 9 9 L
21 38 21 38 U
21 39 19 17 R
21 40 0 0 L
21 41 14 41 U
21 42 21 13 R
21 43 20 23 R
21 44 20 5 L
21 45 12 3 L
21 46 22 4 L
21 47 4 15 R
22 0 0 41 U
22 1 8 39 U
22 2 21 46 U
22 3 19 42 U
22 4 20 29 D
22 5 18 45 U
22 6 23 6 L
22 7 22 39 U
22 8 21 8 L
22 9 23 9 L
22 10 21 10 L
22 11 27 28 D
22 12 19 27 D
22 13 4 36 U
22 14 25 26 D
22 15 18 33 D
22 16 24 16 R
22 17 20 30 D
22 18 25 33 D
22 19 0 29 D
22 20 23 20 R
22 21 13 35 D
22 22 16 22 R
22 23 22 30 D
22 24 16 0 L
22 25 22 14 R
22 26 22 26 D
22 27 20 23 R
22 28 22 28 D
22 29 9 29 D
22 30 21 21 R
22 31 0 7 L
22 32 25 17 R
22 33 22 33 D
22 34 23 34 D
22 35 0 5 L
22 36 19 8 L
22 37 21 2 L
22 38 6 16 R
22 39 18 39 U
22 40 23 14 R
22 41 20 41 U
22 42 20 42 U
22 43 20 43 U
22 44 15 44 U
22 45 22 13 R
22 46 21 46 U
22 47 13 32 D
23 0 1 44 U
23 1 1 1 L
23 2 11 2 L
23 3 21 27 D
23 4 22 34 D
23 5 21 5 L
23 6 21 6 L
23 7 23 40 U
23 8 21 24 D
23 9 21 37 U
23 10 22 25 D
23 11 24 11 L
23 12 19 28 D
23 13 24 32 D
23 14 24 14 R
23 15 22 29 D
23 16 23 16 R
23 17 19 1 L
23 18 25 45 U
23 19 20 34 D
23 20 21 20 R
23 21 24 27 D
23 22 15 22 R
23 23 8 23 R
23 24 16 36 U
23 25 22 45 U
23 26 23 26 D
23 27 21 6 L
23 28 15 21 R
23 29 22 14 R
23 30 21 40 U
23 31 25 15 R
23 32 25 32 D
23 33 23 0 L
23 34 23 20 R
23 35 25 39 U
23 36 20 12 R
23 37 21 7 L
23 38 20 8 L
23 39 23 2 L
23 40 25 40 U
23 41 22 5 L
23 42 24 2 L
23 43 21 21 R
23 44 17 44 U
23 45 23 45 U
23 46 25 16 R
23 47 19 47 U
24 0 21 47 U
24 1 23 25 D
24 2 18 2 L
24 3 21 3 L
24 4 23 4 L
24 5 21 40 U
24 6 1 14 R
24 7 23 7 L
24 8 22 8 L
24 9 25 9 L
24 10 25 10 L
24 11 10 11 L
24 12 15 25 D
24 13 24 28 D
24 14 24 41 U
24 15 0 9 L
24 16 21 16 R
24 17 23 17 R
24 18 27 33 D
24 19 26 19 R
24 20 2 20 R
24 22 24 22 R
24 23 23 23 R
24 24 23 24 D
24 25 16 10 L
24 26 25 12 R
24 27 18 19 R
24 28 16 28 D
24 29 24 29 D
24 30 21 30 D
24 31 23 31 D
24 32 23 38 U
24 33 24 33 D
24 34 25 34 D
24 35 27 35 D
24 36 22 5 L
24 37 22 9 L
24 38 23 1 L
24 39 16 39 U
24 40 22 40 U
24 41 24 41 U
24 42 13 42 U
24 43 25 43 U
24 44 20 44 U
24 45 22 45 U
24 46 23 46 U
24 47 21 47 U
25 0 20 39 U
25 1 25 1 L
25 2 22 26 D
25 3 0 46 U
25 4 22 4 L
25 5 21 36 U
25 6 24 6 L
25 7 22 7 L
25 8 26 35 D
25 9 23 43 U
25 10 24 10 L
25 11 26 11 L
25 12 24 25 D
25 13 24 13 R
25 14 21 27 D
25 15 24 15 R
25 16 23 24 D
25 17 22 37 U
25 18 27 35 D
25 19 13 27 D
25 20 25 20 R
25 22 26 22 R
25 23 0 6 L
25 24 24 12 R
25 25 4 23 R
25 26 14 20 R
25 27 23 15 R
25 28 22 46 U
25 29 0 9 L
25 31 24 31 D
25 32 24 17 R
25 33 23 33 D
25 34 24 34 D
25 35 26 35 D
25 36 24 4 L
25 37 3 19 R
25 38 23 13 R
25 39 0 32 D
25 40 24 40 U
25 41 25 41 U
25 42 11 42 U
25 43 24 43 U
25 44 28 1 L
25 45 20 3 L
25 46 23 11 L
25 47 22 47 U
26 0 5 16 R
26 1 26 28 D
26 2 27 40 U
26 3 23 34 D
26 4 24 4 L
26 6 27 43 U
26 7 24 25 D
26 8 28 8 L
26 9 29 12 R
26 10 26 42 U
26 11 26 44 U
26 12 19 6 L
26 13 16 4 L
26 14 20 14 R
26 15 19 36 U
26 16 0 45 U
26 17 27 24 D
26 19 24 19 R
26 20 11 11 L
26 22 21 8 L
26 23 0 11 L
26 24 21 12 R
26 25 25 36 U
26 26 23 14 R
26 27 25 16 R
26 28 27 39 U
26 29 0 12 R
26 31 18 13 R
26 32 20 32 D
26 33 0 18 R
26 34 24 12 R
26 35 26 17 R
26 36 24 19 R
26 37 28 13 R
26 38 0 18 R
26 39 25 39 U
26 40 21 3 L
26 41 23 0 L
26 42 29 4 L
26 43 25 15 R
26 44 24 44 U
26 45 3 15 R
26 46 5 11 L
26 47 23 22 R
27 0 26 40 U
27 1 26 1 L
27 2 24 2 L
27 4 13 4 L
27 6 28 6 L
27 7 27 7 L
27 8 27 8 L
27 9 30 9 L
27 10 27 10 L
27 11 31 11 L
27 12 21 24 D
27 13 10 26 D
27 14 27 14 R
27 15 25 25 D
27 16 22 35 D
27 17 27 17 R
27 19 27 19 R
27 20 10 20 R
27 22 27 22 R
27 23 4 23 R
27 24 27 24 D
27 25 26 14 R
27 26 28 13 R
27 27 29 27 D
27 28 29 19 R
27 29 20 29 D
27 31 0 4 L
27 33 28 33 D
27 35 29 35 D
27 36 23 3 L
27 37 28 37 U
27 38 25 38 U
27 39 22 39 U
27 40 26 17 R
27 41 25 22 R
27 42 28 42 U
27 43 28 43 U
27 44 25 44 U
27 45 29 14 R
27 46 22 0 L
27 47 23 47 U
28 0 27 0 L
28 1 26 41 U
28 2 15 36 U
28 4 24 24 D
28 6 26 6 L
28 7 25 7 L
28 8 26 29 D
28 10 28 10 L
28 12 0 47 U
28 13 27 26 D
28 14 25 32 D
28 15 27 15 R
28 16 26 16 R
28 17 9 38 U
28 19 28 19 R
28 22 0 2 L
28 24 24 4 L
28 25 4 25 D
28 26 29 15 R
28 27 28 27 D
28 28 31 28 D
28 29 0 13 R
28 33 29 19 R
28 35 28 35 D
28 36 19 12 R
28 37 25 23 R
28 38 26 1 L
28 39 18 10 L
28 40 13 40 U
28 41 28 41 U
28 42 27 42 U
28 43 23 43 U
28 44 21 44 U
28 45 29 45 U
28 46 29 46 U
28 47 17 47 U
29 0 9 33 D
29 1 29 28 D
29 2 2 2 L
29 4 28 4 L
29 6 0 25 D
29 7 28 46 U
29 8 25 8 L
29 10 18 10 L
29 12 27 27 D
29 13 26 36 U
29 14 21 31 D
29 15 24 37 U
29 16 26 39 U
29 17 0 36 U
29 19 29 19 R
29 22 26 45 U
29 24 26 16 R
29 25 23 7 L
29 26 28 26 D
29 27 23 1 L
29 28 30 28 D
29 29 29 29 D
29 33 23 43 U
29 35 25 22 R
29 36 17 6 L
29 37 27 37 U
29 38 28 18 R
29 39 26 39 U
29 40 25 8 L
29 41 27 41 U
29 42 26 42 U
29 43 27 43 U
29 44 16 44 U
29 45 29 18 R
29 46 28 46 U
30 0 30 41 U
30 1 12 1 L
30 4 30 24 D
30 8 29 37 U
30 12 29 25 D
30 14 29 31 D
30 16 31 24 D
30 17 29 36 U
30 19 12 33 D
30 24 29 43 U
30 25 29 25 D
30 27 31 27 D
30 28 14 14 R
30 33 25 33 D
30 36 28 0 L
30 37 24 22 R
30 38 30 2 L
30 41 22 20 R
30 42 29 42 U
30 43 13 8 L
31 0 15 42 U
31 1 26 12 R
31 4 0 22 R
31 12 29 41 U
31 14 30 14 R
31 17 32 17 R
31 24 32 24 D
31 28 24 28 D
31 33 30 33 D
31 36 16 3 L
31 37 22 37 U
31 41 29 41 U
31 42 17 9 L
31 43 8 4 L
32 0 15 27 D
32 1 32 1 L
32 12 29 38 U
32 14 3 14 R
32 17 30 17 R
32 36 18 12 R
32 37 12 11 L
32 41 28 17 R
32 42 8 42 U
32 43 31 43 U
33 0 31 0 L

