18 16 249
0 9 0 0 0 5 0 0 10 0 7 0 0 0
11 0 0 0 16 3 16 0 6 5 9 0 0 7
0 0 17 11 0 11 0 1 0 0 0 14 0 16
0 0 0 1 0 7 0 1 7 17 0 0 0 7
0 0 14 0 0 16 0 13 12 11 0 0 5 0
0 0 0 14 5 0 0 0 0 0 0 1 0 5
11 10 0 0 7 15 15 12 0 0 16 0 0 7
0 2 0 17 5 0 2 0 2 0 14 16 4 0
15 16 0 0 0 5 14 17 17 12 4 16 0 11
0 13 0 0 0 0 0 15 0 0 0 0 0 4
16 16 0 0 0 0 0 0 0 0 0 9 0 10
0 0 0 0 0 0 8 0 8 0 0 0 4 0
0 17 0 0 0 0 15 0 9 0 0 8 13 4
3 6 0 0 0 0 1 0 14 7 0 0 0 0
0 0 0 0 L
0 1 0 1 L
0 2 0 2 L
0 3 0 3 L
0 4 0 4 L
0 5 0 5 R
0 6 0 6 R
0 7 0 7 R
0 8 0 8 R
0 9 0 9 D
0 10 0 10 D
0 11 0 11 D
0 12 0 12 D
0 13 0 13 U
0 14 0 14 U
0 15 0 15 U
1 0 0 9 D
1 1 11 13 U
1 2 2 11 D
1 3 10 15 U
1 4 9 9 D
1 5 0 13 U
1 6 0 1 L
1 7 12 7 R
1 8 4 2 L
1 9 3 6 R
1 10 0 0 L
1 11 4 6 R
1 12 3 12 D
1 13 0 6 R
1 14 13 14 U
1 15 7 15 U
2 0 0 6 R
2 1 8 1 L
2 2 6 2 L
2 3 10 3 L
2 4 9 4 L
2 5 5 5 R
2 6 12 2 L
2 7 9 14 U
2 8 4 8 R
2 9 11 0 L
2 10 1 4 L
2 11 9 2 L
2 12 7 8 R
2 13 12 3 L
2 14 1 7 R
2 15 1 8 R
3 0 0 13 U
3 1 1 15 U
3 2 9 15 U
3 3 1 13 U
3 4 2 10 D
3 5 6 14 U
3 6 2 13 U
3 7 7 3 L
3 8 0 11 D
3 9 0 13 U
3 10 5 8 R
3 11 4 11 D
3 12 1 12 D
3 13 10 4 L
3 14 8 0 L
3 15 8 15 U
4 0 0 7 R
4 1 0 14 U
4 2 3 15 U
4 3 6 3 L
4 4 2 4 L
4 5 3 5 R
4 6 0 3 L
4 7 7 13 U
4 8 3 1 L
4 9 0 3 L
4 10 3 0 L
4 11 2 4 L
4 12 0 5 R
4 13 5 0 L
4 14 7 0 L
4 15 0 10 D
5 0 6 9 D
5 1 0 10 D
5 2 9 2 L
5 3 1 3 L
5 4 4 4 L
5 5 8 10 D
5 6 0 12 D
5 7 0 9 D
5 8 10 15 U
5 9 14 5 R
5 10 0 1 L
5 11 7 1 L
5 12 13 0 L
5 13 11 13 U
5 14 7 14 U
5 15 12 15 U
6 0 3 13 U
6 1 0 7 R
6 2 2 2 L
6 3 15 9 D
6 5 5 15 U
6 6 0 14 U
6 7 3 7 R
6 8 2 15 U
6 9 7 8 R
6 10 5 2 L
6 11 0 3 L
6 12 4 5 R
6 13 0 5 R
6 14 5 5 R
6 15 8 5 R
7 0 13 0 L
7 1 8 15 U
7 2 6 9 D
7 3 0 13 U
7 5 0 0 L
7 6 0 10 D
7 7 3 11 D
7 8 2 8 R
7 9 0 5 R
7 10 9 7 R
7 11 5 11 D
7 13 14 13 U
7 14 13 11 D
7 15 5 6 R
8 0 12 11 D
8 1 11 12 D
8 2 6 12 D
8 3 6 3 L
8 5 5 5 R
8 6 4 15 U
8 7 2 7 R
8 8 2 8 R
8 9 3 7 R
8 10 7 10 D
8 11 3 1 L
8 12 5 12 D
8 13 0 9 D
8 14 10 2 L
8 15 12 7 R
9 0 5 14 U
9 1 8 1 L
9 2 3 2 L
9 3 13 14 U
9 5 4 13 U
9 6 7 6 R
9 7 2 1 L
9 8 6 13 U
9 9 13 7 R
9 10 4 5 R
9 11 10 7 R
9 13 12 5 R
9 14 3 8 R
9 15 1 12 D
10 0 9 5 R
10 1 7 1 L
10 2 0 9 D
10 3 11 3 L
10 4 13 10 D
10 5 11 13 U
10 6 0 0 L
10 7 11 7 R
10 8 0 2 L
10 9 13 9 D
10 10 9 6 R
10 11 9 11 D
10 13 5 13 U
10 14 0 6 R
10 15 12 3 L
11 0 14 6 R
11 1 15 1 L
11 2 6 13 U
11 3 12 3 L
11 5 7 5 R
11 6 14 6 R
11 7 8 7 R
11 8 6 8 R
11 9 12 8 R
11 10 0 4 L
11 11 1 11 D
11 13 0 8 R
11 14 6 14 U
11 15 7 8 R
12 0 4 11 D
12 1 5 12 D
12 2 7 15 U
12 3 2 9 D
12 5 15 9 D
12 6 2 14 U
12 7 6 15 U
12 8 5 8 R
12 9 1 9 D
12 10 10 3 L
12 11 1 11 D
12 12 5 12 D
12 13 0 1 L
12 14 10 7 R
12 15 8 6 R
13 0 15 13 U
13 1 12 1 L
13 2 7 11 D
13 3 2 3 L
13 5 1 15 U
13 6 5 6 R
13 7 1 13 U
13 9 5 9 D
13 10 1 10 D
13 11 1 11 D
13 13 2 6 R
13 14 1 8 R
13 15 9 1 L
14 0 1 14 U
14 1 6 1 L
14 3 5 14 U
14 5 6 5 R
14 6 10 6 R
14 7 11 9 D
14 9 8 2 L
14 10 12 10 D
14 11 2 3 L
14 13 0 7 R
14 14 0 2 L
14 15 13 5 R
15 0 7 0 L
15 1 2 13 U
15 3 16 10 D
15 5 13 0 L
15 6 14 10 D
15 7 8 14 U
15 9 5 9 D
15 10 4 10 D
15 13 2 7 R
15 14 10 14 U
15 15 14 15 U
16 3 3 3 L
16 5 1 2 L
16 6 7 13 U
16 7 1 15 U
16 9 5 9 D
16 10 12 13 U
16 13 10 8 R
16 14 0 9 D
16 15 15 0 L
17 3 15 13 U
17 6 11 15 U
17 7 0 15 U
17 9 6 5 R
17 10 3 10 D
17 14 0 11 D

