15 17 217
0 0 8 0 0 0 0 0 0 0 0 0 0 0 12 0
10 0 0 0 0 8 8 0 0 0 1 0 0 3 0 0
0 0 0 0 0 0 0 0 0 0 0 0 0 0 0 0
3 0 11 0 0 7 0 0 0 0 0 0 0 0 7 1
0 0 0 0 0 0 0 0 0 0 0 0 0 0 0 0
12 0 0 0 0 0 14 0 0 0 6 0 0 0 6 0
0 0 2 0 0 7 0 0 0 0 1 0 0 2 0 10
13 0 0 12 0 0 0 0 0 0 0 0 0 0 13 7
12 0 0 3 0 0 0 0 0 12 0 0 0 0 0 3
0 0 0 0 0 0 0 0 4 0 0 0 0 0 0 0
14 0 0 11 0 0 0 0 14 2 0 0 0 0 0 4
13 0 0 0 0 0 0 13 0 0 0 8 0 0 0 6
14 0 0 0 0 0 0 0 0 0 0 3 0 0 0 11
5 0 0 0 0 0 0 0 0 0 12 0 0 11 0 0
9 0 0 0 0 0 0 12 0 0 0 6 0 0 5 3
8 0 0 1 0 0 0 0 0 0 0 0 0 6 2 0
0 0 0 0 D
0 1 0 1 D
0 2 0 2 D
0 3 0 3 D
0 4 0 4 R
0 5 0 5 R
0 6 0 6 R
0 7 0 7 R
0 8 0 8 U
0 9 0 9 U
0 10 0 10 U
0 11 0 11 U
0 12 0 12 U
0 13 0 13 L
0 14 0 14 L
0 15 0 15 L
0 16 0 16 L
1 0 2 6 R
1 1 0 7 R
1 2 6 5 R
1 3 7 14 L
1 4 7 4 R
1 5 0 14 L
1 6 8 0 D
1 7 0 13 L
1 8 0 13 L
1 9 0 4 R
1 10 0 6 R
1 11 0 13 L
1 12 3 7 R
1 13 2 0 D
1 14 7 14 L
1 15 4 15 L
1 16 7 16 L
2 0 3 13 L
2 1 0 15 L
2 2 6 2 D
2 3 6 3 D
2 4 10 4 R
2 5 5 8 U
2 6 1 6 R
2 7 0 8 U
2 8 1 16 L
2 9 7 4 R
2 10 3 10 U
2 11 3 11 U
2 12 0 7 R
2 13 0 8 U
2 14 3 8 U
2 15 7 9 U
2 16 0 10 U
3 0 0 8 U
3 1 1 15 L
3 2 5 2 D
3 3 5 3 D
3 4 1 13 L
3 5 1 13 L
3 6 4 10 U
3 7 0 14 L
3 8 10 13 L
3 9 10 9 U
3 10 6 10 U
3 11 2 11 U
3 12 9 12 U
3 13 0 1 D
3 14 1 14 L
3 15 4 2 D
3 16 5 9 U
4 0 2 4 R
4 1 7 1 D
4 2 8 6 R
4 3 11 13 L
4 4 9 15 L
4 5 6 15 L
4 6 1 6 R
4 7 1 7 R
4 8 0 1 D
4 9 11 9 U
4 10 6 6 R
4 11 1 11 U
4 12 5 6 R
4 13 6 8 U
4 14 10 10 U
4 15 0 12 U
4 16 6 16 L
5 0 6 14 L
5 1 10 6 R
5 2 3 2 D
5 3 2 8 U
5 4 0 2 D
5 5 6 1 D
5 6 9 6 R
5 7 6 0 D
5 8 3 5 R
5 9 12 7 R
5 10 8 4 R
5 11 6 16 L
5 12 2 12 U
5 13 7 11 U
5 14 8 2 D
5 15 1 1 D
5 16 4 12 U
6 0 3 0 D
6 1 1 13 L
6 2 3 2 D
6 3 0 6 R
6 4 8 8 U
6 5 7 3 D
6 6 0 1 D
6 7 5 3 D
6 8 5 14 L
6 9 4 9 U
6 10 1 5 R
6 11 2 11 U
6 12 4 12 U
6 13 9 9 U
6 14 8 12 U
6 15 1 0 D
6 16 5 3 D
7 0 8 7 R
7 1 0 16 L
7 2 4 16 L
7 3 4 7 R
7 4 11 8 U
7 5 4 5 R
7 6 0 3 D
7 7 2 7 R
7 8 6 14 L
7 9 3 9 U
7 10 2 10 U
7 11 9 4 R
7 13 11 3 D
7 14 0 9 U
7 15 4 15 L
7 16 2 16 L
8 0 5 16 L
8 1 0 13 L
8 2 4 5 R
8 3 2 3 D
8 4 0 8 U
8 5 5 16 L
8 6 6 8 U
8 7 9 11 U
8 8 10 15 L
8 9 6 5 R
8 10 6 10 U
8 11 3 11 U
8 13 0 0 D
8 14 1 5 R
8 15 4 10 U
8 16 4 16 L
9 0 1 9 U
9 1 3 5 R
9 2 11 2 D
9 3 8 15 L
9 4 13 4 R
9 5 6 11 U
9 6 0 15 L
9 8 10 6 R
9 9 0 16 L
9 10 8 10 U
9 13 5 11 U
9 14 7 8 U
9 15 5 3 D
9 16 4 2 D
10 0 7 5 R
10 1 2 1 D
10 2 7 2 D
10 3 5 3 D
10 4 9 0 D
10 5 8 5 R
10 6 2 0 D
10 8 7 0 D
10 9 14 4 R
10 10 0 2 D
10 11 6 11 U
10 13 2 13 L
10 14 4 9 U
10 15 3 15 L
10 16 5 16 L
11 0 8 16 L
11 1 3 1 D
11 2 9 2 D
11 3 13 5 R
11 4 7 4 R
11 5 0 16 L
11 6 1 15 L
11 7 12 7 R
11 8 12 5 R
11 9 10 16 L
11 10 5 7 R
11 13 10 2 D
11 14 7 1 D
11 16 0 7 R
12 0 8 4 R
12 1 6 1 D
12 2 3 2 D
12 5 2 8 U
12 6 11 14 L
12 9 9 6 R
12 10 6 14 L
12 13 9 13 L
12 14 2 14 L
12 15 11 3 D
12 16 8 6 R
13 0 12 15 L
13 1 4 1 D
13 5 7 0 D
13 9 12 9 U
13 13 11 2 D
13 14 7 14 L
13 16 4 16 L
14 0 0 4 R
14 1 13 1 D
14 5 4 14 L
14 14 3 1 D
14 16 11 1 D

