30 27 668
0 11 0 0 0 5 5 10 10 0 0 26 0 15 0 21 27
0 0 0 0 0 7 21 7 0 0 0 0 10 0 23 0 0
0 17 0 0 0 0 18 0 0 0 0 0 10 0 18 0 0
0 6 0 0 0 0 27 0 0 0 0 25 13 0 24 0 0
23 0 0 0 0 0 0 0 0 24 27 0 6 21 15 24 0
6 0 19 25 0 16 10 15 25 26 0 0 0 13 0 0 0
18 0 0 0 10 8 22 0 0 1 0 14 0 24 0 25 0
7 0 5 0 0 0 13 0 0 0 2 0 8 23 0 0 0
0 0 0 0 0 0 0 0 0 0 0 0 0 10 22 0 0
0 0 0 12 16 0 12 0 0 2 19 0 0 13 0 0 0
27 0 9 0 10 0 0 8 26 0 27 11 6 16 0 22 0
19 0 0 24 0 26 0 18 0 21 24 20 18 1 6 0 0
20 0 4 0 15 0 0 3 0 21 0 0 12 0 9 10 0
0 15 0 0 0 14 0 15 0 0 0 9 0 0 12 0 0
4 10 0 0 0 21 0 9 0 0 1 0 1 0 21 1 0
0 13 2 0 27 8 29 26 27 9 4 0 26 13 25 0 0
10 4 0 1 0 20 0 0 28 0 9 5 20 0 14 15 27
0 0 0 0 D
0 1 0 1 D
0 2 0 2 D
0 3 0 3 D
0 4 0 4 D
0 5 0 5 D
0 6 0 6 R
0 7 0 7 R
0 8 0 8 R
0 9 0 9 R
0 10 0 10 R
0 11 0 11 R
0 12 0 12 R
0 13 0 13 R
0 14 0 14 U
0 15 0 15 U
0 16 0 16 U
0 17 0 17 U
0 18 0 18 U
0 19 0 19 U
0 20 0 20 L
0 21 0 21 L
0 22 0 22 L
0 23 0 23 L
0 24 0 24 L
0 25 0 25 L
0 26 0 26 L
1 0 20 6 R
1 1 4 1 D
1 2 12 2 D
1 3 3 3 D
1 4 0 21 L
1 5 17 9 R
1 6 14 17 U
1 7 7 2 D
1 8 13 8 R
1 9 18 15 U
1 10 13 10 R
1 11 7 11 R
1 12 3 1 D
1 13 13 19 U
1 14 0 20 L
1 15 5 6 R
1 16 8 21 L
1 17 10 17 U
1 18 6 5 D
1 19 5 19 U
1 20 21 0 D
1 21 22 14 U
1 22 0 11 R
1 23 13 15 U
1 24 2 24 L
1 25 4 25 L
1 26 2 4 D
2 0 21 22 L
2 1 5 26 L
2 2 11 7 R
2 3 22 3 D
2 4 5 21 L
2 5 12 21 L
2 6 14 14 U
2 7 6 7 R
2 8 0 15 U
2 9 9 17 U
2 10 7 15 U
2 11 10 11 R
2 12 6 4 D
2 13 17 18 U
2 14 6 20 L
2 15 8 20 L
2 16 4 9 R
2 17 0 12 R
2 18 13 12 R
2 19 13 13 R
2 20 0 0 D
2 21 3 1 D
2 22 11 0 D
2 23 7 23 L
2 24 15 18 U
2 26 17 18 U
3 0 4 20 L
3 1 1 20 L
3 2 1 6 R
3 3 1 3 D
3 4 2 4 D
3 5 12 5 D
3 6 0 4 D
3 7 16 14 U
3 8 11 16 U
3 9 4 4 D
3 10 0 16 U
3 11 21 11 R
3 12 11 12 R
3 13 0 26 L
3 14 4 14 U
3 15 1 15 U
3 16 8 23 L
3 17 20 23 L
3 18 11 25 L
3 19 1 22 L
3 20 18 12 R
3 21 13 7 R
3 22 0 9 R
3 23 0 7 R
3 24 10 4 D
3 25 9 16 U
3 26 0 13 R
4 0 0 8 R
4 1 8 18 U
4 2 9 21 L
4 3 10 8 R
4 4 16 4 D
4 5 8 5 D
4 6 12 3 D
4 7 1 0 D
4 8 5 15 U
4 9 5 9 R
4 10 6 10 R
4 11 16 11 R
4 12 18 14 U
4 14 7 7 R
4 15 0 1 D
4 16 1 16 U
4 17 1 17 U
4 18 1 18 U
4 19 12 2 D
4 20 23 16 U
4 21 17 21 L
4 22 2 22 L
4 23 10 16 U
4 24 0 0 D
4 25 1 13 R
4 26 14 26 L
5 0 3 22 L
5 1 24 1 D
5 2 22 2 D
5 3 3 24 L
5 4 9 26 L
5 5 1 5 D
5 6 10 6 R
5 7 7 7 R
5 8 20 8 R
5 9 0 16 U
5 10 4 10 R
5 11 11 11 R
5 12 2 21 L
5 14 6 24 L
5 15 22 21 L
5 16 23 21 L
5 17 15 24 L
5 18 7 24 L
5 19 0 9 R
5 20 8 1 D
5 21 9 0 D
5 22 20 3 D
5 23 7 23 L
5 24 2 3 D
5 25 1 17 U
5 26 11 9 R
6 0 0 23 L
6 1 20 14 U
6 2 20 6 R
6 3 1 23 L
6 4 23 17 U
6 5 0 25 L
6 6 5 1 D
6 7 2 7 R
6 8 5 8 R
6 9 11 9 R
6 10 1 19 U
6 11 2 11 R
6 12 11 12 R
6 13 7 13 R
6 14 4 23 L
6 15 0 22 L
6 16 0 4 D
6 17 18 10 R
6 18 7 26 L
6 19 1 20 L
6 20 3 7 R
6 21 0 17 U
6 22 18 2 D
6 23 12 16 U
6 24 1 19 U
6 25 0 18 U
6 26 2 2 D
7 0 0 9 R
7 1 17 10 R
7 2 21 24 L
7 3 12 22 L
7 4 1 23 L
7 5 1 5 D
7 6 11 6 R
7 7 4 15 U
7 8 4 8 R
7 9 2 9 R
7 10 1 10 R
7 11 0 18 U
7 12 23 15 U
7 14 0 7 R
7 15 1 12 R
7 16 12 1 D
7 17 11 11 R
7 18 17 8 R
7 19 4 21 L
7 20 1 0 D
7 21 8 7 R
7 22 4 22 L
7 23 1 23 L
7 24 23 5 D
7 25 13 25 L
7 26 6 26 L
8 0 26 22 L
8 1 24 20 L
8 2 2 2 D
8 3 3 21 L
8 4 0 18 U
8 5 2 5 D
8 6 0 0 D
8 7 20 1 D
8 8 1 1 D
8 9 22 21 L
8 10 1 10 R
8 11 22 2 D
8 12 11 12 R
8 14 11 6 R
8 15 0 6 R
8 16 3 16 U
8 17 1 21 L
8 18 3 18 U
8 19 19 19 U
8 20 18 3 D
8 21 9 15 U
8 22 22 1 D
8 23 5 17 U
8 24 6 17 U
8 25 11 5 D
8 26 4 18 U
9 0 14 22 L
9 1 25 21 L
9 2 0 25 L
9 3 11 26 L
9 4 11 4 D
9 5 21 5 D
9 6 4 15 U
9 7 2 7 R
9 8 25 19 U
9 9 4 9 R
9 10 0 14 U
9 11 8 15 U
9 12 15 12 R
9 14 2 14 U
9 15 0 8 R
9 16 23 5 D
9 17 4 17 U
9 18 12 18 U
9 19 21 19 U
9 20 13 5 D
9 21 15 17 U
9 22 17 18 U
9 23 6 23 L
9 24 10 7 R
9 25 2 25 L
9 26 1 16 U
10 0 3 9 R
10 1 3 9 R
10 2 2 20 L
10 3 5 25 L
10 4 0 20 L
10 5 0 19 U
10 6 7 6 R
10 7 1 7 R
10 8 6 8 R
10 9 14 9 R
10 10 3 14 U
10 11 18 4 D
10 14 0 11 R
10 15 13 8 R
10 16 0 1 D
10 17 24 17 U
10 18 16 12 R
10 19 18 4 D
10 20 6 14 U
10 21 0 6 R
10 22 5 22 L
10 23 8 1 D
10 24 3 24 L
10 25 22 25 L
10 26 6 26 L
11 0 12 20 L
11 1 17 22 L
11 2 4 7 R
11 3 14 10 R
11 4 23 11 R
11 5 18 24 L
11 6 5 6 R
11 7 7 14 U
11 8 19 8 R
11 9 13 18 U
11 10 12 18 U
11 11 2 17 U
11 14 3 21 L
11 15 15 7 R
11 16 0 10 R
11 17 1 17 U
11 18 9 18 U
11 19 16 12 R
11 20 9 20 L
11 21 6 0 D
11 22 4 14 U
11 23 13 14 U
11 24 2 24 L
11 25 1 4 D
11 26 6 5 D
12 0 5 22 L
12 1 11 9 R
12 2 8 2 D
12 3 10 9 R
12 4 7 26 L
12 5 7 22 L
12 6 0 14 U
12 7 8 0 D
12 8 13 15 U
12 9 17 15 U
12 10 0 17 U
12 11 24 16 U
12 12 13 17 U
12 14 8 21 L
12 15 24 15 U
12 16 18 16 U
12 17 3 17 U
12 18 6 10 R
12 19 1 19 U
12 20 9 20 L
12 21 22 1 D
12 22 14 22 L
12 23 16 18 U
12 24 2 24 L
12 25 17 4 D
12 26 6 3 D
13 0 19 8 R
13 1 9 6 R
13 2 3 23 L
13 3 8 3 D
13 4 20 24 L
13 5 11 23 L
13 6 14 15 U
13 7 0 20 L
13 8 10 8 R
13 9 7 15 U
13 10 7 10 R
13 11 2 11 R
13 14 14 3 D
13 15 8 8 R
13 16 7 10 R
13 17 12 11 R
13 18 0 2 D
13 19 14 11 R
13 20 4 2 D
13 21 17 5 D
13 22 7 15 U
13 23 9 23 L
13 24 14 24 L
13 25 1 25 L
13 26 4 16 U
14 0 9 20 L
14 1 19 23 L
14 2 7 8 R
14 3 1 10 R
14 4 10 8 R
14 5 9 17 U
14 6 7 6 R
14 7 10 7 R
14 8 19 17 U
14 9 12 18 U
14 10 15 3 D
14 11 11 15 U
14 13 8 13 R
14 14 19 22 L
14 15 18 11 R
14 16 10 6 R
14 17 0 25 L
14 18 5 11 R
14 19 9 19 U
14 20 13 4 D
14 21 0 16 U
14 22 10 22 L
14 23 3 6 R
14 24 11 24 L
14 25 15 25 L
14 26 13 26 L
15 0 4 21 L
15 1 17 1 D
15 2 16 2 D
15 3 9 7 R
15 4 22 16 U
15 5 6 14 U
15 6 0 1 D
15 7 3 7 R
15 8 26 14 U
15 9 0 19 U
15 10 20 17 U
15 11 7 11 R
15 14 14 6 R
15 15 8 24 L
15 16 0 3 D
15 17 0 23 L
15 18 12 21 L
15 19 13 11 R
15 20 19 3 D
15 21 4 17 U
15 22 0 14 U
15 23 10 23 L
15 24 4 19 U
15 25 1 25 L
15 26 2 26 L
16 0 0 20 L
16 1 3 20 L
16 2 2 2 D
16 3 9 3 D
16 4 9 25 L
16 5 17 8 R
16 6 1 16 U
16 7 9 5 D
16 8 0 23 L
16 9 18 5 D
16 10 0 23 L
16 11 3 14 U
16 14 17 21 L
16 15 5 0 D
16 16 9 6 R
16 17 8 24 L
16 18 9 5 D
16 19 0 21 L
16 20 21 2 D
16 21 6 19 U
16 22 2 22 L
16 23 3 23 L
16 24 1 24 L
16 25 12 2 D
16 26 13 26 L
17 0 12 25 L
17 1 14 23 L
17 2 7 21 L
17 3 11 3 D
17 4 4 24 L
17 5 10 7 R
17 6 20 1 D
17 7 11 14 U
17 8 12 16 U
17 9 9 4 D
17 10 25 10 R
17 11 20 0 D
17 12 14 12 R
17 14 21 8 R
17 15 9 15 U
17 16 22 23 L
17 17 23 8 R
17 18 21 18 U
17 19 15 19 U
17 20 3 0 D
17 21 15 15 U
17 22 0 10 R
17 23 16 7 R
17 24 22 16 U
17 26 6 26 L
18 0 17 26 L
18 1 0 22 L
18 2 0 6 R
18 3 3 3 D
18 4 1 24 L
18 5 4 5 D
18 6 10 19 U
18 7 19 18 U
18 8 0 2 D
18 9 19 0 D
18 10 1 10 R
18 11 16 22 L
18 14 15 14 U
18 15 0 5 D
18 16 1 16 U
18 17 7 10 R
18 18 4 25 L
18 19 13 25 L
18 20 2 5 D
18 21 0 15 U
18 22 7 19 U
18 23 0 1 D
18 24 6 11 R
18 25 16 0 D
18 26 6 26 L
19 0 7 7 R
19 1 6 26 L
19 2 13 20 L
19 3 6 8 R
19 4 0 23 L
19 5 4 24 L
19 6 4 0 D
19 7 12 15 U
19 8 13 17 U
19 9 13 14 U
19 10 12 3 D
19 11 5 16 U
19 14 21 0 D
19 15 25 15 U
19 16 15 22 L
19 18 0 22 L
19 19 12 5 D
19 20 0 2 D
19 21 15 3 D
19 22 13 4 D
19 23 0 2 D
19 24 6 10 R
19 26 0 8 R
20 0 14 20 L
20 1 0 10 R
20 2 13 21 L
20 3 22 14 U
20 4 1 9 R
20 5 0 17 U
20 6 22 6 R
20 7 4 4 D
20 8 11 4 D
20 9 11 3 D
20 10 16 4 D
20 11 7 18 U
20 14 19 21 L
20 15 14 22 L
20 16 18 24 L
20 17 27 23 L
20 18 7 11 R
20 19 1 7 R
20 20 2 1 D
20 21 0 18 U
20 22 6 1 D
20 23 5 23 L
20 24 7 2 D
21 0 23 0 D
21 1 4 1 D
21 2 8 22 L
21 3 1 3 D
21 4 9 4 D
21 5 12 5 D
21 6 4 17 U
21 7 8 3 D
21 8 26 8 R
21 9 5 9 R
21 10 2 10 R
21 11 17 11 R
21 12 7 12 R
21 14 24 25 L
21 15 12 6 R
21 16 13 16 U
21 17 8 6 R
21 18 7 6 R
21 19 15 19 U
21 20 10 20 L
21 22 4 0 D
21 23 10 0 D
21 24 10 24 L
21 25 5 4 D
22 0 24 10 R
22 1 6 16 U
22 2 6 16 U
22 3 0 11 R
22 4 4 19 U
22 5 1 9 R
22 6 5 2 D
22 7 21 2 D
22 8 13 8 R
22 9 2 9 R
22 10 1 18 U
22 12 21 12 R
22 14 23 20 L
22 15 8 15 U
22 16 9 23 L
22 17 2 8 R
22 19 9 8 R
22 20 9 20 L
22 21 5 2 D
22 22 20 5 D
22 23 28 19 U
22 24 20 9 R
23 0 0 16 U
23 1 18 6 R
23 2 4 25 L
23 3 25 9 R
23 4 24 25 L
23 5 1 5 D
23 6 2 3 D
23 7 22 1 D
23 8 2 8 R
23 9 26 20 L
23 10 1 0 D
23 11 22 1 D
23 12 14 5 D
23 14 27 21 L
23 15 26 21 L
23 16 3 11 R
23 17 16 21 L
23 19 4 9 R
23 20 5 20 L
23 21 4 15 U
23 22 12 9 R
23 23 25 23 L
23 24 19 10 R
24 0 21 21 L
24 1 17 25 L
24 2 4 19 U
24 3 12 3 D
24 4 14 4 D
24 5 8 24 L
24 6 17 5 D
24 7 28 0 D
24 8 11 15 U
24 9 4 9 R
24 10 14 2 D
24 14 28 14 U
24 15 12 10 R
24 16 18 7 R
24 19 5 7 R
24 21 12 18 U
24 22 12 22 L
24 23 4 15 U
24 24 4 24 L
25 0 18 24 L
25 1 19 11 R
25 2 0 14 U
25 3 14 22 L
25 4 20 18 U
25 5 2 23 L
25 6 12 16 U
25 8 0 14 U
25 9 21 9 R
25 10 14 19 U
25 15 1 22 L
25 16 19 3 D
25 19 1 19 U
25 20 21 15 U
25 22 3 2 D
25 23 23 15 U
25 24 5 5 D
26 0 25 20 L
26 2 21 23 L
26 3 9 20 L
26 5 5 5 D
26 6 18 4 D
26 8 4 8 R
26 9 24 9 R
26 15 21 7 R
26 19 25 22 L
26 22 21 22 L
26 23 23 4 D
26 24 16 24 L
27 0 4 0 D
27 2 25 15 U
27 3 12 3 D
27 6 23 2 D
27 9 18 2 D
27 15 10 8 R
27 16 26 22 L
27 22 10 18 U
27 23 0 9 R
28 2 3 2 D
28 6 25 16 U
28 9 4 9 R
28 22 19 4 D
29 22 17 15 U

