18 13 195
8 0 0 0 0 0 0 16 4 17
16 0 17 0 0 0 4 0 0 0
13 0 0 0 0 0 10 0 0 0
7 0 4 0 0 0 2 0 0 0
15 14 0 15 0 0 0 14 2 0
12 12 0 8 0 0 0 15 0 12
0 0 0 16 0 0 3 14 6 15
13 0 7 0 14 0 0 0 13 0
14 0 0 0 0 0 14 0 0 1
15 0 2 0 6 0 12 14 12 0
0 0 0 0 L
0 1 0 1 L
0 2 0 2 L
0 3 0 3 R
0 4 0 4 R
0 5 0 5 R
0 6 0 6 D
0 7 0 7 D
0 8 0 8 D
0 9 0 9 D
0 10 0 10 U
0 11 0 11 U
0 12 0 12 U
1 0 10 0 L
1 1 5 1 L
1 2 3 2 L
1 3 0 10 U
1 4 6 10 U
1 5 12 10 U
1 6 10 6 D
1 7 6 1 L
1 8 5 8 D
1 10 6 1 L
1 11 0 0 L
1 12 0 5 R
2 0 3 3 R
2 1 0 6 D
2 2 1 8 D
2 3 0 11 U
2 4 0 0 L
2 5 3 11 U
2 6 4 0 L
2 7 11 2 L
2 8 5 1 L
2 10 3 0 L
2 11 9 1 L
2 12 6 12 U
3 0 10 10 U
3 1 8 3 R
3 2 5 5 R
3 3 1 6 D
3 4 1 4 R
3 5 8 7 D
3 6 4 1 L
3 7 5 7 D
3 8 13 8 D
3 10 8 8 D
3 11 2 3 R
3 12 7 5 R
4 0 11 8 D
4 1 3 6 D
4 2 14 9 D
4 3 8 10 U
4 4 14 0 L
4 5 1 11 U
4 6 0 0 L
4 7 0 3 R
4 8 12 8 D
4 10 12 4 R
4 11 5 2 L
4 12 3 3 R
5 0 6 10 U
5 1 13 4 R
5 2 7 11 U
5 3 9 8 D
5 4 6 6 D
5 5 8 5 R
5 6 2 0 L
5 7 4 12 U
5 8 4 8 D
5 9 6 5 R
5 10 1 10 U
5 11 3 4 R
5 12 10 7 D
6 0 8 11 U
6 1 7 12 U
6 2 7 2 L
6 3 2 3 R
6 4 11 7 D
6 5 7 7 D
6 6 12 4 R
6 7 0 11 U
6 8 12 8 D
6 9 10 9 D
6 10 10 0 L
6 11 4 1 L
6 12 9 2 L
7 0 11 12 U
7 1 10 6 D
7 2 16 7 D
7 3 0 6 D
7 4 6 8 D
7 5 2 5 R
7 6 5 6 D
7 7 6 4 R
7 8 10 4 R
7 10 5 1 L
7 11 3 0 L
7 12 9 12 U
8 0 0 3 R
8 1 4 7 D
8 2 7 2 L
8 3 9 11 U
8 4 4 12 U
8 5 1 8 D
8 6 3 4 R
8 7 5 3 R
8 8 13 8 D
8 10 4 3 R
8 11 0 1 L
8 12 13 0 L
9 0 1 8 D
9 1 4 5 R
9 2 8 2 L
9 3 2 6 D
9 4 1 7 D
9 5 8 5 R
9 6 13 0 L
9 7 3 7 D
9 8 10 8 D
9 10 7 2 L
9 12 11 2 L
10 0 0 12 U
10 1 2 1 L
10 2 8 12 U
10 3 1 7 D
10 4 14 6 D
10 5 5 0 L
10 6 7 4 R
10 7 11 11 U
10 8 5 3 R
10 10 0 3 R
10 11 3 11 U
10 12 9 12 U
11 0 0 11 U
11 1 9 7 D
11 2 7 2 L
11 3 4 6 D
11 4 7 6 D
11 5 5 6 D
11 6 4 2 L
11 7 10 4 R
11 8 7 12 U
11 10 13 1 L
11 11 5 0 L
11 12 8 4 R
12 0 0 10 U
12 1 13 12 U
12 2 3 8 D
12 3 2 10 U
12 4 1 11 U
12 5 9 8 D
12 6 3 1 L
12 7 13 4 R
12 8 0 12 U
12 10 1 5 R
12 11 6 4 R
12 12 6 12 U
13 0 8 10 U
13 1 0 7 D
13 2 5 2 L
13 3 3 10 U
13 4 11 4 R
13 5 9 5 R
13 6 15 3 R
13 7 12 2 L
13 8 16 4 R
13 10 17 3 R
13 11 14 11 U
13 12 5 12 U
14 0 5 3 R
14 2 8 7 D
14 3 7 0 L
14 4 10 4 R
14 6 6 10 U
14 7 1 12 U
14 8 7 1 L
14 10 13 2 L
14 11 9 5 R
14 12 5 0 L
15 0 10 11 U
15 1 14 8 D
15 2 2 5 R
15 3 9 3 R
15 8 3 5 R
15 10 0 2 L
15 12 12 12 U
16 0 13 10 U
16 2 15 11 U
16 3 12 1 L
16 8 5 5 R
16 10 14 3 R
17 0 7 0 L
17 2 2 6 D
17 10 9 7 D

