16 8 111
0 0 3 0 0 0 0 0 0 13 0 3 0 0 0 0
0 0 11 0 0 0 5 0 0 0 0 0 10 0 3 0
0 0 0 10 0 0 0 0 0 0 0 0 0 0 0 0
0 0 7 0 0 0 10 0 0 0 0 0 0 0 0 0
4 12 3 13 0 0 0 0 0 7 0 0 13 0 8 0
0 0 0 0 0 0 0 0 0 0 0 0 0 0 0 0
0 0 9 0 4 3 0 0 0 5 0 0 2 0 0 0
0 0 0 0 0 11 0 0 14 0 0 0 0 0 0 0
0 0 0 12 6 0 0 12 0 6 0 0 0 0 0 0
0 0 0 0 0 0 15 0 0 2 0 0 14 0 0 13
4 0 11 0 0 0 0 0 12 13 0 0 0 0 0 12
11 0 0 0 7 0 13 0 5 9 0 0 0 0 0 9
7 0 6 0 0 0 0 1 0 0 0 0 0 0 0 0
0 10 0 12 0 14 0 10 0 0 0 0 0 0 0 0
0 0 0 0 0 0 0 0 0 0 0 0 0 0 0 0
0 6 0 0 0 7 0 2 5 0 0 0 0 0 0 0
0 0 0 0 D
0 1 0 1 D
0 2 0 2 R
0 3 0 3 R
0 4 0 4 U
0 5 0 5 U
0 6 0 6 L
0 7 0 7 L
1 0 5 6 L
1 1 0 7 L
1 2 9 2 R
1 3 7 4 U
1 4 0 2 R
1 5 6 5 U
1 6 0 5 U
1 7 5 5 U
2 0 0 6 L
2 1 1 6 L
2 2 0 6 L
2 3 0 5 U
2 4 7 0 D
2 5 0 7 L
2 6 6 6 L
2 7 8 7 L
3 0 1 0 D
3 1 2 1 D
3 2 0 0 D
3 3 0 7 L
3 4 0 0 D
3 5 0 6 L
3 6 0 1 D
3 7 4 7 L
4 0 11 2 R
4 1 7 1 D
4 2 2 5 U
4 3 5 1 D
4 4 1 3 R
4 5 0 3 R
4 6 6 0 D
4 7 1 4 U
5 0 0 2 R
5 1 0 3 R
5 2 1 2 R
5 3 0 1 D
5 4 8 4 U
5 5 3 6 L
5 6 11 6 L
5 7 3 1 D
6 0 1 7 L
6 1 10 6 L
6 2 9 1 D
6 3 10 3 R
6 4 2 6 L
6 5 3 2 R
6 6 0 3 R
6 7 0 0 D
7 0 6 0 D
7 1 0 6 L
7 2 8 4 U
7 3 2 4 U
7 4 4 2 R
7 5 6 5 U
7 6 4 3 R
7 7 3 4 U
8 0 4 3 R
8 1 7 2 R
8 2 2 4 U
8 3 0 4 U
8 4 9 7 L
8 5 2 5 U
8 6 5 5 U
8 7 4 0 D
9 0 8 2 R
9 1 5 1 D
9 2 2 6 L
9 3 3 0 D
9 4 5 7 L
9 6 8 0 D
9 7 8 7 L
10 0 1 6 L
10 1 5 3 R
10 2 4 6 L
10 3 2 3 R
10 4 0 1 D
10 5 1 7 L
10 6 8 4 U
10 7 0 4 U
11 0 10 7 L
11 1 1 1 D
11 2 4 4 U
11 3 7 3 R
11 4 7 2 R
11 6 5 4 U
11 7 6 2 R
12 0 10 3 R
12 1 6 6 L
12 2 6 1 D
12 3 3 7 L
12 4 9 0 D
12 6 10 1 D
12 7 11 0 D
13 0 0 7 L
13 1 11 7 L
13 2 1 4 U
13 3 11 4 U
13 4 5 3 R
13 7 12 0 D
14 2 12 0 D
14 3 5 4 U
14 7 4 7 L
15 7 13 1 D

