18 21 337
0 0 0 9 0 1 12 8 0 0 13 9 4 0 10 6 0 13 1
0 0 0 2 0 2 14 0 13 0 5 12 5 0 0 0 12 0 0
5 0 1 6 7 17 0 0 0 0 13 0 6 0 0 12 14 13 9
11 15 0 9 0 0 0 0 11 0 16 0 0 0 0 0 13 0 1
3 0 12 6 0 13 0 0 10 0 16 1 0 10 0 2 0 0 10
14 10 0 15 16 0 5 15 0 0 15 0 12 0 11 14 0 15 0
3 1 12 0 14 0 2 0 16 16 17 0 1 7 8 0 14 0 0
0 1 0 4 7 14 0 15 7 6 0 13 11 4 0 0 0 0 0
0 4 14 0 15 6 0 0 17 11 0 0 10 0 0 12 15 0 1
4 2 2 0 6 12 0 0 0 0 0 0 6 0 0 0 0 7 4
3 0 0 6 0 0 11 0 0 7 17 0 0 0 16 0 1 0 4
0 0 0 0 0 0 0 0 0 0 13 6 0 0 0 3 0 12 0
0 0 0 0 11 9 7 0 0 0 0 9 0 5 0 4 0 1 0
0 1 0 0 11 9 0 0 17 5 17 1 11 8 0 0 11 0 0
0 12 0 4 0 2 0 4 0 0 14 0 0 0 0 12 0 11 13
0 12 0 0 5 0 12 8 0 0 16 9 0 0 0 0 12 0 0
0 12 0 0 0 5 0 0 0 8 0 0 2 0 6 11 0 10 9
4 0 0 7 0 0 0 0 7 4 9 0 10 0 5 0 6 0 0
0 7 0 0 0 0 15 13 16 5 14 1 8 0 0 0 1 0 0
0 0 0 0 U
0 1 0 1 U
0 2 0 2 U
0 3 0 3 U
0 4 0 4 U
0 5 0 5 R
0 6 0 6 R
0 7 0 7 R
0 8 0 8 R
0 9 0 9 R
0 10 0 10 R
0 11 0 11 D
0 12 0 12 D
0 13 0 13 D
0 14 0 14 D
0 15 0 15 D
0 16 0 16 L
0 17 0 17 L
0 18 0 18 L
0 19 0 19 L
0 20 0 20 L
1 0 0 16 L
1 1 0 11 D
1 2 0 18 L
1 3 2 19 L
1 4 0 13 D
1 5 0 1 U
1 6 0 0 U
1 7 0 12 D
1 8 0 4 U
1 9 0 2 U
1 10 0 11 D
1 11 0 16 L
1 12 0 17 L
1 13 0 19 L
1 14 0 2 U
1 15 2 8 R
1 16 0 0 U
1 17 0 11 D
1 18 0 6 R
1 19 0 2 U
1 20 0 13 D
2 0 0 12 D
2 1 1 1 U
2 2 0 7 R
2 3 1 3 U
2 4 0 20 L
2 5 0 17 L
2 6 0 2 U
2 7 0 3 U
2 8 2 8 R
2 9 1 9 R
2 10 7 10 R
2 11 1 5 R
2 12 0 6 R
2 13 0 8 R
2 14 0 3 U
2 15 4 20 L
2 16 0 5 R
2 17 0 1 U
2 18 1 18 L
2 19 1 19 L
2 20 1 20 L
3 0 3 16 L
3 1 0 5 R
3 2 1 13 D
3 3 3 7 R
3 4 2 4 U
3 5 0 11 D
3 6 3 1 U
3 7 3 18 L
3 8 0 14 D
3 9 3 9 R
3 10 2 10 R
3 11 2 11 D
3 12 4 17 L
3 13 0 17 L
3 14 0 17 L
3 15 3 15 D
3 16 0 8 R
3 17 1 12 D
3 18 4 14 D
3 19 0 15 D
3 20 0 12 D
4 0 3 0 U
4 1 0 16 L
4 2 0 9 R
4 3 0 8 R
4 4 4 6 R
4 5 3 0 U
4 6 3 6 R
4 7 4 7 R
4 8 0 19 L
4 9 1 11 D
4 10 4 10 R
4 11 2 17 L
4 12 0 7 R
4 13 2 13 D
4 14 3 14 D
4 15 1 15 D
4 16 0 12 D
4 17 0 14 D
4 18 2 18 L
4 19 4 19 L
4 20 3 20 L
5 0 3 15 D
5 1 2 5 R
5 2 0 6 R
5 3 4 3 U
5 4 8 16 L
5 5 2 0 U
5 6 1 1 U
5 7 6 12 D
5 8 4 11 D
5 9 2 9 R
5 10 5 10 R
5 11 0 5 R
5 12 6 5 R
5 13 2 16 L
5 14 8 20 L
5 15 4 15 D
5 16 6 16 L
5 17 5 17 L
5 18 1 0 U
5 19 0 10 R
5 20 0 4 U
6 0 5 0 U
6 1 5 16 L
6 2 6 16 L
6 3 5 3 U
6 4 1 4 U
6 5 6 1 U
6 6 6 2 U
6 7 8 1 U
6 8 1 8 R
6 9 6 9 R
6 10 6 15 D
6 11 5 11 D
6 12 6 12 D
6 13 5 13 D
6 14 9 14 D
6 15 0 20 L
6 16 2 16 L
6 17 2 17 L
6 18 5 18 L
6 19 7 19 L
6 20 2 20 L
7 0 4 0 U
7 1 5 5 R
7 2 5 17 L
7 3 2 3 U
7 4 7 4 U
7 5 0 15 D
7 6 7 6 R
7 7 2 7 R
7 8 0 13 D
7 9 0 11 D
7 10 10 10 R
7 11 3 8 R
7 12 7 12 D
7 13 8 13 D
7 14 10 14 D
7 15 3 17 L
7 16 0 9 R
7 17 0 7 R
7 18 8 18 L
7 19 1 4 U
7 20 7 20 L
8 0 7 5 R
8 1 3 18 L
8 2 6 19 L
8 3 6 3 U
8 4 6 4 U
8 5 5 4 U
8 6 8 13 D
8 7 3 7 R
8 8 0 1 U
8 9 7 9 R
8 10 3 3 U
8 11 1 11 D
8 12 8 18 L
8 13 11 18 L
8 14 10 20 L
8 15 8 6 R
8 16 0 3 U
8 17 2 12 D
8 18 7 18 L
8 19 3 19 L
8 20 8 0 U
9 0 1 18 L
9 1 0 10 R
9 2 5 2 U
9 3 2 12 D
9 4 8 4 U
9 5 9 13 D
9 6 9 14 D
9 7 0 4 U
9 8 9 8 R
9 9 0 0 U
9 10 8 10 R
9 11 4 11 D
9 12 8 12 D
9 13 11 13 D
9 14 8 14 D
9 15 10 15 D
9 16 6 11 D
9 17 4 17 L
9 18 4 11 D
9 19 10 19 L
9 20 8 20 L
10 0 9 18 L
10 1 3 1 U
10 2 10 2 U
10 3 0 7 R
10 4 0 17 L
10 5 1 4 U
10 6 8 6 R
10 7 0 11 D
10 8 4 8 R
10 9 9 9 R
10 10 5 2 U
10 11 6 5 R
10 12 5 19 L
10 13 10 13 D
10 14 7 14 D
10 15 7 15 D
10 16 7 7 R
10 17 10 17 L
10 18 5 1 U
10 19 8 19 L
10 20 11 20 L
11 0 7 0 U
11 1 11 15 D
11 2 9 2 U
11 3 3 3 U
11 4 0 6 R
11 5 0 18 L
11 6 9 6 R
11 8 10 14 D
11 9 4 9 R
11 10 9 10 R
11 11 2 5 R
11 12 9 12 D
11 13 0 10 R
11 14 9 17 L
11 16 8 2 U
11 17 3 17 L
11 18 9 12 D
11 19 6 19 L
11 20 12 12 D
12 0 0 10 R
12 1 4 1 U
12 2 7 17 L
12 3 10 14 D
12 4 12 4 U
12 5 10 12 D
12 6 6 6 R
12 8 11 1 U
12 9 5 9 R
12 10 9 2 U
12 11 0 9 R
12 12 0 0 U
12 13 4 19 L
12 14 0 19 L
12 16 5 4 U
12 17 6 17 L
12 18 8 14 D
12 19 0 11 D
12 20 2 4 U
13 0 10 0 U
13 1 0 19 L
13 2 11 2 U
13 3 15 16 L
13 4 12 19 L
13 5 12 13 D
13 6 0 3 U
13 8 8 14 D
13 9 9 11 D
13 10 9 0 U
13 11 13 5 R
13 12 11 17 L
13 13 7 13 D
13 14 0 8 R
13 16 9 16 L
13 17 7 17 L
13 18 13 18 L
13 19 5 19 L
13 20 9 20 L
14 0 15 17 L
14 1 14 1 U
14 2 2 2 U
14 3 13 3 U
14 5 14 12 D
14 6 12 6 R
14 9 13 9 R
14 10 11 10 R
14 11 13 11 D
14 12 1 16 L
14 13 13 13 D
14 14 16 14 D
14 16 10 0 U
14 17 7 6 R
14 19 16 19 L
14 20 5 20 L
15 0 0 20 L
15 1 15 1 U
15 2 13 2 U
15 3 14 3 U
15 5 17 5 R
15 6 15 6 R
15 9 12 9 R
15 11 13 4 U
15 12 12 12 D
15 13 6 13 D
15 14 15 14 D
15 16 12 16 L
15 17 11 17 L
15 19 0 8 R
16 0 0 5 R
16 1 16 14 D
16 3 16 3 U
16 5 7 5 R
16 6 11 6 R
16 9 15 3 U
16 12 13 12 D
16 14 14 14 D
16 16 4 16 L
16 17 17 17 L
16 19 13 19 L
17 0 12 0 U
17 3 17 3 U
17 5 16 1 U
17 6 10 6 R
17 12 14 12 D
17 14 0 5 R
17 16 10 16 L
17 17 16 17 L

