9 6 47
2 2 0 7 0 0 0 0 1 0 4 0 7 0
0 0 0 0 0 0 0 0 0 0 0 0 0 0
0 0 0 0 0 0 0 0 0 0 0 0 0 0
0 0 0 0 0 4 0 6 0 0 0 0 0 0
5 0 0 0 0 0 0 0 0 0 0 0 0 4
0 0 1 0 0 0 0 0 0 2 0 7 0 5
0 2 4 0 0 0 0 0 0 6 6 0 0 0
1 0 0 0 0 0 0 0 0 0 0 5 0 3
0 0 0 0 0 0 0 1 0 0 0 0 8 0
6 5 0 7 0 0 0 0 0 1 0 0 0 0
0 0 0 4 0 0 0 8 0 0 3 3 0 0
0 0 0 3 2 0 0 0 0 0 0 0 0 1
0 6 3 0 0 0 0 0 0 0 0 0 0 3
5 0 0 0 3 0 0 0 2 5 5 2 5 0
0 0 0 0 U
0 1 0 1 U
0 2 0 2 R
0 3 0 3 D
0 4 0 4 L
0 5 0 5 L
1 0 4 3 D
1 1 3 1 U
1 2 0 5 L
1 3 2 3 D
1 4 0 2 R
1 5 0 3 D
2 0 1 2 R
2 1 0 3 D
2 2 4 2 R
2 3 0 5 L
2 4 0 0 U
2 5 1 5 L
3 0 5 0 U
3 1 4 4 L
3 2 0 1 U
3 3 0 2 R
3 4 6 0 U
3 5 4 5 L
4 0 0 2 R
4 1 0 4 L
4 2 0 3 D
4 3 1 2 R
4 4 3 1 U
4 5 5 5 L
5 0 6 5 L
5 1 0 2 R
5 2 0 0 U
5 3 0 4 L
5 4 2 4 L
5 5 0 1 U
6 0 0 5 L
6 1 3 1 U
6 2 2 3 D
6 3 0 0 U
6 4 1 0 U
7 1 3 5 L
7 2 1 3 D
7 3 1 3 D
7 4 5 3 D
8 2 3 1 U
8 3 3 0 U

