23 22 432
11 10 0 16 4 22 0 0 9 0 0 0 22
11 18 0 1 12 0 15 0 21 22 20 0 11
17 0 0 5 21 0 6 0 0 10 21 18 8
2 0 18 13 12 10 0 17 0 12 0 15 0
0 2 7 0 0 8 0 16 19 0 0 0 15
0 20 3 1 9 0 0 0 0 2 0 0 19
10 0 2 20 0 0 21 1 21 0 4 19 15
5 0 5 14 0 0 0 0 19 20 19 8 20
0 8 17 0 1 1 16 0 22 19 0 0 0
9 6 0 0 18 9 0 0 19 9 0 0 18
17 3 5 0 14 8 0 0 0 21 16 5 5
13 1 0 3 8 0 21 20 12 0 0 17 8
15 18 7 10 2 18 20 0 18 18 17 6 8
0 0 0 0 U
0 1 0 1 U
0 2 0 2 U
0 3 0 3 U
0 4 0 4 U
0 5 0 5 R
0 6 0 6 R
0 7 0 7 R
0 8 0 8 R
0 9 0 9 R
0 10 0 10 R
0 11 0 11 D
0 12 0 12 D
0 13 0 13 D
0 14 0 14 D
0 15 0 15 D
0 16 0 16 D
0 17 0 17 L
0 18 0 18 L
0 19 0 19 L
0 20 0 20 L
0 21 0 21 L
1 0 6 21 L
1 1 9 8 R
1 2 0 20 L
1 3 9 9 R
1 4 5 4 U
1 5 15 5 R
1 6 2 6 R
1 7 12 12 D
1 8 5 19 L
1 9 16 9 R
1 10 5 10 R
1 11 4 18 L
1 12 0 1 U
1 13 0 7 R
1 14 8 14 D
1 15 5 15 D
1 16 4 16 D
1 17 0 4 U
1 18 14 18 L
1 19 0 2 U
1 20 6 20 L
1 21 12 13 D
2 0 11 19 L
2 1 8 1 U
2 2 10 9 R
2 3 4 3 U
2 4 0 6 R
2 5 8 18 L
2 6 0 11 D
2 7 11 14 D
2 8 12 16 D
2 9 12 1 U
2 10 5 10 R
2 11 8 5 R
2 12 1 5 R
2 13 0 19 L
2 14 0 6 R
2 15 0 21 L
2 16 12 16 D
2 17 14 14 D
2 18 0 12 D
2 19 11 2 U
2 20 1 20 L
2 21 6 2 U
3 0 6 17 L
3 1 0 9 R
3 2 12 10 R
3 3 15 3 U
3 4 1 4 U
3 5 0 15 D
3 6 1 6 R
3 7 13 7 R
3 8 19 8 R
3 9 12 9 R
3 10 21 10 R
3 11 4 20 L
3 12 1 12 D
3 13 0 2 U
3 14 13 17 L
3 15 5 15 D
3 16 15 8 R
3 17 19 12 D
3 18 7 18 L
3 19 12 12 D
3 20 0 13 D
3 21 6 21 L
4 0 0 7 R
4 1 13 18 L
4 2 9 2 U
4 3 12 7 R
4 4 5 6 R
4 5 3 21 L
4 6 13 2 U
4 7 3 7 R
4 8 6 2 U
4 9 0 1 U
4 10 11 12 D
4 11 0 3 U
4 12 12 12 D
4 13 9 10 R
4 14 3 14 D
4 15 2 15 D
4 16 3 16 D
4 17 0 11 D
4 18 0 13 D
4 19 2 12 D
4 20 3 11 D
4 21 2 13 D
5 0 4 18 L
5 1 0 17 L
5 2 8 20 L
5 3 8 3 U
5 4 4 4 U
5 5 0 0 U
5 6 8 14 D
5 7 2 7 R
5 8 1 8 R
5 9 10 11 D
5 10 13 10 R
5 11 7 6 R
5 12 1 0 U
5 13 8 13 D
5 14 1 14 D
5 15 0 1 U
5 16 10 16 D
5 17 0 15 D
5 18 2 1 U
5 19 7 13 D
5 20 17 3 U
5 21 10 21 L
6 0 4 20 L
6 1 10 10 R
6 2 0 8 R
6 3 3 7 R
6 4 0 11 D
6 5 5 12 D
6 6 7 6 R
6 7 0 18 L
6 8 3 8 R
6 9 1 9 R
6 10 1 10 R
6 11 2 8 R
6 12 1 20 L
6 13 15 6 R
6 14 4 14 D
6 15 17 8 R
6 16 19 8 R
6 17 1 11 D
6 18 2 18 L
6 19 2 14 D
6 20 3 15 D
6 21 7 3 U
7 0 1 17 L
7 1 19 17 L
7 2 6 21 L
7 3 10 15 D
7 4 10 4 U
7 5 2 15 D
7 6 6 11 D
7 7 3 7 R
7 8 12 8 R
7 9 1 14 D
7 10 1 12 D
7 11 0 10 R
7 12 8 0 U
7 13 0 5 R
7 14 15 6 R
7 15 0 5 R
7 16 5 16 D
7 17 6 4 U
7 18 4 18 L
7 19 4 12 D
7 20 1 12 D
7 21 10 21 L
8 0 0 6 R
8 1 6 6 R
8 2 2 2 U
8 3 4 3 U
8 4 2 4 U
8 5 0 17 L
8 6 17 12 D
8 7 3 19 L
8 8 0 14 D
8 9 11 9 R
8 10 15 10 R
8 11 5 19 L
8 12 0 17 L
8 13 12 13 D
8 14 7 10 R
8 15 15 15 D
8 16 18 21 L
8 17 0 0 U
8 18 2 16 D
8 19 14 19 L
8 20 16 1 U
8 21 5 21 L
9 0 14 8 R
9 1 16 19 L
9 2 6 8 R
9 3 5 3 U
9 4 1 5 R
9 5 11 1 U
9 6 0 21 L
9 7 3 7 R
9 8 13 8 R
9 9 15 0 U
9 10 19 19 L
9 11 2 9 R
9 12 14 18 L
9 13 3 13 D
9 14 4 14 D
9 15 5 6 R
9 16 0 10 R
9 17 10 3 U
9 18 8 12 D
9 19 11 19 L
9 20 7 20 L
9 21 2 11 D
10 0 5 7 R
10 1 16 20 L
10 2 12 2 U
10 3 3 12 D
10 4 0 17 L
10 5 19 3 U
10 6 13 6 R
10 7 16 17 L
10 8 19 13 D
10 9 3 9 R
10 10 3 10 R
10 11 6 5 R
10 12 5 5 R
10 13 11 18 L
10 14 7 9 R
10 15 22 15 D
10 16 4 16 D
10 17 18 11 D
10 18 2 0 U
10 19 5 19 L
10 20 0 8 R
10 21 6 21 L
11 0 4 5 R
11 1 18 12 D
11 2 1 5 R
11 3 0 5 R
11 5 8 17 L
11 6 0 19 L
11 7 5 7 R
11 8 0 19 L
11 9 6 19 L
11 10 20 10 R
11 11 14 11 D
11 12 5 9 R
11 13 2 0 U
11 14 0 2 U
11 17 8 17 L
11 18 7 12 D
11 19 18 19 L
11 20 3 20 L
11 21 2 21 L
12 0 17 0 U
12 1 0 18 L
12 2 7 2 U
12 3 6 3 U
12 4 4 17 L
12 5 0 16 D
12 6 0 20 L
12 7 0 12 D
12 8 1 8 R
12 9 8 9 R
12 11 20 21 L
12 12 16 7 R
12 13 4 20 L
12 14 6 14 D
12 16 1 16 D
12 17 10 14 D
12 18 1 0 U
12 19 5 19 L
12 20 15 20 L
12 21 9 1 U
13 0 3 0 U
13 1 0 19 L
13 2 18 14 D
13 3 3 3 U
13 4 1 4 U
13 5 4 0 U
13 6 1 6 R
13 7 6 11 D
13 8 0 0 U
13 9 16 3 U
13 11 9 17 L
13 12 9 17 L
13 13 11 5 R
13 14 3 19 L
13 17 5 11 D
13 18 9 11 D
13 19 12 0 U
13 20 8 14 D
13 21 2 2 U
14 0 7 12 D
14 1 0 13 D
14 2 17 6 R
14 3 2 3 U
14 4 8 7 R
14 5 5 5 R
14 6 13 0 U
14 7 5 12 D
14 8 2 8 R
14 9 18 9 R
14 10 11 18 L
14 11 12 7 R
14 12 1 6 R
14 13 2 17 L
14 14 16 5 R
14 17 2 11 D
14 18 5 18 L
14 19 4 19 L
14 20 5 13 D
14 21 18 21 L
15 0 8 18 L
15 1 11 1 U
15 2 1 7 R
15 3 12 13 D
15 5 12 11 D
15 6 8 20 L
15 7 5 0 U
15 8 9 8 R
15 9 10 12 D
15 11 0 20 L
15 12 4 21 L
15 13 14 21 L
15 14 5 1 U
15 17 0 14 D
15 18 14 3 U
15 19 16 3 U
15 20 10 2 U
15 21 13 0 U
16 0 7 21 L
16 1 10 18 L
16 2 3 2 U
16 3 2 8 R
16 5 0 4 U
16 6 2 6 R
16 7 0 13 D
16 8 9 8 R
16 9 1 9 R
16 11 0 0 U
16 12 17 8 R
16 13 2 13 D
16 14 1 7 R
16 17 2 1 U
16 18 11 1 U
16 19 14 7 R
16 20 17 20 L
16 21 9 21 L
17 0 7 18 L
17 1 12 5 R
17 2 2 2 U
17 3 13 9 R
17 5 14 4 U
17 6 4 13 D
17 7 15 17 L
17 8 8 8 R
17 9 3 17 L
17 11 3 2 U
17 12 7 12 D
17 13 16 7 R
17 14 2 14 D
17 17 11 0 U
17 18 6 18 L
17 19 14 1 U
17 20 3 20 L
17 21 16 16 D
18 0 19 13 D
18 1 17 9 R
18 2 11 5 R
18 3 6 3 U
18 5 10 0 U
18 6 0 13 D
18 7 0 2 U
18 8 9 12 D
18 9 19 9 R
18 11 5 1 U
18 12 13 1 U
18 13 1 3 U
18 14 0 9 R
18 17 0 1 U
18 18 3 14 D
18 19 16 19 L
18 20 5 20 L
18 21 3 4 U
19 0 10 11 D
19 2 4 7 R
19 3 13 3 U
19 6 20 21 L
19 7 7 13 D
19 8 10 1 U
19 9 1 3 U
19 11 1 20 L
19 12 15 19 L
19 14 13 18 L
19 16 0 4 U
19 17 5 16 D
19 18 2 3 U
19 19 4 19 L
19 20 1 20 L
20 0 1 6 R
20 2 16 18 L
20 3 19 14 D
20 5 2 2 U
20 7 21 7 R
20 8 18 20 L
20 12 12 5 R
20 17 0 5 R
20 18 15 15 D
20 19 14 19 L
20 20 10 6 R
21 0 15 0 U
21 2 10 2 U
21 3 14 6 R
21 8 4 11 D
21 12 2 12 D
21 17 3 11 D
21 18 13 0 U
21 19 1 19 L
21 20 10 20 L
22 2 9 2 U
22 3 6 3 U
22 8 17 19 L
22 18 3 18 L
22 19 20 15 D

