31 42 1066
6 18 0 0 0 0 26 8 23 13 0 0 13 13 0 6 26
13 0 5 21 0 0 14 0 16 0 0 0 28 0 7 0 0
0 25 0 0 0 27 24 0 27 7 0 0 7 20 0 0 0
27 0 0 8 0 0 0 2 23 7 7 0 22 28 20 0 0
11 0 0 12 0 0 0 0 0 0 0 0 7 15 2 21 0
28 11 0 26 0 0 0 0 25 0 19 16 0 0 18 21 0
27 0 7 22 0 27 0 18 0 17 13 11 22 0 21 0 0
23 19 0 29 0 27 0 26 0 5 24 18 0 0 19 0 0
0 0 0 9 0 0 0 0 28 0 0 0 0 0 27 2 0
0 15 25 23 6 0 0 6 0 0 11 0 0 17 26 21 0
4 8 20 0 25 0 0 13 28 0 17 0 26 0 0 15 0
0 0 0 0 26 0 27 0 0 19 0 0 0 0 0 8 24
0 0 0 11 0 0 0 0 8 15 25 0 18 0 0 20 22
9 25 0 0 24 0 23 10 0 3 27 16 0 0 0 0 0
0 27 26 29 25 0 27 26 0 14 0 0 17 3 0 11 2
8 28 0 0 3 0 2 0 26 28 0 7 29 17 3 7 21
26 0 0 0 0 0 0 22 3 6 25 22 6 0 25 17 13
0 0 0 0 D
0 1 0 1 D
0 2 0 2 D
0 3 0 3 D
0 4 0 4 D
0 5 0 5 D
0 6 0 6 D
0 7 0 7 D
0 8 0 8 D
0 9 0 9 D
0 10 0 10 D
0 11 0 11 R
0 12 0 12 R
0 13 0 13 R
0 14 0 14 R
0 15 0 15 R
0 16 0 16 R
0 17 0 17 R
0 18 0 18 R
0 19 0 19 R
0 20 0 20 R
0 21 0 21 U
0 22 0 22 U
0 23 0 23 U
0 24 0 24 U
0 25 0 25 U
0 26 0 26 U
0 27 0 27 U
0 28 0 28 U
0 29 0 29 U
0 30 0 30 U
0 31 0 31 U
0 32 0 32 L
0 33 0 33 L
0 34 0 34 L
0 35 0 35 L
0 36 0 36 L
0 37 0 37 L
0 38 0 38 L
0 39 0 39 L
0 40 0 40 L
0 41 0 41 L
1 0 0 32 L
1 1 7 1 D
1 2 3 36 L
1 3 17 3 D
1 4 6 17 R
1 5 3 5 D
1 6 24 12 R
1 7 11 7 D
1 8 15 8 D
1 9 16 19 R
1 10 15 39 L
1 11 21 0 D
1 12 5 0 D
1 13 13 1 D
1 14 9 24 U
1 15 6 3 D
1 16 16 6 D
1 17 4 2 D
1 18 0 26 U
1 19 3 7 D
1 20 12 31 U
1 21 19 33 L
1 22 9 22 U
1 23 24 37 L
1 24 8 33 L
1 25 16 16 R
1 26 8 16 R
1 27 5 27 U
1 28 11 28 U
1 29 4 29 U
1 30 5 33 L
1 31 4 31 U
1 32 9 29 U
1 33 5 4 D
1 34 14 3 D
1 35 16 4 D
1 36 4 4 D
1 37 6 1 D
1 38 22 38 L
1 39 6 39 L
1 40 19 9 D
2 0 3 32 L
2 1 1 1 D
2 2 11 14 R
2 3 22 36 L
2 4 0 36 L
2 5 24 37 L
2 6 18 33 L
2 7 13 36 L
2 8 0 17 R
2 9 13 34 L
2 11 6 31 U
2 12 18 21 U
2 13 17 26 U
2 14 16 14 R
2 15 7 29 U
2 16 7 16 R
2 17 18 22 U
2 18 20 5 D
2 19 13 24 U
2 20 6 26 U
2 21 7 13 R
2 22 0 36 L
2 23 0 2 D
2 24 15 16 R
2 25 17 19 R
2 26 20 36 L
2 27 12 16 R
2 28 16 4 D
2 29 12 29 U
2 30 10 30 U
2 31 0 38 L
2 32 5 3 D
2 33 19 33 L
2 34 4 2 D
2 35 9 24 U
2 36 9 36 L
2 37 0 3 D
2 38 7 38 L
2 39 8 39 L
2 40 5 40 L
2 41 4 41 L
3 0 1 12 R
3 1 14 16 R
3 2 0 35 L
3 3 1 35 L
3 4 14 4 D
3 5 17 29 U
3 6 23 37 L
3 7 12 7 D
3 8 5 8 D
3 9 4 9 D
3 10 22 10 D
3 11 0 33 L
3 12 17 21 U
3 13 4 5 D
3 14 17 2 D
3 15 8 15 R
3 16 12 29 U
3 17 17 21 U
3 18 19 26 U
3 19 2 3 D
3 20 1 27 U
3 21 0 11 R
3 22 15 36 L
3 23 11 12 R
3 24 6 24 U
3 25 4 25 U
3 26 5 26 U
3 27 6 27 U
3 28 4 28 U
3 29 14 37 L
3 30 6 30 U
3 31 15 31 U
3 32 18 1 D
3 33 1 2 D
3 34 1 21 U
3 35 4 7 D
3 36 2 0 D
3 37 4 26 U
3 38 1 7 D
3 39 7 9 D
3 40 20 23 U
3 41 12 9 D
4 0 0 12 R
4 1 0 21 U
4 2 14 12 R
4 3 16 16 R
4 4 1 18 R
4 5 8 15 R
4 6 20 6 D
4 7 3 7 D
4 8 3 11 R
4 9 1 9 D
4 11 2 21 U
4 12 7 12 R
4 13 18 28 U
4 14 10 14 R
4 15 19 4 D
4 16 20 16 R
4 17 2 17 R
4 18 9 1 D
4 19 23 29 U
4 20 0 40 L
4 21 12 32 L
4 22 1 33 L
4 23 1 23 U
4 24 21 40 L
4 25 22 25 U
4 26 7 26 U
4 27 6 13 R
4 28 19 28 U
4 29 3 29 U
4 30 3 30 U
4 31 1 31 U
4 32 1 25 U
4 33 8 0 D
4 34 11 3 D
4 35 14 4 D
4 36 16 21 U
4 37 12 27 U
4 38 3 28 U
4 39 9 22 U
4 40 19 6 D
4 41 0 9 D
5 0 7 11 R
5 1 7 24 U
5 2 6 16 R
5 3 10 13 R
5 4 0 15 R
5 5 1 5 D
5 6 19 18 R
5 7 1 40 L
5 8 3 8 D
5 9 12 40 L
5 11 16 1 D
5 12 2 2 D
5 13 8 5 D
5 14 12 22 U
5 15 2 15 R
5 16 7 21 U
5 17 2 17 R
5 18 9 18 R
5 19 19 19 R
5 20 12 29 U
5 21 17 20 R
5 22 14 35 L
5 23 20 23 U
5 24 15 24 U
5 25 10 15 R
5 26 6 26 U
5 27 24 27 U
5 28 3 28 U
5 29 6 12 R
5 30 17 30 U
5 31 20 31 U
5 32 0 13 R
5 33 19 1 D
5 34 4 34 L
5 35 0 23 U
5 36 2 36 L
5 37 12 4 D
5 38 0 7 D
5 39 10 2 D
5 40 10 17 R
5 41 24 31 U
6 0 0 11 R
6 1 16 12 R
6 2 4 2 D
6 3 12 12 R
6 4 4 4 D
6 5 12 38 L
6 6 17 39 L
6 7 4 11 R
6 8 15 8 D
6 9 12 13 R
6 10 14 28 U
6 11 8 5 D
6 12 0 27 U
6 13 0 0 D
6 14 12 25 U
6 15 0 37 L
6 16 16 24 U
6 17 5 17 R
6 18 10 18 R
6 19 5 19 R
6 20 2 20 R
6 21 0 20 R
6 22 0 2 D
6 23 0 33 L
6 24 5 24 U
6 25 5 25 U
6 26 10 36 L
6 27 23 27 U
6 28 0 19 R
6 29 25 16 R
6 30 20 16 R
6 31 11 31 U
6 32 10 5 D
6 33 7 2 D
6 34 4 23 U
6 35 10 30 U
6 36 13 1 D
6 37 4 25 U
6 38 0 26 U
6 39 15 29 U
6 40 5 8 D
7 0 2 21 U
7 1 17 13 R
7 2 0 22 U
7 3 0 37 L
7 4 18 35 L
7 5 0 26 U
7 6 2 6 D
7 7 19 19 R
7 8 5 19 R
7 9 13 35 L
7 11 2 22 U
7 12 0 21 U
7 13 16 3 D
7 14 1 14 R
7 15 0 4 D
7 16 24 9 D
7 17 13 3 D
7 18 0 2 D
7 19 2 19 R
7 20 1 20 R
7 21 2 11 R
7 22 13 32 L
7 23 1 13 R
7 24 0 13 R
7 25 5 36 L
7 26 1 26 U
7 27 15 20 R
7 28 4 15 R
7 29 11 17 R
7 30 3 30 U
7 31 14 12 R
7 32 0 21 U
7 33 15 6 D
7 34 22 34 L
7 35 22 23 U
7 36 9 7 D
7 37 17 37 L
7 38 22 5 D
7 39 6 39 L
7 40 23 40 L
8 0 2 14 R
8 1 7 36 L
8 2 1 2 D
8 3 24 15 R
8 4 11 34 L
8 5 16 38 L
8 6 17 20 R
8 7 0 39 L
8 8 7 23 U
8 9 4 9 D
8 11 0 32 L
8 12 14 2 D
8 13 0 23 U
8 14 19 14 R
8 15 0 33 L
8 16 0 38 L
8 17 2 28 U
8 18 2 18 R
8 19 6 39 L
8 20 6 20 R
8 21 23 32 L
8 22 0 12 R
8 23 4 13 R
8 24 16 35 L
8 25 18 16 R
8 26 5 26 U
8 27 4 35 L
8 28 17 36 L
8 29 2 39 L
8 30 3 19 R
8 31 2 18 R
8 32 0 1 D
8 33 0 22 U
8 34 4 21 U
8 35 0 2 D
8 36 9 6 D
8 37 16 5 D
8 38 0 13 R
8 39 15 5 D
8 40 15 7 D
9 0 19 16 R
9 1 0 13 R
9 2 0 34 L
9 3 19 14 R
9 4 21 14 R
9 5 21 14 R
9 6 14 38 L
9 7 4 7 D
9 8 15 36 L
9 9 20 9 D
9 10 26 37 L
9 11 17 30 U
9 12 8 0 D
9 13 23 37 L
9 14 3 23 U
9 15 11 1 D
9 16 0 25 U
9 17 2 22 U
9 18 14 31 U
9 19 0 38 L
9 20 11 20 R
9 21 6 21 U
9 22 16 32 L
9 23 21 11 R
9 24 7 37 L
9 25 2 17 R
9 26 30 15 R
9 27 16 13 R
9 28 20 13 R
9 29 5 38 L
9 30 24 19 R
9 31 6 18 R
9 32 13 26 U
9 33 15 31 U
9 34 13 25 U
9 35 20 21 U
9 36 3 5 D
9 37 4 9 D
9 38 16 27 U
9 39 1 39 L
9 40 0 29 U
10 0 7 12 R
10 1 4 36 L
10 2 11 2 D
10 3 22 35 L
10 4 0 27 U
10 5 13 20 R
10 6 4 35 L
10 7 1 7 D
10 8 16 19 R
10 9 14 14 R
10 11 0 30 U
10 12 1 1 D
10 13 20 13 R
10 14 20 6 D
10 15 18 24 U
10 16 5 7 D
10 17 5 8 D
10 18 13 18 R
10 19 23 31 U
10 20 4 6 D
10 21 14 16 R
10 22 8 13 R
10 23 20 23 U
10 24 24 32 L
10 25 15 34 L
10 26 15 20 R
10 27 19 27 U
10 28 1 39 L
10 29 4 15 R
10 30 4 15 R
10 31 18 20 R
10 32 20 0 D
10 33 2 5 D
10 34 4 27 U
10 35 9 31 U
10 36 13 5 D
10 37 23 1 D
10 38 5 4 D
10 39 0 20 R
10 40 25 8 D
11 0 2 33 L
11 1 3 1 D
11 2 24 40 L
11 3 10 21 U
11 4 1 4 D
11 5 3 14 R
11 6 10 36 L
11 7 14 7 D
11 8 0 40 L
11 9 0 27 U
11 11 16 5 D
11 12 2 21 U
11 13 18 21 U
11 14 4 21 U
11 15 0 41 L
11 16 4 16 R
11 17 6 28 U
11 18 12 23 U
11 19 12 33 L
11 20 7 20 R
11 21 1 15 R
11 22 4 15 R
11 23 1 19 R
11 24 1 24 U
11 25 3 25 U
11 26 21 26 U
11 27 0 38 L
11 28 6 20 R
11 29 5 29 U
11 30 9 30 U
11 31 21 17 R
11 32 13 28 U
11 33 0 0 D
11 34 12 31 U
11 35 24 2 D
11 36 19 9 D
11 37 17 22 U
11 38 9 7 D
11 39 12 7 D
11 40 4 2 D
12 0 2 39 L
12 1 0 33 L
12 2 1 2 D
12 3 4 32 L
12 4 15 20 R
12 5 3 11 R
12 6 7 15 R
12 7 11 18 R
12 8 2 12 R
12 9 3 9 D
12 10 4 10 D
12 11 18 22 U
12 12 15 27 U
12 13 24 23 U
12 14 2 0 D
12 15 0 39 L
12 16 2 16 R
12 17 10 17 R
12 18 5 18 R
12 19 8 30 U
12 20 9 4 D
12 21 6 37 L
12 22 17 2 D
12 23 4 23 U
12 24 18 15 R
12 25 20 25 U
12 26 6 11 R
12 27 14 39 L
12 28 21 19 R
12 29 18 18 R
12 30 18 30 U
12 31 3 31 U
12 32 9 31 U
12 33 14 27 U
12 34 5 28 U
12 35 18 1 D
12 36 7 36 L
12 37 3 4 D
12 38 17 38 L
12 39 5 39 L
12 40 15 40 L
12 41 13 28 U
13 0 14 38 L
13 1 19 39 L
13 2 4 15 R
13 3 20 34 L
13 4 21 15 R
13 5 12 37 L
13 6 15 27 U
13 7 8 30 U
13 8 2 8 D
13 9 0 35 L
13 10 21 19 R
13 11 17 1 D
13 12 3 22 U
13 13 0 2 D
13 14 8 27 U
13 15 8 15 R
13 16 2 16 R
13 17 3 25 U
13 18 0 8 D
13 19 12 19 R
13 20 1 8 D
13 21 0 32 L
13 22 8 37 L
13 23 6 3 D
13 24 14 13 R
13 25 11 7 D
13 26 10 39 L
13 27 23 11 R
13 28 25 32 L
13 29 6 17 R
13 30 4 30 U
13 31 1 34 L
13 32 1 23 U
13 33 18 24 U
13 34 9 26 U
13 35 17 25 U
13 36 21 29 U
13 37 7 37 L
13 38 18 31 U
13 39 18 27 U
13 40 0 28 U
14 0 2 13 R
14 1 4 1 D
14 2 8 32 L
14 3 4 33 L
14 4 18 4 D
14 5 4 32 L
14 6 11 6 D
14 7 2 7 D
14 8 11 17 R
14 9 5 29 U
14 11 11 11 R
14 12 3 0 D
14 13 18 0 D
14 14 4 14 R
14 15 12 6 D
14 16 9 24 U
14 17 17 6 D
14 18 22 18 R
14 19 25 21 U
14 20 11 10 D
14 21 4 20 R
14 22 4 32 L
14 23 7 40 L
14 24 3 24 U
14 25 19 25 U
14 26 26 26 U
14 27 23 27 U
14 28 7 17 R
14 29 15 29 U
14 30 4 30 U
14 31 9 17 R
14 32 21 8 D
14 33 0 27 U
14 34 5 0 D
14 35 18 13 R
14 36 20 1 D
14 37 3 3 D
14 38 8 3 D
14 39 21 31 U
15 0 24 36 L
15 1 5 1 D
15 2 2 35 L
15 3 14 34 L
15 4 3 12 R
15 5 3 5 D
15 6 1 6 D
15 7 1 19 R
15 8 3 8 D
15 9 5 9 D
15 11 4 22 U
15 12 7 3 D
15 13 17 13 R
15 14 11 36 L
15 15 7 2 D
15 16 13 16 R
15 17 25 17 R
15 18 7 25 U
15 19 26 34 L
15 20 8 30 U
15 21 8 32 L
15 22 24 39 L
15 23 16 35 L
15 24 3 12 R
15 25 3 25 U
15 26 2 26 U
15 27 18 27 U
15 28 12 28 U
15 29 22 19 R
15 31 3 40 L
15 32 12 30 U
15 33 5 26 U
15 34 13 12 R
15 35 0 22 U
15 36 11 30 U
15 37 0 24 U
15 38 18 24 U
15 39 22 8 D
15 40 22 40 L
16 0 13 34 L
16 1 7 11 R
16 2 14 15 R
16 3 5 12 R
16 4 12 37 L
16 5 14 5 D
16 6 23 11 R
16 7 11 15 R
16 8 18 33 L
16 9 4 9 D
16 11 23 0 D
16 12 1 0 D
16 13 7 2 D
16 14 7 3 D
16 15 13 15 R
16 16 8 0 D
16 17 25 38 L
16 18 22 1 D
16 19 1 8 D
16 20 7 24 U
16 21 5 33 L
16 22 14 32 L
16 23 8 34 L
16 24 0 3 D
16 25 1 25 U
16 26 26 34 L
16 27 11 37 L
16 28 7 16 R
16 29 5 29 U
16 30 11 18 R
16 31 15 31 U
16 32 24 23 U
16 33 18 22 U
16 34 5 21 U
16 35 11 6 D
16 36 18 3 D
16 37 10 37 L
16 38 13 29 U
16 39 6 29 U
17 0 2 38 L
17 1 8 15 R
17 2 16 11 R
17 3 10 12 R
17 4 3 4 D
17 5 5 32 L
17 6 15 35 L
17 7 5 15 R
17 8 3 8 D
17 9 3 9 D
17 11 0 22 U
17 12 6 12 R
17 13 18 40 L
17 14 24 22 U
17 15 4 24 U
17 16 3 23 U
17 17 21 21 U
17 18 2 18 R
17 19 12 4 D
17 20 4 20 R
17 21 16 35 L
17 22 13 6 D
17 23 16 23 U
17 24 6 24 U
17 25 4 20 R
17 26 4 40 L
17 27 12 27 U
17 28 22 16 R
17 29 21 29 U
17 30 25 2 D
17 31 10 34 L
17 32 6 25 U
17 33 9 28 U
17 34 19 23 U
17 35 10 35 L
17 36 21 36 L
17 37 2 24 U
17 38 19 22 U
17 39 1 9 D
17 40 29 40 L
18 0 11 32 L
18 1 15 33 L
18 2 2 34 L
18 3 26 18 R
18 4 5 4 D
18 5 22 32 L
18 6 9 38 L
18 7 12 19 R
18 8 17 8 D
18 9 13 16 R
18 11 2 24 U
18 12 10 12 R
18 13 22 25 U
18 14 2 14 R
18 15 2 15 R
18 16 12 28 U
18 17 23 25 U
18 18 2 18 R
18 19 1 19 R
18 20 1 6 D
18 21 16 34 L
18 22 10 20 R
18 23 14 14 R
18 24 8 14 R
18 25 0 15 R
18 26 6 18 R
18 27 13 27 U
18 28 20 28 U
18 29 1 29 U
18 30 5 20 R
18 31 1 18 R
18 32 17 22 U
18 33 5 21 U
18 34 15 24 U
18 35 15 13 R
18 36 1 36 L
18 37 10 28 U
18 38 23 28 U
18 39 10 9 D
18 40 3 26 U
18 41 25 41 L
19 0 2 11 R
19 1 8 21 U
19 2 20 13 R
19 3 1 12 R
19 4 23 11 R
19 5 2 5 D
19 6 17 6 D
19 7 5 7 D
19 8 5 8 D
19 9 24 36 L
19 11 0 26 U
19 12 13 4 D
19 13 11 13 R
19 14 1 3 D
19 15 7 25 U
19 16 6 4 D
19 17 12 0 D
19 18 13 18 R
19 19 14 0 D
19 20 6 40 L
19 21 17 38 L
19 22 17 12 R
19 24 4 37 L
19 25 4 25 U
19 26 21 16 R
19 27 12 8 D
19 29 10 16 R
19 32 14 9 D
19 33 13 24 U
19 34 4 34 L
19 35 22 35 L
19 36 14 2 D
19 37 15 37 L
19 38 17 22 U
19 39 20 39 L
20 0 18 18 R
20 1 19 14 R
20 2 3 13 R
20 3 2 3 D
20 4 5 13 R
20 5 8 5 D
20 6 1 6 D
20 7 1 7 D
20 8 18 13 R
20 9 16 9 D
20 10 1 10 D
20 11 1 0 D
20 12 2 23 U
20 13 22 24 U
20 14 2 9 D
20 15 10 3 D
20 16 13 38 L
20 17 17 8 D
20 18 16 7 D
20 19 7 19 R
20 20 2 39 L
20 21 19 11 R
20 22 0 1 D
20 23 0 0 D
20 24 1 24 U
20 25 8 17 R
20 26 14 26 U
20 27 24 27 U
20 29 23 32 L
20 31 21 31 U
20 32 14 32 L
20 33 0 11 R
20 34 4 34 L
20 35 3 4 D
20 36 10 24 U
20 37 14 21 U
20 38 23 7 D
20 40 22 40 L
21 0 11 40 L
21 1 22 1 D
21 2 7 13 R
21 3 4 16 R
21 4 0 38 L
21 5 5 5 D
21 6 10 6 D
21 7 0 16 R
21 8 23 17 R
21 9 17 20 R
21 11 26 21 U
21 12 0 4 D
21 13 18 36 L
21 14 1 1 D
21 15 11 26 U
21 16 13 2 D
21 17 19 35 L
21 18 5 24 U
21 19 0 29 U
21 20 23 1 D
21 21 7 16 R
21 22 11 12 R
21 24 22 36 L
21 25 0 14 R
21 26 27 37 L
21 27 4 27 U
21 28 19 18 R
21 29 20 29 U
21 30 3 15 R
21 32 10 32 L
21 33 7 5 D
21 34 16 13 R
21 35 23 22 U
21 36 5 36 L
21 37 22 3 D
21 38 26 10 D
21 39 18 6 D
22 0 10 14 R
22 1 18 18 R
22 2 18 33 L
22 3 14 3 D
22 4 25 19 R
22 5 16 17 R
22 6 10 6 D
22 7 12 32 L
22 8 17 8 D
22 9 19 41 L
22 11 9 39 L
22 12 0 1 D
22 13 5 13 R
22 14 0 8 D
22 15 5 15 R
22 16 12 16 R
22 17 9 32 L
22 18 8 38 L
22 19 2 19 R
22 20 19 20 R
22 21 10 21 U
22 22 4 41 L
22 23 21 23 U
22 24 1 14 R
22 25 14 11 R
22 26 7 17 R
22 27 6 27 U
22 29 1 29 U
22 32 21 24 U
22 33 20 0 D
22 34 6 25 U
22 35 26 26 U
22 36 0 14 R
22 37 10 7 D
22 38 8 12 R
22 40 25 40 L
23 1 11 34 L
23 2 16 2 D
23 3 2 34 L
23 4 3 38 L
23 5 17 13 R
23 6 5 24 U
23 7 21 38 L
23 8 5 16 R
23 9 12 17 R
23 11 4 23 U
23 12 12 22 U
23 13 0 6 D
23 14 29 27 U
23 15 13 15 R
23 16 22 16 R
23 17 19 17 R
23 18 25 8 D
23 19 2 30 U
23 20 22 2 D
23 21 1 33 L
23 22 13 39 L
23 24 10 32 L
23 25 17 25 U
23 26 15 26 U
23 27 11 12 R
23 28 13 38 L
23 29 4 29 U
23 32 15 27 U
23 33 18 9 D
23 34 13 26 U
23 35 0 31 U
23 36 22 15 R
23 37 16 0 D
23 38 22 27 U
23 39 9 2 D
23 40 27 40 L
24 0 4 35 L
24 1 8 35 L
24 2 12 2 D
24 4 25 37 L
24 5 13 23 U
24 6 16 41 L
24 8 3 16 R
24 9 15 39 L
24 11 23 25 U
24 12 4 5 D
24 14 2 34 L
24 15 1 36 L
24 16 1 16 R
24 17 23 24 U
24 18 11 6 D
24 19 8 19 R
24 20 11 20 R
24 21 22 12 R
24 22 15 33 L
24 23 2 23 U
24 24 1 34 L
24 25 19 13 R
24 26 0 5 D
24 27 23 14 R
24 29 5 29 U
24 30 4 30 U
24 31 17 35 L
24 32 14 11 R
24 33 17 30 U
24 34 6 8 D
24 35 23 17 R
24 36 18 23 U
24 37 20 15 R
25 1 15 22 U
25 2 11 34 L
25 4 11 11 R
25 5 14 28 U
25 6 6 40 L
25 8 20 13 R
25 9 16 9 D
25 11 9 10 D
25 12 4 21 U
25 14 10 29 U
25 15 19 9 D
25 16 0 1 D
25 18 2 24 U
25 19 1 19 R
25 20 24 20 R
25 21 18 0 D
25 22 1 34 L
25 24 12 5 D
25 25 3 25 U
25 27 24 19 R
25 29 14 13 R
25 33 26 11 R
25 34 29 22 U
25 35 6 0 D
25 36 9 36 L
25 37 9 23 U
25 38 7 6 D
25 39 11 10 D
26 0 8 33 L
26 2 10 2 D
26 5 4 5 D
26 6 4 6 D
26 8 14 8 D
26 9 2 15 R
26 12 7 12 R
26 13 10 2 D
26 15 2 15 R
26 16 2 16 R
26 19 10 19 R
26 20 21 2 D
26 21 22 21 U
26 24 25 4 D
26 25 13 18 R
26 27 2 35 L
26 29 6 29 U
26 33 24 12 R
26 34 25 11 R
26 35 4 4 D
26 36 25 22 U
26 37 24 12 R
26 41 3 41 L
27 2 28 16 R
27 5 5 5 D
27 6 12 6 D
27 12 1 6 D
27 15 15 37 L
27 16 10 39 L
27 19 2 19 R
27 24 9 38 L
27 25 28 14 R
27 27 15 13 R
27 35 3 35 L
27 36 26 22 U
27 37 2 37 L
28 2 14 2 D
28 5 16 11 R
28 12 11 35 L
28 15 7 15 R
28 16 6 16 R
28 24 0 40 L
28 25 1 25 U
28 35 15 3 D
28 37 8 6 D
29 5 1 5 D
29 15 10 26 U
29 16 2 16 R
29 24 12 19 R
29 35 16 27 U
29 37 17 37 L
30 37 3 1 D

