20 13 233
0 0 0 0 19 0 0 13 8 0 13 15 0 3 5 0 9 5
0 0 0 0 0 0 0 0 15 14 0 0 0 5 0 5 0 0
0 0 0 0 0 0 0 19 0 0 0 0 0 0 0 0 0 0
0 0 0 0 19 0 0 15 0 0 0 0 0 2 0 2 0 0
0 16 0 14 18 0 15 0 0 0 0 0 0 0 0 0 0 0
12 0 3 11 11 15 0 14 0 0 0 0 0 0 0 0 0 2
0 7 0 0 0 2 0 0 9 18 9 2 0 0 0 0 0 0
0 0 0 7 0 0 0 0 0 0 0 0 0 11 0 0 0 0
0 0 0 0 13 8 0 0 2 0 16 4 0 0 4 0 4 0
16 0 6 0 0 6 0 0 12 2 0 0 0 0 0 0 0 0
0 0 0 0 0 2 11 0 16 4 0 0 0 0 0 0 12 0
0 0 0 0 1 19 6 0 0 0 9 0 0 0 0 0 0 0
17 0 3 0 0 0 0 0 0 0 0 0 0 11 1 0 0 0
0 2 0 9 0 0 0 0 0 0 0 4 4 0 6 0 0 0
0 6 0 11 0 0 0 0 0 0 0 0 0 0 0 0 0 0
0 0 0 0 0 0 0 0 0 0 0 1 0 0 0 0 0 0
10 0 0 18 0 0 0 0 0 0 0 0 0 0 0 0 0 0
4 13 14 18 17 0 18 0 0 0 17 16 0 8 0 0 0 0
0 0 0 0 L
0 1 0 1 L
0 2 0 2 L
0 3 0 3 R
0 4 0 4 R
0 5 0 5 R
0 6 0 6 D
0 7 0 7 D
0 8 0 8 D
0 9 0 9 U
0 10 0 10 U
0 11 0 11 U
0 12 0 12 U
1 0 12 10 U
1 1 5 1 L
1 2 2 2 L
1 3 5 6 D
1 4 0 1 L
1 5 3 1 L
1 6 7 4 R
1 7 0 0 L
1 8 12 4 R
1 9 0 6 D
1 10 0 0 L
1 11 3 11 U
1 12 10 2 L
2 0 0 9 U
2 1 0 7 D
2 2 3 9 U
2 3 6 3 R
2 4 8 4 R
2 5 5 6 D
2 6 0 1 L
2 7 0 11 U
2 8 11 8 D
2 9 11 9 U
2 10 3 10 U
2 11 12 11 U
2 12 9 12 U
3 0 0 6 D
3 1 4 6 D
3 2 13 2 L
3 3 1 6 D
3 4 0 12 U
3 5 0 7 D
3 6 0 3 R
3 7 12 7 D
3 8 2 5 R
3 9 6 0 L
3 10 2 4 R
3 11 7 3 R
3 12 0 8 D
4 0 11 0 L
4 1 1 1 L
4 2 9 2 L
4 3 10 9 U
4 4 1 4 R
4 5 0 9 U
4 6 8 3 R
4 7 0 4 R
4 8 11 5 R
4 9 0 3 R
4 10 3 4 R
4 11 10 5 R
4 12 9 3 R
5 0 2 0 L
5 1 3 11 U
5 2 8 2 L
5 3 4 10 U
5 4 1 7 D
5 5 8 7 D
5 6 1 0 L
5 7 11 0 L
5 8 6 0 L
5 9 0 2 L
5 10 10 0 L
5 11 3 1 L
5 12 11 0 L
6 0 11 9 U
6 1 8 10 U
6 2 10 2 L
6 3 3 6 D
6 4 0 10 U
6 5 5 5 R
6 6 0 2 L
6 7 10 7 D
6 8 4 2 L
6 9 9 3 R
6 10 3 10 U
6 11 7 4 R
6 12 16 5 R
7 0 6 6 D
7 1 3 8 D
7 2 6 7 D
7 3 9 0 L
7 4 5 11 U
7 5 5 11 U
7 6 11 5 R
7 7 11 3 R
7 8 1 8 D
7 9 0 8 D
7 10 2 10 U
7 11 11 11 U
7 12 11 12 U
8 0 1 9 U
8 1 6 12 U
8 2 2 3 R
8 3 5 7 D
8 4 15 9 U
8 5 11 5 R
8 6 2 5 R
8 7 7 1 L
8 8 10 8 D
8 9 7 5 R
8 10 3 10 U
8 11 0 1 L
8 12 7 12 U
9 0 8 6 D
9 1 3 5 R
9 2 4 8 D
9 3 0 6 D
9 4 4 4 R
9 5 1 10 U
9 6 14 0 L
9 7 14 7 D
9 8 10 8 D
9 9 1 2 L
9 10 11 10 U
9 11 3 11 U
9 12 7 12 U
10 0 4 7 D
10 1 14 9 U
10 2 6 8 D
10 3 4 3 R
10 4 5 8 D
10 5 4 5 R
10 6 11 6 D
10 7 13 2 L
10 8 0 5 R
10 9 15 3 R
10 10 11 3 R
10 11 13 11 U
10 12 13 12 U
11 0 4 9 U
11 1 9 7 D
11 2 6 2 L
11 3 8 12 U
11 4 14 4 R
11 5 13 5 R
11 6 0 9 U
11 7 15 7 D
11 8 7 8 D
11 9 3 6 D
11 10 8 10 U
11 11 9 11 U
11 12 13 12 U
12 0 0 10 U
12 1 0 12 U
12 2 13 12 U
12 3 5 10 U
12 4 0 0 L
12 5 11 5 R
12 6 7 9 U
12 7 2 7 D
12 8 1 8 D
12 9 2 7 D
12 10 14 10 U
12 11 2 4 R
12 12 7 12 U
13 0 12 0 L
13 2 16 2 L
13 3 14 11 U
13 4 5 4 R
13 5 4 8 D
13 6 0 10 U
13 7 14 4 R
13 8 2 8 D
13 9 12 1 L
13 10 9 0 L
13 11 15 2 L
13 12 2 12 U
14 0 8 11 U
14 1 6 9 U
14 2 15 10 U
14 3 7 6 D
14 4 4 4 R
14 5 0 1 L
14 6 3 9 U
14 7 1 3 R
14 8 2 8 D
14 9 3 1 L
14 10 13 7 D
14 11 7 11 U
14 12 4 12 U
15 0 0 11 U
15 2 9 2 L
15 3 1 9 U
15 4 13 6 D
15 5 1 5 R
15 6 6 1 L
15 7 14 3 R
15 8 7 1 L
15 9 2 0 L
15 11 3 11 U
15 12 12 12 U
16 0 0 3 R
16 2 17 8 D
16 4 17 9 U
16 5 1 6 D
16 6 12 11 U
16 8 17 1 L
16 9 4 3 R
16 10 17 5 R
16 11 17 5 R
16 12 17 3 R
17 0 16 8 D
17 2 8 7 D
17 4 4 4 R
17 5 2 5 R
17 6 4 2 L
17 8 12 0 L
17 9 0 5 R
17 11 10 3 R
18 0 2 11 U
18 4 4 4 R
18 6 5 6 D
18 8 13 8 D
18 9 17 4 R
18 11 14 1 L
19 0 18 6 D
19 4 0 2 L
19 6 2 3 R
19 9 0 7 D

