21 17 301
11 17 0 0 19 2 0 20 0 0 14 3
0 0 0 5 3 0 11 0 8 8 0 1
6 0 0 0 2 0 0 10 9 0 0 4
9 8 0 0 10 11 1 0 10 0 14 16
11 1 0 0 0 0 15 9 0 0 0 13
1 1 0 14 0 5 16 0 0 0 0 11
8 2 19 10 0 0 0 1 0 6 0 2
6 0 0 7 0 13 15 0 12 4 0 0
8 0 20 7 0 1 0 0 1 0 13 15
16 0 7 19 0 0 10 1 0 0 0 9
5 0 13 18 14 9 17 8 0 0 15 8
4 0 0 0 0 0 0 0 0 0 6 5
0 0 0 0 R
0 1 0 1 R
0 2 0 2 R
0 3 0 3 R
0 4 0 4 R
0 5 0 5 U
0 6 0 6 U
0 7 0 7 U
0 8 0 8 U
0 9 0 9 D
0 10 0 10 D
0 11 0 11 D
0 12 0 12 D
0 13 0 13 L
0 14 0 14 L
0 15 0 15 L
0 16 0 16 L
1 0 0 9 D
1 1 0 10 D
1 2 2 2 R
1 3 3 3 R
1 4 7 4 R
1 5 0 1 R
1 6 16 13 L
1 7 12 16 L
1 8 4 2 R
1 9 17 16 L
1 10 9 10 D
1 11 5 13 L
1 12 16 12 D
1 13 8 13 L
1 14 2 10 D
1 15 3 1 R
1 16 2 8 U
2 0 17 0 R
2 1 0 5 U
2 2 8 2 R
2 3 9 3 R
2 4 18 4 R
2 5 1 0 R
2 6 3 6 U
2 7 5 3 R
2 8 6 10 D
2 9 1 14 L
2 10 15 10 D
2 11 8 11 D
2 12 8 16 L
2 13 0 5 U
2 14 6 14 L
2 15 8 5 U
2 16 1 16 L
3 0 17 8 U
3 1 0 15 L
3 2 0 7 U
3 3 9 10 D
3 4 0 5 U
3 5 5 16 L
3 6 12 6 U
3 7 0 14 L
3 8 8 8 U
3 9 14 14 L
3 10 7 15 L
3 11 17 4 R
3 12 4 14 L
3 13 0 9 D
3 14 4 0 R
3 15 5 11 D
3 16 8 16 L
4 0 1 7 U
4 1 3 11 D
4 2 8 11 D
4 3 1 12 D
4 5 16 13 L
4 6 15 15 L
4 7 10 7 U
4 8 0 10 D
4 9 7 9 D
4 10 7 3 R
4 11 9 15 L
4 12 2 6 U
4 13 15 10 D
4 14 0 0 R
4 15 12 1 R
4 16 11 16 L
5 0 18 6 U
5 1 2 1 R
5 2 7 2 R
5 3 1 9 D
5 4 6 4 R
5 5 10 15 L
5 6 0 0 R
5 7 10 1 R
5 8 1 0 R
5 9 9 16 L
5 10 11 2 R
5 11 0 6 U
5 12 14 15 L
5 13 0 1 R
5 14 20 2 R
5 15 11 15 L
5 16 1 16 L
6 0 2 0 R
6 1 14 1 R
6 2 2 2 R
6 3 4 3 R
6 4 8 4 R
6 5 2 5 U
6 7 8 15 L
6 8 9 9 D
6 9 13 2 R
6 10 17 4 R
6 11 3 16 L
6 12 18 15 L
6 13 17 5 U
6 14 0 6 U
6 15 5 15 L
6 16 7 7 U
7 0 1 5 U
7 1 3 6 U
7 2 0 8 U
7 3 2 3 R
7 4 4 9 D
7 5 0 13 L
7 7 2 7 U
7 8 0 15 L
7 9 11 0 R
7 10 3 10 D
7 11 2 1 R
7 12 9 3 R
7 13 11 13 L
7 14 4 12 D
7 15 0 10 D
7 16 13 16 L
8 0 7 11 D
8 1 0 11 D
8 2 3 9 D
8 3 14 7 U
8 4 0 6 U
8 5 4 0 R
8 6 0 9 D
8 7 1 11 D
8 8 3 8 U
8 9 0 1 R
8 10 12 3 R
8 11 20 11 D
8 12 16 2 R
8 13 6 6 U
8 14 2 5 U
8 15 1 15 L
8 16 0 2 R
9 0 0 13 L
9 1 8 16 L
9 2 16 9 D
9 3 1 8 U
9 5 2 0 R
9 6 18 6 U
9 7 19 14 L
9 8 2 13 L
9 9 7 15 L
9 10 0 2 R
9 11 4 11 D
9 12 17 12 D
9 13 12 8 U
9 14 0 11 D
9 15 10 7 U
9 16 1 5 U
10 0 4 13 L
10 1 1 11 D
10 2 7 9 D
10 3 2 3 R
10 5 13 1 R
10 6 0 11 D
10 7 0 12 D
10 8 11 8 U
10 9 14 15 L
10 10 12 6 U
10 11 9 11 D
10 12 4 12 D
10 13 8 6 U
10 14 14 14 L
10 15 8 10 D
10 16 6 16 L
11 0 4 5 U
11 1 7 7 U
11 2 1 2 R
11 3 0 6 U
11 5 2 9 D
11 6 1 14 L
11 7 8 1 R
11 8 4 8 U
11 9 2 9 D
11 10 6 16 L
11 11 1 13 L
11 13 8 13 L
11 14 7 14 L
11 15 8 6 U
11 16 5 5 U
12 0 0 14 L
12 1 6 1 R
12 2 5 9 D
12 3 0 15 L
12 6 10 14 L
12 7 19 2 R
12 8 9 8 U
12 9 0 13 L
12 10 2 4 R
12 11 18 11 D
12 13 15 0 R
12 14 1 0 R
12 15 10 10 D
12 16 13 3 R
13 0 2 5 U
13 1 4 1 R
13 2 9 10 D
13 3 1 3 R
13 4 5 11 D
13 5 0 16 L
13 6 0 3 R
13 7 1 16 L
13 9 2 1 R
13 10 3 5 U
13 11 8 1 R
13 13 14 7 U
13 14 1 14 L
13 15 0 1 R
13 16 10 16 L
14 0 10 5 U
14 1 15 5 U
14 2 17 6 U
14 3 12 10 D
14 6 11 14 L
14 7 2 13 L
14 8 3 16 L
14 9 18 14 L
14 10 10 10 D
14 11 5 6 U
14 13 0 6 U
14 14 5 14 L
14 15 12 9 D
14 16 9 16 L
15 0 0 6 U
15 1 16 9 D
15 2 18 12 D
15 3 14 14 L
15 4 19 10 D
15 5 7 0 R
15 6 7 1 R
15 7 11 7 U
15 8 5 13 L
15 9 7 13 L
15 10 2 0 R
15 14 9 6 U
15 15 12 15 L
15 16 8 2 R
16 0 6 8 U
16 1 10 9 D
16 3 15 12 D
16 5 9 14 L
16 6 1 16 L
16 7 1 7 U
16 8 10 15 L
16 10 3 10 D
16 12 4 1 R
16 13 17 10 D
16 14 5 2 R
16 15 5 7 U
16 16 12 11 D
17 0 16 8 U
17 2 6 8 U
17 3 12 7 U
17 4 7 4 R
17 5 13 3 R
17 6 12 10 D
17 7 19 15 L
17 9 13 1 R
17 10 4 13 L
17 13 15 11 D
17 14 11 5 U
17 15 2 15 L
17 16 16 0 R
18 0 3 6 U
18 1 14 7 U
18 3 1 3 R
18 6 11 6 U
18 7 11 15 L
18 9 5 13 L
18 10 0 5 U
18 11 0 4 R
18 13 2 8 U
18 16 9 16 L
19 0 3 11 D
19 1 14 12 D
19 6 15 13 L
19 7 13 3 R
19 13 7 12 D
19 16 10 10 D
20 0 18 12 D
20 6 7 14 L
20 9 5 0 R
20 11 14 3 R
20 16 4 7 U

