28 28 630
0 1 0 0 22 0 0 0 0 0 0 0 13 16 7 0 0 0 0 0
18 0 0 0 9 0 0 0 0 0 0 0 0 5 0 0 0 3 0 0
0 0 24 0 24 0 0 0 0 0 0 0 0 0 22 0 0 0 6 0
0 0 0 0 25 0 0 26 0 0 15 25 2 13 0 13 11 0 0 0
0 0 20 0 0 13 11 7 0 0 0 0 24 8 18 5 0 0 0 0
0 0 0 0 1 22 13 0 0 0 0 0 0 0 23 0 17 22 20 0
0 0 0 0 15 0 0 0 0 0 0 0 0 7 0 0 0 0 8 17
9 0 0 8 20 0 0 0 9 0 0 0 0 22 0 0 0 7 6 5
0 0 0 2 0 0 16 3 22 0 0 0 0 0 0 0 0 0 0 11
3 0 0 0 12 0 18 0 0 0 0 0 0 0 0 0 0 0 0 7
23 0 0 0 0 0 0 0 0 0 0 0 0 0 22 23 24 0 0 18
12 0 6 0 0 0 0 0 8 0 5 0 7 0 0 0 11 0 0 20
0 14 0 11 2 0 0 0 0 12 1 6 0 3 0 25 0 0 14 8
0 0 24 0 20 0 0 9 0 2 0 21 0 0 25 0 22 0 5 12
0 12 0 14 0 0 0 0 0 14 0 0 17 0 0 0 12 0 0 0
0 0 0 0 13 0 0 0 0 8 0 0 26 0 0 0 13 0 0 18
0 0 0 13 0 0 0 15 8 0 0 14 0 0 0 0 0 0 0 0
14 0 0 0 19 0 0 26 0 0 27 22 25 0 0 0 0 0 0 22
11 0 0 0 0 0 0 0 0 0 21 0 0 0 7 0 0 0 0 0
0 0 0 0 0 0 7 25 20 0 5 0 20 15 2 0 0 0 0 0
0 0 0 0 U
0 1 0 1 U
0 2 0 2 U
0 3 0 3 U
0 4 0 4 U
0 5 0 5 U
0 6 0 6 U
0 7 0 7 U
0 8 0 8 R
0 9 0 9 R
0 10 0 10 R
0 11 0 11 R
0 12 0 12 R
0 13 0 13 R
0 14 0 14 R
0 15 0 15 D
0 16 0 16 D
0 17 0 17 D
0 18 0 18 D
0 19 0 19 D
0 20 0 20 D
0 21 0 21 L
0 22 0 22 L
0 23 0 23 L
0 24 0 24 L
0 25 0 25 L
0 26 0 26 L
0 27 0 27 L
1 0 0 8 R
1 1 2 11 R
1 2 16 8 R
1 3 15 3 U
1 4 7 23 L
1 5 3 5 U
1 6 15 6 U
1 8 0 20 D
1 9 8 5 U
1 10 17 18 D
1 11 2 24 L
1 12 13 16 D
1 13 16 2 U
1 15 10 21 L
1 16 19 16 D
1 17 5 27 L
1 18 5 18 D
1 19 12 27 L
1 20 5 20 D
1 21 9 15 D
1 22 7 17 D
1 23 11 17 D
1 24 0 11 R
1 25 3 25 L
1 26 5 4 U
1 27 3 27 L
2 0 8 21 L
2 1 20 9 R
2 2 0 25 L
2 3 10 23 L
2 4 0 23 L
2 5 6 23 L
2 6 6 27 L
2 8 0 25 L
2 9 5 1 U
2 10 10 17 D
2 11 11 11 R
2 12 0 6 U
2 13 10 3 U
2 14 3 14 R
2 15 7 25 L
2 16 0 9 R
2 17 5 17 D
2 18 13 18 D
2 19 0 26 L
2 20 6 23 L
2 21 11 9 R
2 22 7 22 L
2 23 0 9 R
2 24 0 12 R
2 25 6 16 D
2 26 13 20 D
2 27 6 27 L
3 0 7 15 D
3 1 6 22 L
3 2 6 22 L
3 3 4 26 L
3 4 17 23 L
3 5 6 8 R
3 8 0 21 L
3 9 2 17 D
3 10 12 2 U
3 11 7 0 U
3 12 1 12 R
3 13 7 13 R
3 14 6 6 U
3 15 19 13 R
3 16 13 25 L
3 17 5 17 D
3 18 0 25 L
3 19 14 24 L
3 20 5 14 R
3 21 8 16 D
3 22 0 16 D
3 23 0 0 U
3 24 0 19 D
3 25 12 25 L
3 26 6 26 L
3 27 9 27 L
4 0 13 13 R
4 1 1 10 R
4 2 3 2 U
4 3 7 3 U
4 4 5 4 U
4 5 1 25 L
4 8 9 2 U
4 9 20 2 U
4 10 3 18 D
4 11 8 2 U
4 12 18 12 R
4 13 8 3 U
4 14 2 4 U
4 15 14 11 R
4 16 14 1 U
4 17 8 12 R
4 18 14 24 L
4 19 15 25 L
4 20 15 20 D
4 21 9 19 D
4 22 14 1 U
4 23 14 1 U
4 24 8 24 L
4 25 8 25 L
4 26 8 19 D
4 27 6 19 D
5 0 1 13 R
5 1 10 12 R
5 2 7 2 U
5 3 1 3 U
5 4 1 4 U
5 5 7 5 U
5 6 9 6 U
5 7 7 7 U
5 8 2 0 U
5 9 0 1 U
5 10 17 10 R
5 11 8 11 R
5 12 18 4 U
5 13 3 26 L
5 14 19 14 R
5 15 0 21 L
5 16 0 24 L
5 17 19 21 L
5 18 13 26 L
5 19 4 10 R
5 20 4 26 L
5 21 6 17 D
5 22 20 15 D
5 23 11 16 D
5 24 20 16 D
5 25 4 19 D
5 26 16 18 D
5 27 14 13 R
6 0 0 19 D
6 1 0 13 R
6 2 18 21 L
6 3 4 13 R
6 4 18 8 R
6 5 24 5 U
6 8 7 16 D
6 9 12 17 D
6 10 4 4 U
6 11 0 4 U
6 12 1 12 R
6 13 2 13 R
6 14 7 14 R
6 15 10 26 L
6 16 2 24 L
6 17 7 24 L
6 18 2 22 L
6 19 14 25 L
6 20 1 8 R
6 21 16 20 D
6 22 16 22 L
6 23 0 10 R
6 24 8 24 L
6 25 19 25 L
6 26 16 13 R
6 27 15 27 L
7 0 11 17 D
7 1 14 23 L
7 2 20 21 L
7 3 0 22 L
7 4 1 13 R
7 5 1 14 R
7 8 17 15 D
7 9 10 16 D
7 10 14 19 D
7 11 21 19 D
7 12 8 12 R
7 13 9 13 R
7 14 6 14 R
7 15 13 22 L
7 16 9 16 D
7 17 1 17 D
7 18 4 18 D
7 19 15 19 D
7 20 4 20 D
7 21 10 18 D
7 22 16 2 U
7 23 22 18 D
7 24 4 24 L
7 25 0 8 R
7 26 21 26 L
7 27 6 27 L
8 0 23 12 R
8 1 5 12 R
8 2 18 11 R
8 3 17 9 R
8 4 5 11 R
8 5 11 11 R
8 8 10 15 D
8 9 1 0 U
8 10 10 1 U
8 11 1 11 R
8 12 3 12 R
8 13 7 13 R
8 14 19 5 U
8 15 12 23 L
8 16 21 10 R
8 17 6 25 L
8 18 15 8 R
8 19 19 22 L
8 20 6 22 L
8 21 16 1 U
8 22 14 0 U
8 23 0 1 U
8 24 7 18 D
8 25 5 25 L
8 26 12 26 L
8 27 6 27 L
9 0 0 12 R
9 1 1 9 R
9 2 0 9 R
9 3 18 3 U
9 4 6 10 R
9 5 3 8 R
9 8 6 17 D
9 9 3 18 D
9 10 12 1 U
9 11 6 11 R
9 12 4 12 R
9 13 22 19 D
9 14 11 14 R
9 15 0 0 U
9 16 10 27 L
9 17 13 26 L
9 18 11 10 R
9 19 12 23 L
9 20 5 20 D
9 21 11 0 U
9 22 12 18 D
9 23 20 19 D
9 24 0 20 D
9 25 16 20 D
9 26 3 26 L
9 27 2 16 D
10 0 8 22 L
10 1 9 22 L
10 2 16 23 L
10 3 15 23 L
10 4 9 23 L
10 5 13 26 L
10 6 3 6 U
10 8 4 0 U
10 9 6 1 U
10 10 7 17 D
10 11 1 11 R
10 12 7 18 D
10 13 11 13 R
10 14 5 3 U
10 15 2 27 L
10 16 9 8 R
10 17 20 11 R
10 18 3 23 L
10 19 8 22 L
10 20 18 20 D
10 21 20 3 U
10 22 11 1 U
10 23 16 4 U
10 24 3 24 L
10 25 1 17 D
10 26 14 2 U
10 27 14 4 U
11 0 0 18 D
11 1 1 11 R
11 2 15 2 U
11 3 1 10 R
11 4 6 14 R
11 5 22 5 U
11 8 17 21 L
11 9 13 9 R
11 10 0 18 D
11 11 3 11 R
11 12 21 19 D
11 13 9 18 D
11 15 13 9 R
11 16 14 9 R
11 17 15 9 R
11 18 0 4 U
11 19 14 8 R
11 20 2 23 L
11 21 21 5 U
11 22 16 16 D
11 23 16 2 U
11 24 0 15 D
11 25 8 4 U
11 26 14 26 L
11 27 5 27 L
12 0 5 8 R
12 1 0 21 L
12 2 7 22 L
12 3 7 25 L
12 4 19 11 R
12 5 7 10 R
12 7 16 27 L
12 8 0 0 U
12 9 7 0 U
12 10 4 0 U
12 11 7 11 R
12 12 11 12 R
12 13 3 13 R
12 14 0 7 U
12 15 0 11 R
12 16 8 21 L
12 17 5 21 L
12 18 0 1 U
12 19 0 3 U
12 20 22 25 L
12 21 14 8 R
12 22 4 2 U
12 23 7 23 L
12 24 6 18 D
12 25 6 1 U
12 26 0 6 U
12 27 0 14 R
13 0 22 10 R
13 1 0 24 L
13 2 6 25 L
13 3 17 3 U
13 4 2 4 U
13 5 20 5 U
13 8 20 0 U
13 9 21 21 L
13 10 21 19 D
13 11 6 3 U
13 12 19 0 U
13 13 7 3 U
13 14 21 5 U
13 15 0 1 U
13 16 20 11 R
13 17 0 12 R
13 18 0 22 L
13 19 22 11 R
13 20 4 20 D
13 21 20 0 U
13 22 0 2 U
13 23 11 1 U
13 24 4 16 D
13 25 12 25 L
13 26 4 16 D
13 27 11 27 L
14 0 11 22 L
14 1 15 1 U
14 2 9 8 R
14 3 18 3 U
14 4 4 4 U
14 5 18 5 U
14 6 0 14 R
14 8 17 19 D
14 9 13 9 R
14 10 22 22 L
14 11 12 2 U
14 12 12 5 U
14 13 0 16 D
14 14 17 14 R
14 15 13 8 R
14 16 4 23 L
14 17 19 22 L
14 18 4 18 D
14 19 10 9 R
14 20 10 10 R
14 21 10 2 U
14 22 8 8 R
14 23 11 4 U
14 24 5 12 R
14 25 16 3 U
14 26 21 26 L
14 27 6 13 R
15 0 0 26 L
15 1 13 10 R
15 2 1 11 R
15 3 13 18 D
15 4 7 4 U
15 5 1 5 U
15 8 10 18 D
15 9 10 18 D
15 10 12 20 D
15 11 23 15 D
15 12 14 3 U
15 13 14 20 D
15 14 19 14 R
15 15 0 6 U
15 16 8 8 R
15 17 4 17 D
15 18 14 27 L
15 20 14 20 D
15 21 0 0 U
15 22 0 5 U
15 23 14 3 U
15 24 13 5 U
15 25 0 4 U
15 26 9 5 U
15 27 11 4 U
16 0 9 9 R
16 1 8 13 R
16 2 27 10 R
16 3 9 11 R
16 4 0 11 R
16 5 19 14 R
16 8 0 15 D
16 9 2 19 D
16 10 17 19 D
16 11 4 0 U
16 12 3 0 U
16 13 7 13 R
16 14 21 4 U
16 15 11 8 R
16 16 15 8 R
16 17 11 10 R
16 18 19 10 R
16 19 4 9 R
16 20 1 20 D
16 21 4 17 D
16 22 18 9 R
16 23 5 18 D
16 24 6 24 L
16 25 21 15 D
16 26 0 18 D
17 0 7 21 L
17 1 11 21 L
17 2 24 21 L
17 3 7 3 U
17 4 11 22 L
17 5 4 5 U
17 6 2 26 L
17 8 19 23 L
17 9 22 18 D
17 10 10 18 D
17 11 3 20 D
17 12 0 16 D
17 13 21 13 R
17 15 22 8 R
17 16 1 16 D
17 17 15 17 D
17 18 18 18 D
17 20 5 27 L
17 21 16 15 D
17 22 2 1 U
17 23 8 23 L
17 24 9 20 D
17 25 4 25 L
17 26 23 26 L
17 27 19 15 D
18 0 4 12 R
18 1 2 1 U
18 2 16 9 R
18 3 14 27 L
18 4 23 4 U
18 5 2 5 U
18 8 0 17 D
18 9 9 3 U
18 10 7 2 U
18 11 3 17 D
18 12 6 12 R
18 13 21 13 R
18 16 0 23 L
18 17 11 17 D
18 18 14 18 D
18 19 17 19 D
18 20 19 20 D
18 21 1 15 D
18 22 14 18 D
18 23 19 10 R
18 24 3 18 D
18 25 9 15 D
18 26 4 26 L
18 27 0 13 R
19 0 7 0 U
19 1 26 9 R
19 2 7 2 U
19 3 22 3 U
19 4 2 9 R
19 5 17 5 U
19 8 21 8 R
19 9 8 0 U
19 10 0 3 U
19 11 5 5 U
19 12 21 2 U
19 13 4 3 U
19 15 10 23 L
19 17 16 25 L
19 18 12 9 R
19 19 4 21 L
19 20 22 20 D
19 21 10 0 U
19 22 12 20 D
19 23 21 2 U
19 24 3 24 L
19 25 0 14 R
19 26 8 17 D
20 0 4 8 R
20 1 5 9 R
20 2 15 12 R
20 3 1 3 U
20 4 23 11 R
20 5 7 14 R
20 8 21 20 D
20 9 8 1 U
20 10 0 23 L
20 11 0 24 L
20 12 3 12 R
20 13 2 0 U
20 15 6 24 L
20 16 12 10 R
20 17 9 2 U
20 18 10 8 R
20 19 13 26 L
20 20 11 11 R
20 21 12 15 D
20 22 8 20 D
20 23 2 3 U
20 24 8 2 U
20 25 23 19 D
20 26 18 15 D
21 0 8 24 L
21 1 0 15 D
21 2 8 21 L
21 3 22 23 L
21 4 5 12 R
21 5 23 23 L
21 8 6 0 U
21 9 2 9 R
21 10 12 10 R
21 11 16 11 R
21 12 2 0 U
21 13 6 13 R
21 14 24 14 R
21 15 22 10 R
21 16 8 10 R
21 17 10 23 L
21 18 4 8 R
21 19 25 9 R
21 20 24 26 L
21 21 14 15 D
21 22 16 1 U
21 24 10 24 L
21 25 24 18 D
21 26 5 26 L
22 1 5 22 L
22 2 21 9 R
22 3 15 21 L
22 4 16 13 R
22 5 4 5 U
22 8 4 20 D
22 9 6 0 U
22 10 2 17 D
22 11 9 26 L
22 12 15 17 D
22 13 7 24 L
22 15 18 25 L
22 16 2 4 U
22 17 0 5 U
22 18 11 18 D
22 19 24 25 L
22 20 19 12 R
22 21 16 0 U
22 22 16 4 U
22 23 4 1 U
22 24 17 24 L
22 25 6 19 D
22 26 8 26 L
23 1 16 22 L
23 3 3 12 R
23 5 15 24 L
23 8 22 16 D
23 9 24 20 D
23 11 3 11 R
23 12 21 12 R
23 13 22 13 R
23 17 5 26 L
23 18 18 18 D
23 22 2 16 D
23 24 14 17 D
23 25 17 12 R
23 26 24 12 R
24 2 23 10 R
24 3 16 24 L
24 5 23 22 L
24 8 8 15 D
24 11 9 5 U
24 12 23 3 U
24 13 5 2 U
24 17 0 2 U
24 18 13 24 L
24 22 12 13 R
24 24 18 17 D
24 25 4 25 L
24 26 5 26 L
25 13 5 13 R
25 17 19 10 R
25 18 19 22 L
25 22 17 1 U
25 24 20 19 D
25 25 3 25 L
25 26 22 16 D
26 18 2 23 L
26 22 20 16 D
26 24 8 17 D
26 26 6 26 L
27 18 19 24 L
27 22 2 19 D

