21 20 351
9 0 0 0 7 0 9 9 16 6 1
11 18 13 0 18 11 6 3 20 13 5
7 17 19 4 0 2 16 16 20 0 8
12 12 0 0 3 0 0 12 0 2 0
7 0 4 15 0 18 2 17 0 4 2
5 0 3 4 19 10 0 17 0 0 16
0 0 0 0 0 0 0 0 20 0 16
13 0 10 17 0 0 0 9 0 11 9
14 15 10 16 0 12 0 0 0 0 5
5 18 0 6 6 4 11 16 11 10 12
17 8 9 7 10 5 15 0 0 2 7
0 0 0 0 L
0 1 0 1 L
0 2 0 2 L
0 3 0 3 L
0 4 0 4 R
0 5 0 5 R
0 6 0 6 R
0 7 0 7 R
0 8 0 8 R
0 9 0 9 D
0 10 0 10 D
0 11 0 11 D
0 12 0 12 D
0 13 0 13 D
0 14 0 14 D
0 15 0 15 U
0 16 0 16 U
0 17 0 17 U
0 18 0 18 U
0 19 0 19 U
1 0 2 11 D
1 1 2 13 D
1 2 2 2 L
1 3 8 16 U
1 4 8 4 R
1 5 0 15 U
1 6 2 6 R
1 7 2 7 R
1 8 11 8 R
1 9 0 6 R
1 10 6 6 R
1 11 5 4 R
1 12 4 12 D
1 13 4 13 D
1 14 5 2 L
1 15 17 0 L
1 16 0 13 D
1 17 4 17 U
1 18 0 3 L
1 19 0 1 L
2 0 0 16 U
2 1 13 1 L
2 2 14 2 L
2 3 1 3 L
2 4 0 10 D
2 5 13 17 U
2 6 7 15 U
2 7 12 13 D
2 8 1 8 R
2 9 0 15 U
2 10 1 0 L
2 11 4 18 U
2 12 10 0 L
2 13 0 19 U
2 14 5 14 D
2 15 0 4 R
2 16 10 16 U
2 17 3 7 R
2 18 0 2 L
2 19 0 5 R
3 0 5 0 L
3 1 2 1 L
3 2 2 10 D
3 3 5 3 L
3 4 7 13 D
3 5 0 17 U
3 6 0 19 U
3 7 1 7 R
3 8 2 8 R
3 9 8 8 R
3 10 0 17 U
3 11 9 11 D
3 12 4 1 L
3 13 6 13 D
3 14 7 14 D
3 15 0 9 D
3 16 6 1 L
3 17 4 17 U
3 18 1 18 U
3 19 8 19 U
4 0 13 9 D
4 1 3 17 U
4 2 11 2 L
4 3 14 3 L
4 4 15 15 U
4 5 3 18 U
4 6 1 6 R
4 7 11 3 L
4 8 13 17 U
4 9 7 9 D
4 10 10 10 D
4 11 3 11 D
4 12 1 12 D
4 13 5 13 D
4 14 3 14 D
4 15 12 9 D
4 16 1 16 U
4 17 1 17 U
4 18 2 18 U
4 19 3 6 R
5 0 0 15 U
5 1 10 16 U
5 2 1 17 U
5 3 2 9 D
5 4 2 4 R
5 5 7 5 R
5 6 13 16 U
5 7 6 17 U
5 8 3 8 R
5 9 2 9 D
5 10 2 6 R
5 11 15 1 L
5 12 0 18 U
5 13 1 8 R
5 14 10 14 D
5 15 10 8 R
5 16 4 6 R
5 17 0 12 D
5 18 14 0 L
5 19 8 19 U
6 0 4 17 U
6 1 14 11 D
6 2 12 14 D
6 3 8 18 U
6 4 11 16 U
6 5 14 0 L
6 6 7 10 D
6 7 0 3 L
6 8 15 9 D
6 9 0 4 R
6 10 0 0 L
6 11 9 11 D
6 12 10 2 L
6 13 9 16 U
6 14 10 14 D
6 15 7 2 L
6 16 12 16 U
6 17 1 2 L
6 18 9 0 L
6 19 0 7 R
7 0 14 15 U
7 1 11 1 L
7 2 2 2 L
7 3 3 3 L
7 4 3 11 D
7 5 0 11 D
7 6 11 9 D
7 7 3 10 D
7 8 4 13 D
7 9 0 3 L
7 10 4 10 D
7 11 0 15 U
7 12 8 16 U
7 13 2 13 D
7 14 0 19 U
7 15 1 15 U
7 16 15 2 L
7 17 1 17 U
7 18 4 18 U
7 19 10 19 U
8 0 2 15 U
8 1 0 10 D
8 2 5 2 L
8 3 5 11 D
8 4 0 1 L
8 5 9 1 L
8 6 0 0 L
8 7 7 7 R
8 8 0 18 U
8 9 15 7 R
8 10 4 10 D
8 11 7 11 D
8 12 0 17 U
8 13 14 8 R
8 14 0 8 R
8 15 0 0 L
8 16 0 5 R
8 17 13 6 R
8 18 0 12 D
8 19 10 7 R
9 0 5 12 D
9 1 1 1 L
9 2 12 9 D
9 3 3 3 L
9 4 8 9 D
9 5 12 10 D
9 6 13 15 U
9 7 14 7 R
9 8 11 18 U
9 9 10 15 U
9 10 2 5 R
9 11 3 11 D
9 12 0 5 R
9 13 2 13 D
9 14 8 2 L
9 15 2 0 L
9 16 15 0 L
9 17 0 11 D
9 18 12 18 U
9 19 17 4 R
10 0 13 10 D
10 1 4 6 R
10 2 15 11 D
10 3 5 17 U
10 4 2 15 U
10 5 7 15 U
10 6 16 6 R
10 7 2 7 R
10 8 1 19 U
10 9 1 7 R
10 10 1 6 R
10 11 6 18 U
10 12 4 12 D
10 13 2 8 R
10 14 6 14 D
10 15 12 15 U
10 16 4 16 U
10 17 9 17 U
10 18 15 18 U
10 19 7 19 U
11 0 9 0 L
11 1 0 9 D
11 2 15 12 D
11 3 12 3 L
11 4 3 4 R
11 5 6 5 R
11 6 3 6 R
11 7 9 7 R
11 8 3 8 R
11 9 7 6 R
11 10 12 4 R
11 11 5 5 R
11 12 4 3 L
11 15 7 1 L
11 16 14 3 L
11 17 1 17 U
11 18 6 6 R
11 19 4 19 U
12 0 5 17 U
12 1 4 1 L
12 2 3 2 L
12 3 8 4 R
12 4 4 15 U
12 5 0 12 D
12 6 5 14 D
12 7 19 18 U
12 8 1 8 R
12 9 6 9 D
12 10 3 10 D
12 11 8 5 R
12 12 15 12 D
12 15 0 5 R
12 16 0 1 L
12 17 1 17 U
12 18 18 18 U
12 19 8 19 U
13 0 4 12 D
13 1 4 1 L
13 2 11 2 L
13 3 3 15 U
13 4 9 9 D
13 5 6 12 D
13 6 7 6 R
13 7 4 7 R
13 8 7 8 R
13 9 1 3 L
13 10 4 2 L
13 11 8 0 L
13 12 11 0 L
13 13 5 3 L
13 15 17 1 L
13 16 11 5 R
13 17 10 11 D
13 18 2 4 R
13 19 1 19 U
14 0 16 0 L
14 1 0 14 D
14 2 6 18 U
14 3 1 11 D
14 4 6 11 D
14 5 2 5 R
14 6 2 6 R
14 7 10 7 R
14 8 13 8 R
14 9 13 4 R
14 10 16 5 R
14 11 6 7 R
14 12 11 7 R
14 15 6 3 L
14 16 4 16 U
14 17 3 4 R
14 18 4 18 U
14 19 6 19 U
15 0 13 0 L
15 1 12 15 U
15 2 8 15 U
15 3 14 16 U
15 4 11 9 D
15 5 11 9 D
15 6 17 6 R
15 7 10 10 D
15 9 2 5 R
15 10 0 3 L
15 11 16 11 D
15 12 10 12 D
15 14 2 19 U
15 15 16 2 L
15 16 3 12 D
15 17 8 4 R
15 18 12 4 R
16 0 12 5 R
16 1 3 12 D
16 2 15 15 U
16 3 1 3 L
16 4 0 9 D
16 6 13 10 D
16 7 7 7 R
16 9 4 0 L
16 10 0 16 U
16 11 0 3 L
16 12 2 12 D
16 15 4 15 U
16 16 1 2 L
16 17 9 5 R
16 18 5 10 D
17 0 16 14 D
17 1 8 14 D
17 2 8 19 U
17 6 8 13 D
17 7 14 9 D
17 9 19 6 R
17 10 6 1 L
17 11 3 11 D
17 12 10 12 D
17 16 16 7 R
17 17 9 6 R
17 18 16 12 D
18 0 17 13 D
18 1 15 6 R
18 10 16 10 D
18 12 8 17 U
18 17 0 4 R
18 18 17 1 L
19 0 12 13 D
19 2 18 14 D
19 12 1 1 L
19 17 17 17 U
19 18 3 18 U
20 0 19 12 D
20 12 10 12 D
20 17 0 9 D

