27 26 596
0 9 0 0 10 0 5 0 0 0 0 12 0 0 0 4 18 0 0
0 0 13 5 11 4 0 0 0 0 0 0 1 17 21 0 0 0 0
0 0 0 0 13 0 10 0 0 0 0 0 6 0 0 0 7 12 9
0 14 3 0 4 5 0 7 0 0 0 20 2 21 22 3 4 16 22
20 0 0 0 6 4 0 0 11 0 0 0 0 23 11 0 17 0 0
11 0 0 0 1 3 0 15 0 9 0 14 0 24 13 26 0 0 7
0 11 13 14 0 0 0 0 19 0 11 9 10 5 0 0 0 0 0
10 0 5 0 0 0 0 0 9 0 14 0 0 0 0 0 0 0 7
8 0 0 26 0 0 15 0 17 0 0 18 0 0 8 0 5 0 0
24 14 0 0 0 0 0 6 0 0 23 24 0 0 1 0 0 0 0
0 18 5 16 0 11 0 0 0 0 25 24 0 13 0 25 17 0 0
10 0 0 13 21 12 0 26 0 0 12 8 21 0 0 15 20 0 0
0 3 7 0 19 0 0 0 0 0 15 1 0 26 23 18 0 0 0
0 0 0 13 0 0 0 0 0 0 21 0 13 0 19 0 0 0 0
3 1 0 20 1 0 1 19 15 1 0 0 3 0 18 2 20 0 0
0 0 0 0 1 0 12 0 0 0 0 0 25 0 0 6 10 0 0
0 0 0 3 0 0 0 0 0 0 0 0 9 0 0 3 1 0 0
0 6 0 0 13 0 13 0 15 0 0 0 22 0 0 11 10 2 0
13 0 0 0 0 0 15 11 2 2 0 0 0 0 0 0 7 13 0
0 0 0 0 D
0 1 0 1 D
0 2 0 2 D
0 3 0 3 D
0 4 0 4 D
0 5 0 5 D
0 6 0 6 R
0 7 0 7 R
0 8 0 8 R
0 9 0 9 R
0 10 0 10 R
0 11 0 11 R
0 12 0 12 R
0 13 0 13 U
0 14 0 14 U
0 15 0 15 U
0 16 0 16 U
0 17 0 17 U
0 18 0 18 U
0 19 0 19 L
0 20 0 20 L
0 21 0 21 L
0 22 0 22 L
0 23 0 23 L
0 24 0 24 L
0 25 0 25 L
1 0 11 23 L
1 1 21 13 U
1 2 2 20 L
1 3 14 21 L
1 4 5 22 L
1 5 10 5 D
1 6 7 18 U
1 7 8 7 R
1 8 10 18 U
1 9 0 17 U
1 10 2 10 R
1 11 19 11 R
1 12 22 17 U
1 13 0 20 L
1 14 10 14 U
1 15 18 15 U
1 16 5 16 U
1 17 21 11 R
1 18 2 11 R
1 19 9 14 U
1 20 3 20 L
1 21 2 21 L
1 22 3 22 L
1 23 3 4 D
1 24 3 24 L
1 25 3 25 L
2 0 0 13 U
2 1 8 16 U
2 2 10 23 L
2 3 1 22 L
2 4 16 7 R
2 5 13 19 L
2 6 3 2 D
2 7 0 2 D
2 8 23 17 U
2 9 19 14 U
2 10 15 10 R
2 11 21 16 U
2 12 18 12 R
2 13 0 12 R
2 14 6 20 L
2 15 21 15 U
2 16 3 8 R
2 17 16 17 U
2 18 4 18 U
2 19 6 14 U
2 20 6 13 U
2 21 3 4 D
2 22 14 22 L
2 23 6 13 U
2 24 0 10 R
2 25 20 12 R
3 0 0 10 R
3 1 5 1 D
3 2 19 8 R
3 3 18 19 L
3 4 0 8 R
3 5 7 17 U
3 6 0 13 U
3 7 9 17 U
3 8 4 8 R
3 9 11 9 R
3 10 1 10 R
3 11 1 11 R
3 12 13 12 R
3 13 0 24 L
3 14 10 12 R
3 15 1 19 L
3 16 0 3 D
3 17 7 12 R
3 18 10 18 U
3 19 23 13 U
3 20 0 13 U
3 21 0 14 U
3 22 17 0 D
3 23 19 4 D
3 24 8 0 D
3 25 0 15 U
4 0 14 24 L
4 1 1 1 D
4 2 12 2 D
4 3 8 3 D
4 4 2 4 D
4 5 17 9 R
4 6 3 13 U
4 7 12 15 U
4 9 16 9 R
4 10 0 3 D
4 11 2 11 R
4 12 23 12 R
4 13 12 19 L
4 14 1 19 L
4 15 8 25 L
4 16 15 24 L
4 17 14 1 D
4 18 15 19 L
4 19 12 19 L
4 20 13 0 D
4 21 0 0 D
4 22 0 9 R
4 23 1 23 L
4 24 1 24 L
4 25 3 25 L
5 0 0 21 L
5 1 1 1 D
5 2 0 15 U
5 3 2 3 D
5 4 23 20 L
5 5 12 23 L
5 6 13 1 D
5 7 0 23 L
5 8 13 18 U
5 9 17 9 R
5 10 1 13 U
5 11 6 0 D
5 12 21 0 D
5 13 21 6 R
5 14 10 14 U
5 15 4 10 R
5 16 18 16 U
5 17 9 11 R
5 18 0 5 D
5 19 6 0 D
5 20 3 20 L
5 21 17 3 D
5 22 12 3 D
5 23 21 3 D
5 24 0 6 R
5 25 4 25 L
6 0 9 7 R
6 1 1 8 R
6 2 8 6 R
6 3 17 3 D
6 4 22 4 D
6 5 20 5 D
6 6 14 17 U
6 7 16 2 D
6 8 22 5 D
6 9 11 9 R
6 10 15 1 D
6 11 0 19 L
6 12 0 21 L
6 13 20 20 L
6 14 3 9 R
6 15 2 15 U
6 16 14 19 L
6 17 20 23 L
6 18 12 18 U
6 19 0 0 D
6 20 19 5 D
6 21 3 18 U
6 22 0 1 D
6 23 3 17 U
6 24 3 24 L
6 25 5 3 D
7 0 0 14 U
7 1 0 13 U
7 2 0 6 R
7 3 9 22 L
7 4 22 4 D
7 5 1 5 D
7 6 4 13 U
7 7 20 16 U
7 8 2 3 D
7 9 12 17 U
7 10 22 5 D
7 11 3 11 R
7 12 1 15 U
7 13 20 13 U
7 14 14 22 L
7 15 6 15 U
7 16 20 16 U
7 17 6 20 L
7 18 19 18 U
7 19 17 15 U
7 20 12 1 D
7 21 1 2 D
7 22 12 2 D
7 23 16 2 D
7 24 15 16 U
7 25 18 25 L
8 0 4 13 U
8 1 9 6 R
8 2 2 22 L
8 3 15 9 R
8 4 3 20 L
8 5 13 5 D
8 6 10 13 U
8 7 22 3 D
8 8 5 3 D
8 9 6 18 U
8 10 0 5 D
8 11 23 4 D
8 12 2 17 U
8 13 0 22 L
8 14 5 6 R
8 15 20 25 L
8 16 2 16 U
8 17 4 17 U
8 18 19 18 U
8 19 3 15 U
8 20 5 14 U
8 21 2 1 D
8 22 3 22 L
8 23 3 23 L
8 24 3 12 R
8 25 21 2 D
9 0 7 20 L
9 1 8 25 L
9 2 3 22 L
9 3 0 7 R
9 4 7 8 R
9 5 12 24 L
9 6 6 22 L
9 7 2 7 R
9 9 0 15 U
9 10 0 1 D
9 11 25 11 R
9 12 11 12 R
9 13 6 23 L
9 14 10 19 L
9 15 4 7 R
9 16 10 16 U
9 17 15 21 L
9 18 14 18 U
9 19 13 13 U
9 20 6 16 U
9 21 17 16 U
9 22 12 16 U
9 23 11 23 L
9 24 0 12 R
9 25 20 11 R
10 0 14 0 D
10 1 3 1 D
10 2 0 9 R
10 3 5 3 D
10 4 2 4 D
10 5 6 5 D
10 6 14 1 D
10 7 1 18 U
10 9 13 14 U
10 10 1 10 R
10 11 19 11 R
10 12 1 12 R
10 13 15 21 L
10 14 2 14 U
10 15 15 21 L
10 16 2 16 U
10 17 12 22 L
10 18 2 18 U
10 19 20 1 D
10 20 18 6 R
10 21 11 21 L
10 22 2 22 L
10 23 4 13 U
10 24 3 24 L
10 25 1 25 L
11 0 7 13 U
11 1 3 23 L
11 2 2 2 D
11 3 6 17 U
11 4 12 4 D
11 5 3 5 D
11 6 5 15 U
11 7 19 21 L
11 9 9 1 D
11 10 9 14 U
11 11 1 11 R
11 12 12 13 U
11 13 5 19 L
11 14 22 21 L
11 15 6 6 R
11 16 4 25 L
11 17 8 20 L
11 18 25 21 L
11 19 0 6 R
11 20 21 2 D
11 21 17 21 L
11 22 0 2 D
11 23 3 23 L
11 24 16 24 L
11 25 0 11 R
12 0 11 24 L
12 1 16 19 L
12 2 13 22 L
12 3 13 20 L
12 4 22 10 R
12 5 1 24 L
12 6 0 0 D
12 7 20 7 R
12 9 7 9 R
12 10 10 18 U
12 11 10 14 U
12 12 10 4 D
12 13 0 9 R
12 14 4 14 U
12 15 21 7 R
12 16 7 7 R
12 17 8 9 R
12 18 10 18 U
12 19 9 17 U
12 20 1 1 D
12 21 18 4 D
12 22 10 4 D
12 23 1 23 L
12 24 5 0 D
12 25 1 25 L
13 0 3 6 R
13 1 3 21 L
13 2 20 19 L
13 3 9 6 R
13 4 0 17 U
13 5 9 5 D
13 6 9 16 U
13 7 8 18 U
13 8 16 14 U
13 9 1 16 U
13 10 18 4 D
13 11 2 11 R
13 12 8 4 D
13 13 0 19 L
13 14 5 14 U
13 15 0 10 R
13 16 0 6 R
13 17 4 12 R
13 18 19 18 U
13 19 16 5 D
13 20 5 20 L
13 21 18 2 D
13 22 0 16 U
13 23 2 0 D
13 24 0 8 R
13 25 1 25 L
14 0 5 0 D
14 1 9 12 R
14 2 17 2 D
14 3 10 20 L
14 4 2 21 L
14 5 2 23 L
14 6 19 0 D
14 7 16 1 D
14 8 6 15 U
14 9 10 4 D
14 10 4 10 R
14 11 5 18 U
14 12 7 5 D
14 13 15 9 R
14 14 15 21 L
14 15 20 19 L
14 16 19 20 L
14 17 19 17 U
14 18 1 6 R
14 19 11 7 R
14 20 0 9 R
14 21 18 21 L
14 22 2 22 L
14 23 0 7 R
14 24 3 24 L
15 0 8 0 D
15 1 3 20 L
15 2 9 2 D
15 3 1 3 D
15 4 4 4 D
15 5 3 21 L
15 6 0 20 L
15 7 23 0 D
15 8 6 0 D
15 10 10 10 R
15 11 7 11 R
15 12 4 3 D
15 13 7 22 L
15 14 14 1 D
15 15 19 15 U
15 16 19 16 U
15 17 14 10 R
15 18 8 19 L
15 19 6 8 R
15 20 0 10 R
15 21 17 21 L
15 22 11 5 D
16 0 23 14 U
16 1 7 1 D
16 2 7 2 D
16 3 7 7 R
16 4 3 17 U
16 5 8 8 R
16 6 15 6 R
16 7 13 7 R
16 8 13 16 U
16 10 10 16 U
16 11 6 5 D
16 12 14 12 R
16 13 10 24 L
16 14 10 21 L
16 15 15 24 L
16 16 4 16 U
16 17 19 17 U
16 18 5 7 R
16 19 21 18 U
16 20 22 4 D
16 21 3 21 L
16 22 17 15 U
16 23 1 23 L
16 24 3 24 L
16 25 3 25 L
17 0 9 11 R
17 1 13 7 R
17 2 3 6 R
17 3 0 12 R
17 4 6 21 L
17 6 16 15 U
17 7 0 22 L
17 8 14 8 R
17 10 11 10 R
17 11 12 11 R
17 12 4 12 R
17 13 0 11 R
17 14 5 14 U
17 15 20 20 L
17 16 10 6 R
17 17 18 7 R
17 18 5 8 R
17 19 4 14 U
17 20 9 17 U
17 21 0 17 U
17 22 18 17 U
17 23 0 0 D
17 24 19 24 L
18 0 2 9 R
18 1 22 1 D
18 2 2 6 R
18 3 2 8 R
18 4 15 4 D
18 5 16 7 R
18 6 14 4 D
18 7 15 14 U
18 10 11 2 D
18 12 4 1 D
18 13 0 8 R
18 14 1 9 R
18 15 20 22 L
18 16 5 16 U
18 17 3 17 U
18 18 0 21 L
18 19 12 2 D
18 20 14 0 D
18 21 0 4 D
18 22 3 22 L
18 23 9 23 L
18 24 0 18 U
18 25 15 25 L
19 0 0 24 L
19 1 15 21 L
19 2 1 2 D
19 3 2 3 D
19 4 22 23 L
19 5 7 5 D
19 6 0 25 L
19 7 0 1 D
19 8 2 2 D
19 10 2 2 D
19 11 13 11 R
19 12 6 12 R
19 13 1 19 L
19 14 14 6 R
19 15 3 6 R
19 16 10 11 R
19 17 4 20 L
19 18 12 18 U
19 19 22 0 D
19 20 4 20 L
19 21 18 13 U
19 22 15 3 D
19 23 1 23 L
19 24 5 2 D
19 25 1 25 L
20 0 24 6 R
20 1 19 24 L
20 2 0 19 L
20 3 8 22 L
20 4 9 4 D
20 5 6 21 L
20 6 12 14 U
20 7 12 5 D
20 8 11 1 D
20 11 9 3 D
20 12 25 0 D
20 13 21 7 R
20 14 0 6 R
20 15 2 11 R
20 16 22 21 L
20 17 22 23 L
20 18 5 12 R
20 19 0 5 D
20 20 3 20 L
20 21 0 8 R
20 22 0 14 U
20 24 5 1 D
21 0 3 19 L
21 1 2 19 L
21 2 0 22 L
21 3 15 11 R
21 4 0 20 L
21 6 25 3 D
21 7 1 2 D
21 11 2 11 R
21 12 11 12 R
21 13 10 23 L
21 14 6 8 R
21 15 3 8 R
21 16 0 7 R
21 17 18 17 U
21 18 6 24 L
21 19 16 19 L
21 20 4 20 L
21 21 3 21 L
21 22 9 22 L
21 23 2 23 L
21 24 3 24 L
22 0 2 11 R
22 1 20 20 L
22 2 10 14 U
22 4 9 19 L
22 6 6 0 D
22 7 4 18 U
22 8 6 2 D
22 12 16 0 D
22 13 11 13 U
22 14 5 10 R
22 16 15 2 D
22 17 21 7 R
22 18 23 7 R
22 19 21 19 L
22 20 24 15 U
22 21 18 15 U
22 22 2 22 L
23 0 24 8 R
23 1 19 19 L
23 2 11 19 L
23 6 15 4 D
23 7 22 13 U
23 12 3 4 D
23 13 12 20 L
23 16 13 23 L
23 18 6 21 L
23 19 8 2 D
23 20 1 20 L
23 21 21 21 L
23 22 18 22 L
24 0 2 19 L
24 1 16 7 R
24 2 19 22 L
24 7 5 0 D
24 13 14 12 R
24 14 23 24 L
24 18 2 18 U
24 19 20 13 U
24 20 2 14 U
24 21 6 16 U
25 0 18 21 L
25 1 2 1 D
25 2 3 2 D
25 6 24 13 U
25 13 24 20 L
25 20 3 1 D
25 21 3 21 L
26 0 17 10 R
26 1 9 9 R
26 13 2 0 D
26 21 24 17 U

