16 14 190
0 0 4 14 0 14 0 0 0 15 13 10 0 6
0 11 1 1 15 13 0 13 0 0 3 0 0 0
0 0 0 10 0 8 0 5 11 0 1 0 0 0
1 14 7 5 0 0 4 0 0 0 0 0 3 0
11 0 0 0 0 0 12 0 1 0 0 0 0 0
12 0 14 0 13 0 4 0 0 9 12 0 0 0
11 13 0 0 0 3 13 0 0 0 0 0 0 0
0 14 0 10 0 0 12 1 1 0 1 14 0 0
0 3 0 2 0 15 11 0 0 0 0 0 6 0
0 0 0 0 0 0 0 2 0 0 0 0 4 0
0 0 5 3 0 0 5 3 0 0 0 0 0 10
0 0 0 0 0 12 0 0 0 0 0 0 5 3
0 0 0 0 0 10 10 0 0 0 0 0 0 7
6 1 0 3 8 11 0 0 0 0 0 0 15 1
0 0 0 0 U
0 1 0 1 U
0 2 0 2 U
0 3 0 3 U
0 4 0 4 R
0 5 0 5 R
0 6 0 6 R
0 7 0 7 D
0 8 0 8 D
0 9 0 9 D
0 10 0 10 D
0 11 0 11 L
0 12 0 12 L
0 13 0 13 L
1 0 0 5 R
1 1 5 1 U
1 2 3 7 D
1 3 9 3 U
1 4 9 4 R
1 5 0 11 L
1 6 8 6 R
1 7 6 6 R
1 8 0 5 R
1 9 3 11 L
1 10 10 10 D
1 11 6 7 D
1 12 13 2 U
1 13 7 0 U
2 0 3 5 R
2 1 3 6 R
2 2 6 13 L
2 3 5 11 L
2 4 8 7 D
2 5 3 7 D
2 6 0 7 D
2 7 11 5 R
2 8 13 8 D
2 9 0 3 U
2 10 1 10 D
2 11 3 9 D
2 12 7 2 U
2 13 10 3 U
3 0 4 0 U
3 1 5 9 D
3 2 2 2 U
3 3 0 6 R
3 4 0 1 U
3 5 6 5 R
3 6 0 2 U
3 7 12 4 R
3 8 0 12 L
3 9 0 13 L
3 10 8 1 U
3 11 5 5 R
3 12 1 12 L
3 13 0 1 U
4 0 0 11 L
4 1 0 12 L
4 2 0 12 L
4 3 0 7 D
4 4 5 3 U
4 5 5 1 U
4 6 7 9 D
4 7 6 4 R
4 8 11 11 L
4 9 3 2 U
4 10 2 6 R
4 11 0 0 U
4 12 13 12 L
4 13 2 8 D
5 0 3 0 U
5 1 7 12 L
5 2 1 2 U
5 3 0 9 D
5 4 12 11 L
5 5 3 3 U
5 6 7 6 R
5 7 1 7 D
5 8 6 11 L
5 9 4 9 D
5 10 8 10 D
5 11 0 6 R
5 12 2 8 D
5 13 2 13 L
6 0 2 4 R
6 1 0 4 R
6 2 3 8 D
6 3 7 6 R
6 4 7 4 R
6 5 7 1 U
6 6 3 6 R
6 7 0 4 R
6 8 0 6 R
6 9 3 6 R
6 11 0 7 D
6 12 0 8 D
6 13 0 2 U
7 0 1 6 R
7 1 11 11 L
7 2 3 5 R
7 3 5 3 U
7 4 11 13 L
7 5 0 8 D
7 6 4 8 D
7 7 2 7 D
7 8 1 8 D
7 9 5 13 L
7 11 6 1 U
7 12 8 1 U
7 13 6 13 L
8 0 12 11 L
8 1 1 4 R
8 2 0 8 D
8 4 3 1 U
8 5 6 9 D
8 6 1 6 R
8 7 0 0 U
8 8 0 11 L
8 9 14 4 R
8 11 9 0 U
8 12 3 10 D
8 13 9 9 D
9 0 5 12 L
9 1 6 5 R
9 2 5 2 U
9 4 3 2 U
9 5 7 5 R
9 6 5 1 U
9 7 3 7 D
9 8 11 12 L
9 9 0 1 U
9 11 7 5 R
9 12 5 0 U
9 13 3 13 L
10 0 8 8 D
10 1 2 6 R
10 2 9 2 U
10 4 0 9 D
10 5 4 5 R
10 6 9 2 U
10 7 7 5 R
10 8 9 12 L
10 9 15 11 L
10 11 6 2 U
10 12 7 7 D
10 13 9 13 L
11 0 8 0 U
11 1 2 13 L
11 4 0 0 U
11 5 9 11 L
11 6 3 0 U
11 7 2 4 R
11 8 2 4 R
11 9 1 9 D
11 11 7 0 U
11 12 0 5 R
11 13 5 13 L
12 0 0 13 L
12 1 9 9 D
12 4 0 13 L
12 5 7 5 R
12 6 3 3 U
12 7 1 7 D
12 8 13 4 R
12 9 1 9 D
12 10 6 6 R
12 11 10 11 L
12 12 6 0 U
12 13 0 3 U
13 1 14 1 U
13 4 5 10 D
13 5 7 5 R
13 6 5 9 D
13 7 9 4 R
13 9 1 9 D
13 11 11 1 U
13 12 10 12 L
13 13 10 13 L
14 0 12 4 R
14 1 8 11 L
14 4 7 0 U
14 5 6 7 D
14 6 4 0 U
14 11 6 6 R
14 12 2 12 L
14 13 4 1 U
15 4 1 0 U
15 5 7 2 U
15 6 2 8 D
15 13 10 7 D

