11 5 44
7 0 0 0 0 0 0 0 0 0 0 0 0
0 0 0 0 9 0 0 0 3 0 2 0 0
0 4 4 0 3 8 0 0 0 7 0 0 0
0 0 0 0 3 0 0 0 0 0 0 0 2
0 0 0 0 0 0 0 0 0 0 0 0 0
0 0 0 0 0 0 0 0 0 0 0 0 0
0 0 0 0 0 0 0 0 0 0 0 0 0
0 0 0 0 0 3 0 0 0 0 0 0 3
0 0 0 0 0 0 0 0 0 0 0 0 0
0 0 0 0 0 0 0 0 0 0 0 0 0
8 0 1 0 0 0 0 0 5 0 0 0 0
7 6 0 0 0 0 4 0 0 2 3 0 5
9 0 3 0 0 0 6 0 0 0 0 0 0
0 0 0 0 D
0 1 0 1 R
0 2 0 2 R
0 3 0 3 U
0 4 0 4 L
1 0 0 4 L
1 1 6 1 R
1 2 0 3 U
1 3 2 4 L
1 4 0 0 D
2 0 0 1 R
2 1 0 0 D
2 2 3 3 U
2 3 0 4 L
2 4 0 1 R
3 0 1 4 L
3 1 1 1 R
3 2 4 2 R
3 3 2 3 U
3 4 0 3 U
4 0 6 4 L
4 1 1 0 D
4 2 8 2 R
4 3 0 0 D
4 4 5 0 D
5 0 3 1 R
5 1 1 3 U
5 3 6 1 R
5 4 2 3 U
6 0 1 3 U
6 1 5 4 L
6 2 5 2 R
6 3 5 3 U
6 4 3 4 L
7 0 10 0 D
7 1 6 1 R
7 3 4 0 D
7 4 5 2 R
8 0 6 0 D
8 3 0 1 R
8 4 7 4 L
9 0 0 3 U
9 3 2 1 R
10 3 7 2 R

