21 29 573
7 1 0 0 16 20 0 12 0 0 2 4 6 0 0 6 0
16 0 4 1 13 20 0 8 0 0 0 11 0 0 0 0 6
15 0 15 5 8 13 4 18 0 0 14 3 0 0 0 17 7
18 14 19 20 0 19 20 13 2 0 0 0 4 9 0 0 5
0 0 0 0 0 0 0 0 2 6 1 18 13 11 20 18 5
0 0 0 4 0 0 0 0 0 13 0 0 0 0 0 5 0
15 0 0 0 0 0 0 0 0 0 0 0 12 0 15 16 3
0 0 0 0 0 0 0 0 6 11 4 0 16 19 0 18 4
18 0 0 15 17 0 9 0 9 0 0 8 18 0 18 3 1
0 11 0 0 0 18 0 0 0 0 0 0 0 0 0 13 7
0 0 0 17 18 0 0 0 18 9 12 19 8 18 0 14 0
0 0 0 0 0 17 0 20 0 8 0 17 15 0 11 0 5
17 20 0 7 18 0 0 20 0 0 19 20 19 18 0 0 14
15 0 18 0 19 16 0 16 0 14 17 0 19 0 0 2 18
1 0 0 0 1 0 0 0 0 0 0 20 0 6 0 5 0
0 0 7 17 0 20 18 19 20 0 0 20 0 13 17 19 4
0 0 14 8 0 19 10 11 0 2 12 0 20 0 12 18 1
0 0 0 0 D
0 1 0 1 D
0 2 0 2 D
0 3 0 3 D
0 4 0 4 D
0 5 0 5 D
0 6 0 6 D
0 7 0 7 D
0 8 0 8 R
0 9 0 9 R
0 10 0 10 R
0 11 0 11 R
0 12 0 12 R
0 13 0 13 R
0 14 0 14 R
0 15 0 15 U
0 16 0 16 U
0 17 0 17 U
0 18 0 18 U
0 19 0 19 U
0 20 0 20 U
0 21 0 21 U
0 22 0 22 L
0 23 0 23 L
0 24 0 24 L
0 25 0 25 L
0 26 0 26 L
0 27 0 27 L
0 28 0 28 L
1 0 0 22 L
1 1 0 8 R
1 2 0 23 L
1 3 0 17 U
1 4 2 18 U
1 5 0 14 R
1 6 4 24 L
1 7 6 26 L
1 8 0 0 D
1 9 0 2 D
1 10 0 15 U
1 11 2 2 D
1 12 2 17 U
1 13 3 17 U
1 14 1 20 U
1 15 0 9 R
1 16 0 22 L
1 17 0 11 R
1 18 2 12 R
1 19 0 0 D
1 20 0 10 R
1 21 0 5 D
1 22 0 15 U
1 23 0 1 D
1 24 1 3 D
1 25 1 4 D
1 26 3 2 D
1 27 0 5 D
1 28 3 20 U
2 0 0 10 R
2 1 0 15 U
2 2 0 16 U
2 3 1 24 L
2 4 1 8 R
2 5 3 5 D
2 6 3 6 D
2 7 4 7 D
2 8 2 16 U
2 9 0 1 D
2 10 1 10 R
2 11 0 24 L
2 12 1 12 R
2 13 3 13 R
2 14 2 14 R
2 15 0 0 D
2 16 0 23 L
2 17 2 11 R
2 18 0 4 D
2 19 3 19 U
2 20 3 27 L
2 21 6 21 U
2 22 0 0 D
2 23 1 1 D
2 24 0 3 D
2 25 2 25 L
2 26 0 19 U
2 27 2 27 L
2 28 3 28 L
3 0 0 9 R
3 1 0 24 L
3 2 2 13 R
3 3 0 26 L
3 4 3 4 D
3 5 4 12 R
3 6 5 6 D
3 7 9 27 L
3 8 0 22 L
3 9 0 16 U
3 10 0 3 D
3 11 1 18 U
3 12 5 20 U
3 13 0 0 D
3 14 1 14 R
3 15 0 25 L
3 16 1 22 L
3 17 1 1 D
3 18 3 18 U
3 19 2 26 L
3 20 2 20 U
3 21 5 21 U
3 22 0 18 U
3 23 0 19 U
3 24 0 16 U
3 25 1 25 L
3 26 2 26 L
3 27 1 1 D
3 28 1 28 L
4 0 2 14 R
4 1 0 20 U
4 2 1 22 L
4 3 2 11 R
4 4 2 25 L
4 5 5 5 D
4 6 6 26 L
4 7 7 7 D
4 8 5 1 D
4 9 4 17 U
4 10 1 0 D
4 11 3 5 D
4 12 5 12 R
4 13 7 13 R
4 14 0 28 L
4 15 0 1 D
4 16 5 22 L
4 17 0 2 D
4 18 1 9 R
4 19 0 24 L
4 20 1 22 L
4 21 4 21 U
4 22 4 8 R
4 23 5 19 U
4 24 3 21 U
4 25 4 16 U
4 26 6 17 U
4 27 5 27 L
4 28 6 3 D
5 0 1 0 D
5 1 3 27 L
5 2 0 25 L
5 3 1 3 D
5 4 4 23 L
5 5 4 5 D
5 6 6 6 D
5 7 5 7 D
5 8 5 8 R
5 9 5 9 R
5 10 2 10 R
5 11 4 11 R
5 12 4 12 R
5 13 7 21 U
5 14 3 14 R
5 15 5 15 U
5 16 5 16 U
5 17 2 2 D
5 18 1 18 U
5 19 2 19 U
5 20 3 20 U
5 21 4 24 L
5 22 0 4 D
5 23 1 19 U
5 24 6 24 L
5 25 3 25 L
5 26 6 6 D
5 27 4 27 L
5 28 8 28 L
6 0 3 23 L
6 1 6 23 L
6 2 6 10 R
6 3 7 27 L
6 4 7 26 L
6 5 2 5 D
6 6 2 6 D
6 7 8 7 D
6 8 4 22 L
6 9 5 0 D
6 10 5 16 U
6 11 6 15 U
6 12 2 12 R
6 13 5 13 R
6 14 5 15 U
6 15 1 23 L
6 16 5 10 R
6 17 6 9 R
6 18 0 7 D
6 19 6 8 R
6 20 0 22 L
6 21 7 13 R
6 22 5 6 D
6 23 0 9 R
6 24 5 24 L
6 25 4 1 D
6 26 7 17 U
6 27 3 21 U
6 28 4 28 L
7 0 1 17 U
7 1 6 27 L
7 2 8 11 R
7 3 7 3 D
7 4 8 4 D
7 5 0 11 R
7 6 3 13 R
7 7 0 15 U
7 8 0 18 U
7 9 1 15 U
7 10 6 3 D
7 11 3 17 U
7 12 4 16 U
7 13 5 6 D
7 14 6 14 R
7 15 0 8 R
7 16 5 9 R
7 17 7 17 U
7 18 2 18 U
7 19 1 19 U
7 20 4 20 U
7 21 7 21 U
7 22 0 20 U
7 23 3 16 U
7 24 2 0 D
7 25 9 21 U
7 26 4 26 L
7 27 6 18 U
7 28 8 21 U
8 0 0 11 R
8 1 8 1 D
8 2 9 2 D
8 3 0 21 U
8 4 8 23 L
8 5 2 14 R
8 6 7 6 D
8 7 13 7 D
8 8 7 19 U
8 9 6 16 U
8 10 10 2 D
8 11 3 21 U
8 12 8 12 R
8 13 6 13 R
8 14 4 14 R
8 15 7 8 R
8 16 6 22 L
8 17 3 17 U
8 18 5 0 D
8 19 7 19 U
8 20 6 20 U
8 21 7 28 L
8 22 7 1 D
8 23 9 23 L
8 24 12 2 D
8 25 14 17 U
8 26 8 26 L
8 27 8 27 L
8 28 7 28 L
9 0 6 28 L
9 1 3 25 L
9 2 11 12 R
9 3 4 3 D
9 4 4 4 D
9 5 1 5 D
9 6 2 9 R
9 7 12 7 D
9 8 8 0 D
9 9 2 1 D
9 10 10 10 R
9 11 8 11 R
9 12 9 17 U
9 13 11 3 D
9 14 7 14 R
9 15 2 8 R
9 16 3 22 L
9 17 8 17 U
9 18 4 10 R
9 19 8 23 L
9 20 9 8 R
9 21 5 7 D
9 22 0 6 D
9 23 11 20 U
9 24 12 24 L
9 25 14 25 L
9 26 2 4 D
9 27 0 20 U
9 28 6 28 L
10 0 7 22 L
10 1 9 12 R
10 2 3 18 U
10 3 3 3 D
10 4 7 10 R
10 5 7 5 D
10 6 9 13 R
10 7 9 7 D
10 8 0 5 D
10 9 6 0 D
10 10 11 4 D
10 11 9 11 R
10 12 9 12 R
10 13 8 21 U
10 14 9 24 L
10 15 10 15 U
10 16 4 9 R
10 17 8 9 R
10 18 11 26 L
10 19 9 19 U
10 20 0 23 L
10 21 9 26 L
10 22 9 20 U
10 23 7 18 U
10 24 12 19 U
10 25 11 25 L
10 26 9 19 U
10 27 10 0 D
10 28 10 19 U
11 0 7 16 U
11 1 11 1 D
11 2 6 28 L
11 3 10 12 R
11 4 11 4 D
11 5 9 22 L
11 6 11 6 D
11 7 12 25 L
11 8 4 21 U
11 9 5 26 L
11 10 9 4 D
11 11 7 11 R
11 12 8 16 U
11 13 10 13 R
11 14 9 14 R
11 15 8 8 R
11 16 7 27 L
11 17 9 17 U
11 18 10 13 R
11 19 11 19 U
11 20 11 20 U
11 21 0 3 D
11 22 5 15 U
11 23 11 2 D
11 24 11 24 L
11 25 6 25 L
11 26 10 26 L
11 27 10 27 L
12 0 11 8 R
12 1 8 9 R
12 2 10 2 D
12 3 12 22 L
12 4 10 24 L
12 5 7 24 L
12 6 0 22 L
12 7 16 9 R
12 8 0 21 U
12 9 12 18 U
12 10 0 23 L
12 11 8 2 D
12 12 12 21 U
12 13 12 15 U
12 14 8 14 R
12 15 1 9 R
12 16 11 11 R
12 17 10 24 L
12 18 6 8 R
12 19 5 19 U
12 20 2 22 L
12 21 12 21 U
12 22 3 0 D
12 23 10 20 U
12 24 11 17 U
12 25 13 25 L
12 26 11 19 U
12 27 14 17 U
13 0 10 0 D
13 1 10 10 R
13 2 13 2 D
13 3 10 14 R
13 4 14 25 L
13 5 19 24 L
13 6 9 6 D
13 8 4 0 D
13 9 10 23 L
13 10 11 10 R
13 11 0 20 U
13 12 13 12 R
13 13 12 13 R
13 14 10 14 R
13 15 13 15 U
13 16 10 16 U
13 17 13 17 U
13 18 8 18 U
13 19 10 19 U
13 20 10 20 U
13 21 1 10 R
13 22 0 7 D
13 23 14 2 D
13 24 10 24 L
13 25 12 17 U
13 26 9 1 D
13 27 13 27 L
14 0 0 27 L
14 1 1 13 R
14 2 12 12 R
14 3 0 18 U
14 4 15 4 D
14 6 15 23 L
14 8 8 18 U
14 9 16 23 L
14 10 12 2 D
14 11 11 11 R
14 12 11 15 U
14 13 8 13 R
14 14 14 20 U
14 15 12 10 R
14 16 13 10 R
14 17 14 23 L
14 18 2 22 L
14 19 13 8 R
14 20 0 6 D
14 21 13 21 U
14 22 14 22 L
14 23 15 23 L
14 24 9 16 U
14 25 16 25 L
14 26 13 26 L
14 27 14 27 L
15 0 14 11 R
15 1 6 1 D
15 2 12 2 D
15 3 16 3 D
15 4 14 4 D
15 6 5 9 R
15 8 16 7 D
15 9 15 9 R
15 10 13 10 R
15 11 14 2 D
15 12 11 21 U
15 13 13 2 D
15 14 15 14 R
15 15 1 15 U
15 16 4 22 L
15 17 15 17 U
15 18 14 8 R
15 19 15 19 U
15 20 15 11 R
15 21 8 21 U
15 22 2 15 U
15 23 13 23 L
15 24 16 24 L
15 25 15 25 L
15 26 17 17 U
15 27 12 27 L
16 0 14 8 R
16 1 14 22 L
16 2 12 10 R
16 3 2 16 U
16 4 15 26 L
16 6 1 13 R
16 8 15 8 R
16 9 14 9 R
16 10 14 19 U
16 11 15 11 R
16 12 20 18 U
16 13 14 13 R
16 14 17 14 R
16 15 2 15 U
16 16 11 13 R
16 17 15 24 L
16 18 13 18 U
16 19 17 11 R
16 20 13 12 R
16 21 12 22 L
16 22 8 3 D
16 23 16 17 U
16 24 15 3 D
16 25 13 6 D
16 26 17 26 L
16 27 14 10 R
17 0 11 22 L
17 1 0 11 R
17 2 13 14 R
17 3 15 14 R
17 4 16 25 L
17 6 14 6 D
17 8 16 2 D
17 9 15 15 U
17 10 15 4 D
17 11 14 27 L
17 12 17 12 R
17 13 0 23 L
17 14 14 14 R
17 15 16 8 R
17 16 17 9 R
17 17 17 25 L
17 18 0 0 D
17 19 14 19 U
17 20 9 20 U
17 21 11 21 U
17 22 16 19 U
17 23 15 21 U
17 24 13 3 D
17 25 17 25 L
17 26 16 26 L
17 27 17 27 L
18 0 17 16 U
18 1 13 1 D
18 2 16 8 R
18 3 0 16 U
18 4 18 4 D
18 6 19 6 D
18 8 19 8 R
18 9 17 18 U
18 10 0 24 L
18 11 0 1 D
18 12 19 12 R
18 14 16 19 U
18 15 0 2 D
18 16 14 16 U
18 17 0 8 R
18 18 17 18 U
18 19 16 27 L
18 20 15 20 U
18 21 18 23 L
18 22 18 22 L
18 23 16 1 D
18 24 14 24 L
18 25 19 15 U
18 26 19 17 U
18 27 20 5 D
19 0 16 26 L
19 1 9 21 U
19 2 15 12 R
19 3 18 3 D
19 6 18 6 D
19 8 15 17 U
19 9 17 2 D
19 10 20 7 D
19 11 19 11 R
19 12 18 12 R
19 14 16 14 R
19 15 15 15 U
19 16 19 10 R
19 17 4 17 U
19 18 16 9 R
19 19 12 19 U
19 20 16 20 U
19 21 15 21 U
19 22 5 1 D
19 23 19 23 L
19 24 17 0 D
19 25 19 25 L
19 26 19 26 L
20 0 20 10 R
20 1 20 1 D
20 6 10 6 D
20 8 15 0 D
20 9 19 16 U
20 10 19 0 D
20 11 8 20 U
20 12 0 6 D
20 15 18 15 U
20 16 15 28 L
20 17 19 24 L
20 18 15 18 U
20 19 17 19 U
20 21 9 21 U
20 22 10 4 D
20 23 16 23 L
20 24 16 16 U
20 25 18 25 L
20 26 18 26 L

