35 41 1210
2 15 0 30 0 4 23 28 0 0 0 0 0 0 29 0 22 8
4 8 15 7 29 23 0 13 4 1 29 13 6 18 0 0 33 19
18 16 0 25 1 25 0 1 27 29 29 0 25 0 23 0 29 17
23 26 3 8 29 0 30 14 0 5 0 0 14 15 18 25 0 12
0 32 11 29 16 0 32 11 0 0 30 20 1 8 2 5 4 27
13 8 8 0 18 26 0 0 26 0 0 29 16 0 22 24 12 0
31 31 7 0 5 9 31 0 33 31 30 0 0 27 20 0 2 0
32 33 34 0 0 0 16 16 4 17 22 29 14 9 0 26 0 0
23 30 3 0 0 0 13 1 0 4 25 6 5 0 24 6 7 27
18 0 0 0 1 22 10 0 2 25 15 0 0 28 0 12 20 14
4 16 23 0 0 19 13 29 30 0 0 0 0 0 32 10 25 19
19 8 16 0 17 7 19 2 20 24 12 26 16 0 27 0 27 1
24 29 0 29 19 27 5 2 0 27 0 5 32 27 28 13 0 11
0 0 1 0 8 0 33 0 0 30 0 30 0 7 4 8 26 21
0 3 0 0 0 7 0 1 0 16 12 3 21 0 28 0 12 17
21 1 26 0 23 22 3 0 0 0 29 0 0 8 6 4 2 1
14 20 23 34 0 34 33 0 32 24 13 19 21 9 26 5 2 18
27 0 0 0 24 0 25 21 10 10 19 18 17 26 25 31 0 19
0 0 0 0 L
0 1 0 1 L
0 2 0 2 L
0 3 0 3 L
0 4 0 4 L
0 5 0 5 L
0 6 0 6 L
0 7 0 7 L
0 8 0 8 L
0 9 0 9 L
0 10 0 10 R
0 11 0 11 R
0 12 0 12 R
0 13 0 13 R
0 14 0 14 R
0 15 0 15 R
0 16 0 16 R
0 17 0 17 R
0 18 0 18 R
0 19 0 19 R
0 20 0 20 D
0 21 0 21 D
0 22 0 22 D
0 23 0 23 D
0 24 0 24 D
0 25 0 25 D
0 26 0 26 D
0 27 0 27 D
0 28 0 28 D
0 29 0 29 D
0 30 0 30 U
0 31 0 31 U
0 32 0 32 U
0 33 0 33 U
0 34 0 34 U
0 35 0 35 U
0 36 0 36 U
0 37 0 37 U
0 38 0 38 U
0 39 0 39 U
0 40 0 40 U
1 0 21 30 U
1 1 18 22 D
1 2 11 34 U
1 3 2 3 L
1 4 11 4 L
1 5 13 5 L
1 6 26 36 U
1 7 0 36 U
1 8 6 37 U
1 9 5 9 L
1 10 11 21 D
1 11 14 29 D
1 12 25 12 R
1 13 6 38 U
1 14 9 14 R
1 15 9 15 R
1 16 2 16 R
1 17 8 32 U
1 18 2 18 R
1 19 0 27 D
1 20 0 10 R
1 21 12 21 D
1 22 10 22 D
1 23 5 23 D
1 24 4 24 D
1 25 20 25 D
1 26 14 4 L
1 27 3 27 D
1 28 6 28 D
1 29 13 9 L
1 30 0 10 R
1 31 24 10 R
1 32 0 1 L
1 33 0 17 R
1 34 6 34 U
1 35 18 5 L
1 36 2 36 U
1 37 3 37 U
1 38 17 27 D
1 39 9 39 U
1 40 15 40 U
2 0 6 20 D
2 1 13 1 L
2 2 1 2 L
2 3 3 3 L
2 4 19 33 U
2 5 1 34 U
2 6 16 26 D
2 7 7 7 L
2 8 21 34 U
2 9 5 9 L
2 10 0 31 U
2 11 0 1 L
2 12 5 12 R
2 13 1 13 R
2 14 13 33 U
2 15 8 15 R
2 16 15 16 R
2 17 4 17 R
2 18 18 37 U
2 19 4 19 R
2 20 9 20 D
2 21 11 15 R
2 22 13 4 L
2 23 4 23 D
2 24 13 11 R
2 25 19 25 D
2 26 0 5 L
2 27 0 17 R
2 28 21 17 R
2 29 1 19 R
2 30 0 11 R
2 31 7 5 L
2 32 19 32 U
2 33 9 0 L
2 34 11 12 R
2 35 11 15 R
2 36 14 36 U
2 37 3 37 U
2 38 6 16 R
2 39 0 21 D
2 40 17 16 R
3 0 17 23 D
3 1 12 1 L
3 2 24 2 L
3 3 25 29 D
3 4 20 32 U
3 5 6 34 U
3 6 0 27 D
3 7 4 28 D
3 8 23 8 L
3 9 11 9 L
3 10 4 22 D
3 11 1 23 D
3 12 0 32 U
3 13 2 32 U
3 14 28 33 U
3 15 13 25 D
3 16 21 30 U
3 17 11 27 D
3 18 8 36 U
3 19 25 20 D
3 20 11 3 L
3 21 29 8 L
3 22 8 10 R
3 23 27 0 L
3 24 1 24 D
3 25 4 25 D
3 26 21 18 R
3 27 9 27 D
3 28 7 28 D
3 29 7 29 D
3 30 7 10 R
3 31 14 12 R
3 32 19 13 R
3 33 26 12 R
3 34 0 11 R
3 35 0 15 R
3 36 6 23 D
3 37 1 37 U
3 38 12 38 U
3 39 6 39 U
3 40 5 40 U
4 0 0 31 U
4 1 1 39 U
4 2 20 24 D
4 3 15 33 U
4 4 26 4 L
4 5 2 28 D
4 6 10 6 L
4 7 12 11 R
4 8 1 8 L
4 9 1 9 L
4 10 18 10 R
4 11 24 37 U
4 12 18 24 D
4 13 1 13 R
4 14 11 22 D
4 15 25 29 D
4 16 13 33 U
4 17 1 17 R
4 18 6 34 U
4 19 3 19 R
4 20 0 11 R
4 21 3 18 R
4 22 11 1 L
4 23 1 3 L
4 24 2 24 D
4 25 0 14 R
4 26 1 33 U
4 27 2 14 R
4 28 15 4 L
4 29 15 29 D
4 30 1 20 D
4 31 1 1 L
4 32 9 32 U
4 33 14 11 R
4 34 0 12 R
4 35 1 8 L
4 36 20 17 R
4 37 2 0 L
4 38 12 38 U
4 39 8 39 U
4 40 0 0 L
5 0 17 26 D
5 1 0 30 U
5 2 0 23 D
5 3 2 3 L
5 4 2 4 L
5 5 0 23 D
5 6 26 6 L
5 7 8 35 U
5 8 6 36 U
5 9 22 24 D
5 10 10 10 R
5 11 15 11 R
5 12 10 21 D
5 13 24 34 U
5 14 1 33 U
5 15 8 34 U
5 16 0 32 U
5 17 14 17 R
5 18 2 18 R
5 19 3 19 R
5 20 0 12 R
5 21 12 21 D
5 22 11 22 D
5 23 3 8 L
5 24 4 14 R
5 25 0 18 R
5 26 16 26 D
5 27 8 14 R
5 28 1 19 R
5 29 1 18 R
5 30 29 11 R
5 31 7 27 D
5 32 18 23 D
5 33 12 7 L
5 34 14 18 R
5 35 11 35 U
5 36 7 36 U
5 37 13 37 U
5 38 13 19 R
5 39 0 10 R
5 40 28 40 U
6 0 11 0 L
6 1 0 22 D
6 2 0 21 D
6 3 18 36 U
6 4 5 4 L
6 5 1 31 U
6 6 5 6 L
6 7 11 29 D
6 8 18 21 D
6 9 4 29 D
6 10 1 21 D
6 11 1 30 U
6 12 22 23 D
6 13 3 32 U
6 14 0 2 L
6 15 0 35 U
6 16 17 16 R
6 17 13 37 U
6 18 15 18 R
6 19 12 34 U
6 20 10 8 L
6 21 17 21 D
6 22 2 14 R
6 23 5 23 D
6 24 0 36 U
6 25 13 6 L
6 26 14 26 D
6 27 12 27 D
6 28 17 28 D
6 29 13 7 L
6 30 18 0 L
6 31 14 6 L
6 32 1 9 L
6 33 21 9 L
6 34 10 34 U
6 35 0 25 D
6 36 1 36 U
6 37 0 7 L
6 38 1 8 L
6 39 5 5 L
6 40 21 13 R
7 0 12 31 U
7 1 2 1 L
7 2 11 21 D
7 3 25 21 D
7 4 0 14 R
7 5 6 5 L
7 6 2 25 D
7 7 8 7 L
7 8 12 20 D
7 9 14 27 D
7 10 0 20 D
7 11 18 11 R
7 12 6 2 L
7 13 2 31 U
7 14 15 35 U
7 15 0 26 D
7 16 27 24 D
7 17 6 17 R
7 18 0 28 D
7 19 10 19 R
7 20 11 11 R
7 21 0 2 L
7 22 27 13 R
7 23 1 23 D
7 24 0 2 L
7 25 11 10 R
7 26 13 26 D
7 27 6 15 R
7 28 1 28 D
7 29 3 29 D
7 30 10 10 R
7 31 3 13 R
7 32 21 0 L
7 33 17 33 U
7 34 1 34 U
7 35 0 8 L
7 36 16 36 U
7 37 19 19 R
7 38 4 38 U
7 39 5 2 L
7 40 13 40 U
8 0 2 30 U
8 1 5 1 L
8 2 1 11 R
8 3 5 28 D
8 4 17 28 D
8 5 0 10 R
8 6 12 23 D
8 7 18 22 D
8 8 2 8 L
8 9 6 37 U
8 10 11 28 D
8 11 5 33 U
8 12 3 31 U
8 13 0 20 D
8 14 0 0 L
8 15 3 33 U
8 16 9 36 U
8 17 5 17 R
8 18 28 21 D
8 19 20 19 R
8 20 26 12 R
8 21 9 17 R
8 22 17 2 L
8 23 20 1 L
8 24 19 4 L
8 25 21 19 R
8 26 4 26 D
8 27 15 3 L
8 28 13 0 L
8 29 22 29 D
8 30 3 30 U
8 31 4 31 U
8 32 6 32 U
8 33 0 23 D
8 34 28 9 L
8 35 1 1 L
8 36 0 26 D
8 37 12 37 U
8 38 17 38 U
8 39 27 11 R
8 40 24 40 U
9 0 8 0 L
9 1 8 30 U
9 2 11 2 L
9 3 23 20 D
9 4 1 24 D
9 5 13 24 D
9 6 16 39 U
9 7 20 7 L
9 8 16 8 L
9 9 17 9 L
9 10 14 32 U
9 11 1 36 U
9 12 19 21 D
9 13 4 13 R
9 14 7 39 U
9 15 8 33 U
9 16 17 33 U
9 17 21 17 R
9 18 13 38 U
9 19 12 19 R
9 20 11 16 R
9 21 10 21 D
9 22 11 18 R
9 23 2 23 D
9 24 5 12 R
9 25 13 3 L
9 26 10 26 D
9 27 16 9 L
9 28 23 7 L
9 29 26 29 D
9 30 22 14 R
9 31 21 2 L
9 32 0 12 R
9 33 1 0 L
9 34 3 34 U
9 35 13 17 R
9 36 19 36 U
9 37 0 18 R
9 38 12 38 U
9 39 2 16 R
9 40 8 40 U
10 0 3 21 D
10 1 17 31 U
10 2 2 2 L
10 3 5 3 L
10 4 9 21 D
10 5 0 25 D
10 6 17 38 U
10 7 1 25 D
10 8 22 32 U
10 9 0 14 R
10 10 14 31 U
10 11 1 11 R
10 12 17 39 U
10 13 2 13 R
10 14 13 29 D
10 15 9 15 R
10 16 31 36 U
10 17 23 30 U
10 18 4 18 R
10 19 8 19 R
10 20 21 2 L
10 21 5 21 D
10 22 16 22 D
10 23 0 32 U
10 24 4 2 L
10 25 0 15 R
10 26 8 12 R
10 27 3 6 L
10 28 6 16 R
10 29 1 14 R
10 30 0 2 L
10 31 28 12 R
10 32 26 6 L
10 33 12 33 U
10 34 8 1 L
10 35 14 35 U
10 36 13 8 L
10 37 23 2 L
10 38 12 17 R
10 39 17 39 U
10 40 18 9 L
11 0 0 17 R
11 1 0 23 D
11 2 10 2 L
11 3 9 3 L
11 4 4 23 D
11 5 23 5 L
11 6 20 30 U
11 7 16 32 U
11 8 25 35 U
11 9 13 9 L
11 10 0 21 D
11 11 20 28 D
11 12 23 32 U
11 13 4 13 R
11 14 2 14 R
11 15 2 15 R
11 16 4 16 R
11 17 27 39 U
11 18 1 18 R
11 19 14 25 D
11 20 6 30 U
11 21 0 1 L
11 22 3 22 D
11 23 1 23 D
11 24 10 2 L
11 25 16 25 D
11 26 19 35 U
11 27 9 38 U
11 28 6 28 D
11 29 20 18 R
11 30 0 0 L
11 31 15 1 L
11 32 5 15 R
11 33 10 11 R
11 34 1 4 L
11 35 9 12 R
11 36 2 36 U
11 37 0 28 D
11 38 0 16 R
11 39 24 6 L
11 40 1 16 R
12 0 0 15 R
12 1 16 1 L
12 2 16 20 D
12 3 8 31 U
12 4 8 4 L
12 5 8 5 L
12 6 0 26 D
12 7 7 25 D
12 8 23 25 D
12 9 7 19 R
12 10 1 35 U
12 11 16 22 D
12 12 14 6 L
12 13 27 28 D
12 14 2 14 R
12 15 15 26 D
12 16 0 6 L
12 17 0 36 U
12 18 14 24 D
12 19 3 19 R
12 20 9 11 R
12 21 1 21 D
12 22 4 22 D
12 23 2 23 D
12 24 9 9 L
12 25 0 38 U
12 26 8 26 D
12 27 14 27 D
12 28 9 1 L
12 29 6 29 D
12 30 2 30 U
12 31 10 31 U
12 32 14 32 U
12 33 13 33 U
12 34 2 11 R
12 35 2 35 U
12 36 6 36 U
12 38 17 38 U
12 39 13 39 U
12 40 4 40 U
13 0 2 25 D
13 1 23 10 R
13 2 0 11 R
13 3 28 3 L
13 4 22 25 D
13 5 26 25 D
13 6 23 27 D
13 7 10 7 L
13 8 9 8 L
13 9 4 9 L
13 10 0 30 U
13 11 15 7 L
13 12 8 12 R
13 13 0 9 L
13 14 7 14 R
13 15 16 38 U
13 16 4 16 R
13 17 0 27 D
13 18 25 30 U
13 19 10 23 D
13 20 3 5 L
13 21 11 3 L
13 22 1 10 R
13 23 4 15 R
13 24 18 14 R
13 25 24 1 L
13 26 3 26 D
13 27 12 27 D
13 28 14 28 D
13 29 3 7 L
13 30 11 10 R
13 31 19 14 R
13 32 1 32 U
13 33 0 22 D
13 34 7 34 U
13 35 21 13 R
13 36 11 36 U
13 37 7 37 U
13 38 2 38 U
13 39 1 39 U
13 40 24 40 U
14 0 16 0 L
14 1 24 24 D
14 2 19 2 L
14 3 10 33 U
14 4 6 34 U
14 5 1 5 L
14 6 21 17 R
14 7 4 19 R
14 8 4 8 L
14 9 2 23 D
14 10 0 25 D
14 11 0 0 L
14 12 28 8 L
14 13 8 22 D
14 14 15 14 R
14 15 5 15 R
14 16 17 26 D
14 17 24 23 D
14 18 29 28 D
14 19 4 29 D
14 20 5 20 D
14 21 13 21 D
14 22 17 22 D
14 23 1 23 D
14 24 12 24 D
14 25 20 25 D
14 26 20 6 L
14 27 0 7 L
14 28 4 13 R
14 29 9 8 L
14 30 7 14 R
14 31 23 11 R
14 32 9 12 R
14 33 11 4 L
14 34 1 34 U
14 35 10 35 U
14 36 12 36 U
14 37 0 4 L
14 38 12 38 U
14 39 26 39 U
14 40 31 14 R
15 0 18 38 U
15 1 22 1 L
15 2 21 30 U
15 3 26 35 U
15 4 2 15 R
15 5 2 5 L
15 6 10 37 U
15 7 23 36 U
15 8 11 37 U
15 9 2 32 U
15 10 6 22 D
15 11 9 11 R
15 12 7 35 U
15 13 2 13 R
15 14 20 14 R
15 16 21 16 R
15 17 20 17 R
15 18 3 25 D
15 19 2 37 U
15 20 2 13 R
15 21 23 21 D
15 22 1 12 R
15 23 0 13 R
15 24 0 10 R
15 25 23 8 L
15 26 18 26 D
15 27 0 14 R
15 28 12 28 D
15 29 21 13 R
15 30 0 4 L
15 31 0 20 D
15 32 26 16 R
15 33 5 19 R
15 34 8 10 R
15 35 19 7 L
15 36 2 6 L
15 37 8 24 D
15 38 21 10 R
15 39 2 10 R
15 40 21 2 L
16 0 11 33 U
16 1 2 21 D
16 2 21 26 D
16 3 8 3 L
16 4 22 4 L
16 5 7 5 L
16 6 0 33 U
16 7 15 37 U
16 8 11 38 U
16 9 3 9 L
16 10 7 5 L
16 11 17 30 U
16 12 17 25 D
16 13 19 35 U
16 14 21 21 D
16 15 25 35 U
16 16 25 27 D
16 17 11 26 D
16 18 28 18 R
16 19 11 38 U
16 20 10 20 D
16 21 8 6 L
16 22 24 3 L
16 23 10 23 D
16 24 17 24 D
16 25 26 7 L
16 26 24 2 L
16 27 14 0 L
16 28 23 28 D
16 29 10 29 D
16 30 25 20 D
16 31 2 0 L
16 32 19 8 L
16 33 18 14 R
16 34 14 34 U
16 35 7 8 L
16 36 12 16 R
16 37 5 37 U
16 38 18 1 L
16 39 1 39 U
16 40 17 0 L
17 0 24 31 U
17 1 19 21 D
17 2 21 23 D
17 3 5 3 L
17 4 7 4 L
17 5 28 34 U
17 6 11 6 L
17 7 4 7 L
17 8 22 10 R
17 9 0 13 R
17 10 5 23 D
17 11 4 31 U
17 12 3 12 R
17 13 18 31 U
17 14 7 31 U
17 16 11 16 R
17 17 14 25 D
17 18 0 8 L
17 19 7 33 U
17 20 16 12 R
17 21 8 1 L
17 22 19 10 R
17 23 1 23 D
17 24 18 24 D
17 25 14 25 D
17 26 6 26 D
17 27 12 27 D
17 28 10 28 D
17 29 2 29 D
17 30 10 1 L
17 31 6 6 L
17 32 0 0 L
17 33 20 13 R
17 34 4 34 U
17 35 9 27 D
17 36 1 36 U
17 37 1 37 U
17 38 13 0 L
17 39 20 8 L
17 40 13 40 U
18 0 0 20 D
18 1 11 1 L
18 2 2 22 D
18 3 10 39 U
18 4 30 29 D
18 5 0 35 U
18 6 2 6 L
18 7 26 7 L
18 8 10 21 D
18 9 2 9 L
18 10 3 20 D
18 11 6 32 U
18 12 8 12 R
18 13 0 5 L
18 14 22 24 D
18 16 13 16 R
18 17 10 22 D
18 18 8 7 L
18 19 29 30 U
18 20 6 11 R
18 21 13 11 R
18 22 3 22 D
18 23 21 16 R
18 24 29 24 D
18 25 0 17 R
18 26 6 26 D
18 27 2 7 L
18 28 10 18 R
18 29 24 14 R
18 30 4 3 L
18 31 8 11 R
18 32 6 32 U
18 33 16 16 R
18 34 25 4 L
18 35 26 20 D
18 36 10 12 R
18 37 5 9 L
18 38 16 18 R
18 39 7 39 U
18 40 17 40 U
19 0 1 0 L
19 1 22 36 U
19 2 11 2 L
19 3 1 33 U
19 4 10 31 U
19 5 31 31 U
19 6 25 23 D
19 7 3 27 D
19 8 0 24 D
19 9 0 20 D
19 10 3 27 D
19 11 7 0 L
19 12 1 12 R
19 13 8 32 U
19 14 14 29 D
19 15 24 32 U
19 16 11 16 R
19 17 22 21 D
19 18 3 18 R
19 19 12 19 R
19 20 20 1 L
19 21 6 21 D
19 22 2 13 R
19 23 18 23 D
19 24 0 35 U
19 25 14 35 U
19 26 6 26 D
19 27 13 7 L
19 28 0 37 U
19 29 3 29 D
19 30 7 15 R
19 31 1 31 U
19 32 16 19 R
19 33 13 21 D
19 34 1 14 R
19 35 1 35 U
19 36 27 3 L
19 37 7 7 L
19 38 3 38 U
19 39 22 3 L
19 40 2 40 U
20 0 5 28 D
20 1 4 30 U
20 2 2 24 D
20 3 3 3 L
20 4 5 34 U
20 5 5 34 U
20 6 28 35 U
20 7 13 30 U
20 8 2 8 L
20 9 5 25 D
20 10 5 39 U
20 11 23 31 U
20 12 18 33 U
20 13 27 13 R
20 14 0 7 L
20 16 13 16 R
20 17 1 32 U
20 18 6 18 R
20 19 4 19 R
20 20 5 17 R
20 21 18 16 R
20 22 2 9 L
20 23 4 4 L
20 24 7 13 R
20 25 11 18 R
20 26 6 3 L
20 27 2 27 D
20 28 10 15 R
20 29 24 6 L
20 30 17 4 L
20 31 10 31 U
20 32 8 32 U
20 33 16 33 U
20 34 6 13 R
20 35 3 35 U
20 36 18 6 L
20 37 16 0 L
20 38 13 18 R
20 39 1 39 U
21 0 2 20 D
21 1 7 37 U
21 2 10 37 U
21 3 1 3 L
21 4 4 35 U
21 5 4 5 L
21 6 1 6 L
21 7 16 33 U
21 8 16 29 D
21 9 26 38 U
21 10 1 10 R
21 11 19 22 D
21 12 0 30 U
21 13 12 20 D
21 14 22 29 D
21 15 22 15 R
21 16 27 16 R
21 17 5 17 R
21 18 15 18 R
21 19 23 19 R
21 20 11 10 R
21 21 25 12 R
21 22 18 16 R
21 23 26 17 R
21 24 0 19 R
21 25 19 7 L
21 26 2 15 R
21 28 24 2 L
21 29 1 29 D
21 30 25 2 L
21 31 24 31 U
21 32 20 20 D
21 33 15 15 R
21 34 20 16 R
21 35 17 10 R
21 36 14 7 L
21 37 6 25 D
21 38 1 3 L
21 39 3 0 L
22 0 7 26 D
22 1 13 25 D
22 2 30 32 U
22 3 2 3 L
22 4 31 39 U
22 5 6 26 D
22 6 2 6 L
22 7 2 7 L
22 8 25 24 D
22 9 15 39 U
22 10 8 31 U
22 11 0 22 D
22 12 0 40 U
22 13 0 24 D
22 14 26 39 U
22 16 23 38 U
22 17 2 23 D
22 18 3 22 D
22 19 1 28 D
22 20 9 37 U
22 21 21 4 L
22 22 8 22 D
22 23 5 15 R
22 24 0 34 U
22 26 4 26 D
22 27 10 27 D
22 28 32 3 L
22 29 6 29 D
22 30 4 2 L
22 31 2 6 L
22 32 5 2 L
22 33 25 5 L
22 34 0 19 R
22 35 1 17 R
22 36 0 13 R
22 37 8 18 R
22 38 21 38 U
22 39 8 29 D
23 0 2 0 L
23 1 1 20 D
23 2 2 27 D
23 3 2 3 L
23 4 14 34 U
23 5 26 39 U
23 6 8 6 L
23 7 7 7 L
23 8 1 37 U
23 9 11 9 L
23 10 19 30 U
23 11 2 31 U
23 12 6 26 D
23 13 1 13 R
23 14 5 30 U
23 15 7 35 U
23 16 14 29 D
23 18 9 33 U
23 19 19 32 U
23 20 20 4 L
23 21 22 3 L
23 22 29 4 L
23 23 21 14 R
23 24 25 6 L
23 25 15 14 R
23 26 6 26 D
23 27 31 18 R
23 28 27 6 L
23 29 28 19 R
23 30 29 22 D
23 31 2 2 L
23 32 10 11 R
23 33 16 4 L
23 34 0 13 R
23 35 18 19 R
23 36 17 11 R
23 37 1 37 U
23 38 4 38 U
23 39 5 15 R
23 40 6 40 U
24 0 8 35 U
24 1 6 34 U
24 2 5 21 D
24 3 2 3 L
24 4 30 22 D
24 5 25 35 U
24 6 16 23 D
24 7 2 40 U
24 8 23 8 L
24 9 14 24 D
24 10 13 31 U
24 11 0 33 U
24 12 0 34 U
24 13 13 22 D
24 14 28 28 D
24 15 4 27 D
24 16 16 32 U
24 17 9 38 U
24 18 13 4 L
24 19 8 31 U
24 20 0 31 U
24 21 28 5 L
24 22 21 1 L
24 23 26 4 L
24 24 25 7 L
24 25 11 25 D
24 26 8 4 L
24 27 28 2 L
24 28 29 5 L
24 29 18 7 L
24 30 26 8 L
24 31 20 31 U
24 32 0 24 D
24 33 1 33 U
24 34 17 34 U
24 35 30 35 U
24 36 0 14 R
24 37 0 0 L
24 38 1 38 U
24 39 0 1 L
25 0 2 27 D
25 1 12 27 D
25 2 12 39 U
25 3 15 32 U
25 4 1 4 L
25 5 16 17 R
25 6 24 28 D
25 7 21 7 L
25 8 3 8 L
25 9 11 9 L
25 10 8 22 D
25 11 9 11 R
25 12 1 12 R
25 13 2 36 U
25 14 10 26 D
25 16 14 16 R
25 18 15 18 R
25 19 2 19 R
25 20 4 0 L
25 21 0 30 U
25 22 6 11 R
25 23 6 7 L
25 24 6 9 L
25 26 28 19 R
25 27 1 5 L
25 28 4 11 R
25 29 8 15 R
25 30 1 16 R
25 31 14 5 L
25 32 15 1 L
25 33 0 5 L
25 34 1 34 U
25 35 16 25 D
25 36 24 12 R
25 38 8 5 L
25 39 6 39 U
26 0 18 30 U
26 1 4 1 L
26 2 2 21 D
26 3 19 24 D
26 5 27 20 D
26 6 2 6 L
26 8 5 8 L
26 9 19 40 U
26 10 23 10 R
26 11 7 11 R
26 12 1 32 U
26 13 0 29 D
26 14 30 40 U
26 15 5 15 R
26 16 13 35 U
26 17 15 17 R
26 18 11 33 U
26 19 20 20 D
26 20 20 20 D
26 21 13 12 R
26 22 22 0 L
26 23 1 17 R
26 24 19 13 R
26 26 22 1 L
26 27 12 18 R
26 28 5 28 D
26 29 12 0 L
26 30 7 12 R
26 31 5 31 U
26 32 17 11 R
26 34 30 10 R
26 35 16 22 D
26 36 1 1 L
26 37 3 37 U
26 38 8 38 U
27 0 4 10 R
27 1 9 20 D
27 2 8 13 R
27 3 15 30 U
27 4 2 27 D
27 5 26 30 U
27 6 8 24 D
27 8 7 8 L
27 10 9 36 U
27 11 6 2 L
27 12 26 38 U
27 13 9 13 R
27 14 30 14 R
27 15 3 15 R
27 16 14 26 D
27 18 16 26 D
27 19 22 19 R
27 20 0 0 L
27 21 7 0 L
27 22 6 17 R
27 23 25 32 U
27 24 16 2 L
27 26 17 5 L
27 27 0 9 L
27 29 9 29 D
27 30 26 13 R
27 31 32 3 L
27 32 11 2 L
27 34 28 3 L
27 36 16 2 L
27 38 8 38 U
28 0 1 20 D
28 1 27 10 R
28 2 8 12 R
28 3 1 30 U
28 4 23 24 D
28 5 21 33 U
28 8 12 35 U
28 10 8 40 U
28 11 1 28 D
28 12 11 28 D
28 13 22 33 U
28 14 27 14 R
28 15 9 20 D
28 16 11 40 U
28 17 16 17 R
28 18 26 40 U
28 20 13 20 D
28 21 4 13 R
28 22 7 16 R
28 23 2 9 L
28 24 2 24 D
28 27 13 27 D
28 29 9 0 L
28 31 17 31 U
28 32 0 3 L
28 34 16 34 U
28 36 12 9 L
29 0 18 20 D
29 1 16 22 D
29 2 4 36 U
29 5 11 5 L
29 8 3 25 D
29 10 27 39 U
29 11 26 31 U
29 12 16 23 D
29 13 16 22 D
29 14 0 39 U
29 15 13 30 U
29 18 3 18 R
29 20 23 8 L
29 21 5 7 L
29 22 3 22 D
29 23 0 0 L
29 24 27 5 L
29 25 12 25 D
29 27 17 27 D
29 29 14 12 R
29 31 15 22 D
29 32 11 17 R
29 34 26 19 R
29 36 2 0 L
30 0 8 29 D
30 1 18 27 D
30 2 28 22 D
30 11 20 35 U
30 13 12 13 R
30 14 20 14 R
30 20 23 10 R
30 21 9 8 L
30 22 5 12 R
30 23 3 33 U
30 24 17 24 D
30 25 17 2 L
30 29 7 29 D
30 31 13 12 R
30 32 3 11 R
30 34 16 34 U
30 36 21 18 R
31 0 0 34 U
31 11 29 40 U
31 13 30 32 U
31 14 7 14 R
31 20 17 0 L
31 22 27 15 R
31 23 1 23 D
31 29 4 29 D
31 31 23 13 R
31 34 9 34 U
31 36 28 36 U
32 0 9 34 U
32 11 3 33 U
32 14 31 32 U
32 20 28 13 R
32 22 5 22 D
32 23 1 23 D
32 29 16 29 D
32 31 10 6 L
32 36 11 6 L
33 0 8 0 L
33 14 27 14 R
33 20 14 14 R
33 23 6 6 L
33 36 0 20 D
34 0 8 0 L
34 14 20 14 R
34 23 32 14 R

