20 22 368
12 0 0 0 0 10 16 0 0 14 15 0 16
0 4 13 7 8 0 17 12 0 14 0 9 14
14 0 0 0 6 0 9 2 2 0 0 2 0
8 0 16 11 0 0 0 0 17 0 6 19 7
10 0 0 18 0 7 0 0 0 10 11 2 0
8 0 0 8 12 11 0 12 0 16 1 3 9
16 0 10 10 0 0 19 7 0 0 15 5 15
16 0 0 0 0 0 0 0 0 7 8 10 0
7 0 0 0 0 0 15 2 12 15 0 0 0
17 7 0 17 6 17 3 0 0 0 0 15 0
1 15 0 0 0 0 0 0 14 1 1 11 0
0 0 1 3 6 0 0 13 0 11 0 0 0
0 11 0 0 4 14 7 0 11 5 6 0 5
0 0 0 0 L
0 1 0 1 L
0 2 0 2 L
0 3 0 3 L
0 4 0 4 L
0 5 0 5 L
0 6 0 6 R
0 7 0 7 R
0 8 0 8 R
0 9 0 9 R
0 10 0 10 R
0 11 0 11 R
0 12 0 12 D
0 13 0 13 D
0 14 0 14 D
0 15 0 15 D
0 16 0 16 D
0 17 0 17 U
0 18 0 18 U
0 19 0 19 U
0 20 0 20 U
0 21 0 21 U
1 0 14 21 U
1 1 13 13 D
1 2 0 8 R
1 3 13 16 D
1 4 0 8 R
1 5 0 10 R
1 6 0 12 D
1 7 2 7 R
1 8 4 2 L
1 9 10 9 R
1 10 6 10 R
1 11 7 11 R
1 12 6 8 R
1 13 13 7 R
1 14 7 0 L
1 15 3 15 D
1 16 14 16 D
1 17 0 12 D
1 18 14 3 L
1 19 7 4 L
1 20 2 20 U
1 21 2 21 U
2 0 0 12 D
2 1 1 14 D
2 2 0 15 D
2 3 8 3 L
2 4 10 18 U
2 5 17 20 U
2 6 9 13 D
2 7 6 15 D
2 8 0 3 L
2 9 3 14 D
2 10 8 10 R
2 11 10 11 R
2 12 4 5 L
2 13 12 13 D
2 14 1 14 D
2 15 12 4 L
2 16 1 16 D
2 17 5 6 R
2 18 0 8 R
2 19 0 9 R
2 20 3 20 U
2 21 1 21 U
3 0 0 7 R
3 1 10 1 L
3 2 4 2 L
3 3 4 17 U
3 4 5 4 L
3 5 1 5 L
3 6 4 13 D
3 7 6 7 R
3 8 8 8 R
3 9 8 18 U
3 10 7 10 R
3 11 4 16 D
3 12 5 2 L
3 13 0 2 L
3 14 4 0 L
3 15 2 11 R
3 16 7 21 U
3 17 10 17 U
3 18 10 9 R
3 19 11 8 R
3 20 2 4 L
3 21 6 21 U
4 0 0 6 R
4 1 0 6 R
4 2 3 2 L
4 3 3 3 L
4 4 3 4 L
4 5 3 5 L
4 6 0 18 U
4 7 5 7 R
4 8 0 19 U
4 9 2 9 R
4 10 3 17 U
4 11 9 19 U
4 12 0 18 U
4 13 12 13 D
4 14 3 6 R
4 15 3 8 R
4 16 7 10 R
4 17 15 3 L
4 18 11 18 U
4 19 0 16 D
4 20 16 9 R
4 21 2 21 U
5 0 11 0 L
5 1 4 20 U
5 2 0 14 D
5 3 1 21 U
5 4 11 4 L
5 5 6 19 U
5 6 9 14 D
5 7 14 18 U
5 8 15 8 R
5 9 4 1 L
5 10 0 4 L
5 11 11 20 U
5 12 16 17 U
5 13 11 6 R
5 14 0 1 L
5 15 16 1 L
5 16 1 16 D
5 17 10 17 U
5 18 12 6 R
5 19 9 19 U
5 20 6 1 L
5 21 9 16 D
6 0 1 6 R
6 1 14 1 L
6 2 14 19 U
6 3 13 3 L
6 4 9 4 L
6 5 2 5 L
6 6 13 1 L
6 7 15 18 U
6 8 2 8 R
6 9 9 16 D
6 10 2 16 D
6 11 12 11 R
6 12 3 20 U
6 13 12 6 R
6 14 2 2 L
6 15 0 17 U
6 16 0 9 R
6 17 8 1 L
6 18 0 7 R
6 19 1 15 D
6 20 13 0 L
6 21 13 1 L
7 0 5 12 D
7 1 6 6 R
7 2 0 19 U
7 3 14 18 U
7 4 6 4 L
7 5 2 5 L
7 6 5 20 U
7 7 5 19 U
7 8 12 18 U
7 9 1 21 U
7 10 3 16 D
7 11 12 19 U
7 12 5 21 U
7 13 0 17 U
7 14 10 4 L
7 15 9 7 R
7 16 3 5 L
7 17 8 0 L
7 18 5 7 R
7 19 3 0 L
7 20 4 10 R
7 21 10 21 U
8 0 4 0 L
8 1 14 8 R
8 2 14 13 D
8 3 2 3 L
8 4 1 19 U
8 5 5 5 L
8 6 2 13 D
8 7 5 17 U
8 8 10 14 D
8 9 3 9 R
8 10 10 12 D
8 11 1 11 R
8 12 3 4 L
8 13 11 1 L
8 14 12 2 L
8 16 5 2 L
8 17 1 6 R
8 18 3 2 L
8 19 13 19 U
8 20 4 0 L
8 21 10 6 R
9 0 3 15 D
9 1 4 18 U
9 2 1 9 R
9 3 2 3 L
9 4 12 7 R
9 5 10 15 D
9 6 7 12 D
9 7 0 13 D
9 8 13 15 D
9 9 1 17 U
9 10 7 10 R
9 11 4 11 R
9 12 10 9 R
9 13 13 17 U
9 14 16 17 U
9 16 3 11 R
9 17 11 0 L
9 18 12 5 L
9 19 0 2 L
9 20 7 20 U
9 21 6 3 L
10 0 6 12 D
10 1 8 13 D
10 2 0 18 U
10 3 12 3 L
10 4 3 4 L
10 5 6 14 D
10 6 1 13 D
10 7 7 13 D
10 8 7 21 U
10 9 15 20 U
10 10 18 19 U
10 11 0 18 U
10 12 6 12 D
10 13 9 13 D
10 14 5 14 D
10 15 6 2 L
10 16 14 0 L
10 17 6 5 L
10 18 11 1 L
10 19 8 11 R
10 20 8 15 D
10 21 15 4 L
11 0 0 16 D
11 1 14 1 L
11 2 0 7 R
11 3 14 14 D
11 4 4 15 D
11 5 9 20 U
11 6 1 12 D
11 7 0 21 U
11 8 5 8 R
11 9 9 14 D
11 10 6 10 R
11 11 0 17 U
11 12 0 6 R
11 13 0 3 L
11 14 12 14 D
11 17 2 17 U
11 18 8 8 R
11 19 16 7 R
11 20 12 7 R
11 21 4 21 U
12 0 9 6 R
12 1 1 1 L
12 2 16 10 R
12 3 4 9 R
12 4 3 4 L
12 5 4 5 L
12 6 10 17 U
12 7 11 1 L
12 8 9 18 U
12 9 6 9 R
12 10 6 10 R
12 11 10 12 D
12 12 0 0 L
12 13 4 17 U
12 14 1 1 L
12 15 13 15 D
12 17 0 0 L
12 18 0 14 D
12 19 15 9 R
12 20 8 20 U
12 21 8 5 L
13 0 0 13 D
13 1 11 17 U
13 2 10 17 U
13 3 0 12 D
13 4 2 10 R
13 5 15 12 D
13 6 12 15 D
13 7 1 7 R
13 8 8 20 U
13 9 0 2 L
13 10 8 18 U
13 11 7 11 R
13 12 10 11 R
13 13 14 13 D
13 14 0 7 R
13 16 3 3 L
13 17 10 4 L
13 18 12 13 D
13 19 6 10 R
13 20 0 6 R
13 21 12 2 L
14 0 2 17 U
14 1 8 17 U
14 2 13 16 D
14 3 4 19 U
14 4 4 4 L
14 6 0 17 U
14 7 2 21 U
14 8 8 8 R
14 9 1 16 D
14 10 2 10 R
14 11 1 11 R
14 12 8 9 R
14 13 5 13 D
14 14 12 5 L
14 15 2 3 L
14 16 11 16 D
14 17 9 0 L
14 18 0 1 L
14 19 11 10 R
14 20 11 20 U
14 21 6 21 U
15 0 9 14 D
15 1 16 14 D
15 2 5 15 D
15 3 1 3 L
15 4 3 4 L
15 5 16 5 L
15 6 14 16 D
15 7 11 14 D
15 8 4 12 D
15 12 4 11 R
15 13 11 13 D
15 14 0 2 L
15 16 0 21 U
15 17 6 2 L
15 18 8 2 L
15 19 11 4 L
15 20 2 20 U
15 21 8 21 U
16 0 12 10 R
16 2 15 11 R
16 3 11 8 R
16 4 8 4 L
16 6 0 1 L
16 7 17 7 R
16 8 18 17 U
16 12 7 18 U
16 13 3 2 L
16 16 0 19 U
16 17 15 7 R
16 18 1 18 U
16 20 8 1 L
16 21 1 21 U
17 0 16 0 L
17 1 4 12 D
17 2 1 14 D
17 4 0 6 R
17 7 3 15 D
17 13 0 8 R
17 14 0 8 R
17 20 12 20 U
18 4 14 19 U
18 13 12 0 L
18 15 4 9 R
19 4 2 20 U
19 13 8 5 L

