35 27 821
17 0 31 0 11 0 33 0 30 0 24 21 22 29
11 5 24 26 32 15 0 24 30 11 30 0 0 0
29 0 0 0 1 20 0 5 31 12 0 0 0 0
30 30 0 31 5 29 0 33 32 0 31 0 30 3
23 16 8 0 0 31 30 27 31 19 0 0 0 22
6 0 1 0 13 28 0 0 0 0 16 0 21 16
26 0 0 0 9 0 26 14 10 12 29 27 0 0
25 0 34 30 32 29 28 0 3 25 12 14 0 21
23 6 21 0 26 0 0 0 28 0 0 18 0 0
23 0 0 29 17 18 0 24 0 0 0 0 0 0
0 0 12 28 0 0 0 0 0 0 0 0 25 25
24 15 0 27 0 25 0 13 0 0 0 23 0 0
9 0 19 0 28 24 31 0 34 0 12 10 0 19
19 9 14 20 25 9 0 9 9 28 0 21 32 26
0 0 0 0 D
0 1 0 1 D
0 2 0 2 D
0 3 0 3 D
0 4 0 4 D
0 5 0 5 D
0 6 0 6 D
0 7 0 7 R
0 8 0 8 R
0 9 0 9 R
0 10 0 10 R
0 11 0 11 R
0 12 0 12 R
0 13 0 13 R
0 14 0 14 U
0 15 0 15 U
0 16 0 16 U
0 17 0 17 U
0 18 0 18 U
0 19 0 19 U
0 20 0 20 U
0 21 0 21 L
0 22 0 22 L
0 23 0 23 L
0 24 0 24 L
0 25 0 25 L
0 26 0 26 L
1 0 6 8 R
1 1 7 7 R
1 2 4 7 R
1 3 4 9 R
1 4 0 23 L
1 5 2 5 D
1 6 7 6 D
1 7 0 21 L
1 8 0 14 U
1 9 23 9 R
1 10 12 10 R
1 11 11 11 R
1 12 11 12 R
1 13 19 2 D
1 14 3 14 U
1 15 3 22 L
1 16 25 16 U
1 17 31 17 U
1 18 4 18 U
1 19 3 19 U
1 20 3 20 U
1 21 0 1 D
1 22 18 18 U
1 23 3 23 L
1 24 28 5 D
1 25 7 25 L
1 26 15 26 L
2 0 4 7 R
2 1 4 9 R
2 2 9 15 U
2 3 5 3 D
2 4 8 4 D
2 5 23 8 R
2 6 4 9 R
2 7 26 1 D
2 8 1 15 U
2 9 12 18 U
2 10 14 10 R
2 11 19 4 D
2 12 16 12 R
2 13 23 13 R
2 14 0 21 L
2 15 15 22 L
2 16 7 7 R
2 17 6 10 R
2 18 29 18 U
2 19 4 19 U
2 20 28 6 D
2 21 13 17 U
2 22 17 14 U
2 23 1 0 D
2 24 4 18 U
2 25 5 20 U
2 26 8 19 U
3 0 0 7 R
3 1 0 14 U
3 2 20 2 D
3 3 1 3 D
3 4 22 8 R
3 5 4 5 D
3 6 6 6 D
3 7 0 22 L
3 8 9 19 U
3 9 2 18 U
3 10 17 14 U
3 11 4 11 R
3 12 16 12 R
3 13 10 5 D
3 14 11 26 L
3 15 14 15 U
3 16 13 8 R
3 17 2 17 U
3 18 4 18 U
3 19 1 19 U
3 20 7 23 L
3 21 20 2 D
3 22 1 22 L
3 23 22 23 L
3 24 0 6 D
3 25 2 20 U
3 26 13 12 R
4 0 1 0 D
4 1 0 17 U
4 2 13 21 L
4 3 1 3 D
4 4 2 4 D
4 5 1 5 D
4 6 0 19 U
4 7 18 3 D
4 8 17 2 D
4 9 9 15 U
4 10 0 21 L
4 11 6 11 R
4 12 30 20 U
4 14 15 11 R
4 15 9 13 R
4 16 6 9 R
4 17 7 17 U
4 18 1 18 U
4 19 5 19 U
4 20 7 20 U
4 21 7 21 L
4 22 3 14 U
4 23 23 15 U
4 24 0 12 R
4 25 19 0 D
4 26 6 0 D
5 0 0 26 L
5 1 3 16 U
5 2 0 15 U
5 3 6 3 D
5 4 0 24 L
5 5 25 19 U
5 6 2 6 D
5 7 0 15 U
5 8 0 0 D
5 9 0 2 D
5 10 26 2 D
5 11 19 15 U
5 12 29 5 D
5 13 22 19 U
5 14 10 12 R
5 15 27 11 R
5 16 7 16 U
5 17 12 7 R
5 18 20 18 U
5 19 2 19 U
5 20 10 8 R
5 21 13 18 U
5 22 0 16 U
5 23 0 19 U
5 24 3 4 D
5 25 10 2 D
5 26 16 15 U
6 0 14 11 R
6 1 8 8 R
6 2 3 2 D
6 3 0 9 R
6 4 1 18 U
6 5 5 9 R
6 6 5 6 D
6 7 15 2 D
6 8 3 16 U
6 9 13 16 U
6 10 7 17 U
6 11 16 11 R
6 12 25 17 U
6 14 0 0 D
6 15 17 8 R
6 16 1 8 R
6 17 0 2 D
6 18 10 10 R
6 19 0 11 R
6 20 10 20 U
6 21 0 20 U
6 22 11 15 U
6 23 2 16 U
6 24 22 3 D
6 25 14 25 L
6 26 5 2 D
7 0 18 7 R
7 1 9 7 R
7 2 6 25 L
7 3 0 8 R
7 4 4 4 D
7 5 4 5 D
7 6 25 15 U
7 7 16 17 U
7 8 19 8 R
7 9 1 9 R
7 10 14 16 U
7 11 16 11 R
7 12 2 5 D
7 13 27 0 D
7 14 10 22 L
7 15 19 23 L
7 16 2 16 U
7 17 0 22 L
7 18 18 10 R
7 19 3 19 U
7 20 1 20 U
7 21 4 18 U
7 22 0 0 D
7 23 4 17 U
7 24 3 17 U
7 25 19 16 U
7 26 10 26 L
8 0 30 23 L
8 1 19 25 L
8 2 22 2 D
8 3 20 3 D
8 4 5 15 U
8 5 24 22 L
8 6 4 6 D
8 7 1 18 U
8 8 14 0 D
8 9 25 14 U
8 10 6 15 U
8 11 21 11 R
8 12 20 12 R
8 14 2 23 L
8 15 11 8 R
8 16 22 16 U
8 17 5 17 U
8 18 6 8 R
8 19 1 19 U
8 20 14 8 R
8 21 23 16 U
8 22 25 19 U
8 23 5 17 U
8 24 1 4 D
8 25 6 8 R
8 26 11 26 L
9 0 4 21 L
9 1 3 1 D
9 2 23 8 R
9 3 24 12 R
9 4 5 4 D
9 5 27 5 D
9 6 1 26 L
9 7 17 20 U
9 8 2 2 D
9 9 14 9 R
9 10 1 10 R
9 11 19 11 R
9 12 21 12 R
9 14 6 1 D
9 15 14 12 R
9 16 7 16 U
9 17 16 11 R
9 18 17 24 L
9 19 8 24 L
9 20 0 12 R
9 21 0 14 U
9 22 12 22 L
9 23 0 3 D
9 24 17 24 L
9 25 17 1 D
9 26 13 26 L
10 0 19 25 L
10 1 23 18 U
10 2 8 10 R
10 3 5 3 D
10 4 5 26 L
10 5 6 5 D
10 6 3 11 R
10 7 9 15 U
10 8 2 15 U
10 9 20 4 D
10 10 27 15 U
10 11 29 1 D
10 12 12 26 L
10 14 23 7 R
10 15 2 1 D
10 16 14 21 L
10 17 11 8 R
10 18 17 12 R
10 19 22 10 R
10 20 5 20 U
10 21 1 1 D
10 22 20 5 D
10 23 28 3 D
10 24 6 4 D
10 25 30 5 D
10 26 5 3 D
11 0 1 17 U
11 1 3 1 D
11 2 24 9 R
11 3 16 21 L
11 4 6 16 U
11 5 4 5 D
11 6 6 7 R
11 7 2 15 U
11 8 15 4 D
11 9 3 9 R
11 10 15 10 R
11 11 1 11 R
11 12 16 12 R
11 14 1 14 U
11 15 0 8 R
11 16 19 9 R
11 17 8 17 U
11 18 0 11 R
11 19 28 26 L
11 20 0 9 R
11 21 13 1 D
11 22 13 3 D
11 23 15 4 D
11 24 18 1 D
11 25 4 1 D
11 26 9 26 L
12 0 1 10 R
12 1 7 22 L
12 2 28 26 L
12 3 19 23 L
12 4 22 4 D
12 5 13 21 L
12 6 5 21 L
12 7 13 18 U
12 8 13 8 R
12 9 16 9 R
12 10 13 10 R
12 11 6 11 R
12 12 7 12 R
12 14 7 24 L
12 15 30 0 D
12 16 2 8 R
12 17 27 10 R
12 18 2 18 U
12 19 0 5 D
12 20 11 12 R
12 21 7 21 L
12 22 13 22 L
12 23 4 23 L
12 24 11 24 L
12 25 9 5 D
12 26 13 26 L
13 0 16 21 L
13 1 18 23 L
13 2 9 7 R
13 3 21 26 L
13 4 22 10 R
13 5 22 25 L
13 6 2 19 U
13 7 0 20 U
13 8 16 16 U
13 9 9 9 R
13 10 1 10 R
13 11 16 11 R
13 12 19 3 D
13 13 1 13 R
13 14 1 7 R
13 15 14 7 R
13 16 11 7 R
13 17 25 12 R
13 18 7 7 R
13 19 16 11 R
13 20 29 25 L
13 21 29 18 U
13 22 1 22 L
13 23 0 2 D
13 24 5 1 D
13 25 1 18 U
13 26 7 3 D
14 0 0 21 L
14 1 4 16 U
14 2 8 8 R
14 3 0 22 L
14 4 0 16 U
14 5 5 5 D
14 6 6 6 D
14 7 20 14 U
14 8 24 1 D
14 9 0 23 L
14 10 3 0 D
14 11 23 0 D
14 12 7 12 R
14 13 5 13 R
14 14 13 9 R
14 15 30 26 L
14 16 0 7 R
14 17 22 17 U
14 18 18 23 L
14 19 26 2 D
14 20 0 24 L
14 21 23 17 U
14 22 21 22 L
14 23 13 2 D
14 24 1 24 L
14 25 19 20 U
14 26 22 26 L
15 0 1 9 R
15 1 1 25 L
15 2 14 23 L
15 3 14 3 D
15 4 12 23 L
15 5 2 10 R
15 6 0 20 U
15 7 5 21 L
15 8 0 16 U
15 9 0 3 D
15 10 23 18 U
15 11 0 19 U
15 12 12 12 R
15 14 17 21 L
15 15 0 10 R
15 16 9 10 R
15 17 1 8 R
15 18 22 13 R
15 19 27 25 L
15 20 12 9 R
15 21 9 21 L
15 22 1 22 L
15 23 1 23 L
15 24 13 24 L
15 25 3 6 D
15 26 1 26 L
16 0 27 23 L
16 1 11 24 L
16 2 18 14 U
16 3 5 23 L
16 4 28 22 L
16 5 0 14 U
16 6 14 6 D
16 7 20 16 U
16 8 29 6 D
16 9 12 9 R
16 10 9 10 R
16 11 6 11 R
16 12 1 12 R
16 13 11 13 R
16 14 6 7 R
16 15 17 10 R
16 16 21 7 R
16 17 8 24 L
16 18 32 24 L
16 19 11 11 R
16 20 20 20 U
16 21 8 14 U
16 22 9 2 D
16 23 28 0 D
16 24 2 24 L
16 25 17 25 L
16 26 29 26 L
17 0 24 22 L
17 1 21 1 D
17 2 6 9 R
17 3 4 3 D
17 4 1 4 D
17 5 16 5 D
17 6 10 20 U
17 7 18 6 D
17 8 16 8 R
17 9 2 1 D
17 10 9 5 D
17 11 24 1 D
17 12 2 4 D
17 13 11 13 R
17 14 14 21 L
17 15 15 21 L
17 16 16 8 R
17 17 30 11 R
17 18 23 11 R
17 19 8 22 L
17 20 3 20 U
17 21 3 16 U
17 22 11 22 L
17 23 18 11 R
17 24 23 0 D
17 25 21 14 U
17 26 9 6 D
18 0 19 13 R
18 1 1 1 D
18 2 14 2 D
18 3 0 7 R
18 4 15 17 U
18 5 20 5 D
18 6 15 6 D
18 7 7 0 D
18 8 27 5 D
18 9 7 2 D
18 10 6 17 U
18 11 29 2 D
18 12 14 25 L
18 14 26 21 L
18 15 9 1 D
18 16 19 16 U
18 17 20 8 R
18 18 10 18 U
18 19 6 19 U
18 20 24 20 U
18 21 6 20 U
18 22 23 10 R
18 23 16 0 D
18 24 25 15 U
18 25 14 19 U
18 26 22 12 R
19 0 24 10 R
19 1 14 21 L
19 2 2 2 D
19 3 15 23 L
19 4 20 4 D
19 5 0 7 R
19 6 16 14 U
19 7 12 0 D
19 8 11 20 U
19 9 16 9 R
19 10 12 24 L
19 11 29 11 R
19 12 0 18 U
19 14 25 14 U
19 15 18 24 L
19 16 25 0 D
19 17 16 22 L
19 18 12 10 R
19 19 26 12 R
19 20 25 22 L
19 21 16 4 D
19 22 17 1 D
19 23 1 23 L
19 24 28 10 R
19 25 2 25 L
19 26 22 4 D
20 0 22 9 R
20 1 21 1 D
20 2 22 11 R
20 3 18 3 D
20 4 33 4 D
20 5 8 5 D
20 6 1 6 D
20 7 25 7 R
20 8 21 8 R
20 9 12 20 U
20 10 17 24 L
20 11 1 11 R
20 12 4 12 R
20 14 4 21 L
20 15 7 8 R
20 16 18 16 U
20 17 9 9 R
20 18 2 18 U
20 19 16 10 R
20 20 3 20 U
20 21 0 9 R
20 22 12 3 D
20 23 3 23 L
20 24 22 24 L
20 25 8 13 R
20 26 11 26 L
21 0 4 23 L
21 1 1 22 L
21 2 4 2 D
21 3 23 25 L
21 4 7 4 D
21 5 6 5 D
21 6 0 18 U
21 7 4 14 U
21 8 15 14 U
21 9 12 9 R
21 10 14 6 D
21 11 0 25 L
21 12 20 12 R
21 15 9 15 U
21 16 27 16 U
21 17 7 17 U
21 18 8 18 U
21 19 0 25 L
21 20 5 24 L
21 21 10 0 D
21 22 8 22 L
21 23 14 18 U
21 24 1 3 D
21 25 13 25 L
21 26 20 16 U
22 0 6 7 R
22 1 23 1 D
22 2 3 2 D
22 3 10 18 U
22 4 5 4 D
22 5 19 24 L
22 6 1 6 D
22 7 1 14 U
22 8 12 15 U
22 9 8 9 R
22 10 16 10 R
22 11 25 19 U
22 12 29 0 D
22 15 0 9 R
22 16 2 16 U
22 17 26 17 U
22 18 20 9 R
22 19 9 13 R
22 20 2 20 U
22 21 17 19 U
22 22 0 18 U
22 23 5 4 D
22 24 26 18 U
22 25 2 16 U
22 26 11 19 U
23 0 2 9 R
23 1 3 1 D
23 2 0 11 R
23 3 4 3 D
23 4 13 7 R
23 5 18 20 U
23 6 0 12 R
23 7 5 7 R
23 8 8 14 U
23 9 25 15 U
23 10 6 10 R
23 11 20 17 U
23 12 16 12 R
23 14 6 14 U
23 15 21 15 U
23 16 18 22 L
23 17 20 24 L
23 18 10 11 R
23 19 4 19 U
23 20 8 20 U
23 21 22 14 U
23 22 12 4 D
23 23 8 23 L
23 24 16 24 L
23 25 4 6 D
23 26 20 1 D
24 0 26 8 R
24 1 18 10 R
24 2 32 2 D
24 3 22 7 R
24 4 18 26 L
24 5 0 10 R
24 6 14 6 D
24 7 15 16 U
24 8 9 21 L
24 9 11 3 D
24 10 1 10 R
24 11 15 23 L
24 12 30 12 R
24 14 0 22 L
24 15 11 21 L
24 16 20 11 R
24 17 27 25 L
24 18 22 18 U
24 19 2 19 U
24 20 3 20 U
24 21 8 21 L
24 22 1 22 L
24 23 5 1 D
24 24 3 24 L
24 25 19 1 D
24 26 18 3 D
25 0 26 14 U
25 1 8 1 D
25 2 1 12 R
25 3 24 22 L
25 4 4 16 U
25 5 9 5 D
25 6 28 6 D
25 7 2 14 U
25 8 23 25 L
25 9 14 1 D
25 10 9 19 U
25 11 7 3 D
25 12 15 6 D
25 15 17 15 U
25 16 17 25 L
25 17 14 7 R
25 18 20 18 U
25 19 12 19 U
25 20 30 11 R
25 21 26 14 U
25 22 13 4 D
25 23 20 17 U
25 24 16 6 D
25 25 13 4 D
25 26 15 17 U
26 0 8 17 U
26 1 2 7 R
26 2 22 10 R
26 3 9 11 R
26 4 5 4 D
26 5 3 18 U
26 6 3 6 D
26 7 13 21 L
26 8 25 0 D
26 9 17 4 D
26 10 25 1 D
26 11 1 11 R
26 12 14 12 R
26 14 5 0 D
26 15 3 25 L
26 16 2 22 L
26 17 6 23 L
26 18 11 8 R
26 19 3 19 U
26 20 17 24 L
26 21 23 15 U
26 22 22 15 U
26 23 32 20 U
26 24 12 2 D
26 25 2 25 L
26 26 16 4 D
27 0 25 14 U
27 1 6 14 U
27 2 7 12 R
27 3 7 20 U
27 4 26 11 R
27 5 20 20 U
27 8 29 4 D
27 9 15 3 D
27 10 26 0 D
27 11 15 3 D
27 12 26 2 D
27 14 6 21 L
27 15 0 26 L
27 16 11 26 L
27 17 25 26 L
27 18 7 26 L
27 19 28 19 U
27 20 2 20 U
27 21 26 21 L
27 22 13 5 D
27 24 33 24 L
27 26 11 3 D
28 0 33 21 L
28 1 1 1 D
28 2 23 24 L
28 3 23 20 U
28 4 4 18 U
28 5 18 5 D
28 7 19 0 D
28 8 20 17 U
28 9 1 9 R
28 10 24 4 D
28 11 27 3 D
28 12 10 6 D
28 14 9 23 L
28 15 27 8 R
28 16 11 11 R
28 17 23 23 L
28 18 4 7 R
28 19 11 9 R
28 20 29 20 U
28 21 18 16 U
28 22 7 22 L
28 23 0 17 U
28 24 1 24 L
28 25 3 15 U
28 26 2 26 L
29 0 30 0 D
29 1 28 7 R
29 2 18 12 R
29 3 18 8 R
29 4 4 24 L
29 5 18 5 D
29 8 15 2 D
29 9 11 9 R
29 10 19 3 D
29 11 15 11 R
29 12 21 6 D
29 14 26 25 L
29 15 11 24 L
29 16 1 25 L
29 18 18 2 D
29 19 20 8 R
29 20 28 7 R
29 21 9 17 U
29 22 33 14 U
29 24 23 4 D
29 25 2 25 L
30 0 4 15 U
30 1 16 26 L
30 2 6 2 D
30 3 17 25 L
30 4 8 4 D
30 5 6 5 D
30 9 19 5 D
30 10 8 3 D
30 11 28 16 U
30 12 1 12 R
30 14 16 9 R
30 15 24 21 L
30 16 0 3 D
30 18 8 18 U
30 19 20 19 U
30 20 28 3 D
30 21 7 17 U
30 22 19 5 D
30 24 28 4 D
31 0 13 0 D
31 1 25 1 D
31 3 27 10 R
31 4 22 4 D
31 9 15 19 U
31 10 12 10 R
31 16 2 16 U
31 18 27 23 L
31 21 29 5 D
31 22 18 0 D
32 1 26 7 R
32 3 28 11 R
32 9 13 9 R
32 10 27 10 R
32 16 31 10 R
32 18 8 25 L
32 22 7 16 U
33 1 31 22 L
33 3 25 3 D
33 9 11 9 R
33 10 21 18 U
33 16 22 12 R
33 22 23 22 L
34 1 16 8 R
34 10 9 17 U

