10 9 72
0 0 0 0 0 0 0 0 0 0 0 0 0 0
0 0 0 4 0 0 0 0 0 0 0 0 0 1
0 4 0 0 0 0 0 1 0 0 0 0 0 0
0 0 0 0 0 0 0 0 0 0 0 7 0 0
0 4 0 2 0 0 0 2 0 5 0 0 0 0
0 0 0 0 0 4 0 0 2 0 6 0 0 0
0 0 0 0 0 0 0 0 0 0 0 0 3 0
0 0 4 0 0 0 0 0 0 0 2 0 0 0
0 0 0 0 0 0 0 4 0 4 0 0 6 0
0 0 0 0 5 0 0 0 0 1 0 0 0 0
0 0 1 0 0 0 0 0 8 5 0 8 0 0
0 3 0 7 0 3 0 0 0 4 0 0 0 0
2 0 0 0 6 0 0 0 0 9 1 2 5 0
6 0 0 0 0 0 0 0 0 0 0 0 0 0
0 0 0 0 L
0 1 0 1 L
0 2 0 2 R
0 3 0 3 R
0 4 0 4 D
0 5 0 5 D
0 6 0 6 D
0 7 0 7 U
0 8 0 8 U
1 0 2 8 U
1 1 3 1 L
1 2 2 7 U
1 3 0 1 L
1 4 0 3 R
1 5 7 0 L
1 6 5 1 L
1 7 4 0 L
1 8 0 0 L
2 0 3 0 L
2 1 5 4 D
2 2 1 2 R
2 3 4 3 R
2 4 5 3 R
2 5 6 1 L
2 6 1 6 D
2 7 8 1 L
2 8 1 8 U
3 0 0 7 U
3 1 0 8 U
3 2 4 8 U
3 3 1 7 U
3 4 0 2 R
3 5 1 1 L
3 6 5 2 R
3 7 6 2 R
3 8 0 4 D
4 0 0 4 D
4 1 2 1 L
4 2 2 4 D
4 3 0 6 D
4 4 0 1 L
4 5 1 5 D
4 6 3 3 R
4 7 3 3 R
4 8 2 3 R
5 0 0 3 R
5 1 3 7 U
5 2 7 8 U
5 3 7 5 D
5 4 3 1 L
5 5 6 0 L
5 6 3 6 D
5 7 0 2 R
5 8 0 5 D
6 0 3 5 D
6 1 0 2 R
6 2 0 8 U
6 3 5 8 U
6 4 0 7 U
6 7 2 7 U
6 8 4 0 L
7 0 1 3 R
7 1 8 8 U
7 2 0 5 D
7 3 6 4 D
7 4 2 0 L
7 7 3 6 D
8 2 0 4 D
8 3 0 7 U
8 4 5 2 R
8 7 5 7 U
9 4 7 3 R

