26 25 565
2 24 0 25 19 0 0 3 0 0 0 0 17 0 0 18 18
0 0 12 12 0 21 0 0 0 0 0 0 2 21 8 9 9
0 0 0 0 0 0 5 3 0 0 0 9 0 0 0 0 0
0 0 0 0 0 3 20 8 0 0 0 0 22 0 0 0 0
0 0 0 0 0 0 0 0 2 0 0 10 0 0 0 0 0
0 0 0 0 0 11 0 0 0 0 17 5 0 0 0 20 6
19 15 0 0 0 20 17 18 0 19 0 5 0 0 0 0 0
0 0 0 0 3 0 0 6 11 0 0 21 0 0 0 0 0
0 0 0 0 9 4 12 0 12 13 0 5 0 0 0 0 0
0 0 0 0 0 7 0 10 0 0 21 16 0 6 8 22 0
0 0 0 0 0 0 0 0 15 0 14 0 17 0 24 0 0
0 0 0 0 0 9 21 0 23 0 0 0 0 1 14 19 0
0 0 0 0 0 22 0 0 0 23 12 0 0 0 4 15 0
0 0 0 0 4 0 0 0 2 0 0 11 17 0 15 17 0
20 0 12 15 20 0 2 0 0 12 0 0 0 24 11 14 0
0 0 18 21 0 23 0 0 3 22 0 19 0 0 0 0 0
3 6 0 0 0 7 0 23 0 21 18 0 0 11 19 7 17
0 0 0 0 R
0 1 0 1 R
0 2 0 2 R
0 3 0 3 R
0 4 0 4 R
0 5 0 5 R
0 6 0 6 U
0 7 0 7 U
0 8 0 8 U
0 9 0 9 U
0 10 0 10 U
0 11 0 11 U
0 12 0 12 D
0 13 0 13 D
0 14 0 14 D
0 15 0 15 D
0 16 0 16 D
0 17 0 17 D
0 18 0 18 L
0 19 0 19 L
0 20 0 20 L
0 21 0 21 L
0 22 0 22 L
0 23 0 23 L
0 24 0 24 L
1 0 15 10 U
1 1 12 6 U
1 2 2 2 R
1 3 4 3 R
1 4 5 4 R
1 5 7 5 R
1 6 15 0 R
1 7 10 4 R
1 8 9 8 U
1 9 2 2 R
1 10 7 2 R
1 11 6 5 R
1 12 0 3 R
1 13 17 5 R
1 14 2 2 R
1 15 22 3 R
1 16 17 22 L
1 17 16 22 L
1 18 20 12 D
1 19 4 10 U
1 20 15 16 D
1 21 7 7 U
1 22 23 22 L
1 23 2 23 L
1 24 10 7 U
2 0 8 0 R
2 1 3 1 R
2 2 8 2 R
2 3 3 3 R
2 4 1 4 R
2 5 5 5 R
2 6 13 0 R
2 7 4 2 R
2 8 16 3 R
2 9 20 0 R
2 10 0 14 D
2 11 6 0 R
2 12 6 6 U
2 13 7 21 L
2 14 19 18 L
2 15 7 19 L
2 16 16 4 R
2 17 4 17 D
2 18 4 6 U
2 19 8 13 D
2 20 13 15 D
2 21 1 16 D
2 22 13 14 D
2 23 1 9 U
2 24 6 24 L
3 0 11 16 D
3 1 11 16 D
3 2 14 17 D
3 3 2 10 U
3 4 0 16 D
3 5 6 5 R
3 6 16 24 L
3 7 0 15 D
3 8 5 23 L
3 9 0 17 D
3 10 4 21 L
3 11 4 11 U
3 12 0 6 U
3 13 17 1 R
3 14 6 0 R
3 15 9 20 L
3 16 23 16 D
3 17 16 0 R
3 18 4 12 D
3 19 4 8 U
3 20 10 10 U
3 21 18 21 L
3 22 21 6 U
3 23 1 23 L
3 24 6 24 L
4 0 16 14 D
4 1 5 13 D
4 2 8 15 D
4 3 6 14 D
4 4 15 13 D
4 5 7 16 D
4 6 9 3 R
4 7 2 12 D
4 8 2 8 U
4 9 13 3 R
4 10 16 1 R
4 11 9 11 U
4 12 13 12 D
4 13 20 1 R
4 14 16 0 R
4 15 0 20 L
4 16 11 5 R
4 17 16 24 L
4 18 1 6 U
4 19 1 19 L
4 20 0 8 U
4 21 0 7 U
4 22 0 2 R
4 23 14 23 L
4 24 0 17 D
5 0 18 6 U
5 1 13 16 D
5 2 2 2 R
5 3 10 8 U
5 4 7 16 D
5 5 16 12 D
5 6 0 4 R
5 7 12 18 L
5 8 16 20 L
5 9 0 24 L
5 10 2 0 R
5 11 9 20 L
5 12 15 3 R
5 13 11 13 D
5 14 6 5 R
5 15 16 2 R
5 16 9 16 D
5 17 14 0 R
5 18 10 12 D
5 19 13 14 D
5 20 18 13 D
5 21 2 21 L
5 22 20 8 U
5 23 11 12 D
5 24 12 24 L
6 0 18 13 D
6 1 0 14 D
6 2 16 8 U
6 3 21 15 D
6 4 9 4 R
6 5 21 13 D
6 6 5 23 L
6 7 13 18 L
6 8 13 19 L
6 9 15 9 U
6 10 18 20 L
6 11 2 11 U
6 12 13 23 L
6 13 20 19 L
6 14 9 14 D
6 15 8 8 U
6 16 11 16 D
6 17 12 3 R
6 18 8 9 U
6 19 0 9 U
6 20 1 16 D
6 21 1 9 U
6 22 12 22 L
6 23 19 23 L
6 24 8 12 D
7 0 11 9 U
7 1 17 8 U
7 2 19 7 U
7 3 20 6 U
7 4 14 8 U
7 6 0 3 R
7 7 8 18 L
7 8 21 21 L
7 9 10 21 L
7 10 3 22 L
7 11 16 2 R
7 12 19 4 R
7 13 9 7 U
7 14 5 22 L
7 15 21 0 R
7 16 23 19 L
7 17 0 4 R
7 18 0 13 D
7 19 21 6 U
7 20 12 20 L
7 21 12 21 L
7 22 2 22 L
7 23 1 23 L
7 24 22 24 L
8 0 5 15 D
8 1 16 14 D
8 2 6 9 U
8 3 16 16 D
8 4 21 16 D
8 5 3 15 D
8 6 10 1 R
8 7 0 20 L
8 8 6 18 L
8 9 12 5 R
8 10 3 10 U
8 11 7 1 R
8 12 2 6 U
8 13 12 11 U
8 14 7 0 R
8 15 20 15 D
8 16 11 16 D
8 17 11 20 L
8 18 1 18 L
8 19 12 19 L
8 20 10 8 U
8 21 0 10 U
8 22 21 22 L
8 23 1 23 L
8 24 2 24 L
9 0 7 13 D
9 1 7 15 D
9 2 11 10 U
9 3 23 12 D
9 4 4 17 D
9 6 0 12 D
9 7 5 7 U
9 8 4 22 L
9 9 15 9 U
9 10 12 10 U
9 11 0 2 R
9 12 0 18 L
9 13 17 0 R
9 14 11 20 L
9 15 4 1 R
9 16 18 2 R
9 17 3 17 D
9 18 2 12 D
9 19 7 16 D
9 20 14 15 D
9 21 7 17 D
9 22 1 22 L
9 23 1 23 L
9 24 5 24 L
10 0 16 12 D
10 1 8 15 D
10 2 7 13 D
10 3 14 17 D
10 4 24 14 D
10 6 5 0 R
10 7 9 7 U
10 8 4 8 U
10 9 15 9 U
10 10 22 10 U
10 11 0 17 D
10 12 4 1 R
10 13 4 13 D
10 14 0 19 L
10 15 17 1 R
10 16 15 3 R
10 17 4 17 D
10 18 20 17 D
10 19 9 10 U
10 20 2 14 D
10 21 6 21 L
10 22 4 12 D
10 23 5 12 D
10 24 7 6 U
11 0 1 11 U
11 1 0 21 L
11 2 16 9 U
11 3 13 17 D
11 4 1 9 U
11 6 0 5 R
11 7 10 22 L
11 8 5 3 R
11 9 22 14 D
11 10 6 10 U
11 11 13 11 U
11 12 1 0 R
11 13 18 18 L
11 14 14 19 L
11 15 9 11 U
11 16 3 21 L
11 17 21 18 L
11 18 24 18 L
11 19 2 19 L
11 20 13 20 L
11 21 17 21 L
11 22 2 22 L
11 23 17 7 U
11 24 2 24 L
12 0 19 15 D
12 1 13 1 R
12 2 16 2 R
12 3 11 3 R
12 4 19 4 R
12 5 10 5 R
12 6 19 20 L
12 7 0 1 R
12 8 7 8 U
12 9 6 9 U
12 10 2 5 R
12 11 18 11 U
12 12 1 24 L
12 13 14 10 U
12 14 17 14 D
12 15 14 15 D
12 16 14 11 U
12 17 4 17 D
12 18 0 15 D
12 19 3 9 U
12 20 9 17 D
12 21 22 14 D
12 23 24 17 D
12 24 22 24 L
13 0 3 12 D
13 1 7 12 D
13 2 16 12 D
13 3 1 3 R
13 4 2 7 U
13 5 15 16 D
13 6 3 6 U
13 7 1 0 R
13 8 1 0 R
13 9 1 1 R
13 10 9 10 U
13 11 5 0 R
13 12 9 20 L
13 13 12 13 D
13 14 0 7 U
13 15 0 9 U
13 16 9 21 L
13 17 17 19 L
13 18 0 12 D
13 19 1 14 D
13 20 2 20 L
13 21 12 21 L
13 23 1 23 L
13 24 20 8 U
14 0 6 17 D
14 1 17 7 U
14 2 9 9 U
14 3 12 7 U
14 4 7 4 R
14 5 16 5 R
14 6 13 19 L
14 7 8 7 U
14 8 6 19 L
14 9 9 19 L
14 10 6 10 U
14 11 6 11 U
14 12 7 12 D
14 13 0 8 U
14 14 3 8 U
14 15 4 15 D
14 16 0 11 U
14 17 1 17 D
14 18 11 15 D
14 19 0 1 R
14 20 19 6 U
14 21 4 11 U
14 22 8 11 U
14 23 17 23 L
15 0 17 7 U
15 1 11 12 D
15 2 2 10 U
15 3 1 3 R
15 4 18 11 U
15 5 10 10 U
15 6 9 1 R
15 7 4 18 L
15 8 9 8 U
15 9 9 22 L
15 10 8 23 L
15 11 9 11 U
15 12 0 21 L
15 13 0 0 R
15 14 16 1 R
15 15 12 15 D
15 16 3 16 D
15 17 10 17 D
15 18 3 9 U
15 19 9 6 U
15 20 20 16 D
15 21 13 16 D
15 23 13 4 R
15 24 2 2 R
16 0 0 12 D
16 1 15 16 D
16 2 17 17 D
16 3 0 17 D
16 4 19 14 D
16 6 3 19 L
16 7 13 24 L
16 8 9 18 L
16 9 4 20 L
16 10 9 3 R
16 11 4 22 L
16 12 21 18 L
16 13 15 23 L
16 14 7 21 L
16 15 18 2 R
16 16 15 10 U
16 17 19 17 D
16 18 4 13 D
16 19 2 19 L
16 20 10 7 U
16 21 1 8 U
16 22 7 9 U
16 23 2 23 L
16 24 12 24 L
17 0 0 11 U
17 1 22 21 L
17 2 5 6 U
17 3 2 3 R
17 4 4 4 R
17 5 11 5 R
17 6 4 24 L
17 7 14 7 U
17 8 9 8 U
17 9 6 9 U
17 10 0 16 D
17 11 5 23 L
17 12 15 19 L
17 13 13 6 U
17 14 1 18 L
17 15 16 4 R
17 16 0 21 L
17 17 10 5 R
17 18 11 6 U
17 19 5 7 U
17 20 0 4 R
17 21 22 6 U
17 22 8 9 U
17 23 6 23 L
18 0 9 6 U
18 1 14 15 D
18 2 20 14 D
18 3 8 9 U
18 4 17 4 R
18 5 7 17 D
18 6 15 18 L
18 7 0 18 L
18 8 13 20 L
18 9 7 17 D
18 10 19 1 R
18 11 12 2 R
18 12 16 3 R
18 13 12 8 U
18 14 9 14 D
18 15 0 1 R
18 16 15 18 L
18 17 0 0 R
18 18 20 10 U
18 19 13 12 D
18 20 0 14 D
18 21 12 21 L
18 22 6 15 D
19 0 13 6 U
19 1 16 6 U
19 2 17 7 U
19 3 0 10 U
19 4 11 4 R
19 5 14 5 R
19 6 21 19 L
19 7 4 23 L
19 8 20 8 U
19 9 6 21 L
19 10 10 18 L
19 11 14 19 L
19 12 3 12 D
19 13 6 13 D
19 14 9 14 D
19 15 1 18 L
19 16 21 16 D
19 17 21 1 R
19 18 18 7 U
19 19 0 0 R
19 20 0 3 R
19 21 12 21 L
19 22 18 8 U
19 23 23 6 U
20 0 16 10 U
20 1 0 7 U
20 2 8 16 D
20 3 15 18 L
20 4 0 9 U
20 6 0 0 R
20 7 13 13 D
20 8 18 2 R
20 9 5 16 D
20 10 5 1 R
20 11 12 11 U
20 12 10 2 R
20 13 24 9 U
20 14 14 9 U
20 15 11 3 R
20 16 19 20 L
20 17 8 18 L
20 18 19 2 R
20 19 12 13 D
20 20 14 11 U
21 0 2 6 U
21 1 2 9 U
21 2 16 13 D
21 3 23 3 R
21 4 15 15 D
21 5 6 15 D
21 6 25 22 L
21 7 14 20 L
21 8 18 1 R
21 9 16 24 L
21 11 0 13 D
21 13 6 23 L
21 14 9 14 D
21 15 17 3 R
21 16 9 16 D
21 17 24 8 U
21 19 5 8 U
21 20 10 20 L
21 21 0 11 U
22 0 6 7 U
22 1 0 15 D
22 2 12 2 R
22 3 14 13 D
22 4 8 4 R
22 7 16 3 R
22 8 5 4 R
22 9 12 1 R
22 11 1 11 U
22 12 15 4 R
22 14 11 14 D
22 16 15 1 R
22 17 19 4 R
22 19 4 6 U
22 24 7 7 U
23 0 0 8 U
23 1 13 6 U
23 2 13 14 D
23 3 11 3 R
23 4 20 7 U
23 6 18 12 D
23 7 22 19 L
23 9 12 9 U
23 10 2 16 D
23 12 16 4 R
23 14 11 19 L
23 16 11 4 R
23 17 0 10 U
23 19 1 6 U
24 1 0 8 U
24 3 5 3 R
24 7 15 5 R
24 9 16 23 L
24 10 18 4 R
24 16 0 7 U
24 17 20 7 U
24 19 3 19 L
25 3 7 13 D
25 19 19 19 L

