25 27 568
0 19 0 0 14 20 0 0 0 0 0 0 0 0 16
0 0 0 0 12 8 0 0 0 0 0 0 15 23 12
7 19 0 0 0 0 0 0 0 0 0 0 18 0 0
0 0 0 2 19 21 22 0 0 13 6 18 22 0 0
0 12 0 0 20 1 0 24 0 0 17 0 13 0 0
0 0 0 19 3 0 21 0 0 11 6 18 23 0 0
0 0 7 9 0 0 22 0 0 0 0 0 0 0 0
14 0 0 0 0 22 12 0 0 0 0 0 0 0 0
3 0 0 3 0 5 8 8 0 0 0 0 0 0 0
14 0 0 0 18 0 3 20 0 10 8 7 8 0 0
8 0 23 21 0 22 0 0 0 0 11 11 0 0 0
0 0 0 0 0 0 19 15 0 0 0 0 17 0 0
0 1 0 0 9 3 21 0 12 0 0 0 21 0 0
0 13 0 17 0 6 22 0 0 0 0 14 0 0 0
4 19 15 5 0 9 0 5 22 0 0 23 19 13 17
0 0 0 0 L
0 1 0 1 L
0 2 0 2 L
0 3 0 3 L
0 4 0 4 L
0 5 0 5 L
0 6 0 6 L
0 7 0 7 R
0 8 0 8 R
0 9 0 9 R
0 10 0 10 R
0 11 0 11 R
0 12 0 12 R
0 13 0 13 R
0 14 0 14 D
0 15 0 15 D
0 16 0 16 D
0 17 0 17 D
0 18 0 18 D
0 19 0 19 D
0 20 0 20 D
0 21 0 21 U
0 22 0 22 U
0 23 0 23 U
0 24 0 24 U
0 25 0 25 U
0 26 0 26 U
1 0 0 7 R
1 1 14 14 D
1 2 19 18 D
1 3 2 17 D
1 4 0 10 R
1 5 7 5 L
1 6 5 6 L
1 7 17 15 D
1 8 8 24 U
1 9 5 17 D
1 10 22 18 D
1 11 9 22 U
1 12 3 12 R
1 13 9 18 D
1 14 0 23 U
1 15 17 4 L
1 16 8 16 D
1 17 12 17 D
1 18 3 18 D
1 19 18 6 L
1 20 8 20 D
1 21 13 10 R
1 22 2 16 D
1 23 15 11 R
1 24 10 24 U
1 25 0 9 R
1 26 7 4 L
2 0 6 0 L
2 1 0 14 D
2 2 4 14 D
2 3 1 3 L
2 4 10 22 U
2 5 7 5 L
2 6 14 6 L
2 7 17 14 D
2 8 1 20 D
2 9 11 9 R
2 10 1 10 R
2 11 10 11 R
2 12 0 25 U
2 13 1 13 R
2 14 0 0 L
2 15 8 11 R
2 16 12 8 R
2 17 4 5 L
2 18 1 18 D
2 19 8 19 D
2 20 3 20 D
2 21 0 13 R
2 22 13 9 R
2 23 14 4 L
2 24 4 7 R
2 25 15 12 R
2 26 12 11 R
3 0 7 15 D
3 1 6 14 D
3 2 1 7 R
3 3 2 3 L
3 4 11 14 D
3 5 7 5 L
3 6 2 6 L
3 7 9 23 U
3 8 1 24 U
3 9 11 9 R
3 10 1 2 L
3 11 20 26 U
3 12 15 19 D
3 13 9 24 U
3 14 12 1 L
3 15 10 15 D
3 16 9 16 D
3 17 12 17 D
3 18 5 18 D
3 19 12 19 D
3 20 17 20 D
3 21 1 8 R
3 22 14 22 U
3 23 19 11 R
3 24 0 10 R
3 25 1 25 U
3 26 11 6 L
4 0 18 17 D
4 1 1 1 L
4 2 2 2 L
4 3 0 17 D
4 4 5 4 L
4 5 18 17 D
4 6 14 6 L
4 7 5 17 D
4 8 0 15 D
4 9 0 2 L
4 10 9 10 R
4 11 13 11 R
4 12 19 26 U
4 13 3 13 R
4 14 7 9 R
4 15 12 21 U
4 16 20 22 U
4 17 15 17 D
4 18 16 18 D
4 19 8 9 R
4 20 6 0 L
4 21 11 13 R
4 22 11 13 R
4 23 3 11 R
4 24 6 1 L
4 25 0 3 L
4 26 0 5 L
5 0 10 21 U
5 1 16 8 R
5 2 0 25 U
5 3 9 22 U
5 4 6 4 L
5 5 15 10 R
5 6 3 10 R
5 7 9 24 U
5 8 0 14 D
5 9 21 2 L
5 10 10 10 R
5 11 11 11 R
5 12 7 12 R
5 13 18 13 R
5 14 0 21 U
5 15 4 1 L
5 16 18 0 L
5 17 11 2 L
5 18 8 2 L
5 19 0 4 L
5 20 7 20 D
5 21 0 11 R
5 22 3 22 U
5 23 13 23 U
5 24 1 24 U
5 25 8 0 L
5 26 7 2 L
6 0 2 14 D
6 1 14 22 U
6 2 13 8 R
6 3 7 19 D
6 4 13 23 U
6 5 15 5 L
6 6 21 11 R
6 7 8 22 U
6 8 11 8 R
6 9 12 17 D
6 11 3 11 R
6 12 17 12 R
6 13 17 13 R
6 14 8 7 R
6 15 0 11 R
6 16 9 1 L
6 17 0 2 L
6 18 3 18 D
6 19 1 26 U
6 20 19 20 D
6 21 10 7 R
6 22 4 22 U
6 23 11 6 L
6 24 4 24 U
6 25 1 25 U
6 26 12 1 L
7 0 0 8 R
7 1 6 18 D
7 2 12 21 U
7 3 10 15 D
7 4 0 12 R
7 5 2 19 D
7 6 5 6 L
7 7 18 16 D
7 8 8 18 D
7 9 4 24 U
7 10 3 10 R
7 11 4 18 D
7 12 3 12 R
7 13 4 13 R
7 14 12 14 D
7 15 12 7 R
7 16 10 4 L
7 17 15 17 D
7 18 6 4 L
7 19 3 19 D
7 20 0 23 U
7 21 9 11 R
7 22 2 14 D
7 23 16 9 R
7 24 20 12 R
7 25 8 13 R
7 26 3 26 U
8 0 2 18 D
8 1 6 1 L
8 2 15 25 U
8 3 17 24 U
8 4 9 15 D
8 5 2 26 U
8 6 7 26 U
8 7 5 25 U
8 8 15 16 D
8 9 7 25 U
8 10 9 22 U
8 11 1 23 U
8 12 4 12 R
8 13 3 13 R
8 14 5 23 U
8 15 2 1 L
8 16 2 25 U
8 17 13 25 U
8 18 1 5 L
8 19 5 19 D
8 20 10 2 L
8 21 3 2 L
8 22 7 0 L
8 23 3 7 R
8 24 7 3 L
8 25 6 25 U
8 26 18 26 U
9 0 15 14 D
9 1 1 1 L
9 2 10 20 D
9 3 5 14 D
9 4 0 13 R
9 5 2 5 L
9 6 0 8 R
9 7 1 24 U
9 8 12 26 U
9 9 5 9 R
9 11 4 1 L
9 12 22 18 D
9 13 18 21 U
9 14 19 21 U
9 15 8 6 L
9 16 0 8 R
9 17 16 4 L
9 18 10 3 L
9 19 18 3 L
9 20 0 25 U
9 21 18 12 R
9 22 10 17 D
9 23 1 23 U
9 24 1 24 U
9 25 3 25 U
9 26 10 16 D
10 0 6 14 D
10 1 21 7 R
10 2 2 2 L
10 3 14 3 L
10 4 2 4 L
10 5 5 9 R
10 6 2 19 D
10 7 6 21 U
10 8 13 19 D
10 9 2 19 D
10 10 4 26 U
10 11 15 22 U
10 12 16 24 U
10 13 3 24 U
10 14 4 23 U
10 15 17 12 R
10 16 1 3 L
10 17 13 7 R
10 18 1 18 D
10 19 8 12 R
10 20 21 5 L
10 21 1 21 U
10 22 13 3 L
10 23 14 23 U
10 24 9 24 U
10 25 4 17 D
10 26 5 26 U
11 0 13 16 D
11 1 10 20 D
11 2 8 2 L
11 3 1 15 D
11 4 7 16 D
11 5 4 5 L
11 6 20 6 L
11 7 12 0 L
11 8 18 8 R
11 9 0 17 D
11 11 1 20 D
11 12 4 12 R
11 13 1 13 R
11 14 9 6 L
11 15 9 2 L
11 16 3 5 L
11 17 0 25 U
11 18 17 5 L
11 19 17 2 L
11 20 10 1 L
11 21 2 9 R
11 22 0 15 D
11 23 4 3 L
11 24 1 0 L
11 25 14 5 L
11 26 9 7 R
12 0 4 22 U
12 1 0 21 U
12 2 16 16 D
12 3 15 23 U
12 4 11 4 L
12 5 11 18 D
12 6 9 13 R
12 7 0 21 U
12 8 11 16 D
12 9 8 20 D
12 11 0 26 U
12 12 11 26 U
12 13 4 13 R
12 14 13 10 R
12 15 0 24 U
12 16 13 13 R
12 17 13 12 R
12 18 20 1 L
12 19 8 0 L
12 21 19 21 U
12 22 3 22 U
12 23 17 23 U
12 24 1 3 L
12 25 3 25 U
12 26 3 26 U
13 0 17 23 U
13 1 9 1 L
13 2 0 16 D
13 3 0 22 U
13 4 2 25 U
13 5 4 21 U
13 6 12 23 U
13 7 4 15 D
13 8 15 14 D
13 9 17 9 R
13 10 17 19 D
13 11 21 21 U
13 12 16 22 U
13 13 4 19 D
13 14 12 0 L
13 15 0 1 L
13 16 8 1 L
13 17 12 17 D
13 18 21 26 U
13 19 14 19 D
13 20 16 3 L
13 21 15 8 R
13 22 0 16 D
13 23 21 16 D
13 24 17 8 R
13 25 15 1 L
13 26 1 10 R
14 0 7 7 R
14 1 17 22 U
14 2 0 15 D
14 3 19 18 D
14 4 19 4 L
14 6 3 15 D
14 7 13 0 L
14 8 4 0 L
14 9 19 9 R
14 10 5 10 R
14 11 8 16 D
14 12 11 16 D
14 13 6 13 R
14 14 20 13 R
14 15 10 22 U
14 16 16 9 R
14 17 16 17 D
14 18 1 18 D
14 19 8 19 D
14 21 0 0 L
14 22 18 8 R
14 23 15 6 L
14 24 7 2 L
14 25 7 12 R
14 26 5 9 R
15 0 12 7 R
15 1 20 16 D
15 2 13 15 D
15 3 18 25 U
15 4 7 4 L
15 6 5 6 L
15 7 10 24 U
15 8 7 15 D
15 9 10 9 R
15 10 2 14 D
15 12 1 12 R
15 13 18 17 D
15 14 9 2 L
15 15 0 13 R
15 16 6 11 R
15 17 9 2 L
15 18 3 0 L
15 19 12 19 D
15 21 17 7 R
15 22 14 1 L
15 23 14 23 U
15 24 4 0 L
15 25 8 7 R
15 26 1 5 L
16 0 5 21 U
16 1 8 9 R
16 2 0 14 D
16 3 14 8 R
16 4 23 20 D
16 6 21 6 L
16 8 9 3 L
16 9 11 26 U
16 11 18 25 U
16 12 19 25 U
16 13 21 14 D
16 14 10 0 L
16 15 13 6 L
16 16 13 12 R
16 17 20 1 L
16 18 8 18 D
16 19 18 1 L
16 21 0 7 R
16 22 9 22 U
16 23 6 7 R
16 24 1 24 U
16 25 18 25 U
16 26 2 26 U
17 0 20 15 D
17 1 19 15 D
17 2 4 2 L
17 3 13 14 D
17 4 20 24 U
17 5 20 16 D
17 6 6 6 L
17 7 12 26 U
17 8 13 22 U
17 9 14 17 D
17 10 5 14 D
17 12 6 12 R
17 13 5 23 U
17 14 5 8 R
17 15 12 8 R
17 16 19 24 U
17 17 8 17 D
17 18 18 18 D
17 20 12 20 D
17 21 1 10 R
17 22 19 0 L
17 23 2 0 L
17 24 3 24 U
17 25 13 3 L
17 26 1 0 L
18 0 3 19 D
18 1 19 16 D
18 2 4 2 L
18 3 9 3 L
18 4 4 15 D
18 5 13 5 L
18 6 21 6 L
18 7 2 23 U
18 8 15 23 U
18 9 16 22 U
18 11 15 25 U
18 13 15 22 U
18 14 5 5 L
18 15 0 10 R
18 16 10 0 L
18 17 8 3 L
18 18 16 18 D
18 19 9 19 D
18 20 6 20 D
18 21 0 12 R
18 22 7 22 U
18 23 15 1 L
18 24 17 6 L
18 25 21 0 L
18 26 5 26 U
19 0 7 16 D
19 1 3 17 D
19 2 10 2 L
19 3 22 17 D
19 6 8 22 U
19 8 15 18 D
19 9 1 9 R
19 12 16 12 R
19 13 2 25 U
19 14 4 22 U
19 15 20 26 U
19 16 6 7 R
19 17 16 17 D
19 18 1 1 L
19 21 7 11 R
19 22 14 7 R
19 23 21 8 R
19 24 18 9 R
19 25 13 2 L
19 26 14 9 R
20 0 17 8 R
20 1 9 15 D
20 2 16 21 U
20 3 15 25 U
20 6 18 16 D
20 8 16 23 U
20 9 9 26 U
20 10 13 24 U
20 13 3 13 R
20 14 5 0 L
20 15 19 25 U
20 17 19 6 L
20 18 0 26 U
20 21 11 14 D
20 22 7 1 L
20 23 11 8 R
20 24 7 12 R
20 25 3 10 R
20 26 22 4 L
21 0 6 21 U
21 1 5 1 L
21 2 6 15 D
21 8 9 20 D
21 9 20 18 D
21 10 11 23 U
21 13 5 13 R
21 14 12 2 L
21 17 7 9 R
21 18 0 1 L
21 21 5 5 L
21 22 9 13 R
21 23 20 23 U
21 24 20 8 R
21 25 6 8 R
21 26 9 8 R
22 0 5 0 L
22 1 17 14 D
22 2 8 20 D
22 8 14 18 D
22 14 5 7 R
22 17 23 11 R
22 21 7 2 L
22 22 7 22 U
22 24 1 24 U
22 25 15 9 R
22 26 1 26 U
23 0 5 0 L
23 8 1 8 R
23 22 13 14 D
23 24 12 13 R
23 25 6 25 U
23 26 21 3 L
24 25 11 3 L

