42 54 2050
14 30 22 33 35 0 35 2 31 17 28 32 31 30 38 36 0 38 26 36
0 4 27 0 0 27 0 0 29 0 7 0 26 2 0 28 0 0 25 37
11 35 0 13 19 18 0 15 30 0 37 31 0 32 0 13 0 0 2 0
14 0 18 26 0 0 0 12 33 33 4 24 34 37 37 0 0 0 0 0
0 22 17 23 0 17 20 0 0 38 35 0 0 0 36 4 17 0 27 0
36 0 0 0 0 0 0 0 0 28 37 5 0 24 0 0 26 0 30 37
34 0 0 0 0 31 0 0 0 0 37 36 0 0 0 0 26 0 18 18
38 0 0 0 0 0 0 0 0 0 0 0 0 0 0 0 29 38 12 12
37 37 0 37 0 28 8 0 36 21 3 0 37 9 0 28 1 12 0 32
38 0 38 0 21 0 36 38 0 0 29 39 0 20 0 0 0 3 5 0
24 35 0 35 0 0 37 37 3 2 0 0 0 36 27 36 24 0 17 0
27 5 37 37 34 33 0 0 0 0 35 40 38 0 0 0 39 0 8 0
24 36 0 7 0 36 0 0 24 13 0 22 39 30 3 33 0 14 4 14
28 2 3 33 0 0 0 39 0 32 32 36 26 0 33 31 41 21 20 0
36 0 0 0 28 5 32 29 36 24 36 0 0 35 22 32 3 17 0 28
27 37 22 37 34 35 0 13 29 0 26 39 29 27 26 0 0 8 0 0
26 33 37 38 39 0 25 0 0 0 0 39 38 35 34 14 0 0 33 29
16 37 35 32 4 14 31 0 22 2 35 29 0 33 34 0 2 4 0 17
9 31 4 39 34 36 35 36 37 27 13 0 0 0 22 24 40 0 23 0
9 4 0 40 0 26 27 0 28 2 26 13 38 26 19 29 39 2 23 0
0 0 0 0 R
0 1 0 1 R
0 2 0 2 R
0 3 0 3 R
0 4 0 4 R
0 5 0 5 R
0 6 0 6 R
0 7 0 7 R
0 8 0 8 R
0 9 0 9 R
0 10 0 10 R
0 11 0 11 R
0 12 0 12 R
0 13 0 13 R
0 14 0 14 R
0 15 0 15 U
0 16 0 16 U
0 17 0 17 U
0 18 0 18 U
0 19 0 19 U
0 20 0 20 U
0 21 0 21 U
0 22 0 22 U
0 23 0 23 U
0 24 0 24 U
0 25 0 25 U
0 26 0 26 U
0 27 0 27 U
0 28 0 28 D
0 29 0 29 D
0 30 0 30 D
0 31 0 31 D
0 32 0 32 D
0 33 0 33 D
0 34 0 34 D
0 35 0 35 D
0 36 0 36 D
0 37 0 37 D
0 38 0 38 D
0 39 0 39 D
0 40 0 40 L
0 41 0 41 L
0 42 0 42 L
0 43 0 43 L
0 44 0 44 L
0 45 0 45 L
0 46 0 46 L
0 47 0 47 L
0 48 0 48 L
0 49 0 49 L
0 50 0 50 L
0 51 0 51 L
0 52 0 52 L
0 53 0 53 L
1 0 0 15 U
1 1 1 40 L
1 2 0 28 D
1 3 2 18 U
1 4 1 31 D
1 5 0 20 U
1 6 0 32 D
1 7 0 22 U
1 8 5 18 U
1 9 2 43 L
1 10 5 36 D
1 11 0 32 D
1 12 3 37 D
1 13 5 41 L
1 14 0 37 D
1 15 0 28 D
1 16 0 0 R
1 17 2 2 R
1 18 0 29 D
1 19 0 43 L
1 20 0 4 R
1 21 0 6 R
1 22 0 46 L
1 23 0 7 R
1 24 4 0 R
1 25 4 3 R
1 26 4 8 R
1 27 3 12 R
1 28 0 0 R
1 29 0 2 R
1 30 0 3 R
1 31 0 19 U
1 32 0 44 L
1 33 0 4 R
1 34 0 6 R
1 35 0 5 R
1 36 3 9 R
1 37 1 11 R
1 38 1 1 R
1 39 20 12 R
1 40 1 15 U
1 41 0 0 R
1 42 0 28 D
1 43 0 17 U
1 44 0 19 U
1 45 1 33 D
1 46 1 21 U
1 47 3 22 U
1 48 5 15 U
1 49 2 26 U
1 50 4 37 D
1 51 7 38 D
1 52 14 20 U
1 53 19 39 D
2 0 0 16 U
2 1 1 1 R
2 2 0 40 L
2 3 0 30 D
2 4 2 32 D
2 5 2 5 R
2 6 0 21 U
2 7 0 21 U
2 8 1 8 R
2 9 5 9 R
2 10 2 10 R
2 11 3 11 R
2 12 1 20 U
2 13 7 13 R
2 14 1 14 R
2 15 0 1 R
2 16 0 42 L
2 17 1 17 U
2 18 0 3 R
2 19 0 31 D
2 20 1 20 U
2 21 0 34 D
2 22 3 4 R
2 23 2 23 U
2 24 4 24 U
2 25 5 25 U
2 26 2 26 U
2 27 1 27 U
2 28 0 41 L
2 29 0 43 L
2 30 0 18 U
2 31 0 5 R
2 32 0 45 L
2 33 2 33 D
2 34 2 46 L
2 35 1 35 D
2 36 3 36 D
2 37 1 37 D
2 38 6 38 D
2 39 18 39 D
2 40 0 29 D
2 41 2 41 L
2 42 1 42 L
2 43 0 30 D
2 44 0 32 D
2 45 2 45 L
2 46 1 34 D
2 47 2 47 L
2 48 4 48 L
2 49 1 49 L
2 50 0 20 U
2 51 7 51 L
2 52 13 52 L
2 53 9 53 L
3 0 1 42 L
3 1 0 28 D
3 2 1 29 D
3 3 2 17 U
3 4 3 17 U
3 5 0 15 U
3 6 0 16 U
3 7 3 7 R
3 8 3 8 R
3 9 4 9 R
3 10 3 33 D
3 11 4 49 L
3 12 2 12 R
3 13 5 13 R
3 14 6 14 R
3 15 0 30 D
3 16 2 40 L
3 17 3 43 L
3 18 4 4 R
3 19 5 42 L
3 20 3 46 L
3 21 0 12 R
3 22 3 22 U
3 23 1 23 U
3 24 3 24 U
3 25 3 25 U
3 26 4 26 U
3 27 3 27 U
3 28 2 1 R
3 29 1 40 L
3 30 3 41 L
3 31 0 48 L
3 32 0 8 R
3 33 3 5 R
3 34 4 10 R
3 35 3 35 D
3 36 4 36 D
3 37 3 37 D
3 38 7 38 D
3 39 19 39 D
3 40 1 28 D
3 41 1 16 U
3 42 1 23 U
3 43 1 30 D
3 44 3 26 U
3 45 0 25 U
3 46 4 19 U
3 47 1 47 L
3 48 3 48 L
3 49 2 49 L
3 50 2 27 U
3 51 8 35 D
3 52 12 52 L
3 53 2 21 U
4 0 2 40 L
4 1 2 1 R
4 2 3 30 D
4 3 4 17 U
4 4 3 25 U
4 5 1 5 R
4 6 2 6 R
4 7 2 7 R
4 8 2 43 L
4 9 0 46 L
4 10 5 20 U
4 11 2 11 R
4 12 0 21 U
4 13 6 13 R
4 14 3 14 R
4 15 2 1 R
4 16 0 41 L
4 17 0 40 L
4 18 2 18 U
4 19 0 44 L
4 20 5 12 R
4 21 5 50 L
4 22 5 34 D
4 23 5 2 R
4 24 2 24 U
4 25 4 25 U
4 26 3 26 U
4 27 0 37 D
4 28 0 47 L
4 29 3 6 R
4 30 3 42 L
4 31 4 4 R
4 32 1 48 L
4 33 1 7 R
4 34 3 34 D
4 35 2 35 D
4 36 2 36 D
4 37 4 50 L
4 38 2 38 D
4 39 17 42 L
4 40 1 35 D
4 41 5 23 U
4 42 5 29 D
4 43 4 33 D
4 44 4 44 L
4 45 1 45 L
4 46 2 34 D
4 47 3 47 L
4 48 2 48 L
4 49 3 49 L
4 50 0 21 U
4 51 8 37 D
4 52 3 52 L
4 53 19 53 L
5 0 2 28 D
5 1 0 29 D
5 2 3 16 U
5 3 0 31 D
5 4 5 31 D
5 5 0 31 D
5 6 5 6 R
5 7 5 19 U
5 8 4 45 L
5 9 3 9 R
5 10 0 34 D
5 11 5 11 R
5 12 4 12 R
5 13 3 13 R
5 14 0 51 L
5 15 2 47 L
5 16 3 2 R
5 17 4 42 L
5 18 0 32 D
5 19 4 49 L
5 20 0 50 L
5 21 4 44 L
5 22 1 6 R
5 23 4 23 U
5 24 1 24 U
5 25 4 10 R
5 26 5 8 R
5 27 2 27 U
5 28 1 0 R
5 29 4 1 R
5 30 0 7 R
5 31 4 45 L
5 32 4 32 D
5 33 5 46 L
5 34 2 11 R
5 35 3 0 R
5 36 4 9 R
5 37 0 50 L
5 38 6 50 L
5 39 8 39 D
5 40 0 35 D
5 41 5 41 L
5 42 3 32 D
5 43 4 31 D
5 44 2 44 L
5 45 1 36 D
5 46 0 10 R
5 47 0 24 U
5 48 3 18 U
5 49 2 15 U
5 50 4 50 L
5 51 2 32 D
5 52 15 52 L
5 53 14 53 L
6 0 2 35 D
6 1 3 30 D
6 2 6 32 D
6 3 6 32 D
6 4 6 21 U
6 5 7 34 D
6 6 4 15 U
6 7 4 27 U
6 8 2 25 U
6 9 5 29 D
6 10 7 23 U
6 11 7 17 U
6 12 4 27 U
6 13 2 13 R
6 14 16 27 U
6 15 3 8 R
6 16 6 7 R
6 17 7 47 L
6 18 6 42 L
6 19 0 47 L
6 20 6 11 R
6 21 7 21 U
6 22 6 22 U
6 23 6 49 L
6 24 5 6 R
6 25 1 40 L
6 26 6 11 R
6 27 5 27 U
6 28 4 40 L
6 29 0 13 R
6 30 3 12 R
6 31 6 45 L
6 32 7 46 L
6 33 0 0 R
6 34 4 2 R
6 35 2 7 R
6 36 10 2 R
6 37 2 13 R
6 38 9 0 R
6 39 10 39 D
6 40 2 35 D
6 41 4 15 U
6 42 3 28 D
6 43 1 25 U
6 44 7 15 U
6 45 6 16 U
6 46 7 38 D
6 47 7 31 D
6 48 7 34 D
6 49 6 5 R
6 50 7 23 U
6 51 13 51 L
6 52 19 14 R
6 53 12 53 L
7 0 7 17 U
7 1 4 19 U
7 2 6 33 D
7 3 7 3 R
7 4 7 4 R
7 5 5 5 R
7 6 6 16 U
7 7 6 18 U
7 8 7 19 U
7 9 6 29 D
7 10 7 10 R
7 11 6 19 U
7 12 17 30 D
7 13 0 43 L
7 14 19 19 U
7 15 4 47 L
7 16 6 44 L
7 17 6 10 R
7 18 4 2 R
7 19 7 8 R
7 20 7 20 U
7 21 6 3 R
7 22 5 22 U
7 23 6 51 L
7 24 7 24 U
7 25 7 42 L
7 26 6 26 U
7 27 5 9 R
7 28 6 40 L
7 29 7 43 L
7 30 0 1 R
7 31 6 31 D
7 32 6 48 L
7 33 6 14 R
7 34 6 4 R
7 35 0 22 U
7 36 7 36 D
7 37 7 37 D
7 38 5 38 D
7 39 13 39 D
7 40 6 37 D
7 41 6 41 L
7 42 2 24 U
7 43 7 36 D
7 44 7 20 U
7 45 5 45 L
7 46 6 46 L
7 47 0 18 U
7 48 7 48 L
7 49 7 49 L
7 50 7 50 L
7 51 13 9 R
7 52 11 52 L
7 53 30 24 U
8 0 7 33 D
8 1 7 32 D
8 2 9 2 R
8 3 7 17 U
8 4 10 31 D
8 5 8 28 D
8 6 10 20 U
8 7 2 29 D
8 8 10 25 U
8 9 3 27 U
8 10 9 16 U
8 11 10 18 U
8 12 13 12 R
8 13 5 18 U
8 14 13 14 R
8 15 5 44 L
8 16 3 16 U
8 17 8 50 L
8 18 1 1 R
8 19 8 40 L
8 20 6 0 R
8 21 9 3 R
8 22 8 13 R
8 23 8 3 R
8 24 9 13 R
8 25 11 4 R
8 26 6 10 R
8 27 4 1 R
8 28 4 41 L
8 29 5 13 R
8 30 9 49 L
8 31 8 41 L
8 32 8 44 L
8 33 7 9 R
8 34 7 0 R
8 35 2 44 L
8 36 9 36 D
8 37 8 47 L
8 38 8 38 D
8 39 19 47 L
8 40 3 23 U
8 41 6 15 U
8 42 9 16 U
8 43 9 25 U
8 44 4 23 U
8 45 9 19 U
8 46 11 46 L
8 47 11 22 U
8 48 8 34 D
8 49 0 6 R
8 50 8 32 D
8 51 16 51 L
8 52 10 52 L
8 53 30 53 L
9 0 8 33 D
9 1 6 35 D
9 2 1 34 D
9 3 11 15 U
9 4 10 17 U
9 5 8 22 U
9 6 9 6 R
9 7 8 7 R
9 8 10 8 R
9 9 9 20 U
9 10 10 10 R
9 11 9 11 R
9 12 17 12 R
9 13 0 42 L
9 14 19 14 R
9 15 9 15 U
9 16 10 30 D
9 17 10 3 R
9 18 9 4 R
9 19 8 19 U
9 20 10 5 R
9 21 9 21 U
9 22 9 22 U
9 23 8 23 U
9 24 8 24 U
9 25 10 25 U
9 26 2 3 R
9 27 3 7 R
9 28 0 46 L
9 29 1 2 R
9 30 11 1 R
9 31 10 9 R
9 32 11 13 R
9 33 8 7 R
9 34 5 0 R
9 35 9 7 R
9 36 10 0 R
9 37 10 37 D
9 38 2 43 L
9 39 17 39 D
9 40 0 15 U
9 41 5 38 D
9 42 11 42 L
9 43 9 27 U
9 44 0 5 R
9 45 9 15 U
9 46 10 46 L
9 47 11 47 L
9 48 9 36 D
9 49 10 36 D
9 50 9 31 D
9 51 15 51 L
9 52 9 52 L
9 53 26 53 L
10 0 2 22 U
10 1 7 21 U
10 2 0 35 D
10 3 11 30 D
10 4 11 20 U
10 5 8 5 R
10 6 8 6 R
10 7 10 38 D
10 8 9 8 R
10 9 4 36 D
10 10 11 10 R
10 11 8 11 R
10 12 15 12 R
10 13 1 19 U
10 14 15 14 R
10 15 6 48 L
10 16 10 49 L
10 17 11 17 U
10 18 9 18 U
10 19 8 42 L
10 20 11 20 U
10 21 11 21 U
10 22 8 5 R
10 23 11 51 L
10 24 6 24 U
10 25 11 25 U
10 26 2 29 D
10 27 9 27 U
10 28 8 45 L
10 29 1 5 R
10 30 10 42 L
10 31 11 50 L
10 32 10 32 D
10 33 9 9 R
10 34 8 46 L
10 35 10 51 L
10 36 9 48 L
10 37 9 13 R
10 38 12 46 L
10 39 20 14 R
10 40 8 24 U
10 41 8 19 U
10 42 11 18 U
10 43 9 37 D
10 44 10 19 U
10 45 12 31 D
10 46 9 46 L
10 47 10 47 L
10 48 8 15 U
10 49 8 29 D
10 50 11 31 D
10 51 14 51 L
10 52 8 52 L
10 53 27 53 L
11 0 7 15 U
11 1 7 16 U
11 2 4 18 U
11 3 8 16 U
11 4 11 35 D
11 5 2 26 U
11 6 10 6 R
11 7 10 23 U
11 8 8 8 R
11 9 4 43 L
11 10 13 10 R
11 11 12 11 R
11 12 17 20 U
11 13 4 13 R
11 14 16 14 R
11 15 8 49 L
11 16 11 4 R
11 17 9 17 U
11 18 11 18 U
11 19 1 2 R
11 20 11 46 L
11 21 2 21 U
11 22 2 35 D
11 23 14 45 L
11 24 8 36 D
11 25 10 41 L
11 26 12 26 U
11 27 10 27 U
11 28 8 48 L
11 29 6 1 R
11 30 10 30 D
11 31 11 16 U
11 32 11 32 D
11 33 9 50 L
11 34 10 34 D
11 35 1 8 R
11 36 11 44 L
11 37 11 37 D
11 38 4 38 D
11 39 19 9 R
11 40 10 24 U
11 41 10 17 U
11 42 8 33 D
11 43 11 21 U
11 44 8 30 D
11 45 6 45 L
11 46 9 34 D
11 47 9 47 L
11 48 10 15 U
11 49 8 30 D
11 50 9 32 D
11 51 15 36 D
11 52 3 22 U
11 53 29 53 L
12 0 1 26 U
12 1 10 29 D
12 2 9 28 D
12 3 8 27 U
12 4 13 15 U
12 5 1 28 D
12 6 3 46 L
12 7 15 25 U
12 8 0 45 L
12 9 15 26 U
12 10 12 18 U
12 11 2 15 U
12 12 19 18 U
12 13 0 16 U
12 14 17 14 R
12 15 12 44 L
12 16 8 45 L
12 17 10 9 R
12 18 0 38 D
12 19 0 36 D
12 20 12 4 R
12 21 13 0 R
12 22 11 40 L
12 23 12 10 R
12 24 13 47 L
12 25 3 11 R
12 26 10 26 U
12 27 8 5 R
12 28 5 47 L
12 29 9 5 R
12 30 12 42 L
12 31 12 44 L
12 32 10 2 R
12 33 9 10 R
12 34 13 6 R
12 35 0 24 U
12 36 10 3 R
12 37 13 7 R
12 38 1 38 D
12 39 20 52 L
12 40 12 32 D
12 41 7 41 L
12 42 12 19 U
12 43 12 43 L
12 44 12 30 D
12 45 14 32 D
12 46 12 28 D
12 47 14 5 R
12 48 9 15 U
12 49 12 24 U
12 50 0 6 R
12 51 16 19 U
12 52 16 52 L
12 53 30 20 U
13 0 13 41 L
13 1 0 16 U
13 2 13 31 D
13 3 11 3 R
13 4 13 4 R
13 5 13 23 U
13 6 6 23 U
13 7 7 7 R
13 8 9 33 D
13 9 15 9 R
13 10 12 10 R
13 11 11 11 R
13 12 19 12 R
13 13 0 41 L
13 14 14 32 D
13 15 12 43 L
13 16 0 45 L
13 17 7 13 R
13 18 12 18 U
13 19 9 41 L
13 20 12 20 U
13 21 13 21 U
13 22 14 43 L
13 23 14 23 U
13 24 13 24 U
13 25 12 25 U
13 26 12 6 R
13 27 8 27 U
13 28 3 11 R
13 29 11 40 L
13 30 13 0 R
13 31 7 22 U
13 32 12 46 L
13 33 7 1 R
13 34 13 34 D
13 35 14 49 L
13 36 12 13 R
13 37 12 37 D
13 38 10 11 R
13 39 20 27 U
13 40 11 40 L
13 41 12 34 D
13 42 13 42 L
13 43 11 25 U
13 44 13 44 L
13 45 13 45 L
13 46 8 20 U
13 47 12 34 D
13 48 12 48 L
13 49 13 49 L
13 50 11 50 L
13 51 16 37 D
13 52 2 52 L
13 53 12 26 U
14 0 4 29 D
14 1 11 1 R
14 2 11 19 U
14 3 0 17 U
14 4 12 23 U
14 5 4 35 D
14 6 9 27 U
14 7 15 7 R
14 8 13 33 D
14 9 13 9 R
14 10 11 33 D
14 11 14 21 U
14 12 11 12 R
14 13 16 13 R
14 14 18 14 R
14 15 13 43 L
14 16 10 48 L
14 17 13 40 L
14 18 11 0 R
14 19 14 2 R
14 20 4 30 D
14 21 0 9 R
14 22 14 22 U
14 23 13 5 R
14 24 14 48 L
14 25 13 25 U
14 26 14 26 U
14 27 0 28 D
14 28 10 8 R
14 29 6 3 R
14 30 2 2 R
14 31 14 31 D
14 32 14 44 L
14 33 14 45 L
14 34 13 47 L
14 35 3 40 L
14 36 16 36 D
14 37 16 37 D
14 38 14 52 L
14 39 20 11 R
14 40 10 30 D
14 41 10 21 U
14 42 13 28 D
14 43 14 32 D
14 44 14 20 U
14 45 14 4 R
14 46 13 19 U
14 47 14 47 L
14 48 13 26 U
14 49 15 34 D
14 50 11 17 U
14 51 10 51 L
14 52 10 8 R
14 53 10 53 L
15 0 15 28 D
15 1 15 30 D
15 2 14 31 D
15 3 15 21 U
15 4 5 27 U
15 5 16 16 U
15 6 16 30 D
15 7 15 17 U
15 8 0 31 D
15 9 14 9 R
15 10 15 16 U
15 11 10 11 R
15 12 18 12 R
15 13 11 13 R
15 14 14 14 R
15 15 0 35 D
15 16 15 49 L
15 17 15 51 L
15 18 14 50 L
15 19 16 11 R
15 20 9 51 L
15 21 13 2 R
15 22 15 10 R
15 23 15 5 R
15 24 12 34 D
15 25 14 42 L
15 26 15 6 R
15 27 15 27 U
15 28 0 11 R
15 29 9 4 R
15 30 14 8 R
15 31 14 42 L
15 32 13 48 L
15 33 0 41 L
15 34 14 50 L
15 35 15 3 R
15 36 14 36 D
15 37 6 48 L
15 38 12 38 D
15 39 18 12 R
15 40 13 34 D
15 41 11 29 D
15 42 14 30 D
15 43 0 38 D
15 44 2 16 U
15 45 16 34 D
15 46 15 36 D
15 47 11 15 U
15 48 13 16 U
15 49 8 49 L
15 50 15 50 L
15 51 13 26 U
15 52 20 52 L
15 53 11 53 L
16 0 15 0 R
16 1 15 1 R
16 2 16 2 R
16 3 16 18 U
16 4 3 22 U
16 5 15 33 D
16 6 16 6 R
16 7 16 7 R
16 8 14 8 R
16 9 10 9 R
16 10 2 30 D
16 11 16 17 U
16 12 9 12 R
16 13 12 13 R
16 14 9 14 R
16 15 3 40 L
16 16 15 45 L
16 17 7 51 L
16 18 16 51 L
16 19 16 19 U
16 20 18 6 R
16 21 14 1 R
16 22 15 22 U
16 23 15 23 U
16 24 0 44 L
16 25 5 14 R
16 26 16 3 R
16 27 11 5 R
16 28 13 2 R
16 29 4 44 L
16 30 15 46 L
16 31 4 7 R
16 32 13 8 R
16 33 16 47 L
16 34 10 14 R
16 35 9 1 R
16 36 12 51 L
16 37 15 37 D
16 38 0 0 R
16 39 1 39 D
16 40 2 25 U
16 41 3 29 D
16 42 14 22 U
16 43 17 28 D
16 44 15 44 L
16 45 16 45 L
16 46 15 32 D
16 47 15 37 D
16 48 16 24 U
16 49 14 23 U
16 50 19 37 D
16 51 6 51 L
16 52 11 26 U
16 53 31 53 L
17 0 13 40 L
17 1 17 16 U
17 2 12 36 D
17 3 1 41 L
17 4 16 4 R
17 5 0 36 D
17 6 18 15 U
17 7 9 7 R
17 8 17 28 D
17 9 14 48 L
17 10 5 10 R
17 11 18 15 U
17 12 5 12 R
17 13 0 53 L
17 14 19 39 D
17 15 17 0 R
17 16 17 9 R
17 17 13 8 R
17 18 16 12 R
17 19 17 3 R
17 20 18 20 U
17 21 4 21 U
17 22 15 38 D
17 23 17 10 R
17 24 17 12 R
17 25 0 0 R
17 26 17 50 L
17 27 20 2 R
17 28 14 15 U
17 29 16 43 L
17 30 17 1 R
17 31 14 2 R
17 32 13 10 R
17 33 18 5 R
17 34 15 47 L
17 35 14 35 D
17 36 16 4 R
17 37 18 8 R
17 38 18 38 D
17 39 20 39 D
17 40 16 31 D
17 41 11 32 D
17 42 18 37 D
17 43 17 43 L
17 44 0 3 R
17 45 15 19 U
17 46 13 35 D
17 47 16 15 U
17 48 16 29 D
17 49 20 32 D
17 50 17 50 L
17 51 13 23 U
17 52 16 25 U
17 53 25 53 L
18 0 2 21 U
18 1 8 25 U
18 2 8 16 U
18 3 19 31 D
18 4 18 28 D
18 5 17 5 R
18 6 17 6 R
18 7 6 16 U
18 8 18 29 D
18 9 0 47 L
18 10 18 10 R
18 11 18 11 R
18 12 19 17 U
18 13 27 24 U
18 14 22 14 R
18 15 17 45 L
18 16 14 11 R
18 17 16 17 U
18 18 18 18 U
18 19 17 19 U
18 20 17 20 U
18 21 19 21 U
18 22 18 4 R
18 23 18 23 U
18 24 18 24 U
18 25 15 25 U
18 26 19 12 R
18 27 7 27 U
18 28 17 43 L
18 29 0 40 L
18 30 16 42 L
18 31 14 41 L
18 32 0 26 U
18 33 18 33 D
18 34 18 34 D
18 35 18 35 D
18 36 0 9 R
18 37 17 37 D
18 38 17 38 D
18 39 13 41 L
18 40 1 20 U
18 41 7 30 D
18 42 17 42 L
18 43 16 33 D
18 44 1 16 U
18 45 17 34 D
18 46 18 46 L
18 47 19 16 U
18 48 0 34 D
18 49 19 49 L
18 50 18 50 L
18 51 7 24 U
18 52 18 52 L
18 53 26 20 U
19 0 16 33 D
19 1 11 29 D
19 2 18 35 D
19 3 23 34 D
19 4 14 32 D
19 5 7 48 L
19 6 20 20 U
19 7 18 7 R
19 8 8 22 U
19 9 20 30 D
19 10 19 39 D
19 11 12 27 U
19 12 14 12 R
19 13 29 13 R
19 14 23 38 D
19 15 19 38 D
19 16 3 29 D
19 17 2 17 U
19 18 18 48 L
19 19 19 3 R
19 20 18 4 R
19 21 14 46 L
19 22 20 22 U
19 23 17 23 U
19 24 19 24 U
19 25 19 50 L
19 26 20 26 U
19 27 20 14 R
19 28 17 46 L
19 29 17 12 R
19 30 14 4 R
19 31 17 51 L
19 32 20 41 L
19 33 3 44 L
19 34 0 12 R
19 35 19 2 R
19 36 0 49 L
19 37 11 47 L
19 38 12 42 L
19 39 23 44 L
19 40 18 27 U
19 41 3 17 U
19 42 14 24 U
19 43 18 34 D
19 44 19 44 L
19 45 17 15 U
19 46 17 37 D
19 47 5 47 L
19 48 17 38 D
19 49 0 1 R
19 50 14 50 L
19 51 18 51 L
19 52 4 52 L
19 53 31 11 R
20 0 0 18 U
20 1 17 44 L
20 2 12 15 U
20 3 24 3 R
20 4 20 21 U
20 5 20 5 R
20 6 0 35 D
20 7 9 38 D
20 8 20 8 R
20 9 20 39 D
20 10 20 10 R
20 11 21 33 D
20 12 20 25 U
20 13 28 13 R
20 14 23 24 U
20 15 18 41 L
20 16 1 5 R
20 17 19 17 U
20 18 14 40 L
20 19 3 49 L
20 20 20 10 R
20 21 20 45 L
20 22 20 9 R
20 23 16 52 L
20 24 17 24 U
20 25 20 52 L
20 26 1 26 U
20 27 17 53 L
20 28 18 46 L
20 29 7 6 R
20 30 20 43 L
20 31 5 31 D
20 32 0 52 L
20 33 7 52 L
20 34 19 34 D
20 35 19 35 D
20 36 19 52 L
20 37 5 7 R
20 38 10 7 R
20 39 23 39 D
20 40 19 40 L
20 41 19 33 D
20 42 18 28 D
20 43 2 23 U
20 44 17 39 D
20 45 20 39 D
20 46 8 46 L
20 47 9 21 U
20 48 16 23 U
20 49 21 20 U
20 50 20 36 D
20 51 21 16 U
20 52 18 39 D
20 53 33 53 L
21 0 19 28 D
21 1 20 28 D
21 2 15 29 D
21 3 24 39 D
21 4 22 21 U
21 5 19 37 D
21 6 13 18 U
21 7 20 46 L
21 8 22 17 U
21 9 6 9 R
21 10 26 32 D
21 11 23 11 R
21 12 2 16 U
21 13 27 37 D
21 14 21 14 R
21 15 16 47 L
21 16 3 13 R
21 17 21 50 L
21 18 7 18 U
21 19 3 51 L
21 20 24 7 R
21 21 16 49 L
21 22 20 1 R
21 23 0 37 D
21 24 0 48 L
21 25 22 8 R
21 26 21 7 R
21 27 22 4 R
21 28 5 9 R
21 29 4 5 R
21 30 14 6 R
21 31 8 0 R
21 32 21 51 L
21 33 22 45 L
21 34 18 45 L
21 35 18 18 U
21 36 2 6 R
21 37 15 7 R
21 38 21 14 R
21 39 22 39 D
21 40 7 40 L
21 41 16 32 D
21 42 22 16 U
21 43 25 29 D
21 44 0 9 R
21 45 20 8 R
21 46 3 31 D
21 47 20 47 L
21 48 20 48 L
21 49 18 49 L
21 50 23 20 U
21 51 22 51 L
21 52 2 25 U
21 53 32 53 L
22 0 19 30 D
22 1 10 30 D
22 2 7 38 D
22 3 21 28 D
22 4 24 15 U
22 5 21 28 D
22 6 15 6 R
22 7 18 24 U
22 8 21 19 U
22 9 22 22 U
22 10 23 10 R
22 11 24 11 R
22 12 24 21 U
22 13 25 13 R
22 14 9 31 D
22 15 20 47 L
22 16 22 41 L
22 17 17 52 L
22 18 23 6 R
22 19 21 2 R
22 20 22 20 U
22 21 18 33 D
22 22 23 12 R
22 23 21 42 L
22 24 20 24 U
22 25 22 25 U
22 26 21 26 U
22 27 24 27 U
22 28 19 46 L
22 29 22 29 D
22 30 22 44 L
22 31 23 1 R
22 32 21 32 D
22 33 23 33 D
22 34 12 4 R
22 35 24 35 D
22 36 24 36 D
22 37 24 2 R
22 38 24 38 D
22 39 1 0 R
22 40 22 31 D
22 41 24 41 L
22 42 22 42 L
22 43 26 43 L
22 44 20 44 L
22 45 23 45 L
22 46 14 29 D
22 47 16 26 U
22 48 22 27 U
22 49 23 49 L
22 50 21 50 L
22 51 17 26 U
22 52 22 20 U
22 53 34 20 U
23 0 21 32 D
23 1 23 30 D
23 2 22 35 D
23 3 26 17 U
23 4 23 23 U
23 5 19 21 U
23 6 24 15 U
23 7 22 19 U
23 8 21 8 R
23 9 24 26 U
23 10 0 24 U
23 11 22 11 R
23 12 18 26 U
23 13 8 13 R
23 14 23 14 R
23 15 22 40 L
23 16 22 4 R
23 17 15 17 U
23 18 23 18 U
23 19 23 19 U
23 20 23 49 L
23 21 0 43 L
23 22 23 22 U
23 23 23 23 U
23 24 7 50 L
23 25 21 25 U
23 26 0 41 L
23 27 25 5 R
23 28 22 0 R
23 29 13 29 D
23 30 2 9 R
23 31 23 31 D
23 32 21 40 L
23 33 6 52 L
23 34 22 34 D
23 35 21 35 D
23 36 18 47 L
23 37 21 37 D
23 38 4 44 L
23 39 21 14 R
23 40 0 31 D
23 41 24 32 D
23 42 21 42 L
23 43 24 22 U
23 44 21 37 D
23 45 22 33 D
23 46 21 28 D
23 47 25 25 U
23 48 26 36 D
23 49 18 20 U
23 50 29 21 U
23 51 9 51 L
23 52 23 52 L
23 53 34 53 L
24 0 21 0 R
24 1 21 1 R
24 2 21 20 U
24 3 0 49 L
24 4 22 24 U
24 5 20 39 D
24 6 25 23 U
24 7 23 24 U
24 8 22 8 R
24 9 27 9 R
24 10 8 10 R
24 11 27 16 U
24 12 14 33 D
24 13 24 13 R
24 14 25 32 D
24 15 23 41 L
24 16 23 16 U
24 17 2 42 L
24 18 24 18 U
24 19 24 45 L
24 20 20 8 R
24 21 22 3 R
24 22 24 22 U
24 23 12 23 U
24 24 22 14 R
24 25 19 25 U
24 26 14 7 R
24 27 25 27 U
24 28 21 46 L
24 29 2 29 D
24 30 23 40 L
24 31 21 4 R
24 32 0 17 U
24 33 21 44 L
24 34 24 10 R
24 35 27 35 D
24 36 27 9 R
24 37 22 3 R
24 38 21 27 U
24 39 26 9 R
24 40 17 18 U
24 41 23 38 D
24 42 20 22 U
24 43 22 43 L
24 44 23 34 D
24 45 25 15 U
24 46 13 25 U
24 47 26 47 L
24 48 25 48 L
24 49 21 49 L
24 50 30 50 L
24 51 4 16 U
24 52 6 52 L
24 53 34 26 U
25 0 0 24 U
25 1 26 16 U
25 2 22 2 R
25 3 26 33 D
25 4 26 15 U
25 5 19 40 L
25 6 26 6 R
25 7 25 7 R
25 8 18 31 D
25 9 21 9 R
25 10 14 10 R
25 11 27 11 R
25 12 27 12 R
25 13 34 13 R
25 14 27 19 U
25 15 19 51 L
25 16 26 1 R
25 17 25 44 L
25 18 25 4 R
25 19 20 19 U
25 20 23 3 R
25 21 25 4 R
25 22 26 2 R
25 23 27 3 R
25 24 22 48 L
25 25 23 42 L
25 26 19 48 L
25 27 22 27 U
25 28 21 5 R
25 29 22 1 R
25 30 22 14 R
25 31 17 44 L
25 32 26 3 R
25 33 6 11 R
25 34 24 45 L
25 35 26 35 D
25 36 24 48 L
25 37 23 11 R
25 38 25 38 D
25 39 27 42 L
25 40 22 29 D
25 41 20 41 L
25 42 25 20 U
25 43 25 30 D
25 44 21 30 D
25 45 22 17 U
25 46 22 19 U
25 47 21 47 L
25 48 27 36 D
25 49 21 31 D
25 50 13 50 L
25 51 23 21 U
25 52 0 22 U
25 53 8 53 L
26 0 22 29 D
26 1 25 1 R
26 2 27 15 U
26 3 23 3 R
26 4 25 17 U
26 5 0 46 L
26 6 25 6 R
26 7 15 36 D
26 8 17 37 D
26 9 25 39 D
26 10 1 10 R
26 11 26 11 R
26 12 28 12 R
26 13 32 13 R
26 14 24 14 R
26 15 24 8 R
26 16 21 8 R
26 17 27 44 L
26 18 26 18 U
26 19 0 42 L
26 20 24 1 R
26 21 25 21 U
26 22 23 43 L
26 23 27 5 R
26 24 25 46 L
26 25 25 7 R
26 26 27 26 U
26 27 18 27 U
26 28 25 41 L
26 29 21 2 R
26 30 26 30 D
26 31 26 43 L
26 32 25 32 D
26 33 25 14 R
26 34 27 34 D
26 35 27 3 R
26 36 6 0 R
26 37 25 3 R
26 38 26 38 D
26 39 14 39 D
26 40 26 35 D
26 41 25 34 D
26 42 18 42 L
26 43 27 43 L
26 44 24 44 L
26 45 25 45 L
26 46 26 34 D
26 47 27 47 L
26 48 5 10 R
26 49 27 23 U
26 50 23 50 L
26 51 24 51 L
26 52 22 15 U
26 53 19 22 U
27 0 25 16 U
27 1 22 28 D
27 2 27 2 R
27 3 20 43 L
27 4 22 33 D
27 5 26 34 D
27 6 27 6 R
27 7 30 34 D
27 8 27 31 D
27 9 26 9 R
27 10 25 10 R
27 11 20 11 R
27 12 24 12 R
27 13 9 13 R
27 14 11 14 R
27 15 27 43 L
27 16 27 16 U
27 17 26 14 R
27 18 25 18 U
27 19 25 3 R
27 20 25 51 L
27 21 27 21 U
27 22 21 22 U
27 23 26 23 U
27 24 26 46 L
27 25 26 25 U
27 26 22 26 U
27 27 27 47 L
27 28 25 40 L
27 29 24 41 L
27 30 24 8 R
27 31 10 49 L
27 32 26 49 L
27 33 20 41 L
27 34 18 4 R
27 35 25 35 D
27 36 20 36 D
27 37 29 37 D
27 38 16 0 R
27 39 28 39 D
27 40 26 40 L
27 41 24 19 U
27 42 0 33 D
27 43 21 35 D
27 44 26 34 D
27 45 26 24 U
27 46 27 46 L
27 47 23 27 U
27 48 28 48 L
27 49 26 49 L
27 50 20 50 L
27 51 26 51 L
27 52 28 52 L
27 53 20 53 L
28 0 4 38 D
28 1 22 34 D
28 2 13 2 R
28 3 29 45 L
28 4 24 19 U
28 5 28 39 D
28 6 25 29 D
28 7 27 7 R
28 8 24 20 U
28 9 29 16 U
28 10 22 10 R
28 11 28 17 U
28 12 28 38 D
28 13 33 13 R
28 14 33 26 U
28 15 27 10 R
28 16 26 47 L
28 17 26 0 R
28 18 26 2 R
28 19 29 3 R
28 20 25 41 L
28 21 26 42 L
28 22 26 48 L
28 23 17 42 L
28 24 15 4 R
28 25 28 4 R
28 26 5 36 D
28 27 29 41 L
28 28 2 51 L
28 29 27 48 L
28 30 29 45 L
28 31 28 43 L
28 32 26 11 R
28 33 27 6 R
28 34 25 12 R
28 35 29 46 L
28 36 21 36 D
28 37 28 37 D
28 38 19 8 R
28 39 29 39 D
28 40 23 28 D
28 41 23 18 U
28 42 23 32 D
28 43 29 30 D
28 44 23 37 D
28 45 27 16 U
28 46 29 32 D
28 47 28 19 U
28 48 23 25 U
28 49 28 16 U
28 50 30 23 U
28 51 4 29 D
28 52 24 52 L
28 53 35 53 L
29 0 2 23 U
29 1 29 1 R
29 2 27 28 D
29 3 27 40 L
29 4 29 4 R
29 5 30 5 R
29 6 25 18 U
29 7 29 27 U
29 8 28 53 L
29 9 30 31 D
29 10 29 25 U
29 11 28 11 R
29 12 16 12 R
29 13 33 37 D
29 14 31 14 R
29 15 24 41 L
29 16 28 43 L
29 17 28 9 R
29 18 26 6 R
29 19 28 1 R
29 20 29 6 R
29 21 28 48 L
29 22 28 22 U
29 23 21 23 U
29 24 11 24 U
29 25 27 25 U
29 26 29 26 U
29 27 28 27 U
29 28 25 1 R
29 29 25 44 L
29 30 30 0 R
29 31 30 5 R
29 32 28 49 L
29 33 16 50 L
29 34 30 46 L
29 35 30 35 D
29 36 22 52 L
29 37 29 47 L
29 38 26 11 R
29 39 0 51 L
29 40 25 37 D
29 41 19 36 D
29 42 20 27 U
29 43 29 29 D
29 44 30 38 D
29 45 29 31 D
29 46 30 33 D
29 47 28 47 L
29 48 24 48 L
29 49 29 49 L
29 50 34 15 U
29 51 30 51 L
29 52 27 52 L
29 53 34 24 U
30 0 16 40 L
30 1 29 30 D
30 2 28 28 D
30 3 30 19 U
30 4 1 35 D
30 5 28 5 R
30 6 28 15 U
30 7 35 21 U
30 8 11 8 R
30 9 30 18 U
30 10 26 10 R
30 11 26 36 D
30 12 29 12 R
30 13 21 13 R
30 14 32 14 R
30 15 29 31 D
30 16 21 43 L
30 17 26 17 U
30 18 29 46 L
30 19 28 7 R
30 20 30 20 U
30 21 30 21 U
30 22 26 22 U
30 23 28 41 L
30 24 29 7 R
30 25 30 13 R
30 26 29 9 R
30 27 27 52 L
30 28 29 1 R
30 29 27 2 R
30 30 30 30 D
30 31 30 45 L
30 32 30 32 D
30 33 29 12 R
30 34 21 13 R
30 35 7 8 R
30 36 0 42 L
30 37 13 10 R
30 38 29 50 L
30 39 32 39 D
30 40 28 22 U
30 41 28 20 U
30 42 25 27 U
30 43 15 10 R
30 44 31 25 U
30 45 30 22 U
30 46 19 23 U
30 47 30 35 D
30 48 30 26 U
30 49 31 30 D
30 50 34 50 L
30 51 25 15 U
30 52 26 34 D
30 53 36 53 L
31 0 11 28 D
31 1 29 15 U
31 2 21 29 D
31 3 31 15 U
31 4 31 18 U
31 5 32 29 D
31 6 19 35 D
31 7 30 7 R
31 8 0 16 U
31 9 25 23 U
31 10 0 40 L
31 11 30 32 D
31 12 31 29 D
31 13 36 13 R
31 14 25 14 R
31 15 21 44 L
31 16 30 51 L
31 17 29 12 R
31 18 31 49 L
31 19 31 5 R
31 20 30 1 R
31 21 29 53 L
31 22 0 42 L
31 23 32 45 L
31 24 17 48 L
31 25 31 4 R
31 26 30 4 R
31 27 16 45 L
31 28 30 11 R
31 29 31 49 L
31 30 30 17 U
31 31 33 41 L
31 32 2 8 R
31 33 33 4 R
31 34 4 0 R
31 35 29 35 D
31 36 6 10 R
31 37 13 1 R
31 38 31 47 L
31 39 33 39 D
31 40 23 16 U
31 41 18 1 R
31 42 32 31 D
31 43 25 32 D
31 44 32 44 L
31 45 31 45 L
31 46 32 30 D
31 47 0 9 R
31 48 31 31 D
31 49 31 37 D
31 50 35 18 U
31 52 18 23 U
31 53 37 24 U
32 0 30 50 L
32 1 14 28 D
32 2 30 29 D
32 3 29 43 L
32 4 31 17 U
32 5 31 19 U
32 6 34 32 D
32 7 24 7 R
32 8 22 34 D
32 10 33 10 R
32 11 17 24 U
32 12 0 50 L
32 13 28 25 U
32 14 29 14 R
32 15 30 12 R
32 16 0 2 R
32 17 27 40 L
32 18 31 46 L
32 19 32 19 U
32 20 16 44 L
32 21 27 53 L
32 22 32 4 R
32 23 33 23 U
32 24 0 52 L
32 25 32 3 R
32 26 17 36 D
32 27 30 27 U
32 28 29 5 R
32 29 28 3 R
32 30 31 40 L
32 31 32 31 D
32 32 32 53 L
32 33 33 2 R
32 34 2 9 R
32 35 19 18 U
32 36 15 36 D
32 37 30 53 L
32 38 35 38 D
32 39 15 39 D
32 40 20 17 U
32 41 30 18 U
32 42 29 16 U
32 43 32 33 D
32 44 33 31 D
32 45 30 25 U
32 46 33 38 D
32 47 36 21 U
32 48 31 48 L
32 49 31 28 D
32 50 33 50 L
32 53 37 53 L
33 0 31 34 D
33 1 28 19 U
33 2 33 33 D
33 3 27 35 D
33 4 32 30 D
33 5 31 5 R
33 6 31 35 D
33 7 29 7 R
33 8 35 37 D
33 10 21 10 R
33 11 33 11 R
33 12 34 12 R
33 13 27 53 L
33 14 33 19 U
33 15 26 53 L
33 16 30 41 L
33 17 32 44 L
33 18 22 2 R
33 19 31 11 R
33 20 31 20 U
33 21 32 42 L
33 22 33 22 U
33 23 30 23 U
33 24 33 2 R
33 25 32 25 U
33 26 33 49 L
33 27 16 27 U
33 28 29 0 R
33 29 20 5 R
33 30 33 14 R
33 31 32 42 L
33 32 33 32 D
33 33 24 12 R
33 34 31 34 D
33 35 34 35 D
33 36 24 43 L
33 37 35 37 D
33 38 33 38 D
33 39 27 39 D
33 40 18 15 U
33 41 25 22 U
33 42 33 42 L
33 43 7 19 U
33 44 32 28 D
33 45 34 31 D
33 46 34 36 D
33 48 35 34 D
33 49 34 24 U
33 50 24 20 U
33 53 37 37 D
34 0 35 16 U
34 1 28 16 U
34 2 33 28 D
34 3 32 3 R
34 4 34 23 U
34 5 3 15 U
34 6 35 23 U
34 7 32 7 R
34 8 34 8 R
34 10 34 17 U
34 11 10 35 D
34 12 30 12 R
34 13 23 13 R
34 14 33 14 R
34 15 32 48 L
34 16 34 45 L
34 17 23 40 L
34 18 5 10 R
34 19 32 2 R
34 20 33 43 L
34 21 34 6 R
34 22 28 1 R
34 23 33 45 L
34 24 35 24 U
34 25 35 44 L
34 26 34 26 U
34 27 19 27 U
34 28 33 11 R
34 29 31 14 R
34 30 34 0 R
34 31 31 31 D
34 32 34 41 L
34 33 31 33 D
34 34 29 27 U
34 35 29 21 U
34 36 7 7 R
34 37 32 1 R
34 38 21 13 R
34 39 35 7 R
34 40 29 31 D
34 41 33 30 D
34 42 32 22 U
34 43 35 33 D
34 44 34 21 U
34 45 35 32 D
34 48 9 48 L
34 49 34 49 L
34 50 29 50 L
34 53 23 53 L
35 0 35 29 D
35 1 34 46 L
35 2 35 46 L
35 3 30 33 D
35 4 35 4 R
35 5 23 5 R
35 6 35 6 R
35 7 23 17 U
35 8 32 31 D
35 10 32 10 R
35 12 33 12 R
35 13 35 13 R
35 14 38 28 D
35 15 31 40 L
35 16 29 8 R
35 17 33 6 R
35 18 34 4 R
35 19 9 50 L
35 20 7 36 D
35 21 35 21 U
35 22 34 22 U
35 23 24 44 L
35 24 36 12 R
35 25 35 25 U
35 26 35 26 U
35 27 29 27 U
35 28 32 44 L
35 29 32 3 R
35 30 35 30 D
35 31 33 50 L
35 32 32 17 U
35 33 31 3 R
35 34 31 0 R
35 35 34 43 L
35 36 35 8 R
35 37 34 37 D
35 38 37 6 R
35 39 37 53 L
35 40 0 12 R
35 41 35 41 L
35 42 31 42 L
35 43 35 43 L
35 44 29 25 U
35 45 34 37 D
35 48 36 20 U
35 49 35 49 L
35 50 11 0 R
35 53 13 53 L
36 0 34 29 D
36 1 32 19 U
36 2 26 39 D
36 3 37 39 D
36 4 33 28 D
36 5 10 40 L
36 6 0 27 U
36 7 26 7 R
36 8 25 8 R
36 10 33 20 U
36 12 4 49 L
36 13 30 13 R
36 15 7 53 L
36 16 35 6 R
36 17 18 2 R
36 18 36 4 R
36 19 36 6 R
36 20 35 53 L
36 21 36 1 R
36 22 22 13 R
36 23 31 44 L
36 24 36 24 U
36 25 31 47 L
36 26 37 3 R
36 27 29 53 L
36 28 28 7 R
36 29 31 4 R
36 30 33 30 D
36 31 19 6 R
36 32 32 5 R
36 33 37 5 R
36 34 31 13 R
36 35 20 40 L
36 36 16 1 R
36 37 32 48 L
36 38 37 2 R
36 39 38 42 L
36 40 27 15 U
36 41 36 28 D
36 42 35 16 U
36 43 36 33 D
36 44 37 34 D
36 45 36 29 D
36 48 37 48 L
36 49 34 30 D
36 50 38 50 L
36 53 37 26 U
37 0 33 16 U
37 1 35 44 L
37 2 33 38 D
37 3 37 3 R
37 4 35 20 U
37 5 20 30 D
37 6 37 38 D
37 7 33 22 U
37 13 31 23 U
37 15 17 8 R
37 16 34 41 L
37 17 36 13 R
37 18 37 18 U
37 19 37 19 U
37 20 36 20 U
37 21 37 21 U
37 22 35 13 R
37 23 31 23 U
37 24 36 4 R
37 25 37 25 U
37 26 11 28 D
37 27 36 27 U
37 28 29 11 R
37 29 37 40 L
37 30 0 42 L
37 31 32 0 R
37 32 36 32 D
37 33 37 42 L
37 34 36 34 D
37 35 36 35 D
37 36 29 36 D
37 37 18 17 U
37 38 37 48 L
37 39 37 39 D
37 40 37 19 U
37 41 33 18 U
37 42 37 42 L
37 43 25 43 L
37 44 34 38 D
37 45 28 39 D
37 48 36 38 D
37 50 36 50 L
37 53 0 27 U
38 0 0 25 U
38 2 35 26 U
38 5 35 15 U
38 13 36 18 U
38 15 36 48 L
38 16 36 53 L
38 18 36 3 R
38 19 38 2 R
38 20 36 5 R
38 25 30 36 D
38 26 39 26 U
38 27 24 40 L
38 28 30 16 U
38 35 12 45 L
38 36 35 10 R
38 40 32 20 U
38 42 34 22 U
38 45 25 14 R
38 48 38 39 D
38 53 16 53 L
39 0 14 36 D
39 2 38 2 R
39 15 31 50 L
39 19 31 19 U
39 20 17 35 D
39 25 38 25 U
39 26 26 26 U
39 28 14 0 R
39 35 20 35 D
39 36 0 15 U
40 0 32 19 U
40 20 40 20 U
40 35 13 35 D
40 36 39 36 D
41 36 32 36 D

