8 10 71
4 5 2 0 0 0 7 0 0 6
0 0 0 0 1 0 0 0 1 0
4 1 0 0 0 5 0 3 0 0
7 0 0 0 3 0 0 4 0 0
0 0 2 0 0 5 0 0 0 4
0 6 0 0 6 0 0 0 1 0
0 0 0 0 3 0 5 0 0 3
0 0 4 0 5 4 0 3 0 0
4 0 0 0 0 0 0 1 0 2
0 7 0 0 0 0 4 0 0 1
0 0 0 0 L
0 1 0 1 L
0 2 0 2 R
0 3 0 3 R
0 4 0 4 D
0 5 0 5 D
0 6 0 6 D
0 7 0 7 U
0 8 0 8 U
0 9 0 9 U
1 0 0 7 U
1 1 0 5 D
1 2 0 4 D
1 3 0 1 L
1 4 0 0 L
1 5 0 7 U
1 6 0 8 U
1 7 0 2 R
1 8 0 0 L
1 9 0 6 D
2 0 1 7 U
2 1 0 4 D
2 2 0 6 D
2 3 1 3 R
2 4 2 0 L
2 5 0 1 L
2 6 1 6 D
2 7 0 3 R
2 8 1 2 R
2 9 0 5 D
3 0 2 7 U
3 1 2 9 U
3 2 4 0 L
3 3 2 6 D
3 4 1 4 D
3 5 4 9 U
3 6 0 3 R
3 7 2 7 U
3 8 0 4 D
3 9 3 1 L
4 0 3 9 U
4 1 2 6 D
4 2 3 5 D
4 3 0 8 U
4 4 4 2 R
4 5 5 0 L
4 6 1 1 L
4 7 3 3 R
4 8 3 8 U
4 9 3 2 R
5 0 0 2 R
5 1 5 8 U
5 2 0 9 U
5 3 2 5 D
5 4 1 7 U
5 5 4 5 D
5 6 2 6 D
5 7 2 1 L
5 8 5 4 D
5 9 5 3 R
6 0 6 8 U
6 1 3 6 D
6 2 2 0 L
6 3 2 1 L
6 4 6 4 D
6 7 1 7 U
6 8 6 2 R
6 9 6 9 U
7 3 6 3 R
7 4 5 9 U
7 9 4 9 U

