29 20 486
27 19 0 0 0 0 0 0 0 0 0 0 4 10
3 0 0 0 0 0 0 0 0 0 0 0 2 9
7 5 25 26 0 1 1 24 0 24 6 0 0 16
3 16 23 0 22 0 0 22 25 0 0 26 0 24
0 28 0 27 19 2 0 0 0 0 22 0 24 22
22 0 16 16 11 10 0 0 14 13 21 0 0 15
24 15 19 0 4 0 18 0 15 6 14 21 4 1
0 12 0 17 1 0 0 24 0 1 25 0 28 14
18 21 22 0 0 26 15 11 7 9 0 0 0 0
22 5 0 0 0 0 0 18 0 12 0 0 0 0
0 0 15 8 0 0 6 0 13 0 0 0 20 24
23 9 0 0 0 14 0 18 19 0 17 20 0 0
13 20 18 9 11 0 22 6 18 4 0 13 0 0
2 4 8 16 0 14 5 0 23 10 13 16 27 14
0 0 0 0 R
0 1 0 1 R
0 2 0 2 R
0 3 0 3 R
0 4 0 4 R
0 5 0 5 U
0 6 0 6 U
0 7 0 7 U
0 8 0 8 U
0 9 0 9 U
0 10 0 10 D
0 11 0 11 D
0 12 0 12 D
0 13 0 13 D
0 14 0 14 D
0 15 0 15 L
0 16 0 16 L
0 17 0 17 L
0 18 0 18 L
0 19 0 19 L
1 0 4 5 U
1 1 3 5 U
1 2 0 6 U
1 3 11 9 U
1 4 5 4 R
1 5 0 2 R
1 6 5 6 U
1 7 13 0 R
1 8 0 11 D
1 9 2 9 U
1 10 2 10 D
1 11 2 15 L
1 12 0 5 U
1 13 2 16 L
1 14 4 17 L
1 15 0 10 D
1 16 6 2 R
1 17 11 17 L
1 18 13 18 L
1 19 14 19 L
2 0 6 10 D
2 1 13 1 R
2 2 15 7 U
2 3 17 3 R
2 4 0 7 U
2 5 0 19 L
2 6 9 6 U
2 7 0 16 L
2 8 0 18 L
2 9 22 15 L
2 10 0 1 R
2 11 12 15 L
2 12 0 15 L
2 13 15 13 D
2 14 1 14 D
2 15 7 15 L
2 16 5 16 L
2 17 0 12 D
2 18 18 13 D
2 19 0 5 U
3 0 7 10 D
3 1 2 1 R
3 2 0 7 U
3 3 18 13 D
3 4 20 8 U
3 5 12 0 R
3 6 12 4 R
3 7 0 17 L
3 8 4 15 L
3 9 5 4 R
3 10 1 15 L
3 11 4 11 D
3 12 12 0 R
3 13 7 13 D
3 14 1 17 L
3 15 23 0 R
3 16 1 16 L
3 17 6 2 R
3 18 2 18 L
3 19 1 19 L
4 0 13 0 R
4 1 8 6 U
4 2 15 11 D
4 3 18 3 R
4 4 1 7 U
4 5 11 1 R
4 6 1 6 U
4 7 12 7 U
4 8 3 8 U
4 9 15 9 U
4 10 0 18 L
4 11 0 2 R
4 12 15 12 D
4 13 12 19 L
4 14 7 14 D
4 15 5 13 D
4 16 6 16 L
4 17 0 3 R
4 18 16 14 D
4 19 0 0 R
5 0 0 10 D
5 1 3 1 R
5 2 3 2 R
5 3 3 3 R
5 4 1 4 R
5 5 0 0 R
5 6 6 6 U
5 7 8 7 U
5 8 14 17 L
5 9 9 0 R
5 10 0 4 R
5 11 8 6 U
5 12 15 1 R
5 13 14 17 L
5 14 9 2 R
5 15 2 15 L
5 16 7 12 D
5 17 20 10 D
5 18 19 18 L
5 19 1 11 D
6 0 7 12 D
6 1 1 1 R
6 2 23 13 D
6 3 5 13 D
6 4 4 4 R
6 5 22 5 U
6 6 4 3 R
6 7 22 17 L
6 8 14 3 R
6 9 8 9 U
6 10 4 15 L
6 11 0 8 U
6 12 5 4 R
6 13 7 2 R
6 14 2 14 D
6 15 3 0 R
6 16 2 16 L
6 17 3 3 R
6 18 1 18 L
6 19 22 19 L
7 0 12 11 D
7 1 0 11 D
7 2 16 2 R
7 3 0 12 D
7 4 1 4 R
7 5 12 5 U
7 6 0 11 D
7 7 0 15 L
7 8 14 0 R
7 9 17 17 L
7 10 2 15 L
7 11 16 2 R
7 12 0 16 L
7 13 2 7 U
7 14 6 14 D
7 15 3 10 D
7 16 0 13 D
7 17 2 12 D
7 18 9 2 R
7 19 1 5 U
8 0 18 9 U
8 1 1 13 D
8 2 7 6 U
8 3 21 12 D
8 4 9 10 D
8 5 14 2 R
8 6 4 6 U
8 7 11 10 D
8 8 16 8 U
8 10 0 6 U
8 11 1 0 R
8 12 2 12 D
8 13 0 17 L
8 14 20 18 L
8 15 11 8 U
8 16 10 14 D
8 17 10 17 L
8 18 11 12 D
8 19 2 19 L
9 0 0 13 D
9 1 12 7 U
9 2 22 2 R
9 3 18 3 R
9 4 12 7 U
9 5 4 15 L
9 6 23 19 L
9 7 1 3 R
9 8 4 8 U
9 9 24 9 U
9 10 13 6 U
9 11 0 0 R
9 12 6 4 R
9 13 8 13 D
9 14 8 14 D
9 15 0 8 U
9 16 19 6 U
9 17 2 3 R
9 18 1 4 R
9 19 7 13 D
10 0 26 14 D
10 1 2 1 R
10 2 18 2 R
10 3 3 13 D
10 4 21 4 R
10 5 15 15 L
10 6 3 6 U
10 7 5 12 D
10 8 11 8 U
10 10 2 10 D
10 11 8 11 D
10 12 25 12 D
10 13 0 3 R
10 14 2 14 D
10 15 0 12 D
10 16 17 16 L
10 17 12 13 D
10 18 14 18 L
10 19 3 7 U
11 0 10 6 U
11 1 0 5 U
11 2 15 12 D
11 3 21 3 R
11 4 4 4 R
11 5 8 16 L
11 6 0 15 L
11 7 3 1 R
11 8 18 8 U
11 10 13 10 D
11 11 3 19 L
11 12 13 17 L
11 13 0 7 U
11 14 3 1 R
11 15 2 10 D
11 16 6 16 L
11 17 3 17 L
11 18 0 10 D
11 19 7 10 D
12 0 0 15 L
12 1 6 10 D
12 2 3 11 D
12 3 0 9 U
12 4 1 4 R
12 5 9 19 L
12 6 20 3 R
12 7 10 2 R
12 8 11 8 U
12 10 0 19 L
12 11 14 18 L
12 12 1 12 D
12 13 10 13 D
12 14 0 8 U
12 15 18 11 D
12 16 9 10 D
12 17 9 11 D
12 18 2 4 R
12 19 2 19 L
13 0 3 0 R
13 1 14 1 R
13 2 7 5 U
13 3 1 3 R
13 4 4 11 D
13 5 9 3 R
13 6 4 15 L
13 7 0 19 L
13 8 10 17 L
13 9 11 16 L
13 10 3 1 R
13 11 0 5 U
13 12 1 17 L
13 13 2 8 U
13 14 6 0 R
13 15 1 15 L
13 16 8 16 L
13 17 5 17 L
13 18 1 18 L
13 19 5 12 D
14 0 16 5 U
14 1 13 16 L
14 2 9 7 U
14 3 10 3 R
14 4 3 4 R
14 5 0 1 R
14 6 1 3 R
14 7 2 7 U
14 8 13 4 R
14 9 10 0 R
14 10 11 15 L
14 11 8 11 D
14 12 6 7 U
14 13 19 15 L
14 14 10 14 D
14 15 19 15 L
14 16 5 5 U
14 17 9 1 R
14 18 2 18 L
14 19 3 19 L
15 0 23 11 D
15 1 16 12 D
15 2 21 5 U
15 3 18 7 U
15 4 17 14 D
15 5 2 15 L
15 6 5 17 L
15 7 6 7 U
15 8 16 19 L
15 9 9 9 U
15 10 4 10 D
15 11 2 11 D
15 12 4 12 D
15 13 20 13 D
15 14 6 14 D
15 15 4 15 L
15 16 0 11 D
15 17 8 5 U
15 18 1 18 L
15 19 14 11 D
16 0 3 0 R
16 1 11 13 D
16 2 0 16 L
16 3 6 3 R
16 4 3 12 D
16 5 1 2 R
16 6 10 16 L
16 7 9 7 U
16 8 11 16 L
16 10 1 6 U
16 11 24 17 L
16 12 1 16 L
16 13 12 16 L
16 14 21 19 L
16 15 14 11 D
16 16 13 16 L
16 17 5 8 U
16 18 18 6 U
16 19 17 8 U
17 0 14 7 U
17 1 14 1 R
17 2 18 18 L
17 3 12 14 D
17 4 12 4 R
17 6 3 4 R
17 7 3 16 L
17 8 1 18 L
17 10 22 7 U
17 11 2 11 D
17 12 3 16 L
17 13 14 3 R
17 15 23 6 U
17 16 3 16 L
17 17 2 6 U
17 18 1 3 R
17 19 3 19 L
18 0 5 0 R
18 1 16 11 D
18 2 3 7 U
18 3 2 3 R
18 4 1 6 U
18 5 7 10 D
18 6 14 17 L
18 7 19 16 L
18 8 20 8 U
18 9 21 9 U
18 10 8 10 D
18 11 22 16 L
18 12 17 19 L
18 13 0 15 L
18 15 22 15 L
18 16 0 6 U
18 17 0 7 U
18 18 0 4 R
18 19 1 6 U
19 0 25 0 R
19 1 27 1 R
19 2 7 14 D
19 3 22 10 D
19 4 3 4 R
19 6 20 18 L
19 7 3 15 L
19 10 15 0 R
19 11 9 0 R
19 12 6 2 R
19 13 3 13 D
19 15 1 10 D
19 16 3 16 L
19 18 10 18 L
19 19 13 19 L
20 1 3 6 U
20 2 7 8 U
20 3 7 6 U
20 4 4 10 D
20 6 13 0 R
20 7 5 4 R
20 8 4 8 U
20 10 4 6 U
20 11 10 11 D
20 12 4 12 D
20 13 21 16 L
20 14 8 18 L
20 15 14 9 U
20 16 10 11 D
20 17 3 5 U
20 18 22 11 D
20 19 12 5 U
21 0 1 14 D
21 2 4 13 D
21 3 2 3 R
21 4 23 17 L
21 5 1 17 L
21 6 12 1 R
21 7 4 7 U
21 8 18 2 R
21 10 9 16 L
21 11 15 11 D
21 12 1 0 R
21 15 8 7 U
21 16 2 1 R
21 17 22 14 D
21 18 1 18 L
21 19 2 19 L
22 0 23 10 D
22 1 17 1 R
22 2 6 2 R
22 3 10 7 U
22 4 8 4 R
22 5 0 10 D
22 6 24 1 R
22 7 9 7 U
22 10 10 19 L
22 11 2 11 D
22 12 3 15 L
22 14 2 14 D
22 15 3 9 U
22 16 2 6 U
22 17 0 5 U
22 18 4 18 L
22 19 3 19 L
23 0 19 11 D
23 2 10 2 R
23 3 4 9 U
23 4 22 12 D
23 5 15 17 L
23 6 5 15 L
23 7 7 7 U
23 8 4 8 U
23 9 4 9 U
23 10 15 5 U
23 11 2 11 D
23 12 25 18 L
23 15 3 2 R
23 16 9 0 R
23 17 4 3 R
23 18 1 18 L
23 19 17 7 U
24 1 18 12 D
24 2 23 19 L
24 6 3 6 U
24 7 23 18 L
24 8 4 8 U
24 10 12 2 R
24 11 11 7 U
24 12 8 18 L
24 15 16 10 D
24 16 23 6 U
24 18 5 10 D
24 19 10 19 L
25 2 5 14 D
25 3 4 7 U
25 7 15 2 R
25 10 13 16 L
25 11 20 19 L
25 12 23 15 L
25 16 3 2 R
25 18 11 18 L
25 19 3 0 R
26 7 4 12 D
26 8 17 4 R
26 12 1 19 L
26 16 20 16 L
26 18 1 18 L
26 19 15 19 L
27 7 0 13 D
27 11 26 1 R
27 12 24 9 U
27 16 2 16 L
28 12 9 12 D
28 16 13 5 U

