15 17 224
9 1 0 0 0 0 0 0 0 0 6
0 0 10 0 0 5 0 0 0 0 14
0 2 0 0 0 0 0 0 0 6 9
0 0 0 0 0 2 3 13 5 8 0
0 7 0 1 0 8 6 0 14 0 14
0 0 0 0 9 10 0 3 0 0 0
0 11 0 10 12 3 0 0 13 8 13
0 10 9 0 13 0 0 8 10 13 4
0 0 12 0 3 0 4 1 2 0 12
0 10 0 0 0 12 0 6 3 1 11
12 2 0 0 13 0 11 0 10 0 6
0 0 0 0 R
0 1 0 1 R
0 2 0 2 R
0 3 0 3 R
0 4 0 4 U
0 5 0 5 U
0 6 0 6 U
0 7 0 7 U
0 8 0 8 D
0 9 0 9 D
0 10 0 10 D
0 11 0 11 D
0 12 0 12 L
0 13 0 13 L
0 14 0 14 L
0 15 0 15 L
0 16 0 16 L
1 0 0 8 D
1 1 8 1 R
1 2 5 6 U
1 3 7 3 R
1 4 10 13 L
1 5 0 1 R
1 6 2 9 D
1 7 8 7 U
1 8 0 0 R
1 9 6 12 L
1 10 2 10 D
1 11 8 0 R
1 12 8 11 D
1 13 12 13 L
1 14 2 3 R
1 15 3 4 U
1 16 7 16 L
2 0 6 8 D
2 1 7 4 U
2 2 1 5 U
2 3 0 10 D
2 4 0 8 D
2 5 0 14 L
2 6 0 2 R
2 7 1 3 R
2 8 3 8 D
2 9 1 13 L
2 10 10 12 L
2 11 7 11 D
2 12 10 0 R
2 13 1 13 L
2 14 3 9 D
2 15 12 15 L
2 16 8 2 R
3 0 4 5 U
3 1 4 5 U
3 2 11 9 D
3 3 2 4 U
3 4 10 4 U
3 5 0 13 L
3 6 4 6 U
3 7 5 7 U
3 8 0 1 R
3 9 4 4 U
3 10 7 15 L
3 11 9 12 L
3 12 0 10 D
3 13 0 1 R
3 14 0 3 R
3 15 12 5 U
3 16 5 10 D
4 0 0 12 L
4 1 8 1 R
4 2 0 9 D
4 3 0 6 U
4 4 1 0 R
4 5 11 5 U
4 6 1 13 L
4 7 0 14 L
4 8 11 0 R
4 9 8 9 D
4 10 2 16 L
4 11 9 15 L
4 12 5 1 R
4 13 6 10 D
4 14 9 11 D
4 15 7 6 U
4 16 0 5 U
5 0 2 0 R
5 1 7 11 D
5 2 6 2 R
5 3 11 4 U
5 4 1 12 L
5 5 6 8 D
5 6 1 1 R
5 7 11 14 L
5 8 3 8 D
5 9 4 14 L
5 10 0 5 U
5 11 4 11 D
5 12 11 10 D
5 13 11 8 D
5 14 7 14 L
5 15 1 15 L
5 16 3 3 R
6 0 0 4 U
6 1 1 5 U
6 2 0 5 U
6 3 10 6 U
6 4 10 14 L
6 5 1 11 D
6 6 3 14 L
6 7 12 12 L
6 8 9 12 L
6 9 3 9 D
6 10 0 12 L
6 11 2 16 L
6 12 8 8 D
6 13 5 9 D
6 14 5 10 D
6 15 2 9 D
7 0 10 4 U
7 1 9 1 R
7 2 5 11 D
7 3 11 6 U
7 4 12 12 L
7 5 13 1 R
7 6 1 6 U
7 7 6 7 U
7 8 0 12 L
7 9 1 3 R
7 10 6 15 L
7 11 0 14 L
7 12 5 12 L
7 13 4 9 D
7 14 0 6 U
7 15 8 15 L
7 16 3 10 D
8 0 6 6 U
8 1 9 10 D
8 2 3 7 U
8 3 5 5 U
8 4 11 4 U
8 5 2 0 R
8 6 9 3 R
8 7 7 2 R
8 8 1 8 D
8 9 9 4 U
8 10 3 10 D
8 11 3 5 U
8 12 1 4 U
8 13 3 2 R
8 14 7 4 U
8 15 3 11 D
8 16 1 16 L
9 0 0 7 U
9 1 13 8 D
9 2 8 10 D
9 3 11 7 U
9 4 6 4 U
9 5 5 14 L
9 6 10 12 L
9 7 5 11 D
9 8 11 8 D
9 9 10 13 L
9 10 4 5 U
9 12 4 9 D
9 13 2 13 L
9 14 4 2 R
9 15 3 3 R
9 16 11 16 L
10 0 5 9 D
10 1 7 5 U
10 2 4 5 U
10 3 7 8 D
10 4 2 12 L
10 5 12 0 R
10 6 3 16 L
10 8 5 13 L
10 9 7 12 L
10 10 0 2 R
10 11 1 11 D
10 12 0 0 R
10 13 7 5 U
10 14 9 2 R
10 15 4 15 L
11 0 2 7 U
11 1 10 9 D
11 4 2 4 U
11 5 4 2 R
11 6 6 1 R
11 7 12 16 L
11 8 3 12 L
11 9 3 15 L
11 10 3 10 D
11 11 7 11 D
11 12 0 4 U
11 13 1 7 U
11 15 1 15 L
12 0 9 11 D
12 1 2 1 R
12 2 11 6 U
12 3 2 3 R
12 4 8 4 U
12 5 4 1 R
12 6 1 8 D
12 8 3 3 R
12 9 13 12 L
12 10 10 2 R
12 11 4 3 R
12 12 1 5 U
12 13 1 13 L
12 15 13 7 U
13 0 1 4 U
13 1 9 9 D
13 4 5 0 R
13 5 7 13 L
13 6 12 2 R
13 8 9 5 U
13 9 12 9 D
13 11 9 3 R
13 12 0 8 D
13 13 1 13 L
13 15 5 15 L
14 0 7 8 D
14 8 13 13 L
14 13 6 13 L

