15 15 172
6 12 6 0 0 0 7 0 6 0 0 3 0 2 1
0 0 0 0 11 2 0 0 0 6 6 14 0 0 9
2 0 0 0 6 0 0 0 0 10 0 14 10 3 0
11 0 5 0 0 0 0 0 4 0 0 0 9 11 0
4 2 0 9 0 0 8 0 0 8 7 0 0 1 12
1 0 0 10 12 0 0 0 0 0 0 0 2 0 9
10 10 0 0 6 1 5 8 0 0 0 13 0 0 1
0 11 0 0 10 7 0 6 0 0 0 0 7 0 11
0 7 5 6 0 0 0 7 5 0 12 3 0 0 6
0 2 0 8 0 4 0 0 0 7 4 10 0 8 0
9 2 5 0 10 0 0 11 0 0 9 0 11 0 6
0 0 13 7 4 0 5 13 0 1 8 0 0 11 0
0 3 0 8 0 5 0 0 0 3 7 10 0 7 0
5 0 0 1 0 3 10 0 12 0 8 0 7 0 9
1 0 0 10 0 0 9 0 0 0 0 0 4 0 0
0 0 0 0 U
0 1 0 1 U
0 2 0 2 U
0 3 0 3 U
0 4 0 4 R
0 5 0 5 R
0 6 0 6 R
0 7 0 7 R
0 8 0 8 D
0 9 0 9 D
0 10 0 10 D
0 11 0 11 L
0 12 0 12 L
0 13 0 13 L
0 14 0 14 L
1 0 3 13 L
1 1 0 11 L
1 2 3 2 U
1 3 2 5 R
1 4 0 1 U
1 5 0 11 L
1 6 0 12 L
1 7 7 10 D
1 8 0 4 R
1 9 0 1 U
1 10 2 10 D
1 11 0 8 D
1 12 0 0 U
1 13 0 9 D
1 14 6 14 L
2 0 7 5 R
2 1 1 5 R
2 2 0 6 R
2 4 1 3 U
2 5 4 0 U
2 6 3 6 R
2 7 1 7 R
2 8 8 0 U
2 9 0 4 R
2 10 4 10 D
2 11 9 8 D
2 12 6 12 L
2 13 1 13 L
2 14 5 2 U
3 0 1 14 L
3 1 1 1 U
3 2 0 13 L
3 4 4 10 D
3 5 4 9 D
3 6 2 6 R
3 7 1 0 U
3 8 0 12 L
3 9 1 9 D
3 10 0 5 R
3 11 9 11 L
3 12 0 2 U
3 13 4 10 D
3 14 0 5 R
4 0 0 5 R
4 1 0 13 L
4 2 0 10 D
4 4 0 9 D
4 5 9 5 R
4 6 10 0 U
4 7 9 2 U
4 8 6 4 R
4 9 0 11 L
4 10 2 10 D
4 11 0 4 R
4 12 1 12 L
4 13 0 2 U
4 14 2 14 L
5 0 6 0 U
5 1 0 8 D
5 2 0 14 L
5 4 8 2 U
5 5 0 8 D
5 6 6 6 R
5 7 6 7 R
5 8 0 6 R
5 9 2 9 D
5 10 0 13 L
5 11 1 8 D
5 12 1 12 L
5 13 2 13 L
5 14 6 9 D
6 0 5 4 R
6 1 3 1 U
6 2 9 5 R
6 3 10 3 U
6 4 1 4 R
6 5 1 0 U
6 6 7 6 R
6 8 4 7 R
6 9 8 9 D
6 10 0 0 U
6 11 2 11 L
6 12 4 8 D
6 13 4 13 L
6 14 2 1 U
7 0 0 12 L
7 1 2 1 U
7 2 8 2 U
7 4 5 4 R
7 5 0 2 U
7 6 5 6 R
7 8 2 4 R
7 9 3 9 D
7 10 3 10 D
7 11 2 2 U
7 12 0 10 D
7 13 1 10 D
7 14 3 10 D
8 0 3 14 L
8 1 9 11 L
8 2 0 9 D
8 4 0 0 U
8 5 3 11 L
8 6 0 0 U
8 8 1 6 R
8 9 0 2 U
8 10 3 10 D
8 11 7 0 U
8 12 0 4 R
8 13 0 1 U
9 0 0 4 R
9 1 4 1 U
9 2 5 12 L
9 4 2 11 L
9 5 11 8 D
9 6 5 9 D
9 7 4 7 R
9 8 12 12 L
9 9 3 13 L
9 10 3 12 L
9 11 0 9 D
9 12 7 12 L
9 13 3 1 U
9 14 0 10 D
10 0 12 14 L
10 1 4 1 U
10 2 3 2 U
10 4 11 13 L
10 5 3 9 D
10 6 1 1 U
10 8 0 7 R
10 9 7 4 R
10 10 8 13 L
10 11 5 11 L
10 12 5 12 L
10 13 4 13 L
11 0 7 8 D
11 1 1 4 R
11 2 12 2 U
11 4 2 10 D
11 6 0 13 L
11 8 10 11 L
11 9 10 9 D
11 10 2 14 L
11 12 0 6 R
11 13 1 13 L
12 0 1 7 R
12 1 10 1 U
12 4 1 8 D
12 6 2 6 R
12 8 3 6 R
12 9 7 11 L
12 10 6 14 L
13 0 1 0 U
13 6 2 6 R
13 10 6 4 R
14 10 9 10 D

