11 10 86
0 0 0 0 0 0 0 0 0 0 0 9
0 0 0 0 0 10 0 0 0 0 0 0
0 0 0 3 0 0 0 0 0 0 0 0
0 0 0 0 0 0 0 0 0 0 0 0
0 0 0 0 0 0 0 0 0 0 0 0
0 0 0 0 0 0 0 0 0 0 0 0
0 0 0 0 9 6 0 0 0 0 0 0
0 0 0 2 5 0 0 8 7 6 0 0
7 0 0 5 0 0 8 3 0 0 0 0
0 0 0 0 0 0 0 0 0 0 6 0
2 0 0 0 0 0 8 4 2 0 0 0
0 0 0 7 0 0 0 0 5 1 8 5
0 0 0 0 L
0 1 0 1 L
0 2 0 2 L
0 3 0 3 R
0 4 0 4 R
0 5 0 5 R
0 6 0 6 D
0 7 0 7 D
0 8 0 8 U
0 9 0 9 U
1 0 0 9 U
1 1 5 8 U
1 2 2 3 R
1 3 3 3 R
1 4 2 9 U
1 5 2 5 R
1 6 0 3 R
1 7 4 4 R
1 8 2 5 R
1 9 2 2 L
2 0 1 6 D
2 1 1 9 U
2 2 4 8 U
2 3 1 3 R
2 4 6 4 R
2 5 4 6 D
2 6 4 1 L
2 7 0 0 L
2 8 3 0 L
2 9 4 0 L
3 0 1 0 L
3 1 0 7 D
3 2 1 2 L
3 3 5 6 D
3 4 0 6 D
3 5 4 9 U
3 6 5 1 L
3 7 0 2 L
3 8 0 7 D
3 9 2 5 R
4 0 0 8 U
4 1 1 8 U
4 2 1 9 U
4 3 0 8 U
4 4 2 8 U
4 5 2 7 D
4 6 7 0 L
4 7 0 5 R
4 8 3 1 L
4 9 5 4 R
5 0 0 6 D
5 1 6 1 L
5 3 2 9 U
5 4 3 8 U
5 5 0 0 L
5 6 3 3 R
5 7 1 5 R
5 8 0 4 R
5 9 0 3 R
6 0 4 6 D
6 1 5 7 D
6 3 2 3 R
6 4 3 4 R
6 5 8 7 D
6 6 5 2 L
6 7 7 0 L
6 8 5 3 R
6 9 0 6 D
7 0 8 6 D
7 1 6 3 R
7 3 6 8 U
7 4 4 0 L
7 5 8 5 R
7 6 5 8 U
7 8 6 4 R
8 0 9 0 L
8 1 1 1 L
8 4 5 4 R
8 5 7 5 R
8 6 2 2 L
8 8 4 0 L
8 9 1 1 L
9 0 7 7 D
9 3 0 7 D
9 8 3 6 D
10 0 3 7 D

