18 18 268
9 10 7 10 0 9 0 0 0 17 10 3
8 0 0 0 13 2 5 12 0 2 0 13
10 13 0 0 8 0 0 11 16 0 14 0
13 0 0 0 4 11 7 0 15 0 6 4
5 0 0 0 4 0 4 4 0 0 0 14
0 0 0 0 0 0 4 7 14 13 0 14
13 0 9 0 0 0 0 0 0 0 0 0
2 16 0 0 0 0 0 0 0 0 0 0
6 15 0 8 0 15 4 10 0 16 13 4
0 9 0 0 0 0 6 8 0 4 2 0
6 0 0 13 14 7 8 0 17 12 0 7
9 7 0 0 0 9 10 15 14 0 0 6
0 0 0 0 D
0 1 0 1 D
0 2 0 2 D
0 3 0 3 D
0 4 0 4 D
0 5 0 5 R
0 6 0 6 R
0 7 0 7 R
0 8 0 8 R
0 9 0 9 U
0 10 0 10 U
0 11 0 11 U
0 12 0 12 U
0 13 0 13 U
0 14 0 14 L
0 15 0 15 L
0 16 0 16 L
0 17 0 17 L
1 0 0 14 L
1 1 12 15 L
1 2 3 2 D
1 3 2 15 L
1 4 0 12 U
1 5 2 12 U
1 6 9 6 R
1 7 7 7 R
1 8 7 8 R
1 9 0 14 L
1 10 6 6 R
1 11 0 7 R
1 12 4 12 U
1 13 4 17 L
1 14 0 9 U
1 15 3 1 D
1 16 10 0 D
1 17 4 0 D
2 0 4 14 L
2 1 9 16 L
2 2 0 5 R
2 3 5 3 D
2 4 5 4 D
2 5 3 12 U
2 6 0 14 L
2 7 8 11 U
2 8 3 8 R
2 9 0 17 L
2 10 6 10 U
2 11 3 11 U
2 12 6 15 L
2 13 5 13 U
2 14 11 0 D
2 15 1 2 D
2 16 3 0 D
2 17 14 3 D
3 0 10 10 U
3 1 12 5 R
3 2 4 16 L
3 3 4 3 D
3 4 6 4 D
3 5 0 1 D
3 6 4 6 R
3 7 13 1 D
3 8 16 12 U
3 9 1 8 R
3 10 2 10 U
3 11 9 11 U
3 12 2 7 R
3 13 5 13 U
3 14 0 5 R
3 15 0 9 U
3 16 2 12 U
3 17 1 17 L
4 0 1 15 L
4 1 0 15 L
4 2 0 10 U
4 3 0 15 L
4 4 3 4 D
4 5 0 11 U
4 6 15 12 U
4 7 14 2 D
4 8 2 8 R
4 9 0 8 R
4 10 1 10 U
4 11 2 11 U
4 12 2 12 U
4 13 5 0 D
4 14 10 14 L
4 15 12 11 U
4 16 1 2 D
4 17 11 8 R
5 0 8 0 D
5 1 2 15 L
5 2 7 6 R
5 3 12 16 L
5 4 0 10 U
5 5 7 5 R
5 6 4 10 U
5 7 10 13 U
5 8 3 16 L
5 9 12 14 L
5 10 4 10 U
5 11 9 6 R
5 12 9 12 U
5 13 8 13 U
5 14 0 11 U
5 15 2 9 U
5 16 11 1 D
5 17 2 1 D
6 0 3 5 R
6 1 2 11 U
6 2 5 2 D
6 3 1 3 D
6 4 10 16 L
6 5 0 10 U
6 6 1 2 D
6 7 8 7 R
6 8 11 8 R
6 9 1 5 R
6 10 11 6 R
6 11 8 6 R
6 12 2 12 U
6 13 11 13 U
6 14 0 0 D
6 15 11 15 L
6 16 0 6 R
6 17 1 17 L
7 0 9 6 R
7 1 0 7 R
7 2 2 7 R
7 3 13 12 U
7 4 10 4 D
7 5 15 13 U
7 6 5 0 D
7 7 2 0 D
7 8 6 8 R
7 9 2 7 R
7 10 1 10 U
7 11 11 14 L
7 12 1 15 L
7 13 6 5 R
7 14 2 11 U
7 15 4 6 R
7 16 6 2 D
7 17 6 17 L
8 0 9 14 L
8 1 0 9 U
8 2 2 2 D
8 3 1 3 D
8 5 0 12 U
8 6 0 13 U
8 7 1 4 D
8 8 11 8 R
8 9 1 9 U
8 10 2 6 R
8 11 6 6 R
8 12 1 14 L
8 13 2 13 U
8 14 1 0 D
8 15 1 0 D
8 16 6 16 L
8 17 9 17 L
9 0 0 9 U
9 1 4 1 D
9 2 3 2 D
9 3 0 10 U
9 4 2 13 U
9 5 12 9 U
9 6 0 9 U
9 7 2 7 R
9 8 13 0 D
9 9 3 7 R
9 10 6 15 L
9 11 2 11 U
9 13 3 14 L
9 14 0 2 D
9 15 6 0 D
9 16 11 16 L
9 17 12 17 L
10 0 0 6 R
10 1 9 14 L
10 2 4 2 D
10 3 0 8 R
10 5 4 9 U
10 6 5 3 D
10 7 1 7 R
10 8 11 1 D
10 9 0 15 L
10 10 2 5 R
10 11 9 5 R
10 12 11 0 D
10 13 5 13 U
10 14 5 9 U
10 15 0 3 D
10 16 4 16 L
10 17 7 0 D
11 0 9 5 R
11 1 3 14 L
11 2 0 11 U
11 3 3 14 L
11 5 6 11 U
11 6 12 1 D
11 7 6 7 R
11 8 14 3 D
11 10 2 10 U
11 11 2 16 L
11 12 8 17 L
11 14 6 2 D
11 15 1 4 D
11 16 1 16 L
11 17 1 2 D
12 0 10 14 L
12 1 11 1 D
12 2 2 2 D
12 3 11 9 U
12 5 11 2 D
12 6 10 11 U
12 7 10 7 R
12 8 13 2 D
12 9 11 16 L
12 10 7 16 L
12 11 11 7 R
12 12 6 12 U
12 14 10 2 D
12 15 4 10 U
12 16 15 2 D
13 0 0 5 R
13 1 0 16 L
13 2 5 5 R
13 5 0 15 L
13 6 5 10 U
13 7 12 1 D
13 8 0 3 D
13 9 6 15 L
13 10 3 14 L
13 11 1 17 L
13 12 3 17 L
13 13 7 15 L
13 14 12 0 D
13 15 0 0 D
13 16 4 3 D
14 0 16 6 R
14 1 1 15 L
14 2 1 17 L
14 5 5 12 U
14 6 10 4 D
14 7 8 7 R
14 9 1 7 R
14 10 6 16 L
14 11 1 16 L
14 12 4 8 R
14 13 11 17 L
14 14 1 5 R
14 15 6 6 R
14 16 13 11 U
15 0 4 0 D
15 2 11 15 L
15 5 8 10 U
15 10 4 10 U
15 11 0 6 R
15 14 14 5 R
15 15 8 13 U
16 2 2 2 D
16 5 9 10 U
16 10 5 10 U
16 11 4 2 D
16 15 14 4 D
17 10 4 17 L
17 11 9 11 U

