19 19 301
10 3 12 11 0 7 7 13 0 0 16
16 0 2 0 2 0 7 12 0 13 0
15 14 15 6 0 9 0 15 0 0 14
0 0 0 0 15 10 13 12 0 0 8
0 0 15 10 0 13 0 0 17 11 18
0 4 0 12 0 0 0 16 0 0 15
11 0 1 13 11 13 6 16 0 14 0
15 0 0 10 0 0 16 0 15 12 14
0 8 0 2 0 5 0 8 15 0 3
0 10 0 0 0 0 0 1 10 0 13
8 12 0 6 0 2 15 11 6 15 4
0 0 0 0 R
0 1 0 1 R
0 2 0 2 R
0 3 0 3 R
0 4 0 4 R
0 5 0 5 U
0 6 0 6 U
0 7 0 7 U
0 8 0 8 U
0 9 0 9 U
0 10 0 10 D
0 11 0 11 D
0 12 0 12 D
0 13 0 13 D
0 14 0 14 L
0 15 0 15 L
0 16 0 16 L
0 17 0 17 L
0 18 0 18 L
1 0 0 6 U
1 1 10 1 R
1 2 0 7 U
1 3 11 13 D
1 4 3 4 R
1 5 0 15 L
1 6 11 14 L
1 7 13 2 R
1 8 6 15 L
1 9 11 16 L
1 10 9 16 L
1 11 0 2 R
1 12 8 1 R
1 13 4 13 D
1 14 6 14 L
1 15 10 13 D
1 16 8 16 L
1 17 2 5 U
1 18 9 18 L
2 0 5 0 R
2 1 0 10 D
2 2 15 10 D
2 3 1 3 R
2 4 6 13 D
2 5 0 2 R
2 6 0 1 R
2 7 12 3 R
2 8 7 0 R
2 9 6 3 R
2 10 7 4 R
2 11 7 15 L
2 12 0 5 U
2 13 5 17 L
2 14 0 11 D
2 15 3 7 U
2 16 13 8 U
2 17 1 17 L
2 18 3 18 L
3 0 6 8 U
3 1 2 1 R
3 2 0 8 U
3 3 0 18 L
3 4 10 8 U
3 5 2 10 D
3 6 2 0 R
3 7 0 11 D
3 8 13 18 L
3 9 8 9 U
3 10 8 2 R
3 11 0 1 R
3 12 9 1 R
3 13 11 4 R
3 14 6 5 U
3 15 4 15 L
3 16 2 16 L
3 17 13 9 U
3 18 7 18 L
4 0 5 12 D
4 1 11 12 D
4 2 11 2 R
4 3 16 14 L
4 4 5 12 D
4 5 11 5 U
4 6 9 17 L
4 7 6 7 U
4 8 8 8 U
4 9 3 4 R
4 10 0 17 L
4 11 0 7 U
4 12 7 6 U
4 13 3 14 L
4 14 2 6 U
4 15 16 15 L
4 16 8 16 L
4 17 1 17 L
4 18 8 7 U
5 0 7 10 D
5 1 12 1 R
5 2 2 16 L
5 3 11 3 R
5 4 1 4 R
5 5 1 14 L
5 6 1 10 D
5 7 2 1 R
5 8 12 4 R
5 9 9 17 L
5 10 0 15 L
5 11 0 16 L
5 12 9 0 R
5 13 4 3 R
5 14 0 10 D
5 15 3 6 U
5 16 10 10 D
5 17 0 12 D
5 18 7 18 L
6 0 1 5 U
6 1 0 11 D
6 2 12 9 U
6 3 1 8 U
6 4 10 4 R
6 5 8 1 R
6 6 10 6 U
6 7 4 15 L
6 8 4 12 D
6 9 1 9 U
6 10 5 0 R
6 11 11 11 D
6 12 9 12 D
6 13 12 13 D
6 14 0 5 U
6 15 14 15 L
6 16 2 6 U
6 17 0 5 U
6 18 2 11 D
7 0 6 5 U
7 1 12 13 D
7 2 6 6 U
7 3 12 6 U
7 4 2 13 D
7 5 6 17 L
7 6 9 3 R
7 7 14 1 R
7 8 1 8 U
7 9 2 14 L
7 10 0 0 R
7 11 5 11 D
7 12 8 16 L
7 13 3 5 U
7 14 1 6 U
7 15 6 5 U
7 16 1 7 U
7 17 12 17 L
7 18 6 6 U
8 0 3 6 U
8 1 6 5 U
8 2 2 2 R
8 3 10 5 U
8 4 17 15 L
8 5 6 5 U
8 6 5 6 U
8 7 12 7 U
8 8 0 4 R
8 10 4 5 U
8 11 1 1 R
8 12 15 4 R
8 13 2 13 D
8 14 2 14 L
8 15 4 15 L
8 16 1 5 U
8 18 11 0 R
9 0 7 9 U
9 1 11 6 U
9 2 10 5 U
9 3 14 3 R
9 4 4 10 D
9 5 10 14 L
9 6 12 1 R
9 7 5 18 L
9 8 13 8 U
9 10 1 14 L
9 11 15 14 L
9 12 0 18 L
9 13 1 7 U
9 14 6 10 D
9 15 5 13 D
9 16 0 6 U
9 18 2 18 L
10 0 11 10 D
10 1 1 1 R
10 2 5 2 R
10 3 2 7 U
10 4 11 9 U
10 5 6 2 R
10 6 0 10 D
10 7 13 11 D
10 8 7 8 U
10 10 11 10 D
10 11 16 0 R
10 12 0 14 L
10 13 3 15 L
10 14 3 3 R
10 15 0 0 R
10 16 14 2 R
10 18 0 10 D
11 0 0 5 U
11 1 12 1 R
11 2 0 14 L
11 3 2 8 U
11 4 9 7 U
11 5 0 14 L
11 6 2 3 R
11 7 15 15 L
11 8 4 15 L
11 9 1 9 U
11 10 8 1 R
11 11 7 0 R
11 12 12 12 D
11 13 7 4 R
11 14 5 11 D
11 15 6 4 R
11 16 8 16 L
11 17 0 2 R
11 18 1 18 L
12 0 9 11 D
12 1 2 1 R
12 2 3 7 U
12 3 2 11 D
12 4 2 6 U
12 5 8 4 R
12 6 2 11 D
12 7 2 14 L
12 8 7 8 U
12 10 3 4 R
12 11 10 7 U
12 12 7 3 R
12 13 13 0 R
12 14 3 12 D
12 15 0 12 D
12 16 0 2 R
12 18 1 18 L
13 0 11 14 L
13 1 14 16 L
13 2 1 2 R
13 3 0 15 L
13 4 2 4 R
13 5 5 10 D
13 6 9 16 L
13 7 1 7 U
13 8 8 17 L
13 10 16 3 R
13 11 1 5 U
13 12 2 16 L
13 13 9 8 U
13 14 11 7 U
13 15 0 7 U
13 16 8 16 L
14 0 9 7 U
14 1 5 10 D
14 2 5 2 R
14 3 0 13 D
14 4 1 4 R
14 5 4 15 L
14 6 6 0 R
14 7 4 14 L
14 8 1 14 L
14 10 13 16 L
14 11 4 11 D
14 12 2 18 L
14 13 1 1 R
14 14 9 8 U
14 15 10 15 L
14 16 16 1 R
14 17 5 12 D
15 0 14 0 R
15 1 13 14 L
15 2 3 13 D
15 3 1 3 R
15 5 6 3 R
15 6 1 16 L
15 7 6 12 D
15 8 0 0 R
15 10 5 6 U
15 11 12 8 U
15 12 4 2 R
15 13 3 13 D
15 14 8 13 D
15 15 4 5 U
15 16 5 3 R
16 0 3 0 R
16 1 9 12 D
16 2 2 2 R
16 3 11 3 R
16 6 0 12 D
16 7 1 11 D
16 8 2 8 U
16 12 6 12 D
16 14 3 8 U
16 15 2 9 U
16 16 2 16 L
17 1 8 15 L
17 3 14 13 D
18 1 0 13 D

