9 9 68
0 0 0 0 0 0 0 0 0 0 0 0 0 6 0 0 1 0
4 3 0 0 0 0 0 0 4 0 1 1 0 0 0 0 0 0
0 0 0 0 0 0 0 0 0 0 0 0 0 0 4 0 0 6
0 0 0 0 0 0 0 0 0 2 0 0 4 0 0 0 0 0
0 1 1 0 0 0 0 0 0 0 0 0 0 0 0 0 0 0
0 0 0 0 0 0 0 0 0 0 0 0 0 0 0 0 0 0
0 0 0 0 0 1 0 0 0 0 0 0 5 0 0 5 0 0
0 0 0 0 0 0 0 0 0 0 0 0 0 0 0 0 0 0
0 6 0 4 0 0 0 0 0 0 0 0 0 0 0 0 0 0
0 0 0 0 0 0 0 0 0 0 1 0 0 0 0 0 0 0
0 0 0 0 0 0 0 0 2 0 0 0 0 0 0 0 0 0
0 0 0 0 0 0 0 0 0 0 0 0 0 0 0 5 2 0
7 4 0 7 0 0 0 0 4 7 6 0 2 0 0 0 0 4
0 0 3 0 0 1 0 0 0 4 0 2 0 0 0 0 0 0
0 0 0 2 0 8 0 0 0 6 0 0 0 0 0 0 0 6
0 0 0 0 0 0 0 0 0 0 0 0 0 0 0 0 0 0
0 0 3 0 0 0 0 0 7 7 0 0 4 4 0 0 0 0
0 0 0 0 0 0 0 0 0 0 8 0 0 0 7 0 0 0
0 0 0 0 D
0 1 0 1 D
0 2 0 2 R
0 3 0 3 R
0 4 0 4 R
0 5 0 5 U
0 6 0 6 U
0 7 0 7 L
0 8 0 8 L
1 0 3 8 L
1 1 4 3 R
1 2 0 0 D
1 3 2 3 R
1 4 5 4 R
1 5 0 0 D
1 6 3 2 R
1 7 3 7 L
1 8 4 8 L
2 0 0 7 L
2 1 1 2 R
2 2 0 7 L
2 3 3 3 R
2 4 1 6 U
2 5 1 5 U
2 6 0 1 D
2 7 5 5 U
2 8 5 6 U
3 0 0 2 R
3 1 1 3 R
3 2 0 8 L
3 3 4 6 U
3 4 2 4 R
3 5 2 5 U
3 6 2 8 L
3 7 0 5 U
3 8 0 0 D
4 0 2 7 L
4 1 1 1 D
4 2 3 0 D
4 3 0 5 U
4 4 3 0 D
4 5 6 2 R
4 6 1 1 D
4 7 5 7 L
4 8 1 8 L
5 0 0 3 R
5 1 0 4 R
5 2 3 2 R
5 3 0 1 D
5 5 0 8 L
5 6 0 7 L
5 7 0 6 U
5 8 4 5 U
6 0 0 5 U
6 1 2 4 R
6 2 5 7 L
6 3 2 0 D
6 5 0 2 R
6 6 5 7 L
6 7 3 0 D
7 0 3 6 U
7 2 4 5 U
7 3 1 3 R
7 5 3 8 L
7 7 3 6 U
7 8 6 6 U
8 0 2 2 R
8 7 1 7 L

