14 16 189
7 0 0 5 7 12 4 0 0 0 9 0 6
0 0 0 9 9 2 0 0 0 0 3 0 0
0 0 0 0 1 8 0 7 0 0 0 1 0
0 4 4 6 0 0 1 2 0 0 0 9 0
0 0 0 4 10 0 0 13 0 0 0 3 0
0 0 0 0 0 6 1 0 8 0 10 0 0
0 10 9 0 0 12 0 0 6 0 13 13 0
7 0 5 7 0 9 0 3 0 0 8 0 0
6 0 0 3 0 0 11 0 0 12 0 2 0
0 3 0 0 0 0 5 0 12 0 11 0 0
0 0 0 0 0 0 6 10 0 7 0 9 0
9 0 0 11 10 0 0 7 9 0 0 0 0
10 0 0 0 0 8 6 0 1 11 10 0 6
0 0 0 0 D
0 1 0 1 D
0 2 0 2 D
0 3 0 3 D
0 4 0 4 R
0 5 0 5 R
0 6 0 6 R
0 7 0 7 R
0 8 0 8 U
0 9 0 9 U
0 10 0 10 U
0 11 0 11 U
0 12 0 12 L
0 13 0 13 L
0 14 0 14 L
0 15 0 15 L
1 0 8 6 R
1 1 10 15 L
1 2 5 2 D
1 3 4 3 D
1 4 0 12 L
1 5 0 9 U
1 6 0 14 L
1 7 0 10 U
1 8 2 0 D
1 9 0 5 R
1 10 0 14 L
1 11 0 7 R
1 12 5 12 L
1 13 9 1 D
1 14 0 1 D
1 15 0 0 D
2 0 3 5 R
2 1 3 4 R
2 2 7 7 R
2 3 4 5 R
2 4 1 15 L
2 5 6 5 R
2 6 0 12 L
2 7 10 10 U
2 8 0 0 D
2 9 0 13 L
2 10 0 1 D
2 11 1 11 U
2 12 0 8 U
2 13 0 4 R
2 14 0 11 U
2 15 8 3 D
3 0 1 12 L
3 1 9 14 L
3 2 2 5 R
3 3 6 7 R
3 4 2 9 U
3 5 1 1 D
3 6 1 6 R
3 7 9 7 R
3 8 0 4 R
3 9 4 12 L
3 10 10 14 L
3 11 4 13 L
3 12 8 8 U
3 13 0 5 R
3 14 4 2 D
3 15 8 10 U
4 0 0 8 U
4 1 5 13 L
4 2 0 6 R
4 3 11 13 L
4 4 3 3 D
4 5 0 0 D
4 6 10 1 D
4 7 6 0 D
4 8 9 15 L
4 9 5 5 R
4 10 3 6 R
4 11 5 12 L
4 12 1 8 U
4 13 0 9 U
4 14 0 7 R
4 15 5 2 D
5 0 0 13 L
5 1 4 6 R
5 2 7 13 L
5 3 6 14 L
5 4 2 4 R
5 5 3 2 D
5 6 7 6 R
5 7 1 7 R
5 8 9 8 U
5 9 1 9 U
5 10 0 15 L
5 11 6 11 U
5 12 1 4 R
5 13 8 9 U
5 14 4 3 D
5 15 1 9 U
6 0 0 5 R
6 1 9 7 R
6 2 3 7 R
6 3 7 12 L
6 4 0 11 U
6 5 7 8 U
6 6 5 10 U
6 7 7 11 U
6 8 11 12 L
6 9 2 6 R
6 10 1 3 D
6 11 2 11 U
6 12 2 11 U
6 13 9 8 U
6 14 3 14 L
6 15 0 3 D
7 0 2 13 L
7 1 8 10 U
7 2 4 4 R
7 3 8 3 D
7 4 3 0 D
7 5 9 9 U
7 6 6 6 R
7 7 3 8 U
7 8 2 1 D
7 9 10 9 U
7 10 10 13 L
7 11 4 4 R
7 12 6 8 U
7 13 1 13 L
7 14 3 9 U
7 15 5 15 L
8 0 7 4 R
8 1 1 6 R
8 2 7 2 D
8 3 3 6 R
8 4 3 2 D
8 5 0 8 U
8 6 1 11 U
8 7 2 14 L
8 8 0 6 R
8 9 7 14 L
8 10 3 15 L
8 11 7 7 R
8 12 5 0 D
8 13 0 10 U
8 14 1 10 U
8 15 2 15 L
9 0 8 0 D
9 1 2 6 R
9 2 0 7 R
9 3 1 3 D
9 4 0 13 L
9 5 1 14 L
9 7 11 7 R
9 8 0 2 D
9 9 11 12 L
9 10 3 13 L
9 11 2 11 U
9 12 5 10 U
9 13 1 0 D
9 14 5 3 D
10 0 6 4 R
10 1 0 15 L
10 2 11 6 R
10 3 11 7 R
10 4 7 8 U
10 5 2 11 U
10 6 9 2 D
10 7 8 2 D
10 8 12 5 R
10 9 3 13 L
10 11 1 15 L
10 12 8 7 R
10 14 0 2 D
11 0 0 4 R
11 1 6 5 R
11 2 5 4 R
11 3 8 15 L
11 5 9 2 D
11 6 3 0 D
11 7 7 3 D
11 8 4 13 L
11 14 2 9 U
11 15 5 15 L
12 1 5 1 D
12 5 9 5 R
12 7 5 15 L
12 8 1 4 R
12 14 8 0 D
13 1 0 14 L
13 5 4 5 R
13 14 2 14 L

