18 20 299
6 10 0 16 10 11 5 0 0 0 4
3 0 0 10 16 0 0 0 0 0 4
0 0 4 3 0 9 0 11 0 0 5
13 8 11 0 5 13 14 6 0 0 16
0 0 0 0 6 17 0 16 16 0 15
16 0 13 12 0 6 3 17 0 0 6
0 16 0 15 0 2 11 0 0 8 0
0 12 0 8 17 0 0 0 0 3 4
0 0 0 0 12 0 11 0 8 0 14
2 4 0 16 15 0 0 13 17 10 2
8 3 7 13 14 6 6 13 6 0 12
0 0 0 0 L
0 1 0 1 L
0 2 0 2 L
0 3 0 3 L
0 4 0 4 L
0 5 0 5 R
0 6 0 6 R
0 7 0 7 R
0 8 0 8 R
0 9 0 9 D
0 10 0 10 D
0 11 0 11 D
0 12 0 12 D
0 13 0 13 D
0 14 0 14 U
0 15 0 15 U
0 16 0 16 U
0 17 0 17 U
0 18 0 18 U
0 19 0 19 U
1 0 9 10 D
1 1 0 12 D
1 2 13 16 U
1 4 2 9 D
1 5 3 5 R
1 6 8 16 U
1 7 0 18 U
1 8 0 9 D
1 9 12 9 D
1 10 12 2 L
1 11 3 11 D
1 12 13 12 D
1 13 8 13 D
1 14 8 14 U
1 15 0 9 D
1 16 8 6 R
1 17 8 6 R
1 18 2 18 U
1 19 8 19 U
2 0 15 16 U
2 1 11 1 L
2 2 3 7 R
2 3 6 15 U
2 4 8 4 L
2 5 13 17 U
2 6 0 9 D
2 7 3 19 U
2 8 6 8 R
2 9 0 5 R
2 10 11 10 D
2 11 12 4 L
2 12 5 12 D
2 13 3 13 D
2 14 3 8 R
2 15 11 15 U
2 16 8 16 U
2 17 4 17 U
2 18 0 1 L
2 19 14 19 U
3 0 0 9 D
3 1 5 13 D
3 2 2 2 L
3 4 7 8 R
3 5 15 15 U
3 6 10 14 U
3 7 4 7 R
3 8 6 14 U
3 9 12 6 R
3 10 0 15 U
3 11 0 14 U
3 12 5 4 L
3 13 17 2 L
3 14 1 9 D
3 15 8 15 U
3 16 8 16 U
3 17 4 17 U
3 19 2 19 U
4 0 10 13 D
4 1 6 15 U
4 2 15 15 U
4 3 0 17 U
4 4 9 4 L
4 5 7 0 L
4 6 0 1 L
4 7 8 17 U
4 8 13 11 D
4 9 1 1 L
4 10 1 10 D
4 11 1 11 D
4 12 10 2 L
4 13 17 6 R
4 14 2 8 R
4 15 0 5 R
4 16 11 11 D
4 17 0 11 D
5 0 7 19 U
5 1 14 10 D
5 2 6 13 D
5 3 14 17 U
5 4 4 4 L
5 5 0 14 U
5 6 7 9 D
5 7 11 18 U
5 8 0 14 U
5 9 10 5 R
5 10 10 0 L
5 11 3 11 D
5 12 1 12 D
5 13 2 4 L
5 14 2 14 U
5 15 10 6 R
5 16 0 2 L
5 17 14 17 U
5 18 10 18 U
5 19 7 19 U
6 0 5 0 L
6 1 11 15 U
6 2 3 2 L
6 3 5 13 D
6 4 2 14 U
6 5 13 1 L
6 6 7 12 D
6 7 0 11 D
6 8 2 8 R
6 9 9 7 R
6 10 3 1 L
6 12 0 7 R
6 13 4 8 R
6 14 8 3 L
6 15 0 8 R
6 16 14 6 R
6 17 1 17 U
6 18 0 0 L
7 0 9 14 U
7 1 6 1 L
7 2 0 18 U
7 3 12 3 L
7 4 2 4 L
7 5 0 0 L
7 6 12 15 U
7 7 12 2 L
7 8 0 10 D
7 10 1 10 D
7 12 11 7 R
7 13 8 5 R
7 14 1 14 U
7 15 2 15 U
7 16 8 16 U
7 17 4 17 U
7 19 3 0 L
8 0 0 15 U
8 1 2 19 U
8 2 14 9 D
8 3 11 11 D
8 4 9 11 D
8 5 1 13 D
8 6 4 16 U
8 7 4 1 L
8 8 11 2 L
8 9 1 8 R
8 10 5 10 D
8 11 9 3 L
8 12 1 12 D
8 13 10 13 D
8 14 14 9 D
8 16 16 16 U
8 17 12 12 D
8 18 5 7 R
8 19 4 5 R
9 0 1 11 D
9 1 14 19 U
9 2 3 16 U
9 3 3 3 L
9 4 14 15 U
9 5 1 16 U
9 6 0 3 L
9 7 1 9 D
9 8 15 16 U
9 9 6 5 R
9 10 7 6 R
9 13 10 0 L
9 14 1 5 R
9 15 2 1 L
9 16 0 10 D
9 17 8 8 R
9 18 8 18 U
9 19 12 19 U
10 0 4 13 D
10 1 8 14 U
10 2 8 11 D
10 3 3 3 L
10 4 6 4 L
10 5 2 19 U
10 6 7 6 R
10 7 7 7 R
10 8 13 8 R
10 9 4 4 L
10 10 5 17 U
10 11 14 11 D
10 13 2 5 R
10 14 3 5 R
10 15 6 11 D
10 16 4 16 U
10 17 12 17 U
10 19 11 5 R
11 0 0 13 D
11 1 4 6 R
11 2 6 2 L
11 3 4 3 L
11 4 10 4 L
11 5 9 5 R
11 6 7 6 R
11 7 7 10 D
11 8 1 8 R
11 9 10 0 L
11 11 7 6 R
11 13 1 13 D
11 14 9 6 R
11 15 7 10 D
11 16 5 7 R
11 17 8 17 U
11 19 2 19 U
12 0 8 12 D
12 1 11 17 U
12 2 5 17 U
12 5 17 16 U
12 6 2 9 D
12 7 4 15 U
12 8 4 17 U
12 9 13 6 R
12 10 11 0 L
12 11 0 2 L
12 12 9 12 D
12 13 9 13 D
12 14 8 0 L
12 15 0 13 D
12 16 2 16 U
12 17 2 17 U
12 19 2 19 U
13 0 10 0 L
13 1 5 14 U
13 4 2 8 R
13 5 2 15 U
13 6 17 6 R
13 7 6 14 U
13 8 10 8 R
13 9 10 2 L
13 10 5 10 D
13 11 10 7 R
13 13 0 3 L
13 14 11 1 L
13 16 2 10 D
13 17 2 0 L
13 19 12 12 D
14 0 10 0 L
14 1 7 18 U
14 5 12 13 D
14 6 0 16 U
14 8 0 11 D
14 11 7 11 D
14 12 3 6 R
14 13 6 13 D
14 14 12 7 R
14 16 11 9 D
14 17 12 5 R
14 19 5 6 R
15 1 7 1 L
15 5 2 5 R
15 6 9 17 U
15 7 2 7 R
15 8 0 3 L
15 9 0 1 L
15 10 4 8 R
15 11 12 2 L
15 13 11 7 R
15 14 6 7 R
15 16 2 16 U
15 17 12 17 U
16 1 12 5 R
16 5 2 10 D
16 6 2 6 R
16 8 9 4 L
16 9 10 8 R
16 10 15 10 D
16 11 8 5 R
16 12 0 0 L
16 13 8 13 D
16 14 15 10 D
16 15 8 5 R
16 16 4 0 L
16 17 4 5 R
17 0 12 10 D
17 5 2 5 R
17 8 7 8 R
17 10 0 0 L
17 11 15 11 D
17 14 2 14 U
17 16 7 12 D
17 17 12 17 U

