16 16 216
0 0 2 0 0 0 0 7 0 9 0 12 0 0 0
0 8 0 0 0 0 0 0 5 0 0 0 0 0 0
0 7 4 0 0 0 0 15 14 7 1 0 0 0 6
0 0 0 0 11 0 8 14 15 0 0 0 0 0 10
0 12 0 13 0 6 0 3 0 0 0 0 0 0 0
0 3 0 0 0 12 0 0 0 0 0 0 0 0 0
0 0 12 10 0 0 0 0 14 0 0 12 0 0 4
0 0 0 5 0 14 13 3 0 8 13 0 0 1 0
11 0 0 0 0 0 12 0 12 0 0 0 0 0 0
0 0 0 0 5 11 0 0 0 0 0 0 0 0 0
12 0 0 0 0 0 0 12 0 0 0 0 0 0 0
2 0 0 12 5 0 0 8 11 0 0 0 11 0 0
0 0 0 0 0 0 0 0 9 6 8 2 7 0 0
10 0 11 0 0 12 1 0 0 0 0 0 0 0 0
9 0 0 13 2 0 0 0 2 0 0 14 0 5 13
0 0 0 0 L
0 1 0 1 L
0 2 0 2 L
0 3 0 3 L
0 4 0 4 R
0 5 0 5 R
0 6 0 6 R
0 7 0 7 R
0 8 0 8 D
0 9 0 9 D
0 10 0 10 D
0 11 0 11 D
0 12 0 12 U
0 13 0 13 U
0 14 0 14 U
0 15 0 15 U
1 0 4 9 D
1 1 2 1 L
1 2 7 10 D
1 3 8 3 L
1 4 0 12 U
1 5 2 13 U
1 6 3 9 D
1 7 9 14 U
1 8 7 8 D
1 9 0 0 L
1 10 8 2 L
1 11 2 3 L
1 12 8 4 R
1 13 3 8 D
1 14 9 3 L
1 15 9 6 R
2 0 7 0 L
2 1 4 1 L
2 2 4 2 L
2 3 6 15 U
2 4 8 8 D
2 5 9 12 U
2 6 0 14 U
2 7 0 15 U
2 8 1 2 L
2 9 9 0 L
2 10 1 0 L
2 11 11 11 D
2 12 11 1 L
2 13 12 13 U
2 14 10 11 D
2 15 0 5 R
3 0 1 12 U
3 1 0 5 R
3 2 0 13 U
3 3 6 12 U
3 4 10 11 D
3 5 2 5 R
3 6 4 1 L
3 7 4 15 U
3 8 5 5 R
3 9 10 9 D
3 10 2 10 D
3 11 6 6 R
3 12 1 12 U
3 13 4 0 L
3 14 7 14 U
3 15 1 15 U
4 0 3 0 L
4 1 5 8 D
4 2 8 13 U
4 3 1 3 L
4 4 11 9 D
4 5 10 5 R
4 6 7 6 R
4 7 9 7 R
4 8 0 4 R
4 9 2 5 R
4 10 2 7 R
4 11 9 0 L
4 12 10 0 L
4 13 0 4 R
4 14 10 0 L
4 15 2 15 U
5 0 1 11 D
5 1 10 15 U
5 2 12 10 D
5 3 2 13 U
5 4 6 13 U
5 5 9 15 U
5 6 2 6 R
5 7 13 13 U
5 8 8 3 L
5 9 1 7 R
5 10 7 10 D
5 11 7 11 D
5 12 0 0 L
5 13 12 5 R
5 14 3 14 U
5 15 11 4 R
6 0 0 4 R
6 1 11 8 D
6 2 3 15 U
6 3 4 10 D
6 4 0 0 L
6 5 5 12 U
6 7 2 7 R
6 8 10 0 L
6 9 1 0 L
6 10 9 6 R
6 11 8 5 R
6 12 0 6 R
6 13 8 4 R
6 14 9 5 R
6 15 8 11 D
7 0 0 12 U
7 1 10 14 U
7 2 5 2 L
7 3 0 7 R
7 4 1 4 R
7 5 1 13 U
7 7 13 7 R
7 8 3 5 R
7 9 0 3 L
7 10 3 10 D
7 11 1 7 R
7 12 5 8 D
7 13 12 4 R
7 14 1 2 L
7 15 5 15 U
8 0 0 8 D
8 1 2 1 L
8 2 0 11 D
8 3 6 14 U
8 4 6 12 U
8 5 1 5 R
8 6 1 15 U
8 7 4 7 R
8 8 1 8 D
8 9 11 13 U
8 10 13 5 R
8 11 1 11 D
8 12 9 1 L
8 13 6 4 R
8 14 1 6 R
8 15 11 15 U
9 0 7 13 U
9 1 8 9 D
9 2 3 13 U
9 3 6 3 L
9 4 0 8 D
9 5 6 0 L
9 6 0 10 D
9 8 0 1 L
9 9 5 2 L
9 10 3 1 L
9 11 5 7 R
9 12 1 4 R
9 13 11 4 R
9 14 4 4 R
9 15 0 0 L
10 0 5 11 D
10 1 6 1 L
10 2 3 14 U
10 3 0 6 R
10 4 0 13 U
10 5 11 9 D
10 6 9 14 U
10 8 0 5 R
10 9 2 4 R
10 10 0 7 R
10 11 0 14 U
10 12 0 8 D
10 13 0 1 L
10 14 9 4 R
10 15 5 15 U
11 0 6 10 D
11 1 5 11 D
11 2 12 11 D
11 3 9 9 D
11 4 2 2 L
11 5 0 9 D
11 8 0 12 U
11 9 7 4 R
11 10 5 10 D
11 11 5 11 D
11 12 8 0 L
11 13 2 1 L
11 14 5 5 R
11 15 3 15 U
12 0 6 9 D
12 1 8 12 U
12 3 4 5 R
12 4 1 4 R
12 5 2 10 D
12 9 4 4 R
12 10 8 10 D
12 11 8 11 D
12 12 0 2 L
12 13 10 4 R
12 14 5 14 U
12 15 0 10 D
13 0 8 14 U
13 1 8 1 L
13 2 4 2 L
13 3 2 3 L
13 4 11 12 U
13 5 4 1 L
13 8 1 3 L
13 9 8 12 U
13 11 8 3 L
13 12 4 12 U
13 15 12 3 L
14 0 5 0 L
14 1 2 1 L
14 4 13 12 U
14 5 2 5 R
14 12 8 12 U
15 5 3 8 D
15 12 3 1 L

