30 32 789
22 14 0 0 2 9 26 13 19 24 0 27 10
0 10 0 6 0 0 0 0 20 19 27 0 6
24 0 0 0 0 26 25 10 10 6 0 0 24
7 15 0 0 0 7 10 6 1 20 0 20 0
0 22 12 18 0 0 0 0 22 0 25 19 25
17 0 6 15 0 0 0 0 19 15 17 0 27
0 23 5 23 0 0 18 18 5 0 0 0 25
0 0 0 14 27 2 0 0 26 0 4 27 24
6 2 1 0 12 28 0 18 0 0 0 0 21
7 20 6 0 0 0 0 0 0 0 0 0 10
25 0 0 7 25 4 0 0 0 0 0 0 0
26 0 0 26 0 5 23 25 0 0 24 13 9
27 1 28 26 5 27 13 21 26 25 25 15 23
0 0 0 0 D
0 1 0 1 D
0 2 0 2 D
0 3 0 3 D
0 4 0 4 D
0 5 0 5 D
0 6 0 6 D
0 7 0 7 D
0 8 0 8 D
0 9 0 9 R
0 10 0 10 R
0 11 0 11 R
0 12 0 12 R
0 13 0 13 R
0 14 0 14 R
0 15 0 15 R
0 16 0 16 U
0 17 0 17 U
0 18 0 18 U
0 19 0 19 U
0 20 0 20 U
0 21 0 21 U
0 22 0 22 U
0 23 0 23 U
0 24 0 24 U
0 25 0 25 L
0 26 0 26 L
0 27 0 27 L
0 28 0 28 L
0 29 0 29 L
0 30 0 30 L
0 31 0 31 L
1 0 3 25 L
1 1 23 11 R
1 2 15 27 L
1 3 7 30 L
1 4 14 10 R
1 5 16 14 R
1 6 3 6 D
1 7 0 23 U
1 8 20 27 L
1 9 20 1 D
1 10 8 25 L
1 11 0 18 U
1 12 14 17 U
1 13 5 18 U
1 14 2 14 R
1 15 8 17 U
1 16 28 16 U
1 17 0 0 D
1 18 0 11 R
1 19 13 10 R
1 20 5 20 U
1 21 13 5 D
1 22 7 22 U
1 23 8 12 R
1 24 7 24 U
1 25 0 0 D
1 26 12 20 U
1 27 24 21 U
1 28 24 28 L
1 29 8 4 D
1 30 22 4 D
1 31 8 31 L
2 0 18 28 L
2 1 25 26 L
2 2 0 12 R
2 3 5 13 R
2 4 28 14 R
2 5 24 22 U
2 6 6 12 R
2 7 13 26 L
2 8 5 14 R
2 9 0 0 D
2 10 0 27 L
2 11 6 11 R
2 12 1 12 R
2 13 9 13 R
2 14 18 19 U
2 15 3 15 R
2 16 12 29 L
2 17 16 9 R
2 18 3 28 L
2 19 5 28 L
2 20 7 20 U
2 21 22 21 U
2 22 10 22 U
2 23 0 29 L
2 24 12 9 R
2 25 0 18 U
2 26 23 1 D
2 27 5 2 D
2 28 4 2 D
2 29 8 29 L
2 30 3 30 L
2 31 3 4 D
3 0 5 25 L
3 1 6 25 L
3 2 13 30 L
3 3 0 26 L
3 4 1 4 D
3 5 17 5 D
3 6 17 6 D
3 7 8 7 D
3 8 10 8 D
3 9 2 30 L
3 10 11 10 R
3 11 4 20 U
3 12 0 17 U
3 13 9 13 R
3 14 18 17 U
3 15 1 5 D
3 16 6 14 R
3 17 5 3 D
3 18 0 3 D
3 19 7 29 L
3 20 18 13 R
3 21 5 21 U
3 22 2 10 R
3 23 10 15 R
3 25 5 8 D
3 26 11 24 U
3 27 13 27 L
3 28 10 7 D
3 29 11 29 L
3 30 0 19 U
3 31 15 24 U
4 0 1 30 L
4 1 3 29 L
4 2 6 9 R
4 3 0 25 L
4 4 7 4 D
4 5 8 5 D
4 6 8 6 D
4 7 2 7 D
4 8 15 8 D
4 9 11 28 L
4 10 19 3 D
4 11 2 11 R
4 12 2 12 R
4 13 22 4 D
4 14 22 21 U
4 15 1 15 R
4 16 21 25 L
4 17 12 17 U
4 18 10 13 R
4 19 3 31 L
4 20 20 30 L
4 21 21 15 R
4 22 11 10 R
4 23 0 30 L
4 24 5 24 U
4 25 18 5 D
4 26 2 3 D
4 27 7 27 L
4 28 3 28 L
4 29 11 17 U
4 30 9 30 L
4 31 3 6 D
5 0 18 29 L
5 1 4 27 L
5 2 0 27 L
5 3 0 28 L
5 4 10 4 D
5 5 26 5 D
5 6 16 6 D
5 7 16 7 D
5 8 25 8 D
5 9 0 3 D
5 10 16 22 U
5 11 2 11 R
5 12 3 4 D
5 13 14 3 D
5 14 6 14 R
5 15 14 21 U
5 16 22 26 L
5 17 0 2 D
5 18 2 30 L
5 19 4 30 L
5 20 12 20 U
5 21 0 4 D
5 22 15 22 U
5 23 8 10 R
5 24 3 9 R
5 25 11 22 U
5 26 3 26 L
5 27 9 23 U
5 28 22 18 U
5 29 9 24 U
5 30 7 30 L
5 31 4 31 L
6 0 18 0 D
6 1 21 1 D
6 2 9 31 L
6 3 7 28 L
6 4 8 4 D
6 5 11 30 L
6 6 2 27 L
6 7 22 9 R
6 8 15 30 L
6 9 0 16 U
6 10 21 0 D
6 11 13 26 L
6 12 0 28 L
6 13 2 13 R
6 14 12 14 R
6 15 1 15 R
6 16 4 0 D
6 17 20 13 R
6 18 0 25 L
6 19 16 11 R
6 20 4 20 U
6 21 12 21 U
6 22 10 22 U
6 23 7 23 U
6 24 10 24 U
6 25 2 0 D
6 26 20 16 U
6 27 14 3 D
6 28 11 28 L
6 29 2 24 U
6 30 27 2 D
6 31 1 31 L
7 0 5 12 R
7 1 9 28 L
7 2 1 2 D
7 3 1 13 R
7 4 6 20 U
7 5 27 5 D
7 6 6 6 D
7 7 6 7 D
7 8 1 8 D
7 9 8 5 D
7 10 14 16 U
7 11 1 17 U
7 12 10 19 U
7 13 0 2 D
7 14 9 14 R
7 15 8 29 L
7 16 18 13 R
7 17 0 27 L
7 18 25 9 R
7 19 0 26 L
7 20 2 10 R
7 21 26 14 R
7 22 17 22 U
7 24 17 7 D
7 25 5 17 U
7 26 17 4 D
7 27 13 17 U
7 28 1 20 U
7 29 13 1 D
7 30 9 17 U
7 31 18 3 D
8 0 23 11 R
8 1 3 27 L
8 2 18 2 D
8 3 0 29 L
8 4 9 28 L
8 5 2 15 R
8 6 15 13 R
8 7 19 13 R
8 8 5 10 R
8 9 2 20 U
8 10 25 26 L
8 11 17 29 L
8 12 17 20 U
8 13 4 13 R
8 14 15 29 L
8 15 14 1 D
8 16 9 1 D
8 17 24 17 U
8 18 16 12 R
8 19 7 3 D
8 20 3 20 U
8 21 7 21 U
8 22 10 22 U
8 23 3 23 U
8 24 7 24 U
8 25 11 6 D
8 26 6 16 U
8 27 12 8 D
8 28 15 6 D
8 29 9 4 D
8 30 25 7 D
8 31 4 5 D
9 0 17 10 R
9 1 1 11 R
9 2 28 14 R
9 4 17 12 R
9 5 18 26 L
9 6 16 6 D
9 7 8 7 D
9 8 18 10 R
9 9 1 9 R
9 10 8 16 U
9 11 4 19 U
9 12 1 18 U
9 13 2 13 R
9 14 5 14 R
9 15 21 20 U
9 16 13 25 L
9 17 13 29 L
9 18 3 26 L
9 19 1 14 R
9 20 3 10 R
9 21 22 10 R
9 22 4 2 D
9 25 6 0 D
9 26 10 15 R
9 27 10 18 U
9 28 12 5 D
9 29 13 29 L
9 30 5 3 D
9 31 18 31 L
10 0 11 9 R
10 1 1 18 U
10 2 5 2 D
10 3 8 26 L
10 4 15 26 L
10 5 8 5 D
10 6 1 6 D
10 7 1 7 D
10 8 17 8 D
10 9 1 30 L
10 10 11 21 U
10 11 2 11 R
10 12 1 27 L
10 13 18 16 U
10 14 27 20 U
10 15 12 28 L
10 16 11 9 R
10 17 9 28 L
10 18 21 10 R
10 19 20 12 R
10 20 0 1 D
10 21 22 21 U
10 22 18 22 U
10 24 8 24 U
10 25 13 21 U
10 26 9 2 D
10 27 28 0 D
10 28 5 5 D
10 29 6 8 D
10 30 24 19 U
10 31 0 10 R
11 0 21 10 R
11 1 4 31 L
11 2 5 26 L
11 3 0 18 U
11 4 23 27 L
11 5 3 28 L
11 6 9 9 R
11 7 16 10 R
11 8 3 31 L
11 9 25 25 L
11 10 14 19 U
11 11 17 19 U
11 12 8 18 U
11 13 6 21 U
11 14 3 23 U
11 15 10 15 R
11 16 0 10 R
11 17 4 9 R
11 18 0 28 L
11 19 16 13 R
11 20 4 13 R
11 21 4 27 L
11 22 7 22 U
11 25 23 6 D
11 26 28 16 U
11 27 7 19 U
11 28 13 16 U
11 29 14 29 L
11 30 12 30 L
11 31 9 31 L
12 0 9 29 L
12 1 1 1 D
12 2 15 29 L
12 3 4 18 U
12 4 6 4 D
12 5 6 10 R
12 6 1 6 D
12 8 4 8 D
12 9 3 19 U
12 10 24 2 D
12 11 10 19 U
12 12 10 3 D
12 13 10 20 U
12 14 3 14 R
12 15 6 15 R
12 16 21 27 L
12 17 19 26 L
12 18 15 1 D
12 19 13 19 U
12 20 1 4 D
12 21 10 10 R
12 22 7 22 U
12 23 3 23 U
12 25 6 1 D
12 26 14 26 L
12 27 1 27 L
12 28 6 28 L
12 29 22 29 L
12 30 0 8 D
12 31 6 31 L
13 0 29 15 R
13 1 15 30 L
13 2 24 26 L
13 3 12 3 D
13 4 7 4 D
13 5 22 9 R
13 6 10 10 R
13 7 5 7 D
13 9 25 29 L
13 10 1 20 U
13 11 3 17 U
13 12 4 21 U
13 13 9 0 D
13 14 2 14 R
13 15 6 15 R
13 16 16 27 L
13 17 17 2 D
13 18 10 18 U
13 19 19 19 U
13 20 0 9 R
13 21 5 21 U
13 22 8 11 R
13 23 0 31 L
13 25 14 0 D
13 26 18 19 U
13 27 0 3 D
13 28 2 28 L
13 29 1 6 D
13 30 29 20 U
13 31 4 19 U
14 0 7 14 R
14 1 1 10 R
14 2 6 31 L
14 4 0 30 L
14 6 16 9 R
14 7 10 31 L
14 9 24 18 U
14 10 3 22 U
14 11 25 18 U
14 12 13 28 L
14 13 12 13 R
14 14 15 17 U
14 15 24 3 D
14 16 3 30 L
14 17 17 28 L
14 18 18 10 R
14 19 4 19 U
14 20 15 20 U
14 21 3 21 U
14 22 7 12 R
14 24 10 24 U
14 25 7 1 D
14 26 2 26 L
14 27 18 22 U
14 28 21 17 U
14 29 16 29 L
14 30 2 3 D
14 31 17 31 L
15 0 12 26 L
15 1 8 14 R
15 2 12 29 L
15 3 5 3 D
15 4 0 19 U
15 5 9 14 R
15 6 22 6 D
15 9 17 17 U
15 10 1 22 U
15 11 11 31 L
15 12 13 12 R
15 13 14 23 U
15 14 6 29 L
15 15 3 15 R
15 16 23 14 R
15 17 4 1 D
15 18 23 11 R
15 19 5 19 U
15 20 6 4 D
15 21 10 21 U
15 22 0 9 R
15 23 10 23 U
15 24 4 24 U
15 25 6 24 U
15 26 23 20 U
15 27 10 4 D
15 28 27 21 U
15 29 8 7 D
15 30 24 23 U
15 31 12 1 D
16 0 15 27 L
16 1 2 12 R
16 2 4 2 D
16 3 4 3 D
16 4 14 4 D
16 5 0 14 R
16 6 18 6 D
16 9 15 16 U
16 10 5 20 U
16 11 3 6 D
16 12 3 18 U
16 13 13 13 R
16 14 2 14 R
16 15 14 15 R
16 16 4 25 L
16 17 6 17 U
16 18 26 18 U
16 19 27 15 R
16 20 13 14 R
16 21 5 21 U
16 22 10 15 R
16 23 4 23 U
16 24 5 11 R
16 25 18 23 U
16 26 13 2 D
16 27 10 16 U
16 28 13 4 D
16 29 8 6 D
16 30 9 18 U
17 0 10 0 D
17 1 9 26 L
17 2 6 2 D
17 3 10 25 L
17 4 2 30 L
17 6 4 6 D
17 9 2 27 L
17 10 10 16 U
17 11 19 11 R
17 12 16 16 U
17 13 1 13 R
17 14 14 14 R
17 16 4 26 L
17 17 16 1 D
17 18 19 12 R
17 19 6 19 U
17 20 6 20 U
17 21 7 11 R
17 22 10 22 U
17 23 5 23 U
17 24 10 24 U
17 25 6 5 D
17 26 6 0 D
17 27 8 18 U
17 28 0 12 R
17 29 13 21 U
17 30 2 21 U
17 31 0 7 D
18 0 21 31 L
18 1 11 9 R
18 2 15 2 D
18 3 9 30 L
18 4 20 11 R
18 5 15 11 R
18 6 20 6 D
18 7 3 27 L
18 8 22 25 L
18 9 2 17 U
18 10 1 27 L
18 11 11 3 D
18 12 0 19 U
18 13 21 13 R
18 14 5 17 U
18 15 1 15 R
18 16 6 31 L
18 17 23 12 R
18 18 14 29 L
18 19 15 12 R
18 20 25 10 R
18 21 25 21 U
18 22 16 22 U
18 25 12 0 D
18 26 6 10 R
18 27 6 27 L
18 28 5 4 D
18 29 2 22 U
18 30 0 11 R
19 1 8 9 R
19 2 12 2 D
19 3 14 10 R
19 4 21 4 D
19 7 17 7 D
19 9 12 0 D
19 10 1 25 L
19 11 22 25 L
19 12 22 1 D
19 13 2 5 D
19 14 21 20 U
19 15 25 0 D
19 16 0 25 L
19 17 6 14 R
19 18 12 29 L
19 19 2 10 R
19 20 16 8 D
19 21 22 21 U
19 22 5 9 R
19 25 12 25 L
19 26 11 26 L
19 28 6 19 U
19 29 12 4 D
19 30 20 30 L
20 0 4 9 R
20 1 23 17 U
20 2 2 18 U
20 4 3 9 R
20 9 23 9 R
20 10 21 1 D
20 11 7 4 D
20 12 19 5 D
20 14 4 1 D
20 16 2 16 U
20 17 18 25 L
20 18 16 18 U
20 20 10 20 U
20 21 21 21 U
20 22 6 22 U
20 25 15 2 D
20 26 14 21 U
20 27 9 4 D
20 28 13 17 U
20 29 19 18 U
20 30 4 19 U
20 31 16 17 U
21 1 12 1 D
21 2 4 2 D
21 3 13 3 D
21 4 6 4 D
21 5 6 5 D
21 6 5 28 L
21 9 23 2 D
21 10 12 19 U
21 11 9 2 D
21 12 6 21 U
21 13 4 1 D
21 14 4 0 D
21 15 2 7 D
21 16 19 28 L
21 17 17 31 L
21 18 20 27 L
21 19 12 27 L
21 20 10 20 U
21 21 7 21 U
21 22 22 22 U
21 25 23 2 D
21 27 24 16 U
21 28 13 5 D
21 29 11 5 D
21 30 8 30 L
21 31 9 31 L
22 1 15 25 L
22 2 18 11 R
22 3 20 12 R
22 4 16 4 D
22 5 8 5 D
22 6 13 6 D
22 8 25 8 D
22 9 4 0 D
22 10 19 1 D
22 11 4 2 D
22 12 10 27 L
22 13 9 2 D
22 14 5 16 U
22 16 19 6 D
22 17 5 28 L
22 18 5 30 L
22 19 0 13 R
22 20 0 12 R
22 21 3 21 U
22 22 11 6 D
22 25 24 19 U
22 26 8 24 U
22 28 21 28 L
22 29 8 20 U
23 1 14 14 R
23 2 8 16 U
23 3 15 15 R
23 4 1 13 R
23 9 22 2 D
23 10 8 3 D
23 11 22 20 U
23 12 11 26 L
23 14 7 14 R
23 16 1 10 R
23 17 2 10 R
23 18 25 0 D
23 19 9 9 R
23 20 3 20 U
23 21 6 13 R
23 22 0 0 D
23 25 28 16 U
23 28 9 28 L
23 29 25 3 D
23 30 6 1 D
23 31 1 19 U
24 1 14 10 R
24 2 9 10 R
24 3 8 12 R
24 4 6 31 L
24 6 7 11 R
24 7 15 12 R
24 8 3 12 R
24 9 6 24 U
24 10 3 10 R
24 11 20 4 D
24 12 0 20 U
24 14 23 0 D
24 15 14 15 R
24 16 5 25 L
24 17 4 27 L
24 18 2 28 L
24 20 23 31 L
24 22 22 22 U
24 25 8 11 R
24 26 10 26 L
24 28 4 3 D
24 29 9 29 L
24 30 1 30 L
24 31 1 31 L
25 1 26 30 L
25 3 2 3 D
25 4 10 4 D
25 5 18 5 D
25 9 3 17 U
25 10 0 25 L
25 11 29 18 U
25 12 15 12 R
25 14 9 14 R
25 16 20 10 R
25 17 6 9 R
25 18 4 26 L
25 19 12 19 U
25 20 11 20 U
25 21 10 11 R
25 22 13 22 U
25 24 9 24 U
25 26 0 2 D
25 27 8 1 D
25 28 12 28 L
25 29 2 8 D
25 31 7 15 R
26 1 4 11 R
26 2 1 9 R
26 3 13 29 L
26 4 10 4 D
26 9 14 27 L
26 11 9 11 R
26 12 9 1 D
26 14 15 22 U
26 17 8 15 R
26 18 17 3 D
26 19 16 19 U
26 20 3 11 R
26 22 1 22 U
26 23 25 14 R
26 24 4 24 U
26 28 18 22 U
26 29 7 8 D
27 0 2 28 L
27 1 1 31 L
27 2 0 17 U
27 3 22 11 R
27 4 4 17 U
27 5 13 10 R
27 8 15 8 D
27 9 16 4 D
27 11 26 30 L
27 12 14 12 R
27 14 0 20 U
27 17 24 11 R
27 18 18 25 L
27 19 22 19 U
27 21 5 21 U
27 23 7 23 U
27 24 10 24 U
27 27 10 7 D
27 29 1 7 D
28 0 0 9 R
28 2 18 9 R
28 4 7 4 D
28 5 0 15 R
28 14 1 14 R
28 29 18 2 D
28 31 7 18 U
29 1 5 29 L
29 2 23 13 R
29 3 12 31 L

