30 39 1038
23 0 0 0 0 0 0 0 0 0 0 23 20 0 1 25
0 2 5 2 20 0 11 0 23 19 24 24 21 1 5 0
2 21 0 0 0 0 0 25 27 24 0 22 4 0 2 0
11 2 12 20 24 23 0 20 0 18 0 25 27 0 25 0
20 8 20 18 0 25 0 0 27 0 0 25 0 1 0 0
10 0 26 0 11 0 7 15 13 0 23 21 0 0 27 0
4 24 29 29 28 0 0 0 0 27 18 27 22 29 28 0
23 0 0 25 28 0 27 0 22 23 21 26 17 21 26 24
0 25 0 25 0 28 27 26 25 24 0 0 7 23 22 25
0 24 0 26 21 22 24 23 2 16 2 11 5 7 3 23
21 15 28 0 29 4 26 23 0 20 0 0 17 20 20 0
5 23 0 26 0 2 0 0 0 0 26 20 25 19 0 18
21 2 0 27 17 20 25 0 18 7 22 0 5 19 2 0
16 12 21 13 24 21 0 0 0 0 0 22 16 0 16 10
26 0 28 16 3 0 3 11 7 10 27 0 4 3 0 10
1 4 20 24 0 24 4 21 0 0 0 23 22 0 22 14
0 0 0 0 L
0 1 0 1 L
0 2 0 2 L
0 3 0 3 L
0 4 0 4 L
0 5 0 5 L
0 6 0 6 L
0 7 0 7 L
0 8 0 8 L
0 9 0 9 L
0 10 0 10 R
0 11 0 11 R
0 12 0 12 R
0 13 0 13 R
0 14 0 14 R
0 15 0 15 R
0 16 0 16 R
0 17 0 17 R
0 18 0 18 R
0 19 0 19 R
0 20 0 20 R
0 21 0 21 D
0 22 0 22 D
0 23 0 23 D
0 24 0 24 D
0 25 0 25 D
0 26 0 26 D
0 27 0 27 D
0 28 0 28 D
0 29 0 29 D
0 30 0 30 U
0 31 0 31 U
0 32 0 32 U
0 33 0 33 U
0 34 0 34 U
0 35 0 35 U
0 36 0 36 U
0 37 0 37 U
0 38 0 38 U
1 0 0 21 D
1 1 0 22 D
1 2 0 23 D
1 3 1 26 D
1 4 0 37 U
1 5 3 38 U
1 6 4 37 U
1 7 7 22 D
1 8 4 27 D
1 9 12 36 U
1 10 0 30 U
1 11 0 21 D
1 12 0 32 U
1 13 0 1 L
1 14 2 34 U
1 15 3 35 U
1 16 1 36 U
1 17 0 38 U
1 18 5 35 U
1 19 3 23 D
1 20 14 7 L
1 21 0 0 L
1 22 3 10 R
1 23 0 13 R
1 24 0 34 U
1 25 1 2 L
1 26 3 12 R
1 27 2 10 R
1 28 3 11 R
1 29 1 5 L
1 30 0 21 D
1 31 2 0 L
1 32 0 0 L
1 33 2 12 R
1 34 2 23 D
1 35 0 25 D
1 36 1 14 R
1 37 2 16 R
1 38 4 0 L
2 0 0 11 R
2 1 3 1 L
2 2 1 24 D
2 3 2 3 L
2 4 4 25 D
2 5 1 5 L
2 6 3 6 L
2 7 7 7 L
2 8 7 8 L
2 9 13 9 L
2 10 0 31 U
2 11 1 11 R
2 12 2 12 R
2 13 3 13 R
2 14 2 14 R
2 15 3 15 R
2 16 2 16 R
2 17 4 17 R
2 18 5 26 D
2 19 3 19 R
2 20 19 20 R
2 21 0 10 R
2 22 3 22 D
2 23 0 11 R
2 24 3 24 D
2 25 1 25 D
2 26 2 26 D
2 27 4 27 D
2 28 4 28 D
2 29 5 29 D
2 30 1 30 U
2 31 2 31 U
2 32 0 22 D
2 33 1 33 U
2 34 3 34 U
2 35 2 35 U
2 36 1 36 U
2 37 4 37 U
2 38 4 38 U
3 0 0 30 U
3 1 0 33 U
3 2 0 36 U
3 3 3 3 L
3 4 0 26 D
3 5 4 5 L
3 6 5 25 D
3 7 6 7 L
3 8 5 8 L
3 9 16 9 L
3 10 1 21 D
3 11 0 33 U
3 12 0 2 L
3 13 4 31 U
3 14 0 35 U
3 15 2 15 R
3 16 3 16 R
3 17 0 6 L
3 18 0 32 U
3 19 6 19 R
3 20 15 20 R
3 21 0 32 U
3 22 0 1 L
3 23 0 12 R
3 24 2 24 D
3 25 0 3 L
3 26 4 14 R
3 27 1 27 D
3 28 3 28 D
3 29 2 29 D
3 30 0 10 R
3 31 1 31 U
3 32 3 32 U
3 33 0 23 D
3 34 0 14 R
3 35 1 35 U
3 36 0 22 D
3 37 1 37 U
3 38 0 17 R
4 0 0 27 D
4 1 1 35 U
4 2 0 24 D
4 3 1 30 U
4 4 2 4 L
4 5 2 33 U
4 6 5 18 R
4 7 0 34 U
4 8 3 8 L
4 9 11 9 L
4 10 0 25 D
4 11 0 23 D
4 12 0 4 L
4 13 2 13 R
4 14 2 33 U
4 15 1 15 R
4 16 2 30 U
4 17 2 17 R
4 18 3 18 R
4 19 2 19 R
4 20 11 20 R
4 21 3 0 L
4 22 0 2 L
4 23 0 4 L
4 24 4 24 D
4 25 2 11 R
4 26 0 18 R
4 27 7 17 R
4 28 1 28 D
4 29 4 29 D
4 30 0 15 R
4 31 2 21 D
4 32 0 1 L
4 33 3 14 R
4 34 3 23 D
4 35 3 13 R
4 36 4 36 U
4 37 2 37 U
4 38 3 38 U
5 0 3 0 L
5 1 2 10 R
5 2 0 28 D
5 3 5 37 U
5 4 0 13 R
5 5 0 29 D
5 6 0 18 R
5 7 6 27 D
5 8 2 8 L
5 9 3 9 L
5 10 0 5 L
5 11 0 3 L
5 12 1 31 U
5 13 1 24 D
5 14 3 36 U
5 15 3 22 D
5 16 5 16 R
5 17 3 23 D
5 18 2 18 R
5 19 7 19 R
5 21 3 21 D
5 22 4 5 L
5 23 0 38 U
5 24 5 2 L
5 25 1 17 R
5 26 3 26 D
5 27 6 15 R
5 28 2 28 D
5 29 5 6 L
5 30 1 15 R
5 31 3 1 L
5 32 2 6 L
5 33 4 33 U
5 34 0 25 D
5 35 0 29 D
5 36 0 4 L
5 37 5 12 R
5 38 2 38 U
6 0 3 31 U
6 1 5 29 D
6 2 5 12 R
6 3 3 30 U
6 4 5 33 U
6 5 2 36 U
6 6 2 30 U
6 7 7 36 U
6 8 8 8 L
6 9 9 9 L
6 10 5 33 U
6 11 0 0 L
6 12 2 32 U
6 13 3 31 U
6 14 0 22 D
6 15 7 30 U
6 16 8 30 U
6 17 0 21 D
6 18 5 27 D
6 19 8 2 L
6 21 5 1 L
6 22 6 13 R
6 23 7 0 L
6 24 4 14 R
6 25 0 2 L
6 26 7 19 R
6 27 8 27 D
6 28 0 10 R
6 29 6 11 R
6 30 7 0 L
6 31 2 10 R
6 32 4 11 R
6 33 5 6 L
6 34 8 34 U
6 35 1 15 R
6 36 0 11 R
6 37 7 6 L
6 38 6 14 R
7 0 4 10 R
7 1 5 1 L
7 2 3 36 U
7 3 4 3 L
7 4 5 4 L
7 5 5 5 L
7 6 5 6 L
7 7 2 22 D
7 8 1 23 D
7 9 5 9 L
7 10 5 21 D
7 11 5 30 U
7 12 6 12 R
7 13 6 13 R
7 14 7 14 R
7 15 0 7 L
7 16 7 16 R
7 17 5 17 R
7 18 5 18 R
7 19 12 19 R
7 21 0 7 L
7 22 6 22 D
7 23 0 5 L
7 24 8 24 D
7 25 5 25 D
7 26 9 14 R
7 27 7 27 D
7 28 8 28 D
7 29 6 29 D
7 30 7 12 R
7 31 0 3 L
7 32 7 32 U
7 33 3 22 D
7 34 7 34 U
7 35 7 35 U
7 36 1 2 L
7 37 8 37 U
7 38 5 38 U
8 0 6 24 D
8 1 2 29 D
8 2 4 32 U
8 3 8 27 D
8 4 6 38 U
8 5 3 26 D
8 6 4 6 L
8 7 2 37 U
8 8 8 32 U
8 9 19 26 D
8 10 3 10 R
8 11 7 11 R
8 12 6 23 D
8 13 1 36 U
8 14 2 37 U
8 15 0 30 U
8 16 8 16 R
8 17 8 17 R
8 18 2 0 L
8 19 9 19 R
8 21 4 1 L
8 22 0 16 R
8 23 10 10 R
8 24 7 24 D
8 25 8 25 D
8 26 12 26 D
8 27 6 3 L
8 28 10 28 D
8 29 7 14 R
8 30 7 2 L
8 31 0 7 L
8 32 2 7 L
8 33 8 33 U
8 34 6 34 U
8 35 6 35 U
8 36 8 13 R
8 37 5 37 U
8 38 2 15 R
9 0 7 38 U
9 1 11 13 R
9 2 11 31 U
9 3 10 23 D
9 4 9 4 L
9 5 0 15 R
9 6 13 32 U
9 7 9 7 L
9 8 10 24 D
9 9 15 9 L
9 10 6 24 D
9 11 8 28 D
9 12 6 8 L
9 13 9 24 D
9 14 0 32 U
9 15 5 15 R
9 16 4 21 D
9 17 11 30 U
9 18 9 18 R
9 19 13 19 R
9 21 5 15 R
9 22 8 16 R
9 23 11 23 D
9 24 0 18 R
9 25 12 11 R
9 26 11 26 D
9 27 10 27 D
9 28 9 28 D
9 29 10 10 R
9 30 0 5 L
9 31 0 6 L
9 32 6 12 R
9 33 9 0 L
9 34 10 15 R
9 35 8 10 R
9 36 9 16 R
9 37 9 10 R
9 38 6 38 U
10 0 8 37 U
10 1 9 32 U
10 2 10 2 L
10 3 7 36 U
10 4 8 4 L
10 5 10 26 D
10 6 12 6 L
10 7 9 27 D
10 8 9 8 L
10 9 17 9 L
10 10 9 21 D
10 11 7 30 U
10 12 0 8 L
10 13 11 13 R
10 14 10 14 R
10 15 8 33 U
10 16 2 35 U
10 17 11 17 R
10 18 10 34 U
10 19 10 19 R
10 21 8 0 L
10 22 8 11 R
10 23 9 23 D
10 24 9 7 L
10 25 12 25 D
10 26 10 12 R
10 27 8 12 R
10 28 7 28 D
10 29 10 29 D
10 30 0 8 L
10 31 12 13 R
10 32 9 32 U
10 33 10 33 U
10 34 9 34 U
10 35 1 11 R
10 36 10 36 U
10 37 9 37 U
10 38 2 14 R
11 0 7 10 R
11 1 12 1 L
11 2 7 34 U
11 3 0 21 D
11 4 10 4 L
11 5 9 5 L
11 6 13 6 L
11 7 4 34 U
11 8 8 31 U
11 9 18 9 L
11 10 2 22 D
11 11 6 11 R
11 12 4 12 R
11 13 0 30 U
11 14 1 2 L
11 15 10 15 R
11 16 9 16 R
11 17 10 17 R
11 18 16 25 D
11 19 0 6 L
11 21 2 16 R
11 22 3 4 L
11 23 10 13 R
11 24 10 3 L
11 25 10 25 D
11 26 2 5 L
11 27 11 27 D
11 28 9 17 R
11 29 13 29 D
11 30 7 30 U
11 31 12 31 U
11 32 10 32 U
11 33 9 18 R
11 34 9 1 L
11 35 13 0 L
11 36 8 36 U
11 37 7 11 R
11 38 2 18 R
12 0 11 33 U
12 1 12 23 D
12 2 7 37 U
12 3 3 28 D
12 4 1 38 U
12 5 10 5 L
12 6 11 6 L
12 7 7 25 D
12 8 10 8 L
12 9 18 30 U
12 10 11 31 U
12 11 5 11 R
12 12 0 3 L
12 13 4 13 R
12 14 2 26 D
12 15 11 15 R
12 16 2 2 L
12 17 9 17 R
12 18 16 18 R
12 19 11 19 R
12 21 7 5 L
12 22 12 3 L
12 23 12 23 D
12 24 7 2 L
12 25 11 25 D
12 26 6 3 L
12 27 7 8 L
12 28 6 28 D
12 29 11 8 L
12 30 4 22 D
12 31 9 31 U
12 32 11 14 R
12 33 6 33 U
12 34 11 34 U
12 35 14 35 U
12 36 9 17 R
12 37 7 26 D
12 38 10 38 U
13 0 1 36 U
13 1 10 25 D
13 2 7 33 U
13 3 9 21 D
13 4 12 4 L
13 5 15 5 L
13 6 0 30 U
13 7 18 38 U
13 8 12 8 L
13 9 14 9 L
13 10 11 27 D
13 11 6 22 D
13 12 17 3 L
13 13 8 13 R
13 14 14 37 U
13 15 7 15 R
13 16 14 16 R
13 17 13 23 D
13 18 17 18 R
13 19 15 30 U
13 21 10 0 L
13 22 7 1 L
13 23 8 30 U
13 24 14 1 L
13 25 13 15 R
13 26 9 19 R
13 27 13 27 D
13 28 7 13 R
13 29 15 29 D
13 30 11 2 L
13 31 4 4 L
13 32 11 10 R
13 33 9 19 R
13 34 10 14 R
13 35 13 35 U
13 36 9 36 U
13 37 12 37 U
13 38 8 38 U
14 0 9 10 R
14 1 0 35 U
14 2 3 32 U
14 3 14 10 R
14 4 9 24 D
14 5 16 5 L
14 6 18 36 U
14 7 15 7 L
14 8 18 22 D
14 9 12 9 L
14 10 11 23 D
14 11 15 25 D
14 12 18 12 R
14 13 1 13 R
14 14 11 28 D
14 15 0 2 L
14 16 13 31 U
14 17 12 17 R
14 18 14 18 R
14 19 12 6 L
14 21 12 16 R
14 22 10 2 L
14 23 7 4 L
14 24 15 10 R
14 25 15 1 L
14 26 15 16 R
14 27 12 27 D
14 28 15 16 R
14 29 19 10 R
14 30 10 1 L
14 31 13 13 R
14 32 11 8 L
14 33 17 17 R
14 34 13 2 L
14 35 12 35 U
14 36 16 11 R
14 37 14 3 L
14 38 17 12 R
15 0 12 35 U
15 1 15 21 D
15 2 13 35 U
15 3 15 32 U
15 4 11 23 D
15 5 0 13 R
15 6 17 6 L
15 7 13 24 D
15 8 17 8 L
15 9 21 35 U
15 10 12 25 D
15 11 13 26 D
15 12 18 37 U
15 13 17 37 U
15 14 13 14 R
15 15 15 15 R
15 16 16 16 R
15 17 13 17 R
15 18 18 18 R
15 19 11 5 L
15 21 16 10 R
15 22 12 22 D
15 23 14 0 L
15 24 15 24 D
15 25 10 4 L
15 26 17 26 D
15 27 16 15 R
15 28 12 28 D
15 29 17 29 D
15 30 11 0 L
15 31 14 21 D
15 32 18 25 D
15 33 16 33 U
15 34 15 3 L
15 35 14 14 R
15 36 14 36 U
15 37 5 16 R
15 38 14 38 U
16 0 12 21 D
16 1 1 25 D
16 2 15 30 U
16 3 14 3 L
16 4 13 21 D
16 5 18 5 L
16 6 17 27 D
16 7 15 25 D
16 8 18 8 L
16 9 21 9 L
16 10 15 23 D
16 11 16 34 U
16 12 15 12 R
16 13 13 38 U
16 14 15 22 D
16 15 13 24 D
16 16 18 32 U
16 17 10 21 D
16 18 0 34 U
16 19 18 19 R
16 21 13 4 L
16 22 8 6 L
16 23 13 19 R
16 24 14 24 D
16 25 0 31 U
16 26 16 26 D
16 27 18 9 L
16 28 20 28 D
16 29 18 29 D
16 30 0 24 D
16 31 16 31 U
16 32 12 32 U
16 33 15 33 U
16 34 17 34 U
16 35 11 35 U
16 36 17 36 U
16 37 18 37 U
16 38 17 38 U
17 0 12 0 L
17 1 9 35 U
17 2 16 23 D
17 3 9 11 R
17 4 18 4 L
17 5 3 5 L
17 6 10 6 L
17 7 12 7 L
17 8 14 33 U
17 9 7 9 L
17 10 16 22 D
17 11 17 34 U
17 12 14 12 R
17 13 7 23 D
17 14 19 14 R
17 15 9 6 L
17 16 6 9 L
17 17 6 17 R
17 18 13 18 R
17 19 17 19 R
17 21 2 17 R
17 22 18 11 R
17 23 14 2 L
17 24 16 24 D
17 25 16 7 L
17 26 15 26 D
17 27 12 17 R
17 28 18 28 D
17 29 19 29 D
17 30 17 30 U
17 31 13 31 U
17 32 16 32 U
17 33 17 33 U
17 34 11 11 R
17 35 10 35 U
17 36 18 36 U
17 37 13 37 U
17 38 16 38 U
18 0 15 33 U
18 1 18 1 L
18 2 6 11 R
18 3 14 22 D
18 4 14 4 L
18 5 6 5 L
18 6 15 36 U
18 7 16 7 L
18 8 19 8 L
18 9 21 31 U
18 10 12 34 U
18 11 17 6 L
18 12 11 12 R
18 13 16 35 U
18 14 8 36 U
18 15 14 15 R
18 16 6 16 R
18 17 22 30 U
18 18 15 18 R
18 19 16 19 R
18 21 9 3 L
18 22 16 2 L
18 23 13 10 R
18 24 15 14 R
18 25 12 7 L
18 26 15 13 R
18 27 20 27 D
18 28 21 28 D
18 29 19 2 L
18 30 16 30 U
18 31 14 2 L
18 32 12 21 D
18 33 13 33 U
18 34 17 12 R
18 35 11 19 R
18 36 14 11 R
18 37 18 22 D
18 38 17 7 L
19 0 17 30 U
19 1 15 29 D
19 2 19 24 D
19 3 18 29 D
19 4 14 25 D
19 5 18 16 R
19 6 16 26 D
19 7 19 27 D
19 8 0 12 R
19 9 12 34 U
19 10 15 0 L
19 11 14 31 U
19 12 14 32 U
19 13 21 34 U
19 14 24 32 U
19 15 1 9 L
19 16 11 29 D
19 17 23 17 R
19 18 19 29 D
19 19 20 35 U
19 21 10 30 U
19 22 18 8 L
19 23 4 16 R
19 24 17 14 R
19 25 14 3 L
19 26 19 38 U
19 27 16 27 D
19 28 22 18 R
19 29 16 6 L
19 30 14 18 R
19 31 16 1 L
19 32 18 17 R
19 33 16 11 R
19 34 9 4 L
19 35 15 5 L
19 36 16 18 R
19 37 17 13 R
19 38 19 12 R
20 0 15 27 D
20 1 15 28 D
20 2 20 26 D
20 3 16 21 D
20 4 19 37 U
20 5 8 24 D
20 6 17 18 R
20 7 21 32 U
20 8 1 8 L
20 9 20 9 L
20 10 18 21 D
20 11 16 31 U
20 12 0 22 D
20 13 20 13 R
20 14 27 14 R
20 15 22 15 R
20 16 11 33 U
20 17 22 17 R
20 19 14 19 R
20 21 0 30 U
20 22 16 9 L
20 23 13 16 R
20 24 21 15 R
20 25 7 5 L
20 26 0 1 L
20 27 13 11 R
20 28 1 19 R
20 29 20 15 R
20 30 19 20 R
20 31 14 13 R
20 32 2 9 L
20 33 1 9 L
20 34 19 1 L
20 35 20 19 R
20 36 21 11 R
20 37 7 25 D
20 38 0 24 D
21 0 19 33 U
21 1 23 32 U
21 2 21 2 L
21 3 20 3 L
21 4 17 4 L
21 5 11 5 L
21 6 22 27 D
21 7 24 7 L
21 8 15 8 L
21 9 19 9 L
21 10 18 34 U
21 11 21 31 U
21 12 13 12 R
21 13 5 13 R
21 14 22 14 R
21 15 21 15 R
21 16 17 26 D
21 17 21 17 R
21 19 21 19 R
21 21 21 21 D
21 22 17 12 R
21 23 0 8 L
21 24 17 13 R
21 25 20 12 R
21 26 2 14 R
21 27 3 27 D
21 28 23 28 D
21 29 21 29 D
21 30 17 0 L
21 31 18 10 R
21 32 4 9 L
21 33 19 0 L
21 34 19 34 U
21 35 14 0 L
21 36 18 13 R
21 37 24 3 L
21 38 22 38 U
22 0 19 15 R
22 1 23 33 U
22 2 17 2 L
22 3 13 3 L
22 4 16 4 L
22 5 20 35 U
22 6 22 6 L
22 7 21 7 L
22 8 21 8 L
22 9 8 9 L
22 10 19 30 U
22 11 22 31 U
22 12 20 3 L
22 13 2 38 U
22 14 25 14 R
22 15 17 25 D
22 16 24 31 U
22 17 0 4 L
22 19 0 0 L
22 21 6 8 L
22 22 0 6 L
22 23 16 23 D
22 24 5 24 D
22 25 20 2 L
22 26 1 26 D
22 27 23 27 D
22 28 19 28 D
22 29 21 17 R
22 30 21 10 R
22 31 21 0 L
22 32 23 32 U
22 33 16 10 R
22 34 18 6 L
22 35 24 3 L
22 36 23 36 U
22 37 24 37 U
22 38 21 38 U
23 0 21 32 U
23 1 14 34 U
23 2 18 2 L
23 3 12 3 L
23 4 11 4 L
23 5 24 13 R
23 6 20 23 D
23 7 11 22 D
23 8 20 8 L
23 9 22 36 U
23 10 19 37 U
23 11 19 27 D
23 12 16 25 D
23 13 12 13 R
23 14 24 14 R
23 15 19 5 L
23 16 21 16 R
23 17 22 24 D
23 19 25 19 R
23 21 17 17 R
23 22 22 17 R
23 23 22 13 R
23 24 17 8 L
23 26 27 12 R
23 27 18 12 R
23 29 22 29 D
23 30 7 21 D
23 31 22 11 R
23 32 22 29 D
23 33 20 1 L
23 34 21 1 L
23 35 16 35 U
23 36 15 36 U
23 37 24 5 L
23 38 23 15 R
24 0 19 25 D
24 1 23 27 D
24 2 22 2 L
24 3 14 11 R
24 4 23 28 D
24 5 23 37 U
24 6 21 6 L
24 7 13 26 D
24 8 0 22 D
24 9 23 33 U
24 10 15 21 D
24 11 22 21 D
24 12 0 29 D
24 13 21 24 D
24 14 26 3 L
24 15 24 37 U
24 16 24 16 R
24 17 22 31 U
24 19 20 19 R
24 21 23 1 L
24 22 23 0 L
24 23 25 23 D
24 24 22 24 D
24 26 23 26 D
24 27 0 35 U
24 29 19 17 R
24 30 23 15 R
24 31 21 9 L
24 32 24 22 D
24 33 20 17 R
24 34 22 7 L
24 35 23 35 U
24 36 24 10 R
24 37 7 37 U
25 0 16 37 U
25 1 0 10 R
25 2 18 28 D
25 3 24 36 U
25 6 23 6 L
25 7 25 7 L
25 8 25 31 U
25 9 22 23 D
25 10 18 30 U
25 11 24 32 U
25 12 5 22 D
25 13 24 37 U
25 14 6 14 R
25 15 24 6 L
25 16 18 16 R
25 17 14 8 L
25 19 19 31 U
25 21 15 0 L
25 22 20 0 L
25 23 5 33 U
25 26 26 26 D
25 29 17 1 L
25 30 24 13 R
25 31 18 21 D
25 32 27 10 R
25 33 26 14 R
25 34 27 14 R
25 35 26 16 R
25 36 20 36 U
25 37 23 37 U
26 0 27 21 D
26 1 21 38 U
26 2 23 2 L
26 3 26 34 U
26 6 25 29 D
26 7 26 7 L
26 9 23 9 L
26 10 23 22 D
26 11 26 11 R
26 12 27 23 D
26 13 26 23 D
26 14 15 14 R
26 15 25 15 R
26 16 26 16 R
26 19 22 19 R
26 21 25 17 R
26 22 26 32 U
26 23 24 13 R
26 30 0 2 L
26 31 25 31 U
26 32 13 7 L
26 33 16 5 L
26 34 26 34 U
26 35 27 35 U
26 36 7 11 R
26 37 24 23 D
27 0 25 22 D
27 2 19 2 L
27 6 26 6 L
27 7 20 7 L
27 9 22 9 L
27 10 25 30 U
27 11 2 36 U
27 12 26 12 R
27 13 28 6 L
27 14 26 14 R
27 15 24 15 R
27 16 27 16 R
27 19 15 19 R
27 21 26 21 D
27 22 26 22 D
27 23 20 33 U
27 30 26 1 L
27 31 24 19 R
27 32 22 12 R
27 33 20 3 L
27 34 27 34 U
27 35 21 35 U
28 0 27 30 U
28 6 25 21 D
28 7 27 7 L
28 9 26 9 L
28 13 29 13 R
28 14 20 14 R
28 16 25 16 R
28 21 25 12 R
28 30 26 9 L
28 31 28 7 L
29 0 23 0 L
29 6 27 6 L
29 7 28 7 L
29 13 27 13 R
29 30 28 13 R

