28 25 645
16 15 25 26 3 19 0 11 18 17 0 0 16 15 0 12 11
0 8 26 0 24 0 16 0 20 0 25 0 25 0 14 0 5
1 10 26 0 0 0 24 13 12 0 14 15 0 20 3 22 18
0 11 12 0 19 18 0 21 0 20 0 6 12 0 0 21 17
22 0 15 24 0 6 25 0 0 2 3 22 0 21 25 4 19
0 27 0 23 8 9 18 16 23 15 22 0 0 10 26 0 0
0 0 23 0 15 7 0 21 15 11 0 1 26 0 0 24 0
22 26 0 0 0 0 0 0 7 21 0 22 23 24 25 0 19
12 0 10 0 0 4 26 15 16 17 23 0 0 0 0 0 5
19 0 23 23 24 2 25 0 0 22 23 26 18 0 8 25 17
0 24 22 0 0 20 0 22 15 4 24 0 23 4 23 0 12
21 25 5 25 0 0 0 0 24 0 0 23 26 5 25 0 24
0 24 19 25 25 22 14 20 0 8 23 4 17 19 11 26 23
3 0 0 0 22 0 0 21 0 0 23 9 6 26 0 26 0
21 23 0 24 3 9 23 21 0 20 0 0 17 0 13 11 15
23 11 21 20 0 21 24 0 24 16 0 0 6 14 0 0 26
1 11 2 24 25 2 0 0 9 0 26 13 0 16 0 22 7
0 0 0 0 R
0 1 0 1 R
0 2 0 2 R
0 3 0 3 R
0 4 0 4 R
0 5 0 5 R
0 6 0 6 U
0 7 0 7 U
0 8 0 8 U
0 9 0 9 U
0 10 0 10 U
0 11 0 11 U
0 12 0 12 D
0 13 0 13 D
0 14 0 14 D
0 15 0 15 D
0 16 0 16 D
0 17 0 17 D
0 18 0 18 L
0 19 0 19 L
0 20 0 20 L
0 21 0 21 L
0 22 0 22 L
0 23 0 23 L
0 24 0 24 L
1 0 0 13 D
1 1 2 7 U
1 2 0 18 L
1 3 0 21 L
1 4 0 22 L
1 5 0 18 L
1 6 0 0 R
1 7 0 13 D
1 8 0 1 R
1 9 0 3 R
1 10 0 14 D
1 11 0 5 R
1 12 0 6 U
1 13 0 18 L
1 14 0 1 R
1 15 1 7 U
1 16 0 8 U
1 17 0 9 U
1 18 0 12 D
1 19 0 6 U
1 20 0 15 D
1 21 1 16 D
1 22 0 10 U
1 23 0 7 U
1 24 14 3 R
2 0 0 19 L
2 1 0 20 L
2 2 2 2 R
2 3 2 3 R
2 4 1 4 R
2 5 1 5 R
2 6 0 12 D
2 7 1 2 R
2 8 1 8 U
2 9 0 20 L
2 10 1 10 U
2 11 1 11 U
2 12 0 0 R
2 13 0 19 L
2 14 0 2 R
2 15 0 4 R
2 16 2 16 D
2 17 1 17 D
2 18 0 14 D
2 19 1 19 L
2 20 0 17 D
2 21 2 21 L
2 22 1 1 R
2 23 2 23 L
2 24 5 24 L
3 0 0 16 D
3 1 6 16 D
3 2 0 13 D
3 3 0 9 U
3 4 0 19 L
3 5 6 10 U
3 6 2 4 R
3 7 2 13 D
3 8 0 23 L
3 9 1 19 L
3 10 2 18 L
3 11 2 11 U
3 12 2 2 R
3 13 3 13 D
3 14 1 4 R
3 15 0 18 L
3 16 0 9 U
3 17 11 3 R
3 18 0 16 D
3 19 2 11 U
3 20 2 20 L
3 21 0 4 R
3 22 4 22 L
3 23 1 23 L
3 24 15 6 U
4 0 0 7 U
4 1 0 8 U
4 2 0 6 U
4 3 0 7 U
4 4 0 10 U
4 5 5 5 R
4 6 0 19 L
4 7 0 18 L
4 8 6 1 R
4 9 2 9 U
4 10 3 10 U
4 11 2 20 L
4 12 0 20 L
4 13 1 13 D
4 14 3 14 D
4 15 2 15 D
4 16 0 3 R
4 17 12 17 D
4 18 0 2 R
4 19 2 16 D
4 20 0 8 U
4 21 7 21 L
4 22 3 22 L
4 23 0 9 U
4 24 15 24 L
5 0 2 9 U
5 1 4 14 D
5 2 4 2 R
5 3 3 3 R
5 4 0 12 D
5 5 6 5 R
5 6 1 6 U
5 7 4 7 U
5 8 0 4 R
5 9 3 9 U
5 10 0 16 D
5 11 0 22 L
5 12 3 0 R
5 13 0 7 U
5 14 5 14 D
5 15 3 15 D
5 16 3 16 D
5 17 10 17 D
5 18 1 6 U
5 19 2 19 L
5 20 0 6 U
5 21 5 13 D
5 22 5 22 L
5 23 10 6 U
5 24 2 24 L
6 0 2 0 R
6 1 7 6 U
6 2 5 14 D
6 3 7 3 R
6 4 0 11 U
6 5 13 5 R
6 6 5 0 R
6 7 5 18 L
6 8 8 22 L
6 9 0 0 R
6 10 4 10 U
6 11 3 11 U
6 12 4 0 R
6 13 6 13 D
6 14 4 14 D
6 15 5 15 D
6 16 4 16 D
6 17 7 17 D
6 18 0 11 U
6 19 0 13 D
6 20 3 20 L
6 21 6 21 L
6 22 1 22 L
6 23 11 23 L
6 24 8 24 L
7 0 4 15 D
7 1 5 1 R
7 2 5 12 D
7 3 0 11 U
7 4 8 14 D
7 5 4 5 R
7 6 7 2 R
7 7 1 4 R
7 8 10 8 U
7 9 3 18 L
7 10 6 22 L
7 11 5 4 R
7 12 5 20 L
7 13 2 13 D
7 14 6 22 L
7 15 0 23 L
7 16 13 4 R
7 17 2 0 R
7 18 6 7 U
7 19 6 10 U
7 20 4 20 L
7 21 8 21 L
7 22 1 12 D
7 23 12 23 L
7 24 14 24 L
8 0 2 14 D
8 1 8 1 R
8 2 6 2 R
8 3 8 13 D
8 4 9 14 D
8 5 2 5 R
8 6 6 3 R
8 7 3 4 R
8 8 6 8 U
8 9 0 21 L
8 10 0 12 D
8 11 5 11 U
8 12 0 21 L
8 13 2 22 L
8 14 0 3 R
8 15 6 15 D
8 16 10 21 L
8 17 13 17 D
8 18 1 13 D
8 19 4 1 R
8 20 7 20 L
8 21 5 6 U
8 22 8 13 D
8 23 4 23 L
8 24 12 24 L
9 0 5 11 U
9 1 6 1 R
9 2 12 2 R
9 3 5 3 R
9 4 9 4 R
9 5 0 6 U
9 6 5 2 R
9 7 0 20 L
9 8 8 8 U
9 9 2 3 R
9 10 11 0 R
9 11 6 11 U
9 12 6 6 U
9 13 9 19 L
9 14 2 18 L
9 15 4 15 D
9 16 8 2 R
9 17 9 17 D
9 18 7 8 U
9 19 5 8 U
9 20 5 14 D
9 21 9 21 L
9 22 0 14 D
9 23 6 23 L
9 24 14 10 U
10 0 11 12 D
10 1 5 15 D
10 2 10 2 R
10 3 7 12 D
10 4 10 15 D
10 5 8 5 R
10 6 4 20 L
10 7 10 7 U
10 8 7 13 D
10 9 7 9 U
10 10 2 16 D
10 11 4 11 U
10 12 9 12 D
10 13 5 1 R
10 14 4 19 L
10 15 4 19 L
10 16 5 16 D
10 17 8 17 D
10 18 8 18 L
10 19 10 8 U
10 20 1 14 D
10 21 11 7 U
10 22 8 22 L
10 23 5 2 R
10 24 11 24 L
11 0 7 11 U
11 1 4 19 L
11 2 9 20 L
11 3 6 15 D
11 4 11 4 R
11 5 9 5 R
11 6 9 3 R
11 7 12 7 U
11 8 9 8 U
11 9 9 9 U
11 10 12 10 U
11 11 0 1 R
11 12 9 0 R
11 13 9 7 U
11 14 8 14 D
11 15 9 15 D
11 16 6 16 D
11 17 0 6 U
11 18 5 6 U
11 19 9 19 L
11 20 5 12 D
11 21 3 21 L
11 22 4 0 R
11 23 13 23 L
11 24 10 24 L
12 0 11 16 D
12 1 12 1 R
12 2 13 2 R
12 3 9 3 R
12 4 10 4 R
12 5 7 13 D
12 6 11 19 L
12 7 11 7 U
12 8 7 8 U
12 9 8 9 U
12 10 13 10 U
12 11 7 11 U
12 12 12 12 D
12 13 12 13 D
12 14 6 14 D
12 15 0 22 L
12 16 13 3 R
12 17 9 24 L
12 18 12 18 L
12 19 2 15 D
12 20 5 16 D
12 21 1 21 L
12 22 6 22 L
12 23 14 23 L
12 24 9 24 L
13 0 9 8 U
13 1 10 10 U
13 2 0 17 D
13 3 12 17 D
13 4 10 11 U
13 5 12 5 R
13 6 2 5 R
13 7 13 1 R
13 8 12 2 R
13 9 5 9 U
13 10 15 10 U
13 11 8 23 L
13 12 10 12 D
13 13 11 13 D
13 14 6 18 L
13 15 8 15 D
13 16 16 18 L
13 17 0 0 R
13 18 10 13 D
13 19 7 19 L
13 20 10 20 L
13 21 7 10 U
13 22 11 22 L
13 23 10 23 L
13 24 0 9 U
14 0 10 12 D
14 1 6 11 U
14 2 14 11 U
14 3 6 22 L
14 4 0 23 L
14 5 3 5 R
14 6 12 23 L
14 7 0 5 R
14 8 11 21 L
14 9 9 5 R
14 10 0 17 D
14 11 3 23 L
14 12 11 23 L
14 13 8 20 L
14 14 4 3 R
14 15 15 18 L
14 16 17 16 D
14 17 16 20 L
14 18 3 12 D
14 19 15 12 D
14 20 13 17 D
14 21 18 6 U
14 22 11 7 U
14 23 7 17 D
14 24 11 17 D
15 0 1 18 L
15 1 7 1 R
15 2 14 2 R
15 3 11 14 D
15 4 13 15 D
15 5 8 13 D
15 6 14 0 R
15 7 7 24 L
15 8 3 19 L
15 9 15 9 U
15 10 17 10 U
15 11 0 24 L
15 12 10 2 R
15 13 3 4 R
15 14 13 14 D
15 15 15 15 D
15 16 13 16 D
15 17 11 17 D
15 18 4 17 D
15 19 15 19 L
15 20 4 7 U
15 21 18 21 L
15 22 4 15 D
15 23 0 0 R
15 24 19 24 L
16 0 1 9 U
16 1 14 8 U
16 2 14 10 U
16 3 0 16 D
16 4 14 4 R
16 5 7 5 R
16 6 14 12 D
16 7 14 19 L
16 8 15 8 U
16 9 8 18 L
16 10 16 10 U
16 11 3 13 D
16 12 3 5 R
16 13 11 2 R
16 14 1 1 R
16 15 12 21 L
16 16 16 16 D
16 17 16 17 D
16 18 11 14 D
16 19 12 19 L
16 20 8 0 R
16 21 16 21 L
16 23 18 15 D
16 24 21 24 L
17 0 17 8 U
17 1 15 1 R
17 2 10 7 U
17 3 21 7 U
17 4 16 4 R
17 5 17 12 D
17 6 13 6 U
17 7 0 3 R
17 8 0 24 L
17 9 4 9 U
17 10 6 10 U
17 11 18 11 U
17 12 12 1 R
17 13 7 13 D
17 14 12 14 D
17 15 3 0 R
17 16 15 16 D
17 17 15 17 D
17 18 17 2 R
17 19 21 10 U
17 20 17 20 L
17 21 13 21 L
17 23 9 23 L
17 24 18 24 L
18 0 0 15 D
18 1 13 9 U
18 2 17 7 U
18 3 21 3 R
18 4 5 4 R
18 5 11 5 R
18 6 11 6 U
18 7 7 19 L
18 8 6 2 R
18 9 8 22 L
18 10 21 10 U
18 11 16 11 U
18 12 0 5 R
18 13 17 21 L
18 14 7 0 R
18 15 1 15 D
18 16 17 8 U
18 17 0 8 U
18 18 17 16 D
18 19 21 19 L
18 20 4 13 D
18 21 17 21 L
18 23 5 13 D
19 0 20 12 D
19 1 14 1 R
19 2 17 2 R
19 3 17 3 R
19 4 13 4 R
19 5 14 23 L
19 6 9 6 U
19 7 11 23 L
19 8 13 23 L
19 9 14 9 U
19 10 20 10 U
19 11 17 5 R
19 12 5 0 R
19 13 19 24 L
19 14 14 14 D
19 15 19 15 D
19 16 18 16 D
19 17 19 17 D
19 18 17 11 U
19 19 19 6 U
19 20 14 10 U
19 21 0 12 D
19 23 10 10 U
20 0 10 14 D
20 1 20 1 R
20 2 16 9 U
20 3 16 3 R
20 4 23 12 D
20 5 18 5 R
20 6 5 20 L
20 7 14 20 L
20 8 1 0 R
20 9 17 9 U
20 10 13 0 R
20 11 19 11 U
20 12 12 20 L
20 13 2 21 L
20 14 16 14 D
20 15 17 18 L
20 16 15 18 L
20 17 6 0 R
20 18 18 12 D
20 19 20 19 L
20 20 7 6 U
20 21 10 6 U
20 23 21 17 D
21 0 18 0 R
21 1 20 7 U
21 2 9 11 U
21 3 16 19 L
21 4 21 4 R
21 5 14 5 R
21 6 21 1 R
21 7 19 7 U
21 8 20 8 U
21 9 7 21 L
21 10 16 3 R
21 11 19 4 R
21 12 18 18 L
21 13 23 1 R
21 14 21 2 R
21 15 18 15 D
21 16 19 18 L
21 17 18 17 D
21 18 10 17 D
21 19 12 9 U
21 20 17 13 D
21 21 15 21 L
21 23 20 23 L
22 0 16 14 D
22 1 19 1 R
22 2 22 2 R
22 3 18 3 R
22 4 19 4 R
22 5 8 7 U
22 6 15 2 R
22 7 18 18 L
22 8 13 0 R
22 9 22 9 U
22 10 19 10 U
22 11 18 19 L
22 12 20 5 R
22 13 22 2 R
22 14 19 14 D
22 15 13 8 U
22 16 19 16 D
22 17 18 2 R
22 18 11 18 L
22 19 20 10 U
22 20 23 20 L
22 21 15 9 U
22 23 25 23 L
23 0 23 16 D
23 1 24 12 D
23 2 21 11 U
23 3 22 9 U
23 4 23 8 U
23 5 17 20 L
23 6 0 2 R
23 7 12 19 L
23 8 13 8 U
23 9 2 19 L
23 10 8 10 U
23 11 0 19 L
23 12 12 7 U
23 13 25 13 D
23 14 21 14 D
23 15 25 7 U
23 16 22 16 D
23 17 20 17 D
23 18 8 6 U
23 19 2 6 U
23 20 24 20 L
23 21 21 16 D
23 23 24 23 L
24 0 22 10 U
24 1 16 1 R
24 2 18 17 D
24 3 26 3 R
24 5 17 5 R
24 6 19 18 L
24 7 21 7 U
24 8 5 8 U
24 9 15 5 R
24 10 22 10 U
24 11 26 18 L
24 12 13 12 D
24 13 23 13 D
24 14 2 3 R
24 15 21 15 D
24 16 11 0 R
24 17 24 17 D
24 18 8 10 U
24 19 0 0 R
24 20 23 14 D
24 21 2 4 R
24 23 23 23 L
25 0 22 14 D
25 1 23 1 R
25 2 24 2 R
25 3 22 3 R
25 5 19 5 R
25 6 4 6 U
25 7 23 7 U
25 8 1 1 R
25 9 21 9 U
25 10 8 19 L
25 11 22 11 U
25 12 16 23 L
25 14 20 14 D
25 15 17 15 D
25 16 23 16 D
25 17 25 17 D
25 18 16 12 D
25 19 23 19 L
25 21 22 21 L
25 23 26 11 U
26 0 19 7 U
26 1 22 13 D
26 2 23 2 R
26 5 25 5 R
26 6 6 0 R
26 7 7 7 U
26 8 23 8 U
26 9 24 23 L
26 10 7 10 U
26 11 10 11 U
26 12 14 12 D
26 14 23 21 L
26 15 20 15 D
26 16 14 16 D
26 17 22 21 L
26 18 2 8 U
27 0 20 15 D

