29 36 871
15 0 3 4 26 23 0 0 25 0 0 4 4 11 1 21
0 14 25 0 26 0 0 18 0 23 21 0 10 0 14 23
0 6 0 0 0 23 27 23 0 0 0 26 0 0 28 28
0 16 0 9 12 0 24 0 22 0 20 21 11 0 0 27
0 0 0 0 0 17 0 0 27 0 0 26 28 0 0 16
0 0 0 2 1 0 0 27 15 22 0 0 18 2 24 0
0 28 6 12 7 22 1 26 6 15 0 1 0 11 16 0
0 8 8 0 0 24 14 21 16 2 6 0 0 10 0 23
0 0 8 4 14 0 0 24 16 0 0 0 16 2 22 0
0 0 12 15 13 0 26 24 0 5 2 12 1 7 0 0
0 0 4 0 20 0 5 22 0 14 2 9 23 4 27 1
0 16 3 23 12 3 13 0 0 14 9 0 6 21 0 26
0 0 22 0 0 12 0 2 11 7 1 0 0 0 4 22
18 0 0 23 23 0 19 16 0 17 0 0 0 25 25 22
0 0 0 0 0 23 0 0 0 13 27 0 0 0 14 14
8 4 22 12 5 28 15 17 0 0 16 0 14 3 0 1
0 0 0 0 R
0 1 0 1 R
0 2 0 2 R
0 3 0 3 R
0 4 0 4 R
0 5 0 5 R
0 6 0 6 R
0 7 0 7 R
0 8 0 8 U
0 9 0 9 U
0 10 0 10 U
0 11 0 11 U
0 12 0 12 U
0 13 0 13 U
0 14 0 14 U
0 15 0 15 U
0 16 0 16 U
0 17 0 17 D
0 18 0 18 D
0 19 0 19 D
0 20 0 20 D
0 21 0 21 D
0 22 0 22 D
0 23 0 23 D
0 24 0 24 D
0 25 0 25 D
0 26 0 26 D
0 27 0 27 L
0 28 0 28 L
0 29 0 29 L
0 30 0 30 L
0 31 0 31 L
0 32 0 32 L
0 33 0 33 L
0 34 0 34 L
0 35 0 35 L
1 0 17 15 U
1 1 20 17 D
1 2 2 21 D
1 3 2 30 L
1 4 23 21 D
1 5 17 11 U
1 6 15 22 D
1 7 7 15 U
1 8 0 27 L
1 9 3 28 L
1 10 0 29 L
1 11 8 31 L
1 12 13 12 U
1 13 10 34 L
1 14 0 26 D
1 15 2 35 L
1 16 2 16 U
1 17 0 27 L
1 18 4 4 R
1 19 6 30 L
1 20 9 20 D
1 21 5 21 D
1 22 6 28 L
1 23 21 23 D
1 24 9 24 D
1 25 9 25 D
1 26 2 26 D
1 27 21 18 D
1 28 3 18 D
1 29 2 15 U
1 30 15 20 D
1 31 5 19 D
1 32 0 12 U
1 33 8 10 U
1 34 9 34 L
1 35 13 0 R
2 0 18 14 U
2 1 12 8 U
2 2 3 16 U
2 3 1 19 D
2 4 8 4 R
2 5 10 24 D
2 6 4 11 U
2 7 4 11 U
2 8 16 28 L
2 9 1 9 U
2 10 0 19 D
2 11 17 11 U
2 12 0 3 R
2 13 1 13 U
2 14 3 14 U
2 15 1 15 U
2 16 3 16 U
2 17 3 28 L
2 18 5 27 L
2 19 9 19 D
2 20 13 20 D
2 21 13 32 L
2 22 5 22 D
2 23 18 23 D
2 24 0 34 L
2 25 7 25 D
2 26 11 26 D
2 27 24 27 L
2 28 0 10 U
2 29 0 22 D
2 30 8 11 U
2 31 15 11 U
2 32 20 8 U
2 33 3 11 U
2 34 12 34 L
2 35 3 7 R
3 0 16 9 U
3 1 2 18 D
3 2 6 26 D
3 3 21 19 D
3 4 6 19 D
3 5 13 5 R
3 6 12 6 R
3 7 0 16 U
3 8 19 6 R
3 9 1 9 U
3 10 11 10 U
3 11 19 29 L
3 12 22 31 L
3 13 4 13 U
3 14 17 5 R
3 15 1 15 U
3 16 8 29 L
3 17 24 31 L
3 18 17 32 L
3 19 0 29 L
3 20 4 28 L
3 21 4 21 D
3 22 2 22 D
3 23 2 23 D
3 24 2 24 D
3 25 2 25 D
3 26 1 26 D
3 27 17 17 D
3 28 20 19 D
3 29 0 19 D
3 30 6 16 U
3 31 20 14 U
3 32 5 32 L
3 33 4 33 L
3 34 1 34 L
3 35 4 35 L
4 0 0 18 D
4 1 0 21 D
4 2 19 2 R
4 3 16 11 U
4 4 12 4 R
4 5 3 5 R
4 6 25 20 D
4 7 6 7 R
4 8 23 0 R
4 9 2 28 L
4 10 18 30 L
4 11 8 30 L
4 12 3 12 U
4 13 3 33 L
4 14 1 30 L
4 15 3 15 U
4 16 6 26 D
4 17 22 1 R
4 18 2 18 D
4 19 8 29 L
4 20 6 27 L
4 21 8 14 U
4 22 18 28 L
4 23 12 31 L
4 24 22 31 L
4 25 3 35 L
4 26 12 29 L
4 27 10 8 U
4 28 23 28 L
4 29 3 17 D
4 30 0 3 R
4 31 10 12 U
4 32 8 32 L
4 33 5 33 L
4 34 10 34 L
4 35 12 14 U
5 0 18 8 U
5 1 2 17 D
5 2 4 15 U
5 3 3 12 U
5 4 3 11 U
5 5 4 15 U
5 6 0 25 D
5 7 2 7 R
5 8 1 28 L
5 9 1 29 L
5 10 7 30 L
5 11 0 30 L
5 12 2 12 U
5 13 22 31 L
5 14 24 14 U
5 15 26 15 U
5 16 0 7 R
5 17 9 32 L
5 18 0 9 U
5 19 0 1 R
5 20 6 3 R
5 21 6 21 D
5 22 11 30 L
5 23 0 31 L
5 24 0 5 R
5 25 25 3 R
5 26 14 2 R
5 27 4 10 U
5 28 0 8 U
5 29 8 29 L
5 30 3 21 D
5 31 11 22 D
5 32 10 32 L
5 33 10 33 L
5 34 14 34 L
5 35 4 35 L
6 0 3 15 U
6 1 4 17 D
6 2 14 18 D
6 3 4 10 U
6 4 19 9 U
6 5 4 5 R
6 6 8 9 U
6 7 0 34 L
6 8 2 4 R
6 9 12 5 R
6 10 3 27 L
6 11 9 29 L
6 12 2 12 U
6 13 14 7 R
6 14 7 7 R
6 15 15 15 U
6 16 1 16 U
6 17 0 6 R
6 18 5 1 R
6 19 16 31 L
6 20 0 16 U
6 21 2 29 L
6 22 12 34 L
6 23 2 23 D
6 24 2 29 L
6 25 3 25 D
6 26 7 26 D
6 27 9 21 D
6 28 1 10 U
6 29 4 19 D
6 30 4 11 U
6 31 11 31 L
6 32 14 19 D
6 33 5 33 L
6 34 4 20 D
6 35 9 35 L
7 0 17 16 U
7 1 6 17 D
7 2 10 20 D
7 3 25 3 R
7 4 3 16 U
7 5 0 13 U
7 6 11 25 D
7 7 3 21 D
7 8 3 1 R
7 9 3 0 R
7 10 24 29 L
7 11 19 1 R
7 12 1 12 U
7 13 2 33 L
7 14 0 23 D
7 15 0 24 D
7 16 9 16 U
7 17 5 4 R
7 18 0 30 L
7 19 5 32 L
7 20 14 31 L
7 21 27 21 D
7 22 11 22 D
7 23 0 13 U
7 25 21 25 D
7 26 1 26 D
7 27 0 17 D
7 28 0 20 D
7 29 5 20 D
7 30 2 30 L
7 31 13 8 U
7 32 0 5 R
7 33 14 33 L
7 34 9 10 U
8 0 2 10 U
8 1 5 26 D
8 2 2 2 R
8 3 26 11 U
8 4 0 33 L
8 5 0 19 D
8 6 21 24 D
8 7 4 7 R
8 8 12 8 U
8 9 14 31 L
8 10 2 10 U
8 11 7 1 R
8 12 23 6 R
8 13 1 13 U
8 14 15 3 R
8 15 25 32 L
8 16 10 6 R
8 17 9 29 L
8 18 19 29 L
8 19 9 29 L
8 20 4 0 R
8 21 15 29 L
8 22 15 4 R
8 23 1 32 L
8 25 5 31 L
8 26 2 26 D
8 27 15 9 U
8 28 4 23 D
8 29 10 29 L
8 30 5 10 U
8 31 12 20 D
8 32 12 9 U
8 33 4 13 U
8 34 0 6 R
8 35 4 9 U
9 0 16 0 R
9 1 17 12 U
9 2 17 22 D
9 3 1 10 U
9 4 7 21 D
9 5 8 5 R
9 6 15 13 U
9 7 26 7 R
9 8 0 6 R
9 9 1 35 L
9 10 3 32 L
9 11 8 3 R
9 12 8 4 R
9 13 20 30 L
9 14 10 0 R
9 15 4 15 U
9 16 1 16 U
9 17 7 5 R
9 18 17 18 D
9 19 2 28 L
9 20 6 0 R
9 21 7 21 D
9 22 5 33 L
9 24 22 29 L
9 25 24 25 D
9 26 0 27 L
9 27 21 11 U
9 28 15 8 U
9 29 10 29 L
9 30 2 30 L
9 31 17 23 D
9 32 6 16 U
9 33 3 33 L
9 34 13 13 U
10 0 0 17 D
10 1 1 1 R
10 2 9 17 D
10 3 3 13 U
10 4 3 18 D
10 5 1 5 R
10 6 0 24 D
10 7 2 22 D
10 8 12 34 L
10 9 15 2 R
10 10 4 10 U
10 11 5 11 U
10 12 17 23 D
10 13 0 4 R
10 14 21 7 R
10 15 1 15 U
10 16 4 24 D
10 17 14 0 R
10 18 24 0 R
10 19 7 2 R
10 20 9 32 L
10 21 7 21 D
10 22 12 22 D
10 23 0 32 L
10 25 14 25 D
10 27 2 12 U
10 28 14 8 U
10 29 2 11 U
10 30 17 24 D
10 31 17 31 L
10 32 4 13 U
10 33 3 33 L
10 34 15 15 U
10 35 18 10 U
11 0 18 12 U
11 1 17 1 R
11 2 2 8 U
11 3 0 11 U
11 4 4 12 U
11 5 8 5 R
11 6 8 6 R
11 7 10 25 D
11 8 13 1 R
11 9 18 5 R
11 10 14 3 R
11 11 14 28 L
11 12 21 34 L
11 13 4 29 L
11 14 23 14 U
11 15 6 15 U
11 16 13 35 L
11 17 18 9 U
11 18 9 18 D
11 19 10 1 R
11 20 23 20 D
11 21 1 30 L
11 22 14 33 L
11 24 15 24 D
11 25 2 25 D
11 26 3 31 L
11 27 0 0 R
11 28 22 22 D
11 29 13 22 D
11 30 25 30 L
11 31 14 31 L
11 32 21 23 D
11 33 5 33 L
11 34 17 1 R
12 0 3 23 D
12 1 13 8 U
12 2 4 2 R
12 3 14 9 U
12 4 9 4 R
12 5 18 29 L
12 6 7 12 U
12 7 18 12 U
12 8 21 22 D
12 9 16 1 R
12 10 0 18 D
12 11 8 1 R
12 12 19 31 L
12 13 9 6 R
12 14 4 34 L
12 15 10 34 L
12 16 0 29 L
12 17 0 0 R
12 18 14 6 R
12 19 15 27 L
12 20 1 28 L
12 21 0 2 R
12 22 0 14 U
12 25 11 34 L
12 26 2 2 R
12 27 14 19 D
12 28 7 1 R
12 29 7 18 D
12 30 4 30 L
12 31 0 23 D
12 32 19 11 U
12 33 26 16 U
12 34 20 20 D
12 35 0 17 D
13 0 15 11 U
13 1 14 9 U
13 2 3 2 R
13 3 5 12 U
13 4 14 15 U
13 5 5 12 U
13 6 0 9 U
13 7 14 24 D
13 8 15 8 U
13 9 0 28 L
13 10 2 35 L
13 11 0 20 D
13 12 8 12 U
13 13 11 18 D
13 14 10 3 R
13 15 5 34 L
13 16 23 16 U
13 17 8 5 R
13 18 0 12 U
13 19 9 7 R
13 20 1 34 L
13 21 0 11 U
13 22 20 22 D
13 23 2 23 D
13 25 2 25 D
13 27 24 27 L
13 28 9 28 L
13 29 22 29 L
13 30 10 3 R
13 31 26 31 L
13 32 20 26 D
13 33 8 26 D
13 34 0 24 D
13 35 15 35 L
14 0 6 0 R
14 1 5 17 D
14 2 8 11 U
14 3 9 3 R
14 4 4 4 R
14 5 16 5 R
14 6 13 8 U
14 7 19 13 U
14 8 18 19 D
14 9 5 9 U
14 10 8 34 L
14 11 12 2 R
14 12 12 5 R
14 13 10 4 R
14 14 9 31 L
14 15 24 31 L
14 16 15 27 L
14 17 20 0 R
14 18 5 8 U
14 19 22 3 R
14 20 22 6 R
14 21 12 29 L
14 22 0 4 R
14 23 11 32 L
14 24 15 28 L
14 27 10 10 U
14 28 15 17 D
14 29 3 29 L
14 30 0 4 R
14 31 17 31 L
14 32 7 32 L
14 33 25 5 R
14 34 19 14 U
14 35 9 35 L
15 0 13 10 U
15 1 4 9 U
15 2 1 16 U
15 3 2 13 U
15 4 16 24 D
15 5 16 11 U
15 6 17 6 R
15 7 24 24 D
15 8 2 30 L
15 9 6 7 R
15 10 2 10 U
15 11 16 18 D
15 12 9 5 R
15 13 20 19 D
15 15 3 7 R
15 16 19 27 L
15 17 3 27 L
15 18 21 2 R
15 19 0 28 L
15 20 20 1 R
15 21 1 21 D
15 22 25 7 R
15 23 13 30 L
15 24 2 32 L
15 25 4 25 D
15 26 5 33 L
15 27 0 1 R
15 28 0 1 R
15 29 4 11 U
15 30 8 21 D
15 31 3 26 D
15 32 4 32 L
15 33 0 13 U
15 34 6 13 U
15 35 4 35 L
16 0 3 12 U
16 1 1 1 R
16 2 10 21 D
16 3 26 14 U
16 4 26 14 U
16 5 10 18 D
16 6 13 21 D
16 7 15 7 R
16 8 12 17 D
16 9 24 3 R
16 10 8 3 R
16 11 17 3 R
16 12 11 12 U
16 15 2 15 U
16 16 2 16 U
16 17 24 8 U
16 18 19 30 L
16 19 8 19 D
16 21 1 21 D
16 22 1 33 L
16 26 5 27 L
16 27 14 22 D
16 28 11 28 L
16 29 19 9 U
16 30 12 17 D
16 31 0 1 R
16 32 5 14 U
16 33 0 7 R
16 34 21 2 R
17 0 9 13 U
17 1 15 19 D
17 2 1 2 R
17 3 11 3 R
17 4 13 26 D
17 5 5 5 R
17 6 20 6 R
17 7 18 7 R
17 8 21 33 L
17 9 13 0 R
17 10 16 2 R
17 12 14 0 R
17 14 24 34 L
17 15 2 15 U
17 16 9 16 U
17 17 0 35 L
17 18 13 28 L
17 19 8 35 L
17 21 5 0 R
17 22 5 31 L
17 23 18 0 R
17 25 15 32 L
17 26 26 28 L
17 27 12 16 U
17 28 1 17 D
17 29 7 20 D
17 30 2 10 U
17 31 0 22 D
17 32 24 32 L
17 33 12 18 D
17 34 10 22 D
18 0 24 20 D
18 2 23 9 U
18 3 9 10 U
18 4 13 12 U
18 5 14 5 R
18 6 7 6 R
18 7 3 26 D
18 8 22 27 L
18 9 11 28 L
18 10 2 18 D
18 11 21 11 U
18 12 24 30 L
18 14 1 14 U
18 15 7 33 L
18 16 3 16 U
18 17 6 27 L
18 18 4 31 L
18 19 13 9 U
18 20 20 20 D
18 21 11 27 L
18 22 4 22 D
18 23 12 34 L
18 25 16 30 L
18 26 1 32 L
18 27 7 20 D
18 28 15 11 U
18 29 2 18 D
18 30 0 20 D
18 31 2 11 U
18 32 3 9 U
18 33 2 10 U
19 0 18 25 D
19 1 1 26 D
19 2 7 13 U
19 3 5 22 D
19 4 0 23 D
19 5 3 5 R
19 6 27 11 U
19 8 0 0 R
19 9 22 0 R
19 10 14 21 D
19 11 0 1 R
19 12 23 3 R
19 13 3 1 R
19 15 1 15 U
19 16 10 32 L
19 17 4 0 R
19 18 11 31 L
19 19 11 19 D
19 20 1 20 D
19 21 14 29 L
19 22 4 22 D
19 24 4 24 D
19 27 20 23 D
19 28 2 10 U
19 29 16 19 D
19 30 17 30 L
19 31 11 3 R
19 32 11 22 D
19 33 10 9 U
19 35 0 15 U
20 0 19 0 R
20 1 24 20 D
20 2 1 2 R
20 3 12 21 D
20 4 4 4 R
20 5 2 21 D
20 6 3 6 R
20 7 16 20 D
20 8 17 2 R
20 9 10 27 L
20 10 19 23 D
20 12 22 12 U
20 13 22 13 U
20 15 15 7 R
20 16 22 16 U
20 17 7 7 R
20 18 10 3 R
20 19 10 6 R
20 20 10 3 R
20 21 1 5 R
20 24 11 4 R
20 26 22 3 R
20 27 18 1 R
20 28 17 16 U
20 29 2 24 D
20 30 14 30 L
20 31 0 13 U
20 32 0 7 R
20 33 6 33 L
20 34 4 34 L
21 0 4 0 R
21 1 0 26 D
21 2 3 2 R
21 3 1 3 R
21 4 3 4 R
21 5 5 17 D
21 8 9 33 L
21 9 0 2 R
21 10 20 20 D
21 12 7 33 L
21 13 11 13 U
21 14 18 27 L
21 15 3 28 L
21 16 19 17 D
21 17 5 32 L
21 18 18 28 L
21 19 14 7 R
21 21 9 21 D
21 22 3 22 D
21 23 17 6 R
21 24 4 35 L
21 26 16 26 D
21 27 19 8 U
21 28 3 10 U
21 29 26 2 R
21 30 2 30 L
21 31 14 22 D
21 32 4 19 D
21 33 12 13 U
22 0 28 17 D
22 2 3 2 R
22 3 1 23 D
22 4 23 11 U
22 5 21 16 U
22 6 4 16 U
22 8 0 33 L
22 9 8 9 U
22 10 18 10 U
22 11 21 32 L
22 13 15 13 U
22 14 0 32 L
22 15 7 15 U
22 16 24 16 U
22 17 20 1 R
22 19 14 4 R
22 21 23 21 D
22 23 11 23 D
22 24 2 24 D
22 26 14 1 R
22 27 6 10 U
22 29 12 4 R
22 30 23 11 U
22 31 11 6 R
22 32 12 4 R
22 33 7 33 L
22 34 0 14 U
23 0 24 18 D
23 1 2 1 R
23 2 9 11 U
23 3 10 3 R
23 4 2 21 D
23 5 0 14 U
23 8 19 0 R
23 9 26 9 U
23 10 20 4 R
23 11 22 33 L
23 12 2 12 U
23 13 11 4 R
23 15 18 15 U
23 16 15 16 U
23 17 11 27 L
23 18 22 5 R
23 19 21 12 U
23 20 7 27 L
23 21 22 21 D
23 25 3 25 D
23 28 17 15 U
23 29 21 17 D
23 30 0 21 D
23 31 14 19 D
23 33 18 12 U
23 34 10 34 L
24 0 1 17 D
24 1 0 8 U
24 2 21 26 D
24 3 20 22 D
24 4 4 19 D
24 5 18 23 D
24 8 21 2 R
24 9 2 9 U
24 10 19 10 U
24 13 2 13 U
24 15 7 15 U
24 16 7 16 U
24 17 25 17 D
24 19 6 33 L
24 20 5 2 R
24 21 2 21 D
24 24 9 30 L
24 26 6 26 D
24 27 12 27 L
24 28 0 9 U
24 29 5 18 D
24 31 0 7 R
24 33 6 33 L
25 0 4 8 U
25 1 5 8 U
25 2 11 18 D
25 3 4 3 R
25 4 10 4 R
25 5 5 5 R
25 8 21 8 U
25 9 12 32 L
25 10 8 7 R
25 13 23 6 R
25 16 5 0 R
25 19 24 32 L
25 20 3 1 R
25 21 0 6 R
25 28 21 3 R
25 29 4 18 D
25 30 0 2 R
25 31 3 31 L
25 32 8 3 R
25 33 10 24 D
25 35 5 20 D
26 0 20 0 R
26 1 16 9 U
26 2 16 2 R
26 3 22 20 D
26 5 24 5 R
26 6 0 10 U
26 9 4 1 R
26 10 4 5 R
26 14 14 14 U
26 15 1 6 R
26 21 14 32 L
26 22 1 22 D
26 23 11 29 L
26 25 21 28 L
26 26 14 26 D
26 28 22 20 D
26 29 3 15 U
26 31 11 19 D
26 34 9 17 D
27 0 0 9 U
27 2 19 2 R
27 3 13 9 U
27 5 7 5 R
27 9 22 28 L
27 15 24 30 L
27 21 1 21 D
27 29 6 29 L
27 31 7 13 U
28 2 4 2 R
28 3 6 3 R
28 5 1 17 D
28 9 4 28 L
28 21 1 21 D
28 29 22 11 U

