12 8 77
0 0 1 3 9 8 9 7 3 0 5 0
0 0 0 0 0 0 0 0 10 0 5 0
0 0 10 0 2 0 0 0 0 0 0 0
0 0 0 0 0 0 0 0 11 8 0 0
0 0 0 0 0 0 8 1 0 8 0 1
6 0 0 0 0 0 0 0 0 0 0 0
0 0 0 0 0 10 0 0 9 0 0 0
3 0 11 0 0 0 0 5 6 0 0 0
0 0 0 0 0 0 9 0 2 0 0 0
0 0 0 0 0 0 0 0 0 0 0 0
9 0 0 0 0 4 2 0 0 0 0 0
0 8 1 10 2 6 0 6 1 0 0 0
0 0 0 0 D
0 1 0 1 D
0 2 0 2 R
0 3 0 3 R
0 4 0 4 U
0 5 0 5 U
0 6 0 6 L
0 7 0 7 L
1 0 0 6 L
1 1 2 6 L
1 2 0 7 L
1 3 6 0 D
1 4 3 3 R
1 5 3 2 R
1 6 0 0 D
1 7 0 1 D
2 0 1 2 R
2 1 7 1 D
2 2 0 4 U
2 3 0 5 U
2 4 5 6 L
2 5 0 2 R
2 6 4 4 U
2 7 3 5 U
3 0 7 7 L
3 1 4 6 L
3 2 6 5 U
3 3 7 3 R
3 4 1 2 R
3 5 0 3 R
3 6 4 0 D
3 7 0 5 U
4 0 5 2 R
4 1 0 3 R
4 2 8 0 D
4 3 3 4 U
4 4 5 2 R
4 5 2 5 U
4 6 7 1 D
5 0 8 3 R
5 1 10 1 D
5 2 0 6 L
5 3 4 0 D
5 4 2 4 U
5 5 7 6 L
5 6 4 5 U
6 0 3 6 L
6 1 7 1 D
6 2 2 2 R
6 3 0 0 D
6 4 0 7 L
6 5 0 1 D
6 6 3 6 L
6 7 2 7 L
7 0 0 7 L
7 2 2 4 U
7 4 1 4 U
7 5 6 6 L
7 6 0 4 U
7 7 3 7 L
8 0 0 2 R
8 2 1 0 D
8 4 0 0 D
8 5 0 0 D
8 6 0 2 R
8 7 4 2 R
9 0 0 4 U
9 2 7 4 U
9 4 8 4 U
9 5 0 6 L
9 6 0 3 R
10 0 5 3 R
10 4 3 0 D
10 5 4 2 R
10 6 1 0 D
11 0 6 4 U
11 4 4 4 U

