32 38 1022
0 22 0 8 18 28 15 28 15 26 0 0 0 0 25 24
11 21 0 0 24 0 2 6 0 0 6 0 0 29 8 28
24 25 0 14 28 16 27 0 0 0 0 0 0 0 27 30
7 0 26 0 0 0 0 13 0 14 6 10 0 24 0 2
3 10 9 29 0 0 0 6 0 12 22 0 0 27 12 0
23 28 0 0 29 0 0 11 0 17 13 17 26 3 3 0
31 0 30 0 22 0 0 0 0 3 13 13 5 0 3 0
3 0 2 0 24 0 0 0 1 4 0 0 0 0 31 0
1 0 27 0 0 0 0 24 25 27 0 0 0 29 0 0
27 25 0 0 3 0 0 4 8 0 24 0 22 0 0 0
1 27 23 0 0 3 0 0 7 8 0 15 6 2 0 0
11 23 25 0 23 0 0 25 28 0 10 0 0 0 10 0
0 0 0 0 0 29 6 24 0 0 0 0 1 28 0 0
0 0 0 0 0 0 0 29 7 11 13 0 10 0 0 0
0 10 28 29 0 0 0 28 11 5 0 0 0 28 0 0
20 24 29 27 8 18 25 0 8 14 15 0 21 27 29 26
0 0 0 0 D
0 1 0 1 D
0 2 0 2 D
0 3 0 3 D
0 4 0 4 D
0 5 0 5 D
0 6 0 6 D
0 7 0 7 D
0 8 0 8 D
0 9 0 9 D
0 10 0 10 R
0 11 0 11 R
0 12 0 12 R
0 13 0 13 R
0 14 0 14 R
0 15 0 15 R
0 16 0 16 R
0 17 0 17 R
0 18 0 18 U
0 19 0 19 U
0 20 0 20 U
0 21 0 21 U
0 22 0 22 U
0 23 0 23 U
0 24 0 24 U
0 25 0 25 U
0 26 0 26 U
0 27 0 27 U
0 28 0 28 U
0 29 0 29 L
0 30 0 30 L
0 31 0 31 L
0 32 0 32 L
0 33 0 33 L
0 34 0 34 L
0 35 0 35 L
0 36 0 36 L
0 37 0 37 L
1 0 3 19 U
1 1 6 29 L
1 2 17 2 D
1 3 3 29 L
1 4 2 4 D
1 5 21 34 L
1 6 19 6 D
1 7 0 25 U
1 8 9 8 D
1 9 5 34 L
1 10 0 20 U
1 11 11 19 U
1 12 6 22 U
1 13 2 13 R
1 14 21 2 D
1 15 13 5 D
1 16 12 19 U
1 17 16 32 L
1 18 7 0 D
1 19 0 0 D
1 20 13 14 R
1 21 3 21 U
1 22 8 22 U
1 23 28 36 L
1 24 13 24 U
1 25 7 25 U
1 26 10 36 L
1 27 8 27 U
1 28 12 16 R
1 29 8 0 D
1 30 4 0 D
1 31 0 1 D
1 32 5 32 L
1 33 23 0 D
1 34 15 34 L
1 35 6 5 D
1 36 17 24 U
2 0 11 30 L
2 1 8 31 L
2 2 17 2 D
2 3 18 36 L
2 4 8 4 D
2 5 26 5 D
2 6 1 6 D
2 7 3 7 D
2 8 16 31 L
2 9 7 9 D
2 10 14 23 U
2 11 9 11 R
2 12 7 0 D
2 13 15 0 D
2 14 1 2 D
2 15 11 15 R
2 16 10 16 R
2 17 4 17 R
2 18 12 32 L
2 19 11 17 R
2 20 0 29 L
2 21 1 32 L
2 22 7 22 U
2 23 7 23 U
2 24 0 15 R
2 25 27 30 L
2 26 7 26 U
2 27 1 27 U
2 28 6 10 R
2 29 9 1 D
2 30 22 3 D
2 31 6 31 L
2 32 8 19 U
2 33 12 33 L
2 34 0 24 U
2 35 6 35 L
2 36 19 4 D
2 37 17 19 U
3 0 20 35 L
3 1 7 1 D
3 2 6 31 L
3 3 5 15 R
3 4 0 22 U
3 5 10 5 D
3 6 2 36 L
3 7 26 30 L
3 8 20 32 L
3 9 2 32 L
3 10 18 10 R
3 11 0 2 D
3 12 26 23 U
3 13 7 19 U
3 14 14 6 D
3 15 9 6 D
3 16 14 3 D
3 17 11 21 U
3 18 5 33 L
3 19 23 13 R
3 20 8 20 U
3 21 1 21 U
3 22 0 30 L
3 23 8 23 U
3 24 2 24 U
3 25 15 25 U
3 26 6 26 U
3 27 7 27 U
3 28 6 28 U
3 29 25 5 D
3 30 6 2 D
3 31 9 6 D
3 32 15 6 D
3 33 30 8 D
3 34 2 6 D
3 35 17 21 U
3 36 2 6 D
3 37 22 27 U
4 0 11 11 R
4 1 3 1 D
4 2 0 14 R
4 3 17 19 U
4 4 20 19 U
4 5 14 16 R
4 6 19 24 U
4 7 3 7 D
4 8 5 11 R
4 9 21 35 L
4 10 2 5 D
4 11 5 11 R
4 12 6 24 U
4 13 14 7 D
4 14 12 21 U
4 15 6 15 R
4 16 14 16 R
4 17 9 17 R
4 18 2 18 U
4 19 14 19 U
4 20 18 20 U
4 21 10 21 U
4 22 9 32 L
4 23 19 30 L
4 24 29 33 L
4 25 27 25 U
4 26 6 31 L
4 27 2 27 U
4 28 17 28 U
4 29 3 29 L
4 30 11 30 L
4 31 18 4 D
4 32 28 15 R
4 33 0 11 R
4 34 18 17 R
4 35 15 35 L
4 36 18 2 D
4 37 6 7 D
5 0 26 31 L
5 1 6 25 U
5 2 10 15 R
5 3 6 3 D
5 4 3 4 D
5 5 19 5 D
5 6 17 34 L
5 7 26 35 L
5 8 1 8 D
5 9 7 9 D
5 10 24 1 D
5 11 19 21 U
5 12 16 12 R
5 13 6 13 R
5 14 10 14 R
5 15 4 15 R
5 16 12 16 R
5 17 4 17 R
5 18 9 11 R
5 19 11 19 U
5 20 0 13 R
5 21 16 30 L
5 22 2 22 U
5 23 0 33 L
5 24 10 35 L
5 25 2 25 U
5 26 1 26 U
5 27 2 27 U
5 28 7 28 U
5 29 12 19 U
5 30 27 30 L
5 31 13 31 L
5 32 15 21 U
5 33 13 33 L
5 34 11 20 U
5 35 11 35 L
5 36 17 36 L
5 37 2 37 L
6 0 12 18 U
6 1 2 31 L
6 2 13 28 U
6 3 5 3 D
6 4 21 4 D
6 5 27 31 L
6 6 19 30 L
6 7 5 29 L
6 8 2 8 D
6 9 3 9 D
6 10 0 21 U
6 11 19 11 R
6 12 27 0 D
6 13 4 13 R
6 14 18 0 D
6 15 18 20 U
6 16 5 27 U
6 17 4 17 R
6 18 0 31 L
6 19 2 19 U
6 20 21 12 R
6 21 2 14 R
6 22 5 22 U
6 23 2 23 U
6 24 25 29 L
6 25 9 15 R
6 26 18 26 U
6 27 3 27 U
6 28 17 10 R
6 29 2 4 D
6 30 0 19 U
6 31 9 31 L
6 32 1 23 U
6 33 8 18 U
6 34 8 15 R
6 35 4 35 L
6 36 22 36 L
6 37 2 37 L
7 0 15 32 L
7 1 3 1 D
7 2 8 2 D
7 3 13 3 D
7 4 6 34 L
7 5 9 5 D
7 6 21 33 L
7 7 24 7 D
7 8 3 8 D
7 9 6 9 D
7 10 0 23 U
7 11 13 3 D
7 12 10 27 U
7 13 19 2 D
7 14 10 2 D
7 15 27 18 U
7 16 4 16 R
7 17 21 25 U
7 18 25 18 U
7 19 11 2 D
7 20 17 20 U
7 21 5 21 U
7 22 6 22 U
7 23 18 23 U
7 24 22 24 U
7 25 19 25 U
7 26 8 26 U
7 27 2 27 U
7 28 9 28 U
7 29 0 12 R
7 30 0 23 U
7 31 5 8 D
7 32 4 3 D
7 33 6 33 L
7 34 0 5 D
7 35 15 20 U
7 36 13 21 U
7 37 4 37 L
8 0 0 29 L
8 1 4 1 D
8 2 7 2 D
8 3 7 3 D
8 4 18 33 L
8 5 3 5 D
8 6 1 6 D
8 7 7 7 D
8 8 5 8 D
8 9 20 9 D
8 10 0 8 D
8 11 21 2 D
8 12 1 12 R
8 13 1 13 R
8 14 18 20 U
8 15 10 2 D
8 16 2 19 U
8 17 6 17 R
8 18 3 13 R
8 19 2 32 L
8 20 3 20 U
8 21 2 21 U
8 22 24 31 L
8 23 4 31 L
8 24 3 14 R
8 25 7 25 U
8 26 14 26 U
8 27 1 27 U
8 28 13 28 U
8 29 5 1 D
8 30 19 4 D
8 31 7 1 D
8 32 27 20 U
8 33 0 12 R
8 34 3 7 D
8 35 0 15 R
8 36 1 36 L
9 0 15 37 L
9 1 23 12 R
9 2 7 27 U
9 3 0 35 L
9 4 1 16 R
9 5 1 5 D
9 6 3 14 R
9 7 8 34 L
9 8 10 33 L
9 9 24 31 L
9 10 0 4 D
9 11 1 11 R
9 12 2 12 R
9 13 1 13 R
9 14 4 19 U
9 15 11 9 D
9 16 12 16 R
9 17 0 31 L
9 18 3 12 R
9 19 0 11 R
9 20 18 20 U
9 21 0 4 D
9 22 3 22 U
9 23 18 23 U
9 24 3 24 U
9 25 20 25 U
9 26 2 26 U
9 27 18 29 L
9 28 4 28 U
9 29 0 0 D
9 30 31 11 R
9 31 0 2 D
9 32 24 19 U
9 33 6 4 D
9 34 4 34 L
9 35 5 4 D
9 36 16 36 L
10 0 16 29 L
10 1 5 11 R
10 2 11 22 U
10 3 7 29 L
10 4 18 35 L
10 5 3 5 D
10 6 16 16 R
10 7 14 7 D
10 8 25 8 D
10 9 6 9 D
10 10 13 26 U
10 11 2 28 U
10 12 0 5 D
10 13 9 13 R
10 14 12 4 D
10 15 7 15 R
10 16 15 26 U
10 17 7 17 R
10 18 0 32 L
10 19 11 19 U
10 20 5 30 L
10 21 3 21 U
10 22 1 22 U
10 23 7 23 U
10 24 2 24 U
10 25 25 25 U
10 26 1 26 U
10 27 3 37 L
10 28 8 30 L
10 29 8 20 U
10 30 11 19 U
10 31 8 0 D
10 32 8 1 D
10 33 5 33 L
10 34 9 34 L
10 35 1 8 D
10 36 0 16 R
10 37 9 21 U
11 0 10 12 R
11 1 0 11 R
11 2 20 2 D
11 3 9 11 R
11 4 4 20 U
11 5 22 15 R
11 6 2 17 R
11 7 7 7 D
11 8 6 8 D
11 9 27 11 R
11 10 19 18 U
11 11 0 18 U
11 12 18 18 U
11 13 12 9 D
11 14 9 25 U
11 15 6 15 R
11 16 3 9 D
11 17 18 17 R
11 18 24 1 D
11 19 13 29 L
11 20 0 3 D
11 21 0 17 R
11 22 10 33 L
11 23 4 23 U
11 24 25 14 R
11 25 3 16 R
11 26 2 26 U
11 27 18 27 U
11 29 3 2 D
11 30 12 0 D
11 31 23 13 R
11 33 14 6 D
11 34 17 18 U
11 35 9 0 D
12 0 1 19 U
12 1 10 26 U
12 2 7 14 R
12 3 3 3 D
12 4 11 29 L
12 5 21 17 R
12 6 29 36 L
12 7 16 15 R
12 8 0 19 U
12 9 2 9 D
12 10 19 10 R
12 11 0 35 L
12 12 5 12 R
12 13 9 13 R
12 14 20 14 R
12 15 0 3 D
12 16 4 16 R
12 17 10 7 D
12 18 16 12 R
12 19 14 16 R
12 20 7 20 U
12 21 1 21 U
12 22 11 14 R
12 23 20 32 L
12 24 13 29 L
12 25 15 7 D
12 26 14 32 L
12 27 2 27 U
12 29 13 29 L
12 30 11 30 L
12 31 21 19 U
12 32 8 32 L
12 33 5 33 L
12 34 2 34 L
12 35 0 7 D
12 36 11 19 U
12 37 10 25 U
13 0 22 13 R
13 1 3 20 U
13 2 23 17 R
13 3 20 34 L
13 4 7 4 D
13 5 7 5 D
13 6 9 6 D
13 7 4 32 L
13 8 9 8 D
13 9 5 13 R
13 10 19 19 U
13 11 19 28 U
13 12 2 1 D
13 13 10 13 R
13 14 6 14 R
13 15 7 4 D
13 16 12 0 D
13 17 24 9 D
13 18 11 31 L
13 19 11 10 R
13 20 17 29 L
13 21 4 31 L
13 22 8 22 U
13 23 4 23 U
13 24 19 24 U
13 25 7 25 U
13 26 21 37 L
13 27 14 35 L
13 29 12 3 D
13 30 0 13 R
13 31 12 31 L
13 32 23 8 D
13 33 5 33 L
13 34 25 19 U
13 35 11 35 L
13 36 1 36 L
14 0 0 13 R
14 1 0 34 L
14 2 16 34 L
14 3 16 32 L
14 4 11 30 L
14 5 1 5 D
14 6 4 6 D
14 7 23 22 U
14 8 10 24 U
14 9 25 34 L
14 10 24 24 U
14 11 18 27 U
14 12 18 4 D
14 13 15 13 R
14 14 17 8 D
14 15 10 6 D
14 16 4 16 R
14 17 27 24 U
14 18 6 0 D
14 19 6 19 U
14 20 17 12 R
14 21 17 12 R
14 22 17 30 L
14 23 22 15 R
14 24 3 24 U
14 25 25 32 L
14 26 11 17 R
14 27 2 27 U
14 29 17 27 U
14 30 12 30 L
14 31 10 18 U
14 32 17 21 U
14 33 12 22 U
14 34 15 34 L
14 35 20 24 U
14 37 4 2 D
15 0 4 18 U
15 1 8 1 D
15 2 23 12 R
15 3 19 29 L
15 4 10 13 R
15 5 1 33 L
15 6 0 28 U
15 7 9 7 D
15 8 2 8 D
15 9 20 9 D
15 10 22 0 D
15 11 12 11 R
15 12 13 12 R
15 13 0 31 L
15 14 17 9 D
15 15 13 19 U
15 16 7 18 U
15 17 1 17 R
15 18 22 17 R
15 19 5 14 R
15 20 12 17 R
15 21 3 4 D
15 22 9 14 R
15 23 8 31 L
15 24 7 24 U
15 25 7 25 U
15 26 2 11 R
15 27 23 33 L
15 29 0 20 U
15 30 6 30 L
15 31 23 5 D
15 32 17 3 D
15 33 7 8 D
15 34 5 26 U
15 35 1 35 L
15 37 9 4 D
16 0 15 34 L
16 1 5 15 R
16 2 20 12 R
16 3 21 33 L
16 4 0 10 R
16 5 3 31 L
16 6 21 32 L
16 7 2 31 L
16 8 12 35 L
16 9 10 9 D
16 10 7 26 U
16 11 20 7 D
16 12 29 3 D
16 13 9 25 U
16 14 5 14 R
16 15 13 15 R
16 16 6 23 U
16 17 8 4 D
16 18 15 14 R
16 19 22 11 R
16 20 22 17 R
16 21 22 12 R
16 22 3 3 D
16 23 0 5 D
16 24 10 32 L
16 25 1 25 U
16 26 12 29 L
16 27 7 27 U
16 29 20 18 U
16 30 9 18 U
16 31 4 2 D
16 32 5 7 D
16 33 4 24 U
16 34 13 20 U
16 35 13 0 D
16 36 5 25 U
17 0 0 16 R
17 1 28 1 D
17 2 25 13 R
17 3 7 32 L
17 4 19 11 R
17 5 1 5 D
17 7 6 37 L
17 8 0 13 R
17 9 12 13 R
17 10 0 0 D
17 11 5 11 R
17 12 10 31 L
17 13 15 5 D
17 14 14 14 R
17 15 1 3 D
17 16 6 16 R
17 17 2 4 D
17 18 0 10 R
17 19 16 15 R
17 20 23 11 R
17 21 7 32 L
17 22 29 29 L
17 23 7 23 U
17 24 5 24 U
17 25 20 31 L
17 26 7 26 U
17 27 13 33 L
17 28 22 33 L
17 29 0 14 R
17 30 16 5 D
17 31 16 18 U
17 32 21 0 D
17 33 9 14 R
17 34 14 4 D
17 35 6 24 U
17 37 4 37 L
18 0 0 30 L
18 1 23 29 L
18 2 26 35 L
18 3 4 12 R
18 4 3 32 L
18 5 1 5 D
18 7 4 7 D
18 8 1 8 D
18 9 2 9 D
18 10 5 5 D
18 11 1 5 D
18 12 11 2 D
18 13 14 13 R
18 14 21 26 U
18 15 1 24 U
18 16 29 25 U
18 17 4 20 U
18 19 28 33 L
18 20 7 11 R
18 21 7 21 U
18 22 19 22 U
18 23 1 23 U
18 24 0 30 L
18 25 25 25 U
18 26 15 32 L
18 27 23 12 R
18 29 15 10 R
18 30 6 1 D
18 31 3 31 L
18 32 17 32 L
18 33 5 19 U
18 34 3 0 D
18 35 25 19 U
18 36 2 36 L
19 0 21 10 R
19 1 16 33 L
19 2 0 18 U
19 3 30 31 L
19 4 1 4 D
19 5 5 10 R
19 7 22 26 U
19 8 11 8 D
19 9 3 9 D
19 10 14 29 L
19 11 18 1 D
19 12 20 8 D
19 13 1 6 D
19 14 6 14 R
19 15 14 27 U
19 16 7 21 U
19 17 15 2 D
19 19 13 12 R
19 20 2 20 U
19 21 16 34 L
19 22 20 12 R
19 23 2 23 U
19 24 23 24 U
19 25 10 25 U
19 26 16 34 L
19 27 0 34 L
19 29 18 15 R
19 30 29 21 U
19 31 16 31 L
19 32 1 1 D
19 33 13 20 U
19 34 5 3 D
19 35 16 35 L
19 36 0 25 U
20 0 5 10 R
20 1 10 36 L
20 2 4 31 L
20 3 23 3 D
20 4 26 15 R
20 5 6 15 R
20 7 21 31 L
20 8 3 32 L
20 9 23 9 D
20 10 0 28 U
20 11 14 3 D
20 12 21 25 U
20 13 13 1 D
20 14 2 6 D
20 15 4 24 U
20 16 18 20 U
20 17 17 7 D
20 18 7 29 L
20 19 19 30 L
20 20 6 20 U
20 21 2 21 U
20 22 1 22 U
20 23 14 37 L
20 24 1 24 U
20 25 22 10 R
20 26 17 6 D
20 27 22 27 U
20 29 9 5 D
20 30 27 3 D
20 31 14 18 U
20 32 9 24 U
20 33 25 22 U
20 34 22 12 R
20 35 10 21 U
21 0 2 17 R
21 1 16 10 R
21 2 2 2 D
21 4 25 36 L
21 5 18 37 L
21 7 0 19 U
21 8 14 30 L
21 9 13 16 R
21 10 3 25 U
21 11 16 22 U
21 12 7 26 U
21 13 13 21 U
21 14 16 22 U
21 15 8 8 D
21 16 18 23 U
21 17 22 22 U
21 18 0 12 R
21 19 18 9 D
21 20 20 20 U
21 21 5 15 R
21 22 10 22 U
21 23 22 17 R
21 24 3 32 L
21 25 8 17 R
21 26 8 26 U
21 27 5 27 U
21 29 19 11 R
21 30 20 23 U
21 31 10 7 D
21 33 19 9 D
21 34 22 1 D
21 35 17 3 D
22 0 21 14 R
22 1 17 17 R
22 2 24 16 R
22 3 21 35 L
22 4 26 30 L
22 5 26 14 R
22 7 8 7 D
22 8 17 15 R
22 9 14 9 D
22 10 19 32 L
22 11 14 19 U
22 12 5 0 D
22 13 2 27 U
22 14 8 3 D
22 15 16 3 D
22 16 24 16 R
22 17 6 17 R
22 18 17 16 R
22 19 5 29 L
22 20 3 31 L
22 21 18 1 D
22 22 13 10 R
22 23 3 23 U
22 24 14 24 U
22 25 17 16 R
22 27 25 14 R
22 29 2 29 L
22 30 28 7 D
22 31 5 31 L
22 32 12 2 D
22 33 23 1 D
22 34 0 3 D
22 35 12 23 U
23 0 4 16 R
23 1 0 12 R
23 2 15 10 R
23 4 13 4 D
23 5 30 34 L
23 7 8 36 L
23 8 7 8 D
23 9 8 9 D
23 10 19 20 U
23 11 20 19 U
23 12 20 5 D
23 13 19 23 U
23 14 21 7 D
23 15 0 1 D
23 16 14 16 R
23 17 18 22 U
23 18 15 13 R
23 19 22 19 U
23 20 24 20 U
23 21 0 10 R
23 22 8 32 L
23 23 22 14 R
23 24 6 24 U
23 25 26 25 U
23 27 6 27 U
23 29 15 1 D
23 30 21 1 D
23 31 5 22 U
23 32 0 10 R
23 33 5 33 L
23 34 5 34 L
23 35 15 18 U
24 0 4 14 R
24 1 13 16 R
24 2 6 20 U
24 3 21 36 L
24 4 21 31 L
24 5 7 5 D
24 7 8 7 D
24 8 23 13 R
24 9 12 12 R
24 10 0 1 D
24 11 9 18 U
24 12 9 8 D
24 13 4 27 U
24 14 3 9 D
24 15 7 9 D
24 16 0 30 L
24 17 19 5 D
24 18 19 29 L
24 19 0 1 D
24 20 3 20 U
24 21 21 35 L
24 22 18 22 U
24 23 27 23 U
24 24 10 11 R
24 25 28 29 L
24 26 1 26 U
24 27 16 31 L
24 28 7 28 U
24 29 7 15 R
24 30 17 6 D
24 31 5 31 L
24 33 1 3 D
24 34 23 2 D
24 35 28 18 U
25 0 7 12 R
25 1 6 35 L
25 2 2 37 L
25 3 1 3 D
25 4 26 32 L
25 5 16 18 U
25 7 29 33 L
25 8 1 8 D
25 9 28 9 D
25 10 2 1 D
25 11 8 9 D
25 12 1 12 R
25 13 28 20 U
25 14 22 27 U
25 15 2 15 R
25 16 5 16 R
25 17 9 26 U
25 18 26 10 R
25 20 9 20 U
25 21 3 10 R
25 22 23 16 R
25 23 9 23 U
25 24 26 24 U
25 25 6 25 U
25 26 21 15 R
25 27 15 27 U
25 29 16 8 D
25 30 2 3 D
25 31 10 20 U
25 32 1 7 D
25 33 10 26 U
25 35 3 35 L
26 0 24 25 U
26 1 7 33 L
26 2 16 17 R
26 4 6 4 D
26 5 4 31 L
26 6 1 34 L
26 7 10 7 D
26 8 6 14 R
26 9 18 9 D
26 10 6 21 U
26 11 2 11 R
26 12 19 20 U
26 13 7 20 U
26 14 21 22 U
26 15 25 21 U
26 16 4 16 R
26 17 20 28 U
26 18 12 31 L
26 21 2 21 U
26 22 15 15 R
26 23 0 34 L
26 24 3 24 U
26 25 27 9 D
26 29 4 4 D
26 30 24 25 U
26 31 15 27 U
26 33 16 4 D
27 0 22 16 R
27 1 19 14 R
27 2 3 2 D
27 4 9 4 D
27 5 22 10 R
27 7 8 7 D
27 8 2 8 D
27 9 24 9 D
27 11 12 8 D
27 12 28 12 R
27 13 13 26 U
27 14 5 14 R
27 15 8 9 D
27 16 13 34 L
27 21 18 21 U
27 22 2 12 R
27 23 2 15 R
27 24 25 31 L
27 25 29 25 U
27 31 26 22 U
27 33 5 33 L
27 35 26 35 L
28 0 23 0 D
28 1 12 10 R
28 2 0 10 R
28 5 23 35 L
28 7 3 7 D
28 8 2 8 D
28 9 8 9 D
28 11 4 11 R
28 12 1 5 D
28 13 17 4 D
28 15 10 22 U
28 16 0 7 D
28 19 8 36 L
28 21 13 17 R
28 22 11 22 U
28 23 3 23 U
28 24 1 24 U
28 25 16 11 R
28 31 4 31 L
28 33 15 15 R
29 1 8 1 D
29 2 19 2 D
29 5 2 5 D
29 7 5 7 D
29 9 28 32 L
29 12 27 1 D
29 13 1 13 R
29 15 7 23 U
29 16 20 25 U
29 22 11 36 L
29 23 7 23 U
29 24 8 15 R
29 25 14 25 U
29 31 8 22 U
30 7 1 7 D
30 16 13 27 U
30 24 26 10 R
30 25 10 33 L
30 31 7 31 L
31 16 2 16 R
31 25 7 25 U
31 31 0 15 R

