11 8 74
6 0 0 0 0 0 0 9 8 0 0 0 0
0 0 7 0 0 10 0 9 9 0 0 0 7
0 0 0 0 0 0 7 3 0 0 0 0 0
0 0 0 0 0 0 0 0 0 0 0 0 0
0 0 10 0 0 0 4 0 2 0 0 0 10
0 0 0 0 0 2 0 2 0 0 0 0 0
0 3 0 0 4 0 8 0 9 0 0 0 3
0 0 0 0 0 0 0 0 5 0 0 0 4
0 0 0 0 0 0 0 0 0 0 0 0 0
0 0 0 0 0 0 0 0 0 0 0 0 0
0 0 0 0 0 0 0 0 0 0 0 6 2
0 0 0 0 0 0 0 0 0 0 0 0 0
0 7 0 0 2 0 7 8 1 0 0 0 0
0 0 0 0 U
0 1 0 1 U
0 2 0 2 R
0 3 0 3 R
0 4 0 4 D
0 5 0 5 D
0 6 0 6 L
0 7 0 7 L
1 0 2 0 U
1 1 4 1 U
1 2 5 0 U
1 3 0 0 U
1 4 0 0 U
1 5 4 5 D
1 6 2 0 U
1 7 3 5 D
2 0 6 6 L
2 1 1 1 U
2 2 0 5 D
2 3 3 0 U
2 4 1 2 R
2 5 1 7 L
2 6 4 1 U
2 7 9 5 D
3 0 0 2 R
3 1 0 3 R
3 2 2 4 D
3 4 1 6 L
3 5 1 6 L
3 6 4 4 D
3 7 8 4 D
4 0 0 6 L
4 1 3 6 L
4 2 3 5 D
4 4 0 2 R
4 5 5 6 L
4 6 0 1 U
4 7 7 7 L
5 0 7 7 L
5 1 6 7 L
5 2 0 1 U
5 4 2 0 U
5 5 1 5 D
5 6 3 4 D
5 7 6 4 D
6 0 1 3 R
6 1 1 2 R
6 2 0 4 D
6 3 5 4 D
6 4 7 2 R
6 6 5 5 D
6 7 0 3 R
7 0 6 2 R
7 1 2 1 U
7 2 4 4 D
7 3 5 3 R
7 4 1 0 U
7 6 6 4 D
7 7 5 1 U
8 0 5 3 R
8 1 2 7 L
8 2 5 4 D
8 4 0 7 L
8 6 7 5 D
8 7 0 4 D
9 0 8 2 R
9 1 2 2 R
9 2 2 1 U
9 4 10 4 D
9 6 1 1 U
10 0 6 0 U
10 1 8 2 R
10 2 0 6 L
10 6 0 0 U

