22 22 402
0 12 6 0 0 0 15 10 0 6 19 19 0 0 0 2 0 0
0 0 4 2 0 0 0 0 7 9 18 0 6 10 0 0 0 10
13 0 5 0 12 0 0 0 0 0 0 0 1 0 0 14 0 0
0 0 0 13 0 18 0 0 0 13 0 0 0 0 10 0 0 0
11 0 17 7 19 0 19 0 0 19 0 2 15 0 11 1 2 18
7 4 0 18 0 19 0 0 0 11 0 2 0 0 0 0 0 10
0 5 0 0 7 0 5 0 9 0 0 10 1 18 0 0 0 0
3 3 14 1 0 0 0 16 7 0 0 0 0 0 0 0 0 0
10 0 0 17 11 0 4 0 6 13 0 15 0 0 0 0 5 0
4 0 15 0 19 0 0 0 0 16 8 0 0 0 0 0 0 0
5 0 15 3 20 6 2 0 15 0 9 0 0 0 14 0 4 0
15 14 0 0 0 0 18 0 0 0 0 0 0 15 0 2 0 0
11 0 0 17 0 20 0 0 0 0 0 0 0 0 0 21 0 2
0 0 0 0 0 7 0 0 0 0 0 0 0 0 9 0 0 0
0 0 0 0 0 0 0 0 0 0 12 0 0 0 0 0 0 0
0 0 0 0 0 0 15 0 14 0 0 0 0 20 13 18 5 0
0 11 0 16 4 0 0 19 0 0 0 0 0 18 0 20 0 19
4 15 19 0 15 9 6 3 0 0 0 0 0 12 17 0 0 1
0 0 0 0 L
0 1 0 1 L
0 2 0 2 L
0 3 0 3 L
0 4 0 4 L
0 5 0 5 R
0 6 0 6 R
0 7 0 7 R
0 8 0 8 R
0 9 0 9 R
0 10 0 10 R
0 11 0 11 D
0 12 0 12 D
0 13 0 13 D
0 14 0 14 D
0 15 0 15 D
0 16 0 16 D
0 17 0 17 U
0 18 0 18 U
0 19 0 19 U
0 20 0 20 U
0 21 0 21 U
1 0 3 18 U
1 1 14 14 D
1 2 2 13 D
1 3 8 3 L
1 4 9 4 L
1 5 6 18 U
1 6 2 6 R
1 7 8 20 U
1 8 3 8 R
1 9 15 18 U
1 10 9 17 U
1 11 11 0 L
1 12 0 3 L
1 13 9 2 L
1 14 11 0 L
1 15 9 0 L
1 16 20 2 L
1 17 6 5 R
1 18 5 6 R
1 19 7 8 R
1 20 2 9 R
1 21 17 6 R
2 0 16 19 U
2 1 15 1 L
2 2 1 12 D
2 3 9 18 U
2 4 7 8 R
2 5 0 12 D
2 6 0 11 D
2 7 9 15 D
2 8 9 8 R
2 9 17 9 R
2 10 10 14 D
2 11 5 6 R
2 12 4 12 D
2 13 0 2 L
2 14 6 9 R
2 15 17 15 D
2 16 15 1 L
2 17 13 4 L
2 18 14 8 R
2 19 1 8 R
2 20 14 20 U
2 21 0 16 D
3 0 0 20 U
3 1 0 17 U
3 2 0 18 U
3 3 10 12 D
3 4 11 20 U
3 5 6 11 D
3 6 1 6 R
3 7 0 1 L
3 8 18 14 D
3 9 8 21 U
3 11 0 5 R
3 12 0 21 U
3 13 5 6 R
3 14 5 14 D
3 15 10 15 D
3 16 18 0 L
3 17 0 5 R
3 18 12 18 U
3 19 18 0 L
3 20 0 0 L
3 21 13 21 U
4 0 10 17 U
4 1 0 6 R
4 2 2 18 U
4 3 18 3 L
4 4 15 18 U
4 5 3 0 L
4 6 0 16 D
4 7 0 3 L
4 8 0 12 D
4 9 7 21 U
4 10 12 15 D
4 11 0 10 R
4 12 0 19 U
4 13 16 2 L
4 14 13 6 R
4 15 20 1 L
4 17 2 17 U
4 18 12 2 L
4 19 0 6 R
4 20 1 7 R
4 21 7 21 U
5 0 0 13 D
5 1 6 11 D
5 2 10 17 U
5 3 18 17 U
5 4 0 11 D
5 5 10 13 D
5 6 10 19 U
5 7 3 18 U
5 8 6 8 R
5 9 6 14 D
5 11 3 5 R
5 12 0 0 L
5 13 7 13 D
5 14 4 14 D
5 15 17 4 L
5 17 2 6 R
5 18 14 5 R
5 19 7 19 U
5 20 3 20 U
5 21 7 21 U
6 0 8 13 D
6 1 16 18 U
6 2 5 21 U
6 3 3 3 L
6 4 15 4 L
6 5 15 20 U
6 6 3 19 U
6 7 1 7 R
6 8 16 8 R
6 9 12 9 R
6 11 12 1 L
6 12 11 4 L
6 13 15 7 R
6 14 10 7 R
6 15 16 15 D
6 17 13 0 L
6 18 17 0 L
6 19 1 5 R
6 20 0 12 D
6 21 7 7 R
7 0 5 11 D
7 1 2 13 D
7 2 8 14 D
7 3 1 3 L
7 4 3 9 R
7 5 0 0 L
7 6 8 18 U
7 7 1 7 R
7 8 1 18 U
7 9 0 18 U
7 11 0 6 R
7 12 15 7 R
7 13 3 7 R
7 14 5 14 D
7 15 18 9 R
7 16 2 16 D
7 17 2 8 R
7 18 10 18 U
7 19 5 19 U
7 20 19 20 U
7 21 6 3 L
8 0 6 19 U
8 1 0 21 U
8 2 1 2 L
8 3 2 3 L
8 4 0 15 D
8 5 11 14 D
8 6 5 19 U
8 7 4 21 U
8 8 6 8 R
8 9 16 20 U
8 11 4 9 R
8 12 11 1 L
8 13 7 2 L
8 14 1 3 L
8 15 9 2 L
8 17 7 9 R
8 18 2 7 R
8 19 10 12 D
8 20 13 6 R
8 21 1 7 R
9 0 6 18 U
9 1 8 13 D
9 2 1 2 L
9 3 1 3 L
9 4 10 11 D
9 5 7 1 L
9 6 2 11 D
9 7 0 19 U
9 8 1 8 R
9 9 4 9 R
9 10 1 21 U
9 11 3 6 R
9 12 17 3 L
9 13 7 19 U
9 14 2 14 D
9 15 8 0 L
9 17 1 10 R
9 18 10 7 R
9 19 17 7 R
9 20 5 13 D
9 21 17 3 L
10 0 8 20 U
10 1 0 12 D
10 2 8 11 D
10 3 6 20 U
10 4 1 4 L
10 5 4 1 L
10 6 9 6 R
10 8 13 20 U
10 9 0 21 U
10 11 11 5 R
10 12 16 5 R
10 13 7 13 D
10 14 5 4 L
10 15 3 15 D
10 17 0 13 D
10 18 14 0 L
10 19 4 4 L
10 20 0 9 R
10 21 13 8 R
11 0 10 5 R
11 1 12 19 U
11 2 18 2 L
11 3 0 7 R
11 4 5 21 U
11 5 2 21 U
11 6 8 17 U
11 7 8 17 U
11 8 9 2 L
11 9 13 16 D
11 11 9 7 R
11 12 5 7 R
11 13 9 4 L
11 14 3 10 R
11 17 5 4 L
11 18 21 4 L
11 19 2 1 L
11 20 10 20 U
11 21 13 5 R
12 0 10 14 D
12 2 20 2 L
12 3 3 3 L
12 4 3 4 L
12 5 1 20 U
12 6 2 15 D
12 7 17 13 D
12 8 0 15 D
12 9 5 15 D
12 11 13 11 D
12 12 4 12 D
12 13 0 17 U
12 14 8 5 R
12 15 16 15 D
12 17 0 3 L
12 18 0 11 D
12 19 3 2 L
12 20 18 4 L
12 21 3 21 U
13 0 0 11 D
13 1 9 12 D
13 3 8 11 D
13 4 5 12 D
13 5 3 21 U
13 6 3 13 D
13 7 14 7 R
13 8 3 12 D
13 9 12 11 D
13 11 9 17 U
13 12 0 4 L
13 13 3 8 R
13 14 10 3 L
13 15 0 8 R
13 16 6 16 D
13 17 18 0 L
13 18 6 18 U
13 19 7 19 U
13 20 0 14 D
13 21 3 8 R
14 0 16 12 D
14 1 8 1 L
14 2 11 15 D
14 3 9 3 L
14 4 17 7 R
14 5 13 21 U
14 6 15 12 D
14 7 3 7 R
14 8 4 19 U
14 9 17 3 L
14 10 13 10 R
14 11 3 0 L
14 12 2 8 R
14 13 18 13 D
14 14 7 14 D
14 17 13 3 L
14 18 0 10 R
14 19 6 19 U
14 20 6 5 R
14 21 12 10 R
15 0 0 5 R
15 1 9 20 U
15 2 0 19 U
15 3 10 18 U
15 4 1 13 D
15 5 3 17 U
15 6 11 17 U
15 7 8 7 R
15 8 8 8 R
15 9 1 9 R
15 10 1 10 R
15 11 4 8 R
15 12 10 1 L
15 13 1 19 U
15 14 13 14 D
15 15 9 3 L
15 17 9 11 D
15 19 17 6 R
15 20 2 1 L
15 21 0 15 D
16 0 18 13 D
16 1 13 17 U
16 3 17 21 U
16 4 14 19 U
16 5 9 18 U
16 6 14 6 R
16 8 7 11 D
16 11 4 11 D
16 12 0 20 U
16 13 1 0 L
16 14 19 1 L
16 15 3 15 D
16 17 5 7 R
16 18 9 1 L
16 19 0 2 L
16 20 7 20 U
16 21 6 21 U
17 0 10 0 L
17 2 10 19 U
17 3 5 3 L
17 4 1 15 D
17 6 0 14 D
17 7 11 11 D
17 8 8 18 U
17 11 11 2 L
17 12 14 9 R
17 13 5 13 D
17 14 12 0 L
17 15 4 15 D
17 17 15 1 L
17 18 0 1 L
17 19 2 19 U
17 20 6 2 L
17 21 3 1 L
18 0 6 0 L
18 1 3 20 U
18 3 3 19 U
18 4 9 4 L
18 5 6 12 D
18 6 13 12 D
18 7 2 17 U
18 8 12 13 D
18 11 8 9 R
18 12 7 0 L
18 13 19 5 R
18 14 7 14 D
18 17 9 7 R
18 18 0 0 L
18 19 17 19 U
18 21 12 4 L
19 0 18 0 L
19 3 7 21 U
19 4 2 4 L
19 6 7 6 R
19 7 1 18 U
19 8 14 11 D
19 9 1 20 U
19 11 12 3 L
19 12 15 0 L
19 13 5 9 R
19 17 16 5 R
19 19 20 4 L
19 20 17 20 U
19 21 12 15 D
20 0 1 0 L
20 5 19 5 R
20 6 4 6 R
20 7 6 18 U
20 8 8 8 R
20 11 2 6 R
20 17 19 17 U
20 19 7 19 U
20 21 10 21 U
21 6 16 12 D
21 8 20 15 D

