27 18 381
14 20 0 3 11 2 0 14 10 6 5
0 0 14 22 8 0 1 22 0 0 0
0 0 10 0 6 0 0 0 0 0 0
2 23 9 6 0 15 15 25 0 0 0
13 0 8 6 15 5 8 12 0 0 0
0 0 0 0 0 0 0 0 0 13 12
0 0 0 0 0 0 19 0 20 16 22
5 0 0 0 21 0 0 0 0 16 4
0 0 7 9 0 24 0 0 16 0 24
18 22 3 9 20 13 0 0 14 0 20
3 2 5 12 0 26 18 18 7 0 3
0 0 0 0 U
0 1 0 1 U
0 2 0 2 U
0 3 0 3 U
0 4 0 4 R
0 5 0 5 R
0 6 0 6 R
0 7 0 7 R
0 8 0 8 R
0 9 0 9 D
0 10 0 10 D
0 11 0 11 D
0 12 0 12 D
0 13 0 13 D
0 14 0 14 L
0 15 0 15 L
0 16 0 16 L
0 17 0 17 L
1 0 13 14 L
1 1 19 14 L
1 2 12 17 L
1 3 12 17 L
1 4 4 1 U
1 5 7 3 U
1 6 9 6 R
1 7 6 7 R
1 8 13 8 R
1 9 0 7 R
1 10 4 4 R
1 11 6 6 R
1 12 5 2 U
1 13 18 7 R
1 14 12 9 D
1 15 11 10 D
1 16 15 12 D
1 17 2 17 L
2 0 7 5 R
2 1 18 1 U
2 2 10 2 U
2 3 23 5 R
2 4 18 13 D
2 5 18 12 D
2 6 4 6 R
2 7 1 9 D
2 8 17 12 D
2 9 12 9 D
2 10 4 14 L
2 11 5 1 U
2 12 4 12 D
2 13 7 3 U
2 14 11 5 R
2 15 11 1 U
2 16 1 16 L
2 17 22 17 L
3 0 22 14 L
3 1 22 1 U
3 2 8 2 U
3 3 8 3 U
3 4 0 3 U
3 5 14 0 U
3 6 1 6 R
3 7 16 7 R
3 8 13 8 R
3 9 0 4 R
3 10 0 15 L
3 11 1 15 L
3 12 1 12 D
3 13 5 13 D
3 14 0 3 U
3 15 13 0 U
3 16 0 1 U
4 0 7 0 U
4 1 3 1 U
4 2 0 10 D
4 3 5 3 U
4 4 1 4 R
4 5 1 10 D
4 6 1 6 R
4 7 15 12 D
4 8 1 8 R
4 9 1 9 D
4 10 24 14 L
4 11 11 8 R
4 12 5 0 U
4 14 9 0 U
4 15 19 0 U
4 16 13 16 L
4 17 10 1 U
5 0 11 0 U
5 1 0 15 L
5 2 15 2 U
5 3 2 3 U
5 4 3 0 U
5 5 16 10 D
5 6 20 12 D
5 7 7 0 U
5 8 4 10 D
5 9 6 0 U
5 10 0 14 L
5 11 3 11 D
5 12 0 3 U
5 13 15 14 L
5 14 19 4 R
5 15 4 12 D
5 16 17 2 U
5 17 11 3 U
6 0 13 0 U
6 1 12 15 L
6 2 12 16 L
6 3 1 15 L
6 4 1 0 U
6 5 11 5 R
6 6 21 3 U
6 8 10 8 R
6 9 0 5 R
6 10 24 8 R
6 11 4 11 D
6 12 0 2 U
6 14 1 1 U
6 15 0 5 R
6 16 1 0 U
6 17 4 17 L
7 0 14 4 R
7 1 2 16 L
7 2 16 2 U
7 3 19 3 U
7 4 0 2 U
7 5 0 0 U
7 6 15 2 U
7 8 1 8 R
7 9 21 15 L
7 10 3 14 L
7 11 5 11 D
7 12 21 14 L
7 14 9 12 D
7 15 14 5 R
7 16 3 1 U
7 17 9 12 D
8 0 15 7 R
8 1 6 5 R
8 2 17 9 D
8 3 1 5 R
8 4 13 4 R
8 5 10 11 D
8 6 7 3 U
8 7 14 7 R
8 8 11 8 R
8 9 1 5 R
8 10 4 10 D
8 11 1 7 R
8 12 4 15 L
8 14 0 0 U
8 15 19 9 D
8 16 10 10 D
8 17 3 12 D
9 0 15 0 U
9 1 18 6 R
9 2 1 5 R
9 3 8 6 R
9 4 0 9 D
9 5 20 10 D
9 6 1 9 D
9 8 1 8 R
9 9 12 17 L
9 10 18 6 R
9 11 16 6 R
9 12 15 6 R
9 14 16 3 U
9 15 17 3 U
9 16 2 16 L
9 17 0 11 D
10 0 6 13 D
10 1 0 9 D
10 2 8 8 R
10 3 17 15 L
10 4 5 2 U
10 5 6 5 R
10 6 12 6 R
10 9 24 14 L
10 10 0 1 U
10 11 3 3 U
10 12 2 12 D
10 14 16 12 D
10 16 15 16 L
10 17 2 13 D
11 0 0 4 R
11 1 0 14 L
11 2 17 5 R
11 3 13 16 L
11 4 21 11 D
11 5 6 13 D
11 6 7 10 D
11 7 0 15 L
11 8 2 8 R
11 9 18 4 R
11 10 3 10 D
11 11 6 11 D
11 12 12 5 R
11 13 4 5 R
11 14 1 14 L
11 15 6 15 L
11 16 7 16 L
11 17 14 17 L
12 0 14 0 U
12 1 26 1 U
12 3 15 7 R
12 4 1 9 D
12 5 18 11 D
12 6 15 9 D
12 7 7 10 D
12 8 1 10 D
12 9 5 14 L
12 10 16 0 U
12 11 4 11 D
12 12 14 17 L
12 14 8 1 U
12 15 22 11 D
12 16 9 9 D
12 17 5 2 U
13 0 11 16 L
13 1 4 1 U
13 2 9 15 L
13 3 7 3 U
13 4 18 11 D
13 5 15 1 U
13 6 15 12 D
13 8 16 9 D
13 9 6 9 D
13 10 24 4 R
13 11 3 11 D
13 12 5 12 D
13 13 1 13 D
13 14 5 14 L
13 15 20 15 L
13 16 3 10 D
13 17 14 12 D
14 0 11 6 R
14 1 10 9 D
14 3 2 3 U
14 4 11 4 R
14 5 2 5 R
14 6 6 6 R
14 7 1 7 R
14 8 9 16 L
14 9 15 4 R
14 10 8 16 L
14 11 0 16 L
14 12 13 12 D
14 14 0 4 R
14 15 7 10 D
14 16 13 16 L
14 17 8 10 D
15 0 7 8 R
15 1 8 8 R
15 2 9 17 L
15 3 1 6 R
15 4 4 3 U
15 6 18 6 R
15 8 6 11 D
15 9 5 9 D
15 10 17 15 L
15 11 4 11 D
15 12 25 15 L
15 14 13 2 U
15 16 21 16 L
15 17 3 9 D
16 0 17 17 L
16 1 21 16 L
16 3 21 15 L
16 4 10 12 D
16 6 1 12 D
16 8 19 8 R
16 9 14 8 R
16 10 5 0 U
16 11 9 4 R
16 12 1 4 R
16 14 10 0 U
16 15 10 0 U
16 16 20 16 L
16 17 1 17 L
17 1 12 4 R
17 2 19 6 R
17 3 0 17 L
17 4 20 10 D
17 5 10 2 U
17 6 16 11 D
17 8 2 16 L
17 9 23 2 U
17 10 7 10 D
17 11 0 4 R
17 12 2 5 R
17 13 4 13 D
17 14 11 8 R
17 15 1 15 L
17 16 8 12 D
18 0 11 15 L
18 1 9 15 L
18 2 8 16 L
18 3 16 14 L
18 4 10 2 U
18 5 12 5 R
18 9 4 4 R
18 10 17 2 U
18 11 13 14 L
18 12 1 2 U
18 14 2 9 D
18 16 8 11 D
18 17 22 11 D
19 0 0 16 L
19 2 12 8 R
19 4 0 10 D
19 5 1 12 D
19 8 14 8 R
19 9 10 15 L
19 10 24 10 D
19 11 4 11 D
19 12 2 12 D
19 14 6 2 U
19 16 11 16 L
19 17 0 10 D
20 0 8 15 L
20 1 22 4 R
20 2 12 14 L
20 3 5 16 L
20 4 0 14 L
20 5 3 2 U
20 6 15 6 R
20 8 15 8 R
20 9 7 1 U
20 10 5 1 U
20 11 24 5 R
20 12 18 1 U
20 14 17 11 D
21 0 2 17 L
21 3 7 3 U
21 4 0 1 U
21 5 11 5 R
21 6 16 6 R
21 7 1 11 D
21 8 16 8 R
21 9 9 16 L
21 11 25 11 D
21 12 11 12 D
22 0 17 0 U
22 1 23 4 R
22 3 10 4 R
22 4 10 10 D
22 5 10 5 R
22 6 12 6 R
22 9 6 7 R
22 10 2 10 D
22 11 20 1 U
22 12 24 12 D
22 14 0 9 D
23 0 1 8 R
23 4 2 9 D
23 6 18 6 R
23 9 20 2 U
23 11 4 11 D
23 12 12 12 D
23 14 25 10 D
23 15 2 10 D
23 17 2 10 D
24 0 11 17 L
24 1 10 1 U
24 2 7 2 U
24 3 12 3 U
24 4 23 14 L
24 5 22 3 U
24 8 1 1 U
24 9 10 14 L
24 11 18 17 L
24 12 0 16 L
24 14 9 9 D
25 2 12 4 R
25 3 7 5 R
25 4 23 0 U
25 9 5 9 D
25 12 6 16 L
26 4 24 3 U
26 9 13 15 L

