20 20 331
15 19 18 0 11 0 4 14 14 0 0 14
13 4 0 11 8 0 17 15 0 7 18 0
0 0 1 0 19 7 0 15 6 0 3 11
14 18 0 0 0 0 0 8 0 0 1 3
0 0 3 12 0 0 1 0 16 10 1 0
0 0 0 5 0 17 18 2 0 0 0 16
0 0 15 0 12 17 0 0 0 15 0 17
0 0 0 19 0 0 0 7 0 0 11 16
0 0 16 2 0 15 16 0 4 17 17 13
17 0 17 0 18 16 17 4 0 0 5 0
13 14 18 16 9 0 0 11 11 19 15 0
5 13 17 0 4 0 15 4 0 18 0 2
0 0 0 0 U
0 1 0 1 U
0 2 0 2 U
0 3 0 3 U
0 4 0 4 U
0 5 0 5 R
0 6 0 6 R
0 7 0 7 R
0 8 0 8 R
0 9 0 9 D
0 10 0 10 D
0 11 0 11 D
0 12 0 12 D
0 13 0 13 D
0 14 0 14 D
0 15 0 15 D
0 16 0 16 L
0 17 0 17 L
0 18 0 18 L
0 19 0 19 L
1 0 0 8 R
1 1 4 1 U
1 2 0 16 L
1 3 2 3 U
1 4 2 4 U
1 5 10 5 R
1 6 0 1 U
1 7 0 17 L
1 8 3 8 R
1 9 2 5 R
1 10 3 7 R
1 11 3 11 D
1 12 8 12 D
1 13 5 13 D
1 14 10 14 D
1 15 9 15 D
1 16 0 10 D
1 17 6 17 L
1 18 0 12 D
1 19 14 9 D
2 0 0 6 R
2 1 0 9 D
2 2 3 2 U
2 3 1 3 U
2 4 1 6 R
2 5 10 3 U
2 6 5 9 D
2 7 8 7 R
2 8 0 2 U
2 9 1 0 U
2 10 0 0 U
2 11 1 11 D
2 12 0 17 L
2 13 6 13 D
2 14 0 7 R
2 16 0 3 U
2 17 0 0 U
2 18 3 0 U
2 19 5 15 D
3 0 0 16 L
3 1 9 1 U
3 2 2 18 L
3 3 4 3 U
3 4 7 4 U
3 5 12 1 U
3 6 13 12 D
3 7 4 7 R
3 8 7 0 U
3 9 0 5 R
3 10 2 2 U
3 11 4 11 D
3 12 12 12 D
3 13 4 13 D
3 14 1 14 D
3 16 0 6 R
3 17 8 9 D
3 18 1 18 L
3 19 5 19 L
4 0 8 0 U
4 1 13 5 R
4 2 7 2 U
4 3 0 18 L
4 4 9 4 U
4 5 16 4 U
4 6 8 3 U
4 7 13 0 U
4 8 2 8 R
4 9 12 9 D
4 10 6 10 D
4 11 7 3 U
4 12 1 8 R
4 13 9 13 D
4 14 14 18 L
4 15 15 17 L
4 16 10 0 U
4 17 13 2 U
4 18 8 18 L
4 19 14 19 L
5 0 1 0 U
5 1 0 7 R
5 2 3 11 D
5 3 13 18 L
5 4 9 4 U
5 5 4 5 R
5 6 8 13 D
5 7 2 9 D
5 8 7 14 D
5 9 6 5 R
5 10 16 16 L
5 11 0 6 R
5 12 1 12 D
5 13 6 8 R
5 14 4 5 R
5 16 4 13 D
5 17 14 10 D
5 18 16 1 U
5 19 1 9 D
6 0 1 16 L
6 1 7 1 U
6 2 5 2 U
6 3 13 6 R
6 4 2 6 R
6 5 3 4 U
6 6 14 4 U
6 7 13 7 R
6 8 7 11 D
6 9 0 18 L
6 10 5 18 L
6 11 0 3 U
6 12 7 0 U
6 13 1 13 D
6 15 5 5 R
6 16 1 3 U
6 17 0 4 U
6 18 11 18 L
6 19 2 19 L
7 0 14 16 L
7 1 9 19 L
7 2 12 16 L
7 3 10 5 R
7 4 14 8 R
7 5 8 9 D
7 6 0 9 D
7 7 12 7 R
7 8 11 10 D
7 9 6 16 L
7 10 4 10 D
7 11 2 11 D
7 12 15 17 L
7 13 11 6 R
7 14 8 7 R
7 16 10 10 D
7 17 9 0 U
7 18 10 10 D
7 19 9 6 R
8 0 3 18 L
8 1 1 1 U
8 2 4 2 U
8 3 11 3 U
8 4 7 7 R
8 5 11 13 D
8 6 10 1 U
8 7 11 7 R
8 8 9 8 R
8 9 2 6 R
8 10 6 0 U
8 11 9 8 R
8 12 1 12 D
8 13 14 5 R
8 16 2 11 D
8 17 3 17 L
8 18 4 18 L
8 19 6 11 D
9 0 0 5 R
9 1 1 1 U
9 2 4 2 U
9 3 1 19 L
9 4 10 17 L
9 5 1 5 R
9 6 1 17 L
9 7 15 1 U
9 8 0 15 D
9 9 0 8 R
9 10 11 8 R
9 11 2 11 D
9 12 15 18 L
9 13 2 13 D
9 14 2 14 D
9 16 18 12 D
9 17 2 11 D
9 18 2 18 L
9 19 10 11 D
10 0 3 7 R
10 1 2 16 L
10 2 7 8 R
10 3 6 17 L
10 4 1 4 U
10 5 17 0 U
10 6 0 10 D
10 7 4 7 R
10 8 0 17 L
10 9 3 9 D
10 10 0 16 L
10 11 0 4 U
10 12 2 6 R
10 13 1 13 D
10 16 0 9 D
10 17 15 3 U
10 18 2 8 R
10 19 0 1 U
11 0 1 11 D
11 1 14 18 L
11 2 14 2 U
11 3 0 14 D
11 4 13 19 L
11 5 6 11 D
11 6 10 6 R
11 7 14 12 D
11 8 10 9 D
11 9 10 17 L
11 10 8 2 U
11 11 0 19 L
11 12 16 12 D
11 13 0 16 L
11 16 5 1 U
11 17 2 1 U
11 18 6 18 L
11 19 2 4 U
12 0 4 9 D
12 1 2 1 U
12 2 7 19 L
12 3 0 7 R
12 4 4 4 U
12 5 16 10 D
12 6 14 6 R
12 7 1 3 U
12 8 3 14 D
12 9 0 17 L
12 10 15 6 R
12 11 1 8 R
12 12 14 12 D
12 13 2 13 D
12 16 10 5 R
12 17 2 7 R
12 18 0 8 R
13 0 7 6 R
13 1 7 19 L
13 2 16 2 U
13 3 12 19 L
13 4 11 16 L
13 5 2 5 R
13 6 0 12 D
13 7 0 18 L
13 8 8 15 D
13 9 4 16 L
13 10 11 1 U
13 11 6 5 R
13 12 8 17 L
13 13 1 1 U
13 16 3 11 D
13 17 5 17 L
13 18 7 2 U
13 19 6 10 D
14 0 0 12 D
14 1 2 19 L
14 2 0 10 D
14 3 0 9 D
14 5 3 14 D
14 6 3 6 R
14 7 13 17 L
14 8 12 19 L
14 9 6 7 R
14 10 3 10 D
14 11 10 2 U
14 12 1 7 R
14 13 4 2 U
14 16 13 2 U
14 17 10 17 L
14 18 8 11 D
15 0 3 19 L
15 1 7 7 R
15 2 16 6 R
15 3 5 3 U
15 5 0 0 U
15 6 1 11 D
15 7 8 7 R
15 8 10 8 R
15 9 4 17 L
15 10 11 18 L
15 11 4 16 L
15 12 8 6 R
15 13 11 7 R
15 16 10 16 L
15 18 4 4 U
16 0 1 9 D
16 1 4 16 L
16 3 12 3 U
16 5 0 14 D
16 6 15 0 U
16 7 14 2 U
16 8 6 8 R
16 9 4 5 R
16 10 4 1 U
16 11 2 11 D
16 13 10 13 D
16 16 1 9 D
16 17 11 13 D
16 18 15 1 U
17 0 1 17 L
17 3 3 3 U
17 5 3 0 U
17 6 13 6 R
17 7 15 13 D
17 8 8 3 U
17 10 13 3 U
17 11 8 11 D
17 13 2 13 D
17 16 3 9 D
17 18 7 3 U
18 0 17 0 U
18 3 14 3 U
18 5 6 12 D
18 8 10 18 L
18 10 5 10 D
18 11 11 17 L
18 13 4 13 D
18 16 10 9 D
19 0 10 5 R
19 8 3 10 D
19 11 4 11 D
19 16 15 4 U

