6 6 29
1 1 1 4 0 0 0 0 4 0 0
0 2 0 0 0 0 1 0 0 0 0
4 0 0 0 0 1 0 0 0 0 4
0 0 0 0 1 0 0 0 0 0 0
0 0 0 0 0 0 0 0 0 0 0
0 1 0 5 0 0 0 0 0 0 0
0 2 0 0 3 1 1 0 0 0 0
0 0 0 0 1 0 0 0 5 0 0
0 3 0 0 0 0 0 0 0 0 4
1 0 0 0 2 0 0 0 0 0 0
0 0 1 5 0 3 0 0 0 0 0
0 0 0 0 D
0 1 0 1 R
0 2 0 2 U
0 3 0 3 U
0 4 0 4 L
0 5 0 5 L
1 0 0 1 R
1 1 0 2 U
1 2 0 4 L
1 3 0 0 D
1 4 0 0 D
1 5 1 2 U
2 0 1 0 D
2 1 0 3 U
2 2 0 1 R
2 3 1 3 U
2 4 3 4 L
3 0 0 4 L
3 1 2 0 D
3 2 3 1 R
3 3 1 4 L
3 4 0 2 U
4 0 3 3 U
4 1 1 0 D
4 2 2 1 R
4 4 0 1 R
5 0 1 5 L
5 2 2 2 U
5 4 2 2 U

