19 17 260
1 0 3 9 0 14 14 0 18 5 6 17 8
6 14 2 11 1 0 2 17 12 0 15 9 1
14 0 4 0 7 0 7 1 0 12 10 13 0
0 0 12 0 17 0 0 4 0 0 16 0 1
0 13 0 6 0 0 0 15 14 14 0 0 0
0 7 1 15 0 15 15 0 14 0 0 6 0
4 0 0 0 0 0 0 3 13 0 0 2 10
0 6 0 11 0 2 0 14 0 0 0 9 1
7 16 0 0 8 15 10 6 0 0 0 0 9
1 0 15 11 3 0 0 7 0 9 8 10 5
0 4 0 0 4 13 0 0 0 17 1 13 5
5 11 0 0 0 0 15 10 15 2 14 0 0
2 0 3 4 13 6 2 14 16 9 7 12 0
0 0 0 0 U
0 1 0 1 U
0 2 0 2 U
0 3 0 3 U
0 4 0 4 R
0 5 0 5 R
0 6 0 6 R
0 7 0 7 R
0 8 0 8 R
0 9 0 9 D
0 10 0 10 D
0 11 0 11 D
0 12 0 12 D
0 13 0 13 L
0 14 0 14 L
0 15 0 15 L
0 16 0 16 L
1 0 5 0 U
1 1 0 7 R
1 2 2 2 U
1 3 6 4 R
1 4 4 15 L
1 5 16 5 R
1 6 3 6 R
1 7 6 12 D
1 8 2 8 R
1 9 0 14 L
1 10 4 10 D
1 11 16 5 R
1 12 7 12 D
1 13 0 2 U
1 14 10 12 D
1 15 4 2 U
1 16 0 7 R
2 0 5 5 R
2 1 10 5 R
2 2 5 5 R
2 3 6 9 D
2 4 1 4 R
2 5 11 13 L
2 6 0 3 U
2 7 1 2 U
2 8 0 14 L
2 9 4 1 U
2 10 0 4 R
2 11 4 11 D
2 12 0 6 R
2 13 0 1 U
2 14 7 14 L
2 15 5 9 D
2 16 11 16 L
3 0 1 7 R
3 1 1 13 L
3 2 0 11 D
3 3 1 6 R
3 4 0 13 L
3 5 6 5 R
3 6 0 9 D
3 7 1 7 R
3 8 9 8 R
3 9 8 9 D
3 10 7 16 L
3 11 4 13 L
3 12 0 2 U
3 13 0 10 D
3 14 5 9 D
3 15 11 15 L
3 16 1 16 L
4 0 0 13 L
4 1 0 16 L
4 2 2 2 U
4 3 6 3 U
4 4 7 16 L
4 5 6 5 R
4 6 13 10 D
4 7 0 9 D
4 8 11 9 D
4 9 8 9 D
4 10 0 1 U
4 11 12 11 D
4 12 9 6 R
4 13 0 0 U
4 14 7 0 U
4 15 11 15 L
4 16 5 0 U
5 0 0 15 L
5 1 2 1 U
5 2 7 4 R
5 3 4 3 U
5 4 0 10 D
5 5 11 0 U
5 6 0 1 U
5 8 3 8 R
5 9 0 13 L
5 10 8 10 D
5 11 0 3 U
5 12 9 5 R
5 13 6 10 D
5 14 8 9 D
5 15 3 2 U
5 16 10 16 L
6 0 0 10 D
6 1 10 7 R
6 2 8 15 L
6 3 8 15 L
6 4 9 1 U
6 5 2 3 U
6 6 13 2 U
6 7 4 7 R
6 8 2 8 R
6 9 0 16 L
6 10 3 4 R
6 11 3 4 R
6 12 3 12 D
6 13 5 13 L
6 14 3 14 L
6 15 13 10 D
6 16 8 11 D
7 0 0 6 R
7 1 13 1 U
7 2 12 2 U
7 3 9 3 U
7 4 4 11 D
7 5 5 12 D
7 6 3 6 R
7 7 5 9 D
7 8 2 10 D
7 9 0 0 U
7 10 10 6 R
7 11 9 11 D
7 12 6 13 L
7 13 12 1 U
7 14 10 6 R
7 15 8 0 U
7 16 0 8 R
8 0 0 4 R
8 1 11 12 D
8 2 0 9 D
8 3 6 3 U
8 4 0 0 U
8 5 0 14 L
8 6 3 6 R
8 9 7 15 L
8 10 3 10 D
8 11 1 13 L
8 12 4 12 D
8 13 5 13 L
8 14 9 3 U
8 15 0 12 D
8 16 0 6 R
9 0 5 4 R
9 1 4 14 L
9 2 0 13 L
9 3 3 3 U
9 4 3 0 U
9 5 5 2 U
9 6 3 9 D
9 9 10 6 R
9 10 0 16 L
9 11 4 5 R
9 12 7 12 D
9 13 0 9 D
9 14 0 11 D
9 15 7 6 R
9 16 7 3 U
10 0 8 6 R
10 1 0 5 R
10 2 4 2 U
10 3 1 3 U
10 4 12 3 U
10 5 9 5 R
10 6 6 0 U
10 7 1 11 D
10 8 6 8 R
10 9 0 5 R
10 10 6 7 R
10 11 3 11 D
10 12 8 16 L
10 13 1 5 R
10 14 7 10 D
10 15 11 11 D
10 16 3 1 U
11 0 12 0 U
11 1 1 15 L
11 2 10 14 L
11 3 4 3 U
11 4 4 4 R
11 5 1 12 D
11 6 3 6 R
11 7 13 7 R
11 9 10 8 R
11 10 0 13 L
11 11 1 11 D
11 12 13 4 R
11 13 3 13 L
11 14 1 10 D
11 15 5 15 L
11 16 0 4 R
12 0 5 13 L
12 1 3 5 R
12 2 4 2 U
12 3 0 15 L
12 4 2 2 U
12 5 0 11 D
12 6 5 6 R
12 9 4 14 L
12 10 1 10 D
12 11 0 0 U
12 12 11 12 D
12 13 6 0 U
12 14 4 5 R
12 15 7 3 U
13 0 0 14 L
13 1 12 16 L
13 2 4 2 U
13 3 1 3 U
13 4 0 12 D
13 5 6 11 D
13 6 6 6 R
13 9 2 16 L
13 10 6 14 L
13 11 0 7 R
13 12 2 12 D
13 13 4 8 R
13 14 4 0 U
13 15 0 10 D
14 0 8 12 D
14 2 11 11 D
14 3 13 16 L
14 4 6 9 D
14 5 18 14 L
14 6 2 6 R
14 9 1 15 L
14 10 7 10 D
14 11 6 11 D
14 12 5 14 L
14 13 9 10 D
14 14 3 14 L
14 15 10 2 U
15 0 14 6 R
15 2 17 2 U
15 3 4 13 L
15 4 2 3 U
15 6 1 6 R
15 11 6 16 L
15 13 3 13 L
15 14 14 1 U
15 15 12 15 L
16 0 17 15 L
16 3 14 3 U
16 11 0 15 L
16 14 5 14 L
16 15 6 1 U
17 0 13 0 U
17 3 7 14 L
17 4 4 12 D
17 11 1 11 D
17 15 10 9 D
18 0 3 13 L
18 3 6 3 U

