17 12 177
0 0 0 15 16 0 0 16 5 15 0 0 0 6 0 0 1 0 0
13 0 0 0 0 0 0 0 0 0 0 0 0 0 0 0 0 0 0
0 0 0 0 0 0 0 0 0 0 0 0 0 0 0 0 0 1 15
0 0 0 0 0 0 9 0 16 0 0 0 0 0 0 0 0 0 0
14 0 5 1 0 0 0 0 0 0 0 0 0 0 0 0 0 0 0
0 0 0 0 0 0 0 0 0 0 0 0 0 0 0 0 0 0 0
0 13 0 10 0 0 0 4 0 0 0 0 0 9 0 0 2 0 0
0 0 0 0 0 0 0 0 0 0 0 0 0 0 0 0 0 0 0
0 0 0 0 0 0 0 0 3 14 0 1 0 1 0 0 12 0 0
0 0 2 8 0 0 0 11 0 0 0 0 14 0 6 0 10 0 0
0 3 0 10 0 0 0 15 0 0 0 0 0 0 0 0 1 0 0
0 0 5 7 16 0 7 8 3 0 0 0 1 9 5 0 11 0 0
0 0 0 0 0 0 0 0 0 0 0 0 0 0 0 0 0 0 0
0 0 8 1 0 0 0 0 0 0 0 0 0 0 0 0 0 0 0
0 0 0 0 0 0 0 0 0 0 0 0 16 2 0 0 0 0 0
12 0 10 0 10 0 7 0 0 0 0 0 13 0 0 8 0 0 0
0 0 9 0 0 0 0 0 0 0 0 0 0 0 0 0 0 0 0
0 0 0 0 0 0 0 0 0 0 0 0 10 0 0 0 0 0 13
8 0 1 0 0 0 0 0 0 0 0 0 9 0 0 7 0 12 12
0 0 0 0 U
0 1 0 1 U
0 2 0 2 U
0 3 0 3 R
0 4 0 4 R
0 5 0 5 R
0 6 0 6 D
0 7 0 7 D
0 8 0 8 D
0 9 0 9 L
0 10 0 10 L
0 11 0 11 L
1 0 3 3 R
1 1 7 1 U
1 2 0 5 R
1 3 9 3 R
1 4 10 8 D
1 5 0 9 L
1 6 9 9 L
1 7 8 7 D
1 8 2 10 L
1 9 3 6 D
1 10 8 7 D
1 11 2 8 D
2 0 0 3 R
2 1 11 5 R
2 2 0 9 L
2 3 13 6 D
2 4 0 0 U
2 5 4 1 U
2 6 6 4 R
2 7 1 7 D
2 8 4 2 U
2 9 0 8 D
2 10 5 0 U
2 11 7 8 D
3 0 5 0 U
3 1 1 3 R
3 2 6 2 U
3 3 4 6 D
3 4 10 4 R
3 5 9 5 R
3 6 2 3 R
3 7 6 7 D
3 8 0 5 R
3 9 8 0 U
3 10 2 6 D
4 0 0 11 L
4 1 9 9 L
4 2 9 6 D
4 3 0 6 D
4 4 5 4 R
4 5 1 5 R
4 6 3 6 D
4 7 8 7 D
4 8 9 8 D
4 9 0 2 U
4 10 5 8 D
5 0 6 5 R
5 1 0 10 L
5 2 4 4 R
5 3 8 8 D
5 4 9 7 D
5 5 0 8 D
5 6 0 3 R
5 7 10 0 U
5 8 3 8 D
5 9 3 9 L
5 10 6 10 L
5 11 7 11 L
6 0 3 0 U
6 1 2 1 U
6 2 3 2 U
6 3 1 9 L
6 4 7 4 R
6 5 5 5 R
6 6 8 4 R
6 7 0 10 L
6 8 11 9 L
6 9 8 1 U
6 10 4 0 U
6 11 7 7 D
7 0 1 3 R
7 1 6 4 R
7 2 3 4 R
7 3 5 3 R
7 4 10 6 D
7 5 12 5 R
7 6 13 1 U
7 7 0 9 L
7 8 6 5 R
7 9 0 7 D
7 10 13 10 L
8 0 1 0 U
8 1 0 4 R
8 2 14 9 L
8 3 9 1 U
8 4 0 1 U
8 5 10 8 D
8 6 6 11 L
8 7 10 5 R
8 8 2 5 R
8 9 10 2 U
8 10 10 2 U
8 11 9 1 U
9 0 1 9 L
9 1 1 1 U
9 2 2 11 L
9 3 8 0 U
9 4 0 10 L
9 5 14 0 U
9 6 0 0 U
9 7 6 3 R
9 8 2 1 U
9 9 7 7 D
9 10 0 5 R
9 11 4 11 L
10 0 4 10 L
10 1 6 10 L
10 2 1 9 L
10 3 4 7 D
10 4 9 6 D
10 5 0 7 D
10 6 6 0 U
10 7 8 3 R
10 8 11 8 D
10 9 0 1 U
10 10 1 10 L
10 11 4 0 U
11 0 0 6 D
11 1 2 1 U
11 2 4 2 U
11 3 1 2 U
11 4 12 0 U
11 5 5 5 R
11 6 14 3 R
11 7 0 11 L
11 8 8 3 R
11 9 12 6 D
11 10 7 7 D
11 11 15 1 U
12 0 4 4 R
12 1 9 5 R
12 2 11 2 U
12 3 0 2 U
12 4 1 0 U
12 5 0 2 U
12 6 7 1 U
12 7 11 10 L
12 8 4 5 R
12 9 13 9 L
13 0 5 6 D
13 1 11 7 D
13 2 8 11 L
13 3 1 0 U
13 4 5 4 R
13 5 9 5 R
13 7 6 7 D
13 8 12 8 D
13 9 2 3 R
13 10 12 6 D
14 0 2 5 R
14 2 13 2 U
14 3 10 7 D
14 5 5 5 R
14 7 4 7 D
14 8 12 11 L
14 9 2 6 D
15 0 13 6 D
15 2 12 2 U
15 5 4 6 D
15 7 13 4 R
15 9 14 6 D
16 0 11 9 L
16 5 9 6 D
16 7 6 7 D
16 9 0 0 U

