29 27 631
13 23 7 1 24 0 0 9 16 0 9 7 0 14 6 26 25
16 7 0 0 22 1 12 0 23 0 0 10 4 22 0 0 2
25 24 12 23 0 10 23 13 2 13 0 13 24 17 2 12 17
0 0 14 8 19 1 0 18 0 10 0 0 0 0 4 14 0
7 25 0 6 3 22 0 9 0 0 0 24 25 0 0 23 0
0 0 5 22 0 0 0 0 28 22 0 0 0 0 24 3 0
0 26 0 0 22 10 25 0 17 0 20 0 23 0 19 2 0
10 0 0 20 0 0 18 27 23 0 0 22 0 8 21 0 0
0 0 25 16 9 19 26 0 8 23 1 0 22 20 0 6 0
0 0 0 0 0 19 0 26 0 8 3 3 0 0 0 13 26
18 0 13 0 14 9 8 6 8 0 7 26 8 24 0 0 14
0 11 4 10 4 19 0 12 0 0 17 13 8 0 0 0 14
0 0 0 0 11 14 0 13 15 0 3 23 0 0 20 8 0
13 0 24 14 0 8 16 18 1 0 10 13 0 10 0 11 21
0 0 10 5 0 0 0 4 19 15 13 2 0 1 11 0 15
0 0 0 6 0 1 0 15 15 0 23 4 10 6 0 20 0
9 21 10 8 0 8 13 5 22 24 19 20 24 0 0 19 9
0 0 0 0 U
0 1 0 1 U
0 2 0 2 U
0 3 0 3 U
0 4 0 4 U
0 5 0 5 U
0 6 0 6 U
0 7 0 7 U
0 8 0 8 R
0 9 0 9 R
0 10 0 10 R
0 11 0 11 R
0 12 0 12 R
0 13 0 13 R
0 14 0 14 D
0 15 0 15 D
0 16 0 16 D
0 17 0 17 D
0 18 0 18 D
0 19 0 19 D
0 20 0 20 D
0 21 0 21 L
0 22 0 22 L
0 23 0 23 L
0 24 0 24 L
0 25 0 25 L
0 26 0 26 L
1 0 0 21 L
1 1 18 8 R
1 2 11 11 R
1 3 10 3 U
1 4 23 8 R
1 5 0 11 R
1 6 4 6 U
1 7 13 7 U
1 8 0 14 D
1 9 0 16 D
1 10 18 15 D
1 11 0 4 U
1 12 7 12 R
1 13 18 13 R
1 14 0 8 R
1 15 14 15 D
1 16 4 16 D
1 17 8 17 D
1 18 3 18 D
1 19 3 19 D
1 20 8 20 D
1 21 0 1 U
1 22 0 12 R
1 23 3 23 L
1 24 15 8 R
1 25 5 25 L
1 26 16 26 L
2 0 0 24 L
2 1 4 12 R
2 2 0 22 L
2 3 1 3 U
2 4 3 4 U
2 5 1 10 R
2 6 1 6 U
2 7 14 23 L
2 8 4 1 U
2 9 3 15 D
2 10 0 24 L
2 11 8 11 R
2 12 1 12 R
2 13 4 18 D
2 14 5 9 R
2 15 17 10 R
2 16 5 3 U
2 17 8 21 L
2 18 1 18 D
2 19 11 21 L
2 20 14 20 D
2 21 1 21 L
2 22 19 16 D
2 23 14 17 D
2 24 3 24 L
2 25 3 25 L
2 26 7 3 U
3 0 19 13 R
3 1 15 1 U
3 2 5 2 U
3 3 1 3 U
3 4 1 23 L
3 5 15 5 U
3 6 10 6 U
3 8 12 15 D
3 9 0 21 L
3 10 2 10 R
3 11 6 11 R
3 12 6 12 R
3 13 11 13 R
3 14 0 22 L
3 15 6 24 L
3 16 1 4 U
3 17 16 5 U
3 18 2 18 D
3 19 10 19 D
3 20 8 20 D
3 21 0 2 U
3 22 0 16 D
3 23 2 23 L
3 24 4 6 U
3 25 6 25 L
3 26 13 26 L
4 0 0 14 D
4 1 0 23 L
4 2 9 2 U
4 3 12 3 U
4 4 12 4 U
4 5 8 5 U
4 6 23 6 U
4 7 1 7 U
4 8 19 2 U
4 9 7 9 R
4 10 13 10 R
4 11 1 1 U
4 12 16 20 D
4 13 11 15 D
4 14 1 23 L
4 15 3 22 L
4 16 16 16 D
4 17 5 17 D
4 18 18 18 D
4 19 2 13 R
4 20 3 20 D
4 21 12 16 D
4 22 7 22 L
4 23 12 4 U
4 24 2 24 L
4 25 5 17 D
4 26 3 26 L
5 0 14 22 L
5 1 8 12 R
5 2 1 9 R
5 3 22 3 U
5 4 6 10 R
5 5 13 5 U
5 6 2 6 U
5 7 1 7 U
5 8 13 20 D
5 9 6 26 L
5 10 8 10 R
5 11 14 0 U
5 12 0 1 U
5 13 7 13 R
5 14 19 21 L
5 15 0 0 U
5 16 10 16 D
5 17 3 17 D
5 18 13 18 D
5 19 0 10 R
5 20 10 12 R
5 21 1 0 U
5 22 0 8 R
5 23 1 14 D
5 24 11 18 D
5 25 7 5 U
5 26 18 5 U
6 0 24 21 L
6 1 1 8 R
6 2 10 11 R
6 3 23 10 R
6 4 19 8 R
6 5 1 25 L
6 6 24 21 L
6 8 0 23 L
6 9 0 1 U
6 10 1 14 D
6 11 2 11 R
6 12 13 12 R
6 13 1 13 R
6 14 12 22 L
6 15 1 9 R
6 16 1 24 L
6 17 3 9 R
6 18 10 18 D
6 19 15 19 D
6 20 7 22 L
6 21 8 8 R
6 22 0 15 D
6 23 0 20 D
6 24 3 24 L
6 25 7 16 D
6 26 14 15 D
7 0 0 9 R
7 1 0 10 R
7 2 1 13 R
7 3 14 22 L
7 5 0 26 L
7 6 13 25 L
7 8 19 0 U
7 9 4 9 R
7 10 4 10 R
7 11 9 18 D
7 12 18 1 U
7 13 9 13 R
7 14 0 24 L
7 15 21 22 L
7 16 3 16 D
7 17 0 0 U
7 18 5 18 D
7 19 10 10 R
7 20 5 20 D
7 21 16 18 D
7 22 5 14 D
7 23 18 23 L
7 24 3 24 L
7 25 19 15 D
7 26 6 26 L
8 0 0 8 R
8 1 13 24 L
8 2 0 13 R
8 3 17 12 R
8 4 5 4 U
8 5 1 5 U
8 6 0 25 L
8 8 13 0 U
8 9 19 1 U
8 10 7 10 R
8 11 20 14 D
8 12 0 4 U
8 13 12 13 R
8 14 5 11 R
8 15 0 9 R
8 16 22 8 R
8 17 19 17 D
8 18 4 18 D
8 19 20 19 D
8 20 1 20 D
8 21 0 18 D
8 22 19 15 D
8 23 0 9 R
8 24 15 24 L
8 25 0 5 U
8 26 10 26 L
9 0 16 23 L
9 1 0 22 L
9 2 21 21 L
9 3 5 8 R
9 4 14 25 L
9 5 5 12 R
9 6 4 26 L
9 8 12 3 U
9 9 1 9 R
9 10 13 10 R
9 11 0 17 D
9 12 2 6 U
9 13 22 17 D
9 14 8 24 L
9 15 10 15 D
9 16 0 1 U
9 17 8 12 R
9 18 3 10 R
9 19 0 5 U
9 20 0 9 R
9 21 11 17 D
9 22 0 14 D
9 23 6 23 L
9 24 6 17 D
9 25 19 25 L
9 26 2 26 L
10 0 17 21 L
10 1 14 1 U
10 2 6 2 U
10 3 5 3 U
10 4 1 21 L
10 5 17 5 U
10 6 4 6 U
10 8 12 5 U
10 9 3 3 U
10 10 11 10 R
10 11 6 11 R
10 12 11 16 D
10 13 5 20 D
10 14 21 12 R
10 15 4 8 R
10 16 0 2 U
10 17 3 17 D
10 18 9 8 R
10 19 3 19 D
10 20 6 13 R
10 21 19 3 U
10 22 0 0 U
10 23 22 0 U
10 24 17 24 L
10 25 11 7 U
10 26 3 26 L
11 0 21 0 U
11 1 0 26 L
11 2 1 25 L
11 3 1 3 U
11 5 10 26 L
11 6 3 21 L
11 8 3 14 D
11 9 17 9 R
11 10 18 26 L
11 11 1 15 D
11 12 0 14 D
11 13 12 13 R
11 14 0 21 L
11 15 6 15 D
11 16 3 16 D
11 17 0 8 R
11 18 4 18 D
11 19 5 1 U
11 20 3 9 R
11 21 7 15 D
11 22 1 22 L
11 23 9 23 L
11 24 13 5 U
11 25 25 8 R
11 26 1 19 D
12 0 6 26 L
12 1 9 10 R
12 2 3 10 R
12 3 5 3 U
12 4 4 4 U
12 5 7 25 L
12 7 1 7 U
12 8 19 8 R
12 9 9 9 R
12 10 0 18 D
12 11 9 0 U
12 12 2 12 R
12 13 0 14 D
12 14 0 25 L
12 15 23 2 U
12 16 1 13 R
12 17 10 17 D
12 18 4 21 L
12 19 19 11 R
12 20 0 6 U
12 21 4 18 D
12 22 2 4 U
12 23 11 23 L
12 24 13 1 U
12 25 0 15 D
12 26 4 26 L
13 0 11 8 R
13 1 1 1 U
13 2 1 2 U
13 3 16 25 L
13 4 3 4 U
13 6 10 6 U
13 8 5 4 U
13 9 9 15 D
13 10 12 10 R
13 11 16 11 R
13 12 1 15 D
13 13 6 21 L
13 14 0 26 L
13 15 18 12 R
13 16 8 21 L
13 17 18 17 D
13 18 17 13 R
13 19 22 6 U
13 20 5 20 D
13 21 14 8 R
13 22 19 22 L
13 23 18 20 D
13 24 10 14 D
13 25 15 25 L
13 26 0 11 R
14 0 6 13 R
14 1 2 13 R
14 2 7 2 U
14 3 6 26 L
14 4 9 24 L
14 6 20 22 L
14 7 6 8 R
14 8 0 2 U
14 9 0 15 D
14 10 1 17 D
14 11 9 22 L
14 12 7 19 D
14 13 0 26 L
14 14 3 0 U
14 15 5 0 U
14 16 1 16 D
14 17 12 17 D
14 18 0 8 R
14 19 1 19 D
14 20 5 20 D
14 21 8 15 D
14 22 8 10 R
14 23 15 19 D
14 24 3 24 L
14 25 3 25 L
14 26 6 26 L
15 0 9 8 R
15 1 1 13 R
15 2 14 12 R
15 3 11 9 R
15 5 21 9 R
15 6 16 6 U
15 8 18 14 D
15 9 3 9 R
15 10 4 10 R
15 11 11 16 D
15 12 2 12 R
15 13 6 13 R
15 14 2 10 R
15 15 14 0 U
15 16 12 16 D
15 17 5 17 D
15 18 20 8 R
15 19 6 13 R
15 20 0 2 U
15 21 14 16 D
15 22 1 19 D
15 23 4 16 D
15 24 1 4 U
15 25 6 20 D
15 26 6 26 L
16 0 3 24 L
16 1 10 10 R
16 2 10 10 R
16 3 8 3 U
16 4 13 4 U
16 5 15 5 U
16 8 4 17 D
16 9 12 22 L
16 10 23 23 L
16 11 8 11 R
16 12 21 15 D
16 13 21 14 D
16 14 15 26 L
16 15 4 15 D
16 16 4 22 L
16 17 4 17 D
16 18 21 12 R
16 19 15 19 D
16 20 11 20 D
16 21 18 5 U
16 22 9 22 L
16 23 8 16 D
16 24 0 18 D
16 25 12 25 L
16 26 18 14 D
17 0 0 16 D
17 1 2 1 U
17 2 11 12 R
17 3 4 23 L
17 4 0 14 D
17 8 5 19 D
17 9 18 15 D
17 10 1 15 D
17 11 9 11 R
17 12 11 12 R
17 13 1 13 R
17 14 16 8 R
17 15 3 15 D
17 16 1 16 D
17 17 3 17 D
17 18 15 10 R
17 19 24 19 D
17 20 4 20 D
17 21 6 4 U
17 22 22 14 D
17 23 1 23 L
17 24 10 3 U
17 25 11 25 L
17 26 10 0 U
18 0 4 21 L
18 1 7 8 R
18 2 7 2 U
18 3 11 3 U
18 5 7 5 U
18 6 8 6 U
18 8 21 0 U
18 9 3 9 R
18 10 0 25 L
18 11 4 11 R
18 12 4 12 R
18 13 21 16 D
18 14 17 11 R
18 15 23 22 L
18 16 4 16 D
18 17 1 1 U
18 18 3 24 L
18 19 3 19 D
18 20 1 20 D
18 21 0 19 D
18 22 12 6 U
18 23 16 23 L
18 24 5 0 U
18 25 15 17 D
18 26 5 26 L
19 0 4 12 R
19 1 8 11 R
19 2 9 2 U
19 3 15 9 R
19 4 16 10 R
19 5 2 5 U
19 8 0 0 U
19 9 11 18 D
19 10 0 3 U
19 11 9 17 D
19 12 0 0 U
19 13 17 13 R
19 14 2 23 L
19 15 8 15 D
19 16 17 22 L
19 17 1 10 R
19 18 15 8 R
19 19 4 19 D
19 20 10 20 D
19 21 15 14 D
19 22 21 9 R
19 23 3 5 U
19 24 21 20 D
19 25 1 6 U
19 26 20 15 D
20 0 15 25 L
20 1 23 21 L
20 2 6 13 R
20 3 4 3 U
20 5 18 5 U
20 6 24 12 R
20 8 3 15 D
20 9 1 9 R
20 10 0 22 L
20 11 8 14 D
20 12 0 22 L
20 13 17 14 D
20 14 22 10 R
20 15 25 13 R
20 16 1 8 R
20 17 15 10 R
20 19 1 19 D
20 21 10 2 U
20 22 6 22 L
20 23 8 2 U
20 24 13 9 R
20 26 8 3 U
21 0 4 9 R
21 1 17 14 D
21 2 1 2 U
21 3 3 3 U
21 8 10 15 D
21 9 10 2 U
21 10 13 1 U
21 11 1 16 D
21 12 13 12 R
21 13 7 13 R
21 14 24 14 D
21 15 0 23 L
21 16 1 16 D
21 17 4 17 D
21 19 10 19 D
21 21 16 0 U
21 22 5 0 U
21 23 3 23 L
21 24 1 24 L
21 25 16 25 L
21 26 6 16 D
22 0 26 9 R
22 1 4 1 U
22 2 20 12 R
22 3 5 3 U
22 5 2 8 R
22 8 14 8 R
22 9 6 4 U
22 10 3 0 U
22 12 16 2 U
22 13 3 13 R
22 14 6 24 L
22 15 0 11 R
22 16 21 16 D
22 17 19 9 R
22 19 25 8 R
22 21 8 6 U
22 23 21 15 D
22 24 13 24 L
22 26 17 26 L
23 0 9 24 L
23 1 2 11 R
23 2 19 2 U
23 3 22 17 D
23 5 16 5 U
23 8 22 16 D
23 9 21 19 D
23 10 3 1 U
23 12 26 12 R
23 13 6 13 R
23 14 3 21 L
23 15 15 4 U
23 16 18 16 D
23 17 1 23 L
23 19 5 19 D
23 23 17 23 L
23 24 5 24 L
23 26 0 16 D
24 0 7 9 R
24 1 6 26 L
24 2 0 16 D
24 3 8 3 U
24 8 18 3 U
24 9 10 4 U
24 10 2 15 D
24 14 12 21 L
24 15 4 22 L
24 16 0 21 L
24 17 0 3 U
24 23 4 23 L
24 24 4 15 D
24 26 16 26 L
25 0 1 0 U
25 2 7 2 U
25 3 1 3 U
25 8 0 24 L
25 10 13 10 R
25 15 20 11 R
25 17 4 17 D
25 23 22 16 D
25 24 19 0 U
25 26 5 1 U
26 0 10 0 U
26 3 7 3 U
26 8 10 8 R
26 10 24 0 U
26 15 15 0 U
26 16 25 11 R
26 17 19 24 L
26 26 1 26 L
27 3 25 26 L
27 17 19 25 L
28 8 27 19 D

