39 59 2079
1 28 10 27 26 0 0 0 0 0 0 0 29 33 24 0 30 2 29
25 1 32 33 0 26 4 32 34 0 34 0 0 28 31 5 18 26 31
20 34 26 0 32 25 0 33 0 0 35 31 20 0 32 29 0 27 28
32 28 27 0 26 7 11 0 33 34 36 30 0 0 33 32 14 33 12
16 34 32 35 22 16 14 0 0 0 0 24 0 0 34 28 0 0 32
3 27 23 30 0 35 31 23 0 0 36 0 0 0 27 0 32 33 36
2 12 22 29 0 0 26 7 23 29 11 27 21 0 21 25 2 26 0
12 31 26 34 0 0 0 35 35 12 14 37 0 38 0 0 0 21 34
19 31 18 35 0 34 13 25 1 18 36 0 0 0 0 0 0 0 36
33 0 33 35 0 0 33 5 20 24 0 19 0 26 0 0 26 0 29
12 31 23 0 25 0 0 33 1 25 0 33 35 14 32 8 24 8 7
14 0 21 22 30 31 0 19 10 30 35 32 20 2 0 30 27 22 5
1 32 33 0 34 35 0 24 21 31 36 31 19 26 0 25 24 23 1
9 23 9 14 30 25 34 34 7 29 0 30 18 2 32 25 0 0 32
30 0 0 23 0 30 0 34 15 28 0 29 22 0 0 0 0 0 21
30 19 35 15 34 0 33 34 8 27 35 0 33 21 16 11 23 9 3
20 22 18 0 30 31 25 31 5 26 32 34 2 5 12 33 0 5 1
19 21 9 8 0 27 25 6 11 25 32 0 28 0 23 0 33 23 22
7 5 3 0 35 3 22 32 0 21 14 28 6 14 16 15 14 3 13
0 0 0 0 L
0 1 0 1 L
0 2 0 2 L
0 3 0 3 L
0 4 0 4 L
0 5 0 5 L
0 6 0 6 L
0 7 0 7 L
0 8 0 8 L
0 9 0 9 L
0 10 0 10 L
0 11 0 11 L
0 12 0 12 L
0 13 0 13 L
0 14 0 14 L
0 15 0 15 R
0 16 0 16 R
0 17 0 17 R
0 18 0 18 R
0 19 0 19 R
0 20 0 20 R
0 21 0 21 R
0 22 0 22 R
0 23 0 23 R
0 24 0 24 R
0 25 0 25 R
0 26 0 26 R
0 27 0 27 R
0 28 0 28 R
0 29 0 29 R
0 30 0 30 D
0 31 0 31 D
0 32 0 32 D
0 33 0 33 D
0 34 0 34 D
0 35 0 35 D
0 36 0 36 D
0 37 0 37 D
0 38 0 38 D
0 39 0 39 D
0 40 0 40 D
0 41 0 41 D
0 42 0 42 D
0 43 0 43 D
0 44 0 44 D
0 45 0 45 U
0 46 0 46 U
0 47 0 47 U
0 48 0 48 U
0 49 0 49 U
0 50 0 50 U
0 51 0 51 U
0 52 0 52 U
0 53 0 53 U
0 54 0 54 U
0 55 0 55 U
0 56 0 56 U
0 57 0 57 U
0 58 0 58 U
1 0 0 45 U
1 1 0 31 D
1 2 0 18 R
1 3 0 34 D
1 4 0 35 D
1 5 0 36 D
1 6 2 31 D
1 7 2 33 D
1 8 0 23 R
1 9 0 53 U
1 10 2 41 D
1 11 1 37 D
1 12 0 34 D
1 13 0 36 D
1 14 5 46 U
1 15 0 0 L
1 16 0 30 D
1 17 0 32 D
1 18 0 46 U
1 19 1 33 D
1 20 2 30 D
1 21 0 39 D
1 22 0 3 L
1 23 1 35 D
1 24 2 53 U
1 25 3 31 D
1 26 0 1 L
1 27 3 54 U
1 28 3 32 D
1 29 0 37 D
1 30 0 15 R
1 31 0 16 R
1 32 0 1 L
1 33 1 2 L
1 34 1 19 R
1 35 0 3 L
1 36 0 45 U
1 37 0 0 L
1 38 2 19 R
1 39 2 4 L
1 40 1 9 L
1 41 1 24 R
1 42 2 0 L
1 43 3 11 L
1 44 2 21 R
1 45 0 17 R
1 46 0 0 L
1 47 0 4 L
1 48 1 6 L
1 49 2 16 R
1 50 2 2 L
1 51 0 18 R
1 52 0 7 L
1 53 1 8 L
1 54 0 25 R
1 55 3 5 L
1 56 3 19 R
1 57 2 27 R
1 58 4 1 L
2 0 0 49 U
2 1 2 37 D
2 2 0 37 D
2 3 0 51 U
2 4 0 38 D
2 5 1 5 L
2 6 2 6 L
2 7 0 52 U
2 8 2 8 L
2 9 2 57 U
2 10 1 10 L
2 11 2 11 L
2 12 2 12 L
2 13 3 13 L
2 14 5 14 L
2 15 0 47 U
2 16 2 48 U
2 17 1 32 D
2 18 2 50 U
2 19 0 3 L
2 20 1 20 R
2 21 0 52 U
2 22 1 22 R
2 23 2 23 R
2 24 1 40 D
2 25 3 25 R
2 26 3 26 R
2 27 1 27 R
2 28 5 28 R
2 29 23 29 R
2 30 2 5 L
2 31 0 46 U
2 32 2 1 L
2 33 0 51 U
2 34 0 21 R
2 35 2 7 L
2 36 2 36 D
2 37 1 37 D
2 38 1 38 D
2 39 1 39 D
2 40 1 15 R
2 41 1 41 D
2 42 3 42 D
2 43 2 43 D
2 44 2 44 D
2 45 0 15 R
2 46 0 20 R
2 47 1 47 U
2 48 2 48 U
2 49 1 49 U
2 50 2 50 U
2 51 0 21 R
2 52 0 22 R
2 53 0 24 R
2 54 1 54 U
2 55 2 55 U
2 56 2 56 U
2 57 3 57 U
2 58 3 58 U
3 0 2 40 D
3 1 0 46 U
3 2 0 30 D
3 3 2 25 R
3 4 3 32 D
3 5 2 33 D
3 6 0 56 U
3 7 3 44 D
3 8 0 43 D
3 9 1 9 L
3 10 2 10 L
3 11 3 11 L
3 12 3 12 L
3 13 6 40 D
3 14 1 14 L
3 15 2 47 U
3 16 0 42 D
3 17 1 48 U
3 18 0 49 U
3 19 3 55 U
3 20 0 6 L
3 21 0 13 L
3 22 3 43 D
3 23 0 5 L
3 24 3 38 D
3 25 0 4 L
3 26 4 58 U
3 27 0 35 D
3 28 6 28 R
3 29 12 29 R
3 30 0 18 R
3 31 0 2 L
3 32 2 3 L
3 33 0 54 U
3 34 0 52 U
3 35 0 9 L
3 36 2 27 R
3 37 2 26 R
3 38 2 7 L
3 39 4 12 L
3 40 3 40 D
3 41 4 12 L
3 42 1 42 D
3 43 1 43 D
3 44 4 15 R
3 45 2 15 R
3 46 0 16 R
3 47 2 10 L
3 48 1 1 L
3 49 2 17 R
3 50 4 6 L
3 51 1 13 L
3 52 5 17 R
3 53 7 7 L
3 54 2 12 L
3 55 1 55 U
3 56 1 56 U
3 57 2 57 U
3 58 4 58 U
4 0 1 48 U
4 1 1 46 U
4 2 4 2 L
4 3 3 37 D
4 4 0 57 U
4 5 2 30 D
4 6 0 36 D
4 7 7 37 D
4 8 4 8 L
4 9 7 44 D
4 10 7 48 U
4 11 3 47 U
4 12 6 35 D
4 13 6 13 L
4 14 5 34 D
4 15 3 35 D
4 16 1 50 U
4 17 3 57 U
4 18 0 31 D
4 19 0 8 L
4 20 4 31 D
4 21 7 32 D
4 22 3 42 D
4 23 4 23 R
4 24 2 24 R
4 25 7 25 R
4 26 4 26 R
4 27 7 43 D
4 28 2 28 R
4 29 17 29 R
4 30 1 18 R
4 31 1 31 D
4 32 5 18 R
4 33 2 3 L
4 34 0 6 L
4 35 3 35 D
4 36 0 47 U
4 37 6 15 R
4 38 4 38 D
4 39 3 39 D
4 40 5 17 R
4 41 7 41 D
4 42 3 20 R
4 43 1 20 R
4 44 4 44 D
4 45 2 23 R
4 46 4 19 R
4 47 4 24 R
4 48 2 16 R
4 49 1 26 R
4 50 4 50 U
4 51 6 51 U
4 52 2 52 U
4 53 6 53 U
4 54 2 22 R
4 55 5 26 R
4 56 4 18 R
4 57 1 11 L
4 58 1 2 L
5 0 4 50 U
5 1 4 46 U
5 2 2 32 D
5 3 5 3 L
5 4 4 4 L
5 5 3 48 U
5 6 1 36 D
5 7 5 7 L
5 8 3 39 D
5 9 8 34 D
5 10 6 10 L
5 11 4 48 U
5 12 4 38 D
5 13 4 13 L
5 14 6 14 L
5 15 4 48 U
5 16 0 2 L
5 17 0 33 D
5 18 5 18 R
5 19 3 39 D
5 20 3 20 R
5 21 4 21 R
5 22 5 22 R
5 23 2 35 D
5 24 4 45 U
5 25 6 25 R
5 26 6 58 U
5 27 5 27 R
5 28 1 1 L
5 29 22 29 R
5 30 3 15 R
5 31 2 11 L
5 32 1 0 L
5 33 6 33 D
5 34 5 34 D
5 35 4 16 R
5 36 5 36 D
5 37 7 37 D
5 38 0 20 R
5 39 5 39 D
5 40 6 40 D
5 41 6 41 D
5 42 7 3 L
5 43 7 24 R
5 44 3 0 L
5 45 1 0 L
5 46 5 1 L
5 47 1 15 R
5 48 4 23 R
5 49 5 17 R
5 50 5 2 L
5 51 7 3 L
5 52 5 52 U
5 53 7 53 U
5 54 5 54 U
5 55 5 55 U
5 56 6 56 U
5 57 0 5 L
5 58 5 58 U
6 0 2 32 D
6 1 2 46 U
6 2 2 55 U
6 3 0 19 R
6 4 7 4 L
6 5 7 46 U
6 6 5 46 U
6 7 6 7 L
6 8 5 8 L
6 9 7 9 L
6 10 4 40 D
6 11 2 42 D
6 12 7 37 D
6 13 2 13 L
6 14 7 14 L
6 15 6 30 D
6 16 0 45 U
6 17 5 33 D
6 18 5 51 U
6 19 7 5 L
6 20 2 20 R
6 21 7 21 R
6 22 4 22 R
6 23 3 50 U
6 24 0 10 L
6 25 8 30 D
6 26 5 46 U
6 27 3 27 R
6 28 5 30 D
6 29 21 29 R
6 30 0 57 U
6 31 0 6 L
6 32 5 12 L
6 33 3 2 L
6 34 6 34 D
6 35 2 35 D
6 36 2 9 L
6 37 6 19 R
6 38 6 38 D
6 39 4 39 D
6 40 4 27 R
6 41 5 41 D
6 42 5 42 D
6 43 6 9 L
6 44 3 44 D
6 45 0 28 R
6 46 2 28 R
6 47 4 5 L
6 48 4 11 L
6 49 6 49 U
6 50 3 20 R
6 51 4 51 U
6 52 6 52 U
6 53 2 7 L
6 54 4 54 U
6 55 7 8 L
6 56 5 56 U
6 57 7 21 R
6 58 5 3 L
7 0 5 45 U
7 1 3 34 D
7 2 3 55 U
7 3 4 58 U
7 4 3 4 L
7 5 3 40 D
7 6 5 41 D
7 7 3 53 U
7 8 6 8 L
7 9 5 9 L
7 10 7 10 L
7 11 5 34 D
7 12 6 36 D
7 13 3 52 U
7 14 8 14 L
7 15 2 33 D
7 16 6 41 D
7 17 7 47 U
7 18 5 38 D
7 19 0 53 U
7 20 5 49 U
7 21 7 51 U
7 22 5 7 L
7 23 5 31 D
7 24 8 55 U
7 25 5 25 R
7 26 5 55 U
7 27 4 27 R
7 28 0 31 D
7 29 18 29 R
7 30 5 0 L
7 31 3 31 D
7 32 6 32 D
7 33 0 2 L
7 34 4 34 D
7 35 0 13 L
7 36 5 25 R
7 37 4 6 L
7 38 7 5 L
7 39 4 28 R
7 40 7 22 R
7 41 7 54 U
7 42 4 42 D
7 43 6 1 L
7 44 6 22 R
7 45 3 23 R
7 46 6 18 R
7 47 3 47 U
7 48 0 37 D
7 49 7 10 L
7 50 9 7 L
7 51 7 51 U
7 52 6 20 R
7 53 6 9 L
7 54 5 3 L
7 55 7 26 R
7 56 4 26 R
7 57 5 57 U
7 58 6 58 U
8 0 7 52 U
8 1 4 41 D
8 2 6 46 U
8 3 6 34 D
8 4 1 4 L
8 5 8 35 D
8 6 5 33 D
8 7 9 36 D
8 8 6 49 U
8 9 6 9 L
8 10 0 27 R
8 11 8 24 R
8 12 5 56 U
8 13 21 48 U
8 14 9 34 D
8 15 8 30 D
8 16 7 49 U
8 17 9 32 D
8 18 4 43 D
8 19 5 48 U
8 20 0 14 L
8 21 8 50 U
8 22 4 47 U
8 23 9 47 U
8 24 9 24 R
8 25 7 37 D
8 26 10 41 D
8 27 5 45 U
8 28 14 28 R
8 29 24 33 D
8 30 8 10 L
8 31 9 25 R
8 32 9 16 R
8 33 8 19 R
8 34 8 15 R
8 35 9 18 R
8 36 9 20 R
8 37 8 0 L
8 38 9 5 L
8 39 9 21 R
8 40 10 6 L
8 41 2 20 R
8 42 7 7 L
8 43 8 43 D
8 44 9 26 R
8 45 3 0 L
8 46 7 16 R
8 47 6 2 L
8 48 8 5 L
8 49 4 9 L
8 50 9 50 U
8 51 8 14 L
8 52 7 27 R
8 53 8 53 U
8 54 10 54 U
8 55 8 17 R
8 56 0 25 R
8 57 0 22 R
8 58 8 21 R
9 0 8 31 D
9 1 8 52 U
9 2 8 46 U
9 3 7 55 U
9 4 4 45 U
9 5 8 47 U
9 6 0 31 D
9 7 10 34 D
9 8 8 38 D
9 9 5 32 D
9 10 4 58 U
9 11 9 11 L
9 12 9 12 L
9 13 21 13 L
9 14 4 14 L
9 15 8 43 D
9 16 4 16 R
9 17 9 53 U
9 18 4 3 L
9 19 4 19 R
9 20 8 35 D
9 21 0 10 L
9 22 8 38 D
9 23 8 23 R
9 24 10 24 R
9 25 5 7 L
9 26 9 9 L
9 27 11 43 D
9 28 7 28 R
9 29 25 29 R
9 30 7 0 L
9 31 9 31 D
9 32 5 3 L
9 33 9 33 D
9 34 9 17 R
9 35 9 6 L
9 36 10 23 R
9 37 8 37 D
9 38 9 38 D
9 39 9 39 D
9 40 9 40 D
9 41 8 56 U
9 42 10 42 D
9 43 6 4 L
9 44 10 44 D
9 45 5 21 R
9 46 9 1 L
9 47 7 22 R
9 48 8 48 U
9 49 5 19 R
9 50 3 16 R
9 51 8 51 U
9 52 4 25 R
9 53 9 53 U
9 54 9 54 U
9 55 10 4 L
9 56 4 56 U
9 57 10 26 R
9 58 8 58 U
10 0 8 39 D
10 1 10 51 U
10 2 3 54 U
10 3 8 50 U
10 4 9 52 U
10 5 10 24 R
10 6 10 6 L
10 7 9 7 L
10 8 7 8 L
10 9 10 44 D
10 10 0 30 D
10 11 8 11 L
10 12 12 40 D
10 13 8 13 L
10 14 9 57 U
10 15 8 54 U
10 16 7 45 U
10 17 8 32 D
10 18 7 40 D
10 19 8 53 U
10 20 0 48 U
10 21 6 49 U
10 22 10 42 D
10 23 9 33 D
10 24 10 55 U
10 25 8 25 R
10 26 17 56 U
10 27 2 27 R
10 28 16 28 R
10 29 24 29 R
10 30 2 25 R
10 31 6 31 D
10 32 8 8 L
10 33 7 11 L
10 34 8 34 D
10 35 8 1 L
10 36 10 36 D
10 37 4 37 D
10 38 15 21 R
10 39 7 39 D
10 40 8 40 D
10 41 10 41 D
10 42 9 42 D
10 43 11 0 L
10 44 18 54 U
10 45 6 1 L
10 46 10 18 R
10 47 9 2 L
10 48 3 2 L
10 49 10 19 R
10 50 10 50 U
10 51 10 15 R
10 52 10 22 R
10 53 10 14 L
10 54 6 23 R
10 55 10 12 L
10 56 10 5 L
10 57 9 57 U
10 58 9 20 R
11 0 10 30 D
11 1 11 40 D
11 2 9 43 D
11 3 5 57 U
11 4 11 45 U
11 5 11 35 D
11 6 10 47 U
11 7 0 16 R
11 8 9 31 D
11 9 0 36 D
11 10 9 10 L
11 11 8 36 D
11 12 16 12 L
11 13 18 13 L
11 14 2 51 U
11 15 9 50 U
11 16 11 46 U
11 17 7 1 L
11 18 4 10 L
11 19 11 35 D
11 20 13 6 L
11 21 10 49 U
11 22 15 22 R
11 23 8 45 U
11 24 9 34 D
11 25 0 56 U
11 26 19 39 D
11 27 10 27 R
11 28 17 28 R
11 29 21 54 U
11 30 10 51 U
11 31 0 7 L
11 32 4 17 R
11 33 2 2 L
11 34 12 1 L
11 35 12 35 D
11 36 11 18 R
11 37 10 3 L
11 38 14 38 D
11 39 4 21 R
11 40 12 15 R
11 41 0 4 L
11 42 10 22 R
11 43 10 43 D
11 44 13 44 D
11 45 6 27 R
11 46 10 11 L
11 47 11 16 R
11 48 12 14 L
11 49 6 6 L
11 50 10 14 L
11 51 12 16 R
11 52 11 2 L
11 53 5 8 L
11 54 11 15 R
11 55 11 5 L
11 56 13 7 L
11 57 11 16 R
11 58 15 9 L
12 0 5 54 U
12 1 7 49 U
12 2 2 53 U
12 3 9 43 D
12 4 0 48 U
12 5 13 5 L
12 6 11 36 D
12 7 0 58 U
12 8 1 32 D
12 9 12 9 L
12 10 10 10 L
12 11 6 11 L
12 12 17 12 L
12 13 21 50 U
12 14 12 38 D
12 15 10 53 U
12 16 11 48 U
12 17 12 17 R
12 18 12 18 R
12 19 9 19 R
12 20 13 20 R
12 21 6 50 U
12 22 3 22 R
12 23 9 23 R
12 24 11 31 D
12 25 10 25 R
12 26 19 26 R
12 27 0 11 L
12 28 0 55 U
12 29 7 45 U
12 30 1 23 R
12 31 12 2 L
12 32 0 8 L
12 33 11 7 L
12 34 12 34 D
12 35 11 35 D
12 36 11 22 R
12 37 13 37 D
12 38 13 38 D
12 39 13 39 D
12 40 12 40 D
12 41 12 21 R
12 42 2 42 D
12 43 0 17 R
12 44 20 44 D
12 45 11 24 R
12 46 12 46 U
12 47 12 47 U
12 48 12 48 U
12 49 11 20 R
12 50 14 15 R
12 51 11 51 U
12 52 12 52 U
12 53 11 53 U
12 54 11 54 U
12 55 13 55 U
12 56 13 56 U
12 57 12 57 U
12 58 12 58 U
13 0 12 36 D
13 1 11 37 D
13 2 7 30 D
13 3 13 3 L
13 4 14 49 U
13 5 13 47 U
13 6 12 6 L
13 7 13 34 D
13 8 0 24 R
13 9 11 57 U
13 10 11 52 U
13 11 1 16 R
13 12 5 12 L
13 13 8 34 D
13 14 15 14 L
13 15 11 51 U
13 16 13 54 U
13 17 11 37 D
13 18 12 41 D
13 19 12 19 R
13 20 12 55 U
13 21 14 33 D
13 22 11 22 R
13 23 14 23 R
13 24 10 46 U
13 25 14 38 D
13 26 13 26 R
13 27 7 27 R
13 28 0 7 L
13 29 0 0 L
13 30 7 19 R
13 31 11 15 R
13 32 13 4 L
13 33 14 8 L
13 34 11 20 R
13 35 13 16 R
13 36 13 36 D
13 37 12 37 D
13 38 14 23 R
13 39 8 39 D
13 40 17 16 R
13 41 17 22 R
13 42 16 27 R
13 43 1 46 U
13 44 19 44 D
13 45 13 17 R
13 46 8 4 L
13 47 12 20 R
13 48 8 24 R
13 49 13 49 U
13 50 15 50 U
13 51 12 10 L
13 52 7 52 U
13 53 11 21 R
13 54 13 54 U
13 55 12 55 U
13 56 11 56 U
13 57 11 57 U
13 58 15 58 U
14 0 1 39 D
14 1 13 31 D
14 2 14 46 U
14 3 9 51 U
14 4 8 54 U
14 5 12 33 D
14 6 0 17 R
14 7 12 7 L
14 8 15 8 L
14 9 11 9 L
14 10 15 50 U
14 11 18 45 U
14 12 13 12 L
14 13 10 13 L
14 14 12 14 L
14 15 7 0 L
14 16 14 31 D
14 17 12 36 D
14 18 15 49 U
14 19 13 45 U
14 20 14 48 U
14 21 9 55 U
14 22 14 32 D
14 23 11 23 R
14 24 9 52 U
14 25 11 25 R
14 26 6 37 D
14 27 12 27 R
14 28 19 28 R
14 29 27 29 R
14 30 9 11 L
14 31 15 6 L
14 32 14 32 D
14 33 12 9 L
14 34 11 34 D
14 35 14 35 D
14 36 9 0 L
14 37 13 18 R
14 38 16 7 L
14 39 2 39 D
14 40 17 40 D
14 41 17 41 D
14 42 16 42 D
14 43 16 16 R
14 44 20 5 L
14 45 13 4 L
14 46 15 3 L
14 47 1 4 L
14 48 14 5 L
14 49 14 2 L
14 50 7 23 R
14 51 0 27 R
14 52 15 5 L
14 53 17 21 R
14 54 13 22 R
14 55 0 6 L
14 56 10 56 U
14 57 0 42 D
14 58 14 58 U
15 0 0 50 U
15 1 9 35 D
15 2 11 2 L
15 3 0 47 U
15 4 12 37 D
15 5 13 45 U
15 6 13 38 D
15 7 10 53 U
15 8 9 8 L
15 9 15 41 D
15 10 14 10 L
15 11 17 11 L
15 12 12 55 U
15 13 22 13 L
15 14 11 14 L
15 15 14 30 D
15 16 9 1 L
15 17 15 46 U
15 18 0 41 D
15 19 8 19 R
15 20 13 36 D
15 21 11 58 U
15 22 11 34 D
15 23 11 33 D
15 24 6 24 R
15 25 15 25 R
15 26 16 26 R
15 27 11 48 U
15 28 11 28 R
15 29 26 10 L
15 30 14 30 D
15 31 4 31 D
15 32 13 32 D
15 33 15 23 R
15 34 13 9 L
15 35 15 0 L
15 36 12 6 L
15 37 14 37 D
15 38 12 38 D
15 39 12 39 D
15 40 16 40 D
15 41 15 41 D
15 42 15 42 D
15 43 17 43 D
15 44 13 28 R
15 45 13 19 R
15 46 15 16 R
15 47 14 22 R
15 48 14 48 U
15 49 12 18 R
15 50 14 50 U
15 51 2 51 U
15 52 17 2 L
15 53 15 53 U
15 54 12 54 U
15 55 14 55 U
15 56 14 7 L
15 57 15 23 R
15 58 11 3 L
16 0 15 33 D
16 1 15 36 D
16 2 17 57 U
16 3 15 46 U
16 4 15 45 U
16 5 14 37 D
16 6 14 6 L
16 7 13 53 U
16 8 11 32 D
16 9 20 31 D
16 10 15 10 L
16 11 18 11 L
16 12 12 56 U
16 13 15 35 D
16 14 13 14 L
16 15 11 55 U
16 16 16 58 U
16 17 15 1 L
16 18 17 33 D
16 19 0 37 D
16 20 17 51 U
16 21 5 4 L
16 22 14 58 U
16 23 7 46 U
16 24 17 42 D
16 25 12 25 R
16 26 18 26 R
16 27 0 7 L
16 28 15 28 R
16 29 16 29 R
16 30 16 21 R
16 31 16 31 D
16 32 0 6 L
16 33 16 33 D
16 34 12 49 U
16 35 16 35 D
16 36 16 17 R
16 37 2 8 L
16 38 16 38 D
16 39 16 22 R
16 40 16 19 R
16 41 16 4 L
16 42 17 5 L
16 43 14 43 D
16 44 12 44 D
16 45 13 15 R
16 46 3 25 R
16 47 16 14 L
16 48 15 48 U
16 49 13 25 R
16 50 16 17 R
16 51 16 12 L
16 52 14 52 U
16 53 14 53 U
16 54 15 20 R
16 55 15 14 L
16 56 16 56 U
16 57 16 57 U
16 58 16 58 U
17 0 16 30 D
17 1 17 36 D
17 2 13 52 U
17 3 13 54 U
17 4 16 41 D
17 5 14 42 D
17 6 0 49 U
17 7 15 55 U
17 8 17 8 L
17 9 20 9 L
17 10 15 47 U
17 11 20 48 U
17 12 1 50 U
17 13 20 13 L
17 14 14 14 L
17 15 15 32 D
17 16 13 47 U
17 17 0 34 D
17 18 13 35 D
17 19 15 40 D
17 20 16 41 D
17 21 16 50 U
17 22 17 31 D
17 23 16 23 R
17 24 17 24 R
17 25 14 48 U
17 26 15 26 R
17 27 20 44 D
17 28 21 36 D
17 29 11 29 R
17 30 17 30 D
17 31 12 0 L
17 32 14 18 R
17 33 17 1 L
17 34 17 34 D
17 35 11 18 R
17 36 17 36 D
17 37 1 10 L
17 38 13 15 R
17 39 19 39 D
17 40 10 40 D
17 41 16 41 D
17 42 17 42 D
17 43 16 43 D
17 44 16 5 L
17 45 16 22 R
17 46 1 19 R
17 47 17 47 U
17 48 17 20 R
17 49 13 3 L
17 50 17 5 L
17 51 17 51 U
17 52 16 52 U
17 53 15 24 R
17 54 16 54 U
17 55 17 1 L
17 56 18 25 R
17 57 15 57 U
17 58 13 10 L
18 0 15 43 D
18 1 18 1 L
18 2 17 40 D
18 3 0 22 R
18 4 8 17 R
18 5 18 44 D
18 6 12 53 U
18 7 17 57 U
18 8 20 8 L
18 9 19 9 L
18 10 19 10 L
18 11 15 11 L
18 12 11 12 L
18 13 16 13 L
18 14 15 53 U
18 15 12 31 D
18 16 17 30 D
18 17 13 48 U
18 18 17 0 L
18 19 18 56 U
18 20 8 33 D
18 21 12 53 U
18 22 15 45 U
18 23 18 34 D
18 24 16 32 D
18 25 18 46 U
18 26 19 44 D
18 27 20 27 R
18 28 20 28 R
18 29 26 31 D
18 30 15 15 R
18 31 2 31 D
18 32 18 32 D
18 33 18 3 L
18 34 19 4 L
18 35 14 18 R
18 36 17 26 R
18 37 15 19 R
18 38 18 2 L
18 39 18 39 D
18 40 7 20 R
18 41 20 21 R
18 42 21 4 L
18 43 5 54 U
18 44 23 2 L
18 45 17 8 L
18 46 19 10 L
18 47 11 14 L
18 48 13 0 L
18 49 19 16 R
18 50 17 12 L
18 51 18 4 L
18 52 15 0 L
18 53 12 26 R
18 54 20 20 R
18 55 17 55 U
18 56 14 56 U
18 57 18 22 R
18 58 18 16 R
19 0 13 58 U
19 1 14 32 D
19 2 11 30 D
19 3 16 36 D
19 4 20 4 L
19 5 18 50 U
19 6 16 45 U
19 7 9 46 U
19 8 19 33 D
19 9 18 48 U
19 10 17 39 D
19 11 19 41 D
19 12 15 12 L
19 13 25 35 D
19 14 18 49 U
19 15 18 33 D
19 16 16 3 L
19 17 20 31 D
19 18 19 18 R
19 19 15 34 D
19 20 6 20 R
19 21 20 42 D
19 22 11 12 L
19 23 20 51 U
19 24 18 38 D
19 25 18 25 R
19 26 11 26 R
19 27 17 42 D
19 28 22 44 D
19 29 26 29 R
19 30 17 6 L
19 31 18 15 R
19 32 17 1 L
19 33 19 33 D
19 34 20 34 D
19 35 15 35 D
19 36 0 26 R
19 37 18 37 D
19 38 19 38 D
19 39 18 10 L
19 40 0 19 R
19 41 20 22 R
19 42 13 42 D
19 43 35 43 D
19 44 23 44 D
19 45 18 2 L
19 46 19 23 R
19 47 18 47 U
19 48 0 35 D
19 49 19 24 R
19 50 0 26 R
19 51 20 12 L
19 52 20 5 L
19 53 17 25 R
19 54 20 54 U
19 55 19 19 R
19 56 19 56 U
19 57 13 57 U
19 58 18 58 U
20 0 16 46 U
20 1 9 58 U
20 2 19 37 D
20 3 18 30 D
20 4 20 49 U
20 5 13 39 D
20 6 0 40 D
20 7 19 47 U
20 8 1 17 R
20 9 21 44 D
20 10 15 56 U
20 11 20 11 L
20 12 18 12 L
20 13 17 13 L
20 14 23 57 U
20 15 19 47 U
20 16 10 52 U
20 17 20 17 R
20 18 18 32 D
20 19 18 36 D
20 20 18 51 U
20 21 22 34 D
20 22 21 31 D
20 23 18 23 R
20 24 13 24 R
20 25 14 52 U
20 26 20 26 R
20 27 18 27 R
20 28 10 28 R
20 29 7 29 R
20 30 15 28 R
20 31 16 3 L
20 32 18 1 L
20 33 20 19 R
20 34 19 34 D
20 35 11 5 L
20 36 19 8 L
20 37 15 37 D
20 38 20 38 D
20 39 20 6 L
20 40 11 40 D
20 41 21 41 D
20 42 22 42 D
20 43 30 43 D
20 44 12 8 L
20 45 19 15 R
20 46 20 16 R
20 47 19 47 U
20 48 1 7 L
20 49 0 8 L
20 50 19 21 R
20 51 19 51 U
20 52 20 52 U
20 53 20 7 L
20 54 19 54 U
20 55 10 27 R
20 56 20 11 L
20 57 10 57 U
20 58 19 11 L
21 0 14 0 L
21 1 21 38 D
21 2 10 41 D
21 3 21 45 U
21 4 19 25 R
21 5 5 57 U
21 6 21 6 L
21 7 19 7 L
21 8 16 8 L
21 9 16 9 L
21 10 24 51 U
21 11 22 34 D
21 12 19 30 D
21 13 26 13 L
21 14 3 14 L
21 15 17 54 U
21 16 22 33 D
21 17 15 31 D
21 18 18 2 L
21 19 21 50 U
21 20 23 52 U
21 21 21 21 R
21 22 21 22 R
21 23 3 51 U
21 24 21 37 D
21 25 19 49 U
21 26 19 2 L
21 27 20 32 D
21 28 9 28 R
21 29 26 55 U
21 30 18 0 L
21 31 0 49 U
21 32 2 52 U
21 33 17 27 R
21 34 20 52 U
21 35 19 25 R
21 36 21 1 L
21 37 20 55 U
21 38 20 26 R
21 39 7 53 U
21 40 20 57 U
21 41 22 21 R
21 42 21 18 R
21 43 7 57 U
21 45 2 45 U
21 46 1 10 L
21 47 20 23 R
21 48 13 8 L
21 49 11 7 L
21 50 0 24 R
21 51 19 28 R
21 52 0 9 L
21 53 22 20 R
21 54 17 12 L
21 55 17 13 L
21 56 18 15 R
21 57 21 15 R
21 58 8 42 D
22 0 22 45 U
22 1 17 30 D
22 2 22 56 U
22 3 22 42 D
22 4 19 4 L
22 5 24 5 L
22 6 15 6 L
22 7 14 54 U
22 8 21 40 D
22 9 23 9 L
22 10 24 10 L
22 11 16 32 D
22 12 23 53 U
22 13 27 13 L
22 14 6 34 D
22 15 22 58 U
22 16 22 16 R
22 17 23 31 D
22 18 23 18 R
22 19 20 49 U
22 20 23 44 D
22 21 23 21 R
22 22 0 12 L
22 23 20 50 U
22 24 11 24 R
22 25 0 9 L
22 26 24 26 R
22 27 22 1 L
22 28 25 35 D
22 29 2 29 R
22 30 22 11 L
22 31 17 23 R
22 32 7 32 D
22 33 22 0 L
22 34 23 1 L
22 35 23 35 D
22 36 18 21 R
22 37 22 37 D
22 38 22 18 R
22 39 27 39 D
22 40 20 40 D
22 41 20 41 D
22 42 20 42 D
22 43 29 43 D
22 45 0 30 D
22 46 19 3 L
22 47 23 7 L
22 48 23 16 R
22 49 21 0 L
22 50 16 50 U
22 51 21 13 L
22 52 0 24 R
22 53 8 5 L
22 54 22 15 R
22 55 21 55 U
22 56 23 17 R
22 57 23 25 R
22 58 20 58 U
23 0 21 40 D
23 1 22 35 D
23 2 22 38 D
23 3 23 40 D
23 4 21 52 U
23 5 25 5 L
23 6 20 6 L
23 7 21 7 L
23 8 22 8 L
23 9 21 9 L
23 10 25 10 L
23 11 23 11 L
23 12 12 12 L
23 13 30 13 L
23 14 31 33 D
23 15 16 1 L
23 16 22 47 U
23 17 22 51 U
23 18 4 18 R
23 19 22 32 D
23 20 25 57 U
23 21 22 21 R
23 22 23 22 R
23 23 2 4 L
23 24 16 36 D
23 25 17 25 R
23 26 11 10 L
23 27 30 27 R
23 29 30 31 D
23 30 17 18 R
23 31 22 6 L
23 32 23 3 L
23 33 23 33 D
23 34 18 3 L
23 35 9 19 R
23 36 20 29 R
23 37 18 20 R
23 38 23 38 D
23 39 25 39 D
23 40 19 22 R
23 41 25 41 D
23 42 23 42 D
23 43 13 43 D
23 45 2 9 L
23 46 21 14 L
23 47 20 19 R
23 48 21 48 U
23 49 21 7 L
23 50 19 13 L
23 51 20 51 U
23 52 19 13 L
23 53 23 53 U
23 54 23 54 U
23 55 0 19 R
23 56 22 56 U
23 57 19 57 U
23 58 19 58 U
24 0 23 55 U
24 1 20 45 U
24 2 13 49 U
24 3 25 46 U
24 4 23 4 L
24 5 24 46 U
24 6 24 48 U
24 7 22 36 D
24 8 4 45 U
24 9 20 30 D
24 10 2 58 U
24 11 22 37 D
24 12 6 56 U
24 13 29 40 D
24 14 32 14 L
24 15 21 51 U
24 16 24 54 U
24 17 0 47 U
24 18 23 32 D
24 19 25 48 U
24 20 26 34 D
24 21 9 5 L
24 22 23 35 D
24 23 25 23 R
24 24 0 35 D
24 25 6 10 L
24 26 22 26 R
24 27 13 38 D
24 29 28 29 R
24 30 21 0 L
24 31 24 29 R
24 32 23 5 L
24 33 24 0 L
24 34 18 17 R
24 35 24 2 L
24 36 23 50 U
24 37 25 6 L
24 38 23 23 R
24 39 26 39 D
24 40 31 29 R
24 41 24 41 D
24 42 15 3 L
24 43 31 5 L
24 45 0 29 R
24 46 2 14 L
24 47 12 3 L
24 48 25 18 R
24 49 18 17 R
24 50 22 6 L
24 51 12 9 L
24 52 21 15 R
24 53 25 53 U
24 54 23 15 R
24 55 18 55 U
24 56 23 1 L
24 57 24 8 L
24 58 27 12 L
25 0 24 38 D
25 1 22 31 D
25 2 25 41 D
25 3 23 3 L
25 4 22 4 L
25 5 23 34 D
25 6 24 49 U
25 7 2 7 L
25 8 12 50 U
25 9 22 9 L
25 10 22 10 L
25 11 14 54 U
25 12 24 48 U
25 13 25 13 L
25 14 31 14 L
25 15 15 30 D
25 16 10 47 U
25 17 16 53 U
25 18 24 56 U
25 19 24 36 D
25 20 23 58 U
25 21 0 11 L
25 22 2 22 R
25 23 24 23 R
25 24 30 38 D
25 25 24 25 R
25 26 32 26 R
25 27 14 27 R
25 29 27 31 D
25 30 18 8 L
25 31 25 31 D
25 32 23 18 R
25 33 20 56 U
25 34 22 34 D
25 35 23 11 L
25 36 11 2 L
25 37 22 20 R
25 38 25 38 D
25 39 14 39 D
25 40 31 40 D
25 41 25 19 R
25 42 27 42 D
25 43 35 19 R
25 45 24 29 R
25 46 25 16 R
25 47 10 28 R
25 48 25 22 R
25 49 25 19 R
25 50 24 7 L
25 51 24 20 R
25 52 22 52 U
25 53 13 53 U
25 54 8 6 L
25 55 20 55 U
25 56 22 11 L
25 57 25 57 U
25 58 25 58 U
26 0 25 54 U
26 1 25 52 U
26 2 25 2 L
26 3 6 50 U
26 4 27 35 D
26 5 22 5 L
26 6 6 30 D
26 7 20 33 D
26 8 21 50 U
26 9 26 42 D
26 10 25 30 D
26 11 28 11 L
26 12 29 12 L
26 13 12 13 L
26 14 30 14 L
26 15 24 45 U
26 16 22 46 U
26 17 26 48 U
26 18 25 38 D
26 19 26 19 R
26 20 29 35 D
26 21 27 21 R
26 22 19 52 U
26 23 24 31 D
26 24 28 24 R
26 25 18 2 L
26 26 31 26 R
26 27 34 36 D
26 29 29 29 R
26 30 19 29 R
26 31 14 2 L
26 32 26 1 L
26 33 0 25 R
26 34 27 7 L
26 35 27 3 L
26 36 26 21 R
26 37 28 37 D
26 38 21 5 L
26 39 15 39 D
26 40 30 40 D
26 41 26 15 R
26 42 27 20 R
26 43 32 43 D
26 45 0 10 L
26 46 24 1 L
26 47 26 29 R
26 48 27 2 L
26 49 23 4 L
26 50 3 18 R
26 51 27 17 R
26 52 23 6 L
26 53 12 25 R
26 54 26 29 R
26 55 26 6 L
26 56 21 21 R
26 57 25 0 L
26 58 28 13 L
27 0 25 31 D
27 1 25 16 R
27 2 27 47 U
27 3 25 3 L
27 4 10 4 L
27 5 24 31 D
27 6 27 54 U
27 7 25 33 D
27 8 23 8 L
27 9 24 34 D
27 10 3 10 L
27 11 30 11 L
27 12 25 12 L
27 13 19 34 D
27 14 23 14 L
27 15 26 39 D
27 16 26 32 D
27 17 27 42 D
27 18 16 56 U
27 19 14 19 R
27 20 29 58 U
27 21 28 33 D
27 22 19 22 R
27 23 23 23 R
27 24 28 51 U
27 25 29 25 R
27 26 23 26 R
27 27 34 27 R
27 29 9 29 R
27 30 26 16 R
27 31 26 2 L
27 32 27 32 D
27 33 20 7 L
27 34 10 9 L
27 35 24 8 L
27 36 14 19 R
27 37 23 37 D
27 38 24 38 D
27 39 25 57 U
27 40 31 16 R
27 41 26 17 R
27 42 30 15 R
27 43 31 13 L
27 45 25 29 R
27 46 24 46 U
27 47 24 19 R
27 48 27 48 U
27 49 17 29 R
27 50 25 20 R
27 51 24 51 U
27 52 3 24 R
27 53 21 53 U
27 54 26 54 U
27 55 27 55 U
27 56 27 56 U
27 57 24 57 U
27 58 30 58 U
28 0 21 54 U
28 1 27 30 D
28 2 25 38 D
28 3 16 46 U
28 4 23 39 D
28 5 30 56 U
28 6 1 53 U
28 7 0 46 U
28 8 30 47 U
28 9 2 47 U
28 10 24 53 U
28 11 5 11 L
28 12 27 12 L
28 13 23 13 L
28 14 29 14 L
28 15 21 30 D
28 16 28 31 D
28 17 20 51 U
28 18 6 18 R
28 19 15 42 D
28 20 28 58 U
28 21 30 21 R
28 22 32 32 D
28 23 25 36 D
28 24 30 24 R
28 25 28 25 R
28 26 21 37 D
28 27 24 27 R
28 29 31 41 D
28 30 15 16 R
28 31 25 0 L
28 32 26 3 L
28 33 29 6 L
28 34 22 2 L
28 35 29 7 L
28 36 28 25 R
28 37 9 37 D
28 38 5 17 R
28 39 30 16 R
28 40 12 6 L
28 41 17 25 R
28 42 29 42 D
28 43 34 4 L
28 45 22 0 L
28 46 21 17 R
28 47 0 32 D
28 48 9 27 R
28 49 26 49 U
28 50 28 9 L
28 51 27 0 L
28 52 28 4 L
28 53 26 18 R
28 54 27 36 D
28 55 28 2 L
28 56 3 27 R
28 57 29 16 R
28 58 30 20 R
29 0 28 42 D
29 1 18 32 D
29 2 28 34 D
29 3 27 41 D
29 4 12 51 U
29 5 28 46 U
29 6 26 6 L
29 7 27 36 D
29 8 24 8 L
29 9 27 9 L
29 10 34 34 D
29 11 26 49 U
29 12 20 37 D
29 13 29 13 L
29 14 30 34 D
29 15 26 45 U
29 16 19 4 L
29 17 27 57 U
29 18 21 49 U
29 19 29 55 U
29 20 0 32 D
29 21 29 21 R
29 22 32 22 R
29 23 29 23 R
29 24 31 47 U
29 25 0 50 U
29 26 1 26 R
29 27 33 27 R
29 29 31 42 D
29 30 4 7 L
29 31 23 15 R
29 32 27 1 L
29 33 28 21 R
29 34 26 34 D
29 35 28 35 D
29 36 30 12 L
29 37 27 37 D
29 38 8 22 R
29 39 30 39 D
29 40 21 40 D
29 41 26 41 D
29 42 28 16 R
29 43 15 50 U
29 45 27 23 R
29 46 22 18 R
29 47 23 8 L
29 48 28 48 U
29 49 24 6 L
29 50 30 50 U
29 51 23 11 L
29 52 30 52 U
29 53 26 12 L
29 54 17 54 U
29 55 28 55 U
29 56 25 6 L
29 57 28 57 U
29 58 29 58 U
30 0 27 45 U
30 1 26 32 D
30 2 12 47 U
30 3 30 3 L
30 4 29 49 U
30 5 26 32 D
30 6 22 43 D
30 7 29 7 L
30 8 16 40 D
30 9 28 9 L
30 10 31 10 L
30 11 26 11 L
30 12 30 12 L
30 13 26 49 U
30 14 8 22 R
30 15 18 30 D
30 16 28 53 U
30 17 26 50 U
30 18 29 33 D
30 19 29 47 U
30 20 16 20 R
30 21 28 56 U
30 22 27 22 R
30 23 30 37 D
30 24 31 24 R
30 25 28 52 U
30 26 28 26 R
30 27 32 27 R
30 29 15 29 R
30 30 15 1 L
30 31 29 3 L
30 32 26 29 R
30 33 4 18 R
30 34 23 17 R
30 35 29 20 R
30 36 27 36 D
30 37 26 37 D
30 38 29 5 L
30 39 24 39 D
30 40 28 40 D
30 41 29 41 D
30 42 24 9 L
30 43 22 43 D
30 45 24 15 R
30 46 29 23 R
30 47 25 4 L
30 48 22 48 U
30 49 28 19 R
30 50 17 11 L
30 51 29 51 U
30 52 24 23 R
30 53 24 18 R
30 54 22 54 U
30 55 31 5 L
30 56 30 56 U
30 57 23 57 U
30 58 26 5 L
31 0 24 0 L
31 1 28 17 R
31 2 27 51 U
31 3 29 57 U
31 4 31 40 D
31 5 27 38 D
31 6 31 58 U
31 7 2 21 R
31 8 31 8 L
31 9 22 39 D
31 10 18 10 L
31 11 26 45 U
31 12 32 45 U
31 13 28 13 L
31 14 24 14 L
31 15 30 39 D
31 16 28 30 D
31 17 30 50 U
31 18 15 48 U
31 19 31 52 U
31 20 30 47 U
31 21 31 21 R
31 22 31 22 R
31 23 30 23 R
31 24 27 24 R
31 25 32 34 D
31 26 33 26 R
31 27 31 27 R
31 29 30 55 U
31 30 29 15 R
31 31 26 9 L
31 32 3 13 L
31 33 30 8 L
31 34 29 18 R
31 35 25 10 L
31 36 28 24 R
31 37 29 13 L
31 38 31 38 D
31 39 0 3 L
31 40 20 49 U
31 41 31 1 L
31 42 31 4 L
31 43 36 43 D
31 45 29 0 L
31 46 29 20 R
31 47 26 22 R
31 48 28 14 L
31 49 30 15 R
31 50 28 11 L
31 51 31 19 R
31 52 28 10 L
31 53 26 53 U
31 54 27 24 R
31 55 31 55 U
31 56 5 21 R
31 57 21 20 R
31 58 4 36 D
32 0 32 42 D
32 1 34 49 U
32 2 35 42 D
32 3 33 33 D
32 4 26 4 L
32 5 29 43 D
32 6 25 48 U
32 7 28 7 L
32 8 30 8 L
32 9 32 41 D
32 10 32 10 L
32 11 32 40 D
32 12 31 12 L
32 13 33 43 D
32 14 34 14 L
32 15 23 50 U
32 16 32 58 U
32 17 32 48 U
32 18 35 45 U
32 19 33 12 L
32 20 18 20 R
32 21 30 30 D
32 22 14 22 R
32 23 24 3 L
32 24 0 31 D
32 25 28 32 D
32 26 34 26 R
32 27 32 40 D
32 29 9 31 D
32 30 19 23 R
32 31 7 23 R
32 32 29 9 L
32 33 29 8 L
32 34 33 22 R
32 35 32 17 R
32 36 35 2 L
32 37 31 37 D
32 38 0 10 L
32 39 31 3 L
32 40 30 26 R
32 41 32 29 R
32 42 33 21 R
32 43 33 43 D
32 45 32 7 L
32 46 29 13 L
32 47 33 5 L
32 48 32 48 U
32 49 31 16 R
32 50 29 24 R
32 51 26 13 L
32 52 33 16 R
32 53 30 37 D
32 54 18 54 U
32 55 32 17 R
32 56 26 9 L
32 57 0 25 R
32 58 30 12 L
33 0 29 54 U
33 1 13 57 U
33 2 32 46 U
33 3 22 38 D
33 4 33 56 U
33 5 35 5 L
33 6 5 6 L
33 7 33 41 D
33 8 24 45 U
33 9 28 55 U
33 10 33 32 D
33 12 32 35 D
33 13 32 13 L
33 14 33 14 L
33 15 33 32 D
33 16 13 41 D
33 17 17 1 L
33 18 35 36 D
33 19 32 43 D
33 20 34 20 R
33 21 24 9 L
33 22 0 49 U
33 25 34 57 U
33 26 30 26 R
33 27 29 27 R
33 29 31 30 D
33 30 32 0 L
33 31 25 29 R
33 32 31 45 U
33 33 33 15 R
33 34 32 34 D
33 35 33 35 D
33 36 35 36 D
33 37 33 12 L
33 38 18 38 D
33 39 0 26 R
33 40 29 40 D
33 41 15 25 R
33 42 34 42 D
33 43 34 43 D
33 45 30 0 L
33 46 26 8 L
33 47 34 47 U
33 48 32 15 R
33 49 26 24 R
33 50 31 4 L
33 51 17 16 R
33 52 34 52 U
33 53 34 53 U
33 54 31 54 U
33 55 30 55 U
33 56 33 56 U
33 57 33 3 L
33 58 34 43 D
34 0 20 39 D
34 1 35 1 L
34 2 34 39 D
34 3 31 3 L
34 4 32 4 L
34 5 32 5 L
34 8 27 8 L
34 9 29 48 U
34 10 19 52 U
34 12 0 15 R
34 14 22 14 L
34 15 33 47 U
34 16 30 46 U
34 17 31 38 D
34 18 32 56 U
34 20 33 20 R
34 22 28 22 R
34 25 33 25 R
34 26 31 52 U
34 27 35 27 R
34 30 32 30 D
34 31 32 31 D
34 32 34 16 R
34 33 34 33 D
34 34 33 11 L
34 35 28 26 R
34 36 35 20 R
34 37 34 37 D
34 38 29 38 D
34 39 33 18 R
34 40 32 40 D
34 41 32 18 R
34 42 33 42 D
34 45 31 45 U
34 46 17 24 R
34 47 33 10 L
34 48 34 48 U
34 49 34 14 L
34 50 32 50 U
34 51 33 20 R
34 52 33 52 U
34 53 35 53 U
34 54 32 54 U
34 55 29 55 U
34 56 32 18 R
34 57 35 57 U
34 58 35 20 R
35 0 33 50 U
35 1 35 49 U
35 2 35 2 L
35 3 34 46 U
35 4 32 43 D
35 5 31 5 L
35 8 31 31 D
35 9 13 9 L
35 10 28 51 U
35 12 34 12 L
35 14 35 53 U
35 15 30 33 D
35 16 34 47 U
35 17 33 49 U
35 18 33 43 D
35 25 35 25 R
35 26 35 30 D
35 30 33 17 R
35 31 0 26 R
35 32 31 15 R
35 33 31 33 D
35 34 35 26 R
35 35 32 22 R
35 36 34 36 D
35 37 15 14 L
35 38 32 2 L
35 39 35 39 D
35 40 33 7 L
35 41 33 41 D
35 42 33 55 U
35 45 31 27 R
35 46 35 18 R
35 47 35 1 L
35 48 34 3 L
35 49 33 49 U
35 50 34 50 U
35 51 30 51 U
35 52 33 0 L
35 53 35 2 L
35 54 27 4 L
35 55 33 17 R
35 56 35 27 R
35 57 24 25 R
35 58 27 58 U
36 0 33 49 U
36 14 27 58 U
36 15 34 53 U
36 49 34 15 R
36 50 34 0 L
36 53 32 14 L
36 58 35 58 U
37 0 33 43 D
38 0 32 0 L

