16 13 176
10 0 1 15 0 0 7 11 0 0 0 0 0 0 0 0 0 0 10
0 0 9 0 0 11 6 0 0 10 0 0 3 0 0 9 10 4 4
0 9 4 4 0 0 0 0 0 0 0 8 0 14 0 0 0 0 4
4 0 0 10 6 0 2 0 0 0 0 0 9 0 0 12 12 0 0
0 0 0 0 0 0 0 0 0 14 3 13 0 0 7 0 0 0 0
0 4 0 0 0 9 0 0 0 1 0 0 0 0 0 0 0 0 7
0 9 0 0 0 0 9 4 0 0 0 0 0 0 0 0 0 4 0
0 0 11 0 5 0 0 0 0 4 0 0 0 0 8 0 0 0 0
0 0 0 12 0 0 0 0 11 0 0 0 4 0 0 0 0 0 7
0 0 10 0 3 0 9 0 4 0 0 0 0 0 0 12 2 0 0
0 0 1 11 11 5 0 0 0 13 3 0 0 15 0 0 12 0 0
0 0 0 8 11 0 4 0 0 0 0 6 0 0 6 0 1 0 0
0 0 0 7 10 0 0 0 0 0 0 0 0 0 0 10 0 5 0
11 0 12 0 0 10 0 0 11 0 9 8 13 0 0 0 0 8 0
11 12 4 0 14 7 2 7 0 0 0 0 6 0 7 0 0 0 0
0 6 0 0 0 3 0 0 0 0 0 13 0 0 3 0 0 6 0
3 12 0 0 5 0 3 0 0 0 0 0 0 0 0 0 0 13 9
6 11 0 7 10 0 0 12 0 3 10 0 0 0 0 8 0 0 7
0 0 0 0 13 0 0 0 0 0 0 12 0 14 5 6 0 0 4
0 0 0 0 R
0 1 0 1 R
0 2 0 2 R
0 3 0 3 R
0 4 0 4 U
0 5 0 5 U
0 6 0 6 U
0 7 0 7 D
0 8 0 8 D
0 9 0 9 D
0 10 0 10 L
0 11 0 11 L
0 12 0 12 L
1 0 0 9 D
1 1 0 5 U
1 2 0 6 U
1 3 5 3 R
1 4 0 1 R
1 5 6 8 D
1 6 0 11 L
1 7 0 12 L
1 8 0 0 R
1 9 5 11 L
1 10 0 7 D
1 11 0 8 D
1 12 5 6 U
2 0 6 4 U
2 1 0 11 L
2 2 1 4 U
2 3 0 4 U
2 4 5 4 U
2 5 11 5 U
2 6 4 8 D
2 7 4 1 R
2 8 4 8 D
2 9 0 4 U
2 10 0 4 U
2 11 1 5 U
2 12 5 12 L
3 0 4 5 U
3 1 2 1 R
3 2 1 2 R
3 3 0 12 L
3 4 1 0 R
3 5 1 5 U
3 6 1 10 L
3 7 0 6 U
3 8 4 8 D
3 9 0 1 R
3 10 0 5 U
3 11 1 9 D
3 12 2 12 L
4 0 0 8 D
4 1 6 1 R
4 2 8 5 U
4 3 0 9 D
4 4 0 7 D
4 5 0 0 R
4 6 8 6 U
4 7 0 3 R
4 8 10 12 L
4 9 0 11 L
4 10 0 9 D
4 11 9 4 U
4 12 3 0 R
5 0 0 4 U
5 1 2 7 D
5 2 0 10 L
5 3 6 3 R
5 4 3 10 L
5 5 4 5 U
5 6 4 6 U
5 7 2 2 R
5 8 0 2 R
5 9 7 9 D
5 10 3 10 L
5 11 3 11 L
5 12 6 12 L
6 0 5 8 D
6 1 3 9 D
6 2 4 2 R
6 3 5 3 R
6 4 0 10 L
6 5 2 7 D
6 6 12 6 U
6 7 0 10 L
6 8 2 10 L
6 9 4 12 L
6 10 10 5 U
6 11 1 11 L
6 12 0 0 R
7 0 0 7 D
7 1 6 1 R
7 2 6 2 R
7 3 2 3 R
7 4 0 12 L
7 5 8 5 U
7 6 8 12 L
7 7 5 2 R
7 8 6 10 L
7 9 6 9 D
7 10 3 10 L
7 11 0 1 R
7 12 1 12 L
8 0 4 9 D
8 1 9 10 L
8 2 0 4 U
8 3 7 3 R
8 4 2 4 U
8 5 5 5 U
8 6 2 12 L
8 7 1 7 D
8 8 3 8 D
8 9 10 12 L
8 10 2 4 U
8 11 10 11 L
8 12 4 4 U
9 0 6 7 D
9 1 2 11 L
9 2 10 7 D
9 3 5 3 R
9 4 2 2 R
9 5 0 8 D
9 6 7 0 R
9 7 6 3 R
9 8 0 5 U
9 9 7 10 L
9 10 2 10 L
9 11 4 6 U
9 12 1 0 R
10 0 9 11 L
10 1 1 1 R
10 2 8 6 U
10 3 7 3 R
10 4 0 2 R
10 5 8 10 L
10 6 0 7 D
10 7 2 1 R
10 8 8 8 D
10 10 11 9 D
10 11 4 7 D
10 12 1 12 L
11 0 5 5 U
11 1 1 1 R
11 2 3 2 R
11 3 2 3 R
11 4 10 0 R
11 5 4 3 R
11 6 5 6 U
11 7 12 11 L
11 8 7 3 R
11 10 7 6 U
11 11 7 8 D
11 12 2 5 U
12 0 9 0 R
12 1 5 4 U
12 2 5 2 R
12 4 1 4 U
12 5 1 1 R
12 6 0 10 L
12 7 5 7 D
12 8 3 12 L
12 10 0 6 U
12 12 10 5 U
13 0 7 0 R
13 4 9 4 U
13 5 0 9 D
13 8 11 3 R
13 10 1 10 L
13 12 5 5 U
14 0 0 5 U
14 4 1 4 U
14 5 0 11 L
14 8 5 8 D
15 4 1 7 D
15 5 3 5 U

