39 55 1743
13 23 29 15 4 3 20 6 34 37 36 0 35 33 38 0 30 0 26 32
0 34 0 35 0 24 0 32 0 1 33 34 22 28 31 0 25 31 20 18
0 0 20 8 5 0 2 0 0 11 0 13 30 0 0 10 0 0 0 8
0 30 28 3 0 0 35 22 26 1 23 28 1 29 31 1 17 26 25 5
0 28 0 0 22 34 33 14 0 1 37 0 0 31 35 0 0 16 2 8
11 26 27 12 27 30 0 27 30 12 0 0 24 0 4 0 23 0 11 0
29 14 27 15 6 0 0 1 15 28 35 27 9 1 25 0 27 14 6 26
19 9 21 4 4 36 34 17 0 31 11 0 20 15 28 0 17 22 16 9
0 29 1 17 30 32 0 0 14 18 6 1 0 7 0 4 0 18 4 9
32 36 33 31 9 26 33 28 28 0 32 6 0 27 32 0 20 15 0 0
10 9 0 33 3 1 14 26 7 26 35 6 0 17 26 0 31 34 0 20
0 35 13 10 0 0 34 32 7 0 34 8 0 16 0 19 30 24 9 5
15 0 0 17 32 0 17 24 36 32 2 0 0 23 26 0 7 14 24 23
13 0 21 6 9 35 26 30 26 18 31 16 0 33 20 0 2 0 24 31
0 13 33 21 11 29 0 0 18 0 0 6 0 25 24 0 0 2 0 32
28 16 33 28 23 0 19 0 22 0 33 3 22 34 0 0 3 3 9 29
27 18 32 0 11 0 0 29 0 4 9 10 26 34 9 22 0 31 14 0
13 0 10 3 21 0 11 0 2 7 20 27 0 22 15 12 22 24 0 23
0 0 19 15 22 20 0 37 16 21 22 0 28 33 12 11 19 1 0 26
17 0 14 6 28 0 0 26 21 19 29 0 31 32 0 0 0 0 0 19
0 0 0 0 R
0 1 0 1 R
0 2 0 2 R
0 3 0 3 R
0 4 0 4 R
0 5 0 5 R
0 6 0 6 R
0 7 0 7 R
0 8 0 8 R
0 9 0 9 R
0 10 0 10 R
0 11 0 11 R
0 12 0 12 R
0 13 0 13 U
0 14 0 14 U
0 15 0 15 U
0 16 0 16 U
0 17 0 17 U
0 18 0 18 U
0 19 0 19 U
0 20 0 20 U
0 21 0 21 U
0 22 0 22 U
0 23 0 23 U
0 24 0 24 U
0 25 0 25 U
0 26 0 26 U
0 27 0 27 D
0 28 0 28 D
0 29 0 29 D
0 30 0 30 D
0 31 0 31 D
0 32 0 32 D
0 33 0 33 D
0 34 0 34 D
0 35 0 35 D
0 36 0 36 D
0 37 0 37 D
0 38 0 38 D
0 39 0 39 D
0 40 0 40 D
0 41 0 41 D
0 42 0 42 L
0 43 0 43 L
0 44 0 44 L
0 45 0 45 L
0 46 0 46 L
0 47 0 47 L
0 48 0 48 L
0 49 0 49 L
0 50 0 50 L
0 51 0 51 L
0 52 0 52 L
0 53 0 53 L
0 54 0 54 L
1 0 18 27 D
1 1 0 46 L
1 2 0 19 U
1 3 9 19 U
1 4 11 4 R
1 5 2 5 R
1 6 28 14 U
1 7 5 7 R
1 8 0 49 L
1 9 6 9 R
1 10 7 10 R
1 11 4 11 R
1 12 21 33 D
1 13 0 6 R
1 14 0 3 R
1 15 25 47 L
1 16 3 16 U
1 17 2 42 L
1 18 4 9 R
1 19 7 0 R
1 20 14 20 U
1 21 24 51 L
1 22 3 22 U
1 23 20 9 R
1 24 12 24 U
1 25 24 25 U
1 26 7 48 L
1 27 0 8 R
1 28 23 1 R
1 29 2 0 R
1 30 18 30 D
1 31 5 31 D
1 32 0 14 U
1 33 6 4 R
1 34 2 52 L
1 35 2 35 D
1 36 20 47 L
1 37 13 37 D
1 38 5 11 R
1 39 12 39 D
1 40 2 40 D
1 41 14 0 R
1 42 0 27 D
1 43 0 1 R
1 44 6 44 L
1 45 0 18 U
1 46 22 3 R
1 47 0 29 D
1 48 6 48 L
1 49 0 21 U
1 50 27 39 D
1 51 6 51 L
1 52 15 52 L
1 53 10 53 L
1 54 14 38 D
2 0 17 30 D
2 1 30 15 U
2 2 24 16 U
2 3 3 3 R
2 4 0 15 U
2 5 6 5 R
2 6 3 6 R
2 7 27 18 U
2 8 11 22 U
2 9 3 34 D
2 10 6 10 R
2 11 7 11 R
2 12 6 12 R
2 13 26 54 L
2 14 0 27 D
2 15 17 12 R
2 16 1 16 U
2 17 21 43 L
2 18 19 18 U
2 19 8 48 L
2 20 9 20 U
2 21 8 51 L
2 22 9 22 U
2 23 24 7 R
2 24 1 24 U
2 25 9 25 U
2 26 6 26 U
2 27 0 0 R
2 28 5 6 R
2 29 0 4 R
2 30 1 30 D
2 31 27 7 R
2 32 8 32 D
2 33 6 33 D
2 34 7 34 D
2 35 12 35 D
2 36 1 36 D
2 37 8 37 D
2 38 0 52 L
2 39 7 39 D
2 40 1 40 D
2 41 1 41 D
2 42 1 42 L
2 43 18 43 L
2 44 12 29 D
2 45 3 45 L
2 46 15 46 L
2 47 11 33 D
2 48 1 48 L
2 49 5 49 L
2 50 8 9 R
2 51 6 35 D
2 52 11 19 U
2 53 6 34 D
2 54 6 54 L
3 0 0 13 U
3 1 11 21 U
3 2 20 2 R
3 3 25 3 R
3 4 14 29 D
3 5 14 33 D
3 6 26 13 U
3 7 0 34 D
3 8 6 8 R
3 9 10 9 R
3 10 6 10 R
3 11 9 11 R
3 12 0 29 D
3 13 0 2 R
3 14 18 2 R
3 15 10 43 L
3 16 0 0 R
3 17 20 17 U
3 18 7 18 U
3 19 0 30 D
3 20 18 1 R
3 21 19 21 U
3 22 0 39 D
3 23 8 23 U
3 24 2 24 U
3 25 20 1 R
3 26 4 26 U
3 27 12 49 L
3 28 10 48 L
3 29 0 44 L
3 30 17 30 D
3 31 16 31 D
3 32 12 32 D
3 33 2 33 D
3 34 9 9 R
3 35 6 8 R
3 36 16 36 D
3 37 16 9 R
3 38 2 38 D
3 39 9 39 D
3 40 8 40 D
3 41 8 41 D
3 42 25 38 D
3 43 7 31 D
3 44 13 44 L
3 45 2 14 U
3 46 30 46 L
3 47 2 33 D
3 48 0 12 R
3 49 1 49 L
3 50 9 50 L
3 51 7 51 L
3 52 19 41 D
3 53 6 40 D
3 54 0 20 U
4 0 12 20 U
4 1 14 18 U
4 2 10 2 R
4 3 12 37 D
4 4 0 16 U
4 5 31 31 D
4 6 8 34 D
4 7 9 7 R
4 8 17 28 D
4 9 10 9 R
4 10 15 26 U
4 11 6 11 R
4 12 5 36 D
4 13 5 44 L
4 14 6 12 R
4 15 2 6 R
4 16 1 48 L
4 17 0 44 L
4 18 0 1 R
4 19 27 5 R
4 20 0 46 L
4 21 14 21 U
4 22 11 22 U
4 23 23 4 R
4 24 16 24 U
4 25 3 25 U
4 26 9 26 U
4 27 0 6 R
4 28 6 2 R
4 29 9 29 D
4 30 13 45 L
4 31 1 31 D
4 32 2 24 U
4 33 22 18 U
4 34 5 46 L
4 35 30 45 L
4 36 5 36 D
4 37 5 37 D
4 38 9 43 L
4 39 7 39 D
4 40 5 40 D
4 41 3 41 D
4 42 0 0 R
4 43 8 15 U
4 44 0 28 D
4 45 1 45 L
4 46 3 46 L
4 47 5 47 L
4 48 0 15 U
4 49 7 33 D
4 50 21 50 L
4 51 16 33 D
4 52 2 52 L
4 53 1 53 L
4 54 1 54 L
5 0 28 47 L
5 1 15 13 U
5 2 19 32 D
5 3 3 3 R
5 4 23 19 U
5 5 2 19 U
5 6 28 17 U
5 7 18 7 R
5 8 0 37 D
5 9 18 34 D
5 10 24 32 D
5 11 17 20 U
5 12 14 38 D
5 13 21 0 R
5 14 25 14 U
5 15 13 4 R
5 16 2 16 U
5 17 2 17 U
5 18 2 18 U
5 19 8 19 U
5 20 25 50 L
5 21 0 51 L
5 22 4 22 U
5 23 0 47 L
5 24 0 11 R
5 25 8 25 U
5 26 9 26 U
5 27 23 27 D
5 28 4 28 D
5 29 0 9 R
5 30 0 21 U
5 31 16 31 D
5 32 1 50 L
5 33 14 1 R
5 34 21 51 L
5 35 0 25 U
5 36 7 42 L
5 37 9 37 D
5 38 33 38 D
5 39 16 39 D
5 40 16 40 D
5 41 2 41 D
5 42 13 27 D
5 43 11 30 D
5 44 19 13 U
5 45 0 2 R
5 46 30 17 U
5 47 9 14 U
5 48 2 16 U
5 49 3 26 U
5 50 20 33 D
5 51 28 13 U
5 52 15 34 D
5 53 3 24 U
5 54 10 54 L
6 0 30 19 U
6 1 0 41 D
6 2 22 21 U
6 3 4 3 R
6 4 18 4 R
6 5 11 5 R
6 6 20 6 R
6 7 20 25 U
6 8 2 8 R
6 9 19 36 D
6 10 5 10 R
6 11 1 11 R
6 12 10 12 R
6 13 8 7 R
6 14 3 6 R
6 15 20 2 R
6 16 5 16 U
6 17 31 17 U
6 18 0 5 R
6 19 0 12 R
6 20 0 7 R
6 21 11 3 R
6 22 1 22 U
6 23 19 23 U
6 24 7 3 R
6 25 8 48 L
6 26 21 26 U
6 27 25 53 L
6 28 0 2 R
6 29 0 15 U
6 30 9 30 D
6 31 1 31 D
6 32 12 3 R
6 33 16 8 R
6 34 2 5 R
6 35 20 35 D
6 36 33 36 D
6 37 5 37 D
6 38 4 38 D
6 39 10 53 L
6 40 4 46 L
6 41 2 41 D
6 42 25 31 D
6 43 21 29 D
6 44 21 27 D
6 45 12 45 L
6 46 0 24 U
6 47 11 47 L
6 48 2 38 D
6 49 0 20 U
6 50 11 50 L
6 51 1 51 L
6 52 2 52 L
6 53 16 38 D
6 54 18 54 L
7 0 0 27 D
7 1 4 17 U
7 2 5 17 U
7 3 1 46 L
7 4 21 22 U
7 5 1 5 R
7 6 6 6 R
7 7 1 7 R
7 8 2 8 R
7 9 0 51 L
7 10 22 10 R
7 11 0 54 L
7 12 14 39 D
7 13 21 12 R
7 14 22 6 R
7 15 6 27 D
7 16 2 5 R
7 17 8 49 L
7 18 3 18 U
7 19 1 19 U
7 20 8 20 U
7 21 0 8 R
7 22 24 11 R
7 23 19 23 U
7 24 1 24 U
7 25 8 25 U
7 26 5 54 L
7 27 14 45 L
7 28 0 42 L
7 29 3 51 L
7 30 8 30 D
7 31 5 0 R
7 32 1 32 D
7 33 29 33 D
7 34 3 10 R
7 35 5 50 L
7 36 9 11 R
7 37 3 37 D
7 38 2 38 D
7 39 5 39 D
7 40 4 40 D
7 41 14 12 R
7 42 0 16 U
7 43 0 26 U
7 44 15 29 D
7 45 1 45 L
7 46 27 5 R
7 47 5 36 D
7 48 29 48 L
7 49 14 37 D
7 50 11 22 U
7 51 15 18 U
7 52 18 17 U
7 53 3 53 L
7 54 30 18 U
8 0 17 35 D
8 1 21 27 D
8 2 1 30 D
8 3 15 36 D
8 4 21 29 D
8 5 1 29 D
8 6 1 6 R
8 7 23 33 D
8 8 0 17 U
8 9 4 23 U
8 10 6 10 R
8 11 25 33 D
8 12 7 25 U
8 13 7 42 L
8 14 9 45 L
8 15 25 1 R
8 16 3 16 U
8 17 1 17 U
8 18 12 48 L
8 19 1 7 R
8 20 0 29 D
8 21 13 21 U
8 22 13 22 U
8 23 2 23 U
8 24 7 24 U
8 25 13 25 U
8 26 7 26 U
8 27 2 45 L
8 28 2 28 D
8 29 5 48 L
8 30 22 53 L
8 31 5 31 D
8 32 25 7 R
8 33 5 33 D
8 34 2 34 D
8 35 6 35 D
8 36 9 36 D
8 37 9 37 D
8 38 4 38 D
8 39 19 49 L
8 40 10 40 D
8 41 17 50 L
8 42 16 35 D
8 43 12 21 U
8 44 2 18 U
8 45 9 45 L
8 46 2 27 D
8 47 2 20 U
8 48 6 0 R
8 49 10 34 D
8 50 0 34 D
8 51 22 51 L
8 52 0 34 D
8 53 1 53 L
8 54 18 34 D
9 0 18 24 U
9 1 23 16 U
9 2 19 31 D
9 3 12 15 U
9 4 0 45 L
9 5 31 26 U
9 6 6 22 U
9 7 0 50 L
9 8 8 14 U
9 9 0 43 L
9 10 23 38 D
9 11 26 21 U
9 12 3 39 D
9 13 23 43 L
9 14 4 52 L
9 15 3 15 U
9 16 12 16 U
9 17 7 17 U
9 18 5 18 U
9 19 2 19 U
9 20 0 28 D
9 21 16 21 U
9 22 33 54 L
9 23 2 23 U
9 24 11 5 R
9 25 5 25 U
9 26 16 26 U
9 27 28 42 L
9 28 12 3 R
9 29 14 29 D
9 30 21 47 L
9 31 29 31 D
9 32 5 46 L
9 33 4 47 L
9 34 26 53 L
9 35 0 50 L
9 36 3 36 D
9 37 15 37 D
9 38 27 38 D
9 39 5 39 D
9 40 3 40 D
9 41 7 41 D
9 42 25 13 U
9 43 16 40 D
9 44 29 44 L
9 45 2 33 D
9 46 25 46 L
9 47 11 47 L
9 48 7 22 U
9 49 11 17 U
9 50 7 17 U
9 51 13 24 U
9 52 14 23 U
9 53 4 53 L
9 54 7 10 R
10 0 0 43 L
10 1 2 31 D
10 2 6 25 U
10 3 11 3 R
10 4 17 16 U
10 5 14 41 D
10 6 16 6 R
10 7 8 7 R
10 8 11 27 D
10 9 3 9 R
10 10 8 10 R
10 11 0 53 L
10 12 17 12 R
10 13 16 8 R
10 14 19 10 R
10 15 9 5 R
10 16 1 16 U
10 17 2 17 U
10 18 14 1 R
10 19 0 54 L
10 20 13 4 R
10 21 0 9 R
10 22 25 3 R
10 23 6 8 R
10 24 20 9 R
10 25 5 11 R
10 26 18 26 U
10 27 24 3 R
10 28 30 28 D
10 29 1 4 R
10 30 8 10 R
10 31 28 5 R
10 32 25 1 R
10 33 2 12 R
10 34 2 12 R
10 35 1 4 R
10 36 26 6 R
10 37 2 37 D
10 38 0 4 R
10 39 0 13 U
10 40 23 2 R
10 41 9 41 D
10 42 13 19 U
10 43 22 43 L
10 44 12 15 U
10 45 12 1 R
10 46 11 29 D
10 47 28 34 D
10 48 12 14 U
10 49 18 22 U
10 50 25 50 L
10 51 17 22 U
10 52 7 52 L
10 53 20 21 U
10 54 15 54 L
11 0 18 16 U
11 1 0 42 L
11 2 25 18 U
11 3 17 3 R
11 4 24 15 U
11 5 22 18 U
11 6 3 6 R
11 7 17 7 R
11 8 8 26 U
11 9 3 9 R
11 10 5 15 U
11 11 2 20 U
11 12 10 12 R
11 13 5 43 L
11 14 28 44 L
11 15 5 6 R
11 16 3 0 R
11 17 23 5 R
11 18 12 2 R
11 19 18 11 R
11 20 3 49 L
11 21 16 52 L
11 22 10 22 U
11 23 8 23 U
11 24 1 24 U
11 25 1 11 R
11 26 13 26 U
11 27 5 1 R
11 28 14 6 R
11 29 22 4 R
11 30 14 44 L
11 31 15 3 R
11 32 8 32 D
11 33 14 33 D
11 34 1 7 R
11 35 9 35 D
11 36 18 50 L
11 37 4 37 D
11 38 2 38 D
11 39 4 44 L
11 40 7 40 D
11 41 5 41 D
11 42 21 32 D
11 43 26 13 U
11 44 1 44 L
11 45 21 14 U
11 46 0 29 D
11 47 2 23 U
11 48 1 15 U
11 49 3 49 L
11 50 8 18 U
11 51 6 51 L
11 52 6 14 U
11 53 13 41 D
11 54 23 3 R
12 0 1 26 U
12 1 14 1 R
12 2 1 2 R
12 3 11 18 U
12 4 26 25 U
12 5 0 22 U
12 6 16 6 R
12 7 13 34 D
12 8 18 34 D
12 9 4 9 R
12 10 18 39 D
12 11 2 11 R
12 12 29 26 U
12 13 23 27 D
12 14 23 42 L
12 15 0 45 L
12 16 20 6 R
12 17 14 3 R
12 18 3 18 U
12 19 23 8 R
12 20 2 20 U
12 21 2 12 R
12 22 0 49 L
12 23 14 46 L
12 24 2 24 U
12 25 9 25 U
12 26 2 26 U
12 27 0 45 L
12 28 27 44 L
12 29 0 7 R
12 30 4 1 R
12 31 24 31 D
12 32 2 32 D
12 33 4 33 D
12 34 0 51 L
12 35 2 35 D
12 36 8 36 D
12 37 1 37 D
12 38 6 38 D
12 40 2 40 D
12 41 11 41 D
12 42 26 30 D
12 43 26 32 D
12 44 0 17 U
12 45 2 45 L
12 46 1 14 U
12 47 6 47 L
12 48 32 13 U
12 49 19 36 D
12 50 3 50 L
12 51 10 37 D
12 52 24 52 L
12 53 8 53 L
12 54 0 16 U
13 0 9 13 U
13 1 3 27 D
13 2 11 44 L
13 3 4 3 R
13 4 6 30 D
13 5 9 27 D
13 6 17 32 D
13 7 14 31 D
13 8 14 29 D
13 9 2 9 R
13 10 30 27 D
13 11 11 11 R
13 12 10 12 R
13 13 20 32 D
13 14 16 9 R
13 15 6 4 R
13 16 26 16 U
13 17 0 33 D
13 18 18 47 L
13 19 18 19 U
13 20 2 20 U
13 21 10 6 R
13 22 7 36 D
13 23 20 23 U
13 24 20 0 R
13 25 1 25 U
13 26 1 9 R
13 27 0 18 U
13 28 8 28 D
13 29 1 44 L
13 30 9 30 D
13 31 4 31 D
13 32 16 2 R
13 33 3 49 L
13 34 26 34 D
13 35 2 35 D
13 36 0 24 U
13 37 29 5 R
13 38 4 38 D
13 39 11 39 D
13 40 23 40 D
13 41 11 41 D
13 42 15 31 D
13 43 23 14 U
13 44 20 38 D
13 45 0 30 D
13 46 15 35 D
13 47 0 27 D
13 48 1 19 U
13 49 15 13 U
13 50 1 50 L
13 51 0 5 R
13 52 5 16 U
13 53 11 17 U
13 54 12 39 D
14 0 0 32 D
14 1 19 38 D
14 2 7 13 U
14 3 23 38 D
14 4 0 18 U
14 5 26 5 R
14 6 3 30 D
14 7 2 37 D
14 8 21 8 R
14 9 6 24 U
14 10 17 10 R
14 11 16 37 D
14 12 2 12 R
14 13 28 49 L
14 14 9 6 R
14 15 17 44 L
14 16 21 16 U
14 17 8 48 L
14 18 0 45 L
14 19 18 44 L
14 20 24 46 L
14 21 15 54 L
14 22 0 0 R
14 23 13 31 D
14 24 11 51 L
14 25 2 12 R
14 26 20 8 R
14 27 4 48 L
14 28 20 52 L
14 29 28 43 L
14 30 3 30 D
14 31 3 54 L
14 32 0 45 L
14 33 16 3 R
14 34 1 34 D
14 35 6 24 U
14 36 23 36 D
14 37 26 6 R
14 38 6 45 L
14 39 17 39 D
14 40 11 46 L
14 41 16 44 L
14 42 12 42 L
14 43 11 43 L
14 44 0 31 D
14 45 2 16 U
14 46 13 32 D
14 47 5 15 U
14 48 22 16 U
14 49 6 21 U
14 50 10 21 U
14 51 6 21 U
14 52 13 10 R
14 53 3 22 U
14 54 3 8 R
15 0 2 18 U
15 1 18 14 U
15 2 9 28 D
15 3 2 3 R
15 4 21 20 U
15 5 1 5 R
15 6 21 29 D
15 7 2 7 R
15 8 1 8 R
15 9 1 9 R
15 10 1 10 R
15 11 4 11 R
15 12 29 12 R
15 13 13 51 L
15 14 17 0 R
15 15 2 1 R
15 16 20 12 R
15 17 12 43 L
15 18 19 8 R
15 19 8 0 R
15 20 1 20 U
15 21 32 1 R
15 22 4 42 L
15 23 28 54 L
15 24 19 45 L
15 25 0 38 D
15 26 31 5 R
15 27 3 42 L
15 28 21 5 R
15 29 2 48 L
15 30 4 30 D
15 31 0 19 U
15 32 11 6 R
15 33 6 43 L
15 34 1 34 D
15 35 2 35 D
15 36 3 36 D
15 37 10 1 R
15 38 36 54 L
15 39 23 52 L
15 40 27 42 L
15 41 10 41 D
15 42 3 13 U
15 43 29 16 U
15 44 13 13 U
15 45 3 45 L
15 46 13 16 U
15 47 1 15 U
15 48 22 17 U
15 49 29 3 R
15 50 0 38 D
15 51 0 31 D
15 52 14 35 D
15 53 12 32 D
15 54 4 54 L
16 0 23 17 U
16 1 5 39 D
16 2 5 14 U
16 3 29 15 U
16 4 3 4 R
16 5 11 15 U
16 6 20 19 U
16 7 19 13 U
16 8 23 24 U
16 9 21 21 U
16 10 5 33 D
16 11 8 11 R
16 12 22 35 D
16 13 2 5 R
16 14 10 3 R
16 15 1 15 U
16 16 5 16 U
16 17 13 17 U
16 18 0 11 R
16 19 4 19 U
16 20 30 52 L
16 21 1 10 R
16 22 9 22 U
16 23 22 23 U
16 24 2 52 L
16 25 0 51 L
16 26 3 26 U
16 27 6 54 L
16 28 2 5 R
16 29 6 29 D
16 30 6 30 D
16 31 22 31 D
16 32 23 51 L
16 33 17 50 L
16 34 7 34 D
16 35 1 35 D
16 36 9 36 D
16 37 7 37 D
16 38 6 11 R
16 39 17 46 L
16 40 9 49 L
16 41 21 51 L
16 42 6 16 U
16 43 3 14 U
16 44 13 21 U
16 45 21 31 D
16 46 0 40 D
16 47 27 17 U
16 48 1 18 U
16 49 19 32 D
16 50 2 50 L
16 51 0 23 U
16 52 15 52 L
16 53 9 53 L
16 54 1 54 L
17 0 0 38 D
17 1 4 20 U
17 2 9 31 D
17 3 23 32 D
17 4 2 22 U
17 5 16 22 U
17 6 7 6 R
17 7 24 22 U
17 8 24 8 R
17 9 16 19 U
17 10 2 19 U
17 11 28 11 R
17 12 5 24 U
17 13 18 7 R
17 14 9 46 L
17 15 3 15 U
17 16 22 2 R
17 17 23 49 L
17 18 28 43 L
17 19 18 9 R
17 20 9 20 U
17 21 3 21 U
17 22 10 22 U
17 23 13 48 L
17 24 2 24 U
17 25 19 3 R
17 26 2 26 U
17 27 2 47 L
17 28 11 28 D
17 29 6 29 D
17 30 5 30 D
17 31 30 8 R
17 32 4 32 D
17 33 9 46 L
17 34 28 48 L
17 35 4 47 L
17 36 11 46 L
17 37 8 37 D
17 38 0 9 R
17 39 12 12 R
17 40 0 12 R
17 41 2 54 L
17 42 19 29 D
17 43 15 32 D
17 44 18 14 U
17 45 3 29 D
17 46 2 46 L
17 47 7 15 U
17 48 2 48 L
17 49 15 35 D
17 50 10 35 D
17 51 14 51 L
17 52 22 52 L
17 53 16 53 L
17 54 12 20 U
18 0 9 20 U
18 1 26 25 U
18 2 22 2 R
18 3 10 3 R
18 4 15 34 D
18 5 26 25 U
18 6 14 28 D
18 7 9 18 U
18 8 32 35 D
18 9 1 9 R
18 10 4 10 R
18 11 2 11 R
18 12 2 12 R
18 13 29 46 L
18 14 14 28 D
18 15 17 15 U
18 16 13 1 R
18 17 9 17 U
18 18 14 52 L
18 19 23 47 L
18 20 5 20 U
18 21 6 9 R
18 22 19 4 R
18 23 26 53 L
18 24 14 24 U
18 25 8 25 U
18 26 5 7 R
18 27 27 0 R
18 28 27 42 L
18 29 3 47 L
18 30 1 51 L
18 31 25 1 R
18 32 19 45 L
18 33 2 51 L
18 34 0 21 U
18 35 4 26 U
18 36 8 43 L
18 37 21 43 L
18 38 25 49 L
18 39 5 39 D
18 40 2 0 R
18 41 5 45 L
18 42 2 15 U
18 43 3 27 D
18 44 20 31 D
18 45 11 20 U
18 46 30 28 D
18 47 0 13 U
18 48 15 48 L
18 49 14 49 L
18 50 16 50 L
18 51 17 36 D
18 52 0 8 R
18 53 2 37 D
18 54 0 10 R
19 0 1 33 D
19 1 23 47 L
19 2 10 37 D
19 3 18 3 R
19 4 14 22 U
19 5 22 5 R
19 6 5 36 D
19 7 28 23 U
19 8 2 8 R
19 9 2 17 U
19 10 25 45 L
19 11 4 11 R
19 12 0 53 L
19 13 5 0 R
19 14 2 14 U
19 15 29 38 D
19 16 2 1 R
19 17 7 47 L
19 18 8 39 D
19 19 17 51 L
19 20 12 8 R
19 21 12 2 R
19 22 12 10 R
19 23 3 23 U
19 24 2 24 U
19 25 3 25 U
19 26 22 6 R
19 27 26 0 R
19 28 1 28 D
19 29 10 2 R
19 30 27 42 L
19 31 7 31 D
19 32 2 32 D
19 33 0 47 L
19 34 30 34 D
19 35 4 35 D
19 36 5 36 D
19 37 20 24 U
19 38 3 38 D
19 40 18 52 L
19 41 28 48 L
19 42 0 39 D
19 43 0 14 U
19 44 7 30 D
19 45 5 37 D
19 46 29 14 U
19 47 0 28 D
19 48 28 30 D
19 49 10 14 U
19 50 23 29 D
19 51 6 51 L
19 52 32 35 D
19 53 13 24 U
19 54 5 22 U
20 0 0 35 D
20 1 0 33 D
20 2 27 29 D
20 3 27 20 U
20 4 22 31 D
20 5 0 52 L
20 6 0 27 D
20 7 12 7 R
20 8 6 8 R
20 9 11 29 D
20 10 3 10 R
20 11 3 11 R
20 12 9 17 U
20 13 10 45 L
20 14 8 32 D
20 15 11 46 L
20 16 2 2 R
20 17 3 53 L
20 18 16 6 R
20 19 24 45 L
20 20 7 20 U
20 21 0 52 L
20 22 5 22 U
20 23 24 23 U
20 24 5 24 U
20 25 9 3 R
20 26 13 10 R
20 27 30 49 L
20 28 22 13 U
20 29 17 29 D
20 30 1 42 L
20 31 1 10 R
20 32 2 32 D
20 33 3 33 D
20 34 13 10 R
20 35 17 47 L
20 36 21 54 L
20 37 5 49 L
20 38 16 52 L
20 39 4 54 L
20 41 19 5 R
20 42 19 37 D
20 43 15 28 D
20 44 10 28 D
20 45 23 39 D
20 46 27 31 D
20 47 28 47 L
20 48 26 21 U
20 49 1 49 L
20 50 11 27 D
20 51 22 14 U
20 52 0 10 R
20 53 6 53 L
20 54 3 54 L
21 0 9 42 L
21 1 0 14 U
21 2 2 28 D
21 3 4 28 D
21 4 22 27 D
21 5 7 13 U
21 6 25 23 U
21 7 29 24 U
21 8 7 34 D
21 9 8 9 R
21 10 5 10 R
21 11 27 18 U
21 12 15 12 R
21 13 14 1 R
21 14 0 42 L
21 15 18 47 L
21 16 25 45 L
21 17 3 17 U
21 18 17 18 U
21 19 18 32 D
21 20 1 20 U
21 21 1 21 U
21 22 7 3 R
21 23 32 49 L
21 24 2 24 U
21 25 1 25 U
21 26 31 51 L
21 27 16 13 U
21 28 12 28 D
21 29 12 29 D
21 30 8 43 L
21 31 13 46 L
21 32 6 45 L
21 33 7 52 L
21 34 9 7 R
21 35 7 35 D
21 36 11 51 L
21 37 5 37 D
21 38 18 38 D
21 41 1 41 D
21 42 3 27 D
21 43 3 43 L
21 44 13 44 L
21 45 10 27 D
21 46 1 46 L
21 47 18 47 L
21 48 7 27 D
21 49 0 23 U
21 50 2 50 L
21 51 25 8 R
21 52 20 20 U
21 53 8 53 L
21 54 6 54 L
22 0 15 40 D
22 1 20 1 R
22 2 26 15 U
22 3 19 17 U
22 4 7 15 U
22 5 4 5 R
22 6 26 6 R
22 7 11 7 R
22 8 8 8 R
22 9 5 9 R
22 10 17 10 R
22 11 5 11 R
22 13 8 42 L
22 14 10 44 L
22 15 8 42 L
22 16 27 16 U
22 17 20 45 L
22 18 33 51 L
22 19 2 0 R
22 20 24 31 D
22 21 3 53 L
22 22 2 22 U
22 23 14 23 U
22 24 6 36 D
22 25 24 53 L
22 26 10 26 U
22 27 32 4 R
22 28 0 43 L
22 29 3 4 R
22 30 31 10 R
22 31 20 49 L
22 32 25 5 R
22 33 7 48 L
22 34 24 34 D
22 35 2 35 D
22 36 18 8 R
22 37 5 37 D
22 38 2 38 D
22 41 19 41 D
22 42 3 31 D
22 43 2 17 U
22 44 17 28 D
22 45 24 45 L
22 46 1 46 L
22 47 7 18 U
22 48 6 48 L
22 49 19 49 L
22 50 20 17 U
22 51 6 51 L
22 52 5 20 U
22 53 2 53 L
22 54 29 23 U
23 0 7 28 D
23 1 0 28 D
23 2 6 29 D
23 3 22 27 D
23 4 21 49 L
23 5 25 14 U
23 6 25 36 D
23 7 2 7 R
23 8 19 34 D
23 9 32 18 U
23 10 0 23 U
23 11 1 11 R
23 12 11 34 D
23 13 11 43 L
23 14 20 1 R
23 15 0 47 L
23 16 10 16 U
23 17 26 44 L
23 18 26 45 L
23 19 4 49 L
23 20 1 1 R
23 21 14 21 U
23 22 24 22 U
23 23 3 23 U
23 24 27 50 L
23 25 0 1 R
23 26 7 26 U
23 27 16 42 L
23 28 9 28 D
23 29 22 6 R
23 30 9 46 L
23 31 2 0 R
23 32 24 42 L
23 33 33 42 L
23 34 1 34 D
23 35 0 43 L
23 36 31 21 U
23 37 11 51 L
23 38 15 3 R
23 39 33 47 L
23 42 1 13 U
23 43 28 35 D
23 44 26 30 D
23 45 11 13 U
23 46 17 39 D
23 47 22 32 D
23 48 21 13 U
23 49 10 26 U
23 51 27 28 D
23 52 13 52 L
23 53 34 16 U
23 54 27 37 D
24 0 7 16 U
24 1 28 22 U
24 3 2 15 U
24 4 18 4 R
24 5 0 31 D
24 6 0 26 U
24 7 16 38 D
24 8 20 8 R
24 9 2 9 R
24 10 6 19 U
24 11 29 11 R
24 14 14 52 L
24 15 4 0 R
24 16 21 48 L
24 17 0 30 D
24 18 5 18 U
24 19 30 19 U
24 20 4 20 U
24 21 22 7 R
24 22 27 22 U
24 23 0 7 R
24 24 25 54 L
24 25 10 25 U
24 26 5 46 L
24 27 27 9 R
24 28 19 47 L
24 29 19 3 R
24 30 31 4 R
24 31 16 44 L
24 32 18 45 L
24 33 20 54 L
24 34 13 34 D
24 35 8 35 D
24 36 25 52 L
24 37 31 47 L
24 38 21 2 R
24 39 31 50 L
24 42 10 14 U
24 43 10 38 D
24 44 10 44 L
24 45 2 45 L
24 46 23 21 U
24 47 16 39 D
24 48 1 48 L
24 49 31 49 L
24 51 9 4 R
24 52 17 52 L
24 53 19 28 D
24 54 22 54 L
25 0 2 41 D
25 1 9 33 D
25 2 3 29 D
25 3 11 29 D
25 5 0 13 U
25 6 22 44 L
25 7 8 7 R
25 8 11 21 U
25 9 28 13 U
25 10 8 24 U
25 11 23 37 D
25 12 4 21 U
25 14 0 43 L
25 15 21 9 R
25 16 1 16 U
25 17 13 17 U
25 18 8 41 D
25 19 10 6 R
25 20 3 1 R
25 21 32 48 L
25 22 9 22 U
25 23 23 54 L
25 24 24 46 L
25 25 23 11 R
25 26 15 12 R
25 27 30 52 L
25 28 5 43 L
25 29 21 52 L
25 30 2 2 R
25 31 28 42 L
25 32 5 32 D
25 33 4 33 D
25 34 21 7 R
25 35 5 35 D
25 37 23 15 U
25 38 9 38 D
25 42 9 16 U
25 43 8 30 D
25 44 19 41 D
25 45 0 11 R
25 46 2 46 L
25 47 3 47 L
25 48 21 19 U
25 49 26 32 D
25 50 24 36 D
25 51 16 6 R
25 52 6 27 D
25 53 7 53 L
25 54 15 36 D
26 0 30 0 R
26 1 23 29 D
26 2 9 15 U
26 3 0 44 L
26 5 17 5 R
26 6 32 38 D
26 7 18 40 D
26 8 11 25 U
26 9 22 29 D
26 10 28 37 D
26 11 32 17 U
26 12 17 14 U
26 13 6 2 R
26 14 28 1 R
26 15 35 49 L
26 16 11 7 R
26 17 5 6 R
26 18 6 3 R
26 19 2 19 U
26 20 28 20 U
26 21 13 50 L
26 22 4 22 U
26 23 4 23 U
26 24 14 24 U
26 25 12 0 R
26 26 10 26 U
26 27 9 27 D
26 28 15 43 L
26 29 24 0 R
26 30 33 0 R
26 31 6 1 R
26 32 19 32 D
26 33 31 5 R
26 34 5 1 R
26 35 0 18 U
26 37 22 10 R
26 38 2 38 D
26 39 18 11 R
26 42 0 25 U
26 43 10 43 L
26 44 9 1 R
26 45 3 45 L
26 46 27 46 L
26 47 25 20 U
26 48 18 9 R
26 49 2 49 L
26 50 10 50 L
26 51 24 51 L
26 52 15 52 L
26 53 5 53 L
26 54 17 54 L
27 0 23 13 U
27 3 10 16 U
27 5 3 5 R
27 6 24 18 U
27 7 7 7 R
27 8 2 40 D
27 9 23 37 D
27 10 18 21 U
27 11 15 25 U
27 14 1 43 L
27 15 6 37 D
27 16 3 3 R
27 17 26 31 D
27 18 1 48 L
27 19 0 10 R
27 20 31 35 D
27 21 22 21 U
27 22 0 40 D
27 23 26 29 D
27 24 13 24 U
27 25 18 25 U
27 26 30 26 U
27 27 15 43 L
27 28 12 46 L
27 29 19 1 R
27 30 20 3 R
27 31 14 6 R
27 32 2 32 D
27 33 13 44 L
27 34 20 53 L
27 35 13 35 D
27 36 3 36 D
27 37 3 37 D
27 38 2 46 L
27 39 1 39 D
27 42 5 13 U
27 43 24 23 U
27 45 2 30 D
27 46 9 22 U
27 47 12 29 D
27 48 1 48 L
27 49 0 19 U
27 52 0 36 D
27 53 9 24 U
27 54 17 2 R
28 0 18 22 U
28 1 22 28 D
28 2 29 34 D
28 3 7 21 U
28 5 22 34 D
28 6 25 27 D
28 7 11 7 R
28 8 30 20 U
28 9 26 9 R
28 10 13 20 U
28 11 9 27 D
28 12 14 27 D
28 14 31 53 L
28 15 0 50 L
28 16 20 50 L
28 17 2 17 U
28 18 2 3 R
28 19 16 19 U
28 20 15 20 U
28 22 6 53 L
28 23 7 23 U
28 24 24 2 R
28 25 26 25 U
28 26 29 0 R
28 27 0 49 L
28 28 3 11 R
28 29 15 1 R
28 30 8 30 D
28 31 16 43 L
28 32 1 16 U
28 33 25 5 R
28 34 7 11 R
28 35 35 48 L
28 36 2 36 D
28 37 18 48 L
28 38 31 38 D
28 42 3 28 D
28 43 10 13 U
28 45 6 25 U
28 46 0 6 R
28 47 16 17 U
28 48 1 48 L
28 49 19 19 U
28 50 4 18 U
28 52 17 52 L
28 53 25 27 D
29 0 24 37 D
29 1 0 30 D
29 3 24 46 L
29 5 8 5 R
29 6 2 28 D
29 7 15 27 D
29 9 23 43 L
29 10 2 10 R
29 11 13 41 D
29 14 7 14 U
29 15 1 1 R
29 16 20 2 R
29 17 22 11 R
29 18 21 18 U
29 19 3 19 U
29 20 0 50 L
29 22 22 49 L
29 24 14 37 D
29 25 3 52 L
29 26 18 26 U
29 27 8 44 L
29 28 23 2 R
29 29 16 8 R
29 30 26 50 L
29 31 24 45 L
29 32 20 11 R
29 33 20 45 L
29 34 0 11 R
29 35 22 11 R
29 36 0 15 U
29 37 2 2 R
29 38 21 50 L
29 42 19 27 D
29 43 14 43 L
29 45 22 13 U
29 46 16 8 R
29 47 18 23 U
29 48 9 48 L
29 49 0 4 R
29 50 4 50 L
29 51 1 17 U
29 52 26 37 D
29 53 8 53 L
29 54 4 54 L
30 0 3 0 R
30 3 24 3 R
30 5 22 28 D
30 6 27 20 U
30 7 6 7 R
30 8 2 8 R
30 9 2 9 R
30 10 17 23 U
30 11 33 13 U
30 12 25 12 R
30 15 29 48 L
30 16 17 16 U
30 17 2 50 L
30 18 4 18 U
30 20 3 20 U
30 22 21 52 L
30 24 12 4 R
30 25 9 25 U
30 26 8 26 U
30 27 7 9 R
30 28 8 2 R
30 29 14 29 D
30 30 6 4 R
30 31 17 16 U
30 32 11 4 R
30 33 9 33 D
30 34 12 49 L
30 35 4 35 D
30 37 10 37 D
30 38 8 38 D
30 42 34 28 D
30 43 1 17 U
30 44 6 2 R
30 45 23 45 L
30 46 6 46 L
30 47 23 9 R
30 48 10 39 D
30 49 0 5 R
30 52 1 52 L
30 53 10 53 L
31 0 24 14 U
31 3 18 28 D
31 5 24 17 U
31 6 2 33 D
31 7 32 15 U
31 8 5 19 U
31 9 2 9 R
31 10 26 30 D
31 11 12 11 R
31 16 10 16 U
31 17 30 53 L
31 18 25 49 L
31 20 32 0 R
31 22 2 3 R
31 24 9 24 U
31 26 28 26 U
31 28 26 48 L
31 29 0 3 R
31 30 7 30 D
31 32 28 10 R
31 33 3 33 D
31 34 33 4 R
31 35 13 35 D
31 37 19 44 L
31 38 16 51 L
31 42 30 20 U
31 45 30 17 U
31 46 6 46 L
31 48 7 15 U
31 49 30 38 D
31 53 18 53 L
32 3 12 44 L
32 5 22 32 D
32 7 18 26 U
32 9 10 9 R
32 10 6 10 R
32 11 0 27 D
32 16 22 3 R
32 18 9 18 U
32 20 12 20 U
32 22 0 31 D
32 24 1 24 U
32 26 9 1 R
32 28 8 28 D
32 29 0 10 R
32 30 6 6 R
32 32 31 47 L
32 33 10 5 R
32 34 1 34 D
32 35 13 35 D
32 37 26 42 L
32 38 14 38 D
32 42 24 16 U
32 45 17 45 L
32 46 11 46 L
32 48 22 48 L
32 49 30 15 U
32 53 0 6 R
33 3 2 3 R
33 5 27 32 D
33 7 32 36 D
33 9 6 14 U
33 10 6 10 R
33 16 17 16 U
33 18 3 18 U
33 22 19 5 R
33 26 25 42 L
33 28 32 28 D
33 30 7 30 D
33 32 34 53 L
33 33 5 33 D
33 34 7 34 D
33 35 0 9 R
33 37 16 37 D
33 42 32 33 D
33 46 28 46 L
33 48 3 48 L
33 53 7 53 L
34 3 1 3 R
34 7 19 7 R
34 9 9 25 U
34 10 1 10 R
34 16 7 16 U
34 28 4 8 R
34 30 26 51 L
34 34 8 34 D
34 35 9 35 D
34 37 19 37 D
34 46 15 46 L
34 48 30 27 D
34 53 6 53 L
35 3 6 30 D
35 7 3 7 R
35 9 23 28 D
35 10 32 10 R
35 16 19 16 U
35 34 10 19 U
35 35 5 35 D
35 37 0 20 U
35 46 20 12 R
35 48 18 48 L
36 3 24 18 U
36 7 4 7 R
36 16 6 16 U
36 37 1 37 D
36 46 24 23 U
37 3 24 25 U
37 7 1 7 R
37 16 6 0 R
38 3 9 3 R

