17 13 184
14 9 15 0 0 0 0 0 0 0 0 0 12
0 8 0 6 10 0 0 4 0 14 0 1 5
0 13 3 0 0 2 4 7 0 7 0 2 0
0 3 0 0 3 4 2 0 11 0 0 0 4
0 0 14 10 0 0 13 14 0 0 0 0 16
0 0 0 0 4 10 0 0 16 0 0 0 0
0 3 4 3 11 0 0 9 5 0 0 1 0
14 0 1 0 14 0 0 0 3 0 14 0 0
13 10 0 12 0 8 7 0 9 2 0 7 0
2 0 15 0 0 14 0 0 0 2 5 0 0
0 7 0 0 0 6 16 0 0 10 0 12 0
0 1 0 11 10 0 6 0 0 0 6 5 0
1 0 5 7 0 10 0 0 14 0 0 10 13
0 0 0 0 L
0 1 0 1 L
0 2 0 2 L
0 3 0 3 R
0 4 0 4 R
0 5 0 5 R
0 6 0 6 D
0 7 0 7 D
0 8 0 8 D
0 9 0 9 D
0 10 0 10 U
0 11 0 11 U
0 12 0 12 U
1 0 0 10 U
1 1 7 8 D
1 2 6 2 L
1 3 11 0 L
1 4 0 6 D
1 5 11 0 L
1 6 0 3 R
1 7 0 10 U
1 8 0 3 R
1 10 0 3 R
1 11 0 6 D
1 12 9 4 R
2 0 6 6 D
2 1 10 6 D
2 2 1 2 L
2 3 0 7 D
2 4 16 6 D
2 5 1 5 R
2 6 0 0 L
2 7 3 7 D
2 8 3 8 D
2 10 3 1 L
2 11 0 1 L
2 12 1 12 U
3 0 4 11 U
3 1 5 4 R
3 2 1 10 U
3 3 9 7 D
3 4 13 0 L
3 5 8 8 D
3 6 4 4 R
3 7 2 3 R
3 8 6 5 R
3 9 9 0 L
3 10 13 3 R
3 11 4 11 U
3 12 8 12 U
4 0 0 11 U
4 1 13 1 L
4 2 3 10 U
4 3 3 1 L
4 4 0 1 L
4 5 13 1 L
4 6 1 6 D
4 7 5 11 U
4 8 2 8 D
4 9 9 9 D
4 10 6 5 R
4 11 0 8 D
4 12 8 12 U
5 0 2 7 D
5 1 10 9 D
5 2 12 10 U
5 3 0 11 U
5 4 0 8 D
5 5 9 5 R
5 6 3 3 R
5 7 4 11 U
5 8 0 11 U
5 10 6 10 U
5 11 0 0 L
5 12 0 2 L
6 0 8 8 D
6 1 0 6 D
6 2 0 12 U
6 3 9 12 U
6 4 0 12 U
6 5 5 7 D
6 6 12 3 R
6 7 0 4 R
6 8 3 0 L
6 10 12 0 L
6 11 10 3 R
6 12 0 4 R
7 0 11 12 U
7 1 2 6 D
7 2 8 8 D
7 3 9 3 R
7 4 11 10 U
7 5 0 6 D
7 6 10 6 D
7 7 15 7 D
7 8 0 5 R
7 10 10 3 R
7 11 11 4 R
7 12 1 3 R
8 0 7 0 L
8 1 2 4 R
8 2 1 2 L
8 3 2 3 R
8 4 0 10 U
8 5 3 5 R
8 6 12 1 L
8 7 4 7 D
8 8 4 4 R
8 10 0 5 R
8 11 4 11 U
8 12 10 5 R
9 0 6 7 D
9 1 7 7 D
9 2 5 2 L
9 3 2 3 R
9 4 5 4 R
9 5 5 10 U
9 6 0 4 R
9 7 10 0 L
9 8 7 0 L
9 10 1 6 D
9 11 6 2 L
9 12 5 5 R
10 0 3 10 U
10 1 7 1 L
10 2 0 7 D
10 3 0 2 L
10 4 14 4 R
10 5 13 5 R
10 6 2 5 R
10 7 0 12 U
10 8 4 8 D
10 10 6 3 R
10 11 5 3 R
10 12 2 12 U
11 0 10 6 D
11 2 8 3 R
11 3 3 3 R
11 4 8 7 D
11 5 0 2 L
11 6 6 10 U
11 7 0 1 L
11 8 7 5 R
11 10 2 0 L
11 11 14 11 U
11 12 4 12 U
12 0 7 0 L
12 2 10 12 U
12 3 4 1 L
12 4 0 7 D
12 5 3 5 R
12 6 5 1 L
12 7 5 7 D
12 8 3 8 D
12 9 11 9 D
12 10 5 10 U
12 11 10 11 U
12 12 13 6 D
13 0 6 4 R
13 1 0 12 U
13 2 9 2 L
13 3 4 0 L
13 4 11 8 D
13 5 0 0 L
13 6 1 0 L
13 7 7 4 R
13 8 5 10 U
13 10 11 3 R
13 11 2 6 D
13 12 0 3 R
14 0 8 0 L
14 2 12 11 U
14 3 12 2 L
14 4 7 11 U
14 6 12 2 L
14 7 10 5 R
14 10 2 1 L
14 11 9 7 D
15 3 10 12 U
15 6 1 3 R
15 10 6 8 D
16 3 2 8 D
16 6 3 6 D
16 10 13 5 R

