21 23 396
12 3 15 0 3 0 0 0 7 0 0 8
15 0 18 0 10 0 0 0 0 0 0 5
3 0 0 1 0 0 0 0 1 0 0 16
17 0 0 7 7 0 0 0 12 7 0 13
19 8 4 4 15 0 0 4 19 16 9 2
18 16 13 0 5 11 4 0 0 0 4 0
0 0 0 0 0 12 15 19 0 0 0 13
0 0 0 0 17 0 18 0 0 17 0 13
0 17 0 0 16 11 0 0 10 0 6 0
15 0 6 10 0 17 18 0 0 4 0 20
0 0 0 16 0 9 10 0 17 0 0 5
12 0 5 19 0 0 0 16 0 17 0 8
0 0 0 0 L
0 1 0 1 L
0 2 0 2 L
0 3 0 3 L
0 4 0 4 L
0 5 0 5 L
0 6 0 6 R
0 7 0 7 R
0 8 0 8 R
0 9 0 9 R
0 10 0 10 R
0 11 0 11 R
0 12 0 12 D
0 13 0 13 D
0 14 0 14 D
0 15 0 15 D
0 16 0 16 D
0 17 0 17 D
0 18 0 18 U
0 19 0 19 U
0 20 0 20 U
0 21 0 21 U
0 22 0 22 U
1 0 11 19 U
1 1 9 19 U
1 2 14 20 U
1 3 2 12 D
1 4 2 4 L
1 5 2 5 L
1 6 0 12 D
1 7 15 13 D
1 8 5 8 R
1 9 2 9 R
1 10 2 10 R
1 11 0 15 D
1 12 0 6 R
1 13 0 8 R
1 14 13 11 R
1 15 0 1 L
1 16 6 8 R
1 18 0 0 L
1 19 13 1 L
1 20 5 20 U
1 21 16 9 R
1 22 16 5 L
2 0 3 21 U
2 1 3 18 U
2 2 4 2 L
2 3 1 3 L
2 4 3 4 L
2 5 8 5 L
2 6 1 2 L
2 7 1 7 R
2 8 0 20 U
2 9 6 16 D
2 10 3 10 R
2 11 3 11 R
2 12 0 0 L
2 13 6 10 R
2 14 10 19 U
2 15 5 15 D
2 16 6 16 D
2 18 7 4 L
2 19 5 0 L
2 20 0 4 L
2 21 1 5 L
2 22 3 0 L
3 0 5 21 U
3 1 10 16 D
3 2 14 13 D
3 3 4 3 L
3 4 16 4 L
3 5 0 14 D
3 6 1 6 R
3 7 13 18 U
3 8 15 14 D
3 9 1 9 R
3 10 2 14 D
3 11 2 11 R
3 12 13 11 R
3 13 13 13 D
3 14 6 14 D
3 15 11 15 D
3 16 14 16 D
3 18 10 3 L
3 19 4 1 L
3 20 4 6 R
3 21 1 3 L
3 22 4 9 R
4 0 9 12 D
4 1 1 1 L
4 2 0 13 D
4 3 14 12 D
4 4 1 4 L
4 5 14 5 L
4 6 12 5 L
4 7 6 7 R
4 8 9 14 D
4 9 2 9 R
4 10 12 10 R
4 11 2 11 R
4 12 6 8 R
4 13 0 19 U
4 14 0 9 R
4 15 12 9 R
4 16 2 6 R
4 17 0 11 R
4 18 5 2 L
4 19 14 8 R
4 20 14 0 L
4 21 14 21 U
4 22 9 11 R
5 0 13 18 U
5 1 10 15 D
5 2 2 2 L
5 3 6 16 D
5 4 3 20 U
5 5 4 5 L
5 6 10 1 L
5 7 2 12 D
5 8 2 8 R
5 9 15 9 R
5 10 1 10 R
5 11 1 11 R
5 12 1 0 L
5 13 11 13 D
5 14 10 14 D
5 15 4 21 U
5 16 14 16 D
5 18 8 11 R
5 19 8 1 L
5 20 9 20 U
5 21 0 8 R
5 22 2 22 U
6 0 7 20 U
6 1 0 19 U
6 2 4 18 U
6 3 13 20 U
6 4 4 4 L
6 5 14 15 D
6 6 1 14 D
6 7 7 7 R
6 8 18 21 U
6 9 0 14 D
6 10 0 5 L
6 11 10 3 L
6 12 15 18 U
6 13 1 10 R
6 14 2 0 L
6 15 11 2 L
6 16 17 6 R
6 17 2 17 D
6 18 2 10 R
6 19 0 7 R
6 20 14 3 L
6 21 3 10 R
6 22 5 22 U
7 0 11 0 L
7 1 9 20 U
7 2 3 2 L
7 3 8 14 D
7 4 3 4 L
7 5 5 22 U
7 6 9 0 L
7 7 5 0 L
7 8 6 2 L
7 9 11 2 L
7 10 5 10 R
7 11 5 11 R
7 12 13 12 D
7 13 5 13 D
7 14 3 10 R
7 15 10 15 D
7 16 4 16 D
7 18 0 3 L
7 19 3 8 R
7 20 6 4 L
7 21 2 21 U
7 22 2 6 R
8 0 0 18 U
8 1 7 14 D
8 2 1 2 L
8 3 6 12 D
8 4 0 17 D
8 5 12 15 D
8 6 11 15 D
8 7 9 14 D
8 8 0 0 L
8 9 12 18 U
8 10 11 10 R
8 11 14 11 R
8 12 6 3 L
8 13 4 13 D
8 14 4 7 R
8 15 16 6 R
8 16 1 1 L
8 18 11 3 L
8 19 6 19 U
8 20 0 6 R
8 21 7 8 R
8 22 1 6 R
9 0 1 18 U
9 1 17 13 D
9 2 3 2 L
9 3 12 19 U
9 4 3 18 U
9 5 6 15 D
9 6 15 4 L
9 7 14 16 D
9 8 4 8 R
9 9 10 9 R
9 10 2 10 R
9 11 15 11 R
9 12 10 9 R
9 13 7 1 L
9 14 0 8 R
9 15 0 5 L
9 16 3 7 R
9 17 10 17 D
9 18 5 10 R
9 19 4 2 L
9 20 4 1 L
9 21 3 4 L
9 22 7 3 L
10 0 6 22 U
10 1 5 15 D
10 2 6 20 U
10 3 0 16 D
10 4 14 12 D
10 5 4 5 L
10 6 8 18 U
10 7 2 7 R
10 8 4 8 R
10 9 2 1 L
10 10 0 3 L
10 11 2 11 R
10 12 1 12 D
10 13 13 7 R
10 14 16 14 D
10 15 14 22 U
10 16 9 21 U
10 18 0 1 L
10 19 13 19 U
10 20 2 14 D
10 21 7 7 R
10 22 7 22 U
11 0 0 12 D
11 2 7 14 D
11 3 5 19 U
11 4 2 8 R
11 5 18 21 U
11 6 17 6 R
11 7 6 7 R
11 8 4 8 R
11 9 14 13 D
11 10 0 19 U
11 11 4 15 D
11 12 9 2 L
11 13 1 13 D
11 14 13 3 L
11 15 7 7 R
11 16 2 16 D
11 18 10 1 L
11 19 9 6 R
11 20 17 20 U
11 21 1 8 R
11 22 12 0 L
12 0 5 0 L
12 1 11 18 U
12 2 1 22 U
12 3 8 3 L
12 4 14 20 U
12 5 16 11 R
12 6 15 6 R
12 7 3 16 D
12 8 9 20 U
12 9 1 15 D
12 10 2 13 D
12 11 11 16 D
12 12 15 7 R
12 13 11 13 D
12 14 6 22 U
12 15 2 9 R
12 16 5 16 D
12 18 13 18 U
12 19 14 10 R
12 20 2 1 L
12 21 14 10 R
12 22 8 8 R
13 0 17 19 U
13 2 6 14 D
13 3 4 22 U
13 4 4 4 L
13 5 12 5 L
13 6 3 2 L
13 7 0 18 U
13 8 9 8 R
13 9 7 0 L
13 10 8 0 L
13 12 15 6 R
13 13 4 6 R
13 14 1 6 R
13 15 3 18 U
13 16 0 22 U
13 18 1 9 R
13 19 15 11 R
13 20 6 9 R
13 21 18 5 L
13 22 2 22 U
14 0 17 0 L
14 1 3 19 U
14 2 8 2 L
14 3 7 3 L
14 4 5 22 U
14 5 9 5 L
14 6 4 12 D
14 7 11 12 D
14 8 2 13 D
14 9 3 13 D
14 10 13 10 R
14 11 2 16 D
14 12 0 7 R
14 13 5 7 R
14 14 8 2 L
14 15 5 19 U
14 16 10 16 D
14 18 8 0 L
14 19 6 7 R
14 20 15 12 D
14 21 7 21 U
14 22 8 3 L
15 0 0 21 U
15 2 12 2 L
15 3 5 3 L
15 4 4 21 U
15 5 4 13 D
15 6 0 2 L
15 7 8 15 D
15 8 0 13 D
15 9 4 9 R
15 10 8 12 D
15 11 13 13 D
15 12 16 6 R
15 13 18 6 R
15 14 0 18 U
15 15 11 8 R
15 18 0 14 D
15 19 5 2 L
15 20 11 8 R
15 21 8 7 R
15 22 4 22 U
16 0 15 19 U
16 1 12 1 L
16 2 8 15 D
16 4 4 22 U
16 6 4 18 U
16 7 4 14 D
16 8 8 19 U
16 9 2 12 D
16 10 17 4 L
16 11 1 2 L
16 12 12 2 L
16 14 7 10 R
16 15 1 20 U
16 18 2 5 L
16 19 3 19 U
16 22 15 22 U
17 0 12 14 D
17 1 2 21 U
17 2 8 2 L
17 4 0 19 U
17 6 1 12 D
17 7 12 2 L
17 8 7 0 L
17 9 0 2 L
17 10 7 15 D
17 12 10 10 R
17 13 9 8 R
17 14 6 20 U
17 18 4 12 D
17 19 10 7 R
18 1 16 14 D
18 2 4 22 U
18 6 1 19 U
18 7 1 13 D
18 8 4 8 R
18 10 0 21 U
18 12 2 7 R
18 13 1 3 L
18 14 16 7 R
18 18 5 13 D
19 2 12 22 U
19 7 6 12 D
19 14 13 14 D
19 18 4 5 L
20 7 1 4 L

