22 13 238
4 9 16 12 14 0 15 1 16 17 18 13
0 4 0 0 15 5 0 0 0 0 0 0
0 3 0 13 0 15 0 4 0 0 0 0
18 0 0 17 0 8 1 0 15 3 0 15
2 12 0 0 0 0 0 3 0 0 0 2
0 21 0 8 17 7 0 12 0 0 0 0
6 13 0 0 2 0 17 0 0 10 20 8
18 0 0 16 0 9 0 1 0 0 0 0
16 19 10 0 0 0 18 20 8 0 0 9
0 0 8 0 0 0 0 13 0 0 0 0
8 0 0 4 3 0 0 6 13 0 2 9
12 0 17 8 0 0 0 1 5 0 0 10
0 0 0 0 U
0 1 0 1 U
0 2 0 2 U
0 3 0 3 R
0 4 0 4 R
0 5 0 5 R
0 6 0 6 D
0 7 0 7 D
0 8 0 8 D
0 9 0 9 D
0 10 0 10 L
0 11 0 11 L
0 12 0 12 L
1 0 0 10 L
1 1 16 11 L
1 2 3 10 L
1 3 4 0 U
1 4 7 4 R
1 5 0 8 D
1 6 5 1 U
1 7 4 7 D
1 8 4 8 D
1 9 5 9 D
1 10 0 0 U
1 11 9 1 U
1 12 2 12 L
2 0 14 5 R
2 1 10 1 U
2 2 8 4 R
2 3 1 6 D
2 4 7 4 R
2 5 3 5 R
2 6 14 5 R
2 7 0 1 U
2 8 11 8 D
2 9 1 9 D
2 10 8 2 U
2 11 14 6 D
2 12 0 4 R
3 0 0 3 R
3 1 7 11 L
3 2 12 2 U
3 3 10 3 R
3 4 1 4 R
3 5 5 7 D
3 6 1 6 D
3 7 10 7 D
3 8 2 8 D
3 9 5 11 L
3 10 8 7 D
3 11 9 11 L
3 12 8 12 L
4 0 3 0 U
4 1 0 4 R
4 2 13 2 U
4 3 0 0 U
4 4 13 4 R
4 5 9 8 D
4 6 8 11 L
4 7 1 7 D
4 8 0 0 U
4 9 12 9 D
4 10 8 1 U
4 11 0 6 D
4 12 15 12 L
5 0 1 10 L
5 1 13 11 L
5 2 16 3 R
5 3 6 0 U
5 4 1 8 D
5 5 1 2 U
5 6 0 0 U
5 7 1 7 D
5 8 4 4 R
5 9 2 5 R
5 10 2 0 U
5 11 14 11 L
5 12 3 2 U
6 0 2 6 D
6 1 1 1 U
6 2 3 4 R
6 3 9 3 R
6 4 1 4 R
6 5 17 5 R
6 6 18 6 D
6 7 12 11 L
6 8 18 11 L
6 10 3 10 L
6 11 0 3 R
6 12 2 12 L
7 0 0 12 L
7 1 6 12 L
7 2 2 12 L
7 3 13 3 R
7 4 9 4 R
7 5 9 5 R
7 6 4 11 L
7 7 2 3 R
7 8 0 12 L
7 10 2 10 L
7 11 2 7 D
7 12 4 12 L
8 0 11 5 R
8 1 2 5 R
8 2 17 5 R
8 3 9 3 R
8 4 0 7 D
8 5 12 5 R
8 6 5 0 U
8 7 4 1 U
8 8 11 1 U
8 11 4 3 R
8 12 2 9 D
9 0 5 8 D
9 1 2 10 L
9 2 3 2 U
9 3 15 6 D
9 4 0 10 L
9 5 0 11 L
9 6 5 4 R
9 7 0 11 L
9 8 2 12 L
9 10 11 7 D
9 11 6 11 L
9 12 8 12 L
10 0 0 6 D
10 1 9 10 L
10 2 1 2 U
10 3 1 0 U
10 4 2 2 U
10 5 9 10 L
10 6 1 5 R
10 7 6 7 D
10 8 9 3 R
10 10 0 1 U
10 11 4 7 D
10 12 11 12 L
11 0 14 4 R
11 1 15 1 U
11 2 5 2 U
11 3 0 6 D
11 4 7 7 D
11 5 3 5 R
11 6 10 11 L
11 7 16 0 U
11 8 10 4 R
11 10 6 10 L
11 11 13 7 D
11 12 0 5 R
12 0 7 0 U
12 1 0 8 D
12 2 2 2 U
12 3 0 1 U
12 4 13 4 R
12 5 20 6 D
12 6 0 3 R
12 7 1 10 L
12 8 9 8 D
12 10 7 10 L
12 11 2 11 L
12 12 3 8 D
13 0 15 12 L
13 1 10 3 R
13 2 0 5 R
13 3 14 1 U
13 4 7 6 D
13 5 3 5 R
13 6 16 6 D
13 7 4 11 L
13 8 10 8 D
13 9 12 9 D
13 10 6 6 D
13 11 11 11 L
13 12 11 6 D
14 0 2 4 R
14 1 18 10 L
14 2 9 5 R
14 3 1 2 U
14 4 5 4 R
14 5 7 5 R
14 6 12 11 L
14 7 17 7 D
14 8 16 8 D
14 10 0 2 U
14 11 18 11 L
14 12 4 12 L
15 0 5 10 L
15 1 16 12 L
15 2 14 2 U
15 3 16 7 D
15 4 3 4 R
15 5 4 7 D
15 6 0 4 R
15 7 19 0 U
15 8 2 8 D
15 11 2 0 U
15 12 19 7 D
16 0 9 0 U
16 1 6 1 U
16 2 14 2 U
16 3 14 7 D
16 4 13 6 D
16 5 4 5 R
16 6 1 6 D
16 7 9 2 U
16 8 12 4 R
16 10 4 10 L
16 11 12 11 L
16 12 17 12 L
17 0 1 0 U
17 2 11 2 U
17 3 8 6 D
17 4 3 4 R
17 5 19 7 D
17 6 0 5 R
17 7 14 10 L
17 10 1 2 U
17 11 5 8 D
17 12 7 12 L
18 0 9 11 L
18 1 4 1 U
18 3 9 2 U
18 4 2 4 R
18 5 10 9 D
18 6 11 3 R
18 7 17 12 L
18 11 1 8 D
18 12 12 12 L
19 0 13 12 L
19 5 15 5 R
19 6 4 6 D
19 8 4 8 D
19 10 14 10 L
19 12 5 2 U
20 0 4 11 L
20 5 2 6 D
20 6 12 0 U
21 0 9 6 D

