30 39 1035
23 23 27 22 15 9 1 5 2 12 10 4 12 0 15 6 12
0 0 25 23 0 14 17 27 27 0 14 18 0 9 5 8 10
13 1 0 0 5 14 12 0 17 17 20 0 0 11 1 10 18
2 13 0 0 2 17 24 3 4 15 0 5 0 0 0 0 17
24 5 16 0 0 0 0 0 6 0 22 20 13 2 18 0 1
26 0 12 24 19 0 27 26 23 21 21 22 0 0 21 16 20
0 0 0 0 2 15 27 19 26 17 25 0 24 10 17 23 15
0 0 0 23 0 24 0 0 25 0 18 27 26 14 16 0 19
0 0 0 15 19 15 0 22 17 23 0 0 0 17 20 0 18
0 0 0 24 0 21 26 0 0 25 0 0 27 0 0 26 13
0 0 0 19 25 23 19 28 0 29 2 26 27 4 26 0 25
0 0 0 23 24 0 22 23 3 26 22 0 0 22 22 27 15
23 22 0 24 0 0 15 0 20 27 19 23 0 16 23 4 0
9 15 0 24 0 0 0 25 1 0 13 22 0 25 6 3 0
0 0 0 6 23 0 26 2 0 14 24 9 24 0 23 13 0
25 0 27 9 11 22 7 24 10 16 24 2 10 21 14 22 0
7 0 4 10 12 13 9 27 0 26 2 1 14 8 14 5 27
0 0 0 0 L
0 1 0 1 L
0 2 0 2 L
0 3 0 3 L
0 4 0 4 L
0 5 0 5 L
0 6 0 6 L
0 7 0 7 L
0 8 0 8 L
0 9 0 9 R
0 10 0 10 R
0 11 0 11 R
0 12 0 12 R
0 13 0 13 R
0 14 0 14 R
0 15 0 15 R
0 16 0 16 R
0 17 0 17 R
0 18 0 18 D
0 19 0 19 D
0 20 0 20 D
0 21 0 21 D
0 22 0 22 D
0 23 0 23 D
0 24 0 24 D
0 25 0 25 D
0 26 0 26 D
0 27 0 27 D
0 28 0 28 U
0 29 0 29 U
0 30 0 30 U
0 31 0 31 U
0 32 0 32 U
0 33 0 33 U
0 34 0 34 U
0 35 0 35 U
0 36 0 36 U
0 37 0 37 U
0 38 0 38 U
1 0 0 18 D
1 1 0 28 U
1 2 0 9 R
1 3 2 19 D
1 4 3 20 D
1 5 2 29 U
1 6 3 21 D
1 7 0 34 U
1 8 2 35 U
1 9 1 29 U
1 10 0 18 D
1 11 0 3 L
1 12 0 0 L
1 13 2 18 D
1 14 3 21 D
1 15 3 23 D
1 16 2 24 D
1 17 6 33 U
1 18 0 1 L
1 19 0 29 U
1 20 0 28 U
1 21 2 9 R
1 22 0 9 R
1 23 3 31 U
1 24 0 14 R
1 25 4 5 L
1 26 2 33 U
1 27 0 11 R
1 28 0 0 L
1 29 0 18 D
1 30 1 3 L
1 31 0 19 D
1 32 0 20 D
1 33 4 1 L
1 34 1 4 L
1 35 1 24 D
1 36 0 25 D
1 37 4 11 R
1 38 0 24 D
2 0 0 30 U
2 1 2 1 L
2 2 1 2 L
2 3 1 3 L
2 4 2 4 L
2 5 1 5 L
2 6 3 6 L
2 7 2 25 D
2 8 2 8 L
2 9 0 28 U
2 10 0 0 L
2 11 1 11 R
2 12 3 12 R
2 13 1 13 R
2 14 2 14 R
2 15 4 15 R
2 16 2 16 R
2 17 2 17 R
2 18 0 9 R
2 19 0 11 R
2 20 2 20 D
2 21 3 21 D
2 22 1 22 D
2 23 2 23 D
2 24 0 16 R
2 25 4 25 D
2 26 4 26 D
2 27 1 27 D
2 28 0 2 L
2 29 0 10 R
2 30 1 30 U
2 31 3 31 U
2 32 3 32 U
2 33 2 33 U
2 34 3 34 U
2 35 3 35 U
2 36 4 36 U
2 37 4 37 U
2 38 6 38 U
3 0 0 20 D
3 1 0 19 D
3 2 0 31 U
3 3 4 34 U
3 4 1 4 L
3 5 2 5 L
3 6 2 6 L
3 7 4 7 L
3 8 3 8 L
3 9 2 32 U
3 10 2 21 D
3 11 2 11 R
3 12 1 12 R
3 13 0 20 D
3 14 1 14 R
3 15 3 25 D
3 16 3 16 R
3 17 5 17 R
3 18 1 12 R
3 19 2 19 D
3 20 2 5 L
3 21 0 30 U
3 22 1 33 U
3 23 4 23 D
3 24 2 24 D
3 25 1 7 L
3 26 3 26 D
3 27 6 27 D
3 28 1 13 R
3 29 1 4 L
3 30 0 14 R
3 31 2 31 U
3 32 4 10 R
3 33 4 13 R
3 34 0 3 L
3 35 2 35 U
3 36 0 8 L
3 37 3 37 U
3 38 3 38 U
4 0 0 29 U
4 1 1 23 D
4 2 2 33 U
4 3 0 22 D
4 4 4 22 D
4 5 3 35 U
4 6 1 6 L
4 7 1 7 L
4 8 0 26 D
4 9 0 32 U
4 10 4 10 R
4 11 0 33 U
4 12 0 22 D
4 13 3 13 R
4 14 0 34 U
4 15 1 36 U
4 16 4 16 R
4 17 2 32 U
4 18 0 0 L
4 19 0 10 R
4 20 4 2 L
4 21 0 1 L
4 22 4 3 L
4 23 0 11 R
4 24 4 15 R
4 25 0 8 L
4 26 0 30 U
4 27 2 27 D
4 28 0 12 R
4 29 2 1 L
4 30 3 6 L
4 31 0 10 R
4 32 4 32 U
4 33 3 15 R
4 34 1 16 R
4 35 1 7 L
4 36 1 36 U
4 37 2 37 U
4 38 5 38 U
5 0 0 36 U
5 1 0 10 R
5 2 4 28 U
5 3 0 37 U
5 4 2 31 U
5 5 5 22 D
5 6 4 29 U
5 7 4 18 D
5 8 8 19 D
5 9 5 19 D
5 10 4 20 D
5 11 4 23 D
5 12 4 27 D
5 13 0 32 U
5 14 6 38 U
5 15 0 4 L
5 16 1 19 D
5 17 8 17 R
5 18 2 1 L
5 19 0 30 U
5 20 5 9 R
5 21 0 3 L
5 22 0 15 R
5 23 5 16 R
5 24 6 4 L
5 25 0 5 L
5 26 6 26 D
5 27 0 29 U
5 28 3 16 R
5 29 6 29 U
5 30 4 0 L
5 31 6 5 L
5 32 1 12 R
5 33 0 15 R
5 34 6 15 R
5 35 0 16 R
5 36 13 14 R
5 37 1 37 U
5 38 4 14 R
6 0 4 0 L
6 1 5 1 L
6 2 2 20 D
6 3 6 21 D
6 4 4 38 U
6 5 8 18 D
6 6 5 6 L
6 7 6 7 L
6 8 8 8 L
6 9 5 9 R
6 10 0 31 U
6 11 0 37 U
6 12 0 21 D
6 13 5 27 D
6 14 4 8 L
6 15 5 25 D
6 16 5 18 D
6 17 8 35 U
6 18 5 18 D
6 19 1 10 R
6 20 1 2 L
6 21 2 6 L
6 22 3 22 D
6 23 5 23 D
6 24 3 24 D
6 25 6 25 D
6 26 5 26 D
6 27 2 17 R
6 28 3 2 L
6 29 0 13 R
6 30 5 14 R
6 31 0 13 R
6 32 2 32 U
6 33 3 13 R
6 34 7 34 U
6 35 6 35 U
6 36 17 11 R
6 37 6 3 L
6 38 6 0 L
7 0 6 28 U
7 1 6 18 D
7 2 7 26 D
7 3 0 25 D
7 4 7 29 U
7 5 8 5 L
7 6 8 25 D
7 7 8 34 U
7 8 7 8 L
7 9 3 9 R
7 10 2 23 D
7 11 8 24 D
7 12 0 29 U
7 13 4 38 U
7 14 6 27 D
7 15 8 20 D
7 16 2 34 U
7 17 7 17 R
7 18 3 33 U
7 19 0 7 L
7 20 8 14 R
7 21 3 17 R
7 22 6 7 L
7 23 4 9 R
7 24 7 9 R
7 25 0 33 U
7 26 9 26 D
7 27 0 14 R
7 28 6 1 L
7 29 7 5 L
7 30 3 0 L
7 31 6 12 R
7 32 0 21 D
7 33 5 33 U
7 34 1 10 R
7 35 0 3 L
7 36 14 36 U
7 37 8 0 L
7 38 10 6 L
8 0 6 36 U
8 1 8 26 D
8 2 8 2 L
8 3 8 37 U
8 4 7 4 L
8 5 7 5 L
8 6 8 6 L
8 7 7 7 L
8 8 7 31 U
8 9 6 31 U
8 10 7 10 R
8 11 7 11 R
8 12 6 12 R
8 13 4 19 D
8 14 10 5 L
8 15 7 15 R
8 16 7 16 R
8 17 9 17 R
8 18 3 28 U
8 19 4 13 R
8 20 5 3 L
8 21 7 21 D
8 22 9 22 D
8 23 3 23 D
8 24 8 24 D
8 25 7 25 D
8 26 8 31 U
8 27 1 8 L
8 28 2 10 R
8 29 6 4 L
8 30 6 11 R
8 31 7 8 L
8 32 6 32 U
8 33 9 5 L
8 34 1 0 L
8 35 9 35 U
8 36 19 4 L
8 37 7 37 U
8 38 9 38 U
9 0 8 29 U
9 1 7 1 L
9 2 9 2 L
9 3 0 12 R
9 4 7 28 U
9 5 9 32 U
9 6 4 27 D
9 7 5 26 D
9 8 9 25 D
9 9 2 37 U
9 10 0 27 D
9 11 2 26 D
9 12 8 24 D
9 13 0 35 U
9 14 13 14 R
9 15 8 15 R
9 16 8 16 R
9 17 2 30 U
9 18 9 17 R
9 19 12 10 R
9 20 7 20 D
9 21 9 1 L
9 22 8 22 D
9 23 7 17 R
9 24 6 11 R
9 25 5 1 L
9 26 0 13 R
9 27 0 33 U
9 28 7 6 L
9 29 2 4 L
9 30 0 9 R
9 31 5 31 U
9 32 9 2 L
9 33 9 33 U
9 34 8 34 U
9 35 4 35 U
9 36 16 36 U
9 37 4 21 D
9 38 2 38 U
10 0 12 18 D
10 1 11 10 R
10 2 9 30 U
10 3 10 3 L
10 4 6 26 D
10 5 6 5 L
10 6 10 25 D
10 7 5 7 L
10 8 10 8 L
10 9 3 28 U
10 10 1 21 D
10 11 11 19 D
10 12 6 21 D
10 13 6 29 U
10 14 12 14 R
10 15 7 21 D
10 16 11 25 D
10 17 9 18 D
10 18 2 7 L
10 19 5 19 D
10 20 11 31 U
10 21 8 21 D
10 22 7 22 D
10 23 11 23 D
10 24 3 3 L
10 25 8 34 U
10 26 0 29 U
10 27 12 27 D
10 28 5 28 U
10 29 7 0 L
10 30 1 10 R
10 31 0 4 L
10 32 10 11 R
10 33 0 20 D
10 34 7 17 R
10 35 0 9 R
10 36 18 36 U
10 37 22 3 L
10 38 12 38 U
11 0 11 0 L
11 1 13 1 L
11 2 12 2 L
11 3 11 3 L
11 4 12 29 U
11 5 9 31 U
11 6 9 19 D
11 7 3 7 L
11 8 11 19 D
11 9 8 23 D
11 10 8 18 D
11 11 10 11 R
11 12 11 38 U
11 13 6 13 R
11 14 11 14 R
11 15 16 15 R
11 16 13 32 U
11 17 6 28 U
11 18 6 28 U
11 19 13 19 D
11 20 9 20 D
11 21 14 21 D
11 22 8 16 R
11 23 8 23 D
11 24 13 24 D
11 25 2 11 R
11 26 4 4 L
11 27 9 27 D
11 28 9 6 L
11 29 11 3 L
11 30 11 8 L
11 31 8 31 U
11 32 10 13 R
11 33 12 33 U
11 34 0 17 R
11 35 12 1 L
11 36 19 15 R
11 37 15 37 U
11 38 0 25 D
12 0 8 0 L
12 1 0 35 U
12 2 7 2 L
12 3 12 3 L
12 4 11 4 L
12 5 11 5 L
12 6 13 6 L
12 7 14 33 U
12 8 12 30 U
12 9 8 29 U
12 10 4 22 D
12 11 10 32 U
12 12 6 28 U
12 13 4 6 L
12 14 11 26 D
12 15 14 15 R
12 16 10 23 D
12 17 10 38 U
12 18 8 9 R
12 19 8 19 D
12 20 14 11 R
12 21 16 13 R
12 22 10 11 R
12 23 6 23 D
12 24 12 24 D
12 25 9 0 L
12 26 11 26 D
12 27 15 27 D
12 28 6 9 R
12 29 10 29 U
12 30 10 8 L
12 31 11 31 U
12 32 13 32 U
12 33 15 33 U
12 34 10 34 U
12 35 10 35 U
12 36 17 36 U
12 37 19 37 U
12 38 11 12 R
13 0 3 26 D
13 1 9 1 L
13 2 10 2 L
13 3 10 24 D
13 4 0 27 D
13 5 12 5 L
13 6 13 20 D
13 7 15 7 L
13 8 12 8 L
13 9 0 23 D
13 10 10 22 D
13 11 11 35 U
13 12 4 12 R
13 13 12 13 R
13 14 10 14 R
13 15 17 15 R
13 16 14 30 U
13 17 2 21 D
13 18 11 10 R
13 19 12 16 R
13 20 16 20 D
13 21 17 21 D
13 22 11 22 D
13 23 8 2 L
13 24 12 32 U
13 25 12 6 L
13 26 8 14 R
13 27 10 27 D
13 28 13 12 R
13 29 5 12 R
13 30 12 6 L
13 31 11 14 R
13 32 8 32 U
13 33 0 4 L
13 34 11 8 L
13 35 7 35 U
13 36 9 36 U
13 37 18 37 U
13 38 8 38 U
14 0 9 38 U
14 1 2 28 U
14 2 11 24 D
14 3 12 28 U
14 4 16 34 U
14 5 7 32 U
14 6 16 6 L
14 7 12 7 L
14 8 9 8 L
14 9 11 22 D
14 10 14 31 U
14 11 12 32 U
14 12 1 34 U
14 13 16 31 U
14 14 13 18 D
14 15 15 15 R
14 16 21 19 D
14 17 14 17 R
14 18 11 12 R
14 19 7 14 R
14 20 14 20 D
14 21 10 21 D
14 22 4 12 R
14 23 13 2 L
14 24 9 9 R
14 25 18 29 U
14 26 16 26 D
14 27 8 27 D
14 28 0 1 L
14 29 13 10 R
14 30 0 7 L
14 31 0 23 D
14 32 14 2 L
14 33 14 33 U
14 34 1 34 U
14 35 16 0 L
14 36 20 36 U
14 37 17 37 U
14 38 12 0 L
15 0 14 29 U
15 1 15 1 L
15 2 15 24 D
15 3 9 29 U
15 4 17 30 U
15 5 19 35 U
15 6 17 6 L
15 7 11 26 D
15 8 13 8 L
15 9 12 9 R
15 10 14 19 D
15 11 14 1 L
15 12 13 12 R
15 13 15 33 U
15 14 0 5 L
15 15 2 33 U
15 16 21 16 R
15 17 15 17 R
15 18 14 18 D
15 19 0 0 L
15 20 11 20 D
15 21 0 33 U
15 22 18 10 R
15 23 16 13 R
15 24 13 31 U
15 25 19 25 D
15 26 17 35 U
15 27 14 17 R
15 28 2 0 L
15 29 15 29 U
15 30 14 14 R
15 31 13 14 R
15 32 13 15 R
15 33 17 33 U
15 34 2 15 R
15 35 12 35 U
15 36 2 18 D
15 37 21 2 L
15 38 12 3 L
16 0 15 9 R
16 1 6 33 U
16 2 15 38 U
16 3 15 3 L
16 4 18 26 D
16 5 19 5 L
16 6 12 28 U
16 7 17 7 L
16 8 18 34 U
16 9 14 27 D
16 10 0 1 L
16 11 15 11 R
16 12 14 24 D
16 13 17 13 R
16 14 16 21 D
16 15 0 8 L
16 16 19 16 R
16 17 15 29 U
16 18 17 4 L
16 19 11 13 R
16 20 3 10 R
16 21 17 15 R
16 22 10 36 U
16 23 19 23 D
16 24 15 13 R
16 25 22 25 D
16 26 19 26 D
16 27 14 11 R
16 28 7 1 L
16 29 9 29 U
16 30 11 30 U
16 31 11 10 R
16 32 16 7 L
16 33 16 12 R
16 34 18 1 L
16 35 16 35 U
16 36 21 36 U
16 37 23 37 U
16 38 16 6 L
17 0 17 0 L
17 1 12 20 D
17 2 15 29 U
17 3 14 3 L
17 4 20 4 L
17 5 16 5 L
17 6 12 32 U
17 7 13 32 U
17 8 20 8 L
17 9 9 9 R
17 10 17 10 R
17 11 16 11 R
17 12 17 12 R
17 13 0 30 U
17 14 15 14 R
17 15 3 22 D
17 16 20 16 R
17 17 13 17 R
17 18 9 18 D
17 19 19 14 R
17 20 10 20 D
17 21 12 21 D
17 22 2 22 D
17 23 16 23 D
17 24 19 0 L
17 25 11 25 D
17 26 20 12 R
17 27 12 33 U
17 28 12 2 L
17 29 11 6 L
17 30 15 30 U
17 31 14 6 L
17 32 14 32 U
17 33 13 2 L
17 34 20 34 U
17 35 5 35 U
17 36 10 36 U
17 37 22 37 U
17 38 16 38 U
18 0 15 28 U
18 1 17 1 L
18 2 9 18 D
18 3 13 36 U
18 4 6 22 D
18 5 20 5 L
18 6 20 34 U
18 7 18 7 L
18 8 16 8 L
18 9 10 31 U
18 10 18 21 D
18 11 19 19 D
18 12 18 27 D
18 13 8 22 D
18 14 18 18 D
18 15 18 34 U
18 16 21 27 D
18 17 15 18 D
18 18 6 3 L
18 19 15 10 R
18 20 16 2 L
18 21 9 34 U
18 22 19 11 R
18 23 16 15 R
18 24 0 36 U
18 25 21 11 R
18 26 17 26 D
18 27 20 27 D
18 28 12 9 R
18 29 11 2 L
18 30 16 14 R
18 31 9 18 D
18 32 16 0 L
18 33 15 24 D
18 34 11 4 L
18 35 15 14 R
18 36 17 1 L
18 37 21 37 U
18 38 10 19 D
19 0 18 26 D
19 1 20 18 D
19 2 18 38 U
19 3 17 3 L
19 4 17 36 U
19 5 13 5 L
19 6 19 26 D
19 7 10 7 L
19 8 18 8 L
19 9 11 9 R
19 10 20 38 U
19 11 20 26 D
19 12 19 12 R
19 13 16 35 U
19 14 8 14 R
19 15 19 23 D
19 16 22 16 R
19 17 17 17 R
19 18 13 9 R
19 19 16 7 L
19 20 0 1 L
19 21 9 21 D
19 22 10 22 D
19 23 20 23 D
19 24 20 24 D
19 25 21 25 D
19 26 14 26 D
19 27 14 27 D
19 28 2 9 R
19 29 11 29 U
19 30 15 6 L
19 31 18 31 U
19 32 17 32 U
19 33 20 17 R
19 34 18 6 L
19 35 17 35 U
19 36 19 36 U
19 37 20 37 U
19 38 20 38 U
20 0 16 32 U
20 1 19 1 L
20 2 17 2 L
20 3 4 3 L
20 4 19 24 D
20 5 20 37 U
20 6 20 6 L
20 7 18 28 U
20 8 19 36 U
20 9 13 28 U
20 10 18 10 R
20 11 2 4 L
20 12 18 22 D
20 13 12 24 D
20 14 20 14 R
20 15 20 15 R
20 16 23 29 U
20 17 3 31 U
20 18 3 29 U
20 19 11 7 L
20 20 19 20 D
20 21 18 11 R
20 22 20 5 L
20 23 9 23 D
20 24 20 17 R
20 25 20 16 R
20 26 20 26 D
20 27 19 27 D
20 28 10 20 D
20 29 15 12 R
20 30 14 15 R
20 31 15 16 R
20 32 16 4 L
20 33 8 33 U
20 34 19 34 U
20 35 18 13 R
20 36 21 0 L
20 37 12 37 U
20 38 19 38 U
21 0 19 28 U
21 1 20 21 D
21 2 20 23 D
21 3 21 22 D
21 4 15 36 U
21 5 18 5 L
21 6 15 33 U
21 7 21 36 U
21 8 15 8 L
21 9 16 32 U
21 10 8 26 D
21 11 10 25 D
21 12 13 20 D
21 13 16 7 L
21 14 21 23 D
21 15 15 19 D
21 16 18 16 R
21 17 20 36 U
21 18 17 8 L
21 19 20 29 U
21 20 21 12 R
21 21 0 31 U
21 22 18 22 D
21 23 19 9 R
21 24 18 24 D
21 25 14 25 D
21 26 18 12 R
21 27 18 36 U
21 28 8 4 L
21 29 18 0 L
21 30 21 13 R
21 31 22 11 R
21 32 17 10 R
21 33 22 14 R
21 34 21 2 L
21 35 23 3 L
21 36 22 36 U
21 37 23 1 L
22 0 20 24 D
22 1 21 34 U
22 2 21 2 L
22 3 21 3 L
22 4 14 30 U
22 5 22 5 L
22 6 25 6 L
22 7 10 29 U
22 8 21 8 L
22 9 21 1 L
22 10 21 33 U
22 11 1 24 D
22 12 18 28 U
22 13 18 13 R
22 14 20 25 D
22 16 17 16 R
22 18 21 10 R
22 19 19 33 U
22 20 9 9 R
22 21 19 0 L
22 22 15 11 R
22 23 17 12 R
22 24 16 10 R
22 25 13 25 D
22 26 24 4 L
22 27 0 31 U
22 28 2 12 R
22 29 17 8 L
22 30 16 5 L
22 31 21 31 U
22 32 25 0 L
22 33 20 9 R
22 34 26 0 L
22 35 25 35 U
22 36 14 22 D
22 37 24 37 U
23 0 10 37 U
23 1 25 20 D
23 2 21 20 D
23 3 11 25 D
23 4 25 27 D
23 5 12 32 U
23 6 22 33 U
23 7 24 34 U
23 9 22 31 U
23 10 22 21 D
23 11 3 29 U
23 12 21 28 U
23 13 0 6 L
23 14 24 19 D
23 16 15 18 D
23 18 20 8 L
23 19 12 17 R
23 20 22 20 D
23 21 25 14 R
23 22 12 3 L
23 23 24 2 L
23 24 23 24 D
23 25 12 25 D
23 26 19 17 R
23 27 17 11 R
23 28 8 22 D
23 29 14 29 U
23 30 23 5 L
23 31 19 19 D
23 32 15 32 U
23 33 19 5 L
23 34 24 34 U
23 35 24 35 U
23 36 0 22 D
23 37 13 37 U
24 0 23 37 U
24 1 22 21 D
24 2 23 30 U
24 3 22 3 L
24 4 21 26 D
24 5 23 35 U
24 6 26 31 U
24 7 25 7 L
24 9 7 9 R
24 10 23 37 U
24 11 22 0 L
24 12 21 4 L
24 13 16 24 D
24 14 19 14 R
24 16 18 27 D
24 18 16 16 R
24 19 0 12 R
24 20 1 20 D
24 21 24 21 D
24 22 22 33 U
24 23 22 23 D
24 24 23 13 R
24 25 1 9 R
24 26 18 26 D
24 27 0 37 U
24 28 21 7 L
24 29 23 0 L
24 30 10 30 U
24 31 24 31 U
24 32 23 32 U
24 33 19 6 L
24 34 26 34 U
24 35 23 35 U
24 36 25 36 U
24 37 14 37 U
25 0 22 22 D
25 1 24 1 L
25 2 22 10 R
25 3 25 23 D
25 4 25 31 U
25 5 16 26 D
25 6 26 6 L
25 7 22 7 L
25 9 21 20 D
25 10 20 30 U
25 11 23 24 D
25 12 24 12 R
25 13 18 25 D
25 14 25 14 R
25 16 16 16 R
25 18 21 32 U
25 19 22 2 L
25 20 14 16 R
25 21 23 21 D
25 22 22 13 R
25 23 23 23 D
25 24 24 24 D
25 25 23 25 D
25 26 13 26 D
25 27 24 27 D
25 28 22 16 R
25 29 22 1 L
25 30 25 4 L
25 31 24 11 R
25 32 25 32 U
25 33 2 17 R
25 35 25 14 R
25 36 26 11 R
25 37 25 10 R
26 0 0 13 R
26 1 24 28 U
26 6 0 26 D
26 7 23 7 L
26 9 24 25 D
26 10 26 21 D
26 11 23 1 L
26 12 25 28 U
26 13 8 13 R
26 14 27 32 U
26 16 26 31 U
26 20 0 9 R
26 21 24 16 R
26 22 17 6 L
26 23 23 14 R
26 25 25 25 D
26 26 27 1 L
26 28 17 7 L
26 31 21 3 L
26 35 25 10 R
26 36 5 36 U
26 37 24 3 L
27 0 26 25 D
27 1 24 10 R
27 6 24 6 L
27 9 3 3 L
27 10 24 36 U
27 11 26 11 R
27 13 25 13 R
27 16 25 16 R
27 20 23 20 D
27 23 23 35 U
27 25 25 30 U
27 26 26 26 D
27 28 26 22 D
27 31 4 9 R
28 0 15 12 R
29 0 19 0 L

