18 13 200
11 13 14 0 14 16 15 0 0 8
0 6 0 15 13 0 0 17 0 15
13 0 0 9 0 14 0 2 4 14
3 15 2 13 0 12 6 15 12 6
10 0 13 7 16 15 14 15 0 16
0 0 2 0 0 6 13 0 0 0
9 16 17 8 0 0 0 16 2 4
7 0 17 0 5 3 1 12 0 13
9 17 10 16 0 14 14 0 0 8
5 13 15 0 17 11 17 0 13 0
0 0 0 0 R
0 1 0 1 R
0 2 0 2 R
0 3 0 3 U
0 4 0 4 U
0 5 0 5 U
0 6 0 6 U
0 7 0 7 D
0 8 0 8 D
0 9 0 9 D
0 10 0 10 L
0 11 0 11 L
0 12 0 12 L
1 0 0 6 U
1 1 0 10 L
1 2 0 11 L
1 3 0 11 L
1 4 2 1 R
1 5 6 5 U
1 7 0 1 R
1 8 4 8 D
1 9 6 0 R
1 10 0 3 U
1 11 0 5 U
1 12 2 12 L
2 0 3 0 R
2 1 12 3 U
2 2 1 9 D
2 3 5 3 U
2 4 4 10 L
2 5 0 1 R
2 6 0 12 L
2 7 0 0 R
2 8 0 10 L
2 9 4 9 D
2 10 0 7 D
2 11 7 3 U
2 12 8 12 L
3 0 0 5 U
3 1 0 9 D
3 2 4 5 U
3 3 2 0 R
3 4 8 4 U
3 5 5 8 D
3 7 11 7 D
3 8 1 1 R
3 9 1 10 L
3 10 6 8 D
3 11 9 8 D
3 12 7 12 L
4 0 0 7 D
4 1 10 1 R
4 2 1 2 R
4 3 9 11 L
4 4 1 4 U
4 5 9 10 L
4 7 5 0 R
4 8 5 8 D
4 10 0 9 D
4 11 3 11 L
4 12 12 3 U
5 0 12 9 D
5 1 6 1 R
5 2 6 10 L
5 3 0 2 R
5 4 11 12 L
5 5 4 5 U
5 7 9 7 D
5 8 7 8 D
5 10 11 8 D
5 11 10 7 D
5 12 0 1 R
6 0 13 10 L
6 1 2 1 R
6 2 1 2 R
6 3 1 8 D
6 4 5 4 U
6 5 4 5 U
6 7 15 12 L
6 8 7 11 L
6 9 7 9 D
6 10 5 8 D
6 11 0 8 D
6 12 2 12 L
7 0 9 0 R
7 1 2 1 R
7 2 3 2 R
7 3 10 11 L
7 4 10 4 U
7 5 11 11 L
7 7 2 7 D
7 8 4 8 D
7 9 4 0 R
7 10 0 4 U
7 11 5 4 U
7 12 4 4 U
8 0 4 0 R
8 1 12 4 U
8 2 3 2 R
8 3 11 10 L
8 4 14 11 L
8 5 1 5 U
8 7 5 7 D
8 8 9 2 R
8 9 12 3 U
8 10 14 3 U
8 11 7 9 D
8 12 9 12 L
9 0 6 7 D
9 1 1 1 R
9 2 11 2 R
9 3 3 0 R
9 4 12 1 R
9 5 2 5 U
9 7 0 12 L
9 8 0 2 R
9 9 15 12 L
9 10 5 4 U
9 11 8 11 L
9 12 0 8 D
10 0 4 12 L
10 1 0 11 L
10 2 4 2 R
10 3 0 0 R
10 4 4 1 R
10 5 0 8 D
10 7 6 10 L
10 8 4 1 R
10 10 0 0 R
10 11 8 4 U
10 12 2 4 U
11 0 12 7 D
11 1 0 8 D
11 2 8 2 R
11 3 10 7 D
11 4 0 7 D
11 5 1 5 U
11 7 5 3 U
11 8 8 2 R
11 10 6 10 L
11 11 2 11 L
11 12 6 12 L
12 0 0 3 U
12 1 2 8 D
12 2 9 3 U
12 3 5 0 R
12 4 6 1 R
12 5 4 0 R
12 7 7 11 L
12 8 14 8 D
12 9 11 9 D
12 10 8 5 U
12 11 8 11 L
12 12 0 0 R
13 0 14 0 R
13 1 0 12 L
13 2 12 5 U
13 3 1 1 R
13 4 0 10 L
13 5 11 5 U
13 7 0 2 R
13 8 14 3 U
13 10 11 10 L
13 11 15 3 U
13 12 11 5 U
14 0 1 11 L
14 1 0 4 U
14 2 9 2 R
14 3 6 3 U
14 4 11 4 U
14 5 3 5 U
14 7 13 10 L
14 8 4 8 D
14 10 4 9 D
14 11 5 7 D
14 12 1 7 D
15 0 1 7 D
15 1 3 1 R
15 2 9 2 R
15 3 9 3 U
15 4 1 4 U
15 5 0 0 R
15 7 1 0 R
15 8 9 8 D
15 10 11 0 R
15 11 12 11 L
15 12 7 12 L
16 0 15 3 U
16 1 10 4 U
16 2 4 11 L
16 3 9 10 L
16 5 6 5 U
16 7 6 7 D
16 12 2 12 L
17 1 1 1 R
17 2 12 12 L
17 3 8 10 L
17 5 4 5 U
17 7 16 2 R
17 12 2 12 L

