17 18 266
16 0 0 0 0 0 0 0 0 0 0 0 0 14
5 0 0 0 0 0 0 7 0 0 6 14 14 2
10 0 0 0 0 0 0 16 4 11 0 0 0 0
0 1 0 0 0 11 5 0 4 0 8 0 0 4
0 5 5 10 0 12 15 3 12 0 0 0 0 11
0 6 8 11 12 0 0 10 15 13 9 0 7 0
0 10 8 12 0 0 16 10 0 0 0 0 15 0
7 5 0 0 6 0 0 0 0 9 0 8 14 11
6 0 14 11 0 0 14 12 0 0 9 0 8 0
0 0 5 15 1 0 0 0 0 0 4 0 10 7
7 0 15 0 0 0 0 6 14 6 0 8 0 9
0 7 7 13 0 7 2 4 0 8 0 0 6 1
14 0 4 0 0 0 9 0 0 0 0 0 0 6
2 16 0 0 0 0 3 0 0 0 0 0 0 1
0 0 0 0 U
0 1 0 1 U
0 2 0 2 U
0 3 0 3 U
0 4 0 4 R
0 5 0 5 R
0 6 0 6 R
0 7 0 7 R
0 8 0 8 R
0 9 0 9 D
0 10 0 10 D
0 11 0 11 D
0 12 0 12 D
0 13 0 13 L
0 14 0 14 L
0 15 0 15 L
0 16 0 16 L
0 17 0 17 L
1 0 0 13 L
1 1 8 4 R
1 2 6 2 U
1 3 14 4 R
1 4 12 10 D
1 5 9 3 U
1 6 5 0 U
1 7 0 13 L
1 8 10 0 U
1 9 0 13 L
1 10 8 6 R
1 11 4 11 D
1 12 2 5 R
1 13 3 1 U
1 14 7 14 L
1 15 8 12 D
1 16 4 16 L
1 17 5 17 L
2 0 0 14 L
2 1 0 4 R
2 2 13 2 U
2 3 3 3 U
2 4 0 9 D
2 5 10 5 R
2 6 1 6 R
2 7 11 7 R
2 8 7 8 R
2 9 0 4 R
2 10 0 0 U
2 11 0 1 U
2 12 0 16 L
2 13 4 10 D
2 14 0 9 D
2 15 0 11 D
2 16 1 16 L
2 17 13 1 U
3 0 0 6 R
3 1 13 4 R
3 2 4 2 U
3 3 1 14 L
3 4 8 14 L
3 5 9 10 D
3 6 2 9 D
3 7 0 1 U
3 8 2 8 R
3 9 1 15 L
3 10 14 14 L
3 11 4 5 R
3 12 13 12 D
3 13 0 0 U
3 14 12 4 R
3 15 0 12 D
3 16 1 10 D
3 17 0 5 R
4 0 0 5 R
4 1 6 13 L
4 2 9 2 U
4 3 10 6 R
4 4 13 0 U
4 5 15 14 L
4 6 8 3 U
4 7 3 7 R
4 8 8 8 R
4 9 0 14 L
4 10 2 10 D
4 11 1 4 R
4 12 3 16 L
4 13 5 0 U
4 14 0 1 U
4 15 1 3 U
4 16 10 16 L
4 17 5 9 D
5 0 0 7 R
5 1 11 11 D
5 2 3 12 D
5 3 9 7 R
5 4 0 1 U
5 5 0 15 L
5 6 9 9 D
5 7 0 9 D
5 8 13 12 D
5 9 13 14 L
5 10 6 5 R
5 11 14 13 L
5 12 0 6 R
5 13 9 6 R
5 14 3 11 D
5 15 9 10 D
5 16 1 16 L
5 17 8 17 L
6 0 3 16 L
6 1 2 6 R
6 2 8 7 R
6 3 8 3 U
6 4 8 4 R
6 5 3 11 D
6 6 2 6 R
6 7 7 1 U
6 8 4 17 L
6 9 2 9 D
6 10 11 5 R
6 11 9 11 D
6 12 10 8 R
6 13 10 13 L
6 14 5 14 L
6 15 5 15 L
6 16 0 7 R
6 17 0 4 R
7 0 0 15 L
7 1 13 8 R
7 2 14 2 U
7 3 4 3 U
7 4 5 4 R
7 5 3 2 U
7 6 0 3 U
7 7 0 16 L
7 8 13 8 R
7 9 0 3 U
7 10 13 10 D
7 11 4 11 D
7 12 0 17 L
7 13 0 9 D
7 14 6 14 L
7 15 2 7 R
7 16 8 16 L
7 17 11 8 R
8 0 6 13 L
8 1 1 1 U
8 2 0 9 D
8 3 6 3 U
8 4 2 10 D
8 5 0 2 U
8 6 4 15 L
8 7 5 2 U
8 8 5 8 R
8 9 2 15 L
8 10 1 10 D
8 11 2 11 D
8 12 6 17 L
8 13 0 10 D
8 14 12 9 D
8 15 5 2 U
8 16 1 2 U
8 17 1 17 L
9 0 12 0 U
9 1 8 1 U
9 2 2 14 L
9 3 4 13 L
9 4 15 12 D
9 5 4 5 R
9 6 0 12 D
9 7 6 3 U
9 8 1 17 L
9 9 0 5 R
9 10 4 13 L
9 11 0 7 R
9 12 4 12 D
9 13 4 1 U
9 14 0 4 R
9 15 10 15 L
9 16 10 11 D
9 17 11 11 D
10 0 0 16 L
10 1 4 17 L
10 2 0 5 R
10 3 8 17 L
10 4 8 3 U
10 5 7 13 L
10 6 0 2 U
10 7 1 7 R
10 8 2 8 R
10 9 6 14 L
10 10 11 16 L
10 11 6 8 R
10 12 4 5 R
10 13 2 13 L
10 14 13 10 D
10 15 2 15 L
10 16 0 9 D
10 17 3 7 R
11 0 2 17 L
11 1 5 6 R
11 2 0 12 D
11 4 4 9 D
11 5 14 10 D
11 6 2 11 D
11 7 0 12 D
11 8 12 2 U
11 9 8 4 R
11 10 2 10 D
11 11 9 11 D
11 12 13 13 L
11 13 12 2 U
11 14 3 1 U
11 15 2 15 L
11 16 6 16 L
12 0 1 6 R
12 1 1 14 L
12 2 2 2 U
12 3 5 13 L
12 4 8 9 D
12 5 2 12 D
12 6 6 6 R
12 7 7 7 R
12 8 8 8 R
12 9 13 7 R
12 10 1 10 D
12 11 2 14 L
12 12 13 14 L
12 13 3 5 R
12 14 5 4 R
12 15 1 1 U
12 16 10 16 L
13 0 11 14 L
13 1 7 8 R
13 2 4 4 R
13 4 0 0 U
13 5 8 0 U
13 6 1 2 U
13 8 10 1 U
13 9 6 9 D
13 10 0 4 R
13 11 1 5 R
13 12 7 12 D
13 13 4 11 D
13 15 1 15 L
13 16 9 3 U
14 0 10 9 D
14 1 11 1 U
14 2 9 13 L
14 4 0 13 L
14 5 6 1 U
14 6 4 0 U
14 9 9 13 L
14 10 0 5 R
14 13 7 10 D
14 16 2 8 R
15 0 0 8 R
15 1 2 1 U
15 2 12 14 L
15 5 0 14 L
15 9 2 9 D
15 10 10 15 L
15 13 9 12 D
16 0 9 0 U
16 2 2 17 L
16 10 10 1 U
16 13 3 4 R

