21 19 341
19 0 0 0 0 0 0 0 0 0 0 0 0 0 0 0 0 0 9
12 0 0 7 0 13 0 0 7 0 0 0 0 0 0 0 0 0 16
0 0 9 15 7 0 0 5 0 0 11 0 0 4 0 0 3 10 8
1 0 0 16 0 0 17 0 0 0 0 0 18 0 0 0 4 0 0
0 0 4 0 2 0 0 0 3 0 5 0 14 0 0 0 2 13 0
0 0 0 14 6 0 4 16 18 0 0 0 0 0 0 0 5 17 0
0 0 1 0 9 18 0 4 15 0 0 0 0 1 0 9 19 0 0
3 0 0 3 17 0 0 0 18 0 0 0 0 0 19 0 0 17 0
0 5 12 10 0 0 0 0 20 0 0 6 0 0 0 0 7 0 19
2 17 0 0 16 15 0 10 0 0 0 16 0 0 0 0 11 0 12
0 0 0 16 0 0 0 10 0 0 0 0 0 6 14 0 6 0 15
0 0 0 6 0 0 4 0 0 0 0 16 0 0 0 6 0 5 0
3 0 7 0 0 11 0 0 0 0 0 0 11 0 9 0 0 0 0
0 0 0 0 18 0 0 0 0 0 5 0 0 3 0 0 0 0 10
0 16 0 0 2 0 7 0 0 0 0 0 0 0 12 0 0 0 0
0 2 14 3 0 0 0 0 17 0 9 0 3 0 0 15 5 15 0
0 17 0 2 9 7 3 0 14 0 11 0 6 10 0 0 0 12 0
3 0 0 19 0 0 0 0 0 0 0 0 0 0 0 9 2 0 0
0 1 9 5 11 0 0 0 13 0 0 13 0 0 0 0 0 4 14
0 0 0 0 D
0 1 0 1 D
0 2 0 2 D
0 3 0 3 D
0 4 0 4 R
0 5 0 5 R
0 6 0 6 R
0 7 0 7 R
0 8 0 8 R
0 9 0 9 U
0 10 0 10 U
0 11 0 11 U
0 12 0 12 U
0 13 0 13 U
0 14 0 14 L
0 15 0 15 L
0 16 0 16 L
0 17 0 17 L
0 18 0 18 L
1 0 0 4 R
1 1 18 14 L
1 2 0 11 U
1 3 5 14 L
1 4 0 2 D
1 5 9 2 D
1 6 4 9 U
1 7 6 7 R
1 8 12 0 D
1 9 15 8 R
1 10 12 16 L
1 11 0 15 L
1 12 6 8 R
1 13 3 6 R
1 14 5 14 L
1 15 0 10 U
1 16 0 4 R
1 17 0 11 U
1 18 2 18 L
2 0 12 0 D
2 1 3 1 D
2 2 14 12 U
2 3 1 3 D
2 4 3 12 U
2 5 8 10 U
2 6 1 6 R
2 7 5 13 U
2 8 0 13 U
2 9 5 14 L
2 10 6 10 U
2 11 10 8 R
2 12 5 12 U
2 13 3 13 U
2 14 9 11 U
2 15 7 15 L
2 16 3 16 L
2 17 10 0 D
2 18 7 2 D
3 0 10 0 D
3 1 0 8 R
3 2 5 2 D
3 3 11 16 L
3 4 4 12 U
3 5 2 9 U
3 6 10 6 R
3 7 15 7 R
3 8 8 9 U
3 9 8 9 U
3 10 12 4 R
3 11 6 11 U
3 12 2 17 L
3 13 0 7 R
3 14 10 14 L
3 15 6 3 D
3 16 10 2 D
3 17 0 1 D
3 18 4 3 D
4 0 3 4 R
4 1 0 14 L
4 2 0 5 R
4 3 0 7 R
4 4 17 11 U
4 5 7 5 R
4 6 12 6 R
4 7 9 3 D
4 8 1 8 R
4 9 0 2 D
4 10 0 6 R
4 11 10 6 R
4 12 14 14 L
4 13 6 13 U
4 14 0 0 D
4 15 2 0 D
4 16 16 16 L
4 17 0 13 U
4 18 13 3 D
5 0 15 16 L
5 1 6 17 L
5 2 14 2 D
5 3 1 14 L
5 4 8 1 D
5 5 0 0 D
5 6 16 3 D
5 7 3 12 U
5 8 4 8 R
5 9 8 9 U
5 10 7 8 R
5 11 2 14 L
5 12 7 14 L
5 13 0 17 L
5 14 13 14 L
5 15 0 2 D
5 16 13 16 L
5 17 7 17 L
5 18 1 18 L
6 0 1 7 R
6 1 13 6 R
6 2 7 5 R
6 3 15 18 L
6 4 0 16 L
6 5 1 2 D
6 6 1 11 U
6 7 17 18 L
6 8 13 8 R
6 9 0 14 L
6 10 11 15 L
6 11 2 11 U
6 12 2 12 U
6 13 10 13 U
6 14 1 10 U
6 15 4 15 L
6 16 0 6 R
6 17 3 2 D
6 18 1 18 L
7 0 3 0 D
7 1 8 9 U
7 2 0 18 L
7 3 2 7 R
7 4 6 0 D
7 5 13 1 D
7 6 6 6 R
7 7 5 7 R
7 8 1 8 R
7 9 4 9 U
7 10 4 7 R
7 11 3 7 R
7 13 0 18 L
7 14 10 0 D
7 15 12 11 U
7 16 6 1 D
7 17 10 17 L
7 18 9 18 L
8 0 0 15 L
8 1 11 4 R
8 2 6 18 L
8 3 11 3 D
8 4 10 15 L
8 5 9 3 D
8 6 9 13 U
8 7 10 7 R
8 8 17 13 U
8 9 0 4 R
8 10 10 10 U
8 11 4 11 U
8 12 3 12 U
8 13 11 13 U
8 14 4 13 U
8 15 11 0 D
8 16 3 16 L
8 17 7 2 D
8 18 12 13 U
9 0 0 6 R
9 1 1 1 D
9 2 15 15 L
9 3 6 3 D
9 4 8 15 L
9 5 0 1 D
9 6 0 3 D
9 7 20 7 R
9 8 0 17 L
9 9 3 15 L
9 10 17 14 L
9 11 5 16 L
9 13 2 4 R
9 14 0 5 R
9 15 4 10 U
9 16 18 16 L
9 17 12 11 U
9 18 1 9 U
10 0 11 8 R
10 1 1 14 L
10 2 8 2 D
10 3 12 3 D
10 4 0 12 U
10 5 6 14 L
10 6 9 2 D
10 7 1 0 D
10 8 0 2 D
10 9 2 6 R
10 10 2 7 R
10 11 3 8 R
10 12 5 5 R
10 13 11 13 U
10 14 7 1 D
10 15 14 15 L
10 16 13 16 L
10 17 5 17 L
10 18 7 10 U
11 0 2 0 D
11 1 13 4 R
11 2 3 2 D
11 3 7 3 D
11 4 7 3 D
11 5 7 1 D
11 6 2 6 R
11 7 0 11 U
11 8 3 8 R
11 9 14 14 L
11 10 10 5 R
11 11 16 11 U
11 13 8 13 U
11 14 8 9 U
11 15 12 15 L
11 16 13 10 U
11 17 8 17 L
11 18 2 10 U
12 0 2 5 R
12 1 6 12 U
12 2 14 17 L
12 3 0 12 U
12 4 9 0 D
12 5 5 5 R
12 6 17 16 L
12 7 0 15 L
12 8 0 18 L
12 9 4 6 R
12 10 4 5 R
12 11 8 11 U
12 13 13 8 R
12 14 0 9 U
12 15 1 15 L
12 16 0 3 D
12 17 6 3 D
12 18 16 9 U
13 0 10 4 R
13 1 0 9 U
13 2 2 2 D
13 3 15 6 R
13 4 6 1 D
13 5 4 5 R
13 6 5 3 D
13 7 0 12 U
13 8 2 8 R
13 9 4 4 R
13 10 14 10 U
13 11 2 11 U
13 13 17 14 L
13 14 15 5 R
13 15 18 2 D
13 16 2 10 U
13 17 5 17 L
13 18 18 18 L
14 0 0 10 U
14 1 5 17 L
14 2 11 4 R
14 3 11 7 R
14 5 9 1 D
14 7 13 9 U
14 8 11 8 R
14 9 17 5 R
14 10 6 10 U
14 11 16 5 R
14 12 8 12 U
14 13 10 16 L
14 14 8 8 R
14 15 0 9 U
14 16 19 16 L
14 17 7 17 L
14 18 4 18 L
15 0 4 15 L
15 1 2 16 L
15 2 14 14 L
15 3 9 5 R
15 5 8 16 L
15 6 0 9 U
15 7 5 10 U
15 8 6 11 U
15 9 7 9 U
15 11 0 0 D
15 13 13 15 L
15 14 9 4 R
15 15 1 15 L
15 16 12 16 L
15 17 0 8 R
16 0 18 6 R
16 1 10 1 D
16 2 19 7 R
16 3 3 3 D
16 4 2 9 U
16 5 4 5 R
16 6 1 6 R
16 7 2 7 R
16 8 11 2 D
16 9 2 9 U
16 10 5 10 U
16 11 5 11 U
16 13 9 18 L
16 14 13 0 D
16 16 0 7 R
16 17 5 17 L
17 0 12 17 L
17 1 0 13 U
17 4 0 14 L
17 5 11 13 U
17 7 16 0 D
17 8 8 8 R
17 9 13 14 L
17 12 0 3 D
17 14 0 3 D
17 16 10 1 D
17 17 12 1 D
18 0 1 6 R
18 1 14 5 R
18 4 10 1 D
18 5 14 5 R
18 6 7 6 R
18 7 0 0 D
18 8 6 13 U
18 9 8 4 R
18 14 10 14 L
18 16 8 10 U
18 17 5 17 L
19 0 1 8 R
19 1 14 1 D
19 5 18 12 U
19 8 20 13 U
19 9 13 4 R
19 16 16 9 U
19 17 7 17 L
20 5 3 11 U
20 8 9 8 R
20 16 2 16 L

