16 17 233
12 0 0 0 0 0 0 13 0 0 0 0 7 0 0 0 14 0 8 0
15 0 0 0 0 0 0 0 0 0 14 0 0 0 0 0 0 0 0 0
13 13 0 0 0 0 0 12 14 0 0 0 0 0 0 0 0 0 0 0
0 9 5 0 11 0 2 0 0 4 0 11 0 0 0 0 0 0 0 0
0 13 2 0 0 0 5 0 0 0 7 0 0 0 0 0 13 0 9 0
0 1 0 0 0 0 3 1 0 7 6 7 8 0 0 0 0 0 0 0
0 3 0 0 0 0 0 8 0 15 3 0 0 0 0 0 0 0 0 0
10 0 0 0 0 0 0 0 0 0 0 0 0 0 0 0 0 0 0 0
8 14 0 0 0 0 13 0 0 1 0 0 10 11 7 12 0 4 0 0
0 0 0 0 0 0 0 0 0 11 0 0 11 0 0 7 0 0 0 0
2 1 0 0 0 0 0 6 0 0 0 0 13 0 14 0 0 1 0 0
0 0 8 0 0 0 0 10 0 0 10 0 13 0 8 0 0 0 15 0
0 0 6 10 0 0 0 0 0 11 0 0 0 0 13 0 3 0 3 5
0 0 0 0 0 0 0 0 0 0 6 0 0 5 0 5 0 2 0 12
0 6 0 0 0 0 0 0 0 0 0 0 0 0 0 10 7 0 0 9
11 0 0 4 0 6 0 0 0 3 7 0 8 0 0 0 0 0 0 0
14 13 15 0 0 0 0 0 0 0 0 0 9 0 0 0 0 0 0 9
0 8 12 0 1 0 0 0 0 0 0 0 7 0 0 0 0 6 1 0
0 0 0 0 0 0 0 0 0 0 0 0 0 0 0 0 0 9 0 0
0 0 0 0 0 5 0 0 0 0 0 0 9 0 0 0 0 0 0 0
0 0 0 0 L
0 1 0 1 L
0 2 0 2 L
0 3 0 3 L
0 4 0 4 R
0 5 0 5 R
0 6 0 6 R
0 7 0 7 R
0 8 0 8 D
0 9 0 9 D
0 10 0 10 D
0 11 0 11 D
0 12 0 12 D
0 13 0 13 U
0 14 0 14 U
0 15 0 15 U
0 16 0 16 U
1 0 5 15 U
1 1 2 1 L
1 2 2 2 L
1 3 7 3 L
1 4 5 4 R
1 5 0 0 L
1 6 2 14 U
1 7 2 7 R
1 8 11 5 R
1 9 9 2 L
1 10 9 0 L
1 11 0 6 R
1 13 0 10 D
1 14 8 14 U
1 15 8 15 U
1 16 4 16 U
2 0 11 10 D
2 1 6 1 L
2 2 11 2 L
2 3 12 15 U
2 4 0 8 D
2 5 0 1 L
2 6 11 2 L
2 7 1 7 R
2 8 5 2 L
2 9 3 7 R
2 10 1 1 L
2 11 5 1 L
2 12 6 4 R
2 13 0 0 L
2 14 0 4 R
2 15 1 5 R
2 16 7 0 L
3 0 0 10 D
3 1 11 4 R
3 2 6 15 U
3 3 5 13 U
3 4 8 9 D
3 5 4 16 U
3 6 0 10 D
3 7 1 13 U
3 8 0 0 L
3 9 6 0 L
3 10 6 10 D
3 11 0 3 L
3 12 0 3 L
3 13 0 1 L
3 14 6 4 R
3 15 4 15 U
3 16 0 6 R
4 0 0 15 U
4 1 5 15 U
4 2 6 2 L
4 3 5 11 D
4 4 3 10 D
4 5 3 10 D
4 6 1 16 U
4 7 10 9 D
4 8 1 4 R
4 9 7 14 U
4 10 7 6 R
4 11 3 11 D
4 12 0 7 R
4 13 5 2 L
4 14 5 14 U
4 15 8 15 U
4 16 5 16 U
5 0 11 16 U
5 1 8 16 U
5 2 0 13 U
5 3 6 3 L
5 4 0 0 L
5 5 6 5 R
5 6 0 16 U
5 7 0 9 D
5 8 11 7 R
5 9 0 5 R
5 10 9 10 D
5 11 3 7 R
5 13 10 13 U
5 14 8 14 U
5 15 8 1 L
5 16 9 7 R
6 0 0 8 D
6 1 0 9 D
6 2 7 9 D
6 3 10 3 L
6 4 2 13 U
6 5 5 5 R
6 6 1 6 R
6 7 7 7 R
6 8 2 8 D
6 9 5 5 R
6 10 8 10 D
6 11 1 7 R
6 13 0 4 R
6 14 4 3 L
6 15 0 9 D
6 16 2 16 U
7 0 10 11 D
7 1 1 10 D
7 2 1 9 D
7 3 1 3 L
7 4 0 13 U
7 5 10 5 R
7 6 4 10 D
7 7 1 7 R
7 8 0 14 U
7 9 3 1 L
7 11 12 3 L
7 13 4 0 L
7 14 9 4 R
7 15 6 15 U
7 16 8 16 U
8 0 1 11 D
8 1 3 4 R
8 2 10 14 U
8 3 0 5 R
8 4 2 8 D
8 5 12 14 U
8 6 2 6 R
8 7 2 11 D
8 8 3 8 D
8 9 1 9 D
8 10 5 10 D
8 11 1 11 D
8 13 6 5 R
8 14 11 14 U
8 15 4 6 R
8 16 3 1 L
9 0 0 12 D
9 1 8 12 D
9 2 8 8 D
9 3 2 12 D
9 4 0 14 U
9 5 0 15 U
9 6 3 16 U
9 7 3 14 U
9 8 0 13 U
9 11 4 11 D
9 13 8 1 L
9 14 2 14 U
9 15 7 4 R
9 16 8 16 U
10 0 0 13 U
10 1 6 1 L
10 2 9 2 L
10 3 1 3 L
10 4 0 12 D
10 5 7 5 R
10 6 4 6 R
10 7 7 8 D
10 8 12 4 R
10 9 0 4 R
10 10 0 1 L
10 11 13 11 D
10 13 2 1 L
10 14 0 2 L
10 15 3 4 R
10 16 7 4 R
11 0 10 13 U
11 1 0 6 R
11 2 0 7 R
11 3 4 14 U
11 4 1 12 D
11 5 10 8 D
11 6 4 8 D
11 7 0 11 D
11 8 1 8 D
11 9 12 9 D
11 10 10 4 R
11 11 14 11 D
11 12 5 12 D
11 13 0 8 D
11 14 9 6 R
11 15 5 15 U
11 16 0 11 D
12 0 8 0 L
12 1 11 13 U
12 2 0 4 R
12 3 1 14 U
12 4 9 8 D
12 5 1 3 L
12 6 14 6 R
12 7 3 16 U
12 8 3 2 L
12 11 4 7 R
12 13 11 2 L
12 14 9 0 L
12 15 3 15 U
12 16 4 3 L
13 0 10 0 L
13 1 5 14 U
13 2 7 2 L
13 4 10 9 D
13 6 2 6 R
13 7 12 11 D
13 8 7 13 U
13 11 15 11 D
13 13 6 6 R
13 14 11 2 L
13 15 10 7 R
13 16 6 16 U
14 0 1 16 U
14 1 8 1 L
14 4 12 8 D
14 6 0 1 L
14 13 13 0 L
14 14 6 10 D
14 15 4 15 U
14 16 8 16 U
15 0 7 8 D
15 1 0 11 D
15 4 2 10 D
15 14 12 6 R
15 16 11 16 U

