26 28 595
13 0 0 0 0 0 0 0 0 0 0 0 8
8 24 0 0 0 0 19 22 19 19 0 4 24
0 20 0 3 2 19 16 5 0 0 2 23 21
0 0 7 21 5 1 0 16 0 5 0 0 9
0 25 0 0 0 14 0 19 0 0 21 0 20
0 0 23 0 0 0 6 17 12 0 0 14 0
20 24 3 0 0 0 19 6 23 5 0 0 0
10 12 14 0 14 25 3 18 12 0 0 24 0
22 3 24 0 0 19 17 19 0 19 16 3 0
22 9 0 17 5 0 2 0 0 24 20 25 0
18 0 14 0 0 0 21 0 5 23 0 0 0
13 21 18 0 10 0 0 21 3 0 2 12 0
14 4 0 4 0 15 16 0 0 24 22 18 19
0 0 0 0 L
0 1 0 1 L
0 2 0 2 L
0 3 0 3 L
0 4 0 4 L
0 5 0 5 L
0 6 0 6 L
0 7 0 7 L
0 8 0 8 R
0 9 0 9 R
0 10 0 10 R
0 11 0 11 R
0 12 0 12 R
0 13 0 13 R
0 14 0 14 R
0 15 0 15 R
0 16 0 16 D
0 17 0 17 D
0 18 0 18 D
0 19 0 19 D
0 20 0 20 D
0 21 0 21 D
0 22 0 22 U
0 23 0 23 U
0 24 0 24 U
0 25 0 25 U
0 26 0 26 U
0 27 0 27 U
1 0 12 8 R
1 1 5 1 L
1 2 12 20 D
1 3 5 16 D
1 4 11 4 L
1 5 13 5 L
1 6 2 20 D
1 7 0 22 U
1 8 5 18 D
1 9 2 9 R
1 10 4 10 R
1 11 2 11 R
1 12 3 12 R
1 13 2 13 R
1 14 3 14 R
1 15 6 0 L
1 16 3 6 L
1 17 15 17 D
1 18 15 3 L
1 19 5 19 D
1 20 5 20 D
1 21 10 2 L
1 22 5 15 R
1 23 3 23 U
1 24 5 24 U
1 25 6 25 U
1 26 2 26 U
1 27 17 27 U
2 0 0 26 U
2 1 4 1 L
2 2 1 2 L
2 3 3 17 D
2 4 6 17 D
2 5 1 5 L
2 6 6 13 R
2 7 1 7 L
2 8 4 8 R
2 9 1 9 R
2 10 1 10 R
2 11 4 11 R
2 12 4 12 R
2 13 3 21 D
2 14 19 14 R
2 15 3 15 R
2 16 3 4 L
2 17 11 17 D
2 18 1 4 L
2 19 6 4 L
2 20 18 20 D
2 21 16 0 L
2 22 8 0 L
2 23 16 8 R
2 24 5 2 L
2 25 16 3 L
2 26 5 18 D
2 27 1 4 L
3 0 1 21 D
3 1 0 18 D
3 2 4 24 U
3 3 1 3 L
3 4 1 4 L
3 5 8 5 L
3 6 1 19 D
3 7 1 7 L
3 8 5 17 D
3 9 12 22 U
3 10 1 10 R
3 11 10 11 R
3 12 11 12 R
3 13 11 16 D
3 14 12 18 D
3 15 1 19 D
3 16 12 0 L
3 17 0 11 R
3 18 15 8 R
3 19 5 1 L
3 20 2 20 D
3 21 7 21 D
3 22 8 3 L
3 23 0 8 R
3 24 2 6 L
3 25 9 14 R
3 26 2 16 D
3 27 8 4 L
4 0 9 18 D
4 1 19 1 L
4 2 3 16 D
4 3 2 3 L
4 4 0 13 R
4 5 11 5 L
4 6 2 6 L
4 7 13 7 L
4 8 3 17 D
4 9 8 9 R
4 10 2 10 R
4 11 1 11 R
4 12 1 12 R
4 13 16 13 R
4 16 1 1 L
4 17 12 13 R
4 18 0 9 R
4 19 1 19 D
4 20 1 20 D
4 21 10 27 U
4 22 2 6 L
4 23 0 2 L
4 24 3 3 L
4 25 0 14 R
4 26 5 5 L
4 27 1 27 U
5 0 0 16 D
5 1 1 1 L
5 2 1 2 L
5 3 16 21 D
5 4 2 19 D
5 5 1 5 L
5 6 2 6 L
5 7 0 12 R
5 8 9 22 U
5 9 0 23 U
5 10 1 10 R
5 11 4 20 D
5 12 8 24 U
5 13 3 19 D
5 16 12 3 L
5 17 0 22 U
5 18 10 18 D
5 19 23 26 U
5 20 12 1 L
5 21 0 5 L
5 22 0 0 L
5 23 1 10 R
5 24 1 24 U
5 25 12 0 L
5 26 14 3 L
5 27 7 27 U
6 0 0 9 R
6 1 11 10 R
6 2 12 8 R
6 3 2 3 L
6 4 7 25 U
6 5 10 24 U
6 6 1 6 L
6 7 0 9 R
6 8 17 17 D
6 9 0 24 U
6 10 7 22 U
6 11 3 11 R
6 12 10 27 U
6 13 1 27 U
6 16 1 0 L
6 17 14 23 U
6 18 22 1 L
6 19 5 10 R
6 20 13 1 L
6 21 5 21 D
6 22 0 9 R
6 23 4 23 U
6 24 1 24 U
6 25 11 9 R
6 26 14 1 L
6 27 1 27 U
7 0 8 10 R
7 1 0 9 R
7 2 14 17 D
7 3 9 23 U
7 4 23 18 D
7 5 3 5 L
7 6 13 9 R
7 7 13 7 L
7 8 10 25 U
7 9 1 22 U
7 10 5 22 U
7 11 8 26 U
7 12 6 20 D
7 13 16 25 U
7 16 0 6 L
7 17 1 17 D
7 18 5 7 L
7 19 6 2 L
7 20 1 1 L
7 21 20 5 L
7 22 9 22 U
7 23 1 16 D
7 24 9 24 U
7 25 11 25 U
7 26 1 26 U
7 27 1 27 U
8 0 12 20 D
8 1 15 18 D
8 2 2 2 L
8 3 0 10 R
8 4 16 20 D
8 5 4 5 L
8 6 21 6 L
8 7 11 7 L
8 8 0 16 D
8 9 13 5 L
8 10 10 20 D
8 11 6 21 D
8 12 15 26 U
8 13 1 13 R
8 14 4 18 D
8 16 12 8 R
8 17 12 17 D
8 18 11 2 L
8 19 4 12 R
8 20 6 4 L
8 21 6 21 D
8 22 3 22 U
8 23 5 23 U
8 24 19 1 L
8 25 4 5 L
8 26 0 1 L
8 27 13 0 L
9 0 12 26 U
9 1 0 24 U
9 2 3 2 L
9 3 8 18 D
9 5 4 17 D
9 6 14 11 R
9 7 12 7 L
9 8 7 23 U
9 9 18 24 U
9 10 20 24 U
9 11 14 26 U
9 12 20 25 U
9 13 21 26 U
9 16 12 16 D
9 17 0 25 U
9 18 11 0 L
9 19 17 9 R
9 20 1 20 D
9 21 13 21 D
9 22 17 11 R
9 23 2 23 U
9 24 8 11 R
9 25 15 25 U
9 26 5 26 U
9 27 5 27 U
10 0 6 17 D
10 1 3 1 L
10 2 15 21 D
10 3 15 25 U
10 4 2 4 L
10 5 3 19 D
10 6 0 19 D
10 7 13 19 D
10 8 0 19 D
10 9 9 23 U
10 10 19 27 U
10 11 22 11 R
10 12 15 20 D
10 13 4 13 R
10 16 4 1 L
10 17 15 25 U
10 18 0 12 R
10 19 15 8 R
10 20 20 9 R
10 21 6 21 D
10 22 13 12 R
10 23 13 2 L
10 24 9 3 L
10 25 1 25 U
10 26 15 11 R
10 27 13 17 D
11 0 15 16 D
11 1 1 10 R
11 2 12 2 L
11 3 14 22 U
11 4 7 13 R
11 5 2 5 L
11 6 4 6 L
11 7 2 12 R
11 8 22 22 U
11 9 3 19 D
11 10 2 21 D
11 11 13 24 U
11 12 5 18 D
11 13 1 13 R
11 14 12 14 R
11 16 24 5 L
11 17 4 0 L
11 18 6 10 R
11 19 1 19 D
11 20 14 26 U
11 21 6 21 D
11 22 9 6 L
11 23 9 13 R
11 24 3 24 U
11 25 1 6 L
11 26 9 10 R
11 27 1 1 L
12 0 0 8 R
12 1 7 17 D
12 2 10 19 D
12 3 17 9 R
12 5 20 12 R
12 6 14 6 L
12 7 1 7 L
12 8 0 17 D
12 9 3 9 R
12 10 16 26 U
12 11 16 16 D
12 12 13 22 U
12 13 18 13 R
12 14 8 14 R
12 16 9 0 L
12 17 1 1 L
12 18 0 10 R
12 19 17 1 L
12 20 0 0 L
12 21 0 23 U
12 22 10 9 R
12 23 1 23 U
12 24 4 13 R
12 25 15 25 U
12 26 9 12 R
12 27 20 6 L
13 0 6 13 R
13 1 6 9 R
13 2 4 9 R
13 3 4 3 L
13 4 19 18 D
13 5 12 20 D
13 6 1 6 L
13 7 1 7 L
13 8 19 16 D
13 9 3 27 U
13 10 17 19 D
13 11 19 19 D
13 12 4 12 R
13 13 11 13 R
13 16 15 12 R
13 17 15 26 U
13 18 5 26 U
13 19 0 1 L
13 20 15 0 L
13 21 15 6 L
13 22 8 11 R
13 23 0 10 R
13 24 6 13 R
13 25 17 10 R
13 26 18 26 U
13 27 3 9 R
14 0 4 16 D
14 1 0 10 R
14 2 13 2 L
14 3 10 3 L
14 5 22 16 D
14 7 0 25 U
14 8 1 0 L
14 9 16 19 D
14 10 18 19 D
14 11 1 11 R
14 12 6 25 U
14 13 4 27 U
14 16 15 15 R
14 17 20 2 L
14 18 2 18 D
14 19 7 24 U
14 20 7 20 D
14 21 4 27 U
14 22 17 22 U
14 23 21 23 U
14 24 0 18 D
14 25 3 2 L
14 26 18 4 L
14 27 12 0 L
15 0 18 22 U
15 1 1 1 L
15 2 11 23 U
15 3 4 3 L
15 5 1 5 L
15 6 17 20 D
15 7 1 7 L
15 8 2 25 U
15 9 16 26 U
15 10 1 24 U
15 11 0 25 U
15 12 5 12 R
15 13 2 13 R
15 16 18 7 L
15 17 18 6 L
15 18 5 0 L
15 19 5 25 U
15 20 5 20 D
15 21 20 21 D
15 22 14 8 R
15 23 10 1 L
15 24 9 24 U
15 25 1 25 U
15 26 22 26 U
15 27 14 27 U
16 0 21 24 U
16 1 13 20 D
16 2 21 2 L
16 3 1 3 L
16 4 8 4 L
16 5 2 5 L
16 6 11 17 D
16 7 3 7 L
16 8 0 27 U
16 9 8 18 D
16 10 1 25 U
16 11 19 11 R
16 13 21 23 U
16 16 1 3 L
16 17 20 4 L
16 18 14 5 L
16 19 13 10 R
16 20 3 20 D
16 21 3 21 D
16 22 3 4 L
16 23 5 0 L
16 24 5 24 U
16 25 8 4 L
16 26 8 8 R
16 27 15 14 R
17 0 1 8 R
17 1 20 16 D
17 2 12 16 D
17 3 0 16 D
17 4 11 11 R
17 5 0 8 R
17 6 5 15 R
17 8 5 16 D
17 9 12 9 R
17 10 2 10 R
17 11 9 23 U
17 13 10 17 D
17 16 0 0 L
17 17 1 0 L
17 18 0 8 R
17 19 16 19 D
17 20 7 20 D
17 21 12 10 R
17 22 1 9 R
17 23 14 0 L
17 24 22 0 L
17 25 16 13 R
17 26 10 11 R
18 0 2 22 U
18 1 9 25 U
18 2 3 21 D
18 3 22 13 R
18 4 2 21 D
18 5 7 5 L
18 6 17 18 D
18 7 19 7 L
18 8 7 16 D
18 9 22 16 D
18 10 3 10 R
18 11 22 22 U
18 13 3 18 D
18 16 13 22 U
18 18 6 18 D
18 19 7 19 D
18 20 17 20 D
18 21 5 7 L
18 22 4 0 L
18 23 15 18 D
18 24 2 8 R
18 25 23 25 U
18 26 21 3 L
19 0 8 17 D
19 1 9 1 L
19 2 4 2 L
19 3 20 17 D
19 4 12 4 L
19 5 3 18 D
19 6 20 6 L
19 8 5 21 D
19 9 21 17 D
19 10 12 10 R
19 11 13 18 D
19 13 12 18 D
19 16 5 5 L
19 17 7 11 R
19 18 13 13 R
19 19 21 22 U
19 20 0 23 U
19 21 6 21 D
19 22 17 0 L
19 23 1 2 L
19 24 1 11 R
19 25 23 6 L
19 26 18 19 D
19 27 12 5 L
20 0 16 0 L
20 1 8 21 D
20 2 0 21 D
20 3 1 3 L
20 5 0 19 D
20 6 3 6 L
20 8 21 19 D
20 9 5 25 U
20 10 9 24 U
20 11 16 19 D
20 13 23 13 R
20 16 5 0 L
20 17 19 12 R
20 18 7 18 D
20 19 5 4 L
20 20 11 27 U
20 22 14 10 R
20 23 10 10 R
20 24 17 24 U
20 25 18 11 R
20 27 1 7 L
21 0 12 19 D
21 1 3 1 L
21 2 1 23 U
21 3 16 3 L
21 8 15 1 L
21 9 3 9 R
21 10 4 10 R
21 11 19 11 R
21 13 12 13 R
21 16 6 25 U
21 18 11 26 U
21 19 19 2 L
21 20 13 3 L
21 22 9 1 L
21 23 22 23 U
21 24 24 2 L
21 25 18 25 U
22 0 23 23 U
22 1 0 22 U
22 2 0 11 R
22 3 21 3 L
22 5 14 26 U
22 8 17 22 U
22 9 13 25 U
22 13 11 13 R
22 16 0 23 U
22 18 7 18 D
22 19 5 12 R
22 20 5 0 L
22 22 14 9 R
22 23 19 13 R
22 24 6 7 L
22 25 4 25 U
23 0 6 27 U
23 1 1 9 R
23 2 3 2 L
23 3 10 26 U
23 8 15 23 U
23 13 11 13 R
23 16 15 9 R
23 18 11 18 D
23 19 5 3 L
23 20 6 20 D
23 22 2 8 R
23 23 10 9 R
24 0 23 20 D
24 2 19 18 D
24 8 2 17 D
24 13 14 24 U
24 16 7 10 R
24 18 19 24 U
24 19 3 6 L
24 20 23 7 L
24 23 7 6 L
25 0 15 0 L
25 18 11 18 D
25 23 0 12 R

