29 29 710
20 0 5 11 2 2 24 5 27 20 4 0 13 25
0 24 9 3 7 20 0 8 0 0 27 19 0 0
8 0 21 5 22 0 5 0 0 22 0 19 0 0
22 19 12 5 0 0 0 10 0 0 9 13 2 0
0 0 0 21 0 16 0 0 21 14 0 17 0 19
21 23 0 0 17 18 0 20 0 7 18 19 0 20
8 0 11 25 24 0 0 15 18 2 0 0 0 19
11 20 0 0 24 0 26 0 17 0 0 21 16 0
23 0 0 21 26 0 23 0 21 0 0 27 12 2
19 0 0 9 0 24 27 17 0 23 23 8 15 0
8 0 1 0 0 16 0 25 25 19 0 0 17 10
0 0 4 11 28 23 0 0 0 26 0 0 7 26
22 1 0 18 2 21 5 0 10 26 12 14 0 0
1 0 0 0 0 0 15 5 0 5 9 14 21 28
0 0 0 0 R
0 1 0 1 R
0 2 0 2 R
0 3 0 3 R
0 4 0 4 R
0 5 0 5 R
0 6 0 6 R
0 7 0 7 U
0 8 0 8 U
0 9 0 9 U
0 10 0 10 U
0 11 0 11 U
0 12 0 12 U
0 13 0 13 U
0 14 0 14 D
0 15 0 15 D
0 16 0 16 D
0 17 0 17 D
0 18 0 18 D
0 19 0 19 D
0 20 0 20 D
0 21 0 21 L
0 22 0 22 L
0 23 0 23 L
0 24 0 24 L
0 25 0 25 L
0 26 0 26 L
0 27 0 27 L
0 28 0 28 L
1 0 19 0 R
1 1 0 7 U
1 2 2 2 R
1 3 6 3 R
1 4 6 4 R
1 5 4 5 R
1 6 0 12 U
1 7 22 4 R
1 8 4 3 R
1 9 5 3 R
1 10 16 10 U
1 11 2 3 R
1 12 4 0 R
1 13 7 13 U
1 14 9 23 L
1 15 5 21 L
1 16 0 1 R
1 17 20 13 U
1 18 8 21 L
1 19 3 21 L
1 20 18 20 D
1 21 0 7 U
1 22 18 18 D
1 23 6 23 L
1 24 4 17 D
1 25 8 18 D
1 26 10 26 L
1 27 16 27 L
1 28 16 28 L
2 0 18 8 U
2 1 14 14 D
2 2 7 9 U
2 3 1 3 R
2 4 19 25 L
2 5 14 5 R
2 6 3 11 U
2 7 4 5 R
2 8 0 0 R
2 9 9 24 L
2 10 11 24 L
2 11 13 21 L
2 12 22 12 U
2 13 5 24 L
2 14 13 7 U
2 15 0 12 U
2 16 9 21 L
2 17 16 4 R
2 18 9 18 D
2 19 11 19 D
2 20 15 0 R
2 21 0 11 U
2 22 0 14 D
2 23 8 15 D
2 24 12 24 L
2 25 16 25 L
2 26 4 26 L
2 27 15 27 L
2 28 20 12 U
3 0 10 8 U
3 1 2 1 R
3 2 6 2 R
3 3 2 3 R
3 4 20 14 D
3 5 1 5 R
3 6 4 6 R
3 7 7 28 L
3 8 4 25 L
3 9 0 14 D
3 10 4 2 R
3 11 2 11 U
3 12 6 24 L
3 13 5 13 U
3 14 0 10 U
3 15 0 21 L
3 16 2 16 D
3 17 8 22 L
3 18 8 18 D
3 19 19 2 R
3 20 13 20 D
3 21 2 16 D
3 22 6 16 D
3 23 10 15 D
3 24 11 8 U
3 25 1 25 L
3 26 1 26 L
3 27 26 19 D
3 28 1 28 L
4 0 9 7 U
4 1 1 1 R
4 2 5 2 R
4 3 5 3 R
4 4 10 4 R
4 5 0 22 L
4 6 6 6 R
4 7 14 0 R
4 8 7 25 L
4 9 7 28 L
4 10 14 0 R
4 11 9 2 R
4 12 2 22 L
4 13 1 3 R
4 14 0 8 U
4 15 12 15 D
4 16 0 7 U
4 17 11 17 D
4 18 6 26 L
4 19 6 0 R
4 20 0 23 L
4 21 0 8 U
4 22 3 22 L
4 23 6 19 D
4 24 14 9 U
4 25 1 25 L
4 26 1 26 L
4 27 12 27 L
4 28 3 28 L
5 0 10 12 U
5 1 0 11 U
5 2 0 21 L
5 3 21 17 D
5 4 7 10 U
5 5 18 5 R
5 6 8 15 D
5 7 21 21 L
5 8 24 8 U
5 9 12 9 U
5 10 8 10 U
5 11 7 6 R
5 12 25 12 U
5 13 13 5 R
5 14 13 22 L
5 15 10 22 L
5 16 18 16 D
5 17 3 17 D
5 18 12 23 L
5 19 2 19 D
5 20 3 20 D
5 21 17 13 U
5 22 26 15 D
5 23 0 1 R
5 24 18 15 D
5 25 14 25 L
5 26 12 17 D
5 27 6 19 D
5 28 1 16 D
6 0 21 13 U
6 1 1 17 D
6 2 12 15 D
6 3 0 8 U
6 4 2 4 R
6 5 15 17 D
6 6 4 6 R
6 7 2 26 L
6 8 0 24 L
6 9 17 21 L
6 10 1 26 L
6 11 1 22 L
6 12 5 6 R
6 13 18 23 L
6 14 2 1 R
6 15 8 3 R
6 16 1 21 L
6 17 7 17 D
6 18 8 25 L
6 19 7 19 D
6 21 0 9 U
6 22 4 8 U
6 23 2 23 L
6 24 1 24 L
6 25 15 25 L
6 26 3 26 L
6 27 1 27 L
6 28 1 28 L
7 0 0 21 L
7 1 20 21 L
7 2 8 14 D
7 3 4 20 D
7 4 0 14 D
7 5 2 10 U
7 6 13 15 D
7 7 0 25 L
7 8 0 17 D
7 9 24 0 R
7 10 1 10 U
7 11 3 11 U
7 12 13 0 R
7 13 5 13 U
7 14 0 2 R
7 15 10 5 R
7 16 2 16 D
7 17 13 25 L
7 18 2 1 R
7 19 23 21 L
7 20 1 24 L
7 21 19 8 U
7 22 20 16 D
7 23 0 5 R
7 24 3 24 L
7 25 12 10 U
7 26 15 13 U
7 27 15 7 U
7 28 1 17 D
8 0 0 19 D
8 1 4 19 D
8 2 6 2 R
8 3 11 9 U
8 4 10 4 R
8 5 4 8 U
8 6 7 11 U
8 7 0 4 R
8 8 11 4 R
8 9 1 2 R
8 10 9 10 U
8 11 5 26 L
8 12 7 12 U
8 13 20 13 U
8 14 24 24 L
8 15 1 23 L
8 16 0 0 R
8 17 3 11 U
8 18 12 18 D
8 19 7 19 D
8 20 22 20 D
8 21 2 21 L
8 22 14 12 U
8 23 0 6 R
8 24 7 5 R
8 25 12 12 U
8 26 12 26 L
8 27 20 16 D
8 28 1 14 D
9 0 7 7 U
9 1 14 9 U
9 2 17 25 L
9 3 7 16 D
9 4 14 7 U
9 5 4 5 R
9 6 2 6 R
9 7 2 6 R
9 8 24 0 R
9 9 11 25 L
9 10 2 10 U
9 11 0 6 R
9 12 1 12 U
9 13 3 13 U
9 14 1 23 L
9 15 5 15 D
9 16 4 16 D
9 17 8 17 D
9 18 7 18 D
9 19 8 1 R
9 20 5 20 D
9 21 25 14 D
9 22 6 10 U
9 23 13 9 U
9 24 10 12 U
9 25 3 7 U
9 26 8 14 D
10 0 21 10 U
10 1 23 1 R
10 2 14 16 D
10 3 4 26 L
10 4 25 19 D
10 5 19 17 D
10 6 23 17 D
10 7 9 2 R
10 8 3 8 U
10 9 13 1 R
10 10 2 23 L
10 11 6 2 R
10 12 26 12 U
10 13 12 22 L
10 14 4 21 L
10 15 23 6 R
10 16 12 6 R
10 17 16 21 L
10 18 21 21 L
10 19 0 26 L
10 20 27 20 D
10 21 8 4 R
10 22 6 11 U
10 23 17 18 D
10 24 4 18 D
10 25 0 16 D
10 26 24 10 U
10 28 5 17 D
11 0 0 18 D
11 1 0 17 D
11 2 15 10 U
11 3 10 15 D
11 4 21 15 D
11 5 15 10 U
11 6 21 14 D
11 7 1 5 R
11 8 0 16 D
11 9 6 9 U
11 10 15 10 U
11 11 9 11 U
11 12 3 12 U
11 13 13 13 U
11 14 19 8 U
11 15 5 26 L
11 16 18 24 L
11 17 0 22 L
11 18 5 18 D
11 19 8 19 D
11 20 3 20 D
11 21 14 0 R
11 22 0 12 U
11 23 13 2 R
11 24 19 11 U
11 25 2 8 U
11 26 12 19 D
12 0 14 21 L
12 1 20 1 R
12 2 21 15 D
12 3 10 3 R
12 4 6 14 D
12 5 8 8 U
12 6 17 6 R
12 7 26 7 U
12 8 8 1 R
12 9 2 9 U
12 10 13 2 R
12 11 1 1 R
12 12 14 21 L
12 13 11 2 R
12 14 16 4 R
12 15 2 15 D
12 16 3 16 D
12 17 8 26 L
12 18 11 5 R
12 19 14 19 D
12 21 13 16 D
12 22 18 12 U
12 23 14 7 U
12 24 8 7 U
12 25 19 19 D
12 26 3 18 D
13 0 0 15 D
13 1 16 8 U
13 2 4 16 D
13 3 0 21 L
13 4 1 19 D
13 5 6 14 D
13 6 0 23 L
13 7 4 26 L
13 8 16 8 U
13 9 0 26 L
13 10 11 3 R
13 11 26 23 L
13 12 5 24 L
13 13 9 13 U
13 14 15 22 L
13 15 22 23 L
13 16 1 16 D
13 17 7 17 D
13 18 16 22 L
13 19 9 19 D
13 20 11 23 L
13 21 10 1 R
13 22 3 19 D
13 23 15 14 D
13 24 1 24 L
13 25 12 16 D
13 26 12 26 L
13 28 10 28 L
14 0 8 21 L
14 1 13 9 U
14 2 10 2 R
14 3 17 3 R
14 4 3 4 R
14 5 2 5 R
14 6 13 28 L
14 7 8 0 R
14 8 0 23 L
14 9 2 3 R
14 10 10 23 L
14 11 4 11 U
14 12 1 27 L
14 13 2 26 L
14 14 6 0 R
14 15 16 1 R
14 16 0 3 R
14 17 4 11 U
14 18 8 18 D
14 19 3 8 U
14 21 4 0 R
14 22 13 9 U
14 23 25 16 D
14 24 4 7 U
14 25 1 8 U
14 26 13 18 D
14 27 11 27 L
14 28 13 28 L
15 0 13 7 U
15 1 4 1 R
15 2 19 12 U
15 3 6 14 D
15 4 4 4 R
15 5 2 5 R
15 6 3 6 R
15 7 2 5 R
15 8 4 23 L
15 9 6 23 L
15 10 0 15 D
15 11 1 25 L
15 12 20 3 R
15 13 4 13 U
15 14 19 1 R
15 15 9 2 R
15 16 20 3 R
15 17 6 17 D
15 18 9 5 R
15 19 1 8 U
15 21 3 7 U
15 22 26 22 L
15 23 3 8 U
15 24 22 24 L
15 25 20 25 L
15 26 0 9 U
16 0 7 11 U
16 1 17 7 U
16 2 4 2 R
16 3 1 16 D
16 4 15 4 R
16 5 4 5 R
16 7 1 1 R
16 8 23 2 R
16 9 13 3 R
16 10 15 1 R
16 11 7 21 L
16 12 11 12 U
16 13 11 13 U
16 14 13 4 R
16 15 12 1 R
16 16 23 22 L
16 17 3 17 D
16 18 11 4 R
16 19 5 19 D
16 21 8 7 U
16 22 18 8 U
16 23 4 11 U
16 24 10 24 L
16 25 6 14 D
16 26 0 10 U
16 27 7 9 U
17 0 3 7 U
17 1 13 18 D
17 2 11 22 L
17 3 1 17 D
17 5 2 5 R
17 7 11 22 L
17 8 27 26 L
17 9 5 9 U
17 10 5 27 L
17 11 26 24 L
17 12 4 28 L
17 13 19 25 L
17 14 1 2 R
17 15 20 24 L
17 16 18 10 U
17 17 21 0 R
17 18 3 18 D
17 19 1 19 D
17 21 15 9 U
17 22 7 12 U
17 23 4 23 L
17 24 25 14 D
17 25 20 25 L
17 26 24 26 L
17 27 2 27 L
17 28 2 28 L
18 0 23 7 U
18 1 11 17 D
18 2 4 2 R
18 3 1 3 R
18 4 6 4 R
18 5 6 5 R
18 6 1 6 R
18 7 0 2 R
18 8 8 8 U
18 9 0 1 R
18 10 27 25 L
18 11 20 17 D
18 12 8 6 R
18 13 17 13 U
18 14 1 0 R
18 15 2 15 D
18 16 25 16 D
18 17 16 0 R
18 18 0 24 L
18 19 1 3 R
18 21 25 10 U
18 22 12 22 L
18 23 16 15 D
18 24 1 10 U
18 25 4 25 L
18 26 7 7 U
19 0 8 9 U
19 1 0 8 U
19 2 14 23 L
19 4 14 18 D
19 5 12 19 D
19 6 9 10 U
19 7 5 22 L
19 8 14 21 L
19 9 18 14 D
19 10 16 4 R
19 11 1 28 L
19 12 21 12 U
19 13 5 26 L
19 14 7 7 U
19 15 9 25 L
19 16 2 6 R
19 17 2 5 R
19 18 8 22 L
19 19 9 6 R
19 21 15 11 U
19 22 11 0 R
19 23 1 23 L
19 24 16 20 D
19 25 16 20 D
19 26 0 11 U
20 0 16 12 U
20 1 4 25 L
20 2 22 2 R
20 3 22 12 U
20 4 9 4 R
20 5 13 12 U
20 6 23 19 D
20 7 3 5 R
20 8 0 27 L
20 9 8 9 U
20 10 16 10 U
20 11 19 1 R
20 12 9 15 D
20 13 26 19 D
20 14 0 23 L
20 15 2 5 R
20 16 16 1 R
20 17 11 17 D
20 18 11 1 R
20 19 23 25 L
20 20 23 1 R
20 21 23 15 D
20 22 14 17 D
20 23 16 10 U
20 24 5 1 R
20 25 1 17 D
20 26 2 12 U
21 0 2 14 D
21 1 5 14 D
21 2 9 26 L
21 3 11 10 U
21 4 17 15 D
21 5 0 25 L
21 7 0 22 L
21 8 24 23 L
21 9 3 9 U
21 10 15 24 L
21 11 20 24 L
21 12 0 21 L
21 13 10 25 L
21 14 10 5 R
21 15 22 2 R
21 16 11 16 D
21 17 7 17 D
21 18 13 18 D
21 19 24 6 R
21 21 20 13 U
21 22 22 14 D
21 23 14 13 U
21 24 0 13 U
21 25 9 3 R
21 26 24 3 R
22 0 14 18 D
22 1 11 13 U
22 2 21 8 U
22 4 23 13 U
22 5 13 11 U
22 7 15 1 R
22 8 25 8 U
22 9 10 5 R
22 10 24 10 U
22 11 9 18 D
22 12 5 12 U
22 13 19 6 R
22 14 2 3 R
22 15 13 21 L
22 16 18 22 L
22 17 6 6 R
22 18 7 18 D
22 19 20 26 L
22 21 18 21 L
22 22 0 15 D
22 23 2 15 D
22 25 23 11 U
22 26 6 26 L
23 0 22 9 U
23 1 10 22 L
23 2 5 9 U
23 4 22 8 U
23 5 15 7 U
23 7 3 22 L
23 8 4 4 R
23 9 0 19 D
23 10 1 27 L
23 11 17 11 U
23 12 5 22 L
23 13 21 13 U
23 14 20 7 U
23 17 4 17 D
23 18 28 24 L
23 19 10 19 D
23 21 4 8 U
23 22 2 14 D
23 23 7 23 L
23 24 22 17 D
23 25 14 25 L
23 27 3 27 L
23 28 8 13 U
24 0 16 23 L
24 1 14 1 R
24 2 4 24 L
24 5 15 5 R
24 6 19 20 D
24 8 1 1 R
24 9 26 5 R
24 10 4 23 L
24 11 16 0 R
24 12 5 12 U
24 13 23 13 U
24 14 18 1 R
24 15 0 6 R
24 16 17 5 R
24 17 6 17 D
24 18 2 18 D
24 21 0 0 R
24 23 9 23 L
25 1 5 1 R
25 2 18 9 U
25 5 7 27 L
25 6 2 6 R
25 7 4 7 U
25 8 6 8 U
25 9 15 0 R
25 10 8 10 U
25 11 8 11 U
25 12 12 21 L
25 14 5 14 D
25 17 16 2 R
25 18 26 2 R
25 21 20 15 D
25 23 6 9 U
25 24 7 18 D
26 1 19 14 D
26 2 17 21 L
26 5 12 5 R
26 6 23 6 R
26 7 1 4 R
26 8 14 0 R
26 9 18 9 U
26 10 25 0 R
26 11 3 19 D
26 12 20 4 R
26 17 17 23 L
26 18 2 18 D
26 21 1 21 L
26 23 22 20 D
26 24 21 13 U
27 1 2 14 D
27 2 10 22 L
27 5 24 16 D
27 8 21 2 R
27 17 21 10 U
27 18 5 18 D
27 23 17 23 L
28 1 13 12 U
28 2 20 11 U
28 23 2 10 U

