19 18 287
0 0 0 0 8 10 6 0 0 0 0 0 0 13
0 0 0 16 0 0 9 18 0 0 0 0 0 13
12 7 10 11 0 0 0 13 0 0 7 0 13 1
0 0 0 0 11 0 0 0 13 12 0 0 0 1
0 0 6 0 0 0 0 0 0 8 0 0 0 18
0 0 0 0 3 0 0 0 2 1 0 0 0 4
0 0 16 0 17 0 18 0 0 0 0 0 0 18
0 0 0 3 0 10 0 0 2 0 0 0 13 0
0 0 14 0 0 0 0 5 5 6 6 0 12 7
0 0 4 17 5 0 6 0 0 0 0 0 0 10
0 0 17 0 0 16 0 0 0 0 0 0 0 15
0 0 0 0 0 13 0 10 0 0 0 0 0 1
2 14 0 17 15 0 0 10 0 0 0 0 0 14
5 0 12 14 18 0 2 5 0 0 0 0 0 11
0 0 0 0 U
0 1 0 1 U
0 2 0 2 U
0 3 0 3 U
0 4 0 4 U
0 5 0 5 R
0 6 0 6 R
0 7 0 7 R
0 8 0 8 R
0 9 0 9 D
0 10 0 10 D
0 11 0 11 D
0 12 0 12 D
0 13 0 13 L
0 14 0 14 L
0 15 0 15 L
0 16 0 16 L
0 17 0 17 L
1 0 0 11 D
1 1 8 14 L
1 2 2 14 L
1 3 9 8 R
1 5 0 12 D
1 6 16 11 D
1 7 5 7 R
1 8 5 12 D
1 9 0 13 L
1 10 12 5 R
1 11 3 11 D
1 12 0 6 R
1 13 0 5 R
1 14 4 1 U
1 15 8 0 U
1 16 12 1 U
1 17 3 17 L
2 0 6 13 L
2 1 4 8 R
2 2 1 13 L
2 3 10 15 L
2 5 4 10 D
2 6 0 13 L
2 7 0 10 D
2 8 1 9 D
2 9 6 9 D
2 10 9 14 L
2 11 4 11 D
2 12 4 12 D
2 13 8 13 L
2 14 8 7 R
2 15 3 3 U
2 16 1 16 L
2 17 5 17 L
3 0 2 0 U
3 1 7 1 U
3 2 7 2 U
3 3 16 3 U
3 5 17 1 U
3 6 1 2 U
3 7 14 1 U
3 8 15 8 R
3 9 11 16 L
3 10 16 5 R
3 11 9 1 U
3 12 2 8 R
3 13 0 0 U
3 14 7 8 R
3 15 1 1 U
3 16 4 2 U
3 17 9 10 D
4 0 1 13 L
4 1 7 15 L
4 2 2 2 U
4 3 2 3 U
4 5 15 0 U
4 6 2 10 D
4 7 6 3 U
4 8 15 13 L
4 9 13 7 R
4 10 6 10 D
4 11 13 14 L
4 12 3 12 D
4 13 0 12 D
4 14 6 14 L
4 15 0 12 D
4 16 10 9 D
4 17 0 7 R
5 0 4 9 D
5 1 8 12 D
5 2 15 16 L
5 3 15 16 L
5 4 6 16 L
5 5 3 11 D
5 6 0 9 D
5 7 11 10 D
5 8 6 8 R
5 9 11 5 R
5 10 11 6 R
5 11 1 7 R
5 12 1 6 R
5 13 11 3 U
5 14 12 0 U
5 15 1 15 L
5 16 3 16 L
6 0 7 13 L
6 1 15 13 L
6 2 4 2 U
6 3 5 13 L
6 5 4 14 L
6 6 1 9 D
6 7 2 15 L
6 8 5 8 R
6 10 16 15 L
6 11 8 15 L
6 12 4 12 D
6 13 7 12 D
6 14 12 9 D
6 15 16 9 D
6 16 9 16 L
7 0 6 6 R
7 1 0 14 L
7 2 14 7 R
7 3 1 3 U
7 5 0 10 D
7 6 3 6 R
7 7 13 9 D
7 8 5 11 D
7 9 11 9 D
7 10 0 14 L
7 11 4 14 L
7 12 14 12 D
7 13 11 2 U
7 14 16 2 U
7 15 5 1 U
7 16 0 11 D
7 17 3 3 U
8 0 0 6 R
8 1 4 15 L
8 2 0 12 D
8 3 0 12 D
8 5 1 5 R
8 6 0 0 U
8 7 4 0 U
8 8 15 10 D
8 9 5 5 R
8 10 12 13 L
8 11 0 5 R
8 12 6 4 U
8 13 0 2 U
8 14 10 14 L
8 15 11 11 D
8 16 16 3 U
8 17 10 17 L
9 0 0 5 R
9 1 5 7 R
9 2 0 16 L
9 3 5 11 D
9 5 7 0 U
9 6 7 1 U
9 7 6 7 R
9 8 2 8 R
9 10 2 10 D
9 11 0 0 U
9 12 5 12 D
9 13 2 0 U
9 14 12 10 D
9 15 11 12 D
9 16 0 1 U
10 0 0 10 D
10 1 2 7 R
10 2 0 13 L
10 3 6 7 R
10 5 9 5 R
10 6 4 12 D
10 7 0 15 L
10 8 2 8 R
10 9 0 16 L
10 10 8 16 L
10 11 4 11 D
10 12 16 16 L
10 13 5 11 D
10 14 0 9 D
10 15 8 10 D
10 16 1 5 R
11 0 13 0 U
11 1 6 16 L
11 2 13 8 R
11 3 1 3 U
11 5 16 1 U
11 6 8 0 U
11 7 10 12 D
11 8 5 8 R
11 9 12 15 L
11 10 7 5 R
11 11 7 11 D
11 12 13 13 L
11 13 4 5 R
11 14 14 3 U
11 15 3 15 L
11 16 8 6 R
12 0 9 5 R
12 1 13 7 R
12 2 10 5 R
12 3 15 7 R
12 5 11 2 U
12 6 8 6 R
12 7 4 3 U
12 8 17 2 U
12 9 1 5 R
12 10 6 2 U
12 11 7 7 R
12 12 11 15 L
12 13 13 0 U
12 14 2 5 R
12 15 5 3 U
12 16 14 16 L
13 0 9 0 U
13 1 12 6 R
13 2 2 13 L
13 3 15 10 D
13 5 0 1 U
13 6 8 6 R
13 7 14 2 U
13 8 10 0 U
13 9 1 8 R
13 10 4 10 D
13 11 3 13 L
13 12 12 5 R
13 13 0 6 R
13 14 10 11 D
13 15 8 15 L
13 16 0 7 R
14 0 8 14 L
14 1 2 8 R
14 2 9 2 U
14 3 11 3 U
14 5 15 12 D
14 6 6 16 L
14 7 10 7 R
14 8 2 2 U
14 9 4 14 L
14 10 1 8 R
14 11 0 3 U
14 12 0 8 R
14 13 12 13 L
14 15 16 15 L
14 16 0 2 U
15 0 2 13 L
15 1 9 10 D
15 2 1 9 D
15 3 7 8 R
15 5 2 12 D
15 6 8 13 L
15 7 16 3 U
15 8 13 10 D
15 10 6 10 D
15 11 2 11 D
15 12 16 14 L
15 13 3 10 D
15 15 13 6 R
16 0 7 9 D
16 1 3 1 U
16 2 13 5 R
16 3 17 16 L
16 5 11 1 U
16 6 5 9 D
16 7 6 7 R
16 8 13 3 U
16 9 7 6 R
16 10 12 8 R
16 11 11 17 L
16 12 12 14 L
16 15 4 2 U
16 16 15 8 R
17 0 9 7 R
17 3 1 3 U
17 6 9 6 R
17 8 6 11 D
17 9 11 1 U
17 10 13 15 L
17 11 14 11 D
17 12 14 17 L
17 16 15 11 D
18 0 7 7 R
18 3 0 14 L
18 6 17 12 D
18 10 13 13 L
18 12 13 6 R

