11 6 51
1 0 0 0 2 5 0 0 0 0 10 0 3 0 0 0
2 3 0 0 0 0 0 8 0 0 0 8 0 0 0 0
0 8 0 1 0 0 0 0 0 0 0 0 2 1 0 0
0 0 0 0 0 0 1 0 0 0 0 0 0 2 0 0
0 0 0 0 0 0 0 0 0 0 0 0 0 0 0 0
0 1 0 0 0 0 0 0 0 0 10 0 0 0 0 8
3 0 6 0 0 0 0 0 0 0 0 0 9 0 0 0
2 0 0 0 7 0 6 0 3 0 0 0 0 3 7 0
0 0 0 0 8 9 5 0 0 3 5 0 0 0 0 0
5 0 1 0 5 7 0 6 0 0 0 0 0 0 5 0
0 4 0 0 0 9 0 0 0 0 4 0 8 0 0 0
0 0 0 0 0 0 0 0 0 0 0 0 0 0 0 0
0 0 0 3 4 0 0 0 0 0 0 0 0 0 0 0
0 0 0 0 0 0 1 0 0 0 0 0 0 0 0 0
6 0 0 0 9 3 0 0 0 4 0 0 0 0 1 0
0 1 0 0 0 3 0 0 4 0 0 0 0 1 0 0
0 0 0 0 U
0 1 0 1 R
0 2 0 2 R
0 3 0 3 D
0 4 0 4 L
0 5 0 5 L
1 0 0 5 L
1 1 2 3 D
1 2 0 3 D
1 3 0 0 U
1 4 0 3 D
1 5 3 5 L
2 0 0 2 R
2 1 1 1 R
2 2 1 2 R
2 3 0 4 L
2 4 3 3 D
2 5 4 3 D
3 0 0 1 R
3 1 4 3 D
3 2 0 5 L
3 3 0 1 R
3 4 1 4 L
3 5 2 5 L
4 0 0 4 L
4 1 0 0 U
4 2 5 2 R
4 3 6 1 R
4 4 0 2 R
4 5 2 3 D
5 0 1 1 R
5 1 1 0 U
5 2 6 3 D
5 3 2 3 D
5 4 7 4 L
6 0 4 4 L
6 1 2 1 R
6 3 1 3 D
6 4 0 0 U
7 0 3 5 L
7 1 2 0 U
7 3 4 0 U
7 4 6 2 R
8 0 3 1 R
8 1 0 4 L
8 3 0 2 R
9 0 6 0 U
9 1 4 4 L
9 3 1 4 L
10 0 3 0 U
10 1 3 1 R

