24 21 418
10 14 8 0 0 8 14 4 19 0 3 0 3 5
7 0 0 6 3 0 0 9 0 21 0 6 0 0
0 2 0 21 16 0 0 0 0 0 0 0 1 0
0 18 12 13 0 0 4 0 2 0 0 0 6 14
5 3 9 0 16 0 0 0 0 13 0 0 10 0
6 13 0 0 0 15 3 0 16 21 0 0 20 10
12 16 0 15 15 0 23 0 6 0 0 8 0 22
3 0 0 0 0 0 14 11 0 0 10 0 8 12
0 17 16 23 1 22 1 11 21 18 11 2 0 4
21 18 0 21 17 11 13 0 0 0 12 10 7 3
13 0 0 6 19 12 15 0 18 0 11 1 13 21
18 7 0 0 0 15 0 0 0 5 0 8 0 11
15 16 0 0 0 0 0 11 11 20 0 5 0 0
17 19 0 0 15 19 20 0 0 15 8 0 21 20
0 0 0 0 D
0 1 0 1 D
0 2 0 2 D
0 3 0 3 D
0 4 0 4 D
0 5 0 5 R
0 6 0 6 R
0 7 0 7 R
0 8 0 8 R
0 9 0 9 R
0 10 0 10 U
0 11 0 11 U
0 12 0 12 U
0 13 0 13 U
0 14 0 14 U
0 15 0 15 U
0 16 0 16 L
0 17 0 17 L
0 18 0 18 L
0 19 0 19 L
0 20 0 20 L
1 0 9 19 L
1 1 10 5 R
1 2 3 8 R
1 3 0 7 R
1 4 19 6 R
1 5 10 5 R
1 6 4 0 D
1 7 2 11 U
1 8 17 8 R
1 9 17 0 D
1 10 0 20 L
1 11 16 3 D
1 12 4 12 U
1 13 8 13 U
1 14 0 8 R
1 15 4 15 U
1 16 2 10 U
1 17 2 15 U
1 18 6 11 U
1 19 19 12 U
1 20 7 20 L
2 0 0 20 L
2 1 12 8 R
2 2 13 6 R
2 3 6 5 R
2 4 9 4 D
2 5 6 5 R
2 6 6 10 U
2 7 1 7 R
2 8 1 10 U
2 9 1 9 R
2 10 0 0 D
2 11 4 8 R
2 12 5 12 U
2 13 7 5 R
2 14 9 14 U
2 15 3 8 R
2 16 0 10 U
2 17 16 12 U
2 18 0 2 D
2 19 3 10 U
2 20 4 1 D
3 0 0 5 R
3 1 12 1 D
3 2 8 2 D
3 3 4 3 D
3 4 10 7 R
3 5 16 17 L
3 6 6 6 R
3 7 6 17 L
3 8 0 0 D
3 9 0 0 D
3 10 2 10 U
3 11 10 9 R
3 12 16 6 R
3 13 18 17 L
3 14 16 5 R
3 16 0 11 U
3 17 13 17 L
3 18 1 18 L
3 19 7 19 L
3 20 15 1 D
4 0 11 0 D
4 1 8 6 R
4 2 1 2 D
4 3 2 3 D
4 4 5 4 D
4 5 6 10 U
4 6 15 6 R
4 7 3 10 U
4 8 0 16 L
4 9 10 16 L
4 10 3 9 R
4 11 9 8 R
4 12 3 12 U
4 13 2 7 R
4 14 3 14 U
4 15 9 7 R
4 16 0 0 D
4 17 0 6 R
4 18 10 18 L
4 19 3 19 L
4 20 1 20 L
5 0 15 0 D
5 1 10 9 R
5 2 2 2 D
5 3 3 7 R
5 4 2 4 D
5 5 2 5 R
5 6 0 20 L
5 7 6 7 R
5 8 20 8 R
5 9 2 9 R
5 10 8 7 R
5 11 10 20 L
5 12 4 12 U
5 13 3 13 U
5 14 3 14 U
5 15 4 15 U
5 16 16 16 L
5 17 6 11 U
5 18 16 1 D
5 19 6 19 L
5 20 4 15 U
6 0 0 19 L
6 1 3 1 D
6 2 20 16 L
6 3 3 3 D
6 4 5 6 R
6 5 0 10 U
6 6 3 6 R
6 7 11 7 R
6 8 2 8 R
6 9 14 9 R
6 10 0 18 L
6 11 19 5 R
6 12 10 18 L
6 13 5 13 U
6 14 12 14 U
6 15 4 15 U
6 16 11 1 D
6 17 1 17 L
6 18 2 18 L
6 19 1 19 L
6 20 13 20 L
7 0 1 5 R
7 1 6 16 L
7 2 0 12 U
7 3 2 5 R
7 4 1 4 D
7 5 0 0 D
7 6 0 1 D
7 7 4 7 R
7 8 1 8 R
7 9 2 0 D
7 10 19 19 L
7 11 2 20 L
7 12 0 5 R
7 13 12 8 R
7 14 2 2 D
7 16 2 14 U
7 17 13 1 D
7 18 9 12 U
7 19 9 19 L
7 20 3 2 D
8 0 6 5 R
8 1 4 1 D
8 2 6 9 R
8 3 2 3 D
8 4 3 4 D
8 5 9 10 U
8 6 13 10 U
8 7 6 20 L
8 8 4 8 R
8 9 18 10 U
8 10 0 6 R
8 11 1 2 D
8 12 4 12 U
8 13 5 6 R
8 14 19 14 U
8 15 1 15 U
8 16 20 16 L
8 17 18 17 L
8 18 0 15 U
8 19 11 11 U
8 20 13 20 L
9 0 0 11 U
9 1 10 1 D
9 2 1 2 D
9 3 15 3 D
9 4 13 9 R
9 5 2 5 R
9 6 16 18 L
9 7 1 7 R
9 8 4 17 L
9 9 0 10 U
9 10 17 7 R
9 11 5 0 D
9 12 18 8 R
9 13 3 7 R
9 14 4 14 U
9 17 20 13 U
9 18 0 3 D
9 19 17 3 D
9 20 12 3 D
10 0 11 9 R
10 1 0 17 L
10 2 2 6 R
10 3 5 3 D
10 4 3 20 L
10 5 13 5 R
10 6 0 19 L
10 7 0 18 L
10 8 14 11 U
10 9 2 9 R
10 10 0 17 L
10 12 7 12 U
10 13 9 13 U
10 14 5 14 U
10 16 5 0 D
10 17 6 17 L
10 18 3 3 D
10 19 11 15 U
10 20 0 7 R
11 0 18 16 L
11 1 13 11 U
11 2 7 8 R
11 3 2 6 R
11 4 9 4 D
11 5 0 11 U
11 6 17 11 U
11 7 14 14 U
11 8 5 8 R
11 9 1 9 R
11 10 4 10 U
11 11 15 11 U
11 12 15 7 R
11 13 10 13 U
11 14 3 14 U
11 16 14 4 D
11 17 12 2 D
11 18 1 10 U
11 19 3 2 D
11 20 12 20 L
12 0 6 17 L
12 1 11 1 D
12 2 3 2 D
12 3 13 9 R
12 4 16 4 D
12 5 8 1 D
12 6 10 0 D
12 7 2 10 U
12 8 0 13 U
12 9 8 11 U
12 10 0 19 L
12 11 5 6 R
12 12 4 5 R
12 13 7 9 R
12 14 3 14 U
12 15 4 15 U
12 16 14 11 U
12 17 13 17 L
12 18 10 11 U
12 19 16 13 U
12 20 6 20 L
13 0 6 6 R
13 1 8 1 D
13 3 4 3 D
13 4 9 4 D
13 5 0 16 L
13 6 0 17 L
13 7 1 7 R
13 8 6 19 L
13 9 6 9 R
13 10 7 16 L
13 11 6 0 D
13 12 8 12 U
13 13 22 13 U
13 14 18 6 R
13 16 6 4 D
13 17 0 13 U
13 18 9 10 U
13 19 1 19 L
13 20 2 14 U
14 0 18 10 U
14 1 0 10 U
14 2 0 9 R
14 3 5 6 R
14 4 8 4 D
14 5 10 5 R
14 6 15 6 R
14 7 19 19 L
14 8 18 14 U
14 9 0 20 L
14 10 7 7 R
14 12 1 1 D
14 13 20 13 U
14 14 0 4 D
14 15 3 15 U
14 16 18 1 D
14 17 0 2 D
14 18 4 18 L
14 19 9 19 L
14 20 21 20 L
15 0 3 9 R
15 1 0 16 L
15 2 2 2 D
15 3 2 3 D
15 4 13 4 D
15 5 19 0 D
15 6 3 6 R
15 7 4 7 R
15 8 0 3 D
15 9 4 9 R
15 10 10 16 L
15 11 0 1 D
15 12 6 5 R
15 13 14 7 R
15 14 10 14 U
15 16 5 16 L
15 17 16 17 L
15 18 5 18 L
15 19 6 19 L
15 20 13 12 U
16 0 5 7 R
16 1 9 1 D
16 4 11 5 R
16 5 15 16 L
16 6 14 6 R
16 7 11 12 U
16 8 7 8 R
16 9 6 9 R
16 10 0 5 R
16 11 5 5 R
16 12 6 12 U
16 13 3 5 R
16 14 9 14 U
16 16 0 1 D
16 17 11 3 D
16 18 11 4 D
16 19 6 19 L
16 20 1 20 L
17 0 15 18 L
17 1 20 8 R
17 4 0 14 U
17 5 10 5 R
17 6 3 2 D
17 7 10 11 U
17 8 5 8 R
17 9 6 11 U
17 10 7 18 L
17 12 3 12 U
17 14 8 14 U
17 16 11 2 D
17 17 4 17 L
17 18 8 18 L
17 19 3 12 U
17 20 4 4 D
18 0 0 10 U
18 1 0 6 R
18 5 8 5 R
18 6 21 13 U
18 7 1 12 U
18 8 7 0 D
18 9 19 9 R
18 10 1 16 L
18 11 3 19 L
18 12 14 12 U
18 14 3 14 U
18 16 9 0 D
18 17 0 5 R
18 18 11 3 D
18 19 19 1 D
19 0 6 18 L
19 1 20 13 U
19 2 20 18 L
19 3 1 3 D
19 5 11 0 D
19 6 20 0 D
19 7 6 7 R
19 8 12 19 L
19 9 1 9 R
19 10 14 1 D
19 11 15 16 L
19 12 0 3 D
19 17 17 14 U
19 18 3 12 U
19 19 1 13 U
19 20 6 0 D
20 0 8 17 L
20 1 16 1 D
20 3 19 6 R
20 5 10 5 R
20 6 4 6 R
20 7 12 7 R
20 8 4 8 R
20 10 13 18 L
20 12 9 20 L
20 17 16 7 R
20 18 7 18 L
20 19 15 19 L
21 0 6 0 D
21 1 9 12 U
21 5 6 13 U
21 6 4 6 R
21 7 11 4 D
21 8 1 11 U
21 10 13 16 L
21 12 4 12 U
21 17 18 17 L
21 18 10 18 L
21 19 12 19 L
22 1 10 6 R
22 7 0 20 L
22 8 2 8 R
23 7 6 7 R
23 8 11 8 R

