15 17 208
0 0 0 0 0 0 0 0 12 3 3 0
11 2 0 0 11 0 0 0 6 6 0 8
0 0 4 0 7 0 12 0 0 3 5 0
0 14 0 0 0 11 0 9 0 6 0 10
4 0 0 5 0 0 0 0 0 6 0 13
0 0 0 0 0 0 0 0 0 0 0 0
4 0 5 0 0 0 0 12 4 0 0 0
0 0 3 2 0 0 0 0 0 9 0 1
7 14 0 8 0 11 0 13 0 0 0 0
11 0 1 0 9 2 14 0 12 2 0 12
0 0 0 4 11 3 0 1 0 0 0 0
8 13 1 8 0 5 8 0 5 8 0 1
0 0 0 0 D
0 1 0 1 D
0 2 0 2 D
0 3 0 3 D
0 4 0 4 R
0 5 0 5 R
0 6 0 6 R
0 7 0 7 R
0 8 0 8 R
0 9 0 9 U
0 10 0 10 U
0 11 0 11 U
0 12 0 12 U
0 13 0 13 L
0 14 0 14 L
0 15 0 15 L
0 16 0 16 L
1 0 0 13 L
1 1 6 15 L
1 2 0 14 L
1 3 6 14 L
1 4 0 0 D
1 5 0 10 U
1 6 9 3 D
1 7 0 13 L
1 8 9 8 R
1 9 7 15 L
1 10 0 13 L
1 11 4 11 U
1 12 8 4 R
1 13 10 9 U
1 14 7 11 U
1 15 3 15 L
1 16 7 16 L
2 0 0 9 U
2 1 5 1 D
2 2 4 2 D
2 3 0 4 R
2 4 5 11 U
2 5 6 14 L
2 6 1 6 R
2 7 7 7 R
2 8 7 10 U
2 9 9 4 R
2 10 4 10 U
2 11 10 1 D
2 12 10 12 U
2 13 3 2 D
2 14 7 14 L
2 15 9 11 U
2 16 4 2 D
3 0 1 5 R
3 1 11 1 D
3 2 1 4 R
3 3 1 12 U
3 4 1 12 U
3 5 10 11 U
3 6 5 9 U
3 7 4 12 U
3 8 2 8 R
3 9 0 13 L
3 10 0 7 R
3 11 0 5 R
3 12 0 2 D
3 13 6 13 L
3 14 1 2 D
3 15 0 1 D
3 16 10 2 D
4 0 5 14 L
4 1 0 5 R
4 2 8 12 U
4 3 3 5 R
4 4 8 4 R
4 5 0 3 D
4 6 0 16 L
4 7 1 7 R
4 8 5 8 R
4 9 6 9 U
4 10 0 3 D
4 11 3 11 U
4 12 2 12 U
4 13 0 8 R
4 14 5 0 D
4 15 11 10 U
4 16 0 11 U
5 0 2 0 D
5 1 1 1 D
5 2 4 14 L
5 3 1 15 L
5 4 1 9 U
5 5 7 2 D
5 6 6 12 U
5 8 13 11 U
5 9 3 5 R
5 10 2 10 U
5 11 0 1 D
5 12 0 3 D
5 13 0 0 D
5 14 3 14 L
5 15 1 15 L
5 16 6 1 D
6 0 10 6 R
6 1 1 14 L
6 2 5 16 L
6 3 0 6 R
6 4 11 2 D
6 5 0 15 L
6 6 14 6 R
6 7 10 11 U
6 8 5 10 U
6 9 1 14 L
6 10 3 5 R
6 11 4 16 L
6 12 5 3 D
6 13 0 9 U
6 14 3 10 U
6 15 1 15 L
6 16 3 10 U
7 0 6 4 R
7 1 9 8 R
7 2 1 14 L
7 3 0 11 U
7 4 13 4 R
7 5 11 5 R
7 6 1 6 R
7 7 2 7 R
7 8 8 8 R
7 9 1 16 L
7 10 2 0 D
7 11 0 15 L
7 12 13 13 L
7 13 2 9 U
7 14 1 14 L
7 15 8 9 U
7 16 6 10 U
8 0 6 7 R
8 1 2 15 L
8 2 10 7 R
8 3 2 3 D
8 4 1 3 D
8 5 9 9 U
8 6 1 6 R
8 7 6 7 R
8 8 1 8 R
8 10 9 15 L
8 11 4 6 R
8 12 1 13 L
8 13 0 10 U
8 14 11 12 U
8 15 7 12 U
9 0 7 14 L
9 1 4 6 R
9 2 1 2 D
9 3 5 3 D
9 4 0 11 U
9 6 8 6 R
9 8 5 2 D
9 9 3 3 D
9 10 5 10 U
9 11 0 14 L
9 12 2 6 R
9 13 5 0 D
9 14 2 14 L
9 15 12 0 D
9 16 6 16 L
10 0 2 13 L
10 1 1 15 L
10 3 8 3 D
10 4 0 1 D
10 9 4 0 D
10 10 0 0 D
10 11 2 11 U
10 12 4 6 R
10 13 7 11 U
10 14 0 4 R
10 15 12 9 U
11 0 0 8 R
11 1 10 1 D
11 3 9 7 R
11 4 10 10 U
11 6 5 6 R
11 9 0 4 R
11 10 9 4 R
11 11 5 15 L
11 12 9 12 U
11 13 12 3 D
11 14 12 1 D
11 15 4 6 R
11 16 1 16 L
12 0 1 8 R
12 1 2 1 D
12 3 4 3 D
12 4 4 13 L
12 9 2 5 R
12 10 9 2 D
12 11 1 4 R
12 12 5 12 U
12 14 11 1 D
12 15 5 1 D
13 0 7 8 R
13 1 9 16 L
13 3 0 13 L
13 4 7 0 D
13 10 7 13 L
13 15 7 15 L
14 0 10 0 D
14 4 4 9 U
14 15 4 15 L

