18 18 272
0 8 13 0 0 0 0 0 0 0 0 0 0 0 0 0 4
0 15 0 6 5 0 0 9 0 0 0 2 11 0 0 5 13
0 0 0 0 0 0 0 0 16 0 10 0 0 0 0 0 0
9 0 9 14 0 0 0 4 0 0 16 0 0 0 0 0 0
5 0 1 0 10 0 0 0 0 0 0 15 0 0 15 0 0
0 13 0 0 5 0 0 0 0 0 3 0 0 0 17 0 0
1 0 11 0 14 0 0 11 0 0 0 7 16 11 0 7 0
13 0 0 13 0 0 0 15 0 0 0 0 2 0 0 0 0
0 2 0 0 0 0 3 0 13 0 16 15 0 2 5 0 0
13 14 0 5 0 0 3 0 3 0 14 0 0 0 0 0 0
9 0 0 0 14 0 0 4 14 0 0 0 14 0 0 0 7
0 0 2 0 0 10 0 0 9 0 0 0 0 0 0 9 3
10 16 1 0 0 0 0 0 0 0 0 0 0 14 0 5 0
10 0 0 9 0 0 0 0 0 0 0 0 16 0 14 16 12
1 3 0 0 11 0 0 0 0 0 0 0 17 2 16 0 0
0 0 0 0 0 0 0 0 0 0 0 0 5 0 17 0 0
0 5 0 2 0 6 0 0 0 0 0 0 0 1 0 0 5
0 0 0 0 L
0 1 0 1 L
0 2 0 2 L
0 3 0 3 L
0 4 0 4 R
0 5 0 5 R
0 6 0 6 R
0 7 0 7 R
0 8 0 8 R
0 9 0 9 R
0 10 0 10 D
0 11 0 11 D
0 12 0 12 D
0 13 0 13 D
0 14 0 14 U
0 15 0 15 U
0 16 0 16 U
0 17 0 17 U
1 0 4 10 D
1 1 2 12 D
1 2 11 11 D
1 3 0 9 R
1 4 6 17 U
1 5 3 15 U
1 6 4 15 U
1 7 10 16 U
1 8 0 11 D
1 9 16 14 U
1 10 0 4 R
1 11 12 3 L
1 12 0 2 L
1 13 9 3 L
1 14 5 14 U
1 15 7 4 R
1 16 4 6 R
1 17 3 9 R
2 0 0 14 U
2 1 13 1 L
2 2 5 2 L
2 3 8 12 D
2 4 6 4 R
2 5 6 5 R
2 6 3 6 R
2 7 11 17 U
2 9 4 9 R
2 10 0 14 U
2 11 0 5 R
2 12 6 12 D
2 13 10 13 D
2 14 15 4 R
2 15 8 4 R
2 16 0 9 R
2 17 11 17 U
3 0 6 11 D
3 1 2 1 L
3 2 10 12 D
3 3 10 3 L
3 4 6 12 D
3 5 6 13 D
3 6 5 12 D
3 7 6 7 R
3 8 5 17 U
3 9 10 9 R
3 10 1 1 L
3 11 12 2 L
3 12 8 2 L
3 13 1 13 D
3 14 0 10 D
3 15 12 5 R
3 16 12 5 R
3 17 8 6 R
4 0 10 0 L
4 1 0 11 D
4 2 2 2 L
4 3 7 3 L
4 4 0 0 L
4 5 2 5 R
4 6 5 6 R
4 7 14 1 L
4 10 8 2 L
4 11 9 4 R
4 12 9 5 R
4 13 11 5 R
4 14 10 7 R
4 15 11 6 R
4 16 8 16 U
4 17 3 17 U
5 0 0 10 D
5 1 7 11 D
5 2 14 2 L
5 3 10 3 L
5 4 6 14 U
5 5 4 5 R
5 6 3 6 R
5 7 1 12 D
5 9 11 9 R
5 10 12 4 R
5 11 0 0 L
5 12 0 17 U
5 13 0 7 R
5 14 10 1 L
5 15 0 2 L
5 16 0 1 L
5 17 11 17 U
6 0 1 14 U
6 1 0 16 U
6 2 4 16 U
6 3 5 3 L
6 4 15 10 D
6 5 9 14 U
6 6 4 10 D
6 7 5 7 R
6 10 3 0 L
6 11 1 0 L
6 12 5 1 L
6 13 0 3 L
6 14 0 12 D
6 15 9 15 U
6 16 10 8 R
6 17 2 17 U
7 0 4 12 D
7 1 5 17 U
7 2 6 14 U
7 3 12 10 D
7 4 0 14 U
7 5 6 5 R
7 6 11 0 L
7 7 5 11 D
7 10 14 14 U
7 11 6 11 D
7 12 1 1 L
7 13 4 6 R
7 14 6 5 R
7 15 0 5 R
7 16 1 1 L
7 17 4 7 R
8 0 10 12 D
8 1 1 11 D
8 2 0 17 U
8 3 12 13 D
8 4 0 15 U
8 5 12 15 U
8 6 1 14 U
8 7 9 16 U
8 10 2 17 U
8 11 3 11 D
8 12 11 6 R
8 13 16 7 R
8 14 1 14 U
8 15 1 6 R
8 16 3 5 R
8 17 0 8 R
9 0 14 15 U
9 1 0 5 R
9 2 1 13 D
9 3 8 17 U
9 4 1 4 R
9 5 0 10 D
9 6 12 16 U
9 10 7 6 R
9 11 1 3 L
9 12 12 1 L
9 13 8 13 D
9 14 3 3 L
9 15 0 0 L
9 16 7 2 L
9 17 0 1 L
10 0 0 15 U
10 1 15 14 U
10 2 4 2 L
10 3 4 13 D
10 4 3 4 R
10 5 0 11 D
10 6 2 6 R
10 9 0 2 L
10 10 13 0 L
10 11 0 1 L
10 12 8 0 L
10 13 8 5 R
10 14 1 6 R
10 15 13 5 R
10 16 0 11 D
10 17 12 0 L
11 0 12 16 U
11 1 7 10 D
11 2 0 12 D
11 3 9 16 U
11 4 9 16 U
11 5 15 5 R
11 6 10 2 L
11 8 5 8 R
11 9 17 9 R
11 10 14 5 R
11 11 4 6 R
11 12 7 4 R
11 13 6 2 L
11 14 0 3 L
11 15 0 13 D
11 16 3 3 L
11 17 6 1 L
12 0 8 10 D
12 1 2 1 L
12 2 7 10 D
12 3 3 12 D
12 4 1 15 U
12 5 10 14 U
12 6 9 17 U
12 10 5 0 L
12 11 2 16 U
12 12 8 3 L
12 13 11 1 L
12 14 9 2 L
12 15 3 15 U
12 16 13 16 U
12 17 15 13 D
13 0 0 13 D
13 1 14 13 D
13 2 10 10 D
13 3 9 13 D
13 4 12 14 U
13 5 9 10 D
13 6 7 14 U
13 10 10 10 D
13 11 2 11 D
13 12 4 12 D
13 13 7 13 D
13 14 6 7 R
13 15 3 7 R
13 16 1 9 R
13 17 16 17 U
14 0 3 12 D
14 1 15 15 U
14 2 2 14 U
14 3 0 4 R
14 4 11 1 L
14 5 3 13 D
14 6 4 6 R
14 7 1 16 U
14 10 9 6 R
14 11 6 11 D
14 12 0 16 U
14 13 9 0 L
14 14 16 4 R
14 15 8 9 R
14 16 7 3 L
14 17 12 11 D
15 0 2 10 D
15 1 4 14 U
15 2 12 2 L
15 3 3 11 D
15 4 0 1 L
15 5 2 16 U
15 10 14 1 L
15 11 11 7 R
15 12 1 12 D
15 14 11 0 L
15 16 4 4 R
16 0 12 10 D
16 1 5 1 L
16 2 14 15 U
16 3 6 3 L
16 4 0 16 U
16 5 9 15 U
16 6 15 0 L
16 10 15 2 L
16 11 4 1 L
16 14 3 10 D
16 16 13 12 D
17 0 0 11 D
17 2 2 17 U
17 4 10 4 R
17 11 0 15 U

