25 25 536
0 5 0 0 0 0 6 0 0 0 0 13 1 0 0 0 0 0 10
0 4 0 10 0 0 0 0 0 0 0 20 0 0 0 0 0 0 18
2 0 0 0 0 0 0 6 0 0 0 0 9 2 0 6 2 0 0
0 0 0 3 0 0 0 0 19 0 2 14 17 0 10 14 0 0 0
0 21 0 0 0 0 18 0 20 0 0 0 18 0 20 5 0 0 14
23 7 0 20 0 0 0 0 0 0 0 0 21 0 0 16 20 0 0
0 0 1 2 0 0 0 0 0 0 0 0 0 0 0 21 0 0 0
0 10 0 24 0 0 0 0 0 0 0 23 17 0 0 0 0 0 0
0 0 0 0 10 0 9 0 0 0 0 0 0 0 14 0 19 0 16
10 0 0 1 0 4 21 0 0 1 0 11 0 1 0 6 16 22 0
0 0 13 0 3 0 0 0 6 1 22 0 0 0 0 0 0 0 14
0 0 0 0 0 4 0 6 21 3 0 0 0 19 0 0 0 0 15
0 21 3 8 13 3 22 0 0 2 5 0 0 0 0 18 0 0 0
0 0 0 0 0 0 0 0 0 22 11 0 0 0 0 0 0 21 1
0 1 0 0 2 0 0 0 0 20 0 2 0 0 2 0 0 18 2
0 0 0 0 0 0 0 0 0 24 7 0 0 0 1 21 0 10 7
6 15 0 0 0 0 0 0 0 0 0 0 0 0 0 0 0 0 0
3 0 0 8 0 2 2 18 21 9 0 11 0 0 0 13 0 0 17
0 0 8 15 0 0 0 0 0 0 0 0 0 0 0 12 0 0 16
0 0 0 0 L
0 1 0 1 L
0 2 0 2 L
0 3 0 3 L
0 4 0 4 L
0 5 0 5 L
0 6 0 6 R
0 7 0 7 R
0 8 0 8 R
0 9 0 9 R
0 10 0 10 R
0 11 0 11 R
0 12 0 12 D
0 13 0 13 D
0 14 0 14 D
0 15 0 15 D
0 16 0 16 D
0 17 0 17 D
0 18 0 18 D
0 19 0 19 U
0 20 0 20 U
0 21 0 21 U
0 22 0 22 U
0 23 0 23 U
0 24 0 24 U
1 0 11 18 D
1 1 18 16 D
1 2 4 2 L
1 3 0 17 D
1 4 12 18 D
1 5 4 5 L
1 6 10 21 U
1 7 9 7 R
1 8 17 8 R
1 9 4 9 R
1 10 19 17 D
1 11 6 11 R
1 12 11 1 L
1 13 3 13 D
1 14 0 22 U
1 15 2 15 D
1 16 3 16 D
1 17 14 17 D
1 18 3 18 D
1 19 0 6 R
1 20 0 11 R
1 21 15 2 L
1 22 8 22 U
1 23 11 6 R
1 24 10 24 U
2 0 15 19 U
2 1 18 19 U
2 2 13 22 U
2 3 11 21 U
2 4 4 14 D
2 5 0 9 R
2 6 0 23 U
2 7 0 3 L
2 8 17 13 D
2 9 6 9 R
2 10 0 1 L
2 11 19 11 R
2 12 10 8 R
2 13 0 7 R
2 14 0 0 L
2 15 3 11 R
2 16 8 16 D
2 17 14 11 R
2 18 9 10 R
2 19 1 7 R
2 20 5 20 U
2 21 3 21 U
2 22 0 3 L
2 23 8 7 R
2 24 3 24 U
3 0 0 13 D
3 1 10 12 D
3 2 16 14 D
3 3 1 3 L
3 4 1 16 D
3 5 1 24 U
3 6 15 23 U
3 7 5 20 U
3 8 10 1 L
3 9 7 12 D
3 10 6 10 R
3 11 1 16 D
3 12 0 6 R
3 13 1 13 D
3 14 7 10 R
3 15 9 8 R
3 16 1 16 D
3 17 4 17 D
3 18 10 18 D
3 19 0 2 L
3 20 12 7 R
3 21 1 21 U
3 22 12 22 U
3 23 1 14 D
3 24 1 7 R
4 0 6 13 D
4 1 0 18 D
4 2 6 12 D
4 3 3 18 D
4 4 2 4 L
4 5 19 5 L
4 6 5 6 R
4 7 1 7 R
4 8 13 14 D
4 9 9 18 D
4 10 0 2 L
4 11 3 11 R
4 12 0 19 U
4 13 9 9 R
4 14 14 10 R
4 15 12 9 R
4 16 22 11 R
4 17 3 17 D
4 18 11 2 L
4 19 6 6 R
4 20 3 8 R
4 21 3 6 R
4 22 3 0 L
4 23 1 11 R
4 24 1 24 U
5 0 1 0 L
5 1 0 8 R
5 2 2 19 U
5 3 14 8 R
5 4 4 4 L
5 5 17 20 U
5 6 0 19 U
5 7 8 14 D
5 8 16 12 D
5 9 18 16 D
5 10 9 18 D
5 11 17 15 D
5 12 7 7 R
5 13 12 3 L
5 14 9 3 L
5 15 2 15 D
5 16 12 7 R
5 17 15 17 D
5 18 8 18 D
5 19 7 6 R
5 20 17 20 U
5 21 0 7 R
5 22 0 8 R
5 23 0 5 L
5 24 19 24 U
6 0 13 15 D
6 1 0 14 D
6 2 12 2 L
6 3 4 17 D
6 4 16 24 U
6 5 7 5 L
6 6 15 19 U
6 7 9 7 R
6 8 10 19 U
6 9 4 9 R
6 10 11 10 R
6 11 5 20 U
6 12 11 0 L
6 13 15 9 R
6 14 2 8 R
6 15 15 10 R
6 16 15 8 R
6 17 11 4 L
6 18 13 18 D
6 19 3 9 R
6 20 0 13 D
6 21 19 8 R
6 22 18 4 L
6 23 9 10 R
6 24 4 7 R
7 0 16 19 U
7 1 10 8 R
7 2 14 22 U
7 3 5 20 U
7 4 4 20 U
7 5 5 21 U
7 6 17 24 U
7 7 2 14 D
7 8 15 14 D
7 9 5 9 R
7 10 1 10 R
7 11 17 12 D
7 12 19 0 L
7 13 13 1 L
7 14 6 1 L
7 15 5 3 L
7 16 9 1 L
7 17 1 17 D
7 18 14 4 L
7 19 0 4 L
7 20 9 1 L
7 21 5 8 R
7 22 19 8 R
7 23 5 5 L
7 24 10 11 R
8 0 2 23 U
8 1 6 12 D
8 2 0 21 U
8 3 0 15 D
8 4 4 17 D
8 5 4 13 D
8 6 11 12 D
8 7 20 15 D
8 8 0 14 D
8 9 19 13 D
8 10 3 10 R
8 11 1 13 D
8 12 0 20 U
8 13 20 1 L
8 14 13 14 D
8 15 14 15 D
8 16 4 16 D
8 17 3 17 D
8 18 12 18 D
8 19 17 7 R
8 20 0 10 R
8 21 6 16 D
8 22 12 15 D
8 23 1 23 U
8 24 11 3 L
9 0 18 22 U
9 1 17 21 U
9 2 16 21 U
9 3 5 3 L
9 4 6 4 L
9 5 11 24 U
9 6 7 20 U
9 7 12 23 U
9 8 1 22 U
9 9 12 22 U
9 10 1 20 U
9 11 14 24 U
9 12 13 0 L
9 13 15 2 L
9 14 10 5 L
9 15 6 3 L
9 16 0 20 U
9 17 14 3 L
9 18 17 0 L
9 19 8 1 L
9 20 7 20 U
9 21 8 0 L
9 22 16 2 L
9 23 22 4 L
9 24 16 10 R
10 0 0 22 U
10 1 4 17 D
10 2 6 20 U
10 3 12 13 D
10 4 0 12 D
10 5 7 15 D
10 6 2 20 U
10 7 0 20 U
10 8 0 0 L
10 9 5 20 U
10 10 16 14 D
10 11 0 3 L
10 12 3 0 L
10 13 11 2 L
10 14 5 0 L
10 15 17 2 L
10 16 16 0 L
10 17 1 17 D
10 18 2 18 D
10 19 8 10 R
10 20 19 0 L
10 21 0 15 D
10 22 13 9 R
10 23 16 9 R
10 24 18 9 R
11 0 0 18 D
11 1 12 13 D
11 2 2 13 D
11 3 0 6 R
11 4 19 4 L
11 5 0 13 D
11 6 15 24 U
11 7 7 19 U
11 8 7 21 U
11 9 6 22 U
11 10 12 22 U
11 11 2 14 D
11 12 7 6 R
11 13 6 11 R
11 14 0 4 L
11 15 10 6 R
11 16 14 5 L
11 17 20 9 R
11 18 14 11 R
11 19 4 1 L
11 20 16 2 L
11 21 19 2 L
11 22 18 3 L
11 23 10 11 R
11 24 3 6 R
12 0 6 21 U
12 1 0 7 R
12 2 11 19 U
12 3 1 13 D
12 4 3 10 R
12 6 18 23 U
12 7 7 7 R
12 8 10 21 U
12 9 6 9 R
12 10 24 12 D
12 11 1 11 R
12 12 9 0 L
12 13 4 13 D
12 14 1 14 D
12 15 9 1 L
12 16 9 4 L
12 17 3 17 D
12 18 9 0 L
12 19 11 11 R
12 20 13 10 R
12 21 8 7 R
12 22 13 8 R
12 23 6 23 U
12 24 2 24 U
13 0 21 17 D
13 1 12 12 D
13 2 10 12 D
13 3 4 3 L
13 4 10 16 D
13 5 7 16 D
13 6 2 3 L
13 7 4 19 U
13 8 5 17 D
13 9 1 22 U
13 10 1 24 U
13 11 11 22 U
13 12 2 6 R
13 13 12 13 D
13 14 14 7 R
13 15 0 2 L
13 16 14 7 R
13 17 8 0 L
13 18 20 7 R
13 19 2 1 L
13 20 1 20 U
13 21 12 11 R
13 22 8 22 U
13 23 3 23 U
13 24 4 6 R
14 0 4 20 U
14 1 13 22 U
14 2 7 2 L
14 3 2 19 U
14 4 17 23 U
14 5 6 23 U
14 6 8 19 U
14 7 9 21 U
14 8 4 8 R
14 9 13 17 D
14 10 0 22 U
14 11 21 16 D
14 12 17 7 R
14 13 5 6 R
14 14 7 0 L
14 15 9 4 L
14 16 11 4 L
14 17 3 17 D
14 18 0 4 L
14 19 5 0 L
14 20 6 6 R
14 21 20 21 U
14 22 18 1 L
14 23 2 23 U
14 24 8 24 U
15 0 2 20 U
15 1 6 24 U
15 2 0 19 U
15 3 3 22 U
15 4 11 21 U
15 5 8 9 R
15 6 10 22 U
15 7 19 13 D
15 8 20 20 U
15 9 1 0 L
15 10 0 24 U
15 11 2 15 D
15 12 9 19 U
15 13 9 0 L
15 14 2 6 R
15 15 0 23 U
15 16 6 3 L
15 17 3 2 L
15 18 14 3 L
15 19 3 2 L
15 20 10 10 R
15 21 14 21 U
15 22 5 6 R
15 23 1 23 U
15 24 8 24 U
16 1 8 14 D
16 2 12 13 D
16 3 18 15 D
16 4 2 15 D
16 6 6 4 L
16 7 0 12 D
16 8 9 16 D
16 9 7 17 D
16 11 4 14 D
16 12 10 1 L
16 13 12 6 R
16 14 5 11 R
16 15 0 5 L
16 16 18 8 R
16 17 14 7 R
16 18 2 11 R
16 19 5 4 L
16 20 5 1 L
16 21 0 18 D
16 22 4 4 L
16 23 0 8 R
16 24 2 1 L
17 0 0 16 D
17 1 19 21 U
17 2 2 14 D
17 3 11 22 U
17 4 4 4 L
17 6 10 19 U
17 7 15 24 U
17 8 9 23 U
17 9 13 23 U
17 10 15 23 U
17 11 6 11 R
17 12 2 12 D
17 13 12 10 R
17 14 20 14 D
17 15 7 15 D
17 16 15 6 R
17 17 5 9 R
17 18 9 9 R
17 19 0 0 L
17 20 7 20 U
17 21 5 5 L
17 22 7 1 L
17 23 7 0 L
17 24 8 24 U
18 0 6 23 U
18 1 20 12 D
18 2 22 20 U
18 3 13 21 U
18 4 3 18 D
18 6 19 14 D
18 7 11 12 D
18 8 0 5 L
18 9 1 15 D
18 10 8 16 D
18 11 11 15 D
18 13 2 7 R
18 14 6 9 R
18 15 7 11 R
18 16 5 16 D
18 17 14 2 L
18 18 15 3 L
18 19 16 7 R
18 20 0 1 L
18 21 8 3 L
18 22 11 4 L
18 23 13 6 R
18 24 7 0 L
19 0 7 12 D
19 1 12 18 D
19 2 6 2 L
19 3 21 3 L
19 4 2 4 L
19 6 0 15 D
19 7 14 12 D
19 8 14 14 D
19 9 9 9 R
19 10 12 21 U
19 11 9 11 R
19 12 3 4 L
19 13 18 7 R
19 14 1 0 L
19 15 4 11 R
19 17 11 17 D
19 19 1 19 U
19 20 10 1 L
19 21 8 1 L
19 22 11 2 L
19 23 14 5 L
19 24 12 2 L
20 0 16 23 U
20 1 17 23 U
20 2 6 16 D
20 4 17 20 U
20 6 4 2 L
20 7 5 24 U
20 8 9 24 U
20 9 0 2 L
20 13 19 13 D
20 14 17 6 R
20 15 19 6 R
20 18 2 18 D
20 19 17 6 R
20 20 19 1 L
20 21 17 4 L
20 22 6 22 U
20 23 5 23 U
20 24 12 24 U
21 0 13 17 D
21 3 20 23 U
21 4 8 18 D
21 6 19 20 U
21 7 2 19 U
21 8 4 4 L
21 9 10 4 L
21 13 12 8 R
21 14 20 2 L
21 19 23 8 R
21 20 10 4 L
21 22 14 5 L
21 23 18 3 L
21 24 1 24 U
22 4 6 19 U
22 6 7 12 D
22 9 6 16 D
22 13 0 10 R
22 19 0 14 D
22 20 0 15 D
22 22 18 22 U
22 23 1 7 R
23 4 7 13 D
23 9 4 21 U
23 20 13 8 R
24 4 21 17 D
24 9 2 9 R
24 20 22 3 L

