23 21 399
0 4 1 12 7 16 0 17 0 12 0 0 11
17 7 20 18 0 0 17 0 8 0 0 0 9
5 0 14 0 18 0 10 11 0 0 12 18 4
5 17 20 10 0 13 0 3 4 12 11 11 0
10 19 0 21 20 0 0 0 15 0 0 8 14
0 12 0 4 0 5 13 0 0 14 0 5 0
5 22 10 0 15 6 0 3 0 2 4 0 14
12 0 0 0 11 0 0 16 0 15 0 11 0
0 9 0 16 4 6 15 6 4 2 0 11 0
0 0 10 5 0 5 0 0 7 20 0 16 0
19 14 16 0 0 9 11 12 10 0 0 8 0
16 0 0 0 0 0 0 0 0 0 0 18 0
19 0 0 0 0 0 0 0 0 0 0 0 13
0 0 0 0 D
0 1 0 1 D
0 2 0 2 D
0 3 0 3 D
0 4 0 4 D
0 5 0 5 R
0 6 0 6 R
0 7 0 7 R
0 8 0 8 R
0 9 0 9 R
0 10 0 10 U
0 11 0 11 U
0 12 0 12 U
0 13 0 13 U
0 14 0 14 U
0 15 0 15 L
0 16 0 16 L
0 17 0 17 L
0 18 0 18 L
0 19 0 19 L
0 20 0 20 L
1 0 11 6 R
1 1 0 11 U
1 2 10 7 R
1 3 7 8 R
1 4 18 5 R
1 5 8 10 U
1 6 0 15 L
1 7 3 7 R
1 8 5 8 R
1 9 8 9 R
1 10 19 9 R
1 11 13 4 D
1 12 9 12 U
1 13 4 13 U
1 14 9 16 L
1 15 0 1 D
1 16 7 12 U
1 17 2 17 L
1 18 19 18 L
1 19 18 19 L
1 20 2 1 D
2 0 19 10 U
2 1 0 17 L
2 2 20 17 L
2 3 0 10 U
2 4 6 4 D
2 5 16 5 R
2 6 13 1 D
2 7 5 4 D
2 8 12 1 D
2 9 0 2 D
2 10 20 8 R
2 11 9 18 L
2 12 3 7 R
2 13 3 13 U
2 14 4 14 U
2 15 0 0 D
2 16 10 1 D
2 17 5 1 D
2 18 0 3 D
2 19 7 19 L
2 20 4 20 L
3 0 8 9 R
3 1 4 12 U
3 2 6 2 D
3 3 12 18 L
3 4 4 4 D
3 5 0 0 D
3 6 8 11 U
3 7 10 7 R
3 8 4 8 R
3 9 0 17 L
3 10 0 5 R
3 11 0 0 D
3 12 8 6 R
3 13 12 8 R
3 14 21 19 L
3 15 5 11 U
3 16 11 0 D
3 17 1 2 D
3 18 10 5 R
3 19 12 10 U
3 20 15 3 D
4 0 2 0 D
4 1 21 9 R
4 2 16 2 D
4 3 2 3 D
4 4 9 4 D
4 5 20 14 U
4 6 22 6 R
4 7 9 3 D
4 8 0 10 U
4 9 11 0 D
4 10 11 7 R
4 11 11 11 U
4 12 1 12 U
4 13 11 13 U
4 14 5 14 U
4 15 3 12 U
4 16 9 11 U
4 17 0 1 D
4 18 1 18 L
4 19 11 11 U
4 20 8 20 L
5 0 15 0 D
5 1 0 16 L
5 2 7 16 L
5 3 14 3 D
5 4 19 4 D
5 5 0 10 U
5 6 2 6 R
5 7 6 2 D
5 8 2 19 L
5 9 20 14 U
5 10 17 17 L
5 11 11 5 R
5 12 7 17 L
5 13 15 13 U
5 14 4 15 L
5 15 13 10 U
5 16 4 10 U
5 17 1 17 L
5 18 16 18 L
5 19 0 5 R
5 20 2 6 R
6 0 11 0 D
6 1 14 8 R
6 2 2 2 D
6 3 2 3 D
6 4 4 18 L
6 5 1 13 U
6 6 1 6 R
6 7 3 12 U
6 8 5 0 D
6 9 14 3 D
6 10 0 17 L
6 11 2 7 R
6 12 4 8 R
6 13 4 13 U
6 14 5 14 U
6 15 11 5 R
6 16 15 5 R
6 17 0 0 D
6 18 12 12 U
6 19 16 3 D
7 0 17 18 L
7 1 0 12 U
7 2 19 8 R
7 3 0 13 U
7 4 6 12 U
7 5 1 5 R
7 6 10 13 U
7 7 2 0 D
7 8 0 13 U
7 9 1 9 R
7 10 6 15 L
7 11 9 11 U
7 12 1 20 L
7 13 11 8 R
7 14 0 2 D
7 15 3 2 D
7 16 3 0 D
7 17 13 17 L
7 18 1 13 U
7 19 3 4 D
8 0 0 15 L
8 1 1 16 L
8 2 9 2 D
8 3 15 15 L
8 4 5 20 L
8 5 10 2 D
8 6 4 6 R
8 7 0 4 D
8 8 1 8 R
8 9 13 0 D
8 10 2 10 U
8 11 15 19 L
8 12 11 12 U
8 13 19 17 L
8 14 14 17 L
8 15 2 1 D
8 16 3 10 U
8 17 7 4 D
8 18 1 18 L
8 19 4 3 D
8 20 16 20 L
9 0 15 16 L
9 1 5 8 R
9 2 11 2 D
9 3 0 6 R
9 4 2 6 R
9 5 5 11 U
9 6 2 0 D
9 7 11 7 R
9 8 10 3 D
9 9 8 9 R
9 10 14 19 L
9 11 0 19 L
9 12 10 17 L
9 13 13 9 R
9 14 1 14 U
9 15 6 12 U
9 16 0 12 U
9 17 18 17 L
9 18 10 2 D
9 19 3 19 L
9 20 5 20 L
10 0 2 0 D
10 1 6 6 R
10 2 8 6 R
10 3 7 3 D
10 4 5 5 R
10 5 3 11 U
10 6 0 11 U
10 7 19 1 D
10 8 5 2 D
10 9 5 9 R
10 10 0 9 R
10 11 15 5 R
10 12 14 12 U
10 13 16 2 D
10 14 2 16 L
10 15 0 10 U
10 16 4 11 U
10 17 11 13 U
10 18 8 4 D
10 19 12 19 L
11 0 0 5 R
11 1 4 1 D
11 2 16 2 D
11 3 0 9 R
11 4 5 17 L
11 5 1 15 L
11 6 14 3 D
11 7 1 7 R
11 8 10 19 L
11 9 17 9 R
11 10 7 16 L
11 11 6 11 U
11 12 0 6 R
11 13 18 6 R
11 14 14 20 L
11 15 6 5 R
11 16 0 6 R
11 17 6 5 R
11 18 5 18 L
11 19 9 14 U
11 20 6 9 R
12 0 10 8 R
12 1 0 5 R
12 2 0 7 R
12 3 18 5 R
12 4 3 4 D
12 5 0 14 U
12 6 18 14 U
12 7 17 10 U
12 8 10 8 R
12 9 2 15 L
12 10 4 18 L
12 11 0 3 D
12 12 4 12 U
12 13 2 18 L
12 14 1 6 R
12 15 8 15 L
12 16 10 14 U
12 17 5 2 D
12 18 17 18 L
12 19 9 13 U
13 0 18 16 L
13 1 2 1 D
13 2 18 16 L
13 3 11 3 D
13 4 4 4 D
13 5 7 0 D
13 6 0 18 L
13 7 1 13 U
13 8 0 12 U
13 10 16 16 L
13 11 0 8 R
13 12 7 9 R
13 13 9 20 L
13 14 8 18 L
13 15 0 11 U
13 16 1 16 L
13 17 7 7 R
13 18 12 0 D
13 19 3 19 L
14 0 5 7 R
14 1 7 1 D
14 2 4 2 D
14 3 0 16 L
14 4 15 7 R
14 5 0 16 L
14 6 13 2 D
14 7 8 2 D
14 8 0 0 D
14 9 15 4 D
14 10 0 18 L
14 11 0 7 R
14 12 12 15 L
14 13 6 7 R
14 14 2 14 U
14 15 13 0 D
14 16 2 12 U
14 17 10 17 L
14 18 6 6 R
15 0 4 15 L
15 1 20 15 L
15 2 4 2 D
15 3 3 8 R
15 4 3 4 D
15 5 2 11 U
15 6 7 10 U
15 7 4 17 L
15 8 1 8 R
15 9 2 11 U
15 10 1 19 L
15 11 6 11 U
15 12 4 12 U
15 13 13 13 U
15 14 16 14 U
15 15 0 5 R
15 16 14 5 R
15 17 1 17 L
15 18 6 7 R
16 0 1 9 R
16 1 11 1 D
16 2 19 18 L
16 3 11 8 R
16 4 0 5 R
16 6 12 15 L
16 7 15 12 U
16 8 14 17 L
16 10 4 7 R
16 11 0 5 R
16 13 0 15 L
16 14 21 14 U
16 15 17 5 R
16 16 5 16 L
16 17 1 17 L
17 0 19 5 R
17 1 9 10 U
17 5 13 1 D
17 6 9 0 D
17 7 2 7 R
17 8 5 8 R
17 10 0 1 D
17 11 3 15 L
17 13 0 18 L
17 15 7 0 D
17 16 6 5 R
17 17 0 3 D
17 18 19 3 D
17 19 1 19 L
17 20 8 20 L
18 1 6 7 R
18 2 1 15 L
18 5 3 13 U
18 6 19 6 R
18 7 13 14 U
18 8 12 8 R
18 10 7 5 R
18 11 1 18 L
18 13 3 13 U
18 15 2 11 U
18 16 13 16 L
18 17 6 17 L
19 0 15 15 L
19 1 10 11 U
19 5 1 4 D
19 8 0 1 D
19 10 4 15 L
19 11 6 8 R
19 12 1 15 L
19 13 0 8 R
19 15 3 6 R
19 16 15 7 R
19 17 10 14 U
19 18 10 1 D
19 19 1 4 D
20 0 0 13 U
20 4 10 16 L
20 5 15 10 U
20 6 1 13 U
20 7 11 10 U
20 8 1 8 R
20 10 1 7 R
20 11 1 6 R
20 15 18 15 L
20 16 0 7 R
20 17 1 17 L
21 4 8 4 D
21 7 16 1 D
21 13 11 17 L
21 15 8 15 L
22 7 17 7 R
22 8 13 0 D
22 18 11 18 L

