22 18 342
3 2 15 4 0 14 0 13 12 0 9 3 8 0 0 1 5
11 5 0 4 10 0 15 0 0 2 0 14 7 0 7 0 0
0 20 0 20 0 14 1 19 0 18 0 17 5 6 8 0 17
12 12 16 20 12 0 0 21 21 0 16 0 0 0 0 20 18
13 0 0 17 0 0 3 0 2 5 0 1 0 16 7 20 2
0 0 6 5 4 14 9 3 0 19 0 19 0 19 0 14 0
8 12 0 0 18 19 0 18 17 0 0 0 18 17 13 0 0
14 0 0 0 16 0 0 0 0 0 0 16 0 12 17 0 15
15 0 17 0 6 0 0 5 0 0 17 4 19 0 0 17 0
0 21 0 20 0 21 0 6 8 0 0 20 0 1 0 0 0
12 0 17 15 14 0 0 0 0 0 20 1 0 3 0 0 7
14 0 1 0 0 19 17 0 0 0 0 19 21 0 0 4 9
13 20 0 0 21 0 0 0 6 18 0 0 16 8 0 0 6
10 0 0 8 0 2 2 18 2 0 0 0 8 1 6 19 0
0 13 3 0 0 8 13 0 1 0 13 0 20 0 0 18 10
0 10 5 10 9 0 10 0 0 6 8 11 6 0 3 0 1
5 1 12 0 0 10 0 11 4 12 0 12 6 0 5 0 7
0 0 0 0 D
0 1 0 1 D
0 2 0 2 D
0 3 0 3 D
0 4 0 4 D
0 5 0 5 R
0 6 0 6 R
0 7 0 7 R
0 8 0 8 R
0 9 0 9 U
0 10 0 10 U
0 11 0 11 U
0 12 0 12 U
0 13 0 13 L
0 14 0 14 L
0 15 0 15 L
0 16 0 16 L
0 17 0 17 L
1 0 0 5 R
1 1 0 6 R
1 2 0 8 R
1 3 3 5 R
1 4 0 9 U
1 5 0 9 U
1 6 0 13 L
1 7 0 14 L
1 8 0 12 U
1 9 1 6 R
1 10 0 15 L
1 11 0 7 R
1 12 0 14 L
1 13 0 0 D
1 14 0 9 U
1 15 0 0 D
1 16 0 2 D
1 17 1 10 U
2 0 0 7 R
2 1 0 11 U
2 2 2 2 D
2 3 5 3 D
2 4 11 4 D
2 5 0 0 D
2 6 0 10 U
2 7 1 7 R
2 8 0 9 U
2 9 0 13 L
2 10 0 1 D
2 11 3 7 R
2 12 0 16 L
2 13 1 13 L
2 14 0 10 U
2 15 2 15 L
2 16 1 2 D
2 17 4 17 L
3 0 0 9 U
3 1 1 1 D
3 2 1 2 D
3 3 2 15 L
3 4 15 4 D
3 5 1 5 R
3 6 0 11 U
3 7 2 7 R
3 8 4 8 R
3 9 2 5 R
3 10 1 10 U
3 11 3 11 U
3 12 1 0 D
3 13 2 13 L
3 14 0 1 D
3 15 3 15 L
3 16 2 16 L
3 17 10 9 U
4 0 0 13 L
4 1 0 16 L
4 2 1 5 R
4 3 6 3 D
4 4 12 4 D
4 5 0 15 L
4 6 2 6 R
4 7 3 7 R
4 8 2 8 R
4 9 3 5 R
4 10 2 16 L
4 11 0 8 R
4 12 2 12 U
4 13 0 11 U
4 14 2 1 D
4 15 1 8 R
4 16 3 16 L
4 17 8 17 L
5 0 1 6 R
5 1 3 1 D
5 2 3 2 D
5 3 4 3 D
5 4 13 4 D
5 5 3 5 R
5 6 3 6 R
5 7 5 7 R
5 8 2 0 D
5 9 4 14 L
5 10 0 0 D
5 11 1 14 L
5 12 8 0 D
5 13 4 12 U
5 14 5 14 L
5 15 0 5 R
5 16 1 16 L
5 17 9 17 L
6 0 0 15 L
6 1 4 5 R
6 2 0 17 L
6 3 4 8 R
6 4 7 12 U
6 5 4 9 U
6 6 4 6 R
6 7 0 3 D
6 8 2 12 U
6 9 2 7 R
6 10 6 10 U
6 11 7 11 U
6 12 8 12 U
6 13 3 0 D
6 14 4 14 L
6 15 6 15 L
6 16 2 2 D
7 0 7 0 D
7 1 3 8 R
7 2 9 5 R
7 3 5 13 L
7 4 6 4 D
7 5 3 0 D
7 6 0 16 L
7 7 6 11 U
7 8 0 10 U
7 9 0 6 R
7 10 0 3 D
7 11 1 11 U
7 12 1 16 L
7 13 0 7 R
7 14 4 10 U
7 15 7 15 L
7 16 0 1 D
8 0 0 14 L
8 1 7 8 R
8 2 9 2 D
8 3 3 3 D
8 4 18 4 D
8 5 8 5 R
8 6 6 6 R
8 7 6 7 R
8 8 5 8 R
8 9 8 13 L
8 10 5 10 U
8 11 1 13 L
8 12 3 13 L
8 13 3 1 D
8 14 3 14 L
8 15 8 11 U
8 16 8 16 L
9 0 6 0 D
9 1 9 8 R
9 2 12 9 U
9 3 7 3 D
9 4 17 4 D
9 5 3 3 D
9 6 12 11 U
9 7 3 12 U
9 8 5 2 D
9 9 8 8 R
9 10 5 14 L
9 11 7 14 L
9 12 13 6 R
9 13 5 13 L
9 14 5 0 D
9 15 7 11 U
9 16 0 10 U
10 0 5 7 R
10 1 5 5 R
10 2 10 6 R
10 3 5 14 L
10 4 3 9 U
10 5 6 1 D
10 6 13 6 R
10 7 4 1 D
10 8 3 14 L
10 9 4 9 U
10 10 2 10 U
10 11 1 3 D
10 12 4 12 U
10 13 0 12 U
10 14 1 3 D
10 15 9 15 L
10 16 11 16 L
11 0 1 16 L
11 1 4 1 D
11 2 3 10 U
11 3 1 13 L
11 5 8 0 D
11 6 10 1 D
11 7 15 7 R
11 8 1 8 R
11 9 10 9 U
11 10 4 0 D
11 11 7 5 R
11 12 6 6 R
11 13 6 0 D
11 14 10 14 L
11 15 8 0 D
11 16 6 12 U
12 0 8 5 R
12 1 5 6 R
12 2 14 2 D
12 3 8 3 D
12 5 2 2 D
12 6 7 6 R
12 7 14 3 D
12 8 9 8 R
12 9 1 9 U
12 10 7 10 U
12 11 4 11 U
12 12 9 12 U
12 13 11 13 L
12 14 6 14 L
12 15 8 15 L
12 16 6 16 L
13 0 8 0 D
13 1 3 7 R
13 2 10 2 D
13 3 6 7 R
13 5 11 5 R
13 6 9 14 L
13 7 12 7 R
13 8 10 8 R
13 9 2 8 R
13 10 10 10 U
13 11 7 15 L
13 12 2 15 L
13 13 12 10 U
13 14 5 12 U
13 15 0 3 D
13 16 13 5 R
14 0 10 17 L
14 1 2 1 D
14 2 0 10 U
14 3 15 3 D
14 5 3 11 U
14 6 8 9 U
14 7 11 7 R
14 8 0 2 D
14 9 10 2 D
14 10 0 5 R
14 11 3 8 R
14 12 5 12 U
14 13 12 13 L
14 14 10 10 U
14 15 17 2 D
14 16 14 16 L
15 0 12 17 L
15 1 13 16 L
15 2 16 2 D
15 3 6 15 L
15 5 0 4 D
15 6 16 11 U
15 7 11 9 U
15 8 12 1 D
15 9 10 13 L
15 10 14 7 R
15 11 9 11 U
15 12 13 12 U
15 13 9 0 D
15 14 2 14 L
15 15 13 15 L
15 16 21 4 D
16 0 2 14 L
16 1 11 1 D
16 3 11 9 U
16 5 1 9 U
16 6 2 15 L
16 7 10 0 D
16 8 16 8 R
16 9 7 9 U
16 10 15 10 U
16 11 18 5 R
16 12 14 0 D
16 13 10 0 D
16 14 14 9 U
16 15 15 15 L
17 0 1 0 D
17 1 13 6 R
17 3 12 3 D
17 5 18 5 R
17 6 4 12 U
17 7 0 13 L
17 8 1 11 U
17 9 11 7 R
17 10 14 10 U
17 11 18 11 U
17 12 13 8 R
17 13 18 1 D
17 14 17 14 L
17 15 5 15 L
18 0 2 6 R
18 1 14 13 L
18 3 11 13 L
18 5 4 3 D
18 6 17 6 R
18 7 8 7 R
18 8 11 8 R
18 9 16 9 U
18 10 11 10 U
18 11 15 8 R
18 12 11 15 L
18 13 19 13 L
18 14 15 14 L
18 15 10 11 U
19 0 18 5 R
19 3 9 3 D
19 5 0 12 U
19 6 0 0 D
19 7 13 7 R
19 8 16 4 D
19 9 9 6 R
19 10 8 7 R
19 11 12 14 L
19 13 16 13 L
19 14 16 14 L
20 0 15 8 R
20 3 14 3 D
20 5 13 0 D
20 6 13 11 U
20 8 0 3 D
20 9 18 6 R
20 10 18 16 L
20 11 0 5 R
20 13 7 13 L
20 14 5 11 U
21 0 9 0 D
21 6 19 6 R
21 8 14 8 R
21 9 9 9 U
21 11 19 11 U
21 14 14 14 L

