51 65 3120
16 37 12 22 2 23 24 25 26 27 28 29 28 4 30 31 32 33 0 44
18 13 23 33 22 8 32 2 17 10 11 12 29 32 9 3 32 22 0 34
46 0 0 0 0 0 0 0 0 0 0 0 0 0 0 0 0 0 0 48
37 26 40 11 33 17 37 5 40 0 1 37 19 0 0 50 17 46 38 46
34 27 41 33 34 4 38 14 47 0 2 0 0 0 0 49 40 42 18 49
39 40 34 44 10 7 0 47 47 15 48 0 0 0 0 48 42 0 25 46
25 37 0 44 0 47 42 49 0 0 0 0 0 0 0 47 44 46 37 37
23 40 21 46 34 40 48 0 49 30 0 21 19 0 0 2 5 47 38 37
24 47 20 39 7 21 0 24 0 0 2 40 0 0 47 1 33 30 29 6
26 39 47 47 3 14 39 46 10 8 46 26 0 45 0 7 3 43 34 44
12 40 41 43 43 16 47 45 0 0 0 0 0 0 41 0 48 0 37 33
43 2 39 40 46 49 47 0 0 0 34 46 0 0 48 0 49 1 13 33
0 1 0 35 0 0 39 0 2 26 3 34 35 38 0 30 46 30 27 27
41 3 38 42 40 0 0 26 23 0 37 18 0 0 48 25 42 37 6 11
35 5 44 0 48 49 44 35 42 34 17 0 8 42 4 10 45 0 0 46
2 0 45 49 44 15 25 0 31 47 0 46 45 14 31 40 27 26 25 17
49 5 41 48 0 46 13 31 34 14 4 10 28 43 27 18 27 30 9 8
2 43 47 48 47 5 35 14 18 0 49 0 0 43 4 40 0 38 35 18
36 37 38 31 19 0 26 30 24 31 26 33 46 38 46 42 41 40 11 22
4 5 40 40 40 45 32 3 23 3 15 2 17 45 44 5 8 15 4 8
0 0 0 0 R
0 1 0 1 R
0 2 0 2 R
0 3 0 3 R
0 4 0 4 R
0 5 0 5 R
0 6 0 6 R
0 7 0 7 R
0 8 0 8 R
0 9 0 9 R
0 10 0 10 R
0 11 0 11 R
0 12 0 12 R
0 13 0 13 R
0 14 0 14 R
0 15 0 15 R
0 16 0 16 R
0 17 0 17 R
0 18 0 18 U
0 19 0 19 U
0 20 0 20 U
0 21 0 21 U
0 22 0 22 U
0 23 0 23 U
0 24 0 24 U
0 25 0 25 U
0 26 0 26 U
0 27 0 27 U
0 28 0 28 U
0 29 0 29 U
0 30 0 30 U
0 31 0 31 U
0 32 0 32 D
0 33 0 33 D
0 34 0 34 D
0 35 0 35 D
0 36 0 36 D
0 37 0 37 D
0 38 0 38 D
0 39 0 39 D
0 40 0 40 D
0 41 0 41 D
0 42 0 42 D
0 43 0 43 D
0 44 0 44 D
0 45 0 45 D
0 46 0 46 L
0 47 0 47 L
0 48 0 48 L
0 49 0 49 L
0 50 0 50 L
0 51 0 51 L
0 52 0 52 L
0 53 0 53 L
0 54 0 54 L
0 55 0 55 L
0 56 0 56 L
0 57 0 57 L
0 58 0 58 L
0 59 0 59 L
0 60 0 60 L
0 61 0 61 L
0 62 0 62 L
0 63 0 63 L
0 64 0 64 L
1 0 0 32 D
1 1 0 34 D
1 2 0 47 L
1 3 1 50 L
1 4 0 51 L
1 5 0 52 L
1 6 1 19 U
1 7 4 21 U
1 8 1 22 U
1 9 4 42 D
1 10 2 19 U
1 11 5 22 U
1 12 2 29 U
1 13 10 33 D
1 14 0 34 D
1 15 14 39 D
1 16 25 57 L
1 17 33 36 D
1 18 1 46 L
1 19 0 0 R
1 20 0 47 L
1 21 1 3 R
1 22 2 50 L
1 23 2 3 R
1 24 3 48 L
1 25 0 36 D
1 26 3 50 L
1 27 4 5 R
1 28 3 52 L
1 29 1 55 L
1 30 5 10 R
1 31 4 11 R
1 32 0 46 L
1 33 0 0 R
1 34 0 47 L
1 35 2 49 L
1 36 0 23 U
1 37 1 5 R
1 38 0 53 L
1 39 0 48 L
1 40 2 47 L
1 41 1 49 L
1 42 5 54 L
1 43 3 10 R
1 44 0 57 L
1 45 3 58 L
1 46 0 32 D
1 47 0 33 D
1 48 0 1 R
1 49 0 33 D
1 50 1 34 D
1 51 1 36 D
1 52 0 23 U
1 53 0 5 R
1 54 0 2 R
1 55 0 9 R
1 56 5 21 U
1 57 1 43 D
1 58 5 44 D
1 59 8 40 D
1 60 11 42 D
1 61 0 38 D
1 62 0 25 U
1 63 24 24 U
1 64 37 19 U
2 0 0 18 U
2 1 0 20 U
2 2 1 35 D
2 3 2 22 U
2 4 2 4 R
2 5 0 37 D
2 6 4 6 R
2 7 2 7 R
2 8 2 8 R
2 9 5 41 D
2 10 5 29 U
2 11 2 11 R
2 12 4 12 R
2 13 7 13 R
2 14 10 14 R
2 15 3 15 R
2 16 26 16 R
2 17 18 17 R
2 18 2 18 U
2 19 0 1 R
2 20 1 20 U
2 21 2 21 U
2 22 1 22 U
2 23 0 4 R
2 24 3 24 U
2 25 4 25 U
2 26 2 26 U
2 27 4 27 U
2 28 2 28 U
2 29 3 29 U
2 30 2 30 U
2 31 3 31 U
2 32 0 48 L
2 33 0 2 R
2 34 1 2 R
2 35 1 35 D
2 36 2 51 L
2 37 2 37 D
2 38 2 38 D
2 39 2 39 D
2 40 3 40 D
2 41 2 41 D
2 42 2 42 D
2 43 3 43 D
2 44 4 57 L
2 45 2 45 D
2 46 0 0 R
2 47 0 19 U
2 48 1 48 L
2 49 1 49 L
2 50 0 21 U
2 51 0 36 D
2 52 0 4 R
2 53 2 53 L
2 54 4 54 L
2 55 5 55 L
2 56 3 56 L
2 57 4 57 L
2 58 2 58 L
2 59 8 59 L
2 60 9 60 L
2 61 14 61 L
2 62 15 62 L
2 63 25 63 L
2 64 39 64 L
3 0 2 38 D
3 1 0 39 D
3 2 3 34 D
3 3 3 40 D
3 4 0 32 D
3 5 3 41 D
3 6 3 6 R
3 7 4 7 R
3 8 3 8 R
3 9 3 9 R
3 10 4 23 U
3 11 3 31 U
3 12 3 12 R
3 13 10 13 R
3 14 12 14 R
3 15 5 15 R
3 16 10 16 R
3 17 32 17 R
3 18 1 0 R
3 19 0 46 L
3 20 3 53 L
3 21 0 48 L
3 22 3 49 L
3 23 4 8 R
3 24 2 24 U
3 25 2 25 U
3 26 4 50 L
3 27 3 27 U
3 28 5 28 U
3 29 5 29 U
3 30 4 30 U
3 31 2 31 U
3 32 2 0 R
3 33 0 52 L
3 34 4 46 L
3 35 4 4 R
3 36 4 3 R
3 37 4 37 D
3 38 1 38 D
3 39 1 39 D
3 40 4 40 D
3 41 3 41 D
3 42 4 42 D
3 43 2 43 D
3 44 5 44 D
3 45 6 4 R
3 46 2 33 D
3 47 2 35 D
3 48 1 32 D
3 49 4 25 U
3 50 2 25 U
3 51 0 32 D
3 52 2 52 L
3 53 2 18 U
3 54 5 54 L
3 55 4 55 L
3 56 5 30 U
3 57 0 44 D
3 58 1 29 U
3 59 0 19 U
3 60 7 60 L
3 61 9 61 L
3 62 3 62 L
3 63 26 63 L
3 64 15 64 L
4 0 2 24 U
4 1 2 20 U
4 2 3 2 R
4 3 2 40 D
4 4 3 33 D
4 5 1 26 U
4 6 1 39 D
4 7 3 42 D
4 8 3 38 D
4 9 5 9 R
4 10 0 56 L
4 11 1 45 D
4 12 6 31 U
4 13 8 13 R
4 14 16 18 U
4 15 2 15 R
4 16 20 16 R
4 17 16 17 R
4 18 0 33 D
4 19 3 6 R
4 20 2 20 U
4 21 4 47 L
4 22 3 36 D
4 23 3 23 U
4 24 1 24 U
4 25 3 38 D
4 26 5 26 U
4 27 1 27 U
4 28 5 3 R
4 29 5 11 R
4 30 6 2 R
4 31 1 31 U
4 32 0 1 R
4 33 0 21 U
4 34 3 34 D
4 35 4 35 D
4 36 0 7 R
4 37 3 37 D
4 38 3 5 R
4 39 1 51 L
4 40 4 53 L
4 41 0 2 R
4 42 5 49 L
4 43 2 56 L
4 44 5 10 R
4 45 5 45 D
4 46 0 18 U
4 47 2 3 R
4 48 1 19 U
4 49 3 37 D
4 50 0 6 R
4 51 2 51 L
4 52 3 52 L
4 53 3 36 D
4 54 5 41 D
4 55 3 55 L
4 56 1 43 D
4 57 3 57 L
4 58 7 42 D
4 59 7 59 L
4 60 10 60 L
4 61 5 61 L
4 62 8 62 L
4 63 27 63 L
4 64 38 64 L
5 0 0 46 L
5 1 4 26 U
5 2 2 28 U
5 3 3 20 U
5 4 0 33 D
5 5 2 32 D
5 6 1 6 R
5 7 5 7 R
5 8 1 24 U
5 9 4 9 R
5 10 1 44 D
5 11 2 31 U
5 12 7 12 R
5 13 9 13 R
5 14 16 14 R
5 15 12 15 R
5 16 28 16 R
5 17 26 17 R
5 18 3 1 R
5 19 2 55 L
5 20 1 49 L
5 21 5 10 R
5 22 0 40 D
5 23 5 56 L
5 24 4 54 L
5 25 4 8 R
5 26 4 26 U
5 27 2 27 U
5 28 4 28 U
5 29 3 58 L
5 30 5 30 U
5 31 4 57 L
5 32 0 8 R
5 33 1 33 D
5 34 1 54 L
5 35 3 9 R
5 36 0 56 L
5 37 3 4 R
5 38 4 47 L
5 39 4 39 D
5 40 0 11 R
5 41 5 53 L
5 42 5 42 D
5 43 1 43 D
5 44 2 46 L
5 45 9 47 L
5 46 0 27 U
5 47 1 37 D
5 48 5 28 U
5 49 4 38 D
5 50 5 50 L
5 51 4 51 L
5 52 3 18 U
5 53 5 35 D
5 54 0 7 R
5 55 4 10 R
5 56 5 22 U
5 57 5 11 R
5 58 1 58 L
5 59 7 21 U
5 60 8 60 L
5 61 13 61 L
5 62 19 62 L
5 63 28 63 L
5 64 37 64 L
6 0 5 44 D
6 1 0 19 U
6 2 5 28 U
6 3 6 23 U
6 4 1 19 U
6 5 7 38 D
6 6 5 40 D
6 7 0 54 L
6 8 7 22 U
6 9 6 35 D
6 10 0 18 U
6 11 9 38 D
6 12 6 12 R
6 13 2 30 U
6 14 2 14 R
6 15 13 15 R
6 16 23 16 R
6 17 30 17 R
6 18 4 1 R
6 19 5 47 L
6 20 6 55 L
6 21 0 6 R
6 22 5 49 L
6 23 0 37 D
6 24 6 3 R
6 25 6 8 R
6 26 6 8 R
6 27 1 12 R
6 28 6 28 U
6 29 9 46 L
6 30 6 30 U
6 31 6 52 L
6 32 4 0 R
6 33 0 4 R
6 34 7 1 R
6 35 6 49 L
6 36 6 52 L
6 37 1 50 L
6 38 2 53 L
6 39 7 46 L
6 40 5 51 L
6 41 7 4 R
6 42 3 0 R
6 43 6 7 R
6 44 1 44 D
6 45 9 45 D
6 46 4 42 D
6 47 3 30 U
6 48 2 48 L
6 49 4 45 D
6 50 7 33 D
6 51 6 19 U
6 52 6 33 D
6 53 4 37 D
6 54 3 25 U
6 55 7 18 U
6 56 5 5 R
6 57 7 42 D
6 58 7 58 L
6 59 2 59 L
6 60 6 60 L
6 61 11 61 L
6 62 2 62 L
6 63 10 63 L
6 64 26 64 L
7 0 6 20 U
7 1 6 39 D
7 2 7 36 D
7 3 7 3 R
7 4 0 48 L
7 5 8 24 U
7 6 2 39 D
7 7 4 24 U
7 8 9 25 U
7 9 6 9 R
7 10 5 10 R
7 11 5 11 R
7 12 8 33 D
7 13 6 43 D
7 14 11 14 R
7 15 11 15 R
7 16 29 33 D
7 17 4 17 R
7 18 0 32 D
7 19 6 0 R
7 20 7 20 U
7 21 6 21 U
7 22 9 49 L
7 23 8 2 R
7 24 7 24 U
7 25 7 25 U
7 26 8 26 U
7 27 8 50 L
7 28 7 0 R
7 29 10 29 U
7 30 0 1 R
7 31 7 31 U
7 32 0 9 R
7 33 4 19 U
7 34 2 12 R
7 35 6 35 D
7 36 6 36 D
7 37 7 2 R
7 38 0 54 L
7 39 7 39 D
7 40 5 40 D
7 41 7 41 D
7 42 8 12 R
7 43 7 43 D
7 44 7 48 L
7 45 8 45 D
7 46 6 41 D
7 47 4 34 D
7 48 5 24 U
7 49 3 21 U
7 50 7 50 L
7 51 6 51 L
7 52 7 43 D
7 53 6 53 L
7 54 0 38 D
7 55 7 55 L
7 56 8 26 U
7 57 9 57 L
7 58 6 58 L
7 59 9 59 L
7 60 10 33 D
7 61 12 61 L
7 62 22 62 L
7 63 24 63 L
7 64 36 64 L
8 0 5 32 D
8 1 6 44 D
8 2 8 32 D
8 3 5 21 U
8 4 9 45 D
8 5 8 5 R
8 6 8 28 U
8 7 7 31 U
8 8 9 29 U
8 9 9 43 D
8 10 3 10 R
8 11 1 11 R
8 12 0 34 D
8 13 9 40 D
8 14 18 43 D
8 15 2 54 L
8 16 24 36 D
8 17 31 17 R
8 18 6 7 R
8 19 1 51 L
8 20 7 50 L
8 21 7 55 L
8 22 9 22 U
8 23 8 23 U
8 24 6 56 L
8 25 9 6 R
8 26 9 26 U
8 27 7 27 U
8 28 7 28 U
8 29 7 29 U
8 30 9 30 U
8 31 8 46 L
8 32 8 32 D
8 33 0 19 U
8 34 0 58 L
8 35 7 12 R
8 36 4 2 R
8 37 6 55 L
8 38 8 5 R
8 39 9 54 L
8 40 9 9 R
8 41 5 54 L
8 42 8 42 D
8 43 8 57 L
8 44 8 44 D
8 45 10 54 L
8 46 6 28 U
8 47 7 32 D
8 48 7 37 D
8 49 6 4 R
8 50 5 18 U
8 51 6 23 U
8 52 7 23 U
8 53 2 22 U
8 54 4 36 D
8 55 6 35 D
8 56 9 56 L
8 57 5 57 L
8 58 7 38 D
8 59 6 40 D
8 60 11 32 D
8 61 0 14 R
8 62 16 29 U
8 63 25 33 D
8 64 34 64 L
9 0 4 27 U
9 1 6 1 R
9 2 5 39 D
9 3 8 21 U
9 4 9 44 D
9 5 8 41 D
9 6 8 43 D
9 7 7 22 U
9 8 1 8 R
9 9 9 23 U
9 10 2 10 R
9 11 8 11 R
9 12 8 39 D
9 13 11 13 R
9 14 15 14 R
9 15 21 15 R
9 16 27 16 R
9 17 9 17 R
9 18 8 7 R
9 19 0 52 L
9 20 9 3 R
9 21 9 21 U
9 22 4 53 L
9 23 8 4 R
9 24 9 49 L
9 25 7 58 L
9 26 4 51 L
9 27 6 27 U
9 28 1 1 R
9 29 2 29 U
9 30 11 48 L
9 31 8 31 U
9 32 1 1 R
9 33 8 2 R
9 34 9 4 R
9 35 8 51 L
9 36 9 36 D
9 37 9 5 R
9 38 0 26 U
9 39 8 39 D
9 40 9 13 R
9 41 6 41 D
9 42 7 11 R
9 43 7 59 L
9 44 6 47 L
9 45 7 45 D
9 46 8 33 D
9 47 0 3 R
9 48 8 35 D
9 49 0 37 D
9 50 8 18 U
9 51 9 34 D
9 52 5 52 L
9 53 10 38 D
9 54 11 38 D
9 55 9 20 U
9 56 7 56 L
9 57 12 38 D
9 58 9 25 U
9 59 4 59 L
9 60 11 60 L
9 61 6 61 L
9 62 10 62 L
9 63 1 63 L
9 64 7 64 L
10 0 9 41 D
10 1 0 44 D
10 2 10 24 U
10 3 10 45 D
10 4 6 18 U
10 5 3 40 D
10 6 10 39 D
10 7 10 36 D
10 8 7 8 R
10 9 2 9 R
10 10 1 10 R
10 11 10 29 U
10 12 10 12 R
10 13 12 21 U
10 14 18 39 D
10 15 20 15 R
10 16 25 16 R
10 17 20 17 R
10 18 0 59 L
10 19 0 51 L
10 20 0 13 R
10 21 8 10 R
10 22 5 4 R
10 23 10 56 L
10 24 2 59 L
10 25 3 12 R
10 26 6 9 R
10 27 10 1 R
10 28 17 60 L
10 29 8 47 L
10 30 7 30 U
10 31 10 52 L
10 32 0 50 L
10 33 5 59 L
10 34 8 0 R
10 35 10 3 R
10 36 9 48 L
10 37 11 2 R
10 38 2 4 R
10 39 0 8 R
10 40 10 40 D
10 41 8 59 L
10 42 6 8 R
10 43 9 43 D
10 44 7 44 D
10 45 10 45 D
10 46 0 39 D
10 47 8 34 D
10 48 10 35 D
10 49 10 20 U
10 50 8 50 L
10 51 2 33 D
10 52 10 21 U
10 53 12 24 U
10 54 11 54 L
10 55 9 33 D
10 56 6 22 U
10 57 2 57 L
10 58 0 11 R
10 59 3 20 U
10 60 2 60 L
10 61 16 61 L
10 62 0 22 U
10 63 29 63 L
10 64 33 64 L
11 0 9 18 U
11 1 4 49 L
11 2 0 36 D
11 3 10 18 U
11 4 5 31 U
11 5 11 5 R
11 6 12 6 R
11 7 10 37 D
11 8 0 18 U
11 9 0 38 D
11 10 6 41 D
11 11 11 11 R
11 12 8 30 U
11 13 13 13 R
11 14 18 14 R
11 15 16 15 R
11 16 11 16 R
11 17 22 17 R
11 18 11 18 U
11 19 0 10 R
11 20 0 44 D
11 21 10 3 R
11 22 0 39 D
11 23 13 23 U
11 24 13 13 R
11 25 12 2 R
11 26 10 26 U
11 27 11 27 U
11 28 15 28 U
11 29 12 29 U
11 30 11 30 U
11 31 9 31 U
11 32 0 51 L
11 33 10 12 R
11 34 10 47 L
11 35 9 60 L
11 36 0 49 L
11 37 11 50 L
11 38 10 5 R
11 39 0 60 L
11 40 11 53 L
11 41 8 46 L
11 42 11 42 D
11 43 9 0 R
11 44 11 13 R
11 45 11 57 L
11 46 9 35 D
11 47 10 47 L
11 48 10 34 D
11 49 8 27 U
11 50 10 37 D
11 51 5 26 U
11 52 11 52 L
11 53 10 53 L
11 54 10 18 U
11 55 10 55 L
11 56 13 22 U
11 57 10 57 L
11 58 12 58 L
11 59 3 25 U
11 60 13 60 L
11 61 16 28 U
11 62 23 62 L
11 63 28 22 U
11 64 32 64 L
12 0 0 42 D
12 1 11 1 R
12 2 11 20 U
12 3 13 41 D
12 4 15 35 D
12 5 11 29 U
12 6 13 45 D
12 7 11 37 D
12 8 9 27 U
12 9 7 9 R
12 10 1 58 L
12 11 12 11 R
12 12 12 20 U
12 13 5 13 R
12 14 4 14 R
12 15 19 15 R
12 16 24 16 R
12 17 19 17 R
12 18 11 5 R
12 19 0 12 R
12 20 10 47 L
12 21 9 7 R
12 22 11 3 R
12 23 7 14 R
12 24 13 24 U
12 25 14 25 U
12 26 17 13 R
12 27 10 54 L
12 28 16 28 U
12 29 8 29 U
12 30 12 11 R
12 31 10 2 R
12 32 11 52 L
12 33 5 0 R
12 34 12 51 L
12 35 11 54 L
12 36 12 1 R
12 37 11 48 L
12 38 7 53 L
12 39 11 46 L
12 40 11 46 L
12 41 10 58 L
12 42 9 52 L
12 43 12 8 R
12 44 12 13 R
12 45 13 45 D
12 46 11 35 D
12 47 9 32 D
12 48 10 36 D
12 49 10 30 U
12 50 11 31 U
12 51 0 0 R
12 52 0 20 U
12 53 4 53 L
12 54 10 23 U
12 55 11 19 U
12 56 13 56 L
12 57 8 44 D
12 58 11 58 L
12 59 16 35 D
12 60 12 44 D
12 61 18 61 L
12 62 4 62 L
12 63 29 3 R
12 64 3 64 L
13 0 12 43 D
13 1 12 34 D
13 2 9 2 R
13 3 10 23 U
13 4 13 4 R
13 5 16 41 D
13 6 11 6 R
13 7 12 39 D
13 8 14 22 U
13 9 16 25 U
13 10 18 10 R
13 11 12 20 U
13 12 13 12 R
13 13 0 49 L
13 14 17 14 R
13 15 22 37 D
13 16 21 16 R
13 17 38 43 D
13 18 4 6 R
13 19 12 1 R
13 20 13 55 L
13 21 13 54 L
13 22 14 51 L
13 23 12 23 U
13 24 10 24 U
13 25 15 25 U
13 26 15 26 U
13 27 18 9 R
13 28 15 52 L
13 29 12 56 L
13 30 13 30 U
13 31 14 13 R
13 32 12 52 L
13 33 11 33 D
13 34 13 34 D
13 35 12 55 L
13 36 13 36 D
13 37 10 13 R
13 38 13 9 R
13 39 0 6 R
13 40 11 60 L
13 41 11 41 D
13 42 12 42 D
13 43 4 43 D
13 44 13 44 D
13 45 13 3 R
13 46 12 35 D
13 47 11 32 D
13 48 15 48 L
13 49 11 49 L
13 50 10 31 U
13 51 13 51 L
13 52 0 18 U
13 53 11 53 L
13 54 12 54 L
13 55 13 22 U
13 56 11 56 L
13 57 11 57 L
13 58 12 45 D
13 59 14 59 L
13 60 13 32 D
13 61 17 61 L
13 62 24 62 L
13 63 30 63 L
13 64 35 34 D
14 0 12 45 D
14 1 13 18 U
14 2 14 40 D
14 3 15 25 U
14 4 11 4 R
14 5 16 5 R
14 6 12 19 U
14 7 5 51 L
14 8 9 8 R
14 9 15 9 R
14 10 12 10 R
14 11 14 36 D
14 12 13 41 D
14 13 15 23 U
14 14 14 14 R
14 15 19 38 D
14 16 30 30 U
14 17 15 17 R
14 18 13 7 R
14 19 12 49 L
14 20 12 47 L
14 21 8 40 D
14 22 14 22 U
14 23 14 49 L
14 24 15 13 R
14 25 13 52 L
14 26 16 26 U
14 27 16 2 R
14 28 12 61 L
14 29 12 6 R
14 30 1 48 L
14 31 14 31 U
14 32 14 7 R
14 33 13 57 L
14 34 14 2 R
14 35 0 18 U
14 36 12 47 L
14 37 6 1 R
14 38 16 57 L
14 39 12 51 L
14 40 14 40 D
14 41 14 60 L
14 42 13 0 R
14 43 15 3 R
14 44 14 4 R
14 45 12 45 D
14 46 13 42 D
14 47 14 34 D
14 48 6 48 L
14 49 13 19 U
14 50 9 50 L
14 51 13 29 U
14 52 0 7 R
14 53 13 25 U
14 54 17 37 D
14 55 6 8 R
14 56 16 35 D
14 57 9 45 D
14 58 16 25 U
14 59 16 21 U
14 60 4 60 L
14 61 14 32 D
14 62 11 62 L
14 63 21 63 L
14 64 23 64 L
15 0 15 21 U
15 1 11 32 D
15 2 2 34 D
15 3 0 50 L
15 4 15 4 R
15 5 0 44 D
15 6 14 30 U
15 7 13 7 R
15 8 14 39 D
15 9 14 9 R
15 10 11 10 R
15 11 14 11 R
15 12 16 38 D
15 13 16 23 U
15 14 6 14 R
15 15 22 15 R
15 16 13 16 R
15 17 34 17 R
15 18 13 0 R
15 19 9 8 R
15 20 0 53 L
15 21 14 21 U
15 22 14 56 L
15 23 16 3 R
15 24 12 24 U
15 25 13 13 R
15 26 17 26 U
15 27 17 54 L
15 28 5 15 R
15 29 17 3 R
15 30 15 30 U
15 31 12 31 U
15 32 11 11 R
15 33 13 33 D
15 34 14 46 L
15 35 0 20 U
15 36 14 36 D
15 37 9 37 D
15 38 15 38 D
15 39 12 46 L
15 40 14 1 R
15 41 15 41 D
15 42 17 59 L
15 43 13 43 D
15 44 16 44 D
15 45 15 45 D
15 46 14 30 U
15 47 1 47 L
15 48 2 43 D
15 49 15 30 U
15 50 18 23 U
15 51 14 18 U
15 52 15 52 L
15 53 15 53 L
15 54 17 54 L
15 55 18 55 L
15 56 16 56 L
15 57 15 37 D
15 58 16 58 L
15 59 13 45 D
15 60 18 34 D
15 61 19 61 L
15 62 23 27 U
15 63 17 63 L
15 64 8 64 L
16 0 14 33 D
16 1 14 18 U
16 2 0 43 D
16 3 15 47 L
16 4 13 20 U
16 5 5 5 R
16 6 5 37 D
16 7 9 25 U
16 8 15 8 R
16 9 16 9 R
16 10 17 10 R
16 11 16 24 U
16 12 18 20 U
16 13 15 22 U
16 14 16 27 U
16 15 7 15 R
16 16 22 44 D
16 17 36 17 R
16 18 14 1 R
16 19 14 3 R
16 20 12 5 R
16 21 12 4 R
16 22 5 7 R
16 23 16 49 L
16 24 15 24 U
16 25 16 25 U
16 26 1 14 R
16 27 18 27 U
16 28 13 58 L
16 29 13 29 U
16 30 13 59 L
16 31 0 5 R
16 32 8 48 L
16 33 14 33 D
16 34 15 0 R
16 35 16 5 R
16 36 16 46 L
16 37 16 6 R
16 38 16 38 D
16 39 13 47 L
16 40 17 53 L
16 41 15 50 L
16 42 15 42 D
16 43 15 43 D
16 44 0 59 L
16 45 14 45 D
16 46 14 19 U
16 47 16 36 D
16 48 15 34 D
16 49 16 23 U
16 50 18 50 L
16 51 1 32 D
16 52 14 24 U
16 53 15 33 D
16 54 15 54 L
16 55 14 55 L
16 56 13 12 R
16 57 16 36 D
16 58 14 58 L
16 59 16 59 L
16 60 17 60 L
16 61 7 61 L
16 62 6 2 R
16 63 15 63 L
16 64 40 37 D
17 0 11 34 D
17 1 17 44 D
17 2 17 42 D
17 3 17 19 U
17 4 10 21 U
17 5 4 28 U
17 6 8 33 D
17 7 22 27 U
17 8 14 8 R
17 9 0 18 U
17 10 16 10 R
17 11 0 29 U
17 12 18 12 R
17 13 17 13 R
17 14 17 28 U
17 15 4 15 R
17 16 2 16 R
17 17 37 17 R
17 18 16 9 R
17 19 13 46 L
17 20 8 33 D
17 21 11 1 R
17 22 17 51 L
17 23 15 12 R
17 24 0 9 R
17 25 14 11 R
17 26 10 61 L
17 27 17 27 U
17 28 21 28 U
17 29 17 29 U
17 30 16 56 L
17 31 10 31 U
17 32 14 10 R
17 33 13 5 R
17 34 0 48 L
17 35 13 53 L
17 36 11 0 R
17 37 18 2 R
17 38 14 12 R
17 39 11 61 L
17 40 15 40 D
17 41 16 41 D
17 42 16 42 D
17 43 14 57 L
17 44 17 60 L
17 45 17 47 L
17 46 13 35 D
17 47 17 41 D
17 48 16 29 U
17 49 2 24 U
17 50 17 50 L
17 51 17 22 U
17 52 0 27 U
17 53 16 53 L
17 54 17 27 U
17 55 17 55 L
17 56 0 32 D
17 57 14 57 L
17 58 10 58 L
17 59 3 59 L
17 60 0 12 R
17 61 15 61 L
17 62 20 62 L
17 63 16 63 L
17 64 38 27 U
18 0 16 34 D
18 1 16 45 D
18 2 1 27 U
18 3 12 3 R
18 4 9 18 U
18 5 19 28 U
18 6 18 6 R
18 7 18 27 U
18 8 10 8 R
18 9 13 26 U
18 10 15 10 R
18 11 18 11 R
18 12 7 39 D
18 13 18 43 D
18 14 19 22 U
18 15 16 44 D
18 16 22 16 R
18 17 6 17 R
18 18 9 50 L
18 19 17 19 U
18 20 8 57 L
18 21 17 21 U
18 22 18 22 U
18 23 16 23 U
18 24 10 49 L
18 25 15 55 L
18 26 7 26 U
18 27 0 14 R
18 28 20 28 U
18 29 15 50 L
18 30 22 56 L
18 31 20 55 L
18 32 0 14 R
18 33 5 9 R
18 34 15 11 R
18 35 17 54 L
18 36 17 36 D
18 37 15 37 D
18 38 10 38 D
18 39 0 28 U
18 40 4 8 R
18 41 18 1 R
18 42 18 42 D
18 43 17 43 D
18 44 18 44 D
18 45 18 26 U
18 46 17 30 U
18 47 17 35 D
18 48 18 20 U
18 49 1 40 D
18 50 16 50 L
18 51 18 51 L
18 52 17 18 U
18 53 0 26 U
18 54 17 20 U
18 55 16 55 L
18 56 18 56 L
18 57 0 14 R
18 58 3 58 L
18 59 11 59 L
18 60 10 36 D
18 61 22 38 D
18 62 5 43 D
18 63 7 63 L
18 64 31 64 L
19 0 11 45 D
19 1 18 18 U
19 2 19 26 U
19 3 5 3 R
19 4 19 4 R
19 5 19 41 D
19 6 10 6 R
19 7 20 7 R
19 8 0 35 D
19 9 18 19 U
19 10 0 47 L
19 11 18 43 D
19 12 19 18 U
19 13 2 13 R
19 14 22 25 U
19 15 19 28 U
19 16 4 16 R
19 17 3 17 R
19 18 18 8 R
19 19 20 46 L
19 20 9 4 R
19 21 19 52 L
19 22 20 55 L
19 23 21 59 L
19 24 20 48 L
19 25 19 47 L
19 26 14 60 L
19 27 22 2 R
19 28 21 7 R
19 29 0 2 R
19 30 22 30 U
19 31 21 31 U
19 32 19 3 R
19 33 15 47 L
19 34 18 34 D
19 35 16 35 D
19 36 20 46 L
19 37 18 56 L
19 38 22 15 R
19 39 22 61 L
19 40 18 49 L
19 41 0 5 R
19 42 20 61 L
19 43 14 59 L
19 44 18 48 L
19 45 15 61 L
19 46 8 0 R
19 47 21 23 U
19 48 22 39 D
19 49 19 28 U
19 50 7 25 U
19 51 22 36 D
19 52 16 52 L
19 53 21 9 R
19 54 19 54 L
19 55 15 9 R
19 56 14 35 D
19 57 18 20 U
19 58 15 19 U
19 59 18 8 R
19 60 16 60 L
19 61 21 33 D
19 62 22 44 D
19 63 30 23 U
19 64 40 64 L
20 0 18 32 D
20 1 19 42 D
20 2 12 2 R
20 3 7 20 U
20 4 21 23 U
20 5 14 41 D
20 6 19 6 R
20 7 24 39 D
20 8 0 20 U
20 9 17 36 D
20 10 26 10 R
20 11 20 11 R
20 12 20 12 R
20 13 21 13 R
20 14 19 35 D
20 15 19 30 U
20 16 9 16 R
20 17 5 17 R
20 18 13 9 R
20 19 20 19 U
20 20 3 4 R
20 21 20 21 U
20 22 20 22 U
20 23 21 1 R
20 24 20 24 U
20 25 21 25 U
20 26 22 26 U
20 27 20 27 U
20 28 22 12 R
20 29 22 15 R
20 30 20 30 U
20 31 24 31 U
20 32 14 50 L
20 33 18 33 D
20 34 19 0 R
20 35 20 1 R
20 36 19 36 D
20 37 20 2 R
20 38 21 38 D
20 39 17 48 L
20 40 20 40 D
20 41 22 15 R
20 42 20 42 D
20 43 19 43 D
20 44 17 44 D
20 45 17 45 D
20 46 16 37 D
20 47 20 47 L
20 48 0 25 U
20 49 22 49 L
20 50 15 33 D
20 51 9 29 U
20 52 6 31 U
20 53 19 53 L
20 54 6 54 L
20 55 21 55 L
20 56 21 56 L
20 57 21 57 L
20 58 19 58 L
20 59 20 59 L
20 60 15 60 L
20 61 22 61 L
20 62 17 62 L
20 63 31 29 U
20 64 39 30 U
21 0 19 43 D
21 1 19 21 U
21 2 21 26 U
21 3 20 19 U
21 4 20 22 U
21 5 21 29 U
21 6 28 6 R
21 7 10 42 D
21 8 21 39 D
21 9 1 9 R
21 10 7 10 R
21 11 23 11 R
21 12 21 28 U
21 13 0 51 L
21 14 20 14 R
21 15 20 30 U
21 16 6 16 R
21 17 2 17 R
21 18 19 47 L
21 19 16 4 R
21 20 19 3 R
21 21 20 14 R
21 22 19 22 U
21 23 20 59 L
21 24 22 24 U
21 25 22 25 U
21 26 21 26 U
21 27 21 57 L
21 28 20 50 L
21 29 19 5 R
21 30 19 13 R
21 31 23 31 U
21 32 19 15 R
21 33 19 55 L
21 34 19 34 D
21 35 21 35 D
21 36 21 23 U
21 37 21 37 D
21 38 21 48 L
21 39 7 60 L
21 40 10 12 R
21 41 21 50 L
21 42 12 53 L
21 43 20 43 D
21 44 19 53 L
21 45 21 62 L
21 46 19 37 D
21 47 7 1 R
21 48 19 7 R
21 49 20 49 L
21 50 19 44 D
21 51 7 44 D
21 52 17 52 L
21 53 18 40 D
21 54 3 54 L
21 55 12 55 L
21 56 22 39 D
21 57 12 57 L
21 58 20 58 L
21 59 18 19 U
21 60 22 32 D
21 61 16 22 U
21 62 7 15 R
21 63 31 63 L
21 64 41 64 L
22 0 0 55 L
22 1 1 33 D
22 2 0 40 D
22 3 22 33 D
22 4 22 23 U
22 5 23 20 U
22 6 27 6 R
22 7 24 7 R
22 8 22 8 R
22 9 18 24 U
22 10 25 10 R
22 11 6 11 R
22 12 16 40 D
22 13 21 31 U
22 14 19 14 R
22 15 15 15 R
22 16 29 16 R
22 17 31 23 U
22 18 21 9 R
22 19 20 4 R
22 20 21 3 R
22 21 22 14 R
22 22 20 58 L
22 23 22 4 R
22 24 20 1 R
22 25 0 15 R
22 26 22 2 R
22 27 10 52 L
22 28 22 28 U
22 29 19 15 R
22 30 8 60 L
22 31 19 31 U
22 32 20 13 R
22 33 21 33 D
22 34 19 54 L
22 35 21 3 R
22 36 1 48 L
22 37 22 51 L
22 38 20 38 D
22 39 21 51 L
22 40 22 40 D
22 41 20 41 D
22 42 21 42 D
22 43 21 46 L
22 44 17 62 L
22 45 15 7 R
22 46 20 34 D
22 47 22 47 L
22 48 0 41 D
22 49 15 39 D
22 50 2 5 R
22 51 22 45 D
22 52 20 52 L
22 53 5 53 L
22 54 21 35 D
22 55 14 32 D
22 56 27 29 U
22 57 22 27 U
22 58 19 29 U
22 59 7 24 U
22 60 3 60 L
22 61 23 45 D
22 62 25 62 L
22 63 4 63 L
22 64 3 15 R
23 0 20 33 D
23 1 24 41 D
23 2 16 31 U
23 3 21 38 D
23 4 23 36 D
23 5 24 5 R
23 6 26 6 R
23 7 0 20 U
23 8 23 18 U
23 9 24 18 U
23 10 19 10 R
23 11 22 11 R
23 12 22 31 U
23 13 20 13 R
23 14 26 41 D
23 15 23 37 D
23 16 18 16 R
23 17 37 24 U
23 18 22 55 L
23 19 21 13 R
23 20 20 12 R
23 21 23 0 R
23 22 20 3 R
23 23 23 12 R
23 24 19 58 L
23 25 23 4 R
23 26 23 62 L
23 27 23 1 R
23 28 28 2 R
23 29 26 29 U
23 30 28 30 U
23 31 13 31 U
23 32 13 52 L
23 33 22 3 R
23 34 21 61 L
23 35 17 46 L
23 36 23 46 L
23 37 0 19 U
23 38 21 51 L
23 39 23 54 L
23 40 23 4 R
23 41 20 49 L
23 42 13 48 L
23 43 23 49 L
23 44 7 7 R
23 45 23 45 D
23 46 21 34 D
23 47 23 39 D
23 48 18 48 L
23 49 23 40 D
23 50 21 32 D
23 51 26 29 U
23 52 12 52 L
23 53 24 21 U
23 54 19 40 D
23 55 6 32 D
23 56 27 56 L
23 57 7 8 R
23 58 23 34 D
23 59 28 22 U
23 60 23 32 D
23 61 20 61 L
23 62 9 62 L
23 63 32 63 L
23 64 49 64 L
24 0 20 20 U
24 1 24 23 U
24 2 24 24 U
24 3 21 18 U
24 4 24 21 U
24 5 24 23 U
24 6 16 6 R
24 7 27 28 U
24 8 25 42 D
24 9 23 9 R
24 10 0 32 D
24 11 25 22 U
24 12 23 24 U
24 13 0 61 L
24 14 25 14 R
24 15 24 15 R
24 16 3 16 R
24 17 38 17 R
24 18 12 8 R
24 19 2 61 L
24 20 24 53 L
24 21 24 5 R
24 22 0 11 R
24 23 20 62 L
24 24 23 24 U
24 25 0 0 R
24 26 26 26 U
24 27 24 57 L
24 28 0 56 L
24 29 25 29 U
24 30 30 30 U
24 31 23 47 L
24 32 22 7 R
24 33 21 47 L
24 34 24 1 R
24 35 22 35 D
24 36 23 36 D
24 37 24 37 D
24 38 21 58 L
24 39 22 48 L
24 40 23 61 L
24 41 23 62 L
24 42 0 62 L
24 43 18 62 L
24 44 23 44 D
24 45 22 45 D
24 46 22 41 D
24 47 19 0 R
24 48 23 38 D
24 49 24 1 R
24 50 20 18 U
24 51 25 29 U
24 52 13 52 L
24 53 25 21 U
24 54 20 54 L
24 55 22 19 U
24 56 23 56 L
24 57 27 57 L
24 58 21 41 D
24 59 22 59 L
24 60 24 26 U
24 61 24 61 L
24 62 0 29 U
24 63 20 63 L
24 64 48 64 L
25 0 2 33 D
25 1 23 1 R
25 2 25 2 R
25 3 17 20 U
25 4 24 18 U
25 5 25 19 U
25 6 28 24 U
25 7 26 7 R
25 8 25 8 R
25 9 22 21 U
25 10 9 10 R
25 11 26 11 R
25 12 24 26 U
25 13 12 13 R
25 14 26 14 R
25 15 23 15 R
25 16 29 23 U
25 17 40 38 D
25 18 22 48 L
25 19 23 4 R
25 20 26 52 L
25 21 26 10 R
25 22 25 51 L
25 23 23 60 L
25 24 17 1 R
25 25 28 6 R
25 26 24 26 U
25 27 28 27 U
25 28 27 16 R
25 29 17 4 R
25 30 29 30 U
25 31 18 62 L
25 32 5 13 R
25 33 7 1 R
25 34 25 2 R
25 35 26 58 L
25 36 25 36 D
25 37 24 47 L
25 38 20 46 L
25 39 24 62 L
25 40 25 3 R
25 41 25 61 L
25 42 23 6 R
25 43 25 58 L
25 44 24 44 D
25 45 24 47 L
25 46 24 33 D
25 47 16 34 D
25 48 18 25 U
25 49 25 35 D
25 50 26 50 L
25 51 27 51 L
25 52 0 19 U
25 53 21 53 L
25 54 27 41 D
25 55 7 0 R
25 56 25 43 D
25 57 22 57 L
25 58 27 42 D
25 59 15 59 L
25 60 25 60 L
25 61 20 19 U
25 62 21 62 L
25 63 22 63 L
25 64 17 64 L
26 0 20 32 D
26 1 20 38 D
26 2 20 40 D
26 3 26 3 R
26 4 3 39 D
26 5 28 5 R
26 6 13 6 R
26 7 25 7 R
26 8 28 8 R
26 9 0 48 L
26 10 26 31 U
26 11 28 45 D
26 12 25 38 D
26 13 24 13 R
26 14 0 19 U
26 15 25 35 D
26 16 30 16 R
26 17 40 17 R
26 18 24 9 R
26 19 25 10 R
26 20 0 7 R
26 21 26 9 R
26 22 23 22 U
26 23 24 23 U
26 24 25 11 R
26 25 28 9 R
26 26 25 26 U
26 27 26 27 U
26 28 27 28 U
26 29 28 2 R
26 30 26 6 R
26 31 26 31 U
26 32 24 0 R
26 33 24 60 L
26 34 26 10 R
26 35 26 13 R
26 36 24 4 R
26 37 20 37 D
26 38 23 15 R
26 39 25 52 L
26 40 26 2 R
26 41 26 46 L
26 42 27 42 D
26 43 23 7 R
26 44 26 14 R
26 45 27 45 D
26 46 19 36 D
26 47 24 22 U
26 48 23 48 L
26 49 26 49 L
26 50 14 50 L
26 51 25 51 L
26 52 18 12 R
26 53 24 53 L
26 54 21 54 L
26 55 28 55 L
26 56 26 56 L
26 57 26 57 L
26 58 28 58 L
26 59 26 59 L
26 60 26 60 L
26 61 23 40 D
26 62 13 62 L
26 63 29 29 U
26 64 47 64 L
27 0 25 32 D
27 1 25 20 U
27 2 27 25 U
27 3 0 51 L
27 4 16 32 D
27 5 32 26 U
27 6 10 33 D
27 7 19 54 L
27 8 12 8 R
27 9 22 30 U
27 10 26 18 U
27 11 32 33 D
27 12 0 33 D
27 13 32 43 D
27 14 28 27 U
27 15 19 52 L
27 16 27 41 D
27 17 27 17 R
27 18 23 53 L
27 19 25 12 R
27 20 25 20 U
27 21 13 15 R
27 22 28 49 L
27 23 28 23 U
27 24 28 24 U
27 25 28 25 U
27 26 11 12 R
27 27 27 27 U
27 28 25 42 D
27 29 24 29 U
27 30 16 62 L
27 31 27 63 L
27 32 25 14 R
27 33 13 62 L
27 34 25 0 R
27 35 27 6 R
27 36 27 46 L
27 37 26 46 L
27 38 11 55 L
27 39 27 1 R
27 40 13 40 D
27 41 27 6 R
27 42 28 47 L
27 43 28 43 D
27 44 6 44 D
27 45 25 11 R
27 46 28 39 D
27 47 28 43 D
27 48 7 34 D
27 49 27 21 U
27 50 25 50 L
27 51 20 25 U
27 52 28 35 D
27 53 15 19 U
27 54 28 54 L
27 55 24 55 L
27 56 19 56 L
27 57 25 57 L
27 58 22 42 D
27 59 25 59 L
27 60 12 60 L
27 61 11 40 D
27 62 28 20 U
27 63 26 35 D
27 64 24 64 L
28 0 18 22 U
28 1 22 40 D
28 2 25 27 U
28 3 29 22 U
28 4 21 36 D
28 5 31 38 D
28 6 27 41 D
28 7 10 7 R
28 8 27 24 U
28 9 17 9 R
28 10 24 10 R
28 11 31 11 R
28 12 25 23 U
28 13 27 36 D
28 14 34 23 U
28 15 29 15 R
28 16 5 16 R
28 17 14 17 R
28 18 26 5 R
28 19 0 50 L
28 20 26 4 R
28 21 27 5 R
28 22 27 22 U
28 23 27 23 U
28 24 27 24 U
28 25 27 25 U
28 26 28 1 R
28 27 27 14 R
28 28 28 28 U
28 29 26 8 R
28 30 24 30 U
28 31 31 12 R
28 32 2 48 L
28 33 10 60 L
28 34 26 34 D
28 35 24 21 U
28 36 27 36 D
28 37 25 37 D
28 38 26 54 L
28 39 27 39 D
28 40 17 7 R
28 41 28 41 D
28 42 26 42 D
28 43 28 56 L
28 44 26 44 D
28 45 26 45 D
28 46 23 41 D
28 47 18 43 D
28 48 27 39 D
28 49 27 28 U
28 50 24 50 L
28 51 26 51 L
28 52 23 52 L
28 53 25 34 D
28 54 27 39 D
28 55 29 36 D
28 56 28 21 U
28 57 25 45 D
28 58 29 58 L
28 59 24 59 L
28 60 27 35 D
28 61 27 61 L
28 62 18 62 L
28 63 6 63 L
28 64 43 64 L
29 0 28 18 U
29 1 0 23 U
29 2 29 19 U
29 3 30 3 R
29 4 27 28 U
29 5 29 45 D
29 6 30 38 D
29 7 28 20 U
29 8 23 8 R
29 9 9 9 R
29 10 0 46 L
29 11 29 26 U
29 12 31 31 U
29 13 15 13 R
29 14 33 14 R
29 15 28 15 R
29 16 17 16 R
29 17 40 22 U
29 18 28 4 R
29 19 26 56 L
29 20 26 2 R
29 21 18 21 U
29 22 10 57 L
29 23 23 5 R
29 24 28 7 R
29 25 30 1 R
29 26 30 26 U
29 27 27 51 L
29 28 29 28 U
29 29 32 8 R
29 30 25 30 U
29 31 29 9 R
29 32 28 48 L
29 33 25 46 L
29 34 0 28 U
29 35 29 46 L
29 36 29 49 L
29 37 2 54 L
29 38 28 48 L
29 39 1 53 L
29 40 0 16 R
29 41 29 58 L
29 42 27 48 L
29 43 24 16 R
29 44 25 47 L
29 45 31 50 L
29 46 26 32 D
29 47 25 40 D
29 48 29 48 L
29 49 28 41 D
29 50 6 33 D
29 51 5 21 U
29 52 21 32 D
29 53 3 53 L
29 54 31 28 U
29 55 30 55 L
29 56 29 34 D
29 57 12 25 U
29 58 33 18 U
29 59 11 36 D
29 60 24 16 R
29 61 0 22 U
29 62 0 16 R
29 63 5 63 L
29 64 22 64 L
30 0 29 18 U
30 1 6 49 L
30 2 29 2 R
30 3 29 24 U
30 4 29 30 U
30 5 32 5 R
30 6 30 32 D
30 7 26 35 D
30 8 30 25 U
30 9 6 20 U
30 10 32 10 R
30 11 29 11 R
30 12 30 12 R
30 13 28 13 R
30 14 34 14 R
30 15 29 42 D
30 16 14 16 R
30 17 39 17 R
30 18 29 4 R
30 19 7 51 L
30 20 0 43 D
30 21 29 21 U
30 22 30 53 L
30 23 30 57 L
30 24 29 16 R
30 25 30 25 U
30 26 27 7 R
30 27 32 27 U
30 28 31 5 R
30 29 29 5 R
30 30 23 30 U
30 31 20 31 U
30 32 26 63 L
30 33 27 15 R
30 34 29 63 L
30 35 30 35 D
30 36 28 36 D
30 37 7 56 L
30 38 30 38 D
30 39 27 7 R
30 40 11 6 R
30 41 29 63 L
30 42 20 63 L
30 43 30 6 R
30 44 30 48 L
30 45 30 45 D
30 46 30 34 D
30 47 29 41 D
30 48 25 3 R
30 49 11 43 D
30 50 28 40 D
30 51 3 2 R
30 52 29 52 L
30 53 29 26 U
30 54 30 54 L
30 55 1 9 R
30 56 32 56 L
30 57 32 37 D
30 58 35 41 D
30 59 32 59 L
30 60 11 35 D
30 61 0 31 U
30 62 33 33 D
30 63 23 63 L
30 64 42 64 L
31 0 31 18 U
31 1 15 18 U
31 2 30 22 U
31 3 4 3 R
31 4 24 27 U
31 5 27 29 U
31 6 32 32 D
31 7 20 44 D
31 8 30 28 U
31 9 31 31 U
31 10 30 10 R
31 11 25 11 R
31 12 31 12 R
31 13 25 13 R
31 14 36 14 R
31 15 30 15 R
31 16 7 16 R
31 17 41 23 U
31 18 32 63 L
31 19 32 53 L
31 20 26 49 L
31 21 7 60 L
31 22 31 1 R
31 23 10 53 L
31 24 31 4 R
31 25 22 0 R
31 26 32 26 U
31 27 31 27 U
31 28 32 11 R
31 29 31 15 R
31 30 29 50 L
31 31 42 61 L
31 32 28 50 L
31 33 18 51 L
31 34 17 8 R
31 35 30 10 R
31 36 31 3 R
31 37 31 55 L
31 38 26 10 R
31 39 30 55 L
31 40 31 40 D
31 41 30 47 L
31 42 25 42 D
31 43 29 50 L
31 44 30 13 R
31 45 25 45 D
31 46 30 39 D
31 47 31 39 D
31 48 26 37 D
31 49 21 25 U
31 50 31 43 D
31 51 31 51 L
31 52 32 24 U
31 53 29 32 D
31 54 32 44 D
31 55 8 38 D
31 56 31 27 U
31 57 32 57 L
31 58 36 58 L
31 59 17 59 L
31 60 31 60 L
31 61 4 61 L
31 62 34 62 L
31 63 20 20 U
31 64 46 64 L
32 0 0 25 U
32 1 32 19 U
32 2 13 19 U
32 3 20 34 D
32 4 31 23 U
32 5 35 44 D
32 6 6 33 D
32 7 35 18 U
32 8 33 47 L
32 9 33 21 U
32 10 36 34 D
32 11 34 26 U
32 12 34 25 U
32 13 29 13 R
32 14 0 40 D
32 15 31 30 U
32 16 0 63 L
32 17 19 49 L
32 18 24 4 R
32 19 30 11 R
32 20 4 55 L
32 21 0 16 R
32 22 6 60 L
32 23 32 4 R
32 24 31 52 L
32 25 32 8 R
32 26 31 54 L
32 27 29 8 R
32 28 28 53 L
32 29 30 5 R
32 30 31 30 U
32 31 38 31 U
32 32 31 32 D
32 33 31 33 D
32 34 1 59 L
32 35 22 47 L
32 36 28 61 L
32 37 30 28 U
32 38 21 16 R
32 39 31 52 L
32 40 31 57 L
32 41 31 41 D
32 42 30 42 D
32 43 32 54 L
32 44 31 44 D
32 45 32 52 L
32 46 18 37 D
32 47 0 21 U
32 48 27 40 D
32 49 19 49 L
32 50 30 45 D
32 51 24 36 D
32 52 0 29 U
32 53 19 22 U
32 54 33 19 U
32 55 9 55 L
32 56 24 27 U
32 57 29 57 L
32 58 34 58 L
32 59 36 25 U
32 60 30 60 L
32 61 2 61 L
32 62 35 62 L
32 63 35 63 L
32 64 25 64 L
33 0 28 0 R
33 1 34 18 U
33 2 34 33 D
33 3 36 19 U
33 4 35 22 U
33 5 35 5 R
33 6 41 28 U
33 7 34 7 R
33 8 36 8 R
33 9 29 9 R
33 10 35 10 R
33 11 33 11 R
33 12 0 20 U
33 13 34 37 D
33 14 29 14 R
33 15 32 29 U
33 16 27 32 D
33 17 42 17 R
33 18 28 12 R
33 19 33 1 R
33 20 0 54 L
33 21 33 7 R
33 22 32 0 R
33 23 27 54 L
33 24 22 45 D
33 25 20 52 L
33 26 33 9 R
33 27 25 42 D
33 28 34 51 L
33 29 31 44 D
33 30 29 0 R
33 31 43 31 U
33 32 30 63 L
33 33 1 16 R
33 34 13 2 R
33 35 32 13 R
33 36 12 61 L
33 37 32 53 L
33 38 34 7 R
33 39 34 49 L
33 40 0 10 R
33 41 33 3 R
33 42 25 16 R
33 43 11 58 L
33 44 25 48 L
33 45 33 5 R
33 46 30 32 D
33 47 2 22 U
33 48 34 38 D
33 49 23 4 R
33 50 25 30 U
33 51 30 43 D
33 52 32 52 L
33 53 33 36 D
33 54 35 54 L
33 55 27 20 U
33 56 35 56 L
33 57 15 21 U
33 58 36 30 U
33 59 35 59 L
33 60 33 37 D
33 61 39 33 D
33 62 31 62 L
33 63 33 39 D
33 64 2 64 L
34 0 24 35 D
34 1 2 48 L
34 2 31 20 U
34 3 36 3 R
34 4 33 4 R
34 5 34 5 R
34 6 45 18 U
34 7 31 7 R
34 8 30 8 R
34 9 35 9 R
34 10 34 10 R
34 11 34 11 R
34 12 34 12 R
34 13 3 13 R
34 14 32 14 R
34 15 26 35 D
34 16 36 28 U
34 17 25 17 R
34 18 33 47 L
34 19 35 19 U
34 20 33 12 R
34 21 35 21 U
34 22 18 63 L
34 23 34 1 R
34 24 36 24 U
34 25 33 25 U
34 26 33 63 L
34 27 24 0 R
34 28 32 28 U
34 29 34 29 U
34 30 11 4 R
34 31 42 31 U
34 32 29 32 D
34 33 32 46 L
34 34 32 34 D
34 35 30 46 L
34 36 35 6 R
34 37 33 46 L
34 38 34 38 D
34 39 29 39 D
34 40 21 40 D
34 41 35 41 D
34 42 35 0 R
34 43 32 43 D
34 44 32 44 D
34 45 32 45 D
34 46 31 34 D
34 47 33 47 L
34 48 34 48 L
34 49 33 26 U
34 50 34 50 L
34 51 32 51 L
34 52 35 25 U
34 53 34 53 L
34 54 0 9 R
34 55 22 55 L
34 56 12 56 L
34 57 34 57 L
34 58 35 58 L
34 59 36 59 L
34 60 34 60 L
34 61 21 61 L
34 62 37 36 D
34 63 34 63 L
34 64 49 1 R
35 0 31 27 U
35 1 34 1 R
35 2 33 2 R
35 3 31 43 D
35 4 33 33 D
35 5 36 5 R
35 6 45 6 R
35 7 34 37 D
35 8 31 8 R
35 9 30 40 D
35 10 22 10 R
35 11 36 26 U
35 12 35 12 R
35 13 17 25 U
35 14 3 14 R
35 15 31 15 R
35 16 36 16 R
35 17 13 17 R
35 18 33 1 R
35 19 34 19 U
35 20 33 2 R
35 21 34 21 U
35 22 23 13 R
35 23 36 53 L
35 24 35 24 U
35 25 0 35 D
35 26 32 10 R
35 27 35 12 R
35 28 1 60 L
35 29 33 29 U
35 30 35 5 R
35 31 39 32 D
35 32 32 51 L
35 33 3 33 D
35 34 33 34 D
35 35 29 9 R
35 36 34 36 D
35 37 0 22 U
35 38 35 38 D
35 39 34 39 D
35 40 19 40 D
35 41 34 41 D
35 42 34 42 D
35 43 33 43 D
35 44 36 60 L
35 45 34 45 D
35 46 35 37 D
35 47 33 38 D
35 48 31 41 D
35 49 36 49 L
35 50 31 50 L
35 51 15 24 U
35 52 4 52 L
35 53 33 53 L
35 54 26 19 U
35 55 29 55 L
35 56 39 42 D
35 57 35 57 L
35 58 33 58 L
35 59 33 59 L
35 60 32 60 L
35 61 2 14 R
35 62 38 62 L
35 63 28 23 U
35 64 48 27 U
36 0 35 58 L
36 1 36 22 U
36 2 32 26 U
36 3 30 24 U
36 4 34 29 U
36 5 36 24 U
36 6 37 6 R
36 7 22 63 L
36 8 34 8 R
36 9 16 35 D
36 10 33 10 R
36 11 37 11 R
36 12 34 23 U
36 13 38 21 U
36 14 35 14 R
36 15 27 25 U
36 16 31 16 R
36 17 33 17 R
36 18 35 47 L
36 19 35 49 L
36 20 3 8 R
36 21 35 11 R
36 22 31 9 R
36 23 36 14 R
36 24 36 16 R
36 25 35 50 L
36 26 13 61 L
36 27 40 27 U
36 28 35 28 U
36 29 35 2 R
36 30 35 30 U
36 31 36 4 R
36 32 33 63 L
36 33 34 46 L
36 34 33 55 L
36 35 31 48 L
36 36 34 2 R
36 37 36 14 R
36 38 32 4 R
36 39 32 39 D
36 40 5 59 L
36 41 32 58 L
36 42 35 42 D
36 43 36 57 L
36 44 28 49 L
36 45 33 45 D
36 46 35 32 D
36 47 34 47 L
36 48 30 42 D
36 49 29 44 D
36 50 36 42 D
36 51 36 51 L
36 52 4 17 R
36 53 32 23 U
36 54 37 54 L
36 55 14 8 R
36 56 24 56 L
36 57 38 35 D
36 58 33 29 U
36 59 30 59 L
36 60 6 45 D
36 61 29 61 L
36 62 40 23 U
36 63 19 63 L
36 64 36 24 U
37 0 36 32 D
37 1 38 19 U
37 2 0 54 L
37 3 26 49 L
37 4 37 34 D
37 5 39 33 D
37 6 40 23 U
37 7 32 7 R
37 8 33 28 U
37 9 39 24 U
37 10 41 21 U
37 11 38 11 R
37 13 40 13 R
37 14 34 18 U
37 15 33 15 R
37 16 39 22 U
37 17 31 39 D
37 18 6 17 R
37 19 34 0 R
37 20 37 1 R
37 21 22 34 D
37 22 37 47 L
37 23 34 48 L
37 24 39 54 L
37 25 39 46 L
37 26 39 26 U
37 27 40 3 R
37 28 38 28 U
37 29 32 29 U
37 30 42 11 R
37 31 11 40 D
37 32 35 13 R
37 33 36 0 R
37 34 35 15 R
37 35 3 62 L
37 36 35 46 L
37 37 36 2 R
37 38 31 57 L
37 39 36 59 L
37 40 38 54 L
37 41 23 48 L
37 42 32 5 R
37 43 38 49 L
37 44 38 1 R
37 45 37 55 L
37 46 35 39 D
37 47 34 21 U
37 48 38 48 L
37 49 38 35 D
37 50 0 5 R
37 51 36 20 U
37 52 30 52 L
37 53 33 25 U
37 54 35 20 U
37 55 39 39 D
37 56 33 56 L
37 57 30 41 D
37 58 37 58 L
37 59 36 34 D
37 60 5 60 L
37 61 30 61 L
37 62 44 33 D
37 63 37 22 U
37 64 45 64 L
38 0 36 18 U
38 1 20 29 U
38 2 36 23 U
38 3 37 40 D
38 4 40 30 U
38 5 38 24 U
38 6 40 6 R
38 7 14 7 R
38 8 35 40 D
38 9 38 9 R
38 10 36 22 U
38 11 34 34 D
38 13 40 24 U
38 14 33 25 U
38 15 37 15 R
38 16 39 16 R
38 17 17 17 R
38 18 36 8 R
38 19 38 10 R
38 20 38 55 L
38 21 39 21 U
38 22 36 5 R
38 23 38 17 R
38 24 37 62 L
38 25 37 25 U
38 26 38 26 U
38 27 42 27 U
38 28 37 28 U
38 29 36 29 U
38 30 41 30 U
38 31 17 31 U
38 32 37 60 L
38 33 37 54 L
38 34 36 34 D
38 35 38 4 R
38 36 24 36 D
38 37 38 37 D
38 38 39 59 L
38 39 0 29 U
38 40 37 40 D
38 41 36 41 D
38 42 36 42 D
38 43 37 43 D
38 44 38 44 D
38 45 36 4 R
38 46 29 0 R
38 47 37 47 L
38 48 38 38 D
38 49 38 0 R
38 50 40 33 D
38 51 40 51 L
38 52 26 52 L
38 53 43 53 L
38 54 27 38 D
38 55 38 55 L
38 56 13 41 D
38 57 31 57 L
38 58 23 58 L
38 59 1 22 U
38 60 37 37 D
38 61 43 61 L
38 62 40 62 L
38 63 39 63 L
38 64 44 64 L
39 0 38 20 U
39 1 38 38 D
39 2 37 45 D
39 3 41 3 R
39 4 42 33 D
39 5 40 24 U
39 6 41 6 R
39 7 39 7 R
39 8 43 35 D
39 9 0 21 U
39 10 37 10 R
39 11 28 11 R
39 13 4 13 R
39 14 5 14 R
39 15 35 15 R
39 16 38 25 U
39 17 44 20 U
39 18 34 58 L
39 19 11 17 R
39 20 39 20 U
39 21 37 21 U
39 22 10 16 R
39 23 39 23 U
39 24 40 13 R
39 25 39 58 L
39 26 37 26 U
39 27 36 27 U
39 28 10 17 R
39 29 35 9 R
39 30 42 3 R
39 31 41 2 R
39 32 32 57 L
39 33 37 46 L
39 34 38 11 R
39 35 37 50 L
39 36 38 7 R
39 37 39 62 L
39 38 39 48 L
39 39 35 39 D
39 40 36 40 D
39 41 37 41 D
39 42 38 42 D
39 43 39 43 D
39 44 39 44 D
39 45 38 45 D
39 46 36 32 D
39 47 38 37 D
39 48 36 44 D
39 49 33 29 U
39 50 39 50 L
39 51 39 51 L
39 52 39 52 L
39 53 43 40 D
39 54 37 23 U
39 55 13 44 D
39 57 0 4 R
39 58 0 0 R
39 59 34 59 L
39 60 1 24 U
39 61 3 61 L
39 62 44 21 U
39 63 37 63 L
39 64 38 25 U
40 0 38 37 D
40 1 28 22 U
40 2 38 18 U
40 3 41 40 D
40 4 0 35 D
40 5 38 32 D
40 6 42 6 R
40 7 35 43 D
40 8 0 52 L
40 9 42 18 U
40 10 23 10 R
40 11 23 28 U
40 13 43 21 U
40 14 40 14 R
40 15 0 55 L
40 16 9 38 D
40 17 41 17 R
40 18 35 17 R
40 19 38 2 R
40 20 38 9 R
40 21 40 49 L
40 22 38 13 R
40 23 40 1 R
40 24 40 5 R
40 25 12 64 L
40 26 33 60 L
40 27 33 27 U
40 28 41 10 R
40 29 19 50 L
40 30 10 4 R
40 32 38 56 L
40 33 36 33 D
40 34 23 47 L
40 35 40 46 L
40 36 39 63 L
40 37 39 37 D
40 38 0 51 L
40 39 35 52 L
40 40 38 50 L
40 41 36 5 R
40 42 35 14 R
40 43 4 10 R
40 44 36 50 L
40 45 40 45 D
40 46 39 37 D
40 47 24 32 D
40 48 30 36 D
40 49 41 49 L
40 50 33 50 L
40 51 34 51 L
40 52 22 52 L
40 53 39 53 L
40 54 39 20 U
40 55 15 55 L
40 57 41 57 L
40 58 41 58 L
40 59 0 0 R
40 60 40 60 L
40 61 41 61 L
40 62 42 62 L
40 63 40 45 D
40 64 35 64 L
41 0 35 29 U
41 1 41 19 U
41 2 42 35 D
41 3 40 26 U
41 4 4 38 D
41 5 31 5 R
41 6 43 6 R
41 7 40 30 U
41 8 41 8 R
41 9 39 9 R
41 10 42 36 D
41 11 40 19 U
41 13 33 13 R
41 14 13 14 R
41 15 27 15 R
41 16 19 16 R
41 17 43 38 D
41 18 25 50 L
41 19 41 9 R
41 20 41 1 R
41 21 41 11 R
41 22 38 48 L
41 23 42 48 L
41 24 42 17 R
41 25 40 50 L
41 26 41 16 R
41 27 40 17 R
41 28 42 28 U
41 29 41 29 U
41 30 43 3 R
41 32 39 47 L
41 33 33 59 L
41 34 10 16 R
41 35 42 55 L
41 36 0 24 U
41 37 42 2 R
41 38 0 21 U
41 39 38 39 D
41 40 42 52 L
41 41 33 41 D
41 42 37 11 R
41 43 42 43 D
41 44 34 44 D
41 45 40 3 R
41 46 41 18 U
41 47 40 42 D
41 48 32 48 L
41 49 42 49 L
41 50 42 36 D
41 51 33 40 D
41 52 41 52 L
41 53 45 53 L
41 54 42 37 D
41 55 18 18 U
41 57 43 41 D
41 58 39 58 L
41 59 42 59 L
41 60 39 43 D
41 61 20 26 U
41 62 39 36 D
41 63 39 32 D
41 64 34 26 U
42 0 40 27 U
42 1 40 39 D
42 2 41 2 R
42 3 37 3 R
42 4 44 34 D
42 5 21 5 R
42 6 44 6 R
42 7 44 7 R
42 8 46 8 R
42 9 42 9 R
42 10 42 31 U
42 11 42 11 R
42 13 44 13 R
42 14 36 43 D
42 15 44 15 R
42 16 31 25 U
42 17 43 17 R
42 18 40 46 L
42 19 41 59 L
42 20 42 20 U
42 21 40 64 L
42 22 40 10 R
42 23 42 23 U
42 24 0 64 L
42 25 42 25 U
42 26 38 64 L
42 27 41 27 U
42 28 39 28 U
42 29 38 3 R
42 30 37 30 U
42 32 38 63 L
42 33 41 33 D
42 34 40 64 L
42 35 41 47 L
42 36 41 60 L
42 37 42 37 D
42 38 42 38 D
42 39 41 39 D
42 40 42 51 L
42 41 3 60 L
42 42 39 42 D
42 43 42 49 L
42 44 41 44 D
42 45 42 45 D
42 46 41 34 D
42 47 42 35 D
42 48 38 1 R
42 49 30 27 U
42 50 42 3 R
42 51 41 51 L
42 52 16 45 D
42 53 44 53 L
42 54 41 31 U
42 55 43 23 U
42 57 42 57 L
42 58 38 58 L
42 59 41 2 R
42 60 0 30 U
42 61 37 17 R
42 62 41 62 L
42 63 2 63 L
42 64 48 41 D
43 0 35 28 U
43 1 43 24 U
43 2 43 19 U
43 3 34 3 R
43 4 35 36 D
43 5 33 34 D
43 6 46 6 R
43 7 35 7 R
43 8 44 8 R
43 9 42 31 U
43 10 45 61 L
43 11 42 25 U
43 13 43 22 U
43 14 23 14 R
43 15 43 15 R
43 16 41 25 U
43 17 35 17 R
43 18 19 7 R
43 19 40 11 R
43 20 43 54 L
43 21 41 51 L
43 22 7 22 U
43 23 43 7 R
43 24 37 61 L
43 25 32 25 U
43 26 37 0 R
43 27 44 57 L
43 28 41 3 R
43 29 39 7 R
43 30 43 30 U
43 32 39 61 L
43 33 39 56 L
43 34 42 62 L
43 35 41 54 L
43 36 43 47 L
43 37 21 4 R
43 38 39 53 L
43 39 33 39 D
43 40 44 1 R
43 41 41 17 R
43 42 41 48 L
43 43 41 43 D
43 44 44 8 R
43 45 38 5 R
43 46 42 1 R
43 47 41 45 D
43 48 44 22 U
43 49 41 35 D
43 50 46 23 U
43 51 17 28 U
43 52 44 18 U
43 53 44 31 U
43 54 43 54 L
43 55 35 55 L
43 57 46 57 L
43 58 37 42 D
43 59 44 44 D
43 60 44 45 D
43 61 38 61 L
43 62 43 18 U
44 0 44 32 D
44 1 43 31 U
44 2 43 2 R
44 3 36 30 U
44 4 45 29 U
44 5 47 25 U
44 6 25 6 R
44 7 40 7 R
44 8 39 8 R
44 9 46 20 U
44 10 45 10 R
44 11 9 11 R
44 13 0 19 U
44 15 17 15 R
44 16 48 41 D
44 17 18 62 L
44 18 43 55 L
44 19 29 49 L
44 20 41 17 R
44 21 18 13 R
44 22 44 32 D
44 23 44 23 U
44 24 46 46 L
44 25 43 46 L
44 26 48 11 R
44 27 44 27 U
44 29 45 64 L
44 30 39 53 L
44 32 11 16 R
44 33 43 0 R
44 34 43 46 L
44 35 11 47 L
44 36 43 58 L
44 37 7 37 D
44 38 14 6 R
44 39 44 62 L
44 40 33 3 R
44 41 26 41 D
44 42 44 42 D
44 43 41 5 R
44 44 36 44 D
44 45 43 59 L
44 46 41 39 D
44 47 43 19 U
44 48 44 48 L
44 49 43 36 D
44 50 0 16 R
44 51 42 27 U
44 52 40 52 L
44 53 42 53 L
44 55 36 55 L
44 57 45 57 L
44 58 5 58 L
44 59 44 59 L
44 61 26 61 L
44 62 46 62 L
45 0 44 18 U
45 1 44 42 D
45 2 24 20 U
45 3 45 19 U
45 4 43 4 R
45 5 47 5 R
45 6 33 6 R
45 7 28 7 R
45 8 45 8 R
45 9 46 9 R
45 10 35 41 D
45 11 43 24 U
45 13 41 13 R
45 15 43 38 D
45 17 46 17 R
45 18 33 13 R
45 19 42 50 L
45 20 30 3 R
45 21 42 9 R
45 22 45 22 U
45 23 45 48 L
45 24 46 24 U
45 25 33 0 R
45 26 49 26 U
45 29 46 29 U
45 30 40 30 U
45 32 34 60 L
45 33 42 53 L
45 34 45 62 L
45 35 0 63 L
45 36 42 1 R
45 37 31 13 R
45 38 49 55 L
45 39 45 2 R
45 40 46 3 R
45 41 33 29 U
45 42 38 15 R
45 43 43 3 R
45 44 12 5 R
45 46 43 0 R
45 47 45 43 D
45 48 43 42 D
45 49 37 30 U
45 51 43 39 D
45 52 19 52 L
45 53 28 53 L
45 55 45 37 D
45 57 33 57 L
45 58 43 21 U
45 59 48 22 U
45 61 42 25 U
45 62 37 62 L
46 0 44 35 D
46 1 20 37 D
46 2 32 57 L
46 3 45 33 D
46 4 46 64 L
46 5 45 5 R
46 6 47 6 R
46 7 25 21 U
46 8 45 18 U
46 9 45 9 R
46 10 41 10 R
46 11 47 22 U
46 13 43 24 U
46 15 39 15 R
46 17 45 17 R
46 18 45 11 R
46 19 22 53 L
46 20 46 49 L
46 21 41 2 R
46 22 49 22 U
46 23 37 9 R
46 24 45 24 U
46 25 13 10 R
46 29 45 29 U
46 30 35 8 R
46 32 44 48 L
46 33 45 46 L
46 34 45 51 L
46 35 45 35 D
46 36 43 36 D
46 37 34 47 L
46 38 48 38 D
46 39 43 39 D
46 40 39 40 D
46 41 2 64 L
46 42 38 4 R
46 43 44 43 D
46 44 49 44 D
46 46 42 34 D
46 47 49 0 R
46 48 28 39 D
46 49 45 49 L
46 52 37 52 L
46 53 47 32 D
46 55 45 38 D
46 57 44 17 R
46 58 44 58 L
46 59 49 59 L
46 62 12 62 L
47 0 48 36 D
47 1 35 20 U
47 2 42 2 R
47 3 46 39 D
47 5 42 5 R
47 6 48 19 U
47 8 47 29 U
47 9 46 21 U
47 10 28 10 R
47 11 48 11 R
47 13 39 13 R
47 15 42 15 R
47 17 44 17 R
47 18 46 5 R
47 19 45 13 R
47 20 47 8 R
47 21 45 21 U
47 22 46 50 L
47 23 47 11 R
47 24 36 4 R
47 25 41 64 L
47 29 47 29 U
47 32 36 17 R
47 33 17 0 R
47 34 47 46 L
47 35 49 35 D
47 36 46 46 L
47 37 49 53 L
47 38 39 64 L
47 39 44 39 D
47 40 46 40 D
47 41 48 47 L
47 42 35 16 R
47 43 46 47 L
47 46 48 22 U
47 47 42 38 D
47 48 48 33 D
47 49 45 20 U
47 53 48 53 L
47 57 40 57 L
47 58 42 58 L
47 62 44 62 L
48 0 45 37 D
48 1 48 1 R
48 2 43 23 U
48 3 48 32 D
48 5 48 42 D
48 6 48 6 R
48 8 47 8 R
48 9 47 23 U
48 10 34 42 D
48 11 49 11 R
48 15 32 15 R
48 17 47 18 U
48 18 47 49 L
48 19 48 49 L
48 20 46 3 R
48 21 47 46 L
48 22 48 47 L
48 23 49 64 L
48 24 42 46 L
48 25 44 49 L
48 29 46 2 R
48 32 48 57 L
48 33 46 3 R
48 34 49 3 R
48 35 39 17 R
48 36 45 55 L
48 37 47 59 L
48 38 49 10 R
48 39 47 62 L
48 40 45 40 D
48 41 31 4 R
48 42 49 64 L
48 43 47 43 D
48 46 45 4 R
48 47 45 42 D
48 48 48 48 L
48 49 47 20 U
48 53 46 34 D
48 57 49 38 D
48 58 45 58 L
48 62 47 62 L
49 0 26 23 U
49 1 49 1 R
49 2 47 2 R
49 3 48 34 D
49 6 49 6 R
49 8 42 8 R
49 11 48 25 U
49 15 36 15 R
49 17 10 35 D
49 18 19 6 R
49 19 43 6 R
49 20 0 58 L
49 21 48 21 U
49 22 47 22 U
49 23 49 9 R
49 24 0 38 D
49 25 49 5 R
49 29 38 29 U
49 32 49 46 L
49 33 47 33 D
49 34 49 34 D
49 35 46 35 D
49 36 36 6 R
49 37 46 55 L
49 38 45 57 L
49 39 49 53 L
49 40 43 40 D
49 41 48 41 D
49 42 44 47 L
49 43 46 43 D
49 46 48 0 R
49 47 45 44 D
49 48 46 48 L
49 49 48 49 L
49 53 47 53 L
49 57 38 57 L
49 62 41 35 D
50 0 37 43 D

