30 33 806
0 0 14 0 2 10 0 0 0 0 18 4 0 16 17 22 23 19 26 16
9 1 9 7 0 0 0 7 0 22 0 15 0 0 0 0 0 0 22 0
0 0 25 0 10 0 0 7 0 5 1 0 0 0 0 0 0 0 0 0
14 16 0 0 0 1 0 24 0 19 0 2 0 0 11 0 0 0 8 0
0 0 0 0 0 0 0 0 0 1 0 0 0 0 8 0 18 0 8 0
1 5 0 18 0 0 16 24 16 8 0 17 0 5 12 14 0 26 12 0
11 13 25 18 0 0 22 21 18 26 0 0 0 0 0 13 0 0 0 0
23 0 0 21 0 23 0 22 10 0 0 0 7 8 14 0 0 0 21 17
0 21 20 4 24 5 12 0 0 25 1 0 10 28 0 0 25 27 0 6
0 0 7 10 23 17 10 20 0 27 0 19 11 20 0 9 7 8 3 0
0 0 27 6 15 21 0 0 4 0 28 0 17 0 13 12 17 0 0 0
0 0 0 0 0 0 0 0 1 17 14 22 0 5 10 0 4 6 0 20
0 0 9 0 0 23 0 25 24 0 0 1 0 24 13 8 5 0 0 14
12 22 23 0 7 0 0 24 0 12 0 0 23 8 8 11 10 21 0 0
19 23 15 27 0 2 0 3 24 0 25 12 13 8 11 0 0 0 0 0
0 0 10 18 0 7 0 2 28 20 13 1 19 0 0 12 0 25 1 0
0 0 16 17 26 0 2 0 22 0 0 20 18 10 11 0 22 0 0 15
0 24 0 0 0 12 0 6 24 0 0 6 15 20 0 3 15 13 0 6
0 8 6 0 7 0 0 0 20 0 0 11 0 6 0 11 0 9 20 25
18 0 2 0 0 0 23 8 0 5 9 14 15 0 23 0 0 0 0 0
0 0 0 0 R
0 1 0 1 R
0 2 0 2 R
0 3 0 3 R
0 4 0 4 R
0 5 0 5 R
0 6 0 6 R
0 7 0 7 U
0 8 0 8 U
0 9 0 9 U
0 10 0 10 U
0 11 0 11 U
0 12 0 12 U
0 13 0 13 U
0 14 0 14 U
0 15 0 15 U
0 16 0 16 D
0 17 0 17 D
0 18 0 18 D
0 19 0 19 D
0 20 0 20 D
0 21 0 21 D
0 22 0 22 D
0 23 0 23 D
0 24 0 24 D
0 25 0 25 L
0 26 0 26 L
0 27 0 27 L
0 28 0 28 L
0 29 0 29 L
0 30 0 30 L
0 31 0 31 L
0 32 0 32 L
1 0 9 7 U
1 1 0 25 L
1 2 0 21 D
1 3 23 9 U
1 4 4 4 R
1 5 9 5 R
1 6 2 6 R
1 7 4 31 L
1 8 0 0 R
1 9 8 0 R
1 10 16 32 L
1 11 3 26 L
1 12 6 12 U
1 13 13 13 U
1 14 4 14 U
1 15 6 15 U
1 16 0 27 L
1 17 0 13 U
1 18 7 18 D
1 19 3 32 L
1 20 9 30 L
1 21 9 21 D
1 22 2 29 L
1 23 9 0 R
1 24 7 24 D
1 25 4 17 D
1 26 18 17 D
1 27 3 27 L
1 28 22 11 U
1 29 2 22 D
1 30 12 16 D
1 31 4 31 L
1 32 17 17 D
2 0 10 10 U
2 1 0 20 D
2 2 4 2 R
2 3 14 28 L
2 4 14 4 R
2 5 18 30 L
2 6 1 6 R
2 7 4 6 R
2 8 5 8 U
2 9 19 2 R
2 10 3 25 L
2 11 25 0 R
2 12 5 12 U
2 13 24 13 U
2 14 5 29 L
2 15 8 15 U
2 16 3 6 R
2 17 22 17 D
2 18 0 2 R
2 19 4 19 D
2 20 20 1 R
2 21 1 21 D
2 22 0 15 U
2 23 1 23 D
2 24 19 28 L
2 25 13 21 D
2 26 12 26 L
2 27 0 18 D
2 28 3 28 L
2 29 27 29 L
2 30 5 12 U
2 31 6 31 L
2 32 3 32 L
3 0 19 0 R
3 1 4 1 R
3 2 23 16 D
3 3 10 22 D
3 4 18 4 R
3 5 4 5 R
3 6 0 28 L
3 7 7 7 U
3 8 7 6 R
3 9 5 9 U
3 10 4 27 L
3 11 0 26 L
3 12 7 12 U
3 13 1 13 U
3 14 1 3 R
3 15 16 1 R
3 16 13 27 L
3 17 2 17 D
3 18 1 18 D
3 19 13 26 L
3 20 17 0 R
3 21 18 21 D
3 22 13 31 L
3 23 22 32 L
3 24 5 24 D
3 25 19 25 L
3 26 21 16 D
3 27 10 27 L
3 28 9 18 D
3 29 13 9 U
3 30 2 30 L
3 31 2 31 L
3 32 0 11 U
4 0 8 13 U
4 1 12 7 U
4 2 12 2 R
4 3 11 3 R
4 4 16 20 D
4 5 20 5 R
4 6 19 6 R
4 7 12 6 R
4 8 20 2 R
4 9 0 18 D
4 10 2 10 U
4 11 12 11 U
4 12 2 30 L
4 13 21 26 L
4 14 15 6 R
4 15 1 15 U
4 16 17 1 R
4 17 5 17 D
4 18 0 7 U
4 19 13 12 U
4 20 0 28 L
4 21 20 3 R
4 22 25 22 D
4 23 5 23 D
4 24 8 2 R
4 25 21 8 U
4 26 8 26 L
4 27 11 27 L
4 28 19 28 L
4 29 17 8 U
4 30 16 30 L
4 31 15 20 D
4 32 14 32 L
5 0 4 19 D
5 1 0 11 U
5 2 8 11 U
5 3 17 3 R
5 4 14 19 D
5 5 0 26 L
5 6 20 8 U
5 7 13 3 R
5 8 0 2 R
5 9 19 9 U
5 10 14 10 U
5 11 9 11 U
5 12 10 29 L
5 13 10 13 U
5 14 1 14 U
5 15 4 15 U
5 16 10 25 L
5 17 10 1 R
5 18 7 18 D
5 19 17 2 R
5 20 3 20 D
5 21 16 28 L
5 22 4 22 D
5 23 10 23 D
5 24 6 24 D
5 25 8 7 U
5 26 1 20 D
5 27 12 7 U
5 28 17 16 D
5 29 12 29 L
5 30 0 3 R
5 31 14 31 L
5 32 2 32 L
6 0 1 7 U
6 1 16 18 D
6 2 12 18 D
6 3 3 3 R
6 4 25 15 U
6 5 24 21 D
6 6 14 6 R
6 7 23 4 R
6 8 18 27 L
6 9 11 9 U
6 10 0 18 D
6 11 0 19 D
6 12 7 28 L
6 13 7 2 R
6 14 17 14 U
6 15 21 15 U
6 16 15 4 R
6 17 0 1 R
6 18 1 5 R
6 19 18 19 D
6 20 18 20 D
6 21 5 21 D
6 22 3 22 D
6 23 8 5 R
6 24 23 14 U
6 25 0 15 U
6 26 0 8 U
6 27 4 27 L
6 28 13 14 U
6 29 2 10 U
6 30 15 30 L
6 31 10 10 U
6 32 11 10 U
7 0 0 31 L
7 1 0 13 U
7 2 20 7 U
7 3 0 7 U
7 4 2 4 R
7 5 0 12 U
7 6 2 22 D
7 7 0 25 L
7 8 6 8 U
7 9 2 5 R
7 10 2 10 U
7 11 8 11 U
7 12 0 17 D
7 13 13 13 U
7 14 1 14 U
7 15 21 4 R
7 16 0 25 L
7 17 3 32 L
7 18 0 14 U
7 19 18 28 L
7 20 23 3 R
7 21 1 21 D
7 22 0 0 R
7 23 0 25 L
7 24 1 24 D
7 25 0 17 D
7 26 4 10 U
7 27 23 13 U
7 28 0 19 D
7 29 17 19 D
7 30 19 14 U
7 31 17 31 L
7 32 3 32 L
8 0 0 8 U
8 1 4 28 L
8 2 0 10 U
8 3 6 9 U
8 4 7 9 U
8 5 2 5 R
8 6 14 7 U
8 7 9 6 R
8 8 0 28 L
8 9 1 9 U
8 10 10 10 U
8 11 1 11 U
8 12 7 32 L
8 13 11 3 R
8 14 13 14 U
8 15 4 25 L
8 16 0 0 R
8 17 14 0 R
8 18 1 18 D
8 19 6 19 D
8 20 16 20 D
8 21 6 5 R
8 22 0 12 U
8 23 18 29 L
8 24 10 24 D
8 25 0 22 D
8 26 9 26 L
8 27 10 27 L
8 28 1 21 D
8 29 9 29 L
8 30 0 10 U
8 31 0 20 D
8 32 24 21 D
9 0 1 21 D
9 1 18 1 R
9 2 1 18 D
9 3 11 3 R
9 4 12 19 D
9 5 4 5 R
9 6 3 6 R
9 7 7 2 R
9 8 3 2 R
9 9 1 9 U
9 10 10 10 U
9 11 7 2 R
9 12 16 1 R
9 13 11 13 U
9 14 1 14 U
9 15 8 4 R
9 16 16 32 L
9 17 0 26 L
9 18 10 18 D
9 19 0 9 U
9 20 11 26 L
9 21 0 25 L
9 22 15 32 L
9 23 21 23 D
9 24 6 1 R
9 25 6 13 U
9 26 2 9 U
9 27 21 17 D
9 28 10 10 U
9 29 0 2 R
9 30 15 30 L
9 31 14 31 L
9 32 16 32 L
10 0 0 30 L
10 1 12 9 U
10 2 0 17 D
10 3 21 19 D
10 4 0 27 L
10 5 2 5 R
10 6 5 18 D
10 7 7 7 U
10 8 7 8 U
10 9 0 27 L
10 10 18 3 R
10 11 0 2 R
10 12 2 12 U
10 13 1 0 R
10 14 14 14 U
10 15 12 15 U
10 16 0 9 U
10 17 9 29 L
10 18 12 8 U
10 19 0 11 U
10 20 8 20 D
10 21 1 21 D
10 22 29 22 D
10 23 12 23 D
10 24 5 26 L
10 25 0 21 D
10 26 12 24 D
10 27 16 10 U
10 28 7 15 U
10 29 18 29 L
10 31 15 31 L
10 32 13 8 U
11 0 8 0 R
11 1 0 9 U
11 2 15 17 D
11 3 0 14 U
11 4 24 8 U
11 5 14 5 R
11 6 3 6 R
11 7 0 16 D
11 8 20 31 L
11 9 0 4 R
11 10 1 10 U
11 11 4 4 R
11 12 12 4 R
11 13 4 13 U
11 14 17 1 R
11 15 16 6 R
11 16 18 1 R
11 17 2 17 D
11 18 16 18 D
11 19 0 10 U
11 20 0 12 U
11 21 3 21 D
11 22 0 14 U
11 23 0 9 U
11 24 13 25 L
11 25 0 18 D
11 26 0 9 U
11 27 20 17 D
11 28 0 16 D
11 29 4 29 L
11 30 1 13 U
11 31 4 31 L
11 32 13 32 L
12 0 0 7 U
12 1 1 8 U
12 2 0 28 L
12 3 1 7 U
12 4 13 7 U
12 5 16 8 U
12 6 1 13 U
12 7 4 21 D
12 8 19 5 R
12 9 8 5 R
12 10 0 3 R
12 11 26 29 L
12 12 6 12 U
12 13 4 27 L
12 14 16 29 L
12 15 1 15 U
12 16 5 28 L
12 17 0 8 U
12 18 1 27 L
12 19 1 19 D
12 20 5 0 R
12 21 15 21 D
12 22 22 22 D
12 23 11 23 D
12 24 8 24 D
12 25 5 15 U
12 26 1 18 D
12 27 13 21 D
12 28 8 24 D
12 29 4 29 L
12 31 1 31 L
12 32 4 32 L
13 0 1 9 U
13 1 15 12 U
13 2 14 9 U
13 3 5 21 D
13 4 18 12 U
13 6 20 11 U
13 7 5 0 R
13 8 1 5 R
13 9 8 9 U
13 10 14 3 R
13 11 7 4 R
13 12 7 12 U
13 13 17 6 R
13 14 21 30 L
13 15 0 23 D
13 16 25 31 L
13 17 1 17 D
13 18 3 1 R
13 19 3 19 D
13 20 1 20 D
13 21 1 21 D
13 22 27 22 D
13 23 12 23 D
13 24 5 24 D
13 25 7 25 L
13 26 8 12 U
13 27 21 18 D
13 28 1 20 D
13 29 18 29 L
13 30 11 30 L
13 31 3 31 L
13 32 11 19 D
14 0 15 8 U
14 1 2 1 R
14 2 8 2 R
14 3 3 3 R
14 4 17 24 D
14 5 8 17 D
14 6 5 8 U
14 7 4 2 R
14 8 9 26 L
14 9 3 9 U
14 10 15 4 R
14 11 0 29 L
14 12 0 2 R
14 13 3 13 U
14 14 2 14 U
14 15 1 15 U
14 16 8 25 L
14 17 7 17 D
14 18 21 6 R
14 19 16 0 R
14 20 1 2 R
14 21 0 3 R
14 22 20 22 D
14 23 10 23 D
14 24 0 26 L
14 25 11 18 D
14 26 3 26 L
14 27 7 27 L
14 28 17 18 D
14 29 4 20 D
14 30 4 30 L
14 31 18 19 D
15 0 19 19 D
15 1 3 16 D
15 2 8 2 R
15 3 18 18 D
15 4 4 8 U
15 5 3 14 U
15 6 3 12 U
15 7 17 26 L
15 8 24 29 L
15 9 5 9 U
15 10 5 10 U
15 11 8 11 U
15 12 20 25 L
15 13 1 29 L
15 14 10 14 U
15 15 11 25 L
15 16 0 4 R
15 17 12 28 L
15 18 0 27 L
15 19 8 19 D
15 20 2 2 R
15 21 0 30 L
15 22 28 22 D
15 24 0 32 L
15 25 1 8 U
15 26 6 15 U
15 27 11 17 D
15 28 2 28 L
15 29 14 29 L
15 30 3 30 L
15 31 4 13 U
16 0 2 19 D
16 1 21 23 D
16 2 12 21 D
16 3 15 3 R
16 4 4 4 R
16 5 17 23 D
16 6 10 21 D
16 7 15 1 R
16 8 12 0 R
16 9 5 3 R
16 10 8 1 R
16 11 0 16 D
16 12 8 12 U
16 13 10 13 U
16 14 15 28 L
16 15 13 15 U
16 16 1 32 L
16 17 4 2 R
16 18 1 30 L
16 19 21 19 D
16 20 2 20 D
16 21 23 29 L
16 24 8 28 L
16 25 0 24 D
16 26 15 19 D
16 27 13 9 U
16 28 18 28 L
16 29 5 29 L
16 30 3 30 L
16 31 1 24 D
17 0 13 16 D
17 1 0 32 L
17 2 3 2 R
17 3 4 3 R
17 4 15 26 L
17 5 23 9 U
17 6 4 6 R
17 7 4 7 U
17 8 9 8 U
17 9 5 6 R
17 10 3 1 R
17 11 11 11 U
17 12 0 31 L
17 13 13 3 R
17 14 4 14 U
17 15 21 30 L
17 16 6 2 R
17 17 7 5 R
17 18 10 26 L
17 19 25 19 D
17 20 15 8 U
17 21 12 4 R
17 24 13 24 D
17 25 8 17 D
17 26 4 26 L
17 27 1 8 U
17 28 5 16 D
17 30 20 18 D
17 31 5 31 L
18 0 17 25 L
18 1 15 1 R
18 2 3 9 U
18 3 17 23 D
18 4 12 11 U
18 5 14 5 R
18 6 4 6 R
18 7 16 30 L
18 8 11 17 D
18 9 19 25 L
18 10 11 10 U
18 11 25 11 U
18 12 20 12 U
18 13 25 13 U
18 14 0 24 D
18 15 2 15 U
18 16 8 7 U
18 17 2 1 R
18 18 17 18 D
18 19 11 19 D
18 20 8 20 D
18 21 0 11 U
18 24 1 24 D
18 25 7 22 D
18 26 10 18 D
18 27 1 18 D
18 28 16 7 U
18 30 9 22 D
18 31 6 11 U
19 0 11 18 D
19 1 10 8 U
19 2 23 20 D
19 3 2 13 U
19 4 21 4 R
19 5 8 13 U
19 6 1 6 R
19 7 9 5 R
19 8 6 26 L
19 9 4 2 R
19 10 5 31 L
19 11 4 11 U
19 12 5 12 U
19 13 0 1 R
19 14 13 25 L
19 15 14 15 U
19 16 10 31 L
19 17 2 0 R
19 18 2 0 R
19 19 15 31 L
19 20 18 25 L
19 21 5 21 D
19 24 5 24 D
19 25 5 17 D
19 26 21 20 D
19 27 7 16 D
19 28 12 28 L
19 31 3 31 L
20 0 2 7 U
20 1 19 17 D
20 2 1 2 R
20 3 14 12 U
20 4 15 18 D
20 5 4 7 U
20 6 15 7 U
20 7 12 5 R
20 8 2 8 U
20 9 22 9 U
20 10 19 25 L
20 11 0 25 L
20 12 1 12 U
20 13 18 13 U
20 14 13 14 U
20 16 13 31 L
20 17 8 1 R
20 18 7 18 D
20 19 4 19 D
20 20 13 20 D
20 21 16 9 U
20 24 0 1 R
20 25 0 7 U
20 26 10 17 D
20 27 2 27 L
20 28 7 19 D
20 29 1 24 D
20 30 9 23 D
20 31 17 10 U
20 32 0 14 U
21 0 27 17 D
21 1 0 16 D
21 2 23 2 R
21 3 8 17 D
21 4 0 16 D
21 6 12 24 D
21 7 14 7 U
21 8 16 4 R
21 9 2 9 U
21 10 22 0 R
21 11 15 11 U
21 12 4 12 U
21 13 9 29 L
21 16 2 6 R
21 17 10 17 D
21 18 8 18 D
21 19 2 5 R
21 20 9 20 D
21 21 6 1 R
21 22 2 22 D
21 24 12 24 D
21 25 14 16 D
21 26 9 1 R
21 27 2 27 L
21 28 0 1 R
21 29 9 16 D
21 31 3 17 D
21 32 1 9 U
22 0 18 10 U
22 1 14 19 D
22 2 3 2 R
22 3 15 3 R
22 4 8 7 U
22 5 8 5 R
22 6 1 15 U
22 7 17 0 R
22 8 4 0 R
22 9 24 1 R
22 10 1 10 U
22 11 12 11 U
22 12 27 12 U
22 13 26 13 U
22 16 10 26 L
22 17 1 17 D
22 18 6 18 D
22 19 4 0 R
22 20 1 20 D
22 24 5 24 D
22 25 16 20 D
22 26 14 26 L
22 27 10 13 U
22 28 9 23 D
22 31 3 31 L
23 0 3 15 U
23 1 9 1 R
23 2 22 2 R
23 3 10 17 D
23 4 1 4 R
23 5 17 9 U
23 6 10 16 D
23 7 9 27 L
23 8 8 28 L
23 9 19 26 L
23 10 28 10 U
23 11 14 11 U
23 12 4 2 R
23 13 29 28 L
23 16 20 29 L
23 17 0 7 U
23 18 13 4 R
23 19 11 25 L
23 20 7 27 L
23 25 2 0 R
23 27 3 27 L
23 28 4 28 L
23 31 15 13 U
24 0 6 11 U
24 1 19 7 U
24 2 8 2 R
24 3 8 9 U
24 4 5 8 U
24 5 8 20 D
24 6 10 13 U
24 7 10 7 U
24 8 4 6 R
24 9 21 3 R
24 10 23 26 L
24 12 1 12 U
24 13 5 13 U
24 17 14 17 D
24 18 18 10 U
24 19 14 6 R
24 20 6 20 D
24 21 26 21 D
24 24 6 9 U
24 27 4 27 L
24 28 4 7 U
25 1 1 14 U
25 2 9 2 R
25 3 7 12 U
25 4 4 20 D
25 7 23 28 L
25 9 24 9 U
25 10 4 31 L
25 12 24 0 R
25 13 1 13 U
25 17 3 31 L
25 18 1 18 D
25 19 11 19 D
25 20 6 13 U
25 27 8 17 D
26 1 16 24 D
26 2 19 19 D
26 9 0 20 D
26 10 2 10 U
26 12 2 4 R
26 13 3 13 U
26 17 24 1 R
26 18 27 28 L
26 19 20 10 U
26 20 24 20 D
27 1 4 1 R
27 2 3 11 U
27 9 6 9 U
27 10 10 10 U
27 12 26 28 L
27 13 6 27 L
27 17 24 10 U
27 19 24 4 R
27 20 2 20 D
28 2 12 2 R
28 9 14 30 L
28 10 2 10 U
28 12 2 12 U
28 13 26 3 R
28 17 19 2 R
29 2 28 24 D
29 12 9 12 U

