10 8 70
0 0 0 6 0 0 0 5 2 0
8 0 0 0 0 0 0 0 8 7
9 0 6 7 0 0 8 0 0 7
0 0 4 0 0 3 0 0 0 8
0 0 0 0 6 0 0 0 0 9
0 0 0 0 0 0 0 0 0 0
0 5 3 0 0 5 0 0 2 0
0 0 0 1 0 0 0 0 8 0
0 0 0 4 4 0 0 0 5 0
0 7 7 0 8 0 0 0 0 7
0 0 0 0 D
0 1 0 1 D
0 2 0 2 R
0 3 0 3 R
0 4 0 4 U
0 5 0 5 U
0 6 0 6 L
0 7 0 7 L
1 0 0 2 R
1 1 5 3 R
1 2 2 4 U
1 3 0 5 U
1 4 3 4 U
1 5 0 6 L
1 6 0 4 U
1 7 0 1 D
2 0 5 6 L
2 1 1 6 L
2 2 4 4 U
2 3 0 6 L
2 4 4 7 L
2 5 4 6 L
2 6 1 5 U
2 7 1 5 U
3 0 0 7 L
3 1 1 1 D
3 2 0 0 D
3 3 4 3 R
3 4 5 4 U
3 5 5 1 D
3 6 0 0 D
3 7 0 5 U
4 0 1 0 D
4 1 2 7 L
4 2 3 2 R
4 3 2 1 D
4 4 6 6 L
4 5 3 3 R
4 6 0 2 R
4 7 0 3 R
5 0 6 0 D
5 1 2 1 D
5 2 0 4 U
5 3 2 7 L
5 4 0 2 R
5 5 1 2 R
5 6 1 6 L
5 7 4 7 L
6 0 0 6 L
6 1 0 3 R
6 2 3 0 D
6 3 4 0 D
6 4 4 6 L
6 5 0 3 R
6 6 5 2 R
6 7 3 0 D
7 0 2 3 R
7 2 0 1 D
7 3 4 5 U
7 4 6 4 U
7 5 6 6 L
7 6 6 5 U
8 0 7 0 D
8 2 1 1 D
8 3 5 3 R
8 4 6 2 R
8 5 2 5 U
8 6 3 3 R
9 5 3 5 U
9 6 1 4 U

