8 4 28
0 0 0 0 0 0 0 0 0 0 0 0 0 0 0 0
0 2 0 0 0 0 0 0 0 0 0 0 0 1 0 0
0 0 0 0 0 0 0 0 0 0 0 1 6 0 4 0
0 0 0 0 0 0 0 0 0 0 0 0 0 0 0 1
0 0 0 5 2 0 0 0 0 0 0 0 0 0 0 3
3 0 0 0 1 0 1 0 0 0 0 0 0 0 0 0
0 0 0 0 5 0 0 0 0 0 0 0 0 0 2 0
0 1 0 2 0 0 2 0 0 0 0 1 0 0 0 0
0 0 0 0 6 0 0 0 0 0 0 0 0 2 0 0
0 0 0 0 0 0 0 0 0 0 0 0 0 0 0 0
0 0 0 0 0 7 0 3 0 0 0 4 0 0 0 0
0 0 0 0 0 0 0 0 0 0 0 0 0 0 0 0
4 1 0 0 0 0 0 0 0 0 0 0 5 0 0 0
0 0 0 0 0 0 0 4 0 0 0 1 0 4 0 6
0 0 0 0 0 0 0 0 0 0 0 0 0 0 0 0
0 0 0 0 0 0 0 0 0 0 0 0 0 0 0 0
0 0 0 0 D
0 1 0 1 R
0 2 0 2 U
0 3 0 3 L
1 0 0 1 R
1 1 0 0 D
1 2 0 0 D
1 3 0 2 U
2 0 0 3 L
2 1 0 2 U
2 2 0 1 R
2 3 1 3 L
3 0 0 2 U
3 1 2 2 U
3 2 2 1 R
3 3 2 3 L
4 0 3 0 D
4 1 3 1 R
4 2 0 3 L
4 3 1 2 U
5 0 1 1 R
5 1 6 2 U
5 3 0 0 D
6 0 2 3 L
6 1 0 3 L
6 2 5 0 D
6 3 3 2 U
7 3 0 1 R

