9 13 97
0 0 0 6 7 0 3 0 0 0 0 0 0 0 0 0 2
0 0 0 0 0 0 6 1 0 0 0 7 0 0 0 7 0
0 0 0 0 0 0 0 0 0 0 0 0 0 0 0 0 0
0 0 0 0 0 0 5 0 0 0 0 0 3 0 0 0 0
0 0 0 0 0 0 0 0 0 0 0 0 0 0 0 0 0
0 0 0 0 0 0 0 0 0 0 0 0 0 0 0 0 0
1 0 0 0 0 0 6 0 0 0 0 0 0 0 0 5 0
0 0 0 0 0 0 0 0 0 0 0 0 0 0 0 0 0
0 1 0 0 0 0 6 0 0 0 0 0 0 0 0 0 5
0 0 0 0 0 0 0 0 5 3 0 0 0 0 0 0 0
0 0 0 0 0 0 0 0 0 0 0 0 0 0 0 0 0
0 0 0 0 0 0 0 1 0 0 0 0 0 0 0 0 2
0 0 0 0 0 0 7 8 0 5 0 8 0 0 0 0 6
0 0 0 3 4 0 8 0 0 0 0 0 0 0 0 0 0
0 0 0 0 0 0 0 5 0 0 0 0 2 0 0 0 0
0 0 0 0 0 0 0 0 0 4 0 0 0 0 0 0 0
1 2 0 0 0 0 7 5 2 0 0 0 0 0 0 4 0
0 0 0 0 D
0 1 0 1 D
0 2 0 2 D
0 3 0 3 D
0 4 0 4 R
0 5 0 5 R
0 6 0 6 R
0 7 0 7 U
0 8 0 8 U
0 9 0 9 U
0 10 0 10 L
0 11 0 11 L
0 12 0 12 L
1 0 0 4 R
1 1 4 10 L
1 2 4 2 D
1 3 3 3 D
1 4 6 4 R
1 5 3 5 R
1 6 5 6 R
1 7 2 7 U
1 8 6 0 D
1 9 4 6 R
1 10 4 8 U
1 11 5 1 D
1 12 4 8 U
2 0 4 9 U
2 1 1 1 D
2 2 3 10 L
2 3 0 12 L
2 4 0 7 U
2 5 0 1 D
2 6 1 9 U
2 7 0 10 L
2 8 5 4 R
2 9 0 11 L
2 10 0 1 D
2 11 5 0 D
2 12 1 12 L
3 0 4 0 D
3 1 2 10 L
3 2 2 2 D
3 3 2 11 L
3 4 2 8 U
3 5 2 5 R
3 6 0 3 D
3 7 0 12 L
3 8 4 11 L
3 9 2 9 U
3 10 1 8 U
3 11 5 8 U
3 12 4 3 D
4 0 3 6 R
4 1 6 12 L
4 2 5 10 L
4 3 0 7 U
4 4 3 7 U
4 5 2 0 D
4 6 3 9 U
4 7 0 4 R
4 8 7 5 R
4 9 1 9 U
4 10 7 7 U
4 11 0 2 D
4 12 0 9 U
5 0 0 6 R
5 1 4 1 D
5 2 2 11 L
5 4 0 8 U
5 5 0 9 U
5 6 0 11 L
5 7 0 6 R
5 8 3 8 U
5 9 3 5 R
5 10 6 8 U
5 11 1 11 L
5 12 1 8 U
6 0 3 4 R
6 1 4 1 D
6 4 0 10 L
6 5 5 7 U
6 7 0 5 R
6 8 0 0 D
6 9 5 4 R
6 10 0 7 U
6 11 7 1 D
7 0 1 6 R
7 1 4 12 L
7 4 3 0 D
7 5 0 2 D
7 7 1 0 D
7 9 0 5 R
7 10 1 1 D
7 11 6 1 D
8 0 1 11 L
8 1 4 1 D
8 11 4 11 L

