24 19 377
14 19 18 20 17 19 19 20 21 19 0 0 18
0 0 0 2 0 17 0 0 20 11 19 3 0
0 23 0 0 7 0 0 10 7 14 10 0 18
0 9 0 3 7 0 0 0 0 0 0 0 18
12 0 20 17 0 12 12 0 20 0 0 0 21
8 22 9 14 19 0 0 1 10 3 14 0 0
0 9 0 0 0 11 0 0 19 6 14 0 7
0 14 0 0 0 0 2 3 16 0 0 17 0
20 0 0 19 18 0 0 3 20 0 9 7 4
0 8 18 0 0 16 20 19 9 8 20 5 13
12 4 17 0 18 0 0 17 9 6 21 21 19
6 0 9 19 20 0 0 0 0 0 21 22 18
6 0 0 0 0 0 0 0 11 1 5 18 7
0 0 0 0 D
0 1 0 1 D
0 2 0 2 D
0 3 0 3 D
0 4 0 4 D
0 5 0 5 R
0 6 0 6 R
0 7 0 7 R
0 8 0 8 R
0 9 0 9 R
0 10 0 10 U
0 11 0 11 U
0 12 0 12 U
0 13 0 13 U
0 14 0 14 L
0 15 0 15 L
0 16 0 16 L
0 17 0 17 L
0 18 0 18 L
1 0 2 0 D
1 1 13 8 R
1 2 9 2 D
1 3 8 3 D
1 4 9 4 D
1 5 17 13 U
1 6 7 3 D
1 7 0 15 L
1 8 11 8 R
1 9 0 15 L
1 10 0 1 D
1 11 5 0 D
1 12 0 7 R
1 13 0 2 D
1 14 4 14 L
1 15 12 15 L
1 16 2 16 L
1 17 4 17 L
1 18 6 18 L
2 0 0 15 L
2 1 3 1 D
2 2 0 7 R
2 3 0 8 R
2 4 0 12 U
2 5 1 5 R
2 6 10 6 R
2 7 0 12 U
2 8 1 8 R
2 9 1 9 R
2 10 1 14 L
2 11 12 6 R
2 12 10 12 U
2 13 8 15 L
2 14 7 10 U
2 15 0 11 U
2 16 1 11 U
2 17 15 11 U
2 18 3 10 U
3 0 12 14 L
3 1 0 9 R
3 2 9 7 R
3 3 16 13 U
3 4 5 4 D
3 5 0 14 L
3 6 0 1 D
3 7 0 0 D
3 8 0 2 D
3 9 1 9 R
3 10 2 10 U
3 11 0 6 R
3 12 13 9 R
3 13 0 17 L
3 14 0 1 D
3 15 5 11 U
3 16 15 2 D
3 17 0 11 U
3 18 17 1 D
4 0 7 0 D
4 1 7 5 R
4 2 13 14 L
4 3 16 3 D
4 5 8 10 U
4 6 15 12 U
4 7 7 13 U
4 8 5 13 U
4 9 1 9 R
4 10 17 17 L
4 11 14 17 L
4 12 1 9 R
4 13 0 15 L
4 14 0 5 R
4 15 7 1 D
4 16 10 12 U
4 17 1 17 L
4 18 0 7 R
5 0 2 15 L
5 1 16 9 R
5 2 0 17 L
5 3 15 7 R
5 5 15 11 U
5 6 9 15 L
5 7 4 2 D
5 8 7 8 R
5 9 7 9 R
5 10 10 10 U
5 11 1 11 U
5 12 3 12 U
5 13 14 17 L
5 14 1 14 L
5 15 10 2 D
5 16 1 12 U
5 17 3 12 U
5 18 4 18 L
6 0 13 16 L
6 1 14 6 R
6 2 17 2 D
6 3 17 3 D
6 4 1 4 D
6 5 10 10 U
6 6 8 4 D
6 7 1 7 R
6 8 7 8 R
6 9 1 9 R
6 10 4 7 R
6 11 3 5 R
6 12 5 12 U
6 13 0 0 D
6 14 4 6 R
6 15 7 4 D
6 16 4 16 L
6 17 10 17 L
6 18 11 4 D
7 0 10 6 R
7 1 2 5 R
7 2 11 9 R
7 3 3 8 R
7 5 3 1 D
7 6 5 6 R
7 7 3 14 L
7 8 13 12 U
7 9 0 18 L
7 10 0 0 D
7 11 11 11 U
7 12 3 17 L
7 13 11 15 L
7 14 8 0 D
7 15 0 13 U
7 16 2 12 U
7 17 8 17 L
7 18 11 18 L
8 0 6 15 L
8 1 13 1 D
8 2 11 17 L
8 3 9 16 L
8 4 16 7 R
8 5 1 2 D
8 6 2 3 D
8 7 15 2 D
8 8 6 3 D
8 9 14 2 D
8 10 6 6 R
8 11 13 7 R
8 12 0 16 L
8 13 1 13 U
8 14 0 0 D
8 15 5 13 U
8 16 17 10 U
8 17 4 3 D
8 18 15 11 U
9 0 4 18 L
9 1 1 1 D
9 2 1 2 D
9 3 4 14 L
9 5 5 14 L
9 6 12 2 D
9 7 1 16 L
9 8 14 8 R
9 9 0 3 D
9 10 6 10 U
9 11 2 7 R
9 12 1 12 U
9 13 13 13 U
9 14 14 11 U
9 16 7 16 L
9 17 12 13 U
9 18 4 18 L
10 0 0 14 L
10 1 2 14 L
10 2 16 2 D
10 3 5 9 R
10 4 11 5 R
10 5 7 5 R
10 6 11 1 D
10 7 0 11 U
10 8 6 16 L
10 9 14 9 R
10 10 8 8 R
10 11 11 2 D
10 12 1 12 U
10 13 0 9 R
10 14 14 12 U
10 15 4 15 L
10 16 18 0 D
10 17 8 2 D
10 18 2 1 D
11 0 2 5 R
11 1 5 1 D
11 2 5 14 L
11 3 1 3 D
11 4 2 4 D
11 5 12 5 R
11 6 12 0 D
11 7 7 7 R
11 8 7 0 D
11 9 1 9 R
11 10 5 9 R
11 11 1 15 L
11 12 17 6 R
11 13 10 7 R
11 14 7 5 R
11 15 15 12 U
11 16 9 16 L
11 17 2 6 R
11 18 16 13 U
12 0 9 5 R
12 1 0 5 R
12 2 18 6 R
12 3 6 3 D
12 5 15 14 L
12 6 1 1 D
12 7 3 7 R
12 8 14 8 R
12 9 14 4 D
12 10 10 18 L
12 11 11 14 L
12 12 11 18 L
12 13 8 16 L
12 14 9 11 U
12 15 11 1 D
12 16 10 1 D
12 17 10 17 L
12 18 2 18 L
13 0 14 0 D
13 1 9 1 D
13 2 5 8 R
13 3 5 3 D
13 4 1 8 R
13 5 11 1 D
13 6 12 10 U
13 7 16 1 D
13 8 6 8 R
13 9 5 13 U
13 10 0 8 R
13 11 9 16 L
13 12 7 6 R
13 13 12 6 R
13 14 18 2 D
13 16 2 4 D
13 17 3 0 D
13 18 9 3 D
14 0 15 9 R
14 1 2 6 R
14 2 16 11 U
14 3 8 6 R
14 5 11 10 U
14 6 5 2 D
14 7 12 10 U
14 8 0 17 L
14 9 16 9 R
14 10 1 2 D
14 11 4 14 L
14 12 0 14 L
14 13 2 13 U
14 14 16 14 L
14 15 2 3 D
14 16 5 16 L
14 17 11 13 U
14 18 10 18 L
15 0 6 14 L
15 1 8 5 R
15 2 17 15 L
15 3 0 16 L
15 4 4 18 L
15 5 1 5 R
15 6 0 10 U
15 7 1 7 R
15 8 14 13 U
15 9 4 16 L
15 10 10 7 R
15 11 2 11 U
15 12 12 15 L
15 13 17 18 L
15 14 0 3 D
15 15 12 10 U
15 16 3 13 U
15 17 8 17 L
15 18 4 12 U
16 0 1 9 R
16 1 13 14 L
16 2 2 7 R
16 3 7 3 D
16 5 0 16 L
16 6 9 14 L
16 7 7 7 R
16 8 0 15 L
16 9 1 9 R
16 10 11 14 L
16 11 4 11 U
16 12 7 12 U
16 13 9 13 U
16 14 0 10 U
16 15 6 10 U
16 16 11 3 D
16 17 2 10 U
16 18 15 0 D
17 0 14 5 R
17 1 3 6 R
17 2 2 17 L
17 3 6 3 D
17 5 15 0 D
17 7 0 13 U
17 8 18 8 R
17 9 12 15 L
17 10 18 5 R
17 11 0 3 D
17 12 2 12 U
17 13 1 13 U
17 14 13 0 D
17 15 13 0 D
17 16 9 16 L
17 17 18 3 D
17 18 14 18 L
18 0 9 17 L
18 1 16 18 L
18 3 17 3 D
18 5 14 17 L
18 7 16 7 R
18 8 19 15 L
18 9 0 14 L
18 10 17 5 R
18 11 16 8 R
18 12 13 8 R
18 13 1 13 U
18 14 12 11 U
18 16 8 16 L
18 17 2 17 L
18 18 8 18 L
19 0 3 0 D
19 1 14 9 R
19 5 14 5 R
19 7 16 15 L
19 8 9 0 D
19 9 1 9 R
19 10 8 6 R
19 11 17 18 L
19 12 13 12 U
19 13 15 16 L
19 16 2 11 U
19 17 11 12 U
19 18 1 18 L
20 1 17 13 U
20 5 2 5 R
20 7 7 7 R
20 8 1 8 R
20 10 10 10 U
20 11 12 11 U
20 13 5 13 U
20 14 19 5 R
20 17 11 17 L
20 18 1 18 L
21 7 7 18 L
21 10 10 10 U
21 13 1 7 R
21 17 4 17 L
21 18 6 18 L
22 13 19 13 U
22 17 1 17 L
23 13 0 1 D

