22 23 453
0 15 0 2 13 0 16 12 0 17 18 15 15
14 17 7 11 0 0 10 9 4 5 3 0 17
11 2 17 19 11 0 15 10 14 13 6 10 8
11 18 10 0 4 14 0 13 4 13 2 16 0
10 2 12 18 0 0 18 0 0 0 20 0 19
2 18 8 20 14 5 0 16 16 0 16 11 2
17 18 16 0 17 0 17 0 0 0 15 2 1
18 15 0 20 0 0 0 0 0 18 20 2 14
0 16 16 19 0 0 19 17 15 0 0 20 17
14 2 0 17 7 18 6 0 7 12 0 11 0
3 9 15 18 0 0 19 16 13 12 0 10 18
1 15 12 16 6 0 4 11 11 16 19 19 2
13 0 0 0 0 0 0 0 0 0 21 20 19
0 0 0 0 R
0 1 0 1 R
0 2 0 2 R
0 3 0 3 R
0 4 0 4 R
0 5 0 5 R
0 6 0 6 U
0 7 0 7 U
0 8 0 8 U
0 9 0 9 U
0 10 0 10 U
0 11 0 11 U
0 12 0 12 D
0 13 0 13 D
0 14 0 14 D
0 15 0 15 D
0 16 0 16 D
0 17 0 17 D
0 18 0 18 L
0 19 0 19 L
0 20 0 20 L
0 21 0 21 L
0 22 0 22 L
1 0 0 12 D
1 1 0 20 L
1 2 0 13 D
1 3 0 8 U
1 4 0 14 D
1 5 0 17 D
1 6 0 0 R
1 7 0 19 L
1 8 1 13 D
1 9 0 0 R
1 10 0 3 R
1 11 0 0 R
1 12 0 18 L
1 13 0 0 R
1 14 0 6 U
1 15 0 8 U
1 16 0 9 U
1 17 0 20 L
1 18 0 12 D
1 19 0 6 U
1 20 0 7 U
1 21 1 13 D
1 22 3 1 R
2 0 0 6 U
2 1 1 1 R
2 2 0 18 L
2 3 2 12 D
2 4 1 4 R
2 5 3 5 R
2 6 0 2 R
2 7 1 7 U
2 8 2 8 U
2 9 1 9 U
2 10 0 4 R
2 11 3 11 U
2 12 0 1 R
2 13 0 2 R
2 14 2 14 D
2 15 2 15 D
2 16 3 16 D
2 17 1 17 D
2 18 0 14 D
2 19 1 19 L
2 20 0 1 R
2 21 2 21 L
2 22 4 22 L
3 0 0 15 D
3 1 0 7 U
3 2 0 16 D
3 3 6 17 D
3 4 3 19 L
3 5 1 5 R
3 6 1 6 U
3 7 2 7 U
3 8 0 17 D
3 9 2 9 U
3 10 1 5 R
3 11 4 11 U
3 12 3 3 R
3 13 0 10 U
3 14 0 21 L
3 15 1 15 D
3 16 2 1 R
3 17 1 21 L
3 18 0 16 D
3 19 0 13 D
3 20 3 20 L
3 21 0 10 U
3 22 0 12 D
4 0 3 0 R
4 1 2 8 U
4 2 0 10 U
4 3 6 3 R
4 4 5 4 R
4 5 2 16 D
4 6 0 21 L
4 7 1 19 L
4 8 3 18 L
4 9 0 22 L
4 10 0 15 D
4 11 0 5 R
4 12 2 5 R
4 13 1 0 R
4 14 1 14 D
4 15 0 2 R
4 16 1 19 L
4 17 5 18 L
4 18 4 7 U
4 19 4 19 L
4 20 0 8 U
4 21 2 14 D
4 22 5 22 L
5 0 1 15 D
5 1 0 22 L
5 2 5 9 U
5 3 2 15 D
5 4 7 4 R
5 5 5 5 R
5 6 0 18 L
5 7 2 18 L
5 8 5 3 R
5 9 5 9 U
5 10 5 10 U
5 11 2 22 L
5 12 0 7 U
5 13 3 3 R
5 14 3 11 U
5 15 4 15 D
5 16 2 16 D
5 17 3 17 D
5 18 0 11 U
5 19 4 6 U
5 20 8 10 U
5 21 7 8 U
5 22 3 10 U
6 0 3 14 D
6 1 4 12 D
6 2 5 7 U
6 3 6 14 D
6 4 8 16 D
6 5 3 14 D
6 6 1 2 R
6 7 3 1 R
6 8 6 19 L
6 9 6 9 U
6 10 6 10 U
6 11 2 11 U
6 12 4 1 R
6 13 6 13 D
6 14 6 14 D
6 15 4 0 R
6 16 0 7 U
6 17 6 17 D
6 18 2 2 R
6 19 0 2 R
6 20 7 20 L
6 21 0 15 D
6 22 4 14 D
7 0 5 12 D
7 1 6 13 D
7 2 2 21 L
7 3 0 9 U
7 4 4 4 R
7 5 7 5 R
7 6 4 18 L
7 7 7 1 R
7 8 4 8 U
7 9 0 20 L
7 10 0 2 R
7 11 11 3 R
7 12 0 5 R
7 13 8 20 L
7 14 5 0 R
7 15 2 3 R
7 16 6 16 D
7 17 0 4 R
7 18 5 17 D
7 19 5 3 R
7 20 2 13 D
7 21 4 8 U
7 22 0 16 D
8 0 5 0 R
8 1 4 1 R
8 2 4 9 U
8 3 3 9 U
8 4 8 4 R
8 5 6 5 R
8 6 4 6 U
8 7 4 7 U
8 8 8 8 U
8 9 3 21 L
8 10 7 10 U
8 11 9 11 U
8 12 6 3 R
8 13 6 22 L
8 14 5 14 D
8 15 8 15 D
8 16 7 10 U
8 17 8 19 L
8 18 3 12 D
8 19 7 17 D
8 20 8 20 L
8 21 6 2 R
8 22 1 7 U
9 0 8 14 D
9 1 7 13 D
9 2 8 6 U
9 3 9 3 R
9 4 5 6 U
9 5 2 13 D
9 6 0 1 R
9 7 1 21 L
9 8 5 19 L
9 9 10 3 R
9 10 11 18 L
9 11 3 4 R
9 12 10 0 R
9 13 8 0 R
9 14 8 21 L
9 15 7 0 R
9 16 1 7 U
9 17 10 2 R
9 18 5 7 U
9 19 7 6 U
9 20 9 17 D
9 21 7 15 D
9 22 14 8 U
10 0 7 16 D
10 1 2 1 R
10 2 6 8 U
10 3 13 12 D
10 4 9 12 D
10 5 13 5 R
10 6 10 12 D
10 7 7 7 U
10 8 9 8 U
10 9 9 9 U
10 10 10 10 U
10 11 8 11 U
10 12 8 7 U
10 13 0 20 L
10 14 3 4 R
10 15 3 15 D
10 16 5 16 D
10 17 10 17 D
10 18 8 18 L
10 19 6 19 L
10 20 9 14 D
10 21 9 12 D
10 22 7 15 D
11 0 2 6 U
11 1 13 15 D
11 2 12 7 U
11 3 13 3 R
11 4 13 16 D
11 5 14 5 R
11 6 10 18 L
11 7 4 19 L
11 8 3 5 R
11 9 12 3 R
11 10 11 10 U
11 11 8 21 L
11 12 7 12 D
11 13 13 13 D
11 14 0 19 L
11 15 13 18 L
11 16 14 22 L
11 17 1 9 U
11 18 8 8 U
11 19 4 10 U
11 20 12 16 D
11 21 8 7 U
11 22 13 22 L
12 0 8 9 U
12 1 10 1 R
12 2 14 2 R
12 3 11 22 L
12 4 9 4 R
12 5 4 11 U
12 6 4 4 R
12 7 12 2 R
12 8 9 0 R
12 9 7 9 U
12 10 9 21 L
12 11 11 11 U
12 12 9 0 R
12 13 9 13 D
12 14 8 14 D
12 15 0 11 U
12 16 10 16 D
12 17 9 17 D
12 18 10 18 L
12 19 5 19 L
12 20 14 20 L
12 21 14 21 L
12 22 11 22 L
13 0 9 8 U
13 1 9 17 D
13 2 12 10 U
13 3 11 9 U
13 4 13 10 U
13 5 0 12 D
13 6 8 1 R
13 7 11 20 L
13 8 10 8 U
13 9 13 3 R
13 10 10 22 L
13 11 13 0 R
13 12 10 12 D
13 13 14 13 D
13 14 11 14 D
13 15 5 4 R
13 16 13 16 D
13 17 11 19 L
13 18 8 0 R
13 19 2 6 U
13 20 13 20 L
13 21 8 21 L
13 22 13 3 R
14 0 10 17 D
14 1 12 1 R
14 2 13 2 R
14 3 11 10 U
14 4 2 4 R
14 5 10 5 R
14 6 4 17 D
14 7 4 5 R
14 8 12 21 L
14 9 3 22 L
14 10 8 10 U
14 11 10 11 U
14 12 0 11 U
14 13 12 1 R
14 14 12 14 D
14 15 16 2 R
14 16 19 2 R
14 17 13 17 D
14 18 5 18 L
14 19 9 19 L
14 20 4 9 U
14 21 6 21 L
14 22 10 14 D
15 0 9 6 U
15 1 2 10 U
15 2 12 13 D
15 3 17 15 D
15 4 1 16 D
15 5 15 17 D
15 6 14 5 R
15 7 5 21 L
15 8 18 3 R
15 9 17 19 L
15 10 11 20 L
15 11 12 11 U
15 12 12 22 L
15 13 11 13 D
15 14 0 5 R
15 15 0 22 L
15 16 17 16 D
15 17 0 10 U
15 18 16 12 D
15 19 12 13 D
15 20 13 6 U
15 21 2 12 D
15 22 17 11 U
16 0 12 18 L
16 1 15 13 D
16 2 16 2 R
16 3 19 8 U
16 4 3 4 R
16 6 16 0 R
16 7 3 7 U
16 8 12 8 U
16 9 15 9 U
16 10 15 2 R
16 11 14 11 U
16 12 5 11 U
16 13 2 0 R
16 14 10 18 L
16 15 12 15 D
16 16 16 16 D
16 17 11 17 D
16 18 12 14 D
16 19 12 15 D
16 20 14 1 R
16 21 18 21 L
16 22 16 22 L
17 0 14 10 U
17 1 15 1 R
17 2 15 2 R
17 3 18 3 R
17 4 12 4 R
17 6 18 20 L
17 7 12 22 L
17 8 0 14 D
17 9 17 9 U
17 10 15 10 U
17 11 13 18 L
17 12 2 10 U
17 13 17 0 R
17 14 14 1 R
17 16 15 16 D
17 17 19 17 D
17 18 12 18 L
17 19 11 19 L
17 20 17 20 L
17 21 17 21 L
17 22 10 13 D
18 0 15 0 R
18 1 6 12 D
18 2 17 2 R
18 3 18 12 D
18 4 10 4 R
18 6 18 6 U
18 7 16 21 L
18 9 18 1 R
18 10 15 3 R
18 11 13 11 U
18 12 3 9 U
18 13 13 2 R
18 14 10 14 D
18 16 15 0 R
18 17 18 17 D
18 18 15 16 D
18 19 17 19 L
18 20 7 3 R
18 21 16 21 L
18 22 14 22 L
19 0 15 7 U
19 1 16 18 L
19 2 0 19 L
19 6 17 5 R
19 7 19 3 R
19 9 20 9 U
19 10 18 10 U
19 12 15 7 U
19 14 4 18 L
19 16 19 16 D
19 18 14 7 U
19 19 11 9 U
19 21 15 6 U
20 0 12 10 U
20 1 20 1 R
20 6 16 6 U
20 7 16 18 L
20 10 17 19 L
20 16 18 19 L
20 18 17 16 D
20 19 19 16 D
21 0 14 0 R

