11 8 75
4 0 0 0 0 0 0 0 0 0 0 0 0 0 0 3 0
0 0 0 0 0 0 9 0 0 0 0 0 0 0 2 0 4
9 0 0 0 0 0 0 0 0 0 0 0 0 0 6 0 0
0 0 0 6 0 0 0 0 0 0 0 0 6 0 0 4 6
0 0 4 0 0 0 8 0 5 0 0 8 0 2 0 0 7
0 0 0 0 0 4 0 0 0 3 0 0 0 0 0 0 0
0 7 0 0 1 0 0 0 7 0 0 0 0 0 6 5 0
2 6 4 0 9 0 9 0 0 5 0 3 0 0 1 6 0
0 0 0 0 0 0 0 0 0 0 0 0 0 0 0 0 0
0 0 0 0 0 8 0 0 0 0 0 3 0 0 0 0 2
0 0 0 0 0 0 5 0 0 0 0 5 0 0 0 0 2
6 0 0 0 0 6 0 0 0 10 0 3 0 0 0 0 0
0 0 0 0 0 0 0 0 0 0 0 0 0 0 0 0 0
0 0 0 0 0 0 4 0 0 0 0 0 0 2 0 0 0
0 7 0 0 10 0 0 0 0 0 0 5 0 0 0 0 0
0 0 7 0 0 0 4 0 0 0 2 2 0 0 0 0 0
0 0 0 0 4 0 5 0 0 1 0 0 0 0 0 0 0
0 0 0 0 R
0 1 0 1 R
0 2 0 2 U
0 3 0 3 U
0 4 0 4 D
0 5 0 5 D
0 6 0 6 L
0 7 0 7 L
1 0 4 4 D
1 1 5 2 U
1 2 6 1 R
1 3 5 1 R
1 4 5 7 L
1 5 2 1 R
1 6 0 3 U
1 7 4 5 D
2 0 3 0 R
2 1 0 6 L
2 2 3 6 L
2 3 8 6 L
2 4 0 2 U
2 5 0 7 L
2 6 0 2 U
2 7 0 4 D
3 0 5 0 R
3 1 4 1 R
3 2 0 6 L
3 3 0 0 R
3 4 1 1 R
3 5 7 5 D
3 6 1 5 D
3 7 2 2 U
4 0 0 5 D
4 1 0 7 L
4 2 2 2 U
4 3 3 3 U
4 4 3 4 D
4 5 1 1 R
4 6 0 4 D
4 7 2 3 U
5 0 0 2 U
5 1 2 3 U
5 2 2 6 L
5 3 0 5 D
5 4 3 4 D
5 5 0 6 L
5 6 1 2 U
5 7 1 7 L
6 0 7 0 R
6 1 1 2 U
6 2 1 6 L
6 3 0 4 D
6 4 0 0 R
6 5 1 5 D
6 6 0 0 R
6 7 8 4 D
7 0 0 4 D
7 1 8 1 R
7 2 6 0 R
7 3 1 6 L
7 4 0 3 U
7 5 1 6 L
7 6 9 3 U
7 7 3 4 D
8 0 3 5 D
8 2 0 1 R
8 4 0 1 R
8 6 3 6 L
8 7 3 7 L
9 0 6 6 L
9 2 4 0 R
9 4 7 0 R
9 6 6 0 R
10 0 9 2 U
10 6 1 6 L

