31 41 1071
0 12 0 6 0 15 17 19 6 0 0 0 2 18 8 16 23
0 23 28 24 0 0 25 0 0 0 0 0 27 27 8 0 0
28 0 30 0 0 0 0 0 0 0 0 0 0 20 0 21 10
19 0 28 0 0 0 0 0 0 0 0 0 0 0 0 28 0
11 7 3 0 27 0 0 10 0 0 0 0 0 24 9 23 20
27 0 0 0 0 0 0 0 0 0 0 0 0 0 13 0 16
21 0 0 0 0 0 0 0 0 0 0 0 0 0 0 22 28
23 19 8 6 19 0 10 29 0 0 29 0 0 28 22 0 27
0 0 20 7 20 0 14 0 0 27 29 0 0 0 0 30 29
24 0 5 20 0 11 2 0 21 2 30 23 0 5 19 3 8
0 0 17 16 26 18 23 0 0 11 0 25 18 18 0 17 0
5 0 0 9 0 10 22 0 19 0 23 16 0 25 9 18 21
0 27 28 0 22 0 21 30 19 12 0 2 20 0 27 1 0
0 20 29 10 10 11 20 0 0 0 21 6 0 7 0 23 0
0 0 26 8 0 2 0 24 0 27 0 0 1 8 0 10 0
15 6 30 0 0 29 28 9 11 25 6 24 0 7 0 5 0
26 0 0 0 0 0 0 0 0 0 0 0 0 0 0 18 28
0 0 0 0 U
0 1 0 1 U
0 2 0 2 U
0 3 0 3 U
0 4 0 4 U
0 5 0 5 U
0 6 0 6 U
0 7 0 7 U
0 8 0 8 U
0 9 0 9 U
0 10 0 10 R
0 11 0 11 R
0 12 0 12 R
0 13 0 13 R
0 14 0 14 R
0 15 0 15 R
0 16 0 16 R
0 17 0 17 R
0 18 0 18 R
0 19 0 19 R
0 20 0 20 D
0 21 0 21 D
0 22 0 22 D
0 23 0 23 D
0 24 0 24 D
0 25 0 25 D
0 26 0 26 D
0 27 0 27 D
0 28 0 28 D
0 29 0 29 D
0 30 0 30 L
0 31 0 31 L
0 32 0 32 L
0 33 0 33 L
0 34 0 34 L
0 35 0 35 L
0 36 0 36 L
0 37 0 37 L
0 38 0 38 L
0 39 0 39 L
0 40 0 40 L
1 0 21 36 L
1 1 0 13 R
1 2 0 22 D
1 3 2 3 U
1 4 5 4 U
1 5 26 16 R
1 6 2 6 U
1 7 5 7 U
1 8 2 8 U
1 9 5 9 U
1 10 9 10 R
1 11 0 31 L
1 12 26 1 U
1 13 10 13 R
1 14 14 14 R
1 15 26 5 U
1 16 15 2 U
1 17 6 17 R
1 18 18 5 U
1 19 10 6 U
1 20 8 40 L
1 21 0 11 R
1 22 12 34 L
1 23 3 23 D
1 24 17 24 D
1 25 2 25 D
1 26 4 26 D
1 27 2 27 D
1 28 4 28 D
1 29 17 29 D
1 30 14 21 D
1 31 7 1 U
1 32 19 2 U
1 33 4 21 D
1 34 10 22 D
1 35 11 4 U
1 36 26 20 D
1 37 12 20 D
1 38 22 7 U
1 39 17 9 U
2 0 13 13 R
2 1 0 22 D
2 2 21 2 U
2 3 26 17 R
2 4 1 4 U
2 5 0 25 D
2 6 22 6 U
2 7 8 7 U
2 8 1 8 U
2 9 1 9 U
2 10 7 0 U
2 11 0 21 D
2 12 9 21 D
2 13 14 30 L
2 14 28 2 U
2 15 17 25 D
2 16 1 1 U
2 17 16 38 L
2 18 26 23 D
2 19 14 3 U
2 20 0 30 L
2 21 0 18 R
2 22 10 12 R
2 23 25 23 D
2 24 12 24 D
2 25 12 25 D
2 26 22 14 R
2 27 12 13 R
2 28 3 28 D
2 30 8 0 U
2 31 3 0 U
2 32 1 6 U
2 33 16 4 U
2 34 3 4 U
2 35 12 35 L
2 36 13 5 U
2 37 9 37 L
2 38 3 38 L
2 39 7 39 L
2 40 0 15 R
3 0 4 24 D
3 1 5 40 L
3 2 5 2 U
3 3 2 3 U
3 4 21 4 U
3 5 25 5 U
3 6 2 18 R
3 7 1 30 L
3 8 5 8 U
3 9 16 12 R
3 10 20 10 R
3 11 5 4 U
3 12 26 30 L
3 13 18 27 D
3 14 5 14 R
3 15 0 32 L
3 16 14 38 L
3 17 0 38 L
3 18 2 18 R
3 19 6 27 D
3 20 13 10 R
3 21 0 10 R
3 22 12 3 U
3 23 13 16 R
3 24 8 16 R
3 25 13 17 R
3 26 21 26 D
3 27 14 31 L
3 28 6 17 R
3 29 1 29 D
3 30 21 20 D
3 31 14 9 U
3 32 0 11 R
3 33 14 2 U
3 34 18 2 U
3 35 15 8 U
3 36 11 8 U
3 37 24 25 D
3 38 17 22 D
3 39 22 7 U
4 0 1 0 U
4 1 23 10 R
4 2 1 2 U
4 3 2 40 L
4 4 7 12 R
4 5 11 16 R
4 6 1 6 U
4 7 2 13 R
4 8 2 8 U
4 9 7 17 R
4 10 6 28 D
4 11 10 6 U
4 12 21 7 U
4 13 0 23 D
4 14 25 22 D
4 15 18 36 L
4 16 10 16 R
4 17 10 17 R
4 18 2 38 L
4 19 23 2 U
4 20 5 31 L
4 21 16 34 L
4 22 1 33 L
4 23 19 13 R
4 24 7 36 L
4 25 6 17 R
4 26 9 30 L
4 27 21 27 D
4 28 5 28 D
4 29 18 19 R
4 30 1 28 D
4 31 30 1 U
4 32 17 1 U
4 33 13 33 L
4 34 9 4 U
4 35 15 6 U
4 36 0 15 R
4 37 0 12 R
4 38 13 38 L
4 39 8 9 U
4 40 0 21 D
5 0 9 37 L
5 1 3 1 U
5 2 12 39 L
5 3 2 13 R
5 4 4 35 L
5 5 10 5 U
5 6 18 36 L
5 7 9 19 R
5 8 3 36 L
5 9 23 19 R
5 10 0 1 U
5 11 6 26 D
5 12 9 12 R
5 13 13 32 L
5 14 0 33 L
5 15 27 15 R
5 16 6 16 R
5 17 13 17 R
5 18 16 26 D
5 19 20 19 R
5 20 2 10 R
5 21 12 21 D
5 22 12 22 D
5 23 10 23 D
5 24 1 13 R
5 25 25 14 R
5 26 1 26 D
5 27 9 31 L
5 28 4 16 R
5 30 15 20 D
5 31 14 20 D
5 32 14 20 D
5 33 1 33 L
5 34 14 6 U
5 35 24 35 L
5 36 11 13 R
5 37 3 22 D
5 38 1 9 U
5 39 14 39 L
6 0 7 33 L
6 1 7 22 D
6 2 5 38 L
6 3 10 31 L
6 4 13 33 L
6 5 21 5 U
6 6 14 19 R
6 7 17 39 L
6 8 20 8 U
6 9 0 25 D
6 10 0 22 D
6 11 12 1 U
6 12 10 34 L
6 13 20 1 U
6 14 0 1 U
6 15 0 24 D
6 16 10 16 R
6 17 0 6 U
6 18 14 18 R
6 19 16 40 L
6 20 20 35 L
6 21 4 12 R
6 22 14 32 L
6 23 0 36 L
6 24 18 33 L
6 25 7 35 L
6 26 4 31 L
6 27 14 18 R
6 28 15 32 L
6 30 7 9 U
6 31 5 31 L
6 32 19 22 D
6 33 11 23 D
6 34 17 34 L
6 35 3 35 L
6 36 9 36 L
6 37 1 37 L
6 38 10 38 L
6 39 4 39 L
6 40 1 40 L
7 0 5 36 L
7 1 21 11 R
7 2 1 12 R
7 3 17 23 D
7 4 1 15 R
7 5 0 27 D
7 6 12 6 U
7 7 1 12 R
7 8 10 16 R
7 9 1 9 U
7 10 3 20 D
7 11 22 11 R
7 12 15 3 U
7 13 6 5 U
7 14 10 14 R
7 15 2 15 R
7 16 6 16 R
7 17 19 17 R
7 18 19 6 U
7 19 15 24 D
7 20 15 31 L
7 21 2 11 R
7 22 17 30 L
7 23 10 16 R
7 24 22 10 R
7 25 11 32 L
7 26 11 18 R
7 27 1 27 D
7 28 26 33 L
7 29 15 29 D
7 30 4 20 D
7 31 8 22 D
7 32 10 20 D
7 33 16 22 D
7 34 2 26 D
7 35 10 28 D
7 36 6 36 L
7 37 16 8 U
7 38 3 25 D
7 39 10 39 L
8 0 6 20 D
8 1 6 14 R
8 2 24 19 R
8 3 5 3 U
8 4 0 14 R
8 5 24 32 L
8 6 19 6 U
8 7 13 23 D
8 8 0 24 D
8 10 12 22 D
8 11 6 33 L
8 12 11 30 L
8 13 0 30 L
8 14 0 2 U
8 15 19 20 D
8 16 6 24 D
8 17 6 5 U
8 18 5 21 D
8 19 6 19 R
8 20 10 12 R
8 21 20 10 R
8 22 20 11 R
8 23 12 23 D
8 24 3 17 R
8 25 6 15 R
8 26 4 26 D
8 27 4 27 D
8 28 1 28 D
8 30 5 29 D
8 31 17 2 U
8 32 7 21 D
8 33 24 27 D
8 34 13 28 D
8 35 12 27 D
8 36 3 26 D
8 37 4 25 D
8 38 17 27 D
8 39 1 22 D
9 0 5 10 R
9 1 15 13 R
9 2 20 33 L
9 3 19 30 L
9 4 5 24 D
9 5 1 36 L
9 6 11 12 R
9 7 0 36 L
9 8 22 19 R
9 10 15 4 U
9 11 12 2 U
9 12 15 31 L
9 13 4 4 U
9 14 10 4 U
9 15 6 15 R
9 16 23 3 U
9 17 17 24 D
9 18 10 5 U
9 19 6 19 R
9 20 1 30 L
9 21 3 10 R
9 22 18 34 L
9 23 2 14 R
9 24 17 14 R
9 25 19 31 L
9 26 15 26 D
9 27 10 15 R
9 28 6 19 R
9 29 3 12 R
9 30 27 26 D
9 31 3 11 R
9 32 2 32 L
9 33 3 33 L
9 34 3 3 U
9 35 7 35 L
9 36 7 36 L
9 37 14 37 L
9 38 24 8 U
9 39 15 39 L
9 40 14 40 L
10 0 22 0 U
10 1 5 12 R
10 2 22 15 R
10 3 1 12 R
10 4 16 14 R
10 5 16 16 R
10 6 0 15 R
10 7 7 7 U
10 8 19 39 L
10 9 22 10 R
10 10 0 24 D
10 11 18 25 D
10 12 13 27 D
10 13 18 23 D
10 14 24 26 D
10 15 15 15 R
10 16 14 16 R
10 17 5 21 D
10 18 13 18 R
10 19 14 9 U
10 20 8 39 L
10 21 25 15 R
10 22 11 37 L
10 23 3 35 L
10 24 9 30 L
10 25 12 33 L
10 26 22 19 R
10 27 7 27 D
10 28 9 35 L
10 30 1 9 U
10 31 3 1 U
10 32 17 24 D
10 33 19 33 L
10 34 5 34 L
10 35 23 22 D
10 36 16 17 R
10 37 20 37 L
10 38 20 38 L
10 39 16 39 L
11 0 0 20 D
11 1 16 1 U
11 2 15 11 R
11 3 8 3 U
11 4 25 4 U
11 5 4 5 U
11 6 0 17 R
11 7 21 7 U
11 8 7 8 U
11 9 1 9 U
11 10 13 0 U
11 11 17 31 L
11 12 13 12 R
11 13 20 25 D
11 14 18 23 D
11 15 8 37 L
11 16 3 8 U
11 17 0 33 L
11 18 25 28 D
11 19 9 19 R
11 20 8 33 L
11 21 21 13 R
11 22 28 13 R
11 23 8 23 D
11 24 1 24 D
11 25 17 25 D
11 26 1 26 D
11 27 5 14 R
11 28 14 15 R
11 30 10 24 D
11 31 10 7 U
11 32 4 11 R
11 33 25 23 D
11 34 7 34 L
11 35 8 23 D
11 36 9 3 U
11 37 2 21 D
11 38 1 8 U
11 39 3 39 L
12 0 24 31 L
12 1 27 1 U
12 2 21 2 U
12 3 1 3 U
12 4 8 4 U
12 5 1 5 U
12 6 0 18 R
12 7 23 7 U
12 8 1 8 U
12 9 7 9 U
12 10 23 20 D
12 11 9 22 D
12 12 14 12 R
12 13 7 2 U
12 14 11 14 R
12 15 23 25 D
12 16 2 27 D
12 17 17 17 R
12 18 9 39 L
12 19 10 19 R
12 20 0 1 U
12 21 1 37 L
12 22 2 31 L
12 23 17 32 L
12 24 2 24 D
12 25 11 25 D
12 26 2 26 D
12 27 14 38 L
12 28 13 10 R
12 30 4 26 D
12 31 0 1 U
12 32 16 7 U
12 33 3 0 U
12 34 14 34 L
12 35 15 15 R
12 36 1 5 U
12 37 25 8 U
12 38 5 14 R
12 39 0 23 D
13 0 0 30 L
13 1 7 15 R
13 2 0 31 L
13 3 5 18 R
13 4 16 4 U
13 5 0 37 L
13 6 2 20 D
13 7 7 7 U
13 8 22 8 U
13 9 8 16 R
13 10 18 21 D
13 11 5 7 U
13 12 4 12 R
13 13 5 31 L
13 14 20 24 D
13 15 17 7 U
13 16 6 16 R
13 17 8 22 D
13 18 5 33 L
13 19 22 6 U
13 20 15 30 L
13 21 7 35 L
13 22 15 33 L
13 23 8 35 L
13 24 17 35 L
13 25 0 34 L
13 26 10 17 R
13 27 23 35 L
13 30 0 20 D
13 31 11 31 L
13 32 11 1 U
13 33 10 33 L
13 34 17 34 L
13 35 9 4 U
13 36 16 36 L
13 37 7 37 L
13 38 10 19 R
13 39 14 39 L
14 0 24 15 R
14 1 0 10 R
14 2 5 12 R
14 3 3 11 R
14 4 0 24 D
14 5 26 19 R
14 6 26 16 R
14 7 26 10 R
14 8 15 18 R
14 10 17 8 U
14 11 13 0 U
14 12 3 31 L
14 13 12 8 U
14 14 12 3 U
14 15 18 15 R
14 16 9 16 R
14 17 23 17 R
14 18 21 7 U
14 19 18 19 R
14 20 12 11 R
14 21 21 14 R
14 22 17 5 U
14 23 15 33 L
14 24 7 33 L
14 25 6 18 R
14 26 12 39 L
14 27 6 19 R
14 28 18 13 R
14 29 20 10 R
14 30 8 6 U
14 31 13 12 R
14 32 13 5 U
14 33 0 0 U
14 34 27 7 U
14 35 2 2 U
14 36 18 7 U
14 37 6 37 L
14 38 6 38 L
14 39 0 16 R
15 0 0 11 R
15 1 1 11 R
15 2 10 14 R
15 3 23 31 L
15 4 21 15 R
15 5 9 18 R
15 6 1 6 U
15 7 3 7 U
15 8 24 10 R
15 10 26 3 U
15 11 9 5 U
15 12 26 32 L
15 13 24 3 U
15 14 12 9 U
15 15 13 4 U
15 16 20 5 U
15 17 19 7 U
15 18 18 36 L
15 19 6 19 R
15 20 6 33 L
15 21 13 31 L
15 22 0 37 L
15 23 18 32 L
15 24 3 30 L
15 25 9 30 L
15 26 23 32 L
15 27 14 30 L
15 28 3 36 L
15 30 24 22 D
15 31 14 21 D
15 32 9 3 U
15 33 3 1 U
15 34 12 11 R
15 35 18 25 D
15 36 0 6 U
15 37 8 9 U
15 38 16 5 U
15 39 9 39 L
16 0 7 12 R
16 1 6 11 R
16 2 12 24 D
16 3 0 32 L
16 4 5 4 U
16 5 7 13 R
16 6 21 31 L
16 7 10 19 R
16 8 26 12 R
16 9 15 12 R
16 10 11 35 L
16 11 4 22 D
16 12 13 12 R
16 13 28 6 U
16 14 2 14 R
16 15 9 15 R
16 16 23 16 R
16 17 19 2 U
16 18 15 1 U
16 19 18 8 U
16 20 10 10 R
16 21 23 21 D
16 22 0 39 L
16 23 3 13 R
16 24 6 11 R
16 25 2 14 R
16 26 4 26 D
16 27 3 16 R
16 28 14 17 R
16 30 13 20 D
16 31 17 21 D
16 33 18 24 D
16 34 5 34 L
16 35 0 23 D
16 36 5 36 L
16 37 26 6 U
16 38 9 38 L
16 39 3 8 U
17 0 0 33 L
17 1 0 33 L
17 2 12 36 L
17 3 1 3 U
17 4 0 23 D
17 5 19 17 R
17 6 0 28 D
17 7 26 13 R
17 8 7 10 R
17 9 1 9 U
17 10 15 30 L
17 11 9 1 U
17 12 26 0 U
17 13 13 13 R
17 14 19 34 L
17 15 18 5 U
17 16 13 16 R
17 17 5 23 D
17 18 0 25 D
17 19 0 31 L
17 20 2 11 R
17 21 0 3 U
17 22 10 11 R
17 23 20 38 L
17 24 23 24 D
17 25 9 8 U
17 26 7 15 R
17 27 9 35 L
17 28 2 28 D
17 29 28 29 D
17 30 0 27 D
17 31 0 22 D
17 32 27 1 U
17 33 4 3 U
17 34 7 5 U
17 35 1 26 D
17 36 16 36 L
17 38 16 38 L
17 39 9 39 L
18 0 21 31 L
18 1 8 31 L
18 2 24 32 L
18 3 28 13 R
18 4 6 11 R
18 5 0 35 L
18 6 11 13 R
18 7 0 26 D
18 8 24 13 R
18 9 22 36 L
18 10 15 25 D
18 11 0 20 D
18 12 4 0 U
18 13 8 34 L
18 14 25 4 U
18 15 20 0 U
18 16 11 26 D
18 17 6 28 D
18 18 17 25 D
18 19 17 19 R
18 20 0 31 L
18 21 11 16 R
18 22 13 38 L
18 23 12 33 L
18 24 25 38 L
18 25 7 34 L
18 26 12 15 R
18 27 2 37 L
18 31 9 20 D
18 32 7 32 L
18 33 14 13 R
18 34 14 34 L
18 35 2 18 R
18 36 6 36 L
18 37 17 28 D
18 38 7 38 L
18 39 5 39 L
18 40 9 40 L
19 0 6 18 R
19 1 22 34 L
19 2 5 2 U
19 3 8 35 L
19 4 11 13 R
19 5 13 34 L
19 6 0 24 D
19 7 21 32 L
19 8 3 12 R
19 10 5 40 L
19 11 6 25 D
19 12 24 4 U
19 13 13 13 R
19 14 4 0 U
19 15 26 22 D
19 16 0 35 L
19 17 0 5 U
19 18 6 18 R
19 19 1 3 U
19 20 13 13 R
19 21 14 12 R
19 22 14 38 L
19 23 0 12 R
19 24 18 24 D
19 25 21 37 L
19 26 26 32 L
19 27 6 14 R
19 31 5 0 U
19 32 9 32 L
19 33 25 26 D
19 34 2 28 D
19 35 9 35 L
19 36 9 5 U
19 37 11 37 L
19 38 3 38 L
19 39 9 39 L
20 0 5 0 U
20 1 2 30 L
20 2 6 20 D
20 3 10 33 L
20 4 5 4 U
20 5 11 35 L
20 6 19 6 U
20 7 8 7 U
20 8 1 8 U
20 10 18 26 D
20 11 19 11 R
20 12 16 26 D
20 13 26 2 U
20 14 4 1 U
20 15 12 36 L
20 16 25 16 R
20 17 24 9 U
20 18 10 18 R
20 19 0 7 U
20 21 15 36 L
20 22 1 34 L
20 23 10 19 R
20 24 15 33 L
20 25 7 37 L
20 26 8 11 R
20 30 21 1 U
20 31 11 3 U
20 32 9 32 L
20 33 3 18 R
20 34 5 34 L
20 35 14 35 L
20 36 2 7 U
20 37 3 37 L
20 38 16 38 L
20 39 21 25 D
20 40 2 0 U
21 0 8 12 R
21 1 5 13 R
21 2 2 21 D
21 3 19 39 L
21 4 24 16 R
21 5 29 12 R
21 6 15 18 R
21 7 1 15 R
21 8 25 8 U
21 9 17 13 R
21 10 20 24 D
21 11 24 21 D
21 12 25 20 D
21 13 26 21 D
21 14 13 5 U
21 15 4 37 L
21 16 6 16 R
21 17 13 34 L
21 18 18 1 U
21 19 22 22 D
21 20 11 10 R
21 21 1 21 D
21 22 22 22 D
21 23 3 38 L
21 24 11 24 D
21 25 13 25 D
21 26 25 38 L
21 27 8 27 D
21 28 2 28 D
21 30 14 0 U
21 31 18 12 R
21 33 0 7 U
21 34 16 21 D
21 35 10 24 D
21 36 10 22 D
21 38 18 38 L
21 39 7 39 L
22 0 2 36 L
22 1 0 39 L
22 2 16 2 U
22 3 21 3 U
22 4 8 34 L
22 5 13 35 L
22 6 12 6 U
22 8 3 38 L
22 11 29 6 U
22 12 9 2 U
22 13 27 27 D
22 14 13 28 D
22 16 23 16 R
22 17 10 17 R
22 18 27 18 R
22 19 19 19 R
22 20 25 15 R
22 21 4 19 R
22 22 0 9 U
22 23 5 17 R
22 24 27 24 D
22 25 23 25 D
22 26 5 13 R
22 27 25 27 D
22 28 12 18 R
22 30 10 7 U
22 31 11 31 L
22 32 16 6 U
22 33 15 0 U
22 34 17 34 L
22 35 9 26 D
22 36 21 22 D
22 37 7 37 L
22 38 17 6 U
22 39 2 21 D
23 0 21 39 L
23 1 24 32 L
23 2 27 2 U
23 3 11 3 U
23 4 2 4 U
23 5 8 5 U
23 6 1 6 U
23 7 1 7 U
23 8 17 8 U
23 10 22 27 D
23 12 7 30 L
23 13 26 0 U
23 14 4 14 R
23 15 15 2 U
23 16 20 9 U
23 17 18 17 R
23 18 17 28 D
23 19 14 1 U
23 21 1 21 D
23 22 18 22 D
23 23 2 18 R
23 24 6 32 L
23 25 24 34 L
23 26 2 26 D
23 31 3 31 L
23 32 6 15 R
23 33 7 27 D
23 34 16 34 L
23 35 5 25 D
23 36 0 17 R
23 37 5 37 L
23 38 14 38 L
24 0 28 10 R
24 1 21 14 R
24 2 18 13 R
24 3 16 18 R
24 4 11 4 U
24 5 22 5 U
24 6 8 13 R
24 7 26 16 R
24 8 25 15 R
24 9 26 18 R
24 10 20 22 D
24 11 23 21 D
24 13 9 21 D
24 14 6 14 R
24 15 1 22 D
24 16 9 25 D
24 17 16 17 R
24 18 6 18 R
24 19 7 0 U
24 21 2 30 L
24 22 23 32 L
24 23 1 32 L
24 24 11 34 L
24 25 10 30 L
24 26 1 37 L
24 28 15 34 L
24 31 19 21 D
24 32 16 25 D
24 33 29 24 D
24 34 15 24 D
24 35 0 14 R
24 37 26 20 D
24 38 7 38 L
25 0 11 19 R
25 1 21 1 U
25 2 10 34 L
25 3 12 3 U
25 4 5 30 L
25 5 21 5 U
25 6 21 6 U
25 8 22 8 U
25 9 17 9 U
25 10 19 6 U
25 13 26 22 D
25 16 29 2 U
25 17 0 34 L
25 19 5 19 R
25 20 12 10 R
25 21 22 31 L
25 22 14 39 L
25 23 6 39 L
25 24 10 31 L
25 25 14 19 R
25 26 6 18 R
25 28 17 28 D
25 31 12 8 U
25 33 17 25 D
25 34 11 34 L
25 35 6 27 D
25 38 14 38 L
25 39 13 5 U
26 0 18 11 R
26 1 23 33 L
26 2 19 30 L
26 3 0 15 R
26 4 21 32 L
26 5 28 40 L
26 6 22 6 U
26 8 8 8 U
26 9 9 9 U
26 10 0 0 U
26 16 23 4 U
26 17 8 21 D
26 19 10 19 R
26 20 17 36 L
26 21 1 31 L
26 22 2 30 L
26 23 27 31 L
26 24 4 16 R
26 25 28 13 R
26 26 25 26 D
26 30 24 26 D
26 31 14 26 D
26 32 0 28 D
26 33 1 23 D
26 34 9 20 D
26 35 21 27 D
26 36 24 20 D
26 38 13 23 D
26 39 15 14 R
27 1 26 38 L
27 2 21 19 R
27 3 3 3 U
27 4 14 4 U
27 7 9 7 U
27 8 26 17 R
27 10 23 27 D
27 16 14 5 U
27 19 0 22 D
27 20 3 10 R
27 21 21 21 D
27 22 20 22 D
27 24 0 33 L
27 25 1 15 R
27 26 20 16 R
27 31 26 10 R
27 32 16 28 D
27 33 16 33 L
27 34 0 17 R
27 35 0 25 D
27 36 21 29 D
27 37 22 37 L
27 38 7 38 L
27 40 10 40 L
28 0 5 18 R
28 2 25 35 L
28 3 24 3 U
28 4 24 39 L
28 7 2 7 U
28 8 4 11 R
28 16 19 6 U
28 19 7 19 R
28 21 4 30 L
28 22 14 5 U
28 23 1 23 D
28 24 7 31 L
28 25 29 38 L
28 27 13 34 L
28 32 26 23 D
28 33 13 2 U
28 34 19 3 U
28 35 19 3 U
28 38 0 17 R
29 3 24 16 R
29 4 24 19 R
29 8 2 8 U
29 16 26 0 U
29 19 16 19 R
29 21 9 34 L
29 22 25 33 L
29 24 17 30 L
29 33 6 23 D
29 34 24 27 D
29 38 16 38 L
30 3 26 14 R
30 4 12 4 U
30 21 18 10 R
30 33 14 33 L
30 38 20 38 L

