25 19 392
0 0 0 0 6 13 0 6 0 0 0 0 4
0 0 17 0 0 4 8 4 0 0 18 17 3
2 0 0 0 5 0 14 0 0 16 0 0 0
0 3 19 6 9 0 1 0 0 0 23 0 7
18 11 0 6 0 18 0 13 0 4 0 5 0
10 10 16 13 18 0 16 4 0 17 5 15 12
2 9 18 0 0 2 23 4 6 0 19 10 13
0 11 0 0 8 0 0 15 20 0 0 0 0
9 0 0 0 12 22 0 8 0 1 0 20 0
14 7 6 0 8 17 0 0 16 0 0 0 0
17 3 11 11 0 0 0 14 0 4 0 0 0
0 1 0 14 0 0 3 0 0 5 17 0 14
20 0 6 0 0 0 11 4 21 0 12 16 10
0 0 0 0 D
0 1 0 1 D
0 2 0 2 D
0 3 0 3 D
0 4 0 4 R
0 5 0 5 R
0 6 0 6 R
0 7 0 7 R
0 8 0 8 R
0 9 0 9 U
0 10 0 10 U
0 11 0 11 U
0 12 0 12 U
0 13 0 13 U
0 14 0 14 L
0 15 0 15 L
0 16 0 16 L
0 17 0 17 L
0 18 0 18 L
1 0 3 5 R
1 1 6 4 R
1 2 15 2 D
1 3 9 7 R
1 4 0 0 D
1 5 19 16 L
1 6 6 0 D
1 7 0 10 U
1 8 10 1 D
1 9 3 18 L
1 10 13 18 L
1 11 8 4 R
1 12 5 12 U
1 13 8 15 L
1 14 2 14 L
1 15 3 9 U
1 16 0 10 U
1 17 13 12 U
1 18 9 18 L
2 0 7 0 D
2 1 0 4 R
2 2 4 15 L
2 3 21 6 R
2 4 0 9 U
2 5 8 9 U
2 6 11 13 U
2 7 5 17 L
2 8 0 11 U
2 9 14 5 R
2 10 0 6 R
2 11 3 15 L
2 12 4 12 U
2 13 9 13 U
2 14 0 4 R
2 15 4 13 U
2 16 18 2 D
2 17 18 2 D
2 18 15 3 D
3 0 0 5 R
3 1 18 17 L
3 2 0 8 R
3 3 6 5 R
3 4 0 14 L
3 5 19 10 U
3 6 12 9 U
3 7 0 1 D
3 8 2 8 R
3 9 0 0 D
3 10 14 4 R
3 11 2 16 L
3 12 12 16 L
3 13 4 13 U
3 14 13 9 U
3 15 0 1 D
3 16 0 2 D
3 17 21 17 L
3 18 9 18 L
4 0 5 17 L
4 1 6 6 R
4 2 18 6 R
4 3 2 3 D
4 4 0 13 U
4 5 19 1 D
4 6 5 1 D
4 7 1 16 L
4 8 12 8 R
4 9 7 15 L
4 10 20 10 U
4 11 16 11 U
4 12 9 4 R
4 13 16 5 R
4 14 3 9 U
4 15 16 12 U
4 16 10 13 U
4 17 0 5 R
4 18 5 18 L
5 0 0 16 L
5 1 4 7 R
5 2 9 2 D
5 3 8 17 L
5 4 14 0 D
5 5 16 11 U
5 6 8 6 R
5 7 12 7 R
5 8 3 8 R
5 9 16 7 R
5 10 3 4 R
5 11 9 0 D
5 12 0 3 D
5 13 7 6 R
5 14 7 3 D
5 15 10 11 U
5 16 11 16 L
5 17 8 12 U
5 18 7 8 R
6 0 18 7 R
6 1 1 5 R
6 2 2 16 L
6 3 2 8 R
6 4 8 10 U
6 5 8 3 D
6 6 3 6 R
6 7 5 7 R
6 8 5 10 U
6 9 0 14 L
6 10 17 10 U
6 11 5 11 U
6 12 18 5 R
6 13 15 4 R
6 14 13 12 U
6 15 7 15 L
6 16 12 16 L
6 17 1 9 U
6 18 2 2 D
7 0 11 4 R
7 1 13 4 R
7 2 0 13 U
7 3 1 3 D
7 4 17 14 L
7 5 10 5 R
7 6 6 3 D
7 7 8 17 L
7 8 4 1 D
7 9 9 14 L
7 10 9 10 U
7 11 17 14 L
7 12 4 16 L
7 13 5 1 D
7 14 4 3 D
7 15 0 7 R
7 16 6 2 D
7 17 13 11 U
7 18 0 3 D
8 0 0 14 L
8 1 0 15 L
8 2 1 14 L
8 3 3 5 R
8 4 11 4 R
8 5 7 2 D
8 6 18 6 R
8 7 13 7 R
8 8 9 8 R
8 9 15 4 R
8 10 11 17 L
8 11 4 5 R
8 12 23 12 U
8 13 16 4 R
8 14 2 0 D
8 15 15 1 D
8 16 5 16 L
8 17 5 17 L
8 18 11 18 L
9 0 2 0 D
9 1 20 1 D
9 2 10 2 D
9 3 1 3 D
9 4 11 4 R
9 5 0 16 L
9 6 1 1 D
9 7 3 10 U
9 8 8 3 D
9 9 7 14 L
9 10 7 14 L
9 11 4 11 U
9 12 17 12 U
9 13 8 13 U
9 14 22 14 L
9 15 13 9 U
9 16 3 11 U
9 17 19 3 D
9 18 8 1 D
10 0 21 4 R
10 1 8 16 L
10 2 2 17 L
10 3 18 6 R
10 4 12 9 U
10 5 20 0 D
10 6 12 3 D
10 7 4 12 U
10 8 9 9 U
10 9 19 9 U
10 10 5 14 L
10 11 3 1 D
10 12 9 12 U
10 13 8 13 U
10 14 11 13 U
10 15 0 11 U
10 16 5 10 U
10 17 0 13 U
10 18 12 9 U
11 0 6 10 U
11 1 6 15 L
11 2 5 15 L
11 3 7 16 L
11 4 18 10 U
11 5 14 5 R
11 6 17 10 U
11 7 6 7 R
11 8 4 8 R
11 9 14 4 R
11 10 9 10 U
11 11 8 7 R
11 13 3 6 R
11 14 0 9 U
11 15 12 15 L
11 16 2 12 U
11 17 3 17 L
11 18 8 8 R
12 0 13 6 R
12 1 2 1 D
12 2 1 6 R
12 3 11 16 L
12 4 1 1 D
12 5 0 18 L
12 6 3 9 U
12 7 16 11 U
12 8 8 18 L
12 9 2 5 R
12 10 17 8 R
12 11 0 5 R
12 14 16 0 D
12 15 11 15 L
12 16 9 10 U
12 17 8 17 L
12 18 8 18 L
13 0 16 16 L
13 1 19 4 R
13 2 12 15 L
13 3 2 5 R
13 4 19 13 U
13 5 1 5 R
13 6 12 12 U
13 7 14 7 R
13 8 0 14 L
13 9 12 1 D
13 10 9 10 U
13 11 21 2 D
13 12 14 12 U
13 13 2 13 U
13 14 5 12 U
13 15 5 9 U
13 16 15 10 U
13 17 14 17 L
14 0 13 0 D
14 1 9 14 L
14 2 4 2 D
14 3 0 10 U
14 4 10 0 D
14 5 9 11 U
14 6 18 2 D
14 7 5 7 R
14 8 22 12 U
14 9 9 8 R
14 10 18 15 L
14 11 4 11 U
14 12 17 6 R
14 13 9 14 L
14 14 13 2 D
14 15 7 9 U
14 16 12 16 L
14 17 11 17 L
14 18 13 18 L
15 0 12 8 R
15 1 0 7 R
15 2 6 4 R
15 3 13 4 R
15 4 12 11 U
15 5 12 9 U
15 6 7 1 D
15 7 4 10 U
15 8 14 8 R
15 9 8 17 L
15 10 9 5 R
15 11 6 7 R
15 12 8 7 R
15 14 0 0 D
15 15 8 10 U
15 16 3 13 U
15 17 7 11 U
15 18 8 18 L
16 0 10 14 L
16 1 1 15 L
16 2 4 2 D
16 3 13 3 D
16 4 7 15 L
16 5 17 3 D
16 6 2 6 R
16 7 17 7 R
16 8 14 8 R
16 9 18 14 L
16 10 0 0 D
16 11 3 11 U
16 14 5 0 D
16 15 13 15 L
16 16 19 11 U
16 17 3 17 L
17 0 13 0 D
17 1 4 6 R
17 2 10 5 R
17 3 10 14 L
17 4 0 18 L
17 5 0 1 D
17 6 0 15 L
17 7 24 3 D
17 8 18 8 R
17 9 2 8 R
17 10 0 16 L
17 11 20 11 U
17 14 11 11 U
17 15 0 3 D
17 16 4 8 R
17 17 12 17 L
18 0 11 5 R
18 1 3 4 R
18 2 15 4 R
18 3 2 3 D
18 4 5 1 D
18 5 15 0 D
18 6 6 6 R
18 7 13 9 U
18 8 6 13 U
18 9 14 17 L
18 10 4 14 L
18 11 1 11 U
18 13 0 8 R
18 14 9 11 U
18 15 9 0 D
18 16 6 3 D
18 17 20 10 U
18 18 5 18 L
19 0 4 4 R
19 1 5 14 L
19 2 8 5 R
19 3 10 16 L
19 4 11 0 D
19 6 17 16 L
19 7 17 0 D
19 8 9 11 U
19 10 5 6 R
19 11 13 2 D
19 12 5 2 D
19 14 18 10 U
19 15 0 6 R
20 0 3 0 D
20 1 5 1 D
20 2 16 5 R
20 3 2 3 D
20 4 16 1 D
20 6 16 12 U
20 7 11 3 D
20 10 13 10 U
20 11 21 18 L
20 15 1 9 U
21 0 15 12 U
21 6 2 10 U
21 8 9 2 D
21 9 5 2 D
21 10 18 7 R
21 11 15 11 U
21 12 3 3 D
21 15 16 9 U
21 17 0 6 R
22 0 2 18 L
22 4 6 3 D
22 6 14 11 U
22 10 4 15 L
22 11 3 11 U
22 12 5 14 L
22 14 15 1 D
23 0 9 0 D
23 6 5 3 D
23 10 11 1 D
24 10 22 17 L

