26 34 819
16 0 22 18 23 0 0 18 22 0 0 20 13 21 20 7 19
14 3 0 9 14 11 3 11 21 6 5 21 10 1 12 4 6
9 22 22 23 7 21 18 17 3 16 7 17 0 18 0 13 9
10 0 8 20 21 0 24 2 0 1 24 23 0 0 16 7 0
11 0 20 0 16 22 19 7 17 25 8 0 23 12 0 16 22
20 23 19 20 15 23 0 14 0 18 11 24 11 0 23 4 0
0 17 18 18 0 4 25 0 0 19 2 0 11 21 25 13 13
18 18 0 0 14 19 0 10 20 0 15 23 0 17 3 21 23
17 14 15 21 0 0 0 18 0 22 22 0 15 18 25 14 2
23 0 8 0 0 25 24 0 21 24 23 0 20 15 24 18 0
0 12 0 0 22 19 0 22 0 0 24 23 9 11 0 14 11
22 22 22 25 11 23 25 0 15 0 0 25 20 21 0 0 10
25 21 0 24 0 13 24 0 25 0 24 0 23 0 25 17 14
24 2 3 17 6 8 19 0 7 19 11 23 0 0 20 6 23
2 8 2 23 21 8 8 22 14 7 14 0 24 17 25 24 0
13 5 2 22 8 0 15 21 0 23 0 0 25 19 14 15 15
18 19 0 20 21 21 10 17 22 0 7 21 24 18 13 10 3
0 0 0 0 R
0 1 0 1 R
0 2 0 2 R
0 3 0 3 R
0 4 0 4 R
0 5 0 5 R
0 6 0 6 R
0 7 0 7 R
0 8 0 8 R
0 9 0 9 U
0 10 0 10 U
0 11 0 11 U
0 12 0 12 U
0 13 0 13 U
0 14 0 14 U
0 15 0 15 U
0 16 0 16 U
0 17 0 17 D
0 18 0 18 D
0 19 0 19 D
0 20 0 20 D
0 21 0 21 D
0 22 0 22 D
0 23 0 23 D
0 24 0 24 D
0 25 0 25 L
0 26 0 26 L
0 27 0 27 L
0 28 0 28 L
0 29 0 29 L
0 30 0 30 L
0 31 0 31 L
0 32 0 32 L
0 33 0 33 L
1 0 0 9 U
1 1 0 25 L
1 2 0 11 U
1 3 0 26 L
1 4 0 27 L
1 5 0 20 D
1 6 0 23 D
1 7 0 16 U
1 8 0 17 D
1 9 0 17 D
1 10 0 25 L
1 11 0 1 R
1 12 0 19 D
1 13 0 19 D
1 14 0 27 L
1 15 0 5 R
1 16 0 29 L
1 17 0 0 R
1 18 0 10 U
1 19 1 2 R
1 20 0 4 R
1 21 0 14 U
1 22 0 15 U
1 23 0 5 R
1 24 0 28 L
1 25 0 17 D
1 26 0 9 U
1 27 0 13 U
1 28 0 21 D
1 29 2 22 D
1 30 0 23 D
1 31 0 2 R
1 32 5 10 U
1 33 0 5 R
2 0 0 18 D
2 1 2 1 R
2 2 1 12 U
2 3 2 3 R
2 4 0 14 U
2 5 0 28 L
2 6 0 30 L
2 7 1 7 R
2 8 1 8 R
2 9 1 9 U
2 10 0 0 R
2 11 0 26 L
2 12 0 2 R
2 13 2 13 U
2 14 0 28 L
2 15 0 6 R
2 16 1 16 U
2 17 0 2 R
2 18 1 18 D
2 19 0 3 R
2 20 1 20 D
2 21 1 21 D
2 22 1 22 D
2 23 0 7 R
2 24 1 24 D
2 25 2 18 D
2 26 0 12 U
2 27 0 20 D
2 28 0 22 D
2 29 1 29 L
2 30 2 13 U
2 31 4 31 L
2 32 7 32 L
2 33 6 33 L
3 0 3 0 R
3 1 4 1 R
3 2 0 13 U
3 3 5 12 U
3 4 5 4 R
3 5 5 5 R
3 6 7 6 R
3 7 1 21 D
3 8 2 8 R
3 9 1 6 R
3 10 1 25 L
3 11 2 11 U
3 12 0 30 L
3 13 1 27 L
3 14 2 14 U
3 15 5 0 R
3 16 1 8 R
3 17 0 26 L
3 18 0 29 L
3 19 1 29 L
3 20 0 1 R
3 21 1 3 R
3 22 0 14 U
3 23 0 2 R
3 24 6 24 D
3 25 2 10 U
3 26 1 26 L
3 27 3 19 D
3 28 2 11 U
3 29 0 16 U
3 30 6 30 L
3 31 3 18 D
3 32 6 32 L
3 33 13 33 L
4 0 1 0 R
4 1 3 1 R
4 2 0 12 U
4 3 0 17 D
4 4 0 24 D
4 5 4 5 R
4 6 0 9 U
4 7 4 7 R
4 8 3 8 R
4 9 0 18 D
4 10 3 0 R
4 11 3 1 R
4 12 1 21 D
4 13 2 0 R
4 14 2 8 R
4 15 3 15 U
4 16 6 8 R
4 17 2 17 D
4 18 0 25 L
4 19 0 2 R
4 20 2 20 D
4 21 0 26 L
4 22 5 22 D
4 23 7 23 D
4 24 7 24 D
4 25 2 25 L
4 26 2 26 L
4 27 1 27 L
4 28 2 28 L
4 29 2 2 R
4 30 4 4 R
4 31 1 31 L
4 32 2 32 L
4 33 12 33 L
5 0 2 25 L
5 1 3 17 D
5 2 6 2 R
5 3 4 3 R
5 4 6 11 U
5 5 5 19 D
5 6 1 6 R
5 7 5 7 R
5 8 0 21 D
5 9 4 9 U
5 10 2 1 R
5 11 1 11 U
5 12 2 30 L
5 13 3 13 U
5 14 4 14 U
5 15 6 15 U
5 16 2 16 U
5 17 2 2 R
5 18 6 0 R
5 19 5 19 D
5 20 0 27 L
5 21 3 21 D
5 22 6 22 D
5 23 2 23 D
5 24 4 24 D
5 25 0 8 R
5 26 4 26 L
5 27 0 23 D
5 28 5 28 L
5 29 2 29 L
5 30 2 30 L
5 31 3 31 L
5 32 5 32 L
5 33 15 33 L
6 0 2 0 R
6 1 1 20 D
6 2 4 10 U
6 3 6 3 R
6 4 7 14 U
6 5 6 5 R
6 6 8 6 R
6 7 11 7 R
6 8 0 22 D
6 9 3 8 R
6 10 4 10 U
6 11 0 5 R
6 12 9 4 R
6 13 1 13 U
6 14 0 31 L
6 15 2 8 R
6 16 6 16 U
6 17 0 11 U
6 18 4 18 D
6 19 3 19 D
6 20 0 2 R
6 21 5 21 D
6 22 2 26 L
6 23 4 23 D
6 24 8 24 D
6 25 4 10 U
6 26 0 18 D
6 27 6 27 L
6 28 6 28 L
6 29 3 29 L
6 30 3 30 L
6 31 2 31 L
6 32 10 17 D
6 33 2 33 L
7 0 0 20 D
7 1 0 16 U
7 2 0 15 U
7 3 6 24 D
7 4 10 4 R
7 5 3 5 R
7 6 10 6 R
7 7 6 7 R
7 8 8 8 R
7 9 6 6 R
7 10 6 0 R
7 11 3 3 R
7 12 9 12 U
7 13 0 3 R
7 14 9 14 U
7 15 5 28 L
7 16 4 16 U
7 17 5 31 L
7 18 3 1 R
7 19 0 13 U
7 20 2 25 L
7 21 7 25 L
7 22 8 22 D
7 23 3 26 L
7 24 6 31 L
7 25 0 19 D
7 26 1 10 U
7 27 5 27 L
7 28 0 15 U
7 29 0 10 U
7 30 4 30 L
7 31 4 20 D
7 32 8 32 L
7 33 10 33 L
8 0 5 28 L
8 1 6 18 D
8 2 3 13 U
8 3 7 3 R
8 4 10 17 D
8 5 2 5 R
8 6 5 6 R
8 7 2 7 R
8 8 4 8 R
8 9 5 9 U
8 10 7 22 D
8 11 5 11 U
8 12 5 12 U
8 13 2 3 R
8 14 7 24 D
8 15 7 15 U
8 16 7 0 R
8 17 5 1 R
8 18 3 29 L
8 19 5 15 U
8 20 7 0 R
8 21 4 21 D
8 22 2 22 D
8 23 5 23 D
8 24 0 11 U
8 25 3 11 U
8 26 8 21 D
8 27 6 21 D
8 28 9 28 L
8 29 0 4 R
8 30 12 17 D
8 31 5 31 L
8 32 9 32 L
8 33 7 15 U
9 0 9 10 U
9 1 5 23 D
9 2 0 19 D
9 3 8 3 R
9 4 12 4 R
9 5 9 18 D
9 6 3 14 U
9 7 0 18 D
9 8 9 19 D
9 9 7 9 U
9 10 8 2 R
9 11 3 11 U
9 12 8 12 U
9 13 5 7 R
9 14 2 6 R
9 15 9 15 U
9 16 7 16 U
9 17 5 27 L
9 18 5 18 D
9 19 4 32 L
9 20 5 26 L
9 21 2 21 D
9 22 7 8 R
9 23 4 12 U
9 24 2 24 D
9 25 8 18 D
9 26 9 26 L
9 27 10 27 L
9 28 8 17 D
9 29 0 17 D
9 30 12 30 L
9 31 9 31 L
9 32 9 18 D
9 33 7 19 D
10 0 6 12 U
10 1 5 14 U
10 2 10 19 D
10 3 0 28 L
10 4 8 4 R
10 5 12 5 R
10 6 6 18 D
10 7 14 7 R
10 9 0 32 L
10 10 2 25 L
10 11 8 11 U
10 12 7 12 U
10 13 5 13 U
10 14 12 5 R
10 15 8 20 D
10 16 10 16 U
10 17 9 25 L
10 18 6 18 D
10 19 5 4 R
10 20 12 26 L
10 21 3 6 R
10 22 5 25 L
10 23 14 2 R
10 24 10 24 D
10 25 5 15 U
10 26 6 10 U
10 27 2 16 U
10 28 7 28 L
10 29 13 29 L
10 30 7 30 L
10 31 10 31 L
10 32 1 32 L
10 33 20 33 L
11 0 9 9 U
11 1 7 13 U
11 2 14 2 R
11 3 9 13 U
11 4 4 4 R
11 5 1 24 D
11 6 6 6 R
11 7 15 7 R
11 9 3 9 U
11 10 5 10 U
11 11 9 28 L
11 12 9 32 L
11 13 7 13 U
11 14 3 32 L
11 15 11 5 R
11 16 5 16 U
11 17 0 12 U
11 18 4 0 R
11 19 12 4 R
11 20 9 20 D
11 21 3 1 R
11 22 0 31 L
11 23 14 23 D
11 24 10 27 L
11 25 6 18 D
11 26 4 24 D
11 27 11 22 D
11 28 0 1 R
11 29 15 29 L
11 30 11 30 L
11 31 14 17 D
11 32 12 13 U
11 33 19 33 L
12 0 6 20 D
12 1 8 17 D
12 2 9 2 R
12 3 9 3 R
12 4 2 4 R
12 5 11 5 R
12 6 18 17 D
12 7 4 23 D
12 9 8 9 U
12 10 9 10 U
12 11 0 4 R
12 12 10 12 U
12 13 11 13 U
12 14 0 26 L
12 15 11 24 D
12 16 8 16 U
12 17 0 30 L
12 18 7 1 R
12 19 11 19 D
12 20 10 20 D
12 21 11 27 L
12 22 11 3 R
12 23 9 23 D
12 24 9 24 D
12 25 7 10 U
12 26 0 14 U
12 27 10 14 U
12 28 11 28 L
12 29 11 29 L
12 30 10 30 L
12 31 14 31 L
12 32 11 32 L
12 33 21 21 D
13 0 12 0 R
13 1 13 22 D
13 2 13 2 R
13 3 8 32 L
13 4 0 21 D
13 5 15 5 R
13 6 3 6 R
13 7 9 14 U
13 9 9 22 D
13 10 10 30 L
13 11 5 25 L
13 12 13 1 R
13 13 6 22 D
13 14 12 14 U
13 15 14 15 U
13 16 12 0 R
13 17 9 11 U
13 18 0 3 R
13 19 12 27 L
13 20 12 0 R
13 21 0 28 L
13 22 7 22 D
13 23 13 23 D
13 24 10 29 L
13 25 8 20 D
13 26 13 19 D
13 27 12 18 D
13 28 3 28 L
13 29 13 14 U
13 30 1 9 U
13 31 13 31 L
13 32 7 16 U
13 33 11 33 L
14 0 13 0 R
14 1 16 19 D
14 2 3 31 L
14 3 3 16 U
14 4 9 17 D
14 5 8 5 R
14 6 14 6 R
14 7 13 7 R
14 9 12 9 U
14 10 0 4 R
14 11 14 5 R
14 12 11 12 U
14 13 14 33 L
14 14 6 14 U
14 15 12 15 U
14 16 9 8 R
14 17 10 3 R
14 18 0 11 U
14 19 12 19 D
14 20 4 30 L
14 21 17 1 R
14 22 8 5 R
14 23 5 30 L
14 24 12 24 D
14 25 13 9 U
14 26 7 26 L
14 27 8 27 L
14 28 8 12 U
14 29 15 7 R
14 30 0 7 R
14 31 12 31 L
14 32 10 32 L
14 33 18 33 L
15 0 12 18 D
15 1 17 1 R
15 2 17 2 R
15 3 16 13 U
15 4 13 4 R
15 5 6 19 D
15 6 13 6 R
15 7 12 7 R
15 9 10 28 L
15 10 11 10 U
15 11 7 7 R
15 12 13 12 U
15 13 7 27 L
15 14 5 14 U
15 15 13 15 U
15 16 14 16 U
15 17 13 17 D
15 18 15 18 D
15 19 5 6 R
15 20 15 10 U
15 21 18 21 D
15 22 6 6 R
15 23 3 0 R
15 24 4 25 L
15 25 6 11 U
15 26 15 26 L
15 27 15 14 U
15 28 4 13 U
15 29 14 20 D
15 30 12 9 U
15 31 9 18 D
15 32 3 32 L
15 33 21 16 U
16 0 13 15 U
16 1 16 1 R
16 2 10 2 R
16 3 5 3 R
16 4 11 4 R
16 5 11 29 L
16 6 20 31 L
16 7 14 29 L
16 9 10 24 D
16 10 16 6 R
16 11 7 4 R
16 12 12 25 L
16 13 13 32 L
16 14 15 25 L
16 15 7 30 L
16 16 19 29 L
16 17 3 10 U
16 18 2 29 L
16 19 11 2 R
16 20 11 20 D
16 21 17 21 D
16 22 19 22 D
16 23 10 23 D
16 24 19 32 L
16 25 6 5 R
16 26 12 26 L
16 27 13 27 L
16 28 11 21 D
16 29 18 2 R
16 30 0 0 R
16 31 12 11 U
16 32 16 21 D
17 0 14 17 D
17 1 15 13 U
17 2 13 17 D
17 3 16 3 R
17 4 3 22 D
17 5 9 5 R
17 6 21 6 R
17 7 17 7 R
17 9 13 9 U
17 10 17 10 U
17 11 12 11 U
17 12 12 12 U
17 13 13 13 U
17 14 10 14 U
17 15 8 15 U
17 16 20 16 U
17 17 18 17 D
17 18 16 2 R
17 19 7 26 L
17 20 17 20 D
17 21 18 31 L
17 22 20 22 D
17 23 18 33 L
17 24 17 24 D
17 25 14 18 D
17 26 14 26 L
17 27 18 13 U
17 29 20 29 L
17 30 16 30 L
17 31 11 31 L
17 32 17 32 L
18 0 5 18 D
18 1 9 1 R
18 2 14 14 U
18 3 5 10 U
18 4 15 15 U
18 5 18 18 D
18 6 20 6 R
18 7 22 7 R
18 9 14 25 L
18 10 3 30 L
18 11 9 33 L
18 12 0 17 D
18 13 15 13 U
18 14 15 14 U
18 15 0 0 R
18 16 19 16 U
18 17 9 30 L
18 18 7 11 U
18 19 4 19 D
18 20 16 20 D
18 21 19 21 D
18 22 5 1 R
18 23 17 23 D
18 24 15 24 D
18 25 5 19 D
18 26 11 23 D
18 27 21 27 L
18 29 15 22 D
18 30 17 30 L
18 31 22 14 U
18 32 0 1 R
19 0 2 9 U
19 1 10 20 D
19 2 12 21 D
19 3 15 18 D
19 4 19 23 D
19 5 19 22 D
19 6 2 24 D
19 7 20 7 R
19 9 16 1 R
19 10 8 27 L
19 11 20 2 R
19 12 20 12 U
19 13 18 13 U
19 14 18 14 U
19 15 17 0 R
19 16 16 16 U
19 17 17 3 R
19 18 9 4 R
19 19 1 3 R
19 20 17 29 L
19 21 13 21 D
19 22 9 22 D
19 23 19 4 R
19 24 19 24 D
19 25 16 16 U
19 26 6 9 U
19 27 18 27 L
19 29 18 29 L
19 30 13 9 U
19 31 0 10 U
19 32 20 32 L
20 0 12 12 U
20 1 11 1 R
20 2 8 2 R
20 3 16 16 U
20 4 17 4 R
20 5 20 5 R
20 6 16 6 R
20 7 18 7 R
20 9 12 19 D
20 10 0 23 D
20 11 19 11 U
20 12 4 20 D
20 13 7 25 L
20 14 16 30 L
20 15 16 15 U
20 16 18 3 R
20 17 13 30 L
20 18 3 18 D
20 19 8 19 D
20 20 18 20 D
20 21 16 21 D
20 22 21 30 L
20 23 14 1 R
20 24 18 24 D
20 25 16 10 U
20 26 5 26 L
20 27 22 17 D
20 29 19 10 U
20 30 18 30 L
20 31 22 31 L
20 32 22 32 L
21 0 17 18 D
21 1 21 1 R
21 2 20 16 U
21 3 8 16 U
21 4 3 4 R
21 5 16 31 L
21 6 18 6 R
21 7 21 17 D
21 9 18 25 L
21 10 0 6 R
21 11 10 11 U
21 12 21 12 U
21 13 19 29 L
21 14 13 4 R
21 15 0 7 R
21 16 0 24 D
21 17 15 12 U
21 18 15 9 U
21 19 9 19 D
21 20 9 5 R
21 21 0 15 U
21 22 16 12 U
21 23 15 23 D
21 24 21 33 L
21 25 23 11 U
21 26 16 0 R
21 27 24 20 D
21 29 16 22 D
21 30 17 13 U
21 31 16 31 L
21 32 19 32 L
22 0 22 9 U
22 1 15 11 U
22 2 19 2 R
22 3 18 21 D
22 4 19 4 R
22 6 19 6 R
22 7 23 7 R
22 9 19 6 R
22 10 10 10 U
22 11 11 11 U
22 12 14 12 U
22 13 21 0 R
22 14 20 14 U
22 15 24 15 U
22 16 19 7 R
22 17 17 33 L
22 18 11 18 D
22 19 15 19 D
22 20 22 31 L
22 21 17 0 R
22 22 25 22 D
22 23 21 23 D
22 24 11 24 D
22 25 19 17 D
22 26 21 13 U
22 27 24 27 L
22 29 19 16 U
22 30 20 19 D
22 31 14 22 D
22 32 14 32 L
23 0 14 23 D
23 1 9 25 L
23 2 11 2 R
23 3 1 3 R
23 4 23 22 D
23 6 15 6 R
23 9 16 25 L
23 10 15 10 U
23 11 0 21 D
23 12 17 25 L
23 13 22 13 U
23 14 9 27 L
23 15 19 15 U
23 16 17 20 D
23 17 17 16 U
23 18 21 18 D
23 19 10 25 L
23 20 0 10 U
23 21 22 21 D
23 22 19 11 U
23 23 19 23 D
23 24 13 31 L
23 25 14 14 U
23 29 25 22 D
23 31 22 9 U
23 32 16 19 D
24 0 23 23 D
24 1 25 1 R
24 3 3 14 U
24 4 24 4 R
24 6 23 17 D
24 9 16 27 L
24 10 20 6 R
24 11 24 24 D
24 12 18 12 U
24 13 23 26 L
24 15 10 15 U
24 16 18 16 U
24 17 22 32 L
24 18 8 9 U
24 19 6 19 D
24 20 23 20 D
24 21 18 26 L
24 22 23 3 R
24 23 20 4 R
24 24 22 5 R
24 25 17 25 L
25 0 17 0 R
25 3 23 3 R
25 4 21 4 R
25 6 16 18 D
25 9 24 26 L
25 10 2 10 U
25 11 17 11 U
25 12 17 12 U
25 13 23 13 U
25 16 17 16 U
25 17 12 3 R
25 18 23 18 D
25 19 13 19 D
25 20 25 20 D
25 21 24 21 D
25 23 22 23 D
25 25 15 15 U

