23 24 474
0 0 16 20 0 19 0 0 18 4 0 0 0 0 8
0 17 0 18 19 0 20 0 8 9 18 0 0 0 20
9 1 15 14 0 12 2 11 6 1 7 2 1 15 8
0 14 0 18 15 0 19 13 18 0 0 0 0 0 3
16 10 0 21 7 0 0 0 13 20 0 12 0 17 0
10 0 14 0 0 21 0 0 0 0 0 17 11 0 3
0 0 2 11 0 0 16 0 0 0 8 12 0 0 0
18 3 0 20 21 0 0 4 0 0 0 22 0 14 0
8 3 2 0 4 19 22 12 0 11 0 0 21 20 19
19 20 20 19 15 20 19 0 0 0 0 0 0 0 18
10 0 19 0 0 1 20 19 0 0 13 0 0 14 0
0 2 3 17 0 0 9 15 0 0 14 1 4 0 0
4 5 15 7 0 0 5 14 1 11 7 17 2 4 0
0 7 9 10 0 19 0 0 0 0 11 0 0 9 0
7 0 6 4 0 17 6 6 0 15 3 5 0 0 4
0 0 0 0 R
0 1 0 1 R
0 2 0 2 R
0 3 0 3 R
0 4 0 4 R
0 5 0 5 R
0 6 0 6 U
0 7 0 7 U
0 8 0 8 U
0 9 0 9 U
0 10 0 10 U
0 11 0 11 U
0 12 0 12 D
0 13 0 13 D
0 14 0 14 D
0 15 0 15 D
0 16 0 16 D
0 17 0 17 D
0 18 0 18 L
0 19 0 19 L
0 20 0 20 L
0 21 0 21 L
0 22 0 22 L
0 23 0 23 L
1 0 0 20 L
1 1 16 1 R
1 2 2 2 R
1 3 12 3 R
1 4 11 4 R
1 5 2 5 R
1 6 0 1 R
1 7 11 23 L
1 8 7 3 R
1 9 9 2 R
1 10 7 10 U
1 11 3 11 U
1 12 0 1 R
1 13 4 3 R
1 14 12 3 R
1 15 12 1 R
1 16 7 16 D
1 17 13 17 D
1 18 6 14 D
1 19 0 15 D
1 20 5 13 D
1 21 10 21 L
1 22 5 3 R
1 23 19 23 L
2 0 11 6 U
2 1 4 12 D
2 2 6 13 D
2 3 6 3 R
2 4 11 8 U
2 5 6 5 R
2 6 6 19 L
2 7 8 7 U
2 8 3 8 U
2 9 8 9 U
2 10 15 10 U
2 11 5 5 R
2 12 9 22 L
2 13 10 13 D
2 14 8 14 D
2 15 1 15 D
2 16 14 16 D
2 17 6 17 D
2 18 0 2 R
2 19 3 19 L
2 20 13 7 U
2 21 1 21 L
2 22 4 22 L
2 23 18 23 L
3 0 0 16 D
3 1 16 14 D
3 2 9 2 R
3 3 17 3 R
3 4 7 4 R
3 5 6 20 L
3 6 8 19 L
3 7 10 5 R
3 8 5 8 U
3 9 9 1 R
3 10 5 10 U
3 11 5 11 U
3 12 0 9 U
3 13 17 13 D
3 14 16 14 D
3 15 11 4 R
3 16 5 4 R
3 17 4 5 R
3 18 1 17 D
3 19 9 13 D
3 20 12 16 D
3 21 2 21 L
3 22 0 16 D
3 23 7 11 U
4 0 18 0 R
4 1 8 12 D
4 2 9 2 R
4 3 12 3 R
4 4 0 23 L
4 5 0 22 L
4 6 12 3 R
4 7 0 22 L
4 8 11 20 L
4 9 15 21 L
4 10 8 19 L
4 11 0 12 D
4 12 0 10 U
4 13 10 0 R
4 14 8 14 D
4 15 1 3 R
4 16 0 6 U
4 17 11 4 R
4 18 15 2 R
4 19 12 19 L
4 20 9 20 L
4 21 10 9 U
4 22 2 22 L
4 23 2 23 L
5 0 0 6 U
5 1 7 14 D
5 2 12 10 U
5 3 0 20 L
5 4 11 4 R
5 5 2 11 U
5 6 11 6 U
5 7 0 2 R
5 8 9 21 L
5 9 8 9 U
5 10 8 10 U
5 11 3 11 U
5 12 6 0 R
5 13 8 13 D
5 14 3 14 D
5 15 8 15 D
5 16 8 16 D
5 17 7 17 D
5 18 8 9 U
5 19 14 14 D
5 20 16 15 D
5 21 0 14 D
5 22 6 22 L
5 23 13 23 L
6 0 4 13 D
6 1 0 8 U
6 2 0 7 U
6 3 4 3 R
6 4 11 18 L
6 5 13 5 R
6 6 0 12 D
6 7 0 5 R
6 8 9 1 R
6 9 0 18 L
6 10 9 17 D
6 11 2 11 U
6 12 8 5 R
6 13 11 18 L
6 14 11 21 L
6 15 7 15 D
6 16 15 16 D
6 17 0 11 U
6 18 4 13 D
6 19 0 1 R
6 20 4 20 L
6 21 4 21 L
6 22 15 22 L
6 23 5 6 U
7 0 0 12 D
7 1 17 11 U
7 2 9 2 R
7 3 8 15 D
7 4 2 4 R
7 5 2 5 R
7 6 4 3 R
7 7 0 0 R
7 8 8 18 L
7 9 10 9 U
7 10 16 22 L
7 11 1 2 R
7 12 2 12 D
7 13 0 7 U
7 14 2 18 L
7 15 4 23 L
7 16 0 0 R
7 17 5 17 D
7 18 13 6 U
7 19 0 13 D
7 20 3 11 U
7 21 3 8 U
7 22 8 12 D
7 23 8 8 U
8 0 4 14 D
8 1 3 13 D
8 2 0 9 U
8 3 6 10 U
8 4 15 12 D
8 5 6 5 R
8 6 7 18 L
8 7 2 7 U
8 8 7 21 L
8 9 13 2 R
8 10 3 19 L
8 11 5 20 L
8 12 12 20 L
8 13 2 13 D
8 14 1 14 D
8 15 3 15 D
8 16 0 4 R
8 17 14 20 L
8 18 0 0 R
8 19 1 17 D
8 20 6 12 D
8 21 2 12 D
8 22 3 22 L
8 23 14 7 U
9 0 7 8 U
9 1 12 7 U
9 2 0 19 L
9 3 5 13 D
9 4 11 4 R
9 5 4 5 R
9 6 8 22 L
9 7 2 7 U
9 8 1 16 D
9 9 3 3 R
9 10 3 0 R
9 11 10 22 L
9 12 14 18 L
9 13 0 20 L
9 14 0 2 R
9 15 5 19 L
9 16 10 1 R
9 17 13 17 D
9 18 0 6 U
9 19 0 12 D
9 20 13 10 U
9 21 5 21 L
9 22 4 22 L
9 23 1 23 L
10 0 3 11 U
10 1 1 15 D
10 2 5 16 D
10 3 6 3 R
10 4 5 4 R
10 5 4 5 R
10 6 5 18 L
10 7 13 0 R
10 8 4 8 U
10 9 2 9 U
10 10 9 5 R
10 11 12 4 R
10 12 11 4 R
10 13 17 1 R
10 14 14 2 R
10 15 0 2 R
10 16 7 23 L
10 17 11 23 L
10 18 0 7 U
10 19 11 9 U
10 20 2 20 L
10 21 12 6 U
10 22 7 13 D
10 23 1 23 L
11 0 4 6 U
11 1 0 18 L
11 2 8 2 R
11 3 0 12 D
11 4 5 11 U
11 5 3 12 D
11 6 14 0 R
11 7 12 7 U
11 8 9 8 U
11 9 3 2 R
11 10 19 18 L
11 11 9 11 U
11 12 0 18 L
11 13 16 20 L
11 14 2 14 D
11 15 0 19 L
11 17 10 21 L
11 18 0 16 D
11 19 7 19 L
11 20 6 20 L
11 21 17 7 U
11 22 1 22 L
11 23 1 23 L
12 0 9 6 U
12 1 1 1 R
12 2 0 11 U
12 3 2 3 R
12 4 6 4 R
12 5 6 5 R
12 6 1 6 U
12 7 7 0 R
12 8 8 8 U
12 9 7 9 U
12 10 18 1 R
12 11 2 18 L
12 12 2 19 L
12 13 14 2 R
12 14 11 14 D
12 15 14 15 D
12 17 11 17 D
12 18 11 16 D
12 19 2 14 D
12 20 0 8 U
12 21 6 21 L
12 22 15 1 R
12 23 7 12 D
13 0 16 16 D
13 1 3 1 R
13 2 7 2 R
13 3 11 21 L
13 4 4 4 R
13 5 1 5 R
13 6 15 5 R
13 7 3 1 R
13 8 3 1 R
13 9 19 18 L
13 10 3 10 U
13 11 5 11 U
13 12 9 18 L
13 14 2 14 D
13 15 4 0 R
13 17 1 17 D
13 18 2 15 D
13 19 5 16 D
13 20 8 1 R
13 21 10 17 D
13 22 1 22 L
13 23 5 15 D
14 0 6 0 R
14 1 7 1 R
14 2 8 7 U
14 3 4 3 R
14 4 9 23 L
14 5 8 8 U
14 6 4 20 L
14 7 1 7 U
14 8 18 8 U
14 9 5 9 U
14 10 16 3 R
14 11 9 11 U
14 12 12 12 D
14 13 4 1 R
14 14 8 0 R
14 15 3 15 D
14 16 15 18 L
14 17 13 17 D
14 18 11 18 L
14 19 0 10 U
14 20 18 5 R
14 21 13 17 D
14 22 0 6 U
14 23 2 23 L
15 0 12 13 D
15 1 0 19 L
15 2 2 2 R
15 3 0 21 L
15 4 5 8 U
15 5 2 5 R
15 6 16 4 R
15 7 9 14 D
15 8 5 8 U
15 9 0 21 L
15 10 12 2 R
15 11 6 11 U
15 12 16 12 D
15 13 3 10 U
15 14 17 14 D
15 15 5 15 D
15 17 2 17 D
15 18 1 12 D
15 19 1 19 L
15 20 7 20 L
15 21 0 3 R
15 22 5 13 D
15 23 2 10 U
16 0 17 0 R
16 1 1 16 D
16 2 17 6 U
16 3 17 17 D
16 4 5 4 R
16 5 7 10 U
16 6 0 4 R
16 7 3 7 U
16 8 17 18 L
16 9 9 9 U
16 10 1 10 U
16 12 11 23 L
16 14 3 18 L
16 15 5 15 D
16 16 7 16 D
16 17 5 17 D
16 18 4 18 L
16 19 3 19 L
16 20 6 20 L
16 21 2 21 L
16 22 17 13 D
16 23 9 14 D
17 0 0 13 D
17 1 0 9 U
17 2 3 9 U
17 3 12 3 R
17 4 10 7 U
17 5 2 5 R
17 6 8 6 U
17 7 18 19 L
17 8 5 8 U
17 9 14 2 R
17 10 18 10 U
17 11 10 18 L
17 12 0 21 L
17 13 7 13 D
17 14 11 19 L
17 15 16 1 R
17 17 0 9 U
17 18 4 6 U
17 19 0 4 R
17 20 10 15 D
17 21 12 7 U
17 22 0 3 R
17 23 3 23 L
18 0 11 0 R
18 1 0 15 D
18 2 5 2 R
18 3 4 21 L
18 4 9 17 D
18 5 1 5 R
18 6 13 1 R
18 7 5 7 U
18 9 16 9 U
18 12 7 1 R
18 13 17 22 L
18 14 7 14 D
18 17 15 17 D
18 18 5 18 L
18 19 1 19 L
18 20 6 20 L
18 21 16 10 U
18 22 2 22 L
19 0 4 0 R
19 1 1 1 R
19 2 0 8 U
19 3 12 3 R
19 4 5 4 R
19 6 9 23 L
19 7 0 3 R
19 12 4 1 R
19 14 14 18 L
19 15 18 2 R
19 17 7 17 D
19 18 18 10 U
19 19 2 15 D
19 20 6 20 L
19 21 2 21 L
19 22 4 22 L
20 0 2 0 R
20 2 17 17 D
20 3 9 3 R
20 4 0 19 L
20 7 19 21 L
20 14 2 14 D
20 18 19 6 U
20 19 13 10 U
20 20 16 12 D
20 22 4 22 L
21 2 4 2 R
21 3 14 15 D
21 4 4 4 R
21 20 6 20 L
22 2 4 2 R
22 20 15 20 L

