26 25 529
16 0 17 0 0 21 4 13 0 0 12 0 0 0 17
20 0 11 0 20 12 21 0 0 0 0 12 5 15 0
0 0 0 0 0 0 0 0 18 0 16 0 11 3 0
0 0 0 0 0 0 16 18 20 0 22 19 0 3 0
19 0 19 0 5 0 0 0 20 19 0 16 1 0 23
8 0 0 11 20 0 0 0 11 0 3 0 18 16 0
0 2 17 0 10 0 0 0 0 18 0 7 0 16 21
22 7 0 3 8 0 0 20 11 20 0 0 0 0 0
12 0 1 11 10 0 15 0 0 1 18 0 0 18 0
10 9 0 14 0 0 11 1 18 0 3 19 0 0 0
21 23 0 0 22 16 8 0 8 0 0 0 19 0 8
0 0 0 0 16 8 23 12 0 14 0 0 0 15 22
0 12 7 0 0 6 1 0 0 0 14 4 0 0 1
0 1 0 0 0 14 13 0 22 15 6 0 0 0 5
15 0 15 0 0 0 1 0 6 1 7 0 13 13 9
0 0 0 0 R
0 1 0 1 R
0 2 0 2 R
0 3 0 3 R
0 4 0 4 R
0 5 0 5 R
0 6 0 6 U
0 7 0 7 U
0 8 0 8 U
0 9 0 9 U
0 10 0 10 U
0 11 0 11 U
0 12 0 12 U
0 13 0 13 D
0 14 0 14 D
0 15 0 15 D
0 16 0 16 D
0 17 0 17 D
0 18 0 18 D
0 19 0 19 L
0 20 0 20 L
0 21 0 21 L
0 22 0 22 L
0 23 0 23 L
0 24 0 24 L
1 0 0 18 D
1 1 16 7 U
1 2 0 17 D
1 3 7 14 D
1 4 17 13 D
1 5 6 23 L
1 6 0 20 L
1 7 14 7 U
1 8 14 22 L
1 9 9 9 U
1 10 14 13 D
1 11 16 11 U
1 12 10 2 R
1 13 0 19 L
1 14 3 14 D
1 15 0 6 U
1 16 3 19 L
1 17 8 5 R
1 18 7 18 D
1 19 4 10 U
1 20 6 16 D
1 21 8 12 U
1 22 21 11 U
1 23 5 23 L
1 24 12 6 U
2 0 0 13 D
2 1 21 10 U
2 2 0 21 L
2 3 13 7 U
2 4 1 4 R
2 5 10 5 R
2 6 5 19 L
2 7 12 1 R
2 8 1 8 U
2 9 8 4 R
2 10 16 23 L
2 11 5 20 L
2 12 5 12 U
2 13 12 1 R
2 14 18 3 R
2 15 0 5 R
2 16 8 16 D
2 17 6 2 R
2 18 10 19 L
2 19 9 13 D
2 20 9 13 D
2 21 5 21 L
2 22 17 17 D
2 23 0 5 R
2 24 4 24 L
3 0 0 15 D
3 1 0 6 U
3 2 6 2 R
3 3 2 3 R
3 4 2 4 R
3 5 11 9 U
3 6 10 19 L
3 7 10 3 R
3 8 0 2 R
3 9 9 24 L
3 10 4 1 R
3 11 10 2 R
3 12 1 12 U
3 13 1 4 R
3 14 16 5 R
3 15 0 21 L
3 16 1 16 D
3 17 0 2 R
3 18 5 18 D
3 19 0 7 U
3 20 7 16 D
3 21 1 7 U
3 22 6 8 U
3 23 9 16 D
3 24 5 24 L
4 0 2 13 D
4 1 2 19 L
4 2 1 15 D
4 3 11 11 U
4 4 10 4 R
4 5 6 5 R
4 6 18 0 R
4 7 0 1 R
4 8 12 19 L
4 9 10 9 U
4 10 1 24 L
4 11 0 24 L
4 12 11 0 R
4 13 14 19 L
4 14 0 9 U
4 15 8 15 D
4 16 14 22 L
4 17 7 17 D
4 18 22 18 D
4 19 11 13 D
4 20 0 10 U
4 21 12 11 U
4 22 9 16 D
4 23 18 14 D
4 24 6 24 L
5 0 7 13 D
5 1 0 9 U
5 2 10 7 U
5 3 1 18 D
5 4 1 7 U
5 5 2 14 D
5 6 0 13 D
5 7 1 21 L
5 8 11 23 L
5 9 22 22 L
5 10 1 17 D
5 11 2 11 U
5 12 1 12 U
5 13 14 5 R
5 14 9 3 R
5 15 15 2 R
5 16 0 9 U
5 17 12 17 D
5 18 7 2 R
5 19 4 15 D
5 20 9 16 D
5 21 4 21 L
5 22 7 13 D
5 23 19 15 D
5 24 3 10 U
6 0 1 12 U
6 1 1 19 L
6 2 3 19 L
6 3 0 19 L
6 4 2 4 R
6 5 3 16 D
6 6 11 21 L
6 7 7 2 R
6 8 0 15 D
6 9 16 16 D
6 10 9 10 U
6 11 5 0 R
6 12 0 2 R
6 13 2 21 L
6 14 0 1 R
6 15 1 20 L
6 16 7 16 D
6 17 18 17 D
6 18 5 18 D
6 19 4 19 L
6 20 12 16 D
6 21 2 21 L
6 22 13 22 L
6 23 3 23 L
6 24 13 24 L
7 0 14 15 D
7 1 2 16 D
7 2 8 23 L
7 3 10 10 U
7 4 3 15 D
7 5 10 5 R
7 6 3 20 L
7 7 2 0 R
7 8 3 22 L
7 9 5 9 U
7 10 11 10 U
7 11 3 11 U
7 12 6 12 U
7 13 14 4 R
7 14 1 14 D
7 15 3 15 D
7 16 5 16 D
7 17 10 19 L
7 18 3 3 R
7 19 12 14 D
7 20 3 11 U
7 21 10 18 D
7 22 2 7 U
7 23 12 18 D
7 24 15 24 L
8 0 19 6 U
8 1 4 7 U
8 2 4 17 D
8 3 0 15 D
8 4 6 6 U
8 5 5 5 R
8 6 12 0 R
8 7 4 7 U
8 8 17 8 U
8 9 6 9 U
8 10 1 10 U
8 11 9 0 R
8 12 12 12 U
8 13 12 2 R
8 14 9 21 L
8 15 2 15 D
8 16 7 0 R
8 17 0 8 U
8 18 2 18 D
8 19 12 17 D
8 20 6 15 D
8 21 10 16 D
8 22 10 22 L
8 23 15 8 U
8 24 13 14 D
9 0 4 9 U
9 1 21 15 D
9 2 10 12 U
9 3 5 14 D
9 4 6 4 R
9 5 3 14 D
9 6 0 0 R
9 7 8 1 R
9 8 2 0 R
9 9 5 1 R
9 10 11 4 R
9 11 6 0 R
9 12 8 1 R
9 13 0 0 R
9 14 0 20 L
9 15 2 1 R
9 16 5 10 U
9 17 5 22 L
9 18 11 22 L
9 19 0 8 U
9 20 12 18 D
9 21 0 6 U
9 22 8 6 U
9 23 17 23 L
9 24 7 11 U
10 0 1 13 D
10 1 20 10 U
10 2 0 11 U
10 3 21 3 R
10 4 19 11 U
10 5 3 23 L
10 6 13 24 L
10 7 5 5 R
10 8 4 4 R
10 9 4 2 R
10 10 1 22 L
10 11 5 5 R
10 12 22 2 R
10 13 21 11 U
10 14 12 4 R
10 15 0 4 R
10 16 19 16 D
10 17 5 20 L
10 18 12 23 L
10 19 0 1 R
10 20 0 9 U
10 21 0 15 D
10 22 7 17 D
10 23 4 23 L
10 24 12 24 L
11 0 1 10 U
11 1 3 9 U
11 2 22 10 U
11 3 8 17 D
11 4 18 6 U
11 5 10 5 R
11 6 5 20 L
11 7 7 0 R
11 8 1 1 R
11 9 3 9 U
11 10 4 10 U
11 11 10 11 U
11 12 3 12 U
11 13 6 24 L
11 14 13 23 L
11 15 6 15 D
11 16 19 21 L
11 17 4 17 D
11 18 1 18 D
11 19 0 14 D
11 20 21 20 L
11 21 15 21 L
11 22 18 14 D
11 23 17 23 L
11 24 15 24 L
12 0 3 18 D
12 1 11 11 U
12 2 9 12 U
12 3 6 6 U
12 4 11 4 R
12 5 5 14 D
12 6 18 6 U
12 7 9 14 D
12 8 9 20 L
12 9 10 0 R
12 10 19 2 R
12 11 3 3 R
12 12 7 4 R
12 13 9 1 R
12 14 7 22 L
12 15 18 22 L
12 16 11 16 D
12 17 2 17 D
12 18 16 18 D
12 19 9 15 D
12 20 2 6 U
12 21 3 11 U
12 23 5 6 U
12 24 5 8 U
13 0 18 8 U
13 1 3 6 U
13 2 15 8 U
13 3 17 15 D
13 4 6 4 R
13 5 2 5 R
13 6 0 23 L
13 7 0 17 D
13 8 16 3 R
13 9 0 5 R
13 10 15 22 L
13 11 19 22 L
13 12 14 24 L
13 13 9 24 L
13 14 7 8 U
13 15 20 15 D
13 16 14 1 R
13 18 17 9 U
13 19 0 0 R
13 20 0 12 U
13 21 8 18 D
13 23 3 13 D
13 24 4 24 L
14 0 0 12 U
14 1 8 1 R
14 2 11 15 D
14 3 9 23 L
14 4 0 7 U
14 5 13 17 D
14 6 15 20 L
14 7 19 7 U
14 9 4 19 L
14 10 8 10 U
14 11 16 24 L
14 12 4 12 U
14 13 8 13 D
14 14 2 14 D
14 15 3 15 D
14 16 15 2 R
14 17 8 17 D
14 18 7 12 U
14 19 0 2 R
14 20 8 6 U
14 21 5 8 U
14 22 5 6 U
14 23 10 8 U
14 24 4 24 L
15 0 14 16 D
15 1 16 11 U
15 2 17 2 R
15 3 11 3 R
15 4 1 8 U
15 5 6 7 U
15 6 2 4 R
15 7 18 23 L
15 8 8 8 U
15 9 4 9 U
15 10 1 10 U
15 11 3 2 R
15 12 0 14 D
15 13 3 13 D
15 14 16 1 R
15 15 11 5 R
15 16 6 19 L
15 18 19 11 U
15 19 17 9 U
15 20 7 7 U
15 21 17 6 U
15 23 8 7 U
15 24 17 8 U
16 0 11 22 L
16 1 2 14 D
16 2 21 6 U
16 3 12 18 D
16 4 0 20 L
16 5 9 12 U
16 6 17 21 L
16 7 8 0 R
16 9 2 20 L
16 10 14 10 U
16 11 14 11 U
16 12 0 16 D
16 13 18 13 D
16 14 0 7 U
16 15 3 24 L
16 16 1 19 L
16 17 12 20 L
16 18 7 18 D
16 19 8 19 L
16 20 15 14 D
16 21 7 21 L
16 22 20 8 U
16 23 5 12 U
16 24 18 12 U
17 0 11 0 R
17 2 11 2 R
17 3 6 13 D
17 4 16 13 D
17 5 10 5 R
17 6 7 20 L
17 7 7 20 L
17 8 16 2 R
17 9 24 23 L
17 10 4 16 D
17 11 8 4 R
17 12 6 5 R
17 13 15 3 R
17 14 13 7 U
17 15 12 20 L
17 16 1 3 R
17 17 15 1 R
17 18 8 18 D
17 19 5 11 U
17 20 12 13 D
17 21 13 21 L
17 23 2 2 R
17 24 0 17 D
18 0 8 13 D
18 1 10 12 U
18 2 10 21 L
18 3 25 20 L
18 4 17 12 U
18 5 3 20 L
18 6 5 4 R
18 7 2 1 R
18 8 14 8 U
18 9 4 0 R
18 10 6 10 U
18 11 6 21 L
18 12 13 3 R
18 13 10 22 L
18 14 17 22 L
18 15 19 23 L
18 16 15 19 L
18 17 20 3 R
18 18 7 18 D
18 19 4 4 R
18 20 5 8 U
18 21 15 15 D
18 23 12 12 U
19 1 7 9 U
19 2 6 2 R
19 3 1 10 U
19 4 18 11 U
19 5 4 7 U
19 6 11 5 R
19 7 14 20 L
19 9 0 0 R
19 10 1 19 L
19 11 7 11 U
19 12 11 12 U
19 13 15 8 U
19 14 6 0 R
19 15 12 24 L
19 16 15 21 L
19 18 14 20 L
19 19 1 12 U
19 20 4 15 D
19 21 2 13 D
19 22 4 22 L
20 1 11 9 U
20 2 0 7 U
20 4 3 8 U
20 5 8 5 R
20 6 3 1 R
20 7 15 19 L
20 10 8 10 U
20 11 2 11 U
20 12 7 5 R
20 14 16 2 R
20 15 21 3 R
20 16 9 0 R
20 17 16 21 L
20 18 14 4 R
20 19 3 15 D
20 20 22 17 D
20 21 18 15 D
20 23 8 9 U
21 1 2 1 R
21 2 11 2 R
21 4 13 18 D
21 5 4 13 D
21 6 1 22 L
21 7 0 22 L
21 11 20 4 R
21 12 4 24 L
21 13 20 21 L
21 15 8 15 D
21 16 18 4 R
21 19 20 6 U
21 20 20 15 D
22 2 15 14 D
22 4 9 23 L
22 6 6 1 R
22 11 1 11 U
22 12 16 12 U
22 15 11 20 L
22 16 14 16 D
22 19 0 16 D
22 21 21 18 D
23 2 6 10 U
23 4 11 4 R
23 15 8 24 L
24 2 11 16 D
25 2 7 6 U

