8 13 92
4 0 0 0 0 0 0 7 0 0 0 3
0 6 0 0 0 0 0 0 0 0 0 2
0 3 0 0 0 0 0 0 0 0 0 4
0 5 0 0 0 0 0 5 0 0 0 0
0 0 0 0 0 0 0 0 6 0 3 0
0 0 0 0 0 0 6 0 0 3 0 0
0 0 0 0 0 0 0 4 0 6 1 0
6 6 0 0 4 0 0 2 0 3 1 3
0 0 0 4 0 0 1 0 1 0 0 1
0 0 0 0 0 0 0 0 0 0 0 0
0 0 0 0 0 0 0 0 0 0 0 0
7 7 0 0 0 0 0 0 0 0 5 3
0 0 0 0 D
0 1 0 1 D
0 2 0 2 D
0 3 0 3 R
0 4 0 4 R
0 5 0 5 R
0 6 0 6 U
0 7 0 7 U
0 8 0 8 U
0 9 0 9 L
0 10 0 10 L
0 11 0 11 L
0 12 0 12 L
1 0 0 9 L
1 1 4 9 L
1 2 2 11 L
1 3 3 0 D
1 4 5 0 D
1 5 4 8 U
1 6 5 12 L
1 7 2 4 R
1 8 2 8 U
1 9 0 3 R
1 10 2 7 U
1 11 4 8 U
1 12 4 12 L
2 0 4 9 L
2 1 4 4 R
2 2 0 10 L
2 3 0 7 U
2 4 3 4 R
2 5 3 10 L
2 6 1 9 L
2 7 3 7 U
2 8 6 11 L
2 9 4 9 L
2 10 0 1 D
2 11 0 2 D
2 12 7 12 L
3 0 4 11 L
3 1 1 1 D
3 2 1 11 L
3 3 0 0 D
3 4 2 6 U
3 5 2 5 R
3 6 0 9 L
3 7 0 1 D
3 8 2 5 R
3 9 0 0 D
3 10 6 1 D
3 11 4 11 L
3 12 6 12 L
4 0 1 5 R
4 1 2 10 L
4 2 1 5 R
4 3 1 3 R
4 4 0 6 U
4 5 0 11 L
4 6 3 0 D
4 7 3 3 R
4 8 2 0 D
4 9 0 8 U
4 10 0 6 U
4 11 5 3 R
4 12 0 4 R
5 0 4 4 R
5 1 0 4 R
5 2 6 2 D
5 3 3 6 U
5 4 2 2 D
5 5 2 2 D
5 6 0 2 D
5 7 1 10 L
5 8 6 8 U
5 9 6 6 U
5 10 0 7 U
5 11 6 7 U
6 0 5 0 D
6 1 2 5 R
6 2 4 2 D
6 3 1 10 L
6 4 7 4 R
6 5 1 1 D
6 6 0 3 R
6 7 1 7 U
6 8 5 8 U
6 9 3 1 D
7 0 5 3 R
7 3 1 3 R
7 4 5 4 R
7 6 5 3 R
7 11 3 11 L

