12 4 44
9 0 0 3 2 0 5 0 0 4 0 0
0 3 0 0 10 0 0 0 0 0 5 4
0 0 0 0 0 11 0 10 0 0 0 7
0 0 1 0 2 0 9 0 5 0 0 0
3 0 6 3 0 0 0 0 0 0 0 0
0 0 0 0 2 0 8 0 0 0 0 10
8 0 7 0 0 0 6 0 0 0 0 0
1 0 8 0 0 2 9 0 0 0 0 4
0 0 0 0 10 1 4 0 0 0 0 0
0 0 1 0 7 0 0 0 5 0 5 1
0 10 0 0 0 0 0 6 11 0 0 0
3 0 0 0 0 0 0 1 0 2 0 1
0 0 0 0 L
0 1 0 1 R
0 2 0 2 D
0 3 0 3 U
1 0 0 2 D
1 1 0 3 U
1 2 0 1 R
1 3 3 2 D
2 0 7 2 D
2 1 4 3 U
2 2 3 1 R
2 3 0 1 R
3 0 0 3 U
3 1 0 0 L
3 2 1 1 R
3 3 0 2 D
4 0 7 0 L
4 1 0 2 D
4 2 0 0 L
4 3 3 0 L
5 0 2 0 L
5 1 1 1 R
5 2 4 2 D
5 3 0 0 L
6 0 1 2 D
6 1 5 3 U
6 2 9 0 L
6 3 3 3 U
7 0 5 3 U
7 1 3 1 R
7 2 2 2 D
7 3 5 3 U
8 0 4 2 D
8 1 6 1 R
8 2 2 2 D
8 3 6 3 U
9 0 7 0 L
9 1 1 1 R
9 3 1 1 R
10 0 1 3 U
10 1 8 2 D
10 3 7 3 U
11 1 1 3 U
11 3 2 1 R

