25 26 528
0 4 0 7 8 4 0 21 4 0 19 15 20 5
17 0 0 11 0 0 16 0 0 0 20 8 9 0
11 4 0 9 13 19 22 21 8 22 21 7 0 0
13 14 0 4 17 2 12 2 7 20 0 16 0 5
19 7 0 20 0 14 22 1 20 21 21 9 10 5
19 20 0 10 0 18 18 12 0 22 18 0 0 16
21 19 19 12 14 18 0 24 0 0 16 4 0 7
0 0 20 0 20 13 10 0 4 0 7 0 0 0
0 6 17 0 0 12 20 15 1 3 7 0 8 0
0 3 0 19 22 1 1 20 12 21 1 0 6 8
2 19 12 0 5 0 0 19 12 22 14 20 11 9
22 0 23 1 14 4 10 0 0 0 13 0 8 0
16 0 12 7 8 17 0 20 0 18 0 21 11 0
8 0 0 10 8 0 11 18 17 13 0 6 0 0
0 0 0 0 U
0 1 0 1 U
0 2 0 2 U
0 3 0 3 U
0 4 0 4 U
0 5 0 5 U
0 6 0 6 R
0 7 0 7 R
0 8 0 8 R
0 9 0 9 R
0 10 0 10 R
0 11 0 11 R
0 12 0 12 R
0 13 0 13 D
0 14 0 14 D
0 15 0 15 D
0 16 0 16 D
0 17 0 17 D
0 18 0 18 D
0 19 0 19 L
0 20 0 20 L
0 21 0 21 L
0 22 0 22 L
0 23 0 23 L
0 24 0 24 L
0 25 0 25 L
1 0 13 6 R
1 1 0 9 R
1 2 13 2 U
1 3 4 3 U
1 4 5 4 U
1 5 9 10 R
1 6 16 6 R
1 7 4 7 R
1 8 7 8 R
1 9 0 4 U
1 10 2 10 R
1 11 16 11 R
1 12 15 12 R
1 13 3 19 L
1 14 11 14 D
1 15 14 22 L
1 16 20 7 R
1 17 5 7 R
1 18 11 18 D
1 19 2 19 L
1 20 0 7 R
1 21 6 17 D
1 22 11 22 L
1 23 11 23 L
1 24 4 14 D
2 0 0 13 D
2 1 12 22 L
2 2 13 11 R
2 3 0 13 D
2 4 16 20 L
2 5 6 7 R
2 6 0 14 D
2 7 15 7 R
2 8 1 8 R
2 9 0 18 D
2 10 5 10 R
2 11 6 15 D
2 12 5 14 D
2 13 15 20 L
2 14 3 8 R
2 15 1 21 L
2 16 6 16 D
2 17 14 17 D
2 18 1 18 D
2 19 9 14 D
2 20 1 20 L
2 21 18 3 U
2 22 6 22 L
2 23 1 23 L
2 24 6 4 U
2 25 14 25 L
3 0 1 0 U
3 1 13 10 R
3 2 8 2 U
3 3 17 3 U
3 4 6 20 L
3 5 10 5 U
3 6 13 5 U
3 7 17 21 L
3 8 9 8 R
3 9 14 1 U
3 10 6 10 R
3 11 10 11 R
3 12 7 13 D
3 13 9 13 D
3 14 0 19 L
3 15 7 15 D
3 16 17 16 D
3 17 9 17 D
3 18 7 8 R
3 19 2 2 U
3 20 8 15 D
3 21 0 17 D
3 22 0 18 D
3 23 11 9 R
3 24 6 24 L
4 0 0 11 R
4 1 12 1 U
4 2 17 21 L
4 3 5 21 L
4 4 6 4 U
4 5 7 5 U
4 6 0 13 D
4 7 14 7 R
4 8 0 23 L
4 9 19 9 R
4 10 3 10 R
4 11 2 11 R
4 12 15 3 U
4 13 0 6 R
4 14 11 9 R
4 15 7 8 R
4 16 0 3 U
4 17 1 17 D
4 18 1 10 R
4 19 0 1 U
4 20 15 20 L
4 21 0 16 D
4 22 0 13 D
4 23 16 17 D
4 24 13 18 D
5 0 13 8 R
5 1 0 20 L
5 2 4 9 R
5 3 10 3 U
5 4 12 13 D
5 5 9 24 L
5 6 14 2 U
5 7 2 13 D
5 8 4 8 R
5 9 17 9 R
5 10 18 17 D
5 11 8 11 R
5 12 1 0 U
5 13 12 11 R
5 14 7 22 L
5 15 4 24 L
5 16 0 10 R
5 17 3 17 D
5 18 10 18 D
5 19 19 19 L
5 20 4 0 U
5 21 4 21 L
5 22 7 6 R
5 23 0 2 U
5 24 2 24 L
5 25 0 12 R
6 0 1 0 U
6 1 10 6 R
6 2 18 10 R
6 3 3 3 U
6 4 0 6 R
6 5 5 23 L
6 6 4 14 D
6 7 10 7 R
6 8 3 3 U
6 9 0 2 U
6 10 5 10 R
6 11 7 11 R
6 12 5 16 D
6 13 0 4 U
6 14 0 8 R
6 15 9 15 D
6 16 12 22 L
6 17 4 20 L
6 18 19 20 L
6 19 3 16 D
6 20 13 18 D
6 21 13 9 R
6 22 3 15 D
6 23 2 23 L
6 24 4 24 L
7 0 6 6 R
7 1 0 12 R
7 2 10 10 R
7 3 3 3 U
7 4 9 4 U
7 5 6 5 U
7 6 21 3 U
7 7 20 4 U
7 8 18 18 D
7 9 11 15 D
7 10 1 10 R
7 11 10 5 U
7 12 6 12 R
7 13 6 10 R
7 14 0 20 L
7 15 15 23 L
7 16 3 16 D
7 17 9 17 D
7 18 6 18 D
7 19 0 15 D
7 20 2 16 D
7 21 14 1 U
7 22 8 22 L
7 23 2 23 L
7 24 6 24 L
7 25 3 25 L
8 0 15 11 R
8 1 0 6 R
8 2 0 7 R
8 3 14 25 L
8 4 12 4 U
8 5 13 5 U
8 6 10 14 D
8 7 0 15 D
8 8 7 8 R
8 9 0 21 L
8 10 9 17 D
8 11 15 3 U
8 12 7 12 R
8 13 1 22 L
8 14 0 0 U
8 15 0 5 U
8 16 12 16 D
8 17 3 17 D
8 18 3 18 D
8 19 11 7 R
8 20 6 14 D
8 21 6 21 L
8 22 5 22 L
8 23 0 1 U
8 24 21 24 L
8 25 1 25 L
9 0 10 20 L
9 1 2 1 U
9 2 7 23 L
9 3 1 3 U
9 4 14 4 U
9 5 8 5 U
9 6 15 4 U
9 7 12 7 R
9 8 13 0 U
9 9 5 9 R
9 10 7 4 U
9 11 17 14 D
9 12 5 18 D
9 13 16 1 U
9 14 12 25 L
9 15 12 15 D
9 16 15 9 R
9 17 1 17 D
9 18 0 19 L
9 19 2 13 D
9 20 17 10 R
9 21 5 5 U
9 22 8 3 U
9 23 0 15 D
9 24 2 24 L
10 0 0 19 L
10 1 18 19 L
10 2 21 22 L
10 3 7 3 U
10 4 13 21 L
10 5 2 5 U
10 6 3 2 U
10 7 11 16 D
10 8 18 15 D
10 9 4 4 U
10 10 11 5 U
10 11 4 13 D
10 12 6 12 R
10 13 9 24 L
10 14 17 14 D
10 15 0 2 U
10 16 12 16 D
10 17 1 21 L
10 18 16 19 L
10 19 0 13 D
10 20 3 20 L
10 21 13 14 D
10 22 16 13 D
10 23 16 16 D
10 24 5 18 D
10 25 19 25 L
11 0 3 0 U
11 1 6 20 L
11 2 16 2 U
11 3 10 20 L
11 4 3 4 U
11 5 14 5 U
11 6 15 19 L
11 7 0 1 U
11 8 2 8 R
11 9 0 16 D
11 10 18 13 D
11 11 8 11 R
11 12 2 12 R
11 13 0 22 L
11 14 5 11 R
11 15 3 9 R
11 16 14 20 L
11 17 4 17 D
11 18 0 2 U
11 19 1 3 U
11 20 0 6 R
11 21 3 21 L
11 22 8 22 L
11 23 16 23 L
11 24 19 24 L
12 0 15 7 R
12 1 18 1 U
12 2 16 2 U
12 3 4 3 U
12 4 3 4 U
12 5 3 5 U
12 6 19 6 R
12 7 4 2 U
12 8 4 8 R
12 9 5 15 D
12 10 5 10 R
12 11 0 2 U
12 12 16 0 U
12 13 0 7 R
12 14 9 14 D
12 15 10 15 D
12 16 1 16 D
12 17 4 17 D
12 19 14 18 D
12 20 16 7 R
12 21 9 21 L
12 22 11 22 L
12 23 1 23 L
12 24 11 1 U
13 0 0 18 D
13 1 10 9 R
13 2 0 9 R
13 3 10 8 R
13 4 1 9 R
13 5 15 11 R
13 6 6 16 D
13 7 1 7 R
13 8 0 19 L
13 9 8 9 R
13 10 2 0 U
13 11 12 1 U
13 12 6 12 R
13 13 14 21 L
13 14 3 14 D
13 15 14 15 D
13 16 3 19 L
13 17 0 1 U
13 19 10 16 D
13 20 6 20 L
13 21 0 9 R
13 22 16 14 D
13 23 3 14 D
13 24 0 6 R
14 0 9 9 R
14 1 1 6 R
14 2 10 12 R
14 3 6 22 L
14 4 5 4 U
14 5 5 5 U
14 6 0 3 U
14 7 8 7 R
14 8 13 1 U
14 9 2 9 R
14 10 7 5 U
14 11 7 2 U
14 12 12 12 R
14 13 5 20 L
14 14 8 14 D
14 15 7 15 D
14 16 7 16 D
14 17 9 9 R
14 18 5 18 D
14 19 6 19 L
14 20 3 15 D
14 21 13 21 L
14 22 3 22 L
14 23 5 13 D
14 24 3 24 L
15 0 13 0 U
15 1 14 11 R
15 2 14 6 R
15 3 6 20 L
15 4 3 4 U
15 6 16 0 U
15 7 5 7 R
15 8 7 8 R
15 9 0 1 U
15 10 12 10 R
15 11 5 0 U
15 12 4 12 R
15 13 6 6 R
15 15 13 15 D
15 16 7 16 D
15 17 19 17 D
15 18 18 23 L
15 19 21 13 D
15 20 6 20 L
15 21 14 4 U
15 22 13 16 D
15 23 17 17 D
15 24 4 0 U
15 25 19 25 L
16 0 5 9 R
16 1 9 23 L
16 2 7 12 R
16 3 0 14 D
16 4 4 8 R
16 5 10 8 R
16 6 7 17 D
16 7 5 1 U
16 8 18 14 D
16 9 5 5 U
16 10 8 24 L
16 11 5 15 D
16 13 13 23 L
16 14 0 2 U
16 15 19 19 L
16 16 4 16 D
16 17 0 2 U
16 19 0 0 U
16 20 4 2 U
16 21 14 15 D
16 22 0 1 U
16 23 15 1 U
16 24 3 24 L
17 0 0 22 L
17 1 14 15 D
17 2 18 2 U
17 3 0 8 R
17 4 4 11 R
17 5 8 20 L
17 6 18 1 U
17 7 0 21 L
17 8 14 2 U
17 9 18 17 D
17 10 14 10 R
17 11 8 11 R
17 13 0 20 L
17 15 13 9 R
17 16 18 8 R
17 17 16 19 L
17 18 15 9 R
17 19 0 14 D
17 20 20 2 U
17 21 4 13 D
17 22 1 22 L
17 23 0 14 D
18 0 1 22 L
18 1 0 21 L
18 2 16 23 L
18 3 10 3 U
18 4 15 10 R
18 6 2 13 D
18 7 9 14 D
18 8 9 24 L
18 9 20 9 R
18 10 1 10 R
18 12 2 12 R
18 13 12 13 D
18 14 10 22 L
18 15 8 15 D
18 16 11 6 R
18 17 2 8 R
18 19 14 0 U
18 20 3 20 L
18 21 6 21 L
18 22 9 17 D
19 0 12 6 R
19 1 3 1 U
19 2 8 2 U
19 3 16 13 D
19 4 23 7 R
19 6 3 4 U
19 7 3 4 U
19 8 16 17 D
19 9 3 15 D
19 10 2 10 R
19 12 1 12 R
19 13 8 19 L
19 14 11 21 L
19 15 12 6 R
19 16 0 9 R
19 17 17 20 L
19 19 8 17 D
19 20 17 20 L
19 21 7 21 L
19 22 0 12 R
20 0 22 13 D
20 1 15 12 R
20 2 16 24 L
20 3 19 6 R
20 4 3 4 U
20 6 0 5 U
20 7 22 15 D
20 8 1 0 U
20 9 10 9 R
20 13 7 13 D
20 15 10 15 D
20 16 1 16 D
20 19 11 12 R
20 20 4 20 L
20 21 1 21 L
20 22 1 22 L
21 0 12 0 U
21 1 0 16 D
21 2 8 2 U
21 3 20 3 U
21 4 12 4 U
21 6 1 0 U
21 7 12 4 U
21 8 20 14 D
21 9 8 17 D
21 13 20 19 L
21 19 5 16 D
21 22 19 1 U
22 0 21 0 U
22 1 9 1 U
22 2 18 19 L
22 6 6 21 L
22 8 6 8 R
22 9 4 9 R
22 13 13 8 R
22 19 10 13 D
22 22 18 22 L
23 8 4 8 R
23 19 18 15 D
24 19 4 15 D

