6 7 37
0 5 0 0 5 5 0 0 0 0 0 1 3
0 0 0 0 0 0 0 0 0 0 0 0 0
0 0 0 0 0 0 0 0 0 0 0 0 0
0 0 0 0 0 0 0 0 0 0 0 0 0
0 0 0 0 0 0 0 0 0 4 0 0 0
0 0 0 0 0 0 0 0 0 0 0 0 0
0 0 0 0 2 0 0 0 0 0 0 2 0
0 5 2 5 0 0 0 0 0 0 0 4 0
0 0 0 0 0 0 0 0 0 0 0 0 0
0 0 0 0 0 0 0 0 0 0 0 0 0
0 0 0 0 0 1 0 0 0 1 4 0 0
0 0 0 0 0 0 0 0 0 0 0 0 0
0 3 0 5 3 2 0 0 0 0 0 5 3
0 0 0 0 D
0 1 0 1 D
0 2 0 2 R
0 3 0 3 R
0 4 0 4 U
0 5 0 5 U
0 6 0 6 L
1 0 2 3 R
1 1 3 4 U
1 2 2 2 R
1 3 2 4 U
1 4 3 6 L
1 5 0 6 L
1 6 2 5 U
2 0 0 6 L
2 1 4 1 D
2 2 1 2 R
2 3 3 3 R
2 4 0 0 D
2 5 1 5 U
2 6 0 4 U
3 0 4 0 D
3 1 0 2 R
3 2 4 4 U
3 3 0 0 D
3 4 2 0 D
3 6 2 4 U
4 0 1 6 L
4 2 0 6 L
4 3 1 0 D
4 4 0 2 R
4 6 0 3 R
5 0 2 5 U
5 2 0 4 U
5 3 0 1 D
5 4 0 3 R
5 6 2 1 D

