18 14 212
0 0 14 0 0 0 0 0 0 15
0 8 16 0 0 17 15 0 0 10
1 0 0 0 11 6 0 2 14 0
0 7 0 0 8 0 0 14 13 2
5 0 0 0 14 0 0 0 0 0
8 0 15 9 16 0 3 0 9 0
11 0 9 0 6 13 0 0 16 0
4 14 0 0 0 0 13 0 6 0
14 0 0 2 4 12 3 8 6 0
11 12 0 0 8 0 14 12 11 11
0 0 0 0 U
0 1 0 1 U
0 2 0 2 U
0 3 0 3 R
0 4 0 4 R
0 5 0 5 R
0 6 0 6 R
0 7 0 7 D
0 8 0 8 D
0 9 0 9 D
0 10 0 10 L
0 11 0 11 L
0 12 0 12 L
0 13 0 13 L
1 0 12 7 D
1 1 8 13 L
1 2 5 5 R
1 3 3 7 D
1 4 7 4 R
1 5 7 1 U
1 6 2 7 D
1 7 9 5 R
1 8 9 10 L
1 9 6 10 L
1 10 0 4 R
1 11 7 2 U
1 12 10 0 U
1 13 7 13 L
2 0 4 10 L
2 1 7 11 L
2 2 4 2 U
2 3 10 9 D
2 4 4 1 U
2 5 13 0 U
2 6 9 6 R
2 7 7 7 D
2 8 3 13 L
2 9 10 9 D
2 10 0 0 U
2 11 3 1 U
2 12 8 12 L
2 13 8 2 U
3 0 2 11 L
3 1 0 4 R
3 2 0 9 D
3 3 9 3 R
3 4 10 12 L
3 5 5 7 D
3 6 9 2 U
3 7 0 10 L
3 8 2 8 D
3 9 5 9 D
3 10 0 7 D
3 11 1 7 D
3 12 11 9 D
3 13 13 7 D
4 0 1 4 R
4 1 8 9 D
4 2 3 2 U
4 3 0 1 U
4 4 3 7 D
4 5 6 5 R
4 6 1 6 R
4 7 8 4 R
4 8 5 8 D
4 9 6 12 L
4 10 0 3 R
4 11 9 0 U
4 12 12 12 L
4 13 3 6 R
5 0 0 3 R
5 1 6 1 U
5 2 3 2 U
5 3 2 0 U
5 4 11 2 U
5 5 6 8 D
5 6 13 1 U
5 7 3 0 U
5 8 0 11 L
5 9 1 12 L
5 10 9 3 R
5 11 0 8 D
5 12 4 12 L
5 13 4 13 L
6 0 5 0 U
6 1 9 3 R
6 2 3 2 U
6 3 4 0 U
6 4 11 8 D
6 5 8 1 U
6 6 13 0 U
6 7 4 3 R
6 8 5 10 L
6 9 11 10 L
6 10 9 10 L
6 11 1 11 L
6 12 4 12 L
6 13 7 13 L
7 0 2 5 R
7 1 9 11 L
7 2 0 13 L
7 3 9 7 D
7 4 0 9 D
7 5 9 9 D
7 6 6 6 R
7 7 0 1 U
7 8 0 4 R
7 9 6 1 U
7 10 3 10 L
7 11 1 8 D
7 12 11 8 D
7 13 0 6 R
8 0 0 10 L
8 1 10 1 U
8 2 7 12 L
8 3 2 12 L
8 4 10 11 L
8 5 11 9 D
8 6 6 8 D
8 7 1 5 R
8 8 0 0 U
8 9 6 9 D
8 10 4 8 D
8 11 1 1 U
8 12 0 5 R
8 13 1 13 L
9 0 0 8 D
9 1 3 1 U
9 2 14 11 L
9 3 0 8 D
9 4 2 4 R
9 5 1 5 R
9 6 10 6 R
9 7 5 11 L
9 8 12 4 R
9 9 15 3 R
9 10 10 7 D
9 11 2 4 R
9 12 3 5 R
9 13 11 1 U
10 0 6 12 L
10 1 3 3 R
10 2 3 2 U
10 3 8 8 D
10 4 13 4 R
10 5 0 11 L
10 6 15 10 L
10 7 14 5 R
10 8 12 2 U
10 9 9 9 D
10 10 11 4 R
10 11 0 9 D
10 12 1 7 D
10 13 2 13 L
11 0 12 10 L
11 1 1 11 L
11 2 6 2 U
11 3 10 7 D
11 4 0 0 U
11 7 10 6 R
11 8 9 11 L
11 9 10 0 U
11 10 4 10 L
11 11 3 9 D
11 12 1 0 U
11 13 0 4 R
12 0 2 4 R
12 1 14 3 R
12 2 10 4 R
12 3 3 11 L
12 4 8 8 D
12 5 11 5 R
12 7 8 2 U
12 8 3 10 L
12 9 11 13 L
12 10 7 1 U
12 11 0 2 U
12 12 4 12 L
12 13 2 13 L
13 0 8 13 L
13 1 0 6 R
13 2 9 8 D
13 3 12 10 L
13 4 5 2 U
13 7 6 10 L
13 8 1 8 D
13 9 12 13 L
13 10 12 7 D
13 11 8 5 R
13 12 5 7 D
13 13 5 13 L
14 0 13 3 R
14 1 10 3 R
14 2 0 11 L
14 3 13 10 L
14 4 13 8 D
14 7 13 7 D
14 8 0 2 U
14 9 13 9 D
14 10 6 7 D
14 11 4 1 U
14 12 4 1 U
15 1 3 6 R
15 2 13 6 R
15 3 14 10 L
15 4 8 12 L
15 11 7 5 R
15 12 12 2 U
16 0 15 6 R
16 1 2 13 L
16 12 9 12 L
17 12 3 12 L

