27 22 490
21 11 15 20 19 1 0 7 12 0 11 2
0 0 0 0 0 0 2 9 0 15 0 0
0 26 21 0 24 16 0 0 0 25 0 3
3 0 4 0 16 0 12 21 0 22 0 18
0 0 0 13 9 0 14 0 15 0 0 17
23 0 24 0 13 23 1 24 14 1 0 20
5 0 0 20 0 0 1 16 0 0 14 15
21 0 0 0 9 0 0 2 0 20 16 2
3 9 0 7 23 0 22 0 6 0 14 18
20 5 2 20 1 0 0 22 4 0 0 0
0 22 0 0 0 0 0 19 22 22 1 11
25 3 0 18 17 0 0 19 9 16 0 17
0 0 0 0 D
0 1 0 1 D
0 2 0 2 D
0 3 0 3 D
0 4 0 4 D
0 5 0 5 R
0 6 0 6 R
0 7 0 7 R
0 8 0 8 R
0 9 0 9 R
0 10 0 10 R
0 11 0 11 U
0 12 0 12 U
0 13 0 13 U
0 14 0 14 U
0 15 0 15 U
0 16 0 16 L
0 17 0 17 L
0 18 0 18 L
0 19 0 19 L
0 20 0 20 L
0 21 0 21 L
1 0 0 5 R
1 1 0 6 R
1 2 5 2 D
1 3 9 14 U
1 4 7 4 D
1 5 4 12 U
1 6 0 17 L
1 7 16 0 D
1 8 14 8 R
1 9 9 1 D
1 10 0 20 L
1 11 4 5 R
1 12 7 7 R
1 13 6 6 R
1 14 0 19 L
1 15 16 21 L
1 16 4 16 L
1 17 10 17 L
1 18 9 18 L
1 19 17 19 L
1 20 7 20 L
1 21 11 21 L
2 0 1 20 L
2 1 8 17 L
2 2 15 2 D
2 3 0 10 R
2 4 8 4 D
2 5 6 3 D
2 6 11 1 D
2 7 14 13 U
2 8 22 12 U
2 9 3 0 D
2 10 0 1 D
2 11 11 17 L
2 12 0 18 L
2 13 0 1 D
2 14 1 8 R
2 15 12 15 U
2 16 3 0 D
2 17 0 6 R
2 18 10 18 L
2 19 5 19 L
2 20 6 20 L
2 21 14 21 L
3 0 15 6 R
3 1 10 17 L
3 2 16 6 R
3 3 10 19 L
3 4 8 4 D
3 5 20 15 U
3 6 0 16 L
3 7 1 7 R
3 8 10 13 U
3 9 1 9 R
3 10 20 11 U
3 11 17 11 U
3 12 11 2 D
3 13 0 4 D
3 14 1 18 L
3 15 6 15 U
3 16 5 16 L
3 17 9 3 D
3 18 13 18 L
3 19 1 19 L
3 20 1 13 U
3 21 5 13 U
4 0 12 17 L
4 1 9 1 D
4 2 5 16 L
4 3 14 3 D
4 4 3 4 D
4 5 8 14 U
4 6 20 14 U
4 7 15 7 R
4 8 5 8 R
4 9 12 16 L
4 10 5 10 R
4 11 11 16 L
4 12 7 12 U
4 13 3 7 R
4 14 22 5 R
4 15 8 15 U
4 16 9 0 D
4 17 1 5 R
4 18 0 2 D
4 19 10 19 L
4 20 14 6 R
4 21 10 3 D
5 0 13 19 L
5 1 10 5 R
5 2 19 7 R
5 3 10 10 R
5 4 6 19 L
5 5 2 5 R
5 6 0 21 L
5 7 9 7 R
5 8 14 8 R
5 9 4 20 L
5 10 3 10 R
5 11 13 0 D
5 12 18 12 U
5 13 15 13 U
5 14 1 14 U
5 15 3 15 U
5 16 0 0 D
5 17 3 14 U
5 18 18 12 U
5 19 3 19 L
5 20 18 1 D
5 21 6 13 U
6 0 0 17 L
6 1 5 9 R
6 2 14 19 L
6 3 0 7 R
6 4 2 16 L
6 5 4 0 D
6 6 5 6 R
6 7 19 1 D
6 8 2 8 R
6 9 1 9 R
6 10 0 12 U
6 11 0 0 D
6 12 18 10 R
6 13 7 8 R
6 14 2 14 U
6 15 3 6 R
6 16 4 16 L
6 17 13 12 U
6 18 1 18 L
6 19 13 14 U
6 20 15 11 U
6 21 1 21 L
7 0 0 11 U
7 1 14 17 L
7 2 1 2 D
7 3 3 3 D
7 4 16 4 D
7 5 0 11 U
7 6 0 3 D
7 7 6 19 L
7 8 0 18 L
7 9 1 13 U
7 10 3 10 R
7 11 1 4 D
7 12 12 18 L
7 13 3 13 U
7 14 12 14 U
7 15 0 9 R
7 16 5 16 L
7 17 11 17 L
7 18 0 1 D
7 19 0 4 D
7 20 1 12 U
7 21 18 21 L
8 0 16 8 R
8 1 7 18 L
8 2 14 20 L
8 3 18 6 R
8 4 0 21 L
8 5 6 17 L
8 6 17 0 D
8 7 2 20 L
8 8 15 18 L
8 9 5 11 U
8 10 12 11 U
8 11 14 10 R
8 12 17 2 D
8 13 3 19 L
8 14 15 6 R
8 15 12 15 U
8 16 0 7 R
8 17 4 11 U
8 18 17 0 D
8 19 12 2 D
8 20 15 13 U
8 21 13 11 U
9 0 16 7 R
9 1 13 7 R
9 2 10 9 R
9 3 1 3 D
9 4 12 17 L
9 5 13 15 U
9 6 4 6 R
9 7 11 0 D
9 8 2 15 U
9 9 21 9 R
9 10 3 10 R
9 11 0 5 R
9 12 8 17 L
9 13 14 21 L
9 14 2 2 D
9 15 2 9 R
9 16 1 12 U
9 17 0 13 U
9 18 19 18 L
9 19 10 19 L
9 20 19 20 L
9 21 21 21 L
10 0 13 6 R
10 1 3 7 R
10 2 4 2 D
10 3 9 21 L
10 4 1 17 L
10 5 25 5 R
10 6 3 6 R
10 7 11 13 U
10 8 1 3 D
10 9 2 9 R
10 10 1 10 R
10 11 17 1 D
10 12 20 5 R
10 13 11 5 R
10 14 15 18 L
10 15 11 8 R
10 16 1 11 U
10 17 0 8 R
10 18 2 13 U
10 19 9 13 U
10 20 8 12 U
10 21 15 13 U
11 0 8 21 L
11 1 14 12 U
11 2 4 2 D
11 3 15 3 D
11 4 10 18 L
11 5 1 20 L
11 6 0 0 D
11 7 12 13 U
11 8 14 0 D
11 9 0 19 L
11 10 12 10 R
11 11 0 17 L
11 12 0 16 L
11 13 12 16 L
11 14 6 19 L
11 15 0 6 R
11 16 4 2 D
11 17 17 1 D
11 18 3 18 L
11 19 10 19 L
11 20 6 2 D
11 21 0 14 U
12 0 8 16 L
12 1 2 17 L
12 2 11 5 R
12 3 13 8 R
12 4 5 15 U
12 5 1 15 U
12 6 0 12 U
12 7 1 7 R
12 8 13 4 D
12 9 15 19 L
12 10 5 3 D
12 11 10 1 D
12 12 19 6 R
12 13 15 9 R
12 14 10 14 U
12 15 5 5 R
12 16 16 1 D
12 17 10 2 D
12 18 6 18 L
12 19 2 3 D
12 20 23 20 L
12 21 18 2 D
13 0 0 16 L
13 1 14 8 R
13 2 12 2 D
13 3 6 3 D
13 4 6 8 R
13 5 7 12 U
13 6 1 16 L
13 7 15 12 U
13 8 1 8 R
13 9 1 9 R
13 10 16 10 R
13 11 3 9 R
13 12 23 18 L
13 13 3 13 U
13 14 11 19 L
13 15 9 16 L
13 16 0 11 U
13 17 21 13 U
13 18 1 14 U
13 19 5 11 U
13 20 14 20 L
13 21 5 21 L
14 0 0 12 U
14 1 16 20 L
14 2 5 19 L
14 3 13 20 L
14 4 1 16 L
14 5 9 11 U
14 6 6 13 U
14 7 1 7 R
14 8 16 11 U
14 9 18 9 R
14 10 5 16 L
14 11 1 5 R
14 12 7 20 L
14 13 3 8 R
14 14 2 21 L
14 15 17 19 L
14 16 12 1 D
14 17 20 11 U
14 18 0 12 U
14 19 15 15 U
14 20 2 20 L
14 21 10 21 L
15 0 14 18 L
15 1 17 1 D
15 2 12 8 R
15 3 8 9 R
15 4 14 7 R
15 5 2 2 D
15 6 9 6 R
15 7 4 21 L
15 8 1 8 R
15 9 0 4 D
15 10 1 2 D
15 11 8 8 R
15 12 21 8 R
15 13 4 13 U
15 14 19 17 L
15 15 11 7 R
15 16 3 11 U
15 17 22 14 U
15 18 6 2 D
15 19 9 12 U
15 20 6 1 D
15 21 5 15 U
16 0 11 20 L
16 1 10 21 L
16 2 14 2 D
16 3 3 10 R
16 5 7 5 R
16 6 3 6 R
16 7 10 7 R
16 8 8 11 U
16 9 9 21 L
16 10 4 10 R
16 11 20 6 R
16 12 9 21 L
16 13 7 9 R
16 14 12 20 L
16 15 7 15 U
16 16 5 13 U
16 18 8 12 U
16 19 14 19 L
16 20 10 11 U
16 21 6 12 U
17 0 19 10 R
17 1 19 19 L
17 2 13 15 U
17 3 16 16 L
17 5 5 11 U
17 6 9 12 U
17 7 7 2 D
17 8 5 8 R
17 9 1 9 R
17 10 3 19 L
17 11 11 10 R
17 12 6 16 L
17 13 13 16 L
17 15 7 7 R
17 16 4 0 D
17 18 4 15 U
17 19 15 7 R
17 20 7 3 D
17 21 1 21 L
18 0 6 8 R
18 1 1 18 L
18 2 17 21 L
18 5 5 5 R
18 6 7 1 D
18 7 1 7 R
18 8 20 21 L
18 9 11 0 D
18 10 16 2 D
18 11 13 11 U
18 12 8 9 R
18 13 7 13 U
18 15 3 15 U
18 16 6 1 D
18 18 15 0 D
18 19 2 19 L
18 20 20 20 L
18 21 12 21 L
19 0 10 7 R
19 1 20 16 L
19 2 12 10 R
19 5 24 3 D
19 6 6 17 L
19 7 1 7 R
19 8 3 8 R
19 9 22 13 U
19 10 5 10 R
19 11 13 4 D
19 12 0 3 D
19 13 12 9 R
19 15 17 18 L
19 16 1 16 L
19 17 4 5 R
19 18 1 15 U
19 19 0 5 R
19 20 7 0 D
19 21 9 11 U
20 0 22 5 R
20 1 16 18 L
20 2 9 16 L
20 4 4 17 L
20 5 17 13 U
20 6 16 13 U
20 7 13 7 R
20 8 2 13 U
20 9 7 17 L
20 10 1 10 R
20 11 14 20 L
20 12 6 0 D
20 13 9 3 D
20 16 12 10 R
20 17 5 0 D
20 18 19 1 D
20 19 7 1 D
20 20 24 20 L
20 21 5 0 D
21 0 16 0 D
21 1 8 6 R
21 2 13 21 L
21 5 4 5 R
21 6 14 6 R
21 7 0 17 L
21 8 9 8 R
21 9 1 9 R
21 10 3 10 R
21 12 6 18 L
21 13 11 7 R
21 16 3 4 D
21 18 1 18 L
21 20 9 20 L
21 21 3 21 L
22 0 6 5 R
22 1 15 1 D
22 2 6 20 L
22 6 13 17 L
22 7 1 15 U
22 8 9 8 R
22 9 9 9 R
22 10 0 15 U
22 13 17 13 U
22 16 20 5 R
22 18 10 4 D
22 21 2 11 U
23 0 21 9 R
23 6 7 14 U
23 7 19 17 L
23 8 1 8 R
23 10 17 11 U
23 13 7 10 R
23 18 3 11 U
24 0 5 0 D
24 6 9 11 U
24 8 16 2 D
24 10 15 10 R
24 18 23 2 D
25 6 20 18 L
25 8 9 8 R
25 18 19 12 U
26 18 2 12 U

