25 32 742
0 0 22 20 0 0 0 0 0 0 19 9 0 4 0 11 20 14 18
0 0 0 0 0 19 0 12 13 0 0 10 0 16 8 23 0 0 23
2 0 0 0 2 0 0 0 0 2 20 21 21 0 19 23 23 23 0
0 0 10 21 0 7 0 5 4 0 21 0 16 13 14 0 0 0 0
0 0 0 0 1 0 0 14 0 0 0 1 0 8 0 11 0 12 19
0 0 23 20 15 17 0 18 0 23 23 18 14 0 0 0 0 0 0
3 3 21 0 19 24 0 20 14 0 4 0 0 16 1 0 1 0 0
0 4 17 5 3 0 1 0 22 0 0 20 0 2 0 0 0 3 0
0 6 0 0 0 22 2 0 0 23 0 20 23 0 5 0 0 5 21
0 0 14 0 1 0 1 21 0 21 0 5 14 0 7 0 18 17 0
1 22 0 0 4 24 0 0 0 0 0 0 0 0 0 0 0 0 7
0 0 16 16 15 0 0 0 0 0 20 19 0 3 3 18 0 5 0
7 3 0 2 3 0 0 19 0 0 0 0 0 0 0 0 0 6 0
0 0 0 0 0 0 4 0 21 0 0 18 0 15 0 1 0 0 6
17 12 0 19 0 0 6 17 23 0 0 0 19 0 0 8 11 12 0
6 14 0 0 19 23 22 17 21 23 20 16 14 0 0 0 0 0 0
0 0 16 19 18 9 0 17 0 5 19 14 10 0 0 4 0 0 0
0 14 17 0 0 0 11 3 0 0 0 0 0 4 0 2 0 1 3
13 0 14 18 18 3 10 18 0 0 0 0 0 0 0 11 0 0 4
0 0 0 0 D
0 1 0 1 D
0 2 0 2 D
0 3 0 3 D
0 4 0 4 D
0 5 0 5 D
0 6 0 6 D
0 7 0 7 D
0 8 0 8 R
0 9 0 9 R
0 10 0 10 R
0 11 0 11 R
0 12 0 12 R
0 13 0 13 R
0 14 0 14 R
0 15 0 15 R
0 16 0 16 U
0 17 0 17 U
0 18 0 18 U
0 19 0 19 U
0 20 0 20 U
0 21 0 21 U
0 22 0 22 U
0 23 0 23 U
0 24 0 24 L
0 25 0 25 L
0 26 0 26 L
0 27 0 27 L
0 28 0 28 L
0 29 0 29 L
0 30 0 30 L
0 31 0 31 L
1 0 0 16 U
1 1 0 24 L
1 2 0 26 L
1 3 0 18 U
1 4 0 17 U
1 5 3 14 R
1 6 0 15 R
1 7 0 10 R
1 8 0 17 U
1 9 2 16 U
1 10 0 16 U
1 11 0 27 L
1 12 0 4 D
1 13 0 18 U
1 14 3 20 U
1 15 0 5 D
1 16 0 25 L
1 17 0 27 L
1 18 0 8 R
1 19 2 25 L
1 20 0 28 L
1 21 0 1 D
1 22 7 27 L
1 23 17 11 R
1 24 0 0 D
1 25 0 1 D
1 26 0 16 U
1 27 0 2 D
1 28 1 0 D
1 29 2 18 U
1 30 0 6 D
1 31 0 20 U
2 0 1 24 L
2 1 0 28 L
2 2 0 25 L
2 3 1 3 D
2 4 3 12 R
2 5 2 5 D
2 6 1 31 L
2 7 1 7 D
2 8 0 3 D
2 9 2 9 R
2 10 1 10 R
2 11 1 11 R
2 12 2 19 U
2 13 1 13 R
2 14 3 14 R
2 15 2 5 D
2 16 0 1 D
2 17 3 24 L
2 18 1 27 L
2 19 1 19 U
2 20 1 15 R
2 21 4 21 U
2 22 7 22 U
2 23 8 23 U
2 24 0 18 U
2 25 0 17 U
2 26 0 11 R
2 27 1 27 L
2 28 1 28 L
2 29 1 29 L
2 30 1 20 U
2 31 3 31 L
3 0 0 10 R
3 1 0 8 R
3 2 0 11 R
3 3 2 29 L
3 4 3 27 L
3 5 1 15 R
3 6 1 6 D
3 7 2 7 D
3 8 0 0 D
3 9 1 9 R
3 10 1 16 U
3 11 0 19 U
3 12 1 12 R
3 13 3 13 R
3 14 2 14 R
3 15 0 30 L
3 16 0 9 R
3 17 0 10 R
3 18 0 12 R
3 19 3 13 R
3 20 0 30 L
3 21 1 21 U
3 22 7 14 R
3 23 19 23 U
3 24 3 16 U
3 25 3 3 D
3 26 3 26 L
3 27 3 18 U
3 28 0 4 D
3 29 2 29 L
3 30 2 30 L
3 31 2 31 L
4 0 2 10 R
4 1 3 1 D
4 2 0 12 R
4 3 2 8 R
4 4 0 20 U
4 5 2 9 R
4 6 0 20 U
4 7 0 22 U
4 8 2 7 D
4 9 2 21 U
4 10 3 10 R
4 11 1 0 D
4 12 0 25 L
4 13 5 21 U
4 14 5 0 D
4 15 7 20 U
4 16 0 29 L
4 17 1 8 R
4 18 2 14 R
4 19 0 11 R
4 20 3 30 L
4 21 2 5 D
4 22 8 22 U
4 23 18 23 U
4 24 0 8 R
4 25 3 19 U
4 26 4 1 D
4 27 4 2 D
4 28 4 17 U
4 29 3 6 D
4 30 4 19 U
4 31 4 2 D
5 0 3 10 R
5 1 3 27 L
5 2 2 2 D
5 3 5 27 L
5 4 4 4 D
5 5 5 5 D
5 6 6 6 D
5 7 9 28 L
5 8 3 1 D
5 9 5 20 U
5 10 4 18 U
5 11 7 16 U
5 12 8 6 D
5 13 5 13 R
5 14 4 14 R
5 15 8 15 R
5 16 2 31 L
5 17 5 10 R
5 18 3 18 U
5 19 3 28 L
5 20 4 12 R
5 21 6 21 U
5 22 12 12 R
5 23 17 23 U
5 24 0 3 D
5 25 6 17 U
5 26 1 26 L
5 27 4 27 L
5 28 5 28 L
5 29 0 15 R
5 30 5 30 L
5 31 4 3 D
6 0 1 8 R
6 1 1 13 R
6 2 4 10 R
6 3 5 3 D
6 4 7 24 L
6 5 4 5 D
6 6 8 8 R
6 7 9 7 D
6 8 0 26 L
6 9 2 0 D
6 10 5 3 D
6 11 8 11 R
6 12 5 12 R
6 13 6 13 R
6 14 1 17 U
6 15 6 15 R
6 16 2 0 D
6 17 0 2 D
6 18 6 25 L
6 19 1 28 L
6 20 1 26 L
6 21 5 9 R
6 22 11 22 U
6 23 15 23 U
6 24 5 16 U
6 25 7 25 L
6 26 5 2 D
6 27 5 21 U
6 28 6 4 D
6 29 9 29 L
6 30 4 17 U
6 31 5 31 L
7 0 6 0 D
7 1 4 24 L
7 2 0 19 U
7 3 6 8 R
7 4 7 4 D
7 5 8 24 L
7 6 3 9 R
7 7 12 14 R
7 8 7 16 U
7 9 6 9 R
7 10 5 10 R
7 11 7 11 R
7 12 8 12 R
7 13 2 13 R
7 14 8 21 U
7 15 4 22 U
7 16 5 1 D
7 17 6 14 R
7 18 2 18 U
7 19 6 11 R
7 20 7 12 R
7 21 7 15 R
7 22 0 9 R
7 23 19 24 L
7 24 7 18 U
7 25 7 5 D
7 26 1 18 U
7 27 8 3 D
7 28 7 28 L
7 29 6 29 L
7 30 8 30 L
7 31 4 31 L
8 0 4 28 L
8 1 5 11 R
8 2 5 30 L
8 3 3 26 L
8 4 8 13 R
8 5 8 5 D
8 6 7 6 D
8 7 5 7 D
8 8 2 2 D
8 9 0 21 U
8 10 3 6 D
8 11 6 19 U
8 12 6 12 R
8 13 1 7 D
8 14 7 14 R
8 15 5 15 R
8 16 3 8 R
8 17 7 26 L
8 18 5 25 L
8 19 7 19 U
8 20 8 20 U
8 21 0 4 D
8 22 2 22 U
8 23 16 23 U
8 24 7 17 U
8 25 6 25 L
8 26 2 21 U
8 27 7 27 L
8 28 6 28 L
8 29 8 29 L
8 30 4 30 L
8 31 11 2 D
9 0 8 26 L
9 1 2 30 L
9 2 5 12 R
9 3 0 24 L
9 4 9 11 R
9 5 9 15 R
9 6 9 27 L
9 7 4 7 D
9 8 4 0 D
9 9 6 3 D
9 10 11 6 D
9 11 5 17 U
9 12 6 5 D
9 13 12 18 U
9 14 12 19 U
9 15 7 15 R
9 16 8 29 L
9 17 5 17 U
9 18 8 25 L
9 19 6 4 D
9 20 3 9 R
9 21 12 26 L
9 22 5 22 U
9 23 0 28 L
9 24 9 20 U
9 25 8 1 D
9 26 12 4 D
9 27 9 1 D
9 28 5 22 U
9 29 9 17 U
9 30 4 0 D
9 31 13 18 U
10 0 3 0 D
10 1 8 1 D
10 2 7 2 D
10 3 11 8 R
10 4 10 4 D
10 5 0 29 L
10 6 12 6 D
10 7 11 17 U
10 8 8 4 D
10 9 9 9 R
10 10 10 10 R
10 11 10 1 D
10 12 9 21 U
10 13 12 13 R
10 14 11 14 R
10 15 11 17 U
10 16 5 27 L
10 17 10 17 U
10 18 10 25 L
10 19 11 19 U
10 20 9 29 L
10 21 5 21 U
10 22 12 31 L
10 23 13 23 U
10 24 11 18 U
10 25 9 19 U
10 26 11 26 L
10 27 10 27 L
10 28 11 28 L
10 29 5 0 D
10 30 10 5 D
10 31 13 31 L
11 0 8 11 R
11 1 9 11 R
11 2 0 24 L
11 3 11 3 D
11 4 9 4 D
11 5 9 5 D
11 6 12 10 R
11 7 13 7 D
11 8 7 17 U
11 9 0 5 D
11 10 9 22 U
11 11 2 25 L
11 12 11 12 R
11 13 11 13 R
11 14 10 14 R
11 15 10 15 R
11 16 6 15 R
11 17 4 8 R
11 18 10 18 U
11 19 10 19 U
11 20 6 28 L
11 21 0 6 D
11 22 9 22 U
11 23 14 23 U
11 24 10 19 U
11 25 0 16 U
11 26 9 26 L
11 27 9 27 L
11 28 12 28 L
11 29 7 29 L
11 30 10 30 L
11 31 8 22 U
12 0 10 30 L
12 1 0 27 L
12 2 10 11 R
12 3 0 31 L
12 4 11 24 L
12 5 0 26 L
12 6 1 28 L
12 7 3 7 D
12 8 10 8 R
12 9 0 6 D
12 10 2 10 R
12 11 0 7 D
12 12 12 12 R
12 13 9 13 R
12 14 9 14 R
12 15 11 16 U
12 16 8 8 R
12 17 9 15 R
12 18 9 10 R
12 19 10 26 L
12 20 0 3 D
12 21 10 21 U
12 22 11 9 R
12 23 14 7 D
12 24 12 24 L
12 25 11 19 U
12 26 2 4 D
12 27 10 1 D
12 28 10 28 L
12 29 4 29 L
12 30 11 30 L
12 31 10 31 L
13 0 13 8 R
13 1 13 27 L
13 2 10 31 L
13 3 12 25 L
13 4 10 19 U
13 5 4 19 U
13 6 4 6 D
13 7 10 7 D
13 8 13 7 D
13 9 11 5 D
13 10 12 20 U
13 11 10 7 D
13 12 13 16 U
13 13 12 22 U
13 14 11 28 L
13 15 0 17 U
13 16 8 10 R
13 17 13 14 R
13 18 13 12 R
13 19 11 29 L
13 20 12 9 R
13 21 6 24 L
13 22 12 22 U
13 23 0 1 D
13 24 12 16 U
13 25 1 2 D
13 26 12 3 D
13 27 13 0 D
13 28 6 21 U
13 29 1 6 D
13 30 11 22 U
13 31 16 2 D
14 0 4 8 R
14 1 13 28 L
14 2 13 24 L
14 3 13 8 R
14 4 0 13 R
14 5 2 27 L
14 6 3 6 D
14 7 11 7 D
14 8 13 21 U
14 9 9 4 D
14 10 13 10 R
14 11 15 11 R
14 12 13 20 U
14 13 13 13 R
14 14 10 17 U
14 15 2 15 R
14 16 10 15 R
14 17 6 17 U
14 18 8 18 U
14 19 14 26 L
14 20 11 20 U
14 21 14 21 U
14 22 6 22 U
14 23 20 23 U
14 24 13 1 D
14 25 14 2 D
14 26 16 17 U
14 27 15 16 U
14 28 8 0 D
14 29 10 1 D
14 30 1 30 L
14 31 15 31 L
15 0 9 8 R
15 1 14 28 L
15 2 15 28 L
15 3 15 3 D
15 4 15 29 L
15 5 11 5 D
15 6 12 8 R
15 7 0 13 R
15 8 0 24 L
15 9 8 18 U
15 10 10 24 L
15 11 18 1 D
15 12 14 12 R
15 13 14 13 R
15 14 14 14 R
15 15 16 20 U
15 16 14 13 R
15 17 14 17 U
15 18 13 2 D
15 19 14 19 U
15 20 13 20 U
15 21 16 24 L
15 22 13 12 R
15 23 8 3 D
15 24 15 16 U
15 25 13 0 D
15 26 17 18 U
15 27 16 19 U
15 28 10 21 U
15 29 17 29 L
15 30 19 30 L
15 31 12 31 L
16 0 6 25 L
16 1 15 11 R
16 2 16 25 L
16 3 8 3 D
16 4 17 4 D
16 5 14 5 D
16 6 10 6 D
16 7 14 7 D
16 8 10 2 D
16 9 14 7 D
16 10 16 10 R
16 11 17 11 R
16 12 15 12 R
16 13 13 18 U
16 14 14 23 U
16 15 12 15 R
16 16 15 9 R
16 17 16 1 D
16 18 18 27 L
16 19 16 19 U
16 20 14 20 U
16 21 12 21 U
16 22 18 22 U
16 23 22 11 R
16 24 14 5 D
16 25 13 25 L
16 26 18 26 L
16 27 15 27 L
16 28 15 19 U
16 29 11 29 L
16 30 17 30 L
16 31 16 1 D
17 0 16 24 L
17 1 14 8 R
17 2 8 15 R
17 3 18 27 L
17 4 18 4 D
17 5 0 21 U
17 6 17 26 L
17 7 17 9 R
17 8 14 16 U
17 9 11 24 L
17 10 10 6 D
17 11 19 4 D
17 12 17 18 U
17 13 15 13 R
17 14 6 14 R
17 15 17 15 R
17 16 5 13 R
17 17 15 12 R
17 18 13 18 U
17 19 14 10 R
17 20 18 11 R
17 21 18 25 L
17 22 1 22 U
17 23 22 23 U
17 24 14 3 D
17 25 17 6 D
17 26 16 5 D
17 27 14 0 D
17 28 5 7 D
17 29 16 29 L
17 30 20 23 U
17 31 16 31 L
18 0 6 27 L
18 1 18 9 R
18 2 17 2 D
18 3 15 15 R
18 4 17 17 U
18 5 17 5 D
18 6 16 31 L
18 7 17 25 L
18 8 15 8 R
18 9 0 22 U
18 10 21 17 U
18 11 19 11 R
18 12 22 2 D
18 13 10 13 R
18 14 16 14 R
18 15 16 15 R
18 16 15 16 U
18 17 17 29 L
18 18 9 2 D
18 19 15 19 U
18 20 17 20 U
18 22 11 26 L
18 23 20 24 L
18 24 2 17 U
18 25 0 9 R
18 26 14 26 L
18 27 14 17 U
18 28 17 7 D
18 29 17 4 D
18 30 20 30 L
18 31 0 4 D
19 0 18 28 L
19 1 20 8 R
19 2 18 30 L
19 3 19 3 D
19 4 0 25 L
19 5 16 5 D
19 6 2 28 L
19 7 18 7 D
19 8 17 0 D
19 9 0 23 U
19 10 22 10 R
19 11 18 11 R
19 12 23 18 U
19 14 18 14 R
19 15 15 23 U
19 16 15 15 R
19 17 16 26 L
19 18 12 9 R
19 19 16 12 R
19 20 16 27 L
19 22 13 27 L
19 23 21 23 U
19 24 17 19 U
19 25 16 20 U
19 26 16 26 L
19 27 6 3 D
19 28 15 6 D
19 29 18 16 U
19 30 18 23 U
19 31 19 31 L
20 0 19 24 L
20 1 17 30 L
20 2 11 2 D
20 3 0 9 R
20 4 14 4 D
20 5 22 14 R
20 6 21 24 L
20 7 15 14 R
20 8 20 16 U
20 9 0 20 U
20 10 20 10 R
20 11 21 17 U
20 14 19 14 R
20 15 18 15 R
20 16 3 0 D
20 17 13 8 R
20 18 17 4 D
20 19 19 31 L
20 20 0 25 L
20 22 13 22 U
20 23 20 27 L
20 24 18 3 D
20 25 5 1 D
20 26 9 2 D
20 27 2 0 D
20 28 22 19 U
20 29 20 29 L
20 30 16 30 L
20 31 18 31 L
21 0 21 0 D
21 1 16 29 L
21 2 21 2 D
21 3 0 23 U
21 4 18 9 R
21 5 18 5 D
21 6 15 6 D
21 7 20 7 D
21 8 20 7 D
21 9 15 17 U
21 10 21 10 R
21 11 20 11 R
21 14 23 17 U
21 15 21 30 L
21 16 15 31 L
21 17 8 9 R
21 18 20 18 U
21 19 21 19 U
21 20 3 20 U
21 22 21 11 R
21 23 11 23 U
21 24 21 18 U
21 25 20 0 D
21 26 16 7 D
21 27 23 19 U
21 28 20 28 L
21 29 18 0 D
21 30 22 0 D
21 31 17 31 L
22 0 17 29 L
22 1 16 10 R
22 2 20 10 R
22 4 19 4 D
22 5 22 5 D
22 6 21 6 D
22 7 15 28 L
22 8 21 2 D
22 9 8 1 D
22 10 20 16 U
22 11 18 17 U
22 14 22 14 R
22 15 22 15 R
22 16 17 10 R
22 17 20 8 R
22 18 22 18 U
22 19 4 24 L
22 24 3 21 U
22 25 9 4 D
22 26 22 26 L
22 27 8 27 L
22 28 21 28 L
22 29 21 29 L
22 30 21 30 L
22 31 21 22 U
23 0 3 24 L
23 1 19 26 L
23 2 22 31 L
23 4 19 14 R
23 5 20 15 R
23 8 17 3 D
23 9 19 22 U
23 10 23 20 U
23 11 22 16 U
23 14 12 5 D
23 16 22 8 R
23 17 9 12 R
23 18 0 29 L
23 19 22 9 R
23 24 20 7 D
23 26 15 26 L
23 27 23 27 L
23 28 22 28 L
23 29 13 2 D
23 31 23 31 L
24 5 21 5 D
24 10 23 5 D

