23 24 459
7 0 11 0 15 12 19 9 0 16 20 0 11
1 0 0 12 0 8 0 2 12 0 19 15 0
20 0 4 0 10 12 0 0 0 19 0 0 0
9 10 0 0 16 0 0 8 10 0 17 0 10
9 16 15 0 0 16 0 16 0 0 0 8 14
0 16 6 18 6 0 0 0 18 0 0 0 9
4 17 0 13 0 20 0 0 19 18 20 12 3
17 1 0 0 0 7 0 16 13 0 0 0 12
14 4 0 17 12 0 18 4 0 20 0 8 7
17 22 6 0 21 17 4 16 0 0 19 4 20
0 14 9 16 0 21 0 0 18 0 19 8 12
10 0 18 0 16 1 4 4 22 17 0 0 9
19 3 16 8 7 9 0 0 10 2 13 12 18
0 0 0 0 R
0 1 0 1 R
0 2 0 2 R
0 3 0 3 R
0 4 0 4 R
0 5 0 5 R
0 6 0 6 U
0 7 0 7 U
0 8 0 8 U
0 9 0 9 U
0 10 0 10 U
0 11 0 11 U
0 12 0 12 D
0 13 0 13 D
0 14 0 14 D
0 15 0 15 D
0 16 0 16 D
0 17 0 17 D
0 18 0 18 L
0 19 0 19 L
0 20 0 20 L
0 21 0 21 L
0 22 0 22 L
0 23 0 23 L
1 0 3 17 D
1 1 14 13 D
1 2 12 7 U
1 3 8 19 L
1 4 10 7 U
1 5 7 5 R
1 6 3 12 D
1 7 9 7 U
1 8 18 22 L
1 9 14 19 L
1 10 4 10 U
1 11 9 18 L
1 12 2 12 D
1 13 0 2 R
1 14 15 20 L
1 15 8 15 D
1 16 0 5 R
1 17 12 17 D
1 18 12 18 L
1 19 3 19 L
1 20 6 13 D
1 21 3 13 D
1 22 8 15 D
1 23 15 0 R
2 0 8 0 R
2 1 0 15 D
2 2 4 2 R
2 3 5 14 D
2 4 7 9 U
2 5 0 10 U
2 6 9 20 L
2 7 0 19 L
2 8 9 16 D
2 9 0 1 R
2 10 4 10 U
2 11 0 16 D
2 12 0 0 R
2 13 12 1 R
2 14 17 14 D
2 15 16 5 R
2 16 9 5 R
2 17 6 17 D
2 18 0 7 U
2 19 1 19 L
2 20 12 7 U
2 21 8 21 L
2 22 6 22 L
2 23 1 23 L
3 0 0 12 D
3 1 0 6 U
3 2 5 2 R
3 3 6 7 U
3 4 2 4 R
3 5 5 5 R
3 6 0 12 D
3 7 2 7 U
3 8 14 20 L
3 9 0 22 L
3 10 1 18 L
3 11 9 11 U
3 12 17 21 L
3 13 7 13 D
3 14 0 1 R
3 15 0 4 R
3 16 9 21 L
3 17 6 17 D
3 18 16 10 U
3 19 19 8 U
3 20 8 6 U
3 21 6 21 L
3 22 14 8 U
3 23 14 11 U
4 0 8 0 R
4 1 6 7 U
4 2 19 2 R
4 3 2 3 R
4 4 2 4 R
4 5 10 5 R
4 6 3 18 L
4 7 9 2 R
4 8 1 8 U
4 9 5 9 U
4 10 0 17 D
4 11 5 11 U
4 12 13 4 R
4 13 0 6 U
4 14 19 18 L
4 15 2 15 D
4 16 3 5 R
4 17 0 22 L
4 18 16 12 D
4 19 13 19 L
4 20 14 20 L
4 21 11 13 D
4 22 6 22 L
4 23 0 16 D
5 0 15 14 D
5 1 6 1 R
5 2 1 2 R
5 3 2 8 U
5 4 15 4 R
5 5 4 5 R
5 6 9 0 R
5 7 0 21 L
5 8 0 3 R
5 9 4 3 R
5 10 19 10 U
5 11 1 11 U
5 12 0 3 R
5 13 7 0 R
5 14 4 14 D
5 15 13 15 D
5 16 6 16 D
5 17 7 17 D
5 18 3 1 R
5 19 3 9 U
5 20 4 20 L
5 21 0 15 D
5 22 0 16 D
5 23 2 23 L
6 0 1 16 D
6 1 4 6 U
6 2 4 13 D
6 3 3 3 R
6 4 1 6 U
6 5 9 18 L
6 6 0 13 D
6 7 7 1 R
6 8 2 8 U
6 9 5 9 U
6 10 2 10 U
6 11 3 11 U
6 12 16 22 L
6 13 15 19 L
6 14 5 14 D
6 15 10 15 D
6 16 15 3 R
6 17 17 18 L
6 18 3 12 D
6 19 0 1 R
6 20 12 8 U
6 21 8 2 R
6 22 11 22 L
6 23 8 23 L
7 0 11 9 U
7 1 0 13 D
7 2 16 11 U
7 3 4 3 R
7 4 0 8 U
7 5 15 5 R
7 6 1 6 U
7 7 3 7 U
7 8 6 8 U
7 9 9 9 U
7 10 1 10 U
7 11 0 2 R
7 12 0 18 L
7 13 0 19 L
7 14 10 19 L
7 15 2 4 R
7 16 15 19 L
7 17 14 17 D
7 18 0 12 D
7 19 4 12 D
7 20 15 2 R
7 21 2 21 L
7 22 5 22 L
7 23 9 23 L
8 0 4 8 U
8 1 6 6 U
8 2 3 8 U
8 3 2 7 U
8 4 2 4 R
8 5 3 5 R
8 6 2 6 U
8 7 4 18 L
8 8 0 15 D
8 9 4 14 D
8 10 19 18 L
8 11 4 11 U
8 12 13 0 R
8 13 13 4 R
8 14 4 5 R
8 15 0 20 L
8 16 4 21 L
8 17 9 17 D
8 18 0 6 U
8 19 0 6 U
8 20 5 7 U
8 21 3 21 L
8 22 5 22 L
8 23 15 1 R
9 0 0 18 L
9 1 8 7 U
9 2 0 9 U
9 3 7 15 D
9 4 3 8 U
9 5 11 11 U
9 6 14 20 L
9 7 15 21 L
9 8 14 13 D
9 9 10 18 L
9 10 5 10 U
9 11 7 11 U
9 12 18 12 D
9 13 2 13 D
9 14 7 14 D
9 15 12 21 L
9 16 3 16 D
9 17 8 4 R
9 18 0 14 D
9 19 15 17 D
9 20 2 12 D
9 21 14 6 U
9 22 12 22 L
9 23 5 23 L
10 0 6 0 R
10 1 12 15 D
10 2 15 9 U
10 3 12 9 U
10 4 7 16 D
10 5 12 5 R
10 6 4 0 R
10 7 12 16 D
10 8 11 8 U
10 9 5 9 U
10 10 17 18 L
10 11 14 15 D
10 12 11 23 L
10 13 21 20 L
10 14 13 2 R
10 15 3 4 R
10 16 5 16 D
10 17 3 0 R
10 18 4 13 D
10 19 0 13 D
10 20 4 6 U
10 21 6 11 U
10 22 11 6 U
10 23 11 23 L
11 0 9 7 U
11 1 13 1 R
11 2 0 7 U
11 3 2 3 R
11 4 5 4 R
11 5 2 5 R
11 6 9 15 D
11 7 9 22 L
11 8 6 14 D
11 9 15 16 D
11 10 18 10 U
11 11 6 11 U
11 12 6 1 R
11 13 6 13 D
11 14 13 22 L
11 15 14 20 L
11 16 1 16 D
11 17 8 21 L
11 18 14 6 U
11 19 20 19 L
11 20 3 20 L
11 21 2 21 L
11 22 2 22 L
12 0 7 6 U
12 1 0 19 L
12 2 7 2 R
12 3 16 3 R
12 4 5 14 D
12 5 3 5 R
12 6 0 1 R
12 7 0 20 L
12 8 9 8 U
12 9 14 9 U
12 10 17 10 U
12 11 10 1 R
12 12 9 19 L
12 13 8 3 R
12 14 2 2 R
12 15 4 15 D
12 16 2 16 D
12 17 6 17 D
12 18 2 16 D
12 19 3 19 L
12 20 4 20 L
12 22 8 22 L
12 23 5 23 L
13 0 17 12 D
13 1 12 8 U
13 2 6 8 U
13 3 6 3 R
13 4 4 4 R
13 5 17 6 U
13 6 10 12 D
13 7 1 12 D
13 8 5 8 U
13 9 11 12 D
13 10 6 3 R
13 11 16 11 U
13 12 7 18 L
13 13 5 20 L
13 14 1 14 D
13 15 6 2 R
13 16 3 19 L
13 17 6 18 L
13 18 4 6 U
13 19 10 9 U
13 20 3 20 L
13 21 5 21 L
13 22 6 11 U
14 0 13 6 U
14 1 0 17 D
14 2 10 18 L
14 3 7 6 U
14 4 3 15 D
14 5 2 10 U
14 6 0 18 L
14 7 13 13 D
14 8 1 0 R
14 9 7 9 U
14 10 2 20 L
14 11 4 18 L
14 12 0 2 R
14 13 13 3 R
14 14 0 23 L
14 15 18 0 R
14 16 10 22 L
14 17 13 1 R
14 18 4 7 U
14 19 3 6 U
14 20 9 16 D
14 22 3 15 D
15 0 1 7 U
15 1 1 10 U
15 2 10 17 D
15 3 13 12 D
15 5 5 5 R
15 6 8 19 L
15 7 0 14 D
15 8 16 0 R
15 9 0 0 R
15 10 7 10 U
15 11 9 11 U
15 12 2 21 L
15 13 11 2 R
15 14 14 21 L
15 16 3 16 D
15 17 6 17 D
15 18 0 0 R
15 19 16 7 U
15 20 3 20 L
15 21 0 16 D
15 22 6 10 U
15 23 3 23 L
16 0 12 17 D
16 1 2 1 R
16 2 11 11 U
16 3 9 15 D
16 5 2 5 R
16 6 5 12 D
16 7 1 13 D
16 8 3 8 U
16 9 2 0 R
16 10 15 19 L
16 11 0 15 D
16 12 5 18 L
16 13 15 13 D
16 14 13 14 D
16 15 5 18 L
16 16 15 2 R
16 17 18 3 R
16 18 13 11 U
16 19 11 14 D
16 20 11 20 L
16 21 4 21 L
16 22 3 22 L
16 23 9 11 U
17 0 6 15 D
17 2 15 22 L
17 3 6 8 U
17 5 13 9 U
17 6 5 3 R
17 8 12 1 R
17 9 4 9 U
17 11 3 11 U
17 12 9 20 L
17 13 5 0 R
17 14 7 14 D
17 16 16 16 D
17 17 1 17 D
17 18 0 17 D
17 19 18 10 U
17 20 9 8 U
17 22 2 22 L
18 0 16 6 U
18 1 6 1 R
18 2 0 23 L
18 3 2 3 R
18 5 10 5 R
18 6 16 6 U
18 8 7 13 D
18 9 5 9 U
18 11 12 11 U
18 14 6 3 R
18 16 1 16 D
18 17 2 2 R
18 18 21 16 D
18 19 1 11 U
18 20 4 20 L
18 22 12 14 D
19 0 20 16 D
19 3 5 19 L
19 5 7 20 L
19 6 13 13 D
19 8 11 8 U
19 9 3 9 U
19 11 2 23 L
19 14 7 14 D
19 16 7 20 L
19 17 3 17 D
19 19 18 3 R
19 22 17 22 L
20 0 5 14 D
20 3 4 3 R
20 5 12 23 L
20 8 8 14 D
20 9 14 9 U
20 14 16 14 D
20 16 9 16 D
20 19 5 1 R
21 3 1 3 R
21 5 12 5 R
21 14 18 0 R
21 19 2 10 U
22 3 1 3 R
22 5 4 5 R

