15 19 226
0 11 0 11 11 13 0 0 11 3 9
0 2 10 0 12 4 0 12 6 0 1
0 0 1 9 0 4 9 11 0 0 7
7 1 0 6 0 0 0 10 9 0 0
4 0 14 0 10 0 0 1 0 0 0
0 3 0 0 0 0 0 0 0 0 1
0 4 0 0 6 0 0 0 0 0 0
9 1 0 4 8 11 10 8 5 14 11
0 8 13 0 0 0 0 0 0 0 12
10 0 9 0 0 0 0 0 2 0 5
5 4 9 8 0 0 0 0 0 4 0
0 0 0 0 R
0 1 0 1 R
0 2 0 2 R
0 3 0 3 R
0 4 0 4 R
0 5 0 5 U
0 6 0 6 U
0 7 0 7 U
0 8 0 8 U
0 9 0 9 U
0 10 0 10 D
0 11 0 11 D
0 12 0 12 D
0 13 0 13 D
0 14 0 14 D
0 15 0 15 L
0 16 0 16 L
0 17 0 17 L
0 18 0 18 L
1 0 5 13 D
1 1 3 1 R
1 2 3 10 D
1 3 0 13 D
1 4 11 13 D
1 5 8 0 R
1 6 2 0 R
1 7 3 1 R
1 8 3 8 U
1 9 5 4 R
1 10 12 10 D
1 11 8 3 R
1 12 6 12 D
1 13 3 13 D
1 14 8 14 D
1 15 6 12 D
1 16 6 6 U
1 17 10 9 U
1 18 2 14 D
2 0 0 5 U
2 1 0 15 L
2 2 12 2 R
2 3 3 3 R
2 4 12 11 D
2 5 7 16 L
2 6 10 1 R
2 7 11 16 L
2 8 9 4 R
2 9 3 0 R
2 10 12 2 R
2 11 9 11 D
2 12 13 1 R
2 13 4 13 D
2 14 0 17 L
2 15 4 11 D
2 16 5 14 D
2 17 4 14 D
2 18 7 12 D
3 0 0 10 D
3 1 2 14 D
3 2 6 7 U
3 3 8 6 U
3 5 5 18 L
3 6 7 18 L
3 7 7 4 R
3 8 5 17 L
3 9 8 9 U
3 10 6 15 L
3 11 0 15 L
3 12 10 12 D
3 13 6 17 L
3 14 1 14 D
3 15 7 15 L
3 16 8 16 L
3 17 5 13 D
3 18 4 18 L
4 0 2 15 L
4 1 8 11 D
4 2 7 2 R
4 3 8 11 D
4 4 10 4 R
4 5 7 11 D
4 6 0 2 R
4 7 6 18 L
4 8 11 0 R
4 9 3 15 L
4 10 7 10 D
4 11 13 0 R
4 12 6 12 D
4 13 7 9 U
4 14 1 14 D
4 15 1 0 R
4 16 5 9 U
4 17 5 11 D
5 0 8 5 U
5 1 0 11 D
5 2 4 16 L
5 3 1 3 R
5 4 1 10 D
5 5 0 0 R
5 6 2 1 R
5 7 6 0 R
5 8 0 18 L
5 9 2 16 L
5 10 0 0 R
5 11 0 6 U
5 12 8 17 L
5 13 3 17 L
5 14 13 9 U
5 15 0 10 D
5 16 4 7 U
5 17 4 7 U
6 0 7 9 U
6 1 9 1 R
6 2 0 8 U
6 3 8 7 U
6 4 7 8 U
6 5 2 2 R
6 6 10 6 U
6 7 5 7 U
6 8 2 3 R
6 9 1 9 U
6 10 4 15 L
6 11 5 2 R
6 12 7 15 L
6 13 0 9 U
6 14 1 4 R
6 15 0 5 U
6 16 0 1 R
6 17 3 17 L
6 18 12 10 D
7 0 0 6 U
7 1 12 10 D
7 2 11 10 D
7 3 11 10 D
7 4 9 8 U
7 5 0 12 D
7 6 1 16 L
7 7 0 3 R
7 8 8 8 U
7 9 11 2 R
7 10 0 8 U
7 11 6 11 D
7 12 5 4 R
7 13 4 3 R
7 14 10 14 D
7 15 1 5 U
7 16 5 16 L
7 17 4 17 L
7 18 1 18 L
8 0 0 16 L
8 1 7 12 D
8 2 11 8 U
8 3 2 3 R
8 5 2 5 U
8 6 7 15 L
8 7 1 15 L
8 8 1 8 U
8 9 6 9 U
8 10 0 5 U
8 11 4 3 R
8 12 5 9 U
8 13 6 13 D
8 14 6 8 U
8 15 2 14 D
8 16 7 10 D
8 17 13 8 U
9 0 7 5 U
9 1 7 6 U
9 5 8 15 L
9 6 4 3 R
9 7 3 17 L
9 9 6 9 U
9 10 7 0 R
9 11 0 1 R
9 13 6 13 D
9 14 7 1 R
9 15 12 10 D
9 16 12 11 D
9 17 7 17 L
9 18 4 13 D
10 0 8 6 U
10 1 5 13 D
10 2 5 15 L
10 3 4 3 R
10 5 1 2 R
10 6 8 12 D
10 7 0 0 R
10 8 6 8 U
10 9 1 9 U
10 10 6 5 U
10 11 0 2 R
10 12 1 18 L
10 13 4 16 L
10 14 7 14 D
10 16 1 16 L
10 17 2 10 D
10 18 8 13 D
11 0 6 0 R
11 1 3 16 L
11 5 0 16 L
11 8 0 17 L
11 9 0 4 R
11 10 7 16 L
11 11 5 6 U
11 13 6 13 D
11 14 3 14 D
11 15 0 0 R
11 16 2 12 D
11 18 4 18 L
12 0 9 14 D
12 1 10 17 L
12 2 2 2 R
12 5 10 0 R
12 9 6 1 R
12 10 9 18 L
12 13 7 7 U
12 16 7 5 U
12 17 1 17 L
12 18 2 18 L
13 0 4 11 D
13 9 4 15 L
13 13 12 1 R
13 15 2 7 U
13 16 8 6 U
14 13 1 13 D
14 16 7 6 U

