22 28 561
4 18 3 18 19 9 0 18 0 17 0 16 15 15 7 5 14
9 0 10 0 0 0 11 3 0 0 3 12 5 16 9 3 0
4 0 0 16 4 9 0 10 6 2 17 0 8 0 17 16 0
0 17 0 0 17 0 0 0 0 19 20 0 20 17 0 19 17
1 8 0 0 0 0 17 0 0 11 19 3 10 12 9 0 0
19 0 11 19 7 10 18 0 15 0 12 2 13 0 0 17 21
20 0 0 0 20 19 0 18 0 0 17 11 0 12 19 0 20
17 18 0 3 8 0 17 0 11 18 20 0 0 11 14 20 0
13 14 0 15 16 0 0 0 17 18 20 0 17 2 0 14 2
15 7 0 14 0 18 15 11 18 0 0 0 16 15 13 0 5
5 1 0 16 17 0 19 0 0 0 0 19 16 1 3 14 1
4 3 0 10 0 0 0 20 5 0 0 17 0 0 10 3 7
1 6 8 0 7 13 0 7 0 0 0 0 0 15 11 7 8
0 13 0 0 0 0 17 0 16 18 19 0 17 16 0 2 8
1 5 0 1 17 0 17 8 0 8 10 13 14 14 12 14 0
4 12 5 10 0 17 0 0 11 12 0 18 3 0 10 6 1
1 10 8 18 16 14 0 14 17 0 0 0 11 0 0 0 16
0 0 0 0 D
0 1 0 1 D
0 2 0 2 D
0 3 0 3 D
0 4 0 4 D
0 5 0 5 D
0 6 0 6 D
0 7 0 7 R
0 8 0 8 R
0 9 0 9 R
0 10 0 10 R
0 11 0 11 R
0 12 0 12 R
0 13 0 13 R
0 14 0 14 U
0 15 0 15 U
0 16 0 16 U
0 17 0 17 U
0 18 0 18 U
0 19 0 19 U
0 20 0 20 U
0 21 0 21 L
0 22 0 22 L
0 23 0 23 L
0 24 0 24 L
0 25 0 25 L
0 26 0 26 L
0 27 0 27 L
1 0 0 7 R
1 1 1 22 L
1 2 0 9 R
1 3 1 9 R
1 4 0 8 R
1 5 0 11 R
1 6 1 21 L
1 7 0 14 U
1 8 0 1 D
1 9 0 16 U
1 10 0 21 L
1 11 0 4 D
1 12 1 0 D
1 13 0 27 L
1 14 0 21 L
1 15 0 8 R
1 16 0 23 L
1 17 0 2 D
1 18 0 24 L
1 19 0 1 D
1 20 0 22 L
1 21 0 0 D
1 22 0 7 R
1 23 0 15 U
1 24 0 17 U
1 25 0 2 D
1 26 0 4 D
1 27 1 19 U
2 0 0 10 R
2 1 0 22 L
2 2 1 24 L
2 3 1 3 D
2 4 2 4 D
2 5 2 5 D
2 6 3 6 D
2 7 0 15 U
2 8 0 24 L
2 9 2 9 R
2 10 2 10 R
2 11 1 25 L
2 12 1 12 R
2 13 3 13 R
2 14 0 0 D
2 15 1 25 L
2 16 1 16 U
2 17 0 7 R
2 18 1 18 U
2 19 3 19 U
2 20 1 20 U
2 21 0 18 U
2 22 0 14 U
2 23 0 8 R
2 24 1 3 D
2 25 1 5 D
2 26 2 26 L
2 27 3 27 L
3 0 1 0 D
3 1 0 26 L
3 2 0 24 L
3 3 0 13 R
3 4 1 4 D
3 5 1 5 D
3 6 0 14 U
3 7 0 22 L
3 8 2 15 U
3 9 0 19 U
3 10 0 6 D
3 11 3 11 R
3 12 0 2 D
3 13 2 23 L
3 14 0 11 R
3 15 0 12 R
3 16 0 25 L
3 17 0 10 R
3 18 0 3 D
3 19 0 12 R
3 20 3 20 U
3 21 0 9 R
3 22 3 18 U
3 23 0 6 D
3 24 0 19 U
3 25 2 25 L
3 26 0 20 U
3 27 2 27 L
4 0 3 9 R
4 1 2 13 R
4 2 2 2 D
4 3 0 26 L
4 4 2 24 L
4 5 8 21 L
4 6 4 6 D
4 7 2 0 D
4 8 5 6 D
4 9 0 26 L
4 10 5 15 U
4 11 1 16 U
4 12 1 21 L
4 13 4 13 R
4 14 3 7 R
4 15 2 7 R
4 16 3 8 R
4 17 2 17 U
4 18 6 8 R
4 19 4 19 U
4 20 2 2 D
4 21 5 14 U
4 22 2 22 L
4 23 1 23 L
4 24 4 24 L
4 25 0 17 U
4 26 1 5 D
4 27 6 1 D
5 0 0 22 L
5 1 0 16 U
5 2 3 2 D
5 3 6 3 D
5 4 4 4 D
5 5 9 5 D
5 6 6 21 L
5 7 1 3 D
5 8 0 0 D
5 9 0 15 U
5 10 5 10 R
5 11 1 11 R
5 12 5 12 R
5 13 0 25 L
5 14 1 8 R
5 15 3 4 D
5 16 5 16 U
5 17 1 12 R
5 18 2 18 U
5 19 0 21 L
5 20 0 0 D
5 21 3 0 D
5 22 5 17 U
5 23 4 7 R
5 24 2 15 U
5 25 6 25 L
5 26 1 26 L
5 27 0 15 U
6 0 4 0 D
6 1 0 27 L
6 2 4 26 L
6 3 7 9 R
6 4 0 9 R
6 5 6 5 D
6 6 5 6 D
6 7 2 19 U
6 8 4 8 R
6 9 0 18 U
6 10 0 3 D
6 11 0 14 U
6 12 6 20 U
6 13 2 13 R
6 14 2 12 R
6 15 2 15 U
6 16 6 16 U
6 17 5 17 U
6 18 5 18 U
6 19 6 8 R
6 20 7 20 U
6 21 4 17 U
6 22 2 17 U
6 23 7 23 L
6 24 9 5 D
6 25 3 10 R
6 26 4 26 L
6 27 5 27 L
7 0 1 23 L
7 1 0 23 L
7 2 1 11 R
7 3 5 3 D
7 4 5 4 D
7 5 7 12 R
7 6 6 8 R
7 7 4 6 D
7 8 2 8 R
7 9 5 14 U
7 10 7 4 D
7 11 9 17 U
7 12 7 12 R
7 13 7 1 D
7 14 7 0 D
7 15 6 15 U
7 16 4 13 R
7 17 1 24 L
7 18 6 18 U
7 19 0 27 L
7 20 6 20 U
7 21 1 20 U
7 22 0 8 R
7 23 6 23 L
7 24 8 24 L
7 25 7 15 U
7 26 5 26 L
7 27 4 27 L
8 0 0 21 L
8 1 2 1 D
8 2 7 10 R
8 3 9 3 D
8 4 7 24 L
8 5 9 12 R
8 6 4 16 U
8 7 8 14 U
8 8 3 19 U
8 9 7 9 R
8 10 6 10 R
8 11 8 11 R
8 12 2 25 L
8 13 6 13 R
8 14 7 7 R
8 15 1 15 U
8 16 4 16 U
8 17 9 17 U
8 18 4 10 R
8 19 11 13 R
8 20 4 20 U
8 21 6 11 R
8 22 12 22 L
8 23 4 2 D
8 24 0 11 R
8 25 7 25 L
8 26 0 3 D
8 27 0 18 U
9 0 1 7 R
9 1 9 21 L
9 2 1 2 D
9 3 3 3 D
9 4 7 21 L
9 5 7 5 D
9 6 8 6 D
9 7 7 6 D
9 8 8 8 R
9 9 8 9 R
9 10 2 27 L
9 11 6 11 R
9 12 8 12 R
9 13 8 13 R
9 14 2 14 U
9 15 0 5 D
9 16 4 9 R
9 17 8 17 U
9 18 7 18 U
9 19 10 19 U
9 20 6 25 L
9 21 7 1 D
9 22 7 22 L
9 23 0 16 U
9 24 8 15 U
9 25 7 5 D
9 26 12 6 D
9 27 0 11 R
10 0 5 0 D
10 1 3 7 R
10 2 10 25 L
10 3 9 14 U
10 4 5 16 U
10 5 0 22 L
10 6 0 23 L
10 7 2 20 U
10 8 8 15 U
10 9 0 21 L
10 10 2 16 U
10 11 9 5 D
10 12 6 3 D
10 13 11 6 D
10 14 9 8 R
10 15 8 8 R
10 16 10 16 U
10 17 14 24 L
10 18 6 10 R
10 19 11 19 U
10 20 2 20 U
10 21 2 18 U
10 22 6 22 L
10 23 0 12 R
10 24 9 24 L
10 25 9 7 R
10 26 16 16 U
10 27 11 27 L
11 0 7 0 D
11 1 0 24 L
11 2 10 2 D
11 3 10 3 D
11 4 12 4 D
11 5 12 21 L
11 6 11 6 D
11 7 2 2 D
11 8 7 0 D
11 9 11 9 R
11 10 9 10 R
11 11 5 11 R
11 12 9 12 R
11 13 10 13 R
11 14 8 27 L
11 15 0 11 R
11 16 8 7 R
11 17 4 17 U
11 18 10 9 R
11 19 6 19 U
11 20 13 10 R
11 21 7 14 U
11 22 4 22 L
11 23 3 23 L
11 24 10 24 L
11 25 14 25 L
11 26 19 26 L
11 27 10 27 L
12 0 9 0 D
12 1 13 1 D
12 2 14 2 D
12 3 11 20 U
12 4 11 4 D
12 5 12 5 D
12 6 12 6 D
12 7 10 18 U
12 8 6 2 D
12 9 6 9 R
12 10 8 3 D
12 11 13 21 L
12 12 13 1 D
12 13 11 13 R
12 14 11 24 L
12 15 7 15 U
12 16 3 16 U
12 17 10 17 U
12 18 11 18 U
12 19 5 19 U
12 20 11 11 R
12 21 13 20 U
12 22 10 22 L
12 23 10 18 U
12 24 5 6 D
12 25 13 25 L
12 26 16 26 L
12 27 13 17 U
13 0 8 26 L
13 1 15 12 R
13 2 11 2 D
13 3 6 23 L
13 4 6 4 D
13 5 11 11 R
13 6 9 8 R
13 7 1 4 D
13 8 11 2 D
13 9 0 4 D
13 10 3 10 R
13 11 2 11 R
13 12 10 6 D
13 13 3 15 U
13 14 1 26 L
13 15 13 15 U
13 16 9 23 L
13 17 11 17 U
13 18 10 24 L
13 19 13 19 U
13 20 12 20 U
13 21 13 3 D
13 22 3 22 L
13 23 4 23 L
13 24 14 16 U
13 25 5 25 L
13 26 13 18 U
13 27 2 14 U
14 0 13 20 U
14 1 13 25 L
14 2 14 13 R
14 3 13 8 R
14 4 0 22 L
14 5 15 26 L
14 6 12 13 R
14 7 13 15 U
14 8 12 8 R
14 9 13 9 R
14 10 7 2 D
14 11 9 22 L
14 12 15 18 U
14 13 5 5 D
14 14 15 14 U
14 15 12 9 R
14 16 0 10 R
14 17 15 17 U
14 18 13 5 D
14 19 11 21 L
14 20 11 5 D
14 21 11 9 R
14 22 5 22 L
14 23 14 14 U
14 24 15 24 L
14 25 12 17 U
14 26 15 26 L
14 27 13 27 L
15 0 13 0 D
15 1 14 1 D
15 2 7 2 D
15 3 8 3 D
15 4 10 4 D
15 5 6 25 L
15 6 8 8 R
15 7 12 3 D
15 8 6 8 R
15 9 9 14 U
15 10 12 10 R
15 11 15 11 R
15 12 12 12 R
15 13 0 26 L
15 14 6 24 L
15 15 12 8 R
15 16 11 23 L
15 17 8 23 L
15 18 16 25 L
15 19 12 12 R
15 20 12 27 L
15 21 14 21 L
15 22 11 19 U
15 23 1 16 U
15 24 0 1 D
15 25 15 12 R
15 26 8 26 L
15 27 14 27 L
16 0 10 22 L
16 1 16 9 R
16 2 13 21 L
16 3 12 9 R
16 4 8 22 L
16 5 11 5 D
16 6 13 6 D
16 7 4 16 U
16 8 14 8 R
16 9 9 22 L
16 10 11 14 U
16 11 4 18 U
16 12 13 0 D
16 13 5 13 R
16 14 14 12 R
16 15 9 15 U
16 16 15 8 R
16 17 15 21 L
16 18 8 26 L
16 19 14 19 U
16 21 6 15 U
16 22 8 6 D
16 23 17 7 R
16 24 14 19 U
16 25 10 12 R
16 26 9 5 D
16 27 6 27 L
17 0 14 0 D
17 1 17 1 D
17 2 16 2 D
17 3 17 3 D
17 4 9 24 L
17 5 0 26 L
17 6 10 6 D
17 7 7 14 U
17 8 16 8 R
17 9 12 9 R
17 10 12 16 U
17 11 19 11 R
17 12 11 18 U
17 13 16 13 R
17 14 14 14 U
17 15 14 15 U
17 16 16 7 R
17 17 12 17 U
17 18 19 11 R
17 19 18 19 U
17 21 11 15 U
17 22 11 22 L
17 23 18 23 L
17 24 12 0 D
17 25 19 16 U
17 26 17 26 L
17 27 15 27 L
18 0 14 11 R
18 1 16 1 D
18 2 5 27 L
18 3 18 9 R
18 4 15 4 D
18 5 19 5 D
18 7 16 3 D
18 8 17 19 U
18 9 10 24 L
18 10 19 4 D
18 11 18 11 R
18 12 13 12 R
18 13 18 13 R
18 14 16 14 U
18 15 15 22 L
18 16 15 23 L
18 17 13 17 U
18 18 15 18 U
18 19 19 13 R
18 21 12 5 D
18 22 6 10 R
18 23 18 17 U
18 24 5 24 L
18 25 17 0 D
18 26 17 4 D
18 27 17 27 L
19 0 18 10 R
19 1 18 23 L
19 2 18 2 D
19 3 15 15 U
19 4 17 18 U
19 5 18 5 D
19 8 18 1 D
19 9 19 9 R
19 10 18 10 R
19 12 11 12 R
19 13 19 13 R
19 14 18 9 R
19 15 3 10 R
19 16 7 25 L
19 17 19 4 D
19 18 17 26 L
19 19 16 19 U
19 21 4 1 D
19 22 17 2 D
19 23 15 23 L
19 24 12 24 L
19 26 11 26 L
20 0 1 26 L
20 1 2 24 L
20 2 0 8 R
20 3 20 3 D
20 4 10 19 U
20 8 17 8 R
20 12 17 12 R
20 14 5 12 R
20 15 16 27 L
20 24 0 3 D
21 0 10 0 D

