35 42 1186
0 0 0 0 0 11 4 0 18 0 7 0 5 22 0 0 19 29 0 19
14 0 20 16 21 0 8 0 24 0 8 0 29 0 0 1 0 18 17 0
4 1 0 5 0 0 31 9 0 22 2 19 0 11 30 0 0 25 0 24
7 25 0 6 5 0 28 0 25 14 25 0 0 2 0 0 14 0 0 0
20 0 3 2 23 0 0 6 30 17 0 0 22 14 21 0 16 30 0 0
1 0 32 19 17 23 33 21 31 0 13 0 12 0 4 0 22 23 20 0
7 11 0 16 6 0 0 25 32 25 0 15 21 24 0 25 0 21 0 0
0 12 33 0 31 28 0 28 0 0 0 0 0 0 0 0 0 0 0 0
0 11 0 0 32 8 0 0 29 29 0 0 22 0 32 10 0 29 11 0
10 27 34 0 0 28 34 22 23 5 0 11 1 19 17 0 1 0 22 0
0 0 23 24 33 11 3 0 12 0 17 4 23 11 21 0 20 24 0 0
21 14 0 0 4 0 21 0 0 31 0 32 26 0 0 0 25 13 15 27
4 27 26 23 0 23 24 18 27 30 28 18 0 22 0 3 0 23 25 33
19 29 13 31 0 0 14 0 0 0 9 9 0 0 19 0 0 9 0 6
0 26 27 21 30 30 0 9 12 23 0 0 6 0 12 25 6 0 0 28
27 11 27 12 27 0 0 0 0 28 0 28 0 30 0 0 29 29 30 22
26 22 12 21 29 6 4 0 0 22 21 0 0 29 2 0 25 0 0 27
18 28 24 0 0 0 27 0 18 27 23 0 28 0 31 23 0 26 15 4
0 0 0 24 28 0 31 0 0 30 0 3 29 5 20 23 0 0 25 0
23 5 23 18 0 15 10 10 4 8 1 1 7 7 0 19 0 14 13 17
0 0 0 0 L
0 1 0 1 L
0 2 0 2 L
0 3 0 3 L
0 4 0 4 L
0 5 0 5 L
0 6 0 6 L
0 7 0 7 L
0 8 0 8 L
0 9 0 9 L
0 10 0 10 R
0 11 0 11 R
0 12 0 12 R
0 13 0 13 R
0 14 0 14 R
0 15 0 15 R
0 16 0 16 R
0 17 0 17 R
0 18 0 18 R
0 19 0 19 R
0 20 0 20 D
0 21 0 21 D
0 22 0 22 D
0 23 0 23 D
0 24 0 24 D
0 25 0 25 D
0 26 0 26 D
0 27 0 27 D
0 28 0 28 D
0 29 0 29 D
0 30 0 30 D
0 31 0 31 U
0 32 0 32 U
0 33 0 33 U
0 34 0 34 U
0 35 0 35 U
0 36 0 36 U
0 37 0 37 U
0 38 0 38 U
0 39 0 39 U
0 40 0 40 U
0 41 0 41 U
1 0 0 41 U
1 1 0 10 R
1 2 0 33 U
1 3 12 29 D
1 4 6 4 L
1 5 2 5 L
1 6 10 6 L
1 7 7 7 L
1 8 10 8 L
1 9 3 9 L
1 10 31 28 D
1 11 0 23 D
1 12 19 22 D
1 13 0 33 U
1 14 8 14 R
1 15 9 15 R
1 16 6 16 R
1 17 7 17 R
1 18 10 18 R
1 19 10 19 R
1 20 2 0 L
1 21 0 32 U
1 22 13 22 D
1 23 8 36 U
1 24 2 3 L
1 25 4 25 D
1 26 4 26 D
1 27 7 27 D
1 28 4 28 D
1 29 14 29 D
1 30 2 30 D
1 31 2 4 L
1 32 9 14 R
1 33 0 7 L
1 34 4 34 U
1 35 2 35 U
1 36 3 36 U
1 37 3 37 U
1 38 4 38 U
1 39 2 39 U
1 40 20 1 L
1 41 12 41 U
2 0 11 0 L
2 1 6 1 L
2 2 0 31 U
2 3 16 3 L
2 4 6 4 L
2 5 5 5 L
2 6 21 6 L
2 7 1 32 U
2 8 1 8 L
2 9 19 18 R
2 10 15 34 U
2 11 16 21 D
2 12 4 26 D
2 13 6 13 R
2 14 0 30 D
2 15 3 15 R
2 16 6 16 R
2 17 6 17 R
2 18 22 40 U
2 19 5 19 R
2 20 12 9 L
2 21 13 5 L
2 22 20 2 L
2 23 5 23 D
2 24 5 24 D
2 25 0 15 R
2 26 0 2 L
2 27 1 27 D
2 28 7 39 U
2 29 8 29 D
2 30 12 30 D
2 31 4 31 U
2 32 14 32 U
2 33 13 33 U
2 34 6 34 U
2 35 26 2 L
2 36 12 36 U
2 37 0 25 D
2 38 17 38 U
2 39 17 3 L
2 40 11 40 U
2 41 23 4 L
3 0 13 32 U
3 1 2 22 D
3 2 10 2 L
3 3 2 28 D
3 4 0 32 U
3 5 20 34 U
3 6 1 6 L
3 7 1 7 L
3 8 22 25 D
3 9 0 13 R
3 10 0 25 D
3 11 5 37 U
3 12 1 12 R
3 13 13 25 D
3 14 1 24 D
3 15 25 15 R
3 16 1 16 R
3 17 8 27 D
3 18 16 18 R
3 19 1 19 R
3 20 0 0 L
3 21 5 21 D
3 22 22 4 L
3 23 15 23 D
3 24 1 24 D
3 25 14 25 D
3 26 6 26 D
3 27 4 27 D
3 28 11 28 D
3 29 2 29 D
3 30 4 30 D
3 31 1 31 U
3 32 2 12 R
3 33 0 21 D
3 34 20 18 R
3 35 1 35 U
3 36 17 36 U
3 37 12 37 U
3 38 18 38 U
3 39 10 2 L
3 40 4 40 U
3 41 1 41 U
4 0 0 12 R
4 1 15 32 U
4 2 0 26 D
4 3 16 3 L
4 4 7 23 D
4 5 2 37 U
4 6 6 24 D
4 7 0 14 R
4 8 0 24 D
4 9 12 22 D
4 10 0 38 U
4 11 11 34 U
4 12 12 21 D
4 13 15 37 U
4 14 3 34 U
4 15 3 15 R
4 16 10 41 U
4 17 9 29 D
4 18 1 18 R
4 19 27 28 D
4 20 3 0 L
4 21 13 21 D
4 22 5 3 L
4 23 5 4 L
4 24 15 4 L
4 25 6 25 D
4 26 3 26 D
4 27 16 7 L
4 28 1 31 U
4 29 23 29 D
4 30 11 8 L
4 31 7 31 U
4 32 1 3 L
4 33 16 33 U
4 34 6 15 R
4 35 12 35 U
4 36 2 36 U
4 37 1 37 U
4 38 3 38 U
4 39 1 23 D
4 40 3 40 U
4 41 1 41 U
5 0 0 39 U
5 1 16 1 L
5 2 10 33 U
5 3 1 3 L
5 4 13 41 U
5 5 0 23 D
5 6 24 6 L
5 7 7 7 L
5 8 8 41 U
5 9 1 9 L
5 10 0 21 D
5 11 0 32 U
5 12 24 37 U
5 13 3 13 R
5 14 4 29 D
5 15 2 22 D
5 16 9 16 R
5 17 8 34 U
5 18 0 20 D
5 19 9 40 U
5 20 7 18 R
5 21 13 21 D
5 22 1 22 D
5 23 6 5 L
5 24 18 1 L
5 25 0 41 U
5 26 16 18 R
5 27 11 27 D
5 28 6 28 D
5 29 19 1 L
5 30 1 30 D
5 31 8 15 R
5 32 0 2 L
5 33 0 24 D
5 34 11 4 L
5 35 3 1 L
5 36 8 36 U
5 37 16 2 L
5 38 11 38 U
5 39 7 39 U
5 40 1 40 U
5 41 10 41 U
6 0 8 20 D
6 1 24 1 L
6 2 22 29 D
6 3 1 3 L
6 4 11 4 L
6 5 5 5 L
6 6 3 6 L
6 7 20 7 L
6 8 1 8 L
6 9 2 9 L
6 10 23 10 R
6 11 9 11 R
6 12 2 12 R
6 13 0 22 D
6 14 19 14 R
6 15 1 15 R
6 16 1 9 L
6 17 21 37 U
6 18 1 18 R
6 19 4 34 U
6 20 0 8 L
6 21 11 1 L
6 22 22 22 D
6 23 22 15 R
6 24 4 3 L
6 25 7 7 L
6 26 17 2 L
6 27 1 14 R
6 28 4 4 L
6 29 14 13 R
6 30 14 13 R
6 31 0 11 R
6 32 0 12 R
6 33 3 33 U
6 34 12 15 R
6 35 20 18 R
6 36 29 15 R
6 37 5 37 U
6 38 0 2 L
6 39 1 39 U
6 40 1 40 U
6 41 2 10 R
7 0 1 31 U
7 1 13 33 U
7 2 20 34 U
7 3 22 34 U
7 4 11 27 D
7 5 22 5 L
7 6 10 6 L
7 7 9 7 L
7 8 10 20 D
7 9 10 9 L
7 10 8 41 U
7 11 0 20 D
7 12 13 36 U
7 13 20 35 U
7 14 6 22 D
7 15 4 15 R
7 16 14 33 U
7 17 2 38 U
7 18 2 18 R
7 19 6 19 R
7 20 26 20 D
7 21 2 12 R
7 22 5 4 L
7 23 10 14 R
7 24 1 24 D
7 25 9 3 L
7 26 8 26 D
7 27 0 34 U
7 28 5 28 D
7 29 4 29 D
7 31 3 31 U
7 32 8 10 R
7 33 4 6 L
7 34 14 12 R
7 35 16 35 U
7 36 5 36 U
7 37 1 37 U
7 38 1 38 U
7 39 16 39 U
7 40 28 14 R
7 41 5 41 U
8 0 10 35 U
8 1 0 20 D
8 2 10 2 L
8 3 0 34 U
8 4 17 38 U
8 5 15 22 D
8 6 17 34 U
8 7 14 39 U
8 8 6 8 L
8 9 14 20 D
8 10 9 38 U
8 11 3 32 U
8 12 1 28 D
8 13 3 13 R
8 14 10 14 R
8 15 19 28 D
8 16 12 32 U
8 17 15 41 U
8 18 1 28 D
8 19 12 28 D
8 20 17 15 R
8 21 13 3 L
8 22 0 11 R
8 23 5 23 D
8 24 2 24 D
8 25 1 25 D
8 26 2 26 D
8 27 7 27 D
8 28 12 28 D
8 29 6 18 R
8 31 0 10 R
8 32 17 10 R
8 33 0 26 D
8 34 0 20 D
8 35 20 6 L
8 36 9 1 L
8 37 18 6 L
8 38 15 9 L
8 39 18 17 R
8 40 0 18 R
8 41 1 41 U
9 0 0 15 R
9 1 23 35 U
9 2 3 2 L
9 3 6 3 L
9 4 26 4 L
9 5 15 5 L
9 6 1 6 L
9 7 2 7 L
9 8 16 8 L
9 9 23 9 L
9 10 4 24 D
9 11 1 11 R
9 12 0 34 U
9 13 26 13 R
9 14 5 14 R
9 15 3 15 R
9 16 7 16 R
9 17 14 17 R
9 18 5 18 R
9 19 28 38 U
9 20 0 6 L
9 21 3 14 R
9 22 17 13 R
9 23 17 11 R
9 24 5 24 D
9 25 4 6 L
9 26 8 0 L
9 27 11 2 L
9 28 14 9 L
9 29 4 2 L
9 31 16 13 R
9 32 11 4 L
9 33 5 11 R
9 34 17 7 L
9 35 5 35 U
9 36 8 14 R
9 37 11 10 R
9 38 10 6 L
9 39 2 5 L
9 40 0 29 D
9 41 26 9 L
10 0 0 25 D
10 1 8 21 D
10 2 0 22 D
10 3 9 35 U
10 4 3 34 U
10 5 9 5 L
10 6 8 33 U
10 7 6 36 U
10 8 9 8 L
10 9 8 40 U
10 10 16 33 U
10 11 7 11 R
10 12 12 12 R
10 13 9 13 R
10 14 1 14 R
10 15 11 15 R
10 16 9 16 R
10 17 1 39 U
10 18 0 40 U
10 19 18 19 R
10 20 3 5 L
10 21 13 16 R
10 22 13 5 L
10 23 13 23 D
10 24 20 5 L
10 25 0 7 L
10 26 18 14 R
10 27 15 38 U
10 28 19 2 L
10 29 0 10 R
10 30 2 30 D
10 31 7 11 R
10 32 2 32 U
10 33 9 4 L
10 34 23 11 R
10 35 16 14 R
10 36 12 36 U
10 37 1 19 R
10 38 13 38 U
10 39 1 4 L
10 40 4 5 L
10 41 18 2 L
11 0 3 26 D
11 1 16 20 D
11 2 13 2 L
11 3 24 3 L
11 4 6 10 R
11 5 1 5 L
11 6 22 6 L
11 7 0 25 D
11 8 5 32 U
11 9 18 38 U
11 10 0 31 U
11 11 17 22 D
11 12 1 12 R
11 13 10 39 U
11 14 10 36 U
11 15 23 15 R
11 16 1 37 U
11 17 22 36 U
11 18 18 24 D
11 19 23 41 U
11 20 17 20 D
11 21 15 21 D
11 22 3 22 D
11 23 14 1 L
11 24 4 24 D
11 25 22 2 L
11 26 26 26 D
11 27 19 27 D
11 28 12 0 L
11 29 1 29 D
11 30 14 8 L
11 31 22 31 U
11 32 21 32 U
11 33 3 33 U
11 34 12 34 U
11 35 17 35 U
11 36 8 36 U
11 37 1 9 L
11 38 0 11 R
11 39 2 39 U
11 40 1 40 U
11 41 15 26 D
12 0 6 20 D
12 1 10 1 L
12 2 13 23 D
12 3 1 3 L
12 4 2 4 L
12 5 3 28 D
12 6 19 22 D
12 7 0 24 D
12 8 9 34 U
12 9 3 9 L
12 10 7 39 U
12 11 0 34 U
12 12 11 35 U
12 13 25 41 U
12 14 4 30 D
12 15 4 33 U
12 16 16 16 R
12 17 10 17 R
12 18 5 18 R
12 19 2 19 R
12 20 23 1 L
12 21 23 0 L
12 22 11 22 D
12 23 16 8 L
12 24 23 24 D
12 25 1 14 R
12 26 2 9 L
12 27 2 27 D
12 28 3 28 D
12 29 18 16 R
12 30 8 30 D
12 31 8 31 U
12 32 1 12 R
12 33 0 23 D
12 34 0 22 D
12 35 11 35 U
12 36 14 36 U
12 37 7 37 U
12 38 4 38 U
12 39 20 39 U
12 40 2 11 R
12 41 0 3 L
13 0 1 0 L
13 1 6 24 D
13 2 0 36 U
13 3 0 11 R
13 4 25 39 U
13 5 28 20 D
13 6 0 38 U
13 7 0 32 U
13 8 3 39 U
13 9 1 9 L
13 10 8 21 D
13 11 27 20 D
13 12 18 23 D
13 13 10 32 U
13 14 20 40 U
13 15 6 31 U
13 16 1 16 R
13 17 25 39 U
13 18 3 41 U
13 19 11 33 U
13 20 0 10 R
13 21 0 2 L
13 22 0 1 L
13 23 1 23 D
13 24 2 24 D
13 25 5 13 R
13 26 18 15 R
13 27 28 11 R
13 28 0 37 U
13 29 0 40 U
13 31 3 31 U
13 32 11 11 R
13 33 0 11 R
13 34 3 34 U
13 35 5 35 U
13 36 9 16 R
13 37 10 37 U
13 38 14 38 U
13 39 21 0 L
13 40 2 40 U
13 41 22 41 U
14 0 18 31 U
14 1 26 36 U
14 2 16 41 U
14 3 0 21 D
14 4 22 4 L
14 5 24 33 U
14 6 27 12 R
14 7 7 7 L
14 8 12 8 L
14 9 11 34 U
14 10 20 20 D
14 11 29 35 U
14 12 2 12 R
14 13 9 32 U
14 14 0 29 D
14 15 1 30 D
14 16 16 24 D
14 17 17 17 R
14 18 4 21 D
14 19 2 26 D
14 20 22 37 U
14 21 0 31 U
14 22 9 7 L
14 23 23 23 D
14 24 5 24 D
14 25 11 25 D
14 26 21 16 R
14 27 29 8 L
14 28 10 8 L
14 29 6 29 D
14 31 26 17 R
14 32 0 20 D
14 33 17 2 L
14 34 19 34 U
14 35 18 4 L
14 36 5 1 L
14 37 2 6 L
14 38 29 38 U
14 39 19 39 U
14 40 20 40 U
14 41 5 1 L
15 0 1 30 D
15 1 11 20 D
15 2 2 2 L
15 3 9 21 D
15 4 4 25 D
15 5 6 5 L
15 6 6 6 L
15 7 2 7 L
15 8 0 33 U
15 9 29 21 D
15 10 8 31 U
15 11 5 11 R
15 12 2 12 R
15 13 0 35 U
15 14 20 36 U
15 15 2 36 U
15 16 0 8 L
15 17 18 26 D
15 18 10 18 R
15 19 9 37 U
15 20 5 20 D
15 21 8 10 R
15 22 14 22 D
15 23 8 23 D
15 24 4 24 D
15 25 0 1 L
15 26 14 26 D
15 27 24 27 D
15 28 14 28 D
15 30 4 8 L
15 31 5 0 L
15 32 12 0 L
15 33 10 15 R
15 34 12 8 L
15 35 25 35 U
15 36 14 9 L
15 37 5 19 R
15 39 2 26 D
15 40 13 3 L
15 41 1 41 U
16 0 2 0 L
16 1 6 1 L
16 2 5 2 L
16 3 3 3 L
16 4 1 4 L
16 5 3 5 L
16 6 1 6 L
16 7 1 7 L
16 8 3 8 L
16 9 12 9 L
16 10 2 10 R
16 11 6 11 R
16 12 29 12 R
16 13 18 33 U
16 14 21 34 U
16 15 12 31 U
16 16 9 16 R
16 17 28 6 L
16 18 1 22 D
16 19 9 19 R
16 20 23 16 R
16 21 11 2 L
16 22 2 22 D
16 23 21 23 D
16 24 14 14 R
16 25 19 25 D
16 26 23 17 R
16 27 18 27 D
16 28 27 28 D
16 31 0 1 L
16 32 5 32 U
16 33 10 12 R
16 34 21 6 L
16 35 23 11 R
16 36 0 14 R
16 37 7 16 R
16 38 26 0 L
16 39 1 39 U
16 40 1 40 U
16 41 10 5 L
17 0 5 23 D
17 1 12 31 U
17 2 7 36 U
17 3 12 36 U
17 4 0 13 R
17 5 22 17 R
17 6 0 30 D
17 7 18 33 U
17 8 18 27 D
17 9 20 25 D
17 10 3 31 U
17 11 10 27 D
17 12 1 12 R
17 13 19 21 D
17 14 3 14 R
17 15 7 38 U
17 16 0 27 D
17 17 14 21 D
17 18 31 41 U
17 19 0 41 U
17 20 28 32 U
17 21 2 21 D
17 22 0 12 R
17 24 9 1 L
17 25 18 4 L
17 26 1 26 D
17 27 8 7 L
17 28 2 28 D
17 31 9 27 D
17 32 3 32 U
17 33 2 18 R
17 34 22 34 U
17 35 5 35 U
17 36 11 36 U
17 37 11 37 U
17 38 0 4 L
17 39 12 39 U
17 40 1 40 U
17 41 21 41 U
18 0 12 28 D
18 1 1 1 L
18 2 6 38 U
18 3 1 20 D
18 4 21 4 L
18 5 1 40 U
18 6 21 35 U
18 7 10 7 L
18 8 27 33 U
18 9 15 9 L
18 10 5 40 U
18 11 21 24 D
18 12 4 25 D
18 13 4 37 U
18 14 16 28 D
18 15 8 26 D
18 16 22 22 D
18 17 3 17 R
18 18 6 18 R
18 19 20 21 D
18 20 24 31 U
18 21 0 13 R
18 22 28 10 R
18 23 0 4 L
18 24 0 17 R
18 25 7 25 D
18 26 14 26 D
18 27 13 13 R
18 28 12 13 R
18 31 3 31 U
18 32 13 1 L
18 33 22 33 U
18 34 27 3 L
18 35 31 7 L
18 36 6 27 D
18 37 9 37 U
18 39 8 5 L
18 40 17 6 L
18 41 21 7 L
19 0 17 40 U
19 1 14 21 D
19 2 16 21 D
19 3 20 23 D
19 4 26 25 D
19 5 8 21 D
19 6 10 19 R
19 7 22 23 D
19 8 13 8 L
19 9 29 27 D
19 10 1 23 D
19 11 18 26 D
19 12 15 34 U
19 13 11 31 U
19 14 1 29 D
19 15 3 15 R
19 16 14 24 D
19 17 18 17 R
19 18 9 35 U
19 19 3 19 R
19 20 22 10 R
19 21 14 8 L
19 22 21 22 D
19 23 4 23 D
19 24 0 32 U
19 25 1 25 D
19 26 16 26 D
19 27 18 33 U
19 28 24 3 L
19 29 2 29 D
19 31 0 0 L
19 32 11 32 U
19 33 0 13 R
19 34 18 3 L
19 35 11 35 U
19 36 6 24 D
19 37 1 37 U
19 38 5 38 U
19 39 11 8 L
19 40 18 3 L
19 41 21 41 U
20 0 1 35 U
20 1 2 33 U
20 2 19 2 L
20 3 18 26 D
20 4 9 21 D
20 5 2 25 D
20 6 2 25 D
20 7 5 7 L
20 8 12 40 U
20 9 1 9 L
20 10 0 1 L
20 11 15 28 D
20 12 6 39 U
20 13 24 21 D
20 14 19 40 U
20 15 19 26 D
20 16 19 16 R
20 17 5 17 R
20 19 19 19 R
20 20 22 20 D
20 21 4 21 D
20 22 12 16 R
20 23 3 23 D
20 24 4 11 R
20 25 1 25 D
20 26 26 1 L
20 27 21 16 R
20 28 10 18 R
20 29 21 34 U
20 30 10 30 D
20 31 14 5 L
20 32 22 13 R
20 33 3 33 U
20 34 0 3 L
20 35 29 12 R
20 36 0 12 R
20 37 12 28 D
20 38 17 2 L
20 39 1 39 U
20 40 15 19 R
20 41 3 41 U
21 0 19 32 U
21 1 0 37 U
21 2 14 31 U
21 3 0 19 R
21 4 15 37 U
21 5 7 5 L
21 6 6 21 D
21 7 5 7 L
21 8 23 8 L
21 9 10 9 L
21 10 26 24 D
21 11 23 29 D
21 12 11 32 U
21 13 10 23 D
21 14 16 14 R
21 15 24 25 D
21 16 6 16 R
21 17 11 41 U
21 18 4 18 R
21 20 17 4 L
21 21 22 5 L
21 22 12 0 L
21 23 11 23 D
21 24 25 24 D
21 25 26 25 D
21 26 5 26 D
21 27 13 27 D
21 28 24 28 D
21 31 11 1 L
21 32 13 11 R
21 33 0 27 D
21 34 12 34 U
21 35 3 35 U
21 36 7 16 R
21 37 22 37 U
21 39 8 39 U
21 40 2 28 D
21 41 14 25 D
22 0 8 14 R
22 1 10 35 U
22 2 29 13 R
22 3 9 3 L
22 4 17 24 D
22 5 25 24 D
22 6 6 6 L
22 7 4 25 D
22 9 9 31 U
22 10 10 35 U
22 11 15 24 D
22 12 3 12 R
22 13 10 13 R
22 14 9 14 R
22 15 24 15 R
22 16 12 16 R
22 18 21 18 R
22 20 0 16 R
22 21 19 21 D
22 22 1 13 R
22 23 19 0 L
22 24 7 7 L
22 25 3 0 L
22 26 13 26 D
22 27 7 1 L
22 28 6 6 L
22 29 21 1 L
22 31 15 16 R
22 32 2 32 U
22 33 20 14 R
22 34 16 16 R
22 35 3 9 L
22 36 15 36 U
22 37 30 5 L
22 38 14 19 R
22 39 3 39 U
22 40 17 27 D
22 41 8 41 U
23 0 7 36 U
23 1 29 37 U
23 2 9 2 L
23 3 10 3 L
23 4 8 10 R
23 5 2 5 L
23 6 3 6 L
23 7 7 7 L
23 9 19 9 L
23 10 20 32 U
23 11 14 23 D
23 12 12 24 D
23 13 4 24 D
23 14 26 39 U
23 15 10 15 R
23 16 3 16 R
23 20 11 31 U
23 21 13 33 U
23 22 7 22 D
23 23 8 16 R
23 24 13 24 D
23 25 0 34 U
23 26 16 26 D
23 27 13 1 L
23 28 16 28 D
23 31 4 10 R
23 32 5 32 U
23 33 28 10 R
23 34 12 0 L
23 35 0 17 R
23 36 5 17 R
23 37 26 8 L
23 38 16 17 R
23 39 0 24 D
23 40 0 5 L
23 41 19 41 U
24 0 9 22 D
24 2 9 32 U
24 3 16 21 D
24 4 13 4 L
24 5 23 40 U
24 6 6 14 R
24 7 0 31 U
24 8 2 38 U
24 9 18 9 L
24 10 5 29 D
24 11 15 11 R
24 12 32 24 D
24 14 1 14 R
24 15 2 15 R
24 16 16 16 R
24 20 18 12 R
24 21 9 15 R
24 22 1 22 D
24 23 12 10 R
24 24 0 10 R
24 25 0 35 U
24 26 6 8 L
24 27 5 27 D
24 28 2 28 D
24 31 3 5 L
24 32 18 12 R
24 33 4 33 U
24 34 3 34 U
24 35 22 5 L
24 36 26 6 L
24 37 25 3 L
24 39 21 39 U
24 41 23 3 L
25 0 2 38 U
25 2 2 2 L
25 3 22 3 L
25 4 13 39 U
25 5 4 5 L
25 6 1 21 D
25 7 12 27 D
25 9 2 9 L
25 10 20 6 L
25 11 11 35 U
25 12 6 12 R
25 14 1 34 U
25 15 19 15 R
25 16 9 20 D
25 18 0 4 L
25 20 8 20 D
25 21 12 21 D
25 22 12 7 L
25 23 2 23 D
25 24 24 18 R
25 25 1 6 L
25 26 19 26 D
25 27 0 5 L
25 28 23 7 L
25 30 8 11 R
25 31 3 31 U
25 32 24 32 U
25 33 11 33 U
25 34 26 34 U
25 35 4 35 U
25 36 8 36 U
25 37 23 26 D
25 38 1 38 U
25 39 3 39 U
26 0 15 0 L
26 1 16 1 L
26 2 12 30 D
26 3 25 20 D
26 4 22 4 L
26 5 12 31 U
26 6 10 6 L
26 7 22 7 L
26 9 3 26 D
26 11 5 11 R
26 12 10 32 U
26 14 22 27 D
26 15 27 28 D
26 16 23 25 D
26 20 25 6 L
26 21 16 21 D
26 22 5 10 R
26 23 25 1 L
26 24 2 24 D
26 25 2 25 D
26 26 27 32 U
26 27 27 27 D
26 28 3 28 D
26 29 0 1 L
26 31 7 12 R
26 32 4 19 R
26 33 18 33 U
26 34 11 34 U
26 35 16 23 D
26 36 13 36 U
26 37 21 37 U
26 38 16 5 L
26 39 21 39 U
26 40 14 40 U
26 41 16 41 U
27 0 8 33 U
27 2 2 32 U
27 3 30 15 R
27 4 5 4 L
27 5 22 5 L
27 6 16 31 U
27 9 2 9 L
27 11 18 31 U
27 12 14 20 D
27 14 30 33 U
27 15 24 22 D
27 16 4 37 U
27 20 22 2 L
27 21 16 21 D
27 23 1 19 R
27 24 24 19 R
27 25 11 25 D
27 26 19 9 L
27 27 3 27 D
27 31 13 2 L
27 32 19 2 L
27 33 14 17 R
27 34 5 34 U
27 35 4 0 L
27 36 13 3 L
27 37 20 37 U
27 39 16 39 U
27 41 10 0 L
28 0 20 0 L
28 3 2 3 L
28 4 5 4 L
28 5 30 25 D
28 6 3 6 L
28 9 2 9 L
28 11 1 11 R
28 15 26 37 U
28 16 10 40 U
28 20 27 11 R
28 21 25 11 R
28 23 17 12 R
28 24 1 15 R
28 25 12 5 L
28 26 21 26 D
28 27 26 15 R
28 31 18 31 U
28 32 2 10 R
28 33 3 33 U
28 34 2 13 R
28 35 0 16 R
28 37 6 13 R
29 0 18 0 L
29 3 2 3 L
29 4 9 4 L
29 5 20 27 D
29 6 32 23 D
29 9 1 9 L
29 11 28 11 R
29 15 0 0 L
29 16 9 35 U
29 21 26 21 D
29 23 26 6 L
29 24 0 38 U
29 25 2 25 D
29 26 20 14 R
29 27 6 27 D
29 28 1 28 D
29 31 27 11 R
29 32 20 17 R
29 33 16 14 R
29 34 2 34 U
29 35 19 16 R
29 37 22 37 U
30 0 16 0 L
30 3 16 3 L
30 4 9 4 L
30 6 1 6 L
30 15 10 15 R
30 24 13 24 D
30 25 27 3 L
30 31 27 3 L
30 32 12 32 U
30 33 15 33 U
30 35 1 18 R
30 37 4 37 U
31 4 3 4 L
31 6 0 36 U
31 15 6 15 R
31 24 0 9 L
31 25 27 8 L
31 31 7 31 U
31 32 2 32 U
31 33 4 27 D
31 35 15 1 L
31 37 3 37 U
32 6 9 6 L
32 25 27 0 L
32 31 0 19 R
32 32 0 5 L
32 33 11 33 U
32 35 25 15 R
32 37 11 37 U
33 25 2 25 D
33 31 4 31 U
33 33 11 33 U
33 37 11 37 U
34 25 4 16 R
34 31 4 31 U

