23 18 343
17 20 11 1 5 19 8 11 21 0
0 0 0 7 7 0 2 19 0 12
0 0 3 6 0 17 2 10 0 1
0 11 0 0 2 0 21 0 22 12
0 11 18 8 21 0 0 0 0 22
0 1 21 0 0 0 0 0 0 22
0 19 0 16 0 20 20 19 8 10
0 11 9 0 0 0 0 22 0 20
0 14 0 0 0 5 0 18 21 18
12 4 18 4 0 14 12 0 1 9
0 0 0 0 L
0 1 0 1 L
0 2 0 2 L
0 3 0 3 L
0 4 0 4 L
0 5 0 5 R
0 6 0 6 R
0 7 0 7 R
0 8 0 8 R
0 9 0 9 D
0 10 0 10 D
0 11 0 11 D
0 12 0 12 D
0 13 0 13 U
0 14 0 14 U
0 15 0 15 U
0 16 0 16 U
0 17 0 17 U
1 0 11 9 D
1 1 5 12 D
1 2 2 2 L
1 3 15 11 D
1 4 2 4 L
1 5 4 5 R
1 6 14 10 D
1 7 0 11 D
1 8 5 8 R
1 9 6 2 L
1 10 2 4 L
1 11 11 0 L
1 12 7 12 D
1 13 4 7 R
1 14 10 6 R
1 15 0 5 R
1 16 0 4 L
1 17 10 5 R
2 0 1 10 D
2 1 0 17 U
2 2 0 15 U
2 3 6 3 L
2 4 4 4 L
2 5 6 14 U
2 6 7 13 U
2 7 3 7 R
2 8 0 2 L
2 9 0 3 L
2 10 1 7 R
2 11 12 7 R
2 12 7 5 R
2 13 9 6 R
2 14 16 6 R
2 15 13 5 R
2 16 1 6 R
3 0 5 6 R
3 1 4 14 U
3 2 7 15 U
3 3 2 6 R
3 4 10 14 U
3 5 4 15 U
3 6 4 6 R
3 7 19 11 D
3 8 14 14 U
3 9 13 13 U
3 10 1 1 L
3 11 1 11 D
3 12 10 8 R
3 13 13 0 L
3 14 1 1 L
3 15 0 8 R
3 16 17 16 U
4 0 20 8 R
4 1 11 9 D
4 2 1 10 D
4 3 2 3 L
4 4 2 12 D
4 5 17 2 L
4 6 15 10 D
4 7 3 10 D
4 8 2 8 R
4 9 10 8 R
4 10 9 1 L
4 11 0 7 R
4 12 10 6 R
4 13 12 11 D
4 14 13 0 L
4 15 5 6 R
4 16 9 16 U
5 0 0 9 D
5 1 2 14 U
5 2 4 11 D
5 3 0 16 U
5 4 3 9 D
5 5 0 9 D
5 6 11 16 U
5 7 7 16 U
5 8 6 8 R
5 9 14 1 L
5 10 2 1 L
5 11 1 11 D
5 12 6 3 L
5 13 1 0 L
5 14 0 7 R
5 15 1 0 L
5 16 11 6 R
6 0 1 6 R
6 1 14 10 D
6 2 0 12 D
6 3 11 3 L
6 4 3 16 U
6 5 12 9 D
6 6 12 15 U
6 7 16 9 D
6 8 0 3 L
6 9 8 6 R
6 10 14 4 L
6 11 14 2 L
6 12 10 1 L
6 13 11 5 R
6 14 9 0 L
6 15 1 6 R
6 16 1 16 U
7 0 2 14 U
7 1 4 13 U
7 2 19 13 U
7 3 0 8 R
7 4 19 4 L
7 5 13 12 D
7 6 4 6 R
7 7 16 11 D
7 8 16 10 D
7 9 0 5 R
7 10 0 0 L
7 11 0 6 R
7 12 5 17 U
7 13 0 9 D
7 14 10 5 R
7 15 15 7 R
7 16 3 12 D
8 0 5 9 D
8 1 9 13 U
8 2 6 13 U
8 3 1 3 L
8 4 13 15 U
8 5 0 10 D
8 6 0 1 L
8 7 1 7 R
8 8 4 8 R
8 9 17 0 L
8 10 10 6 R
8 11 13 15 U
8 12 0 1 L
8 13 6 9 D
8 14 16 5 R
8 15 20 5 R
8 16 0 6 R
9 0 18 13 U
9 1 11 1 L
9 2 16 15 U
9 3 4 9 D
9 4 15 9 D
9 5 20 14 U
9 6 5 13 U
9 7 8 7 R
9 8 8 15 U
9 9 3 5 R
9 10 0 8 R
9 11 3 6 R
9 12 10 12 D
9 13 12 8 R
9 14 10 14 U
9 15 5 4 L
9 16 17 5 R
10 0 6 10 D
10 1 2 13 U
10 3 2 13 U
10 4 8 4 L
10 5 1 13 U
10 6 4 15 U
10 7 18 14 U
10 8 7 8 R
10 9 8 8 R
10 10 3 10 D
10 11 2 11 D
10 12 13 6 R
10 13 2 8 R
10 14 12 10 D
10 15 16 1 L
10 16 12 3 L
10 17 8 17 U
11 0 1 9 D
11 1 17 12 D
11 2 15 7 R
11 3 3 13 U
11 4 9 10 D
11 5 7 13 U
11 6 16 13 U
11 7 2 15 U
11 8 0 0 L
11 9 2 0 L
11 10 5 4 L
11 11 8 14 U
11 12 3 12 D
11 13 1 5 R
11 14 1 7 R
11 15 4 8 R
11 16 20 11 D
11 17 10 7 R
12 0 15 5 R
12 1 15 14 U
12 2 10 16 U
12 3 9 12 D
12 4 8 4 L
12 5 0 12 D
12 6 16 9 D
12 7 13 10 D
12 8 0 9 D
12 9 17 13 U
12 10 9 2 L
12 11 5 4 L
12 12 18 8 R
12 13 8 2 L
12 14 2 0 L
12 15 1 1 L
13 0 16 14 U
13 1 9 1 L
13 2 16 2 L
13 3 3 16 U
13 5 18 11 D
13 6 0 15 U
13 7 12 11 D
13 8 7 11 D
13 9 3 13 U
13 11 17 11 D
13 12 0 14 U
13 13 6 0 L
13 14 21 2 L
13 15 5 11 D
14 0 8 0 L
14 1 17 9 D
14 3 15 3 L
14 4 6 13 U
14 5 4 0 L
14 6 18 14 U
14 7 11 15 U
14 8 6 8 R
14 9 12 3 L
14 10 15 3 L
14 12 11 5 R
14 13 7 4 L
14 14 1 4 L
14 15 19 0 L
14 16 6 2 L
15 0 9 0 L
15 1 9 14 U
15 2 16 2 L
15 3 10 3 L
15 4 17 4 L
15 6 10 0 L
15 7 2 7 R
15 8 1 9 D
15 9 5 0 L
15 10 13 5 R
15 11 9 8 R
15 12 8 6 R
15 13 4 0 L
15 14 4 1 L
15 15 18 15 U
16 0 1 12 D
16 1 11 1 L
16 2 4 13 U
16 3 0 11 D
16 5 1 9 D
16 6 14 6 R
16 7 9 16 U
16 8 12 8 R
16 9 9 5 R
16 10 13 7 R
16 13 0 10 D
16 14 7 3 L
16 15 12 2 L
17 0 10 9 D
17 1 8 1 L
17 2 5 9 D
17 3 8 14 U
17 5 15 1 L
17 6 12 14 U
17 7 9 1 L
17 8 6 15 U
17 9 19 5 R
17 10 13 13 U
17 11 13 11 D
17 12 5 12 D
17 13 19 7 R
17 14 8 10 D
17 15 6 8 R
18 0 17 15 U
18 1 15 16 U
18 2 2 13 U
18 3 8 15 U
18 6 20 10 D
18 7 14 7 R
18 8 20 12 D
18 9 15 7 R
18 10 3 0 L
18 11 15 7 R
18 13 10 11 D
18 14 7 0 L
18 15 12 3 L
19 0 17 13 U
19 1 2 15 U
19 2 16 2 L
19 5 21 10 D
19 6 6 6 R
19 7 15 9 D
19 8 1 8 R
19 9 9 6 R
19 10 9 6 R
19 13 8 7 R
19 14 1 14 U
19 15 0 11 D
20 0 6 9 D
20 1 6 9 D
20 2 14 7 R
20 6 16 6 R
20 7 1 16 U
20 8 4 11 D
20 10 17 0 L
20 12 10 2 L
20 13 5 0 L
20 14 19 3 L
20 15 1 2 L
21 0 8 0 L
21 1 19 7 R
21 6 10 6 R
21 7 18 10 D
21 8 14 10 D
21 13 12 10 D
21 14 18 2 L
21 15 20 7 R
22 6 6 13 U
22 7 4 14 U
22 14 21 1 L
22 15 14 2 L

