14 12 148
0 0 0 0 8 0 0 7 0 0 12 11
0 0 12 5 3 7 0 0 0 0 0 0
0 0 0 0 9 7 11 0 0 9 0 0
0 6 0 0 13 0 0 9 2 0 0 0
0 0 0 0 3 11 0 0 0 0 0 0
0 5 0 7 0 3 6 0 0 0 0 0
11 6 5 0 4 0 10 0 0 0 0 0
6 2 0 0 0 10 10 0 12 10 0 0
0 0 0 7 0 0 9 0 0 0 0 0
0 0 13 8 10 0 5 0 0 0 11 1
0 3 0 0 6 0 0 0 12 0 0 0
5 9 1 3 0 0 0 10 0 9 7 0
0 0 0 0 R
0 1 0 1 R
0 2 0 2 R
0 3 0 3 U
0 4 0 4 U
0 5 0 5 U
0 6 0 6 D
0 7 0 7 D
0 8 0 8 D
0 9 0 9 L
0 10 0 10 L
0 11 0 11 L
1 0 9 4 U
1 1 0 3 U
1 2 6 4 U
1 3 0 1 R
1 4 3 2 R
1 5 4 7 D
1 6 0 0 R
1 7 3 10 L
1 8 0 11 L
1 9 8 6 D
1 10 2 7 D
1 11 2 11 L
2 0 1 5 U
2 1 1 5 U
2 2 6 2 R
2 3 0 9 L
2 4 0 8 D
2 5 1 1 R
2 6 7 6 D
2 7 0 2 R
2 8 3 8 D
2 9 0 1 R
2 10 9 10 L
2 11 8 4 U
3 0 0 9 L
3 1 10 4 U
3 2 9 7 D
3 3 2 3 U
3 4 11 0 R
3 5 4 5 U
3 6 5 6 D
3 7 0 3 U
3 8 1 8 D
3 9 2 4 U
3 10 0 3 U
3 11 6 6 D
4 0 7 3 U
4 1 9 7 D
4 2 7 11 L
4 3 7 3 U
4 4 6 0 R
4 5 6 8 D
4 6 0 9 L
4 7 0 1 R
4 8 1 2 R
4 9 5 3 U
4 10 0 6 D
4 11 2 8 D
5 0 3 0 R
5 1 3 7 D
5 2 0 10 L
5 3 2 11 L
5 4 8 4 U
5 5 4 2 R
5 6 3 3 U
5 7 1 11 L
5 8 2 1 R
5 9 0 5 U
5 10 6 4 U
5 11 0 4 U
6 0 4 5 U
6 1 5 1 R
6 2 4 2 R
6 3 10 3 U
6 4 4 9 L
6 5 0 7 D
6 6 1 9 L
6 7 13 5 U
6 8 2 11 L
6 9 0 6 D
6 10 4 6 D
6 11 9 5 U
7 0 5 8 D
7 1 0 6 D
7 2 11 5 U
7 3 4 10 L
7 4 5 10 L
7 5 0 10 L
7 6 2 9 L
7 7 3 7 D
7 8 8 10 L
7 9 0 7 D
7 10 5 5 U
7 11 6 7 D
8 0 1 9 L
8 1 3 6 D
8 2 7 5 U
8 3 3 0 R
8 4 0 6 D
8 5 5 1 R
8 6 6 0 R
8 7 4 1 R
8 8 6 10 L
8 9 6 7 D
8 10 0 8 D
8 11 12 3 U
9 0 3 0 R
9 1 7 8 D
9 2 10 2 R
9 3 0 0 R
9 4 0 0 R
9 5 6 9 L
9 6 0 10 L
9 7 4 9 L
9 8 5 1 R
9 9 5 6 D
9 10 8 7 D
9 11 6 8 D
10 0 7 0 R
10 1 0 4 U
10 2 0 5 U
10 3 6 6 D
10 4 5 9 L
10 5 3 10 L
10 6 1 10 L
10 7 8 2 R
10 8 8 2 R
10 9 5 9 L
10 11 3 11 L
11 2 0 8 D
11 3 9 2 R
11 4 10 7 D
11 5 13 0 R
11 6 4 11 L
11 7 2 9 L
11 8 10 4 U
11 9 1 8 D
12 3 8 8 D
12 4 9 6 D
12 6 0 4 U
12 7 8 1 R
12 9 1 6 D
13 3 9 1 R
13 4 5 4 U
13 7 11 0 R
13 9 3 6 D

