31 33 866
6 19 0 0 0 3 24 0 27 9 28 17 22 7 6
29 0 0 0 0 0 30 20 0 2 18 29 0 27 17
13 25 0 0 0 0 19 24 0 25 8 0 24 0 12
12 10 12 24 21 0 0 0 1 29 19 30 25 8 12
2 13 9 21 30 0 21 15 0 2 14 0 18 17 12
4 27 3 25 0 0 13 0 24 9 0 0 0 28 5
20 0 0 0 2 21 23 20 19 17 26 8 17 0 3
23 26 0 0 0 22 0 13 0 0 9 0 23 16 26
0 9 23 0 0 0 21 3 6 0 16 0 0 0 0
25 8 2 0 22 0 0 23 25 21 16 5 0 28 4
0 20 3 27 18 0 7 16 22 2 0 0 0 9 27
27 0 28 11 29 18 0 0 22 1 1 4 22 0 11
19 28 0 29 0 4 0 25 0 0 16 26 17 0 5
20 0 6 6 10 0 20 14 24 25 26 0 4 0 0
5 5 7 12 1 10 14 15 0 1 24 23 1 23 6
0 0 0 0 L
0 1 0 1 L
0 2 0 2 L
0 3 0 3 L
0 4 0 4 L
0 5 0 5 L
0 6 0 6 L
0 7 0 7 L
0 8 0 8 R
0 9 0 9 R
0 10 0 10 R
0 11 0 11 R
0 12 0 12 R
0 13 0 13 R
0 14 0 14 R
0 15 0 15 R
0 16 0 16 D
0 17 0 17 D
0 18 0 18 D
0 19 0 19 D
0 20 0 20 D
0 21 0 21 D
0 22 0 22 D
0 23 0 23 D
0 24 0 24 D
0 25 0 25 U
0 26 0 26 U
0 27 0 27 U
0 28 0 28 U
0 29 0 29 U
0 30 0 30 U
0 31 0 31 U
0 32 0 32 U
1 0 2 28 U
1 1 0 9 R
1 2 7 2 L
1 3 14 3 L
1 4 9 30 U
1 5 2 5 L
1 6 20 6 L
1 7 9 7 L
1 8 3 26 U
1 9 5 26 U
1 10 19 18 D
1 11 13 28 U
1 12 3 32 U
1 13 3 13 R
1 14 11 14 R
1 15 0 32 U
1 16 7 14 R
1 17 2 8 R
1 18 6 18 D
1 19 3 19 D
1 20 22 15 R
1 21 3 7 L
1 22 12 22 D
1 23 11 6 L
1 24 11 24 D
1 25 18 25 U
1 26 0 0 L
1 27 6 27 U
1 28 5 1 L
1 29 18 6 L
1 30 20 14 R
1 31 0 14 R
1 32 11 14 R
2 0 26 27 U
2 1 3 1 L
2 2 5 2 L
2 3 7 20 D
2 4 7 29 U
2 5 17 28 U
2 6 1 6 L
2 7 18 18 D
2 8 23 16 D
2 9 0 25 U
2 10 13 10 R
2 11 0 18 D
2 12 19 29 U
2 13 3 13 R
2 14 18 27 U
2 15 7 27 U
2 16 0 10 R
2 17 11 13 R
2 18 21 10 R
2 19 21 13 R
2 20 19 12 R
2 21 15 21 D
2 22 22 12 R
2 23 17 23 D
2 25 21 8 R
2 26 12 26 U
2 27 0 4 L
2 28 21 28 U
2 29 4 29 U
2 30 1 4 L
2 31 7 31 U
2 32 14 6 L
3 0 2 8 R
3 1 7 21 D
3 2 0 30 U
3 3 0 20 D
3 4 19 19 D
3 5 11 5 L
3 6 22 20 D
3 7 0 8 R
3 8 24 22 D
3 9 5 30 U
3 10 1 17 D
3 11 16 11 R
3 12 16 21 D
3 13 18 24 D
3 14 12 30 U
3 15 1 28 U
3 16 0 14 R
3 17 2 17 D
3 18 1 7 L
3 19 6 5 L
3 20 14 2 L
3 21 5 21 D
3 22 14 7 L
3 23 13 23 D
3 25 11 8 R
3 26 1 11 R
3 27 1 27 U
3 28 8 1 L
3 29 2 29 U
3 30 23 30 U
3 31 2 31 U
3 32 13 8 R
4 0 14 25 U
4 1 5 12 R
4 2 16 25 U
4 3 9 3 L
4 4 10 4 L
4 5 1 27 U
4 6 24 16 D
4 7 13 7 L
4 8 0 23 D
4 9 5 18 D
4 10 16 19 D
4 11 25 19 D
4 12 2 28 U
4 13 25 13 R
4 14 7 26 U
4 15 17 15 R
4 16 23 16 D
4 17 12 1 L
4 18 13 14 R
4 19 9 3 L
4 20 2 20 D
4 21 18 21 D
4 22 12 22 D
4 23 18 23 D
4 25 3 25 U
4 26 11 10 R
4 27 6 2 L
4 28 5 18 D
4 29 12 3 L
4 30 8 30 U
4 31 10 12 R
4 32 3 32 U
5 0 3 26 U
5 1 10 31 U
5 2 18 16 D
5 3 1 3 L
5 4 3 22 D
5 5 4 5 L
5 6 7 6 L
5 7 1 16 D
5 8 23 20 D
5 9 0 17 D
5 10 7 25 U
5 11 11 11 R
5 12 0 31 U
5 13 3 26 U
5 14 1 14 R
5 15 10 15 R
5 16 11 0 L
5 17 1 8 R
5 18 0 0 L
5 19 9 29 U
5 20 20 5 L
5 21 3 21 D
5 22 1 4 L
5 23 0 30 U
5 25 10 10 R
5 26 15 26 U
5 27 9 12 R
5 28 6 4 L
5 29 0 11 R
5 30 1 0 L
5 31 15 31 U
5 32 0 22 D
6 0 0 13 R
6 1 4 30 U
6 2 14 17 D
6 3 14 30 U
6 4 1 4 L
6 5 4 20 D
6 6 9 21 D
6 7 0 15 R
6 8 2 32 U
6 9 12 9 R
6 10 12 26 U
6 11 16 30 U
6 12 0 3 L
6 13 0 5 L
6 14 2 23 D
6 15 0 7 L
6 16 0 9 R
6 17 4 3 L
6 18 0 26 U
6 19 19 19 D
6 20 12 4 L
6 21 8 21 D
6 22 1 22 D
6 23 17 11 R
6 25 26 9 R
6 26 0 17 D
6 27 0 18 D
6 28 4 2 L
6 29 4 8 R
6 30 0 3 L
6 31 0 17 D
6 32 20 5 L
7 0 15 25 U
7 1 1 22 D
7 2 5 2 L
7 3 22 28 U
7 4 11 4 L
7 5 13 25 U
7 6 19 17 D
7 7 9 7 L
7 8 3 16 D
7 9 0 0 L
7 10 18 27 U
7 11 19 17 D
7 12 21 12 R
7 13 1 13 R
7 14 10 14 R
7 15 21 15 R
7 16 17 9 R
7 17 0 4 L
7 18 27 7 L
7 19 22 19 D
7 20 19 20 D
7 21 2 21 D
7 22 1 12 R
7 23 18 23 D
7 25 2 8 R
7 26 5 0 L
7 27 0 14 R
7 28 13 11 R
7 29 22 15 R
7 30 29 10 R
7 31 10 14 R
7 32 5 9 R
8 0 0 17 D
8 1 4 8 R
8 2 4 28 U
8 3 17 3 L
8 4 1 4 L
8 5 4 5 L
8 6 2 18 D
8 7 3 7 L
8 8 15 18 D
8 9 12 20 D
8 10 11 26 U
8 11 1 11 R
8 12 3 12 R
8 13 1 18 D
8 14 17 29 U
8 15 3 15 R
8 16 0 11 R
8 17 7 11 R
8 18 19 29 U
8 19 6 12 R
8 20 1 20 D
8 21 0 10 R
8 22 10 22 D
8 23 10 4 L
8 24 24 24 D
8 25 1 17 D
8 26 2 23 D
8 27 26 0 L
8 28 1 28 U
8 29 6 29 U
8 30 2 30 U
8 31 23 31 U
8 32 13 32 U
9 0 1 32 U
9 1 19 1 L
9 2 0 16 D
9 3 4 18 D
9 4 26 32 U
9 5 7 5 L
9 6 0 19 D
9 7 1 7 L
9 8 6 27 U
9 9 13 30 U
9 10 1 10 R
9 11 12 28 U
9 12 1 12 R
9 13 20 13 R
9 14 22 32 U
9 15 2 15 R
9 16 1 25 U
9 17 0 28 U
9 18 10 3 L
9 19 0 13 R
9 20 13 10 R
9 21 0 15 R
9 22 21 9 R
9 23 14 1 L
9 25 1 25 U
9 26 1 26 U
9 27 4 11 R
9 28 6 0 L
9 29 1 10 R
9 30 17 11 R
9 31 6 31 U
9 32 8 15 R
10 0 0 22 D
10 1 5 1 L
10 2 1 2 L
10 3 11 21 D
10 4 1 4 L
10 5 7 5 L
10 6 3 6 L
10 7 1 7 L
10 8 12 25 U
10 9 5 32 U
10 10 9 30 U
10 11 0 29 U
10 12 1 12 R
10 13 6 18 D
10 14 19 26 U
10 15 3 15 R
10 16 11 25 U
10 17 17 6 L
10 18 20 6 L
10 19 0 7 L
10 20 0 1 L
10 21 6 21 D
10 22 4 2 L
10 23 0 3 L
10 25 4 9 R
10 26 19 13 R
10 27 1 18 D
10 28 11 9 R
10 29 1 12 R
10 30 11 9 R
10 31 15 11 R
10 32 1 13 R
11 0 0 25 U
11 1 23 1 L
11 2 2 31 U
11 3 1 3 L
11 4 1 4 L
11 5 1 5 L
11 6 10 6 L
11 7 17 7 L
11 8 15 26 U
11 9 7 17 D
11 10 1 25 U
11 11 5 25 U
11 12 10 25 U
11 13 19 13 R
11 14 13 14 R
11 15 17 15 R
11 16 22 11 R
11 17 0 8 R
11 18 3 6 L
11 19 0 29 U
11 20 3 5 L
11 21 13 15 R
11 22 21 0 L
11 23 14 23 D
11 25 0 8 R
11 26 9 6 L
11 27 5 14 R
11 28 2 12 R
11 29 15 29 U
11 30 5 10 R
11 31 8 0 L
11 32 24 13 R
12 0 1 0 L
12 1 0 19 D
12 2 17 2 L
12 3 1 3 L
12 4 14 23 D
12 5 4 21 D
12 6 19 19 D
12 7 0 25 U
12 8 18 0 L
12 9 3 17 D
12 10 7 32 U
12 11 0 26 U
12 12 5 12 R
12 13 0 30 U
12 14 22 20 D
12 15 14 20 D
12 16 8 4 L
12 17 0 0 L
12 18 8 18 D
12 19 11 0 L
12 20 3 6 L
12 21 2 21 D
12 22 3 22 D
12 23 2 23 D
12 24 21 6 L
12 25 5 22 D
12 26 17 2 L
12 27 1 27 U
12 28 8 28 U
12 29 7 15 R
12 30 1 8 R
12 31 1 12 R
12 32 4 32 U
13 0 0 16 D
13 1 0 28 U
13 2 18 19 D
13 3 9 29 U
13 4 18 4 L
13 5 10 5 L
13 6 0 15 R
13 7 16 7 L
13 8 2 7 L
13 9 2 9 R
13 10 21 31 U
13 11 10 11 R
13 12 18 16 D
13 13 9 13 R
13 14 2 14 R
13 15 4 15 R
13 16 4 15 R
13 17 17 10 R
13 18 4 18 D
13 19 18 1 L
13 20 1 14 R
13 21 9 21 D
13 22 22 5 L
13 23 18 15 R
13 25 2 2 L
13 26 15 18 D
13 27 3 27 U
13 28 1 10 R
13 29 0 1 L
13 30 12 30 U
13 31 4 7 L
13 32 22 4 L
14 0 12 21 D
14 1 22 27 U
14 2 0 27 U
14 3 12 3 L
14 4 12 26 U
14 5 27 23 D
14 6 4 6 L
14 7 12 17 D
14 8 0 27 U
14 9 8 9 R
14 10 6 2 L
14 11 2 0 L
14 12 12 22 D
14 13 24 30 U
14 14 0 31 U
14 15 13 22 D
14 16 3 16 D
14 17 10 2 L
14 18 2 12 R
14 19 0 1 L
14 20 15 0 L
14 21 5 5 L
14 22 16 2 L
14 23 1 5 L
14 25 2 0 L
14 26 9 15 R
14 27 12 14 R
14 28 1 28 U
14 29 10 13 R
14 30 5 30 U
14 31 10 9 R
14 32 18 32 U
15 0 12 19 D
15 1 5 1 L
15 2 22 22 D
15 3 7 19 D
15 4 1 4 L
15 5 4 29 U
15 6 24 30 U
15 7 18 28 U
15 8 0 16 D
15 9 4 20 D
15 10 23 17 D
15 11 22 29 U
15 12 25 28 U
15 13 23 28 U
15 14 2 29 U
15 15 7 32 U
15 16 1 4 L
15 17 7 2 L
15 18 8 14 R
15 19 1 4 L
15 20 18 20 D
15 21 5 8 R
15 22 10 7 L
15 23 4 23 D
15 25 23 7 L
15 26 14 14 R
15 27 0 5 L
15 28 12 6 L
15 29 0 21 D
15 30 1 14 R
15 31 0 5 L
15 32 2 8 R
16 0 0 23 D
16 1 9 29 U
16 2 6 2 L
16 3 2 3 L
16 4 4 25 U
16 5 4 5 L
16 6 15 27 U
16 7 20 29 U
16 8 0 7 L
16 9 8 9 R
16 10 17 10 R
16 11 18 16 D
16 12 0 28 U
16 13 3 22 D
16 14 1 14 R
16 15 3 19 D
16 16 2 8 R
16 17 3 4 L
16 18 10 0 L
16 19 1 2 L
16 20 1 12 R
16 21 10 3 L
16 22 2 22 D
16 23 15 13 R
16 25 5 5 L
16 26 20 1 L
16 27 10 9 R
16 28 21 2 L
16 29 14 8 R
16 30 0 19 D
16 31 4 2 L
16 32 3 32 U
17 0 0 26 U
17 1 7 22 D
17 2 25 12 R
17 3 12 3 L
17 4 19 20 D
17 5 25 5 L
17 6 4 17 D
17 7 2 7 L
17 8 14 26 U
17 9 15 31 U
17 10 4 27 U
17 11 0 19 D
17 12 13 12 R
17 13 22 32 U
17 14 13 14 R
17 15 8 15 R
17 16 9 13 R
17 17 23 5 L
17 18 1 14 R
17 19 15 5 L
17 20 19 3 L
17 21 5 21 D
17 22 9 1 L
17 23 14 7 L
17 25 8 0 L
17 26 21 6 L
17 27 6 18 D
17 28 5 10 R
17 29 0 2 L
17 30 11 30 U
17 31 4 31 U
17 32 2 3 L
18 0 1 0 L
18 1 8 8 R
18 2 6 19 D
18 3 5 3 L
18 4 1 4 L
18 5 28 31 U
18 6 11 6 L
18 7 20 7 L
18 8 10 19 D
18 9 7 16 D
18 10 14 17 D
18 11 14 21 D
18 12 1 12 R
18 13 11 25 U
18 14 4 18 D
18 15 0 20 D
18 16 19 15 R
18 17 26 8 R
18 18 4 3 L
18 19 0 6 L
18 20 7 20 D
18 21 8 21 D
18 22 12 22 D
18 23 10 23 D
18 25 26 10 R
18 26 1 2 L
18 27 13 27 U
18 28 6 28 U
18 29 16 0 L
18 30 8 8 R
18 31 15 31 U
18 32 0 8 R
19 0 13 17 D
19 1 11 1 L
19 2 9 30 U
19 3 20 17 D
19 4 2 16 D
19 5 0 15 R
19 6 15 17 D
19 7 3 7 L
19 8 6 23 D
19 9 11 26 U
19 10 3 25 U
19 11 20 26 U
19 12 18 23 D
19 13 0 17 D
19 14 21 28 U
19 15 11 15 R
19 16 7 12 R
19 17 16 9 R
19 18 9 2 L
19 19 13 14 R
19 20 1 20 D
19 21 13 1 L
19 22 29 22 D
19 23 9 23 D
19 25 24 11 R
19 26 6 17 D
19 27 7 0 L
19 28 4 28 U
19 29 3 29 U
19 30 4 30 U
19 31 2 31 U
19 32 1 32 U
20 0 1 13 R
20 1 19 18 D
20 2 16 2 L
20 3 10 3 L
20 4 24 20 D
20 5 15 21 D
20 6 14 6 L
20 7 12 7 L
20 8 8 31 U
20 9 3 25 U
20 10 12 1 L
20 11 0 30 U
20 12 10 30 U
20 13 17 27 U
20 14 23 14 R
20 15 9 15 R
20 16 9 8 R
20 17 24 27 U
20 18 11 9 R
20 19 17 11 R
20 20 3 1 L
20 21 25 14 R
20 25 0 16 D
20 26 16 3 L
20 27 19 12 R
20 28 22 19 D
20 29 22 29 U
20 30 4 9 R
20 31 12 21 D
20 32 2 1 L
21 0 18 8 R
21 1 0 29 U
21 2 2 8 R
21 3 2 3 L
21 4 20 4 L
21 5 16 30 U
21 6 4 10 R
21 7 17 16 D
21 8 0 1 L
21 9 10 25 U
21 10 24 19 D
21 11 16 22 D
21 12 8 12 R
21 13 9 13 R
21 14 14 14 R
21 15 13 15 R
21 16 5 31 U
21 17 3 8 R
21 18 20 5 L
21 19 18 6 L
21 20 6 6 L
21 21 8 12 R
21 22 24 22 D
21 26 10 9 R
21 27 17 2 L
21 28 9 22 D
21 29 20 9 R
21 30 3 0 L
21 31 26 18 D
22 0 4 19 D
22 1 10 23 D
22 2 23 18 D
22 3 3 26 U
22 4 7 18 D
22 5 11 31 U
22 6 1 6 L
22 7 21 28 U
22 8 27 17 D
22 9 21 27 U
22 10 0 16 D
22 11 2 18 D
22 12 2 31 U
22 13 26 18 D
22 14 4 32 U
22 15 15 29 U
22 16 21 9 R
22 17 4 10 R
22 18 15 7 L
22 19 4 19 D
22 20 8 1 L
22 21 7 21 D
22 22 2 6 L
22 25 0 0 L
22 26 26 4 L
22 27 24 3 L
22 28 1 11 R
22 29 7 10 R
22 30 1 30 U
22 31 16 4 L
22 32 2 32 U
23 0 21 9 R
23 1 18 11 R
23 2 25 29 U
23 3 13 29 U
23 4 11 4 L
23 5 7 5 L
23 6 1 6 L
23 7 25 16 D
23 8 2 16 D
23 9 19 9 R
23 10 7 17 D
23 11 7 11 R
23 12 11 19 D
23 13 1 13 R
23 14 3 14 R
23 15 4 30 U
23 16 20 10 R
23 17 11 17 D
23 18 21 27 U
23 19 15 19 D
23 20 10 26 U
23 21 5 21 D
23 22 7 22 D
23 23 7 23 D
23 25 25 0 L
23 26 15 14 R
23 27 4 27 U
23 29 2 29 U
23 30 13 15 R
23 31 4 31 U
23 32 4 32 U
24 0 2 32 U
24 1 3 1 L
24 2 3 19 D
24 3 10 3 L
24 4 4 19 D
24 5 7 5 L
24 6 1 6 L
24 7 12 22 D
24 9 16 17 D
24 10 25 10 R
24 11 16 20 D
24 12 20 18 D
24 13 12 25 U
24 14 25 27 U
24 15 3 28 U
24 16 23 12 R
24 17 23 4 L
24 18 26 4 L
24 20 12 20 D
24 21 20 26 U
24 25 19 9 R
24 26 22 11 R
24 27 23 27 U
24 28 11 15 R
24 29 5 1 L
24 30 15 12 R
24 31 3 31 U
24 32 14 1 L
25 0 20 9 R
25 1 20 25 U
25 2 1 2 L
25 3 6 25 U
25 4 16 31 U
25 5 21 5 L
25 6 26 18 D
25 7 5 7 L
25 8 7 21 D
25 9 23 26 U
25 10 2 28 U
25 11 4 27 U
25 12 19 12 R
25 13 1 25 U
25 14 5 14 R
25 15 26 21 D
25 17 24 1 L
25 18 23 18 D
25 19 2 6 L
25 20 21 10 R
25 21 8 1 L
25 25 13 3 L
25 26 24 7 L
25 27 7 27 U
25 29 26 2 L
25 30 1 2 L
25 31 4 31 U
26 0 2 17 D
26 1 4 1 L
26 2 4 26 U
26 3 24 12 R
26 5 13 26 U
26 6 22 6 L
26 7 2 30 U
26 9 21 19 D
26 10 25 32 U
26 12 11 21 D
26 15 25 25 U
26 18 23 8 R
26 21 9 21 D
26 22 9 11 R
26 26 10 7 L
26 27 1 27 U
26 29 28 20 D
26 30 8 30 U
27 0 21 18 D
27 1 7 1 L
27 2 9 19 D
27 5 26 18 D
27 6 14 11 R
27 7 4 7 L
27 9 4 5 L
27 21 0 31 U
27 27 1 27 U
27 29 7 29 U
27 30 15 2 L
28 1 20 17 D
28 2 11 32 U
28 6 3 6 L
28 7 24 25 U
28 9 12 17 D
28 27 0 8 R
28 30 0 9 R
29 1 26 27 U
29 2 13 23 D
29 6 17 6 L
29 7 9 7 L
29 9 1 0 L
29 27 27 10 R
29 30 21 22 D
30 1 3 1 L
30 2 13 26 U
30 30 16 30 U

