27 20 484
21 0 0 15 21 0 0 20 0 0 0 14 19 15 18
0 5 0 0 1 0 0 0 7 22 0 22 0 17 0
0 12 0 21 0 0 0 7 22 0 10 21 0 4 11
13 22 11 0 0 0 0 21 20 9 0 0 23 0 24
0 11 0 2 0 6 0 16 0 0 0 0 0 0 0
0 0 0 0 0 21 8 0 0 0 0 0 0 5 11
0 0 24 19 0 0 12 12 0 0 0 0 7 0 12
0 0 13 6 0 0 1 11 25 21 0 0 0 0 11
21 8 13 0 0 0 0 13 24 0 5 7 0 0 11
24 19 26 0 0 0 0 0 24 5 0 0 15 5 0
0 11 24 20 0 22 17 1 0 0 7 0 0 9 0
24 0 22 4 20 0 0 0 0 0 11 19 11 0 0
0 4 12 0 0 12 0 0 0 14 0 12 0 0 6
11 12 0 20 0 23 0 18 0 0 0 0 0 0 15
25 5 6 18 0 0 16 0 0 18 0 0 7 0 0
0 0 0 0 U
0 1 0 1 U
0 2 0 2 U
0 3 0 3 U
0 4 0 4 U
0 5 0 5 R
0 6 0 6 R
0 7 0 7 R
0 8 0 8 R
0 9 0 9 R
0 10 0 10 D
0 11 0 11 D
0 12 0 12 D
0 13 0 13 D
0 14 0 14 D
0 15 0 15 L
0 16 0 16 L
0 17 0 17 L
0 18 0 18 L
0 19 0 19 L
1 0 5 19 L
1 1 2 1 U
1 2 4 2 U
1 3 9 3 U
1 4 3 4 U
1 5 17 2 U
1 6 8 19 L
1 7 14 1 U
1 8 5 2 U
1 9 0 18 L
1 10 9 19 L
1 11 3 19 L
1 12 2 12 D
1 13 24 13 D
1 14 7 14 D
1 15 4 12 D
1 16 4 11 D
1 17 8 17 L
1 18 10 18 L
1 19 3 19 L
2 0 8 0 U
2 1 3 1 U
2 2 7 7 R
2 3 0 8 R
2 4 23 6 R
2 5 19 4 U
2 6 14 10 D
2 7 4 2 U
2 8 0 3 U
2 9 14 2 U
2 10 0 16 L
2 11 1 11 D
2 12 13 12 D
2 13 1 19 L
2 14 4 14 D
2 15 0 0 U
2 16 9 0 U
2 17 22 14 D
2 18 8 18 L
2 19 22 14 D
3 0 7 16 L
3 1 18 15 L
3 2 0 9 R
3 3 23 3 U
3 4 1 9 R
3 5 6 5 R
3 6 1 6 R
3 7 6 7 R
3 8 15 8 R
3 9 1 9 R
3 10 0 2 U
3 11 9 2 U
3 12 19 16 L
3 13 4 3 U
3 14 12 14 D
3 15 6 15 L
3 16 5 16 L
3 17 0 14 D
3 18 4 18 L
3 19 6 19 L
4 0 18 6 R
4 1 14 5 R
4 2 20 16 L
4 3 9 3 U
4 4 5 4 U
4 5 5 3 U
4 6 16 1 U
4 7 3 7 R
4 8 11 10 D
4 9 19 2 U
4 10 12 10 D
4 11 2 18 L
4 12 19 19 L
4 13 11 13 D
4 14 21 14 D
4 15 11 15 L
4 16 17 16 L
4 17 16 17 L
4 18 16 18 L
4 19 10 19 L
5 0 7 7 R
5 1 8 15 L
5 2 1 2 U
5 3 6 17 L
5 4 23 9 R
5 5 0 15 L
5 6 7 6 R
5 7 16 12 D
5 8 17 8 R
5 9 3 12 D
5 10 0 1 U
5 11 0 9 R
5 12 4 16 L
5 13 11 13 D
5 14 20 14 D
5 15 0 6 R
5 16 1 1 U
5 17 20 10 D
5 18 0 11 D
5 19 17 19 L
6 0 17 15 L
6 1 0 15 L
6 2 8 2 U
6 3 1 17 L
6 4 15 4 U
6 5 9 5 R
6 6 17 6 R
6 7 14 7 R
6 8 0 11 D
6 9 14 9 R
6 10 3 0 U
6 11 20 6 R
6 12 14 1 U
6 13 9 8 R
6 14 11 4 U
6 15 10 10 D
6 16 0 5 R
6 17 2 17 L
6 18 10 2 U
6 19 16 19 L
7 0 16 19 L
7 1 18 5 R
7 2 9 2 U
7 3 26 7 R
7 4 0 16 L
7 5 17 12 D
7 6 9 12 D
7 7 1 3 U
7 8 2 2 U
7 9 4 11 D
7 10 16 17 L
7 11 9 6 R
7 12 25 5 R
7 13 4 13 D
7 14 20 2 U
7 15 0 10 D
7 16 0 11 D
7 17 0 13 D
7 18 2 11 D
7 19 19 10 D
8 0 0 18 L
8 1 2 12 D
8 2 2 17 L
8 4 21 5 R
8 5 11 10 D
8 6 0 10 D
8 7 9 1 U
8 8 11 4 U
8 9 11 9 R
8 10 2 5 R
8 11 10 11 D
8 12 9 12 D
8 13 20 13 D
8 14 20 4 U
8 15 19 10 D
8 16 9 13 D
8 17 19 12 D
8 18 23 12 D
8 19 13 12 D
9 0 0 16 L
9 1 5 15 L
9 2 19 6 R
9 3 23 9 R
9 4 18 8 R
9 5 0 16 L
9 6 13 1 U
9 7 19 11 D
9 8 2 17 L
9 9 4 18 L
9 10 0 5 R
9 11 4 11 D
9 12 1 12 D
9 13 18 13 D
9 14 11 14 D
9 15 15 2 U
9 16 3 16 L
9 17 15 4 U
9 18 10 4 U
9 19 5 19 L
10 0 21 5 R
10 1 17 16 L
10 2 0 7 R
10 3 1 3 U
10 4 17 6 R
10 5 11 0 U
10 6 4 6 R
10 7 1 7 R
10 8 20 11 D
10 9 19 11 D
10 10 2 10 D
10 11 13 5 R
10 12 16 7 R
10 13 20 6 R
10 14 9 6 R
10 15 8 0 U
10 16 0 2 U
10 17 20 6 R
10 18 11 7 R
10 19 6 4 U
11 0 17 17 L
11 1 16 1 U
11 2 9 18 L
11 3 8 3 U
11 4 4 4 U
11 5 7 1 U
11 6 4 0 U
11 7 6 4 U
11 8 13 0 U
11 9 20 9 R
11 10 16 10 D
11 11 21 11 D
11 12 0 0 U
11 13 15 6 R
11 14 3 14 D
11 15 4 0 U
11 16 9 10 D
11 17 7 3 U
11 18 14 18 L
11 19 5 19 L
12 0 16 5 R
12 1 11 1 U
12 2 2 2 U
12 3 14 17 L
12 4 9 4 U
12 5 14 16 L
12 6 14 0 U
12 7 19 3 U
12 8 13 3 U
12 9 7 4 U
12 10 0 18 L
12 11 8 9 R
12 12 10 12 D
12 13 1 18 L
12 14 1 14 D
12 15 10 4 U
12 16 21 13 D
12 17 20 17 L
12 18 0 4 U
12 19 5 7 R
13 0 14 5 R
13 1 4 18 L
13 2 2 9 R
13 3 8 7 R
13 4 4 4 U
13 5 17 10 D
13 6 24 6 R
13 7 17 7 R
13 8 1 8 R
13 9 2 13 D
13 10 8 5 R
13 11 4 17 L
13 12 15 19 L
13 13 8 16 L
13 14 22 17 L
13 15 10 3 U
13 16 7 3 U
13 17 10 4 U
13 18 18 0 U
13 19 8 11 D
14 0 19 19 L
14 1 3 17 L
14 2 0 6 R
14 3 22 3 U
14 4 16 17 L
14 5 0 0 U
14 6 23 11 D
14 7 19 13 D
14 8 22 8 R
14 9 17 9 R
14 10 12 16 L
14 11 2 15 L
14 12 2 15 L
14 13 12 17 L
14 14 12 17 L
14 15 13 10 D
14 16 5 16 L
14 17 12 12 D
14 18 0 3 U
14 19 9 13 D
15 0 4 18 L
15 1 4 19 L
15 2 3 16 L
15 4 6 17 L
15 5 0 1 U
15 6 6 12 D
15 7 3 7 R
15 8 1 3 U
15 9 1 9 R
15 10 2 6 R
15 11 25 7 R
15 12 17 3 U
15 13 13 5 R
15 14 13 8 R
15 15 9 2 U
15 16 11 0 U
15 17 10 10 D
15 18 16 18 L
15 19 3 19 L
16 0 0 17 L
16 1 1 6 R
16 2 8 7 R
16 3 14 6 R
16 4 5 4 U
16 5 6 10 D
16 6 12 3 U
16 7 4 7 R
16 8 3 8 R
16 9 11 9 R
16 10 4 15 L
16 11 0 15 L
16 12 4 15 L
16 13 7 19 L
16 14 14 15 L
16 15 6 1 U
16 16 11 2 U
16 17 3 2 U
16 18 26 14 D
16 19 13 13 D
17 0 0 19 L
17 1 21 19 L
17 2 1 17 L
17 4 4 15 L
17 5 10 0 U
17 6 8 2 U
17 7 1 7 R
17 8 4 8 R
17 9 4 9 R
17 10 12 10 D
17 11 0 4 U
17 12 2 12 D
17 13 16 6 R
17 14 12 6 R
17 15 16 15 L
17 16 14 16 L
17 17 3 17 L
17 18 21 13 D
17 19 13 19 L
18 0 23 9 R
18 1 15 1 U
18 2 6 5 R
18 3 8 6 R
18 4 2 6 R
18 5 17 5 R
18 6 1 6 R
18 7 9 10 D
18 8 15 8 R
18 9 21 12 D
18 10 11 7 R
18 11 0 17 L
18 12 0 8 R
18 15 13 13 D
18 16 22 10 D
18 17 9 13 D
18 18 13 11 D
18 19 9 14 D
19 0 7 8 R
19 1 7 5 R
19 2 3 19 L
19 3 2 17 L
19 4 9 18 L
19 5 16 1 U
19 6 5 12 D
19 7 14 10 D
19 8 17 11 D
19 9 0 10 D
19 10 12 15 L
19 11 11 16 L
19 12 1 16 L
19 13 15 16 L
19 15 20 11 D
19 16 1 16 L
19 17 16 11 D
19 18 3 18 L
19 19 3 19 L
20 0 18 18 L
20 1 11 9 R
20 2 1 2 U
20 3 4 3 U
20 4 8 4 U
20 5 14 0 U
20 6 15 17 L
20 7 3 12 D
20 8 2 8 R
20 9 6 9 R
20 10 10 5 R
20 11 6 4 U
20 12 12 12 D
20 15 15 4 U
20 16 3 16 L
20 17 10 3 U
20 18 0 8 R
20 19 10 19 L
21 0 1 18 L
21 1 13 7 R
21 2 12 2 U
21 3 12 8 R
21 4 1 4 U
21 5 14 10 D
21 6 8 14 D
21 7 17 7 R
21 8 3 8 R
21 9 13 3 U
21 10 0 6 R
21 11 12 15 L
21 12 6 12 D
21 15 11 10 D
21 16 12 8 R
21 17 5 2 U
21 18 24 14 D
21 19 22 13 D
22 0 4 12 D
22 1 21 5 R
22 2 23 6 R
22 3 24 7 R
22 4 16 8 R
22 5 8 11 D
22 6 19 0 U
22 7 4 10 D
22 8 11 18 L
22 9 23 9 R
22 10 24 15 L
22 11 4 11 D
22 12 21 12 D
22 16 21 16 L
22 17 9 17 L
22 18 3 18 L
22 19 18 19 L
23 0 5 15 L
23 1 24 8 R
23 2 17 2 U
23 3 21 3 U
23 4 1 5 R
23 5 0 2 U
23 6 19 11 D
23 11 20 1 U
23 12 12 12 D
23 15 9 13 D
23 16 21 12 D
23 17 18 13 D
23 18 5 10 D
23 19 14 19 L
24 0 0 15 L
24 1 9 1 U
24 2 3 2 U
24 3 2 6 R
24 4 2 7 R
24 5 23 12 D
24 6 21 1 U
24 10 23 10 D
24 11 13 0 U
24 12 0 1 U
24 15 23 11 D
24 16 5 14 D
24 17 9 14 D
24 18 10 11 D
24 19 22 12 D
25 4 7 4 U
25 11 15 5 R
25 12 11 12 D
25 15 6 0 U
25 16 6 1 U
26 4 21 8 R
26 15 24 10 D
26 16 6 12 D

