40 43 1585
32 12 32 18 36 16 28 30 0 25 0 32 0 33 34 1 0 12 33
17 17 31 0 22 0 29 36 36 21 14 35 34 16 22 0 19 0 0
16 0 7 1 5 0 2 0 22 0 23 33 16 1 37 38 0 12 0
6 0 30 0 0 16 32 37 0 0 0 0 34 30 38 0 38 36 0
19 24 8 6 37 19 0 0 20 19 20 34 38 0 0 37 2 28 0
6 31 31 35 30 36 38 0 38 38 37 0 0 0 36 25 2 27 0
32 0 0 36 36 37 0 36 38 0 0 37 38 0 34 36 0 27 0
0 0 0 35 0 19 0 0 0 37 0 29 20 37 35 0 0 0 0
0 22 0 32 34 0 35 24 0 0 0 19 32 0 32 36 0 19 0
0 6 0 34 37 36 0 33 0 35 0 0 31 35 34 30 37 2 0
29 36 38 0 0 0 38 0 38 21 7 18 28 32 23 28 24 0 0
34 34 0 26 25 37 36 35 0 26 30 29 15 18 22 3 34 1 0
18 34 38 26 0 20 24 20 27 16 27 12 0 25 15 0 4 0 0
9 35 10 26 0 23 22 4 26 25 34 7 31 0 0 21 27 0 33
20 0 0 33 11 26 27 0 16 16 33 6 10 25 16 30 0 22 19
22 31 33 0 0 29 1 11 0 24 0 0 30 3 1 29 13 21 9
3 36 0 37 24 17 32 0 8 0 0 5 14 11 16 0 19 0 32
2 38 37 0 0 0 0 0 0 0 0 0 0 37 14 12 20 9 15
39 0 0 0 0 0 0 0 0 0 0 0 0 38 2 5 21 13 31
0 0 0 0 L
0 1 0 1 L
0 2 0 2 L
0 3 0 3 L
0 4 0 4 L
0 5 0 5 L
0 6 0 6 L
0 7 0 7 L
0 8 0 8 L
0 9 0 9 L
0 10 0 10 R
0 11 0 11 R
0 12 0 12 R
0 13 0 13 R
0 14 0 14 R
0 15 0 15 R
0 16 0 16 R
0 17 0 17 R
0 18 0 18 R
0 19 0 19 D
0 20 0 20 D
0 21 0 21 D
0 22 0 22 D
0 23 0 23 D
0 24 0 24 D
0 25 0 25 D
0 26 0 26 D
0 27 0 27 D
0 28 0 28 D
0 29 0 29 D
0 30 0 30 D
0 31 0 31 U
0 32 0 32 U
0 33 0 33 U
0 34 0 34 U
0 35 0 35 U
0 36 0 36 U
0 37 0 37 U
0 38 0 38 U
0 39 0 39 U
0 40 0 40 U
0 41 0 41 U
0 42 0 42 U
1 0 0 19 D
1 1 0 31 U
1 2 0 20 D
1 3 2 24 D
1 4 0 35 U
1 5 0 26 D
1 6 2 36 U
1 7 0 37 U
1 8 2 29 D
1 9 4 19 D
1 10 1 21 D
1 11 1 22 D
1 12 0 31 U
1 13 1 25 D
1 14 0 35 U
1 15 2 20 D
1 16 1 37 U
1 17 0 38 U
1 18 2 30 D
1 19 0 0 L
1 20 0 1 L
1 21 0 32 U
1 22 0 10 R
1 23 2 12 R
1 24 0 2 L
1 25 0 34 U
1 26 1 15 R
1 27 1 5 L
1 28 0 7 L
1 29 0 39 U
1 30 2 8 L
1 31 0 0 L
1 32 0 2 L
1 33 1 10 R
1 34 1 3 L
1 35 2 13 R
1 36 0 4 L
1 37 1 6 L
1 38 0 15 R
1 39 0 17 R
1 40 1 18 R
1 41 2 11 R
1 42 4 6 L
2 0 0 32 U
2 1 0 12 R
2 2 0 23 D
2 3 0 14 R
2 4 2 4 L
2 5 2 27 D
2 6 1 21 D
2 7 1 29 D
2 8 0 17 R
2 9 3 9 L
2 10 0 33 U
2 11 1 11 R
2 12 1 19 D
2 13 1 13 R
2 14 0 36 U
2 15 0 28 D
2 16 1 16 R
2 17 0 39 U
2 18 2 40 U
2 19 1 1 L
2 20 2 14 R
2 21 2 6 L
2 22 1 22 D
2 23 2 23 D
2 24 1 24 D
2 25 2 25 D
2 26 2 26 D
2 27 2 27 D
2 28 0 16 R
2 29 1 7 L
2 30 13 13 R
2 31 0 11 R
2 32 0 12 R
2 33 1 33 U
2 34 2 34 U
2 35 0 3 L
2 36 1 5 L
2 37 0 28 D
2 38 2 38 U
2 39 1 8 L
2 40 0 18 R
2 41 2 41 U
2 42 3 42 U
3 0 0 22 D
3 1 0 10 R
3 2 1 31 U
3 3 2 33 U
3 4 3 33 U
3 5 1 12 R
3 6 1 27 D
3 7 0 36 U
3 8 3 29 D
3 9 21 28 D
3 10 0 40 U
3 11 2 31 U
3 12 1 3 L
3 13 0 41 U
3 14 2 32 U
3 15 2 34 U
3 16 4 35 U
3 17 3 25 D
3 18 0 7 L
3 19 0 31 U
3 20 3 20 D
3 21 0 14 R
3 22 2 15 R
3 23 2 2 L
3 24 2 13 R
3 25 4 25 D
3 26 4 18 R
3 27 6 6 L
3 28 7 3 L
3 29 8 29 D
3 30 5 30 D
3 31 0 13 R
3 32 1 11 R
3 33 1 2 L
3 34 3 3 L
3 35 3 15 R
3 36 0 23 D
3 37 3 18 R
3 38 1 8 L
3 39 6 39 U
3 40 3 13 R
3 41 1 41 U
3 42 1 42 U
4 0 1 20 D
4 1 4 1 L
4 2 1 23 D
4 3 4 21 D
4 4 4 4 L
4 5 0 42 U
4 6 4 6 L
4 7 3 38 U
4 8 4 8 L
4 9 21 9 L
4 10 0 19 D
4 11 2 23 D
4 12 3 12 R
4 13 3 13 R
4 14 2 14 R
4 15 4 22 D
4 16 4 16 R
4 17 4 17 R
4 18 1 26 D
4 19 3 19 D
4 20 2 20 D
4 21 3 4 L
4 22 3 16 R
4 23 0 17 R
4 24 5 24 D
4 25 3 25 D
4 26 3 26 D
4 27 5 27 D
4 28 6 28 D
4 29 6 16 R
4 30 7 30 D
4 31 3 0 L
4 32 4 32 U
4 33 0 21 D
4 34 0 5 L
4 35 4 35 U
4 36 4 36 U
4 37 0 20 D
4 38 5 1 L
4 39 9 13 R
4 40 8 40 U
4 41 6 1 L
4 42 2 3 L
5 0 0 16 R
5 1 4 25 D
5 2 5 22 D
5 3 2 23 D
5 4 5 33 U
5 5 2 24 D
5 6 4 32 U
5 7 6 37 U
5 8 1 38 U
5 9 6 9 L
5 10 0 37 U
5 11 5 33 U
5 12 4 26 D
5 13 1 0 L
5 14 7 34 U
5 15 4 32 U
5 16 2 37 U
5 17 5 32 U
5 18 8 37 U
5 19 3 1 L
5 20 0 9 L
5 21 3 12 R
5 22 1 4 L
5 23 5 2 L
5 24 0 12 R
5 25 4 0 L
5 26 4 42 U
5 27 9 7 L
5 28 0 32 U
5 29 9 29 D
5 30 10 30 D
5 31 4 11 R
5 32 5 12 R
5 33 3 15 R
5 34 0 19 D
5 35 6 12 R
5 36 7 14 R
5 37 5 37 U
5 38 5 4 L
5 39 9 39 U
5 40 5 40 U
5 41 6 41 U
5 42 4 2 L
6 0 2 34 U
6 1 5 23 D
6 2 5 38 U
6 3 7 32 U
6 4 7 24 D
6 5 6 5 L
6 6 5 6 L
6 7 1 39 U
6 8 9 8 L
6 9 20 9 L
6 10 4 31 U
6 11 6 33 U
6 12 4 23 D
6 13 6 13 R
6 14 6 14 R
6 15 6 15 R
6 16 5 35 U
6 17 5 17 R
6 18 6 25 D
6 19 3 10 R
6 20 0 6 L
6 21 3 2 L
6 22 0 13 R
6 23 6 11 R
6 24 7 5 L
6 25 8 10 R
6 26 2 13 R
6 27 9 27 D
6 28 11 28 D
6 29 8 6 L
6 30 8 30 D
6 31 5 17 R
6 32 0 24 D
6 33 2 21 D
6 34 6 34 U
6 35 5 15 R
6 36 7 36 U
6 37 8 6 L
6 38 8 38 U
6 39 4 39 U
6 40 3 17 R
6 41 9 2 L
6 42 4 42 U
7 0 2 20 D
7 1 5 21 D
7 2 3 23 D
7 3 7 3 L
7 4 6 20 D
7 5 7 5 L
7 6 8 36 U
7 7 4 26 D
7 8 7 29 D
7 9 19 9 L
7 10 6 31 U
7 11 7 35 U
7 12 0 42 U
7 13 0 0 L
7 14 7 14 R
7 15 7 15 R
7 16 6 16 R
7 17 0 33 U
7 18 4 38 U
7 19 6 10 R
7 20 4 3 L
7 21 6 0 L
7 22 3 22 D
7 23 7 11 R
7 24 7 4 L
7 25 7 25 D
7 26 5 26 D
7 27 7 27 D
7 28 3 28 D
7 29 7 29 D
7 30 28 6 L
7 31 6 16 R
7 32 5 19 D
7 33 5 4 L
7 34 6 15 R
7 35 7 35 U
7 36 5 36 U
7 37 7 37 U
7 38 3 38 U
7 39 0 0 L
7 40 10 40 U
7 41 9 41 U
7 42 2 42 U
8 0 0 21 D
8 1 2 31 U
8 2 6 24 D
8 3 3 42 U
8 4 8 23 D
8 5 6 35 U
8 6 8 27 D
8 7 6 7 L
8 8 11 40 U
8 9 25 22 D
8 10 6 19 D
8 11 5 25 D
8 12 4 34 U
8 13 1 38 U
8 14 4 14 R
8 15 8 15 R
8 16 0 22 D
8 17 8 17 R
8 18 7 18 R
8 19 0 3 L
8 20 6 5 L
8 21 8 7 L
8 22 5 6 L
8 23 5 8 L
8 24 4 1 L
8 25 5 18 R
8 26 6 26 D
8 27 0 34 U
8 28 7 28 D
8 29 10 29 D
8 30 27 30 D
8 31 4 1 L
8 32 8 11 R
8 33 3 16 R
8 34 5 15 R
8 35 0 5 L
8 36 8 4 L
8 37 6 21 D
8 38 8 18 R
8 39 7 39 U
8 40 0 20 D
8 41 7 41 U
8 42 5 42 U
9 0 0 27 D
9 1 7 35 U
9 2 6 23 D
9 3 6 26 D
9 4 9 28 D
9 5 8 19 D
9 6 0 10 R
9 7 8 25 D
9 8 10 8 L
9 10 1 7 L
9 11 8 33 U
9 12 1 40 U
9 13 9 31 U
9 14 0 21 D
9 15 7 36 U
9 16 9 22 D
9 17 0 27 D
9 18 7 41 U
9 19 1 19 D
9 20 8 5 L
9 21 7 7 L
9 22 2 39 U
9 23 0 3 L
9 24 5 5 L
9 25 3 3 L
9 26 7 39 U
9 27 2 10 R
9 28 2 28 D
9 29 0 40 U
9 30 26 30 D
9 31 8 20 D
9 32 8 8 L
9 33 8 15 R
9 34 1 1 L
9 35 7 23 D
9 36 9 36 U
9 37 1 17 R
9 38 2 12 R
9 39 9 8 L
9 40 12 40 U
9 41 11 5 L
9 42 11 14 R
10 0 11 19 D
10 1 0 39 U
10 2 9 33 U
10 3 7 10 R
10 4 11 36 U
10 5 11 22 D
10 6 4 42 U
10 7 10 29 D
10 8 11 8 L
10 10 8 36 U
10 11 8 27 D
10 12 11 32 U
10 13 9 37 U
10 14 11 38 U
10 15 4 36 U
10 16 9 6 L
10 17 10 33 U
10 18 0 41 U
10 19 8 3 L
10 20 6 31 U
10 21 10 21 D
10 22 6 4 L
10 23 11 23 D
10 24 11 13 R
10 25 10 16 R
10 26 0 5 L
10 27 1 27 D
10 28 1 28 D
10 29 2 29 D
10 30 17 30 D
10 31 9 15 R
10 32 11 10 R
10 33 9 1 L
10 34 11 2 L
10 35 10 17 R
10 36 5 11 R
10 37 10 4 L
10 38 10 13 R
10 39 0 20 D
10 40 4 40 U
10 41 8 16 R
10 42 10 7 L
11 0 9 19 D
11 1 3 28 D
11 2 10 21 D
11 3 11 35 U
11 4 10 37 U
11 5 6 41 U
11 6 11 24 D
11 7 9 7 L
11 8 9 21 D
11 10 11 20 D
11 11 10 28 D
11 12 10 12 R
11 13 9 24 D
11 14 7 40 U
11 15 9 15 R
11 16 8 26 D
11 17 11 17 R
11 18 9 18 R
11 19 10 0 L
11 20 8 12 R
11 21 10 11 R
11 22 10 22 D
11 23 10 23 D
11 24 0 38 U
11 25 13 25 D
11 26 10 38 U
11 27 11 14 R
11 28 2 34 U
11 29 1 29 D
11 30 24 30 D
11 31 8 0 L
11 32 0 1 L
11 33 11 11 R
11 34 10 34 U
11 35 9 21 D
11 36 0 2 L
11 37 8 24 D
11 38 6 7 L
11 39 11 39 U
11 40 0 10 R
11 41 14 1 L
11 42 11 42 U
12 0 7 42 U
12 1 11 31 U
12 2 11 2 L
12 3 7 20 D
12 4 12 26 D
12 5 10 25 D
12 6 9 22 D
12 7 13 25 D
12 8 12 26 D
12 10 0 2 L
12 11 13 40 U
12 12 6 32 U
12 13 9 33 U
12 14 0 33 U
12 15 12 33 U
12 16 6 3 L
12 17 10 39 U
12 18 5 18 R
12 19 12 1 L
12 20 12 0 L
12 21 10 1 L
12 22 14 5 L
12 23 9 13 R
12 24 6 24 D
12 25 13 1 L
12 26 4 37 U
12 27 9 2 L
12 28 0 1 L
12 29 13 10 R
12 30 25 30 D
12 31 10 2 L
12 32 4 27 D
12 33 13 11 R
12 34 13 3 L
12 35 5 3 L
12 36 12 6 L
12 37 14 15 R
12 38 9 15 R
12 39 10 12 R
12 40 0 23 D
12 41 12 41 U
12 42 0 29 D
13 0 11 27 D
13 1 12 32 U
13 2 11 40 U
13 3 14 21 D
13 4 13 4 L
13 5 14 22 D
13 6 14 36 U
13 7 13 7 L
13 8 13 8 L
13 10 8 29 D
13 11 11 11 R
13 12 14 40 U
13 13 11 13 R
13 14 11 14 R
13 15 13 15 R
13 16 14 16 R
13 17 10 17 R
13 18 14 37 U
13 19 12 19 D
13 20 12 2 L
13 21 0 4 L
13 22 11 5 L
13 23 8 23 D
13 24 2 24 D
13 25 15 10 R
13 26 14 26 D
13 27 8 1 L
13 28 8 28 D
13 29 0 14 R
13 30 31 30 D
13 31 7 17 R
13 32 12 0 L
13 33 0 8 L
13 34 13 34 U
13 35 8 35 U
13 36 13 36 U
13 37 12 37 U
13 38 14 16 R
13 39 13 11 R
13 40 13 40 U
13 41 8 41 U
13 42 18 18 R
14 0 14 19 D
14 1 13 19 D
14 2 13 32 U
14 3 13 39 U
14 4 12 4 L
14 5 14 34 U
14 6 14 20 D
14 7 15 7 L
14 8 14 8 L
14 10 11 29 D
14 11 12 25 D
14 12 13 12 R
14 13 9 20 D
14 14 5 14 R
14 15 14 30 D
14 16 11 35 U
14 17 1 7 L
14 18 13 18 R
14 19 6 8 L
14 20 12 20 D
14 21 10 4 L
14 22 14 22 D
14 23 9 0 L
14 24 3 24 D
14 25 15 13 R
14 26 15 26 D
14 27 16 16 R
14 28 15 28 D
14 29 23 4 L
14 30 28 18 R
14 31 9 14 R
14 32 13 1 L
14 33 12 12 R
14 34 14 5 L
14 35 12 35 U
14 36 14 18 R
14 37 2 14 R
14 38 15 38 U
14 39 14 39 U
14 40 9 10 R
14 41 15 18 R
14 42 17 42 U
15 0 8 33 U
15 1 14 31 U
15 2 9 2 L
15 3 13 25 D
15 4 6 34 U
15 5 11 38 U
15 6 15 21 D
15 7 14 38 U
15 8 12 34 U
15 10 14 33 U
15 11 15 25 D
15 12 14 36 U
15 13 10 5 L
15 14 9 41 U
15 15 15 37 U
15 16 15 36 U
15 17 14 17 R
15 18 15 23 D
15 19 14 7 L
15 20 15 8 L
15 21 11 6 L
15 22 15 3 L
15 23 14 15 R
15 24 4 24 D
15 25 14 25 D
15 26 15 17 R
15 27 13 27 D
15 28 13 28 D
15 29 23 29 D
15 30 4 30 D
15 31 14 2 L
15 32 6 32 U
15 33 11 21 D
15 34 12 3 L
15 35 15 11 R
15 36 14 16 R
15 37 15 22 D
15 38 15 12 R
15 39 15 6 L
15 40 11 12 R
15 41 16 17 R
15 42 6 42 U
16 0 16 34 U
16 1 0 34 U
16 2 15 2 L
16 3 17 35 U
16 4 18 27 D
16 5 16 31 U
16 6 17 23 D
16 7 16 25 D
16 8 0 26 D
16 10 0 26 D
16 11 13 33 U
16 12 14 39 U
16 13 16 25 D
16 14 16 32 U
16 15 17 31 U
16 16 0 7 L
16 17 15 41 U
16 18 0 8 L
16 19 5 11 R
16 20 16 0 L
16 21 7 0 L
16 22 11 22 D
16 23 17 23 D
16 24 0 36 U
16 25 8 38 U
16 26 13 17 R
16 27 16 27 D
16 28 12 28 D
16 29 19 29 D
16 30 23 30 D
16 31 12 10 R
16 32 10 8 L
16 33 0 10 R
16 34 8 34 U
16 35 16 1 L
16 36 2 36 U
16 37 19 11 R
16 38 4 0 L
16 39 2 11 R
16 40 15 1 L
16 41 16 41 U
16 42 19 42 U
17 0 17 0 L
17 1 14 28 D
17 2 5 2 L
17 3 1 24 D
17 4 18 4 L
17 5 18 33 U
17 6 16 6 L
17 7 2 23 D
17 8 16 8 L
17 10 14 24 D
17 11 12 11 R
17 12 16 12 R
17 13 17 32 U
17 14 8 14 R
17 15 15 15 R
17 16 18 16 R
17 17 15 17 R
17 18 14 18 R
17 19 17 15 R
17 20 17 20 D
17 21 16 21 D
17 22 12 16 R
17 23 16 3 L
17 24 10 41 U
17 25 16 15 R
17 26 4 8 L
17 27 17 27 D
17 28 16 28 D
17 29 16 29 D
17 30 22 30 D
17 31 17 31 U
17 32 18 13 R
17 33 16 3 L
17 34 18 34 U
17 35 17 16 R
17 36 16 12 R
17 37 17 37 U
17 38 2 10 R
17 39 18 39 U
17 40 15 40 U
17 41 17 41 U
17 42 20 42 U
18 0 18 36 U
18 1 17 21 D
18 2 4 28 D
18 3 18 3 L
18 4 0 32 U
18 5 18 5 L
18 6 17 10 R
18 7 1 7 L
18 8 17 8 L
18 10 4 20 D
18 11 0 28 D
18 12 17 12 R
18 13 17 13 R
18 14 10 14 R
18 15 17 15 R
18 16 16 24 D
18 17 17 22 D
18 18 15 18 R
18 19 16 12 R
18 20 17 0 L
18 21 16 14 R
18 22 8 12 R
18 23 5 9 L
18 24 16 24 D
18 25 0 38 U
18 26 18 26 D
18 27 19 27 D
18 28 10 18 R
18 29 22 13 R
18 30 21 30 D
18 31 0 22 D
18 32 17 13 R
18 33 16 4 L
18 34 18 14 R
18 35 16 35 U
18 36 1 36 U
18 37 19 37 U
18 38 11 13 R
18 39 17 12 R
18 40 30 15 R
18 41 15 41 U
18 42 19 11 R
19 0 17 25 D
19 1 16 21 D
19 2 12 19 D
19 3 17 37 U
19 4 19 4 L
19 5 21 29 D
19 6 21 6 L
19 7 2 15 R
19 8 4 31 U
19 10 14 41 U
19 11 0 24 D
19 12 18 22 D
19 13 13 21 D
19 14 13 36 U
19 15 17 38 U
19 16 18 39 U
19 17 15 31 U
19 18 19 27 D
19 19 11 1 L
19 20 0 14 R
19 21 16 1 L
19 22 15 22 D
19 23 21 23 D
19 24 20 24 D
19 25 21 13 R
19 26 19 26 D
19 27 20 27 D
19 28 3 16 R
19 29 22 29 D
19 30 15 12 R
19 31 14 0 L
19 32 0 27 D
19 33 15 20 D
19 34 21 16 R
19 35 11 35 U
19 36 17 1 L
19 37 14 26 D
19 38 20 38 U
19 39 13 39 U
19 40 11 40 U
19 41 16 3 L
19 42 23 42 U
20 0 20 0 L
20 1 16 1 L
20 2 19 31 U
20 3 16 20 D
20 4 6 19 D
20 5 23 5 L
20 6 18 24 D
20 7 7 7 L
20 8 5 8 L
20 10 19 26 D
20 11 19 28 D
20 12 18 37 U
20 13 15 0 L
20 14 16 14 R
20 15 18 15 R
20 16 19 16 R
20 17 20 17 R
20 18 20 42 U
20 19 13 2 L
20 20 18 2 L
20 21 20 3 L
20 22 19 22 D
20 23 20 2 L
20 24 19 24 D
20 25 13 11 R
20 26 20 26 D
20 27 17 17 R
20 28 20 28 D
20 29 24 29 D
20 30 30 30 D
20 31 20 0 L
20 32 20 1 L
20 33 20 18 R
20 34 20 4 L
20 35 21 35 U
20 36 17 36 U
20 37 21 14 R
20 38 21 2 L
20 39 19 39 U
20 40 9 40 U
20 41 3 41 U
20 42 18 42 U
21 0 15 36 U
21 1 14 23 D
21 2 20 32 U
21 3 18 23 D
21 4 22 27 D
21 5 22 5 L
21 6 20 6 L
21 7 27 7 L
21 8 6 21 D
21 10 18 19 D
21 11 20 22 D
21 12 21 37 U
21 13 21 33 U
21 14 21 25 D
21 15 16 15 R
21 16 20 37 U
21 17 21 17 R
21 18 2 18 R
21 19 18 4 L
21 20 15 2 L
21 21 13 21 D
21 22 13 6 L
21 23 6 23 D
21 24 21 10 R
21 25 15 25 D
21 26 19 6 L
21 27 22 27 D
21 28 21 13 R
21 29 9 39 U
21 30 29 30 D
21 31 21 12 R
21 32 20 3 L
21 33 22 10 R
21 34 0 16 R
21 35 20 3 L
21 36 17 17 R
21 37 24 17 R
21 38 19 38 U
21 39 4 15 R
21 40 30 6 L
21 41 13 18 R
21 42 22 42 U
22 0 21 20 D
22 1 3 39 U
22 2 22 32 U
22 3 13 38 U
22 4 21 4 L
22 5 19 5 L
22 6 19 34 U
22 7 22 7 L
22 8 17 29 D
22 10 22 21 D
22 11 14 23 D
22 12 17 33 U
22 13 9 34 U
22 14 20 39 U
22 15 22 33 U
22 16 13 5 L
22 17 20 41 U
22 18 20 37 U
22 19 22 19 D
22 20 19 8 L
22 21 18 32 U
22 22 0 42 U
22 23 24 23 D
22 24 20 10 R
22 25 17 25 D
22 26 21 2 L
22 27 23 27 D
22 28 19 28 D
22 29 14 29 D
22 30 32 30 D
22 31 3 12 R
22 32 19 0 L
22 33 20 17 R
22 34 0 26 D
22 35 19 35 U
22 36 25 36 U
22 37 17 6 L
22 38 19 10 R
22 39 2 17 R
22 40 30 40 U
22 41 23 41 U
22 42 7 42 U
23 0 0 24 D
23 1 18 19 D
23 2 20 26 D
23 3 0 29 D
23 4 2 13 R
23 5 24 32 U
23 6 18 31 U
23 7 12 27 D
23 8 8 8 L
23 10 21 31 U
23 11 18 25 D
23 12 16 39 U
23 13 20 21 D
23 14 21 14 R
23 15 14 15 R
23 16 22 16 R
23 17 20 35 U
23 18 24 18 R
23 19 5 1 L
23 20 22 1 L
23 21 22 4 L
23 22 22 22 D
23 23 23 23 D
23 24 4 6 L
23 25 28 11 R
23 26 14 1 L
23 27 0 33 U
23 28 22 28 D
23 29 27 11 R
23 30 31 15 R
23 31 21 15 R
23 32 22 0 L
23 33 9 12 R
23 34 12 6 L
23 35 17 35 U
23 36 26 12 R
23 37 8 13 R
23 38 25 6 L
23 39 21 39 U
23 40 24 40 U
23 41 26 18 R
23 42 17 18 R
24 0 23 27 D
24 1 7 31 U
24 2 21 19 D
24 3 14 3 L
24 4 21 19 D
24 5 24 5 L
24 6 26 28 D
24 7 23 7 L
24 8 30 32 U
24 10 0 34 U
24 11 5 34 U
24 12 23 22 D
24 13 24 33 U
24 14 20 14 R
24 15 23 31 U
24 16 21 16 R
24 17 19 33 U
24 18 27 35 U
24 19 22 0 L
24 20 23 16 R
24 21 24 21 D
24 22 3 11 R
24 23 0 37 U
24 24 24 24 D
24 25 28 25 D
24 26 21 26 D
24 27 4 10 R
24 28 23 28 D
24 29 27 29 D
24 30 29 15 R
24 31 19 4 L
24 32 17 0 L
24 33 25 10 R
24 34 16 34 U
24 35 23 21 D
24 36 25 9 L
24 37 24 37 U
24 38 26 38 U
24 39 22 39 U
24 40 29 40 U
24 41 26 3 L
24 42 26 2 L
25 0 8 24 D
25 1 24 29 D
25 2 14 24 D
25 3 22 20 D
25 4 24 32 U
25 5 26 5 L
25 6 22 22 D
25 7 28 7 L
25 8 32 8 L
25 10 25 29 D
25 11 23 31 U
25 12 22 12 R
25 13 25 13 R
25 14 26 19 D
25 15 26 21 D
25 16 14 27 D
25 17 23 17 R
25 18 25 18 R
25 19 25 1 L
25 20 25 5 L
25 21 25 15 R
25 22 24 14 R
25 23 22 23 D
25 24 0 41 U
25 25 22 25 D
25 26 14 12 R
25 27 25 27 D
25 28 18 28 D
25 29 25 4 L
25 30 18 30 D
25 31 15 26 D
25 32 24 4 L
25 33 22 3 L
25 34 13 2 L
25 35 26 35 U
25 36 16 36 U
25 37 25 37 U
25 38 18 38 U
25 39 21 1 L
25 40 25 40 U
25 41 27 41 U
25 42 32 5 L
26 0 18 38 U
26 1 23 11 R
26 2 15 20 D
26 3 21 33 U
26 4 24 35 U
26 5 26 32 U
26 6 25 6 L
26 7 19 42 U
26 8 30 8 L
26 10 23 37 U
26 11 25 31 U
26 12 17 20 D
26 13 26 13 R
26 14 26 14 R
26 15 24 23 D
26 16 26 16 R
26 17 24 17 R
26 18 7 26 D
26 19 26 3 L
26 20 23 2 L
26 21 15 21 D
26 22 24 5 L
26 23 19 23 D
26 24 18 24 D
26 25 28 14 R
26 26 27 26 D
26 27 0 15 R
26 28 14 28 D
26 29 26 29 D
26 30 13 5 L
26 31 23 0 L
26 32 25 20 D
26 33 24 21 D
26 34 21 13 R
26 35 18 15 R
26 36 16 13 R
26 37 26 37 U
26 38 27 38 U
26 39 20 10 R
26 40 28 40 U
26 41 20 41 U
26 42 21 42 U
27 0 26 39 U
27 1 26 11 R
27 2 26 29 D
27 3 21 26 D
27 4 27 4 L
27 5 22 32 U
27 6 26 33 U
27 7 30 26 D
27 8 31 8 L
27 10 25 34 U
27 11 27 19 D
27 12 26 36 U
27 13 20 13 R
27 14 2 4 L
27 15 19 23 D
27 16 20 6 L
27 17 22 36 U
27 18 30 36 U
27 19 26 1 L
27 20 27 2 L
27 21 27 5 L
27 22 1 36 U
27 23 3 23 D
27 24 26 24 D
27 25 25 25 D
27 26 27 16 R
27 27 27 5 L
27 28 24 28 D
27 29 24 1 L
27 30 33 11 R
27 31 25 0 L
27 32 3 26 D
27 33 25 7 L
27 34 19 24 D
27 35 24 35 U
27 36 26 36 U
27 37 27 37 U
27 38 25 38 U
27 39 24 39 U
27 40 26 40 U
27 41 23 1 L
27 42 21 6 L
28 0 23 31 U
28 1 27 10 R
28 2 23 21 D
28 3 23 33 U
28 4 26 25 D
28 5 28 25 D
28 6 3 36 U
28 7 26 7 L
28 8 12 40 U
28 10 27 32 U
28 11 28 19 D
28 12 27 38 U
28 13 26 24 D
28 14 28 3 L
28 15 28 37 U
28 16 17 28 D
28 17 24 20 D
28 18 30 18 R
28 19 28 1 L
28 20 19 16 R
28 21 29 11 R
28 22 27 13 R
28 23 24 0 L
28 24 25 24 D
28 25 21 25 D
28 26 3 2 L
28 27 26 27 D
28 28 0 10 R
28 29 25 29 D
28 30 20 30 D
28 31 24 12 R
28 32 27 0 L
28 33 24 15 R
28 34 27 18 R
28 35 27 17 R
28 36 25 17 R
28 37 28 14 R
28 38 0 22 D
28 39 24 7 L
28 40 27 20 D
28 41 16 10 R
28 42 26 42 U
29 0 28 10 R
29 1 27 23 D
29 2 2 39 U
29 3 25 36 U
29 4 28 29 D
29 5 24 31 U
29 6 24 19 D
29 7 25 7 L
29 8 31 36 U
29 10 28 31 U
29 11 28 25 D
29 12 27 21 D
29 13 31 33 U
29 14 23 14 R
29 15 25 28 D
29 16 7 6 L
29 17 23 32 U
29 18 29 18 R
29 19 29 0 L
29 20 26 4 L
29 21 30 1 L
29 22 31 12 R
29 23 25 4 L
29 24 7 24 D
29 25 0 10 R
29 26 31 26 D
29 27 26 12 R
29 28 27 28 D
29 29 25 10 R
29 30 2 5 L
29 31 23 14 R
29 32 28 11 R
29 33 30 11 R
29 34 30 34 U
29 35 30 2 L
29 36 24 16 R
29 37 30 37 U
29 38 27 1 L
29 39 29 3 L
29 40 32 40 U
29 41 25 41 U
29 42 9 42 U
30 0 25 19 D
30 1 30 20 D
30 2 29 21 D
30 3 29 37 U
30 4 28 38 U
30 5 29 30 D
30 6 30 21 D
30 7 30 7 L
30 8 3 30 D
30 10 30 19 D
30 11 29 24 D
30 12 30 33 U
30 13 30 13 R
30 14 29 34 U
30 15 32 38 U
30 16 28 16 R
30 17 28 17 R
30 18 28 18 R
30 19 27 4 L
30 20 28 20 D
30 21 30 21 D
30 22 30 22 D
30 23 29 23 D
30 24 23 17 R
30 25 20 25 D
30 26 22 26 D
30 27 29 27 D
30 28 31 28 D
30 29 28 29 D
30 30 0 40 U
30 31 28 5 L
30 32 29 32 U
30 33 29 7 L
30 34 31 5 L
30 35 29 35 U
30 36 30 13 R
30 37 20 37 U
30 38 30 18 R
30 39 15 39 U
30 40 16 40 U
30 41 28 41 U
30 42 33 7 L
31 0 28 31 U
31 1 31 27 D
31 2 18 35 U
31 3 30 28 D
31 4 27 21 D
31 5 17 33 U
31 6 20 42 U
31 7 29 39 U
31 10 22 41 U
31 11 27 36 U
31 12 19 34 U
31 13 29 22 D
31 14 30 3 L
31 15 25 30 D
31 16 20 16 R
31 17 30 41 U
31 18 29 31 U
31 19 24 4 L
31 20 29 20 D
31 21 30 14 R
31 22 27 22 D
31 23 18 11 R
31 24 0 40 U
31 25 26 25 D
31 26 4 14 R
31 27 11 27 D
31 28 29 2 L
31 29 33 4 L
31 30 9 30 D
31 31 24 0 L
31 32 28 6 L
31 33 31 12 R
31 34 25 34 U
31 35 30 8 L
31 36 0 12 R
31 37 31 3 L
31 38 31 38 U
31 39 30 39 U
31 40 31 2 L
31 41 29 41 U
31 42 35 42 U
32 0 29 26 D
32 1 29 19 D
32 2 32 22 D
32 3 32 23 D
32 4 30 24 D
32 5 32 26 D
32 6 22 29 D
32 7 33 21 D
32 10 16 23 D
32 11 29 30 D
32 12 30 24 D
32 13 31 30 D
32 14 30 14 R
32 15 28 38 U
32 16 33 33 U
32 17 27 17 R
32 18 12 27 D
32 19 14 8 L
32 20 31 3 L
32 21 25 21 D
32 22 24 35 U
32 23 32 7 L
32 24 29 3 L
32 25 29 6 L
32 26 32 5 L
32 27 32 1 L
32 28 29 28 D
32 29 33 29 D
32 30 19 30 D
32 31 31 13 R
32 32 27 32 U
32 33 18 4 L
32 34 0 18 R
32 35 31 35 U
32 36 22 36 U
32 37 31 37 U
32 38 28 25 D
32 39 32 15 R
32 40 18 40 U
32 41 13 10 R
32 42 28 42 U
33 0 32 41 U
33 1 31 31 U
33 2 32 27 D
33 3 23 40 U
33 4 9 12 R
33 5 30 30 D
33 6 31 6 L
33 7 35 7 L
33 10 18 8 L
33 11 33 32 U
33 12 31 34 U
33 13 34 34 U
33 14 7 42 U
33 15 33 36 U
33 16 30 16 R
33 17 35 28 D
33 18 29 39 U
33 19 30 3 L
33 20 29 1 L
33 21 35 3 L
33 23 32 14 R
33 24 30 33 U
33 25 33 7 L
33 27 33 27 D
33 28 0 39 U
33 29 0 11 R
33 30 34 30 D
33 31 32 0 L
33 32 32 19 D
33 33 33 13 R
33 34 30 16 R
33 35 32 13 R
33 36 32 0 L
33 37 32 15 R
33 38 29 38 U
33 39 23 39 U
33 40 33 0 L
33 41 14 41 U
34 0 33 30 D
34 1 34 32 U
34 2 28 36 U
34 3 35 20 D
34 4 22 25 D
34 5 31 39 U
34 6 34 20 D
34 7 34 7 L
34 10 31 19 D
34 11 29 29 D
34 12 34 24 D
34 13 35 13 R
34 14 33 14 R
34 15 34 15 R
34 16 27 42 U
34 17 33 17 R
34 18 0 4 L
34 19 25 14 R
34 20 35 2 L
34 21 34 21 D
34 23 34 23 D
34 24 35 17 R
34 25 35 25 D
34 27 33 10 R
34 28 35 28 D
34 29 34 13 R
34 30 33 30 D
34 31 27 15 R
34 32 29 11 R
34 33 33 3 L
34 34 34 12 R
34 35 34 35 U
34 36 35 12 R
34 37 34 37 U
34 38 18 15 R
34 39 30 11 R
34 40 33 40 U
34 41 0 16 R
35 0 32 31 U
35 1 35 1 L
35 2 34 28 D
35 3 33 23 D
35 4 22 23 D
35 5 29 5 L
35 6 34 33 U
35 7 33 23 D
35 10 21 10 R
35 11 22 32 U
35 12 34 36 U
35 13 33 13 R
35 14 32 14 R
35 15 33 15 R
35 16 27 32 U
35 17 33 40 U
35 18 37 18 R
35 19 27 6 L
35 20 31 2 L
35 21 18 3 L
35 23 35 23 D
35 25 34 25 D
35 28 20 16 R
35 29 18 29 D
35 30 31 0 L
35 31 31 6 L
35 32 34 32 U
35 33 0 19 D
35 34 34 34 U
35 35 35 35 U
35 36 34 36 U
35 37 33 37 U
35 38 13 38 U
35 39 12 39 U
35 40 34 17 R
36 0 34 10 R
36 1 27 32 U
36 2 29 18 R
36 3 33 35 U
36 4 23 4 L
36 5 37 21 D
36 6 29 33 U
36 7 34 40 U
36 10 36 35 U
36 11 35 20 D
36 12 23 5 L
36 13 32 27 D
36 14 38 36 U
36 15 20 31 U
36 16 13 16 R
36 17 34 17 R
36 18 36 18 R
36 19 36 0 L
36 20 22 2 L
36 21 36 21 D
36 23 37 7 L
36 28 33 28 D
36 30 38 11 R
36 31 34 17 R
36 32 22 15 R
36 33 37 33 U
36 34 34 1 L
36 35 35 18 R
36 36 36 12 R
36 37 37 10 R
36 38 37 38 U
36 40 0 29 D
37 0 34 42 U
37 1 35 30 D
37 2 36 27 D
37 3 36 30 D
37 4 17 4 L
37 5 36 5 L
37 7 35 19 D
37 10 29 41 U
37 11 36 0 L
37 12 37 12 R
37 13 34 13 R
37 14 37 14 R
37 15 35 15 R
37 16 25 16 R
37 17 29 17 R
37 18 36 32 U
37 19 33 18 R
37 20 36 1 L
37 21 22 10 R
37 31 37 31 U
37 32 35 6 L
37 33 29 10 R
37 34 32 34 U
37 35 34 6 L
37 36 36 11 R
37 37 37 5 L
37 40 35 40 U
38 0 27 37 U
38 1 37 19 D
38 2 36 31 U
38 3 38 3 L
38 4 36 20 D
38 5 36 38 U
38 10 35 32 U
38 11 33 21 D
38 12 38 35 U
38 13 36 36 U
38 14 34 14 R
38 15 20 34 U
38 16 35 37 U
38 19 32 3 L
38 20 38 20 D
38 31 37 6 L
38 32 37 13 R
38 33 37 4 L
38 34 37 12 R
38 35 38 14 R
38 36 38 36 U
39 0 36 16 R

