12 11 99
0 0 0 0 0 0 0 0 2 10 10
0 0 0 0 0 0 0 0 2 0 8
2 0 9 0 0 6 0 0 0 0 0
0 0 0 0 0 7 0 0 0 2 8
0 6 0 11 0 0 0 2 10 0 4
0 5 0 0 0 0 9 9 0 0 0
0 0 0 0 0 0 0 0 4 0 8
0 0 0 0 3 0 5 0 0 0 0
3 0 0 0 0 0 0 0 0 0 0
9 9 1 0 0 0 2 0 10 0 0
0 0 0 0 0 0 0 5 5 0 8
0 0 0 0 D
0 1 0 1 D
0 2 0 2 D
0 3 0 3 R
0 4 0 4 R
0 5 0 5 R
0 6 0 6 U
0 7 0 7 U
0 8 0 8 U
0 9 0 9 L
0 10 0 10 L
1 0 3 10 L
1 1 0 10 L
1 2 7 9 L
1 3 9 8 U
1 4 8 4 R
1 6 5 3 R
1 7 4 4 R
1 8 4 8 U
1 9 7 7 U
1 10 3 3 R
2 0 3 4 R
2 1 0 4 R
2 2 0 7 U
2 3 0 0 D
2 4 1 4 R
2 6 6 9 L
2 7 4 3 R
2 8 6 2 D
2 9 0 6 U
2 10 0 5 R
3 0 0 9 L
3 1 4 10 L
3 2 4 10 L
3 3 0 10 L
3 4 0 6 U
3 6 1 6 U
3 7 5 7 U
3 8 2 8 U
3 9 2 9 L
3 10 0 3 R
4 0 1 0 D
4 1 1 1 D
4 2 2 2 D
4 3 5 7 U
4 4 7 7 U
4 6 1 6 U
4 7 7 7 U
4 8 3 8 U
4 9 2 1 D
4 10 0 1 D
5 0 3 9 L
5 1 1 3 R
5 2 2 2 D
5 3 3 6 U
5 4 1 6 U
5 6 6 10 L
5 7 2 10 L
5 9 2 6 U
5 10 0 0 D
6 0 5 10 L
6 1 7 1 D
6 3 5 0 D
6 4 5 0 D
6 5 0 1 D
6 6 0 1 D
6 7 0 5 R
6 9 5 2 D
6 10 7 2 D
7 0 8 4 R
7 1 5 9 L
7 2 8 9 L
7 3 8 6 U
7 4 3 7 U
7 6 4 6 U
7 7 6 0 D
7 8 5 2 D
7 9 5 6 U
7 10 6 2 D
8 0 0 6 U
8 1 9 1 D
8 3 4 6 U
8 4 1 7 U
8 6 7 9 L
8 7 6 9 L
8 9 2 7 U
8 10 7 7 U
9 0 5 4 R
9 3 8 0 D
9 6 6 6 U
9 7 7 0 D
9 9 0 8 U
9 10 1 10 L
10 0 4 0 D
10 3 5 1 D
10 6 0 3 R
10 9 11 3 R
11 9 2 4 R
11 10 7 1 D

