13 14 158
9 0 12 0 0 0 0 2 0 0 11 0 0 0 2 0
0 11 0 0 0 0 0 0 0 0 0 0 1 0 2 0
0 9 0 0 0 0 0 0 7 0 0 0 0 0 9 11
10 0 12 0 0 0 0 0 0 0 0 0 10 0 8 9
0 4 0 5 7 0 0 3 0 0 0 0 0 0 2 9
0 0 0 0 0 0 0 0 0 0 8 0 0 0 0 6
0 0 0 5 0 0 0 0 12 0 5 0 0 0 9 6
9 5 5 0 7 0 0 10 11 0 9 0 5 8 0 7
0 3 8 0 6 5 8 0 0 3 0 2 0 0 6 0
0 0 0 0 0 0 0 0 0 0 0 0 3 8 11 0
0 0 0 0 0 0 7 6 0 0 0 0 0 0 0 11
0 0 0 0 9 5 0 0 0 0 0 0 0 0 0 0
0 4 0 0 0 4 0 0 0 0 0 10 0 0 0 6
0 0 5 2 0 7 0 0 0 2 0 0 2 0 5 4
0 0 5 0 0 0 0 0 0 0 0 2 0 12 0 4
0 9 0 0 0 0 7 11 2 6 0 0 0 0 5 7
0 0 0 0 L
0 1 0 1 L
0 2 0 2 L
0 3 0 3 R
0 4 0 4 R
0 5 0 5 R
0 6 0 6 R
0 7 0 7 D
0 8 0 8 D
0 9 0 9 D
0 10 0 10 D
0 11 0 11 U
0 12 0 12 U
0 13 0 13 U
1 0 2 9 D
1 1 5 1 L
1 2 6 2 L
1 3 0 9 D
1 4 5 7 D
1 5 0 7 D
1 6 6 6 R
1 7 6 4 R
1 8 0 2 L
1 9 3 2 L
1 10 5 1 L
1 11 3 5 R
1 12 4 12 U
1 13 8 0 L
2 0 4 11 U
2 1 4 1 L
2 2 0 3 R
2 3 0 10 D
2 4 1 12 U
2 5 0 0 L
2 6 3 12 U
2 7 3 7 D
2 8 7 12 U
2 9 9 9 D
2 10 7 10 D
2 11 3 3 R
2 12 3 12 U
2 13 0 5 R
3 0 4 8 D
3 1 0 9 D
3 2 8 9 D
3 3 7 13 U
3 4 2 12 U
3 5 5 8 D
3 6 8 11 U
3 7 0 3 R
3 8 1 4 R
3 9 1 2 L
3 10 10 0 L
3 11 6 11 U
3 12 2 12 U
3 13 6 13 U
4 0 0 11 U
4 1 0 12 U
4 2 0 7 D
4 3 9 7 D
4 4 3 13 U
4 5 0 8 D
4 6 2 9 D
4 7 3 2 L
4 8 5 8 D
4 9 0 5 R
4 10 3 10 D
4 11 5 5 R
4 12 1 3 R
4 13 3 1 L
5 0 3 0 L
5 1 2 3 R
5 2 1 2 L
5 3 0 12 U
5 4 0 1 L
5 5 0 13 U
5 6 2 6 R
5 7 0 12 U
5 8 2 5 R
5 9 0 13 U
5 10 1 12 U
5 11 6 4 R
5 12 0 3 R
5 13 0 1 L
6 0 3 12 U
6 1 5 7 D
6 2 8 7 D
6 3 0 11 U
6 4 11 10 D
6 5 4 5 R
6 6 1 6 R
6 7 0 11 U
6 8 3 3 R
6 9 3 9 D
6 10 3 10 D
6 11 0 0 L
6 12 0 2 L
6 13 3 2 L
7 0 0 13 U
7 1 6 13 U
7 2 0 10 D
7 3 2 3 R
7 4 2 13 U
7 6 4 8 D
7 7 6 6 R
7 8 0 0 L
7 9 5 13 U
7 10 10 10 D
7 11 4 0 L
7 12 6 1 L
7 13 2 2 L
8 0 5 7 D
8 1 3 6 R
8 2 5 2 L
8 3 6 9 D
8 6 11 6 R
8 7 0 4 R
8 8 0 12 U
8 9 1 1 L
8 10 1 10 D
8 11 2 6 R
8 12 4 12 U
8 13 0 4 R
9 0 3 11 U
9 1 2 7 D
9 2 4 9 D
9 3 3 0 L
9 6 10 6 R
9 7 5 11 U
9 8 0 1 L
9 9 3 9 D
9 10 4 2 L
9 11 1 3 R
9 12 7 2 L
9 13 8 13 U
10 1 4 11 U
10 3 4 12 U
10 7 2 7 D
10 8 8 0 L
10 9 5 9 D
10 10 12 1 L
10 11 7 11 U
10 12 5 3 R
10 13 9 13 U
11 1 2 1 L
11 3 6 8 D
11 7 2 5 R
11 8 7 1 L
11 9 10 0 L
11 10 0 6 R
11 11 5 3 R
11 12 5 1 L
11 13 4 0 L
12 1 6 12 U
12 3 1 13 U
12 7 8 0 L
12 10 2 10 D
12 12 0 8 D

