21 17 297
10 17 10 8 0 12 7 8 17 13 12 14 9
16 0 0 14 0 0 16 9 0 12 0 17 9
16 5 0 0 4 0 0 0 0 16 6 2 8
0 2 16 18 0 19 0 0 14 0 1 0 4
0 15 19 0 0 0 19 16 0 15 0 0 3
17 8 3 7 4 0 0 15 0 5 0 6 0
3 5 0 6 0 1 0 0 18 0 6 20 11
7 0 0 0 0 20 17 13 0 10 9 7 0
18 0 7 14 0 2 16 0 11 12 2 3 6
6 18 5 2 0 0 0 12 6 0 8 0 5
16 13 16 0 16 19 5 0 12 0 0 10 11
7 8 0 16 0 0 10 12 0 0 0 5 10
0 14 1 17 18 3 1 0 10 0 0 0 16
0 0 0 0 U
0 1 0 1 U
0 2 0 2 U
0 3 0 3 U
0 4 0 4 R
0 5 0 5 R
0 6 0 6 R
0 7 0 7 R
0 8 0 8 R
0 9 0 9 D
0 10 0 10 D
0 11 0 11 D
0 12 0 12 D
0 13 0 13 L
0 14 0 14 L
0 15 0 15 L
0 16 0 16 L
1 0 9 15 L
1 1 0 13 L
1 2 0 15 L
1 3 6 3 U
1 4 8 10 D
1 5 3 5 R
1 6 6 14 L
1 7 3 7 R
1 8 0 16 L
1 9 10 4 R
1 10 12 13 L
1 11 4 11 D
1 12 8 12 D
1 13 0 10 D
1 14 6 3 U
1 15 0 9 D
1 16 2 2 U
2 0 5 0 U
2 1 0 14 L
2 2 4 12 D
2 3 6 13 L
2 4 17 4 R
2 5 7 5 R
2 6 1 6 R
2 7 0 3 U
2 8 0 15 L
2 9 12 13 L
2 10 7 13 L
2 11 9 11 D
2 12 4 12 D
2 13 8 13 L
2 14 11 14 L
2 15 0 11 D
2 16 7 16 L
3 0 0 4 R
3 1 5 11 D
3 2 14 2 U
3 3 0 5 R
3 4 12 9 D
3 5 5 14 L
3 6 4 6 R
3 7 0 1 U
3 8 14 1 U
3 9 0 4 R
3 10 8 14 L
3 11 0 5 R
3 12 1 12 D
3 13 0 0 U
3 14 7 0 U
3 15 17 10 D
3 16 4 12 D
4 0 3 0 U
4 1 12 5 R
4 2 0 9 D
4 3 10 3 U
4 4 6 4 R
4 5 3 2 U
4 6 11 10 D
4 7 9 10 D
4 8 0 12 D
4 9 0 14 L
4 10 1 10 D
4 11 2 0 U
4 12 1 4 R
4 13 11 0 U
4 14 8 1 U
4 15 1 15 L
4 16 7 1 U
5 0 11 5 R
5 1 7 7 R
5 2 0 4 R
5 3 0 15 L
5 4 0 10 D
5 5 4 5 R
5 6 12 6 R
5 7 2 13 L
5 8 6 8 R
5 9 15 8 R
5 10 7 10 D
5 11 0 13 L
5 12 2 12 D
5 13 15 9 D
5 14 18 0 U
5 15 7 1 U
5 16 9 12 D
6 0 1 5 R
6 1 0 8 R
6 2 2 2 U
6 3 8 3 U
6 4 3 15 L
6 5 0 15 L
6 6 0 13 L
6 7 10 7 R
6 8 7 14 L
6 9 17 13 L
6 10 1 10 D
6 11 3 7 R
6 12 7 3 U
6 13 16 11 D
6 14 8 14 L
6 15 2 15 L
6 16 5 16 L
7 0 10 5 R
7 1 5 1 U
7 2 1 2 U
7 3 4 4 R
7 4 11 2 U
7 5 6 5 R
7 6 8 1 U
7 7 4 0 U
7 8 14 8 R
7 9 5 7 R
7 10 0 6 R
7 11 2 11 D
7 12 0 14 L
7 13 6 13 L
7 14 9 10 D
7 15 9 15 L
7 16 13 16 L
8 0 3 13 L
8 1 11 1 U
8 2 0 12 D
8 3 13 6 R
8 4 0 14 L
8 5 0 2 U
8 6 14 3 U
8 7 2 7 R
8 8 9 8 R
8 9 6 16 L
8 10 0 16 L
8 11 0 3 U
8 12 13 4 R
8 13 15 4 R
8 14 4 12 D
8 15 1 15 L
8 16 5 16 L
9 0 0 6 R
9 1 5 16 L
9 2 11 9 D
9 3 1 5 R
9 4 6 9 D
9 5 5 2 U
9 6 0 9 D
9 7 6 14 L
9 8 5 8 R
9 9 0 7 R
9 10 4 6 R
9 11 0 0 U
9 12 0 8 R
9 13 3 2 U
9 14 0 11 D
9 15 6 15 L
9 16 14 16 L
10 0 5 4 R
10 1 1 15 L
10 2 5 6 R
10 3 1 3 U
10 4 5 12 D
10 5 8 9 D
10 6 1 11 D
10 7 1 7 R
10 8 2 14 L
10 9 2 9 D
10 10 2 4 R
10 11 6 15 L
10 12 2 12 D
10 13 7 10 D
10 14 0 1 U
10 15 16 9 D
10 16 0 3 U
11 0 10 9 D
11 1 7 13 L
11 2 2 5 R
11 3 10 8 R
11 4 4 11 D
11 5 1 0 U
11 6 0 10 D
11 7 8 3 U
11 8 6 8 R
11 9 0 15 L
11 10 2 10 D
11 11 6 5 R
11 12 4 4 R
11 13 0 5 R
11 14 3 14 L
11 15 4 15 L
12 0 15 0 U
12 1 9 7 R
12 2 8 14 L
12 3 13 15 L
12 4 11 0 U
12 5 8 14 L
12 6 1 6 R
12 7 4 7 R
12 8 2 8 R
12 9 8 15 L
12 10 9 15 L
12 11 7 11 D
12 12 3 12 D
12 13 5 13 L
12 14 3 9 D
12 15 6 2 U
13 0 3 6 R
13 1 4 1 U
13 2 7 2 U
13 3 14 12 D
13 4 10 1 U
13 5 4 0 U
13 6 5 6 R
13 7 0 11 D
13 9 5 9 D
13 10 2 10 D
13 11 14 11 D
13 12 1 6 R
13 13 4 2 U
13 14 10 1 U
13 15 8 11 D
14 0 15 14 L
14 1 3 1 U
14 2 0 7 R
14 3 1 3 U
14 4 2 4 R
14 5 0 0 U
14 6 0 12 D
14 9 8 16 L
14 10 7 10 D
14 11 13 13 L
14 12 0 7 R
14 13 0 4 R
14 14 12 11 D
14 15 5 15 L
14 16 12 0 U
15 0 5 13 L
15 1 16 4 R
15 2 2 2 U
15 4 4 13 L
15 5 14 13 L
15 9 14 9 D
15 10 13 5 R
15 11 12 4 R
15 12 8 16 L
15 13 3 13 L
15 14 14 1 U
15 15 8 12 D
16 0 9 4 R
16 1 7 9 D
16 2 4 6 R
16 4 12 14 L
16 5 5 5 R
16 7 4 7 R
16 9 4 6 R
16 10 14 10 D
16 11 1 11 D
16 12 18 13 L
16 13 7 12 D
16 14 2 14 L
16 15 5 9 D
16 16 11 10 D
17 0 15 7 R
17 2 13 2 U
17 4 14 1 U
17 9 4 5 R
17 10 1 2 U
17 12 2 16 L
17 13 1 12 D
17 14 13 2 U
17 15 4 15 L
18 0 4 0 U
18 4 16 2 U
18 10 7 0 U
18 12 14 0 U
18 13 14 2 U
18 14 13 4 R
18 15 1 15 L
19 10 1 10 D
19 12 13 1 U
19 14 2 14 L
19 15 17 1 U
20 12 6 12 D
20 15 2 15 L

