19 14 234
1 0 7 0 7 0 14 0 0 0 0 0 8
0 8 15 0 0 5 0 0 11 0 0 0 10
0 0 0 11 9 0 5 0 6 10 0 4 11
17 0 0 0 7 0 0 5 13 0 9 3 0
0 0 0 0 0 0 7 14 0 0 0 12 0
10 18 0 0 12 0 0 0 2 0 0 0 13
11 0 13 0 0 14 10 0 0 13 11 0 15
0 3 0 0 0 0 0 0 0 0 0 0 0
0 0 0 1 0 0 4 10 0 0 0 5 0
0 0 7 4 0 16 8 0 0 6 0 0 0
0 0 0 16 14 0 17 0 15 0 2 5 11
11 0 0 0 0 17 0 0 0 0 0 0 0
0 14 7 2 15 17 16 1 6 5 8 17 0
0 0 0 0 D
0 1 0 1 D
0 2 0 2 D
0 3 0 3 R
0 4 0 4 R
0 5 0 5 R
0 6 0 6 U
0 7 0 7 U
0 8 0 8 U
0 9 0 9 U
0 10 0 10 L
0 11 0 11 L
0 12 0 12 L
0 13 0 13 L
1 0 11 11 L
1 1 4 11 L
1 2 11 5 R
1 3 0 1 D
1 4 10 4 R
1 5 11 7 U
1 6 10 10 L
1 7 0 0 D
1 8 7 5 R
1 9 14 9 U
1 10 16 9 U
1 11 7 11 L
1 12 7 12 L
1 13 4 13 L
2 0 13 0 D
2 1 0 12 L
2 2 1 11 L
2 3 5 0 D
2 4 6 6 U
2 5 7 8 U
2 6 10 3 R
2 7 5 10 L
2 8 12 8 U
2 9 8 9 U
2 10 6 8 U
2 11 6 11 L
2 12 7 7 U
2 13 10 13 L
3 0 9 0 D
3 1 1 1 D
3 2 12 10 L
3 3 0 0 D
3 4 0 2 D
3 5 13 5 R
3 6 2 6 U
3 7 1 7 U
3 8 0 1 D
3 9 18 9 U
3 10 7 6 U
3 11 0 0 D
3 12 7 12 L
3 13 11 2 D
4 0 0 3 R
4 1 9 4 R
4 2 3 2 D
4 3 5 7 U
4 4 9 4 R
4 5 2 5 R
4 6 9 10 L
4 7 7 2 D
4 8 5 8 U
4 9 7 9 U
4 10 0 4 R
4 11 0 1 D
4 12 7 12 L
4 13 8 13 L
5 0 0 10 L
5 1 2 1 D
5 2 4 11 L
5 3 3 1 D
5 4 3 6 U
5 5 12 1 D
5 6 0 10 L
5 7 3 7 U
5 8 3 8 U
5 9 0 2 D
5 10 3 4 R
5 11 8 11 L
5 12 8 12 L
5 13 1 13 L
6 0 2 12 L
6 1 0 4 R
6 2 0 11 L
6 3 2 11 L
6 4 10 6 U
6 5 13 8 U
6 6 1 11 L
6 7 9 7 U
6 8 0 4 R
6 9 12 9 U
6 10 0 6 U
6 11 12 11 L
6 12 8 12 L
6 13 4 13 L
7 0 10 5 R
7 1 13 4 R
7 2 0 5 R
7 3 6 3 R
7 4 1 8 U
7 5 1 5 R
7 6 4 0 D
7 7 13 1 D
7 8 8 5 R
7 9 15 10 L
7 10 0 7 U
7 11 0 9 U
7 12 10 2 D
7 13 6 7 U
8 0 14 0 D
8 1 10 5 R
8 2 5 2 D
8 3 1 8 U
8 4 3 4 R
8 5 5 7 U
8 6 12 3 R
8 7 11 11 L
8 8 5 10 L
8 9 5 9 U
8 10 11 8 U
8 11 1 9 U
8 12 4 12 L
8 13 6 13 L
9 0 4 10 L
9 1 11 1 D
9 2 4 2 D
9 3 13 0 D
9 4 1 4 R
9 5 16 5 R
9 6 0 3 R
9 7 8 0 D
9 8 1 10 L
9 10 7 10 L
9 11 4 0 D
9 12 13 6 U
9 13 8 13 L
10 0 6 13 L
10 1 3 1 D
10 2 1 10 L
10 3 5 9 U
10 4 8 4 R
10 5 11 9 U
10 6 4 6 U
10 7 4 7 U
10 8 11 4 R
10 9 14 0 D
10 10 6 0 D
10 11 4 7 U
10 12 14 12 L
10 13 13 8 U
11 0 0 13 L
11 1 13 3 R
11 2 4 12 L
11 3 4 2 D
11 4 15 7 U
11 5 0 6 U
11 6 6 2 D
11 7 3 4 R
11 8 5 3 R
11 10 0 3 R
11 11 13 8 U
11 12 10 12 L
11 13 3 8 U
12 0 2 3 R
12 1 5 1 D
12 2 9 2 D
12 3 10 1 D
12 4 0 7 U
12 5 1 7 U
12 6 0 5 R
12 7 5 4 R
12 8 16 10 L
12 10 10 0 D
12 11 7 6 U
12 12 10 12 L
12 13 17 9 U
13 0 16 13 L
13 1 12 5 R
13 2 1 2 D
13 3 0 10 L
13 4 15 6 U
13 5 6 5 R
13 6 3 10 L
13 7 0 2 D
13 8 12 2 D
13 10 0 5 R
13 11 7 11 L
13 12 7 12 L
13 13 6 13 L
14 0 11 10 L
14 1 2 1 D
14 2 3 2 D
14 3 5 1 D
14 4 2 4 R
14 5 15 5 R
14 6 8 1 D
14 7 2 1 D
14 8 12 8 U
14 10 13 1 D
14 11 15 3 R
14 12 6 8 U
15 0 13 12 L
15 1 16 12 L
15 2 6 11 L
15 3 4 0 D
15 4 7 2 D
15 6 0 11 L
15 8 3 8 U
15 10 4 3 R
15 11 18 8 U
15 12 4 12 L
15 13 7 13 L
16 1 1 1 D
16 2 1 4 R
16 4 8 1 D
16 5 1 5 R
16 6 12 11 L
16 10 6 6 U
16 11 10 11 L
16 12 11 7 U
16 13 13 13 L
17 1 2 13 L
17 2 1 3 R
17 4 9 4 R
17 6 12 6 U
17 10 2 4 R
17 11 1 11 L
17 12 13 8 U
18 1 17 4 R
18 2 2 2 D
18 10 17 6 U

