25 21 436
18 14 0 0 0 0 5 12 14 13 0 18
18 0 15 0 0 0 17 17 0 24 6 12
19 0 3 0 0 0 16 0 0 0 0 0
20 9 0 0 17 4 0 2 6 0 0 20
15 0 2 18 14 13 22 0 9 0 0 0
11 9 21 0 0 0 22 0 0 0 0 0
0 0 0 0 0 0 0 15 12 0 0 0
0 18 4 0 0 4 0 0 0 2 0 0
0 0 0 0 18 2 7 14 11 0 0 0
21 0 13 0 0 1 0 0 0 0 0 11
17 0 0 10 0 23 14 0 0 11 0 11
12 10 18 12 15 0 0 0 13 6 11 9
0 0 0 0 U
0 1 0 1 U
0 2 0 2 U
0 3 0 3 U
0 4 0 4 U
0 5 0 5 R
0 6 0 6 R
0 7 0 7 R
0 8 0 8 R
0 9 0 9 R
0 10 0 10 R
0 11 0 11 D
0 12 0 12 D
0 13 0 13 D
0 14 0 14 D
0 15 0 15 D
0 16 0 16 L
0 17 0 17 L
0 18 0 18 L
0 19 0 19 L
0 20 0 20 L
1 0 0 17 L
1 1 0 11 D
1 2 12 16 L
1 3 7 18 L
1 4 2 4 U
1 5 3 0 U
1 6 15 1 U
1 7 0 13 D
1 8 17 11 D
1 9 5 3 U
1 10 10 13 D
1 11 0 8 R
1 12 5 12 D
1 13 10 13 D
1 14 2 14 D
1 15 24 6 R
1 16 5 12 D
1 17 10 0 U
1 18 4 18 L
1 19 4 0 U
1 20 15 11 D
2 0 1 0 U
2 1 4 1 U
2 2 3 6 R
2 3 5 17 L
2 4 1 4 U
2 5 16 2 U
2 6 8 16 L
2 7 5 7 R
2 8 11 13 D
2 9 12 9 R
2 11 1 16 L
2 12 9 17 L
2 13 0 3 U
2 14 8 5 R
2 15 19 15 D
2 16 22 3 U
2 17 9 6 R
2 18 1 15 D
2 19 1 19 L
2 20 8 20 L
3 0 8 20 L
3 1 5 5 R
3 2 5 6 R
3 3 13 3 U
3 4 10 5 R
3 5 0 0 U
3 6 4 6 R
3 7 4 15 D
3 8 21 8 R
3 9 6 9 R
3 11 2 0 U
3 12 0 5 R
3 13 7 10 R
3 14 9 19 L
3 15 6 15 D
3 16 9 9 R
3 17 4 12 D
3 18 7 0 U
3 19 23 12 D
3 20 21 12 D
4 0 7 5 R
4 1 19 6 R
4 2 16 8 R
4 3 16 10 R
4 4 18 18 L
4 5 18 14 D
4 6 2 12 D
4 7 2 4 U
4 8 1 15 D
4 9 3 9 R
4 10 10 10 R
4 11 18 5 R
4 12 15 12 D
4 13 7 13 D
4 14 3 7 R
4 15 9 15 D
4 16 7 0 U
4 17 7 17 L
4 18 7 13 D
4 19 3 19 L
4 20 8 20 L
5 0 8 17 L
5 1 3 1 U
5 2 22 18 L
5 3 3 7 R
5 4 22 20 L
5 5 21 0 U
5 6 9 3 U
5 7 7 0 U
5 8 17 19 L
5 9 1 9 R
5 11 0 0 U
5 12 4 2 U
5 13 8 16 L
5 14 13 7 R
5 15 3 15 D
5 16 3 1 U
5 17 16 14 D
5 18 6 1 U
5 19 8 19 L
5 20 14 20 L
6 0 2 11 D
6 1 14 20 L
6 2 10 12 D
6 3 0 7 R
6 4 21 20 L
6 5 0 16 L
6 6 19 2 U
6 7 17 7 R
6 8 8 8 R
6 9 9 9 R
6 10 3 4 U
6 11 1 2 U
6 12 10 2 U
6 13 2 18 L
6 14 0 18 L
6 15 0 17 L
6 16 8 2 U
6 17 11 17 L
6 18 9 18 L
6 19 0 14 D
6 20 8 20 L
7 0 13 6 R
7 1 13 19 L
7 2 19 20 L
7 3 14 8 R
7 4 23 10 R
7 5 9 11 D
7 6 21 14 D
7 7 1 13 D
7 8 9 8 R
7 9 13 0 U
7 11 2 5 R
7 12 4 9 R
7 13 22 9 R
7 14 1 5 R
7 15 0 19 L
7 16 0 0 U
7 17 9 17 L
7 18 1 2 U
7 19 5 4 U
7 20 6 9 R
8 0 0 19 L
8 1 21 17 L
8 2 1 2 U
8 3 3 3 U
8 4 12 17 L
8 5 21 12 D
8 6 21 13 D
8 7 11 13 D
8 8 9 8 R
8 9 6 9 R
8 10 2 10 R
8 11 6 1 U
8 12 2 8 R
8 13 2 19 L
8 14 23 5 R
8 15 2 15 D
8 16 12 11 D
8 17 0 4 U
8 18 0 1 U
8 19 11 19 L
8 20 17 20 L
9 0 3 9 R
9 1 20 16 L
9 2 4 8 R
9 3 14 3 U
9 4 0 14 D
9 5 12 1 U
9 6 17 2 U
9 7 6 3 U
9 8 4 8 R
9 9 22 11 D
9 10 7 10 R
9 11 0 16 L
9 12 1 18 L
9 13 16 13 D
9 14 0 7 R
9 15 7 16 L
9 16 19 1 U
9 17 18 5 R
9 18 3 14 D
9 19 15 19 L
9 20 4 20 L
10 0 21 0 U
10 1 7 5 R
10 2 16 6 R
10 3 1 3 U
10 4 16 13 D
10 5 15 4 U
10 6 2 18 L
10 7 8 13 D
10 8 9 8 R
10 9 7 9 R
10 11 0 4 U
10 12 6 5 R
10 13 12 3 U
10 14 17 8 R
10 15 0 3 U
10 16 17 4 U
10 17 7 0 U
10 18 4 2 U
10 19 4 1 U
10 20 7 14 D
11 0 19 11 D
11 1 9 6 R
11 2 18 17 L
11 3 14 19 L
11 4 13 9 R
11 5 9 3 U
11 6 5 11 D
11 7 1 7 R
11 8 13 4 U
11 9 6 9 R
11 11 4 5 R
11 12 17 2 U
11 13 18 6 R
11 14 0 4 U
11 15 5 17 L
11 16 3 6 R
11 17 15 17 L
11 18 10 15 D
11 19 20 13 D
11 20 7 10 R
12 0 6 18 L
12 1 1 16 L
12 2 6 20 L
12 3 0 9 R
12 4 11 14 D
12 5 0 14 D
12 6 14 6 R
12 7 9 3 U
12 8 7 12 D
12 11 1 20 L
12 12 3 6 R
12 13 7 19 L
12 14 13 14 D
12 15 13 3 U
12 16 16 11 D
12 17 3 2 U
12 18 0 3 U
12 19 18 13 D
12 20 4 13 D
13 0 10 9 R
13 1 20 8 R
13 2 1 2 U
13 3 3 3 U
13 4 17 4 U
13 6 3 11 D
13 7 20 11 D
13 8 9 1 U
13 11 6 17 L
13 12 17 9 R
13 13 17 13 D
13 14 10 1 U
13 15 19 15 D
13 16 18 11 D
13 17 10 4 U
13 18 7 4 U
13 19 3 19 L
13 20 5 13 D
14 0 5 8 R
14 1 20 1 U
14 2 8 17 L
14 3 13 5 R
14 4 3 4 U
14 6 16 11 D
14 7 16 7 R
14 8 3 8 R
14 9 5 12 D
14 10 12 0 U
14 11 8 6 R
14 12 0 2 U
14 13 19 17 L
14 14 2 14 D
14 15 15 18 L
14 16 20 0 U
14 17 6 3 U
14 18 15 12 D
14 19 10 3 U
14 20 2 7 R
15 0 13 5 R
15 1 13 7 R
15 2 5 2 U
15 3 1 3 U
15 4 4 9 R
15 5 20 14 D
15 6 8 6 R
15 7 2 7 R
15 8 9 8 R
15 11 9 18 L
15 12 14 8 R
15 13 10 8 R
15 15 1 15 D
15 16 7 3 U
15 17 12 1 U
15 18 6 18 L
15 19 8 19 L
15 20 4 1 U
16 0 11 8 R
16 1 7 11 D
16 2 8 2 U
16 3 10 20 L
16 4 0 5 R
16 6 0 1 U
16 7 5 17 L
16 8 22 17 L
16 9 1 12 D
16 11 17 16 L
16 12 13 12 D
16 13 13 13 D
16 14 2 14 D
16 16 12 12 D
16 17 0 11 D
16 19 11 13 D
16 20 8 20 L
17 0 21 19 L
17 1 0 12 D
17 2 4 2 U
17 3 16 3 U
17 4 18 19 L
17 6 8 1 U
17 7 9 2 U
17 8 12 12 D
17 9 4 3 U
17 11 15 9 R
17 12 5 1 U
17 13 11 20 L
17 14 14 14 D
17 15 12 4 U
17 16 11 7 R
17 19 2 4 U
17 20 12 15 D
18 0 4 7 R
18 1 20 17 L
18 2 21 8 R
18 3 0 6 R
18 4 12 7 R
18 5 2 11 D
18 6 6 12 D
18 7 4 14 D
18 8 9 8 R
18 9 6 14 D
18 11 15 5 R
18 12 22 4 U
18 13 23 2 U
18 14 12 19 L
18 15 22 7 R
18 16 17 16 L
18 17 12 13 D
18 18 11 18 L
18 19 7 4 U
19 1 8 5 R
19 2 13 10 R
19 3 1 3 U
19 4 13 4 U
19 5 2 0 U
19 6 17 6 R
19 7 16 1 U
19 8 17 15 D
19 11 4 6 R
19 12 0 1 U
19 13 9 2 U
19 14 11 16 L
19 18 14 11 D
19 19 3 19 L
20 0 3 16 L
20 1 5 7 R
20 2 18 9 R
20 3 14 5 R
20 4 19 4 U
20 5 1 15 D
20 6 1 13 D
20 7 13 19 L
20 11 10 5 R
20 12 16 12 D
20 13 17 19 L
20 14 1 14 D
20 15 7 15 D
20 17 16 11 D
20 19 13 4 U
21 0 22 17 L
21 1 4 19 L
21 2 0 9 R
21 3 8 18 L
21 5 13 13 D
21 6 9 6 R
21 8 17 14 D
21 12 19 16 L
21 13 8 4 U
21 17 11 14 D
21 18 2 18 L
21 19 18 19 L
21 20 20 11 D
22 1 2 1 U
22 2 8 19 L
22 3 2 3 U
22 4 11 17 L
22 5 16 16 L
22 6 3 15 D
22 9 0 11 D
22 10 0 18 L
22 12 2 2 U
22 13 14 7 R
22 17 18 0 U
22 18 13 7 R
23 0 11 7 R
23 2 11 2 U
23 3 10 6 R
23 13 0 6 R
23 16 5 0 U
23 17 18 15 D
24 2 5 8 R
24 3 3 3 U

