20 26 432
6 0 15 0 0 0 12 1 0 8 19 7 0
0 19 10 0 0 3 0 0 16 0 0 14 12
14 12 0 0 0 6 0 0 16 5 3 0 0
11 0 0 0 5 6 0 0 0 0 0 0 0
8 0 0 0 0 9 0 0 0 0 0 0 0
0 4 0 0 13 0 0 0 0 0 0 0 0
4 0 0 0 16 18 12 12 0 0 0 0 0
5 15 0 16 18 14 0 0 0 3 0 0 4
8 0 0 0 4 0 6 7 0 0 0 0 0
0 0 0 0 0 0 0 0 1 16 0 0 0
0 0 0 0 10 0 2 0 0 11 0 0 0
0 0 0 0 0 17 15 0 13 0 0 0 0
14 17 0 12 17 6 0 14 9 16 18 10 17
0 0 0 0 D
0 1 0 1 D
0 2 0 2 D
0 3 0 3 D
0 4 0 4 D
0 5 0 5 D
0 6 0 6 D
0 7 0 7 D
0 8 0 8 R
0 9 0 9 R
0 10 0 10 R
0 11 0 11 R
0 12 0 12 R
0 13 0 13 U
0 14 0 14 U
0 15 0 15 U
0 16 0 16 U
0 17 0 17 U
0 18 0 18 U
0 19 0 19 U
0 20 0 20 L
0 21 0 21 L
0 22 0 22 L
0 23 0 23 L
0 24 0 24 L
0 25 0 25 L
1 0 16 22 L
1 1 0 21 L
1 2 7 2 D
1 3 3 9 R
1 4 12 4 D
1 5 10 9 R
1 6 3 24 L
1 7 8 24 L
1 8 6 3 D
1 9 12 17 U
1 10 0 5 D
1 11 2 1 D
1 12 2 12 R
1 13 0 20 L
1 14 13 14 U
1 15 9 21 L
1 16 2 16 U
1 17 3 17 U
1 18 12 22 L
1 19 11 19 U
1 20 11 1 D
1 21 9 13 U
1 22 0 3 D
1 23 11 13 U
1 24 14 4 D
1 25 8 17 U
2 0 11 18 U
2 1 0 14 U
2 2 9 8 R
2 3 6 3 D
2 4 0 10 R
2 5 8 5 D
2 6 7 6 D
2 7 9 7 D
2 8 13 1 D
2 9 14 21 L
2 10 10 16 U
2 11 5 11 R
2 12 11 12 R
2 13 0 8 R
2 14 3 14 U
2 15 1 15 U
2 16 0 22 L
2 17 3 17 U
2 18 0 25 L
2 19 6 12 R
2 20 4 20 L
2 21 12 0 D
2 22 5 16 U
2 23 10 23 L
2 24 12 13 U
2 25 12 25 L
3 0 6 0 D
3 1 0 8 R
3 2 11 2 D
3 3 13 3 D
3 4 1 4 D
3 5 13 25 L
3 6 7 6 D
3 7 10 8 R
3 8 9 4 D
3 9 4 1 D
3 10 4 14 U
3 11 12 14 U
3 12 1 19 U
3 13 0 0 D
3 14 0 7 D
3 15 14 1 D
3 16 6 16 U
3 17 6 17 U
3 18 6 11 R
3 19 11 19 U
3 20 1 18 U
3 21 13 4 D
3 22 5 4 D
3 23 8 6 D
3 24 2 12 R
3 25 7 18 U
4 0 11 8 R
4 1 3 1 D
4 2 11 20 L
4 3 7 10 R
4 4 9 4 D
4 5 7 5 D
4 6 8 6 D
4 7 8 7 D
4 8 3 4 D
4 9 5 19 U
4 10 0 20 L
4 11 15 1 D
4 12 2 3 D
4 13 8 12 R
4 14 3 20 L
4 15 3 15 U
4 16 0 10 R
4 17 12 20 L
4 18 12 18 U
4 19 6 8 R
4 20 10 9 R
4 21 2 2 D
4 22 3 15 U
4 23 7 3 D
4 24 7 17 U
4 25 9 6 D
5 0 10 10 R
5 1 3 20 L
5 2 2 15 U
5 3 2 16 U
5 4 3 21 L
5 5 13 22 L
5 6 7 20 L
5 8 8 8 R
5 9 12 0 D
5 10 2 10 R
5 11 11 11 R
5 12 9 12 R
5 13 6 9 R
5 14 3 14 U
5 15 4 24 L
5 16 3 16 U
5 17 13 20 L
5 18 1 18 U
5 19 8 11 R
5 20 8 13 U
5 21 4 1 D
5 22 10 14 U
5 23 2 23 L
5 24 2 24 L
6 0 15 13 U
6 1 0 16 U
6 2 10 2 D
6 3 4 3 D
6 4 4 9 R
6 5 11 24 L
6 6 1 23 L
6 7 4 22 L
6 8 13 13 U
6 9 10 7 D
6 10 3 13 U
6 11 11 3 D
6 12 4 2 D
6 13 11 21 L
6 14 4 23 L
6 15 10 23 L
6 16 12 22 L
6 17 3 3 D
6 18 4 18 U
6 19 13 9 R
6 20 9 2 D
6 21 14 5 D
6 22 15 5 D
6 23 9 0 D
6 24 8 18 U
6 25 2 6 D
7 0 5 9 R
7 1 5 24 L
7 2 3 12 R
7 3 15 11 R
7 4 1 22 L
7 5 15 20 L
7 6 12 11 R
7 7 4 7 D
7 8 0 15 U
7 9 15 5 D
7 10 11 17 U
7 11 5 2 D
7 12 6 19 U
7 13 2 23 L
7 14 6 14 U
7 15 10 8 R
7 16 1 23 L
7 17 3 17 U
7 18 4 18 U
7 19 11 19 U
7 20 6 15 U
7 21 3 17 U
7 22 3 3 D
7 23 8 18 U
7 24 5 14 U
8 0 0 9 R
8 1 5 8 R
8 2 17 2 D
8 3 7 12 R
8 4 12 10 R
8 5 7 9 R
8 6 4 12 R
8 7 6 12 R
8 8 14 5 D
8 9 6 0 D
8 10 16 19 U
8 11 7 18 U
8 12 3 16 U
8 13 7 3 D
8 14 17 21 L
8 15 0 1 D
8 16 2 10 R
8 17 13 11 R
8 18 6 24 L
8 19 4 19 U
8 20 0 14 U
8 21 9 15 U
8 22 12 13 U
8 23 3 14 U
8 24 4 7 D
8 25 14 5 D
9 0 2 8 R
9 1 8 11 R
9 2 0 17 U
9 3 0 18 U
9 4 13 12 R
9 5 4 5 D
9 6 15 8 R
9 8 0 0 D
9 9 1 3 D
9 10 8 0 D
9 11 1 22 L
9 12 8 3 D
9 13 1 13 U
9 14 13 10 R
9 15 3 24 L
9 16 1 21 L
9 17 2 4 D
9 18 10 25 L
9 19 4 19 U
9 20 2 8 R
9 21 8 13 U
9 22 0 2 D
9 23 5 23 L
9 24 12 24 L
9 25 2 25 L
10 0 14 14 U
10 1 9 14 U
10 2 12 21 L
10 3 5 21 L
10 4 3 4 D
10 5 2 5 D
10 6 7 6 D
10 8 5 6 D
10 9 0 13 U
10 10 5 10 R
10 11 5 16 U
10 12 4 12 R
10 13 7 9 R
10 14 4 14 U
10 15 7 23 L
10 16 4 11 R
10 17 2 17 U
10 18 3 18 U
10 19 3 10 R
10 20 4 19 U
10 21 0 0 D
10 22 0 9 R
10 23 8 16 U
10 24 7 5 D
10 25 2 2 D
11 0 2 11 R
11 1 1 1 D
11 2 18 2 D
11 3 13 15 U
11 4 10 4 D
11 5 17 5 D
11 6 7 6 D
11 7 1 7 D
11 8 1 0 D
11 9 14 13 U
11 10 15 17 U
11 11 4 15 U
11 12 5 12 R
11 13 2 8 R
11 14 7 9 R
11 15 9 25 L
11 16 7 21 L
11 17 6 17 U
11 18 4 23 L
11 19 12 19 U
11 20 0 13 U
11 21 10 21 L
11 22 3 22 L
11 24 5 24 L
11 25 9 25 L
12 0 10 21 L
12 1 11 9 R
12 2 7 23 L
12 3 1 3 D
12 4 14 22 L
12 5 5 5 D
12 6 3 6 D
12 7 15 10 R
12 8 1 1 D
12 9 0 1 D
12 10 11 10 R
12 11 14 11 R
12 12 15 1 D
12 13 0 9 R
12 14 1 21 L
12 15 14 2 D
12 16 2 20 L
12 17 15 17 U
12 18 5 4 D
12 19 2 22 L
12 20 0 7 D
12 21 5 18 U
12 22 16 3 D
12 23 8 15 U
12 24 14 24 L
13 0 4 23 L
13 1 8 1 D
13 2 0 15 U
13 3 15 18 U
13 4 1 4 D
13 5 14 20 L
13 6 0 23 L
13 7 11 7 D
13 8 10 2 D
13 9 4 16 U
13 10 4 18 U
13 11 5 19 U
13 12 7 25 L
13 13 8 20 L
13 14 2 25 L
13 15 8 15 U
13 16 6 20 L
13 17 4 17 U
13 18 18 1 D
13 19 14 22 L
13 20 0 1 D
13 21 4 7 D
13 22 7 15 U
13 23 5 23 L
13 24 6 11 R
14 0 8 20 L
14 1 6 13 U
14 2 5 24 L
14 3 7 23 L
14 4 6 21 L
14 5 5 20 L
14 8 3 0 D
14 9 7 16 U
14 10 16 1 D
14 11 1 11 R
14 12 11 12 R
14 13 0 11 R
14 14 12 11 R
14 15 15 22 L
14 16 3 16 U
14 17 5 9 R
14 18 10 12 R
14 20 12 8 R
14 21 3 4 D
14 22 9 19 U
14 24 12 24 L
15 0 5 16 U
15 1 7 1 D
15 2 5 15 U
15 3 16 8 R
15 4 8 23 L
15 8 14 18 U
15 9 16 9 R
15 10 7 4 D
15 11 9 21 L
15 12 5 12 R
15 13 5 22 L
15 14 0 23 L
15 16 4 12 R
15 17 16 25 L
15 18 14 23 L
15 20 16 14 U
15 21 9 17 U
15 22 7 22 L
15 24 14 0 D
16 0 10 0 D
16 1 10 19 U
16 2 17 23 L
16 3 18 20 L
16 4 10 10 R
16 8 0 22 L
16 10 9 24 L
16 12 7 0 D
16 13 17 4 D
16 14 13 22 L
16 15 6 15 U
16 16 5 6 D
16 17 12 2 D
16 20 5 2 D
16 21 12 12 R
16 22 5 10 R
16 24 1 24 L
17 0 0 13 U
17 1 16 17 U
17 4 1 8 R
17 10 9 14 U
17 12 10 13 U
17 13 15 9 R
17 14 1 12 R
17 16 10 24 L
17 17 1 10 R
17 18 3 18 U
17 21 5 21 L
18 0 16 0 D
18 1 5 18 U
18 10 2 10 R
18 14 12 14 U
18 17 3 17 U
18 20 17 4 D
19 0 12 0 D
19 14 3 9 R

