18 12 197
0 0 3 4 0 0 0 0 0 8 0 0 0 0 15 0 0
0 0 0 0 16 0 3 16 0 6 0 0 0 0 0 17 0
13 0 0 3 0 17 0 0 4 0 0 1 0 11 0 0 0
0 13 5 0 0 0 0 0 0 0 0 0 0 0 0 0 0
0 0 10 0 17 13 7 0 0 0 0 0 0 0 0 0 0
0 6 0 0 0 0 0 0 0 0 0 0 0 0 0 0 0
0 0 0 0 0 11 0 0 0 14 0 16 0 0 13 16 0
0 0 0 0 0 0 0 14 17 7 0 0 0 6 12 11 0
0 0 0 0 0 0 0 0 0 7 0 0 4 0 12 0 8
0 0 0 0 0 0 0 1 0 0 0 0 0 0 0 15 14
0 0 0 0 0 0 0 0 0 0 0 0 0 0 0 0 0
0 0 0 0 0 0 0 0 0 16 0 0 0 15 0 17 0
0 0 0 0 0 0 0 0 0 0 0 0 0 0 0 0 0
0 0 15 5 0 6 0 0 0 0 14 0 0 8 0 14 0
0 3 7 14 17 12 0 0 0 0 0 0 0 8 15 11 0
0 0 0 0 0 0 0 0 0 0 0 0 3 0 0 3 0
13 0 0 0 0 0 14 1 0 0 0 0 0 0 10 0 17
0 0 0 0 U
0 1 0 1 U
0 2 0 2 U
0 3 0 3 R
0 4 0 4 R
0 5 0 5 R
0 6 0 6 D
0 7 0 7 D
0 8 0 8 D
0 9 0 9 L
0 10 0 10 L
0 11 0 11 L
1 0 6 3 R
1 1 4 4 R
1 2 7 2 U
1 3 0 0 U
1 4 5 0 U
1 5 2 5 R
1 6 8 3 R
1 7 12 4 R
1 8 13 0 U
1 9 0 0 U
1 10 0 1 U
1 11 3 6 D
2 0 9 11 L
2 1 3 1 U
2 2 10 3 R
2 3 11 8 D
2 4 14 8 D
2 5 4 6 D
2 6 5 6 D
2 7 10 10 L
2 8 15 5 R
2 9 3 6 D
2 10 4 10 L
2 11 1 11 L
3 0 4 9 L
3 1 1 1 U
3 2 13 4 R
3 3 0 1 U
3 4 1 4 R
3 5 5 5 R
3 6 0 9 L
3 7 0 3 R
3 8 2 8 D
3 9 0 7 D
3 10 1 6 D
3 11 10 2 U
4 0 2 9 L
4 1 0 9 L
4 2 2 3 R
4 3 0 6 D
4 4 0 7 D
4 5 7 8 D
4 6 0 10 L
4 7 1 7 D
4 8 3 8 D
4 9 0 6 D
4 10 0 4 R
4 11 0 7 D
5 0 3 9 L
5 1 12 11 L
5 2 12 2 U
5 3 4 8 D
5 4 0 8 D
5 5 11 5 R
5 6 6 5 R
5 7 6 7 D
5 8 3 8 D
5 9 7 0 U
5 10 7 8 D
5 11 3 0 U
6 0 4 3 R
6 1 5 1 U
6 2 0 8 D
6 3 9 3 R
6 4 10 4 R
6 5 1 5 R
6 6 10 4 R
6 7 11 4 R
6 8 12 9 L
6 9 8 7 D
6 10 3 10 L
6 11 10 11 L
7 0 0 4 R
7 1 4 10 L
7 2 1 5 R
7 3 5 11 L
7 4 13 0 U
7 5 2 2 U
7 6 4 6 D
7 7 12 3 R
7 8 1 8 D
7 9 0 8 D
7 10 10 7 D
7 11 3 11 L
8 0 0 6 D
8 1 13 3 R
8 2 10 10 L
8 3 5 2 U
8 4 6 4 R
8 5 5 2 U
8 6 3 5 R
8 7 15 10 L
8 8 0 5 R
8 9 6 0 U
8 10 2 1 U
8 11 4 0 U
9 0 14 10 L
9 1 4 1 U
9 2 1 9 L
9 3 4 7 D
9 4 13 4 R
9 5 0 6 D
9 6 10 11 L
9 7 8 9 L
9 8 0 1 U
9 9 10 8 D
9 10 5 8 D
10 0 0 3 R
10 1 0 11 L
10 2 8 2 U
10 3 3 0 U
10 4 8 1 U
10 5 2 5 R
10 6 9 10 L
10 7 0 11 L
10 8 5 4 R
10 9 2 6 D
10 10 2 0 U
10 11 9 0 U
11 0 5 10 L
11 1 3 11 L
11 3 9 1 U
11 4 0 9 L
11 5 2 6 D
11 6 0 4 R
11 7 6 11 L
11 8 14 8 D
11 9 1 9 L
11 10 15 8 D
11 11 8 0 U
12 0 14 0 U
12 1 1 5 R
12 3 9 6 D
12 4 11 7 D
12 5 1 11 L
12 6 3 6 D
12 7 6 1 U
12 8 10 9 L
12 9 0 2 U
12 10 5 10 L
13 0 0 7 D
13 1 12 5 R
13 3 12 9 L
13 4 7 10 L
13 5 14 5 R
13 6 1 11 L
13 7 0 0 U
13 8 4 8 D
13 9 10 7 D
13 10 5 0 U
13 11 9 7 D
14 0 11 10 L
14 1 13 9 L
14 3 13 7 D
14 4 1 7 D
14 5 16 7 D
14 6 8 5 R
14 7 6 7 D
14 8 1 2 U
14 9 6 9 L
14 10 0 3 R
14 11 12 11 L
15 0 16 0 U
15 1 3 1 U
15 3 3 7 D
15 4 1 4 R
15 5 11 1 U
15 6 1 6 D
15 7 5 5 R
15 9 10 2 U
15 10 6 1 U
16 0 9 0 U
16 1 13 5 R
16 3 3 1 U
16 5 14 6 D
16 7 1 7 D
16 9 14 6 D
16 10 8 3 R
17 0 7 9 L
17 1 15 1 U
17 3 2 10 L
17 5 15 1 U
17 7 9 2 U
17 9 13 8 D
17 10 13 0 U

