20 25 429
9 8 12 0 7 0 0 0 16 0 5 0 5 16
2 0 17 0 0 0 2 0 15 0 19 0 0 0
15 15 0 0 16 0 18 0 0 13 0 17 0 0
0 15 0 8 6 2 0 18 18 18 0 16 0 0
0 0 18 3 11 16 3 0 0 0 17 0 0 14
0 0 0 12 10 0 0 6 0 0 0 14 15 17
0 0 0 0 0 0 1 14 0 0 0 0 0 0
17 0 0 14 0 0 17 18 0 17 10 16 16 11
0 2 17 1 0 0 0 19 10 0 14 0 4 0
0 0 0 0 19 0 0 0 1 0 14 0 12 14
0 0 0 5 0 11 0 2 16 0 19 0 7 10
0 16 19 11 0 7 0 0 0 0 0 0 0 16
0 0 0 0 0 3 0 0 0 0 0 0 0 9
9 12 5 13 18 11 0 0 0 0 13 0 0 12
0 0 0 0 L
0 1 0 1 L
0 2 0 2 L
0 3 0 3 L
0 4 0 4 L
0 5 0 5 L
0 6 0 6 L
0 7 0 7 R
0 8 0 8 R
0 9 0 9 R
0 10 0 10 R
0 11 0 11 R
0 12 0 12 R
0 13 0 13 D
0 14 0 14 D
0 15 0 15 D
0 16 0 16 D
0 17 0 17 D
0 18 0 18 D
0 19 0 19 U
0 20 0 20 U
0 21 0 21 U
0 22 0 22 U
0 23 0 23 U
0 24 0 24 U
1 0 5 16 D
1 1 8 21 U
1 2 3 18 D
1 3 5 19 U
1 4 11 15 D
1 5 7 5 L
1 6 8 23 U
1 7 0 2 L
1 8 0 15 D
1 9 11 20 U
1 10 8 10 R
1 11 2 11 R
1 12 8 3 L
1 13 7 1 L
1 14 9 1 L
1 15 0 20 U
1 16 2 11 R
1 17 4 17 D
1 18 4 18 D
1 19 10 19 U
1 20 3 7 R
1 21 0 5 L
1 22 3 9 R
1 23 2 23 U
1 24 4 24 U
2 0 0 7 R
2 1 0 13 D
2 2 0 20 U
2 3 1 3 L
2 4 5 19 U
2 5 5 20 U
2 6 0 18 D
2 7 0 21 U
2 8 3 13 D
2 9 4 20 U
2 10 13 22 U
2 11 4 19 U
2 12 0 18 D
2 13 12 8 R
2 14 1 11 R
2 15 7 0 L
2 16 7 3 L
2 17 15 17 D
2 18 5 18 D
2 19 7 4 L
2 20 12 20 U
2 21 14 0 L
2 22 0 12 R
2 23 3 10 R
2 24 13 24 U
3 0 13 13 D
3 1 16 19 U
3 2 10 18 D
3 3 13 16 D
3 4 16 23 U
3 5 7 5 L
3 7 8 0 L
3 8 4 15 D
3 9 5 17 D
3 10 13 23 U
3 11 0 3 L
3 12 13 12 R
3 13 6 22 U
3 14 14 10 R
3 15 4 15 D
3 16 7 16 D
3 17 5 2 L
3 18 4 18 D
3 19 14 0 L
3 20 8 11 R
3 21 4 21 U
3 22 10 22 U
3 23 9 23 U
3 24 4 24 U
4 0 9 13 D
4 1 10 23 U
4 2 1 13 D
4 3 3 3 L
4 4 3 4 L
4 5 0 17 D
4 7 3 19 U
4 8 6 0 L
4 9 10 3 L
4 10 14 16 D
4 11 14 14 D
4 12 11 22 U
4 13 0 19 U
4 14 0 7 R
4 15 13 15 D
4 16 3 1 L
4 17 3 17 D
4 18 6 8 R
4 19 15 9 R
4 20 0 1 L
4 21 2 21 U
4 22 3 22 U
4 23 6 23 U
4 24 6 18 D
5 0 6 0 L
5 1 0 8 R
5 2 16 24 U
5 3 15 3 L
5 4 8 4 L
5 5 7 17 D
5 7 2 22 U
5 8 13 8 R
5 9 3 9 R
5 10 2 21 U
5 11 11 11 R
5 12 3 24 U
5 13 2 10 R
5 14 0 10 R
5 15 13 7 R
5 16 11 7 R
5 17 12 17 D
5 18 0 6 L
5 19 12 14 D
5 20 7 1 L
5 21 0 8 R
5 22 3 22 U
5 23 0 0 L
5 24 1 24 U
6 0 0 23 U
6 1 2 1 L
6 2 14 23 U
6 3 0 14 D
6 4 4 16 D
6 5 9 8 R
6 7 0 24 U
6 8 2 18 D
6 9 2 9 R
6 10 11 1 L
6 11 8 16 D
6 12 8 21 U
6 13 4 4 L
6 14 12 14 D
6 15 12 9 R
6 16 14 12 R
6 17 3 1 L
6 18 4 18 D
6 19 4 7 R
6 20 5 8 R
6 21 3 8 R
6 22 0 15 D
6 23 13 0 L
6 24 8 14 D
7 0 6 21 U
7 1 5 15 D
7 2 12 13 D
7 3 1 3 L
7 4 3 4 L
7 5 6 5 L
7 7 9 7 R
7 8 10 8 R
7 9 11 9 R
7 10 15 14 D
7 11 8 11 R
7 12 2 12 R
7 13 14 3 L
7 14 9 14 D
7 15 4 4 L
7 16 4 16 D
7 17 6 9 R
7 18 8 3 L
7 19 13 13 D
7 20 6 20 U
7 21 4 21 U
7 22 0 17 D
7 23 4 23 U
7 24 8 17 D
8 0 0 9 R
8 1 7 23 U
8 2 1 2 L
8 3 15 21 U
8 4 1 4 L
8 5 1 5 L
8 7 6 3 L
8 8 11 23 U
8 9 10 6 L
8 10 5 10 R
8 11 0 16 D
8 12 13 12 R
8 13 14 8 R
8 14 5 4 L
8 15 10 5 L
8 16 2 2 L
8 17 9 8 R
8 18 7 8 R
8 19 1 1 L
8 20 0 2 L
8 21 3 7 R
8 22 1 9 R
8 23 0 18 D
8 24 1 2 L
9 0 6 18 D
9 1 3 16 D
9 3 7 24 U
9 4 13 4 L
9 5 15 21 U
9 7 5 4 L
9 8 12 2 L
9 9 10 9 R
9 10 4 2 L
9 11 12 22 U
9 12 6 12 R
9 13 0 0 L
9 14 2 2 L
9 15 15 15 D
9 16 12 16 D
9 17 7 7 R
9 18 2 18 D
9 19 0 13 D
9 20 1 11 R
9 21 1 9 R
9 22 2 22 U
9 23 3 12 R
9 24 6 24 U
10 0 0 21 U
10 1 17 14 D
10 2 14 22 U
10 3 14 13 D
10 4 2 4 L
10 5 9 16 D
10 7 0 19 U
10 8 16 22 U
10 9 0 14 D
10 10 6 10 R
10 11 11 23 U
10 12 0 5 L
10 13 8 5 L
10 14 0 1 L
10 15 14 12 R
10 16 4 16 D
10 17 14 0 L
10 18 11 18 D
10 19 16 19 U
10 20 0 7 R
10 21 4 15 D
10 22 11 10 R
10 23 0 7 R
10 24 2 0 L
11 0 3 16 D
11 1 2 24 U
11 2 9 2 L
11 3 12 21 U
11 5 5 5 L
11 7 12 19 U
11 8 0 0 L
11 9 15 2 L
11 10 1 24 U
11 11 2 11 R
11 12 5 12 R
11 13 3 12 R
11 14 0 2 L
11 15 14 5 L
11 16 0 3 L
11 17 8 5 L
11 18 1 20 U
11 19 15 7 R
11 20 9 20 U
11 21 4 21 U
11 22 0 11 R
11 23 3 23 U
11 24 2 24 U
12 0 0 19 U
12 1 3 13 D
12 2 3 15 D
12 3 14 3 L
12 5 10 24 U
12 7 11 7 R
12 8 0 20 U
12 9 1 9 R
12 10 4 19 U
12 11 16 14 D
12 12 4 1 L
12 13 11 7 R
12 14 14 0 L
12 15 14 10 R
12 16 10 16 D
12 17 13 12 R
12 18 11 7 R
12 19 0 14 D
12 20 6 11 R
12 21 3 21 U
12 22 7 22 U
12 23 15 11 R
12 24 1 24 U
13 0 6 14 D
13 1 8 1 L
13 2 11 2 L
13 3 8 3 L
13 4 8 4 L
13 5 0 22 U
13 7 12 13 D
13 8 11 8 R
13 9 18 22 U
13 10 6 10 R
13 11 0 23 U
13 12 3 4 L
13 13 4 0 L
13 14 4 19 U
13 15 3 15 D
13 16 18 5 L
13 17 1 17 D
13 18 5 5 L
13 19 12 13 D
13 20 5 1 L
13 21 1 3 L
13 22 9 1 L
13 23 17 18 D
13 24 16 8 R
14 0 4 19 U
14 1 2 20 U
14 2 8 19 U
14 3 12 3 L
14 4 12 22 U
14 7 13 7 R
14 8 1 14 D
14 9 3 1 L
14 10 10 20 U
14 11 12 24 U
14 12 7 20 U
14 13 2 8 R
14 14 1 3 L
14 15 13 12 R
14 16 1 2 L
14 17 3 22 U
14 18 7 11 R
14 19 1 3 L
14 20 6 9 R
14 21 15 21 U
14 22 5 22 U
14 23 2 10 R
14 24 6 9 R
15 0 16 15 D
15 1 12 17 D
15 2 0 11 R
15 3 0 10 R
15 7 0 23 U
15 8 7 15 D
15 9 14 1 L
15 10 11 10 R
15 11 19 15 D
15 13 0 8 R
15 14 1 9 R
15 15 3 10 R
15 16 4 16 D
15 17 4 17 D
15 18 3 18 D
15 19 16 2 L
15 20 4 20 U
15 21 2 15 D
15 22 6 0 L
15 23 17 9 R
15 24 13 15 D
16 0 9 9 R
16 2 10 17 D
16 3 8 3 L
16 7 15 0 L
16 8 11 13 D
16 9 4 14 D
16 11 9 17 D
16 13 13 2 L
16 14 2 14 D
16 15 0 21 U
16 16 1 0 L
16 17 8 12 R
16 18 17 7 R
16 19 14 10 R
16 20 10 0 L
16 21 15 18 D
16 22 4 3 L
16 23 2 3 L
16 24 3 24 U
17 0 4 18 D
17 3 16 23 U
17 7 2 21 U
17 8 0 13 D
17 9 8 24 U
17 13 18 13 D
17 14 11 8 R
17 16 3 2 L
17 18 0 8 R
17 20 6 16 D
17 21 7 14 D
17 22 5 12 R
17 24 2 24 U
18 0 5 0 L
18 3 9 17 D
18 7 6 19 U
18 8 2 21 U
18 9 5 16 D
18 14 4 2 L
18 15 17 3 L
18 16 0 23 U
18 20 4 7 R
18 21 11 11 R
18 24 7 17 D
19 0 18 0 L
19 7 5 7 R
19 14 3 14 D
19 20 7 20 U
19 21 13 2 L
19 24 4 24 U

