15 12 152
5 0 13 4 3 0 0 0 0 8 0
0 0 0 0 6 0 0 14 0 10 7
5 0 2 0 0 0 9 0 0 0 2
0 0 0 12 0 0 13 0 0 2 1
0 2 0 4 0 0 10 0 0 0 7
3 0 0 7 0 0 0 0 0 12 14
0 11 0 0 0 0 0 0 0 0 2
12 0 0 1 0 0 3 0 0 0 11
5 0 0 0 0 0 0 13 0 11 0
9 0 0 0 12 0 0 0 0 6 0
14 0 0 0 8 0 0 12 0 12 0
0 0 0 0 D
0 1 0 1 D
0 2 0 2 D
0 3 0 3 R
0 4 0 4 R
0 5 0 5 R
0 6 0 6 U
0 7 0 7 U
0 8 0 8 U
0 9 0 9 L
0 10 0 10 L
0 11 0 11 L
1 0 2 9 L
1 1 2 1 D
1 2 3 2 D
1 3 5 3 R
1 4 4 4 R
1 5 2 5 R
1 6 4 10 L
1 7 11 4 R
1 8 3 4 R
1 9 13 1 D
1 10 0 1 D
1 11 2 7 U
2 0 4 3 R
2 1 0 9 L
2 2 8 2 D
2 3 0 9 L
2 4 0 1 D
2 5 13 5 R
2 6 0 5 R
2 7 6 7 U
2 8 6 3 R
2 9 0 0 D
2 10 9 7 U
2 11 1 11 L
3 0 8 11 L
3 1 1 1 D
3 2 7 9 L
3 3 9 7 U
3 4 0 10 L
3 5 8 6 U
3 6 7 6 U
3 7 10 9 L
3 8 1 8 U
3 9 1 1 D
3 10 0 2 D
3 11 4 11 L
4 0 7 5 R
4 1 9 3 R
4 2 11 2 D
4 3 2 9 L
4 4 7 0 D
4 5 0 2 D
4 6 0 0 D
4 7 5 11 L
4 8 10 9 L
4 9 6 0 D
4 10 1 10 L
4 11 1 11 L
5 0 10 10 L
5 1 8 4 R
5 2 10 5 R
5 3 6 0 D
5 4 10 4 R
5 5 3 2 D
5 6 9 9 L
5 7 12 1 D
5 8 2 8 U
5 9 0 6 U
5 10 0 5 R
5 11 6 4 R
6 0 5 0 D
6 1 11 3 R
6 2 3 2 D
6 3 0 6 U
6 4 10 8 U
6 5 8 11 L
6 6 0 4 R
6 7 0 3 R
6 8 1 10 L
6 9 2 0 D
6 10 9 4 R
6 11 7 0 D
7 0 3 0 D
7 1 10 9 L
7 2 0 4 R
7 3 3 7 U
7 4 11 2 D
7 5 9 10 L
7 6 12 5 R
7 7 0 9 L
7 8 1 8 U
7 9 1 9 L
7 10 6 1 D
8 0 6 9 L
8 1 2 1 D
8 2 11 3 R
8 3 3 6 U
8 4 3 8 U
8 5 3 8 U
8 6 1 0 D
8 7 4 7 U
8 8 4 11 L
8 9 0 7 U
8 10 3 6 U
8 11 9 11 L
9 0 8 8 U
9 1 8 3 R
9 2 6 10 L
9 3 5 0 D
9 4 5 7 U
9 5 2 10 L
9 6 4 4 R
9 7 7 3 R
9 9 10 6 U
9 11 11 5 R
10 0 5 6 U
10 1 2 10 L
10 2 8 10 L
10 3 1 2 D
10 4 3 6 U
10 5 4 11 L
10 6 11 3 R
10 7 5 9 L
10 9 13 6 U
10 10 9 8 U
10 11 1 6 U
11 0 0 3 R
11 1 8 1 D
11 3 3 1 D
11 4 0 11 L
11 6 10 11 L
11 7 1 4 R
11 9 5 7 U
11 10 9 1 D
11 11 1 11 L
12 0 0 7 U
12 1 10 1 D
12 3 9 3 R
12 7 3 10 L
12 9 7 9 L
12 10 7 2 D
12 11 1 2 D
13 0 0 5 R
13 4 12 0 D
13 7 12 5 R
13 9 6 3 R
13 10 9 10 L
13 11 2 11 L
14 0 0 9 L
14 9 0 3 R

