13 12 133
3 2 0 5 0 0 0 0 2 0 0 7
4 6 4 0 0 3 0 0 6 3 4 0
0 0 9 0 5 1 2 11 0 0 12 0
3 0 3 0 0 11 0 0 0 0 3 3
0 2 0 5 10 0 2 12 0 0 0 0
0 3 0 9 0 0 10 11 11 6 0 0
5 7 10 0 0 11 10 0 0 0 0 10
0 4 0 7 0 0 0 0 4 0 8 8
0 3 0 0 0 6 8 5 0 7 0 0
0 2 11 0 0 8 0 0 11 1 0 0
6 0 7 0 5 0 0 8 0 0 7 0
5 0 1 9 0 7 0 6 0 4 0 3
0 0 0 0 L
0 1 0 1 L
0 2 0 2 L
0 3 0 3 R
0 4 0 4 R
0 5 0 5 R
0 6 0 6 D
0 7 0 7 D
0 8 0 8 D
0 9 0 9 U
0 10 0 10 U
0 11 0 11 U
1 0 0 9 U
1 1 0 7 D
1 2 2 8 D
1 3 0 0 L
1 4 0 9 U
1 5 0 10 U
1 6 0 3 R
1 7 2 3 R
1 8 0 1 L
1 9 0 3 R
1 10 0 4 R
1 11 2 5 R
2 0 0 6 D
2 1 4 6 D
2 2 1 2 L
2 3 1 3 R
2 4 0 8 D
2 5 1 2 L
2 6 0 9 U
2 7 0 4 R
2 8 1 5 R
2 9 0 1 L
2 10 3 10 U
2 11 1 11 U
3 0 0 3 R
3 1 1 11 U
3 2 1 8 D
3 3 0 6 D
3 4 2 9 U
3 5 1 1 L
3 6 0 11 U
3 7 0 9 U
3 8 2 8 D
3 9 0 0 L
3 10 1 3 R
3 11 0 2 L
4 0 3 0 L
4 1 2 1 L
4 2 0 10 U
4 3 2 7 D
4 4 2 4 R
4 5 4 5 R
4 6 2 6 D
4 7 3 7 D
4 8 2 10 U
4 9 2 3 R
4 10 1 10 U
4 11 5 7 D
5 0 1 0 L
5 1 5 7 D
5 2 2 9 U
5 3 2 1 L
5 4 0 7 D
5 5 3 5 R
5 6 1 3 R
5 7 4 5 R
5 8 1 8 D
5 9 3 7 D
5 10 2 10 U
5 11 7 11 U
6 0 2 6 D
6 1 4 1 L
6 2 2 11 U
6 3 5 3 R
6 4 0 0 L
6 5 0 8 D
6 6 0 0 L
6 7 0 2 L
6 8 0 4 R
6 9 5 2 L
6 10 4 10 U
6 11 6 6 D
7 0 1 6 D
7 1 4 4 R
7 2 7 2 L
7 3 4 10 U
7 4 6 4 R
7 5 9 9 U
7 6 6 2 L
7 7 4 7 D
7 8 6 0 L
7 9 0 7 D
7 10 5 10 U
7 11 8 11 U
8 0 7 11 U
8 1 7 1 L
8 2 8 2 L
8 3 3 7 D
8 4 10 9 U
8 5 8 5 R
8 6 0 5 R
8 7 1 0 L
8 8 6 10 U
8 9 10 9 U
8 10 2 6 D
9 0 9 0 L
9 1 10 1 L
9 3 8 7 D
9 4 9 4 R
9 6 8 2 L
9 7 6 10 U
9 8 7 8 D
9 9 3 4 R
9 10 5 0 L
10 0 10 0 L
10 1 9 1 L
10 3 8 6 D
10 4 5 4 R
10 6 8 1 L
10 7 1 7 D
10 8 9 8 D
10 10 8 10 U
11 0 0 8 D
11 1 5 10 U
11 3 3 6 D
11 4 5 7 D
11 6 9 9 U
11 7 6 1 L
11 8 7 4 R
12 0 4 0 L
12 8 6 8 D

