15 8 113
5 11 0 0 0 12 3 9 0 0 5
0 0 14 0 5 0 0 0 5 0 0
5 0 11 0 0 13 0 0 0 0 0
0 0 0 0 0 0 3 0 0 0 3
0 1 13 0 0 12 0 10 11 0 10
11 11 0 0 0 12 7 0 0 0 10
0 7 14 13 12 0 0 0 14 0 0
4 10 0 11 7 0 0 9 0 0 3
13 0 0 12 1 0 0 0 0 6 0
0 0 0 0 5 0 0 9 0 0 0
4 0 0 0 0 0 0 0 13 10 3
0 0 0 0 L
0 1 0 1 L
0 2 0 2 R
0 3 0 3 R
0 4 0 4 D
0 5 0 5 D
0 6 0 6 U
0 7 0 7 U
1 0 8 5 D
1 1 7 1 L
1 2 10 2 R
1 3 7 4 D
1 4 0 0 L
1 5 0 2 R
1 6 9 4 D
1 7 6 7 U
2 0 4 7 U
2 1 0 7 U
2 2 4 2 R
2 3 7 3 R
2 4 8 4 D
2 5 0 7 U
2 6 7 1 L
2 7 3 1 L
3 0 0 4 D
3 1 6 5 D
3 2 0 5 D
3 3 4 5 D
3 4 5 2 R
3 5 0 1 L
3 6 0 2 R
3 7 8 3 R
4 0 1 0 L
4 1 5 1 L
4 2 12 6 U
4 3 1 3 R
4 4 2 6 U
4 5 6 3 R
4 6 3 2 R
4 7 7 0 L
5 0 6 4 D
5 1 1 7 U
5 2 0 0 L
5 3 0 6 U
5 4 2 2 R
5 5 9 0 L
5 6 0 4 D
5 7 7 7 U
6 0 0 6 U
6 1 10 4 D
6 2 0 4 D
6 3 4 3 R
6 4 9 3 R
6 5 4 2 R
6 6 9 6 U
6 7 0 3 R
7 0 4 0 L
7 1 8 6 U
7 2 1 6 U
7 3 2 4 D
7 4 4 3 R
7 5 3 5 D
7 6 3 0 L
7 7 0 0 L
8 0 4 6 U
8 1 7 6 U
8 2 10 5 D
8 3 10 5 D
8 4 0 3 R
8 5 2 2 R
8 6 0 1 L
8 7 3 3 R
9 0 0 5 D
9 1 2 1 L
9 2 0 1 L
9 3 12 3 R
9 4 10 2 R
9 5 2 7 U
9 6 5 2 R
9 7 5 0 L
10 0 2 0 L
10 1 2 1 L
10 2 9 1 L
10 3 3 0 L
10 4 5 1 L
10 5 9 5 D
10 6 4 0 L
10 7 7 7 U
11 0 0 2 R
11 1 2 1 L
11 2 10 6 U
11 3 4 3 R
11 4 9 4 D
11 5 6 5 D
11 6 2 2 R
11 7 5 7 U
12 0 6 0 L
12 1 8 1 L
12 2 0 7 U
12 3 14 3 R
12 4 11 1 L
12 5 11 1 L
12 6 5 3 R
12 7 7 5 D
13 0 12 4 D
13 1 4 4 D
13 3 14 3 R
13 4 7 6 U
13 7 10 7 U
14 1 9 1 L
14 3 7 1 L
14 4 8 3 R
14 7 4 5 D

