10 12 101
0 4 0 0 4 0 0 0 0 0 3 0 0 0
0 0 0 0 0 0 0 0 4 0 0 3 3 0
0 2 0 0 5 0 0 0 8 0 4 0 7 7
2 0 0 0 0 0 0 0 0 0 0 3 0 5
0 0 0 0 0 0 5 0 0 0 0 1 0 2
0 0 0 0 0 0 0 0 0 0 0 0 0 0
0 0 7 0 0 6 0 0 0 0 0 7 9 4
0 0 0 0 4 4 0 0 0 6 0 9 0 0
0 0 3 0 6 0 0 0 0 7 7 0 8 4
0 0 0 0 0 0 0 6 0 0 0 4 0 0
6 0 5 0 0 0 0 0 0 0 0 0 8 9
0 0 4 0 0 1 3 0 0 0 0 9 9 2
4 0 0 0 0 0 0 0 0 0 1 0 0 0
0 0 0 0 2 0 0 0 6 0 0 8 0 0
0 0 0 0 R
0 1 0 1 R
0 2 0 2 R
0 3 0 3 U
0 4 0 4 U
0 5 0 5 U
0 6 0 6 D
0 7 0 7 D
0 8 0 8 D
0 9 0 9 L
0 10 0 10 L
0 11 0 11 L
1 0 0 4 U
1 1 0 7 D
1 2 0 5 U
1 3 2 1 R
1 4 4 10 L
1 5 0 8 D
1 6 0 11 L
1 7 3 9 L
1 8 0 5 U
1 9 5 3 U
1 10 5 10 L
1 11 4 11 L
2 0 5 4 U
2 1 1 4 U
2 2 4 7 D
2 3 0 1 R
2 4 6 4 U
2 5 1 6 D
2 6 5 6 D
2 7 0 2 R
2 8 8 9 L
2 9 0 5 U
2 10 1 1 R
2 11 0 2 R
3 0 8 6 D
3 1 2 1 R
3 3 0 9 L
3 4 1 10 L
3 5 0 0 R
3 6 5 11 L
3 7 0 9 L
3 8 0 10 L
3 9 4 3 U
3 10 0 1 R
3 11 2 11 L
4 0 0 3 U
4 1 5 8 D
4 2 3 8 D
4 3 0 6 D
4 4 2 4 U
4 5 1 5 U
4 6 0 0 R
4 7 1 7 D
4 8 7 8 D
4 9 0 6 D
4 10 0 7 D
4 11 0 3 U
5 0 6 4 U
5 1 3 1 R
5 2 1 2 R
5 3 3 9 L
5 4 4 4 U
5 5 3 11 L
5 6 0 1 R
5 7 1 3 U
5 8 2 9 L
5 9 4 7 D
5 10 3 2 R
5 11 3 11 L
6 0 5 0 R
6 1 5 6 D
6 2 5 5 U
6 3 0 2 R
6 4 8 0 R
6 6 4 9 L
6 7 2 7 D
6 8 4 8 D
6 9 7 0 R
6 10 0 0 R
6 11 4 11 L
7 0 6 8 D
7 1 0 8 D
7 3 6 11 L
7 4 4 4 U
7 6 0 3 U
7 7 5 7 D
7 8 1 10 L
7 9 6 6 D
7 11 0 1 R
8 0 7 4 U
8 1 1 1 R
8 3 6 3 U
8 4 5 9 L
8 7 6 11 L
8 8 2 10 L
9 0 5 3 U
9 1 0 5 U
9 3 2 3 U
9 8 6 8 D

