14 13 153
12 0 11 4 4 0 0 0 7 10 0 0 0 9
0 0 0 0 8 9 3 10 12 0 7 0 0 0
0 9 12 0 0 0 0 0 5 0 0 0 0 7
2 0 0 0 0 0 7 0 3 0 0 0 0 0
0 0 0 0 0 0 0 0 0 0 0 0 0 0
0 0 0 0 0 10 0 0 2 5 0 0 0 0
0 0 0 0 2 2 0 0 0 0 7 0 0 7
0 0 0 0 7 0 0 0 0 7 0 0 4 0
4 0 7 0 0 0 0 0 0 0 0 0 0 0
0 0 0 0 8 0 8 0 2 0 0 0 10 0
0 0 0 0 11 0 0 0 10 0 0 0 0 12
0 0 0 0 0 0 4 0 0 0 0 0 3 0
0 0 0 0 8 0 9 0 0 6 0 0 0 0
11 0 3 13 12 10 0 11 7 5 0 0 0 0
0 0 0 0 D
0 1 0 1 D
0 2 0 2 D
0 3 0 3 R
0 4 0 4 R
0 5 0 5 R
0 6 0 6 U
0 7 0 7 U
0 8 0 8 U
0 9 0 9 U
0 10 0 10 L
0 11 0 11 L
0 12 0 12 L
1 0 4 0 D
1 1 0 7 U
1 2 2 2 D
1 3 3 3 R
1 4 4 4 R
1 5 3 5 R
1 6 0 3 R
1 7 2 4 R
1 8 5 5 R
1 10 7 6 U
1 11 0 4 R
1 12 8 12 L
2 0 5 3 R
2 1 9 1 D
2 2 8 2 D
2 3 8 8 U
2 4 4 7 U
2 5 1 8 U
2 6 1 6 U
2 7 0 4 R
2 8 0 3 R
2 9 1 9 U
2 10 9 7 U
2 11 0 8 U
2 12 6 0 D
3 0 0 11 L
3 1 6 3 R
3 2 0 6 U
3 3 0 1 D
3 4 11 1 D
3 5 9 0 D
3 6 5 3 R
3 7 7 11 L
3 8 5 10 L
3 9 1 12 L
3 10 1 2 D
3 11 4 11 L
3 12 1 12 L
4 0 6 4 R
4 1 10 4 R
4 2 0 12 L
4 3 6 0 D
4 4 5 4 R
4 5 5 0 D
4 6 0 0 D
4 7 6 10 L
4 8 1 8 U
4 10 0 9 U
4 11 5 11 L
4 12 2 12 L
5 0 7 4 R
5 1 8 10 L
5 2 8 11 L
5 3 8 6 U
5 4 3 6 U
5 5 3 5 R
5 6 4 0 D
5 7 0 1 D
5 8 2 0 D
5 10 0 2 D
5 11 1 1 D
5 12 1 12 L
6 0 4 12 L
6 1 3 8 U
6 2 0 5 R
6 3 5 1 D
6 4 0 0 D
6 5 4 7 U
6 6 3 12 L
6 7 3 11 L
6 8 0 5 R
6 10 0 6 U
6 11 4 6 U
6 12 8 5 R
7 0 0 5 R
7 1 9 4 R
7 2 5 11 L
7 3 2 3 R
7 4 0 6 U
7 5 4 8 U
7 6 0 10 L
7 7 1 7 U
7 8 3 11 L
7 10 3 1 D
7 11 9 6 U
7 12 4 6 U
8 0 0 10 L
8 1 7 12 L
8 2 10 10 L
8 3 0 2 D
8 4 11 7 U
8 5 0 7 U
8 6 10 3 R
8 7 2 7 U
8 8 2 8 U
8 10 2 3 R
8 11 2 11 L
8 12 7 7 U
9 0 11 3 R
9 1 3 1 D
9 3 0 10 L
9 4 6 8 U
9 5 0 8 U
9 6 4 12 L
9 7 8 10 L
9 8 1 8 U
9 10 0 5 R
9 11 3 7 U
9 12 0 7 U
10 0 11 11 L
10 1 9 10 L
10 3 8 10 L
10 4 8 4 R
10 5 4 5 R
10 6 7 1 D
10 7 9 3 R
10 8 11 5 R
10 10 8 0 D
10 11 5 8 U
10 12 11 7 U
11 0 0 8 U
11 1 7 5 R
11 3 9 10 L
11 4 10 11 L
11 5 6 6 U
11 6 3 3 R
11 7 10 1 D
11 8 6 2 D
11 10 12 7 U
11 11 1 11 L
11 12 3 2 D
12 1 10 5 R
12 4 13 4 R
12 5 0 10 L
12 6 10 6 U
12 10 11 10 L
12 11 5 6 U
12 12 10 1 D
13 0 12 4 R
13 11 10 11 L

