38 59 2085
0 11 35 0 0 0 0 0 0 0 0 0 35 34 21 0 1 1 0 1
33 19 35 35 0 0 0 0 0 0 0 0 31 2 19 5 0 19 5 21
0 3 23 29 0 5 10 36 33 27 0 33 4 35 0 13 37 0 24 0
1 13 30 29 0 21 0 0 27 13 0 29 18 34 26 34 0 0 27 22
5 0 26 32 0 0 0 34 29 0 0 35 34 32 28 35 0 26 0 31
21 24 5 19 22 0 15 6 1 36 1 0 20 0 24 5 25 7 0 0
0 27 19 35 0 25 0 0 0 36 0 35 2 0 25 35 33 30 0 1
0 28 18 35 0 0 26 0 36 0 0 32 6 33 31 0 0 24 22 31
0 0 25 36 30 0 0 12 0 36 35 22 4 32 0 30 36 24 25 25
0 0 10 36 0 0 19 36 35 17 16 27 8 0 34 36 25 0 7 18
33 33 23 24 14 15 0 0 35 0 0 0 31 0 33 36 0 22 31 1
21 17 24 18 13 32 29 0 11 32 0 31 30 0 0 19 0 22 0 19
13 22 0 19 12 33 32 0 36 30 0 36 14 0 35 1 2 31 36 1
13 21 0 21 13 1 23 0 35 34 27 0 34 0 14 0 0 0 11 0
12 14 0 26 0 31 34 35 0 0 0 32 33 31 36 35 20 21 32 25
2 0 13 27 0 0 24 34 33 0 19 0 26 17 25 24 0 23 22 28
12 31 0 35 2 25 0 0 31 0 23 0 10 2 26 0 13 0 0 0
1 2 22 1 24 25 24 0 0 24 14 29 24 0 20 0 16 16 20 16
0 33 23 8 0 33 2 34 13 30 24 0 2 3 0 0 3 25 9 0
31 0 0 0 0 0 0 0 0 29 0 36 10 0 0 0 0 0 0 35
0 0 0 0 U
0 1 0 1 U
0 2 0 2 U
0 3 0 3 U
0 4 0 4 U
0 5 0 5 U
0 6 0 6 U
0 7 0 7 U
0 8 0 8 U
0 9 0 9 U
0 10 0 10 U
0 11 0 11 U
0 12 0 12 U
0 13 0 13 U
0 14 0 14 R
0 15 0 15 R
0 16 0 16 R
0 17 0 17 R
0 18 0 18 R
0 19 0 19 R
0 20 0 20 R
0 21 0 21 R
0 22 0 22 R
0 23 0 23 R
0 24 0 24 R
0 25 0 25 R
0 26 0 26 R
0 27 0 27 R
0 28 0 28 R
0 29 0 29 D
0 30 0 30 D
0 31 0 31 D
0 32 0 32 D
0 33 0 33 D
0 34 0 34 D
0 35 0 35 D
0 36 0 36 D
0 37 0 37 D
0 38 0 38 D
0 39 0 39 D
0 40 0 40 D
0 41 0 41 D
0 42 0 42 D
0 43 0 43 L
0 44 0 44 L
0 45 0 45 L
0 46 0 46 L
0 47 0 47 L
0 48 0 48 L
0 49 0 49 L
0 50 0 50 L
0 51 0 51 L
0 52 0 52 L
0 53 0 53 L
0 54 0 54 L
0 55 0 55 L
0 56 0 56 L
0 57 0 57 L
0 58 0 58 L
1 0 0 43 L
1 1 0 44 L
1 2 0 31 D
1 3 1 44 L
1 4 2 20 R
1 5 1 49 L
1 6 0 49 L
1 7 3 52 L
1 8 0 52 L
1 9 0 55 L
1 10 3 27 R
1 11 3 57 L
1 12 0 42 D
1 13 8 57 L
1 14 0 43 L
1 15 0 29 D
1 16 0 46 L
1 17 1 2 U
1 18 2 30 D
1 19 2 33 D
1 20 0 35 D
1 21 0 6 U
1 22 2 6 U
1 23 1 37 D
1 24 0 53 L
1 25 3 9 U
1 26 1 8 U
1 27 3 42 D
1 28 3 12 U
1 29 0 1 U
1 30 1 15 R
1 31 0 43 L
1 32 0 2 U
1 33 0 44 L
1 34 1 19 R
1 35 0 19 R
1 36 0 4 U
1 37 2 18 R
1 38 3 54 L
1 39 0 23 R
1 40 3 8 U
1 41 1 25 R
1 42 2 25 R
1 43 0 29 D
1 44 0 0 U
1 45 1 0 U
1 46 2 1 U
1 47 1 3 U
1 48 1 34 D
1 49 2 36 D
1 50 1 6 U
1 51 2 0 U
1 52 3 3 U
1 53 3 7 U
1 54 2 37 D
1 55 0 8 U
1 56 3 41 D
1 57 3 10 U
1 58 3 11 U
2 0 2 14 R
2 1 1 45 L
2 2 0 18 R
2 3 2 47 L
2 4 2 4 U
2 5 1 5 U
2 6 0 21 R
2 7 1 24 R
2 8 0 20 R
2 9 1 9 U
2 10 1 56 L
2 11 2 27 R
2 12 4 44 L
2 13 8 48 L
2 14 1 14 R
2 15 0 31 D
2 16 2 16 R
2 17 2 17 R
2 18 0 3 U
2 19 0 32 D
2 20 0 48 L
2 21 0 45 L
2 22 3 22 R
2 23 1 23 R
2 24 3 24 R
2 25 2 40 D
2 26 2 26 R
2 27 2 27 R
2 28 2 28 R
2 29 0 14 R
2 30 1 16 R
2 31 0 17 R
2 32 0 48 L
2 33 2 33 D
2 34 1 34 D
2 35 0 20 R
2 36 3 51 L
2 37 3 19 R
2 38 3 38 D
2 39 2 39 D
2 40 3 26 R
2 41 3 41 D
2 42 0 10 U
2 43 0 30 D
2 44 2 32 D
2 45 1 45 L
2 46 1 46 L
2 47 2 47 L
2 48 0 35 D
2 49 0 5 U
2 50 1 50 L
2 51 3 51 L
2 52 3 52 L
2 53 2 53 L
2 54 3 54 L
2 55 0 39 D
2 56 1 42 D
2 57 1 11 U
2 58 2 58 L
3 0 0 50 L
3 1 0 15 R
3 2 1 48 L
3 3 2 17 R
3 4 0 34 D
3 5 1 47 L
3 6 3 6 U
3 7 3 7 U
3 8 3 25 R
3 9 0 38 D
3 10 1 10 U
3 11 1 57 L
3 12 4 12 U
3 13 2 41 D
3 14 0 44 L
3 15 0 1 U
3 16 2 1 U
3 17 2 32 D
3 18 2 35 D
3 19 0 49 L
3 20 0 8 U
3 21 3 21 R
3 22 2 22 R
3 23 0 38 D
3 24 2 24 R
3 25 3 40 D
3 26 1 26 R
3 27 1 11 U
3 28 3 28 R
3 29 2 43 L
3 30 2 14 R
3 31 0 51 L
3 32 2 22 R
3 33 1 17 R
3 34 1 16 R
3 35 2 46 L
3 36 3 36 D
3 37 3 37 D
3 38 0 55 L
3 39 3 39 D
3 40 3 56 L
3 41 2 41 D
3 42 1 58 L
3 43 2 0 U
3 44 0 31 D
3 45 0 36 D
3 46 1 33 D
3 47 0 23 R
3 48 2 5 U
3 49 1 7 U
3 50 2 50 L
3 51 3 4 U
3 52 0 38 D
3 53 1 53 L
3 54 2 54 L
3 55 3 40 D
3 56 2 56 L
3 57 2 57 L
3 58 1 58 L
4 0 2 16 R
4 1 1 46 L
4 2 2 30 D
4 3 4 45 L
4 4 3 43 L
4 5 5 18 R
4 6 3 21 R
4 7 6 19 R
4 8 4 53 L
4 9 2 21 R
4 10 6 56 L
4 11 5 27 R
4 12 4 15 R
4 13 6 13 U
4 14 3 29 D
4 15 3 30 D
4 16 2 45 L
4 17 5 30 D
4 18 5 4 U
4 19 0 50 L
4 20 6 5 U
4 21 2 31 D
4 22 1 36 D
4 23 6 38 D
4 24 2 2 U
4 25 4 34 D
4 26 4 55 L
4 27 3 10 U
4 28 1 28 R
4 29 2 28 R
4 30 3 43 L
4 31 3 15 R
4 32 2 51 L
4 33 0 6 U
4 34 6 19 R
4 35 0 48 L
4 36 3 47 L
4 37 4 22 R
4 38 0 7 U
4 39 2 14 R
4 40 4 26 R
4 41 5 3 U
4 42 0 13 U
4 43 1 39 D
4 44 3 0 U
4 45 0 33 D
4 46 1 12 U
4 47 4 4 U
4 48 0 2 U
4 49 6 4 U
4 50 6 32 D
4 51 2 31 D
4 52 5 12 U
4 53 4 7 U
4 54 4 38 D
4 55 6 9 U
4 56 0 26 R
4 57 7 5 U
4 58 7 9 U
5 0 0 28 R
5 1 0 47 L
5 2 6 2 U
5 3 5 3 U
5 4 6 48 L
5 5 5 49 L
5 6 6 16 R
5 7 5 7 U
5 8 6 8 U
5 9 5 25 R
5 10 5 10 U
5 11 0 29 D
5 12 6 45 L
5 13 5 13 U
5 14 3 43 L
5 15 5 15 R
5 16 4 6 U
5 17 5 17 R
5 18 4 18 R
5 19 5 33 D
5 20 6 20 R
5 21 5 34 D
5 22 6 22 R
5 23 5 23 R
5 24 6 24 R
5 25 5 8 U
5 26 5 26 R
5 27 6 27 R
5 28 0 1 U
5 29 0 0 U
5 30 3 44 L
5 31 4 17 R
5 32 5 49 L
5 33 2 20 R
5 34 6 34 D
5 35 5 35 D
5 36 6 14 R
5 37 4 37 D
5 38 5 38 D
5 39 6 55 L
5 40 6 40 D
5 41 7 41 D
5 42 4 42 D
5 43 5 29 D
5 44 0 15 R
5 45 4 2 U
5 46 0 17 R
5 47 4 47 L
5 48 0 32 D
5 49 6 37 D
5 50 0 35 D
5 51 2 1 U
5 52 5 52 L
5 53 5 53 L
5 54 4 54 L
5 55 5 55 L
5 56 7 4 U
5 57 5 57 L
5 58 8 58 L
6 0 3 16 R
6 1 2 51 L
6 2 1 19 R
6 3 0 24 R
6 4 3 32 D
6 5 4 19 R
6 6 4 25 R
6 7 5 53 L
6 8 4 54 L
6 9 5 9 U
6 10 2 10 U
6 11 7 11 U
6 12 0 50 L
6 13 4 24 R
6 14 4 29 D
6 15 4 15 R
6 16 2 3 U
6 17 1 12 U
6 18 3 5 U
6 19 0 9 U
6 20 4 20 R
6 21 5 21 R
6 22 5 22 R
6 23 6 33 D
6 24 5 24 R
6 25 6 25 R
6 26 6 39 D
6 27 7 1 U
6 28 0 57 L
6 29 4 44 L
6 30 3 14 R
6 31 3 46 L
6 32 4 49 L
6 33 6 54 L
6 34 5 23 R
6 35 6 35 D
6 36 5 36 D
6 37 6 37 D
6 38 4 23 R
6 39 5 46 L
6 40 5 40 D
6 41 4 41 D
6 42 7 42 D
6 43 2 6 U
6 44 4 37 D
6 45 4 0 U
6 46 6 46 L
6 47 4 7 U
6 48 4 48 L
6 49 5 5 U
6 50 6 50 L
6 51 5 51 L
6 52 4 52 L
6 53 6 33 D
6 54 5 8 U
6 55 4 40 D
6 56 5 56 L
6 57 6 57 L
6 58 7 58 L
7 0 4 52 L
7 1 5 15 R
7 2 5 27 R
7 3 2 48 L
7 4 5 21 R
7 5 7 56 L
7 6 7 44 L
7 7 8 44 L
7 8 1 35 D
7 9 6 20 R
7 10 2 21 R
7 11 7 21 R
7 12 8 12 U
7 13 2 13 U
7 14 0 0 U
7 15 4 11 U
7 16 0 37 D
7 17 6 41 D
7 18 7 10 U
7 19 2 48 L
7 20 5 1 U
7 21 0 4 U
7 22 7 8 U
7 23 8 13 U
7 24 6 37 D
7 25 7 10 U
7 26 3 26 R
7 27 7 27 R
7 28 8 28 R
7 29 1 14 R
7 30 5 14 R
7 31 6 15 R
7 32 4 21 R
7 33 0 22 R
7 34 4 51 L
7 35 4 57 L
7 36 7 23 R
7 37 7 17 R
7 38 7 24 R
7 39 7 39 D
7 40 5 55 L
7 41 5 41 D
7 42 10 45 L
7 43 0 34 D
7 44 0 16 R
7 45 7 39 D
7 46 4 6 U
7 47 5 2 U
7 48 8 32 D
7 49 5 49 L
7 50 7 11 U
7 51 6 0 U
7 52 4 11 U
7 53 8 10 U
7 54 8 1 U
7 55 15 13 U
7 56 7 56 L
7 57 7 12 U
7 58 6 31 D
8 0 8 16 R
8 1 6 46 L
8 2 3 58 L
8 3 5 47 L
8 4 0 58 L
8 5 7 18 R
8 6 1 51 L
8 7 8 7 U
8 8 0 17 R
8 9 8 9 U
8 10 7 10 U
8 11 7 19 R
8 12 8 20 R
8 13 3 58 L
8 14 6 29 D
8 15 4 30 D
8 16 4 43 L
8 17 6 34 D
8 18 8 18 R
8 19 0 36 D
8 20 7 2 U
8 21 6 40 D
8 22 7 32 D
8 23 8 23 R
8 24 7 38 D
8 25 9 25 R
8 26 9 26 R
8 27 6 11 U
8 28 0 31 D
8 29 7 27 R
8 30 5 20 R
8 31 8 47 L
8 32 1 12 U
8 33 8 45 L
8 34 0 21 R
8 35 5 45 L
8 36 0 56 L
8 37 8 23 R
8 38 8 38 D
8 39 9 28 R
8 40 7 40 D
8 41 8 49 L
8 42 10 42 D
8 43 4 31 D
8 44 7 0 U
8 45 7 30 D
8 46 6 7 U
8 47 5 3 U
8 48 7 13 U
8 49 8 13 U
8 50 8 26 R
8 51 6 5 U
8 52 6 42 D
8 53 9 36 D
8 54 7 54 L
8 55 14 55 L
8 56 8 36 D
8 57 8 57 L
8 58 7 7 U
9 0 8 23 R
9 1 7 43 L
9 2 10 43 L
9 3 9 15 R
9 4 9 17 R
9 5 9 47 L
9 6 10 19 R
9 7 8 52 L
9 8 0 48 L
9 9 8 50 L
9 10 8 47 L
9 11 9 21 R
9 12 11 46 L
9 13 3 13 U
9 14 4 1 U
9 15 8 2 U
9 16 7 42 D
9 17 9 0 U
9 18 9 30 D
9 19 9 39 D
9 20 7 34 D
9 21 0 51 L
9 22 9 11 U
9 23 9 38 D
9 24 0 8 U
9 25 11 25 R
9 26 6 26 R
9 27 11 11 U
9 28 10 28 R
9 29 8 26 R
9 30 0 9 U
9 31 10 31 D
9 32 11 19 R
9 33 11 47 L
9 34 11 17 R
9 35 10 17 R
9 36 11 17 R
9 37 10 53 L
9 38 9 44 L
9 39 9 39 D
9 40 8 57 L
9 41 7 49 L
9 42 8 42 D
9 43 8 9 U
9 44 5 14 R
9 45 4 15 R
9 46 10 9 U
9 47 8 31 D
9 48 11 5 U
9 49 10 4 U
9 50 9 50 L
9 51 9 35 D
9 52 11 8 U
9 53 9 37 D
9 54 9 8 U
9 55 13 6 U
9 56 19 10 U
9 57 8 0 U
9 58 6 58 L
10 0 10 45 L
10 1 9 45 L
10 2 10 2 U
10 3 10 3 U
10 4 10 4 U
10 5 10 5 U
10 6 11 6 U
10 7 6 7 U
10 8 10 21 R
10 9 11 15 R
10 10 8 10 U
10 11 11 11 U
10 12 10 12 U
10 13 7 41 D
10 14 0 40 D
10 15 4 7 U
10 16 10 39 D
10 17 5 46 L
10 18 9 18 R
10 19 9 19 R
10 20 11 20 R
10 21 11 8 U
10 22 8 32 D
10 23 12 23 R
10 24 8 24 R
10 25 10 25 R
10 26 5 38 D
10 27 14 27 R
10 28 12 1 U
10 29 10 16 R
10 30 11 18 R
10 31 5 43 L
10 32 10 32 D
10 33 10 33 D
10 34 8 34 D
10 35 11 35 D
10 36 11 36 D
10 37 10 37 D
10 38 9 38 D
10 39 9 58 L
10 40 8 40 D
10 41 8 52 L
10 42 10 18 R
10 43 0 14 R
10 44 9 3 U
10 45 8 16 R
10 46 11 40 D
10 47 10 32 D
10 48 9 6 U
10 49 10 49 L
10 50 10 4 U
10 51 11 34 D
10 52 10 52 L
10 53 13 9 U
10 54 12 54 L
10 55 3 55 L
10 56 17 12 U
10 57 8 29 D
10 58 10 29 D
11 0 8 29 D
11 1 10 46 L
11 2 10 17 R
11 3 4 33 D
11 4 10 48 L
11 5 9 5 U
11 6 10 6 U
11 7 11 7 U
11 8 11 51 L
11 9 11 9 U
11 10 7 20 R
11 11 10 11 U
11 12 9 24 R
11 13 8 21 R
11 14 9 31 D
11 15 1 1 U
11 16 11 30 D
11 17 11 33 D
11 18 7 50 L
11 19 9 4 U
11 20 3 20 R
11 21 11 37 D
11 22 4 22 R
11 23 7 3 U
11 24 10 24 R
11 25 10 13 U
11 26 7 12 U
11 27 13 27 R
11 28 11 28 R
11 29 8 24 R
11 30 0 26 R
11 31 0 53 L
11 32 11 32 D
11 33 9 25 R
11 34 11 51 L
11 35 10 35 D
11 36 10 36 D
11 37 11 21 R
11 38 10 14 R
11 39 8 28 R
11 40 9 16 R
11 41 12 54 L
11 42 9 42 D
11 43 0 42 D
11 44 11 0 U
11 45 10 7 U
11 46 11 2 U
11 47 10 47 L
11 48 0 41 D
11 49 11 49 L
11 50 9 1 U
11 51 9 11 U
11 52 9 52 L
11 53 13 53 L
11 54 12 10 U
11 55 13 55 L
11 56 16 56 L
11 57 10 12 U
11 58 14 10 U
12 0 11 48 L
12 1 5 20 R
12 2 4 28 R
12 3 12 44 L
12 4 9 46 L
12 5 11 19 R
12 6 8 22 R
12 7 10 47 L
12 8 9 49 L
12 9 12 52 L
12 10 11 23 R
12 11 12 11 U
12 12 15 20 R
12 13 0 47 L
12 14 12 31 D
12 15 12 0 U
12 16 8 2 U
12 17 14 30 D
12 18 13 34 D
12 19 10 19 R
12 20 8 11 U
12 21 13 38 D
12 22 9 22 R
12 23 10 53 L
12 24 9 24 R
12 25 13 0 U
12 26 5 55 L
12 27 19 36 D
12 28 12 28 R
12 29 0 50 L
12 30 7 2 U
12 31 12 43 L
12 32 0 54 L
12 33 12 14 R
12 34 13 28 R
12 35 11 52 L
12 36 12 23 R
12 37 0 51 L
12 38 11 22 R
12 39 0 18 R
12 40 4 52 L
12 41 10 41 D
12 42 9 45 L
12 43 12 30 D
12 44 10 14 R
12 45 12 3 U
12 46 12 36 D
12 47 12 5 U
12 48 14 2 U
12 49 12 7 U
12 50 11 35 D
12 51 0 22 R
12 52 11 0 U
12 53 14 9 U
12 54 12 40 D
12 55 19 6 U
12 56 21 12 U
12 57 13 8 U
12 58 18 31 D
13 0 12 50 L
13 1 0 14 R
13 2 12 14 R
13 3 14 48 L
13 4 0 23 R
13 5 13 25 R
13 6 13 47 L
13 7 14 20 R
13 8 7 50 L
13 9 14 9 U
13 10 12 27 R
13 11 11 41 D
13 12 15 12 U
13 13 9 13 U
13 14 12 29 D
13 15 11 15 R
13 16 14 16 R
13 17 14 36 D
13 18 13 37 D
13 19 5 3 U
13 20 11 32 D
13 21 13 58 L
13 22 2 8 U
13 23 14 23 R
13 24 12 24 R
13 25 6 41 D
13 26 1 33 D
13 27 14 13 U
13 28 0 33 D
13 29 12 25 R
13 30 0 16 R
13 31 12 14 R
13 32 12 43 L
13 33 14 33 D
13 34 1 54 L
13 35 10 49 L
13 36 0 12 U
13 37 13 37 D
13 38 12 18 R
13 39 1 39 D
13 40 5 26 R
13 41 11 21 R
13 42 15 18 R
13 43 12 31 D
13 44 13 5 U
13 45 9 2 U
13 46 11 30 D
13 47 8 36 D
13 48 12 48 L
13 49 14 49 L
13 50 12 35 D
13 51 13 51 L
13 52 2 39 D
13 53 12 53 L
13 54 14 54 L
13 55 17 55 L
13 56 21 56 L
13 57 12 57 L
13 58 17 58 L
14 0 14 15 R
14 1 13 44 L
14 2 13 16 R
14 3 14 3 U
14 4 13 49 L
14 5 14 5 U
14 6 14 6 U
14 7 13 7 U
14 8 6 24 R
14 9 14 53 L
14 10 2 51 L
14 11 13 15 R
14 12 14 12 U
14 13 13 13 U
14 14 13 30 D
14 15 10 32 D
14 16 8 42 D
14 17 0 34 D
14 18 4 13 U
14 19 19 19 R
14 20 13 20 R
14 21 3 36 D
14 22 15 22 R
14 23 13 23 R
14 24 14 24 R
14 25 7 25 R
14 26 11 5 U
14 27 20 27 R
14 28 14 38 D
14 29 6 16 R
14 30 13 17 R
14 31 12 31 D
14 32 11 15 R
14 33 0 57 L
14 34 10 51 L
14 35 12 35 D
14 36 8 46 L
14 37 14 18 R
14 38 14 38 D
14 39 15 21 R
14 40 11 40 D
14 41 13 41 D
14 42 14 42 D
14 43 13 1 U
14 44 14 44 L
14 45 9 17 R
14 46 0 4 U
14 47 7 2 U
14 48 14 33 D
14 49 14 4 U
14 50 9 34 D
14 51 0 37 D
14 52 6 40 D
14 53 11 53 L
14 54 13 54 L
14 55 16 55 L
14 56 20 56 L
14 57 21 7 U
15 0 11 16 R
15 1 15 50 L
15 2 15 14 R
15 3 10 44 L
15 4 15 46 L
15 5 14 55 L
15 6 15 53 L
15 7 15 51 L
15 8 6 55 L
15 9 15 23 R
15 10 3 10 U
15 11 6 11 U
15 12 16 14 R
15 13 15 54 L
15 14 10 2 U
15 15 11 4 U
15 16 12 37 D
15 17 4 9 U
15 18 15 29 D
15 19 17 19 R
15 20 13 2 U
15 21 16 8 U
15 22 8 36 D
15 23 13 33 D
15 24 11 24 R
15 25 14 25 R
15 26 20 26 R
15 27 23 27 R
15 28 15 28 R
15 29 15 20 R
15 30 15 45 L
15 31 14 22 R
15 32 6 52 L
15 33 15 22 R
15 34 19 50 L
15 35 18 17 R
15 36 14 1 U
15 37 10 25 R
15 38 12 38 D
15 39 16 39 D
15 40 17 40 D
15 41 18 55 L
15 42 15 42 D
15 43 14 35 D
15 44 13 12 U
15 45 10 13 U
15 46 15 30 D
15 47 0 39 D
15 48 13 42 D
15 49 12 1 U
15 50 15 7 U
15 51 15 29 D
15 52 13 31 D
15 53 15 5 U
15 54 15 32 D
15 55 11 11 U
15 56 17 56 L
15 57 2 33 D
16 0 14 44 L
16 1 6 15 R
16 2 15 15 R
16 3 18 15 R
16 4 18 19 R
16 5 18 17 R
16 6 16 21 R
16 7 13 17 R
16 8 18 8 U
16 9 1 25 R
16 10 14 10 U
16 11 12 53 L
16 12 15 54 L
16 13 17 22 R
16 14 16 1 U
16 15 2 0 U
16 16 17 1 U
16 17 17 32 D
16 18 14 40 D
16 19 16 19 R
16 20 17 3 U
16 21 14 35 D
16 22 0 32 D
16 23 18 8 U
16 24 13 29 D
16 25 5 13 U
16 26 14 26 R
16 27 22 27 R
16 28 30 32 D
16 29 14 43 L
16 30 18 46 L
16 31 16 46 L
16 32 0 49 L
16 33 17 51 L
16 34 10 54 L
16 35 17 35 D
16 36 18 52 L
16 37 14 45 L
16 38 15 38 D
16 39 19 39 D
16 40 16 40 D
16 41 18 41 D
16 42 7 28 R
16 43 12 42 D
16 44 14 38 D
16 45 14 0 U
16 46 13 0 U
16 47 18 0 U
16 48 17 3 U
16 49 9 2 U
16 50 10 30 D
16 51 11 12 U
16 52 17 34 D
16 53 14 29 D
16 54 16 12 U
16 55 14 21 R
16 56 10 56 L
16 57 25 57 L
17 0 16 24 R
17 1 16 1 U
17 2 19 2 U
17 3 18 44 L
17 4 19 48 L
17 5 18 19 R
17 6 19 6 U
17 7 16 7 U
17 8 14 52 L
17 9 18 21 R
17 10 12 10 U
17 11 16 11 U
17 12 19 25 R
17 13 16 13 U
17 14 9 10 U
17 15 18 29 D
17 16 16 16 R
17 17 5 5 U
17 18 18 18 R
17 19 17 7 U
17 20 19 20 R
17 21 16 9 U
17 22 16 7 U
17 23 17 23 R
17 24 16 24 R
17 25 8 25 R
17 26 19 2 U
17 27 15 27 R
17 28 30 28 R
17 29 14 49 L
17 30 17 30 D
17 31 17 45 L
17 32 15 49 L
17 33 18 50 L
17 34 19 19 R
17 35 16 35 D
17 36 19 36 D
17 37 15 37 D
17 38 17 17 R
17 39 18 39 D
17 40 17 18 R
17 41 19 21 R
17 42 11 55 L
17 43 12 14 R
17 44 17 3 U
17 45 18 3 U
17 46 15 46 L
17 47 16 0 U
17 48 16 48 L
17 49 15 49 L
17 50 18 32 D
17 51 18 2 U
17 52 0 21 R
17 53 13 23 R
17 54 16 1 U
17 55 15 41 D
17 56 21 6 U
17 57 27 57 L
18 0 17 47 L
18 1 17 1 U
18 2 17 2 U
18 3 19 16 R
18 4 19 46 L
18 5 16 5 U
18 6 18 6 U
18 7 17 7 U
18 8 17 8 U
18 9 8 55 L
18 10 15 10 U
18 11 19 56 L
18 12 17 12 U
18 13 0 53 L
18 14 16 14 R
18 15 16 0 U
18 16 18 16 R
18 17 16 33 D
18 18 19 18 R
18 19 17 4 U
18 20 18 20 R
18 21 12 9 U
18 22 18 22 R
18 23 18 23 R
18 24 15 37 D
18 25 8 55 L
18 26 21 26 R
18 27 0 7 U
18 28 31 28 R
18 29 16 24 R
18 30 16 15 R
18 31 14 44 L
18 32 19 19 R
18 33 19 33 D
18 34 19 34 D
18 35 15 35 D
18 36 18 36 D
18 37 13 24 R
18 38 16 38 D
18 39 6 39 D
18 40 18 40 D
18 41 17 41 D
18 42 19 42 D
18 43 19 2 U
18 44 19 44 L
18 45 19 45 L
18 46 18 46 L
18 47 14 31 D
18 48 19 31 D
18 49 17 4 U
18 50 16 38 D
18 51 0 17 R
18 52 14 39 D
18 53 16 36 D
18 54 17 54 L
18 55 2 55 L
18 56 0 24 R
18 57 31 9 U
19 0 19 43 L
19 1 18 1 U
19 2 17 51 L
19 3 16 47 L
19 4 18 4 U
19 5 18 5 U
19 6 19 54 L
19 7 18 50 L
19 8 2 8 U
19 9 19 25 R
19 10 19 53 L
19 11 16 56 L
19 12 18 12 U
19 13 0 19 R
19 14 14 31 D
19 15 0 7 U
19 16 17 16 R
19 17 14 33 D
19 18 13 18 R
19 19 16 32 D
19 20 17 20 R
19 21 12 41 D
19 22 18 42 D
19 23 14 13 U
19 24 13 42 D
19 25 18 11 U
19 26 11 35 D
19 27 19 42 D
19 28 34 28 R
19 29 16 16 R
19 30 13 30 D
19 31 16 48 L
19 32 18 53 L
19 33 13 55 L
19 34 18 34 D
19 35 14 21 R
19 36 15 52 L
19 37 11 24 R
19 38 20 44 L
19 39 15 39 D
19 40 19 27 R
19 41 12 44 L
19 42 17 22 R
19 43 5 40 D
19 44 14 15 R
19 45 18 45 L
19 46 17 31 D
19 47 16 47 L
19 48 19 33 D
19 49 16 4 U
19 50 17 5 U
19 51 17 51 L
19 52 16 40 D
19 53 19 9 U
19 54 17 6 U
19 55 11 37 D
19 56 25 56 L
19 57 32 57 L
20 0 17 44 L
20 1 20 18 R
20 2 20 2 U
20 3 20 48 L
20 4 20 50 L
20 5 15 22 R
20 6 20 21 R
20 7 20 47 L
20 8 21 47 L
20 9 0 33 D
20 10 0 26 R
20 11 17 11 U
20 12 18 20 R
20 13 16 39 D
20 14 15 11 U
20 15 19 32 D
20 16 18 33 D
20 17 19 35 D
20 18 18 45 L
20 19 20 3 U
20 20 20 37 D
20 21 1 49 L
20 22 3 2 U
20 23 20 4 U
20 24 20 29 D
20 25 17 32 D
20 26 16 26 R
20 27 25 27 R
20 28 21 28 R
20 29 16 43 L
20 30 19 57 L
20 31 1 46 L
20 32 12 26 R
20 33 19 52 L
20 34 10 15 R
20 35 9 16 R
20 36 19 17 R
20 37 20 55 L
20 38 20 38 D
20 39 20 17 R
20 40 20 20 R
20 41 14 54 L
20 42 7 22 R
20 43 18 29 D
20 44 16 29 D
20 45 19 36 D
20 46 17 30 D
20 47 20 1 U
20 48 20 7 U
20 49 20 40 D
20 50 20 6 U
20 51 7 38 D
20 52 22 10 U
20 53 22 5 U
20 54 23 4 U
20 55 19 42 D
20 56 25 6 U
20 57 31 57 L
21 0 21 19 R
21 1 21 48 L
21 2 21 49 L
21 3 19 49 L
21 4 23 45 L
21 5 21 47 L
21 6 14 23 R
21 7 13 56 L
21 8 21 8 U
21 9 21 9 U
21 10 23 50 L
21 11 24 16 R
21 12 23 19 R
21 13 0 35 D
21 14 16 43 L
21 15 18 38 D
21 16 0 10 U
21 17 20 31 D
21 18 20 39 D
21 19 20 45 L
21 20 21 1 U
21 21 22 1 U
21 22 16 13 U
21 23 15 41 D
21 24 21 24 R
21 25 25 36 D
21 26 22 26 R
21 27 26 27 R
21 28 34 31 D
21 29 21 14 R
21 30 2 30 D
21 31 17 46 L
21 32 20 18 R
21 33 16 51 L
21 34 18 46 L
21 35 5 8 U
21 36 12 7 U
21 37 20 14 R
21 38 15 57 L
21 39 14 39 D
21 40 20 24 R
21 41 21 41 D
21 42 26 21 R
21 43 20 4 U
21 44 21 40 D
21 45 20 32 D
21 46 20 34 D
21 47 21 0 U
21 48 20 8 U
21 49 0 15 R
21 50 13 50 L
21 51 20 29 D
21 52 18 52 L
21 53 0 4 U
21 54 22 54 L
21 55 21 34 D
21 56 24 32 D
21 57 33 57 L
22 0 17 24 R
22 1 23 50 L
22 2 13 49 L
22 3 22 3 U
22 4 16 25 R
22 5 22 5 U
22 6 23 53 L
22 7 21 19 R
22 8 19 16 R
22 9 20 9 U
22 10 23 10 U
22 11 21 11 U
22 12 24 12 U
22 13 23 13 U
22 14 15 0 U
22 15 22 30 D
22 16 14 0 U
22 17 0 39 D
22 18 22 6 U
22 19 20 19 R
22 20 10 58 L
22 21 24 21 R
22 22 3 39 D
22 23 22 8 U
22 24 14 9 U
22 25 26 25 R
22 26 24 12 U
22 27 19 27 R
22 28 26 30 D
22 29 21 43 L
22 30 23 23 R
22 31 20 46 L
22 32 9 20 R
22 33 22 47 L
22 34 22 18 R
22 35 21 35 D
22 36 23 36 D
22 37 22 37 D
22 38 22 43 L
22 39 11 54 L
22 40 24 54 L
22 41 23 41 D
22 42 27 42 D
22 43 16 14 R
22 44 2 44 L
22 45 20 38 D
22 46 23 30 D
22 47 23 4 U
22 48 23 33 D
22 49 20 2 U
22 50 22 35 D
22 51 20 51 L
22 52 10 41 D
22 53 26 1 U
22 54 23 10 U
22 55 19 55 L
22 56 24 56 L
22 57 32 10 U
23 0 16 49 L
23 1 20 45 L
23 2 21 2 U
23 3 19 19 R
23 4 12 24 R
23 5 20 5 U
23 6 23 48 L
23 7 4 7 U
23 8 20 14 R
23 9 19 9 U
23 10 23 52 L
23 11 17 21 R
23 12 22 12 U
23 13 23 22 R
23 14 21 14 R
23 15 19 11 U
23 16 13 36 D
23 17 21 40 D
23 18 21 32 D
23 19 22 34 D
23 20 23 13 U
23 21 25 21 R
23 22 12 36 D
23 23 23 23 R
23 24 13 4 U
23 25 28 25 R
23 26 25 26 R
23 27 26 9 U
23 28 27 28 R
23 29 12 51 L
23 30 0 3 U
23 31 15 26 R
23 32 22 20 R
23 33 22 33 D
23 34 23 34 D
23 35 2 52 L
23 36 16 22 R
23 37 21 37 D
23 38 23 38 D
23 39 23 56 L
23 40 25 40 D
23 41 16 41 D
23 42 26 42 D
23 43 10 1 U
23 44 22 44 L
23 45 22 31 D
23 46 22 46 L
23 47 22 18 R
23 48 15 48 L
23 49 23 49 L
23 50 22 36 D
23 51 24 29 D
23 52 2 52 L
23 53 21 53 L
23 54 19 54 L
23 55 22 55 L
23 56 2 9 U
23 57 32 7 U
24 0 22 27 R
24 1 24 45 L
24 2 23 47 L
24 3 23 43 L
24 4 0 22 R
24 5 24 24 R
24 6 23 18 R
24 7 24 56 L
24 8 1 30 D
24 9 25 20 R
24 10 18 53 L
24 11 23 11 U
24 12 17 35 D
24 13 22 13 U
24 14 23 33 D
24 15 21 29 D
24 16 20 44 L
24 17 13 31 D
24 18 23 4 U
24 19 13 12 U
24 20 25 34 D
24 21 1 21 R
24 22 24 5 U
24 23 25 0 U
24 24 13 52 L
24 25 23 25 R
24 26 24 26 R
24 27 24 27 R
24 28 28 28 R
24 29 23 0 U
24 30 23 46 L
24 31 11 48 L
24 32 22 56 L
24 33 0 11 U
24 34 24 19 R
24 35 22 27 R
24 36 24 27 R
24 37 16 43 L
24 38 24 15 R
24 39 11 47 L
24 40 22 40 D
24 41 21 15 R
24 42 20 0 U
24 43 20 37 D
24 44 20 41 D
24 45 24 11 U
24 46 0 6 U
24 47 22 30 D
24 48 22 40 D
24 49 21 3 U
24 50 14 7 U
24 51 22 0 U
24 52 23 37 D
24 53 24 53 L
24 54 25 3 U
24 55 25 55 L
24 56 26 4 U
24 57 34 57 L
25 0 24 49 L
25 1 25 14 R
25 2 23 15 R
25 3 25 16 R
25 4 24 4 U
25 5 25 5 U
25 6 25 46 L
25 7 1 55 L
25 8 26 8 U
25 9 23 16 R
25 10 26 33 D
25 11 22 11 U
25 12 25 12 U
25 13 25 14 R
25 14 18 9 U
25 15 25 30 D
25 16 18 36 D
25 17 10 31 D
25 18 25 18 R
25 19 24 19 R
25 20 17 41 D
25 21 19 10 U
25 22 15 3 U
25 23 24 23 R
25 24 23 2 U
25 25 25 1 U
25 26 26 2 U
25 27 19 34 D
25 28 29 28 R
25 29 13 44 L
25 30 25 22 R
25 31 13 18 R
25 32 25 56 L
25 33 25 33 D
25 34 25 50 L
25 35 20 35 D
25 36 25 36 D
25 37 25 37 D
25 38 24 38 D
25 39 14 4 U
25 40 24 40 D
25 41 21 48 L
25 42 28 25 R
25 43 24 33 D
25 44 21 29 D
25 45 3 29 D
25 46 23 46 L
25 47 23 47 L
25 48 23 48 L
25 49 21 0 U
25 50 13 24 R
25 51 26 51 L
25 52 27 3 U
25 53 23 53 L
25 54 18 54 L
25 55 23 55 L
25 56 16 2 U
25 57 3 57 L
26 0 26 45 L
26 1 26 56 L
26 2 23 26 R
26 3 11 56 L
26 4 25 55 L
26 5 26 50 L
26 6 0 39 D
26 7 0 54 L
26 8 26 16 R
26 9 22 9 U
26 10 25 10 U
26 11 26 14 R
26 12 23 12 U
26 13 19 13 U
26 14 24 43 L
26 15 26 32 D
26 16 26 0 U
26 17 27 7 U
26 18 27 32 D
26 19 24 29 D
26 20 1 7 U
26 21 14 33 D
26 22 0 54 L
26 23 26 6 U
26 24 26 38 D
26 25 29 25 R
26 26 26 26 R
26 27 27 27 R
26 28 33 28 R
26 29 24 26 R
26 30 21 23 R
26 31 19 53 L
26 32 24 44 L
26 33 27 27 R
26 34 14 26 R
26 35 29 26 R
26 36 26 36 D
26 37 23 51 L
26 38 26 19 R
26 39 27 39 D
26 40 24 19 R
26 41 24 41 D
26 42 28 42 D
26 43 21 32 D
26 44 25 36 D
26 45 24 5 U
26 46 0 27 R
26 47 29 30 D
26 48 26 10 U
26 49 0 25 R
26 50 21 50 L
26 51 24 51 L
26 52 27 52 L
26 53 22 53 L
26 54 5 13 U
26 55 22 8 U
26 56 9 56 L
26 57 30 57 L
27 0 21 44 L
27 1 24 55 L
27 2 20 46 L
27 3 26 48 L
27 4 23 46 L
27 5 22 23 R
27 6 27 6 U
27 7 26 24 R
27 8 25 8 U
27 9 26 9 U
27 10 27 10 U
27 11 27 14 R
27 12 27 16 R
27 13 26 13 U
27 14 21 36 D
27 15 27 31 D
27 16 11 1 U
27 17 26 17 R
27 18 23 6 U
27 19 26 34 D
27 20 5 37 D
27 21 26 21 R
27 22 14 22 R
27 23 29 38 D
27 24 12 55 L
27 25 29 31 D
27 26 16 29 D
27 27 27 5 U
27 29 11 53 L
27 30 21 52 L
27 31 27 17 R
27 32 25 15 R
27 33 27 33 D
27 34 26 43 L
27 35 27 25 R
27 36 26 27 R
27 37 24 37 D
27 38 25 38 D
27 39 25 39 D
27 40 29 17 R
27 41 23 16 R
27 42 29 53 L
27 43 25 42 D
27 44 24 8 U
27 45 28 33 D
27 46 24 46 L
27 47 29 47 L
27 48 30 3 U
27 49 23 20 R
27 50 28 5 U
27 51 27 0 U
27 52 21 52 L
27 53 25 2 U
27 54 33 29 D
27 55 24 37 D
27 56 29 39 D
27 57 7 32 D
28 0 27 48 L
28 1 28 45 L
28 2 26 19 R
28 3 28 44 L
28 4 28 49 L
28 5 30 14 R
28 6 27 44 L
28 7 29 50 L
28 8 29 55 L
28 9 30 50 L
28 10 26 57 L
28 11 25 55 L
28 12 27 12 U
28 13 29 48 L
28 14 27 0 U
28 15 28 29 D
28 16 26 45 L
28 17 28 1 U
28 18 30 7 U
28 19 25 33 D
28 20 0 43 L
28 21 29 30 D
28 22 31 22 R
28 23 30 1 U
28 24 16 33 D
28 25 21 38 D
28 26 29 13 U
28 27 26 1 U
28 29 28 43 L
28 30 29 14 R
28 31 28 24 R
28 32 30 25 R
28 33 26 15 R
28 34 30 19 R
28 35 30 35 D
28 36 27 46 L
28 37 28 25 R
28 38 29 21 R
28 39 30 51 L
28 40 27 40 D
28 41 29 41 D
28 42 30 42 D
28 43 27 37 D
28 44 21 11 U
28 45 28 12 U
28 46 23 6 U
28 47 28 47 L
28 48 26 48 L
28 49 27 49 L
28 50 30 50 L
28 51 27 51 L
28 52 0 18 R
28 53 28 10 U
28 54 31 54 L
28 55 28 29 D
28 56 28 56 L
28 57 34 2 U
29 0 21 53 L
29 1 24 43 L
29 2 28 55 L
29 3 28 3 U
29 4 29 4 U
29 5 30 5 U
29 6 26 44 L
29 7 28 21 R
29 8 31 17 R
29 9 28 9 U
29 10 28 17 R
29 11 28 11 U
29 12 27 46 L
29 13 25 49 L
29 14 29 33 D
29 15 27 1 U
29 16 27 42 D
29 17 30 35 D
29 18 30 36 D
29 19 27 36 D
29 20 31 20 R
29 21 29 35 D
29 22 30 22 R
29 23 29 3 U
29 24 27 24 R
29 25 28 35 D
29 26 28 26 R
29 27 29 6 U
29 29 22 2 U
29 30 20 3 U
29 31 29 31 D
29 32 28 32 D
29 33 9 24 R
29 34 30 34 D
29 35 15 16 R
29 36 28 19 R
29 37 22 45 L
29 38 28 38 D
29 39 30 50 L
29 40 30 18 R
29 41 31 54 L
29 42 33 49 L
29 43 26 0 U
29 44 26 2 U
29 45 23 18 R
29 46 25 23 R
29 47 27 47 L
29 48 25 48 L
29 49 25 13 U
29 50 29 13 U
29 51 24 7 U
29 52 30 31 D
29 53 10 53 L
29 54 30 54 L
29 55 29 8 U
29 56 27 3 U
30 0 27 25 R
30 1 30 56 L
30 2 25 2 U
30 3 25 49 L
30 4 27 49 L
30 5 29 5 U
30 6 27 19 R
30 7 29 51 L
30 8 28 8 U
30 9 24 9 U
30 10 17 16 R
30 11 29 11 U
30 12 29 12 U
30 13 30 13 U
30 14 30 4 U
30 15 28 42 D
30 16 29 7 U
30 17 28 40 D
30 18 31 30 D
30 19 27 19 R
30 20 21 20 R
30 21 26 42 D
30 22 23 22 R
30 23 31 6 U
30 24 0 50 L
30 25 30 11 U
30 26 27 30 D
30 27 28 27 R
30 29 0 47 L
30 30 29 30 D
30 31 30 45 L
30 32 30 32 D
30 33 0 10 U
30 34 29 34 D
30 35 30 56 L
30 36 28 52 L
30 37 23 37 D
30 38 28 43 L
30 39 29 39 D
30 40 30 40 D
30 41 32 41 D
30 42 31 42 D
30 43 29 32 D
30 44 28 12 U
30 45 28 34 D
30 46 28 5 U
30 47 26 47 L
30 48 30 33 D
30 49 27 39 D
30 50 30 17 R
30 51 27 9 U
30 52 8 52 L
30 53 29 2 U
30 54 29 54 L
30 55 29 40 D
30 56 31 56 L
31 0 29 46 L
31 1 31 44 L
31 2 31 48 L
31 3 12 41 D
31 4 30 15 R
31 5 31 23 R
31 6 9 51 L
31 7 32 53 L
31 8 23 8 U
31 9 0 26 R
31 10 33 26 R
31 11 28 25 R
31 12 17 23 R
31 13 31 25 R
31 14 30 32 D
31 15 28 45 L
31 16 27 8 U
31 17 0 50 L
31 18 33 9 U
31 19 28 13 U
31 20 33 7 U
31 21 21 21 R
31 22 29 22 R
31 23 33 23 R
31 24 4 24 R
31 25 21 52 L
31 26 31 26 R
31 27 3 29 D
31 29 3 45 L
31 30 30 20 R
31 31 31 26 R
31 32 17 52 L
31 33 14 27 R
31 34 29 14 R
31 35 32 46 L
31 36 25 47 L
31 37 34 53 L
31 38 31 50 L
31 39 30 49 L
31 41 29 57 L
31 42 33 42 D
31 43 29 36 D
31 44 31 4 U
31 45 7 35 D
31 46 27 11 U
31 47 29 3 U
31 48 31 5 U
31 49 29 16 R
31 50 25 42 D
31 51 29 35 D
31 52 29 33 D
31 53 7 33 D
31 54 28 54 L
31 55 32 55 L
31 56 29 56 L
32 0 30 19 R
32 1 32 22 R
32 2 12 24 R
32 3 32 48 L
32 4 31 23 R
32 5 31 55 L
32 6 4 22 R
32 7 33 34 D
32 8 32 20 R
32 9 33 41 D
32 10 19 10 U
32 11 32 57 L
32 12 31 19 R
32 13 27 13 U
32 14 22 14 R
32 15 31 38 D
32 16 21 45 L
32 18 31 3 U
32 19 30 19 R
32 20 33 20 R
32 21 33 21 R
32 22 28 22 R
32 23 32 23 R
32 24 33 30 D
32 25 28 7 U
32 26 28 41 D
32 27 30 57 L
32 29 30 0 U
32 30 29 1 U
32 31 27 44 L
32 32 31 18 R
32 33 30 15 R
32 34 31 15 R
32 35 31 35 D
32 36 34 54 L
32 37 35 37 D
32 38 36 53 L
32 39 32 21 R
32 41 32 50 L
32 42 21 42 D
32 43 30 0 U
32 44 33 1 U
32 45 21 33 D
32 46 32 3 U
32 47 33 4 U
32 48 32 5 U
32 49 0 9 U
32 50 32 31 D
32 51 31 51 L
32 52 0 33 D
32 53 35 34 D
32 54 33 39 D
32 55 34 5 U
32 56 33 0 U
33 0 25 43 L
33 1 30 48 L
33 2 32 16 R
33 3 33 47 L
33 4 32 4 U
33 5 33 45 L
33 6 32 18 R
33 7 30 49 L
33 8 33 8 U
33 9 32 52 L
33 10 30 10 U
33 11 32 11 U
33 12 34 12 U
33 13 31 13 U
33 14 29 5 U
33 15 31 34 D
33 16 29 2 U
33 18 35 41 D
33 19 29 19 R
33 20 31 56 L
33 21 29 21 R
33 22 27 22 R
33 23 2 12 U
33 24 33 24 R
33 25 32 25 R
33 26 30 9 U
33 27 21 27 R
33 29 33 43 L
33 30 32 30 D
33 31 32 25 R
33 32 25 44 L
33 33 11 23 R
33 34 30 47 L
33 35 33 28 R
33 36 34 36 D
33 37 34 37 D
33 38 36 38 D
33 42 22 28 R
33 43 29 14 R
33 44 5 32 D
33 45 32 2 U
33 46 33 46 L
33 47 31 7 U
33 48 32 8 U
33 49 33 12 U
33 50 22 39 D
33 51 34 32 D
33 52 31 52 L
33 53 25 53 L
33 54 26 54 L
33 56 32 56 L
34 0 32 29 D
34 1 31 20 R
34 2 15 24 R
34 3 34 55 L
34 4 19 49 L
34 5 32 51 L
34 6 34 15 R
34 7 28 47 L
34 8 32 15 R
34 9 34 9 U
34 10 0 51 L
34 11 33 11 U
34 12 31 12 U
34 14 33 11 U
34 15 34 4 U
34 16 27 33 D
34 18 32 7 U
34 19 31 3 U
34 20 30 20 R
34 22 34 36 D
34 23 32 42 D
34 25 13 29 D
34 27 34 27 R
34 29 10 29 D
34 30 32 23 R
34 31 33 27 R
34 32 32 15 R
34 33 35 57 L
34 34 28 44 L
34 35 34 35 D
34 36 35 16 R
34 37 36 37 D
34 38 26 38 D
34 42 31 56 L
34 43 23 29 D
34 44 31 1 U
34 45 33 30 D
34 46 34 9 U
34 47 31 30 D
34 48 36 4 U
34 49 20 49 L
34 50 35 36 D
34 51 33 51 L
34 52 14 38 D
34 54 33 35 D
34 56 32 42 D
35 0 34 0 U
35 1 34 14 R
35 2 26 2 U
35 3 35 47 L
35 4 21 45 L
35 5 33 48 L
35 6 34 6 U
35 7 33 19 R
35 8 36 23 R
35 9 33 18 R
35 10 32 10 U
35 11 32 18 R
35 14 32 45 L
35 15 30 5 U
35 16 36 35 D
35 19 27 11 U
35 20 27 49 L
35 22 11 0 U
35 23 36 6 U
35 25 34 25 R
35 27 34 0 U
35 29 14 50 L
35 30 34 28 R
35 31 34 16 R
35 32 35 32 D
35 33 35 33 D
35 34 36 20 R
35 35 22 35 D
35 36 35 36 D
35 38 30 38 D
35 42 30 48 L
35 43 20 43 L
35 44 33 6 U
35 45 35 1 U
35 46 34 46 L
35 47 14 47 L
35 48 35 6 U
35 49 30 8 U
35 50 34 31 D
35 51 27 42 D
35 54 18 37 D
36 0 30 47 L
36 1 31 1 U
36 2 36 19 R
36 3 18 46 L
36 4 36 43 L
36 5 36 22 R
36 6 36 45 L
36 8 9 8 U
36 9 35 9 U
36 14 32 29 D
36 15 10 10 U
36 16 35 16 R
36 19 26 8 U
36 22 22 22 R
36 23 35 23 R
36 29 35 18 R
36 30 33 46 L
36 31 36 31 D
36 32 0 15 R
36 34 35 11 U
36 35 36 35 D
36 38 35 38 D
36 42 32 42 D
36 43 35 32 D
36 44 14 30 D
36 45 35 5 U
36 46 34 0 U
36 47 11 3 U
36 48 36 48 L
36 49 29 8 U
36 50 35 50 L
37 0 36 54 L

