22 18 321
0 0 0 0 0 0 9 10 0 0 0 0 0 0 0 0 0 0 0 0
0 0 0 0 0 7 2 0 8 2 0 0 0 20 0 2 7 0 0 0
0 0 0 0 8 16 0 0 0 0 0 0 17 0 0 9 10 0 0 0
2 0 0 0 1 0 0 0 0 0 0 0 0 0 0 1 1 0 0 0
14 0 8 5 0 3 0 0 0 0 0 0 0 7 0 0 0 0 0 0
0 0 0 0 0 0 0 1 0 0 14 13 0 0 0 0 0 0 0 0
0 0 0 0 0 20 0 1 0 0 0 0 0 0 0 0 0 0 0 0
4 0 0 14 16 0 9 0 0 0 0 0 0 0 10 0 0 0 0 0
2 0 1 0 0 14 0 0 0 0 0 0 0 7 0 11 0 4 12 0
0 8 12 10 0 0 2 0 0 0 0 13 0 0 0 0 0 0 0 0
2 14 0 0 0 0 7 0 0 0 0 10 0 0 5 0 0 0 0 0
0 0 0 0 0 6 0 0 0 0 13 0 0 19 0 0 0 0 0 0
0 11 0 9 0 0 0 0 0 5 0 0 12 0 0 15 0 4 0 0
0 0 0 0 0 0 9 12 0 0 0 0 0 0 0 0 15 0 0 0
0 0 0 0 0 0 17 0 0 0 0 0 11 20 3 12 7 0 1 0
11 15 0 0 14 0 0 3 0 10 1 0 0 0 20 0 0 0 0 0
0 0 0 0 0 21 0 7 12 0 0 0 0 0 0 0 13 10 0 0
0 0 0 0 0 0 0 0 0 0 0 0 0 0 0 0 0 0 0 0
0 0 0 17 9 0 0 0 0 0 0 0 0 0 0 0 2 0 0 0
8 8 7 0 11 1 3 2 0 0 16 13 8 18 15 13 0 0 19 0
0 0 0 0 L
0 1 0 1 L
0 2 0 2 L
0 3 0 3 L
0 4 0 4 L
0 5 0 5 R
0 6 0 6 R
0 7 0 7 R
0 8 0 8 R
0 9 0 9 R
0 10 0 10 D
0 11 0 11 D
0 12 0 12 D
0 13 0 13 D
0 14 0 14 U
0 15 0 15 U
0 16 0 16 U
0 17 0 17 U
1 0 0 11 D
1 1 2 1 L
1 2 11 11 D
1 3 0 13 D
1 5 9 10 D
1 6 13 10 D
1 7 5 7 R
1 8 13 8 R
1 9 17 11 D
1 10 2 7 R
1 11 6 11 D
1 12 2 5 R
1 13 2 0 L
1 14 0 1 L
1 15 0 3 L
1 16 8 16 U
1 17 6 17 U
2 0 13 10 D
2 1 0 10 D
2 2 16 15 U
2 3 3 14 U
2 5 14 5 R
2 6 3 6 R
2 7 4 7 R
2 8 14 8 R
2 9 6 9 R
2 10 0 5 R
2 11 5 7 R
2 12 0 7 R
2 13 0 16 U
2 14 8 9 R
2 15 1 2 L
2 16 9 5 R
2 17 0 8 R
3 0 2 14 U
3 1 0 14 U
3 2 2 2 L
3 3 5 3 L
3 5 10 16 U
3 6 5 14 U
3 7 5 12 D
3 8 19 8 R
3 9 2 16 U
3 10 7 8 R
3 11 16 11 D
3 12 12 1 L
3 13 16 13 D
3 14 5 2 L
3 15 0 11 D
3 16 1 16 U
3 17 17 1 L
4 0 14 0 L
4 1 2 1 L
4 2 2 16 U
4 3 2 17 U
4 4 0 8 R
4 5 10 5 R
4 6 6 16 U
4 7 1 7 R
4 8 0 3 L
4 9 5 9 R
4 10 2 8 R
4 11 6 4 L
4 12 3 6 R
4 13 0 2 L
4 14 2 14 U
4 15 2 5 R
4 16 6 9 R
4 17 6 17 U
5 0 3 14 U
5 1 1 16 U
5 2 4 2 L
5 3 2 3 L
5 5 1 11 D
5 6 3 6 R
5 7 0 0 L
5 8 4 8 R
5 9 1 12 D
5 10 6 2 L
5 11 0 6 R
5 12 2 6 R
5 13 12 9 R
5 14 9 2 L
5 15 16 8 R
5 16 10 1 L
5 17 1 17 U
6 0 15 11 D
6 1 2 16 U
6 2 12 15 U
6 3 2 15 U
6 5 0 12 D
6 6 1 6 R
6 7 16 2 L
6 8 3 14 U
6 9 11 17 U
6 10 14 3 L
6 11 14 0 L
6 12 10 12 D
6 13 7 13 D
6 14 7 1 L
6 15 3 5 R
6 16 9 9 R
6 17 18 6 R
7 0 0 16 U
7 1 16 14 U
7 2 12 11 D
7 3 4 3 L
7 4 5 4 L
7 5 0 16 U
7 6 6 15 U
7 7 5 14 U
7 8 0 13 D
7 9 17 9 R
7 10 9 10 D
7 11 2 0 L
7 12 8 12 D
7 13 5 13 D
7 14 2 5 R
7 15 15 9 R
7 16 0 7 R
7 17 1 8 R
8 0 5 0 L
8 1 12 15 U
8 2 9 17 U
8 3 17 5 R
8 5 0 10 D
8 6 15 11 D
8 7 12 16 U
8 8 6 14 U
8 10 14 1 L
8 11 12 1 L
8 12 5 12 D
8 13 6 1 L
8 14 0 5 R
8 15 7 8 R
8 16 0 12 D
8 17 9 3 L
9 0 0 12 D
9 1 3 7 R
9 2 3 2 L
9 3 10 13 D
9 5 0 15 U
9 6 11 17 U
9 7 3 7 R
9 8 5 11 D
9 9 6 15 U
9 10 6 10 D
9 11 18 11 D
9 12 1 12 D
9 13 2 13 D
9 14 15 0 L
9 15 19 15 U
9 16 14 16 U
9 17 3 17 U
10 0 5 14 U
10 1 2 1 L
10 2 9 13 D
10 3 5 13 D
10 5 0 1 L
10 6 9 2 L
10 7 1 7 R
10 8 3 8 R
10 10 8 1 L
10 11 1 1 L
10 12 11 2 L
10 13 9 13 D
10 14 3 5 R
10 15 1 6 R
10 16 0 0 L
10 17 9 8 R
11 0 17 17 U
11 1 3 13 D
11 2 12 14 U
11 3 19 3 L
11 5 3 11 D
11 6 8 12 D
11 7 15 15 U
11 8 8 11 D
11 10 9 0 L
11 11 10 2 L
11 12 7 1 L
11 13 12 3 L
11 14 0 6 R
11 15 6 5 R
11 16 19 6 R
11 17 18 12 D
12 0 0 14 U
12 1 9 11 D
12 2 2 2 L
12 3 15 14 U
12 5 19 17 U
12 6 13 15 U
12 7 11 7 R
12 8 8 15 U
12 9 3 9 R
12 10 0 0 L
12 11 8 7 R
12 12 5 0 L
12 13 14 8 R
12 14 11 14 U
12 15 2 3 L
12 16 2 6 R
12 17 15 17 U
13 0 0 5 R
13 1 12 1 L
13 2 3 2 L
13 3 10 16 U
13 5 0 11 D
13 7 8 16 U
13 8 10 17 U
13 10 3 5 R
13 11 0 1 L
13 13 9 0 L
13 14 3 1 L
13 15 7 10 D
13 16 4 1 L
13 17 6 17 U
14 0 7 11 D
14 1 1 1 L
14 2 1 2 L
14 3 5 3 L
14 5 0 14 U
14 6 11 14 U
14 7 17 15 U
14 8 3 10 D
14 9 19 16 U
14 10 8 6 R
14 11 9 6 R
14 13 8 13 D
14 14 8 0 L
14 15 18 0 L
14 16 3 16 U
14 17 9 17 U
15 1 2 11 D
15 2 6 12 D
15 3 6 10 D
15 5 7 15 U
15 6 1 10 D
15 7 16 11 D
15 8 18 8 R
15 10 12 3 L
15 11 5 6 R
15 12 7 12 D
15 13 12 13 D
15 14 0 10 D
15 15 14 15 U
15 16 13 0 L
15 17 6 17 U
16 0 9 13 D
16 1 7 16 U
16 2 4 10 D
16 3 3 15 U
16 5 3 15 U
16 6 17 6 R
16 8 0 16 U
16 10 5 9 R
16 11 2 8 R
16 12 6 8 R
16 13 2 13 D
16 14 3 14 U
16 15 6 6 R
16 16 12 2 L
16 17 12 11 D
17 1 16 16 U
17 2 20 16 U
17 3 16 3 L
17 5 2 12 D
17 7 5 7 R
17 8 13 16 U
17 10 9 2 L
17 11 18 5 R
17 12 10 8 R
17 13 3 2 L
17 14 11 3 L
17 15 4 1 L
17 16 1 7 R
17 17 10 0 L
18 1 10 1 L
18 2 12 2 L
18 3 2 12 D
18 5 3 13 D
18 8 14 12 D
18 10 11 8 R
18 11 0 14 U
18 12 19 17 U
18 13 6 13 D
18 14 1 14 U
18 15 0 13 D
18 16 7 3 L
19 2 2 2 L
19 5 5 5 R
19 10 15 10 D
19 11 18 14 U
19 12 14 2 L
19 13 6 3 L
19 14 16 8 R
19 15 6 0 L
20 5 14 10 D
20 10 9 10 D
20 11 16 9 R
20 13 15 13 D
20 14 9 0 L
21 13 6 13 D

