21 16 290
0 0 10 7 0 0 0 6 0 12 0 0 0
3 18 18 0 6 1 0 0 0 14 6 1 11
7 0 0 0 6 0 0 0 0 4 14 0 16
0 0 0 0 0 0 0 0 0 0 0 0 0
19 18 0 0 0 3 6 0 0 0 7 6 12
0 0 0 0 3 0 0 0 4 16 0 0 0
0 0 0 8 0 19 0 0 0 11 0 0 0
20 0 0 2 6 1 5 0 18 0 0 0 0
5 17 16 0 0 0 0 0 0 4 16 0 15
0 0 13 0 5 15 0 0 9 6 0 0 0
0 0 15 0 11 0 14 0 0 15 0 0 0
0 0 3 0 19 0 0 0 0 18 0 16 0
5 14 2 17 0 0 0 1 0 16 18 0 13
0 0 0 0 R
0 1 0 1 R
0 2 0 2 R
0 3 0 3 U
0 4 0 4 U
0 5 0 5 U
0 6 0 6 U
0 7 0 7 U
0 8 0 8 D
0 9 0 9 D
0 10 0 10 D
0 11 0 11 D
0 12 0 12 D
0 13 0 13 L
0 14 0 14 L
0 15 0 15 L
1 0 4 11 D
1 1 0 11 D
1 2 3 11 D
1 3 16 13 L
1 4 7 4 U
1 5 4 5 U
1 6 11 6 U
1 7 2 7 U
1 8 15 0 R
1 9 0 15 L
1 10 8 10 D
1 11 2 11 D
1 12 8 12 D
1 13 0 0 R
1 14 2 7 U
1 15 11 3 U
2 0 8 0 R
2 1 7 6 U
2 2 7 4 U
2 3 11 0 R
2 4 13 10 D
2 5 11 0 R
2 6 11 14 L
2 7 6 7 U
2 8 12 3 U
2 9 10 14 L
2 10 3 10 D
2 11 3 11 D
2 12 1 12 D
2 13 5 3 U
2 14 1 1 R
2 15 0 2 R
3 0 9 4 U
3 1 12 3 U
3 2 6 7 U
3 3 11 3 U
3 4 9 13 L
3 5 2 2 R
3 6 2 6 U
3 7 1 7 U
3 8 7 8 D
3 9 12 9 D
3 10 0 2 R
3 11 0 5 U
3 12 16 14 L
3 13 7 8 D
3 14 0 4 U
3 15 2 6 U
4 0 11 8 D
4 1 9 8 D
4 2 7 3 U
4 3 0 8 D
4 4 11 13 L
4 5 1 15 L
4 6 3 6 U
4 7 3 10 D
4 8 6 13 L
4 9 1 9 D
4 10 8 0 R
4 11 6 11 D
4 12 14 12 D
4 13 2 11 D
4 14 15 8 D
4 15 0 8 D
5 0 2 6 U
5 1 0 10 D
5 2 10 2 R
5 3 13 0 R
5 4 4 14 L
5 5 14 5 U
5 6 2 6 U
5 7 15 7 U
5 8 0 0 R
5 9 1 9 D
5 10 6 1 R
5 11 15 14 L
5 12 8 12 D
5 13 0 3 U
5 14 1 5 U
5 15 9 6 U
6 0 5 9 D
6 1 10 14 L
6 2 2 3 U
6 3 0 13 L
6 4 13 4 U
6 5 1 5 U
6 6 10 1 R
6 7 17 14 L
6 8 0 1 R
6 9 10 15 L
6 10 5 13 L
6 11 16 11 D
6 12 7 2 R
6 13 0 1 R
6 14 13 7 U
6 15 12 15 L
7 0 12 7 U
7 1 13 6 U
7 2 3 5 U
7 3 0 0 R
7 4 3 1 R
7 5 0 10 D
7 6 2 6 U
7 7 4 7 U
7 8 0 3 U
7 9 9 15 L
7 10 10 15 L
7 11 3 1 R
7 12 0 4 U
7 13 12 12 D
7 14 10 8 D
7 15 11 9 D
8 0 17 9 D
8 1 14 9 D
8 2 11 8 D
8 3 7 0 R
8 4 5 14 L
8 5 9 5 U
8 6 5 6 U
8 7 5 7 U
8 8 9 1 R
8 9 5 2 R
8 10 12 2 R
8 11 3 11 D
8 12 12 12 D
8 13 7 12 D
8 14 5 7 U
8 15 5 5 U
9 0 0 3 U
9 1 0 9 D
9 2 3 9 D
9 3 8 14 L
9 4 1 13 L
9 5 0 15 L
9 6 2 6 U
9 7 11 7 U
9 8 0 14 L
9 9 1 5 U
9 10 12 4 U
9 11 2 15 L
9 12 10 5 U
9 13 14 3 U
9 14 17 3 U
9 15 14 11 D
10 0 0 7 U
10 1 2 4 U
10 2 14 10 D
10 3 11 2 R
10 4 11 0 R
10 5 9 5 U
10 6 0 12 D
10 7 4 2 R
10 8 4 14 L
10 9 3 0 R
10 10 7 14 L
10 11 2 11 D
10 12 3 15 L
10 13 1 2 R
10 14 15 6 U
10 15 12 10 D
11 0 6 10 D
11 1 12 10 D
11 2 4 9 D
11 3 4 13 L
11 4 8 13 L
11 5 1 13 L
11 6 0 1 R
11 7 6 9 D
11 8 2 13 L
11 9 13 2 R
11 10 1 2 R
11 11 14 15 L
11 12 16 12 D
11 13 2 13 L
11 14 13 9 D
11 15 2 12 D
12 0 15 5 U
12 1 1 1 R
12 2 0 6 U
12 3 8 0 R
12 4 0 2 R
12 5 9 5 U
12 6 8 6 U
12 7 9 13 L
12 8 16 0 R
12 9 4 13 L
12 10 6 10 D
12 11 17 11 D
12 12 7 13 L
12 13 2 8 D
12 14 1 3 U
12 15 4 9 D
13 0 15 12 D
13 1 1 8 D
13 2 8 12 D
13 3 7 1 R
13 4 3 9 D
13 5 7 1 R
13 6 12 0 R
13 8 15 4 U
13 9 3 13 L
13 10 17 10 D
13 11 10 2 R
13 12 11 1 R
13 13 3 10 D
13 14 11 4 U
13 15 12 4 U
14 0 9 11 D
14 1 11 11 D
14 2 15 4 U
14 3 17 14 L
14 4 13 8 D
14 5 1 5 U
14 6 13 13 L
14 7 11 14 L
14 8 12 2 R
14 9 16 3 U
14 10 5 10 D
14 11 9 3 U
14 12 1 12 D
14 13 2 13 L
14 14 5 4 U
14 15 6 1 R
15 0 3 12 D
15 1 13 7 U
15 2 7 5 U
15 3 2 15 L
15 4 14 4 U
15 6 1 13 L
15 7 5 13 L
15 8 10 14 L
15 9 0 5 U
15 10 17 1 R
15 12 3 12 D
15 13 0 10 D
15 14 2 4 U
16 0 2 5 U
16 1 1 7 U
16 2 18 6 U
16 3 14 3 U
16 4 3 2 R
16 5 14 15 L
16 6 4 6 U
16 7 1 7 U
16 8 8 15 L
16 9 18 14 L
16 10 2 13 L
16 12 9 12 D
16 13 8 4 U
16 14 8 3 U
17 0 9 10 D
17 1 7 12 D
17 2 16 12 D
17 3 5 3 U
17 4 6 13 L
17 5 13 13 L
17 6 11 6 U
17 7 16 7 U
17 8 16 1 R
17 9 7 3 U
17 13 6 0 R
17 14 3 7 U
18 0 14 4 U
18 1 6 3 U
18 3 5 13 L
18 4 4 13 L
18 8 11 14 L
18 9 3 9 D
18 13 13 9 D
18 14 6 2 R
19 0 5 0 R
19 8 18 0 R
19 13 13 8 D
20 8 2 8 D

