27 35 820
0 0 14 10 12 13 11 4 20 20 0 0 0 14 0 17 19
23 0 0 22 0 19 6 0 15 0 11 0 14 0 2 18 4
21 4 7 0 12 23 4 3 25 0 25 4 10 11 0 0 0
2 17 10 0 3 17 10 16 0 21 25 22 0 0 0 19 0
21 13 9 23 0 21 22 15 0 22 21 0 0 13 12 0 20
10 21 0 0 21 0 22 19 26 23 0 21 14 19 10 0 0
8 12 19 11 0 24 21 10 0 0 11 20 5 0 10 0 19
3 15 10 0 19 0 0 18 17 24 0 0 3 21 22 19 0
2 16 0 21 0 0 23 11 20 0 21 0 7 0 0 0 0
23 3 23 24 0 0 24 20 0 0 0 0 0 0 11 23 22
12 22 0 23 20 24 25 0 0 26 24 9 13 7 0 18 0
17 22 0 13 17 24 0 23 21 22 0 0 23 0 5 16 19
0 8 14 0 8 6 19 15 0 17 23 0 0 21 16 8 11
22 20 0 22 17 0 22 20 20 0 0 23 0 0 24 14 22
5 0 16 19 14 12 21 6 0 15 20 17 0 20 3 0 0
21 13 17 18 19 19 0 0 16 0 0 12 18 15 3 11 0
20 22 15 2 3 1 20 2 9 10 15 0 22 13 0 12 4
0 0 0 0 U
0 1 0 1 U
0 2 0 2 U
0 3 0 3 U
0 4 0 4 U
0 5 0 5 U
0 6 0 6 U
0 7 0 7 U
0 8 0 8 U
0 9 0 9 R
0 10 0 10 R
0 11 0 11 R
0 12 0 12 R
0 13 0 13 R
0 14 0 14 R
0 15 0 15 R
0 16 0 16 R
0 17 0 17 R
0 18 0 18 D
0 19 0 19 D
0 20 0 20 D
0 21 0 21 D
0 22 0 22 D
0 23 0 23 D
0 24 0 24 D
0 25 0 25 D
0 26 0 26 D
0 27 0 27 L
0 28 0 28 L
0 29 0 29 L
0 30 0 30 L
0 31 0 31 L
0 32 0 32 L
0 33 0 33 L
0 34 0 34 L
1 0 0 9 R
1 1 0 18 D
1 2 0 10 R
1 3 2 28 L
1 4 0 30 L
1 5 0 21 D
1 6 2 12 R
1 7 0 33 L
1 8 0 14 R
1 9 0 0 U
1 10 0 28 L
1 11 0 27 L
1 12 0 30 L
1 13 0 6 U
1 14 1 7 U
1 15 2 32 L
1 16 6 7 U
1 17 0 4 U
1 18 0 27 L
1 19 0 28 L
1 20 0 29 L
1 21 0 9 R
1 22 0 32 L
1 23 0 3 U
1 24 0 15 R
1 25 1 13 R
1 26 0 17 R
1 27 0 9 R
1 28 0 1 U
1 29 2 0 U
1 30 0 18 D
1 31 0 13 R
1 32 0 10 R
1 33 4 0 U
1 34 1 8 U
2 0 0 19 D
2 1 2 1 U
2 2 1 2 U
2 3 1 3 U
2 4 3 4 U
2 5 2 5 U
2 6 3 6 U
2 7 4 7 U
2 8 2 8 U
2 9 0 18 D
2 10 0 20 D
2 11 3 11 R
2 12 1 12 R
2 13 2 4 U
2 14 3 14 R
2 15 1 15 R
2 16 7 16 R
2 17 3 17 R
2 18 0 9 R
2 19 2 10 R
2 20 0 0 U
2 21 3 21 D
2 22 2 22 D
2 23 4 23 D
2 24 5 11 R
2 25 3 25 D
2 26 7 26 D
2 27 1 27 L
2 28 0 19 D
2 29 1 29 L
2 30 0 4 U
2 31 1 31 L
2 32 4 32 L
2 33 4 33 L
2 34 3 34 L
3 0 0 11 R
3 1 0 28 L
3 2 2 2 U
3 3 0 9 R
3 4 1 4 U
3 5 0 12 R
3 6 4 11 R
3 7 0 10 R
3 8 1 8 U
3 9 2 3 U
3 10 0 5 U
3 11 0 29 L
3 12 0 21 D
3 13 2 13 R
3 14 2 14 R
3 15 0 28 L
3 16 5 16 R
3 17 2 17 R
3 18 0 11 R
3 19 0 30 L
3 20 3 20 D
3 21 0 10 R
3 22 0 12 R
3 23 3 14 R
3 24 3 24 D
3 25 5 25 D
3 26 6 26 D
3 27 0 2 U
3 28 0 20 D
3 29 0 3 U
3 30 2 30 L
3 31 2 31 L
3 32 1 32 L
3 33 3 33 L
3 34 2 34 L
4 0 3 0 U
4 1 0 22 D
4 2 2 11 R
4 3 0 29 L
4 4 3 23 D
4 5 0 14 R
4 6 4 6 U
4 7 7 7 U
4 8 0 24 D
4 9 2 9 R
4 10 1 6 U
4 11 1 1 U
4 12 0 2 U
4 13 4 13 R
4 14 0 23 D
4 15 5 15 R
4 16 7 4 U
4 17 0 7 U
4 18 0 31 L
4 19 0 13 R
4 20 0 34 L
4 21 1 21 D
4 22 1 22 D
4 23 1 23 D
4 24 5 24 D
4 25 2 25 D
4 26 6 17 R
4 27 0 21 D
4 28 3 22 D
4 29 3 1 U
4 30 5 2 U
4 31 3 31 L
4 32 3 2 U
4 33 2 33 L
4 34 1 34 L
5 0 2 27 L
5 1 1 27 L
5 2 4 31 L
5 3 0 20 D
5 4 5 10 R
5 5 3 5 U
5 6 0 27 L
5 7 1 7 U
5 8 3 8 U
5 9 2 8 U
5 10 0 3 U
5 11 6 4 U
5 12 6 0 U
5 13 0 32 L
5 14 0 22 D
5 15 6 15 R
5 16 4 16 R
5 17 7 17 R
5 18 2 9 R
5 19 1 19 D
5 20 1 12 R
5 21 2 21 D
5 22 5 30 L
5 23 2 9 R
5 24 0 3 U
5 25 4 25 D
5 26 2 26 D
5 27 0 23 D
5 28 5 28 L
5 29 4 0 U
5 30 6 30 L
5 31 2 18 D
5 32 7 2 U
5 33 0 19 D
5 34 2 7 U
6 0 2 19 D
6 1 6 1 U
6 2 1 18 D
6 3 5 3 U
6 4 2 4 U
6 5 5 5 U
6 6 1 6 U
6 7 6 30 L
6 8 4 8 U
6 9 6 0 U
6 10 6 30 L
6 11 0 24 D
6 12 5 12 R
6 13 3 13 R
6 14 0 1 U
6 15 7 5 U
6 16 4 8 U
6 17 4 17 R
6 18 1 33 L
6 19 1 28 L
6 20 3 10 R
6 21 2 31 L
6 22 6 22 D
6 23 3 23 D
6 24 7 24 D
6 25 6 25 D
6 26 9 11 R
6 27 2 21 D
6 28 3 6 U
6 29 6 29 L
6 30 6 0 U
6 31 0 14 R
6 32 5 32 L
6 33 5 33 L
6 34 5 26 D
7 0 2 30 L
7 1 3 1 U
7 2 0 12 R
7 3 0 16 R
7 4 2 33 L
7 5 6 5 U
7 6 5 6 U
7 7 7 34 L
7 8 2 12 R
7 9 5 5 U
7 10 2 22 D
7 11 4 20 D
7 12 6 22 D
7 13 2 6 U
7 14 5 14 R
7 15 7 15 R
7 16 8 16 R
7 17 0 19 D
7 18 6 15 R
7 19 6 29 L
7 20 0 16 R
7 21 7 21 D
7 22 6 15 R
7 23 6 23 D
7 24 7 30 L
7 25 4 34 L
7 26 8 26 D
7 27 2 23 D
7 28 2 19 D
7 29 7 29 L
7 30 0 25 D
7 31 7 31 L
7 32 7 32 L
7 33 6 8 U
7 34 3 25 D
8 0 4 30 L
8 1 7 30 L
8 2 8 29 L
8 3 0 32 L
8 4 7 14 R
8 5 7 31 L
8 6 11 12 R
8 7 15 14 R
8 8 6 8 U
8 9 5 6 U
8 10 2 21 D
8 11 3 4 U
8 12 0 18 D
8 13 11 1 U
8 14 8 14 R
8 15 9 21 D
8 16 6 16 R
8 17 6 17 R
8 18 7 9 R
8 19 4 28 L
8 20 7 30 L
8 21 2 16 R
8 22 4 15 R
8 23 0 2 U
8 24 8 24 D
8 25 3 17 R
8 26 10 26 D
8 27 0 26 D
8 28 0 5 U
8 29 7 4 U
8 30 8 2 U
8 31 5 1 U
8 32 0 24 D
8 33 5 20 D
8 34 0 9 R
9 0 9 29 L
9 1 1 1 U
9 2 8 28 L
9 3 3 9 R
9 4 8 4 U
9 5 2 18 D
9 6 9 6 U
9 7 16 7 U
9 8 3 24 D
9 9 4 24 D
9 10 9 20 D
9 11 8 6 U
9 12 8 18 D
9 13 12 13 R
9 14 0 20 D
9 15 12 0 U
9 16 6 3 U
9 17 3 0 U
9 18 8 16 R
9 19 6 34 L
9 20 4 33 L
9 21 3 16 R
9 22 11 22 D
9 23 8 23 D
9 24 8 14 R
9 25 14 17 R
9 26 0 12 R
9 27 3 21 D
9 28 8 18 D
9 29 0 12 R
9 30 4 11 R
9 31 9 0 U
9 32 4 2 U
9 33 2 2 U
9 34 9 34 L
10 0 0 17 R
10 1 3 17 R
10 2 7 2 U
10 3 10 3 U
10 4 6 10 R
10 5 1 5 U
10 6 10 6 U
10 7 13 7 U
10 8 11 8 U
10 9 6 19 D
10 10 7 29 L
10 11 0 26 D
10 12 11 12 R
10 13 1 33 L
10 14 0 30 L
10 15 10 15 R
10 16 2 5 U
10 17 9 17 R
10 18 9 15 R
10 19 9 19 D
10 20 2 0 U
10 21 9 21 D
10 22 0 1 U
10 23 7 9 R
10 24 9 27 L
10 25 11 25 D
10 26 9 26 D
10 27 8 19 D
10 28 9 28 L
10 29 7 24 D
10 30 8 30 L
10 31 8 4 U
10 32 11 32 L
10 33 6 33 L
10 34 7 34 L
11 0 6 9 R
11 1 8 18 D
11 2 1 10 R
11 3 7 18 D
11 4 9 4 U
11 5 0 30 L
11 6 5 11 R
11 7 15 7 U
11 8 14 8 U
11 9 7 3 U
11 10 10 10 R
11 11 10 6 U
11 12 7 23 D
11 13 13 13 R
11 14 16 14 R
11 15 8 2 U
11 16 0 28 L
11 17 10 18 D
11 18 10 10 R
11 19 2 28 L
11 20 11 20 D
11 21 2 32 L
11 22 14 22 D
11 23 15 23 D
11 24 10 24 D
11 25 8 25 D
11 26 12 13 R
11 27 11 1 U
11 28 8 28 L
11 29 1 3 U
11 30 5 23 D
11 31 9 31 L
11 32 9 32 L
11 33 10 13 R
11 34 8 5 U
12 0 10 17 R
12 1 10 10 R
12 2 12 10 R
12 3 13 3 U
12 4 1 22 D
12 5 4 5 U
12 6 0 11 R
12 7 9 7 U
12 8 13 20 D
12 9 9 3 U
12 10 11 24 D
12 11 9 11 R
12 12 8 0 U
12 13 14 13 R
12 14 10 33 L
12 15 13 15 R
12 16 14 16 R
12 17 15 17 R
12 18 10 27 L
12 19 1 34 L
12 20 2 13 R
12 21 10 11 R
12 22 15 13 R
12 23 12 12 R
12 24 3 31 L
12 25 13 25 D
12 26 13 26 D
12 27 11 5 U
12 28 2 6 U
12 29 10 29 L
12 30 11 30 L
12 31 8 31 L
12 32 11 0 U
12 33 8 33 L
12 34 12 34 L
13 0 7 29 L
13 1 13 9 R
13 2 12 2 U
13 3 4 19 D
13 4 15 4 U
13 5 11 5 U
13 6 11 6 U
13 7 5 7 U
13 8 15 8 U
13 9 12 28 L
13 10 11 10 R
13 11 9 0 U
13 12 8 12 R
13 13 11 8 U
13 14 17 14 R
13 15 11 15 R
13 16 10 16 R
13 17 16 4 U
13 18 2 17 R
13 19 10 15 R
13 20 9 20 D
13 21 11 21 D
13 22 13 22 D
13 23 9 23 D
13 24 10 33 L
13 25 10 25 D
13 26 5 26 D
13 27 13 18 D
13 28 12 28 L
13 29 11 29 L
13 30 10 30 L
13 31 10 31 L
13 32 12 32 L
13 33 12 33 L
13 34 10 34 L
14 0 9 30 L
14 1 7 16 R
14 2 8 11 R
14 3 9 3 U
14 4 0 16 R
14 5 12 32 L
14 6 11 25 D
14 7 10 9 R
14 8 13 8 U
14 9 0 8 U
14 10 4 21 D
14 11 14 27 L
14 12 15 5 U
14 13 15 23 D
14 14 18 14 R
14 15 17 18 D
14 16 9 16 R
14 17 11 8 U
14 18 6 9 R
14 19 13 13 R
14 20 12 20 D
14 21 10 21 D
14 22 12 22 D
14 23 11 14 R
14 24 4 24 D
14 25 15 27 L
14 26 11 32 L
14 27 13 19 D
14 28 5 5 U
14 29 12 3 U
14 30 15 22 D
14 31 6 20 D
14 32 10 18 D
14 33 13 33 L
14 34 13 8 U
15 0 9 31 L
15 1 14 11 R
15 2 14 2 U
15 3 10 11 R
15 4 12 4 U
15 5 3 27 L
15 6 13 6 U
15 7 0 18 D
15 8 16 28 L
15 9 7 22 D
15 10 14 19 D
15 11 7 11 R
15 12 14 23 D
15 13 12 27 L
15 14 12 5 U
15 15 17 0 U
15 16 16 8 U
15 17 18 27 L
15 18 11 29 L
15 19 9 9 R
15 20 11 13 R
15 21 14 17 R
15 22 4 27 L
15 23 18 23 D
15 24 11 12 R
15 25 15 25 D
15 26 0 7 U
15 27 12 21 D
15 28 10 6 U
15 29 13 29 L
15 30 14 30 L
15 31 5 7 U
15 32 14 32 L
15 33 5 22 D
15 34 14 34 L
16 0 12 16 R
16 1 15 1 U
16 2 9 10 R
16 3 13 28 L
16 4 7 4 U
16 5 12 9 R
16 6 12 6 U
16 7 18 7 U
16 8 10 8 U
16 9 10 1 U
16 10 6 32 L
16 11 16 11 R
16 12 13 19 D
16 13 8 25 D
16 14 3 4 U
16 15 17 15 R
16 16 15 26 D
16 17 20 17 R
16 18 12 34 L
16 19 16 10 R
16 20 12 9 R
16 21 13 12 R
16 22 12 3 U
16 23 17 23 D
16 24 18 15 R
16 25 12 25 D
16 26 15 9 R
16 27 12 22 D
16 28 2 13 R
16 29 4 18 D
16 30 15 25 D
16 31 13 18 D
16 32 13 32 L
16 33 12 26 D
16 34 15 34 L
17 0 15 11 R
17 1 11 30 L
17 2 16 27 L
17 3 15 11 R
17 4 20 26 D
17 5 0 26 D
17 6 0 15 R
17 7 6 7 U
17 8 14 28 L
17 9 16 0 U
17 10 16 23 D
17 11 15 5 U
17 12 14 2 U
17 13 17 19 D
17 14 19 14 R
17 15 19 7 U
17 18 12 14 R
17 19 16 12 R
17 20 15 11 R
17 21 13 6 U
17 22 13 33 L
17 23 14 23 D
17 24 19 24 D
17 25 19 10 R
17 26 16 26 D
17 27 0 22 D
17 28 0 6 U
17 29 0 0 U
17 30 3 26 D
17 31 18 31 L
17 32 7 4 U
17 33 16 33 L
17 34 17 17 R
18 0 0 13 R
18 1 17 1 U
18 2 17 14 R
18 3 18 3 U
18 4 18 4 U
18 5 6 19 D
18 6 16 6 U
18 7 11 7 U
18 8 12 8 U
18 9 17 22 D
18 10 16 28 L
18 11 0 23 D
18 12 19 2 U
18 13 16 13 R
18 14 19 27 L
18 15 18 15 R
18 18 8 10 R
18 19 17 19 D
18 20 15 20 D
18 21 18 21 D
18 22 17 29 L
18 23 12 34 L
18 24 18 24 D
18 25 15 31 L
18 26 3 28 L
18 27 8 26 D
18 28 11 28 L
18 29 0 7 U
18 30 10 2 U
18 31 15 31 L
18 32 16 32 L
18 33 11 7 U
18 34 4 34 L
19 0 17 12 R
19 1 18 1 U
19 2 11 15 R
19 3 17 3 U
19 4 17 4 U
19 5 22 5 U
19 6 17 6 U
19 7 3 7 U
19 8 6 12 R
19 9 12 6 U
19 10 0 25 D
19 11 2 24 D
19 13 17 13 R
19 14 10 21 D
19 15 19 15 R
19 18 16 30 L
19 19 16 19 D
19 20 17 33 L
19 21 20 21 D
19 22 9 22 D
19 23 13 23 D
19 24 17 24 D
19 25 15 17 R
19 26 17 29 L
19 27 18 3 U
19 28 17 28 L
19 29 16 29 L
19 30 0 8 U
19 31 15 23 D
19 32 17 32 L
19 33 19 1 U
19 34 5 34 L
20 0 19 30 L
20 1 12 27 L
20 2 8 20 D
20 3 21 13 R
20 4 19 30 L
20 5 18 14 R
20 6 3 33 L
20 7 14 14 R
20 8 18 8 U
20 9 20 7 U
20 10 20 4 U
20 11 17 21 D
20 13 18 18 D
20 14 15 14 R
20 15 22 2 U
20 18 20 9 R
20 19 3 9 R
20 20 21 3 U
20 21 13 21 D
20 22 10 32 L
20 23 19 29 L
20 24 1 11 R
20 25 20 25 D
20 26 0 9 R
20 27 16 0 U
20 28 9 22 D
20 29 9 19 D
20 30 19 30 L
20 31 17 31 L
20 32 3 1 U
20 33 21 33 L
20 34 14 19 D
21 0 13 31 L
21 1 17 29 L
21 2 18 2 U
21 3 20 3 U
21 4 19 4 U
21 5 18 18 D
21 6 20 10 R
21 9 17 8 U
21 10 19 5 U
21 13 18 13 R
21 14 20 6 U
21 15 24 15 R
21 18 21 18 D
21 19 19 32 L
21 20 21 20 D
21 21 11 11 R
21 22 15 22 D
21 24 20 24 D
21 25 19 25 D
21 26 1 26 D
21 27 17 25 D
21 28 18 28 L
21 29 3 5 U
21 30 9 20 D
21 31 19 31 L
21 32 21 24 D
21 33 19 33 L
21 34 20 34 L
22 0 22 28 L
22 1 18 28 L
22 2 0 22 D
22 3 7 3 U
22 4 17 27 L
22 5 21 5 U
22 6 21 6 U
22 9 10 5 U
22 13 18 24 D
22 14 12 14 R
22 15 23 15 R
22 18 18 34 L
22 19 20 27 L
22 20 17 14 R
22 21 3 6 U
22 22 23 29 L
22 24 0 33 L
22 26 12 26 D
22 27 20 20 D
22 28 19 4 U
22 29 17 5 U
22 30 11 15 R
22 33 0 1 U
22 34 18 34 L
23 0 23 12 R
23 1 21 1 U
23 2 24 2 U
23 3 2 3 U
23 4 21 4 U
23 5 24 5 U
23 6 21 29 L
23 9 24 0 U
23 13 21 13 R
23 14 22 3 U
23 15 12 15 R
23 18 21 27 L
23 20 21 0 U
23 21 23 21 D
23 22 23 22 D
23 24 20 9 R
23 26 4 26 D
23 27 1 26 D
23 28 13 28 L
23 29 11 24 D
23 30 23 30 L
23 33 20 33 L
24 0 14 30 L
24 2 23 2 U
24 3 22 3 U
24 5 23 5 U
24 9 24 9 R
24 14 20 14 R
24 18 20 18 D
24 20 24 20 D
24 22 22 22 D
24 24 21 24 D
24 27 23 0 U
24 28 22 28 L
24 29 24 3 U
24 30 22 30 L
24 33 18 33 L
25 0 21 9 R
25 9 1 20 D
25 20 20 20 D
25 30 21 30 L
26 0 4 0 U
26 30 20 30 L

