33 36 973
15 23 5 23 20 14 27 0 0 10 19 4 11 14 15 24 7
0 0 9 16 9 13 28 0 0 0 29 0 17 19 22 0 15
2 21 0 0 16 24 22 22 24 26 6 2 0 9 0 9 0
28 31 29 30 3 12 29 27 12 31 0 22 21 18 0 5 14
0 12 27 24 0 0 13 19 24 20 0 24 22 0 0 0 16
26 0 27 0 0 0 0 4 26 3 27 16 23 0 0 12 12
0 12 1 12 20 0 23 6 30 0 29 19 0 22 3 0 10
0 0 0 0 30 27 0 0 27 27 22 25 0 6 21 0 0
29 22 28 0 0 25 24 20 0 25 10 10 10 23 20 0 19
0 0 0 0 0 0 1 6 22 21 29 0 28 0 25 27 6
0 15 32 0 27 27 8 1 27 0 17 2 24 18 25 19 0
23 9 31 0 23 0 19 21 0 0 0 25 0 21 23 19 6
0 0 30 0 19 22 26 25 21 0 28 27 26 25 0 0 0
0 9 0 28 6 0 2 7 29 18 27 26 17 0 0 7 6
28 22 21 17 0 0 0 20 19 0 0 0 0 0 0 0 18
25 30 0 0 0 29 0 0 27 0 0 0 0 0 0 28 0
26 0 0 0 0 0 0 0 0 0 0 0 0 0 0 19 0
0 0 0 0 L
0 1 0 1 L
0 2 0 2 L
0 3 0 3 L
0 4 0 4 L
0 5 0 5 L
0 6 0 6 L
0 7 0 7 L
0 8 0 8 L
0 9 0 9 R
0 10 0 10 R
0 11 0 11 R
0 12 0 12 R
0 13 0 13 R
0 14 0 14 R
0 15 0 15 R
0 16 0 16 R
0 17 0 17 R
0 18 0 18 D
0 19 0 19 D
0 20 0 20 D
0 21 0 21 D
0 22 0 22 D
0 23 0 23 D
0 24 0 24 D
0 25 0 25 D
0 26 0 26 D
0 27 0 27 U
0 28 0 28 U
0 29 0 29 U
0 30 0 30 U
0 31 0 31 U
0 32 0 32 U
0 33 0 33 U
0 34 0 34 U
0 35 0 35 U
1 0 14 27 U
1 1 5 28 U
1 2 21 2 L
1 3 0 21 D
1 4 10 4 L
1 5 3 34 U
1 6 3 6 L
1 7 5 7 L
1 8 2 8 L
1 9 0 35 U
1 10 6 19 D
1 11 18 22 D
1 12 0 1 L
1 13 0 30 U
1 14 0 18 D
1 15 22 15 R
1 16 21 18 D
1 17 2 17 R
1 18 0 1 L
1 19 23 2 L
1 20 5 20 D
1 21 4 21 D
1 22 21 12 R
1 23 24 23 D
1 24 3 17 R
1 25 4 25 D
1 26 2 26 D
1 27 0 10 R
1 28 20 4 L
1 29 20 12 R
1 30 0 6 L
1 31 15 31 U
1 32 5 32 U
1 33 0 24 D
1 34 14 14 R
1 35 2 35 U
2 0 9 30 U
2 1 8 29 U
2 2 11 31 U
2 3 18 28 U
2 4 0 30 U
2 5 7 34 U
2 6 1 6 L
2 7 15 27 U
2 8 7 8 L
2 9 0 18 D
2 10 1 27 U
2 11 0 28 U
2 12 24 12 R
2 13 24 29 U
2 14 3 14 R
2 15 10 15 R
2 16 9 16 R
2 17 1 17 R
2 18 25 10 R
2 19 9 19 D
2 20 0 31 U
2 21 7 21 D
2 22 7 22 D
2 23 13 11 R
2 24 0 33 U
2 25 6 25 D
2 26 1 16 R
2 27 4 1 L
2 28 18 28 U
2 29 3 11 R
2 30 3 30 U
2 31 1 1 L
2 32 15 12 R
2 33 3 13 R
2 34 0 2 L
2 35 7 35 U
3 0 20 25 D
3 1 2 1 L
3 2 7 32 U
3 3 15 32 U
3 4 6 4 L
3 5 10 20 D
3 6 7 22 D
3 7 8 7 L
3 8 14 33 U
3 9 12 18 D
3 10 22 29 U
3 11 4 31 U
3 12 10 4 L
3 13 0 4 L
3 14 4 14 R
3 15 8 15 R
3 16 0 6 L
3 17 4 17 R
3 18 0 11 R
3 19 8 11 R
3 20 9 3 L
3 21 16 21 D
3 22 1 22 D
3 23 0 10 R
3 24 4 12 R
3 25 4 25 D
3 26 24 16 R
3 27 0 19 D
3 28 24 11 R
3 29 5 2 L
3 30 0 22 D
3 31 12 31 U
3 32 20 5 L
3 33 7 33 U
3 34 2 34 U
3 35 4 35 U
4 0 5 18 D
4 1 10 27 U
4 2 18 2 L
4 3 2 3 L
4 4 3 4 L
4 5 10 5 L
4 6 19 34 U
4 7 11 32 U
4 8 2 8 L
4 9 20 21 D
4 10 10 26 D
4 11 23 11 R
4 12 22 29 U
4 13 16 3 L
4 14 0 33 U
4 15 18 15 R
4 16 2 16 R
4 17 1 17 R
4 18 5 9 R
4 19 1 33 U
4 20 5 20 D
4 21 15 21 D
4 22 5 22 D
4 23 6 23 D
4 24 5 24 D
4 25 19 14 R
4 26 1 26 D
4 27 0 14 R
4 28 11 1 L
4 29 2 29 U
4 30 2 2 L
4 31 9 1 L
4 32 7 32 U
4 33 6 33 U
4 34 6 34 U
4 35 6 35 U
5 0 7 31 U
5 1 4 34 U
5 2 23 20 D
5 3 21 3 L
5 4 21 22 D
5 5 0 12 R
5 6 13 26 D
5 7 2 7 L
5 8 11 31 U
5 9 8 20 D
5 10 19 28 U
5 11 14 23 D
5 12 18 32 U
5 13 9 24 D
5 14 2 14 R
5 15 0 3 L
5 16 2 16 R
5 17 8 33 U
5 18 19 9 R
5 19 21 29 U
5 20 0 12 R
5 21 4 21 D
5 22 1 22 D
5 23 3 23 D
5 24 12 11 R
5 25 11 11 R
5 26 12 26 D
5 27 11 10 R
5 28 14 28 U
5 29 15 9 R
5 30 11 30 U
5 31 4 31 U
5 32 3 32 U
5 33 8 33 U
5 34 3 34 U
5 35 21 14 R
6 0 14 21 D
6 1 16 31 U
6 2 4 30 U
6 3 1 23 D
6 4 12 23 D
6 5 1 5 L
6 6 0 26 D
6 7 2 35 U
6 8 25 32 U
6 9 4 9 R
6 10 0 27 U
6 11 13 11 R
6 12 13 8 L
6 13 9 13 R
6 14 9 14 R
6 15 19 15 R
6 16 1 16 R
6 17 7 23 D
6 18 5 12 R
6 19 5 19 D
6 20 1 20 D
6 21 0 32 U
6 22 22 15 R
6 23 2 23 D
6 24 7 31 U
6 25 8 25 D
6 26 15 26 D
6 27 7 6 L
6 28 0 6 L
6 29 0 2 L
6 30 11 9 R
6 31 3 31 U
6 32 4 32 U
6 33 2 4 L
6 34 5 34 U
6 35 14 13 R
7 0 0 31 U
7 1 28 1 L
7 2 9 29 U
7 3 17 30 U
7 4 15 21 D
7 5 16 30 U
7 6 14 18 D
7 7 17 28 U
7 8 25 28 U
7 9 14 27 U
7 10 2 35 U
7 11 21 19 D
7 12 2 25 D
7 13 4 21 D
7 14 0 19 D
7 15 4 15 R
7 16 12 16 R
7 17 4 17 R
7 18 4 10 R
7 19 9 19 D
7 20 21 17 R
7 21 2 13 R
7 22 11 3 L
7 23 12 14 R
7 24 3 24 D
7 25 2 25 D
7 26 4 5 L
7 27 1 27 U
7 28 2 9 R
7 29 3 29 U
7 30 12 2 L
7 31 4 11 R
7 32 15 9 R
7 33 13 16 R
7 34 6 34 U
7 35 1 35 U
8 0 0 19 D
8 1 10 1 L
8 2 9 2 L
8 3 11 27 U
8 4 10 33 U
8 5 3 29 U
8 6 4 6 L
8 7 2 7 L
8 8 6 8 L
8 9 12 19 D
8 10 7 34 U
8 11 4 11 R
8 12 6 20 D
8 13 0 31 U
8 14 5 22 D
8 15 9 33 U
8 16 0 26 D
8 17 4 17 R
8 18 4 13 R
8 19 6 16 R
8 20 24 20 D
8 21 0 17 R
8 22 9 22 D
8 23 13 12 R
8 24 18 4 L
8 25 9 5 L
8 26 7 26 D
8 27 5 1 L
8 28 7 22 D
8 29 16 5 L
8 30 1 30 U
8 31 13 31 U
8 32 0 11 R
8 33 15 12 R
8 34 2 34 U
8 35 1 35 U
9 0 2 0 L
9 1 0 18 D
9 2 11 18 D
9 3 8 3 L
9 4 3 4 L
9 5 15 25 D
9 6 8 23 D
9 7 11 7 L
9 8 3 8 L
9 9 12 9 R
9 10 2 1 L
9 11 0 29 U
9 12 14 24 D
9 13 1 28 U
9 14 8 19 D
9 15 18 15 R
9 16 1 16 R
9 17 6 17 R
9 18 16 10 R
9 19 0 0 L
9 20 21 4 L
9 21 25 30 U
9 22 13 5 L
9 23 18 5 L
9 24 6 24 D
9 25 2 25 D
9 26 26 26 D
9 27 0 18 D
9 28 7 19 D
9 29 0 21 D
9 30 20 12 R
9 31 24 31 U
9 32 5 32 U
9 33 1 33 U
9 34 22 13 R
9 35 3 14 R
10 0 2 31 U
10 1 12 1 L
10 2 0 29 U
10 3 3 30 U
10 4 2 21 D
10 5 0 30 U
10 6 6 6 L
10 7 22 7 L
10 8 3 24 D
10 9 0 0 L
10 10 11 10 R
10 11 4 11 R
10 12 0 20 D
10 13 4 30 U
10 14 5 14 R
10 15 4 15 R
10 16 16 16 R
10 17 6 6 L
10 18 14 9 R
10 19 18 0 L
10 20 15 13 R
10 21 16 12 R
10 22 8 13 R
10 23 13 23 D
10 24 3 24 D
10 25 24 13 R
10 26 19 16 R
10 27 5 11 R
10 28 15 5 L
10 29 0 11 R
10 30 9 13 R
10 31 4 10 R
10 32 6 10 R
10 33 0 20 D
10 34 13 34 U
10 35 6 15 R
11 0 15 0 L
11 1 10 1 L
11 2 18 21 D
11 3 0 34 U
11 4 3 34 U
11 5 24 25 D
11 6 9 6 L
11 7 17 33 U
11 9 19 4 L
11 10 14 10 R
11 11 0 4 L
11 12 1 26 D
11 13 4 13 R
11 14 24 14 R
11 15 10 15 R
11 16 8 33 U
11 17 9 35 U
11 18 27 2 L
11 19 25 6 L
11 20 3 20 D
11 21 27 4 L
11 22 5 22 D
11 23 3 23 D
11 24 15 24 D
11 25 15 25 D
11 26 2 26 D
11 27 3 27 U
11 28 3 28 U
11 29 2 3 L
11 30 6 4 L
11 31 6 31 U
11 32 20 32 U
11 33 4 33 U
11 34 24 34 U
11 35 14 2 L
12 0 17 0 L
12 1 10 25 D
12 2 0 33 U
12 3 21 22 D
12 4 4 4 L
12 5 10 26 D
12 6 26 33 U
12 7 10 30 U
12 9 9 0 L
12 10 3 34 U
12 11 3 28 U
12 12 15 22 D
12 13 20 30 U
12 14 0 3 L
12 15 24 19 D
12 16 0 7 L
12 17 8 1 L
12 18 23 18 D
12 19 10 19 D
12 20 17 20 D
12 21 4 2 L
12 22 5 10 R
12 23 25 11 R
12 24 3 24 D
12 25 11 15 R
12 26 10 27 U
12 27 15 7 L
12 28 10 5 L
12 29 26 1 L
12 30 24 30 U
12 31 4 31 U
12 32 14 9 R
12 33 6 5 L
12 34 17 17 R
12 35 13 35 U
13 0 14 18 D
13 1 6 1 L
13 2 21 29 U
13 3 10 28 U
13 4 14 4 L
13 5 14 5 L
13 6 5 19 D
13 7 7 18 D
13 8 14 23 D
13 9 2 3 L
13 10 6 30 U
13 11 1 23 D
13 12 4 21 D
13 13 2 29 U
13 14 3 22 D
13 15 4 15 R
13 16 1 16 R
13 17 21 0 L
13 18 0 10 R
13 19 11 19 D
13 20 0 27 U
13 21 17 21 D
13 22 19 9 R
13 23 16 15 R
13 24 19 24 D
13 25 1 25 D
13 26 11 29 U
13 27 0 7 L
13 28 1 6 L
13 29 2 12 R
13 30 4 30 U
13 31 9 12 R
13 32 6 32 U
13 33 0 26 D
13 34 15 34 U
13 35 5 16 R
14 0 16 20 D
14 1 0 27 U
14 2 2 10 R
14 3 10 20 D
14 4 13 19 D
14 5 15 5 L
14 6 5 24 D
14 7 10 20 D
14 8 19 8 L
14 9 13 9 R
14 10 13 10 R
14 11 13 20 D
14 12 1 12 R
14 13 4 13 R
14 14 10 14 R
14 15 24 27 U
14 16 0 23 D
14 17 8 21 D
14 18 0 9 R
14 19 20 10 R
14 20 1 12 R
14 21 5 21 D
14 22 13 22 D
14 23 23 23 D
14 24 18 15 R
14 25 13 12 R
14 26 0 14 R
14 27 0 0 L
14 28 9 10 R
14 29 5 15 R
14 30 21 16 R
14 31 18 0 L
14 32 9 14 R
14 33 4 13 R
14 34 13 16 R
14 35 17 11 R
15 0 26 22 D
15 1 3 24 D
15 2 13 22 D
15 3 18 29 U
15 4 4 29 U
15 5 21 5 L
15 6 5 22 D
15 7 14 21 D
15 9 4 18 D
15 10 4 10 R
15 11 20 19 D
15 12 3 28 U
15 13 20 13 R
15 14 9 18 D
15 15 8 15 R
15 16 9 4 L
15 17 16 20 D
15 18 2 1 L
15 19 0 3 L
15 20 0 28 U
15 21 2 9 R
15 22 7 22 D
15 24 5 24 D
15 25 12 15 R
15 26 16 26 D
15 27 16 2 L
15 28 6 28 U
15 29 24 29 U
15 30 12 30 U
15 31 11 4 L
15 32 3 17 R
15 33 21 33 U
15 34 13 34 U
15 35 6 35 U
16 0 19 35 U
16 1 3 20 D
16 2 0 11 R
16 3 1 30 U
16 4 2 27 U
16 5 2 35 U
16 6 10 6 L
16 7 0 22 D
16 9 2 24 D
16 10 22 26 D
16 11 2 11 R
16 12 11 4 L
16 13 5 5 L
16 14 14 1 L
16 15 19 18 D
16 16 3 5 L
16 17 2 2 L
16 18 10 16 R
16 19 14 10 R
16 20 19 14 R
16 21 11 1 L
16 22 6 11 R
16 23 17 23 D
16 24 5 24 D
16 25 5 25 D
16 26 0 5 L
16 27 18 3 L
16 28 15 3 L
16 29 3 29 U
16 30 0 13 R
16 31 6 9 R
16 32 5 32 U
16 33 7 18 D
16 34 10 0 L
16 35 4 35 U
17 0 0 25 D
17 1 10 26 D
17 2 18 25 D
17 3 18 10 R
17 4 13 26 D
17 5 21 31 U
17 6 6 34 U
17 7 2 30 U
17 9 23 28 U
17 10 0 2 L
17 11 16 2 L
17 12 0 22 D
17 13 0 3 L
17 14 7 24 D
17 15 1 15 R
17 16 19 16 R
17 17 19 17 R
17 18 2 9 R
17 19 19 19 D
17 20 7 20 D
17 21 3 21 D
17 22 7 22 D
17 24 9 8 L
17 25 3 25 D
17 26 7 26 D
17 27 13 1 L
17 28 0 1 L
17 29 12 0 L
17 30 5 13 R
17 31 24 3 L
17 32 13 32 U
17 33 0 12 R
17 34 6 0 L
17 35 6 35 U
18 0 25 13 R
18 1 8 19 D
18 2 4 2 L
18 3 6 3 L
18 4 11 4 L
18 5 7 32 U
18 6 11 6 L
18 7 7 34 U
18 9 4 23 D
18 10 4 10 R
18 11 3 11 R
18 12 2 27 U
18 13 7 13 R
18 14 0 2 L
18 15 21 29 U
18 16 19 16 R
18 17 27 7 L
18 18 3 15 R
18 19 6 15 R
18 20 14 12 R
18 21 9 10 R
18 22 13 7 L
18 24 27 9 R
18 25 8 25 D
18 26 15 13 R
18 27 14 14 R
18 28 6 9 R
18 29 0 5 L
18 30 7 30 U
18 31 1 31 U
18 32 6 9 R
18 33 26 4 L
18 34 14 7 L
18 35 10 35 U
19 0 6 32 U
19 1 12 35 U
19 2 22 2 L
19 3 26 34 U
19 4 9 4 L
19 5 4 5 L
19 6 2 6 L
19 7 9 7 L
19 8 25 8 L
19 9 15 31 U
19 10 16 22 D
19 11 4 11 R
19 12 14 12 R
19 13 5 13 R
19 14 26 33 U
19 15 0 7 L
19 16 9 16 R
19 17 9 17 R
19 18 23 0 L
19 19 5 3 L
19 20 18 8 L
19 21 13 21 D
19 22 2 17 R
19 23 18 10 R
19 24 20 24 D
19 25 4 25 D
19 26 22 10 R
19 27 1 2 L
19 28 12 28 U
19 29 16 29 U
19 30 8 20 D
19 31 2 31 U
19 32 23 32 U
19 33 8 12 R
19 34 29 10 R
20 0 23 11 R
20 1 1 26 D
20 2 1 28 U
20 3 1 3 L
20 4 25 4 L
20 5 5 10 R
20 6 6 6 L
20 7 6 20 D
20 8 26 8 L
20 9 0 19 D
20 10 16 21 D
20 11 4 11 R
20 12 13 21 D
20 13 5 13 R
20 14 9 14 R
20 15 4 15 R
20 16 2 16 R
20 17 22 17 R
20 18 14 35 U
20 19 21 15 R
20 20 1 20 D
20 21 18 14 R
20 22 11 22 D
20 23 9 33 U
20 24 8 24 D
20 25 0 6 L
20 26 22 26 D
20 27 4 15 R
20 28 21 5 L
20 29 7 12 R
20 30 0 3 L
20 31 24 31 U
20 32 11 32 U
20 33 17 33 U
20 34 18 8 L
21 0 0 9 R
21 1 10 32 U
21 2 0 32 U
21 3 2 3 L
21 4 16 18 D
21 5 4 25 D
21 6 20 20 D
21 9 25 31 U
21 10 0 5 L
21 11 17 33 U
21 12 19 12 R
21 13 22 26 D
21 14 17 18 D
21 15 15 28 U
21 16 3 25 D
21 17 9 17 R
21 18 8 14 R
21 19 23 19 D
21 20 6 28 U
21 21 0 5 L
21 22 4 22 D
21 24 17 16 R
21 25 7 1 L
21 26 7 12 R
21 27 0 21 D
21 28 23 6 L
21 29 22 13 R
21 30 11 15 R
21 31 0 12 R
21 32 14 11 R
21 33 17 21 D
21 34 10 34 U
21 35 16 6 L
22 0 3 0 L
22 1 2 1 L
22 2 4 35 U
22 3 7 18 D
22 4 26 4 L
22 5 26 27 U
22 6 20 32 U
22 7 15 7 L
22 8 7 18 D
22 9 23 27 U
22 10 23 24 D
22 11 4 11 R
22 12 21 23 D
22 13 10 3 L
22 14 11 24 D
22 15 4 15 R
22 16 19 7 L
22 17 1 17 R
22 18 9 1 L
22 19 5 15 R
22 20 0 2 L
22 21 7 11 R
22 22 0 11 R
22 24 18 24 D
22 25 24 9 R
22 27 13 3 L
22 28 20 28 U
22 29 19 29 U
22 30 3 30 U
22 31 14 17 R
22 32 7 32 U
22 33 2 33 U
22 34 26 12 R
22 35 16 9 R
23 0 3 33 U
23 1 5 18 D
23 2 20 24 D
23 3 17 10 R
23 4 1 4 L
23 5 2 5 L
23 6 4 6 L
23 8 10 30 U
23 9 19 35 U
23 11 26 27 U
23 12 14 12 R
23 13 15 27 U
23 14 1 14 R
23 15 15 6 L
23 16 1 16 R
23 18 17 11 R
23 19 2 7 L
23 20 10 16 R
23 21 12 21 D
23 22 16 13 R
23 24 28 14 R
23 25 17 25 D
23 27 12 4 L
23 28 6 28 U
23 29 6 3 L
23 30 13 9 R
23 31 13 10 R
23 32 20 32 U
23 33 7 10 R
23 34 0 0 L
23 35 5 35 U
24 0 22 34 U
24 1 21 23 D
24 2 18 2 L
24 3 1 3 L
24 5 17 18 D
24 6 1 35 U
24 7 19 29 U
24 8 7 20 D
24 10 20 35 U
24 11 11 32 U
24 12 4 12 R
24 13 0 7 L
24 14 17 0 L
24 15 9 30 U
24 16 8 16 R
24 18 5 13 R
24 19 2 8 L
24 20 9 2 L
24 21 3 0 L
24 22 3 22 D
24 24 4 24 D
24 25 20 25 D
24 27 17 27 U
24 28 22 14 R
24 29 0 9 R
24 30 22 8 L
24 31 5 31 U
24 32 25 13 R
24 33 2 33 U
24 34 8 34 U
25 0 5 33 U
25 1 16 13 R
25 2 4 2 L
25 3 3 3 L
25 4 21 29 U
25 5 2 5 L
25 6 1 33 U
25 11 0 23 D
25 12 14 12 R
25 13 12 13 R
25 14 0 27 U
25 15 9 15 R
25 16 0 8 L
25 18 15 27 U
25 19 4 13 R
25 20 27 11 R
25 21 9 30 U
25 22 17 22 D
25 24 1 24 D
25 25 22 16 R
25 27 2 6 L
25 28 17 3 L
25 30 4 30 U
25 31 26 31 U
25 32 20 14 R
25 33 8 33 U
25 34 3 7 L
26 0 20 9 R
26 1 1 1 L
26 2 3 31 U
26 3 5 24 D
26 5 5 21 D
26 11 2 30 U
26 13 25 19 D
26 14 9 14 R
26 15 14 4 L
26 16 0 31 U
26 18 5 3 L
26 19 19 12 R
26 20 12 7 L
26 21 23 5 L
26 22 19 17 R
26 23 18 15 R
26 24 15 24 D
26 25 14 25 D
26 27 17 9 R
26 28 5 28 U
26 30 13 11 R
26 31 0 19 D
26 32 1 32 U
26 33 11 33 U
26 34 3 12 R
26 35 16 35 U
27 0 16 24 D
27 1 4 1 L
27 11 18 25 D
27 13 25 13 R
27 14 3 14 R
27 15 17 6 L
27 16 11 16 R
27 19 22 9 R
27 20 28 2 L
27 21 13 21 D
27 22 11 22 D
27 24 13 24 D
27 25 3 25 D
27 27 13 10 R
27 30 23 30 U
27 31 15 31 U
27 33 26 33 U
28 1 26 30 U
28 11 10 34 U
28 13 4 2 L
28 14 4 14 R
28 15 1 15 R
28 16 1 6 L
28 20 9 29 U
28 21 17 17 R
28 22 26 22 D
28 24 26 24 D
28 30 1 15 R
28 31 11 31 U
29 1 18 20 D
29 11 23 0 L
29 13 4 13 R
29 14 18 30 U
29 15 6 15 R
29 16 16 16 R
29 21 27 21 D
29 22 25 16 R
29 24 5 24 D
30 1 15 21 D
30 14 2 14 R
30 15 8 15 R
30 16 1 16 R
30 22 0 32 U
31 1 3 1 L
31 15 10 15 R
31 22 23 22 D
32 22 23 22 D

