31 57 1678
26 16 23 14 24 23 12 23 0 5 17 14 11 11 0 13 15 28 17
0 30 25 0 0 0 28 27 3 19 18 0 0 23 4 20 20 0 0
0 0 17 2 1 18 24 0 15 20 20 16 24 3 7 14 0 0 0
0 18 25 0 22 23 28 28 21 0 0 24 28 11 27 0 28 0 0
0 30 24 25 24 21 24 4 23 0 0 0 0 22 27 13 16 0 0
0 24 29 30 22 6 21 20 27 0 27 18 21 0 15 3 15 0 0
0 19 5 26 21 20 7 18 0 25 17 25 26 20 29 20 15 15 0
0 29 25 0 22 30 7 18 0 18 8 30 29 27 27 0 0 26 0
0 28 0 29 20 19 24 9 26 27 0 30 0 0 0 22 18 25 0
0 0 0 27 0 28 0 29 0 0 28 0 0 27 30 23 19 0 0
0 17 0 0 21 4 1 0 19 19 13 0 24 17 20 0 21 0 0
0 17 0 23 26 16 18 30 26 11 3 30 30 0 29 0 28 19 0
0 14 0 27 18 5 25 0 5 10 28 6 28 0 0 24 7 18 18
0 0 0 14 20 25 3 29 25 11 0 19 18 0 23 25 24 14 9
0 0 0 27 28 29 0 0 0 0 30 0 0 27 27 26 0 25 27
0 0 0 20 20 2 9 19 25 29 28 19 30 11 18 27 0 17 4
27 18 24 27 0 25 0 2 0 27 0 20 0 0 11 27 29 7 9
24 0 23 0 13 14 0 2 3 12 20 4 14 13 20 0 27 29 28
1 13 16 17 26 23 0 22 0 8 29 18 13 30 0 18 29 12 24
0 0 0 0 U
0 1 0 1 U
0 2 0 2 U
0 3 0 3 U
0 4 0 4 U
0 5 0 5 U
0 6 0 6 U
0 7 0 7 U
0 8 0 8 U
0 9 0 9 U
0 10 0 10 U
0 11 0 11 U
0 12 0 12 U
0 13 0 13 U
0 14 0 14 U
0 15 0 15 R
0 16 0 16 R
0 17 0 17 R
0 18 0 18 R
0 19 0 19 R
0 20 0 20 R
0 21 0 21 R
0 22 0 22 R
0 23 0 23 R
0 24 0 24 R
0 25 0 25 R
0 26 0 26 R
0 27 0 27 R
0 28 0 28 R
0 29 0 29 D
0 30 0 30 D
0 31 0 31 D
0 32 0 32 D
0 33 0 33 D
0 34 0 34 D
0 35 0 35 D
0 36 0 36 D
0 37 0 37 D
0 38 0 38 D
0 39 0 39 D
0 40 0 40 D
0 41 0 41 D
0 42 0 42 D
0 43 0 43 D
0 44 0 44 L
0 45 0 45 L
0 46 0 46 L
0 47 0 47 L
0 48 0 48 L
0 49 0 49 L
0 50 0 50 L
0 51 0 51 L
0 52 0 52 L
0 53 0 53 L
0 54 0 54 L
0 55 0 55 L
0 56 0 56 L
1 0 0 15 R
1 1 0 45 L
1 2 0 44 L
1 3 0 46 L
1 4 0 47 L
1 5 0 19 R
1 6 1 49 L
1 7 0 21 R
1 8 2 50 L
1 9 0 37 D
1 10 0 24 R
1 11 0 55 L
1 12 1 25 R
1 13 4 54 L
1 14 1 49 L
1 15 0 44 L
1 16 0 29 D
1 17 0 31 D
1 18 0 47 L
1 19 1 4 U
1 20 3 35 D
1 21 2 36 D
1 22 0 8 U
1 23 0 53 L
1 24 1 39 D
1 25 1 40 D
1 26 0 35 D
1 27 3 53 L
1 28 13 3 U
1 29 1 15 R
1 30 0 1 U
1 31 0 0 U
1 32 0 17 R
1 33 3 18 R
1 34 0 3 U
1 35 0 49 L
1 36 0 5 U
1 37 0 7 U
1 38 1 52 L
1 39 2 9 U
1 40 2 56 L
1 41 0 23 R
1 42 1 18 R
1 43 5 20 R
1 44 0 0 U
1 45 0 29 D
1 46 2 32 D
1 47 0 3 U
1 48 2 19 R
1 49 1 33 D
1 50 0 36 D
1 51 1 37 D
1 52 0 22 R
1 53 0 8 U
1 54 2 37 D
1 55 0 9 U
1 56 3 39 D
2 0 0 16 R
2 1 2 1 U
2 2 3 17 R
2 3 0 18 R
2 4 0 48 L
2 5 0 20 R
2 6 3 6 U
2 7 1 51 L
2 8 3 8 U
2 9 0 53 L
2 10 1 10 U
2 11 3 11 U
2 12 1 12 U
2 13 2 13 U
2 14 7 14 U
2 15 0 30 D
2 16 0 31 D
2 17 1 17 R
2 18 1 18 R
2 19 3 19 R
2 20 1 6 U
2 21 2 21 R
2 22 0 38 D
2 23 1 23 R
2 24 2 24 R
2 25 2 25 R
2 26 5 13 U
2 27 1 27 R
2 28 14 28 R
2 29 0 0 U
2 30 1 30 D
2 31 2 31 D
2 32 0 2 U
2 33 1 33 D
2 34 3 34 D
2 35 1 35 D
2 36 2 36 D
2 37 0 23 R
2 38 2 38 D
2 39 2 39 D
2 40 1 40 D
2 41 2 41 D
2 42 2 42 D
2 43 3 43 D
2 44 0 1 U
2 45 0 30 D
2 46 3 46 L
2 47 2 34 D
2 48 2 48 L
2 49 0 20 R
2 50 3 50 L
2 51 3 51 L
2 52 2 22 R
2 53 2 9 U
2 54 2 54 L
2 55 3 55 L
2 56 2 56 L
3 0 1 16 R
3 1 1 1 U
3 2 2 2 U
3 3 1 3 U
3 4 1 4 U
3 5 0 49 L
3 6 2 6 U
3 7 3 7 U
3 8 2 52 L
3 9 0 54 L
3 10 1 24 R
3 11 5 45 L
3 12 0 29 D
3 13 4 13 U
3 14 4 14 U
3 15 2 15 R
3 16 0 1 U
3 17 0 32 D
3 18 0 33 D
3 19 0 4 U
3 20 3 5 U
3 21 1 21 R
3 22 1 22 R
3 23 3 12 U
3 24 2 11 U
3 25 4 30 D
3 26 3 26 R
3 27 7 27 R
3 28 10 28 R
3 29 0 15 R
3 30 0 2 U
3 31 3 45 L
3 32 3 32 D
3 33 0 5 U
3 34 2 50 L
3 35 2 35 D
3 36 3 20 R
3 37 1 10 U
3 38 1 38 D
3 39 0 10 U
3 40 2 40 D
3 41 3 41 D
3 42 3 42 D
3 43 5 43 D
3 44 3 29 D
3 45 0 16 R
3 46 2 46 L
3 47 3 47 L
3 48 3 4 U
3 49 0 34 D
3 50 3 7 U
3 51 2 51 L
3 52 3 52 L
3 53 6 30 D
3 54 3 54 L
3 55 5 34 D
3 56 11 29 D
4 0 1 0 U
4 1 3 46 L
4 2 4 48 L
4 3 0 44 L
4 4 4 18 R
4 5 3 50 L
4 6 0 33 D
4 7 0 36 D
4 8 0 26 R
4 9 5 49 L
4 10 5 10 U
4 11 2 11 U
4 12 4 12 U
4 13 6 44 L
4 14 5 14 U
4 15 3 31 D
4 16 0 2 U
4 17 5 1 U
4 18 3 2 U
4 19 0 12 U
4 20 0 45 L
4 21 4 2 U
4 22 0 5 U
4 23 3 7 U
4 24 2 42 D
4 25 5 25 R
4 26 5 26 R
4 27 6 27 R
4 28 15 28 R
4 29 1 47 L
4 30 0 0 U
4 31 1 19 R
4 32 0 25 R
4 33 0 22 R
4 34 0 20 R
4 35 4 51 L
4 36 1 55 L
4 37 7 48 L
4 38 0 53 L
4 39 5 39 D
4 40 3 15 R
4 41 1 41 D
4 42 4 42 D
4 43 2 43 D
4 44 0 12 U
4 45 5 33 D
4 46 0 41 D
4 47 2 1 U
4 48 2 0 U
4 49 0 43 D
4 50 4 39 D
4 51 0 21 R
4 52 4 6 U
4 53 5 53 L
4 54 2 39 D
4 55 1 55 L
4 56 1 56 L
5 0 3 35 D
5 1 0 17 R
5 2 2 17 R
5 3 4 3 U
5 4 3 21 R
5 5 4 19 R
5 6 5 23 R
5 7 4 7 U
5 8 4 8 U
5 9 0 40 D
5 10 4 10 U
5 11 4 11 U
5 12 1 41 D
5 13 3 13 U
5 14 1 14 U
5 15 0 0 U
5 16 4 47 L
5 17 2 17 R
5 18 2 3 U
5 19 5 33 D
5 20 0 48 L
5 21 3 4 U
5 22 4 5 U
5 23 5 23 R
5 24 5 24 R
5 25 4 25 R
5 26 5 36 D
5 27 7 2 U
5 28 6 28 R
5 29 0 16 R
5 30 1 16 R
5 31 0 4 U
5 32 4 32 D
5 33 5 52 L
5 34 4 34 D
5 35 4 35 D
5 36 0 50 L
5 37 6 37 D
5 38 7 47 L
5 39 5 8 U
5 40 3 40 D
5 41 0 15 R
5 42 5 47 L
5 43 0 13 U
5 44 4 42 D
5 45 0 11 U
5 46 1 4 U
5 47 5 31 D
5 48 0 6 U
5 49 3 38 D
5 50 5 50 L
5 51 4 51 L
5 52 8 33 D
5 53 7 53 L
5 54 9 30 D
5 55 4 55 L
5 56 11 56 L
6 0 4 44 L
6 1 1 51 L
6 2 4 29 D
6 3 4 17 R
6 4 6 46 L
6 5 10 41 D
6 6 0 29 D
6 7 7 7 U
6 8 7 8 U
6 9 12 9 U
6 10 6 23 R
6 11 4 42 D
6 12 12 18 R
6 13 6 13 U
6 14 3 14 U
6 15 0 42 D
6 16 7 4 U
6 17 1 43 D
6 18 3 39 D
6 19 2 46 L
6 20 8 41 D
6 21 4 29 D
6 22 9 49 L
6 23 6 34 D
6 24 5 11 U
6 25 3 0 U
6 26 5 37 D
6 27 0 44 L
6 28 13 28 R
6 29 4 25 R
6 30 6 7 U
6 31 3 46 L
6 32 4 55 L
6 33 0 7 U
6 34 4 45 L
6 35 7 50 L
6 36 6 36 D
6 37 7 37 D
6 38 6 38 D
6 39 0 27 R
6 40 4 40 D
6 41 9 53 L
6 42 0 9 U
6 43 6 43 D
6 44 0 15 R
6 45 3 32 D
6 46 0 10 U
6 47 5 16 R
6 48 0 18 R
6 49 6 37 D
6 50 6 2 U
6 51 0 40 D
6 52 7 52 L
6 53 6 53 L
6 54 7 54 L
6 55 0 0 U
6 56 12 56 L
7 0 0 25 R
7 1 3 1 U
7 2 2 47 L
7 3 0 53 L
7 4 2 51 L
7 5 9 41 D
7 6 10 6 U
7 7 5 7 U
7 8 0 31 D
7 9 10 9 U
7 10 4 27 R
7 11 5 11 U
7 12 13 12 U
7 13 7 18 R
7 14 8 50 L
7 15 5 3 U
7 16 7 16 R
7 17 3 17 R
7 18 3 13 U
7 19 8 19 R
7 20 8 20 R
7 21 3 21 R
7 22 11 22 R
7 23 7 23 R
7 24 6 24 R
7 25 7 10 U
7 26 4 26 R
7 27 9 27 R
7 28 15 12 U
7 29 1 45 L
7 30 7 30 D
7 31 0 47 L
7 32 0 8 U
7 33 5 33 D
7 34 7 34 D
7 35 6 35 D
7 36 4 36 D
7 37 3 37 D
7 38 7 38 D
7 39 4 39 D
7 40 5 40 D
7 41 9 23 R
7 42 9 19 R
7 43 4 43 D
7 44 3 1 U
7 45 0 35 D
7 46 7 8 U
7 47 5 38 D
7 48 6 1 U
7 49 7 49 L
7 50 4 0 U
7 51 0 16 R
7 52 8 52 L
7 53 4 53 L
7 54 9 54 L
7 55 8 3 U
7 56 8 56 L
8 0 0 32 D
8 1 7 52 L
8 2 5 39 D
8 3 3 3 U
8 4 7 4 U
8 5 10 21 R
8 6 7 6 U
8 7 6 24 R
8 8 6 45 L
8 9 6 9 U
8 10 10 51 L
8 11 3 49 L
8 12 16 12 U
8 13 7 45 L
8 14 6 14 U
8 15 7 35 D
8 16 3 30 D
8 17 6 36 D
8 18 10 18 R
8 19 4 19 R
8 20 10 20 R
8 21 8 5 U
8 22 13 33 D
8 23 8 1 U
8 24 4 31 D
8 25 0 43 D
8 26 0 13 U
8 27 2 27 R
8 28 12 8 U
8 29 0 19 R
8 30 4 15 R
8 31 3 26 R
8 32 6 46 L
8 33 7 33 D
8 34 4 17 R
8 35 0 21 R
8 36 5 53 L
8 37 0 44 L
8 38 6 48 L
8 39 3 48 L
8 40 5 47 L
8 41 10 53 L
8 42 9 42 D
8 43 0 14 U
8 44 8 14 U
8 45 0 32 D
8 46 3 8 U
8 47 2 4 U
8 48 8 48 L
8 49 4 49 L
8 50 9 2 U
8 51 8 51 L
8 52 8 12 U
8 53 6 32 D
8 54 0 41 D
8 55 8 55 L
8 56 12 6 U
9 0 8 27 R
9 1 5 24 R
9 2 6 29 D
9 3 8 35 D
9 4 8 19 R
9 5 7 27 R
9 6 6 30 D
9 7 6 17 R
9 8 6 49 L
9 9 2 9 U
9 10 9 10 U
9 11 10 11 U
9 12 0 19 R
9 13 8 13 U
9 14 9 54 L
9 15 8 0 U
9 16 1 42 D
9 17 2 33 D
9 18 9 36 D
9 19 0 48 L
9 20 5 20 R
9 21 9 37 D
9 22 6 22 R
9 23 9 7 U
9 24 7 31 D
9 25 6 40 D
9 26 10 26 R
9 27 8 3 U
9 28 16 28 R
9 29 6 23 R
9 30 8 50 L
9 31 8 15 R
9 32 10 15 R
9 33 10 16 R
9 34 6 34 D
9 35 9 17 R
9 36 8 27 R
9 37 0 4 U
9 38 8 38 D
9 39 7 18 R
9 40 7 40 D
9 41 0 51 L
9 42 6 42 D
9 43 10 50 L
9 44 6 34 D
9 45 5 13 U
9 46 7 11 U
9 47 4 38 D
9 48 8 13 U
9 49 0 39 D
9 50 10 1 U
9 51 3 43 D
9 52 9 31 D
9 53 10 10 U
9 54 10 54 L
9 55 10 55 L
9 56 0 20 R
10 0 9 0 U
10 1 9 33 D
10 2 9 55 L
10 3 10 3 U
10 4 6 4 U
10 5 7 53 L
10 6 2 26 R
10 7 9 20 R
10 8 8 8 U
10 9 7 55 L
10 10 14 38 D
10 11 9 11 U
10 12 7 12 U
10 13 10 46 L
10 14 10 14 U
10 15 2 45 L
10 16 9 32 D
10 17 6 37 D
10 18 8 18 R
10 19 8 6 U
10 20 4 20 R
10 21 10 21 R
10 22 10 22 R
10 23 10 7 U
10 24 7 35 D
10 25 0 32 D
10 26 8 26 R
10 27 7 5 U
10 28 15 37 D
10 29 0 52 L
10 30 7 44 L
10 31 10 31 D
10 32 8 32 D
10 33 8 23 R
10 34 9 50 L
10 35 4 48 L
10 36 9 36 D
10 37 10 37 D
10 38 10 38 D
10 39 8 39 D
10 40 8 40 D
10 41 11 44 L
10 42 8 42 D
10 43 10 43 D
10 44 1 6 U
10 45 8 4 U
10 46 10 35 D
10 47 9 32 D
10 48 10 2 U
10 49 10 29 D
10 50 7 5 U
10 51 4 5 U
10 52 6 52 L
10 53 10 53 L
10 54 6 21 R
10 55 6 55 L
10 56 13 56 L
11 0 7 27 R
11 1 11 17 R
11 2 9 32 D
11 3 6 3 U
11 4 2 24 R
11 5 14 20 R
11 6 12 56 L
11 7 3 45 L
11 8 0 22 R
11 9 5 9 U
11 10 16 10 U
11 11 8 48 L
11 12 0 30 D
11 13 28 17 R
11 14 11 14 U
11 15 6 14 U
11 16 9 0 U
11 17 6 0 U
11 18 10 1 U
11 19 7 14 U
11 20 9 10 U
11 21 9 21 R
11 22 7 22 R
11 23 12 1 U
11 24 7 24 R
11 25 13 25 R
11 26 2 54 L
11 27 11 27 R
11 28 11 28 R
11 29 11 45 L
11 30 2 22 R
11 31 7 52 L
11 32 12 45 L
11 33 13 15 R
11 34 10 27 R
11 35 5 21 R
11 36 12 49 L
11 37 7 54 L
11 38 11 55 L
11 39 7 14 U
11 40 0 16 R
11 41 11 41 D
11 42 11 27 R
11 43 10 23 R
11 44 8 41 D
11 45 11 15 R
11 46 9 43 D
11 47 11 4 U
11 48 9 37 D
11 49 11 49 L
11 50 6 36 D
11 51 7 3 U
11 52 15 5 U
11 53 13 33 D
11 54 11 54 L
11 55 10 18 R
11 56 16 56 L
12 0 10 44 L
12 1 7 30 D
12 2 11 22 R
12 3 10 51 L
12 4 0 32 D
12 5 13 24 R
12 6 0 15 R
12 7 7 21 R
12 8 13 45 L
12 9 4 9 U
12 10 15 10 U
12 11 10 52 L
12 12 10 12 U
12 13 26 13 U
12 14 3 24 R
12 15 0 9 U
12 16 0 7 U
12 17 12 17 R
12 18 7 42 D
12 19 13 2 U
12 20 14 33 D
12 21 10 43 D
12 22 12 0 U
12 23 2 39 D
12 24 13 24 R
12 25 7 25 R
12 26 6 26 R
12 27 9 31 D
12 28 0 46 L
12 29 10 20 R
12 30 8 55 L
12 31 11 31 D
12 32 12 19 R
12 33 13 33 D
12 34 12 47 L
12 35 0 15 R
12 36 13 36 D
12 37 11 54 L
12 38 12 38 D
12 39 11 39 D
12 40 9 40 D
12 41 11 49 L
12 42 7 42 D
12 43 12 54 L
12 44 9 11 U
12 45 1 45 L
12 46 8 38 D
12 47 13 5 U
12 48 16 5 U
12 49 13 1 U
12 50 9 50 L
12 51 9 51 L
12 52 14 33 D
12 53 12 53 L
12 54 12 2 U
12 55 11 55 L
12 56 15 56 L
13 0 3 22 R
13 1 11 29 D
13 2 12 30 D
13 3 12 3 U
13 4 13 4 U
13 5 13 5 U
13 6 11 6 U
13 7 11 7 U
13 8 11 20 R
13 9 11 9 U
13 10 12 10 U
13 11 11 11 U
13 12 3 12 U
13 13 25 13 U
13 14 12 45 L
13 15 12 47 L
13 16 0 56 L
13 17 12 31 D
13 18 13 4 U
13 19 13 19 R
13 20 0 37 D
13 21 7 4 U
13 22 7 3 U
13 23 4 23 R
13 24 10 5 U
13 25 8 25 R
13 26 11 26 R
13 27 10 35 D
13 28 17 28 R
13 29 12 22 R
13 30 11 46 L
13 31 13 19 R
13 32 13 26 R
13 33 6 6 U
13 34 11 34 D
13 35 6 19 R
13 36 10 36 D
13 37 2 45 L
13 38 11 23 R
13 39 13 39 D
13 40 0 17 R
13 41 15 41 D
13 42 10 42 D
13 43 11 43 D
13 44 2 3 U
13 45 12 9 U
13 46 7 6 U
13 47 13 12 U
13 48 17 48 L
13 49 15 33 D
13 50 14 32 D
13 51 8 37 D
13 52 14 52 L
13 53 13 53 L
13 54 11 34 D
13 55 13 36 D
13 56 15 33 D
14 0 9 30 D
14 1 14 21 R
14 2 12 44 L
14 3 9 15 R
14 4 12 50 L
14 5 15 5 U
14 6 12 50 L
14 7 1 52 L
14 8 15 8 U
14 9 1 38 D
14 10 14 29 D
14 11 12 11 U
14 12 12 12 U
14 13 24 13 U
14 14 11 17 R
14 15 13 31 D
14 16 13 29 D
14 17 14 17 R
14 18 13 18 R
14 19 7 0 U
14 20 13 8 U
14 21 4 55 L
14 22 12 6 U
14 23 14 5 U
14 24 12 24 R
14 25 12 25 R
14 26 14 10 U
14 27 16 37 D
14 28 17 1 U
14 29 12 15 R
14 30 13 46 L
14 31 8 16 R
14 32 0 14 U
14 33 14 49 L
14 34 15 34 D
14 35 10 23 R
14 36 6 16 R
14 37 9 37 D
14 38 12 55 L
14 39 11 0 U
14 40 6 40 D
14 41 14 41 D
14 42 1 53 L
14 43 7 49 L
14 44 14 1 U
14 45 7 41 D
14 46 4 3 U
14 47 14 9 U
14 48 18 48 L
14 49 9 31 D
14 50 15 50 L
14 51 6 51 L
14 52 12 52 L
14 53 8 29 D
14 54 15 7 U
14 55 14 55 L
14 56 14 56 L
15 0 12 16 R
15 1 13 22 R
15 2 12 2 U
15 3 13 3 U
15 4 0 26 R
15 5 13 32 D
15 6 9 22 R
15 7 15 7 U
15 8 11 8 U
15 9 3 17 R
15 10 16 16 R
15 11 13 11 U
15 12 15 12 U
15 13 22 13 U
15 14 19 14 U
15 15 6 42 D
15 16 13 30 D
15 17 12 9 U
15 18 14 18 R
15 19 9 19 R
15 20 8 8 U
15 21 14 34 D
15 22 14 2 U
15 23 5 48 L
15 24 14 39 D
15 25 3 25 R
15 26 2 26 R
15 27 12 27 R
15 28 18 28 R
15 29 8 18 R
15 30 14 44 L
15 31 9 46 L
15 32 12 23 R
15 33 14 52 L
15 34 16 45 L
15 35 14 35 D
15 36 8 36 D
15 37 9 51 L
15 38 14 38 D
15 39 15 39 D
15 40 12 40 D
15 41 13 41 D
15 42 11 42 D
15 43 8 43 D
15 44 15 20 R
15 45 14 7 U
15 46 8 1 U
15 47 16 3 U
15 48 13 48 L
15 49 12 49 L
15 50 13 50 L
15 51 5 51 L
15 52 9 52 L
15 53 7 7 U
15 54 12 54 L
15 55 14 34 D
15 56 15 29 D
16 0 13 15 R
16 1 8 44 L
16 2 14 56 L
16 3 15 46 L
16 4 11 53 L
16 5 15 34 D
16 6 2 54 L
16 7 12 28 R
16 8 13 47 L
16 9 13 28 R
16 10 3 56 L
16 11 20 51 L
16 12 10 48 L
16 13 23 13 U
16 14 19 55 L
16 15 15 10 U
16 16 16 11 U
16 17 6 7 U
16 18 12 4 U
16 19 14 35 D
16 20 0 10 U
16 21 15 21 R
16 22 19 8 U
16 23 9 23 R
16 24 16 24 R
16 26 14 26 R
16 27 10 27 R
16 28 12 35 D
16 29 14 50 L
16 30 0 26 R
16 31 15 10 U
16 32 7 2 U
16 33 7 25 R
16 34 11 28 R
16 35 15 35 D
16 36 16 3 U
16 37 16 37 D
16 38 15 38 D
16 39 17 53 L
16 40 15 40 D
16 41 0 56 L
16 42 18 56 L
16 43 12 43 D
16 44 14 0 U
16 45 15 31 D
16 46 1 41 D
16 47 0 29 D
16 48 15 29 D
16 49 3 30 D
16 50 8 43 D
16 51 4 28 R
16 52 7 30 D
16 53 6 40 D
16 54 17 30 D
16 55 12 30 D
16 56 5 56 L
17 0 16 27 R
17 1 7 15 R
17 2 16 28 R
17 3 7 16 R
17 4 22 45 L
17 5 2 48 L
17 6 13 49 L
17 7 10 27 R
17 8 17 50 L
17 9 0 30 D
17 10 10 54 L
17 11 21 11 U
17 12 17 12 U
17 13 25 30 D
17 14 16 14 U
17 15 18 32 D
17 16 15 40 D
17 17 2 44 L
17 18 18 47 L
17 19 13 50 L
17 20 15 20 R
17 21 9 38 D
17 22 19 22 R
17 23 0 31 D
17 24 17 24 R
17 26 21 43 D
17 27 4 27 R
17 28 12 41 D
17 29 4 3 U
17 30 6 15 R
17 31 9 10 U
17 32 13 0 U
17 33 0 12 U
17 34 17 14 U
17 35 18 55 L
17 36 12 36 D
17 37 8 50 L
17 38 17 45 L
17 39 18 39 D
17 40 1 47 L
17 41 15 18 R
17 42 15 42 D
17 43 15 51 L
17 44 3 31 D
17 45 5 20 R
17 46 2 12 U
17 47 17 47 L
17 48 14 48 L
17 49 18 2 U
17 50 15 12 U
17 51 6 1 U
17 52 18 34 D
17 53 14 0 U
17 54 17 54 L
17 55 16 14 U
17 56 5 21 R
18 0 13 17 R
18 1 9 56 L
18 2 17 32 D
18 3 11 53 L
18 4 21 4 U
18 5 20 26 R
18 6 18 6 U
18 7 16 7 U
18 8 14 53 L
18 9 21 9 U
18 10 18 10 U
18 11 23 11 U
18 12 14 12 U
18 13 28 13 U
18 14 19 15 R
18 15 14 38 D
18 16 19 0 U
18 17 18 17 R
18 18 20 33 D
18 19 20 19 R
18 20 12 20 R
18 21 0 51 L
18 22 18 22 R
18 23 23 23 R
18 24 16 14 U
18 26 16 26 R
18 27 12 29 D
18 28 19 28 R
18 29 3 44 L
18 30 14 46 L
18 31 16 31 D
18 32 2 28 R
18 33 18 33 D
18 34 2 34 D
18 35 18 35 D
18 36 11 21 R
18 37 12 37 D
18 38 13 28 R
18 39 19 39 D
18 40 11 40 D
18 41 19 41 D
18 42 14 42 D
18 43 14 43 D
18 44 18 36 D
18 45 18 45 L
18 46 0 15 R
18 47 19 47 L
18 48 16 48 L
18 49 13 49 L
18 50 10 50 L
18 51 21 19 R
18 52 17 52 L
18 53 16 35 D
18 54 18 54 L
18 55 17 55 L
18 56 17 56 L
19 0 16 19 R
19 1 18 16 R
19 2 19 2 U
19 3 13 55 L
19 4 20 4 U
19 5 13 51 L
19 6 17 6 U
19 7 10 7 U
19 8 4 17 R
19 9 18 9 U
19 10 17 24 R
19 11 19 11 U
19 12 19 16 R
19 13 29 50 L
19 14 17 14 U
19 15 15 9 U
19 16 19 10 U
19 17 17 30 D
19 18 21 18 R
19 19 20 34 D
19 20 0 9 U
19 21 21 9 U
19 22 22 38 D
19 23 25 23 R
19 24 15 34 D
19 26 18 26 R
19 27 17 27 R
19 28 5 28 R
19 29 0 45 L
19 30 13 20 R
19 31 5 0 U
19 32 17 32 D
19 33 19 33 D
19 34 17 34 D
19 35 17 46 L
19 36 20 36 D
19 37 12 7 U
19 38 21 55 L
19 39 7 39 D
19 40 20 47 L
19 41 18 41 D
19 42 12 42 D
19 43 20 43 D
19 44 5 42 D
19 45 6 7 U
19 46 19 46 L
19 47 22 47 L
19 48 12 48 L
19 49 16 49 L
19 50 14 5 U
19 51 22 14 U
19 52 19 52 L
19 53 18 5 U
19 54 15 33 D
19 55 18 55 L
19 56 1 2 U
20 0 18 44 L
20 1 16 36 D
20 2 20 48 L
20 3 21 3 U
20 4 21 50 L
20 5 16 27 R
20 6 19 49 L
20 7 21 7 U
20 8 21 8 U
20 9 14 9 U
20 10 21 15 R
20 11 18 11 U
20 12 19 24 R
20 13 27 13 U
20 14 18 14 U
20 15 18 0 U
20 16 6 12 U
20 17 20 35 D
20 18 19 18 R
20 19 21 19 R
20 20 0 6 U
20 21 23 21 R
20 22 24 22 R
20 23 24 23 R
20 24 11 24 R
20 26 20 26 R
20 27 12 32 D
20 28 21 1 U
20 29 15 45 L
20 30 18 1 U
20 31 21 31 D
20 32 19 26 R
20 33 15 7 U
20 34 19 34 D
20 35 19 47 L
20 36 22 36 D
20 37 23 37 D
20 38 18 38 D
20 39 15 54 L
20 40 19 40 D
20 41 16 41 D
20 42 17 16 R
20 43 21 43 D
20 44 16 41 D
20 45 0 24 R
20 46 17 1 U
20 47 21 47 L
20 48 17 12 U
20 49 19 29 D
20 50 0 2 U
20 51 21 51 L
20 52 20 9 U
20 53 19 53 L
20 54 21 30 D
20 55 18 28 R
20 56 7 17 R
21 0 22 18 R
21 1 15 17 R
21 2 18 46 L
21 3 15 3 U
21 4 20 28 R
21 5 19 5 U
21 6 8 6 U
21 7 8 15 R
21 8 20 8 U
21 9 21 30 D
21 10 13 31 D
21 11 22 54 L
21 12 16 44 L
21 13 20 13 U
21 14 17 52 L
21 15 18 2 U
21 16 3 16 R
21 17 18 12 U
21 18 13 31 D
21 19 22 19 R
21 20 23 0 U
21 21 19 21 R
21 22 13 22 R
21 23 21 23 R
21 24 18 41 D
21 26 18 5 U
21 27 22 27 R
21 28 21 28 R
21 29 7 28 R
21 30 19 17 R
21 31 14 31 D
21 32 20 32 D
21 33 21 44 L
21 34 22 55 L
21 35 22 28 R
21 36 21 36 D
21 37 18 37 D
21 38 22 38 D
21 39 22 39 D
21 40 23 40 D
21 41 0 20 R
21 42 24 54 L
21 43 19 43 D
21 44 16 7 U
21 45 20 18 R
21 46 19 4 U
21 47 10 47 L
21 48 19 48 L
21 49 17 49 L
21 50 19 9 U
21 51 20 51 L
21 52 22 52 L
21 53 22 53 L
21 54 21 54 L
21 55 21 36 D
21 56 20 56 L
22 0 20 29 D
22 1 2 19 R
22 2 18 2 U
22 3 17 3 U
22 4 18 4 U
22 5 18 5 U
22 6 14 6 U
22 7 17 52 L
22 8 21 44 L
22 9 22 9 U
22 10 22 10 U
22 11 19 17 R
22 12 22 55 L
22 13 30 52 L
22 14 20 14 U
22 15 20 36 D
22 16 20 2 U
22 17 15 38 D
22 18 15 18 R
22 19 0 10 U
22 20 23 20 R
22 21 16 41 D
22 22 20 22 R
22 23 27 6 U
22 24 14 24 R
22 26 21 33 D
22 27 24 41 D
22 28 19 4 U
22 29 20 16 R
22 30 21 52 L
22 31 13 50 L
22 32 20 28 R
22 33 21 47 L
22 34 21 19 R
22 35 20 35 D
22 36 0 4 U
22 37 17 37 D
22 38 23 18 R
22 39 21 39 D
22 40 18 40 D
22 41 24 18 R
22 42 27 42 D
22 43 18 22 R
22 44 21 33 D
22 45 20 35 D
22 46 20 46 L
22 47 22 0 U
22 48 20 39 D
22 49 15 49 L
22 50 17 7 U
22 51 22 51 L
22 52 19 5 U
22 53 20 3 U
22 54 20 54 L
22 55 19 8 U
22 56 19 56 L
23 0 21 29 D
23 1 4 24 R
23 2 3 47 L
23 3 21 51 L
23 4 19 45 L
23 5 21 21 R
23 6 2 53 L
23 7 22 15 R
23 8 22 8 U
23 9 23 53 L
23 10 26 50 L
23 11 20 22 R
23 12 24 12 U
23 13 30 13 U
23 14 24 46 L
23 15 19 30 D
23 16 13 32 D
23 17 22 40 D
23 18 0 37 D
23 19 22 46 L
23 20 19 20 R
23 21 20 21 R
23 22 18 11 U
23 23 27 23 R
23 24 12 36 D
23 26 21 26 R
23 27 25 27 R
23 28 18 33 D
23 29 22 44 L
23 30 7 20 R
23 31 20 56 L
23 32 18 3 U
23 33 23 19 R
23 34 22 26 R
23 35 23 35 D
23 36 11 18 R
23 37 22 21 R
23 38 20 38 D
23 39 24 45 L
23 40 20 40 D
23 41 20 41 D
23 42 28 42 D
23 43 22 43 D
23 44 22 3 U
23 45 16 2 U
23 46 20 4 U
23 47 23 33 D
23 48 19 8 U
23 49 22 11 U
23 50 26 29 D
23 51 23 51 L
23 52 26 52 L
23 53 23 53 L
23 54 24 32 D
23 55 15 55 L
23 56 18 42 D
24 0 23 36 D
24 1 14 16 R
24 2 18 48 L
24 3 24 21 R
24 4 21 15 R
24 5 27 53 L
24 6 23 6 U
24 8 23 49 L
24 9 22 44 L
24 10 25 10 U
24 11 14 46 L
24 12 26 12 U
24 13 29 27 R
24 14 23 14 U
24 15 21 34 D
24 16 20 4 U
24 17 21 8 U
24 18 22 49 L
24 19 21 0 U
24 20 29 35 D
24 21 18 37 D
24 22 26 40 D
24 23 26 23 R
24 24 0 32 D
24 26 19 26 R
24 27 27 27 R
24 28 25 28 R
24 29 22 19 R
24 30 20 44 L
24 31 15 15 R
24 32 25 45 L
24 33 22 33 D
24 34 25 45 L
24 35 21 35 D
24 36 9 48 L
24 37 26 52 L
24 38 24 38 D
24 39 29 17 R
24 40 4 49 L
24 41 17 41 D
24 42 26 42 D
24 44 23 6 U
24 45 24 30 D
24 46 24 39 D
24 47 17 11 U
24 48 23 48 L
24 49 23 49 L
24 50 21 50 L
24 51 19 14 U
24 52 1 52 L
24 53 16 43 D
24 54 24 54 L
24 55 26 31 D
24 56 24 56 L
25 0 22 29 D
25 1 0 51 L
25 2 23 26 R
25 3 15 48 L
25 4 22 17 R
25 5 24 5 U
25 6 24 30 D
25 8 25 52 L
25 9 24 9 U
25 10 24 10 U
25 11 22 11 U
25 12 18 12 U
25 13 29 49 L
25 14 8 54 L
25 15 26 30 D
25 16 1 16 R
25 17 24 2 U
25 18 25 31 D
25 19 23 11 U
25 20 30 20 R
25 21 19 50 L
25 22 24 4 U
25 23 18 3 U
25 24 20 0 U
25 26 19 35 D
25 27 28 27 R
25 28 23 4 U
25 29 25 17 R
25 30 25 30 D
25 31 26 22 R
25 32 0 0 U
25 33 25 23 R
25 34 26 34 D
25 35 24 35 D
25 36 26 18 R
25 37 24 37 D
25 38 23 38 D
25 39 24 39 D
25 40 0 44 L
25 41 25 18 R
25 42 25 42 D
25 44 18 32 D
25 45 24 0 U
25 46 0 14 U
25 47 4 36 D
25 48 21 31 D
25 49 22 10 U
25 50 25 50 L
25 51 11 9 U
25 52 0 28 R
25 53 26 34 D
25 54 23 2 U
25 55 21 55 L
25 56 23 56 L
26 0 25 29 D
26 1 25 54 L
26 2 25 2 U
26 3 0 47 L
26 4 25 28 R
26 5 23 5 U
26 6 26 6 U
26 8 24 8 U
26 9 26 52 L
26 10 23 10 U
26 11 23 23 R
26 12 20 12 U
26 15 24 33 D
26 16 23 16 R
26 17 26 38 D
26 18 24 18 R
26 19 10 34 D
26 20 29 20 R
26 21 28 21 R
26 22 28 3 U
26 23 19 23 R
26 24 29 13 U
26 26 22 26 R
26 28 24 40 D
26 29 19 4 U
26 30 24 30 D
26 31 12 11 U
26 32 27 32 D
26 33 21 56 L
26 34 25 34 D
26 35 25 35 D
26 36 5 4 U
26 37 25 37 D
26 38 23 16 R
26 39 28 39 D
26 41 27 41 D
26 42 24 42 D
26 44 20 22 R
26 45 25 0 U
26 46 11 3 U
26 47 19 17 R
26 48 8 34 D
26 49 24 6 U
26 50 23 50 L
26 51 25 10 U
26 52 27 52 L
26 53 26 53 L
26 54 25 9 U
26 55 20 55 L
26 56 29 42 D
27 0 17 28 R
27 1 26 23 R
27 2 27 15 R
27 3 16 23 R
27 4 25 15 R
27 5 27 5 U
27 6 24 15 R
27 8 27 8 U
27 9 19 50 L
27 10 25 47 L
27 11 18 26 R
27 12 22 12 U
27 15 25 5 U
27 16 16 45 L
27 17 20 17 R
27 18 26 18 R
27 19 28 39 D
27 20 27 20 R
27 21 26 21 R
27 22 30 22 R
27 23 22 13 U
27 24 25 36 D
27 26 22 13 U
27 28 20 28 R
27 29 22 46 L
27 30 24 51 L
27 31 21 54 L
27 32 2 32 D
27 33 18 20 R
27 34 27 34 D
27 35 29 46 L
27 36 26 48 L
27 37 26 37 D
27 39 29 39 D
27 41 28 41 D
27 42 25 5 U
27 44 22 12 U
27 45 26 22 R
27 46 19 3 U
27 47 27 47 L
27 48 0 30 D
27 49 29 6 U
27 50 17 33 D
27 51 26 51 L
27 52 20 52 L
27 53 27 53 L
27 54 26 35 D
27 55 19 55 L
27 56 29 56 L
28 0 27 23 R
28 2 27 2 U
28 3 14 34 D
28 4 28 19 R
28 5 26 5 U
28 6 26 44 L
28 8 29 8 U
28 9 20 9 U
28 10 26 55 L
28 12 26 16 R
28 15 26 2 U
28 16 28 16 R
28 17 20 47 L
28 18 0 49 L
28 19 28 19 R
28 20 28 20 R
28 21 29 39 D
28 22 28 22 R
28 23 17 23 R
28 24 30 24 R
28 26 23 26 R
28 29 0 6 U
28 30 26 56 L
28 31 27 31 D
28 32 25 48 L
28 33 25 33 D
28 34 24 44 L
28 35 30 35 D
28 37 26 19 R
28 39 14 39 D
28 41 29 41 D
28 44 24 44 L
28 45 12 41 D
28 46 28 36 D
28 47 23 42 D
28 48 30 0 U
28 49 30 49 L
28 50 28 50 L
28 51 26 37 D
28 52 24 12 U
28 53 3 53 L
28 54 28 54 L
28 55 28 31 D
28 56 26 8 U
29 0 29 24 R
29 2 21 33 D
29 5 23 23 R
29 6 25 6 U
29 8 30 48 L
29 9 29 9 U
29 12 27 51 L
29 15 27 15 R
29 16 24 29 D
29 17 24 45 L
29 18 22 18 R
29 19 27 12 U
29 20 25 20 R
29 21 30 21 R
29 22 27 22 R
29 23 15 31 D
29 26 27 26 R
29 29 27 16 R
29 30 29 19 R
29 31 20 49 L
29 32 23 32 D
29 33 20 33 D
29 34 28 21 R
29 35 3 9 U
29 39 29 21 R
29 41 28 53 L
29 44 27 44 L
29 45 21 10 U
29 46 30 46 L
29 47 29 3 U
29 48 18 43 D
29 49 29 49 L
29 50 29 8 U
29 51 29 51 L
29 52 20 2 U
29 53 29 35 D
29 54 27 29 D
29 56 21 13 U
30 0 28 0 U
30 2 18 22 R
30 5 25 56 L
30 6 30 48 L
30 9 7 9 U
30 12 28 12 U
30 15 28 29 D
30 16 28 4 U
30 17 24 13 U
30 18 25 30 D
30 19 27 19 R
30 20 22 32 D
30 21 29 21 R
30 22 2 22 R
30 23 27 34 D
30 29 27 5 U
30 30 28 16 R
30 31 28 47 L
30 32 26 20 R
30 33 27 33 D
30 44 19 31 D
30 45 25 40 D
30 46 28 46 L
30 47 30 47 L
30 48 30 24 R
30 49 26 49 L
30 50 27 33 D
30 51 28 51 L
30 52 29 52 L

