27 17 396
9 8 15 0 23 7 22 21 10 2 23 2
15 0 8 0 24 2 19 0 19 21 0 14
0 0 0 0 0 25 0 0 5 0 10 0
6 20 2 0 19 0 0 0 21 0 0 23
11 0 0 0 0 0 24 23 7 19 18 11
17 22 9 18 19 21 0 24 7 0 20 14
0 9 17 11 0 0 25 14 0 16 0 19
13 0 0 0 0 25 0 5 0 0 5 24
9 0 0 0 2 0 24 10 0 22 0 0
19 5 0 0 0 21 0 23 25 19 18 0
11 24 25 0 12 0 15 0 10 5 0 22
10 0 0 1 18 17 6 6 0 21 10 18
0 0 0 0 U
0 1 0 1 U
0 2 0 2 U
0 3 0 3 U
0 4 0 4 R
0 5 0 5 R
0 6 0 6 R
0 7 0 7 R
0 8 0 8 R
0 9 0 9 D
0 10 0 10 D
0 11 0 11 D
0 12 0 12 D
0 13 0 13 L
0 14 0 14 L
0 15 0 15 L
0 16 0 16 L
1 0 0 12 D
1 1 8 6 R
1 2 0 10 D
1 3 14 6 R
1 4 3 13 L
1 5 9 5 R
1 6 11 13 L
1 7 2 1 U
1 8 4 8 R
1 9 15 9 D
1 10 0 13 L
1 11 10 11 D
1 12 0 6 R
1 13 4 2 U
1 14 6 12 D
1 15 12 7 R
1 16 17 16 L
2 0 4 5 R
2 1 23 1 U
2 2 0 16 L
2 3 5 3 U
2 4 21 4 R
2 5 0 14 L
2 6 6 6 R
2 7 7 10 D
2 8 3 8 R
2 9 4 4 R
2 10 7 10 D
2 11 3 11 D
2 12 7 12 D
2 13 3 11 D
2 14 3 10 D
2 15 0 2 U
2 16 20 3 U
3 0 0 15 L
3 1 2 1 U
3 2 12 2 U
3 3 2 5 R
3 4 7 9 D
3 5 9 5 R
3 6 0 15 L
3 7 16 7 R
3 8 2 8 R
3 9 17 13 L
3 10 18 13 L
3 11 13 16 L
3 12 16 12 D
3 13 1 11 D
3 14 9 9 D
3 15 4 15 L
3 16 18 11 D
4 0 3 16 L
4 1 11 4 R
4 2 1 6 R
4 3 5 3 U
4 4 13 4 R
4 5 11 14 L
4 6 12 0 U
4 7 2 7 R
4 8 8 8 R
4 9 18 16 L
4 10 10 10 D
4 11 3 14 L
4 12 9 13 L
4 13 0 0 U
4 14 3 14 L
4 15 8 15 L
4 16 1 16 L
5 0 11 4 R
5 1 4 1 U
5 2 22 2 U
5 3 24 7 R
5 4 7 10 D
5 5 4 5 R
5 6 11 16 L
5 7 10 0 U
5 9 15 7 R
5 10 13 4 R
5 11 19 7 R
5 12 10 12 D
5 13 15 13 L
5 14 8 14 L
5 15 6 9 D
5 16 11 3 U
6 0 17 15 L
6 1 4 8 R
6 2 1 2 U
6 3 7 3 U
6 4 15 4 R
6 5 7 14 L
6 6 24 6 R
6 7 14 9 D
6 8 3 10 D
6 9 0 15 L
6 10 3 10 D
6 11 4 11 D
6 12 10 12 D
6 13 10 9 D
6 14 4 14 L
6 15 5 15 L
6 16 18 16 L
7 0 0 13 L
7 1 0 9 D
7 2 8 4 R
7 3 2 3 U
7 4 0 0 U
7 5 6 2 U
7 6 15 11 D
7 7 4 7 R
7 8 0 9 D
7 9 12 4 R
7 10 26 1 U
7 11 13 11 D
7 12 1 12 D
7 13 3 9 D
7 14 5 11 D
7 15 4 15 L
7 16 10 1 U
8 0 0 14 L
8 1 0 7 R
8 2 4 5 R
8 3 13 3 U
8 4 17 11 D
8 5 5 5 R
8 6 17 9 D
8 7 5 7 R
8 9 3 13 L
8 10 13 16 L
8 11 10 11 D
8 12 10 4 R
8 13 11 10 D
8 14 10 14 L
8 15 9 0 U
8 16 5 3 U
9 0 0 11 D
9 1 14 14 L
9 2 5 2 U
9 3 21 4 R
9 4 4 0 U
9 5 0 9 D
9 6 10 2 U
9 7 2 7 R
9 9 4 0 U
9 10 18 10 D
9 11 0 14 L
9 12 16 6 R
9 13 15 0 U
9 14 0 4 R
9 15 11 15 L
9 16 2 16 L
10 0 7 0 U
10 1 6 1 U
10 2 2 2 U
10 3 5 3 U
10 4 22 1 U
10 5 6 5 R
10 6 11 2 U
10 7 0 0 U
10 9 9 16 L
10 10 14 6 R
10 11 15 11 D
10 13 6 9 D
10 14 6 2 U
10 15 19 10 D
10 16 5 0 U
11 0 0 5 R
11 1 0 10 D
11 2 20 5 R
11 3 21 3 U
11 4 3 9 D
11 5 1 2 U
11 6 8 6 R
11 7 4 7 R
11 9 6 14 L
11 10 6 15 L
11 11 18 5 R
11 12 9 14 L
11 13 10 12 D
11 14 2 0 U
11 15 3 10 D
11 16 1 16 L
12 0 18 0 U
12 1 3 4 R
12 2 19 6 R
12 3 11 8 R
12 4 8 1 U
12 5 0 11 D
12 6 8 13 L
12 7 16 16 L
12 9 16 9 D
12 10 10 10 D
12 11 4 11 D
12 12 4 5 R
12 13 7 10 D
12 14 5 0 U
12 15 1 10 D
12 16 19 16 L
13 0 4 4 R
13 1 15 1 U
13 2 19 2 U
13 3 3 5 R
13 4 0 10 D
13 5 16 0 U
13 6 6 6 R
13 7 0 10 D
13 8 0 12 D
13 9 2 14 L
13 10 14 10 D
13 11 10 11 D
13 12 8 7 R
13 13 18 3 U
13 14 7 3 U
13 15 3 15 L
13 16 15 2 U
14 0 10 13 L
14 1 5 1 U
14 2 10 7 R
14 3 15 3 U
14 4 16 16 L
14 5 0 0 U
14 6 0 13 L
14 7 4 14 L
14 9 6 15 L
14 10 3 10 D
14 11 5 11 D
14 13 0 1 U
14 14 6 11 D
14 15 0 12 D
14 16 1 11 D
15 0 18 9 D
15 1 9 6 R
15 2 19 2 U
15 3 18 12 D
15 4 5 4 R
15 5 19 5 R
15 6 4 6 R
15 7 1 13 L
15 9 11 9 D
15 10 5 10 D
15 11 22 11 D
15 12 7 4 R
15 13 0 3 U
15 14 20 2 U
15 15 0 9 D
15 16 8 5 R
16 0 14 16 L
16 1 23 1 U
16 2 23 5 R
16 3 6 3 U
16 4 4 9 D
16 5 0 12 D
16 6 10 14 L
16 7 14 7 R
16 8 2 8 R
16 9 12 9 D
16 10 15 5 R
16 11 17 6 R
16 13 10 10 D
16 14 18 0 U
16 15 8 15 L
16 16 3 16 L
17 0 3 14 L
17 1 15 1 U
17 2 21 13 L
17 3 3 3 U
17 4 13 10 D
17 5 14 1 U
17 6 0 1 U
17 7 4 7 R
17 8 11 8 R
17 9 8 6 R
17 10 8 2 U
17 11 26 2 U
17 13 8 2 U
17 14 21 1 U
17 15 3 15 L
17 16 8 16 L
18 0 12 14 L
18 1 16 5 R
18 2 10 2 U
18 3 1 3 U
18 4 3 4 R
18 5 20 13 L
18 6 1 3 U
18 7 4 7 R
18 9 0 0 U
18 10 14 15 L
18 11 20 13 L
18 12 7 12 D
18 13 10 11 D
18 14 4 14 L
18 15 5 2 U
18 16 8 16 L
19 0 16 6 R
19 1 22 13 L
19 2 20 16 L
19 3 14 8 R
19 4 0 9 D
19 5 3 14 L
19 6 1 6 R
19 7 3 7 R
19 9 22 16 L
19 10 7 4 R
19 11 10 5 R
19 12 13 12 D
19 13 20 13 L
19 14 0 5 R
19 15 15 1 U
19 16 16 1 U
20 0 9 14 L
20 1 0 4 R
20 2 4 6 R
20 4 6 0 U
20 5 10 13 L
20 6 2 6 R
20 7 3 7 R
20 10 7 10 D
20 11 17 4 R
20 13 4 12 D
20 14 4 14 L
20 15 16 3 U
20 16 1 16 L
21 0 23 5 R
21 1 20 9 D
21 2 15 11 D
21 4 5 10 D
21 5 3 5 R
21 6 10 6 R
21 10 3 10 D
21 11 12 11 D
21 12 23 12 D
21 13 13 3 U
21 15 16 11 D
21 16 4 16 L
22 0 16 0 U
22 1 23 1 U
22 2 13 2 U
22 3 7 3 U
22 4 3 4 R
22 5 17 10 D
22 6 23 9 D
22 9 23 15 L
22 10 9 10 D
22 11 6 5 R
22 12 17 5 R
22 13 5 2 U
22 14 18 14 L
22 15 3 15 L
22 16 0 11 D
23 0 12 15 L
23 1 21 4 R
23 2 12 15 L
23 4 20 4 R
23 5 3 0 U
23 6 3 15 L
23 7 15 14 L
23 10 9 10 D
23 11 5 11 D
23 13 11 11 D
23 14 21 9 D
23 15 6 15 L
23 16 3 16 L
24 0 22 13 L
24 2 6 2 U
24 4 15 15 L
24 6 25 2 U
24 11 4 11 D
24 13 20 10 D
24 14 11 14 L
24 15 20 9 D
24 16 8 2 U
25 2 7 10 D
25 4 17 0 U
25 10 8 4 R
25 11 0 1 U
25 13 10 13 L
25 16 3 16 L
26 11 5 7 R
26 16 5 16 L

