11 8 73
0 0 0 0 0 6 0 0 0 0 0 0 1 0 0 0 0 1
0 0 0 0 0 0 0 3 0 0 0 0 0 0 0 0 0 0
0 0 0 0 0 7 0 9 0 0 0 0 2 0 0 0 0 0
0 0 0 0 0 7 3 0 2 0 0 0 1 0 0 0 0 1
0 3 0 0 5 0 0 0 0 0 0 0 0 0 0 0 0 0
0 0 0 0 0 0 0 0 0 0 0 7 0 0 0 0 10 0
0 0 0 0 0 0 0 0 0 1 0 0 0 0 5 0 0 6
0 0 0 0 0 0 0 0 0 0 0 0 0 0 0 0 0 0
0 0 0 0 0 0 0 0 0 0 0 0 0 0 0 0 0 0
1 3 0 0 1 0 4 0 0 1 0 0 0 0 0 0 0 1
0 0 0 0 3 0 2 0 0 0 2 0 0 0 0 2 0 0
0 3 0 1 5 0 0 0 2 0 6 0 5 0 0 0 0 0
0 0 0 0 0 6 0 0 0 0 0 0 0 0 7 0 0 4
1 0 5 0 0 0 0 0 0 0 0 1 0 0 8 0 0 0
0 0 0 0 1 2 0 0 0 0 0 0 4 0 0 0 0 0
0 0 10 0 0 0 0 0 0 2 0 0 0 0 0 2 0 0
0 0 0 1 0 6 0 0 0 0 0 0 0 0 1 0 0 0
0 0 9 0 0 0 1 0 0 2 0 0 0 0 0 0 2 0
0 0 0 0 L
0 1 0 1 L
0 2 0 2 R
0 3 0 3 R
0 4 0 4 D
0 5 0 5 D
0 6 0 6 U
0 7 0 7 U
1 0 0 4 D
1 1 0 7 U
1 2 0 5 D
1 3 0 0 L
1 4 0 2 R
1 5 0 0 L
1 6 1 3 R
1 7 0 2 R
2 0 0 6 U
2 1 4 6 U
2 2 0 7 U
2 3 0 4 D
2 4 0 1 L
2 5 1 0 L
2 6 1 6 U
2 7 0 3 R
3 0 3 4 D
3 1 0 2 R
3 2 1 5 D
3 3 4 3 R
3 4 1 6 U
3 5 0 3 R
3 6 0 4 D
3 7 2 2 R
4 0 2 0 L
4 1 4 5 D
4 2 0 1 L
4 3 3 5 D
4 4 4 4 D
4 5 2 1 L
4 6 5 3 R
4 7 2 7 U
5 0 1 4 D
5 1 2 3 R
5 2 1 4 D
5 3 1 7 U
5 4 3 4 D
5 5 5 3 R
5 6 5 6 U
5 7 1 1 L
6 0 2 6 U
6 1 7 7 U
6 2 6 6 U
6 3 3 3 R
6 4 1 1 L
6 5 1 5 D
6 6 4 2 R
6 7 7 2 R
7 0 0 5 D
7 1 7 1 L
7 2 4 5 D
7 4 9 2 R
7 5 6 5 D
7 6 7 3 R
7 7 8 7 U
8 0 8 4 D
8 4 5 4 D
8 5 2 5 D
8 6 7 6 U
8 7 1 2 R
9 0 6 0 L
9 4 0 7 U
9 6 6 6 U
10 4 8 4 D
10 6 0 0 L

