32 38 1028
0 17 28 10 15 7 7 6 7 19 2 6 17 9 21 0 0 9 5 4
11 24 26 29 9 23 0 25 0 0 0 31 30 9 30 13 29 22 29 27
25 27 26 0 0 17 18 25 0 31 0 2 20 0 0 0 6 0 0 17
0 18 0 17 10 26 26 0 27 0 25 0 0 28 0 3 21 0 25 6
24 15 28 0 8 27 9 18 5 0 0 0 0 20 1 0 18 27 0 18
30 0 0 26 7 1 0 21 24 20 24 20 18 0 0 0 11 0 0 10
0 14 29 27 1 0 0 0 0 0 25 11 26 0 0 25 0 0 0 0
31 28 0 28 10 1 9 22 0 0 0 2 3 6 0 19 9 0 0 6
17 0 28 29 30 0 23 29 25 19 0 0 0 10 28 0 26 18 0 0
21 0 0 4 20 18 22 25 0 7 18 19 0 25 20 0 0 0 0 11
14 5 23 1 1 27 0 6 0 0 0 13 0 29 6 2 20 25 24 17
24 19 0 0 4 13 0 0 9 0 0 22 1 0 6 9 0 12 23 0
0 26 4 23 22 0 0 0 0 13 25 0 21 30 20 10 0 1 18 0
0 0 30 28 0 29 0 0 21 0 17 0 0 15 0 0 14 24 0 2
27 6 2 0 0 20 7 0 27 0 15 22 10 26 24 27 0 6 13 14
14 25 0 0 2 14 0 14 25 1 0 24 0 25 26 13 0 0 0 0
25 30 0 0 0 0 0 0 0 0 0 0 30 15 22 21 0 0 0 0
16 23 0 0 0 0 0 0 0 25 18 11 19 21 0 4 11 0 0 0
17 25 0 0 0 0 0 0 0 22 0 0 16 19 4 0 4 0 20 12
10 13 0 0 0 0 0 0 0 0 21 0 0 6 0 0 0 12 2 8
0 0 0 0 U
0 1 0 1 U
0 2 0 2 U
0 3 0 3 U
0 4 0 4 U
0 5 0 5 U
0 6 0 6 U
0 7 0 7 U
0 8 0 8 U
0 9 0 9 R
0 10 0 10 R
0 11 0 11 R
0 12 0 12 R
0 13 0 13 R
0 14 0 14 R
0 15 0 15 R
0 16 0 16 R
0 17 0 17 R
0 18 0 18 R
0 19 0 19 D
0 20 0 20 D
0 21 0 21 D
0 22 0 22 D
0 23 0 23 D
0 24 0 24 D
0 25 0 25 D
0 26 0 26 D
0 27 0 27 D
0 28 0 28 L
0 29 0 29 L
0 30 0 30 L
0 31 0 31 L
0 32 0 32 L
0 33 0 33 L
0 34 0 34 L
0 35 0 35 L
0 36 0 36 L
0 37 0 37 L
1 0 10 9 R
1 1 3 1 U
1 2 15 16 R
1 3 2 3 U
1 4 11 4 U
1 5 6 5 U
1 6 12 33 L
1 7 11 7 U
1 8 6 8 U
1 9 0 22 D
1 10 28 21 D
1 11 13 0 U
1 12 19 12 R
1 13 2 36 L
1 14 16 14 R
1 15 10 19 D
1 16 4 16 R
1 17 11 19 D
1 18 9 18 R
1 19 12 15 R
1 20 16 33 L
1 21 4 21 D
1 22 19 16 R
1 23 7 23 D
1 24 13 24 D
1 25 6 25 D
1 26 17 35 L
1 27 9 27 D
1 28 0 24 D
1 29 11 29 L
1 30 9 30 L
1 31 0 21 D
1 32 7 20 D
1 33 3 33 L
1 34 2 4 U
1 35 14 23 D
1 36 17 3 U
1 37 17 7 U
2 0 8 13 R
2 1 15 9 R
2 2 8 36 L
2 3 0 25 D
2 4 16 14 R
2 5 5 5 U
2 6 14 15 R
2 7 4 7 U
2 8 20 8 U
2 9 10 19 D
2 10 18 4 U
2 11 8 23 D
2 12 3 19 D
2 13 0 23 D
2 14 1 14 R
2 15 7 15 R
2 16 4 16 R
2 17 7 17 R
2 18 5 18 R
2 19 17 29 L
2 20 1 20 D
2 21 16 11 R
2 22 1 22 D
2 23 19 23 D
2 24 12 12 R
2 25 20 15 R
2 26 8 32 L
2 27 6 27 D
2 28 0 19 D
2 29 7 2 U
2 30 0 21 D
2 31 5 31 L
2 32 23 32 L
2 33 22 26 D
2 34 10 34 L
2 35 0 23 D
2 36 7 36 L
2 37 12 37 L
3 0 4 31 L
3 1 4 1 U
3 2 0 30 L
3 3 1 14 R
3 4 8 36 L
3 5 13 5 U
3 6 6 6 U
3 7 4 7 U
3 8 13 31 L
3 9 12 19 D
3 10 5 10 R
3 11 0 3 U
3 12 4 12 R
3 13 8 13 R
3 14 19 27 D
3 15 8 15 R
3 16 2 16 R
3 17 12 17 R
3 18 6 27 D
3 19 5 28 L
3 20 5 29 L
3 21 12 33 L
3 22 5 22 D
3 23 0 1 U
3 24 17 24 D
3 25 1 25 D
3 26 5 12 R
3 27 0 13 R
3 28 0 1 U
3 29 6 22 D
3 30 0 3 U
3 31 19 31 L
3 32 8 2 U
3 33 4 33 L
3 34 17 34 L
3 35 2 35 L
3 36 9 36 L
3 37 14 5 U
4 0 10 0 U
4 1 26 12 R
4 2 8 9 R
4 3 1 3 U
4 4 15 31 L
4 5 2 9 R
4 6 13 14 R
4 7 11 28 L
4 8 20 28 L
4 9 19 2 U
4 10 14 19 D
4 11 8 21 D
4 12 0 32 L
4 13 18 13 R
4 14 17 14 R
4 15 14 15 R
4 16 27 16 R
4 17 6 17 R
4 18 8 18 R
4 19 8 36 L
4 20 20 31 L
4 21 19 29 L
4 22 9 22 D
4 23 8 35 L
4 24 8 14 R
4 25 8 10 R
4 26 10 26 D
4 27 0 29 L
4 28 5 26 D
4 29 11 19 D
4 30 3 30 L
4 31 9 31 L
4 32 0 2 U
4 33 11 33 L
4 34 2 34 L
4 35 12 35 L
4 36 18 36 L
4 37 2 37 L
5 0 0 29 L
5 1 0 19 D
5 2 0 20 D
5 3 7 23 D
5 4 16 37 L
5 5 0 25 D
5 6 2 6 U
5 7 15 7 U
5 8 11 8 U
5 9 0 0 U
5 10 1 10 R
5 11 1 11 R
5 12 12 23 D
5 13 0 8 U
5 14 0 29 L
5 15 2 15 R
5 16 6 27 D
5 17 7 26 D
5 18 6 18 R
5 19 16 13 R
5 20 3 2 U
5 21 0 30 L
5 22 0 12 R
5 23 0 35 L
5 24 21 35 L
5 25 19 25 D
5 26 10 11 R
5 27 14 6 U
5 28 24 2 U
5 29 3 29 L
5 30 0 14 R
5 31 2 31 L
5 32 0 22 D
5 33 13 22 D
5 34 8 34 L
5 35 2 35 L
5 36 16 7 U
5 37 17 1 U
6 0 8 16 R
6 1 0 20 D
6 2 0 31 L
6 3 15 3 U
6 4 9 4 U
6 5 22 5 U
6 6 1 6 U
6 7 5 7 U
6 8 1 8 U
6 9 0 19 D
6 10 0 7 U
6 11 0 8 U
6 12 0 20 D
6 13 10 24 D
6 14 4 14 R
6 15 13 22 D
6 16 16 16 R
6 17 3 17 R
6 18 10 18 R
6 19 0 0 U
6 20 0 10 R
6 21 1 21 D
6 22 19 32 L
6 23 12 32 L
6 24 1 24 D
6 25 8 25 D
6 26 1 4 U
6 27 0 6 U
6 28 1 0 U
6 29 8 10 R
6 30 4 30 L
6 31 0 23 D
6 32 1 32 L
6 33 9 33 L
6 34 1 34 L
6 35 5 35 L
6 36 22 36 L
6 37 4 37 L
7 0 14 17 R
7 1 0 14 R
7 2 5 2 U
7 3 0 32 L
7 4 10 4 U
7 5 22 11 R
7 6 6 6 U
7 7 0 17 R
7 8 5 8 U
7 9 9 27 D
7 10 2 10 R
7 11 18 11 R
7 12 4 12 R
7 13 5 13 R
7 14 4 23 D
7 15 11 23 D
7 16 26 21 D
7 17 2 17 R
7 18 9 36 L
7 19 18 34 L
7 20 15 20 D
7 21 0 0 U
7 22 17 14 R
7 23 15 30 L
7 24 14 10 R
7 25 3 25 D
7 26 2 26 D
7 27 9 12 R
7 28 3 0 U
7 29 9 20 D
7 30 3 30 L
7 31 2 2 U
7 32 9 32 L
7 33 4 23 D
7 34 12 5 U
7 35 0 7 U
7 36 12 24 D
7 37 2 8 U
8 0 20 9 R
8 1 21 10 R
8 2 22 29 L
8 3 6 11 R
8 4 16 10 R
8 5 2 5 U
8 6 11 16 R
8 7 0 35 L
8 8 13 11 R
8 9 17 7 U
8 10 13 0 U
8 11 23 2 U
8 12 19 12 R
8 13 1 0 U
8 14 2 14 R
8 15 23 15 R
8 16 9 2 U
8 17 18 17 R
8 18 1 18 R
8 19 3 9 R
8 20 4 32 L
8 21 0 37 L
8 22 22 28 L
8 23 6 23 D
8 24 0 17 R
8 25 3 33 L
8 26 5 36 L
8 27 6 27 D
8 28 11 21 D
8 29 9 29 L
8 30 15 2 U
8 31 7 19 D
8 32 16 32 L
8 33 14 33 L
8 34 4 20 D
8 35 0 25 D
8 36 7 36 L
8 37 4 5 U
9 0 18 10 R
9 1 0 28 L
9 2 13 11 R
9 3 14 15 R
9 4 0 22 D
9 5 0 31 L
9 6 2 6 U
9 7 7 28 L
9 8 0 32 L
9 9 0 4 U
9 10 4 10 R
9 11 2 11 R
9 12 22 21 D
9 13 4 13 R
9 14 6 7 U
9 15 14 8 U
9 16 25 16 R
9 17 7 4 U
9 18 0 26 D
9 19 6 0 U
9 20 18 30 L
9 21 15 34 L
9 22 0 11 R
9 23 17 23 D
9 24 3 24 D
9 25 15 25 D
9 26 13 26 D
9 27 17 27 D
9 28 7 28 L
9 29 12 2 U
9 30 17 23 D
9 31 4 25 D
9 32 21 32 L
9 33 4 33 L
9 34 2 34 L
9 35 0 13 R
9 36 0 27 D
9 37 22 21 D
10 0 17 28 L
10 1 9 36 L
10 2 0 28 L
10 3 0 21 D
10 4 3 4 U
10 5 22 14 R
10 6 1 6 U
10 7 21 33 L
10 8 7 8 U
10 9 16 1 U
10 10 0 21 D
10 11 4 11 R
10 12 4 5 U
10 13 9 13 R
10 14 6 14 R
10 16 3 16 R
10 17 16 21 D
10 18 18 18 R
10 19 23 33 L
10 20 19 30 L
10 21 0 32 L
10 22 0 34 L
10 23 0 5 U
10 24 1 24 D
10 25 8 33 L
10 26 19 18 R
10 27 7 27 D
10 28 8 0 U
10 29 18 19 D
10 30 6 30 L
10 31 13 31 L
10 32 0 4 U
10 33 0 5 U
10 34 16 22 D
10 35 7 18 R
10 36 14 36 L
10 37 9 37 L
11 0 0 28 L
11 1 22 32 L
11 2 2 30 L
11 3 18 35 L
11 4 3 4 U
11 5 1 33 L
11 6 0 10 R
11 7 0 15 R
11 8 13 37 L
11 9 10 0 U
11 10 1 10 R
11 11 0 25 D
11 12 7 12 R
11 13 1 13 R
11 14 0 28 L
11 16 8 16 R
11 17 19 25 D
11 18 10 19 D
11 19 3 14 R
11 20 29 10 R
11 21 5 35 L
11 22 1 22 D
11 23 16 10 R
11 24 8 24 D
11 25 0 7 U
11 26 0 35 L
11 27 1 27 D
11 28 0 9 R
11 29 1 4 U
11 30 2 21 D
11 31 14 3 U
11 32 0 5 U
11 33 8 13 R
11 34 3 34 L
11 35 7 35 L
11 36 7 27 D
11 37 6 37 L
12 0 6 16 R
12 1 11 29 L
12 2 1 31 L
12 3 22 29 L
12 4 17 34 L
12 5 10 37 L
12 6 13 13 R
12 7 9 18 R
12 8 2 8 U
12 9 0 1 U
12 10 18 27 D
12 11 4 11 R
12 12 22 2 U
12 13 10 13 R
12 14 4 14 R
12 15 6 15 R
12 16 1 16 R
12 17 20 17 R
12 18 7 18 R
12 19 0 28 L
12 20 0 9 R
12 21 2 10 R
12 22 2 17 R
12 23 5 31 L
12 24 0 4 U
12 25 0 15 R
12 26 1 26 D
12 27 9 27 D
12 28 4 1 U
12 29 15 20 D
12 30 9 30 L
12 31 3 4 U
12 32 3 7 U
12 33 21 2 U
12 34 0 6 U
12 35 3 35 L
12 36 13 10 R
12 37 0 7 U
13 0 0 12 R
13 1 14 32 L
13 2 0 16 R
13 3 1 31 L
13 4 2 4 U
13 5 0 34 L
13 6 9 6 U
13 7 6 7 U
13 8 5 8 U
13 9 15 23 D
13 10 3 10 R
13 11 10 11 R
13 12 8 12 R
13 13 9 13 R
13 14 0 24 D
13 15 16 24 D
13 16 6 16 R
13 17 16 27 D
13 18 15 18 R
13 19 21 12 R
13 20 5 20 D
13 21 16 31 L
13 22 5 22 D
13 23 4 37 L
13 24 6 24 D
13 25 3 25 D
13 26 0 8 U
13 27 4 27 D
13 28 7 7 U
13 29 23 1 U
13 30 2 30 L
13 31 0 17 R
13 32 0 21 D
13 33 4 33 L
13 34 2 34 L
13 35 14 35 L
13 36 0 26 D
13 37 1 37 L
14 0 16 33 L
14 1 1 16 R
14 2 3 2 U
14 3 3 3 U
14 4 0 27 D
14 5 12 13 R
14 6 17 6 U
14 7 6 35 L
14 8 23 8 U
14 9 23 20 D
14 10 4 22 D
14 11 8 11 R
14 12 4 22 D
14 13 29 13 R
14 14 4 14 R
14 15 21 4 U
14 16 6 16 R
14 17 22 31 L
14 18 13 18 R
14 19 1 19 D
14 20 1 13 R
14 21 20 21 D
14 22 11 37 L
14 23 6 23 D
14 24 17 36 L
14 25 4 25 D
14 26 10 26 D
14 27 17 27 D
14 28 2 8 U
14 29 2 1 U
14 30 7 26 D
14 31 3 31 L
14 32 0 23 D
14 33 3 7 U
14 34 12 25 D
14 35 12 21 D
14 36 8 1 U
14 37 2 0 U
15 0 0 9 R
15 1 1 1 U
15 2 4 9 R
15 3 19 37 L
15 4 4 11 R
15 5 10 12 R
15 6 6 6 U
15 7 17 10 R
15 8 0 18 R
15 9 0 27 D
15 10 10 3 U
15 11 0 36 L
15 12 20 1 U
15 13 3 22 D
15 14 14 3 U
15 15 4 2 U
15 16 6 3 U
15 17 3 17 R
15 18 22 19 D
15 19 0 33 L
15 20 9 20 D
15 21 0 14 R
15 22 7 10 R
15 23 8 31 L
15 24 10 24 D
15 25 4 25 D
15 26 10 26 D
15 27 21 27 D
15 28 18 28 L
15 29 19 19 D
15 30 18 0 U
15 31 2 21 D
15 32 12 3 U
15 33 3 33 L
15 34 13 16 R
15 35 5 5 U
15 36 2 36 L
15 37 0 9 R
16 0 18 11 R
16 1 1 33 L
16 2 5 30 L
16 3 0 19 D
16 4 7 10 R
16 5 22 34 L
16 6 5 34 L
16 7 0 18 R
16 8 0 28 L
16 9 21 8 U
16 10 3 2 U
16 11 1 32 L
16 12 1 12 R
16 13 21 2 U
16 14 22 20 D
16 15 2 15 R
16 16 1 27 D
16 17 23 27 D
16 18 4 18 R
16 19 6 18 R
16 20 11 12 R
16 21 21 30 L
16 22 1 22 D
16 23 0 3 U
16 24 6 24 D
16 25 1 25 D
16 26 17 26 D
16 27 6 27 D
16 28 7 28 L
16 29 0 20 D
16 30 2 30 L
16 31 4 19 D
16 32 24 0 U
16 33 9 33 L
16 34 9 34 L
16 35 25 1 U
16 36 0 4 U
16 37 21 24 D
17 0 6 28 L
17 1 7 1 U
17 2 14 2 U
17 3 2 3 U
17 4 3 4 U
17 5 4 11 R
17 6 21 6 U
17 7 4 7 U
17 8 0 9 R
17 9 9 19 D
17 10 5 8 U
17 11 12 19 D
17 12 6 34 L
17 13 4 5 U
17 14 11 21 D
17 15 2 15 R
17 16 21 16 R
17 17 24 17 R
17 18 11 23 D
17 19 0 2 U
17 20 8 36 L
17 21 0 18 R
17 22 0 4 U
17 23 22 15 R
17 24 8 11 R
17 25 13 10 R
17 26 4 28 L
17 27 12 9 R
17 28 6 28 L
17 29 22 0 U
17 30 6 20 D
17 31 14 6 U
17 32 20 19 D
17 33 12 21 D
17 34 1 9 R
17 35 15 1 U
17 36 10 21 D
17 37 1 4 U
18 0 3 9 R
18 1 20 35 L
18 2 16 10 R
18 3 2 3 U
18 4 9 4 U
18 5 5 5 U
18 6 15 30 L
18 7 6 7 U
18 8 10 8 U
18 9 6 9 R
18 10 19 10 R
18 11 19 26 D
18 12 14 19 D
18 13 9 0 U
18 14 3 14 R
18 16 19 4 U
18 17 10 0 U
18 18 10 22 D
18 19 20 30 L
18 20 19 29 L
18 21 10 30 L
18 22 0 36 L
18 23 0 2 U
18 24 1 24 D
18 25 4 25 D
18 26 10 26 D
18 27 6 27 D
18 28 14 0 U
18 29 3 4 U
18 30 2 20 D
18 31 1 19 D
18 32 6 32 L
18 33 15 20 D
18 34 1 4 U
18 35 14 35 L
18 36 12 36 L
18 37 4 19 D
19 0 9 12 R
19 1 1 28 L
19 2 7 17 R
19 3 6 30 L
19 4 16 35 L
19 5 12 5 U
19 6 12 28 L
19 7 13 7 U
19 8 1 8 U
19 9 3 1 U
19 10 4 1 U
19 11 2 3 U
19 12 7 0 U
19 13 18 27 D
19 14 10 8 U
19 15 14 1 U
19 16 1 16 R
19 17 7 17 R
19 18 20 0 U
19 19 25 28 L
19 20 7 20 D
19 21 20 36 L
19 22 23 12 R
19 23 3 34 L
19 24 17 18 R
19 25 24 25 D
19 26 8 26 D
19 27 12 27 D
19 28 12 21 D
19 29 28 21 D
19 30 7 22 D
19 31 12 31 L
19 32 4 32 L
19 33 7 33 L
19 34 17 34 L
19 35 0 17 R
19 36 24 21 D
19 37 16 37 L
20 0 1 0 U
20 1 2 28 L
20 2 25 29 L
20 3 17 3 U
20 4 0 14 R
20 5 0 23 D
20 6 3 6 U
20 7 0 24 D
20 8 22 35 L
20 9 21 20 D
20 10 8 10 R
20 11 10 1 U
20 12 4 3 U
20 13 26 8 U
20 14 4 14 R
20 16 4 0 U
20 17 4 17 R
20 18 9 5 U
20 20 7 34 L
20 21 6 18 R
20 22 2 33 L
20 23 1 23 D
20 24 26 11 R
20 25 6 25 D
20 26 16 26 D
20 27 0 10 R
20 28 16 8 U
20 29 4 20 D
20 30 7 1 U
20 31 2 19 D
20 32 3 32 L
20 33 17 8 U
20 34 26 0 U
20 35 4 35 L
20 37 6 26 D
21 0 9 28 L
21 1 7 18 R
21 2 7 32 L
21 3 11 10 R
21 4 15 4 U
21 5 2 5 U
21 6 4 6 U
21 7 1 7 U
21 8 13 36 L
21 9 19 5 U
21 10 23 6 U
21 11 0 31 L
21 12 12 12 R
21 14 7 14 R
21 16 1 5 U
21 17 4 2 U
21 18 0 5 U
21 19 8 29 L
21 20 18 37 L
21 21 23 12 R
21 22 16 22 D
21 23 18 17 R
21 24 20 17 R
21 25 10 11 R
21 26 7 26 D
21 27 6 27 D
21 28 19 25 D
21 29 14 25 D
21 30 0 24 D
21 31 7 31 L
21 32 4 21 D
21 33 18 33 L
21 34 3 34 L
21 35 29 2 U
21 36 9 11 R
21 37 5 37 L
22 0 14 29 L
22 1 23 13 R
22 2 1 37 L
22 3 24 33 L
22 4 11 4 U
22 5 10 5 U
22 6 18 11 R
22 7 13 7 U
22 8 6 8 U
22 9 11 20 D
22 10 12 20 D
22 11 7 11 R
22 12 16 24 D
22 14 18 22 D
22 15 11 21 D
22 16 3 29 L
22 18 14 18 R
22 19 18 37 L
22 20 25 28 L
22 21 4 32 L
22 22 25 30 L
22 23 24 29 L
22 24 12 24 D
22 25 11 12 R
22 27 6 27 D
22 28 5 28 L
22 29 9 29 L
22 30 24 16 R
22 31 8 23 D
22 32 14 8 U
22 33 23 16 R
22 34 14 34 L
22 35 7 35 L
22 37 5 37 L
23 0 22 37 L
23 1 8 1 U
23 2 17 9 R
23 3 7 12 R
23 4 19 16 R
23 6 13 37 L
23 7 4 7 U
23 8 22 8 U
23 9 21 6 U
23 10 10 21 D
23 11 11 7 U
23 12 22 12 R
23 13 0 1 U
23 14 24 19 D
23 15 7 15 R
23 16 16 0 U
23 18 8 18 R
23 19 8 30 L
23 21 9 0 U
23 22 19 12 R
23 23 0 31 L
23 24 0 34 L
23 25 4 32 L
23 26 12 33 L
23 27 2 9 R
23 28 24 7 U
23 29 9 21 D
23 30 0 0 U
23 31 13 19 D
23 32 16 4 U
23 33 2 33 L
23 34 2 6 U
23 35 12 35 L
23 36 28 36 L
24 0 3 32 L
24 2 9 2 U
24 3 28 13 R
24 4 8 4 U
24 6 1 6 U
24 7 23 16 R
24 8 26 16 R
24 9 23 3 U
24 10 5 26 D
24 11 10 20 D
24 12 12 12 R
24 14 9 4 U
24 16 6 19 D
24 18 25 3 U
24 20 28 31 L
24 21 5 28 L
24 22 18 22 D
24 23 6 23 D
24 24 4 24 D
24 25 20 9 R
24 27 13 27 D
24 28 15 3 U
24 29 27 3 U
24 30 1 30 L
24 31 21 1 U
24 32 23 5 U
24 33 7 21 D
24 34 0 18 R
24 35 15 7 U
25 0 18 28 L
25 1 24 1 U
25 2 4 2 U
25 3 24 16 R
25 4 15 12 R
25 6 2 6 U
25 7 16 7 U
25 9 4 4 U
25 10 7 0 U
25 11 21 1 U
25 14 2 14 R
25 16 13 7 U
25 18 21 6 U
25 21 23 9 R
25 22 2 22 D
25 23 24 23 D
25 24 2 24 D
25 25 10 18 R
25 27 26 9 R
25 28 11 25 D
25 29 23 29 L
25 30 21 27 D
25 31 1 31 L
25 32 1 23 D
25 33 15 21 D
25 34 14 34 L
25 35 13 35 L
26 0 29 30 L
26 2 20 2 U
26 4 25 30 L
26 6 10 17 R
26 7 5 12 R
26 9 25 20 D
26 11 24 23 D
26 14 15 14 R
26 16 1 16 R
26 21 5 21 D
26 22 2 22 D
26 24 6 11 R
26 25 28 25 D
26 27 11 11 R
26 28 1 6 U
26 29 6 25 D
26 30 14 24 D
26 32 24 32 L
26 33 25 22 D
26 34 3 34 L
27 0 23 0 U
27 2 21 2 U
27 4 26 13 R
27 6 1 6 U
27 7 12 27 D
27 11 24 36 L
27 14 10 14 R
27 16 30 23 D
27 22 0 9 R
27 27 0 37 L
27 28 24 5 U
27 29 6 29 L
27 30 9 30 L
27 31 23 20 D
27 32 2 6 U
27 33 2 2 U
27 34 17 20 D
28 2 22 2 U
28 4 21 4 U
28 7 9 7 U
28 9 27 25 D
28 11 20 4 U
28 16 10 16 R
28 22 9 22 D
28 27 0 18 R
28 28 7 22 D
28 29 9 29 L
28 30 26 30 L
28 32 24 4 U
28 33 5 33 L
28 34 19 34 L
29 2 6 2 U
29 4 28 4 U
29 7 1 7 U
29 11 6 11 R
29 16 27 34 L
29 27 0 15 R
29 28 10 1 U
29 29 7 22 D
29 30 27 30 L
29 32 27 32 L
29 33 10 33 L
29 34 3 34 L
30 2 1 34 L
30 4 19 11 R
30 7 19 7 U
30 16 5 16 R
30 27 20 27 D
30 28 31 19 D
30 30 4 14 R
30 32 1 32 L
30 34 21 17 R
31 2 0 9 R
31 4 5 10 R
31 16 4 16 R
31 32 17 26 D

