17 8 118
8 0 0 0 0 0 0 0 0 0 9
5 0 0 0 11 0 0 3 5 5 4
2 0 0 1 0 0 0 12 0 0 11
0 5 0 0 2 0 0 0 5 0 11
9 0 0 0 15 0 0 0 12 0 13
4 0 16 0 6 0 0 0 0 11 14
0 13 0 14 3 0 0 6 0 0 0
8 7 0 9 8 0 0 7 9 0 2
4 0 3 0 3 0 0 7 0 0 15
2 13 6 0 0 0 0 7 0 0 0
6 8 0 5 0 0 0 0 11 10 13
0 0 0 0 R
0 1 0 1 R
0 2 0 2 U
0 3 0 3 U
0 4 0 4 D
0 5 0 5 D
0 6 0 6 L
0 7 0 7 L
1 0 0 4 D
1 1 8 1 R
1 2 12 2 U
1 3 2 0 R
1 4 10 1 R
1 5 0 0 R
1 6 8 4 D
1 7 0 5 D
2 0 3 5 D
2 1 9 2 U
2 2 0 0 R
2 3 7 0 R
2 4 5 4 D
2 5 0 7 L
2 6 4 6 L
2 7 0 4 D
3 0 10 2 U
3 1 6 3 U
3 2 0 7 L
3 3 2 3 U
3 4 0 6 L
3 5 4 3 U
3 6 8 2 U
3 7 1 7 L
4 0 0 5 D
4 1 7 4 D
4 2 7 1 R
4 3 3 0 R
4 4 2 6 L
4 5 7 1 R
4 6 10 3 U
4 7 5 4 D
5 0 3 0 R
5 1 0 7 L
5 2 2 1 R
5 3 0 1 R
5 4 0 3 U
5 5 3 5 D
5 6 0 0 R
5 7 8 2 U
6 0 3 3 U
6 1 11 3 U
6 2 12 2 U
6 3 13 6 L
6 4 0 1 R
6 5 11 6 L
6 6 0 3 U
6 7 7 7 L
7 0 6 3 U
7 1 0 6 L
7 2 1 2 U
7 3 12 6 L
7 4 3 6 L
7 5 9 5 D
7 6 1 4 D
7 7 4 5 D
8 0 2 0 R
8 1 1 6 L
8 2 1 1 R
8 3 7 1 R
8 4 6 0 R
8 5 11 2 U
8 6 6 2 U
8 7 7 5 D
9 0 11 4 D
9 1 5 6 L
9 2 3 0 R
9 3 5 3 U
9 4 0 2 U
9 5 5 6 L
9 6 4 1 R
9 7 2 3 U
10 0 1 5 D
10 1 9 5 D
10 2 1 7 L
10 3 13 3 U
10 4 6 1 R
10 5 2 0 R
10 6 0 2 U
10 7 1 7 L
11 0 0 2 U
11 1 0 3 U
11 2 9 6 L
11 3 0 6 L
11 4 13 7 L
11 5 2 7 L
11 6 8 3 U
11 7 10 7 L
12 0 9 4 D
12 1 7 1 R
12 2 7 4 D
12 3 13 5 D
12 4 11 4 D
12 5 1 0 R
12 6 4 6 L
12 7 4 4 D
13 0 3 2 U
13 1 0 5 D
13 2 8 1 R
13 3 4 3 U
13 4 6 7 L
13 5 14 5 D
13 6 12 5 D
14 2 13 0 R
14 3 12 0 R
14 4 6 6 L
14 5 3 7 L
15 2 0 4 D
15 3 5 3 U
16 2 14 0 R

