14 18 226
9 0 7 0 2 0 13 3 2 0 10 0 0 0 0
0 7 0 13 5 0 8 0 0 10 0 4 5 0 0
0 5 0 0 8 0 12 0 0 0 0 0 6 4 0
0 4 10 0 0 4 10 0 0 0 10 0 0 0 0
0 0 7 0 0 9 0 6 3 0 0 2 1 0 0
0 0 5 10 0 0 9 0 5 8 0 0 0 0 0
0 0 0 0 0 11 0 0 0 0 0 10 10 0 11
0 0 0 10 0 0 0 0 0 0 0 3 0 0 0
0 0 3 12 9 0 0 5 10 0 4 0 9 0 0
0 0 0 8 0 11 0 0 0 0 2 0 0 10 0
0 0 0 0 13 0 0 0 4 0 0 13 0 0 8
0 0 0 7 0 0 9 0 0 0 0 0 10 11 10
0 0 0 0 0 13 0 0 10 0 7 0 0 0 6
12 12 0 9 0 0 0 12 0 0 9 0 0 0 0
0 2 6 10 6 0 0 11 0 0 0 10 9 3 0
0 0 0 0 L
0 1 0 1 L
0 2 0 2 L
0 3 0 3 L
0 4 0 4 R
0 5 0 5 R
0 6 0 6 R
0 7 0 7 R
0 8 0 8 D
0 9 0 9 D
0 10 0 10 D
0 11 0 11 D
0 12 0 12 D
0 13 0 13 U
0 14 0 14 U
0 15 0 15 U
0 16 0 16 U
0 17 0 17 U
1 0 0 14 U
1 1 8 1 L
1 2 4 16 U
1 3 8 8 D
1 4 0 8 D
1 5 3 13 U
1 6 0 12 D
1 7 7 7 R
1 8 2 1 L
1 9 3 9 D
1 10 8 4 R
1 11 4 11 D
1 12 6 1 L
1 13 0 1 L
1 14 3 14 U
1 15 8 3 L
1 16 3 1 L
1 17 3 17 U
2 0 0 8 D
2 1 7 1 L
2 2 6 2 L
2 3 1 3 L
2 4 0 9 D
2 5 1 14 U
2 6 8 8 D
2 7 3 12 D
2 8 1 6 R
2 9 5 9 D
2 10 5 10 D
2 11 0 15 U
2 12 5 2 L
2 13 0 4 R
2 14 11 2 L
2 15 0 10 D
2 16 1 7 R
2 17 1 17 U
3 0 8 0 L
3 1 4 8 D
3 2 5 12 D
3 3 0 6 R
3 4 0 14 U
3 5 0 0 L
3 6 1 6 R
3 7 2 11 D
3 8 0 0 L
3 9 0 4 R
3 10 0 16 U
3 11 2 11 D
3 12 5 12 D
3 13 11 13 U
3 14 0 3 L
3 15 0 12 D
3 16 11 16 U
3 17 1 3 L
4 0 12 8 D
4 1 5 17 U
4 2 8 14 U
4 3 6 5 R
4 4 5 8 D
4 5 10 5 R
4 6 0 10 D
4 7 2 10 D
4 8 1 5 R
4 9 6 15 U
4 10 0 1 L
4 11 9 7 R
4 12 0 7 R
4 13 9 4 R
4 14 2 14 U
4 15 2 10 D
4 16 10 0 L
4 17 2 1 L
5 0 4 9 D
5 1 10 15 U
5 2 9 12 D
5 3 4 3 L
5 4 4 9 D
5 5 4 15 U
5 6 9 6 R
5 7 7 14 U
5 8 6 0 L
5 9 3 13 U
5 10 3 6 R
5 11 6 5 R
5 12 3 7 R
5 13 2 0 L
5 14 3 7 R
5 15 4 15 U
5 16 8 6 R
5 17 7 2 L
6 0 11 14 U
6 1 5 11 D
6 2 0 16 U
6 3 9 14 U
6 4 2 13 U
6 5 4 16 U
6 6 4 11 D
6 7 12 7 R
6 8 0 17 U
6 9 2 9 D
6 10 0 5 R
6 11 5 16 U
6 12 0 17 U
6 13 3 8 D
6 14 5 14 U
6 15 1 6 R
6 16 9 6 R
6 17 3 3 L
7 0 12 14 U
7 1 0 9 D
7 2 1 2 L
7 3 3 3 L
7 4 9 0 L
7 5 8 5 R
7 6 5 13 U
7 7 0 16 U
7 8 0 13 U
7 9 0 7 R
7 10 5 15 U
7 11 9 11 D
7 12 1 12 D
7 13 0 9 D
7 14 0 8 D
7 15 4 4 R
7 16 0 2 L
7 17 0 11 D
8 0 0 4 R
8 1 3 1 L
8 2 3 2 L
8 3 0 17 U
8 4 2 8 D
8 5 2 15 U
8 6 1 9 D
8 7 2 3 L
8 8 0 3 L
8 9 11 7 R
8 10 0 0 L
8 11 2 6 R
8 12 2 12 D
8 13 6 2 L
8 14 0 5 R
8 15 10 5 R
8 16 12 3 L
8 17 10 17 U
9 0 6 17 U
9 1 3 9 D
9 2 0 11 D
9 3 4 17 U
9 4 7 16 U
9 5 0 2 L
9 6 8 17 U
9 7 0 3 L
9 8 12 4 R
9 9 2 9 D
9 10 12 5 R
9 11 1 4 R
9 12 8 4 R
9 13 6 8 D
9 14 2 8 D
9 15 0 6 R
9 16 5 16 U
9 17 3 17 U
10 0 1 0 L
10 1 0 13 U
10 2 1 2 L
10 3 2 15 U
10 4 12 4 R
10 5 0 11 D
10 6 7 6 R
10 8 6 13 U
10 10 2 2 L
10 11 3 2 L
10 12 6 12 D
10 14 1 1 L
10 15 2 1 L
10 16 4 2 L
10 17 8 17 U
11 1 0 10 D
11 2 5 10 D
11 3 3 16 U
11 4 10 14 U
11 5 2 5 R
11 8 12 5 R
11 9 9 0 L
11 12 4 15 U
11 13 5 6 R
11 14 7 8 D
11 16 3 16 U
11 17 5 0 L
12 0 9 13 U
12 1 0 8 D
12 2 4 15 U
12 3 11 17 U
12 4 1 9 D
12 5 6 12 D
12 6 2 6 R
12 8 11 15 U
12 12 6 12 D
12 13 3 13 U
12 14 13 10 D
12 15 9 15 U
12 17 1 6 R
13 0 11 16 U
13 1 5 9 D
13 3 11 11 D
13 4 12 12 D
13 5 8 8 D
13 14 1 5 R

