22 14 251
8 0 0 0 0 0 0 0 0 0 0 0 0 0 0 0 3
12 0 0 0 11 16 15 0 0 0 0 0 0 0 0 0 17
0 14 0 0 1 9 13 18 0 0 20 20 8 6 0 19 0
0 21 0 7 0 6 15 0 19 0 0 0 6 1 16 0 17
11 0 1 0 0 0 0 0 0 0 0 0 0 0 8 0 0
0 0 0 0 0 0 0 0 16 0 0 0 0 0 0 0 0
19 18 0 0 4 0 0 0 19 0 7 0 0 0 0 0 0
7 11 21 20 0 0 12 6 7 0 0 0 0 0 0 0 0
18 6 0 0 0 12 0 2 0 0 6 0 0 0 0 0 0
0 0 0 0 0 0 0 0 0 0 0 0 0 0 0 0 0
0 0 0 0 0 0 0 14 0 0 13 0 0 0 0 0 0
0 11 0 0 19 0 0 0 0 0 10 20 16 12 0 0 0
20 0 0 0 0 0 0 0 0 0 10 0 0 4 0 0 0
0 0 0 0 0 14 0 0 0 0 13 0 10 0 0 13 18
4 21 0 0 13 0 0 0 0 0 0 0 0 0 0 0 0
11 0 0 0 0 0 0 0 0 0 0 15 0 8 3 0 4
1 0 0 0 0 0 0 0 0 0 0 0 0 0 0 0 17
0 0 0 0 L
0 1 0 1 L
0 2 0 2 L
0 3 0 3 L
0 4 0 4 R
0 5 0 5 R
0 6 0 6 R
0 7 0 7 D
0 8 0 8 D
0 9 0 9 D
0 10 0 10 D
0 11 0 11 U
0 12 0 12 U
0 13 0 13 U
1 0 3 8 D
1 1 3 8 D
1 2 3 10 D
1 3 11 3 L
1 4 3 9 D
1 5 2 5 R
1 6 0 12 U
1 7 2 5 R
1 8 2 6 R
1 9 14 5 R
1 10 13 10 D
1 11 3 5 R
1 12 0 9 D
1 13 8 13 U
2 0 0 12 U
2 1 1 11 U
2 2 5 13 U
2 3 0 6 R
2 4 0 7 D
2 5 1 5 R
2 6 1 11 U
2 7 13 0 L
2 8 7 6 R
2 9 6 2 L
2 10 11 4 R
2 11 10 11 U
2 12 0 6 R
2 13 11 6 R
3 0 12 7 D
3 1 2 8 D
3 2 1 8 D
3 4 10 0 L
3 5 5 13 U
3 6 9 1 L
3 7 13 1 L
3 8 14 3 L
3 9 5 0 L
3 10 4 6 R
3 11 5 4 R
3 12 9 12 U
3 13 16 4 R
4 0 14 13 U
4 1 14 12 U
4 2 11 12 U
4 3 1 7 D
4 4 6 4 R
4 5 7 9 D
4 6 1 6 R
4 7 5 7 D
4 8 18 6 R
4 9 0 12 U
4 10 12 4 R
4 11 19 4 R
4 12 16 7 D
4 13 0 10 D
5 0 0 7 D
5 1 1 9 D
5 2 8 9 D
5 4 13 12 U
5 5 7 11 U
5 6 2 12 U
5 7 13 11 U
5 8 0 0 L
5 9 1 1 L
5 10 3 10 D
5 11 1 5 R
5 12 1 12 U
5 13 0 5 R
6 0 9 11 U
6 1 2 1 L
6 2 2 7 D
6 3 5 7 D
6 4 18 9 D
6 5 7 13 U
6 6 9 8 D
6 7 12 0 L
6 8 3 0 L
6 9 11 0 L
6 10 5 1 L
6 11 10 2 L
6 12 16 1 L
6 13 13 13 U
7 0 4 0 L
7 1 12 1 L
7 2 14 2 L
7 4 0 9 D
7 5 5 11 U
7 6 5 6 R
7 7 0 3 L
7 8 19 2 L
7 9 3 2 L
7 11 19 7 D
7 12 0 0 L
7 13 11 13 U
8 0 2 12 U
8 1 4 1 L
8 2 5 2 L
8 3 7 3 L
8 4 0 2 L
8 5 6 12 U
8 6 17 9 D
8 7 12 4 R
8 8 18 4 R
8 9 1 9 D
8 10 6 10 D
8 11 15 4 R
8 12 12 12 U
8 13 1 1 L
9 0 4 7 D
9 1 7 7 D
9 2 1 9 D
9 4 0 8 D
9 5 0 10 D
9 6 0 0 L
9 7 1 0 L
9 8 7 8 D
9 9 3 9 D
9 10 2 10 D
9 11 2 0 L
9 12 6 0 L
9 13 8 2 L
10 0 15 0 L
10 1 0 8 D
10 2 18 2 L
10 4 3 0 L
10 5 14 0 L
10 6 0 1 L
10 7 4 6 R
10 8 18 5 R
10 9 17 6 R
10 11 0 2 L
10 12 4 6 R
10 13 4 13 U
11 0 13 7 D
11 1 20 5 R
11 2 0 11 U
11 4 6 11 U
11 5 1 5 R
11 6 0 13 U
11 7 10 7 D
11 8 1 8 D
11 9 0 6 R
11 11 15 5 R
11 12 4 10 D
11 13 4 1 L
12 0 11 12 U
12 1 8 11 U
12 2 0 13 U
12 4 7 4 R
12 5 9 7 D
12 6 16 11 U
12 8 3 8 D
12 9 14 9 D
12 11 4 4 R
12 12 16 2 L
12 13 5 13 U
13 0 4 0 L
13 1 8 13 U
13 2 9 2 L
13 4 0 11 U
13 5 8 5 R
13 6 2 9 D
13 7 17 4 R
13 8 8 1 L
13 9 0 2 L
13 10 3 2 L
13 11 5 8 D
13 12 9 12 U
13 13 9 5 R
14 0 0 4 R
14 1 4 13 U
14 2 1 11 U
14 4 0 1 L
14 5 3 2 L
14 6 7 6 R
14 7 0 4 R
14 8 5 2 L
14 9 4 6 R
14 10 15 10 D
14 11 7 1 L
14 12 8 2 L
14 13 1 5 R
15 0 5 7 D
15 1 9 6 R
15 2 10 7 D
15 4 16 4 R
15 5 11 12 U
15 6 7 6 R
15 8 0 1 L
15 9 13 13 U
15 11 3 6 R
15 12 1 5 R
15 13 11 13 U
16 0 7 0 L
16 1 0 9 D
16 2 12 2 L
16 3 2 3 L
16 4 9 8 D
16 5 8 8 D
16 6 14 13 U
16 7 5 0 L
16 8 12 8 D
16 11 0 1 L
16 12 0 7 D
16 13 0 8 D
17 0 8 13 U
17 1 4 11 U
17 2 10 11 U
17 4 14 9 D
17 5 14 1 L
17 6 14 10 D
17 11 0 4 R
17 13 4 8 D
18 0 14 11 U
18 1 8 7 D
18 2 10 12 U
18 4 19 4 R
18 5 12 9 D
18 6 15 13 U
18 11 4 2 L
18 13 8 13 U
19 0 11 7 D
19 1 12 11 U
19 2 13 2 L
19 4 3 12 U
19 6 10 6 R
19 11 16 8 D
19 13 3 4 R
20 0 8 7 D
20 1 12 1 L
20 2 12 11 U
20 6 10 6 R
20 11 17 1 L
20 13 1 13 U
21 0 8 0 L
21 6 10 6 R
21 11 1 9 D

