10 12 101
4 0 0 0 8 0 7 0 0 3 0
0 0 4 0 7 0 0 0 1 0 3
0 0 0 3 0 0 0 0 0 0 0
4 0 0 0 0 0 5 0 9 0 0
8 7 3 8 3 0 5 0 0 0 0
0 7 5 0 0 0 7 0 7 8 1
0 8 0 0 0 0 0 9 7 1 0
0 4 3 0 0 5 6 0 3 0 6
1 0 0 0 0 0 0 6 9 0 3
5 0 7 0 0 0 9 0 0 0 4
0 0 0 0 0 8 3 0 4 3 0
0 0 0 0 D
0 1 0 1 D
0 2 0 2 D
0 3 0 3 R
0 4 0 4 R
0 5 0 5 R
0 6 0 6 U
0 7 0 7 U
0 8 0 8 U
0 9 0 9 L
0 10 0 10 L
0 11 0 11 L
1 1 4 4 R
1 2 6 3 R
1 3 0 9 L
1 4 0 0 D
1 5 3 11 L
1 6 0 1 D
1 7 2 9 L
1 8 3 8 U
1 9 6 1 D
1 10 3 7 U
1 11 2 11 L
2 0 5 0 D
2 1 7 5 R
2 2 1 4 R
2 3 1 3 R
2 4 5 6 U
2 5 0 1 D
2 6 5 6 U
2 7 5 3 R
2 8 3 5 R
2 9 7 7 U
2 10 0 0 D
2 11 3 1 D
3 0 0 9 L
3 1 1 3 R
3 2 7 5 R
3 3 0 7 U
3 4 6 7 U
3 5 7 5 R
3 6 1 10 L
3 7 0 0 D
3 8 8 8 U
3 9 0 8 U
3 10 5 2 D
3 11 2 6 U
4 0 2 3 R
4 1 2 5 R
4 2 1 2 D
4 3 0 6 U
4 4 1 0 D
4 5 3 2 D
4 6 0 3 R
4 7 6 10 L
4 8 0 2 D
4 9 0 6 U
4 10 5 0 D
4 11 2 2 D
5 0 6 4 R
5 1 4 1 D
5 3 6 8 U
5 4 0 10 L
5 5 1 5 R
5 6 1 3 R
5 7 4 5 R
5 8 2 4 R
5 9 8 3 R
5 10 2 10 L
5 11 3 8 U
6 0 0 10 L
6 1 1 10 L
6 2 0 4 R
6 3 2 9 L
6 4 2 4 R
6 5 0 0 D
6 6 5 6 U
6 7 0 9 L
6 9 3 6 U
6 10 7 10 L
7 0 3 6 U
7 1 2 1 D
7 2 2 2 D
7 3 0 10 L
7 4 6 4 R
7 5 5 7 U
7 6 4 1 D
7 7 0 4 R
7 9 2 1 D
7 10 5 7 U
7 11 5 11 L
8 0 0 3 R
8 1 7 4 R
8 3 9 7 U
8 4 3 7 U
8 6 7 4 R
8 7 4 3 R
8 10 3 8 U
9 0 1 11 L
9 4 4 4 R
9 6 0 10 L

