16 10 125
12 0 0 0 0 11 0 9 12 0 0 0 7
15 0 0 11 11 0 0 9 0 7 0 0 12
0 7 0 6 0 5 12 0 8 12 0 11 4
0 0 0 0 0 0 0 0 12 0 0 2 0
0 0 0 0 0 0 0 0 0 0 0 0 0
0 0 0 0 0 0 0 0 0 14 0 12 0
0 0 0 0 0 14 4 0 0 0 0 0 0
0 0 0 0 12 0 0 14 12 0 0 4 0
0 0 0 0 0 0 0 0 0 0 0 0 0
0 0 0 0 0 0 13 13 0 0 0 0 0
0 15 0 10 0 0 0 0 0 0 2 0 0
12 0 0 11 3 0 0 11 0 11 8 13 0
15 0 0 0 0 15 11 0 8 13 0 0 14
0 0 0 0 U
0 1 0 1 U
0 2 0 2 R
0 3 0 3 R
0 4 0 4 R
0 5 0 5 D
0 6 0 6 D
0 7 0 7 D
0 8 0 8 L
0 9 0 9 L
1 0 0 9 L
1 1 7 9 L
1 2 6 5 D
1 3 6 3 R
1 5 9 3 R
1 6 0 2 R
1 7 4 2 R
1 8 10 8 L
1 9 0 5 D
2 0 0 2 R
2 1 0 5 D
2 2 0 1 U
2 3 1 3 R
2 5 9 2 R
2 6 3 1 U
2 7 13 3 R
2 8 3 5 D
2 9 1 0 U
3 0 4 0 U
3 1 4 1 U
3 2 8 0 U
3 3 6 0 U
3 5 0 0 U
3 6 2 2 R
3 8 0 2 R
3 9 2 9 L
4 0 7 8 L
4 1 3 5 D
4 2 0 8 L
4 3 1 5 D
4 5 1 2 R
4 6 5 6 D
4 7 11 7 D
4 8 0 1 U
4 9 3 0 U
5 0 0 8 L
5 1 1 1 U
5 2 2 5 D
5 3 6 7 D
5 5 2 5 D
5 6 4 6 D
5 8 6 6 D
5 9 7 5 D
6 0 2 3 R
6 1 0 4 R
6 2 8 6 D
6 3 4 7 D
6 5 3 8 L
6 6 2 9 L
6 7 13 7 D
6 8 9 8 L
6 9 1 9 L
7 0 10 6 D
7 1 0 9 L
7 2 4 9 L
7 3 4 6 D
7 4 0 6 D
7 5 3 5 D
7 6 2 8 L
7 7 3 7 D
7 8 0 6 D
7 9 12 6 D
8 0 6 3 R
8 1 3 3 R
8 2 6 1 U
8 3 11 1 U
8 5 13 9 L
8 6 3 8 L
8 7 1 7 D
8 8 4 5 D
8 9 10 1 U
9 0 8 3 R
9 1 3 2 R
9 2 0 5 D
9 3 5 6 D
9 5 11 2 R
9 6 3 0 U
9 8 2 1 U
9 9 0 0 U
10 0 1 2 R
10 1 0 3 R
10 2 0 0 U
10 3 5 0 U
10 5 0 1 U
10 6 9 6 D
10 8 1 2 R
11 0 4 2 R
11 1 5 1 U
11 2 6 0 U
11 3 6 3 R
11 5 0 8 L
11 6 9 2 R
11 8 2 0 U
12 0 8 5 D
12 1 7 2 R
12 2 0 9 L
12 3 4 5 D
12 5 11 9 L
12 6 11 6 D
12 8 10 0 U
13 0 5 0 U
13 1 6 8 L
13 2 12 1 U
13 5 0 9 L
13 6 3 6 D
13 8 3 1 U
14 0 9 2 R
14 2 7 0 U
14 5 9 1 U
14 6 13 6 D
14 8 13 5 D
15 0 3 3 R
15 5 14 8 L
15 6 0 3 R
15 8 3 2 R

