17 14 184
0 3 10 0 0 4 0 1 2 3 0 8
13 0 0 0 0 11 11 0 0 2 6 0
2 1 7 9 0 12 4 0 0 6 0 13
0 0 0 4 0 0 0 15 5 0 11 12
0 0 0 0 3 0 0 0 0 0 0 0
10 1 6 0 8 0 1 2 9 0 0 0
0 6 7 12 0 0 7 3 0 0 0 0
0 0 3 3 12 9 0 9 0 16 16 0
11 0 0 13 0 14 13 9 11 8 0 0
0 0 8 7 1 0 0 0 6 0 15 0
16 8 0 0 0 2 0 0 6 0 0 1
0 13 0 2 2 6 0 14 1 10 14 14
0 0 0 0 L
0 1 0 1 L
0 2 0 2 L
0 3 0 3 R
0 4 0 4 R
0 5 0 5 R
0 6 0 6 R
0 7 0 7 D
0 8 0 8 D
0 9 0 9 D
0 10 0 10 U
0 11 0 11 U
0 12 0 12 U
0 13 0 13 U
1 0 10 10 U
1 1 0 11 U
1 2 3 10 U
1 3 0 7 D
1 4 0 10 U
1 5 14 11 U
1 6 2 6 R
1 7 0 6 R
1 8 0 10 U
1 9 0 5 R
1 10 0 3 R
1 11 0 1 L
1 12 13 1 L
1 13 4 13 U
2 0 0 4 R
2 1 0 9 D
2 2 1 2 L
2 3 0 8 D
2 4 7 8 D
2 5 7 5 R
2 6 1 9 D
2 7 5 7 D
2 8 1 8 D
2 9 5 9 D
2 10 9 3 R
2 11 7 3 R
2 12 11 12 U
2 13 12 8 D
3 0 6 9 D
3 1 6 1 L
3 2 10 11 U
3 3 0 12 U
3 4 4 11 U
3 5 9 10 U
3 6 0 13 U
3 7 1 7 D
3 8 4 6 R
3 9 7 4 R
3 10 0 7 D
3 11 11 1 L
3 12 5 12 U
3 13 2 13 U
4 0 0 10 U
4 1 2 1 L
4 2 12 3 R
4 3 8 8 D
4 4 2 4 R
4 5 3 5 R
4 6 5 11 U
4 7 1 7 D
4 8 0 3 R
4 9 6 2 L
4 10 12 4 R
4 11 0 9 D
4 12 8 4 R
5 0 2 7 D
5 1 2 4 R
5 2 7 10 U
5 4 6 7 D
5 5 0 12 U
5 6 13 7 D
5 7 3 4 R
5 8 1 2 L
5 9 3 1 L
5 10 9 1 L
5 11 1 9 D
5 12 7 5 R
6 0 13 0 L
6 1 5 10 U
6 2 3 7 D
6 3 11 9 D
6 4 12 10 U
6 5 5 5 R
6 7 7 0 L
6 8 0 11 U
6 9 2 9 D
6 10 0 1 L
6 11 8 0 L
6 12 11 5 R
6 13 4 8 D
7 0 6 11 U
7 1 10 1 L
7 2 4 2 L
7 3 0 2 L
7 4 9 4 R
7 6 1 6 R
7 7 0 12 U
7 8 1 8 D
7 9 0 4 R
7 10 0 6 R
7 11 11 11 U
7 12 1 4 R
8 0 9 12 U
8 1 0 8 D
8 2 4 2 L
8 3 2 3 R
8 4 11 11 U
8 5 7 5 R
8 7 0 13 U
8 8 5 2 L
8 9 1 9 D
8 10 2 10 U
8 11 1 3 R
8 12 12 0 L
9 0 15 13 U
9 1 2 8 D
9 2 14 2 L
9 3 4 3 R
9 4 2 9 D
9 7 0 0 L
9 8 7 8 D
9 9 2 9 D
9 10 3 8 D
9 11 5 9 D
9 12 0 4 R
10 0 4 6 R
10 1 5 7 D
10 2 5 2 L
10 3 3 3 R
10 4 1 4 R
10 7 5 3 R
10 8 8 3 R
10 9 4 3 R
10 10 1 3 R
10 11 5 4 R
10 12 9 12 U
11 0 6 0 L
11 1 2 3 R
11 2 12 8 D
11 3 2 0 L
11 4 0 9 D
11 7 3 2 L
11 8 1 8 D
11 9 7 2 L
11 10 2 0 L
11 11 6 8 D
11 12 0 8 D
12 0 0 7 D
12 1 7 12 U
12 2 8 2 L
12 3 2 11 U
12 4 0 0 L
12 7 0 4 R
12 8 2 0 L
12 9 2 9 D
12 10 9 10 U
12 11 8 11 U
12 12 2 12 U
13 0 4 3 R
13 1 4 12 U
13 2 2 2 L
13 3 5 2 L
13 4 2 4 R
13 5 0 7 D
13 7 1 5 R
13 8 12 0 L
13 11 11 2 L
13 13 10 4 R
14 1 6 1 L
14 3 15 10 U
14 4 7 4 R
14 7 1 2 L
14 8 0 1 L
14 9 0 2 L
15 4 9 12 U
15 7 6 7 D
15 8 12 4 R
16 4 12 7 D
16 7 4 0 L
16 8 13 5 R

