9 9 66
1 0 5 0 0 0 2 0 0 6 0
0 0 0 0 0 4 5 0 0 0 7
0 3 0 0 1 0 0 0 0 0 7
0 0 0 5 0 3 0 0 3 0 0
3 0 7 0 3 0 5 0 2 0 0
0 0 7 0 0 0 4 0 0 0 5
6 0 0 8 0 0 0 6 0 5 0
3 2 5 2 3 7 0 6 0 3 0
1 4 0 0 7 0 1 3 0 0 0
0 0 0 0 0 0 0 0 0 0 0
2 0 0 5 0 0 0 0 8 5 6
0 0 0 0 D
0 1 0 1 D
0 2 0 2 R
0 3 0 3 R
0 4 0 4 R
0 5 0 5 U
0 6 0 6 U
0 7 0 7 L
0 8 0 8 L
1 0 0 8 L
1 1 4 2 R
1 2 3 6 U
1 3 0 5 U
1 4 8 5 U
1 5 0 7 L
1 6 2 1 D
1 7 0 5 U
1 8 2 1 D
2 0 4 0 D
2 1 1 1 D
2 2 0 0 D
2 3 0 8 L
2 5 3 2 R
2 6 0 1 D
2 7 0 3 R
2 8 1 8 L
3 0 2 5 U
3 1 0 3 R
3 2 0 7 L
3 3 1 7 L
3 4 2 0 D
3 5 0 0 D
3 6 1 6 U
3 7 0 0 D
3 8 0 6 U
4 0 0 2 R
4 1 1 2 R
4 2 1 0 D
4 3 2 3 R
4 5 0 2 R
4 6 0 3 R
4 7 2 0 D
4 8 3 6 U
5 0 1 7 L
5 1 2 3 R
5 2 2 5 U
5 3 3 5 U
5 5 4 2 R
5 6 4 6 U
5 7 6 5 U
5 8 3 1 D
6 0 5 7 L
6 1 0 5 U
6 2 1 2 R
6 3 1 3 R
6 5 4 8 L
6 7 0 2 R
7 0 3 4 R
7 1 6 4 R
7 2 0 1 D
7 3 2 3 R
7 5 0 8 L
7 7 0 1 D
8 0 0 7 L
8 3 0 6 U
8 5 5 2 R

