16 11 142
0 5 2 8 1 0 0 6 0 11 7 0 0
0 12 0 2 0 10 9 8 3 0 0 0 11
4 0 14 0 0 0 1 0 14 0 8 11 0
1 11 0 0 0 15 0 4 0 5 0 12 0
1 0 0 0 9 0 7 0 0 11 7 13 0
0 11 12 0 0 0 11 5 0 5 0 0 0
1 0 0 10 0 14 0 4 11 4 0 6 10
6 0 0 15 7 0 0 0 12 0 0 0 8
0 1 15 0 12 0 13 0 0 5 12 0 2
0 0 4 0 0 0 0 0 0 0 0 13 0
4 4 7 7 6 0 0 0 0 0 0 6 13
6 0 0 11 0 0 13 10 0 4 14 0 0
0 9 0 10 0 10 9 0 5 11 10 0 0
0 0 0 0 L
0 1 0 1 L
0 2 0 2 L
0 3 0 3 R
0 4 0 4 R
0 5 0 5 R
0 6 0 6 D
0 7 0 7 D
0 8 0 8 U
0 9 0 9 U
0 10 0 10 U
1 0 0 6 D
1 1 0 8 U
1 2 7 2 L
1 3 7 3 R
1 4 0 7 D
1 5 2 5 R
1 6 0 3 R
1 7 0 1 L
1 8 4 8 U
1 9 6 3 R
1 10 3 10 U
2 0 3 8 U
2 1 1 1 L
2 2 7 3 R
2 3 0 6 D
2 4 10 8 U
2 5 7 0 L
2 6 1 10 U
2 7 6 4 R
2 8 0 3 R
2 9 0 4 R
2 10 1 4 R
3 0 0 9 U
3 1 7 8 U
3 2 1 7 D
3 3 4 9 U
3 4 10 4 R
3 5 0 0 L
3 6 1 4 R
3 7 0 0 L
3 8 0 7 D
3 9 5 4 R
3 10 5 10 U
4 0 2 6 D
4 1 0 10 U
4 2 3 10 U
4 3 0 8 U
4 4 1 9 U
4 5 1 5 R
4 6 3 6 D
4 7 5 7 D
4 8 3 5 R
4 9 0 5 R
4 10 6 10 U
5 0 4 8 U
5 1 4 1 L
5 3 1 6 D
5 4 9 7 D
5 5 1 5 R
5 6 1 6 D
5 7 9 7 D
5 8 0 1 L
5 10 0 4 R
6 0 11 9 U
6 1 0 7 D
6 2 2 2 L
6 3 1 3 R
6 4 5 7 D
6 5 2 9 U
6 6 0 5 R
6 7 0 4 R
6 8 0 2 L
6 10 0 1 L
7 0 8 0 L
7 1 8 6 D
7 2 2 2 L
7 3 1 10 U
7 4 2 4 R
7 5 4 7 D
7 6 9 3 R
7 7 5 7 D
7 8 4 4 R
7 9 11 1 L
7 10 6 10 U
8 0 2 4 R
8 1 2 6 D
8 3 12 1 L
8 4 11 4 R
8 6 10 6 D
8 7 0 8 U
8 8 7 3 R
8 9 5 3 R
8 10 7 3 R
9 0 4 0 L
9 1 1 10 U
9 2 4 2 L
9 3 0 0 L
9 4 6 4 R
9 6 3 6 D
9 7 5 7 D
9 8 3 2 L
9 10 7 7 D
10 0 2 0 L
10 1 1 1 L
10 3 13 6 D
10 4 2 4 R
10 6 0 1 L
10 7 3 3 R
10 8 1 0 L
10 10 0 7 D
11 0 1 0 L
11 1 10 1 L
11 3 0 9 U
11 4 7 6 D
11 6 0 9 U
11 7 5 7 D
11 8 0 0 L
11 9 6 0 L
11 10 7 10 U
12 1 4 1 L
12 3 1 3 R
12 5 6 5 R
12 6 13 6 D
12 7 1 7 D
12 8 7 8 U
12 9 7 9 U
12 10 7 6 D
13 0 1 9 U
13 1 5 1 L
13 3 4 2 L
13 6 7 10 U
13 7 4 0 L
13 8 12 1 L
13 9 12 9 U
14 3 1 3 R
14 6 11 8 U
14 7 11 7 D
14 8 1 3 R
15 3 2 7 D
15 6 4 6 D
15 8 5 8 U

