18 18 273
0 7 0 13 5 3 0 4 12 12 16 17 11
0 0 2 0 0 2 0 13 0 0 16 0 4
4 0 6 0 5 9 11 0 0 0 0 0 0
8 13 0 0 0 0 13 0 0 0 14 0 5
0 4 0 14 11 0 0 0 0 10 2 0 7
6 4 1 7 14 15 0 6 9 8 15 0 8
6 0 12 0 0 0 4 15 15 7 0 15 0
7 3 0 0 10 11 0 0 0 13 0 0 5
9 0 0 13 16 0 5 15 14 0 0 13 0
1 8 0 0 13 0 15 0 7 0 2 7 9
12 1 14 0 3 12 1 1 15 14 12 10 5
0 13 11 16 0 0 0 0 0 8 2 0 10
12 1 6 0 1 2 0 16 1 1 4 11 7
0 0 0 0 R
0 1 0 1 R
0 2 0 2 R
0 3 0 3 R
0 4 0 4 U
0 5 0 5 U
0 6 0 6 U
0 7 0 7 U
0 8 0 8 U
0 9 0 9 D
0 10 0 10 D
0 11 0 11 D
0 12 0 12 D
0 13 0 13 D
0 14 0 14 L
0 15 0 15 L
0 16 0 16 L
0 17 0 17 L
1 0 3 7 U
1 1 6 1 R
1 2 2 2 R
1 3 8 3 R
1 4 0 0 R
1 5 10 2 R
1 6 0 10 D
1 7 0 11 D
1 8 10 14 L
1 9 0 1 R
1 10 6 10 D
1 11 0 2 R
1 12 10 12 D
1 13 7 13 D
1 14 4 5 U
1 15 0 5 U
1 16 5 4 U
1 17 4 17 L
2 0 1 4 U
2 1 0 4 U
2 2 0 11 D
2 3 3 6 U
2 4 0 10 D
2 5 0 15 L
2 6 3 6 U
2 7 10 7 U
2 8 13 8 U
2 9 10 9 D
2 10 3 0 R
2 11 4 14 L
2 12 6 2 R
2 13 0 15 L
2 14 0 9 D
2 15 0 3 R
2 16 5 16 L
2 17 12 17 L
3 0 0 5 U
3 1 0 7 U
3 2 1 2 R
3 3 4 14 L
3 4 1 4 U
3 5 4 14 L
3 6 0 12 D
3 7 0 13 D
3 8 0 17 L
3 9 0 0 R
3 10 0 15 L
3 11 0 14 L
3 12 2 12 D
3 13 1 16 L
3 14 10 14 L
3 15 0 7 U
3 16 1 16 L
3 17 11 4 U
4 0 1 9 D
4 1 6 1 R
4 2 6 4 U
4 3 2 5 U
4 4 0 16 L
4 5 2 10 D
4 6 1 6 U
4 7 3 13 D
4 8 2 8 U
4 9 2 0 R
4 10 5 10 D
4 11 9 11 D
4 12 12 12 D
4 13 3 1 R
4 14 10 9 D
4 15 0 4 U
4 16 3 16 L
4 17 1 17 L
5 0 11 0 R
5 1 1 4 U
5 2 0 10 D
5 3 7 7 U
5 4 6 1 R
5 5 9 5 U
5 6 1 11 D
5 7 1 3 R
5 8 3 9 D
5 9 6 9 D
5 10 12 2 R
5 11 1 11 D
5 12 3 16 L
5 13 6 2 R
5 14 13 8 U
5 15 0 12 D
5 16 0 3 R
5 17 1 13 D
6 0 0 9 D
6 1 14 6 U
6 2 8 10 D
6 3 7 13 D
6 4 1 4 U
6 5 0 14 L
6 6 13 6 U
6 7 9 7 U
6 8 1 8 U
6 9 11 16 L
6 10 11 10 D
6 11 3 0 R
6 12 0 7 U
6 13 2 13 D
6 14 5 4 U
6 15 7 2 R
6 16 0 6 U
6 17 1 17 L
7 0 4 5 U
7 1 4 7 U
7 2 10 7 U
7 3 5 14 L
7 4 4 9 D
7 5 13 5 U
7 6 13 1 R
7 7 3 7 U
7 9 1 17 L
7 10 11 5 U
7 11 0 16 L
7 12 2 14 L
7 13 2 13 D
7 14 1 10 D
7 15 10 15 L
7 16 1 8 U
7 17 2 17 L
8 0 2 14 L
8 1 6 11 D
8 2 1 13 D
8 3 0 8 U
8 4 6 9 D
8 5 6 14 L
8 6 10 16 L
8 7 0 1 R
8 8 3 8 U
8 9 6 17 L
8 10 12 4 U
8 11 11 16 L
8 12 6 3 R
8 13 9 5 U
8 14 2 6 U
8 15 9 15 L
8 16 10 1 R
8 17 3 10 D
9 0 3 15 L
9 1 0 6 U
9 2 4 2 R
9 3 5 12 D
9 4 0 3 R
9 5 8 16 L
9 6 10 6 U
9 7 1 7 U
9 9 0 17 L
9 10 11 10 D
9 11 7 15 L
9 13 7 14 L
9 14 0 13 D
9 15 0 0 R
9 16 7 8 U
9 17 8 7 U
10 0 0 11 D
10 1 1 9 D
10 2 12 4 U
10 3 14 3 R
10 4 0 1 R
10 5 15 5 U
10 6 0 9 D
10 7 1 7 U
10 9 8 15 L
10 10 6 10 D
10 11 5 11 D
10 12 0 17 L
10 13 1 13 D
10 14 0 2 R
10 15 9 15 L
10 16 5 10 D
10 17 1 17 L
11 0 8 10 D
11 1 0 14 L
11 2 15 8 U
11 3 4 3 R
11 4 6 4 U
11 5 13 5 U
11 6 1 0 R
11 7 0 15 L
11 9 12 0 R
11 10 12 1 R
11 11 0 5 U
11 13 14 0 R
11 14 10 14 L
11 15 4 6 U
11 16 9 16 L
11 17 4 11 D
12 0 3 4 U
12 1 4 1 R
12 2 1 7 U
12 3 4 3 R
12 4 1 3 R
12 5 14 15 L
12 6 10 9 D
12 7 3 16 L
12 8 10 12 D
12 9 0 4 U
12 10 6 2 R
12 11 3 11 D
12 13 11 13 D
12 14 1 9 D
12 15 7 15 L
12 16 16 6 U
13 0 14 0 R
13 1 0 12 D
13 2 5 7 U
13 3 2 7 U
13 4 9 0 R
13 5 16 0 R
13 6 3 10 D
13 7 1 7 U
13 9 10 9 D
13 10 11 10 D
13 11 9 1 R
13 12 9 15 L
13 13 8 14 L
13 14 5 10 D
13 15 1 10 D
13 16 0 2 R
14 0 0 13 D
14 1 7 1 R
14 2 6 11 D
14 3 1 3 R
14 4 16 4 U
14 6 13 6 U
14 7 4 7 U
14 9 8 14 L
14 10 0 2 R
14 11 2 11 D
14 13 13 16 L
14 14 2 0 R
14 15 13 5 U
15 0 14 4 U
15 1 2 13 D
15 4 14 14 L
15 7 13 7 U
15 9 5 1 R
15 10 7 16 L
15 13 5 13 D
15 14 12 7 U
15 15 1 15 L
16 0 1 0 R
16 4 10 11 D
16 7 0 12 D
16 9 12 3 R
16 10 2 3 R
16 13 9 3 R
16 14 5 9 D
16 15 4 4 U
17 7 12 13 D

