22 13 244
8 13 0 0 0 0 0 0 0 0 0 0 0 0 0 15 2
16 0 0 0 0 0 0 0 0 0 0 0 0 12 0 19 16
2 0 0 0 17 4 14 0 0 13 0 0 0 0 0 0 8
0 11 0 0 0 18 16 0 0 0 0 0 0 18 0 0 1
19 0 1 16 3 7 0 0 0 0 0 0 0 0 0 21 0
0 5 17 7 17 15 0 19 0 0 18 0 19 0 12 2 6
13 18 15 0 0 0 15 0 20 5 0 0 0 0 0 0 16
0 9 0 10 16 0 0 0 2 1 2 0 0 0 0 8 0
0 15 1 9 0 2 0 0 0 2 0 1 1 0 0 0 18
16 0 0 17 0 0 16 0 0 7 15 0 0 0 19 0 18
0 0 0 0 0 16 0 0 0 0 1 0 0 0 6 11 0
0 0 0 15 0 4 4 0 0 0 14 0 0 0 0 0 19
0 5 0 5 0 5 20 0 0 0 0 0 21 0 0 0 20
5 0 15 0 0 5 4 0 16 0 2 5 0 15 6 0 0
6 0 0 4 0 6 0 4 19 0 0 0 3 14 0 14 5
0 0 5 0 9 12 1 4 5 0 4 12 0 0 2 0 9
19 18 15 0 14 3 11 0 0 17 1 0 14 15 0 13 0
0 0 0 0 D
0 1 0 1 D
0 2 0 2 D
0 3 0 3 D
0 4 0 4 R
0 5 0 5 R
0 6 0 6 R
0 7 0 7 U
0 8 0 8 U
0 9 0 9 U
0 10 0 10 L
0 11 0 11 L
0 12 0 12 L
1 0 0 11 L
1 1 2 1 D
1 2 0 8 U
1 3 2 3 D
1 4 4 4 R
1 5 3 3 D
1 6 0 1 D
1 7 5 10 L
1 8 5 8 U
1 9 10 9 U
1 10 6 10 L
1 11 2 11 L
1 12 7 12 L
2 0 0 4 R
2 1 3 1 D
2 2 8 2 D
2 4 13 10 L
2 5 4 5 R
2 6 1 0 D
2 7 1 7 U
2 8 0 6 R
2 9 0 10 L
2 10 0 1 D
2 11 5 0 D
2 12 6 12 L
3 0 14 11 L
3 1 9 11 L
3 2 2 2 D
3 3 11 4 R
3 4 0 7 U
3 5 0 11 L
3 6 0 3 D
3 7 5 4 R
3 8 0 4 R
3 9 14 5 R
3 10 7 10 L
3 11 0 8 U
3 12 0 2 D
4 0 13 4 R
4 1 7 1 D
4 2 0 4 R
4 4 0 8 U
4 5 12 8 U
4 6 2 6 R
4 7 0 10 L
4 8 5 8 U
4 9 1 9 U
4 10 0 0 D
4 11 3 11 L
4 12 2 12 L
5 0 0 9 U
5 1 0 7 U
5 2 8 5 R
5 4 9 4 R
5 5 11 5 R
5 6 4 6 R
5 7 13 1 D
5 8 4 8 U
5 9 1 4 R
5 10 0 9 U
5 11 4 11 L
5 12 2 12 L
6 0 0 10 L
6 1 0 5 R
6 2 2 2 D
6 4 7 9 U
6 5 0 0 D
6 6 5 6 R
6 7 0 12 L
6 8 1 12 L
6 9 3 9 U
6 10 1 8 U
6 11 0 7 U
6 12 0 0 D
7 0 12 6 R
7 1 3 5 R
7 2 6 2 D
7 4 3 7 U
7 5 1 5 R
7 6 6 8 U
7 7 11 5 R
7 8 6 8 U
7 9 5 5 R
7 10 13 2 D
7 11 9 1 D
7 12 16 12 L
8 0 3 0 D
8 1 14 12 L
8 2 2 2 D
8 4 11 2 D
8 5 13 7 U
8 6 17 6 R
8 7 0 0 D
8 8 2 4 R
8 9 0 11 L
8 10 9 0 D
8 11 4 1 D
8 12 2 9 U
9 0 3 12 L
9 1 12 10 L
9 2 0 11 L
9 4 1 1 D
9 5 10 2 D
9 6 11 1 D
9 7 12 10 L
9 8 8 4 R
9 9 13 6 R
9 10 12 7 U
9 11 4 11 L
9 12 14 0 D
10 0 18 5 R
10 1 4 1 D
10 2 11 12 L
10 4 2 1 D
10 5 8 2 D
10 6 5 6 R
10 7 5 7 U
10 8 7 5 R
10 9 3 9 U
10 10 15 1 D
10 11 3 11 L
10 12 7 1 D
11 0 4 0 D
11 1 12 4 R
11 2 2 2 D
11 4 12 2 D
11 5 0 9 U
11 6 6 1 D
11 7 15 10 L
11 8 0 5 R
11 9 0 4 R
11 10 6 10 L
11 11 4 11 L
11 12 6 12 L
12 0 0 8 U
12 1 4 1 D
12 2 4 4 R
12 3 0 12 L
12 4 1 7 U
12 5 3 0 D
12 6 4 0 D
12 7 5 11 L
12 8 18 12 L
12 9 0 6 R
12 10 0 6 R
12 11 7 8 U
12 12 0 7 U
13 0 4 0 D
13 1 0 6 R
13 2 2 2 D
13 4 0 10 L
13 5 14 7 U
13 6 8 6 R
13 7 14 6 R
13 8 2 8 U
13 9 16 9 U
13 10 12 8 U
13 11 0 0 D
13 12 15 6 R
14 0 6 11 L
14 1 0 10 L
14 2 9 4 R
14 4 8 7 U
14 5 8 0 D
14 6 3 10 L
14 7 4 7 U
14 8 10 4 R
14 9 2 6 R
14 10 7 7 U
14 11 6 7 U
14 12 0 5 R
15 0 4 0 D
15 1 3 10 L
15 2 17 2 D
15 4 18 4 R
15 5 13 11 L
15 6 2 6 R
15 7 9 12 L
15 8 20 11 L
15 9 1 9 U
15 10 12 6 R
15 11 11 11 L
15 12 4 0 D
16 0 10 0 D
16 1 8 1 D
16 2 3 2 D
16 4 5 4 R
16 5 15 1 D
16 6 2 0 D
16 7 10 0 D
16 8 18 8 U
16 9 20 4 R
16 10 14 4 R
16 11 12 2 D
16 12 19 12 L
17 0 9 7 U
17 1 4 1 D
17 4 5 8 U
17 5 16 5 R
17 6 1 11 L
17 7 16 10 L
17 9 18 9 U
17 10 4 0 D
17 11 3 1 D
17 12 0 1 D
18 0 1 0 D
18 1 16 6 R
18 4 17 10 L
18 5 1 0 D
18 6 4 9 U
18 7 9 7 U
18 9 10 1 D
18 10 5 10 L
18 11 7 11 L
18 12 17 12 L
19 0 17 0 D
19 4 8 4 R
19 5 5 5 R
19 6 16 0 D
19 7 10 7 U
19 9 11 6 R
19 10 0 4 R
19 11 1 8 U
19 12 5 12 L
20 0 5 6 R
20 4 1 0 D
20 5 2 5 R
20 6 12 7 U
20 10 14 0 D
21 0 7 10 L
21 6 4 6 R

