14 13 153
7 0 0 10 0 0 0 0 0 0 4 11 0
0 8 6 0 0 0 0 0 2 0 0 0 0
0 7 0 7 0 10 0 0 4 0 0 0 4
0 12 0 0 0 0 12 0 0 0 0 12 0
0 8 0 0 0 4 7 0 0 0 9 0 9
8 9 0 0 0 0 0 0 0 0 11 0 0
0 0 0 6 0 3 0 0 3 13 5 0 0
0 0 9 0 0 0 0 0 0 9 0 0 4
0 0 0 0 0 0 0 0 6 0 0 0 0
0 0 6 0 0 13 0 0 0 0 7 0 12
2 11 0 0 0 0 0 0 0 0 0 0 5
8 0 0 0 0 0 0 0 0 0 0 0 3
4 0 0 0 0 0 0 0 0 0 0 0 5
0 0 0 0 L
0 1 0 1 L
0 2 0 2 L
0 3 0 3 R
0 4 0 4 R
0 5 0 5 R
0 6 0 6 D
0 7 0 7 D
0 8 0 8 D
0 9 0 9 D
0 10 0 10 U
0 11 0 11 U
0 12 0 12 U
1 0 9 11 U
1 1 6 1 L
1 2 6 2 L
1 3 4 3 R
1 4 5 9 D
1 5 2 7 D
1 6 0 3 R
1 7 0 0 L
1 8 7 8 D
1 9 6 0 L
1 10 4 0 L
1 11 5 11 U
1 12 2 2 L
2 0 0 6 D
2 1 0 9 D
2 2 6 7 D
2 3 10 9 D
2 4 3 8 D
2 5 0 8 D
2 6 5 2 L
2 7 1 7 D
2 8 9 4 R
2 9 1 10 U
2 10 0 3 R
2 11 0 1 L
2 12 5 12 U
3 0 1 8 D
3 1 6 6 D
3 2 10 9 D
3 3 0 12 U
3 4 9 4 R
3 5 1 11 U
3 6 7 0 L
3 7 5 1 L
3 8 7 1 L
3 9 6 9 D
3 10 4 3 R
3 11 7 0 L
3 12 4 2 L
4 0 0 10 U
4 1 5 3 R
4 2 10 7 D
4 3 8 6 D
4 4 1 6 D
4 5 5 8 D
4 6 0 4 R
4 7 2 7 D
4 8 0 2 L
4 9 1 9 D
4 10 3 2 L
4 11 2 3 R
5 0 6 3 R
5 1 7 1 L
5 2 0 7 D
5 3 7 6 D
5 4 0 11 U
5 5 3 10 U
5 6 9 1 L
5 7 3 7 D
5 8 10 8 D
5 9 2 9 D
5 10 3 5 R
5 11 1 1 L
5 12 1 1 L
6 0 0 3 R
6 1 0 4 R
6 2 10 12 U
6 3 3 12 U
6 4 0 0 L
6 5 8 5 R
6 6 0 10 U
6 7 7 5 R
6 8 1 4 R
6 9 0 12 U
6 10 2 4 R
6 11 5 11 U
6 12 2 12 U
7 0 8 10 U
7 1 6 10 U
7 2 3 2 L
7 3 1 10 U
7 4 2 6 D
7 5 1 6 D
7 6 1 0 L
7 7 1 0 L
7 8 3 0 L
7 9 12 0 L
7 10 11 5 R
7 11 3 11 U
7 12 3 12 U
8 0 5 6 D
8 1 4 3 R
8 2 2 10 U
8 3 0 1 L
8 4 0 7 D
8 5 1 9 D
8 6 7 3 R
8 7 3 2 L
8 8 2 8 D
8 10 4 2 L
8 11 0 0 L
8 12 4 5 R
9 0 8 0 L
9 1 6 5 R
9 2 6 10 U
9 3 1 12 U
9 4 7 10 U
9 5 1 2 L
9 6 0 11 U
9 7 10 4 R
9 8 6 3 R
9 9 7 5 R
9 10 2 10 U
9 11 11 2 L
10 0 5 12 U
10 1 1 6 D
10 2 0 8 D
10 3 8 7 D
10 5 9 0 L
10 6 1 4 R
10 7 12 5 R
10 10 8 4 R
10 11 11 11 U
10 12 0 5 R
11 0 5 8 D
11 1 5 4 R
11 3 9 8 D
11 4 4 0 L
11 5 3 6 D
11 6 1 1 L
11 7 2 7 D
11 10 3 0 L
11 11 2 2 L
12 0 6 10 U
12 1 7 8 D
12 3 11 11 U
12 6 11 6 D
12 10 1 1 L
13 0 5 5 R
13 1 10 7 D

