23 23 436
3 17 8 17 11 13 17 0 3 0 15 15
12 7 0 0 8 0 14 0 0 0 0 9
0 12 0 13 21 19 0 0 21 8 0 20
0 6 0 9 11 2 16 12 0 0 20 13
14 0 17 13 0 10 0 19 15 16 0 0
16 0 0 14 0 2 0 0 0 0 0 9
0 17 0 12 0 0 11 0 17 7 0 0
14 21 15 0 5 0 8 7 0 1 0 20
0 3 0 19 11 0 7 19 0 0 15 0
0 2 0 20 0 0 0 18 0 0 20 20
14 0 0 0 0 1 14 19 0 0 0 12
15 8 16 15 17 13 8 16 0 0 0 18
0 0 0 0 U
0 1 0 1 U
0 2 0 2 U
0 3 0 3 U
0 4 0 4 U
0 5 0 5 R
0 6 0 6 R
0 7 0 7 R
0 8 0 8 R
0 9 0 9 R
0 10 0 10 R
0 11 0 11 D
0 12 0 12 D
0 13 0 13 D
0 14 0 14 D
0 15 0 15 D
0 16 0 16 D
0 17 0 17 L
0 18 0 18 L
0 19 0 19 L
0 20 0 20 L
0 21 0 21 L
0 22 0 22 L
1 0 11 6 R
1 1 12 1 U
1 2 11 7 R
1 3 4 3 U
1 4 11 8 R
1 5 0 0 U
1 6 9 4 U
1 7 0 18 L
1 8 2 8 R
1 9 8 9 R
1 10 10 17 L
1 11 0 5 R
1 12 9 19 L
1 13 0 17 L
1 14 0 20 L
1 15 6 18 L
1 16 2 17 L
1 17 4 13 D
1 18 0 6 R
1 19 13 19 L
1 20 6 14 D
1 21 8 21 L
1 22 0 14 D
2 0 17 6 R
2 1 6 6 R
2 2 13 10 R
2 3 16 3 U
2 4 4 4 U
2 5 0 17 L
2 6 3 19 L
2 7 5 4 U
2 8 1 4 U
2 9 17 11 D
2 10 10 10 R
2 11 5 18 L
2 12 13 5 R
2 13 0 18 L
2 14 7 14 D
2 15 1 15 D
2 16 9 16 D
2 17 1 12 D
2 18 17 12 D
2 19 6 19 L
2 20 14 2 U
2 21 6 21 L
2 22 11 22 L
3 0 6 20 L
3 1 6 17 L
3 2 4 7 R
3 3 10 10 R
3 4 7 18 L
3 5 8 12 D
3 6 15 11 D
3 7 8 7 R
3 8 15 14 D
3 9 7 9 R
3 10 1 10 R
3 11 11 11 D
3 12 9 22 L
3 13 7 2 U
3 14 15 7 R
3 15 9 21 L
3 16 14 3 U
3 17 7 3 U
3 18 9 3 U
3 19 10 15 D
3 20 8 11 D
3 21 10 0 U
3 22 8 22 L
4 0 2 21 L
4 1 2 5 R
4 2 6 2 U
4 3 10 3 U
4 4 1 18 L
4 5 9 2 U
4 6 16 6 R
4 7 11 7 R
4 8 11 8 R
4 9 11 9 R
4 10 1 10 R
4 11 5 11 D
4 12 0 3 U
4 13 1 13 D
4 14 20 18 L
4 15 1 15 D
4 16 6 16 D
4 17 3 4 U
4 18 0 3 U
4 19 7 2 U
4 20 3 16 D
4 21 8 21 L
4 22 5 15 D
5 0 1 0 U
5 1 12 17 L
5 2 20 9 R
5 3 13 6 R
5 4 2 4 U
5 5 7 18 L
5 6 0 2 U
5 7 16 3 U
5 8 11 8 R
5 9 10 21 L
5 11 9 18 L
5 12 6 2 U
5 13 11 1 U
5 14 9 14 D
5 16 4 20 L
5 17 0 11 D
5 18 22 2 U
5 19 13 2 U
5 20 19 3 U
5 21 10 1 U
5 22 0 15 D
6 0 5 10 R
6 1 0 17 L
6 2 8 6 R
6 3 0 10 R
6 4 0 22 L
6 5 5 12 D
6 6 5 13 D
6 7 2 7 R
6 8 5 8 R
6 9 10 9 R
6 10 0 2 U
6 11 1 17 L
6 12 2 12 D
6 13 4 8 R
6 14 15 6 R
6 15 9 8 R
6 16 4 16 D
6 17 12 12 D
6 18 10 11 D
6 19 7 0 U
6 20 9 16 D
6 21 20 14 D
6 22 5 12 D
7 0 4 19 L
7 1 0 5 R
7 2 14 2 U
7 3 17 7 R
7 4 13 5 R
7 5 0 1 U
7 6 15 17 L
7 7 2 7 R
7 8 19 8 R
7 9 12 13 D
7 10 13 10 R
7 11 8 0 U
7 12 19 1 U
7 13 5 7 R
7 14 10 6 R
7 16 5 16 D
7 17 3 5 R
7 18 2 18 L
7 19 1 19 L
7 20 10 20 L
7 21 12 21 L
7 22 2 12 D
8 0 4 22 L
8 1 2 17 L
8 2 0 9 R
8 3 18 17 L
8 4 2 10 R
8 5 14 16 D
8 6 2 6 R
8 7 16 7 R
8 8 3 8 R
8 9 3 9 R
8 10 3 10 R
8 11 0 2 U
8 12 0 1 U
8 13 9 6 R
8 14 15 19 L
8 16 0 20 L
8 17 14 17 L
8 18 3 6 R
8 19 14 4 U
8 20 9 15 D
8 21 4 21 L
8 22 3 4 U
9 0 4 7 R
9 1 10 1 U
9 2 1 2 U
9 3 2 3 U
9 4 5 4 U
9 5 8 20 L
9 6 18 1 U
9 7 2 1 U
9 8 11 8 R
9 9 0 4 U
9 10 14 1 U
9 11 8 17 L
9 12 4 18 L
9 13 13 5 R
9 14 17 17 L
9 15 2 15 D
9 16 2 16 D
9 17 16 0 U
9 18 14 1 U
9 19 3 16 D
9 20 0 2 U
9 21 10 11 D
10 0 0 8 R
10 1 5 6 R
10 2 16 8 R
10 3 18 3 U
10 4 13 9 R
10 5 0 3 U
10 6 7 19 L
10 7 14 14 D
10 8 14 12 D
10 9 2 9 R
10 10 8 10 R
10 11 3 9 R
10 12 9 18 L
10 13 0 10 R
10 14 9 20 L
10 15 5 15 D
10 16 15 0 U
10 17 3 14 D
10 18 15 18 L
10 19 3 19 L
10 20 6 20 L
10 21 2 21 L
10 22 13 22 L
11 0 18 0 U
11 1 6 8 R
11 2 2 19 L
11 3 4 9 R
11 4 14 5 R
11 5 2 3 U
11 6 1 6 R
11 7 7 7 R
11 8 7 8 R
11 9 13 12 D
11 10 8 10 R
11 11 10 3 U
11 12 4 12 D
11 13 3 13 D
11 14 16 3 U
11 15 4 10 R
11 16 4 6 R
11 17 13 4 U
11 18 0 1 U
11 19 0 12 D
11 20 3 20 L
11 21 7 21 L
11 22 4 22 L
12 0 1 9 R
12 1 3 22 L
12 2 9 22 L
12 3 17 9 R
12 4 2 6 R
12 5 13 17 L
12 6 2 6 R
12 7 2 7 R
12 8 14 13 D
12 9 1 9 R
12 10 6 11 D
12 11 6 6 R
12 12 16 17 L
12 13 4 13 D
12 14 11 7 R
12 16 1 5 R
12 17 14 5 R
12 18 0 13 D
12 19 9 19 L
12 20 2 13 D
12 21 4 12 D
12 22 10 13 D
13 0 10 0 U
13 1 17 20 L
13 2 0 14 D
13 3 4 21 L
13 4 0 16 D
13 6 7 6 R
13 7 16 11 D
13 8 16 19 L
13 9 15 11 D
13 10 11 16 D
13 11 2 7 R
13 12 1 12 D
13 13 8 9 R
13 14 5 14 D
13 15 0 4 U
13 17 8 1 U
13 18 11 0 U
13 19 11 19 L
13 20 15 20 L
13 21 6 15 D
14 0 0 11 D
14 1 0 19 L
14 2 10 18 L
14 3 0 20 L
14 4 13 6 R
14 5 9 13 D
14 6 4 4 U
14 7 19 12 D
14 8 10 22 L
14 9 20 12 D
14 11 16 5 R
14 12 0 6 R
14 13 18 13 D
14 14 6 9 R
14 16 12 16 D
14 17 7 11 D
14 18 18 11 D
14 19 3 19 L
14 20 12 13 D
14 21 17 21 L
15 0 11 21 L
15 1 9 1 U
15 2 0 18 L
15 3 3 19 L
15 4 13 7 R
15 5 3 11 D
15 6 2 2 U
15 7 0 19 L
15 8 8 11 D
15 9 3 9 R
15 11 8 10 R
15 12 9 12 D
15 13 7 8 R
15 14 14 14 D
15 16 5 18 L
15 17 9 16 D
15 18 7 18 L
15 19 8 4 U
15 20 10 4 U
15 21 0 16 D
16 0 3 19 L
16 1 15 1 U
16 2 12 2 U
16 3 7 22 L
16 4 13 20 L
16 5 10 0 U
16 6 17 11 D
16 7 1 19 L
16 8 10 8 R
16 9 9 9 R
16 10 5 0 U
16 11 9 5 R
16 12 8 6 R
16 13 3 21 L
16 14 11 4 U
16 15 0 6 R
16 17 0 4 U
16 18 11 4 U
16 19 17 13 D
16 20 0 5 R
16 21 1 21 L
16 22 19 5 R
17 0 2 22 L
17 1 18 18 L
17 2 3 2 U
17 3 11 19 L
17 4 19 14 D
17 5 9 5 R
17 6 16 12 D
17 7 13 7 R
17 9 2 14 D
17 11 8 1 U
17 12 15 12 D
17 13 11 3 U
17 17 0 5 R
17 18 14 13 D
17 19 1 14 D
17 20 19 14 D
17 21 6 2 U
18 0 14 17 L
18 1 11 1 U
18 2 14 2 U
18 3 17 21 L
18 4 21 8 R
18 5 14 4 U
18 6 5 19 L
18 7 9 3 U
18 9 1 9 R
18 10 4 12 D
18 11 2 11 D
18 12 1 12 D
18 13 2 13 D
18 17 21 0 U
18 18 1 16 D
18 19 6 19 L
19 0 14 9 R
19 1 11 5 R
19 3 16 20 L
19 4 4 5 R
19 6 7 14 D
19 7 6 7 R
19 11 18 5 R
19 12 1 12 D
19 13 4 13 D
19 17 2 11 D
19 18 22 0 U
19 19 4 16 D
20 0 2 7 R
20 1 10 19 L
20 4 4 4 U
20 6 6 11 D
20 7 5 21 L
20 11 9 17 L
20 12 15 3 U
20 17 13 1 U
20 19 10 16 D
21 0 14 7 R
21 1 19 7 R
21 7 1 7 R
21 12 2 12 D
21 19 2 6 R
22 12 3 6 R
22 19 8 11 D

