11 9 85
0 7 0 0 0 10 0 0 0 0 0 0 0 0 0 0
0 0 0 0 0 0 0 0 8 0 0 0 9 0 0 0
0 2 0 0 0 9 0 0 0 0 0 0 0 0 0 0
0 0 1 0 0 10 0 0 0 0 0 0 0 0 0 0
0 0 0 0 0 0 0 0 0 0 0 6 0 2 0 0
0 0 0 0 0 0 0 0 0 0 0 2 8 0 0 0
1 0 0 5 0 0 0 0 7 0 0 7 0 0 0 4
0 0 0 0 0 0 0 0 0 0 0 0 0 0 0 0
0 0 0 0 0 0 0 0 0 0 8 0 0 0 0 0
0 0 0 0 0 0 1 0 0 0 0 0 0 2 0 0
5 3 0 2 0 10 7 0 0 0 0 0 6 0 0 0
0 0 0 0 0 0 0 0 0 0 0 0 0 7 0 0
0 0 0 0 0 0 0 0 8 0 0 0 7 0 0 0
0 1 0 0 0 9 10 0 0 0 9 8 0 0 0 0
0 1 0 0 0 0 0 0 0 0 7 0 0 2 0 0
7 3 0 0 0 0 0 0 0 0 0 0 0 8 0 0
0 0 0 0 L
0 1 0 1 L
0 2 0 2 L
0 3 0 3 R
0 4 0 4 R
0 5 0 5 D
0 6 0 6 D
0 7 0 7 U
0 8 0 8 U
1 0 0 3 R
1 1 3 1 L
1 2 7 6 D
1 3 2 5 D
1 4 2 4 R
1 5 3 2 L
1 6 3 6 D
1 7 3 3 R
1 8 0 3 R
2 0 3 6 D
2 1 4 1 L
2 2 6 2 L
2 3 0 5 D
2 4 4 4 R
2 5 4 3 R
2 6 0 3 R
2 7 0 0 L
2 8 0 4 R
3 0 0 5 D
3 1 5 6 D
3 2 0 6 D
3 3 5 8 U
3 4 0 8 U
3 5 6 4 R
3 6 4 4 R
3 7 7 0 L
3 8 4 5 D
4 0 2 7 U
4 1 1 1 L
4 2 3 2 L
4 3 0 0 L
4 4 1 7 U
4 5 0 1 L
4 6 6 0 L
4 7 5 0 L
4 8 1 4 R
5 0 1 0 L
5 1 0 4 R
5 3 0 6 D
5 4 0 7 U
5 5 4 1 L
5 6 2 4 R
5 7 3 4 R
5 8 1 8 U
6 0 0 7 U
6 1 5 5 D
6 3 4 3 R
6 4 4 7 U
6 5 0 2 L
6 6 0 4 R
6 7 2 0 L
6 8 5 0 L
7 0 1 5 D
7 1 5 8 U
7 3 3 3 R
7 4 4 0 L
7 5 0 7 U
7 6 1 6 D
7 7 6 7 U
7 8 4 4 R
8 0 1 3 R
8 1 9 1 L
8 3 6 5 D
8 4 4 1 L
8 5 0 8 U
8 6 4 2 L
8 7 9 7 U
8 8 0 5 D
9 3 6 6 D
9 4 4 8 U
9 5 7 0 L
9 6 7 4 R
9 7 8 0 L
10 3 0 2 L
10 4 8 4 R
10 6 5 6 D

