36 33 978
4 17 29 0 6 0 0 33 19 0 21 31 0 0 17
0 33 0 3 32 0 2 26 28 15 30 13 0 0 30
15 0 0 23 32 22 33 18 13 0 31 30 0 0 23
12 27 0 30 0 13 0 4 32 0 24 0 8 17 18
0 23 31 0 7 0 30 27 11 0 0 19 16 0 26
13 0 0 16 0 0 0 0 34 0 2 32 12 6 7
15 28 0 0 13 0 0 31 11 23 0 0 0 0 14
29 0 0 0 0 21 25 0 11 35 0 7 0 7 30
32 0 19 29 30 0 9 0 0 0 0 0 0 0 0
0 6 13 0 0 0 30 34 18 0 0 21 0 0 0
0 29 24 17 0 0 0 15 32 6 0 34 30 28 30
32 0 25 3 29 19 0 33 13 0 8 6 0 0 31
16 5 0 4 6 27 31 11 0 0 7 25 9 7 5
15 0 0 8 21 3 20 31 0 0 0 0 0 0 18
12 27 9 22 13 0 27 3 15 0 22 0 0 0 26
0 0 0 0 L
0 1 0 1 L
0 2 0 2 L
0 3 0 3 L
0 4 0 4 L
0 5 0 5 L
0 6 0 6 L
0 7 0 7 L
0 8 0 8 L
0 9 0 9 R
0 10 0 10 R
0 11 0 11 R
0 12 0 12 R
0 13 0 13 R
0 14 0 14 R
0 15 0 15 R
0 16 0 16 R
0 17 0 17 R
0 18 0 18 D
0 19 0 19 D
0 20 0 20 D
0 21 0 21 D
0 22 0 22 D
0 23 0 23 D
0 24 0 24 D
0 25 0 25 U
0 26 0 26 U
0 27 0 27 U
0 28 0 28 U
0 29 0 29 U
0 30 0 30 U
0 31 0 31 U
0 32 0 32 U
1 0 0 20 D
1 1 3 28 U
1 2 28 32 U
1 3 2 3 L
1 4 12 20 D
1 5 26 28 U
1 6 6 25 U
1 7 10 32 U
1 8 5 30 U
1 9 0 27 U
1 10 26 1 L
1 11 0 2 L
1 12 17 26 U
1 13 8 13 R
1 14 8 14 R
1 15 11 15 R
1 16 2 16 R
1 17 11 17 R
1 18 28 10 R
1 19 3 3 L
1 20 3 20 D
1 21 12 10 R
1 22 2 22 D
1 23 9 13 R
1 24 6 2 L
1 25 16 17 R
1 26 0 21 D
1 27 6 27 U
1 28 7 28 U
1 29 3 29 U
1 30 13 23 D
1 31 10 31 U
1 32 6 32 U
2 0 22 22 D
2 1 15 19 D
2 2 0 26 U
2 3 4 25 U
2 4 9 18 D
2 5 8 5 L
2 6 14 31 U
2 7 9 7 L
2 8 5 8 L
2 9 12 19 D
2 10 7 10 R
2 11 14 11 R
2 12 0 22 D
2 13 8 22 D
2 14 8 14 R
2 15 4 30 U
2 16 4 16 R
2 17 4 17 R
2 18 0 0 L
2 19 1 8 L
2 20 28 9 R
2 21 7 14 R
2 22 17 22 D
2 23 10 5 L
2 24 26 12 R
2 25 0 20 D
2 26 4 26 U
2 27 11 6 L
2 28 16 19 D
2 29 6 1 L
2 30 0 13 R
2 31 10 6 L
2 32 0 19 D
3 0 0 27 U
3 1 28 24 D
3 2 1 23 D
3 3 0 25 U
3 4 8 4 L
3 5 5 5 L
3 6 4 6 L
3 7 8 7 L
3 8 16 27 U
3 9 23 25 U
3 10 20 10 R
3 11 0 25 U
3 12 1 12 R
3 13 8 29 U
3 14 2 14 R
3 15 1 15 R
3 16 13 26 U
3 17 15 21 D
3 18 0 25 U
3 19 9 11 R
3 20 11 12 R
3 21 2 21 D
3 22 9 13 R
3 23 6 23 D
3 24 1 24 D
3 25 29 10 R
3 26 5 11 R
3 27 4 16 R
3 28 2 28 U
3 29 0 12 R
3 30 12 1 L
3 31 20 3 L
3 32 13 14 R
4 0 27 10 R
4 1 15 10 R
4 2 13 18 D
4 3 28 18 D
4 4 18 26 U
4 5 0 24 D
4 6 5 6 L
4 7 14 24 D
4 9 0 18 D
4 10 5 20 D
4 11 6 11 R
4 12 6 12 R
4 13 14 25 U
4 14 17 14 R
4 15 14 28 U
4 16 20 23 D
4 17 8 17 R
4 18 0 2 L
4 19 9 19 D
4 20 17 20 D
4 21 1 21 D
4 22 2 4 L
4 23 26 2 L
4 24 14 24 D
4 25 0 10 R
4 26 23 6 L
4 27 1 27 U
4 28 0 10 R
4 29 22 15 R
4 30 0 2 L
4 31 29 31 U
4 32 0 18 D
5 0 20 20 D
5 1 2 19 D
5 2 8 21 D
5 3 4 3 L
5 4 0 22 D
5 5 27 22 D
5 6 11 24 D
5 9 6 29 U
5 10 14 2 L
5 11 4 29 U
5 12 11 12 R
5 13 3 13 R
5 14 9 5 L
5 15 1 15 R
5 16 8 16 R
5 17 14 17 R
5 18 8 1 L
5 19 15 0 L
5 20 3 2 L
5 21 3 6 L
5 22 2 22 D
5 23 7 23 D
5 24 24 24 D
5 25 1 24 D
5 26 0 5 L
5 27 0 19 D
5 28 18 11 R
5 29 10 15 R
5 30 15 30 U
5 31 28 31 U
5 32 0 24 D
6 0 21 31 U
6 1 12 22 D
6 2 25 28 U
6 3 13 11 R
6 4 24 4 L
6 5 18 29 U
6 6 11 6 L
6 8 10 20 D
6 9 18 18 D
6 10 22 10 R
6 11 14 25 U
6 12 21 29 U
6 13 17 13 R
6 14 16 14 R
6 15 5 21 D
6 16 8 16 R
6 17 20 20 D
6 18 10 14 R
6 19 8 19 D
6 20 1 11 R
6 21 5 21 D
6 22 2 2 L
6 23 12 23 D
6 24 9 24 D
6 25 19 5 L
6 26 7 0 L
6 27 16 10 R
6 28 7 17 R
6 29 1 29 U
6 30 16 3 L
6 31 24 4 L
6 32 24 12 R
7 0 25 19 D
7 1 20 30 U
7 2 9 20 D
7 3 10 13 R
7 4 9 24 D
7 5 17 30 U
7 6 1 28 U
7 8 5 8 L
7 9 1 18 D
7 10 0 3 L
7 11 20 21 D
7 12 27 28 U
7 13 3 25 U
7 14 6 14 R
7 15 19 28 U
7 17 0 7 L
7 18 18 15 R
7 19 6 9 R
7 20 26 8 L
7 21 9 21 D
7 22 1 22 D
7 23 22 6 L
7 24 12 14 R
7 25 21 0 L
7 26 12 9 R
7 27 1 10 R
7 28 11 5 L
7 29 27 29 U
7 30 25 30 U
7 31 1 31 U
7 32 21 32 U
8 0 4 9 R
8 1 20 1 L
8 2 5 25 U
8 3 23 12 R
8 4 5 4 L
8 5 1 5 L
8 6 7 6 L
8 7 4 7 L
8 8 1 8 L
8 9 0 0 L
8 10 17 26 U
8 11 19 27 U
8 12 1 12 R
8 13 20 26 U
8 14 3 14 R
8 15 3 15 R
8 16 14 28 U
8 17 4 17 R
8 18 5 4 L
8 19 3 10 R
8 20 12 4 L
8 21 17 2 L
8 22 14 6 L
8 23 26 3 L
8 24 14 15 R
8 25 26 4 L
8 26 1 9 R
8 27 7 1 L
8 28 0 0 L
8 29 4 11 R
8 30 0 4 L
8 31 4 15 R
8 32 4 5 L
9 0 2 27 U
9 1 0 29 U
9 2 0 30 U
9 3 3 27 U
9 4 21 29 U
9 5 7 5 L
9 6 13 30 U
9 8 2 8 L
9 9 23 31 U
9 10 0 1 L
9 11 17 32 U
9 12 19 18 D
9 13 32 24 D
9 14 0 24 D
9 15 8 24 D
9 16 0 5 L
9 17 4 17 R
9 18 0 10 R
9 19 11 6 L
9 20 0 8 L
9 21 13 21 D
9 22 10 22 D
9 23 3 13 R
9 24 18 24 D
9 25 26 6 L
9 26 5 26 U
9 27 13 12 R
9 28 13 3 L
9 29 0 1 L
9 30 15 30 U
9 31 13 31 U
9 32 7 32 U
10 0 6 27 U
10 1 0 21 D
10 2 0 19 D
10 3 5 20 D
10 4 8 4 L
10 5 12 13 R
10 6 3 6 L
10 9 18 23 D
10 10 6 20 D
10 11 7 29 U
10 12 3 12 R
10 13 2 25 U
10 14 2 14 R
10 15 3 15 R
10 17 14 23 D
10 18 9 13 R
10 19 24 10 R
10 20 9 20 D
10 21 1 21 D
10 22 9 11 R
10 23 4 23 D
10 24 0 7 L
10 25 7 0 L
10 26 3 26 U
10 27 0 11 R
10 28 11 14 R
10 29 4 29 U
10 30 6 15 R
10 31 7 31 U
10 32 13 11 R
11 0 29 18 D
11 1 1 29 U
11 2 15 2 L
11 3 3 3 L
11 4 12 27 U
11 5 21 31 U
11 6 15 23 D
11 9 7 18 D
11 10 6 10 R
11 11 16 25 U
11 12 12 25 U
11 13 13 22 D
11 14 17 14 R
11 15 20 15 R
11 16 3 16 R
11 17 17 17 R
11 18 20 18 D
11 19 2 1 L
11 20 25 2 L
11 21 5 2 L
11 22 26 3 L
11 23 1 3 L
11 24 4 16 R
11 25 21 12 R
11 26 2 11 R
11 27 24 27 U
11 28 10 14 R
11 29 21 29 U
11 30 23 13 R
11 31 2 0 L
11 32 21 32 U
12 0 7 19 D
12 1 26 23 D
12 2 19 21 D
12 3 5 19 D
12 4 14 27 U
12 5 11 29 U
12 6 29 28 U
12 9 4 26 U
12 10 3 19 D
12 11 23 18 D
12 12 20 12 R
12 13 6 13 R
12 14 22 25 U
12 15 1 27 U
12 16 18 16 R
12 17 5 17 R
12 18 14 0 L
12 19 0 1 L
12 20 0 26 U
12 21 10 21 D
12 22 0 0 L
12 23 22 10 R
12 24 26 13 R
12 25 4 10 R
12 26 4 0 L
12 27 3 27 U
12 28 10 28 U
12 29 7 29 U
12 30 3 30 U
12 31 4 31 U
12 32 21 32 U
13 0 19 29 U
13 1 6 21 D
13 2 7 19 D
13 3 15 24 D
13 4 1 24 D
13 5 19 24 D
13 6 0 14 R
13 7 8 23 D
13 9 4 18 D
13 10 18 29 U
13 11 9 23 D
13 12 26 12 R
13 13 7 30 U
13 14 22 28 U
13 15 26 30 U
13 17 27 29 U
13 18 30 4 L
13 19 15 2 L
13 20 12 20 D
13 21 1 9 R
13 22 17 9 R
13 23 9 23 D
13 24 1 24 D
13 25 10 9 R
13 26 9 19 D
13 27 4 13 R
13 28 11 15 R
13 29 19 14 R
13 30 30 30 U
13 31 5 9 R
13 32 9 32 U
14 0 0 25 U
14 1 6 20 D
14 2 16 2 L
14 3 4 23 D
14 4 8 4 L
14 5 8 22 D
14 6 1 6 L
14 7 11 7 L
14 8 4 8 L
14 9 6 0 L
14 10 0 28 U
14 11 21 5 L
14 12 10 26 U
14 13 9 2 L
14 14 2 27 U
14 15 11 15 R
14 17 4 17 R
14 18 12 3 L
14 19 29 12 R
14 20 29 13 R
14 21 24 15 R
14 22 24 22 D
14 23 20 17 R
14 24 6 7 L
14 25 0 1 L
14 26 7 2 L
14 27 15 10 R
14 28 28 4 L
14 29 10 21 D
14 30 6 30 U
14 31 0 23 D
14 32 24 32 U
15 0 22 21 D
15 1 0 11 R
15 2 3 22 D
15 3 13 10 R
15 4 0 17 R
15 5 9 16 R
15 6 4 21 D
15 7 5 19 D
15 9 5 30 U
15 10 20 23 D
15 11 8 26 U
15 12 21 27 U
15 13 4 13 R
15 14 17 14 R
15 15 17 29 U
15 16 16 25 U
15 17 3 17 R
15 18 2 18 D
15 19 8 2 L
15 20 7 13 R
15 21 9 12 R
15 22 27 0 L
15 23 1 23 D
15 24 11 24 D
15 25 9 15 R
15 26 10 13 R
15 27 4 27 U
15 28 13 28 U
15 29 3 4 L
15 30 23 4 L
15 31 2 31 U
15 32 20 32 U
16 0 3 20 D
16 1 3 18 D
16 2 5 18 D
16 3 7 27 U
16 4 5 25 U
16 5 4 5 L
16 6 28 22 D
16 9 14 26 U
16 10 7 25 U
16 11 22 23 D
16 12 27 12 R
16 13 17 29 U
16 14 22 32 U
16 15 8 31 U
16 16 8 16 R
16 17 6 17 R
16 18 7 13 R
16 19 15 4 L
16 20 6 1 L
16 21 29 14 R
16 22 10 16 R
16 23 15 16 R
16 24 15 5 L
16 25 21 1 L
16 26 13 16 R
16 27 6 0 L
16 28 24 6 L
16 29 17 23 D
16 30 9 9 R
16 31 15 21 D
16 32 25 32 U
17 0 3 18 D
17 1 18 26 U
17 2 11 2 L
17 3 1 22 D
17 4 19 4 L
17 5 6 5 L
17 6 5 27 U
17 7 21 7 L
17 9 22 2 L
17 10 9 10 R
17 11 21 11 R
17 12 11 12 R
17 13 11 28 U
17 14 0 1 L
17 15 14 15 R
17 17 24 27 U
17 18 8 14 R
17 19 8 14 R
17 20 8 16 R
17 21 22 4 L
17 22 29 12 R
17 23 13 4 L
17 24 26 11 R
17 25 20 18 D
17 26 0 11 R
17 27 14 1 L
17 28 20 10 R
17 29 0 16 R
17 30 9 30 U
17 31 6 31 U
17 32 0 22 D
18 0 28 0 L
18 1 25 27 U
18 2 10 22 D
18 3 2 3 L
18 4 6 20 D
18 5 5 32 U
18 6 8 6 L
18 9 0 21 D
18 10 3 21 D
18 11 15 11 R
18 12 0 20 D
18 13 25 21 D
18 14 24 24 D
18 15 17 15 R
18 17 17 17 R
18 18 23 1 L
18 19 5 14 R
18 20 25 15 R
18 21 0 15 R
18 22 5 2 L
18 23 28 2 L
18 24 1 17 R
18 25 22 3 L
18 26 15 26 U
18 27 1 27 U
18 28 16 9 R
18 29 28 5 L
18 30 14 10 R
18 31 3 13 R
18 32 3 1 L
19 0 16 0 L
19 1 17 25 U
19 2 15 15 R
19 3 6 20 D
19 4 25 25 U
19 5 8 5 L
19 6 12 24 D
19 9 25 32 U
19 10 6 18 D
19 11 0 26 U
19 12 8 12 R
19 13 12 13 R
19 14 27 23 D
19 15 3 30 U
19 17 28 17 R
19 18 6 4 L
19 19 10 19 D
19 20 14 0 L
19 21 3 21 D
19 22 26 11 R
19 23 33 14 R
19 24 15 4 L
19 25 0 3 L
19 26 12 3 L
19 27 4 19 D
19 28 22 15 R
19 29 4 29 U
19 30 12 30 U
19 31 2 23 D
19 32 7 3 L
20 0 28 32 U
20 1 0 18 D
20 2 11 2 L
20 3 1 20 D
20 4 25 30 U
20 5 13 5 L
20 6 11 30 U
20 9 15 21 D
20 10 9 25 U
20 11 21 22 D
20 12 0 32 U
20 13 8 19 D
20 14 7 27 U
20 15 12 25 U
20 16 5 16 R
20 17 17 31 U
20 18 0 4 L
20 19 8 11 R
20 20 0 13 R
20 21 33 32 U
20 22 25 22 D
20 24 0 12 R
20 25 8 9 R
20 26 21 5 L
20 27 0 18 D
20 28 13 11 R
20 29 6 4 L
20 30 23 6 L
20 31 3 2 L
20 32 6 11 R
21 0 25 32 U
21 2 1 21 D
21 3 11 3 L
21 4 22 29 U
21 5 18 27 U
21 6 0 10 R
21 7 1 29 U
21 9 16 22 D
21 10 13 25 U
21 11 9 22 D
21 12 6 20 D
21 13 2 13 R
21 14 9 4 L
21 15 20 19 D
21 17 28 17 R
21 18 1 18 D
21 19 24 1 L
21 20 0 9 R
21 21 17 5 L
21 22 9 22 D
21 23 30 23 D
21 24 23 24 D
21 25 1 0 L
21 26 14 1 L
21 27 26 3 L
21 28 1 28 U
21 29 9 2 L
21 30 16 0 L
21 31 9 13 R
21 32 27 4 L
22 0 19 9 R
22 1 18 28 U
22 2 18 23 D
22 3 16 3 L
22 4 27 4 L
22 5 0 32 U
22 6 27 6 L
22 7 2 7 L
22 8 26 8 L
22 9 27 24 D
22 10 7 4 L
22 11 8 2 L
22 12 18 23 D
22 13 10 30 U
22 14 12 25 U
22 15 20 26 U
22 16 27 22 D
22 17 4 31 U
22 18 1 1 L
22 19 26 5 L
22 20 23 1 L
22 21 0 11 R
22 22 6 22 D
22 23 1 17 R
22 24 27 3 L
22 25 6 0 L
22 26 19 26 U
22 27 1 1 L
22 28 13 15 R
22 29 27 15 R
22 30 3 30 U
22 31 31 20 D
22 32 2 9 R
23 0 4 0 L
23 2 10 19 D
23 3 17 32 U
23 4 14 31 U
23 5 31 21 D
23 6 13 6 L
23 9 22 0 L
23 10 22 32 U
23 11 10 20 D
23 12 19 21 D
23 13 4 32 U
23 14 11 22 D
23 15 14 15 R
23 17 21 24 D
23 18 21 17 R
23 19 16 31 U
23 20 25 6 L
23 21 15 0 L
23 22 9 22 D
23 23 21 1 L
23 24 7 13 R
23 25 17 9 R
23 26 18 8 L
23 27 4 27 U
23 28 7 5 L
23 29 25 29 U
23 30 9 4 L
23 31 4 31 U
23 32 8 7 L
24 0 30 25 U
24 2 20 28 U
24 4 17 28 U
24 5 22 30 U
24 6 20 27 U
24 9 12 9 R
24 10 27 0 L
24 11 2 20 D
24 12 22 32 U
24 13 9 13 R
24 14 21 14 R
24 15 8 27 U
24 17 5 17 R
24 18 9 9 R
24 19 13 19 D
24 20 7 20 D
24 21 23 8 L
24 22 11 22 D
24 23 3 14 R
24 24 23 3 L
24 25 22 19 D
24 26 6 26 U
24 27 2 27 U
24 28 23 28 U
24 29 29 10 R
24 30 9 1 L
24 31 6 7 L
24 32 13 32 U
25 0 10 31 U
25 1 24 31 U
25 2 19 26 U
25 3 24 29 U
25 4 6 32 U
25 5 9 5 L
25 6 5 6 L
25 9 5 25 U
25 10 26 26 U
25 11 0 29 U
25 12 11 23 D
25 13 6 13 R
25 14 11 30 U
25 15 8 29 U
25 16 14 16 R
25 17 17 30 U
25 18 12 25 U
25 19 24 19 D
25 20 9 14 R
25 21 21 15 R
25 22 24 1 L
25 23 26 11 R
25 24 22 9 R
25 25 8 6 L
25 26 19 26 U
25 27 23 27 U
25 28 16 20 D
25 29 2 6 L
25 30 24 30 U
25 31 4 31 U
25 32 21 32 U
26 0 9 25 U
26 1 12 25 U
26 2 25 30 U
26 3 13 28 U
26 4 24 26 U
26 5 22 26 U
26 6 16 27 U
26 9 0 2 L
26 10 12 25 U
26 11 0 31 U
26 12 1 12 R
26 13 2 28 U
26 14 19 27 U
26 15 1 15 R
26 17 21 6 L
26 18 24 11 R
26 19 28 2 L
26 20 9 0 L
26 21 25 1 L
26 22 9 10 R
26 23 28 12 R
26 24 24 24 D
26 26 29 2 L
26 27 17 12 R
26 28 10 28 U
26 29 21 22 D
26 30 16 5 L
26 31 8 2 L
26 32 7 32 U
27 0 16 18 D
27 1 4 1 L
27 2 9 18 D
27 3 13 3 L
27 4 5 4 L
27 5 13 9 R
27 6 29 6 L
27 9 22 25 U
27 10 23 31 U
27 11 15 31 U
27 12 22 27 U
27 13 23 31 U
27 14 9 23 D
27 15 8 15 R
27 16 24 24 D
27 17 14 17 R
27 18 25 18 D
27 19 22 26 U
27 20 4 20 D
27 21 30 11 R
27 22 12 27 U
27 23 8 11 R
27 24 19 27 U
27 25 10 2 L
27 26 28 10 R
27 27 22 4 L
27 28 8 23 D
27 29 23 16 R
27 30 0 6 L
27 31 0 21 D
27 32 15 9 R
28 0 0 9 R
28 1 6 26 U
28 2 30 18 D
28 3 6 30 U
28 4 11 31 U
28 5 19 26 U
28 9 0 19 D
28 10 4 29 U
28 11 27 21 D
28 12 11 12 R
28 13 32 20 D
28 14 26 26 U
28 15 3 2 L
28 17 0 23 D
28 20 14 5 L
28 21 5 17 R
28 22 1 22 D
28 25 24 25 U
28 26 23 0 L
28 27 25 21 D
28 28 13 28 U
28 29 2 29 U
28 31 8 6 L
28 32 9 32 U
29 0 31 13 R
29 1 10 18 D
29 2 9 26 U
29 3 4 26 U
29 4 16 19 D
29 5 8 5 L
29 9 21 18 D
29 10 13 10 R
29 11 10 23 D
29 12 14 12 R
29 13 27 13 R
29 14 9 14 R
29 15 23 15 R
29 18 11 9 R
29 19 14 12 R
29 20 6 20 D
29 21 2 21 D
29 22 16 15 R
29 23 25 23 D
29 27 0 9 R
29 28 28 12 R
29 29 14 13 R
29 31 14 17 R
29 32 1 17 R
30 0 17 0 L
30 1 0 28 U
30 2 2 27 U
30 4 8 13 R
30 9 22 20 D
30 10 18 19 D
30 11 5 3 L
30 12 31 0 L
30 13 18 13 R
30 14 9 29 U
30 15 18 5 L
30 18 2 9 R
30 20 3 25 U
30 21 17 13 R
30 22 23 12 R
30 24 33 24 D
30 25 33 12 R
30 27 29 14 R
30 28 6 28 U
30 29 29 13 R
30 31 29 1 L
30 32 20 32 U
31 0 14 0 L
31 2 29 10 R
31 4 17 32 U
31 10 22 4 L
31 13 24 19 D
31 14 17 14 R
31 21 3 21 D
31 22 24 5 L
31 27 13 2 L
31 28 8 2 L
31 29 7 29 U
31 31 8 31 U
31 32 27 22 D
32 4 20 21 D
32 7 27 24 D
32 11 31 19 D
32 13 28 5 L
32 14 9 7 L
32 21 23 17 R
32 27 5 10 R
32 28 30 13 R
32 29 21 12 R
32 31 15 6 L
32 32 27 1 L
33 4 7 19 D
33 13 32 7 L
33 14 6 14 R
33 21 20 31 U
33 27 18 0 L
33 28 1 0 L
33 31 32 14 R
34 13 16 26 U
34 27 30 9 R
34 28 15 0 L
35 28 7 11 R

