12 10 91
9 8 8 0 7 0 0 0 2 5
10 0 0 0 0 7 0 9 0 5
9 2 6 0 0 0 0 11 9 6
0 0 4 7 0 0 2 0 6 4
0 0 0 1 7 0 4 2 0 2
0 10 0 0 0 0 7 0 5 0
10 11 5 0 0 0 0 9 0 0
1 0 0 0 0 2 0 2 0 7
0 10 7 5 6 0 2 0 0 1
4 10 0 0 0 0 10 8 7 3
0 0 0 0 U
0 1 0 1 U
0 2 0 2 U
0 3 0 3 R
0 4 0 4 R
0 5 0 5 R
0 6 0 6 D
0 7 0 7 D
0 8 0 8 L
0 9 0 9 L
1 0 2 8 L
1 1 2 9 L
1 2 6 7 D
1 3 0 0 U
1 4 3 6 D
1 5 5 7 D
1 6 4 4 R
1 7 0 3 R
1 8 0 6 D
1 9 0 7 D
2 0 5 5 R
2 1 5 3 R
2 3 0 6 D
2 4 1 4 R
2 5 0 8 L
2 6 0 8 L
2 7 1 7 D
2 8 0 0 U
2 9 1 9 L
3 0 4 4 R
3 1 2 1 U
3 3 0 1 U
3 4 1 4 R
3 5 2 5 R
3 6 4 5 R
3 7 0 4 R
3 8 4 0 U
3 9 0 1 U
4 0 0 3 R
4 1 1 1 U
4 3 5 1 U
4 4 3 8 L
4 5 2 5 R
4 6 2 9 L
4 7 2 7 D
4 8 1 2 U
4 9 2 0 U
5 0 0 4 R
5 1 0 7 D
5 3 0 7 D
5 4 0 9 L
5 5 3 5 R
5 6 2 6 D
5 7 0 0 U
5 8 4 8 L
5 9 3 9 L
6 0 5 9 L
6 3 2 7 D
6 4 0 8 L
6 5 5 5 R
6 6 0 5 R
6 7 1 9 L
6 8 7 8 L
6 9 0 3 R
7 0 0 8 L
7 3 4 0 U
7 4 4 4 R
7 5 6 5 R
7 6 4 9 L
7 7 6 5 R
7 8 6 6 D
7 9 2 7 D
8 0 0 5 R
8 3 4 6 D
8 5 9 5 R
8 6 5 3 R
8 9 11 0 U
9 0 8 3 R
9 3 6 9 L
9 5 3 8 L
9 6 6 6 D
9 8 7 7 D
9 9 5 6 D
10 0 3 0 U
10 5 3 5 R
10 6 4 3 R
10 8 8 3 R
10 9 1 9 L
11 0 1 0 U
11 5 10 9 L
11 9 4 7 D

