23 13 243
17 5 0 0 10 0 0 0 18 0 0 13 20 15
0 18 0 0 0 1 0 3 12 0 11 0 0 0
0 1 0 5 20 0 0 0 0 8 0 2 0 17
0 9 0 6 7 0 0 0 17 0 10 16 0 18
0 21 5 0 1 0 12 0 0 0 0 0 21 0
0 0 14 0 12 19 7 3 0 0 0 0 0 0
0 0 6 0 16 0 0 14 0 0 19 0 16 2
10 7 0 8 22 0 0 0 8 0 3 0 20 21
11 18 0 0 1 0 0 0 0 0 2 13 6 7
19 22 12 0 0 19 0 0 8 3 13 11 0 2
18 21 0 0 0 0 0 0 20 9 0 0 3 1
2 0 0 0 0 0 0 0 0 0 0 0 20 0
13 0 0 0 0 0 0 0 20 0 0 0 0 4
19 17 0 0 0 0 17 0 7 3 0 0 0 3
0 0 0 0 D
0 1 0 1 D
0 2 0 2 D
0 3 0 3 R
0 4 0 4 R
0 5 0 5 R
0 6 0 6 U
0 7 0 7 U
0 8 0 8 U
0 9 0 9 U
0 10 0 10 L
0 11 0 11 L
0 12 0 12 L
1 0 17 4 R
1 1 4 1 D
1 2 15 3 R
1 3 3 3 R
1 4 8 7 U
1 5 0 2 D
1 6 0 3 R
1 7 6 7 U
1 8 2 8 U
1 9 0 0 D
1 10 8 8 U
1 11 7 11 L
1 12 15 2 D
2 0 0 11 L
2 1 11 5 R
2 2 12 2 D
2 3 0 12 L
2 4 7 7 U
2 5 7 6 U
2 6 7 10 L
2 7 4 7 U
2 8 1 8 U
2 10 17 1 D
2 11 10 1 D
2 12 3 12 L
3 0 14 0 D
3 1 10 1 D
3 2 0 12 L
3 3 0 0 D
3 4 6 6 U
3 5 2 5 R
3 6 8 11 L
3 7 0 1 D
3 8 5 5 R
3 9 1 1 D
3 10 0 0 D
3 11 8 11 L
3 12 0 7 U
4 0 1 0 D
4 1 8 3 R
4 2 5 2 D
4 3 1 0 D
4 4 0 11 L
4 5 13 5 R
4 6 0 4 R
4 7 1 7 U
4 8 1 8 U
4 9 1 9 U
4 10 0 6 U
4 11 0 8 U
4 12 1 4 R
5 0 8 11 L
5 1 11 3 R
5 2 18 2 D
5 3 15 10 L
5 4 12 4 R
5 5 14 12 L
5 6 1 5 R
5 7 0 0 D
5 8 1 8 U
5 9 4 9 U
5 10 0 5 R
5 11 0 1 D
5 12 0 4 R
6 0 0 4 R
6 1 10 1 D
6 2 4 2 D
6 3 10 11 L
6 4 1 4 R
6 5 13 5 R
6 6 7 3 R
6 7 3 7 U
6 8 7 10 L
6 10 7 10 L
6 11 19 11 L
6 12 8 12 L
7 0 0 10 L
7 1 4 11 L
7 2 5 2 D
7 3 15 6 U
7 4 0 6 U
7 5 2 7 U
7 6 3 6 U
7 7 0 5 R
7 8 20 4 R
7 10 3 0 D
7 11 10 7 U
7 12 3 12 L
8 0 2 11 L
8 1 4 4 R
8 2 16 4 R
8 3 13 8 U
8 4 9 4 R
8 5 16 0 D
8 6 3 0 D
8 7 1 7 U
8 10 4 8 U
8 11 3 11 L
8 12 12 8 U
9 0 16 6 U
9 1 15 5 R
9 2 10 12 L
9 3 2 3 R
9 4 2 6 U
9 5 1 5 R
9 6 18 3 R
9 7 0 11 L
9 10 5 6 U
9 11 1 11 L
9 12 5 12 L
10 0 15 11 L
10 1 1 1 D
10 2 16 2 D
10 3 16 0 D
10 4 12 2 D
10 5 5 10 L
10 6 4 6 U
10 7 14 4 R
10 8 4 5 R
10 10 13 2 D
10 11 3 2 D
10 12 16 7 U
11 0 2 3 R
11 1 6 10 L
11 2 14 3 R
11 3 1 1 D
11 4 1 7 U
11 5 0 8 U
11 6 5 10 L
11 7 4 7 U
11 8 16 8 U
11 10 5 7 U
11 11 14 2 D
11 12 4 8 U
12 1 5 3 R
12 2 4 2 D
12 3 5 3 R
12 4 3 4 R
12 5 3 5 R
12 6 0 12 L
12 7 11 7 U
12 8 10 4 R
12 9 8 9 U
12 10 11 10 L
12 11 17 7 U
12 12 5 4 R
13 0 4 10 L
13 1 9 12 L
13 2 14 5 R
13 3 2 8 U
13 4 4 0 D
13 5 3 5 R
13 6 0 10 L
13 7 6 7 U
13 9 1 9 U
13 10 5 0 D
13 11 11 6 U
13 12 11 12 L
14 0 12 10 L
14 1 12 1 D
14 2 4 2 D
14 3 0 10 L
14 4 6 4 R
14 5 3 5 R
14 6 5 3 R
14 7 4 7 U
14 8 1 5 R
14 10 8 6 U
14 11 2 1 D
14 12 2 2 D
15 0 7 10 L
15 1 6 11 L
15 2 7 12 L
15 3 13 10 L
15 4 10 7 U
15 5 5 2 D
15 6 2 10 L
15 7 2 7 U
15 9 6 9 U
15 10 1 6 U
15 11 2 8 U
16 1 12 1 D
16 2 1 5 R
16 3 13 6 U
16 4 13 7 U
16 5 14 0 D
16 6 9 6 U
16 7 10 7 U
16 8 10 3 R
16 10 19 5 R
16 11 0 9 U
16 12 1 12 L
17 0 13 3 R
17 1 14 4 R
17 2 10 11 L
17 3 12 12 L
17 4 1 11 L
17 5 12 5 R
17 6 13 4 R
17 7 8 1 D
17 10 10 1 D
17 11 13 6 U
18 1 1 1 D
18 2 7 5 R
18 3 19 3 R
18 4 1 4 R
18 5 0 10 L
18 6 3 3 R
18 7 5 3 R
18 10 6 0 D
18 11 11 11 L
19 1 10 7 U
19 2 18 2 D
19 3 0 6 U
19 4 8 4 R
19 5 5 6 U
19 6 6 6 U
19 7 3 7 U
20 3 6 10 L
20 4 17 4 R
20 5 15 11 L
20 6 3 5 R
20 7 14 7 U
21 3 18 7 U
21 4 7 11 L
21 5 3 5 R
21 6 5 6 U
21 7 18 0 D
22 3 21 8 U
22 4 1 4 R

