31 39 1096
21 0 0 0 25 30 0 16 28 0 27 0 27 23 7 0 0 0 19 0
10 4 0 29 15 19 14 0 27 5 0 0 0 12 11 8 0 22 19 1
0 25 16 0 25 0 0 0 0 23 26 18 0 23 22 0 6 0 5 5
14 4 13 2 21 0 0 0 28 0 0 26 28 0 18 0 0 19 3 5
16 0 0 0 20 18 8 0 0 24 0 6 0 19 0 0 23 0 0 1
12 9 7 0 19 0 0 26 0 25 27 0 29 0 24 0 28 0 12 0
14 15 0 0 6 0 0 0 29 20 21 0 7 16 10 0 0 0 0 0
1 9 7 8 10 11 25 0 29 26 19 0 22 21 0 0 26 0 17 20
20 0 3 4 15 16 0 25 21 0 21 2 0 26 25 0 12 9 8 1
12 26 22 12 17 13 0 24 0 27 1 29 3 28 0 22 0 25 0 1
0 17 0 4 0 8 28 3 0 0 27 5 9 5 9 0 0 0 4 26
0 0 0 15 2 0 0 0 29 16 0 14 20 0 0 0 1 0 29 0
0 29 0 2 0 23 20 23 0 15 0 0 9 0 0 14 13 24 25 24
12 25 0 0 29 25 0 29 21 0 0 21 26 14 0 0 27 9 16 1
0 9 0 23 0 0 27 26 0 24 29 0 0 25 0 29 26 9 1 18
6 24 19 0 27 13 21 25 0 0 6 7 22 10 28 0 11 24 1 3
0 6 25 24 20 0 24 6 0 0 21 9 7 0 0 28 0 12 6 0
0 0 19 29 20 0 22 22 18 0 24 17 3 18 0 11 0 8 1 0
10 0 24 24 0 25 21 5 16 0 0 0 0 14 13 0 0 0 0 3
4 0 0 24 0 0 25 26 0 26 4 25 13 0 0 24 0 0 5 11
0 0 0 0 U
0 1 0 1 U
0 2 0 2 U
0 3 0 3 U
0 4 0 4 U
0 5 0 5 U
0 6 0 6 U
0 7 0 7 U
0 8 0 8 U
0 9 0 9 R
0 10 0 10 R
0 11 0 11 R
0 12 0 12 R
0 13 0 13 R
0 14 0 14 R
0 15 0 15 R
0 16 0 16 R
0 17 0 17 R
0 18 0 18 R
0 19 0 19 R
0 20 0 20 D
0 21 0 21 D
0 22 0 22 D
0 23 0 23 D
0 24 0 24 D
0 25 0 25 D
0 26 0 26 D
0 27 0 27 D
0 28 0 28 D
0 29 0 29 L
0 30 0 30 L
0 31 0 31 L
0 32 0 32 L
0 33 0 33 L
0 34 0 34 L
0 35 0 35 L
0 36 0 36 L
0 37 0 37 L
0 38 0 38 L
1 0 0 29 L
1 1 0 9 R
1 2 0 10 R
1 3 0 21 D
1 4 2 13 R
1 5 1 15 R
1 6 3 15 R
1 7 1 11 R
1 8 2 12 R
1 9 0 0 U
1 10 0 1 U
1 11 0 31 L
1 12 0 21 D
1 13 2 22 D
1 14 0 30 L
1 15 2 24 D
1 16 5 1 U
1 17 3 3 U
1 18 0 33 L
1 19 0 33 L
1 20 0 9 R
1 21 0 30 L
1 22 0 12 R
1 23 0 13 R
1 24 0 14 R
1 25 2 5 U
1 26 0 2 U
1 27 5 17 R
1 28 0 15 R
1 29 0 20 D
1 30 0 2 U
1 31 0 1 U
1 32 0 22 D
1 33 1 23 D
1 34 0 24 D
1 35 1 23 D
1 36 0 26 D
1 37 6 23 D
1 38 7 26 D
2 0 2 9 R
2 1 2 10 R
2 2 1 33 L
2 3 1 3 U
2 4 2 4 U
2 5 3 5 U
2 6 2 6 U
2 7 2 7 U
2 8 2 8 U
2 9 0 3 U
2 10 3 21 D
2 11 2 11 R
2 12 3 12 R
2 13 3 13 R
2 14 1 14 R
2 15 2 26 D
2 16 5 25 D
2 17 4 17 R
2 18 5 18 R
2 19 5 19 R
2 20 1 11 R
2 21 2 29 L
2 22 3 32 L
2 23 0 14 R
2 24 1 24 D
2 25 2 25 D
2 26 3 26 D
2 27 1 36 L
2 28 1 28 D
2 29 1 20 D
2 30 1 22 D
2 31 1 31 L
2 32 3 32 L
2 33 2 33 L
2 34 1 34 L
2 35 5 35 L
2 36 4 36 L
2 37 6 37 L
2 38 5 5 U
3 0 1 23 D
3 1 1 1 U
3 2 3 2 U
3 3 1 29 L
3 4 1 4 U
3 5 4 35 L
3 6 1 6 U
3 7 4 7 U
3 8 3 8 U
3 9 0 20 D
3 10 3 10 R
3 11 1 11 R
3 12 1 12 R
3 13 0 4 U
3 14 3 24 D
3 15 4 4 U
3 16 3 5 U
3 17 5 27 D
3 18 2 18 R
3 19 17 19 R
3 20 0 31 L
3 21 0 11 R
3 22 2 30 L
3 23 2 23 D
3 24 1 14 R
3 25 4 16 R
3 26 0 16 R
3 27 5 27 D
3 28 8 28 D
3 29 0 3 U
3 30 0 0 U
3 31 0 20 D
3 32 2 32 L
3 33 1 25 D
3 34 2 34 L
3 35 2 25 D
3 36 5 36 L
3 37 9 23 D
3 38 10 38 L
4 0 0 32 L
4 1 0 13 R
4 2 1 14 R
4 3 2 36 L
4 4 2 31 L
4 5 5 5 U
4 6 3 6 U
4 7 1 7 U
4 8 4 8 U
4 9 0 29 L
4 10 1 0 U
4 11 2 20 D
4 12 3 22 D
4 13 0 8 U
4 14 0 23 D
4 15 4 15 R
4 16 1 3 U
4 17 6 23 D
4 18 6 18 R
4 19 16 19 R
4 20 2 10 R
4 21 2 21 D
4 22 2 11 R
4 23 3 14 R
4 24 0 1 U
4 25 5 30 L
4 26 3 16 R
4 27 3 3 U
4 28 7 6 U
4 29 3 6 U
4 30 0 9 R
4 31 0 12 R
4 32 2 20 D
4 33 3 4 U
4 34 3 34 L
4 35 5 26 D
4 36 3 36 L
4 37 9 37 L
4 38 6 38 L
5 0 0 33 L
5 1 0 24 D
5 2 0 36 L
5 3 3 10 R
5 4 4 35 L
5 5 4 5 U
5 6 0 27 D
5 7 3 7 U
5 8 5 8 U
5 9 5 9 R
5 10 1 20 D
5 11 0 0 U
5 12 5 22 D
5 13 0 32 L
5 14 2 23 D
5 15 4 2 U
5 16 1 16 R
5 17 6 17 R
5 18 3 30 L
5 19 15 19 R
5 20 3 34 L
5 21 0 10 R
5 22 4 12 R
5 23 5 15 R
5 24 0 34 L
5 25 5 16 R
5 26 4 35 L
5 27 4 27 D
5 28 7 16 R
5 29 0 7 U
5 30 4 25 D
5 31 4 31 L
5 32 0 1 U
5 33 4 33 L
5 34 0 6 U
5 35 3 27 D
5 36 2 26 D
5 37 8 37 L
5 38 0 11 R
6 0 4 29 L
6 1 4 9 R
6 2 1 18 R
6 3 7 32 L
6 4 5 35 L
6 5 0 17 R
6 6 4 37 L
6 7 5 17 R
6 8 5 18 R
6 9 6 0 U
6 10 1 6 U
6 11 7 27 D
6 12 0 2 U
6 13 9 13 R
6 14 4 4 U
6 15 1 15 R
6 16 0 38 L
6 17 2 17 R
6 18 3 35 L
6 19 13 28 D
6 20 5 5 U
6 21 0 29 L
6 22 5 1 U
6 23 1 18 R
6 24 0 2 U
6 25 7 25 D
6 26 1 12 R
6 27 2 27 D
6 28 9 37 L
6 29 0 18 R
6 30 2 24 D
6 31 3 21 D
6 32 3 8 U
6 33 4 20 D
6 34 0 23 D
6 35 6 35 L
6 36 4 1 U
6 37 7 37 L
6 38 14 38 L
7 0 0 30 L
7 1 0 11 R
7 2 4 10 R
7 3 7 17 R
7 4 7 4 U
7 5 2 14 R
7 6 7 6 U
7 7 8 7 U
7 8 6 8 U
7 9 0 27 D
7 10 6 25 D
7 11 7 11 R
7 12 0 6 U
7 13 8 13 R
7 14 2 14 R
7 15 9 28 D
7 16 3 16 R
7 17 4 26 D
7 18 1 4 U
7 19 18 24 D
7 20 6 31 L
7 21 3 29 L
7 22 7 22 D
7 23 6 34 L
7 24 7 3 U
7 25 9 30 L
7 26 6 26 D
7 27 0 0 U
7 28 12 28 D
7 29 6 3 U
7 30 7 30 L
7 31 6 31 L
7 32 7 20 D
7 33 0 12 R
7 34 6 34 L
7 35 7 22 D
7 36 0 5 U
7 37 1 28 D
7 38 9 38 L
8 0 0 12 R
8 1 7 10 R
8 2 5 31 L
8 3 9 29 L
8 4 0 35 L
8 5 0 31 L
8 6 9 6 U
8 7 6 7 U
8 8 6 17 R
8 9 1 9 R
8 10 9 20 D
8 11 8 0 U
8 12 0 5 U
8 13 1 13 R
8 14 7 24 D
8 15 6 25 D
8 16 2 36 L
8 17 1 25 D
8 18 9 28 D
8 19 0 37 L
8 20 7 9 R
8 21 8 33 L
8 22 0 1 U
8 23 9 13 R
8 24 9 24 D
8 25 7 14 R
8 26 1 11 R
8 27 8 27 D
8 28 6 16 R
8 29 1 2 U
8 30 1 5 U
8 31 3 31 L
8 32 3 1 U
8 33 8 33 L
8 34 4 34 L
8 35 0 13 R
8 36 6 7 U
8 37 4 37 L
8 38 3 38 L
9 0 0 34 L
9 1 6 1 U
9 2 7 20 D
9 3 9 3 U
9 4 7 13 R
9 5 0 37 L
9 6 6 12 R
9 7 9 37 L
9 8 7 8 U
9 9 4 9 R
9 10 7 0 U
9 11 9 22 D
9 12 4 3 U
9 13 6 27 D
9 14 0 36 L
9 15 1 21 D
9 16 11 16 R
9 17 9 25 D
9 18 6 1 U
9 19 20 19 R
9 20 8 11 R
9 21 0 33 L
9 22 6 22 D
9 23 3 4 U
9 24 8 24 D
9 25 7 15 R
9 26 2 15 R
9 27 0 30 L
9 28 2 28 D
9 29 9 2 U
9 30 8 23 D
9 31 0 26 D
9 32 5 32 L
9 33 7 21 D
9 34 7 34 L
9 35 1 35 L
9 36 7 36 L
9 37 5 37 L
9 38 5 38 L
10 0 2 37 L
10 1 8 10 R
10 2 8 18 R
10 3 6 29 L
10 4 12 34 L
10 5 3 9 R
10 6 11 6 U
10 7 8 32 L
10 8 9 8 U
10 9 9 9 R
10 10 0 29 L
10 11 5 0 U
10 12 8 27 D
10 13 9 22 D
10 14 11 4 U
10 15 9 21 D
10 16 9 16 R
10 17 10 17 R
10 18 12 18 R
10 19 19 19 R
10 20 2 9 R
10 21 7 32 L
10 22 3 22 D
10 23 10 17 R
10 24 0 6 U
10 25 11 11 R
10 26 0 17 R
10 27 6 10 R
10 28 11 28 D
10 29 2 21 D
10 30 10 6 U
10 31 0 7 U
10 32 8 6 U
10 33 8 0 U
10 34 4 22 D
10 35 8 28 D
10 36 4 0 U
10 37 8 8 U
10 38 7 38 L
11 0 4 30 L
11 1 2 33 L
11 2 11 13 R
11 3 5 3 U
11 4 11 4 U
11 5 7 5 U
11 6 10 34 L
11 7 14 16 R
11 8 8 8 U
11 9 8 9 R
11 10 11 10 R
11 11 7 22 D
11 12 6 8 U
11 13 7 13 R
11 14 4 14 R
11 15 12 26 D
11 16 10 16 R
11 17 11 17 R
11 18 11 18 R
11 19 23 19 R
11 20 10 37 L
11 21 10 30 L
11 22 10 11 R
11 23 10 23 D
11 24 10 24 D
11 25 11 25 D
11 26 8 34 L
11 27 0 31 L
11 28 8 9 R
11 29 7 3 U
11 30 7 23 D
11 31 10 21 D
11 32 10 22 D
11 33 3 33 L
11 34 11 34 L
11 35 4 35 L
11 36 10 36 L
11 37 0 20 D
11 38 11 26 D
12 0 9 9 R
12 1 12 14 R
12 2 0 14 R
12 3 9 32 L
12 4 10 4 U
12 5 14 31 L
12 6 10 31 L
12 7 14 7 U
12 8 1 28 D
12 9 7 1 U
12 10 12 24 D
12 11 11 20 D
12 12 5 12 R
12 13 11 25 D
12 14 9 14 R
12 15 3 15 R
12 16 4 16 R
12 17 9 23 D
12 18 10 18 R
12 19 22 19 R
12 20 10 31 L
12 21 12 35 L
12 22 11 36 L
12 23 0 38 L
12 24 6 13 R
12 25 2 30 L
12 26 13 38 L
12 27 3 27 D
12 28 0 33 L
12 29 10 10 R
12 30 0 21 D
12 31 1 27 D
12 32 10 32 L
12 33 9 33 L
12 34 11 20 D
12 35 12 35 L
12 36 0 28 D
12 37 0 24 D
12 38 0 7 U
13 0 12 29 L
13 1 12 9 R
13 2 13 18 R
13 3 14 38 L
13 4 11 15 R
13 5 13 5 U
13 6 0 25 D
13 7 13 15 R
13 8 0 18 R
13 9 6 6 U
13 10 10 8 U
13 11 13 2 U
13 12 12 28 D
13 13 8 0 U
13 14 11 14 R
13 15 14 3 U
13 16 11 25 D
13 17 14 23 D
13 18 14 18 R
13 19 19 4 U
13 20 14 35 L
13 21 13 21 D
13 22 6 30 L
13 23 9 23 D
13 24 13 17 R
13 25 15 29 L
13 26 13 32 L
13 27 16 9 R
13 28 15 28 D
13 29 0 10 R
13 30 13 22 D
13 31 13 21 D
13 32 15 24 D
13 33 10 0 U
13 34 12 4 U
13 35 8 21 D
13 37 13 4 U
13 38 3 0 U
14 0 10 0 U
14 1 14 12 R
14 2 14 2 U
14 3 15 3 U
14 4 12 4 U
14 5 11 5 U
14 6 12 11 R
14 7 15 7 U
14 8 15 17 R
14 9 12 0 U
14 10 10 1 U
14 11 12 7 U
14 12 14 12 R
14 13 5 13 R
14 14 8 14 R
14 15 1 26 D
14 16 15 16 R
14 17 14 0 U
14 18 12 6 U
14 19 28 19 R
14 20 14 20 D
14 21 14 14 R
14 22 14 22 D
14 23 13 31 L
14 24 15 32 L
14 25 4 25 D
14 26 14 26 D
14 27 9 27 D
14 28 0 4 U
14 29 13 20 D
14 30 14 30 L
14 31 9 31 L
14 32 11 4 U
14 33 12 33 L
14 34 14 25 D
14 35 17 16 R
14 37 13 37 L
14 38 1 16 R
15 0 5 11 R
15 1 13 31 L
15 2 14 13 R
15 3 5 15 R
15 4 14 34 L
15 5 12 5 U
15 6 19 16 R
15 7 13 7 U
15 8 14 8 U
15 9 14 21 D
15 10 4 6 U
15 11 7 37 L
15 12 14 24 D
15 13 15 1 U
15 14 13 7 U
15 15 14 26 D
15 16 16 26 D
15 17 13 17 R
15 18 0 32 L
15 19 21 19 R
15 20 14 9 R
15 21 14 29 L
15 22 1 9 R
15 23 7 30 L
15 24 15 24 D
15 25 10 18 R
15 26 17 29 L
15 27 17 27 D
15 28 17 28 D
15 29 4 5 U
15 30 12 24 D
15 31 5 1 U
15 32 13 23 D
15 33 11 21 D
15 34 13 24 D
15 35 17 35 L
15 37 20 37 L
15 38 11 38 L
16 0 16 9 R
16 1 17 30 L
16 2 16 10 R
16 3 4 32 L
16 4 9 4 U
16 5 18 16 R
16 6 18 6 U
16 7 6 17 R
16 8 15 8 U
16 9 11 31 L
16 10 1 32 L
16 11 7 38 L
16 12 9 3 U
16 13 17 23 D
16 14 0 34 L
16 15 27 27 D
16 16 14 2 U
16 17 13 24 D
16 18 0 1 U
16 20 15 29 L
16 21 15 16 R
16 22 11 22 D
16 23 16 38 L
16 24 2 13 R
16 25 15 18 R
16 26 15 17 R
16 27 16 27 D
16 28 12 30 L
16 29 14 27 D
16 30 11 28 D
16 31 10 8 U
16 32 17 23 D
16 33 11 33 L
16 34 15 20 D
16 35 16 7 U
16 37 19 37 L
16 38 19 22 D
17 0 10 10 R
17 1 16 1 U
17 2 15 19 R
17 3 7 12 R
17 4 18 30 L
17 5 15 5 U
17 6 17 6 U
17 7 17 33 L
17 8 12 8 U
17 9 16 2 U
17 10 7 21 D
17 11 6 11 R
17 12 16 3 U
17 13 10 13 R
17 14 19 14 R
17 16 16 16 R
17 17 17 3 U
17 18 19 18 R
17 20 13 11 R
17 21 1 31 L
17 22 16 22 D
17 23 4 3 U
17 24 3 29 L
17 25 19 25 D
17 26 21 12 R
17 27 15 27 D
17 28 13 28 D
17 29 16 20 D
17 30 6 6 U
17 31 16 20 D
17 32 19 32 L
17 33 16 33 L
17 34 10 23 D
17 35 11 35 L
17 37 23 4 U
17 38 18 38 L
18 0 16 31 L
18 1 10 9 R
18 2 15 11 R
18 3 5 38 L
18 4 18 18 R
18 5 19 5 U
18 6 16 6 U
18 7 19 11 R
18 8 15 35 L
18 9 16 0 U
18 10 17 10 R
18 11 16 27 D
18 12 17 23 D
18 13 24 4 U
18 14 18 14 R
18 16 16 22 D
18 17 12 17 R
18 18 2 29 L
18 20 17 10 R
18 21 0 31 L
18 22 18 22 D
18 23 17 30 L
18 24 19 12 R
18 25 18 25 D
18 26 22 26 D
18 27 18 10 R
18 28 16 28 D
18 29 13 8 U
18 30 18 30 L
18 31 18 5 U
18 32 19 26 D
18 33 1 2 U
18 34 21 1 U
18 35 20 35 L
18 37 29 37 L
18 38 7 21 D
19 0 17 0 U
19 1 14 19 R
19 2 17 2 U
19 3 20 14 R
19 4 19 4 U
19 5 16 5 U
19 6 19 12 R
19 7 18 7 U
19 8 16 8 U
19 9 8 21 D
19 10 16 21 D
19 11 0 24 D
19 12 18 4 U
19 13 29 23 D
19 14 21 14 R
19 16 14 7 U
19 17 22 2 U
19 18 20 18 R
19 20 16 20 D
19 21 15 9 R
19 22 15 22 D
19 23 19 23 D
19 24 2 31 L
19 25 8 18 R
19 26 17 38 L
19 27 17 19 R
19 28 6 28 D
19 29 17 20 D
19 30 15 27 D
19 31 18 3 U
19 32 17 32 L
19 33 14 33 L
19 34 17 34 L
19 35 0 9 R
19 37 27 37 L
19 38 19 38 L
20 0 19 20 D
20 1 21 34 L
20 2 17 38 L
20 3 18 3 U
20 4 18 19 R
20 5 10 36 L
20 6 19 6 U
20 7 20 7 U
20 8 16 16 R
20 9 15 6 U
20 10 19 20 D
20 11 19 4 U
20 12 19 25 D
20 13 29 13 R
20 14 21 25 D
20 16 19 21 D
20 18 16 33 L
20 20 17 18 R
20 21 6 35 L
20 22 11 9 R
20 23 12 31 L
20 24 10 13 R
20 25 17 25 D
20 26 20 26 D
20 27 16 33 L
20 28 9 28 D
20 29 7 5 U
20 30 6 27 D
20 31 12 2 U
20 32 21 28 D
20 33 20 33 L
20 34 22 26 D
20 35 8 35 L
20 37 16 37 L
20 38 11 17 R
21 0 22 0 U
21 1 22 1 U
21 2 3 34 L
21 3 18 14 R
21 4 20 30 L
21 5 14 9 R
21 6 17 30 L
21 7 17 11 R
21 8 19 31 L
21 9 21 0 U
21 10 0 2 U
21 11 17 25 D
21 12 22 24 D
21 13 28 13 R
21 14 17 26 D
21 16 21 22 D
21 18 21 18 R
21 20 19 33 L
21 21 20 16 R
21 22 20 9 R
21 23 13 23 D
21 24 18 24 D
21 25 12 25 D
21 26 18 12 R
21 27 22 27 D
21 28 23 29 L
21 29 6 5 U
21 30 18 0 U
21 31 23 28 D
21 32 21 26 D
21 33 5 6 U
21 34 21 34 L
21 35 14 35 L
21 37 28 25 D
21 38 15 38 L
22 0 11 10 R
22 1 21 1 U
22 2 8 33 L
22 3 20 3 U
22 4 15 30 L
22 5 20 32 L
22 6 18 11 R
22 7 17 7 U
22 8 24 8 U
22 9 20 21 D
22 10 20 27 D
22 11 20 4 U
22 12 0 31 L
22 13 27 13 R
22 14 22 20 D
22 16 0 30 L
22 18 13 29 L
22 20 22 20 D
22 21 22 14 R
22 22 20 22 D
22 23 7 23 D
22 24 21 24 D
22 25 20 12 R
22 26 17 26 D
22 27 21 27 D
22 28 24 28 D
22 29 19 9 R
22 30 17 6 U
22 31 23 31 L
22 32 23 32 L
22 33 0 16 R
22 34 3 7 U
22 35 15 35 L
22 37 24 37 L
23 0 2 11 R
23 1 22 10 R
23 2 18 32 L
23 3 19 3 U
23 4 20 14 R
23 5 22 5 U
23 6 22 11 R
23 7 15 25 D
23 8 23 8 U
23 9 18 3 U
23 10 19 7 U
23 11 18 1 U
23 12 21 8 U
23 13 17 13 R
23 14 17 14 R
23 16 24 16 R
23 18 9 20 D
23 20 24 11 R
23 21 24 29 L
23 22 23 37 L
23 23 24 30 L
23 24 26 11 R
23 25 20 29 L
23 26 23 32 L
23 27 22 19 R
23 28 23 28 D
23 29 24 21 D
23 30 23 20 D
23 31 24 31 L
23 32 22 32 L
23 33 21 23 D
23 34 18 24 D
23 35 1 1 U
23 37 17 37 L
24 0 21 0 U
24 1 20 1 U
24 2 24 2 U
24 3 21 3 U
24 4 20 21 D
24 5 19 9 R
24 6 23 6 U
24 7 23 7 U
24 8 22 8 U
24 9 21 5 U
24 10 22 10 R
24 11 17 21 D
24 12 23 12 R
24 13 13 5 U
24 14 22 14 R
24 16 29 3 U
24 18 10 5 U
24 20 23 17 R
24 21 24 21 D
24 22 25 22 D
24 23 11 10 R
24 24 27 24 D
24 25 0 35 L
24 26 26 37 L
24 27 24 27 D
24 28 7 0 U
24 29 22 28 D
24 30 20 2 U
24 31 19 6 U
24 32 17 0 U
24 33 21 33 L
24 34 29 2 U
24 35 27 24 D
24 37 28 6 U
25 0 23 9 R
25 1 26 14 R
25 2 0 21 D
25 3 18 29 L
25 4 22 12 R
25 5 24 9 R
25 6 29 12 R
25 7 23 31 L
25 8 18 13 R
25 9 23 8 U
25 10 23 5 U
25 11 24 11 R
25 12 21 22 D
25 13 0 24 D
25 14 22 4 U
25 16 17 16 R
25 18 1 18 R
25 20 23 9 R
25 21 23 30 L
25 22 25 33 L
25 23 5 23 D
25 24 22 24 D
25 25 27 31 L
25 26 27 26 D
25 27 29 27 D
25 28 0 10 R
25 29 18 8 U
25 30 28 26 D
25 31 25 22 D
25 32 11 2 U
25 33 0 14 R
25 34 28 34 L
25 35 25 35 L
25 37 23 37 L
26 0 25 0 U
26 1 26 1 U
26 2 3 29 L
26 3 0 22 D
26 4 0 28 D
26 5 29 5 U
26 6 10 33 L
26 7 24 7 U
26 8 25 31 L
26 9 21 21 D
26 10 26 0 U
26 11 26 11 R
26 12 23 3 U
26 13 15 13 R
26 14 23 26 D
26 16 27 16 R
26 18 26 18 R
26 20 13 34 L
26 21 4 21 D
26 22 7 35 L
26 23 17 23 D
26 24 26 34 L
26 25 24 25 D
26 27 28 27 D
26 28 22 28 D
26 29 25 1 U
26 30 26 30 L
26 31 26 28 D
26 32 19 8 U
26 33 0 5 U
26 34 27 34 L
26 35 27 35 L
26 37 28 37 L
27 0 12 21 D
27 1 23 1 U
27 2 7 14 R
27 3 25 30 L
27 4 21 19 R
27 5 28 11 R
27 6 27 13 R
27 7 26 34 L
27 8 25 8 U
27 9 25 2 U
27 10 12 10 R
27 11 12 31 L
27 12 27 12 R
27 13 28 37 L
27 14 24 0 U
27 16 26 16 R
27 18 22 18 R
27 20 19 32 L
27 21 27 29 L
27 22 26 22 D
27 23 22 10 R
27 24 18 19 R
27 25 28 25 D
27 28 23 16 R
27 29 26 24 D
27 30 4 27 D
27 31 11 22 D
27 32 24 32 L
27 33 13 33 L
27 34 27 5 U
27 35 26 35 L
27 37 27 25 D
28 0 21 9 R
28 1 25 12 R
28 2 25 14 R
28 3 26 3 U
28 4 27 4 U
28 5 28 5 U
28 6 27 6 U
28 8 25 30 L
28 9 15 9 R
28 10 0 35 L
28 11 26 23 D
28 12 24 21 D
28 13 18 13 R
28 14 27 14 R
28 16 22 16 R
28 18 23 18 R
28 20 28 11 R
28 21 25 21 D
28 22 0 14 R
28 23 0 3 U
28 24 11 13 R
28 25 29 13 R
28 28 29 28 D
28 29 28 20 D
28 30 28 28 D
28 31 10 31 L
28 32 27 32 L
28 33 27 6 U
28 34 23 34 L
28 35 15 3 U
28 37 19 24 D
29 0 3 0 U
29 1 24 1 U
29 2 9 21 D
29 3 28 34 L
29 4 26 4 U
29 5 26 5 U
29 6 28 6 U
29 8 27 8 U
29 9 22 0 U
29 10 28 10 R
29 11 29 11 R
29 12 25 4 U
29 13 4 5 U
29 14 28 14 R
29 16 25 16 R
29 20 26 34 L
29 21 7 18 R
29 22 2 35 L
29 23 28 23 D
29 24 18 35 L
29 28 0 13 R
29 29 6 9 R
29 30 24 30 L
29 31 28 24 D
29 32 28 32 L
29 34 29 34 L
29 35 24 7 U
30 0 26 15 R

