11 8 78
7 0 6 0 0 0 0 0 0 0 0 0 0 4
0 0 6 0 5 0 0 0 0 0 0 0 0 0
0 0 0 0 0 0 0 0 0 0 0 0 0 0
8 0 5 0 3 0 0 0 0 0 0 0 0 0
10 0 0 0 0 0 0 2 0 0 0 0 0 0
10 0 0 1 0 0 0 0 0 0 0 0 0 2
0 0 0 7 0 0 0 8 0 0 0 0 0 2
0 0 0 0 0 0 5 0 0 0 0 0 0 0
9 0 0 10 0 0 9 0 0 0 0 0 0 5
0 0 0 7 0 0 0 9 0 0 1 10 3 0
0 0 0 0 0 0 0 8 0 0 0 0 0 0
0 0 0 0 0 0 0 0 0 0 0 6 0 7
0 0 0 6 0 0 0 0 5 0 6 0 8 0
3 0 0 0 0 0 1 0 8 0 0 0 0 0
0 0 0 0 D
0 1 0 1 D
0 2 0 2 R
0 3 0 3 R
0 4 0 4 U
0 5 0 5 U
0 6 0 6 L
0 7 0 7 L
1 0 4 0 D
1 1 2 1 D
1 2 2 2 R
1 3 0 1 D
1 4 0 7 L
1 5 2 6 L
1 6 0 0 D
1 7 3 5 U
2 0 3 7 L
2 1 7 6 L
2 2 1 0 D
2 3 0 6 L
2 4 1 3 R
2 5 1 2 R
2 6 1 6 L
2 7 1 7 L
3 0 0 4 U
3 1 5 3 R
3 2 5 4 U
3 3 2 3 R
3 4 0 6 L
3 5 0 3 R
3 6 0 1 D
3 7 6 3 R
4 0 3 2 R
4 1 8 2 R
4 2 2 6 L
4 3 5 0 D
4 4 7 2 R
4 5 1 5 U
4 6 0 4 U
4 7 6 7 L
5 0 0 6 L
5 1 6 1 D
5 2 0 0 D
5 3 2 4 U
5 4 0 0 D
5 5 4 7 L
5 6 2 0 D
5 7 1 4 U
6 0 3 5 U
6 1 0 2 R
6 2 9 2 R
6 3 2 3 R
6 4 0 1 D
6 5 5 3 R
6 6 4 4 U
6 7 7 4 U
7 0 1 3 R
7 1 0 3 R
7 2 6 5 U
7 3 0 5 U
7 5 8 2 R
7 6 4 5 U
7 7 8 7 L
8 0 0 7 L
8 1 0 5 U
8 2 0 4 U
8 3 4 3 R
8 5 5 5 U
8 6 3 1 D
8 7 0 5 U
9 0 6 3 R
9 3 8 3 R
9 6 3 6 L
9 7 5 7 L
10 0 2 0 D
10 3 7 1 D
10 6 1 6 L
10 7 1 0 D

