19 21 340
3 2 17 9 5 0 13 9 10 0 16 5 0 0 10
12 9 9 0 0 3 9 10 0 17 0 16 9 15 5
2 13 0 16 0 0 17 4 0 0 0 0 7 0 9
0 0 0 8 1 9 0 0 14 12 7 0 7 0 0
9 11 0 4 9 11 0 0 0 6 0 3 0 0 14
17 0 12 0 9 0 3 0 0 9 11 0 5 18 8
3 6 0 0 13 9 0 0 6 9 17 0 0 0 15
0 0 7 14 11 0 0 18 0 0 10 0 0 0 0
0 7 0 2 9 6 0 13 16 9 0 0 3 17 0
3 0 4 0 0 11 4 0 11 15 0 0 4 0 18
15 9 0 0 16 0 0 0 18 0 0 2 0 8 0
16 0 0 1 0 0 14 3 7 0 17 0 11 0 15
0 5 12 15 0 17 9 3 0 0 0 16 0 0 17
13 9 0 9 8 14 9 0 9 4 0 0 4 16 10
1 8 9 2 8 11 16 11 0 0 12 4 14 15 0
0 0 0 0 L
0 1 0 1 L
0 2 0 2 L
0 3 0 3 L
0 4 0 4 L
0 5 0 5 R
0 6 0 6 R
0 7 0 7 R
0 8 0 8 R
0 9 0 9 R
0 10 0 10 D
0 11 0 11 D
0 12 0 12 D
0 13 0 13 D
0 14 0 14 D
0 15 0 15 D
0 16 0 16 U
0 17 0 17 U
0 18 0 18 U
0 19 0 19 U
0 20 0 20 U
1 0 0 8 R
1 1 0 10 D
1 2 7 2 L
1 3 8 11 D
1 4 7 4 L
1 5 0 14 D
1 6 15 4 L
1 7 6 16 U
1 8 10 2 L
1 9 4 19 U
1 10 5 2 L
1 11 16 0 L
1 12 6 4 L
1 13 12 13 D
1 14 6 3 L
1 15 5 17 U
1 16 0 2 L
1 17 0 12 D
1 18 13 5 R
1 19 0 9 R
1 20 4 11 D
2 0 4 16 U
2 1 0 15 D
2 2 15 10 D
2 3 0 6 R
2 4 4 4 L
2 5 0 18 U
2 6 9 6 R
2 7 3 7 R
2 8 0 0 L
2 9 1 9 R
2 10 4 8 R
2 11 1 16 U
2 12 0 7 R
2 13 10 13 D
2 14 10 14 D
2 16 0 4 L
2 17 4 6 R
2 18 12 0 L
2 19 0 2 L
2 20 13 20 U
3 0 15 18 U
3 1 5 16 U
3 2 0 19 U
3 3 9 3 L
3 4 15 17 U
3 5 0 11 D
3 6 7 6 R
3 7 10 19 U
3 8 14 8 R
3 9 13 11 D
3 10 9 10 D
3 11 4 11 D
3 12 14 12 D
3 13 2 13 D
3 14 9 14 D
3 16 1 0 L
3 17 9 5 R
3 18 6 9 R
3 19 9 19 U
3 20 11 5 R
4 0 0 11 D
4 1 2 1 L
4 2 0 18 U
4 4 3 13 D
4 5 0 17 U
4 6 0 3 L
4 7 8 17 U
4 8 0 1 L
4 9 0 11 D
4 10 3 7 R
4 11 11 7 R
4 12 5 12 D
4 13 0 0 L
4 14 7 14 D
4 16 0 3 L
4 17 0 0 L
4 18 2 18 U
4 19 15 19 U
4 20 3 2 L
5 0 0 16 U
5 1 3 1 L
5 2 13 13 D
5 4 12 16 U
5 5 10 10 D
5 6 2 0 L
5 7 3 7 R
5 8 15 10 D
5 9 7 12 D
5 10 11 6 R
5 11 4 11 D
5 12 12 0 L
5 13 2 9 R
5 14 8 14 D
5 15 6 15 D
5 16 0 8 R
5 17 4 17 U
5 18 9 18 U
5 19 9 3 L
5 20 18 20 U
6 0 2 0 L
6 1 3 1 L
6 2 1 15 D
6 3 5 10 D
6 4 4 4 L
6 5 3 12 D
6 6 11 16 U
6 7 3 16 U
6 8 16 11 D
6 9 0 20 U
6 10 0 2 L
6 11 10 5 R
6 12 0 1 L
6 13 2 13 D
6 14 0 4 L
6 16 14 9 R
6 17 13 9 R
6 18 1 1 L
6 19 16 0 L
6 20 0 5 R
7 0 5 0 L
7 1 0 13 D
7 2 2 2 L
7 4 9 11 D
7 5 1 5 R
7 6 0 13 D
7 7 0 19 U
7 8 3 8 R
7 9 4 9 R
7 10 0 4 L
7 11 8 6 R
7 12 16 7 R
7 13 8 13 D
7 14 8 14 D
7 16 0 6 R
7 17 10 17 U
7 18 4 6 R
7 19 12 19 U
7 20 0 6 R
8 0 12 12 D
8 1 4 18 U
8 2 13 2 L
8 3 11 3 L
8 4 16 4 L
8 5 0 4 L
8 6 10 6 R
8 7 0 2 L
8 8 1 3 L
8 9 12 20 U
8 10 0 6 R
8 11 15 9 R
8 12 0 8 R
8 13 2 13 D
8 14 3 9 R
8 16 0 7 R
8 17 3 2 L
8 18 1 10 D
8 19 16 19 U
9 0 1 19 U
9 1 4 1 L
9 2 0 16 U
9 3 8 13 D
9 4 3 10 D
9 5 5 5 R
9 6 1 6 R
9 7 5 7 R
9 8 3 8 R
9 9 15 9 R
9 10 14 10 D
9 11 14 4 L
9 12 5 12 D
9 13 4 13 D
9 14 1 0 L
9 15 0 9 R
9 16 16 7 R
9 17 6 8 R
9 18 7 4 L
9 19 5 14 D
9 20 8 20 U
10 0 16 0 L
10 1 9 5 R
10 2 4 17 U
10 3 5 3 L
10 4 1 16 U
10 5 1 18 U
10 6 0 1 L
10 7 9 11 D
10 8 13 12 D
10 9 8 11 D
10 10 4 10 D
10 11 0 17 U
10 12 0 9 R
10 13 0 18 U
10 14 0 19 U
10 16 11 16 U
10 17 12 17 U
10 19 0 1 L
11 0 7 11 D
11 1 7 11 D
11 2 2 19 U
11 3 4 17 U
11 4 0 5 R
11 5 15 16 U
11 6 4 17 U
11 7 4 7 R
11 8 0 10 D
11 9 3 9 R
11 10 2 5 R
11 11 1 1 L
11 12 8 0 L
11 13 10 2 L
11 14 16 4 L
11 16 9 0 L
11 17 6 0 L
11 19 4 19 U
11 20 2 8 R
12 0 11 16 U
12 1 8 13 D
12 2 10 14 D
12 3 9 3 L
12 4 0 19 U
12 5 14 14 D
12 6 9 17 U
12 7 0 0 L
12 8 6 17 U
12 9 0 10 D
12 10 14 16 U
12 11 4 11 D
12 12 2 12 D
12 13 7 1 L
12 14 0 16 U
12 16 9 11 D
12 17 11 17 U
12 18 9 18 U
12 19 5 19 U
12 20 0 13 D
13 0 0 14 D
13 1 8 20 U
13 2 8 6 R
13 3 0 7 R
13 4 4 7 R
13 5 0 10 D
13 6 11 19 U
13 7 7 7 R
13 8 5 1 L
13 9 9 9 R
13 10 0 7 R
13 11 12 4 L
13 12 10 12 D
13 13 10 17 U
13 14 8 8 R
13 16 0 5 R
13 17 0 2 L
13 18 5 6 R
13 19 14 4 L
14 0 4 14 D
14 1 6 14 D
14 2 10 2 L
14 3 4 14 D
14 4 2 4 L
14 5 5 1 L
14 6 3 14 D
14 7 0 17 U
14 9 8 9 R
14 10 6 1 L
14 11 10 11 D
14 12 9 2 L
14 13 7 13 D
14 14 1 19 U
14 16 5 2 L
14 17 12 6 R
14 18 9 18 U
14 19 6 19 U
14 20 12 20 U
15 0 10 16 U
15 1 6 16 U
15 2 0 20 U
15 3 1 3 L
15 4 4 20 U
15 5 2 11 D
15 7 11 20 U
15 8 0 3 L
15 9 8 13 D
15 10 0 5 R
15 11 4 11 D
15 13 0 2 L
15 14 1 14 D
15 16 4 5 R
15 17 9 17 U
15 18 7 18 U
15 19 4 2 L
16 0 2 20 U
16 2 13 17 U
16 4 6 4 L
16 5 0 16 U
16 6 12 10 D
16 7 1 7 R
16 8 1 8 R
16 9 9 9 R
16 10 0 0 L
16 11 4 8 R
16 13 0 1 L
16 16 13 6 R
16 18 1 9 R
16 19 0 11 D
17 0 2 12 D
17 4 1 17 U
17 5 7 5 R
17 9 14 9 R
17 10 14 10 D
17 11 3 4 L
17 13 8 13 D
17 16 2 8 R
17 19 2 5 R
18 0 4 17 U
18 4 16 4 L
18 11 7 11 D
18 13 9 13 D
18 19 1 19 U

