20 17 305
8 0 0 0 16 0 0 16 19 6 18 15 3 0 0 4 9 6
0 0 9 10 0 7 14 2 13 0 5 0 0 0 8 0 10 0
0 0 2 1 0 8 11 3 0 14 0 0 0 9 0 0 8 0
0 6 5 5 0 9 3 0 0 0 0 0 0 1 12 0 11 0
5 0 9 0 17 0 6 0 0 0 15 2 0 2 7 15 0 0
2 14 0 0 0 0 16 0 0 18 16 16 17 18 3 0 0 3
0 13 0 10 8 7 0 0 15 14 16 16 0 12 0 13 0 0
0 5 0 4 0 14 19 2 2 0 0 12 0 10 0 5 0 0
0 1 3 15 18 15 0 16 0 0 17 19 0 0 0 0 19 3
16 14 5 16 0 15 12 13 14 14 0 0 7 0 0 13 0 6
6 10 0 0 2 0 14 0 0 0 12 13 18 16 0 0 0 14
0 15 12 0 17 0 14 18 0 15 19 13 0 15 0 0 0 2
15 18 0 0 8 15 12 14 0 16 0 15 0 14 0 0 0 4
0 0 14 4 0 0 0 7 0 12 0 0 3 18 0 0 13 2
15 17 14 9 0 0 11 2 0 0 0 0 0 0 4 0 0 0
2 11 15 0 18 17 0 0 15 15 16 9 9 8 0 7 0 0
3 5 18 0 0 14 10 0 15 0 0 8 0 0 5 0 0 5
0 1 0 2 0 0 7 6 0 8 0 8 0 5 0 0 0 0
0 0 0 0 U
0 1 0 1 U
0 2 0 2 U
0 3 0 3 U
0 4 0 4 R
0 5 0 5 R
0 6 0 6 R
0 7 0 7 R
0 8 0 8 D
0 9 0 9 D
0 10 0 10 D
0 11 0 11 D
0 12 0 12 L
0 13 0 13 L
0 14 0 14 L
0 15 0 15 L
0 16 0 16 L
1 0 0 8 D
1 1 0 4 R
1 2 2 5 R
1 3 0 5 R
1 4 0 0 U
1 5 2 12 L
1 6 0 3 U
1 7 0 1 U
1 8 0 12 L
1 9 0 1 U
1 10 0 13 L
1 11 1 6 R
1 12 0 9 D
1 13 0 2 U
1 14 0 1 U
1 15 4 7 R
1 16 0 10 D
2 0 1 0 U
2 1 0 13 L
2 2 1 2 U
2 3 2 3 U
2 4 0 8 D
2 5 0 1 U
2 6 0 14 L
2 7 2 7 R
2 8 0 4 R
2 9 0 5 R
2 10 1 10 D
2 11 2 11 D
2 12 0 8 D
2 13 0 0 U
2 14 1 14 L
2 15 5 15 L
2 16 3 16 L
3 0 0 12 L
3 1 0 14 L
3 2 0 7 R
3 3 0 11 D
3 4 0 10 D
3 5 0 9 D
3 6 2 6 R
3 7 3 7 R
3 8 0 6 R
3 9 1 9 D
3 10 2 10 D
3 11 4 13 L
3 12 0 1 U
3 13 1 13 L
3 14 0 11 D
3 15 6 9 D
3 16 9 16 L
4 0 4 4 R
4 1 0 11 D
4 2 4 2 U
4 3 6 3 U
4 4 1 4 R
4 5 3 0 U
4 6 2 8 D
4 7 4 3 U
4 8 3 5 R
4 9 2 12 L
4 10 0 12 L
4 11 0 14 L
4 12 0 10 D
4 13 0 6 R
4 14 2 1 U
4 15 2 15 L
4 16 10 16 L
5 0 5 0 U
5 1 3 1 U
5 2 2 2 U
5 3 5 3 U
5 4 0 12 L
5 5 0 13 L
5 6 3 2 U
5 7 5 7 R
5 8 3 4 R
5 9 6 9 D
5 10 3 10 D
5 11 4 11 D
5 12 0 3 U
5 13 3 13 L
5 14 3 14 L
5 15 3 8 D
5 16 0 9 D
6 0 1 4 R
6 1 1 1 U
6 2 9 12 L
6 3 7 5 R
6 4 4 11 D
6 5 6 5 R
6 6 2 10 D
6 7 2 9 D
6 8 2 3 U
6 9 5 9 D
6 10 2 15 L
6 11 5 11 D
6 12 0 4 R
6 13 2 13 L
6 14 0 8 D
6 15 8 15 L
7 0 4 0 U
7 1 2 1 U
7 2 11 7 R
7 3 3 9 D
7 4 1 14 L
7 5 5 5 R
7 6 4 6 R
7 7 4 7 R
7 8 2 2 U
7 9 5 5 R
7 10 0 15 L
7 11 4 15 L
7 12 2 12 L
7 13 0 8 D
7 14 5 14 L
7 15 6 15 L
8 0 0 9 D
8 1 4 1 U
8 2 12 2 U
8 3 0 7 R
8 4 4 1 U
8 5 8 5 R
8 6 8 6 R
8 7 0 8 D
8 8 4 12 L
8 9 11 9 D
8 10 6 5 R
8 11 3 11 D
8 12 6 12 L
8 13 6 13 L
8 14 7 1 U
8 15 1 15 L
9 0 0 5 R
9 1 0 12 L
9 2 9 2 U
9 3 3 3 U
9 4 7 1 U
9 5 6 11 D
9 6 9 3 U
9 7 1 7 R
9 8 2 8 D
9 9 2 6 R
9 10 15 10 D
9 11 0 4 R
9 12 0 7 R
9 13 3 4 R
9 14 4 14 L
9 15 0 9 D
10 0 2 0 U
10 1 8 1 U
10 2 13 2 U
10 3 11 3 U
10 4 2 1 U
10 5 9 5 R
10 6 7 6 R
10 7 0 3 U
10 8 3 16 L
10 9 8 9 D
10 10 13 10 D
10 11 18 13 L
10 12 3 12 L
10 13 8 8 D
10 14 2 0 U
10 15 7 15 L
11 0 1 13 L
11 1 7 1 U
11 2 10 2 U
11 3 9 4 R
11 4 5 10 D
11 5 2 0 U
11 6 3 12 L
11 7 9 7 R
11 8 7 8 D
11 9 0 7 R
11 10 6 10 D
11 11 18 11 D
11 12 1 12 L
11 13 11 13 L
11 14 0 0 U
11 15 4 3 U
12 0 12 9 D
12 1 0 15 L
12 2 6 6 R
12 3 8 3 U
12 4 6 4 R
12 5 3 16 L
12 6 12 6 R
12 7 3 3 U
12 8 15 15 L
12 9 3 9 D
12 10 14 10 D
12 11 17 11 D
12 12 7 12 L
12 13 15 13 L
12 14 17 14 L
12 15 10 15 L
13 0 7 6 R
13 1 10 1 U
13 2 14 2 U
13 3 10 3 U
13 4 9 9 D
13 5 11 5 R
13 6 5 1 U
13 7 5 0 U
13 8 10 12 L
13 9 11 15 L
13 10 12 10 D
13 11 19 11 D
13 12 1 9 D
13 13 12 13 L
13 14 12 14 L
13 15 2 9 D
14 0 13 12 L
14 1 3 5 R
14 2 14 13 L
14 3 15 3 U
14 4 7 4 R
14 5 0 0 U
14 6 10 6 R
14 7 14 7 R
14 8 9 8 D
14 9 2 1 U
14 10 12 14 L
14 11 16 11 D
14 12 13 12 L
14 13 14 13 L
14 14 8 10 D
14 15 13 15 L
15 0 0 7 R
15 1 13 1 U
15 2 11 2 U
15 3 16 3 U
15 4 5 4 R
15 5 2 5 R
15 6 11 6 R
15 7 0 14 L
15 8 12 12 L
15 9 2 4 R
15 10 10 10 D
15 11 16 7 R
15 12 2 8 D
15 13 4 0 U
15 14 10 14 L
15 15 9 15 L
16 0 13 0 U
16 1 9 1 U
16 2 1 5 R
16 4 4 4 R
16 5 3 5 R
16 6 5 10 D
16 7 13 7 R
16 8 12 7 R
16 9 7 9 D
16 10 17 10 D
16 12 14 10 D
16 13 8 13 L
16 14 11 14 L
16 15 6 8 D
17 1 6 1 U
17 2 7 2 U
17 4 10 4 R
17 5 7 5 R
17 6 3 6 R
17 7 0 2 U
17 8 1 3 U
17 10 0 14 L
17 12 12 12 L
17 13 5 13 L
17 14 6 14 L
17 15 0 2 U
18 1 17 1 U
18 2 18 2 U
18 4 10 8 D
18 5 0 10 D
18 6 0 1 U
18 7 16 7 R
18 8 0 13 L
18 12 8 12 L
18 13 7 6 R
18 14 8 14 L
18 15 19 15 L
19 1 7 4 R
19 4 0 2 U
19 5 13 5 R
19 6 13 11 D
19 7 16 15 L
19 8 13 8 D

