18 17 270
9 15 0 0 3 0 0 0 0 0 14 8 0 11 0
0 0 0 16 6 10 0 0 0 0 0 3 0 0 0
0 0 0 0 0 0 15 0 0 0 11 0 0 0 4
0 0 0 10 0 0 0 0 0 0 0 3 0 13 1
0 0 4 6 0 0 17 0 0 0 0 0 0 0 16
0 0 0 13 17 0 0 14 0 0 0 0 0 0 15
0 0 0 0 6 0 2 0 0 10 12 0 0 0 0
0 0 0 0 11 0 0 0 0 0 0 0 0 0 0
0 5 5 7 2 14 0 6 0 0 6 0 0 15 0
0 14 12 0 8 0 0 0 0 0 17 0 0 0 10
0 13 0 12 0 0 17 1 0 9 0 0 0 16 0
0 2 0 15 14 0 0 0 0 0 0 12 0 13 7
16 17 0 4 0 0 0 0 0 14 0 17 0 0 0
15 0 0 0 0 0 0 0 10 8 0 0 0 0 0
0 13 0 0 13 0 0 0 0 6 0 16 9 6 6
0 0 0 0 R
0 1 0 1 R
0 2 0 2 R
0 3 0 3 R
0 4 0 4 U
0 5 0 5 U
0 6 0 6 U
0 7 0 7 U
0 8 0 8 D
0 9 0 9 D
0 10 0 10 D
0 11 0 11 D
0 12 0 12 D
0 13 0 13 L
0 14 0 14 L
0 15 0 15 L
0 16 0 16 L
1 0 5 8 D
1 1 11 9 D
1 2 8 2 R
1 3 8 8 D
1 4 0 16 L
1 5 3 1 R
1 6 13 1 R
1 7 3 7 U
1 8 5 14 L
1 9 9 2 R
1 10 3 13 L
1 11 4 0 R
1 12 12 15 L
1 13 12 13 L
1 14 0 10 D
1 15 3 15 L
1 16 4 16 L
2 0 16 6 U
2 1 0 8 D
2 2 10 4 U
2 3 12 3 R
2 4 9 3 R
2 5 10 3 R
2 6 0 13 L
2 7 15 2 R
2 8 3 8 D
2 9 7 9 D
2 10 5 10 D
2 11 1 11 D
2 12 4 3 R
2 13 7 10 D
2 14 5 9 D
2 15 0 2 R
2 16 1 8 D
3 0 7 0 R
3 1 0 4 U
3 2 1 2 R
3 3 1 3 R
3 4 0 0 R
3 5 4 5 U
3 6 2 6 U
3 7 2 7 U
3 8 0 0 R
3 9 6 9 D
3 10 6 1 R
3 11 6 15 L
3 12 2 12 D
3 13 2 8 D
3 14 2 11 D
3 15 8 5 U
3 16 2 5 U
4 0 12 0 R
4 1 1 6 U
4 2 5 6 U
4 3 12 3 R
4 4 0 8 D
4 5 7 15 L
4 6 14 6 U
4 7 0 11 D
4 8 3 3 R
4 9 0 15 L
4 10 8 14 L
4 11 5 11 D
4 12 10 12 D
4 13 12 7 U
4 14 0 6 U
4 15 3 6 U
4 16 0 7 U
5 0 1 0 R
5 1 7 7 U
5 2 0 7 U
5 3 1 3 R
5 4 13 4 U
5 5 0 2 R
5 6 2 6 U
5 7 6 7 U
5 8 0 13 L
5 9 0 1 R
5 10 0 16 L
5 11 8 13 L
5 12 7 12 D
5 13 7 12 D
5 14 3 4 U
5 15 9 4 U
5 16 3 16 L
6 0 10 5 U
6 1 2 4 U
6 2 1 2 R
6 3 1 4 U
6 4 0 1 R
6 5 4 12 D
6 6 9 6 U
6 7 9 1 R
6 8 0 4 U
6 9 15 0 R
6 10 15 10 D
6 11 0 14 L
6 12 5 12 D
6 13 0 8 D
6 14 3 14 L
6 15 9 15 L
6 16 3 8 D
7 0 8 10 D
7 1 0 13 L
7 2 0 16 L
7 3 1 8 D
7 4 6 4 U
7 5 3 0 R
7 6 6 0 R
7 7 11 7 U
7 8 15 4 U
7 9 9 9 D
7 10 0 2 R
7 12 2 12 D
7 13 2 13 L
7 14 5 4 U
7 15 5 5 U
7 16 0 5 U
8 0 7 13 L
8 1 14 5 U
8 2 6 11 D
8 3 1 5 U
8 4 10 15 L
8 5 0 9 D
8 6 10 11 D
8 7 4 7 U
8 8 3 15 L
8 9 6 14 L
8 10 7 14 L
8 12 10 1 R
8 13 11 13 L
8 14 3 14 L
8 15 2 0 R
8 16 11 16 L
9 0 0 16 L
9 1 1 1 R
9 2 1 2 R
9 3 4 5 U
9 4 11 8 D
9 5 6 1 R
9 6 8 8 D
9 7 3 7 U
9 8 12 0 R
9 9 5 9 D
9 10 11 10 D
9 11 5 11 D
9 12 1 12 D
9 13 1 12 D
9 14 13 6 U
9 15 10 10 D
9 16 7 8 D
10 0 0 14 L
10 1 8 1 R
10 2 0 10 D
10 3 1 6 U
10 4 9 2 R
10 5 13 3 R
10 6 2 3 R
10 7 2 7 U
10 8 9 14 L
10 9 6 9 D
10 10 11 15 L
10 13 16 8 D
10 14 9 8 D
10 15 8 9 D
10 16 7 5 U
11 0 8 0 R
11 1 3 4 U
11 2 8 6 U
11 3 14 3 R
11 4 14 8 D
11 5 7 2 R
11 6 12 16 L
11 7 8 16 L
11 8 0 5 U
11 9 8 16 L
11 10 4 10 D
11 11 0 3 R
11 12 6 13 L
11 13 13 10 D
11 14 0 4 U
11 15 1 15 L
11 16 13 6 U
12 0 14 5 U
12 1 11 1 R
12 2 4 2 R
12 3 11 11 D
12 4 0 15 L
12 5 7 5 U
12 6 2 14 L
12 7 6 12 D
12 8 6 13 L
12 9 10 13 L
12 10 7 2 R
12 13 1 13 L
12 14 8 14 L
12 15 1 5 U
12 16 3 16 L
13 0 1 16 L
13 1 12 8 D
13 2 11 14 L
13 3 15 4 U
13 4 10 0 R
13 5 9 5 U
13 7 2 7 U
13 8 3 1 R
13 9 5 1 R
13 10 11 2 R
13 11 3 11 D
13 13 10 9 D
13 14 1 9 D
13 15 14 9 D
13 16 2 12 D
14 0 1 14 L
14 1 6 1 R
14 2 13 16 L
14 3 0 15 L
14 4 12 14 L
14 5 12 12 D
14 6 0 10 D
14 7 5 7 U
14 8 12 8 D
14 9 11 13 L
14 10 6 13 L
14 13 0 9 D
14 14 16 7 U
15 0 0 8 D
15 1 6 1 R
15 2 0 9 D
15 4 6 1 R
15 5 6 5 U
15 7 14 10 D
15 8 4 16 L
15 9 9 0 R
15 10 5 10 D
15 13 3 11 D
15 14 11 7 U
15 16 13 11 D
16 1 14 15 L
16 2 11 13 L
16 5 4 5 U
16 8 8 13 L
16 9 1 6 U
16 10 13 10 D
16 11 3 15 L
16 13 6 9 D
16 14 0 1 R
17 1 11 1 R
17 2 1 2 R
17 5 7 14 L
17 9 6 9 D
17 10 7 10 D
17 14 4 14 L

