22 13 242
13 0 0 19 0 17 18 13 0 21 0 2 0 20 20
16 18 0 0 11 0 0 0 0 0 2 0 0 15 3
15 0 0 9 0 0 2 0 7 3 0 19 0 0 1
0 0 5 0 8 0 15 0 2 16 13 3 6 17 0
15 0 8 0 0 4 0 0 16 0 2 12 7 19 1
16 0 15 0 0 20 0 8 0 11 6 20 0 0 9
5 13 0 17 0 0 3 0 0 0 0 0 16 0 14
0 0 0 8 3 16 6 0 19 0 0 21 0 0 3
0 19 0 20 0 3 0 20 19 0 0 0 0 0 6
3 0 0 8 5 0 9 1 16 0 12 10 0 15 2
0 18 0 0 0 0 0 0 0 13 17 8 17 0 0
17 0 18 13 0 18 0 15 1 0 0 0 16 0 3
14 17 18 0 17 0 9 0 11 17 7 0 3 18 6
5 0 0 2 0 5 0 15 16 0 0 7 9 7 0
9 0 17 13 3 15 19 0 0 18 0 9 7 7 12
0 0 0 0 L
0 1 0 1 L
0 2 0 2 L
0 3 0 3 R
0 4 0 4 R
0 5 0 5 R
0 6 0 6 D
0 7 0 7 D
0 8 0 8 D
0 9 0 9 D
0 10 0 10 U
0 11 0 11 U
0 12 0 12 U
1 0 2 0 L
1 1 3 1 L
1 2 8 11 U
1 3 11 10 U
1 4 0 0 L
1 5 12 5 R
1 6 0 3 R
1 7 0 1 L
1 8 0 12 U
1 9 4 9 D
1 10 0 4 R
1 11 2 11 U
1 12 3 12 U
2 0 0 10 U
2 1 13 1 L
2 2 0 5 R
2 3 0 6 D
2 4 4 4 R
2 5 0 11 U
2 6 0 0 L
2 7 3 7 D
2 8 5 2 L
2 9 14 9 D
2 10 0 1 L
2 11 6 11 U
2 12 10 1 L
3 0 4 10 U
3 1 8 5 R
3 2 7 2 L
3 3 0 10 U
3 4 15 4 R
3 5 0 1 L
3 6 0 1 L
3 7 1 7 D
3 8 1 0 L
3 9 8 11 U
3 10 0 6 D
3 11 0 3 R
3 12 8 3 R
4 0 0 3 R
4 1 9 7 D
4 2 1 8 D
4 3 2 8 D
4 4 2 4 R
4 5 7 5 R
4 6 1 5 R
4 7 11 11 U
4 8 1 8 D
4 10 8 10 U
4 11 5 11 U
4 12 0 5 R
5 0 3 6 D
5 1 0 6 D
5 2 0 11 U
5 3 7 10 U
5 4 1 4 R
5 5 12 10 U
5 6 12 3 R
5 7 0 11 U
5 8 8 8 D
5 9 4 9 D
5 10 12 10 U
5 11 3 3 R
5 12 1 12 U
6 0 2 0 L
6 1 8 10 U
6 2 9 12 U
6 3 4 11 U
6 4 10 2 L
6 5 2 6 D
6 6 4 6 D
6 7 5 3 R
6 8 13 8 D
6 10 16 2 L
6 11 3 11 U
6 12 4 12 U
7 0 10 0 L
7 1 12 12 U
7 2 0 7 D
7 3 8 3 R
7 4 5 6 D
7 5 1 5 R
7 6 1 6 D
7 7 11 1 L
7 8 15 8 D
7 10 2 5 R
7 11 0 2 L
7 12 4 5 R
8 0 0 11 U
8 1 0 3 R
8 2 7 2 L
8 3 3 3 R
8 4 0 2 L
8 5 11 5 R
8 6 1 6 D
8 7 7 5 R
8 8 6 8 D
8 10 3 10 U
8 11 2 4 R
8 12 6 12 U
9 0 3 9 D
9 1 0 12 U
9 2 7 7 D
9 3 5 3 R
9 4 2 1 L
9 5 15 12 U
9 6 14 6 D
9 7 11 0 L
9 8 1 8 D
9 10 3 2 L
9 11 7 11 U
9 12 1 12 U
10 0 5 11 U
10 1 9 11 U
10 2 12 11 U
10 3 4 8 D
10 4 5 4 R
10 5 0 7 D
10 6 2 1 L
10 7 9 7 D
10 8 0 0 L
10 10 7 4 R
10 11 0 0 L
10 12 2 2 L
11 0 1 10 U
11 1 4 1 L
11 2 2 2 L
11 3 0 8 D
11 4 8 10 U
11 5 3 5 R
11 6 0 10 U
11 7 7 7 D
11 8 7 11 U
11 10 3 1 L
11 11 18 5 R
11 12 10 0 L
12 0 15 0 L
12 1 9 6 D
12 2 11 6 D
12 3 5 10 U
12 4 3 4 R
12 5 2 11 U
12 6 10 6 D
12 7 0 5 R
12 8 1 8 D
12 10 14 10 U
12 11 3 2 L
12 12 4 12 U
13 0 9 4 R
13 1 2 1 L
13 2 16 6 D
13 3 10 7 D
13 4 1 8 D
13 5 11 2 L
13 6 12 1 L
13 7 4 7 D
13 8 0 2 L
13 10 5 4 R
13 11 10 11 U
13 12 15 4 R
14 0 13 5 R
14 1 0 8 D
14 2 3 2 L
14 3 7 1 L
14 4 2 10 U
14 5 7 12 U
14 6 2 4 R
14 7 11 7 D
14 8 0 3 R
14 10 11 3 R
14 11 1 11 U
15 0 11 0 L
15 1 2 1 L
15 2 14 6 D
15 3 2 10 U
15 4 3 6 D
15 5 17 5 R
15 6 8 5 R
15 7 16 5 R
15 8 2 8 D
15 10 3 5 R
15 11 19 3 R
15 12 0 4 R
16 0 3 0 L
16 1 2 1 L
16 2 11 12 U
16 3 5 3 R
16 4 14 8 D
16 5 8 7 D
16 6 0 4 R
16 8 9 8 D
16 10 15 3 R
16 11 3 11 U
17 0 5 12 U
17 1 1 1 L
17 2 12 2 L
17 3 15 12 U
17 4 2 0 L
17 5 2 2 L
17 6 18 4 R
17 8 10 8 D
17 10 0 8 D
17 11 6 11 U
18 0 13 7 D
18 1 13 3 R
18 2 3 2 L
18 3 1 10 U
18 4 10 4 R
18 5 14 11 U
18 6 13 10 U
18 8 7 12 U
18 11 10 4 R
19 0 1 6 D
19 1 2 6 D
19 2 2 2 L
19 3 3 1 L
19 4 11 12 U
19 5 7 5 R
19 6 2 0 L
19 8 1 8 D
19 11 16 0 L
20 0 3 0 L
20 2 7 2 L
20 3 19 0 L
20 4 0 8 D
20 5 0 6 D
20 11 15 6 D
21 4 1 4 R
21 11 3 11 U

