21 21 408
13 0 8 4 0 0 4 6 18 6 0 0 5 0
4 20 0 19 5 9 2 14 0 0 5 0 6 9
20 0 0 0 0 16 4 0 19 0 19 3 0 18
14 20 1 0 20 20 0 1 0 13 17 12 12 2
0 10 0 18 0 0 19 0 0 11 20 0 0 15
15 10 10 9 0 3 16 13 15 5 15 0 11 7
0 0 12 19 19 6 0 0 0 16 0 15 1 0
0 16 0 0 18 0 19 18 0 0 11 0 2 0
16 17 20 0 0 17 15 17 0 16 14 14 14 12
0 18 19 18 0 0 16 0 17 0 0 15 0 12
17 0 0 0 14 0 15 16 0 7 0 16 0 12
18 0 0 0 0 0 8 14 13 12 0 11 10 0
18 19 0 0 19 0 0 3 15 0 13 0 4 0
1 4 18 5 7 16 0 0 17 9 10 0 0 15
0 0 0 0 R
0 1 0 1 R
0 2 0 2 R
0 3 0 3 R
0 4 0 4 R
0 5 0 5 R
0 6 0 6 U
0 7 0 7 U
0 8 0 8 U
0 9 0 9 U
0 10 0 10 U
0 11 0 11 D
0 12 0 12 D
0 13 0 13 D
0 14 0 14 D
0 15 0 15 D
0 16 0 16 L
0 17 0 17 L
0 18 0 18 L
0 19 0 19 L
0 20 0 20 L
1 0 0 16 L
1 1 0 11 D
1 2 0 17 L
1 3 0 17 L
1 4 0 10 U
1 5 0 18 L
1 6 0 11 D
1 7 0 1 R
1 8 0 2 R
1 9 0 13 D
1 10 0 15 D
1 11 0 0 R
1 12 0 7 U
1 13 3 17 L
1 14 3 17 L
1 15 0 3 R
1 16 0 6 U
1 17 0 7 U
1 18 1 11 D
1 19 0 14 D
1 20 2 15 D
2 0 1 0 R
2 1 3 12 D
2 2 1 2 R
2 3 3 3 R
2 4 1 4 R
2 5 6 5 R
2 6 1 6 U
2 7 0 0 R
2 8 0 12 D
2 9 3 9 U
2 10 1 10 U
2 11 0 8 U
2 12 1 12 D
2 13 1 13 D
2 14 2 14 D
2 15 1 19 L
2 16 0 12 D
2 17 1 1 R
2 18 2 18 L
2 19 0 4 R
2 20 0 0 R
3 0 0 6 U
3 1 2 1 R
3 2 0 13 D
3 3 3 14 D
3 4 3 20 L
3 5 7 5 R
3 6 0 18 L
3 7 0 3 R
3 8 2 8 U
3 9 0 19 L
3 10 3 1 R
3 11 0 16 L
3 12 0 16 L
3 13 0 2 R
3 14 1 9 U
3 15 2 15 D
3 16 1 8 U
3 17 0 9 U
3 18 1 18 L
3 19 2 19 L
3 20 4 20 L
4 0 0 8 U
4 1 0 9 U
4 2 2 12 D
4 3 0 20 L
4 4 6 4 R
4 5 3 5 R
4 6 2 2 R
4 7 2 0 R
4 8 0 19 L
4 9 3 20 L
4 10 3 13 D
4 11 2 6 U
4 12 0 3 R
4 13 4 13 D
4 14 0 1 R
4 15 2 10 U
4 16 0 11 D
4 17 5 6 U
4 18 3 9 U
4 19 4 19 L
4 20 0 9 U
5 0 3 0 R
5 1 0 12 D
5 2 0 7 U
5 3 4 15 D
5 4 5 4 R
5 5 8 17 L
5 6 2 16 L
5 7 1 7 U
5 8 5 8 U
5 9 4 9 U
5 10 5 10 U
5 11 4 11 D
5 12 0 18 L
5 13 4 2 R
5 14 7 20 L
5 15 6 15 D
5 16 1 6 U
5 17 2 7 U
5 18 5 18 L
5 19 0 2 R
5 20 1 20 L
6 0 2 11 D
6 1 2 10 U
6 2 1 19 L
6 3 2 3 R
6 4 5 7 U
6 5 13 5 R
6 6 5 16 L
6 7 5 3 R
6 8 0 18 L
6 9 0 17 L
6 10 3 10 U
6 11 5 11 D
6 12 0 17 L
6 13 4 4 R
6 14 7 14 D
6 15 5 15 D
6 16 4 7 U
6 17 3 17 L
6 18 0 13 D
6 19 5 19 L
6 20 3 20 L
7 0 3 6 U
7 1 6 8 U
7 2 6 2 R
7 3 0 15 D
7 4 0 9 U
7 5 12 5 R
7 6 4 6 U
7 7 4 7 U
7 8 3 8 U
7 9 0 16 L
7 10 1 0 R
7 11 2 3 R
7 12 2 9 U
7 13 5 13 D
7 14 6 4 R
7 15 3 15 D
7 16 7 7 U
7 17 7 17 L
7 18 3 12 D
7 19 10 19 L
7 20 2 14 D
8 0 1 15 D
8 1 5 11 D
8 2 7 2 R
8 3 6 15 D
8 4 4 4 R
8 5 1 5 R
8 6 6 3 R
8 7 6 7 U
8 8 2 16 L
8 9 1 15 D
8 10 9 10 U
8 11 2 4 R
8 12 3 1 R
8 13 0 17 L
8 14 5 20 L
8 15 4 19 L
8 16 8 12 D
8 17 4 17 L
8 18 6 18 L
8 19 9 13 D
8 20 11 9 U
9 0 7 6 U
9 1 7 1 R
9 2 9 11 D
9 3 5 3 R
9 4 11 14 D
9 5 4 12 D
9 6 1 0 R
9 7 8 2 R
9 8 6 5 R
9 9 10 9 U
9 10 10 10 U
9 11 8 11 D
9 12 9 12 D
9 13 6 13 D
9 14 4 16 L
9 15 7 16 L
9 16 4 8 U
9 17 8 8 U
9 18 7 18 L
9 19 9 19 L
9 20 9 20 L
10 0 7 9 U
10 1 7 11 D
10 2 8 2 R
10 3 1 6 U
10 4 11 4 R
10 5 14 7 U
10 6 4 0 R
10 7 9 7 U
10 8 1 5 R
10 9 9 0 R
10 10 11 10 U
10 11 9 0 R
10 12 7 1 R
10 13 9 5 R
10 14 8 14 D
10 15 8 19 L
10 16 1 12 D
10 17 5 2 R
10 18 10 8 U
10 19 7 19 L
10 20 2 20 L
11 0 3 14 D
11 1 11 15 D
11 2 10 10 U
11 3 7 3 R
11 4 10 4 R
11 5 15 15 D
11 6 8 17 L
11 7 7 7 U
11 8 10 13 D
11 9 8 17 L
11 10 6 17 L
11 11 1 18 L
11 12 10 19 L
11 13 2 2 R
11 14 8 0 R
11 15 9 19 L
11 16 8 16 L
11 17 9 9 U
11 18 6 12 D
11 19 8 19 L
11 20 14 20 L
12 0 12 6 U
12 1 11 1 R
12 2 13 15 D
12 3 10 3 R
12 4 9 4 R
12 5 7 15 D
12 6 0 14 D
12 7 3 11 D
12 8 7 8 U
12 9 14 20 L
12 10 12 10 U
12 11 0 6 U
12 12 8 4 R
12 13 9 7 U
12 14 11 14 D
12 15 7 15 D
12 16 4 3 R
12 17 2 13 D
12 18 15 12 D
12 19 7 7 U
12 20 14 10 U
13 0 13 11 D
13 1 6 11 D
13 2 10 2 R
13 3 4 3 R
13 4 16 9 U
13 6 11 18 L
13 7 4 5 R
13 8 15 8 U
13 9 6 9 U
13 10 11 5 R
13 11 9 16 L
13 12 11 12 D
13 13 12 13 D
13 14 13 10 U
13 15 10 16 L
13 16 14 16 L
13 17 12 17 L
13 18 4 2 R
13 19 11 19 L
13 20 17 14 D
14 0 15 0 R
14 1 9 19 L
14 2 7 8 U
14 3 8 3 R
14 4 16 4 R
14 6 3 19 L
14 7 3 0 R
14 8 14 8 U
14 9 11 1 R
14 10 5 13 D
14 11 14 1 R
14 12 3 12 D
14 13 10 18 L
14 14 12 14 D
14 15 9 15 D
14 16 13 16 L
14 17 6 7 U
14 18 16 7 U
14 19 11 11 D
14 20 2 13 D
15 0 15 6 U
15 1 14 8 U
15 2 13 20 L
15 3 15 20 L
15 6 8 11 D
15 7 12 5 R
15 8 17 16 L
15 9 12 9 U
15 10 20 10 U
15 11 2 20 L
15 12 11 17 L
15 13 14 13 D
15 14 3 14 D
15 15 8 9 U
15 16 10 16 L
15 17 8 14 D
15 18 13 18 L
15 19 14 1 R
15 20 13 20 L
16 0 16 12 D
16 1 12 1 R
16 2 15 2 R
16 3 13 3 R
16 6 9 16 L
16 7 16 0 R
16 8 16 3 R
16 9 15 14 D
16 10 7 10 U
16 11 8 18 L
16 12 13 6 U
16 13 16 0 R
16 14 16 18 L
16 15 7 17 L
16 16 10 11 D
16 17 5 8 U
16 18 8 7 U
16 19 17 19 L
16 20 14 2 R
17 0 6 18 L
17 1 11 13 D
17 2 17 12 D
17 3 12 9 U
17 6 9 5 R
17 7 11 17 L
17 8 0 4 R
17 9 17 9 U
17 10 19 10 U
17 11 8 1 R
17 12 3 19 L
17 13 17 13 D
17 14 16 20 L
17 15 10 15 D
17 16 16 16 L
17 17 6 11 D
17 18 2 9 U
17 19 13 19 L
18 0 11 6 U
18 1 2 18 L
18 2 15 8 U
18 3 14 3 R
18 6 17 3 R
18 9 7 11 D
18 10 13 10 U
18 11 17 1 R
18 12 18 17 L
18 13 0 0 R
18 14 7 8 U
18 15 0 2 R
18 16 18 10 U
18 17 18 11 D
18 18 17 12 D
18 19 20 6 U
19 0 14 16 L
19 1 18 1 R
19 2 17 2 R
19 3 19 3 R
19 6 11 16 L
19 9 18 9 U
19 11 19 0 R
19 12 13 12 D
19 13 13 13 D
19 14 17 14 D
19 15 16 15 D
19 16 18 16 L
19 17 19 17 L
19 19 15 19 L
20 0 14 12 D
20 1 10 11 D
20 6 16 17 L
20 11 15 11 D
20 12 13 19 L
20 13 9 13 D
20 14 13 14 D
20 16 3 16 L
20 17 10 15 D

