24 25 474
7 4 0 11 0 0 8 2 0 19 0 16 12 16 21
0 7 0 0 13 22 15 0 15 0 0 0 5 18 17
19 0 11 0 0 5 0 20 0 2 0 0 0 0 20
11 10 0 23 0 0 0 7 10 0 0 0 19 8 7
22 6 0 0 8 11 0 6 0 0 0 0 21 20 7
16 0 0 13 17 0 20 18 0 0 0 0 22 15 13
18 0 11 8 21 19 0 20 22 16 0 4 0 23 10
16 13 21 0 19 20 0 0 0 0 0 0 8 0 4
0 0 0 7 23 11 22 0 0 21 21 0 6 0 0
0 0 7 3 0 0 11 0 0 0 10 0 0 1 1
19 0 0 11 6 21 0 2 4 0 4 6 0 3 0
14 0 21 0 0 0 0 15 15 0 17 10 11 4 0
19 0 0 0 0 0 0 20 6 0 0 15 12 13 18
0 14 3 0 15 14 19 0 22 14 0 0 9 0 4
12 21 0 8 0 12 3 3 5 5 13 0 21 0 5
0 0 0 0 U
0 1 0 1 U
0 2 0 2 U
0 3 0 3 U
0 4 0 4 U
0 5 0 5 R
0 6 0 6 R
0 7 0 7 R
0 8 0 8 R
0 9 0 9 R
0 10 0 10 R
0 11 0 11 R
0 12 0 12 R
0 13 0 13 D
0 14 0 14 D
0 15 0 15 D
0 16 0 16 D
0 17 0 17 D
0 18 0 18 D
0 19 0 19 L
0 20 0 20 L
0 21 0 21 L
0 22 0 22 L
0 23 0 23 L
0 24 0 24 L
1 0 10 24 L
1 1 2 5 R
1 2 10 5 R
1 3 0 20 L
1 4 0 22 L
1 5 10 0 U
1 6 0 13 D
1 7 3 1 U
1 8 0 3 U
1 9 2 9 R
1 12 6 12 R
1 13 0 19 L
1 14 0 12 R
1 15 4 15 D
1 16 10 11 R
1 17 19 19 L
1 18 8 20 L
1 19 8 3 U
1 20 10 20 L
1 21 6 21 L
1 22 0 3 U
1 23 13 1 U
1 24 3 24 L
2 0 19 7 R
2 1 5 19 L
2 2 4 2 U
2 3 7 5 R
2 4 1 4 U
2 5 11 15 D
2 6 3 6 R
2 7 12 7 R
2 8 3 8 R
2 9 5 17 D
2 11 7 15 D
2 12 5 12 R
2 13 0 0 U
2 14 13 8 R
2 15 0 7 R
2 16 10 2 U
2 17 6 9 R
2 19 8 8 R
2 20 0 1 U
2 21 0 5 R
2 22 8 22 L
2 23 3 23 L
2 24 0 16 D
3 0 4 5 R
3 1 20 22 L
3 2 7 2 U
3 3 0 12 R
3 4 15 21 L
3 5 12 16 D
3 6 8 6 R
3 7 13 1 U
3 8 5 8 R
3 9 10 2 U
3 10 0 4 U
3 11 1 11 R
3 12 2 12 R
3 13 10 5 R
3 14 0 21 L
3 15 1 21 L
3 16 6 6 R
3 17 2 0 U
3 18 6 18 D
3 19 5 1 U
3 20 10 1 U
3 21 7 21 L
3 22 8 14 D
3 23 11 2 U
3 24 0 8 R
4 0 17 20 L
4 1 0 6 R
4 2 8 2 U
4 3 7 23 L
4 4 21 20 L
4 5 14 23 L
4 6 0 19 L
4 7 2 7 R
4 8 7 13 D
4 9 3 9 R
4 12 2 12 R
4 13 5 19 L
4 14 1 12 R
4 15 3 12 R
4 16 12 16 D
4 17 6 7 R
4 19 0 14 D
4 20 0 2 U
4 21 1 21 L
4 22 1 22 L
4 23 2 23 L
4 24 15 24 L
5 0 7 23 L
5 1 7 1 U
5 2 7 7 R
5 3 0 14 D
5 4 4 5 R
5 5 13 4 U
5 6 4 6 R
5 7 18 13 D
5 8 6 8 R
5 9 3 9 R
5 11 2 11 R
5 12 6 12 R
5 13 1 19 L
5 14 17 21 L
5 15 8 15 D
5 16 3 24 L
5 17 9 17 D
5 19 3 19 L
5 20 4 20 L
5 21 3 21 L
5 22 9 22 L
5 23 13 13 D
5 24 10 4 U
6 0 8 0 U
6 1 3 1 U
6 2 16 21 L
6 3 0 8 R
6 4 9 4 U
6 5 11 3 U
6 6 2 18 D
6 7 4 7 R
6 8 1 2 U
6 9 7 9 R
6 11 12 15 D
6 12 1 12 R
6 13 19 21 L
6 14 1 5 R
6 15 14 7 R
6 16 0 22 L
6 17 8 17 D
6 18 7 20 L
6 19 10 0 U
6 20 3 13 D
6 21 10 6 R
6 22 1 3 U
6 23 3 8 R
6 24 16 24 L
7 0 0 15 D
7 1 5 20 L
7 2 15 23 L
7 3 14 7 R
7 4 10 9 R
7 5 0 0 U
7 6 17 1 U
7 7 8 7 R
7 8 17 14 D
7 9 15 16 D
7 11 10 16 D
7 12 0 24 L
7 13 10 22 L
7 14 0 6 R
7 15 8 15 D
7 16 5 16 D
7 17 8 17 D
7 19 0 13 D
7 20 2 15 D
7 21 14 16 D
7 22 4 22 L
7 23 1 23 L
7 24 11 13 D
8 0 5 20 L
8 1 1 20 L
8 2 0 21 L
8 3 13 3 U
8 4 6 4 U
8 5 16 1 U
8 6 20 20 L
8 7 11 7 R
8 8 4 8 R
8 9 6 9 R
8 12 4 15 D
8 13 0 5 R
8 14 0 8 R
8 15 0 10 R
8 16 18 20 L
8 17 17 20 L
8 18 0 11 R
8 19 16 6 R
8 20 16 14 D
8 21 1 3 U
8 22 17 17 D
8 23 11 8 R
8 24 4 0 U
9 0 2 22 L
9 1 4 20 L
9 2 11 19 L
9 3 8 3 U
9 4 5 4 U
9 5 12 14 D
9 6 18 14 D
9 7 0 20 L
9 8 8 3 U
9 9 15 9 R
9 12 5 12 R
9 13 0 9 R
9 14 14 19 L
9 15 6 21 L
9 16 3 23 L
9 17 19 22 L
9 19 0 12 R
9 20 4 15 D
9 21 8 2 U
9 22 15 13 D
9 23 0 11 R
9 24 3 24 L
10 0 0 13 D
10 1 3 5 R
10 2 3 22 L
10 3 3 3 U
10 4 1 4 U
10 5 0 1 U
10 6 19 16 D
10 7 5 22 L
10 8 0 16 D
10 9 1 15 D
10 12 0 22 L
10 13 1 5 R
10 14 8 7 R
10 15 1 19 L
10 16 3 20 L
10 17 12 12 R
10 19 5 19 L
10 20 6 1 U
10 21 16 5 R
10 22 4 22 L
10 23 5 23 L
10 24 0 0 U
11 0 3 6 R
11 1 0 9 R
11 2 0 7 R
11 3 12 6 R
11 4 8 4 U
11 5 4 15 D
11 6 15 6 R
11 7 9 0 U
11 8 4 8 R
11 9 9 9 R
11 12 10 12 R
11 13 17 7 R
11 14 5 23 L
11 15 1 12 R
11 16 15 22 L
11 17 8 17 D
11 19 5 19 L
11 20 13 16 D
11 21 3 13 D
11 22 0 6 R
11 23 0 15 D
11 24 20 3 U
12 0 2 23 L
12 1 5 1 U
12 2 4 2 U
12 3 0 6 R
12 4 13 4 U
12 5 3 17 D
12 6 0 14 D
12 7 4 16 D
12 8 6 4 U
12 12 5 13 D
12 13 2 6 R
12 14 9 1 U
12 15 1 20 L
12 16 14 7 R
12 17 15 24 L
12 19 5 7 R
12 20 14 13 D
12 21 20 3 U
12 22 17 0 U
12 23 0 18 D
12 24 11 16 D
13 0 10 13 D
13 1 7 21 L
13 2 18 5 R
13 3 2 20 L
13 4 12 4 U
13 5 5 0 U
13 6 12 2 U
13 7 8 7 R
13 8 0 19 L
13 12 3 3 U
13 13 16 13 D
13 14 10 6 R
13 15 9 23 L
13 16 18 5 R
13 17 19 17 D
13 19 11 19 L
13 20 5 20 L
13 21 17 21 L
13 22 0 9 R
13 23 18 23 L
13 24 5 14 D
14 0 17 0 U
14 1 16 1 U
14 2 2 2 U
14 3 17 3 U
14 5 5 21 L
14 7 8 7 R
14 8 0 2 U
14 12 12 12 R
14 13 17 13 D
14 14 2 14 D
14 15 17 21 L
14 16 8 1 U
14 17 20 5 R
14 19 1 0 U
14 20 2 0 U
14 21 5 14 D
14 22 3 18 D
14 23 5 23 L
14 24 23 15 D
15 0 14 0 U
15 1 17 20 L
15 2 7 19 L
15 3 5 23 L
15 4 3 24 L
15 5 13 5 R
15 6 3 6 R
15 7 22 0 U
15 8 17 8 R
15 12 7 12 R
15 13 8 6 R
15 14 14 14 D
15 15 17 15 D
15 16 11 16 D
15 17 3 24 L
15 19 3 3 U
15 20 22 6 R
15 21 9 13 D
15 22 3 12 R
15 23 4 23 L
15 24 3 24 L
16 0 13 20 L
16 1 6 6 R
16 2 0 13 D
16 3 10 3 U
16 4 17 19 L
16 5 5 19 L
16 6 12 15 D
16 7 3 2 U
16 8 19 8 R
16 12 7 14 D
16 13 9 23 L
16 14 0 24 L
16 15 15 19 L
16 16 8 24 L
16 17 20 17 D
16 19 4 15 D
16 20 8 2 U
16 21 9 0 U
16 22 5 22 L
16 23 3 23 L
16 24 0 17 D
17 0 18 19 L
17 1 10 11 R
17 3 2 17 D
17 4 18 5 R
17 5 14 1 U
17 6 18 17 D
17 7 10 21 L
17 8 0 15 D
17 12 4 13 D
17 13 6 12 R
17 14 6 22 L
17 15 4 15 D
17 16 14 16 D
17 17 15 17 D
17 19 10 13 D
17 20 19 3 U
17 21 20 21 L
17 22 16 16 D
17 23 2 2 U
17 24 1 24 L
18 0 0 5 R
18 1 4 12 R
18 2 17 12 R
18 3 14 19 L
18 5 7 5 R
18 7 19 17 D
18 8 5 8 R
18 9 12 17 D
18 12 0 0 U
18 13 5 23 L
18 14 14 5 R
18 15 0 2 U
18 19 13 2 U
18 20 5 0 U
18 21 0 14 D
18 22 4 15 D
18 23 5 23 L
18 24 12 8 R
19 0 2 14 D
19 1 0 19 L
19 2 9 2 U
19 3 6 3 U
19 5 17 5 R
19 7 18 16 D
19 8 1 15 D
19 12 8 3 U
19 13 11 20 L
19 14 11 7 R
19 15 5 22 L
19 19 14 14 D
19 20 4 14 D
19 22 18 4 U
19 23 14 23 L
19 24 18 2 U
20 0 19 5 R
20 1 10 17 D
20 3 4 21 L
20 5 5 14 D
20 6 3 16 D
20 7 1 3 U
20 12 8 15 D
20 13 21 19 L
20 14 9 8 R
20 15 11 22 L
20 17 16 6 R
20 20 11 20 L
20 21 19 21 L
20 22 3 22 L
20 23 3 23 L
20 24 4 24 L
21 0 0 24 L
21 1 4 24 L
21 3 18 22 L
21 5 2 4 U
21 7 4 7 R
21 12 5 24 L
21 14 0 4 U
21 15 5 6 R
21 20 15 0 U
21 22 6 22 L
21 23 2 14 D
21 24 2 0 U
22 0 10 8 R
22 1 13 1 U
22 7 21 7 R
22 12 4 12 R
22 14 8 5 R
22 15 2 9 R
22 20 3 12 R
22 23 3 23 L
23 0 11 12 R
23 7 5 7 R
23 14 18 24 L
23 23 3 23 L

