17 20 277
16 15 0 6 0 0 0 0 0 0 0 6
0 0 9 15 0 0 0 0 0 0 0 13
0 0 11 14 10 2 7 0 4 0 6 5
0 0 14 0 6 0 15 2 0 3 0 14
9 13 14 15 0 14 0 10 0 12 11 0
0 5 12 0 11 0 14 9 7 0 0 0
1 0 0 12 5 4 14 0 9 10 0 0
10 11 0 0 4 5 13 0 0 0 6 0
14 5 0 0 0 0 12 2 2 0 8 0
0 15 0 6 0 0 0 13 0 0 0 0
0 0 7 8 3 0 13 5 0 0 0 0
1 11 0 9 2 0 13 1 7 2 6 11
0 0 0 0 L
0 1 0 1 L
0 2 0 2 L
0 3 0 3 L
0 4 0 4 L
0 5 0 5 R
0 6 0 6 R
0 7 0 7 R
0 8 0 8 R
0 9 0 9 R
0 10 0 10 D
0 11 0 11 D
0 12 0 12 D
0 13 0 13 D
0 14 0 14 D
0 15 0 15 U
0 16 0 16 U
0 17 0 17 U
0 18 0 18 U
0 19 0 19 U
1 0 0 16 U
1 1 11 1 L
1 2 3 2 L
1 3 3 17 U
1 4 7 4 L
1 5 0 11 D
1 6 3 10 D
1 7 3 17 U
1 8 5 0 L
1 9 8 19 U
1 10 0 15 U
1 11 10 5 R
1 12 5 2 L
1 13 8 13 D
1 14 12 2 L
1 15 0 0 L
1 16 0 10 D
1 17 13 9 R
1 18 0 3 L
1 19 3 6 R
2 0 5 17 U
2 1 0 9 R
2 2 8 9 R
2 3 0 16 U
2 4 0 10 D
2 5 6 5 R
2 6 0 2 L
2 7 10 7 R
2 8 4 11 D
2 9 6 10 D
2 10 8 5 R
2 11 3 1 L
2 12 8 12 D
2 13 7 13 D
2 14 3 14 D
2 15 0 1 L
2 16 10 8 R
2 17 3 17 U
2 18 3 2 L
2 19 11 19 U
3 0 1 0 L
3 1 8 17 U
3 2 7 15 U
3 3 2 3 L
3 4 0 6 R
3 5 2 19 U
3 6 5 6 R
3 7 1 7 R
3 8 9 8 R
3 9 6 9 R
3 10 0 8 R
3 11 2 3 L
3 12 9 12 D
3 13 5 16 U
3 14 8 14 D
3 15 14 5 R
3 16 2 1 L
3 17 4 7 R
3 18 7 2 L
3 19 2 19 U
4 0 1 0 L
4 1 0 12 D
4 2 1 12 D
4 3 7 18 U
4 4 3 4 L
4 5 0 10 D
4 6 7 15 U
4 7 2 13 D
4 8 3 8 R
4 9 8 12 D
4 10 0 2 L
4 11 3 9 R
4 12 8 0 L
4 13 10 5 R
4 14 3 2 L
4 15 10 4 L
4 16 8 6 R
4 17 5 1 L
4 18 2 18 U
4 19 14 19 U
5 0 15 5 R
5 1 3 10 D
5 2 1 2 L
5 3 8 5 R
5 4 13 13 D
5 5 2 0 L
5 6 2 17 U
5 7 1 2 L
5 8 3 11 D
5 9 4 18 U
5 10 1 10 D
5 11 12 8 R
5 12 8 4 L
5 13 6 13 D
5 14 9 14 D
5 15 6 2 L
5 16 0 11 D
5 17 12 11 D
5 18 9 9 R
5 19 1 12 D
6 0 9 12 D
6 1 3 11 D
6 2 10 16 U
6 3 13 3 L
6 4 2 4 L
6 5 3 12 D
6 6 2 11 D
6 7 0 0 L
6 8 2 8 R
6 9 3 11 D
6 10 10 0 L
6 11 9 15 U
6 12 0 7 R
6 13 8 13 D
6 15 2 1 L
6 16 0 2 L
6 17 0 12 D
6 18 0 6 R
6 19 9 7 R
7 0 0 15 U
7 1 3 16 U
7 2 0 5 R
7 3 2 16 U
7 4 9 4 L
7 5 1 18 U
7 6 6 11 D
7 7 5 11 D
7 8 0 16 U
7 9 3 9 R
7 10 10 6 R
7 11 11 18 U
7 12 14 8 R
7 13 2 13 D
7 15 0 2 L
7 16 10 16 U
7 17 9 8 R
7 18 9 18 U
8 0 6 17 U
8 1 7 8 R
8 2 4 18 U
8 3 13 3 L
8 4 3 4 L
8 5 12 15 U
8 6 4 13 D
8 7 16 12 D
8 8 0 15 U
8 9 9 9 R
8 10 1 3 L
8 11 3 15 U
8 12 11 6 R
8 13 3 1 L
8 15 2 7 R
8 16 6 10 D
8 17 1 17 U
8 18 6 18 U
8 19 4 19 U
9 0 5 13 D
9 1 7 15 U
9 2 0 11 D
9 3 5 12 D
9 4 3 4 L
9 5 13 11 D
9 6 3 6 R
9 7 8 7 R
9 8 5 8 R
9 9 4 13 D
9 10 6 15 U
9 11 8 1 L
9 12 0 17 U
9 13 0 18 U
9 14 4 14 D
9 15 8 15 U
9 17 10 6 R
9 18 3 3 L
9 19 0 7 R
10 0 12 15 U
10 1 6 1 L
10 2 8 2 L
10 3 1 3 L
10 4 7 7 R
10 5 5 14 D
10 6 13 16 U
10 7 0 13 D
10 8 11 10 D
10 10 4 4 L
10 11 0 5 R
10 12 7 9 R
10 13 7 18 U
10 15 0 4 L
10 16 7 3 L
10 17 5 17 U
10 18 8 11 D
10 19 1 8 R
11 0 3 12 D
11 1 2 5 R
11 2 10 19 U
11 3 0 12 D
11 4 12 4 L
11 5 1 10 D
11 6 9 6 R
11 7 13 7 R
11 8 3 16 U
11 10 10 7 R
11 11 10 7 R
11 12 6 16 U
11 13 3 17 U
11 15 4 15 U
11 16 13 7 R
11 17 4 4 L
12 0 3 0 L
12 1 3 7 R
12 2 0 9 R
12 3 3 3 L
12 4 0 8 R
12 6 13 6 R
12 7 8 19 U
12 8 13 15 U
12 10 7 10 D
12 11 0 0 L
12 12 1 2 L
12 13 8 0 L
12 15 3 6 R
12 17 13 5 R
12 18 13 1 L
13 0 6 10 D
13 1 9 1 L
13 2 12 2 L
13 3 4 3 L
13 4 11 4 L
13 5 10 16 U
13 6 2 14 D
13 7 12 7 R
13 8 1 0 L
13 10 9 4 L
13 11 0 4 L
13 13 7 1 L
13 15 0 8 R
13 17 2 6 R
14 1 12 1 L
14 2 3 2 L
14 3 12 10 D
14 4 13 4 L
14 6 1 6 R
14 7 7 2 L
14 8 10 12 D
14 10 3 1 L
14 13 6 13 D
14 15 4 9 R
14 17 2 17 U
15 1 14 1 L
15 2 12 7 R
15 3 3 3 L
15 13 8 13 D
15 15 5 12 D
15 17 11 8 R
16 3 6 3 L
16 15 8 10 D

