17 9 125
0 0 5 0 0 2 0 0 0 13 0 0 0 0 0 0 0
0 0 0 0 0 0 0 0 10 0 0 0 0 0 0 0 0
7 0 0 0 0 0 0 0 0 12 0 0 0 0 0 0 0
0 0 0 3 0 11 0 8 0 0 13 0 0 0 7 0 0
0 3 1 0 0 0 0 0 3 15 0 0 14 0 0 5 0
0 0 0 0 0 8 0 0 2 3 0 8 1 0 8 0 9
6 9 0 0 0 0 0 0 0 0 0 0 0 0 0 0 0
0 0 6 0 0 0 2 0 0 0 0 6 0 2 0 0 0
0 0 1 0 0 11 0 0 14 0 0 0 0 11 12 0 13
0 0 0 0 0 0 0 2 0 0 0 0 0 11 0 0 0
0 2 9 0 0 0 0 1 0 0 0 0 2 0 0 0 0
4 0 0 11 0 0 11 0 10 7 5 0 0 3 0 0 8
0 2 0 0 1 13 0 11 0 14 0 0 8 0 0 0 0
0 0 4 7 0 0 13 1 0 10 0 0 2 0 0 14 4
12 9 2 0 8 0 0 0 0 0 0 0 12 12 0 0 0
8 0 0 7 12 0 0 0 0 0 0 16 0 0 0 8 0
0 2 0 0 10 13 0 0 0 1 0 9 6 0 11 4 0
0 0 0 0 U
0 1 0 1 U
0 2 0 2 R
0 3 0 3 R
0 4 0 4 D
0 5 0 5 D
0 6 0 6 L
0 7 0 7 L
0 8 0 8 L
1 0 0 2 R
1 1 9 1 U
1 2 6 2 R
1 3 0 4 D
1 4 0 6 L
1 5 4 1 U
1 6 0 0 U
1 7 8 4 D
1 8 2 8 L
2 0 0 4 D
2 1 6 1 U
2 2 0 4 D
2 3 1 3 R
2 4 0 3 R
2 5 12 7 L
2 6 8 2 R
2 7 0 2 R
2 8 1 8 L
3 0 0 3 R
3 1 9 6 L
3 2 5 2 R
3 3 1 3 R
3 4 0 7 L
3 5 0 8 L
3 6 1 6 L
3 7 5 7 L
3 8 0 3 R
4 0 3 0 U
4 1 0 8 L
4 2 2 0 U
4 3 0 1 U
4 4 10 6 L
4 5 14 3 R
4 6 0 1 U
4 7 0 5 D
5 0 8 2 R
5 1 7 2 R
5 2 3 2 R
5 3 9 5 D
5 4 9 3 R
5 5 13 6 L
5 6 3 6 L
5 7 3 0 U
6 0 3 6 L
6 1 8 1 U
6 2 3 0 U
6 3 0 6 L
6 4 0 2 R
6 5 2 1 U
6 6 3 1 U
6 7 9 7 L
7 0 11 6 L
7 1 5 1 U
7 2 8 0 U
7 3 4 5 D
7 4 5 4 D
7 5 4 5 D
7 6 5 6 L
7 7 0 1 U
7 8 0 4 D
8 0 12 2 R
8 1 4 2 R
8 2 7 5 D
8 3 2 3 R
8 4 7 7 L
8 5 0 0 U
8 6 7 4 D
8 7 3 7 L
9 0 12 7 L
9 1 2 7 L
9 2 0 0 U
9 3 11 5 D
9 4 7 4 D
9 5 5 5 D
9 6 4 0 U
9 7 1 2 R
10 0 4 0 U
10 1 0 4 D
10 2 2 1 U
10 3 9 0 U
10 4 3 1 U
10 5 4 5 D
10 6 1 4 D
10 7 1 7 L
11 0 0 6 L
11 1 0 7 L
11 2 6 4 D
11 3 0 5 D
11 4 1 3 R
11 5 0 3 R
11 6 12 6 L
11 7 13 7 L
12 0 10 0 U
12 1 5 7 L
12 2 4 1 U
12 3 7 3 R
12 4 10 4 D
12 5 1 5 D
12 6 9 0 U
12 7 8 1 U
13 0 4 5 D
13 1 4 1 U
13 2 8 5 D
13 3 1 3 R
13 4 11 2 R
13 5 11 5 D
13 6 2 6 L
13 7 10 4 D
14 0 1 0 U
14 1 11 3 R
14 2 6 2 R
14 5 15 5 D
14 7 13 7 L
15 0 2 0 U
15 7 1 7 L
16 0 6 6 L

