41 34 1310
2 2 8 31 20 21 38 6 17 34 4 0 5 1
22 20 7 10 31 40 0 16 6 18 0 2 1 8
23 20 38 0 31 37 37 40 15 23 0 11 0 36
37 36 40 16 15 21 39 0 15 26 28 25 0 29
38 35 34 3 23 33 0 24 25 1 20 24 12 11
26 4 0 35 19 6 0 27 28 35 16 9 0 19
40 0 0 0 39 0 10 0 21 0 40 34 29 18
1 35 35 27 31 9 21 34 17 35 39 0 0 34
19 34 0 35 35 23 38 0 36 0 37 0 12 1
38 17 36 37 38 37 39 39 26 39 23 32 0 1
27 14 34 35 36 38 39 36 40 5 36 0 6 2
0 0 29 16 11 40 6 0 9 40 21 19 36 35
0 4 32 28 29 33 22 31 32 9 33 24 36 0
18 2 27 0 30 37 0 20 26 40 35 36 3 22
0 0 0 0 L
0 1 0 1 L
0 2 0 2 L
0 3 0 3 L
0 4 0 4 L
0 5 0 5 L
0 6 0 6 L
0 7 0 7 L
0 8 0 8 L
0 9 0 9 L
0 10 0 10 R
0 11 0 11 R
0 12 0 12 R
0 13 0 13 R
0 14 0 14 R
0 15 0 15 R
0 16 0 16 R
0 17 0 17 R
0 18 0 18 R
0 19 0 19 R
0 20 0 20 D
0 21 0 21 D
0 22 0 22 D
0 23 0 23 D
0 24 0 24 D
0 25 0 25 D
0 26 0 26 D
0 27 0 27 U
0 28 0 28 U
0 29 0 29 U
0 30 0 30 U
0 31 0 31 U
0 32 0 32 U
0 33 0 33 U
1 0 0 20 D
1 1 0 21 D
1 2 1 28 U
1 3 1 23 D
1 4 1 30 U
1 5 1 25 D
1 6 0 14 R
1 7 3 27 U
1 8 4 24 D
1 9 1 26 D
1 10 0 22 D
1 11 1 27 U
1 12 0 2 L
1 13 0 24 D
1 14 0 29 U
1 15 0 0 L
1 16 0 6 L
1 17 2 32 U
1 18 0 26 D
1 19 29 26 D
1 20 0 10 R
1 21 0 0 L
1 22 0 1 L
1 23 1 12 R
1 24 0 3 L
1 25 2 12 R
1 26 4 12 R
1 27 0 21 D
1 28 1 11 R
1 29 0 13 R
1 30 1 14 R
1 31 1 4 L
1 32 3 15 R
1 33 4 1 L
2 0 0 28 U
2 1 2 30 U
2 2 4 25 D
2 3 3 3 L
2 4 1 4 L
2 5 2 5 L
2 6 1 6 L
2 7 3 7 L
2 8 3 8 L
2 9 3 9 L
2 10 0 31 U
2 11 0 27 U
2 12 0 0 L
2 13 2 30 U
2 14 4 22 D
2 15 1 15 R
2 16 3 16 R
2 17 1 17 R
2 18 3 18 R
2 19 14 19 R
2 20 1 5 L
2 21 1 16 R
2 22 1 4 L
2 23 4 23 D
2 24 3 14 R
2 25 2 25 D
2 26 2 17 R
2 27 0 10 R
2 28 1 28 U
2 29 0 15 R
2 30 0 22 D
2 31 1 31 U
2 32 0 17 R
2 33 4 33 U
3 0 2 27 U
3 1 4 1 L
3 2 3 2 L
3 3 4 29 U
3 4 4 21 D
3 5 5 28 U
3 6 2 6 L
3 7 2 7 L
3 8 2 8 L
3 9 1 9 L
3 10 3 28 U
3 11 2 29 U
3 12 3 20 D
3 13 2 13 R
3 14 2 14 R
3 15 3 31 U
3 16 2 16 R
3 17 2 26 D
3 18 3 33 U
3 19 29 19 R
3 20 0 16 R
3 21 1 21 D
3 22 1 22 D
3 23 2 3 L
3 24 0 8 L
3 25 2 7 L
3 26 3 9 L
3 27 0 20 D
3 28 4 0 L
3 29 3 10 R
3 30 3 30 U
3 31 3 1 L
3 32 1 18 R
3 33 3 17 R
4 0 3 0 L
4 1 2 32 U
4 2 4 2 L
4 3 4 3 L
4 4 0 33 U
4 5 7 33 U
4 6 2 24 D
4 7 1 7 L
4 8 1 8 L
4 9 4 9 L
4 10 4 10 R
4 11 0 4 L
4 12 4 12 R
4 13 1 13 R
4 14 4 14 R
4 15 2 15 R
4 16 1 25 D
4 17 3 17 R
4 18 2 18 R
4 19 24 19 R
4 20 4 3 L
4 21 3 12 R
4 22 0 30 U
4 23 2 23 D
4 24 0 32 U
4 25 3 6 L
4 26 4 4 L
4 27 3 27 U
4 28 2 28 U
4 29 3 13 R
4 30 0 3 L
4 31 4 31 U
4 32 1 17 R
4 33 2 33 U
5 0 1 22 D
5 1 5 22 D
5 2 1 2 L
5 3 7 21 D
5 4 3 23 D
5 5 7 5 L
5 6 16 24 D
5 7 1 14 R
5 8 27 33 U
5 9 8 23 D
5 10 0 1 L
5 11 6 28 U
5 12 2 29 U
5 13 5 20 D
5 14 0 2 L
5 15 3 15 R
5 16 1 20 D
5 17 10 31 U
5 18 2 22 D
5 19 0 9 L
5 20 2 9 L
5 21 4 16 R
5 22 4 27 U
5 23 1 11 R
5 24 5 1 L
5 25 6 10 R
5 26 4 26 D
5 27 0 11 R
5 28 1 10 R
5 29 5 5 L
5 30 0 12 R
5 31 2 11 R
5 32 6 10 R
5 33 1 15 R
6 0 7 27 U
6 1 6 1 L
6 2 2 2 L
6 3 5 26 D
6 4 8 20 D
6 5 0 10 R
6 6 8 6 L
6 7 8 7 L
6 8 26 8 L
6 9 9 9 L
6 10 3 29 U
6 11 6 11 R
6 12 5 12 R
6 13 8 21 D
6 14 6 14 R
6 15 6 33 U
6 16 0 7 L
6 17 6 17 R
6 18 22 18 R
6 19 26 19 R
6 20 6 0 L
6 21 7 0 L
6 22 6 22 D
6 23 5 14 R
6 24 6 24 D
6 25 7 25 D
6 26 6 13 R
6 27 5 10 R
6 28 5 0 L
6 29 5 29 U
6 30 0 23 D
6 31 7 31 U
6 32 6 32 U
6 33 8 33 U
7 0 5 24 D
7 1 5 1 L
7 2 5 31 U
7 3 7 32 U
7 4 8 4 L
7 5 9 25 D
7 6 14 6 L
7 7 6 7 L
7 8 24 8 L
7 9 6 9 L
7 10 6 21 D
7 11 6 30 U
7 12 4 2 L
7 13 8 13 R
7 14 3 14 R
7 15 6 15 R
7 16 4 16 R
7 17 11 17 R
7 18 23 18 R
7 19 25 19 R
7 20 3 13 R
7 21 7 12 R
7 22 5 22 D
7 23 3 23 D
7 24 7 24 D
7 25 5 25 D
7 26 9 13 R
7 27 1 12 R
7 28 6 28 U
7 29 3 11 R
7 30 7 30 U
7 31 6 31 U
7 32 5 32 U
7 33 5 15 R
8 0 2 29 U
8 1 8 1 L
8 2 0 29 U
8 3 7 3 L
8 4 8 26 D
8 5 9 5 L
8 6 6 6 L
8 7 9 29 U
8 8 23 8 L
8 9 10 22 D
8 10 8 31 U
8 11 5 28 U
8 12 7 27 U
8 13 0 21 D
8 14 8 14 R
8 15 0 1 L
8 16 7 16 R
8 17 16 29 U
8 18 9 18 R
8 19 22 19 R
8 20 8 12 R
8 21 3 1 L
8 22 7 13 R
8 23 9 12 R
8 24 7 3 L
8 25 9 7 L
8 26 9 26 D
8 27 7 11 R
8 28 7 3 L
8 29 6 12 R
8 30 8 11 R
8 31 0 24 D
8 32 5 10 R
8 33 9 33 U
9 0 7 24 D
9 1 7 1 L
9 2 8 30 U
9 3 8 32 U
9 4 9 4 L
9 5 10 5 L
9 6 16 6 L
9 7 1 27 U
9 8 27 27 U
9 9 11 9 L
9 10 8 27 U
9 11 9 11 R
9 12 9 25 D
9 13 9 25 D
9 14 8 28 U
9 15 9 15 R
9 16 10 20 D
9 17 14 17 R
9 18 26 32 U
9 19 30 19 R
9 20 7 9 L
9 21 9 16 R
9 22 7 22 D
9 23 9 23 D
9 24 5 4 L
9 25 8 5 L
9 26 6 26 D
9 27 6 14 R
9 28 6 3 L
9 29 10 15 R
9 30 9 30 U
9 31 9 5 L
9 32 9 32 U
9 33 10 11 R
10 0 0 11 R
10 1 7 26 D
10 2 7 20 D
10 3 9 24 D
10 4 9 21 D
10 5 0 17 R
10 6 19 28 U
10 7 9 33 U
10 8 9 8 L
10 9 12 9 L
10 10 11 27 U
10 11 10 30 U
10 12 12 28 U
10 13 0 4 L
10 14 9 28 U
10 15 7 27 U
10 16 12 16 R
10 17 16 31 U
10 18 2 8 L
10 19 3 19 R
10 20 5 0 L
10 21 10 21 D
10 22 0 4 L
10 23 10 11 R
10 24 9 2 L
10 25 11 11 R
10 26 8 26 D
10 27 8 16 R
10 28 9 7 L
10 29 10 29 U
10 30 11 13 R
10 31 11 1 L
10 32 7 10 R
10 33 10 33 U
11 0 10 22 D
11 1 10 30 U
11 2 10 2 L
11 3 10 3 L
11 4 10 23 D
11 5 17 26 D
11 6 11 32 U
11 7 12 27 U
11 8 17 24 D
11 9 13 25 D
11 10 12 30 U
11 11 10 21 D
11 12 9 12 R
11 13 0 3 L
11 14 7 14 R
11 15 10 33 U
11 16 14 21 D
11 17 0 32 U
11 18 16 18 R
11 19 28 19 R
11 20 8 2 L
11 21 11 3 L
11 22 10 2 L
11 23 10 23 D
11 24 11 24 D
11 25 11 25 D
11 26 5 33 U
11 27 9 17 R
11 28 10 28 U
11 29 12 1 L
11 30 11 30 U
11 31 11 31 U
11 32 12 32 U
11 33 10 10 R
12 0 11 0 L
12 1 10 32 U
12 2 11 26 D
12 3 11 23 D
12 4 6 31 U
12 5 17 5 L
12 6 13 12 R
12 7 13 7 L
12 8 25 8 L
12 9 13 20 D
12 10 0 28 U
12 11 10 20 D
12 12 8 12 R
12 13 13 13 R
12 14 12 24 D
12 15 15 15 R
12 16 14 27 U
12 17 18 17 R
12 18 15 18 R
12 19 8 9 L
12 20 11 0 L
12 21 5 5 L
12 22 0 12 R
12 23 12 11 R
12 24 13 0 L
12 25 10 25 D
12 26 12 26 D
12 27 12 13 R
12 28 0 7 L
12 29 12 29 U
12 30 8 14 R
12 31 16 12 R
12 32 11 32 U
12 33 11 33 U
13 0 9 10 R
13 1 0 22 D
13 2 13 30 U
13 3 5 3 L
13 4 5 4 L
13 5 16 5 L
13 6 7 6 L
13 7 12 20 D
13 8 22 8 L
13 9 19 23 D
13 10 13 10 R
13 11 11 26 D
13 12 1 12 R
13 13 11 13 R
13 14 15 27 U
13 15 16 15 R
13 16 17 23 D
13 17 19 32 U
13 18 14 18 R
13 19 32 19 R
13 20 11 14 R
13 21 6 4 L
13 22 14 16 R
13 23 12 23 D
13 24 12 24 D
13 25 16 13 R
13 26 0 29 U
13 27 13 27 U
13 28 13 16 R
13 29 2 10 R
13 30 15 30 U
13 31 17 31 U
13 32 17 7 L
13 33 14 2 L
14 0 13 28 U
14 1 12 21 D
14 2 16 20 D
14 3 17 27 U
14 4 11 4 L
14 5 15 5 L
14 6 21 6 L
14 7 12 21 D
14 8 17 8 L
14 9 7 9 L
14 10 12 27 U
14 11 14 28 U
14 12 15 32 U
14 13 11 30 U
14 14 9 14 R
14 15 8 29 U
14 16 13 26 D
14 17 21 17 R
14 18 13 18 R
14 19 16 19 R
14 20 13 20 D
14 21 13 1 L
14 22 14 22 D
14 23 14 7 L
14 24 14 0 L
14 25 4 14 R
14 26 14 9 L
14 27 12 0 L
14 28 14 28 U
14 29 14 13 R
14 30 14 30 U
14 31 14 17 R
14 32 20 13 R
14 33 13 33 U
15 0 15 23 D
15 1 5 20 D
15 2 16 24 D
15 3 6 3 L
15 4 5 25 D
15 5 14 5 L
15 6 21 27 U
15 7 16 30 U
15 8 16 8 L
15 9 16 9 L
15 10 7 10 R
15 11 17 30 U
15 12 14 25 D
15 13 15 24 D
15 14 10 14 R
15 15 18 15 R
15 16 13 28 U
15 17 12 17 R
15 18 8 18 R
15 19 9 19 R
15 20 10 9 L
15 21 11 16 R
15 22 13 22 D
15 23 16 0 L
15 24 14 24 D
15 25 7 4 L
15 26 16 16 R
15 27 15 10 R
15 28 11 2 L
15 29 15 29 U
15 30 13 11 R
15 31 11 16 R
15 32 20 32 U
15 33 26 4 L
16 0 15 21 D
16 1 15 25 D
16 2 14 2 L
16 3 16 29 U
16 4 14 4 L
16 5 15 21 D
16 6 10 6 L
16 7 13 29 U
16 8 20 8 L
16 9 10 9 L
16 10 14 30 U
16 11 17 11 R
16 12 0 20 D
16 13 15 13 R
16 14 0 1 L
16 15 17 15 R
16 16 19 23 D
16 17 4 17 R
16 18 12 18 R
16 19 10 19 R
16 20 3 10 R
16 21 12 2 L
16 22 13 13 R
16 23 13 23 D
16 24 15 16 R
16 25 13 12 R
16 26 17 26 D
16 27 9 27 U
16 28 14 16 R
16 29 13 3 L
16 30 17 30 U
16 31 16 31 U
16 32 18 32 U
16 33 27 33 U
17 0 17 29 U
17 1 17 31 U
17 2 15 2 L
17 3 19 29 U
17 4 20 24 D
17 5 18 5 L
17 6 18 6 L
17 7 18 30 U
17 8 28 32 U
17 9 14 20 D
17 10 5 5 L
17 11 16 11 R
17 12 15 23 D
17 13 16 25 D
17 14 17 14 R
17 15 14 15 R
17 16 17 28 U
17 17 7 17 R
17 18 7 18 R
17 19 6 19 R
17 20 17 20 D
17 21 16 21 D
17 22 12 22 D
17 23 0 2 L
17 24 13 24 D
17 25 17 13 R
17 26 14 26 D
17 27 15 11 R
17 28 15 28 U
17 29 16 14 R
17 30 15 7 L
17 31 19 10 R
17 32 16 13 R
17 33 25 17 R
18 0 19 26 D
18 1 13 1 L
18 2 15 31 U
18 3 20 31 U
18 4 6 4 L
18 5 13 5 L
18 6 17 6 L
18 7 20 32 U
18 8 19 8 L
18 9 31 26 D
18 10 6 27 U
18 11 14 33 U
18 12 0 22 D
18 13 13 26 D
18 14 18 28 U
18 15 20 21 D
18 16 16 16 R
18 17 19 22 D
18 18 26 24 D
18 19 34 19 R
18 20 16 4 L
18 21 18 13 R
18 22 11 5 L
18 23 19 0 L
18 24 11 9 L
18 25 19 25 D
18 26 18 3 L
18 27 5 22 D
18 28 9 10 R
18 29 12 14 R
18 30 16 15 R
18 31 18 31 U
18 32 17 17 R
18 33 25 33 U
19 0 0 25 D
19 1 11 1 L
19 2 18 22 D
19 3 15 3 L
19 4 22 30 U
19 5 8 5 L
19 6 21 32 U
19 7 20 7 L
19 8 8 8 L
19 9 27 9 L
19 10 18 27 U
19 11 18 30 U
19 12 12 31 U
19 13 20 31 U
19 14 0 6 L
19 15 19 15 R
19 16 20 24 D
19 17 20 17 R
19 18 25 18 R
19 19 33 19 R
19 20 9 5 L
19 21 13 21 D
19 22 17 12 R
19 23 16 23 D
19 24 17 16 R
19 25 18 25 D
19 26 18 2 L
19 27 18 7 L
19 28 10 10 R
19 29 5 14 R
19 30 19 30 U
19 31 18 11 R
19 32 19 6 L
19 33 24 33 U
20 0 20 20 D
20 1 0 14 R
20 2 12 10 R
20 3 19 3 L
20 4 19 4 L
20 5 20 27 U
20 6 20 6 L
20 7 7 7 L
20 8 18 8 L
20 9 32 9 L
20 10 9 27 U
20 11 19 31 U
20 12 20 12 R
20 13 0 22 D
20 14 11 14 R
20 15 0 6 L
20 16 20 16 R
20 17 0 4 L
20 18 17 18 R
20 19 30 29 U
20 20 10 14 R
20 21 19 1 L
20 22 19 2 L
20 23 20 1 L
20 24 17 3 L
20 25 3 25 D
20 26 17 15 R
20 27 0 0 L
20 28 19 11 R
20 29 18 3 L
20 30 16 1 L
20 31 21 31 U
20 32 21 13 R
20 33 27 8 L
21 0 20 26 D
21 1 14 23 D
21 2 21 2 L
21 3 7 22 D
21 4 22 27 U
21 5 12 5 L
21 6 23 21 D
21 7 20 25 D
21 8 28 8 L
21 9 31 9 L
21 10 21 30 U
21 11 19 27 U
21 12 19 29 U
21 13 21 32 U
21 14 14 20 D
21 15 13 15 R
21 16 19 16 R
21 17 22 17 R
21 18 27 26 D
21 19 27 19 R
21 20 16 1 L
21 21 13 16 R
21 22 13 6 L
21 23 15 23 D
21 24 18 16 R
21 25 16 5 L
21 26 18 26 D
21 27 19 12 R
21 28 9 15 R
21 29 20 29 U
21 30 1 25 D
21 31 19 12 R
21 32 18 4 L
21 33 21 33 U
22 0 14 21 D
22 1 22 23 D
22 2 21 24 D
22 3 23 31 U
22 4 21 4 L
22 5 19 27 U
22 6 5 6 L
22 7 17 7 L
22 8 28 30 U
22 9 30 9 L
22 10 21 20 D
22 11 22 27 U
22 12 22 31 U
22 13 21 7 L
22 14 26 22 D
22 15 13 32 U
22 16 22 16 R
22 17 23 32 U
22 18 19 18 R
22 19 24 27 U
22 20 0 7 L
22 21 21 14 R
22 22 15 2 L
22 23 21 17 R
22 24 18 24 D
22 25 19 17 R
22 26 17 1 L
22 27 22 15 R
22 28 22 0 L
22 29 19 26 D
22 30 21 16 R
22 31 24 10 R
22 32 22 32 U
22 33 11 18 R
23 0 20 10 R
23 1 24 29 U
23 2 22 26 D
23 3 17 3 L
23 4 12 23 D
23 5 23 31 U
23 6 19 30 U
23 7 26 23 D
23 8 12 15 R
23 9 33 17 R
23 10 21 28 U
23 11 23 11 R
23 12 24 12 R
23 13 27 13 R
23 14 25 14 R
23 15 22 30 U
23 16 0 5 L
23 17 27 17 R
23 18 6 18 R
23 19 34 21 D
23 20 22 2 L
23 21 22 11 R
23 22 1 6 L
23 23 23 14 R
23 24 24 5 L
23 25 23 15 R
23 26 22 26 D
23 27 14 10 R
23 28 23 28 U
23 29 26 29 U
23 30 22 11 R
23 31 23 12 R
23 32 26 3 L
23 33 29 1 L
24 0 23 20 D
24 1 23 25 D
24 2 21 21 D
24 3 24 3 L
24 4 20 4 L
24 5 23 5 L
24 6 24 24 D
24 7 23 7 L
24 8 12 8 L
24 9 34 20 D
24 10 23 28 U
24 11 17 20 D
24 12 20 31 U
24 13 26 13 R
24 14 26 31 U
24 15 24 15 R
24 16 0 20 D
24 17 26 17 R
24 18 29 30 U
24 19 32 27 U
24 20 0 6 L
24 21 23 0 L
24 22 22 16 R
24 23 25 23 D
24 24 26 24 D
24 25 25 25 D
24 26 19 18 R
24 27 23 10 R
24 28 6 1 L
24 29 23 29 U
24 30 22 30 U
24 31 25 31 U
24 32 25 32 U
24 33 30 33 U
25 0 9 0 L
25 1 23 1 L
25 2 24 32 U
25 3 27 25 D
25 4 27 31 U
25 5 17 15 R
25 6 0 30 U
25 7 25 7 L
25 8 13 8 L
25 9 28 9 L
25 10 24 29 U
25 11 24 20 D
25 12 23 32 U
25 13 25 13 R
25 14 26 14 R
25 15 26 15 R
25 16 13 16 R
25 17 24 3 L
25 18 21 18 R
25 20 24 11 R
25 21 21 21 D
25 22 26 22 D
25 23 24 23 D
25 24 26 6 L
25 25 24 25 D
25 26 19 26 D
25 27 24 12 R
25 28 22 5 L
25 29 25 29 U
25 30 16 30 U
25 31 24 31 U
25 32 24 6 L
25 33 18 15 R
26 0 25 22 D
26 1 24 1 L
26 2 26 25 D
26 3 26 3 L
26 4 27 4 L
26 5 25 5 L
26 6 8 27 U
26 7 24 7 L
26 8 15 8 L
26 9 34 9 L
26 10 0 23 D
26 11 25 28 U
26 12 23 20 D
26 13 24 13 R
26 14 0 28 U
26 15 25 24 D
26 16 6 16 R
26 17 22 33 U
26 18 20 18 R
26 20 23 6 L
26 21 25 21 D
26 22 23 2 L
26 23 20 4 L
26 24 22 1 L
26 25 25 12 R
26 26 21 26 D
26 27 25 27 U
26 28 26 28 U
26 29 25 0 L
26 30 0 18 R
26 31 24 14 R
26 32 26 12 R
26 33 31 33 U
27 0 24 21 D
27 1 27 26 D
27 2 0 32 U
27 3 25 3 L
27 4 23 4 L
27 5 27 22 D
27 6 27 6 L
27 7 26 7 L
27 8 29 8 L
27 9 2 19 R
27 10 9 33 U
27 11 27 33 U
27 12 23 12 R
27 13 15 25 D
27 14 1 14 R
27 15 26 28 U
27 16 10 16 R
27 17 22 29 U
27 18 27 18 R
27 20 24 0 L
27 21 25 2 L
27 22 23 0 L
27 23 22 12 R
27 24 28 0 L
27 25 25 13 R
27 26 26 14 R
27 27 27 17 R
27 28 0 8 L
27 29 28 1 L
27 30 28 10 R
27 31 23 13 R
27 32 0 25 D
27 33 33 33 U
28 0 28 23 D
28 1 6 33 U
28 2 26 24 D
28 3 27 21 D
28 4 0 31 U
28 5 29 28 U
28 6 14 24 D
28 7 0 33 U
28 8 14 8 L
28 9 8 9 L
28 10 27 29 U
28 11 19 28 U
28 12 31 32 U
28 13 29 13 R
28 14 20 20 D
28 15 28 15 R
28 16 27 16 R
28 17 28 17 R
28 18 31 22 D
28 20 21 3 L
28 21 23 1 L
28 22 19 6 L
28 23 26 16 R
28 24 14 8 L
28 25 16 18 R
28 26 28 2 L
28 27 27 15 R
28 28 19 28 U
28 29 28 29 U
28 30 2 20 D
28 31 18 21 D
28 32 28 13 R
28 33 33 5 L
29 0 21 22 D
29 1 28 25 D
29 2 30 27 U
29 3 22 20 D
29 4 15 4 L
29 5 22 5 L
29 6 31 27 U
29 7 31 7 L
29 8 28 24 D
29 9 34 27 U
29 10 27 27 U
29 11 30 33 U
29 12 12 12 R
29 13 27 29 U
29 14 30 21 D
29 15 29 23 D
29 16 0 9 L
29 17 0 8 L
29 18 33 27 U
29 20 12 8 L
29 21 8 18 R
29 22 28 18 R
29 23 29 6 L
29 24 0 13 R
29 25 28 8 L
29 26 28 1 L
29 27 20 17 R
29 28 29 12 R
29 29 21 5 L
29 30 29 11 R
29 31 29 31 U
29 32 29 32 U
29 33 31 2 L
30 0 23 22 D
30 1 30 30 U
30 2 29 23 D
30 3 31 25 D
30 4 29 23 D
30 5 31 30 U
30 6 31 26 D
30 7 34 7 L
30 8 30 31 U
30 9 33 9 L
30 10 28 31 U
30 11 30 29 U
30 12 34 20 D
30 13 28 13 R
30 14 23 20 D
30 15 20 32 U
30 16 29 29 U
30 17 31 17 R
30 18 29 18 R
30 20 28 19 R
30 21 29 8 L
30 22 24 22 D
30 23 29 14 R
30 24 27 24 D
30 25 0 31 U
30 26 16 3 L
30 27 17 16 R
30 28 17 10 R
30 29 18 10 R
30 30 31 30 U
30 31 1 2 L
30 32 28 32 U
30 33 31 5 L
31 0 6 26 D
31 1 32 22 D
31 2 0 12 R
31 3 31 3 L
31 4 29 24 D
31 5 0 25 D
31 6 12 19 R
31 7 14 7 L
31 8 10 8 L
31 9 25 26 D
31 10 26 27 U
31 11 32 11 R
31 12 18 12 R
31 13 25 29 U
31 14 29 21 D
31 15 28 24 D
31 16 30 16 R
31 17 0 2 L
31 18 33 18 R
31 20 30 14 R
31 21 31 1 L
31 22 30 17 R
31 23 30 23 D
31 24 29 18 R
31 25 29 25 D
31 26 32 26 D
31 27 2 27 U
31 28 30 6 L
31 29 30 11 R
31 30 31 18 R
31 31 30 16 R
31 32 32 5 L
31 33 35 33 U
32 0 30 20 D
32 1 13 27 U
32 2 0 23 D
32 3 30 31 U
32 4 28 4 L
32 5 32 33 U
32 6 3 6 L
32 7 30 7 L
32 8 30 21 D
32 9 19 9 L
32 10 29 28 U
32 11 32 28 U
32 12 26 12 R
32 13 23 28 U
32 14 21 14 R
32 15 34 30 U
32 16 30 20 D
32 17 32 17 R
32 18 32 18 R
32 20 24 4 L
32 21 31 21 D
32 22 32 8 L
32 23 28 3 L
32 24 32 24 D
32 25 31 1 L
32 26 30 18 R
32 27 32 12 R
32 28 32 28 U
32 29 31 10 R
32 30 33 30 U
32 31 31 11 R
32 32 32 32 U
32 33 34 25 D
33 0 15 20 D
33 1 16 31 U
33 2 21 15 R
33 3 13 18 R
33 4 30 4 L
33 5 35 32 U
33 6 35 6 L
33 7 29 7 L
33 8 32 25 D
33 9 21 9 L
33 10 1 21 D
33 11 26 11 R
33 12 32 12 R
33 13 22 13 R
33 14 33 14 R
33 15 4 15 R
33 16 35 16 R
33 17 32 33 U
33 18 33 22 D
33 20 13 4 L
33 21 24 13 R
33 22 32 6 L
33 23 29 9 L
33 24 30 24 D
33 25 33 25 D
33 26 33 26 D
33 27 33 12 R
33 28 28 5 L
33 29 11 11 R
33 30 32 30 U
33 31 15 1 L
33 32 30 17 R
33 33 36 33 U
34 0 18 26 D
34 1 32 1 L
34 2 33 25 D
34 3 35 3 L
34 4 33 23 D
34 5 33 5 L
34 6 30 6 L
34 7 26 31 U
34 8 27 22 D
34 9 22 9 L
34 10 34 33 U
34 11 34 33 U
34 12 33 12 R
34 13 5 13 R
34 14 38 14 R
34 15 36 15 R
34 16 34 16 R
34 17 30 29 U
34 18 35 28 U
34 20 9 27 U
34 21 7 9 L
34 22 20 8 L
34 23 31 3 L
34 24 33 9 L
34 25 34 3 L
34 26 26 13 R
34 27 31 17 R
34 28 5 12 R
34 29 22 10 R
34 30 32 13 R
34 31 9 15 R
34 32 31 19 R
34 33 32 9 L
35 0 35 21 D
35 1 2 1 L
35 2 34 2 L
35 3 32 3 L
35 4 36 30 U
35 5 32 5 L
35 7 22 7 L
35 8 32 26 D
35 9 36 33 U
35 10 20 0 L
35 11 34 11 R
35 12 39 22 D
35 13 6 13 R
35 14 30 27 U
35 15 37 23 D
35 16 6 32 U
35 17 2 20 D
35 18 34 18 R
35 20 32 4 L
35 21 7 8 L
35 22 32 14 R
35 23 34 23 D
35 24 15 8 L
35 25 35 25 D
35 26 28 6 L
35 27 33 1 L
35 28 30 9 L
35 29 33 11 R
35 30 35 11 R
35 31 37 31 U
35 32 34 32 U
35 33 33 16 R
36 0 38 26 D
36 1 39 24 D
36 2 2 23 D
36 3 39 3 L
36 5 38 30 U
36 7 19 7 L
36 8 35 24 D
36 9 16 27 U
36 10 37 10 R
36 11 25 11 R
36 12 14 12 R
36 15 33 20 D
36 16 23 16 R
36 17 37 17 R
36 18 3 20 D
36 20 31 0 L
36 21 33 16 R
36 22 4 7 L
36 23 14 29 U
36 24 9 8 L
36 25 35 10 R
36 26 35 19 R
36 27 28 12 R
36 28 33 19 R
36 30 37 30 U
36 31 30 31 U
36 32 35 10 R
36 33 35 10 R
37 1 38 1 L
37 2 37 22 D
37 3 34 33 U
37 8 36 8 L
37 9 38 9 L
37 10 37 32 U
37 11 37 30 U
37 12 35 27 U
37 15 20 15 R
37 18 31 18 R
37 20 35 19 R
37 21 33 2 L
37 22 28 22 D
37 23 32 2 L
37 24 35 15 R
37 25 34 9 L
37 26 31 26 D
37 27 33 24 D
37 28 36 14 R
37 30 23 4 L
37 32 36 10 R
37 33 40 10 R
38 1 38 30 U
38 2 5 2 L
38 3 39 21 D
38 8 37 26 D
38 9 37 9 L
38 10 35 33 U
38 11 36 11 R
38 15 32 15 R
38 18 35 18 R
38 20 35 17 R
38 21 31 15 R
38 22 36 8 L
38 23 36 23 D
38 24 36 24 D
38 26 37 32 U
38 27 37 14 R
38 28 36 12 R
38 30 38 10 R
38 32 38 32 U
38 33 40 33 U
39 1 26 1 L
39 3 38 3 L
39 8 38 8 L
39 9 36 9 L
39 10 30 10 R
39 11 39 28 U
39 20 36 3 L
39 21 35 9 L
39 22 38 0 L
39 23 36 12 R
39 26 38 26 D
39 27 37 18 R
39 28 39 1 L
39 30 39 30 U
39 32 35 5 L
39 33 29 11 R
40 8 38 23 D
40 9 39 33 U
40 10 36 28 U
40 11 17 22 D
40 20 37 1 L
40 21 40 11 R
40 22 3 3 L
40 23 39 23 D
40 26 38 3 L
40 27 21 12 R
40 30 35 9 L
40 33 38 33 U

