25 27 568
2 2 15 3 0 20 12 20 0 0 9 0 0 18
10 6 0 12 0 0 15 23 0 0 22 24 24 0
8 0 20 0 13 0 17 17 0 21 1 24 0 0
0 2 22 8 0 0 0 10 2 18 0 23 0 0
0 5 8 7 0 0 0 17 0 1 0 0 13 18
0 18 9 0 0 9 0 0 10 0 23 20 0 0
0 14 5 0 0 20 0 10 0 0 0 14 6 18
0 2 1 19 0 0 0 0 0 0 22 0 0 17
0 0 0 12 0 22 0 0 0 0 0 22 0 15
0 0 0 0 0 0 0 21 1 0 0 14 0 8
0 0 0 0 0 0 0 10 0 15 0 0 13 0
0 0 0 0 0 0 1 0 0 19 1 22 9 15
0 0 0 14 0 21 11 9 14 15 3 21 13 0
10 15 15 17 19 20 3 0 0 20 1 0 19 8
0 0 0 0 R
0 1 0 1 R
0 2 0 2 R
0 3 0 3 R
0 4 0 4 R
0 5 0 5 R
0 6 0 6 U
0 7 0 7 U
0 8 0 8 U
0 9 0 9 U
0 10 0 10 U
0 11 0 11 U
0 12 0 12 U
0 13 0 13 D
0 14 0 14 D
0 15 0 15 D
0 16 0 16 D
0 17 0 17 D
0 18 0 18 D
0 19 0 19 D
0 20 0 20 D
0 21 0 21 L
0 22 0 22 L
0 23 0 23 L
0 24 0 24 L
0 25 0 25 L
0 26 0 26 L
1 0 5 16 D
1 1 14 1 R
1 2 19 11 U
1 3 14 3 R
1 4 2 4 R
1 5 15 5 R
1 6 8 0 R
1 7 7 7 U
1 8 16 4 R
1 9 8 9 U
1 10 15 10 U
1 11 3 11 U
1 12 0 1 R
1 13 16 13 D
1 14 6 0 R
1 15 6 4 R
1 16 17 24 L
1 17 2 17 D
1 18 4 18 D
1 19 8 19 D
1 20 4 20 D
1 21 5 11 U
1 22 0 17 D
1 23 0 10 U
1 24 9 24 L
1 25 8 9 U
1 26 11 26 L
2 0 0 22 L
2 1 0 6 U
2 2 3 14 D
2 3 0 25 L
2 4 10 4 R
2 5 7 15 D
2 6 4 1 R
2 7 0 13 D
2 8 17 21 L
2 9 5 23 L
2 10 0 1 R
2 11 11 3 R
2 12 0 3 R
2 13 0 1 R
2 14 6 3 R
2 15 16 4 R
2 16 1 16 D
2 17 15 3 R
2 18 14 22 L
2 19 18 19 D
2 20 8 20 D
2 21 12 12 U
2 22 5 13 D
2 23 1 8 U
2 24 3 9 U
2 25 7 12 U
2 26 3 26 L
3 0 17 19 D
3 1 0 7 U
3 2 1 7 U
3 3 8 14 D
3 4 16 16 D
3 5 6 19 D
3 6 0 2 R
3 7 5 21 L
3 8 8 22 L
3 9 16 9 U
3 10 8 10 U
3 11 7 21 L
3 12 5 12 U
3 13 0 6 U
3 14 16 11 U
3 15 1 2 R
3 16 7 4 R
3 17 7 24 L
3 18 11 2 R
3 19 6 19 D
3 20 9 3 R
3 21 19 7 U
3 22 15 10 U
3 23 1 14 D
3 24 11 15 D
3 25 13 25 L
3 26 5 7 U
4 0 10 8 U
4 1 0 13 D
4 2 8 12 U
4 3 0 21 L
4 4 0 23 L
4 5 11 11 U
4 6 1 24 L
4 7 1 2 R
4 8 15 22 L
4 9 16 2 R
4 10 3 10 U
4 11 2 11 U
4 12 12 3 R
4 13 0 25 L
4 14 7 6 U
4 15 1 15 D
4 16 3 25 L
4 17 0 0 R
4 18 0 22 L
4 19 7 19 D
4 21 3 11 U
4 22 16 15 D
4 23 17 8 U
4 24 3 1 R
4 25 12 10 U
4 26 7 8 U
5 0 7 17 D
5 1 17 14 D
5 2 19 15 D
5 3 8 15 D
5 4 15 10 U
5 5 19 16 D
5 6 4 15 D
5 7 6 23 L
5 8 0 14 D
5 9 8 9 U
5 10 3 23 L
5 11 20 24 L
5 12 1 17 D
5 13 16 25 L
5 14 16 14 D
5 15 0 23 L
5 16 2 16 D
5 17 13 4 R
5 18 7 18 D
5 19 17 5 R
5 20 3 2 R
5 21 18 14 D
5 22 0 13 D
5 23 4 23 L
5 24 8 6 U
5 25 3 25 L
5 26 15 18 D
6 0 19 13 D
6 1 10 13 D
6 2 5 18 D
6 3 3 13 D
6 4 15 25 L
6 5 16 6 U
6 6 13 15 D
6 7 2 7 U
6 8 0 18 D
6 9 14 9 U
6 10 3 10 U
6 11 5 11 U
6 12 5 12 U
6 13 2 13 D
6 14 5 1 R
6 15 7 12 U
6 16 0 2 R
6 17 0 3 R
6 18 7 4 R
6 19 3 2 R
6 21 0 6 U
6 22 5 17 D
6 23 8 7 U
6 24 16 8 U
6 25 8 11 U
6 26 5 11 U
7 0 15 21 L
7 1 6 16 D
7 2 5 16 D
7 3 10 19 D
7 4 19 18 D
7 5 12 20 D
7 6 1 3 R
7 7 1 5 R
7 8 3 8 U
7 9 11 24 L
7 10 4 21 L
7 11 0 22 L
7 12 19 23 L
7 13 2 2 R
7 14 1 14 D
7 15 6 15 D
7 16 3 21 L
7 17 8 17 D
7 18 8 18 D
7 19 2 5 R
7 20 6 20 D
7 21 18 15 D
7 22 10 16 D
7 23 11 2 R
7 24 13 7 U
7 25 3 25 L
7 26 18 10 U
8 0 7 14 D
8 1 19 1 R
8 2 16 14 D
8 3 10 6 U
8 4 1 4 R
8 5 4 26 L
8 6 0 22 L
8 7 5 16 D
8 8 9 8 U
8 9 0 15 D
8 10 18 5 R
8 11 1 11 U
8 12 2 12 U
8 13 11 3 R
8 14 13 4 R
8 15 12 15 D
8 16 10 16 D
8 17 1 17 D
8 18 10 25 L
8 19 17 24 L
8 20 6 20 D
8 21 1 14 D
8 22 1 22 L
8 23 0 3 R
8 24 2 18 D
8 25 19 2 R
8 26 20 15 D
9 0 18 12 U
9 1 8 21 L
9 2 20 14 D
9 3 11 3 R
9 4 6 19 D
9 5 10 12 U
9 6 16 21 L
9 7 3 0 R
9 8 20 2 R
9 9 19 26 L
9 10 11 23 L
9 11 0 3 R
9 12 0 16 D
9 13 3 13 D
9 14 13 23 L
9 15 10 5 R
9 16 23 25 L
9 17 16 2 R
9 18 1 5 R
9 19 11 3 R
9 20 8 1 R
9 21 0 16 D
9 22 10 22 L
9 23 20 23 L
9 24 1 24 L
9 25 19 14 D
10 0 4 6 U
10 1 0 14 D
10 2 14 2 R
10 3 6 7 U
10 4 12 9 U
10 5 12 8 U
10 6 8 5 R
10 7 4 0 R
10 8 1 24 L
10 9 4 16 D
10 10 0 17 D
10 11 14 1 R
10 12 14 12 U
10 13 12 21 L
10 14 4 6 U
10 15 19 8 U
10 16 17 16 D
10 17 8 23 L
10 18 2 3 R
10 19 1 23 L
10 21 11 21 L
10 22 0 9 U
10 23 13 16 D
10 24 1 24 L
10 25 15 25 L
11 0 18 10 U
11 1 6 15 D
11 2 10 9 U
11 3 6 12 U
11 4 7 16 D
11 5 9 5 R
11 6 5 21 L
11 7 1 0 R
11 8 6 19 D
11 9 0 5 R
11 10 19 4 R
11 11 12 11 U
11 12 0 13 D
11 13 8 21 L
11 14 12 0 R
11 15 4 25 L
11 16 4 24 L
11 17 6 5 R
11 18 9 0 R
11 19 13 21 L
11 21 13 6 U
11 22 15 22 L
11 23 18 19 D
11 24 9 24 L
11 25 0 19 D
11 26 23 7 U
12 0 8 0 R
12 1 10 1 R
12 2 10 6 U
12 3 17 8 U
12 4 8 11 U
12 5 0 23 L
12 6 0 0 R
12 7 2 3 R
12 8 11 23 L
12 9 2 5 R
12 10 3 24 L
12 11 20 17 D
12 12 1 12 U
12 13 0 21 L
12 14 16 1 R
12 15 21 9 U
12 16 15 26 L
12 17 5 17 D
12 18 1 18 D
12 19 8 19 D
12 21 14 18 D
12 22 5 8 U
12 23 9 23 L
12 24 3 8 U
12 25 4 7 U
13 0 12 7 U
13 1 15 10 U
13 2 17 11 U
13 3 5 16 D
13 4 10 4 R
13 5 9 5 R
13 6 0 23 L
13 7 17 1 R
13 8 12 19 D
13 9 4 9 U
13 10 10 3 R
13 11 11 21 L
13 12 1 12 U
13 13 17 0 R
13 14 10 21 L
13 15 18 23 L
13 16 20 8 U
13 17 6 1 R
13 18 3 1 R
13 19 2 24 L
13 21 10 13 D
13 22 12 9 U
13 23 15 23 L
13 24 4 13 D
13 25 1 25 L
14 0 7 13 D
14 1 18 18 D
14 2 0 10 U
14 3 1 3 R
14 4 16 26 L
14 5 16 15 D
14 6 18 2 R
14 7 9 17 D
14 8 16 13 D
14 9 15 9 U
14 10 18 2 R
14 11 4 5 R
14 12 3 12 U
14 13 2 26 L
14 14 3 22 L
14 15 12 21 L
14 16 2 22 L
14 17 10 17 D
14 18 11 21 L
14 19 4 19 D
14 21 8 17 D
14 22 21 22 L
14 23 6 18 D
14 24 9 24 L
14 25 0 0 R
14 26 23 16 D
15 0 20 18 D
15 1 1 9 U
15 2 10 2 R
15 3 6 16 D
15 4 9 4 R
15 5 3 5 R
15 6 0 26 L
15 7 12 3 R
15 8 0 21 L
15 9 0 24 L
15 10 6 10 U
15 11 16 11 U
15 12 9 25 L
15 13 14 22 L
15 14 9 22 L
15 15 0 9 U
15 16 8 10 U
15 17 6 6 U
15 18 10 23 L
15 19 9 4 R
15 21 12 14 D
15 22 20 6 U
15 23 13 9 U
15 24 16 11 U
15 25 12 15 D
16 0 1 7 U
16 1 0 9 U
16 2 21 20 D
16 3 6 13 D
16 4 9 12 U
16 5 9 5 R
16 6 3 25 L
16 7 1 7 U
16 8 20 3 R
16 9 17 25 L
16 10 2 10 U
16 11 1 11 U
16 12 7 12 U
16 13 15 10 U
16 14 21 1 R
16 15 15 1 R
16 16 9 5 R
16 17 4 26 L
16 18 7 18 D
16 19 7 19 D
16 21 5 8 U
16 22 1 22 L
16 23 21 8 U
16 24 12 10 U
16 25 18 6 U
17 0 4 20 D
17 1 5 9 U
17 2 0 24 L
17 3 2 16 D
17 4 18 4 R
17 5 6 17 D
17 6 4 22 L
17 7 6 21 L
17 8 18 2 R
17 9 9 4 R
17 10 1 10 U
17 11 6 11 U
17 12 19 1 R
17 13 1 13 D
17 14 16 25 L
17 15 6 15 D
17 16 19 21 L
17 17 4 17 D
17 18 2 18 D
17 21 3 8 U
17 22 13 14 D
17 23 0 11 U
17 24 19 24 L
17 25 14 4 R
17 26 2 12 U
18 0 1 13 D
18 1 22 6 U
18 3 12 10 U
18 4 1 15 D
18 5 11 5 R
18 6 5 24 L
18 7 1 25 L
18 8 16 22 L
18 9 9 23 L
18 10 6 5 R
18 11 7 0 R
18 12 6 26 L
18 13 19 5 R
18 14 3 6 U
18 15 5 15 D
18 16 0 12 U
18 17 16 21 L
18 18 8 0 R
18 19 17 0 R
18 21 5 0 R
18 22 17 15 D
18 23 15 19 D
18 24 15 16 D
18 25 1 13 D
19 1 15 7 U
19 3 0 9 U
19 4 0 6 U
19 5 12 7 U
19 6 6 22 L
19 7 11 5 R
19 8 21 3 R
19 9 18 22 L
19 10 17 26 L
19 11 20 11 U
19 12 5 12 U
19 13 20 7 U
19 14 14 24 L
19 15 10 8 U
19 16 1 24 L
19 17 1 17 D
19 18 16 18 D
19 21 18 9 U
19 22 9 18 D
19 23 1 9 U
19 24 8 24 L
19 25 21 19 D
19 26 9 26 L
20 1 13 14 D
20 2 1 2 R
20 3 14 3 R
20 4 6 7 U
20 5 0 13 D
20 6 18 6 U
20 7 11 1 R
20 8 18 5 R
20 9 3 21 L
20 10 0 19 D
20 11 16 25 L
20 12 1 4 R
20 13 19 0 R
20 14 0 7 U
20 15 3 10 U
20 16 7 23 L
20 17 13 17 D
20 21 10 18 D
20 22 15 13 D
20 23 5 14 D
20 24 8 3 R
21 2 3 2 R
21 7 5 7 U
21 8 20 8 U
21 10 5 10 U
21 12 3 12 U
21 13 3 0 R
21 15 10 9 U
21 16 4 16 D
21 17 8 9 U
21 21 22 6 U
21 22 3 15 D
21 24 0 15 D
21 25 10 17 D
22 4 1 4 R
22 7 18 2 R
22 10 6 22 L
22 13 3 1 R
22 15 11 22 L
22 16 5 16 D
22 17 9 17 D
22 22 0 5 R
22 24 8 12 U
23 10 6 10 U
23 15 3 15 D
23 16 13 24 L
23 17 2 17 D
23 22 22 0 R
23 24 1 24 L
24 10 12 22 L
24 17 6 17 D
24 22 11 17 D

