30 30 736
4 1 22 24 0 0 0 0 0 0 0 0 0 26 22
6 10 26 0 0 0 0 0 0 0 0 0 0 28 13
24 9 7 3 0 1 18 12 26 0 0 27 17 0 25
0 0 22 14 0 0 27 0 14 16 0 12 25 0 4
0 27 1 18 0 23 0 5 20 0 0 28 0 25 15
0 3 19 0 21 0 0 13 20 28 0 10 17 2 18
2 11 0 9 21 0 0 21 0 0 3 27 0 0 18
20 0 4 0 13 0 25 7 0 0 0 12 0 21 8
24 0 2 10 0 0 0 23 24 0 0 27 0 0 16
19 1 5 15 0 6 0 2 13 24 12 13 0 0 6
23 0 1 0 15 0 0 0 27 0 0 29 10 24 3
19 0 0 0 0 28 0 0 0 0 0 22 0 9 3
0 22 4 24 14 3 0 0 0 0 0 24 0 0 8
20 0 0 0 15 0 8 0 0 0 0 23 20 8 0
4 0 14 0 7 2 11 24 0 0 19 20 0 10 16
0 0 0 0 D
0 1 0 1 D
0 2 0 2 D
0 3 0 3 D
0 4 0 4 D
0 5 0 5 D
0 6 0 6 D
0 7 0 7 D
0 8 0 8 R
0 9 0 9 R
0 10 0 10 R
0 11 0 11 R
0 12 0 12 R
0 13 0 13 R
0 14 0 14 R
0 15 0 15 U
0 16 0 16 U
0 17 0 17 U
0 18 0 18 U
0 19 0 19 U
0 20 0 20 U
0 21 0 21 U
0 22 0 22 L
0 23 0 23 L
0 24 0 24 L
0 25 0 25 L
0 26 0 26 L
0 27 0 27 L
0 28 0 28 L
0 29 0 29 L
1 0 6 0 D
1 1 4 15 U
1 2 5 2 D
1 3 19 9 R
1 4 13 4 D
1 5 2 5 D
1 6 6 6 D
1 7 21 7 D
1 8 7 18 U
1 9 5 2 D
1 10 3 10 R
1 11 14 11 R
1 12 6 12 R
1 13 8 13 R
1 14 19 2 D
1 15 8 22 L
1 16 14 10 R
1 17 20 14 R
1 18 5 28 L
1 19 8 9 R
1 20 22 20 U
1 21 13 13 R
1 22 14 15 U
1 23 0 0 D
1 24 4 18 U
1 25 2 25 L
1 26 5 13 R
1 27 12 18 U
1 28 5 28 L
1 29 20 20 U
2 0 0 22 L
2 1 19 22 L
2 2 5 22 L
2 3 18 3 D
2 4 15 17 U
2 5 9 5 D
2 6 4 6 D
2 7 4 7 D
2 8 22 1 D
2 9 14 9 R
2 10 4 4 D
2 11 15 11 R
2 12 0 20 U
2 13 6 7 D
2 14 7 14 R
2 15 10 14 R
2 16 7 24 L
2 17 17 10 R
2 18 8 18 U
2 19 4 26 L
2 20 8 20 U
2 21 18 21 U
2 22 20 3 D
2 23 0 19 U
2 24 3 24 L
2 25 0 1 D
2 26 15 6 D
2 27 0 10 R
2 28 11 16 U
2 29 27 21 U
3 0 16 0 D
3 1 5 23 L
3 2 19 10 R
3 3 5 3 D
3 4 19 4 D
3 5 14 22 L
3 6 12 25 L
3 8 23 5 D
3 9 2 16 U
3 10 9 1 D
3 11 0 17 U
3 12 13 1 D
3 13 6 13 R
3 14 11 14 R
3 15 19 23 L
3 16 4 12 R
3 17 0 25 L
3 18 0 1 D
3 19 7 14 R
3 20 0 0 D
3 21 6 21 U
3 22 1 15 U
3 23 10 23 L
3 24 8 2 D
3 25 13 25 L
3 26 25 4 D
3 27 10 27 L
3 28 21 13 R
4 0 0 15 U
4 1 0 23 L
4 2 19 24 L
4 3 2 17 U
4 4 10 4 D
4 5 6 5 D
4 6 22 22 L
4 7 21 12 R
4 8 10 16 U
4 9 6 0 D
4 10 0 6 D
4 11 2 21 U
4 12 8 16 U
4 13 16 4 D
4 14 19 5 D
4 15 0 0 D
4 16 3 27 L
4 17 9 0 D
4 18 20 22 L
4 19 18 19 U
4 20 22 20 U
4 21 9 21 U
4 22 12 16 U
4 23 12 15 U
4 24 12 24 L
4 25 3 25 L
4 26 21 26 L
4 27 22 0 D
4 28 7 18 U
5 0 2 24 L
5 1 12 11 R
5 2 4 23 L
5 3 4 3 D
5 4 20 4 D
5 5 16 5 D
5 7 12 10 R
5 8 7 3 D
5 9 24 18 U
5 10 15 22 L
5 11 0 1 D
5 12 7 4 D
5 13 7 17 U
5 14 8 16 U
5 15 12 24 L
5 16 7 16 U
5 17 3 17 U
5 18 1 18 U
5 19 16 25 L
5 20 0 9 R
5 21 1 21 U
5 22 13 4 D
5 23 12 10 R
5 24 17 12 R
5 25 12 25 L
5 26 13 26 L
5 27 0 8 R
5 28 4 28 L
6 0 11 9 R
6 1 11 8 R
6 2 1 22 L
6 3 4 28 L
6 4 11 26 L
6 5 8 25 L
6 7 9 27 L
6 8 4 4 D
6 9 18 5 D
6 10 13 10 R
6 11 12 3 D
6 12 13 3 D
6 13 19 25 L
6 14 17 5 D
6 15 8 15 U
6 16 3 16 U
6 17 1 17 U
6 18 2 18 U
6 19 3 24 L
6 20 16 20 U
6 21 4 21 U
6 22 13 15 U
6 23 7 0 D
6 24 7 24 L
6 25 3 18 U
6 26 11 26 L
6 27 1 5 D
6 28 3 28 L
7 0 19 25 L
7 1 4 1 D
7 2 18 14 R
7 3 0 13 R
7 4 17 22 L
7 5 6 8 R
7 7 13 25 L
7 8 22 23 L
7 9 10 15 U
7 10 26 16 U
7 11 11 11 R
7 12 15 12 R
7 13 1 13 R
7 14 23 14 R
7 15 20 8 R
7 16 1 16 U
7 17 23 17 U
7 18 16 8 R
7 19 0 10 R
7 20 10 26 L
7 21 2 21 U
7 22 10 18 U
7 23 3 18 U
7 24 16 24 L
7 25 15 20 U
7 26 16 0 D
7 27 15 27 L
7 28 2 4 D
8 0 1 23 L
8 1 0 24 L
8 2 6 2 D
8 3 0 10 R
8 4 17 9 R
8 5 14 19 U
8 8 0 16 U
8 9 0 0 D
8 10 13 21 U
8 11 5 17 U
8 12 5 19 U
8 13 2 17 U
8 14 4 21 U
8 15 10 22 L
8 16 10 13 R
8 17 2 23 L
8 18 0 13 R
8 19 13 11 R
8 20 9 20 U
8 21 1 5 D
8 22 2 0 D
8 23 16 1 D
8 24 6 24 L
8 25 22 3 D
8 26 22 4 D
8 27 2 15 U
8 28 20 19 U
9 0 10 10 R
9 1 1 9 R
9 2 1 21 U
9 3 10 28 L
9 4 5 4 D
9 5 4 5 D
9 6 8 6 D
9 7 14 7 D
9 8 4 16 U
9 9 2 9 R
9 10 14 1 D
9 11 16 5 D
9 12 17 22 L
9 13 17 21 U
9 14 15 0 D
9 15 5 6 D
9 16 21 25 L
9 17 0 12 R
9 18 0 26 L
9 19 5 19 U
9 20 3 28 L
9 21 2 21 U
9 22 6 5 D
9 23 12 3 D
9 24 3 10 R
9 25 20 17 U
9 26 12 5 D
9 27 11 5 D
9 28 2 28 L
10 0 22 11 R
10 1 11 14 R
10 2 2 2 D
10 3 17 12 R
10 4 8 28 L
10 5 7 24 L
10 6 9 6 D
10 8 16 19 U
10 9 0 23 L
10 10 12 18 U
10 11 6 16 U
10 12 5 3 D
10 13 7 3 D
10 14 2 14 R
10 15 12 10 R
10 16 3 12 R
10 17 12 24 L
10 18 5 18 U
10 19 0 14 R
10 20 1 11 R
10 21 6 29 L
10 22 7 0 D
10 23 14 19 U
10 24 1 10 R
10 25 0 3 D
10 26 1 26 L
10 27 11 17 U
10 28 1 28 L
11 0 16 22 L
11 1 7 10 R
11 2 2 26 L
11 3 13 26 L
11 4 19 14 R
11 5 22 13 R
11 8 14 28 L
11 9 0 19 U
11 10 18 10 R
11 11 15 17 U
11 12 6 12 R
11 13 22 15 U
11 14 12 7 D
11 15 8 10 R
11 16 0 22 L
11 17 10 8 R
11 18 1 18 U
11 19 14 12 R
11 20 14 14 R
11 21 8 11 R
11 22 6 19 U
11 23 25 16 U
11 24 7 1 D
11 25 7 25 L
11 26 15 19 U
11 27 12 27 L
11 28 4 28 L
11 29 20 29 L
12 0 8 9 R
12 1 20 14 R
12 2 6 8 R
12 3 10 8 R
12 4 10 10 R
12 5 13 21 U
12 8 3 0 D
12 9 3 17 U
12 10 16 10 R
12 11 21 1 D
12 12 23 2 D
12 13 18 13 R
12 14 15 14 R
12 15 13 2 D
12 16 10 8 R
12 17 5 27 L
12 18 2 8 R
12 19 23 19 U
12 20 15 29 L
12 21 14 24 L
12 22 0 9 R
12 23 13 2 D
12 24 8 16 U
12 25 18 15 U
12 26 5 26 L
12 27 21 20 U
12 28 1 28 L
12 29 22 6 D
13 0 0 8 R
13 1 12 13 R
13 2 8 9 R
13 3 6 23 L
13 4 15 4 D
13 5 21 22 L
13 8 18 17 U
13 9 6 18 U
13 10 5 2 D
13 11 19 11 R
13 12 3 12 R
13 13 11 19 U
13 14 9 14 R
13 15 22 15 U
13 16 14 23 L
13 17 24 27 L
13 18 1 18 U
13 19 2 26 L
13 20 0 6 D
13 21 5 21 U
13 22 11 9 R
13 23 14 0 D
13 24 12 16 U
13 25 22 7 D
13 26 0 11 R
13 27 26 4 D
13 28 0 13 R
13 29 23 20 U
14 0 25 8 R
14 1 8 25 L
14 2 5 10 R
14 3 7 22 L
14 4 8 4 D
14 5 2 5 D
14 6 0 26 L
14 8 2 0 D
14 9 1 9 R
14 10 0 27 L
14 11 0 25 L
14 12 4 7 D
14 13 12 5 D
14 14 19 20 U
14 15 24 9 R
14 16 9 8 R
14 17 7 11 R
14 18 6 4 D
14 19 1 19 U
14 20 6 22 L
14 21 2 21 U
14 22 2 17 U
14 23 1 1 D
14 24 15 0 D
14 25 7 4 D
14 26 9 3 D
14 27 2 27 L
14 28 3 1 D
15 0 13 27 L
15 1 7 24 L
15 2 7 26 L
15 3 5 14 R
15 4 5 4 D
15 5 14 9 R
15 6 20 13 R
15 8 6 8 R
15 9 11 19 U
15 10 0 24 L
15 11 19 11 R
15 12 4 12 R
15 13 10 13 R
15 14 14 6 D
15 15 0 2 D
15 16 8 16 U
15 17 0 8 R
15 18 2 18 U
15 19 1 19 U
15 20 14 10 R
15 21 17 12 R
15 22 7 21 U
15 23 2 18 U
15 24 16 0 D
15 25 16 20 U
15 26 7 21 U
15 27 0 20 U
15 28 9 28 L
15 29 0 14 R
16 0 24 23 L
16 1 9 8 R
16 2 26 2 D
16 3 5 3 D
16 4 0 26 L
16 5 7 11 R
16 6 4 29 L
16 7 21 26 L
16 8 23 15 U
16 9 13 20 U
16 10 3 16 U
16 11 21 2 D
16 12 12 12 R
16 13 11 13 R
16 14 17 15 U
16 15 3 9 R
16 16 13 11 R
16 17 22 9 R
16 18 0 7 D
16 19 19 25 L
16 20 25 28 L
16 21 9 8 R
16 22 11 2 D
16 23 7 23 L
16 24 3 9 R
16 25 12 15 U
16 26 7 5 D
16 27 9 20 U
16 28 14 5 D
17 0 15 14 R
17 1 0 13 R
17 2 3 2 D
17 3 1 11 R
17 4 4 27 L
17 5 18 27 L
17 6 16 24 L
17 8 2 3 D
17 9 0 28 L
17 10 0 26 L
17 11 19 20 U
17 12 6 3 D
17 13 2 21 U
17 14 21 19 U
17 15 14 10 R
17 16 20 9 R
17 17 10 13 R
17 18 8 9 R
17 19 1 19 U
17 20 23 27 L
17 21 0 27 L
17 22 9 0 D
17 23 10 23 L
17 24 7 3 D
17 25 16 18 U
17 26 16 18 U
17 27 7 27 L
17 28 15 11 R
18 0 0 9 R
18 1 5 1 D
18 2 2 2 D
18 3 15 3 D
18 4 0 19 U
18 5 7 5 D
18 8 25 24 L
18 9 0 16 U
18 10 10 10 R
18 11 6 20 U
18 12 15 18 U
18 13 3 5 D
18 14 17 16 U
18 15 4 23 L
18 16 0 23 L
18 17 17 26 L
18 18 13 24 L
18 19 17 28 L
18 20 8 20 U
18 21 5 26 L
18 22 7 22 L
18 23 8 16 U
18 24 7 19 U
18 25 9 25 L
18 26 12 10 R
18 27 1 1 D
18 28 12 14 R
19 0 10 13 R
19 1 0 16 U
19 2 6 2 D
19 4 0 25 L
19 5 11 27 L
19 6 4 27 L
19 8 6 8 R
19 9 17 16 U
19 10 15 24 L
19 11 23 6 D
19 12 23 15 U
19 13 24 20 U
19 14 21 14 R
19 15 23 26 L
19 16 3 25 L
19 17 1 28 L
19 18 17 18 U
19 19 0 24 L
19 20 18 20 U
19 21 6 28 L
19 22 7 10 R
19 23 11 17 U
19 24 11 15 U
19 25 11 0 D
19 26 10 15 U
19 27 24 1 D
19 28 10 20 U
20 0 24 0 D
20 1 27 1 D
20 2 0 20 U
20 3 8 24 L
20 4 14 12 R
20 5 7 5 D
20 8 23 28 L
20 9 0 25 L
20 10 14 6 D
20 11 22 11 R
20 13 5 18 U
20 14 21 14 R
20 15 8 12 R
20 16 21 16 U
20 17 21 22 L
20 18 4 22 L
20 19 17 22 L
20 20 5 20 U
20 21 26 21 U
20 22 16 1 D
20 23 0 17 U
20 24 22 17 U
20 25 1 25 L
20 26 8 2 D
20 27 17 3 D
20 28 16 0 D
21 0 11 22 L
21 2 23 25 L
21 4 25 11 R
21 5 13 26 L
21 6 3 14 R
21 8 0 22 L
21 9 19 5 D
21 10 3 19 U
21 11 9 17 U
21 13 20 13 R
21 14 5 21 U
21 15 11 24 L
21 16 9 22 L
21 17 6 17 U
21 18 3 26 L
21 19 7 19 U
21 20 10 13 R
21 21 8 25 L
21 22 0 4 D
21 23 1 18 U
21 24 7 21 U
21 25 9 16 U
21 26 19 17 U
21 27 5 27 L
21 28 15 28 L
22 0 23 8 R
22 1 4 1 D
22 2 7 2 D
22 3 7 3 D
22 4 3 12 R
22 5 13 12 R
22 6 5 6 D
22 8 17 21 U
22 9 24 21 U
22 10 20 28 L
22 11 8 7 D
22 13 16 13 R
22 14 20 26 L
22 15 4 22 L
22 16 6 11 R
22 17 10 14 R
22 18 26 11 R
22 19 11 12 R
22 20 3 4 D
22 21 11 29 L
22 22 3 1 D
22 23 23 23 L
22 24 0 11 R
22 25 25 5 D
22 26 11 26 L
22 28 16 21 U
23 0 0 27 L
23 2 20 2 D
23 3 2 22 L
23 4 20 24 L
23 6 4 24 L
23 8 0 4 D
23 9 4 9 R
23 10 2 16 U
23 11 10 4 D
23 14 11 14 R
23 15 24 25 L
23 16 5 28 L
23 18 17 13 R
23 19 4 19 U
23 20 6 20 U
23 21 22 27 L
23 22 5 8 R
23 23 4 15 U
23 24 15 24 L
23 25 10 2 D
23 26 29 0 D
23 28 26 17 U
24 0 0 29 L
24 2 7 24 L
24 3 17 25 L
24 4 25 26 L
24 8 6 2 D
24 9 7 23 L
24 10 4 20 U
24 11 11 25 L
24 12 25 2 D
24 14 0 24 L
24 15 21 15 U
24 16 3 28 L
24 18 4 2 D
24 19 4 19 U
24 20 2 25 L
24 21 15 10 R
24 22 0 15 U
24 23 10 9 R
24 24 0 12 R
24 25 21 0 D
24 26 8 16 U
24 28 7 28 L
25 2 4 2 D
25 3 6 3 D
25 5 7 5 D
25 8 6 21 U
25 10 15 23 L
25 11 17 20 U
25 14 2 15 U
25 16 2 24 L
25 18 20 14 R
25 19 4 28 L
25 20 12 26 L
25 21 2 21 U
25 22 1 18 U
25 23 0 16 U
25 24 19 11 R
25 25 5 18 U
25 29 10 29 L
26 1 3 22 L
26 2 4 12 R
26 3 4 26 L
26 4 5 23 L
26 5 23 28 L
26 14 29 14 R
26 16 22 24 L
26 18 9 14 R
26 19 5 13 R
26 20 6 23 L
26 21 20 24 L
26 23 23 8 R
26 24 2 2 D
26 25 18 9 R
27 2 22 8 R
27 16 13 16 U
27 18 21 25 L
27 19 24 23 L
27 20 28 8 R
27 21 28 28 L
27 24 10 24 L
27 25 14 11 R
28 14 26 4 D
28 16 26 8 R
28 19 6 19 U
28 20 2 20 U
28 21 23 9 R
28 24 1 5 D
29 16 5 8 R
29 21 9 21 U
29 24 21 2 D

