16 18 261
0 0 0 7 0 13 0 0 10 0 0 0 13 0 0 6 0 0
11 0 0 9 0 0 0 15 9 4 0 9 0 10 0 11 0 9
1 0 0 0 5 0 12 0 10 0 0 11 0 8 0 0 3 0
2 0 0 0 7 0 0 3 0 0 2 0 6 0 0 0 4 5
2 5 6 0 0 0 14 1 0 0 2 0 9 0 0 9 1 0
0 0 7 0 0 13 0 13 13 0 0 0 0 0 8 0 0 11
4 3 0 1 15 0 0 2 0 14 0 1 0 4 3 0 1 0
3 0 0 0 0 12 0 0 3 8 0 0 14 1 7 10 0 0
6 11 0 0 0 0 0 7 0 7 0 0 13 0 0 0 0 11
14 0 0 14 0 0 14 0 0 0 0 5 0 0 0 3 14 4
0 0 0 11 0 0 0 0 0 8 8 0 4 3 7 0 5 0
0 1 4 0 13 0 14 0 0 0 9 0 8 13 0 11 0 13
14 0 13 0 14 0 15 15 0 7 0 0 0 0 13 0 0 0
0 0 10 11 0 11 0 10 12 0 0 0 0 0 0 5 0 12
0 5 10 10 0 6 3 0 6 9 0 0 10 0 0 9 13 1
2 0 2 0 0 0 0 9 0 0 0 0 10 3 11 0 0 0
4 5 0 0 12 0 13 5 8 1 0 0 3 2 0 1 1 0
1 0 4 11 0 7 0 0 0 0 7 0 4 0 14 11 0 9
0 0 0 0 U
0 1 0 1 U
0 2 0 2 U
0 3 0 3 U
0 4 0 4 R
0 5 0 5 R
0 6 0 6 R
0 7 0 7 R
0 8 0 8 R
0 9 0 9 D
0 10 0 10 D
0 11 0 11 D
0 12 0 12 D
0 13 0 13 D
0 14 0 14 L
0 15 0 15 L
0 16 0 16 L
0 17 0 17 L
1 0 0 4 R
1 1 0 5 R
1 2 1 6 R
1 3 0 16 L
1 4 0 14 L
1 5 0 9 D
1 6 0 16 L
1 7 4 17 L
1 8 1 15 L
1 9 0 14 L
1 10 0 1 U
1 11 1 5 R
1 12 0 3 U
1 13 1 17 L
1 14 0 0 U
1 15 0 5 R
1 16 0 11 D
1 17 0 3 U
2 0 0 15 L
2 1 0 10 D
2 2 2 2 U
2 3 0 6 R
2 4 1 10 D
2 5 2 1 U
2 6 0 12 D
2 7 4 7 R
2 8 6 8 R
2 9 0 0 U
2 10 0 4 R
2 11 1 11 D
2 12 1 12 D
2 13 2 13 D
2 14 0 9 D
2 15 1 15 L
2 16 0 2 U
2 17 1 17 L
3 0 0 14 L
3 1 0 11 D
3 2 1 2 U
3 3 0 7 R
3 4 0 13 D
3 5 2 5 R
3 6 4 12 D
3 7 0 2 U
3 8 5 8 R
3 9 1 9 D
3 10 0 5 R
3 11 0 4 R
3 12 0 16 L
3 13 1 13 D
3 14 0 10 D
3 15 0 1 U
3 16 2 1 U
3 17 3 2 U
4 0 1 0 U
4 1 4 1 U
4 2 4 15 L
4 3 5 3 U
4 4 0 15 L
4 5 1 5 R
4 6 3 6 R
4 7 0 0 U
4 8 0 9 D
4 9 1 0 U
4 10 3 7 R
4 11 3 11 D
4 12 3 12 D
4 13 0 7 R
4 14 3 14 L
4 15 3 10 D
4 16 2 16 L
4 17 3 17 L
5 0 3 14 L
5 1 0 9 D
5 2 4 14 L
5 3 0 11 D
5 4 6 3 U
5 5 0 0 U
5 6 5 6 R
5 7 4 11 D
5 8 4 8 R
5 9 0 8 R
5 10 4 10 D
5 11 0 15 L
5 12 0 1 U
5 13 5 17 L
5 14 0 13 D
5 15 3 0 U
5 16 5 1 U
5 17 6 4 R
6 0 3 5 R
6 1 0 8 R
6 2 5 16 L
6 3 6 3 U
6 4 4 13 D
6 5 6 12 D
6 6 4 6 R
6 7 2 16 L
6 8 3 8 R
6 9 0 17 L
6 10 0 6 R
6 11 6 7 R
6 12 6 12 D
6 13 4 4 R
6 14 2 14 L
6 15 1 0 U
6 16 2 12 D
6 17 4 13 D
7 0 6 5 R
7 1 7 1 U
7 2 5 5 R
7 3 8 7 R
7 4 0 10 D
7 5 7 5 R
7 6 1 11 D
7 7 0 14 L
7 8 0 17 L
7 9 5 5 R
7 10 6 15 L
7 11 2 15 L
7 12 0 2 U
7 13 6 16 L
7 14 4 12 D
7 15 5 12 D
7 16 4 16 L
7 17 5 17 L
8 0 2 5 R
8 1 3 14 L
8 2 5 2 U
8 3 2 3 U
8 4 8 4 R
8 5 1 13 D
8 6 0 3 U
8 7 7 7 R
8 8 7 8 R
8 9 5 14 L
8 10 5 10 D
8 11 0 6 R
8 12 3 5 R
8 13 5 13 D
8 14 8 1 U
8 15 4 15 L
8 16 2 2 U
8 17 6 10 D
9 0 7 14 L
9 1 2 4 R
9 2 9 14 L
9 3 10 3 U
9 4 9 4 R
9 5 0 11 D
9 6 2 12 D
9 7 3 13 D
9 8 11 13 D
9 9 8 14 L
9 10 7 14 L
9 11 10 4 R
9 12 8 12 D
9 13 8 15 L
9 14 8 14 L
9 15 8 15 L
9 16 3 16 L
9 17 0 7 R
10 0 10 0 U
10 1 8 1 U
10 2 9 6 R
10 3 3 11 D
10 4 5 2 U
10 5 3 5 R
10 6 8 0 U
10 7 10 7 R
10 8 12 8 R
10 9 9 9 D
10 10 7 10 D
10 11 10 6 R
10 12 2 12 D
10 13 10 13 D
10 14 7 14 L
10 15 9 10 D
10 16 7 16 L
10 17 10 17 L
11 0 11 0 U
11 1 2 1 U
11 2 9 17 L
11 3 9 3 U
11 4 4 10 D
11 5 8 5 R
11 6 2 6 R
11 7 0 10 D
11 9 8 9 D
11 10 4 17 L
11 11 12 11 D
11 12 4 6 R
11 13 9 15 L
11 14 0 6 R
11 15 6 12 D
11 16 0 1 U
11 17 0 5 R
12 0 3 6 R
12 1 3 17 L
12 2 4 7 R
12 3 9 8 R
12 4 12 4 R
12 5 8 0 U
12 9 10 17 L
12 10 7 16 L
12 11 7 11 D
12 12 5 4 R
12 13 13 5 R
12 14 7 0 U
12 15 6 15 L
12 16 6 16 L
12 17 11 17 L
13 0 9 10 D
13 1 1 17 L
13 2 13 2 U
13 3 0 14 L
13 4 11 3 U
13 5 0 3 U
13 9 11 9 D
13 10 5 6 R
13 11 8 11 D
13 13 11 13 D
13 14 4 11 D
13 15 11 15 L
13 16 9 16 L
13 17 12 17 L
14 0 15 6 R
14 2 12 2 U
14 3 12 3 U
14 4 12 10 D
14 5 0 1 U
14 9 15 4 R
14 14 10 1 U
14 15 6 11 D
14 16 8 16 L
14 17 5 0 U
15 2 0 8 R
15 4 13 15 L
15 5 1 9 D
15 14 13 14 L
15 15 12 15 L
15 16 8 9 D
15 17 12 2 U

