36 49 1582
25 24 0 29 30 30 0 0 0 32 0 0 21 31 0 0 32 9 25
0 3 33 24 0 32 27 12 7 0 3 0 23 32 24 19 32 6 0
2 28 0 0 0 0 15 7 2 0 0 0 23 0 24 20 0 3 0
0 22 0 22 0 34 14 0 6 0 0 19 26 31 7 20 0 1 29
26 28 0 26 0 31 0 0 0 33 30 16 9 12 0 0 26 5 26
22 27 12 0 0 33 0 0 0 32 0 0 10 30 23 0 27 1 0
6 22 2 27 31 0 34 28 25 5 8 0 28 0 0 0 31 0 17
0 0 29 14 0 0 23 15 9 21 0 13 0 0 0 3 31 0 30
20 26 32 33 0 26 34 31 0 0 27 30 9 14 0 20 19 12 0
16 25 30 6 34 0 0 34 33 33 33 0 0 22 0 34 18 2 3
18 27 23 0 26 0 33 0 27 14 2 34 33 0 0 32 0 0 31
20 0 4 5 15 19 28 0 25 21 0 32 0 23 14 7 17 15 16
0 29 10 5 0 15 28 0 0 34 14 0 0 0 0 0 0 0 25
5 34 31 29 29 0 0 34 0 29 0 0 0 0 0 0 0 34 27
33 0 32 26 0 0 34 31 0 0 3 35 20 3 0 0 0 23 0
3 0 3 3 25 21 6 16 10 0 6 0 3 2 3 31 22 21 0
34 34 2 11 20 33 1 29 11 30 0 0 30 31 26 32 1 18 0
2 2 0 3 29 0 6 13 10 27 13 21 0 22 0 0 29 0 19
1 19 4 14 23 3 6 9 13 26 27 22 29 0 7 24 0 22 23
0 0 0 0 U
0 1 0 1 U
0 2 0 2 U
0 3 0 3 U
0 4 0 4 U
0 5 0 5 U
0 6 0 6 U
0 7 0 7 U
0 8 0 8 U
0 9 0 9 U
0 10 0 10 R
0 11 0 11 R
0 12 0 12 R
0 13 0 13 R
0 14 0 14 R
0 15 0 15 R
0 16 0 16 R
0 17 0 17 R
0 18 0 18 R
0 19 0 19 R
0 20 0 20 R
0 21 0 21 R
0 22 0 22 R
0 23 0 23 R
0 24 0 24 D
0 25 0 25 D
0 26 0 26 D
0 27 0 27 D
0 28 0 28 D
0 29 0 29 D
0 30 0 30 D
0 31 0 31 D
0 32 0 32 D
0 33 0 33 D
0 34 0 34 D
0 35 0 35 L
0 36 0 36 L
0 37 0 37 L
0 38 0 38 L
0 39 0 39 L
0 40 0 40 L
0 41 0 41 L
0 42 0 42 L
0 43 0 43 L
0 44 0 44 L
0 45 0 45 L
0 46 0 46 L
0 47 0 47 L
0 48 0 48 L
1 0 0 35 L
1 1 0 36 L
1 2 2 26 D
1 3 0 13 R
1 4 2 14 R
1 5 1 15 R
1 6 2 17 R
1 7 0 31 D
1 8 0 43 L
1 9 0 45 L
1 10 0 35 L
1 11 0 24 D
1 12 0 1 U
1 13 0 1 U
1 14 2 26 D
1 15 0 4 U
1 16 1 5 U
1 17 0 39 L
1 18 3 6 U
1 19 3 31 D
1 20 0 8 U
1 21 0 45 L
1 22 1 34 D
1 23 1 42 L
1 24 0 10 R
1 25 0 35 L
1 26 3 11 R
1 27 0 4 U
1 28 2 39 L
1 29 0 5 U
1 30 0 18 R
1 31 0 40 L
1 32 3 43 L
1 33 2 20 R
1 34 3 20 R
1 35 0 0 U
1 36 0 25 D
1 37 2 27 D
1 38 3 24 D
1 39 0 16 R
1 40 0 29 D
1 41 2 6 U
1 42 0 7 U
1 43 2 19 R
1 44 3 8 U
1 45 0 33 D
1 46 4 31 D
1 47 3 26 D
1 48 20 5 U
2 0 0 11 R
2 1 2 11 R
2 2 1 2 U
2 3 2 3 U
2 4 2 4 U
2 5 0 16 R
2 6 3 17 R
2 7 2 7 U
2 8 1 20 R
2 9 2 22 R
2 10 1 10 R
2 11 1 24 D
2 12 1 12 R
2 13 3 13 R
2 14 3 14 R
2 15 2 15 R
2 16 1 16 R
2 17 3 29 D
2 18 1 18 R
2 19 2 19 R
2 20 1 20 R
2 21 2 21 R
2 22 2 37 L
2 23 8 23 R
2 24 0 0 U
2 25 1 12 R
2 26 0 3 U
2 27 2 27 D
2 28 3 28 D
2 29 2 29 D
2 30 1 30 D
2 31 0 19 R
2 32 3 32 D
2 33 2 33 D
2 34 0 11 R
2 35 0 24 D
2 36 1 36 L
2 37 3 2 U
2 38 2 38 L
2 39 3 39 L
2 40 1 40 L
2 41 1 41 L
2 42 1 42 L
2 43 0 32 D
2 44 3 44 L
2 45 1 45 L
2 46 4 46 L
2 47 2 47 L
2 48 20 48 L
3 0 1 37 L
3 1 1 1 U
3 2 3 13 R
3 3 3 3 U
3 4 0 37 L
3 5 2 40 L
3 6 0 18 R
3 7 0 42 L
3 8 0 44 L
3 9 1 9 U
3 10 0 25 D
3 11 0 0 U
3 12 2 12 R
3 13 1 38 L
3 14 1 14 R
3 15 2 27 D
3 16 0 28 D
3 17 0 41 L
3 18 0 6 U
3 19 1 7 U
3 20 1 32 D
3 21 1 21 R
3 22 4 22 R
3 23 7 23 R
3 24 0 11 R
3 25 2 25 D
3 26 3 26 D
3 27 0 15 R
3 28 0 39 L
3 29 3 17 R
3 30 2 30 D
3 31 2 21 R
3 32 0 8 U
3 33 1 33 D
3 34 5 34 D
3 35 0 1 U
3 36 3 2 U
3 37 2 37 L
3 38 1 38 L
3 39 0 5 U
3 40 0 30 D
3 41 3 41 L
3 42 3 42 L
3 43 0 9 U
3 44 3 9 U
3 45 1 31 D
3 46 3 3 U
3 47 1 47 L
3 48 19 48 L
4 0 2 44 L
4 1 1 10 R
4 2 0 47 L
4 3 2 11 R
4 4 0 46 L
4 5 4 36 L
4 6 2 46 L
4 7 0 40 L
4 8 1 19 R
4 9 4 21 R
4 10 1 0 U
4 11 3 27 D
4 12 2 29 D
4 13 0 2 U
4 14 6 27 D
4 15 4 32 D
4 16 6 33 D
4 17 0 43 L
4 18 0 31 D
4 19 4 33 D
4 20 13 24 D
4 21 0 46 L
4 22 6 2 U
4 23 6 23 R
4 24 3 46 L
4 25 0 38 L
4 26 0 10 R
4 27 1 13 R
4 28 4 10 R
4 29 2 22 R
4 30 0 12 R
4 31 3 12 R
4 32 0 7 U
4 33 4 15 R
4 34 4 34 D
4 35 0 4 U
4 36 0 28 D
4 37 4 6 U
4 38 2 24 D
4 39 4 26 D
4 40 3 6 U
4 41 2 29 D
4 42 8 12 R
4 43 1 16 R
4 44 6 6 U
4 45 0 13 R
4 46 4 24 D
4 47 9 3 U
4 48 14 48 L
5 0 2 39 L
5 1 4 11 R
5 2 6 35 L
5 3 4 36 L
5 4 5 36 L
5 5 8 13 R
5 6 0 17 R
5 7 6 14 R
5 8 4 8 U
5 9 5 9 U
5 10 4 0 U
5 11 5 34 D
5 12 5 28 D
5 13 4 34 D
5 14 6 14 R
5 15 3 15 R
5 16 7 16 R
5 17 8 5 U
5 18 5 36 L
5 19 14 29 D
5 20 15 20 R
5 21 5 21 R
5 22 6 8 U
5 23 5 23 R
5 24 5 13 R
5 25 1 36 L
5 26 5 10 R
5 27 4 39 L
5 28 2 15 R
5 29 8 23 R
5 30 2 11 R
5 31 8 17 R
5 32 2 18 R
5 33 7 22 R
5 34 2 34 D
5 35 3 1 U
5 36 1 9 U
5 37 2 3 U
5 38 0 3 U
5 39 5 39 L
5 40 6 31 D
5 41 7 41 L
5 42 8 42 L
5 43 5 26 D
5 44 7 44 L
5 45 10 45 L
5 46 2 46 L
5 47 10 47 L
5 48 4 48 L
6 0 4 46 L
6 1 6 1 U
6 2 5 38 L
6 3 3 22 R
6 4 7 4 U
6 5 6 5 U
6 6 4 44 L
6 7 3 7 U
6 8 5 39 L
6 9 3 41 L
6 10 2 2 U
6 11 6 11 R
6 12 3 25 D
6 13 1 31 D
6 14 0 37 L
6 15 0 7 U
6 16 5 26 D
6 17 6 32 D
6 18 9 18 R
6 19 5 38 L
6 20 13 20 R
6 21 3 30 D
6 22 3 22 R
6 23 4 23 R
6 24 5 12 R
6 25 1 11 R
6 26 0 20 R
6 27 6 27 D
6 28 5 28 D
6 29 8 29 D
6 30 5 43 L
6 31 5 31 D
6 32 7 32 D
6 33 9 33 D
6 34 0 7 U
6 35 5 1 U
6 36 4 14 R
6 37 5 4 U
6 38 6 38 L
6 39 6 26 D
6 40 5 40 L
6 41 5 41 L
6 42 7 42 L
6 43 8 43 L
6 44 4 44 L
6 45 9 45 L
6 46 5 46 L
6 47 11 47 L
6 48 16 48 L
7 0 6 41 L
7 1 6 16 R
7 2 5 25 D
7 3 2 10 R
7 4 6 4 U
7 5 2 23 R
7 6 8 6 U
7 7 7 7 U
7 8 4 43 L
7 9 0 30 D
7 10 5 2 U
7 11 5 3 U
7 12 3 28 D
7 13 0 27 D
7 14 7 25 D
7 15 4 15 R
7 16 5 16 R
7 17 9 17 R
7 18 8 18 R
7 19 14 6 U
7 20 14 20 R
7 21 7 21 R
7 22 6 28 D
7 23 8 3 U
7 24 6 12 R
7 25 7 13 R
7 26 4 26 D
7 27 8 14 R
7 28 5 36 L
7 29 6 41 L
7 30 6 30 D
7 31 0 43 L
7 32 8 32 D
7 33 6 0 U
7 34 6 34 D
7 35 6 1 U
7 36 7 7 U
7 37 7 0 U
7 38 8 27 D
7 39 7 24 D
7 40 6 40 L
7 41 2 5 U
7 42 5 42 L
7 43 6 43 L
7 44 0 32 D
7 45 8 7 U
7 46 0 34 D
7 47 6 47 L
7 48 15 48 L
8 0 3 35 L
8 1 7 39 L
8 2 8 2 U
8 3 6 40 L
8 4 5 4 U
8 5 5 23 R
8 6 6 6 U
8 7 7 10 R
8 8 7 42 L
8 9 8 9 U
8 10 7 0 U
8 11 7 11 R
8 12 4 26 D
8 13 8 28 D
8 14 0 9 U
8 15 8 30 D
8 16 4 29 D
8 17 1 39 L
8 18 5 18 R
8 19 8 31 D
8 20 0 46 L
8 21 8 21 R
8 22 16 33 D
8 23 7 31 D
8 24 0 36 L
8 25 7 11 R
8 26 6 15 R
8 27 7 27 D
8 28 7 1 U
8 29 4 14 R
8 30 0 44 L
8 31 5 21 R
8 32 0 6 U
8 33 9 45 L
8 34 2 38 L
8 35 7 2 U
8 36 3 4 U
8 37 3 7 U
8 38 8 38 L
8 39 7 29 D
8 40 5 5 U
8 41 8 8 U
8 42 4 42 L
8 43 5 8 U
8 44 8 31 D
8 45 2 45 L
8 46 3 33 D
8 47 14 47 L
8 48 23 4 U
9 0 4 35 L
9 1 7 35 L
9 2 8 17 R
9 3 8 46 L
9 4 3 38 L
9 5 10 11 R
9 6 6 10 R
9 7 5 30 D
9 8 9 8 U
9 9 7 13 R
9 10 1 4 U
9 11 5 6 U
9 12 3 39 L
9 13 0 25 D
9 14 0 3 U
9 15 8 15 R
9 16 9 40 L
9 17 11 17 R
9 18 10 25 D
9 19 6 19 R
9 20 11 20 R
9 21 9 32 D
9 22 20 22 R
9 23 8 26 D
9 24 7 23 R
9 25 3 44 L
9 26 0 15 R
9 27 7 10 R
9 28 4 38 L
9 29 5 19 R
9 30 5 12 R
9 31 0 10 R
9 32 8 3 U
9 33 3 33 D
9 34 9 36 L
9 35 8 2 U
9 36 8 28 D
9 37 5 1 U
9 38 0 23 R
9 39 9 1 U
9 40 10 28 D
9 41 8 41 L
9 42 0 6 U
9 43 13 2 U
9 44 9 5 U
9 45 9 30 D
9 46 13 32 D
9 47 4 28 D
9 48 20 21 R
10 0 10 14 R
10 1 4 37 L
10 2 9 16 R
10 3 9 3 U
10 4 11 26 D
10 5 10 5 U
10 6 11 41 L
10 7 10 7 U
10 8 8 10 R
10 9 10 9 U
10 10 9 0 U
10 11 10 27 D
10 12 7 33 D
10 13 6 13 R
10 14 2 24 D
10 15 0 0 U
10 16 10 16 R
10 17 8 35 L
10 18 6 18 R
10 19 9 19 R
10 20 10 20 R
10 21 0 26 D
10 22 0 33 D
10 23 7 29 D
10 24 10 13 R
10 25 6 22 R
10 26 9 26 D
10 27 9 17 R
10 28 10 12 R
10 29 0 42 L
10 30 10 30 D
10 31 8 31 D
10 32 10 32 D
10 33 9 17 R
10 34 8 4 U
10 35 10 32 D
10 36 2 11 R
10 37 10 24 D
10 38 9 24 D
10 39 9 9 U
10 40 10 40 L
10 41 0 11 R
10 42 12 1 U
10 43 14 43 L
10 44 9 44 L
10 45 8 45 L
10 46 13 46 L
10 47 0 16 R
10 48 24 48 L
11 0 0 41 L
11 1 12 36 L
11 2 0 32 D
11 3 7 45 L
11 4 11 4 U
11 5 6 23 R
11 6 11 6 U
11 7 9 7 U
11 8 12 26 D
11 9 9 18 R
11 10 6 38 L
11 11 2 8 U
11 12 3 26 D
11 13 10 28 D
11 14 10 24 D
11 15 9 15 R
11 16 11 29 D
11 17 13 17 R
11 18 10 38 L
11 19 13 7 U
11 20 6 20 R
11 21 3 41 L
11 22 17 26 D
11 23 2 45 L
11 24 0 14 R
11 25 6 14 R
11 26 11 35 L
11 27 11 15 R
11 28 11 28 D
11 29 0 44 L
11 30 9 13 R
11 31 10 31 D
11 32 12 17 R
11 33 6 33 D
11 34 12 34 D
11 35 11 9 U
11 36 10 1 U
11 37 6 0 U
11 38 4 5 U
11 39 9 28 D
11 40 2 2 U
11 41 11 41 L
11 42 11 42 L
11 43 10 43 L
11 44 12 30 D
11 45 0 25 D
11 46 12 46 L
11 47 12 47 L
11 48 23 48 L
12 0 11 36 L
12 1 6 42 L
12 2 2 42 L
12 3 11 44 L
12 4 10 4 U
12 5 12 18 R
12 6 2 6 U
12 7 10 14 R
12 8 14 8 U
12 9 9 19 R
12 10 10 34 D
12 11 12 27 D
12 12 3 1 U
12 13 12 28 D
12 14 6 40 L
12 15 11 15 R
12 16 12 16 R
12 17 3 17 R
12 18 14 24 D
12 19 15 24 D
12 20 0 35 L
12 21 7 40 L
12 22 22 22 R
12 23 12 29 D
12 24 11 13 R
12 25 11 14 R
12 26 12 16 R
12 27 12 27 D
12 28 10 37 L
12 29 13 13 R
12 30 11 11 R
12 31 7 31 D
12 32 9 21 R
12 33 12 33 D
12 34 11 34 D
12 35 8 6 U
12 36 12 5 U
12 37 11 26 D
12 38 11 30 D
12 39 13 9 U
12 40 13 25 D
12 41 10 25 D
12 42 12 42 L
12 43 9 43 L
12 44 11 44 L
12 45 7 45 L
12 46 12 6 U
12 47 13 47 L
12 48 6 48 L
13 0 11 16 R
13 1 6 38 L
13 2 13 18 R
13 3 12 15 R
13 4 3 21 R
13 5 13 12 R
13 6 14 40 L
13 7 6 7 U
13 8 14 19 R
13 9 14 9 U
13 10 9 7 U
13 11 11 31 D
13 12 9 3 U
13 13 2 43 L
13 14 10 35 L
13 15 0 46 L
13 16 10 25 D
13 17 13 43 L
13 18 14 18 R
13 19 15 19 R
13 20 17 20 R
13 21 13 21 R
13 22 10 22 R
13 23 12 23 R
13 24 11 12 R
13 25 1 17 R
13 26 0 45 L
13 27 13 10 R
13 28 14 36 L
13 29 14 19 R
13 30 12 11 R
13 31 12 31 D
13 32 14 19 R
13 33 10 33 D
13 34 10 16 R
13 35 0 2 U
13 36 14 11 R
13 37 10 8 U
13 38 10 0 U
13 39 15 9 U
13 40 15 40 L
13 41 6 5 U
13 42 13 27 D
13 43 6 29 D
13 44 7 28 D
13 45 11 45 L
13 46 10 46 L
13 47 15 2 U
13 48 29 48 L
14 0 12 42 L
14 1 13 47 L
14 2 14 2 U
14 3 14 3 U
14 4 12 4 U
14 5 14 36 L
14 6 12 47 L
14 7 6 39 L
14 8 13 8 U
14 9 16 18 R
14 10 13 34 D
14 11 14 7 U
14 12 2 1 U
14 13 12 13 R
14 14 14 14 R
14 15 10 15 R
14 16 12 4 U
14 17 10 17 R
14 18 12 18 R
14 19 10 19 R
14 20 4 20 R
14 21 16 21 R
14 22 24 22 R
14 23 13 23 R
14 24 3 0 U
14 25 14 23 R
14 26 0 41 L
14 27 13 27 D
14 28 12 37 L
14 29 13 21 R
14 30 14 20 R
14 31 2 19 R
14 32 14 32 D
14 33 0 10 R
14 34 13 34 D
14 35 11 3 U
14 36 13 29 D
14 37 3 37 L
14 38 4 8 U
14 39 12 39 L
14 40 16 40 L
14 41 14 2 U
14 42 13 42 L
14 43 12 29 D
14 44 2 44 L
14 45 15 45 L
14 46 16 46 L
14 47 19 47 L
14 48 18 48 L
15 0 13 43 L
15 1 12 20 R
15 2 15 36 L
15 3 11 41 L
15 4 12 19 R
15 5 0 14 R
15 6 16 11 R
15 7 15 14 R
15 8 12 8 U
15 9 16 39 L
15 10 16 24 D
15 11 15 27 D
15 12 9 6 U
15 13 14 42 L
15 14 15 37 L
15 15 15 26 D
15 16 12 32 D
15 17 17 31 D
15 18 16 30 D
15 19 12 19 R
15 20 5 20 R
15 21 3 21 R
15 22 19 22 R
15 23 17 30 D
15 24 15 13 R
15 25 16 10 R
15 26 16 10 R
15 27 14 15 R
15 28 15 11 R
15 29 4 5 U
15 30 16 12 R
15 31 13 17 R
15 32 14 37 L
15 33 3 16 R
15 34 10 35 L
15 35 12 33 D
15 36 15 1 U
15 37 0 12 R
15 38 16 5 U
15 39 15 39 L
15 40 9 40 L
15 41 15 28 D
15 42 11 0 U
15 43 2 43 L
15 44 20 30 D
15 45 14 45 L
15 46 14 46 L
15 47 17 47 L
15 48 24 7 U
16 0 14 35 L
16 1 16 1 U
16 2 15 2 U
16 3 15 37 L
16 4 8 4 U
16 5 13 45 L
16 6 0 34 D
16 7 16 7 U
16 8 16 46 L
16 9 15 9 U
16 10 0 36 L
16 11 4 41 L
16 12 0 38 L
16 13 17 27 D
16 14 16 14 R
16 15 8 1 U
16 16 17 29 D
16 17 15 17 R
16 18 18 26 D
16 19 11 19 R
16 20 17 27 D
16 21 0 38 L
16 22 23 22 R
16 23 18 23 R
16 24 7 6 U
16 25 15 25 D
16 26 14 38 L
16 27 16 27 D
16 28 16 28 D
16 29 15 29 D
16 30 8 11 R
16 31 18 31 D
16 32 11 0 U
16 33 16 17 R
16 34 12 16 R
16 35 12 8 U
16 36 10 3 U
16 37 5 29 D
16 38 16 8 U
16 39 12 24 D
16 40 15 7 U
16 41 6 41 L
16 42 17 31 D
16 43 7 3 U
16 44 14 44 L
16 45 9 34 D
16 46 15 30 D
16 47 17 5 U
17 0 0 39 L
17 1 15 45 L
17 2 12 43 L
17 3 18 47 L
17 4 4 20 R
17 5 18 38 L
17 6 16 47 L
17 7 17 39 L
17 8 17 20 R
17 9 17 46 L
17 10 11 32 D
17 11 12 11 R
17 12 8 12 R
17 13 19 13 R
17 14 14 2 U
17 15 5 15 R
17 16 18 16 R
17 17 16 17 R
17 18 0 28 D
17 19 13 39 L
17 20 16 20 R
17 21 18 21 R
17 22 25 24 D
17 23 8 48 L
17 24 11 47 L
17 25 19 10 R
17 26 13 40 L
17 27 11 12 R
17 28 19 8 U
17 29 8 10 R
17 30 17 30 D
17 31 0 45 L
17 32 18 32 D
17 33 11 22 R
17 34 5 20 R
17 35 6 24 D
17 36 13 8 U
17 37 19 27 D
17 38 12 25 D
17 39 17 6 U
17 40 10 32 D
17 41 17 27 D
17 42 18 42 L
17 43 17 43 L
17 44 20 44 L
17 45 13 45 L
17 46 5 27 D
17 47 19 28 D
18 0 15 35 L
18 1 15 36 L
18 2 5 41 L
18 3 17 3 U
18 4 1 4 U
18 5 17 47 L
18 6 17 16 R
18 7 19 7 U
18 8 7 37 L
18 9 19 9 U
18 10 15 36 L
18 11 5 29 D
18 12 17 12 R
18 13 18 13 R
18 14 15 25 D
18 15 9 26 D
18 16 14 16 R
18 17 14 17 R
18 18 15 18 R
18 19 18 5 U
18 20 6 46 L
18 21 17 21 R
18 22 11 22 R
18 23 4 5 U
18 24 13 1 U
18 25 19 25 D
18 26 15 14 R
18 27 18 18 R
18 28 0 37 L
18 29 10 29 D
18 30 18 39 L
18 31 4 3 U
18 32 18 14 R
18 33 0 22 R
18 34 9 1 U
18 35 16 4 U
18 36 16 24 D
18 37 14 28 D
18 38 17 3 U
18 39 18 7 U
18 40 14 40 L
18 41 8 24 D
18 42 17 42 L
18 43 18 1 U
18 44 13 44 L
18 45 20 29 D
18 46 17 46 L
18 47 18 47 L
19 0 16 19 R
19 1 18 43 L
19 2 17 11 R
19 3 10 21 R
19 4 16 4 U
19 5 17 5 U
19 6 19 6 U
19 7 13 39 L
19 8 17 43 L
19 9 19 19 R
19 10 15 2 U
19 11 17 7 U
19 12 12 12 R
19 13 18 7 U
19 14 8 5 U
19 15 17 15 R
19 16 20 4 U
19 17 17 33 D
19 18 17 18 R
19 19 0 0 U
19 20 18 20 R
19 21 19 21 R
19 22 16 46 L
19 23 3 23 R
19 24 16 36 L
19 25 3 14 R
19 26 19 26 D
19 27 17 27 D
19 28 13 18 R
19 29 19 14 R
19 30 19 23 R
19 31 9 15 R
19 32 19 32 D
19 33 3 3 U
19 34 16 34 D
19 35 17 35 L
19 36 19 0 U
19 37 16 6 U
19 38 15 38 L
19 39 18 30 D
19 40 8 0 U
19 41 16 9 U
19 42 16 42 L
19 43 18 43 L
19 44 1 7 U
19 45 18 45 L
19 46 18 30 D
19 47 17 26 D
20 0 17 36 L
20 1 13 42 L
20 2 20 44 L
20 3 20 43 L
20 4 15 21 R
20 5 20 17 R
20 6 19 20 R
20 7 20 14 R
20 8 16 8 U
20 9 17 9 U
20 10 11 30 D
20 11 14 27 D
20 12 4 12 R
20 13 15 13 R
20 14 18 28 D
20 15 20 31 D
20 16 7 8 U
20 17 10 33 D
20 18 18 18 R
20 19 14 19 R
20 20 18 27 D
20 21 20 31 D
20 22 25 22 R
20 23 25 23 R
20 24 6 24 D
20 25 5 11 R
20 26 5 35 L
20 27 16 41 L
20 28 16 5 U
20 29 19 0 U
20 30 18 17 R
20 31 6 42 L
20 32 19 18 R
20 33 21 33 D
20 34 22 34 D
20 35 3 25 D
20 36 17 7 U
20 37 18 9 U
20 38 21 7 U
20 39 21 26 D
20 40 24 24 D
20 41 19 41 L
20 42 1 5 U
20 43 20 32 D
20 44 23 34 D
20 45 12 45 L
20 46 22 7 U
20 47 20 47 L
21 0 18 10 R
21 1 9 10 R
21 2 21 47 L
21 3 13 22 R
21 4 24 36 L
21 5 21 22 R
21 6 17 13 R
21 7 24 12 R
21 8 23 40 L
21 9 23 15 R
21 10 19 24 D
21 11 13 6 U
21 12 24 28 D
21 13 18 40 L
21 14 20 24 D
21 15 0 5 U
21 16 22 0 U
21 17 18 28 D
21 18 19 24 D
21 19 13 32 D
21 20 26 7 U
21 21 22 21 R
21 22 2 22 R
21 23 27 4 U
21 24 19 47 L
21 25 20 18 R
21 26 2 2 U
21 27 19 13 R
21 28 17 10 R
21 29 22 12 R
21 30 20 13 R
21 31 20 14 R
21 32 23 37 L
21 33 24 33 D
21 34 21 34 D
21 35 7 34 D
21 36 23 5 U
21 37 20 7 U
21 38 21 38 L
21 39 31 29 D
21 40 23 27 D
21 41 21 33 D
21 42 2 16 R
21 43 21 25 D
21 44 22 44 L
21 45 23 4 U
21 46 22 46 L
21 47 11 33 D
22 0 17 35 L
22 1 14 1 U
22 2 22 2 U
22 3 0 25 D
22 4 24 4 U
22 5 22 11 R
22 6 13 40 L
22 7 22 7 U
22 8 24 8 U
22 9 6 9 U
22 10 21 27 D
22 11 20 26 D
22 12 19 29 D
22 13 20 13 R
22 14 20 14 R
22 15 24 36 L
22 16 23 16 R
22 17 23 17 R
22 18 15 8 U
22 19 31 19 R
22 20 26 20 R
22 21 19 6 U
22 22 18 22 R
22 23 11 23 R
22 24 20 35 L
22 25 22 10 R
22 26 21 10 R
22 27 22 27 D
22 28 18 28 D
22 29 20 12 R
22 30 18 30 D
22 31 23 31 D
22 32 24 32 D
22 33 23 17 R
22 34 21 16 R
22 35 19 2 U
22 36 22 6 U
22 37 21 31 D
22 38 23 38 L
22 39 33 6 U
22 40 22 40 L
22 41 25 41 L
22 42 24 42 L
22 43 23 43 L
22 44 1 30 D
22 45 24 45 L
22 46 23 46 L
22 47 21 3 U
23 0 5 44 L
23 1 20 47 L
23 2 18 2 U
23 3 21 40 L
23 4 17 14 R
23 5 0 29 D
23 6 22 17 R
23 7 24 15 R
23 8 29 40 L
23 9 7 9 U
23 10 14 25 D
23 11 22 4 U
23 12 11 44 L
23 13 21 13 R
23 14 17 48 L
23 15 24 6 U
23 16 10 1 U
23 17 18 5 U
23 18 25 1 U
23 20 22 6 U
23 21 26 32 D
23 22 21 22 R
23 23 32 5 U
23 24 19 24 D
23 25 22 25 D
23 26 13 11 R
23 27 20 27 D
23 28 21 11 R
23 29 22 13 R
23 30 20 30 D
23 31 22 31 D
23 32 21 32 D
23 33 22 33 D
23 34 17 34 D
23 35 20 6 U
23 36 22 25 D
23 37 0 15 R
23 38 24 0 U
23 39 21 8 U
23 40 24 40 L
23 41 21 41 L
23 42 27 24 D
23 43 22 43 L
23 44 21 44 L
23 45 6 45 L
23 46 21 46 L
23 47 19 30 D
24 0 14 44 L
24 1 21 35 L
24 2 23 42 L
24 3 23 3 U
24 4 22 36 L
24 5 10 38 L
24 6 21 37 L
24 7 23 7 U
24 8 31 8 U
24 9 12 41 L
24 10 24 9 U
24 11 0 48 L
24 12 21 12 R
24 13 23 33 D
24 14 14 28 D
24 15 24 32 D
24 16 21 16 R
24 17 19 17 R
24 18 28 18 R
24 20 27 20 R
24 21 24 21 R
24 22 22 33 D
24 24 20 0 U
24 25 20 25 D
24 26 18 26 D
24 27 19 35 L
24 28 23 36 L
24 29 24 15 R
24 30 0 15 R
24 31 21 31 D
24 32 25 23 R
24 33 23 33 D
24 34 23 34 D
24 35 11 2 U
24 36 21 29 D
24 37 29 37 L
24 38 24 38 L
24 39 27 29 D
24 40 23 29 D
24 41 21 32 D
24 42 26 42 L
24 43 24 43 L
24 44 23 44 L
24 45 22 45 L
24 46 18 46 L
24 47 25 22 R
25 0 24 10 R
25 1 10 35 L
25 2 22 16 R
25 3 21 41 L
25 4 22 22 R
25 5 9 45 L
25 6 21 38 L
25 7 22 21 R
25 8 30 8 U
25 9 20 9 U
25 10 22 34 D
25 11 25 25 D
25 12 5 44 L
25 13 23 27 D
25 14 17 42 L
25 15 26 33 D
25 16 13 1 U
25 17 29 25 D
25 18 30 25 D
25 21 23 21 R
25 22 25 43 L
25 24 25 21 R
25 25 25 12 R
25 26 25 9 U
25 27 21 11 R
25 28 21 28 D
25 29 28 12 R
25 30 0 0 U
25 31 7 36 L
25 32 23 32 D
25 33 23 13 R
25 34 0 18 R
25 35 21 9 U
25 36 25 1 U
25 37 29 2 U
25 38 11 38 L
25 39 30 39 L
25 40 23 3 U
25 42 26 25 D
25 43 27 1 U
25 44 24 2 U
25 45 25 45 L
25 46 15 46 L
25 47 28 47 L
26 0 24 35 L
26 1 26 21 R
26 2 26 43 L
26 3 26 22 R
26 4 28 36 L
26 5 26 17 R
26 6 22 42 L
26 7 24 7 U
26 8 32 22 R
26 9 21 9 U
26 10 24 26 D
26 11 22 28 D
26 12 28 28 D
26 13 23 1 U
26 14 0 4 U
26 15 28 15 R
26 16 0 40 L
26 17 29 17 R
26 18 26 18 R
26 21 24 24 D
26 22 27 22 R
26 24 18 21 R
26 25 22 11 R
26 26 26 26 D
26 27 16 38 L
26 28 9 14 R
26 29 24 29 D
26 30 27 30 D
26 31 25 31 D
26 32 20 32 D
26 33 26 16 R
26 34 28 18 R
26 35 21 6 U
26 36 28 1 U
26 37 27 37 L
26 38 23 0 U
26 39 32 39 L
26 40 28 2 U
26 42 20 42 L
26 43 27 43 L
26 44 28 31 D
26 45 25 30 D
26 47 16 47 L
27 0 15 22 R
27 1 26 35 L
27 2 25 15 R
27 3 24 3 U
27 4 3 4 U
27 5 29 5 U
27 6 25 37 L
27 7 28 35 L
27 8 33 8 U
27 9 22 10 R
27 10 7 24 D
27 11 22 25 D
27 12 26 29 D
27 13 16 13 R
27 14 2 14 R
27 15 27 15 R
27 16 19 16 R
27 17 28 17 R
27 18 24 18 R
27 21 27 21 R
27 22 6 22 R
27 24 26 11 R
27 25 25 25 D
27 26 25 26 D
27 27 0 9 U
27 28 14 28 D
27 29 28 29 D
27 30 19 30 D
27 31 26 31 D
27 32 26 10 R
27 33 27 33 D
27 34 29 34 D
27 35 0 10 R
27 36 25 2 U
27 37 28 24 D
27 38 18 38 L
27 39 32 30 D
27 40 30 30 D
27 42 28 42 L
27 43 25 43 L
27 45 21 27 D
27 47 29 47 L
28 0 19 45 L
28 1 28 14 R
28 2 25 2 U
28 3 26 36 L
28 4 0 21 R
28 5 26 26 D
28 6 20 28 D
28 7 27 7 U
28 8 32 8 U
28 9 21 42 L
28 10 12 3 U
28 11 27 36 L
28 12 27 28 D
28 13 29 34 D
28 14 26 14 R
28 15 25 32 D
28 17 27 17 R
28 21 26 3 U
28 22 12 22 R
28 24 19 2 U
28 25 0 3 U
28 26 25 11 R
28 27 26 27 D
28 28 26 28 D
28 29 27 29 D
28 30 12 30 D
28 31 27 31 D
28 32 26 37 L
28 33 0 45 L
28 34 25 12 R
28 35 26 7 U
28 36 9 4 U
28 37 28 37 L
28 38 27 9 U
28 39 32 25 D
28 40 31 40 L
28 42 27 26 D
28 43 18 27 D
28 45 28 45 L
28 47 26 47 L
29 0 11 47 L
29 1 25 48 L
29 2 27 36 L
29 3 27 18 R
29 4 26 42 L
29 5 29 36 L
29 6 30 6 U
29 7 16 10 R
29 8 22 8 U
29 9 20 20 R
29 10 13 44 L
29 11 26 34 D
29 12 21 34 D
29 13 19 8 U
29 14 11 6 U
29 15 24 15 R
29 17 8 17 R
29 21 31 26 D
29 22 27 42 L
29 24 28 22 R
29 25 21 0 U
29 26 27 11 R
29 27 29 27 D
29 28 28 20 R
29 29 25 37 L
29 30 30 5 U
29 31 28 31 D
29 32 29 32 D
29 33 29 33 D
29 34 26 34 D
29 35 27 5 U
29 36 29 5 U
29 37 0 2 U
29 38 10 6 U
29 39 28 3 U
29 40 25 28 D
29 42 28 7 U
29 43 12 9 U
29 47 25 47 L
30 0 18 37 L
30 1 29 35 L
30 2 18 18 R
30 3 30 3 U
30 4 22 13 R
30 5 30 12 R
30 6 27 17 R
30 7 31 36 L
30 8 34 14 R
30 9 33 39 L
30 10 29 31 D
30 11 23 4 U
30 12 31 31 D
30 13 22 7 U
30 14 28 14 R
30 15 23 28 D
30 17 23 33 D
30 21 31 21 R
30 22 0 37 L
30 24 27 10 R
30 25 25 0 U
30 26 16 3 U
30 27 29 37 L
30 28 9 19 R
30 29 30 29 D
30 30 31 30 D
30 31 22 12 R
30 32 29 5 U
30 33 0 8 U
30 34 28 14 R
30 35 29 3 U
30 36 30 27 D
30 37 31 27 D
30 38 30 38 L
30 40 32 40 L
30 42 29 24 D
30 43 30 43 L
30 47 31 0 U
31 0 30 21 R
31 1 25 47 L
31 2 27 11 R
31 3 25 42 L
31 4 30 4 U
31 5 31 5 U
31 6 0 48 L
31 7 30 7 U
31 8 34 8 U
31 9 33 9 U
31 10 30 29 D
31 11 23 2 U
31 12 31 33 D
31 13 26 7 U
31 14 32 39 L
31 15 30 15 R
31 17 29 24 D
31 21 32 26 D
31 22 33 22 R
31 24 30 10 R
31 25 17 45 L
31 26 30 26 D
31 27 30 12 R
31 28 16 35 L
31 29 13 29 D
31 30 31 12 R
31 31 28 15 R
31 32 26 32 D
31 33 25 33 D
31 34 30 34 D
31 35 14 1 U
31 36 29 6 U
31 37 30 37 L
31 38 31 38 L
31 40 33 40 L
31 42 27 42 L
31 43 5 43 L
31 47 31 47 L
32 0 27 35 L
32 1 32 10 R
32 2 30 35 L
32 3 26 40 L
32 4 30 21 R
32 5 24 38 L
32 6 33 43 L
32 7 21 39 L
32 10 30 31 D
32 11 31 2 U
32 12 0 3 U
32 13 22 13 R
32 14 33 34 D
32 15 31 15 R
32 21 14 5 U
32 24 29 10 R
32 25 32 14 R
32 26 21 12 R
32 27 31 2 U
32 28 16 39 L
32 29 31 38 L
32 30 22 11 R
32 31 30 13 R
32 32 33 32 D
32 33 0 17 R
32 34 34 17 R
32 35 30 24 D
32 36 24 27 D
32 37 28 0 U
32 38 32 3 U
32 40 30 40 L
32 42 32 4 U
32 43 29 43 L
33 0 26 0 U
33 1 32 1 U
33 2 31 11 R
33 3 32 37 L
33 4 33 4 U
33 5 32 15 R
33 6 8 40 L
33 7 26 7 U
33 10 32 25 D
33 11 27 29 D
33 12 5 27 D
33 13 31 13 R
33 15 22 15 R
33 24 33 36 L
33 25 33 25 D
33 26 7 21 R
33 27 33 27 D
33 28 1 28 D
33 29 25 14 R
33 30 32 30 D
33 31 31 31 D
33 32 25 13 R
33 33 31 13 R
33 34 34 34 D
33 35 31 1 U
33 36 28 33 D
33 37 33 4 U
33 38 32 26 D
33 40 25 40 L
33 42 33 42 L
33 43 7 26 D
34 0 34 21 R
34 1 33 36 L
34 2 28 15 R
34 3 27 39 L
34 4 27 15 R
34 5 31 39 L
34 10 32 33 D
34 11 27 2 U
34 13 30 13 R
34 15 33 1 U
34 24 33 10 R
34 25 30 43 L
34 26 0 11 R
34 32 32 32 D
34 33 32 33 D
34 35 30 0 U
34 36 32 8 U
34 37 34 24 D
34 38 33 3 U
34 42 15 42 L
35 0 33 23 R

