18 16 244
2 0 12 4 0 0 0 15 0 14 0 16
17 0 10 15 0 0 0 0 9 5 6 0
0 6 0 15 0 0 0 13 0 0 5 0
15 4 0 0 0 0 0 9 0 15 11 7
15 0 9 11 13 0 0 13 6 0 4 0
0 4 0 0 0 5 0 0 0 0 0 0
0 6 0 0 0 0 1 14 10 0 1 3
0 14 12 0 15 0 0 9 0 0 0 0
0 16 0 0 8 0 0 12 0 0 3 0
0 0 0 0 0 6 0 0 11 0 1 0
14 16 9 1 0 14 1 16 1 16 11 4
11 4 0 7 14 4 0 7 0 5 0 0
0 0 0 0 U
0 1 0 1 U
0 2 0 2 U
0 3 0 3 U
0 4 0 4 R
0 5 0 5 R
0 6 0 6 R
0 7 0 7 R
0 8 0 8 D
0 9 0 9 D
0 10 0 10 D
0 11 0 11 D
0 12 0 12 L
0 13 0 13 L
0 14 0 14 L
0 15 0 15 L
1 0 6 12 L
1 1 12 14 L
1 2 2 2 U
1 3 2 3 U
1 4 6 8 D
1 5 13 0 U
1 6 4 6 R
1 7 7 7 R
1 8 4 6 R
1 9 0 6 R
1 10 13 15 L
1 11 3 11 D
1 12 6 10 D
1 13 9 13 L
1 14 6 14 L
1 15 8 0 U
2 0 0 12 L
2 1 3 12 L
2 2 0 11 D
2 3 11 3 U
2 4 15 2 U
2 5 14 13 L
2 6 4 10 D
2 7 7 7 R
2 8 10 12 L
2 9 10 15 L
2 10 1 10 D
2 11 3 11 D
2 12 0 0 U
2 13 1 13 L
2 14 11 9 D
2 15 7 15 L
3 0 11 0 U
3 1 12 9 D
3 2 11 12 L
3 3 12 15 L
3 4 0 8 D
3 5 2 5 R
3 6 7 1 U
3 7 7 0 U
3 8 5 14 L
3 9 5 12 L
3 10 4 1 U
3 11 0 0 U
3 12 0 1 U
3 13 1 13 L
3 14 4 3 U
3 15 5 2 U
4 0 8 9 D
4 1 2 1 U
4 2 9 5 R
4 3 6 5 R
4 4 0 1 U
4 5 5 5 R
4 6 9 6 R
4 7 2 7 R
4 8 0 5 R
4 9 7 3 U
4 10 3 12 L
4 11 5 11 D
4 12 3 1 U
4 13 0 4 R
4 14 7 14 L
4 15 2 15 L
5 0 3 13 L
5 1 3 1 U
5 2 4 14 L
5 3 10 3 U
5 4 9 1 U
5 5 0 2 U
5 6 11 10 D
5 7 9 3 U
5 8 0 12 L
5 9 8 9 D
5 10 0 1 U
5 12 4 12 L
5 13 7 13 L
5 14 1 14 L
5 15 7 15 L
6 0 3 4 R
6 1 0 5 R
6 2 10 2 U
6 3 0 8 D
6 4 3 0 U
6 5 12 9 D
6 6 3 0 U
6 7 3 10 D
6 8 3 4 R
6 9 5 15 L
6 10 8 10 D
6 12 1 9 D
6 13 0 8 D
6 14 9 7 R
6 15 1 15 L
7 0 1 7 R
7 1 4 1 U
7 2 4 4 R
7 3 0 14 L
7 4 3 4 R
7 5 1 5 R
7 6 5 6 R
7 7 5 7 R
7 8 1 6 R
7 9 15 6 R
7 10 5 13 L
7 12 9 0 U
7 13 3 7 R
7 14 1 0 U
7 15 13 15 L
8 0 6 4 R
8 1 1 13 L
8 2 0 4 R
8 3 12 3 U
8 5 0 10 D
8 7 9 7 R
8 8 0 7 R
8 9 1 9 D
8 10 5 10 D
8 11 1 11 D
8 12 12 5 R
8 13 7 0 U
8 14 10 8 D
8 15 15 3 U
9 0 8 5 R
9 1 1 1 U
9 2 14 6 R
9 3 0 13 L
9 4 0 9 D
9 5 7 5 R
9 6 1 6 R
9 7 13 7 R
9 8 14 7 R
9 9 4 13 L
9 10 14 13 L
9 12 0 10 D
9 13 12 3 U
9 14 8 1 U
9 15 7 1 U
10 0 5 14 L
10 1 1 12 L
10 2 6 2 U
10 3 9 9 D
10 5 1 10 D
10 7 3 1 U
10 8 11 13 L
10 9 6 14 L
10 10 2 10 D
10 11 1 11 D
10 12 11 8 D
10 13 0 11 D
10 14 5 14 L
10 15 0 6 R
11 0 10 8 D
11 1 2 1 U
11 2 6 12 L
11 3 14 3 U
11 4 14 3 U
11 5 9 2 U
11 6 14 2 U
11 7 4 11 D
11 8 5 4 R
11 9 8 9 D
11 10 1 10 D
11 12 3 12 L
11 13 0 5 R
11 14 0 10 D
11 15 12 8 D
12 0 8 6 R
12 1 0 13 L
12 2 6 2 U
12 3 2 3 U
12 4 1 8 D
12 5 8 10 D
12 6 1 11 D
12 7 1 8 D
12 8 5 6 R
12 9 5 9 D
12 10 3 10 D
12 12 6 9 D
12 13 4 4 R
12 14 5 14 L
12 15 13 2 U
13 0 10 12 L
13 1 6 12 L
13 2 10 10 D
13 4 3 9 D
13 6 2 0 U
13 7 1 7 R
13 8 6 12 L
13 9 14 15 L
13 10 8 4 R
13 12 5 3 U
13 13 2 13 L
13 14 5 14 L
13 15 8 4 R
14 0 7 4 R
14 1 16 7 R
14 2 10 2 U
14 5 11 1 U
14 6 11 3 U
14 7 11 8 D
14 8 8 5 R
14 9 10 9 D
14 10 13 4 R
14 11 5 14 L
14 12 6 2 U
14 13 7 10 D
14 14 12 14 L
14 15 0 9 D
15 0 0 6 R
15 2 6 8 D
15 5 13 9 D
15 7 9 14 L
15 8 7 4 R
15 9 13 5 R
15 10 6 5 R
15 11 9 6 R
15 12 7 0 U
15 13 2 2 U
15 14 1 14 L
15 15 4 15 L
16 0 2 14 L
16 7 5 7 R
16 8 13 0 U
16 9 15 13 L
16 12 3 8 D
16 13 8 3 U
17 9 6 9 D

