15 9 116
3 13 0 7 0 0 6 10 1 0 0 0 0 0 0 7
0 0 0 0 0 8 0 0 0 0 0 5 0 2 11 0
0 0 10 0 4 0 5 0 0 0 0 0 12 0 0 0
0 0 0 0 0 0 0 6 0 0 0 10 0 0 0 0
1 0 0 0 13 0 0 0 0 7 10 0 0 0 0 0
0 0 0 0 4 5 0 0 0 0 0 0 0 0 0 0
0 0 8 0 12 0 1 0 0 0 0 0 0 0 11 3
0 1 4 0 0 0 0 1 0 8 0 0 14 0 0 7
0 0 6 11 0 0 13 10 7 0 9 9 0 0 0 9
7 0 0 0 0 11 0 0 4 0 2 0 0 0 0 0
5 2 0 0 9 0 0 6 5 0 6 0 0 0 0 3
0 0 2 0 4 0 0 2 0 14 0 0 7 0 0 0
0 5 0 0 11 0 4 8 0 0 4 9 0 0 5 0
12 4 0 0 0 12 0 0 0 0 3 0 11 8 0 0
0 0 0 0 0 0 0 8 5 0 0 0 4 0 0 0
8 6 0 12 0 0 7 0 0 7 0 10 9 3 6 4
0 0 0 0 R
0 1 0 1 R
0 2 0 2 U
0 3 0 3 U
0 4 0 4 U
0 5 0 5 D
0 6 0 6 D
0 7 0 7 L
0 8 0 8 L
1 0 5 2 U
1 1 5 3 U
1 2 6 2 U
1 3 0 8 L
1 4 7 4 U
1 5 4 5 D
1 6 0 1 R
1 7 3 0 R
1 8 0 4 U
2 0 0 6 D
2 1 1 6 D
2 2 0 7 L
2 3 9 5 D
2 4 7 4 U
2 5 1 5 D
2 6 10 0 R
2 7 0 0 R
2 8 0 6 D
3 0 8 2 U
3 1 0 2 U
3 2 2 2 U
3 3 2 3 U
3 4 7 6 D
3 5 4 5 D
3 6 4 6 D
3 7 9 2 U
3 8 1 2 U
4 0 7 8 L
4 1 3 3 U
4 2 0 0 R
4 3 1 3 U
4 4 9 7 L
4 5 5 7 L
4 6 0 7 L
4 7 5 7 L
4 8 8 8 L
5 0 0 5 D
5 1 0 8 L
5 2 9 0 R
5 3 0 1 R
5 4 4 0 R
5 5 1 0 R
5 6 0 8 L
5 7 0 3 U
5 8 0 1 R
6 0 1 0 R
6 1 12 1 R
6 2 1 8 L
6 3 10 1 R
6 4 0 5 D
6 5 0 3 U
6 6 10 1 R
6 7 5 5 D
6 8 0 2 U
7 0 0 4 U
7 1 6 1 R
7 2 2 6 D
7 3 10 7 L
7 4 5 8 L
7 5 0 7 L
7 6 9 6 D
7 7 3 7 L
7 8 11 4 U
8 0 2 0 R
8 1 0 3 U
8 2 2 7 L
8 3 5 5 D
8 4 1 4 U
8 5 6 3 U
8 6 3 6 D
8 7 5 2 U
8 8 10 2 U
9 0 0 3 U
9 1 3 8 L
9 2 0 6 D
9 3 6 3 U
9 5 7 7 L
9 6 8 7 L
9 7 5 7 L
9 8 7 8 L
10 0 1 0 R
10 1 6 6 D
10 2 9 6 D
10 3 0 6 D
10 5 7 8 L
10 6 3 0 R
10 7 6 2 U
10 8 0 5 D
11 0 1 4 U
11 1 10 2 U
11 2 8 5 D
11 3 3 3 U
11 5 9 8 L
11 6 1 0 R
11 7 3 7 L
11 8 1 8 L
12 0 5 5 D
12 3 11 1 R
12 5 7 1 R
12 7 5 3 U
12 8 1 8 L
13 0 9 2 U
13 5 5 5 D
13 7 6 5 D
13 8 5 0 R
14 5 1 5 D
14 7 13 4 U

