31 30 777
29 26 25 21 5 13 14 27 27 0 12 0 14 26 22 14 0
11 20 24 29 23 0 0 0 9 26 20 20 0 0 27 0 10
0 0 13 3 29 0 20 13 0 29 0 6 0 0 0 0 23
0 0 0 0 1 0 11 2 0 0 0 0 21 0 1 0 8
20 0 6 0 0 18 26 0 0 0 23 20 23 24 7 1 8
14 14 7 12 28 0 25 15 0 26 14 0 0 2 25 8 0
14 0 13 11 7 0 18 13 0 1 27 11 0 28 0 21 22
0 21 0 16 1 0 9 0 0 4 27 18 5 24 0 23 0
27 23 0 0 0 14 0 10 27 0 0 24 16 0 0 14 25
8 0 9 16 0 22 0 0 13 0 18 0 7 9 5 17 16
7 25 2 0 0 25 26 17 16 0 20 25 0 15 0 1 13
25 0 3 26 27 30 19 18 0 18 19 0 0 1 8 14 0
0 0 0 16 0 0 4 18 0 15 0 26 10 23 2 2 0
0 0 0 0 0 0 0 0 0 10 5 19 0 0 0 4 14
9 0 9 19 0 20 9 25 21 21 14 0 6 29 30 0 3
18 1 0 6 0 23 19 25 0 6 0 0 6 0 0 21 24
0 26 0 0 17 12 3 0 16 9 2 18 7 14 0 1 22
0 0 0 0 U
0 1 0 1 U
0 2 0 2 U
0 3 0 3 U
0 4 0 4 U
0 5 0 5 U
0 6 0 6 U
0 7 0 7 U
0 8 0 8 R
0 9 0 9 R
0 10 0 10 R
0 11 0 11 R
0 12 0 12 R
0 13 0 13 R
0 14 0 14 R
0 15 0 15 D
0 16 0 16 D
0 17 0 17 D
0 18 0 18 D
0 19 0 19 D
0 20 0 20 D
0 21 0 21 D
0 22 0 22 D
0 23 0 23 L
0 24 0 24 L
0 25 0 25 L
0 26 0 26 L
0 27 0 27 L
0 28 0 28 L
0 29 0 29 L
1 0 5 24 L
1 1 13 1 U
1 2 3 13 R
1 3 0 9 R
1 4 0 29 L
1 5 0 12 R
1 6 3 6 U
1 7 3 7 U
1 8 0 0 U
1 9 13 9 R
1 10 19 10 R
1 11 13 20 D
1 12 16 21 D
1 13 6 18 D
1 14 11 24 L
1 15 10 10 R
1 16 23 16 D
1 17 0 8 R
1 18 6 2 U
1 19 4 11 R
1 20 24 20 D
1 21 9 21 D
1 22 2 22 D
1 23 0 1 U
1 24 11 9 R
1 25 9 5 U
1 26 5 26 L
1 27 2 27 L
1 28 6 28 L
1 29 2 21 D
2 0 17 24 L
2 1 0 8 R
2 2 0 25 L
2 3 3 25 L
2 4 22 10 R
2 5 9 5 U
2 6 6 6 U
2 7 8 26 L
2 8 0 18 D
2 9 0 23 L
2 10 5 10 R
2 11 1 11 R
2 12 4 16 D
2 13 5 13 R
2 14 6 28 L
2 15 8 15 D
2 16 0 0 U
2 17 18 24 L
2 18 3 11 R
2 19 3 19 D
2 20 4 20 D
2 21 7 21 D
2 22 14 13 R
2 23 15 18 D
2 24 5 5 U
2 25 3 25 L
2 26 0 16 D
2 27 5 27 L
2 28 0 11 R
2 29 3 20 D
3 0 0 24 L
3 1 0 27 L
3 2 13 9 R
3 3 2 25 L
3 4 7 4 U
3 5 0 11 R
3 6 4 6 U
3 7 22 13 R
3 8 5 8 R
3 9 0 2 U
3 10 13 17 D
3 11 0 1 U
3 12 4 12 R
3 13 2 13 R
3 14 1 14 R
3 15 0 23 L
3 16 0 11 R
3 17 0 3 U
3 18 2 18 D
3 19 8 19 D
3 20 0 28 L
3 21 2 21 D
3 22 20 22 D
3 23 10 17 D
3 24 17 0 U
3 25 15 25 L
3 26 12 26 L
3 27 14 27 L
3 28 11 3 U
3 29 19 7 U
4 0 0 8 R
4 1 8 1 U
4 2 1 14 R
4 3 1 3 U
4 4 16 4 U
4 5 13 12 R
4 6 6 6 U
4 7 22 8 R
4 8 0 15 D
4 9 3 4 U
4 10 1 15 D
4 11 7 11 R
4 12 10 29 L
4 13 1 17 D
4 14 5 14 R
4 15 2 24 L
4 16 13 12 R
4 17 6 1 U
4 18 1 18 D
4 19 0 23 L
4 20 2 20 D
4 21 0 7 U
4 22 10 22 D
4 23 0 3 U
4 24 1 16 D
4 25 5 25 L
4 26 2 26 L
4 27 6 27 L
4 28 7 28 L
4 29 10 29 L
5 0 3 14 R
5 1 13 10 R
5 2 0 10 R
5 3 17 12 R
5 4 0 16 D
5 5 11 28 L
5 6 2 12 R
5 7 16 14 R
5 8 0 25 L
5 9 1 9 R
5 10 2 15 D
5 11 7 18 D
5 12 12 12 R
5 13 1 13 R
5 14 15 14 R
5 15 0 26 L
5 16 3 25 L
5 17 16 25 L
5 18 2 18 D
5 19 1 19 D
5 20 6 6 U
5 21 3 8 R
5 22 4 22 D
5 23 13 15 D
5 24 4 16 D
5 25 6 20 D
5 26 3 26 L
5 27 1 22 D
5 28 4 28 L
5 29 4 29 L
6 0 2 13 R
6 1 0 23 L
6 2 10 27 L
6 3 8 11 R
6 4 1 4 U
6 5 10 8 R
6 6 5 23 L
6 7 20 29 L
6 8 4 8 R
6 9 2 9 R
6 10 13 3 U
6 11 0 17 D
6 12 28 15 D
6 13 11 13 R
6 14 5 14 R
6 15 0 9 R
6 16 13 9 R
6 17 1 12 R
6 18 9 18 D
6 19 0 24 L
6 20 22 10 R
6 21 12 24 L
6 22 1 22 D
6 23 22 23 L
6 24 11 24 L
6 25 1 3 U
6 26 3 26 L
6 27 5 27 L
6 28 5 28 L
6 29 3 29 L
7 0 3 0 U
7 1 2 11 R
7 2 3 27 L
7 3 8 3 U
7 4 2 4 U
7 5 2 5 U
7 6 17 6 U
7 7 4 7 U
7 8 22 19 D
7 9 0 16 D
7 10 2 10 R
7 11 24 6 U
7 12 1 23 L
7 13 3 13 R
7 14 25 14 R
7 15 13 8 R
7 16 0 10 R
7 17 17 17 D
7 18 20 24 L
7 19 3 19 D
7 20 11 20 D
7 21 1 21 D
7 22 10 22 D
7 23 12 2 U
7 24 21 17 D
7 25 2 0 U
7 26 18 6 U
7 27 21 27 L
7 28 16 19 D
7 29 3 29 L
8 0 2 25 L
8 1 0 11 R
8 2 17 2 U
8 3 1 3 U
8 4 3 4 U
8 5 2 5 U
8 6 22 9 R
8 7 9 7 U
8 8 1 4 U
8 9 5 9 R
8 10 0 2 U
8 11 0 4 U
8 12 12 12 R
8 13 12 20 D
8 14 0 27 L
8 15 7 8 R
8 16 19 11 R
8 17 2 17 D
8 18 0 9 R
8 19 1 3 U
8 20 4 20 D
8 21 12 7 U
8 22 3 22 D
8 23 13 22 D
8 24 0 17 D
8 25 1 25 L
8 26 7 26 L
8 27 4 2 U
8 28 4 16 D
8 29 10 5 U
9 0 21 23 L
9 1 15 25 L
9 2 8 2 U
9 3 2 23 L
9 4 4 4 U
9 5 1 16 D
9 6 4 6 U
9 7 6 7 U
9 8 2 15 D
9 9 1 9 R
9 10 14 1 U
9 11 2 11 R
9 12 4 12 R
9 13 0 15 D
9 14 7 22 D
9 15 0 2 U
9 16 8 5 U
9 17 7 3 U
9 18 7 18 D
9 19 14 19 D
9 20 1 20 D
9 21 2 21 D
9 22 0 1 U
9 23 1 19 D
9 24 2 18 D
9 25 2 2 U
9 26 23 0 U
9 27 6 16 D
9 28 5 22 D
9 29 4 7 U
10 0 0 26 L
10 1 18 13 R
10 2 11 10 R
10 3 9 8 R
10 4 23 4 U
10 5 15 5 U
10 6 6 6 U
10 7 18 7 U
10 8 22 15 D
10 9 6 15 D
10 10 1 3 U
10 11 8 27 L
10 12 12 6 U
10 13 18 7 U
10 14 9 16 D
10 15 7 14 R
10 16 2 16 D
10 17 0 5 U
10 18 9 18 D
10 19 9 19 D
10 20 8 13 R
10 21 27 21 D
10 22 26 1 U
10 23 0 18 D
10 24 2 24 L
10 25 12 4 U
10 26 1 26 L
10 27 9 15 D
10 28 17 4 U
10 29 5 29 L
11 0 1 0 U
11 1 6 1 U
11 2 20 14 R
11 3 19 3 U
11 4 20 27 L
11 5 9 5 U
11 6 3 9 R
11 7 2 7 U
11 8 16 16 D
11 9 17 2 U
11 10 3 10 R
11 11 17 22 D
11 12 1 12 R
11 13 6 29 L
11 14 19 19 D
11 15 13 27 L
11 16 2 12 R
11 17 1 17 D
11 18 18 18 D
11 19 1 10 R
11 20 7 25 L
11 21 6 21 D
11 22 19 22 D
11 23 13 0 U
11 24 1 24 L
11 25 8 17 D
11 26 17 22 D
11 27 15 21 D
11 28 17 16 D
11 29 17 1 U
12 0 6 8 R
12 1 1 9 R
12 2 2 2 U
12 3 0 13 R
12 4 21 11 R
12 5 15 26 L
12 6 21 23 L
12 7 2 7 U
12 8 11 24 L
12 9 18 16 D
12 10 8 16 D
12 11 3 11 R
12 12 4 15 D
12 13 6 13 R
12 14 2 25 L
12 15 22 9 R
12 16 2 28 L
12 17 1 17 D
12 18 4 8 R
12 19 3 19 D
12 20 9 20 D
12 21 4 3 U
12 22 8 22 D
12 23 0 4 U
12 24 1 24 L
12 25 2 20 D
12 26 5 22 D
12 27 3 27 L
12 28 16 28 L
12 29 5 21 D
13 0 11 12 R
13 1 3 10 R
13 2 7 9 R
13 3 1 3 U
13 4 25 11 R
13 5 21 23 L
13 6 5 28 L
13 7 4 7 U
13 8 4 0 U
13 9 9 9 R
13 10 23 20 D
13 11 12 22 D
13 12 9 1 U
13 13 4 13 R
13 14 6 14 R
13 15 0 8 R
13 16 11 8 R
13 17 0 4 U
13 18 0 29 L
13 19 8 19 D
13 20 10 9 R
13 21 28 21 D
13 22 18 9 R
13 23 0 0 U
13 24 4 24 L
13 25 0 9 R
13 26 4 26 L
13 27 6 7 U
13 28 6 28 L
13 29 5 1 U
14 0 25 27 L
14 1 3 25 L
14 2 12 29 L
14 3 2 14 R
14 4 25 4 U
14 5 17 5 U
14 6 1 6 U
14 7 3 7 U
14 8 3 8 R
14 9 0 28 L
14 10 5 17 D
14 11 20 11 R
14 12 20 20 D
14 13 0 26 L
14 14 5 20 D
14 15 24 26 L
14 16 2 9 R
14 17 0 28 L
14 18 0 2 U
14 19 2 19 D
14 20 17 24 L
14 22 6 22 D
14 23 13 5 U
14 24 24 24 L
14 25 2 18 D
14 26 13 5 U
14 27 4 27 L
14 28 5 28 L
14 29 5 29 L
15 0 1 11 R
15 1 12 24 L
15 2 13 28 L
15 3 22 3 U
15 4 9 24 L
15 5 9 11 R
15 6 13 27 L
15 7 17 9 R
15 8 23 15 D
15 9 19 28 L
15 10 3 10 R
15 11 6 11 R
15 12 18 26 L
15 13 4 13 R
15 14 3 14 R
15 15 14 11 R
15 16 1 16 D
15 17 9 17 D
15 18 6 18 D
15 19 4 19 D
15 20 9 3 U
15 21 18 9 R
15 22 6 22 D
15 23 12 0 U
15 24 2 24 L
15 25 21 0 U
15 26 3 26 L
15 27 5 27 L
15 28 0 2 U
15 29 2 29 L
16 0 10 9 R
16 1 1 1 U
16 3 2 3 U
16 4 1 12 R
16 5 7 5 U
16 6 9 25 L
16 7 10 7 U
16 8 1 25 L
16 9 11 23 L
16 10 22 19 D
16 11 7 21 D
16 12 4 12 R
16 13 2 25 L
16 14 3 29 L
16 15 17 15 D
16 16 24 16 D
16 17 7 17 D
16 18 14 18 D
16 19 12 9 R
16 20 9 20 D
16 21 11 12 R
16 22 21 22 D
16 23 0 6 U
16 24 18 16 D
16 25 5 9 R
16 26 18 26 L
16 27 11 16 D
16 28 2 19 D
16 29 5 17 D
17 0 3 11 R
17 1 21 25 L
17 2 8 2 U
17 3 18 9 R
17 4 19 9 R
17 5 11 5 U
17 6 9 28 L
17 7 10 7 U
17 8 1 8 R
17 9 19 6 U
17 10 20 15 D
17 11 2 11 R
17 12 4 19 D
17 13 24 15 D
17 14 5 14 R
17 15 27 0 U
17 16 3 3 U
17 17 16 17 D
17 18 16 9 R
17 19 10 19 D
17 20 7 20 D
17 22 3 11 R
17 23 10 0 U
17 24 0 18 D
17 25 8 4 U
17 26 7 26 L
17 27 4 6 U
17 28 22 20 D
17 29 3 29 L
18 0 6 28 L
18 1 2 27 L
18 2 2 2 U
18 3 19 26 L
18 4 29 4 U
18 5 21 5 U
18 6 11 6 U
18 7 7 7 U
18 8 22 8 R
18 9 1 9 R
18 10 19 10 R
18 11 8 11 R
18 12 0 23 L
18 13 1 13 R
18 14 19 18 D
18 15 1 0 U
18 16 21 23 L
18 17 20 26 L
18 18 17 8 R
18 19 0 10 R
18 20 2 2 U
18 22 1 22 D
18 23 17 6 U
18 24 0 5 U
18 25 7 18 D
18 26 10 19 D
18 27 8 27 L
18 28 4 28 L
18 29 13 3 U
19 0 27 25 L
19 1 16 26 L
19 3 17 3 U
19 4 1 4 U
19 5 1 5 U
19 6 24 6 U
19 7 22 7 U
19 8 21 3 U
19 9 3 9 R
19 10 18 10 R
19 11 14 15 D
19 12 0 28 L
19 13 14 13 R
19 14 0 29 L
19 16 10 26 L
19 17 10 17 D
19 18 18 13 R
19 19 18 10 R
19 20 26 20 D
19 21 10 28 L
19 22 0 4 U
19 23 11 1 U
19 24 6 22 D
19 25 15 15 D
19 26 24 17 D
19 27 16 18 D
19 28 14 16 D
19 29 27 6 U
20 0 12 10 R
20 3 11 29 L
20 4 11 13 R
20 5 1 11 R
20 6 11 26 L
20 7 14 11 R
20 8 25 1 U
20 9 5 7 U
20 10 3 15 D
20 11 11 16 D
20 12 14 12 R
20 13 24 18 D
20 14 2 14 R
20 15 22 23 L
20 16 1 16 D
20 18 1 8 R
20 19 10 19 D
20 20 2 25 L
20 21 10 21 D
20 23 21 3 U
20 24 7 21 D
20 25 2 6 U
20 26 4 26 L
20 27 4 27 L
20 28 9 28 L
20 29 0 7 U
21 0 19 23 L
21 1 2 14 R
21 3 18 3 U
21 4 2 4 U
21 5 2 5 U
21 6 8 9 R
21 7 14 7 U
21 8 0 21 D
21 9 4 9 R
21 11 4 11 R
21 12 18 12 R
21 13 2 13 R
21 15 1 8 R
21 16 16 16 D
21 18 10 18 D
21 19 5 11 R
21 20 14 27 L
21 21 11 11 R
21 23 7 3 U
21 24 14 24 L
21 25 5 25 L
21 26 26 15 D
21 27 2 27 L
21 28 5 18 D
21 29 17 0 U
22 0 9 28 L
22 2 0 19 D
22 3 5 23 L
22 4 30 4 U
22 5 19 5 U
22 6 16 6 U
22 7 5 7 U
22 8 14 18 D
22 9 1 9 R
22 10 5 10 R
22 11 5 17 D
22 12 1 12 R
22 13 9 21 D
22 15 12 15 D
22 16 10 10 R
22 18 28 18 D
22 19 0 14 R
22 20 0 0 U
22 22 2 22 D
22 23 14 19 D
22 24 15 24 L
22 25 13 3 U
22 26 7 20 D
22 27 0 15 D
22 28 0 22 D
22 29 7 29 L
23 0 12 23 L
23 3 8 3 U
23 4 14 25 L
23 5 3 5 U
23 6 17 6 U
23 7 22 14 R
23 8 3 23 L
23 9 14 22 D
23 10 8 10 R
23 11 5 11 R
23 12 2 15 D
23 13 14 23 L
23 16 20 9 R
23 18 10 18 D
23 19 20 14 R
23 20 17 20 D
23 21 1 12 R
23 23 28 20 D
23 24 4 19 D
23 26 10 5 U
23 27 19 27 L
23 28 3 20 D
23 29 7 0 U
24 0 10 8 R
24 3 7 3 U
24 4 8 4 U
24 5 10 5 U
24 6 15 6 U
24 7 1 7 U
24 8 6 8 R
24 9 2 9 R
24 11 9 11 R
24 12 1 12 R
24 16 15 13 R
24 17 15 7 U
24 18 22 18 D
24 20 3 20 D
24 22 14 8 R
24 24 14 10 R
24 25 20 7 U
24 26 2 18 D
24 27 15 0 U
24 28 1 28 L
24 29 5 29 L
25 0 26 26 L
25 1 14 28 L
25 3 20 23 L
25 4 28 4 U
25 5 1 5 U
25 6 17 6 U
25 8 6 2 U
25 9 5 25 L
25 11 3 11 R
25 12 14 12 R
25 15 19 12 R
25 16 11 16 D
25 18 23 7 U
25 20 19 20 D
25 24 24 5 U
25 25 26 25 L
25 26 0 13 R
25 27 2 1 U
25 28 5 16 D
26 0 2 12 R
26 3 23 11 R
26 5 18 25 L
26 6 18 6 U
26 8 20 6 U
26 9 6 9 R
26 11 8 11 R
26 12 12 12 R
26 16 2 16 D
26 18 1 18 D
26 20 18 8 R
26 26 2 26 L
26 27 20 20 D
26 28 19 28 L
27 0 15 0 U
27 3 3 3 U
27 5 5 5 U
27 8 1 2 U
27 9 13 18 D
27 11 1 15 D
27 12 5 0 U
27 16 16 3 U
27 18 5 18 D
27 20 17 26 L
27 27 22 11 R
27 28 20 28 L
28 3 10 3 U
28 5 10 5 U
28 8 20 21 D
28 9 6 23 L
28 16 30 16 D
28 20 24 20 D
28 27 24 27 L
29 3 5 12 R
29 8 20 0 U
29 9 3 9 R
29 16 25 16 D
29 20 2 20 D
29 27 23 22 D
30 3 17 3 U
30 8 27 4 U
30 9 2 9 R
30 16 7 16 D

