22 15 294
0 20 2 0 0 14 0 17 14 0 17 10
18 0 19 4 9 0 0 18 0 0 7 13
15 18 0 4 0 18 0 15 0 0 14 0
0 0 0 16 14 15 11 0 19 0 0 0
14 0 16 0 19 0 0 0 0 0 10 0
1 20 0 0 19 0 0 19 0 0 0 0
0 17 13 7 8 8 0 18 21 0 0 9
14 0 0 0 0 0 0 0 0 0 21 5
18 13 0 0 0 0 0 0 0 16 0 21
0 15 0 0 20 0 0 7 0 15 0 13
15 21 0 0 0 0 6 0 0 12 3 4
19 0 0 0 0 0 0 17 0 16 0 0
0 0 0 0 R
0 1 0 1 R
0 2 0 2 R
0 3 0 3 R
0 4 0 4 U
0 5 0 5 U
0 6 0 6 U
0 7 0 7 U
0 8 0 8 D
0 9 0 9 D
0 10 0 10 D
0 11 0 11 L
0 12 0 12 L
0 13 0 13 L
0 14 0 14 L
1 0 0 10 D
1 1 16 6 U
1 2 0 12 L
1 3 11 6 U
1 4 5 11 L
1 5 0 11 L
1 6 10 13 L
1 7 5 7 U
1 8 9 11 L
1 9 2 9 D
1 10 10 10 D
1 11 16 4 U
1 12 5 4 U
1 13 13 7 U
1 14 6 14 L
2 0 7 7 U
2 1 1 6 U
2 2 15 9 D
2 3 0 5 U
2 4 12 13 L
2 5 8 0 R
2 6 0 9 D
2 7 8 7 U
2 8 3 14 L
2 9 0 12 L
2 10 4 14 L
2 11 3 5 U
2 12 5 5 U
2 13 0 6 U
2 14 5 14 L
3 0 6 13 L
3 1 7 6 U
3 2 8 2 R
3 3 0 14 L
3 4 5 13 L
3 5 13 11 L
3 6 7 14 L
3 7 15 1 R
3 8 6 3 R
3 9 2 3 R
3 10 10 13 L
3 11 0 8 D
3 12 0 1 R
3 13 0 0 R
3 14 6 14 L
4 0 0 11 L
4 1 12 1 R
4 2 3 2 R
4 3 2 5 U
4 4 15 0 R
4 5 18 5 U
4 6 1 6 U
4 7 16 3 R
4 8 7 8 D
4 9 0 11 L
4 10 1 10 D
4 11 5 9 D
4 12 9 12 L
4 13 0 7 U
4 14 1 7 U
5 0 1 8 D
5 1 4 9 D
5 2 1 2 R
5 3 19 13 L
5 4 17 1 R
5 5 3 0 R
5 6 14 0 R
5 7 16 1 R
5 8 10 2 R
5 9 4 0 R
5 10 18 3 R
5 11 0 4 U
5 12 6 6 U
5 13 8 8 D
5 14 1 14 L
6 0 0 13 L
6 1 15 10 D
6 2 8 2 R
6 3 7 3 R
6 4 14 4 U
6 5 7 14 L
6 6 14 14 L
6 7 11 3 R
6 8 11 5 U
6 9 3 3 R
6 10 17 12 L
6 11 0 5 U
6 12 9 1 R
6 13 10 5 U
6 14 3 10 D
7 0 4 8 D
7 1 0 6 U
7 2 16 7 U
7 3 14 9 D
7 4 12 12 L
7 5 8 9 D
7 6 1 13 L
7 7 6 2 R
7 8 8 11 L
7 9 18 12 L
7 10 9 12 L
7 11 4 11 L
7 12 4 12 L
7 13 5 5 U
7 14 9 4 U
8 0 10 0 R
8 1 9 4 U
8 2 6 2 R
8 3 3 5 U
8 4 4 1 R
8 5 5 2 R
8 6 17 3 R
8 8 0 0 R
8 9 6 11 L
8 10 1 0 R
8 11 16 8 D
8 12 18 8 D
8 13 0 9 D
8 14 3 14 L
9 0 8 0 R
9 1 17 1 R
9 2 2 2 R
9 3 4 3 R
9 4 0 1 R
9 5 13 0 R
9 6 3 11 L
9 7 5 7 U
9 8 0 1 R
9 9 11 9 D
9 10 5 2 R
9 11 3 2 R
9 12 6 10 D
9 13 6 6 U
9 14 0 10 D
10 0 1 4 U
10 1 3 11 L
10 2 14 12 L
10 3 11 10 D
10 4 0 13 L
10 5 15 12 L
10 6 14 12 L
10 7 8 7 U
10 8 3 0 R
10 9 6 9 D
10 10 15 6 U
10 11 5 4 U
10 12 1 4 U
10 13 11 4 U
10 14 16 4 U
11 0 9 12 L
11 1 1 5 U
11 2 0 14 L
11 3 7 9 D
11 4 0 0 R
11 5 1 5 U
11 6 1 6 U
11 8 0 13 L
11 9 15 13 L
11 10 1 10 D
11 11 5 8 D
11 12 0 8 D
11 13 6 13 L
11 14 15 10 D
12 0 10 5 U
12 1 2 8 D
12 2 8 5 U
12 3 14 10 D
12 4 13 3 R
12 5 3 5 U
12 6 15 6 U
12 8 10 11 L
12 9 9 11 L
12 10 16 11 L
12 11 5 6 U
12 12 14 7 U
12 13 2 13 L
12 14 15 6 U
13 0 6 11 L
13 1 16 13 L
13 2 11 9 D
13 3 14 3 R
13 4 4 0 R
13 5 1 11 L
13 6 4 6 U
13 7 1 7 U
13 8 9 12 L
13 9 2 1 R
13 10 12 1 R
13 11 12 11 L
13 12 14 5 U
13 13 3 4 U
13 14 8 8 D
14 0 10 9 D
14 1 0 9 D
14 2 16 2 R
14 3 18 8 D
14 4 11 8 D
14 5 0 14 L
14 6 4 6 U
14 8 0 2 R
14 9 12 2 R
14 10 6 10 D
14 11 4 8 D
14 12 13 12 L
14 13 9 13 L
14 14 9 14 L
15 0 10 10 D
15 1 2 7 U
15 2 9 4 U
15 3 17 3 R
15 4 13 11 L
15 5 11 14 L
15 6 13 13 L
15 7 13 12 L
15 8 1 0 R
15 9 2 2 R
15 10 6 12 L
15 11 16 9 D
15 12 13 10 D
15 13 9 9 D
15 14 2 3 R
16 0 12 6 U
16 2 2 5 U
16 3 20 14 L
16 4 0 8 D
16 5 9 3 R
16 6 8 2 R
16 7 17 2 R
16 8 9 1 R
16 9 10 0 R
16 10 9 7 U
16 11 17 8 D
16 12 3 3 R
16 13 3 10 D
16 14 5 6 U
17 0 12 5 U
17 2 11 8 D
17 4 8 0 R
17 5 10 1 R
17 6 4 10 D
17 8 4 11 L
17 9 4 11 L
17 10 0 7 U
17 11 7 10 D
17 12 8 12 L
17 13 3 13 L
17 14 8 9 D
18 0 12 4 U
18 2 6 2 R
18 3 17 5 U
18 4 20 0 R
18 5 20 5 U
18 6 11 6 U
18 8 1 8 D
18 9 13 9 D
18 10 4 10 D
18 11 0 2 R
18 12 10 3 R
18 13 7 4 U
18 14 14 7 U
19 0 15 14 L
19 2 11 6 U
19 4 15 12 L
19 5 11 8 D
19 6 15 10 D
19 9 10 1 R
19 11 16 7 U
19 12 4 12 L
19 14 13 14 L
20 0 9 11 L
20 2 8 2 R
20 5 0 9 D
20 9 1 9 D
20 11 11 1 R
20 12 19 5 U
21 0 12 0 R
21 2 11 14 L
21 9 15 11 L
21 11 8 5 U

