18 21 302
16 15 0 0 0 4 0 14 2 0 0
0 15 0 0 0 15 14 0 12 4 0
2 0 0 0 0 10 6 0 0 0 5
12 0 3 1 13 11 14 0 8 0 12
16 0 16 0 17 0 13 0 12 14 2
1 11 0 11 0 0 6 0 6 0 12
14 11 14 0 0 12 6 14 0 0 0
0 0 11 6 16 15 0 0 9 0 15
0 12 10 0 0 14 1 0 0 10 1
15 6 2 0 0 9 0 3 14 13 0
8 7 2 13 7 10 8 10 0 15 2
0 0 0 0 R
0 1 0 1 R
0 2 0 2 R
0 3 0 3 R
0 4 0 4 R
0 5 0 5 U
0 6 0 6 U
0 7 0 7 U
0 8 0 8 U
0 9 0 9 U
0 10 0 10 U
0 11 0 11 D
0 12 0 12 D
0 13 0 13 D
0 14 0 14 D
0 15 0 15 D
0 16 0 16 D
0 17 0 17 L
0 18 0 18 L
0 19 0 19 L
0 20 0 20 L
1 0 0 5 U
1 1 6 13 D
1 2 7 2 R
1 3 10 3 R
1 4 8 5 U
1 5 0 17 L
1 6 13 17 L
1 7 13 3 R
1 8 3 8 U
1 9 9 9 U
1 10 7 17 L
1 11 0 18 L
1 12 2 1 R
1 13 12 13 D
1 14 5 2 R
1 15 3 15 D
1 17 3 10 U
1 18 4 18 L
1 19 12 19 L
1 20 3 20 L
2 0 0 11 D
2 1 10 1 R
2 2 0 5 U
2 3 13 7 U
2 4 1 4 R
2 5 0 11 D
2 6 5 18 L
2 7 1 7 U
2 8 3 17 L
2 9 5 9 U
2 10 12 10 U
2 11 12 11 D
2 12 6 5 U
2 13 9 13 D
2 14 9 17 L
2 15 8 15 D
2 16 5 16 D
2 17 14 5 U
2 18 0 1 R
2 19 5 6 U
2 20 3 12 D
3 0 0 12 D
3 1 7 5 U
3 2 0 16 D
3 3 0 8 U
3 4 10 14 D
3 5 4 17 L
3 6 10 6 U
3 7 6 0 R
3 8 0 15 D
3 9 6 9 U
3 10 0 3 R
3 11 8 18 L
3 12 2 12 D
3 13 2 20 L
3 14 6 18 L
3 15 4 3 R
3 17 10 6 U
3 18 0 11 D
3 19 11 3 R
3 20 0 3 R
4 0 9 5 U
4 1 2 1 R
4 2 1 13 D
4 3 5 15 D
4 4 1 19 L
4 5 3 18 L
4 6 6 11 D
4 7 2 19 L
4 8 7 8 U
4 9 7 17 L
4 10 8 18 L
4 11 3 20 L
4 12 2 20 L
4 13 2 13 D
4 14 10 19 L
4 15 2 15 D
4 17 1 17 L
4 18 9 18 L
4 19 6 9 U
4 20 1 20 L
5 0 1 14 D
5 1 0 6 U
5 2 7 19 L
5 3 2 14 D
5 4 1 4 R
5 5 14 18 L
5 6 0 1 R
5 7 2 4 R
5 8 0 13 D
5 9 7 9 U
5 11 0 0 R
5 12 9 2 R
5 13 15 1 R
5 14 1 7 U
5 15 13 15 D
5 16 6 4 R
5 17 0 4 R
5 18 0 12 D
5 19 7 19 L
5 20 6 2 R
6 0 9 8 U
6 1 1 1 R
6 2 1 8 U
6 3 3 19 L
6 5 3 20 L
6 6 4 6 U
6 7 11 7 U
6 8 7 8 U
6 9 4 19 L
6 10 12 10 U
6 11 0 20 L
6 12 0 1 R
6 13 15 0 R
6 14 2 1 R
6 15 2 15 D
6 17 5 11 D
6 18 0 6 U
6 19 3 13 D
6 20 11 15 D
7 0 4 0 R
7 1 6 11 D
7 2 2 14 D
7 3 1 3 R
7 4 4 13 D
7 5 1 3 R
7 6 0 18 L
7 7 11 12 D
7 8 2 8 U
7 9 0 19 L
7 11 4 17 L
7 12 8 19 L
7 13 1 20 L
7 14 1 14 D
7 15 10 1 R
7 17 6 15 D
7 18 9 11 D
7 19 0 8 U
7 20 1 20 L
8 0 1 12 D
8 1 0 15 D
8 2 0 7 U
8 3 9 5 U
8 4 12 6 U
8 5 13 5 U
8 6 2 19 L
8 7 6 2 R
8 8 9 8 U
8 9 9 9 U
8 11 14 0 R
8 12 13 12 D
8 13 3 10 U
8 14 7 14 D
8 15 14 15 D
8 17 3 9 U
8 18 2 15 D
8 19 0 2 R
8 20 0 7 U
9 0 12 14 D
9 1 11 7 U
9 2 0 12 D
9 3 4 3 R
9 5 5 0 R
9 6 2 0 R
9 7 1 2 R
9 8 7 8 U
9 9 0 3 R
9 10 4 4 R
9 11 10 18 L
9 12 1 17 L
9 13 5 18 L
9 14 6 14 D
9 15 5 18 L
9 17 2 0 R
9 18 16 13 D
9 19 2 2 R
9 20 1 7 U
10 0 0 17 L
10 1 4 9 U
10 2 8 2 R
10 3 13 10 U
10 5 3 5 U
10 6 12 12 D
10 7 5 17 L
10 8 7 14 D
10 9 11 19 L
10 11 11 19 L
10 12 0 17 L
10 13 8 7 U
10 14 1 4 R
10 15 8 2 R
10 17 11 7 U
10 18 11 8 U
10 19 8 5 U
10 20 13 6 U
11 0 0 18 L
11 1 2 11 D
11 2 6 14 D
11 3 1 3 R
11 4 13 4 R
11 5 7 0 R
11 6 13 20 L
11 7 5 1 R
11 8 15 20 L
11 9 8 9 U
11 11 2 20 L
11 12 3 0 R
11 13 4 7 U
11 15 8 8 U
11 17 9 1 R
11 18 9 15 D
11 19 0 13 D
11 20 2 20 L
12 0 11 18 L
12 1 13 18 L
12 2 5 12 D
12 3 0 9 U
12 4 1 4 R
12 5 10 12 D
12 6 0 14 D
12 7 9 0 R
12 8 13 8 U
12 9 3 9 U
12 10 6 10 U
12 11 8 8 U
12 12 8 20 L
12 13 2 3 R
12 14 0 19 L
12 15 6 4 R
12 17 0 14 D
12 18 9 14 D
12 19 1 6 U
12 20 5 11 D
13 0 4 11 D
13 1 2 1 R
13 2 11 5 U
13 5 2 11 D
13 6 8 3 R
13 7 0 11 D
13 8 4 8 U
13 11 6 18 L
13 12 8 12 D
13 13 1 7 U
13 15 6 20 L
13 17 5 6 U
13 18 0 15 D
13 19 7 8 U
13 20 1 20 L
14 0 8 11 D
14 1 1 1 R
14 2 7 15 D
14 3 13 5 U
14 5 12 11 D
14 6 2 6 U
14 7 2 13 D
14 8 16 1 R
14 11 11 0 R
14 12 12 0 R
14 13 6 13 D
14 15 1 15 D
14 17 5 5 U
14 18 16 5 U
14 19 2 6 U
14 20 12 7 U
15 0 14 9 U
15 5 8 20 L
15 6 4 3 R
15 8 10 19 L
15 11 0 7 U
15 12 4 2 R
15 13 10 8 U
15 17 12 2 R
15 19 1 2 R
15 20 2 10 U
16 0 1 0 R
16 5 7 17 L
16 6 2 12 D
16 11 2 0 R
16 17 14 13 D
16 20 6 13 D
17 20 12 20 L

