16 15 197
14 5 0 0 0 10 13 7 0 14
9 0 4 0 0 7 15 12 1 12
4 0 0 0 0 13 0 9 8 0
7 3 4 0 2 12 0 0 8 12
2 1 4 0 5 4 13 0 0 10
0 0 0 8 3 9 6 0 0 4
4 0 11 3 7 0 0 11 5 0
0 0 0 4 0 0 0 0 0 11
0 0 0 0 4 0 14 12 0 2
10 11 12 10 2 13 0 10 5 2
0 0 0 0 D
0 1 0 1 D
0 2 0 2 D
0 3 0 3 R
0 4 0 4 R
0 5 0 5 R
0 6 0 6 R
0 7 0 7 U
0 8 0 8 U
0 9 0 9 U
0 10 0 10 U
0 11 0 11 L
0 12 0 12 L
0 13 0 13 L
0 14 0 14 L
1 0 8 12 L
1 1 6 6 R
1 2 4 2 D
1 3 2 1 D
1 4 5 8 U
1 5 0 8 U
1 6 13 6 R
1 7 0 11 L
1 8 2 5 R
1 9 4 9 U
1 10 4 10 U
1 11 7 11 L
1 12 7 12 L
1 13 7 13 L
1 14 6 0 D
2 0 0 3 R
2 1 0 12 L
2 2 3 3 R
2 3 0 11 L
2 4 4 0 D
2 5 5 5 R
2 6 3 6 R
2 7 8 4 R
2 8 0 4 R
2 9 0 5 R
2 10 7 10 U
2 11 0 0 D
2 12 7 3 R
2 13 3 13 L
2 14 11 14 L
3 0 0 7 U
3 1 0 4 R
3 2 4 3 R
3 3 0 7 U
3 4 9 4 R
3 5 10 5 R
3 6 1 6 R
3 7 0 0 D
3 8 0 13 L
3 10 9 11 L
3 11 0 3 R
3 12 12 8 U
3 13 4 4 R
3 14 9 14 L
4 0 11 0 D
4 1 0 9 U
4 2 1 2 D
4 3 10 0 D
4 4 1 1 D
4 5 9 0 D
4 6 1 7 U
4 7 0 3 R
4 8 9 11 L
4 9 12 13 L
4 10 5 3 R
4 11 8 7 U
4 12 2 1 D
4 13 1 5 R
4 14 1 14 L
5 0 3 10 U
5 1 9 12 L
5 3 4 8 U
5 4 0 2 D
5 5 13 5 R
5 6 10 0 D
5 7 7 11 L
5 8 0 12 L
5 9 8 9 U
5 10 6 10 U
5 11 7 0 D
5 12 0 7 U
5 13 2 2 D
5 14 1 14 L
6 0 7 11 L
6 1 8 1 D
6 2 9 2 D
6 3 10 7 U
6 4 9 7 U
6 5 0 14 L
6 6 0 0 D
6 7 3 6 R
6 8 5 3 R
6 9 4 9 U
6 10 1 10 U
6 11 9 9 U
6 12 7 12 L
6 13 9 2 D
6 14 1 14 L
7 0 2 11 L
7 1 3 11 L
7 2 0 8 U
7 3 0 0 D
7 4 2 4 R
7 5 0 1 D
7 6 9 10 U
7 7 0 2 D
7 8 5 1 D
7 9 3 4 R
7 10 11 3 R
7 11 12 4 R
7 12 6 2 D
7 13 2 13 L
7 14 3 14 L
8 0 6 8 U
8 1 1 1 D
8 2 1 12 L
8 3 10 10 U
8 4 13 4 R
8 5 9 7 U
8 6 4 0 D
8 7 0 1 D
8 8 2 8 U
8 10 4 10 U
8 11 6 6 R
8 12 0 8 U
8 13 11 13 L
8 14 13 1 D
9 0 0 14 L
9 1 1 5 R
9 2 6 5 R
9 3 8 3 R
9 4 8 9 U
9 5 1 13 L
9 6 10 6 R
9 7 6 7 U
9 8 3 8 U
9 9 6 12 L
9 10 12 10 U
9 11 5 11 L
9 13 7 6 R
10 0 11 4 R
10 1 4 9 U
10 2 5 14 L
10 3 0 9 U
10 4 2 10 U
10 5 9 5 R
10 6 3 2 D
10 7 12 14 L
10 8 2 8 U
10 10 1 2 D
10 11 4 11 L
10 12 2 12 L
10 13 7 13 L
10 14 3 8 U
11 0 2 7 U
11 1 0 6 R
11 2 5 2 D
11 3 4 3 R
11 4 6 2 D
11 6 1 9 U
11 7 1 13 L
11 8 7 8 U
11 10 2 13 L
11 11 12 11 L
11 12 0 1 D
11 13 2 13 L
11 14 14 14 L
12 0 2 0 D
12 1 6 3 R
12 2 5 10 U
12 3 6 8 U
12 4 11 11 L
12 5 9 1 D
12 6 10 6 R
12 7 2 5 R
12 8 3 13 L
12 10 5 0 D
12 14 0 3 R
13 0 3 0 D
13 1 14 1 D
13 3 7 10 U
13 6 7 6 R
13 9 0 6 R
13 11 3 1 D
13 12 12 0 D
13 14 4 2 D
14 1 9 8 U
14 3 5 11 L
14 6 2 7 U
14 7 13 5 R
14 8 3 14 L
15 1 1 1 D

