32 40 1083
20 0 0 19 25 13 18 3 21 12 27 17 3 0 21 0 12
0 0 0 31 10 0 0 28 13 25 21 0 14 11 28 18 0
26 13 0 0 0 24 0 29 0 27 16 12 18 14 12 0 10
0 0 3 0 0 23 0 0 0 28 28 29 0 30 10 21 1
27 20 27 0 0 22 28 0 0 0 25 0 0 24 30 0 11
0 0 29 0 0 1 0 0 24 0 3 23 0 20 3 0 9
10 0 0 0 0 13 0 22 6 0 13 28 0 25 0 7 9
0 23 3 28 7 0 18 0 29 0 28 0 0 17 0 26 4
0 0 0 0 0 3 13 0 0 0 0 29 0 2 0 2 14
0 2 22 0 27 15 3 21 0 25 0 0 0 11 21 0 26
0 24 0 0 0 0 22 0 15 23 11 14 0 7 18 0 0
4 27 0 19 25 11 0 19 18 0 0 20 1 30 22 0 11
13 0 5 5 4 8 23 25 0 15 0 0 21 29 0 0 28
29 31 0 0 0 0 0 0 0 8 30 0 26 0 0 14 11
1 0 26 27 0 14 0 0 16 2 0 25 0 15 7 0 0
3 31 4 14 0 0 0 0 0 14 15 0 7 30 0 0 23
13 23 21 8 0 11 0 0 7 6 28 25 0 28 17 16 12
0 0 0 0 R
0 1 0 1 R
0 2 0 2 R
0 3 0 3 R
0 4 0 4 R
0 5 0 5 R
0 6 0 6 R
0 7 0 7 R
0 8 0 8 R
0 9 0 9 R
0 10 0 10 U
0 11 0 11 U
0 12 0 12 U
0 13 0 13 U
0 14 0 14 U
0 15 0 15 U
0 16 0 16 U
0 17 0 17 U
0 18 0 18 U
0 19 0 19 U
0 20 0 20 D
0 21 0 21 D
0 22 0 22 D
0 23 0 23 D
0 24 0 24 D
0 25 0 25 D
0 26 0 26 D
0 27 0 27 D
0 28 0 28 D
0 29 0 29 D
0 30 0 30 D
0 31 0 31 L
0 32 0 32 L
0 33 0 33 L
0 34 0 34 L
0 35 0 35 L
0 36 0 36 L
0 37 0 37 L
0 38 0 38 L
0 39 0 39 L
1 0 18 19 U
1 1 0 10 U
1 2 5 13 U
1 3 13 3 R
1 4 6 4 R
1 5 0 16 U
1 6 15 6 R
1 7 0 17 U
1 8 7 15 U
1 9 17 9 R
1 10 3 28 D
1 11 2 11 U
1 12 11 32 L
1 13 7 13 U
1 14 0 35 L
1 15 4 0 R
1 16 9 16 U
1 17 8 17 U
1 18 10 18 U
1 19 9 6 R
1 20 0 10 U
1 21 6 1 R
1 22 12 22 D
1 23 3 33 L
1 24 2 24 D
1 25 5 25 D
1 26 15 7 R
1 27 10 27 D
1 28 3 28 D
1 29 2 29 D
1 30 2 30 D
1 31 9 10 U
1 32 9 21 D
1 33 14 19 U
1 34 15 23 D
1 35 4 13 U
1 36 2 27 D
1 37 20 28 D
1 38 5 11 U
1 39 8 39 L
2 0 20 28 D
2 1 13 17 U
2 2 20 11 U
2 3 3 3 R
2 4 0 32 L
2 5 1 14 U
2 6 24 12 U
2 7 19 7 R
2 8 15 8 R
2 9 13 19 U
2 10 0 20 D
2 11 11 21 D
2 12 4 12 U
2 13 17 5 R
2 14 4 14 U
2 15 3 15 U
2 16 1 16 U
2 17 17 17 U
2 18 1 18 U
2 19 11 8 R
2 20 22 39 L
2 21 25 35 L
2 22 11 11 U
2 23 3 39 L
2 24 17 32 L
2 25 27 32 L
2 26 10 26 D
2 27 3 36 L
2 28 12 36 L
2 29 6 29 D
2 30 12 3 R
2 31 0 10 U
2 32 8 20 D
2 33 7 21 D
2 34 0 14 U
2 35 0 25 D
2 36 14 18 U
2 37 7 12 U
2 38 4 38 L
2 39 26 20 D
3 0 2 18 U
3 1 16 13 U
3 2 6 12 U
3 3 6 14 U
3 4 1 23 D
3 5 22 5 R
3 6 11 33 L
3 7 9 13 U
3 8 0 37 L
3 9 0 38 L
3 10 13 5 R
3 11 0 21 D
3 12 4 3 R
3 13 20 13 U
3 14 0 24 D
3 15 17 25 D
3 16 10 16 U
3 17 6 26 D
3 18 0 36 L
3 19 2 19 U
3 20 0 31 L
3 21 16 39 L
3 22 1 31 L
3 23 5 31 L
3 24 5 7 R
3 25 2 34 L
3 26 0 14 U
3 27 23 35 L
3 28 7 11 U
3 29 2 29 D
3 30 0 0 R
3 31 12 11 U
3 32 17 32 L
3 33 14 25 D
3 34 2 25 D
3 35 2 22 D
3 36 2 17 U
3 37 1 37 L
3 38 12 38 L
3 39 1 15 U
4 0 22 33 L
4 1 28 24 D
4 2 25 30 D
4 3 3 11 U
4 4 16 17 U
4 5 26 17 U
4 6 0 26 D
4 7 9 23 D
4 8 7 38 L
4 9 27 17 U
4 10 5 31 L
4 11 7 4 R
4 12 15 36 L
4 13 0 34 L
4 14 11 35 L
4 15 20 8 R
4 16 6 28 D
4 17 19 7 R
4 18 9 18 U
4 19 15 19 U
4 20 1 20 D
4 21 8 36 L
4 22 7 22 D
4 23 5 33 L
4 24 9 35 L
4 25 6 4 R
4 26 2 26 D
4 27 25 27 D
4 28 0 0 R
4 29 5 29 D
4 30 18 30 D
4 31 11 16 U
4 32 0 23 D
4 33 18 21 D
4 34 15 10 U
4 35 16 11 U
4 36 20 23 D
4 37 6 22 D
4 38 24 14 U
4 39 31 11 U
5 0 1 35 L
5 1 3 24 D
5 2 0 11 U
5 3 0 39 L
5 4 2 4 R
5 5 14 12 U
5 6 11 24 D
5 7 0 28 D
5 8 21 19 U
5 9 6 31 L
5 10 0 25 D
5 11 19 2 R
5 12 3 12 U
5 13 0 33 L
5 14 18 14 U
5 15 21 2 R
5 16 4 16 U
5 17 11 3 R
5 18 1 18 U
5 19 9 19 U
5 20 1 3 R
5 21 15 1 R
5 22 16 34 L
5 23 6 6 R
5 24 1 24 D
5 25 10 5 R
5 26 2 26 D
5 27 10 3 R
5 28 4 9 R
5 29 18 29 D
5 30 4 30 D
5 31 4 20 D
5 32 19 11 U
5 33 0 2 R
5 34 0 20 D
5 35 3 25 D
5 36 9 36 L
5 37 24 14 U
5 38 0 29 D
5 39 15 10 U
6 0 25 12 U
6 1 23 10 U
6 2 0 24 D
6 3 0 12 U
6 4 3 4 R
6 5 22 28 D
6 6 0 25 D
6 7 12 7 R
6 8 3 11 U
6 9 0 16 U
6 10 15 37 L
6 11 13 4 R
6 12 0 22 D
6 13 5 13 U
6 14 1 0 R
6 15 7 15 U
6 16 16 5 R
6 17 24 17 U
6 18 0 7 R
6 19 18 19 U
6 20 0 3 R
6 21 17 36 L
6 22 7 32 L
6 23 13 36 L
6 24 0 33 L
6 25 15 1 R
6 26 7 26 D
6 27 2 32 L
6 28 13 9 R
6 29 7 29 D
6 30 1 30 D
6 31 3 23 D
6 32 0 11 U
6 33 2 10 U
6 34 11 24 D
6 35 17 15 U
6 36 15 12 U
6 37 3 37 L
6 38 11 12 U
6 39 24 39 L
7 0 16 21 D
7 1 20 11 U
7 2 16 10 U
7 3 24 15 U
7 4 6 21 D
7 5 2 24 D
7 6 11 6 R
7 7 8 7 R
7 8 14 8 R
7 9 13 23 D
7 10 0 37 L
7 11 21 11 U
7 12 19 31 L
7 13 13 34 L
7 14 5 14 U
7 15 3 35 L
7 16 4 16 U
7 17 2 7 R
7 18 10 18 U
7 19 19 0 R
7 20 4 2 R
7 21 5 21 D
7 22 4 22 D
7 23 21 23 D
7 24 24 35 L
7 25 12 35 L
7 26 5 26 D
7 27 4 37 L
7 28 17 7 R
7 29 14 34 L
7 30 10 30 D
7 31 21 10 U
7 32 14 3 R
7 33 2 14 U
7 34 2 23 D
7 35 2 24 D
7 36 14 10 U
7 37 13 37 L
7 38 11 38 L
7 39 24 16 U
8 0 11 31 L
8 1 6 10 U
8 2 12 23 D
8 3 12 21 D
8 4 13 4 R
8 5 12 34 L
8 6 4 6 R
8 7 7 7 R
8 8 24 13 U
8 9 7 9 R
8 10 5 22 D
8 11 19 6 R
8 12 10 31 L
8 13 7 13 U
8 14 12 9 R
8 15 10 15 U
8 16 13 38 L
8 17 13 6 R
8 18 7 18 U
8 19 2 19 U
8 20 5 8 R
8 21 7 21 D
8 22 25 4 R
8 23 17 7 R
8 24 12 24 D
8 25 11 25 D
8 26 13 16 U
8 27 28 27 D
8 28 0 9 R
8 29 6 29 D
8 30 18 1 R
8 31 4 21 D
8 32 18 22 D
8 33 28 20 D
8 34 14 25 D
8 35 1 23 D
8 36 7 36 L
8 37 0 5 R
8 38 2 19 U
8 39 4 14 U
9 0 15 26 D
9 1 4 13 U
9 2 5 28 D
9 3 12 3 R
9 4 17 10 U
9 5 1 12 U
9 6 22 36 L
9 7 1 21 D
9 8 2 25 D
9 9 1 9 R
9 10 20 20 D
9 11 0 31 L
9 12 8 6 R
9 13 10 36 L
9 14 8 14 U
9 15 10 15 U
9 16 2 29 D
9 17 13 17 U
9 18 21 8 R
9 19 1 19 U
9 20 17 38 L
9 21 20 3 R
9 22 14 1 R
9 23 2 34 L
9 24 10 33 L
9 25 7 39 L
9 26 0 6 R
9 27 2 34 L
9 28 5 28 D
9 29 16 29 D
9 30 7 30 D
9 31 16 12 U
9 32 19 24 D
9 33 12 17 U
9 34 13 20 D
9 35 1 27 D
9 36 3 23 D
9 37 8 37 L
9 38 5 25 D
9 39 5 28 D
10 0 0 15 U
10 1 0 21 D
10 2 11 20 D
10 3 6 22 D
10 4 3 13 U
10 5 16 5 R
10 6 7 16 U
10 7 0 29 D
10 8 18 29 D
10 9 7 30 D
10 10 5 9 R
10 11 7 32 L
10 12 4 12 U
10 13 27 1 R
10 14 6 14 U
10 15 5 15 U
10 16 2 16 U
10 17 1 17 U
10 18 4 18 U
10 19 11 3 R
10 20 12 1 R
10 21 2 33 L
10 22 2 32 L
10 23 25 5 R
10 24 2 33 L
10 25 6 8 R
10 26 1 26 D
10 27 6 27 D
10 28 15 6 R
10 29 12 1 R
10 30 5 30 D
10 31 12 20 D
10 32 16 14 U
10 33 26 33 L
10 34 3 22 D
10 35 1 18 U
10 36 5 24 D
10 37 3 22 D
10 38 3 22 D
10 39 2 15 U
11 0 0 20 D
11 1 9 31 L
11 2 16 2 R
11 3 12 3 R
11 4 2 10 U
11 5 10 26 D
11 6 0 35 L
11 7 2 7 R
11 8 17 8 R
11 9 13 9 R
11 10 10 2 R
11 11 7 37 L
11 12 0 23 D
11 13 10 3 R
11 14 1 8 R
11 15 8 4 R
11 16 1 16 U
11 17 18 32 L
11 18 9 23 D
11 19 10 0 R
11 20 1 34 L
11 21 4 21 D
11 22 10 9 R
11 23 0 34 L
11 24 12 38 L
11 25 19 33 L
11 26 14 6 R
11 27 0 14 U
11 28 14 28 D
11 29 16 9 R
11 30 0 2 R
11 31 20 15 U
11 32 19 20 D
11 33 2 13 U
11 34 0 17 U
11 35 10 23 D
11 36 26 24 D
11 37 14 30 D
11 38 21 23 D
11 39 3 27 D
12 0 10 22 D
12 1 0 32 L
12 2 0 30 D
12 3 2 31 L
12 4 0 31 L
12 5 16 5 R
12 6 17 6 R
12 7 14 7 R
12 8 16 12 U
12 9 2 9 R
12 10 13 34 L
12 11 0 0 R
12 12 8 5 R
12 13 14 37 L
12 14 8 7 R
12 15 13 34 L
12 16 17 0 R
12 17 13 34 L
12 18 23 35 L
12 19 4 19 U
12 20 2 31 L
12 21 7 7 R
12 22 4 2 R
12 23 10 3 R
12 24 1 33 L
12 25 1 36 L
12 26 3 26 D
12 27 24 27 D
12 28 18 9 R
12 29 7 2 R
12 30 4 30 D
12 31 8 22 D
12 32 11 15 U
12 33 0 13 U
12 34 11 34 L
12 35 15 14 U
12 36 2 25 D
12 37 6 37 L
12 38 19 15 U
12 39 4 39 L
13 0 12 29 D
13 1 2 1 R
13 2 6 22 D
13 3 16 23 D
13 4 1 4 R
13 5 11 5 R
13 6 1 25 D
13 7 0 27 D
13 8 20 28 D
13 9 9 26 D
13 10 4 4 R
13 11 1 11 U
13 12 3 34 L
13 13 3 2 R
13 14 4 39 L
13 15 14 15 U
13 16 0 38 L
13 17 14 36 L
13 18 12 33 L
13 19 2 4 R
13 20 20 3 R
13 21 15 19 U
13 22 17 5 R
13 23 17 6 R
13 24 2 8 R
13 25 0 5 R
13 26 3 31 L
13 27 0 8 R
13 28 25 28 D
13 29 0 38 L
13 30 12 8 R
13 31 19 11 U
13 32 15 18 U
13 33 24 24 D
13 34 24 21 D
13 35 1 35 L
13 36 16 36 L
13 37 14 20 D
13 38 23 38 L
13 39 6 39 L
14 0 10 0 R
14 1 19 21 D
14 2 0 36 L
14 3 0 33 L
14 4 16 14 U
14 5 10 25 D
14 7 17 7 R
14 8 5 26 D
14 9 15 39 L
14 10 17 4 R
14 11 10 1 R
14 12 7 12 U
14 13 6 13 U
14 14 10 37 L
14 15 22 39 L
14 16 18 4 R
14 17 15 17 U
14 18 22 7 R
14 19 9 19 U
14 20 18 33 L
14 21 8 32 L
14 22 26 5 R
14 23 23 4 R
14 24 4 12 U
14 25 9 16 U
14 26 8 26 D
14 27 7 36 L
14 28 8 28 D
14 29 1 29 D
14 30 18 8 R
14 31 19 10 U
14 32 1 15 U
14 33 8 33 L
14 34 10 17 U
14 35 8 35 L
14 36 18 27 D
14 37 0 18 U
14 38 11 38 L
14 39 27 26 D
15 0 13 26 D
15 1 8 21 D
15 2 24 15 U
15 3 12 26 D
15 4 7 20 D
15 5 0 24 D
15 6 22 26 D
15 7 14 21 D
15 8 16 8 R
15 9 14 9 R
15 10 24 35 L
15 11 0 39 L
15 12 11 36 L
15 13 2 13 U
15 14 27 2 R
15 15 2 6 R
15 16 13 35 L
15 17 20 3 R
15 18 19 36 L
15 19 1 19 U
15 20 0 37 L
15 21 22 0 R
15 22 22 2 R
15 23 13 34 L
15 24 0 4 R
15 25 29 6 R
15 26 1 26 D
15 27 13 2 R
15 28 1 0 R
15 29 5 29 D
15 30 8 30 D
15 31 16 31 L
15 32 1 10 U
15 33 8 23 D
15 34 23 12 U
15 35 23 26 D
15 36 22 13 U
15 37 21 37 L
15 38 6 10 U
15 39 26 18 U
16 0 14 20 D
16 1 25 26 D
16 2 6 11 U
16 3 21 30 D
16 4 15 20 D
16 5 21 13 U
16 6 10 13 U
16 7 2 13 U
16 8 17 8 R
16 9 12 24 D
16 10 21 22 D
16 11 1 31 L
16 12 9 32 L
16 13 1 13 U
16 14 22 31 L
16 15 9 9 R
16 16 23 16 U
16 17 15 17 U
16 18 20 36 L
16 19 0 29 D
16 20 24 31 L
16 21 25 11 U
16 22 0 2 R
16 23 14 38 L
16 24 3 33 L
16 25 11 37 L
16 26 21 31 L
16 28 24 39 L
16 29 7 29 D
16 30 4 33 L
16 31 10 20 D
16 32 14 23 D
16 33 8 10 U
16 34 12 34 L
16 35 11 35 L
16 36 7 36 L
16 37 21 27 D
16 38 0 19 U
16 39 4 39 L
17 0 26 11 U
17 1 12 1 R
17 2 5 2 R
17 3 5 3 R
17 4 7 4 R
17 5 12 18 U
17 6 29 23 D
17 7 12 7 R
17 8 22 30 D
17 9 26 16 U
17 10 18 7 R
17 11 4 22 D
17 12 23 9 R
17 13 12 13 U
17 14 18 5 R
17 15 18 23 D
17 16 29 38 L
17 17 0 0 R
17 18 15 4 R
17 19 1 19 U
17 20 14 20 D
17 21 2 12 U
17 22 3 35 L
17 23 5 35 L
17 24 18 24 D
17 25 18 38 L
17 26 15 6 R
17 27 0 13 U
17 28 9 35 L
17 29 13 38 L
17 30 15 30 D
17 31 6 27 D
17 32 8 10 U
17 33 5 23 D
17 34 2 21 D
17 35 15 10 U
17 36 13 14 U
17 37 9 37 L
17 38 15 17 U
17 39 13 39 L
18 0 3 10 U
18 1 26 27 D
18 2 12 2 R
18 3 17 32 L
18 4 3 4 R
18 5 26 22 D
18 6 14 30 D
18 7 24 22 D
18 8 4 39 L
18 9 19 9 R
18 10 4 0 R
18 11 0 1 R
18 12 14 8 R
18 13 10 13 U
18 14 8 14 U
18 15 1 15 U
18 16 4 16 U
18 17 1 17 U
18 18 14 18 U
18 19 15 19 U
18 20 12 9 R
18 21 19 6 R
18 22 21 36 L
18 23 10 0 R
18 24 8 24 D
18 25 19 7 R
18 26 0 35 L
18 28 5 31 L
18 29 11 29 D
18 30 22 1 R
18 31 13 19 U
18 32 4 11 U
18 34 10 12 U
18 35 15 29 D
18 36 30 22 D
18 37 2 24 D
18 38 10 12 U
18 39 22 13 U
19 0 1 0 R
19 1 10 11 U
19 2 9 21 D
19 3 12 3 R
19 4 16 20 D
19 5 7 30 D
19 6 1 18 U
19 7 1 7 R
19 8 9 13 U
19 9 22 26 D
19 10 0 0 R
19 11 23 32 L
19 12 12 2 R
19 13 26 2 R
19 14 11 33 L
19 15 23 1 R
19 16 6 9 R
19 17 0 28 D
19 18 6 18 U
19 19 6 3 R
19 20 14 5 R
19 21 0 1 R
19 22 22 6 R
19 23 9 23 D
19 24 4 0 R
19 25 2 33 L
19 26 5 26 D
19 28 2 28 D
19 29 0 35 L
19 32 27 11 U
19 33 1 33 L
19 34 13 34 L
19 35 9 23 D
19 36 10 20 D
19 37 20 37 L
19 38 10 16 U
19 39 7 39 L
20 0 26 16 U
20 1 26 32 L
20 2 27 22 D
20 3 13 29 D
20 4 26 25 D
20 5 6 5 R
20 7 1 12 U
20 8 14 18 U
20 9 0 27 D
20 10 22 5 R
20 11 19 8 R
20 12 13 12 U
20 13 11 6 R
20 14 8 37 L
20 15 2 31 L
20 16 0 29 D
20 17 21 1 R
20 18 15 0 R
20 19 7 9 R
20 20 7 34 L
20 21 27 31 L
20 22 13 7 R
20 23 7 32 L
20 24 0 31 L
20 25 17 39 L
20 26 8 26 D
20 29 10 8 R
20 30 15 9 R
20 32 26 21 D
20 33 9 22 D
20 34 25 16 U
20 35 14 12 U
20 36 27 25 D
20 37 14 10 U
20 38 1 38 L
20 39 12 39 L
21 0 13 17 U
21 1 12 22 D
21 2 24 38 L
21 3 17 29 D
21 4 20 19 U
21 5 14 5 R
21 6 2 18 U
21 7 26 12 U
21 8 10 19 U
21 9 25 13 U
21 10 14 0 R
21 11 0 2 R
21 12 7 12 U
21 13 6 4 R
21 14 25 7 R
21 15 19 6 R
21 16 4 16 U
21 17 15 17 U
21 18 7 3 R
21 19 11 30 D
21 20 2 32 L
21 21 3 21 D
21 22 13 1 R
21 23 14 9 R
21 24 23 6 R
21 25 2 37 L
21 26 3 8 R
21 27 2 27 D
21 29 0 36 L
21 31 20 20 D
21 32 1 1 R
21 33 13 23 D
21 34 2 22 D
21 35 0 28 D
21 36 12 22 D
21 37 15 17 U
21 38 8 29 D
21 39 13 15 U
22 0 16 0 R
22 1 12 1 R
22 3 16 35 L
22 4 0 13 U
22 5 26 21 D
22 7 4 24 D
22 8 3 28 D
22 9 15 27 D
22 10 11 1 R
22 11 13 31 L
22 12 19 38 L
22 13 0 32 L
22 14 24 3 R
22 15 11 0 R
22 16 20 2 R
22 17 1 17 U
22 18 1 1 R
22 19 15 37 L
22 20 0 32 L
22 21 13 0 R
22 22 17 22 D
22 23 27 23 D
22 24 7 17 U
22 25 27 33 L
22 26 19 9 R
22 27 1 37 L
22 31 7 10 U
22 32 28 18 U
22 33 1 11 U
22 34 13 34 L
22 35 2 16 U
22 36 13 36 L
22 37 1 37 L
22 38 2 38 L
22 39 9 14 U
23 0 21 32 L
23 1 22 10 U
23 2 12 24 D
23 3 2 13 U
23 4 6 25 D
23 5 20 16 U
23 6 9 6 R
23 8 30 13 U
23 9 15 25 D
23 10 25 8 R
23 11 7 33 L
23 12 17 23 D
23 13 3 3 R
23 14 12 32 L
23 15 2 29 D
23 16 4 16 U
23 17 7 17 U
23 19 10 1 R
23 20 24 2 R
23 21 6 2 R
23 22 0 5 R
23 24 16 34 L
23 26 27 38 L
23 27 6 9 R
23 28 18 28 D
23 32 12 21 D
23 33 2 15 U
23 34 8 34 L
23 35 2 13 U
23 36 26 17 U
23 37 8 14 U
23 38 16 25 D
23 39 11 17 U
24 0 14 0 R
24 2 31 17 U
24 3 20 27 D
24 4 22 28 D
24 5 25 19 U
24 6 14 11 U
24 7 20 15 U
24 9 15 14 U
24 10 22 31 L
24 11 23 35 L
24 12 22 5 R
24 13 7 9 R
24 14 1 14 U
24 15 2 15 U
24 16 14 16 U
24 17 4 17 U
24 19 2 19 U
24 20 3 32 L
24 21 4 2 R
24 22 15 3 R
24 24 4 4 R
24 25 3 37 L
24 26 2 32 L
24 27 5 2 R
24 28 10 4 R
24 30 20 6 R
24 31 25 26 D
24 34 4 25 D
24 35 4 17 U
24 36 1 12 U
24 37 12 37 L
24 38 17 14 U
24 39 9 39 L
25 0 22 15 U
25 2 17 11 U
25 3 23 12 U
25 4 21 4 R
25 5 13 5 R
25 6 9 19 U
25 7 28 10 U
25 9 21 9 R
25 10 15 39 L
25 11 15 2 R
25 12 17 1 R
25 13 5 5 R
25 14 17 36 L
25 15 12 33 L
25 16 17 8 R
25 17 5 17 U
25 19 4 19 U
25 20 16 6 R
25 21 0 0 R
25 22 8 4 R
25 24 15 7 R
25 26 7 26 D
25 28 1 28 D
25 29 16 4 R
25 32 23 25 D
25 34 8 10 U
25 35 24 20 D
25 37 2 12 U
25 38 9 18 U
25 39 8 39 L
26 0 16 10 U
26 1 8 15 U
26 3 1 28 D
26 4 1 4 R
26 5 6 38 L
26 7 4 18 U
26 8 0 18 U
26 10 2 1 R
26 11 18 34 L
26 12 20 2 R
26 13 16 5 R
26 14 21 30 D
26 15 2 15 U
26 16 13 1 R
26 17 0 29 D
26 19 27 19 U
26 21 2 37 L
26 22 5 37 L
26 24 20 31 L
26 25 6 35 L
26 26 23 0 R
26 28 10 37 L
26 29 19 4 R
26 34 24 26 D
26 35 6 29 D
26 37 6 11 U
26 39 22 25 D
27 0 12 27 D
27 1 23 35 L
27 2 1 19 U
27 3 25 22 D
27 4 16 16 U
27 10 1 8 R
27 11 16 32 L
27 12 16 12 U
27 13 0 26 D
27 14 4 14 U
27 15 8 15 U
27 17 23 8 R
27 18 18 18 U
27 19 16 19 U
27 21 12 31 L
27 24 3 24 D
27 26 1 5 R
27 34 19 34 L
27 35 14 35 L
27 37 26 21 D
27 39 8 30 D
28 0 4 20 D
28 3 16 3 R
28 4 11 39 L
28 11 13 36 L
28 12 29 3 R
28 13 2 0 R
28 14 7 14 U
28 17 2 17 U
28 19 0 1 R
28 21 13 2 R
28 24 7 4 R
28 26 18 3 R
28 35 17 35 L
28 37 19 37 L
28 39 25 39 L
29 0 0 11 U
29 3 27 3 R
29 4 2 21 D
29 13 6 13 U
29 17 6 39 L
29 21 20 4 R
29 24 7 13 U
29 26 17 4 R
29 34 11 22 D
29 37 20 30 D
30 3 5 34 L
30 4 27 34 L
30 13 18 13 U
30 17 8 17 U
30 21 4 21 D
30 24 24 37 L
30 26 1 26 D
31 4 14 10 U
31 13 23 22 D
31 17 20 17 U
31 24 5 36 L
31 26 26 26 D

