28 45 1135
17 16 0 18 0 21 20 19 22 23 0 27 26 21 0 25 24 1
2 15 0 0 16 23 0 24 0 20 19 4 17 18 23 0 25 2
0 15 23 24 0 23 15 0 19 22 22 0 24 23 0 0 22 24
3 14 11 8 15 0 18 25 0 23 0 7 19 20 24 21 0 0
4 16 5 21 9 22 18 18 19 0 0 2 23 10 25 3 0 19
0 0 24 23 25 0 19 26 26 27 10 6 17 8 26 9 0 0
5 18 0 0 19 24 3 16 23 2 23 20 22 0 0 13 0 3
6 0 27 8 20 25 18 0 24 9 0 14 18 23 22 24 27 2
18 22 22 20 0 2 23 24 0 25 26 27 27 22 0 21 0 0
3 14 26 27 17 21 11 5 0 23 18 23 0 8 26 9 0 8
16 18 0 16 19 2 8 20 25 25 24 0 0 16 16 0 0 0
13 21 25 25 15 8 6 24 23 0 22 21 24 7 0 23 0 0
16 18 23 27 18 0 27 16 10 21 0 7 6 0 27 11 26 19
0 14 21 17 7 20 4 0 0 26 25 23 0 22 22 14 16 19
8 15 0 18 12 19 12 0 24 26 0 13 23 12 5 22 24 5
14 0 23 23 0 23 0 17 24 0 10 15 10 0 0 24 20 21
14 17 23 0 15 20 21 6 27 26 21 0 22 7 16 9 27 17
25 0 22 23 3 0 15 2 13 24 19 0 0 5 15 0 17 17
0 0 0 0 U
0 1 0 1 U
0 2 0 2 U
0 3 0 3 U
0 4 0 4 U
0 5 0 5 U
0 6 0 6 U
0 7 0 7 U
0 8 0 8 U
0 9 0 9 U
0 10 0 10 U
0 11 0 11 U
0 12 0 12 R
0 13 0 13 R
0 14 0 14 R
0 15 0 15 R
0 16 0 16 R
0 17 0 17 R
0 18 0 18 R
0 19 0 19 R
0 20 0 20 R
0 21 0 21 R
0 22 0 22 R
0 23 0 23 D
0 24 0 24 D
0 25 0 25 D
0 26 0 26 D
0 27 0 27 D
0 28 0 28 D
0 29 0 29 D
0 30 0 30 D
0 31 0 31 D
0 32 0 32 D
0 33 0 33 D
0 34 0 34 D
0 35 0 35 L
0 36 0 36 L
0 37 0 37 L
0 38 0 38 L
0 39 0 39 L
0 40 0 40 L
0 41 0 41 L
0 42 0 42 L
0 43 0 43 L
0 44 0 44 L
1 0 0 36 L
1 1 0 13 R
1 2 0 37 L
1 3 0 16 R
1 4 2 40 L
1 5 0 41 L
1 6 2 13 R
1 7 4 35 L
1 8 2 43 L
1 9 10 42 L
1 10 0 14 R
1 11 12 15 R
1 12 0 0 U
1 13 1 23 D
1 14 3 37 L
1 15 0 36 L
1 16 0 37 L
1 17 0 2 U
1 18 0 27 D
1 19 1 28 D
1 20 3 28 D
1 21 5 30 D
1 22 3 2 U
1 23 0 35 L
1 24 0 1 U
1 25 0 2 U
1 26 0 3 U
1 27 2 39 L
1 28 0 40 L
1 29 1 19 R
1 30 2 6 U
1 31 0 19 R
1 32 5 22 R
1 33 0 2 U
1 34 10 18 R
1 35 0 12 R
1 36 0 23 D
1 37 0 24 D
1 38 0 26 D
1 39 0 1 U
1 40 0 18 R
1 41 3 4 U
1 42 1 29 D
1 43 4 32 D
1 44 0 20 R
2 0 0 12 R
2 1 0 37 L
2 2 1 2 U
2 3 3 3 U
2 4 4 4 U
2 5 3 40 L
2 6 4 6 U
2 7 5 7 U
2 8 4 8 U
2 9 7 9 U
2 10 12 10 U
2 11 16 11 U
2 12 0 23 D
2 13 2 13 R
2 14 2 14 R
2 15 4 15 R
2 16 0 38 L
2 17 1 17 R
2 18 3 26 D
2 19 2 19 R
2 20 2 20 R
2 21 2 21 R
2 22 5 22 R
2 23 0 0 U
2 24 2 24 D
2 25 3 25 D
2 26 3 26 D
2 27 2 27 D
2 28 4 28 D
2 29 3 29 D
2 30 3 30 D
2 31 1 31 D
2 32 5 32 D
2 33 10 33 D
2 34 3 34 D
2 35 1 35 L
2 36 2 23 D
2 37 0 0 U
2 38 0 16 R
2 39 0 17 R
2 40 1 40 L
2 41 4 41 L
2 42 5 42 L
2 43 4 43 L
2 44 2 44 L
3 0 0 14 R
3 1 1 37 L
3 2 2 2 U
3 3 2 3 U
3 4 2 4 U
3 5 2 5 U
3 6 3 6 U
3 7 1 7 U
3 8 6 20 R
3 9 8 9 U
3 10 10 10 U
3 11 6 11 U
3 12 2 25 D
3 13 1 13 R
3 14 3 14 R
3 15 1 35 L
3 16 1 16 R
3 17 0 39 L
3 18 4 18 R
3 19 0 7 U
3 20 3 20 R
3 21 3 21 R
3 22 6 22 R
3 23 3 35 L
3 24 1 24 D
3 25 2 1 U
3 26 0 38 L
3 27 0 17 R
3 28 0 5 U
3 29 4 29 D
3 30 0 16 R
3 31 2 31 D
3 32 6 32 D
3 33 8 33 D
3 34 15 34 D
3 35 2 12 R
3 36 0 13 R
3 37 3 37 L
3 38 4 38 L
3 39 0 27 D
3 40 2 40 L
3 41 0 29 D
3 42 0 0 U
3 43 3 43 L
3 44 7 44 L
4 0 0 15 R
4 1 4 38 L
4 2 0 39 L
4 3 0 17 R
4 4 0 18 R
4 5 5 35 L
4 6 0 37 L
4 7 1 18 R
4 8 3 8 U
4 9 10 9 U
4 10 8 10 U
4 11 15 11 U
4 12 2 0 U
4 13 0 36 L
4 14 1 14 R
4 15 1 15 R
4 16 2 16 R
4 17 0 3 U
4 18 0 4 U
4 19 2 6 U
4 20 4 20 R
4 21 4 21 R
4 22 1 8 U
4 23 3 23 D
4 24 1 12 R
4 25 1 25 D
4 26 3 4 U
4 27 4 27 D
4 28 2 41 L
4 29 0 7 U
4 30 4 30 D
4 31 5 31 D
4 32 8 36 L
4 33 14 33 D
4 34 13 34 D
4 35 0 25 D
4 36 3 36 L
4 37 2 37 L
4 38 3 38 L
4 39 4 27 D
4 40 4 28 D
4 41 1 41 L
4 42 3 42 L
4 43 2 43 L
4 44 6 44 L
5 0 0 20 R
5 1 5 1 U
5 2 3 36 L
5 3 4 21 R
5 4 0 23 D
5 5 6 5 U
5 6 1 6 U
5 7 6 7 U
5 8 7 8 U
5 9 11 9 U
5 10 6 10 U
5 11 12 11 U
5 12 0 1 U
5 13 4 24 D
5 14 0 37 L
5 15 0 25 D
5 16 0 6 U
5 17 5 28 D
5 18 4 26 D
5 19 3 7 U
5 20 1 20 R
5 21 5 21 R
5 22 2 22 R
5 23 0 14 R
5 24 0 39 L
5 25 0 16 R
5 26 5 42 L
5 27 4 12 R
5 28 6 14 R
5 29 2 29 D
5 30 6 30 D
5 31 4 31 D
5 32 1 32 D
5 33 13 33 D
5 34 14 34 D
5 35 0 15 R
5 36 4 30 D
5 37 3 26 D
5 38 4 1 U
5 39 6 1 U
5 40 2 24 D
5 41 0 5 U
5 42 6 30 D
5 43 11 25 D
5 44 5 44 L
6 0 0 38 L
6 1 0 19 R
6 2 1 39 L
6 3 0 35 L
6 4 6 4 U
6 5 0 26 D
6 6 4 42 L
6 7 0 31 D
6 8 5 8 U
6 9 10 17 R
6 10 1 10 U
6 11 3 11 U
6 12 4 12 R
6 13 0 27 D
6 14 0 35 L
6 15 5 15 R
6 16 0 5 U
6 17 5 17 R
6 18 4 29 D
6 19 3 31 D
6 20 0 25 D
6 21 1 21 R
6 22 3 22 R
6 23 0 12 R
6 24 6 17 R
6 25 3 40 L
6 26 0 42 L
6 27 5 27 D
6 28 6 28 D
6 29 4 18 R
6 30 3 36 L
6 31 3 31 D
6 32 7 32 D
6 33 8 42 L
6 34 10 34 D
6 35 6 4 U
6 36 0 31 D
6 37 0 26 D
6 38 2 38 L
6 39 6 39 L
6 40 14 25 D
6 41 5 41 L
6 42 0 30 D
6 43 8 43 L
6 44 0 12 R
7 0 0 27 D
7 1 2 44 L
7 2 3 15 R
7 3 11 36 L
7 4 5 38 L
7 5 7 5 U
7 6 4 41 L
7 7 0 15 R
7 8 2 8 U
7 9 3 9 U
7 10 13 37 L
7 11 5 17 R
7 12 1 1 U
7 13 8 28 D
7 14 8 39 L
7 15 8 24 D
7 16 7 26 D
7 17 9 26 D
7 18 7 29 D
7 19 6 32 D
7 20 6 20 R
7 21 4 24 D
7 22 4 22 R
7 23 0 36 L
7 24 0 6 U
7 25 4 41 L
7 26 2 26 D
7 27 2 22 R
7 28 0 35 L
7 29 3 13 R
7 30 1 37 L
7 31 0 39 L
7 32 0 0 U
7 33 11 33 D
7 34 11 34 D
7 35 4 0 U
7 36 1 8 U
7 37 2 30 D
7 38 4 23 D
7 39 4 30 D
7 40 14 40 L
7 41 7 13 R
7 42 9 42 L
7 43 6 43 L
7 44 10 44 L
8 0 1 35 L
8 1 7 21 R
8 2 8 2 U
8 3 8 3 U
8 4 4 41 L
8 5 6 38 L
8 6 5 6 U
8 7 2 7 U
8 8 1 8 U
8 9 2 9 U
8 10 13 10 U
8 11 16 40 L
8 12 0 28 D
8 13 4 23 D
8 14 8 23 D
8 15 6 15 R
8 16 5 16 R
8 17 10 29 D
8 18 9 18 R
8 19 3 19 R
8 20 2 23 D
8 21 8 21 R
8 22 0 0 U
8 23 3 22 R
8 24 0 36 L
8 25 10 25 D
8 26 8 35 L
8 27 6 18 R
8 28 7 28 D
8 29 8 29 D
8 30 5 30 D
8 31 10 31 D
8 32 13 32 D
8 33 3 33 D
8 34 4 34 D
8 35 0 4 U
8 36 2 8 U
8 37 5 2 U
8 38 1 38 L
8 39 10 17 R
8 40 0 11 U
8 41 7 41 L
8 42 11 31 D
8 43 5 3 U
8 44 3 44 L
9 0 8 16 R
9 1 9 40 L
9 2 9 12 R
9 3 10 3 U
9 4 11 14 R
9 5 8 5 U
9 6 11 43 L
9 7 1 41 L
9 8 4 37 L
9 9 10 39 L
9 10 15 14 R
9 11 14 11 U
9 12 1 0 U
9 13 8 13 R
9 14 8 14 R
9 15 7 15 R
9 16 8 16 R
9 17 0 9 U
9 18 10 18 R
9 19 9 19 R
9 20 9 5 U
9 21 9 21 R
9 22 5 8 U
9 23 2 12 R
9 24 9 35 L
9 25 11 35 L
9 26 10 26 D
9 27 0 9 U
9 28 7 41 L
9 29 7 29 D
9 30 2 37 L
9 31 6 31 D
9 32 10 32 D
9 33 9 33 D
9 34 14 40 L
9 35 0 17 R
9 36 4 24 D
9 37 5 37 L
9 38 4 29 D
9 39 7 27 D
9 40 3 40 L
9 41 6 29 D
9 42 11 42 L
9 43 12 6 U
9 44 0 23 D
10 0 7 23 D
10 1 7 1 U
10 2 9 2 U
10 3 9 13 R
10 4 8 4 U
10 5 9 36 L
10 6 9 6 U
10 7 11 7 U
10 8 6 12 R
10 9 2 15 R
10 10 12 41 L
10 11 5 11 U
10 12 5 2 U
10 13 0 26 D
10 14 9 14 R
10 15 3 15 R
10 16 9 16 R
10 17 1 27 D
10 18 8 18 R
10 19 6 19 R
10 20 0 1 U
10 21 7 21 R
10 22 7 22 R
10 23 9 23 D
10 24 10 24 D
10 25 7 20 R
10 26 7 26 D
10 27 5 19 R
10 28 8 28 D
10 29 0 12 R
10 30 7 30 D
10 31 7 18 R
10 32 9 32 D
10 33 0 10 U
10 34 0 5 U
10 35 8 1 U
10 36 10 5 U
10 37 6 25 D
10 38 5 7 U
10 39 3 31 D
10 40 11 40 L
10 41 6 41 L
10 42 10 42 L
10 43 15 43 L
10 44 11 44 L
11 0 10 0 U
11 1 8 15 R
11 2 11 18 R
11 3 6 3 U
11 4 7 4 U
11 5 5 5 U
11 6 12 37 L
11 7 10 43 L
11 8 0 13 R
11 9 6 9 U
11 10 3 10 U
11 11 13 11 U
11 12 4 4 U
11 13 3 27 D
11 14 10 14 R
11 15 9 3 U
11 16 10 16 R
11 17 13 1 U
11 18 0 6 U
11 19 8 19 R
11 20 0 38 L
11 21 0 26 D
11 22 9 22 R
11 23 0 3 U
11 24 8 24 D
11 25 10 17 R
11 26 8 39 L
11 27 12 27 D
11 28 0 44 L
11 29 8 36 L
11 30 0 13 R
11 31 11 31 D
11 32 11 32 D
11 33 2 33 D
11 34 16 34 D
11 35 2 25 D
11 36 8 28 D
11 37 0 2 U
11 38 8 25 D
11 39 10 0 U
11 40 16 40 L
11 41 1 25 D
11 42 0 4 U
11 43 10 43 L
11 44 8 44 L
12 0 0 44 L
12 1 8 39 L
12 2 12 42 L
12 3 9 35 L
12 4 11 12 R
12 5 0 42 L
12 6 11 38 L
12 7 9 7 U
12 8 1 21 R
12 9 4 9 U
12 10 0 17 R
12 11 2 11 U
12 12 12 24 D
12 13 2 31 D
12 14 12 26 D
12 15 4 4 U
12 16 1 26 D
12 17 14 17 R
12 18 7 18 R
12 19 5 19 R
12 20 14 20 R
12 21 10 21 R
12 22 13 24 D
12 23 9 21 R
12 24 4 1 U
12 25 8 22 R
12 26 12 2 U
12 27 4 3 U
12 28 9 12 R
12 29 1 36 L
12 30 15 13 R
12 31 5 13 R
12 32 2 32 D
12 33 8 43 L
12 34 0 14 R
12 35 9 9 U
12 36 0 3 U
12 37 13 29 D
12 38 0 23 D
12 39 8 3 U
12 40 8 40 L
12 41 12 6 U
12 42 7 29 D
12 43 9 32 D
12 44 3 27 D
13 0 9 41 L
13 1 11 22 R
13 2 15 39 L
13 3 12 3 U
13 4 10 20 R
13 5 9 5 U
13 6 8 23 D
13 7 12 7 U
13 8 6 8 U
13 9 9 16 R
13 10 2 10 U
13 11 9 11 U
13 12 13 27 D
13 13 10 26 D
13 14 7 25 D
13 15 7 38 L
13 16 12 16 R
13 17 15 17 R
13 18 3 5 U
13 19 12 19 R
13 20 9 20 R
13 21 7 32 D
13 22 14 22 R
13 23 0 18 R
13 24 11 44 L
13 25 8 16 R
13 26 5 26 D
13 27 13 27 D
13 28 3 9 U
13 29 9 29 D
13 30 14 30 D
13 31 7 42 L
13 32 0 36 L
13 33 12 33 D
13 34 19 42 L
13 35 8 24 D
13 36 0 10 U
13 37 12 32 D
13 38 0 33 D
13 39 14 39 L
13 40 5 40 L
13 41 14 29 D
13 42 10 19 R
13 43 12 43 L
13 44 13 3 U
14 0 9 21 R
14 1 12 1 U
14 2 3 2 U
14 3 8 42 L
14 4 14 4 U
14 5 16 21 R
14 6 16 6 U
14 7 14 39 L
14 8 13 8 U
14 9 12 9 U
14 10 15 10 U
14 11 20 20 R
14 12 12 0 U
14 13 15 27 D
14 14 11 36 L
14 15 8 31 D
14 16 0 23 D
14 17 7 17 R
14 18 11 7 U
14 19 13 24 D
14 20 13 20 R
14 21 13 21 R
14 22 12 22 R
14 23 0 15 R
14 24 0 43 L
14 25 5 0 U
14 26 0 44 L
14 27 13 17 R
14 28 15 28 D
14 29 0 14 R
14 30 3 12 R
14 31 8 31 D
14 32 13 14 R
14 33 7 33 D
14 35 12 35 L
14 36 2 3 U
14 37 9 33 D
14 38 3 2 U
14 39 3 28 D
14 40 15 27 D
14 41 13 41 L
14 42 14 42 L
14 43 5 28 D
14 44 12 44 L
15 0 8 12 R
15 1 13 1 U
15 2 12 38 L
15 3 6 12 R
15 4 13 39 L
15 5 15 19 R
15 6 19 17 R
15 7 7 13 R
15 8 8 21 R
15 9 5 9 U
15 10 8 22 R
15 11 8 11 U
15 12 12 1 U
15 13 13 13 R
15 14 0 10 U
15 15 3 5 U
15 16 13 16 R
15 17 6 4 U
15 18 0 11 U
15 19 16 10 U
15 20 17 33 D
15 21 11 21 R
15 22 15 22 R
15 23 2 4 U
15 24 11 36 L
15 25 16 25 D
15 26 10 17 R
15 27 15 27 D
15 28 0 15 R
15 29 14 29 D
15 30 17 44 L
15 31 13 31 D
15 32 4 32 D
15 33 15 33 D
15 35 7 35 L
15 36 5 8 U
15 37 8 37 L
15 38 13 33 D
15 39 2 33 D
15 40 7 40 L
15 41 0 6 U
15 42 0 10 U
15 43 17 43 L
15 44 9 44 L
16 0 13 16 R
16 1 14 12 R
16 2 8 28 D
16 3 2 38 L
16 4 0 34 D
16 5 17 5 U
16 6 11 6 U
16 7 14 26 D
16 8 14 8 U
16 9 5 43 L
16 10 14 10 U
16 11 18 11 U
16 12 0 33 D
16 13 15 1 U
16 14 6 5 U
16 15 0 34 D
16 16 15 10 U
16 17 10 24 D
16 18 12 33 D
16 19 11 19 R
16 20 17 20 R
16 21 13 30 D
16 22 15 23 D
16 23 16 40 L
16 24 8 7 U
16 25 16 37 L
16 26 14 26 D
16 27 11 43 L
16 28 0 12 R
16 29 17 36 L
16 30 18 30 D
16 31 10 36 L
16 32 12 32 D
16 33 3 35 L
16 35 10 2 U
16 36 0 8 U
16 37 15 31 D
16 38 6 6 U
16 39 8 34 D
16 40 17 25 D
16 41 12 41 L
16 42 17 23 D
16 43 13 43 L
16 44 11 31 D
17 0 4 20 R
17 1 3 15 R
17 2 18 42 L
17 3 16 35 L
17 4 12 14 R
17 5 9 26 D
17 6 13 6 U
17 7 18 7 U
17 8 15 8 U
17 9 9 9 U
17 10 14 18 R
17 11 19 11 U
17 12 14 8 U
17 13 6 23 D
17 14 18 6 U
17 15 4 0 U
17 16 9 23 D
17 17 20 24 D
17 18 15 18 R
17 19 16 19 R
17 20 20 20 R
17 21 13 29 D
17 22 0 25 D
17 23 7 36 L
17 24 1 9 U
17 25 11 1 U
17 26 2 21 R
17 27 14 36 L
17 28 16 20 R
17 29 19 29 D
17 30 2 30 D
17 31 0 13 R
17 32 0 12 R
17 33 0 35 L
17 35 1 11 U
17 36 13 34 D
17 37 17 33 D
17 38 21 27 D
17 39 8 30 D
17 40 18 40 L
17 41 1 21 R
17 42 1 42 L
17 43 15 23 D
17 44 4 44 L
18 0 12 16 R
18 1 0 41 L
18 2 16 20 R
18 3 16 3 U
18 4 21 42 L
18 5 18 18 R
18 6 20 6 U
18 7 19 7 U
18 8 18 12 R
18 9 18 22 R
18 10 14 16 R
18 11 17 11 U
18 12 12 39 L
18 13 17 13 R
18 14 18 14 R
18 15 17 15 R
18 16 4 16 R
18 17 11 17 R
18 19 0 36 L
18 20 18 20 R
18 21 5 24 D
18 22 18 22 R
18 23 0 4 U
18 24 17 24 D
18 25 3 17 R
18 26 0 37 L
18 27 20 27 D
18 28 21 28 D
18 29 18 29 D
18 30 17 30 D
18 31 17 31 D
18 32 15 32 D
18 33 16 7 U
18 35 1 5 U
18 36 3 1 U
18 37 17 31 D
18 38 14 38 L
18 39 17 39 L
18 40 17 40 L
18 41 20 41 L
18 42 19 42 L
18 43 16 43 L
18 44 16 44 L
19 0 15 13 R
19 1 18 1 U
19 2 20 2 U
19 3 14 44 L
19 4 22 4 U
19 5 18 5 U
19 6 17 6 U
19 7 13 7 U
19 8 19 8 U
19 9 17 9 U
19 10 18 14 R
19 11 18 37 L
19 12 15 5 U
19 13 18 31 D
19 14 15 26 D
19 15 18 28 D
19 16 17 1 U
19 17 20 17 R
19 19 18 19 R
19 20 19 6 U
19 21 11 24 D
19 22 16 22 R
19 23 11 40 L
19 24 2 0 U
19 25 11 14 R
19 26 17 26 D
19 27 19 41 L
19 28 19 28 D
19 29 17 29 D
19 30 16 30 D
19 31 16 31 D
19 32 4 44 L
19 33 19 33 D
19 35 19 35 L
19 36 17 24 D
19 37 16 37 L
19 38 22 38 L
19 39 14 32 D
19 40 15 40 L
19 41 15 41 L
19 42 15 29 D
19 43 18 34 D
19 44 20 11 U
20 0 16 43 L
20 1 15 1 U
20 2 18 2 U
20 3 11 3 U
20 4 20 4 U
20 5 11 5 U
20 6 19 20 R
20 7 8 7 U
20 8 11 8 U
20 9 14 15 R
20 10 4 10 U
20 11 20 11 U
20 12 2 3 U
20 13 11 2 U
20 14 15 28 D
20 15 18 15 R
20 16 18 16 R
20 17 18 30 D
20 19 20 19 R
20 20 18 26 D
20 21 16 21 R
20 22 20 22 R
20 23 19 23 D
20 24 0 4 U
20 25 26 25 D
20 26 9 14 R
20 27 22 27 D
20 28 17 17 R
20 29 16 29 D
20 30 0 0 U
20 31 17 37 L
20 32 14 32 D
20 33 2 14 R
20 35 16 35 L
20 36 18 36 L
20 37 12 3 U
20 38 18 38 L
20 39 9 10 U
20 40 10 40 L
20 41 14 41 L
20 42 13 42 L
20 43 18 43 L
20 44 2 11 U
21 0 21 40 L
21 1 14 19 R
21 2 12 35 L
21 3 22 12 R
21 4 18 4 U
21 5 22 13 R
21 6 19 36 L
21 7 15 7 U
21 8 19 26 D
21 9 15 9 U
21 10 17 10 U
21 11 4 11 U
21 12 21 24 D
21 13 21 28 D
21 14 21 14 R
21 15 22 15 R
21 16 16 16 R
21 17 16 39 L
21 19 19 23 D
21 20 2 26 D
21 21 16 38 L
21 22 19 22 R
21 23 5 9 U
21 24 5 24 D
21 25 24 25 D
21 26 13 12 R
21 27 21 27 D
21 28 20 4 U
21 29 19 38 L
21 30 22 30 D
21 31 3 3 U
21 33 18 33 D
21 35 16 32 D
21 36 8 36 L
21 37 4 23 D
21 38 19 38 L
21 39 20 23 D
21 40 21 29 D
21 41 20 31 D
21 42 21 30 D
21 43 13 9 U
22 0 21 39 L
22 1 16 1 U
22 2 19 2 U
22 3 6 23 D
22 4 24 15 R
22 5 21 5 U
22 6 24 17 R
22 7 7 7 U
22 8 18 8 U
22 9 23 9 U
22 10 19 10 U
22 11 10 11 U
22 12 15 7 U
22 13 21 11 U
22 14 11 28 D
22 15 19 3 U
22 16 19 16 R
22 17 25 23 D
22 19 11 26 D
22 21 21 21 R
22 23 22 14 R
22 24 10 37 L
22 25 26 36 L
22 26 19 40 L
22 27 0 5 U
22 28 20 28 D
22 29 20 29 D
22 30 17 43 L
22 31 21 31 D
22 33 0 41 L
22 35 7 2 U
22 36 19 30 D
22 37 13 27 D
22 38 22 0 U
22 39 21 39 L
22 40 20 0 U
22 41 21 41 L
22 42 17 42 L
22 43 26 24 D
23 0 16 13 R
23 1 16 12 R
23 2 0 35 L
23 3 25 3 U
23 4 25 4 U
23 5 26 12 R
23 6 24 6 U
23 8 22 8 U
23 9 20 9 U
23 11 21 15 R
23 12 22 0 U
23 13 6 29 D
23 14 20 23 D
23 15 20 15 R
23 16 19 24 D
23 17 25 17 R
23 21 26 21 R
23 23 20 19 R
23 24 20 13 R
23 25 19 25 D
23 28 21 14 R
23 29 23 29 D
23 30 24 30 D
23 31 22 39 L
23 33 22 33 D
23 35 10 16 R
23 36 20 13 R
23 37 21 37 L
23 38 16 28 D
23 39 10 23 D
23 40 9 1 U
23 43 19 43 L
24 0 23 15 R
24 2 22 2 U
24 3 19 3 U
24 4 24 4 U
24 5 24 5 U
24 6 2 6 U
24 9 25 16 R
24 11 21 11 U
24 12 22 40 L
24 13 20 33 D
24 14 24 9 U
24 15 19 24 D
24 16 21 40 L
24 17 22 17 R
24 21 19 21 R
24 23 17 40 L
24 24 23 36 L
24 25 20 25 D
24 29 22 29 D
24 30 10 30 D
24 33 20 33 D
24 35 22 35 L
24 36 2 4 U
24 37 4 25 D
24 38 17 38 L
24 39 23 30 D
24 40 19 9 U
24 43 25 43 L
25 0 26 39 L
25 2 23 2 U
25 3 22 3 U
25 4 23 4 U
25 5 23 5 U
25 9 26 9 U
25 11 22 35 L
25 12 25 23 D
25 13 21 29 D
25 14 25 14 R
25 15 25 33 D
25 16 26 16 R
25 17 21 6 U
25 23 12 38 L
25 24 24 0 U
25 25 27 25 D
25 29 11 37 L
25 30 8 21 R
25 35 21 35 L
25 36 16 13 R
25 37 13 37 L
25 38 8 38 L
25 39 23 39 L
25 40 18 29 D
25 43 26 43 L
26 0 25 13 R
26 2 24 2 U
26 3 18 3 U
26 5 16 5 U
26 9 25 35 L
26 11 22 11 U
26 12 0 36 L
26 13 16 2 U
26 14 23 3 U
26 15 26 15 R
26 16 11 16 R
26 17 27 17 R
26 23 18 36 L
26 24 26 24 D
26 25 17 25 D
26 29 21 29 D
26 35 20 30 D
26 37 11 37 L
26 38 24 24 D
26 40 21 40 L
26 43 23 43 L
27 0 24 43 L
27 2 21 13 R
27 3 20 3 U
27 5 22 5 U
27 12 24 12 R
27 13 25 30 D
27 15 25 15 R
27 16 16 26 D
27 23 17 0 U
27 25 9 25 D
27 29 8 16 R
27 35 13 11 U
27 37 24 37 L
27 43 22 43 L

