29 27 653
8 17 0 0 0 4 17 11 2 6 0 23 8 8
12 0 0 15 0 0 0 0 17 10 22 24 13 19
10 24 10 0 4 26 4 0 0 13 0 0 0 0
12 0 0 14 0 10 0 10 0 14 21 0 13 6
10 28 0 24 0 0 0 0 0 16 16 0 22 22
17 18 0 0 17 0 0 10 21 19 0 23 13 7
5 7 19 2 0 12 14 0 0 0 22 0 6 10
25 14 12 0 5 14 20 27 0 28 0 0 0 0
23 0 0 24 9 0 0 24 23 0 25 18 0 8
17 11 0 27 0 1 0 0 5 11 13 0 0 0
17 2 26 25 10 16 20 4 0 0 18 0 27 18
21 21 0 0 22 19 0 0 0 0 20 19 3 22
0 14 25 0 6 12 0 0 0 0 25 0 26 15
5 19 7 0 0 15 18 2 27 20 19 13 22 22
0 0 0 0 U
0 1 0 1 U
0 2 0 2 U
0 3 0 3 U
0 4 0 4 U
0 5 0 5 U
0 6 0 6 R
0 7 0 7 R
0 8 0 8 R
0 9 0 9 R
0 10 0 10 R
0 11 0 11 R
0 12 0 12 R
0 13 0 13 D
0 14 0 14 D
0 15 0 15 D
0 16 0 16 D
0 17 0 17 D
0 18 0 18 D
0 19 0 19 L
0 20 0 20 L
0 21 0 21 L
0 22 0 22 L
0 23 0 23 L
0 24 0 24 L
0 25 0 25 L
0 26 0 26 L
1 0 8 0 U
1 1 8 1 U
1 2 9 2 U
1 3 13 10 R
1 4 3 8 R
1 5 5 24 L
1 6 6 13 D
1 7 0 0 U
1 8 5 8 R
1 9 3 9 R
1 10 12 4 U
1 11 2 17 D
1 12 8 12 R
1 13 10 20 L
1 14 22 20 L
1 15 15 15 D
1 16 12 11 R
1 17 8 24 L
1 18 3 18 D
1 19 0 3 U
1 20 14 14 D
1 21 4 21 L
1 22 6 22 L
1 23 11 5 U
1 24 21 24 L
1 25 9 25 L
2 0 3 11 R
2 1 6 8 R
2 2 22 2 U
2 3 11 24 L
2 4 1 19 L
2 5 4 12 R
2 6 12 14 D
2 7 19 3 U
2 8 11 2 U
2 9 8 9 R
2 10 6 10 R
2 11 5 11 R
2 12 10 12 R
2 13 19 9 R
2 14 14 14 D
2 15 13 25 L
2 16 7 19 L
2 17 14 17 D
2 18 1 18 D
2 19 13 13 D
2 20 24 20 L
2 21 13 3 U
2 22 7 13 D
2 23 1 23 L
2 24 4 24 L
2 25 1 25 L
2 26 14 26 L
3 0 14 26 L
3 1 4 19 L
3 2 0 12 R
3 3 0 7 R
3 4 16 4 U
3 5 1 10 R
3 6 6 15 D
3 7 6 2 U
3 8 23 13 D
3 9 15 0 U
3 10 15 10 R
3 11 10 11 R
3 12 11 12 R
3 13 0 1 U
3 14 19 4 U
3 15 8 7 R
3 16 14 16 D
3 17 0 9 R
3 18 18 18 D
3 19 20 0 U
3 20 5 15 D
3 21 7 21 L
3 22 23 5 U
3 23 5 23 L
3 24 18 16 D
3 25 1 25 L
4 0 10 7 R
4 1 10 6 R
4 2 2 9 R
4 3 14 7 R
4 4 2 20 L
4 5 5 7 R
4 6 3 1 U
4 7 0 17 D
4 8 12 8 R
4 9 2 1 U
4 10 7 16 D
4 11 3 11 R
4 12 2 12 R
4 13 17 13 D
4 14 1 10 R
4 15 8 25 L
4 16 10 16 D
4 17 9 8 R
4 18 5 18 D
4 19 5 5 U
4 20 0 12 R
4 21 10 15 D
4 22 1 13 D
4 23 7 23 L
4 24 22 13 D
4 25 0 18 D
5 0 2 12 R
5 1 2 20 L
5 2 19 20 L
5 3 20 9 R
5 4 21 19 L
5 5 14 8 R
5 6 12 13 D
5 7 14 15 D
5 8 1 8 R
5 9 18 18 D
5 10 12 10 R
5 11 19 11 R
5 12 3 1 U
5 13 6 7 R
5 14 6 4 U
5 15 17 10 R
5 16 15 19 L
5 17 2 17 D
5 18 3 11 R
5 19 2 1 U
5 20 11 17 D
5 21 6 14 D
5 22 15 22 L
5 23 1 16 D
5 24 19 3 U
5 25 1 14 D
6 0 0 16 D
6 1 0 19 L
6 2 0 24 L
6 3 0 8 R
6 4 23 9 R
6 5 17 7 R
6 6 22 19 L
6 7 8 14 D
6 8 10 8 R
6 9 17 16 D
6 10 9 2 U
6 11 0 4 U
6 12 4 12 R
6 13 0 19 L
6 14 5 19 L
6 15 16 15 D
6 16 2 5 U
6 17 2 10 R
6 18 13 18 D
6 19 1 1 U
6 20 22 1 U
6 21 16 0 U
6 22 0 14 D
6 23 3 23 L
6 24 20 15 D
6 25 5 25 L
7 0 2 20 L
7 1 12 23 L
7 2 14 9 R
7 3 11 20 L
7 4 12 21 L
7 5 2 5 U
7 6 9 13 D
7 7 20 20 L
7 8 21 18 D
7 9 22 9 R
7 10 12 3 U
7 11 11 11 R
7 12 2 0 U
7 13 0 6 R
7 14 1 19 L
7 15 1 3 U
7 16 15 16 D
7 17 23 23 L
7 18 10 0 U
7 19 14 4 U
7 20 6 20 L
7 21 3 16 D
7 22 13 22 L
7 23 4 23 L
7 24 3 17 D
7 25 24 25 L
8 0 0 17 D
8 1 15 1 U
8 2 9 22 L
8 3 0 15 D
8 4 0 25 L
8 5 17 22 L
8 6 0 14 D
8 7 19 7 R
8 8 10 23 L
8 9 0 20 L
8 10 9 10 R
8 11 22 23 L
8 12 20 16 D
8 13 19 19 L
8 14 12 25 L
8 15 13 7 R
8 16 3 12 R
8 17 12 6 R
8 18 2 19 L
8 19 16 17 D
8 20 10 4 U
8 21 1 15 D
8 22 0 1 U
8 23 2 14 D
8 24 10 16 D
8 25 4 25 L
8 26 9 6 R
9 0 7 19 L
9 1 0 20 L
9 2 21 16 D
9 3 10 7 R
9 4 7 4 U
9 5 8 19 L
9 6 8 18 D
9 7 23 3 U
9 8 21 4 U
9 9 6 9 R
9 10 0 16 D
9 11 16 11 R
9 12 16 12 R
9 13 24 19 L
9 14 0 7 R
9 15 14 8 R
9 16 24 20 L
9 17 8 6 R
9 18 0 21 L
9 19 10 0 U
9 20 1 3 U
9 21 0 4 U
9 22 16 3 U
9 23 7 15 D
9 24 24 24 L
9 25 10 25 L
10 0 3 0 U
10 1 14 9 R
10 2 7 12 R
10 3 22 3 U
10 4 0 11 R
10 5 18 11 R
10 6 16 1 U
10 7 9 4 U
10 8 7 8 R
10 9 2 9 R
10 10 2 10 R
10 11 11 13 D
10 12 8 2 U
10 13 1 6 R
10 14 15 8 R
10 15 2 21 L
10 16 0 10 R
10 17 0 1 U
10 18 18 18 D
10 19 11 19 L
10 20 17 18 D
10 21 0 5 U
10 22 0 4 U
10 23 9 18 D
10 24 7 24 L
10 25 25 13 D
11 0 15 10 R
11 1 17 6 R
11 2 14 21 L
11 3 0 20 L
11 4 24 25 L
11 5 14 12 R
11 6 3 0 U
11 7 1 20 L
11 8 7 15 D
11 9 26 13 D
11 10 12 18 D
11 11 2 4 U
11 12 19 17 D
11 13 15 10 R
11 14 18 9 R
11 15 21 20 L
11 16 10 7 R
11 17 22 17 D
11 18 7 7 R
11 19 8 14 D
11 20 14 5 U
11 21 0 15 D
11 22 10 22 L
11 23 13 23 L
11 24 14 11 R
11 25 13 25 L
12 0 20 25 L
12 1 0 14 D
12 2 5 21 L
12 3 23 11 R
12 4 18 9 R
12 5 2 5 U
12 6 1 1 U
12 7 0 21 L
12 8 17 14 D
12 9 2 9 R
12 10 2 10 R
12 11 3 11 R
12 12 2 1 U
12 13 7 23 L
12 14 19 22 L
12 15 15 22 L
12 16 2 9 R
12 17 21 24 L
12 18 9 23 L
12 19 9 4 U
12 20 5 3 U
12 21 2 21 L
12 22 7 2 U
12 23 4 23 L
12 24 4 13 D
12 25 2 25 L
13 0 0 6 R
13 1 3 19 L
13 2 25 6 R
13 3 17 23 L
13 4 7 21 L
13 5 10 5 U
13 6 11 0 U
13 7 7 13 D
13 8 22 1 U
13 9 16 9 R
13 10 18 10 R
13 11 7 5 U
13 12 12 12 R
13 13 6 22 L
13 14 20 24 L
13 15 22 15 D
13 16 12 25 L
13 17 10 4 U
13 18 7 18 D
13 19 9 7 R
13 20 1 1 U
13 21 1 21 L
13 22 6 22 L
13 23 1 23 L
13 24 25 24 L
13 25 9 5 U
14 0 23 12 R
14 1 16 10 R
14 2 16 2 U
14 3 3 6 R
14 4 1 4 U
14 5 2 5 U
14 6 4 16 D
14 7 21 7 R
14 8 17 8 R
14 9 9 19 L
14 10 1 10 R
14 11 10 11 R
14 12 4 12 R
14 13 21 13 D
14 14 4 6 R
14 15 5 8 R
14 16 26 25 L
14 17 10 11 R
14 18 16 18 D
14 19 0 16 D
14 20 4 0 U
14 21 10 21 L
14 22 6 16 D
14 23 26 15 D
14 24 23 17 D
14 25 3 25 L
15 0 13 6 R
15 1 1 6 R
15 2 22 7 R
15 3 4 3 U
15 4 25 21 L
15 5 0 21 L
15 6 8 0 U
15 7 11 16 D
15 8 25 8 R
15 9 19 21 L
15 10 0 23 L
15 11 23 20 L
15 12 16 1 U
15 13 4 13 D
15 14 10 1 U
15 16 0 4 U
15 17 9 25 L
15 18 2 23 L
15 19 7 16 D
15 20 22 5 U
15 21 9 1 U
15 22 2 10 R
15 23 1 1 U
15 24 0 6 R
15 25 10 15 D
16 0 11 8 R
16 1 11 12 R
16 2 20 2 U
16 3 1 8 R
16 4 17 4 U
16 5 3 5 U
16 6 1 3 U
16 7 1 7 R
16 8 12 18 D
16 10 22 1 U
16 11 20 2 U
16 12 23 12 R
16 13 3 0 U
16 14 19 6 R
16 15 20 6 R
16 16 0 8 R
16 17 1 17 D
16 18 1 18 D
16 19 0 2 U
16 20 3 2 U
16 21 5 21 L
16 22 7 4 U
16 23 13 2 U
16 24 11 24 L
16 25 1 13 D
17 0 15 19 L
17 1 11 20 L
17 2 15 11 R
17 3 21 22 L
17 4 5 7 R
17 5 7 20 L
17 6 0 13 D
17 7 18 0 U
17 8 0 2 U
17 10 13 14 D
17 11 11 16 D
17 12 12 0 U
17 13 10 9 R
17 14 8 14 D
17 15 15 25 L
17 16 3 4 U
17 17 16 17 D
17 18 1 21 L
17 19 3 17 D
17 20 15 13 D
17 21 15 8 R
17 22 21 0 U
17 23 10 14 D
17 24 0 15 D
17 25 3 9 R
18 0 2 11 R
18 1 16 1 U
18 2 0 7 R
18 4 19 20 L
18 5 9 5 U
18 6 3 20 L
18 7 0 1 U
18 8 10 5 U
18 10 10 13 D
18 11 14 16 D
18 12 11 5 U
18 13 20 24 L
18 14 14 14 D
18 15 16 4 U
18 16 17 22 L
18 17 11 17 D
18 18 1 18 D
18 19 2 13 D
18 20 0 13 D
18 21 4 2 U
18 22 1 12 R
18 23 16 23 L
18 24 10 1 U
18 25 3 7 R
19 0 1 25 L
19 1 4 21 L
19 2 15 21 L
19 4 23 22 L
19 5 9 17 D
19 7 14 7 R
19 8 9 4 U
19 10 0 22 L
19 11 1 22 L
19 12 2 12 R
19 13 10 23 L
19 14 5 9 R
19 15 0 5 U
19 16 23 24 L
19 17 14 17 D
19 18 0 2 U
19 19 0 0 U
19 20 6 2 U
19 21 10 16 D
19 22 5 0 U
19 23 3 1 U
19 24 2 24 L
19 25 1 16 D
20 0 18 0 U
20 1 7 24 L
20 3 17 3 U
20 4 14 6 R
20 5 18 5 U
20 6 19 15 D
20 7 6 20 L
20 8 19 16 D
20 10 18 10 R
20 11 1 11 R
20 12 21 20 L
20 13 17 2 U
20 14 16 9 R
20 15 19 23 L
20 16 1 16 D
20 17 0 12 R
20 18 1 18 D
20 19 16 3 U
20 20 3 20 L
20 21 11 21 L
20 22 10 4 U
20 23 16 17 D
20 24 2 24 L
20 25 3 0 U
21 1 19 1 U
21 2 1 23 L
21 3 23 21 L
21 4 7 24 L
21 5 16 10 R
21 6 12 17 D
21 7 3 0 U
21 8 6 8 R
21 10 10 15 D
21 11 20 1 U
21 12 12 5 U
21 13 0 3 U
21 14 0 20 L
21 15 13 19 L
21 16 24 22 L
21 17 1 10 R
21 19 23 2 U
21 20 7 16 D
21 21 7 21 L
21 22 0 2 U
21 23 7 16 D
21 24 9 24 L
21 25 9 25 L
22 0 24 8 R
22 1 17 19 L
22 2 15 14 D
22 4 10 4 U
22 5 4 5 U
22 6 0 15 D
22 7 0 22 L
22 8 18 17 D
22 9 13 9 R
22 10 1 10 R
22 11 1 11 R
22 12 13 17 D
22 13 3 21 L
22 14 20 14 D
22 15 0 23 L
22 16 9 23 L
22 17 6 3 U
22 19 25 16 D
22 20 2 14 D
22 21 10 0 U
22 24 20 12 R
22 25 21 18 D
23 0 0 22 L
23 1 24 7 R
23 2 4 9 R
23 4 4 17 D
23 5 1 25 L
23 6 0 19 L
23 7 13 18 D
23 8 3 20 L
23 9 18 2 U
23 11 0 15 D
23 13 17 1 U
23 14 8 3 U
23 16 2 24 L
23 17 21 20 L
23 18 10 19 L
23 19 1 14 D
23 20 4 20 L
23 21 6 17 D
23 22 18 18 D
23 23 4 14 D
23 24 10 24 L
23 25 16 25 L
24 0 27 8 R
24 1 14 10 R
24 3 12 19 L
24 4 0 9 R
24 6 3 2 U
24 7 10 0 U
24 8 1 1 U
24 9 21 3 U
24 10 2 1 U
24 11 7 11 R
24 12 1 0 U
24 13 20 11 R
24 14 9 24 L
24 15 3 12 R
24 16 1 16 D
24 17 17 21 L
24 19 1 15 D
24 20 3 15 D
24 21 14 14 D
24 23 0 13 D
25 1 3 10 R
25 3 10 12 R
25 7 14 7 R
25 11 2 11 R
25 13 7 3 U
25 14 6 21 L
25 16 21 6 R
25 17 20 12 R
25 19 17 1 U
25 20 24 17 D
25 21 19 5 U
25 23 2 23 L
26 1 16 25 L
26 2 4 23 L
26 7 3 7 R
26 9 0 15 D
26 11 10 11 R
26 13 8 13 D
26 16 3 21 L
26 21 21 3 U
27 1 7 8 R
27 13 25 0 U
27 16 3 16 D
27 21 7 14 D
27 23 9 23 L
28 1 20 1 U
28 16 24 23 L

