20 21 360
15 11 0 0 0 0 15 12 0 15 5 15 0 5
0 0 1 0 0 0 5 16 0 3 0 18 17 0
0 0 18 0 0 0 15 9 10 14 14 0 0 13
0 0 4 0 0 0 16 0 0 0 0 0 0 0
0 0 0 0 11 0 12 0 0 0 0 0 0 0
0 0 11 14 0 14 0 0 0 0 2 19 0 0
0 1 0 16 7 0 0 0 0 0 0 0 0 0
0 12 16 9 5 0 0 9 10 0 0 19 0 0
0 0 0 0 0 0 17 0 0 0 0 0 0 0
0 0 16 0 17 16 9 0 8 12 0 0 0 0
0 1 0 0 5 0 2 0 16 0 0 0 0 0
0 1 0 18 3 0 0 0 0 13 16 9 18 17
16 17 4 15 0 7 0 10 5 0 0 0 0 0
7 0 17 0 0 0 8 0 0 7 0 14 0 14
0 0 0 0 U
0 1 0 1 U
0 2 0 2 U
0 3 0 3 U
0 4 0 4 U
0 5 0 5 U
0 6 0 6 R
0 7 0 7 R
0 8 0 8 R
0 9 0 9 R
0 10 0 10 R
0 11 0 11 D
0 12 0 12 D
0 13 0 13 D
0 14 0 14 D
0 15 0 15 D
0 16 0 16 L
0 17 0 17 L
0 18 0 18 L
0 19 0 19 L
0 20 0 20 L
1 0 13 0 U
1 1 15 1 U
1 2 12 2 U
1 3 3 9 R
1 4 4 4 U
1 5 8 14 D
1 6 5 12 D
1 7 6 18 L
1 8 5 8 R
1 9 15 2 U
1 10 6 10 R
1 11 2 9 R
1 12 13 12 D
1 13 8 8 R
1 14 0 8 R
1 15 11 15 D
1 16 0 1 U
1 17 6 17 L
1 18 2 15 D
1 19 6 14 D
1 20 5 20 L
2 0 11 12 D
2 1 10 6 R
2 2 4 2 U
2 3 8 18 L
2 4 7 4 U
2 5 7 5 U
2 6 3 14 D
2 7 0 2 U
2 8 10 12 D
2 9 5 9 R
2 10 3 1 U
2 11 0 7 R
2 12 5 16 L
2 13 3 13 D
2 14 4 14 D
2 15 1 15 D
2 16 7 15 D
2 17 12 12 D
2 18 9 13 D
2 19 0 10 R
2 20 15 20 L
3 0 0 6 R
3 1 7 1 U
3 2 2 2 U
3 3 10 13 D
3 4 8 4 U
3 5 10 6 R
3 6 7 11 D
3 7 10 7 R
3 8 14 3 U
3 9 12 9 R
3 10 7 3 U
3 11 10 19 L
3 12 9 16 L
3 13 17 3 U
3 14 14 4 U
3 15 15 15 D
3 16 6 11 D
3 17 14 7 R
3 18 0 14 D
3 19 8 2 U
3 20 9 12 D
4 0 7 18 L
4 1 2 1 U
4 2 1 2 U
4 3 2 3 U
4 4 2 4 U
4 5 1 5 U
4 6 3 0 U
4 7 11 3 U
4 8 14 13 D
4 9 3 18 L
4 10 9 11 D
4 11 1 11 D
4 12 0 6 R
4 13 0 1 U
4 14 2 14 D
4 15 13 15 D
4 16 0 6 R
4 17 3 12 D
4 18 1 18 L
4 19 7 15 D
4 20 8 4 U
5 0 0 20 L
5 1 0 16 L
5 2 9 2 U
5 3 0 8 R
5 4 14 18 L
5 5 2 9 R
5 6 8 16 L
5 7 1 7 R
5 8 4 8 R
5 9 1 9 R
5 10 10 2 U
5 11 13 8 R
5 12 7 18 L
5 13 13 7 R
5 14 3 9 R
5 15 6 15 D
5 16 14 13 D
5 17 0 12 D
5 18 8 18 L
5 19 12 19 L
5 20 1 5 U
6 0 2 18 L
6 1 0 11 D
6 2 2 8 R
6 3 11 7 R
6 4 0 7 R
6 5 1 5 U
6 6 10 14 D
6 7 3 12 D
6 8 14 8 R
6 9 1 5 U
6 10 5 10 R
6 11 10 10 R
6 12 1 8 R
6 13 2 17 L
6 14 7 14 D
6 15 15 17 L
6 16 0 0 U
6 17 8 0 U
6 18 7 2 U
6 19 1 19 L
6 20 1 0 U
7 0 0 17 L
7 1 11 8 R
7 2 14 8 R
7 3 6 3 U
7 4 4 16 L
7 5 8 9 R
7 6 14 13 D
7 7 10 1 U
7 8 5 5 U
7 9 0 18 L
7 10 9 5 U
7 11 2 11 D
7 12 4 12 D
7 13 0 2 U
7 14 0 3 U
7 15 2 15 D
7 16 15 13 D
7 17 8 14 D
7 18 11 1 U
7 19 14 4 U
7 20 15 11 D
8 0 1 8 R
8 1 3 16 L
8 2 0 7 R
8 3 13 3 U
8 4 2 6 R
8 5 3 5 U
8 6 7 15 D
8 7 0 0 U
8 8 0 16 L
8 9 11 15 D
8 10 16 10 R
8 11 14 7 R
8 12 6 10 R
8 13 5 13 D
8 14 3 19 L
8 15 6 7 R
8 16 6 5 U
8 17 6 2 U
8 18 3 18 L
8 19 1 15 D
8 20 1 20 L
9 0 0 18 L
9 1 7 6 R
9 2 3 2 U
9 3 1 8 R
9 4 4 7 R
9 5 0 14 D
9 6 0 13 D
9 7 0 14 D
9 8 0 17 L
9 9 12 0 U
9 10 5 10 R
9 11 6 6 R
9 12 16 19 L
9 13 7 13 D
9 14 11 18 L
9 15 3 15 D
9 16 10 16 L
9 17 2 17 L
9 18 14 15 D
9 19 1 19 L
9 20 7 13 D
10 0 0 12 D
10 1 9 7 R
10 2 9 16 L
10 3 11 19 L
10 4 7 17 L
10 5 12 8 R
10 6 16 2 U
10 7 4 11 D
10 8 11 4 U
10 9 5 9 R
10 11 0 0 U
10 12 6 19 L
10 13 13 19 L
10 14 15 16 L
10 15 14 20 L
10 16 11 12 D
10 17 1 17 L
10 18 5 18 L
10 19 11 3 U
10 20 3 20 L
11 0 9 11 D
11 1 3 9 R
11 2 5 6 R
11 3 13 6 R
11 4 12 19 L
11 5 4 5 U
11 6 0 11 D
11 7 10 11 D
11 8 7 1 U
11 9 10 5 U
11 11 7 20 L
11 12 6 8 R
11 13 0 18 L
11 14 9 14 D
11 15 4 15 D
11 16 0 11 D
11 17 0 7 R
11 18 2 14 D
11 19 12 13 D
12 0 11 11 D
12 1 2 1 U
12 2 0 13 D
12 3 2 6 R
12 4 6 11 D
12 5 1 5 U
12 6 3 16 L
12 7 10 14 D
12 8 9 14 D
12 9 8 9 R
12 10 1 3 U
12 11 8 17 L
12 12 4 6 R
12 13 4 13 D
12 14 5 9 R
12 15 3 8 R
12 16 4 6 R
12 17 6 1 U
12 18 11 5 U
12 19 6 19 L
12 20 8 2 U
13 0 15 16 L
13 1 16 20 L
13 2 11 9 R
13 3 11 3 U
13 4 5 7 R
13 5 1 5 U
13 6 7 3 U
13 7 7 3 U
13 8 9 1 U
13 9 4 4 U
13 11 12 9 R
13 12 12 8 R
13 13 3 13 D
13 14 1 14 D
13 15 2 17 L
13 16 5 14 D
13 17 0 2 U
13 18 1 3 U
13 19 14 19 L
14 0 17 20 L
14 1 1 17 L
14 2 2 10 R
14 3 8 14 D
14 4 11 12 D
14 6 15 6 R
14 7 6 2 U
14 8 8 2 U
14 9 11 19 L
14 11 4 0 U
14 12 1 20 L
14 13 9 6 R
14 14 10 17 L
14 15 0 4 U
14 16 16 1 U
14 17 0 15 D
14 18 12 3 U
14 19 15 8 R
14 20 5 20 L
15 0 14 17 L
15 1 3 6 R
15 2 2 16 L
15 3 4 3 U
15 4 12 14 D
15 5 3 9 R
15 6 8 13 D
15 7 9 7 R
15 8 17 0 U
15 9 9 16 L
15 11 1 8 R
15 12 14 20 L
15 13 8 16 L
15 14 3 14 D
15 15 12 10 R
15 16 2 14 D
15 17 13 11 D
15 18 12 2 U
15 19 0 4 U
16 0 5 0 U
16 2 2 2 U
16 3 7 7 R
16 4 5 4 U
16 6 12 16 L
16 7 9 5 U
16 8 3 11 D
16 9 17 13 D
16 11 2 6 R
16 13 0 9 R
16 14 7 2 U
16 15 9 19 L
16 18 18 0 U
16 19 13 19 L
17 0 15 17 L
17 2 0 12 D
17 6 19 1 U
17 7 10 13 D
17 9 16 1 U
17 11 2 16 L
17 13 4 1 U
17 15 5 10 R
17 18 1 18 L
18 0 19 7 R
18 2 2 9 R
18 7 4 0 U
18 11 10 7 R
18 13 8 6 R
18 15 8 15 D
19 0 2 0 U
19 7 13 15 D
19 13 18 0 U
19 15 4 15 D

