27 34 790
23 25 23 9 6 16 24 23 17 0 0 0 19 4
0 20 23 14 0 10 0 10 1 2 3 19 21 0
0 0 0 24 0 22 0 19 16 0 17 0 0 0
0 0 0 0 15 0 0 19 0 1 22 0 0 0
0 0 0 0 0 0 0 0 0 0 9 0 0 0
0 21 0 19 2 21 0 15 0 18 0 0 0 0
0 0 0 8 13 23 0 13 0 0 9 0 0 0
14 16 22 0 15 0 0 16 25 5 26 6 12 18
18 20 24 18 0 0 0 3 0 23 9 0 12 13
0 22 13 24 0 8 0 2 1 0 24 6 16 0
0 0 0 0 0 21 24 0 6 0 4 7 0 8
5 20 0 0 0 23 0 0 0 0 6 0 0 22
18 0 18 5 20 0 18 0 0 23 11 0 16 0
24 0 0 21 17 13 0 14 11 0 20 22 16 17
0 0 0 0 R
0 1 0 1 R
0 2 0 2 R
0 3 0 3 R
0 4 0 4 R
0 5 0 5 R
0 6 0 6 R
0 7 0 7 R
0 8 0 8 U
0 9 0 9 U
0 10 0 10 U
0 11 0 11 U
0 12 0 12 U
0 13 0 13 U
0 14 0 14 U
0 15 0 15 U
0 16 0 16 U
0 17 0 17 D
0 18 0 18 D
0 19 0 19 D
0 20 0 20 D
0 21 0 21 D
0 22 0 22 D
0 23 0 23 D
0 24 0 24 D
0 25 0 25 D
0 26 0 26 L
0 27 0 27 L
0 28 0 28 L
0 29 0 29 L
0 30 0 30 L
0 31 0 31 L
0 32 0 32 L
0 33 0 33 L
1 0 14 17 D
1 1 4 9 U
1 2 20 9 U
1 3 2 9 U
1 4 8 17 D
1 5 4 11 U
1 6 9 14 U
1 7 13 15 U
1 8 15 21 D
1 9 11 3 R
1 10 15 1 R
1 11 0 3 R
1 12 4 12 U
1 13 9 0 R
1 14 4 14 U
1 15 0 24 D
1 16 2 16 U
1 17 13 8 U
1 18 2 29 L
1 19 7 2 R
1 20 2 0 R
1 21 9 21 D
1 22 8 7 R
1 23 3 23 D
1 24 15 24 D
1 25 0 3 R
1 26 21 8 U
1 27 5 27 L
1 28 20 14 U
1 29 10 29 L
1 30 11 30 L
1 31 22 9 U
1 32 12 10 U
1 33 8 33 L
2 0 18 20 D
2 1 0 8 U
2 2 13 12 U
2 3 12 8 U
2 4 18 8 U
2 5 12 13 U
2 6 0 28 L
2 7 12 13 U
2 8 0 20 D
2 9 0 1 R
2 10 0 27 L
2 11 11 29 L
2 12 1 26 L
2 13 15 20 D
2 14 0 31 L
2 15 0 2 R
2 16 13 16 U
2 17 4 33 L
2 18 6 4 R
2 19 8 6 R
2 20 11 5 R
2 21 9 21 D
2 22 3 22 D
2 23 12 31 L
2 24 4 24 D
2 25 7 25 D
2 26 9 16 U
2 27 0 1 R
2 28 13 28 L
2 29 1 10 U
2 30 11 9 U
2 31 5 13 U
2 32 23 32 L
2 33 7 15 U
3 0 15 26 L
3 1 4 10 U
3 2 12 30 L
3 3 14 19 D
3 4 8 12 U
3 5 11 12 U
3 6 4 17 D
3 7 4 7 R
3 8 9 6 R
3 9 19 9 U
3 10 17 10 U
3 11 8 11 U
3 12 14 4 R
3 13 10 3 R
3 14 17 31 L
3 15 7 15 U
3 16 6 7 R
3 17 18 26 L
3 18 4 27 L
3 19 0 2 R
3 20 13 5 R
3 21 18 31 L
3 22 11 6 R
3 23 26 4 R
3 24 11 29 L
3 25 13 25 D
3 26 7 17 D
3 27 6 8 U
3 28 6 10 U
3 29 16 14 U
3 30 5 30 L
3 31 5 31 L
3 32 6 32 L
3 33 5 33 L
4 0 8 8 U
4 1 0 14 U
4 2 0 10 U
4 3 11 9 U
4 4 17 16 U
4 5 5 23 D
4 6 1 31 L
4 7 0 33 L
4 8 17 30 L
4 9 2 9 U
4 10 19 21 D
4 11 2 27 L
4 12 20 5 R
4 13 15 13 U
4 14 11 7 R
4 15 13 15 U
4 16 3 16 U
4 17 0 26 L
4 18 17 18 D
4 19 15 29 L
4 20 3 29 L
4 21 24 6 R
4 22 9 22 D
4 23 1 23 D
4 24 0 33 L
4 25 2 6 R
4 26 24 12 U
4 27 23 27 L
4 28 5 28 L
4 29 18 21 D
4 30 11 22 D
4 31 2 24 D
4 32 18 32 L
4 33 14 33 L
5 0 6 10 U
5 1 1 1 R
5 2 2 18 D
5 3 3 3 R
5 4 10 4 R
5 5 2 5 R
5 6 3 6 R
5 7 4 16 U
5 8 8 6 R
5 9 2 18 D
5 10 9 29 L
5 11 8 2 R
5 12 3 27 L
5 13 18 26 L
5 14 21 5 R
5 15 4 7 R
5 16 13 31 L
5 17 12 17 D
5 18 11 8 U
5 19 17 1 R
5 20 1 31 L
5 21 2 6 R
5 22 12 3 R
5 23 8 5 R
5 24 3 7 R
5 25 2 1 R
5 26 0 23 D
5 27 10 27 L
5 28 0 10 U
5 29 10 29 L
5 30 22 11 U
5 31 3 7 R
5 32 10 32 L
5 33 14 14 U
6 0 22 13 U
6 1 18 10 U
6 2 3 2 R
6 3 4 20 D
6 4 5 4 R
6 5 10 5 R
6 6 18 6 R
6 7 1 24 D
6 8 8 27 L
6 9 14 26 L
6 10 23 20 D
6 11 1 27 L
6 12 20 30 L
6 13 1 22 D
6 14 11 32 L
6 15 0 0 R
6 16 1 16 U
6 17 12 32 L
6 18 2 27 L
6 19 19 5 R
6 20 15 4 R
6 21 10 7 R
6 22 1 22 D
6 23 7 3 R
6 24 12 0 R
6 25 7 7 R
6 26 16 15 U
6 27 0 9 U
6 28 7 8 U
6 29 2 15 U
6 30 14 16 U
6 31 20 12 U
6 32 7 32 L
6 33 0 25 D
7 0 3 22 D
7 1 6 11 U
7 2 0 23 D
7 3 2 21 D
7 4 0 22 D
7 5 0 17 D
7 6 10 24 D
7 7 15 11 U
7 8 17 2 R
7 9 2 5 R
7 10 11 5 R
7 11 19 3 R
7 12 18 0 R
7 13 16 6 R
7 14 17 6 R
7 15 3 15 U
7 16 8 33 L
7 17 15 31 L
7 18 0 0 R
7 19 14 3 R
7 20 17 0 R
7 21 20 4 R
7 22 14 30 L
7 23 4 27 L
7 24 0 32 L
7 25 1 3 R
7 26 6 20 D
7 27 13 10 U
7 28 1 28 L
7 29 6 9 U
7 30 2 11 U
7 31 17 15 U
7 32 0 22 D
8 0 0 24 D
8 1 4 24 D
8 2 19 13 U
8 3 14 17 D
8 4 9 10 U
8 5 10 20 D
8 6 10 21 D
8 7 1 7 R
8 8 21 26 L
8 9 2 9 U
8 10 25 27 L
8 11 25 11 U
8 12 16 12 U
8 13 16 19 D
8 14 12 1 R
8 15 4 22 D
8 16 0 4 R
8 17 9 26 L
8 18 9 2 R
8 19 1 19 D
8 20 15 3 R
8 21 12 30 L
8 22 18 22 D
8 23 12 7 R
8 24 9 32 L
8 25 9 25 D
8 27 5 11 U
8 28 10 17 D
8 29 16 20 D
8 30 3 18 D
8 31 11 24 D
8 32 0 4 R
8 33 5 8 U
9 0 21 18 D
9 1 3 1 R
9 2 3 15 U
9 3 4 9 U
9 4 10 12 U
9 5 8 12 U
9 6 10 13 U
9 7 4 11 U
9 8 0 26 L
9 9 4 9 U
9 10 13 10 U
9 11 2 11 U
9 12 8 12 U
9 13 16 13 U
9 14 2 14 U
9 15 5 15 U
9 16 2 16 U
9 17 3 17 D
9 18 17 28 L
9 19 7 31 L
9 20 7 31 L
9 21 17 21 D
9 22 14 32 L
9 23 17 0 R
9 24 24 27 L
9 25 6 1 R
9 26 0 18 D
9 27 2 21 D
9 28 14 11 U
9 29 0 7 R
9 30 5 17 D
9 31 1 11 U
9 32 15 15 U
9 33 19 22 D
10 0 11 10 U
10 1 4 31 L
10 2 5 2 R
10 3 5 3 R
10 4 3 4 R
10 5 0 18 D
10 6 14 22 D
10 7 19 7 R
10 8 16 29 L
10 9 20 2 R
10 10 25 31 L
10 11 8 31 L
10 12 12 29 L
10 13 7 28 L
10 14 6 29 L
10 15 26 27 L
10 16 3 0 R
10 17 21 5 R
10 18 3 29 L
10 19 21 30 L
10 20 1 28 L
10 21 22 27 L
10 22 20 10 U
10 23 9 23 D
10 24 13 0 R
10 25 11 28 L
10 26 9 26 L
10 27 8 9 U
10 28 11 19 D
10 29 4 24 D
10 30 18 30 L
10 31 14 13 U
10 32 4 16 U
10 33 1 33 L
11 0 1 17 D
11 1 6 17 D
11 2 10 23 D
11 3 2 3 R
11 4 3 25 D
11 5 6 16 U
11 6 13 6 R
11 7 10 22 D
11 8 0 22 D
11 9 2 4 R
11 10 13 10 U
11 11 16 7 R
11 12 7 2 R
11 13 4 13 U
11 14 3 21 D
11 15 2 15 U
11 16 2 23 D
11 17 0 4 R
11 18 16 33 L
11 19 14 30 L
11 20 12 20 D
11 21 15 21 D
11 22 10 4 R
11 23 0 5 R
11 24 8 24 D
11 25 0 7 R
11 26 0 0 R
11 27 2 16 U
11 28 0 20 D
11 29 23 11 U
11 30 2 30 L
11 31 15 20 D
11 32 5 13 U
12 0 2 19 D
12 1 4 12 U
12 2 4 19 D
12 3 5 8 U
12 4 22 20 D
12 5 6 5 R
12 6 8 11 U
12 7 1 9 U
12 8 0 7 R
12 9 4 18 D
12 10 10 3 R
12 11 0 0 R
12 12 11 12 U
12 13 17 30 L
12 14 16 14 U
12 15 15 15 U
12 16 4 16 U
12 17 15 28 L
12 18 8 5 R
12 19 7 5 R
12 20 6 28 L
12 21 5 27 L
12 22 6 29 L
12 23 10 11 U
12 24 15 2 R
12 26 0 3 R
12 27 11 11 U
12 28 4 25 D
12 29 1 12 U
12 30 20 10 U
12 31 14 14 U
12 32 0 15 U
12 33 8 14 U
13 0 8 18 D
13 1 3 1 R
13 2 16 19 D
13 3 9 24 D
13 4 3 4 R
13 5 2 5 R
13 6 3 6 R
13 7 12 21 D
13 8 4 2 R
13 9 19 2 R
13 10 8 3 R
13 11 21 22 D
13 12 8 20 D
13 13 19 24 D
13 14 1 14 U
13 15 11 28 L
13 16 4 3 R
13 17 3 26 L
13 18 19 8 U
13 19 11 28 L
13 20 3 20 D
13 21 4 21 D
13 22 2 22 D
13 23 16 23 D
13 24 3 24 D
13 26 7 9 U
13 27 3 18 D
13 28 20 9 U
13 29 6 13 U
13 30 10 19 D
13 31 5 11 U
13 32 5 32 L
14 0 20 21 D
14 1 18 18 D
14 2 3 21 D
14 3 1 14 U
14 4 13 11 U
14 5 8 14 U
14 6 9 15 U
14 7 9 12 U
14 8 17 1 R
14 9 11 26 L
14 10 16 0 R
14 11 20 32 L
14 12 19 31 L
14 13 19 27 L
14 14 25 6 R
14 15 20 0 R
14 16 6 29 L
14 17 0 8 U
14 18 3 7 R
14 19 0 3 R
14 20 1 6 R
14 21 2 2 R
14 22 23 5 R
14 23 19 6 R
14 24 23 7 R
14 26 13 9 U
14 27 8 2 R
14 28 6 28 L
14 29 18 19 D
14 30 3 30 L
14 31 23 21 D
14 32 6 8 U
15 0 0 15 U
15 1 6 9 U
15 2 0 30 L
15 3 10 9 U
15 4 1 12 U
15 5 19 8 U
15 6 3 17 D
15 7 7 13 U
15 8 11 19 D
15 9 18 0 R
15 10 0 18 D
15 11 5 19 D
15 12 7 1 R
15 13 1 13 U
15 14 3 14 U
15 15 8 26 L
15 16 1 16 U
15 17 2 33 L
15 18 1 18 D
15 19 14 29 L
15 20 25 2 R
15 21 6 27 L
15 22 7 29 L
15 23 16 23 D
15 24 9 24 D
15 25 17 33 L
15 26 0 21 D
15 27 10 13 U
15 28 5 12 U
15 29 12 13 U
15 30 3 30 L
15 31 3 31 L
15 32 12 11 U
16 0 14 25 D
16 1 24 8 U
16 2 2 26 L
16 3 0 20 D
16 4 0 11 U
16 5 22 18 D
16 6 20 10 U
16 7 14 14 U
16 8 1 29 L
16 9 5 29 L
16 10 3 18 D
16 11 0 19 D
16 12 4 12 U
16 13 0 30 L
16 14 2 23 D
16 15 14 20 D
16 17 2 27 L
16 18 7 30 L
16 19 20 19 D
16 20 11 20 D
16 21 19 32 L
16 22 3 28 L
16 23 11 23 D
16 24 15 4 R
16 25 12 30 L
16 26 13 15 U
16 27 15 24 D
16 28 1 23 D
16 29 7 22 D
16 30 15 20 D
16 31 20 19 D
16 32 4 15 U
16 33 12 25 D
17 0 9 8 U
17 1 14 21 D
17 2 8 8 U
17 3 18 18 D
17 4 15 4 R
17 5 0 12 U
17 6 12 25 D
17 7 14 31 L
17 8 2 28 L
17 9 13 9 U
17 10 0 5 R
17 11 8 11 U
17 12 21 7 R
17 13 19 13 U
17 15 1 15 U
17 16 18 16 U
17 17 14 1 R
17 18 4 31 L
17 19 9 19 D
17 20 0 12 U
17 21 15 21 D
17 22 9 0 R
17 23 3 32 L
17 24 15 24 D
17 25 2 25 D
17 27 4 17 D
17 28 3 11 U
17 29 24 9 U
17 30 11 17 D
17 31 15 23 D
17 32 11 14 U
18 0 9 27 L
18 1 19 1 R
18 2 7 16 U
18 3 0 19 D
18 4 15 4 R
18 5 4 5 R
18 6 17 8 U
18 7 21 10 U
18 8 11 28 L
18 9 2 1 R
18 10 19 29 L
18 11 4 11 U
18 12 5 22 D
18 13 10 31 L
18 14 19 14 U
18 15 15 26 L
18 17 23 29 L
18 18 0 30 L
18 19 1 19 D
18 20 0 28 L
18 21 3 21 D
18 22 12 5 R
18 23 3 1 R
18 24 21 28 L
18 26 5 18 D
18 27 0 17 D
18 28 4 21 D
18 29 23 29 L
18 30 23 13 U
18 32 22 9 U
19 0 5 19 D
19 1 2 11 U
19 2 2 14 U
19 3 21 3 R
19 4 5 4 R
19 5 6 19 D
19 6 4 6 R
19 7 10 32 L
19 8 2 32 L
19 9 2 19 D
19 10 0 17 D
19 11 21 0 R
19 12 8 33 L
19 13 14 2 R
19 15 7 32 L
19 17 1 0 R
19 18 22 26 L
19 19 3 19 D
19 20 0 13 U
19 21 7 3 R
19 22 15 22 D
19 23 8 23 D
19 24 22 24 D
19 26 10 21 D
19 27 15 22 D
19 28 14 1 R
19 29 2 29 L
19 30 1 9 U
19 31 8 31 L
19 32 18 32 L
20 0 1 0 R
20 1 4 17 D
20 2 21 19 D
20 3 22 10 U
20 4 18 28 L
20 5 4 5 R
20 6 3 19 D
20 7 13 7 R
20 8 13 18 D
20 9 8 1 R
20 10 3 30 L
20 11 1 30 L
20 12 12 5 R
20 13 1 13 U
20 14 17 28 L
20 15 8 32 L
20 17 16 6 R
20 18 21 32 L
20 19 5 9 U
20 21 7 21 D
20 22 19 22 D
20 23 6 1 R
20 25 2 25 D
20 26 13 24 D
20 27 5 27 L
20 28 18 16 U
20 29 14 18 D
20 30 16 13 U
20 31 14 10 U
20 32 25 12 U
21 0 0 17 D
21 1 2 9 U
21 2 22 10 U
21 3 20 29 L
21 4 10 13 U
21 5 3 5 R
21 6 23 23 D
21 8 1 4 R
21 9 1 19 D
21 10 4 18 D
21 11 14 28 L
21 12 3 12 U
21 13 14 23 D
21 14 10 20 D
21 15 20 26 L
21 17 23 0 R
21 18 5 1 R
21 19 5 4 R
21 20 19 30 L
21 21 3 30 L
21 22 22 22 D
21 23 13 7 R
21 26 13 22 D
21 27 14 24 D
21 28 20 22 D
21 30 18 14 U
21 31 16 31 L
21 32 20 32 L
22 0 20 26 L
22 2 8 10 U
22 3 15 15 U
22 4 16 17 D
22 5 6 8 U
22 7 16 14 U
22 8 4 8 U
22 9 8 31 L
22 11 20 11 U
22 12 17 32 L
22 13 3 13 U
22 15 11 15 U
22 17 11 3 R
22 18 10 30 L
22 19 19 27 L
22 21 10 33 L
22 22 9 3 R
22 24 7 24 D
22 27 26 27 L
22 30 0 11 U
22 31 6 31 L
22 32 19 22 D
22 33 21 33 L
23 0 4 0 R
23 2 22 2 R
23 3 18 3 R
23 4 25 19 D
23 5 0 31 L
23 7 5 13 U
23 8 5 17 D
23 9 21 17 D
23 11 24 33 L
23 12 3 12 U
23 13 13 23 D
23 15 14 5 R
23 18 13 27 L
23 19 18 6 R
23 22 26 2 R
23 27 7 15 U
23 28 17 5 R
23 30 7 12 U
23 31 15 6 R
23 32 8 23 D
24 2 3 2 R
24 3 0 29 L
24 4 10 4 R
24 5 13 8 U
24 8 26 24 D
24 9 20 27 L
24 11 22 5 R
24 13 16 26 L
24 15 9 15 U
24 18 16 0 R
24 27 9 0 R
24 29 18 12 U
24 30 12 4 R
24 32 21 6 R
25 2 7 25 D
25 3 2 3 R
25 5 3 5 R
25 8 26 5 R
25 9 22 30 L
25 22 24 22 D
25 27 15 23 D
25 30 6 30 L
25 32 24 24 D
26 2 8 24 D
26 3 19 3 R
26 5 8 32 L
26 9 6 18 D
26 27 22 11 U
26 30 11 4 R
26 32 22 17 D

