25 20 431
5 2 1 0 15 0 22 21 0 1 5 10 0 0 19
0 0 17 14 0 18 12 20 17 5 24 0 0 16 22
0 0 0 9 0 0 23 0 0 12 0 15 20 12 0
1 0 0 21 13 18 18 0 3 7 16 0 0 13 8
23 23 5 21 19 0 0 24 0 0 15 18 5 0 13
5 0 0 0 0 1 0 18 2 20 0 0 6 7 0
14 14 2 0 16 0 2 14 18 11 0 4 0 0 13
0 0 0 21 5 0 3 0 0 0 0 0 17 23 0
16 11 5 0 0 0 0 4 0 0 5 0 0 12 24
0 0 0 0 18 3 0 0 20 8 23 21 2 5 0
0 0 0 0 22 0 0 11 15 0 9 0 0 0 14
0 0 0 0 7 18 0 18 0 0 0 20 15 0 15
14 0 0 3 4 0 16 0 0 0 17 0 0 0 0
0 9 17 23 0 13 9 0 0 16 0 9 0 18 10
14 1 0 17 17 0 0 0 8 5 12 14 16 4 13
0 0 0 0 R
0 1 0 1 R
0 2 0 2 R
0 3 0 3 R
0 4 0 4 R
0 5 0 5 U
0 6 0 6 U
0 7 0 7 U
0 8 0 8 U
0 9 0 9 U
0 10 0 10 D
0 11 0 11 D
0 12 0 12 D
0 13 0 13 D
0 14 0 14 D
0 15 0 15 L
0 16 0 16 L
0 17 0 17 L
0 18 0 18 L
0 19 0 19 L
1 0 0 16 L
1 1 3 1 R
1 2 14 2 R
1 3 13 3 R
1 4 6 9 U
1 5 0 16 L
1 6 0 10 D
1 7 6 7 U
1 8 2 1 R
1 9 10 17 L
1 10 6 0 R
1 11 8 11 D
1 12 16 3 R
1 13 11 0 R
1 14 13 16 L
1 15 14 11 D
1 16 11 16 L
1 17 17 5 U
1 18 2 18 L
1 19 11 11 D
2 0 0 5 U
2 1 10 11 D
2 2 0 14 D
2 3 1 11 D
2 4 3 4 R
2 5 3 15 L
2 6 1 17 L
2 7 3 7 U
2 8 15 3 R
2 9 1 12 D
2 10 0 1 R
2 11 10 11 D
2 12 12 12 D
2 13 10 13 D
2 14 5 0 R
2 15 7 5 U
2 16 12 11 D
2 17 4 17 L
2 18 17 6 U
2 19 0 7 U
3 0 8 14 D
3 1 16 1 R
3 2 0 12 D
3 3 2 14 D
3 4 2 13 D
3 5 16 4 R
3 6 7 15 L
3 7 5 7 U
3 8 11 1 R
3 9 4 9 U
3 10 14 10 D
3 11 0 0 R
3 12 17 18 L
3 13 2 13 D
3 14 0 16 L
3 15 11 1 R
3 16 5 16 L
3 17 14 17 L
3 18 1 18 L
3 19 0 8 U
4 0 5 7 U
4 1 0 5 U
4 2 6 5 U
4 3 12 3 R
4 4 12 11 D
4 5 9 18 L
4 6 0 18 L
4 7 9 3 R
4 8 6 8 U
4 9 1 9 U
4 10 0 3 R
4 11 13 2 R
4 12 11 17 L
4 13 0 0 R
4 14 7 14 D
4 15 10 6 U
4 16 11 5 U
4 17 0 5 U
4 18 12 18 L
4 19 10 8 U
5 0 0 10 D
5 1 1 10 D
5 2 16 5 U
5 3 7 3 R
5 4 0 13 D
5 5 20 4 R
5 6 13 6 U
5 7 0 2 R
5 8 6 17 L
5 9 14 19 L
5 10 0 7 U
5 11 9 1 R
5 12 8 8 U
5 13 10 13 D
5 14 21 14 D
5 15 16 10 D
5 16 19 6 U
5 17 1 12 D
5 18 12 18 L
5 19 8 8 U
6 0 12 18 L
6 1 1 11 D
6 2 12 2 R
6 3 0 7 U
6 4 8 4 R
6 5 0 13 D
6 6 11 18 L
6 7 15 16 L
6 8 1 8 U
6 10 1 10 D
6 11 5 0 R
6 12 9 12 D
6 13 0 18 L
6 14 1 14 D
6 15 0 5 U
6 16 13 12 D
6 17 0 1 R
6 18 10 1 R
6 19 8 6 U
7 0 0 6 U
7 1 0 10 D
7 2 5 6 U
7 3 2 13 D
7 4 9 6 U
7 5 17 5 U
7 6 6 6 U
7 7 5 4 R
7 8 13 19 L
7 9 5 2 R
7 10 3 0 R
7 11 1 18 L
7 12 1 1 R
7 13 4 15 L
7 14 4 19 L
7 15 1 13 D
7 16 9 16 L
7 17 3 13 D
7 18 14 10 D
7 19 3 19 L
8 0 6 11 D
8 1 13 15 L
8 2 1 7 U
8 3 0 11 D
8 4 0 18 L
8 5 1 19 L
8 6 10 4 R
8 7 7 1 R
8 8 5 12 D
8 9 9 9 U
8 10 4 15 L
8 11 7 16 L
8 12 14 5 U
8 13 12 16 L
8 14 12 4 R
8 15 14 13 D
8 16 19 16 L
8 17 14 9 U
8 18 0 13 D
8 19 11 19 L
9 0 4 0 R
9 1 10 8 U
9 2 0 11 D
9 3 21 3 R
9 4 6 7 U
9 5 0 15 L
9 6 19 2 R
9 7 0 0 R
9 8 2 8 U
9 9 4 9 U
9 10 0 16 L
9 11 2 11 D
9 12 5 15 L
9 13 20 13 D
9 14 21 19 L
9 15 6 9 U
9 16 6 0 R
9 17 4 6 U
9 18 7 14 D
9 19 3 13 D
10 0 12 5 U
10 1 11 10 D
10 2 8 12 D
10 3 7 19 L
10 4 7 13 D
10 5 4 19 L
10 6 8 6 U
10 7 21 12 D
10 8 0 19 L
10 9 0 3 R
10 10 6 18 L
10 11 11 1 R
10 12 7 4 R
10 13 17 17 L
10 14 0 19 L
10 15 2 6 U
10 16 7 12 D
10 17 4 17 L
10 18 6 18 L
10 19 6 19 L
11 0 15 0 R
11 1 5 13 D
11 2 3 19 L
11 3 4 3 R
11 4 1 4 R
11 5 1 16 L
11 6 1 18 L
11 7 16 19 L
11 8 8 8 U
11 9 13 4 R
11 10 6 6 U
11 11 19 19 L
11 12 4 12 D
11 13 3 3 R
11 14 3 16 L
11 15 14 6 U
11 16 0 0 R
11 17 15 10 D
11 18 5 11 D
11 19 8 19 L
12 0 13 5 U
12 1 10 1 R
12 2 11 13 D
12 3 4 3 R
12 4 17 4 R
12 5 9 10 D
12 6 7 3 R
12 7 5 0 R
12 8 0 17 L
12 9 0 4 R
12 10 15 15 L
12 11 14 2 R
12 12 16 16 L
12 13 0 8 U
12 14 9 14 D
12 15 11 8 U
12 16 0 6 U
12 17 8 10 D
12 18 3 18 L
12 19 2 7 U
13 0 0 15 L
13 1 4 7 U
13 2 10 9 U
13 3 0 15 L
13 4 10 13 D
13 5 9 5 U
13 6 9 16 L
13 7 7 2 R
13 8 0 0 R
13 10 0 15 L
13 11 6 17 L
13 12 2 4 R
13 13 3 1 R
13 14 9 14 D
13 15 14 14 D
13 16 1 16 L
13 17 6 17 L
13 18 0 2 R
13 19 2 19 L
14 0 8 10 D
14 1 3 12 D
14 2 8 8 U
14 3 8 8 U
14 4 13 4 R
14 5 11 1 R
14 6 0 3 R
14 7 15 1 R
14 8 13 16 L
14 10 13 0 R
14 11 0 6 U
14 12 15 7 U
14 13 13 2 R
14 14 5 2 R
14 15 0 10 D
14 16 0 9 U
14 17 0 3 R
14 18 2 1 R
14 19 10 14 D
15 0 9 15 L
15 1 7 5 U
15 2 4 2 R
15 3 4 5 U
15 4 0 7 U
15 5 7 1 R
15 6 18 6 U
15 7 20 7 U
15 8 12 0 R
15 10 4 19 L
15 11 0 9 U
15 12 11 2 R
15 13 0 2 R
15 14 1 14 D
15 15 5 14 D
15 16 5 16 L
15 17 8 17 L
15 18 10 18 L
15 19 19 19 L
16 0 23 0 R
16 1 8 13 D
16 2 2 7 U
16 3 17 10 D
16 4 3 12 D
16 5 3 3 R
16 6 22 0 R
16 7 20 17 L
16 10 2 2 R
16 11 1 11 D
16 12 0 8 U
16 13 4 7 U
16 14 14 3 R
16 15 9 14 D
16 16 18 10 D
16 17 1 2 R
16 18 4 12 D
16 19 17 14 D
17 0 6 0 R
17 1 2 8 U
17 2 13 7 U
17 3 0 19 L
17 4 11 5 U
17 5 7 5 U
17 6 20 12 D
17 7 15 14 D
17 8 9 2 R
17 10 0 5 U
17 11 19 0 R
17 12 20 1 R
17 13 7 15 L
17 14 8 1 R
17 15 11 15 L
17 16 4 9 U
17 18 3 18 L
17 19 8 2 R
18 0 14 6 U
18 1 19 7 U
18 2 0 9 U
18 3 1 10 D
18 4 3 4 R
18 5 9 0 R
18 6 10 13 D
18 7 7 7 U
18 10 9 4 R
18 11 20 11 D
18 12 16 12 D
18 13 6 1 R
18 14 9 6 U
18 15 9 15 L
18 16 4 16 L
18 18 20 12 D
18 19 6 3 R
19 0 8 12 D
19 1 13 11 D
19 2 3 8 U
19 3 4 3 R
19 4 10 12 D
19 5 5 17 L
19 6 13 15 L
19 8 9 8 U
19 9 21 0 R
19 10 20 3 R
19 11 7 11 D
19 12 17 0 R
19 15 20 5 U
19 17 11 17 L
19 18 1 18 L
20 0 0 8 U
20 1 18 8 U
20 2 10 14 D
20 3 21 6 U
20 5 2 11 D
20 6 3 6 U
20 9 0 14 D
20 10 8 0 R
20 11 1 0 R
20 12 7 2 R
20 13 7 13 D
20 14 14 0 R
20 15 2 15 L
20 16 8 12 D
20 17 7 8 U
20 18 2 18 L
20 19 8 9 U
21 0 10 10 D
21 1 20 1 R
21 2 3 2 R
21 3 2 7 U
21 5 1 1 R
21 6 4 6 U
21 7 18 7 U
21 8 6 15 L
21 10 10 0 R
21 11 7 17 L
21 15 11 11 D
21 18 17 10 D
22 0 24 14 D
22 1 18 1 R
22 3 1 3 R
22 6 1 3 R
22 10 2 10 D
22 11 2 16 L
22 15 3 11 D
23 0 1 12 D
23 1 5 12 D
23 3 3 3 R
23 6 19 6 U
23 10 9 16 L
23 11 11 5 U
23 15 22 15 L
24 0 19 11 D
24 6 5 16 L
24 10 6 10 D
24 15 11 15 L

