17 20 282
2 0 1 0 0 8 0 0 0 0 0 0 0 0 0 0 0 0
10 0 8 0 0 12 3 0 9 0 0 0 0 0 0 8 0 0
2 0 0 14 2 15 6 0 0 4 3 11 0 0 14 0 8 9
0 10 0 0 0 0 6 11 0 13 4 9 0 0 0 12 3 0
0 0 0 0 0 0 0 0 2 0 9 0 0 9 0 0 4 4
6 0 0 10 2 0 0 15 0 14 0 8 13 0 1 0 4 0
8 9 0 0 0 7 0 14 0 0 2 0 15 0 14 15 5 9
8 0 11 0 0 0 0 0 9 0 10 4 0 0 0 2 0 0
4 0 0 6 0 0 14 15 0 0 1 0 1 0 0 0 9 9
0 14 0 0 2 4 0 1 0 10 1 0 0 14 0 0 9 0
0 0 9 0 13 0 0 7 0 0 0 12 14 7 0 0 3 0
9 0 0 0 0 0 1 1 0 0 0 15 0 0 0 13 0 7
11 0 0 12 0 0 0 0 13 1 0 0 0 0 15 0 3 4
2 0 1 2 5 4 0 12 10 0 0 14 0 0 0 0 0 0
0 3 0 5 0 10 4 13 0 0 11 14 0 0 0 5 0 7
0 0 3 0 0 0 8 0 0 0 0 0 13 0 13 0 0 0
0 7 0 0 9 0 10 1 5 9 9 7 0 0 0 0 3 0
1 13 0 0 0 0 8 9 0 3 0 13 0 13 3 0 0 0
0 0 0 0 R
0 1 0 1 R
0 2 0 2 R
0 3 0 3 R
0 4 0 4 R
0 5 0 5 U
0 6 0 6 U
0 7 0 7 U
0 8 0 8 U
0 9 0 9 U
0 10 0 10 D
0 11 0 11 D
0 12 0 12 D
0 13 0 13 D
0 14 0 14 D
0 15 0 15 L
0 16 0 16 L
0 17 0 17 L
0 18 0 18 L
0 19 0 19 L
1 0 0 6 U
1 1 3 10 D
1 2 4 2 R
1 4 7 4 R
1 5 11 5 U
1 6 9 1 R
1 7 12 7 U
1 8 8 8 U
1 9 5 9 U
1 10 0 1 R
1 11 9 11 D
1 12 9 1 R
1 13 0 1 R
1 14 12 14 D
1 15 3 14 D
1 16 12 11 D
1 17 2 17 L
1 18 6 18 L
1 19 9 19 L
2 0 12 5 U
2 1 1 1 R
2 2 7 18 L
2 3 4 12 D
2 4 0 11 D
2 5 3 2 R
2 6 0 16 L
2 7 3 0 R
2 8 4 8 U
2 9 0 18 L
2 10 0 7 U
2 11 4 11 D
2 12 9 2 R
2 13 3 13 D
2 14 6 14 D
2 15 0 10 D
2 16 10 16 L
2 17 0 13 D
2 18 0 12 D
2 19 5 0 R
3 0 0 15 L
3 1 4 11 D
3 2 0 15 L
3 3 0 16 L
3 5 0 0 R
3 6 0 2 R
3 7 2 7 U
3 8 2 1 R
3 9 2 9 U
3 10 8 2 R
3 11 0 0 R
3 12 0 17 L
3 13 6 0 R
3 14 0 6 U
3 15 9 15 L
3 16 0 4 R
3 17 0 7 U
3 18 2 13 D
3 19 6 1 R
4 0 1 0 R
4 1 0 19 L
4 2 0 10 D
4 3 2 3 R
4 4 7 11 D
4 5 2 16 L
4 6 0 1 R
4 7 0 17 L
4 8 8 3 R
4 9 2 9 U
4 10 13 10 D
4 11 6 0 R
4 12 1 9 U
4 13 5 13 D
4 14 10 15 L
4 15 0 14 D
4 16 1 16 L
4 17 1 11 D
4 18 11 18 L
4 19 2 19 L
5 0 11 8 U
5 1 8 6 U
5 2 1 2 R
5 4 0 9 U
5 5 13 15 L
5 6 3 6 U
5 7 1 15 L
5 8 3 8 U
5 9 1 9 U
5 10 0 15 L
5 11 13 15 L
5 12 7 16 L
5 13 0 0 R
5 14 1 14 D
5 15 3 6 U
5 16 0 6 U
5 17 11 17 L
5 18 1 18 L
5 19 7 8 U
6 0 7 0 R
6 1 11 12 D
6 2 1 2 R
6 4 3 12 D
6 5 0 13 D
6 6 2 17 L
6 7 10 17 L
6 8 4 19 L
6 9 7 0 R
6 11 5 3 R
6 12 4 19 L
6 13 0 3 R
6 14 1 14 D
6 15 0 9 U
6 16 10 16 L
6 17 5 7 U
6 18 0 11 D
6 19 7 13 D
7 0 3 15 L
7 1 0 7 U
7 2 2 2 R
7 3 1 3 R
7 4 2 4 R
7 5 0 15 L
7 6 2 16 L
7 7 12 7 U
7 8 2 4 R
7 9 11 3 R
7 10 0 4 R
7 11 0 5 U
7 12 1 5 U
7 13 3 13 D
7 14 9 8 U
7 15 4 14 D
7 16 3 16 L
7 17 11 10 D
7 18 1 18 L
7 19 16 7 U
8 0 0 12 D
8 1 5 1 R
8 2 10 13 D
8 4 3 13 D
8 5 0 19 L
8 6 7 6 U
8 7 1 7 U
8 8 9 18 L
8 9 10 9 U
8 10 9 7 U
8 11 2 2 R
8 12 0 19 L
8 13 1 13 D
8 14 5 14 D
8 15 0 11 D
8 16 2 14 D
8 17 5 14 D
8 18 10 10 D
8 19 1 19 L
9 0 0 8 U
9 1 0 5 U
9 2 6 2 R
9 3 2 13 D
9 4 0 18 L
9 5 3 5 U
9 6 8 11 D
9 7 0 11 D
9 8 6 16 L
9 9 0 12 D
9 10 13 16 L
9 11 10 18 L
9 12 1 12 D
9 13 3 13 D
9 14 0 19 L
9 15 2 5 U
9 17 0 1 R
9 18 4 7 U
9 19 7 19 L
10 0 1 10 D
10 1 4 10 D
10 2 5 14 D
10 3 14 3 R
10 5 0 10 D
10 6 9 6 U
10 7 2 7 U
10 8 5 8 U
10 11 3 11 D
10 12 2 4 R
10 13 11 17 L
10 14 8 14 D
10 15 9 12 D
10 16 15 5 U
10 17 4 14 D
10 18 0 2 R
10 19 4 3 R
11 0 5 12 D
11 1 5 1 R
11 2 0 13 D
11 3 0 17 L
11 5 1 5 U
11 6 5 0 R
11 7 0 4 R
11 8 3 18 L
11 10 1 1 R
11 11 10 1 R
11 12 1 12 D
11 13 5 3 R
11 14 12 17 L
11 15 1 5 U
11 16 4 16 L
11 17 1 7 U
11 18 3 13 D
11 19 7 19 L
12 0 3 11 D
12 1 4 9 U
12 2 1 2 R
12 3 9 7 U
12 5 4 17 L
12 6 2 6 U
12 7 2 0 R
12 8 1 15 L
12 9 9 9 U
12 10 3 17 L
12 11 3 11 D
12 12 4 18 L
12 13 13 13 D
12 14 5 15 L
12 15 0 5 U
12 16 4 10 D
12 17 5 17 L
12 18 4 18 L
13 0 10 6 U
13 1 7 1 R
13 2 7 12 D
13 3 12 5 U
13 5 4 18 L
13 6 12 6 U
13 7 7 15 L
13 8 12 8 U
13 9 1 1 R
13 10 1 15 L
13 12 0 18 L
13 13 3 13 D
13 14 6 14 D
13 15 3 7 U
13 17 1 1 R
13 18 0 8 U
14 0 4 0 R
14 1 5 10 D
14 2 4 2 R
14 5 12 10 D
14 6 8 1 R
14 7 12 0 R
14 8 7 8 U
14 10 8 0 R
14 12 13 4 R
14 13 0 5 U
14 15 11 6 U
15 0 3 6 U
15 1 3 1 R
15 2 1 2 R
15 7 10 13 D
15 10 10 3 R
15 12 8 12 D
15 13 3 13 D
15 15 4 11 D
16 13 1 13 D

