14 14 170
0 0 0 0 4 0 1 0 0 7 0 2 0 0 0 0 1 0 0 0
0 0 0 0 0 0 0 0 2 0 0 2 11 0 0 0 0 10 4 0
0 8 0 0 9 0 0 7 0 0 0 10 0 0 0 0 0 1 5 3
0 0 2 0 0 0 0 0 4 2 6 4 0 3 0 0 0 0 0 0
0 0 0 0 0 7 0 0 1 0 10 0 0 0 0 2 0 0 0 1
0 0 0 0 4 0 0 2 0 0 0 0 0 0 0 0 0 0 0 0
12 0 0 11 13 0 0 0 0 5 3 8 3 0 0 0 0 0 0 0
0 0 2 0 0 7 0 5 6 0 2 0 10 2 7 0 4 0 1 0
1 1 8 0 0 2 1 0 2 0 0 8 0 7 0 0 1 0 1 0
0 0 4 0 0 0 2 0 0 1 0 0 0 0 0 0 0 5 4 7
12 4 5 9 0 0 0 0 0 1 0 0 0 6 1 0 8 0 0 0
3 13 0 7 8 11 0 9 3 0 9 0 0 0 7 0 0 0 0 8
0 0 0 1 0 8 0 0 0 0 0 1 0 0 0 0 0 0 0 0
0 0 9 0 0 0 1 0 0 0 0 0 0 0 0 0 1 7 5 0
2 0 0 10 0 0 6 0 10 0 0 3 0 9 0 0 7 6 0 1
0 0 0 0 0 3 0 0 5 0 7 0 0 0 0 0 9 0 0 0
0 0 2 0 0 0 0 0 0 13 0 0 0 0 0 0 0 5 5 3
11 0 0 0 11 2 0 0 0 2 3 2 2 0 0 0 0 0 0 0
0 10 0 12 11 0 0 13 0 2 0 0 11 0 2 0 12 0 0 12
11 0 12 5 8 0 6 0 0 9 9 0 0 0 0 10 8 0 12 0
0 0 0 0 D
0 1 0 1 D
0 2 0 2 D
0 3 0 3 R
0 4 0 4 R
0 5 0 5 R
0 6 0 6 U
0 7 0 7 U
0 8 0 8 U
0 9 0 9 U
0 10 0 10 L
0 11 0 11 L
0 12 0 12 L
0 13 0 13 L
1 0 7 0 D
1 1 6 1 D
1 2 3 2 D
1 3 0 10 L
1 4 4 4 R
1 5 0 1 D
1 6 7 6 U
1 7 0 1 D
1 8 6 8 U
1 9 4 9 U
1 10 0 0 D
1 11 10 11 L
1 12 3 6 U
1 13 2 13 L
2 0 0 4 R
2 1 4 1 D
2 2 0 6 U
2 3 0 7 U
2 4 5 4 R
2 5 0 8 U
2 6 0 5 R
2 7 0 0 D
2 8 1 8 U
2 9 1 9 U
2 10 6 7 U
2 11 6 7 U
2 12 0 5 R
2 13 5 13 L
3 0 4 4 R
3 1 4 1 D
3 2 5 2 D
3 3 0 0 D
3 4 0 9 U
3 5 2 5 R
3 6 5 10 L
3 7 5 7 U
3 8 2 11 L
3 9 2 9 U
3 10 2 3 R
3 11 0 4 R
3 12 4 12 L
3 13 8 5 R
4 0 0 3 R
4 1 0 10 L
4 2 0 8 U
4 3 9 8 U
4 4 1 13 L
4 5 0 2 D
4 6 0 10 L
4 7 1 5 R
4 8 0 3 R
4 9 0 0 D
4 10 8 7 U
4 11 0 2 D
4 12 1 0 D
4 13 5 7 U
5 0 0 10 L
5 1 0 6 U
5 2 6 2 D
5 3 6 3 R
5 4 2 4 R
5 5 1 5 R
5 6 3 10 L
5 7 10 7 U
5 8 6 8 U
5 9 0 10 L
5 10 2 10 L
5 11 3 11 L
5 12 0 6 U
5 13 6 7 U
6 0 2 10 L
6 1 1 1 D
6 2 2 2 D
6 3 4 1 D
6 4 0 6 U
6 5 9 0 D
6 6 0 12 L
6 7 3 7 U
6 8 0 12 L
6 9 0 4 R
6 10 0 6 U
6 11 7 6 U
6 12 1 12 L
6 13 3 13 L
7 0 0 13 L
7 1 0 11 L
7 2 3 2 D
7 3 2 0 D
7 4 0 11 L
7 5 6 5 R
7 6 0 13 L
7 7 0 11 L
7 8 5 8 U
7 9 6 10 L
7 10 0 9 U
7 11 0 7 U
7 12 1 2 D
7 13 0 2 D
8 0 4 12 L
8 1 1 3 R
8 2 6 12 L
8 3 1 6 U
8 4 4 4 R
8 5 1 13 L
8 6 5 3 R
8 7 5 7 U
8 8 6 12 L
8 10 2 7 U
8 11 0 3 R
8 12 2 12 L
8 13 0 0 D
9 0 5 0 D
9 1 0 12 L
9 2 7 10 L
9 3 6 3 R
9 4 10 7 U
9 5 4 5 R
9 6 6 5 R
9 7 5 7 U
9 8 5 13 L
9 10 0 8 U
9 11 1 6 U
9 12 0 4 R
9 13 3 1 D
10 0 3 10 L
10 1 1 1 D
10 2 4 3 R
10 3 3 0 D
10 4 0 7 U
10 5 3 9 U
10 6 9 4 R
10 7 7 13 L
10 10 1 2 D
10 11 4 0 D
10 12 6 12 L
10 13 0 6 U
11 0 9 11 L
11 1 0 5 R
11 2 6 5 R
11 3 10 0 D
11 7 4 3 R
11 10 13 10 L
11 11 3 7 U
11 13 8 13 L
12 0 7 13 L
12 1 2 4 R
12 2 4 12 L
12 3 10 6 U
12 7 0 5 R
12 10 0 3 R
12 13 2 13 L
13 0 9 3 R
13 2 6 2 D
13 3 4 3 R
13 7 11 10 L
13 13 0 8 U

