9 4 34
0 0 3 0 0 0 0 0 0 0 4
8 1 3 0 0 0 1 0 0 0 0
0 0 0 0 0 0 0 0 0 0 0
0 0 7 0 0 0 0 0 0 3 0
0 0 6 0 0 0 4 0 0 6 0
0 0 0 0 0 0 0 0 0 0 0
0 0 0 0 0 0 0 0 2 7 0
0 0 0 0 0 0 0 0 0 0 0
0 0 0 3 0 0 0 0 3 0 0
0 5 0 1 0 0 0 0 2 0 0
7 0 0 0 0 0 0 0 0 8 3
0 0 0 0 D
0 1 0 1 R
0 2 0 2 U
0 3 0 3 L
1 0 1 3 L
1 1 0 2 U
1 2 0 3 L
1 3 0 1 R
2 0 2 3 L
2 1 1 2 U
2 2 1 0 D
2 3 2 0 D
3 0 0 3 L
3 1 0 0 D
3 2 3 1 R
3 3 0 0 D
4 0 0 1 R
4 1 0 3 L
4 2 4 2 U
4 3 0 2 U
5 0 6 0 D
5 1 1 0 D
5 2 3 2 U
5 3 1 2 U
6 0 4 1 R
6 1 2 2 U
6 2 5 3 L
6 3 4 1 R
7 0 4 0 D
7 2 5 2 U
7 3 8 2 U
8 0 6 1 R
8 2 3 0 D
8 3 6 3 L

