18 8 126
0 0 13 0 7 0 14 0 0 0 0 14 4 7 0 1 12 6
0 15 7 0 0 0 0 0 14 17 0 5 0 0 0 0 0 1
0 0 11 16 8 8 7 0 0 0 5 0 0 0 4 0 13 0
7 6 0 0 0 0 0 0 0 0 7 0 0 0 0 3 0 0
2 0 10 0 0 0 11 0 0 0 0 0 0 0 3 0 8 4
16 8 0 0 0 0 0 0 0 0 8 0 13 0 0 0 0 11
6 0 0 17 0 0 0 0 0 0 0 0 11 0 0 0 0 0
5 0 0 0 0 7 0 0 0 0 6 0 0 8 2 0 14 0
0 0 0 0 8 0 0 0 0 6 0 0 0 0 0 0 0 0
0 0 0 0 0 0 0 0 0 10 0 0 0 0 0 0 10 0
10 0 0 0 0 0 14 0 0 0 0 0 0 0 0 0 0 10
16 0 0 0 0 0 9 5 0 0 3 1 10 0 0 0 0 0
0 0 8 0 8 0 0 0 0 0 0 15 0 0 0 0 9 4
0 0 0 4 0 0 1 0 0 0 0 0 0 12 0 2 0 13
17 10 6 0 0 0 0 13 0 1 0 12 9 0 15 0 0 0
0 0 4 0 0 0 0 7 0 13 0 0 0 0 0 0 0 13
11 12 0 10 0 0 0 0 7 0 0 0 16 0 0 0 12 1
0 0 7 11 0 8 1 0 8 0 0 4 10 0 4 11 9 6
0 0 0 0 U
0 1 0 1 U
0 2 0 2 R
0 3 0 3 R
0 4 0 4 D
0 5 0 5 D
0 6 0 6 L
0 7 0 7 L
1 0 6 6 L
1 1 6 2 R
1 2 0 6 L
1 3 4 3 R
1 4 0 6 L
1 5 3 5 D
1 6 7 6 L
1 7 6 7 L
2 0 1 0 U
2 1 1 4 D
2 2 8 2 R
2 3 13 0 U
2 4 3 4 D
2 5 9 5 D
2 6 0 1 U
2 7 8 4 D
3 0 0 2 R
3 1 0 4 D
3 2 1 1 U
3 3 11 7 L
3 4 4 3 R
3 5 11 5 D
3 6 4 4 D
3 7 1 7 L
4 0 0 7 L
4 1 2 1 U
4 2 0 7 L
4 3 5 3 R
4 4 2 2 R
4 5 2 5 D
4 6 6 4 D
4 7 8 0 U
5 0 0 4 D
5 1 9 3 R
5 2 0 5 D
5 3 4 3 R
5 4 11 1 U
5 5 0 0 U
5 6 7 6 L
5 7 6 1 U
6 0 14 0 U
6 1 0 7 L
6 2 3 0 U
6 3 0 4 D
6 4 0 1 U
6 5 10 5 D
6 6 4 6 L
6 7 0 4 D
7 0 0 3 R
7 1 4 1 U
7 2 12 5 D
7 3 1 3 R
7 4 0 2 R
7 5 0 6 L
7 6 0 5 D
7 7 8 7 L
8 0 7 4 D
8 1 13 1 U
8 2 3 2 R
8 3 0 0 U
8 4 0 3 R
8 5 4 3 R
8 6 0 0 U
8 7 3 4 D
9 0 5 0 U
9 1 7 1 U
9 2 0 1 U
9 3 6 5 D
9 4 11 2 R
9 5 1 2 R
9 6 3 3 R
9 7 0 3 R
10 0 7 2 R
10 1 13 1 U
10 2 2 5 D
10 3 11 3 R
10 4 6 4 D
10 5 1 5 D
10 6 5 1 U
10 7 1 5 D
11 0 0 6 L
11 1 2 1 U
11 2 8 2 R
11 3 2 0 U
11 4 14 4 D
11 5 3 5 D
11 6 10 0 U
11 7 6 0 U
12 0 9 6 L
12 1 0 5 D
12 2 5 1 U
12 4 8 6 L
12 5 3 1 U
12 6 1 6 L
12 7 3 7 L
13 0 1 0 U
13 1 2 1 U
13 2 15 4 D
13 4 12 7 L
13 5 0 7 L
13 6 2 6 L
13 7 7 4 D
14 0 6 0 U
14 1 2 1 U
14 2 4 2 R
14 5 4 5 D
14 7 7 7 L
15 0 11 5 D
15 1 2 3 R
15 2 1 6 L
15 5 1 5 D
16 0 3 0 U
16 1 6 3 R
16 2 7 6 L
16 5 7 2 R
17 0 8 0 U
17 1 3 1 U
17 2 8 6 L

