20 20 357
17 0 18 5 5 18 0 0 0 0 0 16 0 10
0 0 0 0 0 0 16 0 6 0 15 10 0 0
0 0 0 14 17 3 0 0 4 0 0 5 8 0
0 17 19 0 17 0 0 0 16 0 0 4 18 8
0 0 0 15 0 6 10 0 0 0 8 0 0 19
13 19 0 18 0 18 0 1 12 0 9 12 7 0
12 0 0 0 3 1 5 18 15 17 0 0 1 0
0 9 1 0 0 0 0 17 10 17 0 6 0 0
13 8 0 3 14 0 18 17 0 17 0 0 0 0
6 3 0 0 13 14 8 0 16 6 0 0 8 0
0 16 19 0 0 15 0 18 14 0 16 0 15 0
2 9 0 18 13 12 3 0 12 14 3 0 0 16
18 14 0 13 15 0 0 0 0 0 13 0 0 5
17 0 0 16 0 0 0 0 0 0 0 0 18 7
0 0 0 0 U
0 1 0 1 U
0 2 0 2 U
0 3 0 3 U
0 4 0 4 U
0 5 0 5 R
0 6 0 6 R
0 7 0 7 R
0 8 0 8 R
0 9 0 9 R
0 10 0 10 D
0 11 0 11 D
0 12 0 12 D
0 13 0 13 D
0 14 0 14 D
0 15 0 15 L
0 16 0 16 L
0 17 0 17 L
0 18 0 18 L
0 19 0 19 L
1 0 8 5 R
1 1 4 9 R
1 2 0 8 R
1 3 5 3 U
1 4 2 4 U
1 5 0 0 U
1 6 0 17 L
1 7 7 13 D
1 8 6 14 D
1 9 10 9 R
1 10 11 6 R
1 11 15 6 R
1 12 2 18 L
1 13 3 13 D
1 14 2 14 D
1 15 0 1 U
1 16 6 16 L
1 17 2 17 L
1 18 9 18 L
1 19 4 19 L
2 0 0 5 R
2 1 7 1 U
2 2 1 2 U
2 3 11 9 R
2 4 4 6 R
2 5 0 16 L
2 6 10 6 R
2 7 8 7 R
2 8 8 2 U
2 9 6 9 R
2 10 5 18 L
2 11 14 9 R
2 12 1 12 D
2 13 0 19 L
2 14 5 14 D
2 15 1 0 U
2 16 11 0 U
2 17 1 10 D
2 18 14 3 U
2 19 4 11 D
3 0 14 16 L
3 1 7 1 U
3 2 15 2 U
3 3 6 6 R
3 4 4 4 U
3 5 2 0 U
3 6 10 4 U
3 7 12 3 U
3 8 0 19 L
3 9 0 3 U
3 10 11 7 R
3 11 13 15 L
3 12 0 17 L
3 13 0 8 R
3 14 2 5 R
3 15 13 15 L
3 16 1 16 L
3 17 5 4 U
3 18 6 14 D
3 19 4 14 D
4 0 2 6 R
4 1 0 13 D
4 2 3 7 R
4 3 9 3 U
4 4 8 8 R
4 5 1 1 U
4 6 8 0 U
4 7 8 7 R
4 8 15 8 R
4 9 0 18 L
4 10 1 10 D
4 11 2 11 D
4 12 2 12 D
4 13 1 15 L
4 14 3 14 D
4 15 8 2 U
4 16 9 10 D
4 17 11 2 U
4 18 7 18 L
4 19 1 19 L
5 0 1 5 R
5 1 15 1 U
5 2 4 13 D
5 3 0 10 D
5 4 13 5 R
5 5 6 10 D
5 6 7 17 L
5 7 12 0 U
5 8 13 1 U
5 9 0 13 D
5 10 11 16 L
5 11 12 0 U
5 12 12 12 D
5 13 6 15 L
5 14 4 14 D
5 15 2 1 U
5 16 14 1 U
5 17 11 13 D
5 18 1 18 L
5 19 3 19 L
6 0 0 16 L
6 1 5 16 L
6 2 5 2 U
6 3 7 10 D
6 4 1 4 U
6 5 7 5 R
6 6 1 6 R
6 7 7 7 R
6 8 0 1 U
6 9 18 0 U
6 10 5 10 D
6 11 4 11 D
6 12 12 5 R
6 13 2 9 R
6 14 1 7 R
6 15 11 12 D
6 16 4 11 D
6 17 8 12 D
6 18 11 11 D
6 19 12 19 L
7 0 0 19 L
7 1 0 10 D
7 2 16 5 R
7 3 5 16 L
7 4 8 13 D
7 5 0 4 U
7 6 9 2 U
7 7 0 11 D
7 8 11 1 U
7 9 3 11 D
7 10 0 5 R
7 11 12 15 L
7 12 6 16 L
7 13 0 18 L
7 14 0 18 L
7 15 0 0 U
7 16 12 16 L
7 17 2 6 R
7 18 2 11 D
7 19 10 13 D
8 0 10 15 L
8 1 0 11 D
8 2 11 2 U
8 3 12 3 U
8 4 5 4 U
8 5 1 5 R
8 6 0 10 D
8 7 10 17 L
8 8 1 8 R
8 9 0 16 L
8 10 0 15 L
8 11 2 5 R
8 12 0 2 U
8 13 0 0 U
8 14 9 7 R
8 15 2 14 D
8 16 0 10 D
8 17 6 10 D
8 18 6 18 L
8 19 2 11 D
9 0 4 7 R
9 1 2 7 R
9 2 6 14 D
9 3 7 11 D
9 4 14 5 R
9 5 13 0 U
9 6 2 11 D
9 7 8 10 D
9 8 7 8 R
9 9 7 9 R
9 10 11 9 R
9 11 14 5 R
9 12 1 12 D
9 13 4 5 R
9 14 12 9 R
9 15 0 5 R
9 16 17 16 L
9 17 16 17 L
9 18 6 4 U
9 19 5 2 U
10 0 7 12 D
10 1 2 1 U
10 2 1 18 L
10 3 1 3 U
10 4 4 18 L
10 5 13 11 D
10 6 5 6 R
10 7 8 16 L
10 8 0 17 L
10 9 1 9 R
10 10 3 15 L
10 11 5 8 R
10 12 16 12 D
10 13 17 13 D
10 14 6 17 L
10 15 15 10 D
10 16 8 13 D
10 17 5 17 L
10 18 11 18 L
10 19 11 0 U
11 0 14 18 L
11 1 1 19 L
11 2 13 15 L
11 4 6 7 R
11 5 1 11 D
11 6 4 16 L
11 7 14 0 U
11 8 1 8 R
11 9 5 9 R
11 10 0 16 L
11 11 3 17 L
11 12 6 7 R
11 13 6 13 D
11 14 3 14 D
11 15 6 0 U
11 16 3 2 U
11 17 4 11 D
11 18 0 12 D
12 0 3 8 R
12 1 0 18 L
12 2 5 2 U
12 4 1 4 U
12 5 10 0 U
12 6 6 13 D
12 7 1 7 R
12 8 1 8 R
12 9 11 13 D
12 10 11 17 L
12 11 5 15 L
12 12 7 17 L
12 13 13 13 D
12 14 16 17 L
12 15 3 3 U
12 16 6 4 U
12 17 0 8 R
12 18 8 1 U
13 0 4 8 R
13 1 8 17 L
13 2 16 2 U
13 5 10 11 D
13 6 6 6 R
13 7 3 7 R
13 8 10 16 L
13 9 2 9 R
13 10 4 15 L
13 11 1 11 D
13 12 15 12 D
13 13 8 13 D
13 14 3 14 D
13 15 10 12 D
13 16 14 10 D
13 17 14 1 U
13 18 9 0 U
14 0 10 6 R
14 1 5 8 R
14 2 3 8 R
14 4 1 4 U
14 5 0 15 L
14 6 16 1 U
14 7 7 3 U
14 8 11 10 D
14 9 10 12 D
14 10 0 1 U
14 11 0 6 R
14 12 4 9 R
14 13 1 5 R
14 14 11 8 R
14 15 0 3 U
14 16 3 13 D
14 17 0 7 R
14 18 1 5 R
15 0 0 15 L
15 1 13 9 R
15 2 1 5 R
15 4 13 6 R
15 5 17 5 R
15 6 5 15 L
15 7 10 7 R
15 8 1 8 R
15 9 8 17 L
15 10 1 5 R
15 11 13 7 R
15 12 16 8 R
15 13 3 13 D
15 14 1 14 D
15 15 0 2 U
15 16 0 11 D
15 17 12 17 L
15 18 2 18 L
16 0 6 7 R
16 1 15 10 D
16 2 4 6 R
16 5 14 15 L
16 6 0 2 U
16 7 2 18 L
16 8 9 8 R
16 9 2 2 U
16 10 8 0 U
16 11 14 1 U
16 12 2 16 L
16 13 6 2 U
16 14 11 14 D
16 15 0 14 D
16 16 9 4 U
16 17 15 4 U
16 18 2 18 L
17 0 18 10 D
17 1 0 12 D
17 2 10 2 U
17 5 2 15 L
17 6 9 12 D
17 7 15 11 D
17 8 16 16 L
17 9 1 17 L
17 10 8 15 L
17 11 8 11 D
17 14 16 8 R
17 15 7 14 D
17 16 10 11 D
17 18 6 10 D
18 1 17 16 L
18 2 17 5 R
18 5 16 5 R
18 6 0 4 U
18 7 7 17 L
18 8 17 17 L
18 9 3 9 R
18 10 6 10 D
18 11 13 18 L
18 14 8 14 D
18 15 13 5 R
18 16 9 13 D
18 18 9 18 L
19 0 18 0 U
19 1 3 1 U
19 7 13 7 R
19 18 1 18 L

