22 17 344
0 6 0 6 3 0 8 0 0 0 0 8 0 0 0 7 2
2 3 10 0 0 4 0 0 5 11 1 9 3 20 20 11 1
12 5 12 19 14 0 17 0 13 12 0 0 14 0 2 0 0
15 7 16 0 18 0 0 0 0 0 0 0 18 0 17 10 5
0 16 15 15 0 0 0 13 0 8 11 6 16 8 0 0 10
0 17 0 0 16 2 11 14 15 0 13 4 0 0 0 12 7
15 18 0 20 0 0 17 0 0 0 8 0 0 2 0 0 10
13 0 12 0 15 4 3 0 0 13 0 0 0 0 18 0 0
15 16 16 4 0 0 0 19 0 0 0 0 0 19 0 0 19
0 0 17 12 0 15 0 0 14 13 0 11 3 0 0 0 0
20 20 19 0 0 0 0 18 18 13 8 0 0 0 0 2 0
21 0 16 0 0 17 15 18 0 0 18 0 11 0 17 3 0
0 0 13 0 0 3 0 19 0 17 0 7 14 0 0 8 5
4 0 14 12 0 17 0 0 0 18 0 0 0 16 14 8 7
21 0 0 0 20 0 0 14 0 17 0 0 0 19 0 0 18
8 0 3 2 1 0 3 18 19 6 12 0 0 11 3 6 0
4 8 3 0 0 5 5 1 4 3 16 4 15 12 0 0 10
0 0 0 0 L
0 1 0 1 L
0 2 0 2 L
0 3 0 3 L
0 4 0 4 R
0 5 0 5 R
0 6 0 6 R
0 7 0 7 R
0 8 0 8 D
0 9 0 9 D
0 10 0 10 D
0 11 0 11 D
0 12 0 12 D
0 13 0 13 U
0 14 0 14 U
0 15 0 15 U
0 16 0 16 U
1 0 0 8 D
1 1 1 13 U
1 2 0 6 R
1 3 0 14 U
1 4 0 13 U
1 5 1 13 U
1 6 0 1 L
1 7 0 14 U
1 8 0 4 R
1 9 0 5 R
1 10 0 3 L
1 11 0 15 U
1 12 0 16 U
1 13 0 0 L
1 14 0 9 D
1 15 0 1 L
1 16 0 3 L
2 0 0 4 R
2 1 2 1 L
2 2 2 2 L
2 3 1 3 L
2 4 0 14 U
2 5 0 9 D
2 6 2 6 R
2 7 4 7 R
2 8 0 13 U
2 9 3 0 L
2 10 2 10 D
2 11 3 11 D
2 12 6 12 D
2 13 0 8 D
2 14 1 14 U
2 15 1 15 U
2 16 0 10 D
3 0 0 5 R
3 1 3 13 U
3 2 1 2 L
3 3 0 15 U
3 4 0 8 D
3 5 1 5 R
3 6 0 14 U
3 7 3 7 R
3 8 3 8 D
3 9 0 3 L
3 10 4 10 D
3 11 1 11 D
3 12 5 12 D
3 13 0 2 L
3 14 0 5 R
3 15 0 6 R
3 16 5 5 R
4 0 3 0 L
4 1 0 14 U
4 2 0 13 U
4 3 3 3 L
4 4 3 4 R
4 5 0 15 U
4 6 4 6 R
4 7 1 11 D
4 8 0 1 L
4 9 0 2 L
4 10 1 4 R
4 11 1 7 R
4 12 4 12 D
4 13 2 0 L
4 14 2 4 R
4 15 0 9 D
4 16 6 16 U
5 0 2 16 U
5 1 0 10 D
5 2 2 11 D
5 3 4 3 L
5 4 0 16 U
5 5 2 2 L
5 6 4 13 U
5 7 1 7 R
5 8 0 15 U
5 9 1 6 R
5 10 1 14 U
5 11 5 11 D
5 12 2 12 D
5 13 5 13 U
5 14 1 1 L
5 15 5 15 U
5 16 0 2 L
6 0 4 11 D
6 1 0 7 R
6 2 4 13 U
6 3 0 16 U
6 4 4 4 R
6 5 1 1 L
6 6 8 6 R
6 7 2 7 R
6 8 1 8 D
6 9 4 4 R
6 10 3 10 D
6 11 1 16 U
6 12 6 6 R
6 13 6 1 L
6 14 7 6 R
6 15 7 15 U
6 16 2 16 U
7 0 0 12 D
7 1 5 8 D
7 2 0 9 D
7 3 0 11 D
7 4 0 11 D
7 5 0 0 L
7 6 0 2 L
7 7 0 11 D
7 8 2 8 D
7 9 7 9 D
7 10 6 3 L
7 11 6 1 L
7 12 9 14 U
7 13 3 13 U
7 14 3 14 U
7 15 4 2 L
7 16 1 6 R
8 0 7 0 L
8 1 5 1 L
8 2 2 10 D
8 3 2 14 U
8 4 0 2 L
8 5 5 5 R
8 6 9 6 R
8 7 9 7 R
8 8 0 5 R
8 9 9 9 D
8 10 7 10 D
8 11 0 2 L
8 12 11 12 D
8 13 4 13 U
8 14 0 3 L
8 15 8 15 U
8 16 9 16 U
9 0 5 0 L
9 1 0 12 D
9 2 7 15 U
9 3 8 16 U
9 4 6 4 R
9 5 6 5 R
9 6 3 11 D
9 7 5 15 U
9 8 1 0 L
9 9 2 5 R
9 10 8 10 D
9 11 3 3 L
9 12 8 12 D
9 13 0 4 R
9 14 8 4 R
9 15 6 5 R
9 16 4 16 U
10 0 3 12 D
10 1 7 8 D
10 2 13 13 U
10 3 2 10 D
10 4 6 11 D
10 5 2 15 U
10 6 0 9 D
10 7 2 0 L
10 8 2 0 L
10 9 3 4 R
10 10 4 13 U
10 11 5 0 L
10 12 0 14 U
10 13 12 1 L
10 14 2 5 R
10 15 2 15 U
10 16 0 8 D
11 0 6 8 D
11 1 8 1 L
11 2 10 2 L
11 3 9 3 L
11 4 8 4 R
11 5 7 5 R
11 6 12 6 R
11 7 15 7 R
11 8 5 4 R
11 9 8 0 L
11 10 12 10 D
11 11 13 4 R
11 12 14 12 D
11 13 9 13 U
11 14 8 3 L
11 15 7 2 L
11 16 10 16 U
12 0 8 13 U
12 1 11 1 L
12 2 8 2 L
12 3 5 7 R
12 4 1 4 R
12 5 2 5 R
12 6 10 9 D
12 7 11 7 R
12 8 9 0 L
12 9 8 1 L
12 10 10 10 D
12 11 10 5 R
12 12 15 4 R
12 13 2 6 R
12 14 10 8 D
12 15 13 15 U
12 16 7 16 U
13 0 9 13 U
13 1 9 1 L
13 2 5 16 U
13 3 8 3 L
13 4 12 9 D
13 5 7 12 D
13 6 13 6 R
13 7 5 7 R
13 8 11 8 D
13 9 1 15 U
13 10 0 6 R
13 11 8 13 U
13 12 13 12 D
13 13 12 13 U
13 14 14 0 L
13 15 4 15 U
13 16 8 7 R
14 0 1 14 U
14 1 13 11 D
14 2 9 14 U
14 3 1 16 U
14 4 5 10 D
14 5 0 12 D
14 6 9 1 L
14 7 11 14 U
14 8 12 7 R
14 9 11 2 L
14 10 4 5 R
14 11 14 11 D
14 12 0 15 U
14 13 11 6 R
14 14 13 2 L
14 15 0 5 R
14 16 8 16 U
15 0 1 9 D
15 1 11 13 U
15 2 14 14 U
15 3 14 3 L
15 4 0 3 L
15 5 11 8 D
15 6 2 8 D
15 7 12 7 R
15 8 0 0 L
15 9 6 9 D
15 10 13 1 L
15 11 16 11 D
15 12 18 12 D
15 13 10 3 L
15 14 14 14 U
15 15 9 5 R
15 16 10 7 R
16 0 3 16 U
16 1 16 1 L
16 2 13 2 L
16 3 13 3 L
16 4 17 4 R
16 5 12 5 R
16 6 14 6 R
16 7 3 8 D
16 8 12 6 R
16 9 4 2 L
16 10 11 10 D
16 11 12 11 D
16 12 17 12 D
16 13 1 5 R
16 14 18 4 R
16 15 12 3 L
16 16 16 16 U
17 0 14 10 D
17 1 13 1 L
17 2 18 8 D
17 3 7 3 L
17 4 16 4 R
17 5 16 5 R
17 6 0 10 D
17 7 7 15 U
17 8 13 7 R
17 9 15 9 D
17 10 16 0 L
17 11 11 11 D
17 12 18 4 R
17 13 6 4 R
17 14 8 14 U
17 15 11 15 U
17 16 15 16 U
18 0 17 14 U
18 1 15 16 U
18 2 3 2 L
18 3 12 3 L
18 4 16 12 D
18 5 0 13 U
18 6 0 8 D
18 7 16 7 R
18 8 0 7 R
18 10 6 4 R
18 11 19 11 D
18 12 16 12 D
18 13 5 1 L
18 14 12 14 U
18 15 15 15 U
18 16 0 5 R
19 0 16 10 D
19 1 15 1 L
19 2 20 11 D
19 4 10 13 U
19 5 20 5 R
19 6 19 6 R
19 10 20 2 L
19 11 9 11 D
19 13 7 1 L
19 14 11 5 R
19 15 18 15 U
19 16 20 5 R
20 0 17 0 L
20 1 19 1 L
20 2 10 10 D
20 4 15 16 U
20 6 18 6 R
20 14 17 14 U
20 15 8 2 L
20 16 16 6 R
21 0 17 16 U
21 16 17 16 U

