34 41 1255
1 16 31 15 0 3 20 25 0 27 6 25 31 13 3 24 12 18
16 22 27 5 4 2 19 30 28 0 31 0 0 29 14 14 3 7
0 32 0 18 2 3 21 32 10 7 23 28 30 0 29 0 3 4
11 0 28 29 0 0 26 30 0 31 0 32 25 32 24 18 28 0
10 0 6 2 8 0 8 25 21 8 0 0 20 26 23 22 28 33
0 0 13 21 27 12 6 23 28 24 30 0 0 0 0 27 22 23
30 27 0 25 0 0 0 28 22 0 23 0 0 0 29 29 0 32
23 32 31 30 29 28 12 27 0 26 21 0 0 25 24 0 31 0
27 0 0 0 24 0 28 17 31 0 0 21 0 28 24 22 30 0
0 7 6 2 0 3 17 15 0 30 29 18 17 25 5 25 29 0
0 27 0 21 29 6 5 20 0 13 30 12 20 0 28 27 7 0
10 19 29 18 13 29 0 29 0 26 25 24 24 23 22 30 24 0
13 28 29 31 29 28 15 30 28 0 0 27 24 11 23 0 0 0
19 23 24 0 0 0 0 31 25 26 28 24 2 26 1 0 12 0
0 0 22 0 22 9 0 13 0 24 31 31 0 0 12 28 0 0
19 0 16 0 0 3 21 22 23 0 0 0 24 25 26 0 28 0
13 26 0 18 0 14 21 2 4 31 26 26 25 27 14 25 13 0
10 22 16 2 28 0 0 8 22 23 22 21 9 28 0 0 27 22
0 0 0 0 D
0 1 0 1 D
0 2 0 2 D
0 3 0 3 D
0 4 0 4 D
0 5 0 5 D
0 6 0 6 D
0 7 0 7 D
0 8 0 8 D
0 9 0 9 D
0 10 0 10 R
0 11 0 11 R
0 12 0 12 R
0 13 0 13 R
0 14 0 14 R
0 15 0 15 R
0 16 0 16 R
0 17 0 17 R
0 18 0 18 R
0 19 0 19 R
0 20 0 20 R
0 21 0 21 U
0 22 0 22 U
0 23 0 23 U
0 24 0 24 U
0 25 0 25 U
0 26 0 26 U
0 27 0 27 U
0 28 0 28 U
0 29 0 29 U
0 30 0 30 L
0 31 0 31 L
0 32 0 32 L
0 33 0 33 L
0 34 0 34 L
0 35 0 35 L
0 36 0 36 L
0 37 0 37 L
0 38 0 38 L
0 39 0 39 L
0 40 0 40 L
1 0 0 10 R
1 1 0 30 L
1 2 0 31 L
1 3 1 21 U
1 4 1 34 L
1 5 0 35 L
1 6 0 24 U
1 7 0 15 R
1 8 0 25 U
1 9 3 17 R
1 10 0 21 U
1 11 0 2 D
1 12 0 30 L
1 13 1 5 D
1 14 1 6 D
1 15 0 36 L
1 16 1 7 D
1 17 0 26 U
1 18 1 7 D
1 19 0 4 D
1 20 7 32 L
1 21 0 11 R
1 22 0 10 R
1 23 0 33 L
1 24 0 36 L
1 25 0 14 R
1 26 1 38 L
1 27 0 17 R
1 28 0 39 L
1 29 3 3 D
1 30 0 0 D
1 31 0 1 D
1 32 0 10 R
1 33 0 22 U
1 34 0 0 D
1 35 0 12 R
1 36 0 23 U
1 37 2 6 D
1 38 0 16 R
1 39 3 23 U
1 40 4 7 D
2 0 0 11 R
2 1 1 12 R
2 2 0 23 U
2 3 2 3 D
2 4 0 13 R
2 5 1 5 D
2 6 1 14 R
2 7 2 33 L
2 8 2 8 D
2 9 2 9 D
2 10 0 1 D
2 11 0 22 U
2 12 0 4 D
2 13 1 13 R
2 14 0 25 U
2 15 2 15 R
2 16 2 16 R
2 17 2 28 U
2 18 2 18 R
2 19 2 19 R
2 20 7 20 R
2 21 0 32 L
2 22 0 31 L
2 23 0 4 D
2 24 0 37 L
2 25 2 25 U
2 26 0 8 D
2 27 1 27 U
2 28 2 2 D
2 29 2 29 U
2 30 0 3 D
2 31 0 2 D
2 32 1 32 L
2 33 2 33 L
2 34 1 34 L
2 35 2 35 L
2 36 0 24 U
2 37 1 37 L
2 38 2 38 L
2 39 3 39 L
2 40 4 40 L
3 0 0 32 L
3 1 1 30 L
3 2 3 16 R
3 3 1 11 R
3 4 0 14 R
3 5 2 17 R
3 6 5 38 L
3 7 3 7 D
3 8 3 8 D
3 9 1 9 D
3 10 0 27 U
3 11 2 21 U
3 12 0 3 D
3 13 2 1 D
3 14 2 23 U
3 15 0 0 D
3 16 0 28 U
3 17 1 9 D
3 18 3 18 R
3 19 3 19 R
3 20 6 20 R
3 21 1 15 R
3 22 0 12 R
3 23 3 13 R
3 24 1 31 L
3 25 1 39 L
3 26 3 26 U
3 27 2 27 U
3 28 3 28 U
3 29 5 29 U
3 30 2 5 D
3 31 1 14 R
3 32 3 32 L
3 33 4 33 L
3 34 2 34 L
3 35 0 13 R
3 36 5 5 D
3 37 4 6 D
3 38 0 19 R
3 39 2 24 U
3 40 2 18 R
4 0 0 33 L
4 1 0 26 U
4 2 2 34 L
4 3 2 18 R
4 4 0 38 L
4 5 0 10 R
4 6 5 6 D
4 7 5 34 L
4 8 1 27 U
4 9 2 26 U
4 10 0 8 D
4 11 0 29 U
4 12 4 12 R
4 13 3 1 D
4 14 3 23 U
4 15 3 4 D
4 16 0 25 U
4 17 4 4 D
4 18 0 30 L
4 19 1 19 R
4 20 6 5 D
4 21 4 10 R
4 22 3 22 U
4 23 5 32 L
4 24 0 34 L
4 25 5 36 L
4 26 0 15 R
4 27 0 35 L
4 28 3 17 R
4 29 1 29 U
4 30 1 3 D
4 31 4 22 U
4 32 0 5 D
4 33 3 33 L
4 34 0 2 D
4 35 5 35 L
4 36 5 36 L
4 37 5 37 L
4 38 4 38 L
4 39 3 14 R
4 40 5 40 L
5 0 3 10 R
5 1 5 1 D
5 2 5 39 L
5 3 0 18 R
5 4 5 4 D
5 5 1 24 U
5 6 4 6 D
5 7 4 27 U
5 8 4 8 D
5 9 8 9 D
5 10 2 22 U
5 11 1 2 D
5 12 1 12 R
5 13 3 13 R
5 14 0 24 U
5 15 5 24 U
5 16 4 16 R
5 17 5 28 U
5 18 5 18 R
5 19 0 31 L
5 20 0 27 U
5 21 0 0 D
5 22 2 32 L
5 23 4 23 U
5 24 4 15 R
5 25 3 25 U
5 26 1 26 U
5 27 0 2 D
5 28 4 32 L
5 29 4 40 L
5 30 0 27 U
5 31 5 31 L
5 32 2 21 U
5 33 1 33 L
5 34 4 17 R
5 35 4 35 L
5 36 1 10 R
5 37 2 37 L
5 38 3 38 L
5 39 4 39 L
5 40 6 40 L
6 0 2 11 R
6 1 4 14 R
6 2 2 19 R
6 3 1 13 R
6 4 4 12 R
6 5 6 36 L
6 6 5 33 L
6 7 6 7 D
6 8 0 36 L
6 9 7 9 D
6 10 2 6 D
6 11 5 8 D
6 12 7 21 U
6 13 6 6 D
6 14 8 14 R
6 15 2 3 D
6 16 0 36 L
6 17 11 29 U
6 18 5 1 D
6 19 5 19 R
6 20 9 20 R
6 21 7 31 L
6 22 4 38 L
6 23 5 10 R
6 24 8 34 L
6 25 0 30 L
6 26 5 6 D
6 27 5 30 L
6 28 2 28 U
6 29 4 29 U
6 30 0 21 U
6 31 0 7 D
6 32 0 3 D
6 33 1 0 D
6 34 2 1 D
6 35 8 27 U
6 36 6 36 L
6 37 5 24 U
6 38 5 20 R
6 39 18 9 D
6 40 3 40 L
7 0 0 40 L
7 1 6 1 D
7 2 6 2 D
7 3 3 20 R
7 4 3 31 L
7 5 6 5 D
7 6 3 30 L
7 7 7 10 R
7 8 1 33 L
7 9 6 9 D
7 10 1 30 L
7 11 5 2 D
7 12 5 12 R
7 13 2 21 U
7 14 13 14 R
7 15 6 32 L
7 16 1 16 R
7 17 16 17 R
7 18 0 7 D
7 19 6 19 R
7 20 7 7 D
7 21 6 12 R
7 22 7 22 U
7 23 6 23 U
7 24 0 3 D
7 25 1 25 U
7 26 8 26 U
7 27 0 10 R
7 28 7 28 U
7 29 0 18 R
7 30 0 29 U
7 31 0 11 R
7 32 2 28 U
7 33 0 4 D
7 34 7 34 L
7 35 8 35 L
7 36 0 7 D
7 37 11 22 U
7 38 12 11 R
7 39 18 39 L
7 40 2 40 L
8 0 7 30 L
8 1 4 30 L
8 2 1 19 R
8 3 6 35 L
8 4 9 32 L
8 5 7 33 L
8 6 2 6 D
8 7 9 30 L
8 8 1 8 D
8 9 8 30 L
8 10 9 0 D
8 11 9 27 U
8 12 6 0 D
8 13 10 1 D
8 14 14 14 R
8 15 6 15 R
8 16 7 16 R
8 17 9 17 R
8 18 7 4 D
8 19 6 25 U
8 20 5 20 R
8 21 1 13 R
8 22 6 22 U
8 23 7 23 U
8 24 2 8 D
8 25 6 34 L
8 26 9 26 U
8 27 8 27 U
8 28 5 5 D
8 29 9 16 R
8 30 5 30 L
8 31 8 6 D
8 32 9 9 D
8 33 0 14 R
8 34 6 3 D
8 35 6 35 L
8 36 5 18 R
8 37 12 37 L
8 38 16 38 L
8 39 0 29 U
8 40 0 21 U
9 0 5 22 U
9 1 0 20 R
9 2 9 24 U
9 3 8 33 L
9 4 6 19 R
9 5 13 14 R
9 6 2 37 L
9 7 7 7 D
9 8 2 18 R
9 9 3 9 D
9 10 8 4 D
9 11 5 0 D
9 12 0 26 U
9 13 12 13 R
9 14 12 25 U
9 15 8 15 R
9 16 6 2 D
9 17 15 37 L
9 18 6 18 R
9 19 8 28 U
9 20 1 20 R
9 21 0 16 R
9 22 3 31 L
9 23 8 23 U
9 24 11 10 R
9 25 2 15 R
9 26 9 31 L
9 27 8 37 L
9 28 8 28 U
9 29 8 29 U
9 30 1 30 L
9 31 2 29 U
9 32 4 11 R
9 33 5 1 D
9 34 8 34 L
9 35 7 35 L
9 36 9 36 L
9 37 10 29 U
9 38 13 38 L
9 39 9 39 L
9 40 8 40 L
10 0 3 0 D
10 1 10 32 L
10 2 7 13 R
10 3 11 11 R
10 4 10 36 L
10 5 12 5 D
10 6 10 35 L
10 7 8 12 R
10 8 2 34 L
10 9 9 9 D
10 10 8 23 U
10 11 9 11 R
10 12 7 12 R
10 13 10 13 R
10 14 11 26 U
10 15 9 7 D
10 16 3 6 D
10 17 18 17 R
10 18 7 3 D
10 19 10 6 D
10 20 10 4 D
10 21 1 12 R
10 22 10 32 L
10 23 9 32 L
10 24 12 24 U
10 25 13 14 R
10 26 5 26 U
10 27 0 33 L
10 28 0 0 D
10 29 8 13 R
10 30 7 2 D
10 31 0 15 R
10 32 6 15 R
10 33 10 21 U
10 34 8 9 D
10 35 10 35 L
10 36 10 36 L
10 37 14 37 L
10 38 15 38 L
10 39 19 39 L
10 40 0 20 R
11 0 2 31 L
11 1 12 1 D
11 2 11 26 U
11 3 15 15 R
11 4 11 4 D
11 5 11 5 D
11 6 11 6 D
11 7 9 34 L
11 8 14 37 L
11 9 10 9 D
11 10 10 2 D
11 11 1 24 U
11 12 9 12 R
11 13 0 8 D
11 14 10 14 R
11 15 4 22 U
11 16 12 21 U
11 17 0 7 D
11 18 11 21 U
11 19 11 2 D
11 20 19 21 U
11 21 2 34 L
11 22 10 22 U
11 23 10 11 R
11 24 11 24 U
11 25 14 25 U
11 26 8 36 L
11 27 9 27 U
11 28 13 28 U
11 29 12 29 U
11 30 10 0 D
11 31 2 31 L
11 32 12 0 D
11 33 9 33 L
11 34 0 16 R
11 35 10 27 U
11 36 7 36 L
11 37 2 24 U
11 38 14 38 L
11 39 17 39 L
11 40 10 40 L
12 0 0 21 U
12 1 11 1 D
12 2 3 35 L
12 3 0 23 U
12 4 12 4 D
12 5 9 5 D
12 6 10 6 D
12 7 14 7 D
12 8 15 8 D
12 9 10 10 R
12 10 12 4 D
12 11 11 11 R
12 12 0 9 D
12 13 8 13 R
12 14 12 14 R
12 15 7 27 U
12 16 15 16 R
12 17 17 17 R
12 18 11 18 R
12 19 15 8 D
12 20 18 20 R
12 21 12 10 R
12 22 5 22 U
12 23 12 23 U
12 24 10 24 U
12 25 11 25 U
12 26 9 35 L
12 27 10 27 U
12 28 9 28 U
12 29 11 29 U
12 30 11 7 D
12 31 9 9 D
12 32 0 6 D
12 33 11 33 L
12 34 15 22 U
12 35 10 2 D
12 36 1 3 D
12 37 11 37 L
12 38 13 24 U
12 39 19 18 R
13 0 2 30 L
13 1 8 15 R
13 2 11 21 U
13 3 14 3 D
13 4 7 14 R
13 5 10 14 R
13 6 8 11 R
13 7 15 7 D
13 8 9 8 D
13 9 11 9 D
13 10 15 2 D
13 11 11 1 D
13 12 12 2 D
13 13 9 28 U
13 14 0 5 D
13 15 12 15 R
13 16 10 22 U
13 17 18 26 U
13 18 2 37 L
13 19 10 19 R
13 20 17 20 R
13 21 11 31 L
13 22 7 12 R
13 23 15 37 L
13 24 0 13 R
13 25 10 32 L
13 26 14 26 U
13 27 11 27 U
13 28 0 5 D
13 29 10 29 U
13 30 3 5 D
13 31 12 29 U
13 32 15 25 U
13 33 9 6 D
13 34 15 34 L
13 35 9 35 L
13 36 13 36 L
13 37 8 28 U
13 38 0 11 R
13 39 20 39 L
14 0 9 21 U
14 1 7 1 D
14 2 12 33 L
14 3 11 3 D
14 4 12 40 L
14 5 8 19 R
14 6 3 21 U
14 7 13 31 L
14 8 10 8 D
14 9 11 31 L
14 10 15 10 R
14 11 10 11 R
14 12 14 3 D
14 13 13 0 D
14 14 7 25 U
14 15 11 22 U
14 16 12 16 R
14 17 20 3 D
14 18 8 18 R
14 19 16 2 D
14 20 16 20 R
14 21 13 37 L
14 22 6 2 D
14 23 12 36 L
14 24 0 1 D
14 25 12 25 U
14 26 14 4 D
14 27 11 14 R
14 28 4 10 R
14 29 3 32 L
14 30 6 3 D
14 31 13 31 L
14 32 14 32 L
14 33 10 33 L
14 34 0 27 U
14 35 9 0 D
14 36 14 36 L
14 37 9 37 L
14 38 18 38 L
14 39 12 39 L
15 0 7 18 R
15 1 9 1 D
15 2 9 11 R
15 3 14 26 U
15 4 14 4 D
15 5 5 5 D
15 6 9 30 L
15 7 13 7 D
15 8 13 8 D
15 9 12 9 D
15 10 10 10 R
15 11 10 22 U
15 12 13 3 D
15 13 14 13 R
15 14 11 14 R
15 15 14 15 R
15 16 5 16 R
15 17 7 17 R
15 18 15 18 R
15 19 18 19 R
15 20 4 20 R
15 21 13 35 L
15 22 14 34 L
15 23 15 12 R
15 24 14 24 U
15 25 15 25 U
15 26 15 26 U
15 27 11 35 L
15 28 4 28 U
15 29 14 39 L
15 30 13 30 L
15 31 13 7 D
15 32 12 4 D
15 33 12 10 R
15 34 12 34 L
15 35 13 35 L
15 36 18 28 U
15 37 13 37 L
15 38 8 38 L
15 39 19 24 U
16 0 11 16 R
16 1 0 38 L
16 2 15 14 R
16 3 13 13 R
16 4 7 4 D
16 5 12 33 L
16 6 0 23 U
16 7 14 18 R
16 8 16 8 D
16 9 7 37 L
16 10 14 25 U
16 11 10 0 D
16 12 10 7 D
16 13 0 28 U
16 14 16 26 U
16 15 15 27 U
16 16 19 4 D
16 17 12 17 R
16 18 16 3 D
16 19 17 19 R
16 20 15 20 R
16 21 15 10 R
16 22 12 15 R
16 23 16 23 U
16 24 5 12 R
16 25 13 7 D
16 26 16 38 L
16 27 16 27 U
16 28 6 28 U
16 29 13 29 U
16 30 14 6 D
16 31 6 1 D
16 32 16 25 U
16 33 17 33 L
16 34 0 19 R
16 35 9 23 U
16 36 17 36 L
16 37 10 22 U
16 38 9 38 L
16 39 17 18 R
17 0 17 30 L
17 1 14 20 R
17 2 19 13 R
17 3 16 14 R
17 4 13 20 R
17 5 17 34 L
17 6 13 6 D
17 7 17 33 L
17 8 14 8 D
17 9 18 9 D
17 10 13 21 U
17 11 15 26 U
17 12 12 0 D
17 13 15 1 D
17 14 14 0 D
17 15 7 23 U
17 16 13 16 R
17 17 11 23 U
17 18 17 30 L
17 19 16 19 R
17 20 9 1 D
17 21 13 19 R
17 22 6 30 L
17 23 4 16 R
17 24 6 12 R
17 25 14 32 L
17 26 15 33 L
17 27 17 19 R
17 28 17 15 R
17 29 16 36 L
17 30 9 24 U
17 31 19 31 L
17 32 19 32 L
17 33 2 23 U
17 34 17 34 L
17 35 18 3 D
17 36 16 36 L
17 37 10 5 D
17 38 12 38 L
17 39 15 39 L
18 0 13 10 R
18 1 15 31 L
18 2 16 30 L
18 3 3 38 L
18 4 8 4 D
18 5 15 5 D
18 6 1 17 R
18 7 16 39 L
18 8 15 30 L
18 9 5 39 L
18 10 7 8 D
18 11 0 23 U
18 12 16 22 U
18 13 10 28 U
18 14 19 22 U
18 15 1 9 D
18 16 18 16 R
18 17 19 17 R
18 18 19 18 R
18 19 12 26 U
18 20 14 20 R
18 21 12 0 D
18 22 18 11 R
18 23 0 37 L
18 24 17 12 R
18 25 5 3 D
18 26 18 14 R
18 27 18 27 U
18 28 2 31 L
18 29 7 29 U
18 30 19 5 D
18 31 16 31 L
18 32 17 25 U
18 33 12 33 L
18 34 16 34 L
18 35 15 35 L
18 36 6 6 D
18 37 17 6 D
18 38 11 38 L
18 39 21 39 L
19 0 16 38 L
19 1 16 12 R
19 2 15 25 U
19 3 16 3 D
19 4 17 35 L
19 5 16 16 R
19 6 12 36 L
19 7 16 7 D
19 8 17 8 D
19 9 18 10 R
19 10 16 0 D
19 11 18 21 U
19 12 17 2 D
19 13 18 13 R
19 14 18 28 U
19 15 15 30 L
19 16 17 16 R
19 17 22 5 D
19 18 16 18 R
19 19 19 2 D
19 20 11 20 R
19 21 13 32 L
19 22 19 32 L
19 23 14 19 R
19 24 17 24 U
19 25 15 35 L
19 26 19 26 U
19 27 19 27 U
19 28 19 17 R
19 29 17 17 R
19 30 17 24 U
19 31 0 5 D
19 32 17 32 L
19 33 16 7 D
19 34 14 34 L
19 35 9 7 D
19 36 11 36 L
19 37 17 17 R
19 38 14 23 U
19 39 11 39 L
20 0 18 20 R
20 1 11 12 R
20 2 20 22 U
20 3 7 12 R
20 4 0 31 L
20 5 20 13 R
20 6 12 26 U
20 7 26 20 R
20 8 19 39 L
20 9 0 21 U
20 10 19 3 D
20 11 3 0 D
20 12 21 12 R
20 13 11 4 D
20 14 20 1 D
20 15 20 15 R
20 16 19 1 D
20 17 22 2 D
20 18 18 29 U
20 19 21 2 D
20 20 19 5 D
20 21 19 39 L
20 22 6 32 L
20 23 15 16 R
20 24 17 9 D
20 25 20 39 L
20 26 12 35 L
20 27 4 27 U
20 28 6 18 R
20 29 21 38 L
20 30 0 8 D
20 31 1 23 U
20 32 14 21 U
20 33 2 12 R
20 34 7 6 D
20 35 6 2 D
20 36 1 17 R
20 37 19 4 D
20 38 3 28 U
20 39 10 25 U
21 0 16 10 R
21 1 19 26 U
21 2 21 2 D
21 3 0 29 U
21 4 18 13 R
21 5 16 13 R
21 6 17 6 D
21 7 26 38 L
21 8 19 8 D
21 9 22 9 D
21 10 17 0 D
21 11 20 22 U
21 12 13 31 L
21 13 7 26 U
21 14 28 26 U
21 15 19 24 U
21 16 20 16 R
21 17 23 17 R
21 18 13 23 U
21 19 23 19 R
21 20 22 22 U
21 21 12 38 L
21 22 20 34 L
21 23 17 20 R
21 24 13 24 U
21 25 9 25 U
21 26 24 11 R
21 27 16 30 L
21 28 25 12 R
21 29 20 29 U
21 30 12 22 U
21 31 0 25 U
21 32 24 32 L
21 33 25 16 R
21 34 21 34 L
21 35 18 35 L
21 36 15 36 L
21 37 5 13 R
21 38 20 38 L
21 39 23 39 L
22 0 0 27 U
22 1 21 25 U
22 2 7 38 L
22 3 21 3 D
22 4 22 30 L
22 5 11 36 L
22 6 25 31 L
22 7 28 7 D
22 9 21 9 D
22 10 20 9 D
22 11 20 11 R
22 12 0 35 L
22 13 25 7 D
22 15 29 15 R
22 16 20 3 D
22 17 24 2 D
22 18 0 33 L
22 19 5 23 U
22 20 22 20 R
22 21 2 12 R
22 22 21 34 L
22 23 21 11 R
22 24 23 24 U
22 25 19 25 U
22 26 21 26 U
22 27 24 27 U
22 28 26 28 U
22 29 14 36 L
22 30 21 9 D
22 31 18 0 D
22 32 21 32 L
22 33 12 2 D
22 34 12 21 U
22 35 18 29 U
22 36 8 25 U
22 37 30 37 L
22 38 1 0 D
22 39 23 21 U
23 0 20 0 D
23 1 20 31 L
23 2 22 2 D
23 3 24 3 D
23 4 22 4 D
23 5 24 5 D
23 6 27 6 D
23 7 28 13 R
23 9 20 9 D
23 10 12 24 U
23 11 23 22 U
23 12 21 2 D
23 13 21 13 R
23 15 27 15 R
23 16 23 16 R
23 17 26 1 D
23 18 25 18 R
23 19 22 19 R
23 20 21 20 R
23 21 20 10 R
23 22 18 39 L
23 23 20 23 U
23 24 24 32 L
23 25 0 32 L
23 26 22 26 U
23 27 23 27 U
23 28 27 28 U
23 29 24 14 R
23 30 20 16 R
23 31 6 24 U
23 32 23 21 U
23 33 20 2 D
23 34 5 0 D
23 35 25 1 D
23 36 11 22 U
23 37 24 37 L
23 38 26 28 U
23 39 13 39 L
24 0 7 20 R
24 1 23 10 R
24 2 23 2 D
24 3 23 3 D
24 4 23 4 D
24 5 16 5 D
24 6 22 6 D
24 7 25 7 D
24 9 22 37 L
24 10 18 1 D
24 11 22 3 D
24 12 14 6 D
24 13 12 28 U
24 15 28 6 D
24 16 19 30 L
24 17 0 30 L
24 18 28 18 R
24 19 19 6 D
24 20 13 20 R
24 21 15 0 D
24 22 22 11 R
24 23 1 30 L
24 24 27 33 L
24 25 17 34 L
24 26 20 12 R
24 27 22 27 U
24 28 24 28 U
24 29 21 29 U
24 30 21 22 U
24 31 22 23 U
24 32 26 32 L
24 33 19 33 L
24 34 13 34 L
24 35 28 35 L
24 36 24 36 L
24 37 25 37 L
24 38 27 38 L
24 39 16 39 L
25 0 5 32 L
25 1 11 18 R
25 2 20 2 D
25 3 20 34 L
25 4 24 33 L
25 5 25 5 D
25 6 21 17 R
25 7 29 7 D
25 9 0 27 U
25 10 26 21 U
25 11 25 30 L
25 12 23 12 R
25 13 27 29 U
25 15 30 15 R
25 16 8 16 R
25 17 32 17 R
25 18 31 18 R
25 19 25 19 R
25 20 22 0 D
25 21 22 16 R
25 22 27 39 L
25 23 24 23 U
25 24 15 24 U
25 25 21 31 L
25 26 23 26 U
25 27 21 27 U
25 28 12 28 U
25 29 26 32 L
25 30 7 25 U
25 31 26 19 R
25 32 25 32 L
25 33 28 33 L
25 34 3 1 D
25 35 26 35 L
25 36 19 36 L
25 37 21 37 L
25 38 5 0 D
25 39 20 20 R
26 0 24 34 L
26 1 23 11 R
26 2 25 11 R
26 3 25 10 R
26 4 26 4 D
26 5 23 5 D
26 6 26 16 R
26 7 24 7 D
26 9 17 39 L
26 10 19 0 D
26 11 24 11 R
26 12 21 25 U
26 13 0 27 U
26 15 28 15 R
26 16 14 16 R
26 17 27 17 R
26 18 22 18 R
26 19 22 21 U
26 20 14 2 D
26 21 25 39 L
26 22 26 22 U
26 23 9 23 U
26 24 18 24 U
26 25 22 25 U
26 26 24 31 L
26 27 20 27 U
26 28 25 28 U
26 29 27 29 U
26 30 12 3 D
26 31 26 25 U
26 32 20 6 D
26 33 27 33 L
26 34 8 17 R
26 35 23 35 L
26 36 23 36 L
26 37 22 37 L
26 38 23 7 D
26 39 10 24 U
27 0 9 10 R
27 1 0 12 R
27 2 26 2 D
27 3 15 3 D
27 4 25 4 D
27 5 24 32 L
27 6 17 38 L
27 9 28 9 D
27 10 7 30 L
27 11 7 1 D
27 12 25 26 U
27 13 22 29 U
27 15 26 15 R
27 16 27 6 D
27 17 26 17 R
27 18 26 18 R
27 19 26 19 R
27 20 26 20 R
27 21 23 0 D
27 22 23 22 U
27 23 7 39 L
27 24 0 20 R
27 25 26 19 R
27 26 27 26 U
27 27 15 27 U
27 28 3 6 D
27 29 23 36 L
27 30 24 1 D
27 31 24 5 D
27 32 19 6 D
27 33 26 33 L
27 34 19 34 L
27 35 19 29 U
27 36 29 36 L
27 37 24 23 U
27 38 25 20 R
27 39 24 4 D
28 0 27 12 R
28 1 30 35 L
28 2 21 38 L
28 3 30 30 L
28 4 26 10 R
28 5 28 37 L
28 6 23 20 R
28 9 28 15 R
28 10 18 9 D
28 11 22 28 U
28 12 25 12 R
28 13 31 13 R
28 15 25 15 R
28 16 24 21 U
28 17 25 17 R
28 18 21 18 R
28 19 31 3 D
28 20 26 26 U
28 21 7 33 L
28 22 22 33 L
28 23 26 38 L
28 24 27 36 L
28 25 21 13 R
28 26 16 11 R
28 27 27 19 R
28 28 0 4 D
28 29 31 29 U
28 30 26 23 U
28 31 22 21 U
28 32 6 12 R
28 33 24 33 L
28 34 22 6 D
28 35 26 5 D
28 36 30 22 U
28 37 4 37 L
28 38 23 38 L
28 39 30 12 R
29 0 21 32 L
29 1 8 18 R
29 2 24 10 R
29 3 31 3 D
29 4 16 21 U
29 5 31 5 D
29 6 30 33 L
29 10 28 4 D
29 11 19 31 L
29 12 30 22 U
29 13 30 13 R
29 15 24 15 R
29 17 21 17 R
29 20 23 20 R
29 21 21 17 R
29 22 31 10 R
29 23 23 30 L
29 24 26 24 U
29 25 18 35 L
29 26 29 11 R
29 27 26 27 U
29 28 30 28 U
29 29 27 32 L
29 30 26 2 D
29 31 27 9 D
29 32 28 32 L
29 33 25 33 L
29 34 31 34 L
29 35 29 15 R
29 36 30 36 L
29 37 29 37 L
29 38 25 38 L
29 39 31 39 L
30 0 29 34 L
30 1 25 35 L
30 2 29 10 R
30 3 29 3 D
30 4 30 4 D
30 5 30 5 D
30 6 23 15 R
30 10 29 22 U
30 11 28 11 R
30 12 29 12 R
30 13 24 29 U
30 15 23 15 R
30 17 13 17 R
30 21 21 30 L
30 22 12 19 R
30 23 29 23 U
30 24 25 24 U
30 25 27 15 R
30 26 6 26 U
30 27 25 27 U
30 28 29 28 U
30 29 15 29 U
30 30 25 23 U
30 31 29 9 D
30 32 2 32 L
30 33 28 4 D
30 34 30 25 U
30 35 32 35 L
30 36 28 36 L
30 39 30 39 L
31 0 29 0 D
31 2 24 2 D
31 3 29 39 L
31 4 31 31 L
31 5 30 14 R
31 10 29 26 U
31 11 20 31 L
31 12 28 12 R
31 13 29 5 D
31 15 30 7 D
31 17 24 17 R
31 21 15 32 L
31 22 0 6 D
31 23 28 13 R
31 24 19 20 R
31 25 29 25 U
31 26 27 34 L
31 27 6 27 U
31 28 20 28 U
31 29 24 29 U
31 30 26 0 D
31 31 30 31 L
31 32 10 32 L
31 33 12 1 D
31 35 29 35 L
31 36 27 36 L
31 39 12 24 U
32 0 31 37 L
32 2 24 17 R
32 15 30 21 U
32 21 31 17 R
32 22 25 35 L
32 23 24 2 D
32 30 29 22 U
32 35 31 35 L
33 0 17 0 D

