18 14 207
15 0 0 0 0 0 10 11 0 16
0 0 11 0 0 0 14 0 16 0
13 3 14 10 0 12 15 0 0 7
0 8 0 0 0 15 0 0 14 17
13 0 16 0 15 0 3 0 0 0
1 11 17 14 11 14 12 16 16 9
0 1 0 13 0 0 11 9 0 0
0 5 9 0 0 0 8 0 0 17
16 0 11 0 0 0 0 0 13 9
15 12 5 9 5 5 0 15 12 4
0 0 0 0 D
0 1 0 1 D
0 2 0 2 D
0 3 0 3 R
0 4 0 4 R
0 5 0 5 R
0 6 0 6 U
0 7 0 7 U
0 8 0 8 U
0 9 0 9 U
0 10 0 10 U
0 11 0 11 L
0 12 0 12 L
0 13 0 13 L
1 0 8 11 L
1 1 3 1 D
1 2 2 2 D
1 3 3 0 D
1 4 8 1 D
1 5 5 5 R
1 6 3 6 U
1 7 3 7 U
1 8 15 0 D
1 9 12 1 D
1 11 0 1 D
1 12 2 3 R
1 13 0 5 R
2 0 13 11 L
2 1 1 1 D
2 2 8 2 D
2 3 8 1 D
2 4 4 4 R
2 5 1 6 U
2 6 1 11 L
2 7 7 3 R
2 8 11 8 U
2 9 0 2 D
2 10 8 10 U
2 11 8 3 R
2 12 1 12 L
2 13 15 6 U
3 0 1 13 L
3 1 0 5 R
3 2 6 2 D
3 3 0 6 U
3 4 4 6 U
3 5 9 5 R
3 6 10 6 U
3 7 0 11 L
3 8 11 8 U
3 9 1 9 U
3 10 0 3 R
3 11 11 0 D
3 12 12 2 D
3 13 12 13 L
4 0 0 12 L
4 1 0 4 R
4 2 0 7 U
4 3 3 11 L
4 4 0 8 U
4 5 0 12 L
4 6 2 11 L
4 7 14 11 L
4 8 2 8 U
4 9 1 5 R
4 11 5 6 U
4 12 13 7 U
4 13 0 9 U
5 0 6 5 R
5 1 3 1 D
5 2 7 3 R
5 3 2 6 U
5 4 7 4 R
5 5 11 5 R
5 6 7 3 R
5 7 9 7 U
5 8 9 8 U
5 11 0 0 D
5 12 12 12 L
5 13 1 8 U
6 0 7 4 R
6 1 0 11 L
6 2 7 13 L
6 3 10 2 D
6 4 9 6 U
6 5 12 9 U
6 6 14 6 U
6 7 0 12 L
6 8 0 1 D
6 11 0 6 U
6 12 4 8 U
6 13 14 13 L
7 0 2 4 R
7 1 8 7 U
7 2 5 2 D
7 3 8 0 D
7 4 2 4 R
7 5 3 5 R
7 6 0 0 D
7 7 1 7 U
7 8 8 8 U
7 11 10 0 D
7 12 12 10 U
7 13 4 1 D
8 0 3 3 R
8 1 12 5 R
8 2 4 4 R
8 3 0 0 D
8 4 4 12 L
8 5 10 8 U
8 6 3 6 U
8 7 1 7 U
8 8 0 5 R
8 9 13 9 U
8 11 0 3 R
8 12 1 3 R
8 13 1 13 L
9 0 15 12 L
9 1 3 7 U
9 2 1 2 D
9 3 2 3 R
9 4 3 7 U
9 5 3 7 U
9 6 8 11 L
9 7 11 12 L
9 8 11 11 L
9 9 5 4 R
9 11 8 4 R
9 12 6 1 D
9 13 17 8 U
10 0 0 11 L
10 1 7 1 D
10 2 3 12 L
10 3 3 7 U
10 4 3 9 U
10 5 8 5 R
10 6 5 0 D
10 7 3 4 R
10 8 11 12 L
10 11 9 3 R
10 12 2 12 L
10 13 0 4 R
11 0 5 0 D
11 1 9 1 D
11 2 4 2 D
11 3 9 2 D
11 4 0 2 D
11 5 14 1 D
11 6 2 6 U
11 7 10 0 D
11 8 2 4 R
11 11 10 3 R
11 12 7 0 D
12 0 7 0 D
12 1 0 8 U
12 2 9 12 L
12 3 10 6 U
12 4 6 4 R
12 5 13 5 R
12 6 3 3 R
12 7 1 12 L
12 8 7 3 R
12 9 1 9 U
12 11 3 2 D
12 12 4 12 L
12 13 5 7 U
13 0 0 13 L
13 1 15 13 L
13 2 3 5 R
13 3 0 7 U
13 4 12 4 R
13 5 5 5 R
13 6 0 5 R
13 7 1 7 U
13 8 10 13 L
13 11 4 1 D
13 12 6 8 U
14 0 12 11 L
14 1 7 11 L
14 3 0 1 D
14 4 4 0 D
14 5 2 5 R
14 6 6 11 L
14 7 3 5 R
14 8 2 8 U
14 11 6 6 U
14 12 1 7 U
15 0 0 3 R
15 1 6 4 R
15 3 12 3 R
15 4 1 7 U
15 5 6 0 D
15 6 1 6 U
15 7 6 12 L
15 8 1 8 U
15 11 7 11 L
15 12 2 5 R
16 1 4 5 R
16 4 4 11 L
16 5 9 7 U
16 6 2 1 D
16 8 12 1 D
16 12 3 7 U
17 1 9 5 R
17 3 16 13 L
17 5 5 12 L
17 8 10 8 U

