25 28 592
3 0 0 0 21 22 12 12 0 21 5 19 15 0 18 0
6 12 19 0 12 3 22 0 0 15 6 21 2 15 5 12
17 0 0 0 0 18 0 0 0 21 10 6 17 1 0 0
5 0 0 6 19 0 5 20 20 0 0 19 7 12 0 0
0 17 17 19 13 20 0 0 0 0 12 0 3 9 18 4
4 0 0 16 0 2 19 17 6 0 22 16 0 9 0 0
6 2 7 8 0 19 21 7 7 0 12 0 22 7 21 9
0 0 0 15 24 0 1 5 0 9 17 0 0 21 0 21
0 0 23 0 13 3 21 7 2 11 15 21 6 0 7 20
0 0 0 14 0 0 0 11 0 21 0 19 0 9 0 19
0 0 1 19 0 23 13 23 22 16 0 4 14 24 10 0
0 0 0 6 2 20 14 0 20 6 0 0 7 0 0 20
0 0 0 0 0 0 7 22 0 6 0 0 16 17 18 18
0 0 10 0 0 17 18 7 1 20 22 0 0 23 17 0
12 0 11 19 11 12 2 21 10 0 11 0 0 0 0 8
0 22 9 0 16 0 0 19 12 5 19 5 0 18 16 8
0 0 0 0 U
0 1 0 1 U
0 2 0 2 U
0 3 0 3 U
0 4 0 4 U
0 5 0 5 U
0 6 0 6 R
0 7 0 7 R
0 8 0 8 R
0 9 0 9 R
0 10 0 10 R
0 11 0 11 R
0 12 0 12 R
0 13 0 13 D
0 14 0 14 D
0 15 0 15 D
0 16 0 16 D
0 17 0 17 D
0 18 0 18 D
0 19 0 19 D
0 20 0 20 L
0 21 0 21 L
0 22 0 22 L
0 23 0 23 L
0 24 0 24 L
0 25 0 25 L
0 26 0 26 L
0 27 0 27 L
1 0 2 7 R
1 1 7 6 R
1 2 6 6 R
1 3 3 11 R
1 4 2 24 L
1 5 15 5 U
1 6 12 19 D
1 7 0 0 U
1 8 2 8 R
1 9 0 23 L
1 10 10 0 U
1 11 0 16 D
1 12 0 18 D
1 13 0 20 L
1 14 0 25 L
1 15 0 22 L
1 16 4 16 D
1 17 8 17 D
1 18 2 11 R
1 19 2 19 D
1 20 0 8 R
1 21 5 21 L
1 22 20 14 D
1 23 0 15 D
1 24 6 24 L
1 25 3 25 L
1 26 12 26 L
2 0 5 21 L
2 1 14 21 L
2 2 1 2 U
2 3 5 3 U
2 4 0 26 L
2 5 9 9 R
2 6 12 14 D
2 7 1 0 U
2 8 18 3 U
2 9 12 18 D
2 10 8 5 U
2 11 1 11 R
2 12 15 13 D
2 13 14 6 R
2 14 4 14 D
2 15 10 15 D
2 16 8 16 D
2 17 10 4 U
2 18 0 20 L
2 19 6 19 D
2 20 19 16 D
2 21 11 17 D
2 22 17 17 D
2 23 3 23 L
2 24 20 14 D
2 25 4 15 D
2 26 6 26 L
2 27 10 27 L
3 0 6 0 U
3 1 2 1 U
3 2 14 2 U
3 3 6 3 U
3 4 0 13 D
3 5 2 5 U
3 6 7 2 U
3 7 14 18 D
3 8 0 15 D
3 9 6 15 D
3 10 6 19 D
3 11 0 4 U
3 12 6 16 D
3 13 7 8 R
3 14 6 9 R
3 15 10 20 L
3 16 0 11 R
3 17 14 20 L
3 18 1 18 D
3 19 0 3 U
3 20 0 1 U
3 21 7 13 D
3 22 1 22 L
3 23 10 19 D
3 24 0 9 R
3 25 5 25 L
3 26 4 26 L
3 27 6 27 L
4 0 18 10 R
4 1 0 7 R
4 2 6 22 L
4 3 0 6 R
4 4 10 25 L
4 5 9 20 L
4 6 0 13 D
4 7 13 15 D
4 8 11 15 D
4 9 13 9 R
4 10 5 10 R
4 11 0 17 D
4 12 2 12 R
4 13 2 25 L
4 14 0 3 U
4 15 10 15 D
4 16 21 16 D
4 17 6 12 R
4 18 14 25 L
4 19 1 11 R
4 20 0 13 D
4 21 2 6 R
4 22 15 22 L
4 23 0 8 R
4 24 15 8 R
4 25 10 25 L
4 27 0 11 R
5 0 10 12 R
5 1 3 27 L
5 2 18 7 R
5 3 10 10 R
5 4 3 4 U
5 5 6 24 L
5 6 7 13 D
5 7 0 3 U
5 8 7 8 R
5 9 2 14 D
5 10 1 10 R
5 11 11 11 R
5 12 2 15 D
5 13 0 22 L
5 14 17 12 R
5 15 12 22 L
5 16 16 2 U
5 17 2 17 D
5 18 6 18 D
5 19 6 23 L
5 20 0 0 U
5 21 16 14 D
5 22 8 4 U
5 23 0 19 D
5 24 6 24 L
5 25 6 25 L
5 26 14 16 D
5 27 11 27 L
6 0 13 21 L
6 1 3 25 L
6 2 0 14 D
6 3 19 3 U
6 4 11 4 U
6 5 9 5 U
6 6 15 15 D
6 7 4 7 R
6 8 5 3 U
6 9 1 9 R
6 10 3 10 R
6 11 3 11 R
6 12 9 12 R
6 13 0 24 L
6 14 11 0 U
6 15 0 0 U
6 16 8 11 R
6 17 0 6 R
6 18 1 22 L
6 19 17 19 D
6 20 9 19 D
6 21 13 1 U
6 22 7 17 D
6 23 19 1 U
6 24 12 11 R
6 25 17 25 L
6 27 1 15 D
7 0 8 6 R
7 1 1 25 L
7 2 2 25 L
7 3 1 3 U
7 4 9 4 U
7 5 11 20 L
7 6 4 6 R
7 7 6 14 D
7 8 5 17 D
7 9 17 19 D
7 10 4 10 R
7 11 1 11 R
7 12 18 12 R
7 13 1 13 D
7 14 3 14 D
7 15 10 15 D
7 16 0 23 L
7 17 0 25 L
7 18 20 18 D
7 19 3 19 D
7 20 17 0 U
7 21 0 3 U
7 22 0 14 D
7 23 9 23 L
7 24 17 24 L
7 25 6 5 U
8 0 0 21 L
8 1 10 1 U
8 2 15 27 L
8 3 14 9 R
8 4 3 4 U
8 5 12 26 L
8 6 15 21 L
8 7 0 1 U
8 8 2 21 L
8 9 6 13 D
8 10 2 10 R
8 11 13 2 U
8 12 0 23 L
8 13 16 21 L
8 14 5 20 L
8 15 4 27 L
8 16 0 10 R
8 17 3 17 D
8 18 3 18 D
8 19 11 9 R
8 20 17 20 L
8 21 20 4 U
8 22 20 1 U
8 23 19 16 D
8 24 7 24 L
8 25 16 25 L
9 0 6 21 L
9 1 5 7 R
9 2 4 21 L
9 3 6 7 R
9 4 3 4 U
9 5 10 11 R
9 6 1 2 U
9 7 4 19 D
9 8 13 8 R
9 9 0 2 U
9 10 10 10 R
9 11 10 5 U
9 12 15 15 D
9 13 19 20 L
9 14 13 10 R
9 15 6 0 U
9 16 11 16 D
9 17 4 17 D
9 18 3 18 D
9 19 5 19 D
9 20 13 1 U
9 21 5 21 L
9 22 0 16 D
9 23 1 18 D
9 24 11 13 D
9 25 3 16 D
10 0 0 8 R
10 1 17 23 L
10 2 2 9 R
10 3 0 22 L
10 4 12 4 U
10 5 4 5 U
10 6 0 20 L
10 7 7 13 D
10 8 16 8 R
10 9 5 9 R
10 10 3 4 U
10 11 0 5 U
10 12 1 3 U
10 13 2 22 L
10 14 0 1 U
10 15 0 7 R
10 16 9 12 R
10 17 9 17 D
10 18 2 18 D
10 19 5 19 D
10 20 0 18 D
10 21 11 16 D
10 22 15 0 U
10 23 5 17 D
10 24 4 24 L
10 25 0 1 U
10 27 2 15 D
11 0 0 12 R
11 1 2 1 U
11 2 12 2 U
11 3 9 3 U
11 4 2 23 L
11 5 5 5 U
11 6 7 0 U
11 7 12 7 R
11 8 0 14 D
11 9 2 9 R
11 10 5 10 R
11 11 2 11 R
11 12 1 12 R
11 13 6 0 U
11 14 13 9 R
11 15 20 20 L
11 16 8 6 R
11 17 16 7 R
11 18 10 18 D
11 19 20 5 U
11 20 0 5 U
11 21 4 18 D
11 22 0 4 U
11 23 6 23 L
11 24 0 7 R
11 25 4 1 U
11 26 6 15 D
11 27 3 9 R
12 0 15 20 L
12 1 11 20 L
12 2 4 10 R
12 3 4 21 L
12 4 16 24 L
12 5 10 5 U
12 6 13 22 L
12 7 15 16 D
12 8 15 8 R
12 9 4 9 R
12 10 10 1 U
12 11 18 17 D
12 12 0 14 D
12 13 8 7 R
12 14 8 14 D
12 15 17 1 U
12 16 2 16 D
12 17 8 17 D
12 18 8 18 D
12 19 5 2 U
12 20 0 2 U
12 21 0 6 R
12 22 1 22 L
12 23 10 8 R
12 24 10 15 D
12 25 1 17 D
12 27 5 8 R
13 0 14 0 U
13 1 5 1 U
13 2 11 2 U
13 3 10 20 L
13 4 20 23 L
13 5 4 5 U
13 6 2 13 D
13 7 22 3 U
13 8 16 18 D
13 9 5 15 D
13 10 1 3 U
13 11 10 11 R
13 12 4 12 R
13 13 12 9 R
13 14 1 9 R
13 15 1 15 D
13 16 3 16 D
13 17 0 21 L
13 18 11 6 R
13 19 0 7 R
13 20 12 3 U
13 21 8 21 L
13 22 6 5 U
13 23 18 6 R
13 24 11 24 L
13 25 1 25 L
14 0 7 7 R
14 1 23 12 R
14 2 5 9 R
14 3 12 19 D
14 4 10 12 R
14 5 2 5 U
14 6 0 17 D
14 7 1 7 R
14 8 11 14 D
14 9 17 13 D
14 10 4 15 D
14 11 2 11 R
14 12 10 19 D
14 13 5 11 R
14 14 16 14 D
14 15 19 15 D
14 16 5 23 L
14 17 8 17 D
14 18 0 22 L
14 19 0 4 U
14 20 8 3 U
14 21 19 18 D
14 22 5 22 L
14 23 2 23 L
14 24 11 24 L
15 0 2 0 U
15 1 5 1 U
15 2 0 16 D
15 3 1 3 U
15 4 6 21 L
15 5 0 18 D
15 6 9 6 R
15 7 5 2 U
15 8 12 19 D
15 9 17 2 U
15 10 14 3 U
15 11 18 16 D
15 12 5 13 D
15 13 21 21 L
15 14 0 21 L
15 15 10 15 D
15 16 7 16 D
15 17 8 17 D
15 18 3 4 U
15 19 6 19 D
15 20 10 6 R
15 21 0 7 R
15 22 6 0 U
15 23 16 18 D
15 24 20 0 U
15 25 5 25 L
16 0 11 21 L
16 1 6 1 U
16 2 19 21 L
16 3 11 21 L
16 4 3 4 U
16 5 5 11 R
16 6 17 14 D
16 7 7 7 R
16 8 0 20 L
16 9 11 9 R
16 10 6 10 R
16 11 14 14 D
16 12 7 12 R
16 13 5 21 L
16 14 18 5 U
16 15 6 21 L
16 16 5 20 L
16 17 6 17 D
16 18 0 9 R
16 19 0 2 U
16 20 14 15 D
16 21 12 0 U
16 22 8 22 L
16 23 6 23 L
16 24 11 24 L
16 25 9 2 U
17 0 11 11 R
17 1 4 1 U
17 2 0 13 D
17 3 14 22 L
17 4 19 12 R
17 5 0 8 R
17 6 9 16 D
17 7 14 0 U
17 8 0 16 D
17 9 7 9 R
17 10 0 18 D
17 11 19 11 R
17 12 7 12 R
17 13 1 20 L
17 14 15 23 L
17 15 14 7 R
17 16 0 27 L
17 17 20 6 R
17 18 9 4 U
17 19 6 24 L
17 20 2 2 U
17 21 6 8 R
17 23 11 2 U
17 24 13 24 L
17 25 16 14 D
17 26 6 26 L
18 0 0 13 D
18 1 10 22 L
18 2 21 11 R
18 3 20 16 D
18 5 8 23 L
18 6 9 13 D
18 7 5 7 R
18 8 3 8 R
18 9 11 9 R
18 10 5 13 D
18 11 3 11 R
18 12 14 12 R
18 13 4 0 U
18 14 0 20 L
18 15 9 10 R
18 16 19 24 L
18 17 11 17 D
18 18 11 24 L
18 19 15 22 L
18 20 20 13 D
18 21 6 3 U
18 22 19 22 L
18 23 4 23 L
18 24 1 24 L
18 27 4 13 D
19 0 2 0 U
19 1 1 1 U
19 2 17 12 R
19 3 18 8 R
19 4 13 11 R
19 5 0 23 L
19 6 4 6 R
19 7 11 5 U
19 8 5 8 R
19 9 15 3 U
19 10 16 5 U
19 11 2 11 R
19 12 21 21 L
19 13 7 7 R
19 14 8 27 L
19 15 3 15 D
19 16 2 4 U
19 17 0 8 R
19 18 8 18 D
19 20 13 20 L
19 21 12 8 R
19 23 16 23 L
19 24 18 24 L
19 27 14 27 L
20 0 8 9 R
20 1 5 20 L
20 2 14 20 L
20 3 10 27 L
20 4 14 10 R
20 5 5 5 U
20 6 24 15 D
20 7 22 1 U
20 8 13 13 D
20 9 13 13 D
20 10 0 25 L
20 11 9 11 R
20 12 3 12 R
20 14 18 12 R
20 15 0 10 R
20 16 9 3 U
20 17 3 17 D
20 18 3 18 D
20 20 10 4 U
20 21 3 21 L
20 24 9 17 D
21 0 16 21 L
21 1 0 15 D
21 2 22 16 D
21 3 4 3 U
21 5 6 5 U
21 8 12 18 D
21 10 6 10 R
21 11 3 2 U
21 12 9 0 U
21 13 20 13 D
21 14 23 20 L
21 15 18 6 R
21 16 20 23 L
21 17 2 17 D
21 18 18 11 R
21 20 10 2 U
21 21 3 21 L
21 24 7 24 L
22 0 24 19 D
22 1 14 1 U
22 3 17 21 L
22 5 3 5 U
22 12 7 12 R
22 14 5 0 U
22 15 21 23 L
22 16 8 16 D
22 17 11 17 D
22 18 1 18 D
22 21 1 6 R
23 1 2 1 U
23 3 4 23 L
23 5 4 8 R
23 15 2 12 R
23 17 5 17 D
23 18 1 18 D
23 21 5 3 U
24 0 23 8 R
24 1 8 23 L
24 3 9 24 L
24 15 0 3 U

