18 16 244
0 0 13 0 0 8 0 4 0 12 0 0 8 8
0 9 0 0 0 14 11 0 8 3 0 0 0 0
0 0 0 13 1 9 16 9 0 9 14 12 0 0
3 0 0 0 4 0 0 0 1 0 0 0 0 0
2 0 0 0 9 0 1 0 9 3 0 0 0 0
0 0 0 0 0 0 0 10 0 0 0 6 9 0
0 0 5 0 0 0 6 0 0 0 0 0 0 0
0 0 0 0 0 0 0 0 0 0 0 0 4 0
0 0 0 1 1 0 0 8 2 0 0 17 5 0
10 0 14 8 0 0 2 0 12 10 0 0 0 0
0 0 0 1 0 9 0 0 12 5 0 0 0 0
11 0 9 12 0 0 0 0 0 2 0 16 7 3
0 0 0 5 13 0 0 0 10 0 15 7 0 16
2 0 0 13 9 0 0 7 0 2 8 0 0 0
0 0 0 0 D
0 1 0 1 D
0 2 0 2 D
0 3 0 3 D
0 4 0 4 R
0 5 0 5 R
0 6 0 6 R
0 7 0 7 R
0 8 0 8 U
0 9 0 9 U
0 10 0 10 U
0 11 0 11 U
0 12 0 12 L
0 13 0 13 L
0 14 0 14 L
0 15 0 15 L
1 0 12 12 L
1 1 11 1 D
1 2 0 15 L
1 3 13 3 D
1 4 0 13 L
1 5 2 5 R
1 6 11 6 R
1 7 15 9 U
1 8 7 7 R
1 9 4 9 U
1 10 5 10 U
1 11 13 11 U
1 12 2 6 R
1 13 2 13 L
1 14 13 8 U
1 15 9 15 L
2 0 11 7 R
2 1 6 10 U
2 2 1 6 R
2 3 7 6 R
2 4 12 2 D
2 5 1 8 U
2 6 8 6 R
2 7 1 0 D
2 8 3 12 L
2 9 0 5 R
2 10 15 14 L
2 11 13 15 L
2 12 10 8 U
2 13 8 9 U
2 14 12 10 U
2 15 9 10 U
3 0 12 15 L
3 1 0 13 L
3 2 1 2 D
3 3 10 3 D
3 4 0 2 D
3 5 5 8 U
3 6 0 11 U
3 7 8 8 U
3 8 0 4 R
3 9 5 12 L
3 10 9 4 R
3 11 6 15 L
3 12 0 4 R
3 13 13 0 D
3 14 4 1 D
3 15 14 2 D
4 0 9 0 D
4 1 8 1 D
4 2 7 4 R
4 3 5 3 D
4 4 8 8 U
4 5 10 2 D
4 6 10 10 U
4 7 0 15 L
4 8 0 6 R
4 9 13 2 D
4 10 11 5 R
4 11 11 4 R
4 12 14 0 D
4 13 3 1 D
4 14 14 2 D
5 0 6 0 D
5 1 12 4 R
5 2 0 10 U
5 3 1 3 D
5 4 6 2 D
5 5 6 3 D
5 6 12 2 D
5 8 0 12 L
5 9 4 14 L
5 10 1 10 U
5 11 0 15 L
5 12 0 0 D
5 13 14 6 R
5 14 0 1 D
6 0 0 4 R
6 1 8 12 L
6 2 12 14 L
6 3 15 10 U
6 4 0 8 U
6 5 1 9 U
6 6 10 9 U
6 7 12 8 U
6 8 3 8 U
6 9 0 14 L
6 10 9 12 L
6 11 8 13 L
6 12 7 12 L
6 13 2 10 U
6 14 4 3 D
6 15 2 15 L
7 0 2 4 R
7 1 3 8 U
7 2 11 2 D
7 3 9 3 D
7 4 15 2 D
7 5 3 8 U
7 6 2 1 D
7 7 1 7 R
7 8 11 2 D
7 9 0 1 D
7 10 13 0 D
7 11 0 14 L
7 12 13 9 U
7 13 13 3 D
7 14 12 14 L
7 15 0 11 U
8 0 4 13 L
8 1 3 12 L
8 2 0 9 U
8 3 0 5 R
8 4 6 8 U
8 5 3 0 D
8 6 4 13 L
8 7 6 7 R
8 8 7 0 D
8 9 13 12 L
8 10 13 10 U
8 11 15 12 L
8 12 2 12 L
8 13 7 13 L
8 14 14 11 U
9 0 0 14 L
9 1 14 6 R
9 2 0 7 R
9 3 14 13 L
9 4 11 1 D
9 5 10 1 D
9 6 14 11 U
9 8 5 8 U
9 9 8 6 R
9 10 10 13 L
9 11 7 11 U
9 12 13 2 D
9 13 0 5 R
9 14 0 6 R
9 15 1 11 U
10 0 1 13 L
10 1 8 13 L
10 2 3 14 L
10 3 0 8 U
10 4 3 9 U
10 5 0 1 D
10 8 2 6 R
10 9 11 1 D
10 10 7 10 U
10 11 14 7 R
10 12 0 9 U
10 13 0 8 U
10 14 1 14 L
10 15 8 11 U
11 0 12 6 R
11 1 1 1 D
11 2 9 5 R
11 3 13 7 R
11 4 5 2 D
11 5 0 10 U
11 6 12 10 U
11 7 6 10 U
11 8 5 13 L
11 9 5 9 U
11 10 0 2 D
11 11 4 4 R
11 12 15 1 D
11 13 4 2 D
11 14 2 14 L
11 15 9 8 U
12 0 9 11 U
12 1 6 6 R
12 2 6 13 L
12 4 0 0 D
12 5 6 5 R
12 6 1 10 U
12 7 10 8 U
12 8 7 14 L
12 9 0 13 L
12 11 5 14 L
12 12 2 10 U
12 13 11 8 U
12 14 5 9 U
12 15 2 11 U
13 0 10 4 R
13 1 6 5 R
13 2 1 2 D
13 3 12 12 L
13 4 0 3 D
13 5 6 0 D
13 8 4 4 R
13 9 7 2 D
13 10 3 6 R
13 11 1 11 U
13 12 3 4 R
13 13 2 8 U
13 14 11 11 U
13 15 3 10 U
14 0 0 12 L
14 1 10 4 R
14 2 15 12 L
14 3 6 12 L
14 4 16 0 D
14 5 9 1 D
14 7 0 9 U
14 8 4 5 R
14 9 3 4 R
14 10 3 5 R
14 11 7 11 U
14 13 11 9 U
14 14 11 0 D
14 15 0 3 D
15 0 16 14 L
15 1 2 5 R
15 2 8 15 L
15 4 2 3 D
15 5 12 5 R
15 8 16 8 U
15 9 14 13 L
15 10 5 4 R
15 14 3 2 D
15 15 6 2 D
16 0 15 0 D
16 1 1 1 D
16 2 14 7 R
16 4 0 12 L
16 5 1 11 U
16 8 15 12 L
17 8 7 8 U

