28 34 785
10 21 0 13 11 19 20 7 22 7 2 22 19 20 20
12 0 19 0 0 0 0 18 5 0 9 0 0 0 0
17 0 0 22 6 0 0 14 0 13 23 0 0 0 0
21 24 0 20 0 20 19 0 0 0 8 0 0 0 0
17 0 0 22 20 0 0 15 6 23 5 0 0 0 0
7 0 11 0 26 23 20 14 21 0 0 18 21 20 0
0 16 0 0 27 24 3 0 0 2 22 0 12 7 0
15 2 7 0 17 18 10 23 0 0 11 22 0 9 23
0 25 22 13 24 0 23 0 22 12 0 2 21 10 14
18 0 23 1 0 9 0 24 21 0 0 20 0 19 5
15 22 0 4 22 0 1 23 25 3 8 20 14 24 0
15 0 23 2 13 5 14 0 5 5 0 0 11 0 4
25 0 0 0 20 0 0 0 0 0 0 0 0 23 22
0 21 0 0 19 0 0 0 0 0 0 0 0 0 18
23 0 0 0 0 0 0 0 0 0 0 0 0 0 12
0 0 0 0 U
0 1 0 1 U
0 2 0 2 U
0 3 0 3 U
0 4 0 4 U
0 5 0 5 U
0 6 0 6 U
0 7 0 7 U
0 8 0 8 R
0 9 0 9 R
0 10 0 10 R
0 11 0 11 R
0 12 0 12 R
0 13 0 13 R
0 14 0 14 R
0 15 0 15 R
0 16 0 16 R
0 17 0 17 D
0 18 0 18 D
0 19 0 19 D
0 20 0 20 D
0 21 0 21 D
0 22 0 22 D
0 23 0 23 D
0 24 0 24 D
0 25 0 25 L
0 26 0 26 L
0 27 0 27 L
0 28 0 28 L
0 29 0 29 L
0 30 0 30 L
0 31 0 31 L
0 32 0 32 L
0 33 0 33 L
1 0 3 27 L
1 1 0 25 L
1 2 4 28 L
1 3 0 30 L
1 4 3 32 L
1 5 2 5 U
1 6 2 6 U
1 7 7 7 U
1 8 20 18 D
1 9 5 9 R
1 10 13 10 R
1 11 0 20 D
1 12 2 12 R
1 13 3 13 R
1 14 11 14 R
1 15 6 15 R
1 16 2 16 R
1 17 18 8 R
1 18 0 10 R
1 19 0 4 U
1 20 8 12 R
1 21 0 11 R
1 22 9 22 D
1 23 21 12 R
1 24 0 16 R
1 25 15 1 U
1 26 7 26 L
1 27 0 1 U
1 28 0 2 U
1 29 7 29 L
1 30 13 23 D
1 31 6 31 L
1 32 0 6 U
1 33 0 11 R
2 0 0 16 R
2 1 1 1 U
2 2 10 13 R
2 3 10 3 U
2 4 4 4 U
2 5 0 18 D
2 6 10 6 U
2 7 1 28 L
2 8 0 23 D
2 9 12 9 R
2 10 0 26 L
2 11 14 11 R
2 12 3 12 R
2 13 8 13 R
2 14 1 14 R
2 15 12 15 R
2 16 10 23 D
2 17 18 17 D
2 18 3 26 L
2 19 7 19 D
2 20 1 28 L
2 21 3 12 R
2 22 7 15 R
2 23 3 33 L
2 24 1 10 R
2 25 15 3 U
2 26 16 18 D
2 27 1 27 L
2 28 8 28 L
2 29 9 1 U
2 30 4 2 U
2 31 1 6 U
2 32 12 32 L
2 33 6 33 L
3 0 0 8 R
3 1 1 30 L
3 2 5 12 R
3 3 2 20 D
3 4 1 32 L
3 5 8 5 U
3 6 2 6 U
3 7 2 7 U
3 8 11 17 D
3 9 7 22 D
3 10 10 7 U
3 11 0 22 D
3 12 4 6 U
3 13 6 13 R
3 14 7 17 D
3 15 2 15 R
3 16 6 16 R
3 17 10 28 L
3 18 6 13 R
3 19 11 25 L
3 20 0 28 L
3 21 2 29 L
3 22 5 22 D
3 23 20 10 R
3 24 1 24 D
3 25 1 15 R
3 26 8 26 L
3 27 1 27 L
3 28 5 19 D
3 29 1 29 L
3 30 1 30 L
3 31 2 31 L
3 32 18 3 U
3 33 23 20 D
4 0 9 31 L
4 1 17 11 R
4 2 12 10 R
4 3 12 33 L
4 4 0 29 L
4 5 0 17 D
4 6 7 13 R
4 7 13 15 R
4 8 8 19 D
4 9 13 4 U
4 10 8 2 U
4 11 1 11 R
4 12 8 4 U
4 13 21 1 U
4 14 6 31 L
4 15 17 4 U
4 16 18 16 R
4 17 0 8 R
4 18 0 25 L
4 19 7 16 R
4 20 7 20 D
4 21 5 28 L
4 22 0 29 L
4 23 1 27 L
4 24 13 24 D
4 25 0 17 D
4 26 0 8 R
4 27 6 4 U
4 28 16 17 D
4 29 18 23 D
4 30 1 3 U
4 31 8 4 U
4 32 20 4 U
4 33 0 20 D
5 0 8 26 L
5 1 0 9 R
5 2 1 14 R
5 3 1 26 L
5 4 6 24 D
5 5 13 9 R
5 6 16 19 D
5 7 6 7 U
5 8 7 8 R
5 9 18 18 D
5 10 6 5 U
5 11 7 29 L
5 12 17 20 D
5 13 2 13 R
5 14 1 14 R
5 15 8 7 U
5 16 2 16 R
5 17 14 27 L
5 18 1 27 L
5 19 2 19 D
5 20 4 26 L
5 21 7 25 L
5 22 13 29 L
5 23 10 23 D
5 24 10 30 L
5 25 18 1 U
5 26 1 26 L
5 27 4 9 R
5 28 4 20 D
5 29 0 21 D
5 30 4 4 U
5 31 0 3 U
5 32 9 11 R
5 33 15 33 L
6 0 4 25 L
6 1 9 33 L
6 2 0 22 D
6 3 9 29 L
6 4 7 27 L
6 5 22 28 L
6 6 2 6 U
6 7 11 7 U
6 8 19 3 U
6 9 2 5 U
6 10 2 18 D
6 11 1 6 U
6 12 5 12 R
6 13 12 13 R
6 14 21 22 D
6 15 3 15 R
6 16 9 5 U
6 17 2 27 L
6 18 1 8 R
6 19 7 32 L
6 20 5 20 D
6 21 21 16 R
6 22 12 16 R
6 23 19 27 L
6 24 15 15 R
6 25 18 25 L
6 26 17 7 U
6 27 13 27 L
6 28 11 28 L
6 29 12 7 U
6 30 14 30 L
6 31 2 31 L
6 32 1 32 L
6 33 14 33 L
7 0 0 17 D
7 1 17 1 U
7 2 2 2 U
7 3 11 15 R
7 4 5 4 U
7 5 4 5 U
7 6 0 30 L
7 7 12 19 D
7 8 13 0 U
7 9 0 30 L
7 10 9 29 L
7 11 5 29 L
7 12 0 2 U
7 13 9 19 D
7 14 4 14 R
7 15 8 15 R
7 16 4 21 D
7 17 2 25 L
7 18 1 18 D
7 19 15 14 R
7 20 4 8 R
7 21 10 13 R
7 22 6 22 D
7 23 9 30 L
7 24 3 24 D
7 25 18 18 D
7 26 0 18 D
7 27 9 15 R
7 28 6 18 D
7 29 8 6 U
7 30 18 19 D
7 31 12 18 D
7 32 18 18 D
7 33 8 22 D
8 0 11 10 R
8 1 14 24 D
8 2 4 26 L
8 3 7 3 U
8 4 0 23 D
8 5 0 26 L
8 6 19 25 L
8 7 2 15 R
8 8 0 18 D
8 9 4 0 U
8 10 20 26 L
8 11 2 1 U
8 12 16 21 D
8 13 6 17 D
8 14 2 14 R
8 15 2 15 R
8 16 17 16 R
8 17 18 26 L
8 18 0 27 L
8 19 10 15 R
8 20 22 15 R
8 21 4 25 L
8 22 20 26 L
8 23 0 31 L
8 24 1 9 R
8 25 0 0 U
8 26 5 26 L
8 27 1 2 U
8 28 4 11 R
8 29 19 3 U
8 30 18 2 U
8 31 9 31 L
8 32 0 22 D
8 33 0 0 U
9 0 6 25 L
9 1 21 1 U
9 2 13 30 L
9 3 10 21 D
9 4 1 31 L
9 5 2 26 L
9 6 3 6 U
9 7 2 7 U
9 8 11 22 D
9 9 5 25 L
9 10 10 10 R
9 11 10 28 L
9 12 5 0 U
9 13 4 22 D
9 14 19 21 D
9 15 6 22 D
9 16 13 3 U
9 17 1 8 R
9 18 11 32 L
9 19 12 11 R
9 20 20 31 L
9 21 3 21 D
9 22 8 11 R
9 23 15 23 D
9 24 7 0 U
9 25 1 4 U
9 26 8 17 D
9 27 0 10 R
9 28 2 17 D
9 29 3 3 U
9 30 18 20 D
9 31 19 3 U
9 32 20 21 D
9 33 10 8 R
10 0 9 20 D
10 1 7 25 L
10 2 8 21 D
10 3 0 28 L
10 4 6 14 R
10 5 4 5 U
10 6 0 21 D
10 7 16 7 U
10 8 12 25 L
10 9 0 33 L
10 10 12 10 R
10 11 5 3 U
10 12 8 23 D
10 13 9 2 U
10 14 1 20 D
10 15 2 15 R
10 16 12 16 R
10 17 2 11 R
10 18 1 30 L
10 19 1 10 R
10 20 18 10 R
10 21 0 14 R
10 22 5 32 L
10 23 0 4 U
10 24 1 24 D
10 25 0 11 R
10 26 1 0 U
10 27 11 27 L
10 28 0 19 D
10 29 3 29 L
10 30 8 30 L
10 31 12 31 L
10 32 12 32 L
10 33 3 19 D
11 0 21 33 L
11 1 1 1 U
11 2 2 28 L
11 3 2 32 L
11 4 16 4 U
11 5 8 10 R
11 6 5 6 U
11 7 4 26 L
11 8 7 25 L
11 9 5 1 U
11 10 1 10 R
11 11 17 11 R
11 12 21 2 U
11 13 1 13 R
11 14 8 2 U
11 15 0 22 D
11 16 15 24 D
11 17 5 17 D
11 18 16 10 R
11 19 7 19 D
11 20 7 20 D
11 21 15 21 D
11 22 14 13 R
11 23 0 33 L
11 24 6 29 L
11 25 0 5 U
11 26 8 26 L
11 27 16 27 L
11 28 1 28 L
11 29 19 29 L
11 30 18 0 U
11 31 19 21 D
11 32 0 5 U
11 33 14 33 L
12 0 20 12 R
12 1 6 23 D
12 2 11 32 L
12 3 13 20 D
12 4 13 4 U
12 5 10 23 D
12 6 7 15 R
12 7 1 7 U
12 8 10 25 L
12 9 17 29 L
12 10 4 10 R
12 11 2 11 R
12 12 8 28 L
12 13 8 3 U
12 14 18 3 U
12 15 1 15 R
12 16 8 28 L
12 17 6 30 L
12 18 2 9 R
12 19 14 27 L
12 20 4 31 L
12 21 6 32 L
12 22 3 27 L
12 23 2 9 R
12 24 10 32 L
12 25 16 17 D
12 26 9 2 U
12 27 2 27 L
12 28 9 22 D
12 29 9 3 U
12 30 15 5 U
12 31 24 31 L
12 32 11 32 L
12 33 0 24 D
13 0 5 25 L
13 1 10 18 D
13 2 4 29 L
13 3 14 29 L
13 4 8 12 R
13 5 16 8 R
13 6 3 6 U
13 7 0 33 L
13 8 9 20 D
13 9 21 21 D
13 10 16 24 D
13 11 7 31 L
13 12 11 0 U
13 13 2 13 R
13 14 8 14 R
13 15 5 15 R
13 16 6 19 D
13 17 0 12 R
13 18 7 25 L
13 19 2 26 L
13 20 14 11 R
13 21 11 21 D
13 22 21 10 R
13 23 6 11 R
13 24 16 28 L
13 25 2 24 D
13 26 2 0 U
13 27 19 0 U
13 28 16 1 U
13 29 11 18 D
13 30 22 18 D
13 31 1 31 L
13 32 7 32 L
13 33 6 33 L
14 0 3 26 L
14 1 0 14 R
14 2 0 19 D
14 3 4 22 D
14 4 9 4 U
14 5 18 32 L
14 6 10 8 R
14 7 7 7 U
14 8 21 4 U
14 9 15 1 U
14 10 10 3 U
14 11 12 3 U
14 12 15 29 L
14 13 10 13 R
14 14 7 2 U
14 15 1 15 R
14 16 0 32 L
14 17 0 15 R
14 18 16 13 R
14 19 6 10 R
14 20 21 20 D
14 21 13 29 L
14 22 6 22 D
14 23 5 23 D
14 24 20 10 R
14 25 19 7 U
14 26 3 26 L
14 27 6 7 U
14 28 16 2 U
14 29 16 29 L
14 30 11 30 L
14 31 11 7 U
14 32 5 32 L
14 33 2 33 L
15 0 9 15 R
15 1 13 21 D
15 2 22 31 L
15 3 16 28 L
15 4 13 32 L
15 5 8 26 L
15 6 17 6 U
15 7 9 7 U
15 8 9 21 D
15 9 9 6 U
15 10 7 23 D
15 11 6 7 U
15 12 2 12 R
15 13 0 0 U
15 14 2 14 R
15 15 16 6 U
15 16 3 16 R
15 17 6 9 R
15 18 10 3 U
15 19 7 12 R
15 20 21 32 L
15 21 6 33 L
15 22 6 28 L
15 23 13 25 L
15 24 0 11 R
15 25 1 0 U
15 26 8 0 U
15 27 10 3 U
15 28 2 28 L
15 29 19 4 U
15 30 2 12 R
15 31 14 6 U
15 32 6 3 U
16 0 15 8 R
16 1 7 9 R
16 2 4 13 R
16 3 23 11 R
16 4 0 24 D
16 5 4 5 U
16 6 9 9 R
16 7 20 10 R
16 8 0 24 D
16 9 7 0 U
16 10 15 20 D
16 11 9 11 R
16 12 2 12 R
16 13 19 5 U
16 14 21 14 R
16 15 3 15 R
16 16 8 17 D
16 17 15 8 R
16 18 12 10 R
16 19 6 19 D
16 20 12 26 L
16 21 22 9 R
16 22 14 27 L
16 23 5 14 R
16 24 9 24 D
16 25 3 8 R
16 26 0 6 U
16 27 2 27 L
16 28 3 28 L
16 29 13 2 U
16 30 12 19 D
16 31 2 24 D
16 32 2 32 L
16 33 19 5 U
17 0 0 11 R
17 1 1 1 U
17 2 10 9 R
17 3 7 16 R
17 4 4 23 D
17 5 5 30 L
17 6 14 23 D
17 7 2 21 D
17 8 19 27 L
17 9 4 18 D
17 10 0 27 L
17 11 0 5 U
17 12 0 31 L
17 13 8 1 U
17 14 1 14 R
17 15 4 4 U
17 16 12 16 R
17 17 7 10 R
17 18 15 14 R
17 19 18 19 D
17 20 14 13 R
17 21 5 21 D
17 22 10 22 D
17 23 1 23 D
17 24 15 24 D
17 25 20 9 R
17 26 4 4 U
17 27 1 5 U
17 28 6 28 L
17 29 7 29 L
17 30 5 7 U
17 31 11 31 L
17 32 8 32 L
17 33 3 33 L
18 0 4 26 L
18 1 1 1 U
18 2 21 27 L
18 3 20 13 R
18 4 0 8 R
18 5 3 20 D
18 6 7 6 U
18 7 6 10 R
18 8 16 1 U
18 10 10 6 U
18 11 11 11 R
18 12 19 32 L
18 13 0 2 U
18 14 7 20 D
18 15 1 15 R
18 16 7 16 R
18 17 0 26 L
18 18 0 13 R
18 19 11 19 D
18 20 16 30 L
18 21 11 31 L
18 22 6 7 U
18 23 19 23 D
18 24 2 6 U
18 25 19 6 U
18 26 17 3 U
18 27 1 17 D
18 28 13 28 L
18 29 10 0 U
18 30 23 30 L
18 31 10 3 U
18 32 19 19 D
18 33 4 0 U
19 0 16 29 L
19 1 13 22 D
19 2 18 22 D
19 3 7 18 D
19 4 9 18 D
19 5 1 27 L
19 6 5 6 U
19 7 9 7 U
19 8 14 6 U
19 9 13 30 L
19 10 10 25 L
19 11 16 23 D
19 12 15 12 R
19 13 2 13 R
19 14 3 14 R
19 15 5 24 D
19 16 16 21 D
19 17 7 15 R
19 18 15 8 R
19 19 11 31 L
19 20 20 20 D
19 21 15 32 L
19 22 6 11 R
19 23 10 23 D
19 24 4 12 R
19 25 21 19 D
19 26 4 1 U
19 27 2 1 U
19 28 23 6 U
19 29 12 24 D
19 31 2 21 D
19 32 13 0 U
20 0 12 17 D
20 1 11 26 L
20 2 24 14 R
20 3 14 22 D
20 4 21 29 L
20 5 18 5 U
20 6 4 8 R
20 7 3 12 R
20 8 0 25 L
20 10 22 0 U
20 11 11 26 L
20 12 2 5 U
20 13 6 13 R
20 14 18 19 D
20 15 16 0 U
20 16 10 16 R
20 17 5 11 R
20 18 17 9 R
20 19 21 19 D
20 20 2 20 D
20 21 6 21 D
20 22 9 10 R
20 23 17 23 D
20 25 24 12 R
20 26 22 8 R
20 27 17 18 D
20 28 1 28 L
20 29 6 29 L
20 30 17 22 D
20 31 4 12 R
20 32 1 32 L
21 0 17 9 R
21 1 4 8 R
21 2 23 2 U
21 3 1 3 U
21 4 14 8 R
21 6 23 24 D
21 7 5 30 L
21 10 6 10 R
21 11 20 21 D
21 12 12 4 U
21 13 9 6 U
21 14 20 24 D
21 15 16 17 D
21 16 12 16 R
21 17 13 31 L
21 18 20 26 L
21 19 20 8 R
21 21 22 14 R
21 22 22 30 L
21 23 8 23 D
21 26 5 9 R
21 27 4 19 D
21 28 16 3 U
21 31 14 1 U
21 32 0 14 R
22 0 8 14 R
22 1 16 19 D
22 2 3 25 L
22 3 5 11 R
22 4 13 11 R
22 6 16 6 U
22 7 0 20 D
22 10 1 10 R
22 11 8 2 U
22 12 10 3 U
22 13 8 17 D
22 14 23 1 U
22 15 15 7 U
22 17 17 30 L
22 18 15 18 D
22 19 11 10 R
22 21 2 21 D
22 23 7 13 R
22 26 10 0 U
22 27 21 20 D
22 28 6 28 L
22 32 12 32 L
23 0 8 0 U
23 3 6 9 R
23 4 6 22 D
23 6 18 29 L
23 7 5 28 L
23 10 5 0 U
23 11 10 11 R
23 13 14 13 R
23 14 6 14 R
23 17 2 28 L
23 18 22 30 L
23 21 19 25 L
23 23 15 9 R
23 26 9 6 U
23 27 3 17 D
23 28 18 0 U
23 32 1 32 L
24 6 9 6 U
24 7 6 16 R
24 13 6 13 R
24 14 11 14 R
24 17 22 16 R
24 21 20 21 D
24 26 22 0 U
24 32 25 24 D
25 4 2 12 R
25 7 4 16 R
25 13 0 7 U
25 32 22 23 D
26 7 11 23 D
27 7 9 7 U

