12 13 136
6 0 0 0 7 0 8 0 0 8
7 1 0 0 0 0 1 1 0 2
0 4 0 0 10 0 7 0 0 0
11 0 0 0 0 0 7 0 0 0
10 0 0 0 0 0 6 9 1 9
11 0 0 0 0 0 0 0 0 10
3 0 0 1 2 5 0 4 4 0
6 0 7 10 0 0 0 4 0 0
6 4 0 1 0 0 0 0 0 0
0 11 8 3 11 4 0 6 4 0
0 0 0 0 D
0 1 0 1 D
0 2 0 2 D
0 3 0 3 R
0 4 0 4 R
0 5 0 5 R
0 6 0 6 R
0 7 0 7 U
0 8 0 8 U
0 9 0 9 U
0 10 0 10 L
0 11 0 11 L
0 12 0 12 L
1 0 3 4 R
1 1 6 10 L
1 2 7 2 D
1 3 3 2 D
1 4 4 0 D
1 5 0 12 L
1 6 0 1 D
1 7 7 3 R
1 8 0 11 L
1 9 4 4 R
1 10 0 5 R
1 11 3 11 L
1 12 6 12 L
2 0 5 0 D
2 1 9 1 D
2 2 3 2 D
2 3 5 0 D
2 4 0 11 L
2 5 0 2 D
2 6 8 2 D
2 7 6 3 R
2 8 4 10 L
2 9 1 9 U
2 10 1 7 U
2 11 4 11 L
2 12 1 1 D
3 0 8 10 L
3 1 2 3 R
3 2 7 12 L
3 3 2 0 D
3 4 10 0 D
3 5 5 2 D
3 6 1 6 R
3 7 7 4 R
3 8 5 3 R
3 9 8 9 U
3 10 0 7 U
3 11 7 8 U
3 12 2 12 L
4 0 0 3 R
4 1 1 3 R
4 2 9 6 R
4 3 0 10 L
4 4 1 4 R
4 5 3 5 R
4 6 10 7 U
4 7 1 11 L
4 8 2 5 R
4 9 2 6 R
4 10 3 1 D
4 11 5 7 U
4 12 9 9 U
5 0 4 5 R
5 1 0 4 R
5 2 6 10 L
5 3 0 8 U
5 4 3 2 D
5 7 3 11 L
5 8 4 11 L
5 9 8 9 U
5 10 8 2 D
5 11 7 11 L
5 12 1 2 D
6 0 8 7 U
6 1 0 11 L
6 2 9 3 R
6 3 3 7 U
6 4 7 8 U
6 5 0 7 U
6 6 1 6 R
6 7 4 7 U
6 8 0 1 D
6 9 0 12 L
6 10 3 0 D
6 11 3 11 L
6 12 0 3 R
7 0 3 11 L
7 1 11 4 R
7 2 4 5 R
7 3 6 8 U
7 4 5 9 U
7 5 1 5 R
7 7 2 10 L
7 8 2 8 U
7 9 11 10 L
7 10 0 0 D
7 11 0 1 D
7 12 6 4 R
8 0 0 10 L
8 1 7 1 D
8 2 2 2 D
8 3 3 9 U
8 4 0 9 U
8 6 1 9 U
8 7 6 6 R
8 8 0 10 L
8 9 9 12 L
8 10 6 10 L
8 11 3 11 L
9 0 7 8 U
9 1 10 6 R
9 2 0 8 U
9 3 1 2 D
9 4 6 7 U
9 7 0 6 R
9 8 8 8 U
9 10 7 1 D
9 11 3 7 U
9 12 0 8 U
10 0 9 12 L
10 1 0 12 L
10 2 4 4 R
10 3 2 10 L
10 7 5 11 L
10 8 4 3 R
10 10 4 3 R
10 11 4 8 U
11 0 5 7 U
11 1 5 7 U
11 3 2 2 D
11 8 2 8 U
11 10 3 8 U
11 11 10 8 U

