25 27 568
16 21 22 18 4 13 19 0 5 0 0 0 20 0 8
0 0 0 0 16 0 0 0 0 0 17 5 0 0 0
0 0 0 0 17 17 22 2 8 0 18 0 10 0 0
0 0 0 0 0 0 22 23 22 0 0 16 21 0 11
7 0 20 0 0 1 19 0 0 0 21 0 0 0 21
0 0 0 0 0 14 21 14 0 0 0 0 0 0 20
0 0 0 0 0 18 0 0 0 0 21 21 0 21 0
20 15 0 0 0 7 0 20 16 0 22 0 0 1 19
0 0 12 0 0 22 1 0 23 0 0 0 20 18 8
0 0 0 0 0 1 18 17 0 4 0 17 0 7 0
11 0 18 0 0 0 0 0 0 0 0 0 0 2 0
3 12 17 0 0 0 0 0 0 0 0 19 12 4 0
12 0 0 0 0 0 17 0 20 0 22 0 0 2 0
0 10 7 0 0 0 0 13 19 0 16 0 0 0 15
12 0 2 15 23 21 16 19 4 14 22 0 0 0 15
0 0 0 0 U
0 1 0 1 U
0 2 0 2 U
0 3 0 3 U
0 4 0 4 U
0 5 0 5 U
0 6 0 6 U
0 7 0 7 R
0 8 0 8 R
0 9 0 9 R
0 10 0 10 R
0 11 0 11 R
0 12 0 12 R
0 13 0 13 R
0 14 0 14 D
0 15 0 15 D
0 16 0 16 D
0 17 0 17 D
0 18 0 18 D
0 19 0 19 D
0 20 0 20 D
0 21 0 21 L
0 22 0 22 L
0 23 0 23 L
0 24 0 24 L
0 25 0 25 L
0 26 0 26 L
1 0 0 7 R
1 1 7 7 R
1 2 4 2 U
1 3 7 3 U
1 4 3 4 U
1 5 7 5 U
1 6 6 6 U
1 7 14 19 D
1 8 2 8 R
1 9 0 1 U
1 10 17 16 D
1 11 4 11 R
1 12 13 19 D
1 14 13 9 R
1 15 10 15 D
1 16 15 16 D
1 17 13 17 D
1 18 6 9 R
1 19 2 19 D
1 20 4 20 D
1 21 6 1 U
1 22 0 16 D
1 23 3 3 U
1 24 12 24 L
1 25 3 3 U
2 0 5 14 D
2 1 12 22 L
2 2 5 10 R
2 3 3 3 U
2 4 1 4 U
2 5 1 5 U
2 6 11 6 U
2 7 11 22 L
2 8 12 8 R
2 9 0 23 L
2 10 0 22 L
2 11 4 15 D
2 12 19 20 D
2 13 5 13 R
2 14 0 2 U
2 15 0 24 L
2 16 7 7 R
2 17 16 21 L
2 18 6 10 R
2 19 3 11 R
2 20 1 20 D
2 21 1 19 D
2 22 10 15 D
2 23 14 23 L
2 24 1 24 L
2 25 5 25 L
2 26 14 6 U
3 0 16 25 L
3 1 4 9 R
3 2 6 2 U
3 3 1 3 U
3 4 2 25 L
3 5 11 5 U
3 6 8 23 L
3 7 18 17 D
3 8 17 0 U
3 9 0 0 U
3 10 16 1 U
3 11 6 5 U
3 12 13 2 U
3 13 17 14 D
3 14 8 8 R
3 15 1 15 D
3 16 0 25 L
3 17 1 17 D
3 18 20 18 D
3 19 12 12 R
3 20 2 20 D
3 21 0 2 U
3 22 4 15 D
3 23 6 4 U
3 24 5 18 D
3 25 2 25 L
4 0 13 7 R
4 1 9 25 L
4 2 17 2 U
4 3 15 19 D
4 4 0 10 R
4 5 18 9 R
4 6 9 10 R
4 7 18 14 D
4 8 0 15 D
4 9 5 9 R
4 10 12 18 D
4 11 11 26 L
4 12 5 12 R
4 14 1 14 D
4 15 0 0 U
4 16 0 8 R
4 17 11 17 D
4 18 3 18 D
4 19 7 7 R
4 20 1 7 R
4 21 7 15 D
4 22 3 2 U
4 23 13 17 D
4 24 0 18 D
4 25 1 25 L
4 26 8 4 U
5 0 2 8 R
5 1 0 22 L
5 2 13 12 R
5 3 7 11 R
5 4 2 26 L
5 5 2 13 R
5 6 15 24 L
5 7 0 0 U
5 8 8 0 U
5 9 4 9 R
5 10 6 18 D
5 11 0 22 L
5 12 1 12 R
5 13 15 13 R
5 14 13 8 R
5 15 0 7 R
5 16 12 9 R
5 17 3 9 R
5 18 1 18 D
5 19 3 19 D
5 20 15 23 L
5 21 21 21 L
5 22 7 22 L
5 23 1 17 D
5 24 1 14 D
5 25 12 25 L
6 0 8 16 D
6 1 14 15 D
6 2 0 16 D
6 3 10 23 L
6 4 7 4 U
6 5 2 5 U
6 6 12 24 L
6 7 2 7 R
6 8 9 1 U
6 9 2 14 D
6 10 13 3 U
6 11 11 11 R
6 12 19 12 R
6 14 17 7 R
6 15 3 0 U
6 16 12 11 R
6 17 1 8 R
6 18 9 11 R
6 19 11 19 D
6 20 18 12 R
6 21 0 4 U
6 22 7 2 U
6 23 0 3 U
6 24 9 2 U
6 25 1 14 D
7 0 0 8 R
7 1 4 1 U
7 2 14 21 L
7 3 6 3 U
7 4 0 9 R
7 5 2 5 U
7 6 1 6 U
7 7 6 16 D
7 8 15 1 U
7 9 19 0 U
7 10 2 2 U
7 11 9 4 U
7 12 9 12 R
7 14 0 3 U
7 15 8 15 D
7 16 12 16 D
7 17 4 9 R
7 18 1 18 D
7 19 1 19 D
7 20 0 24 L
7 21 13 6 U
7 22 1 16 D
7 23 11 0 U
7 24 16 18 D
7 25 11 9 R
7 26 11 17 D
8 0 2 25 L
8 1 11 1 U
8 2 14 25 L
8 3 4 22 L
8 4 14 4 U
8 5 1 5 U
8 6 12 25 L
8 7 22 24 L
8 8 20 16 D
8 9 0 5 U
8 10 18 15 D
8 11 2 19 D
8 12 5 18 D
8 14 11 21 L
8 15 14 12 R
8 16 0 2 U
8 17 19 23 L
8 18 6 3 U
8 19 0 26 L
8 20 7 24 L
8 21 0 0 U
8 22 5 1 U
8 23 10 1 U
8 24 3 3 U
8 25 14 6 U
9 0 18 23 L
9 1 7 11 R
9 2 2 7 R
9 3 4 20 D
9 4 1 8 R
9 5 1 11 R
9 6 6 6 U
9 7 1 17 D
9 8 16 15 D
9 9 6 17 D
9 10 5 5 U
9 11 21 17 D
9 12 4 24 L
9 14 22 21 L
9 15 1 10 R
9 16 5 22 L
9 17 13 24 L
9 18 6 23 L
9 19 0 21 L
9 20 1 20 D
9 21 7 5 U
9 22 23 16 D
9 23 13 19 D
9 24 4 19 D
9 25 13 20 D
9 26 4 20 D
10 0 0 21 L
10 1 6 1 U
10 2 4 2 U
10 3 16 3 U
10 4 1 4 U
10 5 1 10 R
10 6 17 6 U
10 7 21 15 D
10 8 18 3 U
10 9 16 14 D
10 10 19 4 U
10 11 2 23 L
10 12 1 12 R
10 14 0 21 L
10 15 12 7 R
10 16 1 7 R
10 17 6 25 L
10 18 8 12 R
10 19 8 12 R
10 20 7 20 D
10 21 17 1 U
10 22 7 22 L
10 23 20 23 L
10 24 4 5 U
10 25 13 17 D
11 0 18 10 R
11 1 14 22 L
11 2 3 2 U
11 3 9 22 L
11 4 10 4 U
11 5 5 23 L
11 6 1 6 U
11 7 16 2 U
11 8 2 23 L
11 9 19 20 D
11 10 0 20 D
11 11 0 18 D
11 12 12 3 U
11 14 22 14 D
11 15 22 15 D
11 16 1 16 D
11 17 7 9 R
11 18 10 18 D
11 19 1 11 R
11 20 1 3 U
11 21 20 2 U
11 22 4 14 D
11 23 10 23 L
11 24 5 4 U
11 25 18 1 U
11 26 9 16 D
12 0 15 11 R
12 1 13 10 R
12 2 2 11 R
12 3 11 3 U
12 4 14 22 L
12 5 4 11 R
12 6 20 12 R
12 7 19 18 D
12 8 0 21 L
12 9 17 19 D
12 10 0 24 L
12 11 2 11 R
12 12 1 12 R
12 13 3 16 D
12 14 0 1 U
12 15 13 13 R
12 16 0 22 L
12 17 8 6 U
12 18 0 4 U
12 19 8 5 U
12 20 6 9 R
12 21 14 0 U
12 22 1 2 U
12 23 0 9 R
12 24 4 20 D
12 25 3 20 D
12 26 5 26 L
13 0 3 0 U
13 1 11 8 R
13 2 1 2 U
13 3 3 12 R
13 4 19 10 R
13 5 10 10 R
13 6 14 9 R
13 7 0 14 D
13 8 2 18 D
13 9 24 16 D
13 10 5 10 R
13 11 22 1 U
13 12 11 15 D
13 14 0 6 U
13 15 5 21 L
13 16 9 1 U
13 17 3 5 U
13 18 1 18 D
13 19 20 10 R
13 20 2 20 D
13 21 6 0 U
13 22 19 14 D
13 23 0 1 U
13 24 9 17 D
13 25 12 18 D
14 0 18 21 L
14 1 6 1 U
14 2 16 9 R
14 3 15 24 L
14 4 5 4 U
14 5 1 5 U
14 6 1 6 U
14 7 11 7 R
14 8 8 15 D
14 9 12 19 D
14 10 15 10 R
14 11 16 16 D
14 12 3 5 U
14 14 8 7 R
14 15 15 9 R
14 16 11 8 R
14 17 18 12 R
14 18 1 18 D
14 19 18 9 R
14 20 6 12 R
14 21 18 16 D
14 22 6 6 U
14 23 0 10 R
14 24 12 24 L
14 25 1 25 L
15 0 12 12 R
15 1 11 1 U
15 2 3 2 U
15 3 6 21 L
15 4 12 22 L
15 5 8 23 L
15 6 6 6 U
15 7 8 0 U
15 8 10 4 U
15 9 17 3 U
15 10 4 18 D
15 11 21 15 D
15 12 9 6 U
15 14 12 25 L
15 15 0 23 L
15 16 16 25 L
15 17 19 2 U
15 18 0 10 R
15 19 0 11 R
15 20 1 11 R
15 21 16 2 U
15 22 11 22 L
15 23 14 2 U
15 24 6 1 U
15 25 6 25 L
15 26 1 26 L
16 0 1 0 U
16 1 4 21 L
16 2 4 8 R
16 3 4 9 R
16 5 23 5 U
16 6 7 6 U
16 7 5 3 U
16 8 13 4 U
16 9 2 4 U
16 10 2 5 U
16 11 17 11 R
16 12 15 17 D
16 14 15 14 D
16 15 8 7 R
16 16 1 16 D
16 17 8 11 R
16 18 15 25 L
16 19 6 19 D
16 20 17 8 R
16 21 24 14 D
16 22 17 15 D
16 23 11 5 U
16 24 12 24 L
16 25 10 18 D
17 0 4 7 R
17 1 18 21 L
17 2 8 2 U
17 3 15 23 L
17 4 8 23 L
17 5 14 23 L
17 6 18 17 D
17 7 2 16 D
17 8 14 23 L
17 9 0 4 U
17 10 1 10 R
17 11 22 14 D
17 14 10 14 D
17 15 3 21 L
17 16 9 24 L
17 17 7 22 L
17 18 15 5 U
17 19 6 19 D
17 20 16 20 D
17 21 3 0 U
17 22 3 1 U
17 23 22 18 D
17 24 7 1 U
17 25 7 5 U
18 0 0 9 R
18 1 8 23 L
18 2 13 22 L
18 3 14 8 R
18 5 9 25 L
18 7 15 18 D
18 8 21 14 D
18 9 11 15 D
18 10 17 14 D
18 11 2 14 D
18 12 3 14 D
18 14 17 3 U
18 15 1 15 D
18 16 12 8 R
18 18 1 18 D
18 19 1 9 R
18 20 1 20 D
18 21 2 14 D
18 22 20 4 U
18 23 10 4 U
18 24 16 5 U
18 25 6 15 D
19 0 3 0 U
19 1 12 12 R
19 2 2 24 L
19 3 23 24 L
19 5 14 24 L
19 6 1 24 L
19 7 13 1 U
19 8 10 2 U
19 9 20 1 U
19 10 10 6 U
19 11 5 20 D
19 12 1 12 R
19 14 3 0 U
19 15 1 9 R
19 16 13 3 U
19 17 1 17 D
19 18 4 11 R
19 19 11 8 R
19 20 4 6 U
19 22 13 19 D
19 23 15 14 D
19 24 14 24 L
19 25 13 11 R
20 0 13 26 L
20 1 1 22 L
20 2 1 8 R
20 3 1 12 R
20 4 13 12 R
20 5 1 5 U
20 7 9 14 D
20 9 11 22 L
20 10 0 2 U
20 11 5 11 R
20 15 14 8 R
20 16 3 21 L
20 17 18 8 R
20 18 0 12 R
20 19 19 6 U
20 20 21 20 D
20 21 19 3 U
20 22 1 3 U
20 24 23 17 D
20 25 17 25 L
21 0 17 24 L
21 1 6 16 D
21 2 18 21 L
21 3 4 25 L
21 7 2 22 L
21 9 7 18 D
21 10 14 10 R
21 11 3 11 R
21 15 6 4 U
21 16 18 10 R
21 18 19 24 L
21 22 14 17 D
21 24 14 24 L
21 25 2 25 L
22 0 10 0 U
22 1 14 1 U
22 2 1 7 R
22 3 4 10 R
22 4 19 4 U
22 5 9 24 L
22 6 10 21 L
22 7 16 0 U
22 9 21 24 L
22 10 1 18 D
22 11 3 11 R
22 12 5 0 U
22 15 1 15 D
22 16 19 22 L
22 18 1 11 R
22 22 4 22 L
23 0 16 8 R
23 1 9 9 R
23 2 2 8 R
23 9 12 17 D
23 11 5 11 R
23 16 14 16 D
23 18 8 3 U
24 0 5 10 R
24 1 14 16 D
24 2 7 7 R
24 3 2 3 U
24 11 17 19 D

