37 53 1772
8 33 15 19 34 0 0 0 34 27 32 0 0 33 31 32 28 36 21 26
27 0 13 33 0 26 0 23 28 29 0 21 30 31 26 31 10 35 19 5
2 0 14 34 0 24 3 6 0 6 28 11 0 0 9 0 0 0 0 28
3 11 15 29 0 4 0 0 33 20 22 0 0 3 26 0 24 20 6 6
0 9 0 0 0 30 1 0 0 11 0 0 0 22 8 27 0 6 2 27
0 0 16 0 0 28 0 0 31 0 0 24 0 5 0 31 0 0 22 13
0 0 17 33 34 29 20 24 2 4 30 0 0 17 27 0 31 0 30 1
0 23 33 0 0 32 9 34 0 0 0 0 0 0 0 0 0 0 0 34
2 13 25 32 29 31 29 33 21 0 0 0 0 0 32 31 21 32 19 31
15 16 16 33 33 29 0 0 0 0 0 0 0 0 34 33 28 24 25 21
27 0 0 0 0 0 0 0 0 0 0 0 26 25 0 0 30 4 0 0
27 22 17 0 0 15 27 18 0 3 19 33 6 0 0 34 27 3 23 32
28 32 0 0 0 0 32 24 34 34 18 0 29 34 33 0 14 8 0 0
0 31 12 31 14 32 29 25 33 30 14 21 31 31 33 0 5 2 24 0
2 0 0 0 12 0 0 0 29 0 0 31 31 0 18 3 0 0 33 0
0 32 3 10 2 12 0 18 0 29 0 19 2 15 0 8 0 0 0 0
0 16 3 13 26 25 0 13 17 31 25 18 0 10 2 13 0 26 9 0
0 29 2 32 5 15 0 22 32 0 26 18 20 5 23 23 17 3 0 0
27 2 3 0 4 14 30 0 31 30 25 14 24 6 3 0 9 0 12 0
16 14 0 31 0 0 24 31 32 30 30 31 0 8 30 6 8 11 29 24
0 0 0 0 D
0 1 0 1 D
0 2 0 2 D
0 3 0 3 D
0 4 0 4 D
0 5 0 5 D
0 6 0 6 D
0 7 0 7 D
0 8 0 8 D
0 9 0 9 D
0 10 0 10 D
0 11 0 11 D
0 12 0 12 R
0 13 0 13 R
0 14 0 14 R
0 15 0 15 R
0 16 0 16 R
0 17 0 17 R
0 18 0 18 R
0 19 0 19 R
0 20 0 20 R
0 21 0 21 R
0 22 0 22 R
0 23 0 23 R
0 24 0 24 R
0 25 0 25 R
0 26 0 26 U
0 27 0 27 U
0 28 0 28 U
0 29 0 29 U
0 30 0 30 U
0 31 0 31 U
0 32 0 32 U
0 33 0 33 U
0 34 0 34 U
0 35 0 35 U
0 36 0 36 U
0 37 0 37 U
0 38 0 38 U
0 39 0 39 L
0 40 0 40 L
0 41 0 41 L
0 42 0 42 L
0 43 0 43 L
0 44 0 44 L
0 45 0 45 L
0 46 0 46 L
0 47 0 47 L
0 48 0 48 L
0 49 0 49 L
0 50 0 50 L
0 51 0 51 L
0 52 0 52 L
1 0 0 14 R
1 1 0 26 U
1 2 0 41 L
1 3 0 43 L
1 4 0 15 R
1 5 1 17 R
1 6 0 12 R
1 7 0 18 R
1 8 1 21 R
1 9 0 22 R
1 10 3 24 R
1 11 7 25 R
1 12 0 0 D
1 13 0 27 U
1 14 0 28 U
1 15 0 2 D
1 16 1 31 U
1 17 0 46 L
1 18 0 39 L
1 19 0 7 D
1 20 2 33 U
1 21 1 35 U
1 22 0 49 L
1 23 3 9 D
1 24 3 37 U
1 25 1 38 U
1 26 0 12 R
1 27 0 39 L
1 28 0 13 R
1 29 1 40 L
1 30 0 2 D
1 31 1 44 L
1 32 2 16 R
1 33 3 18 R
1 34 1 19 R
1 35 2 20 R
1 36 3 21 R
1 37 2 48 L
1 38 3 24 R
1 39 0 26 U
1 40 1 1 D
1 41 0 29 U
1 42 0 15 R
1 43 2 29 U
1 44 0 30 U
1 45 2 31 U
1 46 2 32 U
1 47 0 4 D
1 48 1 7 D
1 49 2 37 U
1 50 1 9 D
1 51 3 35 U
1 52 1 38 U
2 0 0 42 L
2 1 1 13 R
2 2 0 28 U
2 3 0 40 L
2 4 0 45 L
2 5 2 5 D
2 6 1 6 D
2 7 0 19 R
2 8 3 8 D
2 9 3 50 L
2 10 2 10 D
2 11 6 11 D
2 12 2 26 U
2 13 1 27 U
2 14 0 1 D
2 15 0 3 D
2 16 0 41 L
2 17 1 17 R
2 18 2 18 R
2 19 0 31 U
2 20 1 20 R
2 21 2 8 D
2 22 3 22 R
2 23 1 23 R
2 24 0 50 L
2 25 2 25 R
2 26 0 0 D
2 27 2 12 R
2 28 0 14 R
2 29 2 39 L
2 30 1 30 U
2 31 0 16 R
2 32 3 39 L
2 33 3 33 U
2 34 2 34 U
2 35 1 35 U
2 36 2 36 U
2 37 2 37 U
2 38 2 38 U
2 39 2 2 D
2 40 0 3 D
2 41 0 4 D
2 42 1 42 L
2 43 2 43 L
2 44 1 44 L
2 45 1 45 L
2 46 3 28 U
2 47 2 47 L
2 48 2 48 L
2 49 3 49 L
2 50 2 50 L
2 51 3 51 L
2 52 8 31 U
3 0 2 40 L
3 1 2 43 L
3 2 0 13 R
3 3 3 15 R
3 4 0 16 R
3 5 0 30 U
3 6 3 47 L
3 7 2 21 R
3 8 0 34 U
3 9 0 23 R
3 10 0 48 L
3 11 5 11 D
3 12 1 5 D
3 13 2 1 D
3 14 3 1 D
3 15 0 44 L
3 16 0 29 U
3 17 2 17 R
3 18 3 6 D
3 19 2 19 R
3 20 2 20 R
3 21 0 8 D
3 22 2 22 R
3 23 2 23 R
3 24 7 11 D
3 25 3 25 R
3 26 0 41 L
3 27 1 42 L
3 28 0 3 D
3 29 0 46 L
3 30 1 12 R
3 31 0 48 L
3 32 2 32 U
3 33 3 45 L
3 34 0 47 L
3 35 0 9 D
3 36 3 36 U
3 37 0 51 L
3 38 1 52 L
3 39 3 5 D
3 40 1 32 U
3 41 0 2 D
3 42 0 33 U
3 43 0 6 D
3 44 0 28 U
3 45 3 34 U
3 46 3 46 L
3 47 0 36 U
3 48 1 48 L
3 49 2 49 L
3 50 0 10 D
3 51 2 51 L
3 52 6 52 L
4 0 1 39 L
4 1 1 43 L
4 2 2 47 L
4 3 4 3 D
4 4 5 39 L
4 5 1 15 R
4 6 1 12 R
4 7 6 18 R
4 8 7 44 L
4 9 7 21 R
4 10 5 23 R
4 11 3 22 R
4 12 1 32 U
4 13 2 6 D
4 14 2 0 D
4 15 3 15 R
4 16 6 34 U
4 17 0 48 L
4 18 1 26 U
4 19 6 5 D
4 20 0 0 D
4 21 0 4 D
4 22 0 51 L
4 23 0 48 L
4 24 6 24 R
4 25 2 10 D
4 26 4 40 L
4 27 3 46 L
4 28 4 46 L
4 29 5 14 R
4 30 5 39 L
4 31 7 31 U
4 32 1 25 R
4 33 2 18 R
4 34 4 17 R
4 35 5 19 R
4 36 2 13 R
4 37 5 47 L
4 38 5 24 R
4 39 0 14 R
4 40 1 0 D
4 41 0 12 R
4 42 3 3 D
4 43 2 26 U
4 44 6 5 D
4 45 6 8 D
4 46 2 34 U
4 47 1 1 D
4 48 1 5 D
4 49 4 3 D
4 50 7 38 U
4 51 1 28 U
4 52 9 52 L
5 0 0 49 L
5 1 3 14 R
5 2 5 13 R
5 3 2 42 L
5 4 7 4 D
5 5 7 42 L
5 6 0 20 R
5 7 7 7 D
5 8 6 45 L
5 9 4 22 R
5 10 0 50 L
5 11 2 23 R
5 12 0 26 U
5 13 4 1 D
5 14 5 14 R
5 15 0 47 L
5 16 5 2 D
5 17 5 1 D
5 18 5 5 D
5 19 6 19 R
5 20 5 20 R
5 21 6 21 R
5 22 7 9 D
5 23 5 23 R
5 24 9 44 L
5 25 1 25 R
5 26 0 42 L
5 27 4 27 U
5 28 5 28 U
5 29 6 29 U
5 30 3 17 R
5 31 3 31 U
5 32 1 17 R
5 33 4 33 U
5 34 5 15 R
5 35 7 35 U
5 36 5 14 R
5 37 5 37 U
5 38 3 38 U
5 39 0 12 R
5 40 7 27 U
5 41 5 41 L
5 42 1 2 D
5 43 4 7 D
5 44 6 31 U
5 45 7 45 L
5 46 4 32 U
5 47 0 34 U
5 48 0 37 U
5 49 4 49 L
5 50 4 35 U
5 51 4 11 D
5 52 8 30 U
6 0 5 42 L
6 1 2 12 R
6 2 6 12 R
6 3 3 3 D
6 4 5 14 R
6 5 7 5 D
6 6 7 16 R
6 7 6 7 D
6 8 6 8 D
6 9 5 9 D
6 10 0 24 R
6 11 8 11 D
6 12 1 3 D
6 13 4 13 R
6 14 6 14 R
6 15 7 32 U
6 16 0 4 D
6 17 4 17 R
6 18 7 18 R
6 19 6 6 D
6 20 4 20 R
6 21 5 8 D
6 22 7 37 U
6 23 0 10 D
6 24 8 24 R
6 25 4 25 R
6 26 1 39 L
6 27 6 39 L
6 28 6 41 L
6 29 3 29 U
6 30 7 43 L
6 31 6 43 L
6 32 4 32 U
6 33 7 19 R
6 34 5 18 R
6 35 6 35 U
6 36 6 36 U
6 37 6 22 R
6 38 1 38 U
6 39 6 36 U
6 40 7 40 L
6 41 3 31 U
6 42 6 4 D
6 43 6 43 L
6 44 7 44 L
6 45 5 45 L
6 46 5 8 D
6 47 4 34 U
6 48 3 9 D
6 49 4 0 D
6 50 3 50 L
6 51 5 51 L
6 52 8 52 L
7 0 4 40 L
7 1 6 49 L
7 2 5 16 R
7 3 4 17 R
7 4 7 49 L
7 5 7 19 R
7 6 5 6 D
7 7 5 7 D
7 8 6 46 L
7 9 4 9 D
7 10 5 13 R
7 11 3 35 U
7 12 7 29 U
7 13 6 13 R
7 14 3 2 D
7 15 6 15 R
7 16 5 34 U
7 17 2 30 U
7 18 6 31 U
7 19 7 0 D
7 20 4 27 U
7 21 7 21 R
7 22 0 37 U
7 23 4 1 D
7 24 4 8 D
7 25 9 37 U
7 26 4 16 R
7 27 5 44 L
7 28 2 46 L
7 29 7 29 U
7 30 6 30 U
7 31 6 44 L
7 32 6 40 L
7 33 6 33 U
7 34 7 22 R
7 35 5 35 U
7 36 5 36 U
7 37 4 48 L
7 38 8 25 R
7 39 1 12 R
7 40 5 12 R
7 41 4 4 D
7 42 5 42 L
7 43 4 35 U
7 44 5 21 R
7 45 0 35 U
7 46 5 9 D
7 47 7 47 L
7 48 6 10 D
7 49 7 28 U
7 50 1 50 L
7 51 4 51 L
7 52 5 36 U
8 0 8 43 L
8 1 0 52 L
8 2 0 23 R
8 3 4 28 U
8 4 4 13 R
8 5 6 17 R
8 6 8 18 R
8 7 1 18 R
8 8 9 8 D
8 9 5 15 R
8 10 4 10 D
8 11 13 11 D
8 12 8 6 D
8 13 2 7 D
8 14 8 29 U
8 15 8 30 U
8 16 7 7 D
8 17 9 4 D
8 18 7 26 U
8 19 8 19 R
8 20 0 47 L
8 21 0 50 L
8 22 2 9 D
8 23 9 23 R
8 24 5 24 R
8 25 8 25 R
8 26 8 40 L
8 27 0 7 D
8 28 4 50 L
8 29 8 42 L
8 30 9 39 L
8 31 8 15 R
8 32 0 24 R
8 33 9 5 D
8 34 8 42 L
8 35 0 18 R
8 36 0 41 L
8 37 6 39 L
8 38 0 50 L
8 39 6 28 U
8 40 4 12 R
8 41 0 27 U
8 42 8 36 U
8 43 9 7 D
8 44 9 3 D
8 45 12 2 D
8 46 0 29 U
8 47 9 32 U
8 48 15 4 D
8 49 8 3 D
8 50 8 8 D
8 51 6 51 L
8 52 7 0 D
9 0 3 12 R
9 1 5 40 L
9 2 1 2 D
9 3 0 32 U
9 4 5 49 L
9 5 8 5 D
9 6 5 19 R
9 7 5 20 R
9 8 5 50 L
9 9 8 9 D
9 10 7 10 D
9 11 1 11 D
9 12 6 46 L
9 13 0 40 L
9 14 5 41 L
9 15 0 1 D
9 16 9 52 L
9 17 0 43 L
9 18 0 51 L
9 19 8 0 D
9 20 8 20 R
9 21 8 27 U
9 22 7 22 R
9 23 8 23 R
9 24 9 24 R
9 25 9 25 R
9 26 4 13 R
9 27 8 52 L
9 28 8 21 R
9 29 9 14 R
9 30 9 30 U
9 31 5 31 U
9 32 8 43 L
9 33 9 33 U
9 34 9 34 U
9 35 8 14 R
9 36 5 22 R
9 37 9 37 U
9 38 9 12 R
9 39 9 26 U
9 40 6 9 D
9 41 7 6 D
9 42 7 16 R
9 43 8 33 U
9 44 8 0 D
9 45 11 45 L
9 46 6 46 L
9 47 13 35 U
9 48 18 3 D
9 49 6 49 L
9 50 10 9 D
9 51 7 51 L
9 52 13 33 U
10 0 10 40 L
10 1 7 52 L
10 2 5 12 R
10 3 11 43 L
10 4 10 17 R
10 5 2 24 R
10 6 10 16 R
10 7 11 14 R
10 8 10 51 L
10 9 0 33 U
10 10 6 41 L
10 11 9 11 D
10 12 6 28 U
10 13 9 38 U
10 14 11 1 D
10 15 11 3 D
10 16 12 3 D
10 17 10 6 D
10 18 12 3 D
10 19 10 29 U
10 20 13 28 U
10 21 10 34 U
10 22 10 22 R
10 23 13 32 U
10 24 9 1 D
10 25 12 8 D
10 26 6 23 R
10 27 8 39 L
10 28 2 22 R
10 29 4 12 R
10 30 11 40 L
10 31 9 41 L
10 32 12 40 L
10 33 10 22 R
10 34 10 14 R
10 35 12 17 R
10 36 10 25 R
10 37 10 23 R
10 38 8 38 U
10 39 5 26 U
10 40 10 4 D
10 41 10 30 U
10 42 12 28 U
10 43 3 29 U
10 44 9 44 L
10 45 1 5 D
10 46 9 46 L
10 47 13 47 L
10 48 18 48 L
10 49 8 26 U
10 50 13 50 L
10 51 13 4 D
10 52 11 52 L
11 0 10 41 L
11 1 11 44 L
11 2 10 2 D
11 3 11 16 R
11 4 12 4 D
11 5 11 18 R
11 6 11 6 D
11 7 9 7 D
11 8 13 8 D
11 9 9 44 L
11 10 9 10 D
11 11 17 20 R
11 12 9 2 D
11 13 10 27 U
11 14 11 26 U
11 15 11 15 R
11 16 12 16 R
11 17 11 17 R
11 18 11 18 R
11 19 12 19 R
11 20 11 20 R
11 21 12 32 U
11 22 2 46 L
11 23 12 23 R
11 24 3 24 R
11 25 13 25 R
11 26 9 26 U
11 27 10 49 L
11 28 5 40 L
11 29 0 15 R
11 30 11 30 U
11 31 12 31 U
11 32 13 32 U
11 33 7 33 U
11 34 7 34 U
11 35 11 35 U
11 36 11 36 U
11 37 14 37 U
11 38 6 38 U
11 39 0 5 D
11 40 8 7 D
11 41 10 41 L
11 42 11 42 L
11 43 9 2 D
11 44 5 31 U
11 45 10 45 L
11 46 8 46 L
11 47 12 32 U
11 48 12 48 L
11 49 9 49 L
11 50 12 36 U
11 51 11 51 L
11 52 10 52 L
12 0 10 15 R
12 1 0 27 U
12 2 12 42 L
12 3 10 45 L
12 4 11 16 R
12 5 13 20 R
12 6 0 31 U
12 7 0 31 U
12 8 0 21 R
12 9 9 22 R
12 10 10 10 D
12 11 4 12 R
12 12 11 0 D
12 13 10 4 D
12 14 10 14 R
12 15 11 29 U
12 16 7 44 L
12 17 12 30 U
12 18 12 18 R
12 19 12 5 D
12 20 13 29 U
12 21 11 21 R
12 22 11 22 R
12 23 11 8 D
12 24 12 26 U
12 25 12 25 R
12 26 10 39 L
12 27 10 12 R
12 28 12 40 L
12 29 10 42 L
12 30 11 19 R
12 31 10 13 R
12 32 6 8 D
12 33 12 23 R
12 34 11 34 U
12 35 12 44 L
12 36 8 51 L
12 37 15 37 U
12 38 11 38 U
12 39 5 33 U
12 40 12 1 D
12 41 11 6 D
12 42 10 35 U
12 43 12 43 L
12 44 12 3 D
12 45 2 12 R
12 46 12 13 R
12 47 11 47 L
12 48 16 48 L
12 49 13 1 D
12 50 15 32 U
12 51 15 0 D
12 52 16 2 D
13 0 12 15 R
13 1 13 42 L
13 2 2 17 R
13 3 12 49 L
13 4 12 47 L
13 5 13 5 D
13 6 12 16 R
13 7 9 19 R
13 8 11 23 R
13 9 11 9 D
13 10 15 42 L
13 11 17 11 D
13 12 12 12 R
13 13 10 7 D
13 14 12 2 D
13 15 12 26 U
13 16 13 16 R
13 17 13 4 D
13 18 10 18 R
13 19 8 8 D
13 20 9 41 L
13 21 0 38 U
13 22 12 22 R
13 23 13 23 R
13 24 0 1 D
13 25 6 1 D
13 26 8 24 R
13 27 12 45 L
13 28 10 47 L
13 29 12 20 R
13 30 10 45 L
13 31 13 20 R
13 32 10 21 R
13 33 12 47 L
13 34 13 43 L
13 35 6 52 L
13 36 14 36 U
13 37 16 37 U
13 38 17 4 D
13 39 11 34 U
13 40 12 19 R
13 41 7 7 D
13 42 13 27 U
13 43 13 31 U
13 44 9 11 D
13 45 13 45 L
13 46 13 46 L
13 47 12 9 D
13 48 18 2 D
13 49 14 10 D
13 50 19 50 L
13 51 5 1 D
13 52 14 52 L
14 0 15 45 L
14 1 0 51 L
14 2 15 19 R
14 3 4 35 U
14 4 16 52 L
14 5 9 14 R
14 6 2 31 U
14 7 13 24 R
14 8 0 39 L
14 9 12 18 R
14 10 16 22 R
14 11 18 11 D
14 12 5 27 U
14 13 14 27 U
14 14 13 50 L
14 15 0 43 L
14 16 10 5 D
14 17 16 30 U
14 18 6 6 D
14 19 13 32 U
14 20 10 27 U
14 21 13 0 D
14 22 16 0 D
14 23 3 26 U
14 24 7 24 R
14 25 14 25 R
14 26 10 26 U
14 27 13 40 L
14 28 12 41 L
14 29 10 29 U
14 30 14 13 R
14 31 2 15 R
14 32 14 40 L
14 33 7 41 L
14 34 14 45 L
14 35 10 14 R
14 36 17 36 U
14 37 13 37 U
14 38 34 38 U
14 39 11 7 D
14 40 10 26 U
14 41 12 29 U
14 42 13 10 D
14 43 14 32 U
14 44 14 5 D
14 45 15 1 D
14 46 11 27 U
14 47 16 32 U
14 48 19 48 L
14 49 15 49 L
14 50 16 50 L
14 51 17 51 L
14 52 15 52 L
15 0 14 12 R
15 1 11 40 L
15 2 14 46 L
15 3 16 3 D
15 4 16 4 D
15 5 15 43 L
15 6 14 6 D
15 7 15 16 R
15 8 10 8 D
15 9 17 17 R
15 10 15 10 D
15 11 19 11 D
15 12 14 0 D
15 13 15 13 R
15 14 11 30 U
15 15 15 15 R
15 16 15 1 D
15 17 6 46 L
15 18 3 33 U
15 19 16 19 R
15 20 6 48 L
15 21 13 21 R
15 22 15 22 R
15 23 14 23 R
15 24 13 24 R
15 25 15 25 R
15 26 13 23 R
15 27 15 39 L
15 28 16 28 U
15 29 8 15 R
15 30 14 47 L
15 31 7 17 R
15 32 16 39 L
15 33 16 18 R
15 34 15 34 U
15 35 12 35 U
15 36 0 13 R
15 37 24 23 R
15 38 22 38 U
15 39 15 26 U
15 40 13 8 D
15 41 15 41 L
15 42 16 34 U
15 43 10 43 L
15 44 16 44 L
15 45 16 45 L
15 46 14 34 U
15 47 14 47 L
15 48 19 33 U
15 49 16 49 L
15 50 4 50 L
15 51 5 21 R
15 52 17 3 D
16 0 14 44 L
16 1 16 49 L
16 2 3 2 D
16 3 15 3 D
16 4 17 16 R
16 5 11 25 R
16 6 14 14 R
16 7 16 7 D
16 8 11 8 D
16 9 15 9 D
16 10 19 10 D
16 11 15 17 R
16 12 0 5 D
16 13 13 13 R
16 14 12 31 U
16 15 8 28 U
16 16 16 16 R
16 17 14 17 R
16 18 15 9 D
16 19 15 5 D
16 20 15 20 R
16 21 15 21 R
16 22 16 22 R
16 23 11 23 R
16 24 16 24 R
16 25 16 28 U
16 26 11 0 D
16 27 15 17 R
16 28 15 49 L
16 29 14 29 U
16 30 15 30 U
16 31 10 31 U
16 32 13 25 R
16 33 16 33 U
16 34 15 13 R
16 35 4 35 U
16 36 1 36 U
16 37 25 37 U
16 38 15 38 U
16 39 0 31 U
16 40 14 6 D
16 41 15 7 D
16 42 16 42 L
16 43 14 3 D
16 44 15 44 L
16 45 0 18 R
16 46 15 46 L
16 47 15 47 L
16 48 17 48 L
16 49 15 33 U
16 50 25 8 D
16 51 18 51 L
16 52 15 0 D
17 0 17 52 L
17 1 10 22 R
17 2 19 17 R
17 3 17 44 L
17 4 17 4 D
17 5 15 16 R
17 6 14 12 R
17 7 3 23 R
17 8 13 17 R
17 9 17 9 D
17 10 24 13 R
17 11 19 39 L
17 12 14 43 L
17 13 15 5 D
17 14 14 36 U
17 15 10 5 D
17 16 15 28 U
17 17 0 42 L
17 18 19 27 U
17 19 18 19 R
17 20 16 20 R
17 21 16 21 R
17 22 14 22 R
17 23 0 49 L
17 24 14 26 U
17 25 14 30 U
17 26 12 12 R
17 27 18 40 L
17 28 12 25 R
17 29 10 24 R
17 30 12 15 R
17 31 13 39 L
17 32 17 40 L
17 33 16 14 R
17 34 16 34 U
17 35 19 46 L
17 36 10 24 R
17 37 24 37 U
17 38 33 38 U
17 39 16 26 U
17 40 16 9 D
17 41 14 33 U
17 42 6 34 U
17 43 14 43 L
17 44 17 32 U
17 45 16 4 D
17 46 15 29 U
17 47 12 35 U
17 48 7 48 L
17 49 1 29 U
17 50 24 50 L
17 51 15 51 L
17 52 13 52 L
18 0 14 51 L
18 1 18 20 R
18 2 17 48 L
18 3 19 41 L
18 4 18 16 R
18 5 1 12 R
18 6 17 13 R
18 7 2 7 D
18 8 14 25 R
18 9 17 15 R
18 10 23 10 D
18 11 16 11 D
18 12 18 12 R
18 13 0 30 U
18 14 17 6 D
18 15 19 0 D
18 16 17 1 D
18 17 11 46 L
18 18 19 18 R
18 19 19 19 R
18 20 18 28 U
18 21 17 21 R
18 22 14 48 L
18 23 18 23 R
18 24 12 11 D
18 25 19 33 U
18 26 15 51 L
18 27 11 1 D
18 28 15 21 R
18 29 13 18 R
18 30 18 39 L
18 31 19 31 U
18 32 14 44 L
18 33 0 6 D
18 34 19 13 R
18 35 13 47 L
18 36 12 36 U
18 37 24 52 L
18 38 33 15 R
18 39 18 36 U
18 40 19 37 U
18 41 18 30 U
18 42 18 27 U
18 43 18 34 U
18 44 15 6 D
18 45 19 3 D
18 46 14 9 D
18 47 10 36 U
18 48 19 11 D
18 49 10 49 L
18 50 23 50 L
18 51 16 51 L
18 52 4 52 L
19 0 19 48 L
19 1 17 45 L
19 2 19 2 D
19 3 18 42 L
19 4 13 4 D
19 5 18 46 L
19 6 16 19 R
19 7 3 7 D
19 8 19 23 R
19 9 19 9 D
19 10 22 10 D
19 11 14 11 D
19 12 0 32 U
19 13 17 28 U
19 14 17 31 U
19 15 18 15 R
19 16 18 16 R
19 17 21 5 D
19 18 9 18 R
19 19 17 19 R
19 20 17 20 R
19 21 17 26 U
19 22 17 22 R
19 23 17 23 R
19 24 19 24 R
19 25 10 25 R
19 26 18 39 L
19 27 18 43 L
19 28 9 18 R
19 29 17 14 R
19 30 16 41 L
19 31 18 31 U
19 32 3 32 U
19 33 16 47 L
19 34 19 34 U
19 35 21 16 R
19 36 13 36 U
19 37 26 37 U
19 39 17 14 R
19 40 19 4 D
19 41 18 9 D
19 42 16 29 U
19 43 19 43 L
19 44 14 44 L
19 45 12 45 L
19 46 18 10 D
19 47 9 19 R
19 48 9 48 L
19 49 22 33 U
19 50 25 50 L
19 51 6 7 D
19 52 26 35 U
20 0 14 19 R
20 1 19 43 L
20 2 15 40 L
20 3 16 15 R
20 4 18 4 D
20 5 20 19 R
20 6 20 42 L
20 7 0 22 R
20 8 22 8 D
20 9 6 9 D
20 10 21 10 D
20 11 20 11 D
20 12 0 34 U
20 13 18 35 U
20 14 22 1 D
20 15 14 15 R
20 16 19 36 U
20 17 23 17 R
20 18 6 18 R
20 19 13 0 D
20 20 20 2 D
20 21 3 46 L
20 22 3 29 U
20 23 23 5 D
20 24 18 31 U
20 25 20 6 D
20 26 2 0 D
20 27 21 39 L
20 28 21 40 L
20 29 0 47 L
20 30 20 18 R
20 31 17 52 L
20 32 0 40 L
20 33 17 33 U
20 34 18 13 R
20 35 2 35 U
20 36 20 24 R
20 37 25 18 R
20 39 21 26 U
20 40 20 13 R
20 41 17 4 D
20 42 20 7 D
20 43 22 5 D
20 44 24 36 U
20 45 22 31 U
20 46 23 46 L
20 47 18 3 D
20 48 20 4 D
20 49 23 49 L
20 50 20 50 L
20 51 18 28 U
20 52 22 52 L
21 0 19 12 R
21 1 19 39 L
21 2 23 2 D
21 3 16 40 L
21 4 4 21 R
21 5 23 5 D
21 6 20 6 D
21 7 23 48 L
21 8 16 8 D
21 9 25 16 R
21 10 24 10 D
21 11 23 11 D
21 12 18 4 D
21 13 20 4 D
21 14 22 14 R
21 15 20 15 R
21 16 17 7 D
21 17 22 17 R
21 18 21 26 U
21 19 11 26 U
21 20 21 20 R
21 21 21 21 R
21 22 21 27 U
21 23 23 23 R
21 24 20 24 R
21 25 21 25 R
21 26 17 45 L
21 27 20 27 U
21 28 22 28 U
21 29 0 11 D
21 30 21 30 U
21 31 23 41 L
21 32 24 17 R
21 33 20 14 R
21 34 17 19 R
21 35 22 35 U
21 36 24 10 D
21 37 27 37 U
21 39 20 1 D
21 40 20 28 U
21 41 23 26 U
21 42 17 31 U
21 43 23 43 L
21 44 21 44 L
21 45 21 45 L
21 46 4 30 U
21 47 21 47 L
21 48 22 48 L
21 49 22 49 L
21 50 18 50 L
21 51 22 29 U
21 52 26 52 L
22 0 0 35 U
22 1 20 51 L
22 2 22 16 R
22 3 20 14 R
22 4 21 4 D
22 5 22 43 L
22 6 21 21 R
22 7 21 17 R
22 8 20 20 R
22 9 26 9 D
22 10 20 10 D
22 11 21 19 R
22 12 21 1 D
22 13 17 41 L
22 14 23 14 R
22 15 13 15 R
22 16 21 28 U
22 17 18 7 D
22 18 21 18 R
22 19 10 19 R
22 20 19 20 R
22 21 20 21 R
22 22 21 22 R
22 23 22 23 R
22 24 22 27 U
22 25 22 25 R
22 26 23 39 L
22 27 19 39 L
22 28 15 24 R
22 29 2 21 R
22 30 20 30 U
22 31 23 43 L
22 32 24 32 U
22 33 23 33 U
22 34 18 34 U
22 35 19 35 U
22 36 20 36 U
22 37 28 19 R
22 39 17 34 U
22 40 15 3 D
22 41 22 41 L
22 42 5 2 D
22 43 22 43 L
22 44 23 44 L
22 45 22 45 L
22 46 16 28 U
22 47 19 47 L
22 48 9 10 D
22 49 20 49 L
22 50 25 0 D
22 51 21 8 D
22 52 22 35 U
23 0 18 44 L
23 1 22 45 L
23 2 9 48 L
23 3 20 3 D
23 4 22 20 R
23 5 0 29 U
23 6 21 6 D
23 7 23 7 D
23 8 23 8 D
23 9 25 9 D
23 10 20 43 L
23 11 24 11 D
23 12 22 12 R
23 13 22 46 L
23 14 12 42 L
23 15 17 15 R
23 16 11 33 U
23 17 20 17 R
23 18 22 31 U
23 19 16 51 L
23 20 0 4 D
23 21 20 6 D
23 22 24 32 U
23 23 21 23 R
23 24 22 24 R
23 25 23 25 R
23 26 20 13 R
23 27 21 41 L
23 28 20 28 U
23 29 18 49 L
23 30 24 42 L
23 31 23 31 U
23 32 24 49 L
23 33 22 25 R
23 34 23 34 U
23 35 23 35 U
23 36 22 36 U
23 37 21 37 U
23 39 22 12 R
23 40 22 35 U
23 41 21 26 U
23 42 17 42 L
23 43 21 16 R
23 44 22 44 L
23 45 20 45 L
23 46 24 31 U
23 47 22 10 D
23 48 21 48 L
23 49 21 49 L
23 50 8 50 L
23 51 24 51 L
23 52 3 30 U
24 0 21 22 R
24 1 21 41 L
24 2 1 48 L
24 3 0 44 L
24 4 20 4 D
24 5 18 12 R
24 6 23 26 U
24 7 31 17 R
24 8 24 17 R
24 9 22 9 D
24 10 19 25 R
24 11 19 52 L
24 12 23 46 L
24 13 24 1 D
24 14 23 32 U
24 15 0 32 U
24 16 15 36 U
24 17 24 30 U
24 18 24 18 R
24 19 26 42 L
24 20 22 30 U
24 21 0 3 D
24 22 1 22 R
24 23 20 23 R
24 24 24 28 U
24 25 18 4 D
24 26 20 12 R
24 27 23 27 U
24 28 21 13 R
24 29 20 22 R
24 30 23 21 R
24 31 20 15 R
24 32 3 22 R
24 33 20 33 U
24 34 22 49 L
24 35 20 18 R
24 36 24 51 L
24 37 22 11 D
24 39 7 34 U
24 40 19 10 D
24 41 24 0 D
24 42 26 4 D
24 43 22 0 D
24 44 16 38 U
24 45 19 13 R
24 46 25 46 L
24 47 29 47 L
24 48 20 48 L
24 49 21 8 D
24 50 29 36 U
24 51 23 51 L
24 52 29 8 D
25 0 22 22 R
25 1 23 43 L
25 2 23 40 L
25 3 23 13 R
25 4 19 18 R
25 5 20 40 L
25 6 26 6 D
25 7 28 7 D
25 8 25 8 D
25 9 25 42 L
25 10 19 14 R
25 11 15 11 D
25 12 23 10 D
25 13 20 26 U
25 14 23 1 D
25 15 16 33 U
25 16 17 33 U
25 17 25 0 D
25 18 17 2 D
25 19 26 19 R
25 20 19 5 D
25 21 16 37 U
25 22 0 38 U
25 23 25 26 U
25 24 24 24 R
25 25 26 6 D
25 26 25 44 L
25 27 26 42 L
25 28 21 46 L
25 29 14 16 R
25 30 16 15 R
25 31 11 13 R
25 32 14 9 D
25 33 15 23 R
25 34 16 22 R
25 35 0 51 L
25 36 3 24 R
25 37 28 37 U
25 39 21 37 U
25 40 8 11 D
25 41 25 5 D
25 42 25 9 D
25 43 24 30 U
25 44 25 44 L
25 45 27 45 L
25 46 21 46 L
25 47 28 47 L
25 48 0 15 R
25 49 27 28 U
25 50 31 38 U
25 51 25 4 D
25 52 30 52 L
26 0 25 41 L
26 1 24 22 R
26 2 26 42 L
26 3 21 39 L
26 4 26 41 L
26 5 26 5 D
26 6 19 32 U
26 7 32 7 D
26 8 20 43 L
26 9 14 16 R
26 10 0 15 R
26 11 25 17 R
26 12 0 35 U
26 13 21 36 U
26 14 23 3 D
26 15 18 1 D
26 16 26 29 U
26 17 24 17 R
26 18 22 18 R
26 19 0 33 U
26 20 5 40 L
26 21 25 21 R
26 22 0 28 U
26 23 25 27 U
26 24 21 24 R
26 25 22 34 U
26 26 22 20 R
26 27 26 43 L
26 28 8 50 L
26 29 22 21 R
26 30 25 30 U
26 31 18 44 L
26 32 23 32 U
26 33 2 44 L
26 34 0 4 D
26 35 25 25 R
26 36 26 21 R
26 37 19 37 U
26 39 23 27 U
26 40 22 3 D
26 41 22 32 U
26 42 25 2 D
26 43 21 11 D
26 44 26 8 D
26 45 22 11 D
26 46 24 46 L
26 47 31 2 D
26 48 11 48 L
26 49 7 49 L
26 50 15 50 L
26 51 25 29 U
26 52 31 52 L
27 0 23 45 L
27 1 27 16 R
27 2 27 22 R
27 3 0 12 R
27 4 1 23 R
27 5 26 39 L
27 6 23 21 R
27 7 0 51 L
27 8 27 12 R
27 9 21 15 R
27 10 25 24 R
27 11 21 13 R
27 12 25 12 R
27 13 13 6 D
27 14 25 9 D
27 15 26 35 U
27 16 0 39 L
27 17 27 1 D
27 18 16 18 R
27 19 26 40 L
27 20 27 20 R
27 21 25 9 D
27 22 29 29 U
27 23 26 23 R
27 24 25 4 D
27 25 27 25 R
27 26 27 49 L
27 27 15 20 R
27 28 27 14 R
27 29 29 41 L
27 30 0 21 R
27 31 21 31 U
27 32 27 46 L
27 33 30 16 R
27 34 27 47 L
27 35 24 43 L
27 36 29 36 U
27 37 8 37 U
27 39 24 3 D
27 40 26 26 U
27 41 23 30 U
27 42 26 9 D
27 43 22 1 D
27 44 26 10 D
27 45 26 45 L
27 46 27 11 D
27 47 30 47 L
27 48 31 48 L
27 49 30 7 D
27 51 5 32 U
27 52 32 25 R
28 0 24 44 L
28 1 28 16 R
28 2 28 2 D
28 3 27 42 L
28 4 26 47 L
28 5 27 18 R
28 6 28 47 L
28 7 23 24 R
28 8 29 46 L
28 9 28 45 L
28 10 29 15 R
28 11 26 11 D
28 12 27 6 D
28 13 21 8 D
28 14 27 2 D
28 15 27 3 D
28 16 32 7 D
28 17 29 29 U
28 18 4 10 D
28 19 29 19 R
28 20 19 26 U
28 21 27 0 D
28 22 29 22 R
28 23 17 46 L
28 24 26 7 D
28 25 26 31 U
28 26 27 43 L
28 27 23 13 R
28 28 29 44 L
28 29 29 25 R
28 30 27 12 R
28 31 23 20 R
28 32 28 45 L
28 33 31 33 U
28 34 27 34 U
28 35 30 20 R
28 36 25 16 R
28 37 28 22 R
28 39 28 1 D
28 40 27 5 D
28 41 25 28 U
28 42 28 42 L
28 43 26 30 U
28 44 20 27 U
28 45 27 2 D
28 46 32 4 D
28 47 32 26 U
28 48 27 48 L
28 49 27 49 L
28 51 31 33 U
28 52 33 1 D
29 0 27 41 L
29 1 29 1 D
29 2 29 2 D
29 3 31 47 L
29 4 11 4 D
29 5 25 39 L
29 6 31 6 D
29 7 21 14 R
29 8 30 8 D
29 9 21 9 D
29 10 29 16 R
29 11 29 44 L
29 12 27 26 U
29 13 28 1 D
29 14 32 34 U
29 15 29 15 R
29 16 31 16 R
29 17 25 17 R
29 18 25 18 R
29 19 28 19 R
29 20 25 20 R
29 21 28 21 R
29 22 27 22 R
29 23 31 23 R
29 24 0 36 U
29 25 28 37 U
29 26 26 25 R
29 27 28 39 L
29 28 28 28 U
29 29 29 29 U
29 30 8 18 R
29 31 26 31 U
29 32 29 32 U
29 33 32 41 L
29 34 27 12 R
29 35 32 35 U
29 36 23 36 U
29 37 29 37 U
29 39 25 6 D
29 40 28 40 L
29 41 27 37 U
29 42 29 42 L
29 43 2 30 U
29 44 29 37 U
29 45 28 32 U
29 46 29 46 L
29 47 26 6 D
29 48 3 48 L
29 49 29 49 L
29 52 21 52 L
30 0 16 28 U
30 1 29 25 R
30 2 23 13 R
30 3 31 3 D
30 4 28 15 R
30 5 27 22 R
30 6 32 6 D
30 7 30 24 R
30 8 28 41 L
30 9 26 20 R
30 10 27 52 L
30 11 29 11 D
30 12 28 31 U
30 13 27 32 U
30 14 30 7 D
30 15 29 0 D
30 16 29 7 D
30 17 28 27 U
30 18 19 4 D
30 19 28 28 U
30 20 0 27 U
30 21 9 7 D
30 22 32 6 D
30 23 30 23 R
30 24 17 24 R
30 25 30 10 D
30 26 0 43 L
30 27 28 23 R
30 28 18 44 L
30 29 27 39 L
30 30 24 17 R
30 31 25 23 R
30 32 29 19 R
30 33 25 15 R
30 34 30 17 R
30 35 26 44 L
30 36 21 36 U
30 37 27 19 R
30 39 30 1 D
30 40 30 31 U
30 41 25 31 U
30 42 30 11 D
30 43 28 6 D
30 44 20 37 U
30 45 30 4 D
30 46 31 46 L
30 47 32 47 L
30 48 30 48 L
30 49 27 9 D
30 52 32 52 L
31 0 31 0 D
31 1 31 12 R
31 2 11 2 D
31 3 27 13 R
31 4 30 15 R
31 5 32 14 R
31 6 29 6 D
31 7 31 7 D
31 8 29 8 D
31 9 32 16 R
31 10 30 23 R
31 11 0 26 U
31 12 21 34 U
31 13 27 37 U
31 14 32 47 L
31 15 15 27 U
31 16 26 36 U
31 17 31 17 R
31 18 27 18 R
31 19 32 26 U
31 20 24 20 R
31 21 26 35 U
31 22 32 22 R
31 23 29 23 R
31 24 27 24 R
31 25 30 25 R
31 26 32 42 L
31 27 13 48 L
31 28 17 28 U
31 29 30 3 D
31 30 31 30 U
31 31 0 5 D
31 32 15 32 U
31 33 19 33 U
31 34 29 34 U
31 35 0 49 L
31 36 28 36 U
31 37 29 45 L
31 39 28 37 U
31 40 31 40 L
31 41 28 41 L
31 42 30 8 D
31 43 29 43 L
31 44 30 29 U
31 45 31 45 L
31 46 30 46 L
31 47 26 47 L
31 48 25 48 L
31 49 28 49 L
31 52 29 52 L
32 0 30 42 L
32 1 32 42 L
32 2 15 2 D
32 3 32 3 D
32 4 27 4 D
32 5 30 52 L
32 6 31 22 R
32 7 32 49 L
32 8 31 8 D
32 9 28 9 D
32 11 30 11 D
32 12 0 11 D
32 13 29 3 D
32 14 32 33 U
32 15 30 1 D
32 16 32 35 U
32 17 0 34 U
32 18 23 18 R
32 19 29 37 U
32 20 31 9 D
32 21 23 21 R
32 22 32 5 D
32 23 7 27 U
32 24 30 2 D
32 26 32 39 L
32 27 30 40 L
32 28 30 14 R
32 29 30 29 U
32 30 30 30 U
32 31 30 40 L
32 32 31 43 L
32 33 29 33 U
32 34 29 14 R
32 35 30 50 L
32 37 27 17 R
32 39 28 13 R
32 40 32 5 D
32 41 32 33 U
32 42 31 35 U
32 43 32 43 L
32 44 24 21 R
32 45 30 45 L
32 46 31 29 U
32 47 31 28 U
32 48 24 48 L
32 49 32 49 L
33 0 25 15 R
33 1 30 40 L
33 3 31 18 R
33 4 0 12 R
33 6 34 22 R
33 8 33 16 R
33 12 28 35 U
33 15 31 32 U
33 16 33 0 D
33 17 26 27 U
33 18 28 18 R
33 19 27 19 R
33 22 33 0 D
33 23 28 8 D
33 24 29 24 R
33 26 34 48 L
33 27 34 16 R
33 29 32 46 L
33 32 33 32 U
33 33 10 51 L
33 35 33 17 R
33 39 34 6 D
33 40 30 10 D
33 43 30 27 U
33 45 6 38 U
33 46 30 3 D
33 47 4 26 U
33 48 30 33 U
34 0 31 40 L
34 3 24 3 D
34 4 3 4 D
34 6 34 6 D
34 8 34 8 D
34 12 24 45 L
34 15 28 15 R
34 16 33 16 R
34 18 32 18 R
34 19 24 19 R
34 24 33 24 R
34 26 24 19 R
34 27 34 12 R
34 32 33 40 L
34 33 5 33 U
34 35 34 35 U
34 39 33 39 L
34 40 33 8 D
34 45 18 45 L
34 47 25 47 L
34 48 33 48 L
35 0 6 52 L
36 0 20 0 D

