27 24 537
14 17 0 0 0 13 21 0 0 0 0 0 0 0 16
0 18 0 0 0 20 2 15 18 0 0 0 0 0 5
0 0 10 0 15 1 0 0 19 0 0 0 0 0 21
0 11 0 0 0 0 3 14 0 0 0 0 0 0 19
0 12 22 11 16 0 8 4 16 0 0 0 0 21 0
0 8 0 0 0 0 0 23 21 0 23 1 0 4 2
1 25 0 0 1 12 15 0 0 13 0 6 12 4 23
5 0 13 0 0 2 0 0 15 21 0 0 1 18 14
0 0 7 20 0 0 10 0 0 0 0 0 0 0 0
7 16 25 0 26 0 0 2 13 24 0 17 0 0 21
7 0 0 4 5 0 20 10 13 0 0 0 0 20 0
0 0 0 3 0 16 0 0 0 0 17 0 4 22 6
14 0 9 0 11 0 0 7 0 0 0 0 0 16 2
19 0 0 0 7 20 21 0 0 23 18 0 0 1 0
16 23 24 15 0 6 9 5 0 17 10 0 4 0 12
0 0 0 0 L
0 1 0 1 L
0 2 0 2 L
0 3 0 3 L
0 4 0 4 L
0 5 0 5 L
0 6 0 6 R
0 7 0 7 R
0 8 0 8 R
0 9 0 9 R
0 10 0 10 R
0 11 0 11 R
0 12 0 12 D
0 13 0 13 D
0 14 0 14 D
0 15 0 15 D
0 16 0 16 D
0 17 0 17 D
0 18 0 18 U
0 19 0 19 U
0 20 0 20 U
0 21 0 21 U
0 22 0 22 U
0 23 0 23 U
1 0 9 18 U
1 1 24 18 U
1 2 7 18 U
1 3 14 20 U
1 4 4 4 L
1 5 2 23 U
1 6 15 22 U
1 7 4 13 D
1 8 5 16 D
1 9 14 9 R
1 10 17 10 R
1 11 4 11 R
1 12 2 6 R
1 13 20 1 L
1 14 9 4 L
1 15 4 1 L
1 16 13 3 L
1 17 13 11 R
1 18 7 2 L
1 19 0 1 L
1 20 2 20 U
1 21 7 21 U
1 22 7 22 U
1 23 3 23 U
2 0 8 18 U
2 1 0 6 R
2 2 22 19 U
2 3 4 17 D
2 4 5 22 U
2 5 8 19 U
2 6 0 5 L
2 7 0 0 L
2 8 0 15 D
2 9 7 9 R
2 10 13 21 U
2 11 15 11 R
2 12 0 6 R
2 13 0 5 L
2 14 24 14 D
2 15 21 8 R
2 16 0 22 U
2 17 10 17 D
2 18 0 12 D
2 19 4 14 D
2 20 0 2 L
2 21 3 21 U
2 22 18 22 U
2 23 13 4 L
3 0 15 21 U
3 1 23 16 D
3 2 19 13 D
3 3 9 22 U
3 4 6 13 D
3 5 5 18 U
3 6 0 1 L
3 7 10 18 U
3 8 25 22 U
3 9 0 14 D
3 10 1 10 R
3 11 17 22 U
3 12 15 12 D
3 13 12 11 R
3 14 8 7 R
3 15 1 15 D
3 16 7 16 D
3 17 8 17 D
3 18 7 7 R
3 19 8 19 U
3 20 13 7 R
3 21 19 11 R
3 22 0 10 R
3 23 8 23 U
4 0 7 14 D
4 1 9 16 D
4 2 21 2 L
4 3 12 21 U
4 4 10 4 L
4 5 9 5 L
4 6 9 6 R
4 7 0 13 D
4 8 1 14 D
4 9 13 20 U
4 10 1 10 R
4 11 12 12 D
4 12 0 9 R
4 13 16 1 L
4 14 6 8 R
4 15 11 8 R
4 16 25 1 L
4 17 9 1 L
4 18 2 12 D
4 19 24 19 U
4 20 10 5 L
4 21 6 1 L
4 22 21 1 L
4 23 0 8 R
5 0 0 20 U
5 1 3 17 D
5 2 20 2 L
5 3 6 13 D
5 4 0 9 R
5 5 4 5 L
5 6 11 16 D
5 7 20 0 L
5 8 6 14 D
5 9 9 9 R
5 10 12 0 L
5 11 12 11 R
5 12 11 2 L
5 13 3 13 D
5 14 1 14 D
5 15 25 11 R
5 16 2 6 R
5 17 4 10 R
5 18 1 1 L
5 19 22 3 L
5 20 18 1 L
5 21 14 1 L
5 22 0 5 L
5 23 4 0 L
6 0 10 8 R
6 1 24 12 D
6 2 7 12 D
6 3 24 14 D
6 4 3 16 D
6 5 5 22 U
6 6 5 12 D
6 7 14 17 D
6 8 14 22 U
6 9 4 17 D
6 10 17 14 D
6 11 10 18 U
6 12 0 7 R
6 13 0 4 L
6 14 21 6 R
6 15 13 10 R
6 16 16 8 R
6 17 16 0 L
6 18 19 0 L
6 19 9 6 R
6 20 5 10 R
6 21 16 9 R
6 22 7 9 R
6 23 4 23 U
7 0 0 12 D
7 1 6 15 D
7 2 4 16 D
7 3 19 3 L
7 4 12 4 L
7 5 1 23 U
7 6 5 2 L
7 7 8 4 L
7 8 23 18 U
7 9 5 15 D
7 10 0 22 U
7 11 9 13 D
7 12 15 10 R
7 13 1 10 R
7 14 14 14 D
7 15 2 15 D
7 16 3 16 D
7 17 8 17 D
7 18 0 16 D
7 19 15 7 R
7 20 21 11 R
7 21 11 10 R
7 22 6 11 R
7 23 8 10 R
8 0 1 19 U
8 1 7 19 U
8 2 24 15 D
8 3 3 18 U
8 4 5 19 U
8 5 6 20 U
8 6 0 3 L
8 7 17 21 U
8 8 21 20 U
8 9 0 19 U
8 10 0 21 U
8 11 0 2 L
8 12 0 8 R
8 13 11 7 R
8 14 16 14 D
8 15 11 6 R
8 16 20 9 R
8 17 1 17 D
8 18 7 18 U
8 19 16 8 R
8 20 3 20 U
8 21 3 21 U
8 22 2 22 U
8 23 18 23 U
9 0 0 14 D
9 1 0 13 D
9 2 3 17 D
9 3 8 23 U
9 4 13 4 L
9 5 4 5 L
9 6 0 12 D
9 7 8 2 L
9 8 2 8 R
9 9 8 13 D
9 10 7 2 L
9 11 5 16 D
9 12 14 7 R
9 13 2 8 R
9 14 3 4 L
9 15 6 3 L
9 16 16 16 D
9 17 0 21 U
9 18 5 6 R
9 19 4 7 R
9 20 18 20 U
9 21 13 17 D
9 22 18 10 R
9 23 4 2 L
10 0 21 18 U
10 1 9 12 D
10 2 0 10 R
10 3 18 23 U
10 4 12 4 L
10 6 0 18 U
10 7 1 17 D
10 8 8 20 U
10 9 7 5 L
10 10 0 20 U
10 11 15 13 D
10 12 4 0 L
10 13 15 2 L
10 14 0 19 U
10 15 20 2 L
10 16 20 1 L
10 17 11 17 D
10 18 9 0 L
10 19 15 19 U
10 20 4 5 L
10 21 11 4 L
10 22 12 6 R
10 23 19 11 R
11 0 7 21 U
11 1 6 22 U
11 2 15 19 U
11 3 23 15 D
11 4 7 22 U
11 5 8 22 U
11 6 4 3 L
11 7 7 16 D
11 8 7 12 D
11 9 6 17 D
11 10 7 20 U
11 11 0 5 L
11 13 2 9 R
11 14 1 14 D
11 15 8 9 R
11 16 9 0 L
11 18 4 7 R
11 19 7 19 U
11 20 0 4 L
11 21 7 21 U
11 22 8 22 U
11 23 19 8 R
12 0 16 20 U
12 1 5 12 D
12 2 24 14 D
12 3 2 9 R
12 4 6 21 U
12 5 16 5 L
12 6 10 14 D
12 7 3 13 D
12 8 2 2 L
12 9 20 14 D
12 10 0 23 U
12 11 5 11 R
12 12 7 1 L
12 13 0 3 L
12 14 18 14 D
12 15 0 20 U
12 16 13 2 L
12 18 15 9 R
12 19 1 1 L
12 20 6 9 R
12 21 2 2 L
12 22 18 3 L
12 23 2 23 U
13 0 15 0 L
13 1 5 9 R
13 2 1 21 U
13 3 2 10 R
13 4 2 4 L
13 5 12 5 L
13 6 9 13 D
13 7 12 21 U
13 8 1 19 U
13 9 1 9 R
13 10 1 10 R
13 11 9 12 D
13 12 3 0 L
13 13 15 0 L
13 14 1 14 D
13 15 7 0 L
13 16 15 11 R
13 17 4 8 R
13 18 0 13 D
13 19 17 0 L
13 20 3 8 R
13 21 2 0 L
13 22 19 10 R
14 0 1 18 U
14 1 10 1 L
14 2 3 19 U
14 3 6 20 U
14 4 13 11 R
14 5 20 5 L
14 6 16 12 D
14 8 15 15 D
14 9 1 9 R
14 10 7 3 L
14 11 0 17 D
14 12 12 18 U
14 13 3 1 L
14 14 11 6 R
14 15 2 15 D
14 16 7 3 L
14 17 7 3 L
14 18 4 12 D
14 19 11 6 R
14 20 1 3 L
14 21 0 15 D
14 22 12 0 L
15 0 0 22 U
15 1 6 20 U
15 2 11 16 D
15 3 13 3 L
15 4 12 9 R
15 6 5 6 R
15 7 1 19 U
15 8 1 20 U
15 9 16 19 U
15 10 10 20 U
15 11 20 15 D
15 12 10 6 R
15 13 0 0 L
15 14 0 2 L
15 15 11 15 D
15 16 6 11 R
15 17 22 9 R
15 18 0 7 R
15 19 1 8 R
15 20 7 1 L
15 21 1 21 U
15 22 4 9 R
16 0 13 13 D
16 1 8 19 U
16 2 12 14 D
16 3 23 16 D
16 4 1 22 U
16 6 8 23 U
16 7 14 1 L
16 8 18 21 U
16 9 20 19 U
16 10 1 20 U
16 11 5 11 R
16 13 20 4 L
16 14 19 10 R
16 15 7 15 D
16 16 0 8 R
16 17 0 10 R
16 19 3 9 R
16 20 7 20 U
16 21 0 7 R
16 22 0 0 L
17 0 13 6 R
17 1 7 13 D
17 2 1 20 U
17 3 1 3 L
17 4 10 4 L
17 6 12 13 D
17 8 8 13 D
17 9 13 9 R
17 10 12 23 U
17 11 12 11 R
17 12 0 11 R
17 13 24 9 R
17 14 1 0 L
17 15 10 3 L
17 16 0 3 L
17 18 13 1 L
17 19 8 19 U
17 20 12 2 L
17 21 10 3 L
17 22 2 9 R
17 23 14 3 L
18 0 15 16 D
18 1 9 13 D
18 2 6 7 R
18 3 17 22 U
18 6 21 6 R
18 8 5 12 D
18 9 13 9 R
18 10 3 21 U
18 11 19 17 D
18 12 2 1 L
18 13 17 13 D
18 14 1 14 D
18 15 9 15 D
18 16 2 16 D
18 17 19 6 R
18 18 2 9 R
18 19 20 0 L
18 20 24 20 U
18 21 16 8 R
18 22 12 2 L
19 0 22 17 D
19 1 5 20 U
19 2 9 13 D
19 3 12 17 D
19 4 1 4 L
19 6 9 15 D
19 7 5 13 D
19 8 20 12 D
19 9 18 15 D
19 10 20 13 D
19 11 17 12 D
19 13 13 1 L
19 14 16 2 L
19 16 2 16 D
19 19 3 10 R
19 20 17 3 L
19 21 23 21 U
19 22 16 22 U
20 0 21 22 U
20 2 10 10 R
20 3 9 3 L
20 6 23 21 U
20 7 17 12 D
20 8 3 2 L
20 9 15 18 U
20 10 9 17 D
20 11 7 12 D
20 12 12 8 R
20 13 22 1 L
20 14 15 1 L
20 16 22 16 D
20 18 1 6 R
20 19 19 2 L
20 20 9 1 L
20 22 4 11 R
21 0 17 14 D
21 1 0 21 U
21 2 18 21 U
21 3 1 3 L
21 4 5 20 U
21 6 17 17 D
21 7 10 7 R
21 8 13 8 R
21 9 10 4 L
21 10 24 15 D
21 11 24 22 U
21 13 14 7 R
21 14 5 14 D
21 15 22 7 R
21 16 11 11 R
21 18 15 18 U
21 19 5 19 U
21 20 19 4 L
21 22 17 7 R
22 2 23 14 D
22 4 2 23 U
22 6 3 22 U
22 8 6 18 U
22 9 20 20 U
22 10 17 17 D
22 13 1 7 R
22 14 14 9 R
22 16 0 4 L
22 19 7 7 R
22 20 4 6 R
22 21 13 3 L
22 22 7 22 U
23 2 19 16 D
23 3 0 8 R
23 6 1 17 D
23 7 9 7 R
23 8 0 16 D
23 9 21 12 D
23 10 15 10 R
23 11 7 19 U
23 13 13 2 L
23 14 6 3 L
23 15 3 9 R
23 16 20 16 D
23 20 18 8 R
23 21 15 6 R
23 22 18 8 R
24 2 1 22 U
24 9 4 9 R
24 10 5 20 U
24 12 21 19 U
24 13 11 13 D
24 14 10 14 D
24 15 2 10 R
24 18 23 6 R
24 19 4 19 U
24 20 5 8 R
24 21 6 7 R
25 2 18 23 U
25 3 17 13 D
25 9 9 23 U
25 12 1 10 R
25 13 19 0 L
25 18 11 10 R
25 20 22 9 R
26 9 3 18 U

