35 46 1331
12 13 17 0 18 15 0 10 9 11 19 19 0 21 3 13 16 0 17
20 0 21 2 27 0 25 28 26 0 29 30 26 26 13 16 27 28 30
25 0 20 22 13 0 0 30 26 16 26 0 19 27 4 24 0 20 0
24 30 0 22 26 34 0 27 0 28 0 33 34 0 21 27 33 32 31
25 25 0 23 28 16 30 24 25 20 0 26 0 30 0 9 0 19 0
21 29 27 0 0 0 0 0 28 22 27 23 22 29 0 21 29 14 0
26 11 0 26 30 29 19 0 0 0 28 0 20 0 0 30 0 5 18
27 12 0 16 0 26 23 7 27 14 3 27 18 28 30 2 20 2 4
0 13 23 15 19 0 0 23 0 19 0 29 12 2 0 26 28 9 0
28 14 17 14 28 29 8 16 16 0 0 26 27 20 0 22 0 0 0
28 13 21 29 28 26 23 14 27 0 28 25 6 19 0 0 26 0 1
11 4 14 0 26 0 28 3 30 0 29 17 14 27 0 13 14 8 8
7 14 22 0 2 29 27 30 21 30 0 24 13 26 0 7 0 0 0
0 3 3 0 25 0 0 23 24 0 9 17 30 0 30 23 12 9 15
29 3 21 0 0 0 26 0 0 25 2 12 14 0 0 0 0 13 9
11 10 13 0 24 12 0 0 25 21 28 4 0 25 26 0 12 1 14
30 15 11 0 23 0 14 25 1 0 20 16 14 18 30 21 7 0 18
11 4 20 0 1 0 3 28 0 30 13 1 14 17 22 0 7 17 17
30 9 19 28 1 28 0 0 0 25 12 0 10 16 29 20 16 10 0
0 0 0 0 R
0 1 0 1 R
0 2 0 2 R
0 3 0 3 R
0 4 0 4 R
0 5 0 5 R
0 6 0 6 R
0 7 0 7 R
0 8 0 8 R
0 9 0 9 R
0 10 0 10 U
0 11 0 11 U
0 12 0 12 U
0 13 0 13 U
0 14 0 14 U
0 15 0 15 U
0 16 0 16 U
0 17 0 17 U
0 18 0 18 U
0 19 0 19 U
0 20 0 20 U
0 21 0 21 U
0 22 0 22 D
0 23 0 23 D
0 24 0 24 D
0 25 0 25 D
0 26 0 26 D
0 27 0 27 D
0 28 0 28 D
0 29 0 29 D
0 30 0 30 D
0 31 0 31 D
0 32 0 32 D
0 33 0 33 D
0 34 0 34 D
0 35 0 35 D
0 36 0 36 L
0 37 0 37 L
0 38 0 38 L
0 39 0 39 L
0 40 0 40 L
0 41 0 41 L
0 42 0 42 L
0 43 0 43 L
0 44 0 44 L
0 45 0 45 L
1 0 0 10 U
1 1 1 22 D
1 2 0 23 D
1 3 0 13 U
1 4 0 26 D
1 5 0 28 D
1 6 0 37 L
1 7 5 24 D
1 8 0 42 L
1 9 5 34 D
1 10 0 37 L
1 11 0 0 R
1 12 0 23 D
1 13 1 2 R
1 14 2 2 R
1 15 0 4 R
1 16 4 39 L
1 17 4 3 R
1 18 4 0 R
1 19 0 44 L
1 20 2 45 L
1 21 6 42 L
1 22 0 36 L
1 23 0 11 U
1 24 0 10 U
1 25 0 12 U
1 26 0 40 L
1 27 0 42 L
1 28 3 42 L
1 29 3 37 L
1 30 0 42 L
1 31 4 8 R
1 32 0 19 U
1 33 2 41 L
1 34 0 44 L
1 35 0 11 U
1 36 0 0 R
1 37 0 22 D
1 38 1 23 D
1 39 0 12 U
1 40 0 14 U
1 41 2 4 R
1 42 0 13 U
1 43 3 5 R
1 44 5 18 U
1 45 5 33 D
2 0 0 22 D
2 1 1 1 R
2 2 1 23 D
2 3 2 3 R
2 4 2 27 D
2 5 3 5 R
2 6 4 6 R
2 7 5 7 R
2 8 0 31 D
2 9 5 9 R
2 10 0 1 R
2 11 0 38 L
2 12 0 37 L
2 13 0 2 R
2 14 1 14 U
2 15 3 15 U
2 16 2 16 U
2 17 3 17 U
2 18 5 18 U
2 19 0 8 R
2 20 3 20 U
2 21 6 21 U
2 22 0 10 U
2 23 0 37 L
2 24 2 24 D
2 25 3 25 D
2 26 3 26 D
2 27 0 15 U
2 28 0 17 U
2 29 0 41 L
2 30 1 30 D
2 31 2 31 D
2 32 4 32 D
2 33 6 33 D
2 34 4 34 D
2 35 3 35 D
2 36 1 36 L
2 37 0 11 U
2 38 2 38 L
2 39 2 39 L
2 40 0 26 D
2 41 1 41 L
2 42 1 27 D
2 43 3 43 L
2 44 5 44 L
2 45 5 45 L
3 0 0 11 U
3 1 0 22 D
3 2 0 37 L
3 3 3 3 R
3 4 3 4 R
3 5 2 5 R
3 6 1 6 R
3 7 4 7 R
3 8 0 44 L
3 9 1 9 R
3 10 0 39 L
3 11 2 11 U
3 12 2 12 U
3 13 0 40 L
3 14 1 41 L
3 15 0 7 R
3 16 0 7 R
3 17 5 17 U
3 18 4 18 U
3 19 2 19 U
3 20 1 20 U
3 21 5 21 U
3 22 0 0 R
3 23 0 13 U
3 24 0 13 U
3 25 2 25 D
3 26 1 3 R
3 27 2 27 D
3 28 4 28 D
3 29 4 29 D
3 30 0 7 R
3 31 0 18 U
3 32 2 32 D
3 33 0 4 R
3 34 5 34 D
3 35 5 35 D
3 36 0 10 U
3 37 0 24 D
3 38 1 25 D
3 39 1 39 L
3 40 3 40 L
3 41 2 41 L
3 42 0 15 U
3 43 2 43 L
3 44 1 19 U
3 45 3 45 L
4 0 0 14 U
4 1 0 12 U
4 2 3 2 R
4 3 4 24 D
4 4 0 41 L
4 5 5 29 D
4 6 3 6 R
4 7 0 40 L
4 8 4 8 R
4 9 4 9 R
4 10 0 43 L
4 11 0 6 R
4 12 1 43 L
4 13 2 38 L
4 14 0 36 L
4 15 5 15 U
4 16 1 16 U
4 17 4 17 U
4 18 5 42 L
4 19 3 19 U
4 20 4 20 U
4 21 4 21 U
4 22 2 37 L
4 23 1 15 U
4 24 0 14 U
4 25 3 11 U
4 26 0 16 U
4 27 5 1 R
4 28 3 28 D
4 29 4 4 R
4 30 4 17 U
4 31 3 31 D
4 32 3 32 D
4 33 5 33 D
4 34 0 45 L
4 35 6 35 D
4 36 0 22 D
4 37 3 37 L
4 38 4 23 D
4 39 0 27 D
4 40 0 29 D
4 41 0 16 U
4 42 0 30 D
4 43 1 43 L
4 44 3 44 L
4 45 4 45 L
5 0 2 13 U
5 1 0 36 L
5 2 0 39 L
5 3 1 26 D
5 4 0 17 U
5 5 5 30 D
5 6 2 6 R
5 7 2 30 D
5 8 3 8 R
5 9 2 9 R
5 10 0 3 R
5 11 3 11 U
5 12 1 12 U
5 13 0 31 D
5 14 3 14 U
5 15 4 15 U
5 16 4 41 L
5 17 5 5 R
5 18 1 18 U
5 19 6 6 R
5 20 23 8 R
5 21 5 9 R
5 22 1 22 D
5 23 5 23 D
5 24 0 1 R
5 25 1 25 D
5 26 2 26 D
5 27 4 27 D
5 28 2 28 D
5 29 2 29 D
5 30 5 30 D
5 31 0 19 U
5 32 1 32 D
5 33 2 33 D
5 34 6 34 D
5 36 2 13 U
5 37 3 14 U
5 38 3 38 L
5 39 1 28 D
5 40 4 40 L
5 41 2 29 D
5 42 1 31 D
5 43 2 25 D
5 44 3 21 U
5 45 2 45 L
6 0 0 32 D
6 1 2 10 U
6 2 6 2 R
6 3 1 24 D
6 4 0 20 U
6 5 0 33 D
6 6 4 26 D
6 7 4 22 D
6 8 2 22 D
6 9 7 27 D
6 10 5 38 L
6 11 2 9 R
6 12 3 9 R
6 13 6 1 R
6 14 8 1 R
6 15 5 36 L
6 16 5 16 U
6 17 4 24 D
6 18 11 42 L
6 19 6 19 U
6 20 22 20 U
6 21 2 43 L
6 22 5 2 R
6 23 3 7 R
6 24 1 38 L
6 25 0 3 R
6 26 2 40 L
6 27 3 8 R
6 28 3 39 L
6 29 0 7 R
6 30 1 2 R
6 32 5 32 D
6 33 3 33 D
6 34 16 36 L
6 36 6 36 L
6 37 1 15 U
6 38 5 23 D
6 39 3 25 D
6 40 3 16 U
6 41 3 19 U
6 42 0 5 R
6 43 3 32 D
6 44 6 44 L
6 45 4 21 U
7 0 4 11 U
7 1 7 25 D
7 2 9 2 R
7 3 9 25 D
7 4 11 17 U
7 5 6 45 L
7 6 0 43 L
7 7 10 22 D
7 8 7 8 R
7 9 7 9 R
7 10 6 38 L
7 11 0 36 L
7 12 4 12 U
7 13 10 0 R
7 14 9 40 L
7 15 4 38 L
7 16 6 40 L
7 17 9 17 U
7 18 6 18 U
7 19 6 39 L
7 20 21 20 U
7 21 9 38 L
7 22 9 22 D
7 23 8 41 L
7 24 9 13 U
7 25 0 11 U
7 26 7 41 L
7 27 4 16 U
7 28 1 28 D
7 29 11 29 D
7 30 11 30 D
7 32 0 39 L
7 33 1 8 R
7 34 7 34 D
7 36 5 35 D
7 37 1 0 R
7 38 5 38 L
7 39 8 0 R
7 40 3 12 U
7 41 6 25 D
7 42 0 17 U
7 43 0 33 D
7 44 8 28 D
7 45 0 0 R
8 0 2 22 D
8 1 7 1 R
8 2 7 2 R
8 3 9 3 R
8 4 7 22 D
8 5 11 5 R
8 6 7 6 R
8 7 10 7 R
8 8 9 8 R
8 9 8 9 R
8 10 3 36 L
8 11 2 0 R
8 12 7 2 R
8 13 7 13 U
8 14 0 40 L
8 15 5 8 R
8 16 10 1 R
8 17 10 17 U
8 18 0 37 L
8 19 15 44 L
8 20 13 20 U
8 21 2 21 U
8 22 6 22 D
8 23 5 0 R
8 24 11 24 D
8 25 8 25 D
8 26 9 26 D
8 27 10 6 R
8 28 5 28 D
8 29 9 29 D
8 30 9 14 U
8 32 7 32 D
8 33 0 15 U
8 34 10 34 D
8 36 6 10 U
8 37 7 37 L
8 38 3 10 U
8 39 9 39 L
8 40 8 23 D
8 41 9 41 L
8 42 10 26 D
8 43 8 26 D
8 44 10 30 D
8 45 11 45 L
9 0 8 0 R
9 1 0 40 L
9 2 9 22 D
9 3 6 23 D
9 4 8 4 R
9 5 5 5 R
9 6 5 22 D
9 7 11 7 R
9 8 8 8 R
9 9 6 9 R
9 10 1 40 L
9 11 6 2 R
9 12 0 41 L
9 13 10 13 U
9 14 11 14 U
9 15 6 15 U
9 16 10 44 L
9 17 11 17 U
9 18 13 18 U
9 19 9 19 U
9 20 17 4 R
9 21 10 21 U
9 22 6 15 U
9 23 7 44 L
9 24 9 3 R
9 25 9 25 D
9 26 10 26 D
9 27 3 43 L
9 28 9 28 D
9 29 13 29 D
9 30 10 30 D
9 32 2 39 L
9 33 8 33 D
9 34 9 34 D
9 36 0 19 U
9 37 2 37 L
9 38 8 32 D
9 39 8 39 L
9 40 7 40 L
9 41 5 16 U
9 42 10 42 L
9 43 10 43 L
9 44 11 44 L
9 45 10 45 L
10 0 11 27 D
10 1 10 1 R
10 2 7 16 U
10 3 8 24 D
10 4 9 4 R
10 5 10 5 R
10 6 4 25 D
10 7 7 7 R
10 8 9 30 D
10 9 7 33 D
10 10 7 6 R
10 11 10 8 R
10 12 6 9 R
10 13 0 23 D
10 14 8 14 U
10 15 4 36 L
10 16 9 16 U
10 17 8 17 U
10 18 14 18 U
10 19 15 19 U
10 20 19 20 U
10 21 11 5 R
10 22 7 38 L
10 23 10 1 R
10 24 16 38 L
10 25 0 21 U
10 26 9 16 U
10 27 22 45 L
10 28 8 28 D
10 29 15 29 D
10 30 6 38 L
10 32 11 40 L
10 33 1 36 L
10 34 8 34 D
10 36 7 32 D
10 37 8 22 D
10 38 7 11 U
10 39 7 16 U
10 40 7 28 D
10 41 9 32 D
10 42 8 42 L
10 43 8 43 L
10 44 7 44 L
10 45 8 45 L
11 0 3 23 D
11 1 10 13 U
11 2 1 32 D
11 3 10 3 R
11 4 10 4 R
11 5 7 25 D
11 6 15 25 D
11 7 8 7 R
11 8 13 30 D
11 9 9 9 R
11 10 10 41 L
11 11 11 11 U
11 12 7 12 U
11 13 11 13 U
11 14 0 1 R
11 15 7 37 L
11 16 12 3 R
11 17 13 7 R
11 18 9 3 R
11 19 29 4 R
11 20 20 20 U
11 21 1 21 U
11 22 5 22 D
11 23 10 5 R
11 24 4 45 L
11 25 4 25 D
11 26 10 45 L
11 27 21 42 L
11 28 0 11 U
11 29 12 29 D
11 30 13 30 D
11 32 12 0 R
11 33 0 38 L
11 34 14 34 D
11 36 4 15 U
11 37 0 6 R
11 38 11 24 D
11 39 1 21 U
11 40 4 11 U
11 41 3 41 L
11 42 9 42 L
11 43 6 43 L
11 44 9 44 L
11 45 7 45 L
12 0 1 33 D
12 1 8 10 U
12 2 13 15 U
12 3 8 13 U
12 4 11 4 R
12 5 12 32 D
12 6 16 6 R
12 7 10 28 D
12 8 14 8 R
12 9 11 23 D
12 10 2 4 R
12 11 3 1 R
12 12 9 7 R
12 13 11 26 D
12 14 14 14 U
12 15 12 9 R
12 16 12 16 U
12 17 9 36 L
12 18 15 18 U
12 19 28 19 U
12 20 10 20 U
12 21 19 22 D
12 22 3 0 R
12 23 13 2 R
12 24 5 24 D
12 25 12 25 D
12 26 13 36 L
12 27 25 4 R
12 28 12 28 D
12 29 10 29 D
12 30 8 30 D
12 32 0 42 L
12 33 13 33 D
12 34 0 39 L
12 36 0 18 U
12 37 11 25 D
12 38 13 26 D
12 39 11 13 U
12 40 13 27 D
12 41 14 24 D
12 42 8 25 D
12 43 2 33 D
12 44 0 2 R
12 45 7 25 D
13 0 8 17 U
13 1 8 28 D
13 2 4 28 D
13 3 8 3 R
13 4 15 13 U
13 5 14 5 R
13 6 8 6 R
13 7 0 45 L
13 8 13 8 R
13 9 12 9 R
13 10 0 22 D
13 11 8 42 L
13 12 13 1 R
13 13 13 13 U
13 14 2 14 U
13 15 13 36 L
13 16 0 8 R
13 17 1 17 U
13 18 13 27 D
13 19 25 19 U
13 20 22 43 L
13 21 17 21 U
13 22 12 37 L
13 23 14 40 L
13 24 14 24 D
13 25 0 16 U
13 26 7 26 D
13 27 26 27 D
13 28 0 37 L
13 29 16 29 D
13 30 12 30 D
13 32 6 32 D
13 33 9 33 D
13 34 2 34 D
13 36 2 0 R
13 37 11 37 L
13 38 13 12 U
13 39 12 39 L
13 40 12 40 L
13 41 16 41 L
13 42 11 42 L
13 43 13 43 L
13 44 13 44 L
13 45 4 26 D
14 0 0 38 L
14 1 12 1 R
14 2 12 33 D
14 3 0 36 L
14 4 9 45 L
14 5 12 5 R
14 6 15 6 R
14 7 15 15 U
14 8 1 15 U
14 9 13 9 R
14 10 14 10 U
14 11 13 11 U
14 12 11 43 L
14 13 8 44 L
14 14 9 14 U
14 15 16 15 U
14 16 5 39 L
14 17 8 2 R
14 18 8 18 U
14 19 26 19 U
14 20 9 20 U
14 21 12 21 U
14 22 12 5 R
14 23 6 11 U
14 24 15 24 D
14 25 10 0 R
14 26 2 17 U
14 27 20 9 R
14 28 2 13 U
14 29 14 29 D
14 30 0 2 R
14 32 12 32 D
14 33 0 36 L
14 34 17 34 D
14 36 13 22 D
14 37 13 37 L
14 38 8 14 U
14 39 13 39 L
14 40 16 22 D
14 41 14 41 L
14 42 15 23 D
14 43 0 23 D
14 44 12 24 D
14 45 12 18 U
15 0 15 28 D
15 1 15 22 D
15 2 9 10 U
15 3 0 34 D
15 4 15 30 D
15 5 16 26 D
15 6 14 6 R
15 7 16 7 R
15 8 12 30 D
15 9 5 16 U
15 10 4 43 L
15 11 14 1 R
15 12 16 8 R
15 13 8 5 R
15 14 16 42 L
15 15 15 15 U
15 16 13 4 R
15 17 7 17 U
15 18 7 18 U
15 19 29 19 U
15 20 18 20 U
15 21 16 21 U
15 22 11 0 R
15 23 16 23 D
15 24 10 24 D
15 25 0 45 L
15 26 16 0 R
15 27 25 27 D
15 28 15 3 R
15 29 12 0 R
15 30 2 4 R
15 32 13 32 D
15 33 20 33 D
15 34 21 34 D
15 36 7 14 U
15 37 9 15 U
15 38 13 16 U
15 39 8 22 D
15 40 0 10 U
15 41 4 26 D
15 42 16 42 L
15 43 14 43 L
15 44 15 44 L
15 45 10 16 U
16 0 16 0 R
16 1 13 1 R
16 2 0 18 U
16 3 7 3 R
16 4 15 4 R
16 5 13 5 R
16 6 12 6 R
16 7 5 17 U
16 8 15 12 U
16 9 14 9 R
16 10 15 0 R
16 11 12 11 U
16 12 0 9 R
16 13 14 13 U
16 14 15 41 L
16 15 12 40 L
16 16 8 41 L
16 17 8 7 R
16 18 0 34 D
16 20 18 37 L
16 21 11 21 U
16 22 12 8 R
16 23 14 23 D
16 24 15 41 L
16 25 1 6 R
16 26 6 39 L
16 27 29 27 D
16 28 14 28 D
16 29 3 36 L
16 30 2 42 L
16 32 9 18 U
16 33 5 42 L
16 34 22 34 D
16 36 14 32 D
16 37 14 37 L
16 38 16 14 U
16 39 5 12 U
16 40 14 40 L
16 41 16 24 D
16 42 15 42 L
16 43 7 43 L
16 44 16 44 L
16 45 14 45 L
17 0 2 29 D
17 1 1 10 U
17 2 11 14 U
17 3 4 21 U
17 4 14 15 U
17 5 19 23 D
17 6 10 25 D
17 7 20 25 D
17 8 22 26 D
17 9 2 21 U
17 10 12 39 L
17 11 15 37 L
17 12 14 43 L
17 13 3 7 R
17 14 5 6 R
17 15 15 1 R
17 16 23 37 L
17 17 17 2 R
17 18 19 18 U
17 20 15 20 U
17 21 3 36 L
17 22 13 0 R
17 23 18 37 L
17 24 6 2 R
17 25 4 18 U
17 26 6 1 R
17 28 15 28 D
17 29 12 5 R
17 30 17 30 D
17 32 10 32 D
17 33 19 33 D
17 34 11 34 D
17 36 0 3 R
17 37 15 29 D
17 38 19 11 U
17 39 14 22 D
17 40 17 28 D
17 41 23 24 D
17 42 17 23 D
17 43 0 0 R
17 44 19 4 R
17 45 14 30 D
18 0 10 12 U
18 1 11 26 D
18 2 0 38 L
18 3 19 3 R
18 4 16 24 D
18 5 18 5 R
18 6 17 6 R
18 7 22 7 R
18 8 21 8 R
18 9 21 33 D
18 10 1 45 L
18 11 19 11 U
18 12 17 5 R
18 13 17 13 U
18 14 21 45 L
18 15 10 2 R
18 16 30 16 U
18 17 12 17 U
18 18 18 18 U
18 20 25 3 R
18 21 10 8 R
18 22 15 37 L
18 23 16 45 L
18 24 17 24 D
18 25 21 25 D
18 26 20 3 R
18 28 10 28 D
18 29 8 39 L
18 30 16 30 D
18 32 30 32 D
18 33 22 33 D
18 34 12 34 D
18 36 10 10 U
18 37 17 33 D
18 38 19 10 U
18 39 11 22 D
18 40 20 40 L
18 41 18 41 L
18 42 17 42 L
18 43 17 43 L
18 44 18 44 L
18 45 23 28 D
19 0 11 29 D
19 1 16 1 R
19 2 17 2 R
19 3 11 3 R
19 4 18 11 U
19 5 17 24 D
19 6 13 6 R
19 7 21 7 R
19 8 20 8 R
19 9 18 9 R
19 10 4 42 L
19 11 7 44 L
19 12 18 12 U
19 13 16 44 L
19 14 23 14 U
19 15 13 2 R
19 16 24 16 U
19 17 20 17 U
19 18 17 18 U
19 20 23 20 U
19 21 22 1 R
19 22 11 1 R
19 23 18 4 R
19 24 16 21 U
19 25 18 25 D
19 26 22 26 D
19 28 13 28 D
19 29 19 9 R
19 30 22 30 D
19 32 26 32 D
19 33 23 4 R
19 34 12 36 L
19 36 2 10 U
19 37 19 23 D
19 38 19 38 L
19 39 0 11 U
19 40 19 28 D
19 41 22 41 L
19 42 12 23 D
19 43 12 43 L
19 44 17 44 L
19 45 22 45 L
20 0 23 25 D
20 1 20 1 R
20 2 16 29 D
20 3 12 3 R
20 4 23 30 D
20 5 19 27 D
20 6 18 24 D
20 7 14 7 R
20 8 15 8 R
20 9 20 9 R
20 10 14 6 R
20 11 20 0 R
20 12 23 8 R
20 13 19 41 L
20 14 22 14 U
20 15 21 15 U
20 16 25 16 U
20 17 19 17 U
20 18 18 36 L
20 20 26 5 R
20 21 9 21 U
20 22 18 40 L
20 23 0 2 R
20 24 15 1 R
20 25 20 25 D
20 26 15 12 U
20 28 18 28 D
20 29 17 29 D
20 30 23 30 D
20 32 19 32 D
20 33 19 36 L
20 34 13 34 D
20 36 16 23 D
20 37 21 22 D
20 38 20 25 D
20 39 22 29 D
20 40 21 28 D
20 41 19 26 D
20 42 2 20 U
20 43 18 30 D
20 44 7 29 D
20 45 19 45 L
21 0 22 0 R
21 1 13 11 U
21 2 9 40 L
21 3 19 17 U
21 4 18 20 U
21 5 17 5 R
21 6 18 6 R
21 7 15 7 R
21 8 18 8 R
21 9 19 9 R
21 10 13 39 L
21 11 4 11 U
21 12 15 12 U
21 13 16 13 U
21 14 5 14 U
21 15 19 15 U
21 16 27 16 U
21 17 22 40 L
21 18 10 18 U
21 20 17 20 U
21 22 15 42 L
21 23 4 23 D
21 24 3 3 R
21 25 9 18 U
21 26 20 41 L
21 28 19 40 L
21 29 0 36 L
21 30 15 30 D
21 32 29 32 D
21 33 24 33 D
21 34 15 34 D
21 36 21 10 U
21 37 20 37 L
21 38 20 38 L
21 39 21 39 L
21 40 21 40 L
21 41 19 41 L
21 42 6 20 U
21 43 21 43 L
21 44 8 44 L
21 45 5 27 D
22 0 21 0 R
22 1 22 25 D
22 2 0 15 U
22 3 20 29 D
22 4 20 33 D
22 5 21 5 R
22 6 19 6 R
22 7 18 7 R
22 8 22 8 R
22 9 22 11 U
22 10 16 3 R
22 11 16 11 U
22 12 17 41 L
22 13 3 13 U
22 14 15 14 U
22 15 13 15 U
22 16 29 42 L
22 17 6 17 U
22 18 23 38 L
22 20 2 20 U
22 22 19 6 R
22 23 7 10 U
22 24 7 24 D
22 25 19 25 D
22 26 21 26 D
22 28 9 3 R
22 29 5 29 D
22 30 9 3 R
22 32 23 32 D
22 33 15 33 D
22 34 16 34 D
22 36 20 36 L
22 37 19 37 L
22 38 22 38 L
22 39 20 39 L
22 40 23 40 L
22 41 8 41 L
22 42 19 42 L
22 43 23 43 L
22 44 19 44 L
22 45 11 12 U
23 0 22 22 D
23 1 23 1 R
23 2 18 22 D
23 3 7 17 U
23 4 21 11 U
23 5 0 18 U
23 6 18 11 U
23 7 20 7 R
23 8 24 22 D
23 9 16 9 R
23 10 17 37 L
23 11 17 39 L
23 12 12 27 D
23 13 16 2 R
23 14 17 8 R
23 15 20 15 U
23 16 8 16 U
23 17 9 4 R
23 18 12 18 U
23 20 27 36 L
23 22 20 2 R
23 23 22 23 D
23 24 3 24 D
23 25 23 25 D
23 26 23 1 R
23 28 21 28 D
23 29 23 0 R
23 30 6 13 U
23 32 18 32 D
23 33 3 8 R
23 34 18 34 D
23 36 23 17 U
23 37 18 37 L
23 38 23 38 L
23 39 23 39 L
23 40 19 12 U
23 41 20 26 D
23 42 20 9 R
23 43 20 33 D
23 44 18 23 D
23 45 21 45 L
24 0 7 20 U
24 1 0 23 D
24 2 0 24 D
24 3 23 33 D
24 4 27 16 U
24 5 22 5 R
24 6 22 25 D
24 7 24 7 R
24 8 24 8 R
24 9 25 9 R
24 10 18 45 L
24 11 5 44 L
24 12 26 2 R
24 13 24 37 L
24 14 17 14 U
24 15 18 9 R
24 16 30 3 R
24 17 29 5 R
24 18 8 2 R
24 20 27 20 U
24 22 15 10 U
24 23 2 0 R
24 24 15 43 L
24 25 12 14 U
24 26 22 11 U
24 28 22 10 U
24 29 24 29 D
24 30 9 30 D
24 32 28 32 D
24 33 21 33 D
24 34 0 40 L
24 36 0 20 U
24 37 21 24 D
24 38 23 26 D
24 39 0 8 R
24 40 25 23 D
24 41 25 25 D
24 42 13 1 R
24 43 24 25 D
24 44 4 30 D
24 45 20 45 L
25 0 0 15 U
25 1 25 29 D
25 2 0 29 D
25 3 24 3 R
25 4 24 13 U
25 5 24 23 D
25 6 23 6 R
25 7 28 7 R
25 8 23 8 R
25 9 24 9 R
25 10 23 1 R
25 11 24 5 R
25 12 13 12 U
25 13 21 13 U
25 14 28 0 R
25 15 11 15 U
25 16 29 16 U
25 17 22 17 U
25 18 20 39 L
25 20 28 0 R
25 22 21 9 R
25 23 15 5 R
25 24 26 24 D
25 25 20 40 L
25 26 25 26 D
25 28 25 28 D
25 29 24 42 L
25 30 19 2 R
25 32 14 0 R
25 33 7 33 D
25 34 27 34 D
25 36 12 10 U
25 37 26 10 U
25 38 18 38 L
25 39 25 39 L
25 40 15 34 D
25 41 24 41 L
25 42 25 42 L
25 43 18 43 L
25 44 24 24 D
25 45 19 29 D
26 0 24 28 D
26 1 26 29 D
26 2 26 16 U
26 3 26 25 D
26 4 22 27 D
26 5 27 32 D
26 6 26 6 R
26 7 18 25 D
26 8 22 22 D
26 9 0 36 L
26 10 22 38 L
26 11 29 1 R
26 12 26 12 U
26 13 24 44 L
26 14 25 14 U
26 15 29 2 R
26 16 28 16 U
26 17 2 17 U
26 18 24 18 U
26 20 25 20 U
26 22 25 41 L
26 23 10 42 L
26 24 29 24 D
26 25 0 36 L
26 26 24 36 L
26 28 26 6 R
26 29 14 37 L
26 30 20 30 D
26 32 29 7 R
26 33 25 33 D
26 34 28 34 D
26 36 24 14 U
26 37 20 13 U
26 38 25 38 L
26 39 27 39 L
26 40 0 27 D
26 41 19 22 D
26 42 27 25 D
26 43 25 28 D
26 44 22 44 L
26 45 26 45 L
27 0 25 0 R
27 1 25 20 U
27 2 27 30 D
27 3 26 3 R
27 4 29 40 L
27 5 30 5 R
27 6 27 6 R
27 7 27 7 R
27 8 19 8 R
27 9 18 11 U
27 10 20 22 D
27 11 28 11 U
27 12 3 12 U
27 13 26 13 U
27 14 12 14 U
27 15 28 15 U
27 16 21 16 U
27 17 27 7 R
27 18 25 44 L
27 20 27 6 R
27 22 21 36 L
27 23 26 37 L
27 24 0 20 U
27 25 3 16 U
27 26 8 26 D
27 28 0 1 R
27 29 27 7 R
27 30 21 30 D
27 32 24 2 R
27 33 16 33 D
27 34 0 43 L
27 36 27 26 D
27 37 25 22 D
27 38 0 29 D
27 39 24 39 L
27 40 30 40 L
27 41 25 41 L
27 42 28 42 L
27 43 24 43 L
27 44 25 44 L
27 45 24 34 D
28 0 28 0 R
28 1 16 14 U
28 2 2 15 U
28 3 29 3 R
28 4 29 4 R
28 5 29 5 R
28 6 28 6 R
28 7 29 7 R
28 9 27 9 R
28 10 29 37 L
28 11 26 11 U
28 12 28 12 U
28 13 24 13 U
28 14 24 14 U
28 15 30 15 U
28 16 24 3 R
28 17 26 17 U
28 18 26 18 U
28 20 26 39 L
28 22 10 22 D
28 23 27 23 D
28 24 0 0 R
28 25 14 1 R
28 26 0 17 U
28 28 24 28 D
28 29 24 11 U
28 30 25 30 D
28 32 8 32 D
28 33 12 4 R
28 34 0 20 U
28 36 27 36 L
28 37 15 10 U
28 38 14 38 L
28 39 26 39 L
28 40 12 15 U
28 41 26 41 L
28 42 27 42 L
28 43 27 43 L
28 44 26 44 L
28 45 15 45 L
29 0 24 24 D
29 1 1 17 U
29 2 15 16 U
29 3 29 25 D
29 4 30 34 D
29 5 28 5 R
29 6 25 6 R
29 7 28 24 D
29 9 14 33 D
29 10 19 1 R
29 11 18 40 L
29 12 19 12 U
29 13 26 38 L
29 14 24 6 R
29 15 8 15 U
29 16 19 16 U
29 17 27 17 U
29 18 23 18 U
29 20 26 20 U
29 22 26 22 D
29 23 9 5 R
29 24 12 20 U
29 25 30 2 R
29 26 27 26 D
29 28 6 0 R
29 29 30 29 D
29 30 27 30 D
29 32 22 32 D
29 33 26 33 D
29 34 23 34 D
29 36 28 22 D
29 37 26 23 D
29 38 27 38 L
29 39 27 10 U
29 40 25 34 D
29 41 24 33 D
29 42 2 4 R
29 43 28 43 L
29 44 27 44 L
30 0 22 23 D
30 1 20 28 D
30 2 26 26 D
30 3 30 3 R
30 4 23 16 U
30 5 27 5 R
30 6 28 32 D
30 7 28 33 D
30 10 29 38 L
30 11 25 9 R
30 12 27 12 U
30 13 26 40 L
30 14 23 24 D
30 15 13 40 L
30 16 26 16 U
30 17 0 45 L
30 18 9 18 U
30 22 15 22 D
30 23 28 43 L
30 24 6 24 D
30 25 29 13 U
30 26 30 41 L
30 28 19 28 D
30 30 28 30 D
30 32 29 45 L
30 34 24 34 D
30 36 23 4 R
30 37 20 10 U
30 38 28 32 D
30 39 1 12 U
30 40 21 16 U
30 41 0 4 R
30 42 30 34 D
30 43 18 26 D
30 44 28 44 L
31 0 11 17 U
32 0 9 0 R
33 0 30 0 R
34 0 27 0 R

