23 22 413
6 18 4 12 17 13 5 20 0 5 7 0 0 6
0 0 0 0 0 0 0 21 15 0 0 0 0 0
0 5 0 0 0 0 0 0 0 0 9 0 0 6
0 0 0 0 0 0 0 0 0 0 0 0 0 3
0 0 0 0 0 20 2 0 0 0 10 17 0 15
0 0 0 0 0 0 0 0 0 0 0 11 6 0
0 21 0 0 0 0 20 0 10 20 0 9 7 0
12 9 5 0 0 0 0 9 0 0 11 0 0 4
0 0 0 0 0 0 0 0 16 0 19 0 19 18
3 8 0 16 0 0 0 0 0 9 0 0 0 0
3 11 0 0 13 0 19 0 5 14 19 4 0 0
20 0 0 17 0 0 1 6 0 0 11 0 2 0
0 0 0 0 16 0 5 20 0 0 0 6 17 19
5 0 16 18 3 0 16 20 10 0 0 7 5 8
0 0 0 0 U
0 1 0 1 U
0 2 0 2 U
0 3 0 3 U
0 4 0 4 U
0 5 0 5 U
0 6 0 6 R
0 7 0 7 R
0 8 0 8 R
0 9 0 9 R
0 10 0 10 R
0 11 0 11 D
0 12 0 12 D
0 13 0 13 D
0 14 0 14 D
0 15 0 15 D
0 16 0 16 L
0 17 0 17 L
0 18 0 18 L
0 19 0 19 L
0 20 0 20 L
0 21 0 21 L
1 0 0 16 L
1 1 0 17 L
1 2 3 8 R
1 3 10 18 L
1 4 4 21 L
1 5 2 18 L
1 6 4 15 D
1 7 6 7 R
1 8 9 8 R
1 9 3 13 D
1 10 3 15 D
1 11 17 0 U
1 12 0 17 L
1 13 5 13 D
1 14 13 14 D
1 15 13 10 R
1 16 5 4 U
1 17 3 17 L
1 18 10 18 L
1 19 10 13 D
1 20 14 20 L
2 0 14 0 U
2 1 1 7 R
2 2 11 2 U
2 3 1 3 U
2 4 4 4 U
2 5 10 8 R
2 6 1 11 D
2 7 13 15 D
2 8 8 13 D
2 9 8 12 D
2 10 13 11 D
2 11 8 17 L
2 12 9 1 U
2 13 4 1 U
2 14 7 1 U
2 15 4 9 R
2 16 6 14 D
2 17 6 4 U
2 18 5 12 D
2 19 17 3 U
2 20 14 2 U
2 21 1 21 L
3 0 6 9 R
3 1 2 18 L
3 2 8 18 L
3 3 12 10 R
3 4 19 17 L
3 5 4 5 U
3 6 19 4 U
3 7 8 7 R
3 8 7 8 R
3 9 11 9 R
3 10 14 10 R
3 11 0 0 U
3 12 4 9 R
3 13 16 9 R
3 14 6 14 D
3 15 0 4 U
3 16 0 0 U
3 17 21 11 D
3 18 13 9 R
3 19 5 19 L
3 20 5 20 L
4 0 6 18 L
4 1 3 16 L
4 2 8 2 U
4 3 12 3 U
4 4 16 16 L
4 5 11 12 D
4 6 2 14 D
4 7 13 2 U
4 8 14 13 D
4 9 13 15 D
4 10 1 10 R
4 11 2 6 R
4 12 3 9 R
4 13 5 9 R
4 14 6 14 D
4 15 2 15 D
4 16 7 0 U
4 17 1 5 U
4 18 7 4 U
4 19 2 4 U
5 0 16 0 U
5 1 14 1 U
5 2 6 2 U
5 3 8 11 D
5 4 2 7 R
5 5 17 10 R
5 6 15 12 D
5 7 11 7 R
5 8 0 12 D
5 9 10 9 R
5 10 15 14 D
5 11 16 11 D
5 12 0 6 R
5 13 0 8 R
5 14 2 14 D
5 15 2 15 D
5 16 19 11 D
5 17 3 1 U
5 18 2 0 U
5 19 6 1 U
6 0 15 10 R
6 1 5 1 U
6 2 9 2 U
6 3 5 3 U
6 4 8 4 U
6 5 13 5 U
6 6 7 16 L
6 7 0 17 L
6 8 0 16 L
6 9 12 14 D
6 10 18 17 L
6 11 4 6 R
6 12 19 8 R
6 13 5 13 D
6 14 5 8 R
6 15 2 15 D
6 16 14 0 U
6 17 10 11 D
6 18 9 18 L
6 19 1 13 D
6 20 9 20 L
6 21 12 12 D
7 0 6 7 R
7 1 0 18 L
7 2 6 2 U
7 3 0 6 R
7 4 9 4 U
7 5 22 15 D
7 6 0 1 U
7 7 6 7 R
7 8 0 13 D
7 9 17 18 L
7 10 6 17 L
7 11 9 0 U
7 12 0 1 U
7 13 13 2 U
7 14 8 7 R
7 15 0 6 R
7 16 1 0 U
7 17 15 13 D
7 18 3 11 D
7 19 8 19 L
7 20 3 15 D
8 0 9 12 D
8 1 15 20 L
8 2 15 19 L
8 3 11 3 U
8 4 16 19 L
8 5 14 16 L
8 6 6 19 L
8 7 16 13 D
8 8 10 0 U
8 9 12 15 D
8 10 7 12 D
8 11 10 8 R
8 12 10 16 L
8 13 2 1 U
8 14 7 3 U
8 15 16 15 D
8 16 5 5 U
8 17 0 6 R
8 18 10 18 L
8 19 16 11 D
8 20 5 20 L
9 0 13 11 D
9 1 3 10 R
9 2 0 12 D
9 3 14 9 R
9 4 5 4 U
9 5 5 5 U
9 6 11 11 D
9 7 3 14 D
9 8 1 8 R
9 9 1 9 R
9 10 7 10 R
9 11 3 11 D
9 12 7 6 R
9 13 12 13 D
9 14 14 10 R
9 15 6 15 D
9 16 8 1 U
9 17 5 3 U
9 18 0 1 U
9 19 7 12 D
9 20 15 1 U
10 0 3 8 R
10 1 7 7 R
10 2 0 9 R
10 3 18 10 R
10 4 0 10 R
10 5 13 5 U
10 6 0 3 U
10 7 1 12 D
10 8 0 2 U
10 9 11 9 R
10 10 1 2 U
10 11 17 8 R
10 12 17 8 R
10 13 2 17 L
10 14 12 18 L
10 15 18 15 D
10 16 0 5 U
10 17 0 13 D
10 18 18 11 D
10 19 4 19 L
10 20 6 11 D
11 0 16 19 L
11 1 1 1 U
11 2 7 10 R
11 3 15 3 U
11 4 3 12 D
11 5 19 5 U
11 6 0 4 U
11 7 1 7 R
11 8 3 8 R
11 9 13 12 D
11 10 6 3 U
11 11 0 16 L
11 13 12 7 R
11 14 6 14 D
11 15 7 15 D
11 16 5 15 D
11 17 16 2 U
11 18 5 18 L
11 19 3 19 L
11 20 4 20 L
11 21 10 21 L
12 0 18 0 U
12 1 6 9 R
12 2 15 9 R
12 3 0 16 L
12 4 10 19 L
12 5 4 18 L
12 6 6 13 D
12 7 10 5 U
12 8 15 16 L
12 9 8 13 D
12 10 19 10 R
12 11 6 7 R
12 12 6 12 D
12 13 0 2 U
12 14 0 3 U
12 15 13 7 R
12 16 0 11 D
12 17 14 12 D
12 18 5 14 D
12 19 10 19 L
12 20 10 14 D
13 0 8 7 R
13 1 17 19 L
13 2 12 2 U
13 3 1 19 L
13 4 2 20 L
13 5 4 5 U
13 6 10 1 U
13 7 8 5 U
13 8 0 14 D
13 9 11 9 R
13 10 17 10 R
13 11 14 17 L
13 12 2 12 D
13 13 10 10 R
13 14 4 14 D
13 15 6 15 D
13 16 15 11 D
13 17 12 4 U
13 18 10 12 D
13 19 7 19 L
14 0 2 17 L
14 1 15 17 L
14 2 1 18 L
14 3 16 3 U
14 4 15 8 R
14 6 8 0 U
14 7 1 11 D
14 8 3 2 U
14 9 13 3 U
14 10 16 10 R
14 11 11 0 U
14 12 9 12 D
14 13 5 6 R
14 14 6 14 D
14 15 11 3 U
14 16 5 2 U
14 17 17 17 L
14 18 16 12 D
14 19 4 19 L
14 20 3 20 L
15 0 0 7 R
15 1 16 6 R
15 2 12 8 R
15 3 13 20 L
15 4 9 4 U
15 6 4 12 D
15 7 17 13 D
15 8 13 14 D
15 9 18 12 D
15 10 14 13 D
15 11 17 11 D
15 13 2 13 D
15 14 6 14 D
15 15 9 15 D
15 16 0 15 D
15 17 17 17 L
15 18 3 18 L
15 19 17 19 L
15 20 9 12 D
16 0 4 0 U
16 1 5 16 L
16 2 19 6 R
16 3 3 3 U
16 4 14 4 U
16 6 18 3 U
16 7 17 15 D
16 8 11 8 R
16 10 6 5 U
16 11 1 6 R
16 12 15 0 U
16 13 1 13 D
16 14 0 2 U
16 15 7 15 D
16 16 2 14 D
16 17 1 17 L
16 18 12 13 D
16 19 14 2 U
16 20 7 11 D
17 0 12 0 U
17 1 11 16 L
17 2 15 20 L
17 4 11 18 L
17 6 4 11 D
17 7 16 7 R
17 8 18 8 R
17 10 12 10 R
17 11 5 2 U
17 13 0 7 R
17 14 16 16 L
17 15 11 7 R
17 16 14 16 L
17 17 11 17 L
17 18 18 2 U
17 19 20 9 R
17 20 8 20 L
18 0 11 9 R
18 2 12 17 L
18 4 12 4 U
18 6 0 18 L
18 7 15 18 L
18 8 19 11 D
18 10 6 10 R
18 11 5 4 U
18 12 17 1 U
18 13 14 2 U
18 14 14 19 L
18 15 19 15 D
18 16 4 12 D
18 17 20 11 D
18 18 6 18 L
18 19 7 19 L
18 20 14 20 L
19 0 6 17 L
19 4 10 4 U
19 6 3 5 U
19 7 2 7 R
19 8 20 15 D
19 11 14 18 L
19 12 1 7 R
19 13 2 3 U
19 14 2 14 D
19 15 13 16 L
19 16 18 4 U
19 17 13 17 L
19 18 10 18 L
20 0 13 6 R
20 4 2 18 L
20 6 14 13 D
20 8 19 3 U
20 11 8 2 U
20 13 21 6 R
20 14 2 14 D
20 15 1 8 R
20 16 17 6 R
21 0 15 12 D
21 11 7 3 U
21 13 16 13 D
21 16 5 0 U
22 0 18 6 R

