48 67 2937
33 34 45 43 39 7 11 19 15 22 0 37 35 30 39 39 32 19 9 15
24 15 14 43 0 39 1 19 43 40 19 16 16 44 40 8 7 24 41 1
43 44 46 0 43 31 2 21 44 44 36 19 33 9 28 34 3 24 14 8
0 45 32 42 44 43 42 0 4 40 0 0 43 16 42 39 38 0 42 26
0 37 47 41 0 42 0 8 19 15 0 35 44 42 0 43 38 26 38 25
0 35 23 33 41 0 31 6 30 5 38 15 0 18 37 0 1 27 26 1
0 0 44 45 0 32 0 34 0 37 46 2 46 25 2 40 43 45 0 28
0 39 41 0 41 0 31 3 42 0 3 39 0 0 35 44 30 45 24 12
0 25 0 0 39 0 40 39 35 36 36 27 47 37 0 0 42 44 28 16
0 12 34 33 30 35 0 40 0 41 0 0 40 0 0 37 0 40 0 39
45 1 23 18 2 28 38 14 39 40 3 0 7 31 39 44 43 43 43 0
8 21 3 40 0 0 41 29 39 0 0 0 0 0 0 0 36 40 41 40
20 1 15 39 0 32 35 0 45 0 0 0 0 0 0 0 0 0 44 39
34 24 0 18 0 0 37 0 4 27 4 42 39 42 32 32 45 42 0 45
0 0 4 0 15 41 42 0 32 33 41 42 43 44 45 45 0 0 38 42
31 34 36 37 19 0 43 0 28 23 26 39 40 23 37 33 40 39 21 0
11 0 42 38 11 41 43 43 33 0 1 45 0 20 37 0 38 30 26 33
21 19 35 43 0 0 0 36 41 0 38 37 37 0 0 42 34 25 14 9
21 19 3 45 0 0 0 0 43 30 0 0 0 0 42 40 26 39 31 38
23 31 21 36 33 7 33 16 42 35 30 0 25 0 40 39 20 28 20 21
0 0 0 0 U
0 1 0 1 U
0 2 0 2 U
0 3 0 3 U
0 4 0 4 U
0 5 0 5 U
0 6 0 6 U
0 7 0 7 U
0 8 0 8 U
0 9 0 9 U
0 10 0 10 U
0 11 0 11 U
0 12 0 12 U
0 13 0 13 U
0 14 0 14 U
0 15 0 15 R
0 16 0 16 R
0 17 0 17 R
0 18 0 18 R
0 19 0 19 R
0 20 0 20 R
0 21 0 21 R
0 22 0 22 R
0 23 0 23 R
0 24 0 24 R
0 25 0 25 R
0 26 0 26 R
0 27 0 27 R
0 28 0 28 R
0 29 0 29 R
0 30 0 30 R
0 31 0 31 R
0 32 0 32 R
0 33 0 33 D
0 34 0 34 D
0 35 0 35 D
0 36 0 36 D
0 37 0 37 D
0 38 0 38 D
0 39 0 39 D
0 40 0 40 D
0 41 0 41 D
0 42 0 42 D
0 43 0 43 D
0 44 0 44 D
0 45 0 45 D
0 46 0 46 D
0 47 0 47 D
0 48 0 48 L
0 49 0 49 L
0 50 0 50 L
0 51 0 51 L
0 52 0 52 L
0 53 0 53 L
0 54 0 54 L
0 55 0 55 L
0 56 0 56 L
0 57 0 57 L
0 58 0 58 L
0 59 0 59 L
0 60 0 60 L
0 61 0 61 L
0 62 0 62 L
0 63 0 63 L
0 64 0 64 L
0 65 0 65 L
0 66 0 66 L
1 0 0 33 D
1 1 0 48 L
1 2 2 34 D
1 3 0 36 D
1 4 1 50 L
1 5 0 35 D
1 6 1 18 R
1 7 1 54 L
1 8 0 40 D
1 9 4 58 L
1 10 0 41 D
1 11 2 60 L
1 12 1 52 L
1 13 3 50 L
1 14 0 59 L
1 15 0 1 U
1 16 0 48 L
1 17 1 2 U
1 18 3 35 D
1 19 1 4 U
1 20 0 3 U
1 21 3 39 D
1 22 4 6 U
1 23 3 8 U
1 24 4 42 D
1 25 3 10 U
1 26 3 34 D
1 27 0 57 L
1 28 2 44 D
1 29 1 45 D
1 30 1 45 D
1 31 0 14 U
1 32 33 47 D
1 33 0 15 R
1 34 1 49 L
1 35 0 17 R
1 36 2 18 R
1 37 1 51 L
1 38 0 3 U
1 39 4 54 L
1 40 3 54 L
1 41 3 23 R
1 42 3 58 L
1 43 1 62 L
1 44 3 20 R
1 45 5 54 L
1 46 5 30 R
1 47 0 30 R
1 48 0 0 U
1 49 0 15 R
1 50 0 15 R
1 51 1 19 R
1 52 4 33 D
1 53 0 38 D
1 54 4 4 U
1 55 3 6 U
1 56 2 6 U
1 57 3 7 U
1 58 3 8 U
1 59 3 9 U
1 60 0 10 U
1 61 3 42 D
1 62 5 2 U
1 63 1 9 U
1 64 2 42 D
1 65 9 6 U
1 66 21 15 R
2 0 1 0 U
2 1 0 15 R
2 2 2 2 U
2 3 0 18 R
2 4 3 4 U
2 5 4 5 U
2 6 0 38 D
2 7 2 7 U
2 8 4 21 R
2 9 2 9 U
2 10 4 10 U
2 11 1 11 U
2 12 2 12 U
2 13 5 13 U
2 14 1 63 L
2 15 0 34 D
2 16 1 16 R
2 17 1 17 R
2 18 0 51 L
2 19 3 19 R
2 20 2 20 R
2 21 4 7 U
2 22 3 22 R
2 23 2 23 R
2 24 1 24 R
2 25 2 25 R
2 26 1 26 R
2 27 3 27 R
2 28 3 28 R
2 29 5 29 R
2 30 2 30 R
2 31 2 31 R
2 32 8 32 R
2 33 0 0 U
2 34 1 34 D
2 35 0 50 L
2 36 2 50 L
2 37 3 37 D
2 38 3 38 D
2 39 3 39 D
2 40 2 40 D
2 41 0 9 U
2 42 2 42 D
2 43 5 43 D
2 44 3 44 D
2 45 2 45 D
2 46 4 60 L
2 47 17 17 R
2 48 0 1 U
2 49 0 17 R
2 50 2 50 L
2 51 3 51 L
2 52 3 52 L
2 53 0 3 U
2 54 4 38 D
2 55 2 55 L
2 56 0 22 R
2 57 2 57 L
2 58 4 41 D
2 59 2 59 L
2 60 4 60 L
2 61 3 61 L
2 62 3 62 L
2 63 1 63 L
2 64 5 64 L
2 65 8 65 L
2 66 25 66 L
3 0 0 16 R
3 1 0 49 L
3 2 3 2 U
3 3 0 20 R
3 4 2 4 U
3 5 3 54 L
3 6 1 21 R
3 7 1 7 U
3 8 4 8 U
3 9 1 9 U
3 10 4 60 L
3 11 1 25 R
3 12 5 12 U
3 13 4 13 U
3 14 5 14 U
3 15 0 33 D
3 16 2 16 R
3 17 0 35 D
3 18 4 18 R
3 19 2 19 R
3 20 3 20 R
3 21 3 8 U
3 22 2 22 R
3 23 1 23 R
3 24 2 24 R
3 25 1 25 R
3 26 3 26 R
3 27 4 27 R
3 28 2 28 R
3 29 1 29 R
3 30 3 30 R
3 31 1 31 R
3 32 35 32 R
3 33 3 33 D
3 34 0 48 L
3 35 2 35 D
3 36 4 36 D
3 37 2 37 D
3 38 1 20 R
3 39 1 22 R
3 40 0 56 L
3 41 4 59 L
3 42 1 42 D
3 43 3 43 D
3 44 1 44 D
3 45 5 45 D
3 46 3 46 D
3 47 21 47 D
3 48 2 48 L
3 49 3 49 L
3 50 1 3 U
3 51 2 51 L
3 52 2 52 L
3 53 3 53 L
3 54 0 21 R
3 55 3 55 L
3 56 2 56 L
3 57 1 57 L
3 58 4 58 L
3 59 1 59 L
3 60 1 10 U
3 61 2 61 L
3 62 5 62 L
3 63 2 63 L
3 64 2 64 L
3 65 7 65 L
3 66 9 66 L
4 0 1 48 L
4 1 1 19 R
4 2 3 48 L
4 3 0 53 L
4 4 4 53 L
4 5 2 5 U
4 6 0 54 L
4 7 1 56 L
4 8 3 21 R
4 9 0 23 R
4 10 4 24 R
4 11 5 63 L
4 12 3 54 L
4 13 3 13 U
4 14 4 14 U
4 15 0 2 U
4 16 1 37 D
4 17 0 36 D
4 18 4 5 U
4 19 0 1 U
4 20 0 6 U
4 21 2 9 U
4 22 1 40 D
4 23 4 41 D
4 24 4 11 U
4 25 0 60 L
4 26 2 26 R
4 27 0 14 U
4 28 4 28 R
4 29 3 11 U
4 30 5 30 R
4 31 3 1 U
4 32 30 32 R
4 33 2 16 R
4 34 3 52 L
4 35 0 53 L
4 36 3 36 D
4 37 1 37 D
4 38 4 55 L
4 39 4 57 L
4 40 1 40 D
4 41 0 24 R
4 42 4 25 R
4 43 2 43 D
4 44 4 51 L
4 45 2 58 L
4 46 4 46 D
4 47 20 47 D
4 48 2 0 U
4 49 0 33 D
4 50 2 34 D
4 51 0 35 D
4 52 4 52 L
4 53 0 5 U
4 54 2 39 D
4 55 4 55 L
4 56 0 40 D
4 57 4 57 L
4 58 1 9 U
4 59 4 59 L
4 60 4 11 U
4 61 1 61 L
4 62 5 38 D
4 63 5 63 L
4 64 4 64 L
4 65 6 65 L
4 66 18 66 L
5 0 4 15 R
5 1 5 17 R
5 2 0 37 D
5 3 5 18 R
5 4 0 44 D
5 5 1 22 R
5 6 0 56 L
5 7 2 55 L
5 8 3 53 L
5 9 3 9 U
5 10 2 58 L
5 11 5 24 R
5 12 1 12 U
5 13 5 25 R
5 14 5 27 R
5 15 4 12 U
5 16 4 0 U
5 17 0 49 L
5 18 2 13 U
5 19 5 1 U
5 20 1 43 D
5 21 0 10 U
5 22 3 3 U
5 23 0 41 D
5 24 5 12 U
5 25 1 55 L
5 26 0 56 L
5 27 2 46 D
5 28 5 28 R
5 29 2 29 R
5 30 1 46 D
5 31 7 31 R
5 32 33 32 R
5 33 3 61 L
5 34 2 48 L
5 35 0 26 R
5 36 3 16 R
5 37 1 19 R
5 38 5 27 R
5 39 3 62 L
5 40 0 28 R
5 41 4 29 R
5 42 5 26 R
5 43 1 43 D
5 44 5 64 L
5 45 4 45 D
5 46 1 31 R
5 47 21 28 R
5 48 2 33 D
5 49 0 36 D
5 50 2 4 U
5 51 5 39 D
5 52 5 5 U
5 53 0 7 U
5 54 1 11 U
5 55 2 41 D
5 56 0 13 U
5 57 4 5 U
5 58 5 44 D
5 59 0 46 D
5 60 0 27 R
5 61 4 61 L
5 62 2 62 L
5 63 3 14 U
5 64 0 47 D
5 65 9 65 L
5 66 23 66 L
6 0 5 64 L
6 1 1 49 L
6 2 5 48 L
6 3 6 31 R
6 4 2 34 D
6 5 3 43 D
6 6 0 35 D
6 7 7 50 L
6 8 0 28 R
6 9 0 51 L
6 10 7 55 L
6 11 0 57 L
6 12 7 53 L
6 13 0 48 L
6 14 8 59 L
6 15 5 2 U
6 16 3 16 R
6 17 4 37 D
6 18 2 18 R
6 19 2 2 U
6 20 10 36 D
6 21 6 42 D
6 22 7 3 U
6 23 3 40 D
6 24 0 44 D
6 25 8 41 D
6 26 21 7 U
6 27 6 40 D
6 28 0 42 D
6 29 14 38 D
6 30 1 1 U
6 31 6 31 R
6 32 11 32 R
6 33 5 16 R
6 34 3 64 L
6 35 7 18 R
6 36 6 52 L
6 37 7 49 L
6 38 2 51 L
6 39 9 54 L
6 40 7 50 L
6 41 8 31 R
6 42 2 23 R
6 43 1 16 R
6 44 8 53 L
6 45 11 23 R
6 46 20 49 L
6 47 22 47 D
6 48 5 0 U
6 49 4 13 U
6 50 3 4 U
6 51 3 36 D
6 52 6 6 U
6 53 6 9 U
6 54 10 35 D
6 55 0 18 R
6 56 8 6 U
6 57 0 8 U
6 58 11 41 D
6 59 10 6 U
6 60 0 1 U
6 61 2 7 U
6 62 3 1 U
6 63 5 3 U
6 64 6 33 D
6 65 15 18 R
6 66 12 66 L
7 0 5 15 R
7 1 7 15 R
7 2 4 2 U
7 3 0 63 L
7 4 7 4 U
7 5 7 17 R
7 6 7 6 U
7 7 6 7 U
7 8 7 53 L
7 9 2 52 L
7 10 9 10 U
7 11 6 11 U
7 12 6 12 U
7 13 11 49 L
7 14 7 14 U
7 15 7 5 U
7 16 0 3 U
7 17 7 7 U
7 18 6 38 D
7 19 7 19 R
7 20 8 12 U
7 21 8 21 R
7 22 6 22 R
7 23 11 44 D
7 24 10 24 R
7 25 13 25 R
7 26 16 26 R
7 27 7 27 R
7 28 0 62 L
7 29 7 29 R
7 30 17 30 R
7 31 4 1 U
7 32 14 7 U
7 33 6 33 D
7 34 3 17 R
7 35 6 35 D
7 36 0 57 L
7 37 6 37 D
7 38 9 38 D
7 39 8 39 D
7 40 6 40 D
7 41 9 41 D
7 42 8 56 L
7 43 6 43 D
7 44 9 44 D
7 45 7 48 L
7 46 21 46 D
7 47 23 47 D
7 48 0 43 D
7 49 5 34 D
7 50 7 36 D
7 51 0 0 U
7 52 6 52 L
7 53 6 53 L
7 54 0 5 U
7 55 8 55 L
7 56 0 20 R
7 57 0 36 D
7 58 7 58 L
7 59 7 59 L
7 60 9 60 L
7 61 10 7 U
7 62 6 62 L
7 63 6 1 U
7 64 6 64 L
7 65 17 65 L
7 66 29 1 U
8 0 2 51 L
8 1 7 49 L
8 2 0 17 R
8 3 3 57 L
8 4 4 61 L
8 5 7 19 R
8 6 10 54 L
8 7 8 51 L
8 8 9 8 U
8 9 6 9 U
8 10 8 10 U
8 11 2 11 U
8 12 7 12 U
8 13 11 13 U
8 14 8 14 U
8 15 7 12 U
8 16 8 16 R
8 17 1 34 D
8 18 0 40 D
8 19 10 8 U
8 20 8 14 U
8 21 10 0 U
8 22 11 22 R
8 23 11 23 R
8 24 4 24 R
8 25 14 25 R
8 26 20 26 R
8 27 6 27 R
8 28 8 28 R
8 29 9 29 R
8 30 16 30 R
8 31 10 39 D
8 32 36 32 R
8 33 6 63 L
8 34 4 27 R
8 35 6 31 R
8 36 0 2 U
8 37 8 27 R
8 38 8 38 D
8 39 7 39 D
8 40 0 19 R
8 41 10 41 D
8 42 7 42 D
8 43 8 49 L
8 44 10 49 L
8 45 9 45 D
8 46 20 46 D
8 47 4 47 D
8 48 2 35 D
8 49 6 0 U
8 50 7 33 D
8 51 5 28 R
8 52 5 4 U
8 53 7 2 U
8 54 10 54 L
8 55 3 3 U
8 56 6 10 U
8 57 5 57 L
8 58 9 58 L
8 59 9 59 L
8 60 11 60 L
8 61 10 61 L
8 62 0 3 U
8 63 7 63 L
8 64 10 11 U
8 65 14 65 L
8 66 26 66 L
9 0 2 0 U
9 1 8 49 L
9 2 8 48 L
9 3 5 55 L
9 4 10 18 R
9 5 0 36 D
9 6 6 54 L
9 7 6 37 D
9 8 8 8 U
9 9 8 9 U
9 10 7 10 U
9 11 8 20 R
9 12 10 56 L
9 13 9 13 U
9 14 9 14 U
9 15 8 9 U
9 16 7 37 D
9 17 5 17 R
9 18 6 43 D
9 19 10 5 U
9 20 9 11 U
9 21 9 21 R
9 22 11 44 D
9 23 10 23 R
9 24 9 45 D
9 25 15 25 R
9 26 17 26 R
9 27 8 1 U
9 28 10 6 U
9 29 11 29 R
9 30 23 30 R
9 31 10 31 R
9 32 34 32 R
9 33 8 16 R
9 34 9 18 R
9 35 7 35 D
9 36 0 54 L
9 37 8 37 D
9 38 7 38 D
9 39 7 56 L
9 40 2 27 R
9 41 10 64 L
9 42 7 22 R
9 43 7 43 D
9 44 10 44 D
9 45 12 45 D
9 46 19 46 D
9 47 23 27 R
9 48 8 1 U
9 49 3 0 U
9 50 10 33 D
9 51 0 9 U
9 52 8 2 U
9 53 9 53 L
9 54 1 20 R
9 55 6 55 L
9 56 10 41 D
9 57 0 41 D
9 58 8 58 L
9 59 5 11 U
9 60 10 60 L
9 61 8 61 L
9 62 2 16 R
9 63 11 7 U
9 64 10 64 L
9 65 18 2 U
9 66 7 66 L
10 0 9 17 R
10 1 9 50 L
10 2 9 48 L
10 3 0 34 D
10 4 9 4 U
10 5 9 5 U
10 6 8 18 R
10 7 9 7 U
10 8 10 8 U
10 9 0 40 D
10 10 6 10 U
10 11 8 56 L
10 12 8 12 U
10 13 9 40 D
10 14 10 14 U
10 15 9 10 U
10 16 9 1 U
10 17 3 33 D
10 18 10 3 U
10 19 9 19 R
10 20 8 20 R
10 21 11 13 U
10 22 5 22 R
10 23 8 23 R
10 24 15 1 U
10 25 18 33 D
10 26 11 26 R
10 27 7 39 D
10 28 7 28 R
10 29 21 29 R
10 30 22 30 R
10 31 11 38 D
10 32 38 14 U
10 33 8 52 L
10 34 3 51 L
10 35 9 19 R
10 36 10 59 L
10 37 6 28 R
10 38 9 61 L
10 39 7 20 R
10 40 5 55 L
10 41 6 27 R
10 42 11 65 L
10 43 4 43 D
10 44 6 54 L
10 45 8 45 D
10 46 14 62 L
10 47 15 47 D
10 48 9 1 U
10 49 8 33 D
10 50 10 50 L
10 51 7 34 D
10 52 10 52 L
10 53 9 4 U
10 54 9 38 D
10 55 2 9 U
10 56 21 37 D
10 57 6 37 D
10 58 3 58 L
10 59 9 21 R
10 60 10 5 U
10 61 9 12 U
10 62 7 34 D
10 63 11 63 L
10 64 9 64 L
10 65 15 65 L
10 66 28 66 L
11 0 9 20 R
11 1 10 21 R
11 2 8 35 D
11 3 11 17 R
11 4 8 16 R
11 5 0 55 L
11 6 11 52 L
11 7 0 42 D
11 8 10 64 L
11 9 11 24 R
11 10 9 63 L
11 11 7 41 D
11 12 9 60 L
11 13 10 13 U
11 14 6 59 L
11 15 8 34 D
11 16 8 41 D
11 17 8 13 U
11 18 0 8 U
11 19 10 13 U
11 20 10 42 D
11 21 10 21 R
11 22 9 22 R
11 23 10 9 U
11 24 14 24 R
11 25 17 25 R
11 26 19 26 R
11 27 2 27 R
11 28 15 59 L
11 29 14 29 R
11 30 15 30 R
11 31 9 31 R
11 32 37 32 R
11 33 9 58 L
11 34 7 48 L
11 35 8 15 R
11 36 8 21 R
11 37 11 60 L
11 38 8 51 L
11 39 8 4 U
11 40 10 60 L
11 41 11 41 D
11 42 6 22 R
11 43 9 23 R
11 44 0 18 R
11 45 7 17 R
11 46 9 46 D
11 47 23 29 R
11 48 9 33 D
11 49 11 2 U
11 50 0 19 R
11 51 11 37 D
11 52 0 20 R
11 53 11 42 D
11 54 0 2 U
11 55 7 39 D
11 56 8 56 L
11 57 14 9 U
11 58 2 58 L
11 59 7 1 U
11 60 7 60 L
11 61 16 1 U
11 62 11 62 L
11 63 10 63 L
11 64 0 44 D
11 65 16 65 L
11 66 27 66 L
12 0 11 15 R
12 1 0 62 L
12 2 12 50 L
12 3 10 17 R
12 4 11 60 L
12 5 12 53 L
12 6 15 20 R
12 7 13 52 L
12 8 12 50 L
12 9 13 51 L
12 10 7 61 L
12 11 15 51 L
12 12 13 58 L
12 13 0 18 R
12 14 15 22 R
12 15 11 10 U
12 16 10 45 D
12 17 11 3 U
12 18 0 45 D
12 19 0 33 D
12 20 13 37 D
12 21 9 45 D
12 22 7 41 D
12 23 13 40 D
12 24 13 24 R
12 25 1 65 L
12 26 4 9 U
12 27 14 34 D
12 28 16 28 R
12 29 18 29 R
12 30 21 30 R
12 31 14 6 U
12 32 13 32 R
12 33 10 62 L
12 34 10 16 R
12 35 10 3 U
12 36 12 36 D
12 37 9 49 L
12 38 13 19 R
12 39 12 31 R
12 40 16 22 R
12 41 7 21 R
12 42 5 28 R
12 43 12 54 L
12 44 13 50 L
12 45 9 48 L
12 46 10 46 D
12 47 10 47 D
12 48 11 33 D
12 49 12 36 D
12 50 3 50 L
12 51 3 34 D
12 52 14 2 U
12 53 11 13 U
12 54 11 54 L
12 55 3 2 U
12 56 14 56 L
12 57 18 57 L
12 58 12 34 D
12 59 13 27 R
12 60 8 0 U
12 61 12 61 L
12 62 6 35 D
12 63 15 37 D
12 64 22 0 U
12 65 2 65 L
12 66 18 9 U
13 0 7 58 L
13 1 12 15 R
13 2 13 49 L
13 3 11 3 U
13 4 11 4 U
13 5 13 5 U
13 6 9 55 L
13 7 14 7 U
13 8 12 8 U
13 9 13 9 U
13 10 8 48 L
13 11 13 11 U
13 12 13 12 U
13 13 2 13 U
13 14 14 14 U
13 15 12 10 U
13 16 9 5 U
13 17 12 8 U
13 18 12 45 D
13 19 12 44 D
13 20 13 20 R
13 21 12 41 D
13 22 13 0 U
13 23 14 23 R
13 24 14 39 D
13 25 3 25 R
13 26 5 26 R
13 27 15 27 R
13 28 17 28 R
13 29 17 29 R
13 30 22 12 U
13 31 13 31 R
13 33 0 22 R
13 34 11 0 U
13 35 13 35 D
13 36 12 62 L
13 37 0 20 R
13 38 14 38 D
13 39 13 39 D
13 40 14 40 D
13 41 13 58 L
13 42 16 49 L
13 43 3 23 R
13 44 14 44 D
13 45 13 45 D
13 46 18 26 R
13 47 14 47 D
13 48 11 4 U
13 49 0 37 D
13 50 13 2 U
13 51 7 51 L
13 52 14 52 L
13 53 12 3 U
13 54 8 36 D
13 55 13 55 L
13 56 13 56 L
13 57 11 12 U
13 58 14 4 U
13 59 11 21 R
13 60 13 60 L
13 61 11 61 L
13 62 4 62 L
13 63 13 63 L
13 64 22 64 L
13 65 17 35 D
13 66 24 66 L
14 0 6 34 D
14 1 12 22 R
14 2 7 36 D
14 3 13 51 L
14 4 15 52 L
14 5 12 5 U
14 6 14 6 U
14 7 13 7 U
14 8 13 8 U
14 9 14 9 U
14 10 15 60 L
14 11 14 11 U
14 12 14 12 U
14 13 12 13 U
14 14 13 14 U
14 15 14 7 U
14 16 6 44 D
14 17 14 17 R
14 18 14 18 R
14 19 12 19 R
14 20 1 8 U
14 21 13 21 R
14 22 6 53 L
14 23 15 23 R
14 24 15 24 R
14 25 12 10 U
14 26 21 26 R
14 27 12 40 D
14 28 14 10 U
14 29 21 46 D
14 30 25 30 R
14 31 7 36 D
14 33 10 21 R
14 34 3 55 L
14 35 11 21 R
14 36 14 19 R
14 37 1 18 R
14 38 15 50 L
14 39 15 39 D
14 40 13 16 R
14 41 13 62 L
14 42 17 42 D
14 43 17 22 R
14 44 13 44 D
14 45 14 53 L
14 46 19 51 L
14 47 24 51 L
14 48 1 37 D
14 49 4 15 R
14 50 12 0 U
14 51 11 5 U
14 52 11 9 U
14 53 14 41 D
14 54 12 54 L
14 55 0 20 R
14 56 19 26 R
14 57 20 57 L
14 58 15 58 L
14 59 15 59 L
14 60 16 60 L
14 61 16 61 L
14 62 13 62 L
14 63 9 63 L
14 64 21 64 L
14 65 18 65 L
14 66 29 66 L
15 0 13 15 R
15 1 8 1 U
15 2 11 50 L
15 3 15 16 R
15 4 5 37 D
15 5 8 17 R
15 6 16 6 U
15 7 12 7 U
15 8 0 43 D
15 9 15 9 U
15 10 13 10 U
15 11 16 11 U
15 12 15 12 U
15 13 15 51 L
15 14 12 14 U
15 15 4 48 L
15 16 14 9 U
15 17 12 17 R
15 18 15 18 R
15 19 13 3 U
15 20 15 12 U
15 21 12 21 R
15 22 16 45 D
15 23 12 23 R
15 24 16 24 R
15 25 9 25 R
15 26 20 46 D
15 27 16 38 D
15 28 0 9 U
15 29 22 29 R
15 30 24 30 R
15 31 14 31 R
15 33 9 16 R
15 34 0 51 L
15 35 11 35 D
15 36 7 53 L
15 37 16 16 R
15 38 13 38 D
15 39 16 58 L
15 40 14 24 R
15 41 15 52 L
15 42 16 42 D
15 43 13 43 D
15 44 15 15 R
15 45 16 45 D
15 46 8 46 D
15 47 25 47 D
15 48 13 1 U
15 49 9 49 L
15 50 10 1 U
15 51 2 38 D
15 52 15 52 L
15 53 9 39 D
15 54 19 36 D
15 55 16 55 L
15 56 18 56 L
15 57 19 57 L
15 58 14 58 L
15 59 14 59 L
15 60 17 60 L
15 61 13 2 U
15 62 8 35 D
15 63 12 63 L
15 64 8 64 L
15 65 12 65 L
15 66 21 66 L
16 0 0 52 L
16 1 12 60 L
16 2 15 31 R
16 3 13 61 L
16 4 13 62 L
16 5 13 19 R
16 6 15 6 U
16 7 14 59 L
16 8 18 48 L
16 9 17 37 D
16 10 17 10 U
16 11 12 58 L
16 12 18 60 L
16 13 17 13 U
16 14 15 14 U
16 15 15 6 U
16 16 8 38 D
16 17 12 3 U
16 18 12 44 D
16 19 16 11 U
16 20 0 0 U
16 21 16 0 U
16 22 16 22 R
16 23 6 23 R
16 24 0 52 L
16 25 19 39 D
16 26 9 26 R
16 27 16 27 R
16 28 13 28 R
16 29 23 9 U
16 30 23 47 D
16 31 7 0 U
16 33 13 63 L
16 34 12 24 R
16 35 16 61 L
16 36 14 17 R
16 37 16 37 D
16 38 16 38 D
16 39 16 49 L
16 40 5 40 D
16 41 15 53 L
16 42 19 42 D
16 43 18 43 D
16 44 14 49 L
16 45 17 49 L
16 46 15 46 D
16 47 24 47 D
16 48 12 14 U
16 49 14 33 D
16 50 16 35 D
16 51 13 4 U
16 52 0 18 R
16 53 16 39 D
16 54 3 43 D
16 55 12 7 U
16 56 17 56 L
16 57 17 57 L
16 58 8 5 U
16 59 16 59 L
16 60 13 6 U
16 61 15 61 L
16 62 15 62 L
16 63 15 63 L
16 64 3 64 L
16 65 0 28 R
16 66 30 44 D
17 0 16 15 R
17 1 3 28 R
17 2 16 60 L
17 3 17 17 R
17 4 9 24 R
17 5 17 52 L
17 6 16 28 R
17 7 6 57 L
17 8 17 8 U
17 9 18 9 U
17 10 16 10 U
17 11 17 50 L
17 12 16 12 U
17 13 16 13 U
17 14 15 55 L
17 15 16 14 U
17 16 15 2 U
17 17 17 10 U
17 18 16 3 U
17 19 18 13 U
17 20 16 33 D
17 21 14 38 D
17 22 3 50 L
17 23 7 5 U
17 24 11 3 U
17 25 7 37 D
17 26 15 26 R
17 27 19 0 U
17 28 7 44 D
17 29 8 29 R
17 30 18 30 R
17 31 8 31 R
17 33 15 59 L
17 34 14 27 R
17 35 10 18 R
17 36 17 65 L
17 37 10 24 R
17 38 13 48 L
17 39 9 39 D
17 40 15 49 L
17 41 16 41 D
17 42 17 16 R
17 43 2 61 L
17 44 12 17 R
17 45 14 45 D
17 46 20 27 R
17 47 28 50 L
17 48 16 33 D
17 49 17 36 D
17 50 16 11 U
17 51 18 4 U
17 52 8 43 D
17 53 12 41 D
17 54 19 46 D
17 55 18 34 D
17 56 16 56 L
17 57 18 41 D
17 58 13 7 U
17 59 8 34 D
17 60 17 11 U
17 61 4 5 U
17 62 14 62 L
17 63 1 7 U
17 64 20 64 L
17 65 18 41 D
17 66 13 66 L
18 0 17 15 R
18 1 11 20 R
18 2 17 55 L
18 3 18 16 R
18 4 16 50 L
18 5 18 19 R
18 6 16 58 L
18 7 18 51 L
18 8 18 8 U
18 9 13 65 L
18 10 15 21 R
18 11 17 11 U
18 12 18 12 U
18 13 18 13 U
18 14 14 25 R
18 15 17 11 U
18 16 18 8 U
18 17 15 49 L
18 18 17 45 D
18 19 14 41 D
18 20 18 45 D
18 21 17 12 U
18 22 19 22 R
18 23 17 43 D
18 24 7 24 R
18 25 20 25 R
18 26 14 26 R
18 27 18 27 R
18 28 10 28 R
18 29 19 29 R
18 30 19 30 R
18 31 11 0 U
18 33 13 31 R
18 34 0 1 U
18 35 18 17 R
18 36 17 63 L
18 37 11 20 R
18 38 15 65 L
18 39 0 21 R
18 40 17 40 D
18 41 0 14 U
18 42 18 25 R
18 43 14 20 R
18 44 16 44 D
18 45 15 45 D
18 46 8 59 L
18 47 30 47 D
18 48 17 6 U
18 49 16 4 U
18 50 13 3 U
18 51 15 19 R
18 52 0 39 D
18 53 7 3 U
18 54 20 54 L
18 55 0 40 D
18 56 16 14 U
18 57 21 57 L
18 58 17 5 U
18 59 13 8 U
18 60 15 3 U
18 61 6 61 L
18 62 21 1 U
18 63 17 63 L
18 64 23 3 U
18 65 18 1 U
18 66 30 66 L
19 0 18 15 R
19 1 19 27 R
19 2 16 52 L
19 3 4 52 L
19 4 14 60 L
19 5 17 53 L
19 6 8 6 U
19 7 8 18 R
19 8 18 61 L
19 9 1 55 L
19 10 8 24 R
19 11 18 11 U
19 12 19 53 L
19 13 6 65 L
19 14 0 50 L
19 15 19 15 R
19 16 18 42 D
19 17 7 42 D
19 18 11 14 U
19 19 18 19 R
19 20 0 43 D
19 21 14 12 U
19 22 4 35 D
19 23 18 23 R
19 24 0 54 L
19 25 8 25 R
19 26 9 13 U
19 27 20 46 D
19 28 18 5 U
19 29 24 46 D
19 30 14 14 U
19 31 19 31 R
19 33 13 28 R
19 34 18 59 L
19 35 16 23 R
19 36 19 65 L
19 37 9 50 L
19 38 2 22 R
19 39 12 25 R
19 40 0 13 U
19 41 18 41 D
19 42 10 42 D
19 43 17 43 D
19 44 22 51 L
19 45 13 54 L
19 46 7 46 D
19 47 29 47 D
19 48 18 9 U
19 49 17 34 D
19 50 17 7 U
19 51 15 8 U
19 52 19 12 U
19 53 19 53 L
19 54 21 54 L
19 55 3 22 R
19 56 19 56 L
19 57 7 57 L
19 58 21 6 U
19 59 19 59 L
19 60 14 60 L
19 61 19 6 U
19 62 12 62 L
19 63 20 38 D
19 64 16 64 L
19 65 11 65 L
19 66 22 66 L
20 0 2 16 R
20 1 20 50 L
20 2 17 2 U
20 3 12 59 L
20 4 21 4 U
20 5 19 5 U
20 6 19 6 U
20 7 21 7 U
20 8 19 60 L
20 9 19 21 R
20 10 20 55 L
20 11 20 18 R
20 12 8 58 L
20 13 15 56 L
20 14 9 58 L
20 15 18 2 U
20 16 21 4 U
20 17 16 34 D
20 18 21 18 R
20 19 19 42 D
20 20 14 63 L
20 21 21 21 R
20 22 16 46 D
20 23 22 5 U
20 24 12 5 U
20 25 19 25 R
20 26 12 4 U
20 27 19 46 D
20 28 0 1 U
20 29 23 29 R
20 30 4 7 U
20 31 11 31 R
20 33 18 19 R
20 34 10 14 U
20 35 18 25 R
20 36 18 0 U
20 37 20 65 L
20 38 21 27 R
20 39 20 48 L
20 40 4 56 L
20 41 23 41 D
20 42 16 31 R
20 43 18 57 L
20 44 18 44 D
20 45 13 1 U
20 46 17 46 D
20 47 30 62 L
20 48 19 8 U
20 49 13 49 L
20 50 0 6 U
20 51 15 43 D
20 52 4 2 U
20 53 14 0 U
20 54 12 42 D
20 55 10 34 D
20 56 7 56 L
20 57 11 57 L
20 58 19 10 U
20 59 18 35 D
20 60 2 8 U
20 61 22 40 D
20 62 21 62 L
20 63 16 63 L
20 64 23 64 L
20 65 11 3 U
20 66 30 18 R
21 0 6 49 L
21 1 21 52 L
21 2 19 2 U
21 3 19 57 L
21 4 20 4 U
21 5 20 5 U
21 6 21 20 R
21 7 13 26 R
21 8 19 15 R
21 9 20 9 U
21 10 19 18 R
21 11 21 11 U
21 12 20 24 R
21 13 20 13 U
21 14 7 22 R
21 15 20 38 D
21 16 20 10 U
21 17 10 35 D
21 18 21 54 L
21 19 21 19 R
21 20 21 20 R
21 21 13 58 L
21 22 20 22 R
21 23 21 9 U
21 24 8 24 R
21 25 16 25 R
21 26 13 26 R
21 27 22 44 D
21 28 22 28 R
21 29 24 29 R
21 30 8 30 R
21 31 0 3 U
21 33 19 57 L
21 34 20 24 R
21 35 19 27 R
21 36 0 5 U
21 37 21 21 R
21 38 15 38 D
21 39 10 39 D
21 40 15 31 R
21 41 22 41 D
21 42 17 19 R
21 43 21 43 D
21 44 23 44 D
21 45 14 22 R
21 46 22 49 L
21 47 27 28 R
21 48 17 45 D
21 49 15 33 D
21 50 21 36 D
21 51 20 37 D
21 52 20 52 L
21 53 20 11 U
21 54 13 54 L
21 55 21 55 L
21 56 15 11 U
21 57 20 1 U
21 58 18 7 U
21 59 19 40 D
21 60 22 3 U
21 61 22 61 L
21 62 20 62 L
21 63 21 63 L
21 64 13 64 L
21 65 10 65 L
21 66 31 0 U
22 0 22 48 L
22 1 21 22 R
22 2 12 24 R
22 3 15 37 D
22 4 20 26 R
22 5 20 49 L
22 6 6 58 L
22 7 9 43 D
22 8 20 56 L
22 9 22 49 L
22 10 22 10 U
22 11 23 53 L
22 12 23 12 U
22 13 2 47 D
22 14 14 51 L
22 15 8 33 D
22 16 22 7 U
22 17 14 8 U
22 18 17 35 D
22 19 20 41 D
22 20 23 14 U
22 21 26 42 D
22 22 2 5 U
22 23 22 37 D
22 24 9 24 R
22 25 23 6 U
22 26 12 26 R
22 27 13 27 R
22 28 20 28 R
22 29 20 29 R
22 30 25 43 D
22 31 4 31 R
22 33 10 26 R
22 34 20 64 L
22 35 19 59 L
22 36 22 61 L
22 37 15 26 R
22 38 22 48 L
22 39 12 27 R
22 40 22 40 D
22 41 7 41 D
22 42 11 42 D
22 43 21 17 R
22 44 22 52 L
22 45 25 49 L
22 46 22 46 D
22 47 20 66 L
22 48 7 15 R
22 49 9 18 R
22 50 15 0 U
22 51 14 17 R
22 52 22 11 U
22 53 13 47 D
22 54 7 54 L
22 55 9 42 D
22 56 5 56 L
22 57 3 40 D
22 58 9 4 U
22 59 8 7 U
22 60 0 34 D
22 61 17 61 L
22 62 22 3 U
22 63 21 2 U
22 64 23 43 D
22 65 21 1 U
22 66 26 19 R
23 0 15 64 L
23 1 10 29 R
23 2 16 23 R
23 3 23 29 R
23 4 18 60 L
23 5 22 25 R
23 6 22 6 U
23 7 23 23 R
23 8 7 54 L
23 9 23 20 R
23 10 21 10 U
23 11 20 52 L
23 12 22 12 U
23 13 24 54 L
23 14 22 14 U
23 15 19 10 U
23 16 21 12 U
23 17 10 44 D
23 18 21 47 D
23 19 25 2 U
23 20 23 20 R
23 21 28 21 R
23 22 15 41 D
23 23 22 23 R
23 24 27 44 D
23 25 19 5 U
23 26 17 7 U
23 27 23 27 R
23 28 4 34 D
23 29 15 29 R
23 30 20 13 U
23 31 26 11 U
23 33 2 15 R
23 34 13 29 R
23 35 13 23 R
23 36 20 16 R
23 37 18 26 R
23 38 13 65 L
23 39 23 56 L
23 40 0 12 U
23 41 20 16 R
23 42 13 42 D
23 43 0 2 U
23 44 7 44 D
23 45 24 45 D
23 46 21 50 L
23 47 30 21 R
23 48 22 33 D
23 49 20 8 U
23 50 8 38 D
23 51 8 13 U
23 52 23 39 D
23 53 25 8 U
23 54 23 54 L
23 55 21 4 U
23 56 9 56 L
23 57 24 5 U
23 58 24 10 U
23 59 28 59 L
23 60 22 60 L
23 61 25 7 U
23 62 9 0 U
23 63 2 39 D
23 64 11 10 U
23 65 23 65 L
23 66 31 66 L
24 0 13 33 D
24 1 24 20 R
24 2 25 2 U
24 3 25 50 L
24 4 21 60 L
24 5 8 27 R
24 6 0 18 R
24 7 25 35 D
24 8 22 66 L
24 9 6 55 L
24 10 0 56 L
24 11 24 53 L
24 12 8 50 L
24 13 24 13 U
24 14 19 52 L
24 15 22 45 D
24 16 25 38 D
24 17 13 13 U
24 18 19 37 D
24 19 19 35 D
24 20 22 4 U
24 21 24 21 R
24 22 21 22 R
24 23 0 0 U
24 24 26 24 R
24 25 18 25 R
24 26 21 1 U
24 27 12 60 L
24 28 5 11 U
24 29 12 29 R
24 30 27 30 R
24 31 27 31 R
24 33 23 49 L
24 34 14 34 D
24 35 23 62 L
24 36 25 61 L
24 37 7 30 R
24 38 24 30 R
24 39 23 26 R
24 40 25 40 D
24 41 27 17 R
24 42 4 57 L
24 43 23 30 R
24 44 24 44 D
24 45 19 45 D
24 46 24 54 L
24 47 26 47 D
24 48 23 0 U
24 49 11 6 U
24 50 17 2 U
24 51 23 35 D
24 52 20 18 R
24 53 25 3 U
24 54 3 38 D
24 55 28 8 U
24 56 0 28 R
24 57 8 57 L
24 58 13 58 L
24 59 25 41 D
24 60 24 0 U
24 61 18 61 L
24 62 3 11 U
24 63 4 63 L
24 64 15 64 L
24 65 12 1 U
24 66 29 7 U
25 0 18 64 L
25 1 23 48 L
25 2 0 34 D
25 3 0 30 R
25 4 23 4 U
25 5 18 5 U
25 6 15 17 R
25 7 25 30 R
25 8 24 8 U
25 9 23 9 U
25 10 22 39 D
25 11 10 11 U
25 12 0 25 R
25 13 19 13 U
25 14 16 53 L
25 15 20 43 D
25 16 19 33 D
25 17 25 10 U
25 18 23 40 D
25 19 28 0 U
25 20 24 2 U
25 21 22 21 R
25 22 26 6 U
25 23 9 3 U
25 24 24 24 R
25 25 26 36 D
25 26 3 9 U
25 27 29 11 U
25 28 28 3 U
25 29 24 44 D
25 30 28 30 R
25 31 28 31 R
25 33 23 65 L
25 34 21 15 R
25 35 24 22 R
25 36 21 16 R
25 37 22 37 D
25 38 25 38 D
25 39 26 39 D
25 40 18 51 L
25 41 22 30 R
25 42 23 42 D
25 43 25 22 R
25 44 20 51 L
25 45 21 24 R
25 46 25 46 D
25 47 2 47 D
25 48 22 14 U
25 49 23 33 D
25 50 24 3 U
25 51 14 36 D
25 52 24 52 L
25 53 24 53 L
25 54 22 9 U
25 55 24 9 U
25 56 23 56 L
25 57 27 57 L
25 58 24 58 L
25 59 26 59 L
25 60 22 47 D
25 61 24 61 L
25 62 0 18 R
25 63 18 63 L
25 64 27 41 D
25 65 26 38 D
25 66 10 66 L
26 0 24 48 L
26 1 25 22 R
26 2 0 16 R
26 3 20 54 L
26 4 19 49 L
26 5 24 50 L
26 6 25 49 L
26 7 24 50 L
26 8 26 51 L
26 9 20 19 R
26 10 25 10 U
26 11 23 11 U
26 12 27 17 R
26 13 27 31 R
26 14 25 56 L
26 15 26 47 D
26 16 25 5 U
26 17 28 17 R
26 18 24 11 U
26 19 26 19 R
26 20 27 47 D
26 21 25 21 R
26 22 21 44 D
26 23 0 56 L
26 24 28 3 U
26 25 26 25 R
26 26 24 26 R
26 27 27 27 R
26 28 29 28 R
26 29 15 35 D
26 30 26 30 R
26 31 26 31 R
26 33 24 62 L
26 34 26 58 L
26 35 25 50 L
26 36 26 54 L
26 37 5 28 R
26 38 19 49 L
26 39 19 52 L
26 40 27 55 L
26 41 27 59 L
26 42 28 59 L
26 43 31 29 R
26 44 27 48 L
26 45 0 12 U
26 46 28 18 R
26 47 31 62 L
26 48 25 11 U
26 49 23 2 U
26 50 16 34 D
26 51 22 25 R
26 52 21 30 R
26 53 0 45 D
26 54 22 29 R
26 55 27 55 L
26 56 14 10 U
26 57 25 57 L
26 58 13 0 U
26 59 24 59 L
26 60 9 33 D
26 61 4 10 U
26 62 26 62 L
26 63 22 63 L
26 64 26 64 L
26 65 26 65 L
26 66 8 66 L
27 0 3 25 R
27 1 20 58 L
27 2 16 56 L
27 3 27 55 L
27 4 24 4 U
27 5 27 5 U
27 6 6 62 L
27 7 25 7 U
27 8 25 54 L
27 9 25 9 U
27 10 22 52 L
27 11 26 17 R
27 12 25 31 R
27 13 25 13 U
27 14 28 14 U
27 15 26 15 R
27 16 27 16 R
27 17 25 3 U
27 18 25 49 L
27 19 14 19 R
27 20 17 20 R
27 21 23 21 R
27 22 23 39 D
27 23 31 47 D
27 24 27 34 D
27 25 26 2 U
27 26 30 47 D
27 27 26 27 R
27 28 30 28 R
27 29 3 1 U
27 30 0 36 D
27 31 28 45 D
27 33 26 57 L
27 34 25 65 L
27 35 1 8 U
27 36 27 64 L
27 37 28 37 D
27 38 27 16 R
27 39 20 39 D
27 40 28 40 D
27 41 23 52 L
27 42 28 42 D
27 43 25 43 D
27 44 28 44 D
27 45 11 20 R
27 47 31 18 R
27 48 0 45 D
27 49 26 49 L
27 50 28 24 R
27 51 27 7 U
27 52 18 20 R
27 53 26 12 U
27 54 4 45 D
27 55 27 12 U
27 56 5 40 D
27 57 0 26 R
27 58 28 46 D
27 59 25 59 L
27 60 23 60 L
27 61 28 61 L
27 62 30 35 D
27 63 26 63 L
27 64 24 64 L
27 65 25 65 L
27 66 19 66 L
28 0 14 48 L
28 1 24 49 L
28 2 26 2 U
28 3 28 3 U
28 4 27 16 R
28 5 22 16 R
28 6 23 22 R
28 7 26 7 U
28 8 8 55 L
28 9 27 57 L
28 10 27 23 R
28 11 23 59 L
28 12 21 58 L
28 13 26 63 L
28 14 27 14 U
28 15 27 1 U
28 16 0 53 L
28 17 0 55 L
28 18 29 3 U
28 19 27 19 R
28 20 29 20 R
28 21 26 5 U
28 22 24 5 U
28 23 31 23 R
28 24 25 24 R
28 25 25 25 R
28 26 0 40 D
28 27 25 27 R
28 28 28 28 R
28 29 12 47 D
28 30 26 0 U
28 31 26 14 U
28 33 15 23 R
28 34 27 61 L
28 35 28 35 D
28 36 0 62 L
28 37 25 37 D
28 38 23 24 R
28 39 28 39 D
28 40 27 40 D
28 41 31 55 L
28 42 27 42 D
28 43 33 48 L
28 44 26 53 L
28 45 0 14 U
28 47 33 47 D
28 48 26 33 D
28 49 26 15 R
28 50 25 37 D
28 51 21 8 U
28 52 17 52 L
28 53 26 34 D
28 54 28 38 D
28 55 26 36 D
28 56 26 13 U
28 57 26 57 L
28 58 27 58 L
28 59 23 59 L
28 60 27 60 L
28 61 27 61 L
28 62 30 62 L
28 63 8 63 L
28 64 25 64 L
28 65 28 65 L
28 66 31 10 U
29 0 26 21 R
29 1 26 60 L
29 2 28 39 D
29 3 30 50 L
29 4 0 45 D
29 5 28 56 L
29 6 18 26 R
29 7 21 54 L
29 8 28 57 L
29 9 12 25 R
29 10 30 53 L
29 11 25 40 D
29 12 26 61 L
29 13 12 47 D
29 14 24 14 U
29 15 18 15 R
29 16 28 1 U
29 17 17 5 U
29 18 30 18 R
29 19 25 19 R
29 20 30 12 U
29 21 29 41 D
29 22 0 0 U
29 23 30 41 D
29 24 11 1 U
29 25 27 38 D
29 26 30 13 U
29 27 1 27 R
29 28 26 28 R
29 29 27 29 R
29 30 29 30 R
29 31 30 2 U
29 33 24 19 R
29 34 25 66 L
29 35 29 18 R
29 36 30 49 L
29 37 27 66 L
29 38 23 38 D
29 39 29 24 R
29 40 14 26 R
29 41 27 23 R
29 42 13 23 R
29 43 34 43 D
29 44 29 44 D
29 45 29 45 D
29 47 32 47 D
29 48 28 33 D
29 49 25 1 U
29 50 30 36 D
29 51 29 37 D
29 52 29 13 U
29 53 28 53 L
29 54 24 27 R
29 55 27 37 D
29 56 0 38 D
29 57 28 6 U
29 58 34 36 D
29 59 19 37 D
29 60 23 8 U
29 61 27 4 U
29 62 28 36 D
29 63 29 2 U
29 64 31 11 U
29 65 37 35 D
29 66 25 18 R
30 0 24 15 R
30 1 29 30 R
30 2 28 2 U
30 3 28 16 R
30 4 16 20 R
30 5 19 66 L
30 6 15 53 L
30 7 29 7 U
30 8 27 66 L
30 9 27 9 U
30 10 24 10 U
30 11 30 11 U
30 12 27 66 L
30 13 21 13 U
30 14 30 56 L
30 15 28 7 U
30 16 20 6 U
30 17 29 17 R
30 18 29 37 D
30 19 0 47 D
30 20 30 20 R
30 21 16 51 L
30 22 28 22 R
30 23 32 5 U
30 24 32 10 U
30 25 4 25 R
30 26 32 26 R
30 27 21 27 R
30 28 19 28 R
30 29 30 9 U
30 30 30 30 R
30 31 29 31 R
30 33 8 63 L
30 34 28 48 L
30 35 30 62 L
30 36 21 18 R
30 37 28 51 L
30 38 30 51 L
30 39 31 48 L
30 40 29 40 D
30 41 31 41 D
30 42 30 42 D
30 43 37 43 D
30 44 24 22 R
30 45 10 45 D
30 47 31 47 D
30 48 28 34 D
30 49 29 35 D
30 50 27 17 R
30 51 29 4 U
30 52 18 38 D
30 53 21 19 R
30 54 23 10 U
30 55 19 42 D
30 56 22 1 U
30 57 34 38 D
30 58 33 58 L
30 59 34 59 L
30 61 13 61 L
30 62 29 62 L
30 63 29 63 L
30 64 31 64 L
30 65 36 65 L
30 66 34 66 L
31 0 30 15 R
31 1 9 66 L
31 2 31 16 R
31 3 28 19 R
31 4 16 25 R
31 5 29 54 L
31 6 31 18 R
31 7 25 17 R
31 8 31 8 U
31 9 31 28 R
31 10 19 10 U
31 11 12 23 R
31 12 26 12 U
31 13 21 52 L
31 14 31 14 U
31 15 29 5 U
31 16 30 8 U
31 17 26 45 D
31 18 31 12 U
31 19 23 1 U
31 20 33 47 D
31 21 31 21 R
31 22 0 42 D
31 23 34 23 R
31 24 33 24 R
31 25 19 3 U
31 26 31 26 R
31 27 24 27 R
31 28 6 6 U
31 29 29 29 R
31 30 31 39 D
31 31 33 4 U
31 33 3 30 R
31 34 29 64 L
31 35 30 50 L
31 36 31 66 L
31 37 31 54 L
31 38 0 55 L
31 39 27 39 D
31 40 11 49 L
31 41 0 8 U
31 42 18 27 R
31 43 36 43 D
31 44 11 54 L
31 45 36 51 L
31 47 34 24 R
31 48 31 33 D
31 49 31 47 D
31 50 30 34 D
31 51 15 51 L
31 52 4 43 D
31 53 27 13 U
31 54 31 36 D
31 55 37 18 R
31 56 32 56 L
31 57 30 57 L
31 58 32 58 L
31 59 32 59 L
31 61 34 3 U
31 62 27 11 U
31 63 14 14 U
31 64 33 36 D
31 65 35 65 L
31 66 32 66 L
32 0 31 15 R
32 1 28 53 L
32 2 29 63 L
32 3 32 56 L
32 4 31 48 L
32 5 34 17 R
32 6 33 49 L
32 7 0 29 R
32 8 29 61 L
32 9 18 19 R
32 10 28 53 L
32 11 28 47 D
32 12 32 66 L
32 13 32 20 R
32 14 30 14 U
32 15 31 2 U
32 16 31 0 U
32 17 33 4 U
32 18 32 43 D
32 19 11 52 L
32 20 31 20 R
32 21 27 37 D
32 22 16 42 D
32 23 27 23 R
32 24 32 24 R
32 25 12 66 L
32 26 34 26 R
32 27 31 47 D
32 28 26 0 U
32 29 34 34 D
32 30 31 2 U
32 31 33 31 R
32 33 32 48 L
32 34 30 48 L
32 35 31 56 L
32 36 34 25 R
32 37 32 28 R
32 38 34 17 R
32 39 27 62 L
32 40 35 48 L
32 41 29 41 D
32 42 26 30 R
32 43 31 43 D
32 44 15 20 R
32 45 36 45 D
32 47 34 50 L
32 48 32 33 D
32 49 11 49 L
32 50 31 35 D
32 51 29 38 D
32 52 25 1 U
32 53 21 53 L
32 54 35 40 D
32 55 38 55 L
32 56 33 56 L
32 57 34 40 D
32 58 30 58 L
32 59 2 0 U
32 61 33 61 L
32 62 33 41 D
32 63 1 31 R
32 64 34 64 L
32 65 29 65 L
32 66 34 8 U
33 0 29 15 R
33 1 29 66 L
33 2 32 62 L
33 3 33 53 L
33 4 32 49 L
33 5 30 21 R
33 6 17 34 D
33 7 18 50 L
33 8 32 18 R
33 9 33 9 U
33 10 32 10 U
33 11 29 11 U
33 12 29 12 U
33 13 34 59 L
33 14 26 14 U
33 15 30 33 D
33 16 32 2 U
33 17 34 17 R
33 18 33 38 D
33 19 34 19 R
33 20 32 47 D
33 21 32 37 D
33 22 33 40 D
33 23 5 23 R
33 24 30 24 R
33 25 11 25 R
33 26 33 26 R
33 27 30 27 R
33 28 33 28 R
33 29 19 47 D
33 30 14 30 R
33 31 32 31 R
33 33 32 52 L
33 34 26 29 R
33 35 32 50 L
33 36 30 58 L
33 37 33 37 D
33 38 30 20 R
33 39 24 39 D
33 40 35 40 D
33 41 26 64 L
33 42 3 15 R
33 43 37 24 R
33 44 10 32 R
33 45 35 45 D
33 47 33 50 L
33 48 33 33 D
33 49 18 5 U
33 50 33 35 D
33 51 35 36 D
33 52 33 52 L
33 53 32 53 L
33 54 35 54 L
33 55 11 22 R
33 56 30 4 U
33 57 36 25 R
33 58 31 58 L
33 59 32 0 U
33 61 2 4 U
33 62 33 62 L
33 63 6 63 L
33 64 33 64 L
33 65 35 11 U
33 66 33 66 L
34 0 30 16 R
34 1 24 21 R
34 2 21 2 U
34 3 33 3 U
34 4 32 4 U
34 5 32 64 L
34 6 34 62 L
34 7 27 24 R
34 8 0 39 D
34 9 31 9 U
34 10 32 26 R
34 11 28 11 U
34 12 33 12 U
34 13 28 58 L
34 14 4 38 D
34 15 32 9 U
34 16 32 16 R
34 17 34 6 U
34 18 27 7 U
34 19 36 40 D
34 20 33 20 R
34 21 16 21 R
34 22 36 41 D
34 23 32 23 R
34 24 29 24 R
34 25 23 25 R
34 26 32 3 U
34 27 32 27 R
34 28 32 28 R
34 29 0 11 U
34 30 35 9 U
34 31 31 31 R
34 33 33 61 L
34 34 34 57 L
34 35 33 66 L
34 36 34 54 L
34 37 32 23 R
34 38 32 56 L
34 39 24 27 R
34 40 34 40 D
34 41 27 41 D
34 42 15 16 R
34 43 32 43 D
34 44 37 22 R
34 45 38 45 D
34 47 34 64 L
34 48 30 3 U
34 49 33 6 U
34 50 0 42 D
34 51 35 51 L
34 52 29 52 L
34 53 23 5 U
34 54 2 0 U
34 55 18 55 L
34 56 34 56 L
34 57 35 57 L
34 58 34 13 U
34 59 32 12 U
34 61 29 61 L
34 62 34 7 U
34 63 30 63 L
34 64 33 1 U
34 65 37 65 L
34 66 23 10 U
35 0 32 16 R
35 1 24 59 L
35 2 34 26 R
35 3 34 49 L
35 4 31 63 L
35 5 34 54 L
35 6 33 50 L
35 7 12 17 R
35 8 37 50 L
35 9 30 15 R
35 10 24 49 L
35 11 30 51 L
35 12 38 19 R
35 13 34 13 U
35 14 37 14 U
35 15 33 37 D
35 16 29 13 U
35 17 17 41 D
35 18 37 8 U
35 19 5 19 R
35 20 29 6 U
35 21 24 9 U
35 22 36 22 R
35 23 35 6 U
35 24 9 44 D
35 25 37 0 U
35 26 35 26 R
35 27 26 4 U
35 28 36 34 D
35 29 26 60 L
35 30 36 30 R
35 31 30 31 R
35 33 2 56 L
35 34 34 22 R
35 35 34 51 L
35 36 13 7 U
35 37 29 31 R
35 38 35 30 R
35 39 28 66 L
35 40 0 9 U
35 41 35 41 D
35 42 34 42 D
35 43 20 43 D
35 44 37 44 D
35 45 40 25 R
35 47 35 47 D
35 48 34 33 D
35 49 30 1 U
35 50 34 5 U
35 51 9 51 L
35 52 36 39 D
35 53 35 37 D
35 54 32 54 L
35 55 39 10 U
35 56 0 31 R
35 58 36 33 D
35 59 35 23 R
35 61 0 19 R
35 62 33 11 U
35 63 35 5 U
35 64 34 7 U
35 65 41 65 L
35 66 35 6 U
36 0 35 20 R
36 1 35 59 L
36 2 37 48 L
36 3 30 31 R
36 4 1 62 L
36 5 21 65 L
36 6 35 26 R
36 7 0 52 L
36 8 36 8 U
36 9 37 18 R
36 10 33 10 U
36 11 20 11 U
36 12 38 12 U
36 13 36 59 L
36 14 35 14 U
36 15 37 37 D
36 16 34 47 D
36 17 36 37 D
36 18 36 18 R
36 19 34 41 D
36 20 35 20 R
36 21 38 21 R
36 22 38 22 R
36 23 37 23 R
36 24 33 59 L
36 25 43 13 U
36 26 34 4 U
36 27 29 27 R
36 28 35 36 D
36 30 37 30 R
36 31 27 57 L
36 33 33 24 R
36 34 34 48 L
36 35 36 59 L
36 36 37 49 L
36 37 35 28 R
36 38 33 38 D
36 39 35 63 L
36 40 36 52 L
36 41 38 41 D
36 42 32 48 L
36 43 30 27 R
36 44 35 22 R
36 45 32 45 D
36 47 5 17 R
36 48 32 40 D
36 49 36 35 D
36 50 37 3 U
36 51 35 14 U
36 52 2 33 D
36 53 34 37 D
36 54 4 54 L
36 55 41 55 L
36 56 14 5 U
36 58 36 58 L
36 59 37 59 L
36 61 45 61 L
36 62 41 6 U
36 63 36 63 L
36 64 0 40 D
36 65 40 65 L
36 66 30 0 U
37 0 8 0 U
37 1 33 16 R
37 2 36 2 U
37 3 36 64 L
37 4 35 4 U
37 5 35 51 L
37 6 36 20 R
37 7 37 7 U
37 8 36 16 R
37 9 36 23 R
37 10 30 10 U
37 11 35 11 U
37 12 0 21 R
37 13 35 13 U
37 14 36 64 L
37 15 33 15 R
37 16 34 3 U
37 17 37 17 R
37 18 36 47 D
37 19 38 19 R
37 20 36 2 U
37 21 31 44 D
37 22 37 22 R
37 23 36 23 R
37 24 35 34 D
37 25 45 25 R
37 26 35 8 U
37 27 41 14 U
37 28 39 43 D
37 30 0 58 L
37 31 31 10 U
37 33 32 58 L
37 34 37 34 D
37 35 35 1 U
37 36 36 36 D
37 37 36 28 R
37 38 26 50 L
37 39 33 51 L
37 40 37 18 R
37 41 38 53 L
37 42 38 19 R
37 43 40 43 D
37 44 36 44 D
37 45 11 45 D
37 47 37 19 R
37 48 35 1 U
37 49 7 42 D
37 50 32 38 D
37 51 33 39 D
37 52 38 52 L
37 53 41 53 L
37 54 34 54 L
37 55 33 55 L
37 56 4 8 U
37 58 34 58 L
37 59 36 59 L
37 61 43 61 L
37 62 40 62 L
37 63 38 35 D
37 64 36 64 L
37 65 30 42 D
37 66 5 66 L
38 0 35 49 L
38 1 36 57 L
38 2 3 52 L
38 3 37 55 L
38 4 26 42 D
38 5 38 51 L
38 6 36 6 U
38 7 31 21 R
38 8 37 8 U
38 9 37 23 R
38 10 35 32 R
38 11 20 66 L
38 12 32 12 U
38 13 36 13 U
38 14 36 14 U
38 15 20 42 D
38 16 28 33 D
38 17 18 1 U
38 18 19 2 U
38 19 38 34 D
38 20 34 0 U
38 21 7 59 L
38 22 0 43 D
38 23 35 13 U
38 24 40 24 R
38 25 44 11 U
38 26 38 1 U
38 27 41 27 R
38 28 40 28 R
38 30 35 2 U
38 31 39 31 R
38 33 24 17 R
38 34 38 5 U
38 35 38 30 R
38 36 36 63 L
38 37 37 52 L
38 38 44 48 L
38 39 45 52 L
38 40 30 15 R
38 41 37 41 D
38 42 38 42 D
38 43 39 43 D
38 44 39 44 D
38 45 33 45 D
38 47 38 31 R
38 48 26 20 R
38 49 14 14 U
38 50 36 3 U
38 51 35 4 U
38 52 37 36 D
38 53 41 7 U
38 54 39 54 L
38 55 40 55 L
38 56 41 36 D
38 58 36 10 U
38 59 37 12 U
38 61 44 61 L
38 62 39 62 L
38 63 3 63 L
38 64 0 28 R
38 65 22 14 U
38 66 34 12 U
39 0 30 58 L
39 1 37 54 L
39 2 41 20 R
39 3 10 55 L
39 4 37 17 R
39 5 38 5 U
39 6 37 58 L
39 7 37 55 L
39 8 24 15 R
39 9 28 51 L
39 10 35 40 D
39 11 32 33 D
39 12 33 17 R
39 13 42 22 R
39 14 32 15 R
39 15 33 45 D
39 16 41 16 R
39 17 39 5 U
39 18 38 5 U
39 19 30 5 U
39 20 15 0 U
39 21 45 21 R
39 22 39 41 D
39 23 39 2 U
39 24 39 24 R
39 25 41 39 D
39 26 42 9 U
39 27 37 27 R
39 28 41 28 R
39 30 0 9 U
39 33 35 59 L
39 34 39 58 L
39 35 40 49 L
39 36 38 52 L
39 37 39 56 L
39 38 44 38 D
39 39 40 53 L
39 40 37 28 R
39 41 10 56 L
39 42 35 18 R
39 43 16 43 D
39 44 36 23 R
39 47 39 47 D
39 48 31 43 D
39 49 40 41 D
39 50 40 10 U
39 51 18 0 U
39 52 35 41 D
39 53 44 53 L
39 54 40 54 L
39 55 39 55 L
39 56 40 56 L
39 58 31 3 U
39 59 4 20 R
39 61 45 18 R
39 62 36 62 L
39 64 33 33 D
39 65 42 65 L
39 66 30 20 R
40 0 10 32 R
40 1 41 1 U
40 2 41 2 U
40 3 37 3 U
40 4 35 58 L
40 5 37 5 U
40 6 38 24 R
40 7 41 7 U
40 8 32 8 U
40 9 42 59 L
40 10 41 49 L
40 11 41 11 U
40 12 41 50 L
40 13 40 13 U
40 14 33 14 U
40 15 2 43 D
40 16 40 43 D
40 17 8 2 U
40 18 41 35 D
40 19 33 37 D
40 20 39 1 U
40 21 44 21 R
40 22 32 22 R
40 23 23 23 R
40 24 40 7 U
40 25 43 25 R
40 26 28 26 R
40 27 40 27 R
40 28 39 28 R
40 30 35 30 R
40 33 38 58 L
40 34 40 34 D
40 35 42 35 D
40 36 1 36 D
40 37 36 16 R
40 38 43 38 D
40 39 44 39 D
40 40 39 27 R
40 41 38 62 L
40 42 18 42 D
40 43 40 62 L
40 44 38 27 R
40 48 35 33 D
40 49 40 37 D
40 50 29 47 D
40 51 37 51 L
40 52 33 12 U
40 53 43 36 D
40 54 31 54 L
40 55 15 6 U
40 56 44 9 U
40 58 38 4 U
40 59 13 59 L
40 61 37 61 L
40 62 37 9 U
40 64 42 64 L
40 65 20 65 L
40 66 44 66 L
41 0 38 18 R
41 1 40 1 U
41 2 38 30 R
41 3 38 3 U
41 4 27 4 U
41 5 40 5 U
41 6 40 64 L
41 7 39 65 L
41 8 40 58 L
41 9 38 26 R
41 10 42 64 L
41 11 31 11 U
41 12 42 12 U
41 13 14 50 L
41 14 42 23 R
41 15 40 6 U
41 16 30 44 D
41 17 38 17 R
41 18 44 18 R
41 19 42 19 R
41 20 43 38 D
41 21 36 21 R
41 22 39 22 R
41 23 40 23 R
41 24 40 8 U
41 25 35 25 R
41 26 38 13 U
41 27 43 43 D
41 28 38 28 R
41 30 37 41 D
41 33 32 16 R
41 34 39 34 D
41 35 10 19 R
41 36 40 18 R
41 37 39 52 L
41 38 44 50 L
41 39 29 25 R
41 40 36 50 L
41 41 40 48 L
41 42 30 18 R
41 43 41 43 D
41 44 45 53 L
41 48 31 44 D
41 49 39 36 D
41 50 36 13 U
41 51 39 42 D
41 52 37 52 L
41 53 35 53 L
41 54 38 12 U
41 55 36 55 L
41 58 31 4 U
41 59 39 59 L
41 61 39 61 L
41 62 32 62 L
41 64 39 10 U
41 65 40 12 U
41 66 43 66 L
42 0 41 26 R
42 1 40 24 R
42 2 39 28 R
42 3 39 55 L
42 4 38 58 L
42 5 35 24 R
42 6 41 6 U
42 7 38 7 U
42 8 39 8 U
42 9 37 62 L
42 10 42 26 R
42 11 26 11 U
42 12 39 50 L
42 13 28 13 U
42 14 2 14 U
42 15 30 44 D
42 16 40 62 L
42 17 42 41 D
42 18 37 40 D
42 19 41 1 U
42 20 41 20 R
42 21 45 4 U
42 22 41 12 U
42 23 34 64 L
42 24 42 24 R
42 25 42 45 D
42 26 43 61 L
42 27 42 27 R
42 28 39 51 L
42 30 43 30 R
42 33 37 0 U
42 34 40 57 L
42 35 2 30 R
42 36 41 49 L
42 37 16 54 L
42 38 45 38 D
42 39 45 39 D
42 40 41 61 L
42 41 29 29 R
42 43 42 49 L
42 48 35 34 D
42 49 38 19 R
42 50 39 2 U
42 51 1 51 L
42 52 44 14 U
42 53 45 53 L
42 54 28 21 R
42 55 40 1 U
42 58 26 58 L
42 59 33 9 U
42 61 44 13 U
42 62 41 1 U
42 64 40 37 D
42 65 43 65 L
42 66 42 66 L
43 0 38 53 L
43 1 42 48 L
43 2 41 62 L
43 3 40 50 L
43 4 43 27 R
43 5 41 66 L
43 6 41 64 L
43 7 38 16 R
43 8 38 8 U
43 9 43 22 R
43 10 41 62 L
43 11 44 52 L
43 12 35 51 L
43 13 45 52 L
43 14 30 23 R
43 15 38 33 D
43 16 39 6 U
43 17 41 56 L
43 18 42 43 D
43 19 35 19 R
43 20 43 20 R
43 21 27 21 R
43 22 43 6 U
43 23 40 34 D
43 24 32 0 U
43 25 39 39 D
43 26 38 26 R
43 27 31 27 R
43 28 39 12 U
43 30 38 30 R
43 33 39 23 R
43 34 41 56 L
43 35 37 55 L
43 36 42 54 L
43 37 40 4 U
43 38 43 20 R
43 39 40 39 D
43 41 45 41 D
43 43 44 50 L
43 48 41 0 U
43 49 41 35 D
43 50 38 43 D
43 51 45 34 D
43 52 37 10 U
43 53 7 53 L
43 54 45 54 L
43 55 30 55 L
43 59 44 4 U
43 61 45 38 D
43 64 41 2 U
43 65 43 35 D
43 66 42 33 D
44 0 42 19 R
44 1 39 18 R
44 2 3 65 L
44 3 43 3 U
44 4 44 49 L
44 5 39 5 U
44 6 43 6 U
44 7 34 7 U
44 8 44 8 U
44 9 3 45 D
44 10 36 10 U
44 11 42 61 L
44 12 44 12 U
44 13 39 13 U
44 14 25 38 D
44 15 42 3 U
44 16 43 35 D
44 17 39 17 R
44 18 42 18 R
44 19 25 40 D
44 20 34 20 R
44 21 41 21 R
44 22 45 7 U
44 23 45 5 U
44 24 43 24 R
44 27 41 3 U
44 28 42 28 R
44 30 42 30 R
44 33 42 16 R
44 34 43 66 L
44 35 43 21 R
44 36 40 17 R
44 37 45 37 D
44 38 31 17 R
44 41 38 0 U
44 43 40 65 L
44 48 41 15 R
44 49 43 34 D
44 50 44 36 D
44 51 45 51 L
44 52 28 9 U
44 53 44 39 D
44 54 44 54 L
44 55 22 14 U
44 59 42 59 L
44 65 45 65 L
44 66 39 66 L
45 0 0 65 L
45 1 39 15 R
45 2 44 16 R
45 3 44 24 R
45 4 0 61 L
45 5 45 22 R
45 6 43 53 L
45 7 45 23 R
45 8 41 8 U
45 9 36 52 L
45 10 35 10 U
45 11 45 20 R
45 12 45 25 R
45 13 40 28 R
45 14 0 25 R
45 15 40 33 D
45 16 18 37 D
45 17 40 38 D
45 18 38 11 U
45 19 30 19 R
45 20 43 11 U
45 21 42 21 R
45 22 44 22 R
45 23 44 23 R
45 24 42 2 U
45 27 44 27 R
45 28 37 28 R
45 30 41 30 R
45 33 29 30 R
45 34 42 1 U
45 35 42 48 L
45 36 43 51 L
45 37 40 37 D
45 38 42 26 R
45 41 18 17 R
45 43 44 65 L
45 48 44 43 D
45 49 20 16 R
45 50 38 18 R
45 51 38 44 D
45 52 45 40 D
45 54 43 54 L
45 55 42 55 L
45 59 33 59 L
45 65 44 65 L
46 0 45 55 L
46 14 40 14 U
46 55 34 55 L
47 0 33 0 U
47 14 41 14 U

