35 46 1489
3 17 21 24 10 27 0 26 26 25 24 12 5 24 1 0 11
25 25 0 24 0 29 6 13 0 14 25 14 5 6 28 0 4
26 2 26 0 24 0 28 0 7 0 24 25 28 28 29 32 28
23 0 0 26 26 0 0 6 9 30 10 16 25 27 32 32 22
2 19 5 0 32 0 28 21 30 31 29 0 0 32 33 33 6
25 24 21 30 33 0 25 0 17 22 0 0 0 18 0 31 27
0 12 9 16 33 32 0 0 22 0 22 27 31 14 30 0 18
9 33 33 0 0 28 0 0 0 26 0 0 31 0 0 31 28
5 0 32 0 0 0 0 0 0 31 26 0 30 32 0 28 18
19 27 19 0 15 0 19 9 0 22 33 16 0 0 33 0 29
25 26 27 0 0 28 24 29 5 26 26 29 31 28 0 0 19
14 22 6 23 25 33 0 0 0 0 32 15 32 30 6 0 32
25 0 1 2 25 34 18 0 3 21 22 33 33 0 0 0 0
14 29 0 0 0 0 33 0 0 33 22 0 32 33 17 32 17
30 0 33 0 29 34 30 0 12 33 0 33 8 17 0 24 0
34 32 0 0 32 0 0 0 0 21 0 0 15 7 0 23 8
29 0 0 0 30 0 30 16 0 34 2 0 1 2 12 2 15
0 0 0 0 R
0 1 0 1 R
0 2 0 2 R
0 3 0 3 R
0 4 0 4 R
0 5 0 5 R
0 6 0 6 R
0 7 0 7 R
0 8 0 8 R
0 9 0 9 R
0 10 0 10 R
0 11 0 11 R
0 12 0 12 U
0 13 0 13 U
0 14 0 14 U
0 15 0 15 U
0 16 0 16 U
0 17 0 17 U
0 18 0 18 U
0 19 0 19 U
0 20 0 20 U
0 21 0 21 U
0 22 0 22 U
0 23 0 23 D
0 24 0 24 D
0 25 0 25 D
0 26 0 26 D
0 27 0 27 D
0 28 0 28 D
0 29 0 29 D
0 30 0 30 D
0 31 0 31 D
0 32 0 32 D
0 33 0 33 D
0 34 0 34 L
0 35 0 35 L
0 36 0 36 L
0 37 0 37 L
0 38 0 38 L
0 39 0 39 L
0 40 0 40 L
0 41 0 41 L
0 42 0 42 L
0 43 0 43 L
0 44 0 44 L
0 45 0 45 L
1 0 0 23 D
1 1 0 34 L
1 2 2 13 U
1 3 3 23 D
1 4 1 16 U
1 5 3 29 D
1 6 0 29 D
1 7 2 20 U
1 8 3 31 D
1 9 0 32 D
1 10 5 40 L
1 11 7 20 U
1 12 1 1 R
1 13 0 34 L
1 14 1 2 R
1 15 2 35 L
1 16 3 35 L
1 17 2 2 R
1 18 1 38 L
1 19 2 6 R
1 20 3 40 L
1 21 0 32 D
1 22 3 42 L
1 23 0 34 L
1 24 0 0 R
1 25 0 13 U
1 26 2 36 L
1 27 0 34 L
1 28 0 36 L
1 29 2 16 U
1 30 1 40 L
1 31 3 41 L
1 32 2 41 L
1 33 1 43 L
1 34 0 24 D
1 35 1 23 D
1 36 0 2 R
1 37 0 17 U
1 38 0 28 D
1 39 0 29 D
1 40 2 19 U
1 41 3 30 D
1 42 1 21 U
1 43 0 22 U
1 44 7 15 U
1 45 17 29 D
2 0 1 25 D
2 1 0 13 U
2 2 1 15 U
2 3 3 3 R
2 4 1 4 R
2 5 2 5 R
2 6 3 18 U
2 7 1 30 D
2 8 3 8 R
2 9 2 9 R
2 10 5 10 R
2 11 6 11 R
2 12 1 12 U
2 13 1 35 L
2 14 2 14 U
2 15 1 15 U
2 16 2 16 U
2 17 3 17 U
2 18 1 18 U
2 19 3 19 U
2 20 2 20 U
2 21 2 8 R
2 22 2 22 U
2 23 2 0 R
2 24 0 1 R
2 25 1 25 D
2 26 2 26 D
2 27 2 27 D
2 28 0 37 L
2 29 0 5 R
2 30 2 7 R
2 31 2 31 D
2 32 1 7 R
2 33 3 33 D
2 34 0 12 U
2 35 2 14 U
2 36 3 25 D
2 37 1 28 D
2 38 0 16 U
2 39 1 39 L
2 40 3 20 U
2 41 1 30 D
2 42 0 32 D
2 43 2 43 L
2 44 5 44 L
2 45 15 45 L
3 0 2 26 D
3 1 3 1 R
3 2 0 24 D
3 3 3 27 D
3 4 0 28 D
3 5 0 18 U
3 6 1 20 U
3 7 1 22 U
3 8 1 21 U
3 9 0 14 U
3 10 6 10 R
3 11 14 11 R
3 12 0 35 L
3 13 0 4 R
3 14 1 3 R
3 15 3 36 L
3 16 0 38 L
3 17 3 39 L
3 18 0 39 L
3 19 1 19 U
3 20 1 6 R
3 21 3 21 U
3 22 0 42 L
3 23 0 12 U
3 24 0 2 R
3 25 2 3 R
3 26 1 26 D
3 27 1 27 D
3 28 2 4 R
3 29 0 6 R
3 30 2 8 R
3 31 1 31 D
3 32 2 34 L
3 33 2 33 D
3 34 0 13 U
3 35 1 35 L
3 36 0 4 R
3 37 2 37 L
3 38 2 17 U
3 39 2 18 U
3 40 0 7 R
3 41 2 41 L
3 42 6 26 D
3 43 4 23 D
3 44 8 14 U
3 45 2 45 L
4 0 3 12 U
4 1 4 20 U
4 2 3 24 D
4 3 0 31 D
4 4 6 18 U
4 5 1 33 D
4 6 7 41 L
4 7 5 21 U
4 8 5 25 D
4 9 5 9 R
4 10 9 10 R
4 11 9 11 R
4 12 1 37 L
4 13 3 13 U
4 14 2 24 D
4 15 0 36 L
4 16 3 9 R
4 17 4 0 R
4 18 0 37 L
4 19 4 4 R
4 20 5 39 L
4 21 7 36 L
4 22 6 41 L
4 23 3 5 R
4 24 1 0 R
4 25 1 35 L
4 26 4 1 R
4 27 1 37 L
4 28 6 2 R
4 29 0 4 R
4 30 7 42 L
4 31 0 9 R
4 32 3 32 D
4 33 1 33 D
4 34 2 23 D
4 35 2 2 R
4 36 2 26 D
4 37 0 9 R
4 38 5 28 D
4 39 5 16 U
4 40 4 26 D
4 41 5 19 U
4 42 5 42 L
4 43 4 43 L
4 44 6 44 L
4 45 17 45 L
5 0 1 24 D
5 1 6 12 U
5 2 4 13 U
5 3 4 28 D
5 4 5 22 U
5 5 4 25 D
5 6 7 6 R
5 7 7 7 R
5 8 5 8 R
5 9 4 9 R
5 10 8 10 R
5 11 6 36 L
5 12 4 12 U
5 13 1 43 L
5 14 0 2 R
5 15 3 2 R
5 16 5 16 U
5 17 4 17 U
5 18 4 39 L
5 19 0 6 R
5 20 5 20 U
5 21 6 21 U
5 22 5 22 U
5 23 5 5 R
5 24 5 35 L
5 25 4 25 D
5 26 6 2 R
5 27 4 27 D
5 28 6 28 D
5 29 6 6 R
5 30 7 30 D
5 31 4 43 L
5 32 7 38 L
5 33 5 44 L
5 34 1 17 U
5 35 4 14 U
5 36 3 36 L
5 37 0 15 U
5 38 0 8 R
5 39 7 26 D
5 40 4 40 L
5 41 7 23 D
5 42 4 42 L
5 43 3 43 L
5 44 8 44 L
5 45 18 14 U
6 0 5 23 D
6 1 0 12 U
6 2 0 37 L
6 3 4 3 R
6 4 6 19 U
6 5 5 27 D
6 6 6 29 D
6 7 0 39 L
6 8 6 8 R
6 9 4 27 D
6 10 8 26 D
6 11 17 11 R
6 12 6 34 L
6 13 6 3 R
6 14 2 42 L
6 15 6 15 U
6 16 3 1 R
6 17 0 3 R
6 18 5 38 L
6 19 4 37 L
6 20 4 35 L
6 21 2 21 U
6 22 6 22 U
6 23 5 43 L
6 24 6 36 L
6 25 2 18 U
6 26 5 26 D
6 27 5 27 D
6 28 5 38 L
6 29 7 29 D
6 30 6 30 D
6 31 5 31 D
6 32 5 32 D
6 33 8 33 D
6 34 3 0 R
6 35 4 16 U
6 36 0 1 R
6 37 2 15 U
6 38 6 38 L
6 39 7 39 L
6 40 5 40 L
6 41 6 41 L
6 42 3 42 L
6 43 0 19 U
6 44 9 25 D
6 45 11 45 L
7 0 0 25 D
7 1 4 31 D
7 2 1 12 U
7 3 5 14 U
7 4 5 20 U
7 5 7 25 D
7 6 3 6 R
7 7 2 7 R
7 8 4 30 D
7 9 6 21 U
7 10 7 21 U
7 11 15 11 R
7 12 0 0 R
7 13 4 2 R
7 14 6 5 R
7 15 5 4 R
7 16 4 9 R
7 17 4 3 R
7 18 6 6 R
7 19 7 19 U
7 20 6 7 R
7 21 7 21 U
7 22 7 44 L
7 23 7 8 R
7 24 1 5 R
7 25 6 40 L
7 26 7 1 R
7 27 6 39 L
7 28 9 36 L
7 29 10 34 L
7 30 5 30 D
7 31 6 31 D
7 32 4 1 R
7 33 5 33 D
7 34 4 17 U
7 35 1 18 U
7 36 6 15 U
7 37 6 9 R
7 38 2 20 U
7 39 10 14 U
7 40 6 40 L
7 41 7 41 L
7 42 7 29 D
7 43 4 10 R
7 44 10 44 L
7 45 18 16 U
8 0 4 23 D
8 1 8 30 D
8 2 0 33 D
8 3 4 22 U
8 4 10 16 U
8 5 7 33 D
8 6 2 17 U
8 7 13 7 R
8 8 0 38 L
8 9 9 29 D
8 10 10 10 R
8 11 16 27 D
8 12 7 24 D
8 13 8 8 R
8 14 4 25 D
8 15 6 43 L
8 16 7 42 L
8 17 8 2 R
8 18 8 40 L
8 19 9 41 L
8 20 2 44 L
8 21 8 37 L
8 22 7 22 U
8 23 7 3 R
8 24 8 0 R
8 25 8 8 R
8 26 9 34 L
8 27 10 43 L
8 28 9 28 D
8 29 10 29 D
8 30 9 37 L
8 31 13 37 L
8 32 14 32 D
8 33 6 33 D
8 34 1 13 U
8 35 1 24 D
8 36 8 29 D
8 37 7 12 U
8 38 5 13 U
8 39 9 39 L
8 40 8 23 D
8 41 9 17 U
8 42 0 12 U
8 43 5 25 D
8 44 0 26 D
8 45 7 45 L
9 0 9 23 D
9 1 6 15 U
9 2 4 14 U
9 3 8 28 D
9 4 5 37 L
9 5 5 21 U
9 6 11 6 R
9 7 1 7 R
9 8 7 16 U
9 9 4 24 D
9 10 1 36 L
9 11 13 11 R
9 12 0 10 R
9 13 2 34 L
9 14 7 35 L
9 15 9 15 U
9 16 9 16 U
9 17 10 4 R
9 18 10 38 L
9 19 9 19 U
9 20 0 4 R
9 21 8 21 U
9 22 10 40 L
9 23 8 1 R
9 24 6 34 L
9 25 9 3 R
9 26 9 26 D
9 27 8 27 D
9 28 8 28 D
9 29 7 2 R
9 30 9 30 D
9 31 13 31 D
9 32 5 11 R
9 33 0 20 U
9 34 8 24 D
9 35 0 14 U
9 36 9 36 L
9 37 0 5 R
9 38 9 20 U
9 39 1 3 R
9 40 7 40 L
9 41 7 24 D
9 42 2 42 L
9 43 11 16 U
9 44 0 17 U
9 45 15 24 D
10 0 8 19 U
10 1 9 15 U
10 2 4 2 R
10 3 6 26 D
10 4 6 37 L
10 5 5 18 U
10 6 10 6 R
10 7 15 15 U
10 8 10 23 D
10 9 4 22 U
10 10 10 30 D
10 11 2 11 R
10 12 8 1 R
10 13 8 36 L
10 14 7 3 R
10 15 3 4 R
10 16 9 9 R
10 17 0 44 L
10 18 12 38 L
10 19 8 19 U
10 20 12 39 L
10 21 10 39 L
10 22 10 22 U
10 23 8 13 U
10 24 10 8 R
10 25 10 4 R
10 26 10 35 L
10 27 11 27 D
10 28 5 36 L
10 29 8 29 D
10 30 11 30 D
10 31 11 31 D
10 32 16 41 L
10 33 0 37 L
10 34 2 0 R
10 35 10 24 D
10 36 10 12 U
10 37 10 17 U
10 38 11 13 U
10 39 2 39 L
10 40 0 14 U
10 41 10 41 L
10 42 11 23 D
10 43 11 43 L
10 44 9 44 L
10 45 4 45 L
11 0 8 25 D
11 1 10 14 U
11 2 8 22 U
11 3 12 15 U
11 4 9 20 U
11 5 8 20 U
11 6 10 25 D
11 7 14 7 R
11 8 9 27 D
11 9 11 9 R
11 10 14 19 U
11 11 14 37 L
11 12 9 10 R
11 13 5 0 R
11 14 9 34 L
11 15 9 1 R
11 16 8 26 D
11 17 3 23 D
11 18 13 18 U
11 19 13 19 U
11 20 10 20 U
11 21 10 21 U
11 22 9 22 U
11 23 11 10 R
11 24 7 10 R
11 25 6 41 L
11 26 10 9 R
11 27 10 27 D
11 28 11 8 R
11 29 7 36 L
11 30 7 43 L
11 31 11 36 L
11 32 9 32 D
11 33 15 2 R
11 34 9 13 U
11 35 10 19 U
11 36 8 12 U
11 37 12 28 D
11 38 10 14 U
11 39 6 39 L
11 40 11 15 U
11 41 13 23 D
11 42 8 42 L
11 43 11 28 D
11 44 2 44 L
11 45 18 45 L
12 0 10 22 U
12 1 12 18 U
12 2 10 2 R
12 3 13 3 R
12 4 6 28 D
12 5 12 5 R
12 6 12 31 D
12 7 12 7 R
12 8 12 27 D
12 9 8 18 U
12 10 13 10 R
12 11 18 30 D
12 12 0 31 D
12 13 11 6 R
12 14 13 0 R
12 15 5 6 R
12 16 11 3 R
12 17 12 17 U
12 18 11 18 U
12 19 10 26 D
12 20 9 20 U
12 21 0 41 L
12 22 11 38 L
12 23 12 43 L
12 24 9 41 L
12 25 12 34 L
12 26 0 15 U
12 27 11 41 L
12 28 11 35 L
12 29 2 29 D
12 30 13 34 L
12 31 12 7 R
12 32 17 32 D
12 33 14 5 R
12 34 6 24 D
12 35 13 16 U
12 36 4 21 U
12 37 12 37 L
12 38 13 20 U
12 39 13 17 U
12 40 14 1 R
12 41 12 41 L
12 42 12 7 R
12 43 4 12 U
12 44 10 13 U
12 45 19 45 L
13 0 0 26 D
13 1 12 1 R
13 2 12 2 R
13 3 12 19 U
13 4 11 16 U
13 5 13 31 D
13 6 11 31 D
13 7 4 16 U
13 8 10 25 D
13 9 16 32 D
13 10 11 10 R
13 11 15 21 U
13 12 9 2 R
13 13 11 2 R
13 14 10 1 R
13 15 13 35 L
13 16 13 2 R
13 17 13 4 R
13 18 10 18 U
13 19 12 19 U
13 20 11 5 R
13 21 9 38 L
13 22 11 22 U
13 23 11 12 U
13 24 3 39 L
13 25 12 25 D
13 26 10 44 L
13 27 13 27 D
13 28 12 4 R
13 29 11 6 R
13 30 12 30 D
13 31 12 5 R
13 32 18 36 L
13 33 16 33 D
13 34 12 23 D
13 35 3 4 R
13 36 12 29 D
13 37 13 31 D
13 38 12 38 L
13 39 3 21 U
13 40 13 40 L
13 41 12 24 D
13 42 13 42 L
13 43 7 3 R
13 44 11 44 L
13 45 13 45 L
14 0 11 17 U
14 1 7 14 U
14 2 11 27 D
14 3 14 18 U
14 4 3 35 L
14 5 3 13 U
14 6 8 33 D
14 7 14 32 D
14 8 12 8 R
14 9 17 9 R
14 10 12 10 R
14 11 19 11 R
14 12 7 6 R
14 13 11 13 U
14 14 0 24 D
14 15 2 25 D
14 16 14 7 R
14 17 13 38 L
14 18 15 38 L
14 19 0 26 D
14 20 13 40 L
14 21 15 36 L
14 22 10 44 L
14 23 13 44 L
14 24 14 8 R
14 25 11 25 D
14 26 5 42 L
14 27 13 35 L
14 28 0 5 R
14 29 15 10 R
14 30 14 34 L
14 31 14 36 L
14 32 18 32 D
14 33 0 35 L
14 34 2 12 U
14 35 13 24 D
14 36 9 27 D
14 37 3 22 U
14 38 14 38 L
14 39 8 20 U
14 40 14 40 L
14 41 0 4 R
14 42 16 23 D
14 43 10 43 L
14 44 14 29 D
14 45 20 28 D
15 0 13 26 D
15 1 3 22 U
15 2 3 33 D
15 3 15 3 R
15 4 16 4 R
15 5 17 22 U
15 6 9 6 R
15 7 5 7 R
15 8 14 30 D
15 9 18 18 U
15 10 14 31 D
15 11 16 11 R
15 12 12 2 R
15 13 9 40 L
15 14 15 14 U
15 15 15 15 U
15 16 12 3 R
15 17 14 17 U
15 18 15 18 U
15 19 3 10 R
15 20 0 27 D
15 21 15 21 U
15 22 14 22 U
15 23 12 0 R
15 24 0 35 L
15 25 10 38 L
15 26 12 11 R
15 27 13 0 R
15 28 7 28 D
15 29 15 12 U
15 30 15 30 D
15 31 15 31 D
15 32 10 40 L
15 33 17 33 D
15 34 15 17 U
15 35 12 13 U
15 36 15 36 L
15 37 15 15 U
15 38 14 16 U
15 39 16 24 D
15 40 3 19 U
15 41 17 41 L
15 42 16 42 L
15 43 5 43 L
15 44 12 44 L
15 45 20 45 L
16 0 15 18 U
16 1 16 23 D
16 2 15 29 D
16 3 14 21 U
16 4 16 18 U
16 5 16 19 U
16 6 3 39 L
16 7 19 25 D
16 8 0 40 L
16 9 25 15 U
16 10 16 10 R
16 11 20 24 D
16 12 14 34 L
16 13 14 0 R
16 14 14 14 U
16 15 14 3 R
16 16 15 37 L
16 17 11 43 L
16 18 14 4 R
16 19 15 43 L
16 20 15 5 R
16 21 12 25 D
16 22 16 3 R
16 23 16 8 R
16 24 15 1 R
16 25 8 42 L
16 26 16 10 R
16 27 1 2 R
16 28 3 2 R
16 29 16 29 D
16 30 16 39 L
16 31 16 41 L
16 33 15 33 D
16 34 13 14 U
16 35 7 28 D
16 36 14 13 U
16 37 16 20 U
16 38 17 16 U
16 39 15 39 L
16 40 15 16 U
16 41 15 41 L
16 42 17 23 D
16 43 16 17 U
16 44 17 26 D
16 45 5 45 L
17 0 3 21 U
17 1 15 13 U
17 2 17 15 U
17 3 0 27 D
17 4 15 4 R
17 5 16 5 R
17 6 18 6 R
17 7 15 17 U
17 8 17 25 D
17 9 25 9 R
17 10 17 10 R
17 11 21 11 R
17 12 11 10 R
17 13 11 34 L
17 14 14 1 R
17 15 17 11 R
17 16 16 2 R
17 17 16 5 R
17 18 0 40 L
17 19 15 19 U
17 20 12 20 U
17 21 16 21 U
17 22 0 1 R
17 23 17 8 R
17 24 15 42 L
17 25 4 35 L
17 26 17 44 L
17 27 0 42 L
17 28 16 11 R
17 29 16 9 R
17 30 2 13 U
17 31 20 35 L
17 33 0 0 R
17 34 11 12 U
17 35 6 4 R
17 36 15 24 D
17 37 16 37 L
17 38 17 38 L
17 39 18 24 D
17 40 16 14 U
17 41 16 28 D
17 42 17 42 L
17 43 17 43 L
17 44 17 44 L
17 45 20 12 U
18 0 2 18 U
18 1 0 21 U
18 2 12 41 L
18 3 10 20 U
18 4 13 17 U
18 5 18 16 U
18 6 19 19 U
18 7 0 16 U
18 8 19 31 D
18 9 28 9 R
18 10 3 22 U
18 11 8 11 R
18 12 1 0 R
18 13 17 3 R
18 14 17 6 R
18 15 18 4 R
18 16 15 35 L
18 17 14 45 L
18 18 15 45 L
18 19 18 5 R
18 20 11 20 U
18 21 0 33 D
18 22 17 22 U
18 23 18 3 R
18 24 18 7 R
18 25 18 2 R
18 26 18 1 R
18 27 18 0 R
18 28 17 34 L
18 29 23 36 L
18 30 18 42 L
18 31 19 31 D
18 33 10 33 D
18 34 18 32 D
18 35 6 22 U
18 36 18 23 D
18 37 18 12 U
18 38 17 13 U
18 39 18 39 L
18 40 17 12 U
18 41 18 15 U
18 42 18 25 D
18 43 9 19 U
18 44 14 15 U
18 45 19 13 U
19 0 18 24 D
19 1 18 37 L
19 2 19 14 U
19 3 18 15 U
19 4 22 25 D
19 5 22 17 U
19 6 16 6 R
19 7 22 7 R
19 8 22 31 D
19 9 28 27 D
19 10 19 30 D
19 11 22 11 R
19 12 18 9 R
19 13 18 27 D
19 14 19 34 L
19 15 8 40 L
19 16 17 2 R
19 17 16 45 L
19 18 12 43 L
19 19 15 34 L
19 20 20 45 L
19 21 13 21 U
19 22 7 2 R
19 23 14 44 L
19 24 18 39 L
19 25 15 41 L
19 26 19 26 D
19 27 15 14 U
19 28 12 8 R
19 29 24 29 D
19 30 17 43 L
19 31 21 35 L
19 33 22 37 L
19 34 18 13 U
19 35 11 26 D
19 36 19 21 U
19 37 15 22 U
19 38 19 24 D
19 39 0 4 R
19 40 13 26 D
19 41 20 28 D
19 42 19 24 D
19 43 20 27 D
19 44 13 44 L
19 45 23 5 R
20 0 20 23 D
20 1 20 22 U
20 2 0 25 D
20 3 2 36 L
20 4 20 4 R
20 5 23 5 R
20 6 20 6 R
20 7 15 7 R
20 8 24 19 U
20 9 22 9 R
20 10 16 27 D
20 11 27 11 R
20 12 19 7 R
20 13 13 37 L
20 14 18 42 L
20 15 19 6 R
20 16 0 39 L
20 17 19 17 U
20 18 19 1 R
20 19 20 19 U
20 20 19 20 U
20 21 14 11 R
20 22 19 22 U
20 23 16 13 U
20 24 15 3 R
20 25 12 10 R
20 26 19 45 L
20 27 20 27 D
20 28 19 3 R
20 29 23 29 D
20 30 20 30 D
20 31 18 31 D
20 33 23 33 D
20 34 3 16 U
20 35 15 20 U
20 36 19 3 R
20 37 21 20 U
20 38 23 13 U
20 39 4 39 L
20 40 25 5 R
20 41 23 25 D
20 42 19 42 L
20 44 11 21 U
20 45 24 13 U
21 0 17 19 U
21 1 1 27 D
21 2 18 14 U
21 3 19 45 L
21 4 22 4 R
21 5 21 29 D
21 6 19 6 R
21 7 21 7 R
21 8 21 8 R
21 9 27 18 U
21 10 0 15 U
21 11 0 30 D
21 12 19 0 R
21 13 20 1 R
21 14 18 45 L
21 15 21 39 L
21 16 0 31 D
21 17 21 38 L
21 18 0 0 R
21 19 14 41 L
21 20 23 2 R
21 21 22 41 L
21 22 8 24 D
21 23 10 2 R
21 24 17 11 R
21 25 20 44 L
21 26 10 3 R
21 27 0 6 R
21 28 22 35 L
21 29 22 29 D
21 30 19 45 L
21 31 18 0 R
21 33 4 33 D
21 34 12 12 U
21 35 17 4 R
21 36 24 29 D
21 37 10 37 L
21 38 19 38 L
21 39 21 12 U
21 40 24 40 L
21 41 23 41 L
21 42 29 26 D
21 44 9 13 U
21 45 22 45 L
22 0 7 19 U
22 1 22 15 U
22 2 20 12 U
22 3 7 31 D
22 4 14 35 L
22 5 21 5 R
22 6 22 23 D
22 7 21 30 D
22 8 25 8 R
22 9 29 9 R
22 10 27 10 R
22 12 11 40 L
22 13 21 4 R
22 14 18 14 U
22 15 22 15 U
22 16 20 16 U
22 17 15 17 U
22 18 23 28 D
22 19 18 37 L
22 20 22 41 L
22 21 23 21 U
22 22 24 22 U
22 23 21 34 L
22 24 18 3 R
22 25 23 34 L
22 26 20 7 R
22 27 17 6 R
22 28 20 28 D
22 29 24 2 R
22 30 23 30 D
22 31 22 31 D
22 33 26 33 D
22 34 21 24 D
22 35 19 18 U
22 36 24 36 L
22 37 21 37 L
22 38 19 23 D
22 39 8 39 L
22 40 27 40 L
22 41 22 20 U
22 42 18 42 L
22 44 23 44 L
22 45 21 45 L
23 0 23 19 U
23 1 21 1 R
23 2 21 18 U
23 3 21 21 U
23 4 0 36 L
23 5 19 15 U
23 6 19 29 D
23 7 6 7 R
23 8 22 8 R
23 9 23 9 R
23 10 26 30 D
23 12 22 0 R
23 13 20 2 R
23 14 17 14 U
23 15 23 15 U
23 16 18 16 U
23 17 22 17 U
23 18 22 18 U
23 19 22 27 D
23 20 20 20 U
23 21 20 21 U
23 22 22 22 U
23 23 23 23 D
23 24 21 24 D
23 25 21 8 R
23 26 15 36 L
23 27 22 34 L
23 28 10 2 R
23 29 20 35 L
23 30 22 30 D
23 31 24 0 R
23 34 19 25 D
23 35 23 26 D
23 36 23 36 L
23 37 24 28 D
23 38 3 38 L
23 39 24 39 L
23 40 26 26 D
23 41 21 41 L
23 42 29 19 U
23 44 24 44 L
23 45 9 0 R
24 0 15 32 D
24 1 21 12 U
24 2 2 35 L
24 3 18 3 R
24 4 22 16 U
24 5 20 5 R
24 6 0 31 D
24 7 21 45 L
24 8 22 38 L
24 9 27 27 D
24 10 24 10 R
24 12 23 34 L
24 13 24 1 R
24 14 20 7 R
24 15 24 4 R
24 16 24 39 L
24 17 25 1 R
24 18 3 28 D
24 19 0 30 D
24 20 21 20 U
24 21 22 21 U
24 22 3 33 D
24 23 22 5 R
24 24 17 3 R
24 25 24 5 R
24 26 0 21 U
24 27 23 45 L
24 28 23 28 D
24 29 24 36 L
24 30 11 41 L
24 31 25 31 D
24 34 18 22 U
24 35 20 14 U
24 36 16 26 D
24 37 0 18 U
24 38 27 14 U
24 39 0 12 U
24 40 27 26 D
24 41 21 23 D
24 42 20 42 L
24 44 20 44 L
24 45 25 45 L
25 0 10 13 U
25 1 24 13 U
25 2 25 25 D
25 3 0 15 U
25 4 18 20 U
25 5 13 12 U
25 6 1 6 R
25 7 25 29 D
25 8 23 15 U
25 9 27 9 R
25 10 20 41 L
25 12 19 38 L
25 13 19 8 R
25 14 1 42 L
25 15 24 15 U
25 16 7 24 D
25 17 18 17 U
25 18 17 27 D
25 19 6 19 U
25 20 24 45 L
25 21 19 6 R
25 22 21 22 U
25 23 23 4 R
25 24 21 45 L
25 25 25 37 L
25 26 0 18 U
25 27 29 38 L
25 28 25 28 D
25 29 27 10 R
25 30 26 40 L
25 31 17 31 D
25 34 14 5 R
25 35 23 24 D
25 36 22 24 D
25 37 9 16 U
25 38 27 38 L
25 39 25 39 L
25 40 25 21 U
25 41 24 14 U
25 42 8 1 R
25 44 27 44 L
25 45 23 2 R
26 0 19 22 U
26 1 25 15 U
26 2 19 34 L
26 3 9 3 R
26 4 26 13 U
26 5 25 20 U
26 6 12 6 R
26 7 19 18 U
26 8 26 8 R
26 9 21 16 U
26 10 26 10 R
26 12 23 1 R
26 13 25 37 L
26 14 27 36 L
26 15 21 37 L
26 16 26 16 U
26 17 26 8 R
26 18 25 6 R
26 19 20 31 D
26 20 25 45 L
26 21 27 7 R
26 22 20 22 U
26 23 26 2 R
26 24 0 3 R
26 25 23 38 L
26 26 27 40 L
26 27 28 27 D
26 28 26 35 L
26 29 28 45 L
26 30 27 30 D
26 31 27 8 R
26 34 25 12 U
26 35 26 23 D
26 36 23 28 D
26 37 25 15 U
26 38 27 29 D
26 39 0 19 U
26 40 26 30 D
26 41 21 26 D
26 42 32 42 L
26 44 28 25 D
26 45 19 17 U
27 0 26 0 R
27 1 20 28 D
27 2 26 14 U
27 3 21 25 D
27 4 27 33 D
27 5 17 5 R
27 6 0 17 U
27 7 27 22 U
27 8 25 25 D
27 9 18 9 R
27 10 23 10 R
27 12 24 34 L
27 13 25 7 R
27 14 27 2 R
27 15 20 38 L
27 16 26 4 R
27 17 9 4 R
27 18 27 40 L
27 19 26 19 U
27 20 23 20 U
27 21 27 21 U
27 22 23 10 R
27 23 9 39 L
27 24 26 0 R
27 25 26 10 R
27 26 25 40 L
27 27 29 27 D
27 28 26 28 D
27 29 26 29 D
27 30 25 8 R
27 31 23 41 L
27 34 24 16 U
27 35 27 24 D
27 36 26 12 U
27 37 26 25 D
27 38 20 3 R
27 39 22 39 L
27 40 26 40 L
27 41 26 17 U
27 42 31 42 L
27 44 29 44 L
27 45 27 45 L
28 0 20 19 U
28 1 28 12 U
28 2 8 21 U
28 3 25 28 D
28 4 28 29 D
28 5 0 22 U
28 6 31 20 U
28 7 25 16 U
28 8 27 8 R
28 9 31 29 D
28 10 27 27 D
28 12 26 7 R
28 13 6 1 R
28 14 29 37 L
28 15 0 3 R
28 16 23 36 L
28 17 29 42 L
28 18 24 3 R
28 19 29 9 R
28 20 27 20 U
28 21 8 44 L
28 22 28 44 L
28 23 28 34 L
28 24 27 4 R
28 25 0 11 R
28 26 26 8 R
28 27 21 27 D
28 28 24 39 L
28 29 29 29 D
28 30 27 35 L
28 31 21 31 D
28 34 22 14 U
28 35 28 24 D
28 36 22 36 L
28 37 28 13 U
28 38 28 7 R
28 39 1 2 R
28 40 0 10 R
28 41 20 41 L
28 42 30 42 L
28 44 28 44 L
28 45 24 23 D
29 0 19 23 D
29 1 28 1 R
29 2 27 26 D
29 3 22 19 U
29 4 28 4 R
29 5 0 36 L
29 7 26 20 U
29 9 31 9 R
29 10 15 10 R
29 12 26 36 L
29 13 27 9 R
29 14 25 14 U
29 15 26 15 U
29 16 22 16 U
29 17 28 40 L
29 18 25 18 U
29 19 21 3 R
29 20 28 45 L
29 21 19 42 L
29 22 28 22 U
29 23 28 0 R
29 24 2 44 L
29 25 13 2 R
29 26 28 9 R
29 27 20 6 R
29 28 31 36 L
29 29 30 5 R
29 30 30 37 L
29 31 28 4 R
29 34 13 0 R
29 35 27 30 D
29 36 27 12 U
29 37 30 23 D
29 38 29 26 D
29 39 29 39 L
29 40 29 40 L
29 41 30 17 U
29 42 29 42 L
29 44 22 44 L
29 45 21 2 R
30 0 2 34 L
30 1 27 13 U
30 2 31 24 D
30 3 14 24 D
30 4 29 30 D
30 5 31 5 R
30 7 25 21 U
30 9 32 16 U
30 10 31 15 U
30 12 28 7 R
30 13 28 9 R
30 14 25 39 L
30 15 27 1 R
30 16 23 4 R
30 17 31 3 R
30 18 21 18 U
30 19 30 41 L
30 20 29 5 R
30 21 28 21 U
30 22 32 42 L
30 23 31 0 R
30 24 30 35 L
30 25 17 14 U
30 26 31 35 L
30 27 21 4 R
30 28 30 28 D
30 29 31 29 D
30 30 31 30 D
30 31 27 31 D
30 34 29 12 U
30 35 29 13 U
30 36 24 15 U
30 37 8 37 L
30 38 33 24 D
30 39 13 28 D
30 41 31 41 L
30 42 32 25 D
30 44 26 27 D
30 45 0 1 R
31 0 31 23 D
31 1 29 25 D
31 2 30 2 R
31 3 30 16 U
31 4 24 4 R
31 5 30 30 D
31 7 6 14 U
31 9 32 17 U
31 10 20 10 R
31 12 29 34 L
31 13 28 35 L
31 14 29 45 L
31 15 30 15 U
31 16 30 9 R
31 17 32 10 R
31 18 31 18 U
31 19 31 19 U
31 20 28 41 L
31 21 26 21 U
31 22 32 22 U
31 23 30 0 R
31 24 28 41 L
31 25 30 25 D
31 26 31 26 D
31 27 15 5 R
31 28 33 36 L
31 29 29 20 U
31 30 30 30 D
31 31 33 42 L
31 34 28 12 U
31 35 30 29 D
31 36 4 36 L
31 37 32 12 U
31 38 33 38 L
31 39 30 39 L
31 41 30 18 U
31 42 33 42 L
31 44 15 44 L
31 45 31 45 L
32 0 29 15 U
32 1 30 19 U
32 2 29 19 U
32 3 20 27 D
32 4 31 28 D
32 5 30 5 R
32 9 30 22 U
32 12 30 45 L
32 13 31 34 L
32 14 32 35 L
32 15 7 28 D
32 16 30 39 L
32 17 13 31 D
32 18 22 26 D
32 19 30 19 U
32 20 31 39 L
32 21 0 0 R
32 22 27 22 U
32 23 25 35 L
32 24 32 0 R
32 25 28 25 D
32 26 32 37 L
32 27 33 37 L
32 28 32 28 D
32 29 30 29 D
32 30 32 34 L
32 31 32 31 D
32 34 25 23 D
32 35 23 20 U
32 36 25 31 D
32 37 31 28 D
32 38 31 38 L
32 39 24 14 U
32 41 24 7 R
32 42 33 20 U
33 0 30 13 U
33 1 12 17 U
33 2 32 2 R
33 3 33 3 R
33 4 32 4 R
33 5 31 17 U
33 12 31 9 R
33 13 31 0 R
33 14 22 9 R
33 15 15 2 R
33 16 32 16 U
33 17 33 17 U
33 18 33 18 U
33 19 30 5 R
33 20 30 6 R
33 21 29 21 U
33 22 31 22 U
33 23 32 41 L
33 24 33 4 R
33 25 33 3 R
33 26 33 9 R
33 27 23 27 D
33 28 31 38 L
33 29 6 0 R
33 30 4 9 R
33 31 33 31 D
33 34 31 12 U
33 35 32 13 U
33 36 32 23 D
33 37 29 1 R
33 38 30 38 L
33 39 33 18 U
33 41 9 41 L
34 0 18 17 U
34 4 7 12 U
34 12 5 11 R
34 38 20 16 U

