10 9 77
8 8 0 0 0 0 0 0 0 7 6
0 0 0 5 6 0 0 0 0 0 4
0 0 0 9 0 3 1 0 6 0 0
0 2 6 1 0 0 0 0 0 0 6
0 0 0 5 0 8 0 0 0 7 7
0 0 9 0 8 0 6 0 4 0 0
0 0 0 0 4 0 0 0 7 0 1
0 3 5 0 0 0 0 0 0 0 0
5 0 4 0 0 0 0 1 6 1 0
0 0 6 4 0 0 0 0 0 1 0
5 3 0 2 8 0 0 0 0 5 0
0 0 0 0 L
0 1 0 1 L
0 2 0 2 R
0 3 0 3 R
0 4 0 4 D
0 5 0 5 D
0 6 0 6 D
0 7 0 7 U
0 8 0 8 U
1 0 0 7 U
1 1 3 7 U
1 2 0 0 L
1 3 0 1 L
1 4 3 4 D
1 5 5 3 R
1 6 5 6 D
1 7 0 1 L
1 8 5 5 D
2 0 3 5 D
2 1 0 8 U
2 2 4 2 R
2 3 3 3 R
2 4 1 3 R
2 5 1 2 R
2 6 6 6 D
2 7 1 0 L
2 8 1 3 R
3 0 2 8 U
3 1 0 4 D
3 2 2 2 R
3 3 4 3 R
3 4 0 2 R
3 5 5 7 U
3 6 1 3 R
3 7 0 3 R
3 8 0 3 R
4 0 2 0 L
4 1 2 1 L
4 2 0 5 D
4 3 0 7 U
4 4 1 0 L
4 5 5 0 L
4 6 6 2 R
4 7 0 2 R
4 8 0 4 D
5 0 2 4 D
5 1 0 5 D
5 2 1 1 L
5 3 7 3 R
5 4 2 8 U
5 5 4 5 D
5 6 6 6 D
5 7 4 3 R
5 8 2 8 U
6 0 7 7 U
6 1 7 4 D
6 2 0 4 D
6 3 4 0 L
6 4 0 3 R
6 7 5 3 R
6 8 8 6 D
7 0 5 5 D
7 1 1 1 L
7 2 3 1 L
7 3 5 8 U
7 4 0 0 L
7 5 4 8 U
7 7 3 7 U
7 8 3 1 L
8 0 3 6 D
8 1 2 5 D
8 2 1 8 U
8 3 3 3 R
8 4 0 7 U
8 7 7 2 R
9 0 1 6 D
9 4 2 2 R

