29 44 1151
5 23 2 19 3 18 0 23 25 0 25 15 17 0 16 9 0 24 0 27
7 23 14 20 11 0 7 7 0 8 22 0 0 16 10 12 4 8 2 0
26 27 18 0 27 17 25 0 26 21 26 24 15 17 23 16 20 11 2 0
7 0 15 16 0 21 12 0 2 25 0 25 16 6 0 12 0 12 19 10
3 23 16 14 25 22 16 24 5 17 0 20 19 24 0 23 21 21 0 17
15 0 27 26 26 1 18 6 16 25 26 25 0 20 21 20 3 21 0 24
13 26 24 0 0 26 23 23 17 0 24 25 0 18 20 20 2 25 8 0
5 11 8 18 28 18 26 21 0 23 0 0 24 25 21 0 26 26 14 0
0 23 0 17 21 0 23 0 24 0 19 0 21 0 25 26 27 0 0 25
23 0 15 18 0 17 2 23 0 20 21 0 0 19 20 24 22 0 18 12
5 22 16 0 26 0 0 19 14 15 0 0 26 0 0 25 19 27 0 11
0 18 27 0 22 27 8 15 17 0 15 15 16 19 21 26 8 17 0 12
23 19 21 17 0 0 19 19 27 18 18 0 26 0 0 26 0 25 24 18
24 0 21 20 27 0 0 0 28 0 28 0 0 26 28 0 21 15 22 19
0 2 20 25 22 21 0 0 21 17 22 0 22 0 15 20 0 9 0 16
23 0 19 24 1 25 0 10 16 18 5 26 16 9 20 0 20 13 4 5
19 21 0 23 0 26 26 18 25 0 9 0 0 24 2 0 22 17 20 16
22 21 24 0 23 0 0 3 7 17 19 25 27 0 0 8 25 23 13 7
7 0 6 22 0 25 18 20 0 14 19 0 27 16 7 20 9 19 14 17
2 1 2 18 23 24 0 18 18 17 0 24 10 24 8 25 24 23 7 20
0 0 0 0 U
0 1 0 1 U
0 2 0 2 U
0 3 0 3 U
0 4 0 4 U
0 5 0 5 U
0 6 0 6 U
0 7 0 7 U
0 8 0 8 U
0 9 0 9 U
0 10 0 10 U
0 11 0 11 R
0 12 0 12 R
0 13 0 13 R
0 14 0 14 R
0 15 0 15 R
0 16 0 16 R
0 17 0 17 R
0 18 0 18 R
0 19 0 19 R
0 20 0 20 R
0 21 0 21 R
0 22 0 22 D
0 23 0 23 D
0 24 0 24 D
0 25 0 25 D
0 26 0 26 D
0 27 0 27 D
0 28 0 28 D
0 29 0 29 D
0 30 0 30 D
0 31 0 31 D
0 32 0 32 D
0 33 0 33 L
0 34 0 34 L
0 35 0 35 L
0 36 0 36 L
0 37 0 37 L
0 38 0 38 L
0 39 0 39 L
0 40 0 40 L
0 41 0 41 L
0 42 0 42 L
0 43 0 43 L
1 0 0 11 R
1 1 0 13 R
1 2 0 14 R
1 3 0 37 L
1 4 0 16 R
1 5 0 17 R
1 6 0 19 R
1 7 0 24 D
1 8 0 30 D
1 9 3 42 L
1 10 9 19 R
1 11 0 33 L
1 12 0 22 D
1 13 0 34 L
1 14 0 24 D
1 15 0 36 L
1 16 0 26 D
1 17 0 3 U
1 18 0 39 L
1 19 0 40 L
1 20 4 41 L
1 21 0 40 L
1 22 0 0 U
1 23 0 12 R
1 24 0 34 L
1 25 0 37 L
1 26 0 3 U
1 27 0 4 U
1 28 0 5 U
1 29 0 18 R
1 30 0 36 L
1 31 2 42 L
1 32 3 17 R
1 33 0 22 D
1 34 0 23 D
1 35 0 13 R
1 36 1 24 D
1 37 0 14 R
1 38 1 27 D
1 39 2 5 U
1 40 0 29 D
1 41 0 1 U
1 42 0 5 U
1 43 1 9 U
2 0 1 33 L
2 1 0 23 D
2 2 0 15 R
2 3 0 38 L
2 4 2 4 U
2 5 2 28 D
2 6 1 6 U
2 7 3 7 U
2 8 4 8 U
2 9 4 42 L
2 10 2 10 U
2 11 1 11 R
2 12 0 0 U
2 13 0 1 U
2 14 1 2 U
2 15 2 15 R
2 16 3 27 D
2 17 2 17 R
2 18 1 18 R
2 19 2 19 R
2 20 4 20 R
2 21 2 21 R
2 22 1 22 D
2 23 0 35 L
2 24 0 2 U
2 25 1 25 D
2 26 1 26 D
2 27 2 27 D
2 28 1 28 D
2 29 0 17 R
2 30 4 30 D
2 31 0 43 L
2 32 2 32 D
2 33 0 12 R
2 34 0 1 U
2 35 2 35 L
2 36 1 36 L
2 37 0 25 D
2 38 1 38 L
2 39 0 3 U
2 40 2 40 L
2 41 1 41 L
2 42 1 29 D
2 43 4 43 L
3 0 1 0 U
3 1 0 35 L
3 2 2 2 U
3 3 0 16 R
3 4 2 15 R
3 5 2 40 L
3 6 2 6 U
3 7 1 7 U
3 8 3 8 U
3 9 0 18 R
3 10 4 10 U
3 11 2 11 R
3 12 0 27 D
3 13 0 37 L
3 14 1 14 R
3 15 1 25 D
3 16 0 6 U
3 17 0 9 U
3 18 4 31 D
3 19 3 19 R
3 20 3 20 R
3 21 1 21 R
3 22 0 33 L
3 23 0 13 R
3 24 2 24 D
3 25 0 0 U
3 26 0 16 R
3 27 4 27 D
3 28 1 39 L
3 29 1 29 D
3 30 1 30 D
3 31 1 31 D
3 32 5 34 L
3 33 0 6 U
3 34 0 0 U
3 35 0 12 R
3 36 0 7 U
3 37 0 8 U
3 38 0 23 D
3 39 3 39 L
3 40 0 1 U
3 41 3 41 L
3 42 0 9 U
3 43 3 9 U
4 0 0 12 R
4 1 4 19 R
4 2 1 20 R
4 3 4 3 U
4 4 3 4 U
4 5 1 5 U
4 6 0 16 R
4 7 0 34 L
4 8 2 8 U
4 9 4 43 L
4 10 6 10 U
4 11 3 11 R
4 12 0 7 U
4 13 3 13 R
4 14 2 14 R
4 15 1 15 R
4 16 1 28 D
4 17 0 31 D
4 18 3 18 R
4 19 0 24 D
4 20 2 20 R
4 21 3 21 R
4 22 3 22 D
4 23 0 19 R
4 24 0 38 L
4 25 2 25 D
4 26 3 26 D
4 27 0 37 L
4 28 4 28 D
4 29 0 21 R
4 30 2 30 D
4 31 0 41 L
4 32 5 32 D
4 33 2 33 L
4 34 0 2 U
4 35 4 35 L
4 36 3 36 L
4 37 0 24 D
4 38 4 38 L
4 39 4 39 L
4 40 0 26 D
4 41 4 41 L
4 42 1 25 D
4 43 0 27 D
5 0 3 18 R
5 1 5 1 U
5 2 0 11 R
5 3 4 35 L
5 4 2 41 L
5 5 0 26 D
5 6 5 36 L
5 7 3 19 R
5 8 5 14 R
5 9 4 34 L
5 10 7 38 L
5 11 4 11 R
5 12 0 2 U
5 13 1 24 D
5 14 0 5 U
5 15 6 6 U
5 16 5 23 D
5 17 7 22 D
5 18 4 18 R
5 19 0 28 D
5 20 0 8 U
5 21 3 40 L
5 22 0 11 R
5 23 0 15 R
5 24 0 14 R
5 25 4 20 R
5 26 0 34 L
5 27 6 39 L
5 28 0 34 L
5 29 3 29 D
5 30 0 4 U
5 31 9 31 D
5 32 6 32 D
5 33 5 2 U
5 34 3 34 L
5 35 4 11 R
5 36 0 4 U
5 37 8 37 L
5 38 6 38 L
5 39 4 32 D
5 40 1 29 D
5 41 1 27 D
5 42 5 42 L
5 43 8 43 L
6 0 0 22 D
6 1 4 1 U
6 2 1 11 R
6 3 2 40 L
6 4 0 33 L
6 5 2 19 R
6 6 3 38 L
6 7 5 7 U
6 8 6 12 R
6 9 6 9 U
6 10 10 10 U
6 11 0 4 U
6 12 1 5 U
6 13 5 13 R
6 14 4 6 U
6 15 6 15 R
6 16 9 31 D
6 17 8 17 R
6 18 2 27 D
6 19 0 22 D
6 20 5 20 R
6 21 4 21 R
6 22 6 34 L
6 23 0 20 R
6 24 3 24 D
6 25 8 36 L
6 26 7 26 D
6 27 5 27 D
6 28 1 13 R
6 29 5 29 D
6 30 6 30 D
6 31 3 31 D
6 32 8 32 D
6 33 5 7 U
6 34 0 30 D
6 35 5 35 L
6 36 5 36 L
6 37 4 37 L
6 38 4 17 R
6 39 3 6 U
6 40 8 10 U
6 41 6 41 L
6 42 6 42 L
6 43 5 43 L
7 0 7 42 L
7 1 1 11 R
7 2 3 2 U
7 3 0 21 R
7 4 5 12 R
7 5 0 40 L
7 6 3 35 L
7 7 6 11 R
7 8 5 8 U
7 9 7 9 U
7 10 8 10 U
7 11 0 22 D
7 12 1 7 U
7 13 6 27 D
7 14 2 33 L
7 15 0 0 U
7 16 4 43 L
7 17 7 17 R
7 18 0 34 L
7 19 0 1 U
7 20 8 4 U
7 21 5 21 R
7 22 3 39 L
7 23 6 15 R
7 24 0 33 L
7 25 7 39 L
7 26 8 26 D
7 27 2 36 L
7 28 0 37 L
7 29 7 29 D
7 30 4 12 R
7 31 12 19 R
7 32 3 32 D
7 33 0 32 D
7 34 2 0 U
7 35 0 19 R
7 36 6 36 L
7 37 7 25 D
7 38 9 38 L
7 39 2 39 L
7 40 5 40 L
7 41 2 41 L
7 42 7 42 L
7 43 8 1 U
8 0 5 38 L
8 1 9 37 L
8 2 6 2 U
8 3 7 3 U
8 4 5 41 L
8 5 8 5 U
8 6 4 6 U
8 7 7 7 U
8 8 6 8 U
8 9 9 9 U
8 10 0 23 D
8 11 2 7 U
8 12 8 12 R
8 13 6 13 R
8 14 8 14 R
8 15 7 24 D
8 16 9 40 L
8 17 6 17 R
8 18 9 18 R
8 19 7 19 R
8 20 11 26 D
8 21 6 21 R
8 22 1 33 L
8 23 0 9 U
8 24 9 24 D
8 25 5 37 L
8 26 0 19 R
8 27 5 12 R
8 28 9 28 D
8 29 6 29 D
8 30 0 13 R
8 31 11 31 D
8 32 7 32 D
8 33 5 22 D
8 34 2 34 L
8 35 9 23 D
8 36 2 36 L
8 37 9 25 D
8 38 8 38 L
8 39 9 26 D
8 40 4 8 U
8 41 5 41 L
8 42 8 42 L
8 43 11 43 L
9 0 0 42 L
9 1 0 37 L
9 2 9 21 R
9 3 9 3 U
9 4 9 18 R
9 5 6 16 R
9 6 0 32 D
9 7 3 34 L
9 8 1 8 U
9 9 8 9 U
9 10 3 10 U
9 11 0 23 D
9 12 0 25 D
9 13 6 7 U
9 14 2 1 U
9 15 9 15 R
9 16 12 16 R
9 17 5 17 R
9 18 8 5 U
9 19 6 19 R
9 20 8 20 R
9 21 3 25 D
9 22 5 15 R
9 23 5 23 D
9 24 8 24 D
9 25 5 40 L
9 26 10 39 L
9 27 9 27 D
9 28 7 28 D
9 29 9 11 R
9 30 7 30 D
9 31 12 31 D
9 32 0 12 R
9 33 3 5 U
9 34 1 34 L
9 35 7 35 L
9 36 8 29 D
9 37 1 31 D
9 38 7 38 L
9 39 6 39 L
9 40 7 40 L
9 41 2 4 U
9 42 8 22 D
9 43 7 43 L
10 0 6 34 L
10 1 9 36 L
10 2 9 36 L
10 3 0 14 R
10 4 13 19 R
10 5 2 5 U
10 6 16 6 U
10 7 7 23 D
10 8 8 17 R
10 9 8 42 L
10 10 9 10 U
10 11 5 10 U
10 12 0 10 U
10 13 10 13 R
10 14 6 14 R
10 15 6 23 D
10 16 7 16 R
10 17 4 29 D
10 18 5 33 L
10 19 11 27 D
10 20 11 20 R
10 21 12 4 U
10 22 5 14 R
10 23 2 23 D
10 24 2 11 R
10 25 0 38 L
10 26 11 26 D
10 27 11 34 L
10 28 12 39 L
10 29 10 29 D
10 30 9 30 D
10 31 2 31 D
10 32 9 32 D
10 33 7 32 D
10 34 6 1 U
10 35 6 24 D
10 36 7 23 D
10 37 3 37 L
10 38 0 22 D
10 39 11 22 D
10 40 9 40 L
10 41 0 12 R
10 42 1 23 D
10 43 12 43 L
11 0 10 15 R
11 1 9 1 U
11 2 11 2 U
11 3 11 3 U
11 4 12 4 U
11 5 5 5 U
11 6 14 6 U
11 7 13 7 U
11 8 9 8 U
11 9 0 35 L
11 10 6 33 L
11 11 11 11 R
11 12 8 2 U
11 13 0 26 D
11 14 6 2 U
11 15 10 15 R
11 16 11 16 R
11 17 3 17 R
11 18 12 18 R
11 19 8 19 R
11 20 2 43 L
11 21 13 21 R
11 22 7 38 L
11 23 8 33 L
11 24 8 18 R
11 25 12 25 D
11 26 10 26 D
11 27 11 27 D
11 28 10 28 D
11 29 8 29 D
11 30 0 9 U
11 31 10 31 D
11 32 8 17 R
11 33 10 10 U
11 34 9 7 U
11 35 4 22 D
11 36 0 20 R
11 37 10 37 L
11 38 0 24 D
11 39 13 39 L
11 40 11 40 L
11 41 14 41 L
11 42 10 42 L
11 43 10 43 L
12 0 11 0 U
12 1 11 43 L
12 2 2 15 R
12 3 7 11 R
12 4 13 4 U
12 5 11 33 L
12 6 12 6 U
12 7 8 7 U
12 8 13 8 U
12 9 3 37 L
12 10 7 10 U
12 11 0 32 D
12 12 2 32 D
12 13 8 13 R
12 14 10 25 D
12 15 7 15 R
12 16 10 16 R
12 17 4 17 R
12 18 5 3 U
12 19 2 31 D
12 20 10 20 R
12 21 0 1 U
12 22 3 11 R
12 23 11 23 D
12 24 9 16 R
12 25 10 25 D
12 26 9 13 R
12 27 13 27 D
12 28 13 28 D
12 29 4 29 D
12 30 8 30 D
12 31 12 1 U
12 32 3 12 R
12 33 4 5 U
12 34 9 34 L
12 35 13 35 L
12 36 10 36 L
12 37 11 22 D
12 38 11 38 L
12 39 12 39 L
12 40 10 40 L
12 41 12 41 L
12 42 4 31 D
12 43 12 3 U
13 0 2 16 R
13 1 16 1 U
13 2 12 13 R
13 3 12 27 D
13 4 8 4 U
13 5 11 5 U
13 6 11 6 U
13 7 10 30 D
13 8 8 13 R
13 9 10 31 D
13 10 14 19 R
13 11 0 30 D
13 12 4 27 D
13 13 10 5 U
13 14 9 8 U
13 15 13 10 U
13 16 4 24 D
13 17 0 22 D
13 18 2 25 D
13 19 11 19 R
13 20 9 20 R
13 21 9 21 R
13 22 0 42 L
13 23 1 23 D
13 24 10 18 R
13 25 0 43 L
13 26 7 21 R
13 27 4 14 R
13 28 0 33 L
13 29 13 34 L
13 30 11 30 D
13 31 13 31 D
13 32 12 32 D
13 33 0 18 R
13 34 1 0 U
13 35 11 19 R
13 36 7 8 U
13 37 8 0 U
13 38 5 0 U
13 39 11 1 U
13 40 15 29 D
13 41 10 41 L
13 42 11 42 L
13 43 9 43 L
14 0 10 20 R
14 1 15 12 R
14 2 7 23 D
14 3 12 3 U
14 4 1 14 R
14 5 3 11 R
14 6 2 33 L
14 7 0 15 R
14 8 14 8 U
14 9 0 25 D
14 10 15 13 R
14 11 1 34 L
14 12 10 3 U
14 13 10 23 D
14 14 16 14 R
14 15 8 28 D
14 16 5 5 U
14 17 13 9 U
14 18 6 35 L
14 19 10 6 U
14 20 0 41 L
14 21 14 21 R
14 22 15 40 L
14 23 13 38 L
14 24 0 39 L
14 25 13 43 L
14 26 10 38 L
14 27 8 11 R
14 28 21 36 L
14 29 16 29 D
14 30 9 14 R
14 31 13 21 R
14 32 9 35 L
14 33 12 0 U
14 34 11 10 U
14 35 1 4 U
14 36 4 4 U
14 37 14 37 L
14 38 13 38 L
14 39 11 39 L
14 40 16 40 L
14 41 14 2 U
14 42 12 42 L
14 43 0 18 R
15 0 11 16 R
15 1 14 33 L
15 2 20 2 U
15 3 14 3 U
15 4 10 4 U
15 5 17 13 R
15 6 7 6 U
15 7 12 7 U
15 8 10 8 U
15 9 19 9 U
15 10 14 38 L
15 11 15 11 R
15 12 11 8 U
15 13 12 38 L
15 14 13 14 R
15 15 8 15 R
15 16 8 16 R
15 17 15 17 R
15 18 16 18 R
15 19 16 27 D
15 20 13 20 R
15 21 15 21 R
15 22 6 17 R
15 23 18 23 D
15 24 17 17 R
15 25 15 43 L
15 26 14 26 D
15 27 16 15 R
15 28 18 28 D
15 29 13 29 D
15 30 18 35 L
15 31 11 38 L
15 32 11 32 D
15 33 4 7 U
15 34 8 27 D
15 35 14 2 U
15 36 16 9 U
15 37 13 37 L
15 38 5 10 U
15 39 14 4 U
15 40 10 29 D
15 41 15 3 U
15 42 11 32 D
15 43 16 43 L
16 0 15 0 U
16 1 17 42 L
16 2 16 2 U
16 3 8 12 R
16 4 0 11 R
16 5 18 5 U
16 6 10 6 U
16 7 16 39 L
16 8 14 37 L
16 9 18 9 U
16 10 11 10 U
16 11 9 32 D
16 12 16 12 R
16 13 17 13 R
16 14 7 26 D
16 15 10 8 U
16 16 9 16 R
16 17 14 17 R
16 18 6 18 R
16 19 16 19 R
16 20 14 20 R
16 21 7 26 D
16 22 8 34 L
16 23 15 23 D
16 24 19 24 D
16 25 17 19 R
16 26 2 26 D
16 27 14 27 D
16 28 11 3 U
16 29 12 29 D
16 30 20 30 D
16 31 14 39 L
16 32 10 32 D
16 33 2 31 D
16 34 11 1 U
16 35 13 29 D
16 36 19 36 L
16 37 15 4 U
16 38 12 38 L
16 39 9 39 L
16 40 17 40 L
16 41 11 23 D
16 42 4 42 L
16 43 15 43 L
17 0 0 36 L
17 1 17 43 L
17 2 19 2 U
17 3 8 3 U
17 4 14 4 U
17 5 19 5 U
17 6 0 11 R
17 7 17 7 U
17 8 16 8 U
17 9 17 9 U
17 10 15 10 U
17 11 6 3 U
17 12 17 12 R
17 13 0 10 U
17 14 13 1 U
17 15 0 33 L
17 16 9 25 D
17 17 0 37 L
17 18 20 18 R
17 19 18 19 R
17 20 15 20 R
17 21 12 21 R
17 22 0 40 L
17 23 0 34 L
17 24 19 40 L
17 25 16 25 D
17 26 16 26 D
17 27 6 27 D
17 28 22 28 D
17 29 0 13 R
17 30 16 30 D
17 32 17 0 U
17 33 2 16 R
17 34 0 11 R
17 35 17 15 R
17 36 16 36 L
17 37 10 22 D
17 38 16 0 U
17 39 19 39 L
17 40 14 40 L
17 41 1 2 U
17 42 16 42 L
17 43 14 43 L
18 0 0 20 R
18 1 14 1 U
18 2 18 2 U
18 3 13 20 R
18 4 0 24 D
18 5 14 5 U
18 6 17 6 U
18 7 15 7 U
18 8 12 8 U
18 9 16 9 U
18 10 16 10 U
18 11 16 22 D
18 12 15 12 R
18 13 15 22 D
18 14 19 14 R
18 15 20 15 R
18 16 12 23 D
18 17 16 17 R
18 18 2 18 R
18 19 19 19 R
18 20 12 1 U
18 21 19 24 D
18 22 13 20 R
18 23 19 15 R
18 24 20 24 D
18 25 14 25 D
18 26 13 26 D
18 27 15 27 D
18 28 23 28 D
18 29 19 38 L
18 30 19 30 D
18 32 16 32 D
18 33 16 25 D
18 34 18 34 L
18 35 20 35 L
18 36 17 36 L
18 37 14 3 U
18 38 6 17 R
18 39 1 18 R
18 40 7 24 D
18 41 23 41 L
18 42 13 42 L
18 43 13 29 D
19 0 9 33 L
19 1 19 1 U
19 2 15 2 U
19 3 15 41 L
19 4 16 12 R
19 5 6 5 U
19 6 13 21 R
19 7 0 41 L
19 8 15 8 U
19 9 6 16 R
19 10 9 14 R
19 11 9 27 D
19 12 6 0 U
19 13 20 13 R
19 14 18 14 R
19 15 17 15 R
19 16 15 16 R
19 17 10 6 U
19 18 15 18 R
19 19 9 0 U
19 20 17 20 R
19 21 8 33 L
19 22 14 21 R
19 23 19 23 D
19 24 7 24 D
19 25 6 25 D
19 26 15 26 D
19 27 18 35 L
19 28 21 28 D
19 29 2 14 R
19 30 18 30 D
19 32 20 32 D
19 33 15 33 L
19 34 17 34 L
19 35 0 10 U
19 36 3 27 D
19 37 11 37 L
19 38 2 38 L
19 39 15 39 L
19 40 20 40 L
19 41 20 41 L
19 42 15 42 L
19 43 19 22 D
20 0 18 13 R
20 1 15 1 U
20 2 18 36 L
20 3 0 40 L
20 4 20 4 U
20 5 22 43 L
20 6 20 12 R
20 7 14 36 L
20 8 22 8 U
20 9 20 9 U
20 10 20 10 U
20 11 11 29 D
20 12 20 22 D
20 13 12 24 D
20 14 14 14 R
20 15 4 5 U
20 16 22 5 U
20 17 18 17 R
20 18 20 25 D
20 19 1 19 R
20 20 0 7 U
20 21 21 21 R
20 22 19 12 R
20 23 16 23 D
20 24 22 24 D
20 25 20 36 L
20 26 0 8 U
20 27 16 27 D
20 28 20 28 D
20 29 17 29 D
20 30 21 30 D
20 32 0 1 U
20 33 14 6 U
20 34 18 1 U
20 35 21 5 U
20 36 19 30 D
20 37 26 6 U
20 38 0 30 D
20 39 21 6 U
20 40 1 6 U
20 41 16 41 L
20 42 20 28 D
20 43 18 43 L
21 0 18 14 R
21 1 19 36 L
21 2 17 2 U
21 3 21 14 R
21 4 12 33 L
21 5 16 41 L
21 6 19 6 U
21 7 11 7 U
21 8 8 23 D
21 9 12 9 U
21 10 21 10 U
21 11 15 23 D
21 12 17 0 U
21 13 17 7 U
21 14 0 27 D
21 15 3 3 U
21 16 0 24 D
21 17 17 17 R
21 18 22 18 R
21 19 12 19 R
21 20 16 1 U
21 21 1 40 L
21 22 17 35 L
21 23 20 21 R
21 24 14 24 D
21 25 22 15 R
21 26 16 11 R
21 27 6 15 R
21 28 16 28 D
21 29 9 42 L
21 30 3 39 L
21 32 23 20 R
21 33 2 2 U
21 34 17 4 U
21 35 21 35 L
21 36 21 36 L
21 37 24 37 L
21 39 0 19 R
21 40 23 30 D
21 41 18 41 L
21 42 17 42 L
21 43 17 15 R
22 0 0 39 L
22 1 19 19 R
22 2 17 20 R
22 3 21 3 U
22 4 22 4 U
22 5 21 5 U
22 6 18 6 U
22 7 19 7 U
22 8 23 8 U
22 9 21 9 U
22 10 22 10 U
22 11 20 8 U
22 12 7 30 D
22 13 22 13 R
22 14 17 7 U
22 15 21 27 D
22 16 5 16 R
22 18 21 18 R
22 19 9 35 L
22 20 18 20 R
22 21 22 21 R
22 22 24 12 R
22 23 10 35 L
22 24 0 1 U
22 25 3 25 D
22 26 0 2 U
22 27 21 27 D
22 28 18 14 R
22 29 19 39 L
22 30 12 30 D
22 32 24 32 D
22 33 16 8 U
22 34 0 24 D
22 35 15 22 D
22 36 16 17 R
22 37 26 37 L
22 39 18 39 L
22 40 22 40 L
22 41 24 9 U
22 42 19 42 L
23 0 3 33 L
23 1 16 11 R
23 2 19 16 R
23 3 5 11 R
23 5 23 5 U
23 6 26 34 L
23 7 20 7 U
23 8 21 8 U
23 9 22 9 U
23 10 18 34 L
23 11 18 24 D
23 12 24 32 D
23 13 3 34 L
23 14 12 32 D
23 15 26 15 R
23 16 23 16 R
23 18 18 18 R
23 19 25 29 D
23 20 6 33 L
23 21 7 21 R
23 22 16 33 L
23 23 10 23 D
23 24 15 24 D
23 25 23 25 D
23 26 18 26 D
23 28 19 28 D
23 29 21 29 D
23 30 17 9 U
23 32 22 12 R
23 33 23 5 U
23 34 20 2 U
23 35 18 29 D
23 36 18 22 D
23 37 22 0 U
23 39 8 0 U
23 41 26 41 L
23 42 18 11 R
24 0 20 42 L
24 1 7 37 L
24 2 8 34 L
24 5 24 5 U
24 6 23 6 U
24 7 11 11 R
24 8 6 37 L
24 9 0 22 D
24 10 1 10 U
24 11 17 10 U
24 12 21 12 R
24 13 25 13 R
24 14 11 0 U
24 15 25 15 R
24 16 20 16 R
24 18 25 18 R
24 19 22 32 D
24 20 21 20 R
24 22 25 36 L
24 23 6 19 R
24 24 23 18 R
24 25 11 25 D
24 26 17 26 D
24 28 17 28 D
24 29 20 29 D
24 30 16 34 L
24 32 17 32 D
24 33 22 0 U
24 34 21 30 D
24 35 2 23 D
24 36 0 12 R
24 37 21 37 L
24 39 18 25 D
24 41 25 41 L
24 42 24 42 L
25 0 4 36 L
25 2 13 2 U
25 5 21 42 L
25 6 24 6 U
25 7 10 7 U
25 8 25 8 U
25 9 23 9 U
25 10 17 10 U
25 11 22 11 R
25 12 22 9 U
25 13 26 13 R
25 14 23 14 R
25 15 23 15 R
25 16 21 16 R
25 18 24 18 R
25 19 27 19 R
25 22 17 42 L
25 23 24 23 D
25 24 25 14 R
25 25 21 13 R
25 26 8 41 L
25 28 8 28 D
25 29 18 13 R
25 32 26 19 R
25 33 4 28 D
25 34 22 8 U
25 35 11 35 L
25 36 0 32 D
25 37 25 37 L
25 39 20 39 L
25 41 19 41 L
25 42 22 22 D
26 0 24 37 L
26 2 10 34 L
26 5 20 5 U
26 6 25 6 U
26 7 26 7 U
26 9 25 9 U
26 10 21 16 R
26 11 14 24 D
26 12 26 28 D
26 13 15 28 D
26 14 17 14 R
26 15 14 15 R
26 16 24 16 R
26 18 17 18 R
26 19 26 19 R
26 22 21 39 L
26 23 19 42 L
26 24 26 24 D
26 25 24 13 R
26 28 0 2 U
26 29 25 29 D
26 32 25 32 D
26 33 23 22 D
26 34 25 24 D
26 36 17 12 R
26 37 22 37 L
26 41 21 41 L
26 42 20 2 U
27 0 0 19 R
27 6 23 36 L
27 7 24 7 U
27 9 17 12 R
27 10 24 10 U
27 11 17 26 D
27 12 24 25 D
27 14 8 10 U
27 16 19 7 U
27 28 26 28 D
27 34 22 9 U
27 36 27 36 L
27 37 20 6 U
27 41 11 41 L
28 0 24 0 U
28 6 26 6 U
28 37 19 37 L

