27 29 647
0 0 0 19 0 18 19 0 0 1 1 17 0 9 19 9 0 0
0 0 16 24 0 0 19 0 16 2 17 6 0 4 9 0 15 0
1 12 4 0 2 0 0 0 19 12 0 16 0 4 4 9 8 0
2 19 4 25 15 7 0 11 15 7 0 0 0 0 8 0 14 20
0 0 0 0 2 21 16 0 0 0 8 8 0 8 0 0 0 7
0 0 0 0 6 0 0 0 0 0 0 0 10 9 6 0 17 0
0 23 0 1 11 7 8 0 5 4 0 0 16 20 8 0 0 10
2 20 13 14 0 0 23 19 0 22 24 25 0 22 9 22 0 16
0 0 11 0 0 0 2 13 0 13 9 12 9 0 7 1 0 0
0 22 0 0 0 0 8 17 0 22 0 0 0 23 0 0 24 0
6 15 0 0 0 10 8 0 20 22 9 23 0 5 0 12 0 22
18 25 24 9 12 0 18 0 15 0 21 0 20 19 21 10 0 23
20 5 18 17 7 0 0 0 11 0 0 10 0 8 0 0 6 2
0 0 0 2 0 0 0 24 0 3 0 0 0 3 2 0 0 0
0 16 0 0 0 0 0 23 10 0 0 0 6 6 0 19 0 1
0 0 22 0 0 0 20 0 12 21 0 0 18 0 0 18 22 2
16 20 0 3 21 0 22 12 0 0 23 5 24 2 0 0 0 0
16 0 8 0 5 0 22 20 0 19 20 18 16 17 0 1 4 13
0 0 0 0 D
0 1 0 1 D
0 2 0 2 D
0 3 0 3 D
0 4 0 4 D
0 5 0 5 D
0 6 0 6 D
0 7 0 7 R
0 8 0 8 R
0 9 0 9 R
0 10 0 10 R
0 11 0 11 R
0 12 0 12 R
0 13 0 13 R
0 14 0 14 U
0 15 0 15 U
0 16 0 16 U
0 17 0 17 U
0 18 0 18 U
0 19 0 19 U
0 20 0 20 U
0 21 0 21 L
0 22 0 22 L
0 23 0 23 L
0 24 0 24 L
0 25 0 25 L
0 26 0 26 L
0 27 0 27 L
0 28 0 28 L
1 0 0 21 L
1 1 0 24 L
1 2 3 2 D
1 3 6 3 D
1 4 6 11 R
1 5 11 5 D
1 6 19 6 D
1 7 0 20 U
1 8 0 18 U
1 9 9 14 U
1 10 0 17 U
1 11 12 11 R
1 12 5 12 R
1 13 6 15 U
1 14 0 8 R
1 15 3 15 U
1 16 0 9 R
1 17 0 5 D
1 18 8 18 U
1 19 13 19 U
1 20 2 20 U
1 21 0 18 U
1 22 3 1 D
1 23 8 23 L
1 24 0 10 R
1 25 3 25 L
1 26 5 17 U
1 27 7 27 L
1 28 4 28 L
2 0 0 22 L
2 1 8 21 L
2 2 8 27 L
2 3 4 12 R
2 4 15 10 R
2 5 6 21 L
2 6 9 6 D
2 7 0 0 D
2 8 0 21 L
2 9 8 28 L
2 10 12 3 D
2 11 18 11 R
2 12 12 20 U
2 13 3 13 R
2 14 8 7 R
2 15 1 15 U
2 16 0 7 R
2 17 16 17 U
2 18 11 7 R
2 19 10 1 D
2 20 9 20 U
2 21 0 13 R
2 22 0 1 D
2 23 1 23 L
2 24 16 0 D
2 25 1 25 L
2 26 1 26 L
2 27 11 17 U
2 28 5 15 U
3 0 14 8 R
3 1 0 7 R
3 2 15 2 D
3 3 11 3 D
3 4 0 12 R
3 5 13 5 D
3 6 15 14 U
3 7 17 7 R
3 8 1 8 R
3 9 0 22 L
3 10 0 25 L
3 11 10 11 R
3 12 4 12 R
3 13 16 14 U
3 14 0 21 L
3 15 1 15 U
3 16 1 16 U
3 17 0 2 D
3 18 4 22 L
3 19 5 19 U
3 20 1 20 U
3 21 0 14 U
3 22 6 17 U
3 23 9 23 L
3 24 4 24 L
3 25 0 19 U
3 26 4 0 D
3 27 12 27 L
3 28 10 4 D
4 0 8 10 R
4 1 9 1 D
4 2 6 24 L
4 3 14 3 D
4 4 2 4 D
4 5 6 5 D
4 6 20 6 D
4 7 0 5 D
4 8 5 8 R
4 9 10 9 R
4 10 1 10 R
4 11 10 11 R
4 12 1 12 R
4 13 11 19 U
4 14 10 14 U
4 15 8 7 R
4 16 9 9 R
4 17 1 17 U
4 18 8 27 L
4 19 1 19 U
4 20 1 25 L
4 21 14 21 L
4 22 3 22 L
4 23 0 7 R
4 24 1 24 L
4 25 17 25 L
4 26 19 26 L
4 27 9 2 D
4 28 1 28 L
5 0 17 26 L
5 1 0 10 R
5 2 1 2 D
5 3 9 3 D
5 4 12 22 L
5 5 12 9 R
5 6 6 6 D
5 7 13 7 R
5 8 10 14 U
5 9 0 1 D
5 10 3 16 U
5 11 0 3 D
5 12 4 12 R
5 13 2 13 R
5 14 8 11 R
5 15 10 27 L
5 16 8 16 U
5 17 14 8 R
5 18 11 10 R
5 19 0 11 R
5 20 17 12 R
5 21 0 15 U
5 22 18 22 L
5 23 12 23 L
5 24 1 18 U
5 25 1 25 L
5 26 15 17 U
5 27 16 27 L
5 28 3 20 U
6 0 0 27 L
6 1 2 1 D
6 2 1 13 R
6 3 1 22 L
6 4 1 4 D
6 5 1 5 D
6 6 1 6 D
6 7 4 7 R
6 8 9 1 D
6 9 7 17 U
6 10 15 10 R
6 11 7 11 R
6 12 5 14 U
6 13 0 15 U
6 14 0 0 D
6 15 9 21 L
6 16 4 16 U
6 17 3 17 U
6 18 18 24 L
6 19 11 7 R
6 20 18 11 R
6 21 18 18 U
6 22 16 8 R
6 23 3 17 U
6 24 9 24 L
6 25 4 25 L
6 26 14 16 U
6 27 1 27 L
6 28 2 17 U
7 0 16 13 R
7 1 3 1 D
7 2 1 2 D
7 3 6 24 L
7 4 11 23 L
7 5 5 9 R
7 6 1 18 U
7 7 2 18 U
7 8 10 8 R
7 9 15 16 U
7 10 5 10 R
7 11 11 18 U
7 12 0 22 L
7 13 17 15 U
7 14 6 23 L
7 15 6 15 U
7 16 1 16 U
7 17 0 28 L
7 18 0 2 D
7 19 9 19 U
7 20 0 3 D
7 21 0 17 U
7 22 10 15 U
7 23 19 19 U
7 24 2 24 L
7 25 6 16 U
7 26 6 26 L
7 27 5 19 U
7 28 5 28 L
8 0 0 26 L
8 1 6 1 D
8 2 14 2 D
8 3 13 28 L
8 4 18 26 L
8 5 2 5 D
8 6 14 6 D
8 7 1 14 U
8 8 20 24 L
8 9 4 9 R
8 10 1 17 U
8 11 10 16 U
8 12 14 12 R
8 13 12 13 R
8 14 9 14 U
8 15 1 15 U
8 16 9 16 U
8 17 2 9 R
8 18 11 18 U
8 19 4 1 D
8 20 12 20 U
8 21 17 14 U
8 22 14 19 U
8 23 4 3 D
8 24 18 18 U
8 25 10 18 U
8 26 19 15 U
8 27 6 0 D
8 28 5 2 D
9 0 2 0 D
9 1 14 1 D
9 2 6 21 L
9 3 1 27 L
9 4 11 4 D
9 5 8 5 D
9 6 15 6 D
9 7 0 4 D
9 8 20 8 R
9 9 21 15 U
9 10 5 17 U
9 11 8 23 L
9 12 11 12 R
9 13 25 13 R
9 14 16 22 L
9 15 14 10 R
9 16 0 23 L
9 17 1 13 R
9 18 15 8 R
9 19 7 19 U
9 20 0 21 L
9 21 15 1 D
9 22 8 0 D
9 23 20 3 D
9 24 0 0 D
9 25 15 15 U
9 26 14 5 D
9 27 12 5 D
9 28 4 28 L
10 0 7 27 L
10 1 4 24 L
10 2 9 12 R
10 3 15 26 L
10 4 0 22 L
10 5 12 24 L
10 6 0 26 L
10 7 7 19 U
10 8 19 19 U
10 9 21 9 R
10 10 11 16 U
10 11 0 19 U
10 12 3 14 U
10 13 3 13 R
10 14 4 11 R
10 15 0 7 R
10 16 8 8 R
10 17 19 23 L
10 18 4 21 L
10 19 0 3 D
10 20 16 20 U
10 21 0 7 R
10 22 1 22 L
10 23 4 6 D
10 24 6 24 L
10 25 3 25 L
10 26 5 26 L
10 27 1 27 L
10 28 3 28 L
11 0 5 7 R
11 1 7 22 L
11 2 0 23 L
11 3 0 8 R
11 4 1 4 D
11 5 0 21 L
11 6 17 26 L
11 7 13 2 D
11 8 9 5 D
11 9 8 4 D
11 10 5 10 R
11 11 13 15 U
11 12 3 12 R
11 13 5 20 U
11 14 1 21 L
11 15 0 1 D
11 16 2 13 R
11 17 13 17 U
11 18 1 18 U
11 19 19 21 L
11 20 4 25 L
11 21 16 5 D
11 22 7 20 U
11 23 15 1 D
11 24 4 14 U
11 25 4 2 D
11 26 4 26 L
11 27 1 19 U
11 28 1 16 U
12 0 6 11 R
12 1 8 22 L
12 2 13 23 L
12 3 10 25 L
12 4 1 4 D
12 5 22 23 L
12 6 8 6 D
12 7 0 14 U
12 8 5 8 R
12 9 2 16 U
12 10 4 10 R
12 11 15 17 U
12 12 22 14 U
12 13 1 13 R
12 14 2 0 D
12 15 0 4 D
12 16 23 10 R
12 17 14 17 U
12 18 24 26 L
12 19 10 10 R
12 20 0 12 R
12 21 5 21 L
12 22 10 22 L
12 23 5 23 L
12 24 10 24 L
12 25 8 25 L
12 26 4 26 L
12 27 9 27 L
12 28 4 28 L
13 0 2 21 L
13 1 4 13 R
13 2 2 22 L
13 3 16 3 D
13 4 20 9 R
13 5 3 28 L
13 7 12 4 D
13 8 11 17 U
13 9 0 24 L
13 10 12 18 U
13 11 12 11 R
13 12 12 15 U
13 13 6 13 R
13 14 20 14 U
13 15 0 27 L
13 16 9 16 U
13 17 5 7 R
13 18 0 13 R
13 19 8 19 U
13 20 15 11 R
13 21 4 1 D
13 22 12 22 L
13 23 16 0 D
13 24 17 3 D
13 25 21 25 L
13 26 18 4 D
13 27 5 1 D
14 0 6 12 R
14 1 1 1 D
14 2 9 25 L
14 3 8 10 R
14 4 3 4 D
14 5 4 5 D
14 6 15 6 D
14 7 21 14 U
14 8 13 8 R
14 9 16 9 R
14 10 12 6 D
14 11 11 14 U
14 12 18 4 D
14 13 4 13 R
14 14 7 14 U
14 15 18 15 U
14 16 12 22 L
14 17 21 12 R
14 18 0 5 D
14 19 11 8 R
14 20 10 20 U
14 21 21 2 D
14 22 18 15 U
14 23 9 14 U
14 24 2 24 L
14 25 0 11 R
14 26 4 2 D
14 27 11 14 U
14 28 0 9 R
15 0 8 28 L
15 1 19 11 R
15 2 11 11 R
15 3 13 3 D
15 4 13 4 D
15 5 0 10 R
15 6 1 6 D
15 7 3 14 U
15 8 18 16 U
15 9 12 19 U
15 10 1 10 R
15 11 7 11 R
15 12 5 12 R
15 13 17 17 U
15 14 3 8 R
15 15 1 15 U
15 16 9 12 R
15 17 13 8 R
15 18 5 18 U
15 19 9 19 U
15 20 0 26 L
15 21 1 15 U
15 22 21 4 D
15 23 13 15 U
15 24 2 2 D
15 25 10 3 D
15 26 14 26 L
15 27 8 27 L
16 0 0 8 R
16 1 2 26 L
16 2 15 13 R
16 3 7 3 D
16 4 23 21 L
16 5 1 5 D
16 7 4 16 U
16 8 7 2 D
16 9 3 9 R
16 10 10 10 R
16 11 0 25 L
16 12 6 2 D
16 13 15 17 U
16 14 3 9 R
16 15 14 15 U
16 16 13 16 U
16 17 1 17 U
16 19 4 19 U
16 20 8 7 R
16 21 0 3 D
16 22 1 22 L
16 23 18 16 U
16 24 2 7 R
16 25 18 5 D
16 26 0 5 D
16 27 21 16 U
17 0 19 22 L
17 1 10 21 L
17 2 14 8 R
17 3 7 3 D
17 4 20 25 L
17 5 15 5 D
17 6 8 22 L
17 7 1 20 U
17 8 12 8 R
17 9 7 9 R
17 10 12 17 U
17 11 3 11 R
17 12 12 18 U
17 13 13 18 U
17 14 21 24 L
17 15 4 25 L
17 16 0 8 R
17 17 12 5 D
17 19 3 9 R
17 20 3 20 U
17 21 20 0 D
17 22 15 3 D
17 23 7 18 U
17 24 8 24 L
17 25 15 25 L
17 26 3 26 L
17 27 25 2 D
18 0 4 28 L
18 1 6 7 R
18 2 8 2 D
18 3 20 23 L
18 4 15 22 L
18 5 8 26 L
18 7 4 1 D
18 8 13 27 L
18 9 15 18 U
18 10 0 2 D
18 11 1 11 R
18 12 17 1 D
18 13 4 13 R
18 14 0 13 R
18 15 2 15 U
18 16 13 7 R
18 17 0 24 L
18 19 0 23 L
18 21 3 15 U
18 22 0 16 U
18 23 15 0 D
18 24 0 9 R
18 25 6 4 D
18 26 23 2 D
18 27 0 19 U
19 0 1 24 L
19 1 17 8 R
19 2 13 22 L
19 3 6 11 R
19 4 1 4 D
19 5 5 5 D
19 7 6 1 D
19 8 11 6 D
19 9 10 17 U
19 10 18 21 L
19 11 1 11 R
19 12 3 12 R
19 13 5 15 U
19 14 7 7 R
19 15 11 23 L
19 16 1 16 U
19 17 11 17 U
19 18 1 18 U
19 19 0 12 R
19 21 14 4 D
19 22 13 1 D
19 23 7 5 D
19 24 1 12 R
19 25 10 4 D
19 26 16 26 L
19 27 23 27 L
20 0 3 0 D
20 1 17 21 L
20 2 14 2 D
20 3 10 22 L
20 4 10 4 D
20 7 14 17 U
20 8 1 8 R
20 10 12 10 R
20 11 3 11 R
20 12 11 2 D
20 13 0 21 L
20 14 14 8 R
20 15 15 15 U
20 16 22 16 U
20 17 19 17 U
20 19 16 19 U
20 21 17 21 L
20 22 7 22 L
20 23 13 16 U
20 26 19 0 D
20 27 2 27 L
21 0 16 23 L
21 1 20 13 R
21 2 3 2 D
21 4 17 25 L
21 7 15 14 U
21 8 18 15 U
21 10 5 10 R
21 11 17 11 R
21 12 22 0 D
21 13 2 13 R
21 14 22 7 R
21 15 4 7 R
21 17 13 12 R
21 19 3 19 U
21 21 9 21 L
21 22 14 2 D
21 24 20 19 U
21 25 9 1 D
21 26 18 26 L
21 27 0 10 R
22 0 24 0 D
22 1 13 1 D
22 2 13 2 D
22 4 6 4 D
22 7 10 14 U
22 8 13 14 U
22 10 0 14 U
22 11 4 6 D
22 13 2 23 L
22 14 15 27 L
22 15 9 13 R
22 17 20 17 U
22 19 11 19 U
22 21 26 21 L
22 22 5 22 L
22 27 6 27 L
23 0 22 21 L
23 2 2 27 L
23 4 1 4 D
23 7 9 7 R
23 8 15 8 R
23 10 0 20 U
23 13 5 13 R
23 14 12 9 R
23 15 8 9 R
23 17 22 17 U
23 27 3 7 R
24 0 0 14 U
24 7 20 15 U
24 8 21 20 U
24 10 14 6 D
24 13 1 25 L
24 14 3 27 L
24 15 0 21 L
24 27 5 27 L
25 7 4 7 R
25 8 1 8 R
25 10 7 10 R
25 15 0 25 L
25 27 3 27 L
26 8 9 8 R

