19 26 411
6 9 0 13 7 14 12 12 0 15 8 0 15
15 0 16 14 0 0 1 14 1 7 17 15 10
9 15 5 2 0 16 0 0 4 17 0 0 0
0 16 16 17 16 0 2 8 0 6 0 16 7
0 16 0 0 1 1 17 0 9 16 17 0 0
10 2 0 0 0 4 0 0 18 9 16 0 15
0 6 0 16 0 0 16 6 11 14 6 0 0
13 0 0 0 16 11 3 0 9 14 0 4 0
11 15 0 5 9 0 0 6 0 0 6 11 15
3 1 0 0 15 5 0 6 0 7 0 0 1
16 0 17 12 14 14 0 9 0 13 14 0 0
8 0 5 1 9 0 13 1 15 6 11 13 9
15 1 9 4 9 8 16 15 17 5 5 0 0
0 0 0 0 U
0 1 0 1 U
0 2 0 2 U
0 3 0 3 U
0 4 0 4 U
0 5 0 5 U
0 6 0 6 R
0 7 0 7 R
0 8 0 8 R
0 9 0 9 R
0 10 0 10 R
0 11 0 11 R
0 12 0 12 D
0 13 0 13 D
0 14 0 14 D
0 15 0 15 D
0 16 0 16 D
0 17 0 17 D
0 18 0 18 D
0 19 0 19 L
0 20 0 20 L
0 21 0 21 L
0 22 0 22 L
0 23 0 23 L
0 24 0 24 L
0 25 0 25 L
1 0 0 20 L
1 1 2 20 L
1 2 12 2 U
1 3 10 3 U
1 4 3 6 R
1 5 6 5 U
1 6 7 6 R
1 7 12 16 D
1 8 6 1 U
1 9 2 17 D
1 10 5 0 U
1 11 4 11 R
1 12 0 7 R
1 13 0 0 U
1 14 0 6 R
1 15 2 22 L
1 16 0 10 R
1 17 0 1 U
1 18 2 18 D
1 19 0 1 U
1 20 0 5 U
1 21 2 21 L
1 22 2 22 L
1 23 6 3 U
1 24 5 24 L
1 25 9 0 U
2 0 0 11 R
2 1 5 22 L
2 2 0 21 L
2 3 0 23 L
2 4 1 4 U
2 5 1 5 U
2 6 1 13 D
2 7 14 7 R
2 8 14 4 U
2 9 4 9 R
2 10 1 10 R
2 11 3 11 R
2 12 4 22 L
2 13 6 9 R
2 14 1 6 R
2 15 1 15 D
2 16 9 16 D
2 17 5 17 D
2 18 3 19 L
2 19 10 2 U
2 20 1 12 D
2 21 1 21 L
2 22 0 9 R
2 23 4 15 D
2 24 14 24 L
2 25 12 25 L
3 0 0 6 R
3 1 0 7 R
3 2 7 20 L
3 3 0 24 L
3 4 0 9 R
3 5 9 9 R
3 6 14 2 U
3 7 0 12 D
3 8 9 8 R
3 9 11 9 R
3 10 0 15 D
3 11 1 11 R
3 12 11 8 R
3 13 5 24 L
3 14 5 14 D
3 15 5 1 U
3 16 5 21 L
3 17 0 3 U
3 18 8 6 R
3 19 15 13 D
3 20 4 20 L
3 21 5 1 U
3 22 1 3 U
3 23 2 23 L
3 24 11 13 D
3 25 2 25 L
4 0 5 11 R
4 1 0 19 L
4 2 15 24 L
4 3 11 3 U
4 4 8 24 L
4 5 17 8 R
4 6 0 16 D
4 7 2 14 D
4 8 1 8 R
4 9 1 9 R
4 10 2 2 U
4 11 1 23 L
4 12 3 9 R
4 13 6 7 R
4 14 2 14 D
4 15 10 15 D
4 16 3 8 R
4 17 5 23 L
4 18 5 11 R
4 19 0 14 D
4 20 3 4 U
4 21 5 6 R
4 22 0 8 R
4 23 13 23 L
4 24 2 3 U
4 25 11 25 L
5 0 7 0 U
5 1 7 20 L
5 2 6 21 L
5 3 11 3 U
5 4 8 4 U
5 5 9 5 U
5 6 0 13 D
5 7 10 7 R
5 8 13 15 D
5 9 0 0 U
5 10 12 3 U
5 11 2 11 R
5 12 7 7 R
5 13 7 13 D
5 14 0 20 L
5 15 17 10 R
5 16 3 10 R
5 17 17 17 D
5 18 1 20 L
5 19 3 19 L
5 20 1 1 U
5 21 7 10 R
5 22 4 22 L
5 23 4 18 D
5 24 3 24 L
5 25 6 8 R
6 0 1 12 D
6 1 1 7 R
6 2 0 10 R
6 3 4 22 L
6 4 0 12 D
6 5 13 5 U
6 6 7 0 U
6 7 0 20 L
6 8 0 19 L
6 9 9 3 U
6 10 13 1 U
6 11 8 17 D
6 12 0 8 R
6 13 3 8 R
6 14 14 9 R
6 15 0 22 L
6 16 3 11 R
6 17 18 17 D
6 18 8 18 D
6 19 8 14 D
6 20 1 20 L
6 21 1 2 U
6 22 1 22 L
6 23 14 8 R
6 24 5 24 L
6 25 4 25 L
7 0 10 20 L
7 1 13 1 U
7 2 1 2 U
7 3 10 23 L
7 4 3 24 L
7 5 0 7 R
7 6 10 21 L
7 7 0 1 U
7 8 12 13 D
7 9 0 19 L
7 10 6 4 U
7 11 1 17 D
7 12 0 4 U
7 13 0 23 L
7 14 0 7 R
7 15 0 20 L
7 16 12 16 D
7 17 11 19 L
7 18 1 18 D
7 19 0 0 U
7 20 0 12 D
7 21 12 14 D
7 22 5 2 U
7 24 11 0 U
7 25 2 16 D
8 0 12 22 L
8 1 13 25 L
8 2 6 10 R
8 3 4 6 R
8 4 7 23 L
8 6 0 17 D
8 7 1 2 U
8 8 6 5 U
8 9 4 2 U
8 10 4 10 R
8 11 6 11 R
8 12 0 19 L
8 13 3 19 L
8 14 0 2 U
8 15 5 7 R
8 16 2 21 L
8 18 4 2 U
8 19 0 6 R
8 20 15 4 U
8 21 11 21 L
8 22 0 7 R
8 24 2 4 U
8 25 2 25 L
9 0 12 0 U
9 1 2 21 L
9 2 0 15 D
9 3 10 24 L
9 4 11 8 R
9 5 15 5 U
9 6 12 1 U
9 7 1 1 U
9 8 1 8 R
9 9 5 13 D
9 10 0 22 L
9 11 3 11 R
9 12 5 19 L
9 13 11 20 L
9 14 4 14 D
9 15 3 10 R
9 16 11 16 D
9 18 3 18 D
9 19 4 15 D
9 20 3 6 R
9 21 14 21 L
9 22 8 14 D
9 24 2 24 L
9 25 3 25 L
10 0 4 19 L
10 1 2 19 L
10 2 16 19 L
10 3 5 10 R
10 4 5 25 L
10 5 18 7 R
10 6 1 16 D
10 7 14 13 D
10 8 2 15 D
10 9 1 3 U
10 10 7 18 D
10 12 3 1 U
10 13 15 0 U
10 14 2 14 D
10 15 5 15 D
10 16 5 19 L
10 18 2 18 D
10 19 9 16 D
10 20 7 2 U
10 21 5 12 D
10 22 3 9 R
10 24 0 13 D
10 25 13 4 U
11 0 16 7 R
11 1 3 1 U
11 2 1 2 U
11 3 6 3 U
11 6 13 3 U
11 7 12 0 U
11 8 10 8 R
11 9 5 18 D
11 10 9 10 R
11 11 8 1 U
11 12 4 19 L
11 13 13 6 R
11 14 12 14 D
11 15 0 10 R
11 16 14 16 D
11 18 7 21 L
11 19 9 12 D
11 20 10 8 R
11 21 0 15 D
11 22 2 22 L
11 23 4 16 D
11 24 12 24 L
12 0 3 21 L
12 1 4 10 R
12 2 9 2 U
12 3 0 16 D
12 4 8 7 R
12 5 0 22 L
12 6 0 2 U
12 7 8 18 D
12 8 2 2 U
12 9 5 12 D
12 10 5 14 D
12 12 14 12 D
12 13 7 23 L
12 14 6 25 L
12 15 1 15 D
12 16 11 24 L
12 19 14 7 R
12 20 0 18 D
12 21 8 21 L
12 22 9 3 U
12 24 2 5 U
13 0 2 19 L
13 1 2 24 L
13 2 2 11 R
13 3 11 3 U
13 4 2 4 U
13 5 6 5 U
13 6 0 24 L
13 7 0 18 D
13 8 9 8 R
13 9 15 12 D
13 10 1 13 D
13 11 6 16 D
13 12 6 19 L
13 13 11 13 D
13 14 3 4 U
13 15 7 22 L
13 16 12 16 D
13 18 5 18 D
13 19 8 8 R
13 20 1 20 L
13 21 2 2 U
13 22 9 15 D
13 24 4 18 D
14 0 8 24 L
14 1 12 10 R
14 2 11 6 R
14 3 5 13 D
14 6 0 4 U
14 7 7 14 D
14 8 11 5 U
14 9 9 9 R
14 10 6 18 D
14 11 9 11 R
14 12 3 24 L
14 13 11 2 U
14 14 9 6 R
14 15 0 9 R
14 16 9 16 D
14 19 5 14 D
14 20 6 20 L
14 21 3 13 D
14 22 6 15 D
14 24 9 24 L
15 0 13 19 L
15 1 8 25 L
15 2 12 10 R
15 3 14 13 D
15 5 1 5 U
15 6 6 14 D
15 7 5 20 L
15 8 4 8 R
15 9 6 5 U
15 10 6 10 R
15 12 6 0 U
15 13 1 13 D
15 14 7 14 D
15 16 12 2 U
15 18 1 0 U
15 19 16 16 D
15 20 0 3 U
15 21 4 12 D
15 24 11 9 R
16 0 15 10 R
16 1 2 7 R
16 2 12 7 R
16 3 11 3 U
16 6 14 5 U
16 7 12 19 L
16 8 14 0 U
16 10 2 10 R
16 12 13 21 L
16 13 0 9 R
16 14 4 6 R
16 16 9 6 R
16 19 11 6 R
16 20 10 17 D
16 21 4 0 U
16 24 7 12 D
17 0 2 0 U
17 1 0 13 D
17 2 3 9 R
17 3 13 7 R
17 9 16 22 L
17 10 11 10 R
17 14 1 2 U
17 19 5 12 D
17 21 1 21 L
17 24 11 14 D
18 3 3 3 U
18 14 4 14 D
18 24 3 24 L

