29 27 646
2 0 25 22 0 20 0 24 18 25 0 0 19 25 27
0 0 0 23 11 0 22 23 0 0 22 0 0 25 0
0 22 0 0 0 0 0 0 0 0 0 19 0 15 0
12 0 26 26 0 26 0 0 0 0 0 22 0 0 0
5 13 7 0 0 0 0 0 0 27 0 21 0 10 0
0 0 0 0 0 0 0 0 25 2 0 0 0 26 0
0 0 0 25 0 0 0 0 0 0 0 14 0 25 1
0 0 0 0 10 0 0 0 17 8 0 9 27 0 0
0 0 0 24 10 7 0 0 17 16 13 27 0 0 18
9 0 0 23 0 20 0 0 5 17 10 23 0 0 27
0 0 0 0 19 0 0 28 22 5 26 7 22 1 15
17 0 10 0 0 9 5 11 0 0 0 0 0 0 22
0 0 23 0 15 11 0 5 0 0 15 0 14 24 25
0 0 15 0 0 0 15 23 23 11 0 26 0 16 0
0 27 9 6 4 0 1 17 14 0 24 11 8 7 20
0 0 0 0 R
0 1 0 1 R
0 2 0 2 R
0 3 0 3 R
0 4 0 4 R
0 5 0 5 R
0 6 0 6 R
0 7 0 7 U
0 8 0 8 U
0 9 0 9 U
0 10 0 10 U
0 11 0 11 U
0 12 0 12 U
0 13 0 13 U
0 14 0 14 D
0 15 0 15 D
0 16 0 16 D
0 17 0 17 D
0 18 0 18 D
0 19 0 19 D
0 20 0 20 D
0 21 0 21 L
0 22 0 22 L
0 23 0 23 L
0 24 0 24 L
0 25 0 25 L
0 26 0 26 L
1 0 7 10 U
1 1 17 15 D
1 2 5 9 U
1 3 11 10 U
1 4 15 4 R
1 5 21 5 R
1 6 3 11 U
1 7 14 20 D
1 8 3 21 L
1 9 0 26 L
1 10 17 5 R
1 11 2 11 U
1 12 5 12 U
1 13 18 13 U
1 14 17 5 R
1 15 5 0 R
1 16 2 21 L
1 17 0 23 L
1 18 0 1 R
1 19 14 0 R
1 20 17 1 R
1 21 5 9 U
1 22 6 8 U
1 23 3 23 L
1 24 4 24 L
1 25 2 7 U
1 26 3 26 L
2 0 14 8 U
2 1 19 1 R
2 2 10 10 U
2 3 15 3 R
2 4 12 19 D
2 5 0 23 L
2 7 1 2 R
2 8 0 0 R
2 9 9 5 R
2 10 18 10 U
2 11 12 23 L
2 12 9 12 U
2 13 14 13 U
2 14 0 7 U
2 15 10 15 D
2 16 6 16 D
2 17 9 17 D
2 18 25 18 D
2 19 9 19 D
2 20 9 20 D
2 21 19 15 D
2 22 0 2 R
2 23 3 15 D
2 24 0 17 D
2 25 5 25 L
2 26 0 15 D
3 0 8 14 D
3 1 4 1 R
3 2 2 2 R
3 3 2 3 R
3 4 12 4 R
3 5 10 5 R
3 7 4 6 R
3 8 13 1 R
3 9 11 2 R
3 10 20 0 R
3 11 1 11 U
3 12 21 22 L
3 13 12 0 R
3 14 8 21 L
3 15 1 1 R
3 16 17 23 L
3 17 6 1 R
3 18 10 0 R
3 19 8 1 R
3 20 0 12 U
3 21 7 21 L
3 22 22 18 D
3 23 0 15 D
3 24 22 8 U
3 25 9 25 L
3 26 4 20 D
4 0 24 15 D
4 1 2 18 D
4 2 1 2 R
4 3 8 3 R
4 4 19 4 R
4 5 0 12 U
4 7 2 3 R
4 8 11 0 R
4 9 6 22 L
4 10 2 10 U
4 11 2 11 U
4 12 10 21 L
4 13 3 2 R
4 14 1 0 R
4 15 11 21 L
4 16 10 16 D
4 17 2 9 U
4 18 6 18 D
4 19 6 19 D
4 20 14 2 R
4 21 0 11 U
4 22 3 22 L
4 23 0 4 R
4 24 16 11 U
4 25 23 18 D
4 26 12 26 L
5 0 0 14 D
5 1 0 7 U
5 2 0 15 D
5 3 7 18 D
5 4 9 17 D
5 5 8 11 U
5 6 8 6 R
5 7 23 0 R
5 8 1 8 U
5 9 12 24 L
5 10 2 10 U
5 11 13 11 U
5 12 16 21 L
5 13 4 13 U
5 14 17 7 U
5 15 20 24 L
5 16 6 2 R
5 17 1 21 L
5 18 1 18 D
5 19 18 2 R
5 20 1 20 D
5 21 15 8 U
5 22 14 7 U
5 23 0 10 U
5 24 14 7 U
5 25 7 7 U
5 26 0 13 U
6 0 0 11 U
6 1 13 14 D
6 2 22 8 U
6 3 11 16 D
6 4 8 19 D
6 5 8 19 D
6 7 0 21 L
6 8 4 8 U
6 9 13 9 U
6 10 4 10 U
6 11 14 11 U
6 12 4 12 U
6 13 20 5 R
6 14 1 1 R
6 15 7 3 R
6 16 23 26 L
6 17 0 3 R
6 18 20 2 R
6 19 11 3 R
6 20 14 22 L
6 21 15 12 U
6 22 14 8 U
6 23 3 10 U
6 24 5 8 U
6 25 18 8 U
6 26 15 13 U
7 0 21 9 U
7 1 0 8 U
7 2 19 13 U
7 3 8 17 D
7 4 10 19 D
7 5 2 5 R
7 7 18 26 L
7 8 6 23 L
7 9 2 24 L
7 10 14 22 L
7 11 5 24 L
7 12 13 25 L
7 13 4 22 L
7 14 0 21 L
7 15 0 8 U
7 16 0 0 R
7 17 19 3 R
7 18 9 21 L
7 19 1 24 L
7 20 9 21 L
7 21 19 14 D
7 22 2 15 D
7 23 14 18 D
7 24 15 16 D
7 25 18 12 U
7 26 3 17 D
8 0 3 7 U
8 1 0 10 U
8 2 0 13 U
8 3 24 17 D
8 4 21 10 U
8 5 18 16 D
8 7 10 1 R
8 8 4 3 R
8 9 16 23 L
8 10 18 17 D
8 11 17 24 L
8 12 10 24 L
8 13 6 26 L
8 14 1 3 R
8 15 10 8 U
8 16 13 7 U
8 17 20 10 U
8 18 10 18 D
8 19 10 21 L
8 20 9 20 D
8 21 18 9 U
8 22 18 19 D
8 23 3 17 D
8 24 14 17 D
8 25 15 20 D
9 0 10 13 U
9 1 2 7 U
9 2 10 2 R
9 3 11 12 U
9 4 0 26 L
9 5 7 9 U
9 6 22 11 U
9 7 15 7 U
9 8 13 8 U
9 9 2 9 U
9 10 5 10 U
9 11 18 11 U
9 12 3 12 U
9 13 6 24 L
9 14 0 12 U
9 15 6 22 L
9 16 5 22 L
9 17 18 24 L
9 18 23 8 U
9 19 8 0 R
9 20 1 20 D
9 21 4 7 U
9 22 4 18 D
9 23 17 11 U
9 24 4 24 L
9 25 3 25 L
10 0 21 17 D
10 1 23 19 D
10 2 20 14 D
10 3 0 23 L
10 4 5 9 U
10 7 19 7 U
10 8 12 8 U
10 9 2 9 U
10 10 5 22 L
10 11 2 11 U
10 12 15 12 U
10 13 6 13 U
10 14 7 26 L
10 15 0 22 L
10 16 1 16 D
10 17 23 17 D
10 18 9 25 L
10 19 20 24 L
10 20 9 20 D
10 21 13 13 U
10 22 17 16 D
10 23 19 23 L
10 24 22 24 L
10 25 13 25 L
11 0 19 11 U
11 1 7 18 D
11 2 24 17 D
11 3 9 12 U
11 4 1 4 R
11 7 22 1 R
11 8 8 2 R
11 9 17 21 L
11 10 4 10 U
11 11 16 23 L
11 12 15 22 L
11 13 4 13 U
11 14 7 23 L
11 15 0 25 L
11 16 0 21 L
11 17 10 17 D
11 18 5 18 D
11 19 19 23 L
11 20 8 12 U
11 21 12 14 D
11 22 23 10 U
11 23 13 15 D
11 24 3 24 L
11 25 2 25 L
12 0 16 16 D
12 1 1 12 U
12 2 5 15 D
12 3 7 14 D
12 4 11 4 R
12 5 4 5 R
12 7 3 1 R
12 8 0 15 D
12 9 8 1 R
12 10 5 25 L
12 11 13 4 R
12 12 15 19 D
12 13 16 4 R
12 14 20 14 D
12 15 10 15 D
12 16 23 21 L
12 17 8 17 D
12 18 5 18 D
12 19 0 24 L
12 20 11 25 L
12 21 0 1 R
12 22 18 20 D
12 23 3 23 L
12 24 16 7 U
12 25 3 14 D
12 26 20 26 L
13 0 4 7 U
13 1 1 9 U
13 2 11 2 R
13 3 18 19 D
13 5 1 5 R
13 6 14 20 D
13 7 18 16 D
13 8 5 8 U
13 9 14 9 U
13 10 10 21 L
13 11 3 3 R
13 12 10 5 R
13 13 2 13 U
13 14 6 14 D
13 15 23 15 D
13 16 20 3 R
13 17 2 17 D
13 18 4 0 R
13 19 4 19 D
13 20 1 20 D
13 21 16 8 U
13 22 11 14 D
13 23 18 9 U
13 24 4 14 D
13 25 1 25 L
14 0 12 7 U
14 1 0 16 D
14 2 5 19 D
14 3 10 3 R
14 7 13 18 D
14 8 12 15 D
14 9 3 2 R
14 10 4 3 R
14 11 5 11 U
14 12 5 23 L
14 13 22 25 L
14 14 16 25 L
14 15 16 1 R
14 16 17 0 R
14 17 9 2 R
14 18 6 1 R
14 19 0 4 R
14 20 15 20 D
14 21 1 20 D
14 22 0 8 U
14 23 23 2 R
14 24 1 3 R
14 25 23 11 U
15 0 4 18 D
15 1 20 15 D
15 2 10 16 D
15 3 10 3 R
15 7 14 2 R
15 8 22 18 D
15 9 11 3 R
15 10 12 10 U
15 11 7 1 R
15 12 11 3 R
15 13 19 13 U
15 14 2 7 U
15 15 21 15 D
15 16 19 16 D
15 17 1 17 D
15 18 16 0 R
15 19 20 19 D
15 20 24 8 U
15 21 7 13 U
15 22 13 2 R
15 23 13 14 D
15 24 3 14 D
15 25 7 25 L
15 26 1 26 L
16 0 8 0 R
16 1 10 17 D
16 2 4 16 D
16 3 1 16 D
16 4 8 20 D
16 5 13 20 D
16 7 21 0 R
16 8 0 18 D
16 9 15 3 R
16 10 24 22 L
16 11 12 3 R
16 12 1 12 U
16 13 14 3 R
16 14 0 13 U
16 15 20 4 R
16 16 6 16 D
16 17 1 25 L
16 18 2 22 L
16 19 9 5 R
16 20 7 3 R
16 21 5 12 U
16 22 21 7 U
16 23 3 8 U
16 24 4 9 U
16 25 13 19 D
16 26 0 19 D
17 0 8 17 D
17 1 0 19 D
17 2 9 20 D
17 3 5 13 U
17 4 7 16 D
17 7 5 25 L
17 8 19 1 R
17 9 0 2 R
17 10 15 10 U
17 11 1 11 U
17 12 13 12 U
17 13 0 17 D
17 14 18 4 R
17 15 0 1 R
17 16 0 9 U
17 17 3 4 R
17 18 5 4 R
17 19 6 19 D
17 20 5 5 R
17 21 0 14 D
17 22 2 9 U
17 23 3 23 L
17 24 13 12 U
17 25 5 13 U
17 26 9 18 D
18 0 11 19 D
18 1 11 11 U
18 2 22 7 U
18 3 8 20 D
18 5 13 15 D
18 6 4 6 R
18 7 7 1 R
18 8 15 22 L
18 9 24 9 U
18 10 7 24 L
18 11 12 19 D
18 12 13 1 R
18 13 8 23 L
18 14 19 0 R
18 15 9 15 D
18 16 5 1 R
18 17 10 17 D
18 18 9 18 D
18 19 19 19 D
18 20 11 20 D
18 21 15 10 U
18 22 19 16 D
18 23 16 13 U
18 24 17 10 U
18 25 3 10 U
18 26 4 5 R
19 0 7 11 U
19 1 22 10 U
19 2 21 2 R
19 3 10 3 R
19 4 1 4 R
19 7 1 0 R
19 8 9 4 R
19 9 16 0 R
19 10 18 10 U
19 11 14 22 L
19 12 22 1 R
19 13 21 13 U
19 14 22 22 L
19 15 10 15 D
19 16 10 16 D
19 17 1 17 D
19 18 5 18 D
19 19 11 19 D
19 20 5 1 R
19 21 18 16 D
19 22 3 14 D
19 23 16 23 L
19 24 12 24 L
19 25 2 12 U
20 0 3 12 U
20 1 6 14 D
20 2 17 18 D
20 3 14 3 R
20 4 22 7 U
20 5 5 5 R
20 7 18 22 L
20 8 23 22 L
20 9 16 5 R
20 10 11 23 L
20 11 5 11 U
20 12 11 12 U
20 13 0 5 R
20 14 10 24 L
20 15 9 22 L
20 16 6 16 D
20 17 0 2 R
20 18 6 10 U
20 19 4 19 D
20 21 8 14 D
20 22 1 9 U
20 23 1 10 U
20 24 4 24 L
20 25 4 10 U
21 0 7 12 U
21 1 19 8 U
21 2 1 2 R
21 3 11 15 D
21 7 11 7 U
21 8 10 8 U
21 9 15 21 L
21 10 22 18 D
21 11 1 26 L
21 12 25 18 D
21 13 25 21 L
21 14 2 25 L
21 15 25 23 L
21 16 7 16 D
21 17 17 26 L
21 18 2 18 D
21 19 6 3 R
21 20 0 10 U
21 21 28 12 U
21 22 13 9 U
21 23 16 12 U
21 24 1 12 U
21 25 5 25 L
22 0 16 10 U
22 1 23 16 D
22 2 6 9 U
22 3 10 3 R
22 4 20 8 U
22 7 0 1 R
22 8 10 24 L
22 9 0 20 D
22 10 13 24 L
22 11 0 17 D
22 12 6 6 R
22 13 1 17 D
22 14 12 4 R
22 15 3 2 R
22 16 18 25 L
22 17 21 22 L
22 18 10 24 L
22 19 21 22 L
22 21 28 14 D
22 22 12 14 D
22 23 24 16 D
22 24 12 14 D
22 25 11 9 U
23 0 2 8 U
23 1 27 15 D
23 2 22 17 D
23 7 8 7 U
23 8 12 4 R
23 9 15 9 U
23 10 24 21 L
23 11 0 19 D
23 12 22 24 L
23 13 4 13 U
23 14 5 7 U
23 15 22 7 U
23 16 13 1 R
23 17 3 17 D
23 18 21 0 R
23 19 3 19 D
23 22 9 9 U
23 23 1 8 U
23 24 3 19 D
23 25 6 13 U
24 0 6 15 D
24 1 8 18 D
24 2 11 23 L
24 7 5 7 U
24 8 20 21 L
24 9 26 23 L
24 10 0 14 D
24 11 22 2 R
24 13 22 18 D
24 14 21 2 R
24 15 19 15 D
24 16 25 11 U
24 17 23 9 U
24 19 1 19 D
24 25 3 12 U
25 0 26 22 L
25 1 14 16 D
25 2 18 22 L
25 7 24 14 D
25 8 4 23 L
25 10 12 20 D
25 11 10 2 R
25 12 27 12 U
25 14 15 9 U
25 16 9 23 L
25 17 19 17 D
25 19 2 19 D
25 25 19 15 D
26 0 1 13 U
26 2 23 15 D
26 7 16 3 R
26 10 18 10 U
26 11 10 25 L
26 14 15 14 D
26 17 21 25 L
26 19 18 19 D
27 0 13 0 R
27 2 5 12 U
27 7 22 21 L
27 10 18 10 U
27 11 25 14 D
27 14 24 7 U
27 17 9 17 D
27 19 3 19 D
28 7 11 1 R
28 10 2 10 U
28 17 20 6 R

