15 13 166
0 11 0 0 0 0 0 12 0 0 0 0 0
0 0 13 0 0 0 0 9 0 0 0 0 0
1 1 0 0 0 0 0 11 0 0 0 0 10
0 9 10 6 13 0 0 1 12 0 0 0 11
0 0 0 0 10 2 8 0 12 0 0 0 6
0 0 0 0 5 0 0 0 0 0 0 0 9
0 0 0 0 0 13 0 0 0 0 0 0 12
0 0 0 0 0 14 0 8 9 0 0 0 5
0 11 6 0 3 3 0 0 5 6 13 0 6
0 11 0 12 4 0 0 14 0 0 0 0 4
0 0 0 0 0 0 0 0 11 13 14 0 5
0 0 0 11 11 8 0 0 9 0 0 0 0
0 11 0 5 0 0 0 4 0 0 9 0 12
0 0 0 0 R
0 1 0 1 R
0 2 0 2 R
0 3 0 3 U
0 4 0 4 U
0 5 0 5 U
0 6 0 6 D
0 7 0 7 D
0 8 0 8 D
0 9 0 9 L
0 10 0 10 L
0 11 0 11 L
0 12 0 12 L
1 0 12 7 D
1 1 4 1 R
1 2 5 6 D
1 3 4 9 L
1 4 3 4 U
1 5 7 5 U
1 6 5 0 R
1 7 3 7 D
1 8 3 8 D
1 9 2 3 U
1 10 5 10 L
1 11 0 1 R
1 12 11 0 R
2 0 1 8 D
2 1 6 6 D
2 2 7 2 R
2 3 6 10 L
2 4 3 9 L
2 5 1 9 L
2 6 4 1 R
2 7 11 1 R
2 8 4 4 U
2 9 11 2 R
2 10 8 10 L
2 11 10 5 U
2 12 1 12 L
3 0 6 3 U
3 1 7 8 D
3 2 8 7 D
3 3 8 3 U
3 4 4 0 R
3 5 8 5 U
3 6 0 9 L
3 7 1 0 R
3 8 1 8 D
3 9 0 8 D
3 10 6 4 U
3 11 7 3 U
4 0 8 4 U
4 1 10 6 D
4 2 11 8 D
4 3 0 11 L
4 4 3 12 L
4 5 8 2 R
4 6 12 9 L
4 7 3 7 D
4 8 5 0 R
4 9 6 6 D
4 10 1 10 L
4 11 7 11 L
5 0 0 12 L
5 1 0 8 D
5 2 0 3 U
5 3 4 3 U
5 4 6 10 L
5 5 7 5 U
5 6 3 1 R
5 7 0 10 L
5 8 14 0 R
5 9 0 4 U
5 10 1 10 L
5 11 11 11 L
5 12 1 8 D
6 0 8 0 R
6 1 12 4 U
6 2 8 4 U
6 3 0 0 R
6 4 0 10 L
6 5 7 1 R
6 6 0 1 R
6 7 0 3 U
6 8 10 8 D
6 9 0 6 D
6 10 1 10 L
6 11 10 11 L
7 0 2 6 D
7 1 2 1 R
7 2 1 2 R
7 3 0 1 R
7 4 2 9 L
7 5 11 5 U
7 6 8 10 L
7 7 6 7 D
7 8 8 9 L
7 9 0 7 D
7 10 1 4 U
8 0 0 6 D
8 1 2 8 D
8 2 6 5 U
8 3 0 9 L
8 4 6 4 U
8 5 3 5 U
8 6 3 2 R
8 7 9 2 R
8 8 10 1 R
8 9 9 6 D
8 10 1 10 L
8 12 9 12 L
9 0 0 4 U
9 1 0 9 L
9 2 2 2 R
9 3 8 0 R
9 4 10 2 R
9 5 3 10 L
9 6 0 4 U
9 7 3 7 D
9 8 7 8 D
9 9 2 8 D
9 10 6 6 D
9 11 2 5 U
10 0 0 11 L
10 1 1 11 L
10 2 1 3 U
10 3 6 3 U
10 4 4 4 U
10 5 0 7 D
10 6 9 6 D
10 7 0 2 R
10 8 9 2 R
10 9 9 7 D
10 10 7 7 D
11 0 8 8 D
11 1 2 7 D
11 2 10 9 L
11 3 6 6 D
11 4 6 4 U
11 5 3 5 U
11 6 0 5 U
11 7 1 7 D
11 8 0 2 R
11 9 0 2 R
11 10 0 3 U
11 11 2 11 L
12 0 7 0 R
12 1 0 10 L
12 2 6 4 U
12 3 8 1 R
12 4 8 8 D
12 5 9 9 L
12 6 4 3 U
12 8 3 9 L
12 9 11 0 R
12 10 11 10 L
13 0 9 6 D
13 3 10 1 R
13 4 1 11 L
13 6 5 4 U
13 9 6 7 D
13 10 12 1 R
14 0 7 8 D
14 3 13 2 R
14 4 11 4 U
14 9 8 5 U

