27 17 393
11 0 0 0 0 0 0 0 0 0 21 16
3 0 6 14 22 0 14 0 23 4 5 0
24 20 0 24 0 0 1 0 1 21 22 14
0 23 10 0 25 24 0 5 0 0 25 9
6 0 5 0 0 8 0 0 9 9 20 16
9 22 5 0 4 1 0 14 6 20 0 25
17 11 0 22 19 0 23 7 9 0 0 9
20 16 24 0 0 24 3 25 0 0 21 12
0 0 17 15 0 22 0 0 24 16 0 1
17 0 24 23 0 0 0 2 0 24 0 11
0 0 10 22 0 0 0 5 20 23 8 1
17 3 19 0 0 0 25 5 2 16 16 0
0 0 0 0 R
0 1 0 1 R
0 2 0 2 R
0 3 0 3 R
0 4 0 4 U
0 5 0 5 U
0 6 0 6 U
0 7 0 7 U
0 8 0 8 D
0 9 0 9 D
0 10 0 10 D
0 11 0 11 D
0 12 0 12 L
0 13 0 13 L
0 14 0 14 L
0 15 0 15 L
0 16 0 16 L
1 0 4 12 L
1 1 0 13 L
1 2 16 2 R
1 3 0 7 U
1 4 7 15 L
1 5 14 1 R
1 6 3 2 R
1 7 19 7 U
1 8 5 12 L
1 9 8 9 D
1 10 2 14 L
1 11 7 15 L
1 12 2 9 D
1 13 9 13 L
1 14 8 9 D
1 15 7 15 L
1 16 5 16 L
2 0 0 4 U
2 1 5 1 R
2 2 0 6 U
2 3 3 3 R
2 4 0 12 L
2 5 8 5 U
2 6 20 0 R
2 7 5 7 U
2 8 4 12 L
2 9 3 9 D
2 10 5 10 D
2 11 10 1 R
2 12 0 9 D
2 13 18 11 D
2 14 10 10 D
2 15 1 15 L
2 16 1 16 L
3 0 11 7 U
3 1 5 4 U
3 2 1 8 D
3 3 14 13 L
3 4 2 3 R
3 5 0 0 R
3 6 0 14 L
3 7 6 7 U
3 8 0 2 R
3 9 9 2 R
3 10 0 13 L
3 11 19 4 U
3 12 0 8 D
3 13 15 7 U
3 14 0 10 D
3 15 7 15 L
3 16 8 4 U
4 0 0 8 D
4 1 7 1 R
4 2 5 2 R
4 3 20 3 R
4 4 6 13 L
4 5 23 13 L
4 6 0 2 R
4 7 7 7 U
4 8 16 15 L
4 9 2 3 R
4 10 7 15 L
4 11 1 11 D
4 12 7 12 L
4 13 0 1 R
4 14 1 14 L
4 15 11 15 L
4 16 19 10 D
5 0 18 4 U
5 1 12 6 U
5 2 2 2 R
5 3 18 16 L
5 4 12 0 R
5 5 9 13 L
5 6 17 6 U
5 7 10 7 U
5 8 0 14 L
5 9 12 9 D
5 10 6 10 D
5 11 2 11 D
5 12 0 0 R
5 13 7 10 D
5 14 19 14 L
5 15 0 6 U
6 0 14 11 D
6 1 0 5 U
6 2 3 10 D
6 3 1 3 R
6 4 5 12 L
6 5 5 5 U
6 6 1 6 U
6 7 10 2 R
6 8 3 14 L
6 9 23 3 R
6 10 9 1 R
6 11 4 11 D
6 12 20 12 L
6 13 13 4 U
6 14 20 14 L
6 15 14 15 L
6 16 10 4 U
7 0 13 8 D
7 1 4 9 D
7 2 11 6 U
7 3 1 3 R
7 4 15 4 U
7 5 20 2 R
7 6 16 11 D
7 7 15 0 R
7 8 16 6 U
7 9 11 9 D
7 10 6 0 R
7 11 10 3 R
7 12 20 12 L
7 13 22 8 D
7 14 6 11 D
7 15 9 15 L
7 16 5 16 L
8 0 19 13 L
8 1 2 4 U
8 2 2 8 D
8 3 9 3 R
8 4 12 4 U
8 5 10 2 R
8 6 4 3 R
8 7 24 15 L
8 8 10 8 D
8 9 5 16 L
8 10 5 10 D
8 11 5 11 D
8 12 12 1 R
8 13 1 13 L
8 14 5 7 U
8 15 11 6 U
9 0 1 13 L
9 1 2 1 R
9 2 12 2 R
9 3 20 3 R
9 4 0 10 D
9 5 23 14 L
9 6 2 6 U
9 7 7 12 L
9 8 0 12 L
9 9 15 13 L
9 10 1 10 D
9 11 7 7 U
9 12 6 4 U
9 13 0 5 U
9 14 15 8 D
9 15 6 4 U
10 0 13 10 D
10 1 16 1 R
10 2 3 2 R
10 3 15 3 R
10 4 13 1 R
10 5 5 5 U
10 6 21 13 L
10 7 4 7 U
10 8 20 8 D
10 9 9 1 R
10 10 0 7 U
10 12 12 5 U
10 13 17 5 U
10 14 7 11 D
10 15 13 5 U
10 16 3 8 D
11 0 9 4 U
11 1 1 14 L
11 2 19 5 U
11 3 4 3 R
11 4 4 15 L
11 5 18 0 R
11 6 8 3 R
11 7 13 1 R
11 8 18 13 L
11 9 2 4 U
11 10 6 13 L
11 11 0 1 R
11 12 17 0 R
11 13 19 9 D
11 14 7 9 D
11 15 4 10 D
12 0 15 8 D
12 1 5 5 U
12 2 9 2 R
12 3 13 8 D
12 4 8 4 U
12 5 1 1 R
12 6 2 8 D
12 7 20 13 L
12 8 7 12 L
12 9 25 14 L
12 10 2 10 D
12 11 15 11 D
12 12 11 10 D
12 13 5 0 R
12 14 1 14 L
12 15 10 15 L
13 0 0 12 L
13 1 8 1 R
13 2 17 10 D
13 3 12 5 U
13 4 19 12 L
13 5 4 0 R
13 6 11 2 R
13 7 0 15 L
13 8 0 0 R
13 9 20 1 R
13 10 12 2 R
13 11 16 16 L
13 12 11 0 R
13 13 10 9 D
13 14 0 9 D
13 15 23 9 D
14 0 15 6 U
14 1 18 10 D
14 2 5 5 U
14 3 2 4 U
14 4 0 8 D
14 5 0 11 D
14 6 20 1 R
14 7 4 12 L
14 8 7 14 L
14 9 11 16 L
14 10 3 6 U
14 11 0 4 U
14 12 11 12 L
14 13 2 13 L
14 14 0 11 D
14 15 21 15 L
14 16 1 16 L
15 0 5 6 U
15 1 10 10 D
15 2 3 11 D
15 3 1 6 U
15 4 13 4 U
15 5 5 5 U
15 6 3 1 R
15 7 8 7 U
15 8 16 12 L
15 9 10 13 L
15 10 23 10 D
15 11 2 11 D
15 12 4 8 D
15 13 2 13 L
15 14 11 6 U
15 15 7 2 R
16 0 0 16 L
16 1 0 10 D
16 2 11 2 R
16 3 14 5 U
16 4 5 4 U
16 5 14 8 D
16 6 14 14 L
16 7 1 14 L
16 8 15 1 R
16 9 1 13 L
16 10 0 6 U
16 12 3 4 U
16 13 1 4 U
16 14 13 14 L
16 15 0 1 R
16 16 4 16 L
17 0 11 4 U
17 1 7 1 R
17 2 0 14 L
17 3 15 4 U
17 4 23 15 L
17 5 2 5 U
17 6 5 6 U
17 7 1 7 U
17 8 0 5 U
17 9 20 15 L
17 10 9 14 L
17 11 11 0 R
17 12 8 0 R
17 13 0 7 U
17 14 13 1 R
17 15 0 3 R
18 0 6 4 U
18 1 9 1 R
18 2 0 15 L
18 3 0 8 D
18 4 5 13 L
18 5 10 12 L
18 6 13 16 L
18 8 1 8 D
18 9 19 2 R
18 10 14 12 L
18 11 3 1 R
18 12 22 11 D
18 13 1 8 D
18 14 7 14 L
18 15 23 10 D
19 0 9 9 D
19 1 4 8 D
19 2 2 2 R
19 3 8 5 U
19 4 1 2 R
19 5 24 13 L
19 6 2 6 U
19 8 3 3 R
19 9 7 5 U
19 10 6 10 D
19 11 0 16 L
19 12 5 3 R
19 13 7 8 D
19 14 22 5 U
19 15 2 15 L
20 0 1 10 D
20 1 4 1 R
20 2 21 8 D
20 3 14 3 R
20 4 19 2 R
20 5 3 5 U
20 6 8 6 U
20 7 15 3 R
20 8 16 8 D
20 9 2 12 L
20 10 7 10 D
20 11 12 11 D
20 12 4 7 U
20 13 0 4 U
20 14 25 8 D
20 15 22 9 D
20 16 8 11 D
21 0 6 0 R
21 1 26 1 R
21 2 2 15 L
21 3 17 3 R
21 4 12 12 L
21 5 1 12 L
21 6 23 12 L
21 8 16 0 R
21 10 18 1 R
21 12 8 12 L
21 15 10 15 L
22 0 18 5 U
22 1 6 1 R
22 2 5 2 R
22 3 3 3 R
22 4 11 3 R
22 5 0 1 R
22 6 6 6 U
22 7 3 0 R
22 8 21 2 R
22 10 23 0 R
22 12 1 5 U
22 15 21 8 D
23 0 7 9 D
23 1 0 9 D
23 2 4 2 R
23 3 1 8 D
23 4 6 4 U
23 5 18 5 U
23 8 17 15 L
23 9 20 0 R
23 10 7 10 D
23 12 22 12 L
23 13 14 13 L
23 15 17 5 U
24 0 21 13 L
24 1 17 12 L
24 2 6 2 R
24 3 14 11 D
24 4 10 2 R
24 5 3 5 U
24 8 10 2 R
24 10 23 2 R
24 15 4 3 R
25 2 5 6 U
25 3 16 15 L
25 4 17 15 L
25 5 15 3 R
25 8 16 1 R
26 2 1 2 R

