11 14 133
8 0 0 0 0 0 0 0 0 0 6 0 0 0 0
0 0 0 0 0 0 0 0 0 0 0 0 0 0 0
10 4 0 8 0 0 0 0 4 0 0 6 0 0 7
10 0 0 0 0 0 0 0 9 0 5 0 0 0 0
0 8 0 2 0 0 0 0 0 0 0 0 0 0 0
10 9 0 0 0 0 0 0 0 0 0 3 0 4 7
8 8 7 0 0 0 0 0 0 0 0 0 8 0 0
0 0 0 0 0 0 0 0 0 0 0 0 0 0 0
0 2 0 0 0 4 0 0 0 5 3 0 0 0 10
8 0 0 0 0 0 0 7 5 0 7 5 0 0 0
1 9 0 0 0 0 0 0 8 0 0 0 0 0 0
9 6 0 0 0 0 4 0 2 0 0 0 0 0 1
0 0 0 0 0 0 0 0 0 0 0 0 0 9 3
0 0 8 0 0 0 7 0 0 0 0 2 0 0 0
7 0 3 0 0 3 5 7 0 4 0 0 0 10 0
0 0 0 0 U
0 1 0 1 U
0 2 0 2 U
0 3 0 3 U
0 4 0 4 R
0 5 0 5 R
0 6 0 6 R
0 7 0 7 R
0 8 0 8 D
0 9 0 9 D
0 10 0 10 D
0 11 0 11 L
0 12 0 12 L
0 13 0 13 L
1 0 0 4 R
1 1 2 1 U
1 2 5 2 U
1 3 0 6 R
1 4 0 8 D
1 5 0 0 U
1 6 5 12 L
1 7 4 7 R
1 8 6 0 U
1 9 0 5 R
1 10 0 6 R
1 11 0 0 U
1 12 6 12 L
1 13 5 13 L
2 0 3 11 L
2 1 4 1 U
2 2 3 2 U
2 3 9 3 U
2 4 0 1 U
2 5 7 9 D
2 6 3 6 R
2 7 0 13 L
2 8 8 4 R
2 9 3 9 D
2 10 6 10 D
2 11 5 11 L
2 12 7 9 D
2 13 4 13 L
3 0 0 12 L
3 1 7 7 R
3 2 5 4 R
3 3 7 3 U
3 4 0 11 L
3 5 0 9 D
3 6 0 10 D
3 7 2 7 R
3 8 7 5 R
3 9 4 9 D
3 10 0 13 L
3 11 0 8 D
3 12 7 2 U
3 13 1 9 D
4 0 6 13 L
4 1 1 9 D
4 2 3 4 R
4 3 0 8 D
4 4 2 8 D
4 5 3 8 D
4 6 5 10 D
4 7 7 8 D
4 8 0 11 L
4 9 6 5 R
4 10 2 5 R
4 11 6 2 U
4 12 0 6 R
4 13 5 10 D
5 0 4 12 L
5 1 0 11 L
5 2 2 5 R
5 4 3 0 U
5 5 1 5 R
5 6 0 8 D
5 7 0 3 U
5 8 1 8 D
5 9 2 7 R
5 10 7 6 R
5 11 6 9 D
5 12 8 1 U
5 13 10 2 U
6 0 3 12 L
6 1 3 4 R
6 2 2 2 U
6 3 2 5 R
6 4 2 4 R
6 5 2 13 L
6 6 1 6 R
6 8 0 6 R
6 9 1 5 R
6 10 0 1 U
6 11 3 11 L
6 12 1 10 D
6 13 0 3 U
7 0 4 11 L
7 1 0 13 L
7 2 6 6 R
7 4 6 10 D
7 5 1 0 U
7 6 5 8 D
7 8 0 4 R
7 9 0 12 L
7 10 6 10 D
7 11 3 11 L
7 12 0 5 R
7 13 6 1 U
8 0 3 9 D
8 1 4 12 L
8 2 5 2 U
8 3 1 3 U
8 4 1 1 U
8 5 6 13 L
8 6 2 6 R
8 8 4 2 U
8 9 2 6 R
8 10 5 6 R
8 11 9 1 U
8 12 4 9 D
9 0 5 0 U
9 4 4 3 U
9 8 1 4 R
9 9 4 4 R
9 10 8 4 R
9 11 2 9 D
9 12 3 2 U
9 13 8 3 U
10 2 9 4 R
10 8 0 0 U
10 9 2 4 R
10 11 6 10 D
10 12 2 10 D

