19 19 287
5 6 15 0 0 16 0 0 0 0 0 0 0 0 17 0 16 8
0 0 4 17 8 0 0 0 0 0 0 0 0 0 0 0 0 4
0 0 0 0 3 0 0 0 0 1 0 0 0 0 0 0 0 0
0 0 0 0 0 1 0 0 0 0 0 0 0 1 0 0 0 0
9 8 0 0 0 0 0 0 0 0 0 0 0 0 15 0 0 0
18 15 1 0 17 0 0 0 0 0 0 0 0 0 0 0 12 12
0 0 0 0 0 14 0 0 0 14 0 6 0 0 1 0 10 6
0 0 2 6 12 0 0 0 0 14 0 0 0 0 13 0 0 0
0 1 0 9 0 14 0 0 0 0 0 0 0 0 0 0 0 11
4 0 0 0 0 7 0 0 0 0 0 0 0 0 0 0 0 13
3 0 17 17 1 0 0 0 0 0 0 0 7 0 0 0 9 6
0 14 0 13 0 0 0 6 0 0 1 10 0 0 0 0 0 13
15 12 0 0 8 0 5 0 11 0 0 0 6 0 0 0 0 0
6 7 6 0 0 15 0 0 0 16 0 0 0 0 0 0 15 2
0 15 0 0 1 0 0 10 3 0 0 0 0 0 0 0 0 4
0 0 0 0 0 0 0 0 0 0 2 6 6 0 0 0 0 0
0 0 0 0 0 12 0 7 13 0 0 0 0 0 0 0 14 0
0 0 0 11 0 0 0 4 1 14 16 0 0 0 0 0 18 0
0 0 0 0 L
0 1 0 1 L
0 2 0 2 L
0 3 0 3 L
0 4 0 4 L
0 5 0 5 R
0 6 0 6 R
0 7 0 7 R
0 8 0 8 R
0 9 0 9 D
0 10 0 10 D
0 11 0 11 D
0 12 0 12 D
0 13 0 13 D
0 14 0 14 U
0 15 0 15 U
0 16 0 16 U
0 17 0 17 U
0 18 0 18 U
1 0 8 17 U
1 1 0 18 U
1 2 8 15 U
1 3 0 16 U
1 4 11 18 U
1 5 0 9 D
1 6 0 0 L
1 7 7 7 R
1 8 6 12 D
1 9 0 5 R
1 10 8 6 R
1 11 8 6 R
1 12 2 12 D
1 13 2 13 D
1 14 2 1 L
1 15 3 15 U
1 16 7 1 L
1 17 10 17 U
1 18 4 18 U
2 0 9 14 U
2 1 10 10 D
2 2 11 11 D
2 3 6 16 U
2 4 4 12 D
2 5 12 10 D
2 6 5 6 R
2 7 1 9 D
2 8 3 8 R
2 9 5 8 R
2 10 13 1 L
2 11 13 1 L
2 12 13 0 L
2 13 5 13 D
2 14 6 14 U
2 15 5 15 U
2 16 1 16 U
2 17 4 17 U
2 18 3 18 U
3 0 2 14 U
3 1 7 17 U
3 2 2 2 L
3 3 0 17 U
3 4 9 13 D
3 5 6 9 D
3 6 7 9 D
3 7 0 10 D
3 8 0 14 U
3 9 13 9 D
3 10 10 7 R
3 11 1 5 R
3 12 2 12 D
3 13 4 2 L
3 14 10 7 R
3 15 12 6 R
3 16 5 16 U
3 17 8 4 L
3 18 5 3 L
4 0 10 12 D
4 1 8 16 U
4 2 6 2 L
4 3 3 9 D
4 4 10 4 L
4 5 0 16 U
4 6 12 0 L
4 7 7 12 D
4 8 1 8 R
4 9 0 14 U
4 10 7 10 D
4 11 2 11 D
4 12 1 6 R
4 13 1 13 D
4 14 2 14 U
4 15 11 6 R
4 16 8 0 L
4 17 2 6 R
4 18 6 18 U
5 0 0 15 U
5 1 1 1 L
5 2 3 2 L
5 3 4 3 L
5 4 6 11 D
5 5 0 2 L
5 6 7 1 L
5 7 12 9 D
5 8 1 11 D
5 9 3 2 L
5 10 12 5 R
5 11 2 0 L
5 12 1 12 D
5 13 1 5 R
5 14 0 7 R
5 15 4 15 U
5 16 12 16 U
5 17 1 17 U
5 18 14 18 U
6 0 9 10 D
6 1 11 1 L
6 2 1 2 L
6 3 10 17 U
6 4 0 5 R
6 5 0 3 L
6 6 9 10 D
6 7 9 10 D
6 8 12 11 D
6 9 0 1 L
6 10 0 15 U
6 11 4 2 L
6 12 12 7 R
6 13 7 13 D
6 14 1 1 L
6 15 4 5 R
6 16 4 3 L
6 17 2 8 R
6 18 2 6 R
7 0 13 18 U
7 1 8 1 L
7 2 2 11 D
7 3 8 3 L
7 4 8 4 L
7 5 3 5 R
7 6 14 11 D
7 7 5 7 R
7 8 0 9 D
7 9 8 5 R
7 10 5 6 R
7 11 4 11 D
7 12 9 12 D
7 13 14 1 L
7 14 1 4 L
7 15 10 15 U
7 16 9 16 U
7 18 5 0 L
8 0 0 14 U
8 1 0 10 D
8 2 1 15 U
8 3 11 15 U
8 4 12 10 D
8 5 5 5 R
8 6 6 6 R
8 7 5 7 R
8 8 5 8 R
8 9 11 5 R
8 10 4 10 D
8 11 10 0 L
8 12 1 1 L
8 13 1 6 R
8 14 1 14 U
8 15 4 4 L
8 16 7 4 L
8 17 0 4 L
8 18 7 18 U
9 0 7 9 D
9 1 8 5 R
9 2 0 8 R
9 3 16 3 L
9 4 15 4 L
9 5 10 9 D
9 6 0 1 L
9 7 0 11 D
9 8 5 8 R
9 9 0 16 U
9 10 10 5 R
9 11 4 11 D
9 12 10 12 D
9 13 4 17 U
9 14 5 2 L
9 15 0 2 L
9 16 6 8 R
9 17 1 17 U
9 18 13 8 R
10 0 6 9 D
10 1 6 10 D
10 2 4 15 U
10 4 7 4 L
10 5 1 17 U
10 6 5 6 R
10 7 8 3 L
10 8 9 10 D
10 9 0 2 L
10 10 3 10 D
10 11 5 11 D
10 12 1 12 D
10 14 0 5 R
10 15 2 7 R
10 16 12 7 R
10 18 5 18 U
11 0 4 10 D
11 1 13 16 U
11 2 13 14 U
11 4 1 17 U
11 5 3 13 D
11 6 6 6 R
11 7 7 10 D
11 8 9 3 L
11 9 4 5 R
11 10 0 7 R
11 11 8 4 L
11 12 2 5 R
11 14 3 13 D
11 15 5 6 R
11 16 12 5 R
11 17 3 5 R
11 18 12 7 R
12 0 3 16 U
12 1 11 11 D
12 3 6 12 D
12 5 0 12 D
12 6 0 14 U
12 7 9 7 R
12 8 14 15 U
12 9 0 0 L
12 10 0 18 U
12 11 2 11 D
12 12 14 7 R
12 14 0 1 L
12 15 0 0 L
12 16 0 8 R
12 18 7 4 L
13 0 3 15 U
13 1 12 14 U
13 2 10 13 D
13 3 7 13 D
13 5 1 0 L
13 6 6 4 L
13 7 4 15 U
13 8 4 8 R
13 9 11 14 U
13 10 0 6 R
13 11 1 8 R
13 12 2 12 D
13 14 0 6 R
13 15 5 15 U
13 16 8 16 U
13 17 2 17 U
13 18 14 18 U
14 0 2 18 U
14 5 5 5 R
14 6 6 14 U
14 7 1 7 R
14 9 7 5 R
14 10 8 7 R
14 11 8 5 R
14 12 13 12 D
14 14 9 1 L
14 15 8 2 L
14 16 2 16 U
14 18 7 18 U
15 0 13 0 L
15 5 1 5 R
15 6 4 9 D
15 7 7 7 R
15 10 8 0 L
15 11 0 8 R
15 12 0 17 U
15 14 11 4 L
15 15 2 15 U
16 0 10 0 L
16 5 8 5 R
16 6 9 9 D
16 7 10 9 D
16 14 10 3 L
17 0 7 0 L
17 5 15 12 D
17 6 8 6 R
17 7 1 12 D
17 14 5 9 D
18 0 12 10 D
18 5 6 0 L

