17 12 166
10 0 1 16 0 0 0 0 0 9 0 0 0 0 0 2 0 0 3
7 4 0 0 0 4 0 0 14 0 0 14 0 0 0 0 0 0 0
0 0 0 0 0 15 13 0 0 0 0 0 0 1 0 8 0 0 0
0 0 0 14 0 0 0 0 7 13 0 0 0 0 0 0 0 3 0
10 0 0 0 0 0 0 0 0 6 0 0 0 0 14 0 0 0 0
0 0 0 13 0 12 0 0 14 13 0 2 0 9 0 0 0 8 9
0 12 0 0 0 11 0 1 7 0 0 10 13 5 0 0 0 0 0
0 1 0 0 0 0 0 0 0 3 0 0 0 0 0 0 0 0 0
0 0 0 0 0 0 0 6 0 0 13 0 0 3 0 0 0 0 0
0 0 14 0 0 0 0 12 0 4 8 4 0 8 0 0 0 0 0
3 8 0 0 0 0 0 0 0 0 0 3 0 0 0 0 0 0 5
0 0 0 0 0 0 0 0 5 11 0 0 0 0 0 0 0 0 0
0 0 11 0 0 0 2 0 0 0 0 0 0 6 0 1 13 0 0
13 0 0 13 0 15 0 8 0 0 0 0 0 0 0 0 0 0 10
0 8 0 0 0 6 3 0 0 0 0 0 0 0 0 0 0 0 0
0 4 0 0 0 0 0 10 0 0 0 4 2 2 0 0 0 0 9
0 0 0 0 0 0 0 0 0 0 0 0 0 0 11 0 0 13 0
0 0 0 0 0 0 0 0 0 0 0 0 0 0 0 0 0 0 0
2 0 0 2 0 0 9 2 0 0 7 0 0 0 0 0 0 0 0
0 0 0 0 L
0 1 0 1 L
0 2 0 2 L
0 3 0 3 R
0 4 0 4 R
0 5 0 5 R
0 6 0 6 D
0 7 0 7 D
0 8 0 8 D
0 9 0 9 U
0 10 0 10 U
0 11 0 11 U
1 0 0 10 U
1 1 10 9 U
1 2 3 9 U
1 3 3 3 R
1 4 10 4 R
1 5 3 5 R
1 6 4 3 R
1 7 0 5 R
1 9 6 9 U
1 10 7 6 D
1 11 4 1 L
2 0 11 5 R
2 1 5 1 L
2 2 4 2 L
2 3 7 11 U
2 4 0 10 U
2 5 9 5 R
2 6 0 3 R
2 7 0 1 L
2 9 0 0 L
2 10 1 0 L
2 11 11 5 R
3 0 0 11 U
3 1 1 10 U
3 2 1 9 U
3 3 8 3 R
3 4 7 4 R
3 5 0 7 D
3 6 6 6 D
3 7 1 5 R
3 9 4 2 L
3 10 6 10 U
3 11 6 1 L
4 0 0 3 R
4 1 13 1 L
4 2 8 2 L
4 3 9 9 U
4 4 2 4 R
4 5 5 5 R
4 6 7 3 R
4 7 8 7 D
4 9 12 0 L
4 10 2 2 L
4 11 11 0 L
5 0 6 6 D
5 1 13 7 D
5 2 8 9 U
5 3 7 7 D
5 4 8 6 D
5 5 9 5 R
5 6 0 4 R
5 7 1 7 D
5 9 7 0 L
5 10 12 3 R
5 11 9 11 U
6 0 5 7 D
6 1 4 10 U
6 2 13 8 D
6 3 10 11 U
6 4 3 10 U
6 5 12 6 D
6 6 11 6 D
6 7 0 0 L
6 9 13 3 R
6 10 10 5 R
6 11 2 11 U
7 0 1 10 U
7 1 1 1 L
7 2 0 7 D
7 3 0 6 D
7 4 2 4 R
7 5 5 7 D
7 6 0 10 U
7 7 9 4 R
7 9 0 2 L
7 10 0 1 L
7 11 4 4 R
8 0 0 4 R
8 1 5 5 R
8 2 5 7 D
8 3 0 9 U
8 4 3 6 D
8 5 7 6 D
8 6 3 4 R
8 7 2 0 L
8 9 7 1 L
8 10 9 10 U
8 11 9 11 U
9 0 11 4 R
9 1 14 1 L
9 2 2 2 L
9 3 6 10 U
9 4 3 7 D
9 5 16 9 U
9 6 8 0 L
9 7 8 4 R
9 8 0 2 L
9 9 6 5 R
9 10 1 10 U
9 11 11 2 L
10 0 4 6 D
10 1 0 9 U
10 2 3 11 U
10 3 7 0 L
10 4 13 4 R
10 5 2 5 R
10 6 12 0 L
10 7 0 9 U
10 8 4 2 L
10 9 2 4 R
10 10 5 3 R
11 0 14 10 U
11 1 8 1 L
11 2 12 2 L
11 3 0 8 D
11 4 12 4 R
11 5 9 7 D
11 6 5 4 R
11 7 2 9 U
11 9 2 1 L
11 10 9 10 U
11 11 0 5 R
12 1 10 1 L
12 2 13 10 U
12 3 0 11 U
12 4 3 4 R
12 5 2 10 U
12 6 2 6 D
12 7 11 5 R
12 9 4 0 L
12 10 4 0 L
13 0 0 6 D
13 1 2 1 L
13 2 9 2 L
13 3 0 0 L
13 4 2 9 U
13 5 15 5 R
13 7 8 5 R
13 9 11 9 U
13 10 0 3 R
14 1 3 10 U
14 2 2 2 L
14 3 7 6 D
14 4 2 4 R
14 5 0 2 L
14 7 12 7 D
14 9 0 7 D
14 10 3 10 U
15 1 12 11 U
15 3 14 6 D
15 7 8 0 L
15 10 8 10 U
16 1 11 1 L
16 4 15 7 D

