24 19 384
5 0 17 15 15 0 0 15 22 4 0 1 0 0 12 0
17 0 0 0 0 1 15 23 0 7 2 0 0 0 0 17
4 0 8 0 0 0 0 21 20 21 0 0 21 0 3 16
0 5 17 0 4 0 0 0 20 0 0 21 0 0 15 6
0 17 0 0 9 19 13 0 0 14 0 8 0 3 0 0
17 0 0 19 0 14 0 22 5 18 0 19 0 0 4 20
0 20 22 0 20 0 0 0 22 0 19 0 2 0 18 0
13 0 0 0 0 0 5 2 9 19 20 23 5 0 1 8
4 20 2 0 0 21 22 11 10 18 0 0 0 19 14 3
18 21 0 6 1 2 0 0 3 0 4 2 6 2 3 0
18 4 2 15 11 0 0 5 13 12 13 0 0 17 0 20
21 0 0 0 0 0 0 18 0 0 0 0 0 5 0 4
0 1 0 0 14 0 9 0 13 0 0 0 0 7 0 0
0 0 0 0 21 0 0 0 2 0 0 20 0 15 18 0
17 2 0 0 15 0 0 5 0 0 0 19 20 12 17 0
13 0 0 0 19 0 5 19 7 0 0 0 2 0 1 19
0 0 0 0 L
0 1 0 1 L
0 2 0 2 L
0 3 0 3 L
0 4 0 4 L
0 5 0 5 L
0 6 0 6 R
0 7 0 7 R
0 8 0 8 R
0 9 0 9 R
0 10 0 10 R
0 11 0 11 D
0 12 0 12 D
0 13 0 13 D
0 14 0 14 D
0 15 0 15 U
0 16 0 16 U
0 17 0 17 U
0 18 0 18 U
1 0 3 15 U
1 1 3 1 L
1 2 3 2 L
1 3 0 12 D
1 4 10 4 L
1 5 3 6 R
1 6 2 12 D
1 7 9 7 R
1 8 7 17 U
1 9 0 2 L
1 10 8 11 D
1 11 8 2 L
1 12 18 0 L
1 13 7 8 R
1 14 4 14 D
1 15 2 6 R
1 16 0 2 L
1 17 11 0 L
1 18 0 7 R
2 0 16 15 U
2 1 0 7 R
2 2 5 2 L
2 3 3 3 L
2 4 1 4 L
2 5 16 5 L
2 6 1 17 U
2 7 7 16 U
2 8 1 8 R
2 9 0 15 U
2 10 1 10 R
2 11 10 0 L
2 12 8 12 D
2 13 9 2 L
2 14 13 2 L
2 15 0 14 D
2 16 8 16 U
2 17 9 6 R
2 18 14 18 U
3 0 0 16 U
3 1 4 11 D
3 2 5 8 R
3 3 0 14 D
3 4 16 4 L
3 5 19 5 L
3 6 0 13 D
3 7 2 7 R
3 8 1 8 R
3 9 0 1 L
3 10 2 10 R
3 11 0 6 R
3 12 0 1 L
3 13 17 13 D
3 14 0 9 R
3 15 6 9 R
3 16 5 16 U
3 17 10 17 U
3 18 0 14 D
4 0 11 0 L
4 1 7 15 U
4 2 8 2 L
4 3 6 18 U
4 4 11 11 D
4 5 15 5 L
4 6 0 11 D
4 7 2 13 D
4 8 8 8 R
4 9 3 9 R
4 10 11 10 R
4 11 19 6 R
4 12 6 3 L
4 13 6 13 D
4 14 3 14 D
4 15 0 3 L
4 16 7 16 U
4 17 2 2 L
4 18 9 18 U
5 0 2 6 R
5 1 8 1 L
5 2 0 16 U
5 3 11 3 L
5 4 16 14 D
5 6 14 6 R
5 7 0 16 U
5 8 0 18 U
5 9 17 9 R
5 10 3 10 R
5 11 2 10 R
5 12 7 0 L
5 13 2 8 R
5 14 14 10 R
5 15 0 9 R
5 16 0 12 D
5 17 12 17 U
5 18 11 10 R
6 0 10 11 D
6 1 0 14 D
6 2 3 15 U
6 3 10 6 R
6 4 5 4 L
6 5 5 5 L
6 6 1 6 R
6 7 3 7 R
6 8 3 18 U
6 9 1 9 R
6 10 13 11 D
6 11 8 7 R
6 12 11 10 R
6 13 18 2 L
6 14 7 14 D
6 15 0 0 L
6 16 1 7 R
6 17 7 1 L
6 18 7 18 U
7 0 0 15 U
7 1 1 13 D
7 2 0 13 D
7 3 1 3 L
7 4 13 18 U
7 6 10 17 U
7 7 0 15 U
7 8 12 16 U
7 9 0 13 D
7 10 14 14 D
7 11 0 0 L
7 12 0 7 R
7 13 2 3 L
7 14 0 1 L
7 15 4 15 U
7 16 1 1 L
7 17 4 17 U
7 18 8 9 R
8 0 4 18 U
8 1 9 1 L
8 2 1 17 U
8 3 4 3 L
8 4 5 4 L
8 6 5 14 D
8 7 0 12 D
8 8 2 17 U
8 9 1 9 R
8 10 4 10 R
8 11 0 15 U
8 12 0 10 R
8 13 15 6 R
8 14 0 4 L
8 15 4 15 U
8 16 15 2 L
8 17 4 0 L
8 18 2 2 L
9 0 0 13 D
9 1 0 11 D
9 2 0 18 U
9 3 10 3 L
9 4 0 7 R
9 6 0 17 U
9 7 0 14 D
9 8 5 8 R
9 9 2 15 U
9 10 8 10 R
9 11 4 11 D
9 12 4 12 D
9 13 6 7 R
9 14 2 14 D
9 15 7 15 U
9 16 6 3 L
9 17 4 6 R
9 18 5 18 U
10 0 8 14 D
10 1 11 17 U
10 2 0 17 U
10 3 9 8 R
10 4 12 4 L
10 6 2 16 U
10 7 4 7 R
10 8 2 8 R
10 9 9 1 L
10 10 9 15 U
10 11 5 1 L
10 12 12 12 D
10 13 0 17 U
10 14 9 4 L
10 15 4 7 R
10 16 4 11 D
10 17 0 1 L
10 18 13 18 U
11 0 7 13 D
11 1 3 18 U
11 2 1 2 L
11 3 15 17 U
11 4 5 4 L
11 6 14 11 D
11 7 14 11 D
11 8 16 8 R
11 9 3 9 R
11 10 5 10 R
11 11 7 8 R
11 12 6 8 R
11 13 8 0 L
11 14 17 8 R
11 15 1 1 L
11 16 1 6 R
11 17 16 12 D
11 18 1 18 U
12 0 6 11 D
12 1 2 16 U
12 2 2 2 L
12 3 10 3 L
12 4 10 4 L
12 6 16 15 U
12 7 0 0 L
12 8 15 8 R
12 9 8 9 R
12 10 10 18 U
12 11 3 0 L
12 12 2 12 D
12 13 9 9 R
12 14 0 6 R
12 15 4 15 U
12 16 10 12 D
12 17 4 17 U
12 18 0 11 D
13 0 18 12 D
13 1 17 18 U
13 2 5 13 D
13 3 2 3 L
13 4 0 8 R
13 6 4 11 D
13 7 7 12 D
13 8 1 11 D
13 9 9 12 D
13 10 6 10 R
13 11 7 0 L
13 12 0 8 R
13 13 5 15 U
13 14 9 14 D
13 15 5 0 L
13 16 20 16 U
13 17 16 17 U
13 18 14 14 D
14 0 13 7 R
14 1 16 11 D
14 2 6 10 R
14 3 6 3 L
14 4 9 4 L
14 6 0 3 L
14 7 6 7 R
14 8 8 15 U
14 9 15 13 D
14 10 4 15 U
14 11 9 11 D
14 12 5 12 D
14 13 4 10 R
14 14 7 14 D
14 15 13 4 L
14 16 17 4 L
14 17 13 4 L
14 18 15 8 R
15 0 10 17 U
15 1 17 12 D
15 2 14 16 U
15 3 4 16 U
15 4 19 4 L
15 6 2 18 U
15 7 12 3 L
15 8 11 13 D
15 10 13 13 D
15 11 5 10 R
15 12 8 12 D
15 13 10 7 R
15 14 0 8 R
15 15 3 1 L
15 16 1 12 D
15 17 0 13 D
15 18 3 12 D
16 0 8 16 U
16 2 0 12 D
16 3 6 15 U
16 4 2 4 L
16 6 11 16 U
16 7 1 7 R
16 8 13 16 U
16 9 2 9 R
16 10 9 10 R
16 11 3 3 L
16 12 18 16 U
16 13 18 13 D
16 14 6 14 D
16 15 6 15 U
16 16 3 16 U
16 17 20 13 D
16 18 0 0 L
17 0 9 14 D
17 1 15 1 L
17 2 11 15 U
17 3 14 17 U
17 4 0 17 U
17 6 15 14 D
17 7 18 13 D
17 8 2 15 U
17 10 2 10 R
17 11 18 1 L
17 12 8 2 L
17 13 14 13 D
17 14 4 14 D
17 15 0 6 R
17 16 1 0 L
17 17 19 5 L
17 18 6 0 L
18 0 1 14 D
18 1 3 17 U
18 2 1 18 U
18 3 8 3 L
18 4 19 12 D
18 6 3 6 R
18 7 12 15 U
18 8 15 11 D
18 10 9 17 U
18 11 17 2 L
18 12 6 12 D
18 13 6 17 U
18 14 11 9 R
18 15 12 3 L
18 16 4 16 U
18 17 17 17 U
18 18 12 8 R
19 0 13 0 L
19 3 3 3 L
19 4 8 15 U
19 7 18 2 L
19 8 3 8 R
19 9 18 9 R
19 10 0 3 L
19 11 8 15 U
19 12 5 9 R
19 14 3 14 D
19 15 18 7 R
19 16 16 7 R
19 17 5 17 U
19 18 4 4 L
20 0 6 0 L
20 3 16 16 U
20 4 19 8 R
20 7 15 7 R
20 8 0 11 D
20 11 12 3 L
20 12 5 6 R
20 15 12 1 L
20 16 2 16 U
20 17 8 8 R
20 18 12 18 U
21 3 12 3 L
21 4 11 9 R
21 7 4 7 R
21 8 5 8 R
21 12 13 12 D
21 15 5 6 R
21 16 13 8 R
21 18 2 3 L
22 7 10 17 U
22 8 5 8 R
22 12 21 1 L
22 15 14 7 R
22 16 2 1 L
23 12 1 12 D
23 15 21 8 R

