24 26 561
1 2 18 0 0 12 18 0 1 18 2 2 0 8 0 0 20
0 20 0 0 0 16 0 0 7 8 13 4 0 19 22 0 7
20 0 0 16 6 2 0 11 12 0 0 7 21 0 0 5 7
0 19 0 17 0 0 18 13 0 0 12 16 0 11 3 0 7
0 0 5 0 0 9 0 18 0 3 0 1 0 0 0 0 0
0 0 0 9 13 17 0 21 5 0 22 0 22 17 11 0 0
12 2 18 8 13 3 21 0 0 13 0 19 0 23 0 0 0
0 3 0 0 0 0 17 3 0 0 0 0 0 0 23 18 4
0 16 0 0 16 3 0 0 22 0 4 7 0 0 0 0 0
21 17 0 0 0 14 20 0 8 0 13 10 0 0 22 0 15
0 0 0 1 3 17 0 1 0 0 8 0 0 0 0 0 0
0 0 1 10 9 18 21 16 0 0 10 0 0 3 0 1 1
16 19 0 0 21 22 0 0 0 0 20 23 20 20 0 0 0
18 20 0 0 0 0 22 0 0 5 0 10 0 19 0 0 3
0 17 0 0 0 15 0 0 0 19 14 0 0 20 19 0 2
11 4 0 0 0 1 21 0 0 9 4 0 1 15 4 0 17
18 0 0 0 0 0 0 0 0 0 0 0 0 0 21 18 10
0 0 0 0 U
0 1 0 1 U
0 2 0 2 U
0 3 0 3 U
0 4 0 4 U
0 5 0 5 U
0 6 0 6 R
0 7 0 7 R
0 8 0 8 R
0 9 0 9 R
0 10 0 10 R
0 11 0 11 R
0 12 0 12 R
0 13 0 13 D
0 14 0 14 D
0 15 0 15 D
0 16 0 16 D
0 17 0 17 D
0 18 0 18 D
0 19 0 19 L
0 20 0 20 L
0 21 0 21 L
0 22 0 22 L
0 23 0 23 L
0 24 0 24 L
0 25 0 25 L
1 0 14 20 L
1 1 0 21 L
1 2 2 20 L
1 3 2 3 U
1 4 11 20 L
1 5 3 5 U
1 6 0 13 D
1 7 0 2 U
1 8 10 8 R
1 9 7 9 R
1 10 4 10 R
1 11 5 11 R
1 12 2 12 R
1 13 0 6 R
1 14 0 7 R
1 15 18 6 R
1 16 2 16 D
1 17 2 17 D
1 18 7 21 L
1 19 0 6 R
1 20 18 1 U
1 21 4 7 R
1 22 9 2 U
1 23 17 1 U
1 24 0 7 R
1 25 2 25 L
2 0 0 20 L
2 1 4 1 U
2 2 11 2 U
2 3 14 25 L
2 4 16 8 R
2 5 8 22 L
2 6 7 22 L
2 7 6 7 R
2 8 16 4 U
2 9 7 9 R
2 10 9 10 R
2 11 10 16 D
2 12 1 12 R
2 13 14 24 L
2 14 1 14 D
2 15 1 15 D
2 16 1 9 R
2 17 11 20 L
2 18 3 18 D
2 19 14 19 L
2 20 6 20 L
2 21 10 21 L
2 22 0 14 D
2 23 14 23 L
2 24 9 24 L
2 25 16 25 L
3 0 0 6 R
3 1 0 14 D
3 2 4 21 L
3 3 1 20 L
3 4 8 4 U
3 5 2 5 U
3 6 0 21 L
3 7 7 7 R
3 8 5 5 U
3 9 12 17 D
3 10 1 2 U
3 11 15 2 U
3 12 17 17 D
3 13 6 12 R
3 14 7 24 L
3 15 1 2 U
3 16 15 19 L
3 17 1 17 D
3 18 7 18 D
3 19 2 19 L
3 20 5 13 D
3 21 5 1 U
3 22 1 3 U
3 23 9 13 D
3 24 0 12 R
3 25 18 18 D
4 0 2 13 D
4 1 10 6 R
4 2 3 22 L
4 3 2 21 L
4 4 2 4 U
4 5 19 25 L
4 6 3 14 D
4 7 20 22 L
4 8 2 14 D
4 9 9 9 R
4 10 6 10 R
4 11 2 4 U
4 12 15 12 R
4 13 13 7 R
4 14 3 14 D
4 15 13 15 D
4 16 2 16 D
4 17 6 4 U
4 18 8 18 D
4 19 0 5 U
4 20 0 13 D
4 21 0 16 D
4 22 12 11 R
4 23 1 23 L
4 24 18 24 L
4 25 5 25 L
5 0 0 10 R
5 1 9 23 L
5 2 3 12 R
5 3 4 24 L
5 4 8 4 U
5 5 6 21 L
5 6 2 14 D
5 7 0 19 L
5 8 10 8 R
5 9 12 3 U
5 10 1 10 R
5 11 13 3 U
5 12 9 5 U
5 13 20 19 L
5 14 18 8 R
5 15 0 11 R
5 16 2 2 U
5 17 3 24 L
5 18 0 22 L
5 19 14 19 L
5 20 20 20 L
5 21 6 1 U
5 22 13 16 D
5 23 10 0 U
5 24 0 9 R
5 25 7 2 U
6 0 16 24 L
6 1 3 9 R
6 2 0 7 R
6 3 0 17 D
6 4 0 16 D
6 5 1 5 U
6 6 2 15 D
6 7 2 7 R
6 8 1 0 U
6 9 13 9 R
6 10 2 1 U
6 11 4 11 R
6 12 12 12 R
6 13 11 9 R
6 14 1 20 L
6 15 8 10 R
6 16 15 8 R
6 17 8 24 L
6 18 8 18 D
6 19 1 1 U
6 20 0 0 U
6 21 2 21 L
6 22 1 22 L
6 23 11 7 R
6 24 19 10 R
6 25 5 25 L
7 0 8 23 L
7 1 11 21 L
7 2 0 8 R
7 3 1 3 U
7 4 14 22 L
7 5 18 8 R
7 6 14 0 U
7 7 11 0 U
7 8 0 22 L
7 9 9 4 U
7 10 0 19 L
7 11 0 16 D
7 12 10 18 D
7 13 3 8 R
7 14 0 10 R
7 15 13 19 L
7 16 0 2 U
7 17 14 11 R
7 18 4 1 U
7 19 0 18 D
7 20 4 20 L
7 21 1 3 U
7 22 6 18 D
7 23 1 23 L
7 24 14 3 U
7 25 1 12 R
8 0 0 19 L
8 1 10 24 L
8 2 15 2 U
8 3 10 3 U
8 4 3 4 U
8 5 6 5 U
8 6 3 17 D
8 7 4 7 R
8 8 9 15 D
8 9 20 16 D
8 10 2 2 U
8 11 5 14 D
8 12 10 14 D
8 13 0 19 L
8 14 4 14 D
8 15 2 9 R
8 16 2 16 D
8 17 3 17 D
8 18 17 23 L
8 19 19 7 R
8 20 2 20 L
8 21 16 21 L
8 22 12 22 L
8 23 0 3 U
8 24 5 13 D
8 25 11 1 U
9 0 2 20 L
9 1 18 12 R
9 2 0 19 L
9 3 8 20 L
9 4 13 4 U
9 5 6 24 L
9 6 17 5 U
9 7 16 7 R
9 8 17 4 U
9 9 5 13 D
9 10 0 4 U
9 11 15 13 D
9 12 4 12 R
9 13 0 8 R
9 14 7 11 R
9 15 4 12 R
9 16 7 9 R
9 17 0 4 U
9 18 11 18 D
9 19 2 18 D
9 20 2 9 R
9 21 7 5 U
9 22 15 22 L
9 23 2 11 R
9 24 5 24 L
9 25 4 25 L
10 0 12 19 L
10 1 3 1 U
10 2 5 10 R
10 3 2 9 R
10 4 7 7 R
10 5 20 6 R
10 6 2 6 R
10 7 0 15 D
10 8 13 13 D
10 9 2 13 D
10 10 16 3 U
10 11 11 11 R
10 12 2 12 R
10 13 13 25 L
10 14 16 6 R
10 15 0 21 L
10 16 2 16 D
10 17 16 17 D
10 18 0 19 L
10 19 0 12 R
10 20 12 15 D
10 21 16 4 U
10 22 0 15 D
10 23 2 23 L
10 24 2 24 L
10 25 15 4 U
11 0 5 16 D
11 1 3 15 D
11 2 1 23 L
11 3 4 3 U
11 4 3 21 L
11 5 8 5 U
11 6 19 13 D
11 7 14 7 R
11 8 2 8 R
11 9 5 5 U
11 10 14 16 D
11 11 1 11 R
11 12 14 15 D
11 13 9 22 L
11 14 4 10 R
11 15 0 23 L
11 16 12 16 D
11 17 12 22 L
11 18 3 22 L
11 19 17 0 U
11 20 15 2 U
11 21 3 21 L
11 22 6 8 R
11 23 2 17 D
11 24 0 3 U
11 25 5 3 U
12 0 0 23 L
12 1 4 19 L
12 2 2 22 L
12 3 8 8 R
12 4 4 4 U
12 5 1 5 U
12 6 4 15 D
12 7 5 14 D
12 8 15 1 U
12 9 2 0 U
12 10 7 15 D
12 11 8 3 U
12 12 2 12 R
12 13 0 9 R
12 14 3 8 R
12 15 3 15 D
12 16 2 16 D
12 17 4 17 D
12 18 14 18 D
12 19 16 13 D
12 20 21 20 L
12 21 1 13 D
12 22 8 15 D
12 23 5 23 L
12 24 17 5 U
12 25 21 25 L
13 0 8 0 U
13 1 19 19 L
13 2 9 8 R
13 3 18 3 U
13 4 1 4 U
13 5 12 5 U
13 6 0 5 U
13 7 0 1 U
13 8 2 1 U
13 9 5 4 U
13 10 16 0 U
13 11 12 17 D
13 12 11 18 D
13 13 0 0 U
13 14 2 8 R
13 15 16 21 L
13 16 0 22 L
13 17 11 9 R
13 18 0 12 R
13 19 9 19 L
13 20 9 20 L
13 21 6 2 U
13 22 5 22 L
13 23 12 10 R
13 24 10 18 D
13 25 6 25 L
14 0 6 6 R
14 1 10 8 R
14 2 9 20 L
14 3 0 14 D
14 4 15 19 L
14 5 6 22 L
14 6 5 16 D
14 7 0 0 U
14 8 0 17 D
14 9 0 16 D
14 10 19 4 U
14 11 2 11 R
14 12 2 12 R
14 13 11 20 L
14 14 15 25 L
14 15 1 19 L
14 16 18 21 L
14 17 12 17 D
14 18 10 25 L
14 19 1 2 U
14 20 1 1 U
14 21 1 0 U
14 22 17 13 D
14 23 2 5 U
14 24 17 24 L
14 25 5 25 L
15 0 14 9 R
15 1 9 19 L
15 2 9 23 L
15 3 0 11 R
15 4 17 4 U
15 5 12 5 U
15 6 17 1 U
15 7 10 2 U
15 8 6 8 R
15 9 6 9 R
15 10 9 10 R
15 11 11 17 D
15 12 21 0 U
15 13 8 20 L
15 14 9 19 L
15 15 10 24 L
15 16 19 23 L
15 17 2 10 R
15 18 9 18 D
15 19 17 15 D
15 20 6 0 U
15 21 2 21 L
15 22 14 7 R
15 23 2 23 L
15 24 3 24 L
15 25 1 25 L
16 0 10 13 D
16 1 3 20 L
16 2 2 11 R
16 3 0 9 R
16 4 0 22 L
16 5 14 11 R
16 6 12 2 U
16 7 13 14 D
16 8 2 3 U
16 9 2 14 D
16 10 17 10 R
16 11 5 5 U
16 12 13 12 R
16 13 10 25 L
16 14 11 14 D
16 15 3 25 L
16 16 17 11 R
16 17 2 20 L
16 18 10 9 R
16 19 12 0 U
16 20 1 18 D
16 21 1 21 L
16 22 21 22 L
16 23 2 23 L
16 24 1 24 L
16 25 19 3 U
17 0 1 7 R
17 1 4 1 U
17 2 0 13 D
17 3 12 9 R
17 4 3 4 U
17 5 1 5 U
17 6 0 23 L
17 7 11 17 D
17 8 2 8 R
17 9 8 16 D
17 10 1 10 R
17 11 0 17 D
17 12 9 12 R
17 13 6 11 R
17 14 8 14 D
17 15 15 20 L
17 16 21 8 R
17 17 3 25 L
17 18 18 3 U
17 19 4 5 U
17 20 2 13 D
17 21 2 21 L
17 22 2 17 D
17 23 16 23 L
17 24 11 1 U
17 25 18 25 L
18 0 14 14 D
18 1 9 1 U
18 2 10 7 R
18 3 0 15 D
18 4 13 25 L
18 5 11 17 D
18 6 19 19 L
18 7 8 3 U
18 8 13 14 D
18 9 7 15 D
18 12 20 1 U
18 13 2 19 L
18 14 15 14 D
18 15 9 15 D
18 16 8 24 L
18 17 9 17 D
18 18 19 7 R
18 19 7 6 R
18 20 6 10 R
18 21 0 1 U
18 22 11 3 U
18 23 0 4 U
18 24 2 24 L
18 25 0 11 R
19 1 7 10 R
19 3 1 10 R
19 4 16 10 R
19 5 16 23 L
19 6 0 14 D
19 7 5 15 D
19 8 11 3 U
19 9 11 14 D
19 10 4 22 L
19 12 4 13 D
19 13 8 6 R
19 14 5 12 R
19 15 15 15 D
19 16 1 19 L
19 17 8 17 D
19 18 22 19 L
19 19 2 19 L
19 20 4 20 L
19 21 2 21 L
19 23 1 9 R
19 24 2 24 L
19 25 20 2 U
20 1 11 8 R
20 3 8 22 L
20 4 9 4 U
20 5 18 16 D
20 6 2 0 U
20 7 5 20 L
20 8 14 18 D
20 9 8 9 R
20 10 2 10 R
20 11 1 11 R
20 12 19 12 R
20 13 9 12 R
20 14 8 12 R
20 15 8 24 L
20 18 13 18 D
20 19 14 1 U
20 20 3 6 R
20 21 4 8 R
20 23 4 23 L
20 24 11 5 U
20 25 16 25 L
21 1 22 7 R
21 3 17 14 D
21 6 0 3 U
21 8 16 8 R
21 9 9 2 U
21 11 9 11 R
21 12 5 12 R
21 13 2 12 R
21 15 13 4 U
21 19 1 0 U
21 20 19 0 U
21 21 10 0 U
21 23 7 5 U
21 25 4 25 L
22 1 2 1 U
22 3 14 7 R
22 6 16 18 D
22 8 15 8 R
22 12 4 1 U
22 15 20 15 D
22 19 17 14 D
22 20 20 20 L
22 25 6 25 L
23 6 3 18 D
23 15 12 15 D
23 25 1 25 L

