26 17 367
4 0 5 18 0 0 0 9 0 1 3 8 0 0 0 0 0 2 0 0
0 0 0 0 15 2 1 15 0 0 0 2 6 6 0 0 0 0 0 0
0 0 0 0 0 0 0 0 22 24 0 0 0 0 0 0 0 13 0 10
0 0 0 0 24 0 19 0 0 0 0 0 0 3 0 0 3 11 0 0
0 0 0 0 0 0 0 1 3 23 17 12 9 0 0 0 0 15 12 0
0 0 0 0 0 0 0 17 0 0 0 12 0 0 0 18 0 19 0 6
0 0 0 0 0 4 20 0 0 0 0 0 12 0 0 12 0 0 0 0
0 0 0 0 0 18 0 0 0 0 6 2 0 0 0 0 10 0 0 0
0 0 0 0 0 0 6 19 0 25 0 0 24 0 0 0 0 16 0 0
0 0 0 0 0 0 0 20 0 0 0 0 18 0 0 12 5 0 0 0
2 8 0 0 25 4 19 0 0 0 11 1 4 0 22 0 9 0 0 0
0 0 0 0 0 0 6 0 0 21 0 5 0 10 16 8 5 0 0 0
0 15 19 0 0 0 15 0 0 0 0 0 8 0 0 13 12 13 5 0
0 0 21 21 0 0 0 0 3 0 14 0 0 16 7 0 0 0 0 20
2 1 0 0 0 0 14 0 0 0 0 10 0 0 0 0 0 0 11 0
0 0 0 0 0 12 0 21 0 0 0 0 0 0 0 16 13 0 0 15
0 0 0 0 14 0 0 0 0 0 0 0 10 14 11 0 8 0 0 0
21 13 3 0 23 22 23 0 1 21 0 1 0 0 20 0 0 0 0 0
20 22 17 0 0 23 18 14 0 0 0 1 0 20 0 0 0 0 0 22
20 0 21 6 0 3 22 0 0 23 20 13 7 13 0 4 0 0 0 9
0 0 0 0 R
0 1 0 1 R
0 2 0 2 R
0 3 0 3 R
0 4 0 4 U
0 5 0 5 U
0 6 0 6 U
0 7 0 7 U
0 8 0 8 D
0 9 0 9 D
0 10 0 10 D
0 11 0 11 D
0 12 0 12 L
0 13 0 13 L
0 14 0 14 L
0 15 0 15 L
0 16 0 16 L
1 0 6 0 R
1 1 11 1 R
1 2 6 2 R
1 3 2 3 R
1 4 0 0 R
1 5 3 5 U
1 6 0 2 R
1 7 9 7 U
1 8 0 2 R
1 9 0 3 R
1 10 6 14 L
1 11 9 11 D
1 12 0 1 R
1 13 16 13 L
1 14 8 5 U
1 15 4 15 L
1 16 2 16 L
2 0 0 10 D
2 1 18 10 D
2 2 16 2 R
2 3 0 7 U
2 4 21 13 L
2 5 0 9 D
2 6 10 6 U
2 7 1 7 U
2 8 19 12 L
2 9 8 9 D
2 10 1 0 R
2 11 1 12 L
2 12 0 8 D
2 13 9 1 R
2 14 17 5 U
2 15 1 15 L
2 16 4 16 L
3 0 1 4 U
3 1 18 7 U
3 2 4 2 R
3 3 5 4 U
3 4 0 12 L
3 5 1 5 U
3 6 18 8 D
3 7 8 7 U
3 8 2 2 R
3 9 0 15 L
3 10 16 16 L
3 11 15 16 L
3 12 13 12 L
3 13 9 4 U
3 14 1 14 L
3 15 2 15 L
3 16 0 4 U
4 0 3 0 R
4 1 7 4 U
4 2 5 6 U
4 3 13 6 U
4 4 3 12 L
4 5 0 14 L
4 6 15 3 R
4 7 0 11 D
4 8 7 3 R
4 9 2 9 D
4 10 2 10 D
4 11 5 13 L
4 12 12 7 U
4 13 1 11 D
4 14 9 4 U
4 15 1 15 L
4 16 9 6 U
5 0 0 4 U
5 1 0 5 U
5 2 0 14 L
5 3 17 3 R
5 4 2 1 R
5 5 0 8 D
5 6 0 15 L
5 7 0 10 D
5 8 3 15 L
5 9 4 15 L
5 10 1 13 L
5 11 7 13 L
5 12 6 12 L
5 13 1 13 L
5 14 3 14 L
5 15 10 4 U
6 0 18 0 R
6 1 3 8 D
6 2 3 5 U
6 3 7 3 R
6 4 8 2 R
6 5 18 9 D
6 6 0 14 L
6 7 0 2 R
6 8 0 14 L
6 9 14 3 R
6 10 16 10 D
6 11 3 11 D
6 12 7 4 U
6 13 0 5 U
6 14 0 10 D
6 15 0 11 D
6 16 0 7 U
7 0 5 0 R
7 1 16 6 U
7 2 5 11 D
7 3 3 3 R
7 4 1 1 R
7 5 1 12 L
7 6 0 0 R
7 7 9 15 L
7 8 17 1 R
7 9 5 12 L
7 10 18 15 L
7 11 13 2 R
7 12 1 12 L
7 13 4 7 U
7 14 4 14 L
7 15 11 5 U
7 16 3 16 L
8 0 2 0 R
8 1 6 1 R
8 2 0 13 L
8 3 0 12 L
8 4 12 4 U
8 5 6 1 R
8 6 2 1 R
8 7 0 1 R
8 8 0 4 U
8 9 9 9 D
8 10 9 1 R
8 11 1 11 D
8 12 7 10 D
8 13 0 9 D
8 14 14 6 U
8 15 14 7 U
9 0 8 0 R
9 1 6 1 R
9 2 18 8 D
9 3 12 3 R
9 4 6 0 R
9 5 5 12 L
9 6 2 6 U
9 7 2 7 U
9 8 18 8 D
9 9 7 9 D
9 10 1 10 D
9 11 0 6 U
9 12 1 12 L
9 13 1 8 D
9 14 5 14 L
9 15 1 15 L
10 0 0 8 D
10 1 9 9 D
10 2 8 2 R
10 3 7 3 R
10 4 2 3 R
10 5 5 5 U
10 6 2 6 U
10 7 14 10 D
10 8 0 1 R
10 9 1 9 D
10 10 0 16 L
10 11 12 11 D
10 12 7 5 U
10 13 11 7 U
10 14 9 5 U
10 15 3 15 L
11 0 1 0 R
11 1 0 6 U
11 2 6 5 U
11 3 8 3 R
11 4 13 12 L
11 5 8 5 U
11 6 8 0 R
11 7 2 7 U
11 8 5 2 R
11 9 6 3 R
11 10 13 3 R
11 11 1 11 D
11 12 4 4 U
11 13 17 13 L
11 14 2 7 U
11 15 20 15 L
11 16 12 16 L
12 0 6 11 D
12 1 0 15 L
12 2 0 16 L
12 3 19 7 U
12 4 2 2 R
12 5 9 8 D
12 6 2 2 R
12 7 0 9 D
12 8 0 0 R
12 9 10 12 L
12 10 0 13 L
12 11 3 11 D
12 12 10 12 L
12 13 19 13 L
12 14 17 14 L
12 15 4 8 D
13 0 0 13 L
13 1 6 1 R
13 2 2 2 R
13 3 7 3 R
13 4 0 13 L
13 5 0 12 L
13 6 2 8 D
13 7 9 7 U
13 8 7 0 R
13 9 1 14 L
13 10 7 3 R
13 12 10 7 U
13 13 9 13 L
13 14 7 14 L
13 15 15 15 L
14 0 0 11 D
14 1 6 1 R
14 2 15 7 U
14 3 7 3 R
14 4 1 4 U
14 5 2 10 D
14 6 1 2 R
14 7 16 7 U
14 8 1 2 R
14 9 10 0 R
14 10 15 10 D
14 12 1 8 D
14 13 7 6 U
14 14 15 8 D
14 15 21 4 U
15 0 20 7 U
15 1 19 9 D
15 2 1 6 U
15 3 7 7 U
15 4 12 4 U
15 5 0 0 R
15 6 1 3 R
15 7 1 2 R
15 8 3 14 L
15 9 13 14 L
15 10 8 10 D
15 11 12 15 L
15 12 18 9 D
15 13 12 9 D
15 14 14 8 D
15 15 13 15 L
16 0 8 9 D
16 1 12 4 U
16 2 7 5 U
16 3 0 6 U
16 4 14 0 R
16 5 1 5 U
16 6 17 1 R
16 7 8 7 U
16 8 20 13 L
16 9 9 9 D
16 10 2 10 D
16 11 2 14 L
16 12 1 10 D
16 13 1 13 L
16 14 5 14 L
16 15 3 15 L
17 0 15 6 U
17 1 14 1 R
17 2 0 12 L
17 3 4 3 R
17 4 6 8 D
17 5 1 0 R
17 6 0 1 R
17 7 8 0 R
17 8 5 3 R
17 9 0 12 L
17 10 2 10 D
17 11 16 3 R
17 12 12 5 U
17 13 10 13 L
17 14 11 4 U
17 15 20 5 U
18 0 17 8 D
18 1 15 6 U
18 2 14 6 U
18 3 19 9 D
18 4 5 8 D
18 5 4 14 L
18 6 9 6 U
18 7 20 7 U
18 8 6 8 D
18 9 2 9 D
18 10 4 10 D
18 11 11 11 D
18 12 16 12 L
18 13 4 2 R
18 14 2 14 L
18 15 22 4 U
19 0 1 5 U
19 1 18 1 R
19 2 4 9 D
19 3 13 3 R
19 4 24 4 U
19 5 4 5 U
19 6 12 8 D
19 7 1 1 R
19 8 7 13 L
19 9 7 14 L
19 10 9 10 D
19 12 11 10 D
19 13 7 13 L
19 14 8 14 L
20 0 17 4 U
20 1 5 16 L
20 3 13 4 U
20 4 23 1 R
20 5 13 14 L
20 6 9 2 R
20 7 14 2 R
20 8 10 15 L
20 9 6 2 R
20 10 8 10 D
20 12 8 6 U
20 13 10 1 R
20 14 3 14 L
21 0 19 8 D
21 3 8 3 R
21 4 11 12 L
21 5 2 5 U
21 6 11 14 L
21 7 18 7 U
21 8 3 1 R
21 9 18 9 D
21 10 17 14 L
21 12 5 12 L
21 13 1 13 L
21 14 0 6 U
22 3 11 3 R
22 4 1 12 L
22 6 3 13 L
22 7 0 0 R
22 9 0 5 U
22 12 21 0 R
22 13 12 13 L
23 4 21 4 U
23 6 2 6 U
23 7 6 2 R
23 9 19 13 L
23 12 21 7 U
24 4 8 0 R
24 6 1 14 L
24 7 10 10 D
24 9 9 9 D
25 4 21 4 U
25 7 6 7 U

