19 21 341
1 0 8 16 8 3 0 0 0 16 0 0 14
0 1 0 0 10 4 0 16 0 2 0 16 13
8 9 7 0 8 0 13 5 0 0 0 13 0
14 0 0 16 0 6 3 0 0 0 0 10 0
0 0 9 1 9 11 0 14 0 16 0 14 1
0 0 1 14 0 0 4 0 17 9 1 0 5
0 3 14 0 0 4 0 16 14 0 0 6 5
17 12 2 9 0 0 0 15 0 0 0 18 15
16 0 0 0 0 10 2 9 0 0 0 0 9
11 8 13 0 0 14 0 16 1 11 0 1 8
5 10 13 13 0 0 0 15 0 0 18 0 16
14 0 16 0 0 0 17 0 0 14 0 0 12
2 4 0 0 0 3 1 14 0 0 0 6 13
0 0 0 0 R
0 1 0 1 R
0 2 0 2 R
0 3 0 3 R
0 4 0 4 R
0 5 0 5 R
0 6 0 6 U
0 7 0 7 U
0 8 0 8 U
0 9 0 9 U
0 10 0 10 D
0 11 0 11 D
0 12 0 12 D
0 13 0 13 D
0 14 0 14 D
0 15 0 15 L
0 16 0 16 L
0 17 0 17 L
0 18 0 18 L
0 19 0 19 L
0 20 0 20 L
1 0 9 9 U
1 1 2 13 D
1 2 2 2 R
1 3 6 3 R
1 4 10 11 D
1 5 7 5 R
1 6 11 2 R
1 7 11 11 D
1 8 4 4 R
1 9 0 11 D
1 10 0 0 R
1 11 13 11 D
1 12 11 19 L
1 13 11 13 D
1 14 8 14 D
1 15 4 15 L
1 16 13 8 U
1 17 8 17 L
1 18 2 18 L
1 19 3 19 L
1 20 6 0 R
2 0 0 7 U
2 1 0 11 D
2 2 6 2 R
2 3 6 3 R
2 4 15 14 D
2 5 10 5 R
2 6 0 1 R
2 7 10 15 L
2 8 1 8 U
2 9 6 3 R
2 10 10 15 L
2 11 12 17 L
2 12 6 16 L
2 13 0 17 L
2 14 14 1 R
2 15 0 6 U
2 16 12 11 D
2 17 0 13 D
2 18 14 18 L
2 19 5 19 L
2 20 5 20 L
3 0 11 8 U
3 1 0 15 L
3 2 14 6 U
3 3 12 3 R
3 4 5 4 R
3 5 1 5 R
3 6 0 10 D
3 7 9 16 L
3 8 10 8 U
3 9 2 17 L
3 10 2 0 R
3 11 14 11 D
3 12 10 12 D
3 13 15 13 D
3 15 1 6 U
3 16 0 10 D
3 17 0 0 R
3 18 5 18 L
3 19 5 19 L
3 20 5 20 L
4 0 0 10 D
4 1 0 6 U
4 2 9 2 R
4 3 13 8 U
4 4 9 6 U
4 5 1 6 U
4 6 7 19 L
4 7 0 15 L
4 8 10 15 L
4 9 13 18 L
4 10 8 0 R
4 11 11 6 U
4 12 3 16 L
4 13 0 2 R
4 15 11 2 R
4 16 2 10 D
4 17 11 13 D
4 18 0 3 R
4 19 1 2 R
4 20 0 5 R
5 0 0 12 D
5 1 9 1 R
5 2 7 2 R
5 3 1 3 R
5 4 3 4 R
5 5 2 5 R
5 6 0 3 R
5 7 8 0 R
5 8 6 0 R
5 9 13 9 U
5 10 13 2 R
5 11 0 4 R
5 12 0 5 R
5 13 11 17 L
5 14 2 8 U
5 15 0 1 R
5 16 8 7 U
5 17 7 8 U
5 18 4 8 U
5 19 8 19 L
5 20 10 13 D
6 0 13 13 D
6 1 1 1 R
6 2 2 2 R
6 3 18 12 D
6 4 9 8 U
6 6 15 0 R
6 7 5 19 L
6 8 3 8 U
6 9 4 17 L
6 10 4 16 L
6 11 16 0 R
6 12 9 1 R
6 13 5 16 L
6 15 12 15 L
6 16 5 16 L
6 17 2 17 L
6 18 5 9 U
6 19 8 19 L
6 20 1 20 L
7 0 5 10 D
7 1 0 9 U
7 2 13 2 R
7 3 3 3 R
7 4 4 12 D
7 5 15 5 R
7 6 0 2 R
7 7 1 7 U
7 8 15 20 L
7 9 10 18 L
7 10 6 6 U
7 11 5 19 L
7 12 0 1 R
7 13 9 19 L
7 15 1 15 L
7 16 6 10 D
7 17 14 11 D
7 18 9 8 U
7 19 3 11 D
7 20 5 20 L
8 0 6 11 D
8 1 0 8 U
8 2 7 2 R
8 3 12 12 D
8 4 6 4 R
8 5 9 5 R
8 6 2 0 R
8 7 3 20 L
8 8 9 18 L
8 9 3 9 U
8 10 11 17 L
8 11 2 16 L
8 12 3 17 L
8 13 1 17 L
8 15 4 10 D
8 16 0 2 R
8 17 0 12 D
8 18 5 18 L
8 19 18 10 D
8 20 3 20 L
9 0 12 10 D
9 1 3 10 D
9 2 0 13 D
9 3 7 11 D
9 4 1 4 R
9 5 2 7 U
9 6 3 3 R
9 7 10 19 L
9 8 17 5 R
9 9 3 18 L
9 10 0 6 U
9 11 1 0 R
9 12 3 18 L
9 13 11 19 L
9 15 11 8 U
9 16 12 16 L
9 17 14 17 L
9 18 1 18 L
9 19 0 4 R
9 20 2 20 L
10 0 12 11 D
10 1 3 14 D
10 2 12 7 U
10 3 5 10 D
10 4 2 7 U
10 6 1 19 L
10 7 6 15 L
10 8 2 1 R
10 9 7 9 U
10 10 0 15 L
10 11 4 11 D
10 12 2 12 D
10 13 12 13 D
10 15 8 4 R
10 16 5 1 R
10 17 11 17 L
10 18 1 8 U
10 19 6 13 D
10 20 11 10 D
11 0 12 7 U
11 1 6 1 R
11 2 4 9 U
11 3 5 9 U
11 4 14 7 U
11 5 8 9 U
11 6 0 5 R
11 7 10 7 U
11 8 17 16 L
11 9 14 17 L
11 10 0 20 L
11 11 6 15 L
11 12 0 17 L
11 13 9 15 L
11 14 15 20 L
11 15 8 10 D
11 16 13 6 U
11 17 0 1 R
11 18 5 2 R
11 19 5 19 L
11 20 4 3 R
12 0 5 6 U
12 1 7 8 U
12 2 2 2 R
12 3 2 6 U
12 4 4 4 R
12 6 1 4 R
12 7 8 15 L
12 8 16 18 L
12 9 1 9 U
12 10 4 15 L
12 11 4 20 L
12 12 1 15 L
12 13 10 20 L
12 15 14 0 R
12 16 2 2 R
12 17 17 6 U
12 18 3 18 L
12 19 1 12 D
12 20 3 20 L
13 0 9 7 U
13 1 7 7 U
13 2 7 9 U
13 3 0 14 D
13 4 2 10 D
13 6 3 6 U
13 7 15 17 L
13 8 0 12 D
13 9 0 16 L
13 10 0 3 R
13 11 15 3 R
13 12 4 2 R
13 13 6 13 D
13 15 6 6 U
13 16 5 3 R
13 17 0 10 D
13 18 15 9 U
13 19 5 19 L
13 20 11 9 U
14 0 17 13 D
14 1 15 1 R
14 2 8 2 R
14 3 16 6 U
14 6 0 0 R
14 7 4 15 L
14 8 1 15 L
14 9 1 9 U
14 10 6 1 R
14 11 11 16 L
14 12 3 12 D
14 13 12 16 L
14 15 0 0 R
14 16 5 16 L
14 17 12 9 U
14 18 7 18 L
14 19 7 4 R
14 20 9 20 L
15 0 12 12 D
15 1 8 12 D
15 2 10 19 L
15 3 9 7 U
15 5 2 11 D
15 6 7 17 L
15 7 8 18 L
15 8 0 13 D
15 9 2 16 L
15 10 5 18 L
15 11 6 4 R
15 12 13 18 L
15 15 2 12 D
15 16 3 8 U
15 17 14 10 D
15 18 11 6 U
15 19 5 19 L
16 0 8 0 R
16 1 15 15 L
16 2 7 13 D
16 3 9 3 R
16 6 0 4 R
16 7 3 18 L
16 8 1 8 U
16 10 11 18 L
16 15 10 5 R
16 16 8 12 D
16 17 4 17 L
16 18 2 3 R
16 19 12 19 L
16 20 15 6 U
17 2 10 13 D
17 6 13 1 R
17 8 16 16 L
17 10 3 4 R
17 17 5 13 D
17 18 13 9 U
17 19 9 19 L
18 2 14 11 D
18 6 3 5 R
18 8 1 8 U
18 10 13 1 R

