10 9 74
0 2 0 0 5 3 4 0 0 0 0 0 0
0 1 0 0 6 0 0 0 0 0 4 0 0
0 0 4 0 0 6 0 0 0 6 0 0 9
0 5 0 0 0 7 0 0 0 0 0 0 0
0 0 0 0 0 0 0 0 0 0 0 0 0
0 3 0 0 5 0 3 0 0 0 6 0 8
0 6 0 0 0 0 0 0 6 1 0 0 0
0 0 0 0 0 0 0 4 0 8 0 2 0
0 1 0 0 0 0 0 0 7 0 7 0 5
2 3 0 0 5 0 8 0 0 0 0 7 0
0 0 0 0 6 0 0 0 0 0 0 0 0
0 1 0 0 0 0 3 0 8 8 7 3 3
7 0 0 0 0 0 0 0 6 2 0 0 0
0 0 0 0 D
0 1 0 1 D
0 2 0 2 R
0 3 0 3 R
0 4 0 4 U
0 5 0 5 U
0 6 0 6 L
0 7 0 7 L
0 8 0 8 L
1 0 0 6 L
1 1 0 8 L
1 2 0 4 U
1 3 4 4 U
1 4 0 6 L
1 5 4 5 U
1 6 3 4 U
1 7 5 2 R
1 8 5 8 L
2 0 1 7 L
2 1 5 2 R
2 2 0 0 D
2 3 0 1 D
2 4 0 1 D
2 5 0 0 D
2 6 5 4 U
2 7 0 2 R
2 8 5 8 L
3 0 4 6 L
3 1 0 3 R
3 2 4 5 U
3 3 4 1 D
3 4 1 8 L
3 5 6 8 L
3 6 0 4 U
3 7 2 7 L
3 8 1 2 R
4 0 5 3 R
4 1 1 1 D
4 2 1 4 U
4 3 5 5 U
4 4 2 6 L
4 5 0 7 L
4 6 1 6 L
4 7 3 7 L
4 8 0 3 R
5 0 0 2 R
5 1 3 1 D
5 2 1 0 D
5 3 3 0 D
5 4 0 2 R
5 5 2 5 U
5 6 0 2 R
5 7 0 0 D
5 8 4 1 D
6 0 3 6 L
6 1 0 5 U
6 2 1 2 R
6 3 1 1 D
6 4 2 2 R
6 5 8 3 R
6 6 1 0 D
6 8 7 8 L
7 0 6 0 D
7 1 2 5 U
7 2 0 5 U
7 3 1 3 R
7 4 1 6 L
7 5 1 3 R
7 6 1 2 R
8 0 1 0 D
8 2 0 6 L
8 5 7 6 L
8 6 0 1 D
9 2 0 8 L

