18 9 130
0 0 0 0 0 5 2 0 0 0 0 0 0 0 0 11 0 11 0
12 0 3 0 0 0 3 0 0 0 0 9 0 0 4 2 0 0 0
0 0 15 0 0 7 0 0 0 0 0 0 5 2 0 14 0 11 0
0 1 0 0 0 1 0 0 0 0 0 2 0 0 0 0 0 12 0
5 0 0 3 0 0 0 10 2 0 11 5 0 10 0 0 6 0 11
0 13 2 0 0 0 0 0 0 10 11 0 0 0 0 2 0 0 0
0 3 1 0 0 0 0 15 0 0 8 9 0 0 15 0 0 0 16
0 0 5 0 12 0 0 2 12 0 5 0 0 0 0 0 0 0 0
0 0 0 0 0 0 0 0 11 0 0 0 0 0 0 0 0 0 0
0 0 0 0 0 15 0 0 0 0 16 3 0 0 9 0 0 0 0
0 5 0 0 0 0 0 0 12 0 0 12 5 3 2 2 0 0 0
0 0 0 12 0 0 0 14 0 11 0 0 0 0 0 0 0 0 0
0 0 0 0 0 3 0 0 0 0 0 0 0 1 3 0 13 0 0
0 0 0 0 12 0 1 7 0 0 0 0 0 0 13 0 0 10 0
0 0 0 0 0 0 0 0 7 15 5 0 0 0 0 2 16 17 1
0 0 0 0 0 0 0 1 0 0 5 0 0 5 14 16 0 0 0
0 0 0 0 0 3 0 0 0 0 0 0 0 0 0 17 0 6 0
0 5 0 0 0 1 0 0 3 0 0 0 0 0 0 0 0 0 0
0 0 2 0 0 0 12 1 0 0 0 0 0 0 3 0 0 0 0
0 0 0 0 U
0 1 0 1 U
0 2 0 2 U
0 3 0 3 R
0 4 0 4 R
0 5 0 5 D
0 6 0 6 D
0 7 0 7 L
0 8 0 8 L
1 0 0 7 L
1 1 8 4 R
1 3 2 6 D
1 4 9 0 U
1 5 0 8 L
1 6 5 4 R
1 7 12 0 U
1 8 2 8 L
2 0 13 0 U
2 1 5 3 R
2 3 0 6 D
2 4 4 4 R
2 5 0 3 R
2 6 4 6 D
2 7 10 1 U
2 8 1 8 L
3 0 2 8 L
3 1 0 4 R
3 3 12 3 R
3 4 9 7 L
3 5 0 0 U
3 6 0 8 L
3 7 0 5 D
3 8 0 1 U
4 0 8 0 U
4 1 7 1 U
4 2 0 8 L
4 3 6 3 R
4 4 8 8 L
4 5 10 8 L
4 6 11 6 D
4 7 14 7 L
4 8 2 0 U
5 0 0 3 R
5 1 4 1 U
5 3 2 3 R
5 4 10 4 R
5 5 2 3 R
5 6 9 3 R
5 7 3 3 R
5 8 0 0 U
6 0 12 4 R
6 1 12 8 L
6 3 10 5 D
6 4 0 8 L
6 5 2 8 L
6 6 2 6 D
6 7 11 7 L
6 8 8 0 U
7 0 11 7 L
7 1 1 1 U
7 3 9 1 U
7 4 8 0 U
7 5 1 4 R
7 6 11 6 D
7 7 4 7 L
7 8 15 5 D
8 0 3 5 D
8 1 7 1 U
8 3 13 1 U
8 4 10 4 R
8 5 6 5 D
8 6 5 7 L
8 7 12 7 L
8 8 2 8 L
9 0 12 3 R
9 1 0 7 L
9 3 6 0 U
9 4 0 0 U
9 5 0 1 U
9 6 0 7 L
9 7 5 5 D
9 8 12 0 U
10 0 4 8 L
10 3 2 3 R
10 4 1 4 R
10 5 7 7 L
10 6 4 6 D
10 7 5 1 U
10 8 7 8 L
11 0 0 5 D
11 1 0 8 L
11 3 1 5 D
11 4 0 7 L
11 5 1 5 D
11 6 3 6 D
11 7 0 6 D
11 8 4 8 L
12 0 6 7 L
12 1 3 1 U
12 3 0 5 D
12 4 7 4 R
12 5 8 3 R
12 6 0 4 R
12 7 3 5 D
12 8 0 3 R
13 0 11 4 R
13 1 8 1 U
13 3 11 1 U
13 4 0 1 U
13 5 9 7 L
13 7 9 5 D
13 8 4 1 U
14 0 8 0 U
14 3 9 2 U
14 4 10 0 U
14 5 7 8 L
14 7 12 5 D
14 8 2 8 L
15 0 3 4 R
15 3 1 6 D
15 4 6 6 D
15 5 11 3 R
15 7 13 6 D
15 8 9 1 U
16 0 6 0 U
16 3 11 5 D
16 4 4 5 D
16 8 1 8 L
17 0 1 0 U
17 8 1 8 L

