30 40 1050
14 6 22 21 23 0 0 24 0 25 17 0 0 27 3
0 0 0 1 0 14 2 0 0 25 18 13 0 0 26
0 0 0 0 16 8 0 0 21 27 7 0 27 7 0
19 8 25 10 0 24 15 8 0 19 24 12 8 0 26
11 20 15 17 8 28 28 3 28 0 13 24 0 5 25
18 21 17 20 28 0 0 0 0 2 28 0 0 0 0
0 0 0 5 0 0 0 10 0 8 0 0 0 0 0
15 0 0 5 0 2 0 14 5 16 0 25 11 0 22
17 0 26 13 0 6 27 1 0 0 0 0 16 0 20
5 0 26 7 0 26 22 0 0 23 0 1 26 0 8
0 0 0 7 0 24 0 0 25 27 0 0 12 18 16
5 25 16 24 28 6 1 6 7 13 0 0 5 0 0
21 0 0 25 0 0 0 0 23 8 0 0 0 0 25
9 6 19 0 0 0 0 0 26 19 0 0 1 0 0
8 0 9 4 0 0 0 21 0 10 11 25 25 21 23
0 0 0 0 U
0 1 0 1 U
0 2 0 2 U
0 3 0 3 U
0 4 0 4 U
0 5 0 5 U
0 6 0 6 U
0 7 0 7 U
0 8 0 8 U
0 9 0 9 R
0 10 0 10 R
0 11 0 11 R
0 12 0 12 R
0 13 0 13 R
0 14 0 14 R
0 15 0 15 R
0 16 0 16 R
0 17 0 17 R
0 18 0 18 R
0 19 0 19 R
0 20 0 20 D
0 21 0 21 D
0 22 0 22 D
0 23 0 23 D
0 24 0 24 D
0 25 0 25 D
0 26 0 26 D
0 27 0 27 D
0 28 0 28 D
0 29 0 29 L
0 30 0 30 L
0 31 0 31 L
0 32 0 32 L
0 33 0 33 L
0 34 0 34 L
0 35 0 35 L
0 36 0 36 L
0 37 0 37 L
0 38 0 38 L
0 39 0 39 L
1 0 22 0 U
1 1 29 9 R
1 2 0 11 R
1 3 18 3 U
1 4 10 11 R
1 5 13 38 L
1 6 5 12 R
1 7 17 19 R
1 8 15 11 R
1 9 0 21 D
1 10 17 6 U
1 11 4 26 D
1 12 4 2 U
1 13 5 27 D
1 14 13 25 D
1 15 4 15 R
1 16 6 16 R
1 17 3 17 R
1 18 7 18 R
1 19 0 7 U
1 20 0 29 L
1 21 13 21 D
1 22 0 31 L
1 23 0 33 L
1 24 8 14 R
1 25 19 34 L
1 26 26 26 D
1 27 12 6 U
1 28 5 28 D
1 29 0 9 R
1 30 16 21 D
1 31 6 4 U
1 32 6 32 L
1 33 19 5 U
1 34 2 34 L
1 35 4 35 L
1 36 13 28 D
1 37 18 5 U
1 38 14 22 D
1 39 4 39 L
2 0 17 30 L
2 1 5 12 R
2 2 0 30 L
2 3 25 12 R
2 4 5 16 R
2 5 15 5 U
2 6 4 16 R
2 7 18 38 L
2 8 5 8 U
2 9 6 9 R
2 10 3 5 U
2 11 4 1 U
2 12 1 12 R
2 13 4 13 R
2 14 17 14 R
2 15 1 15 R
2 16 12 4 U
2 17 6 0 U
2 18 12 18 R
2 19 6 19 R
2 20 15 12 R
2 21 18 34 L
2 22 7 39 L
2 23 19 29 L
2 24 4 15 R
2 25 26 9 R
2 26 10 37 L
2 27 0 8 U
2 28 21 12 R
2 29 8 20 D
2 30 24 30 L
2 31 6 3 U
2 32 1 32 L
2 33 10 33 L
2 34 9 26 D
2 35 18 26 D
2 36 1 18 R
2 37 8 37 L
2 38 15 21 D
2 39 15 5 U
3 0 0 22 D
3 1 6 16 R
3 2 2 11 R
3 3 4 17 R
3 4 2 14 R
3 5 12 12 R
3 6 13 18 R
3 7 28 16 R
3 8 5 19 R
3 9 21 1 U
3 10 8 10 R
3 11 21 11 R
3 12 16 21 D
3 13 14 13 R
3 14 7 14 R
3 15 7 15 R
3 16 7 16 R
3 17 15 3 U
3 18 4 18 R
3 19 15 8 U
3 20 1 20 D
3 21 10 13 R
3 22 4 19 R
3 23 18 10 R
3 24 7 17 R
3 25 16 25 D
3 26 4 38 L
3 27 4 39 L
3 28 18 37 L
3 29 18 10 R
3 30 20 28 D
3 31 4 31 L
3 32 29 23 D
3 33 5 33 L
3 34 7 7 U
3 35 10 4 U
3 36 2 36 L
3 37 2 37 L
3 38 1 38 L
3 39 11 14 R
4 0 0 38 L
4 1 8 10 R
4 2 17 30 L
4 3 7 36 L
4 4 17 10 R
4 5 21 13 R
4 6 15 10 R
4 7 8 14 R
4 8 2 39 L
4 9 7 20 D
4 10 7 0 U
4 11 0 2 U
4 12 10 3 U
4 13 18 13 R
4 14 1 14 R
4 15 5 6 U
4 16 25 16 R
4 17 12 17 R
4 18 6 18 R
4 19 17 19 R
4 20 16 35 L
4 21 6 39 L
4 22 13 10 R
4 23 7 15 R
4 24 2 15 R
4 26 18 36 L
4 27 9 1 U
4 28 5 28 D
4 29 10 6 U
4 30 24 0 U
4 31 17 31 L
4 32 9 25 D
4 33 5 33 L
4 34 8 34 L
4 35 3 35 L
4 36 1 36 L
4 37 12 26 D
4 38 11 38 L
4 39 2 39 L
5 0 15 20 D
5 1 1 12 R
5 2 0 32 L
5 3 24 10 R
5 4 7 15 R
5 5 7 37 L
5 6 9 6 U
5 7 7 7 U
5 8 19 8 U
5 9 22 9 R
5 10 0 3 U
5 11 0 23 D
5 12 4 12 R
5 13 26 13 R
5 14 9 14 R
5 15 26 15 R
5 16 10 8 U
5 17 1 17 R
5 18 22 0 U
5 19 11 19 R
5 20 16 10 R
5 21 9 37 L
5 22 19 10 R
5 23 7 3 U
5 24 15 32 L
5 25 0 15 R
5 26 9 34 L
5 27 22 27 D
5 28 9 28 D
5 29 8 4 U
5 30 8 30 L
5 31 20 31 L
5 32 3 23 D
5 33 2 33 L
5 34 7 6 U
5 35 14 35 L
5 36 8 5 U
5 37 22 5 U
5 38 6 17 R
5 39 2 3 U
6 0 3 34 L
6 1 13 10 R
6 2 16 2 U
6 3 15 3 U
6 4 1 21 D
6 5 0 18 R
6 6 22 19 R
6 7 10 34 L
6 8 11 35 L
6 9 14 9 R
6 10 23 1 U
6 11 10 31 L
6 12 2 12 R
6 13 1 13 R
6 14 7 14 R
6 15 3 5 U
6 16 11 26 D
6 17 8 27 D
6 18 7 18 R
6 19 21 19 R
6 20 3 30 L
6 21 9 21 D
6 22 5 10 R
6 23 0 10 R
6 24 11 17 R
6 26 17 11 R
6 27 21 6 U
6 28 15 32 L
6 29 4 21 D
6 30 27 26 D
6 31 11 27 D
6 32 2 32 L
6 33 24 25 D
6 34 15 23 D
6 35 10 35 L
6 36 3 23 D
6 37 4 25 D
6 38 1 38 L
6 39 3 39 L
7 0 10 13 R
7 1 1 10 R
7 2 9 2 U
7 3 0 13 R
7 4 11 4 U
7 5 5 26 D
7 6 23 6 U
7 7 5 7 U
7 8 20 16 R
7 9 22 20 D
7 10 14 4 U
7 11 2 35 L
7 12 15 39 L
7 13 11 3 U
7 14 5 24 D
7 15 0 32 L
7 16 8 27 D
7 17 4 26 D
7 18 14 18 R
7 19 1 19 R
7 20 1 36 L
7 21 1 9 R
7 22 11 11 R
7 23 9 14 R
7 24 10 35 L
7 25 1 2 U
7 26 5 18 R
7 27 5 27 D
7 28 5 28 D
7 29 8 21 D
7 30 1 12 R
7 31 3 31 L
7 32 1 32 L
7 33 13 28 D
7 34 1 34 L
7 35 3 23 D
7 36 1 36 L
7 37 1 37 L
7 38 5 4 U
7 39 3 27 D
8 0 11 38 L
8 1 12 31 L
8 2 2 31 L
8 3 27 31 L
8 4 1 4 U
8 5 0 26 D
8 6 13 37 L
8 7 9 11 R
8 8 7 8 U
8 9 16 22 D
8 10 0 20 D
8 11 12 11 R
8 12 7 12 R
8 13 19 20 D
8 14 0 24 D
8 15 9 15 R
8 16 20 16 R
8 17 20 17 R
8 18 2 18 R
8 19 14 5 U
8 20 4 38 L
8 21 0 1 U
8 22 12 16 R
8 23 11 0 U
8 24 17 16 R
8 25 22 34 L
8 26 9 13 R
8 27 7 27 D
8 28 24 28 D
8 29 0 20 D
8 30 5 22 D
8 31 0 2 U
8 32 9 32 L
8 33 3 33 L
8 34 11 34 L
8 35 2 22 D
8 36 24 36 L
8 37 24 1 U
8 38 10 7 U
9 0 13 30 L
9 1 8 1 U
9 2 15 2 U
9 3 1 24 D
9 4 8 29 L
9 5 23 5 U
9 6 23 17 R
9 7 8 7 U
9 8 7 8 U
9 9 0 25 D
9 10 29 10 R
9 11 23 30 L
9 12 17 1 U
9 13 15 13 R
9 14 23 5 U
9 15 18 1 U
9 16 23 34 L
9 17 5 17 R
9 18 10 18 R
9 19 14 27 D
9 20 0 9 R
9 21 10 30 L
9 22 4 36 L
9 23 4 13 R
9 24 5 24 D
9 25 14 29 L
9 26 17 32 L
9 27 5 7 U
9 28 10 33 L
9 29 0 3 U
9 30 5 30 L
9 31 0 0 U
9 32 0 5 U
9 33 18 22 D
9 34 10 28 D
9 35 13 25 D
9 36 8 36 L
9 37 4 37 L
9 38 13 38 L
9 39 21 27 D
10 0 1 22 D
10 1 7 9 R
10 2 18 18 R
10 3 0 33 L
10 4 15 4 U
10 5 7 14 R
10 6 2 36 L
10 7 8 18 R
10 8 8 12 R
10 9 17 5 U
10 10 21 2 U
10 11 4 11 R
10 12 13 0 U
10 13 5 2 U
10 14 5 4 U
10 15 7 4 U
10 16 12 27 D
10 17 2 17 R
10 18 13 7 U
10 19 5 19 R
10 20 1 0 U
10 21 18 35 L
10 22 6 22 D
10 23 8 36 L
10 24 7 37 L
10 25 24 14 R
10 26 1 37 L
10 27 17 18 R
10 28 5 16 R
10 29 12 20 D
10 30 2 30 L
10 31 16 5 U
10 32 22 6 U
10 33 3 33 L
10 34 22 34 L
10 35 2 20 D
10 36 20 18 R
10 37 11 37 L
10 38 6 26 D
10 39 3 39 L
11 0 15 12 R
11 1 1 16 R
11 2 7 11 R
11 3 1 9 R
11 4 9 4 U
11 5 22 5 U
11 6 16 12 R
11 7 9 39 L
11 8 0 13 R
11 9 4 9 R
11 10 12 8 U
11 11 15 3 U
11 12 2 5 U
11 13 20 26 D
11 14 2 14 R
11 15 23 25 D
11 16 1 5 U
11 17 14 17 R
11 18 12 18 R
11 19 2 19 R
11 20 5 30 L
11 21 14 1 U
11 22 5 13 R
11 23 14 31 L
11 24 19 12 R
11 25 23 11 R
11 26 4 14 R
11 27 8 38 L
11 28 5 28 D
11 29 20 0 U
11 30 23 2 U
11 31 1 24 D
11 32 6 13 R
11 33 7 25 D
11 34 1 34 L
11 35 5 35 L
11 36 0 8 U
11 37 1 28 D
11 38 3 38 L
11 39 12 0 U
12 0 21 14 R
12 1 0 20 D
12 2 27 11 R
12 3 1 30 L
12 4 3 4 U
12 5 27 33 L
12 6 4 6 U
12 7 20 10 R
12 8 4 28 D
12 9 16 31 L
12 10 7 4 U
12 11 25 2 U
12 12 23 31 L
12 13 4 27 D
12 14 3 14 R
12 15 26 15 R
12 16 9 27 D
12 17 23 28 D
12 18 20 20 D
12 19 15 6 U
12 20 8 14 R
12 21 10 16 R
12 22 1 13 R
12 23 4 34 L
12 24 0 6 U
12 25 0 0 U
12 26 16 37 L
12 27 5 27 D
12 28 0 7 U
12 29 0 7 U
12 30 7 1 U
12 31 5 21 D
12 32 15 24 D
12 33 0 11 R
12 34 1 26 D
12 35 2 35 L
12 36 3 36 L
12 37 2 37 L
12 38 6 38 L
13 0 29 9 R
13 1 0 9 R
13 2 16 37 L
13 3 0 23 D
13 4 27 12 R
13 5 4 9 R
13 6 7 32 L
13 7 5 7 U
13 8 2 35 L
13 9 0 0 U
13 10 9 20 D
13 11 16 25 D
13 12 12 23 D
13 13 20 39 L
13 14 3 14 R
13 15 15 23 D
13 16 23 23 D
13 17 26 26 D
13 18 12 26 D
13 19 27 1 U
13 20 7 1 U
13 21 9 32 L
13 22 12 33 L
13 23 10 36 L
13 24 18 31 L
13 25 18 32 L
13 26 20 38 L
13 27 16 39 L
13 28 1 8 U
13 29 22 23 D
13 30 19 6 U
13 31 8 2 U
13 32 12 21 D
13 33 25 24 D
13 34 2 22 D
13 35 11 24 D
13 36 8 36 L
13 37 3 37 L
13 38 2 38 L
14 0 11 33 L
14 1 0 10 R
14 2 5 2 U
14 3 0 26 D
14 4 0 25 D
14 5 11 22 D
14 6 2 19 R
14 7 13 37 L
14 8 16 38 L
14 9 9 6 U
14 10 21 23 D
14 11 5 3 U
14 12 20 4 U
14 13 16 2 U
14 14 18 7 U
14 15 6 24 D
14 16 2 20 D
14 17 25 2 U
14 18 6 18 R
14 19 4 2 U
14 20 23 18 R
14 21 21 3 U
14 22 9 22 D
14 23 0 3 U
14 24 5 24 D
14 25 17 31 L
14 26 9 38 L
14 27 22 27 D
14 28 3 32 L
14 29 6 10 R
14 30 3 30 L
14 31 26 24 D
14 32 0 21 D
14 33 16 21 D
14 34 22 1 U
14 35 19 28 D
14 36 16 10 R
14 37 0 3 U
14 38 19 1 U
14 39 8 39 L
15 0 6 15 R
15 1 1 9 R
15 2 6 12 R
15 3 0 12 R
15 4 13 9 R
15 5 23 30 L
15 6 0 29 L
15 7 8 7 U
15 8 14 8 U
15 9 27 4 U
15 10 22 29 L
15 11 0 30 L
15 12 16 6 U
15 13 28 8 U
15 14 13 24 D
15 15 4 2 U
15 16 5 27 D
15 17 13 21 D
15 18 8 18 R
15 20 22 9 R
15 21 0 11 R
15 22 19 13 R
15 23 16 23 D
15 24 9 33 L
15 25 9 25 D
15 26 5 26 D
15 27 13 27 D
15 28 5 8 U
15 29 0 0 U
15 30 0 1 U
15 31 29 22 D
15 32 2 4 U
15 33 8 20 D
15 34 13 25 D
15 35 2 35 L
15 36 18 25 D
15 37 8 1 U
15 38 1 38 L
15 39 4 39 L
16 0 1 29 L
16 1 5 11 R
16 2 3 37 L
16 3 23 33 L
16 4 9 31 L
16 5 1 5 U
16 6 25 34 L
16 7 10 12 R
16 8 18 29 L
16 9 17 35 L
16 10 23 25 D
16 11 5 22 D
16 12 22 7 U
16 13 11 6 U
16 14 3 31 L
16 15 13 25 D
16 16 0 38 L
16 17 9 23 D
16 18 10 5 U
16 19 9 0 U
16 20 11 14 R
16 21 28 32 L
16 22 14 38 L
16 23 15 12 R
16 24 9 13 R
16 25 13 33 L
16 26 7 34 L
16 27 23 16 R
16 28 23 28 D
16 30 8 23 D
16 31 14 7 U
16 32 2 25 D
16 33 5 33 L
16 34 10 4 U
16 35 8 26 D
16 36 9 9 R
16 37 13 9 R
16 38 25 20 D
17 0 0 29 L
17 1 12 22 D
17 2 5 31 L
17 3 3 31 L
17 4 16 35 L
17 5 5 16 R
17 6 2 11 R
17 7 18 15 R
17 8 6 8 U
17 9 14 35 L
17 10 3 1 U
17 11 1 21 D
17 12 11 25 D
17 13 13 0 U
17 14 3 5 U
17 15 8 27 D
17 16 1 4 U
17 17 21 24 D
17 18 2 28 D
17 20 9 29 L
17 21 14 33 L
17 22 13 34 L
17 23 2 9 R
17 24 0 11 R
17 26 0 2 U
17 28 1 37 L
17 30 1 25 D
17 32 3 25 D
17 33 6 3 U
17 34 9 23 D
17 35 3 22 D
17 36 15 36 L
17 37 10 5 U
17 38 5 8 U
18 0 11 35 L
18 1 16 15 R
18 2 24 10 R
18 3 22 13 R
18 4 28 11 R
18 5 29 24 D
18 6 5 6 U
18 7 2 28 D
18 8 5 10 R
18 9 11 2 U
18 10 6 28 D
18 11 16 28 D
18 12 21 12 R
18 13 20 25 D
18 14 21 2 U
18 15 7 15 R
18 16 23 24 D
18 17 2 20 D
18 18 20 22 D
18 19 22 22 D
18 20 2 34 L
18 21 17 29 L
18 22 17 30 L
18 23 19 2 U
18 24 6 34 L
18 25 16 25 D
18 26 15 17 R
18 28 13 8 U
18 30 0 22 D
18 31 1 2 U
18 32 1 32 L
18 33 10 33 L
18 34 11 2 U
18 35 3 35 L
18 36 2 36 L
18 37 5 25 D
18 38 2 26 D
18 39 9 39 L
19 0 7 17 R
19 1 7 33 L
19 2 15 14 R
19 3 4 11 R
19 4 10 38 L
19 5 9 5 U
19 6 1 9 R
19 7 5 7 U
19 9 13 0 U
19 10 22 21 D
19 11 8 21 D
19 12 3 12 R
19 13 21 33 L
19 14 20 1 U
19 15 7 15 R
19 16 4 16 R
19 18 10 18 R
19 20 0 12 R
19 21 11 9 R
19 22 24 12 R
19 23 13 30 L
19 24 10 8 U
19 25 17 16 R
19 26 8 14 R
19 27 26 27 D
19 28 4 0 U
19 30 2 30 L
19 31 0 23 D
19 32 15 20 D
19 33 11 8 U
19 34 10 27 D
19 35 20 21 D
19 36 18 2 U
19 38 20 38 L
20 0 15 38 L
20 1 7 35 L
20 2 18 34 L
20 3 24 9 R
20 4 11 25 D
20 5 10 15 R
20 6 11 11 R
20 7 21 30 L
20 8 25 9 R
20 9 0 32 L
20 10 8 10 R
20 11 0 1 U
20 12 7 5 U
20 13 2 13 R
20 14 18 6 U
20 15 26 0 U
20 16 27 16 R
20 17 4 17 R
20 18 1 18 R
20 19 6 19 R
20 20 23 0 U
20 21 24 17 R
20 22 0 11 R
20 23 2 5 U
20 24 4 39 L
20 25 28 19 R
20 26 25 7 U
20 27 22 33 L
20 28 2 28 D
20 29 0 28 D
20 30 6 22 D
20 31 4 31 L
20 32 0 24 D
20 33 0 14 R
20 34 0 17 R
20 35 19 23 D
20 36 17 27 D
20 38 19 38 L
20 39 5 39 L
21 0 18 36 L
21 1 4 38 L
21 2 1 11 R
21 3 2 13 R
21 4 0 34 L
21 5 9 35 L
21 6 2 14 R
21 7 9 13 R
21 8 7 35 L
21 9 14 29 L
21 10 10 21 D
21 11 23 39 L
21 12 16 7 U
21 13 6 31 L
21 14 4 14 R
21 15 12 23 D
21 16 7 16 R
21 18 19 25 D
21 19 6 23 D
21 20 20 33 L
21 21 15 7 U
21 22 7 13 R
21 23 22 5 U
21 24 17 36 L
21 25 0 4 U
21 26 22 6 U
21 28 15 35 L
21 29 6 22 D
21 30 18 23 D
21 31 6 28 D
21 32 5 8 U
21 33 3 25 D
21 34 1 34 L
21 36 5 36 L
21 37 2 27 D
21 38 28 38 L
22 0 12 32 L
22 1 21 29 L
22 2 17 29 L
22 3 2 3 U
22 4 23 34 L
22 5 7 39 L
22 6 5 6 U
22 7 1 19 R
22 9 13 7 U
22 10 23 6 U
22 11 3 11 R
22 12 8 2 U
22 14 2 4 U
22 15 20 15 R
22 16 0 22 D
22 17 2 17 R
22 18 1 18 R
22 20 18 1 U
22 21 4 17 R
22 22 23 31 L
22 23 23 23 D
22 24 16 4 U
22 25 10 12 R
22 26 7 16 R
22 27 14 10 R
22 28 9 28 D
22 29 12 5 U
22 30 20 20 D
22 32 0 4 U
22 33 3 33 L
22 35 3 35 L
22 36 17 36 L
22 38 9 26 D
23 0 21 36 L
23 1 1 1 U
23 2 12 32 L
23 3 3 34 L
23 5 9 5 U
23 6 18 6 U
23 7 12 31 L
23 9 2 20 D
23 10 11 10 R
23 11 19 1 U
23 12 21 22 D
23 13 12 37 L
23 14 0 29 L
23 15 13 0 U
23 16 25 37 L
23 17 12 17 R
23 20 18 29 L
23 21 15 11 R
23 22 21 29 L
23 23 16 32 L
23 24 12 24 D
23 25 20 3 U
23 26 0 9 R
23 27 5 27 D
23 28 0 36 L
23 29 5 3 U
23 30 10 5 U
23 31 1 0 U
23 32 6 17 R
23 33 5 24 D
23 34 13 8 U
23 36 14 36 L
23 37 25 7 U
23 38 1 38 L
24 0 26 29 L
24 1 22 16 R
24 2 1 14 R
24 3 15 9 R
24 5 1 10 R
24 6 21 14 R
24 7 11 14 R
24 8 20 14 R
24 9 5 21 D
24 10 18 5 U
24 11 1 3 U
24 12 2 8 U
24 14 20 31 L
24 15 23 7 U
24 16 8 7 U
24 17 4 17 R
24 18 5 18 R
24 20 7 16 R
24 21 13 18 R
24 22 25 12 R
24 23 2 17 R
24 24 22 24 D
24 26 8 12 R
24 28 8 17 R
24 30 0 19 R
24 31 26 6 U
24 32 10 23 D
24 33 5 22 D
24 34 13 24 D
24 36 4 3 U
24 37 15 37 L
24 38 4 38 L
25 0 5 0 U
25 1 13 34 L
25 2 8 32 L
25 3 1 10 R
25 5 17 14 R
25 7 9 7 U
25 9 5 4 U
25 10 0 36 L
25 11 21 25 D
25 12 17 29 L
25 14 17 37 L
25 15 28 28 D
25 16 5 4 U
25 20 2 13 R
25 21 8 19 R
25 23 9 23 D
25 24 4 12 R
25 26 4 6 U
25 28 12 3 U
25 30 6 30 L
25 31 21 23 D
25 32 19 1 U
25 33 23 4 U
25 34 3 34 L
25 35 3 7 U
25 36 5 36 L
25 39 11 3 U
26 1 19 29 L
26 2 3 35 L
26 3 0 11 R
26 4 0 14 R
26 5 12 31 L
26 6 28 30 L
26 9 1 20 D
26 10 3 10 R
26 11 1 2 U
26 12 24 32 L
26 15 6 15 R
26 20 17 36 L
26 23 25 13 R
26 24 7 39 L
26 31 20 24 D
26 33 23 33 L
26 34 4 34 L
26 35 15 35 L
26 36 6 36 L
26 37 27 37 L
26 39 1 28 D
27 1 8 36 L
27 2 12 11 R
27 3 1 3 U
27 4 5 4 U
27 5 1 22 D
27 8 5 8 U
27 11 21 29 L
27 12 19 3 U
27 13 22 24 D
27 14 5 26 D
27 15 9 15 R
27 16 8 16 R
27 17 12 23 D
27 20 19 29 L
27 23 19 33 L
27 24 12 30 L
27 31 4 25 D
27 32 18 21 D
27 33 16 22 D
27 34 5 34 L
27 36 9 15 R
27 37 6 16 R
28 1 19 19 R
28 3 10 15 R
28 5 18 20 D
28 7 6 15 R
28 9 6 7 U
28 14 14 14 R
28 15 3 15 R
28 16 18 20 D
28 17 8 17 R
28 18 23 26 D
28 20 17 37 L
28 22 13 32 L
28 23 27 33 L
28 32 4 32 L
28 33 27 20 D
28 34 11 26 D
28 35 3 5 U
28 37 20 24 D
29 3 18 22 D
29 6 15 13 R
29 7 8 7 U
29 17 4 17 R
29 29 5 21 D
29 30 6 30 L
29 31 16 23 D
29 32 14 20 D
29 34 1 34 L
29 39 25 12 R

