7 4 24
0 0 2 0 0 0 0 0 2 0 0 0 0 0
0 3 0 0 0 0 0 0 0 0 0 0 5 0
0 0 0 0 0 0 0 0 0 0 0 0 0 0
0 0 0 0 0 3 0 0 0 0 0 0 0 0
0 0 0 0 0 0 0 0 0 0 0 0 0 0
0 1 0 0 2 0 0 6 0 0 0 0 0 5
0 0 2 0 0 4 2 0 0 2 0 0 0 0
0 0 0 0 0 0 0 0 0 0 0 0 0 0
0 0 0 0 0 0 0 0 0 0 0 0 0 0
0 0 0 0 0 0 0 0 0 0 0 0 0 0
0 0 0 0 0 0 2 0 5 0 0 0 0 0
0 0 0 0 0 0 0 0 0 1 0 0 4 4
0 0 0 0 0 2 0 2 0 0 0 0 0 0
0 0 0 0 2 0 0 0 2 0 0 0 0 0
0 0 0 0 D
0 1 0 1 R
0 2 0 2 U
0 3 0 3 L
1 0 0 1 R
1 1 0 2 U
1 2 0 3 L
1 3 0 0 D
2 0 0 3 L
2 1 0 0 D
2 2 0 1 R
2 3 0 2 U
3 0 0 2 U
3 1 1 0 D
3 2 0 0 D
3 3 1 0 D
4 0 3 3 L
4 1 1 1 R
4 2 2 2 U
4 3 1 2 U
5 0 2 0 D
5 1 3 0 D
5 2 1 3 L
6 1 4 1 R

