27 16 365
0 13 22 1 21 0 21 23 0 13 0 20 24 12 0
13 0 23 16 0 18 0 0 13 4 0 0 21 0 11
17 0 0 11 0 0 19 16 6 0 10 12 0 21 0
15 22 0 18 23 0 0 16 20 9 6 19 14 0 14
22 1 3 11 23 3 0 0 18 0 17 0 0 0 0
0 0 0 16 13 17 22 16 18 13 0 0 0 0 16
0 19 11 0 21 0 0 11 0 18 19 3 18 22 0
3 0 22 0 0 0 23 0 0 23 0 16 0 26 0
0 12 11 20 0 0 22 0 18 0 0 16 0 0 18
0 10 0 0 19 6 11 0 22 0 17 0 0 16 0
11 7 0 0 14 0 0 12 0 18 4 18 9 0 0
23 0 19 0 2 0 19 6 0 0 18 0 0 18 12
1 22 0 21 1 12 0 20 11 0 24 0 0 5 7
10 7 0 16 0 7 13 0 0 0 4 13 0 0 21
12 13 9 7 6 9 6 6 15 15 0 20 0 25 2
0 0 0 0 U
0 1 0 1 U
0 2 0 2 U
0 3 0 3 U
0 4 0 4 R
0 5 0 5 R
0 6 0 6 R
0 7 0 7 R
0 8 0 8 D
0 9 0 9 D
0 10 0 10 D
0 11 0 11 D
0 12 0 12 L
0 13 0 13 L
0 14 0 14 L
0 15 0 15 L
1 0 9 0 U
1 1 17 6 R
1 2 0 5 R
1 3 5 3 U
1 4 15 2 U
1 5 5 0 U
1 6 7 6 R
1 7 2 7 R
1 8 18 15 L
1 9 0 13 L
1 10 0 1 U
1 11 0 2 U
1 12 0 8 D
1 13 0 0 U
1 14 0 1 U
1 15 5 15 L
2 0 20 14 L
2 1 0 15 L
2 2 3 2 U
2 3 9 9 D
2 4 0 9 D
2 5 0 12 L
2 6 7 3 U
2 7 4 7 R
2 8 3 13 L
2 9 1 4 R
2 10 6 10 D
2 11 0 7 R
2 12 15 4 R
2 13 0 9 D
2 14 0 2 U
2 15 1 15 L
3 0 0 8 D
3 1 2 5 R
3 2 0 11 D
3 3 0 7 R
3 4 4 4 R
3 5 15 5 R
3 6 0 2 U
3 7 1 1 U
3 8 0 5 R
3 9 5 9 D
3 10 12 10 D
3 11 10 11 D
3 12 14 8 D
3 13 11 9 D
3 14 5 14 L
3 15 0 3 U
4 0 0 12 L
4 1 1 13 L
4 2 2 2 U
4 3 15 6 R
4 4 7 4 R
4 5 8 9 D
4 6 3 9 D
4 7 3 3 U
4 8 0 4 R
4 9 8 4 R
4 10 5 10 D
4 11 6 11 D
4 12 8 9 D
4 13 12 13 L
4 14 2 14 L
4 15 1 10 D
5 0 0 6 R
5 1 3 12 L
5 2 7 4 R
5 3 2 15 L
5 4 0 11 D
5 5 0 10 D
5 6 11 6 R
5 7 1 7 R
5 8 16 12 L
5 9 12 3 U
5 10 14 4 R
5 11 1 11 D
5 12 12 11 D
5 13 1 5 R
5 14 12 0 U
5 15 14 15 L
6 0 3 0 U
6 1 10 12 L
6 2 13 2 U
6 3 0 13 L
6 4 1 13 L
6 5 16 8 D
6 6 10 9 D
6 7 0 14 L
6 8 9 7 R
6 9 16 12 L
6 10 13 10 D
6 11 19 4 R
6 12 0 4 R
6 13 3 13 L
6 14 10 1 U
6 15 16 3 U
7 0 14 6 R
7 1 6 1 U
7 2 10 2 U
7 3 0 14 L
7 4 11 12 L
7 5 1 5 R
7 6 15 11 D
7 7 4 7 R
7 8 0 12 L
7 9 18 0 U
7 10 3 10 D
7 11 11 3 U
7 12 4 3 U
7 13 0 6 R
7 14 6 9 D
7 15 16 9 D
8 0 5 13 L
8 1 0 4 R
8 2 4 6 R
8 3 4 3 U
8 4 9 11 D
8 5 0 3 U
8 6 0 8 D
8 7 5 3 U
8 8 14 5 R
8 9 7 9 D
8 10 0 3 U
8 11 9 1 U
8 12 2 9 D
8 13 11 0 U
8 14 1 3 U
8 15 0 2 U
9 0 1 13 L
9 1 1 5 R
9 2 4 13 L
9 3 2 3 U
9 4 12 4 R
9 5 2 5 R
9 6 17 0 U
9 7 4 7 R
9 8 0 15 L
9 9 4 7 R
9 10 1 14 L
9 11 11 11 D
9 12 11 0 U
9 13 7 4 R
9 14 7 10 D
9 15 14 1 U
10 0 8 7 R
10 1 2 14 L
10 2 11 12 L
10 3 1 3 U
10 4 4 4 R
10 5 4 11 D
10 6 13 1 U
10 7 9 1 U
10 8 9 4 R
10 9 6 9 D
10 10 0 14 L
10 11 1 11 D
10 12 14 3 U
10 13 8 0 U
10 14 6 11 D
10 15 5 1 U
11 0 8 0 U
11 1 20 4 R
11 2 0 9 D
11 3 4 7 R
11 4 3 4 R
11 5 0 9 D
11 6 5 9 D
11 7 3 7 R
11 8 7 0 U
11 9 1 9 D
11 10 8 10 D
11 11 7 11 D
11 12 0 11 D
11 13 2 13 L
11 14 4 14 L
11 15 16 15 L
12 0 7 0 U
12 1 18 1 U
12 2 17 14 L
12 3 6 3 U
12 4 2 9 D
12 5 2 8 D
12 6 4 6 R
12 7 19 8 D
12 8 7 5 R
12 9 11 4 R
12 10 16 2 U
12 11 0 6 R
12 12 4 12 L
12 13 18 6 R
12 14 13 9 D
12 15 5 15 L
13 0 3 5 R
13 1 2 12 L
13 2 8 15 L
13 3 21 13 L
13 4 0 0 U
13 5 3 5 R
13 6 1 6 R
13 7 9 7 R
13 8 18 14 L
13 9 2 12 L
13 10 16 4 R
13 11 2 11 D
13 12 20 12 L
13 13 10 13 L
13 14 7 5 R
13 15 1 9 D
14 0 7 0 U
14 1 1 1 U
14 2 6 5 R
14 3 1 8 D
14 4 10 0 U
14 5 6 3 U
14 6 18 6 R
14 7 9 11 D
14 8 8 14 L
14 9 0 0 U
14 10 4 10 D
14 11 15 11 D
14 12 1 12 L
14 13 5 13 L
14 14 6 14 L
14 15 24 2 U
15 0 2 15 L
15 1 4 1 U
15 2 3 2 U
15 3 10 4 R
15 4 3 4 R
15 5 8 3 U
15 6 7 11 D
15 7 4 7 R
15 8 16 6 R
15 9 5 9 D
15 10 5 15 L
15 11 4 7 R
15 12 1 12 L
15 13 16 1 U
15 14 21 10 D
15 15 11 15 L
16 0 19 0 U
16 1 0 5 R
16 2 4 2 U
16 3 13 3 U
16 4 0 1 U
16 5 3 5 R
16 6 19 8 D
16 7 6 11 D
16 8 4 8 D
16 9 17 14 L
16 10 2 7 R
16 11 22 2 U
16 12 5 0 U
16 13 13 10 D
16 14 4 2 U
16 15 3 15 L
17 0 18 4 R
17 1 1 1 U
17 2 3 2 U
17 3 23 15 L
17 4 7 12 L
17 5 5 5 R
17 6 4 6 R
17 7 11 7 R
17 8 11 8 D
17 9 5 15 L
17 10 18 10 D
17 11 14 0 U
17 12 2 3 U
17 13 2 8 D
17 14 4 8 D
17 15 0 5 R
18 0 3 0 U
18 1 3 14 L
18 2 15 2 U
18 3 3 3 U
18 4 17 8 D
18 5 2 10 D
18 6 22 3 U
18 7 6 2 U
18 8 19 8 D
18 9 0 12 L
18 10 4 10 D
18 11 19 15 L
18 12 0 10 D
18 13 5 13 L
18 14 14 14 L
18 15 3 15 L
19 0 7 0 U
19 1 17 1 U
19 2 1 2 U
19 3 17 14 L
19 4 21 1 U
19 5 11 5 R
19 6 2 9 D
19 8 3 12 L
19 9 10 13 L
19 10 11 10 D
19 11 6 5 R
19 12 6 1 U
19 13 11 13 L
19 14 11 2 U
20 0 9 4 R
20 1 0 10 D
20 2 4 2 U
20 3 16 3 U
20 4 3 10 D
20 5 5 5 R
20 8 0 14 L
20 9 17 9 D
20 10 10 5 R
20 12 3 1 U
20 13 2 13 L
20 14 1 9 D
21 0 1 0 U
21 1 4 14 L
21 2 7 9 D
21 3 12 7 R
21 4 3 1 U
21 5 1 5 R
21 8 4 13 L
21 9 11 1 U
21 10 4 10 D
21 12 1 3 U
21 13 2 13 L
21 14 11 8 D
22 1 12 1 U
22 2 10 2 U
22 3 4 3 U
22 4 4 1 U
22 5 3 9 D
22 8 1 6 R
22 9 8 6 R
22 10 16 10 D
22 12 7 5 R
22 13 3 0 U
22 14 1 14 L
23 1 13 1 U
23 3 1 5 R
23 5 11 10 D
23 8 2 14 L
23 9 18 7 R
23 10 1 4 R
23 12 3 12 L
24 5 5 8 D
24 9 1 12 L
24 12 1 8 D
25 5 21 5 R
26 5 8 2 U

