18 13 180
0 0 0 11 3 0 0 0 9 8 4 0 0 0 15 0 0
0 0 2 4 0 0 0 0 0 10 3 0 0 11 0 0 0
0 0 0 0 0 0 0 0 0 0 0 0 0 0 0 0 0
4 0 2 0 8 0 0 0 0 10 0 0 0 0 15 0 5
0 0 0 6 0 0 0 0 14 0 0 0 0 0 10 0 0
9 0 0 5 0 0 15 9 0 10 0 6 0 4 0 13 2
13 8 0 0 4 0 0 0 14 0 0 0 13 8 0 0 5
0 0 10 9 1 10 0 10 0 0 0 0 0 1 0 0 0
0 0 1 10 0 0 0 0 0 0 0 0 6 0 9 0 5
0 5 0 0 11 0 0 0 0 0 0 0 10 0 0 0 0
0 0 0 16 0 0 0 0 0 7 0 0 0 17 0 11 0
12 0 11 0 0 0 12 0 12 7 0 2 0 0 11 0 7
0 0 10 11 1 0 6 0 5 0 0 0 0 0 0 9 5
10 0 10 0 12 0 0 9 12 0 0 12 11 0 0 0 0
1 0 10 0 14 7 5 0 7 8 0 0 11 0 3 0 0
0 5 0 14 0 0 7 10 0 0 0 0 0 0 0 0 0
0 5 12 0 6 0 6 0 7 0 0 9 0 15 8 2 0
0 0 0 0 U
0 1 0 1 U
0 2 0 2 U
0 3 0 3 U
0 4 0 4 R
0 5 0 5 R
0 6 0 6 R
0 7 0 7 D
0 8 0 8 D
0 9 0 9 D
0 10 0 10 L
0 11 0 11 L
0 12 0 12 L
1 0 11 4 R
1 1 11 6 R
1 2 12 5 R
1 3 2 3 U
1 4 0 11 L
1 5 0 11 L
1 6 2 6 R
1 7 0 10 L
1 8 0 1 U
1 9 9 9 D
1 10 4 7 D
1 11 11 0 U
1 12 0 2 U
2 0 1 0 U
2 1 3 11 L
2 2 6 4 R
2 4 0 2 U
2 5 6 5 R
2 6 3 9 D
2 7 0 4 R
2 8 4 8 D
2 9 0 5 R
2 10 4 8 D
2 11 0 3 U
2 12 3 12 L
3 0 2 4 R
3 1 1 1 U
3 2 0 12 L
3 4 12 9 D
3 5 0 2 U
3 6 7 6 R
3 7 5 7 D
3 8 5 4 R
3 9 9 5 R
3 10 6 10 L
3 11 10 0 U
3 12 0 1 U
4 0 0 10 L
4 1 9 4 R
4 2 14 2 U
4 3 0 4 R
4 4 2 0 U
4 5 7 5 R
4 6 0 7 D
4 7 3 6 R
4 8 1 8 D
4 9 11 9 D
4 10 12 9 D
4 11 2 11 L
4 12 12 4 R
5 0 1 0 U
5 1 8 1 U
5 2 1 2 U
5 4 3 4 R
5 5 14 12 L
5 6 0 11 L
5 7 0 6 R
5 8 0 0 U
5 9 0 2 U
5 10 0 7 D
5 11 7 11 L
5 12 6 1 U
6 0 0 7 D
6 1 11 1 U
6 2 16 2 U
6 4 0 7 D
6 5 4 1 U
6 6 4 6 R
6 7 0 0 U
6 8 1 8 D
6 9 2 9 D
6 10 10 10 L
6 11 0 8 D
6 12 4 12 L
7 0 2 10 L
7 1 0 11 L
7 2 4 2 U
7 4 0 8 D
7 5 2 7 D
7 6 0 1 U
7 7 2 7 D
7 8 6 8 D
7 9 9 6 R
7 10 6 10 L
7 11 10 11 L
7 12 1 12 L
8 0 0 9 D
8 1 2 1 U
8 2 0 10 L
8 4 9 9 D
8 5 0 7 D
8 6 7 6 R
8 7 0 11 L
8 8 3 8 D
8 9 1 9 D
8 10 3 5 R
8 11 7 11 L
8 12 5 12 L
9 0 0 5 R
9 1 6 11 L
9 2 3 2 U
9 4 4 4 R
9 5 3 5 R
9 6 3 11 L
9 7 8 4 R
9 8 1 11 L
9 9 5 9 D
9 10 7 8 D
9 11 0 0 U
9 12 5 12 L
10 0 5 0 U
10 2 11 2 U
10 3 1 3 U
10 4 1 0 U
10 5 0 0 U
10 6 14 7 D
10 7 14 4 R
10 8 0 3 U
10 9 7 9 D
10 10 11 1 U
10 11 0 5 R
10 12 1 12 L
11 0 4 5 R
11 1 12 1 U
11 2 5 4 R
11 3 6 10 L
11 4 3 0 U
11 5 13 7 D
11 6 0 12 L
11 7 0 12 L
11 9 0 4 R
11 10 0 4 R
11 11 2 9 D
11 12 14 9 D
12 0 1 0 U
12 1 6 5 R
12 2 6 10 L
12 4 7 4 R
12 5 5 0 U
12 6 9 6 R
12 7 10 5 R
12 8 3 6 R
12 9 10 4 R
12 10 1 7 D
12 11 5 7 D
12 12 7 0 U
13 0 4 10 L
13 4 0 9 D
13 5 11 5 R
13 6 2 6 R
13 10 2 10 L
13 11 6 11 L
13 12 9 7 D
14 0 1 6 R
14 1 12 11 L
14 4 12 4 R
14 5 0 10 L
14 6 2 6 R
14 9 1 0 U
14 10 13 10 L
14 11 3 11 L
15 0 14 7 D
15 4 12 10 L
15 11 2 0 U
16 0 4 0 U
16 11 5 2 U
17 0 2 12 L

