13 9 98
9 0 0 0 0 0 0 0 0 0 10
0 0 0 0 0 0 12 0 11 0 4
0 11 0 0 0 0 0 5 0 11 0
0 0 0 0 0 0 0 0 12 10 0
0 4 0 0 0 0 11 0 0 0 0
10 0 0 11 0 0 10 0 4 0 0
0 0 0 7 3 0 0 7 6 0 0
0 0 7 0 0 0 0 4 7 0 0
0 0 4 0 0 0 5 0 0 0 0
12 8 0 0 0 0 0 0 0 0 0
1 0 0 0 11 0 4 12 8 9 5
0 0 0 0 R
0 1 0 1 R
0 2 0 2 U
0 3 0 3 U
0 4 0 4 D
0 5 0 5 D
0 6 0 6 L
0 7 0 7 L
0 8 0 8 L
1 0 5 3 U
1 1 0 5 D
1 2 0 6 L
1 3 7 0 R
1 4 7 0 R
1 5 5 7 L
1 6 9 0 R
1 7 0 1 R
2 0 4 4 D
2 1 1 4 D
2 2 3 1 R
2 3 4 1 R
2 4 1 7 L
2 5 4 7 L
2 6 5 2 U
2 7 6 7 L
3 0 0 4 D
3 1 0 2 U
3 2 4 0 R
3 3 5 0 R
3 4 2 4 D
3 5 6 5 D
3 6 10 5 D
3 7 7 5 D
4 0 6 2 U
4 1 2 3 U
4 2 1 2 U
4 3 1 7 L
4 4 0 0 R
4 5 7 5 D
4 6 0 3 U
4 7 3 5 D
5 0 3 8 L
5 1 0 3 U
5 2 2 6 L
5 3 4 3 U
5 4 4 4 D
5 5 6 6 L
5 6 0 4 D
5 7 3 7 L
6 0 1 2 U
6 1 8 5 D
6 2 0 0 R
6 3 8 0 R
6 4 4 6 L
6 5 7 6 L
6 6 9 6 L
6 7 2 5 D
7 0 3 2 U
7 1 10 2 U
7 2 1 5 D
7 3 0 1 R
7 4 0 6 L
7 5 4 0 R
7 6 2 4 D
7 7 8 7 L
7 8 6 4 D
8 0 0 6 L
8 1 5 1 R
8 2 9 6 L
8 3 3 6 L
8 4 6 0 R
8 5 7 2 U
8 6 10 4 D
8 7 2 7 L
9 0 5 5 D
9 1 2 1 R
9 2 6 1 R
9 3 1 3 U
9 4 0 7 L
9 5 11 3 U
9 6 1 0 R
10 0 5 2 U
10 2 11 6 L
10 3 3 3 U
10 4 9 7 L
10 5 7 1 R
10 6 1 5 D
10 7 9 4 D
11 0 8 4 D
11 2 0 5 D
11 3 10 0 R
11 4 0 1 R
11 5 3 5 D
11 6 5 1 R
11 7 9 7 L
12 0 0 5 D
12 3 3 3 U
12 4 8 2 U

