21 15 253
0 10 7 0 0 0 6 0 0 0 0 10 15 0 10
0 0 0 0 2 0 19 0 4 0 8 9 0 15 0
0 12 0 0 0 0 0 0 16 0 10 0 0 0 0
0 5 15 0 0 0 7 0 6 14 1 0 0 0 0
0 0 0 0 0 0 0 0 0 0 0 0 0 0 0
17 0 0 14 8 9 8 0 15 0 0 1 8 19 0
8 11 0 0 2 10 0 0 3 0 0 11 0 4 0
0 0 0 0 0 0 0 0 0 18 14 0 0 0 0
0 0 0 0 14 0 0 0 0 0 0 14 0 0 4
0 0 0 0 12 6 8 0 0 0 0 0 0 0 0
14 0 0 0 11 0 7 0 0 0 0 0 0 0 0
0 0 0 0 0 0 14 0 0 0 0 5 4 0 17
0 4 20 12 13 11 0 0 0 15 0 11 0 6 0
15 15 0 0 0 0 0 4 0 9 15 0 11 19 15
0 0 16 0 5 0 6 5 12 9 18 20 4 0 8
0 0 0 0 L
0 1 0 1 L
0 2 0 2 L
0 3 0 3 R
0 4 0 4 R
0 5 0 5 R
0 6 0 6 R
0 7 0 7 D
0 8 0 8 D
0 9 0 9 D
0 10 0 10 D
0 11 0 11 U
0 12 0 12 U
0 13 0 13 U
0 14 0 14 U
1 0 6 10 D
1 1 6 1 L
1 2 10 11 U
1 3 5 7 D
1 4 3 8 D
1 5 13 8 D
1 6 19 8 D
1 7 0 0 L
1 8 5 2 L
1 9 5 9 D
1 10 11 2 L
1 11 7 3 R
1 12 10 3 R
1 13 2 13 U
1 14 2 14 U
2 0 13 13 U
2 1 0 5 R
2 2 4 11 U
2 3 5 11 U
2 4 3 7 D
2 5 6 9 D
2 7 7 7 D
2 8 9 8 D
2 9 1 9 D
2 10 5 10 D
2 11 10 4 R
2 12 3 12 U
2 13 6 1 L
2 14 3 14 U
3 0 1 7 D
3 1 8 13 U
3 2 0 10 D
3 3 4 7 D
3 4 12 8 D
3 5 10 5 R
3 7 0 5 R
3 8 0 3 R
3 9 4 9 D
3 10 12 10 D
3 11 2 0 L
3 12 4 2 L
3 13 10 13 U
3 14 9 1 L
4 0 11 9 D
4 1 16 9 D
4 2 14 12 U
4 3 0 7 D
4 4 15 12 U
4 5 0 11 U
4 7 3 6 R
4 8 6 3 R
4 9 3 9 D
4 10 2 10 D
4 11 0 3 R
4 12 2 6 R
4 13 8 3 R
4 14 12 1 L
5 0 2 13 U
5 1 6 12 U
5 2 7 14 U
5 3 11 3 R
5 4 3 12 U
5 5 2 12 U
5 6 13 6 R
5 7 0 1 L
5 8 9 4 R
5 9 0 13 U
5 10 7 10 D
5 11 1 2 L
5 12 6 4 R
5 13 11 13 U
5 14 4 14 U
6 0 16 12 U
6 1 10 11 U
6 2 0 6 R
6 3 8 9 D
6 4 0 8 D
6 5 8 5 R
6 6 2 11 U
6 7 4 11 U
6 8 12 3 R
6 9 10 5 R
6 10 5 5 R
6 11 0 1 L
6 12 4 4 R
6 13 0 3 R
6 14 0 2 L
7 0 0 11 U
7 1 16 4 R
7 2 3 11 U
7 3 15 7 D
7 4 6 7 D
7 5 10 13 U
7 6 1 13 U
7 7 0 2 L
7 8 14 4 R
7 9 9 1 L
7 10 15 5 R
7 11 2 11 U
7 12 0 4 R
7 13 10 5 R
7 14 1 14 U
8 0 15 9 D
8 1 0 4 R
8 2 6 14 U
8 3 0 0 L
8 4 6 14 U
8 5 1 11 U
8 6 5 13 U
8 7 11 0 L
8 8 4 5 R
8 9 11 9 D
8 10 7 6 R
8 11 10 3 R
8 12 3 12 U
8 13 1 0 L
8 14 9 2 L
9 0 2 12 U
9 1 1 1 L
9 2 10 7 D
9 3 1 11 U
9 4 13 4 R
9 5 14 10 D
9 6 7 6 R
9 7 7 7 D
9 8 2 3 R
9 9 11 1 L
9 10 11 1 L
9 11 6 1 L
9 12 1 4 R
9 13 2 13 U
9 14 3 14 U
10 0 9 8 D
10 1 0 7 D
10 2 13 9 D
10 3 11 8 D
10 4 0 13 U
10 5 0 2 L
10 6 16 12 U
10 7 12 3 R
10 8 16 8 D
10 9 8 6 R
10 10 2 10 D
10 11 15 7 D
10 12 14 12 U
10 13 14 0 L
10 14 0 10 D
11 0 16 0 L
11 1 14 1 L
11 3 3 8 D
11 4 9 11 U
11 5 9 14 U
11 7 12 0 L
11 8 3 8 D
11 9 1 0 L
11 10 5 0 L
11 11 4 7 D
11 12 2 12 U
11 13 16 2 L
11 14 5 14 U
12 0 6 14 U
12 1 2 11 U
12 2 9 2 L
12 3 4 14 U
12 4 3 10 D
12 5 4 5 R
12 7 7 3 R
12 8 18 8 D
12 9 7 4 R
12 11 8 11 U
12 12 16 2 L
12 13 2 13 U
12 14 17 8 D
13 0 0 14 U
13 1 0 8 D
13 2 6 2 L
13 3 7 7 D
13 7 3 4 R
13 8 6 8 D
13 11 2 4 R
13 12 3 4 R
13 13 11 8 D
13 14 2 14 U
14 0 18 7 D
14 1 4 5 R
14 2 5 2 L
14 3 9 3 R
14 5 7 9 D
14 6 12 6 R
14 7 0 14 U
14 8 2 4 R
14 9 0 4 R
14 11 17 1 L
14 12 15 1 L
14 13 0 7 D
14 14 7 14 U
15 0 12 11 U
15 1 0 12 U
15 2 9 12 U
15 3 2 1 L
15 5 1 8 D
15 6 13 6 R
15 7 7 2 L
15 8 6 6 R
15 9 17 0 L
15 11 0 7 D
15 12 0 8 D
15 13 10 2 L
16 0 1 12 U
16 1 0 13 U
16 2 3 10 D
16 3 10 10 D
16 4 9 9 D
16 5 13 5 R
16 8 7 4 R
16 9 4 0 L
16 11 3 0 L
16 12 17 3 R
16 13 8 5 R
17 0 4 11 U
17 1 0 9 D
17 3 8 12 U
17 5 15 12 U
17 7 8 1 L
17 8 5 8 D
17 12 15 9 D
17 13 3 13 U
18 0 14 13 U
18 1 10 9 D
18 3 17 13 U
18 8 4 3 R
18 13 5 10 D
19 0 1 0 L
19 1 7 9 D
19 3 7 11 U
19 13 1 2 L
20 3 18 14 U
20 13 0 5 R

