18 20 296
6 0 0 0 0 0 0 13 11 10 15 0 0 6
0 7 0 0 0 0 0 3 0 0 0 16 0 0
13 2 0 0 0 0 0 9 0 0 0 0 0 0
9 14 0 0 0 0 0 0 3 15 0 16 11 0
3 0 0 0 0 0 0 0 0 5 11 0 10 5
5 0 2 0 0 17 0 16 8 13 0 0 0 14
2 0 0 0 0 0 3 0 0 0 7 9 0 5
0 13 0 14 0 0 0 0 9 0 0 3 0 8
2 8 0 0 14 0 1 0 0 6 15 10 4 0
0 0 0 0 16 0 0 8 0 0 0 0 0 0
10 0 0 0 0 17 0 0 0 0 16 0 0 4
0 1 7 15 0 0 0 13 0 8 0 0 0 0
0 2 13 0 5 13 0 16 0 10 0 0 0 0
2 9 0 2 0 0 15 0 16 12 15 12 0 0
0 0 0 0 D
0 1 0 1 D
0 2 0 2 D
0 3 0 3 D
0 4 0 4 R
0 5 0 5 R
0 6 0 6 R
0 7 0 7 R
0 8 0 8 R
0 9 0 9 U
0 10 0 10 U
0 11 0 11 U
0 12 0 12 U
0 13 0 13 U
0 14 0 14 L
0 15 0 15 L
0 16 0 16 L
0 17 0 17 L
0 18 0 18 L
0 19 0 19 L
1 0 8 14 L
1 1 0 5 R
1 2 2 14 L
1 3 9 7 R
1 4 10 10 U
1 5 13 10 U
1 6 0 2 D
1 7 3 0 D
1 8 4 1 D
1 9 0 7 R
1 10 9 6 R
1 11 10 19 L
1 12 11 14 L
1 13 11 13 U
1 14 0 4 R
1 15 5 15 L
1 16 6 11 U
1 17 7 17 L
1 18 3 18 L
2 0 6 6 R
2 1 1 18 L
2 2 0 6 R
2 3 7 4 R
2 4 11 11 U
2 5 8 11 U
2 6 5 2 D
2 7 10 7 R
2 8 5 8 R
2 9 5 16 L
2 10 7 5 R
2 11 3 6 R
2 12 3 17 L
2 13 6 13 U
2 14 0 11 U
2 15 11 12 U
2 16 8 0 D
2 17 7 17 L
2 18 8 18 L
2 19 1 3 D
3 0 9 14 L
3 1 12 14 L
3 2 10 2 D
3 3 2 14 L
3 4 1 9 U
3 5 0 0 D
3 6 13 10 U
3 7 7 11 U
3 8 0 3 D
3 9 0 16 L
3 10 7 19 L
3 11 0 15 L
3 12 5 18 L
3 13 13 8 R
3 14 9 0 D
3 15 9 15 L
3 16 7 16 L
3 17 5 17 L
3 18 4 18 L
3 19 7 19 L
4 0 2 5 R
4 1 8 1 D
4 2 0 14 L
4 3 0 17 L
4 4 0 10 U
4 5 3 16 L
4 6 3 6 R
4 7 0 15 L
4 8 6 11 U
4 9 12 4 R
4 10 0 14 L
4 11 1 11 U
4 12 2 12 U
4 13 5 4 R
4 14 6 2 D
4 15 0 9 U
4 16 0 10 U
4 17 7 17 L
4 18 7 12 U
5 0 0 9 U
5 1 4 8 R
5 2 3 2 D
5 3 0 16 L
5 4 1 0 D
5 5 7 5 R
5 6 0 10 U
5 7 7 7 R
5 8 3 8 R
5 9 7 15 L
5 10 9 17 L
5 11 10 11 U
5 12 13 5 R
5 13 2 7 R
5 14 9 1 D
5 15 1 4 R
5 16 0 11 U
5 17 7 17 L
5 18 7 18 L
6 0 11 0 D
6 1 1 7 R
6 2 12 2 D
6 3 4 3 D
6 4 14 4 R
6 5 0 16 L
6 6 0 17 L
6 7 2 3 D
6 8 1 16 L
6 9 10 8 R
6 10 3 4 R
6 11 12 11 U
6 12 4 12 U
6 13 4 13 U
6 14 5 5 R
6 15 9 3 D
6 16 1 13 U
6 17 2 9 U
6 18 4 10 U
7 0 8 10 U
7 1 6 6 R
7 2 1 7 R
7 3 1 4 R
7 4 10 1 D
7 5 1 3 D
7 6 2 6 R
7 7 11 2 D
7 8 12 8 R
7 9 5 15 L
7 10 0 8 R
7 11 8 18 L
7 12 6 12 U
7 14 1 5 R
7 15 5 15 L
7 16 1 16 L
7 17 5 17 L
7 18 1 0 D
8 0 3 15 L
8 1 5 17 L
8 2 0 15 L
8 3 0 10 U
8 4 0 9 U
8 5 5 1 D
8 6 5 6 R
8 7 5 0 D
8 8 7 1 D
8 9 0 6 R
8 10 0 17 L
8 11 0 4 R
8 12 6 7 R
8 14 6 4 R
8 15 6 10 U
8 16 1 16 L
8 17 2 7 R
8 18 1 18 L
9 0 3 18 L
9 1 10 7 R
9 2 2 7 R
9 3 7 3 D
9 4 3 12 U
9 5 7 2 D
9 6 7 1 D
9 7 7 7 R
9 8 2 8 R
9 9 11 6 R
9 10 7 14 L
9 11 12 4 R
9 12 1 12 U
9 14 11 14 L
9 15 6 2 D
9 16 3 16 L
9 17 10 5 R
9 18 13 3 D
9 19 0 8 R
10 0 4 17 L
10 1 0 18 L
10 2 12 5 R
10 3 5 3 D
10 4 3 15 L
10 5 1 10 U
10 6 14 9 U
10 7 2 7 R
10 8 9 2 D
10 9 8 14 L
10 10 6 16 L
10 12 13 0 D
10 14 11 13 U
10 15 2 8 R
10 16 5 3 D
10 17 0 1 D
10 18 11 8 R
11 0 6 8 R
11 1 13 17 L
11 2 0 9 U
11 3 14 8 R
11 4 14 11 U
11 5 5 2 D
11 6 6 2 D
11 7 0 1 D
11 8 13 9 U
11 9 1 18 L
11 10 8 14 L
11 11 1 11 U
11 12 6 12 U
11 14 0 13 U
11 15 6 11 U
11 16 13 0 D
11 17 5 12 U
11 18 7 8 R
12 0 14 6 R
12 1 0 4 R
12 2 8 12 U
12 3 4 7 R
12 4 3 9 U
12 5 14 9 U
12 6 2 6 R
12 7 5 7 R
12 8 13 11 U
12 9 5 9 U
12 10 4 10 U
12 11 1 11 U
12 12 1 6 R
12 13 9 0 D
12 14 7 3 D
12 15 4 0 D
12 16 0 2 D
12 17 13 3 D
12 18 5 18 L
12 19 5 19 L
13 0 6 16 L
13 1 14 14 L
13 2 10 15 L
13 3 8 16 L
13 4 0 14 L
13 5 11 5 R
13 6 6 3 D
13 7 1 17 L
13 9 8 7 R
13 10 15 10 U
13 11 10 5 R
13 12 9 4 R
13 14 14 1 D
13 15 4 1 D
13 16 1 10 U
13 17 5 2 D
13 18 7 9 U
14 0 6 0 D
14 1 2 17 L
14 2 12 7 R
14 3 1 6 R
14 4 3 4 R
14 5 13 3 D
14 6 9 9 U
14 7 12 3 D
14 9 15 8 R
14 10 3 6 R
14 12 5 15 L
14 15 0 1 D
14 17 6 17 L
14 18 9 0 D
15 0 6 5 R
15 1 11 9 U
15 2 4 7 R
15 4 3 4 R
15 6 11 1 D
15 7 14 2 D
15 9 9 2 D
15 12 5 5 R
15 15 5 15 L
15 18 2 0 D
16 0 0 15 L
16 1 15 12 U
16 4 8 9 U
16 7 10 2 D
16 9 0 2 D
16 15 0 12 U
16 18 8 18 L
17 7 15 7 R
17 9 4 14 L

