8 5 32
0 0 0 0 0 0 0 0 6 0 0 3 0 0
0 0 0 0 0 0 0 0 0 0 0 0 0 7
0 0 0 0 0 0 0 0 0 0 6 5 0 0
6 0 0 0 0 0 0 0 0 0 0 0 6 4
0 0 7 0 0 1 0 0 0 0 0 0 0 5
0 0 0 0 0 7 0 0 0 0 3 0 4 6
0 0 1 0 0 0 0 0 0 0 0 2 0 0
0 0 0 0 0 2 0 0 0 0 0 0 0 0
0 0 0 0 0 0 0 0 0 0 0 0 0 0
0 0 0 0 0 0 0 0 0 0 0 0 0 0
0 0 0 0 2 0 0 0 0 0 0 1 0 2
5 0 0 0 0 0 0 0 0 0 0 0 5 0
6 0 0 0 0 0 0 0 0 0 5 2 0 0
3 0 0 0 2 0 0 0 0 0 0 0 0 0
0 0 0 0 R
0 1 0 1 U
0 2 0 2 D
0 3 0 3 D
0 4 0 4 L
1 0 0 2 D
1 1 0 0 R
1 2 2 4 L
1 3 0 0 R
1 4 2 4 L
2 0 0 1 U
2 1 4 0 R
2 2 0 4 L
2 3 0 1 U
2 4 1 0 R
3 0 1 4 L
3 1 1 4 L
3 2 1 1 U
3 4 0 2 D
4 0 3 2 D
4 1 6 1 U
4 2 3 2 D
4 4 6 3 D
5 0 1 1 U
5 1 4 1 U
5 2 3 4 L
5 4 2 2 D
6 1 0 4 L
6 2 1 2 D
6 4 0 0 R
7 1 0 2 D
7 4 0 3 D

