18 14 215
7 12 0 15 0 10 0 9 14 10 10 11
0 6 9 7 7 0 0 12 15 9 0 0
12 1 0 8 13 0 10 5 0 8 0 1
6 1 0 0 0 11 13 2 1 0 0 4
14 0 13 14 2 0 0 16 5 8 5 0
7 9 0 17 0 15 11 15 16 0 17 0
0 2 6 0 0 0 15 0 0 0 0 0
12 0 3 15 0 16 0 0 0 14 0 10
13 0 0 0 15 14 10 0 16 6 6 0
0 0 10 12 13 0 12 14 0 0 4 0
5 0 0 12 0 0 0 0 0 2 11 2
8 12 0 0 0 0 1 0 1 8 0 12
0 0 0 0 L
0 1 0 1 L
0 2 0 2 L
0 3 0 3 R
0 4 0 4 R
0 5 0 5 R
0 6 0 6 D
0 7 0 7 D
0 8 0 8 D
0 9 0 9 D
0 10 0 10 U
0 11 0 11 U
0 12 0 12 U
0 13 0 13 U
1 0 5 11 U
1 1 0 10 U
1 2 0 9 D
1 3 0 12 U
1 4 0 10 U
1 5 2 5 R
1 6 0 1 L
1 7 9 3 R
1 8 3 8 D
1 9 7 9 D
1 10 0 4 R
1 11 9 1 L
1 12 5 12 U
2 0 3 0 L
2 1 10 6 D
2 2 7 2 L
2 3 0 7 D
2 4 0 9 D
2 5 11 6 D
2 6 1 0 L
2 7 4 7 D
2 8 5 1 L
2 9 16 1 L
2 10 0 6 D
2 11 4 11 U
2 12 4 5 R
2 13 8 4 R
3 0 2 0 L
3 1 9 12 U
3 2 4 2 L
3 3 6 10 U
3 4 1 4 R
3 5 1 10 U
3 6 8 5 R
3 7 4 12 U
3 8 7 2 L
3 9 2 9 D
3 10 2 10 U
3 11 5 1 L
3 12 14 3 R
3 13 1 13 U
4 0 8 10 U
4 1 5 1 L
4 2 0 3 R
4 3 0 6 D
4 4 3 9 D
4 5 1 5 R
4 6 6 0 L
4 7 5 5 R
4 8 12 8 D
4 9 2 9 D
4 10 0 7 D
4 11 0 2 L
4 12 2 0 L
5 0 6 0 L
5 1 3 1 L
5 2 8 10 U
5 3 8 3 R
5 4 11 10 U
5 5 10 5 R
5 6 3 6 D
5 7 8 4 R
5 8 2 8 D
5 9 2 9 D
5 10 8 1 L
5 11 7 11 U
5 12 2 2 L
6 0 3 7 D
6 1 13 1 L
6 2 13 2 L
6 3 7 7 D
6 4 4 11 U
6 5 0 11 U
6 6 3 2 L
6 7 0 3 R
6 8 0 2 L
6 9 2 1 L
6 10 7 3 R
6 11 2 2 L
6 12 9 12 U
7 0 9 6 D
7 1 4 6 D
7 2 1 2 L
7 3 6 11 U
7 4 11 4 R
7 5 9 8 D
7 6 1 3 R
7 7 6 7 D
7 8 0 5 R
7 9 8 9 D
7 10 3 10 U
7 11 10 0 L
7 12 1 12 U
8 0 0 8 D
8 1 3 1 L
8 2 10 12 U
8 3 7 9 D
8 4 0 1 L
8 5 6 5 R
8 6 0 4 R
8 7 11 0 L
8 8 6 3 R
8 9 2 9 D
8 10 5 6 D
8 11 2 11 U
8 12 0 9 D
9 0 0 6 D
9 1 4 7 D
9 2 10 10 U
9 3 0 0 L
9 4 4 0 L
9 5 0 2 L
9 6 5 3 R
9 7 6 2 L
9 8 1 8 D
9 9 0 4 R
9 10 0 3 R
9 11 0 3 R
9 12 5 12 U
10 0 2 8 D
10 1 15 10 U
10 2 14 11 U
10 3 14 10 U
10 4 6 11 U
10 5 6 11 U
10 6 4 0 L
10 7 7 3 R
10 8 5 5 R
10 9 0 3 R
10 10 0 0 L
10 11 12 11 U
10 12 0 8 D
10 13 9 13 U
11 0 6 11 U
11 1 3 1 L
11 2 5 8 D
11 3 1 1 L
11 4 4 4 R
11 5 13 12 U
11 6 12 1 L
11 7 4 7 D
11 8 10 8 D
11 9 3 11 U
11 10 5 0 L
11 11 2 11 U
11 12 4 0 L
12 0 0 5 R
12 1 8 11 U
12 2 7 3 R
12 3 13 10 U
12 4 7 10 U
12 5 10 2 L
12 6 6 6 D
12 7 7 7 D
12 8 11 12 U
12 9 6 13 U
12 10 7 10 U
12 11 9 6 D
12 12 0 4 R
13 0 15 8 D
13 1 12 10 U
13 2 4 2 L
13 3 3 10 U
13 4 1 4 R
13 5 4 5 R
13 6 3 4 R
13 7 0 0 L
13 8 12 4 R
13 9 10 0 L
13 10 10 10 U
13 11 11 7 D
13 12 14 1 L
14 0 13 12 U
14 1 12 3 R
14 2 0 12 U
14 3 15 6 D
14 4 12 1 L
14 6 13 4 R
14 7 5 7 D
14 8 5 8 D
14 9 1 1 L
14 10 13 2 L
14 11 8 9 D
14 12 13 8 D
15 0 9 10 U
15 1 5 1 L
15 2 3 10 U
15 3 14 6 D
15 4 2 8 D
15 6 12 5 R
15 7 1 7 D
15 10 0 5 R
15 11 5 11 U
15 12 0 2 L
16 0 10 6 D
16 1 1 1 L
16 2 4 2 L
16 6 13 10 U
16 10 9 10 U
17 0 4 0 L
17 2 14 12 U

