22 19 349
7 0 0 0 0 0 0 0 0 0 14
12 14 17 7 0 0 0 0 0 0 2
3 0 0 0 0 0 21 9 6 6 17
0 9 13 19 0 17 13 18 0 0 0
10 15 15 0 15 2 16 0 17 21 0
0 19 7 16 0 0 19 21 0 0 20
20 0 0 12 0 0 13 19 19 0 0
0 0 0 0 0 0 15 12 0 8 9
0 0 6 15 20 0 0 12 0 0 0
14 20 0 3 0 0 6 0 0 0 9
7 9 7 0 3 8 12 11 19 13 13
0 0 0 0 R
0 1 0 1 R
0 2 0 2 R
0 3 0 3 R
0 4 0 4 U
0 5 0 5 U
0 6 0 6 U
0 7 0 7 U
0 8 0 8 U
0 9 0 9 U
0 10 0 10 D
0 11 0 11 D
0 12 0 12 D
0 13 0 13 D
0 14 0 14 D
0 15 0 15 L
0 16 0 16 L
0 17 0 17 L
0 18 0 18 L
1 0 5 15 L
1 1 0 4 U
1 2 20 2 R
1 3 10 12 D
1 4 2 4 U
1 5 0 15 L
1 6 2 15 L
1 7 6 7 U
1 8 10 8 U
1 9 5 9 U
1 10 0 18 L
1 11 7 5 U
1 12 4 16 L
1 13 0 6 U
1 14 17 14 D
1 15 5 12 D
1 16 8 10 D
1 17 18 11 D
1 18 0 8 U
2 0 5 17 L
2 1 1 17 L
2 2 5 15 L
2 3 5 3 R
2 4 17 17 L
2 5 8 3 R
2 6 15 6 U
2 7 15 7 U
2 9 18 17 L
2 10 3 15 L
2 11 12 15 L
2 12 1 12 D
2 13 3 13 D
2 14 1 14 D
2 15 3 9 U
2 16 7 14 D
2 17 14 13 D
2 18 11 4 U
3 0 0 13 D
3 1 14 1 R
3 2 10 2 R
3 3 0 12 D
3 4 11 18 L
3 5 7 18 L
3 6 4 6 U
3 9 17 3 R
3 10 1 10 D
3 11 0 5 U
3 12 16 15 L
3 13 0 15 L
3 14 14 14 D
3 15 0 11 D
3 16 0 5 U
3 17 10 7 U
3 18 8 6 U
4 0 1 15 L
4 1 2 17 L
4 2 0 16 L
4 3 9 9 U
4 4 16 4 U
4 5 11 5 U
4 6 6 16 L
4 7 2 7 U
4 9 2 9 U
4 10 3 10 D
4 11 1 11 D
4 12 1 2 R
4 13 5 1 R
4 14 0 0 R
4 15 0 9 U
4 16 12 5 U
4 17 7 7 U
4 18 6 8 U
5 0 12 18 L
5 1 0 15 L
5 2 2 16 L
5 3 0 17 L
5 4 2 15 L
5 5 0 10 D
5 6 13 16 L
5 7 1 16 L
5 8 9 3 R
5 9 4 9 U
5 10 4 5 U
5 11 17 0 R
5 12 2 12 D
5 13 1 13 D
5 14 2 14 D
5 15 12 4 U
5 16 12 12 D
5 17 6 12 D
5 18 7 18 L
6 0 10 12 D
6 1 10 10 D
6 2 16 14 D
6 3 5 13 D
6 4 3 17 L
6 5 16 2 R
6 6 14 17 L
6 9 4 11 D
6 10 4 1 R
6 11 10 4 U
6 12 4 3 R
6 13 0 2 R
6 14 12 14 D
6 15 11 10 D
6 16 11 7 U
6 17 7 17 L
6 18 11 18 L
7 0 4 9 U
7 1 12 1 R
7 2 10 11 D
7 3 2 3 R
7 4 6 0 R
7 5 3 16 L
7 6 2 14 D
7 9 11 0 R
7 10 11 9 U
7 11 11 4 U
7 12 1 12 D
7 13 10 5 U
7 14 9 14 D
7 15 0 0 R
7 16 3 2 R
7 17 14 5 U
7 18 12 11 D
8 0 9 12 D
8 1 10 1 R
8 2 5 10 D
8 3 1 5 U
8 4 0 16 L
8 5 14 0 R
8 6 0 17 L
8 7 1 2 R
8 8 2 8 U
8 9 5 18 L
8 10 1 4 U
8 11 5 17 L
8 12 2 12 D
8 13 4 1 R
8 14 12 2 R
8 15 2 9 U
8 16 15 16 L
8 17 7 11 D
8 18 3 18 L
9 0 0 11 D
9 1 14 1 R
9 2 3 5 U
9 3 13 11 D
9 4 0 0 R
9 5 16 5 U
9 6 0 3 R
9 7 10 16 L
9 8 2 8 U
9 9 11 9 U
9 10 2 4 U
9 11 0 1 R
9 12 2 12 D
9 13 11 18 L
9 14 15 17 L
9 15 17 10 D
9 16 15 10 D
9 17 0 13 D
9 18 14 5 U
10 0 0 6 U
10 1 6 14 D
10 2 16 12 D
10 3 15 3 R
10 4 1 1 R
10 5 13 17 L
10 6 12 1 R
10 8 8 17 L
10 9 4 12 D
10 10 11 5 U
10 11 4 11 D
10 12 1 6 U
10 13 2 2 R
10 14 4 1 R
10 15 1 13 D
10 16 4 13 D
10 17 15 17 L
10 18 2 9 U
11 0 3 10 D
11 1 8 9 U
11 2 4 16 L
11 3 0 18 L
11 4 10 13 D
11 5 8 16 L
11 6 3 10 D
11 7 2 2 R
11 10 0 4 U
11 11 0 0 R
11 12 13 1 R
11 13 4 0 R
11 14 14 0 R
11 15 7 13 D
11 16 13 13 D
11 17 8 13 D
11 18 5 11 D
12 0 0 8 U
12 1 17 5 U
12 2 0 14 D
12 3 11 18 L
12 4 9 15 L
12 5 16 5 U
12 6 14 6 U
12 8 2 16 L
12 9 10 9 U
12 10 9 10 D
12 11 7 3 R
12 12 10 2 R
12 13 2 4 U
12 14 0 9 U
12 15 7 6 U
12 16 13 11 D
12 17 10 17 L
12 18 1 18 L
13 0 8 5 U
13 1 16 10 D
13 2 6 13 D
13 3 2 10 D
13 4 0 1 R
13 5 16 15 L
13 6 16 3 R
13 9 5 2 R
13 10 2 18 L
13 11 5 3 R
13 12 0 17 L
13 13 14 13 D
13 14 17 1 R
13 15 7 15 L
13 16 4 6 U
13 17 6 6 U
13 18 9 14 D
14 0 3 6 U
14 1 2 4 U
14 2 16 13 D
14 3 4 17 L
14 5 12 11 D
14 6 0 2 R
14 7 15 7 U
14 10 16 0 R
14 11 18 2 R
14 12 9 0 R
14 13 5 5 U
14 14 1 14 D
14 15 0 10 D
14 16 13 16 L
14 17 8 17 L
14 18 1 4 U
15 0 0 10 D
15 1 1 11 D
15 2 12 2 R
15 3 8 14 D
15 5 3 5 U
15 6 14 2 R
15 10 20 18 L
15 11 16 16 L
15 12 8 12 D
15 13 9 13 D
15 14 5 14 D
15 15 9 1 R
15 16 14 2 R
15 17 0 11 D
15 18 20 18 L
16 0 17 14 D
16 1 17 18 L
16 2 2 10 D
16 3 14 3 R
16 4 6 16 L
16 5 9 15 L
16 6 7 2 R
16 7 7 1 R
16 10 4 0 R
16 11 11 11 D
16 12 6 6 U
16 13 4 13 D
16 14 11 14 D
16 15 5 15 L
16 16 4 4 U
16 17 3 4 U
17 0 18 0 R
17 1 5 12 D
17 2 18 6 U
17 5 1 15 L
17 6 8 3 R
17 10 18 15 L
17 11 0 16 L
17 12 16 12 D
17 13 11 1 R
17 14 12 14 D
17 15 19 6 U
17 16 18 4 U
17 17 5 17 L
17 18 9 18 L
18 0 14 0 R
18 1 17 1 R
18 2 4 12 D
18 3 15 6 U
18 4 14 10 D
18 5 1 2 R
18 6 0 12 D
18 7 7 7 U
18 10 1 2 R
18 11 9 11 D
18 12 4 2 R
18 14 16 1 R
18 15 13 12 D
18 16 19 11 D
18 17 5 17 L
18 18 12 13 D
19 0 16 11 D
19 1 15 10 D
19 5 9 1 R
19 10 7 5 U
19 11 9 11 D
19 12 18 12 D
19 14 18 6 U
19 15 14 7 U
19 16 5 4 U
19 18 3 18 L
20 0 5 10 D
20 1 19 16 L
20 4 1 2 R
20 5 13 13 D
20 10 16 6 U
20 11 13 9 U
20 15 3 5 U
21 0 6 10 D
21 1 17 6 U
21 5 18 18 L

