15 12 139
0 12 6 8 0 6 9 6 5 2
10 0 2 0 13 0 0 5 4 10
1 6 0 5 14 6 0 5 0 0
0 14 8 0 0 0 12 7 9 8
2 0 10 0 0 0 8 0 1 0
0 0 12 5 5 10 11 2 10 0
2 0 0 10 0 0 2 0 0 0
9 8 3 0 0 3 0 0 5 0
0 13 0 0 6 0 0 8 11 0
2 0 0 0 0 0 0 5 0 12
0 0 0 0 R
0 1 0 1 R
0 2 0 2 R
0 3 0 3 U
0 4 0 4 U
0 5 0 5 U
0 6 0 6 D
0 7 0 7 D
0 8 0 8 D
0 9 0 9 L
0 10 0 10 L
0 11 0 11 L
1 0 9 0 R
1 1 2 1 R
1 2 10 8 D
1 3 0 7 D
1 4 7 9 L
1 5 0 9 L
1 6 9 5 U
1 7 0 9 L
1 8 8 8 D
1 9 6 8 D
1 10 6 10 L
2 0 1 8 D
2 1 1 1 R
2 2 3 7 D
2 3 10 0 R
2 4 0 0 R
2 5 7 5 U
2 6 0 4 U
2 7 1 7 D
2 8 5 8 D
2 9 1 1 R
2 10 0 7 D
2 11 1 2 R
3 0 5 6 D
3 1 6 3 U
3 2 8 3 U
3 3 10 11 L
3 4 0 9 L
3 5 4 10 L
3 6 9 10 L
3 7 1 4 U
3 8 2 2 R
3 9 0 4 U
3 10 0 6 D
4 0 0 3 U
4 1 5 8 D
4 2 5 2 R
4 3 1 3 U
4 4 0 10 L
4 5 5 1 R
4 6 5 6 D
4 7 0 10 L
4 8 5 8 D
4 9 0 0 R
4 10 1 10 L
5 0 3 6 D
5 1 1 7 D
5 2 8 2 R
5 3 4 3 U
5 4 2 4 U
5 5 3 5 U
5 6 2 6 D
5 7 8 7 D
5 8 0 3 U
5 9 2 6 D
5 10 6 4 U
6 0 7 3 U
6 1 9 7 D
6 2 1 2 R
6 3 8 2 R
6 4 0 8 D
6 5 7 2 R
6 6 5 6 D
6 7 8 7 D
6 8 0 0 R
6 9 8 9 L
6 10 9 6 D
7 0 9 6 D
7 1 4 1 R
7 2 5 6 D
7 3 11 9 L
7 4 1 9 L
7 5 2 10 L
7 6 4 9 L
7 7 5 7 D
7 8 0 5 U
7 9 6 3 U
7 10 9 7 D
7 11 6 11 L
8 0 0 5 U
8 1 3 6 D
8 2 7 2 R
8 3 0 1 R
8 4 6 4 U
8 5 6 5 U
8 6 7 6 D
8 7 9 9 L
8 8 5 8 D
8 9 0 3 U
8 10 7 10 L
8 11 1 11 L
9 0 0 8 D
9 1 11 7 D
9 2 7 2 R
9 3 4 1 R
9 4 1 4 U
9 5 8 0 R
9 6 5 4 U
9 7 0 5 U
9 8 0 1 R
9 9 2 7 D
9 10 2 8 D
9 11 1 11 L
10 0 9 5 U
10 1 5 6 D
10 2 1 6 D
10 3 6 10 L
10 4 8 11 L
10 6 4 3 U
10 7 9 7 D
10 8 11 8 D
10 9 1 7 D
10 10 9 0 R
10 11 5 1 R
11 0 1 3 U
11 3 5 3 U
11 4 3 10 L
11 6 7 5 U
11 7 0 4 U
11 8 3 4 U
12 0 6 6 D
12 3 5 3 U
12 6 11 4 U
13 3 1 2 R
13 6 0 0 R
14 3 1 3 U
14 6 4 6 D

