12 5 49
0 0 0 0 5 3 7 0 0 4 0 0 11 11 9
9 10 1 0 0 0 0 0 0 2 0 0 0 0 0
0 0 4 0 0 0 0 2 0 0 0 0 0 0 0
0 0 9 4 0 0 0 0 0 0 0 0 0 3 0
0 0 0 0 0 0 0 0 0 0 9 0 0 0 0
0 0 0 0 0 0 0 0 0 0 0 0 0 0 0
0 4 0 1 0 0 0 1 0 0 0 0 0 0 0
0 0 0 9 0 0 0 0 0 0 0 0 0 0 0
2 0 2 0 0 0 0 0 0 0 11 0 10 0 0
0 0 0 6 0 6 0 0 0 6 0 0 10 0 0
0 0 0 0 0 0 0 0 0 0 0 0 0 0 0
0 0 0 2 0 0 0 0 0 0 0 0 1 0 0
0 4 6 0 0 0 4 0 0 1 0 0 7 0 0
0 0 0 0 0 0 0 0 0 0 0 0 0 8 11
0 0 0 0 0 5 8 0 0 0 0 0 8 0 0
0 0 0 0 U
0 1 0 1 R
0 2 0 2 D
0 3 0 3 L
0 4 0 4 L
1 0 2 0 U
1 1 0 0 U
1 2 0 3 L
1 3 0 2 D
1 4 5 2 D
2 0 0 3 L
2 1 5 1 R
2 2 0 1 R
2 3 6 3 L
2 4 7 4 L
3 0 0 1 R
3 1 4 0 U
3 2 0 0 U
3 3 6 0 U
4 0 0 4 L
4 1 0 2 D
4 2 1 2 D
4 3 2 0 U
5 0 1 1 R
5 1 2 0 U
5 2 1 1 R
5 3 0 1 R
6 0 7 1 R
6 1 8 2 D
6 2 1 3 L
6 3 0 0 U
6 4 7 2 D
7 0 4 3 L
7 1 2 2 D
7 2 0 4 L
7 3 5 2 D
8 0 7 3 L
8 1 0 3 L
8 2 3 1 R
8 3 6 2 D
9 0 0 2 D
9 1 7 2 D
9 2 3 2 D
10 0 9 2 D
10 1 9 0 U
10 2 6 3 L
11 0 8 1 R
11 1 2 1 R
11 2 1 0 U

