19 9 148
0 14 8 2 5 1 16 11 14 6 0 0 2
0 15 13 14 0 0 10 0 9 0 0 6 0
2 0 0 2 0 0 0 11 0 12 0 18 2
8 0 0 0 4 0 0 6 0 13 6 0 3
0 0 1 0 11 15 0 16 0 0 6 0 11
0 16 0 0 0 0 0 12 0 0 0 8 12
9 17 0 0 0 0 4 7 10 0 0 17 13
4 17 0 0 0 17 11 0 0 0 12 0 0
0 13 0 12 0 0 6 0 0 9 12 0 7
0 15 0 0 7 0 15 0 0 16 15 0 12
13 0 0 3 0 14 0 9 16 0 0 0 17
0 14 0 10 5 2 0 1 18 0 17 0 0
0 0 6 2 6 4 5 6 8 0 2 1 0
0 0 0 0 D
0 1 0 1 D
0 2 0 2 R
0 3 0 3 R
0 4 0 4 R
0 5 0 5 U
0 6 0 6 U
0 7 0 7 L
0 8 0 8 L
1 0 0 8 L
1 1 4 1 D
1 2 2 2 R
1 3 4 3 R
1 4 5 4 R
1 5 0 0 D
1 6 4 6 U
1 7 6 7 L
1 8 6 0 D
2 0 0 2 R
2 1 0 6 U
2 2 0 7 L
2 3 7 3 R
2 4 11 4 R
2 5 7 3 R
2 6 0 3 R
2 7 0 5 U
2 8 8 5 U
3 0 5 8 L
3 1 13 2 R
3 2 7 0 D
3 3 0 8 L
3 4 4 7 L
3 5 4 0 D
3 6 8 3 R
3 7 0 1 D
3 8 13 8 L
4 0 0 3 R
4 1 10 3 R
4 2 3 1 D
4 3 0 0 D
4 5 2 5 U
4 6 1 6 U
4 7 3 7 L
4 8 0 2 R
5 0 2 0 D
5 1 0 4 R
5 2 0 5 U
5 3 0 1 D
5 4 4 4 R
5 5 7 5 U
5 6 1 6 U
5 7 2 7 L
5 8 3 8 L
6 0 3 0 D
6 1 0 5 U
6 2 5 2 R
6 3 5 3 R
6 4 4 8 L
6 5 0 7 L
6 6 2 8 L
6 7 0 3 R
6 8 5 8 L
7 0 1 0 D
7 1 6 1 D
7 2 4 2 R
7 3 1 7 L
7 5 0 8 L
7 6 11 7 L
7 7 1 2 R
7 8 0 0 D
8 0 14 2 R
8 1 2 1 D
8 2 9 5 U
8 3 7 5 U
8 4 13 4 R
8 5 4 5 U
8 6 0 2 R
8 7 2 1 D
8 8 5 8 L
9 0 0 7 L
9 1 2 2 R
9 2 4 5 U
9 3 8 0 D
9 4 0 5 U
9 5 10 8 L
9 6 4 6 U
9 7 10 7 L
9 8 12 8 L
10 0 6 0 D
10 1 14 1 D
10 2 7 6 U
10 3 6 3 R
10 5 3 4 R
10 6 1 7 L
10 7 1 7 L
10 8 0 6 U
11 0 5 0 D
11 1 4 1 D
11 2 4 0 D
11 3 1 3 R
11 5 6 5 U
11 6 10 2 R
11 7 8 2 R
11 8 12 5 U
12 0 8 7 L
12 1 6 3 R
12 2 10 8 L
12 3 8 8 L
12 5 1 5 U
12 6 14 6 U
12 7 9 0 D
12 8 13 1 D
13 0 11 0 D
13 1 15 1 D
13 2 0 6 U
13 3 12 3 R
13 5 0 4 R
13 6 5 7 L
13 7 15 6 U
13 8 2 8 L
14 0 1 7 L
14 1 9 5 U
14 2 2 5 U
14 3 6 3 R
14 4 3 4 R
14 5 9 5 U
14 6 0 1 D
14 7 3 7 L
14 8 10 0 D
15 0 14 0 D
15 1 3 3 R
15 2 10 2 R
15 5 8 2 R
15 6 1 1 D
15 7 8 6 U
15 8 2 6 U
16 0 6 2 R
16 2 2 2 R
16 5 5 1 D
16 6 4 6 U
16 7 2 7 L
17 0 8 0 D
17 2 3 6 U
17 5 12 7 L
17 6 3 6 U
17 7 3 6 U
18 0 2 0 D
18 7 9 7 L

