17 17 245
15 0 0 0 0 0 0 0 2 0 0 2 0 1
13 0 6 0 8 5 0 4 10 0 12 14 5 0
0 6 7 5 0 2 14 3 0 1 6 0 0 4
14 4 4 0 12 0 0 3 0 0 0 14 0 6
6 14 1 0 0 13 0 0 0 4 14 7 0 0
7 0 0 4 0 0 4 0 12 0 0 0 0 5
0 9 4 4 0 0 0 13 14 1 0 0 13 7
16 0 3 0 9 0 0 0 4 0 1 0 13 0
16 0 5 11 0 0 0 0 14 13 0 0 8 11
11 0 0 0 0 13 0 0 4 12 0 10 0 2
2 8 6 0 0 10 7 13 0 0 13 7 12 7
5 0 1 1 13 14 0 0 0 0 0 0 0 7
0 1 8 0 3 0 0 0 11 0 0 0 0 2
5 0 0 11 11 1 0 0 0 0 0 0 0 4
0 0 0 0 L
0 1 0 1 L
0 2 0 2 L
0 3 0 3 L
0 4 0 4 R
0 5 0 5 R
0 6 0 6 R
0 7 0 7 R
0 8 0 8 D
0 9 0 9 D
0 10 0 10 D
0 11 0 11 D
0 12 0 12 U
0 13 0 13 U
0 14 0 14 U
0 15 0 15 U
0 16 0 16 U
1 0 13 14 U
1 1 7 12 U
1 2 2 9 D
1 3 0 14 U
1 4 6 8 D
1 5 8 5 R
1 6 14 10 D
1 7 4 7 R
1 8 4 8 D
1 9 11 12 U
1 10 0 3 L
1 11 6 11 D
1 12 0 9 D
1 13 0 2 L
1 14 3 14 U
1 15 5 15 U
1 16 4 3 L
2 0 0 12 U
2 1 3 11 D
2 2 5 2 L
2 3 8 6 R
2 4 0 0 L
2 5 0 14 U
2 6 10 6 R
2 7 6 12 U
2 8 0 6 R
2 9 6 6 R
2 10 1 4 R
2 11 0 12 U
2 12 0 7 R
2 13 12 8 D
2 14 0 8 D
2 15 5 1 L
2 16 0 10 D
3 0 10 13 U
3 1 4 9 D
3 2 7 2 L
3 3 11 10 D
3 4 4 4 R
3 5 12 12 U
3 6 5 3 L
3 7 7 7 R
3 8 0 4 R
3 9 6 2 L
3 10 1 6 R
3 11 14 0 L
3 12 8 3 L
3 13 9 2 L
3 14 1 14 U
3 15 1 15 U
3 16 6 16 U
4 0 1 16 U
4 1 0 8 D
4 2 3 2 L
4 3 6 3 L
4 4 1 13 U
4 5 7 1 L
4 6 12 6 R
4 7 7 13 U
4 8 0 5 R
4 9 2 1 L
4 10 3 10 D
4 11 7 4 R
4 12 0 4 R
4 13 9 13 U
4 14 1 14 U
4 15 11 4 R
4 16 2 5 R
5 0 0 11 D
5 1 0 16 U
5 2 2 5 R
5 3 2 15 U
5 4 0 13 U
5 5 11 9 D
5 6 0 2 L
5 7 10 7 R
5 8 10 12 U
5 9 0 0 L
5 10 0 7 R
5 11 6 11 D
5 12 0 1 L
5 13 11 9 D
5 14 8 4 R
5 15 0 3 L
5 16 8 16 U
6 0 0 15 U
6 1 11 1 L
6 2 5 11 D
6 3 11 3 L
6 4 8 12 U
6 5 0 8 D
6 6 1 0 L
6 7 0 14 U
6 8 4 1 L
6 9 8 9 D
6 10 1 10 D
6 11 5 5 R
6 12 0 5 R
6 13 8 13 U
6 14 9 14 U
6 15 2 7 R
6 16 5 16 U
7 0 3 0 L
7 1 8 4 R
7 2 4 2 L
7 3 2 13 U
7 4 9 0 L
7 5 0 9 D
7 6 0 12 U
7 7 0 15 U
7 8 12 4 R
7 9 5 4 R
7 10 9 0 L
7 11 1 11 D
7 12 4 1 L
7 13 11 11 D
7 14 1 14 U
7 15 0 6 R
7 16 2 7 R
8 0 10 15 U
8 1 6 13 U
8 2 0 5 R
8 3 0 10 D
8 4 6 12 U
8 5 2 1 L
8 6 7 14 U
8 7 10 0 L
8 8 1 2 L
8 9 12 5 R
8 10 4 1 L
8 11 10 11 D
8 12 12 12 U
8 13 7 3 L
8 14 2 14 U
8 15 10 15 U
8 16 1 1 L
9 0 11 12 U
9 1 1 10 D
9 2 1 7 R
9 3 6 16 U
9 4 0 1 L
9 5 10 13 U
9 6 0 14 U
9 7 2 2 L
9 8 8 8 D
9 9 0 1 L
9 10 6 2 L
9 11 6 11 D
9 12 11 0 L
9 13 8 13 U
9 14 6 9 D
9 15 0 8 D
10 0 12 8 D
10 1 5 12 U
10 2 11 4 R
10 3 0 7 R
10 4 6 4 R
10 5 2 8 D
10 6 2 8 D
10 7 8 16 U
10 8 5 0 L
10 9 13 9 D
10 10 3 10 D
10 11 6 11 D
10 12 3 0 L
10 13 4 5 R
10 14 4 6 R
10 16 1 16 U
11 0 8 11 D
11 1 6 14 U
11 2 0 12 U
11 3 2 3 L
11 4 0 3 L
11 5 5 3 L
11 6 7 13 U
11 7 2 7 R
11 8 3 6 R
11 9 2 9 D
11 11 4 4 R
11 12 10 2 L
11 13 1 13 U
11 14 12 5 R
11 16 3 16 U
12 0 9 13 U
12 1 11 8 D
12 2 15 8 D
12 3 1 3 L
12 4 9 11 D
12 5 9 12 U
12 6 0 10 D
12 7 1 7 R
12 8 0 15 U
12 9 11 2 L
12 11 6 5 R
12 12 3 5 R
12 13 7 4 R
12 14 11 14 U
13 0 6 0 L
13 1 9 13 U
13 2 1 15 U
13 3 7 11 D
13 4 9 2 L
13 5 12 5 R
13 6 11 15 U
13 7 9 7 R
13 8 7 0 L
13 9 12 0 L
13 10 0 4 R
13 11 14 7 R
13 12 1 5 R
13 13 6 13 U
13 14 3 6 R
14 0 1 8 D
14 2 3 16 U
14 3 2 10 D
14 4 8 3 L
14 5 3 5 R
14 6 1 6 R
14 7 4 7 R
14 8 11 1 L
14 10 1 3 L
14 11 11 11 D
14 12 3 4 R
14 13 7 2 L
15 2 5 5 R
15 12 10 6 R
16 2 3 15 U
16 12 9 7 R

