10 10 84
0 8 0 0 7 2 4 4 0 0 0 0 0
0 0 0 5 0 8 0 0 0 2 8 0 0
0 0 2 0 0 0 0 5 0 2 0 3 0
0 0 0 0 0 0 0 0 0 0 0 0 5
2 0 0 6 0 0 0 3 0 0 0 0 0
0 0 6 0 0 9 0 0 0 0 0 0 0
5 0 8 0 0 5 3 9 0 9 0 0 5
0 0 5 1 6 0 0 0 0 6 0 1 0
0 6 7 0 0 0 0 6 0 0 0 0 4
0 1 8 0 0 0 7 0 0 0 1 0 0
0 0 0 0 0 8 0 0 0 0 0 5 0
0 0 3 5 9 0 6 7 0 0 0 0 7
9 0 0 0 5 6 0 0 0 0 0 3 1
0 0 0 0 R
0 1 0 1 R
0 2 0 2 R
0 3 0 3 U
0 4 0 4 U
0 5 0 5 D
0 6 0 6 D
0 7 0 7 D
0 8 0 8 L
0 9 0 9 L
1 0 0 3 U
1 1 3 1 R
1 2 3 9 L
1 3 0 8 L
1 4 2 4 U
1 5 3 5 D
1 6 2 0 R
1 7 3 7 D
1 8 0 4 U
1 9 4 5 D
2 0 0 5 D
2 1 7 4 U
2 3 1 6 D
2 4 0 0 R
2 5 0 3 U
2 6 6 6 D
2 7 5 8 L
2 8 0 5 D
2 9 0 7 D
3 0 0 8 L
3 1 1 1 R
3 3 2 0 R
3 4 4 8 L
3 5 0 8 L
3 6 2 1 R
3 7 0 3 U
3 8 0 3 U
3 9 1 9 L
4 0 0 6 D
4 1 0 8 L
4 3 2 5 D
4 4 5 6 D
4 5 3 9 L
4 6 2 8 L
4 7 1 7 D
4 8 1 4 U
4 9 7 3 U
5 0 0 4 U
5 1 4 3 U
5 2 2 2 R
5 3 0 5 D
5 4 2 0 R
5 5 0 2 R
5 6 1 6 D
5 7 4 0 R
5 8 1 8 L
5 9 3 4 U
6 0 3 3 U
6 1 7 1 R
6 3 4 3 U
6 4 1 4 U
6 5 5 8 L
6 6 3 1 R
6 7 0 1 R
6 8 0 0 R
6 9 1 9 L
7 0 4 0 R
7 1 2 1 R
7 3 4 9 L
7 5 5 0 R
7 6 6 9 L
7 8 6 8 L
7 9 1 9 L
8 0 2 7 D
8 3 0 9 L
8 5 0 0 R
8 6 0 0 R
8 8 0 6 D
8 9 3 6 D
9 0 1 6 D
9 3 3 3 U
9 5 0 9 L
9 8 6 0 R
9 9 2 9 L

