15 17 211
10 0 1 13 5 0 7 9 8 10 0 0 4
2 3 0 0 6 1 1 7 0 0 0 11 12
0 0 10 0 6 0 0 1 0 0 10 13 0
4 14 0 14 0 0 0 5 0 5 2 10 11
0 10 3 0 0 0 0 0 4 0 5 0 0
4 6 7 0 0 9 6 1 10 5 2 0 12
9 7 0 0 2 0 8 0 0 0 0 10 12
0 3 1 11 14 2 14 3 0 6 13 0 10
7 10 0 3 0 0 5 3 9 0 0 9 0
3 10 0 12 0 0 9 0 0 8 0 0 13
7 0 0 2 0 0 0 0 12 4 5 0 4
5 3 12 0 13 8 0 12 0 0 0 4 0
6 6 5 0 8 0 7 4 2 4 8 0 2
0 0 0 0 L
0 1 0 1 L
0 2 0 2 L
0 3 0 3 L
0 4 0 4 L
0 5 0 5 R
0 6 0 6 R
0 7 0 7 R
0 8 0 8 R
0 9 0 9 D
0 10 0 10 D
0 11 0 11 D
0 12 0 12 D
0 13 0 13 U
0 14 0 14 U
0 15 0 15 U
0 16 0 16 U
1 0 2 10 D
1 1 0 9 D
1 2 8 2 L
1 3 0 12 D
1 4 2 4 L
1 5 6 9 D
1 6 2 6 R
1 7 4 7 R
1 8 0 12 D
1 9 13 3 L
1 10 3 7 R
1 11 11 0 L
1 12 0 3 L
1 13 5 13 U
1 14 0 9 D
1 15 4 15 U
1 16 0 3 L
2 0 9 9 D
2 1 8 13 U
2 2 9 12 D
2 3 0 16 U
2 4 5 11 D
2 5 0 9 D
2 6 5 6 R
2 7 0 15 U
2 8 6 15 U
2 9 5 5 R
2 10 9 3 L
2 11 4 6 R
2 12 3 8 R
2 13 3 8 R
2 14 3 14 U
2 15 5 10 D
2 16 1 16 U
3 0 0 13 U
3 1 4 1 L
3 2 4 2 L
3 3 7 13 U
3 4 4 4 L
3 5 6 5 R
3 6 5 15 U
3 7 1 9 D
3 8 0 16 U
3 9 0 5 R
3 10 7 0 L
3 11 0 6 R
3 12 0 14 U
3 13 0 5 R
3 14 4 14 U
3 15 0 11 D
3 16 0 5 R
4 0 0 10 D
4 1 7 16 U
4 2 3 10 D
4 3 8 3 L
4 4 11 4 L
4 5 5 12 D
4 6 0 13 U
4 7 12 16 U
4 8 3 8 R
4 9 0 0 L
4 10 3 10 D
4 11 13 11 D
4 12 6 0 L
4 13 0 1 L
4 14 2 14 U
4 15 2 15 U
4 16 7 1 L
5 0 6 0 L
5 1 8 9 D
5 2 10 9 D
5 3 4 3 L
5 5 6 5 R
5 6 1 10 D
5 7 9 12 D
5 8 11 14 U
5 9 3 16 U
5 10 0 13 U
5 11 1 11 D
5 12 7 12 D
5 13 7 0 L
5 14 3 14 U
5 15 1 6 R
5 16 9 16 U
6 0 0 5 R
6 1 5 1 L
6 2 2 14 U
6 3 4 14 U
6 5 1 5 R
6 6 10 9 D
6 7 5 9 D
6 8 1 8 R
6 9 0 1 L
6 10 0 2 L
6 11 7 13 U
6 12 0 8 R
6 13 2 10 D
6 14 7 14 U
6 15 0 2 L
6 16 0 7 R
7 0 0 14 U
7 1 0 14 U
7 2 0 11 D
7 3 11 3 L
7 5 0 14 U
7 6 0 2 L
7 7 3 7 R
7 8 0 13 U
7 9 1 5 R
7 10 9 10 D
7 11 8 11 D
7 12 5 12 D
7 13 0 2 L
7 14 3 1 L
7 15 1 3 L
7 16 1 16 U
8 0 7 16 U
8 1 1 1 L
8 2 6 15 U
8 3 7 8 R
8 5 4 11 D
8 6 0 14 U
8 7 10 7 R
8 8 9 8 R
8 9 4 3 L
8 10 4 5 R
8 11 5 2 L
8 12 4 16 U
8 13 1 0 L
8 14 2 2 L
8 15 0 7 R
8 16 13 2 L
9 0 0 15 U
9 1 0 8 R
9 2 0 5 R
9 3 4 11 D
9 5 5 10 D
9 6 0 0 L
9 7 2 1 L
9 8 2 8 R
9 9 6 9 D
9 10 4 10 D
9 11 12 0 L
9 12 5 12 D
9 13 0 6 R
9 14 3 0 L
9 15 1 12 D
9 16 2 3 L
10 0 1 0 L
10 1 7 13 U
10 2 3 9 D
10 3 7 15 U
10 5 0 1 L
10 6 7 6 R
10 7 8 11 D
10 8 12 11 D
10 9 1 3 L
10 10 11 6 R
10 11 1 8 R
10 12 5 12 D
10 13 2 9 D
10 14 11 14 U
10 15 4 15 U
10 16 0 9 D
11 0 1 0 L
11 2 0 12 D
11 5 5 13 U
11 6 1 16 U
11 7 0 10 D
11 8 6 10 D
11 9 1 9 D
11 10 4 0 L
11 12 9 8 R
11 13 0 0 L
11 14 0 8 R
12 0 7 15 U
12 5 5 1 L
12 6 8 14 U
12 7 2 7 R
12 8 10 8 R
12 9 1 7 R
12 10 6 1 L
12 13 4 13 U
12 14 2 4 L
13 0 7 0 L
13 5 4 5 R
13 7 2 7 R
13 8 5 13 U
13 10 2 10 D
13 13 9 2 L
13 14 4 10 D
14 0 10 13 U
14 5 3 5 R
14 8 3 13 U

