23 21 398
0 0 18 0 19 0 19 0 0 10 4 10 19 0 0 0 0 0
22 0 0 0 16 0 0 0 0 0 21 18 13 12 9 21 0 0
13 15 21 22 0 0 3 17 21 17 0 13 0 0 0 0 7 13
6 6 0 7 15 10 14 0 0 0 22 0 5 0 0 17 0 5
0 0 0 0 0 0 0 0 0 0 0 17 19 0 7 1 0 0
0 0 0 0 0 0 0 0 0 0 21 0 0 12 17 0 0 0
13 0 0 0 0 0 0 0 0 0 20 0 0 10 0 0 16 10
0 14 1 0 20 0 15 3 0 0 2 11 0 0 0 0 0 0
0 19 20 20 0 9 4 0 0 0 0 0 20 0 16 0 0 0
9 0 0 0 8 2 4 0 0 0 0 0 0 0 0 0 0 0
0 18 0 16 0 0 16 0 0 0 0 0 0 8 1 0 4 19
12 0 0 12 0 6 0 0 0 0 3 6 9 0 0 16 1 15
0 0 0 14 0 13 14 0 0 0 0 0 0 3 0 0 0 13
1 12 0 0 0 0 0 0 0 0 18 0 20 0 0 0 0 11
4 0 15 0 0 3 0 0 0 15 0 0 15 0 0 13 0 0
0 0 0 3 7 0 10 0 15 0 0 0 0 7 9 0 0 1
0 0 0 0 0 0 0 0 0 0 0 0 0 0 3 15 0 0
14 0 0 0 10 17 0 19 0 0 16 6 13 0 12 0 0 0
0 0 0 0 U
0 1 0 1 U
0 2 0 2 U
0 3 0 3 U
0 4 0 4 U
0 5 0 5 R
0 6 0 6 R
0 7 0 7 R
0 8 0 8 R
0 9 0 9 D
0 10 0 10 D
0 11 0 11 D
0 12 0 12 D
0 13 0 13 D
0 14 0 14 D
0 15 0 15 L
0 16 0 16 L
0 17 0 17 L
0 18 0 18 L
0 19 0 19 L
0 20 0 20 L
1 0 8 5 R
1 1 0 19 L
1 2 2 2 U
1 3 2 3 U
1 4 5 8 R
1 5 6 13 D
1 6 3 0 U
1 7 8 7 R
1 8 13 11 D
1 9 9 5 R
1 10 5 8 R
1 11 7 3 U
1 12 3 3 U
1 13 6 13 D
1 14 3 14 D
1 15 0 1 U
1 16 7 4 U
1 17 15 17 L
1 18 5 18 L
1 19 2 19 L
1 20 16 20 L
2 0 0 11 D
2 1 10 18 L
2 2 1 2 U
2 3 0 18 L
2 4 16 4 U
2 5 0 9 D
2 6 0 0 U
2 7 7 7 R
2 8 5 8 R
2 9 0 8 R
2 10 1 10 D
2 11 0 16 L
2 12 4 12 D
2 13 4 13 D
2 14 3 14 D
2 15 1 1 U
2 16 7 2 U
2 17 1 17 L
2 18 0 12 D
2 19 3 13 D
2 20 11 20 L
3 0 16 0 U
3 1 10 1 U
3 2 4 2 U
3 3 1 3 U
3 4 1 4 U
3 5 0 16 L
3 6 2 10 D
3 7 6 13 D
3 8 2 8 R
3 9 0 5 R
3 10 7 10 D
3 11 4 11 D
3 12 1 6 R
3 13 9 8 R
3 14 0 5 R
3 15 17 2 U
3 16 15 9 D
3 17 0 11 D
3 18 10 18 L
3 19 13 19 L
3 20 10 14 D
4 0 16 16 L
4 1 6 1 U
4 2 15 17 L
4 3 3 3 U
4 4 1 4 U
4 5 9 0 U
4 6 9 12 D
4 7 2 10 D
4 8 17 8 R
4 9 6 6 R
4 10 14 16 L
4 11 11 11 D
4 12 6 12 D
4 13 12 5 R
4 14 11 16 L
4 15 0 4 U
4 16 9 10 D
4 17 11 0 U
4 18 0 1 U
4 19 12 3 U
4 20 2 20 L
5 0 0 17 L
5 1 0 9 D
5 2 3 15 L
5 3 9 5 R
5 4 4 4 U
5 5 9 14 D
5 6 13 9 D
5 7 14 2 U
5 8 6 9 D
5 9 0 6 R
5 10 2 10 D
5 11 4 8 R
5 12 0 18 L
5 13 10 19 L
5 14 7 6 R
5 15 0 5 R
5 16 16 14 D
5 17 12 17 L
5 18 2 18 L
5 19 2 19 L
5 20 11 20 L
6 0 1 18 L
6 1 17 16 L
6 2 1 6 R
6 3 12 8 R
6 4 9 4 U
6 5 4 9 D
6 6 5 11 D
6 7 12 15 L
6 8 7 8 R
6 9 11 15 L
6 10 13 15 L
6 11 8 20 L
6 12 1 12 D
6 13 11 13 D
6 14 3 14 D
6 15 0 14 D
6 16 1 1 U
6 17 3 6 R
6 18 1 18 L
6 19 10 0 U
6 20 3 7 R
7 0 14 6 R
7 1 0 6 R
7 2 5 2 U
7 3 6 3 U
7 4 6 5 R
7 5 9 4 U
7 6 15 13 D
7 7 13 7 R
7 8 4 4 U
7 9 0 0 U
7 10 1 10 D
7 11 1 11 D
7 12 10 2 U
7 13 4 6 R
7 14 5 4 U
7 15 9 2 U
7 16 12 3 U
7 17 1 2 U
7 18 2 12 D
7 19 5 10 D
7 20 5 20 L
8 0 1 6 R
8 1 4 19 L
8 2 6 6 R
8 3 2 3 U
8 4 1 7 R
8 5 1 5 R
8 6 0 12 D
8 7 1 9 D
8 8 9 13 D
8 9 13 8 R
8 10 6 18 L
8 11 0 7 R
8 12 18 12 D
8 13 4 17 L
8 14 6 14 D
8 15 2 15 L
8 16 13 11 D
8 17 0 2 U
8 18 10 18 L
8 20 10 11 D
9 0 7 8 R
9 1 1 1 U
9 2 13 7 R
9 3 8 19 L
9 4 1 4 U
9 5 12 5 R
9 6 2 0 U
9 7 15 1 U
9 8 2 8 R
9 9 4 9 D
9 10 3 5 R
9 11 14 6 R
9 12 17 5 R
9 13 19 15 L
9 14 1 14 D
9 15 6 0 U
9 16 0 0 U
9 17 2 11 D
9 18 18 2 U
9 19 4 1 U
9 20 3 20 L
10 0 0 13 D
10 1 8 9 D
10 2 2 17 L
10 3 5 20 L
10 4 15 17 L
10 5 1 12 D
10 6 12 15 L
10 7 2 12 D
10 8 3 8 R
10 9 15 19 L
10 10 5 6 R
10 11 8 7 R
10 12 2 12 D
10 13 2 13 D
10 14 14 14 D
10 15 11 10 D
10 16 14 16 L
10 17 3 17 L
10 18 6 11 D
10 20 1 20 L
11 0 3 15 L
11 1 6 20 L
11 2 3 2 U
11 3 7 18 L
11 4 2 4 U
11 5 0 3 U
11 6 0 18 L
11 7 4 10 D
11 8 0 1 U
11 9 8 9 D
11 10 2 7 R
11 11 3 6 R
11 12 2 17 L
11 13 3 7 R
11 15 13 10 D
11 16 16 16 L
11 17 4 0 U
11 18 14 9 D
11 19 9 10 D
11 20 1 20 L
12 0 0 5 R
12 1 8 15 L
12 2 0 6 R
12 3 1 16 L
12 4 4 19 L
12 5 2 15 L
12 6 13 15 L
12 7 3 12 D
12 8 14 14 D
12 9 5 2 U
12 10 0 15 L
12 11 0 5 R
12 12 0 3 U
12 13 10 5 R
12 14 0 4 U
12 15 2 15 L
12 16 7 0 U
12 17 2 2 U
12 18 14 18 L
12 19 1 19 L
12 20 1 20 L
13 0 9 17 L
13 1 4 7 R
13 2 2 20 L
13 3 1 15 L
13 4 0 16 L
13 5 2 0 U
13 6 0 15 L
13 7 4 11 D
13 8 0 11 D
13 9 8 20 L
13 10 0 1 U
13 11 17 16 L
13 13 2 18 L
13 15 12 3 U
13 16 0 10 D
13 17 11 3 U
13 18 5 11 D
13 19 3 19 L
13 20 3 20 L
14 0 18 6 R
14 1 6 8 R
14 2 2 7 R
14 3 13 16 L
14 4 2 4 U
14 5 18 10 D
14 6 13 2 U
14 7 17 7 R
14 8 5 9 D
14 9 13 16 L
14 10 4 10 D
14 11 0 17 L
14 13 0 4 U
14 14 2 14 D
14 15 2 9 D
14 16 0 6 R
14 17 13 10 D
14 18 15 0 U
14 20 11 10 D
15 0 0 15 L
15 1 9 19 L
15 2 5 15 L
15 3 7 3 U
15 4 6 16 L
15 5 3 0 U
15 6 14 10 D
15 7 0 17 L
15 8 11 12 D
15 9 4 20 L
15 10 12 0 U
15 11 13 1 U
15 12 12 17 L
15 13 6 18 L
15 14 3 14 D
15 15 0 9 D
15 16 11 1 U
15 17 12 10 D
15 18 8 9 D
15 20 0 9 D
16 0 10 9 D
16 1 4 1 U
16 2 7 5 R
16 3 6 8 R
16 4 14 20 L
16 5 5 16 L
16 6 0 10 D
16 7 18 11 D
16 8 19 11 D
16 9 15 5 R
16 10 15 10 D
16 11 3 11 D
16 13 12 13 D
16 15 0 8 R
16 16 11 16 L
16 17 13 14 D
16 18 12 18 L
16 19 2 13 D
16 20 3 20 L
17 0 14 18 L
17 1 9 6 R
17 2 3 2 U
17 4 3 4 U
17 5 7 13 D
17 6 0 4 U
17 7 14 0 U
17 8 12 14 D
17 9 6 17 L
17 10 12 16 L
17 11 9 15 L
17 13 15 13 D
17 14 8 20 L
17 15 11 1 U
17 16 1 11 D
17 18 8 18 L
17 20 5 20 L
18 1 7 1 U
18 2 19 18 L
18 4 3 4 U
18 5 19 10 D
18 6 17 9 D
18 8 11 8 R
18 10 0 2 U
18 15 8 12 D
18 16 7 16 L
18 18 0 8 R
19 2 16 20 L
19 5 18 11 D
19 6 7 6 R
19 8 6 0 U
19 10 15 3 U
19 13 5 16 L
19 15 4 5 R
19 16 12 7 R
19 18 2 18 L
19 20 5 20 L
20 2 17 2 U
20 5 1 5 R
20 8 13 3 U
20 10 1 10 D
20 15 7 4 U
20 18 15 9 D
21 5 16 9 D
21 8 3 10 D
21 10 5 7 R
21 15 17 7 R
21 18 7 10 D
22 10 4 10 D
22 15 0 7 R
22 18 1 18 L

