33 26 712
0 0 3 0 0 0 15 22 1 27 0 8 0 0 0 0 0 0 19
3 10 0 0 0 18 0 19 0 2 0 25 6 16 0 2 0 0 0
14 15 0 12 20 6 24 5 0 10 26 0 0 0 22 0 0 0 16
12 0 11 0 14 0 0 0 0 6 0 24 0 0 0 0 0 13 2
0 3 0 0 0 0 0 21 0 22 10 7 6 0 28 9 25 0 0
0 3 0 0 0 6 5 23 17 0 11 0 21 3 2 0 0 0 8
0 0 26 0 21 0 0 26 0 0 0 0 10 0 29 6 19 15 0
10 6 15 5 3 0 0 22 0 0 0 8 0 22 18 0 27 6 32
27 27 0 20 24 0 0 0 0 0 0 0 0 10 0 0 7 0 26
0 9 25 28 3 2 25 0 12 0 0 0 21 0 0 27 0 0 0
0 0 14 0 0 0 0 14 7 0 18 0 24 20 0 0 17 19 10
28 0 21 0 0 0 29 28 0 7 11 16 21 20 0 0 0 0 0
25 0 20 8 0 0 16 1 6 0 20 30 29 17 0 0 18 0 0
0 22 0 0 20 0 0 0 0 0 0 9 0 0 0 0 0 0 0
10 0 10 22 0 24 0 0 0 0 0 0 0 0 0 0 0 17 7
16 0 28 0 5 0 0 0 0 0 0 0 0 0 0 0 0 0 0
0 22 0 0 0 0 30 32 27 0 12 0 0 0 23 21 0 2 12
16 0 21 15 0 24 31 10 0 0 28 0 0 14 20 11 15 21 0
0 0 5 12 1 0 7 0 0 0 25 0 1 0 0 0 0 20 0
0 0 0 0 D
0 1 0 1 D
0 2 0 2 D
0 3 0 3 D
0 4 0 4 D
0 5 0 5 D
0 6 0 6 R
0 7 0 7 R
0 8 0 8 R
0 9 0 9 R
0 10 0 10 R
0 11 0 11 R
0 12 0 12 U
0 13 0 13 U
0 14 0 14 U
0 15 0 15 U
0 16 0 16 U
0 17 0 17 U
0 18 0 18 L
0 19 0 19 L
0 20 0 20 L
0 21 0 21 L
0 22 0 22 L
0 23 0 23 L
0 24 0 24 L
0 25 0 25 L
1 0 0 21 L
1 1 6 8 R
1 2 0 18 L
1 3 3 3 D
1 4 10 4 D
1 5 14 23 L
1 6 3 21 L
1 7 4 7 R
1 8 6 0 D
1 9 4 9 R
1 10 4 10 R
1 11 8 11 R
1 12 15 18 L
1 13 0 18 L
1 14 6 19 L
1 15 6 6 R
1 16 2 10 R
1 17 24 19 L
1 18 4 13 U
1 19 22 19 L
1 20 2 20 L
1 21 25 1 D
1 22 12 1 D
1 23 8 23 L
1 24 23 13 U
1 25 24 25 L
2 0 7 8 R
2 1 18 10 R
2 2 5 2 D
2 3 0 7 R
2 4 20 4 D
2 5 10 10 R
2 6 12 6 R
2 7 0 12 U
2 8 0 13 U
2 9 3 16 U
2 10 20 16 U
2 11 1 4 D
2 12 7 6 R
2 13 0 22 L
2 14 18 8 R
2 15 0 9 R
2 16 7 11 R
2 17 3 25 L
2 18 7 0 D
2 19 7 1 D
2 20 5 1 D
2 21 12 21 L
2 22 5 12 U
2 23 6 13 U
2 24 0 16 U
2 25 13 25 L
3 0 18 24 L
3 1 4 8 R
3 2 1 18 L
3 3 7 22 L
3 4 10 19 L
3 5 11 5 D
3 6 0 18 L
3 7 17 5 D
3 8 0 15 U
3 9 13 15 U
3 10 5 15 U
3 11 4 11 R
3 12 10 6 R
3 13 0 19 L
3 14 0 20 L
3 15 0 0 D
3 16 10 16 U
3 17 0 6 R
3 18 2 1 D
3 19 13 5 D
3 20 5 20 L
3 21 6 21 L
3 22 23 16 U
3 23 1 14 U
3 24 4 5 D
3 25 0 4 D
4 0 11 8 R
4 1 1 24 L
4 2 11 19 L
4 3 5 10 R
4 4 0 24 L
4 5 15 5 D
4 6 1 12 U
4 7 14 0 D
4 8 1 8 R
4 9 6 16 U
4 10 15 2 D
4 11 9 11 R
4 12 5 11 R
4 13 15 9 R
4 14 2 6 R
4 15 6 21 L
4 16 1 22 L
4 17 8 10 R
4 18 6 13 U
4 19 12 13 U
4 20 6 20 L
4 21 5 16 U
4 22 2 22 L
4 23 20 15 U
4 24 9 24 L
4 25 6 25 L
5 0 0 22 L
5 1 13 1 D
5 2 3 2 D
5 3 18 16 U
5 4 16 18 L
5 5 0 15 U
5 6 0 17 U
5 7 8 12 U
5 8 2 8 R
5 9 1 0 D
5 10 7 10 R
5 11 2 11 R
5 12 12 20 L
5 13 2 10 R
5 14 15 7 R
5 15 28 15 U
5 16 0 11 R
5 17 7 17 U
5 18 1 12 U
5 19 6 19 L
5 20 0 16 U
5 21 4 14 U
5 22 1 17 U
5 23 6 12 U
5 24 4 24 L
5 25 18 25 L
6 0 14 6 R
6 1 19 6 R
6 2 17 9 R
6 3 1 3 D
6 4 2 18 L
6 5 1 5 D
6 6 11 0 D
6 7 24 19 L
6 8 1 17 U
6 9 19 9 R
6 10 7 10 R
6 11 14 11 R
6 12 13 23 L
6 13 4 0 D
6 14 17 24 L
6 15 28 6 R
6 16 18 16 U
6 17 0 7 R
6 18 13 14 U
6 19 2 2 D
6 20 5 14 U
6 21 19 21 L
6 22 19 22 L
6 23 3 14 U
6 24 1 24 L
6 25 2 25 L
7 0 2 7 R
7 1 0 20 L
7 2 3 2 D
7 3 4 8 R
7 4 18 21 L
7 5 15 5 D
7 6 21 15 U
7 7 20 14 U
7 8 26 13 U
7 9 12 9 R
7 10 10 15 U
7 11 16 11 R
7 12 2 12 U
7 13 6 11 R
7 14 2 7 R
7 15 1 15 U
7 16 0 8 R
7 17 10 17 U
7 18 13 0 D
7 19 1 13 U
7 20 10 3 D
7 21 1 21 L
7 22 3 12 U
7 23 1 16 U
7 24 23 24 L
7 25 5 25 L
8 0 7 18 L
8 1 11 19 L
8 2 1 6 R
8 3 4 7 R
8 4 3 20 L
8 5 11 5 D
8 6 1 1 D
8 7 4 0 D
8 8 13 1 D
8 9 0 1 D
8 10 4 10 R
8 11 4 11 R
8 12 6 24 L
8 13 11 18 L
8 14 20 10 R
8 15 19 24 L
8 16 12 20 L
8 17 4 17 U
8 18 2 3 D
8 19 9 19 L
8 20 2 20 L
8 21 20 21 L
8 22 19 22 L
8 23 4 23 L
8 24 1 24 L
8 25 21 14 U
9 0 0 13 U
9 1 7 9 R
9 2 11 11 R
9 3 5 11 R
9 4 17 15 U
9 5 10 7 R
9 6 10 20 L
9 7 0 25 L
9 8 8 16 U
9 9 7 9 R
9 10 15 10 R
9 11 8 3 D
9 12 25 21 L
9 13 14 19 L
9 14 5 18 L
9 15 27 15 U
9 16 11 16 U
9 17 2 17 U
9 18 6 18 L
9 19 1 19 L
9 20 0 17 U
9 21 23 15 U
9 22 16 2 D
9 24 5 24 L
9 25 7 13 U
10 0 4 12 U
10 1 9 1 D
10 2 0 6 R
10 3 21 3 D
10 4 11 4 D
10 5 5 5 D
10 6 0 21 L
10 7 9 5 D
10 8 4 15 U
10 9 6 9 R
10 10 1 15 U
10 11 1 11 R
10 12 0 2 D
10 13 21 7 R
10 14 20 7 R
10 15 17 10 R
10 16 3 7 R
10 17 9 17 U
10 18 0 0 D
10 19 4 0 D
10 20 17 20 L
10 21 0 1 D
10 22 7 5 D
10 24 12 14 U
10 25 17 16 U
11 0 6 9 R
11 1 0 17 U
11 2 10 6 R
11 3 1 18 L
11 4 18 4 D
11 5 15 18 L
11 6 5 14 U
11 7 5 14 U
11 8 10 8 R
11 9 4 12 U
11 10 24 10 R
11 11 8 17 U
11 12 23 2 D
11 13 10 13 U
11 14 8 19 L
11 15 3 15 U
11 16 16 16 U
11 17 9 6 R
11 18 18 5 D
11 19 29 1 D
11 20 0 4 D
11 21 9 2 D
11 22 19 22 L
11 24 7 24 L
11 25 6 25 L
12 0 22 9 R
12 1 16 8 R
12 2 10 24 L
12 3 0 23 L
12 4 29 18 L
12 5 0 20 L
12 6 14 6 R
12 7 6 0 D
12 8 15 8 R
12 9 14 9 R
12 10 1 10 R
12 11 1 11 R
12 12 26 19 L
12 13 14 22 L
12 14 23 11 R
12 15 0 8 R
12 16 0 21 L
12 17 10 21 L
12 18 0 12 U
12 19 8 19 L
12 20 16 12 U
12 21 4 21 L
12 22 1 22 L
12 23 13 23 L
12 24 22 3 D
12 25 31 14 U
13 0 18 22 L
13 1 9 21 L
13 2 11 7 R
13 3 12 23 L
13 4 16 22 L
13 5 1 5 D
13 6 4 18 L
13 7 10 7 R
13 8 10 14 U
13 9 6 9 R
13 10 3 10 R
13 11 4 0 D
13 12 8 20 L
13 13 23 13 U
13 14 24 19 L
13 15 16 8 R
13 16 4 16 U
13 17 16 17 U
13 18 5 0 D
13 19 8 6 R
13 20 8 17 U
13 21 0 14 U
13 22 7 22 L
13 24 16 7 R
14 0 0 14 U
14 1 2 16 U
14 2 13 7 R
14 3 6 10 R
14 4 20 18 L
14 5 10 5 D
14 6 8 14 U
14 7 15 15 U
14 8 17 24 L
14 9 4 3 D
14 10 4 10 R
14 11 20 16 U
14 12 18 6 R
14 13 9 19 L
14 14 3 23 L
14 15 0 23 L
14 16 12 9 R
14 17 0 5 D
14 18 18 13 U
14 19 12 14 U
14 20 25 20 L
14 21 13 14 U
14 22 3 22 L
14 23 12 23 L
14 24 6 24 L
14 25 25 17 U
15 0 12 19 L
15 1 8 24 L
15 2 18 18 L
15 3 11 3 D
15 4 3 4 D
15 5 17 16 U
15 6 0 0 D
15 7 11 7 R
15 8 2 0 D
15 9 10 16 U
15 10 7 15 U
15 11 13 11 R
15 12 26 22 L
15 13 7 24 L
15 14 3 8 R
15 15 0 2 D
15 16 4 16 U
15 17 3 7 R
15 18 1 2 D
15 19 5 4 D
15 20 1 14 U
15 21 9 12 U
15 22 5 22 L
15 23 10 1 D
15 24 6 14 U
16 0 4 7 R
16 1 10 1 D
16 2 10 2 D
16 3 0 9 R
16 4 18 4 D
16 5 21 9 R
16 6 27 6 R
16 7 5 7 R
16 8 8 13 U
16 9 22 9 R
16 10 29 12 U
16 11 0 22 L
16 12 24 12 U
16 13 0 24 L
16 14 3 2 D
16 15 3 7 R
16 16 0 4 D
16 17 11 17 U
16 18 0 17 U
16 19 13 3 D
16 20 1 20 L
16 21 19 21 L
16 22 15 4 D
16 23 18 13 U
16 24 14 12 U
16 25 15 25 L
17 0 8 11 R
17 1 16 11 R
17 2 6 2 D
17 3 22 3 D
17 4 31 4 D
17 5 11 5 D
17 6 2 13 U
17 7 7 14 U
17 8 0 21 L
17 9 4 9 R
17 10 8 2 D
17 11 12 15 U
17 12 3 21 L
17 13 12 22 L
17 14 23 21 L
17 15 18 11 R
17 16 0 3 D
17 17 11 17 U
17 18 3 0 D
17 19 6 19 L
17 20 0 13 U
17 21 16 3 D
17 22 27 22 L
17 24 11 16 U
18 0 10 8 R
18 1 1 20 L
18 2 3 2 D
18 3 11 3 D
18 4 22 8 R
18 5 9 5 D
18 6 0 14 U
18 7 14 7 R
18 8 27 8 R
18 9 0 13 U
18 10 6 10 R
18 11 6 17 U
18 12 5 12 U
18 13 12 20 L
18 14 0 1 D
18 15 22 15 U
18 16 3 16 U
18 17 0 25 L
18 18 17 4 D
18 19 0 7 R
18 20 13 17 U
18 21 29 12 U
18 22 26 22 L
18 24 1 24 L
19 0 6 10 R
19 1 4 9 R
19 2 16 2 D
19 3 6 7 R
19 4 30 4 D
19 6 3 6 R
19 7 4 1 D
19 8 1 4 D
19 9 16 0 D
19 10 20 3 D
19 11 16 12 U
19 12 0 21 L
19 13 16 11 R
19 14 10 0 D
19 15 8 20 L
19 16 26 20 L
19 17 11 17 U
19 18 7 14 U
19 19 0 5 D
19 20 20 13 U
19 21 7 13 U
19 22 17 22 L
19 24 1 24 L
20 0 27 20 L
20 1 11 18 L
20 2 28 20 L
20 3 24 21 L
20 4 0 17 U
20 5 8 6 R
20 6 19 12 U
20 7 11 2 D
20 8 0 2 D
20 9 23 9 R
20 10 24 2 D
20 11 1 11 R
20 12 24 9 R
20 13 10 8 R
20 14 15 25 L
20 15 27 2 D
20 16 8 7 R
20 17 5 17 U
20 18 10 0 D
20 19 6 19 L
20 20 17 3 D
20 21 8 21 L
20 22 18 12 U
20 24 1 24 L
21 0 14 19 L
21 1 5 1 D
21 2 17 11 R
21 3 25 25 L
21 4 5 4 D
21 6 3 6 R
21 7 15 12 U
21 8 0 3 D
21 9 25 14 U
21 10 8 10 R
21 11 2 11 R
21 12 23 7 R
21 13 20 6 R
21 14 30 14 U
21 15 24 19 L
21 16 3 16 U
21 17 3 1 D
21 18 11 18 L
21 19 27 14 U
21 20 10 8 R
21 21 5 15 U
21 22 25 17 U
21 24 1 24 L
21 25 23 1 D
22 0 3 7 R
22 1 0 8 R
22 2 3 2 D
22 3 11 3 D
22 6 1 6 R
22 7 14 17 U
22 8 24 8 R
22 9 2 9 R
22 10 3 17 U
22 11 0 4 D
22 13 11 20 L
22 14 11 6 R
22 15 19 9 R
22 16 23 2 D
22 17 12 8 R
22 18 11 18 L
22 19 18 13 U
22 20 0 15 U
22 21 19 0 D
22 22 23 0 D
22 24 10 24 L
22 25 3 25 L
23 0 29 25 L
23 1 5 7 R
23 2 4 2 D
23 3 15 15 U
23 4 3 10 R
23 5 1 11 R
23 6 26 5 D
23 7 0 5 D
23 8 7 8 R
23 9 10 14 U
23 10 10 14 U
23 11 24 23 L
23 12 26 8 R
23 13 30 8 R
23 14 6 1 D
23 15 22 10 R
23 16 12 21 L
23 17 3 17 U
23 18 27 13 U
23 19 11 19 L
23 20 3 20 L
23 21 1 1 D
23 22 4 15 U
23 24 7 12 U
24 1 11 21 L
24 2 23 8 R
24 3 10 11 R
24 5 2 11 R
24 6 21 4 D
24 7 1 7 R
24 8 0 20 L
24 9 4 16 U
24 10 17 0 D
24 11 17 2 D
24 13 8 18 L
24 14 21 4 D
24 15 5 15 U
24 16 5 23 L
24 17 1 10 R
24 18 30 13 U
24 19 26 19 L
24 20 16 20 L
24 21 9 21 L
24 22 3 22 L
24 24 1 2 D
25 0 9 19 L
25 1 7 21 L
25 2 19 18 L
25 6 17 0 D
25 7 7 18 L
25 8 21 8 R
25 9 21 2 D
25 10 0 22 L
25 11 7 11 R
25 12 0 4 D
25 13 9 21 L
25 14 20 25 L
25 15 4 8 R
25 16 10 16 U
25 17 3 17 U
25 18 5 16 U
25 19 11 1 D
25 20 2 20 L
25 21 26 16 U
25 22 24 15 U
26 1 30 24 L
26 2 11 10 R
26 6 8 2 D
26 7 15 16 U
26 9 6 9 R
26 10 20 5 D
26 11 19 11 R
26 13 25 22 L
26 14 8 9 R
26 15 10 15 U
26 16 16 18 L
26 17 7 17 U
26 19 11 2 D
26 20 25 4 D
26 21 28 21 L
26 22 6 22 L
27 1 14 9 R
27 2 5 18 L
27 6 14 13 U
27 7 2 3 D
27 9 26 1 D
27 10 17 10 R
27 11 26 0 D
27 14 7 0 D
27 15 10 15 U
27 16 10 11 R
27 17 19 17 U
27 18 11 12 U
27 19 23 19 L
27 20 22 13 U
27 21 23 4 D
27 22 18 22 L
27 23 29 23 L
27 24 2 24 L
28 1 11 1 D
28 2 19 2 D
28 4 22 25 L
28 7 14 7 R
28 8 12 17 U
28 9 5 16 U
28 10 6 1 D
28 11 0 13 U
28 14 15 6 R
28 15 10 15 U
28 16 2 16 U
28 17 3 17 U
28 19 0 3 D
29 1 3 1 D
29 2 21 19 L
29 7 27 7 R
29 9 3 13 U
29 10 20 15 U
29 11 0 2 D
29 15 10 15 U
29 17 15 17 U
29 19 16 3 D
30 1 27 1 D
30 2 29 2 D
30 9 21 15 U
30 10 19 10 R
30 11 2 11 R
30 12 20 10 R
30 17 14 17 U
30 19 24 4 D
31 1 12 6 R
31 2 0 22 L
31 10 24 10 R
31 17 3 17 U
32 1 9 22 L
32 2 31 10 R

