14 12 156
10 0 4 0 0 3 0 0 5 13 0 0 0 6 0 5
0 10 0 0 0 11 0 3 1 10 0 0 9 0 0 8
7 0 0 0 7 10 9 0 7 0 0 5 5 0 6 0
11 0 0 0 9 0 0 8 2 0 0 0 0 0 10 0
0 0 10 8 0 0 0 3 0 0 7 0 10 0 0 0
0 0 7 0 4 0 0 0 11 0 8 0 0 0 0 0
12 0 0 6 8 12 7 0 8 0 9 0 0 0 0 0
2 0 0 0 0 2 1 1 0 0 0 0 0 0 0 0
0 0 10 0 0 0 7 0 0 10 0 3 0 0 0 0
0 0 0 0 0 0 0 5 0 0 3 0 0 13 0 12
1 4 2 8 0 11 0 0 10 0 0 0 0 13 12 0
2 0 7 0 7 0 0 0 0 0 10 0 9 0 0 9
10 0 10 0 11 0 0 0 0 12 0 0 0 13 9 0
2 0 0 0 2 0 0 0 13 0 0 0 7 0 0 0
4 0 0 0 0 11 7 8 0 0 3 0 4 6 0 0
2 0 12 0 0 4 0 0 10 0 0 0 11 4 2 0
0 0 0 0 L
0 1 0 1 L
0 2 0 2 L
0 3 0 3 R
0 4 0 4 R
0 5 0 5 R
0 6 0 6 D
0 7 0 7 D
0 8 0 8 D
0 9 0 9 U
0 10 0 10 U
0 11 0 11 U
1 0 0 6 D
1 1 0 10 U
1 2 0 11 U
1 3 0 0 L
1 4 1 6 D
1 5 0 2 L
1 6 0 9 U
1 7 0 4 R
1 8 0 4 R
1 9 0 3 R
1 10 1 4 R
1 11 0 1 L
2 0 0 9 U
2 1 0 7 D
2 2 0 8 D
2 3 0 6 D
2 4 0 9 U
2 5 1 5 R
2 6 0 5 R
2 7 0 11 U
2 8 2 8 D
2 9 0 0 L
2 10 1 3 R
2 11 0 4 R
3 0 2 0 L
3 1 0 11 U
3 2 1 2 L
3 3 0 1 L
3 4 0 7 D
3 5 3 5 R
3 6 2 3 R
3 7 1 7 D
3 8 3 1 L
3 9 2 2 L
3 10 1 10 U
3 11 3 5 R
4 0 1 0 L
4 1 3 1 L
4 2 1 10 U
4 3 3 6 D
4 4 4 10 U
4 5 4 5 R
4 6 0 0 L
4 7 3 3 R
4 8 1 8 D
4 9 0 5 R
4 10 2 3 R
4 11 2 11 U
5 0 3 3 R
5 1 4 11 U
5 2 5 2 L
5 3 2 9 U
5 4 4 4 R
5 5 0 8 D
5 6 0 1 L
5 7 5 0 L
5 8 1 1 L
5 9 4 9 U
5 10 3 10 U
5 11 7 11 U
6 0 5 9 U
6 1 5 10 U
6 2 2 4 R
6 3 4 3 R
6 4 2 4 R
6 5 0 9 U
6 6 1 6 D
6 7 6 7 D
6 8 6 8 D
6 9 0 6 D
6 10 1 0 L
6 11 2 5 R
7 0 0 7 D
7 1 0 4 R
7 2 10 2 L
7 3 5 3 R
7 4 5 6 D
7 5 0 6 D
7 6 2 6 D
7 7 4 3 R
7 8 8 5 R
7 9 6 9 U
7 10 0 4 R
7 11 0 2 L
8 0 1 8 D
8 1 2 1 L
8 2 8 2 L
8 3 6 11 U
8 4 7 0 L
8 5 7 5 R
8 6 3 10 U
8 7 3 4 R
8 8 9 8 D
8 9 2 5 R
8 10 0 2 L
8 11 5 11 U
9 0 3 11 U
9 1 6 1 L
9 2 3 2 L
9 3 0 10 U
9 4 7 6 D
9 5 0 10 U
9 6 5 1 L
9 7 4 7 D
9 8 4 8 D
9 9 7 3 R
9 10 2 4 R
9 11 6 11 U
10 0 2 7 D
10 1 1 6 D
10 2 12 6 D
10 3 6 3 R
10 4 6 8 D
10 5 9 5 R
10 6 4 6 D
10 8 9 3 R
10 9 2 3 R
10 10 8 10 U
10 11 7 2 L
11 0 13 6 D
11 1 5 1 L
11 2 12 2 L
11 3 4 0 L
11 4 8 10 U
11 6 7 9 U
11 8 8 8 D
11 9 1 9 U
11 10 6 0 L
11 11 8 11 U
12 0 7 6 D
12 2 11 2 L
12 3 11 7 D
12 4 11 4 R
12 6 3 11 U
12 8 0 0 L
12 9 3 9 U
12 10 10 10 U
12 11 9 4 R
13 0 6 9 U
13 3 0 11 U
13 6 9 2 L
13 9 9 9 U
13 10 0 3 R
13 11 12 11 U

