14 12 147
0 9 7 5 8 0 8 0 10 0 0 0 9 7
7 0 12 0 0 0 0 10 0 2 12 0 0 9
0 0 0 5 12 0 10 0 0 0 12 0 0 1
0 1 0 1 0 0 13 0 0 5 0 0 0 0
0 0 0 0 0 0 0 12 0 0 2 0 9 0
0 7 0 0 0 0 0 8 0 0 0 3 0 12
0 3 0 0 0 5 0 0 0 3 0 7 0 3
0 3 13 8 2 0 0 0 4 3 3 0 4 0
0 0 11 0 0 4 7 0 0 0 0 2 0 5
0 6 0 9 0 0 0 2 0 0 0 0 3 3
0 7 0 0 1 0 4 9 0 10 4 0 0 4
11 0 0 0 0 0 0 0 0 0 10 0 0 0
11 0 0 0 0 0 0 0 0 11 0 0 0 0
0 0 0 0 0 0 0 0 0 7 0 0 0 4
0 0 0 0 R
0 1 0 1 R
0 2 0 2 R
0 3 0 3 U
0 4 0 4 U
0 5 0 5 U
0 6 0 6 D
0 7 0 7 D
0 8 0 8 D
0 9 0 9 L
0 10 0 10 L
0 11 0 11 L
1 0 0 11 L
1 1 0 6 D
1 2 3 2 R
1 3 9 1 R
1 4 0 9 L
1 5 2 0 R
1 6 0 0 R
1 7 9 2 R
1 8 0 2 R
1 9 0 3 U
1 10 3 4 U
1 11 10 3 U
2 0 9 0 R
2 1 0 8 D
2 2 4 10 L
2 3 6 0 R
2 4 6 9 L
2 5 1 5 U
2 6 0 9 L
2 7 5 7 D
2 8 5 8 D
2 9 0 6 D
2 10 1 10 L
2 11 1 11 L
3 0 1 0 R
3 1 5 4 U
3 2 10 2 R
3 3 2 9 L
3 4 1 9 L
3 5 1 5 U
3 6 6 11 L
3 7 4 9 L
3 8 5 2 R
3 9 5 4 U
3 10 1 8 D
3 11 4 11 L
4 0 7 6 D
4 1 7 1 R
4 2 0 4 U
4 3 8 1 R
4 4 1 4 U
4 5 2 10 L
4 6 8 10 L
4 7 1 0 R
4 8 6 11 L
4 9 11 5 U
4 10 0 4 U
4 11 6 5 U
5 0 0 9 L
5 1 1 4 U
5 2 2 7 D
5 3 7 9 L
5 4 4 4 U
5 5 0 1 R
5 6 10 6 D
5 7 2 0 R
5 8 0 10 L
5 9 9 9 L
5 10 1 3 U
5 11 0 8 D
6 0 2 3 U
6 1 10 4 U
6 2 2 2 R
6 3 0 1 R
6 4 2 4 U
6 5 8 5 U
6 6 7 1 R
6 7 2 9 L
6 8 1 0 R
6 9 8 7 D
6 10 5 3 U
6 11 0 1 R
7 0 0 8 D
7 1 2 3 U
7 2 2 11 L
7 3 5 10 L
7 4 2 10 L
7 5 0 7 D
7 6 3 6 D
7 7 6 0 R
7 8 0 1 R
7 9 0 0 R
7 10 0 5 U
7 11 3 4 U
8 0 3 4 U
8 1 6 3 U
8 2 3 5 U
8 3 11 2 R
8 4 0 11 L
8 5 1 1 R
8 6 0 3 U
8 7 2 7 D
8 8 11 8 D
8 9 0 7 D
8 10 6 10 L
8 11 5 11 L
9 0 8 0 R
9 1 3 8 D
9 2 10 6 D
9 3 0 0 R
9 4 0 10 L
9 5 1 10 L
9 6 10 2 R
9 7 2 7 D
9 8 1 8 D
9 9 7 0 R
9 10 1 10 L
9 11 1 11 L
10 0 4 6 D
10 1 8 5 U
10 2 2 2 R
10 3 8 11 L
10 4 3 1 R
10 6 6 3 U
10 7 8 7 D
10 8 0 4 U
10 9 4 3 U
10 10 6 6 D
10 11 7 3 U
11 1 4 1 R
11 2 0 10 L
11 3 4 3 U
11 4 10 2 R
11 6 10 11 L
11 7 7 1 R
11 9 8 6 D
11 10 5 8 D
11 11 6 1 R
12 1 11 6 D
12 2 11 10 L
12 3 2 7 D
12 9 8 8 D
12 10 1 10 L
13 3 8 0 R
13 10 9 3 U

