11 12 110
0 0 0 0 0 0 0 0 0 0 0 0 0 0 0 0 0 0
0 0 0 0 0 0 0 0 6 0 0 6 0 4 0 0 7 1
4 0 6 0 7 0 0 0 0 0 0 0 0 0 0 0 0 0
0 3 0 0 0 0 1 0 0 0 0 0 0 0 0 0 0 0
1 3 5 0 1 1 0 0 0 0 0 0 0 0 0 0 0 0
0 0 0 0 0 0 0 0 0 0 0 0 0 0 0 0 0 0
4 0 4 0 0 0 0 0 10 0 9 3 0 0 4 0 3 0
0 0 0 0 0 0 0 0 0 0 0 0 0 0 8 4 0 0
0 0 0 0 0 0 0 3 0 4 9 5 3 0 6 4 2 7
6 0 0 0 0 0 7 0 0 0 0 0 0 0 0 0 6 0
0 0 0 0 0 0 0 0 0 0 0 0 0 0 0 0 0 0
0 0 0 0 0 0 0 0 0 0 0 0 0 0 0 0 0 0
0 0 0 0 0 0 0 0 0 0 0 0 0 1 0 0 0 4
0 5 0 0 0 0 5 0 0 6 0 0 0 0 0 0 0 0
0 8 3 0 8 1 0 0 0 3 0 0 7 0 0 0 0 0
0 4 5 10 0 0 10 0 9 10 0 9 1 0 6 0 4 8
8 1 0 0 0 0 0 3 0 0 8 1 0 0 0 0 0 0
9 0 9 0 0 0 0 0 0 0 0 0 0 0 0 0 0 0
0 0 0 0 D
0 1 0 1 D
0 2 0 2 D
0 3 0 3 R
0 4 0 4 R
0 5 0 5 R
0 6 0 6 U
0 7 0 7 U
0 8 0 8 U
0 9 0 9 L
0 10 0 10 L
0 11 0 11 L
1 0 0 3 R
1 1 4 10 L
1 2 3 10 L
1 3 8 0 D
1 4 3 4 R
1 5 3 5 R
1 6 6 9 L
1 7 0 9 L
1 8 4 0 D
1 9 0 6 U
1 10 0 7 U
1 11 3 11 L
2 0 1 4 R
2 1 4 4 R
2 2 7 4 R
2 3 1 0 D
2 4 7 6 U
2 5 3 5 R
2 6 5 3 R
2 7 6 4 R
2 8 1 8 U
2 9 3 9 L
2 10 5 10 L
2 11 0 8 U
3 0 6 0 D
3 1 5 1 D
3 2 2 4 R
3 3 2 3 R
3 4 5 7 U
3 5 1 5 R
3 6 0 10 L
3 7 4 11 L
3 8 0 4 R
3 9 1 9 L
3 10 2 10 L
3 11 7 1 D
4 0 1 5 R
4 1 0 10 L
4 2 0 11 L
4 3 0 6 U
4 4 0 1 D
4 5 1 1 D
4 6 5 5 R
4 7 0 3 R
4 8 3 8 U
4 9 0 2 D
4 10 1 0 D
4 11 0 4 R
5 0 2 10 L
5 1 6 11 L
5 2 4 2 D
5 3 3 3 R
5 4 2 4 R
5 5 1 6 U
5 6 3 10 L
5 7 4 3 R
5 8 3 5 R
5 9 2 1 D
5 10 7 2 D
5 11 4 0 D
6 0 0 7 U
6 1 2 1 D
6 2 0 5 R
6 3 0 0 D
6 4 0 7 U
6 5 3 0 D
6 6 0 11 L
6 7 0 2 D
6 8 0 5 R
6 9 4 1 D
6 10 2 0 D
7 0 0 6 U
7 1 8 9 L
7 2 5 9 L
7 3 0 9 L
7 4 1 1 D
7 5 0 2 D
7 6 0 0 D
7 7 6 3 R
7 9 4 8 U
8 0 7 7 U
8 1 3 11 L
8 3 9 6 U
8 4 3 4 R
8 5 6 7 U
8 6 6 4 R
8 7 6 7 U
8 9 2 0 D
9 0 0 8 U
9 1 0 9 L
9 3 0 10 L
9 4 6 6 U
9 5 8 8 U
9 6 0 1 D
10 0 0 4 R
10 4 1 4 R
10 5 1 5 R
10 6 1 3 R

