19 17 263
6 13 9 2 11 0 0 6 0 16
11 0 0 0 15 8 3 3 10 0
14 0 0 16 14 0 0 0 0 0
0 15 0 0 12 0 5 16 0 8
0 12 14 13 9 6 0 0 0 16
7 0 0 0 17 1 9 0 14 0
0 0 18 0 13 14 0 15 11 3
15 0 0 0 2 0 1 0 0 0
0 0 0 0 0 0 0 0 0 0
14 0 0 0 10 3 10 8 17 14
0 0 0 0 D
0 1 0 1 D
0 2 0 2 D
0 3 0 3 D
0 4 0 4 R
0 5 0 5 R
0 6 0 6 R
0 7 0 7 R
0 8 0 8 U
0 9 0 9 U
0 10 0 10 U
0 11 0 11 U
0 12 0 12 U
0 13 0 13 L
0 14 0 14 L
0 15 0 15 L
0 16 0 16 L
1 0 0 8 U
1 1 10 14 L
1 2 11 14 L
1 3 0 15 L
1 4 8 11 U
1 5 10 5 R
1 6 5 6 R
1 7 7 10 U
1 8 0 4 R
1 9 0 15 L
1 10 6 10 U
1 11 4 6 R
1 12 0 3 D
1 13 6 13 L
1 14 10 9 U
1 15 5 15 L
1 16 0 5 R
2 0 10 6 R
2 1 0 9 U
2 2 4 2 D
2 3 9 3 D
2 4 1 12 U
2 5 6 8 U
2 6 9 6 R
2 7 1 13 L
2 8 14 7 R
2 9 12 16 L
2 10 6 14 L
2 12 4 12 U
2 13 4 1 D
2 14 0 9 U
2 15 5 15 L
2 16 5 16 L
3 0 6 0 D
3 1 6 1 D
3 2 7 2 D
3 3 9 13 L
3 4 13 0 D
3 5 15 2 D
3 6 13 10 U
3 7 6 10 U
3 8 9 0 D
3 9 4 2 D
3 10 1 3 D
3 11 13 4 R
3 12 5 5 R
3 13 12 2 D
3 14 5 2 D
3 15 12 2 D
3 16 10 4 R
4 0 11 0 D
4 1 3 1 D
4 2 13 2 D
4 3 2 3 D
4 4 0 0 D
4 5 10 11 U
4 6 1 3 D
4 7 5 8 U
4 8 2 15 L
4 9 10 9 U
4 10 6 5 R
4 11 3 11 U
4 12 7 12 U
4 13 7 3 D
4 14 5 14 L
4 15 13 1 D
4 16 2 0 D
5 0 14 14 L
5 1 8 6 R
5 2 3 13 L
5 3 4 16 L
5 4 1 4 R
5 5 4 0 D
5 6 1 6 R
5 7 1 7 R
5 8 14 8 U
5 9 12 4 R
5 10 9 13 L
5 11 6 11 U
5 12 1 7 R
5 13 12 8 U
5 14 8 14 L
5 15 2 3 D
6 0 10 16 L
6 1 1 4 R
6 2 11 15 L
6 3 8 15 L
6 4 7 1 D
6 5 9 1 D
6 6 3 10 U
6 8 4 8 U
6 9 3 6 R
6 10 4 10 U
6 11 14 7 R
6 12 3 4 R
6 13 0 8 U
6 14 5 0 D
6 15 11 11 U
6 16 0 3 D
7 0 11 13 L
7 1 8 8 U
7 2 4 16 L
7 3 8 3 D
7 4 8 0 D
7 5 13 10 U
7 6 0 10 U
7 7 0 16 L
7 8 11 13 L
7 9 11 14 L
7 10 4 4 R
7 12 2 12 U
7 13 0 0 D
7 14 11 11 U
7 15 12 10 U
7 16 5 16 L
8 0 11 0 D
8 1 0 7 R
8 2 11 2 D
8 3 1 14 L
8 4 1 9 U
8 5 16 8 U
8 6 13 12 U
8 7 2 7 R
8 8 0 5 R
8 9 0 1 D
8 10 12 16 L
8 11 0 2 D
8 12 7 12 U
8 13 12 12 U
8 14 9 12 U
8 15 11 15 L
8 16 1 16 L
9 0 10 13 L
9 1 1 15 L
9 2 1 14 L
9 3 15 7 R
9 4 4 3 D
9 5 0 1 D
9 6 15 1 D
9 7 0 14 L
9 8 5 4 R
9 9 0 13 L
9 10 2 13 L
9 12 3 12 U
9 13 11 9 U
9 14 13 8 U
9 15 2 10 U
9 16 14 11 U
10 0 1 14 L
10 1 2 6 R
10 2 2 15 L
10 3 8 4 R
10 4 15 4 R
10 5 7 9 U
10 6 8 6 R
10 7 14 7 R
10 8 0 16 L
10 9 3 9 U
10 10 11 6 R
10 12 9 15 L
10 13 11 1 D
10 14 12 2 D
10 15 2 15 L
10 16 1 8 U
11 0 0 13 L
11 1 9 6 R
11 2 0 6 R
11 3 8 5 R
11 4 0 13 L
11 5 8 5 R
11 6 9 9 U
11 7 6 9 U
11 8 2 4 R
11 9 7 13 L
11 10 7 10 U
11 12 14 2 D
11 13 7 8 U
11 14 13 0 D
11 15 4 2 D
11 16 2 16 L
12 0 6 4 R
12 1 11 5 R
12 2 17 7 R
12 3 5 5 R
12 4 0 8 U
12 5 0 2 D
12 6 15 9 U
12 8 9 5 R
12 9 3 5 R
12 10 6 0 D
12 12 10 12 U
12 13 4 0 D
12 14 6 0 D
12 15 11 12 U
13 0 7 7 R
13 1 12 7 R
13 2 6 16 L
13 3 2 9 U
13 4 11 1 D
13 5 7 10 U
13 6 10 11 U
13 8 12 4 R
13 9 16 5 R
13 10 3 10 U
13 12 7 13 L
13 13 0 1 D
13 14 5 14 L
13 15 11 0 D
14 0 12 7 R
14 1 0 5 R
14 2 13 9 U
14 3 3 3 D
14 4 9 8 U
14 5 10 15 L
14 6 10 6 R
14 8 16 4 R
14 9 2 13 L
14 10 15 6 R
14 12 7 3 D
14 13 5 13 L
14 14 0 2 D
14 15 11 15 L
14 16 3 3 D
15 0 2 0 D
15 1 0 4 R
15 2 2 2 D
15 4 11 13 L
15 5 5 12 U
15 6 17 6 R
15 8 12 15 L
15 13 1 13 L
15 14 16 3 D
15 15 13 9 U
16 1 1 14 L
16 2 4 2 D
16 4 3 2 D
16 5 1 14 L
16 8 17 6 R
16 13 4 3 D
16 15 11 1 D
17 1 1 8 U
17 2 14 14 L
17 4 11 15 L
17 13 11 10 U
17 15 10 1 D
18 13 0 4 R

