32 43 1231
30 27 0 27 30 1 8 0 21 29 29 18 0 26 9 1
0 17 3 10 30 0 5 0 0 0 24 0 0 0 26 8
0 0 17 0 29 0 0 0 0 28 26 0 21 0 26 9
0 8 5 30 0 1 23 0 0 17 28 2 0 25 13 12
0 30 0 31 27 0 0 0 0 0 30 0 16 28 23 1
0 8 26 0 27 11 0 0 0 27 29 2 20 0 0 14
0 6 21 2 27 16 0 0 28 29 0 25 0 18 29 0
27 0 0 1 28 14 29 0 29 27 28 17 0 28 6 8
27 9 10 27 6 24 0 9 19 25 0 0 26 12 0 15
31 31 30 29 30 0 27 0 0 0 29 28 10 18 0 18
0 0 13 31 27 17 26 21 16 0 10 6 19 0 20 18
11 4 30 0 0 28 0 0 29 27 30 31 0 15 11 14
25 0 15 0 0 26 0 27 28 29 0 14 13 11 1 4
27 15 19 30 0 9 22 0 21 0 30 21 0 0 24 14
28 29 15 0 29 18 28 29 24 15 0 0 10 0 23 0
28 0 0 0 0 0 0 28 14 31 23 23 2 6 9 17
0 0 0 0 R
0 1 0 1 R
0 2 0 2 R
0 3 0 3 R
0 4 0 4 R
0 5 0 5 R
0 6 0 6 R
0 7 0 7 R
0 8 0 8 R
0 9 0 9 R
0 10 0 10 R
0 11 0 11 R
0 12 0 12 U
0 13 0 13 U
0 14 0 14 U
0 15 0 15 U
0 16 0 16 U
0 17 0 17 U
0 18 0 18 U
0 19 0 19 U
0 20 0 20 U
0 21 0 21 U
0 22 0 22 D
0 23 0 23 D
0 24 0 24 D
0 25 0 25 D
0 26 0 26 D
0 27 0 27 D
0 28 0 28 D
0 29 0 29 D
0 30 0 30 D
0 31 0 31 L
0 32 0 32 L
0 33 0 33 L
0 34 0 34 L
0 35 0 35 L
0 36 0 36 L
0 37 0 37 L
0 38 0 38 L
0 39 0 39 L
0 40 0 40 L
0 41 0 41 L
0 42 0 42 L
1 0 0 12 U
1 1 0 14 U
1 2 1 24 D
1 3 0 14 U
1 4 0 13 U
1 5 0 26 D
1 6 0 34 L
1 7 3 28 D
1 8 0 18 U
1 9 0 29 D
1 10 1 22 D
1 11 0 32 L
1 12 0 31 L
1 13 0 0 R
1 14 0 32 L
1 15 1 34 L
1 16 2 1 R
1 17 2 6 R
1 18 0 38 L
1 19 0 39 L
1 20 0 40 L
1 21 26 4 R
1 22 1 33 L
1 23 0 0 R
1 24 0 31 L
1 25 1 16 U
1 26 0 4 R
1 27 3 33 L
1 28 0 16 U
1 29 0 19 U
1 30 3 9 R
1 31 0 12 U
1 32 0 13 U
1 33 0 1 R
1 34 0 2 R
1 35 0 3 R
1 36 0 6 R
1 37 1 17 U
1 38 0 28 D
1 39 0 18 U
1 40 0 30 D
1 41 0 5 R
1 42 2 6 R
2 0 0 22 D
2 1 1 15 U
2 2 1 2 R
2 3 2 3 R
2 4 3 4 R
2 5 1 14 U
2 6 3 6 R
2 7 2 7 R
2 8 3 8 R
2 9 2 9 R
2 10 2 10 R
2 11 4 11 R
2 12 3 2 R
2 13 2 13 U
2 14 1 33 L
2 15 1 15 U
2 16 1 16 U
2 17 2 17 U
2 18 0 7 R
2 19 3 6 R
2 20 0 27 D
2 21 27 21 U
2 22 1 22 D
2 23 1 23 D
2 24 2 32 L
2 25 2 25 D
2 26 2 26 D
2 27 2 27 D
2 28 0 7 R
2 29 1 29 D
2 30 3 30 D
2 31 0 23 D
2 32 0 4 R
2 33 0 5 R
2 34 2 34 L
2 35 3 35 L
2 36 2 36 L
2 37 3 37 L
2 38 2 38 L
2 39 1 39 L
2 40 3 40 L
2 41 5 41 L
2 42 4 42 L
3 0 1 22 D
3 1 3 24 D
3 2 1 32 L
3 3 3 3 R
3 4 0 15 U
3 5 3 27 D
3 6 0 36 L
3 7 0 28 D
3 8 2 8 R
3 9 0 37 L
3 10 1 10 R
3 11 5 14 U
3 12 3 12 U
3 13 0 23 D
3 14 2 14 U
3 15 2 31 L
3 16 0 37 L
3 17 3 17 U
3 18 2 18 U
3 19 3 19 U
3 20 4 20 U
3 21 19 34 L
3 22 2 31 L
3 23 1 35 L
3 24 1 1 R
3 25 1 25 D
3 26 0 33 L
3 27 3 5 R
3 28 0 8 R
3 29 2 9 R
3 30 2 30 D
3 31 2 25 D
3 32 2 24 D
3 33 2 26 D
3 34 0 27 D
3 35 2 35 L
3 36 2 29 D
3 37 2 19 U
3 38 3 38 L
3 39 2 39 L
3 40 3 0 R
3 41 4 41 L
3 42 3 42 L
4 0 3 25 D
4 1 3 32 L
4 2 2 12 U
4 3 2 15 U
4 4 0 14 U
4 5 0 16 U
4 6 5 16 U
4 7 3 17 U
4 8 1 23 D
4 9 0 30 D
4 10 3 16 U
4 11 0 25 D
4 12 2 33 L
4 13 5 0 R
4 14 3 33 L
4 15 0 40 L
4 16 3 35 L
4 17 4 6 R
4 18 5 5 R
4 19 13 33 L
4 20 4 32 L
4 21 28 21 U
4 22 0 20 U
4 23 2 10 R
4 24 3 11 R
4 25 1 31 L
4 26 1 15 U
4 27 3 1 R
4 28 1 3 R
4 29 2 34 L
4 30 0 2 R
4 31 3 31 L
4 32 4 26 D
4 33 4 20 U
4 34 0 13 U
4 35 4 15 U
4 36 4 36 L
4 37 6 37 L
4 38 8 12 U
4 39 6 15 U
4 40 4 40 L
4 41 4 23 D
4 42 2 42 L
5 0 0 31 L
5 1 0 20 U
5 2 4 28 D
5 3 1 3 R
5 4 5 4 R
5 5 5 5 R
5 6 2 25 D
5 7 0 23 D
5 8 6 23 D
5 9 7 9 R
5 10 6 10 R
5 11 1 11 R
5 12 0 1 R
5 13 0 2 R
5 14 0 36 L
5 15 0 4 R
5 16 5 8 R
5 17 7 2 R
5 18 6 18 U
5 19 10 19 U
5 20 7 37 L
5 21 29 21 U
5 22 1 0 R
5 23 0 41 L
5 24 0 36 L
5 25 4 42 L
5 26 5 36 L
5 27 7 0 R
5 28 3 28 D
5 29 5 29 D
5 30 4 30 D
5 31 2 30 D
5 32 5 13 U
5 33 1 13 U
5 34 0 11 R
5 35 0 22 D
5 36 6 25 D
5 37 1 37 L
5 38 8 38 L
5 39 5 39 L
5 40 8 14 U
5 41 2 12 U
5 42 1 42 L
6 0 1 12 U
6 1 0 35 L
6 2 0 19 U
6 3 0 13 U
6 4 4 13 U
6 5 7 16 U
6 6 4 17 U
6 7 7 26 D
6 8 0 17 U
6 9 6 9 R
6 10 7 10 R
6 11 2 11 R
6 12 4 36 L
6 13 0 41 L
6 14 6 0 R
6 15 0 8 R
6 16 6 32 L
6 17 5 17 U
6 18 8 1 R
6 19 9 19 U
6 20 9 39 L
6 21 26 21 U
6 22 5 4 R
6 23 3 31 L
6 24 7 24 D
6 25 4 9 R
6 26 6 26 D
6 27 7 27 D
6 28 11 34 L
6 29 1 8 R
6 30 4 7 R
6 31 0 14 U
6 32 3 24 D
6 33 0 8 R
6 34 3 30 D
6 35 5 35 L
6 36 6 36 L
6 37 0 13 U
6 38 7 38 L
6 39 1 18 U
6 40 1 40 L
6 41 5 20 U
6 42 7 18 U
7 0 2 0 R
7 1 6 1 R
7 2 6 16 U
7 3 4 3 R
7 4 0 24 D
7 5 10 27 D
7 6 4 6 R
7 7 6 20 U
7 8 7 8 R
7 9 3 9 R
7 10 4 10 R
7 11 7 11 R
7 12 1 0 R
7 13 5 3 R
7 14 7 1 R
7 15 5 4 R
7 16 7 39 L
7 17 2 37 L
7 18 5 18 U
7 19 12 1 R
7 20 9 20 U
7 21 20 21 U
7 22 4 35 L
7 23 0 34 L
7 24 2 4 R
7 25 6 17 U
7 26 7 7 R
7 27 8 11 R
7 28 11 28 D
7 29 4 29 D
7 30 0 19 U
7 31 3 26 D
7 32 6 26 D
7 33 5 12 U
7 34 6 24 D
7 35 5 14 U
7 36 5 25 D
7 37 7 37 L
7 38 6 38 L
7 39 4 39 L
7 40 7 40 L
7 41 16 41 L
7 42 8 42 L
8 0 6 26 D
8 1 5 32 L
8 2 9 32 L
8 3 11 26 D
8 4 12 26 D
8 5 13 5 R
8 6 10 30 D
8 7 7 7 R
8 8 6 8 R
8 9 4 23 D
8 10 3 10 R
8 11 5 11 R
8 12 0 22 D
8 13 2 9 R
8 14 8 33 L
8 15 9 31 L
8 16 10 3 R
8 17 5 42 L
8 18 8 3 R
8 19 11 19 U
8 20 13 3 R
8 22 0 10 R
8 23 2 38 L
8 24 4 4 R
8 25 6 40 L
8 26 5 34 L
8 27 6 27 D
8 28 9 5 R
8 29 7 42 L
8 30 11 30 D
8 31 7 18 U
8 32 4 27 D
8 33 9 25 D
8 34 8 34 L
8 35 0 13 U
8 36 8 22 D
8 37 5 37 L
8 38 5 38 L
8 39 8 17 U
8 40 10 30 D
8 41 8 6 R
8 42 7 27 D
9 0 9 22 D
9 1 7 31 L
9 2 10 2 R
9 3 11 3 R
9 4 11 4 R
9 5 13 25 D
9 6 11 6 R
9 7 12 28 D
9 8 5 23 D
9 9 8 9 R
9 10 0 27 D
9 11 10 11 R
9 12 0 34 L
9 13 7 0 R
9 14 9 2 R
9 15 8 15 U
9 16 10 38 L
9 17 8 29 D
9 18 12 18 U
9 19 13 5 R
9 20 12 20 U
9 22 0 12 U
9 23 9 1 R
9 24 6 9 R
9 25 0 15 U
9 26 7 36 L
9 27 6 3 R
9 28 8 28 D
9 29 5 2 R
9 30 0 6 R
9 31 6 13 U
9 32 9 23 D
9 33 9 33 L
9 34 6 17 U
9 35 12 35 L
9 36 10 12 U
9 37 8 2 R
9 38 12 16 U
9 39 10 39 L
9 40 5 40 L
9 41 19 41 L
9 42 0 22 D
10 0 8 0 R
10 1 7 15 U
10 2 7 25 D
10 3 0 33 L
10 4 10 18 U
10 5 9 5 R
10 6 10 6 R
10 7 10 7 R
10 8 4 16 U
10 9 4 9 R
10 10 7 37 L
10 11 12 11 R
10 12 8 1 R
10 13 10 13 U
10 14 10 14 U
10 15 6 33 L
10 16 3 7 R
10 17 7 17 U
10 18 11 18 U
10 19 10 39 L
10 20 12 7 R
10 22 7 9 R
10 23 10 23 D
10 24 5 24 D
10 25 10 25 D
10 26 9 36 L
10 27 10 27 D
10 28 10 36 L
10 29 0 35 L
10 30 6 30 D
10 31 9 14 U
10 32 10 32 L
10 33 8 27 D
10 34 1 4 R
10 35 12 26 D
10 36 8 24 D
10 37 10 37 L
10 38 12 38 L
10 39 13 19 U
10 40 6 40 L
10 41 10 41 L
10 42 5 42 L
11 0 8 26 D
11 1 9 13 U
11 2 2 14 U
11 3 9 3 R
11 4 4 15 U
11 5 13 36 L
11 6 0 14 U
11 7 9 7 R
11 8 11 8 R
11 9 10 9 R
11 10 20 10 R
11 11 0 29 D
11 12 11 0 R
11 13 10 31 L
11 14 8 14 U
11 15 5 34 L
11 16 9 34 L
11 17 10 4 R
11 18 10 4 R
11 19 8 19 U
11 20 13 20 U
11 22 8 22 D
11 23 4 14 U
11 24 9 8 R
11 25 12 3 R
11 26 0 14 U
11 27 9 27 D
11 28 7 37 L
11 29 7 29 D
11 30 13 40 L
11 31 10 22 D
11 32 9 17 U
11 33 11 33 L
11 34 5 16 U
11 35 11 35 L
11 36 10 28 D
11 37 10 17 U
11 38 9 38 L
11 39 13 39 L
11 40 12 40 L
11 41 22 41 L
11 42 12 42 L
12 0 6 31 L
12 1 8 1 R
12 2 11 2 R
12 3 6 35 L
12 4 8 28 D
12 5 4 30 D
12 6 8 6 R
12 7 12 7 R
12 8 0 31 L
12 9 9 9 R
12 10 19 10 R
12 11 3 11 R
12 12 12 32 L
12 13 9 13 U
12 14 10 33 L
12 15 12 11 R
12 16 12 16 U
12 17 11 2 R
12 18 9 33 L
12 19 13 0 R
12 20 14 10 R
12 22 10 0 R
12 23 0 11 R
12 24 12 24 D
12 25 11 25 D
12 26 11 4 R
12 27 7 8 R
12 28 9 28 D
12 29 13 34 L
12 30 13 30 D
12 31 12 12 U
12 32 9 18 U
12 33 10 18 U
12 34 9 19 U
12 35 12 25 D
12 36 11 27 D
12 37 9 14 U
12 38 11 38 L
12 39 3 25 D
12 40 14 26 D
12 41 9 41 L
12 42 15 42 L
13 0 8 22 D
13 1 9 19 U
13 2 6 12 U
13 3 8 29 D
13 4 12 4 R
13 5 6 29 D
13 6 11 15 U
13 7 11 7 R
13 8 17 8 R
13 9 5 26 D
13 10 18 10 R
13 11 11 32 L
13 12 12 34 L
13 13 13 0 R
13 14 3 9 R
13 15 11 39 L
13 16 11 37 L
13 17 7 5 R
13 18 11 35 L
13 19 13 19 U
13 20 15 20 U
13 22 13 11 R
13 23 12 4 R
13 24 13 3 R
13 25 4 38 L
13 26 6 35 L
13 27 8 7 R
13 28 8 5 R
13 29 13 29 D
13 30 13 5 R
13 31 11 23 D
13 32 0 15 U
13 33 13 13 U
13 34 10 2 R
13 35 3 28 D
13 36 11 18 U
13 37 11 37 L
13 38 11 24 D
13 39 14 39 L
13 40 13 40 L
13 41 9 19 U
13 42 17 42 L
14 0 8 18 U
14 1 3 34 L
14 2 9 23 D
14 3 1 28 D
14 4 9 32 L
14 5 17 23 D
14 6 2 30 D
14 7 14 7 R
14 8 12 26 D
14 9 2 32 L
14 10 10 32 L
14 11 15 11 R
14 12 12 12 U
14 13 4 2 R
14 14 9 39 L
14 15 0 35 L
14 16 12 6 R
14 17 17 38 L
14 18 12 32 L
14 19 14 1 R
14 20 17 20 U
14 22 13 6 R
14 23 14 33 L
14 24 13 39 L
14 25 14 2 R
14 26 14 5 R
14 27 10 0 R
14 28 0 40 L
14 29 4 20 U
14 30 10 30 D
14 31 1 30 D
14 32 13 32 L
14 33 12 19 U
14 34 13 34 L
14 35 0 24 D
14 36 15 29 D
14 37 15 19 U
14 38 17 16 U
14 39 14 16 U
14 40 2 40 L
14 41 21 41 L
14 42 18 42 L
15 0 14 27 D
15 1 2 18 U
15 2 11 12 U
15 3 16 15 U
15 4 16 4 R
15 5 17 17 U
15 6 14 6 R
15 7 11 23 D
15 8 13 8 R
15 9 19 9 R
15 10 15 10 R
15 11 8 11 R
15 12 8 32 L
15 13 15 0 R
15 14 0 24 D
15 15 16 4 R
15 16 16 2 R
15 17 16 17 U
15 18 1 18 U
15 19 15 31 L
15 20 14 6 R
15 22 14 0 R
15 23 13 2 R
15 24 0 1 R
15 25 5 20 U
15 26 10 35 L
15 27 14 31 L
15 28 7 33 L
15 29 15 35 L
15 30 15 38 L
15 31 10 25 D
15 32 12 22 D
15 33 15 14 U
15 34 6 28 D
15 35 16 35 L
15 36 15 36 L
15 37 10 8 R
15 38 15 38 L
15 39 15 16 U
15 40 16 29 D
15 41 15 10 R
15 42 21 13 U
16 0 14 23 D
16 1 5 12 U
16 2 16 14 U
16 3 15 3 R
16 4 15 4 R
16 5 12 18 U
16 6 16 6 R
16 7 4 7 R
16 8 9 8 R
16 9 14 9 R
16 10 20 13 U
16 11 13 11 R
16 12 1 1 R
16 13 16 13 U
16 14 5 24 D
16 15 17 1 R
16 16 15 2 R
16 17 16 5 R
16 18 14 34 L
16 19 17 32 L
16 20 17 41 L
16 22 14 22 D
16 23 5 37 L
16 24 14 34 L
16 25 16 0 R
16 26 13 37 L
16 27 14 4 R
16 28 16 36 L
16 29 15 6 R
16 30 17 5 R
16 31 15 13 U
16 32 15 16 U
16 33 16 33 L
16 34 15 34 L
16 35 15 35 L
16 36 13 5 R
16 37 12 27 D
16 38 16 38 L
16 39 12 14 U
16 40 17 40 L
16 41 12 41 L
16 42 19 12 U
17 0 15 28 D
17 1 16 22 D
17 2 16 19 U
17 3 12 24 D
17 4 8 26 D
17 5 16 36 L
17 6 13 18 U
17 7 16 30 D
17 8 9 13 U
17 9 18 9 R
17 10 11 10 R
17 12 15 33 L
17 13 8 39 L
17 14 8 8 R
17 15 17 15 U
17 16 0 26 D
17 17 17 17 U
17 18 14 37 L
17 19 17 19 U
17 20 12 4 R
17 22 15 8 R
17 23 0 13 U
17 24 15 5 R
17 25 16 25 D
17 26 17 4 R
17 27 17 40 L
17 28 16 28 D
17 29 17 29 D
17 30 15 20 U
17 31 15 12 U
17 32 16 15 U
17 33 15 25 D
17 34 14 17 U
17 35 14 35 L
17 36 17 20 U
17 37 14 30 D
17 38 17 26 D
17 39 12 39 L
17 40 7 20 U
17 41 11 41 L
17 42 27 21 U
18 0 16 23 D
18 1 19 14 U
18 2 13 20 U
18 3 22 23 D
18 4 0 35 L
18 5 9 37 L
18 6 0 12 U
18 7 20 14 U
18 8 14 24 D
18 9 5 9 R
18 10 20 33 L
18 12 16 40 L
18 13 5 40 L
18 14 18 23 D
18 15 16 0 R
18 16 17 29 D
18 17 18 6 R
18 18 15 18 U
18 19 18 39 L
18 20 18 20 U
18 22 16 31 L
18 23 7 32 L
18 24 0 0 R
18 25 16 11 R
18 26 17 26 D
18 27 2 1 R
18 28 14 31 L
18 29 16 1 R
18 30 15 30 D
18 31 13 26 D
18 32 11 8 R
18 33 11 25 D
18 34 17 27 D
18 35 18 16 U
18 36 18 1 R
18 37 14 24 D
18 38 11 12 U
18 39 19 15 U
18 40 10 20 U
18 41 6 41 L
18 42 27 42 L
19 0 17 12 U
19 1 18 28 D
19 2 12 14 U
19 3 16 3 R
19 4 18 17 U
19 5 19 5 R
19 6 19 6 R
19 7 13 7 R
19 8 24 28 D
19 9 17 9 R
19 10 17 29 D
19 12 5 33 L
19 13 15 4 R
19 14 19 14 U
19 15 20 0 R
19 16 19 16 U
19 17 19 17 U
19 18 8 34 L
19 19 14 19 U
19 20 0 30 D
19 22 8 31 L
19 23 17 33 L
19 24 9 24 D
19 25 18 38 L
19 26 16 34 L
19 27 18 27 D
19 28 14 28 D
19 29 18 29 D
19 30 18 0 R
19 31 17 15 U
19 32 18 32 L
19 33 5 18 U
19 34 16 13 U
19 35 19 35 L
19 36 20 36 L
19 37 18 37 L
19 38 18 38 L
19 39 20 39 L
19 40 5 30 D
19 41 20 41 L
19 42 22 42 L
20 0 19 25 D
20 1 20 13 U
20 2 16 17 U
20 3 5 29 D
20 4 6 15 U
20 5 21 24 D
20 6 11 27 D
20 7 20 18 U
20 9 2 16 U
20 10 17 10 R
20 12 9 22 D
20 13 20 23 D
20 14 20 36 L
20 15 20 15 U
20 16 18 37 L
20 17 21 3 R
20 18 22 18 U
20 19 19 19 U
20 20 11 7 R
20 22 10 22 D
20 23 18 6 R
20 24 15 34 L
20 25 19 25 D
20 26 12 34 L
20 27 18 42 L
20 28 21 41 L
20 29 18 33 L
20 30 19 30 D
20 31 18 30 D
20 32 18 19 U
20 33 21 28 D
20 34 18 24 D
20 35 12 30 D
20 36 19 36 L
20 37 19 37 L
20 38 24 20 U
20 41 18 13 U
20 42 26 42 L
21 0 20 25 D
21 1 18 40 L
21 2 23 22 D
21 3 22 3 R
21 4 23 4 R
21 5 21 26 D
21 6 22 15 U
21 7 24 16 U
21 9 13 9 R
21 10 23 28 D
21 12 21 0 R
21 13 21 31 L
21 14 16 3 R
21 15 21 32 L
21 16 22 16 U
21 17 22 17 U
21 18 21 18 U
21 19 8 7 R
21 20 20 2 R
21 22 19 0 R
21 23 18 10 R
21 24 16 2 R
21 25 11 40 L
21 26 12 1 R
21 27 22 5 R
21 28 21 28 D
21 29 20 34 L
21 30 18 3 R
21 31 19 22 D
21 32 7 14 U
21 33 22 26 D
21 34 21 17 U
21 35 15 4 R
21 36 11 28 D
21 37 21 37 L
21 38 23 38 L
21 41 22 22 D
22 0 5 31 L
22 1 17 33 L
22 2 23 2 R
22 3 19 3 R
22 4 24 4 R
22 5 19 25 D
22 6 13 6 R
22 7 22 7 R
22 9 15 9 R
22 10 23 10 R
22 12 22 12 U
22 13 22 13 U
22 14 4 14 U
22 15 21 1 R
22 16 21 16 U
22 17 10 41 L
22 18 13 4 R
22 19 19 37 L
22 20 23 4 R
22 22 20 22 D
22 23 16 42 L
22 24 19 32 L
22 25 20 25 D
22 26 22 10 R
22 27 22 27 D
22 28 20 28 D
22 29 11 41 L
22 30 21 0 R
22 31 21 12 U
22 32 11 26 D
22 33 22 27 D
22 34 16 2 R
22 35 23 35 L
22 36 23 28 D
22 37 22 15 U
22 38 25 13 U
22 41 23 16 U
23 0 19 28 D
23 1 23 12 U
23 2 23 16 U
23 3 23 23 D
23 4 19 13 U
23 5 25 5 R
23 6 22 20 U
23 7 25 18 U
23 9 18 42 L
23 10 6 14 U
23 12 20 31 L
23 13 23 1 R
23 14 22 33 L
23 15 23 3 R
23 16 23 41 L
23 17 24 2 R
23 18 24 34 L
23 19 21 19 U
23 20 20 20 U
23 22 0 32 L
23 23 9 14 U
23 24 23 31 L
23 25 11 0 R
23 26 1 10 R
23 27 19 15 U
23 28 20 35 L
23 29 24 5 R
23 30 21 30 D
23 31 21 30 D
23 32 18 13 U
23 33 21 20 U
23 34 23 17 U
23 35 24 30 D
23 36 24 36 L
23 37 22 8 R
23 38 25 38 L
23 41 15 7 R
24 0 23 28 D
24 1 5 33 L
24 2 21 23 D
24 3 16 23 D
24 4 23 19 U
24 5 26 5 R
24 6 17 6 R
24 7 21 7 R
24 10 27 10 R
24 12 20 5 R
24 13 11 3 R
24 14 11 7 R
24 15 16 42 L
24 16 21 41 L
24 17 24 17 U
24 18 24 18 U
24 19 20 19 U
24 20 13 38 L
24 22 17 18 U
24 23 24 1 R
24 24 22 24 D
24 25 23 25 D
24 26 9 6 R
24 27 23 27 D
24 28 24 28 D
24 29 23 38 L
24 30 24 35 L
24 31 21 27 D
24 32 22 25 D
24 33 5 15 U
24 34 24 14 U
24 35 20 29 D
24 36 29 13 U
24 37 13 37 L
24 38 10 38 L
24 41 24 41 L
25 0 22 25 D
25 1 25 29 D
25 2 23 29 D
25 3 20 16 U
25 4 0 12 U
25 5 26 19 U
25 6 26 23 D
25 7 16 7 R
25 10 31 18 U
25 12 17 36 L
25 13 24 32 L
25 14 26 41 L
25 15 22 0 R
25 16 25 2 R
25 17 22 2 R
25 18 25 31 L
25 19 27 33 L
25 20 21 5 R
25 22 24 4 R
25 23 23 7 R
25 24 25 1 R
25 25 24 36 L
25 26 25 26 D
25 27 25 35 L
25 28 13 0 R
25 29 24 29 D
25 30 13 6 R
25 31 25 17 U
25 32 23 15 U
25 33 23 15 U
25 34 25 22 D
25 35 21 35 L
25 36 25 19 U
25 37 25 28 D
25 38 24 38 L
25 41 8 41 L
26 0 24 18 U
26 1 21 13 U
26 2 26 14 U
26 3 25 13 U
26 4 27 24 D
26 5 26 34 L
26 6 27 14 U
26 7 25 19 U
26 10 21 10 R
26 12 8 0 R
26 13 26 35 L
26 14 24 14 U
26 15 23 15 U
26 16 26 16 U
26 17 25 5 R
26 18 25 18 U
26 19 25 19 U
26 20 20 32 L
26 22 25 37 L
26 23 22 3 R
26 24 22 31 L
26 25 21 35 L
26 26 26 32 L
26 27 27 27 D
26 28 25 1 R
26 29 23 5 R
26 30 20 30 D
26 31 26 17 U
26 32 22 1 R
26 33 23 33 L
26 34 27 27 D
26 35 26 28 D
26 36 31 36 L
26 37 28 30 D
26 38 27 12 U
26 41 20 7 R
27 0 23 26 D
27 1 25 22 D
27 2 19 24 D
27 3 25 27 D
27 4 26 12 U
27 6 15 6 R
27 7 27 7 R
27 10 26 10 R
27 12 20 30 D
27 13 4 23 D
27 14 25 42 L
27 15 1 2 R
27 16 0 25 D
27 17 1 4 R
27 18 3 34 L
27 19 27 19 U
27 20 27 20 U
27 22 25 3 R
27 23 27 3 R
27 24 27 20 U
27 25 24 20 U
27 26 26 38 L
27 27 26 27 D
27 28 24 0 R
27 29 17 9 R
27 30 22 30 D
27 31 24 23 D
27 32 27 17 U
27 33 27 33 L
27 34 27 15 U
27 35 25 25 D
27 36 28 36 L
27 37 30 37 L
27 38 19 12 U
27 41 29 41 L
28 0 19 31 L
28 3 16 30 D
28 4 27 23 D
28 6 15 32 L
28 7 4 29 D
28 10 20 24 D
28 12 26 31 L
28 13 28 13 U
28 14 25 32 L
28 15 27 5 R
28 17 28 41 L
28 18 29 18 U
28 19 26 19 U
28 22 26 36 L
28 23 10 7 R
28 24 26 33 L
28 25 28 32 L
28 26 23 34 L
28 27 17 19 U
28 28 27 1 R
28 29 15 21 U
28 30 19 3 R
28 31 3 22 D
28 32 25 14 U
28 33 26 2 R
28 34 26 12 U
28 35 29 16 U
28 36 30 36 L
28 37 31 22 D
28 38 14 38 L
28 41 7 41 L
29 0 24 23 D
29 3 29 17 U
29 4 25 4 R
29 6 30 6 R
29 7 29 7 R
29 10 25 10 R
29 12 14 4 R
29 13 19 38 L
29 14 27 3 R
29 15 29 15 U
29 17 15 36 L
29 18 30 18 U
29 19 28 33 L
29 22 25 5 R
29 23 28 31 L
29 24 28 24 D
29 25 1 6 R
29 27 26 35 L
29 28 29 28 D
29 29 6 29 D
29 30 15 10 R
29 31 23 26 D
29 32 3 23 D
29 33 28 25 D
29 34 28 34 L
29 35 27 35 L
29 37 16 37 L
29 38 13 38 L
29 41 25 41 L
30 0 20 0 R
30 4 0 22 D
30 6 28 6 R
30 7 27 28 D
30 10 24 10 R
30 12 25 0 R
30 13 25 6 R
30 14 24 36 L
30 18 30 41 L
30 19 27 27 D
30 22 25 7 R
30 23 29 4 R
30 24 6 41 L
30 27 29 27 D
30 28 28 28 D
30 31 20 28 D
30 32 28 18 U
30 37 29 37 L
30 38 22 38 L
30 41 30 12 U
31 0 31 0 R
31 7 28 7 R
31 10 31 10 R
31 12 0 10 R
31 13 30 38 L
31 19 31 19 U
31 22 31 0 R
31 23 27 23 D
31 24 28 37 L
31 27 23 10 R
31 28 28 37 L
31 31 24 13 U
31 32 7 17 U
31 41 31 41 L

