23 22 400
15 0 0 6 7 15 0 15 0 0 18 0 0 0
8 0 0 21 0 16 12 14 0 0 8 0 0 0
7 21 7 0 0 0 0 0 0 0 0 3 0 9
16 0 18 3 14 4 10 0 14 9 0 0 2 9
0 0 0 0 2 0 16 1 13 11 20 0 0 0
0 0 18 0 2 20 16 0 0 0 0 0 0 0
0 22 0 0 0 0 0 15 0 5 0 0 0 0
0 0 0 0 0 0 14 0 0 0 19 0 0 0
0 22 21 21 13 0 17 0 17 0 0 0 0 0
0 0 0 0 0 0 3 18 19 0 0 0 7 0
0 4 0 3 0 5 0 0 0 5 0 0 10 16
0 0 17 20 12 14 0 0 0 3 18 14 9 16
0 0 16 0 0 13 0 0 0 0 17 0 10 0
17 0 0 15 0 0 0 0 6 9 2 0 0 18
0 0 0 0 R
0 1 0 1 R
0 2 0 2 R
0 3 0 3 R
0 4 0 4 R
0 5 0 5 U
0 6 0 6 U
0 7 0 7 U
0 8 0 8 U
0 9 0 9 U
0 10 0 10 U
0 11 0 11 D
0 12 0 12 D
0 13 0 13 D
0 14 0 14 D
0 15 0 15 D
0 16 0 16 D
0 17 0 17 L
0 18 0 18 L
0 19 0 19 L
0 20 0 20 L
0 21 0 21 L
1 0 7 15 D
1 1 6 11 D
1 2 0 12 D
1 3 4 5 U
1 4 15 14 D
1 5 6 17 L
1 6 11 6 U
1 7 6 7 U
1 8 13 17 L
1 9 7 9 U
1 10 6 10 U
1 11 14 20 L
1 12 13 18 L
1 13 2 3 R
1 14 15 4 R
1 15 13 2 R
1 16 6 16 D
1 17 9 12 D
1 18 7 6 U
1 19 6 5 U
1 20 10 7 U
2 0 14 14 D
2 1 12 7 U
2 2 3 12 D
2 3 12 12 D
2 4 8 9 U
2 5 0 17 L
2 6 10 18 L
2 7 9 18 L
2 8 1 8 U
2 9 0 2 R
2 10 16 10 U
2 11 16 4 R
2 12 9 4 R
2 13 1 13 D
2 14 6 2 R
2 15 1 15 D
2 16 3 1 R
2 17 6 5 U
2 18 7 9 U
2 19 7 6 U
2 20 12 20 L
2 21 11 15 D
3 0 6 11 D
3 1 0 7 U
3 2 1 2 R
3 3 2 10 U
3 4 1 14 D
3 5 1 0 R
3 6 7 17 L
3 7 8 7 U
3 8 0 11 D
3 9 1 17 L
3 10 13 0 R
3 11 19 0 R
3 12 2 4 R
3 13 14 13 D
3 14 14 0 R
3 15 4 21 L
3 16 7 2 R
3 17 0 5 U
3 18 0 6 U
3 19 1 1 R
3 20 0 14 D
4 0 0 14 D
4 1 0 5 U
4 2 10 2 R
4 3 8 3 R
4 4 12 4 R
4 5 11 2 R
4 6 10 11 D
4 7 7 2 R
4 8 9 3 R
4 9 13 1 R
4 10 1 10 U
4 11 18 3 R
4 12 1 12 D
4 13 17 20 L
4 14 3 14 D
4 15 8 15 D
4 16 5 0 R
4 17 3 5 U
4 18 7 5 U
4 19 2 8 U
4 20 0 2 R
5 0 13 8 U
5 1 6 6 U
5 2 17 5 U
5 3 10 14 D
5 4 13 6 U
5 5 3 12 D
5 6 0 2 R
5 7 10 3 R
5 8 1 8 U
5 9 9 9 U
5 10 0 12 D
5 11 0 0 R
5 12 0 1 R
5 13 0 3 R
5 14 9 3 R
5 15 8 0 R
5 16 11 16 D
5 17 12 8 U
5 18 15 8 U
5 19 1 7 U
5 20 14 14 D
6 0 8 19 L
6 1 17 5 U
6 2 2 2 R
6 3 17 12 D
6 4 4 15 D
6 5 0 4 R
6 6 11 6 U
6 7 14 19 L
6 8 4 8 U
6 9 1 19 L
6 10 10 4 R
6 11 4 11 D
6 12 3 12 D
6 13 10 13 D
6 14 0 6 U
6 15 5 1 R
6 16 1 2 R
6 17 7 11 D
6 18 8 18 L
6 19 7 7 U
6 20 5 7 U
7 0 5 9 U
7 1 0 11 D
7 2 12 13 D
7 3 0 19 L
7 4 1 10 U
7 5 3 5 U
7 6 13 17 L
7 7 15 1 R
7 8 9 8 U
7 9 0 1 R
7 10 3 13 D
7 11 13 0 R
7 12 4 2 R
7 13 4 1 R
7 14 1 14 D
7 15 2 15 D
7 16 5 2 R
7 17 3 11 D
7 18 2 18 L
7 19 1 8 U
7 20 17 12 D
8 0 15 5 U
8 1 9 10 U
8 2 10 2 R
8 3 7 13 D
8 4 11 8 U
8 5 7 17 L
8 6 3 17 L
8 7 9 7 U
8 8 16 20 L
8 9 18 17 L
8 10 17 15 D
8 11 14 19 L
8 12 15 1 R
8 13 2 13 D
8 14 10 20 L
8 15 3 4 R
8 16 2 16 D
8 17 9 0 R
8 18 0 8 U
8 19 4 11 D
8 20 4 7 U
8 21 5 10 U
9 0 0 18 L
9 1 10 15 D
9 2 0 6 U
9 3 10 3 R
9 4 7 13 D
9 5 4 5 U
9 6 1 4 R
9 7 1 18 L
9 8 0 12 D
9 9 4 9 U
9 10 10 21 L
9 11 2 19 L
9 12 18 19 L
9 13 8 1 R
9 14 15 21 L
9 16 8 16 D
9 17 4 7 U
9 18 5 9 U
9 19 5 7 U
9 20 1 9 U
10 0 3 0 R
10 1 11 6 U
10 2 16 14 D
10 4 13 16 D
10 5 0 1 R
10 6 6 12 D
10 7 0 20 L
10 8 5 8 U
10 9 8 20 L
10 10 15 19 L
10 11 8 1 R
10 12 7 8 U
10 13 8 18 L
10 14 9 14 D
10 15 5 0 R
10 16 9 18 L
10 17 11 14 D
10 18 5 10 U
10 19 4 19 L
10 20 6 20 L
10 21 12 21 L
11 0 15 13 D
11 1 13 18 L
11 2 13 9 U
11 3 2 16 D
11 4 2 15 D
11 5 15 3 R
11 6 12 0 R
11 7 14 18 L
11 8 14 18 L
11 9 5 20 L
11 10 8 3 R
11 11 12 18 L
11 12 7 18 L
11 13 1 18 L
11 14 3 19 L
11 16 0 1 R
11 17 0 1 R
11 18 6 5 U
11 19 15 5 U
11 20 5 13 D
11 21 5 14 D
12 0 0 17 L
12 1 14 1 R
12 2 7 7 U
12 3 2 9 U
12 4 5 4 R
12 5 2 17 L
12 6 14 20 L
12 7 2 20 L
12 8 11 19 L
12 9 10 3 R
12 10 17 18 L
12 11 11 18 L
12 12 14 6 U
12 13 18 7 U
12 15 15 4 R
12 16 21 3 R
12 17 9 17 L
12 18 13 11 D
12 19 4 13 D
12 20 8 10 U
13 0 6 16 D
13 1 9 8 U
13 2 9 15 D
13 3 19 15 D
13 4 14 6 U
13 5 17 18 L
13 6 14 3 R
13 7 0 3 R
13 8 10 4 R
13 9 6 9 U
13 10 17 10 U
13 11 5 17 L
13 12 8 3 R
13 13 0 18 L
13 16 5 17 L
13 17 0 16 D
13 18 0 13 D
13 19 2 5 U
13 20 12 16 D
14 0 5 5 U
14 1 20 16 D
14 2 12 11 D
14 3 7 11 D
14 4 13 10 U
14 5 2 2 R
14 6 9 2 R
14 7 2 19 L
14 8 5 8 U
14 9 0 15 D
14 10 1 13 D
14 11 13 17 L
14 12 0 9 U
14 13 0 20 L
14 14 10 0 R
14 15 6 15 D
14 16 7 16 D
14 17 4 11 D
14 18 15 16 D
14 19 9 14 D
14 20 7 2 R
15 0 14 5 U
15 1 0 15 D
15 2 8 12 D
15 3 0 13 D
15 5 13 3 R
15 6 4 0 R
15 7 7 1 R
15 8 7 0 R
15 9 10 9 U
15 10 0 14 D
15 11 0 2 R
15 12 19 4 R
15 13 10 13 D
15 15 3 1 R
15 16 0 10 U
15 17 1 5 U
15 18 2 9 U
15 19 10 4 R
15 20 4 20 L
16 0 17 10 U
16 1 2 13 D
16 2 7 16 D
16 3 1 13 D
16 5 19 18 L
16 6 3 19 L
16 7 5 12 D
16 8 10 3 R
16 10 4 10 U
16 11 0 4 R
16 12 9 12 D
16 13 4 3 R
16 15 6 18 L
16 16 18 16 D
16 17 11 0 R
16 18 20 12 D
16 19 6 7 U
16 20 19 11 D
17 0 1 11 D
17 1 8 15 D
17 2 4 9 U
17 3 10 7 U
17 4 11 7 U
17 5 1 21 L
17 6 12 6 U
17 7 12 2 R
17 8 7 8 U
17 11 12 5 U
17 12 16 17 L
17 13 9 20 L
17 14 8 20 L
17 16 7 16 D
17 18 1 8 U
17 19 0 3 R
18 0 3 12 D
18 1 13 6 U
18 2 12 7 U
18 3 16 16 D
18 4 12 12 D
18 5 1 11 D
18 7 11 16 D
18 8 9 18 L
18 11 15 1 R
18 12 20 4 R
18 13 17 7 U
18 18 4 6 U
18 19 17 13 D
19 0 11 12 D
19 5 18 4 R
19 8 13 19 L
19 12 4 18 L
19 13 17 19 L
19 18 1 9 U
19 19 2 9 U
20 0 16 13 D
20 5 2 12 D
20 8 10 20 L
20 13 1 6 U
20 18 8 10 U
20 19 13 12 D
21 0 9 13 D
21 8 7 1 R
21 13 6 13 D
21 18 2 6 U
21 19 4 19 L
22 8 5 8 U
22 19 4 8 U

