24 21 445
19 23 22 18 0 10 20 20 0 16 14 21
0 17 0 0 19 15 0 18 0 17 0 12
0 18 11 21 0 18 18 0 0 10 3 9
0 13 1 0 23 20 21 0 0 22 0 20
0 0 0 0 14 20 11 20 0 0 9 20
0 10 22 19 9 0 12 8 22 18 0 6
0 0 1 0 1 21 0 14 0 0 6 19
0 0 18 0 0 19 20 0 12 0 0 23
0 20 0 0 0 7 11 21 0 3 18 19
0 6 18 23 3 20 15 1 10 0 0 0
0 19 18 0 0 3 9 3 0 20 11 0
18 15 0 18 19 13 0 9 22 9 0 11
0 0 0 0 R
0 1 0 1 R
0 2 0 2 R
0 3 0 3 R
0 4 0 4 R
0 5 0 5 U
0 6 0 6 U
0 7 0 7 U
0 8 0 8 U
0 9 0 9 U
0 10 0 10 U
0 11 0 11 D
0 12 0 12 D
0 13 0 13 D
0 14 0 14 D
0 15 0 15 D
0 16 0 16 L
0 17 0 17 L
0 18 0 18 L
0 19 0 19 L
0 20 0 20 L
1 0 9 13 D
1 1 0 7 U
1 2 2 2 R
1 3 0 13 D
1 4 3 4 R
1 5 11 5 U
1 6 5 17 L
1 7 21 3 R
1 8 19 8 U
1 9 2 4 R
1 10 6 4 R
1 11 7 11 D
1 12 0 9 U
1 13 2 2 R
1 14 6 3 R
1 15 2 15 D
1 16 17 5 U
1 17 13 7 U
1 18 13 12 D
1 19 8 6 U
1 20 8 5 U
2 0 10 11 D
2 1 4 18 L
2 2 9 9 U
2 3 3 3 R
2 4 9 19 L
2 5 9 20 L
2 6 4 0 R
2 7 9 7 U
2 8 9 17 L
2 9 6 9 U
2 10 1 10 U
2 11 8 11 D
2 12 1 7 U
2 13 12 2 R
2 14 12 0 R
2 15 3 15 D
2 16 0 0 R
2 17 3 7 U
2 18 1 18 L
2 19 6 19 L
2 20 19 20 L
3 0 6 6 U
3 1 16 1 R
3 2 2 2 R
3 3 8 7 U
3 4 12 4 R
3 5 0 0 R
3 6 8 6 U
3 7 11 17 L
3 8 5 8 U
3 9 1 9 U
3 10 1 10 U
3 11 13 16 L
3 12 0 18 L
3 13 15 13 D
3 14 7 14 D
3 15 2 15 D
3 16 0 12 D
3 17 0 8 U
3 18 7 7 U
3 19 5 19 L
3 20 0 15 D
4 0 12 16 L
4 1 3 12 D
4 2 13 12 D
4 3 10 3 R
4 4 2 4 R
4 5 13 19 L
4 6 6 6 U
4 7 0 12 D
4 8 7 11 D
4 9 0 2 R
4 10 13 10 U
4 11 13 4 R
4 12 6 2 R
4 13 8 13 D
4 14 8 14 D
4 15 1 15 D
4 16 12 14 D
4 17 0 5 U
4 18 0 1 R
4 19 6 10 U
4 20 3 20 L
5 0 11 7 U
5 1 0 17 L
5 2 8 2 R
5 3 3 12 D
5 4 12 7 U
5 5 13 0 R
5 6 14 17 L
5 7 0 17 L
5 8 4 13 D
5 9 18 9 U
5 10 7 2 R
5 11 10 18 L
5 12 16 16 L
5 13 2 13 D
5 14 3 14 D
5 15 19 15 D
5 16 14 16 L
5 17 15 17 L
5 18 0 6 U
5 19 1 19 L
5 20 10 13 D
6 0 0 11 D
6 1 2 10 U
6 2 9 13 D
6 3 0 9 U
6 4 3 11 D
6 5 2 20 L
6 6 0 13 D
6 7 2 19 L
6 8 0 15 D
6 9 2 9 U
6 10 0 4 R
6 11 4 1 R
6 12 1 12 D
6 13 0 20 L
6 14 0 3 R
6 15 4 2 R
6 16 2 11 D
6 17 10 15 D
6 18 4 6 U
6 19 15 12 D
6 20 1 8 U
7 0 17 0 R
7 1 13 5 U
7 2 8 12 D
7 3 19 6 U
7 4 3 15 D
7 5 1 1 R
7 6 12 18 L
7 7 14 12 D
7 8 5 1 R
7 9 17 17 L
7 10 0 14 D
7 11 17 2 R
7 12 3 12 D
7 13 9 16 L
7 14 0 0 R
7 15 12 20 L
7 16 6 13 D
7 17 6 9 U
7 18 11 6 U
7 19 2 19 L
7 20 1 20 L
8 0 12 10 U
8 1 19 16 L
8 2 4 2 R
8 3 10 3 R
8 4 10 11 D
8 5 6 16 L
8 6 0 19 L
8 7 9 16 L
8 8 3 8 U
8 9 13 9 U
8 10 1 3 R
8 11 1 0 R
8 12 3 3 R
8 13 1 13 D
8 14 1 14 D
8 15 1 15 D
8 16 4 12 D
8 17 12 14 D
8 18 10 15 D
8 19 9 6 U
8 20 21 20 L
9 0 10 12 D
9 1 2 1 R
9 2 15 8 U
9 3 13 20 L
9 4 3 4 R
9 5 8 16 L
9 6 16 6 U
9 7 4 11 D
9 8 0 16 L
9 9 4 9 U
9 10 2 10 U
9 11 12 0 R
9 12 0 6 U
9 13 0 8 U
9 14 7 9 U
9 15 0 19 L
9 16 2 0 R
9 17 2 12 D
9 18 19 4 R
9 19 8 13 D
9 20 19 15 D
10 0 0 6 U
10 1 0 12 D
10 2 13 11 D
10 3 0 20 L
10 4 2 11 D
10 5 2 5 U
10 6 0 17 L
10 7 11 16 L
10 8 8 19 L
10 9 2 9 U
10 10 3 3 R
10 11 3 11 D
10 12 18 17 L
10 13 1 18 L
10 14 4 14 D
10 15 15 2 R
10 16 6 12 D
10 17 17 6 U
10 18 5 14 D
10 19 8 7 U
10 20 1 20 L
11 0 13 5 U
11 1 8 9 U
11 2 18 5 U
11 3 8 3 R
11 4 10 15 D
11 5 5 17 L
11 6 3 16 L
11 7 8 7 U
11 8 20 3 R
11 9 7 2 R
11 10 8 1 R
11 11 7 3 R
11 12 14 20 L
11 13 14 1 R
11 14 3 14 D
11 15 21 8 U
11 16 14 6 U
11 17 4 5 U
11 18 5 18 L
11 19 6 15 D
11 20 8 20 L
12 0 15 10 U
12 1 11 12 D
12 2 14 2 R
12 3 18 9 U
12 4 11 4 R
12 5 10 0 R
12 6 0 11 D
12 7 8 1 R
12 8 10 0 R
12 9 5 9 U
12 10 16 15 D
12 11 9 11 D
12 12 10 0 R
12 13 11 6 U
12 14 10 14 D
12 15 16 15 D
12 16 11 9 U
12 17 6 14 D
12 18 17 8 U
12 19 7 14 D
12 20 7 20 L
13 0 10 14 D
13 1 10 17 L
13 2 7 18 L
13 3 9 20 L
13 4 0 19 L
13 5 3 5 U
13 6 0 1 R
13 7 8 0 R
13 8 5 18 L
13 9 4 9 U
13 10 10 10 U
13 11 0 5 U
13 12 16 8 U
13 13 7 16 L
13 14 3 14 D
13 15 10 15 D
13 16 1 6 U
13 17 0 14 D
13 18 6 10 U
13 19 18 8 U
13 20 2 10 U
14 0 9 10 U
14 1 3 5 U
14 2 1 2 R
14 3 8 18 L
14 4 11 4 R
14 5 9 17 L
14 6 2 4 R
14 7 9 12 D
14 8 6 0 R
14 9 13 15 D
14 10 13 10 U
14 11 4 11 D
14 12 11 12 D
14 13 11 13 D
14 14 17 10 U
14 15 0 10 U
14 16 2 7 U
14 17 3 8 U
14 18 15 18 L
14 19 7 19 L
14 20 7 8 U
15 0 3 15 D
15 1 3 14 D
15 2 11 2 R
15 3 12 12 D
15 4 5 4 R
15 5 12 20 L
15 6 16 16 L
15 7 2 7 U
15 8 5 17 L
15 9 0 3 R
15 11 0 16 L
15 12 12 1 R
15 13 1 13 D
15 14 1 14 D
15 15 5 18 L
15 16 14 5 U
15 17 17 13 D
15 18 11 18 L
15 19 17 19 L
15 20 3 20 L
16 0 0 8 U
16 1 4 11 D
16 2 13 7 U
16 3 15 10 U
16 4 10 17 L
16 5 11 2 R
16 6 4 13 D
16 7 15 7 U
16 8 21 8 U
16 9 9 1 R
16 10 5 10 U
16 11 5 11 D
16 12 18 12 D
16 13 8 13 D
16 14 7 18 L
16 15 14 16 L
16 16 7 16 L
16 17 8 12 D
16 18 14 13 D
16 19 3 7 U
16 20 17 4 R
17 0 15 9 U
17 1 5 10 U
17 2 14 2 R
17 3 2 3 R
17 4 5 12 D
17 5 16 11 D
17 6 9 4 R
17 7 11 2 R
17 8 3 8 U
17 9 22 4 R
17 11 2 1 R
17 12 0 5 U
17 13 12 19 L
17 14 8 4 R
17 15 0 2 R
17 16 11 11 D
17 17 12 6 U
17 18 12 18 L
17 19 6 8 U
17 20 12 7 U
18 0 14 18 L
18 1 12 1 R
18 2 3 6 U
18 3 2 3 R
18 4 1 17 L
18 5 17 11 D
18 8 14 4 R
18 9 3 9 U
18 11 0 17 L
18 12 16 4 R
18 13 9 19 L
18 14 11 14 D
18 15 17 15 D
18 16 1 0 R
18 17 12 17 L
18 18 2 18 L
18 19 20 5 U
18 20 12 20 L
19 0 0 5 U
19 1 4 7 U
19 2 18 7 U
19 3 15 14 D
19 4 20 4 R
19 5 18 12 D
19 7 12 7 U
19 8 9 3 R
19 11 3 11 D
19 12 20 19 L
19 13 15 13 D
19 14 5 14 D
19 15 2 15 D
19 16 12 0 R
19 17 9 13 D
19 18 3 18 L
19 20 11 5 U
20 0 0 14 D
20 1 5 6 U
20 2 10 6 U
20 3 19 3 R
20 5 3 12 D
20 11 9 0 R
20 12 18 2 R
20 13 19 13 D
20 14 16 20 L
20 15 12 2 R
20 16 4 9 U
20 17 23 12 D
20 20 5 20 L
21 0 12 13 D
21 1 15 1 R
21 2 12 2 R
21 3 5 3 R
21 11 9 8 U
21 12 3 1 R
21 13 3 13 D
21 14 3 2 R
21 17 3 13 D
21 20 3 20 L
22 0 4 14 D
22 2 15 14 D
22 3 21 17 L
22 11 8 3 R
22 14 17 6 U
22 20 7 4 R
23 0 6 0 R
23 2 3 18 L
23 3 5 3 R
23 14 4 1 R
23 20 3 20 L

