21 24 426
0 14 10 16 12 0 12 7 3 12 0 13 0 11 9 0 0 0 7 9
0 13 2 0 6 0 0 6 0 0 0 0 12 0 0 8 0 12 0 2
0 3 0 0 0 3 7 9 10 0 16 0 0 0 9 0 0 0 3 0
5 0 0 0 12 0 16 0 1 0 0 18 15 0 17 0 0 3 0 0
10 19 0 0 10 16 1 16 20 3 0 0 14 1 19 5 6 0 18 0
0 0 0 0 17 0 0 20 2 0 4 19 0 0 0 2 13 14 0 0
2 0 0 18 0 3 0 6 0 12 17 0 0 9 0 5 0 9 0 11
8 0 7 0 1 15 0 17 0 15 0 0 14 1 18 0 0 12 0 0
0 0 0 0 0 0 0 0 20 0 0 0 0 8 0 0 0 0 14 13
0 0 0 0 0 9 0 19 0 1 19 0 15 0 14 3 0 11 0 0
0 14 2 2 0 11 19 0 2 2 16 2 0 2 20 0 17 0 18 0
6 17 2 0 18 0 0 18 0 4 0 0 6 1 15 14 0 1 0 3
0 0 9 0 0 11 3 9 9 0 0 18 0 18 0 17 0 16 12 0
13 14 0 12 1 0 0 4 0 0 10 18 13 0 0 0 12 17 3 0
17 0 13 15 0 0 19 18 17 0 0 7 16 2 0 8 0 15 0 11
0 14 13 0 2 0 6 0 8 10 0 0 9 16 0 0 15 15 0 0
0 13 16 15 0 0 17 0 0 7 0 0 10 6 13 7 6 0 0 0
15 15 0 10 17 0 0 0 14 0 16 10 0 0 0 0 15 5 7 14
12 2 13 0 8 13 0 0 0 0 4 0 0 0 9 0 0 8 13 2
0 0 0 5 10 0 2 6 0 0 8 10 0 15 0 0 0 16 0 14
0 0 0 0 L
0 1 0 1 L
0 2 0 2 L
0 3 0 3 L
0 4 0 4 L
0 5 0 5 L
0 6 0 6 R
0 7 0 7 R
0 8 0 8 R
0 9 0 9 R
0 10 0 10 R
0 11 0 11 R
0 12 0 12 D
0 13 0 13 D
0 14 0 14 D
0 15 0 15 D
0 16 0 16 D
0 17 0 17 D
0 18 0 18 U
0 19 0 19 U
0 20 0 20 U
0 21 0 21 U
0 22 0 22 U
0 23 0 23 U
1 0 0 14 D
1 1 10 19 U
1 2 0 14 D
1 3 0 15 D
1 4 0 11 R
1 5 0 23 U
1 6 0 20 U
1 7 8 7 R
1 8 9 8 R
1 9 9 9 R
1 10 3 10 R
1 11 0 1 L
1 12 0 7 R
1 13 0 21 U
1 14 3 14 D
1 15 7 9 R
1 16 7 16 D
1 17 12 17 D
1 18 15 9 R
1 19 8 0 L
1 20 10 20 U
1 21 2 21 U
1 22 7 6 R
1 23 10 23 U
2 0 14 0 L
2 1 3 1 L
2 2 9 2 L
2 3 7 3 L
2 4 10 4 L
2 5 0 16 D
2 6 3 6 R
2 7 0 19 U
2 8 11 18 U
2 9 9 18 U
2 10 0 3 L
2 11 9 22 U
2 12 0 0 L
2 13 9 9 R
2 14 0 10 R
2 15 6 15 D
2 16 8 0 L
2 17 6 2 L
2 18 10 6 R
2 19 4 19 U
2 20 0 12 D
2 21 7 21 U
2 22 0 7 R
2 23 5 23 U
3 0 0 18 U
3 1 6 16 D
3 2 0 6 R
3 3 2 20 U
3 4 8 23 U
3 5 0 14 D
3 6 15 21 U
3 7 7 19 U
3 8 0 13 D
3 9 1 9 R
3 10 0 16 D
3 11 7 11 R
3 12 0 6 R
3 13 6 13 D
3 14 0 5 L
3 15 13 6 R
3 16 7 16 D
3 17 5 2 L
3 18 12 2 L
3 19 0 0 L
3 20 13 20 U
3 21 4 1 L
3 22 1 14 D
3 23 1 23 U
4 0 0 7 R
4 1 10 21 U
4 2 10 2 L
4 3 15 14 D
4 4 11 17 D
4 5 8 15 D
4 6 14 6 R
4 7 3 7 R
4 8 2 12 D
4 9 8 9 R
4 10 3 10 R
4 11 12 1 L
4 12 7 10 R
4 13 10 6 R
4 14 5 14 D
4 15 0 4 L
4 16 2 8 R
4 17 3 17 D
4 18 14 13 D
4 19 1 19 U
4 20 0 9 R
4 21 0 14 D
4 22 8 22 U
4 23 6 23 U
5 0 12 18 U
5 1 0 13 D
5 2 6 2 L
5 3 0 9 R
5 4 0 22 U
5 5 6 5 L
5 6 7 22 U
5 7 10 15 D
5 8 4 16 D
5 9 2 20 U
5 10 0 2 L
5 11 7 19 U
5 12 14 11 R
5 13 12 7 R
5 14 0 1 L
5 15 1 0 L
5 16 0 4 L
5 17 3 7 R
5 18 7 7 R
5 19 6 10 R
5 20 0 13 D
5 21 7 6 R
5 22 0 11 R
5 23 7 23 U
6 0 3 14 D
6 1 10 16 D
6 2 0 20 U
6 3 14 3 L
6 4 12 21 U
6 5 10 17 D
6 6 2 6 R
6 7 0 14 D
6 8 0 1 L
6 9 7 19 U
6 10 7 10 R
6 11 1 11 R
6 12 10 12 D
6 13 0 19 U
6 14 11 14 D
6 15 4 15 D
6 16 7 16 D
6 17 16 17 D
6 18 9 18 U
6 19 0 1 L
6 20 3 20 U
6 21 5 8 R
6 22 10 22 U
6 23 0 8 R
7 0 4 14 D
7 1 0 17 D
7 2 0 22 U
7 3 0 21 U
7 4 2 4 L
7 5 13 5 L
7 6 15 18 U
7 7 8 7 R
7 8 8 8 R
7 9 1 9 R
7 10 8 10 R
7 11 1 11 R
7 12 5 5 L
7 13 4 13 D
7 14 2 2 L
7 15 1 15 D
7 16 9 16 D
7 17 6 3 L
7 18 0 10 R
7 19 17 2 L
7 20 3 20 U
7 21 5 21 U
7 22 1 22 U
8 0 14 16 D
8 1 0 23 U
8 2 2 2 L
8 3 6 3 L
8 4 12 4 L
8 5 7 14 D
8 6 3 6 R
8 7 0 18 U
8 8 6 8 R
8 9 0 0 L
8 10 2 10 R
8 11 6 11 R
8 12 0 2 L
8 13 3 13 D
8 14 4 0 L
8 15 7 4 L
8 16 10 16 D
8 17 6 17 D
8 18 11 7 R
8 19 1 19 U
8 20 7 20 U
8 21 4 21 U
8 22 5 7 R
9 0 1 14 D
9 1 0 8 R
9 2 1 2 L
9 3 3 3 L
9 4 2 20 U
9 5 4 5 L
9 6 0 4 L
9 7 10 19 U
9 8 3 8 R
9 9 0 5 L
9 10 0 12 D
9 12 5 4 L
9 13 0 9 R
9 14 0 7 R
9 15 0 7 R
9 16 0 0 L
9 17 6 8 R
9 18 0 2 L
9 19 0 10 R
9 20 7 8 R
9 21 0 15 D
9 22 5 8 R
9 23 0 1 L
10 0 11 21 U
10 1 6 1 L
10 2 4 2 L
10 3 2 3 L
10 4 2 4 L
10 5 0 22 U
10 6 8 14 D
10 7 0 22 U
10 8 5 22 U
10 9 9 19 U
10 10 12 10 R
10 12 5 1 L
10 13 0 8 R
10 14 1 14 D
10 15 9 15 D
10 16 15 10 R
10 17 6 17 D
10 18 0 7 R
10 19 5 19 U
10 20 12 20 U
10 21 12 21 U
10 22 3 9 R
10 23 0 14 D
11 0 10 0 L
11 1 6 23 U
11 2 1 2 L
11 3 1 3 L
11 4 7 20 U
11 5 7 5 L
11 6 2 6 R
11 7 6 17 D
11 8 7 15 D
11 9 12 3 L
11 10 3 1 L
11 12 3 7 R
11 13 10 13 D
11 14 0 20 U
11 15 10 7 R
11 16 8 3 L
11 17 0 8 R
11 18 8 8 R
11 19 2 8 R
11 20 1 20 U
11 21 3 7 R
11 22 6 22 U
11 23 0 5 L
12 0 9 13 D
12 1 1 15 D
12 2 0 19 U
12 3 7 17 D
12 4 0 8 R
12 5 16 19 U
12 6 0 19 U
12 7 11 20 U
12 8 0 17 D
12 9 0 18 U
12 10 10 10 R
12 12 7 7 R
12 13 16 13 D
12 14 7 4 L
12 15 0 9 R
12 16 11 6 R
12 17 14 6 R
12 18 10 18 U
12 19 0 3 L
12 20 7 6 R
12 21 4 5 L
12 22 6 22 U
13 0 2 13 D
13 1 14 21 U
13 2 8 21 U
13 3 14 3 L
13 4 9 4 L
13 6 2 16 D
13 7 2 7 R
13 8 6 23 U
13 9 14 9 R
13 10 1 10 R
13 12 10 6 R
13 13 1 13 D
13 14 4 14 D
13 15 4 15 D
13 16 0 3 L
13 17 6 17 D
13 18 0 6 R
13 19 8 19 U
13 20 0 8 R
13 21 0 7 R
13 22 8 22 U
13 23 8 23 U
14 0 9 12 D
14 1 1 1 L
14 2 0 10 R
14 3 12 12 D
14 4 17 22 U
14 6 0 0 L
14 7 0 12 D
14 8 1 12 D
14 9 1 9 R
14 10 4 10 R
14 11 0 3 L
14 12 11 0 L
14 13 0 3 L
14 14 2 14 D
14 15 9 5 L
14 16 17 4 L
14 18 1 11 R
14 19 0 12 D
14 20 6 20 U
14 21 2 21 U
14 22 13 22 U
15 0 13 19 U
15 1 16 20 U
15 2 3 18 U
15 3 6 3 L
15 6 9 6 R
15 7 0 2 L
15 8 8 8 R
15 9 13 0 L
15 10 5 10 R
15 11 7 18 U
15 12 16 12 D
15 13 14 5 L
15 14 0 0 L
15 15 14 15 D
15 16 10 7 R
15 18 7 6 R
15 19 1 7 R
15 20 7 20 U
15 21 7 21 U
15 22 10 22 U
16 0 6 0 L
16 1 17 14 D
16 2 8 2 L
16 3 0 20 U
16 6 0 16 D
16 7 13 7 R
16 9 4 9 R
16 10 7 10 R
16 12 10 9 R
16 13 0 18 U
16 14 2 0 L
16 15 8 15 D
16 18 7 1 L
16 19 9 1 L
16 20 0 0 L
16 21 7 0 L
16 22 2 8 R
17 0 6 0 L
17 3 2 3 L
17 6 4 6 R
17 7 16 7 R
17 9 1 15 D
17 10 16 19 U
17 12 16 6 R
17 13 0 10 R
17 14 13 14 D
17 15 14 15 D
17 16 16 0 L
17 18 11 10 R
17 19 7 7 R
17 20 5 20 U
17 21 3 21 U
17 22 19 22 U
18 0 12 0 L
18 3 3 3 L
18 6 15 12 D
18 7 14 7 R
18 9 7 21 U
18 13 14 13 D
18 14 5 1 L
18 15 2 15 D
18 18 5 3 L
18 19 14 6 R
18 21 15 21 U
18 22 7 22 U
19 0 2 0 L
19 7 8 7 R
19 13 4 13 D
19 14 10 14 D
19 15 2 15 D
19 18 2 18 U
19 19 6 19 U
19 21 18 10 R
19 22 5 22 U
20 0 10 0 L
20 3 19 16 D
20 14 10 14 D
20 19 14 1 L

