17 14 192
12 10 12 4 0 3 13 8 4 7
5 6 0 0 9 6 0 0 0 0
12 0 0 5 0 15 0 11 0 9
7 10 10 0 2 0 0 0 0 0
4 0 0 11 13 0 5 12 8 4
13 0 8 10 14 16 12 0 16 12
12 15 0 14 0 0 0 14 7 0
5 0 0 6 13 0 0 15 6 0
6 2 0 14 0 0 11 9 0 14
7 0 2 3 7 14 10 0 0 13
0 0 0 0 D
0 1 0 1 D
0 2 0 2 D
0 3 0 3 D
0 4 0 4 R
0 5 0 5 R
0 6 0 6 R
0 7 0 7 U
0 8 0 8 U
0 9 0 9 U
0 10 0 10 U
0 11 0 11 L
0 12 0 12 L
0 13 0 13 L
1 0 3 6 R
1 1 0 4 R
1 2 6 2 D
1 4 10 4 R
1 5 11 5 R
1 6 11 7 U
1 7 4 5 R
1 8 0 1 D
1 9 13 11 L
1 11 0 5 R
1 12 5 7 U
1 13 6 9 U
2 0 0 7 U
2 1 5 1 D
2 2 3 6 R
2 3 12 3 D
2 4 6 8 U
2 5 0 0 D
2 6 1 6 R
2 7 13 11 L
2 8 4 8 U
2 9 11 4 R
2 10 13 5 R
2 11 1 11 L
2 12 3 4 R
2 13 4 0 D
3 0 7 4 R
3 1 13 12 L
3 2 9 11 L
3 4 7 4 R
3 5 8 8 U
3 6 0 1 D
3 7 2 4 R
3 8 1 8 U
3 9 12 12 L
3 10 7 10 U
3 11 11 9 U
3 12 11 7 U
3 13 10 8 U
4 0 7 0 D
4 1 2 1 D
4 2 7 2 D
4 3 9 13 L
4 4 0 3 D
4 5 2 5 R
4 6 1 8 U
4 7 0 6 R
4 8 12 1 D
4 9 2 9 U
4 10 1 6 R
4 11 0 7 U
4 12 3 1 D
4 13 13 13 L
5 0 6 13 L
5 1 0 12 L
5 2 8 2 D
5 4 0 9 U
5 5 6 7 U
5 6 8 6 R
5 7 12 7 U
5 8 0 4 R
5 9 10 9 U
5 10 2 10 U
5 11 0 8 U
5 12 1 10 U
5 13 9 13 L
6 0 9 11 L
6 1 13 13 L
6 2 11 6 R
6 3 0 4 R
6 4 11 11 L
6 5 0 11 L
6 6 5 8 U
6 7 0 12 L
6 8 10 8 U
6 9 2 9 U
6 10 0 3 D
6 11 0 4 R
6 12 7 5 R
6 13 5 13 L
7 0 0 5 R
7 1 3 12 L
7 2 3 4 R
7 3 11 6 R
7 4 12 0 D
7 5 5 5 R
7 6 0 9 U
7 7 6 12 L
7 8 12 2 D
7 9 2 12 L
7 11 0 10 U
7 12 6 0 D
7 13 5 13 L
8 0 2 0 D
8 1 7 11 L
8 2 6 12 L
8 4 0 7 U
8 5 5 7 U
8 6 5 7 U
8 7 1 7 U
8 8 13 5 R
8 9 10 9 U
8 11 11 5 R
8 12 0 9 U
8 13 10 13 L
9 0 7 6 R
9 1 13 6 R
9 2 6 13 L
9 4 0 10 U
9 5 11 13 L
9 6 7 6 R
9 7 5 7 U
9 8 2 5 R
9 9 3 3 D
9 10 3 13 L
9 11 5 0 D
9 12 14 12 L
9 13 13 13 L
10 0 0 11 L
10 1 3 1 D
10 2 7 2 D
10 4 3 4 R
10 5 8 0 D
10 6 2 0 D
10 7 0 5 R
10 8 2 4 R
10 9 4 9 U
10 11 8 11 L
10 13 1 2 D
11 0 5 12 L
11 1 5 5 R
11 2 0 13 L
11 4 2 0 D
11 6 1 6 R
11 7 5 13 L
11 8 10 8 U
11 9 10 9 U
11 10 2 10 U
11 11 7 11 L
11 12 0 1 D
11 13 2 13 L
12 0 6 0 D
12 1 6 1 D
12 2 3 2 D
12 4 0 2 D
12 5 14 1 D
12 6 10 1 D
12 7 0 0 D
12 8 5 8 U
12 9 0 2 D
12 10 1 10 U
12 11 3 11 L
12 12 0 0 D
12 13 9 7 U
13 0 12 0 D
13 1 5 11 L
13 4 10 7 U
13 5 0 10 U
13 6 9 9 U
13 7 14 1 D
13 8 10 6 R
13 9 5 5 R
13 11 4 11 L
13 13 1 8 U
14 0 5 0 D
14 1 13 1 D
14 4 4 4 R
14 5 7 2 D
14 7 9 4 R
14 8 1 2 D
14 9 12 9 U
14 11 3 8 U
14 13 8 6 R
15 0 13 5 R
15 8 10 13 L
15 11 14 11 L
16 0 9 13 L
16 8 13 8 U

