21 27 479
13 18 11 8 3 9 0 12 0 0 0 11 16 14 17 8 0
0 0 0 8 0 6 14 18 4 0 0 12 14 16 0 19 8
0 0 0 0 0 0 0 0 0 0 14 10 14 13 0 5 2
15 0 4 7 1 0 0 11 16 0 0 1 11 15 0 0 5
12 0 2 1 0 11 0 0 0 13 0 2 0 0 0 0 16
3 1 0 16 12 0 5 2 14 9 0 14 12 12 2 0 13
12 0 16 0 17 7 15 0 3 11 0 0 0 0 20 0 0
14 0 0 0 0 0 1 0 0 17 2 0 0 4 0 20 0
0 1 16 11 0 16 1 0 0 0 13 7 0 0 0 0 0
14 0 2 1 0 15 9 0 0 0 0 1 14 0 19 0 14
0 17 1 0 19 0 0 3 20 0 6 0 0 13 0 19 0
0 19 7 0 6 2 0 0 0 8 0 0 0 2 0 1 12
10 17 0 4 7 0 1 0 16 0 0 2 1 10 0 12 0
12 13 16 0 0 0 7 17 15 14 0 11 16 17 0 0 18
20 0 0 19 0 13 0 1 1 0 18 0 3 0 17 12 2
0 9 0 17 18 0 11 0 12 13 3 12 0 4 0 5 0
4 0 0 0 11 0 0 2 0 15 18 0 0 0 18 0 14
0 0 0 0 U
0 1 0 1 U
0 2 0 2 U
0 3 0 3 U
0 4 0 4 U
0 5 0 5 U
0 6 0 6 U
0 7 0 7 R
0 8 0 8 R
0 9 0 9 R
0 10 0 10 R
0 11 0 11 R
0 12 0 12 R
0 13 0 13 R
0 14 0 14 D
0 15 0 15 D
0 16 0 16 D
0 17 0 17 D
0 18 0 18 D
0 19 0 19 D
0 20 0 20 D
0 21 0 21 L
0 22 0 22 L
0 23 0 23 L
0 24 0 24 L
0 25 0 25 L
0 26 0 26 L
1 0 9 22 L
1 1 0 15 D
1 2 10 11 R
1 3 4 13 R
1 4 6 4 U
1 5 0 12 R
1 6 3 6 U
1 7 0 6 U
1 8 8 1 U
1 9 8 9 R
1 10 15 10 R
1 11 2 11 R
1 12 10 12 R
1 13 6 3 U
1 14 13 26 L
1 15 3 15 D
1 16 2 16 D
1 17 0 23 L
1 18 7 18 D
1 19 2 19 D
1 20 5 20 D
1 21 0 7 R
1 22 11 6 U
1 23 6 9 R
1 24 9 24 L
1 25 9 25 L
1 26 3 4 U
2 0 1 0 U
2 1 14 25 L
2 2 4 2 U
2 3 10 7 R
2 4 1 22 L
2 5 5 22 L
2 6 4 6 U
2 7 0 14 D
2 8 16 2 U
2 9 3 9 R
2 10 0 15 D
2 11 16 6 U
2 12 13 16 D
2 13 8 13 R
2 14 10 21 L
2 15 0 7 R
2 16 13 16 D
2 17 5 17 D
2 18 0 7 R
2 19 4 7 R
2 20 4 20 D
2 21 6 21 L
2 22 0 0 U
2 23 3 3 U
2 24 1 24 L
2 25 3 25 L
2 26 1 26 L
3 0 0 25 L
3 1 5 23 L
3 2 13 23 L
3 3 0 24 L
3 4 5 4 U
3 5 0 11 R
3 6 2 6 U
3 7 0 4 U
3 8 11 3 U
3 9 0 18 D
3 10 1 4 U
3 11 5 4 U
3 12 0 24 L
3 13 4 13 R
3 14 12 14 D
3 15 6 15 D
3 16 5 10 R
3 17 4 24 L
3 18 4 18 D
3 19 7 19 D
3 20 1 20 D
3 21 9 0 U
3 22 0 1 U
3 23 4 23 L
3 24 7 24 L
3 25 8 25 L
3 26 2 16 D
4 0 2 21 L
4 1 0 7 R
4 2 6 10 R
4 3 0 18 D
4 4 2 21 L
4 5 5 5 U
4 6 2 6 U
4 7 11 18 D
4 8 2 8 R
4 9 0 1 U
4 10 3 19 D
4 11 2 11 R
4 12 0 3 U
4 13 0 17 D
4 14 0 7 R
4 15 0 22 L
4 16 0 11 R
4 17 11 17 D
4 18 12 23 L
4 19 7 12 R
4 20 2 20 D
4 21 1 0 U
4 22 7 1 U
4 23 3 23 L
4 24 0 16 D
4 25 12 25 L
4 26 0 4 U
5 0 9 7 R
5 1 15 1 U
5 2 8 2 U
5 3 2 3 U
5 4 1 4 U
5 5 3 23 L
5 6 2 6 U
5 7 2 7 R
5 8 0 22 L
5 9 4 1 U
5 10 0 21 L
5 11 0 2 U
5 12 4 18 D
5 13 0 19 D
5 14 1 26 L
5 15 1 15 D
5 16 3 16 D
5 17 18 12 R
5 18 15 25 L
5 19 14 25 L
5 20 1 5 U
5 21 16 15 D
5 22 1 14 D
5 23 4 6 U
5 24 2 24 L
5 25 0 1 U
5 26 1 8 R
6 0 1 0 U
6 1 3 21 L
6 2 12 10 R
6 3 4 3 U
6 4 3 4 U
6 5 2 5 U
6 6 0 15 D
6 7 2 0 U
6 8 5 0 U
6 9 10 9 R
6 10 3 10 R
6 11 1 11 R
6 12 0 6 U
6 13 7 13 R
6 14 1 9 R
6 15 13 9 R
6 16 0 22 L
6 17 4 9 R
6 18 10 9 R
6 19 16 26 L
6 20 15 20 D
6 21 4 14 D
6 22 0 4 U
6 23 1 17 D
6 24 17 2 U
6 25 2 25 L
6 26 1 26 L
7 0 12 15 D
7 1 16 21 L
7 2 10 22 L
7 3 8 26 L
7 4 8 22 L
7 5 0 13 R
7 6 8 6 U
7 7 2 7 R
7 8 5 25 L
7 9 6 15 D
7 10 13 0 U
7 11 6 18 D
7 12 10 6 U
7 13 1 13 R
7 14 11 7 R
7 15 10 10 R
7 16 1 23 L
7 17 1 7 R
7 18 2 18 D
7 19 3 10 R
7 20 14 1 U
7 21 1 10 R
7 22 8 15 D
7 23 12 15 D
7 24 1 24 L
7 25 2 5 U
7 26 9 3 U
8 0 0 21 L
8 1 4 17 D
8 2 9 19 D
8 3 0 9 R
8 4 3 14 D
8 5 11 12 R
8 6 0 21 L
8 7 4 16 D
8 8 1 17 D
8 9 9 20 D
8 10 2 10 R
8 11 5 11 R
8 12 1 12 R
8 13 4 13 R
8 14 15 24 L
8 15 0 26 L
8 16 0 1 U
8 17 3 17 D
8 18 13 26 L
8 19 2 19 D
8 20 15 25 L
8 21 16 2 U
8 22 13 3 U
8 23 11 23 L
8 24 11 1 U
8 25 1 2 U
8 26 11 5 U
9 0 8 21 L
9 1 12 24 L
9 2 0 10 R
9 3 8 15 D
9 4 2 7 R
9 5 3 25 L
9 6 5 6 U
9 7 13 20 D
9 8 1 8 R
9 9 6 9 R
9 10 2 10 R
9 11 1 19 D
9 12 10 20 D
9 13 10 6 U
9 14 13 23 L
9 15 1 8 R
9 16 0 8 R
9 17 0 12 R
9 18 1 18 D
9 19 0 12 R
9 20 18 20 D
9 21 0 19 D
9 22 14 22 L
9 23 0 2 U
9 24 1 5 U
9 25 0 17 D
9 26 0 11 R
10 0 8 9 R
10 1 15 22 L
10 2 0 22 L
10 3 8 22 L
10 4 1 4 U
10 5 12 14 D
10 6 0 14 D
10 7 0 0 U
10 8 7 17 D
10 9 0 5 U
10 10 0 23 L
10 11 0 5 U
10 12 0 17 D
10 14 0 8 R
10 15 0 9 R
10 16 11 8 R
10 17 2 11 R
10 18 3 18 D
10 19 1 19 D
10 20 18 11 R
10 21 0 14 D
10 22 3 22 L
10 23 5 23 L
10 24 0 3 U
10 25 12 3 U
10 26 2 6 U
11 0 2 18 D
11 1 1 10 R
11 2 3 2 U
11 3 2 3 U
11 4 0 21 L
11 5 0 16 D
11 6 9 21 L
11 7 2 14 D
11 8 4 8 R
11 9 15 3 U
11 10 9 10 R
11 11 1 5 U
11 12 7 12 R
11 14 2 26 L
11 15 5 22 L
11 16 10 23 L
11 17 6 17 D
11 18 0 25 L
11 19 1 11 R
11 20 9 10 R
11 21 7 14 D
11 22 13 17 D
11 23 10 4 U
11 24 1 24 L
11 25 18 1 U
11 26 7 26 L
12 0 2 14 D
12 1 13 10 R
12 2 0 23 L
12 3 13 17 D
12 4 8 19 D
12 5 1 5 U
12 6 5 18 D
12 7 5 5 U
12 8 9 8 R
12 9 2 9 R
12 10 8 5 U
12 11 6 3 U
12 12 9 4 U
12 14 3 14 D
12 15 1 24 L
12 16 1 16 D
12 17 0 13 R
12 18 0 26 L
12 19 9 7 R
12 20 17 13 R
12 21 15 21 L
12 22 3 2 U
12 23 11 0 U
12 24 14 0 U
12 25 0 0 U
12 26 2 26 L
13 0 3 0 U
13 1 8 23 L
13 2 5 7 R
13 3 2 3 U
13 4 11 21 L
13 5 4 5 U
13 6 2 6 U
13 7 10 15 D
13 8 4 8 R
13 9 15 1 U
13 10 3 15 D
13 11 1 11 R
13 12 2 5 U
13 14 10 22 L
13 15 11 12 R
13 16 7 16 D
13 17 0 11 R
13 18 6 7 R
13 19 9 19 D
13 21 5 16 D
13 22 0 13 R
13 23 12 1 U
13 24 3 2 U
13 25 4 25 L
13 26 2 26 L
14 0 15 14 D
14 1 8 7 R
14 2 3 2 U
14 3 3 3 U
14 4 3 4 U
14 5 4 5 U
14 6 2 6 U
14 7 2 4 U
14 8 1 2 U
14 9 3 0 U
14 10 15 2 U
14 11 15 2 U
14 12 8 12 R
14 14 9 9 R
14 15 0 2 U
14 16 9 8 R
14 17 7 23 L
14 18 16 18 D
14 19 5 19 D
14 21 10 1 U
14 22 10 5 U
14 23 9 23 L
14 24 0 8 R
14 25 2 25 L
14 26 1 26 L
15 0 2 0 U
15 1 3 1 U
15 2 12 8 R
15 3 8 3 U
15 4 1 24 L
15 5 14 5 U
15 6 0 20 D
15 7 13 1 U
15 8 13 8 R
15 9 1 14 D
15 11 13 11 R
15 14 9 8 R
15 15 12 21 L
15 16 1 10 R
15 17 2 17 D
15 18 6 4 U
15 19 1 19 D
15 21 0 10 R
15 22 16 14 D
15 23 11 10 R
15 24 1 24 L
15 25 8 25 L
15 26 9 26 L
16 0 0 10 R
16 1 0 14 D
16 2 2 16 D
16 3 6 16 D
16 4 4 7 R
16 5 0 17 D
16 6 0 17 D
16 7 12 2 U
16 8 3 23 L
16 9 3 9 R
16 10 0 16 D
16 14 3 14 D
16 16 17 12 R
16 17 9 7 R
16 18 1 9 R
16 21 18 19 D
16 22 13 0 U
16 23 0 18 D
16 25 2 25 L
16 26 15 17 D
17 1 8 10 R
17 2 1 10 R
17 3 2 3 U
17 4 9 4 U
17 6 10 6 U
17 7 7 17 D
17 14 8 14 D
17 16 1 16 D
17 17 8 1 U
17 21 1 4 U
17 22 1 22 L
17 23 16 4 U
17 24 2 6 U
17 25 3 6 U
17 26 3 26 L
18 1 14 8 R
18 3 13 3 U
18 4 10 20 D
18 7 14 16 D
18 10 10 10 R
18 14 17 26 L
18 15 17 15 D
18 16 3 8 R
18 17 2 3 U
18 21 15 15 D
18 22 0 20 D
18 25 8 5 U
18 26 4 26 L
19 1 10 21 L
19 3 11 24 L
19 4 12 4 U
19 7 9 0 U
19 14 4 14 D
19 25 11 25 L
20 4 13 7 R
20 7 18 1 U
20 14 4 14 D
20 25 1 25 L

