14 14 160
2 0 13 5 0 8 9 6 0 9
3 10 0 0 9 0 11 0 0 0
0 0 4 0 0 13 0 0 0 8
0 0 0 0 0 0 0 0 0 0
0 8 8 12 0 12 6 0 0 3
6 0 0 6 12 0 0 4 0 10
8 0 0 3 0 0 0 8 1 4
3 0 11 4 0 0 9 9 9 9
0 0 3 0 5 10 0 0 0 7
12 0 12 5 11 3 0 0 0 2
0 0 0 0 L
0 1 0 1 L
0 2 0 2 L
0 3 0 3 L
0 4 0 4 R
0 5 0 5 R
0 6 0 6 R
0 7 0 7 R
0 8 0 8 D
0 9 0 9 D
0 10 0 10 D
0 11 0 11 U
0 12 0 12 U
0 13 0 13 U
1 0 2 0 L
1 1 5 1 L
1 2 2 2 L
1 3 6 3 L
1 4 11 8 D
1 5 2 13 U
1 6 9 11 U
1 7 11 11 U
1 8 0 0 L
1 9 0 1 L
1 10 6 0 L
1 11 0 7 R
1 12 4 5 R
1 13 7 6 R
2 0 7 13 U
2 1 1 6 R
2 2 3 2 L
2 3 1 3 L
2 4 9 12 U
2 5 1 12 U
2 6 4 3 L
2 7 0 2 L
2 8 7 1 L
2 9 7 1 L
2 10 1 3 L
2 11 10 5 R
2 12 4 6 R
2 13 0 3 L
3 0 0 11 U
3 1 6 1 L
3 2 6 2 L
3 3 4 13 U
3 4 0 0 L
3 5 9 11 U
3 6 2 6 R
3 7 1 7 R
3 8 4 8 D
3 9 4 9 D
3 10 6 10 D
3 11 1 11 U
3 12 4 4 R
3 13 12 5 R
4 0 9 8 D
4 1 2 8 D
4 2 5 2 L
4 3 3 3 L
4 4 0 9 D
4 5 2 10 D
4 6 6 8 D
4 7 0 3 L
4 8 6 7 R
4 9 0 2 L
4 10 6 10 D
4 11 0 4 R
4 12 3 12 U
4 13 3 13 U
5 0 7 8 D
5 1 0 8 D
5 2 3 10 D
5 3 0 10 D
5 4 2 1 L
5 5 3 5 R
5 6 4 6 R
5 7 4 7 R
5 8 3 1 L
5 9 7 2 L
5 10 2 6 R
5 11 7 5 R
5 12 9 1 L
5 13 0 8 D
6 0 10 11 U
6 1 8 13 U
6 2 7 13 U
6 3 7 11 U
6 4 8 11 U
6 5 1 5 R
6 6 5 13 U
6 7 2 12 U
6 8 11 5 R
6 10 12 10 D
6 11 0 0 L
6 12 5 4 R
6 13 8 13 U
7 0 8 9 D
7 1 9 10 D
7 2 8 12 U
7 4 9 9 D
7 5 10 11 U
7 6 1 6 R
7 7 2 7 R
7 8 0 5 R
7 9 8 6 R
7 10 3 1 L
7 11 9 7 R
7 12 3 12 U
7 13 5 5 R
8 0 0 12 U
8 1 4 13 U
8 2 10 2 L
8 4 9 4 R
8 5 4 1 L
8 6 0 8 D
8 7 4 10 D
8 8 10 7 R
8 9 1 1 L
8 10 6 4 R
8 11 9 4 R
8 12 7 4 R
8 13 5 4 R
9 0 3 9 D
9 1 5 1 L
9 2 5 8 D
9 4 0 1 L
9 5 0 11 U
9 6 8 10 D
9 8 0 11 U
9 9 2 0 L
9 10 0 13 U
9 11 0 9 D
9 12 4 0 L
10 0 7 0 L
10 1 7 10 D
10 2 4 11 U
10 3 6 12 U
10 4 0 10 D
10 5 11 12 U
10 6 3 6 R
10 8 4 2 L
10 9 0 4 R
10 10 3 6 R
10 11 8 4 R
11 1 10 11 U
11 2 6 2 L
11 4 10 0 L
11 5 10 13 U
11 10 3 0 L
11 11 3 0 L
12 0 7 10 D
12 1 1 9 D
12 2 6 2 L
12 4 3 11 U
12 5 4 5 R
12 10 6 5 R
12 11 7 4 R
13 1 10 1 L
13 11 1 6 R

