8 9 61
0 6 1 0 0 4 0 0 0 1 2 5 1 5
0 0 1 7 0 0 5 0 0 0 5 0 0 1
0 0 0 0 0 6 5 0 0 2 0 2 0 0
0 0 6 0 0 0 3 0 0 0 4 0 0 0
0 6 5 0 0 0 4 0 0 0 0 0 0 2
0 3 0 0 0 0 3 0 0 0 5 6 0 0
0 1 6 0 0 1 0 0 0 1 1 0 0 6
0 6 2 0 0 0 0 0 0 5 6 0 5 0
0 0 0 4 0 0 4 0 0 6 0 2 5 2
0 0 0 7 0 0 0 0 0 0 5 0 0 3
0 0 0 0 0 0 0 0 0 5 4 0 0 0
0 6 0 0 0 0 0 0 0 0 0 0 0 2
0 0 0 0 0 0 5 0 0 0 3 0 2 0
0 0 0 0 0 0 0 0 0 0 0 0 0 0
0 0 0 0 D
0 1 0 1 D
0 2 0 2 R
0 3 0 3 R
0 4 0 4 U
0 5 0 5 U
0 6 0 6 L
0 7 0 7 L
0 8 0 8 L
1 0 2 0 D
1 1 7 1 D
1 2 0 0 D
1 3 3 3 R
1 4 0 0 D
1 5 5 5 U
1 6 0 2 R
1 7 4 7 L
1 8 3 3 R
2 0 0 6 L
2 1 1 6 L
2 2 0 4 U
2 3 4 4 U
2 4 5 8 L
2 5 0 6 L
2 6 4 6 L
2 7 0 3 R
3 0 0 7 L
3 1 0 2 R
3 2 5 0 D
3 4 1 4 U
3 5 2 2 R
3 6 2 5 U
3 7 0 5 U
3 8 1 8 L
4 0 0 5 U
4 1 6 1 D
4 2 2 4 U
4 3 0 1 D
4 4 0 2 R
4 5 1 5 U
4 6 2 6 L
4 7 2 1 D
5 0 4 0 D
5 1 6 6 L
5 2 1 2 R
5 3 3 1 D
5 4 0 7 L
5 5 1 6 L
5 6 0 4 U
5 7 1 7 L
6 0 0 3 R
6 1 0 3 R
6 2 0 5 U
6 3 3 0 D
6 4 1 4 U
6 5 1 5 U
6 6 0 1 D
6 7 2 7 L
7 0 5 6 L
7 5 6 5 U
7 6 5 2 R

