34 35 1069
18 9 0 0 4 0 3 0 22 3 0 11 1 20 19 0 18 15
0 0 1 6 16 27 0 9 0 27 0 0 26 0 0 0 0 17
0 31 22 23 30 0 30 32 0 32 22 25 25 12 26 0 16 18
0 0 3 6 0 0 24 0 30 0 0 13 0 0 0 29 31 31
0 30 16 31 0 0 0 0 0 0 0 0 0 25 0 0 32 30
17 10 0 1 30 0 0 0 29 0 6 12 4 26 22 0 0 25
2 10 2 22 0 0 0 0 21 31 0 0 30 32 0 0 0 31
5 26 0 18 0 25 0 33 21 10 0 4 19 0 0 3 24 0
8 8 1 22 0 25 1 0 2 0 15 15 0 16 15 29 32 29
30 30 29 0 26 29 0 0 0 0 0 0 0 30 0 31 26 22
0 5 0 8 19 31 30 10 19 8 22 13 0 0 16 25 0 0
0 0 30 15 5 0 32 31 31 18 0 16 0 0 31 0 0 24
28 0 0 0 0 28 0 0 29 30 30 0 30 0 17 0 0 31
23 2 31 0 0 0 29 32 9 3 0 3 0 2 28 20 0 27
23 0 32 4 20 0 13 0 24 0 0 8 25 28 2 16 17 11
27 0 31 31 0 0 21 0 28 0 0 3 0 0 6 24 0 26
5 19 0 32 17 26 0 8 24 8 2 0 17 0 18 23 27 5
4 0 5 2 0 29 28 0 0 6 1 0 0 0 0 0 18 7
0 0 0 0 U
0 1 0 1 U
0 2 0 2 U
0 3 0 3 U
0 4 0 4 U
0 5 0 5 U
0 6 0 6 U
0 7 0 7 U
0 8 0 8 R
0 9 0 9 R
0 10 0 10 R
0 11 0 11 R
0 12 0 12 R
0 13 0 13 R
0 14 0 14 R
0 15 0 15 R
0 16 0 16 D
0 17 0 17 D
0 18 0 18 D
0 19 0 19 D
0 20 0 20 D
0 21 0 21 D
0 22 0 22 D
0 23 0 23 D
0 24 0 24 D
0 25 0 25 L
0 26 0 26 L
0 27 0 27 L
0 28 0 28 L
0 29 0 29 L
0 30 0 30 L
0 31 0 31 L
0 32 0 32 L
0 33 0 33 L
0 34 0 34 L
1 0 0 8 R
1 1 0 25 L
1 2 0 17 D
1 3 0 26 L
1 4 1 26 L
1 5 4 27 L
1 6 4 26 L
1 7 3 32 L
1 8 0 16 D
1 9 2 18 D
1 10 0 19 D
1 11 4 0 U
1 12 3 20 D
1 13 0 6 U
1 14 1 21 D
1 15 6 5 U
1 16 0 1 U
1 17 0 8 R
1 18 2 3 U
1 19 0 26 L
1 20 0 27 L
1 21 2 26 L
1 22 1 29 L
1 23 5 30 L
1 24 0 7 U
1 25 0 0 U
1 26 0 17 D
1 27 0 19 D
1 28 0 11 R
1 29 4 17 D
1 30 0 1 U
1 31 1 1 U
1 32 0 3 U
1 33 6 18 D
1 34 18 21 D
2 0 0 9 R
2 1 1 1 U
2 2 1 2 U
2 3 1 3 U
2 4 3 4 U
2 5 4 5 U
2 6 5 6 U
2 7 5 7 U
2 8 0 0 U
2 9 0 3 U
2 10 2 4 U
2 11 1 11 R
2 12 2 12 R
2 13 0 20 D
2 14 2 14 R
2 15 6 15 R
2 16 1 16 D
2 17 0 25 L
2 18 0 9 R
2 19 2 25 L
2 20 2 20 D
2 21 2 21 D
2 22 2 22 D
2 23 4 23 D
2 24 4 24 D
2 25 0 2 U
2 26 0 18 D
2 27 0 10 R
2 28 2 28 L
2 29 2 29 L
2 30 1 30 L
2 31 1 3 U
2 32 2 32 L
2 33 7 33 L
2 34 19 34 L
3 0 2 25 L
3 1 0 10 R
3 2 6 28 L
3 3 5 13 R
3 4 2 4 U
3 5 3 5 U
3 6 3 6 U
3 7 1 14 R
3 8 1 20 D
3 9 2 1 U
3 10 3 0 U
3 11 3 11 R
3 12 5 16 D
3 13 4 13 R
3 14 0 31 L
3 15 3 15 R
3 16 1 26 L
3 17 3 27 L
3 18 2 29 L
3 19 1 19 D
3 20 1 20 D
3 21 3 21 D
3 22 4 22 D
3 23 3 23 D
3 24 12 26 L
3 25 1 16 D
3 26 0 10 R
3 27 4 27 L
3 28 4 28 L
3 29 1 18 D
3 30 5 30 L
3 31 6 21 D
3 32 6 32 L
3 33 5 33 L
3 34 20 34 L
4 0 2 9 R
4 1 0 11 R
4 2 5 2 U
4 3 4 14 R
4 4 0 29 L
4 5 2 5 U
4 6 4 6 U
4 7 2 7 U
4 8 3 21 D
4 9 4 17 D
4 10 3 10 R
4 11 2 11 R
4 12 1 12 R
4 13 4 4 U
4 14 4 14 R
4 15 6 16 D
4 16 3 16 D
4 17 3 17 D
4 18 4 18 D
4 19 0 4 U
4 20 3 26 L
4 21 1 21 D
4 22 3 22 D
4 23 6 23 D
4 24 13 24 D
4 25 0 3 U
4 26 1 26 L
4 27 0 9 R
4 28 3 28 L
4 29 1 29 L
4 30 0 13 R
4 31 0 23 D
4 32 3 24 D
4 33 4 33 L
4 34 21 34 L
5 0 0 27 L
5 1 0 12 R
5 2 6 2 U
5 3 0 31 L
5 4 5 4 U
5 5 1 5 U
5 6 4 30 L
5 7 2 27 L
5 8 0 5 U
5 9 2 20 D
5 10 0 17 D
5 11 5 6 U
5 12 2 19 D
5 13 1 6 U
5 14 5 7 U
5 15 7 15 R
5 16 4 9 R
5 17 1 28 L
5 18 0 0 U
5 19 2 27 L
5 20 0 1 U
5 21 6 31 L
5 22 5 22 D
5 23 2 23 D
5 24 12 24 D
5 25 4 0 U
5 26 0 8 R
5 27 0 1 U
5 28 0 12 R
5 29 0 13 R
5 30 3 30 L
5 31 4 3 U
5 32 4 32 L
5 33 0 10 R
5 34 22 34 L
6 0 5 29 L
6 1 6 13 R
6 2 2 2 U
6 3 2 17 D
6 4 6 23 D
6 5 5 25 L
6 6 2 6 U
6 7 7 7 U
6 8 1 22 D
6 9 3 5 U
6 10 6 19 D
6 11 4 17 D
6 12 0 2 U
6 13 6 13 R
6 14 5 21 D
6 15 2 18 D
6 16 1 25 L
6 17 5 10 R
6 18 4 31 L
6 19 6 19 D
6 20 5 20 D
6 21 5 31 L
6 22 1 22 D
6 23 6 14 R
6 24 11 24 D
6 25 3 4 U
6 26 4 26 L
6 27 2 16 D
6 28 6 0 U
6 29 0 16 D
6 30 2 30 L
6 31 6 14 R
6 32 0 17 D
6 33 2 6 U
6 34 15 34 L
7 0 4 15 R
7 1 5 8 R
7 2 6 33 L
7 3 7 3 U
7 4 0 15 R
7 5 6 32 L
7 6 7 27 L
7 7 7 28 L
7 8 7 21 D
7 9 5 3 U
7 10 0 4 U
7 11 1 7 U
7 12 5 33 L
7 13 7 22 D
7 14 7 23 D
7 15 4 15 R
7 16 0 5 U
7 17 0 15 R
7 18 3 11 R
7 19 0 33 L
7 20 3 12 R
7 21 4 30 L
7 22 6 25 L
7 23 8 33 L
7 24 11 31 L
7 25 5 20 D
7 26 2 26 L
7 27 3 2 U
7 28 7 13 R
7 29 2 19 D
7 30 3 19 D
7 31 13 17 D
7 32 12 20 D
7 33 1 17 D
7 34 0 6 U
8 0 4 8 R
8 1 7 26 L
8 2 4 14 R
8 3 0 15 R
8 4 8 28 L
8 5 5 27 L
8 6 8 27 L
8 7 4 7 U
8 8 7 7 U
8 9 1 2 U
8 10 7 5 U
8 11 8 18 D
8 12 9 6 U
8 13 6 4 U
8 14 7 14 R
8 15 7 16 D
8 16 1 8 R
8 17 7 32 L
8 18 0 10 R
8 19 5 26 L
8 20 2 9 R
8 21 9 27 L
8 22 9 22 D
8 23 8 23 D
8 24 10 24 D
8 25 0 20 D
8 26 3 17 D
8 27 7 1 U
8 28 1 11 R
8 29 7 29 L
8 30 10 16 D
8 31 12 31 L
8 32 12 32 L
8 33 8 33 L
8 34 1 34 L
9 0 0 16 D
9 1 0 8 R
9 2 8 14 R
9 3 1 17 D
9 4 8 4 U
9 5 3 26 L
9 6 8 29 L
9 7 8 13 R
9 8 9 0 U
9 9 0 1 U
9 10 3 6 U
9 11 8 11 R
9 12 8 12 R
9 13 9 13 R
9 14 8 14 R
9 15 0 24 D
9 16 3 13 R
9 17 8 12 R
9 18 12 27 L
9 19 10 32 L
9 20 8 33 L
9 21 9 21 D
9 22 8 28 L
9 23 2 33 L
9 24 5 24 D
9 25 9 3 U
9 26 0 22 D
9 27 6 5 U
9 28 9 28 L
9 29 9 6 U
9 30 5 17 D
9 31 11 31 L
9 32 11 32 L
9 33 7 21 D
9 34 2 34 L
10 0 1 12 R
10 1 8 25 L
10 2 10 30 L
10 3 9 26 L
10 4 0 27 L
10 5 12 27 L
10 6 6 29 L
10 7 6 7 U
10 8 0 7 U
10 9 2 23 D
10 10 10 10 R
10 11 10 0 U
10 12 9 12 R
10 13 0 22 D
10 14 12 17 D
10 15 10 15 R
10 16 8 25 L
10 17 2 17 D
10 18 11 18 D
10 19 12 19 D
10 20 11 20 D
10 21 1 27 L
10 22 8 22 D
10 23 1 9 R
10 24 0 5 U
10 25 9 4 U
10 26 10 26 L
10 27 3 19 D
10 28 2 0 U
10 29 6 4 U
10 30 8 30 L
10 31 10 31 L
10 32 11 20 D
10 33 2 17 D
10 34 3 34 L
11 0 10 12 R
11 1 9 8 R
11 2 9 2 U
11 3 11 9 R
11 4 11 8 R
11 5 10 5 U
11 6 11 6 U
11 7 9 32 L
11 8 7 20 D
11 9 5 9 R
11 10 13 10 R
11 11 10 11 R
11 12 10 1 U
11 13 13 13 R
11 14 11 14 R
11 15 5 15 R
11 16 9 3 U
11 17 12 32 L
11 18 12 18 D
11 19 11 19 D
11 20 10 20 D
11 21 13 8 R
11 22 9 29 L
11 23 12 23 D
11 24 16 24 D
11 25 9 0 U
11 26 8 21 D
11 27 8 8 R
11 28 2 7 U
11 29 11 17 D
11 30 6 30 L
11 31 9 18 D
11 32 0 16 D
11 33 10 23 D
11 34 4 34 L
12 0 11 28 L
12 1 2 11 R
12 2 10 26 L
12 3 8 12 R
12 4 7 10 R
12 5 12 5 U
12 6 9 6 U
12 7 10 7 U
12 8 11 19 D
12 9 12 18 D
12 10 12 10 R
12 11 11 11 R
12 12 10 5 U
12 13 12 6 U
12 14 12 14 R
12 15 11 19 D
12 16 8 30 L
12 17 0 32 L
12 18 6 18 D
12 19 6 2 U
12 20 13 20 D
12 21 14 21 D
12 22 6 22 D
12 23 14 7 U
12 24 14 24 D
12 25 0 4 U
12 26 12 2 U
12 27 11 16 D
12 28 10 28 L
12 29 10 29 L
12 30 9 30 L
12 31 9 31 L
12 32 11 13 R
12 33 1 0 U
12 34 5 34 L
13 0 12 9 R
13 1 10 25 L
13 2 11 32 L
13 3 11 3 U
13 4 11 29 L
13 5 11 5 U
13 6 12 14 R
13 7 8 15 R
13 8 2 3 U
13 9 10 24 D
13 10 5 4 U
13 11 0 29 L
13 12 5 12 R
13 13 7 1 U
13 14 14 23 D
13 15 19 17 D
13 16 0 11 R
13 17 13 6 U
13 18 14 26 L
13 19 14 31 L
13 20 13 31 L
13 21 15 21 D
13 22 13 22 D
13 23 14 23 D
13 24 15 31 L
13 25 11 0 U
13 26 13 16 D
13 27 13 27 L
13 28 7 20 D
13 29 12 4 U
13 30 10 7 U
13 31 14 31 L
13 32 4 19 D
13 33 16 33 L
13 34 27 34 L
14 0 13 33 L
14 1 13 9 R
14 2 14 30 L
14 3 11 27 L
14 4 14 11 R
14 5 13 8 R
14 6 12 32 L
14 7 13 7 U
14 8 8 7 U
14 9 4 20 D
14 10 13 3 U
14 11 14 19 D
14 12 13 0 U
14 13 10 13 R
14 14 14 14 R
14 15 20 15 R
14 16 13 29 L
14 17 4 11 R
14 18 14 18 D
14 19 14 19 D
14 20 9 20 D
14 21 14 28 L
14 22 11 26 L
14 23 15 23 D
14 25 13 0 U
14 26 13 1 U
14 27 14 2 U
14 28 15 21 D
14 29 0 20 D
14 30 11 22 D
14 31 11 10 R
14 32 13 32 L
14 33 7 20 D
14 34 25 10 R
15 0 14 27 L
15 1 14 12 R
15 2 14 2 U
15 3 11 33 L
15 4 14 4 U
15 5 8 5 U
15 6 15 6 U
15 7 14 21 D
15 8 13 24 D
15 9 18 4 U
15 10 2 0 U
15 11 5 2 U
15 12 3 23 D
15 13 16 3 U
15 14 14 6 U
15 15 17 15 R
15 16 8 8 R
15 17 13 14 R
15 18 11 13 R
15 19 0 14 R
15 20 8 14 R
15 21 16 25 L
15 22 0 7 U
15 23 15 27 L
15 25 14 1 U
15 26 11 26 L
15 27 15 1 U
15 28 14 11 R
15 29 15 29 L
15 30 10 18 D
15 31 17 18 D
15 32 15 32 L
15 33 19 33 L
15 34 26 34 L
16 0 16 30 L
16 1 15 30 L
16 2 11 27 L
16 3 13 3 U
16 4 4 26 L
16 5 13 25 L
16 6 14 29 L
16 7 12 28 L
16 8 4 3 U
16 9 18 9 R
16 10 9 10 R
16 11 12 11 R
16 12 6 12 R
16 13 5 24 D
16 14 15 17 D
16 15 20 22 D
16 16 0 13 R
16 17 17 12 R
16 18 12 7 U
16 19 0 3 U
16 20 7 11 R
16 21 17 32 L
16 22 19 29 L
16 23 16 23 D
16 25 15 6 U
16 26 14 8 R
16 27 16 22 D
16 28 16 28 L
16 29 20 29 L
16 30 15 30 L
16 31 16 31 L
16 32 1 11 R
16 33 3 33 L
16 34 12 0 U
17 0 16 0 U
17 1 16 31 L
17 2 10 8 R
17 3 15 3 U
17 4 17 4 U
17 5 7 9 R
17 6 16 32 L
17 7 14 10 R
17 8 17 6 U
17 9 16 9 R
17 10 19 1 U
17 11 6 21 D
17 12 18 23 D
17 13 17 13 R
17 14 19 4 U
17 15 21 15 R
17 16 12 25 L
17 17 17 17 D
17 18 15 28 L
17 19 16 19 D
17 20 9 33 L
17 21 19 21 D
17 22 20 22 D
17 23 9 23 D
17 25 8 16 D
17 26 14 1 U
17 27 20 0 U
17 28 0 17 D
17 29 19 21 D
17 30 20 5 U
17 31 15 2 U
17 32 18 32 L
17 33 22 16 D
17 34 17 34 L
18 0 9 13 R
18 1 18 27 L
18 2 18 8 R
18 3 17 26 L
18 4 16 4 U
18 5 9 20 D
18 6 17 6 U
18 7 17 30 L
18 8 16 8 R
18 9 15 9 R
18 10 18 10 R
18 11 18 19 D
18 12 4 26 L
18 13 20 18 D
18 14 9 14 R
18 15 19 2 U
18 16 7 25 L
18 17 5 25 L
18 18 18 18 D
18 19 16 9 R
18 20 7 29 L
18 21 18 21 D
18 22 19 27 L
18 23 17 25 L
18 25 17 16 D
18 26 10 17 D
18 27 17 27 L
18 28 18 28 L
18 29 17 29 L
18 30 0 5 U
18 31 19 16 D
18 32 19 20 D
18 33 18 33 L
19 0 20 25 L
19 1 20 1 U
19 2 15 8 R
19 3 17 3 U
19 4 20 13 R
19 5 0 23 D
19 6 18 6 U
19 7 16 7 U
19 8 19 8 R
19 9 17 18 D
19 10 20 10 R
19 11 20 3 U
19 12 20 12 R
19 13 16 1 U
19 14 16 14 R
19 15 16 15 R
19 16 17 16 D
19 17 9 15 R
19 18 17 28 L
19 19 17 19 D
19 20 3 10 R
19 21 17 21 D
19 22 21 22 D
19 23 24 29 L
19 25 13 5 U
19 26 15 17 D
19 27 6 2 U
19 28 17 28 L
19 29 15 5 U
19 30 14 30 L
19 31 8 31 L
19 32 0 14 R
19 33 1 33 L
20 0 5 12 R
20 1 17 25 L
20 2 18 2 U
20 3 18 10 R
20 4 9 4 U
20 5 3 29 L
20 6 19 6 U
20 7 19 7 U
20 8 16 2 U
20 9 19 17 D
20 10 19 21 D
20 11 20 21 D
20 12 18 22 D
20 13 18 13 R
20 14 13 16 D
20 15 13 15 R
20 16 10 16 D
20 17 18 13 R
20 18 19 18 D
20 19 14 1 U
20 20 9 13 R
20 21 19 28 L
20 22 18 33 L
20 23 28 23 D
20 25 14 19 D
20 26 16 20 D
20 27 14 23 D
20 28 19 24 D
20 29 0 6 U
20 30 20 1 U
20 31 3 31 L
20 32 19 32 L
20 33 22 33 L
21 0 1 8 R
21 1 18 26 L
21 2 0 14 R
21 3 14 9 R
21 4 2 25 L
21 5 1 19 D
21 6 0 13 R
21 7 15 7 U
21 8 10 7 U
21 9 20 17 D
21 10 14 5 U
21 11 19 11 R
21 12 26 3 U
21 13 21 1 U
21 14 24 0 U
21 15 21 16 D
21 16 16 11 R
21 17 21 15 R
21 18 21 18 D
21 19 1 29 L
21 20 23 13 R
21 21 0 29 L
21 22 22 22 D
21 23 28 31 L
21 25 16 2 U
21 26 19 4 U
21 27 18 21 D
21 28 16 18 D
21 29 20 3 U
21 30 21 30 L
21 31 0 1 U
21 32 20 0 U
21 33 20 33 L
22 0 3 31 L
22 1 7 15 R
22 2 19 25 L
22 3 15 10 R
22 4 16 15 R
22 5 14 9 R
22 6 21 6 U
22 7 22 30 L
22 8 21 18 D
22 9 22 4 U
22 10 18 1 U
22 11 24 2 U
22 12 22 12 R
22 13 16 22 D
22 14 15 21 D
22 15 15 15 R
22 16 21 13 R
22 17 23 27 L
22 18 15 18 D
22 19 21 25 L
22 20 21 2 U
22 21 4 29 L
22 22 20 34 L
22 23 20 23 D
22 25 21 6 U
22 26 1 3 U
22 27 22 7 U
22 28 0 9 R
22 29 21 19 D
22 30 24 11 R
22 31 19 31 L
22 32 20 32 L
22 33 15 33 L
23 0 21 27 L
23 1 17 15 R
23 2 10 10 R
23 3 22 29 L
23 4 23 33 L
23 5 24 27 L
23 6 24 11 R
23 7 23 30 L
23 8 17 8 R
23 9 23 9 R
23 10 22 20 D
23 11 24 22 D
23 12 23 12 R
23 13 22 17 D
23 14 23 14 R
23 15 17 0 U
23 16 0 2 U
23 17 23 17 D
23 18 22 13 R
23 19 21 32 L
23 20 21 33 L
23 21 26 4 U
23 22 24 22 D
23 23 0 0 U
23 25 23 16 D
23 26 24 20 D
23 27 23 23 D
23 28 24 28 L
23 29 1 6 U
23 30 17 11 R
23 31 19 18 D
23 32 24 18 D
23 33 18 3 U
24 0 23 29 L
24 1 24 14 R
24 2 23 10 R
24 3 4 3 U
24 4 23 26 L
24 5 24 5 U
24 6 23 6 U
24 7 24 7 U
24 8 20 17 D
24 9 17 9 R
24 10 23 5 U
24 11 26 16 D
24 12 23 5 U
24 13 23 19 D
24 14 24 1 U
24 15 25 17 D
24 16 17 8 R
24 17 22 28 L
24 18 22 25 L
24 19 24 19 D
24 20 26 20 D
24 21 24 34 L
24 22 23 22 D
24 23 30 23 D
24 25 23 10 R
24 26 25 17 D
24 27 21 4 U
24 28 23 28 L
24 29 7 10 R
24 30 4 30 L
24 31 27 21 D
24 32 25 16 D
24 33 0 0 U
25 0 24 8 R
25 1 24 10 R
25 2 24 28 L
25 3 26 28 L
25 4 3 13 R
25 5 26 32 L
25 6 23 12 R
25 7 23 7 U
25 8 23 7 U
25 9 24 22 D
25 10 25 5 U
25 11 23 11 R
25 12 26 12 R
25 13 21 2 U
25 14 13 14 R
25 15 22 1 U
25 16 16 0 U
25 17 25 32 L
25 18 18 31 L
25 19 27 25 L
25 20 4 3 U
25 21 26 21 D
25 22 25 31 L
25 23 27 23 D
25 25 20 18 D
25 26 27 20 D
25 27 26 2 U
25 28 25 1 U
25 29 25 22 D
25 30 25 30 L
25 31 27 31 L
25 32 27 4 U
25 33 25 12 R
26 0 22 0 U
26 1 23 33 L
26 2 25 2 U
26 3 27 3 U
26 4 27 26 L
26 5 23 32 L
26 6 0 31 L
26 7 10 12 R
26 8 25 19 D
26 9 24 18 D
26 10 25 20 D
26 11 5 17 D
26 12 25 12 R
26 13 21 13 R
26 14 15 14 R
26 15 27 15 R
26 16 26 16 D
26 17 23 15 R
26 18 24 9 R
26 19 26 19 D
26 20 21 26 L
26 21 27 21 D
26 22 25 34 L
26 23 1 5 U
26 25 26 25 L
26 26 25 20 D
26 27 21 17 D
26 28 10 8 R
26 29 26 29 L
26 30 24 30 L
26 31 17 2 U
26 32 3 6 U
26 33 23 33 L
27 0 5 11 R
27 1 26 26 L
27 2 22 2 U
27 3 2 14 R
27 4 26 10 R
27 5 26 29 L
27 6 23 14 R
27 7 28 26 L
27 8 27 18 D
27 9 21 29 L
27 10 26 20 D
27 11 17 11 R
27 12 19 12 R
27 13 25 22 D
27 14 26 14 R
27 15 28 15 R
27 16 26 8 R
27 17 19 30 L
27 18 27 10 R
27 19 25 19 D
27 20 25 13 R
27 21 23 21 D
27 22 23 7 U
27 23 31 23 D
27 25 6 23 D
27 26 12 5 U
27 27 28 27 L
27 28 27 1 U
27 29 25 29 L
27 30 19 30 L
27 31 28 22 D
27 32 25 32 L
28 0 6 14 R
28 1 25 34 L
28 2 10 28 L
28 3 21 26 L
28 4 28 14 R
28 5 23 27 L
28 6 28 27 L
28 7 20 7 U
28 8 26 23 D
28 9 27 23 D
28 10 25 16 D
28 11 28 17 D
28 12 0 21 D
28 14 26 7 U
28 15 9 15 R
28 16 18 25 L
28 17 0 6 U
28 18 1 31 L
28 19 28 19 D
28 22 5 25 L
28 23 32 23 D
28 25 20 17 D
28 26 6 26 L
28 27 26 16 D
28 28 8 16 D
28 29 26 19 D
28 30 18 6 U
28 31 28 31 L
28 32 29 19 D
29 0 6 10 R
29 1 20 26 L
29 2 25 33 L
29 3 26 18 D
29 4 26 27 L
29 5 30 28 L
29 6 24 25 L
29 7 28 31 L
29 8 1 0 U
29 9 28 16 D
29 10 24 10 R
29 11 24 11 R
29 12 29 16 D
29 14 27 7 U
29 15 14 15 R
29 16 27 9 R
29 17 25 25 L
29 18 22 26 L
29 19 29 25 L
29 22 28 22 D
29 23 29 23 D
29 25 11 2 U
29 26 17 5 U
29 27 29 27 L
29 28 13 4 U
29 29 29 17 D
29 31 25 31 L
29 32 32 32 L
30 0 5 30 L
30 1 29 9 R
30 2 26 15 R
30 3 30 3 U
30 5 29 5 U
30 7 29 25 L
30 8 12 16 D
30 9 29 9 R
30 10 29 6 U
30 12 30 12 R
30 14 29 14 R
30 15 22 15 R
30 16 29 11 R
30 17 29 17 D
30 18 6 15 R
30 23 22 23 D
30 25 27 23 D
30 26 29 1 U
30 27 20 18 D
30 28 29 28 L
30 29 28 29 L
30 31 20 0 U
30 32 27 32 L
31 0 22 12 R
31 1 31 10 R
31 2 8 26 L
31 3 28 3 U
31 5 21 5 U
31 7 17 8 R
31 8 12 23 D
31 9 28 23 D
31 10 30 10 R
31 12 27 23 D
31 14 28 14 R
31 15 12 17 D
31 16 30 9 R
31 17 21 8 R
31 18 31 12 R
31 23 28 32 L
31 25 30 7 U
31 26 28 3 U
31 29 30 29 L
31 31 26 31 L
32 0 30 8 R
32 1 28 1 U
32 2 20 2 U
32 3 10 3 U
32 5 25 5 U
32 7 29 7 U
32 8 29 18 D
32 9 12 9 R
32 12 32 12 R
32 15 32 15 R
32 16 27 14 R
32 17 22 9 R
32 25 31 7 U
33 0 23 0 U

