18 15 226
8 9 16 15 4 13 13 1 0 0
0 0 10 0 5 1 0 6 0 8
16 12 0 2 9 0 0 14 14 7
6 7 8 0 0 14 0 0 7 0
0 0 6 5 2 7 0 0 0 0
0 0 0 17 16 13 15 16 0 10
0 0 0 0 0 0 0 0 0 9
0 0 0 0 15 5 0 0 0 0
3 12 12 4 0 0 11 0 15 12
13 12 9 11 17 0 14 17 13 11
0 0 0 0 U
0 1 0 1 U
0 2 0 2 U
0 3 0 3 U
0 4 0 4 R
0 5 0 5 R
0 6 0 6 R
0 7 0 7 D
0 8 0 8 D
0 9 0 9 D
0 10 0 10 D
0 11 0 11 L
0 12 0 12 L
0 13 0 13 L
0 14 0 14 L
1 0 6 5 R
1 1 12 11 L
1 2 3 6 R
1 3 2 3 U
1 4 0 7 D
1 6 14 1 U
1 7 8 1 U
1 8 14 1 U
1 9 7 9 D
1 10 14 5 R
1 11 0 6 R
1 12 14 0 U
1 13 5 2 U
2 0 8 4 R
2 1 5 5 R
2 2 8 7 D
2 3 5 4 R
2 4 4 3 U
2 5 0 2 U
2 6 10 12 L
2 7 8 3 U
2 8 11 13 L
2 9 9 9 D
2 10 5 10 D
2 11 12 8 D
2 12 10 8 D
2 13 1 13 L
3 0 9 5 R
3 1 8 8 D
3 2 7 10 D
3 3 0 6 R
3 4 7 7 D
3 5 1 5 R
3 6 4 10 D
3 7 1 6 R
3 8 2 8 D
3 9 1 9 D
3 10 9 10 D
3 11 0 0 U
3 12 7 5 R
3 13 0 10 D
3 14 13 10 D
4 0 6 0 U
4 1 9 9 D
4 2 10 12 L
4 3 13 13 L
4 4 3 4 R
4 5 5 0 U
4 7 9 4 R
4 8 6 11 L
4 9 0 5 R
4 10 13 1 U
4 11 10 1 U
4 12 0 2 U
4 13 0 9 D
5 0 2 5 R
5 1 14 4 R
5 2 6 12 L
5 3 3 3 U
5 4 17 0 U
5 5 12 7 D
5 6 4 2 U
5 7 0 11 L
5 8 8 8 D
5 9 2 9 D
5 10 1 10 D
5 11 7 7 D
5 12 6 4 R
5 13 11 13 L
6 0 0 5 R
6 1 2 12 L
6 2 4 11 L
6 3 5 11 L
6 4 0 0 U
6 5 12 3 U
6 6 5 11 L
6 7 2 11 L
6 8 14 8 D
6 9 13 11 L
6 10 10 12 L
6 11 1 7 D
6 12 7 1 U
6 13 2 8 D
7 0 2 4 R
7 1 0 13 L
7 2 3 2 U
7 3 11 3 U
7 4 1 7 D
7 5 13 2 U
7 6 12 9 D
7 7 2 4 R
7 8 4 6 R
7 9 10 13 L
7 10 1 6 R
7 11 13 0 U
7 12 12 3 U
7 13 13 9 D
8 0 4 8 D
8 1 0 7 D
8 2 13 5 R
8 3 4 7 D
8 4 10 1 U
8 5 5 7 D
8 6 4 6 R
8 7 11 0 U
8 8 6 8 D
8 9 11 9 D
8 10 0 3 U
8 11 2 8 D
8 12 14 12 L
8 13 1 1 U
9 0 3 5 R
9 1 3 1 U
9 2 0 8 D
9 3 7 6 R
9 4 10 8 D
9 5 6 2 U
9 7 6 0 U
9 8 6 8 D
9 9 1 11 L
9 10 0 6 R
9 11 2 9 D
9 12 8 12 L
9 13 14 13 L
10 0 0 4 R
10 1 8 1 U
10 2 1 12 L
10 3 0 11 L
10 4 7 9 D
10 5 1 1 U
10 7 0 4 R
10 8 16 12 L
10 9 11 5 R
10 10 2 10 D
10 11 14 9 D
10 12 16 8 D
11 0 1 0 U
11 1 1 4 R
11 2 14 2 U
11 3 0 13 L
11 4 5 2 U
11 5 16 0 U
11 6 1 2 U
11 7 9 5 R
11 8 0 2 U
11 9 8 9 D
11 10 8 11 L
11 11 3 3 U
11 12 16 2 U
11 13 10 10 D
12 0 1 9 D
12 1 13 12 L
12 2 2 2 U
12 3 7 11 L
12 4 8 13 L
12 5 7 9 D
12 6 0 9 D
12 7 13 7 D
12 8 14 14 L
12 9 0 1 U
12 10 7 3 U
12 11 4 2 U
12 12 10 3 U
13 0 10 0 U
13 1 5 13 L
13 2 2 6 R
13 3 4 6 R
13 4 0 3 U
13 5 7 8 D
13 6 14 7 D
13 7 0 13 L
13 8 15 4 R
13 9 16 11 L
13 10 3 3 U
13 11 0 4 R
13 12 4 10 D
14 0 6 12 L
14 1 1 1 U
14 2 11 2 U
14 3 1 3 U
14 4 4 7 D
14 5 4 5 R
14 6 9 6 R
14 7 9 12 L
14 8 7 8 D
14 9 5 12 L
14 10 13 10 D
14 11 4 0 U
14 12 3 12 L
14 13 0 8 D
15 0 3 4 R
15 4 3 10 D
15 5 12 1 U
15 7 11 5 R
15 8 11 8 D
15 9 2 9 D
15 10 3 6 R
15 11 0 3 U
15 12 3 9 D
15 13 5 13 L
16 0 1 0 U
16 1 15 6 R
16 4 15 4 R
16 5 9 0 U
16 6 6 0 U
16 8 12 5 R
16 11 3 1 U
17 0 13 4 R
17 4 16 0 U
17 8 12 0 U
17 11 6 1 U

