16 12 161
3 6 0 12 13 0 13 3 0 14
9 0 10 0 5 8 0 7 8 7
0 8 11 0 9 12 12 11 2 0
4 13 11 1 12 0 0 8 4 0
0 10 0 12 8 7 0 0 0 0
0 8 6 0 13 0 0 1 12 12
7 14 0 0 0 13 12 0 0 14
7 0 11 10 0 4 11 11 3 0
3 15 6 3 11 0 0 0 6 12
0 0 4 0 2 8 5 9 0 9
0 0 0 0 U
0 1 0 1 U
0 2 0 2 U
0 3 0 3 R
0 4 0 4 R
0 5 0 5 R
0 6 0 6 D
0 7 0 7 D
0 8 0 8 D
0 9 0 9 L
0 10 0 10 L
0 11 0 11 L
1 0 0 3 R
1 1 6 9 L
1 2 3 5 R
1 3 7 8 D
1 4 0 10 L
1 5 0 7 D
1 6 0 4 R
1 7 2 10 L
1 8 2 8 D
1 9 3 8 D
1 10 6 1 U
1 11 0 6 D
2 0 4 6 D
2 1 10 9 L
2 2 1 2 U
2 3 0 11 L
2 4 5 4 R
2 5 6 5 R
2 6 0 11 L
2 7 5 7 D
2 8 1 8 D
2 9 0 0 U
2 10 3 10 L
2 11 5 11 L
3 0 0 6 D
3 1 8 1 U
3 2 8 4 R
3 3 7 1 U
3 4 2 4 R
3 5 6 5 R
3 6 0 3 R
3 7 2 3 R
3 8 8 1 U
3 9 9 6 D
3 10 2 10 L
3 11 1 11 L
4 0 2 0 U
4 1 6 7 D
4 2 2 2 U
4 3 9 7 D
4 4 10 1 U
4 5 3 9 L
4 6 5 6 D
4 7 3 4 R
4 8 10 11 L
4 9 6 0 U
4 10 1 2 U
4 11 6 11 L
5 0 0 7 D
5 1 1 11 L
5 2 1 2 U
5 3 0 6 D
5 4 12 7 D
5 5 0 2 U
5 6 10 3 R
5 7 0 9 L
5 8 0 0 U
5 9 1 1 U
5 10 0 1 U
5 11 9 0 U
6 0 9 9 L
6 1 3 1 U
6 2 1 7 D
6 3 0 0 U
6 4 9 2 U
6 5 2 5 R
6 6 0 5 R
6 7 9 5 R
6 8 4 8 D
6 9 2 9 L
6 10 4 10 L
6 11 1 11 L
7 0 4 0 U
7 1 5 1 U
7 2 0 9 L
7 3 2 0 U
7 4 0 8 D
7 5 0 0 U
7 6 5 5 R
7 7 0 10 L
7 8 6 9 L
7 9 9 3 R
7 10 13 10 L
7 11 4 6 D
8 0 5 11 L
8 1 0 4 R
8 2 0 3 R
8 3 6 3 R
8 4 1 8 D
8 5 7 6 D
8 6 2 4 R
8 7 2 7 D
8 8 0 2 U
8 9 10 9 L
8 10 12 6 D
8 11 10 2 U
9 0 3 3 R
9 1 8 5 R
9 2 6 2 U
9 3 8 3 R
9 4 2 10 L
9 5 0 10 L
9 6 7 6 D
9 7 8 0 U
9 8 3 0 U
9 9 0 3 R
9 10 6 10 L
9 11 0 7 D
10 0 1 11 L
10 1 0 11 L
10 2 1 3 R
10 3 11 8 D
10 4 5 4 R
10 5 7 2 U
10 6 1 3 R
10 7 4 10 L
10 9 11 1 U
10 10 3 3 R
10 11 0 4 R
11 0 0 11 L
11 1 0 6 D
11 2 4 2 U
11 3 9 8 D
11 4 9 7 D
11 5 2 5 R
11 6 7 2 U
11 7 7 7 D
11 8 10 8 D
11 9 2 6 D
11 11 6 11 L
12 0 9 0 U
12 1 0 5 R
12 2 4 9 L
12 3 0 9 L
12 4 7 4 R
12 5 2 5 R
12 6 5 9 L
12 7 10 2 U
12 11 1 6 D
13 0 11 5 R
13 1 7 1 U
13 3 5 0 U
13 4 10 4 R
13 5 2 5 R
13 11 3 11 L
14 0 10 4 R
14 4 13 10 L
14 5 11 9 L
15 0 1 0 U

