20 22 376
3 4 0 0 0 0 0 0 0 16 0 0 0 1 3
4 0 8 4 9 3 14 3 9 16 0 0 0 3 0
1 17 0 0 0 8 12 18 0 0 0 0 0 3 0
0 17 0 0 7 0 19 0 0 18 0 0 0 0 19
14 0 0 0 4 14 0 0 13 0 2 0 0 0 4
2 0 0 5 3 6 0 0 0 0 17 0 0 15 0
5 12 0 0 0 0 0 0 7 12 0 0 0 5 19
0 13 0 9 15 0 4 7 0 0 0 0 0 2 0
0 0 6 14 0 0 0 15 14 17 3 3 0 19 0
8 1 14 19 0 0 0 0 0 0 0 3 0 18 0
0 0 0 18 0 1 8 3 16 17 17 0 0 18 0
0 15 7 0 0 0 0 15 0 3 0 0 3 8 0
1 0 12 10 0 0 0 0 0 0 0 0 9 9 0
0 0 0 8 0 0 0 0 0 14 0 0 0 0 0
3 16 0 6 0 0 0 5 0 0 0 17 16 16 17
0 0 0 0 D
0 1 0 1 D
0 2 0 2 D
0 3 0 3 D
0 4 0 4 D
0 5 0 5 D
0 6 0 6 R
0 7 0 7 R
0 8 0 8 R
0 9 0 9 R
0 10 0 10 R
0 11 0 11 U
0 12 0 12 U
0 13 0 13 U
0 14 0 14 U
0 15 0 15 U
0 16 0 16 L
0 17 0 17 L
0 18 0 18 L
0 19 0 19 L
0 20 0 20 L
0 21 0 21 L
1 0 0 10 R
1 1 2 1 D
1 2 6 2 D
1 3 13 3 D
1 4 0 9 R
1 5 6 5 D
1 6 11 12 U
1 7 0 16 L
1 8 2 0 D
1 9 0 14 U
1 10 9 16 L
1 11 7 10 R
1 12 6 7 R
1 13 6 17 L
1 14 2 14 U
1 15 10 15 U
1 16 5 14 U
1 17 0 7 R
1 18 4 12 U
1 19 0 15 U
1 20 8 1 D
1 21 7 21 L
2 0 16 13 U
2 1 6 7 R
2 2 9 2 D
2 3 1 3 D
2 4 1 4 D
2 5 1 5 D
2 6 0 12 U
2 7 5 0 D
2 8 9 2 D
2 9 1 1 D
2 10 8 2 D
2 11 10 16 L
2 12 8 12 U
2 13 8 13 U
2 14 1 14 U
2 15 1 15 U
2 16 0 11 U
2 17 10 12 U
2 18 0 3 D
2 19 10 19 L
2 20 12 13 U
3 0 2 0 D
3 1 9 17 L
3 2 14 8 R
3 3 12 3 D
3 4 0 19 L
3 5 6 5 D
3 6 16 1 D
3 7 5 7 R
3 8 0 17 L
3 9 11 9 R
3 10 4 10 R
3 11 0 1 D
3 12 8 7 R
3 13 6 8 R
3 14 4 4 D
3 15 0 4 D
3 16 14 12 U
3 17 0 14 U
3 18 8 18 L
3 19 6 5 D
3 20 5 15 U
3 21 1 15 U
4 0 7 10 R
4 1 0 13 U
4 2 0 12 U
4 3 10 8 R
4 4 8 13 U
4 5 1 5 D
4 6 3 6 R
4 7 6 3 D
4 8 7 8 R
4 9 15 19 L
4 10 7 12 U
4 11 0 6 R
4 12 15 12 U
4 13 2 9 R
4 14 0 2 D
4 15 2 15 U
4 16 14 15 U
4 17 8 17 L
4 18 13 18 L
4 19 3 19 L
4 20 7 20 L
4 21 3 21 L
5 0 7 8 R
5 1 1 16 L
5 2 15 20 L
5 3 1 3 D
5 4 6 4 D
5 5 4 8 R
5 6 6 1 D
5 7 14 1 D
5 8 14 3 D
5 9 4 9 R
5 10 4 10 R
5 11 10 8 R
5 12 15 16 L
5 13 3 16 L
5 15 0 0 D
5 16 3 2 D
5 17 13 12 U
5 18 0 15 U
5 19 4 2 D
5 20 11 20 L
6 0 0 6 R
6 1 9 1 D
6 2 12 7 R
6 3 0 10 R
6 4 10 9 R
6 5 5 13 U
6 6 1 5 D
6 7 2 14 U
6 8 7 0 D
6 9 0 15 U
6 10 1 11 U
6 11 0 19 L
6 12 12 12 U
6 13 4 8 R
6 14 15 18 L
6 15 9 20 L
6 16 8 0 D
6 17 14 13 U
6 18 0 13 U
6 19 10 6 R
6 20 3 20 L
7 0 11 18 L
7 1 0 18 L
7 2 11 9 R
7 3 1 17 L
7 5 11 5 D
7 6 3 16 L
7 7 9 11 U
7 8 4 8 R
7 9 14 3 D
7 10 10 10 R
7 11 2 16 L
7 12 2 18 L
7 13 5 18 L
7 14 9 8 R
7 15 9 7 R
7 16 11 0 D
7 17 11 17 L
7 18 4 18 L
7 19 3 19 L
7 20 14 20 L
8 0 4 12 U
8 1 12 1 D
8 2 4 2 D
8 3 1 3 D
8 4 11 4 D
8 6 13 6 R
8 7 0 1 D
8 8 7 3 D
8 9 0 4 D
8 10 19 3 D
8 11 14 6 R
8 12 9 2 D
8 13 1 8 R
8 14 4 7 R
8 15 0 10 R
8 16 9 1 D
8 17 12 9 R
8 18 0 6 R
8 19 5 1 D
8 20 0 9 R
9 0 15 16 L
9 1 0 16 L
9 2 5 7 R
9 3 12 20 L
9 4 6 18 L
9 6 10 3 D
9 7 14 14 U
9 8 5 13 U
9 9 5 15 U
9 10 8 5 D
9 11 5 18 L
9 12 0 16 L
9 13 1 13 U
9 14 10 14 U
9 15 3 20 L
9 16 7 3 D
9 17 7 1 D
9 18 1 2 D
9 19 3 7 R
9 20 1 20 L
10 0 12 6 R
10 1 4 19 L
10 2 15 6 R
10 3 17 3 D
10 4 5 9 R
10 5 11 19 L
10 6 2 17 L
10 7 0 0 D
10 8 4 8 R
10 9 5 9 R
10 10 11 15 U
10 11 13 19 L
10 12 13 7 R
10 13 0 17 L
10 14 5 19 L
10 15 16 18 L
10 16 5 13 U
10 17 0 0 D
10 18 12 11 U
10 19 8 0 D
10 20 14 15 U
10 21 13 21 L
11 0 5 8 R
11 1 0 15 U
11 2 7 16 L
11 3 9 19 L
11 4 10 20 L
11 5 3 9 R
11 6 2 11 U
11 7 1 12 U
11 8 13 8 R
11 9 7 11 U
11 10 2 10 R
11 11 4 6 R
11 12 14 3 D
11 13 6 13 U
11 14 0 9 R
11 15 3 15 U
11 16 4 0 D
11 17 0 2 D
11 18 12 4 D
11 19 12 12 U
11 20 1 15 U
11 21 14 11 U
12 0 0 7 R
12 1 2 1 D
12 2 1 2 D
12 3 0 8 R
12 4 2 8 R
12 5 11 10 R
12 6 7 16 L
12 7 8 13 U
12 8 5 2 D
12 9 6 9 R
12 10 15 14 U
12 11 2 11 U
12 12 13 12 U
12 13 11 9 R
12 14 3 14 U
12 15 2 15 U
12 16 6 11 U
12 17 7 3 D
12 18 0 1 D
12 19 7 11 U
12 20 3 20 L
13 0 0 11 U
13 1 8 8 R
13 2 0 17 L
13 3 12 3 D
13 4 7 4 D
13 6 1 11 U
13 7 4 7 R
13 8 11 14 U
13 9 9 12 U
13 10 3 10 R
13 11 7 20 L
13 12 14 17 L
13 13 8 13 U
13 15 8 15 U
13 16 1 11 U
13 17 12 14 U
13 18 10 14 U
13 19 2 19 L
13 20 3 20 L
14 0 13 0 D
14 1 1 6 R
14 2 4 6 R
14 3 5 7 R
14 4 1 6 R
14 6 0 2 D
14 7 2 1 D
14 8 15 2 D
14 9 9 11 U
14 10 3 10 R
14 11 10 17 L
14 12 2 12 U
14 13 0 7 R
14 14 1 20 L
14 15 2 15 U
14 16 1 5 D
14 17 4 0 D
14 18 3 3 D
14 19 4 5 D
14 20 16 10 R
15 0 4 11 U
15 1 16 17 L
15 2 16 17 L
15 3 13 19 L
15 6 9 4 D
15 7 0 18 L
15 8 9 14 U
15 9 4 9 R
15 10 14 4 D
15 11 12 0 D
15 12 7 17 L
15 13 9 6 R
15 15 10 9 R
15 16 16 11 U
15 17 4 17 L
15 18 6 11 U
15 19 3 19 L
15 20 8 3 D
16 0 17 19 L
16 1 11 16 L
16 3 11 15 U
16 6 10 13 U
16 7 12 17 L
16 8 2 2 D
16 9 2 12 U
16 10 0 19 L
16 11 15 21 L
16 12 5 7 R
16 13 14 16 L
16 15 11 8 R
16 17 10 2 D
16 18 18 18 L
16 19 2 14 U
16 20 8 4 D
17 0 11 6 R
17 1 15 12 U
17 6 10 15 U
17 7 6 7 R
17 9 4 9 R
17 10 18 10 R
17 11 12 8 R
17 12 11 9 R
17 13 1 13 U
17 15 11 15 U
17 18 19 18 L
17 20 0 5 D
18 3 17 18 L
18 6 12 6 R
18 7 10 12 U
18 11 4 7 R
18 12 1 21 L
18 13 8 13 U
18 15 8 15 U
18 19 16 9 R
18 20 17 20 L
19 6 4 6 R
19 7 7 20 L
19 9 18 1 D
19 12 1 12 U
19 13 18 7 R
19 15 5 15 U
19 20 7 20 L

