22 20 361
11 0 16 7 16 16 13 13 4 20 4 17 12 16
0 9 3 2 17 0 0 0 0 0 14 0 0 0
0 11 0 15 0 4 0 13 13 19 4 18 0 11
14 14 0 0 4 17 0 16 17 3 0 10 8 0
4 9 7 13 21 0 0 0 18 0 0 0 13 0
7 16 14 10 2 5 0 10 0 0 12 19 0 0
2 0 19 0 18 0 17 0 2 0 0 15 0 19
0 14 20 12 16 2 0 14 0 0 15 8 11 0
3 17 6 11 11 11 0 0 19 0 0 6 0 18
13 17 0 18 18 19 20 0 0 2 4 0 16 2
15 0 0 4 16 0 17 0 16 2 11 4 9 9
0 16 21 0 20 10 10 7 16 18 3 14 0 13
11 0 0 18 0 0 4 18 19 0 17 18 0 15
8 15 6 17 16 0 0 16 0 12 9 5 8 9
0 0 0 0 U
0 1 0 1 U
0 2 0 2 U
0 3 0 3 U
0 4 0 4 U
0 5 0 5 U
0 6 0 6 R
0 7 0 7 R
0 8 0 8 R
0 9 0 9 R
0 10 0 10 R
0 11 0 11 D
0 12 0 12 D
0 13 0 13 D
0 14 0 14 D
0 15 0 15 D
0 16 0 16 L
0 17 0 17 L
0 18 0 18 L
0 19 0 19 L
1 0 0 6 R
1 1 2 1 U
1 2 0 13 D
1 3 2 3 U
1 4 8 4 U
1 6 0 15 D
1 7 0 13 D
1 8 0 17 L
1 9 6 9 R
1 10 7 0 U
1 11 8 17 L
1 12 0 1 U
1 13 0 4 U
1 14 0 10 R
1 15 2 15 D
1 16 15 3 U
1 17 8 11 D
1 18 0 2 U
1 19 0 2 U
2 0 0 16 L
2 1 0 7 R
2 2 0 7 R
2 3 1 3 U
2 4 1 6 R
2 5 10 9 R
2 6 0 0 U
2 7 6 15 D
2 8 7 8 R
2 9 5 9 R
2 10 5 10 R
2 11 6 11 D
2 12 0 0 U
2 13 8 18 L
2 14 0 8 R
2 15 15 15 D
2 16 0 0 U
2 17 9 2 U
2 18 1 18 L
2 19 7 19 L
3 0 6 17 L
3 1 1 7 R
3 2 1 7 R
3 3 0 15 D
3 4 5 4 U
3 5 4 5 U
3 6 10 1 U
3 7 1 17 L
3 8 9 8 R
3 9 4 16 L
3 10 0 19 L
3 11 0 6 R
3 12 12 7 R
3 13 12 13 D
3 14 0 19 L
3 15 9 15 D
3 16 17 16 L
3 17 0 2 U
3 18 0 6 R
3 19 2 19 L
4 0 9 10 R
4 1 2 11 D
4 2 10 7 R
4 3 0 9 R
4 4 1 4 U
4 5 12 5 U
4 6 0 11 D
4 7 3 1 U
4 8 3 8 R
4 9 5 16 L
4 10 3 10 R
4 11 0 8 R
4 12 1 12 D
4 13 0 17 L
4 14 3 14 D
4 15 11 15 D
4 16 0 14 D
4 17 10 17 L
4 18 9 18 L
4 19 0 3 U
5 0 1 19 L
5 1 6 1 U
5 2 4 2 U
5 3 3 7 R
5 4 3 4 U
5 6 4 0 U
5 7 17 12 D
5 8 4 8 R
5 9 7 9 R
5 10 4 10 R
5 11 0 16 L
5 12 1 9 R
5 13 0 18 L
5 14 9 0 U
5 15 2 15 D
5 16 2 16 L
5 17 6 15 D
5 18 4 18 L
5 19 0 6 R
6 0 11 0 U
6 1 0 11 D
6 2 10 2 U
6 3 0 8 R
6 4 5 4 U
6 6 0 2 U
6 7 0 12 D
6 8 9 15 D
6 9 0 16 L
6 10 1 10 R
6 11 5 11 D
6 12 7 17 L
6 13 4 13 D
6 14 3 14 D
6 15 1 15 D
6 16 1 4 U
6 17 7 17 L
6 18 5 18 L
6 19 2 19 L
7 0 2 11 D
7 1 0 14 D
7 2 14 2 U
7 3 2 17 L
7 4 15 4 U
7 5 8 12 D
7 6 5 6 R
7 7 4 7 R
7 8 0 0 U
7 9 15 9 R
7 10 11 2 U
7 11 3 11 D
7 12 6 1 U
7 13 14 6 R
7 14 4 14 D
7 15 2 6 R
7 16 14 16 L
7 17 0 11 D
7 18 4 18 L
7 19 5 19 L
8 0 6 16 L
8 1 4 17 L
8 2 10 2 U
8 3 1 3 U
8 4 10 11 D
8 6 13 13 D
8 7 2 7 R
8 8 1 19 L
8 9 0 14 D
8 10 12 4 U
8 11 0 7 R
8 12 15 18 L
8 13 11 13 D
8 14 1 7 R
8 15 1 15 D
8 16 0 1 U
8 17 1 17 L
8 18 5 3 U
8 19 2 19 L
9 0 3 0 U
9 1 0 9 R
9 2 7 6 R
9 3 6 3 U
9 4 10 17 L
9 6 10 11 D
9 7 0 3 U
9 8 6 8 R
9 9 6 9 R
9 10 15 10 R
9 11 13 9 R
9 12 12 12 D
9 13 0 6 R
9 14 12 14 D
9 15 5 8 R
9 16 2 12 D
9 17 7 3 U
9 18 18 6 R
9 19 17 10 R
10 0 12 7 R
10 1 0 17 L
10 2 0 8 R
10 3 13 3 U
10 4 8 18 L
10 6 0 4 U
10 7 16 13 D
10 8 6 13 D
10 9 1 9 R
10 10 6 11 D
10 11 0 18 L
10 12 3 12 D
10 13 4 13 D
10 14 4 16 L
10 15 2 15 D
10 16 0 5 U
10 17 4 14 D
10 18 0 0 U
10 19 5 19 L
11 0 5 7 R
11 1 7 7 R
11 2 1 2 U
11 3 1 18 L
11 4 2 4 U
11 6 12 6 R
11 7 0 1 U
11 8 8 1 U
11 9 19 0 U
11 10 1 12 D
11 11 18 8 R
11 12 3 12 D
11 13 6 13 D
11 14 5 14 D
11 15 9 7 R
11 16 3 11 D
11 17 0 1 U
11 18 8 12 D
11 19 4 7 R
12 0 2 7 R
12 1 16 9 R
12 2 0 6 R
12 3 7 18 L
12 4 9 15 D
12 6 3 16 L
12 7 14 0 U
12 8 9 0 U
12 9 2 9 R
12 10 6 10 R
12 11 5 11 D
12 12 4 19 L
12 13 13 13 D
12 14 4 14 D
12 15 16 15 D
12 16 13 6 R
12 17 0 12 D
12 18 4 4 U
12 19 5 19 L
13 0 0 18 L
13 1 1 13 D
13 2 12 10 R
13 3 3 3 U
13 4 0 11 D
13 6 14 12 D
13 7 2 4 U
13 8 1 8 R
13 9 4 9 R
13 10 7 10 R
13 11 4 1 U
13 12 1 12 D
13 13 2 13 D
13 15 0 19 L
13 16 12 2 U
13 17 6 17 L
13 18 12 14 D
13 19 2 5 U
14 0 1 16 L
14 1 4 15 D
14 2 17 19 L
14 3 1 3 U
14 4 18 4 U
14 6 11 0 U
14 7 7 4 U
14 8 0 11 D
14 9 6 11 D
14 11 5 18 L
14 12 13 8 R
14 13 0 8 R
14 15 11 18 L
14 16 1 0 U
14 17 19 17 L
14 18 11 1 U
14 19 6 12 D
15 0 5 6 R
15 1 14 18 L
15 3 4 3 U
15 4 10 16 L
15 6 8 14 D
15 7 5 7 R
15 8 16 3 U
15 9 1 3 U
15 11 16 7 R
15 12 5 12 D
15 13 4 16 L
15 15 0 3 U
15 16 0 9 R
15 17 13 6 R
15 18 11 14 D
15 19 5 19 L
16 0 10 9 R
16 2 10 16 L
16 3 2 10 R
16 4 8 12 D
16 6 15 19 L
16 7 7 7 R
16 8 15 2 U
16 9 8 2 U
16 11 0 9 R
16 12 1 12 D
16 13 4 13 D
16 15 9 15 D
16 16 11 13 D
16 17 6 1 U
16 18 3 18 L
16 19 0 11 D
17 0 6 6 R
17 3 8 17 L
17 4 16 13 D
17 6 9 4 U
17 7 8 7 R
17 8 3 8 R
17 11 7 18 L
17 12 1 12 D
17 13 6 17 L
17 15 2 15 D
17 16 19 15 D
17 17 18 17 L
17 18 11 0 U
17 19 9 19 L
18 0 3 8 R
18 3 5 3 U
18 4 8 4 U
18 6 2 11 D
18 8 7 8 R
18 11 9 19 L
18 12 8 16 L
18 13 2 17 L
18 15 1 15 D
18 16 2 1 U
18 17 8 0 U
18 18 15 18 L
18 19 17 2 U
19 0 18 8 R
19 3 1 3 U
19 6 3 6 R
19 12 6 12 D
19 13 8 13 D
19 15 7 15 D
19 17 12 12 D
19 18 16 18 L
19 19 15 19 L
20 0 3 0 U
20 15 0 6 R
20 17 6 13 D
20 18 16 18 L
21 0 6 0 U
21 15 9 15 D

