17 16 217
1 7 0 8 13 3 14 0 0 16 4 0
13 0 0 12 0 0 0 11 16 0 14 6
0 6 4 0 14 1 13 11 0 15 0 0
0 2 0 0 14 1 2 0 0 13 0 0
10 14 9 11 0 8 0 5 0 0 14 4
15 12 0 0 6 11 0 0 0 0 0 0
12 0 0 15 0 10 0 0 0 0 0 0
0 10 0 0 7 12 7 4 16 0 2 8
0 0 0 0 0 0 4 0 0 0 0 12
16 0 0 3 9 10 0 0 0 8 0 4
9 0 0 0 0 2 1 0 5 0 0 4
7 0 0 0 2 3 6 15 10 5 3 10
0 0 0 0 U
0 1 0 1 U
0 2 0 2 U
0 3 0 3 U
0 4 0 4 R
0 5 0 5 R
0 6 0 6 R
0 7 0 7 D
0 8 0 8 D
0 9 0 9 D
0 10 0 10 D
0 11 0 11 D
0 12 0 12 L
0 13 0 13 L
0 14 0 14 L
0 15 0 15 L
1 0 0 4 R
1 1 3 1 U
1 2 14 5 R
1 3 0 6 R
1 4 0 7 D
1 5 0 8 D
1 6 10 0 U
1 7 0 12 L
1 8 5 8 D
1 9 10 9 D
1 10 2 10 D
1 11 4 11 D
1 12 0 7 D
1 13 10 13 L
1 14 0 9 D
1 15 0 4 R
2 0 15 4 R
2 1 12 1 U
2 2 4 2 U
2 3 1 3 U
2 4 6 7 D
2 5 5 5 R
2 6 11 1 U
2 7 0 5 R
2 8 10 8 D
2 9 6 14 L
2 10 1 10 D
2 12 0 6 R
2 13 0 9 D
2 14 6 4 R
2 15 0 7 D
3 0 0 12 L
3 1 2 12 L
3 2 2 6 R
3 3 16 3 U
3 4 0 13 L
3 5 10 1 U
3 6 9 6 R
3 7 5 13 L
3 8 0 1 U
3 9 4 12 L
3 10 16 15 L
3 12 11 0 U
3 13 1 13 L
3 14 11 9 D
3 15 2 9 D
4 0 14 0 U
4 1 0 7 D
4 2 14 6 R
4 3 3 3 U
4 4 0 3 U
4 5 0 1 U
4 6 7 6 R
4 7 2 13 L
4 8 8 12 L
4 9 2 9 D
4 10 1 10 D
4 11 2 11 D
4 12 3 2 U
4 13 1 8 D
4 14 2 14 L
4 15 7 1 U
5 0 8 0 U
5 1 13 14 L
5 2 0 15 L
5 3 1 13 L
5 4 6 10 D
5 5 9 10 D
5 6 8 0 U
5 7 7 4 R
5 8 0 2 U
5 9 7 1 U
5 10 0 0 U
5 12 3 7 D
5 13 6 5 R
5 14 9 9 D
6 0 9 12 L
6 1 3 4 R
6 2 16 12 L
6 3 11 10 D
6 4 13 4 R
6 5 0 9 D
6 6 7 2 U
6 7 2 5 R
6 8 0 13 L
6 9 10 5 R
6 10 5 5 R
6 12 9 8 D
6 13 7 9 D
6 14 13 6 R
7 0 9 14 L
7 1 14 13 L
7 2 2 2 U
7 3 3 6 R
7 4 1 7 D
7 5 10 8 D
7 6 14 7 D
7 7 5 14 L
7 8 1 14 L
7 9 0 4 R
7 10 12 10 D
7 11 2 11 D
7 12 10 7 D
7 13 0 0 U
7 14 13 2 U
8 0 3 12 L
8 1 3 1 U
8 2 3 8 D
8 3 4 3 U
8 4 1 2 U
8 5 14 0 U
8 6 1 6 R
8 7 12 14 L
8 8 2 8 D
8 9 5 4 R
8 10 3 0 U
8 12 4 8 D
8 13 2 13 L
8 14 9 5 R
9 0 0 5 R
9 1 2 6 R
9 2 8 14 L
9 4 5 4 R
9 5 3 8 D
9 6 4 10 D
9 7 6 7 D
9 8 11 8 D
9 9 6 9 D
9 10 2 10 D
9 12 15 1 U
9 13 1 6 R
9 14 8 14 L
9 15 1 15 L
10 0 0 13 L
10 1 1 1 U
10 2 4 2 U
10 3 4 6 R
10 4 5 8 D
10 5 1 5 R
10 6 5 8 D
10 7 6 12 L
10 8 0 0 U
10 9 11 13 L
10 10 2 3 U
10 11 4 3 U
10 12 0 5 R
10 13 3 13 L
11 0 8 5 R
11 1 8 5 R
11 2 6 4 R
11 3 6 14 L
11 4 7 0 U
11 5 3 5 R
11 6 5 9 D
11 8 3 0 U
11 9 12 9 D
11 12 4 12 L
11 13 6 13 L
12 0 1 0 U
12 1 2 4 R
12 2 9 2 U
12 3 2 3 U
12 5 10 0 U
12 6 8 3 U
12 7 4 12 L
12 8 16 14 L
12 10 15 10 D
12 11 3 11 D
12 13 6 6 R
13 0 0 14 L
13 2 2 2 U
13 5 14 7 D
13 6 1 9 D
13 7 5 6 R
13 8 3 4 R
13 12 6 0 U
13 13 0 1 U
13 14 3 14 L
14 0 1 14 L
14 2 13 5 R
14 4 2 11 D
14 5 9 5 R
14 6 1 10 D
14 7 2 7 D
14 8 1 8 D
14 12 2 7 D
14 13 5 4 R
14 15 7 15 L
15 0 16 0 U
15 3 8 3 U
15 5 7 12 L
15 7 0 6 R
15 8 8 1 U
15 13 9 7 D
15 14 2 7 D
16 4 0 2 U
16 5 0 14 L
16 8 5 8 D
16 9 2 13 L
16 13 1 1 U
16 14 11 8 D

