14 12 132
3 0 7 0 0 7 0 0 3 7 0 7
8 3 0 3 2 0 0 0 0 0 1 7
6 0 0 7 0 0 0 0 0 0 0 11
5 5 0 0 9 7 2 0 0 0 0 5
10 0 0 0 0 0 5 5 3 0 2 2
1 0 0 0 0 4 0 1 0 0 7 4
0 0 8 11 0 0 0 0 6 0 0 10
3 0 0 0 1 6 13 0 8 4 5 0
2 12 0 0 0 0 0 0 0 4 0 3
2 5 2 0 11 0 12 0 0 0 11 5
6 0 10 7 0 0 10 11 11 0 0 3
8 2 6 0 9 0 0 0 9 9 0 9
0 0 0 0 D
0 1 0 1 D
0 2 0 2 R
0 3 0 3 R
0 4 0 4 R
0 5 0 5 R
0 6 0 6 U
0 7 0 7 U
0 8 0 8 U
0 9 0 9 L
0 10 0 10 L
0 11 0 11 L
1 0 8 9 L
1 1 0 4 R
1 2 5 6 U
1 3 3 1 D
1 4 9 4 R
1 5 8 0 D
1 6 5 4 R
1 7 3 1 D
1 8 9 8 U
1 9 4 9 L
1 10 0 1 D
1 11 2 11 L
2 0 0 9 L
2 1 3 1 D
2 2 5 9 L
2 3 8 3 R
2 4 1 6 U
2 5 5 5 R
2 6 5 2 R
2 7 0 1 D
2 8 3 8 U
2 9 8 3 R
2 10 3 8 U
2 11 0 3 R
3 0 4 0 D
3 1 0 8 U
3 2 0 0 D
3 3 1 3 R
3 4 9 6 U
3 5 5 5 R
3 6 0 10 L
3 7 7 7 U
3 8 7 8 U
3 9 5 0 D
3 10 2 1 D
3 11 0 4 R
4 0 0 7 U
4 1 0 6 U
4 2 0 9 L
4 3 0 6 U
4 4 0 11 L
4 5 3 5 R
4 6 0 9 L
4 7 5 4 R
4 8 7 2 R
4 9 0 4 R
4 10 0 0 D
4 11 5 6 U
5 0 3 0 D
5 1 1 4 R
5 2 1 1 D
5 3 1 10 L
5 4 0 7 U
5 6 8 9 L
5 7 1 11 L
5 8 0 2 R
5 9 0 8 U
5 10 6 10 L
5 11 2 11 L
6 0 7 2 R
6 1 3 1 D
6 2 0 1 D
6 3 1 6 U
6 4 8 11 L
6 6 4 6 U
6 7 10 9 L
6 8 0 0 D
6 9 0 2 R
6 10 3 3 R
6 11 0 6 U
7 0 0 2 R
7 1 6 3 R
7 2 0 10 L
7 3 6 6 U
7 4 5 4 R
7 6 4 2 R
7 7 1 1 D
7 8 5 2 R
7 9 0 6 U
7 10 2 10 L
7 11 11 11 L
8 0 2 3 R
8 1 0 3 R
8 2 2 0 D
8 3 0 8 U
8 4 4 0 D
8 6 7 5 R
8 7 5 7 U
8 8 3 9 L
8 9 9 7 U
8 10 5 0 D
8 11 0 8 U
9 0 0 10 L
9 1 8 1 D
9 2 4 7 U
9 4 5 4 R
9 6 6 3 R
9 8 0 3 R
9 9 8 8 U
9 10 10 10 L
9 11 3 11 L
10 0 4 7 U
10 1 9 9 L
10 2 7 1 D
10 3 3 6 U
10 4 2 6 U
10 6 8 11 L
10 9 3 8 U
10 10 3 6 U
11 0 1 9 L
11 1 3 10 L
11 2 4 11 L
11 3 3 3 R
11 4 5 4 R
11 6 2 4 R
11 9 8 2 R
11 10 5 10 L
12 0 7 3 R
12 6 9 6 U
13 6 4 6 U

