22 13 260
20 14 0 12 9 8 14 5 18 20 0 6
0 14 14 16 19 13 0 13 17 0 0 7
2 0 0 0 0 20 19 0 0 18 0 17
3 0 6 0 21 0 5 21 11 0 14 0
2 4 0 17 12 0 0 0 17 14 21 0
9 0 0 18 0 19 18 0 21 0 0 5
7 8 10 0 0 0 13 16 0 0 0 5
8 0 20 0 17 0 0 15 20 3 21 18
8 0 19 18 0 17 0 0 0 3 8 9
12 0 0 9 14 8 0 0 8 0 5 0
6 0 12 16 15 0 1 0 0 7 0 6
19 0 18 19 0 8 18 0 10 0 14 0
0 0 0 0 L
0 1 0 1 L
0 2 0 2 L
0 3 0 3 L
0 4 0 4 R
0 5 0 5 R
0 6 0 6 R
0 7 0 7 D
0 8 0 8 D
0 9 0 9 D
0 10 0 10 U
0 11 0 11 U
0 12 0 12 U
1 0 0 7 D
1 1 13 1 L
1 2 0 6 R
1 3 2 3 L
1 4 0 10 U
1 5 0 0 L
1 6 0 11 U
1 7 10 10 U
1 8 2 5 R
1 9 3 0 L
1 10 0 7 D
1 11 0 4 R
1 12 2 12 U
2 0 0 11 U
2 1 1 1 L
2 2 1 2 L
2 3 5 3 L
2 4 0 7 D
2 5 0 10 U
2 6 0 3 L
2 7 10 5 R
2 8 3 8 D
2 9 1 9 D
2 10 0 0 L
2 11 5 11 U
2 12 3 6 R
3 0 1 11 U
3 1 6 7 D
3 2 7 2 L
3 3 5 4 R
3 4 1 4 R
3 5 4 5 R
3 6 1 6 R
3 7 1 7 D
3 8 13 1 L
3 9 0 1 L
3 10 5 0 L
3 11 6 5 R
3 12 1 4 R
4 0 0 10 U
4 1 8 1 L
4 2 6 2 L
4 3 18 8 D
4 4 12 7 D
4 5 9 8 D
4 6 3 6 R
4 7 9 6 R
4 8 0 12 U
4 9 2 9 D
4 10 2 0 L
4 11 7 11 U
4 12 8 12 U
5 0 15 9 D
5 1 0 8 D
5 2 16 2 L
5 3 3 3 L
5 4 8 10 U
5 5 11 12 U
5 6 11 8 D
5 7 0 4 R
5 8 2 8 D
5 9 17 9 D
5 10 0 5 R
5 11 6 1 L
5 12 8 12 U
6 0 7 7 D
6 1 5 6 R
6 2 8 2 L
6 3 13 5 R
6 4 2 4 R
6 5 2 7 D
6 6 0 7 D
6 7 0 3 L
6 8 7 5 R
6 9 3 9 D
6 10 5 10 U
6 11 8 11 U
6 12 10 6 R
7 0 14 0 L
7 1 1 1 L
7 2 3 2 L
7 3 8 3 L
7 4 9 7 D
7 5 6 5 R
7 6 1 0 L
7 7 0 12 U
7 8 0 5 R
7 9 0 11 U
7 10 0 1 L
7 11 3 11 U
7 12 14 0 L
8 0 20 8 D
8 1 1 7 D
8 2 1 6 R
8 3 7 10 U
8 4 11 4 R
8 5 11 5 R
8 6 4 6 R
8 7 13 3 L
8 8 9 8 D
8 9 6 9 D
8 10 12 1 L
8 11 0 8 D
8 12 10 12 U
9 0 2 7 D
9 1 0 6 R
9 2 3 2 L
9 3 2 11 U
9 4 0 1 L
9 5 8 7 D
9 6 0 8 D
9 7 5 0 L
9 8 12 2 L
9 9 2 9 D
9 10 0 6 R
9 11 2 11 U
9 12 6 12 U
10 0 12 10 U
10 1 4 1 L
10 2 3 2 L
10 3 9 7 D
10 4 12 10 U
10 5 1 10 U
10 6 13 12 U
10 7 2 7 D
10 8 1 5 R
10 9 8 9 D
10 10 16 5 R
10 11 6 11 U
10 12 2 12 U
11 0 7 12 U
11 1 0 4 R
11 2 0 7 D
11 3 3 3 L
11 4 6 11 U
11 5 2 11 U
11 6 3 6 R
11 7 9 2 L
11 8 0 0 L
11 9 2 9 D
11 10 0 3 L
11 11 3 11 U
11 12 1 12 U
12 0 15 5 R
12 1 3 1 L
12 2 11 5 R
12 3 10 12 U
12 4 0 12 U
12 5 9 5 R
12 6 3 6 R
12 7 15 7 D
12 8 10 8 D
12 9 16 1 L
12 10 1 1 L
12 11 5 1 L
12 12 0 8 D
13 0 7 11 U
13 1 8 1 L
13 2 14 2 L
13 3 12 3 L
13 4 12 4 R
13 5 8 8 D
13 6 11 6 R
13 7 0 0 L
13 8 16 2 L
13 9 1 9 D
13 10 0 2 L
13 11 5 11 U
13 12 1 5 R
14 0 7 0 L
14 1 5 11 U
14 2 19 9 D
14 3 15 3 L
14 4 13 3 L
14 5 0 9 D
14 6 9 10 U
14 7 17 6 R
14 8 3 0 L
14 9 13 4 R
14 10 1 4 R
14 11 1 3 L
14 12 0 0 L
15 0 3 0 L
15 1 7 11 U
15 2 1 2 L
15 3 0 12 U
15 4 6 4 R
15 5 13 11 U
15 6 14 9 D
15 7 20 7 D
15 9 0 12 U
15 10 9 4 R
15 11 8 2 L
15 12 12 12 U
16 0 17 4 R
16 1 0 9 D
16 2 4 2 L
16 3 6 3 L
16 4 5 11 U
16 5 10 11 U
16 6 2 6 R
16 7 1 0 L
16 9 12 9 D
16 10 15 1 L
16 11 9 4 R
16 12 2 12 U
17 0 6 7 D
17 1 8 10 U
17 3 2 3 L
17 4 5 4 R
17 5 15 9 D
17 6 9 11 U
17 7 10 1 L
17 8 2 3 L
17 9 8 9 D
17 10 8 4 R
17 11 15 11 U
17 12 2 12 U
18 0 1 8 D
18 1 10 4 R
18 5 17 5 R
18 6 13 6 R
18 7 8 0 L
18 9 13 0 L
18 10 8 0 L
18 11 5 6 R
18 12 16 9 D
19 0 14 6 R
19 1 0 5 R
19 5 7 5 R
19 6 11 6 R
19 7 8 7 D
19 10 8 10 U
19 11 1 11 U
19 12 20 4 R
20 0 17 7 D
20 1 15 9 D
20 5 4 5 R
20 7 8 7 D
20 10 18 8 D
20 11 12 5 R
20 12 19 1 L
21 0 18 10 U
21 1 15 1 L
21 10 16 3 L
21 11 6 11 U
21 12 16 12 U

