32 22 602
28 26 13 0 0 0 23 5 28 7 1 2
0 0 0 21 0 27 0 28 0 18 13 15
0 0 11 25 0 0 9 0 0 0 0 0
0 18 14 7 9 14 9 0 13 0 0 0
0 0 17 0 0 8 3 0 0 0 17 23
0 0 17 0 10 0 0 11 23 0 1 17
0 0 0 12 7 1 0 27 0 0 11 0
0 0 9 0 20 0 27 26 22 29 0 23
0 22 7 0 17 0 0 28 12 0 0 25
23 29 0 18 0 22 0 26 11 0 0 24
0 11 0 13 20 0 0 13 29 27 24 5
8 3 23 0 15 25 31 30 14 29 4 19
0 0 0 0 U
0 1 0 1 U
0 2 0 2 U
0 3 0 3 U
0 4 0 4 U
0 5 0 5 U
0 6 0 6 R
0 7 0 7 R
0 8 0 8 R
0 9 0 9 R
0 10 0 10 R
0 11 0 11 D
0 12 0 12 D
0 13 0 13 D
0 14 0 14 D
0 15 0 15 D
0 16 0 16 D
0 17 0 17 L
0 18 0 18 L
0 19 0 19 L
0 20 0 20 L
0 21 0 21 L
1 0 23 6 R
1 1 2 7 R
1 2 20 2 U
1 3 10 7 R
1 4 0 9 R
1 5 24 5 U
1 6 7 20 L
1 7 17 7 R
1 8 0 16 D
1 9 0 11 D
1 10 9 10 R
1 11 0 1 U
1 12 4 12 D
1 13 2 2 U
1 14 0 17 L
1 15 9 15 D
1 16 10 16 D
1 17 15 0 U
1 18 10 1 U
1 19 3 11 D
1 20 7 20 L
1 21 10 13 D
2 0 25 18 L
2 1 24 1 U
2 2 12 9 R
2 3 13 8 R
2 4 8 4 U
2 5 7 9 R
2 6 0 20 L
2 7 7 2 U
2 8 14 15 D
2 9 1 14 D
2 10 17 12 D
2 11 7 21 L
2 12 0 19 L
2 13 4 13 D
2 14 3 14 D
2 15 16 19 L
2 16 3 16 D
2 17 22 0 U
2 18 19 14 D
2 19 9 4 U
2 20 0 5 U
2 21 4 0 U
3 0 0 7 R
3 1 0 18 L
3 2 14 2 U
3 3 1 3 U
3 4 2 4 U
3 5 6 5 U
3 6 17 3 U
3 7 0 17 L
3 8 7 14 D
3 9 26 0 U
3 10 5 11 D
3 11 12 20 L
3 12 15 12 D
3 13 16 9 R
3 14 5 14 D
3 15 1 15 D
3 16 15 10 R
3 17 1 17 L
3 18 6 18 L
3 19 13 11 D
3 20 5 20 L
3 21 0 4 U
4 0 20 7 R
4 1 10 1 U
4 2 1 2 U
4 3 1 6 R
4 4 5 7 R
4 5 15 5 U
4 6 26 20 L
4 7 7 0 U
4 8 8 8 R
4 9 12 1 U
4 10 3 1 U
4 11 27 11 D
4 12 15 9 R
4 13 11 8 R
4 14 18 10 R
4 15 0 2 U
4 16 6 16 D
4 17 0 11 D
4 18 3 0 U
4 19 18 19 L
4 20 3 11 D
4 21 5 14 D
5 0 0 17 L
5 1 12 21 L
5 2 11 8 R
5 3 23 20 L
5 4 24 7 R
5 5 10 21 L
5 6 3 6 R
5 7 1 7 R
5 8 15 16 D
5 9 12 16 D
5 10 1 10 R
5 11 11 11 D
5 12 17 8 R
5 13 18 7 R
5 14 18 14 D
5 15 9 15 D
5 16 19 9 R
5 17 0 15 D
5 18 4 13 D
5 19 6 19 L
5 20 2 11 D
5 21 2 21 L
6 0 0 6 R
6 1 10 8 R
6 2 4 2 U
6 3 8 7 R
6 4 1 4 U
6 5 10 5 U
6 6 23 12 D
6 7 17 1 U
6 8 8 8 R
6 9 3 9 R
6 10 5 10 R
6 11 10 6 R
6 12 2 12 D
6 13 13 6 R
6 14 2 14 D
6 15 24 9 R
6 16 15 19 L
6 17 23 11 D
6 18 20 14 D
6 19 26 14 D
6 20 0 1 U
6 21 10 11 D
7 0 19 7 R
7 1 8 21 L
7 2 3 2 U
7 3 14 3 U
7 4 2 4 U
7 5 2 18 L
7 6 19 0 U
7 7 5 7 R
7 8 3 8 R
7 9 8 9 R
7 10 0 12 D
7 11 12 1 U
7 12 8 4 U
7 13 26 13 D
7 14 13 21 L
7 15 4 15 D
7 16 0 3 U
7 17 10 3 U
7 18 25 1 U
7 19 2 2 U
7 20 1 20 L
7 21 15 15 D
8 0 18 10 R
8 1 3 7 R
8 2 14 9 R
8 3 16 3 U
8 4 12 14 D
8 5 22 17 L
8 6 24 13 D
8 7 24 11 D
8 8 10 11 D
8 9 17 9 R
8 10 5 10 R
8 11 2 11 D
8 12 9 1 U
8 13 3 13 D
8 14 11 9 R
8 15 0 3 U
8 16 4 16 D
8 17 25 13 D
8 18 7 18 L
8 19 7 0 U
8 20 4 16 D
8 21 7 21 L
9 0 27 9 R
9 1 20 18 L
9 2 3 13 D
9 3 21 3 U
9 4 0 16 D
9 5 13 10 R
9 6 13 5 U
9 7 8 7 R
9 8 4 21 L
9 9 7 11 D
9 10 10 2 U
9 11 1 0 U
9 12 17 0 U
9 13 0 2 U
9 14 23 18 L
9 15 12 3 U
9 16 3 16 D
9 17 11 14 D
9 18 3 2 U
9 19 7 5 U
9 20 5 15 D
9 21 21 21 L
10 0 20 10 R
10 1 5 1 U
10 2 13 6 R
10 3 3 3 U
10 4 17 9 R
10 5 3 5 U
10 6 21 14 D
10 7 8 14 D
10 8 7 1 U
10 9 5 13 D
10 10 26 10 R
10 11 17 9 R
10 12 25 10 R
10 13 3 19 L
10 14 5 4 U
10 15 3 15 D
10 16 8 1 U
10 17 9 13 D
10 18 6 18 L
10 19 19 3 U
10 20 2 14 D
10 21 22 12 D
11 0 21 6 R
11 1 14 1 U
11 2 16 7 R
11 3 3 6 R
11 4 3 6 R
11 5 4 5 U
11 6 15 17 L
11 7 14 12 D
11 8 22 8 R
11 9 19 9 R
11 10 12 12 D
11 11 12 6 R
11 12 0 4 U
11 13 2 13 D
11 14 25 19 L
11 15 16 6 R
11 16 20 21 L
11 17 14 5 U
11 18 4 2 U
11 19 20 1 U
11 20 12 20 L
11 21 7 0 U
12 0 6 17 L
12 1 20 7 R
12 2 10 20 L
12 3 14 6 R
12 4 8 17 L
12 5 6 17 L
12 6 11 4 U
12 7 0 21 L
12 8 11 3 U
12 9 0 18 L
12 10 2 4 U
12 11 0 20 L
12 12 1 0 U
12 13 18 13 D
12 14 13 7 R
12 15 20 15 D
12 16 2 16 D
12 17 5 15 D
12 18 7 13 D
12 19 21 19 L
12 20 19 20 L
12 21 13 21 L
13 0 1 10 R
13 1 4 9 R
13 2 16 2 U
13 3 15 3 U
13 4 5 4 U
13 5 16 18 L
13 6 12 6 R
13 7 27 0 U
13 8 20 4 U
13 9 15 12 D
13 10 1 4 U
13 11 17 19 L
13 12 7 3 U
13 13 25 10 R
13 14 9 1 U
13 15 3 15 D
13 17 0 3 U
13 18 9 7 R
13 19 1 1 U
13 20 0 12 D
13 21 27 13 D
14 0 20 17 L
14 1 1 10 R
14 2 22 17 L
14 3 22 10 R
14 4 10 17 L
14 5 5 5 U
14 6 16 2 U
14 7 5 7 R
14 8 17 2 U
14 9 12 9 R
14 10 6 4 U
14 11 26 18 L
14 12 1 6 R
14 13 4 13 D
14 14 13 14 D
14 15 0 21 L
14 16 0 7 R
14 17 1 11 D
14 18 13 14 D
14 19 26 15 D
14 20 10 5 U
14 21 21 5 U
15 0 17 20 L
15 1 4 17 L
15 2 5 2 U
15 3 0 8 R
15 4 9 4 U
15 5 3 5 U
15 6 23 11 D
15 7 1 7 R
15 8 0 0 U
15 9 7 3 U
15 10 5 15 D
15 11 2 7 R
15 12 25 6 R
15 13 18 13 D
15 14 2 14 D
15 15 27 15 D
15 17 16 11 D
15 18 4 11 D
15 19 2 19 L
15 20 10 20 L
15 21 17 21 L
16 0 9 11 D
16 1 23 18 L
16 2 6 2 U
16 3 21 10 R
16 4 12 4 U
16 5 10 8 R
16 6 0 3 U
16 7 26 11 D
16 8 17 0 U
16 9 14 4 U
16 10 25 3 U
16 11 12 0 U
16 12 4 17 L
16 13 14 17 L
16 14 6 14 D
16 15 19 15 D
16 16 4 6 R
16 17 13 14 D
16 18 8 5 U
16 19 17 15 D
16 20 21 3 U
16 21 20 3 U
17 0 2 18 L
17 1 14 8 R
17 2 14 2 U
17 3 6 9 R
17 4 5 17 L
17 5 20 5 U
17 6 11 12 D
17 7 1 12 D
17 8 25 8 R
17 9 0 19 L
17 10 21 14 D
17 11 20 18 L
17 12 13 0 U
17 13 18 20 L
17 14 11 17 L
17 15 12 21 L
17 16 14 18 L
17 17 2 17 L
17 18 3 18 L
17 19 9 19 L
17 20 2 20 L
17 21 11 21 L
18 0 13 8 R
18 1 3 8 R
18 2 14 2 U
18 3 14 3 U
18 4 0 21 L
18 5 2 5 U
18 6 3 17 L
18 7 22 3 U
18 8 14 0 U
18 9 9 11 D
18 10 5 0 U
18 11 14 7 R
18 12 13 12 D
18 13 6 13 D
18 14 14 8 R
18 15 2 19 L
18 16 19 8 R
18 17 11 2 U
18 18 17 13 D
18 19 19 4 U
18 20 16 1 U
18 21 24 21 L
19 0 3 7 R
19 1 4 8 R
19 2 6 7 R
19 3 1 7 R
19 4 15 4 U
19 5 1 5 U
19 6 4 0 U
19 7 8 17 L
19 8 0 1 U
19 9 7 9 R
19 10 13 21 L
19 11 16 18 L
19 12 22 10 R
19 13 9 10 R
19 14 12 9 R
19 15 2 6 R
19 17 18 11 D
19 18 8 12 D
19 19 1 12 D
19 20 8 11 D
19 21 9 2 U
20 0 4 8 R
20 1 8 18 L
20 2 19 10 R
20 3 14 3 U
20 4 1 4 U
20 6 4 20 L
20 7 3 7 R
20 8 14 5 U
20 9 23 19 L
20 10 1 3 U
20 11 7 6 R
20 12 17 6 R
20 13 4 9 R
20 14 18 2 U
20 15 14 19 L
20 17 4 11 D
20 18 5 15 D
20 19 12 19 L
20 20 13 12 D
20 21 14 12 D
21 0 15 7 R
21 1 8 19 L
21 2 6 20 L
21 3 12 3 U
21 4 0 20 L
21 5 10 19 L
21 6 22 6 R
21 7 2 12 D
21 8 8 21 L
21 9 3 19 L
21 10 11 10 R
21 11 11 3 U
21 12 11 7 R
21 13 5 8 R
21 14 3 14 D
21 15 27 0 U
21 16 4 16 D
21 17 19 12 D
21 18 7 16 D
21 19 5 5 U
21 20 12 13 D
21 21 3 21 L
22 0 24 0 U
22 1 20 6 R
22 2 10 6 R
22 4 5 6 R
22 5 14 15 D
22 6 12 13 D
22 7 12 13 D
22 8 24 8 R
22 9 18 11 D
22 10 16 2 U
22 11 1 7 R
22 12 10 2 U
22 13 16 1 U
22 14 9 17 L
22 15 3 7 R
22 17 8 16 D
22 18 10 18 L
22 19 5 19 L
22 20 14 20 L
22 21 6 21 L
23 0 21 17 L
23 1 11 18 L
23 2 8 20 L
23 3 8 19 L
23 4 22 6 R
23 6 1 6 R
23 7 11 15 D
23 8 16 12 D
23 9 7 2 U
23 10 11 18 L
23 11 9 2 U
23 12 1 10 R
23 13 29 13 D
23 14 14 18 L
23 15 4 15 D
23 17 6 6 R
23 18 6 1 U
23 19 22 14 D
23 20 4 12 D
23 21 16 4 U
24 0 3 19 L
24 1 10 6 R
24 2 23 19 L
24 3 3 12 D
24 4 22 18 L
24 6 9 6 R
24 7 21 19 L
24 8 17 13 D
24 9 1 9 R
24 10 0 20 L
24 11 0 5 U
24 13 16 13 D
24 14 0 7 R
24 15 10 10 R
24 18 18 4 U
24 19 2 15 D
24 20 28 14 D
24 21 13 21 L
25 0 24 19 L
25 1 19 9 R
25 2 2 2 U
25 4 1 4 U
25 5 24 13 D
25 6 18 19 L
25 7 15 7 R
25 8 21 8 R
25 9 28 0 U
25 10 12 10 R
25 11 0 8 R
25 12 7 17 L
25 13 27 8 R
25 14 18 6 R
25 18 0 0 U
25 19 17 2 U
25 20 15 3 U
25 21 26 21 L
26 1 28 20 L
26 2 12 2 U
26 3 12 3 U
26 4 22 16 D
26 6 18 6 R
26 7 18 18 L
26 8 3 3 U
26 9 19 4 U
26 10 5 1 U
26 11 22 20 L
26 12 27 18 L
26 13 2 19 L
26 14 5 10 R
26 17 2 15 D
26 18 25 18 L
26 19 1 19 L
26 21 11 21 L
27 1 28 1 U
27 2 8 2 U
27 3 3 10 R
27 4 4 4 U
27 6 7 1 U
27 7 12 17 L
27 8 1 8 R
27 10 5 2 U
27 11 16 20 L
27 14 25 14 D
27 18 0 14 D
27 19 5 19 L
27 20 18 14 D
27 21 21 4 U
28 1 25 13 D
28 2 21 19 L
28 4 10 8 R
28 8 10 15 D
28 10 16 14 D
28 11 13 17 L
28 14 2 14 D
28 18 7 12 D
29 2 12 2 U
29 4 14 4 U
29 8 17 21 L
29 10 30 12 D
29 11 23 10 R
30 4 3 17 L
30 8 15 8 R
31 8 26 8 R

