37 39 1231
10 20 25 11 16 9 5 33 21 2 18 21 29 8 0 10 8
10 31 21 25 2 1 20 2 15 32 16 0 4 2 27 0 9
29 0 18 0 33 7 18 27 0 0 32 33 4 0 31 4 12
30 27 0 32 36 30 13 14 19 12 0 15 0 32 0 10 18
0 26 33 0 36 0 6 0 0 5 0 11 0 4 0 25 28
6 0 0 26 31 29 0 0 0 32 13 12 8 9 0 33 9
0 1 25 0 30 1 32 4 28 0 31 13 0 0 12 11 13
19 0 22 0 29 35 30 29 0 0 15 27 1 4 3 4 26
21 6 9 1 3 29 33 1 30 3 0 7 0 0 30 0 19
26 2 0 35 0 27 9 0 0 0 0 31 31 7 13 5 1
0 21 0 31 0 0 32 0 0 26 15 33 35 34 0 20 24
0 20 3 0 0 4 15 0 9 24 27 19 15 0 16 0 14
0 19 32 23 0 0 0 0 1 30 0 29 13 0 3 26 0
0 0 0 26 0 32 16 31 30 26 9 25 19 6 0 15 0
0 0 32 30 17 0 33 9 0 35 0 31 17 14 0 10 0
0 0 31 0 5 30 21 18 23 0 0 0 0 25 0 24 5
27 12 1 19 0 29 14 0 1 27 34 28 5 23 29 20 13
0 0 0 0 L
0 1 0 1 L
0 2 0 2 L
0 3 0 3 L
0 4 0 4 L
0 5 0 5 L
0 6 0 6 L
0 7 0 7 L
0 8 0 8 L
0 9 0 9 L
0 10 0 10 R
0 11 0 11 R
0 12 0 12 R
0 13 0 13 R
0 14 0 14 R
0 15 0 15 R
0 16 0 16 R
0 17 0 17 R
0 18 0 18 R
0 19 0 19 R
0 20 0 20 D
0 21 0 21 D
0 22 0 22 D
0 23 0 23 D
0 24 0 24 D
0 25 0 25 D
0 26 0 26 D
0 27 0 27 D
0 28 0 28 D
0 29 0 29 D
0 30 0 30 U
0 31 0 31 U
0 32 0 32 U
0 33 0 33 U
0 34 0 34 U
0 35 0 35 U
0 36 0 36 U
0 37 0 37 U
0 38 0 38 U
1 0 14 38 U
1 1 0 31 U
1 2 5 34 U
1 3 3 32 U
1 4 22 23 D
1 5 18 30 U
1 6 16 6 L
1 7 12 31 U
1 8 6 25 D
1 9 10 22 D
1 10 0 31 U
1 11 0 32 U
1 12 11 20 D
1 13 4 33 U
1 14 10 14 R
1 15 2 15 R
1 16 24 38 U
1 17 3 17 R
1 18 10 18 R
1 19 4 19 R
1 20 0 11 R
1 21 23 14 R
1 22 0 38 U
1 23 2 23 D
1 24 3 24 D
1 25 14 25 D
1 26 28 32 U
1 27 4 27 D
1 28 21 7 L
1 29 13 29 D
1 30 3 4 L
1 31 26 0 L
1 32 0 16 R
1 33 5 33 U
1 34 7 34 U
1 35 7 1 L
1 36 3 11 R
1 37 13 37 U
1 38 5 17 R
2 0 1 0 L
2 1 1 20 D
2 2 1 33 U
2 3 7 3 L
2 4 17 4 L
2 5 21 27 D
2 6 8 6 L
2 7 21 28 D
2 8 18 8 L
2 9 11 36 U
2 10 16 30 U
2 11 5 27 D
2 12 1 23 D
2 13 8 13 R
2 14 10 14 R
2 15 4 23 D
2 16 5 16 R
2 17 7 17 R
2 18 19 18 R
2 19 15 33 U
2 20 12 6 L
2 21 0 1 L
2 22 3 22 D
2 23 4 23 D
2 24 6 24 D
2 25 5 25 D
2 26 7 26 D
2 27 6 27 D
2 28 3 1 L
2 29 19 13 R
2 30 0 9 L
2 31 30 1 L
2 32 15 0 L
2 33 4 2 L
2 34 18 34 U
2 35 7 2 L
2 36 6 36 U
2 37 11 37 U
2 38 18 15 R
3 0 11 26 D
3 1 27 36 U
3 2 29 20 D
3 3 5 3 L
3 4 6 30 U
3 5 1 5 L
3 6 5 6 L
3 7 2 7 L
3 8 6 8 L
3 9 5 9 L
3 10 5 31 U
3 11 22 22 D
3 12 7 30 U
3 13 1 2 L
3 14 9 14 R
3 15 10 15 R
3 16 11 31 U
3 17 6 17 R
3 18 8 18 R
3 19 1 19 R
3 20 27 20 D
3 21 0 30 U
3 22 5 22 D
3 23 10 13 R
3 24 8 10 R
3 25 23 15 R
3 26 22 26 D
3 27 23 35 U
3 28 6 17 R
3 29 12 17 R
3 30 20 9 L
3 31 6 11 R
3 32 5 1 L
3 33 12 33 U
3 34 22 34 U
3 35 19 35 U
3 36 6 36 U
3 37 8 37 U
3 38 6 3 L
4 0 20 16 R
4 1 19 33 U
4 2 19 30 U
4 3 22 38 U
4 4 8 4 L
4 5 14 5 L
4 6 27 29 D
4 7 10 7 L
4 8 2 8 L
4 9 2 9 L
4 10 2 31 U
4 11 0 3 L
4 12 12 38 U
4 13 26 29 D
4 14 5 14 R
4 15 27 37 U
4 16 8 25 D
4 17 3 28 D
4 18 7 27 D
4 19 20 19 R
4 20 1 20 D
4 21 24 2 L
4 22 11 10 R
4 23 11 3 L
4 24 19 24 D
4 25 9 2 L
4 26 9 26 D
4 27 2 27 D
4 28 19 28 D
4 29 28 3 L
4 30 28 6 L
4 31 6 31 U
4 32 6 32 U
4 33 12 7 L
4 34 2 2 L
4 35 1 35 U
4 36 7 8 L
4 37 0 28 D
4 38 0 11 R
5 0 23 33 U
5 1 10 1 L
5 2 9 2 L
5 3 14 24 D
5 4 6 4 L
5 5 27 19 R
5 6 10 24 D
5 7 21 27 D
5 8 6 35 U
5 9 6 36 U
5 10 8 1 L
5 11 0 0 L
5 12 9 21 D
5 13 15 21 D
5 14 0 31 U
5 15 3 15 R
5 16 0 2 L
5 17 3 17 R
5 18 2 26 D
5 19 30 26 D
5 20 0 10 R
5 21 4 19 R
5 22 17 22 D
5 23 4 23 D
5 24 0 37 U
5 25 4 2 L
5 26 15 26 D
5 27 3 27 D
5 28 0 36 U
5 29 1 29 D
5 30 25 1 L
5 31 14 0 L
5 32 2 7 L
5 33 0 13 R
5 34 0 5 L
5 35 19 35 U
5 36 1 36 U
5 37 16 1 L
5 38 1 38 U
6 0 0 10 R
6 1 29 25 D
6 2 0 35 U
6 3 23 30 U
6 4 22 4 L
6 5 1 5 L
6 6 15 21 D
6 7 0 37 U
6 8 29 30 U
6 9 18 24 D
6 10 26 10 R
6 11 9 21 D
6 12 4 12 R
6 13 27 22 D
6 14 5 20 D
6 15 12 15 R
6 16 26 23 D
6 17 21 17 R
6 18 3 18 R
6 19 1 19 R
6 20 12 4 L
6 21 26 12 R
6 22 3 19 R
6 23 24 23 D
6 24 1 24 D
6 25 7 9 L
6 26 4 26 D
6 27 14 27 D
6 28 11 28 D
6 29 12 29 D
6 30 0 21 D
6 31 12 14 R
6 32 1 32 U
6 33 13 33 U
6 34 11 15 R
6 35 4 35 U
6 36 5 36 U
6 37 14 37 U
6 38 4 38 U
7 0 0 30 U
7 1 2 31 U
7 2 21 21 D
7 3 22 3 L
7 4 3 21 D
7 5 9 5 L
7 6 2 6 L
7 7 5 7 L
7 8 14 27 D
7 9 11 9 L
7 10 13 21 D
7 11 23 11 R
7 12 19 12 R
7 13 27 23 D
7 14 1 35 U
7 15 0 6 L
7 16 3 16 R
7 17 2 17 R
7 18 20 32 U
7 19 4 23 D
7 20 2 0 L
7 21 3 14 R
7 22 2 22 D
7 23 10 5 L
7 24 26 16 R
7 25 24 13 R
7 26 6 26 D
7 27 15 2 L
7 28 2 28 D
7 29 22 11 R
7 30 1 10 R
7 31 0 0 L
7 32 5 32 U
7 33 29 1 L
7 34 16 6 L
7 35 23 0 L
7 36 22 4 L
7 37 2 6 L
7 38 0 0 L
8 0 18 27 D
8 1 2 25 D
8 2 0 22 D
8 3 28 20 D
8 4 0 26 D
8 5 1 5 L
8 6 22 23 D
8 7 1 7 L
8 8 1 8 L
8 9 5 22 D
8 10 7 23 D
8 11 1 26 D
8 12 7 27 D
8 13 4 13 R
8 14 0 32 U
8 15 21 21 D
8 16 3 16 R
8 17 21 28 D
8 18 4 29 D
8 19 1 19 R
8 20 0 31 U
8 21 11 21 D
8 22 13 13 R
8 23 30 11 R
8 24 13 15 R
8 25 3 25 D
8 26 13 26 D
8 27 4 1 L
8 28 10 5 L
8 29 3 29 D
8 30 0 20 D
8 31 1 5 L
8 32 11 16 R
8 33 9 33 U
8 34 6 23 D
8 35 6 35 U
8 36 7 18 R
8 37 20 37 U
8 38 6 38 U
9 0 0 20 D
9 1 27 13 R
9 2 0 33 U
9 3 13 29 D
9 4 7 4 L
9 5 3 5 L
9 6 16 31 U
9 7 8 34 U
9 8 23 38 U
9 9 4 9 L
9 10 0 21 D
9 11 0 20 D
9 12 24 12 R
9 13 16 13 R
9 14 8 21 D
9 15 24 34 U
9 16 0 20 D
9 17 0 25 D
9 18 1 18 R
9 19 12 19 R
9 20 10 3 L
9 21 11 21 D
9 22 10 1 L
9 23 2 23 D
9 24 7 31 U
9 25 8 16 R
9 26 2 26 D
9 27 0 2 L
9 28 3 28 D
9 29 0 36 U
9 30 17 30 U
9 31 6 2 L
9 32 0 1 L
9 33 15 33 U
9 34 1 7 L
9 35 1 35 U
9 36 12 19 R
9 37 5 37 U
9 38 7 38 U
10 0 3 37 U
10 1 2 1 L
10 2 26 22 D
10 3 2 3 L
10 4 2 4 L
10 5 3 5 L
10 6 24 26 D
10 7 12 7 L
10 8 11 8 L
10 9 1 36 U
10 10 4 33 U
10 11 8 11 R
10 12 0 30 U
10 13 0 4 L
10 14 31 25 D
10 15 1 15 R
10 16 26 35 U
10 17 2 17 R
10 18 23 36 U
10 19 3 19 R
10 20 0 34 U
10 21 2 10 R
10 22 1 18 R
10 23 5 13 R
10 24 4 5 L
10 25 4 3 L
10 26 20 0 L
10 27 12 27 D
10 28 6 28 D
10 29 6 33 U
10 30 24 11 R
10 31 0 10 R
10 32 0 28 D
10 33 0 23 D
10 34 20 12 R
10 35 26 35 U
10 36 18 18 R
10 37 1 15 R
10 38 0 13 R
11 0 33 29 D
11 1 1 32 U
11 2 1 15 R
11 3 0 30 U
11 4 23 32 U
11 5 1 31 U
11 6 5 6 L
11 7 4 7 L
11 8 25 8 L
11 9 1 24 D
11 10 22 25 D
11 11 0 27 D
11 12 0 22 D
11 13 0 26 D
11 14 6 14 R
11 15 0 34 U
11 16 2 16 R
11 17 2 25 D
11 18 6 37 U
11 19 31 35 U
11 20 6 13 R
11 21 18 33 U
11 22 20 11 R
11 23 4 23 D
11 24 0 9 L
11 25 6 7 L
11 26 6 18 R
11 27 0 13 R
11 28 0 10 R
11 29 0 9 L
11 30 0 3 L
11 31 23 5 L
11 32 20 17 R
11 33 23 11 R
11 34 21 10 R
11 35 10 12 R
11 36 5 9 L
11 37 18 3 L
11 38 0 15 R
12 0 26 31 U
12 1 0 12 R
12 2 33 14 R
12 3 31 16 R
12 4 27 34 U
12 5 27 21 D
12 6 9 6 L
12 7 29 7 L
12 8 2 12 R
12 9 20 38 U
12 10 29 31 U
12 11 3 1 L
12 12 13 32 U
12 13 3 13 R
12 14 19 33 U
12 15 0 25 D
12 16 34 20 D
12 17 0 21 D
12 18 11 31 U
12 19 0 24 D
12 20 0 4 L
12 21 26 11 R
12 22 4 22 D
12 23 19 14 R
12 24 21 35 U
12 25 3 25 D
12 26 6 26 D
12 27 5 11 R
12 28 5 13 R
12 30 15 10 R
12 31 28 11 R
12 32 15 32 U
12 33 1 33 U
12 34 35 34 U
12 35 9 35 U
12 36 3 36 U
12 37 2 26 D
12 38 14 38 U
13 0 0 32 U
13 1 1 31 U
13 2 3 33 U
13 3 19 36 U
13 4 0 14 R
13 5 0 14 R
13 6 27 34 U
13 7 29 36 U
13 8 20 8 L
13 9 2 9 L
13 10 12 37 U
13 11 15 0 L
13 12 18 35 U
13 13 26 13 R
13 14 5 22 D
13 15 2 15 R
13 16 0 34 U
13 17 23 17 R
13 18 18 25 D
13 19 22 20 D
13 20 1 18 R
13 21 19 6 L
13 22 8 15 R
13 23 23 4 L
13 24 0 12 R
13 25 26 4 L
13 26 1 26 D
13 27 1 11 R
13 28 6 28 D
13 30 15 30 U
13 31 6 18 R
13 32 28 32 U
13 33 1 33 U
13 34 14 14 R
13 35 1 35 U
13 36 22 36 U
13 37 1 37 U
13 38 3 6 L
14 0 22 20 D
14 1 24 20 D
14 2 5 29 D
14 3 6 38 U
14 4 9 30 U
14 5 0 21 D
14 6 23 36 U
14 7 12 7 L
14 8 4 27 D
14 9 28 34 U
14 10 31 0 L
14 11 12 0 L
14 12 3 21 D
14 13 11 25 D
14 14 5 23 D
14 15 30 15 R
14 16 10 32 U
14 17 2 30 U
14 18 4 18 R
14 19 2 22 D
14 20 0 33 U
14 21 6 21 D
14 22 4 12 R
14 23 20 23 D
14 24 13 24 D
14 25 26 10 R
14 26 12 26 D
14 27 28 10 R
14 28 10 9 L
14 29 12 6 L
14 30 9 0 L
14 31 16 15 R
14 32 25 13 R
14 33 5 33 U
14 34 5 10 R
14 35 0 20 D
14 36 2 36 U
14 37 6 37 U
14 38 6 38 U
15 0 28 30 U
15 1 22 10 R
15 2 6 25 D
15 3 0 11 R
15 4 16 22 D
15 5 13 23 D
15 6 6 6 L
15 7 3 7 L
15 8 7 21 D
15 9 22 33 U
15 10 1 20 D
15 11 2 11 R
15 12 0 24 D
15 13 0 23 D
15 14 6 27 D
15 15 5 15 R
15 16 1 16 R
15 17 7 38 U
15 18 2 18 R
15 19 24 19 R
15 20 9 12 R
15 21 33 21 D
15 22 7 22 D
15 23 21 2 L
15 24 16 9 L
15 25 16 7 L
15 26 19 26 D
15 27 11 27 D
15 28 16 36 U
15 30 4 0 L
15 31 11 10 R
15 32 16 10 R
15 33 4 12 R
15 34 6 34 U
15 35 14 12 R
15 36 6 12 R
15 37 6 37 U
15 38 9 11 R
16 0 28 33 U
16 1 9 27 D
16 2 1 2 L
16 3 0 12 R
16 4 11 4 L
16 5 26 35 U
16 6 1 6 L
16 7 6 35 U
16 8 29 8 L
16 10 3 28 D
16 11 14 11 R
16 12 13 33 U
16 13 12 30 U
16 14 1 14 R
16 15 17 31 U
16 16 20 16 R
16 17 7 17 R
16 18 7 18 R
16 19 14 23 D
16 20 20 6 L
16 21 0 0 L
16 22 0 9 L
16 23 21 23 D
16 24 0 32 U
16 25 20 4 L
16 26 27 7 L
16 27 19 27 D
16 28 6 28 D
16 29 6 29 D
16 30 20 5 L
16 31 21 10 R
16 32 4 16 R
16 33 7 0 L
16 34 9 34 U
16 35 17 12 R
16 36 4 17 R
16 37 14 16 R
16 38 8 16 R
17 0 10 20 D
17 1 8 32 U
17 2 28 28 D
17 3 4 3 L
17 4 9 4 L
17 5 19 5 L
17 6 16 6 L
17 7 13 7 L
17 8 3 8 L
17 10 0 28 D
17 11 4 11 R
17 12 27 12 R
17 13 0 1 L
17 14 28 21 D
17 15 1 15 R
17 16 35 36 U
17 17 16 34 U
17 18 0 9 L
17 19 0 20 D
17 20 14 0 L
17 21 1 21 D
17 22 16 3 L
17 23 0 2 L
17 24 1 3 L
17 25 8 30 U
17 26 9 15 R
17 27 2 27 D
17 28 6 28 D
17 30 9 3 L
17 31 10 14 R
17 32 26 6 L
17 33 19 3 L
17 34 6 34 U
17 35 4 8 L
17 36 13 22 D
17 37 4 37 U
17 38 15 38 U
18 0 6 30 U
18 2 15 23 D
18 3 5 30 U
18 4 4 11 R
18 5 16 28 D
18 6 5 26 D
18 7 28 23 D
18 8 5 8 L
18 10 1 32 U
18 11 16 36 U
18 12 25 28 D
18 13 9 13 R
18 14 4 14 R
18 15 16 15 R
18 16 29 16 R
18 17 21 33 U
18 18 4 21 D
18 19 2 29 D
18 20 7 11 R
18 21 26 13 R
18 22 27 36 U
18 23 25 35 U
18 24 16 7 L
18 25 13 25 D
18 26 25 18 R
18 27 3 27 D
18 28 15 28 D
18 29 5 29 D
18 30 22 0 L
18 31 8 31 U
18 32 0 19 R
18 33 0 14 R
18 34 31 34 U
18 35 4 10 R
18 36 27 3 L
18 37 26 24 D
18 38 5 38 U
19 0 33 38 U
19 1 5 37 U
19 2 23 13 R
19 3 10 33 U
19 4 0 38 U
19 5 26 38 U
19 6 2 6 L
19 7 17 7 L
19 8 30 33 U
19 9 3 9 L
19 10 4 35 U
19 11 1 34 U
19 12 17 31 U
19 13 22 34 U
19 14 2 14 R
19 15 21 32 U
19 16 6 16 R
19 17 2 17 R
19 18 4 23 D
19 19 1 19 R
19 20 0 3 L
19 21 0 6 L
19 22 27 17 R
19 23 0 8 L
19 24 12 24 D
19 25 9 25 D
19 26 12 26 D
19 27 30 27 D
19 28 20 28 D
19 30 2 2 L
19 31 2 2 L
19 32 22 8 L
19 33 5 2 L
19 34 16 13 R
19 35 6 17 R
19 36 0 14 R
19 37 17 5 L
19 38 7 38 U
20 0 17 22 D
20 1 29 1 L
20 2 6 24 D
20 3 5 37 U
20 4 0 31 U
20 5 18 5 L
20 6 9 6 L
20 7 6 38 U
20 8 26 8 L
20 10 0 25 D
20 11 14 37 U
20 12 16 22 D
20 13 6 13 R
20 14 24 20 D
20 16 8 16 R
20 17 30 24 D
20 18 0 7 L
20 19 0 38 U
20 20 8 12 R
20 21 15 3 L
20 22 17 6 L
20 23 22 17 R
20 24 12 24 D
20 25 21 25 D
20 26 22 1 L
20 27 10 6 L
20 28 12 32 U
20 30 0 2 L
20 31 11 8 L
20 32 18 8 L
20 33 10 10 R
20 34 18 34 U
20 35 22 18 R
20 36 11 36 U
20 37 4 5 L
20 38 0 12 R
21 0 15 24 D
21 1 25 23 D
21 2 20 27 D
21 3 8 3 L
21 4 0 29 D
21 5 26 24 D
21 6 28 20 D
21 8 4 8 L
21 10 9 20 D
21 11 23 30 U
21 12 11 26 D
21 13 11 28 D
21 14 11 5 L
21 15 28 27 D
21 16 1 16 R
21 17 0 1 L
21 18 23 18 R
21 19 8 19 R
21 20 22 14 R
21 21 3 21 D
21 22 15 34 U
21 23 0 14 R
21 24 4 24 D
21 25 5 25 D
21 26 7 5 L
21 27 0 35 U
21 28 3 4 L
21 29 0 14 R
21 30 30 15 R
21 31 24 12 R
21 32 10 17 R
21 33 5 18 R
21 34 1 34 U
21 35 24 16 R
21 36 31 1 L
21 37 26 2 L
21 38 25 6 L
22 1 12 30 U
22 2 12 33 U
22 3 6 3 L
22 4 14 30 U
22 5 12 34 U
22 6 3 33 U
22 8 20 25 D
22 10 4 20 D
22 11 32 20 D
22 12 29 37 U
22 13 1 4 L
22 14 2 34 U
22 15 25 25 D
22 16 4 22 D
22 17 12 21 D
22 18 4 18 R
22 19 8 19 R
22 20 9 20 D
22 21 1 33 U
22 22 15 22 D
22 23 24 17 R
22 24 30 17 R
22 25 1 25 D
22 26 3 13 R
22 27 3 13 R
22 28 18 28 D
22 30 18 21 D
22 31 26 15 R
22 32 1 27 D
22 33 9 33 U
22 34 6 34 U
22 35 20 9 L
22 36 14 36 U
22 37 30 8 L
22 38 13 5 L
23 0 0 25 D
23 1 7 34 U
23 2 25 35 U
23 3 10 37 U
23 4 16 21 D
23 5 21 32 U
23 6 28 6 L
23 7 14 24 D
23 8 20 23 D
23 9 12 9 L
23 10 17 27 D
23 11 3 28 D
23 12 25 37 U
23 13 1 13 R
23 14 0 35 U
23 15 9 38 U
23 16 2 22 D
23 17 14 22 D
23 18 27 23 D
23 19 1 19 R
23 20 18 31 U
23 21 0 17 R
23 22 1 22 D
23 23 6 15 R
23 24 29 18 R
23 25 16 34 U
23 26 17 4 L
23 27 1 27 D
23 28 13 28 D
23 30 14 30 U
23 31 10 31 U
23 32 1 32 U
23 33 17 5 L
23 34 5 34 U
23 35 24 2 L
23 36 1 36 U
23 37 26 0 L
23 38 28 38 U
24 0 29 21 D
24 1 12 34 U
24 2 4 24 D
24 3 28 28 D
24 4 2 4 L
24 5 32 5 L
24 6 4 6 L
24 7 35 37 U
24 8 29 19 R
24 10 19 28 D
24 11 6 36 U
24 12 7 6 L
24 13 1 13 R
24 14 2 25 D
24 16 20 16 R
24 17 13 17 R
24 18 16 24 D
24 19 12 19 R
24 20 23 34 U
24 21 1 2 L
24 22 12 18 R
24 23 19 5 L
24 24 2 24 D
24 25 14 12 R
24 26 6 26 D
24 27 18 15 R
24 28 22 6 L
24 30 31 12 R
24 31 25 16 R
24 32 0 8 L
24 33 25 12 R
24 34 21 11 R
24 35 12 35 U
24 36 4 36 U
24 37 23 15 R
24 38 21 19 R
25 0 21 0 L
25 1 28 22 D
25 2 16 36 U
25 3 30 3 L
25 4 0 23 D
25 5 12 33 U
25 6 4 22 D
25 7 11 24 D
25 8 4 8 L
25 9 6 26 D
25 10 11 32 U
25 11 28 24 D
25 12 6 36 U
25 13 8 13 R
25 14 2 14 R
25 15 9 30 U
25 16 26 37 U
25 17 7 1 L
25 18 19 18 R
25 19 0 31 U
25 20 23 30 U
25 21 32 1 L
25 22 28 14 R
25 23 32 16 R
25 24 4 4 L
25 25 3 13 R
25 26 27 37 U
25 27 5 3 L
25 28 18 4 L
25 30 0 7 L
25 31 15 10 R
25 32 3 1 L
25 33 3 2 L
25 34 20 25 D
25 35 29 1 L
25 36 9 11 R
25 37 1 5 L
25 38 9 3 L
26 2 21 2 L
26 3 1 24 D
26 4 17 21 D
26 5 2 5 L
26 6 8 34 U
26 7 13 33 U
26 8 1 8 L
26 9 19 20 D
26 10 9 24 D
26 11 12 28 D
26 12 6 38 U
26 13 21 26 D
26 14 1 4 L
26 15 11 7 L
26 16 24 16 R
26 17 1 34 U
26 18 12 18 R
26 19 12 0 L
26 20 1 36 U
26 21 5 11 R
26 22 23 16 R
26 23 20 15 R
26 24 19 13 R
26 25 7 19 R
26 26 17 2 L
26 27 13 14 R
26 28 31 1 L
26 29 8 10 R
26 30 0 11 R
26 32 23 3 L
26 33 2 1 L
26 34 18 18 R
26 35 2 15 R
26 36 29 6 L
26 37 0 11 R
26 38 17 8 L
27 2 8 32 U
27 3 10 3 L
27 4 31 27 D
27 5 8 5 L
27 6 7 6 L
27 7 13 32 U
27 8 22 35 U
27 10 4 25 D
27 11 2 11 R
27 12 14 37 U
27 13 9 22 D
27 14 30 35 U
27 15 9 15 R
27 16 3 16 R
27 17 3 17 R
27 18 25 18 R
27 19 4 19 R
27 20 18 10 R
27 21 25 31 U
27 23 17 10 R
27 24 29 2 L
27 25 10 12 R
27 26 18 8 L
27 27 18 27 D
27 28 19 16 R
27 30 2 10 R
27 31 1 11 R
27 32 32 3 L
27 33 21 19 R
27 34 18 1 L
27 35 3 4 L
27 36 6 17 R
27 37 6 37 U
27 38 7 12 R
28 2 14 32 U
28 3 1 3 L
28 4 29 28 D
28 6 2 6 L
28 7 24 23 D
28 8 3 8 L
28 10 29 2 L
28 11 5 11 R
28 12 11 22 D
28 13 18 25 D
28 14 22 37 U
28 16 13 26 D
28 17 0 7 L
28 18 13 21 D
28 19 8 19 R
28 20 12 10 R
28 21 25 19 R
28 23 1 23 D
28 24 13 12 R
28 25 15 25 D
28 26 9 26 D
28 27 4 8 L
28 28 20 17 R
28 30 31 14 R
28 31 5 20 D
28 32 7 32 U
28 33 31 0 L
28 34 8 34 U
28 35 11 18 R
28 36 17 15 R
28 37 2 10 R
28 38 32 11 R
29 1 7 1 L
29 2 15 20 D
29 3 0 38 U
29 4 2 4 L
29 6 6 6 L
29 7 4 7 L
29 8 5 31 U
29 9 2 9 L
29 10 16 36 U
29 11 25 21 D
29 12 2 12 R
29 13 8 30 U
29 14 27 14 R
29 16 23 24 D
29 17 26 31 U
29 18 20 8 L
29 19 3 19 R
29 20 5 17 R
29 21 16 0 L
29 23 0 19 R
29 24 33 12 R
29 25 33 25 D
29 26 2 26 D
29 27 25 38 U
29 31 4 3 L
29 33 1 33 U
29 34 6 34 U
29 35 25 15 R
29 36 4 16 R
29 37 0 4 L
29 38 0 28 D
30 0 15 32 U
30 1 5 35 U
30 2 20 12 R
30 3 9 25 D
30 4 28 20 D
30 6 29 22 D
30 10 4 10 R
30 11 28 35 U
30 12 34 24 D
30 13 11 13 R
30 14 4 22 D
30 16 4 16 R
30 17 17 24 D
30 18 13 18 R
30 19 6 19 R
30 20 27 20 D
30 21 2 21 D
30 22 19 13 R
30 23 6 16 R
30 25 24 14 R
30 26 3 26 D
30 27 6 27 D
30 28 24 14 R
30 31 25 12 R
30 33 26 33 U
30 34 14 9 L
30 35 9 35 U
30 36 16 2 L
30 37 0 13 R
30 38 25 38 U
31 2 24 24 D
31 3 11 33 U
31 4 30 15 R
31 6 11 6 L
31 8 6 8 L
31 9 6 25 D
31 10 30 8 L
31 11 7 33 U
31 12 25 34 U
31 13 1 8 L
31 14 6 31 U
31 15 8 15 R
31 16 2 16 R
31 17 5 17 R
31 19 3 19 R
31 20 7 31 U
31 23 17 8 L
31 25 32 25 D
31 26 9 3 L
31 27 30 27 D
31 33 21 0 L
31 34 30 17 R
31 36 30 2 L
31 37 14 18 R
31 38 7 11 R
32 2 18 2 L
32 3 12 26 D
32 4 33 26 D
32 6 2 21 D
32 12 34 26 D
32 13 23 31 U
32 14 30 14 R
32 16 6 16 R
32 19 2 19 R
32 20 30 20 D
32 23 23 23 D
32 25 13 25 D
32 26 7 26 D
32 27 19 7 L
32 31 3 1 L
32 32 6 32 U
32 33 28 2 L
32 34 1 28 D
32 36 7 11 R
32 37 22 4 L
33 2 24 35 U
33 3 14 26 D
33 6 11 6 L
33 8 34 34 U
33 10 32 26 D
33 13 14 30 U
33 19 1 19 R
33 20 25 13 R
33 23 3 18 R
33 25 2 25 D
33 26 2 35 U
33 33 21 13 R
33 34 0 15 R
33 36 15 36 U
34 6 11 6 L
34 13 31 22 D
34 20 0 5 L
34 23 6 23 D
34 25 21 10 R
34 26 31 1 L
34 33 23 8 L
34 34 10 5 L
34 36 33 8 L
35 6 4 6 L
35 13 0 38 U
35 23 15 19 R
35 25 7 25 D
35 26 34 31 U
35 33 3 33 U
35 34 22 16 R
36 25 27 2 L
36 26 32 3 L

