18 15 231
0 10 10 1 6 14 17 10 0 4
10 0 11 0 0 11 0 14 0 3
4 7 15 2 11 0 5 0 15 2
0 0 0 0 0 0 0 1 0 0
14 14 1 16 0 0 15 1 0 7
16 0 10 13 15 4 7 0 16 8
0 0 0 1 0 0 0 0 11 0
9 17 0 0 14 2 12 11 0 16
2 15 15 3 0 7 0 0 12 0
13 0 12 0 5 0 10 0 15 13
0 0 0 0 L
0 1 0 1 L
0 2 0 2 L
0 3 0 3 R
0 4 0 4 R
0 5 0 5 R
0 6 0 6 R
0 7 0 7 D
0 8 0 8 D
0 9 0 9 D
0 10 0 10 D
0 11 0 11 U
0 12 0 12 U
0 13 0 13 U
0 14 0 14 U
1 0 3 7 D
1 1 7 7 D
1 2 0 5 R
1 3 6 13 U
1 4 9 4 R
1 5 0 1 L
1 6 3 13 U
1 7 2 0 L
1 8 12 8 D
1 9 4 9 D
1 10 12 2 L
1 11 9 3 R
1 12 0 4 R
1 13 2 13 U
1 14 9 6 R
2 0 0 4 R
2 1 1 7 D
2 2 1 7 D
2 3 5 11 U
2 4 5 10 D
2 5 4 5 R
2 6 13 6 R
2 7 0 5 R
2 8 4 6 R
2 9 6 9 D
2 10 3 10 D
2 11 6 8 D
2 12 3 12 U
2 13 1 13 U
2 14 10 8 D
3 0 6 3 R
3 1 0 9 D
3 2 12 2 L
3 3 4 7 D
3 4 0 14 U
3 5 9 8 D
3 7 11 0 L
3 8 0 12 U
3 9 13 1 L
3 10 7 10 D
3 11 0 8 D
3 12 6 1 L
3 13 1 5 R
3 14 2 14 U
4 0 10 0 L
4 1 0 8 D
4 2 8 13 U
4 3 7 9 D
4 4 0 7 D
4 5 7 5 R
4 6 8 13 U
4 7 10 11 U
4 8 8 0 L
4 9 2 9 D
4 10 0 4 R
4 11 2 3 R
4 12 5 5 R
4 13 5 13 U
4 14 0 5 R
5 0 1 11 U
5 1 9 10 D
5 2 11 2 L
5 3 7 3 R
5 4 10 0 L
5 5 7 14 U
5 6 1 6 R
5 7 7 1 L
5 8 2 8 D
5 9 3 13 U
5 10 3 10 D
5 11 0 3 R
5 12 3 1 L
5 13 0 10 D
5 14 1 14 U
6 0 0 12 U
6 1 10 9 D
6 2 12 12 U
6 3 8 11 U
6 4 4 12 U
6 5 8 11 U
6 6 0 10 D
6 7 14 13 U
6 8 0 0 L
6 9 4 0 L
6 10 12 10 D
6 11 0 7 D
6 12 3 6 R
6 13 8 13 U
6 14 9 2 L
7 0 10 0 L
7 1 5 1 L
7 2 2 2 L
7 3 0 11 U
7 4 10 14 U
7 5 12 5 R
7 6 6 10 D
7 7 0 1 L
7 8 8 3 R
7 9 9 3 R
7 10 8 4 R
7 11 11 4 R
7 12 2 12 U
7 13 2 5 R
7 14 4 9 D
8 0 7 13 U
8 1 7 1 L
8 2 4 13 U
8 3 7 12 U
8 4 0 13 U
8 5 3 5 R
8 7 11 14 U
8 8 2 1 L
8 9 3 5 R
8 10 4 14 U
8 11 11 6 R
8 12 12 2 L
8 13 11 4 R
8 14 9 0 L
9 0 7 9 D
9 1 11 13 U
9 2 0 6 R
9 3 5 8 D
9 4 7 4 R
9 5 5 10 D
9 6 5 12 U
9 7 0 3 R
9 8 4 4 R
9 9 7 3 R
9 10 0 2 L
9 11 5 4 R
9 12 10 2 L
9 13 2 1 L
9 14 2 6 R
10 0 13 7 D
10 1 0 7 D
10 2 14 6 R
10 3 8 3 R
10 4 7 4 R
10 5 3 5 R
10 6 11 12 U
10 7 0 13 U
10 8 12 0 L
10 9 4 2 L
10 10 6 4 R
10 11 1 0 L
10 12 12 0 L
10 13 0 9 D
10 14 0 1 L
11 0 1 10 D
11 1 3 14 U
11 2 12 8 D
11 3 2 11 U
11 4 6 11 U
11 5 3 5 R
11 6 7 9 D
11 7 10 2 L
11 8 6 2 L
11 9 10 4 R
11 10 10 6 R
11 11 5 11 U
11 12 3 12 U
11 13 0 1 L
11 14 3 14 U
12 0 7 8 D
12 1 0 10 D
12 3 6 14 U
12 4 10 8 D
12 5 11 7 D
12 6 6 14 U
12 7 0 6 R
12 8 2 8 D
12 9 5 0 L
12 10 0 3 R
12 11 10 5 R
12 12 0 2 L
12 13 5 3 R
12 14 7 14 U
13 0 2 6 R
13 1 3 11 U
13 3 14 11 U
13 4 5 7 D
13 5 10 9 D
13 7 11 12 U
13 8 14 0 L
13 9 1 9 D
13 11 8 3 R
13 12 1 0 L
13 13 3 2 L
13 14 1 14 U
14 0 8 7 D
14 1 12 8 D
14 3 4 11 U
14 4 2 12 U
14 5 13 2 L
14 7 3 1 L
14 8 13 3 R
14 11 13 11 U
14 12 9 7 D
14 13 3 3 R
14 14 12 4 R
15 0 4 3 R
15 1 14 12 U
15 4 3 12 U
15 7 0 11 U
15 8 0 1 L
15 11 14 3 R
15 13 1 10 D
15 14 16 9 D
16 0 15 4 R
16 1 3 9 D
16 4 0 12 U
16 7 10 3 R
16 13 4 9 D
16 14 5 14 U
17 0 16 12 U
17 4 0 8 D

