16 15 190
0 0 0 11 0 12 0 0 13 0 0 0 0 0 0 0 12 13 0 0
0 0 0 0 2 0 0 0 0 0 2 0 0 9 0 0 0 1 0 0
0 0 0 0 0 0 0 0 0 0 0 0 0 6 0 1 0 0 0 0
12 0 8 0 0 0 0 0 0 0 0 0 0 0 0 0 0 0 0 0
0 0 0 0 4 0 0 1 15 0 0 0 0 0 0 0 0 0 0 0
5 0 0 0 0 0 0 0 0 0 0 0 0 13 1 13 1 0 0 0
0 0 0 10 12 0 0 0 14 0 0 0 14 7 9 6 0 0 0 0
0 0 0 0 0 0 0 0 0 0 0 3 0 0 0 0 0 0 0 0
3 0 0 0 11 0 3 0 0 0 1 0 0 0 0 5 0 8 0 0
11 0 0 0 6 1 0 1 2 7 0 0 0 0 0 0 0 0 0 0
3 0 0 0 14 0 15 0 0 0 7 0 0 0 0 0 0 0 0 0
0 0 11 6 2 0 0 0 0 0 0 0 3 9 0 0 0 0 0 0
0 0 0 0 0 0 0 0 0 0 3 0 1 0 0 0 0 0 0 0
0 0 0 0 4 0 0 0 0 0 14 0 0 9 0 0 0 0 0 0
0 0 0 4 8 0 3 0 9 0 12 9 0 10 0 0 0 0 0 0
3 0 0 0 0 0 12 0 0 3 0 0 0 11 0 4 6 0 0 0
7 0 5 2 0 0 0 0 0 0 10 0 0 11 0 13 0 0 13 0
14 0 3 0 0 0 7 0 0 1 0 0 0 0 3 0 0 11 1 0
0 0 10 0 0 0 0 0 0 0 0 0 0 0 0 0 0 5 0 0
0 0 3 5 0 0 0 0 0 0 0 0 0 0 0 0 0 2 0 0
0 0 0 0 U
0 1 0 1 U
0 2 0 2 U
0 3 0 3 U
0 4 0 4 R
0 5 0 5 R
0 6 0 6 R
0 7 0 7 D
0 8 0 8 D
0 9 0 9 D
0 10 0 10 D
0 11 0 11 D
0 12 0 12 L
0 13 0 13 L
0 14 0 14 L
1 0 0 12 L
1 1 3 1 U
1 2 5 5 R
1 3 10 3 U
1 4 6 0 U
1 5 0 0 U
1 6 11 6 R
1 7 3 5 R
1 8 0 1 U
1 9 0 13 L
1 12 0 9 D
1 13 6 13 L
1 14 3 14 L
2 0 0 13 L
2 1 9 6 R
2 2 4 4 R
2 3 4 6 R
2 4 5 2 U
2 5 1 5 R
2 6 11 6 R
2 7 11 4 R
2 8 1 8 D
2 9 4 9 D
2 12 5 9 D
2 13 0 8 D
2 14 12 7 D
3 0 0 7 D
3 1 8 12 L
3 2 12 13 L
3 3 2 3 U
3 4 11 1 U
3 5 6 5 R
3 6 2 6 R
3 7 0 12 L
3 8 0 0 U
3 9 4 5 R
3 10 9 14 L
3 12 4 3 U
3 13 0 0 U
3 14 6 6 R
4 0 2 14 L
4 1 9 1 U
4 2 13 2 U
4 3 8 3 U
4 4 12 9 D
4 5 9 0 U
4 6 11 9 D
4 7 7 6 R
4 8 13 8 D
4 9 1 9 D
4 11 7 14 L
4 12 0 2 U
4 13 8 7 D
4 14 1 7 D
5 0 0 8 D
5 1 2 12 L
5 2 7 12 L
5 3 0 10 D
5 4 7 13 L
5 5 1 7 D
5 6 4 0 U
5 7 2 4 R
5 8 0 4 R
5 9 4 6 R
5 11 6 11 D
5 12 0 7 D
5 13 2 9 D
5 14 3 14 L
6 0 12 5 R
6 1 12 4 R
6 2 9 2 U
6 3 9 9 D
6 4 1 8 D
6 5 0 12 L
6 6 1 0 U
6 7 4 5 R
6 8 1 8 D
6 9 1 9 D
6 12 2 4 R
6 13 0 5 R
6 14 8 1 U
7 0 4 12 L
7 1 12 1 U
7 2 10 2 U
7 3 8 14 L
7 4 0 7 D
7 5 0 13 L
7 6 3 2 U
7 7 2 13 L
7 9 4 14 L
7 12 0 10 D
7 13 3 1 U
7 14 0 6 R
8 0 9 4 R
8 1 5 4 R
8 2 5 2 U
8 3 9 13 L
8 4 0 8 D
8 5 4 11 D
8 6 5 8 D
8 7 10 7 D
8 8 7 8 D
8 9 6 9 D
8 10 6 4 R
8 12 7 12 L
8 13 2 8 D
8 14 3 14 L
9 0 11 6 R
9 1 0 5 R
9 2 5 12 L
9 4 1 3 U
9 5 7 1 U
9 6 4 8 D
9 7 0 4 R
9 8 5 4 R
9 9 10 12 L
9 10 8 10 D
9 11 7 11 D
9 12 0 4 R
9 13 0 11 D
9 14 11 14 L
10 0 2 0 U
10 1 9 1 U
10 2 8 2 U
10 3 13 3 U
10 4 8 3 U
10 5 3 7 D
10 6 2 3 U
10 7 4 13 L
10 8 3 8 D
10 9 1 9 D
10 10 1 10 D
10 11 5 14 L
10 12 1 2 U
10 13 6 7 D
10 14 8 14 L
11 0 10 0 U
11 1 8 5 R
11 2 0 8 D
11 4 2 0 U
11 5 12 2 U
11 6 1 9 D
11 7 2 12 L
11 8 0 5 R
11 9 12 14 L
11 12 3 0 U
11 13 1 13 L
11 14 3 14 L
12 0 0 4 R
12 1 10 1 U
12 2 11 5 R
12 4 0 1 U
12 6 4 1 U
12 7 11 12 L
12 8 11 5 R
12 9 1 9 D
12 12 8 7 D
12 13 8 13 L
12 14 0 1 U
13 0 0 14 L
13 1 5 6 R
13 4 0 9 D
13 6 8 8 D
13 7 0 6 R
13 9 5 9 D
13 11 3 11 D
13 12 2 9 D
13 14 1 3 U
14 0 0 6 R
14 1 8 7 D
14 9 1 13 L
14 12 11 3 U
14 14 11 7 D
15 9 1 9 D
15 14 7 14 L

