30 21 521
25 0 0 15 0 24 0 0 0 25 0 0 0 0 3 12 0 0 0 0
0 14 0 0 25 0 21 13 0 27 0 0 0 0 13 0 0 18 0 10
8 10 10 15 0 6 1 0 0 28 0 0 0 0 9 11 0 22 0 13
0 0 0 0 0 6 0 19 0 29 12 13 0 0 1 3 25 21 13 0
26 14 0 0 0 4 0 0 0 6 13 0 0 4 4 0 4 15 13 27
21 21 0 0 4 27 23 0 0 22 0 13 0 4 10 15 16 25 11 0
0 0 18 0 0 0 24 22 0 0 0 8 0 16 16 0 1 0 0 28
0 0 15 4 0 26 19 0 0 0 0 0 0 20 0 0 0 0 0 13
26 0 0 0 0 25 26 11 27 27 4 21 0 12 21 16 8 0 12 0
0 0 0 18 28 16 23 20 18 28 26 22 12 0 2 0 6 0 0 0
0 0 0 0 0 6 0 0 10 0 0 14 9 0 1 15 0 0 0 0
27 0 23 21 0 28 15 0 0 0 18 13 0 1 0 20 0 2 0 29
17 22 0 0 6 15 0 13 0 3 0 26 18 0 0 0 0 0 17 0
0 12 21 1 26 0 0 0 0 0 0 0 3 0 11 13 5 8 23 1
0 0 14 0 0 2 0 22 0 0 0 0 0 0 0 18 0 10 0 0
0 0 0 0 0 0 15 4 21 26 3 0 7 0 0 0 0 0 0 0
0 15 15 13 1 1 0 0 23 20 4 0 0 0 10 1 0 5 18 10
0 0 1 0 0 19 2 0 17 2 21 0 2 0 0 12 20 0 10 0
0 0 13 0 0 2 0 0 2 0 0 0 0 12 0 23 5 19 0 25
0 7 0 0 6 0 0 0 0 0 0 0 0 0 17 20 0 0 0 13
0 0 0 0 U
0 1 0 1 U
0 2 0 2 U
0 3 0 3 U
0 4 0 4 U
0 5 0 5 R
0 6 0 6 R
0 7 0 7 R
0 8 0 8 R
0 9 0 9 R
0 10 0 10 D
0 11 0 11 D
0 12 0 12 D
0 13 0 13 D
0 14 0 14 D
0 15 0 15 L
0 16 0 16 L
0 17 0 17 L
0 18 0 18 L
0 19 0 19 L
0 20 0 20 L
1 0 0 5 R
1 1 9 6 R
1 2 3 8 R
1 3 3 3 U
1 4 12 7 R
1 5 0 0 U
1 6 2 6 R
1 7 9 7 R
1 8 0 4 U
1 9 2 9 R
1 10 0 15 L
1 11 2 16 L
1 12 0 7 R
1 13 7 13 D
1 14 5 14 D
1 15 0 12 D
1 16 10 11 D
1 17 5 3 U
1 18 0 13 D
1 19 3 1 U
1 20 8 12 D
2 0 20 16 L
2 1 0 7 R
2 2 16 18 L
2 3 1 3 U
2 4 9 5 R
2 5 0 13 D
2 6 18 0 U
2 7 9 2 U
2 8 3 8 R
2 9 4 9 R
2 10 16 3 U
2 11 10 7 R
2 12 12 15 L
2 13 8 13 D
2 14 0 6 R
2 15 0 5 R
2 16 1 16 L
2 17 0 1 U
2 18 1 18 L
2 19 1 19 L
2 20 18 20 L
3 0 10 6 R
3 1 22 8 R
3 2 0 17 L
3 3 6 3 U
3 4 1 4 U
3 5 0 17 L
3 6 4 6 R
3 7 5 7 R
3 8 19 13 D
3 9 5 10 D
3 10 0 0 U
3 11 5 17 L
3 12 2 12 D
3 13 0 3 U
3 14 13 14 D
3 15 15 15 L
3 16 4 16 L
3 17 2 12 D
3 18 10 12 D
3 19 4 19 L
3 20 4 20 L
4 0 0 16 L
4 1 18 15 L
4 2 3 16 L
4 3 2 9 R
4 4 13 19 L
4 5 0 2 U
4 6 11 13 D
4 7 0 11 D
4 8 21 8 R
4 9 5 9 R
4 10 2 10 D
4 11 0 19 L
4 12 5 12 D
4 13 15 13 D
4 14 7 18 L
4 15 12 10 D
4 16 3 16 L
4 17 6 17 L
4 18 17 18 L
4 19 20 19 L
4 20 6 20 L
5 0 19 7 R
5 1 1 1 U
5 2 3 2 U
5 3 2 3 U
5 4 6 4 U
5 5 3 14 D
5 6 6 2 U
5 7 2 7 R
5 8 14 1 U
5 9 9 11 D
5 10 15 5 R
5 11 1 15 L
5 12 2 7 R
5 13 0 9 R
5 14 7 19 L
5 15 10 15 L
5 16 1 0 U
5 17 3 17 L
5 18 12 0 U
5 19 0 2 U
5 20 1 20 L
6 0 3 9 R
6 1 12 1 U
6 2 1 2 U
6 3 12 3 U
6 4 19 4 U
6 5 17 4 U
6 6 3 6 R
6 7 4 7 R
6 8 2 8 R
6 9 3 9 R
6 10 0 1 U
6 11 5 11 D
6 12 3 12 D
6 13 9 13 D
6 14 5 14 D
6 15 1 14 D
6 16 0 10 D
6 17 0 6 R
6 18 17 3 U
6 19 3 19 L
6 20 10 20 L
7 0 0 10 D
7 1 4 1 U
7 2 8 15 L
7 3 0 11 D
7 4 3 4 U
7 5 5 13 D
7 6 23 12 D
7 7 11 1 U
7 8 1 3 U
7 9 9 4 U
7 10 5 15 L
7 11 16 11 D
7 12 8 15 L
7 13 8 15 L
7 14 0 16 L
7 15 0 11 D
7 16 0 0 U
7 17 2 17 L
7 18 3 18 L
7 19 0 9 R
7 20 12 1 U
8 0 3 5 R
8 1 14 1 U
8 2 13 2 U
8 3 3 3 U
8 4 14 4 U
8 5 12 1 U
8 6 14 11 D
8 7 0 2 U
8 8 5 8 R
8 9 5 9 R
8 10 19 10 D
8 11 6 5 R
8 12 10 16 L
8 13 5 13 D
8 14 5 19 L
8 15 3 15 L
8 16 3 11 D
8 17 0 8 R
8 18 1 18 L
8 19 14 14 D
8 20 3 20 L
9 0 26 12 D
9 1 3 8 R
9 2 4 18 L
9 3 0 5 R
9 4 1 4 U
9 5 10 5 R
9 6 10 6 R
9 7 7 12 D
9 8 0 20 L
9 9 19 13 D
9 10 0 3 U
9 11 4 15 L
9 12 0 15 L
9 13 0 8 R
9 14 7 14 D
9 15 0 10 D
9 16 1 11 D
9 17 5 10 D
9 18 4 12 D
9 19 1 19 L
9 20 0 3 U
10 0 0 12 D
10 1 18 1 U
10 2 0 8 R
10 3 8 6 R
10 4 12 6 R
10 5 8 5 R
10 6 15 6 R
10 7 8 7 R
10 8 15 8 R
10 9 0 18 L
10 10 21 10 D
10 11 25 11 D
10 12 0 3 U
10 13 14 13 D
10 14 1 5 R
10 15 1 10 D
10 16 13 16 L
10 17 19 17 L
10 18 11 7 R
10 19 23 19 L
10 20 2 20 L
11 0 0 20 L
11 1 2 1 U
11 2 3 15 L
11 3 0 18 L
11 4 16 20 L
11 5 16 5 R
11 6 4 11 D
11 7 13 13 D
11 8 22 10 D
11 9 20 9 R
11 10 3 10 D
11 11 15 19 L
11 12 10 12 D
11 13 0 20 L
11 14 5 14 D
11 15 24 3 U
11 16 0 4 U
11 17 12 17 L
11 18 1 18 L
11 19 24 10 D
11 20 3 20 L
12 0 0 15 L
12 1 2 1 U
12 2 16 2 U
12 3 8 8 R
12 4 0 19 L
12 5 0 3 U
12 6 10 6 R
12 7 4 7 R
12 8 3 8 R
12 9 10 9 R
12 10 1 6 R
12 11 18 11 D
12 12 4 6 R
12 13 5 13 D
12 14 22 15 L
12 15 16 14 D
12 16 21 16 L
12 17 4 17 L
12 18 7 13 D
12 19 6 19 L
12 20 0 1 U
13 0 16 0 U
13 1 12 1 U
13 2 11 17 L
13 3 1 3 U
13 4 4 4 U
13 5 0 15 L
13 6 23 10 D
13 7 11 7 R
13 8 18 8 R
13 9 4 9 R
13 10 8 10 D
13 11 25 6 R
13 12 3 12 D
13 13 0 4 U
13 14 11 14 D
13 15 4 3 U
13 16 1 3 U
13 17 17 1 U
13 18 9 18 L
13 19 0 0 U
13 20 11 20 L
14 0 0 13 D
14 1 16 5 R
14 2 3 2 U
14 3 17 9 R
14 4 0 6 R
14 5 12 10 D
14 6 5 4 U
14 7 0 1 U
14 8 2 8 R
14 9 24 14 D
14 10 3 10 D
14 11 3 11 D
14 12 6 12 D
14 13 6 13 D
14 14 8 14 D
14 15 7 10 D
14 16 6 0 U
14 17 1 11 D
14 18 17 12 D
14 19 12 14 D
14 20 1 20 L
15 0 18 9 R
15 1 1 20 L
15 2 4 16 L
15 3 17 3 U
15 4 2 4 U
15 5 22 2 U
15 6 12 6 R
15 7 5 4 U
15 8 14 8 R
15 9 7 9 R
15 10 18 8 R
15 11 2 11 D
15 12 16 17 L
15 13 10 13 D
15 14 13 14 D
15 15 24 12 D
15 16 10 16 L
15 17 0 2 U
15 18 10 18 L
15 20 0 12 D
16 0 7 0 U
16 1 14 1 U
16 2 3 2 U
16 3 10 3 U
16 4 2 4 U
16 5 17 10 D
16 6 3 6 R
16 7 1 7 R
16 8 27 4 U
16 9 4 14 D
16 10 13 10 D
16 11 13 5 R
16 12 5 12 D
16 13 5 13 D
16 14 12 14 D
16 15 0 0 U
16 16 3 16 L
16 17 6 17 L
16 18 15 18 L
16 20 20 4 U
17 0 7 15 L
17 1 22 5 R
17 2 12 2 U
17 3 0 9 R
17 4 2 6 R
17 5 0 19 L
17 6 4 6 R
17 7 19 11 D
17 8 11 15 L
17 9 11 13 D
17 10 0 5 R
17 11 11 11 D
17 12 0 5 R
17 13 5 8 R
17 14 1 6 R
17 15 9 13 D
17 17 1 17 L
17 20 12 20 L
18 0 2 10 D
18 1 1 9 R
18 2 12 7 R
18 3 4 3 U
18 4 3 4 U
18 5 2 14 D
18 6 0 10 D
18 7 3 7 R
18 8 16 16 L
18 9 19 9 R
18 10 10 10 D
18 11 13 15 L
18 12 20 12 D
18 13 15 13 D
18 14 8 14 D
18 15 12 3 U
18 16 3 16 L
18 17 12 17 L
18 20 11 1 U
19 0 1 7 R
19 1 10 17 L
19 2 2 2 U
19 3 3 18 L
19 4 8 17 L
19 5 0 12 D
19 6 1 11 D
19 7 2 10 D
19 8 0 11 D
19 10 0 17 L
19 11 21 3 U
19 12 15 15 L
19 13 13 13 D
19 14 0 2 U
19 15 23 11 D
19 16 18 16 L
19 17 10 17 L
19 20 0 10 D
20 0 3 7 R
20 1 17 1 U
20 2 25 2 U
20 3 3 3 U
20 4 17 18 L
20 5 1 4 U
20 6 3 6 R
20 7 6 7 R
20 8 23 0 U
20 9 22 12 D
20 10 5 0 U
20 12 5 12 D
20 13 14 17 L
20 14 8 14 D
20 15 24 2 U
20 16 3 12 D
20 17 15 17 L
20 18 1 10 D
20 20 27 11 D
21 0 14 5 R
21 1 3 1 U
21 2 19 2 U
21 3 22 3 U
21 4 4 20 L
21 5 5 5 R
21 6 4 1 U
21 7 4 7 R
21 8 2 8 R
21 9 12 9 R
21 10 3 10 D
21 12 1 12 D
21 13 10 15 L
21 14 11 14 D
21 15 10 15 L
21 16 17 14 D
21 17 6 13 D
21 20 17 20 L
22 0 2 0 U
22 1 0 6 R
22 2 9 20 L
22 3 7 15 L
22 4 18 4 U
22 5 21 1 U
22 7 2 4 U
22 8 11 8 R
22 10 0 18 L
22 11 21 11 D
22 12 8 12 D
22 13 1 17 L
22 14 0 9 R
22 15 15 0 U
22 16 18 0 U
22 17 12 10 D
22 20 21 11 D
23 0 11 16 L
23 1 4 5 R
23 2 1 16 L
23 3 4 19 L
23 4 2 4 U
23 5 5 15 L
23 6 13 10 D
23 7 1 2 U
23 8 12 8 R
23 10 20 16 L
23 11 21 20 L
23 12 1 12 D
23 13 5 13 D
23 15 4 2 U
23 17 3 17 L
23 20 1 20 L
24 0 4 18 L
24 1 11 17 L
24 2 4 2 U
24 3 13 7 R
24 4 5 4 U
24 10 21 10 D
24 12 2 12 D
24 13 16 7 R
24 17 0 13 D
25 0 1 5 R
25 1 22 1 U
25 2 23 5 R
25 3 19 3 U
25 4 0 8 R
25 7 24 10 D
25 10 0 2 U
25 12 20 12 D
25 13 2 13 D
25 17 7 2 U
26 0 3 0 U
26 2 10 2 U
26 3 1 3 U
26 4 7 4 U
26 10 11 4 U
26 12 3 12 D
26 13 24 13 D
26 17 12 17 L
27 0 13 18 L
27 2 12 8 R
27 3 15 5 R
27 4 10 17 L
27 10 6 10 D
27 13 9 4 U
27 17 15 17 L
28 0 10 0 U
28 3 18 3 U
28 4 5 4 U
28 10 11 0 U
28 13 13 6 R
29 0 19 0 U
29 3 18 3 U

