18 16 242
6 2 8 0 0 0 6 0 2 10 0 8
7 5 5 0 0 10 15 15 0 5 0 2
0 13 2 3 16 9 0 0 15 5 0 0
0 0 0 0 8 0 4 16 0 7 3 7
2 9 0 0 6 8 12 0 0 13 13 9
10 13 4 12 7 9 14 0 0 0 10 0
4 9 13 9 8 3 0 16 0 1 14 14
14 0 17 0 0 0 11 12 0 8 12 15
2 11 0 0 15 0 11 3 0 6 0 0
14 15 0 0 8 10 5 0 1 12 15 2
13 9 12 0 14 0 6 0 6 7 0 10
12 1 5 4 4 13 9 0 9 9 10 2
0 0 0 0 D
0 1 0 1 D
0 2 0 2 D
0 3 0 3 D
0 4 0 4 R
0 5 0 5 R
0 6 0 6 R
0 7 0 7 R
0 8 0 8 U
0 9 0 9 U
0 10 0 10 U
0 11 0 11 U
0 12 0 12 L
0 13 0 13 L
0 14 0 14 L
0 15 0 15 L
1 0 0 4 R
1 1 0 14 L
1 2 6 14 L
1 3 10 14 L
1 4 10 1 D
1 5 0 10 U
1 6 9 8 U
1 7 8 11 U
1 8 2 8 U
1 9 0 5 R
1 10 9 10 U
1 11 6 7 R
1 12 4 9 U
1 13 0 9 U
1 14 0 6 R
1 15 3 15 L
2 0 0 13 L
2 1 6 9 U
2 2 0 15 L
2 3 7 3 D
2 4 0 0 D
2 5 0 8 U
2 6 10 6 R
2 7 7 13 L
2 8 0 14 L
2 9 7 7 R
2 10 8 12 L
2 11 4 11 U
2 12 3 0 D
2 13 1 13 L
2 14 3 3 D
2 15 1 6 R
3 0 0 12 L
3 1 5 14 L
3 2 0 9 U
3 3 6 3 D
3 4 2 3 D
3 5 2 8 U
3 6 0 1 D
3 7 1 7 R
3 8 9 4 R
3 9 0 6 R
3 10 6 15 L
3 11 0 7 R
3 12 2 12 L
3 13 8 8 U
3 14 0 11 U
3 15 14 8 U
4 0 6 0 D
4 1 8 1 D
4 2 3 4 R
4 3 12 3 D
4 4 1 8 U
4 5 11 11 U
4 6 6 6 R
4 7 1 9 U
4 8 7 2 D
4 9 7 15 L
4 10 0 4 R
4 11 11 11 U
4 12 0 8 U
4 13 5 9 U
4 14 8 3 D
4 15 0 9 U
5 0 1 0 D
5 1 0 5 R
5 2 6 12 L
5 3 0 7 R
5 4 12 8 U
5 5 0 0 D
5 6 4 14 L
5 7 6 1 D
5 8 0 12 L
5 9 0 15 L
5 10 2 10 U
5 11 4 14 L
5 12 0 0 D
5 13 8 4 R
5 14 0 1 D
5 15 4 15 L
6 0 13 5 R
6 1 3 14 L
6 2 4 2 D
6 3 1 12 L
6 4 10 4 R
6 5 1 5 R
6 6 7 11 U
6 7 5 10 U
6 8 0 13 L
6 9 5 1 D
6 10 8 10 U
6 11 8 6 R
6 12 1 5 R
6 13 0 5 R
6 14 10 10 U
6 15 0 4 R
7 0 2 12 L
7 1 0 6 R
7 2 8 12 L
7 3 6 11 U
7 4 9 2 D
7 5 4 10 U
7 6 4 1 D
7 8 1 4 R
7 9 9 6 R
7 10 2 10 U
7 11 6 11 U
7 12 10 1 D
7 13 1 13 L
7 14 6 14 L
7 15 10 3 D
8 0 0 8 U
8 1 5 4 R
8 2 1 2 D
8 3 6 3 D
8 4 7 9 U
8 5 5 5 R
8 6 0 2 D
8 7 11 7 R
8 8 0 0 D
8 9 7 13 L
8 10 2 13 L
8 11 2 11 U
8 12 1 8 U
8 13 13 2 D
8 14 0 7 R
8 15 3 2 D
9 0 1 15 L
9 1 2 13 L
9 2 7 5 R
9 3 6 6 R
9 4 0 12 L
9 5 2 5 R
9 6 0 9 U
9 7 0 15 L
9 8 10 8 U
9 9 13 9 U
9 10 2 0 D
9 11 6 11 U
9 12 2 12 L
9 13 6 13 L
9 14 3 9 U
9 15 14 10 U
10 0 0 10 U
10 1 11 4 R
10 2 9 2 D
10 3 4 3 D
10 4 3 0 D
10 5 3 2 D
10 6 5 6 R
10 7 7 2 D
10 8 3 8 U
10 9 0 1 D
10 10 0 7 R
10 11 0 0 D
10 12 1 0 D
10 13 13 0 D
10 14 5 14 L
10 15 16 0 D
11 0 10 4 R
11 1 15 13 L
11 2 7 2 D
11 3 10 3 D
11 4 0 13 L
11 5 7 5 R
11 6 5 8 U
11 8 8 1 D
11 9 4 9 U
11 10 3 14 L
11 11 13 13 L
11 12 6 8 U
11 13 5 6 R
11 15 5 15 L
12 0 8 6 R
12 1 13 1 D
12 2 5 2 D
12 3 0 10 U
12 4 14 9 U
12 5 1 0 D
12 6 8 14 L
12 8 4 4 R
12 9 0 2 D
12 10 4 10 U
12 11 0 4 R
12 12 9 12 L
12 13 0 11 U
12 14 11 14 L
12 15 1 15 L
13 0 9 8 U
13 1 11 14 L
13 2 14 2 D
13 3 12 3 D
13 4 4 2 D
13 5 1 5 R
13 6 10 6 R
13 8 5 5 R
13 9 12 9 U
13 10 9 6 R
13 11 11 11 U
13 12 8 9 U
13 13 6 13 L
13 14 7 1 D
14 0 13 13 L
14 1 2 1 D
14 2 9 2 D
14 3 1 3 D
14 4 2 10 U
14 5 2 2 D
14 6 6 9 U
14 8 8 8 U
14 11 8 3 D
14 12 13 3 D
14 13 1 13 L
15 0 5 15 L
15 2 5 2 D
15 4 2 8 U
15 5 6 11 U
15 8 7 13 L
15 11 10 12 L
15 12 14 1 D
15 13 12 9 U
16 4 11 11 U
16 8 1 8 U
16 11 6 11 U
16 13 0 1 D
17 13 9 5 R

