15 11 134
1 3 5 0 6 0 0 2 3 14 0 10
0 0 0 0 14 10 5 0 2 3 10 6
0 0 0 0 0 0 9 5 0 0 1 0
0 0 4 0 0 0 0 0 0 0 0 0
0 11 5 9 0 0 0 0 0 0 0 0
0 0 0 0 0 0 0 0 0 0 0 0
0 0 0 0 0 0 0 0 0 0 0 0
0 0 0 0 0 0 0 0 0 13 3 0
0 0 0 0 0 0 0 0 0 0 0 0
0 0 5 0 2 12 1 3 13 3 5 5
0 2 6 2 0 0 0 0 0 11 11 0
12 13 0 10 0 0 0 0 0 9 11 0
0 0 0 0 U
0 1 0 1 U
0 2 0 2 R
0 3 0 3 R
0 4 0 4 R
0 5 0 5 D
0 6 0 6 D
0 7 0 7 L
0 8 0 8 L
0 9 0 9 L
0 10 0 10 L
1 0 9 7 L
1 1 0 10 L
1 2 8 6 D
1 3 8 6 D
1 4 2 4 R
1 5 2 2 R
1 6 5 2 R
1 7 10 7 L
1 8 12 2 R
1 9 4 9 L
1 10 5 10 L
2 0 0 2 R
2 1 1 1 U
2 2 8 10 L
2 3 3 3 R
2 4 4 5 D
2 5 9 5 D
2 6 3 1 U
2 7 5 1 U
2 8 1 8 L
2 9 5 9 L
2 10 1 10 L
3 0 9 0 U
3 1 10 1 U
3 2 7 2 R
3 3 10 6 D
3 4 0 0 U
3 5 0 1 U
3 6 5 1 U
3 7 2 7 L
3 8 12 8 L
3 9 5 9 L
3 10 4 5 D
4 0 2 2 R
4 1 6 4 R
4 2 5 7 L
4 3 7 5 D
4 4 6 8 L
4 5 3 0 U
4 6 2 6 D
4 7 9 5 D
4 8 6 5 D
4 9 1 9 L
4 10 8 10 L
5 0 4 3 R
5 1 3 3 R
5 2 6 5 D
5 3 1 3 R
5 4 4 4 R
5 5 0 0 U
5 6 7 6 D
5 7 8 0 U
5 8 3 8 L
5 9 0 1 U
5 10 0 0 U
6 0 0 7 L
6 1 0 4 R
6 2 0 5 D
6 3 3 3 R
6 4 0 10 L
6 5 0 7 L
6 6 0 2 R
6 7 4 7 L
6 8 5 8 L
6 9 8 6 D
7 0 6 0 U
7 1 2 3 R
7 2 0 9 L
7 3 11 6 D
7 4 8 4 R
7 5 0 9 L
7 6 2 6 D
7 7 5 7 L
7 10 2 10 L
8 0 10 4 R
8 1 0 8 L
8 2 7 0 U
8 3 2 5 D
8 4 10 4 R
8 5 5 3 R
8 6 3 6 D
8 7 5 0 U
8 10 2 10 L
9 0 6 3 R
9 1 1 2 R
9 2 6 7 L
9 3 1 5 D
9 4 6 5 D
9 5 8 2 R
9 6 3 4 R
9 7 0 2 R
9 10 7 10 L
10 0 0 9 L
10 1 2 9 L
10 2 11 1 U
10 3 11 3 R
10 5 0 2 R
10 6 1 2 R
10 7 0 5 D
10 9 5 5 D
10 10 5 6 D
11 0 0 5 D
11 1 3 7 L
11 2 8 5 D
11 3 6 0 U
11 5 2 5 D
11 6 14 6 D
11 7 1 0 U
11 9 7 9 L
12 0 2 10 L
12 1 8 5 D
12 2 14 2 R
12 5 4 0 U
12 7 8 1 U
13 0 1 10 L
13 1 10 3 R
13 2 0 1 U
13 5 5 4 R
13 7 10 7 L
14 0 13 8 L
14 1 9 1 U
14 5 9 3 R
14 7 13 6 D

