14 13 161
0 6 3 0 0 0 7 0 0 5 1 0 0 5 0 0 0 0 0 4
0 0 0 0 0 0 6 4 0 8 0 0 12 11 0 0 0 0 0 13
0 0 0 0 0 0 0 0 0 0 0 0 0 0 0 0 0 0 0 0
0 0 0 0 0 0 0 0 0 0 0 0 12 0 0 0 0 0 0 6
0 0 6 0 0 0 0 3 0 4 0 1 4 8 0 0 0 0 0 0
0 6 0 0 1 0 0 0 0 7 0 0 0 0 0 0 0 0 0 0
0 0 4 0 0 0 0 0 0 8 0 0 0 0 0 0 0 0 0 0
0 2 9 9 0 0 0 0 0 6 0 6 0 3 0 8 0 0 0 0
0 1 1 0 0 0 9 0 2 6 0 0 0 0 0 0 0 0 0 0
0 0 0 9 2 0 0 4 6 0 0 0 0 0 0 0 0 0 0 0
0 0 0 0 0 0 0 0 0 0 0 10 0 0 0 13 0 5 0 0
8 12 0 0 8 0 0 0 0 2 0 0 8 0 12 0 0 10 0 0
0 0 0 0 0 0 0 0 0 0 0 0 0 0 0 0 0 0 0 0
10 0 0 0 0 0 0 2 0 7 0 0 0 2 10 0 0 0 0 0
1 12 0 0 11 0 0 0 0 11 0 0 11 0 0 10 0 0 0 0
3 0 0 0 0 0 10 0 0 0 0 11 10 0 0 0 0 0 0 0
11 0 0 0 0 0 7 2 0 0 0 0 6 0 0 0 0 0 0 0
0 11 0 0 0 0 0 2 0 0 0 0 0 0 6 0 4 7 0 0
0 12 0 6 0 0 0 0 0 0 0 6 0 6 0 1 5 0 0 0
7 6 0 0 0 0 0 0 0 0 0 0 0 0 0 6 0 0 0 5
0 0 0 0 U
0 1 0 1 U
0 2 0 2 U
0 3 0 3 R
0 4 0 4 R
0 5 0 5 R
0 6 0 6 D
0 7 0 7 D
0 8 0 8 D
0 9 0 9 D
0 10 0 10 L
0 11 0 11 L
0 12 0 12 L
1 0 4 4 R
1 1 12 5 R
1 2 0 11 L
1 3 4 7 D
1 4 0 6 D
1 5 0 7 D
1 6 4 6 D
1 7 4 7 D
1 8 2 8 D
1 9 6 9 D
1 10 2 0 U
1 11 0 9 D
1 12 0 5 R
2 0 0 7 D
2 1 1 1 U
2 2 1 2 U
2 3 12 0 U
2 4 3 8 D
2 5 9 1 U
2 6 0 11 L
2 7 0 4 R
2 8 3 8 D
2 9 0 5 R
2 10 3 2 U
2 11 9 11 L
2 12 3 12 L
3 0 8 6 D
3 1 1 1 U
3 2 5 2 U
3 3 4 1 U
3 4 4 4 R
3 5 0 8 D
3 6 0 3 R
3 7 5 5 R
3 8 9 4 R
3 9 0 3 R
3 10 5 10 L
3 11 9 11 L
3 12 7 12 L
4 0 0 3 R
4 1 1 10 L
4 2 1 2 U
4 3 3 9 D
4 4 3 4 R
4 5 0 12 L
4 6 1 6 D
4 7 5 7 D
4 8 3 12 L
4 10 0 6 D
4 11 0 7 D
4 12 0 3 R
5 0 1 0 U
5 1 2 10 L
5 2 2 5 R
5 3 3 2 U
5 4 0 11 L
5 5 8 8 D
5 6 0 0 U
5 7 6 11 L
5 8 10 8 D
5 9 10 4 R
5 10 0 8 D
5 11 6 0 U
5 12 7 1 U
6 0 1 0 U
6 1 2 1 U
6 2 8 3 R
6 3 7 0 U
6 4 0 10 L
6 5 4 10 L
6 6 1 5 R
6 7 3 5 R
6 8 0 1 U
6 10 0 0 U
6 11 1 2 U
6 12 8 6 D
7 0 0 4 R
7 1 8 12 L
7 2 5 11 L
7 3 4 3 R
7 4 4 4 R
7 5 6 0 U
7 6 11 12 L
7 7 0 10 L
7 8 2 3 R
7 9 4 9 D
7 10 5 1 U
7 11 4 7 D
7 12 0 0 U
8 0 0 9 D
8 1 0 10 L
8 2 1 10 L
8 3 0 9 D
8 4 4 4 R
8 5 13 5 R
8 6 2 3 R
8 7 7 7 D
8 8 9 8 D
8 9 1 9 D
8 10 4 6 D
8 11 1 9 D
8 12 3 7 D
9 0 7 11 L
9 1 3 12 L
9 2 8 2 U
9 3 6 12 L
9 4 11 4 R
9 5 7 5 R
9 6 1 4 R
9 7 2 10 L
9 8 10 8 D
9 9 10 11 L
9 10 4 2 U
9 11 1 1 U
9 12 0 1 U
10 0 7 4 R
10 1 1 12 L
10 2 4 2 U
10 3 0 0 U
10 4 8 6 D
10 6 3 11 L
10 7 0 2 U
10 8 6 11 L
10 10 0 2 U
10 11 8 0 U
10 12 4 12 L
11 0 2 3 R
11 1 0 5 R
11 2 5 2 U
11 3 0 1 U
11 4 12 0 U
11 7 9 11 L
11 8 9 8 D
11 10 2 10 L
11 11 3 11 L
11 12 6 8 D
12 1 4 3 R
12 2 11 5 R
12 3 10 3 R
12 4 5 4 R
12 6 10 10 L
12 7 6 7 D
12 8 2 4 R
12 11 11 8 D
12 12 7 7 D
13 3 5 12 L
13 4 7 2 U
13 12 12 12 L

