20 23 388
16 0 0 0 17 0 8 0 18 18 12 13
8 19 17 0 8 0 0 14 14 0 0 0
2 0 0 17 0 2 0 5 0 3 14 17
0 0 10 0 16 8 0 0 0 19 0 5
8 0 0 0 15 16 3 0 5 0 11 15
0 16 0 0 17 0 0 1 16 0 0 0
13 0 0 15 12 5 0 0 0 0 0 0
0 17 0 0 2 0 14 17 11 17 10 16
18 0 13 5 0 18 0 0 18 0 0 0
10 0 0 2 14 10 0 7 0 0 12 0
1 3 0 3 0 0 5 16 15 0 6 0
3 12 5 15 2 13 18 0 2 11 15 14
0 0 0 0 D
0 1 0 1 D
0 2 0 2 D
0 3 0 3 D
0 4 0 4 D
0 5 0 5 D
0 6 0 6 R
0 7 0 7 R
0 8 0 8 R
0 9 0 9 R
0 10 0 10 R
0 11 0 11 R
0 12 0 12 U
0 13 0 13 U
0 14 0 14 U
0 15 0 15 U
0 16 0 16 U
0 17 0 17 U
0 18 0 18 L
0 19 0 19 L
0 20 0 20 L
0 21 0 21 L
0 22 0 22 L
1 0 7 18 L
1 1 0 6 R
1 2 2 7 R
1 3 7 3 D
1 4 15 4 D
1 5 5 5 D
1 6 0 12 U
1 7 11 7 R
1 8 2 8 R
1 9 2 9 R
1 10 14 10 R
1 11 9 11 R
1 12 0 18 L
1 13 0 6 R
1 14 12 0 D
1 15 0 7 R
1 16 12 16 U
1 17 7 17 U
1 18 0 12 U
1 19 4 13 U
1 20 10 20 L
1 21 14 16 U
1 22 3 22 L
2 0 5 10 R
2 1 0 8 R
2 2 11 2 D
2 3 0 9 R
2 4 1 7 R
2 5 3 18 L
2 6 9 17 U
2 7 6 2 D
2 8 11 0 D
2 9 16 9 R
2 10 1 10 R
2 11 11 11 R
2 12 6 0 D
2 13 13 3 D
2 14 7 14 U
2 15 4 20 L
2 16 10 21 L
2 17 13 17 U
2 18 1 18 L
2 19 1 12 U
2 20 10 20 L
2 21 1 21 L
2 22 1 14 U
3 0 9 20 L
3 1 9 9 R
3 2 4 11 R
3 3 4 8 R
3 4 2 4 D
3 5 14 8 R
3 6 10 13 U
3 7 9 4 D
3 8 15 8 R
3 9 5 3 D
3 10 8 12 U
3 11 2 16 U
3 12 0 0 D
3 13 13 1 D
3 14 12 4 D
3 15 4 15 U
3 16 8 16 U
3 17 4 17 U
3 18 14 18 L
3 19 14 1 D
3 20 0 2 D
3 21 0 16 U
3 22 13 3 D
4 0 0 11 R
4 1 3 1 D
4 2 8 2 D
4 3 12 7 R
4 4 3 4 D
4 5 2 5 D
4 6 9 14 U
4 7 9 7 R
4 8 7 3 D
4 9 2 9 R
4 10 2 10 R
4 11 1 11 R
4 12 3 0 D
4 13 8 7 R
4 14 8 0 D
4 15 2 4 D
4 16 7 16 U
4 17 3 17 U
4 18 3 14 U
4 19 15 2 D
4 20 10 1 D
4 21 2 15 U
4 22 5 1 D
5 0 6 19 L
5 1 2 6 R
5 2 11 2 D
5 3 8 9 R
5 4 13 11 R
5 5 0 8 R
5 6 13 6 R
5 7 15 13 U
5 8 6 8 R
5 9 2 9 R
5 10 1 12 U
5 12 1 10 R
5 13 11 6 R
5 14 0 1 D
5 15 6 15 U
5 16 2 19 L
5 17 7 20 L
5 18 12 16 U
5 19 12 3 D
5 20 0 4 D
5 21 9 0 D
5 22 12 2 D
6 0 13 14 U
6 1 17 19 L
6 2 0 13 U
6 3 13 19 L
6 4 14 22 L
6 5 5 20 L
6 6 9 15 U
6 7 5 12 U
6 8 14 13 U
6 9 9 16 U
6 10 9 19 L
6 12 5 20 L
6 13 4 13 U
6 14 9 22 L
6 15 12 3 D
6 16 3 16 U
6 17 5 19 L
6 18 8 3 D
6 19 9 4 D
6 20 0 9 R
6 21 8 21 L
6 22 11 22 L
7 0 1 7 R
7 1 4 1 D
7 2 1 2 D
7 3 17 6 R
7 4 10 6 R
7 6 9 3 D
7 7 11 14 U
7 8 3 12 U
7 9 11 2 D
7 10 12 17 U
7 11 3 14 U
7 12 9 18 L
7 13 17 22 L
7 14 6 14 U
7 15 13 15 U
7 16 1 20 L
7 17 1 17 U
7 18 6 3 D
7 19 0 10 R
7 20 1 20 L
7 21 2 21 L
7 22 14 17 U
8 0 10 21 L
8 1 5 10 R
8 2 3 2 D
8 3 1 13 U
8 4 7 8 R
8 5 4 5 D
8 6 1 2 D
8 7 0 13 U
8 8 11 22 L
8 9 16 9 R
8 10 3 1 D
8 12 2 19 L
8 13 4 6 R
8 14 0 19 L
8 15 2 2 D
8 16 5 8 R
8 17 0 7 R
8 18 10 2 D
8 19 5 0 D
8 20 2 20 L
8 21 0 3 D
8 22 15 7 R
9 0 0 21 L
9 1 2 7 R
9 2 12 21 L
9 3 5 12 U
9 4 2 10 R
9 6 0 19 L
9 7 0 16 U
9 8 5 2 D
9 9 2 9 R
9 10 4 10 R
9 11 6 13 U
9 12 0 20 L
9 13 4 7 R
9 14 0 8 R
9 15 12 22 L
9 16 0 22 L
9 17 15 4 D
9 18 14 15 U
9 19 4 14 U
9 20 1 12 U
9 21 2 1 D
9 22 1 15 U
10 0 0 20 L
10 1 5 21 L
10 2 1 12 U
10 3 4 3 D
10 4 3 17 U
10 6 11 12 U
10 7 1 7 R
10 8 13 16 U
10 9 0 14 U
10 10 4 0 D
10 12 8 6 R
10 13 12 8 R
10 14 5 6 R
10 15 5 18 L
10 16 13 9 R
10 17 2 17 U
10 18 0 0 D
10 19 5 12 U
10 20 2 20 L
10 21 3 1 D
10 22 0 8 R
11 0 0 18 L
11 1 1 1 D
11 2 4 2 D
11 3 14 18 L
11 4 4 4 D
11 5 3 5 D
11 6 13 12 U
11 7 0 15 U
11 8 1 13 U
11 9 6 17 U
11 10 1 10 R
11 12 12 19 L
11 13 14 19 L
11 14 12 6 R
11 15 0 21 L
11 16 17 8 R
11 17 8 8 R
11 18 8 4 D
11 19 1 6 R
11 20 10 16 U
11 21 4 16 U
11 22 7 13 U
12 0 10 0 D
12 1 16 9 R
12 2 0 14 U
12 4 0 12 U
12 5 6 19 L
12 6 1 15 U
12 7 5 14 U
12 8 0 3 D
12 9 5 13 U
12 10 1 10 R
12 12 8 1 D
12 13 10 20 L
12 14 0 21 L
12 15 4 4 D
12 16 15 22 L
12 17 13 5 D
12 18 10 0 D
12 19 2 15 U
12 20 8 0 D
12 21 0 13 U
12 22 0 2 D
13 0 1 18 L
13 1 0 10 R
13 2 7 9 R
13 3 4 3 D
13 4 5 4 D
13 5 3 5 D
13 6 12 1 D
13 7 0 1 D
13 8 4 1 D
13 9 3 9 R
13 10 9 10 R
13 12 12 12 U
13 13 0 2 D
13 14 14 18 L
13 15 3 1 D
13 16 0 10 R
13 17 2 17 U
13 18 1 18 L
13 19 0 5 D
13 20 0 7 R
13 21 3 13 U
13 22 0 7 R
14 0 8 15 U
14 1 3 22 L
14 2 5 21 L
14 3 5 11 R
14 4 1 19 L
14 5 9 7 R
14 6 5 2 D
14 7 15 15 U
14 8 1 0 D
14 9 5 16 U
14 10 2 10 R
14 12 2 22 L
14 13 2 13 U
14 14 1 14 U
14 15 7 15 U
14 17 7 21 L
14 18 4 18 L
14 19 0 14 U
14 20 9 4 D
14 21 10 1 D
14 22 8 17 U
15 0 10 19 L
15 1 1 13 U
15 2 5 20 L
15 3 5 21 L
15 4 3 22 L
15 6 14 17 U
15 7 1 3 D
15 8 2 5 D
15 9 14 9 R
15 12 1 19 L
15 13 0 7 R
15 14 17 14 U
15 15 1 15 U
15 17 1 17 U
15 18 6 18 L
15 20 13 8 R
15 21 1 21 L
15 22 3 22 L
16 0 18 8 R
16 1 7 1 D
16 2 3 7 R
16 3 7 9 R
16 6 7 1 D
16 7 14 0 D
16 8 11 14 U
16 14 3 14 U
16 15 3 6 R
16 17 5 17 U
16 18 1 14 U
16 20 17 14 U
16 21 12 21 L
16 22 15 8 R
17 1 13 9 R
17 2 1 2 D
17 3 14 3 D
17 6 1 12 U
17 7 10 7 R
17 8 8 21 L
17 9 9 12 U
17 12 16 22 L
17 14 14 21 L
17 15 0 20 L
17 17 8 17 U
17 18 13 12 U
17 20 8 5 D
17 21 10 3 D
17 22 2 22 L
18 2 2 16 U
18 8 7 22 L
18 14 7 20 L
18 17 12 5 D
18 18 3 15 U
18 20 3 15 U
18 21 4 1 D
19 17 1 17 U
19 18 9 5 D

