17 12 174
0 0 6 7 6 3 6 0 9 7 0 3 8
0 0 0 0 14 14 0 0 16 5 6 10 0
0 12 0 3 0 10 0 0 2 10 15 9 7
6 0 0 9 0 0 0 0 5 0 0 0 0
0 0 0 13 1 0 0 11 0 0 0 0 0
0 0 0 0 0 0 0 0 0 0 0 0 0
0 0 3 11 0 0 13 0 7 7 0 7 0
0 1 0 15 5 0 0 0 9 0 0 0 0
14 0 8 0 0 0 0 0 6 0 0 0 0
0 1 5 0 0 9 0 8 4 3 0 0 15
0 0 0 10 0 6 0 0 0 0 0 0 0
3 0 1 0 0 0 5 0 0 0 14 0 14
0 12 0 3 0 0 6 0 2 0 0 5 7
0 0 0 0 U
0 1 0 1 U
0 2 0 2 U
0 3 0 3 R
0 4 0 4 R
0 5 0 5 R
0 6 0 6 D
0 7 0 7 D
0 8 0 8 D
0 9 0 9 L
0 10 0 10 L
0 11 0 11 L
1 0 2 0 U
1 1 8 1 U
1 2 5 2 U
1 3 0 1 U
1 4 13 2 U
1 5 11 6 D
1 6 2 6 D
1 7 0 9 L
1 8 6 3 R
1 9 7 9 L
1 10 9 1 U
1 11 8 0 U
2 0 3 9 L
2 1 1 1 U
2 2 1 10 L
2 3 0 9 L
2 4 8 7 D
2 5 4 5 R
2 6 5 10 L
2 7 7 5 R
2 8 11 11 L
2 9 10 8 D
2 10 7 7 D
2 11 13 8 D
3 0 10 5 R
3 1 10 5 R
3 2 0 4 R
3 3 6 7 D
3 4 15 0 U
3 5 2 8 D
3 6 12 3 R
3 7 0 4 R
3 8 0 5 R
3 9 0 7 D
3 10 13 2 U
3 11 10 11 L
4 0 0 8 D
4 1 5 9 L
4 2 2 5 R
4 3 13 3 R
4 4 15 6 D
4 5 8 5 R
4 6 9 1 U
4 7 0 11 L
4 8 5 10 L
4 9 0 0 U
4 10 15 0 U
4 11 5 11 L
5 0 4 3 R
5 1 0 10 L
5 2 4 11 L
5 3 6 6 D
5 4 1 2 U
5 5 4 7 D
5 6 8 9 L
5 7 0 3 R
5 8 8 9 L
5 9 12 8 D
5 10 4 10 L
5 11 11 1 U
6 0 0 9 L
6 1 0 8 D
6 2 0 7 D
6 3 2 9 L
6 4 0 7 D
6 5 2 5 R
6 6 2 4 R
6 7 4 9 L
6 8 5 1 U
6 9 0 6 D
6 10 13 10 L
6 11 15 8 D
7 0 0 3 R
7 1 0 3 R
7 2 3 3 R
7 3 14 0 U
7 4 5 8 D
7 5 3 6 D
7 6 0 2 U
7 7 5 7 D
7 8 3 0 U
7 9 11 0 U
7 10 1 6 D
7 11 2 11 L
8 0 9 11 L
8 1 0 6 D
8 3 11 1 U
8 4 0 0 U
8 5 12 6 D
8 6 12 6 D
8 7 9 7 D
8 8 11 10 L
8 9 6 7 D
8 10 9 10 L
8 11 9 11 L
9 0 5 9 L
9 1 3 1 U
9 2 1 2 U
9 3 15 0 U
9 4 1 0 U
9 5 5 5 R
9 6 0 9 L
9 7 15 7 D
9 8 1 8 D
9 9 7 6 D
9 10 0 1 U
10 0 8 6 D
10 1 3 4 R
10 2 15 2 U
10 3 0 6 D
10 4 1 7 D
10 5 6 5 R
10 6 12 0 U
10 7 7 3 R
10 8 6 5 R
10 9 9 6 D
10 10 3 8 D
10 11 12 7 D
11 0 8 10 L
11 1 1 1 U
11 3 3 1 U
11 4 7 4 R
11 6 0 10 L
11 7 8 7 D
11 9 15 9 L
11 10 9 6 D
11 11 9 2 U
12 0 1 11 L
12 1 10 8 D
12 3 1 3 R
12 4 8 4 R
12 6 10 0 U
12 7 3 0 U
12 8 0 1 U
12 9 3 1 U
12 10 0 8 D
12 11 4 6 D
13 0 5 3 R
13 2 3 4 R
13 3 4 7 D
13 4 14 8 D
13 5 4 2 U
13 6 2 3 R
13 7 3 3 R
13 9 4 3 R
13 10 7 6 D
14 0 12 9 L
14 1 13 3 R
14 3 6 8 D
14 4 0 2 U
14 6 6 9 L
14 7 0 0 U
14 9 12 2 U
14 10 0 2 U
15 0 1 10 L
15 4 11 4 R
15 5 10 5 R
15 6 9 6 D
15 7 4 10 L
15 8 9 8 D
15 10 7 10 L
16 0 13 9 L

