8 8 55
5 0 0 0 0 0 0 1 0 0 0 0 0
0 0 0 0 0 0 0 0 0 0 0 0 0
0 0 0 2 2 0 0 0 0 0 0 2 1
6 0 0 0 2 0 7 0 0 0 0 0 6
7 0 0 0 0 2 2 0 1 0 0 0 6
0 2 0 0 0 0 0 0 0 0 0 1 0
0 0 0 3 1 0 0 0 0 0 7 0 0
0 0 1 0 0 0 0 0 0 0 5 5 0
0 6 5 0 0 0 0 7 3 0 0 5 3
5 0 0 6 0 0 0 0 0 0 4 0 0
0 2 0 0 3 0 0 3 0 0 3 0 0
0 0 0 0 0 0 3 0 0 0 0 0 1
0 0 0 0 0 0 0 0 0 0 0 0 0
0 0 0 0 L
0 1 0 1 L
0 2 0 2 R
0 3 0 3 R
0 4 0 4 D
0 5 0 5 D
0 6 0 6 U
0 7 0 7 U
1 0 0 4 D
1 1 0 7 U
1 2 0 6 U
1 3 0 4 D
1 4 0 1 L
1 5 0 6 U
1 6 0 0 L
1 7 0 2 R
2 0 0 5 D
2 1 0 2 R
2 2 0 0 L
2 3 4 5 D
2 4 1 0 L
2 5 2 5 D
2 6 0 3 R
2 7 0 4 D
3 0 2 5 D
3 1 3 1 L
3 2 0 7 U
3 4 0 2 R
3 5 1 2 R
3 6 1 6 U
3 7 4 7 U
4 0 2 6 U
4 1 3 6 U
4 2 3 0 L
4 4 0 0 L
4 5 4 0 L
4 6 4 2 R
4 7 0 1 L
5 0 4 7 U
5 1 1 1 L
5 2 4 1 L
5 4 0 7 U
5 5 1 5 D
5 6 3 6 U
5 7 2 4 D
6 0 5 0 L
6 1 0 6 U
6 2 2 4 D
6 4 3 0 L
6 7 7 7 U
7 0 1 5 D
7 1 2 1 L
7 2 3 2 R
7 4 4 3 R
7 7 5 7 U

