19 20 308
8 0 0 0 0 0 11 13 0 1 9
6 13 11 12 17 0 17 2 5 0 17
0 14 0 0 0 0 0 0 0 11 0
0 0 0 0 12 0 0 13 0 0 0
0 0 0 11 0 0 16 0 0 1 0
9 5 18 0 0 0 16 2 0 2 0
14 15 0 0 14 0 7 11 0 6 0
0 14 7 0 0 0 0 8 5 14 0
3 14 13 14 16 0 5 0 15 0 1
0 0 0 1 8 0 9 8 0 0 13
1 15 14 0 0 0 0 0 0 0 9
0 0 0 0 D
0 1 0 1 D
0 2 0 2 D
0 3 0 3 D
0 4 0 4 D
0 5 0 5 R
0 6 0 6 R
0 7 0 7 R
0 8 0 8 R
0 9 0 9 R
0 10 0 10 R
0 11 0 11 U
0 12 0 12 U
0 13 0 13 U
0 14 0 14 U
0 15 0 15 L
0 16 0 16 L
0 17 0 17 L
0 18 0 18 L
0 19 0 19 L
1 0 10 8 R
1 1 9 18 L
1 2 8 15 L
1 3 3 3 D
1 4 13 4 D
1 5 0 2 D
1 6 5 16 L
1 7 0 17 L
1 8 4 8 R
1 9 8 12 U
1 10 13 11 U
1 11 0 0 D
1 12 2 8 R
1 13 0 2 D
1 14 12 14 U
1 15 2 0 D
1 16 8 2 D
1 17 8 14 U
1 18 4 12 U
1 19 6 19 L
2 0 6 19 L
2 1 5 12 U
2 2 7 8 R
2 3 11 16 L
2 4 16 17 L
2 5 10 0 D
2 6 12 4 D
2 7 12 0 D
2 8 5 8 R
2 9 3 11 U
2 10 3 10 R
2 11 8 7 R
2 12 0 9 R
2 13 12 13 U
2 14 0 3 D
2 15 3 12 U
2 16 0 13 U
2 17 1 3 D
2 18 1 11 U
2 19 5 1 D
3 0 0 15 L
3 1 15 5 R
3 2 2 16 L
3 3 0 7 R
3 4 4 6 R
3 5 1 1 D
3 6 10 15 L
3 7 10 7 R
3 8 13 11 U
3 9 6 9 R
3 10 5 10 R
3 11 7 9 R
3 12 2 12 U
3 13 11 13 U
3 14 10 8 R
3 15 0 4 D
3 16 10 16 L
3 17 0 14 U
3 18 2 18 L
3 19 2 19 L
4 0 1 10 R
4 1 9 17 L
4 2 0 5 R
4 3 0 9 R
4 4 1 4 D
4 5 6 4 D
4 6 0 3 D
4 7 11 4 D
4 8 7 11 U
4 9 6 3 D
4 10 3 14 U
4 11 0 5 R
4 12 6 7 R
4 13 14 5 R
4 14 15 1 D
4 15 15 15 L
4 16 12 12 U
4 17 0 2 D
4 18 1 2 D
4 19 7 5 R
5 0 9 0 D
5 1 12 8 R
5 2 12 2 D
5 3 7 12 U
5 4 10 6 R
5 5 3 18 L
5 6 9 6 R
5 7 8 7 R
5 8 11 15 L
5 9 11 9 R
5 10 1 13 U
5 11 1 2 D
5 12 2 2 D
5 13 4 7 R
5 14 7 17 L
5 15 9 14 U
5 16 13 16 L
5 17 3 17 L
5 18 7 18 L
5 19 6 19 L
6 0 0 11 U
6 1 0 16 L
6 2 5 16 L
6 3 3 17 L
6 4 15 18 L
6 5 0 1 D
6 6 5 0 D
6 7 9 12 U
6 8 15 8 R
6 9 3 9 R
6 10 3 10 R
6 11 5 0 D
6 12 11 5 R
6 13 9 13 U
6 14 9 10 R
6 15 0 0 D
6 16 7 13 U
6 17 3 4 D
6 18 0 6 R
6 19 4 19 L
7 0 5 17 L
7 1 8 9 R
7 2 12 5 R
7 3 8 3 D
7 4 10 8 R
7 5 10 2 D
7 6 3 13 U
7 7 2 7 R
7 8 8 8 R
7 9 5 9 R
7 11 3 19 L
7 12 11 12 U
7 13 4 13 U
7 14 0 17 L
7 15 3 2 D
7 16 2 16 L
7 17 8 12 U
7 18 10 4 D
7 19 5 11 U
8 0 13 6 R
8 1 5 8 R
8 2 7 6 R
8 3 3 7 R
8 4 7 9 R
8 5 15 2 D
8 6 5 3 D
8 7 5 11 U
8 8 7 8 R
8 9 1 14 U
8 11 11 15 L
8 12 9 9 R
8 13 11 13 U
8 14 2 14 U
8 15 5 11 U
8 16 6 3 D
8 17 9 17 L
8 18 12 5 R
8 19 0 11 U
9 0 4 17 L
9 1 1 15 L
9 2 1 2 D
9 3 0 17 L
9 4 5 14 U
9 5 3 12 U
9 6 10 16 L
9 7 6 14 U
9 8 11 11 U
9 9 0 11 U
9 10 15 10 R
9 11 1 0 D
9 12 7 6 R
9 13 0 1 D
9 15 4 0 D
9 16 3 14 U
9 17 5 1 D
9 18 0 11 U
9 19 11 13 U
10 0 3 15 L
10 1 2 1 D
10 2 11 2 D
10 3 5 10 R
10 4 7 11 U
10 5 1 15 L
10 6 7 18 L
10 7 1 17 L
10 8 5 8 R
10 10 5 10 R
10 11 14 5 R
10 12 13 17 L
10 13 7 15 L
10 14 4 0 D
10 15 2 15 L
10 16 3 11 U
10 17 14 11 U
10 18 7 3 D
10 19 9 0 D
11 0 0 19 L
11 1 2 1 D
11 2 2 2 D
11 3 10 19 L
11 4 3 4 D
11 5 0 0 D
11 6 5 6 R
11 8 6 1 D
11 11 7 5 R
11 12 4 0 D
11 13 1 1 D
11 14 4 18 L
11 15 13 5 R
11 16 12 10 R
11 17 13 17 L
11 18 10 12 U
11 19 3 11 U
12 0 3 7 R
12 1 0 10 R
12 2 3 2 D
12 3 6 3 D
12 4 15 4 D
12 5 16 5 R
12 6 1 4 D
12 8 15 13 U
12 11 14 4 D
12 12 1 12 U
12 13 8 4 D
12 14 4 14 U
12 15 3 13 U
12 16 3 6 R
12 17 11 5 R
12 18 9 18 L
12 19 4 13 U
13 0 9 18 L
13 1 9 15 L
13 2 2 2 D
13 3 2 19 L
13 5 0 16 L
13 6 6 13 U
13 8 10 19 L
13 9 7 18 L
13 10 1 10 R
13 11 5 16 L
13 12 1 15 L
13 13 0 7 R
13 14 2 7 R
13 15 6 5 R
13 16 3 1 D
13 17 10 11 U
13 18 10 13 U
13 19 8 19 L
14 0 4 6 R
14 1 7 1 D
14 2 0 11 U
14 3 12 3 D
14 5 12 17 L
14 6 1 11 U
14 7 0 14 U
14 12 4 18 L
14 13 1 13 U
14 14 6 6 R
14 15 10 3 D
14 16 0 1 D
14 17 16 3 D
14 18 5 18 L
15 0 5 18 L
15 2 4 16 L
15 3 14 5 R
15 5 2 14 U
15 6 11 6 R
15 9 5 9 R
15 11 10 11 U
15 12 1 12 U
15 13 16 3 D
15 14 4 14 U
15 15 12 1 D
15 16 13 0 D
15 17 12 13 U
15 18 3 18 L
16 2 3 16 L
16 6 13 18 L
16 12 14 6 R
16 13 12 13 U
16 15 5 12 U
16 16 12 1 D
16 17 9 2 D
16 18 4 18 L
17 12 5 15 L
17 13 12 16 L
17 16 16 1 D
18 13 12 6 R

