30 24 606
11 26 27 14 2 14 0 26 0 0 24 25 0 24 0 19
29 0 1 17 0 0 0 5 0 0 24 0 0 12 23 24
28 0 24 0 0 12 0 0 18 0 0 25 0 0 25 0
25 0 0 27 10 0 0 0 0 0 26 10 0 0 21 0
22 9 8 7 0 18 0 0 7 0 17 15 0 16 0 7
8 25 27 29 6 15 0 28 27 21 0 15 26 25 0 18
10 0 6 25 6 6 0 27 8 8 22 0 0 23 0 11
12 0 19 11 20 5 8 0 20 14 0 23 0 1 0 18
7 15 0 14 15 0 16 15 9 0 0 0 7 27 14 16
23 0 27 0 26 5 15 0 2 0 25 23 7 0 23 18
0 0 18 25 10 0 10 0 25 26 0 27 0 0 25 20
0 8 7 3 0 7 9 9 0 0 14 13 26 0 24 11
24 0 1 23 0 0 18 0 2 0 0 0 5 26 0 21
5 0 1 2 3 0 0 4 3 0 3 1 0 0 0 26
18 19 0 0 20 23 12 0 0 2 0 0 2 7 25 0
19 0 18 7 7 6 16 1 18 0 0 0 15 22 23 15
0 0 0 0 R
0 1 0 1 R
0 2 0 2 R
0 3 0 3 R
0 4 0 4 R
0 5 0 5 R
0 6 0 6 R
0 7 0 7 U
0 8 0 8 U
0 9 0 9 U
0 10 0 10 U
0 11 0 11 U
0 12 0 12 D
0 13 0 13 D
0 14 0 14 D
0 15 0 15 D
0 16 0 16 D
0 17 0 17 L
0 18 0 18 L
0 19 0 19 L
0 20 0 20 L
0 21 0 21 L
0 22 0 22 L
0 23 0 23 L
1 0 0 10 U
1 1 3 14 D
1 2 9 9 U
1 3 5 18 L
1 4 11 4 R
1 5 0 18 L
1 6 11 8 U
1 7 8 21 L
1 8 13 8 U
1 9 0 20 L
1 10 5 3 R
1 11 0 3 R
1 12 0 0 R
1 13 9 2 R
1 14 5 14 D
1 15 6 15 D
1 16 9 2 R
1 17 16 1 R
1 18 5 16 D
1 19 7 19 L
1 20 2 20 L
1 21 10 21 L
1 22 3 22 L
1 23 18 23 L
2 0 4 15 D
2 1 0 15 D
2 2 3 2 R
2 3 6 3 R
2 4 6 4 R
2 5 17 5 R
2 6 18 6 R
2 7 0 12 D
2 8 1 17 L
2 9 10 1 R
2 10 7 10 U
2 11 24 20 L
2 12 16 12 D
2 13 17 18 L
2 14 12 14 D
2 15 10 15 D
2 16 1 16 D
2 17 0 13 D
2 18 6 18 L
2 19 15 19 L
2 20 0 1 R
2 21 0 11 U
2 22 15 22 L
2 23 4 23 L
3 0 20 12 D
3 1 6 1 R
3 2 12 8 U
3 3 2 3 R
3 4 4 4 R
3 5 1 5 R
3 6 1 6 R
3 7 0 4 R
3 8 0 5 R
3 9 2 1 R
3 10 23 1 R
3 11 0 12 D
3 12 1 18 L
3 13 8 13 D
3 14 5 5 R
3 15 10 15 D
3 16 2 1 R
3 17 0 7 U
3 18 5 18 L
3 19 18 19 L
3 20 5 20 L
3 21 12 5 R
3 22 1 12 D
3 23 22 23 L
4 0 12 14 D
4 1 16 14 D
4 2 9 2 R
4 3 11 15 D
4 4 5 11 U
4 5 16 12 D
4 6 16 8 U
4 7 0 20 L
4 8 12 8 U
4 9 13 9 U
4 10 18 19 L
4 11 23 22 L
4 12 0 2 R
4 13 0 18 L
4 14 19 18 L
4 15 5 19 L
4 16 8 16 D
4 17 1 7 U
4 18 5 7 U
4 19 18 19 L
4 20 2 20 L
4 21 5 8 U
4 22 12 22 L
4 23 9 23 L
5 0 0 8 U
5 1 0 14 D
5 2 9 16 D
5 3 16 3 R
5 4 0 18 L
5 5 3 5 R
5 6 13 6 R
5 7 3 18 L
5 8 11 21 L
5 9 3 22 L
5 10 9 10 U
5 11 11 11 U
5 12 0 20 L
5 13 13 22 L
5 14 14 14 D
5 15 0 1 R
5 16 18 21 L
5 17 0 15 D
5 18 8 18 L
5 19 3 19 L
5 20 6 20 L
5 21 10 21 L
5 22 14 8 U
5 23 0 11 U
6 0 0 7 U
6 1 2 1 R
6 2 2 2 R
6 3 15 3 R
6 4 23 4 R
6 5 10 5 R
6 6 3 6 R
6 7 0 1 R
6 8 10 5 R
6 9 10 16 D
6 10 5 18 L
6 11 0 6 R
6 12 9 5 R
6 13 13 0 R
6 14 0 3 R
6 15 0 6 R
6 16 4 16 D
6 17 5 7 U
6 18 7 18 L
6 19 12 19 L
6 20 0 14 D
6 21 7 21 L
6 22 1 15 D
7 0 18 0 R
7 1 23 1 R
7 2 6 19 L
7 3 0 16 D
7 4 21 4 R
7 5 2 5 R
7 6 9 6 R
7 7 11 7 U
7 8 23 8 U
7 9 4 9 U
7 10 21 2 R
7 11 3 17 L
7 12 0 5 R
7 13 8 13 D
7 14 1 14 D
7 15 18 15 D
7 16 4 18 L
7 17 6 12 D
7 18 0 9 U
7 19 5 19 L
7 20 8 14 D
7 21 0 4 R
7 22 0 2 R
8 0 5 10 U
8 1 11 7 U
8 2 3 17 L
8 3 0 11 U
8 4 0 13 D
8 5 22 11 U
8 6 3 6 R
8 7 5 1 R
8 8 0 0 R
8 9 0 0 R
8 10 7 10 U
8 11 2 11 U
8 12 15 4 R
8 13 5 13 D
8 14 2 14 D
8 15 4 20 L
8 16 27 16 D
8 17 1 11 U
8 18 1 18 L
8 19 0 3 R
8 20 13 13 D
8 21 6 7 U
8 22 15 22 L
9 0 0 17 L
9 1 2 9 U
9 2 2 12 D
9 3 15 9 U
9 4 10 4 R
9 5 20 14 D
9 6 15 6 R
9 7 0 19 L
9 8 12 20 L
9 9 13 18 L
9 10 13 17 L
9 11 11 12 D
9 12 16 12 D
9 13 3 4 R
9 14 0 17 L
9 15 11 21 L
9 16 0 4 R
9 17 12 17 L
9 18 0 8 U
9 19 12 3 R
9 20 13 12 D
9 21 3 21 L
9 22 0 5 R
10 0 7 13 D
10 1 17 14 D
10 2 15 2 R
10 3 5 3 R
10 4 22 12 D
10 5 2 5 R
10 6 5 6 R
10 7 18 7 U
10 8 5 0 R
10 9 14 9 U
10 10 2 10 U
10 11 26 21 L
10 12 16 21 L
10 13 6 0 R
10 14 5 14 D
10 15 5 15 D
10 16 16 16 D
10 17 7 17 L
10 18 6 18 L
10 19 5 19 L
10 20 11 20 L
10 21 20 15 D
10 22 3 22 L
11 0 5 13 D
11 1 19 9 U
11 2 17 13 D
11 3 0 12 D
11 4 7 14 D
11 5 2 5 R
11 6 14 10 U
11 7 9 18 L
11 8 18 20 L
11 9 20 19 L
11 10 3 10 U
11 11 24 11 U
11 12 4 19 L
11 13 4 13 D
11 14 4 14 D
11 15 6 10 U
11 16 20 1 R
11 17 5 17 L
11 18 3 18 L
11 19 0 12 D
11 20 2 16 D
11 21 6 21 L
11 22 0 15 D
12 0 13 9 U
12 1 0 16 D
12 2 6 2 R
12 3 14 3 R
12 4 3 17 L
12 5 15 7 U
12 6 18 6 R
12 7 21 17 L
12 8 5 17 L
12 9 8 9 U
12 10 14 22 L
12 11 5 11 U
12 12 5 0 R
12 13 9 3 R
12 14 0 22 L
12 15 5 15 D
12 16 6 17 L
12 17 1 3 R
12 18 3 9 U
12 19 17 13 D
12 20 7 20 L
12 21 23 21 L
12 22 13 22 L
13 0 7 14 D
13 1 6 1 R
13 2 15 2 R
13 3 22 17 L
13 4 4 10 U
13 5 6 5 R
13 6 6 6 R
13 7 0 15 D
13 8 2 8 U
13 9 0 2 R
13 10 5 21 L
13 11 4 11 U
13 12 19 20 L
13 13 15 0 R
13 14 17 20 L
13 15 16 21 L
13 16 5 17 L
13 17 7 17 L
13 18 23 12 D
13 19 6 15 D
13 20 7 11 U
13 21 6 21 L
13 22 1 22 L
14 0 24 15 D
14 1 10 1 R
14 2 1 2 R
14 3 1 3 R
14 4 24 7 U
14 5 2 20 L
14 6 17 7 U
14 7 9 4 R
14 8 0 17 L
14 9 2 9 U
14 10 8 10 U
14 11 3 11 U
14 12 19 12 D
14 13 26 6 R
14 14 8 22 L
14 15 5 2 R
14 16 13 21 L
14 17 0 0 R
14 18 3 18 L
14 19 0 13 D
14 20 6 20 L
14 21 25 9 U
14 22 21 22 L
15 0 2 7 U
15 1 20 8 U
15 2 13 8 U
15 3 1 3 R
15 4 14 9 U
15 5 17 5 R
15 6 12 6 R
15 7 14 22 L
15 8 3 8 U
15 9 9 1 R
15 10 6 1 R
15 11 7 11 U
15 12 3 17 L
15 13 3 22 L
15 14 5 21 L
15 15 0 8 U
15 16 12 22 L
15 17 21 15 D
15 18 2 18 L
15 19 18 10 U
15 20 24 8 U
15 21 9 7 U
15 22 4 22 L
16 0 10 8 U
16 1 4 1 R
16 2 0 8 U
16 3 10 14 D
16 4 15 4 R
16 5 2 7 U
16 6 1 6 R
16 7 9 7 U
16 8 21 0 R
16 9 19 9 U
16 10 0 17 L
16 11 4 11 U
16 12 5 11 U
16 13 15 17 L
16 14 5 14 D
16 15 0 10 U
16 17 3 17 L
16 18 10 4 R
16 19 6 8 U
16 20 0 12 D
16 21 5 21 L
16 22 15 22 L
17 0 21 7 U
17 1 14 1 R
17 2 13 10 U
17 3 5 9 U
17 4 4 4 R
17 5 6 5 R
17 6 5 6 R
17 7 5 13 D
17 8 8 15 D
17 9 12 9 U
17 10 1 0 R
17 11 9 0 R
17 12 14 3 R
17 13 16 18 L
17 14 2 20 L
17 15 12 1 R
17 17 0 10 U
17 18 0 12 D
17 19 22 7 U
17 20 6 20 L
17 21 0 1 R
17 22 0 0 R
18 1 3 7 U
18 2 2 2 R
18 3 11 3 R
18 4 9 4 R
18 5 22 9 U
18 6 15 17 L
18 7 5 22 L
18 8 11 2 R
18 9 17 9 U
18 10 4 17 L
18 11 16 11 U
18 12 0 17 L
18 13 0 8 U
18 14 7 5 R
18 15 16 7 U
18 16 1 9 U
18 17 12 10 U
18 18 9 18 L
18 19 8 19 L
18 20 5 20 L
18 21 14 21 L
18 22 17 9 U
19 1 5 7 U
19 2 23 9 U
19 3 4 8 U
19 5 8 8 U
19 6 5 11 U
19 7 4 17 L
19 8 14 4 R
19 9 28 22 L
19 10 0 2 R
19 11 0 18 L
19 12 22 20 L
19 13 21 21 L
19 14 22 8 U
19 15 8 15 D
19 16 12 19 L
19 17 2 7 U
19 18 9 10 U
19 19 2 7 U
19 20 5 20 L
19 21 20 8 U
19 22 5 22 L
20 0 12 13 D
20 1 25 12 D
20 2 15 2 R
20 3 3 13 D
20 4 9 13 D
20 5 8 5 R
20 7 22 20 L
20 8 0 6 R
20 9 10 22 L
20 10 3 21 L
20 11 17 11 U
20 12 24 0 R
20 13 0 21 L
20 14 5 14 D
20 15 18 19 L
20 17 6 13 D
20 18 1 16 D
20 19 1 19 L
20 20 6 16 D
20 21 27 14 D
20 22 2 22 L
21 1 2 1 R
21 2 7 12 D
21 3 19 3 R
21 5 22 5 R
21 7 14 14 D
21 8 2 20 L
21 9 0 13 D
21 10 16 5 R
21 11 4 11 U
21 12 5 12 D
21 13 0 5 R
21 14 5 14 D
21 15 2 18 L
21 16 16 18 L
21 17 17 17 L
21 18 0 0 R
21 19 2 19 L
21 20 22 3 R
21 21 0 13 D
21 22 15 22 L
22 1 8 1 R
22 2 5 2 R
22 3 7 15 D
22 4 5 15 D
22 5 10 13 D
22 7 25 5 R
22 8 1 8 U
22 9 2 9 U
22 10 7 10 U
22 11 3 11 U
22 12 5 22 L
22 13 0 9 U
22 14 8 19 L
22 15 0 7 U
22 16 21 2 R
22 17 23 9 U
22 18 23 1 R
22 19 0 6 R
22 20 21 5 R
22 21 0 16 D
22 22 0 8 U
23 1 11 16 D
23 2 3 2 R
23 3 3 3 R
23 5 26 15 D
23 6 18 6 R
23 7 14 2 R
23 8 17 18 L
23 9 5 0 R
23 10 6 10 U
23 11 16 3 R
23 12 8 21 L
23 13 8 2 R
23 14 7 20 L
23 15 11 15 D
23 16 1 17 L
23 17 3 17 L
23 18 1 18 L
23 19 6 7 U
23 20 16 20 L
23 21 5 21 L
23 22 15 22 L
24 1 7 14 D
24 2 4 11 U
24 3 0 10 U
24 5 2 9 U
24 7 22 6 R
24 8 16 6 R
24 9 2 9 U
24 11 16 11 U
24 13 11 13 D
24 14 12 17 L
24 15 11 18 L
24 16 16 21 L
24 17 18 13 D
24 18 5 12 D
24 19 25 1 R
24 20 14 16 D
24 21 28 12 D
24 22 29 22 L
25 1 14 1 R
25 2 2 16 D
25 3 24 7 U
25 5 9 5 R
25 7 3 5 R
25 8 20 21 L
25 13 19 13 D
25 14 12 14 D
25 15 22 2 R
25 16 3 1 R
25 18 3 18 L
25 19 5 19 L
25 20 7 20 L
25 21 10 21 L
25 22 27 22 L
26 1 20 16 D
26 2 3 2 R
26 3 9 3 R
26 5 3 5 R
26 8 24 23 L
26 12 11 12 D
26 14 4 14 D
26 15 5 15 D
26 18 25 18 L
26 19 2 16 D
26 20 2 0 R
26 22 17 22 L
27 1 20 1 R
27 2 14 2 R
27 3 9 3 R
27 5 11 5 R
27 14 14 14 D
27 15 7 15 D
27 18 5 13 D
27 19 2 19 L
27 20 24 16 D
27 22 10 22 L
28 1 11 12 D
28 5 1 5 R
28 15 3 15 D
28 20 20 13 D
29 1 18 1 R
29 5 10 5 R
29 15 14 15 D

