13 4 50
6 0 0 0 0 0 0 0 0 0
9 4 1 4 0 0 6 0 0 0
0 0 0 7 0 0 0 6 0 4
0 0 1 2 0 4 0 0 0 6
10 0 3 0 11 12 0 0 10 0
0 0 0 0 0 0 0 5 0 0
12 0 0 0 0 0 1 0 7 1
7 3 4 0 0 0 0 4 5 0
8 0 2 0 10 0 0 0 8 0
8 0 8 8 9 0 0 8 2 0
0 0 0 0 L
0 1 0 1 R
0 2 0 2 D
0 3 0 3 U
1 0 0 2 D
1 1 2 3 U
1 2 2 0 L
1 3 0 1 R
2 0 5 0 L
2 1 0 3 U
2 2 0 0 L
2 3 4 3 U
3 0 0 3 U
3 1 1 1 R
3 2 0 1 R
3 3 6 3 U
4 0 6 2 D
4 1 0 0 L
4 2 3 2 D
4 3 0 0 L
5 0 6 3 U
5 1 0 2 D
5 2 0 3 U
5 3 4 1 R
6 0 1 2 D
6 1 1 2 D
6 2 1 1 R
6 3 0 2 D
7 0 3 3 U
7 1 3 1 R
7 2 4 2 D
7 3 1 1 R
8 0 0 1 R
8 1 2 1 R
8 2 3 1 R
8 3 2 0 L
9 0 7 3 U
9 1 1 1 R
9 2 7 1 R
9 3 12 3 U
10 0 5 2 D
10 1 4 0 L
10 2 9 0 L
10 3 11 3 U
11 0 4 0 L
11 1 10 1 R
11 2 5 2 D
12 0 9 3 U
12 1 11 1 R
12 2 4 2 D

