39 54 1875
33 33 33 32 0 33 34 37 36 32 22 16 15 13 8 1 20 13 7
0 9 0 24 37 35 0 37 35 33 0 34 11 16 25 1 8 22 21
21 31 33 33 14 3 33 24 36 0 24 0 1 13 32 31 29 30 22
0 0 28 12 7 23 0 29 16 34 24 0 20 32 12 0 14 13 23
30 0 0 19 0 11 35 1 7 35 31 0 0 19 22 32 31 0 14
6 12 8 28 0 19 36 24 31 0 23 32 18 0 32 26 0 32 2
4 0 19 10 37 0 26 25 35 34 30 34 0 0 33 22 32 30 12
20 34 33 0 0 0 26 0 34 0 24 34 15 0 29 18 13 14 15
28 26 28 0 0 17 0 0 13 0 16 0 15 0 0 25 28 12 12
30 28 37 0 0 23 0 0 0 37 21 20 0 0 19 16 18 9 11
29 36 0 26 33 1 24 17 17 0 20 0 36 3 0 14 31 35 4
27 19 0 30 0 24 16 16 31 25 18 4 25 0 2 35 22 36 23
4 21 0 32 0 13 37 17 18 29 11 3 0 0 0 28 32 31 5
0 34 0 16 27 0 34 0 35 37 33 23 0 0 0 36 24 13 21
27 33 35 24 0 0 0 0 0 0 0 0 37 0 0 37 0 14 15
37 0 0 0 0 0 0 0 37 36 23 0 31 38 0 0 34 26 7
32 18 0 0 0 0 0 0 0 36 0 0 0 0 0 35 35 0 34
12 1 24 4 13 29 2 21 0 35 16 36 0 35 0 37 14 21 1
0 16 19 28 29 0 7 15 30 0 21 31 7 0 5 31 28 16 1
0 0 0 0 D
0 1 0 1 D
0 2 0 2 D
0 3 0 3 D
0 4 0 4 D
0 5 0 5 D
0 6 0 6 D
0 7 0 7 D
0 8 0 8 D
0 9 0 9 D
0 10 0 10 D
0 11 0 11 D
0 12 0 12 R
0 13 0 13 R
0 14 0 14 R
0 15 0 15 R
0 16 0 16 R
0 17 0 17 R
0 18 0 18 R
0 19 0 19 R
0 20 0 20 R
0 21 0 21 R
0 22 0 22 R
0 23 0 23 R
0 24 0 24 R
0 25 0 25 R
0 26 0 26 R
0 27 0 27 R
0 28 0 28 U
0 29 0 29 U
0 30 0 30 U
0 31 0 31 U
0 32 0 32 U
0 33 0 33 U
0 34 0 34 U
0 35 0 35 U
0 36 0 36 U
0 37 0 37 U
0 38 0 38 U
0 39 0 39 L
0 40 0 40 L
0 41 0 41 L
0 42 0 42 L
0 43 0 43 L
0 44 0 44 L
0 45 0 45 L
0 46 0 46 L
0 47 0 47 L
0 48 0 48 L
0 49 0 49 L
0 50 0 50 L
0 51 0 51 L
0 52 0 52 L
0 53 0 53 L
1 0 0 12 R
1 1 0 29 U
1 2 2 14 R
1 3 0 43 L
1 4 2 44 L
1 5 0 44 L
1 6 0 32 U
1 7 4 45 L
1 8 3 48 L
1 9 1 48 L
1 10 1 24 R
1 11 5 19 R
1 12 0 40 L
1 13 0 0 D
1 14 0 28 U
1 15 2 30 U
1 16 2 3 D
1 17 2 28 U
1 18 1 5 D
1 19 0 39 L
1 20 0 40 L
1 21 4 7 D
1 22 2 36 U
1 23 3 9 D
1 24 1 9 D
1 25 1 10 D
1 26 2 9 D
1 27 0 33 U
1 28 0 39 L
1 29 0 14 R
1 30 0 1 D
1 31 1 15 R
1 32 2 18 R
1 33 0 13 R
1 34 2 14 R
1 35 4 47 L
1 36 3 44 L
1 37 0 23 R
1 38 1 49 L
1 39 0 0 D
1 40 0 28 U
1 41 0 2 D
1 42 0 15 R
1 43 0 15 R
1 44 3 29 U
1 45 1 6 D
1 46 4 1 D
1 47 3 6 D
1 48 3 35 U
1 49 2 37 U
1 50 0 23 R
1 51 3 10 D
1 52 4 10 D
1 53 8 4 D
2 0 0 40 L
2 1 0 41 L
2 2 1 2 D
2 3 2 3 D
2 4 0 17 R
2 5 3 5 D
2 6 2 6 D
2 7 4 7 D
2 8 1 18 R
2 9 2 9 D
2 10 4 10 D
2 11 2 11 D
2 12 1 12 R
2 13 1 13 R
2 14 2 1 D
2 15 0 30 U
2 16 2 16 R
2 17 1 17 R
2 18 1 18 R
2 19 4 19 R
2 20 3 20 R
2 21 3 21 R
2 22 3 22 R
2 23 2 23 R
2 24 3 24 R
2 25 1 25 R
2 26 5 26 R
2 27 1 27 R
2 28 0 13 R
2 29 0 40 L
2 30 0 42 L
2 31 2 31 U
2 32 1 32 U
2 33 3 33 U
2 34 4 34 U
2 35 0 7 D
2 36 4 36 U
2 37 2 48 L
2 38 2 38 U
2 39 2 0 D
2 40 0 29 U
2 41 1 31 U
2 42 1 42 L
2 43 2 43 L
2 44 3 44 L
2 45 3 45 L
2 46 2 46 L
2 47 2 47 L
2 48 4 48 L
2 49 3 49 L
2 50 3 50 L
2 51 1 51 L
2 52 3 52 L
2 53 6 53 L
3 0 0 42 L
3 1 0 13 R
3 2 1 39 L
3 3 2 16 R
3 4 0 14 R
3 5 0 20 R
3 6 3 20 R
3 7 2 7 D
3 8 4 8 D
3 9 3 9 D
3 10 0 51 L
3 11 3 52 L
3 12 0 28 U
3 13 0 2 D
3 14 0 4 D
3 15 0 29 U
3 16 1 16 R
3 17 0 31 U
3 18 2 18 R
3 19 1 19 R
3 20 4 34 U
3 21 2 21 R
3 22 4 22 R
3 23 1 23 R
3 24 2 24 R
3 25 2 25 R
3 26 4 26 R
3 27 5 27 R
3 28 3 28 U
3 29 2 17 R
3 30 3 30 U
3 31 0 15 R
3 32 1 13 R
3 33 2 33 U
3 34 3 4 D
3 35 4 35 U
3 36 2 36 U
3 37 2 37 U
3 38 3 15 R
3 39 0 30 U
3 40 0 1 D
3 41 2 34 U
3 42 1 3 D
3 43 3 5 D
3 44 0 4 D
3 45 2 45 L
3 46 4 46 L
3 47 1 47 L
3 48 1 8 D
3 49 4 49 L
3 50 2 50 L
3 51 2 51 L
3 52 4 52 L
3 53 7 53 L
4 0 1 46 L
4 1 2 41 L
4 2 0 39 L
4 3 1 43 L
4 4 1 41 L
4 5 4 43 L
4 6 0 42 L
4 7 3 16 R
4 8 0 37 U
4 9 4 50 L
4 10 5 51 L
4 11 7 39 L
4 12 0 32 U
4 13 0 3 D
4 14 4 32 U
4 15 0 47 L
4 16 2 5 D
4 17 3 17 R
4 18 1 36 U
4 19 2 19 R
4 20 4 20 R
4 21 1 21 R
4 22 2 37 U
4 23 1 38 U
4 24 8 35 U
4 25 4 25 R
4 26 0 6 D
4 27 2 27 R
4 28 1 45 L
4 29 0 17 R
4 30 0 0 D
4 31 3 19 R
4 32 4 40 L
4 33 4 33 U
4 34 0 21 R
4 35 2 22 R
4 36 4 15 R
4 37 3 22 R
4 38 5 38 U
4 39 3 33 U
4 40 3 13 R
4 41 4 41 L
4 42 0 34 U
4 43 0 35 U
4 44 3 35 U
4 45 1 45 L
4 46 1 46 L
4 47 3 8 D
4 48 3 48 L
4 49 5 34 U
4 50 3 5 D
4 51 4 38 U
4 52 2 52 L
4 53 4 53 L
5 0 2 0 D
5 1 3 40 L
5 2 1 17 R
5 3 5 32 U
5 4 3 44 L
5 5 2 46 L
5 6 5 47 L
5 7 5 26 R
5 8 2 13 R
5 9 3 43 L
5 10 5 17 R
5 11 6 11 D
5 12 0 37 U
5 13 3 7 D
5 14 4 10 D
5 15 0 38 U
5 16 4 30 U
5 17 5 11 D
5 18 0 42 L
5 19 2 31 U
5 20 4 5 D
5 21 0 35 U
5 22 6 10 D
5 23 0 5 D
5 24 4 37 U
5 25 3 25 R
5 26 5 0 D
5 27 12 7 D
5 28 4 25 R
5 29 2 16 R
5 30 3 39 L
5 31 0 18 R
5 32 5 27 R
5 33 0 1 D
5 34 5 3 D
5 35 2 49 L
5 36 0 48 L
5 37 0 50 L
5 38 1 14 R
5 39 4 0 D
5 40 1 29 U
5 41 2 28 U
5 42 2 1 D
5 43 1 2 D
5 44 0 21 R
5 45 0 26 R
5 46 0 36 U
5 47 0 12 R
5 48 0 14 R
5 49 5 49 L
5 50 1 1 D
5 51 5 51 L
5 52 0 26 R
5 53 2 8 D
6 0 4 49 L
6 1 2 39 L
6 2 6 22 R
6 3 7 20 R
6 4 8 43 L
6 5 5 5 D
6 6 2 46 L
6 7 6 26 R
6 8 1 14 R
6 9 0 50 L
6 10 3 50 L
6 11 5 11 D
6 12 4 31 U
6 13 0 41 L
6 14 2 40 L
6 15 5 8 D
6 16 5 29 U
6 17 7 36 U
6 18 4 5 D
6 19 3 29 U
6 20 6 41 L
6 21 0 48 L
6 22 7 22 R
6 23 8 10 D
6 24 10 24 R
6 25 0 39 L
6 26 7 0 D
6 27 14 27 R
6 28 2 19 R
6 29 4 29 U
6 30 7 16 R
6 31 0 52 L
6 32 6 19 R
6 33 0 16 R
6 34 6 48 L
6 35 7 10 D
6 36 7 42 L
6 37 7 47 L
6 38 3 18 R
6 39 6 28 U
6 40 6 7 D
6 41 0 11 D
6 42 8 11 D
6 43 6 7 D
6 44 2 2 D
6 45 7 37 U
6 46 6 3 D
6 47 8 24 R
6 48 8 3 D
6 49 4 33 U
6 50 6 50 L
6 51 0 1 D
6 52 5 52 L
6 53 11 53 L
7 0 6 47 L
7 1 5 13 R
7 2 6 2 D
7 3 2 49 L
7 4 8 20 R
7 5 6 44 L
7 6 1 6 D
7 7 0 38 U
7 8 3 8 D
7 9 3 19 R
7 10 0 25 R
7 11 0 29 U
7 12 0 9 D
7 13 6 13 R
7 14 6 33 U
7 15 6 15 R
7 16 6 33 U
7 17 8 32 U
7 18 7 18 R
7 19 7 38 U
7 20 8 4 D
7 21 7 21 R
7 22 6 22 R
7 23 7 23 R
7 24 11 24 R
7 25 8 25 R
7 26 6 26 R
7 27 10 27 R
7 28 5 51 L
7 29 0 20 R
7 30 1 12 R
7 31 1 31 U
7 32 6 32 U
7 33 3 40 L
7 34 3 34 U
7 35 9 20 R
7 36 8 36 U
7 37 8 37 U
7 38 0 39 L
7 39 6 30 U
7 40 7 40 L
7 41 7 32 U
7 42 7 42 L
7 43 6 43 L
7 44 6 32 U
7 45 8 45 L
7 46 7 46 L
7 47 9 47 L
7 48 6 48 L
7 49 6 30 U
7 50 7 50 L
7 51 13 4 D
7 52 4 28 U
7 53 10 53 L
8 0 3 12 R
8 1 3 13 R
8 2 0 14 R
8 3 7 17 R
8 4 7 4 D
8 5 7 45 L
8 6 7 6 D
8 7 0 34 U
8 8 7 15 R
8 9 7 9 D
8 10 7 44 L
8 11 7 45 L
8 12 2 6 D
8 13 7 28 U
8 14 7 14 R
8 15 7 15 R
8 16 5 31 U
8 17 7 34 U
8 18 7 37 U
8 19 0 53 L
8 20 7 20 R
8 21 6 21 R
8 22 7 2 D
8 23 6 23 R
8 24 10 10 D
8 25 11 25 R
8 26 8 49 L
8 27 13 27 R
8 28 8 40 L
8 29 3 22 R
8 30 6 17 R
8 31 5 46 L
8 32 7 17 R
8 33 4 23 R
8 34 7 34 U
8 35 9 53 L
8 36 7 14 R
8 37 1 18 R
8 38 5 49 L
8 39 1 0 D
8 40 5 7 D
8 41 9 2 D
8 42 8 42 L
8 43 1 16 R
8 44 9 28 U
8 45 0 37 U
8 46 8 36 U
8 47 12 47 L
8 48 7 11 D
8 49 6 49 L
8 50 5 8 D
8 51 12 51 L
8 52 9 1 D
8 53 9 53 L
9 0 7 24 R
9 1 6 46 L
9 2 2 40 L
9 3 8 34 U
9 4 6 12 R
9 5 11 15 R
9 6 9 18 R
9 7 9 21 R
9 8 10 19 R
9 9 11 22 R
9 10 0 50 L
9 11 5 24 R
9 12 1 1 D
9 13 7 1 D
9 14 6 4 D
9 15 8 31 U
9 16 9 3 D
9 17 9 5 D
9 18 9 32 U
9 19 9 29 U
9 20 11 8 D
9 21 0 45 L
9 22 0 8 D
9 23 11 36 U
9 24 9 24 R
9 25 9 3 D
9 26 13 35 U
9 27 14 2 D
9 28 8 13 R
9 29 9 40 L
9 30 2 13 R
9 31 8 42 L
9 32 9 41 L
9 33 2 15 R
9 34 6 39 L
9 35 10 35 U
9 36 11 45 L
9 37 11 49 L
9 38 7 38 U
9 39 10 2 D
9 40 11 0 D
9 41 0 17 R
9 42 4 30 U
9 43 8 31 U
9 44 9 33 U
9 45 0 28 U
9 46 6 0 D
9 47 8 1 D
9 48 5 24 R
9 49 5 4 D
9 50 11 7 D
9 51 13 51 L
9 52 8 52 L
9 53 10 9 D
10 0 8 0 D
10 1 7 12 R
10 2 4 44 L
10 3 10 3 D
10 4 4 39 L
10 5 10 5 D
10 6 10 6 D
10 7 11 7 D
10 8 0 21 R
10 9 2 53 L
10 10 11 10 D
10 11 9 11 D
10 12 7 30 U
10 13 8 13 R
10 14 8 14 R
10 15 6 31 U
10 16 10 16 R
10 17 10 17 R
10 18 11 5 D
10 19 0 43 L
10 20 10 20 R
10 21 11 4 D
10 22 10 22 R
10 23 5 37 U
10 24 11 38 U
10 25 9 25 R
10 26 13 26 R
10 27 16 35 U
10 28 5 16 R
10 29 11 29 U
10 30 0 41 L
10 31 11 18 R
10 32 10 32 U
10 33 10 21 R
10 34 8 34 U
10 35 11 35 U
10 36 10 23 R
10 37 11 50 L
10 38 10 53 L
10 39 9 39 L
10 40 10 40 L
10 41 11 41 L
10 42 11 42 L
10 43 10 43 L
10 44 11 44 L
10 45 10 6 D
10 46 8 1 D
10 47 10 47 L
10 48 7 48 L
10 49 11 36 U
10 50 9 24 R
10 51 0 28 U
10 52 10 52 L
10 53 3 53 L
11 0 9 45 L
11 1 8 14 R
11 2 9 46 L
11 3 8 3 D
11 4 11 19 R
11 5 7 42 L
11 6 11 50 L
11 7 10 7 D
11 8 0 26 R
11 9 9 9 D
11 10 8 18 R
11 11 1 51 L
11 12 8 12 R
11 13 5 13 R
11 14 4 4 D
11 15 3 33 U
11 16 9 16 R
11 17 9 17 R
11 18 10 18 R
11 19 8 6 D
11 20 9 35 U
11 21 10 21 R
11 22 9 9 D
11 23 8 0 D
11 24 6 38 U
11 25 10 25 R
11 26 12 26 R
11 27 14 7 D
11 28 10 19 R
11 29 10 29 U
11 30 8 14 R
11 31 8 43 L
11 32 9 32 U
11 33 10 33 U
11 34 10 44 L
11 35 10 20 R
11 36 11 23 R
11 37 10 37 U
11 38 9 23 R
11 39 3 2 D
11 40 3 38 U
11 41 10 41 L
11 42 5 42 L
11 43 10 34 U
11 44 9 35 U
11 45 2 22 R
11 46 9 46 L
11 47 11 47 L
11 48 11 48 L
11 49 6 11 D
11 50 5 50 L
11 52 6 52 L
11 53 7 38 U
12 0 0 47 L
12 1 9 25 R
12 2 12 47 L
12 3 0 36 U
12 4 12 22 R
12 5 6 52 L
12 6 11 39 L
12 7 10 24 R
12 8 3 34 U
12 9 15 27 R
12 10 3 47 L
12 11 8 11 D
12 12 12 37 U
12 13 9 28 U
12 14 11 33 U
12 15 13 38 U
12 16 10 29 U
12 17 4 28 U
12 18 11 31 U
12 19 8 34 U
12 20 9 10 D
12 21 0 50 L
12 22 12 3 D
12 23 29 23 R
12 24 11 6 D
12 25 3 11 D
12 26 13 4 D
12 27 16 44 L
12 28 9 25 R
12 29 10 48 L
12 30 12 17 R
12 31 3 14 R
12 32 9 21 R
12 33 3 7 D
12 34 13 16 R
12 35 12 40 L
12 36 0 26 R
12 37 12 46 L
12 38 13 38 U
12 39 0 16 R
12 40 12 34 U
12 41 13 30 U
12 42 7 15 R
12 43 12 37 U
12 44 0 3 D
12 45 16 1 D
12 46 12 32 U
12 47 0 14 R
12 48 12 3 D
12 49 21 10 D
12 50 10 24 R
12 52 0 38 U
12 53 11 0 D
13 0 12 28 U
13 1 12 20 R
13 2 11 42 L
13 3 10 48 L
13 4 8 28 U
13 5 7 5 D
13 6 0 53 L
13 7 2 53 L
13 8 15 8 D
13 9 16 9 D
13 10 12 10 D
13 11 12 11 D
13 12 13 32 U
13 13 12 13 R
13 14 13 33 U
13 15 7 35 U
13 16 13 33 U
13 17 7 31 U
13 18 12 18 R
13 19 25 9 D
13 20 11 20 R
13 21 8 36 U
13 22 13 22 R
13 23 28 8 D
13 24 13 38 U
13 25 13 25 R
13 26 11 26 R
13 27 17 27 R
13 28 9 12 R
13 29 10 13 R
13 30 12 30 U
13 31 7 41 L
13 32 0 5 D
13 33 13 15 R
13 34 13 19 R
13 35 12 2 D
13 36 12 25 R
13 37 7 21 R
13 38 12 43 L
13 39 0 10 D
13 40 13 40 L
13 41 11 28 U
13 42 13 42 L
13 43 13 43 L
13 44 16 44 L
13 45 15 45 L
13 46 14 8 D
13 47 13 47 L
13 48 10 11 D
13 49 18 37 U
13 50 13 50 L
13 52 1 52 L
13 53 9 0 D
14 0 13 22 R
14 1 14 27 R
14 2 15 12 R
14 3 11 26 R
14 4 14 4 D
14 5 0 40 L
14 6 13 6 D
14 7 14 25 R
14 8 14 8 D
14 9 15 9 D
14 10 6 53 L
14 11 10 42 L
14 12 16 29 U
14 13 13 38 U
14 14 14 30 U
14 15 0 10 D
14 16 13 29 U
14 17 15 45 L
14 18 19 18 R
14 19 18 19 R
14 20 10 6 D
14 22 8 22 R
14 23 25 23 R
14 25 12 33 U
14 26 2 37 U
14 27 16 27 R
14 28 9 50 L
14 29 13 13 R
14 30 5 11 D
14 31 13 20 R
14 32 8 15 R
14 33 14 40 L
14 34 0 13 R
14 35 16 25 R
14 36 14 6 D
14 37 16 42 L
14 38 10 40 L
14 39 16 0 D
14 40 3 32 U
14 41 16 34 U
14 42 0 24 R
14 43 15 33 U
14 44 18 5 D
14 45 0 16 R
14 46 14 46 L
14 47 10 30 U
14 48 17 4 D
14 49 23 11 D
14 50 3 11 D
14 52 0 7 D
14 53 13 1 D
15 0 10 32 U
15 1 16 22 R
15 2 14 2 D
15 3 14 48 L
15 4 8 51 L
15 5 13 27 R
15 6 14 25 R
15 7 14 45 L
15 8 7 46 L
15 9 19 27 R
15 10 16 45 L
15 11 15 11 D
15 12 13 39 L
15 13 13 33 U
15 14 6 8 D
15 15 15 35 U
15 16 14 32 U
15 17 15 17 R
15 18 13 37 U
15 19 28 19 R
15 20 15 29 U
15 22 15 4 D
15 23 15 2 D
15 25 16 38 U
15 26 8 28 U
15 27 7 1 D
15 28 12 16 R
15 29 14 3 D
15 30 15 30 U
15 31 13 31 U
15 32 14 32 U
15 33 12 41 L
15 34 14 34 U
15 35 16 43 L
15 36 16 36 U
15 37 5 41 L
15 38 13 40 L
15 39 13 33 U
15 40 12 28 U
15 41 16 41 L
15 42 15 36 U
15 43 16 3 D
15 44 18 44 L
15 45 16 45 L
15 46 10 46 L
15 47 15 47 L
15 48 17 48 L
15 49 22 49 L
15 50 16 50 L
15 52 24 52 L
16 0 14 39 L
16 1 0 45 L
16 2 14 14 R
16 3 0 35 U
16 4 16 4 D
16 5 10 43 L
16 6 15 6 D
16 7 16 7 D
16 8 16 8 D
16 9 19 9 D
16 10 0 13 R
16 11 15 22 R
16 12 16 37 U
16 13 3 13 R
16 14 15 14 R
16 15 16 15 R
16 16 15 32 U
16 17 13 17 R
16 18 19 8 D
16 19 27 19 R
16 20 14 33 U
16 22 16 0 D
16 23 34 23 R
16 25 15 5 D
16 26 14 26 R
16 27 18 27 R
16 28 14 14 R
16 29 15 40 L
16 30 13 30 U
16 31 15 31 U
16 32 7 12 R
16 33 15 20 R
16 34 0 2 D
16 35 12 27 R
16 36 14 36 U
16 37 7 37 U
16 38 15 41 L
16 39 0 5 D
16 40 16 31 U
16 41 15 10 D
16 42 17 36 U
16 43 6 15 R
16 44 17 44 L
16 45 14 9 D
16 46 15 46 L
16 47 8 11 D
16 48 18 48 L
16 49 28 3 D
16 50 17 50 L
16 52 13 52 L
17 0 16 41 L
17 1 17 14 R
17 2 11 2 D
17 3 8 42 L
17 4 14 17 R
17 5 13 20 R
17 6 16 14 R
17 7 16 39 L
17 8 15 36 U
17 9 18 9 D
17 10 13 10 D
17 11 17 44 L
17 12 10 0 D
17 13 0 7 D
17 14 11 42 L
17 15 10 1 D
17 16 16 16 R
17 17 18 17 R
17 18 15 18 R
17 19 20 1 D
17 20 2 20 R
17 22 8 29 U
17 23 30 23 R
17 25 14 34 U
17 26 3 36 U
17 27 19 8 D
17 28 3 23 R
17 29 14 42 L
17 30 14 26 R
17 31 8 2 D
17 32 17 43 L
17 33 5 47 L
17 34 0 18 R
17 35 19 27 R
17 36 15 17 R
17 37 18 50 L
17 38 14 20 R
17 39 9 26 R
17 40 12 30 U
17 41 17 6 D
17 42 7 2 D
17 43 18 43 L
17 44 2 44 L
17 45 13 10 D
17 46 0 16 R
17 47 18 47 L
17 48 13 8 D
17 49 29 49 L
17 50 19 50 L
17 52 18 52 L
18 0 9 12 R
18 1 18 12 R
18 2 14 47 L
18 3 0 44 L
18 4 18 4 D
18 5 17 5 D
18 6 18 6 D
18 7 19 14 R
18 8 4 39 L
18 9 18 27 R
18 10 14 10 D
18 11 13 11 D
18 12 17 1 D
18 13 6 3 D
18 14 0 29 U
18 15 17 15 R
18 16 11 29 U
18 17 18 31 U
18 18 18 18 R
18 19 21 19 R
18 20 5 20 R
18 22 14 44 L
18 23 33 52 L
18 25 20 25 R
18 26 24 26 R
18 27 19 7 D
18 28 16 16 R
18 29 7 13 R
18 30 9 46 L
18 31 15 27 R
18 32 18 32 U
18 33 17 33 U
18 34 5 34 U
18 35 17 35 U
18 36 17 36 U
18 37 18 37 U
18 38 0 2 D
18 39 0 8 D
18 40 14 29 U
18 41 17 41 L
18 42 17 28 U
18 43 17 43 L
18 44 18 31 U
18 45 13 45 L
18 46 18 46 L
18 47 19 6 D
18 48 19 48 L
18 49 27 49 L
18 50 15 35 U
18 52 17 52 L
19 0 17 48 L
19 1 18 1 D
19 2 18 13 R
19 3 19 44 L
19 4 17 27 R
19 5 15 41 L
19 6 5 31 U
19 7 0 28 U
19 8 17 8 D
19 9 17 17 R
19 10 13 41 L
19 11 0 16 R
19 12 15 34 U
19 13 18 0 D
19 14 19 3 D
19 15 18 2 D
19 16 19 35 U
19 17 14 17 R
19 18 20 11 D
19 19 26 3 D
19 20 15 35 U
19 22 21 22 R
19 23 33 23 R
19 25 21 7 D
19 26 25 26 R
19 27 16 9 D
19 28 18 17 R
19 29 18 27 R
19 30 7 48 L
19 31 17 15 R
19 32 17 47 L
19 33 15 33 U
19 34 12 34 U
19 35 16 18 R
19 36 17 43 L
19 37 17 50 L
19 38 15 38 U
19 39 18 2 D
19 40 14 22 R
19 41 17 33 U
19 42 0 31 U
19 43 18 28 U
19 44 15 9 D
19 45 19 31 U
19 46 14 2 D
19 47 19 47 L
19 48 21 35 U
19 49 24 1 D
19 50 0 36 U
19 52 16 8 D
20 0 19 12 R
20 1 20 18 R
20 2 18 15 R
20 3 21 22 R
20 4 22 41 L
20 5 0 22 R
20 6 19 39 L
20 7 12 38 U
20 8 15 52 L
20 9 17 9 D
20 10 3 10 D
20 11 21 19 R
20 12 20 37 U
20 13 22 0 D
20 14 8 29 U
20 15 17 0 D
20 16 19 0 D
20 17 7 43 L
20 18 21 18 R
20 19 28 34 U
20 20 10 28 U
20 22 16 22 R
20 23 32 23 R
20 25 22 25 R
20 26 21 26 R
20 27 19 10 D
20 28 16 17 R
20 29 15 27 R
20 30 0 43 L
20 31 20 20 R
20 32 13 42 L
20 33 0 44 L
20 34 0 6 D
20 35 23 17 R
20 36 22 45 L
20 37 17 6 D
20 38 21 38 U
20 39 18 30 U
20 40 23 40 L
20 41 19 9 D
20 42 14 0 D
20 43 0 18 R
20 44 19 28 U
20 45 23 33 U
20 46 20 46 L
20 47 21 31 U
20 48 23 48 L
20 49 0 11 D
20 50 12 50 L
20 52 30 52 L
21 0 18 16 R
21 1 21 1 D
21 2 13 47 L
21 3 12 42 L
21 4 22 14 R
21 5 21 43 L
21 6 19 6 D
21 7 22 7 D
21 8 6 8 D
21 9 15 41 L
21 10 7 10 D
21 11 12 15 R
21 12 20 12 R
21 13 14 29 U
21 14 24 14 R
21 15 22 35 U
21 16 20 11 D
21 17 21 0 D
21 18 21 1 D
21 19 16 10 D
21 20 0 41 L
21 22 20 22 R
21 23 21 23 R
21 25 21 25 R
21 26 24 36 U
21 27 22 35 U
21 28 19 46 L
21 29 15 12 R
21 30 19 30 U
21 31 20 31 U
21 32 11 32 U
21 33 0 45 L
21 34 22 34 U
21 35 23 15 R
21 36 7 36 U
21 37 21 37 U
21 38 18 48 L
21 39 19 38 U
21 40 21 40 L
21 41 22 2 D
21 42 13 1 D
21 43 16 5 D
21 44 20 44 L
21 45 22 45 L
21 46 20 28 U
21 47 20 47 L
21 48 21 48 L
21 49 19 49 L
21 50 10 50 L
21 52 26 52 L
22 0 23 39 L
22 1 20 1 D
22 2 24 18 R
22 3 22 13 R
22 4 21 43 L
22 5 13 5 D
22 6 0 12 R
22 7 19 25 R
22 8 21 45 L
22 9 20 50 L
22 10 23 48 L
22 11 2 49 L
22 12 13 28 U
22 13 23 13 R
22 14 23 32 U
22 15 24 15 R
22 16 18 16 R
22 17 20 17 R
22 18 22 18 R
22 19 30 0 D
22 20 25 2 D
22 22 20 5 D
22 23 31 23 R
22 25 22 8 D
22 26 22 5 D
22 27 22 27 R
22 28 21 18 R
22 29 18 47 L
22 30 21 13 R
22 31 15 13 R
22 32 13 17 R
22 33 12 33 U
22 34 16 34 U
22 35 20 25 R
22 36 24 36 U
22 37 21 40 L
22 38 1 38 U
22 39 24 7 D
22 40 14 40 L
22 41 3 3 D
22 42 22 3 D
22 43 20 1 D
22 44 22 34 U
22 45 13 6 D
22 46 24 29 U
22 47 24 3 D
22 48 24 48 L
22 49 25 49 L
22 50 9 50 L
22 52 17 27 R
23 0 22 39 L
23 1 22 40 L
23 2 20 2 D
23 3 21 47 L
23 4 23 4 D
23 5 20 5 D
23 6 24 45 L
23 7 19 48 L
23 8 20 8 D
23 9 20 9 D
23 10 23 10 D
23 11 18 11 D
23 12 19 28 U
23 13 18 13 R
23 14 23 14 R
23 15 20 35 U
23 16 24 16 R
23 17 0 8 D
23 18 15 34 U
23 19 10 41 L
23 22 11 22 R
23 23 35 52 L
23 25 22 36 U
23 26 26 26 R
23 27 23 9 D
23 28 19 12 R
23 29 18 18 R
23 30 24 30 U
23 31 15 45 L
23 32 11 3 D
23 33 9 33 U
23 34 8 18 R
23 35 20 47 L
23 36 23 36 U
23 37 21 16 R
23 38 21 49 L
23 39 21 1 D
23 40 24 13 R
23 41 23 14 R
23 42 24 42 L
23 43 21 4 D
23 44 22 44 L
23 45 21 7 D
23 46 23 46 L
23 47 21 47 L
23 48 7 35 U
23 49 7 49 L
23 50 22 14 R
23 52 33 52 L
24 0 21 17 R
24 1 15 1 D
24 2 22 2 D
24 3 21 42 L
24 4 21 4 D
24 5 21 5 D
24 6 23 6 D
24 7 24 27 R
24 8 24 8 D
24 9 23 9 D
24 10 22 10 D
24 11 23 11 D
24 12 23 0 D
24 13 14 32 U
24 14 24 4 D
24 15 0 49 L
24 16 24 31 U
24 17 23 33 U
24 18 24 32 U
24 19 29 6 D
24 22 0 0 D
24 23 23 23 R
24 25 25 30 U
24 26 25 31 U
24 27 23 27 R
24 28 17 12 R
24 29 23 14 R
24 30 23 30 U
24 31 21 31 U
24 32 24 44 L
24 33 19 25 R
24 34 23 25 R
24 35 24 15 R
24 36 0 27 R
24 37 3 37 U
24 38 24 38 U
24 39 24 39 L
24 40 22 30 U
24 41 23 41 L
24 42 14 42 L
24 43 23 43 L
24 44 24 44 L
24 45 20 7 D
24 46 21 46 L
24 47 22 34 U
24 48 24 7 D
24 49 26 49 L
24 50 27 50 L
24 52 14 52 L
25 0 23 40 L
25 1 24 42 L
25 2 25 17 R
25 3 21 16 R
25 4 9 44 L
25 5 27 44 L
25 6 26 50 L
25 7 20 12 R
25 8 7 52 L
25 9 28 40 L
25 10 4 39 L
25 11 28 50 L
25 12 21 3 D
25 13 19 0 D
25 14 23 8 D
25 15 4 4 D
25 16 20 16 R
25 17 25 29 U
25 18 25 2 D
25 19 29 1 D
25 22 21 38 U
25 25 25 25 R
25 26 30 26 R
25 27 26 32 U
25 28 24 25 R
25 29 25 20 R
25 30 22 13 R
25 31 23 47 L
25 32 27 39 L
25 33 28 41 L
25 34 16 2 D
25 35 13 46 L
25 36 24 8 D
25 37 27 45 L
25 38 23 38 U
25 39 14 34 U
25 40 22 38 U
25 41 22 1 D
25 42 24 28 U
25 43 27 3 D
25 44 14 1 D
25 45 28 32 U
25 46 23 26 R
25 47 8 32 U
25 48 27 28 U
25 49 21 0 D
25 50 23 50 L
25 52 32 52 L
26 0 25 28 U
26 1 26 30 U
26 2 20 25 R
26 3 27 16 R
26 4 22 43 L
26 5 21 46 L
26 6 27 6 D
26 7 23 46 L
26 8 19 40 L
26 9 28 9 D
26 10 24 10 D
26 11 28 11 D
26 12 26 28 U
26 13 21 13 R
26 14 14 14 R
26 15 19 15 R
26 16 27 2 D
26 17 27 30 U
26 18 26 38 U
26 19 33 19 R
26 22 17 22 R
26 25 2 29 U
26 26 29 37 U
26 27 27 27 R
26 28 25 26 R
26 29 27 12 R
26 30 26 30 U
26 31 8 8 D
26 32 27 32 U
26 33 28 33 U
26 34 0 23 R
26 35 28 35 U
26 36 25 36 U
26 37 26 37 U
26 38 25 50 L
26 39 19 30 U
26 40 26 1 D
26 41 26 29 U
26 42 26 42 L
26 43 26 43 L
26 44 15 44 L
26 45 25 45 L
26 46 0 25 R
26 47 26 0 D
26 48 28 8 D
26 49 30 34 U
26 50 26 50 L
26 52 31 52 L
27 0 15 47 L
27 1 25 13 R
27 2 25 18 R
27 3 26 42 L
27 4 25 4 D
27 5 27 26 R
27 6 24 6 D
27 7 28 7 D
27 8 25 8 D
27 9 27 9 D
27 10 13 42 L
27 11 27 11 D
27 12 22 4 D
27 13 25 13 R
27 14 21 14 R
27 15 25 5 D
27 16 26 16 R
27 17 27 17 R
27 18 26 18 R
27 19 31 19 R
27 22 19 22 R
27 25 19 25 R
27 26 30 37 U
27 27 26 27 R
27 28 27 15 R
27 29 19 41 L
27 30 25 27 R
27 31 26 17 R
27 32 27 13 R
27 33 27 33 U
27 34 30 14 R
27 35 27 35 U
27 36 0 46 L
27 37 29 47 L
27 38 27 38 U
27 39 20 37 U
27 40 28 0 D
27 41 25 41 L
27 42 21 42 L
27 43 25 43 L
27 44 26 31 U
27 45 28 45 L
27 46 28 46 L
27 47 25 31 U
27 48 14 48 L
27 49 20 38 U
27 50 27 5 D
27 52 33 32 U
28 0 25 16 R
28 1 13 19 R
28 2 26 19 R
28 3 27 20 R
28 4 28 47 L
28 5 28 19 R
28 6 25 6 D
28 7 19 7 D
28 8 5 40 L
28 9 26 9 D
28 10 29 10 D
28 11 26 11 D
28 12 26 29 U
28 13 25 35 U
28 14 25 33 U
28 15 19 2 D
28 16 28 7 D
28 17 16 36 U
28 18 26 6 D
28 19 0 45 L
28 22 27 29 U
28 25 21 31 U
28 26 22 2 D
28 27 25 11 D
28 28 27 14 R
28 29 22 48 L
28 30 25 18 R
28 31 18 12 R
28 32 28 27 R
28 33 26 33 U
28 34 24 45 L
28 35 26 35 U
28 36 28 19 R
28 37 27 37 U
28 38 28 12 R
28 39 23 32 U
28 40 26 7 D
28 41 27 10 D
28 42 25 30 U
28 43 27 6 D
28 44 19 32 U
28 45 14 26 R
28 46 28 4 D
28 47 0 17 R
28 48 0 35 U
28 49 20 49 L
28 50 22 2 D
28 52 35 5 D
29 0 27 42 L
29 1 28 17 R
29 2 28 18 R
29 3 28 15 R
29 4 30 17 R
29 5 23 49 L
29 6 26 27 R
29 7 29 44 L
29 8 18 43 L
29 9 29 49 L
29 10 21 10 D
29 11 0 15 R
29 12 27 0 D
29 13 13 30 U
29 14 29 9 D
29 15 28 4 D
29 16 25 29 U
29 17 21 29 U
29 18 22 1 D
29 19 32 19 R
29 22 26 22 R
29 25 0 6 D
29 26 31 26 R
29 27 27 49 L
29 28 6 25 R
29 29 29 39 L
29 30 24 16 R
29 31 21 12 R
29 32 24 2 D
29 33 28 48 L
29 34 30 34 U
29 35 29 42 L
29 36 0 19 R
29 37 30 37 U
29 38 29 38 U
29 39 5 28 U
29 40 0 7 D
29 41 19 4 D
29 42 30 0 D
29 43 30 43 L
29 44 25 8 D
29 45 29 35 U
29 46 27 8 D
29 47 30 6 D
29 48 20 48 L
29 49 30 49 L
29 50 26 33 U
29 52 35 52 L
30 0 26 40 L
30 1 26 39 L
30 2 24 49 L
30 3 27 40 L
30 4 17 41 L
30 5 25 25 R
30 6 20 44 L
30 7 30 7 D
30 8 30 19 R
30 9 29 9 D
30 10 15 10 D
30 11 18 18 R
30 12 8 7 D
30 13 29 35 U
30 14 30 33 U
30 15 29 15 R
30 16 18 11 D
30 17 29 3 D
30 18 24 34 U
30 19 33 34 U
30 22 0 44 L
30 25 24 5 D
30 26 31 2 D
30 27 31 9 D
30 28 17 13 R
30 29 17 44 L
30 30 27 14 R
30 31 26 41 L
30 32 30 32 U
30 33 30 26 R
30 34 26 23 R
30 35 30 35 U
30 36 28 26 R
30 37 15 39 L
30 38 2 22 R
30 39 28 28 U
30 40 28 17 R
30 41 8 5 D
30 42 29 36 U
30 43 12 43 L
30 44 29 3 D
30 45 10 1 D
30 46 31 46 L
30 47 0 30 U
30 48 13 48 L
30 49 10 49 L
30 50 30 7 D
30 52 21 52 L
31 0 29 41 L
31 1 29 52 L
31 2 10 26 R
31 3 21 12 R
31 4 5 30 U
31 5 28 31 U
31 6 29 17 R
31 7 15 14 R
31 8 25 15 R
31 9 22 48 L
31 10 32 46 L
31 11 31 22 R
31 12 23 2 D
31 13 30 28 U
31 14 22 33 U
31 15 27 28 U
31 16 30 29 U
31 17 32 32 U
31 18 11 18 R
31 19 32 1 D
31 22 32 22 R
31 26 23 26 R
31 27 0 28 U
31 28 30 49 L
31 29 30 13 R
31 30 32 40 L
31 31 31 16 R
31 32 25 14 R
31 33 27 43 L
31 34 10 39 L
31 35 0 50 L
31 36 29 23 R
31 37 29 37 U
31 38 36 3 D
31 39 26 19 R
31 40 32 1 D
31 41 29 1 D
31 42 17 3 D
31 43 31 5 D
31 44 31 1 D
31 45 33 45 L
31 46 30 46 L
31 47 34 47 L
31 48 22 48 L
31 49 30 16 R
31 50 28 30 U
31 52 36 52 L
32 0 29 27 R
32 1 31 49 L
32 2 31 44 L
32 3 30 45 L
32 4 32 4 D
32 5 32 5 D
32 6 30 18 R
32 7 29 7 D
32 8 32 42 L
32 9 31 9 D
32 10 30 23 R
32 11 21 11 D
32 12 30 8 D
32 13 11 3 D
32 14 19 36 U
32 15 32 11 D
32 16 31 4 D
32 17 31 9 D
32 18 18 6 D
32 19 3 19 R
32 22 29 22 R
32 26 19 26 R
32 27 35 29 U
32 28 31 50 L
32 29 29 13 R
32 30 31 30 U
32 31 32 31 U
32 32 31 18 R
32 33 29 33 U
32 34 34 47 L
32 35 33 43 L
32 36 37 45 L
32 37 32 41 L
32 38 32 38 U
32 39 30 39 L
32 40 20 34 U
32 41 32 32 U
32 42 31 10 D
32 43 32 43 L
32 44 31 30 U
32 45 34 28 U
32 46 32 33 U
32 47 27 0 D
32 48 36 8 D
32 49 12 13 R
32 52 29 52 L
33 0 32 15 R
33 1 30 39 L
33 2 33 14 R
33 3 31 47 L
33 4 30 13 R
33 5 34 42 L
33 6 30 49 L
33 7 16 41 L
33 8 0 30 U
33 9 17 47 L
33 10 36 40 L
33 11 34 19 R
33 12 32 31 U
33 13 0 46 L
33 14 32 4 D
33 15 35 3 D
33 16 32 0 D
33 17 33 17 R
33 18 32 6 D
33 19 35 19 R
33 22 36 5 D
33 26 10 26 R
33 27 35 27 R
33 28 32 19 R
33 29 34 19 R
33 30 5 26 R
33 31 33 48 L
33 32 29 22 R
33 33 31 45 L
33 34 35 34 U
33 35 32 35 U
33 36 18 36 U
33 37 28 37 U
33 38 35 38 U
33 39 7 0 D
33 40 23 7 D
33 41 26 5 D
33 42 18 28 U
33 43 29 3 D
33 44 22 9 D
33 45 28 29 U
33 46 32 34 U
33 47 31 47 L
33 48 36 48 L
33 49 35 49 L
33 52 27 52 L
34 0 33 23 R
34 1 33 13 R
34 2 3 39 L
34 3 33 3 D
34 4 33 17 R
34 5 29 16 R
34 6 35 6 D
34 7 33 39 L
34 8 29 15 R
34 9 32 26 R
34 10 36 10 D
34 11 34 11 D
34 12 31 35 U
34 13 33 4 D
34 14 30 35 U
34 15 35 11 D
34 16 33 28 U
34 17 32 11 D
34 18 34 18 R
34 19 34 33 U
34 26 31 37 U
34 27 33 5 D
34 28 22 44 L
34 29 18 19 R
34 30 31 12 R
34 31 36 31 U
34 32 21 8 D
34 33 30 52 L
34 34 28 34 U
34 35 30 46 L
34 36 34 36 U
34 37 33 37 U
34 38 34 18 R
34 39 29 4 D
34 40 36 0 D
34 41 34 29 U
34 42 35 34 U
34 43 34 32 U
34 44 23 44 L
34 45 34 45 L
34 46 32 46 L
34 47 27 47 L
34 48 35 48 L
34 49 29 4 D
34 52 28 52 L
35 0 34 45 L
35 1 31 27 R
35 2 31 14 R
35 3 35 49 L
35 4 35 26 R
35 5 36 5 D
35 6 34 6 D
35 7 33 7 D
35 8 34 8 D
35 10 35 10 D
35 11 33 11 D
35 12 33 29 U
35 13 34 2 D
35 14 0 50 L
35 15 36 33 U
35 16 32 16 R
35 17 24 5 D
35 18 35 18 R
35 19 0 2 D
35 26 13 30 U
35 27 36 27 R
35 28 33 17 R
35 29 16 45 L
35 30 31 15 R
35 31 35 31 U
35 32 35 32 U
35 33 36 41 L
35 34 34 34 U
35 35 34 12 R
35 36 35 36 U
35 37 34 15 R
35 38 33 38 U
35 39 10 7 D
35 40 29 37 U
35 41 24 41 L
35 42 37 42 L
35 43 33 43 L
35 44 36 28 U
35 45 18 45 L
35 47 35 0 D
35 48 34 48 L
35 49 33 49 L
35 52 36 36 U
36 0 31 52 L
36 1 23 18 R
36 2 21 40 L
36 3 35 48 L
36 4 36 27 R
36 5 34 22 R
36 6 33 6 D
36 7 32 7 D
36 8 35 23 R
36 10 34 10 D
36 12 33 34 U
36 13 33 31 U
36 14 34 38 U
36 15 36 15 R
36 17 26 29 U
36 18 14 18 R
36 19 7 19 R
36 26 26 4 D
36 27 19 27 R
36 28 35 13 R
36 29 35 45 L
36 30 27 18 R
36 31 34 31 U
36 32 34 43 L
36 33 35 19 R
36 34 34 40 L
36 35 34 14 R
36 37 31 37 U
36 38 28 38 U
36 39 33 19 R
36 40 26 35 U
36 41 26 41 L
36 43 31 8 D
36 45 35 45 L
36 48 33 35 U
36 49 8 19 R
36 52 37 30 U
37 0 33 43 L
37 1 37 39 L
37 2 3 2 D
37 6 37 49 L
37 8 19 18 R
37 10 22 43 L
37 12 37 6 D
37 13 37 36 U
37 14 36 1 D
37 17 36 17 R
37 18 33 10 D
37 19 36 31 U
37 28 36 13 R
37 29 23 12 R
37 30 34 42 L
37 31 23 44 L
37 34 37 34 U
37 39 22 17 R
37 43 29 8 D
37 45 17 0 D
38 0 35 52 L

