26 22 482
20 21 0 0 0 0 23 8 20 0 3 21 7
23 21 0 24 0 0 25 22 0 0 0 13 0
13 8 21 5 10 0 0 22 0 7 0 0 0
3 0 0 16 21 0 0 0 21 15 0 18 0
6 0 23 0 24 0 23 0 0 22 0 0 0
13 0 11 0 0 0 20 0 22 5 0 0 0
0 21 6 19 0 0 13 23 8 21 7 24 1
0 0 0 0 23 21 0 0 21 15 18 13 18
5 0 0 21 0 0 0 0 0 22 16 0 16
0 23 0 4 20 0 0 0 16 0 0 20 0
18 9 22 2 12 18 0 0 0 0 0 21 8
22 0 0 0 0 0 0 0 0 0 1 16 0
20 0 0 0 0 0 0 0 0 0 5 16 8
0 0 0 0 D
0 1 0 1 D
0 2 0 2 D
0 3 0 3 D
0 4 0 4 D
0 5 0 5 R
0 6 0 6 R
0 7 0 7 R
0 8 0 8 R
0 9 0 9 R
0 10 0 10 R
0 11 0 11 U
0 12 0 12 U
0 13 0 13 U
0 14 0 14 U
0 15 0 15 U
0 16 0 16 L
0 17 0 17 L
0 18 0 18 L
0 19 0 19 L
0 20 0 20 L
0 21 0 21 L
1 0 2 16 L
1 1 8 6 R
1 2 0 16 L
1 3 2 3 D
1 4 7 4 D
1 5 11 11 U
1 6 9 13 U
1 7 6 2 D
1 8 4 8 R
1 9 7 9 R
1 10 12 2 D
1 11 15 6 R
1 12 0 1 D
1 13 10 13 U
1 14 3 14 U
1 15 4 10 R
1 16 0 1 D
1 17 2 13 U
1 18 9 14 U
1 19 6 19 L
1 20 4 20 L
1 21 6 21 L
2 0 1 9 R
2 1 1 5 R
2 2 14 17 L
2 3 1 7 R
2 4 4 8 R
2 5 11 17 L
2 6 0 16 L
2 7 3 7 R
2 8 7 8 R
2 9 3 9 R
2 10 0 11 U
2 11 0 16 L
2 12 16 6 R
2 13 7 10 R
2 14 5 14 U
2 15 4 15 U
2 16 0 12 U
2 17 6 17 L
2 18 20 12 U
2 19 0 3 D
2 20 3 20 L
2 21 19 21 L
3 0 2 17 L
3 1 6 16 L
3 2 9 7 R
3 3 1 3 D
3 4 1 7 R
3 5 6 5 R
3 6 2 6 R
3 7 2 7 R
3 8 17 12 U
3 9 7 14 U
3 10 7 10 R
3 11 4 16 L
3 12 15 19 L
3 13 11 7 R
3 14 15 5 R
3 15 6 16 L
3 16 0 5 R
3 17 17 0 D
3 18 9 11 U
3 19 14 4 D
3 20 1 20 L
3 21 17 21 L
4 0 15 5 R
4 1 5 19 L
4 2 11 2 D
4 3 11 8 R
4 4 5 4 D
4 5 8 1 D
4 6 1 6 R
4 7 0 1 D
4 8 15 1 D
4 9 5 9 R
4 10 8 10 R
4 11 6 20 L
4 12 16 17 L
4 13 3 13 U
4 14 5 6 R
4 15 3 15 U
4 16 13 6 R
4 17 2 11 U
4 18 11 18 L
4 19 6 19 L
4 20 6 20 L
4 21 3 21 L
5 0 12 7 R
5 1 11 17 L
5 2 12 2 D
5 3 22 10 R
5 4 3 14 U
5 5 10 3 D
5 6 0 2 D
5 7 1 19 L
5 8 14 14 U
5 9 12 15 U
5 10 2 10 R
5 11 0 8 R
5 12 17 12 U
5 13 3 16 L
5 14 10 7 R
5 15 15 15 U
5 16 10 16 L
5 17 4 2 D
5 18 0 2 D
5 19 1 19 L
5 20 3 20 L
5 21 7 21 L
6 0 2 0 D
6 1 8 16 L
6 2 12 20 L
6 3 16 5 R
6 4 7 10 R
6 5 11 18 L
6 6 5 12 U
6 7 1 1 D
6 8 9 8 R
6 9 5 9 R
6 10 18 10 R
6 11 5 5 R
6 12 2 5 R
6 13 19 13 U
6 14 19 6 R
6 15 1 15 U
6 16 14 15 U
6 17 11 1 D
6 18 17 3 D
6 19 4 19 L
6 20 10 12 U
6 21 1 21 L
7 0 13 16 L
7 1 6 1 D
7 2 21 16 L
7 3 9 6 R
7 4 3 19 L
7 5 0 0 D
7 6 4 6 R
7 7 0 0 D
7 8 6 13 U
7 9 11 2 D
7 10 13 4 D
7 11 1 11 U
7 12 5 12 U
7 13 12 1 D
7 14 18 14 U
7 15 17 19 L
7 16 4 5 R
7 17 13 17 L
7 18 10 18 L
7 19 14 11 U
7 20 1 0 D
7 21 8 21 L
8 0 7 19 L
8 1 0 14 U
8 2 16 18 L
8 3 9 15 U
8 4 1 21 L
8 5 0 11 U
8 6 20 0 D
8 7 10 18 L
8 8 17 3 D
8 9 2 9 R
8 10 14 10 R
8 11 17 0 D
8 12 0 2 D
8 13 20 20 L
8 14 0 18 L
8 15 0 4 D
8 16 5 12 U
8 17 6 11 U
8 18 3 3 D
8 19 0 0 D
8 20 10 20 L
8 21 0 15 U
9 0 0 11 U
9 1 21 20 L
9 2 7 15 U
9 3 11 7 R
9 4 12 16 L
9 5 18 13 U
9 6 4 6 R
9 7 5 7 R
9 8 1 8 R
9 9 6 9 R
9 10 3 10 R
9 11 4 18 L
9 12 5 12 U
9 13 1 13 U
9 14 1 14 U
9 15 4 8 R
9 16 8 14 U
9 17 16 5 R
9 18 4 18 L
9 19 0 11 U
9 20 2 20 L
9 21 14 12 U
10 0 0 9 R
10 1 0 5 R
10 2 3 2 D
10 3 13 17 L
10 4 3 10 R
10 5 12 1 D
10 6 1 12 U
10 7 1 7 R
10 8 15 8 R
10 9 20 4 D
10 10 0 19 L
10 11 0 19 L
10 12 7 8 R
10 13 5 16 L
10 14 6 10 R
10 15 7 8 R
10 16 13 9 R
10 17 5 1 D
10 18 17 4 D
10 19 20 13 U
10 20 12 14 U
10 21 1 11 U
11 0 19 20 L
11 1 14 1 D
11 2 9 2 D
11 3 12 3 D
11 4 18 4 D
11 5 18 16 L
11 6 7 13 U
11 7 8 11 U
11 8 21 4 D
11 9 13 12 U
11 10 1 10 R
11 11 1 19 L
11 12 3 17 L
11 13 0 5 R
11 14 8 4 D
11 15 20 17 L
11 16 16 16 L
11 17 0 6 R
11 18 3 2 D
11 19 16 8 R
11 20 2 11 U
11 21 1 21 L
12 0 1 5 R
12 1 20 19 L
12 2 3 17 L
12 3 14 9 R
12 4 9 9 R
12 5 5 0 D
12 6 5 3 D
12 7 8 13 U
12 8 20 2 D
12 9 16 9 R
12 10 0 15 U
12 11 11 9 R
12 12 3 5 R
12 13 14 17 L
12 14 11 4 D
12 15 1 15 U
12 16 13 0 D
12 17 1 17 L
12 18 4 12 U
12 19 19 8 R
12 20 3 1 D
12 21 7 15 U
13 0 1 0 D
13 1 0 20 L
13 2 9 17 L
13 3 10 3 D
13 4 19 4 D
13 5 14 12 U
13 6 16 6 R
13 7 7 7 R
13 8 4 0 D
13 9 16 9 R
13 10 22 19 L
13 11 16 5 R
13 12 1 1 D
13 13 5 18 L
13 14 1 3 D
13 15 17 5 R
13 16 10 9 R
13 17 3 6 R
13 18 0 10 R
13 20 1 3 D
13 21 11 2 D
14 0 4 6 R
14 1 12 8 R
14 2 3 16 L
14 3 6 21 L
14 5 20 0 D
14 6 1 6 R
14 7 3 15 U
14 8 19 18 L
14 9 5 11 U
14 10 13 14 U
14 11 12 9 R
14 12 0 5 R
14 13 1 1 D
14 14 8 8 R
14 15 0 10 R
14 16 19 13 U
14 17 19 15 U
14 18 0 14 U
14 19 10 15 U
14 20 11 2 D
15 0 1 20 L
15 1 9 21 L
15 2 7 7 R
15 3 7 8 R
15 4 4 4 D
15 5 19 2 D
15 6 5 19 L
15 7 12 2 D
15 8 16 8 R
15 9 5 12 U
15 10 3 13 U
15 11 0 17 L
15 12 0 7 R
15 13 14 2 D
15 14 8 18 L
15 15 19 15 U
15 16 5 1 D
15 17 1 11 U
15 18 20 2 D
15 20 9 13 U
16 0 9 0 D
16 1 6 5 R
16 2 19 10 R
16 5 14 14 U
16 6 2 6 R
16 7 17 12 U
16 8 15 13 U
16 9 19 0 D
16 10 15 13 U
16 11 4 8 R
16 12 9 18 L
16 13 15 2 D
16 14 0 6 R
16 15 5 20 L
16 16 7 7 R
16 17 8 12 U
16 18 2 18 L
16 19 18 19 L
16 20 4 9 R
17 0 3 21 L
17 1 0 17 L
17 2 0 18 L
17 5 1 11 U
17 6 18 11 U
17 7 6 17 L
17 8 6 2 D
17 9 10 9 R
17 10 0 4 D
17 11 3 17 L
17 12 5 21 L
17 13 4 18 L
17 14 4 10 R
17 15 3 15 U
17 16 4 2 D
17 17 5 3 D
17 18 2 3 D
17 19 4 19 L
17 20 11 20 L
17 21 5 5 R
18 0 13 0 D
18 1 15 5 R
18 2 8 11 U
18 4 3 16 L
18 5 0 12 U
18 6 8 15 U
18 7 0 13 U
18 8 8 8 R
18 9 4 12 U
18 10 16 10 R
18 11 13 11 U
18 12 8 0 D
18 13 8 20 L
18 14 1 14 U
18 15 1 6 R
18 16 4 9 R
18 17 8 11 U
18 18 8 1 D
18 19 10 14 U
18 20 2 20 L
19 0 20 16 L
19 1 10 7 R
19 2 2 17 L
19 4 11 6 R
19 5 5 18 L
19 6 17 6 R
19 7 12 1 D
19 8 8 15 U
19 9 4 9 R
19 10 8 10 R
19 11 3 6 R
19 12 22 20 L
19 13 5 13 U
19 14 4 14 U
19 15 8 18 L
19 16 0 13 U
19 17 15 4 D
19 18 13 18 L
19 19 11 0 D
19 20 2 15 U
20 0 7 10 R
20 1 14 18 L
20 2 3 2 D
20 5 7 5 R
20 6 9 11 U
20 7 7 0 D
20 8 13 0 D
20 9 15 3 D
20 10 19 20 L
20 11 11 19 L
20 12 1 17 L
20 13 19 19 L
20 14 21 2 D
20 15 15 4 D
20 16 18 6 R
20 17 16 6 R
20 18 0 9 R
20 20 6 20 L
21 0 4 5 R
21 1 15 1 D
21 5 0 18 L
21 6 5 6 R
21 7 10 7 R
21 9 12 9 R
21 10 3 17 L
21 11 16 0 D
21 12 14 9 R
21 13 5 13 U
21 15 11 15 U
21 16 14 0 D
21 17 18 12 U
21 18 19 10 R
21 20 20 20 L
22 0 16 12 U
22 1 24 17 L
22 5 18 1 D
22 9 3 9 R
22 10 2 14 U
22 11 15 21 L
22 12 14 16 L
22 15 4 15 U
22 16 20 8 R
22 18 0 3 D
22 20 9 0 D
23 0 22 8 R
23 1 5 1 D
23 9 4 11 U
23 11 3 18 L
23 16 17 11 U
23 18 12 12 U
23 20 0 5 R
24 0 21 17 L
24 1 6 1 D
24 11 19 11 U
24 20 3 20 L
25 11 20 20 L

