29 32 789
13 6 18 0 15 0 16 21 26 24 0 23 8 0 1 17 0 10
18 0 26 0 0 3 4 20 25 0 0 0 6 0 5 20 1 2
21 0 0 9 22 17 24 0 24 5 25 0 0 0 0 0 0 24
0 4 0 5 20 0 7 22 0 5 0 2 25 0 0 0 22 24
0 19 27 0 17 0 3 0 0 16 10 7 0 25 13 0 0 0
23 0 20 16 19 0 18 23 11 5 0 10 5 0 25 27 25 0
0 1 0 5 0 18 0 0 5 10 28 0 27 0 10 0 7 24
22 0 23 0 24 4 19 5 0 0 24 23 5 8 0 15 3 10
24 0 7 5 0 19 8 4 23 0 0 23 21 0 1 0 24 23
25 16 0 18 0 20 0 12 0 0 22 23 0 21 21 10 16 0
0 4 5 16 0 28 24 15 0 25 8 16 16 0 0 16 17 22
25 26 0 0 0 8 23 0 0 4 0 25 0 3 18 0 3 20
8 9 11 0 0 0 0 0 9 5 3 0 25 0 12 17 5 2
21 22 3 11 25 7 17 18 0 26 2 22 22 20 21 0 18 5
0 14 0 25 25 0 26 18 4 12 22 7 20 3 0 23 0 13
6 10 20 0 20 3 22 26 22 24 13 1 0 15 5 0 8 7
0 15 0 20 14 0 13 18 21 0 25 0 0 0 4 10 22 1
7 16 16 12 0 0 11 25 2 2 1 14 6 4 19 13 11 0
0 0 0 0 D
0 1 0 1 D
0 2 0 2 D
0 3 0 3 D
0 4 0 4 D
0 5 0 5 D
0 6 0 6 D
0 7 0 7 D
0 8 0 8 R
0 9 0 9 R
0 10 0 10 R
0 11 0 11 R
0 12 0 12 R
0 13 0 13 R
0 14 0 14 R
0 15 0 15 U
0 16 0 16 U
0 17 0 17 U
0 18 0 18 U
0 19 0 19 U
0 20 0 20 U
0 21 0 21 U
0 22 0 22 U
0 23 0 23 U
0 24 0 24 L
0 25 0 25 L
0 26 0 26 L
0 27 0 27 L
0 28 0 28 L
0 29 0 29 L
0 30 0 30 L
0 31 0 31 L
1 0 0 9 R
1 1 0 26 L
1 2 5 2 D
1 3 7 25 L
1 4 10 29 L
1 5 0 28 L
1 6 13 30 L
1 7 7 7 D
1 8 0 24 L
1 9 0 16 U
1 10 3 10 R
1 11 0 17 U
1 12 0 28 L
1 13 0 0 D
1 14 2 14 R
1 15 0 8 R
1 16 8 10 R
1 17 0 27 L
1 18 7 18 U
1 19 4 19 U
1 20 9 20 U
1 21 5 21 U
1 22 4 22 U
1 23 14 23 U
1 24 0 21 U
1 25 6 25 L
1 26 13 26 L
1 27 0 19 U
1 28 2 28 L
1 29 0 18 U
1 30 8 30 L
1 31 3 31 L
2 0 9 8 R
2 1 0 10 R
2 2 0 11 R
2 3 16 12 R
2 4 5 4 D
2 5 6 5 D
2 6 7 6 D
2 7 21 7 D
2 8 19 8 R
2 9 0 15 U
2 10 1 17 U
2 11 5 11 R
2 12 3 12 R
2 13 3 13 R
2 14 0 18 U
2 15 3 0 D
2 16 1 16 U
2 17 0 1 D
2 18 0 2 D
2 19 5 0 D
2 20 7 20 U
2 21 17 21 U
2 22 1 22 U
2 23 3 10 R
2 24 3 15 U
2 25 17 1 D
2 26 6 26 L
2 27 0 18 U
2 28 9 28 L
2 29 8 29 L
2 30 1 30 L
2 31 6 31 L
3 0 10 9 R
3 1 18 25 L
3 2 0 29 L
3 3 16 29 L
3 4 1 4 D
3 5 4 5 D
3 6 5 6 D
3 7 7 7 D
3 8 2 22 U
3 9 0 26 L
3 10 0 25 L
3 11 2 11 R
3 12 1 12 R
3 13 2 13 R
3 14 15 14 R
3 15 0 4 D
3 16 0 0 D
3 17 7 5 D
3 18 11 18 U
3 19 2 19 U
3 20 10 20 U
3 21 1 21 U
3 22 0 13 R
3 24 0 3 D
3 25 20 2 D
3 26 1 26 L
3 27 2 5 D
3 28 1 28 L
3 29 5 29 L
3 30 16 30 L
3 31 13 31 L
4 0 0 8 R
4 1 0 31 L
4 2 15 13 R
4 3 6 3 D
4 4 2 4 D
4 5 10 5 D
4 6 16 6 D
4 7 10 7 D
4 8 0 7 D
4 9 10 6 D
4 10 0 29 L
4 11 1 11 R
4 12 8 12 R
4 13 0 27 L
4 14 1 14 R
4 15 3 15 U
4 16 7 16 U
4 17 5 17 U
4 18 2 18 U
4 19 13 8 R
4 20 9 12 R
4 21 9 21 U
4 22 18 22 U
4 23 3 23 U
4 24 0 16 U
4 25 0 2 D
4 26 1 6 D
4 27 7 4 D
4 28 15 1 D
4 29 10 29 L
4 30 0 11 R
4 31 9 31 L
5 0 4 24 L
5 1 2 24 L
5 2 6 2 D
5 3 7 3 D
5 4 15 24 L
5 5 2 5 D
5 6 0 16 U
5 7 3 7 D
5 8 16 16 U
5 9 0 6 D
5 10 0 21 U
5 11 9 11 R
5 12 12 12 R
5 13 0 2 D
5 14 3 14 R
5 15 0 25 L
5 16 0 26 L
5 17 12 17 U
5 18 2 18 U
5 19 3 19 U
5 20 0 2 D
5 21 6 21 U
5 22 4 22 U
5 24 9 20 U
5 25 18 0 D
5 26 2 26 L
5 27 4 27 L
5 28 16 28 L
5 29 18 17 U
5 30 23 21 U
5 31 7 31 L
6 0 0 25 L
6 1 0 24 L
6 2 8 9 R
6 3 4 3 D
6 4 2 4 D
6 5 17 8 R
6 6 11 8 R
6 7 8 25 L
6 8 0 3 D
6 9 7 0 D
6 10 3 10 R
6 11 8 19 U
6 12 1 12 R
6 13 13 13 R
6 14 0 5 D
6 15 0 24 L
6 16 0 9 R
6 17 19 10 R
6 18 19 9 R
6 19 2 4 D
6 20 5 20 U
6 21 10 21 U
6 22 4 22 U
6 24 13 4 D
6 25 9 25 L
6 26 11 8 R
6 27 20 18 U
6 28 2 16 U
6 29 9 29 L
6 30 2 5 D
6 31 12 31 L
7 0 18 27 L
7 1 3 1 D
7 2 1 2 D
7 3 16 3 D
7 4 4 13 R
7 5 21 5 D
7 6 0 18 U
7 7 5 13 R
7 8 10 7 D
7 9 0 2 D
7 10 13 6 D
7 11 15 16 U
7 12 0 31 L
7 13 5 20 U
7 14 4 14 R
7 15 0 0 D
7 16 1 16 U
7 17 1 10 R
7 18 21 18 U
7 19 0 8 R
7 20 5 20 U
7 21 2 21 U
7 22 0 0 D
7 24 0 0 D
7 25 2 19 U
7 26 3 15 U
7 27 0 5 D
7 28 8 16 U
7 29 21 29 L
7 30 12 1 D
7 31 15 15 U
8 0 0 22 U
8 1 16 31 L
8 2 4 24 L
8 3 20 9 R
8 4 0 23 U
8 5 9 27 L
8 6 10 27 L
8 7 0 14 R
8 8 0 1 D
8 9 12 9 R
8 10 14 17 U
8 11 12 11 R
8 12 13 0 D
8 13 18 17 U
8 14 3 14 R
8 15 23 24 L
8 16 17 4 D
8 17 10 17 U
8 18 1 14 R
8 19 20 19 U
8 20 16 20 U
8 21 11 9 R
8 22 10 22 U
8 24 9 0 D
8 25 6 17 U
8 26 14 26 L
8 27 6 27 L
8 28 3 28 L
8 29 3 29 L
8 30 14 30 L
8 31 10 17 U
9 0 0 21 U
9 1 11 24 L
9 2 5 2 D
9 3 3 12 R
9 4 1 4 D
9 5 6 5 D
9 6 1 14 R
9 7 3 11 R
9 8 15 8 R
9 9 18 17 U
9 10 3 10 R
9 11 13 11 R
9 12 21 12 R
9 13 1 13 R
9 14 18 14 R
9 15 13 14 R
9 16 2 3 D
9 17 0 30 L
9 18 10 18 U
9 19 10 19 U
9 20 0 30 L
9 21 5 21 U
9 22 3 14 R
9 23 21 25 L
9 24 12 24 L
9 25 14 25 L
9 26 8 1 D
9 27 1 2 D
9 28 6 28 L
9 29 5 29 L
9 30 3 30 L
9 31 1 31 L
10 0 12 14 R
10 1 19 1 D
10 2 2 2 D
10 3 7 3 D
10 4 4 4 D
10 5 7 5 D
10 6 20 6 D
10 7 21 28 L
10 8 9 19 U
10 9 26 18 U
10 10 11 10 R
10 11 6 27 L
10 12 0 30 L
10 13 3 22 U
10 14 0 6 D
10 15 18 9 R
10 16 23 9 R
10 17 20 25 L
10 18 13 12 R
10 19 11 19 U
10 20 2 20 U
10 21 11 0 D
10 22 16 9 R
10 24 9 19 U
10 25 7 6 D
10 26 3 26 L
10 27 0 1 D
10 28 15 4 D
10 29 3 16 U
10 30 1 20 U
10 31 0 10 R
11 0 0 15 U
11 1 1 26 L
11 2 4 25 L
11 3 3 3 D
11 4 3 4 D
11 5 6 5 D
11 6 7 6 D
11 7 2 7 D
11 8 6 5 D
11 9 8 6 D
11 10 9 26 L
11 11 12 20 U
11 12 19 15 U
11 13 0 1 D
11 14 6 14 R
11 15 20 8 R
11 16 1 16 U
11 17 17 24 L
11 18 17 18 U
11 19 3 26 L
11 20 7 20 U
11 21 0 14 R
11 22 0 8 R
11 24 1 4 D
11 25 4 22 U
11 26 17 19 U
11 27 10 27 L
11 28 2 28 L
11 29 2 29 L
11 30 12 3 D
11 31 20 18 U
12 0 17 28 L
12 1 0 30 L
12 2 0 28 L
12 3 4 11 R
12 4 0 11 R
12 5 25 5 D
12 6 14 6 D
12 7 0 13 R
12 8 13 15 U
12 9 3 9 R
12 10 3 10 R
12 11 8 11 R
12 12 14 12 R
12 13 13 13 R
12 14 3 14 R
12 15 3 28 L
12 16 27 10 R
12 17 9 17 U
12 18 0 27 L
12 19 3 14 R
12 20 4 20 U
12 21 15 13 R
12 22 10 22 U
12 24 0 6 D
12 25 0 10 R
12 26 3 23 U
12 27 15 27 L
12 28 16 22 U
12 29 22 16 U
12 30 3 30 L
12 31 3 5 D
13 0 7 11 R
13 1 0 20 U
13 2 20 27 L
13 3 24 11 R
13 4 11 4 D
13 5 0 17 U
13 6 15 24 L
13 7 22 12 R
13 8 5 16 U
13 9 8 2 D
13 10 9 15 U
13 11 0 27 L
13 12 1 12 R
13 13 2 13 R
13 14 3 20 U
13 15 2 25 L
13 16 15 13 R
13 17 5 11 R
13 18 0 31 L
13 19 10 26 L
13 20 3 20 U
13 21 0 5 D
13 22 0 3 D
13 24 14 2 D
13 25 1 25 L
13 26 14 21 U
13 27 8 0 D
13 28 17 28 L
13 29 20 15 U
13 30 12 5 D
13 31 17 0 D
14 0 5 8 R
14 1 0 19 U
14 2 17 12 R
14 3 4 3 D
14 4 15 10 R
14 5 18 11 R
14 6 1 30 L
14 7 7 7 D
14 8 8 19 U
14 9 9 9 R
14 10 19 17 U
14 11 0 1 D
14 12 9 12 R
14 13 12 29 L
14 14 9 14 R
14 15 7 24 L
14 16 0 1 D
14 17 1 11 R
14 18 17 2 D
14 19 7 19 U
14 20 12 24 L
14 21 4 21 U
14 22 12 25 L
14 24 16 3 D
14 25 2 3 D
14 26 8 26 L
14 27 12 27 L
14 28 27 5 D
14 29 7 29 L
14 30 21 20 U
14 31 21 31 L
15 0 1 13 R
15 1 2 25 L
15 2 23 26 L
15 3 12 10 R
15 4 23 4 D
15 5 13 14 R
15 6 0 12 R
15 7 9 11 R
15 8 3 15 U
15 9 22 22 U
15 10 4 16 U
15 11 17 15 U
15 12 9 5 D
15 13 17 13 R
15 14 8 1 D
15 15 18 12 R
15 16 13 8 R
15 17 1 17 U
15 18 19 8 R
15 19 13 11 R
15 20 21 14 R
15 21 13 26 L
15 22 14 27 L
15 24 0 15 U
15 25 1 15 U
15 26 1 15 U
15 27 19 19 U
15 28 6 7 D
15 29 14 29 L
15 30 24 0 D
15 31 2 31 L
16 0 21 30 L
16 1 15 14 R
16 2 8 2 D
16 3 8 29 L
16 4 0 22 U
16 5 0 27 L
16 6 1 6 D
16 7 1 12 R
16 8 17 4 D
16 9 14 9 R
16 10 4 10 R
16 11 15 17 U
16 12 19 6 D
16 13 4 13 R
16 14 3 22 U
16 15 22 7 D
16 16 17 1 D
16 17 21 17 U
16 18 0 4 D
16 19 22 10 R
16 20 2 20 U
16 21 4 21 U
16 22 0 28 L
16 24 19 3 D
16 25 2 25 L
16 26 0 7 D
16 27 23 27 L
16 28 9 2 D
16 29 0 17 U
16 30 19 30 L
16 31 12 19 U
17 0 23 31 L
17 1 8 26 L
17 2 5 2 D
17 3 4 3 D
17 4 0 13 R
17 5 15 13 R
17 6 1 6 D
17 7 4 7 D
17 8 0 4 D
17 9 18 19 U
17 10 0 7 D
17 11 8 11 R
17 12 1 12 R
17 13 14 13 R
17 14 6 14 R
17 15 4 11 R
17 16 1 16 U
17 17 14 24 L
17 18 12 18 U
17 19 2 19 U
17 20 0 10 R
17 21 14 24 L
17 22 3 12 R
17 23 2 23 U
17 24 0 19 U
17 25 4 18 U
17 26 8 26 L
17 27 23 15 U
17 28 14 28 L
17 29 3 29 L
17 30 3 30 L
17 31 22 31 L
18 0 17 0 D
18 1 3 9 R
18 2 11 8 R
18 3 23 3 D
18 5 4 5 D
18 6 10 6 D
18 7 4 7 D
18 8 2 20 U
18 9 1 24 L
18 10 19 16 U
18 11 14 16 U
18 12 14 22 U
18 13 6 13 R
18 14 5 15 U
18 15 3 26 L
18 16 10 16 U
18 17 1 13 R
18 18 5 25 L
18 19 1 19 U
18 20 1 20 U
18 21 7 21 U
18 22 10 22 U
18 24 21 1 D
18 25 8 5 D
18 26 5 5 D
18 27 11 10 R
18 28 0 3 D
18 29 12 20 U
18 30 14 20 U
18 31 3 8 R
19 0 10 27 L
19 1 20 26 L
19 2 5 31 L
19 3 16 16 U
19 4 6 29 L
19 5 23 9 R
19 6 1 12 R
19 7 0 27 L
19 8 4 0 D
19 9 8 4 D
19 10 14 18 U
19 11 1 22 U
19 12 3 12 R
19 13 0 16 U
19 14 3 14 R
19 15 16 12 R
19 16 0 29 L
19 17 6 14 R
19 18 14 1 D
19 19 0 9 R
19 20 2 9 R
19 21 1 21 U
19 22 12 22 U
19 24 0 22 U
19 26 0 4 D
19 27 3 27 L
19 28 2 28 L
19 29 6 29 L
19 30 8 30 L
19 31 7 31 L
20 0 22 9 R
20 1 24 12 R
20 2 12 11 R
20 3 8 3 D
20 4 14 9 R
20 5 4 5 D
20 6 0 24 L
20 7 4 7 D
20 8 14 1 D
20 9 14 31 L
20 10 3 10 R
20 11 16 18 U
20 12 3 12 R
20 13 10 31 L
20 14 15 14 R
20 15 22 13 R
20 16 18 16 U
20 17 17 30 L
20 18 0 3 D
20 19 16 8 R
20 20 7 1 D
20 21 1 21 U
20 22 12 22 U
20 24 22 16 U
20 25 5 2 D
20 26 24 20 U
20 27 0 6 D
20 28 8 28 L
20 29 4 0 D
20 30 8 30 L
20 31 23 31 L
21 0 15 8 R
21 1 10 1 D
21 2 20 2 D
21 3 8 3 D
21 4 8 4 D
21 5 28 5 D
21 6 19 29 L
21 7 14 7 D
21 8 9 17 U
21 9 3 9 R
21 10 5 10 R
21 11 14 1 D
21 12 1 12 R
21 13 6 13 R
21 14 13 19 U
21 15 10 26 L
21 16 7 16 U
21 17 4 2 D
21 18 10 18 U
21 19 8 19 U
21 20 5 20 U
21 21 28 21 U
21 22 20 10 R
21 24 2 3 D
21 25 2 4 D
21 26 0 20 U
21 27 8 21 U
21 28 1 28 L
21 29 8 29 L
21 31 18 21 U
22 0 2 8 R
22 1 18 30 L
22 2 20 25 L
22 3 8 8 R
22 4 3 28 L
22 5 10 5 D
22 6 5 30 L
22 7 13 7 D
22 8 24 2 D
22 9 3 9 R
22 10 0 27 L
22 11 18 11 R
22 12 13 1 D
22 13 20 15 U
22 14 15 14 R
22 15 19 15 U
22 16 2 16 U
22 17 20 8 R
22 19 5 19 U
22 20 1 20 U
22 21 26 21 U
22 22 3 22 U
22 24 16 7 D
22 25 23 5 D
22 28 21 18 U
22 29 18 1 D
22 31 4 31 L
23 0 19 31 L
23 2 22 25 L
23 4 19 14 R
23 5 9 12 R
23 6 5 6 D
23 7 1 7 D
23 8 1 8 R
23 9 0 18 U
23 10 6 10 R
23 11 3 11 R
23 12 18 19 U
23 13 4 13 R
23 14 0 29 L
23 15 10 10 R
23 16 9 25 L
23 17 0 11 R
23 19 9 8 R
23 20 2 20 U
23 21 7 21 U
23 22 2 22 U
23 24 1 24 L
23 25 14 19 U
23 28 1 28 L
23 29 21 18 U
24 0 14 14 R
24 4 1 4 D
24 5 1 28 L
24 6 3 6 D
24 7 4 7 D
24 8 12 8 R
24 9 3 9 R
24 10 6 10 R
24 11 18 6 D
24 12 18 28 L
24 13 23 3 D
24 16 6 16 U
24 17 26 8 R
24 19 18 19 U
24 20 0 12 R
24 21 1 21 U
24 22 20 22 U
24 24 4 15 U
24 28 19 28 L
24 29 19 0 D
25 0 24 29 L
25 5 10 5 D
25 9 20 1 D
25 10 7 10 R
25 12 5 12 R
25 13 3 13 R
25 14 24 16 U
25 16 11 0 D
25 17 15 11 R
25 19 10 19 U
25 20 7 25 L
25 21 1 21 U
25 22 3 22 U
25 24 2 7 D
25 28 6 16 U
26 0 3 0 D
26 5 22 13 R
26 9 2 0 D
26 10 8 7 D
26 19 23 27 L
26 20 4 24 L
26 22 3 22 U
26 24 4 24 L
26 28 1 28 L
27 5 5 5 D
27 9 3 17 U
27 10 9 4 D
27 19 10 19 U
27 20 2 20 U
28 5 11 5 D
28 9 12 9 R
28 19 5 19 U
28 20 14 27 L

