16 16 202
0 0 13 8 0 3 1 4 0 0 2
4 14 0 7 0 10 13 0 0 0 14
0 0 0 6 13 0 14 0 13 0 9
0 0 0 0 0 0 0 0 0 0 0
0 0 0 0 12 7 1 13 0 0 0
0 0 0 15 0 4 0 0 0 0 0
0 0 0 0 0 0 0 0 0 0 0
0 0 7 12 0 14 0 0 0 0 0
0 0 14 0 1 10 0 0 6 14 0
11 12 0 11 0 8 0 0 0 0 0
12 0 13 0 0 7 12 1 1 0 10
0 0 0 0 R
0 1 0 1 R
0 2 0 2 R
0 3 0 3 R
0 4 0 4 U
0 5 0 5 U
0 6 0 6 U
0 7 0 7 U
0 8 0 8 D
0 9 0 9 D
0 10 0 10 D
0 11 0 11 D
0 12 0 12 D
0 13 0 13 L
0 14 0 14 L
0 15 0 15 L
1 0 3 7 U
1 1 5 5 U
1 2 6 8 D
1 3 3 4 U
1 4 0 13 L
1 5 3 14 L
1 6 5 6 U
1 7 4 11 D
1 8 0 3 R
1 9 5 5 U
1 10 0 1 R
1 11 6 11 D
1 13 13 6 U
1 14 0 9 D
1 15 6 6 U
2 0 4 10 D
2 1 4 4 U
2 2 1 6 U
2 4 12 10 D
2 5 0 8 D
2 6 0 14 L
2 7 4 7 U
2 8 3 3 R
2 9 3 9 D
2 10 0 6 U
2 11 7 11 D
2 12 7 12 D
2 13 5 10 D
2 14 0 8 D
2 15 3 10 D
3 0 9 8 D
3 1 7 8 D
3 2 0 10 D
3 4 0 0 R
3 5 4 5 U
3 6 4 1 R
3 7 1 7 U
3 8 7 5 U
3 9 6 6 U
3 10 5 13 L
3 11 2 15 L
3 13 4 9 D
3 14 7 10 D
3 15 7 15 L
4 0 8 9 D
4 1 0 8 D
4 3 0 11 D
4 4 6 0 R
4 5 6 2 R
4 6 5 2 R
4 7 3 1 R
4 8 0 4 U
4 9 5 9 D
4 10 2 10 D
4 11 3 11 D
4 12 5 12 D
4 13 2 10 D
4 14 7 7 U
4 15 8 15 L
5 0 11 15 L
5 1 3 7 U
5 2 3 7 U
5 4 4 4 U
5 5 4 5 U
5 6 2 6 U
5 7 10 1 R
5 8 2 4 U
5 9 1 14 L
5 10 1 15 L
5 11 7 13 L
5 12 1 4 U
5 13 11 4 U
5 14 2 5 U
5 15 10 12 D
6 0 4 14 L
6 1 8 1 R
6 3 3 3 R
6 4 1 15 L
6 5 9 5 U
6 6 0 15 L
6 7 4 7 U
6 8 0 13 L
6 9 7 2 R
6 10 1 10 D
6 11 2 11 D
6 12 1 14 L
6 13 7 13 L
6 14 0 11 D
6 15 12 6 U
7 0 11 7 U
7 1 1 1 R
7 2 8 2 R
7 3 0 6 U
7 4 1 14 L
7 5 2 0 R
7 6 6 6 U
7 7 3 0 R
7 8 5 4 U
7 9 3 0 R
7 10 11 2 R
7 11 6 1 R
7 13 4 10 D
7 14 9 4 U
7 15 11 9 D
8 0 9 12 D
8 1 1 8 D
8 2 13 5 U
8 4 9 13 L
8 5 10 13 L
8 6 0 2 R
8 7 4 7 U
8 10 9 2 R
8 11 5 2 R
8 13 0 10 D
8 14 6 14 L
8 15 6 4 U
9 0 10 0 R
9 1 8 1 R
9 4 2 13 L
9 5 7 1 R
9 6 2 6 U
9 7 2 15 L
9 8 8 0 R
9 9 5 9 D
9 10 11 10 D
9 11 5 11 D
9 14 1 5 U
9 15 7 1 R
10 0 5 7 U
10 1 6 1 R
10 2 4 2 R
10 4 9 9 D
10 5 3 0 R
10 6 12 13 L
10 7 2 8 D
10 8 0 0 R
10 9 5 9 D
10 10 3 6 U
10 11 7 11 D
10 13 8 7 U
10 14 4 10 D
10 15 11 15 L
11 0 12 6 U
11 1 1 1 R
11 4 10 8 D
11 5 12 9 D
11 6 8 15 L
11 7 2 0 R
11 8 10 15 L
11 9 14 13 L
11 11 8 13 L
11 13 10 5 U
11 14 8 8 D
11 15 10 5 U
12 0 5 0 R
12 1 2 11 D
12 4 11 0 R
12 5 14 5 U
12 6 10 8 D
12 7 1 7 U
12 8 8 1 R
12 11 7 14 L
12 14 3 14 L
12 15 9 4 U
13 0 1 9 D
13 1 1 1 R
13 2 5 2 R
13 4 11 11 D
13 5 2 10 D
13 6 4 6 U
13 7 2 7 U
13 8 10 13 L
13 9 7 1 R
13 10 14 13 L
13 11 6 0 R
13 15 4 15 L
14 0 0 4 U
14 1 13 4 U
14 2 0 14 L
14 4 11 8 D
14 6 0 3 R
14 8 13 14 L
14 10 5 10 D
14 11 9 11 D
14 15 12 11 D
15 5 14 8 D

