24 26 542
3 0 5 0 0 8 11 12 11 0 0 9 0 0 8 10
12 23 13 0 19 1 0 0 4 0 12 0 0 0 18 10
0 19 0 0 0 0 16 9 20 0 0 21 0 0 0 10
17 20 0 0 0 0 0 6 0 0 5 0 0 20 19 18
16 12 0 0 0 2 0 0 21 0 9 16 11 18 19 0
20 5 0 0 0 18 5 0 0 4 3 0 0 0 0 17
0 18 11 0 18 12 0 8 16 9 0 0 0 0 18 0
17 2 21 0 0 18 22 13 20 0 0 0 0 19 9 0
22 18 0 11 8 21 0 4 15 0 0 0 0 0 1 1
0 0 13 10 0 0 0 0 0 0 21 0 0 18 0 19
18 0 5 0 0 3 23 20 0 0 0 8 0 12 9 0
0 16 19 17 20 0 22 0 0 21 16 10 15 0 4 0
13 16 0 0 17 19 0 16 20 20 16 0 0 0 0 15
0 0 1 15 0 1 0 3 6 0 2 6 3 12 0 20
5 20 0 4 0 0 20 0 0 0 17 1 7 0 0 14
9 0 4 4 15 14 16 15 14 20 6 0 17 0 7 4
0 0 0 0 R
0 1 0 1 R
0 2 0 2 R
0 3 0 3 R
0 4 0 4 R
0 5 0 5 R
0 6 0 6 R
0 7 0 7 U
0 8 0 8 U
0 9 0 9 U
0 10 0 10 U
0 11 0 11 U
0 12 0 12 U
0 13 0 13 D
0 14 0 14 D
0 15 0 15 D
0 16 0 16 D
0 17 0 17 D
0 18 0 18 D
0 19 0 19 L
0 20 0 20 L
0 21 0 21 L
0 22 0 22 L
0 23 0 23 L
0 24 0 24 L
0 25 0 25 L
1 0 2 19 L
1 1 11 1 R
1 2 15 7 U
1 3 11 7 U
1 4 4 15 D
1 5 7 18 D
1 6 6 6 R
1 7 16 0 R
1 8 3 1 R
1 9 2 19 L
1 10 10 10 U
1 11 18 11 U
1 12 2 6 R
1 13 3 4 R
1 14 6 14 D
1 15 12 15 D
1 16 16 16 D
1 17 6 17 D
1 18 14 4 R
1 19 2 19 L
1 20 10 16 D
1 21 11 21 L
1 22 0 5 R
1 23 17 7 U
1 24 0 0 R
1 25 6 15 D
2 0 12 17 D
2 1 11 8 U
2 2 7 10 U
2 3 13 3 R
2 4 6 4 R
2 5 10 5 R
2 6 14 9 U
2 7 0 19 L
2 8 3 8 U
2 9 3 9 U
2 10 9 25 L
2 11 1 21 L
2 12 4 1 R
2 13 9 21 L
2 14 0 0 R
2 15 17 23 L
2 16 3 16 D
2 17 10 4 R
2 18 12 18 D
2 19 7 9 U
2 20 3 17 D
2 21 1 21 L
2 22 5 22 L
2 23 14 23 L
2 24 17 7 U
2 25 1 16 D
3 0 0 8 U
3 1 0 7 U
3 2 11 8 U
3 3 13 10 U
3 4 7 4 R
3 5 5 15 D
3 6 1 6 R
3 7 7 19 L
3 8 15 21 L
3 9 5 19 L
3 10 2 0 R
3 11 11 3 R
3 12 2 12 U
3 13 0 19 L
3 14 0 22 L
3 15 5 19 L
3 16 11 22 L
3 17 9 17 D
3 18 1 18 D
3 19 15 13 D
3 20 0 7 U
3 21 4 7 U
3 22 2 22 L
3 23 0 2 R
3 24 14 24 L
3 25 0 17 D
4 0 0 7 U
4 1 9 13 D
4 2 9 7 U
4 3 10 10 U
4 4 8 4 R
4 5 5 5 R
4 6 3 16 D
4 7 15 23 L
4 8 0 20 L
4 9 5 9 U
4 10 1 10 U
4 11 3 11 U
4 12 1 20 L
4 13 0 1 R
4 14 3 5 R
4 15 6 5 R
4 16 11 20 L
4 17 8 19 L
4 18 5 18 D
4 19 0 14 D
4 20 7 20 L
4 21 5 21 L
4 22 17 14 D
4 23 7 23 L
4 24 12 4 R
4 25 18 5 R
5 0 0 9 U
5 1 0 14 D
5 2 6 2 R
5 3 16 17 D
5 4 14 11 U
5 5 1 5 R
5 6 15 6 R
5 7 10 7 U
5 8 8 14 D
5 9 10 3 R
5 10 2 10 U
5 11 8 11 U
5 12 0 5 R
5 13 2 22 L
5 14 0 23 L
5 15 9 20 L
5 16 1 16 D
5 17 8 22 L
5 18 8 25 L
5 19 0 13 D
5 20 1 20 L
5 21 17 17 D
5 22 1 22 L
5 23 6 23 L
5 24 18 24 L
5 25 10 25 L
6 0 12 8 U
6 1 5 1 R
6 2 4 13 D
6 3 8 13 D
6 4 16 4 R
6 5 1 16 D
6 6 7 6 R
6 7 13 13 D
6 8 5 8 U
6 9 8 9 U
6 10 2 4 R
6 11 17 21 L
6 12 5 12 U
6 13 5 24 L
6 14 8 0 R
6 15 4 2 R
6 16 0 20 L
6 17 17 24 L
6 18 8 18 D
6 19 2 4 R
6 20 7 15 D
6 21 3 21 L
6 22 2 22 L
6 23 14 2 R
6 24 4 24 L
6 25 2 6 R
7 0 12 18 D
7 1 2 11 U
7 2 3 2 R
7 3 12 16 D
7 4 11 4 R
7 5 16 14 D
7 6 4 6 R
7 7 9 1 R
7 8 0 2 R
7 9 13 2 R
7 10 9 24 L
7 11 9 24 L
7 12 11 19 L
7 13 8 2 R
7 14 0 3 R
7 15 0 19 L
7 16 0 2 R
7 17 5 20 L
7 18 17 21 L
7 19 8 19 L
7 20 0 9 U
7 21 9 16 D
7 22 1 22 L
7 23 6 23 L
7 24 13 3 R
7 25 5 25 L
8 0 4 10 U
8 1 15 11 U
8 2 2 14 D
8 3 2 3 R
8 4 6 4 R
8 5 18 12 U
8 6 14 13 D
8 7 0 13 D
8 8 12 1 R
8 9 0 3 R
8 10 6 10 U
8 11 5 25 L
8 12 17 12 U
8 13 6 0 R
8 14 0 21 L
8 15 3 15 D
8 16 1 20 L
8 17 15 17 D
8 18 4 18 D
8 19 0 2 R
8 20 5 20 L
8 21 3 21 L
8 22 19 15 D
8 23 6 23 L
8 24 2 24 L
8 25 0 2 R
9 0 0 12 U
9 1 7 16 D
9 2 13 17 D
9 3 0 16 D
9 4 17 17 D
9 5 10 8 U
9 6 14 11 U
9 7 4 2 R
9 8 17 8 U
9 9 4 9 U
9 10 3 10 U
9 11 0 15 D
9 12 6 12 U
9 13 15 20 L
9 14 4 14 D
9 15 5 21 L
9 16 14 19 L
9 17 0 24 L
9 18 4 18 D
9 19 8 15 D
9 20 12 13 D
9 21 8 1 R
9 22 2 22 L
9 23 10 9 U
9 24 3 24 L
9 25 8 25 L
10 0 18 16 D
10 1 11 12 U
10 2 2 2 R
10 3 7 16 D
10 4 8 15 D
10 5 16 5 R
10 6 8 6 R
10 7 15 4 R
10 8 0 17 D
10 9 2 9 U
10 10 0 13 D
10 11 2 25 L
10 12 0 21 L
10 13 0 6 R
10 14 4 25 L
10 15 5 22 L
10 16 9 16 D
10 17 2 17 D
10 18 9 18 D
10 19 0 10 U
10 20 11 10 U
10 21 9 10 U
10 22 1 13 D
10 23 0 14 D
10 24 4 15 D
10 25 14 15 D
11 0 3 12 U
11 1 0 17 D
11 2 13 9 U
11 3 17 3 R
11 4 9 12 U
11 5 16 5 R
11 6 2 6 R
11 7 9 19 L
11 8 12 22 L
11 9 2 9 U
11 10 20 14 D
11 11 14 19 L
11 12 4 12 U
11 13 0 11 U
11 14 15 20 L
11 15 6 3 R
11 16 0 10 U
11 17 1 21 L
11 18 9 19 L
11 19 0 7 U
11 20 1 11 U
11 21 0 12 U
11 22 14 22 L
11 23 0 6 R
11 24 2 24 L
11 25 10 25 L
12 0 0 13 D
12 1 16 7 U
12 2 2 2 R
12 3 18 14 D
12 4 10 7 U
12 5 4 11 U
12 6 18 17 D
12 7 15 22 L
12 8 3 13 D
12 9 1 9 U
12 10 18 19 L
12 11 5 24 L
12 12 17 12 U
12 13 2 1 R
12 14 1 23 L
12 15 0 8 U
12 16 1 16 D
12 17 11 1 R
12 18 2 23 L
12 19 7 16 D
12 20 14 12 U
12 21 0 11 U
12 22 10 22 L
12 23 6 23 L
12 24 4 5 R
12 25 2 25 L
13 0 9 12 U
13 1 9 1 R
13 2 0 21 L
13 3 23 3 R
13 4 8 7 U
13 6 19 15 D
13 7 0 22 L
13 8 0 4 R
13 9 12 23 L
13 10 6 16 D
13 11 5 11 U
13 12 18 3 R
13 13 12 6 R
13 14 7 2 R
13 15 5 0 R
13 16 4 2 R
13 17 0 3 R
13 18 3 18 D
13 19 1 14 D
13 20 16 9 U
13 21 11 14 D
13 22 0 1 R
13 23 0 15 D
13 24 4 0 R
13 25 7 25 L
14 0 3 0 R
14 1 22 7 U
14 2 0 10 U
14 3 9 15 D
14 4 7 8 U
14 6 2 6 R
14 7 17 24 L
14 8 19 0 R
14 9 8 1 R
14 11 15 11 U
14 12 2 19 L
14 13 2 23 L
14 14 16 2 R
14 15 12 19 L
14 16 11 1 R
14 17 8 17 D
14 18 0 5 R
14 19 1 12 U
14 20 15 8 U
14 21 7 21 L
14 22 2 22 L
14 23 2 23 L
14 24 8 14 D
14 25 1 25 L
15 0 5 0 R
15 1 3 14 D
15 2 9 11 U
15 3 2 3 R
15 6 10 12 U
15 7 6 6 R
15 8 9 8 U
15 9 0 14 D
15 10 1 20 L
15 11 9 11 U
15 12 7 12 U
15 13 0 7 U
15 14 3 2 R
15 15 20 25 L
15 16 4 16 D
15 17 19 25 L
15 18 5 24 L
15 19 5 19 L
15 20 4 20 L
15 21 11 7 U
15 22 4 1 R
15 23 18 8 U
15 24 13 24 L
15 25 6 25 L
16 0 5 13 D
16 1 0 15 D
16 2 12 2 R
16 3 5 3 R
16 4 6 4 R
16 6 0 8 U
16 7 0 0 R
16 8 14 4 R
16 9 21 17 D
16 10 8 1 R
16 11 14 11 U
16 12 19 12 U
16 13 1 3 R
16 14 14 14 D
16 15 13 1 R
16 16 14 12 U
16 17 9 17 D
16 18 19 18 D
16 19 3 4 R
16 20 2 9 U
16 21 14 15 D
16 22 19 16 D
16 23 8 13 D
16 24 10 24 L
16 25 17 25 L
17 0 3 9 U
17 1 14 20 L
17 2 2 2 R
17 3 14 3 R
17 4 13 18 D
17 6 11 6 R
17 7 20 21 L
17 8 9 8 U
17 9 10 9 U
17 11 8 11 U
17 12 11 21 L
17 13 0 4 R
17 14 9 19 L
17 15 14 3 R
17 16 0 21 L
17 17 4 21 L
17 18 5 18 D
17 19 0 16 D
17 20 5 20 L
17 21 2 21 L
17 22 4 16 D
17 23 3 23 L
17 24 0 12 U
17 25 0 6 R
18 0 9 13 D
18 1 16 10 U
18 2 19 18 D
18 3 2 8 U
18 4 5 4 R
18 6 21 6 R
18 7 9 7 U
18 8 17 23 L
18 9 9 24 L
18 11 4 11 U
18 12 0 19 L
18 13 2 5 R
18 14 14 4 R
18 15 19 6 R
18 16 19 20 L
18 17 9 20 L
18 18 9 18 D
18 19 0 18 D
18 20 11 20 L
18 21 5 8 U
18 22 4 22 L
18 24 5 8 U
18 25 6 25 L
19 0 20 10 U
19 3 3 3 R
19 6 11 16 D
19 7 8 20 L
19 8 2 8 U
19 9 9 22 L
19 10 4 23 L
19 11 4 11 U
19 12 20 4 R
19 13 21 2 R
19 14 4 24 L
19 15 3 19 L
19 16 1 16 D
19 17 8 3 R
19 18 5 18 D
19 19 3 16 D
19 20 6 14 D
19 21 0 4 R
19 22 10 13 D
19 23 20 15 D
19 25 16 8 U
20 0 21 11 U
20 2 6 9 U
20 3 15 12 U
20 6 11 6 R
20 7 2 0 R
20 8 3 8 U
20 9 13 25 L
20 11 16 2 R
20 12 11 12 U
20 13 7 6 R
20 14 2 22 L
20 15 10 8 U
20 17 22 6 R
20 18 13 6 R
20 19 2 9 U
20 20 14 11 U
20 21 3 21 L
20 22 18 7 U
20 25 11 25 L
21 7 15 1 R
21 8 3 8 U
21 12 9 23 L
21 13 9 19 L
21 14 22 1 R
21 17 1 17 D
21 19 4 5 R
21 20 0 1 R
21 21 4 21 L
21 25 11 25 L
22 7 12 20 L
22 8 1 0 R
22 14 9 22 L
22 19 9 7 U
22 20 7 7 U
22 21 4 15 D
23 7 18 7 U
23 8 11 18 D
23 21 19 21 L

