13 10 100
0 0 1 0 0 0 1 2 1 0 0 9 11 0 0 0 0 11 6
5 6 6 0 0 0 0 0 0 6 0 0 0 2 11 0 3 0 2
0 0 0 0 0 9 0 0 0 0 0 0 0 0 0 0 0 0 1
8 0 0 0 0 0 0 0 1 0 0 0 0 0 0 0 0 9 0
0 0 0 2 3 0 0 0 0 9 3 7 0 0 0 8 0 0 1
0 0 0 0 0 2 0 0 0 0 0 0 0 0 0 0 0 2 0
0 0 0 0 0 0 3 0 0 7 0 0 0 3 0 0 0 0 0
2 0 6 0 0 0 3 0 0 0 0 0 0 0 8 0 5 0 0
0 11 0 0 0 0 0 0 0 0 0 0 9 0 10 12 0 4 0
0 0 0 2 0 0 0 0 0 0 0 0 0 0 0 0 2 0 0
0 0 1 0 0 0 8 0 6 0 0 0 0 0 8 0 0 0 0
0 0 0 0 2 0 0 3 0 0 0 0 0 0 0 7 0 0 0
1 2 0 2 0 0 0 1 0 0 0 0 0 2 0 0 7 0 0
7 0 0 0 0 0 1 10 0 3 0 0 0 1 0 0 0 2 0
7 0 0 1 0 0 0 0 4 0 7 7 0 0 7 0 0 4 0
7 0 8 0 0 6 0 0 0 0 0 7 0 2 0 0 3 0 0
8 8 0 0 0 0 4 3 0 0 0 0 1 0 1 0 0 3 7
0 0 4 4 0 0 0 0 0 0 0 0 0 0 0 0 5 0 0
3 5 0 0 2 7 0 0 7 1 4 0 0 4 3 4 3 0 0
0 0 0 0 U
0 1 0 1 U
0 2 0 2 R
0 3 0 3 R
0 4 0 4 D
0 5 0 5 D
0 6 0 6 D
0 7 0 7 L
0 8 0 8 L
0 9 0 9 L
1 0 0 2 R
1 1 3 1 U
1 2 0 5 D
1 3 0 1 U
1 4 2 7 L
1 5 4 5 D
1 6 0 7 L
1 7 0 6 D
1 8 0 2 R
1 9 2 9 L
2 0 0 8 L
2 1 1 1 U
2 2 0 4 D
2 3 6 3 R
2 4 7 4 D
2 5 0 8 L
2 6 6 6 D
2 7 0 5 D
2 8 0 4 D
2 9 0 4 D
3 0 0 3 R
3 1 0 7 L
3 2 1 1 U
3 3 2 0 U
3 4 0 2 R
3 5 1 5 D
3 6 4 6 D
3 7 0 0 U
3 8 1 8 L
3 9 0 0 U
4 0 3 2 R
4 1 0 9 L
4 2 5 0 U
4 3 5 3 R
4 4 8 8 L
4 5 0 0 U
4 6 0 3 R
4 7 7 0 U
4 8 0 3 R
4 9 1 9 L
5 0 1 7 L
5 1 0 8 L
5 2 7 2 R
5 3 6 1 U
5 4 7 3 R
5 5 0 9 L
5 6 3 6 D
5 7 2 4 D
5 8 0 5 D
5 9 3 9 L
6 0 4 2 R
6 1 7 2 R
6 2 0 7 L
6 3 7 3 R
6 4 7 9 L
6 5 1 5 D
6 7 3 3 R
6 8 5 8 L
6 9 4 3 R
7 0 3 0 U
7 1 5 1 U
7 2 3 7 L
7 3 0 0 U
7 4 0 3 R
7 5 1 5 D
7 7 4 7 L
7 8 1 8 L
7 9 2 0 U
8 0 3 0 U
8 1 2 8 L
8 2 2 6 D
8 3 1 3 R
8 4 3 3 R
8 5 1 2 R
8 7 7 6 D
8 8 4 0 U
8 9 0 1 U
9 0 2 2 R
9 2 2 5 D
9 5 2 5 D
9 7 1 4 D
9 8 4 8 L
10 0 1 9 L
10 7 9 7 L
10 8 2 8 L
11 0 1 2 R
11 2 10 2 R
11 7 6 5 D
11 8 2 2 R
12 0 2 8 L

