14 14 165
0 0 0 0 0 0 0 0 11 3 0
8 0 4 9 0 0 0 7 11 10 0
0 0 0 0 5 0 0 0 0 1 0
0 5 3 11 4 4 0 13 6 12 0
12 0 0 7 9 0 0 0 10 0 1
6 0 0 0 9 0 0 0 0 1 0
4 0 0 8 11 0 0 0 0 0 10
10 11 0 3 0 0 0 0 0 13 8
0 8 0 7 1 0 0 11 0 0 0
0 11 12 10 5 0 0 0 0 6 0
12 0 11 0 0 5 0 0 0 0 8
0 0 0 0 U
0 1 0 1 U
0 2 0 2 U
0 3 0 3 U
0 4 0 4 R
0 5 0 5 R
0 6 0 6 R
0 7 0 7 D
0 8 0 8 D
0 9 0 9 D
0 10 0 10 D
0 11 0 11 L
0 12 0 12 L
0 13 0 13 L
1 0 5 13 L
1 1 7 1 U
1 2 5 13 L
1 3 3 3 U
1 4 2 7 D
1 5 2 5 R
1 6 2 6 R
1 7 7 4 R
1 8 4 4 R
1 9 7 12 L
1 10 11 13 L
1 11 10 7 D
1 12 10 8 D
1 13 3 8 D
2 0 1 11 L
2 1 3 5 R
2 2 8 9 D
2 3 1 6 R
2 4 11 7 D
2 5 12 5 R
2 6 0 12 L
2 7 10 7 D
2 8 3 8 D
2 9 3 11 L
2 10 0 6 R
2 11 0 1 U
2 12 1 0 U
2 13 6 13 L
3 0 6 0 U
3 1 6 1 U
3 2 1 4 R
3 3 0 10 D
3 4 5 0 U
3 5 2 8 D
3 6 0 9 D
3 7 4 5 R
3 8 10 11 L
3 9 7 9 D
3 10 9 10 D
3 11 1 11 L
3 12 5 1 U
3 13 6 1 U
4 0 6 7 D
4 1 5 6 R
4 2 2 2 U
4 4 6 12 L
4 5 11 5 R
4 6 2 6 R
4 7 7 5 R
4 8 3 4 R
4 9 12 9 D
4 11 7 11 L
4 12 7 0 U
4 13 5 2 U
5 0 1 12 L
5 1 8 1 U
5 2 6 2 U
5 4 10 2 U
5 5 0 12 L
5 6 9 1 U
5 7 0 11 L
5 8 3 6 R
5 9 7 0 U
5 11 0 5 R
5 12 0 7 D
5 13 0 10 D
6 0 7 11 L
6 1 4 12 L
6 2 0 13 L
6 3 0 12 L
6 4 0 7 D
6 5 0 11 L
6 6 9 7 D
6 7 2 4 R
6 8 4 8 D
6 9 3 9 D
6 11 7 8 D
6 12 7 8 D
6 13 1 9 D
7 0 1 0 U
7 1 10 4 R
7 2 8 2 U
7 4 2 1 U
7 5 8 5 R
7 6 5 6 R
7 7 0 5 R
7 8 8 6 R
7 9 6 9 D
7 11 3 1 U
7 12 10 3 U
7 13 9 5 R
8 0 0 11 L
8 1 3 11 L
8 2 12 12 L
8 4 0 2 U
8 5 0 0 U
8 6 0 13 L
8 7 9 11 L
8 8 5 8 D
8 9 10 9 D
8 11 0 6 R
8 12 1 2 U
8 13 4 2 U
9 0 0 6 R
9 1 4 1 U
9 2 6 7 D
9 4 5 3 U
9 5 8 7 D
9 6 2 6 R
9 7 8 11 L
9 8 7 12 L
9 9 3 12 L
9 10 4 10 D
9 11 0 4 R
9 12 6 12 L
9 13 2 13 L
10 0 2 4 R
10 1 0 4 R
10 2 6 2 U
10 3 9 3 U
10 4 3 0 U
10 5 1 0 U
10 6 2 11 L
10 7 9 13 L
10 8 2 5 R
10 9 8 6 R
10 11 6 9 D
10 12 9 7 D
10 13 13 13 L
11 0 0 7 D
11 2 6 5 R
11 4 8 2 U
11 5 0 13 L
11 6 8 9 D
11 7 9 12 L
11 8 3 2 U
11 9 12 5 R
11 11 0 0 U
11 12 4 12 L
12 0 6 6 R
12 1 11 9 D
12 2 10 5 R
12 4 3 8 D
12 5 13 8 D
12 6 9 3 U
12 9 0 0 U
12 11 7 4 R
12 12 4 2 U
13 2 2 12 L
13 5 2 0 U
13 11 8 11 L

