24 20 412
3 20 0 0 0 2 21 12 15 14 3 0 0 0
18 0 0 0 12 0 17 13 23 0 8 14 2 17
0 7 18 6 12 20 0 21 0 20 0 7 0 2
0 0 0 0 0 0 20 0 0 11 0 0 16 0
0 0 0 0 0 0 0 0 0 0 1 0 0 13
0 0 0 0 0 0 0 0 0 0 0 0 0 0
0 5 0 0 0 0 15 0 0 0 0 0 0 0
9 0 0 16 0 0 0 0 0 15 0 0 0 19
6 0 3 0 13 21 21 4 20 6 23 13 0 0
0 0 0 0 0 0 19 20 4 0 0 0 19 0
1 0 0 0 0 0 0 0 0 12 0 0 0 0
0 0 0 0 0 0 0 1 0 5 0 22 12 0
7 14 18 22 19 18 16 0 7 1 0 2 0 16
22 0 0 0 0 0 0 0 14 0 18 19 4 0
0 0 0 0 R
0 1 0 1 R
0 2 0 2 R
0 3 0 3 R
0 4 0 4 R
0 5 0 5 U
0 6 0 6 U
0 7 0 7 U
0 8 0 8 U
0 9 0 9 U
0 10 0 10 D
0 11 0 11 D
0 12 0 12 D
0 13 0 13 D
0 14 0 14 D
0 15 0 15 D
0 16 0 16 L
0 17 0 17 L
0 18 0 18 L
0 19 0 19 L
1 0 9 14 D
1 1 0 15 D
1 2 0 12 D
1 3 7 3 R
1 4 2 4 R
1 5 2 17 L
1 6 6 6 U
1 7 3 16 L
1 8 2 8 U
1 9 17 18 L
1 10 0 6 U
1 11 0 0 R
1 12 0 7 U
1 13 0 2 R
1 14 9 18 L
1 15 13 1 R
1 16 3 16 L
1 17 7 17 L
1 18 14 8 U
1 19 6 11 D
2 0 1 12 D
2 1 1 11 D
2 2 1 15 D
2 3 6 7 U
2 4 1 12 D
2 5 8 16 L
2 6 6 11 D
2 7 16 17 L
2 8 1 18 L
2 9 9 18 L
2 10 0 5 U
2 11 10 11 D
2 12 9 17 L
2 13 6 13 D
2 15 4 15 D
2 16 0 5 U
2 17 11 5 U
2 18 1 18 L
2 19 8 19 L
3 0 9 9 U
3 1 19 1 R
3 2 9 15 D
3 3 12 3 R
3 5 4 5 U
3 6 5 6 U
3 7 4 7 U
3 8 0 12 D
3 9 10 0 R
3 10 11 10 D
3 11 5 7 U
3 12 8 18 L
3 13 1 13 D
3 14 1 14 D
3 15 4 15 D
3 16 8 16 L
3 17 1 17 L
3 18 7 10 D
3 19 9 10 D
4 0 11 0 R
4 1 16 1 R
4 2 15 15 D
4 3 5 12 D
4 5 5 5 U
4 6 10 19 L
4 7 8 7 U
4 8 16 17 L
4 9 3 9 U
4 10 11 0 R
4 11 12 17 L
4 12 1 12 D
4 13 20 17 L
4 14 0 18 L
4 15 10 15 D
4 16 8 16 L
4 17 14 11 D
4 18 8 18 L
4 19 15 19 L
5 0 10 12 D
5 1 0 11 D
5 2 0 19 L
5 3 2 15 D
5 4 9 4 R
5 5 0 17 L
5 6 1 19 L
5 7 18 7 U
5 8 10 8 U
5 9 16 1 R
5 10 10 5 U
5 11 10 11 D
5 12 4 12 D
5 13 13 13 D
5 14 0 3 R
5 15 3 15 D
5 16 14 8 U
5 17 3 11 D
5 18 7 18 L
5 19 4 19 L
6 0 7 16 L
6 1 12 11 D
6 2 4 7 U
6 3 14 6 U
6 4 20 6 U
6 5 5 11 D
6 6 2 16 L
6 7 13 18 L
6 8 2 8 U
6 9 4 4 R
6 10 0 16 L
6 11 0 19 L
6 12 13 12 D
6 13 21 13 D
6 14 8 14 D
6 15 3 15 D
6 16 0 10 D
6 17 12 12 D
6 18 8 18 L
6 19 0 7 U
7 0 9 11 D
7 1 8 1 R
7 2 12 9 U
7 3 1 3 R
7 4 15 4 R
7 5 0 3 R
7 6 1 2 R
7 7 5 13 D
7 8 16 3 R
7 9 1 9 U
7 10 1 1 R
7 11 10 4 R
7 12 0 1 R
7 13 19 3 R
7 15 3 7 U
7 16 0 2 R
7 17 16 10 D
7 18 0 12 D
7 19 1 19 L
8 0 16 15 D
8 1 7 1 R
8 2 9 2 R
8 3 9 11 D
8 4 4 4 R
8 5 7 2 R
8 6 10 18 L
8 7 3 7 U
8 8 9 16 L
8 9 13 9 U
8 10 1 6 U
8 11 4 11 D
8 12 5 12 D
8 13 6 2 R
8 15 1 15 D
8 16 4 5 U
8 17 1 7 U
8 18 15 10 D
8 19 13 9 U
9 0 19 11 D
9 1 19 6 U
9 2 5 10 D
9 3 10 9 U
9 4 15 8 U
9 5 10 19 L
9 6 6 2 R
9 7 0 18 L
9 8 7 1 R
9 9 2 9 U
9 10 0 8 U
9 11 1 11 D
9 12 14 12 D
9 13 1 13 D
9 15 10 15 D
9 16 19 7 U
9 17 8 17 L
9 18 10 11 D
9 19 13 19 L
10 0 2 10 D
10 1 15 7 U
10 2 23 19 L
10 3 12 14 D
10 4 16 12 D
10 5 3 5 U
10 7 5 7 U
10 8 6 3 R
10 9 16 9 U
10 10 13 6 U
10 11 2 11 D
10 12 13 4 R
10 13 20 2 R
10 15 3 15 D
10 16 1 14 D
10 17 15 17 L
10 18 13 13 D
10 19 11 8 U
11 0 0 6 U
11 1 3 5 U
11 2 0 8 U
11 3 12 3 R
11 4 17 7 U
11 5 10 14 D
11 6 18 0 R
11 7 10 7 U
11 8 2 8 U
11 9 6 9 U
11 10 9 10 D
11 11 19 3 R
11 12 9 12 D
11 13 3 0 R
11 15 17 4 R
11 16 7 5 U
11 17 3 6 U
11 18 13 6 U
11 19 4 19 L
12 0 4 0 R
12 1 14 5 U
12 2 1 2 R
12 3 7 13 D
12 4 18 4 R
12 5 5 13 D
12 7 2 15 D
12 8 18 1 R
12 9 5 9 U
12 10 6 17 L
12 11 9 11 D
12 12 0 6 U
12 13 10 13 D
12 15 11 16 L
12 16 15 16 L
12 17 5 17 L
12 18 21 12 D
12 19 2 6 U
13 0 0 16 L
13 1 0 17 L
13 2 15 2 R
13 3 1 10 D
13 4 1 4 R
13 5 19 5 U
13 6 7 0 R
13 7 5 17 L
13 8 9 8 U
13 9 21 9 U
13 10 4 0 R
13 11 19 11 D
13 12 12 12 D
13 13 8 13 D
13 14 1 4 R
13 15 11 4 R
13 16 14 13 D
13 17 14 0 R
13 18 5 18 L
13 19 15 19 L
14 0 20 10 D
14 1 18 5 U
14 2 12 2 R
14 3 17 5 U
14 4 17 4 R
14 5 19 18 L
14 6 11 0 R
14 7 17 2 R
14 8 8 8 U
14 9 2 9 U
14 10 8 1 R
14 11 17 19 L
14 12 11 3 R
14 13 7 19 L
14 15 12 15 D
14 16 7 2 R
14 17 20 5 U
14 18 1 7 U
14 19 12 12 D
15 0 11 0 R
15 1 5 13 D
15 2 3 2 R
15 3 5 3 R
15 4 5 12 D
15 5 16 0 R
15 6 6 16 L
15 7 17 0 R
15 8 11 8 U
15 9 9 3 R
15 10 9 0 R
15 11 11 16 L
15 12 9 19 L
15 13 6 19 L
15 15 14 17 L
15 16 13 5 U
15 17 7 6 U
15 18 12 18 L
15 19 3 19 L
16 0 17 10 D
16 1 12 15 D
16 2 4 13 D
16 4 1 9 U
16 5 3 4 R
16 6 0 1 R
16 7 14 19 L
16 8 7 3 R
16 9 15 1 R
16 10 18 16 L
16 11 0 18 L
16 12 18 16 L
16 13 10 13 D
16 15 10 15 D
16 16 12 11 D
16 17 3 15 D
16 18 1 11 D
16 19 7 10 D
17 0 10 17 L
17 1 4 12 D
17 2 10 2 R
17 4 2 10 D
17 5 0 16 L
17 6 12 17 L
17 7 1 0 R
17 8 16 8 U
17 9 4 10 D
17 10 10 7 U
17 11 6 18 L
17 12 9 18 L
17 13 20 16 L
17 15 0 16 L
17 16 14 12 D
17 17 15 11 D
17 18 18 7 U
17 19 1 19 L
18 0 0 5 U
18 1 15 9 U
18 2 1 2 R
18 4 14 4 R
18 5 1 5 U
18 7 17 3 R
18 8 12 0 R
18 9 4 13 D
18 10 14 9 U
18 11 9 9 U
18 12 10 12 D
18 13 0 8 U
18 15 8 2 R
18 16 8 7 U
18 17 14 2 R
18 18 13 18 L
18 19 15 10 D
19 0 6 5 U
19 1 20 1 R
19 5 23 19 L
19 6 9 6 U
19 7 2 19 L
19 8 4 18 L
19 9 16 17 L
19 10 2 10 D
19 11 4 11 D
19 12 10 12 D
19 13 21 2 R
19 15 15 2 R
19 16 7 9 U
19 17 7 10 D
19 18 0 8 U
19 19 17 19 L
20 0 22 13 D
20 1 16 10 D
20 2 2 6 U
20 3 17 8 U
20 5 5 16 L
20 7 6 17 L
20 8 1 8 U
20 9 5 9 U
20 10 5 0 R
20 11 17 7 U
20 12 7 3 R
20 13 8 13 D
20 15 11 18 L
20 17 7 17 L
20 18 7 18 L
20 19 13 7 U
21 0 9 0 R
21 1 7 1 R
21 5 0 10 D
21 7 4 7 U
21 8 22 8 U
21 9 7 0 R
21 11 9 17 L
21 12 10 1 R
21 18 15 8 U
21 19 5 13 D
22 1 20 10 D
22 5 4 5 U
22 9 21 2 R
22 11 14 5 U
22 12 10 9 U
22 19 13 2 R
23 1 2 13 D
23 5 9 17 L
23 18 22 13 D
23 19 9 6 U

