23 20 382
8 0 0 0 3 20 3 19 19 0 15 17 16 18 6 12
0 15 9 18 5 0 3 0 12 3 16 0 17 0 13 7
0 1 3 12 21 8 19 0 3 1 0 10 0 5 16 0
0 19 22 0 0 8 0 14 14 8 0 0 0 8 0 11
18 7 0 19 0 9 0 0 12 2 0 17 12 0 15 17
16 0 0 15 0 0 0 0 17 14 2 0 6 17 0 0
0 12 0 0 20 0 5 0 0 6 0 14 0 10 0 18
20 17 14 0 0 0 0 18 0 0 0 7 0 10 3 0
18 0 20 19 0 21 11 8 0 0 12 10 0 20 7 19
17 7 5 20 0 6 15 0 0 0 0 0 11 0 16 10
0 0 0 21 0 0 0 0 0 1 0 10 13 1 6 0
1 4 0 0 17 0 13 0 17 0 0 9 0 0 0 0
0 0 12 14 18 10 0 20 18 4 8 17 0 7 0 6
0 0 21 8 15 0 0 0 0 0 11 11 0 0 0 0
1 0 0 0 0 12 8 0 18 0 14 5 13 10 11 0
19 2 19 18 10 0 0 5 0 0 7 16 6 14 0 16
0 0 0 0 U
0 1 0 1 U
0 2 0 2 U
0 3 0 3 U
0 4 0 4 U
0 5 0 5 R
0 6 0 6 R
0 7 0 7 R
0 8 0 8 R
0 9 0 9 R
0 10 0 10 R
0 11 0 11 D
0 12 0 12 D
0 13 0 13 D
0 14 0 14 D
0 15 0 15 D
0 16 0 16 L
0 17 0 17 L
0 18 0 18 L
0 19 0 19 L
1 0 0 12 D
1 1 5 1 U
1 2 0 11 D
1 3 0 17 L
1 4 8 6 R
1 5 0 0 U
1 6 0 13 D
1 7 9 2 U
1 8 0 3 U
1 9 7 9 R
1 10 7 11 D
1 11 11 7 R
1 12 4 12 D
1 13 0 8 R
1 14 17 14 D
1 15 14 16 L
1 16 14 16 L
1 17 0 13 D
1 18 0 4 U
1 19 8 0 U
2 0 7 11 D
2 1 0 13 D
2 2 13 9 R
2 3 1 3 U
2 4 11 17 L
2 5 19 11 D
2 6 0 11 D
2 7 0 12 D
2 8 3 3 U
2 9 1 9 R
2 11 0 5 R
2 12 1 12 D
2 13 0 6 R
2 14 9 14 D
2 15 16 15 D
2 16 4 0 U
2 17 0 11 D
2 18 10 15 D
2 19 12 19 L
3 0 8 0 U
3 1 15 9 R
3 2 0 6 R
3 3 5 3 U
3 4 16 4 U
3 5 1 5 R
3 6 11 6 R
3 7 14 0 U
3 8 7 8 R
3 9 8 9 R
3 11 2 8 R
3 12 0 2 U
3 13 1 13 D
3 14 0 0 U
3 15 10 15 D
3 16 1 14 D
3 17 2 17 L
3 18 12 18 L
3 19 13 19 L
4 0 10 6 R
4 1 0 6 R
4 2 19 5 R
4 3 7 7 R
4 4 0 13 D
4 5 8 11 D
4 6 3 2 U
4 7 10 16 L
4 8 14 8 R
4 9 6 11 D
4 11 0 16 L
4 12 5 4 U
4 13 18 1 U
4 14 16 5 R
4 15 0 2 U
4 16 1 12 D
4 17 3 17 L
4 18 2 18 L
4 19 6 14 D
5 0 15 0 U
5 1 0 10 R
5 2 11 2 U
5 3 6 3 U
5 4 0 19 L
5 5 2 14 D
5 6 4 0 U
5 7 0 17 L
5 8 1 8 R
5 9 7 9 R
5 11 6 17 L
5 12 14 5 R
5 13 0 18 L
5 14 9 14 D
5 15 3 2 U
5 16 1 1 U
5 17 1 11 D
5 18 3 11 D
5 19 8 19 L
6 0 18 17 L
6 1 0 11 D
6 2 1 2 U
6 3 5 16 L
6 4 1 4 U
6 5 12 3 U
6 6 10 6 R
6 7 11 7 R
6 8 2 11 D
6 9 10 9 R
6 11 2 11 D
6 12 2 5 R
6 13 7 13 D
6 14 5 14 D
6 15 8 15 D
6 16 0 0 U
6 17 10 12 D
6 18 0 7 R
6 19 13 19 L
7 0 2 18 L
7 1 0 16 L
7 2 6 2 U
7 3 6 3 U
7 4 5 6 R
7 5 2 5 R
7 6 3 3 U
7 7 2 7 R
7 8 1 8 R
7 9 0 18 L
7 11 8 2 U
7 12 0 19 L
7 13 4 13 D
7 14 6 5 R
7 15 6 18 L
7 16 0 12 D
7 17 8 1 U
7 18 8 18 L
7 19 0 1 U
8 0 0 5 R
8 1 19 5 R
8 2 0 18 L
8 3 10 3 U
8 4 7 4 U
8 5 21 0 U
8 6 10 6 R
8 7 3 4 U
8 8 12 8 R
8 9 5 9 R
8 10 1 10 R
8 11 17 19 L
8 12 0 1 U
8 13 13 13 D
8 14 1 14 D
8 15 9 15 D
8 16 1 0 U
8 17 7 1 U
8 18 0 6 R
8 19 14 12 D
9 0 0 8 R
9 1 16 16 L
9 2 15 8 R
9 3 0 19 L
9 4 3 4 U
9 5 7 14 D
9 6 0 2 U
9 7 2 15 D
9 8 1 8 R
9 9 14 2 U
9 11 16 9 R
9 12 14 12 D
9 13 4 13 D
9 14 13 14 D
9 15 11 15 D
9 16 2 14 D
9 17 13 12 D
9 18 5 12 D
9 19 3 19 L
10 0 7 18 L
10 1 12 5 R
10 2 15 6 R
10 3 15 3 U
10 4 3 17 L
10 5 0 16 L
10 6 2 13 D
10 7 0 16 L
10 9 11 9 R
10 11 12 16 L
10 12 0 4 U
10 13 4 13 D
10 14 13 16 L
10 15 9 7 R
10 16 2 0 U
10 17 6 3 U
10 18 1 18 L
10 19 8 19 L
11 0 0 11 D
11 1 4 10 R
11 2 13 7 R
11 3 3 3 U
11 4 1 4 U
11 5 0 1 U
11 6 0 15 D
11 7 10 7 R
11 9 8 9 R
11 10 0 13 D
11 11 1 18 L
11 12 12 9 R
11 13 14 17 L
11 14 5 19 L
11 15 12 15 D
11 16 0 2 U
11 17 6 13 D
11 18 12 11 D
11 19 3 19 L
12 0 10 0 U
12 1 1 1 U
12 2 11 17 L
12 3 15 18 L
12 4 3 4 U
12 5 13 0 U
12 6 2 14 D
12 7 1 14 D
12 8 0 19 L
12 9 9 1 U
12 12 3 12 D
12 13 8 13 D
12 14 6 6 R
12 15 5 15 D
12 16 0 14 D
12 17 5 17 L
12 18 14 7 R
12 19 11 19 L
13 0 0 9 R
13 1 11 1 U
13 2 3 16 L
13 3 3 5 R
13 4 5 4 U
13 5 18 12 D
13 6 15 6 R
13 7 6 7 R
13 9 4 9 R
13 11 12 0 U
13 12 6 12 D
13 13 3 13 D
13 14 0 4 U
13 16 0 5 R
13 17 8 0 U
13 18 8 18 L
13 19 14 1 U
14 0 16 5 R
14 1 17 1 U
14 2 4 12 D
14 3 11 19 L
14 4 9 7 R
14 5 11 5 R
14 6 2 0 U
14 7 1 15 D
14 9 2 15 D
14 11 0 17 L
14 12 8 3 U
14 13 16 6 R
14 14 11 6 R
14 15 0 3 U
14 16 1 16 L
14 17 3 17 L
14 18 7 18 L
14 19 12 15 D
15 0 18 16 L
15 1 7 5 R
15 2 20 14 D
15 3 3 18 L
15 4 8 4 U
15 5 14 15 D
15 6 0 12 D
15 7 7 7 R
15 9 5 0 U
15 11 7 11 D
15 12 0 7 R
15 13 3 13 D
15 14 13 14 D
15 15 5 15 D
15 16 13 5 R
15 17 18 2 U
15 18 4 18 L
15 19 11 2 U
16 0 3 7 R
16 1 6 1 U
16 2 1 2 U
16 3 11 6 R
16 4 7 4 U
16 5 0 4 U
16 6 4 19 L
16 7 17 7 R
16 8 18 12 D
16 9 0 11 D
16 11 18 5 R
16 12 15 12 D
16 13 12 8 R
16 14 9 8 R
16 15 13 15 D
16 16 8 16 L
16 17 5 17 L
16 18 15 2 U
16 19 5 12 D
17 0 16 19 L
17 1 15 19 L
17 2 15 2 U
17 3 16 3 U
17 4 0 16 L
17 5 15 17 L
17 6 14 16 L
17 7 6 11 D
17 8 14 1 U
17 9 1 9 R
17 11 5 11 D
17 12 13 5 R
17 13 14 13 D
17 14 7 19 L
17 16 5 16 L
17 17 13 17 L
17 18 16 1 U
17 19 1 19 L
18 0 0 14 D
18 1 5 9 R
18 2 14 2 U
18 3 1 3 U
18 4 12 4 U
18 5 7 1 U
18 6 7 2 U
18 7 2 7 R
18 8 6 14 D
18 9 5 9 R
18 12 5 7 R
18 13 7 9 R
18 14 17 14 D
18 16 14 11 D
18 18 17 18 L
18 19 0 15 D
19 0 8 19 L
19 1 1 5 R
19 2 13 2 U
19 3 2 3 U
19 4 8 4 U
19 5 11 5 R
19 6 1 14 D
19 9 9 9 R
19 12 0 8 R
19 13 1 13 D
19 14 1 9 R
19 16 7 15 D
19 18 6 3 U
19 19 18 19 L
20 0 8 0 U
20 2 12 2 U
20 3 19 7 R
20 6 11 6 R
20 9 7 9 R
20 13 3 13 D
20 14 8 14 D
20 16 3 14 D
21 0 3 0 U
21 2 4 2 U
21 9 8 9 R
21 14 4 16 L
21 16 5 15 D
22 14 9 14 D

