17 18 245
2 4 2 5 12 0 10 6 7 0 0 0 12 0
6 7 11 0 0 0 7 0 0 10 0 5 0 0
8 11 6 0 0 8 5 0 0 0 16 15 0 13
3 3 0 0 1 0 0 11 8 0 15 0 0 6
0 0 0 11 14 13 0 0 0 15 0 9 6 0
0 0 1 0 0 3 0 3 0 10 0 0 0 1
10 0 0 0 0 0 12 4 15 0 0 0 6 14
0 1 0 6 3 3 9 0 13 0 13 0 0 11
12 0 0 10 0 12 13 0 11 6 3 0 15 0
10 0 9 0 1 0 9 5 0 0 0 0 9 11
10 13 0 0 14 0 15 0 0 0 9 12 0 0
0 6 8 0 4 1 0 0 3 0 0 0 0 8
8 5 0 0 7 5 12 0 0 14 0 6 12 0
1 6 5 8 0 0 11 0 0 2 9 9 0 11
0 0 0 0 L
0 1 0 1 L
0 2 0 2 L
0 3 0 3 L
0 4 0 4 R
0 5 0 5 R
0 6 0 6 R
0 7 0 7 R
0 8 0 8 D
0 9 0 9 D
0 10 0 10 D
0 11 0 11 D
0 12 0 12 U
0 13 0 13 U
0 14 0 14 U
0 15 0 15 U
0 16 0 16 U
0 17 0 17 U
1 0 0 12 U
1 1 11 1 L
1 2 2 2 L
1 3 0 6 R
1 4 4 8 D
1 5 2 5 R
1 6 0 13 U
1 7 4 7 R
1 8 12 1 L
1 9 7 9 D
1 10 0 7 R
1 11 0 14 U
1 12 0 2 L
1 13 2 0 L
1 14 4 14 U
1 15 2 7 R
1 16 2 16 U
1 17 4 2 L
2 0 3 8 D
2 1 0 13 U
2 2 0 4 R
2 3 8 3 L
2 4 0 9 D
2 5 0 12 U
2 6 12 12 U
2 7 3 7 R
2 8 0 4 R
2 9 0 1 L
2 10 14 0 L
2 11 0 16 U
2 12 10 9 D
2 13 5 3 L
2 14 0 9 D
2 15 3 6 R
2 16 0 1 L
2 17 0 7 R
3 0 10 9 D
3 1 1 1 L
3 2 4 17 U
3 3 0 4 R
3 4 0 8 D
3 5 5 0 L
3 6 1 6 R
3 7 5 7 R
3 8 1 8 D
3 9 2 1 L
3 10 6 2 L
3 11 0 2 L
3 12 0 8 D
3 13 0 3 L
3 14 6 14 U
3 15 5 15 U
3 16 2 16 U
3 17 2 17 U
4 0 0 14 U
4 1 0 5 R
4 2 5 10 D
4 3 0 12 U
4 4 3 11 D
4 5 9 5 R
4 6 6 15 U
4 7 0 10 D
4 8 5 0 L
4 9 0 6 R
4 10 3 6 R
4 11 1 11 D
4 12 1 0 L
4 13 1 13 U
4 14 0 4 R
4 16 1 16 U
5 0 8 0 L
5 1 9 16 U
5 2 14 9 D
5 3 3 3 L
5 4 3 14 U
5 5 11 5 R
5 6 0 17 U
5 7 10 7 R
5 8 0 1 L
5 9 11 3 L
5 10 2 7 R
5 11 4 3 L
5 12 14 7 R
5 13 0 0 L
5 14 2 14 U
5 16 9 3 L
5 17 1 17 U
6 0 0 8 D
6 1 5 1 L
6 2 1 13 U
6 3 3 3 L
6 4 2 8 D
6 5 0 13 U
6 6 7 6 R
6 7 5 7 R
6 8 4 17 U
6 9 0 5 R
6 10 9 10 D
6 11 5 11 D
6 12 5 0 L
6 13 9 13 U
6 14 9 6 R
6 16 0 9 D
7 0 0 17 U
7 1 3 1 L
7 2 9 10 D
7 3 3 3 L
7 4 1 4 R
7 5 10 5 R
7 6 3 11 D
7 7 8 13 U
7 8 13 4 R
7 9 1 5 R
7 10 3 10 D
7 11 1 6 R
7 12 8 5 R
7 13 2 13 U
7 14 12 14 U
7 16 9 1 L
8 0 4 11 D
8 1 2 1 L
8 2 7 13 U
8 3 13 3 L
8 4 5 13 U
8 5 2 8 D
8 6 3 10 D
8 7 1 9 D
8 8 4 4 R
8 9 0 0 L
8 10 1 5 R
8 11 3 11 D
8 12 3 0 L
8 13 5 8 D
8 14 11 4 R
8 16 5 16 U
9 0 4 14 U
9 1 4 12 U
9 2 5 2 L
9 3 1 11 D
9 4 1 12 U
9 5 6 11 D
9 6 4 9 D
9 7 3 7 R
9 8 5 8 D
9 9 7 0 L
9 10 11 7 R
9 11 13 11 D
9 12 1 12 U
9 13 13 5 R
9 14 4 5 R
10 0 5 10 D
10 1 0 15 U
10 2 7 7 R
10 3 12 8 D
10 4 6 4 R
10 5 8 13 U
10 6 2 1 L
10 7 2 7 R
10 8 12 5 R
10 9 12 6 R
10 10 4 10 D
10 11 2 6 R
10 12 4 0 L
10 13 11 9 D
10 14 11 9 D
11 0 0 16 U
11 1 0 9 D
11 2 3 2 L
11 3 3 3 L
11 5 0 11 D
11 6 1 6 R
11 7 1 1 L
11 8 3 6 R
11 9 1 2 L
11 10 8 4 R
11 11 1 3 L
11 12 6 12 U
11 13 0 10 D
11 14 5 4 R
12 0 14 10 D
12 1 6 9 D
12 2 1 2 L
12 3 5 12 U
12 4 0 0 L
12 5 2 12 U
12 6 5 10 D
12 7 4 0 L
12 8 10 8 D
12 9 1 9 D
12 10 1 10 D
12 11 10 13 U
12 12 4 12 U
12 13 14 2 L
12 14 0 8 D
12 17 3 17 U
13 0 8 12 U
13 1 5 14 U
13 2 1 2 L
13 3 12 10 D
13 4 0 1 L
13 5 3 5 R
13 6 0 2 L
13 7 9 7 R
13 9 6 4 R
13 10 1 0 L
13 11 5 11 D
13 12 7 1 L
13 13 2 13 U
13 14 1 14 U
13 15 2 15 U
13 16 9 16 U
14 1 13 11 D
14 2 7 14 U
14 4 4 14 U
14 6 0 3 L
14 7 0 16 U
14 8 0 5 R
14 10 11 5 R
14 11 13 12 U
14 14 1 14 U
14 17 13 4 R
15 2 3 2 L
15 6 2 6 R
15 7 6 11 D
15 10 1 10 D
15 11 1 11 D
16 7 6 7 R

