12 10 101
8 0 0 8 0 3 1 2 10 0 6 0
0 8 7 0 10 0 3 0 0 0 0 0
0 0 0 0 5 0 0 0 0 8 0 0
0 0 0 0 1 11 0 0 8 0 9 0
0 0 0 0 0 4 11 6 0 0 8 0
9 0 0 0 0 0 3 4 0 0 0 8
0 0 0 0 0 0 0 0 0 0 0 0
0 0 0 8 1 11 5 10 2 0 0 0
0 0 0 9 0 0 0 0 0 0 0 0
0 0 0 0 0 10 0 1 0 1 0 7
5 6 8 0 0 0 6 0 3 0 7 8
0 0 0 0 0 0 0 9 2 0 3 0
0 0 0 0 R
0 1 0 1 R
0 2 0 2 U
0 3 0 3 U
0 4 0 4 U
0 5 0 5 D
0 6 0 6 D
0 7 0 7 D
0 8 0 8 L
0 9 0 9 L
1 0 0 2 U
1 1 3 1 R
1 2 5 0 R
1 3 0 9 L
1 4 2 4 U
1 5 0 9 L
1 6 5 6 D
1 7 5 1 R
1 8 0 3 U
1 9 0 2 U
2 0 7 6 D
2 1 0 5 D
2 2 5 5 D
2 3 1 3 U
2 4 4 9 L
2 5 4 0 R
2 6 0 1 R
2 7 5 7 D
2 8 0 4 U
2 9 3 2 U
3 0 0 8 L
3 1 0 3 U
3 2 7 8 L
3 3 0 5 D
3 4 8 8 L
3 5 0 0 R
3 6 1 0 R
3 7 1 7 D
3 8 4 8 L
3 9 0 6 D
4 0 1 0 R
4 1 7 2 U
4 2 5 1 R
4 3 0 1 R
4 4 3 4 U
4 5 6 1 R
4 6 11 2 U
4 7 2 1 R
4 8 0 5 D
4 9 9 9 L
5 0 0 9 L
5 1 1 5 D
5 2 4 1 R
5 3 2 3 U
5 4 3 6 D
5 5 1 0 R
5 6 1 9 L
5 7 4 7 D
5 8 0 7 D
5 9 2 9 L
6 0 3 2 U
6 1 5 5 D
6 2 0 9 L
6 3 3 6 D
6 5 1 2 U
6 6 2 6 D
6 7 4 4 U
6 8 0 0 R
6 9 1 6 D
7 0 0 6 D
7 1 5 6 D
7 2 2 8 L
7 3 8 6 D
7 5 2 8 L
7 6 4 3 U
7 7 8 9 L
7 8 4 1 R
7 9 2 9 L
8 0 2 7 D
8 1 6 3 U
8 2 0 8 L
8 3 6 8 L
8 5 5 5 D
8 6 0 8 L
8 8 9 5 D
8 9 4 5 D
9 0 8 5 D
9 1 1 1 R
9 2 10 0 R
9 5 0 2 U
9 6 0 3 U
9 8 2 8 L
10 0 9 2 U
10 1 7 3 U
10 2 0 6 D
10 6 1 6 D
10 8 8 0 R
11 1 1 7 D
11 2 4 2 U
11 6 3 1 R
11 8 10 2 U

