16 13 171
0 6 3 0 0 0 0 0 0 0 4 6 0 0 0
0 0 4 0 0 0 0 0 0 0 0 0 0 0 14
0 0 13 0 0 0 0 0 0 0 0 12 0 0 2
0 9 0 0 0 0 0 0 0 0 4 8 0 0 3
0 10 6 0 0 0 0 0 4 5 0 0 0 3 12
0 0 0 0 3 11 0 0 9 0 0 0 0 0 0
0 0 13 0 3 0 0 0 2 15 0 0 0 0 13
13 10 1 0 0 0 0 0 2 10 0 0 3 0 0
11 1 0 11 0 0 0 0 0 2 0 0 12 0 14
0 0 0 0 0 0 5 0 0 8 0 5 10 0 0
11 0 0 0 0 0 13 0 0 0 0 0 0 1 11
0 0 0 0 0 6 0 0 0 0 0 4 0 7 0
0 0 3 0 0 0 0 0 0 0 0 0 0 0 3
0 1 0 7 0 0 0 0 0 0 0 0 13 13 0
5 0 3 0 0 0 0 0 0 0 0 0 0 9 0
0 0 0 0 D
0 1 0 1 D
0 2 0 2 D
0 3 0 3 R
0 4 0 4 R
0 5 0 5 R
0 6 0 6 R
0 7 0 7 U
0 8 0 8 U
0 9 0 9 U
0 10 0 10 L
0 11 0 11 L
0 12 0 12 L
1 0 9 10 L
1 1 0 8 U
1 2 6 5 R
1 3 0 0 D
1 4 8 4 R
1 5 8 5 R
1 6 6 1 D
1 7 0 6 R
1 8 8 12 L
1 9 8 11 L
1 10 0 7 U
1 11 2 8 U
1 12 11 7 U
2 0 4 10 L
2 1 1 4 R
2 2 10 4 R
2 3 4 8 U
2 4 6 9 U
2 5 0 11 L
2 6 8 11 L
2 7 9 7 U
2 8 1 3 R
2 9 6 12 L
2 10 1 9 U
2 11 12 2 D
2 12 1 12 L
3 0 0 11 L
3 1 2 10 L
3 2 6 3 R
3 3 0 10 L
3 4 6 10 L
3 5 2 9 U
3 6 8 0 D
3 7 0 3 R
3 8 6 8 U
3 9 7 9 U
3 10 10 1 D
3 11 0 2 D
3 12 1 12 L
4 0 0 10 L
4 1 3 11 L
4 2 3 11 L
4 3 0 8 U
4 4 0 7 U
4 5 0 9 U
4 6 9 6 R
4 7 10 3 R
4 8 3 8 U
4 9 0 11 L
4 10 2 4 R
4 11 2 2 D
4 12 8 2 D
5 0 0 9 U
5 1 8 1 D
5 2 0 4 R
5 3 2 10 L
5 4 0 2 D
5 5 7 1 D
5 6 7 6 R
5 7 10 1 D
5 8 10 12 L
5 9 9 3 R
5 10 0 4 R
5 11 0 0 D
5 12 7 12 L
6 0 10 0 D
6 1 3 1 D
6 2 0 3 R
6 3 9 2 D
6 4 9 9 U
6 5 9 7 U
6 6 1 6 R
6 7 5 7 U
6 8 0 1 D
6 9 5 12 L
6 10 0 3 R
6 11 0 9 U
6 12 9 2 D
7 0 3 6 R
7 1 2 4 R
7 2 6 2 D
7 3 0 1 D
7 4 9 4 R
7 5 2 5 R
7 7 0 10 L
7 8 1 11 L
7 9 4 9 U
7 10 6 10 L
7 11 12 11 L
7 12 1 0 D
8 0 0 5 R
8 1 4 5 R
8 2 3 2 D
8 3 1 3 R
8 4 7 0 D
8 5 5 5 R
8 7 1 4 R
8 8 12 11 L
8 9 5 3 R
8 10 11 0 D
8 11 5 11 L
8 12 12 12 L
9 0 5 5 R
9 1 11 1 D
9 2 10 10 L
9 3 3 9 U
9 4 3 7 U
9 5 10 8 U
9 7 3 5 R
9 8 10 8 U
9 9 2 9 U
9 10 5 2 D
9 11 11 11 L
9 12 7 12 L
10 0 4 0 D
10 1 1 3 R
10 2 9 2 D
10 3 1 7 U
10 4 5 0 D
10 5 8 1 D
10 7 1 6 R
10 8 6 8 U
10 9 11 9 U
10 10 5 1 D
10 11 6 7 U
10 12 8 7 U
11 0 6 10 L
11 1 2 5 R
11 2 3 2 D
11 3 12 8 U
11 4 12 4 R
11 5 6 0 D
11 6 3 6 R
11 7 3 3 R
11 8 6 1 D
11 9 0 12 L
11 10 5 3 R
11 11 2 1 D
11 12 8 8 U
12 0 10 11 L
12 2 5 4 R
12 3 5 10 L
12 4 3 2 D
12 5 8 5 R
12 7 1 10 L
12 8 1 0 D
12 9 11 12 L
12 10 9 0 D
12 12 8 12 L
13 0 0 3 R
13 2 8 7 U
13 3 9 9 U
13 4 12 2 D
13 8 4 5 R
13 10 4 5 R
14 2 9 10 L
14 3 12 10 L
15 2 12 4 R

