29 38 873
4 7 0 20 0 0 0 0 0 0 0 0 0 20
14 0 16 24 13 18 0 10 9 0 0 22 23 27
16 24 5 0 21 12 4 10 0 14 23 24 23 0
16 26 13 9 14 10 22 21 14 0 20 17 0 7
0 0 24 0 21 9 5 11 12 0 11 0 0 28
1 2 25 7 15 16 22 7 0 16 18 23 0 0
23 0 7 23 5 11 4 24 11 13 0 0 18 11
0 0 0 0 21 19 13 7 0 0 17 21 1 11
5 6 9 11 0 2 6 0 14 21 1 0 21 0
20 25 16 8 23 10 10 0 20 21 10 20 0 27
6 0 0 6 17 9 16 21 21 0 0 10 1 26
19 0 0 9 7 24 3 10 0 7 10 20 10 4
0 0 19 24 15 11 21 0 14 11 25 0 23 4
21 23 9 0 12 0 11 13 18 12 9 19 1 17
0 0 0 0 U
0 1 0 1 U
0 2 0 2 U
0 3 0 3 U
0 4 0 4 U
0 5 0 5 U
0 6 0 6 U
0 7 0 7 U
0 8 0 8 U
0 9 0 9 U
0 10 0 10 U
0 11 0 11 R
0 12 0 12 R
0 13 0 13 R
0 14 0 14 R
0 15 0 15 R
0 16 0 16 R
0 17 0 17 R
0 18 0 18 R
0 19 0 19 D
0 20 0 20 D
0 21 0 21 D
0 22 0 22 D
0 23 0 23 D
0 24 0 24 D
0 25 0 25 D
0 26 0 26 D
0 27 0 27 D
0 28 0 28 D
0 29 0 29 D
0 30 0 30 L
0 31 0 31 L
0 32 0 32 L
0 33 0 33 L
0 34 0 34 L
0 35 0 35 L
0 36 0 36 L
0 37 0 37 L
1 0 17 30 L
1 1 0 15 R
1 2 7 2 U
1 3 2 3 U
1 4 3 4 U
1 5 4 16 R
1 6 3 6 U
1 7 11 35 L
1 8 6 8 U
1 9 3 9 U
1 10 9 10 U
1 11 12 2 U
1 12 2 12 R
1 13 5 13 R
1 14 0 24 D
1 15 4 15 R
1 16 0 37 L
1 17 8 8 U
1 18 5 18 R
1 19 12 8 U
1 20 5 2 U
1 21 0 2 U
1 22 0 3 U
1 23 16 33 L
1 24 3 24 D
1 25 2 25 D
1 26 6 37 L
1 27 13 27 D
1 28 8 28 D
1 29 2 29 D
1 30 16 13 R
1 31 8 12 R
1 32 20 19 D
1 33 20 22 D
1 34 5 34 L
1 35 2 35 L
1 36 2 36 L
1 37 11 37 L
2 0 0 13 R
2 1 13 14 R
2 2 17 12 R
2 3 9 3 U
2 4 1 4 U
2 5 8 5 U
2 6 15 6 U
2 7 3 7 U
2 8 5 8 U
2 9 9 24 D
2 10 7 10 U
2 11 5 5 U
2 12 1 12 R
2 13 4 13 R
2 14 1 14 R
2 15 4 15 R
2 16 0 7 U
2 17 1 17 R
2 18 5 18 R
2 19 15 2 U
2 20 1 37 L
2 21 7 13 R
2 22 1 22 D
2 23 0 15 R
2 24 15 32 L
2 25 11 9 U
2 26 0 35 L
2 27 0 9 U
2 28 8 28 D
2 29 14 29 D
2 30 18 15 R
2 31 14 20 D
2 32 13 32 L
2 33 9 33 L
2 34 5 34 L
2 35 0 11 R
2 36 10 22 D
2 37 10 37 L
3 0 0 30 L
3 1 6 15 R
3 2 1 2 U
3 3 0 21 D
3 4 4 35 L
3 5 1 5 U
3 6 4 6 U
3 7 5 7 U
3 8 9 14 R
3 9 5 9 U
3 10 10 10 U
3 11 17 0 U
3 12 0 0 U
3 13 19 20 D
3 14 4 14 R
3 15 6 2 U
3 16 8 8 U
3 17 2 17 R
3 18 2 2 U
3 19 4 19 D
3 20 5 20 D
3 21 4 21 D
3 22 0 12 R
3 23 16 34 L
3 24 10 24 D
3 25 12 33 L
3 26 2 26 D
3 27 0 8 U
3 28 4 28 D
3 29 1 29 D
3 30 0 20 D
3 31 0 10 U
3 32 1 32 L
3 33 9 3 U
3 34 2 20 D
3 35 2 20 D
3 36 9 36 L
3 37 7 16 R
4 0 0 14 R
4 1 21 12 R
4 2 11 2 U
4 3 6 3 U
4 4 0 22 D
4 5 6 5 U
4 6 5 6 U
4 7 0 19 D
4 8 20 8 U
4 9 6 9 U
4 10 7 10 U
4 11 19 23 D
4 12 0 33 L
4 13 17 0 U
4 14 0 21 D
4 15 11 33 L
4 16 11 25 D
4 17 2 17 R
4 18 0 1 U
4 19 6 15 R
4 20 0 30 L
4 21 0 11 R
4 22 15 33 L
4 23 0 13 R
4 24 0 32 L
4 25 0 33 L
4 26 10 26 D
4 27 18 35 L
4 28 1 28 D
4 29 10 35 L
4 30 10 20 D
4 31 1 11 R
4 32 0 1 U
4 33 12 23 D
4 34 1 34 L
4 35 10 4 U
4 36 10 19 D
4 37 2 37 L
5 0 7 15 R
5 1 0 20 D
5 2 1 2 U
5 3 1 15 R
5 4 20 17 R
5 5 0 34 L
5 6 4 6 U
5 7 6 7 U
5 8 1 8 U
5 9 20 9 U
5 10 19 36 L
5 11 8 36 L
5 12 0 3 U
5 13 2 7 U
5 14 12 4 U
5 15 6 20 D
5 16 0 5 U
5 17 3 10 U
5 18 23 6 U
5 19 3 19 D
5 20 1 31 L
5 21 4 35 L
5 22 0 36 L
5 23 1 23 D
5 24 4 24 D
5 25 12 36 L
5 26 3 37 L
5 27 1 27 D
5 28 24 28 D
5 29 2 29 D
5 30 6 19 D
5 31 7 31 L
5 32 0 23 D
5 33 24 7 U
5 34 0 6 U
5 35 0 1 U
5 36 11 36 L
5 37 11 25 D
6 0 1 11 R
6 1 8 1 U
6 2 2 34 L
6 3 7 3 U
6 4 16 4 U
6 5 5 5 U
6 6 4 6 U
6 7 7 7 U
6 8 3 8 U
6 9 15 9 U
6 10 18 10 U
6 11 0 1 U
6 12 9 20 D
6 13 0 2 U
6 14 8 7 U
6 15 0 32 L
6 16 1 8 U
6 17 14 1 U
6 18 26 10 U
6 19 3 30 L
6 20 12 31 L
6 21 7 21 D
6 22 16 22 D
6 23 9 23 D
6 24 5 30 L
6 25 4 25 D
6 26 8 26 D
6 27 13 32 L
6 28 4 28 D
6 29 16 29 D
6 30 0 0 U
6 31 1 31 L
6 32 5 20 D
6 33 12 29 D
6 34 9 14 R
6 35 7 21 D
6 36 11 36 L
6 37 14 22 D
7 0 10 0 U
7 1 11 14 R
7 2 19 2 U
7 3 6 32 L
7 4 17 4 U
7 5 5 5 U
7 6 4 34 L
7 7 0 26 D
7 8 9 8 U
7 9 8 9 U
7 10 4 10 U
7 11 8 0 U
7 12 2 12 R
7 13 23 6 U
7 14 5 7 U
7 15 9 6 U
7 16 15 1 U
7 17 8 17 R
7 18 19 18 R
7 19 8 31 L
7 20 6 0 U
7 21 12 37 L
7 22 8 22 D
7 23 3 23 D
7 24 8 36 L
7 25 16 25 D
7 26 12 26 D
7 27 4 27 D
7 28 1 28 D
7 29 0 30 L
7 30 0 12 R
7 31 14 29 D
7 32 11 7 U
7 33 1 22 D
7 34 0 13 R
7 35 17 28 D
7 36 14 36 L
7 37 5 19 D
8 0 12 32 L
8 1 5 1 U
8 2 1 2 U
8 3 4 3 U
8 4 9 4 U
8 5 13 31 L
8 6 1 6 U
8 7 4 7 U
8 8 4 8 U
8 9 20 9 U
8 10 1 10 U
8 11 0 6 U
8 12 5 9 U
8 13 0 4 U
8 14 11 22 D
8 15 10 15 R
8 16 15 5 U
8 17 3 17 R
8 18 6 10 U
8 19 0 0 U
8 20 9 12 R
8 21 9 21 D
8 22 6 31 L
8 23 5 23 D
8 24 7 24 D
8 25 1 34 L
8 26 1 4 U
8 27 5 27 D
8 28 9 11 R
8 29 0 0 U
8 30 14 29 D
8 31 10 19 D
8 32 12 23 D
8 33 15 25 D
8 34 15 29 D
8 35 12 23 D
8 36 11 24 D
8 37 11 37 L
9 0 13 0 U
9 1 17 31 L
9 2 17 2 U
9 3 10 34 L
9 4 14 34 L
9 5 5 18 R
9 6 19 33 L
9 7 4 7 U
9 8 7 8 U
9 9 3 9 U
9 10 19 31 L
9 11 1 19 D
9 12 24 5 U
9 13 12 31 L
9 14 4 14 R
9 15 14 23 D
9 16 22 16 R
9 17 14 24 D
9 18 5 18 R
9 19 24 33 L
9 20 15 20 D
9 21 13 16 R
9 22 0 1 U
9 23 14 32 L
9 24 16 11 R
9 25 12 25 D
9 26 4 26 D
9 27 13 11 R
9 28 1 28 D
9 29 18 29 D
9 30 4 4 U
9 31 11 2 U
9 32 20 10 U
9 33 16 19 D
9 34 5 0 U
9 35 0 23 D
9 36 14 21 D
9 37 11 37 L
10 0 0 11 R
10 1 1 14 R
10 2 3 2 U
10 3 2 16 R
10 4 0 16 R
10 5 8 15 R
10 6 5 6 U
10 7 5 7 U
10 8 1 8 U
10 9 4 9 U
10 10 3 10 U
10 11 22 19 D
10 12 11 21 D
10 13 17 19 D
10 14 4 14 R
10 15 8 27 D
10 16 9 21 D
10 17 13 17 R
10 18 14 26 D
10 19 0 14 R
10 20 20 15 R
10 21 4 21 D
10 22 0 16 R
10 23 17 18 R
10 24 9 32 L
10 25 4 25 D
10 26 17 15 R
10 27 15 27 D
10 28 1 10 U
10 29 6 29 D
10 30 0 19 D
10 31 0 18 R
10 32 2 3 U
10 33 1 33 L
10 34 12 34 L
10 35 21 35 L
10 36 9 3 U
10 37 0 9 U
11 0 1 32 L
11 1 10 32 L
11 2 22 37 L
11 3 1 14 R
11 4 22 20 D
11 5 21 21 D
11 6 3 17 R
11 7 7 7 U
11 8 8 16 R
11 9 10 34 L
11 10 9 32 L
11 11 20 24 D
11 12 7 12 R
11 13 7 24 D
11 14 2 14 R
11 15 3 15 R
11 16 3 16 R
11 17 1 26 D
11 18 7 18 R
11 19 3 12 R
11 20 0 16 R
11 21 8 32 L
11 22 16 30 L
11 23 9 13 R
11 24 5 24 D
11 25 0 5 U
11 26 17 12 R
11 27 7 27 D
11 28 12 30 L
11 29 9 32 L
11 30 5 30 L
11 31 5 28 D
11 32 18 22 D
11 33 1 24 D
11 34 10 25 D
11 35 18 26 D
11 36 10 27 D
11 37 8 12 R
12 0 4 0 U
12 1 4 1 U
12 2 11 13 R
12 3 3 21 D
12 4 21 4 U
12 5 19 16 R
12 6 4 16 R
12 7 6 19 D
12 8 17 8 U
12 9 5 9 U
12 10 14 10 U
12 11 18 4 U
12 12 11 2 U
12 13 8 29 D
12 14 21 21 D
12 15 11 5 U
12 16 9 16 R
12 17 16 9 U
12 18 1 18 R
12 19 10 11 R
12 20 0 34 L
12 21 15 30 L
12 22 13 34 L
12 23 17 35 L
12 24 9 30 L
12 25 13 32 L
12 26 20 11 R
12 27 9 27 D
12 28 21 30 L
12 29 5 29 D
12 30 15 2 U
12 31 15 28 D
12 32 16 6 U
12 33 7 4 U
12 34 0 26 D
12 35 10 16 R
12 36 15 16 R
12 37 19 37 L
13 0 18 0 U
13 1 0 23 D
13 2 15 11 R
13 3 17 17 R
13 4 25 4 U
13 5 16 5 U
13 6 0 24 D
13 7 4 7 U
13 8 0 35 L
13 9 0 17 R
13 10 4 10 U
13 11 21 20 D
13 12 15 12 R
13 13 11 10 U
13 14 16 0 U
13 15 22 9 U
13 16 6 22 D
13 17 3 25 D
13 18 22 18 R
13 19 12 31 L
13 20 4 0 U
13 21 9 21 D
13 22 21 32 L
13 23 10 23 D
13 24 1 24 D
13 25 21 30 L
13 27 12 27 D
13 28 5 32 L
13 29 21 30 L
13 30 2 30 L
13 31 3 4 U
13 32 12 19 D
13 33 0 14 R
13 34 5 34 L
13 35 6 19 D
13 36 10 7 U
13 37 1 7 U
14 0 2 11 R
14 1 6 1 U
14 2 4 36 L
14 3 21 3 U
14 5 20 35 L
14 6 0 27 D
14 7 9 31 L
14 8 10 36 L
14 9 0 36 L
14 10 6 16 R
14 11 9 11 R
14 12 17 28 D
14 13 5 13 R
14 14 7 3 U
14 15 13 4 U
14 16 2 16 R
14 17 13 3 U
14 18 1 18 R
14 19 8 3 U
14 20 21 32 L
14 21 3 31 L
14 22 0 4 U
14 23 5 37 L
14 24 2 24 D
14 25 12 25 D
14 26 21 35 L
14 27 13 27 D
14 28 7 28 D
14 29 8 29 D
14 30 23 30 L
14 31 21 1 U
14 32 21 0 U
14 33 16 2 U
14 34 18 1 U
14 35 13 29 D
14 36 0 27 D
14 37 16 26 D
15 0 18 0 U
15 1 4 14 R
15 2 1 2 U
15 3 19 12 R
15 4 19 13 R
15 5 3 5 U
15 6 11 6 U
15 7 9 7 U
15 8 6 8 U
15 9 21 12 R
15 10 16 14 R
15 11 22 8 U
15 12 17 22 D
15 13 9 28 D
15 14 3 14 R
15 15 3 15 R
15 16 14 7 U
15 17 5 21 D
15 18 13 5 U
15 19 7 16 R
15 20 19 35 L
15 21 19 34 L
15 22 10 34 L
15 23 6 23 D
15 24 4 5 U
15 25 10 6 U
15 26 6 26 D
15 27 5 27 D
15 28 14 15 R
15 29 19 31 L
15 30 6 24 D
15 31 10 11 R
15 32 13 1 U
15 33 11 33 L
15 34 2 29 D
15 35 1 22 D
15 36 14 23 D
15 37 20 0 U
16 0 11 14 R
16 1 8 1 U
16 2 0 32 L
16 3 2 3 U
16 4 19 4 U
16 5 19 17 R
16 6 17 6 U
16 7 15 7 U
16 8 0 26 D
16 9 4 9 U
16 10 13 10 U
16 11 18 29 D
16 12 3 2 U
16 13 2 5 U
16 14 0 2 U
16 15 9 19 D
16 16 6 1 U
16 18 2 18 R
16 19 15 35 L
16 20 1 20 D
16 21 4 21 D
16 22 0 2 U
16 23 14 12 R
16 24 8 31 L
16 25 12 13 R
16 27 3 27 D
16 28 8 28 D
16 29 2 29 D
16 30 12 7 U
16 31 3 21 D
16 32 1 32 L
16 33 11 21 D
16 34 17 23 D
16 35 15 28 D
16 36 18 25 D
16 37 2 37 L
17 0 4 31 L
17 1 11 30 L
17 2 6 12 R
17 3 15 33 L
17 5 4 5 U
17 6 18 32 L
17 7 6 7 U
17 8 14 25 D
17 9 16 14 R
17 10 8 17 R
17 11 0 20 D
17 12 5 27 D
17 13 4 13 R
17 14 22 27 D
17 15 6 10 U
17 16 11 24 D
17 18 0 27 D
17 19 8 37 L
17 20 6 33 L
17 21 1 21 D
17 22 2 22 D
17 23 20 30 L
17 24 8 24 D
17 25 6 25 D
17 26 15 26 D
17 27 2 27 D
17 28 2 28 D
17 29 4 29 D
17 30 9 6 U
17 31 1 2 U
17 32 22 4 U
17 33 4 11 R
17 34 5 22 D
17 35 14 3 U
17 36 19 28 D
17 37 21 23 D
18 0 10 37 L
18 1 9 18 R
18 2 0 12 R
18 3 5 3 U
18 4 14 12 R
18 5 5 5 U
18 6 12 36 L
18 7 0 27 D
18 9 8 9 U
18 10 11 14 R
18 11 7 10 U
18 12 4 12 R
18 13 14 26 D
18 14 1 14 R
18 15 24 28 D
18 16 8 16 R
18 18 2 18 R
18 19 3 0 U
18 20 1 30 L
18 21 4 11 R
18 22 11 37 L
18 23 5 23 D
18 24 8 4 U
18 25 2 10 U
18 26 12 31 L
18 27 16 37 L
18 28 25 37 L
18 29 3 29 D
18 30 12 9 U
18 31 7 31 L
18 32 6 27 D
18 33 7 26 D
18 34 1 1 U
18 35 10 35 L
18 36 9 36 L
18 37 10 15 R
19 0 22 20 D
19 1 13 1 U
19 2 5 2 U
19 3 3 3 U
19 5 6 5 U
19 6 2 6 U
19 7 1 7 U
19 9 17 33 L
19 10 1 10 U
19 11 23 26 D
19 12 8 19 D
19 13 17 13 R
19 14 9 20 D
19 15 18 15 R
19 16 4 5 U
19 17 14 27 D
19 18 1 18 R
19 19 17 13 R
19 20 4 20 D
19 21 10 21 D
19 23 0 17 R
19 24 16 24 D
19 25 12 25 D
19 27 5 27 D
19 28 14 33 L
19 29 1 15 R
19 30 17 23 D
19 31 1 31 L
19 32 12 20 D
19 33 12 33 L
19 34 18 22 D
19 35 21 35 L
19 36 21 36 L
19 37 15 25 D
20 0 19 11 R
20 1 19 1 U
20 2 8 18 R
20 3 14 16 R
20 5 10 30 L
20 7 16 32 L
20 9 7 9 U
20 10 21 11 R
20 11 14 27 D
20 12 21 19 D
20 13 18 23 D
20 14 22 19 D
20 16 1 16 R
20 19 1 33 L
20 20 19 18 R
20 21 12 21 D
20 23 4 23 D
20 24 2 24 D
20 25 17 14 R
20 26 7 26 D
20 27 23 34 L
20 28 25 28 D
20 29 3 29 D
20 30 5 30 L
20 31 15 24 D
20 32 11 8 U
20 33 18 15 R
20 34 18 34 L
21 0 19 18 R
21 1 20 1 U
21 2 13 34 L
21 5 6 32 L
21 7 10 33 L
21 9 16 12 R
21 10 11 10 U
21 11 13 3 U
21 12 12 9 U
21 13 13 1 U
21 14 18 14 R
21 16 12 23 D
21 17 5 17 R
21 19 11 30 L
21 20 9 20 D
21 23 22 23 D
21 25 1 25 D
21 27 10 16 R
21 28 6 28 D
21 29 0 33 L
21 30 5 7 U
21 31 10 0 U
21 32 12 24 D
21 33 9 33 L
21 34 19 34 L
21 36 11 36 L
22 0 15 34 L
22 1 1 36 L
22 2 11 32 L
22 5 13 5 U
22 6 16 16 R
22 7 20 37 L
22 9 17 9 U
22 10 18 37 L
22 12 17 24 D
22 13 2 13 R
22 14 17 6 U
22 16 8 16 R
22 17 8 17 R
22 19 2 17 R
22 20 17 13 R
22 23 1 33 L
22 24 19 36 L
22 25 18 11 R
22 27 12 36 L
22 28 1 3 U
22 29 19 3 U
22 30 16 28 D
22 31 18 31 L
22 33 0 1 U
22 34 10 11 R
23 0 24 0 U
23 1 15 35 L
23 5 4 5 U
23 7 7 21 D
23 9 0 26 D
23 12 8 2 U
23 13 7 32 L
23 15 3 15 R
23 19 21 30 L
23 20 15 20 D
23 23 13 23 D
23 24 6 24 D
23 25 13 25 D
23 27 0 32 L
23 28 13 31 L
23 30 2 30 L
23 31 24 19 D
23 34 9 1 U
23 36 0 25 D
24 0 12 0 U
24 1 15 19 D
24 3 2 18 R
24 4 14 15 R
24 5 19 5 U
24 7 6 7 U
24 9 17 35 L
24 12 7 12 R
24 13 0 35 L
24 15 23 8 U
24 20 0 1 U
24 25 7 25 D
24 27 2 0 U
24 28 12 28 D
24 30 4 30 L
24 34 10 10 U
25 5 4 5 U
25 9 7 9 U
25 20 3 31 L
25 25 12 25 D
25 27 22 5 U
25 28 6 28 D
26 9 11 9 U
26 27 10 0 U
26 28 5 28 D
27 27 22 27 D
28 27 4 27 D

