15 9 128
0 10 5 0 10 0 13 13 0 0 10 1
3 8 0 0 0 3 3 3 0 0 0 13
0 0 1 0 0 0 0 0 6 0 11 0
9 8 0 0 9 10 0 0 11 4 0 4
0 0 0 1 0 0 4 12 12 2 12 3
9 4 11 0 0 0 12 0 13 14 3 0
0 0 0 0 6 0 6 0 14 1 14 0
0 0 0 0 0 13 0 0 0 0 0 10
0 0 0 0 11 0 11 0 0 0 0 9
0 0 1 0 13 0 0 4 13 0 0 0
0 0 0 6 7 0 11 0 3 14 6 0
6 0 0 0 9 1 9 0 0 8 0 8
0 0 0 0 L
0 1 0 1 L
0 2 0 2 L
0 3 0 3 R
0 4 0 4 R
0 5 0 5 D
0 6 0 6 D
0 7 0 7 U
0 8 0 8 U
1 0 0 6 D
1 1 0 3 R
1 2 0 7 U
1 3 0 5 D
1 4 0 7 U
1 5 0 3 R
1 6 0 4 R
1 7 0 3 R
1 8 0 0 L
2 0 1 5 D
2 1 3 1 L
2 2 1 2 L
2 3 0 8 U
2 4 0 5 D
2 5 0 7 U
2 6 0 8 U
2 7 0 1 L
2 8 0 2 L
3 0 0 7 U
3 1 0 4 R
3 2 0 5 D
3 3 0 6 D
3 4 1 4 R
3 5 0 0 L
3 6 1 6 D
3 7 0 4 R
3 8 2 8 U
4 0 3 6 D
4 1 1 1 L
4 2 1 4 R
4 3 0 0 L
4 4 1 5 D
4 5 3 1 L
4 6 3 6 D
4 7 4 3 R
4 8 6 8 U
5 0 3 7 U
5 1 2 1 L
5 2 4 2 L
5 3 4 3 R
5 4 2 6 D
5 5 4 0 L
5 6 2 6 D
5 7 1 3 R
5 8 1 0 L
6 0 5 3 R
6 1 3 3 R
6 2 0 4 R
6 3 3 3 R
6 4 6 7 U
6 5 2 3 R
6 6 2 0 L
6 7 6 7 U
6 8 7 8 U
7 0 2 7 U
7 1 8 1 L
7 2 6 2 L
7 3 1 8 U
7 4 1 6 D
7 5 1 3 R
7 6 4 6 D
7 7 7 7 U
7 8 0 1 L
8 0 0 8 U
8 1 5 1 L
8 2 12 8 U
8 3 4 7 U
8 4 10 7 U
8 5 1 5 D
8 6 4 1 L
8 7 1 4 R
8 8 3 8 U
9 0 7 3 R
9 1 1 7 U
9 2 13 2 L
9 3 8 8 U
9 4 10 4 R
9 5 6 2 L
9 6 5 2 L
9 7 1 7 U
9 8 9 8 U
10 0 9 0 L
10 1 5 5 D
10 2 7 2 L
10 3 5 3 R
10 4 12 8 U
10 5 5 0 L
10 6 6 6 D
10 7 7 3 R
10 8 0 3 R
11 0 9 7 U
11 1 5 7 U
11 2 11 4 R
11 3 3 6 D
11 4 12 4 R
11 5 2 5 D
11 6 2 1 L
11 7 8 7 U
11 8 5 2 L
12 0 5 4 R
12 1 10 1 L
12 2 11 2 L
12 3 7 7 U
12 5 8 5 D
12 6 8 6 D
12 7 1 1 L
12 8 1 8 U
13 0 11 8 U
13 1 12 1 L
13 2 10 2 L
13 3 2 3 R
13 5 7 2 L
13 6 7 6 D
13 7 3 0 L
13 8 12 2 L
14 5 8 7 U
14 6 11 6 D
14 7 13 3 R
14 8 10 3 R

