18 15 213
0 15 0 0 0 5 10 0 0 0 12 0 1
10 0 0 0 14 0 14 0 0 0 9 3 13
5 0 0 0 2 15 0 0 0 0 11 13 0
7 0 1 17 14 0 0 12 16 0 17 0 11
6 3 4 0 12 0 2 0 0 11 0 6 14
12 0 0 0 10 0 0 11 0 0 10 7 10
2 16 15 0 14 0 0 0 0 0 4 0 17
3 16 0 17 0 7 12 1 0 0 11 0 0
3 0 10 10 0 0 0 0 0 1 10 0 0
0 0 6 0 0 0 7 0 0 10 0 0 15
0 0 0 3 3 0 0 0 9 2 0 1 0
2 0 4 0 0 0 0 0 0 6 10 9 0
0 10 13 4 11 2 10 9 8 0 9 0 2
0 0 0 0 U
0 1 0 1 U
0 2 0 2 U
0 3 0 3 R
0 4 0 4 R
0 5 0 5 R
0 6 0 6 D
0 7 0 7 D
0 8 0 8 D
0 9 0 9 D
0 10 0 10 L
0 11 0 11 L
0 12 0 12 L
0 13 0 13 L
0 14 0 14 L
1 0 0 10 L
1 1 0 4 R
1 2 2 2 U
1 3 0 1 U
1 4 0 6 D
1 5 2 9 D
1 6 0 3 R
1 7 4 7 D
1 8 6 8 D
1 9 8 3 R
1 10 5 7 D
1 11 10 11 L
1 12 0 1 U
1 13 6 13 L
1 14 7 14 L
2 0 0 11 L
2 1 13 11 L
2 2 0 12 L
2 3 0 7 D
2 4 12 0 U
2 5 0 2 U
2 6 4 12 L
2 7 1 7 D
2 8 0 5 R
2 9 8 9 D
2 10 12 10 L
2 11 0 3 R
2 12 1 12 L
2 13 1 8 D
2 14 0 5 R
3 0 11 5 R
3 1 7 14 L
3 2 1 11 L
3 3 6 8 D
3 4 7 6 D
3 5 4 1 U
3 6 6 13 L
3 7 2 4 R
3 8 9 8 D
3 9 5 9 D
3 10 0 3 R
3 11 4 11 L
3 12 0 6 D
3 13 1 13 L
3 14 1 14 L
4 0 3 4 R
4 1 3 12 L
4 2 9 3 R
4 3 14 0 U
4 4 0 0 U
4 5 13 5 R
4 6 0 4 R
4 7 8 2 U
4 8 0 11 L
4 9 7 2 U
4 10 6 10 L
4 11 9 6 D
4 12 5 8 D
4 13 11 13 L
5 0 0 8 D
5 1 3 10 L
5 2 14 4 R
5 3 9 8 D
5 4 3 2 U
5 5 1 5 R
5 6 11 4 R
5 7 9 11 L
5 8 10 8 D
5 9 12 13 L
5 10 4 3 R
5 11 3 5 R
5 12 0 7 D
5 13 11 13 L
6 0 0 7 D
6 1 3 1 U
6 2 1 13 L
6 3 2 7 D
6 4 15 1 U
6 5 1 5 R
6 6 5 10 L
6 7 4 11 L
6 8 1 8 D
6 9 9 9 D
6 10 11 10 L
6 11 9 7 D
6 12 5 0 U
6 13 9 8 D
7 0 14 10 L
7 1 5 10 L
7 2 11 3 R
7 3 0 10 L
7 4 6 11 L
7 5 2 5 R
7 6 11 6 D
7 7 0 0 U
7 8 6 8 D
7 9 13 9 D
7 10 5 3 R
7 11 11 11 L
7 12 10 12 L
7 13 11 3 R
8 0 0 3 R
8 1 3 1 U
8 2 13 8 D
8 3 2 3 R
8 4 1 4 R
8 5 2 2 U
8 6 2 12 L
8 7 2 7 D
8 8 11 4 R
8 10 0 0 U
8 11 11 8 D
8 12 11 1 U
9 0 2 8 D
9 1 10 1 U
9 2 5 2 U
9 3 4 14 L
9 4 6 4 R
9 5 6 7 D
9 6 1 3 R
9 7 2 2 U
9 8 8 2 U
9 10 0 6 D
9 11 15 4 R
9 12 1 12 L
10 0 8 0 U
10 1 7 1 U
10 2 15 10 L
10 3 11 6 D
10 4 7 4 R
10 5 6 2 U
10 6 0 0 U
10 7 2 3 R
10 8 0 12 L
10 9 5 12 L
10 10 3 0 U
10 11 9 11 L
10 12 4 12 L
10 14 2 6 D
11 0 1 3 R
11 1 5 1 U
11 2 12 2 U
11 3 1 1 U
11 4 2 0 U
11 5 10 11 L
11 6 0 1 U
11 7 7 5 R
11 8 2 1 U
11 10 8 10 L
11 11 0 4 R
11 12 9 12 L
12 0 3 0 U
12 1 15 11 L
12 2 2 8 D
12 3 10 3 R
12 4 11 4 R
12 5 6 6 D
12 6 13 3 R
12 7 0 10 L
12 8 2 8 D
12 10 8 0 U
12 11 8 4 R
12 12 0 8 D
13 0 9 11 L
13 1 3 14 L
13 2 1 7 D
13 3 7 7 D
13 4 0 9 D
13 5 8 6 D
13 6 0 2 U
13 7 11 11 L
13 10 7 0 U
13 11 4 11 L
13 12 15 7 D
14 0 1 0 U
14 3 9 3 R
14 4 7 10 L
14 5 7 5 R
14 6 7 10 L
14 7 3 7 D
14 10 0 8 D
14 11 3 6 D
15 0 13 5 R
15 3 10 9 D
15 4 4 4 R
15 5 12 5 R
15 6 2 6 D
15 7 9 7 D
15 10 3 4 R
15 11 12 1 U
16 0 14 9 D
16 3 12 3 R
16 5 8 5 R
16 10 9 4 R
17 0 16 3 R
17 3 1 2 U
17 5 1 6 D
17 10 2 10 L

