21 16 283
3 18 17 16 15 5 1 10 0 8
0 11 4 15 0 0 0 0 0 0
0 0 14 1 13 2 0 16 2 0
17 1 18 0 17 0 0 0 0 0
9 11 10 16 0 20 19 0 12 13
15 15 10 14 0 19 0 0 0 0
0 0 0 0 0 0 0 0 0 0
0 16 0 0 0 18 0 0 0 0
3 0 7 20 5 3 18 0 13 18
6 6 15 0 13 5 10 9 16 16
0 0 0 0 D
0 1 0 1 D
0 2 0 2 D
0 3 0 3 D
0 4 0 4 R
0 5 0 5 R
0 6 0 6 R
0 7 0 7 R
0 8 0 8 U
0 9 0 9 U
0 10 0 10 U
0 11 0 11 U
0 12 0 12 L
0 13 0 13 L
0 14 0 14 L
0 15 0 15 L
1 0 6 0 D
1 1 5 15 L
1 2 2 6 R
1 3 9 12 L
1 4 10 4 R
1 5 0 9 U
1 6 10 3 D
1 7 8 0 D
1 8 10 8 U
1 9 5 4 R
1 10 12 10 U
1 11 11 15 L
1 12 13 3 D
1 13 7 13 L
1 14 2 14 L
1 15 2 15 L
2 0 3 0 D
2 1 1 1 D
2 2 6 2 D
2 3 0 4 R
2 4 1 9 U
2 5 4 5 R
2 6 5 6 R
2 7 1 7 R
2 8 1 5 R
2 9 0 0 D
2 10 9 7 R
2 11 1 11 U
2 12 15 1 D
2 13 0 2 D
2 14 1 2 D
2 15 3 15 L
3 0 13 12 L
3 1 2 12 L
3 2 5 5 R
3 3 1 3 D
3 4 7 4 R
3 5 6 11 U
3 6 1 6 R
3 7 10 1 D
3 8 6 7 R
3 9 6 3 D
3 10 0 13 L
3 11 15 11 U
3 12 11 5 R
3 13 7 1 D
3 14 13 14 L
3 15 9 8 U
4 0 5 10 U
4 1 1 1 D
4 2 0 12 L
4 3 10 15 L
4 4 11 0 D
4 5 2 1 D
4 6 2 6 R
4 7 10 13 L
4 8 9 12 L
4 9 3 6 R
4 10 2 6 R
4 11 0 1 D
4 12 6 1 D
4 13 16 1 D
4 14 8 14 L
4 15 2 2 D
5 0 0 4 R
5 1 2 5 R
5 2 4 5 R
5 3 11 5 R
5 4 7 10 U
5 5 10 8 U
5 6 10 11 U
5 7 15 7 R
5 8 8 15 L
5 9 7 5 R
5 10 4 13 L
5 11 6 7 R
5 12 7 0 D
5 13 2 3 D
5 14 7 1 D
5 15 10 10 U
6 0 0 15 L
6 1 0 6 R
6 2 2 5 R
6 3 2 3 D
6 4 5 4 R
6 5 10 0 D
6 6 0 10 U
6 7 2 10 U
6 8 2 3 D
6 9 3 9 U
6 10 1 10 U
6 11 8 11 U
6 12 3 9 U
6 13 2 2 D
6 14 2 3 D
6 15 12 1 D
7 0 0 8 U
7 1 3 10 U
7 2 11 2 D
7 3 6 3 D
7 4 13 4 R
7 5 10 1 D
7 6 12 6 R
7 7 1 7 R
7 8 4 8 U
7 9 0 7 R
7 10 11 14 L
7 11 13 5 R
7 12 4 4 R
7 13 0 3 D
7 14 17 8 U
7 15 8 5 R
8 0 4 8 U
8 1 12 1 D
8 2 3 10 U
8 3 4 14 L
8 4 5 3 D
8 5 16 1 D
8 6 10 2 D
8 7 4 7 R
8 8 4 14 L
8 9 3 3 D
8 10 0 5 R
8 11 4 12 L
8 12 0 11 U
8 13 2 13 L
8 14 5 14 L
8 15 14 11 U
9 0 5 6 R
9 1 0 5 R
9 2 13 13 L
9 3 6 3 D
9 4 0 0 D
9 5 18 10 U
9 6 5 0 D
9 7 0 0 D
9 8 14 4 R
9 9 5 14 L
9 10 17 6 R
9 11 14 14 L
9 12 11 8 U
9 13 16 9 U
9 14 14 8 U
9 15 2 15 L
10 0 12 7 R
10 1 0 9 U
10 2 7 7 R
10 3 6 15 L
10 4 4 1 D
10 5 3 8 U
10 6 7 2 D
10 7 3 11 U
10 8 12 15 L
10 9 8 13 L
10 10 17 12 L
10 11 11 11 U
10 12 14 12 L
10 13 4 3 D
10 14 9 14 L
10 15 16 15 L
11 0 12 5 R
11 1 9 1 D
11 2 0 9 U
11 3 1 3 D
11 4 0 3 D
11 5 12 2 D
11 6 10 10 U
11 7 6 3 D
11 8 4 12 L
11 9 7 13 L
11 10 1 13 L
11 11 13 11 U
11 12 0 1 D
11 13 0 8 U
11 14 12 9 U
11 15 6 8 U
12 0 9 0 D
12 1 7 4 R
12 2 3 14 L
12 3 11 10 U
12 4 14 3 D
12 5 1 9 U
12 6 14 12 L
12 7 3 2 D
12 8 14 6 R
12 9 14 12 L
12 10 14 10 U
12 11 9 11 U
12 12 0 4 R
12 13 2 1 D
12 14 2 14 L
12 15 0 6 R
13 0 6 0 D
13 1 9 12 L
13 2 10 2 D
13 3 0 13 L
13 4 17 9 U
13 5 8 9 U
13 6 2 11 U
13 7 6 7 R
13 8 0 4 R
13 10 4 2 D
13 11 3 11 U
13 12 7 2 D
13 13 8 13 L
13 14 2 14 L
13 15 14 15 L
14 0 3 0 D
14 1 8 8 U
14 2 12 9 U
14 3 8 9 U
14 4 7 3 D
14 5 3 5 R
14 6 2 6 R
14 7 10 2 D
14 8 0 6 R
14 10 9 6 R
14 11 2 4 R
14 12 11 4 R
14 13 12 8 U
14 14 12 11 U
14 15 7 15 L
15 0 16 11 U
15 1 11 12 L
15 2 6 2 D
15 3 10 6 R
15 4 8 4 R
15 6 6 6 R
15 7 13 7 R
15 8 13 0 D
15 10 10 4 R
15 12 14 2 D
15 13 1 13 L
15 14 0 7 R
15 15 2 6 R
16 0 12 15 L
16 1 9 9 U
16 2 0 10 U
16 3 8 13 L
16 4 1 4 R
16 6 17 6 R
16 7 13 7 R
16 8 7 12 L
16 10 5 4 R
16 12 14 5 R
16 13 10 13 L
16 14 10 6 R
17 0 15 14 L
17 1 1 4 R
17 2 12 2 D
17 4 10 3 D
17 5 15 5 R
17 6 3 11 U
17 7 1 7 R
17 8 6 14 L
17 13 1 13 L
17 14 6 8 U
18 0 11 13 L
18 1 4 12 L
18 2 5 14 L
18 7 2 7 R
18 13 14 11 U
18 14 2 14 L
19 0 6 4 R
19 2 17 15 L
20 0 0 5 R
20 2 11 2 D

