21 13 231
0 6 16 11 0 5 2 12 0 0 0 0 10 0 0 0 0 6 0 7
0 0 0 1 0 1 0 17 0 0 0 0 2 0 0 0 0 0 17 0
0 0 0 0 19 0 18 0 0 0 0 0 0 0 0 0 0 0 0 15
2 0 0 3 0 0 17 0 0 0 0 0 13 0 0 0 0 4 8 20
4 0 9 0 0 0 0 1 0 19 0 0 20 0 0 0 0 0 0 19
0 0 6 0 0 0 0 0 0 0 13 0 1 0 0 9 8 10 4 0
0 7 0 0 0 0 0 8 0 0 0 0 0 8 0 3 0 0 0 3
0 10 15 4 0 16 0 0 18 17 0 0 16 0 0 0 5 0 15 0
8 0 0 0 0 0 0 2 12 0 0 0 8 16 3 0 12 0 15 0
5 1 0 0 3 17 0 0 0 0 0 0 0 0 0 10 0 4 0 0
1 2 3 0 0 0 0 18 6 5 0 4 1 19 16 0 0 20 2 0
7 2 0 0 0 7 14 0 0 0 16 12 0 0 15 0 1 0 0 18
0 7 0 0 10 0 0 19 7 0 17 0 0 0 0 7 10 0 7 14
0 0 0 0 5 0 0 0 10 0 0 0 0 0 0 0 14 0 0 0
0 12 7 14 0 0 0 0 0 0 0 6 2 0 0 0 6 0 0 0
0 0 14 0 0 0 0 0 0 0 16 2 0 0 0 0 0 0 0 18
6 2 0 3 0 18 0 15 0 0 15 0 0 0 1 6 0 18 10 2
0 0 0 0 1 3 0 0 7 2 0 0 0 0 2 0 0 4 2 0
1 0 0 0 2 0 0 0 0 0 0 0 0 0 0 0 0 0 0 0
0 10 1 0 0 0 0 5 0 0 0 0 0 0 0 10 0 17 0 7
0 0 0 0 D
0 1 0 1 D
0 2 0 2 D
0 3 0 3 R
0 4 0 4 R
0 5 0 5 R
0 6 0 6 R
0 7 0 7 U
0 8 0 8 U
0 9 0 9 U
0 10 0 10 L
0 11 0 11 L
0 12 0 12 L
1 0 0 4 R
1 1 16 1 D
1 2 0 5 R
1 3 5 3 R
1 4 2 4 R
1 5 0 7 U
1 6 5 6 R
1 7 3 6 R
1 8 2 8 U
1 9 5 4 R
1 10 0 8 U
1 11 10 1 D
1 12 9 12 L
2 0 0 7 U
2 1 13 3 R
2 2 5 2 D
2 3 0 10 L
2 4 0 8 U
2 5 11 8 U
2 6 3 0 D
2 7 0 3 R
2 8 0 10 L
2 9 9 3 R
2 10 10 10 L
2 11 0 7 U
2 12 5 2 D
3 0 2 0 D
3 1 0 3 R
3 2 11 2 D
3 3 6 3 R
3 4 0 1 D
3 5 10 5 R
3 6 4 6 R
3 7 14 3 R
3 8 2 8 U
3 9 14 9 U
3 10 15 8 U
3 11 2 11 L
3 12 4 12 L
4 0 7 0 D
4 1 13 12 L
4 2 6 2 D
4 3 5 3 R
4 4 2 0 D
4 5 2 5 R
4 6 10 6 R
4 7 0 6 R
4 8 0 5 R
4 9 2 5 R
4 10 0 7 U
4 11 5 11 L
4 12 0 8 U
5 0 10 11 L
5 1 0 12 L
5 2 11 8 U
5 3 16 3 R
5 4 7 4 R
5 5 1 5 R
5 7 0 1 D
5 8 3 8 U
5 9 2 9 U
5 10 0 0 D
5 11 8 5 R
5 12 0 3 R
6 0 0 8 U
6 1 8 1 D
6 2 0 9 U
6 3 15 2 D
6 4 7 1 D
6 5 1 5 R
6 7 10 6 R
6 8 3 8 U
6 9 5 9 U
6 10 14 7 U
6 11 0 4 R
6 12 5 0 D
7 0 8 12 L
7 1 3 11 L
7 2 1 2 D
7 3 2 8 U
7 4 5 10 L
7 5 2 9 U
7 7 4 7 U
7 8 12 11 L
7 9 6 9 U
7 10 6 9 U
7 11 4 11 L
7 12 9 0 D
8 0 7 0 D
8 1 17 1 D
8 2 1 5 R
8 3 0 0 D
8 4 7 2 D
8 5 7 2 D
8 6 11 7 U
8 7 5 11 L
8 8 13 10 L
8 9 3 11 L
8 10 4 9 U
8 11 13 0 D
8 12 15 12 L
9 0 12 10 L
9 1 0 11 L
9 2 10 5 R
9 3 5 8 U
9 4 3 1 D
9 5 4 1 D
9 6 4 6 R
9 7 6 10 L
9 8 15 3 R
9 9 4 9 U
9 10 3 10 L
9 11 5 11 L
9 12 4 12 L
10 0 0 5 R
10 1 6 10 L
10 2 0 4 R
10 3 12 7 U
10 4 5 4 R
10 5 0 9 U
10 6 4 6 R
10 7 0 4 R
10 8 4 8 U
10 9 1 9 U
10 10 3 3 R
10 11 0 1 D
10 12 18 12 L
11 0 1 9 U
11 1 12 10 L
11 2 13 7 U
11 3 5 3 R
11 4 9 0 D
11 5 14 7 U
11 7 5 7 U
11 8 10 8 U
11 9 1 9 U
11 10 3 10 L
11 11 4 7 U
11 12 9 12 L
12 0 2 12 L
12 1 10 10 L
12 2 0 6 R
12 3 13 3 R
12 4 16 11 L
12 5 1 5 R
12 6 7 7 U
12 7 5 10 L
12 8 0 1 D
12 9 13 10 L
12 10 0 3 R
12 11 2 0 D
12 12 17 12 L
13 0 2 0 D
13 1 2 1 D
13 2 7 11 L
13 3 2 1 D
13 4 11 8 U
13 7 10 7 U
13 8 6 10 L
13 9 0 12 L
13 10 8 10 L
13 11 12 11 L
13 12 0 2 D
14 0 5 4 R
14 1 0 10 L
14 2 1 2 D
14 3 9 1 D
14 4 0 10 L
14 6 8 9 U
14 7 0 0 D
14 8 6 8 U
14 9 0 10 L
14 10 10 0 D
14 12 12 12 L
15 0 4 3 R
15 1 8 11 L
15 2 0 10 L
15 3 14 2 D
15 4 13 7 U
15 5 0 2 D
15 6 14 6 R
15 7 11 11 L
15 8 5 4 R
15 9 14 9 U
15 10 6 2 D
15 12 9 12 L
16 0 9 9 U
16 2 3 2 D
16 3 12 1 D
16 4 11 4 R
16 7 3 10 L
16 8 4 11 L
16 9 15 4 R
16 10 0 5 R
16 12 3 12 L
17 0 10 3 R
17 2 1 2 D
17 3 14 1 D
17 4 10 4 R
17 7 1 11 L
17 8 3 8 U
17 9 1 9 U
17 10 4 0 D
18 0 8 4 R
18 2 5 12 L
18 3 5 3 R
18 4 5 4 R
18 7 2 7 U
18 8 14 8 U
18 10 15 0 D
19 0 0 3 R
19 2 8 2 D
19 4 5 4 R
19 7 7 7 U
19 10 6 10 L
20 2 3 2 D
20 4 4 0 D
20 10 12 7 U

