35 36 1170
1 24 4 13 17 0 30 32 12 13 28 0 0 23 27 31 13 11 0 33
8 30 0 26 18 0 0 28 0 24 33 0 15 0 5 0 26 0 5 34
25 0 26 24 10 9 15 22 13 13 0 0 1 11 0 19 0 21 1 4
0 31 11 0 15 26 0 27 0 30 0 7 0 17 24 20 0 22 18 20
0 32 0 30 0 27 15 26 6 26 19 0 17 18 0 0 14 10 27 0
34 0 0 0 5 0 0 25 0 14 0 24 27 27 0 0 16 0 26 21
0 2 26 17 16 0 25 24 2 0 31 6 7 0 0 34 0 18 0 16
9 26 0 0 0 0 25 23 6 33 0 29 0 0 34 31 0 29 30 29
0 11 25 31 24 0 0 0 23 0 32 0 16 26 22 19 21 17 4 0
0 15 21 0 0 0 0 0 0 0 24 28 7 26 0 10 0 26 16 0
7 0 0 25 0 28 0 22 31 0 32 29 0 0 0 32 6 0 27 28
6 17 0 23 4 0 0 21 17 0 13 5 30 0 10 0 31 0 22 0
11 0 0 16 28 0 17 20 24 0 33 0 0 15 0 34 23 0 32 0
0 0 30 0 33 0 0 33 20 0 0 0 20 18 14 16 0 20 0 17
10 0 25 8 7 10 13 0 15 29 0 28 0 27 0 2 1 26 7 2
2 0 0 5 0 16 0 0 19 0 24 4 0 0 0 0 17 0 0 0
4 10 21 9 11 18 0 0 32 17 0 0 0 27 17 0 0 23 0 13
28 20 28 32 0 31 34 0 0 33 33 31 28 0 30 7 12 7 31 19
28 28 0 0 29 27 0 34 0 32 25 28 10 25 18 18 20 11 21 1
4 9 15 1 8 24 30 17 19 4 0 3 4 27 11 0 0 7 30 2
0 0 0 0 R
0 1 0 1 R
0 2 0 2 R
0 3 0 3 R
0 4 0 4 R
0 5 0 5 R
0 6 0 6 R
0 7 0 7 R
0 8 0 8 U
0 9 0 9 U
0 10 0 10 U
0 11 0 11 U
0 12 0 12 U
0 13 0 13 U
0 14 0 14 U
0 15 0 15 U
0 16 0 16 U
0 17 0 17 U
0 18 0 18 D
0 19 0 19 D
0 20 0 20 D
0 21 0 21 D
0 22 0 22 D
0 23 0 23 D
0 24 0 24 D
0 25 0 25 D
0 26 0 26 D
0 27 0 27 D
0 28 0 28 L
0 29 0 29 L
0 30 0 30 L
0 31 0 31 L
0 32 0 32 L
0 33 0 33 L
0 34 0 34 L
0 35 0 35 L
1 0 0 8 U
1 1 0 30 L
1 2 1 9 U
1 3 0 20 D
1 4 0 21 D
1 5 2 11 U
1 6 0 23 D
1 7 0 12 U
1 8 0 0 R
1 9 0 19 D
1 10 0 3 R
1 11 0 4 R
1 12 0 29 L
1 13 0 30 L
1 14 0 4 R
1 15 3 2 R
1 16 4 5 R
1 17 10 27 D
1 18 0 28 L
1 19 0 29 L
1 20 0 30 L
1 21 0 3 R
1 22 2 5 R
1 23 2 33 L
1 24 3 34 L
1 25 5 7 R
1 26 1 0 R
1 27 8 33 L
1 28 0 0 R
1 29 0 8 U
1 30 0 9 U
1 31 0 10 U
1 32 2 8 U
1 33 2 3 R
1 34 0 10 U
1 35 1 14 U
2 0 0 18 D
2 1 1 1 R
2 2 2 2 R
2 3 1 10 U
2 4 0 12 U
2 5 1 5 R
2 6 0 33 L
2 7 3 7 R
2 8 0 18 D
2 9 0 1 R
2 10 0 21 D
2 11 1 28 L
2 12 3 12 U
2 13 1 6 R
2 14 5 14 U
2 15 2 15 U
2 16 3 16 U
2 17 10 17 U
2 18 0 0 R
2 19 0 2 R
2 20 2 20 D
2 21 0 31 L
2 22 1 22 D
2 23 1 23 D
2 24 3 24 D
2 25 7 25 D
2 26 6 26 D
2 27 7 27 D
2 28 1 28 L
2 29 1 29 L
2 30 1 9 U
2 31 1 31 L
2 32 1 32 L
2 33 3 33 L
2 34 3 34 L
2 35 2 35 L
3 0 1 0 R
3 1 0 19 D
3 2 0 9 U
3 3 0 10 U
3 4 1 4 R
3 5 2 5 R
3 6 3 6 R
3 7 2 7 R
3 8 0 22 D
3 9 2 9 U
3 10 2 30 L
3 11 3 11 U
3 12 0 6 R
3 13 0 18 D
3 14 3 14 U
3 15 4 15 U
3 16 6 16 U
3 17 9 17 U
3 18 0 32 L
3 19 0 4 R
3 20 0 1 R
3 21 0 7 R
3 22 3 31 L
3 23 2 23 D
3 24 2 0 R
3 25 2 25 D
3 26 4 26 D
3 27 9 27 D
3 28 0 20 D
3 29 2 11 U
3 30 0 21 D
3 31 2 13 U
3 32 2 32 L
3 33 3 22 D
3 34 2 34 L
3 35 3 35 L
4 0 2 8 U
4 1 4 15 U
4 2 0 28 L
4 3 4 3 R
4 4 4 4 R
4 5 1 8 U
4 6 0 28 L
4 7 3 13 U
4 8 3 6 R
4 9 0 24 D
4 10 3 32 L
4 11 0 20 D
4 12 2 12 U
4 13 9 13 U
4 14 2 14 U
4 15 5 15 U
4 16 7 16 U
4 17 8 17 U
4 18 2 35 L
4 19 4 0 R
4 20 1 5 R
4 21 4 3 R
4 22 5 4 R
4 23 0 34 L
4 24 1 1 R
4 25 5 25 D
4 26 2 26 D
4 27 2 27 D
4 28 0 24 D
4 29 5 8 U
4 30 0 23 D
4 31 0 1 R
4 32 7 32 L
4 33 0 6 R
4 34 1 11 U
4 35 5 35 L
5 0 4 14 U
5 1 3 1 R
5 2 5 2 R
5 3 8 3 R
5 4 5 4 R
5 5 1 22 D
5 6 4 6 R
5 7 5 11 U
5 8 1 8 U
5 9 0 3 R
5 10 0 19 D
5 11 0 23 D
5 12 0 5 R
5 13 8 13 U
5 14 1 20 D
5 15 0 5 R
5 16 12 16 U
5 17 7 17 U
5 18 6 1 R
5 19 5 3 R
5 20 5 0 R
5 21 8 21 D
5 22 8 22 D
5 23 3 23 D
5 24 4 24 D
5 25 5 35 L
5 26 4 32 L
5 27 6 27 D
5 28 0 18 D
5 29 7 29 L
5 30 5 14 U
5 31 8 31 L
5 32 4 9 U
5 33 6 15 U
5 34 4 34 L
5 35 1 35 L
6 0 1 14 U
6 1 2 11 U
6 2 5 18 D
6 3 6 11 U
6 4 6 4 R
6 5 7 23 D
6 6 4 28 L
6 7 2 15 U
6 8 3 23 D
6 9 0 2 R
6 10 7 10 U
6 11 0 31 L
6 12 4 12 U
6 13 4 13 U
6 14 4 14 U
6 15 6 15 U
6 16 13 16 U
6 17 5 17 U
6 18 2 29 L
6 19 6 19 D
6 20 4 29 L
6 21 5 21 D
6 22 7 22 D
6 23 5 2 R
6 24 6 0 R
6 25 6 25 D
6 26 8 26 D
6 27 14 7 R
6 28 7 8 U
6 29 5 29 L
6 30 6 30 L
6 31 4 12 U
6 32 5 21 D
6 33 6 33 L
6 34 5 9 U
6 35 2 12 U
7 0 3 9 U
7 1 7 1 R
7 2 4 2 R
7 3 0 12 U
7 4 7 11 U
7 5 0 25 D
7 6 0 11 U
7 7 4 7 R
7 8 0 28 L
7 9 6 9 U
7 10 6 10 U
7 11 1 11 U
7 12 8 22 D
7 13 5 13 U
7 14 0 28 L
7 15 1 15 U
7 16 0 31 L
7 17 5 5 R
7 18 3 2 R
7 19 7 19 D
7 20 6 34 L
7 21 7 33 L
7 22 2 22 D
7 23 0 32 L
7 24 7 24 D
7 25 3 25 D
7 26 5 26 D
7 27 14 27 D
7 28 6 28 L
7 29 6 29 L
7 30 3 9 U
7 31 6 31 L
7 32 4 32 L
7 33 9 15 U
7 34 5 34 L
7 35 9 11 U
8 0 8 10 U
8 1 0 24 D
8 2 5 9 U
8 3 8 20 D
8 4 7 4 R
8 5 6 13 U
8 6 0 19 D
8 7 5 7 R
8 8 1 30 L
8 9 3 0 R
8 10 5 10 U
8 11 6 28 L
8 12 8 12 U
8 13 9 1 R
8 14 1 1 R
8 15 0 6 R
8 16 5 16 U
8 17 12 33 L
8 18 8 28 L
8 19 7 30 L
8 20 1 3 R
8 21 8 31 L
8 22 7 31 L
8 23 6 23 D
8 24 0 30 L
8 25 1 25 D
8 26 10 35 L
8 27 13 27 D
8 28 8 28 L
8 29 4 29 L
8 30 5 9 U
8 31 0 5 R
8 32 0 25 D
8 33 8 33 L
8 34 4 10 U
8 35 9 35 L
9 0 8 9 U
9 1 1 12 U
9 2 8 26 D
9 3 3 32 L
9 4 5 13 U
9 5 0 29 L
9 6 8 6 R
9 7 9 10 U
9 8 3 33 L
9 9 0 35 L
9 10 0 32 L
9 11 7 11 U
9 12 0 31 L
9 13 7 13 U
9 14 10 6 R
9 15 0 25 D
9 16 11 16 U
9 17 25 33 L
9 18 8 2 R
9 19 0 33 L
9 20 0 6 R
9 21 9 32 L
9 22 1 3 R
9 23 0 11 U
9 24 2 6 R
9 25 4 5 R
9 26 9 26 D
9 27 12 27 D
9 28 5 26 D
9 29 0 9 U
9 30 10 13 U
9 31 3 20 D
9 32 6 26 D
9 33 7 33 L
9 34 0 4 R
9 35 8 35 L
10 0 4 18 D
10 1 2 25 D
10 2 6 2 R
10 3 4 8 U
10 4 4 29 L
10 5 11 5 R
10 6 9 22 D
10 7 11 7 R
10 8 4 0 R
10 9 5 0 R
10 10 2 1 R
10 11 10 11 U
10 12 7 12 U
10 13 1 2 R
10 14 5 18 D
10 15 2 28 L
10 16 14 16 U
10 17 23 17 U
10 18 1 4 R
10 19 10 30 L
10 20 2 1 R
10 21 6 30 L
10 22 11 22 D
10 23 5 8 U
10 24 1 7 R
10 25 7 3 R
10 26 0 9 U
10 27 11 27 D
10 28 4 11 U
10 29 0 13 U
10 30 5 30 L
10 31 0 27 D
10 32 8 12 U
10 33 2 15 U
10 34 11 34 L
10 35 0 19 D
11 0 7 9 U
11 1 11 10 U
11 2 11 2 R
11 3 9 10 U
11 4 10 4 R
11 5 6 5 R
11 6 0 31 L
11 7 2 14 U
11 8 10 2 R
11 9 8 5 R
11 10 3 1 R
11 11 4 1 R
11 12 1 12 U
11 13 11 28 L
11 14 13 14 U
11 15 9 15 U
11 16 12 31 L
11 17 26 17 U
11 18 9 18 D
11 19 10 19 D
11 20 4 6 R
11 21 14 30 L
11 22 10 22 D
11 23 10 23 D
11 24 13 32 L
11 25 11 7 R
11 26 11 26 D
11 27 14 0 R
11 28 0 26 D
11 29 0 15 U
11 30 11 30 L
11 31 10 26 D
11 32 10 32 L
11 33 9 33 L
11 34 14 34 L
11 35 10 25 D
12 0 2 24 D
12 1 7 22 D
12 2 10 8 U
12 3 10 22 D
12 4 13 8 U
12 5 9 9 U
12 6 6 21 D
12 7 10 7 R
12 8 5 3 R
12 9 7 0 R
12 10 10 32 L
12 11 11 11 U
12 12 1 2 R
12 13 0 20 D
12 14 12 14 U
12 15 2 23 D
12 16 11 6 R
12 17 19 17 U
12 18 12 28 L
12 19 1 29 L
12 20 6 28 L
12 21 13 21 D
12 22 10 31 L
12 23 11 32 L
12 24 10 24 D
12 25 14 34 L
12 26 0 13 U
12 27 11 0 R
12 28 9 23 D
12 29 6 10 U
12 30 14 8 U
12 31 12 31 L
12 32 12 11 U
12 33 8 18 D
12 34 13 34 L
12 35 15 18 D
13 0 1 13 U
13 1 9 1 R
13 2 12 2 R
13 3 6 14 U
13 4 13 4 R
13 5 7 5 R
13 6 14 16 U
13 7 13 16 U
13 8 13 5 R
13 9 10 9 U
13 10 12 10 U
13 11 8 11 U
13 12 5 12 U
13 13 12 13 U
13 14 0 2 R
13 15 17 26 D
13 16 11 0 R
13 17 16 6 R
13 18 13 18 D
13 19 13 19 D
13 20 9 1 R
13 21 12 21 D
13 22 11 2 R
13 23 13 33 L
13 24 12 24 D
13 25 10 25 D
13 26 12 6 R
13 27 15 27 D
13 28 0 3 R
13 29 5 19 D
13 30 12 30 L
13 31 12 21 D
13 32 0 8 U
13 33 9 26 D
13 34 3 21 D
13 35 12 35 L
14 0 13 19 D
14 1 11 9 U
14 2 0 11 U
14 3 6 22 D
14 4 12 4 R
14 5 0 34 L
14 6 13 6 R
14 7 12 16 U
14 8 6 20 D
14 9 0 33 L
14 10 4 10 U
14 11 8 33 L
14 12 0 30 L
14 13 17 31 L
14 14 16 3 R
14 15 16 15 U
14 16 0 30 L
14 17 22 17 U
14 18 12 34 L
14 19 7 2 R
14 20 12 20 D
14 21 13 5 R
14 22 14 7 R
14 23 11 23 D
14 24 13 24 D
14 25 14 35 L
14 26 3 26 D
14 27 15 1 R
14 28 2 26 D
14 29 9 13 U
14 30 12 20 D
14 31 11 21 D
14 32 12 16 U
14 33 14 24 D
14 34 6 17 U
14 35 10 35 L
15 0 0 35 L
15 1 9 16 U
15 2 10 27 D
15 3 15 3 R
15 4 12 8 U
15 5 20 13 U
15 6 19 6 R
15 7 14 7 R
15 8 10 7 R
15 9 9 9 U
15 10 4 25 D
15 11 4 31 L
15 12 16 12 U
15 13 21 6 R
15 14 21 14 U
15 15 21 15 U
15 16 0 18 D
15 17 25 17 U
15 18 6 8 U
15 19 10 2 R
15 20 15 4 R
15 21 11 12 U
15 22 0 14 U
15 23 17 6 R
15 24 10 0 R
15 25 13 25 D
15 26 18 35 L
15 27 18 3 R
15 28 11 12 U
15 29 15 12 U
15 30 0 25 D
15 31 11 20 D
15 32 10 14 U
15 33 0 16 U
15 34 13 14 U
15 35 15 35 L
16 0 13 10 U
16 1 4 1 R
16 2 0 25 D
16 3 14 3 R
16 4 3 4 R
16 5 15 13 U
16 6 17 6 R
16 7 23 15 U
16 8 16 28 L
16 9 21 9 U
16 10 13 34 L
16 11 12 11 U
16 12 14 12 U
16 13 21 13 U
16 14 1 14 U
16 15 16 35 L
16 16 19 16 U
16 17 16 17 U
16 18 20 28 L
16 19 20 35 L
16 20 3 20 D
16 21 19 32 L
16 22 18 22 D
16 23 16 23 D
16 24 15 7 R
16 25 14 16 U
16 26 16 26 D
16 27 17 27 D
16 28 17 10 U
16 29 18 29 L
16 30 20 9 U
16 31 18 23 D
16 32 11 32 L
16 33 0 14 U
16 34 15 34 L
16 35 20 35 L
17 0 8 15 U
17 1 6 27 D
17 2 21 18 D
17 3 0 22 D
17 4 16 4 R
17 5 1 26 D
17 6 19 9 U
17 7 23 7 R
17 8 2 0 R
17 9 7 3 R
17 10 18 10 U
17 11 13 11 U
17 12 15 1 R
17 13 16 13 U
17 14 4 6 R
17 15 20 15 U
17 16 15 16 U
17 17 24 17 U
17 18 16 28 L
17 19 17 19 D
17 20 18 2 R
17 21 20 21 D
17 22 22 22 D
17 23 17 23 D
17 24 21 6 R
17 25 17 0 R
17 26 19 26 D
17 27 20 27 D
17 28 16 12 U
17 29 17 29 L
17 30 16 30 L
17 31 20 14 U
17 32 20 32 L
17 33 2 33 L
17 34 6 25 D
17 35 20 9 U
18 0 14 19 D
18 1 21 8 U
18 2 20 2 R
18 3 17 16 U
18 4 11 4 R
18 5 9 5 R
18 6 18 27 D
18 7 22 7 R
18 8 0 34 L
18 9 8 9 U
18 10 0 30 L
18 11 16 11 U
18 12 16 6 R
18 13 18 5 R
18 14 15 14 U
18 15 17 15 U
18 16 20 28 L
18 17 4 35 L
18 18 18 18 D
18 19 18 19 D
18 20 16 20 D
18 21 21 21 D
18 22 14 22 D
18 23 19 35 L
18 24 32 24 D
18 25 12 1 R
18 26 14 6 R
18 27 19 27 D
18 28 11 9 U
18 29 14 29 L
18 30 1 20 D
18 31 16 13 U
18 32 20 21 D
18 33 11 33 L
18 34 17 18 D
18 35 18 13 U
19 0 6 18 D
19 1 4 25 D
19 2 10 2 R
19 3 18 3 R
19 4 11 8 U
19 5 2 33 L
19 6 20 10 U
19 7 2 12 U
19 8 7 4 R
19 9 3 9 U
19 10 19 10 U
19 11 0 32 L
19 12 20 12 U
19 13 20 31 L
19 14 18 14 U
19 15 2 0 R
19 16 4 16 U
19 17 11 17 U
19 18 10 34 L
19 19 17 28 L
19 20 19 30 L
19 21 20 6 R
19 22 17 0 R
19 23 21 23 D
19 24 29 24 D
19 25 17 25 D
19 26 20 5 R
19 27 21 27 D
19 28 3 16 U
19 29 13 29 L
19 30 4 30 L
19 31 19 27 D
19 32 19 32 L
19 33 13 17 U
19 34 19 34 L
19 35 17 35 L
20 0 18 8 U
20 1 11 28 L
20 2 18 12 U
20 3 16 21 D
20 4 3 10 U
20 5 20 15 U
20 6 15 6 R
20 7 25 17 U
20 8 19 6 R
20 9 17 20 D
20 10 21 10 U
20 11 9 11 U
20 12 17 12 U
20 13 14 33 L
20 14 14 14 U
20 15 3 15 U
20 16 7 3 R
20 17 18 17 U
20 18 19 1 R
20 19 21 19 D
20 20 18 3 R
20 21 9 5 R
20 22 24 30 L
20 23 18 23 D
20 24 25 24 D
20 25 11 25 D
20 26 0 33 L
20 27 16 31 L
20 28 0 2 R
20 29 16 29 L
20 30 21 10 U
20 31 13 31 L
20 32 18 32 L
20 33 0 17 U
20 34 12 34 L
20 35 18 35 L
21 0 16 8 U
21 1 17 18 D
21 2 17 23 D
21 3 18 9 U
21 4 15 11 U
21 5 22 27 D
21 6 8 26 D
21 7 27 7 R
21 8 17 28 L
21 9 20 4 R
21 10 16 10 U
21 11 18 11 U
21 12 19 12 U
21 13 3 13 U
21 14 0 5 R
21 15 22 15 U
21 16 19 18 D
21 17 21 17 U
21 18 16 4 R
21 19 15 19 D
21 20 13 2 R
21 21 14 21 D
21 22 24 22 D
21 23 15 2 R
21 24 11 24 D
21 25 12 25 D
21 26 18 26 D
21 27 18 27 D
21 28 21 8 U
21 29 15 29 L
21 30 18 20 D
21 31 16 3 R
21 32 19 26 D
21 33 15 33 L
21 34 15 19 D
21 35 21 35 L
22 0 8 0 R
22 1 19 8 U
22 2 17 29 L
22 3 21 26 D
22 4 21 15 U
22 5 23 5 R
22 6 2 10 U
22 7 26 7 R
22 8 15 0 R
22 9 16 1 R
22 10 22 2 R
22 11 5 1 R
22 12 10 12 U
22 13 0 3 R
22 14 6 1 R
22 15 23 15 U
22 16 0 4 R
22 17 28 0 R
22 18 21 31 L
22 19 22 19 D
22 20 15 32 L
22 21 25 30 L
22 22 23 22 D
22 23 23 0 R
22 24 15 24 D
22 25 21 7 R
22 26 18 6 R
22 27 16 1 R
22 28 17 12 U
22 29 19 19 D
22 30 5 23 D
22 31 20 31 L
22 32 15 9 U
22 33 23 18 D
22 34 22 13 U
22 35 20 20 D
23 0 19 10 U
23 1 7 31 L
23 2 23 2 R
23 3 18 15 U
23 4 17 4 R
23 5 25 21 D
23 6 20 6 R
23 7 20 7 R
23 8 21 4 R
23 9 11 6 R
23 10 22 10 U
23 11 24 28 L
23 12 19 0 R
23 13 23 13 U
23 14 10 1 R
23 15 22 3 R
23 16 23 16 U
23 17 23 1 R
23 18 23 30 L
23 19 23 1 R
23 20 23 20 D
23 21 25 21 D
23 22 25 31 L
23 23 22 23 D
23 24 28 24 D
23 25 9 25 D
23 26 7 26 D
23 27 20 5 R
23 28 22 28 L
23 29 21 29 L
23 30 22 15 U
23 31 8 27 D
23 32 16 32 L
23 33 22 33 L
23 34 23 34 L
23 35 6 27 D
24 0 24 9 U
24 1 22 22 D
24 2 6 12 U
24 3 2 18 D
24 4 7 23 D
24 5 20 27 D
24 6 25 12 U
24 7 24 7 R
24 8 16 18 D
24 9 20 9 U
24 10 0 27 D
24 11 23 6 R
24 12 18 12 U
24 13 18 31 L
24 14 11 14 U
24 15 14 18 D
24 16 24 16 U
24 17 6 17 U
24 18 14 4 R
24 19 16 29 L
24 20 25 6 R
24 21 27 21 D
24 22 24 5 R
24 23 22 3 R
24 24 26 24 D
24 25 23 25 D
24 26 23 26 D
24 27 21 28 L
24 28 14 10 U
24 29 12 11 U
24 30 19 11 U
24 31 23 21 D
24 32 0 9 U
24 33 13 22 D
24 34 7 34 L
24 35 6 22 D
25 0 23 16 U
25 1 27 13 U
25 2 20 16 U
25 3 26 9 U
25 4 2 26 D
25 5 33 19 D
25 6 19 20 D
25 7 20 8 U
25 8 27 8 U
25 9 24 0 R
25 10 2 29 L
25 11 17 11 U
25 12 24 12 U
25 13 26 13 U
25 14 25 33 L
25 15 4 3 R
25 16 20 16 U
25 17 27 17 U
25 18 11 34 L
25 19 24 2 R
25 20 20 20 D
25 21 26 0 R
25 22 13 22 D
25 23 26 28 L
25 24 16 24 D
25 25 22 25 D
25 26 27 31 L
25 27 29 8 U
25 28 18 19 D
25 29 16 23 D
25 30 16 10 U
25 31 24 14 U
25 32 24 32 L
25 33 26 33 L
25 34 17 34 L
25 35 20 25 D
26 0 23 8 U
26 1 10 21 D
26 2 18 27 D
26 3 5 22 D
26 4 17 23 D
26 5 33 5 R
26 6 10 33 L
26 7 21 7 R
26 8 24 8 U
26 9 24 1 R
26 10 15 10 U
26 11 15 30 L
26 12 25 0 R
26 13 24 13 U
26 14 26 14 U
26 15 29 2 R
26 16 0 28 L
26 17 26 3 R
26 18 19 18 D
26 19 26 0 R
26 20 25 20 D
26 21 7 4 R
26 22 9 22 D
26 23 15 23 D
26 24 17 24 D
26 25 16 25 D
26 27 30 27 D
26 28 0 14 U
26 29 26 11 U
26 30 24 30 L
26 31 25 17 U
26 32 23 32 L
26 33 24 26 D
26 34 22 34 L
26 35 14 35 L
27 0 23 9 U
27 1 22 14 U
27 2 21 2 R
27 3 19 19 D
27 4 25 22 D
27 6 27 6 R
27 7 18 14 U
27 8 22 7 R
27 9 22 1 R
27 10 23 35 L
27 11 16 35 L
27 12 8 20 D
27 13 25 13 U
27 14 17 14 U
27 16 26 16 U
27 17 28 17 U
27 18 24 29 L
27 19 25 19 D
27 20 27 20 D
27 21 25 3 R
27 22 26 7 R
27 23 0 6 R
27 24 5 24 D
27 25 24 25 D
27 27 27 27 D
27 28 25 16 U
27 29 26 19 D
27 30 27 8 U
27 31 25 31 L
27 32 6 32 L
27 33 25 33 L
27 34 18 34 L
27 35 22 17 U
28 0 29 8 U
28 1 24 13 U
28 2 16 32 L
28 3 29 3 R
28 4 29 10 U
28 6 3 10 U
28 7 29 7 R
28 8 0 20 D
28 9 9 7 R
28 10 21 28 L
28 11 20 11 U
28 13 22 4 R
28 14 28 14 U
28 16 29 16 U
28 17 24 32 L
28 18 28 29 L
28 19 27 0 R
28 20 12 28 L
28 21 28 31 L
28 22 17 29 L
28 23 23 33 L
28 24 18 24 D
28 25 24 4 R
28 27 25 27 D
28 28 23 10 U
28 29 18 11 U
28 30 0 19 D
28 31 23 17 U
28 32 30 21 D
28 33 6 9 U
28 34 19 15 U
28 35 32 17 U
29 0 24 22 D
29 1 28 1 R
29 2 30 2 R
29 3 31 10 U
29 4 30 4 R
29 6 28 6 R
29 7 15 15 U
29 8 17 0 R
29 9 19 34 L
29 10 16 33 L
29 13 1 13 U
29 14 25 14 U
29 17 31 17 U
29 18 30 18 D
29 19 29 1 R
29 20 26 20 D
29 21 29 21 D
29 22 32 30 L
29 23 25 23 D
29 24 32 0 R
29 27 21 2 R
29 28 27 28 L
29 29 27 29 L
29 30 31 8 U
29 31 29 31 L
29 32 28 32 L
29 33 23 33 L
29 34 28 34 L
29 35 30 35 L
30 0 29 19 D
30 1 0 27 D
30 2 31 17 U
30 3 32 3 R
30 4 31 4 R
30 6 26 6 R
30 7 17 7 R
30 8 28 7 R
30 9 25 21 D
30 10 28 2 R
30 13 17 13 U
30 17 5 1 R
30 18 22 0 R
30 19 7 9 U
30 20 30 2 R
30 21 31 0 R
30 22 31 22 D
30 23 29 23 D
30 24 28 29 L
30 27 28 35 L
30 28 14 23 D
30 29 16 18 D
30 30 24 25 D
30 31 30 31 L
30 32 3 32 L
30 33 28 33 L
30 34 29 34 L
30 35 25 23 D
31 0 30 20 D
31 1 31 18 D
31 2 22 11 U
31 3 30 3 R
31 4 29 4 R
31 7 29 35 L
31 8 6 18 D
31 9 32 9 U
31 10 27 30 L
31 13 31 28 L
31 17 21 4 R
31 18 29 28 L
31 19 29 19 D
31 20 32 3 R
31 21 31 21 D
31 22 32 32 L
31 23 12 5 R
31 24 27 24 D
31 28 30 8 U
31 29 29 18 D
31 30 27 30 L
31 31 0 6 R
31 32 32 20 D
31 33 28 22 D
31 34 26 34 L
31 35 31 11 U
32 0 31 20 D
32 1 18 24 D
32 2 11 22 D
32 3 31 3 R
32 4 28 4 R
32 8 32 29 L
32 9 31 9 U
32 10 25 3 R
32 13 33 3 R
32 17 32 17 U
32 18 28 30 L
32 19 23 19 D
32 20 31 1 R
32 21 28 21 D
32 22 28 7 R
32 23 31 30 L
32 24 30 24 D
32 28 30 13 U
32 29 30 9 U
32 30 30 10 U
32 31 15 31 L
32 32 32 17 U
32 33 29 33 L
32 34 21 34 L
32 35 32 35 L
33 0 30 13 U
33 1 29 24 D
33 2 30 9 U
33 3 33 9 U
33 4 0 18 D
33 8 19 30 L
33 9 31 3 R
33 10 33 28 L
33 18 32 1 R
33 19 25 31 L
33 23 34 23 D
33 28 33 8 U
33 29 29 10 U
33 30 31 16 U
33 31 31 27 D
33 32 32 23 D
33 35 23 24 D
34 0 0 22 D
34 2 34 2 R
34 3 17 17 U
34 18 0 35 L
34 19 33 2 R
34 28 2 25 D
34 29 33 29 L
34 30 18 8 U
34 32 33 32 L

