11 8 72
7 0 0 0 0 0 0 5 0 6 2
8 4 1 0 0 0 7 0 0 0 9
0 0 3 0 0 0 0 0 0 0 0
3 2 0 0 0 9 0 2 0 8 0
0 0 2 6 0 0 0 8 7 0 0
5 0 0 0 0 0 1 5 0 0 0
0 0 0 0 0 0 0 0 0 0 0
0 9 0 0 8 9 0 0 3 0 0
0 1 0 6 0 10 8 0 4 0 0
0 0 8 0 0 4 1 6 0 5 0
8 0 7 0 4 0 0 2 7 0 0
0 0 0 0 L
0 1 0 1 L
0 2 0 2 R
0 3 0 3 R
0 4 0 4 D
0 5 0 5 D
0 6 0 6 U
0 7 0 7 U
1 0 0 7 U
1 1 3 1 L
1 2 0 0 L
1 3 0 4 D
1 4 0 0 L
1 5 0 0 L
1 6 3 2 R
1 7 2 7 U
2 0 6 6 U
2 1 0 3 R
2 2 1 4 D
2 3 1 3 R
2 4 5 4 D
2 5 4 5 D
2 6 6 3 R
2 7 0 3 R
3 0 0 4 D
3 1 2 6 U
3 2 1 7 U
3 3 6 3 R
3 4 0 3 R
3 5 0 6 U
3 6 2 1 L
3 7 5 7 U
4 0 3 0 L
4 1 7 4 D
4 2 6 6 U
4 3 2 0 L
4 4 1 7 U
4 5 0 7 U
4 6 0 0 L
4 7 7 1 L
5 0 2 4 D
5 2 7 2 R
5 3 2 6 U
5 4 0 2 R
5 5 2 5 D
5 6 7 2 R
5 7 7 2 R
6 0 0 2 R
6 1 1 1 L
6 2 2 2 R
6 3 0 5 D
6 4 4 0 L
6 5 4 0 L
6 6 0 2 R
6 7 5 7 U
7 0 2 2 R
7 2 0 4 D
7 3 0 6 U
7 4 4 3 R
7 6 8 0 L
7 7 0 4 D
8 0 6 0 L
8 2 3 5 D
8 3 7 1 L
8 4 1 6 U
8 6 7 4 D
8 7 6 7 U
9 0 3 6 U
9 3 1 3 R
9 4 1 1 L
9 6 6 0 L
10 0 0 6 U

