25 25 518
7 0 0 0 0 0 0 19 4 7 5 0 7
7 0 22 21 0 1 0 0 0 10 0 22 3
20 16 0 0 2 0 23 20 8 21 19 5 11
16 0 21 0 0 23 0 13 14 23 0 0 21
0 0 0 0 1 0 24 0 12 0 10 0 2
11 0 0 9 4 0 16 20 3 5 0 0 21
23 0 20 9 1 8 0 15 23 12 7 15 13
7 17 4 5 24 9 0 15 0 0 8 0 0
15 0 15 15 0 0 15 0 0 0 0 0 0
0 11 0 2 6 0 0 0 10 21 0 0 0
11 0 1 0 0 20 0 0 23 0 24 0 0
11 7 13 9 13 19 3 22 20 0 0 10 0
12 0 2 9 22 0 0 16 0 1 19 22 21
0 0 0 0 R
0 1 0 1 R
0 2 0 2 R
0 3 0 3 R
0 4 0 4 R
0 5 0 5 R
0 6 0 6 R
0 7 0 7 U
0 8 0 8 U
0 9 0 9 U
0 10 0 10 U
0 11 0 11 U
0 12 0 12 U
0 13 0 13 D
0 14 0 14 D
0 15 0 15 D
0 16 0 16 D
0 17 0 17 D
0 18 0 18 L
0 19 0 19 L
0 20 0 20 L
0 21 0 21 L
0 22 0 22 L
0 23 0 23 L
0 24 0 24 L
1 0 2 10 U
1 1 13 1 R
1 2 14 16 D
1 3 0 7 U
1 4 5 4 R
1 5 3 5 R
1 6 9 6 R
1 7 0 21 L
1 8 2 8 U
1 9 10 4 R
1 10 8 2 R
1 11 15 13 D
1 12 7 12 U
1 13 13 18 L
1 14 13 20 L
1 15 9 20 L
1 16 13 18 L
1 17 6 3 R
1 18 11 18 L
1 19 19 7 U
1 20 11 20 L
1 21 8 21 L
1 22 2 22 L
1 23 8 7 U
1 24 9 24 L
2 0 0 13 D
2 1 8 8 U
2 2 7 8 U
2 3 5 13 D
2 4 8 4 R
2 5 6 5 R
2 6 6 10 U
2 7 10 18 L
2 8 0 0 R
2 9 0 4 R
2 10 10 6 R
2 11 5 11 U
2 12 8 3 R
2 13 0 4 R
2 14 0 19 L
2 15 4 3 R
2 16 7 20 L
2 17 9 21 L
2 18 0 7 U
2 19 1 4 R
2 20 8 20 L
2 21 0 17 D
2 22 6 0 R
2 23 6 23 L
2 24 4 15 D
3 0 14 17 D
3 1 6 9 U
3 2 0 23 L
3 3 8 3 R
3 4 16 8 U
3 5 17 12 U
3 6 1 6 R
3 7 18 1 R
3 8 14 22 L
3 9 18 16 D
3 10 7 10 U
3 11 14 21 L
3 12 1 12 U
3 13 0 0 R
3 14 0 9 U
3 15 0 1 R
3 16 16 19 L
3 17 4 17 D
3 18 0 8 U
3 19 0 15 D
3 20 7 7 U
3 21 11 8 U
3 22 15 14 D
3 23 0 8 U
3 24 22 24 L
4 0 18 8 U
4 1 9 19 L
4 2 1 2 R
4 3 8 19 L
4 4 2 7 U
4 5 1 14 D
4 6 6 6 R
4 7 1 23 L
4 8 10 18 L
4 9 17 9 U
4 10 18 20 L
4 11 15 11 U
4 12 1 12 U
4 13 8 5 R
4 14 2 6 R
4 15 12 15 D
4 16 7 16 D
4 17 5 0 R
4 18 12 11 U
4 19 1 13 D
4 20 2 16 D
4 21 16 10 U
4 22 2 7 U
4 23 1 23 L
4 24 23 24 L
5 0 2 13 D
5 1 17 15 D
5 2 4 2 R
5 3 3 3 R
5 4 0 9 U
5 5 8 9 U
5 6 8 6 R
5 7 1 4 R
5 8 9 20 L
5 9 0 19 L
5 10 10 21 L
5 11 2 11 U
5 13 14 3 R
5 14 3 8 U
5 15 0 22 L
5 16 9 1 R
5 17 23 9 U
5 18 10 7 U
5 19 0 11 U
5 20 1 20 L
5 21 4 8 U
5 22 15 11 U
5 23 2 23 L
5 24 6 24 L
6 0 0 22 L
6 1 9 1 R
6 2 9 2 R
6 3 0 18 L
6 4 1 4 R
6 5 10 7 U
6 6 9 17 D
6 7 0 23 L
6 8 5 2 R
6 9 14 9 U
6 10 4 10 U
6 11 1 5 R
6 13 0 21 L
6 14 16 14 D
6 15 1 3 R
6 16 3 16 D
6 17 3 1 R
6 18 4 18 L
6 19 4 15 D
6 20 1 20 L
6 21 2 13 D
6 22 1 22 L
6 23 10 23 L
6 24 23 11 U
7 0 0 8 U
7 1 1 1 R
7 2 0 14 D
7 3 13 9 U
7 4 6 18 L
7 5 17 15 D
7 6 17 14 D
7 7 18 7 U
7 8 5 23 L
7 9 0 22 L
7 10 17 10 U
7 11 6 20 L
7 12 4 12 U
7 13 19 1 R
7 14 2 14 D
7 15 1 23 L
7 16 1 1 R
7 17 6 17 D
7 18 4 16 D
7 19 17 0 R
7 20 8 9 U
7 21 8 21 L
7 22 2 14 D
7 23 3 23 L
7 24 0 2 R
8 0 0 7 U
8 1 5 13 D
8 2 6 2 R
8 3 15 3 R
8 4 1 4 R
8 5 2 5 R
8 6 4 6 R
8 7 7 22 L
8 8 1 8 U
8 9 3 0 R
8 10 5 19 L
8 11 15 11 U
8 13 0 5 R
8 14 9 21 L
8 15 17 19 L
8 16 0 6 R
8 17 0 2 R
8 18 20 15 D
8 19 1 7 U
8 20 4 17 D
8 21 9 21 L
8 22 4 22 L
8 23 14 16 D
8 24 0 7 U
9 0 1 9 U
9 1 16 10 U
9 2 4 2 R
9 3 5 3 R
9 4 16 4 R
9 5 11 5 R
9 6 8 6 R
9 7 8 3 R
9 8 7 19 L
9 9 12 22 L
9 10 17 22 L
9 11 12 23 L
9 12 2 2 R
9 13 3 19 L
9 14 14 18 L
9 15 1 20 L
9 16 8 23 L
9 17 7 22 L
9 18 1 8 U
9 19 4 19 L
9 20 0 14 D
9 21 1 7 U
9 22 22 22 L
9 23 13 23 L
10 0 4 7 U
10 1 9 7 U
10 2 13 8 U
10 3 2 7 U
10 4 12 16 D
10 5 8 5 R
10 6 8 6 R
10 7 12 18 L
10 8 16 0 R
10 9 18 20 L
10 10 16 14 D
10 11 13 18 L
10 13 2 13 D
10 14 4 19 L
10 15 15 23 L
10 16 17 16 D
10 17 12 2 R
10 18 4 8 U
10 19 17 16 D
10 20 13 15 D
10 21 9 21 L
10 22 11 13 D
10 23 20 16 D
11 0 13 16 D
11 1 0 11 U
11 2 0 15 D
11 3 17 17 D
11 4 6 9 U
11 5 4 5 R
11 6 17 6 R
11 7 8 13 D
11 8 2 21 L
11 9 0 16 D
11 10 4 10 U
11 11 17 24 L
11 13 2 4 R
11 14 0 23 L
11 15 19 2 R
11 16 10 10 U
11 17 1 2 R
11 18 12 14 D
11 19 1 10 U
11 20 19 2 R
11 21 17 21 L
11 22 14 22 L
11 23 12 7 U
12 0 13 14 D
12 1 10 17 D
12 2 14 2 R
12 3 13 21 L
12 4 17 17 D
12 5 7 16 D
12 6 8 6 R
12 7 20 15 D
12 8 14 21 L
12 9 4 24 L
12 10 18 0 R
12 11 11 19 L
12 13 15 13 D
12 14 9 19 L
12 15 4 24 L
12 16 17 9 U
12 17 2 17 D
12 18 17 10 U
12 19 19 19 L
12 20 21 10 U
12 21 3 15 D
12 22 3 11 U
12 23 11 7 U
13 0 8 15 D
13 1 15 13 D
13 2 6 21 L
13 3 1 3 R
13 4 2 4 R
13 5 4 5 R
13 6 7 22 L
13 7 5 19 L
13 8 18 14 D
13 9 10 18 L
13 10 14 10 U
13 11 16 18 L
13 13 1 3 R
13 14 9 23 L
13 15 8 1 R
13 16 19 19 L
13 17 6 19 L
13 18 16 7 U
13 19 20 9 U
13 20 12 14 D
13 21 3 21 L
13 22 10 12 U
13 23 2 23 L
14 0 18 0 R
14 1 7 1 R
14 2 4 16 D
14 3 4 14 D
14 4 0 19 L
14 5 11 8 U
14 7 0 3 R
14 8 7 22 L
14 9 6 18 L
14 10 19 1 R
14 11 8 16 D
14 13 0 3 R
14 14 3 3 R
14 15 10 15 D
14 16 3 4 R
14 17 7 17 D
14 18 9 17 D
14 19 3 17 D
14 20 0 4 R
14 21 6 8 U
14 22 21 7 U
14 23 9 23 L
15 0 8 10 U
15 1 12 16 D
15 2 18 14 D
15 3 11 3 R
15 4 9 14 D
15 5 8 17 D
15 7 0 13 D
15 8 14 16 D
15 9 11 19 L
15 10 0 15 D
15 13 7 19 L
15 14 7 1 R
15 15 3 6 R
15 16 6 3 R
15 17 9 17 D
15 18 21 13 D
15 19 0 9 U
15 20 14 13 D
15 21 12 21 L
15 22 1 9 U
15 23 8 23 L
16 0 5 11 U
16 1 0 9 U
16 2 0 16 D
16 3 15 22 L
16 4 12 4 R
16 5 14 13 D
16 7 6 2 R
16 8 14 0 R
16 9 0 18 L
16 10 21 18 L
16 13 3 1 R
16 14 14 0 R
16 15 0 20 L
16 16 18 0 R
16 17 6 11 U
16 18 6 10 U
16 19 14 8 U
16 20 10 20 L
16 21 1 21 L
16 22 20 10 U
16 23 8 23 L
17 0 3 9 U
17 1 3 1 R
17 2 14 17 D
17 3 5 15 D
17 4 18 4 R
17 5 7 5 R
17 8 14 20 L
17 9 10 21 L
17 10 19 13 D
17 13 20 0 R
17 14 13 3 R
17 15 9 22 L
17 16 4 3 R
17 17 6 4 R
17 18 3 18 L
17 19 3 19 L
17 20 11 6 R
17 21 6 21 L
17 22 16 22 L
17 23 1 13 D
17 24 12 24 L
18 0 1 8 U
18 1 16 22 L
18 2 15 14 D
18 3 13 13 D
18 4 12 7 U
18 5 4 5 R
18 8 4 20 L
18 9 14 14 D
18 10 12 3 R
18 13 5 2 R
18 14 6 18 L
18 15 4 15 D
18 16 4 20 L
18 17 13 0 R
18 18 5 16 D
18 19 10 14 D
18 20 9 20 L
18 21 14 3 R
18 22 2 22 L
18 23 6 23 L
19 0 1 7 U
19 1 3 14 D
19 2 21 11 U
19 3 5 3 R
19 6 9 8 U
19 8 21 19 L
19 9 1 21 L
19 10 9 2 R
19 12 6 12 U
19 13 4 13 D
19 14 1 20 L
19 15 20 24 L
19 16 13 4 R
19 17 3 18 L
19 18 3 14 D
19 19 1 17 D
19 20 15 5 R
19 21 8 21 L
19 22 22 15 D
19 23 0 5 R
20 0 12 7 U
20 1 9 17 D
20 2 9 2 R
20 3 12 3 R
20 8 21 8 U
20 9 14 1 R
20 10 12 23 L
20 13 7 0 R
20 14 22 5 R
20 16 7 16 D
20 17 5 9 U
20 18 16 9 U
20 19 2 19 L
20 20 11 16 D
20 21 0 9 U
20 22 9 22 L
20 23 0 13 D
20 24 21 24 L
21 0 13 13 D
21 1 0 10 U
21 2 10 10 U
21 3 17 18 L
21 8 1 8 U
21 9 6 1 R
21 10 20 23 L
21 13 3 3 R
21 14 5 14 D
21 16 9 20 L
21 17 19 17 D
21 18 12 10 U
21 19 22 13 D
21 20 14 20 L
21 21 1 21 L
21 22 7 9 U
21 23 20 8 U
22 0 18 20 L
22 1 2 16 D
22 2 20 2 R
22 3 16 3 R
22 16 8 9 U
22 17 2 17 D
22 19 13 1 R
22 20 3 14 D
22 21 2 17 D
22 23 21 23 L
23 0 4 8 U
23 2 11 2 R
23 3 18 16 D
23 16 16 2 R
23 19 8 11 U
23 21 19 4 R
23 23 21 15 D
24 2 4 15 D
24 16 6 6 R
24 23 3 12 U

