32 38 980
14 0 3 26 14 19 2 16 8 9 0 18 27 5 20
24 26 24 0 21 25 0 14 24 0 0 0 24 8 0
24 28 0 0 27 1 1 11 23 19 0 0 29 2 18
0 0 26 1 0 4 1 0 27 9 0 28 26 8 8
0 0 0 0 0 4 0 0 17 0 28 4 25 18 23
0 8 15 7 0 0 0 0 0 18 0 4 4 0 21
0 6 21 27 0 0 0 0 26 16 22 26 22 0 18
0 0 0 28 0 0 0 0 0 15 8 31 7 0 25
0 0 17 0 28 0 0 0 6 0 29 0 5 17 19
0 0 0 0 0 4 28 0 2 14 0 11 23 17 11
0 0 7 25 3 0 6 18 8 0 0 0 0 0 22
0 0 5 0 0 6 0 5 6 0 0 25 3 0 27
0 0 5 0 20 0 0 27 22 10 0 22 0 0 26
0 0 3 0 17 17 11 0 4 0 9 0 2 7 8
26 11 14 16 27 20 10 15 9 21 4 0 0 16 24
0 0 0 0 D
0 1 0 1 D
0 2 0 2 D
0 3 0 3 D
0 4 0 4 D
0 5 0 5 D
0 6 0 6 D
0 7 0 7 D
0 8 0 8 D
0 9 0 9 D
0 10 0 10 R
0 11 0 11 R
0 12 0 12 R
0 13 0 13 R
0 14 0 14 R
0 15 0 15 R
0 16 0 16 R
0 17 0 17 R
0 18 0 18 R
0 19 0 19 U
0 20 0 20 U
0 21 0 21 U
0 22 0 22 U
0 23 0 23 U
0 24 0 24 U
0 25 0 25 U
0 26 0 26 U
0 27 0 27 U
0 28 0 28 U
0 29 0 29 L
0 30 0 30 L
0 31 0 31 L
0 32 0 32 L
0 33 0 33 L
0 34 0 34 L
0 35 0 35 L
0 36 0 36 L
0 37 0 37 L
1 0 17 0 D
1 1 0 22 U
1 2 3 10 R
1 3 0 33 L
1 4 14 4 D
1 5 0 17 R
1 6 6 6 D
1 7 7 7 D
1 8 6 8 D
1 9 4 34 L
1 10 5 4 D
1 11 4 11 R
1 12 0 0 D
1 13 11 7 D
1 14 6 3 D
1 15 12 3 D
1 16 0 34 L
1 17 4 17 R
1 18 14 23 U
1 19 10 29 L
1 20 5 20 U
1 21 22 30 L
1 22 5 22 U
1 23 8 23 U
1 24 21 24 U
1 25 5 25 U
1 26 5 26 U
1 27 6 27 U
1 28 24 28 U
1 29 11 1 D
1 30 2 25 U
1 31 20 1 D
1 32 21 25 U
1 33 2 8 D
1 34 21 24 U
1 35 5 35 L
1 36 4 36 L
1 37 9 37 L
2 0 10 37 L
2 1 5 10 R
2 2 19 31 L
2 3 0 31 L
2 4 1 4 D
2 5 5 15 R
2 6 22 11 R
2 7 6 7 D
2 8 3 8 D
2 9 8 9 D
2 10 17 10 R
2 11 1 34 L
2 12 4 7 D
2 13 10 26 U
2 14 4 14 R
2 15 4 15 R
2 16 3 16 R
2 17 4 17 R
2 18 3 18 R
2 19 23 12 R
2 20 27 29 L
2 21 6 4 D
2 22 22 35 L
2 23 15 17 R
2 24 3 15 R
2 25 6 25 U
2 26 9 11 R
2 27 13 35 L
2 29 17 29 L
2 30 0 13 R
2 31 3 19 U
2 32 0 20 U
2 33 3 33 L
2 34 3 34 L
2 35 12 5 D
2 36 15 36 L
2 37 7 37 L
3 0 8 33 L
3 1 0 19 U
3 2 22 20 U
3 3 18 29 L
3 4 18 13 R
3 5 6 17 R
3 6 9 16 R
3 7 12 32 L
3 8 22 11 R
3 9 22 23 U
3 10 24 21 U
3 11 4 11 R
3 12 20 12 R
3 13 4 4 D
3 14 1 21 U
3 15 2 15 R
3 16 4 16 R
3 17 1 17 R
3 18 4 18 R
3 19 0 29 L
3 20 0 33 L
3 21 4 31 L
3 22 0 3 D
3 23 12 30 L
3 24 16 4 D
3 25 19 16 R
3 26 0 31 L
3 27 1 27 U
3 28 24 36 L
3 29 2 22 U
3 30 14 23 U
3 31 16 31 L
3 32 7 24 U
3 33 17 19 U
3 34 11 34 L
3 35 12 35 L
3 36 10 18 R
3 37 23 37 L
4 0 3 33 L
4 1 17 1 D
4 2 12 30 L
4 3 19 33 L
4 4 16 18 R
4 5 1 5 D
4 6 22 6 D
4 7 1 7 D
4 8 1 8 D
4 9 9 18 R
4 10 14 22 U
4 11 2 11 R
4 12 0 31 L
4 13 1 1 D
4 14 0 30 L
4 15 11 37 L
4 16 21 16 R
4 17 18 23 U
4 18 5 18 R
4 19 21 30 L
4 20 0 2 D
4 21 8 15 R
4 22 19 10 R
4 23 6 30 L
4 24 5 30 L
4 25 2 30 L
4 26 0 5 D
4 27 23 27 U
4 28 17 28 U
4 29 19 7 D
4 30 8 0 D
4 31 2 19 U
4 32 9 32 L
4 33 2 33 L
4 34 1 34 L
4 35 13 35 L
4 36 11 36 L
4 37 2 37 L
5 0 0 11 R
5 1 1 36 L
5 2 11 2 D
5 3 8 3 D
5 4 8 4 D
5 5 7 16 R
5 6 1 6 D
5 7 12 27 U
5 8 0 12 R
5 9 17 9 D
5 10 24 2 D
5 11 0 6 D
5 12 12 2 D
5 13 4 13 R
5 14 2 14 R
5 15 25 15 R
5 16 2 16 R
5 17 9 6 D
5 18 11 18 R
5 19 18 18 R
5 20 2 34 L
5 21 20 32 L
5 22 1 14 R
5 23 7 33 L
5 24 15 30 L
5 25 8 14 R
5 26 7 26 U
5 27 6 27 U
5 28 1 28 U
5 29 12 20 U
5 30 3 21 U
5 31 23 26 U
5 32 14 4 D
5 33 0 23 U
5 34 13 5 D
5 35 14 35 L
5 36 9 5 D
5 37 9 3 D
6 0 19 10 R
6 1 9 10 R
6 2 0 20 U
6 3 19 13 R
6 4 4 4 D
6 5 19 17 R
6 6 1 6 D
6 7 18 7 D
6 8 10 8 D
6 9 11 16 R
6 10 1 0 D
6 11 4 7 D
6 12 3 6 D
6 13 7 4 D
6 14 16 5 D
6 15 4 15 R
6 16 2 23 U
6 17 12 24 U
6 18 2 18 R
6 19 13 1 D
6 20 15 14 R
6 21 0 37 L
6 22 8 16 R
6 23 4 4 D
6 24 23 17 R
6 25 1 25 U
6 26 4 26 U
6 27 2 27 U
6 28 8 28 U
6 29 11 0 D
6 30 4 30 L
6 31 17 31 L
6 32 25 19 U
6 33 9 2 D
6 34 23 8 D
6 35 0 25 U
6 36 3 36 L
6 37 9 37 L
7 0 1 12 R
7 1 16 20 U
7 2 4 16 R
7 3 10 31 L
7 4 0 23 U
7 5 8 5 D
7 6 24 6 D
7 7 1 7 D
7 8 18 10 R
7 9 2 9 D
7 10 21 6 D
7 11 4 20 U
7 12 3 19 U
7 13 2 13 R
7 14 9 8 D
7 15 4 15 R
7 16 1 22 U
7 17 24 17 R
7 18 14 24 U
7 19 15 16 R
7 20 14 20 U
7 21 15 15 R
7 22 9 22 U
7 23 1 23 U
7 24 18 24 U
7 25 0 30 L
7 26 1 26 U
7 27 6 27 U
7 28 6 28 U
7 29 8 7 D
7 30 20 0 D
7 31 14 25 U
7 32 19 5 D
7 33 16 0 D
7 34 2 0 D
7 35 2 35 L
7 36 11 36 L
7 37 10 26 U
8 0 4 10 R
8 1 6 13 R
8 2 0 29 L
8 3 7 13 R
8 4 9 26 U
8 5 21 12 R
8 6 7 6 D
8 7 14 11 R
8 8 16 35 L
8 9 4 15 R
8 10 0 19 U
8 11 0 21 U
8 12 17 32 L
8 13 14 33 L
8 14 26 14 R
8 15 22 25 U
8 16 25 19 U
8 17 4 17 R
8 18 15 35 L
8 19 6 10 R
8 20 0 1 D
8 21 1 21 U
8 22 10 29 L
8 23 15 23 U
8 24 18 34 L
8 25 10 30 L
8 26 7 26 U
8 27 3 27 U
8 29 0 21 U
8 30 11 30 L
8 31 7 6 D
8 32 2 32 L
8 33 24 27 U
8 34 22 1 D
8 35 7 26 U
8 36 20 4 D
8 37 6 3 D
9 0 11 14 R
9 1 1 1 D
9 2 3 16 R
9 3 17 16 R
9 4 3 12 R
9 5 11 5 D
9 6 8 6 D
9 7 6 7 D
9 8 14 13 R
9 9 23 9 D
9 10 20 27 U
9 11 20 11 R
9 12 2 12 R
9 13 3 1 D
9 14 2 14 R
9 15 10 9 D
9 16 4 16 R
9 17 2 5 D
9 18 2 8 D
9 19 12 10 R
9 20 5 33 L
9 21 6 14 R
9 22 1 22 U
9 23 23 17 R
9 24 20 32 L
9 25 2 35 L
9 26 14 29 L
9 27 5 34 L
9 28 6 28 U
9 29 8 22 U
9 30 18 10 R
9 31 0 26 U
9 32 7 8 D
9 33 3 24 U
9 34 13 7 D
9 35 4 22 U
9 36 15 26 U
9 37 6 9 D
10 0 1 36 L
10 1 3 29 L
10 2 24 21 U
10 3 16 35 L
10 4 1 11 R
10 5 0 35 L
10 6 8 6 D
10 7 12 17 R
10 8 17 17 R
10 9 25 34 L
10 10 21 5 D
10 11 23 11 R
10 12 3 22 U
10 13 2 9 D
10 14 12 2 D
10 15 3 23 U
10 16 12 19 U
10 17 4 17 R
10 18 13 23 U
10 19 23 11 R
10 20 17 0 D
10 21 25 29 L
10 22 4 16 R
10 23 20 2 D
10 24 1 32 L
10 25 1 25 U
10 26 7 26 U
10 27 6 27 U
10 28 4 28 U
10 29 5 10 R
10 30 1 26 U
10 31 8 20 U
10 32 11 4 D
10 33 7 3 D
10 34 2 22 U
10 35 6 8 D
10 36 1 18 R
10 37 23 37 L
11 0 9 29 L
11 1 7 16 R
11 2 6 11 R
11 3 18 15 R
11 4 20 17 R
11 5 6 25 U
11 6 6 6 D
11 7 1 29 L
11 8 1 36 L
11 9 7 37 L
11 10 23 7 D
11 11 22 26 U
11 12 13 32 L
11 13 13 1 D
11 14 1 14 R
11 15 16 5 D
11 16 5 3 D
11 17 0 5 D
11 18 9 18 R
11 19 7 11 R
11 20 24 16 R
11 21 15 21 U
11 22 5 22 U
11 23 17 14 R
11 24 6 24 U
11 25 2 18 R
11 26 3 31 L
11 27 19 9 D
11 29 5 25 U
11 30 26 19 U
11 31 7 31 L
11 32 0 3 D
11 33 9 10 R
11 34 8 25 U
11 35 8 24 U
11 36 2 36 L
11 37 15 24 U
12 0 20 29 L
12 1 20 12 R
12 2 6 10 R
12 3 7 22 U
12 4 4 34 L
12 5 25 35 L
12 6 5 14 R
12 7 6 30 L
12 8 16 25 U
12 9 9 11 R
12 10 11 23 U
12 11 0 20 U
12 12 16 19 U
12 13 2 13 R
12 14 6 0 D
12 15 22 15 R
12 16 4 25 U
12 17 16 19 U
12 18 21 18 R
12 19 19 0 D
12 20 8 30 L
12 21 2 29 L
12 22 18 31 L
12 23 26 15 R
12 24 7 14 R
12 25 5 32 L
12 26 22 12 R
12 27 5 27 U
12 29 0 0 D
12 30 5 0 D
12 31 8 1 D
12 32 20 23 U
12 33 22 16 R
12 34 20 34 L
12 35 8 27 U
12 36 16 0 D
12 37 20 2 D
13 0 9 30 L
13 1 4 32 L
13 2 18 32 L
13 3 12 32 L
13 4 15 35 L
13 5 6 33 L
13 6 25 18 R
13 7 4 17 R
13 8 19 27 U
13 9 11 17 R
13 10 3 1 D
13 11 25 33 L
13 12 4 12 R
13 13 15 3 D
13 14 16 7 D
13 15 3 15 R
13 16 8 16 R
13 17 4 17 R
13 18 5 9 D
13 19 2 32 L
13 20 7 13 R
13 21 10 16 R
13 22 0 18 R
13 23 6 13 R
13 24 6 24 U
13 25 4 18 R
13 26 11 36 L
13 27 12 17 R
13 29 12 13 R
13 30 19 3 D
13 31 21 9 D
13 32 16 22 U
13 33 4 33 L
13 34 24 0 D
13 35 20 4 D
13 36 11 36 L
13 37 3 37 L
14 0 5 0 D
14 1 1 1 D
14 2 16 30 L
14 3 25 23 U
14 4 5 12 R
14 5 16 34 L
14 6 17 33 L
14 7 0 26 U
14 8 0 15 R
14 9 1 9 D
14 10 8 32 L
14 11 1 1 D
14 12 17 30 L
14 13 20 6 D
14 14 13 5 D
14 15 3 22 U
14 16 18 23 U
14 17 10 20 U
14 18 13 21 U
14 19 0 0 D
14 20 9 6 D
14 21 0 11 R
14 22 8 33 L
14 23 1 23 U
14 24 15 2 D
14 25 3 25 U
14 26 2 16 R
14 27 7 27 U
14 28 4 28 U
14 30 20 25 U
14 31 7 5 D
14 32 0 14 R
14 33 9 22 U
14 34 19 28 U
14 35 17 19 U
14 36 5 25 U
15 0 12 12 R
15 1 12 1 D
15 2 14 30 L
15 3 6 25 U
15 4 16 24 U
15 5 20 18 R
15 6 10 34 L
15 7 0 10 R
15 8 20 18 R
15 9 24 14 R
15 10 17 7 D
15 11 3 5 D
15 12 0 1 D
15 13 3 13 R
15 14 18 14 R
15 15 2 20 U
15 16 2 16 R
15 17 0 34 L
15 18 2 18 R
15 19 6 37 L
15 20 24 31 L
15 21 2 10 R
15 22 22 18 R
15 23 10 15 R
15 24 13 16 R
15 25 25 25 U
15 26 9 33 L
15 27 9 34 L
15 29 4 3 D
15 30 12 21 U
15 31 0 20 U
15 32 20 0 D
15 33 11 33 L
15 34 13 2 D
15 35 9 6 D
15 36 11 36 L
16 0 10 19 U
16 1 4 16 R
16 2 15 35 L
16 3 10 15 R
16 5 7 5 D
16 6 7 25 U
16 7 4 10 R
16 8 25 36 L
16 9 26 9 D
16 10 2 10 R
16 11 21 19 U
16 12 20 12 R
16 13 4 13 R
16 14 20 14 R
16 15 19 22 U
16 16 18 21 U
16 17 5 17 R
16 18 18 4 D
16 19 4 16 R
16 20 4 31 L
16 21 10 2 D
16 22 8 12 R
16 23 13 18 R
16 24 11 33 L
16 25 0 15 R
16 26 12 32 L
16 27 6 36 L
16 28 23 33 L
16 30 0 11 R
16 31 6 6 D
16 32 7 21 U
16 33 13 33 L
16 34 5 28 U
16 35 21 35 L
16 36 19 36 L
17 0 5 15 R
17 1 12 19 U
17 2 5 31 L
17 3 1 29 L
17 5 7 5 D
17 6 8 13 R
17 7 14 7 D
17 8 1 8 D
17 9 9 9 D
17 10 24 8 D
17 11 2 11 R
17 12 0 30 L
17 13 10 19 U
17 14 4 14 R
17 15 4 15 R
17 16 19 3 D
17 17 0 7 D
17 18 0 36 L
17 19 7 19 U
17 20 15 20 U
17 21 1 21 U
17 22 9 29 L
17 23 9 23 U
17 24 6 24 U
17 25 4 15 R
17 26 6 26 U
17 27 11 29 L
17 28 4 8 D
17 29 1 29 L
17 30 19 22 U
17 31 3 1 D
17 32 25 24 U
17 33 0 6 D
17 34 0 7 D
17 35 19 23 U
17 36 6 2 D
18 0 1 30 L
18 1 19 37 L
18 2 16 32 L
18 3 3 32 L
18 4 7 32 L
18 5 12 14 R
18 6 1 6 D
18 7 8 37 L
18 8 2 12 R
18 9 17 9 D
18 10 24 20 U
18 11 12 27 U
18 12 20 25 U
18 13 6 13 R
18 14 3 2 D
18 15 15 24 U
18 16 20 16 R
18 17 4 17 R
18 18 21 34 L
18 19 19 34 L
18 20 22 34 L
18 21 23 35 L
18 22 1 31 L
18 23 24 23 U
18 24 16 33 L
18 25 20 32 L
18 26 4 36 L
18 27 1 27 U
18 28 1 28 U
18 29 0 10 R
18 30 13 20 U
18 31 26 22 U
18 32 21 13 R
18 33 4 33 L
18 35 4 2 D
18 36 25 36 L
19 0 1 29 L
19 1 18 33 L
19 2 15 14 R
19 3 0 13 R
19 4 24 4 D
19 5 1 5 D
19 6 1 6 D
19 7 5 27 U
19 8 8 8 D
19 10 15 20 U
19 11 26 19 U
19 12 0 8 D
19 13 18 21 U
19 14 23 20 U
19 15 12 21 U
19 16 5 9 D
19 17 3 17 R
19 18 13 24 U
19 19 13 12 R
19 20 0 12 R
19 21 22 13 R
19 22 24 30 L
19 23 4 14 R
19 24 4 24 U
19 25 4 25 U
19 26 1 26 U
19 27 8 10 R
19 30 0 8 D
19 31 2 1 D
19 32 16 27 U
19 33 12 3 D
19 35 18 35 L
19 36 6 21 U
20 0 1 0 D
20 1 25 14 R
20 2 10 12 R
20 3 26 36 L
20 5 17 12 R
20 6 15 24 U
20 7 13 15 R
20 10 22 29 L
20 11 12 21 U
20 12 14 4 D
20 13 4 9 D
20 14 0 0 D
20 15 17 31 L
20 16 27 4 D
20 17 0 35 L
20 18 25 22 U
20 19 28 13 R
20 20 12 13 R
20 21 25 14 R
20 22 4 3 D
20 23 21 15 R
20 24 5 17 R
20 25 5 17 R
20 26 9 37 L
20 27 5 32 L
20 29 21 8 D
20 30 0 19 U
20 31 5 31 L
20 32 11 20 U
20 33 13 23 U
20 34 21 34 L
20 35 16 21 U
20 36 27 36 L
20 37 15 37 L
21 0 0 30 L
21 1 16 29 L
21 2 1 2 D
21 4 1 4 D
21 5 1 5 D
21 6 22 6 D
21 7 7 7 D
21 8 19 8 D
21 10 19 3 D
21 11 5 24 U
21 12 2 12 R
21 13 14 9 D
21 14 19 14 R
21 15 10 32 L
21 16 8 26 U
21 17 8 27 U
21 18 0 32 L
21 19 20 30 L
21 20 22 10 R
21 21 19 31 L
21 22 5 22 U
21 23 19 7 D
21 24 6 33 L
21 25 20 29 L
21 26 12 10 R
21 27 3 14 R
21 29 4 6 D
21 30 4 10 R
21 31 23 28 U
21 32 18 21 U
21 33 18 33 L
21 34 3 23 U
21 35 3 35 L
21 36 11 24 U
21 37 13 1 D
22 0 27 11 R
22 1 11 11 R
22 2 17 24 U
22 5 7 36 L
22 6 13 22 U
22 7 6 16 R
22 10 25 1 D
22 11 29 34 L
22 12 2 5 D
22 13 0 3 D
22 14 0 33 L
22 15 18 7 D
22 16 25 37 L
22 17 0 24 U
22 18 5 18 R
22 21 28 17 R
22 22 6 22 U
22 23 16 18 R
22 24 16 13 R
22 25 9 25 U
22 26 8 26 U
22 27 5 27 U
22 29 6 19 U
22 30 11 1 D
22 31 2 31 L
22 32 12 20 U
22 33 19 2 D
22 34 25 26 U
22 35 2 26 U
22 36 26 0 D
23 0 10 33 L
23 1 12 30 L
23 2 16 2 D
23 5 8 13 R
23 6 14 14 R
23 7 1 7 D
23 9 17 9 D
23 11 4 11 R
23 12 12 31 L
23 13 27 5 D
23 14 13 1 D
23 15 2 15 R
23 16 16 16 R
23 17 16 17 R
23 18 3 23 U
23 19 6 6 D
23 21 1 21 U
23 22 14 37 L
23 23 7 23 U
23 24 17 29 L
23 25 2 25 U
23 26 22 26 U
23 27 7 8 D
23 30 18 30 L
23 31 5 3 D
23 32 5 32 L
23 33 25 24 U
23 34 15 4 D
23 35 1 26 U
23 36 5 36 L
24 0 19 36 L
24 1 28 35 L
24 2 0 31 L
24 4 18 29 L
24 5 19 5 D
24 6 0 21 U
24 7 4 7 D
24 8 16 14 R
24 11 22 2 D
24 12 10 0 D
24 13 10 13 R
24 14 17 7 D
24 15 20 8 D
24 17 15 3 D
24 18 9 1 D
24 19 22 30 L
24 20 5 31 L
24 22 2 22 U
24 23 6 23 U
24 24 3 29 L
24 25 11 25 U
24 26 0 17 R
24 27 1 27 U
24 30 6 20 U
24 32 5 23 U
24 33 20 1 D
24 34 11 0 D
24 35 28 9 D
24 36 3 36 L
25 0 8 35 L
25 1 0 10 R
25 2 26 32 L
25 3 7 3 D
25 4 14 33 L
25 5 5 17 R
25 6 1 6 D
25 7 2 16 R
25 9 1 9 D
25 10 1 25 U
25 11 6 34 L
25 12 6 12 R
25 13 17 22 U
25 14 21 6 D
25 15 9 15 R
25 17 20 36 L
25 18 26 18 R
25 20 11 34 L
25 22 1 22 U
25 23 1 23 U
25 24 6 24 U
25 25 6 25 U
25 27 0 3 D
25 29 3 2 D
25 31 13 31 L
25 32 7 11 R
25 33 22 2 D
25 35 20 0 D
25 36 21 36 L
25 37 17 28 U
26 0 16 31 L
26 1 2 36 L
26 2 25 29 L
26 3 5 12 R
26 5 22 19 U
26 6 13 11 R
26 7 1 7 D
26 12 10 31 L
26 13 24 13 R
26 14 7 23 U
26 15 4 21 U
26 17 0 25 U
26 18 2 18 R
26 22 8 14 R
26 23 5 23 U
26 24 24 31 L
26 25 4 25 U
26 30 0 2 D
26 31 17 27 U
26 32 23 32 L
26 33 15 3 D
26 36 4 36 L
27 0 22 21 U
27 1 23 15 R
27 2 20 32 L
27 7 4 7 D
27 11 5 1 D
27 12 18 1 D
27 13 0 19 U
27 14 5 14 R
27 17 4 17 R
27 21 22 34 L
27 24 25 24 U
27 25 1 29 L
27 33 2 33 L
27 36 15 36 L
28 0 4 0 D
28 1 7 1 D
28 12 20 12 R
28 13 25 21 U
28 14 2 14 R
28 17 4 17 R
28 24 24 24 U
28 25 29 11 R
28 29 12 24 U
28 33 19 3 D
28 36 6 4 D
29 12 4 12 R
29 14 21 34 L
29 17 19 35 L
29 36 30 36 L
30 14 2 8 D
31 14 15 32 L

