13 9 98
5 0 0 6 3 0 0 5 10 0 0 7
0 1 4 0 0 7 0 6 0 0 0 0
1 0 2 0 11 3 11 2 0 7 0 3
0 0 1 1 0 0 7 0 0 0 2 0
0 0 9 0 0 2 0 0 6 2 11 9
0 0 0 0 0 0 0 0 0 0 0 0
8 0 0 6 0 2 10 0 0 0 12 0
8 0 0 0 0 0 0 0 12 0 9 0
9 7 0 0 0 1 0 0 0 3 0 0
10 2 8 0 0 0 7 10 5 0 0 7
1 0 0 0 7 0 0 0 2 0 0 3
0 0 1 0 11 12 10 0 7 6 0 9
0 0 0 0 U
0 1 0 1 U
0 2 0 2 U
0 3 0 3 R
0 4 0 4 R
0 5 0 5 D
0 6 0 6 D
0 7 0 7 L
0 8 0 8 L
1 0 0 8 L
1 1 7 8 L
1 2 9 2 U
1 3 0 6 D
1 4 2 4 R
1 5 0 4 R
1 6 4 6 D
1 7 0 1 U
1 8 0 5 D
2 0 0 3 R
2 1 0 5 D
2 2 4 2 U
2 3 0 7 L
2 4 0 8 L
2 5 4 1 U
2 6 4 4 R
2 7 0 0 U
2 8 3 8 L
3 0 0 5 D
3 1 2 7 L
3 2 0 7 L
3 3 4 3 R
3 4 1 5 D
3 5 6 0 U
3 6 9 7 L
3 7 0 4 R
3 8 4 6 D
4 0 1 0 U
4 1 0 4 R
4 3 1 3 R
4 4 1 4 R
4 5 0 3 R
4 6 0 1 U
4 7 3 7 L
4 8 1 8 L
5 0 2 3 R
5 1 9 8 L
5 3 4 3 R
5 4 4 7 L
5 5 2 5 D
5 6 2 3 R
5 7 3 0 U
5 8 1 1 U
6 0 2 6 D
6 1 5 1 U
6 3 7 3 R
6 4 8 0 U
6 5 4 3 R
6 6 0 8 L
6 7 8 7 L
6 8 10 8 L
7 0 10 0 U
7 1 3 4 R
7 3 1 6 D
7 4 0 7 L
7 5 5 5 D
7 6 6 7 L
7 7 0 6 D
7 8 2 5 D
8 0 6 6 D
8 1 3 3 R
8 3 2 7 L
8 4 9 1 U
8 5 6 5 D
8 6 6 6 D
8 7 3 4 R
8 8 5 5 D
9 0 2 7 L
9 1 8 1 U
9 3 2 1 U
9 4 0 0 U
9 5 0 0 U
9 6 2 1 U
9 7 2 7 L
9 8 8 3 R
10 0 0 6 D
10 1 9 1 U
10 3 11 0 U
10 4 5 4 R
10 6 0 7 L
10 7 7 7 L
11 0 6 8 L
11 3 0 5 D
11 4 1 4 R
11 6 8 8 L
11 7 6 6 D
12 0 7 0 U
12 3 6 0 U
12 4 2 2 U

