14 10 123
0 0 5 0 0 0 0 0 0 0 6 10 0 0 3 0
0 0 12 0 0 0 0 0 0 0 6 0 0 7 4 2
10 1 12 11 0 0 0 0 0 0 10 4 3 7 0 0
1 0 0 0 0 0 0 2 0 1 0 0 0 13 0 0
10 0 0 12 0 0 11 0 0 0 0 0 0 0 1 0
0 2 0 0 11 0 4 3 0 0 11 2 0 9 1 7
9 0 0 0 4 4 0 0 0 0 0 0 0 6 0 0
9 0 0 1 0 0 0 0 3 0 3 0 0 4 0 0
0 0 0 0 10 0 0 0 6 0 0 0 2 0 0 0
7 0 0 0 0 0 0 12 0 0 0 0 0 0 1 11
7 1 0 0 10 0 0 0 0 0 0 0 0 0 8 2
0 0 0 6 0 0 0 3 0 0 0 0 0 9 0 3
8 12 1 0 0 0 0 0 0 4 0 0 0 7 2 0
2 0 11 1 0 0 0 0 0 9 5 0 0 5 3 0
0 0 0 6 0 2 0 0 0 0 0 0 0 0 0 0
0 11 0 0 12 0 13 6 0 8 0 0 0 0 12 10
0 0 0 0 D
0 1 0 1 D
0 2 0 2 R
0 3 0 3 R
0 4 0 4 R
0 5 0 5 U
0 6 0 6 U
0 7 0 7 U
0 8 0 8 L
0 9 0 9 L
1 0 0 2 R
1 1 0 3 R
1 2 0 5 U
1 3 8 1 D
1 4 7 4 R
1 5 3 5 U
1 6 5 6 U
1 7 8 7 U
1 8 0 5 U
1 9 0 0 D
2 0 4 0 D
2 1 0 8 L
2 2 8 2 R
2 3 0 0 D
2 4 0 8 L
2 5 5 8 L
2 6 0 8 L
2 7 7 3 R
2 8 0 1 D
2 9 0 2 R
3 0 0 9 L
3 1 1 1 D
3 2 0 0 D
3 3 5 5 U
3 4 0 6 U
3 5 10 9 L
3 6 1 6 U
3 7 9 7 U
3 8 1 2 R
3 9 2 9 L
4 0 7 8 L
4 1 1 1 D
4 2 0 1 D
4 3 3 3 R
4 4 0 1 D
4 5 0 9 L
4 6 0 2 R
4 8 7 1 D
4 9 1 9 L
5 0 1 0 D
5 1 2 9 L
5 2 4 1 D
5 3 8 3 R
5 4 1 4 R
5 5 0 0 D
5 6 8 8 L
5 8 3 2 R
5 9 6 0 D
6 0 8 4 R
6 1 1 9 L
6 2 0 6 U
6 3 11 1 D
6 4 8 4 R
6 5 2 3 R
6 6 2 6 U
6 7 9 2 R
6 8 0 6 U
6 9 4 9 L
7 0 6 8 L
7 1 6 1 D
7 2 6 5 U
7 3 1 3 R
7 4 4 4 R
7 5 3 2 R
7 6 4 6 U
7 8 1 8 L
7 9 6 9 L
8 0 0 4 R
8 1 0 5 U
8 2 2 0 D
8 3 7 6 U
8 4 6 4 R
8 5 9 2 R
8 6 5 8 L
8 7 0 1 D
8 8 1 5 U
8 9 1 7 U
9 0 2 0 D
9 1 1 1 D
9 2 5 2 R
9 3 0 5 U
9 4 1 4 R
9 5 3 5 U
9 6 3 6 U
9 8 0 4 R
9 9 0 1 D
10 0 6 9 L
10 1 2 7 U
10 2 7 0 D
10 3 1 1 D
10 4 6 4 R
10 5 5 3 R
10 6 5 6 U
10 8 5 1 D
10 9 0 3 R
11 0 12 9 L
11 1 10 4 R
11 2 1 6 U
11 3 1 3 R
11 4 6 4 R
11 5 9 4 R
11 6 10 9 L
11 8 3 8 L
11 9 3 2 R
12 0 1 2 R
12 1 3 1 D
12 2 1 5 U
12 4 0 9 L
12 5 11 0 D
12 6 0 3 R
12 9 11 3 R
13 1 8 9 L
13 2 9 6 U

