25 24 512
16 0 0 0 0 0 0 0 0 0 0 0 0 0 0 0 0 21 2
20 0 0 0 0 0 0 0 0 0 0 0 17 0 0 0 0 5 0
0 13 23 0 0 0 0 0 0 0 0 0 24 0 0 0 0 21 9
14 12 8 0 0 0 0 0 0 0 9 11 16 4 2 15 19 0 19
7 0 20 18 0 19 0 11 0 10 0 0 14 0 0 4 0 11 20
1 8 0 22 0 0 0 0 0 0 0 6 0 7 0 16 0 0 0
0 0 0 0 0 0 0 1 0 6 3 0 0 0 0 20 0 2 0
0 11 23 22 0 0 0 0 0 1 3 18 0 19 0 0 20 20 8
0 0 0 0 14 0 0 0 0 0 16 3 0 0 6 0 0 17 7
0 0 0 21 14 19 0 0 5 3 14 23 0 0 0 8 4 0 10
0 10 0 0 0 0 0 14 16 0 0 6 0 1 10 7 5 0 13
0 0 0 0 0 0 2 0 0 0 12 20 0 19 0 0 21 21 0
0 0 14 0 2 0 0 0 0 0 0 0 0 0 0 0 0 0 0
0 10 13 0 0 0 11 0 11 0 0 20 0 0 0 0 0 0 0
0 0 0 20 0 20 0 10 3 0 23 0 0 0 0 0 4 0 12
0 0 0 2 16 4 17 0 17 0 20 15 19 7 0 0 0 0 9
0 0 0 0 0 10 0 10 0 0 3 7 0 0 14 0 0 14 10
0 0 0 23 0 0 0 0 0 0 0 0 0 0 0 0 19 24 13
0 0 0 2 0 0 0 19 0 0 0 0 0 0 0 0 9 13 0
0 0 0 0 L
0 1 0 1 L
0 2 0 2 L
0 3 0 3 L
0 4 0 4 L
0 5 0 5 L
0 6 0 6 R
0 7 0 7 R
0 8 0 8 R
0 9 0 9 R
0 10 0 10 R
0 11 0 11 R
0 12 0 12 D
0 13 0 13 D
0 14 0 14 D
0 15 0 15 D
0 16 0 16 D
0 17 0 17 D
0 18 0 18 U
0 19 0 19 U
0 20 0 20 U
0 21 0 21 U
0 22 0 22 U
0 23 0 23 U
1 0 7 22 U
1 1 0 20 U
1 2 2 19 U
1 3 2 3 L
1 4 4 21 U
1 5 3 5 L
1 6 16 14 D
1 7 6 18 U
1 8 2 8 R
1 9 7 9 R
1 10 7 10 R
1 11 0 3 L
1 12 10 12 D
1 13 0 20 U
1 14 18 14 D
1 15 7 0 L
1 16 8 0 L
1 17 10 11 R
1 18 10 9 R
1 19 11 19 U
1 20 3 2 L
1 21 2 21 U
1 22 6 22 U
1 23 8 2 L
2 0 0 18 U
2 1 8 19 U
2 2 16 18 U
2 3 0 10 R
2 4 0 23 U
2 5 11 18 U
2 6 1 6 R
2 7 11 7 R
2 8 16 8 R
2 9 1 14 D
2 10 4 10 R
2 11 12 12 D
2 12 0 8 R
2 13 13 7 R
2 14 3 14 D
2 15 8 15 D
2 16 3 10 R
2 17 3 17 D
2 18 7 9 R
2 19 0 12 D
2 20 0 1 L
2 21 3 2 L
2 22 15 22 U
2 23 12 23 U
3 0 11 12 D
3 1 16 16 D
3 2 0 20 U
3 3 15 3 L
3 4 5 22 U
3 5 16 23 U
3 6 5 13 D
3 7 7 17 D
3 8 0 19 U
3 9 5 9 R
3 10 17 20 U
3 11 2 11 R
3 12 1 12 D
3 13 12 13 D
3 14 6 14 D
3 15 5 2 L
3 16 12 16 D
3 17 12 8 R
3 18 11 18 U
3 19 17 19 U
3 20 8 20 U
3 21 9 4 L
3 22 15 22 U
3 23 2 23 U
4 0 1 0 L
4 1 2 13 D
4 2 2 21 U
4 3 7 3 L
4 4 5 4 L
4 5 7 5 L
4 6 0 12 D
4 7 0 1 L
4 8 23 20 U
4 9 13 12 D
4 10 9 17 D
4 11 6 11 R
4 12 6 3 L
4 13 22 6 R
4 14 3 14 D
4 15 7 4 L
4 16 0 3 L
4 17 3 17 D
4 18 9 1 L
4 19 2 19 U
4 20 0 0 L
4 21 8 21 U
4 22 17 6 R
4 23 1 23 U
5 0 0 6 R
5 1 15 1 L
5 2 9 22 U
5 3 0 9 R
5 4 17 4 L
5 5 1 5 L
5 6 12 12 D
5 7 12 20 U
5 8 7 20 U
5 9 18 9 R
5 10 13 10 R
5 11 4 11 R
5 12 16 9 R
5 13 1 8 R
5 14 0 8 R
5 15 0 1 L
5 16 14 16 D
5 17 7 1 L
5 18 6 7 R
5 19 19 19 U
5 20 16 20 U
5 21 14 5 L
5 22 2 22 U
5 23 8 23 U
6 0 9 19 U
6 1 0 13 D
6 2 13 19 U
6 3 15 12 D
6 4 3 14 D
6 5 15 21 U
6 6 21 16 D
6 7 0 0 L
6 8 11 12 D
6 9 0 16 D
6 10 10 21 U
6 11 9 15 D
6 12 0 0 L
6 13 18 0 L
6 14 14 8 R
6 15 0 21 U
6 16 8 16 D
6 17 9 17 D
6 18 0 5 L
6 19 5 13 D
6 20 12 1 L
6 21 1 21 U
6 22 8 22 U
6 23 8 11 R
7 0 8 0 L
7 1 1 1 L
7 2 2 2 L
7 3 6 3 L
7 4 16 4 L
7 5 10 5 L
7 6 12 14 D
7 7 8 23 U
7 8 0 18 U
7 9 18 22 U
7 10 4 20 U
7 11 11 23 U
7 12 0 1 L
7 13 12 1 L
7 14 0 10 R
7 15 8 15 D
7 16 6 21 U
7 17 5 6 R
7 18 4 0 L
7 19 5 0 L
7 20 0 9 R
7 21 6 13 D
7 22 2 22 U
7 23 3 23 U
8 0 17 15 D
8 1 1 22 U
8 2 1 2 L
8 3 14 18 U
8 4 15 16 D
8 5 1 20 U
8 6 11 17 D
8 7 14 14 D
8 8 6 19 U
8 9 4 9 R
8 10 3 14 D
8 11 0 18 U
8 12 19 8 R
8 13 5 13 D
8 14 5 14 D
8 15 2 15 D
8 16 4 16 D
8 17 5 17 D
8 18 4 1 L
8 19 7 3 L
8 20 2 20 U
8 21 1 21 U
8 22 2 22 U
8 23 6 23 U
9 0 0 19 U
9 1 1 18 U
9 2 11 15 D
9 3 21 9 R
9 4 6 17 D
9 5 18 18 U
9 6 0 14 D
9 7 4 13 D
9 8 21 19 U
9 9 7 16 D
9 10 12 19 U
9 12 18 0 L
9 13 1 7 R
9 14 7 0 L
9 15 6 9 R
9 16 7 16 D
9 17 3 17 D
9 18 0 3 L
9 19 11 19 U
9 20 0 12 D
9 21 1 4 L
9 22 16 3 L
9 23 10 4 L
10 0 12 6 R
10 1 13 15 D
10 2 15 13 D
10 3 2 6 R
10 4 9 21 U
10 5 2 22 U
10 6 7 18 U
10 7 0 13 D
10 8 9 15 D
10 9 0 4 L
10 10 4 10 R
10 11 17 16 D
10 12 6 18 U
10 13 0 7 R
10 14 8 10 R
10 15 0 18 U
10 16 2 5 L
10 17 8 17 D
10 18 4 3 L
10 19 6 6 R
10 20 6 7 R
10 21 8 21 U
10 22 3 22 U
10 23 15 7 R
11 0 13 23 U
11 1 2 20 U
11 2 0 8 R
11 3 10 13 D
11 4 0 15 D
11 5 15 16 D
11 6 1 17 D
11 7 7 12 D
11 8 13 14 D
11 9 4 17 D
11 10 0 15 D
11 11 9 11 R
11 12 10 6 R
11 13 0 6 R
11 14 5 14 D
11 15 3 15 D
11 16 9 4 L
11 17 10 7 R
11 18 0 4 L
11 19 20 7 R
11 20 8 7 R
11 21 6 8 R
11 22 9 2 L
11 23 12 23 U
12 0 2 18 U
12 1 15 7 R
12 2 5 23 U
12 3 19 15 D
12 4 16 11 R
12 5 7 5 L
12 6 4 23 U
12 7 11 13 D
12 8 6 2 L
12 9 4 5 L
12 10 7 15 D
12 12 9 2 L
12 13 20 5 L
12 14 7 2 L
12 15 14 15 D
12 16 3 16 D
12 17 2 17 D
12 18 8 0 L
12 19 1 0 L
12 20 13 3 L
12 21 4 21 U
12 22 11 0 L
12 23 2 23 U
13 0 14 18 U
13 1 3 18 U
13 2 1 2 L
13 3 0 21 U
13 4 4 20 U
13 5 20 15 D
13 6 2 1 L
13 7 0 20 U
13 8 11 14 D
13 9 6 1 L
13 10 0 3 L
13 12 16 7 R
13 13 7 7 R
13 15 9 7 R
13 16 8 16 D
13 18 11 10 R
13 19 9 1 L
13 20 16 10 R
13 21 6 9 R
13 22 0 13 D
13 23 16 0 L
14 0 10 6 R
14 1 0 7 R
14 2 11 20 U
14 3 4 3 L
14 4 15 22 U
14 5 0 10 R
14 6 8 6 R
14 7 7 18 U
14 8 13 8 R
14 9 7 9 R
14 10 13 10 R
14 12 8 3 L
14 13 13 6 R
14 14 0 2 L
14 15 0 20 U
14 16 16 11 R
14 18 4 7 R
14 19 16 4 L
14 20 6 20 U
14 21 17 21 U
14 22 8 22 U
14 23 15 23 U
15 0 2 23 U
15 1 14 10 R
15 2 17 20 U
15 3 5 23 U
15 4 5 9 R
15 5 13 13 D
15 6 2 22 U
15 7 2 21 U
15 8 13 8 R
15 9 7 9 R
15 10 2 22 U
15 12 8 22 U
15 13 3 9 R
15 14 5 8 R
15 15 10 15 D
15 16 1 16 D
15 17 3 17 D
15 18 10 10 R
15 19 12 5 L
15 20 3 8 R
15 21 9 10 R
15 22 11 10 R
15 23 6 23 U
16 0 20 16 D
16 1 22 1 L
16 2 15 10 R
16 3 9 20 U
16 4 20 19 U
16 5 19 5 L
16 6 7 15 D
16 7 1 7 R
16 8 1 8 R
16 9 0 17 D
16 10 10 13 D
16 11 17 11 R
16 12 4 12 D
16 13 3 13 D
16 14 3 14 D
16 15 5 15 D
16 16 17 11 R
16 17 2 9 R
16 18 21 8 R
16 19 10 10 R
16 20 9 15 D
16 21 10 1 L
16 22 22 1 L
16 23 4 5 L
17 0 13 9 R
17 1 9 1 L
17 2 18 13 D
17 3 18 21 U
17 4 9 10 R
17 5 4 5 L
17 6 8 18 U
17 7 18 13 D
17 8 2 13 D
17 9 7 20 U
17 10 6 19 U
17 11 16 14 D
17 12 5 12 D
17 13 20 13 D
17 14 10 7 R
17 15 9 1 L
17 16 22 23 U
17 17 3 6 R
17 18 3 6 R
17 19 8 2 L
17 20 19 20 U
17 21 1 11 R
17 22 12 22 U
17 23 5 3 L
18 0 6 13 D
18 1 19 17 D
18 2 13 16 D
18 3 0 18 U
18 5 22 5 L
18 6 1 12 D
18 7 19 22 U
18 8 14 3 L
18 9 3 18 U
18 12 6 6 R
18 13 19 2 L
18 14 5 2 L
18 15 1 9 R
18 16 2 16 D
18 18 2 2 L
18 19 0 2 L
18 20 2 20 U
18 21 2 17 D
18 22 6 22 U
18 23 23 3 L
19 0 14 0 L
19 1 1 1 L
19 2 2 2 L
19 5 5 5 L
19 6 3 6 R
19 7 3 19 U
19 8 0 2 L
19 9 4 13 D
19 10 17 10 R
19 12 3 12 D
19 13 2 13 D
19 14 17 14 D
19 15 20 15 D
19 16 6 7 R
19 18 6 9 R
19 19 17 8 R
19 20 11 5 L
19 21 14 6 R
19 22 8 22 U
19 23 2 23 U
20 0 14 13 D
20 1 1 20 U
20 2 17 7 R
20 5 0 12 D
20 6 16 6 R
20 7 0 5 L
20 8 7 14 D
20 9 14 18 U
20 10 6 14 D
20 12 0 4 L
20 13 0 19 U
20 14 16 1 L
20 16 21 6 R
20 18 21 5 L
20 19 3 19 U
20 21 17 2 L
20 22 5 22 U
20 23 8 23 U
21 0 15 22 U
21 1 12 7 R
21 5 16 12 D
21 6 10 12 D
21 7 0 12 D
21 9 20 19 U
21 12 0 5 L
21 13 14 18 U
21 14 2 1 L
21 18 11 6 R
21 19 20 2 L
21 22 7 1 L
21 23 2 2 L
22 0 1 21 U
22 1 15 16 D
22 5 6 5 L
22 7 2 17 D
22 9 4 9 R
22 12 18 7 R
22 13 1 13 D
22 22 16 22 U
23 0 17 7 R
23 1 21 21 U
23 7 12 18 U
23 9 4 15 D
23 12 0 23 U
23 18 22 9 R
23 22 16 22 U
24 0 2 0 L
24 9 17 9 R

