10 5 39
0 0 1 0 0 0 0 4 0 0 0 2 0 0 0
0 0 0 0 9 0 1 0 0 0 0 2 0 0 0
0 0 0 1 0 2 0 0 0 0 2 0 0 0 4
0 0 0 0 0 6 3 0 0 0 0 2 0 0 2
1 0 0 0 0 0 0 0 0 2 0 0 0 0 0
8 0 2 0 0 0 8 0 6 0 2 0 0 0 5
0 0 0 4 0 5 0 0 0 0 0 0 0 0 5
0 0 0 0 0 0 0 0 0 0 0 0 0 0 0
0 0 9 0 0 0 0 0 0 0 9 0 0 0 0
0 0 0 3 0 0 0 0 0 0 0 0 0 0 0
0 0 0 0 0 0 0 3 0 0 0 0 0 0 0
0 0 3 1 0 0 8 0 0 7 0 0 0 0 0
0 0 0 0 0 0 0 0 0 0 0 0 0 0 0
6 0 0 0 4 7 5 0 1 0 0 0 0 0 1
2 0 6 3 0 0 0 0 0 0 7 5 0 0 5
0 0 0 0 D
0 1 0 1 D
0 2 0 2 R
0 3 0 3 U
0 4 0 4 L
1 0 2 2 R
1 2 0 3 U
1 3 0 2 R
1 4 0 0 D
2 0 0 2 R
2 2 0 4 L
2 3 0 4 L
2 4 1 4 L
3 0 0 3 U
3 2 2 2 R
3 3 5 2 R
3 4 0 3 U
4 0 3 0 D
4 1 0 4 L
4 2 2 0 D
4 3 0 1 D
4 4 2 0 D
5 0 1 4 L
5 2 3 3 U
5 3 4 3 U
5 4 0 2 R
6 0 7 0 D
6 2 1 2 R
6 3 1 2 R
6 4 2 4 L
7 0 6 4 L
7 2 2 3 U
7 4 2 2 R
8 0 1 0 D
8 2 1 2 R
8 4 1 4 L
9 0 1 2 R
9 2 1 0 D
9 4 0 1 D

