20 19 317
2 0 0 13 18 5 6 17 0 0 12
7 2 17 0 0 7 8 0 7 9 0
11 4 0 0 0 9 0 1 11 0 1
11 14 14 7 0 0 17 12 19 4 8
0 0 0 16 17 10 0 4 14 0 15
0 0 0 0 0 11 15 14 0 0 10
0 0 0 10 0 0 0 0 6 0 15
0 0 0 9 0 0 17 0 0 16 0
17 2 19 0 0 0 16 0 0 16 13
15 0 18 1 0 0 0 18 18 9 16
12 0 16 10 10 17 18 7 15 3 9
0 0 0 0 L
0 1 0 1 L
0 2 0 2 L
0 3 0 3 L
0 4 0 4 R
0 5 0 5 R
0 6 0 6 R
0 7 0 7 R
0 8 0 8 D
0 9 0 9 D
0 10 0 10 D
0 11 0 11 D
0 12 0 12 D
0 13 0 13 U
0 14 0 14 U
0 15 0 15 U
0 16 0 16 U
0 17 0 17 U
0 18 0 18 U
1 0 3 15 U
1 1 16 14 U
1 2 13 6 R
1 3 15 3 L
1 4 0 13 U
1 5 0 8 D
1 6 0 3 L
1 7 8 18 U
1 8 4 6 R
1 9 6 9 D
1 10 3 6 R
1 11 3 16 U
1 12 7 4 R
1 13 7 0 L
1 14 4 14 U
1 15 7 15 U
1 16 0 6 R
1 17 4 17 U
1 18 2 3 L
2 0 13 9 D
2 1 7 17 U
2 2 8 10 D
2 3 15 16 U
2 4 10 17 U
2 5 14 8 D
2 6 0 10 D
2 7 9 11 D
2 8 14 4 R
2 9 5 14 U
2 10 3 16 U
2 11 10 3 L
2 12 1 12 D
2 13 1 13 U
2 14 0 9 D
2 15 1 0 L
2 16 8 7 R
2 17 1 17 U
2 18 13 7 R
3 0 14 10 D
3 1 5 13 U
3 2 5 9 D
3 3 17 18 U
3 4 7 4 R
3 5 1 16 U
3 6 4 0 L
3 7 2 14 U
3 8 0 0 L
3 9 8 6 R
3 10 7 5 R
3 11 11 1 L
3 12 1 1 L
3 13 5 0 L
3 14 14 14 U
3 15 4 15 U
3 16 8 16 U
3 17 4 17 U
3 18 4 18 U
4 0 3 0 L
4 1 8 10 D
4 2 2 13 U
4 3 5 14 U
4 4 5 14 U
4 5 0 0 L
4 6 13 8 D
4 7 0 16 U
4 8 0 4 R
4 9 3 6 R
4 10 3 10 D
4 11 10 6 R
4 12 2 12 D
4 13 0 8 D
4 14 7 7 R
4 15 14 0 L
4 16 7 16 U
4 17 6 1 L
4 18 10 18 U
5 0 0 13 U
5 1 15 1 L
5 2 12 2 L
5 3 1 13 U
5 4 4 9 D
5 5 0 15 U
5 6 1 18 U
5 7 3 7 R
5 8 12 6 R
5 9 9 5 R
5 10 2 10 D
5 11 7 7 R
5 12 12 3 L
5 13 0 4 R
5 14 0 1 L
5 15 6 6 R
5 16 10 0 L
5 17 0 12 D
5 18 7 2 L
6 0 12 9 D
6 1 5 11 D
6 2 9 2 L
6 3 0 17 U
6 4 7 12 D
6 5 5 5 R
6 6 0 9 D
6 7 4 7 R
6 8 0 2 L
6 9 11 2 L
6 10 11 17 U
6 11 7 11 D
6 12 5 0 L
6 13 9 4 R
6 14 13 6 R
6 15 3 15 U
6 16 12 4 R
6 17 4 17 U
6 18 2 18 U
7 0 9 14 U
7 1 0 15 U
7 2 0 16 U
7 3 1 15 U
7 4 2 11 D
7 5 5 2 L
7 6 8 16 U
7 7 17 9 D
7 8 5 0 L
7 9 12 9 D
7 10 9 10 D
7 11 14 0 L
7 12 1 4 R
7 13 10 5 R
7 14 14 1 L
7 15 2 1 L
7 16 6 16 U
7 17 2 17 U
7 18 5 18 U
8 0 0 8 D
8 1 0 6 R
8 2 14 2 L
8 3 6 3 L
8 4 11 10 D
8 5 1 15 U
8 6 7 10 D
8 7 11 8 D
8 8 4 4 R
8 9 1 9 D
8 10 5 0 L
8 11 1 11 D
8 12 14 12 D
8 13 15 8 D
8 14 1 14 U
8 15 10 4 R
8 16 11 16 U
8 17 0 4 R
8 18 0 3 L
9 0 1 17 U
9 1 2 8 D
9 2 1 14 U
9 3 2 11 D
9 4 12 13 U
9 5 11 14 U
9 6 4 10 D
9 7 0 2 L
9 8 13 7 R
9 9 0 5 R
9 10 0 1 L
9 11 8 11 D
9 12 12 4 R
9 13 0 2 L
9 14 12 0 L
9 15 4 15 U
9 16 14 16 U
9 17 8 17 U
9 18 16 3 L
10 0 0 12 D
10 1 4 8 D
10 2 6 12 D
10 3 11 3 L
10 4 5 8 D
10 5 6 5 R
10 6 7 9 D
10 7 7 15 U
10 8 11 0 L
10 9 2 6 R
10 10 8 10 D
10 11 17 4 R
10 12 6 1 L
10 13 6 7 R
10 14 4 14 U
10 15 7 15 U
10 16 14 16 U
10 17 14 17 U
10 18 9 18 U
11 0 0 5 R
11 1 0 4 R
11 3 7 8 D
11 4 0 14 U
11 5 7 12 D
11 6 8 6 R
11 7 2 16 U
11 8 4 1 L
11 9 1 4 R
11 10 14 7 R
11 11 13 5 R
11 12 0 13 U
11 13 8 1 L
11 14 15 9 D
11 15 10 3 L
11 16 13 2 L
11 17 12 17 U
11 18 3 18 U
12 0 13 14 U
12 1 14 13 U
12 2 11 7 R
12 3 1 18 U
12 4 3 0 L
12 5 11 9 D
12 6 6 6 R
12 7 10 13 U
12 8 9 5 R
12 9 16 3 L
12 10 2 3 L
12 12 1 7 R
12 13 2 6 R
12 14 15 5 R
12 15 2 4 R
12 16 7 16 U
12 17 10 5 R
12 18 5 18 U
13 0 8 6 R
13 1 6 9 D
13 2 7 16 U
13 3 2 12 D
13 4 3 8 D
13 5 10 18 U
13 6 4 8 D
13 7 16 11 D
13 8 8 7 R
13 9 12 9 D
13 10 0 13 U
13 13 5 7 R
13 14 14 14 U
13 15 6 9 D
13 16 6 6 R
13 18 4 18 U
14 0 6 0 L
14 1 1 7 R
14 3 10 3 L
14 4 4 13 U
14 5 1 8 D
14 6 10 14 U
14 7 7 10 D
14 8 13 6 R
14 9 4 1 L
14 10 5 5 R
14 11 3 11 D
14 12 1 12 D
14 13 8 2 L
14 14 13 4 R
14 15 8 1 L
14 16 13 5 R
15 0 11 4 R
15 1 12 1 L
15 4 0 1 L
15 5 2 5 R
15 6 6 6 R
15 7 7 7 R
15 8 3 18 U
15 9 4 5 R
15 10 6 1 L
15 13 4 8 D
15 14 4 11 D
15 15 3 15 U
15 16 7 16 U
16 0 4 13 U
16 4 0 11 D
16 5 5 10 D
16 6 6 14 U
16 8 14 0 L
16 9 7 7 R
16 10 11 2 L
16 13 12 4 R
16 14 6 3 L
16 15 11 15 U
16 16 5 12 D
17 0 9 13 U
17 4 11 17 U
17 5 14 11 D
17 6 14 6 R
17 8 15 13 U
17 9 6 6 R
17 10 12 4 R
17 13 0 0 L
17 14 11 0 L
17 16 0 10 D
18 0 12 0 L
18 6 10 13 U
18 10 4 10 D
18 14 11 10 D
19 6 7 6 R
19 10 3 10 D

