16 12 158
0 0 0 6 15 0 8 2 0 6
0 4 15 8 0 1 14 6 5 0
10 11 0 14 0 0 12 0 14 4
10 0 13 8 14 0 13 0 0 7
0 0 0 0 0 0 0 11 0 5
11 8 2 0 13 12 0 0 0 0
13 7 0 7 0 10 14 0 7 5
14 5 11 0 0 0 0 3 0 9
9 0 12 12 1 1 15 2 5 0
9 10 0 8 3 1 4 0 0 4
0 0 0 0 D
0 1 0 1 D
0 2 0 2 D
0 3 0 3 R
0 4 0 4 R
0 5 0 5 R
0 6 0 6 U
0 7 0 7 U
0 8 0 8 U
0 9 0 9 L
0 10 0 10 L
0 11 0 11 L
1 0 0 9 L
1 1 4 10 L
1 2 11 2 D
1 3 9 2 D
1 4 7 0 D
1 5 3 5 R
1 6 0 3 R
1 7 0 0 D
1 8 10 9 L
1 9 6 7 U
1 10 4 8 U
1 11 8 1 D
2 0 4 9 L
2 1 0 6 U
2 2 3 4 R
2 3 5 3 R
2 5 9 5 R
2 6 9 5 R
2 7 4 5 R
2 8 11 10 L
2 9 1 2 D
2 10 4 0 D
2 11 7 11 L
3 0 7 0 D
3 1 11 7 U
3 2 2 9 L
3 3 12 0 D
3 4 2 4 R
3 5 6 0 D
3 6 6 4 R
3 7 0 3 R
3 8 10 8 U
3 9 8 0 D
3 10 5 2 D
4 0 8 0 D
4 1 2 1 D
4 2 6 3 R
4 3 0 6 U
4 4 6 7 U
4 5 11 5 R
4 6 6 10 L
4 7 8 10 L
4 8 0 4 R
4 9 0 6 U
4 10 0 8 U
5 0 9 6 U
5 1 0 10 L
5 2 11 2 D
5 3 4 8 U
5 4 0 1 D
5 5 6 10 L
5 6 9 6 U
5 7 1 3 R
5 8 8 4 R
5 9 11 2 D
5 10 0 0 D
5 11 0 1 D
6 0 0 3 R
6 1 7 4 R
6 2 0 7 U
6 3 7 7 U
6 4 10 6 U
6 5 11 5 R
6 6 0 10 L
6 7 10 7 U
6 8 3 8 U
6 9 3 0 D
6 10 0 3 R
7 0 1 0 D
7 1 1 10 L
7 2 9 6 U
7 3 3 6 U
7 4 2 4 R
7 5 11 1 D
7 6 6 11 L
7 7 11 7 U
7 8 0 9 L
7 9 10 6 U
7 10 3 7 U
8 0 5 0 D
8 1 3 3 R
8 2 1 2 D
8 3 2 1 D
8 4 5 1 D
8 5 1 5 R
8 6 6 6 U
8 7 6 0 D
8 8 2 11 L
8 9 1 9 L
8 10 2 10 L
8 11 5 1 D
9 0 3 0 D
9 1 8 4 R
9 2 2 2 D
9 3 0 11 L
9 4 0 7 U
9 6 5 6 U
9 7 4 7 U
9 8 6 8 U
9 9 4 8 U
9 10 8 10 L
10 0 0 8 U
10 1 1 1 D
10 3 0 9 L
10 6 0 2 D
10 7 0 11 L
10 8 5 5 R
10 9 4 9 L
10 10 12 1 D
11 0 4 10 L
11 1 1 4 R
11 2 6 2 D
11 3 0 0 D
11 4 8 8 U
11 6 3 10 L
11 7 1 7 U
11 8 9 8 U
11 9 6 3 R
11 10 4 10 L
12 0 1 0 D
12 1 3 9 L
12 3 13 3 R
12 4 8 4 R
12 6 11 9 L
12 7 9 7 U
12 8 5 8 U
12 9 11 7 U
12 10 13 10 L
12 11 1 2 D
13 0 8 3 R
13 3 1 3 R
13 6 3 6 U
13 7 12 9 L
13 8 3 8 U
13 9 12 8 U
13 10 5 0 D
14 0 1 7 U
14 3 6 3 R
14 6 3 6 U
14 7 1 11 L
14 8 6 8 U
14 9 13 2 D
14 10 3 10 L
15 8 5 4 R
15 9 14 6 U
15 10 3 0 D

