10 9 74
8 4 0 0 0 0 3 0 0 0 0 0 0 4 0 4 4
0 0 0 1 6 0 0 0 0 0 6 0 0 0 0 0 0
0 0 0 5 0 0 0 1 0 6 0 7 0 6 2 0 0
0 7 0 0 0 0 6 0 7 0 6 0 0 0 0 0 0
0 0 0 0 0 4 0 0 0 0 0 0 0 0 0 0 0
0 0 8 1 0 0 0 0 0 0 3 5 0 0 0 0 0
0 0 1 0 0 0 0 0 0 0 0 2 0 0 0 0 0
0 0 0 0 0 3 0 2 0 0 0 0 9 5 0 2 0
0 0 0 3 0 8 3 0 0 0 2 0 0 0 7 0 0
0 0 0 0 0 0 0 0 0 0 0 0 4 0 0 0 0
0 0 0 0 7 0 0 3 0 0 7 0 0 0 0 0 0
0 3 6 0 0 0 0 0 0 2 6 0 0 0 6 0 5
0 0 0 2 0 0 0 0 0 0 0 9 0 5 2 0 0
3 0 4 0 1 7 2 0 0 0 0 0 0 0 0 8 0
0 0 0 2 0 0 2 0 8 0 0 2 9 0 0 0 0
0 0 6 0 0 0 0 0 0 0 0 0 0 8 0 2 2
0 9 0 0 0 0 0 0 1 0 0 0 0 3 2 0 0
0 0 0 0 D
0 1 0 1 D
0 2 0 2 D
0 3 0 3 R
0 4 0 4 R
0 5 0 5 U
0 6 0 6 U
0 7 0 7 L
0 8 0 8 L
1 0 3 7 L
1 1 3 1 D
1 2 2 4 R
1 3 0 5 U
1 4 3 4 R
1 5 0 8 L
1 6 3 0 D
1 7 0 0 D
1 8 3 6 U
2 0 0 3 R
2 1 0 7 L
2 2 1 4 R
2 3 0 0 D
2 4 0 1 D
2 5 8 5 U
2 6 0 7 L
2 7 4 5 U
2 8 1 8 L
3 0 0 4 R
3 1 4 1 D
3 3 0 2 D
3 4 2 6 U
3 5 2 7 L
3 6 4 7 L
3 7 0 5 U
3 8 0 2 D
4 0 1 3 R
4 1 2 6 U
4 3 0 6 U
4 4 3 6 U
4 5 0 0 D
4 6 0 1 D
4 7 2 3 R
4 8 3 4 R
5 0 2 4 R
5 1 1 7 L
5 3 3 1 D
5 4 2 0 D
5 5 2 8 L
5 6 3 6 U
5 7 4 6 U
6 0 0 5 U
6 1 3 8 L
6 3 1 5 U
6 4 1 1 D
6 5 0 4 R
6 6 5 4 R
6 7 2 7 L
6 8 5 8 L
7 0 3 3 R
7 1 4 1 D
7 3 0 7 L
7 4 2 7 L
7 5 3 4 R
7 6 6 7 L
7 7 0 1 D
8 0 1 0 D
8 1 6 7 L
8 3 6 6 U
8 5 0 3 R
8 7 0 6 U
9 0 4 0 D
9 1 0 3 R
9 3 8 6 U
9 5 8 3 R

