6 7 36
0 0 0 0 0 0 3 5 0 1 0
0 0 0 0 0 0 0 0 0 0 0
0 0 0 0 0 0 0 0 0 2 2
0 0 0 0 0 0 0 0 0 0 0
5 0 0 0 0 0 0 0 0 0 0
0 0 0 0 0 0 0 0 0 0 0
0 0 0 0 0 0 0 0 0 0 0
0 0 0 0 0 0 0 2 0 4 0
0 0 0 0 1 0 4 0 0 0 0
5 0 2 0 0 0 2 0 0 0 0
0 0 0 0 0 0 0 0 0 0 0
0 0 0 0 D
0 1 0 1 D
0 2 0 2 R
0 3 0 3 R
0 4 0 4 U
0 5 0 5 U
0 6 0 6 L
1 0 1 6 L
1 1 1 4 U
1 2 0 4 U
1 3 1 0 D
1 4 0 6 L
1 5 0 0 D
1 6 0 2 R
2 0 0 6 L
2 1 5 2 R
2 2 0 6 L
2 3 0 5 U
2 4 2 2 R
2 5 5 5 U
2 6 0 0 D
3 0 3 2 R
3 1 0 3 R
3 2 2 4 U
3 4 2 3 R
3 5 4 2 R
3 6 0 4 U
4 0 3 6 L
4 2 4 5 U
4 4 1 6 L
4 5 1 5 U
4 6 3 1 D
5 0 2 0 D
5 2 4 1 D
5 4 0 1 D
5 6 3 4 U

