23 24 448
3 0 6 1 13 18 5 0 0 20 0 0 0 18 0 0 0 0
1 7 20 16 15 2 1 0 12 0 0 0 8 0 0 0 0 3
0 3 0 20 20 2 15 0 0 3 0 0 0 4 19 15 0 10
0 0 0 5 0 0 0 5 21 0 0 0 0 8 4 3 0 6
19 5 0 18 0 21 9 4 4 0 0 0 0 0 0 0 0 3
0 0 0 0 0 0 11 0 13 0 0 0 0 0 0 8 0 7
14 0 4 0 9 7 0 0 0 7 11 17 3 12 9 13 9 0
0 0 0 0 0 0 8 11 0 5 15 0 0 0 0 0 0 14
17 0 0 1 0 22 0 0 0 0 0 0 0 0 0 0 0 13
6 16 0 10 0 2 2 0 18 0 0 12 15 16 0 0 4 0
1 0 12 0 18 0 0 0 0 0 0 0 0 0 1 0 0 6
0 0 0 0 0 0 0 0 0 7 0 0 4 4 11 22 0 0
16 20 0 0 0 19 0 0 0 20 1 0 0 0 0 10 0 0
0 0 4 17 0 0 0 0 0 0 0 0 0 0 0 0 0 0
16 0 0 0 0 16 0 0 0 20 0 0 0 0 2 0 17 0
4 1 6 0 16 19 17 0 22 0 1 4 0 0 18 16 0 0
3 0 11 7 20 0 0 0 11 0 2 3 0 0 0 0 0 0
0 0 0 0 0 18 0 0 0 0 0 0 5 0 0 19 11 0
0 0 0 0 L
0 1 0 1 L
0 2 0 2 L
0 3 0 3 L
0 4 0 4 L
0 5 0 5 L
0 6 0 6 R
0 7 0 7 R
0 8 0 8 R
0 9 0 9 R
0 10 0 10 R
0 11 0 11 D
0 12 0 12 D
0 13 0 13 D
0 14 0 14 D
0 15 0 15 D
0 16 0 16 D
0 17 0 17 D
0 18 0 18 U
0 19 0 19 U
0 20 0 20 U
0 21 0 21 U
0 22 0 22 U
0 23 0 23 U
1 0 14 14 D
1 1 0 21 U
1 2 12 2 L
1 3 0 11 D
1 4 9 20 U
1 5 11 22 U
1 6 17 6 R
1 7 4 15 D
1 8 11 21 U
1 9 4 9 R
1 10 10 10 R
1 11 0 6 R
1 12 2 4 L
1 13 9 13 D
1 14 6 21 U
1 15 3 0 L
1 16 3 4 L
1 17 3 17 D
1 18 14 18 U
1 19 5 19 U
1 20 7 8 R
1 21 2 21 U
1 22 14 16 D
1 23 5 8 R
2 0 1 18 U
2 1 3 18 U
2 2 8 2 L
2 3 5 22 U
2 4 11 15 D
2 5 9 14 D
2 6 3 19 U
2 7 1 21 U
2 8 3 14 D
2 9 7 20 U
2 10 3 22 U
2 11 0 7 R
2 12 1 0 L
2 13 5 3 L
2 14 15 2 L
2 15 0 1 L
2 16 3 1 L
2 18 9 6 R
2 19 7 19 U
2 20 3 20 U
2 21 0 10 R
2 22 3 22 U
2 23 3 23 U
3 0 0 20 U
3 1 0 13 D
3 2 9 16 D
3 3 0 13 D
3 4 0 14 D
3 5 8 5 L
3 6 6 11 D
3 7 0 20 U
3 8 0 2 L
3 9 0 23 U
3 10 6 21 U
3 11 13 1 L
3 12 6 1 L
3 13 13 7 R
3 14 1 8 R
3 15 2 15 D
3 16 10 2 L
3 17 0 20 U
3 18 0 13 D
3 19 2 9 R
3 20 0 9 R
3 21 1 21 U
3 22 10 4 L
3 23 5 23 U
4 0 1 12 D
4 1 12 14 D
4 2 8 13 D
4 3 6 20 U
4 4 20 4 L
4 5 18 5 L
4 6 19 12 D
4 7 0 18 U
4 8 0 16 D
4 9 15 0 L
4 10 15 19 U
4 11 9 9 R
4 12 13 6 R
4 13 0 9 R
4 14 0 7 R
4 15 13 22 U
4 16 3 18 U
4 18 15 0 L
4 19 0 16 D
4 20 3 20 U
4 21 5 0 L
4 22 15 1 L
4 23 15 4 L
5 0 4 13 D
5 1 3 16 D
5 2 16 15 D
5 3 0 17 D
5 4 9 14 D
5 5 0 15 D
5 6 18 23 U
5 7 14 22 U
5 8 15 18 U
5 9 7 13 D
5 10 12 14 D
5 11 4 0 L
5 12 2 6 R
5 13 8 10 R
5 14 12 1 L
5 15 6 15 D
5 16 18 0 L
5 18 11 6 R
5 19 19 7 R
5 20 7 20 U
5 21 16 6 R
5 22 13 22 U
5 23 10 23 U
6 0 18 12 D
6 1 8 19 U
6 2 1 11 D
6 3 9 19 U
6 4 19 4 L
6 6 0 19 U
6 7 18 23 U
6 8 3 18 U
6 9 0 19 U
6 10 7 18 U
6 11 10 11 D
6 12 8 9 R
6 13 2 9 R
6 14 3 14 D
6 15 3 7 R
6 16 2 7 R
6 18 0 6 R
6 19 13 0 L
6 20 7 20 U
6 21 3 21 U
6 22 12 3 L
6 23 5 23 U
7 0 0 18 U
7 1 15 13 D
7 2 9 14 D
7 3 1 3 L
7 4 13 11 D
7 6 2 11 D
7 7 16 21 U
7 8 9 12 D
7 9 8 9 R
7 10 0 14 D
7 11 2 3 L
7 12 16 10 R
7 13 12 13 D
7 14 5 3 L
7 15 10 15 D
7 18 0 11 D
7 19 15 19 U
7 20 1 20 U
7 21 16 4 L
7 22 2 22 U
7 23 8 2 L
8 0 17 15 D
8 1 9 21 U
8 2 12 18 U
8 3 1 3 L
8 4 4 21 U
8 5 4 18 U
8 6 1 0 L
8 7 11 7 R
8 8 15 8 R
8 9 1 9 R
8 10 11 10 R
8 11 0 2 L
8 12 11 19 U
8 13 9 8 R
8 14 3 14 D
8 15 15 8 R
8 16 3 16 D
8 18 16 18 U
8 19 0 14 D
8 20 14 20 U
8 21 4 2 L
8 22 11 22 U
8 23 7 23 U
9 0 5 11 D
9 1 8 16 D
9 2 11 15 D
9 3 11 11 D
9 4 19 18 U
9 6 0 16 D
9 7 2 13 D
9 8 16 14 D
9 9 14 11 D
9 10 17 12 D
9 11 6 6 R
9 12 16 7 R
9 13 7 8 R
9 14 10 7 R
9 15 6 9 R
9 16 13 10 R
9 18 16 1 L
9 19 3 4 L
9 20 7 7 R
9 21 14 1 L
9 22 13 10 R
9 23 12 10 R
10 0 4 21 U
10 1 12 11 D
10 2 6 21 U
10 3 16 12 D
10 4 1 4 L
10 5 8 5 L
10 6 18 18 U
10 7 1 7 R
10 8 12 20 U
10 9 16 21 U
10 10 17 14 D
10 11 11 11 D
10 12 15 2 L
10 13 14 13 D
10 14 2 0 L
10 15 15 15 D
10 18 0 7 R
10 19 0 1 L
10 20 15 0 L
10 21 1 9 R
10 22 5 22 U
10 23 2 23 U
11 0 1 14 D
11 1 15 1 L
11 2 18 12 D
11 3 7 3 L
11 4 8 4 L
11 6 9 16 D
11 7 8 1 L
11 8 0 1 L
11 9 3 21 U
11 10 0 22 U
11 11 0 18 U
11 12 8 8 R
11 13 1 10 R
11 14 0 8 R
11 15 0 0 L
11 18 12 6 R
11 19 7 12 D
11 20 12 20 U
11 21 0 8 R
11 22 1 22 U
11 23 13 23 U
12 0 0 7 R
12 1 6 11 D
12 2 2 13 D
12 3 10 14 D
12 4 3 19 U
12 5 5 16 D
12 6 16 15 D
12 7 6 11 D
12 8 1 8 R
12 9 0 4 L
12 10 7 16 D
12 11 6 7 R
12 12 14 1 L
12 13 6 2 L
12 14 3 14 D
12 15 17 21 U
12 18 3 9 R
12 19 16 1 L
12 20 2 4 L
12 21 4 8 R
12 22 6 8 R
12 23 13 23 U
13 0 4 6 R
13 1 0 19 U
13 2 11 20 U
13 3 0 10 R
13 4 7 21 U
13 6 1 19 U
13 7 9 12 D
13 8 21 8 R
13 9 8 20 U
13 10 9 13 D
13 11 0 19 U
13 12 1 3 L
13 13 0 20 U
13 14 2 3 L
13 15 0 22 U
13 16 5 16 D
13 18 5 2 L
13 19 0 0 L
13 20 17 3 L
13 21 17 21 U
13 22 15 2 L
13 23 16 7 R
14 0 12 6 R
14 1 10 15 D
14 2 12 19 U
14 3 8 3 L
14 4 7 20 U
14 6 6 13 D
14 7 11 7 R
14 8 4 12 D
14 9 10 9 R
14 10 7 10 R
14 11 3 0 L
14 12 17 5 L
14 13 12 0 L
14 14 11 14 D
14 15 15 23 U
14 18 3 7 R
14 19 9 11 D
14 20 0 15 D
14 21 13 7 R
14 22 19 5 L
14 23 3 23 U
15 0 5 22 U
15 1 5 19 U
15 2 11 2 L
15 3 9 23 U
15 4 12 4 L
15 5 14 5 L
15 6 1 3 L
15 7 13 12 D
15 8 16 13 D
15 9 13 15 D
15 10 6 22 U
15 11 10 1 L
15 12 13 0 L
15 13 1 13 D
15 14 5 14 D
15 15 12 15 D
15 16 0 3 L
15 18 18 7 R
15 19 2 4 L
15 20 0 2 L
15 21 17 1 L
15 22 12 1 L
15 23 16 23 U
16 0 3 18 U
16 1 14 12 D
16 2 0 16 D
16 3 4 18 U
16 4 17 19 U
16 6 8 11 D
16 7 18 11 D
16 8 1 11 D
16 9 2 20 U
16 10 1 10 R
16 11 3 19 U
16 12 5 3 L
16 13 5 13 D
16 14 8 14 D
16 15 5 15 D
16 16 12 16 D
16 18 7 8 R
16 19 8 9 R
16 20 14 1 L
16 21 1 4 L
16 22 6 22 U
16 23 9 1 L
17 0 10 22 U
17 1 3 22 U
17 2 0 14 D
17 3 7 3 L
17 6 0 15 D
17 7 12 12 D
17 9 11 9 R
17 10 15 10 R
17 11 7 2 L
17 12 7 0 L
17 13 13 4 L
17 14 8 8 R
17 15 10 15 D
17 16 14 10 R
17 18 4 18 U
17 19 19 5 L
17 20 12 2 L
17 21 3 21 U
17 22 1 10 R
17 23 18 9 R
18 0 21 0 L
18 1 1 11 D
18 3 15 13 D
18 6 6 22 U
18 7 0 22 U
18 9 4 13 D
18 10 12 18 U
18 13 1 6 R
18 14 11 14 D
18 15 0 23 U
18 16 4 4 L
18 18 0 12 D
18 19 11 8 R
18 20 0 6 R
18 21 16 10 R
18 22 8 2 L
19 1 21 12 D
19 6 7 11 D
19 7 0 4 L
19 10 1 10 R
19 13 15 23 U
19 14 15 6 R
19 15 10 15 D
19 18 0 5 L
19 19 9 5 L
19 20 5 12 D
19 21 16 0 L
19 22 14 10 R
20 1 0 6 R
20 7 11 11 D
20 10 6 10 R
20 13 4 6 R
20 14 11 0 L
20 15 11 9 R
20 19 11 13 D
20 20 16 7 R
20 21 0 4 L
21 1 1 14 D
21 7 1 7 R
21 14 22 4 L
21 19 18 10 R
21 20 1 20 U
21 21 8 6 R
22 14 8 0 L
22 19 21 19 U
22 21 10 21 U

