25 21 433
0 0 10 17 24 0 0 0 0 19 4 10 11 8 0 0 7
5 0 0 0 0 24 0 23 0 0 18 3 0 0 0 0 0
16 0 0 0 18 17 0 3 1 17 22 18 20 18 0 0 17
3 8 5 9 7 0 1 0 13 0 1 14 6 0 10 0 11
0 0 12 9 0 14 0 6 0 24 0 4 19 0 4 0 0
20 0 1 16 0 0 0 13 0 21 9 11 23 0 0 0 17
10 0 19 0 0 0 20 0 0 0 0 7 1 0 0 0 18
4 0 18 0 3 0 0 0 20 0 0 24 22 21 0 20 8
0 19 0 23 0 0 14 0 0 0 0 0 0 0 3 0 9
0 0 1 18 0 0 0 0 0 15 4 2 0 0 0 0 0
0 0 16 12 2 2 15 17 17 0 0 0 23 0 0 0 10
0 20 0 0 0 0 0 0 13 0 14 22 0 0 0 0 5
0 7 0 15 20 0 13 20 0 18 0 0 15 16 15 0 0
20 0 14 11 0 18 14 14 14 0 0 1 22 0 0 0 8
0 10 21 0 0 8 15 20 5 0 0 0 0 0 0 0 0
0 7 0 0 15 0 0 10 14 15 0 19 23 0 11 0 0
0 0 0 0 13 0 0 0 0 21 9 5 0 0 0 0 9
0 0 0 0 R
0 1 0 1 R
0 2 0 2 R
0 3 0 3 R
0 4 0 4 R
0 5 0 5 U
0 6 0 6 U
0 7 0 7 U
0 8 0 8 U
0 9 0 9 U
0 10 0 10 D
0 11 0 11 D
0 12 0 12 D
0 13 0 13 D
0 14 0 14 D
0 15 0 15 D
0 16 0 16 L
0 17 0 17 L
0 18 0 18 L
0 19 0 19 L
0 20 0 20 L
1 0 5 0 R
1 1 7 1 R
1 2 0 13 D
1 3 8 7 U
1 4 2 15 D
1 5 0 16 L
1 6 3 6 U
1 7 0 2 R
1 8 3 8 U
1 9 12 3 R
1 10 16 10 D
1 11 2 11 D
1 12 7 12 D
1 13 16 13 D
1 14 20 18 L
1 15 2 15 D
1 16 0 5 U
1 17 9 8 U
1 18 16 4 R
1 19 4 19 L
1 20 2 20 L
2 0 4 18 L
2 1 15 10 D
2 2 16 7 U
2 3 4 5 U
2 4 1 4 R
2 5 9 17 L
2 6 5 6 U
2 7 16 1 R
2 8 5 8 U
2 9 11 9 U
2 10 0 16 L
2 11 13 3 R
2 12 7 12 D
2 13 8 13 D
2 14 12 0 R
2 15 5 15 D
2 16 5 12 D
2 17 14 7 U
2 18 14 15 D
2 19 0 13 D
2 20 3 20 L
3 0 7 17 L
3 1 2 11 D
3 2 13 10 D
3 3 22 10 D
3 4 12 9 U
3 5 5 10 D
3 6 0 1 R
3 7 1 7 U
3 8 1 8 U
3 9 4 18 L
3 10 0 0 R
3 11 11 11 D
3 12 5 12 D
3 13 1 13 D
3 14 19 14 D
3 15 7 15 D
3 16 18 16 L
3 17 0 11 D
3 18 13 18 L
3 19 0 10 D
3 20 10 11 D
4 0 0 17 L
4 1 10 13 D
4 2 8 2 R
4 3 0 19 L
4 4 6 8 U
4 5 3 0 R
4 6 10 18 L
4 7 0 3 R
4 8 1 18 L
4 9 22 9 U
4 10 1 1 R
4 11 12 17 L
4 12 0 1 R
4 13 16 13 D
4 14 12 6 U
4 15 7 16 L
4 16 5 16 L
4 17 6 13 D
4 18 13 10 D
4 19 10 10 D
4 20 14 10 D
5 0 0 11 D
5 1 0 8 U
5 2 1 10 D
5 3 2 3 R
5 4 0 9 U
5 5 10 5 U
5 6 0 10 D
5 7 18 1 R
5 8 0 0 R
5 9 1 9 U
5 10 4 19 L
5 11 12 18 L
5 12 8 12 D
5 13 1 13 D
5 14 1 14 D
5 15 12 20 L
5 16 1 16 L
5 17 15 7 U
5 18 6 18 L
5 19 22 6 U
5 20 0 10 D
6 0 1 0 R
6 1 15 19 L
6 2 3 2 R
6 3 14 3 R
6 4 0 14 D
6 5 2 1 R
6 6 16 15 D
6 7 2 0 R
6 8 0 11 D
6 9 1 9 U
6 10 8 18 L
6 11 23 2 R
6 12 7 12 D
6 13 7 16 L
6 14 1 20 L
6 15 1 17 L
6 16 1 5 U
6 17 5 11 D
6 18 0 13 D
6 19 12 11 D
6 20 17 20 L
7 0 10 9 U
7 1 6 6 U
7 2 1 2 R
7 3 6 6 U
7 4 3 4 R
7 5 17 5 U
7 6 18 17 L
7 7 4 7 U
7 8 8 19 L
7 9 2 9 U
7 10 10 19 L
7 11 17 1 R
7 12 5 16 L
7 13 8 0 R
7 14 4 14 D
7 15 14 15 D
7 16 0 0 R
7 17 6 17 L
7 18 13 8 U
7 19 17 15 D
7 20 10 3 R
8 0 0 7 U
8 1 10 15 D
8 2 3 8 U
8 3 6 14 D
8 4 1 4 R
8 5 2 3 R
8 6 7 17 L
8 7 11 0 R
8 8 9 2 R
8 9 0 19 L
8 10 2 17 L
8 11 18 11 D
8 12 2 12 D
8 13 15 13 D
8 14 7 2 R
8 16 19 10 D
8 17 16 12 D
8 18 7 9 U
8 19 13 19 L
8 20 21 13 D
9 0 2 6 U
9 1 15 8 U
9 2 15 2 R
9 3 1 3 R
9 4 7 5 U
9 5 3 4 R
9 6 16 18 L
9 7 0 12 D
9 8 0 18 L
9 9 20 9 U
9 10 12 8 U
9 11 0 6 U
9 12 2 12 D
9 13 14 1 R
9 14 0 4 R
9 16 6 9 U
9 17 5 17 L
9 18 10 5 U
9 19 3 19 L
9 20 12 20 L
10 0 0 16 L
10 1 6 1 R
10 2 0 12 D
10 3 5 9 U
10 4 5 20 L
10 5 11 0 R
10 6 8 16 L
10 7 8 18 L
10 8 7 8 U
10 9 0 16 L
10 10 15 16 L
10 11 5 11 D
10 12 11 18 L
10 13 17 16 L
10 14 14 3 R
10 15 5 15 D
10 16 0 1 R
10 17 1 11 D
10 18 0 2 R
10 19 18 2 R
10 20 13 8 U
11 0 6 7 U
11 1 13 14 D
11 2 0 5 U
11 3 4 3 R
11 4 5 19 L
11 5 13 5 U
11 6 14 19 L
11 7 7 20 L
11 8 0 17 L
11 9 19 0 R
11 10 7 18 L
11 11 0 5 U
11 12 17 12 D
11 13 15 13 D
11 15 0 20 L
11 16 8 5 U
11 17 17 13 D
11 18 9 6 U
11 19 4 12 D
12 0 2 16 L
12 1 5 7 U
12 2 7 18 L
12 3 0 10 D
12 4 0 8 U
12 5 8 20 L
12 6 22 1 R
12 7 2 7 U
12 8 7 8 U
12 9 3 9 U
12 10 0 2 R
12 11 5 11 D
12 12 16 12 D
12 13 11 18 L
12 16 2 6 U
12 17 7 17 L
12 18 0 8 U
12 19 0 12 D
12 20 3 12 D
13 0 17 9 U
13 1 15 5 U
13 2 4 2 R
13 3 1 3 R
13 4 18 4 R
13 5 10 19 L
13 6 3 6 U
13 7 3 7 U
13 8 2 2 R
13 9 9 1 R
13 10 1 3 R
13 11 10 16 L
13 12 1 12 D
13 13 11 13 D
13 16 10 0 R
13 17 14 5 U
13 18 14 11 D
13 19 18 9 U
14 0 6 5 U
14 1 0 11 D
14 2 1 12 D
14 3 12 11 D
14 4 10 15 D
14 5 12 19 L
14 6 6 0 R
14 7 11 17 L
14 8 0 20 L
14 9 2 17 L
14 10 9 2 R
14 11 1 3 R
14 12 21 0 R
14 13 9 7 U
14 15 9 1 R
14 16 13 16 L
14 17 17 14 D
14 18 12 13 D
14 19 9 19 L
14 20 0 6 U
15 0 10 5 U
15 1 0 6 U
15 2 3 17 L
15 3 11 20 L
15 4 17 7 U
15 5 6 16 L
15 6 4 0 R
15 7 12 7 U
15 8 17 4 R
15 9 21 9 U
15 10 17 4 R
15 11 11 18 L
15 12 22 1 R
15 13 11 16 L
15 14 4 8 U
15 16 3 8 U
15 17 1 17 L
15 18 5 1 R
15 19 6 19 L
16 0 2 5 U
16 1 10 5 U
16 2 19 7 U
16 3 0 18 L
16 4 7 4 R
16 5 9 19 L
16 6 1 6 U
16 7 2 7 U
16 8 0 13 D
16 9 6 4 R
16 10 4 16 L
16 11 0 19 L
16 12 0 18 L
16 13 4 13 D
16 14 3 14 D
16 16 13 16 L
16 17 0 14 D
16 18 19 7 U
16 19 10 2 R
17 0 9 12 D
17 1 12 12 D
17 2 10 6 U
17 3 16 9 U
17 4 1 4 R
17 5 0 4 R
17 6 12 4 R
17 7 5 7 U
17 8 16 0 R
17 9 7 9 U
17 10 1 10 D
17 11 8 11 D
17 12 16 17 L
17 13 19 13 D
17 16 0 7 U
17 17 0 2 R
17 18 14 18 L
17 19 0 3 R
18 0 9 17 L
18 2 10 13 D
18 3 7 3 R
18 4 5 4 R
18 5 8 1 R
18 6 2 17 L
18 7 0 18 L
18 8 14 16 L
18 9 5 9 U
18 10 0 17 L
18 11 10 11 D
18 12 11 2 R
18 13 15 13 D
18 16 15 3 R
18 17 13 1 R
18 18 0 9 U
18 19 0 6 U
18 20 1 20 L
19 2 21 14 D
19 4 2 4 R
19 5 14 2 R
19 6 23 6 U
19 7 1 7 U
19 8 3 0 R
19 9 5 9 U
19 10 23 17 L
19 11 0 7 U
19 12 15 20 L
19 16 3 11 D
19 17 13 12 D
19 19 20 13 D
20 0 19 9 U
20 2 0 18 L
20 4 6 4 R
20 7 3 7 U
20 8 16 8 U
20 9 2 9 U
20 10 17 1 R
20 11 9 19 L
20 12 1 12 D
20 16 16 9 U
20 17 1 7 U
20 19 10 19 L
21 2 3 2 R
21 7 20 1 R
21 8 18 17 L
21 9 1 9 U
21 10 6 0 R
21 11 3 11 D
21 12 20 16 L
21 16 22 13 D
21 17 2 6 U
22 7 19 12 D
22 8 13 8 U
22 9 3 0 R
22 10 10 10 D
22 11 1 11 D
22 12 17 12 D
22 16 9 6 U
22 17 9 17 L
23 7 2 7 U
23 8 1 8 U
23 9 3 9 U
23 10 1 0 R
23 11 13 0 R
23 12 0 9 U
23 16 7 10 D
23 17 21 10 D
24 8 2 8 U
24 9 22 2 R
24 12 1 12 D
24 17 2 11 D

