38 61 2145
19 2 30 30 13 3 26 27 0 8 32 35 31 5 0 31 19 30 19
16 9 3 32 8 18 30 0 36 0 37 35 23 35 33 32 23 9 9
30 28 5 20 24 0 1 26 0 35 37 36 11 24 6 25 10 11 3
33 19 6 24 0 21 26 27 24 22 30 35 0 3 22 0 21 6 2
22 29 30 2 20 0 14 34 30 0 36 0 34 35 0 32 25 30 29
0 0 11 31 33 19 0 0 23 34 0 36 36 0 20 34 4 20 11
10 30 11 27 29 33 35 0 33 0 35 0 0 0 34 0 36 35 9
22 31 27 18 12 0 23 35 0 33 35 36 0 0 26 0 0 33 26
22 32 31 34 0 0 0 33 35 34 12 13 14 15 16 17 29 0 33
0 26 35 33 34 35 13 0 32 31 18 9 22 24 29 0 0 34 2
22 32 34 34 33 28 24 20 25 22 16 25 0 17 14 26 36 36 9
23 17 21 0 33 35 22 0 23 29 0 12 33 0 34 35 35 0 11
33 0 0 24 18 23 28 27 24 34 0 33 5 0 5 0 31 0 22
23 29 33 30 14 34 12 34 31 29 20 0 17 28 26 0 33 0 12
0 19 11 0 12 4 12 33 32 33 4 0 32 29 7 34 0 35 9
0 0 23 0 31 0 9 0 20 32 2 32 30 12 6 20 27 0 17
0 12 0 26 0 24 0 2 5 33 11 30 23 31 32 33 35 0 35
0 30 29 29 16 16 26 30 31 32 7 17 34 9 35 13 0 34 24
28 14 1 6 12 18 19 11 17 0 20 21 22 20 17 6 0 33 33
0 0 0 0 D
0 1 0 1 D
0 2 0 2 D
0 3 0 3 D
0 4 0 4 D
0 5 0 5 D
0 6 0 6 D
0 7 0 7 D
0 8 0 8 D
0 9 0 9 D
0 10 0 10 D
0 11 0 11 D
0 12 0 12 D
0 13 0 13 D
0 14 0 14 D
0 15 0 15 R
0 16 0 16 R
0 17 0 17 R
0 18 0 18 R
0 19 0 19 R
0 20 0 20 R
0 21 0 21 R
0 22 0 22 R
0 23 0 23 R
0 24 0 24 R
0 25 0 25 R
0 26 0 26 R
0 27 0 27 R
0 28 0 28 R
0 29 0 29 R
0 30 0 30 R
0 31 0 31 U
0 32 0 32 U
0 33 0 33 U
0 34 0 34 U
0 35 0 35 U
0 36 0 36 U
0 37 0 37 U
0 38 0 38 U
0 39 0 39 U
0 40 0 40 U
0 41 0 41 U
0 42 0 42 U
0 43 0 43 U
0 44 0 44 U
0 45 0 45 U
0 46 0 46 L
0 47 0 47 L
0 48 0 48 L
0 49 0 49 L
0 50 0 50 L
0 51 0 51 L
0 52 0 52 L
0 53 0 53 L
0 54 0 54 L
0 55 0 55 L
0 56 0 56 L
0 57 0 57 L
0 58 0 58 L
0 59 0 59 L
0 60 0 60 L
1 0 0 46 L
1 1 0 16 R
1 2 0 33 U
1 3 0 33 U
1 4 0 49 L
1 5 2 19 R
1 6 0 21 R
1 7 0 38 U
1 8 0 53 L
1 9 2 21 R
1 10 1 56 L
1 11 2 58 L
1 12 1 29 R
1 13 1 59 L
1 14 0 37 U
1 15 0 0 D
1 16 0 31 U
1 17 0 32 U
1 18 2 4 D
1 19 0 35 U
1 20 0 36 U
1 21 2 37 U
1 22 0 51 L
1 23 1 8 D
1 24 2 55 L
1 25 2 8 D
1 26 0 54 L
1 27 1 11 D
1 28 0 58 L
1 29 1 43 U
1 30 0 60 L
1 31 0 15 R
1 32 0 1 D
1 33 0 47 L
1 34 1 16 R
1 35 0 18 R
1 36 1 19 R
1 37 1 52 L
1 38 0 22 R
1 39 1 54 L
1 40 2 26 R
1 41 1 57 L
1 42 2 28 R
1 43 0 28 R
1 44 0 12 D
1 45 1 59 L
1 46 0 32 U
1 47 0 0 D
1 48 0 1 D
1 49 0 17 R
1 50 1 4 D
1 51 0 5 D
1 52 1 36 U
1 53 0 7 D
1 54 0 9 D
1 55 1 39 U
1 56 2 25 R
1 57 2 40 U
1 58 0 26 R
1 59 2 44 U
1 60 0 29 R
2 0 1 47 L
2 1 0 15 R
2 2 1 2 D
2 3 2 3 D
2 4 0 35 U
2 5 0 20 R
2 6 2 6 D
2 7 1 7 D
2 8 1 24 R
2 9 2 9 D
2 10 0 27 R
2 11 2 11 D
2 12 1 12 D
2 13 1 13 D
2 14 2 14 D
2 15 2 0 D
2 16 0 48 L
2 17 0 3 D
2 18 2 18 R
2 19 2 5 D
2 20 0 51 L
2 21 0 53 L
2 22 2 22 R
2 23 2 23 R
2 24 2 24 R
2 25 2 25 R
2 26 0 41 U
2 27 2 27 R
2 28 0 42 U
2 29 0 13 D
2 30 0 45 U
2 31 0 46 L
2 32 0 48 L
2 33 0 17 R
2 34 2 34 U
2 35 0 50 L
2 36 0 20 R
2 37 1 37 U
2 38 1 23 R
2 39 2 39 U
2 40 1 40 U
2 41 1 41 U
2 42 0 28 R
2 43 1 43 U
2 44 2 30 R
2 45 2 45 U
2 46 0 2 D
2 47 0 16 R
2 48 0 34 U
2 49 2 49 L
2 50 2 50 L
2 51 0 6 D
2 52 2 52 L
2 53 0 38 U
2 54 1 10 D
2 55 1 55 L
2 56 2 56 L
2 57 2 57 L
2 58 0 10 D
2 59 2 59 L
2 60 2 60 L
3 0 1 18 R
3 1 0 31 U
3 2 3 32 U
3 3 2 46 L
3 4 5 18 R
3 5 0 50 L
3 6 4 47 L
3 7 5 49 L
3 8 0 23 R
3 9 2 24 R
3 10 5 26 R
3 11 0 38 U
3 12 4 20 R
3 13 4 56 L
3 14 3 14 D
3 15 2 15 R
3 16 1 34 U
3 17 0 6 D
3 18 1 3 D
3 19 0 31 U
3 20 5 1 D
3 21 4 5 D
3 22 3 6 D
3 23 5 37 U
3 24 5 8 D
3 25 6 38 U
3 26 7 9 D
3 27 7 5 D
3 28 3 8 D
3 29 3 10 D
3 30 6 45 U
3 31 0 55 L
3 32 3 18 R
3 33 2 33 U
3 34 2 15 R
3 35 0 4 D
3 36 0 5 D
3 37 1 16 R
3 38 2 23 R
3 39 3 49 L
3 40 0 53 L
3 41 0 2 D
3 42 7 54 L
3 43 7 56 L
3 44 6 57 L
3 45 3 58 L
3 46 0 30 R
3 47 3 31 U
3 48 3 3 D
3 49 3 32 U
3 50 2 7 D
3 51 0 23 R
3 52 3 52 L
3 53 6 42 U
3 54 6 54 L
3 55 1 0 D
3 56 4 8 D
3 57 4 42 U
3 58 7 13 D
3 59 0 30 R
3 60 9 9 D
4 0 2 48 L
4 1 5 47 L
4 2 5 2 D
4 3 3 47 L
4 4 3 4 D
4 5 0 22 R
4 6 4 6 D
4 7 6 7 D
4 8 0 50 L
4 9 4 9 D
4 10 0 26 R
4 11 1 11 D
4 12 3 12 D
4 13 4 13 D
4 14 1 14 D
4 15 0 37 U
4 16 1 39 U
4 17 4 2 D
4 18 3 1 D
4 19 3 19 R
4 20 5 20 R
4 21 5 21 R
4 22 3 22 R
4 23 6 23 R
4 24 3 24 R
4 25 4 25 R
4 26 6 26 R
4 27 5 27 R
4 28 4 28 R
4 29 6 29 R
4 30 6 30 R
4 31 0 49 L
4 32 4 32 U
4 33 3 47 L
4 34 1 34 U
4 35 6 35 U
4 36 4 36 U
4 37 0 0 D
4 38 3 21 R
4 39 3 39 U
4 40 3 17 R
4 41 5 41 U
4 42 5 42 U
4 43 6 43 U
4 44 4 44 U
4 45 7 45 U
4 46 1 14 D
4 47 0 19 R
4 48 3 48 L
4 49 2 33 U
4 50 5 36 U
4 51 5 0 D
4 52 4 52 L
4 53 7 6 D
4 54 4 54 L
4 55 7 40 U
4 56 3 9 D
4 57 6 57 L
4 58 6 58 L
4 59 6 59 L
4 60 9 60 L
5 0 1 22 R
5 1 4 1 D
5 2 4 2 D
5 3 3 49 L
5 4 6 4 D
5 5 6 53 L
5 6 3 6 D
5 7 0 19 R
5 8 3 8 D
5 9 5 23 R
5 10 4 10 D
5 11 7 11 D
5 12 6 12 D
5 13 3 13 D
5 14 2 16 R
5 15 0 48 L
5 16 0 34 U
5 17 6 17 R
5 18 2 1 D
5 19 0 5 D
5 20 4 20 R
5 21 4 21 R
5 22 3 32 U
5 23 0 40 U
5 24 0 9 D
5 25 3 25 R
5 26 0 14 D
5 27 3 27 R
5 28 5 28 R
5 29 5 29 R
5 30 4 30 R
5 31 2 46 L
5 32 4 48 L
5 33 5 33 U
5 34 1 48 L
5 35 5 35 U
5 36 3 49 L
5 37 0 5 D
5 38 5 52 L
5 39 6 17 R
5 40 6 40 U
5 41 4 41 U
5 42 7 42 U
5 43 7 43 U
5 44 5 44 U
5 45 6 45 U
5 46 4 14 D
5 47 5 2 D
5 48 2 48 L
5 49 4 35 U
5 50 5 6 D
5 51 7 37 U
5 52 4 7 D
5 53 6 53 L
5 54 0 24 R
5 55 4 55 L
5 56 4 42 U
5 57 3 43 U
5 58 4 58 L
5 59 5 59 L
5 60 8 60 L
6 0 2 0 D
6 1 3 16 R
6 2 5 55 L
6 3 6 3 D
6 4 5 4 D
6 5 5 21 R
6 6 1 38 U
6 7 5 50 L
6 8 5 54 L
6 9 7 9 D
6 10 7 57 L
6 11 5 29 R
6 12 7 51 L
6 13 10 23 R
6 14 4 14 D
6 15 4 31 U
6 16 3 31 U
6 17 5 17 R
6 18 3 39 U
6 19 1 19 R
6 20 1 20 R
6 21 6 38 U
6 22 1 22 R
6 23 0 8 D
6 24 7 24 R
6 25 1 25 R
6 26 3 26 R
6 27 4 27 R
6 28 6 28 R
6 29 5 11 D
6 30 2 30 R
6 31 4 15 R
6 32 5 47 L
6 33 4 33 U
6 34 0 20 R
6 35 4 52 L
6 36 5 36 U
6 37 6 37 U
6 38 6 51 L
6 39 4 39 U
6 40 5 40 U
6 41 7 41 U
6 42 4 24 R
6 43 7 57 L
6 44 9 54 L
6 45 4 45 U
6 46 0 33 U
6 47 4 47 L
6 48 2 6 D
6 49 0 3 D
6 50 0 8 D
6 51 5 51 L
6 52 6 1 D
6 53 5 53 L
6 54 5 54 L
6 55 0 11 D
6 56 5 56 L
6 57 4 57 L
6 58 0 45 U
6 59 0 37 U
6 60 4 60 L
7 0 2 50 L
7 1 1 54 L
7 2 5 16 R
7 3 5 3 D
7 4 6 49 L
7 5 7 53 L
7 6 6 27 R
7 7 0 23 R
7 8 7 55 L
7 9 6 56 L
7 10 5 10 D
7 11 8 59 L
7 12 5 12 D
7 13 8 13 D
7 14 1 56 L
7 15 6 33 U
7 16 6 40 U
7 17 7 36 U
7 18 5 41 U
7 19 7 4 D
7 20 3 3 D
7 21 0 38 U
7 22 5 39 U
7 23 7 12 D
7 24 2 56 L
7 25 5 25 R
7 26 5 10 D
7 27 7 44 U
7 28 7 28 R
7 29 4 29 R
7 30 6 8 D
7 31 0 25 R
7 32 6 47 L
7 33 5 48 L
7 34 0 15 R
7 35 2 47 L
7 36 3 19 R
7 37 7 51 L
7 38 0 52 L
7 39 3 55 L
7 40 7 26 R
7 41 7 51 L
7 42 0 10 D
7 43 6 29 R
7 44 9 44 U
7 45 0 58 L
7 46 6 12 D
7 47 0 34 U
7 48 5 32 U
7 49 4 41 U
7 50 6 4 D
7 51 0 18 R
7 52 7 52 L
7 53 4 53 L
7 54 5 40 U
7 55 0 42 U
7 56 3 43 U
7 57 0 27 R
7 58 4 12 D
7 59 1 59 L
7 60 15 23 R
8 0 6 20 R
8 1 7 16 R
8 2 6 35 U
8 3 4 59 L
8 4 10 17 R
8 5 8 18 R
8 6 8 19 R
8 7 9 54 L
8 8 7 49 L
8 9 0 20 R
8 10 0 48 L
8 11 8 11 D
8 12 3 47 L
8 13 5 13 D
8 14 10 57 L
8 15 4 0 D
8 16 3 0 D
8 17 7 3 D
8 18 10 35 U
8 19 2 19 R
8 20 7 20 R
8 21 10 34 U
8 22 6 6 D
8 23 9 40 U
8 24 9 7 D
8 25 8 40 U
8 26 6 44 U
8 27 3 9 D
8 28 8 2 D
8 29 8 14 D
8 30 8 30 R
8 31 6 52 L
8 32 0 51 L
8 33 3 15 R
8 34 8 22 R
8 35 3 51 L
8 36 9 15 R
8 37 0 26 R
8 38 7 60 L
8 39 9 57 L
8 40 4 24 R
8 41 0 16 R
8 42 9 27 R
8 43 15 52 L
8 44 8 44 U
8 45 0 8 D
8 46 9 41 U
8 47 5 35 U
8 48 0 38 U
8 49 2 23 R
8 50 9 11 D
8 51 7 1 D
8 52 0 37 U
8 53 8 36 U
8 54 10 12 D
8 55 0 19 R
8 56 13 10 D
8 57 10 42 U
8 58 8 58 L
8 59 3 59 L
8 60 22 60 L
9 0 5 46 L
9 1 9 46 L
9 2 9 2 D
9 3 7 3 D
9 4 8 4 D
9 5 10 5 D
9 6 8 33 U
9 7 8 7 D
9 8 0 25 R
9 9 1 25 R
9 10 1 23 R
9 11 8 27 R
9 12 9 12 D
9 13 10 49 L
9 14 6 14 D
9 15 2 46 L
9 16 9 16 R
9 17 8 1 D
9 18 7 41 U
9 19 10 19 R
9 20 0 10 D
9 21 9 21 R
9 22 9 6 D
9 23 8 36 U
9 24 8 24 R
9 25 0 35 U
9 26 7 26 R
9 27 10 11 D
9 28 9 28 R
9 29 9 29 R
9 30 9 30 R
9 31 9 47 L
9 32 6 20 R
9 33 3 33 U
9 34 8 34 U
9 35 4 35 U
9 36 9 36 U
9 37 10 19 R
9 38 8 55 L
9 39 14 20 R
9 40 8 30 R
9 41 14 17 R
9 42 10 42 U
9 43 15 43 U
9 44 0 13 D
9 45 15 45 U
9 46 5 4 D
9 47 7 11 D
9 48 7 44 U
9 49 10 49 L
9 50 9 29 R
9 51 8 51 L
9 52 7 13 D
9 53 10 32 U
9 54 9 54 L
9 55 10 55 L
9 56 12 56 L
9 57 2 37 U
9 58 3 58 L
9 59 4 59 L
9 60 21 60 L
10 0 2 28 R
10 1 7 47 L
10 2 0 35 U
10 3 8 15 R
10 4 7 18 R
10 5 0 55 L
10 6 8 21 R
10 7 10 21 R
10 8 10 54 L
10 9 9 29 R
10 10 8 48 L
10 11 10 11 D
10 12 10 48 L
10 13 9 13 D
10 14 8 14 D
10 15 0 46 L
10 16 0 4 D
10 17 9 17 R
10 18 8 31 U
10 19 10 49 L
10 20 6 44 U
10 21 8 7 D
10 22 10 22 R
10 23 10 10 D
10 24 10 24 R
10 25 7 25 R
10 26 10 37 U
10 27 2 39 U
10 28 8 28 R
10 29 8 38 U
10 30 10 30 R
10 31 10 58 L
10 32 10 32 U
10 33 10 53 L
10 34 0 8 D
10 35 8 53 L
10 36 10 53 L
10 37 5 37 U
10 38 16 55 L
10 39 13 39 U
10 40 16 50 L
10 41 12 41 U
10 42 9 42 U
10 43 11 43 U
10 44 10 57 L
10 45 11 45 U
10 46 2 46 L
10 47 4 1 D
10 48 9 34 U
10 49 10 8 D
10 50 12 23 R
10 51 4 31 U
10 52 10 2 D
10 53 9 31 U
10 54 6 10 D
10 55 9 55 L
10 56 18 6 D
10 57 19 0 D
10 58 9 58 L
10 59 8 4 D
10 60 32 60 L
11 0 10 50 L
11 1 13 1 D
11 2 5 33 U
11 3 12 46 L
11 4 8 46 L
11 5 0 32 U
11 6 9 17 R
11 7 2 30 R
11 8 12 54 L
11 9 6 37 U
11 10 15 55 L
11 11 12 47 L
11 12 10 12 D
11 13 11 39 U
11 14 15 24 R
11 15 11 36 U
11 16 5 16 R
11 17 11 2 D
11 18 12 3 D
11 19 0 38 U
11 20 7 4 D
11 21 11 48 L
11 22 15 12 D
11 23 11 34 U
11 24 0 44 U
11 25 8 0 D
11 26 13 12 D
11 27 14 9 D
11 28 4 36 U
11 29 18 12 D
11 30 11 35 U
11 31 9 46 L
11 32 5 16 R
11 33 9 53 L
11 34 0 46 L
11 35 4 48 L
11 36 7 5 D
11 37 12 24 R
11 38 12 38 U
11 39 9 28 R
11 40 18 40 U
11 41 14 41 U
11 42 4 18 R
11 43 8 43 U
11 44 8 54 L
11 45 13 45 U
11 46 9 0 D
11 47 5 10 D
11 48 12 34 U
11 49 11 35 U
11 50 13 50 L
11 51 0 42 U
11 52 12 52 L
11 53 14 36 U
11 54 8 7 D
11 55 11 4 D
11 56 18 56 L
11 57 17 57 L
11 58 0 31 U
11 59 0 39 U
11 60 13 60 L
12 0 10 58 L
12 1 7 1 D
12 2 0 42 U
12 3 13 3 D
12 4 14 4 D
12 5 11 5 D
12 6 13 49 L
12 7 4 24 R
12 8 12 8 D
12 9 12 9 D
12 10 11 10 D
12 11 14 11 D
12 12 11 12 D
12 13 10 13 D
12 14 15 14 D
12 15 4 33 U
12 16 9 33 U
12 17 10 17 R
12 18 13 18 R
12 19 13 19 R
12 20 15 3 D
12 21 12 21 R
12 22 12 22 R
12 23 0 43 U
12 24 14 8 D
12 25 6 25 R
12 26 2 53 L
12 27 13 27 R
12 28 14 7 D
12 29 11 29 R
12 30 12 31 U
12 31 4 20 R
12 32 0 59 L
12 33 11 47 L
12 34 10 34 U
12 35 11 35 U
12 36 12 36 U
12 37 15 26 R
12 38 18 38 U
12 39 0 26 R
12 40 12 40 U
12 41 15 22 R
12 42 14 18 R
12 43 9 51 L
12 44 12 25 R
12 45 10 45 U
12 46 0 15 R
12 47 11 47 L
12 48 12 0 D
12 49 14 49 L
12 50 12 50 L
12 51 9 51 L
12 52 0 23 R
12 53 2 12 D
12 54 15 6 D
12 55 14 37 U
12 56 17 11 D
12 57 14 57 L
12 58 0 32 U
12 59 0 33 U
12 60 18 11 D
13 0 1 17 R
13 1 14 1 D
13 2 11 16 R
13 3 11 52 L
13 4 4 25 R
13 5 12 55 L
13 6 8 22 R
13 7 9 52 L
13 8 14 8 D
13 9 6 54 L
13 10 12 10 D
13 11 5 42 U
13 12 13 28 R
13 13 13 49 L
13 14 5 14 D
13 15 0 2 D
13 16 0 11 D
13 17 2 35 U
13 18 12 18 R
13 19 8 19 R
13 20 11 20 R
13 21 13 21 R
13 22 11 22 R
13 23 14 23 R
13 24 14 24 R
13 25 10 25 R
13 26 15 26 R
13 27 14 27 R
13 28 14 28 R
13 29 17 29 R
13 30 12 32 U
13 31 10 15 R
13 32 5 15 R
13 33 11 33 U
13 34 11 19 R
13 35 15 35 U
13 36 5 47 L
13 37 0 9 D
13 38 17 38 U
13 39 11 56 L
13 40 13 40 U
13 41 15 50 L
13 42 13 42 U
13 43 10 12 D
13 44 11 44 U
13 45 14 45 U
13 46 1 1 D
13 47 12 47 L
13 48 5 18 R
13 49 13 13 D
13 50 0 39 U
13 51 2 13 D
13 52 9 5 D
13 53 13 53 L
13 54 15 54 L
13 55 12 10 D
13 56 16 33 U
13 57 16 57 L
13 58 7 58 L
13 59 12 59 L
13 60 17 60 L
14 0 6 48 L
14 1 1 1 D
14 2 12 2 D
14 3 13 52 L
14 4 14 47 L
14 5 3 5 D
14 6 0 36 U
14 7 13 23 R
14 8 11 8 D
14 9 15 16 R
14 10 9 16 R
14 11 13 11 D
14 12 0 41 U
14 13 12 13 D
14 14 9 14 D
14 15 11 15 R
14 16 9 32 U
14 17 8 11 D
14 18 11 18 R
14 19 5 41 U
14 20 12 20 R
14 21 14 21 R
14 22 15 5 D
14 23 11 7 D
14 24 15 45 U
14 25 7 32 U
14 26 12 26 R
14 27 12 27 R
14 28 12 28 R
14 29 16 29 R
14 30 33 41 U
14 31 12 31 U
14 32 0 19 R
14 33 10 47 L
14 34 11 17 R
14 35 13 48 L
14 36 7 48 L
14 37 15 37 U
14 38 4 38 U
14 39 14 28 R
14 40 14 40 U
14 41 11 53 L
14 42 8 42 U
14 43 13 43 U
14 44 8 28 R
14 45 9 27 R
14 46 9 46 L
14 47 9 34 U
14 48 12 3 D
14 49 13 49 L
14 50 0 14 D
14 51 7 51 L
14 52 12 6 D
14 53 9 7 D
14 54 1 43 U
14 55 13 55 L
14 56 13 56 L
14 57 20 6 D
14 58 11 58 L
14 59 24 59 L
14 60 18 60 L
15 0 6 46 L
15 1 14 51 L
15 2 9 16 R
15 3 12 54 L
15 4 15 4 D
15 5 14 5 D
15 6 15 50 L
15 7 10 53 L
15 8 4 8 D
15 9 10 9 D
15 10 13 10 D
15 11 15 11 D
15 12 15 51 L
15 13 13 13 D
15 14 8 59 L
15 15 6 31 U
15 16 15 37 U
15 17 11 6 D
15 18 11 3 D
15 19 14 19 R
15 20 13 6 D
15 21 11 21 R
15 22 11 41 U
15 23 12 23 R
15 24 11 37 U
15 25 15 35 U
15 26 8 6 D
15 27 11 0 D
15 28 15 50 L
15 29 18 29 R
15 30 11 30 R
15 31 12 21 R
15 32 12 15 R
15 33 15 16 R
15 34 12 53 L
15 35 11 49 L
15 36 10 22 R
15 37 12 37 U
15 38 15 38 U
15 39 15 24 R
15 40 15 40 U
15 41 11 41 U
15 42 12 56 L
15 43 14 43 U
15 44 12 44 U
15 45 14 54 L
15 46 8 2 D
15 47 15 33 U
15 48 10 43 U
15 49 15 6 D
15 50 6 44 U
15 51 13 9 D
15 52 13 52 L
15 53 10 41 U
15 54 9 14 D
15 55 15 39 U
15 56 11 9 D
15 57 19 36 U
15 58 12 58 L
15 59 14 59 L
15 60 30 60 L
16 0 11 49 L
16 1 16 46 L
16 2 14 16 R
16 3 16 50 L
16 4 12 15 R
16 5 3 46 L
16 6 17 21 R
16 7 18 52 L
16 8 16 8 D
16 9 0 34 U
16 10 10 51 L
16 11 5 19 R
16 12 18 21 R
16 13 11 21 R
16 14 12 46 L
16 15 11 31 U
16 16 13 11 D
16 17 10 1 D
16 18 14 39 U
16 19 13 2 D
16 20 13 45 U
16 21 16 8 D
16 22 0 48 L
16 23 16 2 D
16 24 11 36 U
16 25 19 33 U
16 26 19 4 D
16 27 15 27 R
16 28 16 13 D
16 29 0 36 U
16 31 12 18 R
16 32 15 47 L
16 33 16 22 R
16 34 14 29 R
16 35 14 35 U
16 36 16 21 R
16 37 13 4 D
16 38 16 38 U
16 39 17 52 L
16 40 16 40 U
16 41 17 47 L
16 42 0 15 R
16 43 16 53 L
16 44 20 50 L
16 45 12 45 U
16 46 6 45 U
16 47 13 0 D
16 48 17 2 D
16 49 13 1 D
16 50 16 5 D
16 51 2 16 R
16 52 18 10 D
16 53 15 11 D
16 54 14 44 U
16 55 10 0 D
16 56 0 34 U
16 57 4 39 U
16 58 21 13 D
16 59 18 59 L
16 60 15 60 L
17 0 13 18 R
17 1 16 1 D
17 2 18 17 R
17 3 10 46 L
17 4 13 4 D
17 5 16 48 L
17 6 16 6 D
17 7 17 7 D
17 8 16 58 L
17 9 17 9 D
17 10 16 10 D
17 11 10 23 R
17 12 13 12 D
17 13 16 13 D
17 14 19 14 D
17 15 14 0 D
17 16 16 41 U
17 17 17 17 R
17 18 15 8 D
17 19 17 38 U
17 20 18 35 U
17 21 3 52 L
17 22 18 22 R
17 23 10 7 D
17 24 23 24 R
17 25 11 25 R
17 26 26 10 D
17 27 21 39 U
17 28 16 28 R
17 29 19 29 R
17 31 15 46 L
17 32 17 48 L
17 33 15 55 L
17 34 11 28 R
17 35 19 11 D
17 36 17 36 U
17 37 17 37 U
17 38 18 51 L
17 39 20 57 L
17 40 16 56 L
17 41 9 4 D
17 42 6 42 U
17 43 17 43 U
17 44 19 44 U
17 45 8 19 R
17 46 16 37 U
17 47 18 32 U
17 48 18 40 U
17 49 0 31 U
17 50 18 3 D
17 51 11 51 L
17 52 17 52 L
17 53 16 36 U
17 54 0 30 R
17 55 11 42 U
17 56 19 56 L
17 57 12 57 L
17 58 19 8 D
17 59 9 59 L
17 60 31 60 L
18 0 14 49 L
18 1 11 47 L
18 2 12 20 R
18 3 17 3 D
18 4 15 49 L
18 5 17 5 D
18 6 13 53 L
18 7 18 56 L
18 8 17 8 D
18 9 9 9 D
18 10 11 32 U
18 11 18 28 R
18 12 16 12 D
18 13 15 13 D
18 14 12 14 D
18 15 16 15 R
18 16 11 3 D
18 17 18 17 R
18 18 16 18 R
18 19 17 19 R
18 20 17 20 R
18 21 16 34 U
18 22 15 38 U
18 23 14 33 U
18 24 9 24 R
18 25 15 25 R
18 26 29 26 R
18 27 20 27 R
18 28 12 40 U
18 29 17 40 U
18 31 13 15 R
18 32 9 19 R
18 33 17 53 L
18 34 3 25 R
18 35 20 35 U
18 36 16 18 R
18 37 17 20 R
18 38 18 21 R
18 39 18 27 R
18 40 0 47 L
18 41 17 41 U
18 42 19 42 U
18 43 18 43 U
18 44 21 44 U
18 45 10 52 L
18 46 15 38 U
18 47 15 2 D
18 48 14 4 D
18 49 1 26 R
18 50 17 50 L
18 51 11 37 U
18 52 16 45 U
18 53 16 7 D
18 54 0 21 R
18 55 14 55 L
18 56 17 56 L
18 57 19 57 L
18 58 22 58 L
18 59 23 59 L
18 60 0 27 R
19 0 11 56 L
19 1 17 47 L
19 2 17 19 R
19 3 19 47 L
19 4 14 20 R
19 5 20 31 U
19 6 21 51 L
19 7 21 57 L
19 8 12 38 U
19 9 16 9 D
19 10 19 10 D
19 11 20 16 R
19 12 20 52 L
19 13 21 22 R
19 14 0 16 R
19 15 9 15 R
19 16 20 33 U
19 17 17 1 D
19 18 19 2 D
19 19 17 0 D
19 20 2 8 D
19 21 12 58 L
19 22 9 2 D
19 23 6 57 L
19 24 22 24 R
19 25 16 39 U
19 26 28 26 R
19 27 19 27 R
19 28 18 38 U
19 29 21 29 R
19 31 16 27 R
19 32 18 28 R
19 33 15 49 L
19 34 17 29 R
19 35 16 49 L
19 36 0 54 L
19 37 13 11 D
19 38 10 15 R
19 39 21 25 R
19 40 21 40 U
19 41 20 41 U
19 42 11 42 U
19 43 19 43 U
19 44 17 44 U
19 45 14 11 D
19 46 17 10 D
19 47 16 14 D
19 48 19 37 U
19 49 12 49 L
19 50 21 7 D
19 51 21 14 D
19 52 17 43 U
19 53 17 53 L
19 54 13 3 D
19 55 14 41 U
19 56 17 31 U
19 57 13 32 U
19 58 18 58 L
19 59 25 59 L
19 60 12 60 L
20 0 18 46 L
20 1 19 26 R
20 2 9 37 U
20 3 20 3 D
20 4 19 4 D
20 5 21 5 D
20 6 21 48 L
20 7 12 19 R
20 8 20 8 D
20 9 19 21 R
20 10 19 15 R
20 11 20 11 D
20 12 18 12 D
20 13 18 57 L
20 14 0 42 U
20 15 15 36 U
20 16 8 33 U
20 17 20 17 R
20 18 12 41 U
20 19 20 34 U
20 20 6 10 D
20 21 0 40 U
20 22 21 12 D
20 23 25 23 R
20 24 25 40 U
20 25 17 25 R
20 26 22 26 R
20 27 16 13 D
20 28 9 58 L
20 29 21 6 D
20 31 15 57 L
20 32 17 32 U
20 33 10 18 R
20 34 20 29 R
20 35 21 35 U
20 36 2 36 U
20 37 21 37 U
20 38 17 56 L
20 39 20 26 R
20 40 19 55 L
20 41 19 41 U
20 42 18 42 U
20 43 21 43 U
20 44 20 27 R
20 45 23 45 U
20 46 20 32 U
20 47 19 35 U
20 48 6 9 D
20 49 19 3 D
20 50 21 50 L
20 51 18 51 L
20 52 0 25 R
20 53 18 53 L
20 54 22 33 U
20 55 18 55 L
20 56 18 0 D
20 57 25 57 L
20 58 25 58 L
20 59 31 5 D
20 60 23 60 L
21 0 19 49 L
21 1 16 56 L
21 2 18 2 D
21 3 18 3 D
21 4 0 46 L
21 5 18 5 D
21 6 21 6 D
21 7 11 53 L
21 8 21 17 R
21 9 18 19 R
21 10 7 48 L
21 11 18 11 D
21 12 21 12 D
21 13 17 13 D
21 14 18 14 D
21 15 21 1 D
21 16 19 35 U
21 17 20 7 D
21 18 20 39 U
21 19 9 44 U
21 20 16 20 R
21 21 22 38 U
21 22 12 4 D
21 23 24 23 R
21 24 26 7 D
21 25 20 44 U
21 26 28 37 U
21 27 21 27 R
21 28 26 28 R
21 29 20 29 R
21 31 19 17 R
21 32 18 55 L
21 33 4 29 R
21 34 19 34 U
21 35 20 19 R
21 36 8 51 L
21 37 20 37 U
21 38 19 56 L
21 39 31 17 R
21 40 20 40 U
21 41 0 27 R
21 42 23 42 U
21 43 16 43 U
21 44 23 58 L
21 45 24 45 U
21 46 18 38 U
21 47 14 10 D
21 48 10 48 L
21 49 14 32 U
21 50 19 8 D
21 51 6 51 L
21 52 18 52 L
21 53 20 39 U
21 54 23 54 L
21 55 21 40 U
21 56 6 5 D
21 57 23 57 L
21 58 23 14 D
21 59 26 59 L
21 60 34 60 L
22 0 16 27 R
22 1 20 48 L
22 2 12 48 L
22 3 20 15 R
22 4 21 46 L
22 5 22 52 L
22 6 20 47 L
22 7 0 31 U
22 8 25 51 L
22 9 17 18 R
22 10 18 15 R
22 11 19 18 R
22 12 21 19 R
22 13 19 55 L
22 14 23 14 D
22 15 6 47 L
22 16 23 0 D
22 17 22 5 D
22 18 23 7 D
22 19 8 48 L
22 20 21 46 L
22 21 21 21 R
22 22 7 10 D
22 23 21 23 R
22 24 26 24 R
22 25 20 37 U
22 26 29 31 U
22 27 22 3 D
22 28 25 28 R
22 29 24 2 D
22 31 22 51 L
22 32 22 19 R
22 33 12 17 R
22 34 23 18 R
22 35 20 51 L
22 36 17 25 R
22 37 17 46 L
22 38 22 54 L
22 39 31 39 U
22 40 10 29 R
22 41 19 16 R
22 42 20 42 U
22 43 20 47 L
22 44 24 44 U
22 45 20 45 U
22 46 22 45 U
22 47 12 2 D
22 48 9 2 D
22 49 23 1 D
22 50 21 3 D
22 51 21 32 U
22 52 17 14 D
22 53 23 3 D
22 54 24 54 L
22 55 9 10 D
22 56 6 32 U
22 57 24 57 L
22 58 16 58 L
22 59 32 59 L
22 60 16 60 L
23 0 21 50 L
23 1 25 17 R
23 2 23 2 D
23 3 23 3 D
23 4 21 4 D
23 5 20 5 D
23 6 22 6 D
23 7 25 7 D
23 8 24 32 U
23 9 23 9 D
23 10 22 15 R
23 11 19 11 D
23 12 12 12 D
23 13 21 13 D
23 14 22 14 D
23 15 16 0 D
23 16 13 43 U
23 17 25 17 R
23 18 24 18 R
23 19 25 19 R
23 20 24 20 R
23 21 20 21 R
23 22 22 22 R
23 23 18 23 R
23 24 25 24 R
23 25 28 13 D
23 26 27 26 R
23 27 22 27 R
23 28 24 28 R
23 29 23 29 R
23 31 25 47 L
23 32 21 24 R
23 33 25 54 L
23 34 26 34 U
23 35 9 35 U
23 36 26 36 U
23 37 23 27 R
23 38 23 38 U
23 39 30 39 U
23 40 13 9 D
23 41 24 52 L
23 42 22 42 U
23 43 25 54 L
23 44 32 44 U
23 45 24 18 R
23 46 20 0 D
23 47 11 41 U
23 48 25 48 L
23 49 24 49 L
23 50 22 7 D
23 51 22 1 D
23 52 21 52 L
23 53 25 53 L
23 54 23 0 D
23 55 20 55 L
23 56 21 11 D
23 57 2 12 D
23 58 10 58 L
23 59 31 59 L
24 0 20 17 R
24 1 23 16 R
24 2 13 29 R
24 3 18 52 L
24 4 23 47 L
24 5 24 22 R
24 6 23 6 D
24 7 24 7 D
24 8 25 8 D
24 9 25 49 L
24 10 22 10 D
24 11 17 11 D
24 12 20 54 L
24 13 24 13 D
24 14 21 14 D
24 15 9 3 D
24 16 24 1 D
24 17 20 31 U
24 18 0 49 L
24 19 20 19 R
24 20 21 20 R
24 21 18 21 R
24 22 23 22 R
24 23 0 5 D
24 24 24 24 R
24 25 26 25 R
24 26 20 26 R
24 27 22 6 D
24 28 23 28 R
24 29 22 0 D
24 31 24 53 L
24 32 24 57 L
24 33 24 54 L
24 34 6 34 U
24 35 8 46 L
24 36 14 36 U
24 37 22 37 U
24 38 20 38 U
24 39 32 39 U
24 40 25 40 U
24 41 26 41 U
24 42 18 29 R
24 43 22 43 U
24 44 23 44 U
24 45 22 23 R
24 46 24 42 U
24 47 3 16 R
24 48 22 48 L
24 49 22 9 D
24 50 22 50 L
24 51 22 51 L
24 52 10 52 L
24 53 23 5 D
24 54 26 54 L
24 55 0 33 U
24 56 22 56 L
24 57 22 57 L
24 58 28 58 L
24 59 19 59 L
25 0 9 22 R
25 1 24 1 D
25 2 23 31 U
25 3 24 49 L
25 4 22 4 D
25 5 25 50 L
25 6 24 6 D
25 7 14 7 D
25 8 27 15 R
25 9 22 9 D
25 10 20 10 D
25 11 6 23 R
25 12 25 12 D
25 13 23 13 D
25 14 20 14 D
25 15 21 42 U
25 16 21 37 U
25 17 21 2 D
25 18 23 32 U
25 19 24 8 D
25 20 25 35 U
25 21 22 13 D
25 22 23 5 D
25 23 26 23 R
25 24 17 24 R
25 25 22 25 R
25 26 2 26 R
25 27 24 27 R
25 28 22 28 R
25 29 14 45 U
25 31 17 16 R
25 32 25 24 R
25 33 21 27 R
25 34 17 34 U
25 35 22 22 R
25 36 24 36 U
25 37 24 20 R
25 38 28 17 R
25 39 5 5 D
25 40 24 40 U
25 41 27 41 U
25 42 23 20 R
25 43 24 43 U
25 44 29 44 U
25 45 25 17 R
25 46 11 46 L
25 47 23 37 U
25 48 25 31 U
25 49 24 8 D
25 50 23 50 L
25 51 23 51 L
25 52 11 12 D
25 53 20 53 L
25 54 26 32 U
25 55 21 55 L
25 56 27 56 L
25 57 7 57 L
25 58 14 58 L
25 59 29 9 D
26 0 25 48 L
26 1 26 47 L
26 2 27 18 R
26 3 0 37 U
26 4 8 20 R
26 5 26 48 L
26 6 26 21 R
26 7 27 49 L
26 8 24 8 D
26 9 20 34 U
26 10 21 10 D
26 11 12 11 D
26 12 28 57 L
26 13 28 54 L
26 14 20 21 R
26 15 23 31 U
26 16 17 16 R
26 17 20 35 U
26 18 26 0 D
26 19 25 33 U
26 20 19 3 D
26 21 23 57 L
26 22 24 14 D
26 23 24 55 L
26 24 19 24 R
26 25 27 2 D
26 26 30 26 R
26 27 22 40 U
26 28 17 42 U
26 29 20 12 D
26 31 24 16 R
26 32 25 50 L
26 33 23 47 L
26 34 14 34 U
26 35 0 46 L
26 36 28 49 L
26 37 11 16 R
26 38 29 38 U
26 39 21 22 R
26 40 23 49 L
26 41 27 56 L
26 42 21 28 R
26 43 23 43 U
26 44 27 44 U
26 45 26 50 L
26 46 21 10 D
26 47 23 45 U
26 48 25 1 D
26 49 14 7 D
26 50 24 31 U
26 51 26 3 D
26 52 1 17 R
26 53 23 37 U
26 54 27 54 L
26 55 25 55 L
26 56 23 56 L
26 57 22 2 D
26 58 19 58 L
26 59 30 59 L
27 0 27 20 R
27 1 26 1 D
27 2 23 27 R
27 3 21 54 L
27 4 21 35 U
27 5 26 5 D
27 6 28 18 R
27 7 19 7 D
27 8 26 8 D
27 9 28 9 D
27 10 21 23 R
27 11 27 58 L
27 12 28 12 D
27 13 27 13 D
27 14 13 14 D
27 15 16 46 L
27 16 14 32 U
27 17 6 4 D
27 18 27 41 U
27 19 24 41 U
27 20 10 33 U
27 21 27 21 R
27 22 23 8 D
27 23 26 12 D
27 24 28 43 U
27 25 24 25 R
27 26 10 26 R
27 27 22 2 D
27 28 27 32 U
27 29 29 29 R
27 31 24 22 R
27 32 0 6 D
27 33 8 47 L
27 34 27 28 R
27 35 3 19 R
27 36 29 36 U
27 37 16 37 U
27 38 28 20 R
27 39 25 39 U
27 40 23 53 L
27 41 21 48 L
27 42 27 42 U
27 43 24 7 D
27 44 30 44 U
27 45 27 45 U
27 46 19 43 U
27 47 25 34 U
27 48 27 2 D
27 49 27 4 D
27 50 26 50 L
27 51 27 51 L
27 52 27 52 L
27 53 26 53 L
27 54 22 54 L
27 55 31 14 D
27 56 10 24 R
27 57 8 57 L
27 58 24 6 D
27 59 29 14 D
28 0 24 46 L
28 1 26 23 R
28 2 28 58 L
28 3 28 17 R
28 4 18 34 U
28 5 0 39 U
28 6 28 6 D
28 7 15 49 L
28 8 24 51 L
28 9 27 9 D
28 10 27 10 D
28 11 28 11 D
28 12 27 12 D
28 13 22 59 L
28 14 28 25 R
28 15 23 1 D
28 16 25 36 U
28 17 27 2 D
28 18 29 40 U
28 19 30 4 D
28 20 26 20 R
28 21 29 13 D
28 22 27 38 U
28 23 28 23 R
28 24 28 24 R
28 25 28 25 R
28 26 31 26 R
28 27 23 45 U
28 28 28 28 R
28 29 25 13 D
28 31 27 57 L
28 32 24 15 R
28 33 27 47 L
28 34 25 34 U
28 35 26 51 L
28 36 25 36 U
28 37 27 18 R
28 38 28 38 U
28 39 32 58 L
28 40 29 29 R
28 41 24 41 U
28 42 28 17 R
28 43 0 53 L
28 44 31 58 L
28 45 25 45 U
28 46 25 10 D
28 47 25 41 U
28 48 28 41 U
28 49 24 6 D
28 50 26 31 U
28 51 28 31 U
28 52 26 8 D
28 53 25 3 D
28 54 0 20 R
28 55 24 55 L
28 56 28 56 L
28 57 28 6 D
28 58 29 58 L
28 59 23 44 U
29 0 25 52 L
29 1 32 46 L
29 2 27 47 L
29 3 25 3 D
29 4 30 49 L
29 5 32 18 R
29 6 27 46 L
29 7 30 51 L
29 8 29 53 L
29 9 25 9 D
29 10 27 54 L
29 11 31 11 D
29 12 29 38 U
29 13 28 51 L
29 14 31 14 D
29 15 23 37 U
29 16 29 32 U
29 17 23 53 L
29 18 29 34 U
29 19 9 42 U
29 20 26 41 U
29 21 31 0 D
29 22 28 36 U
29 23 30 11 D
29 24 7 57 L
29 25 30 42 U
29 26 23 26 R
29 27 0 57 L
29 28 18 28 R
29 29 13 29 R
29 31 29 27 R
29 32 28 50 L
29 33 6 28 R
29 34 13 22 R
29 35 28 35 U
29 36 19 36 U
29 37 24 18 R
29 38 26 21 R
29 39 28 39 U
29 40 32 17 R
29 41 23 26 R
29 42 23 19 R
29 43 31 43 U
29 44 13 59 L
29 45 31 20 R
29 46 27 9 D
29 47 25 35 U
29 48 28 38 U
29 49 27 1 D
29 50 28 36 U
29 51 29 9 D
29 52 29 52 L
29 53 26 15 R
29 54 4 21 R
29 55 27 5 D
29 56 19 0 D
29 57 26 57 L
29 58 27 13 D
29 59 8 26 R
30 0 30 15 R
30 1 32 1 D
30 2 25 52 L
30 3 30 51 L
30 4 31 4 D
30 5 31 52 L
30 6 29 46 L
30 7 30 7 D
30 8 28 8 D
30 9 0 19 R
30 10 24 58 L
30 11 21 11 D
30 12 31 16 R
30 13 26 13 D
30 14 32 19 R
30 15 21 8 D
30 16 26 38 U
30 17 32 36 U
30 18 30 0 D
30 19 0 39 U
30 20 20 41 U
30 21 30 21 R
30 22 32 39 U
30 23 32 10 D
30 24 32 24 R
30 25 29 25 R
30 26 25 26 R
30 27 29 2 D
30 28 27 39 U
30 29 31 54 L
30 31 29 56 L
30 32 20 50 L
30 33 0 15 R
30 34 29 15 R
30 35 25 16 R
30 36 28 21 R
30 37 32 56 L
30 38 26 38 U
30 39 29 39 U
30 40 29 40 U
30 41 27 49 L
30 42 31 53 L
30 43 32 43 U
30 44 31 44 U
30 45 33 49 L
30 46 27 31 U
30 47 13 31 U
30 48 29 38 U
30 49 30 6 D
30 50 22 0 D
30 51 28 6 D
30 52 19 5 D
30 53 13 14 D
30 54 26 19 R
30 55 19 36 U
30 56 17 33 U
30 57 27 3 D
30 58 15 42 U
30 59 29 59 L
31 0 29 57 L
31 1 31 1 D
31 2 29 2 D
31 3 26 3 D
31 4 29 4 D
31 5 32 5 D
31 6 30 48 L
31 7 26 7 D
31 8 29 8 D
31 9 13 19 R
31 10 32 23 R
31 11 23 59 L
31 12 26 12 D
31 13 28 59 L
31 14 30 14 D
31 15 22 46 L
31 16 28 34 U
31 17 31 37 U
31 18 19 7 D
31 19 30 41 U
31 20 22 40 U
31 21 30 5 D
31 22 24 44 U
31 23 27 23 R
31 24 4 24 R
31 25 35 13 D
31 26 33 4 D
31 27 30 27 R
31 28 24 10 D
31 29 32 29 R
31 31 26 47 L
31 32 28 48 L
31 33 30 33 U
31 34 30 27 R
31 35 22 16 R
31 36 30 4 D
31 37 30 24 R
31 38 0 47 L
31 39 29 51 L
31 40 23 29 R
31 41 20 20 R
31 42 24 25 R
31 43 30 43 U
31 44 28 52 L
31 45 34 45 U
31 46 30 4 D
31 47 20 12 D
31 48 32 1 D
31 49 30 33 U
31 50 31 6 D
31 51 0 20 R
31 52 32 52 L
31 53 30 45 U
31 54 28 54 L
31 55 16 55 L
31 56 28 35 U
31 57 32 5 D
31 58 17 58 L
31 59 28 59 L
32 0 32 48 L
32 1 29 47 L
32 2 30 2 D
32 3 32 52 L
32 4 31 18 R
32 5 0 59 L
32 6 13 39 U
32 7 15 7 D
32 8 27 8 D
32 9 31 55 L
32 10 22 55 L
32 11 29 11 D
32 12 33 46 L
32 13 24 59 L
32 14 32 53 L
32 15 29 31 U
32 16 31 16 R
32 17 28 39 U
32 18 30 3 D
32 19 24 42 U
32 20 30 43 U
32 21 23 21 R
32 22 30 1 D
32 23 19 23 R
32 24 31 24 R
32 26 34 9 D
32 27 27 27 R
32 28 13 28 R
32 31 30 22 R
32 32 30 18 R
32 33 23 33 U
32 34 31 49 L
32 35 30 50 L
32 36 31 36 U
32 37 28 37 U
32 38 6 38 U
32 39 27 29 R
32 40 27 40 U
32 41 31 41 U
32 42 23 16 R
32 43 12 43 U
32 44 25 44 U
32 45 35 45 U
32 46 31 1 D
32 47 30 35 U
32 48 20 4 D
32 49 27 40 U
32 50 29 50 L
32 51 29 39 U
32 52 28 13 D
32 53 32 44 U
32 54 30 9 D
32 55 7 55 L
32 56 31 56 L
32 57 29 57 L
32 58 32 7 D
32 59 27 59 L
33 0 23 28 R
33 1 33 57 L
33 2 28 47 L
33 3 33 52 L
33 4 35 60 L
33 5 33 5 D
33 6 31 46 L
33 7 31 54 L
33 8 31 15 R
33 9 26 34 U
33 10 30 10 D
33 11 30 11 D
33 12 22 12 D
33 13 34 60 L
33 14 23 50 L
33 15 32 31 U
33 16 28 31 U
33 17 0 58 L
33 18 22 18 R
33 19 22 0 D
33 20 31 44 U
33 21 31 32 U
33 22 34 22 R
33 23 25 36 U
33 24 29 11 D
33 26 32 8 D
33 27 19 43 U
33 28 34 34 U
33 31 21 20 R
33 32 29 22 R
33 33 33 22 R
33 34 33 48 L
33 35 33 50 L
33 36 2 17 R
33 37 30 55 L
33 38 31 59 L
33 39 9 8 D
33 40 31 19 R
33 41 33 59 L
33 42 33 42 U
33 43 24 17 R
33 45 33 45 U
33 46 33 39 U
33 47 27 12 D
33 48 34 21 R
33 49 35 8 D
33 50 4 5 D
33 51 33 11 D
33 52 19 42 U
33 53 32 2 D
33 54 28 2 D
33 55 15 55 L
33 56 33 1 D
33 57 29 10 D
33 59 32 3 D
34 0 31 24 R
34 1 9 50 L
34 2 35 17 R
34 3 15 15 R
34 4 35 4 D
34 5 30 5 D
34 6 17 16 R
34 7 34 33 U
34 8 34 60 L
34 9 34 9 D
34 11 0 18 R
34 13 35 13 D
34 14 33 14 D
34 15 29 14 D
34 16 32 3 D
34 17 25 43 U
34 18 33 42 U
34 19 33 19 R
34 21 35 21 R
34 22 35 1 D
34 23 8 23 R
34 24 24 56 L
34 26 35 26 R
34 27 31 27 R
34 31 30 55 L
34 32 35 53 L
34 33 35 59 L
34 34 34 34 U
34 35 33 35 U
34 36 34 51 L
34 37 35 37 U
34 38 36 38 U
34 39 31 18 R
34 41 35 41 U
34 42 33 24 R
34 43 21 57 L
34 46 29 32 U
34 48 34 48 L
34 49 34 49 L
34 50 32 39 U
34 51 34 51 L
34 52 31 52 L
34 53 33 53 L
34 54 8 54 L
34 55 32 55 L
34 56 33 56 L
34 57 33 57 L
34 59 33 59 L
35 0 34 26 R
35 1 34 21 R
35 2 35 2 D
35 3 14 54 L
35 4 34 4 D
35 5 24 5 D
35 6 2 56 L
35 7 35 7 D
35 8 23 36 U
35 9 33 9 D
35 11 32 11 D
35 13 34 13 D
35 14 32 32 U
35 15 35 33 U
35 16 27 7 D
35 17 34 3 D
35 19 0 53 L
35 21 2 6 D
35 22 25 22 R
35 23 31 35 U
35 24 34 24 R
35 31 35 22 R
35 32 6 22 R
35 33 23 17 R
35 34 34 21 R
35 35 32 35 U
35 36 33 26 R
35 37 34 37 U
35 39 34 19 R
35 41 34 41 U
35 42 30 42 U
35 43 34 46 L
35 46 34 45 U
35 48 35 48 L
35 49 26 49 L
35 50 24 0 D
35 51 33 51 L
35 52 34 52 L
35 53 34 31 U
35 54 10 54 L
35 55 5 41 U
35 56 35 0 D
35 57 35 37 U
35 59 34 33 U
36 0 13 15 R
36 1 35 1 D
36 4 35 25 R
36 13 33 13 D
36 14 36 14 D
36 15 24 34 U
36 16 34 38 U
36 21 30 14 D
36 31 34 15 R
36 32 20 16 R
36 46 33 4 D
36 59 36 31 U
37 1 34 1 D
37 15 33 1 D

