21 26 456
12 14 0 1 4 9 16 0 6 15 0 14
11 3 16 0 11 5 14 9 0 15 10 9
6 16 0 15 10 4 3 0 12 2 11 0
7 0 13 0 0 0 0 15 0 19 0 2
11 12 0 0 11 0 16 14 2 10 18 1
0 0 14 13 5 18 15 9 2 8 15 6
9 0 2 0 2 0 0 0 0 0 0 13
5 0 16 0 0 9 0 0 0 0 0 14
0 2 0 0 0 15 0 0 17 10 18 1
13 13 18 1 0 9 0 0 0 0 16 13
5 0 0 9 17 0 0 0 12 0 13 13
2 0 0 7 15 9 1 0 14 19 0 15
0 0 0 0 U
0 1 0 1 U
0 2 0 2 U
0 3 0 3 U
0 4 0 4 U
0 5 0 5 U
0 6 0 6 R
0 7 0 7 R
0 8 0 8 R
0 9 0 9 R
0 10 0 10 R
0 11 0 11 R
0 12 0 12 R
0 13 0 13 D
0 14 0 14 D
0 15 0 15 D
0 16 0 16 D
0 17 0 17 D
0 18 0 18 D
0 19 0 19 L
0 20 0 20 L
0 21 0 21 L
0 22 0 22 L
0 23 0 23 L
0 24 0 24 L
0 25 0 25 L
1 0 0 20 L
1 1 0 13 D
1 2 9 11 R
1 3 5 3 U
1 4 13 9 R
1 5 3 5 U
1 6 15 6 R
1 7 16 2 U
1 8 0 20 L
1 9 10 15 D
1 10 16 2 U
1 11 0 23 L
1 12 15 17 D
1 13 3 13 D
1 14 8 9 R
1 15 3 25 L
1 16 8 7 R
1 17 2 22 L
1 18 13 8 R
1 19 13 0 U
1 20 0 14 D
1 21 5 4 U
1 22 7 22 L
1 23 9 23 L
1 24 7 24 L
1 25 3 25 L
2 0 11 22 L
2 1 11 8 R
2 2 8 8 R
2 3 6 16 D
2 4 8 4 U
2 5 9 5 U
2 6 5 1 U
2 7 9 7 R
2 8 8 2 U
2 9 4 2 U
2 10 0 1 U
2 11 3 11 R
2 12 5 3 U
2 13 4 9 R
2 14 0 22 L
2 15 6 22 L
2 16 10 16 D
2 17 15 2 U
2 19 12 5 U
2 20 15 20 L
2 21 0 3 U
2 22 3 22 L
2 23 14 2 U
2 24 5 24 L
2 25 12 25 L
3 0 0 25 L
3 1 18 9 R
3 2 5 2 U
3 3 2 8 R
3 4 2 13 D
3 5 6 5 U
3 6 5 0 U
3 7 13 4 U
3 8 2 8 R
3 9 0 22 L
3 10 6 10 R
3 11 5 11 R
3 12 2 12 R
3 13 13 7 R
3 14 4 11 R
3 15 11 10 R
3 16 0 24 L
3 17 1 6 R
3 19 19 14 D
3 20 4 0 U
3 21 9 15 D
3 22 12 22 L
3 23 6 23 L
3 24 5 24 L
3 25 11 18 D
4 0 7 0 U
4 1 15 7 R
4 2 11 2 U
4 3 16 9 R
4 4 0 22 L
4 5 9 5 U
4 6 6 2 U
4 7 9 1 U
4 8 0 4 U
4 9 6 9 R
4 10 0 5 U
4 11 9 11 R
4 12 1 12 R
4 13 0 10 R
4 14 0 7 R
4 15 5 15 D
4 16 1 7 R
4 17 16 10 R
4 18 14 12 R
4 19 0 7 R
4 20 7 20 L
4 21 15 14 D
4 23 3 23 L
4 24 1 24 L
4 25 10 25 L
5 0 1 11 R
5 1 0 15 D
5 2 10 20 L
5 3 4 11 R
5 4 8 4 U
5 5 0 16 D
5 6 3 4 U
5 7 7 3 U
5 8 10 14 D
5 9 2 9 R
5 10 16 0 U
5 11 4 11 R
5 12 7 5 U
5 13 2 6 R
5 14 9 0 U
5 15 0 21 L
5 16 15 16 D
5 17 15 6 R
5 19 4 6 R
5 20 10 17 D
5 21 6 14 D
5 22 0 2 U
5 23 2 23 L
5 24 3 24 L
5 25 11 25 L
6 0 5 13 D
6 1 5 10 R
6 2 10 24 L
6 3 13 23 L
6 4 0 21 L
6 5 1 19 L
6 6 0 5 U
6 7 17 13 D
6 8 0 14 D
6 9 1 9 R
6 10 0 23 L
6 11 9 14 D
6 12 5 12 R
6 13 2 19 L
6 14 17 21 L
6 15 1 15 D
6 16 1 19 L
6 17 14 17 D
6 19 0 13 D
6 20 2 20 L
6 21 3 21 L
6 22 11 1 U
6 23 7 4 U
6 24 4 24 L
6 25 5 4 U
7 0 14 19 L
7 1 14 6 R
7 2 6 20 L
7 3 3 8 R
7 4 0 17 D
7 5 15 19 L
7 6 5 2 U
7 7 10 15 D
7 8 0 16 D
7 9 8 4 U
7 10 11 13 D
7 11 3 4 U
7 12 5 4 U
7 13 1 11 R
7 14 13 1 U
7 15 0 8 R
7 16 15 8 R
7 17 8 17 D
7 19 0 6 R
7 20 14 5 U
7 21 17 1 U
7 22 11 9 R
7 23 3 18 D
7 24 6 14 D
7 25 9 5 U
8 0 1 0 U
8 1 19 19 L
8 2 11 8 R
8 3 13 7 R
8 4 16 24 L
8 5 18 24 L
8 6 11 1 U
8 7 4 7 R
8 8 12 1 U
8 9 3 21 L
8 10 3 10 R
8 11 10 11 R
8 12 1 12 R
8 13 0 2 U
8 14 1 8 R
8 15 15 22 L
8 16 5 16 D
8 17 1 17 D
8 19 12 1 U
8 20 12 15 D
8 21 5 2 U
8 23 1 5 U
8 24 1 2 U
8 25 13 0 U
9 0 11 8 R
9 1 0 23 L
9 2 16 23 L
9 3 14 14 D
9 4 10 10 R
9 5 18 12 R
9 6 0 21 L
9 7 12 21 L
9 8 19 13 D
9 9 18 13 D
9 10 3 10 R
9 11 8 2 U
9 12 1 12 R
9 13 12 19 L
9 14 18 10 R
9 15 0 11 R
9 16 0 3 U
9 17 10 17 D
9 19 13 2 U
9 20 1 15 D
9 21 19 21 L
9 22 3 15 D
9 23 10 1 U
9 24 15 3 U
9 25 5 25 L
10 0 0 6 R
10 1 0 7 R
10 2 11 6 R
10 3 2 3 U
10 4 0 16 D
10 5 6 25 L
10 6 7 14 D
10 7 15 13 D
10 8 16 17 D
10 9 2 9 R
10 10 0 22 L
10 11 14 4 U
10 12 3 12 R
10 13 4 19 L
10 14 17 14 D
10 15 14 21 L
10 16 8 16 D
10 17 15 25 L
10 18 18 21 L
10 19 9 19 L
10 20 17 13 D
10 21 9 21 L
10 22 7 3 U
10 23 5 23 L
10 24 4 4 U
10 25 7 4 U
11 0 7 24 L
11 1 17 23 L
11 2 2 12 R
11 3 10 17 D
11 4 10 7 R
11 5 7 11 R
11 6 3 1 U
11 7 10 24 L
11 8 10 0 U
11 9 5 9 R
11 10 19 10 R
11 11 1 11 R
11 12 0 24 L
11 13 15 21 L
11 14 17 14 D
11 15 1 15 D
11 16 4 16 D
11 17 1 22 L
11 18 12 18 D
11 19 0 16 D
11 20 13 14 D
11 21 7 7 R
11 22 15 16 D
11 23 9 13 D
11 24 2 24 L
11 25 15 17 D
12 0 0 18 D
12 1 13 12 R
12 2 18 10 R
12 3 0 8 R
12 4 0 9 R
12 5 0 8 R
12 6 2 1 U
12 7 2 7 R
12 8 1 14 D
12 9 4 0 U
12 10 7 24 L
12 11 3 11 R
12 12 9 19 L
12 13 0 6 R
12 14 4 20 L
12 15 4 6 R
12 16 6 22 L
12 19 9 5 U
12 20 1 3 U
12 21 3 2 U
12 22 2 22 L
12 23 9 23 L
12 24 17 24 L
12 25 13 25 L
13 0 12 7 R
13 1 10 6 R
13 2 1 20 L
13 3 11 21 L
13 4 4 15 D
13 5 9 23 L
13 6 15 6 R
13 8 6 1 U
13 9 0 3 U
13 10 4 15 D
13 11 16 3 U
13 12 9 24 L
13 13 4 4 U
13 14 1 6 R
13 15 8 11 R
13 16 9 0 U
13 17 17 8 R
13 19 7 3 U
13 20 8 1 U
13 21 11 17 D
13 22 7 15 D
13 23 1 23 L
13 24 12 5 U
13 25 15 1 U
14 0 11 0 U
14 1 4 8 R
14 3 4 3 U
14 4 19 19 L
14 5 0 15 D
14 6 11 3 U
14 7 10 5 U
14 8 1 21 L
14 9 7 0 U
14 10 8 21 L
14 11 3 11 R
14 12 3 0 U
14 13 17 1 U
14 14 0 19 L
14 15 10 12 R
14 16 8 25 L
14 19 19 9 R
14 20 13 1 U
14 21 8 2 U
14 23 2 1 U
14 24 1 4 U
14 25 3 16 D
15 0 11 0 U
15 1 10 1 U
15 2 9 20 L
15 3 8 19 L
15 4 11 12 R
15 5 3 22 L
15 7 0 0 U
15 8 4 8 R
15 10 11 22 L
15 11 9 22 L
15 12 2 12 R
15 13 0 4 U
15 14 5 19 L
15 15 10 9 R
15 16 10 20 L
15 17 10 25 L
15 19 16 2 U
15 20 8 14 D
15 21 0 0 U
15 22 11 17 D
15 23 3 23 L
15 24 17 16 D
16 0 15 0 U
16 1 0 14 D
16 3 20 10 R
16 4 5 11 R
16 5 1 24 L
16 6 15 13 D
16 7 13 14 D
16 8 13 3 U
16 10 10 5 U
16 12 12 5 U
16 13 15 20 L
16 14 3 19 L
16 15 3 21 L
16 16 9 10 R
16 19 11 13 D
16 20 10 3 U
16 21 2 8 R
16 22 0 8 R
16 23 4 16 D
16 24 0 5 U
17 0 9 10 R
17 2 0 19 L
17 3 13 9 R
17 4 10 6 R
17 5 3 17 D
17 7 2 7 R
17 11 9 15 D
17 12 13 16 D
17 13 14 10 R
17 14 14 7 R
17 15 7 8 R
17 17 16 12 R
17 20 16 13 D
17 21 6 3 U
17 23 15 23 L
17 24 8 17 D
18 0 14 23 L
18 1 11 25 L
18 2 9 24 L
18 4 8 22 L
18 7 6 20 L
18 12 2 12 R
18 13 16 8 R
18 14 14 23 L
18 16 10 16 D
18 20 2 2 U
18 21 7 13 D
18 23 17 0 U
18 24 0 15 D
18 25 1 25 L
19 0 10 20 L
19 1 7 19 L
19 4 12 21 L
19 7 0 17 D
19 10 13 16 D
19 12 12 12 R
19 13 3 7 R
19 14 3 5 U
19 21 1 21 L
19 23 3 23 L
20 23 17 16 D

