31 42 1049
19 18 0 0 0 0 0 0 0 0 0 0 0 0 0 24
0 14 0 0 0 0 0 0 0 0 0 0 0 0 0 25
0 11 21 0 21 27 26 25 0 21 0 10 21 3 13 8
0 29 1 0 17 9 9 0 17 3 25 0 12 23 26 26
0 28 0 29 0 27 0 0 1 3 22 19 10 0 0 0
0 0 9 16 13 0 0 0 19 0 7 13 10 0 0 23
0 0 26 23 26 26 28 1 0 0 23 20 1 0 0 25
0 29 0 26 28 13 0 6 0 8 0 18 28 0 0 25
0 11 9 21 27 0 25 0 0 0 0 27 7 0 0 0
26 20 1 0 13 21 26 27 0 8 0 0 0 20 0 0
16 28 23 14 7 6 0 5 20 0 24 0 11 29 0 0
9 6 7 2 11 20 0 24 0 24 0 0 0 0 0 0
15 12 23 22 0 20 24 0 0 8 0 0 0 0 0 0
9 22 23 0 0 25 0 26 29 10 18 25 21 0 0 0
17 0 24 0 26 0 24 0 8 23 11 6 13 30 0 27
23 5 20 20 17 0 24 0 8 15 29 0 0 28 28 28
0 0 0 0 D
0 1 0 1 D
0 2 0 2 D
0 3 0 3 D
0 4 0 4 D
0 5 0 5 D
0 6 0 6 D
0 7 0 7 D
0 8 0 8 D
0 9 0 9 D
0 10 0 10 R
0 11 0 11 R
0 12 0 12 R
0 13 0 13 R
0 14 0 14 R
0 15 0 15 R
0 16 0 16 R
0 17 0 17 R
0 18 0 18 R
0 19 0 19 R
0 20 0 20 U
0 21 0 21 U
0 22 0 22 U
0 23 0 23 U
0 24 0 24 U
0 25 0 25 U
0 26 0 26 U
0 27 0 27 U
0 28 0 28 U
0 29 0 29 U
0 30 0 30 U
0 31 0 31 U
0 32 0 32 L
0 33 0 33 L
0 34 0 34 L
0 35 0 35 L
0 36 0 36 L
0 37 0 37 L
0 38 0 38 L
0 39 0 39 L
0 40 0 40 L
0 41 0 41 L
1 0 15 16 R
1 1 9 1 D
1 2 10 2 D
1 3 18 3 D
1 4 13 4 D
1 5 0 36 L
1 6 21 14 R
1 7 2 7 D
1 8 5 8 D
1 9 2 9 D
1 10 0 7 D
1 11 3 29 U
1 12 4 12 R
1 13 19 13 R
1 14 6 4 D
1 15 17 9 D
1 16 7 30 U
1 17 10 17 R
1 18 20 35 L
1 19 11 22 U
1 20 3 10 R
1 21 21 4 D
1 22 11 15 R
1 23 20 14 R
1 24 7 16 R
1 25 8 15 R
1 26 2 26 U
1 27 12 27 U
1 28 3 28 U
1 29 0 36 L
1 30 4 30 U
1 31 12 31 U
1 32 14 1 D
1 33 14 7 D
1 34 5 10 R
1 35 5 35 L
1 36 21 6 D
1 37 6 24 U
1 38 3 8 D
1 39 3 39 L
1 40 5 23 U
1 41 3 41 L
2 0 1 12 R
2 1 4 1 D
2 2 15 2 D
2 3 11 13 R
2 4 11 4 D
2 5 11 12 R
2 6 1 32 L
2 7 12 15 R
2 8 0 37 L
2 9 4 9 D
2 10 10 21 U
2 11 9 21 U
2 12 0 22 U
2 13 5 20 U
2 14 10 26 U
2 15 13 22 U
2 16 17 39 L
2 17 5 24 U
2 19 19 21 U
2 20 3 11 R
2 21 8 21 U
2 22 1 19 R
2 23 1 23 U
2 24 8 24 U
2 25 6 40 L
2 26 9 26 U
2 27 1 27 U
2 28 5 28 U
2 29 5 29 U
2 30 6 33 L
2 31 4 31 U
2 32 8 21 U
2 33 12 16 R
2 34 20 25 U
2 35 20 25 U
2 36 18 24 U
2 37 0 13 R
2 38 11 5 D
2 39 1 18 R
2 40 19 20 U
2 41 11 30 U
3 0 2 0 D
3 1 5 1 D
3 2 0 22 U
3 3 9 3 D
3 4 16 21 U
3 5 17 39 L
3 6 16 6 D
3 7 9 7 D
3 8 5 8 D
3 9 22 9 D
3 10 7 3 D
3 11 4 11 R
3 12 1 12 R
3 13 11 3 D
3 14 14 24 U
3 15 0 24 U
3 16 14 16 R
3 17 10 29 U
3 18 0 28 U
3 19 14 19 R
3 20 5 12 R
3 21 0 5 D
3 22 11 6 D
3 23 7 33 L
3 24 9 39 L
3 25 6 37 L
3 26 6 26 U
3 27 12 32 L
3 28 1 39 L
3 29 6 29 U
3 30 20 32 L
3 31 21 39 L
3 32 2 0 D
3 33 0 3 D
3 34 4 34 L
3 35 17 10 R
3 36 23 36 L
3 37 5 37 L
3 38 10 38 L
3 39 8 39 L
3 40 8 1 D
3 41 2 41 L
4 0 2 10 R
4 1 2 1 D
4 2 9 15 R
4 3 23 22 U
4 4 20 37 L
4 5 17 5 D
4 6 2 6 D
4 7 5 7 D
4 8 20 17 R
4 9 1 9 D
4 10 13 1 D
4 11 8 3 D
4 12 1 0 D
4 13 10 5 D
4 14 8 14 R
4 15 7 15 R
4 16 2 6 D
4 17 13 8 D
4 18 9 7 D
4 19 17 31 U
4 20 6 10 R
4 21 17 17 R
4 22 11 22 U
4 23 20 15 R
4 24 21 24 U
4 25 15 14 R
4 26 0 39 L
4 27 0 38 L
4 28 3 10 R
4 29 3 29 U
4 30 1 32 L
4 31 7 38 L
4 32 0 0 D
4 33 6 31 U
4 34 10 3 D
4 35 24 2 D
4 36 2 31 U
4 37 12 37 L
4 38 18 25 U
4 39 17 39 L
4 40 23 4 D
4 41 6 23 U
5 0 2 34 L
5 1 1 1 D
5 2 7 35 L
5 3 3 35 L
5 4 2 4 D
5 5 15 25 U
5 6 7 17 R
5 7 2 7 D
5 8 0 17 R
5 9 16 19 R
5 10 12 28 U
5 11 7 32 L
5 12 24 32 L
5 13 0 28 U
5 14 9 22 U
5 15 15 25 U
5 16 1 8 D
5 17 1 17 R
5 18 10 18 R
5 19 3 19 R
5 20 0 10 R
5 21 15 21 U
5 22 2 16 R
5 23 14 18 R
5 24 13 11 R
5 25 1 25 U
5 26 1 15 R
5 27 4 27 U
5 28 4 28 U
5 29 1 29 U
5 30 7 30 U
5 31 11 31 U
5 32 2 2 D
5 33 3 33 L
5 34 6 1 D
5 35 26 35 L
5 36 16 5 D
5 37 9 37 L
5 38 14 29 U
5 39 1 27 U
5 40 1 40 L
5 41 3 41 L
6 0 4 24 U
6 1 0 11 R
6 2 20 10 R
6 3 7 3 D
6 4 19 13 R
6 5 9 33 L
6 6 11 11 R
6 7 2 7 D
6 8 7 8 D
6 9 5 14 R
6 10 3 0 D
6 11 7 2 D
6 12 15 12 R
6 13 1 13 R
6 14 5 2 D
6 15 3 15 R
6 16 24 16 R
6 17 1 6 D
6 18 0 38 L
6 20 0 11 R
6 21 7 11 R
6 22 3 34 L
6 23 9 23 U
6 24 23 10 R
6 25 21 12 R
6 26 5 26 U
6 27 3 34 L
6 28 0 34 L
6 30 5 30 U
6 31 4 31 U
6 32 5 9 D
6 33 18 33 L
6 34 3 34 L
6 35 3 35 L
6 36 7 4 D
6 37 8 37 L
6 38 1 38 L
6 39 21 7 D
6 40 18 26 U
6 41 10 1 D
7 0 5 35 L
7 1 17 33 L
7 2 0 27 U
7 3 17 3 D
7 4 0 24 U
7 5 0 40 L
7 6 6 29 U
7 7 0 26 U
7 8 21 40 L
7 9 2 9 D
7 10 11 7 D
7 11 0 33 L
7 12 0 2 D
7 13 0 35 L
7 14 19 9 D
7 15 20 6 D
7 16 17 23 U
7 17 3 26 U
7 18 12 25 U
7 20 20 33 L
7 21 20 38 L
7 22 0 2 D
7 23 16 16 R
7 24 1 24 U
7 25 4 25 U
7 26 10 26 U
7 27 18 10 R
7 28 24 28 U
7 30 3 32 L
7 31 21 18 R
7 32 12 4 D
7 33 17 2 D
7 34 5 1 D
7 35 5 35 L
7 36 6 7 D
7 37 1 37 L
7 38 4 38 L
7 39 4 39 L
7 40 6 3 D
7 41 5 22 U
8 0 18 15 R
8 1 18 1 D
8 2 2 12 R
8 3 18 3 D
8 4 0 25 U
8 5 13 5 D
8 6 9 6 D
8 7 1 7 D
8 8 0 39 L
8 9 13 32 L
8 10 2 30 U
8 11 12 20 U
8 12 12 12 R
8 13 17 9 D
8 14 6 14 R
8 15 23 3 D
8 16 14 9 D
8 17 5 7 D
8 18 7 18 R
8 20 14 3 D
8 21 28 32 L
8 22 0 12 R
8 23 4 33 L
8 24 5 24 U
8 25 10 35 L
8 26 15 13 R
8 27 16 27 U
8 28 2 10 R
8 29 4 36 L
8 30 1 30 U
8 31 0 34 L
8 32 16 26 U
8 33 20 1 D
8 34 18 34 L
8 35 6 35 L
8 36 7 29 U
8 37 14 37 L
8 38 3 38 L
8 39 12 39 L
8 40 19 40 L
9 0 22 35 L
9 1 5 1 D
9 2 0 38 L
9 3 7 33 L
9 4 21 11 R
9 5 1 40 L
9 6 2 35 L
9 7 25 7 D
9 8 23 8 D
9 9 5 12 R
9 10 0 1 D
9 11 13 21 U
9 12 8 12 R
9 13 13 4 D
9 14 8 5 D
9 15 0 36 L
9 16 1 5 D
9 17 16 25 U
9 18 13 36 L
9 20 3 35 L
9 21 0 17 R
9 22 11 9 D
9 23 17 13 R
9 24 6 13 R
9 25 20 25 U
9 26 8 41 L
9 27 1 27 U
9 28 1 12 R
9 29 6 29 U
9 30 7 30 U
9 31 13 31 U
9 32 21 6 D
9 33 4 33 L
9 34 26 0 D
9 35 4 25 U
9 36 0 25 U
9 37 0 3 D
9 38 6 38 L
9 39 4 1 D
9 41 13 31 U
10 0 14 10 R
10 1 0 33 L
10 2 5 21 U
10 3 17 15 R
10 4 2 35 L
10 5 1 37 L
10 6 0 13 R
10 7 3 18 R
10 8 0 11 R
10 9 9 18 R
10 10 18 20 U
10 11 3 11 R
10 12 8 27 U
10 13 2 4 D
10 14 14 21 U
10 15 19 4 D
10 16 1 0 D
10 17 6 17 R
10 20 12 36 L
10 21 0 37 L
10 22 20 22 U
10 23 0 14 R
10 24 6 24 U
10 25 4 25 U
10 26 19 39 L
10 27 13 35 L
10 28 3 2 D
10 29 6 29 U
10 30 13 15 R
10 31 0 37 L
10 32 1 8 D
10 33 0 20 U
10 34 24 7 D
10 35 3 35 L
10 36 23 11 R
10 37 19 4 D
10 38 1 20 U
10 39 15 10 R
10 40 12 16 R
10 41 5 41 L
11 0 5 11 R
11 1 20 1 D
11 2 0 21 U
11 3 1 3 D
11 4 23 36 L
11 5 18 5 D
11 6 1 6 D
11 7 1 7 D
11 8 0 18 R
11 9 17 9 D
11 10 0 6 D
11 11 24 33 L
11 12 6 12 R
11 13 6 0 D
11 14 21 3 D
11 15 4 15 R
11 16 18 2 D
11 17 0 8 D
11 18 2 7 D
11 20 14 14 R
11 21 20 21 U
11 22 22 1 D
11 23 19 17 R
11 24 10 24 U
11 25 22 25 U
11 26 2 26 U
11 27 10 27 U
11 28 10 18 R
11 29 7 29 U
11 30 15 18 R
11 31 26 31 U
11 32 0 1 D
11 33 20 27 U
11 34 10 30 U
11 35 1 22 U
11 36 0 5 D
11 37 2 30 U
11 38 20 6 D
11 39 3 39 L
11 40 12 9 D
12 0 17 32 L
12 1 19 15 R
12 2 26 32 L
12 3 10 3 D
12 4 2 4 D
12 5 17 37 L
12 6 9 6 D
12 7 4 7 D
12 8 5 8 D
12 9 10 41 L
12 10 14 20 U
12 11 17 34 L
12 12 7 23 U
12 13 2 3 D
12 14 6 14 R
12 15 16 0 D
12 16 8 7 D
12 17 11 17 R
12 18 13 18 R
12 19 1 9 D
12 20 23 10 R
12 21 0 1 D
12 22 1 12 R
12 23 10 15 R
12 24 0 13 R
12 25 1 25 U
12 26 14 11 R
12 27 13 27 U
12 28 13 32 L
12 30 1 38 L
12 31 7 31 U
12 32 19 20 U
12 33 5 13 R
12 34 1 21 U
12 35 6 30 U
12 36 15 31 U
12 37 2 2 D
12 38 19 24 U
12 39 1 21 U
12 40 2 40 L
13 0 0 32 L
13 1 19 32 L
13 2 15 38 L
13 3 4 3 D
13 4 7 10 R
13 5 10 5 D
13 6 17 37 L
13 7 3 7 D
13 8 21 16 R
13 9 7 27 U
13 10 8 34 L
13 11 23 20 U
13 12 24 3 D
13 13 15 25 U
13 14 0 28 U
13 15 3 15 R
13 16 0 39 L
13 17 2 36 L
13 20 25 32 L
13 21 18 12 R
13 22 0 3 D
13 23 3 23 U
13 24 1 24 U
13 25 1 25 U
13 26 8 26 U
13 27 7 27 U
13 28 3 28 U
13 29 1 29 U
13 30 4 30 U
13 31 2 31 U
13 32 8 24 U
13 33 7 4 D
13 34 3 0 D
13 35 24 20 U
13 36 14 22 U
13 37 12 29 U
13 38 17 3 D
13 39 5 39 L
13 40 21 40 L
14 0 0 10 R
14 1 22 10 R
14 2 0 11 R
14 3 0 12 R
14 4 23 27 U
14 5 11 35 L
14 6 18 12 R
14 7 19 11 R
14 8 11 8 D
14 9 21 40 L
14 10 3 20 U
14 11 10 11 R
14 12 8 12 R
14 13 16 13 R
14 14 3 1 D
14 15 17 5 D
14 16 13 16 R
14 17 15 31 U
14 18 19 29 U
14 20 17 38 L
14 21 15 13 R
14 22 8 22 U
14 23 13 9 D
14 24 17 34 L
14 25 19 11 R
14 26 21 18 R
14 27 3 27 U
14 28 0 15 R
14 29 4 38 L
14 30 19 40 L
14 31 9 17 R
14 32 20 9 D
14 33 18 21 U
14 34 19 2 D
14 35 5 35 L
14 36 6 8 D
14 37 1 24 U
14 38 4 8 D
14 39 21 3 D
14 40 10 3 D
15 0 6 41 L
15 1 0 15 R
15 2 19 16 R
15 3 1 41 L
15 4 21 13 R
15 5 4 5 D
15 6 0 28 U
15 7 23 37 L
15 8 13 36 L
15 9 4 13 R
15 10 4 27 U
15 11 2 21 U
15 12 14 6 D
15 13 7 13 R
15 14 4 14 R
15 15 2 31 U
15 16 11 0 D
15 17 19 36 L
15 20 14 33 L
15 21 6 21 U
15 22 16 33 L
15 23 0 6 D
15 24 16 41 L
15 25 4 36 L
15 26 9 26 U
15 27 8 34 L
15 28 3 28 U
15 30 8 30 U
15 31 8 31 U
15 32 3 10 R
15 33 26 11 R
15 34 22 34 L
15 35 12 4 D
15 36 6 36 L
15 37 24 26 U
15 38 0 8 D
15 39 4 39 L
16 0 5 32 L
16 1 1 1 D
16 2 19 40 L
16 3 12 34 L
16 4 1 4 D
16 5 14 40 L
16 7 27 7 D
16 8 6 8 D
16 9 11 12 R
16 10 4 9 D
16 11 0 20 U
16 12 19 7 D
16 13 3 13 R
16 14 17 14 R
16 15 3 15 R
16 16 24 16 R
16 17 14 17 R
16 20 6 33 L
16 21 1 21 U
16 22 0 32 L
16 23 3 40 L
16 24 12 3 D
16 25 5 38 L
16 26 18 36 L
16 27 4 27 U
16 28 1 28 U
16 30 11 30 U
16 31 12 31 U
16 32 0 21 U
16 33 21 33 L
16 34 1 34 L
16 35 0 12 R
16 36 2 18 R
16 37 1 7 D
16 38 14 22 U
16 39 19 31 U
16 40 0 23 U
17 0 24 14 R
17 1 14 36 L
17 2 1 11 R
17 3 2 35 L
17 4 13 35 L
17 5 0 23 U
17 6 11 40 L
17 7 9 7 D
17 8 19 37 L
17 9 18 9 D
17 10 9 32 L
17 11 16 20 U
17 12 23 22 U
17 13 18 28 U
17 14 0 37 L
17 15 3 15 R
17 16 7 16 R
17 17 8 17 R
17 18 3 18 R
17 20 20 0 D
17 21 26 15 R
17 22 12 11 R
17 23 1 41 L
17 24 15 24 U
17 25 14 17 R
17 26 25 10 R
17 27 24 37 L
17 28 11 28 U
17 30 11 30 U
17 31 0 41 L
17 32 1 1 D
17 33 0 10 R
17 34 18 31 U
17 35 6 1 D
17 36 13 8 D
17 37 20 3 D
17 38 22 38 L
17 39 24 6 D
17 40 5 40 L
18 0 0 28 U
18 1 12 13 R
18 2 17 2 D
18 3 2 12 R
18 5 2 11 R
18 6 8 6 D
18 7 5 17 R
18 8 9 8 D
18 9 13 9 D
18 10 16 20 U
18 11 8 24 U
18 12 6 21 U
18 13 20 23 U
18 14 3 14 R
18 15 17 20 U
18 16 24 4 D
18 17 8 5 D
18 18 1 18 R
18 20 1 0 D
18 21 3 40 L
18 22 2 22 U
18 23 21 34 L
18 24 8 24 U
18 25 11 25 U
18 26 3 14 R
18 27 1 27 U
18 28 3 6 D
18 29 11 37 L
18 30 3 30 U
18 31 8 31 U
18 32 23 28 U
18 33 14 28 U
18 34 16 24 U
18 35 0 27 U
18 36 23 16 R
18 37 1 37 L
18 38 2 20 U
18 39 3 25 U
18 41 3 41 L
19 0 3 36 L
19 1 13 39 L
19 2 7 2 D
19 3 12 14 R
19 4 17 4 D
19 5 17 5 D
19 7 18 14 R
19 8 5 8 D
19 9 6 34 L
19 10 9 25 U
19 11 0 26 U
19 12 25 12 R
19 13 5 13 R
19 14 9 14 R
19 16 3 16 R
19 17 15 17 R
19 20 17 4 D
19 21 3 13 R
19 22 4 14 R
19 23 22 12 R
19 24 21 37 L
19 25 4 33 L
19 26 5 26 U
19 27 9 11 R
19 28 17 28 U
19 29 21 34 L
19 30 15 38 L
19 31 4 35 L
19 32 23 0 D
19 33 6 7 D
19 34 6 34 L
19 35 5 27 U
19 36 22 27 U
19 37 12 37 L
19 38 22 21 U
19 39 12 39 L
20 0 3 20 U
20 1 16 1 D
20 2 1 2 D
20 3 13 14 R
20 4 18 10 R
20 5 11 10 R
20 7 13 13 R
20 8 25 35 L
20 9 4 9 D
20 10 0 0 D
20 11 15 1 D
20 12 15 0 D
20 13 0 21 U
20 14 23 2 D
20 15 27 15 R
20 16 3 16 R
20 17 22 30 U
20 18 5 18 R
20 20 6 12 R
20 21 23 11 R
20 22 1 22 U
20 23 12 18 R
20 24 1 24 U
20 25 8 3 D
20 26 15 26 U
20 27 12 39 L
20 28 8 28 U
20 30 17 30 U
20 31 25 31 U
20 32 0 6 D
20 33 14 22 U
20 34 14 20 U
20 35 19 35 L
20 36 2 26 U
20 37 14 21 U
20 38 9 38 L
20 39 21 25 U
21 0 16 37 L
21 1 9 1 D
21 2 4 12 R
21 3 2 17 R
21 5 1 5 D
21 6 4 6 D
21 7 2 7 D
21 8 9 8 D
21 9 26 9 D
21 10 15 5 D
21 11 10 25 U
21 12 16 2 D
21 13 0 33 L
21 14 8 14 R
21 15 3 4 D
21 17 8 17 R
21 18 17 5 D
21 20 0 0 D
21 21 16 0 D
21 22 11 1 D
21 23 20 16 R
21 24 9 33 L
21 25 24 33 L
21 26 5 26 U
21 27 14 40 L
21 28 4 28 U
21 30 0 7 D
21 31 13 31 U
21 32 4 20 U
21 33 25 23 U
21 34 8 23 U
21 35 6 23 U
21 36 24 36 L
21 37 0 26 U
21 38 19 26 U
21 39 3 27 U
21 40 6 40 L
21 41 12 5 D
22 0 11 17 R
22 1 2 33 L
22 2 6 13 R
22 3 4 37 L
22 4 2 17 R
22 5 0 22 U
22 7 13 36 L
22 8 1 8 D
22 9 2 11 R
22 10 21 20 U
22 11 15 0 D
22 12 3 12 R
22 13 17 24 U
22 15 19 15 R
22 17 10 5 D
22 20 10 0 D
22 22 7 38 L
22 23 6 3 D
22 24 23 24 U
22 25 6 25 U
22 26 25 26 U
22 27 2 27 U
22 28 26 39 L
22 30 8 30 U
22 31 18 31 U
22 32 18 30 U
22 33 4 0 D
22 34 4 0 D
22 35 20 0 D
22 36 16 30 U
22 37 3 37 L
22 38 3 38 L
22 39 19 9 D
22 41 21 41 L
23 0 8 32 L
23 1 24 34 L
23 2 5 35 L
23 3 0 23 U
23 5 14 5 D
23 6 17 36 L
23 7 6 37 L
23 8 17 33 L
23 9 26 15 R
23 10 16 0 D
23 11 14 24 U
23 12 15 12 R
23 13 6 13 R
23 14 17 8 D
23 17 15 23 U
23 18 1 18 R
23 20 22 13 R
23 21 8 21 U
23 22 26 22 U
23 23 16 23 U
23 24 1 13 R
23 25 8 25 U
23 26 26 11 R
23 27 0 7 D
23 28 18 28 U
23 30 4 30 U
23 31 5 31 U
23 32 17 2 D
23 33 15 10 R
23 34 6 9 D
23 35 6 9 D
23 36 14 36 L
23 38 22 38 L
23 39 27 0 D
24 0 23 0 D
24 1 6 1 D
24 2 1 21 U
24 3 1 17 R
24 5 22 14 R
24 6 21 21 U
24 7 27 33 L
24 8 9 36 L
24 10 0 40 L
24 11 3 24 U
24 12 25 4 D
24 13 22 22 U
24 15 26 23 U
24 17 16 8 D
24 20 23 33 L
24 21 2 16 R
24 22 11 22 U
24 23 18 36 L
24 24 8 24 U
24 25 0 10 R
24 26 3 5 D
24 27 22 27 U
24 28 11 28 U
24 31 15 35 L
24 32 14 27 U
24 33 4 6 D
24 34 5 8 D
24 35 1 3 D
24 36 9 20 U
24 39 17 39 L
24 40 4 40 L
25 0 14 32 L
25 2 5 2 D
25 3 7 3 D
25 4 5 4 D
25 5 13 12 R
25 7 14 14 R
25 8 13 34 L
25 10 9 0 D
25 11 5 32 L
25 12 9 31 U
25 13 16 13 R
25 16 21 16 R
25 17 27 0 D
25 20 5 2 D
25 22 2 22 U
25 23 2 23 U
25 24 18 38 L
25 25 7 25 U
25 27 9 27 U
25 31 18 31 U
25 32 12 7 D
25 33 4 20 U
25 34 2 22 U
25 39 6 39 L
26 0 7 17 R
26 2 7 2 D
26 3 25 36 L
26 5 3 5 D
26 7 11 35 L
26 8 24 8 D
26 10 12 20 U
26 12 23 21 U
26 13 14 13 R
26 15 5 21 U
26 17 6 17 R
26 21 5 11 R
26 22 4 22 U
26 23 2 23 U
26 24 13 24 U
26 25 16 34 L
26 27 4 33 L
26 31 4 31 U
26 32 27 5 D
26 33 10 12 R
26 34 9 3 D
26 35 25 24 U
26 37 24 17 R
26 39 6 39 L
27 2 0 30 U
27 3 21 12 R
27 5 0 33 L
27 10 4 31 U
27 12 11 1 D
27 13 2 20 U
27 17 6 17 R
27 24 3 14 R
27 25 15 16 R
27 31 8 13 R
27 33 1 22 U
27 34 1 23 U
27 39 20 39 L
28 2 26 36 L
28 5 4 5 D
28 12 23 36 L
28 13 27 24 U
28 17 10 17 R
28 24 10 34 L
28 25 0 1 D
28 33 8 26 U
28 39 13 2 D
29 2 5 2 D
29 5 19 13 R
29 24 10 3 D
29 25 2 25 U
29 33 19 28 U
29 39 1 39 L
30 24 3 24 U

