24 16 345
15 0 20 21 0 0 0 0 0 0 0 0 0 0 9
0 21 17 4 0 0 0 0 0 0 0 0 0 0 0
21 0 10 22 0 0 0 0 0 0 0 0 0 0 9
0 0 0 1 15 0 0 0 0 0 15 0 0 0 17
0 0 0 0 15 0 0 0 0 0 19 0 0 8 0
7 22 18 11 0 0 0 0 0 0 0 0 0 0 15
2 12 0 0 0 0 0 0 0 0 0 0 11 0 0
0 2 11 15 0 0 0 17 0 0 0 16 22 0 0
2 0 0 5 0 0 0 14 0 0 0 21 0 7 11
1 20 19 0 0 0 0 0 0 18 11 0 0 0 0
0 21 2 0 12 0 0 7 11 0 0 12 0 0 0
15 0 0 0 0 20 0 0 0 0 21 16 0 0 0
18 0 0 11 0 0 0 0 10 0 0 19 0 0 0
12 0 12 0 12 11 0 0 0 16 0 8 5 13 19
9 15 0 2 0 0 0 19 12 0 11 0 7 0 20
0 0 0 0 L
0 1 0 1 L
0 2 0 2 L
0 3 0 3 L
0 4 0 4 R
0 5 0 5 R
0 6 0 6 R
0 7 0 7 R
0 8 0 8 D
0 9 0 9 D
0 10 0 10 D
0 11 0 11 D
0 12 0 12 U
0 13 0 13 U
0 14 0 14 U
0 15 0 15 U
1 0 9 14 U
1 1 10 14 U
1 2 12 9 D
1 3 7 3 L
1 4 16 13 U
1 5 0 8 D
1 6 13 9 D
1 7 15 7 R
1 8 6 12 U
1 9 2 9 D
1 10 2 10 D
1 11 8 11 D
1 12 7 12 U
1 13 5 13 U
1 14 4 14 U
1 15 2 15 U
2 0 0 12 U
2 1 0 13 U
2 2 10 13 U
2 3 8 3 L
2 4 8 0 L
2 5 0 12 U
2 6 9 6 R
2 7 12 13 U
2 8 1 8 D
2 9 7 9 D
2 10 20 7 R
2 11 15 6 R
2 12 4 12 U
2 13 3 13 U
2 14 3 14 U
2 15 3 15 U
3 0 10 15 U
3 1 11 12 U
3 2 17 11 D
3 3 7 4 R
3 4 9 9 D
3 5 8 9 D
3 6 11 13 U
3 7 0 10 D
3 8 12 7 R
3 9 8 9 D
3 10 2 10 D
3 11 2 11 D
3 12 16 4 R
3 13 11 3 L
3 14 16 4 R
3 15 8 1 L
4 0 6 15 U
4 1 7 9 D
4 2 6 2 L
4 3 19 14 U
4 4 5 4 R
4 5 1 5 R
4 6 18 6 R
4 7 13 12 U
4 8 11 5 R
4 9 2 5 R
4 10 12 10 D
4 11 9 11 D
4 12 11 3 L
4 13 5 3 L
4 14 10 3 L
4 15 1 15 U
5 0 7 0 L
5 1 0 8 D
5 2 18 2 L
5 3 0 14 U
5 4 12 1 L
5 5 2 5 R
5 6 0 1 L
5 7 4 10 D
5 8 20 4 R
5 9 19 7 R
5 10 2 6 R
5 11 8 11 D
5 12 0 11 D
5 13 10 5 R
5 14 0 7 R
5 15 4 15 U
6 0 5 8 D
6 1 12 1 L
6 2 1 2 L
6 3 10 3 L
6 4 0 3 L
6 5 4 9 D
6 6 8 6 R
6 7 12 2 L
6 8 2 8 D
6 9 13 6 R
6 10 2 10 D
6 11 13 7 R
6 12 1 0 L
6 13 0 2 L
6 14 17 7 R
6 15 11 3 L
7 0 0 6 R
7 1 17 12 U
7 2 19 12 U
7 3 12 11 D
7 4 6 10 D
7 5 15 5 R
7 6 16 11 D
7 7 1 7 R
7 8 8 0 L
7 9 4 2 L
7 10 18 10 D
7 11 9 6 R
7 12 3 0 L
7 13 0 5 R
7 14 0 10 D
7 15 12 15 U
8 0 1 0 L
8 1 17 13 U
8 2 13 2 L
8 3 9 10 D
8 4 1 4 R
8 5 0 0 L
8 6 6 10 D
8 7 10 11 D
8 8 0 4 R
8 9 13 4 R
8 10 4 10 D
8 11 4 7 R
8 12 3 2 L
8 13 16 13 U
8 14 12 14 U
8 15 15 15 U
9 0 12 9 D
9 1 13 9 D
9 2 1 12 U
9 3 4 3 L
9 4 11 4 R
9 5 17 1 L
9 6 8 6 R
9 7 10 10 D
9 8 17 12 U
9 9 2 9 D
9 10 2 5 R
9 11 1 11 D
9 12 6 12 U
9 13 0 6 R
9 14 2 14 U
9 15 4 15 U
10 0 15 9 D
10 1 11 1 L
10 2 15 10 D
10 3 15 3 L
10 4 8 4 R
10 5 6 3 L
10 6 20 8 D
10 7 0 2 L
10 8 12 0 L
10 9 0 5 R
10 10 9 10 D
10 11 0 6 R
10 12 8 1 L
10 13 11 1 L
10 14 22 14 U
10 15 17 10 D
11 0 0 15 U
11 1 18 9 D
11 2 14 12 U
11 3 20 9 D
11 4 3 8 D
11 5 4 8 D
11 6 6 11 D
11 7 14 9 D
11 8 8 4 R
11 9 0 12 U
11 10 14 14 U
11 11 8 7 R
11 12 7 0 L
11 13 4 1 L
11 14 9 7 R
11 15 10 10 D
12 0 7 0 L
12 1 4 8 D
12 2 5 15 U
12 3 11 13 U
12 4 0 1 L
12 5 6 8 D
12 6 8 6 R
12 7 6 7 R
12 8 0 0 L
12 9 4 1 L
12 10 1 10 D
12 11 1 11 D
12 12 14 4 R
12 13 2 13 U
12 14 6 14 U
12 15 3 5 R
13 0 4 15 U
13 1 1 13 U
13 2 5 14 U
13 3 14 11 D
13 4 14 9 D
13 5 19 9 D
13 6 18 14 U
13 7 18 7 R
13 8 1 1 L
13 9 6 4 R
13 10 2 2 L
13 11 8 11 D
13 12 0 0 L
13 13 6 6 R
13 14 20 2 L
13 15 16 5 R
14 0 16 9 D
14 1 22 10 D
14 2 22 2 L
14 3 4 12 U
14 4 19 10 D
14 5 6 12 U
14 6 12 12 U
14 7 13 8 D
14 8 8 1 L
14 9 8 12 U
14 10 19 0 L
14 11 2 11 D
14 12 9 2 L
14 13 0 8 D
14 14 6 1 L
14 15 7 7 R
15 0 11 0 L
15 1 5 8 D
15 3 18 3 L
15 4 6 4 R
15 5 1 10 D
15 6 19 6 R
15 7 9 1 L
15 8 5 5 R
15 9 3 6 R
15 10 8 5 R
15 11 16 5 R
15 12 10 7 R
15 13 5 4 R
15 14 6 14 U
15 15 4 15 U
16 0 13 13 U
16 1 9 8 D
16 2 21 8 D
16 3 3 10 D
16 4 19 15 U
16 5 2 5 R
16 6 6 8 D
16 7 6 0 L
16 8 9 8 D
16 9 10 13 U
16 10 14 1 L
16 11 12 11 D
16 12 0 4 R
16 13 14 6 R
16 14 1 14 U
17 0 0 11 D
17 2 11 11 D
17 3 12 3 L
17 4 2 1 L
17 5 16 2 L
17 6 10 2 L
17 7 12 7 R
17 8 3 5 R
17 9 7 6 R
17 10 13 4 R
17 11 4 11 D
17 12 14 8 D
17 13 8 13 U
17 14 13 5 R
17 15 18 4 R
18 0 4 8 D
18 1 5 1 L
18 2 4 2 L
18 3 12 3 L
18 4 2 4 R
18 5 23 9 D
18 6 4 6 R
18 8 0 2 L
18 9 2 9 D
18 10 0 1 L
18 11 19 15 U
18 12 10 5 R
18 13 7 13 U
18 14 4 4 R
19 0 12 14 U
19 1 7 1 L
19 2 15 12 U
19 3 20 12 U
19 4 21 12 U
19 5 23 5 R
19 6 0 13 U
19 7 21 15 U
19 8 13 4 R
19 9 21 5 R
19 10 9 5 R
19 11 2 5 R
19 12 5 3 L
19 13 8 2 L
19 14 13 0 L
20 0 19 13 U
20 3 12 12 U
20 4 0 11 D
20 5 16 9 D
20 6 14 13 U
20 8 14 14 U
20 9 6 9 D
20 10 4 7 R
20 12 3 6 R
20 13 15 13 U
20 14 2 14 U
21 0 12 12 U
21 3 16 10 D
21 4 6 9 D
21 6 0 0 L
21 8 14 2 L
21 9 2 12 U
21 10 19 3 L
21 12 15 5 R
21 13 22 11 D
21 14 3 7 R
22 0 8 10 D
22 4 14 14 U
22 6 6 2 L
22 9 10 9 D
22 10 3 6 R
22 13 3 6 R
22 14 23 3 L
23 0 3 13 U
23 6 18 8 D
23 13 21 0 L

