34 37 1024
13 2 4 0 13 0 13 1 0 20 0 0 0 0 0 0 24
8 0 28 1 29 22 24 18 0 18 0 0 0 0 0 31 8
3 27 0 9 24 6 7 19 0 17 0 17 17 9 10 0 17
19 32 29 0 14 2 0 20 0 0 0 0 0 27 0 2 31
14 19 3 33 0 19 0 6 0 0 0 0 17 0 14 0 8
15 0 30 0 0 13 17 27 9 28 0 9 0 0 30 4 25
11 1 0 16 2 0 26 14 12 0 19 11 25 0 0 5 19
26 0 19 0 0 0 0 12 15 0 25 0 9 28 17 11 30
0 1 26 0 0 0 0 3 0 0 0 9 30 0 0 20 17
25 23 0 0 0 25 0 2 21 5 24 0 0 0 0 9 27
24 0 18 8 8 21 0 8 0 0 21 13 0 0 0 11 0
4 0 2 0 0 10 0 2 26 3 17 0 31 0 19 19 22
19 13 3 0 0 3 0 15 0 0 12 0 0 24 0 28 0
3 14 0 10 0 9 0 1 25 0 7 7 33 0 0 0 0
24 0 0 20 1 10 16 0 0 0 0 0 31 11 30 0 4
13 29 0 2 23 0 11 0 0 0 0 0 0 25 16 0 29
28 2 0 32 27 20 10 0 17 0 15 0 1 24 0 0 11
0 0 0 0 R
0 1 0 1 R
0 2 0 2 R
0 3 0 3 R
0 4 0 4 R
0 5 0 5 R
0 6 0 6 R
0 7 0 7 R
0 8 0 8 U
0 9 0 9 U
0 10 0 10 U
0 11 0 11 U
0 12 0 12 U
0 13 0 13 U
0 14 0 14 U
0 15 0 15 U
0 16 0 16 U
0 17 0 17 U
0 18 0 18 D
0 19 0 19 D
0 20 0 20 D
0 21 0 21 D
0 22 0 22 D
0 23 0 23 D
0 24 0 24 D
0 25 0 25 D
0 26 0 26 D
0 27 0 27 D
0 28 0 28 L
0 29 0 29 L
0 30 0 30 L
0 31 0 31 L
0 32 0 32 L
0 33 0 33 L
0 34 0 34 L
0 35 0 35 L
0 36 0 36 L
1 0 0 28 L
1 1 0 18 D
1 2 6 13 U
1 3 15 26 D
1 4 21 12 U
1 5 27 11 U
1 6 7 14 U
1 7 7 9 U
1 8 12 1 R
1 9 19 3 R
1 10 3 29 L
1 11 8 2 R
1 12 15 32 L
1 13 6 13 U
1 14 10 14 U
1 15 4 15 U
1 16 13 16 U
1 17 19 29 L
1 18 14 2 R
1 19 9 4 R
1 20 19 12 U
1 21 9 1 R
1 22 10 34 L
1 23 18 6 R
1 24 5 33 L
1 25 14 25 D
1 26 7 31 L
1 27 10 35 L
1 28 0 18 D
1 29 11 29 L
1 30 17 19 D
1 31 11 20 D
1 32 23 32 L
1 33 11 33 L
1 34 27 10 U
1 35 0 13 U
2 0 7 18 D
2 1 16 1 R
2 2 14 12 U
2 3 1 22 D
2 4 26 4 R
2 5 1 24 D
2 6 9 6 R
2 7 12 7 R
2 8 0 0 R
2 9 5 30 L
2 10 6 30 L
2 11 13 11 U
2 12 1 12 U
2 13 9 13 U
2 14 20 34 L
2 15 14 34 L
2 16 0 36 L
2 17 4 32 L
2 18 7 6 R
2 19 0 35 L
2 20 0 2 R
2 21 4 34 L
2 22 17 32 L
2 23 8 23 D
2 24 21 7 R
2 25 5 25 D
2 26 14 26 D
2 27 19 27 D
2 28 20 25 D
2 29 0 8 U
2 30 10 20 D
2 31 3 31 L
2 32 6 32 L
2 33 16 14 U
2 34 1 9 U
2 35 27 22 D
2 36 7 13 U
3 0 5 18 D
3 1 19 18 D
3 2 0 9 U
3 3 7 22 D
3 4 7 4 R
3 5 13 23 D
3 6 17 6 R
3 7 0 16 U
3 8 7 4 R
3 9 0 18 D
3 10 0 3 R
3 11 0 29 L
3 12 24 12 U
3 13 16 13 U
3 14 8 14 U
3 15 7 15 U
3 16 20 34 L
3 17 1 17 U
3 18 14 4 R
3 19 1 30 L
3 20 4 4 R
3 21 23 35 L
3 22 8 22 D
3 23 5 34 L
3 24 4 33 L
3 25 19 15 U
3 26 4 26 D
3 27 8 27 D
3 28 0 10 U
3 29 16 3 R
3 30 15 8 U
3 31 0 9 U
3 32 26 14 U
3 33 26 11 U
3 34 0 5 R
3 35 2 35 L
4 0 0 21 D
4 1 2 8 U
4 2 27 10 U
4 3 16 23 D
4 4 1 20 D
4 5 18 22 D
4 6 13 6 R
4 7 23 17 U
4 8 5 25 D
4 9 8 4 R
4 10 20 29 L
4 11 19 30 L
4 12 3 28 L
4 13 7 13 U
4 14 1 30 L
4 15 1 15 U
4 16 23 28 L
4 17 21 20 D
4 18 0 29 L
4 19 0 28 L
4 20 5 20 D
4 21 5 32 L
4 22 8 31 L
4 23 6 33 L
4 24 6 32 L
4 25 1 25 D
4 26 3 5 R
4 27 5 27 D
4 28 22 20 D
4 29 19 9 U
4 30 2 25 D
4 31 12 19 D
4 32 17 22 D
4 33 6 24 D
4 34 2 34 L
4 35 2 35 L
5 0 6 21 D
5 1 18 1 R
5 2 2 2 R
5 3 11 11 U
5 4 8 19 D
5 5 20 16 U
5 6 20 10 U
5 7 1 18 D
5 8 13 8 U
5 9 28 0 R
5 10 14 28 L
5 11 16 6 R
5 12 3 12 U
5 13 0 20 D
5 14 0 26 D
5 15 3 32 L
5 16 6 36 L
5 17 2 17 U
5 18 4 16 U
5 19 3 29 L
5 20 14 34 L
5 21 0 5 R
5 22 16 34 L
5 23 26 33 L
5 24 12 35 L
5 25 23 25 D
5 26 17 33 L
5 27 12 27 D
5 28 0 26 D
5 29 16 18 D
5 30 10 18 D
5 31 24 11 U
5 32 16 20 D
5 33 7 25 D
5 34 4 6 R
5 35 16 35 L
5 36 10 23 D
6 0 26 0 R
6 1 10 23 D
6 2 15 20 D
6 3 9 13 U
6 4 14 24 D
6 5 9 24 D
6 6 2 6 R
6 7 3 16 U
6 8 0 28 L
6 9 22 1 R
6 10 14 24 D
6 11 1 11 U
6 12 5 12 U
6 13 13 1 R
6 14 4 28 L
6 15 1 15 U
6 16 13 16 U
6 17 17 17 U
6 18 1 8 U
6 19 18 30 L
6 20 8 30 L
6 21 5 21 D
6 22 14 22 D
6 23 0 13 U
6 24 15 24 D
6 25 31 25 D
6 26 15 26 D
6 27 11 30 L
6 28 11 17 U
6 29 12 8 U
6 30 7 13 U
6 31 9 31 L
6 32 23 25 D
6 33 12 33 L
6 34 29 34 L
6 35 9 35 L
6 36 0 17 U
7 0 1 18 D
7 1 9 19 D
7 2 2 11 U
7 3 6 3 R
7 4 27 13 U
7 5 19 10 U
7 6 9 11 U
7 7 1 10 U
7 8 5 2 R
7 9 23 1 R
7 10 0 2 R
7 11 3 11 U
7 12 15 12 U
7 13 26 31 L
7 14 27 29 L
7 15 10 0 R
7 16 10 5 R
7 17 15 17 U
7 18 9 28 L
7 19 14 28 L
7 20 0 31 L
7 21 12 21 D
7 22 4 22 D
7 23 13 32 L
7 24 1 24 D
7 25 16 25 D
7 26 15 26 D
7 27 29 34 L
7 28 15 19 D
7 29 16 21 D
7 30 18 13 U
7 31 12 5 R
7 32 2 10 U
7 33 28 22 D
7 34 18 34 L
7 35 20 21 D
7 36 19 36 L
8 0 23 23 D
8 1 26 15 U
8 2 19 19 D
8 3 25 20 D
8 4 6 14 U
8 5 0 32 L
8 6 2 11 U
8 7 12 27 D
8 8 9 18 D
8 9 0 19 D
8 10 15 10 U
8 11 10 11 U
8 12 16 0 R
8 13 2 13 U
8 14 11 1 R
8 15 16 32 L
8 16 7 16 U
8 17 14 17 U
8 18 3 30 L
8 20 13 20 D
8 21 23 5 R
8 22 28 4 R
8 23 22 23 D
8 24 2 24 D
8 25 23 31 L
8 26 3 32 L
8 27 4 29 L
8 28 12 13 U
8 29 13 11 U
8 30 27 23 D
8 31 27 26 D
8 32 0 10 U
8 33 20 15 U
8 34 3 34 L
8 35 2 17 U
9 0 21 9 U
9 1 11 15 U
9 2 11 2 R
9 3 19 24 D
9 4 1 4 R
9 5 6 5 R
9 6 1 6 R
9 7 12 22 D
9 8 21 6 R
9 9 3 29 L
9 10 0 30 L
9 11 23 33 L
9 12 28 31 L
9 13 23 36 L
9 14 1 14 U
9 15 15 15 U
9 16 8 26 D
9 17 25 30 L
9 18 0 30 L
9 19 7 31 L
9 20 20 30 L
9 21 13 30 L
9 22 0 13 U
9 23 13 33 L
9 24 30 34 L
9 25 3 25 D
9 26 22 26 D
9 28 2 18 D
9 29 3 8 U
9 30 25 30 L
9 31 2 31 L
9 32 17 32 L
9 33 10 8 U
9 34 3 34 L
9 35 2 20 D
10 0 18 20 D
10 1 14 14 U
10 2 4 19 D
10 3 3 3 R
10 4 18 8 U
10 5 5 16 U
10 6 7 15 U
10 7 23 12 U
10 8 17 0 R
10 9 14 9 U
10 10 8 4 R
10 11 11 5 R
10 12 1 4 R
10 13 6 5 R
10 14 12 14 U
10 15 24 15 U
10 16 9 29 L
10 17 0 35 L
10 18 21 7 R
10 19 0 3 R
10 20 16 28 L
10 21 3 21 D
10 22 1 22 D
10 23 6 16 U
10 24 3 6 R
10 25 20 10 U
10 26 1 26 D
10 27 26 27 D
10 28 19 24 D
10 29 13 22 D
10 30 18 9 U
10 31 17 19 D
10 32 9 24 D
10 33 17 23 D
10 34 6 3 R
10 35 12 15 U
10 36 2 36 L
11 0 28 17 U
11 1 23 30 L
11 2 18 14 U
11 3 3 3 R
11 4 19 16 U
11 5 9 12 U
11 6 5 15 U
11 7 9 10 U
11 8 3 34 L
11 9 20 2 R
11 10 15 31 L
11 11 3 2 R
11 12 0 32 L
11 13 18 2 R
11 14 17 21 D
11 15 5 6 R
11 16 3 6 R
11 17 7 4 R
11 18 10 1 R
11 19 26 8 U
11 20 14 2 R
11 21 6 21 D
11 22 0 10 U
11 23 1 23 D
11 24 21 24 D
11 25 3 25 D
11 26 29 30 L
11 28 0 14 U
11 29 15 9 U
11 30 23 15 U
11 31 24 14 U
11 32 6 32 L
11 33 28 21 D
11 34 9 24 D
11 35 12 7 R
12 0 4 11 U
12 1 1 1 R
12 2 1 14 U
12 3 4 13 U
12 4 19 27 D
12 5 7 5 R
12 6 7 6 R
12 7 11 16 U
12 8 16 2 R
12 9 0 1 R
12 10 15 5 R
12 11 20 3 R
12 12 7 2 R
12 13 2 4 R
12 14 3 14 U
12 15 30 18 D
12 16 2 36 L
12 17 23 5 R
12 18 10 3 R
12 19 15 1 R
12 20 1 4 R
12 21 28 0 R
12 22 5 1 R
12 23 4 33 L
12 24 1 24 D
12 25 0 16 U
12 26 3 7 R
12 28 20 9 U
12 29 0 3 R
12 30 18 24 D
12 31 9 15 U
12 32 2 8 U
12 33 19 10 U
12 34 11 14 U
12 35 23 35 L
12 36 3 6 R
13 0 14 8 U
13 1 3 18 D
13 2 6 11 U
13 3 20 12 U
13 4 19 22 D
13 5 11 13 U
13 6 18 6 R
13 7 2 23 D
13 8 2 32 L
13 9 9 34 L
13 10 21 31 L
13 11 4 22 D
13 12 7 12 U
13 13 0 4 R
13 14 5 14 U
13 15 8 28 L
13 16 7 16 U
13 17 0 24 D
13 18 0 8 U
13 19 5 33 L
13 20 1 30 L
13 21 5 29 L
13 22 11 33 L
13 23 9 28 L
13 24 2 24 D
13 25 16 13 U
13 26 8 26 D
13 28 0 0 R
13 29 11 21 D
13 30 3 10 U
13 31 24 4 R
13 32 12 23 D
13 33 19 12 U
13 34 15 12 U
13 35 10 8 U
14 0 1 24 D
14 1 23 9 U
14 2 0 20 D
14 3 4 23 D
14 4 11 18 D
14 5 30 21 D
14 6 8 23 D
14 7 0 24 D
14 8 23 29 L
14 9 29 29 L
14 10 0 31 L
14 11 0 34 L
14 12 5 5 R
14 13 8 13 U
14 14 1 33 L
14 15 5 35 L
14 16 5 24 D
14 17 6 19 D
14 18 22 0 R
14 20 16 20 D
14 21 6 21 D
14 22 4 6 R
14 23 3 23 D
14 24 25 24 D
14 25 8 25 D
14 26 0 15 U
14 27 7 27 D
14 28 27 8 U
14 29 20 10 U
14 30 21 11 U
14 31 1 9 U
14 32 2 12 U
14 33 3 14 U
14 34 6 17 U
14 35 10 16 U
14 36 2 36 L
15 0 20 29 L
15 1 1 18 D
15 2 19 30 L
15 3 17 21 D
15 4 7 4 R
15 5 4 5 R
15 6 19 25 D
15 7 8 20 D
15 8 27 0 R
15 9 10 1 R
15 10 27 20 D
15 11 4 28 L
15 12 16 33 L
15 13 0 28 L
15 14 13 14 U
15 15 17 31 L
15 16 14 16 U
15 17 2 17 U
15 18 17 7 R
15 19 27 0 R
15 20 0 35 L
15 21 26 21 D
15 22 16 22 D
15 23 27 23 D
15 24 0 6 R
15 25 23 35 L
15 26 16 6 R
15 28 23 23 D
15 29 18 9 U
15 30 23 9 U
15 31 0 20 D
15 32 24 21 D
15 33 0 7 R
15 34 24 23 D
15 35 20 35 L
16 0 14 26 D
16 1 1 26 D
16 2 24 8 U
16 3 18 21 D
16 4 18 9 U
16 5 19 20 D
16 6 22 6 R
16 7 0 15 U
16 8 4 6 R
16 9 17 5 R
16 10 15 3 R
16 11 6 11 U
16 12 19 30 L
16 13 7 29 L
16 14 5 14 U
16 15 23 15 U
16 16 11 7 R
16 18 21 5 R
16 19 4 28 L
16 20 18 34 L
16 21 3 3 R
16 22 5 22 D
16 23 8 23 D
16 24 21 29 L
16 25 23 5 R
16 26 3 3 R
16 28 13 16 U
16 29 10 18 D
16 30 18 11 U
16 31 3 31 L
16 32 11 19 D
16 33 27 17 U
16 34 28 17 U
16 35 0 20 D
16 36 10 16 U
17 0 4 22 D
17 1 14 19 D
17 2 4 2 R
17 3 1 8 U
17 4 3 4 R
17 5 4 5 R
17 6 27 6 R
17 7 24 7 R
17 8 22 7 R
17 9 10 29 L
17 10 19 2 R
17 11 22 32 L
17 12 13 6 R
17 13 20 32 L
17 14 20 3 R
17 15 2 7 R
17 16 25 0 R
17 18 13 18 D
17 19 9 32 L
17 20 12 35 L
17 21 2 33 L
17 22 18 2 R
17 23 21 35 L
17 24 0 36 L
17 25 8 25 D
17 26 7 1 R
17 28 10 22 D
17 29 1 19 D
17 30 30 18 D
17 31 28 10 U
17 32 21 13 U
17 33 16 11 U
17 34 28 9 U
17 35 1 35 L
17 36 7 24 D
18 0 22 8 U
18 1 3 9 U
18 2 17 2 R
18 3 26 3 R
18 4 1 4 R
18 5 1 14 U
18 6 12 6 R
18 7 8 7 R
18 8 2 28 L
18 9 2 28 L
18 10 3 10 U
18 11 24 11 U
18 12 9 12 U
18 13 10 13 U
18 14 26 2 R
18 15 11 2 R
18 16 17 16 U
18 17 0 25 D
18 18 13 5 R
18 19 16 1 R
18 20 2 1 R
18 21 10 6 R
18 22 0 7 R
18 23 7 34 L
18 24 1 33 L
18 25 27 36 L
18 26 9 1 R
18 28 19 11 U
18 29 2 13 U
18 30 0 11 U
18 31 6 19 D
18 32 24 9 U
18 33 10 2 R
18 34 2 10 U
18 35 10 35 L
19 0 14 18 D
19 1 8 25 D
19 2 28 21 D
19 3 0 31 L
19 4 0 33 L
19 5 14 19 D
19 6 1 15 U
19 7 30 10 U
19 8 22 8 U
19 9 4 9 U
19 10 14 34 L
19 11 18 11 U
19 12 21 19 D
19 13 27 1 R
19 14 5 14 U
19 15 4 33 L
19 16 2 22 D
19 17 8 33 L
19 18 11 0 R
19 19 3 28 L
19 20 0 4 R
19 21 15 2 R
19 22 1 5 R
19 23 8 23 D
19 24 8 24 D
19 25 2 25 D
19 26 25 32 L
19 27 5 34 L
19 28 2 21 D
19 30 11 23 D
19 31 0 2 R
19 32 8 26 D
19 33 29 26 D
19 34 13 7 R
19 35 12 19 D
20 0 3 0 R
20 1 30 8 U
20 2 22 17 U
20 3 15 30 L
20 4 5 8 U
20 5 22 27 D
20 6 1 6 R
20 7 28 15 U
20 8 13 0 R
20 9 28 20 D
20 10 4 29 L
20 11 6 5 R
20 12 0 1 R
20 13 0 0 R
20 14 1 23 D
20 15 1 30 L
20 16 1 16 U
20 17 0 7 R
20 18 1 18 D
20 19 5 1 R
20 20 28 6 R
20 21 15 34 L
20 22 1 30 L
20 23 14 3 R
20 24 4 2 R
20 25 21 33 L
20 26 0 28 L
20 28 15 20 D
20 29 7 20 D
20 30 16 21 D
20 31 6 26 D
20 32 10 21 D
20 33 0 1 R
20 34 18 12 U
20 35 7 8 U
21 0 9 12 U
21 1 0 11 U
21 2 14 24 D
21 3 25 15 U
21 4 15 32 L
21 5 10 17 U
21 6 2 13 U
21 7 26 21 D
21 9 3 30 L
21 10 14 10 U
21 11 4 2 R
21 12 14 12 U
21 13 23 34 L
21 14 20 5 R
21 15 15 15 U
21 16 9 1 R
21 18 0 0 R
21 21 0 11 U
21 22 6 3 R
21 23 16 30 L
21 24 7 35 L
21 25 0 17 U
21 26 3 26 D
21 28 14 24 D
21 29 22 26 D
21 30 1 21 D
21 31 22 16 U
21 32 7 32 L
21 33 14 16 U
21 34 23 15 U
21 35 1 16 U
22 0 13 18 D
22 1 9 1 R
22 2 12 2 R
22 3 9 3 R
22 4 23 25 D
22 5 0 31 L
22 6 15 16 U
22 8 16 5 R
22 9 2 32 L
22 10 0 21 D
22 11 20 4 R
22 12 23 12 U
22 13 10 13 U
22 14 3 14 U
22 15 24 0 R
22 16 2 7 R
22 18 20 29 L
22 19 2 29 L
22 20 3 30 L
22 21 2 34 L
22 22 3 22 D
22 24 1 4 R
22 25 0 30 L
22 26 31 26 D
22 28 1 18 D
22 29 5 19 D
22 30 18 30 L
22 31 14 20 D
22 32 4 32 L
22 33 26 33 L
22 34 1 3 R
22 35 1 35 L
23 0 15 19 D
23 1 1 25 D
23 2 11 23 D
23 3 9 21 D
23 4 1 11 U
23 5 6 5 R
23 6 26 29 L
23 9 9 9 U
23 10 7 10 U
23 11 27 31 L
23 12 0 22 D
23 13 7 1 R
23 14 15 14 U
23 15 17 35 L
23 16 11 16 U
23 17 4 31 L
23 18 14 28 L
23 20 3 3 R
23 21 29 7 R
23 22 32 22 D
23 23 15 31 L
23 24 14 24 D
23 25 13 25 D
23 26 7 34 L
23 28 5 9 U
23 30 7 14 U
23 31 5 13 U
23 32 3 11 U
23 34 17 11 U
23 35 5 35 L
24 0 23 16 U
24 2 15 25 D
24 3 21 33 L
24 4 12 4 R
24 5 6 5 R
24 6 14 24 D
24 9 13 35 L
24 10 17 7 R
24 11 22 6 R
24 12 15 12 U
24 13 20 2 R
24 14 15 4 R
24 15 10 15 U
24 16 32 32 L
24 18 16 29 L
24 19 12 3 R
24 20 8 32 L
24 21 22 6 R
24 22 23 11 U
24 23 17 5 R
24 24 7 7 R
24 25 6 28 L
24 26 20 10 U
24 28 22 2 R
24 29 20 19 D
24 30 19 27 D
24 32 15 8 U
24 34 0 4 R
25 0 0 8 U
25 1 7 12 U
25 2 15 23 D
25 3 6 27 D
25 4 2 4 R
25 5 4 5 R
25 6 14 17 U
25 7 6 7 R
25 9 22 28 L
25 10 23 10 U
25 11 2 32 L
25 12 5 32 L
25 13 22 33 L
25 14 2 30 L
25 15 3 30 L
25 16 9 16 U
25 18 27 0 R
25 19 21 2 R
25 20 4 29 L
25 21 5 30 L
25 23 7 23 D
25 24 7 24 D
25 25 4 25 D
25 26 13 26 D
25 28 15 9 U
25 30 2 17 U
25 31 24 25 D
25 32 13 32 L
25 33 18 33 L
25 34 13 13 U
25 35 0 25 D
26 0 2 14 U
26 1 10 14 U
26 2 0 22 D
26 3 0 19 D
26 4 15 21 D
26 5 17 5 R
26 6 22 11 U
26 9 1 31 L
26 10 11 10 U
26 11 7 11 U
26 12 13 0 R
26 13 8 13 U
26 14 24 2 R
26 15 8 15 U
26 17 14 17 U
26 18 1 18 D
26 20 7 31 L
26 21 14 3 R
26 23 21 29 L
26 24 2 24 D
26 25 8 25 D
26 26 0 16 U
26 28 2 13 U
26 30 22 30 L
26 31 2 17 U
26 32 12 25 D
26 34 0 23 D
27 0 9 18 D
27 1 19 10 U
27 2 16 16 U
27 4 20 4 R
27 5 6 13 U
27 6 15 26 D
27 9 19 28 L
27 10 7 3 R
27 11 4 11 U
27 12 6 12 U
27 13 0 29 L
27 14 1 31 L
27 15 7 15 U
27 16 1 16 U
27 18 19 0 R
27 20 13 1 R
27 21 16 31 L
27 22 26 32 L
27 23 23 29 L
27 24 0 14 U
27 25 6 25 D
27 26 1 26 D
27 27 25 27 D
27 28 21 18 D
27 29 22 23 D
27 30 28 20 D
27 31 18 10 U
27 32 16 3 R
27 34 0 22 D
27 35 11 13 U
28 0 2 22 D
28 1 2 19 D
28 4 23 23 D
28 5 20 17 U
28 6 2 25 D
28 9 17 3 R
28 10 25 5 R
28 11 7 3 R
28 12 18 7 R
28 13 0 5 R
28 14 19 3 R
28 15 12 7 R
28 18 16 4 R
28 19 0 9 U
28 20 17 7 R
28 21 7 21 D
28 24 17 5 R
28 25 5 31 L
28 28 25 12 U
28 29 23 13 U
28 31 21 12 U
28 32 6 8 U
28 34 12 9 U
29 0 21 12 U
29 1 19 21 D
29 5 6 32 L
29 6 7 6 R
29 7 27 13 U
29 9 14 9 U
29 10 2 10 U
29 11 22 28 L
29 13 3 29 L
29 14 25 0 R
29 19 0 1 R
29 21 3 35 L
29 24 0 2 R
29 25 6 35 L
29 31 7 25 D
29 32 0 6 R
29 34 20 10 U
30 5 0 34 L
30 6 19 12 U
30 10 0 32 L
30 11 14 11 U
30 13 31 28 L
30 14 17 30 L
30 23 16 23 D
30 24 28 15 U
30 25 18 25 D
30 27 22 30 L
30 29 0 19 D
31 5 22 5 R
31 6 6 31 L
31 11 8 21 D
31 13 25 20 D
31 14 25 7 R
31 25 5 25 D
32 6 21 20 D
32 11 8 6 R
32 14 27 21 D
32 25 0 2 R
33 11 2 31 L
33 14 8 14 U

