25 23 473
12 3 5 9 20 4 14 15 8 0 0 0 0 17 0 9
0 0 0 0 0 15 0 0 0 22 0 11 0 9 19 0
0 0 0 15 5 0 0 0 0 0 0 3 11 0 0 0
0 0 0 0 0 0 0 0 17 0 0 0 0 0 0 0
0 21 5 0 0 3 0 0 1 7 2 2 3 0 2 13
10 0 2 6 0 0 0 0 0 0 14 0 0 0 0 0
12 0 0 1 0 0 0 0 22 0 0 0 4 0 0 0
0 15 7 19 0 2 0 0 17 0 22 15 0 0 0 4
21 24 0 23 0 19 0 0 0 15 0 0 0 11 0 0
12 17 0 0 3 0 0 0 0 0 0 16 0 0 22 17
0 0 0 0 15 0 0 9 18 0 2 0 8 21 0 17
0 0 0 0 0 0 4 0 20 7 0 0 0 0 0 0
0 0 0 0 6 0 23 3 0 11 0 2 0 10 14 15
0 0 0 0 4 3 0 0 0 9 0 0 0 0 0 0
19 8 0 20 0 14 0 18 0 0 0 1 0 0 15 0
7 0 0 8 0 0 22 13 19 4 15 0 13 24 4 0
0 0 0 0 U
0 1 0 1 U
0 2 0 2 U
0 3 0 3 U
0 4 0 4 U
0 5 0 5 U
0 6 0 6 R
0 7 0 7 R
0 8 0 8 R
0 9 0 9 R
0 10 0 10 R
0 11 0 11 R
0 12 0 12 D
0 13 0 13 D
0 14 0 14 D
0 15 0 15 D
0 16 0 16 D
0 17 0 17 D
0 18 0 18 L
0 19 0 19 L
0 20 0 20 L
0 21 0 21 L
0 22 0 22 L
1 0 0 11 R
1 1 7 10 R
1 2 8 2 U
1 3 8 3 U
1 4 3 7 R
1 5 4 5 U
1 6 5 6 R
1 7 20 13 D
1 8 8 1 U
1 9 21 17 D
1 10 20 10 R
1 12 0 6 R
1 13 2 8 R
1 14 0 8 R
1 15 18 21 L
1 16 8 10 R
1 17 3 17 D
1 18 0 9 R
1 19 10 0 U
1 20 3 20 L
1 21 0 1 U
1 22 9 17 D
2 0 1 0 U
2 1 0 12 D
2 2 0 21 L
2 3 15 22 L
2 4 1 4 U
2 5 11 21 L
2 6 0 13 D
2 7 0 12 D
2 8 3 8 R
2 9 1 17 D
2 10 14 15 D
2 12 17 6 R
2 13 6 13 D
2 14 4 18 L
2 15 14 15 D
2 16 6 16 D
2 17 10 7 R
2 18 1 1 U
2 19 9 19 L
2 20 6 0 U
2 21 6 3 U
2 22 0 3 U
3 0 2 20 L
3 1 14 11 R
3 2 16 9 R
3 3 5 3 U
3 4 8 4 U
3 5 6 5 U
3 6 4 4 U
3 7 14 7 R
3 8 1 5 U
3 9 5 9 R
3 10 13 17 D
3 12 6 0 U
3 13 6 6 R
3 14 6 4 U
3 15 5 15 D
3 16 10 5 U
3 17 4 17 D
3 18 12 18 L
3 19 9 19 L
3 20 13 1 U
3 21 0 15 D
3 22 0 16 D
4 0 0 13 D
4 1 0 19 L
4 2 2 19 L
4 3 6 3 U
4 4 7 13 D
4 5 11 5 U
4 6 20 0 U
4 7 17 4 U
4 8 11 12 D
4 9 15 2 U
4 10 21 4 U
4 12 10 19 L
4 13 20 18 L
4 14 18 7 R
4 15 7 22 L
4 16 11 21 L
4 17 13 6 R
4 18 15 18 L
4 19 5 4 U
4 20 22 0 U
4 21 7 15 D
4 22 19 22 L
5 0 6 18 L
5 1 3 9 R
5 2 14 6 R
5 3 10 20 L
5 4 6 22 L
5 5 17 5 U
5 6 12 2 U
5 7 6 13 D
5 8 3 8 R
5 9 3 5 U
5 10 21 10 R
5 12 14 18 L
5 13 17 13 D
5 14 8 14 D
5 15 0 22 L
5 16 2 16 D
5 17 1 17 D
5 18 1 13 D
5 19 6 13 D
5 20 3 20 L
5 21 0 0 U
5 22 7 16 D
6 0 0 7 R
6 1 16 6 R
6 2 4 8 R
6 3 0 22 L
6 4 0 14 D
6 5 10 5 U
6 6 0 19 L
6 7 15 1 U
6 8 2 13 D
6 9 10 16 D
6 11 5 17 D
6 12 2 8 R
6 13 16 22 L
6 14 2 14 D
6 15 19 8 R
6 16 3 16 D
6 17 2 17 D
6 18 17 3 U
6 19 14 19 L
6 20 12 3 U
6 21 16 15 D
6 22 5 3 U
7 0 8 10 R
7 1 0 10 R
7 2 0 15 D
7 3 5 7 R
7 4 8 13 D
7 5 6 10 R
7 6 9 1 U
7 7 11 2 U
7 8 15 8 R
7 9 12 9 R
7 12 18 20 L
7 13 6 7 R
7 14 3 7 R
7 15 14 15 D
7 16 14 16 D
7 17 5 17 D
7 18 12 18 L
7 19 15 12 D
7 20 16 14 D
7 21 0 4 U
7 22 1 10 R
8 0 2 8 R
8 1 3 1 U
8 2 1 2 U
8 3 2 15 D
8 4 2 4 U
8 5 3 16 D
8 6 6 17 D
8 7 2 7 R
8 8 15 15 D
8 9 18 0 U
8 12 4 21 L
8 13 6 13 D
8 14 12 18 L
8 15 2 9 R
8 16 21 22 L
8 17 0 6 R
8 18 14 18 L
8 19 2 1 U
8 20 1 20 L
8 21 3 3 U
8 22 7 3 U
9 0 20 6 R
9 1 19 12 D
9 2 13 20 L
9 3 14 7 R
9 4 15 9 R
9 5 20 11 R
9 6 3 6 R
9 7 5 14 D
9 8 11 8 R
9 9 19 9 R
9 10 5 10 R
9 11 5 22 L
9 12 19 19 L
9 13 17 13 D
9 14 8 14 D
9 15 18 20 L
9 16 10 21 L
9 17 20 21 L
9 18 7 17 D
9 19 14 13 D
9 20 15 12 D
9 21 0 5 U
9 22 6 4 U
10 0 14 12 D
10 1 1 19 L
10 2 8 2 U
10 3 15 21 L
10 4 2 8 R
10 5 6 5 U
10 6 16 1 U
10 7 0 3 U
10 8 16 0 U
10 9 19 3 U
10 10 18 12 D
10 12 13 12 D
10 13 5 21 L
10 14 0 2 U
10 15 2 20 L
10 16 6 9 R
10 17 9 11 R
10 18 0 6 R
10 19 3 1 U
10 20 0 2 U
10 21 2 21 L
10 22 13 1 U
11 0 1 18 L
11 1 13 18 L
11 2 4 18 L
11 3 6 21 L
11 4 0 21 L
11 5 15 7 R
11 6 2 12 D
11 7 2 13 D
11 8 8 15 D
11 9 5 3 U
11 12 18 9 R
11 13 9 20 L
11 14 13 14 D
11 15 6 20 L
11 16 10 4 U
11 17 4 18 L
11 18 7 16 D
11 19 0 12 D
11 20 2 6 R
11 21 13 14 D
11 22 9 15 D
12 0 10 19 L
12 1 5 12 D
12 2 11 7 R
12 3 11 9 R
12 4 16 7 R
12 5 19 20 L
12 6 0 0 U
12 7 18 15 D
12 8 4 2 U
12 9 0 15 D
12 10 15 10 R
12 11 11 11 R
12 12 9 12 D
12 13 5 22 L
12 14 10 9 R
12 15 17 10 R
12 16 11 19 L
12 18 0 7 R
12 19 1 14 D
12 20 21 20 L
12 21 0 14 D
12 22 16 0 U
13 0 17 19 L
13 1 15 22 L
13 2 11 19 L
13 3 20 14 D
13 4 3 8 R
13 5 0 9 R
13 6 2 15 D
13 7 17 7 R
13 8 15 18 L
13 10 17 13 D
13 11 0 4 U
13 12 1 6 R
13 13 8 6 R
13 14 2 7 R
13 15 0 9 R
13 16 20 8 R
13 18 10 4 U
13 19 7 19 L
13 20 12 2 U
13 21 18 21 L
13 22 5 5 U
14 0 17 22 L
14 1 5 20 L
14 2 2 2 U
14 3 5 8 R
14 4 13 4 U
14 5 7 5 U
14 6 10 1 U
14 7 21 5 U
14 8 16 8 R
14 9 7 9 R
14 10 11 16 D
14 11 12 11 R
14 12 0 7 R
14 13 0 0 U
14 14 10 20 L
14 15 4 1 U
14 16 10 19 L
14 18 3 18 L
14 19 6 0 U
14 20 5 12 D
14 21 12 13 D
14 22 16 14 D
15 0 1 8 R
15 1 9 19 L
15 2 20 15 D
15 3 0 6 R
15 4 10 10 R
15 5 0 7 R
15 6 13 13 D
15 7 4 0 U
15 8 12 14 D
15 10 13 14 D
15 11 5 15 D
15 12 10 18 L
15 13 2 9 R
15 14 0 21 L
15 15 0 4 U
15 16 4 22 L
15 17 0 3 U
15 18 9 12 D
15 19 1 19 L
15 20 6 2 U
15 21 9 21 L
15 22 16 16 D
16 0 4 7 R
16 1 7 8 R
16 3 19 9 R
16 4 1 10 R
16 5 9 5 U
16 6 7 6 R
16 7 11 0 U
16 8 3 8 R
16 10 3 10 R
16 12 0 18 L
16 13 7 6 R
16 14 14 14 D
16 15 9 15 D
16 16 3 21 L
16 18 15 15 D
16 19 13 14 D
16 20 0 13 D
16 21 15 8 R
16 22 12 16 D
17 0 21 0 U
17 1 11 1 U
17 3 18 10 R
17 4 20 18 L
17 5 0 14 D
17 6 12 1 U
17 7 13 14 D
17 8 5 16 D
17 9 0 20 L
17 10 21 15 D
17 13 18 9 R
17 14 10 6 R
17 15 0 1 U
17 16 14 7 R
17 18 2 3 U
17 19 6 12 D
17 20 9 13 D
17 21 18 0 U
17 22 2 22 L
18 0 3 19 L
18 1 7 16 D
18 3 14 3 U
18 4 17 4 U
18 5 3 6 R
18 6 4 1 U
18 7 6 0 U
18 8 3 5 U
18 9 0 17 D
18 12 7 20 L
18 13 12 18 L
18 14 14 8 R
18 15 22 6 R
18 16 14 16 D
18 18 7 0 U
18 19 13 15 D
18 20 4 5 U
18 21 2 4 U
18 22 10 3 U
19 0 11 6 R
19 1 3 15 D
19 3 23 10 R
19 4 4 15 D
19 5 13 6 R
19 6 14 14 D
19 7 8 3 U
19 8 9 4 U
19 10 18 10 R
19 12 3 0 U
19 13 5 1 U
19 14 0 5 U
19 15 10 15 D
19 18 9 5 U
19 19 13 1 U
19 20 4 1 U
19 21 13 2 U
19 22 20 22 L
20 0 0 16 D
20 1 19 14 D
20 2 14 18 L
20 3 22 21 L
20 5 6 5 U
20 6 13 5 U
20 7 5 7 R
20 8 5 3 U
20 13 0 20 L
20 14 5 4 U
20 15 13 5 U
20 16 6 21 L
20 17 5 17 D
20 18 2 0 U
20 19 16 17 D
20 20 15 20 L
20 21 16 17 D
20 22 19 17 D
21 0 0 8 R
21 1 12 1 U
21 2 11 20 L
21 3 14 20 L
21 5 22 19 L
21 6 14 6 R
21 8 6 13 D
21 9 2 15 D
21 10 2 5 U
21 11 4 14 D
21 13 11 19 L
21 14 15 19 L
21 15 3 6 R
21 18 14 18 L
21 19 16 16 D
21 20 15 4 U
21 22 3 22 L
22 0 5 6 R
22 5 16 10 R
22 6 3 12 D
22 8 11 14 D
22 14 20 11 R
22 15 18 8 R
22 18 21 17 D
22 19 6 2 U
23 8 11 8 R
23 14 3 14 D
23 18 5 13 D
24 8 12 8 R
24 14 14 2 U

