12 9 91
0 5 1 2 8 0 0 11 2 2
5 1 4 0 5 7 10 0 0 11
0 2 2 0 1 0 0 10 0 0
6 0 0 0 0 0 7 0 2 0
5 0 0 4 0 7 0 8 8 0
7 0 6 0 10 0 0 0 0 7
4 8 0 0 0 0 10 0 0 11
8 0 6 0 0 3 0 0 0 10
9 0 0 0 0 0 0 9 0 0
0 6 0 0 5 3 11 0 10 9
0 0 0 0 L
0 1 0 1 L
0 2 0 2 L
0 3 0 3 R
0 4 0 4 R
0 5 0 5 D
0 6 0 6 D
0 7 0 7 U
0 8 0 8 U
1 0 0 6 D
1 1 8 3 R
1 2 3 2 L
1 3 2 3 R
1 4 0 6 D
1 5 0 3 R
1 6 3 1 L
1 7 6 2 L
1 8 0 3 R
2 0 1 8 U
2 1 4 1 L
2 2 7 8 U
2 3 0 5 D
2 4 3 4 R
2 5 1 3 R
2 6 3 6 D
2 7 5 3 R
2 8 4 1 L
3 0 6 0 L
3 1 8 8 U
3 2 0 5 D
3 3 0 8 U
3 4 2 6 D
3 5 0 0 L
3 6 1 6 D
3 7 1 7 U
3 8 8 8 U
4 0 2 5 D
4 1 1 1 L
4 3 6 0 L
4 4 1 7 U
4 5 0 4 R
4 6 0 3 R
4 7 2 5 D
4 8 2 8 U
5 0 7 8 U
5 1 0 8 U
5 3 2 0 L
5 4 8 5 D
5 5 1 7 U
5 6 4 8 U
5 7 0 5 D
5 8 1 4 R
6 0 2 7 U
6 1 0 3 R
6 3 0 7 U
6 4 2 4 R
6 5 9 8 U
6 6 2 3 R
6 7 4 7 U
6 8 5 4 R
7 0 1 7 U
7 1 3 8 U
7 3 1 6 D
7 4 3 4 R
7 5 0 2 L
7 6 8 6 D
7 7 9 0 L
7 8 0 4 R
8 0 6 6 D
8 1 0 4 R
8 3 3 7 U
8 4 7 8 U
8 5 9 5 D
8 6 7 0 L
8 7 1 2 L
8 8 3 8 U
9 0 6 4 R
9 3 4 5 D
9 5 8 1 L
9 6 4 0 L
9 7 0 2 L
9 8 0 1 L
10 0 0 7 U
10 3 3 1 L
10 5 6 5 D
10 6 2 0 L
10 8 2 3 R
11 3 5 6 D
11 5 5 3 R
11 6 3 6 D
11 8 1 1 L

