24 26 518
0 10 0 12 0 23 18 0 0 20 0 3 0 19 21
0 6 2 4 12 7 7 17 19 10 0 0 8 15 6
10 4 0 0 0 18 0 0 8 0 6 0 3 14 2
0 0 15 7 0 0 0 0 15 6 15 0 0 11 0
0 17 0 0 16 0 4 0 0 6 0 11 0 0 0
8 18 23 0 0 0 10 0 20 0 17 0 1 15 2
16 4 0 18 18 0 17 15 0 0 17 2 5 0 0
13 0 0 0 23 0 0 0 6 0 10 0 0 4 4
0 12 0 21 22 11 12 19 0 6 0 13 0 0 22
18 21 20 0 0 2 15 0 16 0 16 0 2 15 1
0 15 0 0 0 0 11 0 0 0 6 17 0 12 14
0 0 6 0 13 7 0 1 18 0 18 0 4 2 0
0 10 9 5 12 4 1 9 0 18 0 0 0 0 22
0 13 0 0 0 0 0 9 0 0 0 7 0 0 5
21 11 2 0 0 0 0 0 0 17 0 1 0 0 7
0 0 0 0 L
0 1 0 1 L
0 2 0 2 L
0 3 0 3 L
0 4 0 4 L
0 5 0 5 L
0 6 0 6 R
0 7 0 7 R
0 8 0 8 R
0 9 0 9 R
0 10 0 10 R
0 11 0 11 R
0 12 0 12 D
0 13 0 13 D
0 14 0 14 D
0 15 0 15 D
0 16 0 16 D
0 17 0 17 D
0 18 0 18 D
0 19 0 19 U
0 20 0 20 U
0 21 0 21 U
0 22 0 22 U
0 23 0 23 U
0 24 0 24 U
0 25 0 25 U
1 0 4 17 D
1 1 2 19 U
1 2 2 2 L
1 3 6 20 U
1 4 20 12 D
1 5 5 24 U
1 6 3 12 D
1 7 9 14 D
1 8 18 13 D
1 9 17 20 U
1 10 6 18 D
1 11 0 24 U
1 12 6 12 D
1 13 12 13 D
1 14 0 3 L
1 15 0 8 R
1 16 0 25 U
1 17 4 17 D
1 18 2 18 D
1 19 3 6 R
1 20 16 8 R
1 21 17 7 R
1 22 5 8 R
1 23 7 23 U
1 24 3 24 U
1 25 12 25 U
2 0 0 13 D
2 1 1 1 L
2 2 15 21 U
2 3 9 14 D
2 4 11 18 D
2 5 20 12 D
2 6 8 18 D
2 7 0 1 L
2 8 0 2 L
2 9 0 14 D
2 10 3 4 L
2 11 3 21 U
2 12 16 9 R
2 13 14 13 D
2 14 0 20 U
2 15 19 15 D
2 16 15 7 R
2 17 3 17 D
2 18 0 0 L
2 19 0 8 R
2 20 5 7 R
2 21 7 10 R
2 22 1 22 U
2 23 0 7 R
2 24 4 24 U
2 25 1 11 R
3 0 0 17 D
3 1 15 17 D
3 2 10 15 D
3 3 1 21 U
3 4 17 13 D
3 5 16 21 U
3 6 14 22 U
3 7 9 12 D
3 8 0 15 D
3 9 0 22 U
3 10 14 10 R
3 11 7 14 D
3 12 11 0 L
3 13 1 13 D
3 14 21 19 U
3 15 14 4 L
3 16 10 8 R
3 17 1 17 D
3 18 4 18 D
3 19 0 0 L
3 20 0 2 L
3 21 2 21 U
3 22 14 9 R
3 23 13 8 R
3 24 11 10 R
3 25 2 7 R
4 0 0 16 D
4 1 11 12 D
4 2 6 2 L
4 3 13 21 U
4 4 2 15 D
4 5 3 25 U
4 6 15 14 D
4 7 0 14 D
4 8 0 3 L
4 9 6 20 U
4 10 0 3 L
4 12 7 0 L
4 13 5 13 D
4 14 0 7 R
4 15 3 9 R
4 16 14 1 L
4 17 5 17 D
4 18 8 0 L
4 19 17 6 R
4 20 3 20 U
4 21 11 21 U
4 22 6 22 U
4 23 3 1 L
4 24 2 24 U
4 25 3 25 U
5 0 8 16 D
5 1 3 20 U
5 2 6 22 U
5 3 10 22 U
5 4 0 15 D
5 5 7 5 L
5 6 9 21 U
5 7 17 7 R
5 8 13 17 D
5 9 2 3 L
5 10 13 22 U
5 11 6 24 U
5 12 14 1 L
5 13 17 1 L
5 14 2 14 D
5 15 0 9 R
5 16 3 16 D
5 17 6 6 R
5 18 3 18 D
5 19 0 6 R
5 20 7 20 U
5 21 7 21 U
5 22 3 10 R
5 23 1 23 U
5 24 2 24 U
5 25 10 9 R
6 0 8 25 U
6 1 0 24 U
6 2 3 2 L
6 3 20 23 U
6 4 1 4 L
6 5 2 15 D
6 6 16 20 U
6 7 0 2 L
6 8 12 25 U
6 9 0 21 U
6 10 9 10 R
6 11 7 11 R
6 12 4 5 L
6 13 4 7 R
6 14 5 14 D
6 15 15 10 R
6 16 8 16 D
6 17 2 17 D
6 18 14 9 R
6 19 11 19 U
6 20 5 2 L
6 21 7 8 R
6 22 7 22 U
6 23 7 23 U
6 24 3 24 U
6 25 0 18 D
7 0 0 12 D
7 1 1 25 U
7 2 14 17 D
7 3 17 19 U
7 4 13 21 U
7 5 21 14 D
7 6 0 0 L
7 7 13 19 U
7 8 11 18 D
7 9 20 24 U
7 10 1 20 U
7 11 15 11 R
7 12 1 5 L
7 13 6 13 D
7 14 21 14 D
7 15 8 15 D
7 16 5 9 R
7 17 9 17 D
7 18 3 8 R
7 19 8 6 R
7 20 9 20 U
7 21 5 21 U
7 22 16 6 R
7 23 19 3 L
7 24 0 5 L
7 25 2 25 U
8 0 3 16 D
8 1 4 13 D
8 2 12 12 D
8 3 13 3 L
8 4 9 22 U
8 5 13 5 L
8 6 7 17 D
8 7 19 15 D
8 8 1 5 L
8 9 12 17 D
8 10 21 25 U
8 11 12 17 D
8 12 14 3 L
8 13 13 13 D
8 14 6 14 D
8 15 16 15 D
8 16 15 16 D
8 17 6 2 L
8 18 10 11 R
8 19 4 3 L
8 20 2 5 L
8 21 5 7 R
8 22 18 7 R
8 23 3 23 U
8 24 5 24 U
8 25 7 25 U
9 0 4 12 D
9 1 13 23 U
9 2 12 18 D
9 3 18 3 L
9 4 4 4 L
9 5 13 5 L
9 6 11 14 D
9 7 12 22 U
9 8 19 8 R
9 9 0 4 L
9 10 7 2 L
9 12 14 21 U
9 13 8 22 U
9 14 15 10 R
9 15 14 3 L
9 16 12 22 U
9 17 15 9 R
9 18 0 4 L
9 19 12 13 D
9 20 12 9 R
9 21 10 8 R
9 22 1 22 U
9 23 0 15 D
9 24 2 10 R
9 25 20 0 L
10 0 19 0 L
10 1 4 14 D
10 2 2 13 D
10 3 0 8 R
10 4 14 24 U
10 5 3 14 D
10 6 0 12 D
10 7 0 18 D
10 8 8 8 R
10 9 9 9 R
10 10 1 15 D
10 12 13 0 L
10 13 9 13 D
10 14 17 7 R
10 15 3 2 L
10 16 4 16 D
10 17 18 6 R
10 18 8 18 D
10 19 4 6 R
10 20 0 7 R
10 21 17 6 R
10 22 4 10 R
10 23 0 6 R
10 24 7 5 L
10 25 3 25 U
11 0 3 14 D
11 1 7 20 U
11 2 9 12 D
11 3 1 14 D
11 6 7 20 U
11 7 10 7 R
11 8 9 14 D
11 9 1 24 U
11 10 7 5 L
11 12 0 23 U
11 13 3 25 U
11 14 1 14 D
11 15 2 5 L
11 16 20 16 D
11 17 12 3 L
11 18 20 7 R
11 19 12 19 U
11 20 7 20 U
11 21 15 3 L
11 22 7 4 L
11 23 6 1 L
11 24 7 24 U
11 25 2 8 R
12 0 21 13 D
12 1 10 24 U
12 2 19 13 D
12 3 10 17 D
12 6 3 16 D
12 7 10 23 U
12 8 1 8 R
12 9 0 23 U
12 10 17 20 U
12 12 20 6 R
12 13 17 19 U
12 14 8 2 L
12 15 5 15 D
12 16 16 2 L
12 17 16 6 R
12 18 8 4 L
12 19 9 13 D
12 20 0 6 R
12 21 3 21 U
12 22 21 22 U
12 23 14 23 U
12 24 17 13 D
12 25 20 10 R
13 0 7 12 D
13 1 19 12 D
13 2 18 25 U
13 3 12 24 U
13 4 6 21 U
13 5 8 5 L
13 6 15 17 D
13 7 5 21 U
13 8 5 19 U
13 9 15 1 L
13 10 8 10 R
13 12 18 11 R
13 13 5 9 R
13 14 1 23 U
13 15 4 15 D
13 16 14 6 R
13 17 17 3 L
13 18 1 18 D
13 19 11 0 L
13 20 7 0 L
13 21 7 21 U
13 22 21 22 U
13 23 5 23 U
13 24 8 0 L
14 0 8 0 L
14 1 22 1 L
14 2 10 2 L
14 3 13 14 D
14 4 6 4 L
14 5 18 16 D
14 6 2 19 U
14 7 17 7 R
14 8 16 12 D
14 9 7 21 U
14 10 13 1 L
14 11 10 25 U
14 12 4 1 L
14 13 1 10 R
14 14 6 1 L
14 15 15 8 R
14 16 3 16 D
14 17 13 10 R
14 18 17 18 D
14 19 0 4 L
14 20 10 15 D
14 21 10 6 R
14 22 3 22 U
14 23 6 23 U
14 24 11 24 U
14 25 1 7 R
15 0 2 18 D
15 1 9 21 U
15 2 2 25 U
15 3 9 23 U
15 5 19 5 L
15 6 20 15 D
15 7 11 7 R
15 8 0 13 D
15 9 6 24 U
15 10 8 10 R
15 11 11 4 L
15 12 5 12 D
15 13 7 8 R
15 14 16 9 R
15 15 7 15 D
15 16 12 0 L
15 17 8 17 D
15 19 16 4 L
15 20 11 8 R
15 21 1 21 U
15 22 0 9 R
15 23 16 23 U
15 25 19 2 L
16 0 3 19 U
16 2 0 6 R
16 3 7 12 D
16 4 18 22 U
16 6 0 19 U
16 7 6 7 R
16 8 4 8 R
16 9 4 21 U
16 10 19 23 U
16 12 5 12 D
16 13 3 13 D
16 14 3 14 D
16 15 10 6 R
16 16 0 10 R
16 17 14 17 D
16 19 2 19 U
16 20 2 9 R
16 21 5 2 L
16 22 2 14 D
16 23 2 1 L
16 25 15 25 U
17 0 8 23 U
17 1 0 19 U
17 2 0 14 D
17 3 18 17 D
17 4 1 17 D
17 6 11 6 R
17 7 3 18 D
17 8 0 20 U
17 9 22 2 L
17 10 14 1 L
17 12 0 19 U
17 13 0 0 L
17 14 10 2 L
17 15 2 7 R
17 16 1 16 D
17 17 20 17 D
17 19 7 7 R
17 20 15 3 L
17 21 21 11 R
17 22 5 18 D
17 23 9 0 L
18 0 0 23 U
18 1 11 16 D
18 6 9 23 U
18 7 2 16 D
18 8 1 8 R
18 9 12 9 R
18 10 8 10 R
18 12 11 8 R
18 13 6 13 D
18 14 14 7 R
18 15 10 11 R
18 16 21 6 R
18 17 15 1 L
18 19 11 3 L
18 20 4 20 U
18 21 21 10 R
18 22 1 22 U
18 23 17 9 R
18 24 14 5 L
19 0 2 19 U
19 1 18 13 D
19 2 3 16 D
19 7 8 21 U
19 8 6 21 U
19 10 9 10 R
19 13 10 9 R
19 14 4 2 L
19 16 4 16 D
19 17 3 17 D
19 19 13 2 L
19 20 10 4 L
19 23 4 23 U
19 24 17 9 R
19 25 18 25 U
20 0 7 0 L
20 1 6 25 U
20 2 11 15 D
20 5 6 15 D
20 6 11 13 D
20 7 7 7 R
20 8 11 12 D
20 10 9 10 R
20 13 14 7 R
20 15 19 2 L
20 16 21 16 D
20 17 15 17 D
20 19 5 11 R
20 20 8 10 R
20 21 19 5 L
20 23 1 23 U
20 25 15 1 L
21 0 13 18 D
21 1 2 13 D
21 2 18 22 U
21 6 0 16 D
21 7 6 7 R
21 10 0 12 D
21 12 13 7 R
21 13 10 1 L
21 16 9 19 U
21 18 6 18 D
21 19 1 6 R
21 20 9 6 R
21 21 6 21 U
21 24 17 24 U
22 0 14 19 U
22 7 2 1 L
22 13 20 6 R
22 14 0 2 L
22 16 3 0 L
22 20 1 5 L
23 0 1 15 D
23 13 0 1 L
23 20 1 6 R

