8 9 62
5 4 0 6 5 3 0 0 0 3
0 0 0 0 6 0 0 0 0 6
0 0 0 5 3 0 0 7 7 5
0 0 0 0 0 2 3 0 0 6
0 0 0 1 0 0 2 0 0 0
3 0 0 0 0 0 0 3 0 0
0 3 0 0 1 0 0 4 0 5
0 0 0 0 0 0 0 0 0 0
0 0 0 0 0 1 0 1 0 0
0 0 0 0 3 0 0 3 0 4
0 0 0 0 L
0 1 0 1 L
0 2 0 2 L
0 3 0 3 R
0 4 0 4 R
0 5 0 5 D
0 6 0 6 D
0 7 0 7 U
0 8 0 8 U
1 0 0 7 U
1 1 0 5 D
1 2 0 4 R
1 3 0 6 D
1 4 0 7 U
1 5 0 0 L
1 6 0 1 L
1 7 0 3 R
1 8 1 2 L
2 0 0 6 D
2 1 1 6 D
2 2 2 7 U
2 3 1 5 D
2 4 0 8 U
2 5 1 2 L
2 6 0 3 R
2 7 0 0 L
2 8 1 8 U
3 0 0 3 R
3 1 3 1 L
3 2 2 2 L
3 3 0 5 D
3 4 4 5 D
3 5 0 4 R
3 6 0 7 U
3 7 2 1 L
3 8 3 2 L
4 0 6 4 R
4 1 1 1 L
4 3 2 8 U
4 4 2 4 R
4 5 2 1 L
4 6 4 0 L
4 7 0 6 D
4 8 5 8 U
5 0 6 7 U
5 1 5 6 D
5 3 3 6 D
5 4 3 5 D
5 5 1 5 D
5 6 5 6 D
5 7 0 4 R
5 8 4 8 U
6 0 7 5 D
6 1 4 1 L
6 3 1 7 U
6 4 3 4 R
6 5 2 3 R
6 6 4 6 D
6 7 6 0 L
7 3 0 0 L
7 4 1 6 D
7 5 3 3 R

