36 43 1307
0 0 7 27 0 15 0 0 0 20 14 20 31 11 0 0 0 9 21
1 2 27 0 17 1 26 33 0 35 0 0 32 0 27 29 0 31 30
23 20 0 11 19 13 0 14 23 34 7 11 26 20 17 0 0 14 9
19 15 21 24 1 22 26 0 29 0 21 12 0 28 0 0 0 26 11
30 28 27 25 0 0 0 30 0 29 0 24 0 0 30 31 0 0 26
13 34 0 0 1 8 0 11 11 0 0 0 0 0 30 9 28 27 17
21 0 26 0 0 11 0 0 0 0 27 11 0 0 0 0 5 27 0
1 0 11 0 22 8 0 0 0 0 1 21 0 0 0 1 23 0 5
0 0 12 0 26 4 32 0 30 29 0 9 0 0 31 16 6 0 5
0 24 0 27 26 19 0 21 29 28 35 18 0 0 0 13 6 5 5
0 0 26 0 23 0 32 33 27 0 0 0 0 0 6 23 0 26 11
0 23 0 16 0 30 31 34 0 1 31 11 0 0 0 0 0 24 0
17 22 0 0 1 23 0 0 0 32 28 0 33 26 0 24 0 1 0
19 0 8 32 3 0 0 35 26 28 29 0 19 23 0 1 1 0 28
2 21 0 0 0 0 5 8 0 0 27 0 0 12 0 14 0 0 0
0 13 19 31 0 0 30 34 4 30 24 0 0 18 0 12 22 0 0
5 6 0 2 0 1 24 22 12 9 0 5 19 0 0 0 0 0 16
0 13 16 26 0 12 0 21 24 21 13 0 0 15 0 0 0 0 25
29 0 0 0 0 0 0 0 0 0 0 0 0 0 27 1 20 0 10
0 0 0 0 U
0 1 0 1 U
0 2 0 2 U
0 3 0 3 U
0 4 0 4 U
0 5 0 5 U
0 6 0 6 U
0 7 0 7 U
0 8 0 8 U
0 9 0 9 U
0 10 0 10 U
0 11 0 11 U
0 12 0 12 R
0 13 0 13 R
0 14 0 14 R
0 15 0 15 R
0 16 0 16 R
0 17 0 17 R
0 18 0 18 R
0 19 0 19 R
0 20 0 20 R
0 21 0 21 R
0 22 0 22 R
0 23 0 23 D
0 24 0 24 D
0 25 0 25 D
0 26 0 26 D
0 27 0 27 D
0 28 0 28 D
0 29 0 29 D
0 30 0 30 D
0 31 0 31 D
0 32 0 32 D
0 33 0 33 D
0 34 0 34 L
0 35 0 35 L
0 36 0 36 L
0 37 0 37 L
0 38 0 38 L
0 39 0 39 L
0 40 0 40 L
0 41 0 41 L
0 42 0 42 L
1 0 30 13 R
1 1 10 1 U
1 2 5 2 U
1 3 25 16 R
1 4 26 17 R
1 5 2 5 U
1 6 5 6 U
1 7 4 19 R
1 8 13 8 U
1 9 6 22 R
1 10 6 10 U
1 11 12 11 U
1 12 0 23 D
1 13 0 0 U
1 14 13 30 D
1 15 4 15 R
1 16 21 9 U
1 17 18 17 R
1 18 11 26 D
1 19 0 42 L
1 20 2 7 U
1 21 6 11 U
1 23 4 35 L
1 24 4 34 L
1 25 0 7 U
1 26 4 40 L
1 27 0 4 U
1 28 3 28 D
1 29 3 17 R
1 30 0 6 U
1 31 10 37 L
1 32 6 32 D
1 33 2 33 D
1 34 2 4 U
1 35 2 35 L
1 36 7 36 L
1 37 20 37 L
1 38 0 26 D
1 39 29 0 U
1 40 14 23 D
1 41 0 17 R
1 42 10 42 L
2 0 17 39 L
2 1 28 37 L
2 2 0 35 L
2 3 20 3 U
2 4 8 4 U
2 5 14 34 L
2 6 6 6 U
2 7 11 7 U
2 8 0 23 D
2 9 0 28 D
2 10 7 10 U
2 12 6 1 U
2 13 1 13 R
2 14 16 10 U
2 15 8 15 R
2 16 4 16 R
2 17 15 5 U
2 18 10 18 R
2 19 8 19 R
2 20 0 7 U
2 21 22 26 D
2 23 0 12 R
2 24 15 14 R
2 25 9 17 R
2 26 5 14 R
2 27 18 27 D
2 28 1 28 D
2 29 14 29 D
2 30 27 22 R
2 31 3 31 D
2 32 8 34 L
2 33 0 11 U
2 34 17 25 D
2 35 18 5 U
2 36 25 4 U
2 37 31 24 D
2 38 26 38 L
2 39 17 7 U
2 40 0 28 D
2 41 4 41 L
2 42 4 42 L
3 0 6 18 R
3 1 12 15 R
3 2 12 36 L
3 3 2 3 U
3 4 9 4 U
3 5 6 5 U
3 6 2 6 U
3 7 18 7 U
3 8 2 8 U
3 9 1 9 U
3 10 1 10 U
3 11 0 37 L
3 12 9 24 D
3 13 4 34 L
3 14 5 24 D
3 15 12 27 D
3 16 26 25 D
3 17 1 3 U
3 18 5 23 D
3 19 27 8 U
3 20 28 2 U
3 21 8 31 D
3 22 1 22 R
3 23 5 19 R
3 24 9 37 L
3 25 14 36 L
3 26 0 6 U
3 27 11 27 D
3 28 0 36 L
3 29 14 7 U
3 30 9 30 D
3 31 16 31 D
3 32 1 32 D
3 33 1 33 D
3 34 20 24 D
3 35 4 23 D
3 36 26 28 D
3 37 1 25 D
3 38 26 27 D
3 39 14 23 D
3 40 0 20 R
3 41 0 4 U
3 42 8 42 L
4 0 0 23 D
4 1 0 34 L
4 2 13 16 R
4 3 28 38 L
4 4 7 38 L
4 5 0 14 R
4 6 25 34 L
4 7 8 14 R
4 8 6 13 R
4 9 18 41 L
4 10 14 14 R
4 11 27 37 L
4 12 21 1 U
4 13 0 28 D
4 14 0 4 U
4 15 0 5 U
4 16 1 16 R
4 17 12 6 U
4 18 14 4 U
4 19 10 19 R
4 20 14 20 R
4 21 6 21 R
4 22 9 22 R
4 23 24 39 L
4 24 15 41 L
4 25 8 25 D
4 26 9 26 D
4 27 8 27 D
4 28 16 16 R
4 29 23 42 L
4 30 28 19 R
4 31 1 31 D
4 32 11 13 R
4 33 14 33 D
4 34 13 23 D
4 35 0 25 D
4 36 0 28 D
4 37 24 2 U
4 38 23 28 D
4 39 2 39 L
4 40 12 5 U
4 41 24 6 U
4 42 0 31 D
5 0 11 40 L
5 1 9 12 R
5 2 6 39 L
5 3 9 35 L
5 4 3 36 L
5 5 1 5 U
5 6 3 42 L
5 7 2 7 U
5 8 8 19 R
5 9 7 16 R
5 10 12 37 L
5 11 8 15 R
5 12 6 29 D
5 13 9 23 D
5 14 13 14 R
5 15 13 33 D
5 16 8 24 D
5 17 7 23 D
5 18 4 25 D
5 19 9 30 D
5 20 28 27 D
5 21 6 32 D
5 23 0 38 L
5 24 0 13 R
5 25 27 14 R
5 26 22 37 L
5 27 0 16 R
5 28 8 17 R
5 29 9 29 D
5 30 2 20 R
5 31 15 22 R
5 32 17 32 D
5 33 23 10 U
5 34 7 14 R
5 35 24 26 D
5 36 0 2 U
5 37 12 2 U
5 38 10 29 D
5 39 0 15 R
5 40 2 40 L
5 41 8 41 L
5 42 11 26 D
6 0 25 35 L
6 1 15 35 L
6 2 29 2 U
6 3 29 3 U
6 4 32 20 R
6 5 16 5 U
6 6 8 6 U
6 7 8 20 R
6 8 2 8 U
6 9 1 9 U
6 10 19 40 L
6 11 13 17 R
6 12 12 23 D
6 13 0 9 U
6 14 30 0 U
6 15 7 1 U
6 16 26 24 D
6 17 17 10 U
6 18 7 18 R
6 19 23 27 D
6 20 31 30 D
6 21 7 21 R
6 22 7 22 R
6 23 21 36 L
6 24 8 35 L
6 25 27 6 U
6 26 21 26 D
6 27 21 41 L
6 28 8 35 L
6 29 4 38 L
6 30 26 30 D
6 31 9 9 U
6 32 11 32 D
6 33 10 33 D
6 34 13 5 U
6 35 4 0 U
6 36 19 31 D
6 37 0 30 D
6 38 10 10 U
6 39 30 25 D
6 40 24 30 D
6 41 8 31 D
6 42 10 30 D
7 0 23 14 R
7 1 1 34 L
7 2 16 17 R
7 3 0 16 R
7 4 0 38 L
7 5 11 38 L
7 6 27 40 L
7 7 0 21 R
7 8 29 20 R
7 9 16 40 L
7 10 0 32 D
7 11 16 12 R
7 12 15 0 U
7 13 25 26 D
7 14 1 14 R
7 15 1 15 R
7 16 2 26 D
7 17 4 17 R
7 18 5 18 R
7 19 19 19 R
7 20 21 6 U
7 21 5 21 R
7 23 6 41 L
7 24 11 34 L
7 25 10 16 R
7 26 2 37 L
7 27 8 27 D
7 28 1 17 R
7 29 6 22 R
7 30 0 9 U
7 31 4 18 R
7 32 8 8 U
7 33 2 13 R
7 34 13 32 D
7 35 10 28 D
7 36 2 36 L
7 37 1 26 D
7 38 14 9 U
7 39 23 39 L
7 40 19 30 D
7 41 11 41 L
7 42 3 31 D
8 0 0 12 R
8 1 15 38 L
8 2 28 35 L
8 3 7 15 R
8 4 15 41 L
8 5 28 18 R
8 6 3 21 R
8 7 16 7 U
8 8 12 34 L
8 9 25 9 U
8 10 13 10 U
8 11 5 11 U
8 12 0 8 U
8 13 13 32 D
8 14 7 14 R
8 15 22 15 R
8 16 16 30 D
8 17 14 29 D
8 18 19 18 R
8 19 7 19 R
8 20 27 20 R
8 21 4 21 R
8 22 17 22 R
8 23 0 39 L
8 24 22 36 L
8 25 15 25 D
8 26 6 36 L
8 27 14 40 L
8 28 29 28 D
8 29 21 5 U
8 30 26 22 R
8 31 11 31 D
8 32 11 17 R
8 33 29 33 D
8 34 2 34 L
8 35 3 29 D
8 36 7 24 D
8 37 7 10 U
8 38 33 28 D
8 39 20 39 L
8 40 2 40 L
8 41 23 41 L
8 42 20 5 U
9 0 13 34 L
9 1 22 19 R
9 2 4 42 L
9 3 1 3 U
9 4 0 39 L
9 5 6 5 U
9 6 12 6 U
9 7 1 7 U
9 8 4 8 U
9 9 12 9 U
9 10 1 10 U
9 11 16 42 L
9 12 7 39 L
9 13 6 29 D
9 14 17 4 U
9 15 3 37 L
9 16 8 16 R
9 17 2 17 R
9 18 12 24 D
9 19 2 19 R
9 20 28 28 D
9 21 0 4 U
9 22 14 22 R
9 23 13 23 D
9 24 33 17 R
9 25 22 25 D
9 26 2 14 R
9 27 13 39 L
9 28 11 28 D
9 29 1 29 D
9 30 12 41 L
9 31 3 31 D
9 32 0 4 U
9 33 0 13 R
9 34 7 7 U
9 35 2 2 U
9 36 19 0 U
9 37 7 9 U
9 38 13 16 R
9 39 26 10 U
9 40 10 0 U
9 41 19 0 U
9 42 1 3 U
10 0 6 41 L
10 1 31 12 R
10 2 6 2 U
10 3 25 37 L
10 4 20 4 U
10 5 0 19 R
10 6 17 41 L
10 7 7 34 L
10 8 11 8 U
10 9 2 9 U
10 10 18 10 U
10 11 16 21 R
10 12 3 6 U
10 13 3 13 R
10 14 1 14 R
10 15 2 15 R
10 16 0 36 L
10 17 8 17 R
10 18 13 31 D
10 19 29 19 R
10 20 14 20 R
10 21 19 21 R
10 22 27 6 U
10 23 4 36 L
10 24 12 15 R
10 25 6 38 L
10 26 5 20 R
10 27 12 12 R
10 28 5 12 R
10 29 0 8 U
10 30 27 30 D
10 31 15 15 R
10 32 14 18 R
10 33 7 22 R
10 34 26 33 D
10 35 6 32 D
10 36 28 23 D
10 37 21 37 L
10 38 1 38 L
10 39 1 39 L
10 40 7 40 L
10 41 2 41 L
10 42 8 42 L
11 0 6 36 L
11 1 28 41 L
11 2 8 19 R
11 3 0 18 R
11 4 15 4 U
11 5 19 5 U
11 6 4 6 U
11 7 15 12 R
11 8 13 8 U
11 9 3 9 U
11 10 12 10 U
11 11 2 11 U
11 12 9 8 U
11 13 0 34 L
11 14 15 1 U
11 15 12 0 U
11 16 26 16 R
11 17 7 17 R
11 18 10 3 U
11 19 21 28 D
11 20 1 20 R
11 21 9 1 U
11 22 13 24 D
11 23 24 37 L
11 25 23 35 L
11 26 14 15 R
11 27 25 20 R
11 28 6 28 D
11 29 5 29 D
11 30 10 21 R
11 31 2 31 D
11 32 0 39 L
11 33 6 17 R
11 34 19 6 U
11 35 0 6 U
11 36 18 12 R
11 37 1 23 D
11 38 21 14 R
11 39 9 8 U
11 40 4 31 D
11 41 4 23 D
11 42 16 25 D
12 0 11 14 R
12 1 7 40 L
12 2 2 38 L
12 3 33 34 L
12 4 9 4 U
12 5 8 37 L
12 6 5 38 L
12 7 8 41 L
12 8 4 16 R
12 9 16 9 U
12 10 3 10 U
12 11 24 11 U
12 12 14 26 D
12 13 9 25 D
12 14 15 25 D
12 15 0 39 L
12 16 23 28 D
12 17 8 9 U
12 18 2 27 D
12 19 22 26 D
12 20 1 23 D
12 21 24 27 D
12 22 8 11 U
12 23 16 39 L
12 24 31 7 U
12 25 27 12 R
12 26 14 40 L
12 27 3 38 L
12 28 8 18 R
12 29 19 39 L
12 30 19 13 R
12 31 5 16 R
12 32 2 41 L
12 33 22 33 D
12 34 10 4 U
12 35 23 2 U
12 36 21 7 U
12 37 0 3 U
12 38 18 3 U
12 39 0 11 U
12 40 16 2 U
12 41 23 27 D
12 42 2 2 U
13 0 0 36 L
13 1 27 35 L
13 2 5 2 U
13 3 14 42 L
13 4 3 12 R
13 5 3 5 U
13 6 17 16 R
13 7 15 16 R
13 8 11 12 R
13 9 10 9 U
13 11 5 11 U
13 12 11 31 D
13 13 15 24 D
13 14 27 1 U
13 15 1 15 R
13 16 3 28 D
13 17 17 26 D
13 18 21 32 D
13 19 8 31 D
13 20 24 37 L
13 21 7 29 D
13 22 8 30 D
13 23 0 0 U
13 24 1 13 R
13 25 0 36 L
13 26 1 14 R
13 27 8 13 R
13 28 0 15 R
13 29 0 12 R
13 30 20 42 L
13 31 16 15 R
13 32 11 32 D
13 33 6 20 R
13 34 7 11 U
13 35 20 6 U
13 36 22 29 D
13 37 5 12 R
13 38 22 5 U
13 39 24 27 D
13 40 18 33 D
13 41 28 26 D
13 42 25 42 L
14 0 13 39 L
14 1 8 40 L
14 2 28 36 L
14 3 5 3 U
14 4 3 13 R
14 5 0 41 L
14 6 12 41 L
14 7 26 41 L
14 8 9 36 L
14 9 0 13 R
14 11 10 11 U
14 12 20 2 U
14 13 4 7 U
14 14 20 7 U
14 15 0 30 D
14 16 1 8 U
14 17 11 1 U
14 18 5 3 U
14 19 2 29 D
14 20 4 20 R
14 21 0 42 L
14 22 15 33 D
14 23 4 23 D
14 24 11 36 L
14 25 24 39 L
14 26 6 26 D
14 27 16 15 R
14 28 7 37 L
14 29 0 5 U
14 30 2 30 D
14 31 11 41 L
14 32 18 35 L
14 33 22 33 D
14 34 0 8 U
14 35 7 1 U
14 36 2 1 U
14 37 2 37 L
14 38 8 24 D
14 39 4 39 L
14 40 8 40 L
14 41 1 29 D
14 42 7 4 U
15 0 30 42 L
15 1 5 36 L
15 2 25 35 L
15 3 1 36 L
15 4 6 14 R
15 5 6 35 L
15 6 6 21 R
15 7 20 7 U
15 8 1 8 U
15 9 1 9 U
15 10 5 42 L
15 11 0 16 R
15 12 0 3 U
15 13 18 25 D
15 14 10 26 D
15 15 19 25 D
15 16 6 2 U
15 17 27 2 U
15 18 4 30 D
15 19 1 25 D
15 20 3 25 D
15 21 6 7 U
15 23 0 34 L
15 24 11 17 R
15 25 22 7 U
15 26 12 16 R
15 27 2 27 D
15 28 6 35 L
15 29 20 29 D
15 30 28 30 D
15 31 2 31 D
15 32 14 13 R
15 33 3 33 D
15 34 27 3 U
15 35 13 8 U
15 36 4 10 U
15 37 24 0 U
15 38 23 8 U
15 39 1 39 L
15 40 16 1 U
15 41 25 4 U
15 42 31 1 U
16 0 9 19 R
16 1 19 40 L
16 2 8 37 L
16 3 6 3 U
16 4 18 37 L
16 5 15 5 U
16 6 4 6 U
16 7 6 7 U
16 8 23 23 D
16 9 1 21 R
16 10 0 33 D
16 12 0 6 U
16 13 6 11 U
16 14 9 33 D
16 15 0 2 U
16 16 19 23 D
16 17 1 2 U
16 18 11 1 U
16 19 21 1 U
16 20 1 20 R
16 21 7 25 D
16 22 9 29 D
16 23 25 13 R
16 24 15 2 U
16 25 8 20 R
16 26 1 26 D
16 27 8 27 D
16 28 13 34 L
16 29 2 29 D
16 30 8 30 D
16 31 19 31 D
16 32 14 14 R
16 33 1 33 D
16 34 8 26 D
16 35 2 1 U
16 36 12 1 U
16 37 8 37 L
16 38 3 4 U
16 39 0 10 U
16 40 25 26 D
16 41 6 28 D
16 42 1 26 D
17 0 29 20 R
17 1 3 35 L
17 2 15 35 L
17 3 5 3 U
17 4 2 37 L
17 5 19 21 R
17 6 3 6 U
17 7 18 18 R
17 8 1 8 U
17 9 4 38 L
17 12 26 9 U
17 13 20 23 D
17 14 8 14 R
17 15 8 15 R
17 16 14 0 U
17 17 25 33 D
17 18 28 29 D
17 19 13 19 R
17 20 19 26 D
17 21 13 21 R
17 23 10 34 L
17 24 22 39 L
17 25 2 38 L
17 26 21 42 L
17 27 20 20 R
17 28 1 28 D
17 29 7 29 D
17 30 5 30 D
17 31 1 39 L
17 32 6 32 D
17 33 0 10 U
17 34 21 34 L
17 35 8 35 L
17 36 2 36 L
17 37 10 37 L
17 38 10 31 D
17 39 30 39 L
17 40 29 27 D
17 41 19 9 U
17 42 19 28 D
18 0 3 34 L
18 1 24 14 R
18 2 23 40 L
18 3 5 3 U
18 4 12 40 L
18 5 1 5 U
18 6 6 6 U
18 7 5 7 U
18 8 5 36 L
18 9 20 9 U
18 10 6 18 R
18 12 24 4 U
18 13 25 27 D
18 14 4 27 D
18 15 21 10 U
18 16 5 27 D
18 17 0 27 D
18 18 4 38 L
18 19 20 30 D
18 20 27 31 D
18 21 15 28 D
18 23 6 12 R
18 24 15 16 R
18 25 0 1 U
18 26 16 13 R
18 27 6 27 D
18 28 13 19 R
18 29 9 15 R
18 30 20 20 R
18 31 20 14 R
18 32 25 32 D
18 33 8 34 L
18 34 28 10 U
18 35 23 1 U
18 36 11 12 R
18 37 1 28 D
18 38 30 15 R
18 39 0 27 D
18 40 8 40 L
18 41 3 33 D
18 42 15 32 D
19 0 7 19 R
19 1 24 18 R
19 2 25 2 U
19 3 32 21 R
19 4 5 37 L
19 5 1 18 R
19 6 21 18 R
19 7 3 7 U
19 8 9 8 U
19 9 4 9 U
19 10 5 14 R
19 12 26 32 D
19 13 0 38 L
19 14 11 23 D
19 15 0 10 U
19 16 6 25 D
19 17 20 31 D
19 19 7 19 R
19 20 29 7 U
19 21 2 21 R
19 23 27 12 R
19 24 18 12 R
19 25 12 41 L
19 26 11 13 R
19 27 9 27 D
19 28 11 21 R
19 29 8 29 D
19 30 5 30 D
19 31 6 31 D
19 32 29 39 L
19 33 1 33 D
19 34 1 34 L
19 35 28 6 U
19 36 8 36 L
19 37 32 37 L
19 38 23 38 L
19 39 0 32 D
19 40 11 40 L
19 41 3 41 L
19 42 2 42 L
20 0 5 34 L
20 1 8 16 R
20 2 14 2 U
20 3 26 18 R
20 4 4 31 D
20 5 18 42 L
20 6 23 20 R
20 7 26 7 U
20 8 25 17 R
20 9 1 15 R
20 10 18 38 L
20 12 22 7 U
20 13 23 13 R
20 14 1 26 D
20 15 23 15 R
20 16 0 33 D
20 17 10 27 D
20 19 2 19 R
20 20 34 20 R
20 21 13 21 R
20 22 11 9 U
20 23 16 40 L
20 24 0 2 U
20 25 32 40 L
20 26 10 26 D
20 27 27 37 L
20 28 21 20 R
20 29 11 29 D
20 30 0 3 U
20 31 27 1 U
20 32 0 36 L
20 33 10 33 D
20 34 28 5 U
20 35 6 7 U
20 36 26 36 L
20 37 5 2 U
20 38 11 27 D
20 39 15 3 U
20 40 32 3 U
20 41 0 33 D
20 42 18 4 U
21 0 6 42 L
21 1 0 25 D
21 2 10 13 R
21 3 3 29 D
21 4 27 4 U
21 5 1 40 L
21 6 6 6 U
21 7 2 7 U
21 8 2 8 U
21 9 8 9 U
21 10 9 42 L
21 12 17 5 U
21 13 31 13 R
21 14 6 2 U
21 15 6 7 U
21 16 7 32 D
21 17 20 2 U
21 18 19 4 U
21 19 1 6 U
21 20 32 8 U
21 23 18 38 L
21 24 13 40 L
21 25 24 34 L
21 26 14 38 L
21 27 0 7 U
21 28 13 42 L
21 29 14 13 R
21 30 4 42 L
21 31 5 31 D
21 32 6 32 D
21 33 18 39 L
21 34 0 24 D
21 36 18 31 D
21 37 9 15 R
21 38 4 12 R
21 39 26 8 U
21 40 9 6 U
21 41 1 23 D
21 42 10 10 U
22 0 19 36 L
22 1 7 36 L
22 2 16 41 L
22 3 9 22 R
22 4 13 39 L
22 5 23 18 R
22 6 1 6 U
22 7 13 20 R
22 8 14 8 U
22 9 3 9 U
22 10 2 10 U
22 11 7 11 U
22 12 17 12 R
22 13 24 13 R
22 14 31 2 U
22 15 3 4 U
22 16 32 1 U
22 17 26 17 R
22 18 2 18 R
22 19 1 30 D
22 20 1 9 U
22 21 26 10 U
22 22 15 3 U
22 23 0 13 R
22 24 23 35 L
22 25 26 39 L
22 26 0 37 L
22 27 21 3 U
22 28 12 14 R
22 29 28 18 R
22 30 0 15 R
22 31 1 31 D
22 32 11 32 D
22 33 10 33 D
22 34 2 24 D
22 35 6 1 U
22 36 23 36 L
22 37 2 9 U
22 38 18 17 R
22 39 25 32 D
22 40 8 40 L
22 41 3 1 U
22 42 29 24 D
23 0 22 15 R
23 1 3 24 D
23 2 3 15 R
23 3 12 36 L
23 4 18 39 L
23 5 18 40 L
23 6 14 17 R
23 7 26 19 R
23 8 0 15 R
23 9 13 19 R
23 10 13 17 R
23 11 12 11 U
23 12 14 3 U
23 13 35 0 U
23 14 18 31 D
23 15 8 15 R
23 16 25 16 R
23 17 32 17 R
23 18 10 18 R
23 19 7 29 D
23 20 35 20 R
23 21 10 21 R
23 23 3 18 R
23 24 8 16 R
23 25 11 35 L
23 26 21 14 R
23 27 15 13 R
23 28 0 3 U
23 29 5 29 D
23 30 16 16 R
23 31 0 12 R
23 32 11 32 D
23 33 11 33 D
23 34 0 5 U
23 35 22 35 L
23 36 10 3 U
23 37 8 25 D
23 38 28 30 D
23 39 0 9 U
23 40 4 24 D
23 41 24 26 D
23 42 8 42 L
24 0 8 27 D
24 1 13 20 R
24 2 6 14 R
24 3 13 17 R
24 4 3 4 U
24 5 2 15 R
24 6 7 12 R
24 7 5 7 U
24 8 6 22 R
24 9 5 17 R
24 10 6 42 L
24 12 7 0 U
24 13 17 2 U
24 14 6 33 D
24 15 28 0 U
24 16 17 16 R
24 17 14 3 U
24 19 21 5 U
24 20 4 20 R
24 21 20 6 U
24 23 7 35 L
24 25 12 13 R
24 26 0 8 U
24 27 14 14 R
24 28 0 10 U
24 29 8 12 R
24 30 15 35 L
24 31 18 15 R
24 32 0 2 U
24 33 0 12 R
24 34 13 3 U
24 35 7 33 D
24 36 16 13 R
24 37 21 31 D
24 38 18 7 U
24 39 23 31 D
24 40 25 25 D
24 41 4 41 L
24 42 7 42 L
25 0 8 17 R
25 1 11 16 R
25 3 28 18 R
25 4 12 39 L
25 5 11 14 R
25 6 8 22 R
25 7 13 17 R
25 8 19 12 R
25 9 2 9 U
25 10 17 19 R
25 11 1 11 U
25 12 0 35 L
25 13 3 9 U
25 14 18 24 D
25 15 28 25 D
25 16 2 24 D
25 17 27 26 D
25 19 3 24 D
25 20 3 6 U
25 21 5 21 R
25 23 3 0 U
25 24 19 21 R
25 25 13 12 R
25 26 11 26 D
25 27 15 21 R
25 28 1 41 L
25 29 0 3 U
25 30 3 30 D
25 31 15 31 D
25 32 1 32 D
25 33 6 33 D
25 34 0 0 U
25 36 15 32 D
25 37 14 26 D
25 38 2 25 D
25 39 10 39 L
25 40 2 14 R
25 41 24 41 L
25 42 22 32 D
26 0 1 12 R
26 1 13 37 L
26 2 19 38 L
26 3 3 41 L
26 4 28 19 R
26 5 5 12 R
26 6 9 6 U
26 7 3 18 R
26 8 8 8 U
26 9 7 9 U
26 10 30 10 U
26 12 0 11 U
26 13 29 0 U
26 14 22 6 U
26 15 22 1 U
26 16 1 16 R
26 17 10 30 D
26 18 1 18 R
26 19 30 19 R
26 20 12 3 U
26 23 13 18 R
26 24 1 12 R
26 25 15 18 R
26 26 8 26 D
26 27 0 9 U
26 28 24 41 L
26 29 4 21 R
26 30 27 20 R
26 31 20 36 L
26 32 9 32 D
26 33 3 33 D
26 34 0 23 D
26 35 4 25 D
26 36 17 36 L
26 37 0 29 D
26 38 23 26 D
26 39 1 6 U
26 40 9 40 L
26 41 10 41 L
26 42 29 30 D
27 0 22 0 U
27 1 20 23 D
27 2 29 40 L
27 3 20 3 U
27 4 0 27 D
27 5 0 29 D
27 6 2 6 U
27 7 10 39 L
27 8 15 38 L
27 9 2 9 U
27 11 2 38 L
27 12 0 40 L
27 13 22 0 U
27 15 8 3 U
27 16 5 16 R
27 17 23 32 D
27 18 20 7 U
27 20 15 5 U
27 23 9 40 L
27 25 9 25 D
27 26 20 16 R
27 27 10 27 D
27 28 4 38 L
27 29 10 16 R
27 30 3 41 L
27 31 10 31 D
27 32 2 32 D
27 33 3 33 D
27 34 18 0 U
27 35 18 0 U
27 36 26 0 U
27 37 3 23 D
27 39 11 4 U
27 40 17 6 U
27 41 7 41 L
27 42 26 27 D
28 0 5 35 L
28 1 19 1 U
28 2 3 16 R
28 3 16 19 R
28 4 4 35 L
28 5 12 5 U
28 6 13 39 L
28 7 11 37 L
28 8 17 35 L
28 9 27 14 R
28 12 7 24 D
28 13 14 25 D
28 14 0 37 L
28 15 11 24 D
28 16 22 23 D
28 17 10 17 R
28 18 16 27 D
28 20 13 24 D
28 23 26 34 L
28 25 6 25 D
28 26 16 39 L
28 27 27 17 R
28 28 19 15 R
28 29 2 29 D
28 30 15 14 R
28 31 24 13 R
28 33 20 16 R
28 36 33 5 U
28 37 9 37 L
28 39 13 27 D
28 40 33 5 U
28 41 27 26 D
29 3 22 20 R
29 4 5 13 R
29 5 18 5 U
29 6 15 6 U
29 7 34 7 U
29 8 33 42 L
29 9 24 15 R
29 10 3 14 R
29 12 8 35 L
29 13 17 13 R
29 15 18 5 U
29 16 10 23 D
29 17 28 28 D
29 23 2 12 R
29 24 27 13 R
29 25 6 2 U
29 26 31 41 L
29 27 2 27 D
29 28 6 28 D
29 29 26 29 D
29 30 11 30 D
29 31 15 13 R
29 32 11 10 U
29 34 4 32 D
29 36 2 8 U
29 37 1 24 D
29 38 26 24 D
29 39 23 39 L
29 40 6 27 D
29 41 22 19 R
30 4 26 18 R
30 5 12 5 U
30 6 11 6 U
30 7 31 15 R
30 8 9 8 U
30 9 29 13 R
30 13 0 25 D
30 15 17 23 D
30 16 11 23 D
30 17 7 17 R
30 19 14 4 U
30 20 13 3 U
30 23 27 35 L
30 25 7 38 L
30 26 4 38 L
30 27 1 16 R
30 29 3 15 R
30 30 19 30 D
30 31 0 7 U
30 32 23 19 R
30 33 3 33 D
30 34 17 23 D
30 37 31 25 D
30 40 6 40 L
30 41 5 30 D
30 42 16 23 D
31 1 30 12 R
31 4 18 42 L
31 5 3 5 U
31 6 19 33 D
31 7 30 15 R
31 9 3 9 U
31 13 2 13 R
31 15 11 2 U
31 23 1 20 R
31 26 17 36 L
31 27 8 27 D
31 29 12 29 D
31 30 10 30 D
31 31 8 31 D
31 34 0 12 R
31 35 29 23 D
31 37 28 3 U
31 39 30 26 D
31 40 11 25 D
31 41 7 41 L
31 42 1 42 L
32 5 1 5 U
32 6 0 27 D
32 7 30 35 L
32 8 31 12 R
32 9 8 9 U
32 13 28 1 U
32 15 27 0 U
32 20 1 28 D
32 23 26 37 L
32 26 31 18 R
32 27 3 7 U
32 29 15 29 D
32 30 2 42 L
32 35 18 24 D
32 37 8 37 L
32 39 30 5 U
32 40 0 16 R
32 42 5 33 D
33 5 5 36 L
33 6 30 17 R
33 9 31 9 U
33 13 30 8 U
33 15 27 28 D
33 26 11 19 R
33 27 23 14 R
33 37 10 37 L
34 5 15 5 U
34 9 12 9 U
34 15 12 9 U
34 26 9 26 D
34 27 3 27 D
34 37 33 0 U
35 5 0 37 L
35 9 26 9 U
35 15 32 31 D
35 26 15 42 L
35 37 8 37 L

