16 15 201
6 14 15 14 0 0 0 0 15 0 0 0 0
0 0 15 11 10 0 9 0 0 5 11 0 0
0 0 0 14 6 0 9 0 0 4 8 0 0
0 0 0 10 0 0 0 0 0 0 0 11 0
10 12 0 1 0 0 0 0 1 5 0 8 1
0 0 0 0 0 0 0 0 15 0 0 0 12
0 0 0 10 0 0 0 0 0 0 0 7 14
13 0 13 5 0 0 0 0 0 0 0 5 0
12 3 0 0 0 14 0 0 0 0 0 0 14
13 0 0 0 0 0 0 4 0 0 0 0 13
12 0 0 0 0 0 0 0 0 0 0 0 13
10 14 0 0 0 0 0 0 0 14 0 0 0
1 0 0 0 0 0 0 2 0 3 0 0 5
0 0 0 0 L
0 1 0 1 L
0 2 0 2 L
0 3 0 3 L
0 4 0 4 R
0 5 0 5 R
0 6 0 6 R
0 7 0 7 D
0 8 0 8 D
0 9 0 9 D
0 10 0 10 D
0 11 0 11 U
0 12 0 12 U
0 13 0 13 U
0 14 0 14 U
1 0 2 13 U
1 1 0 11 U
1 2 5 9 D
1 3 8 5 R
1 4 0 8 D
1 5 7 14 U
1 6 11 8 D
1 7 2 7 D
1 8 4 8 D
1 9 4 3 L
1 10 6 10 D
1 11 3 11 U
1 12 4 5 R
1 13 0 2 L
1 14 11 14 U
2 0 0 13 U
2 1 4 10 D
2 2 7 6 R
2 3 1 7 D
2 4 10 8 D
2 5 0 11 U
2 6 0 13 U
2 7 0 1 L
2 8 0 6 R
2 9 6 6 R
2 10 5 4 R
2 11 6 5 R
2 12 9 12 U
2 13 3 13 U
2 14 11 6 R
3 0 4 11 U
3 1 6 8 D
3 2 0 7 D
3 3 8 3 L
3 4 10 7 D
3 5 7 10 D
3 6 9 7 D
3 7 1 6 R
3 8 0 0 L
3 9 7 12 U
3 10 10 6 R
3 11 0 3 L
3 12 5 1 L
3 13 1 2 L
3 14 4 14 U
4 0 0 12 U
4 1 8 8 D
4 2 5 10 D
4 3 0 9 D
4 4 7 9 D
4 5 6 5 R
4 6 2 6 R
4 7 2 4 R
4 8 2 2 L
4 9 2 4 R
4 10 12 6 R
4 11 3 11 U
4 12 1 12 U
4 13 0 0 L
4 14 6 14 U
5 0 1 11 U
5 1 7 7 D
5 2 2 14 U
5 4 3 9 D
5 5 7 5 R
5 6 3 6 R
5 7 2 0 L
5 8 6 1 L
5 9 6 0 L
5 10 1 1 L
5 11 0 4 R
5 12 6 4 R
5 13 8 4 R
5 14 9 5 R
6 0 2 7 D
6 1 5 7 D
6 2 2 12 U
6 3 2 8 D
6 4 5 11 U
6 5 5 12 U
6 6 4 13 U
6 7 5 4 R
6 8 7 0 L
6 9 0 11 U
6 10 3 10 D
6 11 9 0 L
6 12 3 4 R
6 13 11 4 R
6 14 1 14 U
7 0 5 9 D
7 1 6 9 D
7 2 4 2 L
7 3 4 3 L
7 4 10 0 L
7 5 8 13 U
7 6 8 12 U
7 7 0 2 L
7 8 11 2 L
7 9 6 2 L
7 10 6 10 D
7 11 0 1 L
7 12 3 1 L
7 13 6 5 R
7 14 4 1 L
8 0 0 5 R
8 1 1 9 D
8 2 9 10 D
8 4 0 7 D
8 5 7 12 U
8 6 7 6 R
8 7 6 0 L
8 8 13 1 L
8 9 12 2 L
8 10 0 3 L
8 11 10 6 R
8 12 0 5 R
8 13 2 1 L
9 0 8 8 D
9 1 2 7 D
9 2 8 5 R
9 4 8 10 D
9 5 5 3 L
9 6 3 6 R
9 7 0 4 R
9 8 12 1 L
9 9 4 9 D
9 11 5 4 R
9 12 5 0 L
9 13 1 13 U
9 14 0 4 R
10 0 5 0 L
10 1 0 14 U
10 2 9 6 R
10 4 4 7 D
10 5 3 5 R
10 6 0 1 L
10 7 0 13 U
10 8 9 8 D
10 9 12 13 U
10 10 6 10 D
10 11 0 6 R
10 12 4 1 L
10 13 3 4 R
11 0 9 7 D
11 1 7 8 D
11 4 4 4 R
11 5 5 11 U
11 6 0 10 D
11 7 3 4 R
11 8 12 8 D
11 9 3 9 D
11 11 12 2 L
11 12 0 7 D
11 13 10 13 U
12 0 2 14 U
12 1 4 14 U
12 4 3 8 D
12 5 6 13 U
12 6 7 13 U
12 7 6 4 R
12 8 6 11 U
12 9 2 9 D
12 13 13 13 U
13 0 14 9 D
13 1 12 12 U
13 4 0 0 L
13 5 9 13 U
13 6 10 1 L
13 7 15 0 L
13 8 11 8 D
13 9 2 9 D
13 13 11 13 U
14 0 0 9 D
14 1 11 1 L
14 4 7 1 L
14 5 7 8 D
14 6 13 2 L
14 7 9 5 R
14 8 7 2 L
14 9 0 12 U
14 13 6 6 R
15 0 14 0 L
15 1 13 7 D
15 6 6 13 U
15 8 13 4 R
15 13 4 5 R

