22 16 286
2 3 10 0 0 19 0 0 10 0 0 0 18 1 0 0 13 9
0 5 16 0 0 0 0 0 0 4 0 0 0 0 0 20 19 0
18 0 2 0 0 8 0 0 0 6 0 0 0 5 0 1 0 0
15 17 0 0 0 0 0 0 19 17 0 0 0 0 0 0 10 5
17 0 11 5 0 0 2 0 18 0 12 3 1 7 0 0 0 8
16 19 0 0 0 0 3 4 0 0 0 18 16 0 0 17 0 0
5 0 0 0 13 19 17 1 15 0 0 0 0 16 3 0 0 0
0 0 13 0 0 0 0 0 9 13 0 0 0 10 0 6 0 0
4 14 0 17 0 0 0 14 0 0 0 0 16 0 1 0 0 0
0 0 13 1 0 12 9 8 4 21 0 0 0 0 6 3 0 0
0 15 0 13 0 19 0 14 0 11 18 14 2 0 3 0 3 0
8 15 0 5 13 0 0 0 19 1 17 0 15 3 0 0 1 0
1 0 0 0 10 0 0 1 0 0 0 0 0 0 14 13 0 0
16 0 14 12 0 0 0 10 18 0 0 6 1 3 14 0 0 0
7 0 0 0 2 0 20 0 0 0 0 12 0 0 0 1 0 0
18 0 0 0 0 0 19 20 0 0 0 1 1 0 7 0 0 0
0 6 0 0 11 14 0 20 0 11 11 10 1 0 0 0 0 0
2 7 20 21 0 0 0 0 21 0 3 0 0 4 0 11 0 3
0 0 0 0 L
0 1 0 1 L
0 2 0 2 L
0 3 0 3 L
0 4 0 4 R
0 5 0 5 R
0 6 0 6 R
0 7 0 7 R
0 8 0 8 R
0 9 0 9 D
0 10 0 10 D
0 11 0 11 D
0 12 0 12 U
0 13 0 13 U
0 14 0 14 U
0 15 0 15 U
1 0 0 10 D
1 1 0 12 U
1 2 4 2 L
1 3 7 3 L
1 4 0 0 L
1 5 0 1 L
1 6 0 10 D
1 7 12 7 R
1 9 0 2 L
1 10 0 1 L
1 11 10 11 D
1 12 0 0 L
1 13 2 13 U
1 14 4 5 R
1 15 8 15 U
2 0 12 12 U
2 1 3 1 L
2 2 1 2 L
2 3 3 10 D
2 4 0 9 D
2 5 4 5 R
2 6 7 6 R
2 7 3 7 R
2 9 0 5 R
2 10 1 5 R
2 11 3 6 R
2 12 0 1 L
2 13 12 13 U
2 14 0 5 R
2 15 13 15 U
3 0 8 0 L
3 1 9 11 D
3 2 0 11 D
3 3 6 3 L
3 4 12 9 D
3 5 0 2 L
3 6 0 14 U
3 7 4 7 R
3 9 14 12 U
3 10 2 10 D
3 11 0 14 U
3 12 0 4 R
3 13 0 6 R
3 14 2 14 U
3 15 1 15 U
4 0 0 9 D
4 1 1 1 L
4 2 2 11 D
4 4 10 4 R
4 5 3 5 R
4 6 15 12 U
4 7 11 7 R
4 8 3 8 R
4 9 2 9 D
4 10 6 10 D
4 11 12 11 D
4 12 0 11 D
4 13 16 4 R
4 14 11 5 R
4 15 5 8 R
5 0 4 10 D
5 1 0 4 R
5 2 11 2 L
5 4 13 12 U
5 5 11 5 R
5 6 14 6 R
5 7 2 7 R
5 9 6 4 R
5 10 0 13 U
5 11 3 11 D
5 12 0 9 D
5 13 4 13 U
5 14 8 14 U
5 15 0 6 R
6 0 11 15 U
6 1 5 1 L
6 2 9 11 D
6 4 0 13 U
6 5 3 10 D
6 6 9 1 L
6 7 0 2 L
6 9 7 9 D
6 10 0 4 R
6 11 10 5 R
6 12 13 12 U
6 13 9 13 U
6 14 9 1 L
6 15 8 15 U
7 0 0 13 U
7 1 2 1 L
7 2 9 15 U
7 3 8 3 L
7 4 4 11 D
7 5 10 14 U
7 6 1 11 D
7 7 3 11 D
7 9 0 12 U
7 10 4 10 D
7 11 5 3 L
7 12 14 5 R
7 13 2 0 L
7 14 0 2 L
7 15 3 4 R
8 0 2 0 L
8 1 0 14 U
8 2 3 2 L
8 4 16 9 D
8 5 6 11 D
8 6 1 6 R
8 7 2 7 R
8 8 9 8 R
8 9 14 4 R
8 10 14 4 R
8 11 0 6 R
8 12 5 12 U
8 13 9 13 U
8 14 10 14 U
8 15 15 0 L
9 0 16 13 U
9 1 3 1 L
9 2 1 13 U
9 3 0 15 U
9 4 8 10 D
9 5 15 2 L
9 6 5 9 D
9 7 2 7 R
9 9 12 9 D
9 10 1 7 R
9 11 0 3 L
9 12 7 0 L
9 13 15 9 D
9 14 6 5 R
9 15 2 11 D
10 0 5 11 D
10 1 2 1 L
10 2 12 10 D
10 4 1 12 U
10 5 2 5 R
10 6 0 13 U
10 7 1 7 R
10 9 1 9 D
10 10 9 6 R
10 11 3 11 D
10 12 5 4 R
10 13 12 7 R
10 14 4 4 R
10 15 6 5 R
11 0 3 9 D
11 1 6 1 L
11 2 5 2 L
11 4 18 9 D
11 5 0 15 U
11 6 2 6 R
11 7 0 12 U
11 9 0 14 U
11 10 15 2 L
11 11 9 11 D
11 13 8 13 U
11 14 5 2 L
11 15 20 15 U
12 0 15 9 D
12 1 4 1 L
12 2 1 14 U
12 3 11 3 L
12 4 9 4 R
12 5 5 12 U
12 6 1 6 R
12 7 1 7 R
12 8 2 9 D
12 9 6 6 R
12 10 3 10 D
12 11 16 12 U
12 12 4 12 U
12 13 5 13 U
12 14 6 7 R
12 15 10 7 R
13 0 2 0 L
13 1 7 14 U
13 2 8 2 L
13 4 5 0 L
13 5 1 2 L
13 7 6 7 R
13 8 3 2 L
13 9 0 4 R
13 10 6 10 D
13 11 11 8 R
13 12 0 7 R
13 13 4 13 U
13 14 0 0 L
13 15 21 15 U
14 0 0 7 R
14 1 16 12 U
14 2 7 13 U
14 4 0 11 D
14 5 5 5 R
14 7 0 14 U
14 9 0 7 R
14 10 5 0 L
14 11 5 14 U
14 12 1 12 U
14 13 17 2 L
14 14 1 14 U
14 15 19 15 U
15 0 13 10 D
15 1 14 1 L
15 2 18 14 U
15 4 6 14 U
15 5 7 10 D
15 7 1 7 R
15 9 6 15 U
15 10 12 10 D
15 11 0 0 L
15 12 12 6 R
15 13 17 7 R
15 14 4 14 U
16 0 1 9 D
16 1 0 10 D
16 2 9 9 D
16 4 17 4 R
16 5 3 12 U
16 7 6 14 U
16 9 9 1 L
16 10 5 10 D
16 11 15 11 D
16 12 8 1 L
16 13 10 13 U
16 14 9 14 U
16 15 15 5 R
17 0 0 6 R
17 1 9 14 U
17 2 6 2 L
17 4 15 4 R
17 5 1 5 R
17 7 7 1 L
17 9 19 9 D
17 10 12 5 R
17 11 1 6 R
17 12 11 4 R
17 14 19 5 R
18 0 5 9 D
18 1 3 1 L
18 2 8 2 L
18 5 4 10 D
18 7 1 3 L
18 9 6 9 D
18 10 3 10 D
18 11 15 7 R
18 12 6 4 R
18 14 4 14 U
19 0 13 0 L
19 1 17 10 D
19 2 16 2 L
19 5 16 1 L
19 7 7 7 R
19 9 20 9 D
19 10 11 6 R
19 11 6 0 L
19 12 11 10 D
19 14 8 14 U
20 0 11 12 U
20 1 7 15 U
20 5 10 0 L
20 7 11 7 R
20 9 1 4 R
20 10 12 10 D
20 11 0 15 U
21 0 6 0 L
21 1 2 1 L
21 9 2 1 L
21 10 9 10 D

