20 12 200
0 0 0 0 0 0 1 0 8 11 0 0 9
1 0 0 8 3 0 0 0 0 0 1 0 0
0 0 1 0 0 0 12 0 0 0 9 0 15
0 0 0 0 0 0 6 4 13 11 10 13 16
0 12 0 1 0 5 15 13 16 0 8 0 0
0 0 0 10 0 1 17 18 0 0 0 0 19
0 0 0 19 0 0 4 0 3 17 0 14 16
0 0 0 0 0 0 0 0 0 0 0 1 1
0 0 0 0 17 0 0 0 0 0 0 17 14
0 14 0 18 0 8 0 0 5 1 0 8 0
0 11 0 18 14 0 0 0 0 10 1 0 0
0 0 0 0 0 19 0 7 6 1 1 0 0
15 14 16 1 15 8 6 0 18 17 0 16 1
0 0 0 0 D
0 1 0 1 D
0 2 0 2 D
0 3 0 3 R
0 4 0 4 R
0 5 0 5 R
0 6 0 6 U
0 7 0 7 U
0 8 0 8 U
0 9 0 9 L
0 10 0 10 L
0 11 0 11 L
1 0 0 10 L
1 1 7 4 R
1 2 7 10 L
1 3 0 6 U
1 4 0 11 L
1 5 15 6 U
1 6 0 0 D
1 7 0 1 D
1 8 4 8 U
1 9 5 0 D
1 10 4 10 L
1 11 8 11 L
2 0 1 0 D
2 1 5 1 D
2 2 3 2 D
2 3 3 3 R
2 4 9 4 R
2 5 1 5 R
2 6 5 3 R
2 7 5 7 U
2 8 0 5 R
2 9 15 9 L
2 10 3 2 D
2 11 11 8 U
3 0 13 5 R
3 1 7 3 R
3 2 6 11 L
3 3 13 8 U
3 4 10 0 D
3 5 10 7 U
3 6 9 10 L
3 7 0 5 R
3 8 4 8 U
3 9 0 1 D
3 10 11 8 U
3 11 12 11 L
4 0 13 11 L
4 1 1 1 D
4 2 9 2 D
4 3 7 7 U
4 4 8 7 U
4 5 1 6 U
4 6 7 0 D
4 7 2 7 U
4 8 3 0 D
4 9 12 3 R
4 10 11 10 L
4 11 9 1 D
5 0 4 4 R
5 1 10 1 D
5 2 8 2 D
5 3 9 8 U
5 4 10 4 R
5 5 13 8 U
5 6 7 6 U
5 7 0 3 R
5 8 0 1 D
5 9 0 0 D
5 10 6 1 D
5 11 2 1 D
6 0 0 9 L
6 1 14 9 L
6 2 12 2 D
6 3 0 9 L
6 4 9 7 U
6 6 0 9 L
6 7 3 3 R
6 8 4 8 U
6 9 8 8 U
6 10 11 2 D
6 11 12 11 L
7 0 6 0 D
7 1 12 10 L
7 2 11 5 R
7 3 6 6 U
7 4 13 4 R
7 5 1 8 U
7 6 6 6 U
7 7 13 11 L
7 8 14 3 R
7 9 5 6 U
7 10 11 10 L
7 11 10 11 L
8 0 3 9 L
8 1 0 3 R
8 3 2 11 L
8 4 14 6 U
8 5 3 5 R
8 6 2 6 U
8 7 10 3 R
8 8 4 8 U
8 9 2 9 L
8 10 0 3 R
8 11 2 11 L
9 0 11 3 R
9 1 4 5 R
9 3 0 0 D
9 4 8 6 U
9 6 10 2 D
9 7 5 7 U
9 8 7 2 D
9 9 0 6 U
9 10 8 7 U
9 11 3 11 L
10 0 2 11 L
10 1 6 7 U
10 2 7 3 R
10 3 13 3 R
10 4 0 7 U
10 5 4 5 R
10 6 3 9 L
10 7 2 7 U
10 8 15 4 R
10 9 12 9 L
10 10 3 10 L
10 11 15 0 D
11 0 2 9 L
11 1 8 4 R
11 2 8 11 L
11 3 5 10 L
11 4 2 4 R
11 5 12 5 R
11 6 0 11 L
11 7 5 5 R
11 8 15 8 U
11 9 1 7 U
11 10 12 10 L
11 11 0 4 R
12 0 2 0 D
12 2 7 2 D
12 3 2 3 R
12 4 8 4 R
12 5 11 5 R
12 6 11 6 U
12 7 13 10 L
12 8 0 2 D
12 9 11 7 U
12 10 5 6 U
12 11 7 6 U
13 0 0 5 R
13 2 8 9 L
13 3 1 0 D
13 4 4 2 D
13 5 7 9 L
13 6 6 11 L
13 7 4 4 R
13 8 1 8 U
13 9 5 9 L
13 10 7 7 U
13 11 2 11 L
14 0 4 9 L
14 1 6 9 L
14 2 1 10 L
14 3 8 8 U
14 4 3 7 U
14 6 7 6 U
14 7 0 4 R
14 8 2 8 U
14 9 2 9 L
14 10 7 8 U
14 11 11 11 L
15 0 0 11 L
15 2 2 2 D
15 3 13 3 R
15 4 17 4 R
15 6 13 10 L
15 7 1 7 U
15 9 9 6 U
15 11 0 2 D
16 0 4 11 L
16 3 10 6 U
16 6 4 6 U
16 7 13 4 R
16 9 13 2 D
16 11 13 6 U
17 0 1 0 D
17 3 14 3 R
17 6 12 6 U
17 7 6 1 D
17 9 6 4 R
17 11 1 11 L
18 3 7 3 R
18 6 13 3 R
18 7 5 7 U
18 9 0 7 U
19 3 8 0 D
19 6 16 3 R
19 7 2 7 U

