17 17 248
9 0 0 0 0 0 0 0 0 0 0 0 14
5 0 13 0 12 0 0 0 13 13 0 8 7
16 11 1 4 0 4 0 13 0 0 10 0 0
14 0 13 10 0 0 10 4 0 0 0 2 15
8 5 3 0 0 0 0 0 0 2 0 0 8
0 0 0 0 4 0 0 8 0 7 5 0 9
0 2 7 15 15 0 15 0 1 0 0 0 14
15 12 0 0 10 0 0 3 3 0 13 0 0
14 7 0 0 6 0 0 0 0 0 0 15 5
0 12 0 0 3 14 6 0 0 0 0 2 8
0 0 6 14 0 0 0 0 0 12 1 0 7
11 10 5 0 0 0 4 0 0 7 0 10 0
1 0 0 1 16 0 8 9 6 7 0 0 3
0 0 0 0 L
0 1 0 1 L
0 2 0 2 L
0 3 0 3 L
0 4 0 4 R
0 5 0 5 R
0 6 0 6 R
0 7 0 7 R
0 8 0 8 D
0 9 0 9 D
0 10 0 10 D
0 11 0 11 D
0 12 0 12 U
0 13 0 13 U
0 14 0 14 U
0 15 0 15 U
0 16 0 16 U
1 0 0 9 D
1 1 11 1 L
1 2 13 13 U
1 3 9 3 L
1 4 5 1 L
1 5 3 5 R
1 6 10 10 D
1 7 3 15 U
1 8 3 5 R
1 9 2 9 D
1 10 0 15 U
1 11 0 16 U
1 12 13 8 D
1 13 13 3 L
1 15 14 2 L
1 16 7 16 U
2 0 8 9 D
2 1 11 4 R
2 2 6 8 D
2 3 13 10 D
2 4 0 13 U
2 5 0 3 L
2 6 7 13 U
2 7 13 9 D
2 8 0 0 L
2 9 4 9 D
2 10 3 5 R
2 11 7 11 D
2 12 3 7 R
2 13 8 6 R
2 15 1 4 R
2 16 9 2 L
3 0 0 12 U
3 1 9 1 L
3 2 11 15 U
3 3 1 3 L
3 4 13 9 D
3 5 8 8 D
3 6 7 8 D
3 7 1 10 D
3 8 8 0 L
3 9 12 9 D
3 10 0 14 U
3 11 11 11 D
3 12 8 2 L
3 13 6 5 R
3 15 0 3 L
4 0 0 13 U
4 1 9 8 D
4 2 7 9 D
4 3 6 16 U
4 4 8 14 U
4 5 13 13 U
4 6 2 6 R
4 7 11 7 R
4 8 1 0 L
4 9 2 15 U
4 10 0 5 R
4 11 5 11 D
4 12 0 4 R
4 13 10 6 R
4 15 1 15 U
5 0 0 5 R
5 1 1 15 U
5 2 3 4 R
5 3 3 3 L
5 4 13 0 L
5 5 13 12 U
5 6 8 13 U
5 7 2 12 U
5 8 6 8 D
5 9 11 9 D
5 10 3 13 U
5 11 4 15 U
5 12 7 3 L
5 13 4 4 R
5 14 6 7 R
5 15 8 5 R
5 16 1 16 U
6 0 5 12 U
6 1 7 13 U
6 2 12 11 D
6 3 3 12 U
6 4 0 14 U
6 5 4 8 D
6 7 3 8 D
6 8 0 7 R
6 9 0 4 R
6 10 4 16 U
6 11 11 6 R
6 12 2 3 L
6 13 0 2 L
6 14 8 14 U
6 15 4 3 L
6 16 2 16 U
7 0 12 11 D
7 1 8 1 L
7 3 0 7 R
7 4 13 12 U
7 5 2 14 U
7 6 1 3 L
7 7 0 0 L
7 8 13 6 R
7 9 0 12 U
7 10 6 10 D
7 11 5 11 D
7 12 9 0 L
7 13 2 7 R
7 14 13 6 R
7 15 2 15 U
7 16 9 16 U
8 0 9 10 D
8 1 0 8 D
8 2 10 2 L
8 3 5 11 D
8 4 2 4 R
8 5 0 12 U
8 7 10 11 D
8 8 0 1 L
8 9 7 5 R
8 10 9 14 U
8 11 5 4 R
8 12 10 1 L
8 13 10 13 U
8 14 5 14 U
8 15 13 15 U
8 16 11 16 U
9 0 11 12 U
9 1 0 4 R
9 2 1 2 L
9 3 0 14 U
9 4 0 8 D
9 5 12 8 D
9 6 0 10 D
9 7 8 1 L
9 8 12 4 R
9 9 7 4 R
9 10 6 10 D
9 11 11 11 D
9 12 12 4 R
9 13 14 5 R
9 14 0 8 D
9 16 6 7 R
10 0 14 0 L
10 1 9 9 D
10 2 4 2 L
10 3 0 10 D
10 4 13 8 D
10 5 11 9 D
10 6 5 6 R
10 7 8 7 R
10 8 6 4 R
10 9 4 0 L
10 10 13 10 D
10 11 4 16 U
10 12 3 1 L
10 13 14 7 R
10 14 3 3 L
10 15 8 2 L
11 0 4 0 L
11 1 7 9 D
11 2 0 14 U
11 4 13 10 D
11 5 7 5 R
11 6 7 11 D
11 7 10 7 R
11 8 8 13 U
11 9 3 5 R
11 10 8 10 D
11 11 1 11 D
11 12 14 12 U
11 13 7 13 U
11 14 3 14 U
11 15 3 15 U
11 16 2 16 U
12 0 2 8 D
12 1 10 1 L
12 2 9 11 D
12 4 0 16 U
12 5 7 1 L
12 6 10 6 R
12 7 3 7 R
12 8 0 6 R
12 9 9 1 L
12 10 11 10 D
12 11 7 11 D
12 12 4 12 U
12 13 0 9 D
12 14 9 6 R
12 15 6 7 R
12 16 13 6 R
13 0 9 0 L
13 1 12 14 U
13 2 7 10 D
13 3 2 9 D
13 4 5 12 U
13 5 8 5 R
13 6 15 0 L
13 7 1 7 R
13 8 5 8 D
13 9 8 12 U
13 10 10 5 R
13 11 7 11 D
13 12 0 1 L
13 13 2 13 U
13 14 10 1 L
13 15 5 15 U
13 16 11 2 L
14 0 4 0 L
14 1 2 10 D
14 2 7 2 L
14 3 2 15 U
14 4 12 2 L
14 6 10 0 L
14 8 7 12 U
14 9 15 4 R
14 10 4 10 D
14 11 10 5 R
14 12 9 2 L
14 13 13 2 L
14 14 13 2 L
15 0 8 0 L
15 1 12 13 U
15 7 0 2 L
15 8 9 5 R
15 9 3 9 D
15 11 2 2 L
15 12 7 0 L
15 14 3 2 L
16 0 0 14 U
16 11 4 14 U

