24 21 444
20 0 20 1 15 0 10 0 14 9 0 18
0 18 13 0 20 19 9 20 0 21 19 0
21 0 7 0 18 15 0 0 0 0 17 1
0 0 0 0 0 19 0 21 4 0 21 10
22 23 22 0 21 7 0 23 18 0 0 18
19 0 0 19 8 0 0 1 21 0 0 0
19 0 0 23 21 16 22 0 0 22 12 0
3 19 4 0 0 19 0 20 11 0 10 0
0 12 1 0 0 0 20 0 0 0 11 0
23 21 0 19 0 0 0 0 0 0 0 0
21 0 0 17 14 0 0 22 0 11 22 0
16 0 0 7 2 15 11 0 13 8 0 12
0 0 0 0 L
0 1 0 1 L
0 2 0 2 L
0 3 0 3 L
0 4 0 4 L
0 5 0 5 R
0 6 0 6 R
0 7 0 7 R
0 8 0 8 R
0 9 0 9 R
0 10 0 10 D
0 11 0 11 D
0 12 0 12 D
0 13 0 13 D
0 14 0 14 D
0 15 0 15 D
0 16 0 16 U
0 17 0 17 U
0 18 0 18 U
0 19 0 19 U
0 20 0 20 U
1 0 10 16 U
1 1 13 17 U
1 2 6 12 D
1 3 0 16 U
1 5 10 18 U
1 6 2 6 R
1 7 0 0 L
1 8 2 20 U
1 9 18 9 R
1 10 0 6 R
1 11 4 11 D
1 12 11 12 D
1 13 0 17 U
1 14 5 14 D
1 15 14 20 U
1 16 9 8 R
1 17 3 9 R
1 18 18 9 R
1 19 6 19 U
1 20 6 20 U
2 0 3 10 D
2 1 7 10 D
2 2 3 2 L
2 3 1 10 D
2 5 7 15 D
2 6 20 6 R
2 7 5 10 D
2 8 12 8 R
2 9 13 10 D
2 10 1 3 L
2 11 9 11 D
2 12 0 18 U
2 13 4 5 R
2 14 6 9 R
2 15 6 1 L
2 16 10 9 R
2 17 14 3 L
2 18 0 2 L
2 19 9 19 U
2 20 19 8 R
3 0 0 18 U
3 1 0 10 D
3 2 12 15 D
3 3 4 3 L
3 4 4 4 L
3 5 16 13 D
3 6 0 13 D
3 7 16 7 R
3 8 9 8 R
3 9 0 19 U
3 10 17 7 R
3 11 0 1 L
3 12 6 4 L
3 13 1 13 D
3 14 13 14 D
3 15 0 8 R
3 16 8 8 R
3 17 1 5 R
3 18 6 1 L
3 19 20 0 L
3 20 0 5 R
4 0 0 11 D
4 1 2 13 D
4 2 7 2 L
4 3 7 3 L
4 5 17 16 U
4 6 0 1 L
4 7 2 7 R
4 8 8 17 U
4 9 7 9 R
4 10 19 2 L
4 11 21 6 R
4 12 15 12 D
4 13 8 13 D
4 14 5 14 D
4 15 9 15 D
4 16 0 0 L
4 17 0 6 R
4 18 16 18 U
4 19 6 3 L
4 20 2 20 U
5 0 2 11 D
5 1 6 1 L
5 2 9 11 D
5 3 2 3 L
5 5 0 10 D
5 6 7 10 D
5 7 9 17 U
5 8 7 13 D
5 9 4 11 D
5 10 7 0 L
5 11 14 11 D
5 12 1 0 L
5 13 11 13 D
5 14 0 19 U
5 15 1 3 L
5 16 0 1 L
5 17 13 0 L
5 18 13 2 L
5 19 3 6 R
5 20 10 4 L
6 0 8 14 D
6 1 11 19 U
6 2 0 5 R
6 4 12 12 D
6 5 5 15 D
6 6 8 17 U
6 7 10 11 D
6 8 14 8 R
6 9 2 12 D
6 10 0 5 R
6 11 0 16 U
6 12 11 0 L
6 13 8 13 D
6 14 1 14 D
6 15 10 18 U
6 16 19 0 L
6 17 16 17 U
6 18 7 18 U
6 19 7 3 L
6 20 15 2 L
7 0 18 13 D
7 1 19 12 D
7 2 2 2 L
7 3 5 3 L
7 4 14 14 D
7 5 16 15 D
7 6 0 18 U
7 7 16 12 D
7 8 3 12 D
7 9 17 15 D
7 10 3 6 R
7 11 21 5 R
7 12 0 16 U
7 13 0 8 R
7 14 6 19 U
7 15 3 15 D
7 16 17 2 L
7 17 16 6 R
7 18 19 10 D
7 19 14 1 L
7 20 6 20 U
8 0 1 15 D
8 1 14 11 D
8 2 15 17 U
8 3 12 14 D
8 5 10 16 U
8 6 3 10 D
8 7 4 16 U
8 8 2 10 D
8 9 0 20 U
8 10 0 0 L
8 11 3 1 L
8 12 0 19 U
8 13 14 1 L
8 14 9 3 L
8 15 12 15 D
8 16 2 7 R
8 17 12 2 L
8 18 1 0 L
8 19 11 2 L
8 20 1 20 U
9 0 4 11 D
9 1 2 11 D
9 2 4 2 L
9 3 11 12 D
9 4 14 15 D
9 5 18 5 R
9 6 11 16 U
9 7 12 20 U
9 8 3 8 R
9 9 5 9 R
9 10 4 16 U
9 11 1 11 D
9 12 12 6 R
9 13 0 20 U
9 14 20 14 D
9 15 8 3 L
9 16 0 5 R
9 17 1 7 R
9 18 1 9 R
9 19 4 19 U
9 20 12 20 U
10 0 0 17 U
10 1 1 18 U
10 2 17 18 U
10 3 1 19 U
10 5 11 16 U
10 6 4 18 U
10 7 5 11 D
10 8 5 13 D
10 9 17 14 D
10 10 1 5 R
10 11 1 17 U
10 12 0 3 L
10 13 7 20 U
10 14 8 14 D
10 15 21 9 R
10 16 12 5 R
10 17 8 8 R
10 18 5 18 U
10 19 5 2 L
10 20 4 20 U
11 0 17 17 U
11 1 6 19 U
11 2 0 9 R
11 3 2 15 D
11 5 17 17 U
11 6 4 16 U
11 7 13 18 U
11 8 13 2 L
11 9 1 20 U
11 10 7 1 L
11 11 13 3 L
11 12 13 17 U
11 13 0 0 L
11 14 8 0 L
11 15 6 15 D
11 16 1 6 R
11 17 1 11 D
11 18 1 18 U
11 19 2 9 R
11 20 10 3 L
12 0 16 10 D
12 1 5 1 L
12 2 11 14 D
12 3 4 14 D
12 4 6 4 L
12 5 0 12 D
12 6 7 14 D
12 7 5 7 R
12 8 9 19 U
12 9 3 19 U
12 10 3 10 D
12 11 10 16 U
12 12 4 7 R
12 13 9 13 D
12 14 11 14 D
12 15 3 15 D
12 16 11 8 R
12 17 2 17 U
12 18 9 6 R
12 19 18 1 L
12 20 0 13 D
13 0 17 16 U
13 1 9 18 U
13 2 3 20 U
13 3 9 3 L
13 5 7 16 U
13 6 5 17 U
13 7 12 7 R
13 8 12 8 R
13 9 7 14 D
13 10 12 10 D
13 11 14 6 R
13 12 10 9 R
13 13 3 2 L
13 14 9 14 D
13 15 14 1 L
13 16 11 0 L
13 17 16 17 U
13 18 14 0 L
13 19 1 5 R
13 20 7 1 L
14 0 2 20 U
14 1 0 20 U
14 2 7 18 U
14 3 4 17 U
14 5 13 12 D
14 6 3 13 D
14 7 5 7 R
14 8 6 11 D
14 9 5 9 R
14 10 11 17 U
14 11 8 1 L
14 12 4 12 D
14 13 4 19 U
14 14 4 1 L
14 15 18 7 R
14 16 7 7 R
14 17 15 0 L
14 18 1 18 U
14 19 15 19 U
14 20 15 9 R
15 0 3 12 D
15 1 13 20 U
15 2 1 2 L
15 3 7 3 L
15 4 4 4 L
15 5 7 13 D
15 6 10 12 D
15 7 13 16 U
15 8 11 13 D
15 9 4 9 R
15 10 14 8 R
15 11 0 7 R
15 12 1 5 R
15 13 14 9 R
15 14 5 19 U
15 15 18 15 D
15 16 7 6 R
15 17 4 17 U
15 18 5 18 U
15 19 4 2 L
15 20 6 13 D
16 0 11 7 R
16 1 2 12 D
16 2 17 10 D
16 3 18 3 L
16 5 0 11 D
16 6 20 6 R
16 7 7 7 R
16 8 15 13 D
16 9 0 2 L
16 10 10 5 R
16 11 6 1 L
16 12 18 5 R
16 13 15 13 D
16 14 1 8 R
16 15 18 8 R
16 16 2 6 R
16 17 20 1 L
16 18 0 9 R
16 19 0 3 L
16 20 9 0 L
17 0 12 15 D
17 1 4 17 U
17 2 19 11 D
17 3 20 16 U
17 5 6 16 U
17 6 0 16 U
17 7 10 15 D
17 8 5 18 U
17 9 7 9 R
17 10 6 16 U
17 11 10 7 R
17 12 13 7 R
17 13 2 13 D
17 14 6 7 R
17 15 18 20 U
17 16 11 7 R
17 17 6 1 L
17 18 19 3 L
17 19 19 19 U
17 20 18 1 L
18 0 7 18 U
18 1 14 13 D
18 2 20 13 D
18 3 9 11 D
18 5 6 11 D
18 6 4 6 R
18 7 3 13 D
18 8 11 12 D
18 9 6 15 D
18 10 10 10 D
18 11 10 11 D
18 12 15 16 U
18 13 12 2 L
18 14 2 14 D
18 15 9 15 D
18 16 15 8 R
18 17 16 7 R
18 18 3 6 R
18 20 17 20 U
19 0 7 11 D
19 1 3 20 U
19 2 17 5 R
19 3 0 19 U
19 5 15 0 L
19 6 17 3 L
19 7 8 1 L
19 8 7 8 R
19 9 15 18 U
19 10 11 5 R
19 11 10 1 L
19 12 5 12 D
19 13 15 7 R
19 14 1 14 D
19 15 6 15 D
19 17 0 4 L
19 18 12 1 L
19 20 15 20 U
20 0 13 17 U
20 1 1 14 D
20 2 4 13 D
20 3 21 10 D
20 5 3 12 D
20 6 13 10 D
20 7 3 12 D
20 8 16 0 L
20 9 3 13 D
20 10 11 2 L
20 12 3 12 D
20 13 2 13 D
20 14 15 18 U
20 17 6 17 U
20 18 17 8 R
20 19 1 19 U
20 20 10 13 D
21 0 4 19 U
21 1 19 16 U
21 2 11 8 R
21 6 19 14 D
21 7 20 3 L
21 9 13 9 R
21 10 1 6 R
21 12 12 12 D
21 13 2 13 D
21 14 8 14 D
21 15 10 15 D
21 17 2 8 R
21 18 7 6 R
21 20 6 20 U
22 0 19 0 L
22 10 1 1 L
22 12 0 7 R
22 14 12 17 U
22 18 4 18 U
22 20 6 20 U
23 0 5 11 D
23 10 0 9 R
23 12 4 12 D
23 18 3 1 L

