45 52 1942
0 0 0 0 27 20 30 24 28 25 28 23 0 18 34 0 16 32 23 0
5 19 2 36 0 25 28 22 20 9 1 0 0 35 41 0 1 0 28 0
4 0 0 25 15 22 39 0 0 0 34 0 36 0 0 0 0 35 32 24
0 4 17 0 0 0 0 0 0 0 0 0 25 21 28 0 38 14 0 27
19 24 32 17 35 13 15 0 37 0 38 0 0 0 39 30 26 35 34 29
12 3 35 0 27 33 0 0 0 0 0 0 0 0 0 0 1 35 35 28
12 9 3 37 30 26 0 0 28 6 5 0 34 0 0 15 31 0 29 29
38 36 0 0 0 0 0 0 0 0 0 0 0 0 0 0 32 34 16 27
26 0 13 0 0 0 0 0 0 0 0 0 0 0 0 0 0 0 0 26
27 38 18 0 0 39 36 37 0 0 0 0 30 42 40 41 36 0 6 23
0 22 0 0 28 30 0 0 32 34 36 0 34 25 25 29 0 15 15 0
0 0 9 0 31 2 28 14 0 0 0 0 0 0 31 2 40 0 42 0
23 17 10 5 0 10 2 4 34 0 0 5 0 26 37 0 39 8 0 0
21 0 0 24 30 42 23 31 6 35 40 0 0 39 20 0 40 1 37 0
0 9 14 23 20 13 39 0 26 37 25 25 0 0 33 0 0 9 0 0
24 0 0 31 0 9 35 9 0 35 0 0 0 37 0 2 41 0 36 0
22 34 3 10 24 36 23 0 0 34 0 0 32 0 10 3 32 38 23 41
42 33 21 16 3 0 37 0 0 34 0 0 34 0 37 44 9 29 34 26
36 1 0 22 10 34 32 9 9 10 6 0 30 30 0 33 31 2 11 12
37 0 0 0 0 0 0 9 40 38 39 36 7 23 13 40 34 0 0 0
0 0 0 0 U
0 1 0 1 U
0 2 0 2 U
0 3 0 3 U
0 4 0 4 U
0 5 0 5 U
0 6 0 6 U
0 7 0 7 U
0 8 0 8 U
0 9 0 9 U
0 10 0 10 U
0 11 0 11 R
0 12 0 12 R
0 13 0 13 R
0 14 0 14 R
0 15 0 15 R
0 16 0 16 R
0 17 0 17 R
0 18 0 18 R
0 19 0 19 R
0 20 0 20 R
0 21 0 21 R
0 22 0 22 R
0 23 0 23 R
0 24 0 24 R
0 25 0 25 R
0 26 0 26 D
0 27 0 27 D
0 28 0 28 D
0 29 0 29 D
0 30 0 30 D
0 31 0 31 D
0 32 0 32 D
0 33 0 33 D
0 34 0 34 D
0 35 0 35 D
0 36 0 36 D
0 37 0 37 L
0 38 0 38 L
0 39 0 39 L
0 40 0 40 L
0 41 0 41 L
0 42 0 42 L
0 43 0 43 L
0 44 0 44 L
0 45 0 45 L
0 46 0 46 L
0 47 0 47 L
0 48 0 48 L
0 49 0 49 L
0 50 0 50 L
0 51 0 51 L
1 0 31 0 U
1 1 33 44 L
1 2 15 2 U
1 3 18 42 L
1 4 4 19 R
1 5 27 39 L
1 6 11 6 U
1 7 10 7 U
1 8 8 45 L
1 9 30 46 L
1 10 15 10 U
1 11 0 0 U
1 12 31 32 D
1 13 24 13 R
1 14 33 9 U
1 15 3 15 R
1 16 4 3 U
1 17 5 17 R
1 18 5 18 R
1 19 4 8 U
1 20 13 20 R
1 21 0 50 L
1 22 3 22 R
1 23 14 23 R
1 24 4 24 R
1 25 29 25 R
1 26 18 17 R
1 27 21 27 D
1 28 3 15 R
1 29 3 19 R
1 30 0 16 R
1 31 18 38 L
1 32 10 32 D
1 33 7 33 D
1 34 0 42 L
1 35 8 35 D
1 36 26 21 R
1 37 0 2 U
1 38 6 27 D
1 39 27 30 D
1 40 8 40 L
1 41 7 41 L
1 42 4 42 L
1 43 4 43 L
1 44 2 44 L
1 45 9 45 L
1 46 3 46 L
1 47 4 47 L
1 48 2 48 L
1 49 6 49 L
1 50 7 50 L
1 51 5 51 L
2 0 23 37 L
2 1 0 14 R
2 2 15 19 R
2 3 15 44 L
2 4 1 37 L
2 5 0 49 L
2 6 21 18 R
2 7 13 48 L
2 8 11 8 U
2 9 10 9 U
2 10 7 10 U
2 11 29 6 U
2 12 19 7 U
2 13 12 1 U
2 14 1 14 R
2 15 31 30 D
2 16 6 16 R
2 17 1 17 R
2 18 12 18 R
2 19 9 19 R
2 20 1 20 R
2 21 3 21 R
2 22 4 22 R
2 23 5 23 R
2 24 27 24 R
2 25 36 25 R
2 26 33 11 R
2 27 18 40 L
2 28 26 38 L
2 29 8 29 D
2 30 8 23 R
2 31 1 31 D
2 32 25 49 L
2 33 3 33 D
2 34 9 34 D
2 35 10 35 D
2 36 28 36 D
2 37 15 29 D
2 38 20 4 U
2 39 24 27 D
2 40 3 40 L
2 41 26 30 D
2 42 23 30 D
2 43 27 43 L
2 44 6 44 L
2 45 36 45 L
2 46 24 28 D
2 47 24 22 R
2 48 5 48 L
2 49 3 49 L
2 50 1 50 L
2 51 8 51 L
3 0 17 16 R
3 1 17 1 U
3 2 4 29 D
3 3 11 11 R
3 4 20 45 L
3 5 11 21 R
3 6 20 24 R
3 7 26 33 D
3 8 10 8 U
3 9 31 11 R
3 10 10 10 U
3 11 21 10 U
3 12 23 12 R
3 13 24 13 R
3 14 12 2 U
3 15 25 4 U
3 16 20 7 U
3 17 14 33 D
3 18 0 2 U
3 19 9 35 D
3 20 5 20 R
3 21 13 21 R
3 22 4 22 R
3 23 18 23 R
3 24 1 24 R
3 25 5 31 D
3 26 0 13 R
3 27 11 15 R
3 28 13 43 L
3 29 6 38 L
3 30 0 49 L
3 31 12 31 D
3 32 14 37 L
3 33 15 51 L
3 34 0 18 R
3 35 13 49 L
3 36 1 38 L
3 37 6 1 U
3 38 4 38 L
3 39 0 1 U
3 40 0 6 U
3 41 6 1 U
3 42 1 42 L
3 43 16 43 L
3 44 22 44 L
3 45 1 45 L
3 46 23 0 U
3 47 7 47 L
3 48 1 48 L
3 49 9 49 L
3 50 25 28 D
3 51 6 51 L
4 0 2 11 R
4 1 12 13 R
4 2 20 47 L
4 3 5 11 R
4 4 21 40 L
4 5 7 43 L
4 6 0 28 D
4 7 29 44 L
4 8 21 17 R
4 9 8 35 D
4 10 26 10 U
4 11 5 11 R
4 12 1 12 R
4 13 5 13 R
4 14 2 14 R
4 15 5 15 R
4 16 9 16 R
4 17 33 0 U
4 18 10 32 D
4 19 28 27 D
4 20 1 34 D
4 21 5 21 R
4 22 5 22 R
4 23 5 23 R
4 24 1 24 R
4 25 13 25 R
4 26 34 42 L
4 27 16 19 R
4 28 7 18 R
4 29 2 38 L
4 30 0 2 U
4 31 9 40 L
4 32 28 37 L
4 33 0 37 L
4 34 20 42 L
4 35 11 35 D
4 36 28 49 L
4 37 0 26 D
4 38 18 8 U
4 39 34 39 L
4 40 16 17 R
4 41 31 5 U
4 42 9 42 L
4 43 0 30 D
4 44 0 14 R
4 45 7 45 L
4 46 30 26 D
4 47 0 20 R
4 48 1 48 L
4 49 15 36 D
4 50 38 50 L
4 51 9 51 L
5 0 22 17 R
5 1 24 46 L
5 2 4 48 L
5 3 36 18 R
5 4 13 38 L
5 5 15 5 U
5 6 37 14 R
5 7 21 14 R
5 8 13 42 L
5 9 23 9 U
5 10 39 14 R
5 11 17 39 L
5 12 3 5 U
5 13 23 4 U
5 14 3 8 U
5 15 0 27 D
5 16 17 16 R
5 17 6 17 R
5 18 2 18 R
5 19 1 19 R
5 20 11 34 D
5 21 0 49 L
5 22 3 22 R
5 23 2 23 R
5 24 9 24 R
5 26 6 0 U
5 27 21 37 L
5 28 3 21 R
5 29 22 37 L
5 30 32 45 L
5 31 13 20 R
5 32 3 1 U
5 33 0 15 R
5 34 0 43 L
5 35 32 35 D
5 36 19 50 L
5 37 3 12 R
5 38 0 18 R
5 39 14 29 D
5 40 32 30 D
5 41 9 29 D
5 42 22 8 U
5 43 9 8 U
5 44 2 44 L
5 45 0 34 D
5 46 2 46 L
5 47 10 47 L
5 48 8 48 L
5 49 6 49 L
5 50 1 50 L
5 51 2 51 L
6 0 33 19 R
6 1 1 1 U
6 2 13 44 L
6 3 8 3 U
6 4 28 44 L
6 5 0 42 L
6 6 8 6 U
6 7 9 7 U
6 8 3 15 R
6 9 9 9 U
6 10 3 10 U
6 11 21 5 U
6 12 0 28 D
6 13 1 13 R
6 14 8 14 R
6 15 3 15 R
6 16 10 16 R
6 17 17 17 R
6 18 0 41 L
6 19 10 5 U
6 20 0 29 D
6 21 27 21 R
6 22 5 22 R
6 23 28 30 D
6 24 3 24 R
6 26 0 37 L
6 27 0 11 R
6 28 24 41 L
6 29 5 40 L
6 30 1 42 L
6 31 20 31 D
6 32 0 1 U
6 33 11 33 D
6 34 10 34 D
6 35 5 20 R
6 36 0 10 U
6 37 21 2 U
6 38 1 38 L
6 39 21 8 U
6 40 31 40 L
6 41 31 16 R
6 42 3 42 L
6 43 19 43 L
6 44 8 44 L
6 45 5 45 L
6 46 9 46 L
6 47 2 47 L
6 48 12 48 L
6 49 0 24 R
6 50 4 50 L
6 51 17 51 L
7 0 5 38 L
7 1 0 30 D
7 2 6 37 L
7 3 16 3 U
7 4 16 41 L
7 5 11 16 R
7 6 18 6 U
7 7 15 38 L
7 8 8 8 U
7 9 11 21 R
7 10 16 10 U
7 11 0 26 D
7 12 28 30 D
7 13 9 5 U
7 14 0 26 D
7 15 3 28 D
7 16 3 16 R
7 17 30 7 U
7 18 20 27 D
7 19 1 35 D
7 20 22 20 R
7 21 25 21 R
7 22 1 36 D
7 23 1 23 R
7 24 8 24 R
7 25 24 25 R
7 26 37 47 L
7 27 16 12 R
7 28 2 14 R
7 29 9 38 L
7 30 18 40 L
7 31 21 46 L
7 32 13 32 D
7 33 14 40 L
7 34 0 41 L
7 35 12 51 L
7 36 4 47 L
7 37 1 27 D
7 38 34 12 R
7 39 5 39 L
7 40 24 26 D
7 41 12 41 L
7 42 20 1 U
7 43 6 33 D
7 44 16 4 U
7 45 0 5 U
7 46 1 46 L
7 47 12 28 D
7 48 1 48 L
7 49 3 49 L
7 50 2 50 L
7 51 3 51 L
8 0 1 50 L
8 1 17 11 R
8 2 2 2 U
8 3 16 3 U
8 4 6 22 R
8 5 1 5 U
8 6 5 45 L
8 7 31 39 L
8 8 9 23 R
8 9 7 13 R
8 10 11 10 U
8 11 37 3 U
8 12 19 2 U
8 13 9 0 U
8 14 14 1 U
8 15 3 2 U
8 16 1 6 U
8 17 14 3 U
8 18 1 18 R
8 19 0 43 L
8 20 22 20 R
8 21 1 21 R
8 22 12 22 R
8 23 18 23 R
8 24 18 42 L
8 26 16 22 R
8 27 11 27 D
8 28 28 13 R
8 29 2 22 R
8 30 31 23 R
8 31 7 6 U
8 32 3 43 L
8 33 26 39 L
8 34 15 15 R
8 35 15 35 D
8 36 29 45 L
8 37 15 0 U
8 38 5 28 D
8 39 11 39 L
8 40 31 13 R
8 41 1 41 L
8 42 1 42 L
8 43 10 43 L
8 44 30 5 U
8 45 27 27 D
8 46 1 46 L
8 47 2 47 L
8 48 1 32 D
8 49 19 49 L
8 50 0 16 R
8 51 21 51 L
9 0 33 14 R
9 1 18 12 R
9 2 28 12 R
9 3 15 13 R
9 4 21 18 R
9 5 23 11 R
9 6 33 6 U
9 7 10 18 R
9 8 12 47 L
9 9 5 9 U
9 10 5 10 U
9 11 37 0 U
9 12 25 1 U
9 13 29 13 R
9 14 8 1 U
9 15 20 6 U
9 16 30 36 D
9 17 12 17 R
9 18 29 6 U
9 19 3 19 R
9 20 4 20 R
9 21 10 21 R
9 22 28 32 D
9 23 31 36 D
9 24 20 24 R
9 26 32 16 R
9 27 10 43 L
9 28 0 38 L
9 29 7 29 D
9 30 1 43 L
9 31 24 15 R
9 32 4 37 L
9 33 1 24 R
9 34 25 46 L
9 35 3 35 D
9 36 2 36 D
9 37 13 4 U
9 38 0 15 R
9 39 33 7 U
9 40 13 28 D
9 41 10 13 R
9 42 6 42 L
9 43 4 36 D
9 44 5 34 D
9 45 8 45 L
9 46 8 46 L
9 47 14 47 L
9 48 30 48 L
9 49 0 16 R
9 50 14 50 L
9 51 23 51 L
10 0 0 38 L
10 1 0 40 L
10 2 6 2 U
10 3 38 37 L
10 4 13 4 U
10 5 30 51 L
10 6 6 6 U
10 7 26 7 U
10 8 7 8 U
10 9 4 9 U
10 10 6 10 U
10 11 2 34 D
10 12 17 29 D
10 13 1 1 U
10 14 38 34 D
10 15 3 27 D
10 16 1 4 U
10 17 1 31 D
10 18 24 18 R
10 19 9 19 R
10 20 17 7 U
10 21 9 21 R
10 22 3 22 R
10 23 33 23 R
10 24 6 24 R
10 26 16 13 R
10 27 15 25 R
10 28 34 17 R
10 29 8 37 L
10 30 15 30 D
10 31 6 43 L
10 32 19 16 R
10 33 21 33 D
10 34 36 34 D
10 35 1 35 D
10 36 9 38 L
10 37 19 6 U
10 38 25 13 R
10 39 1 28 D
10 40 5 40 L
10 41 6 41 L
10 42 31 29 D
10 43 33 30 D
10 44 8 44 L
10 45 4 45 L
10 46 16 46 L
10 47 22 47 L
10 48 13 48 L
10 49 17 49 L
10 50 25 50 L
10 51 2 51 L
11 0 23 11 R
11 1 4 11 R
11 2 21 13 R
11 3 13 38 L
11 4 33 16 R
11 5 33 47 L
11 6 5 13 R
11 7 1 7 U
11 8 2 8 U
11 9 7 43 L
11 10 0 29 D
11 11 1 0 U
11 12 6 1 U
11 13 0 29 D
11 14 5 14 R
11 15 12 15 R
11 16 0 39 L
11 17 13 9 U
11 18 10 6 U
11 19 40 5 U
11 20 7 32 D
11 21 28 5 U
11 22 12 48 L
11 23 25 2 U
11 24 18 1 U
11 26 3 40 L
11 27 0 12 R
11 28 0 14 R
11 29 8 18 R
11 30 7 30 D
11 31 15 23 R
11 32 17 15 R
11 33 15 22 R
11 34 13 8 U
11 35 14 9 U
11 36 33 37 L
11 37 36 28 D
11 38 25 28 D
11 39 24 6 U
11 40 9 27 D
11 41 26 8 U
11 42 3 42 L
11 43 23 32 D
11 44 16 29 D
11 45 17 35 D
11 46 1 46 L
11 47 5 47 L
11 48 16 1 U
11 49 1 0 U
11 50 15 31 D
11 51 2 51 L
12 0 32 22 R
12 1 7 1 U
12 2 23 38 L
12 3 28 40 L
12 4 34 49 L
12 5 27 48 L
12 6 6 6 U
12 7 31 13 R
12 8 11 17 R
12 9 4 9 U
12 10 2 10 U
12 11 10 31 D
12 12 0 2 U
12 13 3 3 U
12 14 27 0 U
12 15 7 10 U
12 16 10 8 U
12 17 0 48 L
12 18 2 18 R
12 19 10 19 R
12 20 0 10 U
12 21 0 7 U
12 22 14 27 D
12 23 2 23 R
12 24 5 32 D
12 26 21 39 L
12 27 0 20 R
12 28 24 37 L
12 29 6 14 R
12 30 31 13 R
12 31 24 40 L
12 32 13 32 D
12 33 6 12 R
12 34 21 40 L
12 35 1 35 D
12 36 7 36 D
12 37 7 37 L
12 38 22 3 U
12 39 5 33 D
12 40 0 13 R
12 41 24 27 D
12 42 0 4 U
12 43 27 26 D
12 44 4 44 L
12 45 3 33 D
12 46 23 46 L
12 47 0 29 D
12 48 13 4 U
12 49 4 49 L
12 50 16 50 L
12 51 40 32 D
13 0 11 11 R
13 1 5 38 L
13 2 26 21 R
13 3 9 49 L
13 4 8 20 R
13 5 37 15 R
13 6 11 6 U
13 7 1 7 U
13 8 1 18 R
13 9 18 32 D
13 10 9 10 U
13 11 7 9 U
13 12 0 1 U
13 13 1 28 D
13 14 1 29 D
13 15 4 15 R
13 16 2 9 U
13 17 2 17 R
13 18 2 27 D
13 19 30 35 D
13 20 8 20 R
13 21 6 21 R
13 22 0 29 D
13 23 5 23 R
13 24 9 30 D
13 25 17 35 D
13 26 0 44 L
13 27 12 38 L
13 28 3 37 L
13 29 40 46 L
13 30 3 44 L
13 31 1 37 L
13 32 15 18 R
13 33 9 41 L
13 34 24 16 R
13 35 25 46 L
13 36 12 47 L
13 37 7 37 L
13 38 14 6 U
13 39 26 9 U
13 40 19 31 D
13 41 4 41 L
13 42 12 10 U
13 43 10 43 L
13 44 3 44 L
13 45 3 45 L
13 46 0 30 D
13 47 8 0 U
13 48 0 13 R
13 49 19 49 L
13 50 0 29 D
13 51 16 51 L
14 0 3 14 R
14 1 32 13 R
14 2 7 43 L
14 3 11 13 R
14 4 13 31 D
14 5 16 22 R
14 6 0 48 L
14 7 16 13 R
14 8 21 35 D
14 9 1 42 L
14 10 21 42 L
14 11 27 11 R
14 12 5 0 U
14 13 1 4 U
14 14 2 26 D
14 15 29 26 D
14 16 22 32 D
14 17 0 33 D
14 18 33 34 D
14 19 2 46 L
14 20 17 20 R
14 21 1 27 D
14 22 2 22 R
14 23 6 23 R
14 24 25 35 D
14 26 8 45 L
14 27 22 16 R
14 28 20 44 L
14 29 6 29 D
14 30 39 39 L
14 31 4 49 L
14 32 16 37 L
14 33 1 46 L
14 34 3 46 L
14 35 18 44 L
14 36 25 51 L
14 37 5 2 U
14 38 25 10 U
14 39 9 39 L
14 40 1 40 L
14 41 30 41 L
14 42 5 42 L
14 43 1 43 L
14 44 30 44 L
14 45 35 34 D
14 46 4 46 L
14 47 35 34 D
14 48 1 48 L
14 49 19 49 L
14 50 0 11 R
14 51 1 51 L
15 0 1 11 R
15 1 9 1 U
15 2 6 2 U
15 3 11 3 U
15 4 18 4 U
15 5 21 5 U
15 6 21 41 L
15 7 0 47 L
15 8 12 19 R
15 9 9 9 U
15 10 0 45 L
15 11 21 8 U
15 12 4 0 U
15 13 11 0 U
15 14 29 34 D
15 15 34 15 R
15 16 26 35 D
15 17 10 17 R
15 18 10 9 U
15 19 13 34 D
15 20 19 9 U
15 21 31 10 U
15 22 32 22 R
15 23 31 32 D
15 24 1 31 D
15 25 1 25 R
15 26 3 37 L
15 27 16 37 L
15 28 7 41 L
15 29 2 29 D
15 30 30 15 R
15 31 7 31 D
15 32 10 39 L
15 33 28 4 U
15 34 37 37 L
15 35 7 47 L
15 36 29 16 R
15 37 11 34 D
15 38 30 34 D
15 39 16 14 R
15 40 1 30 D
15 41 12 0 U
15 42 19 33 D
15 43 0 32 D
15 44 18 15 R
15 45 11 45 L
15 46 6 9 U
15 47 11 5 U
15 48 16 7 U
15 49 37 49 L
15 50 33 50 L
15 51 29 1 U
16 0 2 42 L
16 1 4 48 L
16 2 34 48 L
16 3 14 42 L
16 4 29 15 R
16 5 21 40 L
16 6 2 39 L
16 7 0 34 D
16 8 27 19 R
16 9 25 45 L
16 10 5 10 U
16 11 5 11 R
16 12 27 0 U
16 13 22 28 D
16 14 30 7 U
16 15 1 48 L
16 16 15 2 U
16 17 25 17 R
16 18 5 18 R
16 19 31 19 R
16 20 19 20 R
16 21 8 5 U
16 22 27 22 R
16 23 12 23 R
16 24 18 24 R
16 26 15 24 R
16 27 18 17 R
16 28 19 22 R
16 29 19 29 D
16 30 26 47 L
16 31 17 47 L
16 32 15 45 L
16 33 2 33 D
16 34 8 37 L
16 35 3 35 D
16 36 12 36 D
16 37 32 1 U
16 38 5 6 U
16 39 0 12 R
16 40 12 4 U
16 41 22 41 L
16 42 27 18 R
16 43 6 8 U
16 44 4 5 U
16 45 34 2 U
16 46 18 6 U
16 47 14 47 L
16 48 13 29 D
16 49 4 15 R
16 50 14 50 L
16 51 17 51 L
17 0 25 15 R
17 1 8 14 R
17 2 13 2 U
17 3 11 39 L
17 4 0 32 D
17 5 20 51 L
17 6 9 49 L
17 7 4 12 R
17 8 20 16 R
17 9 2 14 R
17 10 1 14 R
17 11 21 35 D
17 12 7 1 U
17 13 14 29 D
17 14 0 7 U
17 15 0 5 U
17 16 21 7 U
17 17 21 17 R
17 18 27 46 L
17 19 20 44 L
17 20 19 20 R
17 21 1 33 D
17 22 2 22 R
17 23 27 35 D
17 24 26 31 D
17 26 11 37 L
17 27 8 46 L
17 28 32 40 L
17 29 15 29 D
17 30 1 50 L
17 31 10 37 L
17 32 4 32 D
17 33 12 38 L
17 34 11 46 L
17 35 22 35 D
17 36 22 43 L
17 37 37 32 D
17 38 24 0 U
17 39 4 2 U
17 40 1 40 L
17 41 9 41 L
17 42 5 42 L
17 43 20 34 D
17 44 15 44 L
17 45 0 15 R
17 46 1 30 D
17 47 24 47 L
17 48 0 18 R
17 49 1 49 L
17 50 23 50 L
17 51 8 20 R
18 0 31 19 R
18 1 16 26 D
18 2 1 40 L
18 3 4 3 U
18 4 1 4 U
18 5 19 18 R
18 6 5 18 R
18 7 11 7 U
18 8 1 8 U
18 9 8 9 U
18 10 6 10 U
18 11 23 37 L
18 12 29 42 L
18 13 28 46 L
18 14 26 31 D
18 15 17 5 U
18 16 15 16 R
18 17 3 17 R
18 18 22 30 D
18 19 31 19 R
18 20 5 20 R
18 21 38 28 D
18 22 25 29 D
18 23 6 36 D
18 24 19 24 R
18 26 1 39 L
18 27 12 1 U
18 28 7 28 D
18 29 22 16 R
18 30 25 39 L
18 31 10 31 D
18 32 7 17 R
18 33 11 42 L
18 34 3 40 L
18 35 19 15 R
18 36 24 39 L
18 37 16 37 L
18 38 13 33 D
18 39 12 2 U
18 40 24 36 D
18 41 7 31 D
18 42 31 2 U
18 43 31 0 U
18 44 23 1 U
18 45 36 0 U
18 46 8 7 U
18 47 33 4 U
18 48 29 31 D
18 49 23 9 U
18 50 17 33 D
18 51 9 51 L
19 0 6 39 L
19 1 0 46 L
19 2 0 21 R
19 3 2 45 L
19 4 0 24 R
19 5 2 5 U
19 6 25 15 R
19 7 12 16 R
19 8 29 22 R
19 9 6 9 U
19 10 18 36 D
19 11 9 11 R
19 12 16 35 D
19 13 4 13 R
19 14 30 14 R
19 15 17 28 D
19 16 14 1 U
19 17 29 34 D
19 18 17 1 U
19 19 37 26 D
19 20 28 49 L
19 21 8 21 R
19 22 22 33 D
19 23 35 28 D
19 24 17 24 R
19 26 1 21 R
19 27 11 37 L
19 28 39 45 L
19 29 2 3 U
19 30 9 38 L
19 31 0 7 U
19 32 0 24 R
19 33 25 38 L
19 34 3 50 L
19 35 18 38 L
19 36 2 36 D
19 37 9 30 D
19 38 1 38 L
19 39 28 19 R
19 40 25 0 U
19 41 7 32 D
19 42 22 0 U
19 43 26 2 U
19 44 7 44 L
19 45 11 10 U
19 46 8 46 L
19 47 0 12 R
19 48 8 48 L
19 49 2 49 L
19 50 2 50 L
19 51 29 18 R
20 0 23 20 R
20 1 1 17 R
20 2 10 20 R
20 3 17 20 R
20 4 1 30 D
20 5 8 44 L
20 6 7 16 R
20 7 0 16 R
20 8 3 8 U
20 9 33 44 L
20 10 14 43 L
20 11 3 30 D
20 12 0 3 U
20 13 13 7 U
20 14 22 14 R
20 15 8 31 D
20 16 4 2 U
20 17 5 17 R
20 18 8 41 L
20 19 31 3 U
20 20 1 33 D
20 21 21 9 U
20 22 15 4 U
20 23 1 23 R
20 24 12 24 R
20 26 11 24 R
20 27 18 44 L
20 28 35 47 L
20 29 5 11 R
20 30 19 3 U
20 31 19 18 R
20 32 26 17 R
20 33 13 45 L
20 34 33 34 D
20 35 6 50 L
20 36 15 20 R
20 37 21 7 U
20 38 23 1 U
20 39 7 33 D
20 40 26 3 U
20 41 2 41 L
20 42 11 31 D
20 43 8 43 L
20 44 14 44 L
20 45 15 7 U
20 46 3 46 L
20 47 11 31 D
20 48 5 48 L
20 49 3 49 L
20 50 28 7 U
20 51 3 51 L
21 0 33 12 R
21 1 4 47 L
21 2 23 12 R
21 3 16 17 R
21 4 3 13 R
21 5 14 38 L
21 6 5 6 U
21 7 38 46 L
21 8 16 46 L
21 9 3 9 U
21 10 11 10 U
21 11 28 1 U
21 12 0 30 D
21 13 40 10 U
21 14 2 40 L
21 15 4 2 U
21 16 29 4 U
21 17 15 10 U
21 18 18 33 D
21 19 24 19 R
21 20 29 46 L
21 21 5 21 R
21 22 5 34 D
21 23 9 23 R
21 24 0 37 L
21 26 2 19 R
21 27 4 50 L
21 28 8 38 L
21 29 15 21 R
21 30 26 42 L
21 31 23 13 R
21 32 11 11 R
21 33 11 33 D
21 34 3 22 R
21 35 0 45 L
21 36 8 36 D
21 37 18 5 U
21 38 16 5 U
21 39 0 5 U
21 40 10 15 R
21 41 0 12 R
21 42 16 2 U
21 43 29 4 U
21 44 1 44 L
21 45 41 29 D
21 46 16 46 L
21 47 24 32 D
21 48 1 48 L
21 49 14 30 D
21 50 26 6 U
21 51 20 51 L
22 0 15 12 R
22 1 3 40 L
22 2 27 46 L
22 3 3 43 L
22 4 0 20 R
22 5 2 42 L
22 6 3 44 L
22 7 2 7 U
22 8 15 50 L
22 9 16 9 U
22 10 31 39 L
22 11 2 11 R
22 12 19 36 D
22 13 1 3 U
22 14 5 1 U
22 15 6 15 R
22 16 27 16 R
22 17 2 17 R
22 18 16 4 U
22 19 8 8 U
22 20 0 47 L
22 21 27 21 R
22 22 23 22 R
22 23 3 23 R
22 24 1 24 R
22 26 18 14 R
22 27 3 37 L
22 28 19 19 R
22 29 31 13 R
22 30 24 41 L
22 31 29 31 D
22 32 26 24 R
22 33 7 21 R
22 34 21 18 R
22 35 8 39 L
22 36 5 11 R
22 37 24 26 D
22 38 34 31 D
22 39 12 39 L
22 40 3 1 U
22 41 5 2 U
22 42 10 42 L
22 43 9 43 L
22 44 0 22 R
22 45 8 6 U
22 46 12 46 L
22 47 9 47 L
22 48 6 27 D
22 49 2 4 U
22 50 32 50 L
22 51 17 51 L
23 0 9 14 R
23 1 18 45 L
23 2 30 40 L
23 3 34 16 R
23 4 3 15 R
23 5 24 19 R
23 6 14 31 D
23 7 13 22 R
23 8 1 8 U
23 9 15 49 L
23 10 27 34 D
23 11 0 37 L
23 12 21 27 D
23 13 0 5 U
23 14 9 14 R
23 15 27 37 L
23 16 17 26 D
23 17 35 8 U
23 18 9 18 R
23 19 17 19 R
23 20 0 4 U
23 21 6 21 R
23 22 21 22 R
23 23 0 34 D
23 24 24 24 R
23 26 15 15 R
23 27 26 20 R
23 28 18 21 R
23 29 26 1 U
23 30 26 16 R
23 31 27 25 R
23 32 12 32 D
23 33 5 21 R
23 34 8 43 L
23 35 14 24 R
23 36 9 19 R
23 37 11 26 D
23 38 11 31 D
23 39 21 31 D
23 40 27 2 U
23 41 34 28 D
23 42 5 42 L
23 43 29 7 U
23 44 29 44 L
23 45 30 18 R
23 46 19 34 D
23 47 25 36 D
23 48 3 48 L
23 49 3 49 L
23 50 12 50 L
23 51 32 6 U
24 0 17 12 R
24 1 19 19 R
24 2 30 14 R
24 3 19 3 U
24 4 11 12 R
24 5 18 13 R
24 6 1 13 R
24 7 28 50 L
24 8 1 14 R
24 9 6 9 U
24 10 18 10 U
24 11 0 40 L
24 12 40 28 D
24 13 10 1 U
24 14 5 30 D
24 15 9 35 D
24 16 16 16 R
24 17 1 36 D
24 18 8 6 U
24 19 33 29 D
24 20 12 26 D
24 21 25 34 D
24 22 7 9 U
24 23 3 23 R
24 24 0 26 D
24 26 8 38 L
24 27 7 11 R
24 28 12 28 D
24 29 16 50 L
24 30 6 4 U
24 31 3 31 D
24 32 22 24 R
24 33 1 18 R
24 34 23 15 R
24 35 11 43 L
24 37 0 11 R
24 38 0 21 R
24 39 5 22 R
24 40 3 40 L
24 41 34 41 L
24 42 26 6 U
24 43 5 10 U
24 44 14 44 L
24 45 39 45 L
24 46 2 28 D
24 47 16 47 L
24 48 13 48 L
24 49 4 49 L
24 50 3 50 L
24 51 16 51 L
25 0 12 18 R
25 1 28 42 L
25 2 3 11 R
25 3 6 3 U
25 4 30 43 L
25 5 10 13 R
25 6 23 21 R
25 7 29 41 L
25 8 20 8 U
25 9 19 40 L
25 10 30 39 L
25 11 27 31 D
25 12 15 9 U
25 13 12 3 U
25 14 35 38 L
25 15 3 15 R
25 16 1 7 U
25 17 37 4 U
25 18 22 18 R
25 19 4 28 D
25 20 3 20 R
25 21 9 21 R
25 22 13 22 R
25 23 2 23 R
25 24 9 24 R
25 26 18 49 L
25 27 27 46 L
25 28 6 38 L
25 29 12 39 L
25 30 26 20 R
25 31 28 31 D
25 32 19 44 L
25 33 33 21 R
25 34 7 34 D
25 35 0 22 R
25 36 29 19 R
25 37 5 26 D
25 38 14 32 D
25 39 24 5 U
25 40 31 7 U
25 41 14 41 L
25 42 12 42 L
25 43 5 43 L
25 44 31 44 L
25 45 3 45 L
25 46 5 46 L
25 47 41 47 L
25 48 1 5 U
25 49 13 49 L
25 50 24 16 R
25 51 9 51 L
26 0 15 48 L
26 1 1 49 L
26 2 5 2 U
26 3 5 37 L
26 4 27 42 L
26 5 29 5 U
26 6 27 51 L
26 7 2 42 L
26 8 24 41 L
26 9 2 9 U
26 10 6 10 U
26 11 31 38 L
26 12 20 51 L
26 13 40 2 U
26 14 1 14 R
26 15 17 7 U
26 16 3 16 R
26 17 1 35 D
26 18 27 35 D
26 19 20 7 U
26 20 37 30 D
26 21 13 26 D
26 22 5 22 R
26 23 0 50 L
26 24 1 24 R
26 26 31 20 R
26 27 30 18 R
26 28 14 46 L
26 29 0 39 L
26 30 1 30 D
26 31 6 31 D
26 32 9 45 L
26 33 1 39 L
26 34 7 37 L
26 35 12 7 U
26 37 33 26 D
26 38 22 2 U
26 39 12 5 U
26 40 9 40 L
26 41 0 4 U
26 42 18 0 U
26 43 33 1 U
26 44 28 3 U
26 45 1 45 L
26 46 1 46 L
26 47 3 47 L
26 48 25 3 U
26 49 9 8 U
26 50 23 32 D
26 51 10 51 L
27 0 22 12 R
27 1 1 13 R
27 2 0 13 R
27 3 39 16 R
27 4 34 17 R
27 5 31 23 R
27 6 31 46 L
27 7 34 7 U
27 8 24 36 D
27 9 1 43 L
27 10 15 10 U
27 11 22 36 D
27 12 24 28 D
27 13 17 38 L
27 15 4 33 D
27 16 11 5 U
27 17 28 42 L
27 18 10 18 R
27 19 2 19 R
27 20 3 20 R
27 21 23 31 D
27 22 3 22 R
27 23 41 34 D
27 24 31 33 D
27 26 0 40 L
27 27 8 47 L
27 28 0 19 R
27 29 19 41 L
27 30 18 39 L
27 31 26 1 U
27 32 18 22 R
27 33 24 47 L
27 34 25 38 L
27 35 0 9 U
27 37 34 27 D
27 38 5 38 L
27 39 36 30 D
27 40 4 40 L
27 41 35 41 L
27 42 18 42 L
27 43 9 43 L
27 44 8 44 L
27 45 0 7 U
27 46 15 17 R
27 47 1 47 L
27 48 16 48 L
27 49 22 5 U
27 50 0 24 R
27 51 30 3 U
28 0 33 46 L
28 1 0 47 L
28 2 0 41 L
28 3 17 38 L
28 4 0 33 D
28 5 12 43 L
28 6 14 6 U
28 7 35 51 L
28 8 15 8 U
28 9 34 43 L
28 10 5 46 L
28 11 31 2 U
28 12 11 31 D
28 13 10 29 D
28 14 18 4 U
28 15 1 44 L
28 16 23 9 U
28 17 3 31 D
28 18 22 18 R
28 19 0 36 D
28 20 16 10 U
28 21 3 30 D
28 22 13 2 U
28 23 31 23 R
28 24 9 24 R
28 26 2 11 R
28 27 23 15 R
28 28 20 4 U
28 29 32 20 R
28 30 10 30 D
28 31 6 31 D
28 32 26 6 U
28 33 24 16 R
28 34 33 14 R
28 35 2 35 D
28 36 20 12 R
28 37 29 27 D
28 38 27 26 D
28 39 27 15 R
28 40 15 40 L
28 41 13 41 L
28 42 10 42 L
28 43 20 9 U
28 44 10 9 U
28 45 6 45 L
28 46 0 17 R
28 47 2 21 R
28 48 5 48 L
28 49 5 6 U
28 50 2 50 L
28 51 38 8 U
29 0 0 26 D
29 1 26 51 L
29 3 2 3 U
29 4 5 14 R
29 5 3 22 R
29 6 5 6 U
29 7 20 47 L
29 8 17 43 L
29 9 19 9 U
29 10 30 41 L
29 11 16 1 U
29 13 28 34 D
29 15 21 6 U
29 16 3 16 R
29 17 23 17 R
29 18 25 10 U
29 19 1 8 U
29 20 3 20 R
29 21 33 34 D
29 22 5 22 R
29 23 2 23 R
29 24 16 7 U
29 26 28 12 R
29 27 4 37 L
29 29 31 19 R
29 30 30 46 L
29 31 36 24 R
29 32 19 50 L
29 33 15 33 D
29 34 35 39 L
29 35 8 35 D
29 37 18 37 L
29 38 2 23 R
29 39 9 24 R
29 40 17 40 L
29 41 20 3 U
29 42 9 9 U
29 43 21 31 D
29 44 2 44 L
29 45 25 8 U
29 46 24 8 U
29 47 9 47 L
29 48 23 34 D
29 49 19 49 L
29 50 22 0 U
29 51 38 51 L
30 0 5 42 L
30 1 35 49 L
30 3 28 48 L
30 5 2 17 R
30 6 31 50 L
30 8 31 38 L
30 9 24 51 L
30 10 1 45 L
30 12 36 34 D
30 13 33 8 U
30 15 26 26 D
30 16 0 35 D
30 17 24 26 D
30 18 3 28 D
30 19 37 36 D
30 20 1 30 D
30 21 24 21 R
30 22 27 31 D
30 23 2 23 R
30 24 9 24 R
30 26 10 11 R
30 27 21 22 R
30 29 7 38 L
30 30 4 40 L
30 31 18 51 L
30 32 29 14 R
30 33 22 48 L
30 34 0 6 U
30 35 25 16 R
30 37 22 36 D
30 38 24 29 D
30 39 2 32 D
30 40 15 40 L
30 41 9 41 L
30 42 13 42 L
30 43 21 4 U
30 44 0 19 R
30 45 25 3 U
30 46 3 46 L
30 47 15 26 D
30 48 20 0 U
30 49 23 23 R
30 50 3 50 L
30 51 3 51 L
31 0 32 11 R
31 1 9 38 L
31 2 19 42 L
31 3 28 38 L
31 5 16 49 L
31 6 29 17 R
31 7 25 41 L
31 8 22 50 L
31 9 4 9 U
31 10 30 43 L
31 11 37 34 D
31 12 17 33 D
31 13 5 10 U
31 14 34 30 D
31 15 24 15 R
31 16 10 16 R
31 17 2 17 R
31 18 25 37 L
31 19 24 19 R
31 20 2 20 R
31 21 5 21 R
31 22 19 28 D
31 23 34 7 U
31 24 15 35 D
31 26 3 23 R
31 27 12 27 D
31 28 28 18 R
31 29 18 22 R
31 30 16 21 R
31 31 8 14 R
31 32 23 20 R
31 33 30 23 R
31 34 18 23 R
31 35 9 19 R
31 37 7 11 R
31 38 0 27 D
31 39 24 29 D
31 40 10 40 L
31 41 20 7 U
31 42 6 42 L
31 43 8 1 U
31 44 20 10 U
31 45 5 45 L
31 46 1 4 U
31 47 3 47 L
31 48 7 48 L
31 49 25 0 U
31 50 25 2 U
31 51 14 51 L
32 0 35 40 L
32 1 35 43 L
32 2 0 12 R
32 3 29 3 U
32 5 4 39 L
32 6 1 6 U
32 8 6 8 U
32 9 2 39 L
32 10 27 21 R
32 11 3 28 D
32 12 29 0 U
32 13 4 0 U
32 14 22 38 L
32 15 5 15 R
32 16 24 33 D
32 17 31 6 U
32 18 1 18 R
32 19 22 19 R
32 20 23 29 D
32 21 1 21 R
32 22 0 48 L
32 23 40 10 U
32 24 30 24 R
32 26 5 11 R
32 27 21 14 R
32 29 6 18 R
32 30 34 17 R
32 31 34 20 R
32 32 22 40 L
32 33 19 2 U
32 34 1 48 L
32 35 8 3 U
32 37 4 27 D
32 38 7 38 L
32 39 4 30 D
32 41 31 1 U
32 42 14 42 L
32 43 27 43 L
32 44 24 44 L
32 45 8 45 L
32 46 0 20 R
32 47 9 3 U
32 48 33 5 U
32 49 16 49 L
32 50 9 27 D
32 51 10 24 R
33 0 35 12 R
33 1 16 11 R
33 2 35 45 L
33 3 7 14 R
33 5 38 15 R
33 6 4 41 L
33 7 21 45 L
33 8 30 40 L
33 9 3 9 U
33 10 34 45 L
33 13 2 2 U
33 15 32 7 U
33 16 8 16 R
33 17 8 27 D
33 18 1 5 U
33 19 36 10 U
33 20 29 36 D
33 21 28 33 D
33 22 23 34 D
33 23 15 23 R
33 24 26 34 D
33 26 0 48 L
33 27 0 17 R
33 28 29 12 R
33 29 31 14 R
33 30 29 30 D
33 31 6 31 D
33 32 8 39 L
33 33 38 24 R
33 34 17 34 D
33 35 1 43 L
33 37 9 26 D
33 38 17 28 D
33 39 15 32 D
33 40 28 11 R
33 41 16 12 R
33 42 14 28 D
33 43 5 43 L
33 44 16 36 D
33 45 34 15 R
33 46 24 26 D
33 47 21 8 U
33 48 38 32 D
33 49 2 0 U
33 50 10 50 L
33 51 6 17 R
34 0 16 0 U
34 1 38 1 U
34 2 10 38 L
34 3 29 46 L
34 4 22 13 R
34 5 8 23 R
34 6 1 17 R
34 8 10 8 U
34 9 14 49 L
34 10 19 48 L
34 11 1 32 D
34 13 33 9 U
34 14 13 5 U
34 15 35 27 D
34 16 3 43 L
34 18 1 36 D
34 19 24 19 R
34 20 10 20 R
34 21 2 21 R
34 22 1 22 R
34 23 6 23 R
34 24 7 30 D
34 26 8 19 R
34 27 39 21 R
34 29 5 50 L
34 30 33 38 L
34 31 25 37 L
34 32 29 12 R
34 33 23 15 R
34 34 10 34 D
34 37 39 27 D
34 38 21 13 R
34 39 43 8 U
34 40 22 6 U
34 41 43 41 L
34 42 5 42 L
34 43 23 0 U
34 44 7 44 L
34 45 2 34 D
34 46 27 1 U
34 47 23 1 U
34 48 3 30 D
34 49 18 49 L
34 50 19 50 L
34 51 31 36 D
35 1 18 1 U
35 2 4 50 L
35 3 14 45 L
35 6 23 44 L
35 9 2 16 R
35 10 15 47 L
35 11 33 26 D
35 13 3 0 U
35 14 22 32 D
35 15 6 15 R
35 16 3 3 U
35 19 1 27 D
35 20 28 26 D
35 21 22 21 R
35 22 26 26 D
35 23 23 33 D
35 24 18 43 L
35 25 25 28 D
35 26 5 24 R
35 27 31 23 R
35 30 33 44 L
35 31 1 31 D
35 32 3 41 L
35 33 9 33 D
35 34 6 39 L
35 37 33 31 D
35 38 8 26 D
35 40 1 34 D
35 41 3 41 L
35 42 14 42 L
35 43 37 43 L
35 44 7 32 D
35 45 19 32 D
35 46 36 31 D
35 47 11 30 D
35 48 5 48 L
35 49 22 34 D
35 50 26 5 U
35 51 26 51 L
36 0 24 11 R
36 1 26 12 R
36 2 33 12 R
36 3 11 14 R
36 4 35 17 R
36 6 12 38 L
36 7 20 7 U
36 9 11 39 L
36 10 26 51 L
36 11 29 29 D
36 13 29 0 U
36 14 37 27 D
36 15 28 0 U
36 16 25 26 D
36 18 6 18 R
36 19 32 8 U
36 20 25 20 R
36 21 9 21 R
36 23 7 26 D
36 26 20 48 L
36 28 31 15 R
36 29 16 29 D
36 31 0 48 L
36 32 2 32 D
36 34 28 19 R
36 37 27 32 D
36 38 8 23 R
36 41 23 4 U
36 42 28 4 U
36 43 13 43 L
36 44 27 21 R
36 45 0 35 D
36 46 15 46 L
36 47 12 47 L
36 48 34 29 D
36 49 9 49 L
36 50 26 3 U
36 51 22 51 L
37 1 6 11 R
37 2 16 50 L
37 3 34 15 R
37 6 29 40 L
37 9 14 42 L
37 10 15 12 R
37 11 0 9 U
37 12 3 0 U
37 13 1 0 U
37 14 27 33 D
37 16 0 32 D
37 17 3 5 U
37 19 3 19 R
37 20 31 20 R
37 21 11 26 D
37 23 38 23 R
37 26 4 2 U
37 27 1 37 L
37 32 2 32 D
37 34 25 34 D
37 38 24 28 D
37 41 2 28 D
37 44 39 31 D
37 45 3 45 L
37 46 21 46 L
37 47 31 33 D
37 48 40 21 R
37 49 10 49 L
37 50 12 50 L
37 51 18 51 L
38 1 9 1 U
38 3 4 3 U
38 8 32 8 U
38 10 33 47 L
38 11 10 27 D
38 16 10 26 D
38 17 3 28 D
38 18 4 18 R
38 19 30 6 U
38 20 6 8 U
38 21 5 21 R
38 22 3 22 R
38 23 10 23 R
38 24 9 28 D
38 26 10 37 L
38 36 0 9 U
38 42 10 42 L
38 44 9 30 D
38 45 2 31 D
38 46 6 46 L
38 47 33 27 D
38 48 44 48 L
38 49 22 49 L
38 51 15 5 U
39 3 17 3 U
39 4 8 13 R
39 6 35 18 R
39 8 21 12 R
39 10 1 10 U
39 12 1 32 D
39 15 2 39 L
39 16 27 16 R
39 19 12 19 R
39 20 17 28 D
39 21 37 26 D
39 23 17 26 D
39 40 34 26 D
39 43 28 36 D
39 45 15 36 D
39 47 26 47 L
39 48 25 48 L
39 49 17 49 L
39 51 31 4 U
40 3 32 42 L
40 10 1 10 U
40 11 21 4 U
40 12 15 3 U
40 16 2 16 R
40 18 11 8 U
40 19 7 19 R
40 20 8 5 U
40 21 24 10 U
40 23 16 23 R
40 34 8 40 L
40 45 29 14 R
40 47 36 20 R
40 48 6 48 L
40 51 25 51 L
41 3 14 26 D
41 10 4 10 U
41 15 17 15 R
41 16 1 16 R
41 18 2 4 U
41 19 38 51 L
41 21 2 21 R
41 40 22 40 L
41 44 5 44 L
41 51 25 51 L
42 3 32 23 R
42 19 27 32 D
42 21 26 3 U
42 51 10 51 L
43 21 1 21 R
43 51 32 7 U
44 21 5 6 U
44 51 14 51 L

