28 34 853
19 2 0 20 25 18 21 5 8 14 22 26 25 0 25
0 21 8 19 13 3 3 2 6 17 13 0 24 1 0
27 24 23 22 0 0 0 21 0 20 0 19 25 1 0
16 20 0 0 21 12 21 26 16 0 0 25 11 9 0
24 0 0 24 16 17 0 19 8 20 0 0 24 6 0
24 21 23 0 0 15 25 0 17 25 22 13 0 16 0
23 0 23 5 13 2 0 0 14 0 6 23 0 21 0
22 8 25 9 0 5 25 26 25 0 24 0 23 2 0
6 9 15 0 0 23 0 25 0 0 0 24 20 22 0
8 14 0 20 0 6 19 24 24 0 22 0 23 22 0
6 0 19 0 22 0 5 22 0 25 2 21 20 0 0
7 18 0 0 3 0 21 16 16 0 13 0 0 0 0
15 0 0 5 0 0 0 17 19 0 15 22 21 14 0
0 19 0 3 15 23 20 24 0 24 0 0 0 20 0
7 1 18 11 0 10 1 3 22 0 10 0 18 12 22
0 0 0 0 D
0 1 0 1 D
0 2 0 2 D
0 3 0 3 D
0 4 0 4 D
0 5 0 5 D
0 6 0 6 D
0 7 0 7 D
0 8 0 8 R
0 9 0 9 R
0 10 0 10 R
0 11 0 11 R
0 12 0 12 R
0 13 0 13 R
0 14 0 14 R
0 15 0 15 R
0 16 0 16 R
0 17 0 17 U
0 18 0 18 U
0 19 0 19 U
0 20 0 20 U
0 21 0 21 U
0 22 0 22 U
0 23 0 23 U
0 24 0 24 U
0 25 0 25 L
0 26 0 26 L
0 27 0 27 L
0 28 0 28 L
0 29 0 29 L
0 30 0 30 L
0 31 0 31 L
0 32 0 32 L
0 33 0 33 L
1 0 0 8 R
1 1 0 26 L
1 2 0 17 U
1 3 0 19 U
1 4 0 10 R
1 5 3 11 R
1 6 0 11 R
1 7 1 12 R
1 8 0 17 U
1 9 0 1 D
1 10 3 20 U
1 11 0 27 L
1 12 0 24 U
1 13 0 26 L
1 14 5 4 D
1 15 5 6 D
1 16 8 19 U
1 17 1 25 L
1 18 1 27 L
1 19 2 27 L
1 20 2 8 R
1 21 0 26 L
1 22 0 6 D
1 23 2 29 L
1 24 0 29 L
1 25 0 8 R
1 26 0 0 D
1 27 0 9 R
1 28 3 18 U
1 29 3 22 U
1 30 1 11 R
1 31 1 7 D
1 32 0 8 R
1 33 2 3 D
2 0 1 9 R
2 1 2 26 L
2 2 2 2 D
2 3 3 3 D
2 4 1 4 D
2 5 3 5 D
2 6 1 6 D
2 7 2 7 D
2 8 0 25 L
2 9 0 2 D
2 10 2 1 D
2 11 0 5 D
2 12 2 12 R
2 13 2 13 R
2 14 2 14 R
2 15 5 15 R
2 16 7 16 R
2 17 2 8 R
2 18 1 18 U
2 19 2 19 U
2 20 3 20 U
2 21 2 21 U
2 22 2 22 U
2 23 3 23 U
2 24 0 31 L
2 25 0 18 U
2 26 1 26 L
2 27 3 4 D
2 28 2 28 L
2 29 1 29 L
2 30 3 30 L
2 31 8 18 U
2 32 5 32 L
2 33 10 33 L
3 0 0 10 R
3 1 2 27 L
3 2 3 2 D
3 3 2 3 D
3 4 3 4 D
3 5 0 23 U
3 6 5 21 U
3 7 1 7 D
3 8 0 26 L
3 9 1 9 R
3 10 1 21 U
3 11 0 23 U
3 12 3 12 R
3 13 5 13 R
3 14 4 14 R
3 15 2 15 R
3 16 6 16 R
3 17 0 8 R
3 18 0 0 D
3 19 1 19 U
3 20 2 28 L
3 21 1 21 U
3 22 1 22 U
3 23 0 30 L
3 24 1 8 R
3 25 0 3 D
3 26 1 0 D
3 27 0 20 U
3 28 3 28 L
3 29 0 5 D
3 30 1 30 L
3 31 4 31 L
3 32 2 32 L
3 33 12 33 L
4 0 1 0 D
4 1 0 25 L
4 2 1 12 R
4 3 3 28 L
4 4 5 18 U
4 5 5 5 D
4 6 2 32 L
4 7 4 13 R
4 8 2 19 U
4 9 1 0 D
4 10 5 3 D
4 11 8 24 U
4 12 3 1 D
4 13 4 4 D
4 14 6 2 D
4 15 3 15 R
4 16 5 22 U
4 17 2 32 L
4 18 4 27 L
4 19 0 12 R
4 20 5 10 R
4 21 0 9 R
4 22 4 15 R
4 23 0 14 R
4 24 4 24 U
4 25 1 17 U
4 26 0 2 D
4 27 4 5 D
4 28 1 1 D
4 29 2 23 U
4 30 0 13 R
4 31 2 31 L
4 32 4 32 L
4 33 8 15 R
5 0 0 21 U
5 1 2 12 R
5 2 0 13 R
5 3 5 17 U
5 4 4 18 U
5 5 2 5 D
5 6 5 6 D
5 7 0 24 U
5 8 0 21 U
5 9 4 9 R
5 10 3 10 R
5 11 7 11 R
5 12 0 1 D
5 13 5 29 L
5 14 6 14 R
5 15 0 4 D
5 16 9 16 R
5 17 4 25 L
5 18 4 30 L
5 19 3 19 U
5 20 5 20 U
5 21 1 30 L
5 22 5 22 U
5 23 5 23 U
5 24 2 25 L
5 25 2 7 D
5 26 4 26 L
5 27 5 27 L
5 28 1 28 L
5 29 2 29 L
5 30 0 1 D
5 31 7 31 L
5 32 3 32 L
5 33 2 33 L
6 0 4 27 L
6 1 6 26 L
6 2 0 28 L
6 3 5 29 L
6 4 7 10 R
6 5 0 22 U
6 6 2 27 L
6 7 4 7 D
6 8 1 22 U
6 9 1 6 D
6 10 6 24 U
6 11 0 7 D
6 12 5 24 U
6 13 8 13 R
6 14 3 14 R
6 15 7 15 R
6 16 7 3 D
6 17 0 25 L
6 18 0 28 L
6 19 4 14 R
6 20 5 4 D
6 21 8 8 R
6 22 4 22 U
6 23 11 8 R
6 24 5 26 L
6 25 2 0 D
6 26 3 0 D
6 27 3 27 L
6 28 2 17 U
6 29 7 2 D
6 30 8 30 L
6 31 6 31 L
6 32 0 24 U
6 33 7 33 L
7 0 0 12 R
7 1 6 1 D
7 2 2 18 U
7 3 7 3 D
7 4 7 4 D
7 5 6 5 D
7 6 7 6 D
7 7 6 11 R
7 8 0 19 U
7 9 2 1 D
7 10 3 3 D
7 11 8 11 R
7 12 11 23 U
7 13 5 22 U
7 14 1 18 U
7 15 6 15 R
7 16 1 16 R
7 17 2 10 R
7 18 7 14 R
7 19 0 9 R
7 20 7 20 U
7 21 7 21 U
7 22 6 27 L
7 23 9 23 U
7 24 6 15 R
7 25 7 25 L
7 26 7 19 U
7 27 0 6 D
7 28 5 2 D
7 29 7 20 U
7 30 6 30 L
7 31 3 31 L
7 32 10 1 D
7 33 14 33 L
8 0 0 15 R
8 1 0 9 R
8 2 0 30 L
8 3 8 27 L
8 4 0 29 L
8 5 5 30 L
8 6 8 6 D
8 7 0 18 U
8 8 6 25 L
8 9 0 18 U
8 10 3 19 U
8 11 6 11 R
8 12 8 20 U
8 13 4 13 R
8 14 15 7 D
8 15 0 31 L
8 16 3 4 D
8 17 2 11 R
8 18 0 13 R
8 19 6 2 D
8 20 6 20 U
8 21 8 21 U
8 22 7 30 L
8 23 11 23 U
8 24 6 24 U
8 25 6 3 D
8 26 8 21 U
8 27 5 16 R
8 28 4 20 U
8 29 6 29 L
8 30 7 7 D
8 31 5 17 U
8 32 9 32 L
8 33 13 33 L
9 0 8 25 L
9 1 0 16 R
9 2 7 29 L
9 3 4 22 U
9 4 10 11 R
9 5 7 5 D
9 6 6 6 D
9 7 10 7 D
9 8 2 17 U
9 9 7 31 L
9 10 0 29 L
9 11 4 19 U
9 12 9 12 R
9 13 11 2 D
9 14 16 14 R
9 15 10 0 D
9 16 11 16 R
9 17 2 17 U
9 18 7 8 R
9 19 6 10 R
9 20 5 2 D
9 21 9 11 R
9 22 6 22 U
9 23 10 23 U
9 24 0 10 R
9 25 3 6 D
9 26 5 0 D
9 27 8 7 D
9 28 7 28 L
9 29 8 1 D
9 30 1 21 U
9 31 0 15 R
9 32 0 16 R
9 33 13 6 D
10 0 3 17 U
10 1 8 21 U
10 2 9 2 D
10 3 8 3 D
10 4 9 28 L
10 5 9 5 D
10 6 8 30 L
10 7 6 7 D
10 8 7 0 D
10 9 7 19 U
10 10 2 20 U
10 11 9 20 U
10 12 10 12 R
10 13 11 13 R
10 14 14 22 U
10 15 9 15 R
10 16 11 21 U
10 17 1 26 L
10 18 4 32 L
10 19 6 15 R
10 20 10 20 U
10 21 9 21 U
10 22 1 13 R
10 23 12 23 U
10 24 7 24 U
10 25 9 5 D
10 26 3 1 D
10 27 9 1 D
10 28 6 4 D
10 29 1 20 U
10 30 10 5 D
10 31 11 31 L
10 32 8 0 D
10 33 13 20 U
11 0 1 16 R
11 1 10 28 L
11 2 11 9 R
11 3 9 3 D
11 4 10 10 R
11 5 10 32 L
11 6 11 6 D
11 7 10 13 R
11 8 10 23 U
11 9 2 26 L
11 10 10 10 R
11 11 11 2 D
11 12 1 12 R
11 13 9 30 L
11 14 19 14 R
11 15 8 6 D
11 16 12 6 D
11 17 9 27 L
11 18 8 18 U
11 19 10 31 L
11 20 4 16 R
11 21 8 32 L
11 22 17 9 R
11 23 7 9 R
11 24 12 33 L
11 25 10 7 D
11 26 8 19 U
11 27 7 27 L
11 28 10 4 D
11 29 11 5 D
11 30 9 0 D
11 31 9 23 U
11 32 10 32 L
11 33 8 33 L
12 0 10 29 L
12 1 5 11 R
12 2 12 26 L
12 3 1 28 L
12 4 3 17 U
12 5 11 5 D
12 6 0 18 U
12 7 5 15 R
12 8 12 17 U
12 9 9 25 L
12 10 11 19 U
12 11 8 3 D
12 12 14 4 D
12 13 6 13 R
12 14 19 6 D
12 15 6 4 D
12 16 12 16 R
12 17 11 13 R
12 18 1 31 L
12 19 2 16 R
12 20 12 9 R
12 21 16 7 D
12 22 12 11 R
12 23 12 32 L
12 24 10 24 U
12 25 5 1 D
12 26 0 10 R
12 27 12 2 D
12 28 9 12 R
12 29 10 29 L
12 30 9 6 D
12 31 12 31 L
12 32 13 1 D
12 33 5 33 L
13 0 9 13 R
13 1 13 8 R
13 2 9 27 L
13 3 4 32 L
13 4 13 4 D
13 5 10 19 U
13 6 14 25 L
13 7 12 7 D
13 8 12 8 R
13 9 14 1 D
13 10 13 5 D
13 11 8 19 U
13 12 14 12 R
13 13 7 2 D
13 14 20 1 D
13 15 13 15 R
13 16 2 3 D
13 17 11 29 L
13 18 0 7 D
13 19 11 33 L
13 20 0 12 R
13 21 15 11 R
13 22 18 22 U
13 23 6 8 R
13 24 14 24 U
13 25 13 18 U
13 26 0 19 U
13 27 11 19 U
13 28 16 4 D
13 29 5 23 U
13 30 15 20 U
13 31 13 23 U
13 32 14 32 L
13 33 14 0 D
14 0 14 31 L
14 1 12 18 U
14 2 12 33 L
14 3 4 24 U
14 4 0 20 U
14 5 15 32 L
14 6 14 6 D
14 7 10 25 L
14 8 14 17 U
14 9 6 9 R
14 10 9 0 D
14 11 15 21 U
14 12 13 12 R
14 13 13 21 U
14 14 18 14 R
14 15 8 15 R
14 16 13 16 R
14 17 9 33 L
14 18 12 8 R
14 19 5 29 L
14 20 10 27 L
14 21 17 12 R
14 22 19 8 R
14 23 13 23 U
14 24 21 6 D
14 25 14 1 D
14 26 0 12 R
14 27 11 27 L
14 28 12 3 D
14 29 7 29 L
14 30 23 30 L
14 31 12 16 R
14 32 0 11 R
14 33 16 18 U
15 0 14 30 L
15 1 7 1 D
15 2 12 28 L
15 3 6 10 R
15 4 14 27 L
15 5 15 5 D
15 6 9 26 L
15 7 9 11 R
15 8 15 18 U
15 9 7 23 U
15 10 16 10 R
15 11 17 11 R
15 12 8 21 U
15 13 16 4 D
15 14 21 5 D
15 15 15 0 D
15 16 6 17 U
15 17 13 33 L
15 18 14 29 L
15 19 14 9 R
15 20 16 16 R
15 21 17 21 U
15 22 11 12 R
15 23 10 16 R
15 24 21 24 U
15 25 15 25 L
15 26 12 17 U
15 27 16 7 D
15 28 15 28 L
15 29 8 29 L
15 30 19 2 D
15 31 16 20 U
15 32 16 32 L
15 33 15 33 L
16 0 13 17 U
16 1 15 28 L
16 2 15 26 L
16 3 7 13 R
16 4 14 29 L
16 5 17 5 D
16 6 10 6 D
16 7 11 12 R
16 8 5 1 D
16 9 13 17 U
16 10 17 10 R
16 11 5 11 R
16 12 17 28 L
16 13 17 13 R
16 14 20 19 U
16 15 13 6 D
16 16 17 1 D
16 17 12 15 R
16 18 17 18 U
16 19 14 26 L
16 20 14 10 R
16 21 16 21 U
16 22 14 12 R
16 23 2 26 L
16 24 19 24 U
16 25 10 9 R
16 26 13 7 D
16 27 17 27 L
16 28 14 23 U
16 29 15 3 D
16 30 24 22 U
16 31 10 10 R
16 32 13 2 D
16 33 22 22 U
17 0 2 28 L
17 1 16 19 U
17 2 17 32 L
17 3 16 27 L
17 4 14 4 D
17 5 10 5 D
17 6 13 6 D
17 7 18 9 R
17 8 8 8 R
17 9 15 9 R
17 10 15 20 U
17 11 16 5 D
17 12 17 21 U
17 13 0 0 D
17 14 23 2 D
17 15 12 15 R
17 16 4 16 R
17 17 8 15 R
17 18 16 18 U
17 19 15 32 L
17 20 15 20 U
17 21 14 11 R
17 22 17 22 U
17 23 13 31 L
17 24 20 24 U
17 25 14 25 L
17 26 12 19 U
17 27 15 27 L
17 28 15 2 D
17 29 12 0 D
17 30 18 30 L
17 31 18 31 L
17 32 17 32 L
17 33 8 12 R
18 0 17 25 L
18 1 19 14 R
18 2 16 28 L
18 3 18 3 D
18 4 16 4 D
18 5 1 18 U
18 6 19 18 U
18 7 16 7 D
18 8 4 7 D
18 9 17 20 U
18 10 2 10 R
18 11 16 22 U
18 12 18 5 D
18 13 12 13 R
18 14 23 20 U
18 15 16 20 U
18 17 10 13 R
18 18 3 32 L
18 19 10 8 R
18 20 18 25 L
18 21 13 31 L
18 22 19 22 U
18 23 14 25 L
18 24 17 24 U
18 25 15 21 U
18 26 7 0 D
18 27 16 6 D
18 28 18 28 L
18 29 19 29 L
18 31 20 20 U
18 32 2 17 U
18 33 23 33 L
19 0 10 0 D
19 1 19 1 D
19 2 0 14 R
19 3 15 3 D
19 4 19 27 L
19 5 20 9 R
19 6 19 6 D
19 7 18 7 D
19 8 16 19 U
19 9 0 28 L
19 10 17 24 U
19 11 14 27 L
19 12 18 22 U
19 13 13 4 D
19 14 21 14 R
19 15 26 19 U
19 17 3 26 L
19 18 19 26 L
19 19 18 0 D
19 20 0 3 D
19 21 17 14 R
19 22 8 32 L
19 23 17 23 U
19 24 2 24 U
19 25 14 3 D
19 26 18 13 R
19 27 14 2 D
19 28 19 1 D
19 29 14 18 U
19 31 21 18 U
19 32 20 6 D
19 33 22 33 L
20 0 13 31 L
20 1 17 17 U
20 2 6 8 R
20 3 15 14 R
20 4 20 32 L
20 5 13 5 D
20 6 17 26 L
20 7 20 32 L
20 8 17 22 U
20 9 19 3 D
20 10 18 22 U
20 11 21 19 U
20 12 6 21 U
20 13 19 31 L
20 14 13 26 L
20 15 15 15 R
20 17 16 29 L
20 18 19 10 R
20 19 20 10 R
20 20 15 14 R
20 21 20 21 U
20 22 22 25 L
20 23 16 23 U
20 24 15 24 U
20 25 19 0 D
20 26 19 8 R
20 27 12 7 D
20 28 18 17 U
20 29 25 29 L
20 32 21 18 U
20 33 18 3 D
21 0 20 27 L
21 1 20 17 U
21 2 19 2 D
21 3 8 10 R
21 4 18 4 D
21 5 3 14 R
21 6 20 6 D
21 7 17 7 D
21 8 5 2 D
21 9 22 17 U
21 10 21 1 D
21 11 20 11 R
21 12 20 19 U
21 13 19 4 D
21 14 24 14 R
21 15 26 15 R
21 17 13 25 L
21 18 18 12 R
21 19 21 19 U
21 20 20 11 R
21 21 15 33 L
21 22 23 22 U
21 23 0 5 D
21 24 24 8 R
21 25 19 4 D
21 26 21 26 L
21 27 21 27 L
21 28 22 28 L
21 29 20 4 D
21 32 21 23 U
21 33 16 33 L
22 0 21 32 L
22 1 8 8 R
22 2 21 18 U
22 3 3 18 U
22 4 17 4 D
22 5 0 13 R
22 6 6 15 R
22 7 13 33 L
22 8 22 0 D
22 9 22 9 R
22 10 17 7 D
22 11 23 11 R
22 12 22 1 D
22 13 18 13 R
22 14 20 14 R
22 15 25 15 R
22 17 16 25 L
22 18 13 9 R
22 19 18 14 R
22 20 22 10 R
22 21 11 21 U
22 22 21 28 L
22 24 24 24 U
22 25 20 0 D
22 26 18 6 D
22 27 16 0 D
22 28 22 6 D
22 29 21 29 L
22 32 20 4 D
22 33 14 19 U
23 0 8 17 U
23 1 19 13 R
23 2 23 26 L
23 3 24 3 D
23 4 15 4 D
23 5 14 5 D
23 6 22 6 D
23 7 13 23 U
23 8 0 33 L
23 9 12 1 D
23 10 22 26 L
23 11 0 2 D
23 12 19 12 R
23 13 13 13 R
23 14 19 19 U
23 15 24 15 R
23 17 22 8 R
23 18 21 33 L
23 19 17 11 R
23 20 0 1 D
23 21 2 30 L
23 22 21 22 U
23 24 23 24 U
23 25 18 9 R
23 26 15 7 D
23 27 13 27 L
23 28 14 12 R
23 32 1 6 D
23 33 11 33 L
24 0 19 25 L
24 1 16 10 R
24 2 21 2 D
24 3 23 9 R
24 4 24 30 L
24 5 18 5 D
24 6 10 27 L
24 8 21 33 L
24 9 18 3 D
24 10 22 3 D
24 11 18 11 R
24 12 24 22 U
24 14 23 14 R
24 15 10 15 R
24 17 24 11 R
24 18 23 28 L
24 19 18 29 L
24 20 24 20 U
24 21 24 21 U
24 22 24 22 U
24 24 9 24 U
24 25 6 24 U
24 26 23 21 U
24 27 18 5 D
24 28 23 6 D
24 32 26 32 L
24 33 17 2 D
25 0 22 10 R
25 1 25 8 R
25 2 13 22 U
25 3 24 28 L
25 4 24 9 R
25 6 23 14 R
25 8 26 2 D
25 9 25 1 D
25 10 24 17 U
25 11 17 6 D
25 12 17 27 L
25 14 22 14 R
25 17 25 12 R
25 18 21 30 L
25 19 25 32 L
25 22 1 25 L
25 25 18 19 U
25 27 22 0 D
25 28 25 28 L
26 0 20 28 L
26 3 23 3 D
26 11 21 11 R
26 14 26 14 R
26 17 26 17 U
26 18 26 10 R
26 19 20 8 R
26 22 13 29 L
26 28 24 28 L
27 0 13 15 R

