27 25 569
0 1 2 2 19 20 3 4 1 4 18 0 0 0 0 17 0 10 15 1
0 0 15 7 9 7 0 6 6 2 0 2 0 3 0 0 19 0 19 17
7 4 19 12 20 14 0 0 12 0 0 18 18 20 18 0 0 0 9 16
4 8 0 2 0 23 0 0 23 0 20 0 22 14 9 0 0 19 10 0
15 0 0 0 15 0 20 4 12 11 21 0 22 23 24 25 0 26 0 26
0 20 20 20 17 0 0 0 0 18 0 11 18 21 0 10 5 0 0 0
0 0 3 0 0 24 2 22 0 18 0 25 0 24 16 8 23 2 21 0
0 20 22 7 2 0 22 21 0 0 0 0 5 19 7 0 13 1 0 16
9 14 23 6 18 0 23 0 17 0 0 0 18 0 16 17 15 16 0 0
21 22 0 0 0 24 0 2 9 20 0 0 19 0 0 11 0 0 0 4
22 21 5 25 24 0 24 22 0 21 0 9 5 0 12 8 12 16 0 15
0 0 24 0 0 18 0 10 13 17 0 10 0 13 0 5 13 15 11 0
9 7 8 11 20 0 23 0 0 0 0 0 0 0 0 0 0 18 4 23
22 0 0 18 0 23 0 0 0 0 23 20 0 0 19 25 18 0 0 22
10 0 21 10 0 0 13 14 3 0 22 0 0 0 0 22 0 20 0 21
14 0 0 0 18 13 7 12 10 0 3 11 0 21 0 0 0 20 0 8
10 0 7 0 11 20 10 0 0 18 19 0 11 20 3 0 0 0 23 0
1 4 14 2 17 1 0 21 16 0 0 21 0 0 13 24 0 0 24 13
1 13 0 0 16 17 0 12 13 17 0 0 19 19 0 0 0 15 13 12
0 0 12 3 12 0 18 0 19 16 0 19 0 20 10 0 18 13 9 1
0 0 0 0 L
0 1 0 1 L
0 2 0 2 L
0 3 0 3 L
0 4 0 4 L
0 5 0 5 L
0 6 0 6 R
0 7 0 7 R
0 8 0 8 R
0 9 0 9 R
0 10 0 10 R
0 11 0 11 R
0 12 0 12 D
0 13 0 13 D
0 14 0 14 D
0 15 0 15 D
0 16 0 16 D
0 17 0 17 D
0 18 0 18 U
0 19 0 19 U
0 20 0 20 U
0 21 0 21 U
0 22 0 22 U
0 23 0 23 U
0 24 0 24 U
1 0 0 18 U
1 1 0 7 R
1 2 0 19 U
1 3 0 20 U
1 4 0 22 U
1 5 4 23 U
1 6 0 0 L
1 7 1 13 D
1 8 0 14 D
1 9 0 3 L
1 10 0 3 L
1 11 0 14 D
1 12 0 6 R
1 13 0 19 U
1 14 0 0 L
1 15 2 9 R
1 16 0 10 R
1 17 0 2 L
1 18 0 12 D
1 19 0 0 L
1 20 1 2 L
1 21 0 16 D
1 22 0 9 R
1 23 0 9 R
1 24 3 11 R
2 0 0 13 D
2 1 1 1 L
2 2 0 8 R
2 3 0 15 D
2 4 2 4 L
2 5 1 5 L
2 6 0 12 D
2 7 0 1 L
2 8 2 8 R
2 9 1 9 R
2 10 2 10 R
2 11 2 11 R
2 12 0 1 L
2 13 0 18 U
2 14 0 2 L
2 15 0 20 U
2 16 2 16 D
2 17 3 17 D
2 18 0 6 R
2 19 0 8 R
2 20 0 3 L
2 21 2 21 U
2 22 3 22 U
2 23 2 23 U
2 24 4 24 U
3 0 1 21 U
3 1 0 12 D
3 2 3 2 L
3 3 0 22 U
3 4 3 13 D
3 5 3 5 L
3 6 3 6 R
3 7 3 7 R
3 8 0 19 U
3 9 0 17 D
3 10 1 19 U
3 11 1 11 R
3 12 0 21 U
3 13 3 13 D
3 14 2 14 D
3 15 3 15 D
3 16 0 5 L
3 17 0 10 R
3 18 0 7 R
3 19 0 11 R
3 20 0 4 L
3 21 1 21 U
3 22 0 14 D
3 23 4 10 R
3 24 1 24 U
4 0 3 7 R
4 1 0 14 D
4 2 2 12 D
4 3 3 3 L
4 4 1 9 R
4 5 5 17 D
4 6 0 15 D
4 7 3 12 D
4 8 0 12 D
4 9 0 20 U
4 10 0 23 U
4 11 0 16 D
4 12 0 4 L
4 13 4 13 D
4 14 2 10 R
4 15 1 15 D
4 16 1 16 D
4 17 5 17 D
4 18 2 6 R
4 19 0 1 L
4 20 0 7 R
4 21 0 6 R
4 22 5 22 U
4 23 3 23 U
4 24 0 5 L
5 0 5 0 L
5 1 2 12 D
5 2 7 2 L
5 3 4 3 L
5 4 2 16 D
5 5 5 5 L
5 6 0 2 L
5 7 4 18 U
5 8 4 8 R
5 9 4 15 D
5 10 0 13 D
5 11 0 24 U
5 12 4 4 L
5 13 0 10 R
5 14 1 14 D
5 15 2 15 D
5 16 0 11 R
5 17 0 11 R
5 18 5 8 R
5 19 6 19 U
5 20 2 20 U
5 21 0 14 D
5 22 4 22 U
5 23 0 4 L
5 24 7 1 L
6 0 4 22 U
6 1 5 1 L
6 2 6 2 L
6 3 3 20 U
6 4 4 21 U
6 5 0 9 R
6 6 0 19 U
6 7 5 7 R
6 8 0 20 U
6 9 0 18 U
6 10 5 10 R
6 11 3 11 R
6 12 0 8 R
6 13 0 8 R
6 14 0 6 R
6 15 0 11 R
6 16 7 0 L
6 17 4 17 D
6 18 4 3 L
6 19 3 19 U
6 20 1 20 U
6 21 2 7 R
6 22 1 6 R
6 23 1 1 L
6 24 12 24 U
7 0 4 15 D
7 1 2 1 L
7 2 6 9 R
7 3 0 16 D
7 4 9 19 U
7 5 7 5 L
7 6 2 22 U
7 7 4 7 R
7 8 0 21 U
7 9 5 9 R
7 10 5 15 D
7 11 2 19 U
7 12 0 3 L
7 13 5 13 D
7 14 6 14 D
7 15 5 4 L
7 16 4 16 D
7 17 2 11 R
7 18 5 2 L
7 19 7 0 L
7 20 0 10 R
7 21 7 21 U
7 22 0 10 R
7 23 5 23 U
7 24 11 24 U
8 0 2 18 U
8 1 7 1 L
8 2 0 14 D
8 3 6 3 L
8 4 6 4 L
8 5 0 13 D
8 6 5 23 U
8 7 0 19 U
8 8 6 8 R
8 9 0 4 L
8 10 4 10 R
8 11 7 14 D
8 12 1 9 R
8 13 7 13 D
8 14 8 14 D
8 15 6 15 D
8 16 9 16 D
8 17 7 17 D
8 18 4 18 U
8 19 8 19 U
8 20 3 0 L
8 21 4 12 D
8 22 5 11 R
8 23 7 23 U
8 24 14 24 U
9 0 6 23 U
9 1 6 18 U
9 2 8 2 L
9 3 2 3 L
9 4 5 4 L
9 5 8 5 L
9 6 6 6 R
9 7 8 7 R
9 8 1 8 R
9 9 0 21 U
9 10 3 10 R
9 11 8 11 R
9 12 0 7 R
9 13 8 13 D
9 14 0 19 U
9 15 5 15 D
9 16 8 16 D
9 17 12 11 R
9 18 5 3 L
9 19 0 15 D
9 20 6 20 U
9 21 9 21 U
9 22 2 22 U
9 23 0 2 L
9 24 15 24 U
10 0 2 19 U
10 1 0 18 U
10 2 10 12 D
10 3 7 3 L
10 4 3 4 L
10 5 6 5 L
10 6 8 16 D
10 7 8 18 U
10 8 7 12 D
10 9 9 9 R
10 10 12 10 R
10 11 9 11 R
10 12 0 22 U
10 13 2 2 L
10 14 10 14 D
10 15 12 0 L
10 16 13 3 L
10 17 13 17 D
10 18 9 2 L
10 19 9 19 U
10 20 0 5 L
10 21 10 1 L
10 22 1 22 U
10 23 2 2 L
10 24 18 24 U
11 0 1 14 D
11 1 6 1 L
11 2 5 12 D
11 3 1 3 L
11 4 11 4 L
11 5 11 15 D
11 6 5 19 U
11 7 11 7 R
11 8 5 8 R
11 9 12 9 R
11 10 9 10 R
11 11 1 18 U
11 12 7 12 D
11 13 3 1 L
11 14 11 14 D
11 15 10 15 D
11 16 0 18 U
11 17 14 17 D
11 18 10 18 U
11 19 2 0 L
11 20 10 20 U
11 21 11 21 U
11 22 0 13 D
11 23 12 23 U
12 0 11 18 U
12 1 9 1 L
12 2 12 2 L
12 3 2 20 U
12 4 0 18 U
12 5 6 18 U
12 6 7 0 L
12 7 9 7 R
12 8 0 3 L
12 9 8 12 D
12 10 10 10 R
12 11 6 11 R
12 12 5 12 D
12 13 6 13 D
12 14 1 8 R
12 15 11 15 D
12 16 13 16 D
12 17 6 11 R
12 18 9 18 U
12 19 6 8 R
12 20 6 3 L
12 21 4 8 R
12 22 14 22 U
12 23 13 23 U
13 0 14 20 U
13 1 3 1 L
13 2 0 21 U
13 3 3 19 U
13 4 13 4 L
13 5 9 5 L
13 6 13 6 R
13 7 2 7 R
13 8 3 14 D
13 9 3 9 R
13 10 8 19 U
13 11 9 2 L
13 12 6 5 L
13 13 9 4 L
13 14 14 14 D
13 15 4 9 R
13 16 16 16 D
13 17 15 17 D
13 18 8 18 U
13 19 8 1 L
13 20 5 20 U
13 21 13 21 U
13 22 12 22 U
13 23 16 23 U
14 0 0 6 R
14 1 0 8 R
14 2 16 16 D
14 3 16 3 L
14 4 14 4 L
14 5 11 5 L
14 6 13 22 U
14 7 0 15 D
14 8 8 8 R
14 9 2 9 R
14 10 7 10 R
14 11 15 11 R
14 12 9 7 R
14 13 10 13 D
14 14 7 14 D
14 15 8 4 L
14 16 14 16 D
14 17 15 4 L
14 18 5 10 R
14 19 5 15 D
14 20 8 8 R
14 21 0 8 R
14 22 8 22 U
14 23 15 23 U
15 0 15 12 D
15 1 9 13 D
15 2 12 23 U
15 3 5 18 U
15 4 5 21 U
15 5 16 17 D
15 6 12 12 D
15 7 14 19 U
15 8 7 16 D
15 9 0 15 D
15 10 15 14 D
15 11 11 11 R
15 12 16 0 L
15 13 5 6 R
15 14 12 4 L
15 15 13 0 L
15 16 0 4 L
15 17 6 17 D
15 18 2 13 D
15 19 11 1 L
15 20 16 20 U
15 21 15 21 U
15 22 0 16 D
15 23 9 23 U
16 0 11 12 D
16 1 4 1 L
16 2 5 15 D
16 3 11 3 L
16 4 10 4 L
16 5 14 5 L
16 6 12 20 U
16 7 10 7 R
16 8 16 21 U
16 9 13 9 R
16 10 14 10 R
16 11 7 16 D
16 12 2 21 U
16 13 12 0 L
16 14 11 0 L
16 15 2 8 R
16 16 12 16 D
16 17 17 17 D
16 18 15 3 L
16 19 7 19 U
16 20 11 9 R
16 21 3 9 R
16 22 13 2 L
16 23 17 1 L
17 0 5 19 U
17 1 19 20 U
17 2 14 2 L
17 4 12 21 U
17 5 17 5 L
17 6 14 17 D
17 7 8 12 D
17 8 13 20 U
17 9 2 19 U
17 10 0 14 D
17 11 0 22 U
17 12 2 12 D
17 13 17 8 R
17 14 9 14 D
17 15 9 15 D
17 16 17 18 U
17 17 18 17 D
17 18 12 7 R
17 19 10 4 L
17 20 16 10 R
17 21 16 21 U
17 22 17 22 U
17 23 18 23 U
18 0 15 0 L
18 1 18 1 L
18 2 11 2 L
18 4 13 16 D
18 5 16 24 U
18 6 16 6 R
18 7 7 7 R
18 8 14 5 L
18 9 19 9 R
18 10 18 10 R
18 11 16 11 R
18 12 15 12 D
18 13 14 5 L
18 14 12 14 D
18 15 15 15 D
18 16 18 16 D
18 17 0 23 U
18 18 13 6 R
18 19 14 19 U
18 20 8 20 U
18 22 15 22 U
18 23 17 23 U
19 0 14 13 D
19 1 0 17 D
19 2 0 12 D
19 4 18 20 U
19 5 13 5 L
19 6 15 6 R
19 7 1 7 R
19 8 13 14 D
19 9 17 9 R
19 10 17 10 R
19 11 11 12 D
19 12 15 9 R
19 13 2 18 U
19 14 18 7 R
19 15 9 18 U
19 16 11 8 R
19 17 20 17 D
19 18 19 7 R
19 19 13 4 L
19 20 0 6 R
19 22 0 1 L
19 23 8 23 U
20 0 20 13 D
20 1 9 18 U
20 2 4 2 L
20 4 19 22 U
20 5 18 5 L
20 6 9 16 D
20 7 20 7 R
20 8 17 8 R
20 9 15 9 R
20 10 19 18 U
20 11 13 11 R
20 12 17 2 L
20 13 14 13 D
20 14 6 4 L
20 15 22 15 D
20 17 19 17 D
20 18 7 10 R
20 19 15 19 U
20 20 20 20 U
20 22 18 22 U
20 23 19 23 U
21 0 2 12 D
21 1 8 1 L
21 2 16 12 D
21 4 12 4 L
21 5 0 19 U
21 6 11 18 U
21 7 17 23 U
21 8 0 5 L
21 9 0 0 L
21 10 10 14 D
21 12 13 5 L
21 13 22 13 D
21 14 8 9 R
21 15 16 15 D
21 17 0 9 R
21 18 10 0 L
21 19 21 6 R
21 20 19 7 R
21 22 22 6 R
22 0 21 0 L
22 1 19 1 L
22 2 21 20 U
22 5 20 5 L
22 6 21 18 U
22 7 21 7 R
22 8 23 8 R
22 9 18 9 R
22 10 16 10 R
22 12 21 12 D
22 14 23 14 D
22 18 19 10 R
22 19 8 12 D
22 20 13 20 U
22 22 23 22 U
23 0 12 0 L
23 1 21 22 U
23 2 21 2 L
23 5 10 5 L
23 6 22 18 U
23 7 6 7 R
23 8 7 8 R
23 9 14 12 D
23 10 22 1 L
23 12 22 2 L
23 14 5 14 D
23 18 6 7 R
23 19 11 19 U
23 22 7 22 U
24 0 1 0 L
24 6 20 19 U
24 7 23 18 U
24 8 22 8 R
24 10 20 10 R
24 14 2 6 R
24 18 13 10 R
24 19 4 19 U
24 22 22 22 U
25 0 11 0 L
25 8 19 8 R
25 10 11 10 R
25 14 19 14 D
26 0 17 0 L

