19 20 320
18 0 0 0 0 3 0 0 15 15 13 0 0 10 0
0 0 0 10 13 9 12 0 16 0 0 0 0 14 8
7 0 15 0 18 0 0 0 14 0 15 0 0 0 12
0 1 0 0 0 8 0 0 11 3 0 0 2 0 0
17 0 0 0 0 13 0 0 0 9 0 0 0 7 0
0 0 16 0 0 0 12 13 13 0 0 0 6 5 0
0 3 0 0 1 8 0 0 2 0 0 0 3 0 16
0 5 17 0 0 0 0 13 0 0 0 0 10 0 0
9 0 0 3 3 6 16 1 0 10 0 0 13 11 0
7 0 16 0 0 8 4 5 0 7 0 13 0 13 8
0 6 3 0 0 0 0 14 9 14 14 0 7 0 0
0 0 3 10 0 15 0 0 0 0 0 0 6 0 9
4 0 0 0 0 0 0 13 3 0 0 2 0 0 5
16 0 0 0 0 15 0 1 0 8 0 0 0 5 0
18 0 0 0 0 0 14 0 0 0 0 0 14 3 4
0 0 0 0 D
0 1 0 1 D
0 2 0 2 D
0 3 0 3 D
0 4 0 4 D
0 5 0 5 R
0 6 0 6 R
0 7 0 7 R
0 8 0 8 R
0 9 0 9 R
0 10 0 10 U
0 11 0 11 U
0 12 0 12 U
0 13 0 13 U
0 14 0 14 U
0 15 0 15 L
0 16 0 16 L
0 17 0 17 L
0 18 0 18 L
0 19 0 19 L
1 0 2 18 L
1 1 12 7 R
1 2 0 16 L
1 3 2 8 R
1 4 15 17 L
1 5 0 10 U
1 6 11 0 D
1 7 12 11 U
1 8 5 18 L
1 9 6 13 U
1 10 0 5 R
1 11 5 7 R
1 12 0 2 D
1 13 0 4 D
1 14 6 9 R
1 15 0 1 D
1 16 11 4 D
1 17 7 2 D
1 18 7 4 D
1 19 7 10 U
2 0 0 15 L
2 1 6 19 L
2 2 0 6 R
2 3 15 3 D
2 4 3 9 R
2 5 0 0 D
2 6 1 1 D
2 7 5 1 D
2 8 0 13 U
2 9 0 13 U
2 10 12 19 L
2 11 7 6 R
2 12 4 19 L
2 13 12 18 L
2 14 1 14 U
2 15 8 10 U
2 16 4 14 U
2 17 5 10 U
2 18 10 18 L
2 19 13 19 L
3 0 8 16 L
3 1 0 10 U
3 2 0 13 U
3 3 10 5 R
3 4 6 8 R
3 5 0 1 D
3 6 4 2 D
3 7 6 2 D
3 8 8 12 U
3 9 4 4 D
3 10 4 15 L
3 11 1 15 L
3 12 1 12 U
3 13 0 0 D
3 14 10 7 R
3 15 11 2 D
3 16 2 12 U
3 17 9 3 D
3 18 12 13 U
3 19 9 19 L
4 0 13 19 L
4 1 11 9 R
4 2 2 19 L
4 3 5 3 D
4 4 10 7 R
4 5 3 13 U
4 6 9 3 D
4 7 3 1 D
4 8 0 2 D
4 9 6 0 D
4 10 5 5 R
4 11 5 11 U
4 12 9 16 L
4 13 11 7 R
4 15 10 15 L
4 16 12 11 U
4 17 14 1 D
4 18 3 11 U
4 19 2 19 L
5 0 6 9 R
5 1 11 6 R
5 2 2 2 D
5 3 8 18 L
5 4 4 4 D
5 5 2 12 U
5 6 13 10 U
5 7 0 17 L
5 8 1 17 L
5 9 1 9 R
5 10 6 7 R
5 11 1 8 R
5 12 3 5 R
5 13 11 13 U
5 14 10 14 U
5 15 0 5 R
5 16 11 1 D
5 17 17 17 L
5 18 11 18 L
5 19 9 19 L
6 0 0 5 R
6 1 1 1 D
6 2 10 18 L
6 3 0 7 R
6 4 0 18 L
6 5 12 0 D
6 6 1 15 L
6 7 5 4 D
6 8 3 12 U
6 9 0 0 D
6 10 10 10 U
6 11 7 11 U
6 12 3 17 L
6 13 5 8 R
6 15 0 12 U
6 16 1 1 D
6 17 8 3 D
6 18 11 18 L
6 19 0 9 R
7 0 3 0 D
7 1 9 16 L
7 2 3 6 R
7 3 5 8 R
7 4 1 16 L
7 5 8 2 D
7 6 4 4 D
7 7 1 7 R
7 8 0 3 D
7 9 6 9 R
7 10 6 1 D
7 11 3 5 R
7 12 0 9 R
7 13 3 13 U
7 14 15 14 U
7 15 0 0 D
7 16 1 6 R
7 17 0 3 D
7 18 0 7 R
7 19 10 0 D
8 0 5 6 R
8 1 4 6 R
8 2 6 16 L
8 3 5 18 L
8 4 0 13 U
8 5 0 3 D
8 6 7 11 U
8 7 4 10 U
8 8 7 8 R
8 9 0 2 D
8 10 0 0 D
8 11 2 16 L
8 12 9 18 L
8 13 0 18 L
8 14 9 19 L
8 15 6 0 D
8 16 4 13 U
8 17 14 0 D
8 18 10 3 D
8 19 4 19 L
9 0 15 15 L
9 1 15 1 D
9 2 5 2 D
9 3 5 3 D
9 4 1 4 D
9 5 10 1 D
9 6 15 10 U
9 7 4 0 D
9 8 0 14 U
9 9 13 14 U
9 10 13 6 R
9 11 0 17 L
9 12 1 12 U
9 13 4 19 L
9 14 0 3 D
9 15 1 14 U
9 16 3 14 U
9 17 1 17 L
9 18 7 18 L
9 19 0 10 U
10 0 3 5 R
10 1 4 9 R
10 2 12 2 D
10 3 7 17 L
10 4 4 4 D
10 5 1 19 L
10 6 0 11 U
10 7 13 12 U
10 8 5 11 U
10 9 14 15 L
10 10 0 8 R
10 11 15 8 R
10 12 3 9 R
10 13 2 13 U
10 14 8 6 R
10 15 15 11 U
10 16 0 11 U
10 17 0 8 R
10 18 14 1 D
11 0 1 5 R
11 3 1 8 R
11 4 3 4 D
11 5 5 4 D
11 6 13 2 D
11 7 1 7 R
11 8 3 3 D
11 9 3 16 L
11 10 0 6 R
11 11 0 15 L
11 12 8 12 U
11 13 17 6 R
11 14 6 14 U
11 15 0 10 U
11 16 3 2 D
11 17 13 12 U
11 18 2 18 L
11 19 8 4 D
12 0 11 6 R
12 1 3 7 R
12 2 4 8 R
12 3 7 3 D
12 4 8 4 D
12 5 2 10 U
12 7 15 3 D
12 8 0 19 L
12 9 13 18 L
12 10 1 5 R
12 11 11 9 R
12 12 3 6 R
12 13 5 13 U
12 15 8 2 D
12 16 10 6 R
12 18 3 12 U
12 19 0 14 U
13 0 0 11 U
13 1 3 15 L
13 2 10 14 U
13 3 0 17 L
13 4 10 8 R
13 5 6 5 R
13 7 0 12 U
13 8 4 4 D
13 9 8 9 R
13 10 0 1 D
13 11 16 15 L
13 12 14 6 R
13 14 12 6 R
13 15 1 15 L
13 16 4 16 L
13 17 0 13 U
13 18 4 1 D
13 19 2 19 L
14 0 5 5 R
14 2 7 16 L
14 3 15 13 U
14 4 5 16 L
14 5 1 5 R
14 7 3 15 L
14 8 5 8 R
14 9 16 9 R
14 10 0 16 L
14 11 13 7 R
14 12 4 1 D
14 15 0 6 R
14 16 6 3 D
14 17 1 4 D
14 18 9 18 L
14 19 13 0 D
15 0 16 17 L
15 1 9 19 L
15 2 10 15 L
15 3 14 15 L
15 4 3 16 L
15 5 0 15 L
15 7 8 11 U
15 8 17 4 D
15 9 14 9 R
15 10 3 5 R
15 11 16 5 R
15 12 10 12 U
15 14 3 16 L
15 15 2 12 U
15 16 2 10 U
15 17 5 17 L
15 18 14 4 D
15 19 10 12 U
16 0 0 19 L
16 3 2 3 D
16 4 11 7 R
16 8 9 11 U
16 10 12 5 R
16 11 9 11 U
16 15 7 1 D
16 16 6 6 R
16 18 8 18 L
17 8 11 4 D
17 10 6 5 R
17 15 11 11 U
17 16 11 16 L
18 10 6 9 R
18 15 14 7 R
18 16 12 8 R

