24 22 464
21 0 0 0 0 0 0 0 0 0 0 17 6 0 0
10 0 0 0 0 9 0 22 16 0 0 6 15 0 17
15 0 0 0 0 22 0 3 8 0 21 16 0 6 0
6 0 0 0 0 0 0 19 0 0 0 7 22 11 3
23 0 12 8 0 0 0 0 4 0 0 2 16 0 19
5 4 0 19 0 0 0 0 0 0 21 0 20 6 19
5 0 23 22 0 5 0 0 0 0 2 22 21 0 0
10 18 0 0 0 15 0 0 0 0 2 21 0 0 20
0 0 0 0 17 0 4 4 0 0 0 21 0 15 0
16 0 9 13 7 0 0 0 0 0 6 20 10 0 0
0 4 13 19 23 21 0 22 0 0 0 8 0 18 0
13 0 0 0 0 0 0 0 0 0 20 0 2 11 0
11 0 0 0 0 0 0 0 8 0 0 9 20 20 2
0 0 17 0 0 0 0 0 6 5 0 0 18 18 0
7 0 0 0 0 0 0 0 21 0 19 0 19 8 18
0 0 0 0 U
0 1 0 1 U
0 2 0 2 U
0 3 0 3 U
0 4 0 4 U
0 5 0 5 R
0 6 0 6 R
0 7 0 7 R
0 8 0 8 R
0 9 0 9 R
0 10 0 10 R
0 11 0 11 D
0 12 0 12 D
0 13 0 13 D
0 14 0 14 D
0 15 0 15 D
0 16 0 16 L
0 17 0 17 L
0 18 0 18 L
0 19 0 19 L
0 20 0 20 L
0 21 0 21 L
1 0 2 5 R
1 1 18 1 U
1 2 12 17 L
1 3 3 20 L
1 4 2 4 U
1 5 6 5 R
1 6 5 6 R
1 7 4 7 R
1 8 13 8 R
1 9 12 11 D
1 10 14 10 R
1 11 0 20 L
1 12 0 1 U
1 13 4 16 L
1 14 17 14 D
1 15 3 15 D
1 16 4 16 L
1 17 3 12 D
1 18 5 11 D
1 19 5 19 L
1 20 18 8 R
1 21 7 21 L
2 0 18 0 U
2 1 6 1 U
2 2 15 19 L
2 3 21 10 R
2 4 9 5 R
2 5 0 13 D
2 6 0 2 U
2 7 1 13 D
2 8 22 8 R
2 9 4 9 R
2 10 1 1 U
2 11 0 17 L
2 12 4 18 L
2 13 6 13 D
2 14 1 14 D
2 15 10 15 D
2 16 6 16 L
2 17 14 13 D
2 18 1 12 D
2 19 4 19 L
2 20 0 3 U
2 21 6 11 D
3 0 4 17 L
3 1 0 7 R
3 2 11 6 R
3 3 4 17 L
3 4 9 19 L
3 5 9 14 D
3 6 0 19 L
3 7 7 12 D
3 8 6 8 R
3 9 10 13 D
3 10 8 0 U
3 11 12 9 R
3 12 1 20 L
3 13 1 13 D
3 14 0 5 R
3 15 0 8 R
3 16 13 1 U
3 17 0 7 R
3 18 8 18 L
3 19 1 19 L
3 20 1 20 L
3 21 2 21 L
4 0 0 18 L
4 1 16 20 L
4 2 14 18 L
4 4 0 17 L
4 5 8 4 U
4 6 12 17 L
4 7 2 7 R
4 8 9 15 D
4 9 15 9 R
4 10 7 10 R
4 11 3 5 R
4 12 0 5 R
4 13 0 20 L
4 14 12 6 R
4 15 1 15 D
4 16 8 0 U
4 17 0 2 U
4 18 16 18 L
4 19 8 19 L
4 20 15 20 L
4 21 12 0 U
5 0 0 6 R
5 1 14 18 L
5 2 14 5 R
5 4 10 7 R
5 5 0 0 U
5 6 19 18 L
5 7 1 0 U
5 8 0 18 L
5 9 1 9 R
5 10 15 14 D
5 11 1 17 L
5 12 1 18 L
5 13 7 16 L
5 14 1 18 L
5 15 0 6 R
5 16 8 11 D
5 17 0 5 R
5 18 12 1 U
5 19 6 14 D
5 20 13 20 L
5 21 4 21 L
6 0 0 11 D
6 1 11 1 U
6 2 11 2 U
6 3 2 3 U
6 4 9 4 U
6 5 2 12 D
6 6 0 4 U
6 7 4 15 D
6 8 5 3 U
6 9 4 9 R
6 10 1 13 D
6 11 0 2 U
6 12 5 5 R
6 13 20 6 R
6 14 2 14 D
6 15 9 17 L
6 16 15 16 L
6 17 7 4 U
6 18 4 13 D
6 19 1 8 R
6 20 15 20 L
6 21 19 21 L
7 0 9 18 L
7 1 6 1 U
7 2 20 9 R
7 4 19 6 R
7 5 6 13 D
7 6 6 0 U
7 7 0 1 U
7 8 4 15 D
7 9 5 3 U
7 10 20 0 U
7 11 17 6 R
7 12 16 18 L
7 13 2 13 D
7 14 12 17 L
7 15 14 6 R
7 16 11 15 D
7 17 14 17 L
7 18 0 8 R
7 19 0 5 R
7 20 9 20 L
7 21 5 21 L
8 0 12 9 R
8 1 16 17 L
8 2 0 5 R
8 5 13 11 D
8 6 3 15 D
8 7 3 0 U
8 8 4 8 R
8 9 6 9 R
8 10 14 10 R
8 11 5 7 R
8 12 0 21 L
8 13 7 21 L
8 14 0 0 U
8 15 3 8 R
8 16 13 13 D
8 17 9 14 D
8 18 13 18 L
8 19 11 19 L
8 20 5 14 D
8 21 3 21 L
9 0 16 16 L
9 1 2 16 L
9 2 3 2 U
9 4 3 16 L
9 5 0 16 L
9 6 12 6 R
9 7 17 7 R
9 8 6 8 R
9 9 3 19 L
9 10 13 10 R
9 11 0 16 L
9 12 10 18 L
9 13 6 20 L
9 14 14 10 R
9 15 12 5 R
9 16 13 15 D
9 17 1 13 D
9 18 0 11 D
9 19 0 6 R
9 20 2 14 D
9 21 0 2 U
10 0 5 7 R
10 1 18 10 R
10 2 13 7 R
10 3 12 16 L
10 4 8 4 U
10 5 14 13 D
10 6 2 6 R
10 7 11 0 U
10 8 0 14 D
10 9 12 2 U
10 10 0 4 U
10 11 3 18 L
10 12 16 17 L
10 13 13 17 L
10 14 7 14 D
10 15 13 15 D
10 16 3 6 R
10 17 1 11 D
10 18 7 18 L
10 19 8 9 R
10 20 4 20 L
10 21 17 21 L
11 0 10 0 U
11 1 6 1 U
11 2 6 2 U
11 3 13 3 U
11 5 0 1 U
11 6 15 2 U
11 7 0 20 L
11 8 8 8 R
11 9 9 0 U
11 10 4 19 L
11 11 12 16 L
11 12 0 18 L
11 13 6 13 D
11 14 2 19 L
11 15 8 20 L
11 16 2 12 D
11 17 15 11 D
11 18 6 0 U
11 19 0 15 D
11 20 15 1 U
11 21 6 13 D
12 0 0 16 L
12 1 15 19 L
12 2 9 12 D
12 5 4 3 U
12 6 4 15 D
12 7 6 1 U
12 8 3 8 R
12 9 1 9 R
12 10 7 10 R
12 11 16 10 R
12 12 14 7 R
12 13 10 17 L
12 14 1 14 D
12 15 2 15 D
12 16 3 1 U
12 17 9 0 U
12 18 19 2 U
12 19 2 19 L
12 20 9 4 U
12 21 16 2 U
13 0 0 12 D
13 1 15 8 R
13 2 10 2 U
13 5 0 4 U
13 6 3 11 D
13 7 22 11 D
13 8 5 8 R
13 9 4 9 R
13 10 4 10 R
13 11 10 19 L
13 12 19 12 D
13 13 2 13 D
13 14 1 17 L
13 15 5 19 L
13 16 0 14 D
13 17 10 1 U
13 18 3 18 L
13 19 16 0 U
13 20 6 10 R
13 21 3 21 L
14 0 4 7 R
14 1 5 18 L
14 2 8 21 L
14 3 16 19 L
14 4 0 20 L
14 5 19 14 D
14 6 16 12 D
14 7 6 14 D
14 8 1 8 R
14 9 17 14 D
14 10 8 4 U
14 11 15 8 R
14 12 1 17 L
14 13 12 19 L
14 14 6 9 R
14 15 15 16 L
14 16 18 13 D
14 17 7 0 U
14 18 4 0 U
14 19 1 19 L
14 20 1 20 L
14 21 4 21 L
15 0 17 5 R
15 1 12 1 U
15 2 17 2 U
15 5 20 0 U
15 6 0 12 D
15 7 13 0 U
15 8 4 14 D
15 9 1 9 R
15 10 8 10 R
15 11 3 6 R
15 12 14 16 L
15 13 3 13 D
15 14 1 20 L
15 15 1 15 D
15 16 0 0 U
15 17 20 12 D
15 18 2 12 D
15 19 3 12 D
15 20 13 20 L
15 21 17 6 R
16 0 7 19 L
16 1 8 6 R
16 2 4 18 L
16 3 3 12 D
16 4 2 21 L
16 5 10 11 D
16 6 8 11 D
16 7 0 11 D
16 8 10 2 U
16 9 19 9 R
16 10 6 21 L
16 11 1 10 R
16 12 8 9 R
16 13 17 2 U
16 14 19 5 R
16 15 4 9 R
16 16 0 4 U
16 17 1 17 L
16 18 12 3 U
16 19 5 19 L
16 20 6 2 U
16 21 17 3 U
17 0 0 10 R
17 1 8 5 R
17 2 6 2 U
17 5 18 16 L
17 6 1 6 R
17 7 9 7 R
17 8 16 1 U
17 9 1 9 R
17 10 7 10 R
17 11 9 7 R
17 12 21 8 R
17 13 4 9 R
17 14 10 14 D
17 15 2 15 D
17 16 1 12 D
17 17 10 8 R
17 18 6 18 L
17 19 3 1 U
17 20 4 0 U
17 21 15 21 L
18 0 10 5 R
18 1 2 1 U
18 2 9 21 L
18 3 0 19 L
18 5 13 21 L
18 6 10 17 L
18 7 0 17 L
18 8 13 8 R
18 9 5 0 U
18 10 16 4 U
18 11 4 16 L
18 12 1 12 D
18 13 20 8 R
18 14 1 14 D
18 15 0 20 L
18 16 9 11 D
18 17 12 10 R
18 18 0 5 R
18 19 2 11 D
18 20 2 2 U
18 21 3 11 D
19 0 1 17 L
19 1 20 21 L
19 2 6 2 U
19 3 3 3 U
19 5 20 5 R
19 6 16 1 U
19 7 2 13 D
19 8 5 8 R
19 9 14 16 L
19 10 1 10 R
19 11 18 5 R
19 12 11 6 R
19 13 21 8 R
19 14 9 8 R
19 15 21 17 L
19 16 16 12 D
19 17 3 17 L
19 18 3 18 L
19 19 11 15 D
19 20 12 1 U
19 21 10 21 L
20 0 22 16 L
20 1 12 11 D
20 2 17 20 L
20 5 22 15 D
20 6 22 6 R
20 7 4 7 R
20 8 2 2 U
20 9 1 9 R
20 12 15 19 L
20 13 17 7 R
20 15 17 9 R
20 16 16 14 D
20 17 18 15 D
20 18 17 7 R
20 19 14 1 U
20 20 4 20 L
21 1 2 1 U
21 2 20 5 R
21 5 4 5 R
21 6 18 0 U
21 7 18 7 R
21 8 17 8 R
21 12 16 10 R
21 15 18 15 D
21 16 4 2 U
21 17 20 1 U
21 18 16 1 U
21 19 2 13 D
22 1 13 14 D
22 2 1 2 U
22 5 21 16 L
22 6 7 21 L
22 7 5 7 R
22 8 1 18 L
22 12 14 12 D
22 16 21 3 U
22 18 19 12 D
22 19 5 19 L
23 8 11 8 R
23 12 5 17 L
23 19 19 2 U

