32 35 903
25 22 11 14 26 0 0 0 0 0 0 0 0 0 28
0 0 0 7 0 0 0 7 0 0 0 0 0 0 25
0 0 15 0 16 0 25 0 17 0 0 0 0 26 24
0 0 0 14 0 24 9 28 19 24 0 0 0 22 0
0 0 0 0 0 0 25 15 29 0 2 0 0 12 0
0 0 15 10 20 6 6 0 0 9 25 19 0 26 0
0 0 26 10 9 9 0 15 16 0 0 0 0 19 28
0 0 0 11 22 23 0 22 0 0 6 0 0 5 4
30 3 0 8 0 0 0 0 26 0 0 0 0 0 22
7 18 27 0 26 0 0 21 2 0 23 0 0 2 22
0 26 2 2 0 0 30 9 0 0 0 0 0 0 29
0 21 0 25 27 0 0 26 22 22 0 15 0 0 23
0 13 0 24 24 13 8 12 19 23 0 0 0 0 27
0 0 10 6 25 8 19 0 0 24 0 0 0 0 29
22 14 19 24 22 1 0 0 0 0 0 0 0 0 15
0 0 0 0 L
0 1 0 1 L
0 2 0 2 L
0 3 0 3 L
0 4 0 4 L
0 5 0 5 L
0 6 0 6 L
0 7 0 7 L
0 8 0 8 L
0 9 0 9 L
0 10 0 10 R
0 11 0 11 R
0 12 0 12 R
0 13 0 13 R
0 14 0 14 R
0 15 0 15 R
0 16 0 16 R
0 17 0 17 R
0 18 0 18 R
0 19 0 19 R
0 20 0 20 D
0 21 0 21 D
0 22 0 22 D
0 23 0 23 D
0 24 0 24 D
0 25 0 25 D
0 26 0 26 D
0 27 0 27 U
0 28 0 28 U
0 29 0 29 U
0 30 0 30 U
0 31 0 31 U
0 32 0 32 U
0 33 0 33 U
0 34 0 34 U
1 0 0 20 D
1 1 9 28 U
1 2 0 10 R
1 3 18 29 U
1 4 19 25 D
1 5 0 33 U
1 6 6 6 L
1 7 5 33 U
1 8 4 8 L
1 9 12 9 L
1 10 22 28 U
1 11 15 11 R
1 12 10 31 U
1 13 3 13 R
1 14 9 14 R
1 15 5 21 D
1 16 7 16 R
1 17 10 32 U
1 18 4 18 R
1 19 20 28 U
1 20 0 14 R
1 21 0 0 L
1 22 4 14 R
1 23 3 13 R
1 24 7 13 R
1 25 2 17 R
1 26 21 12 R
1 27 18 10 R
1 28 13 2 L
1 29 23 3 L
1 30 10 30 U
1 31 2 31 U
1 32 14 32 U
1 33 15 2 L
1 34 21 19 R
2 0 10 24 D
2 1 8 27 U
2 2 6 33 U
2 3 11 3 L
2 4 22 4 L
2 5 8 27 U
2 6 0 13 R
2 7 1 7 L
2 8 4 8 L
2 9 11 9 L
2 10 0 21 D
2 11 6 11 R
2 12 1 25 D
2 13 4 13 R
2 14 13 34 U
2 15 7 15 R
2 16 14 16 R
2 17 7 17 R
2 18 20 18 R
2 19 0 4 L
2 20 17 16 R
2 21 24 12 R
2 22 21 6 L
2 23 14 8 L
2 24 24 16 R
2 25 5 2 L
2 26 6 26 D
2 27 11 24 D
2 28 13 11 R
2 29 13 4 L
2 30 20 8 L
2 31 13 31 U
2 32 3 32 U
2 33 8 33 U
2 34 1 34 U
3 0 5 20 D
3 1 14 30 U
3 2 1 22 D
3 3 0 22 D
3 4 6 4 L
3 5 13 16 R
3 6 12 26 D
3 7 5 7 L
3 8 12 8 L
3 9 2 9 L
3 10 0 23 D
3 11 10 27 U
3 12 0 0 L
3 13 2 1 L
3 14 11 30 U
3 15 4 15 R
3 16 2 16 R
3 17 1 17 R
3 18 4 18 R
3 19 2 19 R
3 20 23 12 R
3 21 0 30 U
3 22 2 5 L
3 23 2 16 R
3 24 2 24 D
3 25 13 25 D
3 26 10 34 U
3 27 1 17 R
3 28 13 28 U
3 29 4 1 L
3 30 7 30 U
3 31 7 31 U
3 32 5 4 L
3 33 24 26 D
3 34 2 34 U
4 0 22 21 D
4 1 0 12 R
4 2 0 30 U
4 3 1 3 L
4 4 1 4 L
4 5 3 5 L
4 6 2 6 L
4 7 9 23 D
4 8 2 8 L
4 9 18 9 L
4 10 8 29 U
4 11 7 31 U
4 12 0 29 U
4 13 9 30 U
4 14 9 14 R
4 15 8 15 R
4 16 2 16 R
4 17 11 17 R
4 18 8 18 R
4 19 26 20 D
4 20 6 27 U
4 21 2 1 L
4 22 0 17 R
4 23 9 7 L
4 24 2 18 R
4 25 22 7 L
4 26 2 2 L
4 27 8 21 D
4 28 3 11 R
4 29 8 29 U
4 30 15 14 R
4 31 17 6 L
4 32 9 13 R
4 33 15 16 R
4 34 1 34 U
5 0 14 31 U
5 1 7 1 L
5 2 3 2 L
5 3 13 34 U
5 4 0 28 U
5 5 23 20 D
5 6 8 25 D
5 7 2 21 D
5 8 21 33 U
5 9 8 9 L
5 10 21 1 L
5 11 4 31 U
5 12 7 12 R
5 13 11 24 D
5 14 4 14 R
5 15 9 15 R
5 16 22 30 U
5 17 3 17 R
5 18 12 18 R
5 19 2 19 R
5 20 14 1 L
5 21 0 13 R
5 22 14 12 R
5 23 10 23 D
5 24 4 24 D
5 25 1 15 R
5 26 3 26 D
5 27 0 10 R
5 28 8 28 U
5 29 9 14 R
5 30 16 3 L
5 31 1 11 R
5 32 18 4 L
5 33 10 17 R
5 34 2 16 R
6 0 4 0 L
6 1 7 1 L
6 2 0 34 U
6 3 14 27 U
6 4 16 22 D
6 5 10 27 U
6 6 26 28 U
6 7 3 7 L
6 8 4 8 L
6 9 10 24 D
6 10 16 21 D
6 11 8 27 U
6 12 1 12 R
6 13 24 32 U
6 14 0 34 U
6 15 2 15 R
6 16 1 16 R
6 17 4 17 R
6 18 7 18 R
6 19 10 19 R
6 20 0 27 U
6 21 2 21 D
6 22 0 29 U
6 23 13 11 R
6 24 9 10 R
6 25 0 32 U
6 26 18 14 R
6 27 1 15 R
6 28 13 10 R
6 29 11 12 R
6 30 13 6 L
6 31 10 13 R
6 32 3 32 U
6 33 8 11 R
6 34 3 34 U
7 0 6 29 U
7 1 2 21 D
7 2 20 11 R
7 3 0 11 R
7 4 9 29 U
7 5 2 5 L
7 6 22 33 U
7 7 1 7 L
7 8 2 8 L
7 9 3 21 D
7 10 18 20 D
7 11 12 11 R
7 12 2 12 R
7 13 0 4 L
7 14 9 14 R
7 15 12 0 L
7 16 11 16 R
7 17 16 4 L
7 18 1 18 R
7 19 4 19 R
7 20 9 5 L
7 21 8 21 D
7 22 13 18 R
7 23 0 32 U
7 24 12 5 L
7 25 2 25 D
7 26 20 0 L
7 27 1 12 R
7 28 8 12 R
7 29 0 1 L
7 30 1 22 D
7 31 1 18 R
7 32 3 32 U
7 33 13 33 U
7 34 18 15 R
8 0 19 22 D
8 1 3 1 L
8 2 18 21 D
8 3 12 13 R
8 4 6 33 U
8 5 4 5 L
8 6 19 6 L
8 7 0 16 R
8 8 9 8 L
8 10 3 24 D
8 11 22 32 U
8 12 17 29 U
8 13 2 13 R
8 14 20 20 D
8 15 0 26 D
8 16 2 25 D
8 17 12 33 U
8 18 19 18 R
8 19 4 19 R
8 20 12 0 L
8 21 1 21 D
8 22 20 13 R
8 23 5 23 D
8 24 5 19 R
8 25 5 25 D
8 26 13 4 L
8 27 7 10 R
8 28 0 12 R
8 29 9 20 D
8 30 4 25 D
8 31 15 31 U
8 32 7 8 L
8 33 0 26 D
8 34 13 34 U
9 0 2 28 U
9 1 0 31 U
9 2 20 20 D
9 3 13 29 U
9 4 3 4 L
9 5 28 5 L
9 6 4 6 L
9 7 6 7 L
9 8 10 8 L
9 10 5 0 L
9 11 16 28 U
9 12 17 12 R
9 13 24 33 U
9 14 23 14 R
9 15 12 30 U
9 16 2 16 R
9 17 12 21 D
9 18 10 33 U
9 19 13 19 R
9 20 17 2 L
9 21 5 15 R
9 22 13 22 D
9 23 17 4 L
9 24 5 11 R
9 25 6 10 R
9 26 22 26 D
9 27 4 11 R
9 28 5 5 L
9 29 8 24 D
9 30 15 7 L
9 31 17 15 R
9 32 15 11 R
9 33 5 19 R
9 34 24 11 R
10 0 20 20 D
10 1 8 1 L
10 2 20 2 L
10 3 2 25 D
10 4 2 26 D
10 5 22 25 D
10 6 17 21 D
10 7 7 7 L
10 8 12 8 L
10 9 2 9 L
10 10 20 0 L
10 11 3 11 R
10 12 6 12 R
10 13 4 20 D
10 14 11 33 U
10 15 12 15 R
10 16 1 34 U
10 17 5 17 R
10 18 22 33 U
10 19 3 19 R
10 20 2 4 L
10 21 15 21 D
10 22 16 1 L
10 23 15 14 R
10 24 21 2 L
10 25 13 5 L
10 26 8 15 R
10 27 0 15 R
10 28 2 2 L
10 29 5 29 U
10 30 27 12 R
10 31 3 0 L
10 32 13 32 U
10 33 11 25 D
10 34 0 20 D
11 0 1 0 L
11 1 14 20 D
11 2 10 2 L
11 3 12 24 D
11 4 4 25 D
11 5 16 22 D
11 6 6 13 R
11 7 2 7 L
11 8 20 8 L
11 10 17 23 D
11 11 7 11 R
11 12 6 12 R
11 13 8 13 R
11 14 19 21 D
11 15 9 5 L
11 16 10 16 R
11 17 7 17 R
11 18 24 18 R
11 19 15 24 D
11 20 0 16 R
11 21 0 2 L
11 22 2 10 R
11 23 3 3 L
11 24 4 24 D
11 25 18 6 L
11 26 16 7 L
11 27 21 3 L
11 28 0 20 D
11 29 8 17 R
11 30 13 2 L
11 31 6 13 R
11 32 3 15 R
11 33 15 14 R
11 34 13 26 D
12 0 18 25 D
12 1 27 31 U
12 2 6 2 L
12 3 8 3 L
12 4 19 32 U
12 5 16 26 D
12 6 11 6 L
12 7 23 24 D
12 8 1 8 L
12 10 10 0 L
12 11 8 33 U
12 12 24 2 L
12 13 15 29 U
12 14 3 3 L
12 15 0 32 U
12 16 1 22 D
12 17 0 21 D
12 18 8 18 R
12 20 18 3 L
12 21 14 8 L
12 22 3 1 L
12 23 7 1 L
12 24 8 6 L
12 25 10 4 L
12 26 17 5 L
12 27 0 0 L
12 28 19 3 L
12 29 5 29 U
12 30 9 5 L
12 31 3 13 R
12 32 3 32 U
12 33 22 7 L
12 34 5 3 L
13 0 23 23 D
13 1 14 29 U
13 2 1 27 U
13 3 15 34 U
13 4 2 4 L
13 5 3 5 L
13 6 10 27 U
13 7 1 7 L
13 8 17 25 D
13 10 0 22 D
13 11 21 8 L
13 12 24 20 D
13 13 1 13 R
13 14 16 22 D
13 15 7 31 U
13 16 14 2 L
13 17 8 17 R
13 18 19 23 D
13 20 0 10 R
13 21 4 11 R
13 22 21 22 D
13 23 1 23 D
13 24 3 24 D
13 25 10 25 D
13 26 2 7 L
13 27 2 22 D
13 28 14 6 L
13 29 10 29 U
13 30 3 30 U
13 31 18 10 R
13 32 1 32 U
13 33 3 33 U
13 34 25 17 R
14 0 5 34 U
14 1 4 20 D
14 2 9 2 L
14 3 6 33 U
14 4 9 4 L
14 5 13 15 R
14 6 2 6 L
14 7 3 7 L
14 8 5 29 U
14 10 0 2 L
14 11 1 0 L
14 12 16 30 U
14 13 16 30 U
14 14 18 28 U
14 15 12 24 D
14 16 1 16 R
14 17 20 34 U
14 18 4 4 L
14 19 2 19 R
14 20 1 13 R
14 21 8 10 R
14 22 3 10 R
14 23 3 29 U
14 24 19 14 R
14 25 2 25 D
14 26 5 3 L
14 27 21 23 D
14 28 11 2 L
14 29 17 11 R
14 30 1 30 U
14 31 10 0 L
14 32 6 32 U
14 33 1 14 R
14 34 16 34 U
15 0 3 22 D
15 1 0 21 D
15 2 17 22 D
15 3 7 23 D
15 4 20 26 D
15 5 17 31 U
15 6 14 32 U
15 7 10 25 D
15 8 11 26 D
15 9 25 9 L
15 10 3 32 U
15 11 13 4 L
15 12 0 31 U
15 13 12 7 L
15 14 0 1 L
15 15 12 31 U
15 16 4 33 U
15 17 20 29 U
15 18 6 24 D
15 20 4 7 L
15 21 4 31 U
15 22 4 30 U
15 23 9 3 L
15 24 16 12 R
15 25 8 25 D
15 26 3 14 R
15 27 7 17 R
15 28 19 9 L
15 29 25 14 R
15 30 18 18 R
15 31 0 25 D
15 32 19 2 L
15 33 8 3 L
15 34 1 34 U
16 0 20 26 D
16 1 22 24 D
16 2 5 23 D
16 3 17 14 R
16 4 2 27 U
16 5 3 23 D
16 6 15 24 D
16 7 24 29 U
16 8 18 31 U
16 9 25 20 D
16 10 9 27 U
16 11 15 1 L
16 12 5 28 U
16 13 10 13 R
16 14 14 32 U
16 15 11 15 R
16 16 13 28 U
16 17 12 22 D
16 18 20 3 L
16 20 9 7 L
16 21 8 6 L
16 22 0 1 L
16 23 11 0 L
16 24 21 7 L
16 25 18 15 R
16 26 8 8 L
16 27 13 2 L
16 28 14 10 R
16 29 11 2 L
16 30 0 13 R
16 31 4 0 L
16 32 8 16 R
16 33 24 4 L
16 34 0 11 R
17 0 0 32 U
17 1 4 22 D
17 2 1 2 L
17 3 23 3 L
17 4 0 14 R
17 5 29 5 L
17 6 13 29 U
17 7 11 28 U
17 8 22 22 D
17 9 14 27 U
17 10 10 27 U
17 11 15 27 U
17 12 2 12 R
17 13 0 24 D
17 14 7 32 U
17 15 12 15 R
17 16 8 25 D
17 17 1 17 R
17 18 22 31 U
17 20 19 4 L
17 21 1 3 L
17 22 18 16 R
17 23 18 5 L
17 24 18 18 R
17 25 13 12 R
17 26 25 16 R
17 27 21 11 R
17 28 26 4 L
17 29 14 16 R
17 30 16 12 R
17 31 14 7 L
17 32 13 6 L
17 33 22 33 U
17 34 9 34 U
18 0 15 20 D
18 1 9 26 D
18 2 2 29 U
18 3 19 20 D
18 4 23 25 D
18 5 17 29 U
18 6 9 27 U
18 7 14 20 D
18 8 9 15 R
18 10 14 26 D
18 11 12 0 L
18 12 15 29 U
18 13 4 29 U
18 14 9 31 U
18 15 7 32 U
18 16 13 20 D
18 17 3 17 R
18 18 3 18 R
18 19 16 5 L
18 20 19 8 L
18 21 9 18 R
18 22 2 22 D
18 23 2 8 L
18 24 23 4 L
18 25 19 14 R
18 26 2 26 D
18 27 7 0 L
18 28 30 7 L
18 29 6 12 R
18 30 3 10 R
18 31 21 8 L
18 32 12 3 L
18 33 2 0 L
18 34 15 18 R
19 0 25 10 R
19 1 16 13 R
19 2 2 2 L
19 3 25 21 D
19 4 7 4 L
19 5 26 30 U
19 6 27 6 L
19 7 0 12 R
19 8 17 34 U
19 10 9 24 D
19 11 21 22 D
19 12 12 32 U
19 13 12 31 U
19 14 21 14 R
19 15 2 15 R
19 16 3 16 R
19 17 20 31 U
19 18 17 20 D
19 20 15 0 L
19 21 21 30 U
19 22 4 6 L
19 23 26 10 R
19 24 15 1 L
19 25 11 25 D
19 26 0 18 R
19 27 20 13 R
19 28 20 5 L
19 29 18 12 R
19 30 9 12 R
19 31 18 17 R
19 32 2 32 U
19 33 3 33 U
19 34 11 26 D
20 1 5 11 R
20 2 2 2 L
20 3 5 3 L
20 4 4 4 L
20 5 2 5 L
20 6 3 6 L
20 7 17 15 R
20 8 1 8 L
20 10 3 0 L
20 11 19 32 U
20 12 9 12 R
20 13 19 8 L
20 14 3 14 R
20 15 11 23 D
20 16 14 16 R
20 17 18 20 D
20 18 23 30 U
20 20 0 12 R
20 21 19 13 R
20 22 24 0 L
20 23 24 28 U
20 24 26 30 U
20 25 15 3 L
20 26 1 4 L
20 27 3 12 R
20 28 2 7 L
20 30 18 2 L
20 31 23 11 R
20 32 25 1 L
20 33 2 33 U
20 34 11 11 R
21 0 13 27 U
21 1 13 21 D
21 2 2 2 L
21 3 15 28 U
21 4 9 31 U
21 5 2 5 L
21 7 9 13 R
21 8 6 8 L
21 10 5 22 D
21 11 10 30 U
21 12 2 30 U
21 13 12 22 D
21 14 9 28 U
21 15 22 28 U
21 16 18 23 D
21 17 8 27 U
21 18 25 29 U
21 21 7 1 L
21 22 9 2 L
21 23 8 1 L
21 24 25 24 D
21 25 14 25 D
21 26 11 17 R
21 27 11 10 R
21 28 25 14 R
21 29 8 14 R
21 30 25 13 R
21 31 8 24 D
21 32 19 18 R
21 33 17 33 U
21 34 18 8 L
22 1 14 22 D
22 2 8 24 D
22 3 27 3 L
22 4 9 34 U
22 5 7 24 D
22 7 10 34 U
22 8 3 8 L
22 10 2 3 L
22 11 0 20 D
22 12 0 27 U
22 14 28 14 R
22 15 12 28 U
22 16 12 26 D
22 17 18 2 L
22 18 0 31 U
22 20 21 9 L
22 21 15 27 U
22 22 16 2 L
22 23 6 23 D
22 24 20 3 L
22 25 4 25 D
22 26 19 26 D
22 27 3 20 D
22 28 16 13 R
22 29 12 15 R
22 30 25 14 R
22 31 19 9 L
22 32 13 32 U
22 33 16 5 L
22 34 23 34 U
23 0 6 23 D
23 1 2 27 U
23 2 6 2 L
23 3 31 26 D
23 4 11 4 L
23 6 3 32 U
23 8 4 8 L
23 10 16 0 L
23 11 1 23 D
23 12 9 12 R
23 14 1 26 D
23 15 3 15 R
23 16 29 16 R
23 17 12 17 R
23 18 2 18 R
23 20 26 11 R
23 21 16 6 L
23 24 21 4 L
23 25 4 11 R
23 26 20 19 R
23 27 4 10 R
23 28 5 6 L
23 29 10 11 R
23 30 13 30 U
23 31 4 17 R
23 32 15 10 R
23 34 13 34 U
24 1 22 30 U
24 2 18 34 U
24 3 23 30 U
24 4 19 4 L
24 5 23 5 L
24 6 9 11 R
24 7 6 26 D
24 8 1 8 L
24 10 29 30 U
24 11 28 33 U
24 12 10 20 D
24 13 22 27 U
24 14 27 14 R
24 15 9 25 D
24 16 25 7 L
24 17 15 6 L
24 18 17 26 D
24 21 22 27 U
24 22 1 16 R
24 24 20 0 L
24 25 18 13 R
24 26 5 1 L
24 27 14 11 R
24 28 25 9 L
24 29 16 10 R
24 31 9 1 L
24 32 19 24 D
24 34 3 15 R
25 1 23 25 D
25 2 9 2 L
25 3 6 3 L
25 4 21 23 D
25 7 26 31 U
25 8 5 23 D
25 9 4 25 D
25 10 17 29 U
25 11 5 23 D
25 12 14 6 L
25 14 9 14 R
25 15 24 15 R
25 16 9 23 D
25 17 7 7 L
25 18 10 18 R
25 21 23 11 R
25 24 14 24 D
25 25 22 5 L
25 26 10 26 D
25 27 16 18 R
25 28 23 21 D
25 29 10 15 R
25 31 14 22 D
25 32 24 32 U
25 34 2 34 U
26 1 21 1 L
26 2 25 31 U
26 3 2 3 L
26 4 2 4 L
26 11 19 25 D
26 12 4 12 R
26 14 22 29 U
26 15 2 15 R
26 16 25 23 D
26 17 16 22 D
26 22 19 17 R
26 23 6 18 R
26 24 25 2 L
26 25 1 4 L
26 26 15 17 R
26 27 21 19 R
26 28 18 28 U
26 34 1 34 U
27 1 12 27 U
27 2 26 2 L
27 3 9 22 D
27 4 1 32 U
27 12 2 12 R
27 13 23 24 D
27 14 4 14 R
27 16 12 9 L
27 17 9 17 R
27 25 21 11 R
28 2 27 2 L
28 3 4 3 L
28 4 0 18 R
28 12 18 1 L
28 16 12 16 R
28 17 2 17 R
28 25 26 6 L
29 3 5 11 R
29 4 24 4 L
29 12 22 3 L
29 16 24 3 L
29 17 4 17 R
29 25 28 3 L
30 4 7 21 D
30 12 22 12 R
30 17 2 22 D
31 17 4 17 R

