21 24 458
15 0 16 18 20 0 0 19 0 4 0 18 0 10 0 18 0 0 0 0
4 0 12 0 0 0 0 0 8 7 0 0 2 0 3 12 0 2 13 0
0 3 3 19 15 8 7 8 0 11 0 13 0 17 0 19 11 0 18 0
0 15 0 17 19 0 18 0 13 0 5 8 0 11 13 0 11 0 12 7
0 14 1 0 0 15 15 16 0 16 15 14 2 9 5 0 8 1 0 0
2 13 12 11 17 11 0 1 8 0 2 4 6 0 4 4 0 0 0 0
16 0 0 0 17 14 0 0 0 0 13 0 4 17 17 0 9 0 2 4
2 3 14 0 4 0 0 14 0 15 17 13 11 0 0 0 11 0 10 0
15 1 0 3 0 16 0 17 0 0 0 0 11 18 16 0 18 0 0 10
3 10 11 0 0 2 12 0 0 0 13 4 0 14 0 0 0 0 0 18
2 0 0 8 5 0 0 16 0 14 0 0 0 0 0 0 3 2 10 19
14 0 9 14 0 6 0 0 18 0 19 11 0 14 18 15 0 0 0 0
6 3 0 15 5 17 0 18 0 13 0 1 9 0 0 11 18 1 0 0
1 0 8 0 1 12 17 0 1 0 0 0 0 12 0 0 8 0 5 0
0 19 15 15 0 0 0 0 0 20 0 19 16 0 14 0 4 11 1 0
0 15 10 0 13 12 0 17 9 0 3 0 2 11 3 10 6 0 1 15
1 17 0 17 11 17 0 9 2 15 12 0 1 0 0 9 0 0 1 0
11 0 0 6 0 17 15 2 6 0 20 0 0 0 19 0 0 0 0 18
1 0 10 13 12 17 0 0 0 14 3 0 5 0 0 8 0 0 0 7
4 0 0 1 0 1 18 1 0 0 0 19 7 0 3 0 0 3 0 0
0 0 0 0 L
0 1 0 1 L
0 2 0 2 L
0 3 0 3 L
0 4 0 4 L
0 5 0 5 L
0 6 0 6 R
0 7 0 7 R
0 8 0 8 R
0 9 0 9 R
0 10 0 10 R
0 11 0 11 R
0 12 0 12 D
0 13 0 13 D
0 14 0 14 D
0 15 0 15 D
0 16 0 16 D
0 17 0 17 D
0 18 0 18 U
0 19 0 19 U
0 20 0 20 U
0 21 0 21 U
0 22 0 22 U
0 23 0 23 U
1 0 0 18 U
1 1 0 12 D
1 2 0 19 U
1 3 0 9 R
1 4 0 7 R
1 5 0 6 R
1 6 0 18 U
1 7 0 0 L
1 8 0 0 L
1 9 0 2 L
1 10 0 14 D
1 11 0 1 L
1 12 0 6 R
1 13 0 18 U
1 14 3 19 U
1 15 0 19 U
1 16 0 7 R
1 17 0 20 U
1 18 0 12 D
1 19 0 8 R
1 20 0 10 R
1 21 0 6 R
1 22 0 7 R
1 23 0 12 D
2 0 0 13 D
2 1 1 1 L
2 2 0 6 R
2 3 2 3 L
2 4 3 4 L
2 5 2 5 L
2 6 0 12 D
2 7 1 7 R
2 8 2 8 R
2 9 1 9 R
2 10 1 10 R
2 11 3 11 R
2 12 0 7 R
2 13 2 13 D
2 14 3 14 D
2 15 0 4 L
2 16 2 16 D
2 17 5 17 D
2 18 0 1 L
2 19 2 19 U
2 20 0 11 R
2 21 2 21 U
2 22 1 22 U
2 23 6 23 U
3 0 0 20 U
3 1 0 15 D
3 2 3 2 L
3 3 1 3 L
3 4 0 18 U
3 5 1 5 L
3 6 0 19 U
3 7 0 20 U
3 8 0 12 D
3 9 3 9 R
3 10 2 10 R
3 11 5 11 R
3 12 0 3 L
3 13 0 2 L
3 14 2 14 D
3 15 0 5 L
3 16 1 16 D
3 17 3 20 U
3 18 0 6 R
3 19 0 0 L
3 20 1 20 U
3 21 5 6 R
3 22 3 22 U
3 23 5 23 U
4 0 0 21 U
4 1 0 6 R
4 2 0 17 D
4 3 0 16 D
4 4 6 4 L
4 5 5 5 L
4 6 0 13 D
4 7 2 2 L
4 8 0 15 D
4 9 4 9 R
4 10 0 19 U
4 11 0 16 D
4 12 0 18 U
4 13 4 13 D
4 14 1 1 L
4 15 0 8 R
4 16 0 4 L
4 17 3 3 L
4 18 0 3 L
4 19 1 19 U
4 20 3 1 L
4 21 4 11 R
4 22 4 3 L
4 23 2 23 U
5 0 0 10 R
5 1 3 15 D
5 2 5 21 U
5 3 0 17 D
5 4 3 12 D
5 5 5 21 U
5 6 3 13 D
5 7 3 19 U
5 8 5 8 R
5 9 0 3 L
5 10 4 10 R
5 11 0 14 D
5 12 5 12 D
5 13 1 10 R
5 14 0 0 L
5 15 0 22 U
5 16 5 16 D
5 17 6 17 D
5 18 0 7 R
5 19 0 11 R
5 20 0 9 R
5 21 6 5 L
5 22 2 10 R
5 23 7 14 D
6 0 0 22 U
6 1 3 23 U
6 2 4 2 L
6 3 6 3 L
6 4 9 4 L
6 5 2 6 R
6 6 1 0 L
6 7 4 19 U
6 8 1 23 U
6 9 2 9 R
6 10 2 2 L
6 11 4 11 R
6 12 2 6 R
6 13 0 9 R
6 14 3 10 R
6 15 8 15 D
6 16 3 21 U
6 17 2 17 D
6 18 4 6 R
6 19 5 1 L
6 20 0 2 L
6 21 0 15 D
6 22 6 22 U
6 23 7 23 U
7 0 4 22 U
7 1 7 1 L
7 2 5 20 U
7 3 2 20 U
7 4 9 18 U
7 5 4 5 L
7 6 7 6 R
7 7 1 16 D
7 8 6 14 D
7 9 3 18 U
7 10 1 13 D
7 11 7 11 R
7 12 3 12 D
7 13 4 3 L
7 14 0 4 L
7 15 7 15 D
7 16 2 8 R
7 17 9 17 D
7 18 4 0 L
7 19 2 0 L
7 20 4 20 U
7 21 2 15 D
7 22 5 22 U
7 23 6 8 R
8 0 2 19 U
8 1 0 11 R
8 2 2 14 D
8 3 5 3 L
8 4 2 4 L
8 5 6 20 U
8 6 8 21 U
8 7 8 7 R
8 8 4 8 R
8 9 1 21 U
8 10 3 10 R
8 11 6 11 R
8 12 7 6 R
8 13 6 13 D
8 14 6 1 L
8 15 0 11 R
8 16 6 16 D
8 17 9 6 R
8 18 7 1 L
8 19 1 0 L
8 20 0 14 D
8 21 7 21 U
8 22 4 22 U
8 23 4 23 U
9 0 7 0 L
9 1 2 15 D
9 2 8 2 L
9 3 1 12 D
9 4 8 13 D
9 5 13 5 L
9 6 9 15 D
9 7 2 23 U
9 8 8 19 U
9 9 5 3 L
9 10 9 14 D
9 11 0 21 U
9 12 3 6 R
9 13 8 7 R
9 14 6 8 R
9 15 3 1 L
9 16 1 2 L
9 17 7 17 D
9 18 8 18 U
9 19 0 5 L
9 20 8 20 U
9 21 6 21 U
9 22 7 8 R
9 23 3 23 U
10 0 1 0 L
10 1 2 12 D
10 2 12 2 L
10 3 5 21 U
10 4 3 17 D
10 5 0 11 R
10 6 4 13 D
10 7 6 17 D
10 8 6 8 R
10 9 9 9 R
10 10 11 12 D
10 11 5 15 D
10 12 1 0 L
10 13 7 13 D
10 14 9 14 D
10 15 10 15 D
10 16 3 16 D
10 17 8 17 D
10 18 1 11 R
10 19 9 9 R
10 20 4 11 R
10 21 0 7 R
10 22 2 4 L
10 23 9 4 L
11 0 5 15 D
11 1 4 13 D
11 2 7 2 L
11 3 8 3 L
11 4 12 4 L
11 5 14 5 L
11 6 3 15 D
11 7 8 12 D
11 8 4 17 D
11 9 9 22 U
11 10 12 10 R
11 11 9 11 R
11 12 10 0 L
11 13 7 19 U
11 14 2 10 R
11 15 10 11 R
11 16 10 16 D
11 17 7 0 L
11 18 1 6 R
11 19 6 1 L
11 20 10 20 U
11 21 6 7 R
11 22 8 22 U
11 23 8 23 U
12 0 11 0 L
12 1 11 13 D
12 2 10 21 U
12 3 3 16 D
12 4 2 11 R
12 5 20 5 L
12 6 1 22 U
12 7 10 7 R
12 8 2 14 D
12 9 10 9 R
12 10 11 19 U
12 11 2 21 U
12 12 0 1 L
12 13 12 13 D
12 14 10 14 D
12 15 2 15 D
12 16 10 9 R
12 17 16 10 R
12 18 2 8 R
12 19 9 19 U
12 20 9 20 U
12 21 13 2 L
12 22 9 22 U
12 23 13 23 U
13 0 2 8 R
13 1 11 18 U
13 2 0 23 U
13 3 4 23 U
13 4 17 4 L
13 5 17 5 L
13 6 9 13 D
13 7 6 20 U
13 8 11 8 R
13 9 5 12 D
13 10 14 13 D
13 11 1 11 R
13 12 6 9 R
13 13 8 13 D
13 14 5 9 R
13 15 11 9 R
13 16 12 16 D
13 17 10 0 L
13 18 13 0 L
13 19 5 19 U
13 20 6 20 U
13 21 1 3 L
13 22 1 8 R
13 23 9 7 R
14 0 1 16 D
14 1 11 19 U
14 2 0 13 D
14 3 14 13 D
14 4 17 22 U
14 5 16 5 L
14 6 0 22 U
14 7 9 0 L
14 8 3 8 R
14 9 11 18 U
14 10 13 10 R
14 11 14 11 R
14 12 15 2 L
14 13 13 6 R
14 14 13 0 L
14 15 11 15 D
14 16 13 16 D
14 17 17 17 D
14 18 13 18 U
14 19 12 0 L
14 20 13 20 U
14 21 15 21 U
14 22 11 22 U
14 23 14 23 U
15 0 16 0 L
15 1 4 16 D
15 2 14 2 L
15 3 16 3 L
15 4 16 7 R
15 6 10 15 D
15 7 14 7 R
15 8 6 15 D
15 9 15 20 U
15 10 16 15 D
15 11 3 23 U
15 12 15 1 L
15 13 10 13 D
15 14 13 14 D
15 15 12 15 D
15 16 13 8 R
15 17 12 17 D
15 18 12 18 U
15 19 0 6 R
15 20 14 20 U
15 21 16 21 U
15 22 11 9 R
15 23 10 23 U
16 0 8 0 L
16 1 6 19 U
16 2 16 18 U
16 3 3 3 L
16 4 20 4 L
16 6 13 6 R
16 7 6 7 R
16 8 3 23 U
16 9 10 13 D
16 10 17 10 R
16 11 16 11 R
16 12 15 12 D
16 13 13 13 D
16 14 12 14 D
16 15 0 21 U
16 16 14 16 D
16 17 14 17 D
16 18 11 6 R
16 19 3 19 U
16 20 12 20 U
16 21 11 2 L
16 22 16 4 L
16 23 0 4 L
17 0 15 17 D
17 1 6 11 R
17 2 12 18 U
17 3 17 19 U
17 4 19 4 L
17 6 14 14 D
17 7 10 12 D
17 8 10 14 D
17 9 17 9 R
17 10 11 22 U
17 11 12 11 R
17 12 11 10 R
17 13 9 1 L
17 14 6 3 L
17 15 17 15 D
17 16 0 10 R
17 17 16 17 D
17 18 0 8 R
17 19 0 16 D
17 20 15 20 U
17 21 12 21 U
18 0 0 17 D
18 2 5 13 D
18 4 15 4 L
18 6 1 6 R
18 7 6 16 D
18 8 0 2 L
18 9 11 21 U
18 10 16 23 U
18 11 0 0 L
18 13 7 10 R
18 15 8 6 R
18 16 8 16 D
18 18 9 8 R
18 20 2 8 R
18 21 15 5 L
19 2 16 22 U
19 6 7 18 U
19 7 15 7 R
19 8 15 8 R
19 9 12 9 R
19 10 16 10 R
19 11 15 11 R
19 13 12 6 R
19 18 8 2 L
19 20 16 20 U
19 21 17 21 U
20 2 15 2 L
20 7 4 7 R
20 8 18 8 R
20 9 6 9 R
20 11 15 15 D

