25 17 378
0 15 0 22 0 8 10 23 12 0 0 20 0 0 0 0 19
0 0 0 0 0 0 0 0 23 2 0 0 14 0 0 4 0
0 0 0 16 0 0 16 0 0 14 0 0 0 0 0 0 15
0 0 0 0 0 14 14 0 0 15 0 8 0 0 0 12 0
0 13 11 22 0 2 21 0 13 4 0 0 0 0 0 0 0
0 0 0 0 4 0 23 0 0 0 0 0 10 0 0 0 12
20 7 20 0 0 12 21 0 22 20 0 9 0 0 0 0 0
12 0 4 0 21 0 0 0 1 0 0 0 0 0 8 0 0
7 21 0 0 0 19 0 21 0 0 0 7 0 4 15 0 0
0 1 0 0 2 0 0 22 0 0 0 0 0 0 0 6 0
0 0 13 0 2 0 0 15 0 17 0 10 4 0 0 0 0
0 0 0 0 0 0 0 22 6 0 0 3 0 0 0 0 8
0 19 0 0 11 0 0 0 0 0 0 0 0 0 0 17 0
14 0 0 0 0 0 0 21 12 13 0 0 18 14 0 0 0
0 20 0 0 0 0 22 12 0 0 0 0 0 22 11 0 0
0 18 0 0 0 0 0 0 0 0 0 0 0 5 0 0 0
0 17 17 0 0 0 0 0 0 0 0 0 0 2 2 0 0
0 0 0 0 L
0 1 0 1 L
0 2 0 2 L
0 3 0 3 L
0 4 0 4 R
0 5 0 5 R
0 6 0 6 R
0 7 0 7 R
0 8 0 8 D
0 9 0 9 D
0 10 0 10 D
0 11 0 11 D
0 12 0 12 D
0 13 0 13 U
0 14 0 14 U
0 15 0 15 U
0 16 0 16 U
1 0 0 8 D
1 1 5 15 U
1 2 4 2 L
1 3 18 14 U
1 4 0 8 D
1 5 11 10 D
1 6 9 11 D
1 7 11 12 D
1 8 0 4 R
1 9 10 9 D
1 10 13 10 D
1 11 6 11 D
1 12 9 12 D
1 13 5 0 L
1 14 11 2 L
1 15 0 1 L
1 16 0 2 L
2 0 9 13 U
2 1 0 15 U
2 2 11 8 D
2 3 0 10 D
2 4 11 4 R
2 5 1 5 R
2 6 16 6 R
2 7 11 7 R
2 8 0 16 U
2 9 3 1 L
2 10 11 2 L
2 11 4 11 D
2 12 13 12 D
2 13 4 4 R
2 14 7 6 R
2 15 1 15 U
2 16 7 16 U
3 0 8 15 U
3 1 2 9 D
3 2 1 2 L
3 3 19 10 D
3 4 14 13 U
3 5 11 2 L
3 6 8 6 R
3 7 5 9 D
3 8 2 16 U
3 9 11 2 L
3 10 2 5 R
3 11 0 3 L
3 12 9 12 D
3 13 4 1 L
3 14 12 0 L
3 15 1 3 L
3 16 2 3 L
4 0 13 8 D
4 1 0 14 U
4 2 5 9 D
4 3 9 10 D
4 4 0 0 L
4 5 6 8 D
4 6 0 2 L
4 7 6 3 L
4 8 13 1 L
4 9 0 1 L
4 10 0 2 L
4 11 3 11 D
4 12 15 12 D
4 13 14 4 R
4 14 5 4 R
4 15 0 3 L
4 16 2 16 U
5 0 9 4 R
5 1 7 15 U
5 2 13 13 U
5 3 8 15 U
5 4 1 11 D
5 5 3 9 D
5 6 2 6 R
5 7 6 7 R
5 8 10 0 L
5 9 13 9 D
5 10 15 10 D
5 11 2 11 D
5 12 7 12 D
5 13 3 6 R
5 14 7 14 U
5 15 1 15 U
5 16 18 4 R
6 0 0 4 R
6 1 19 9 D
6 2 12 16 U
6 3 17 11 D
6 4 2 12 D
6 5 1 9 D
6 6 8 6 R
6 7 18 7 R
6 8 2 3 L
6 9 11 4 R
6 10 11 4 R
6 11 3 11 D
6 12 4 4 R
6 13 0 0 L
6 14 18 3 L
6 15 20 7 R
6 16 3 5 R
7 0 13 10 D
7 1 4 8 D
7 2 6 10 D
7 3 14 9 D
7 4 20 13 U
7 5 0 16 U
7 6 19 2 L
7 7 11 7 R
7 8 3 0 L
7 9 17 4 R
7 10 13 10 D
7 11 12 7 R
7 12 2 12 D
7 13 15 13 U
7 14 14 14 U
7 15 15 6 R
7 16 13 16 U
8 0 20 8 D
8 1 18 12 D
8 2 1 2 L
8 3 2 3 L
8 4 4 16 U
8 5 15 5 R
8 6 0 9 D
8 7 0 1 L
8 8 0 0 L
8 9 5 9 D
8 10 17 6 R
8 11 13 13 U
8 12 10 4 R
8 13 13 0 L
8 14 17 12 D
8 15 17 4 R
8 16 10 3 L
9 0 5 11 D
9 1 6 1 L
9 2 13 5 R
9 3 10 14 U
9 4 17 8 D
9 5 0 11 D
9 6 18 11 D
9 7 3 8 D
9 8 4 4 R
9 9 2 7 R
9 10 5 7 R
9 11 12 6 R
9 12 6 6 R
9 13 8 2 L
9 14 6 3 L
9 15 2 7 R
9 16 1 16 U
10 0 8 0 L
10 1 17 16 U
10 2 21 16 U
10 3 3 3 L
10 4 11 13 U
10 5 3 8 D
10 6 1 11 D
10 7 9 11 D
10 8 2 5 R
10 9 3 7 R
10 10 12 5 R
10 11 15 11 D
10 12 9 7 R
10 13 5 5 R
10 14 5 14 U
10 15 12 15 U
10 16 5 16 U
11 0 10 16 U
11 1 6 1 L
11 2 6 2 L
11 3 12 3 L
11 4 1 8 D
11 5 19 14 U
11 6 5 10 D
11 7 8 7 R
11 8 17 0 L
11 9 8 0 L
11 10 19 6 R
11 11 0 1 L
11 12 10 12 D
11 13 2 1 L
11 14 13 0 L
11 15 9 1 L
11 16 15 1 L
12 0 6 14 U
12 1 0 13 U
12 2 6 2 L
12 3 11 16 U
12 4 4 0 L
12 5 0 13 U
12 6 14 10 D
12 7 3 7 R
12 8 2 2 L
12 9 5 9 D
12 10 0 7 R
12 11 7 11 D
12 12 5 5 R
12 13 16 13 U
12 14 8 14 U
12 15 11 15 U
12 16 7 16 U
13 0 14 9 D
13 1 8 9 D
13 2 0 16 U
13 3 1 3 L
13 4 4 14 U
13 5 14 8 D
13 6 17 14 U
13 7 18 8 D
13 8 4 5 R
13 9 0 5 R
13 10 20 4 R
13 11 10 11 D
13 12 20 12 D
13 13 5 13 U
13 14 0 6 R
13 15 4 15 U
13 16 16 16 U
14 0 13 14 U
14 1 0 6 R
14 2 3 11 D
14 3 0 7 R
14 4 6 8 D
14 5 20 9 D
14 6 8 8 D
14 7 0 15 U
14 8 0 13 U
14 9 2 5 R
14 10 0 15 U
14 11 0 7 R
14 12 10 12 D
14 13 11 0 L
14 14 1 2 L
14 15 4 7 R
14 16 20 0 L
15 0 24 12 D
15 1 2 1 L
15 2 0 9 D
15 3 11 3 L
15 4 14 12 D
15 5 0 3 L
15 6 16 11 D
15 7 8 7 R
15 8 13 4 R
15 9 12 9 D
15 10 7 10 D
15 11 0 14 U
15 12 13 6 R
15 13 1 13 U
15 14 7 14 U
15 15 1 15 U
15 16 0 7 R
16 0 18 13 U
16 1 18 1 L
16 2 7 2 L
16 3 6 3 L
16 4 4 13 U
16 5 5 14 U
16 6 10 12 D
16 7 19 10 D
16 8 7 8 D
16 9 5 9 D
16 10 12 10 D
16 11 4 11 D
16 12 12 12 D
16 13 6 7 R
16 14 2 1 L
16 15 17 2 L
16 16 7 6 R
17 0 10 13 U
17 1 3 14 U
17 2 14 5 R
17 3 10 15 U
17 4 3 14 U
17 5 9 12 D
17 6 9 9 D
17 7 21 3 L
17 8 13 8 D
17 9 0 15 U
17 10 1 10 D
17 11 15 14 U
17 12 19 5 R
17 13 5 1 L
17 14 0 4 R
17 15 15 3 L
17 16 11 2 L
18 0 5 4 R
18 1 2 1 L
18 2 16 10 D
18 3 11 3 L
18 4 14 1 L
18 5 9 1 L
18 6 7 6 R
18 7 13 7 R
18 8 15 8 D
18 9 17 5 R
18 10 16 5 R
18 11 9 11 D
18 12 5 12 D
18 13 12 3 L
18 14 6 0 L
18 15 5 4 R
18 16 6 2 L
19 1 12 15 U
19 2 16 2 L
19 3 8 16 U
19 4 5 16 U
19 5 18 5 R
19 7 21 11 D
19 8 7 1 L
19 9 2 15 U
19 10 14 3 L
19 11 1 6 R
19 12 7 12 D
19 13 7 7 R
19 14 4 7 R
19 15 5 5 R
19 16 18 6 R
20 1 12 13 U
20 2 6 2 L
20 3 4 3 L
20 4 1 4 R
20 5 8 5 R
20 7 16 7 R
20 8 16 0 L
20 9 16 2 L
20 11 0 16 U
20 12 13 12 D
20 13 0 5 R
20 14 18 1 L
20 15 7 15 U
20 16 16 16 U
21 1 22 10 D
21 2 22 12 D
21 4 13 9 D
21 5 16 8 D
21 8 4 1 L
21 9 18 9 D
21 11 19 5 R
21 12 22 12 D
21 13 4 2 L
21 14 17 2 L
21 15 20 15 U
22 1 23 8 D
22 5 24 8 D
22 8 16 4 R
22 9 17 14 U
22 11 21 4 R
22 12 21 12 D
22 13 4 6 R
22 15 19 15 U
22 16 21 0 L
23 9 7 9 D
23 11 4 11 D
23 13 21 6 R
23 15 21 7 R
24 13 20 3 L
24 15 13 15 U

