58 49 2307
49 50 51 52 53 11 4 7 42 33 14 51 38 37 28 0 27 49 12 9
4 0 0 50 51 1 0 52 11 53 1 51 12 38 0 0 42 25 10 4
0 26 38 10 41 16 0 37 13 41 0 0 0 24 36 35 0 29 42 29
13 51 44 50 0 43 0 46 0 2 0 0 45 20 2 32 51 53 44 38
54 23 45 7 0 25 48 49 0 2 2 0 0 40 16 18 0 49 0 40
53 1 0 54 1 31 17 0 0 0 9 40 0 0 44 0 0 12 33 0
0 36 40 20 13 6 20 7 0 0 0 0 22 57 56 55 42 8 22 30
52 19 28 10 0 30 26 39 0 0 0 0 0 0 0 46 28 52 44 53
2 36 44 21 36 0 27 28 45 0 0 0 0 0 0 19 37 0 14 0
23 1 11 10 42 0 30 21 11 0 42 29 20 18 0 40 44 0 31 50
40 30 40 22 8 0 23 46 4 0 50 51 26 0 2 45 46 0 0 43
11 28 0 41 37 3 0 11 55 1 25 56 0 32 57 28 53 0 46 0
4 27 21 8 55 46 18 49 55 1 0 40 10 10 38 20 0 0 42 0
4 10 36 0 0 0 28 52 40 54 16 53 19 15 0 24 0 36 43 45
0 4 30 43 0 0 0 33 54 21 24 21 50 0 15 0 54 0 0 48
15 37 18 44 44 0 14 10 43 0 0 0 0 17 38 52 55 29 46 0
6 0 47 46 0 0 44 45 0 7 41 0 6 17 36 0 56 22 42 17
38 40 39 36 41 0 0 0 54 4 28 29 26 4 0 37 47 36 36 41
0 18 8 0 0 34 39 0 36 0 0 7 31 30 37 0 25 47 41 6
28 45 33 8 33 0 28 42 52 53 0 3 28 33 3 44 51 53 0 8
0 0 0 0 L
0 1 0 1 L
0 2 0 2 L
0 3 0 3 L
0 4 0 4 L
0 5 0 5 L
0 6 0 6 L
0 7 0 7 L
0 8 0 8 L
0 9 0 9 L
0 10 0 10 L
0 11 0 11 L
0 12 0 12 L
0 13 0 13 L
0 14 0 14 R
0 15 0 15 R
0 16 0 16 R
0 17 0 17 R
0 18 0 18 R
0 19 0 19 R
0 20 0 20 R
0 21 0 21 R
0 22 0 22 R
0 23 0 23 R
0 24 0 24 R
0 25 0 25 R
0 26 0 26 R
0 27 0 27 R
0 28 0 28 D
0 29 0 29 D
0 30 0 30 D
0 31 0 31 D
0 32 0 32 D
0 33 0 33 D
0 34 0 34 D
0 35 0 35 D
0 36 0 36 D
0 37 0 37 D
0 38 0 38 D
0 39 0 39 U
0 40 0 40 U
0 41 0 41 U
0 42 0 42 U
0 43 0 43 U
0 44 0 44 U
0 45 0 45 U
0 46 0 46 U
0 47 0 47 U
0 48 0 48 U
1 0 33 42 U
1 1 0 39 U
1 2 0 44 U
1 3 3 3 L
1 4 29 35 D
1 5 4 5 L
1 6 7 6 L
1 7 2 7 L
1 8 4 8 L
1 9 19 47 U
1 10 20 10 L
1 11 20 42 U
1 12 23 33 D
1 14 40 44 U
1 15 5 39 U
1 16 5 30 D
1 17 2 17 R
1 18 9 18 R
1 19 5 19 R
1 20 3 20 R
1 21 5 21 R
1 22 12 22 R
1 23 3 23 R
1 24 10 24 R
1 25 3 25 R
1 27 7 27 R
1 28 0 47 U
1 29 29 29 D
1 30 2 1 L
1 31 3 12 L
1 32 48 2 L
1 33 11 33 D
1 34 17 34 D
1 35 5 6 L
1 36 0 24 R
1 37 29 37 D
1 38 25 38 D
1 39 0 24 R
1 40 0 1 L
1 41 22 0 L
1 42 3 2 L
1 43 4 3 L
1 44 43 21 R
1 45 2 3 L
1 46 14 46 U
1 47 7 3 L
1 48 4 48 U
2 0 23 46 U
2 1 34 1 L
2 2 10 43 U
2 3 1 3 L
2 4 20 4 L
2 5 13 34 D
2 6 13 6 L
2 7 1 7 L
2 8 9 8 L
2 9 6 34 D
2 10 7 10 L
2 11 0 20 R
2 12 1 12 L
2 14 0 0 L
2 15 0 41 U
2 16 0 31 D
2 17 0 40 U
2 18 6 48 U
2 19 4 45 U
2 20 30 20 R
2 21 8 28 D
2 22 0 7 L
2 23 1 23 R
2 24 4 24 R
2 25 9 25 R
2 26 19 30 D
2 27 1 27 R
2 28 0 0 L
2 29 10 1 L
2 30 19 15 R
2 31 32 11 L
2 32 5 6 L
2 33 31 2 L
2 34 0 11 L
2 35 35 14 R
2 36 14 1 L
2 37 13 37 D
2 38 38 18 R
2 39 45 3 L
2 40 19 18 R
2 41 27 6 L
2 42 0 29 D
2 43 37 1 L
2 44 4 26 R
2 45 17 45 U
2 46 1 46 U
2 47 1 21 R
2 48 9 48 U
3 0 36 28 D
3 1 7 1 L
3 2 5 31 D
3 3 1 3 L
3 4 13 4 L
3 5 2 5 L
3 6 52 6 L
3 7 19 7 L
3 8 1 8 L
3 9 1 23 R
3 10 1 10 L
3 11 9 30 D
3 12 7 12 L
3 14 0 28 D
3 15 21 29 D
3 16 4 16 R
3 17 8 46 U
3 18 9 18 R
3 19 0 44 U
3 20 1 20 R
3 21 9 31 D
3 22 14 32 D
3 23 13 23 R
3 24 19 24 R
3 25 8 25 R
3 26 8 26 R
3 27 1 27 R
3 28 5 15 R
3 29 0 3 L
3 30 1 7 L
3 31 1 1 L
3 32 24 4 L
3 33 22 5 L
3 34 8 5 L
3 35 0 47 U
3 36 16 8 L
3 37 4 37 D
3 38 17 17 R
3 39 46 16 R
3 40 1 0 L
3 41 11 41 U
3 42 6 42 U
3 43 39 16 R
3 44 8 2 L
3 45 22 45 U
3 46 0 4 L
3 47 26 4 L
3 48 1 4 L
4 0 0 40 U
4 1 37 30 D
4 2 15 31 D
4 3 0 14 R
4 4 9 41 U
4 5 28 5 L
4 6 0 21 R
4 7 0 33 D
4 8 0 46 U
4 9 2 9 L
4 10 29 28 D
4 11 18 11 L
4 12 3 12 L
4 13 23 35 D
4 14 0 39 U
4 15 1 40 U
4 16 19 41 U
4 17 34 40 U
4 18 0 42 U
4 19 10 19 R
4 20 18 34 D
4 21 43 46 U
4 22 23 28 D
4 23 16 48 U
4 24 11 24 R
4 25 9 25 R
4 26 15 26 R
4 27 20 33 D
4 28 15 1 L
4 29 8 3 L
4 30 19 30 D
4 31 3 31 D
4 32 16 2 L
4 33 8 4 L
4 34 0 43 U
4 35 26 35 D
4 36 5 8 L
4 37 8 37 D
4 38 2 38 D
4 39 0 0 L
4 40 20 14 R
4 41 6 41 U
4 42 16 42 U
4 43 16 9 L
4 44 17 4 L
4 45 2 8 L
4 46 12 46 U
4 47 28 9 L
4 48 1 24 R
5 0 28 40 U
5 1 6 29 D
5 2 46 2 L
5 3 1 35 D
5 4 1 40 U
5 5 4 45 U
5 6 3 29 D
5 7 17 35 D
5 8 24 37 D
5 9 40 31 D
5 10 2 10 L
5 11 8 11 L
5 12 3 12 L
5 14 8 42 U
5 15 9 15 R
5 16 1 30 D
5 17 0 33 D
5 18 3 18 R
5 19 33 33 D
5 20 9 20 R
5 21 7 21 R
5 22 9 22 R
5 23 36 39 U
5 24 3 24 R
5 25 2 36 D
5 26 0 6 L
5 27 4 43 U
5 28 35 14 R
5 29 0 15 R
5 30 24 14 R
5 31 23 6 L
5 32 47 18 R
5 33 4 33 D
5 34 2 34 D
5 35 1 6 L
5 36 14 3 L
5 37 18 10 L
5 38 11 38 D
5 39 24 15 R
5 40 6 16 R
5 41 28 41 U
5 42 0 0 L
5 43 48 20 R
5 44 21 44 U
5 45 36 18 R
5 46 26 8 L
5 47 23 7 L
5 48 0 10 L
6 0 39 33 D
6 1 0 32 D
6 2 22 19 R
6 3 40 3 L
6 4 40 32 D
6 5 0 45 U
6 6 12 48 U
6 7 30 42 U
6 8 1 45 U
6 9 0 30 D
6 10 44 47 U
6 11 3 11 L
6 12 19 12 L
6 14 8 28 D
6 15 10 40 U
6 16 35 44 U
6 17 0 32 D
6 18 45 47 U
6 19 2 19 R
6 20 2 20 R
6 21 1 30 D
6 22 30 48 U
6 23 21 47 U
6 24 0 48 U
6 25 5 25 R
6 27 18 31 D
6 28 9 28 D
6 29 14 5 L
6 30 12 12 L
6 31 0 17 R
6 32 1 2 L
6 33 1 0 L
6 34 29 2 L
6 35 1 35 D
6 36 29 1 L
6 37 18 1 L
6 38 28 24 R
6 39 12 20 R
6 40 2 5 L
6 41 0 17 R
6 42 3 42 U
6 43 9 43 U
6 44 11 44 U
6 45 0 31 D
6 46 12 46 U
6 47 14 47 U
6 48 12 48 U
7 0 0 31 D
7 1 1 1 L
7 2 36 2 L
7 3 2 3 L
7 4 4 30 D
7 5 1 5 L
7 6 0 31 D
7 7 3 7 L
7 8 44 8 L
7 9 25 9 L
7 10 25 10 L
7 11 14 34 D
7 12 21 12 L
7 14 4 14 R
7 15 38 42 U
7 16 38 34 D
7 17 12 41 U
7 18 2 33 D
7 19 9 43 U
7 20 17 20 R
7 21 2 40 U
7 22 43 47 U
7 23 12 34 D
7 24 9 24 R
7 25 1 48 U
7 26 1 26 R
7 27 3 27 R
7 28 33 18 R
7 29 8 0 L
7 30 10 14 R
7 31 35 0 L
7 32 37 32 D
7 33 27 33 D
7 34 5 7 L
7 35 0 19 R
7 36 24 12 L
7 37 18 14 R
7 38 5 10 L
7 39 1 14 R
7 40 4 1 L
7 41 16 15 R
7 42 1 2 L
7 43 24 24 R
7 44 9 23 R
7 45 0 22 R
7 46 12 22 R
7 47 10 9 L
7 48 13 26 R
8 0 2 41 U
8 1 22 32 D
8 2 1 45 U
8 3 3 32 D
8 4 7 29 D
8 5 28 5 L
8 6 10 35 D
8 7 34 34 D
8 8 19 32 D
8 9 4 37 D
8 10 0 36 D
8 11 3 11 L
8 12 16 12 L
8 14 3 39 U
8 15 16 43 U
8 16 11 30 D
8 17 2 17 R
8 18 5 39 U
8 19 6 39 U
8 20 1 20 R
8 21 3 45 U
8 22 1 42 U
8 23 0 46 U
8 24 26 36 D
8 25 1 25 R
8 27 3 27 R
8 28 15 5 L
8 29 14 0 L
8 30 0 16 R
8 31 0 20 R
8 32 11 25 R
8 33 1 12 L
8 34 33 34 D
8 35 5 35 D
8 36 10 36 D
8 37 11 37 D
8 38 3 47 U
8 39 1 26 R
8 40 2 11 L
8 41 1 5 L
8 42 38 10 L
8 43 1 1 L
8 44 7 11 L
8 45 20 45 U
8 46 0 11 L
8 47 2 47 U
8 48 3 10 L
9 0 33 39 U
9 1 5 42 U
9 2 18 46 U
9 3 38 32 D
9 4 43 48 U
9 5 1 5 L
9 6 2 6 L
9 7 42 7 L
9 8 2 8 L
9 9 1 9 L
9 10 5 10 L
9 11 0 25 R
9 12 15 12 L
9 14 8 14 R
9 15 4 15 R
9 16 0 30 D
9 17 3 17 R
9 18 1 18 R
9 19 0 35 D
9 20 2 20 R
9 21 18 21 R
9 22 12 22 R
9 23 2 23 R
9 24 1 24 R
9 25 10 25 R
9 26 44 26 R
9 27 25 27 R
9 28 22 22 R
9 29 12 6 L
9 30 0 18 R
9 31 39 27 R
9 32 37 20 R
9 33 1 18 R
9 34 48 24 R
9 35 3 8 L
9 36 2 14 R
9 37 36 25 R
9 39 8 18 R
9 40 2 40 U
9 41 5 5 L
9 42 16 17 R
9 43 24 17 R
9 44 1 16 R
9 45 47 5 L
9 46 6 18 R
9 47 8 11 L
9 48 45 23 R
10 0 40 28 D
10 1 1 15 R
10 2 39 2 L
10 3 0 23 R
10 4 7 4 L
10 5 2 5 L
10 6 11 6 L
10 7 1 28 D
10 8 9 8 L
10 9 15 9 L
10 10 13 14 R
10 11 7 11 L
10 12 2 12 L
10 14 5 14 R
10 15 0 29 D
10 16 1 16 R
10 17 19 17 R
10 18 16 31 D
10 19 4 42 U
10 20 1 20 R
10 21 1 21 R
10 22 48 22 R
10 23 5 23 R
10 24 15 24 R
10 25 22 25 R
10 26 7 26 R
10 27 18 27 R
10 28 15 28 D
10 29 48 14 R
10 30 11 17 R
10 31 27 0 L
10 32 11 16 R
10 33 11 3 L
10 34 27 4 L
10 35 31 4 L
10 36 25 23 R
10 37 30 5 L
10 39 31 14 R
10 40 35 30 D
10 41 3 17 R
10 42 33 32 D
10 43 2 18 R
10 44 1 6 L
10 45 0 29 D
10 46 18 9 L
10 47 21 47 U
10 48 0 36 D
11 0 0 37 D
11 1 31 40 U
11 2 0 15 R
11 3 23 3 L
11 4 0 43 U
11 5 43 34 D
11 6 19 22 R
11 7 38 40 U
11 8 23 44 U
11 9 19 9 L
11 10 28 10 L
11 11 0 35 D
11 12 7 12 L
11 14 3 14 R
11 15 26 41 U
11 16 21 42 U
11 17 1 17 R
11 18 1 18 R
11 19 2 19 R
11 20 19 2 L
11 21 31 21 R
11 22 17 4 L
11 23 15 48 U
11 24 29 44 U
11 25 14 35 D
11 27 2 27 R
11 28 17 7 L
11 29 2 14 R
11 30 12 2 L
11 31 5 31 D
11 32 4 32 D
11 33 27 43 U
11 34 35 34 D
11 35 12 35 D
11 36 3 8 L
11 37 1 37 D
11 38 5 38 D
11 39 25 5 L
11 40 18 4 L
11 41 0 28 D
11 42 9 30 D
11 43 12 43 U
11 44 2 44 U
11 45 20 45 U
11 46 2 2 L
11 47 8 21 R
11 48 8 48 U
12 0 4 28 D
12 1 23 1 L
12 2 5 34 D
12 3 1 31 D
12 4 14 4 L
12 5 1 5 L
12 6 50 29 D
12 7 19 7 L
12 8 26 45 U
12 9 0 41 U
12 10 31 10 L
12 11 7 11 L
12 12 8 12 L
12 14 15 14 R
12 15 13 30 D
12 16 22 46 U
12 17 13 34 D
12 18 1 40 U
12 19 1 46 U
12 20 13 34 D
12 21 3 33 D
12 22 4 22 R
12 23 27 23 R
12 24 3 24 R
12 25 26 31 D
12 26 0 39 U
12 27 2 27 R
12 28 0 5 L
12 29 23 29 D
12 30 17 30 D
12 31 26 41 U
12 32 50 5 L
12 33 0 41 U
12 34 47 23 R
12 35 29 35 D
12 36 6 36 D
12 37 0 44 U
12 38 22 25 R
12 39 0 15 R
12 40 24 17 R
12 41 6 41 U
12 42 2 42 U
12 43 47 7 L
12 44 4 44 U
12 45 0 16 R
12 46 3 46 U
12 47 0 12 L
12 48 9 21 R
13 0 27 39 U
13 1 1 28 D
13 2 7 2 L
13 3 21 3 L
13 4 28 45 U
13 5 5 5 L
13 6 1 34 D
13 7 1 35 D
13 8 32 8 L
13 9 4 45 U
13 10 2 10 L
13 11 1 11 L
13 12 8 12 L
13 13 22 13 L
13 14 7 28 D
13 15 17 15 R
13 16 9 47 U
13 17 6 17 R
13 18 12 18 R
13 19 35 40 U
13 20 0 31 D
13 21 7 21 R
13 22 0 34 D
13 23 5 28 D
13 24 7 24 R
13 25 1 25 R
13 27 10 27 R
13 28 0 39 U
13 29 7 40 U
13 30 44 17 R
13 31 4 3 L
13 32 4 6 L
13 33 40 21 R
13 34 0 22 R
13 35 40 35 D
13 36 8 36 D
13 37 1 4 L
13 38 10 38 D
13 39 8 1 L
13 40 18 11 L
13 41 12 5 L
13 42 51 8 L
13 43 0 6 L
13 44 41 44 U
13 45 36 19 R
13 46 8 7 L
13 47 11 12 L
13 48 19 19 R
14 0 6 42 U
14 1 0 18 R
14 2 18 2 L
14 3 5 3 L
14 4 4 4 L
14 5 2 5 L
14 6 15 41 U
14 7 24 22 R
14 8 4 8 L
14 9 7 9 L
14 10 31 42 U
14 11 5 11 L
14 12 21 29 D
14 14 36 39 U
14 15 4 30 D
14 16 6 42 U
14 17 38 32 D
14 18 18 41 U
14 19 41 41 U
14 20 0 35 D
14 21 6 43 U
14 22 3 46 U
14 23 11 23 R
14 24 25 38 D
14 25 40 33 D
14 27 3 46 U
14 28 1 14 R
14 29 16 22 R
14 30 26 5 L
14 31 0 2 L
14 32 2 9 L
14 33 2 0 L
14 34 23 4 L
14 35 1 8 L
14 36 29 36 D
14 37 0 10 L
14 38 16 38 D
14 39 39 7 L
14 40 0 5 L
14 41 10 36 D
14 42 35 42 U
14 43 3 27 R
14 44 1 3 L
14 45 3 45 U
14 46 0 20 R
14 47 40 47 U
14 48 1 48 U
15 0 0 28 D
15 1 38 41 U
15 2 34 45 U
15 3 7 3 L
15 4 4 47 U
15 5 6 5 L
15 6 36 31 D
15 7 7 7 L
15 8 13 8 L
15 9 8 44 U
15 10 7 10 L
15 11 18 11 L
15 12 1 12 L
15 14 2 14 R
15 15 43 44 U
15 16 16 16 R
15 17 8 17 R
15 18 9 46 U
15 19 24 19 R
15 20 8 46 U
15 21 0 28 D
15 22 46 36 D
15 23 6 23 R
15 24 10 24 R
15 25 2 25 R
15 26 25 26 R
15 27 2 27 R
15 28 4 16 R
15 29 23 1 L
15 30 44 26 R
15 31 33 17 R
15 32 32 8 L
15 33 13 26 R
15 34 6 40 U
15 35 2 5 L
15 36 37 5 L
15 37 6 25 R
15 39 31 17 R
15 40 4 16 R
15 41 14 2 L
15 42 48 16 R
15 43 0 30 D
15 44 1 4 L
15 45 6 18 R
15 46 0 3 L
15 47 0 36 D
15 48 10 8 L
16 0 23 37 D
16 1 10 30 D
16 2 11 2 L
16 3 38 28 D
16 4 1 32 D
16 5 35 33 D
16 6 21 35 D
16 7 22 28 D
16 8 18 8 L
16 9 51 9 L
16 10 14 10 L
16 11 25 38 D
16 12 9 12 L
16 14 2 39 U
16 15 20 33 D
16 16 28 39 U
16 17 46 39 U
16 18 4 44 U
16 19 8 40 U
16 20 45 46 U
16 21 37 44 U
16 22 25 43 U
16 23 8 43 U
16 24 48 47 U
16 25 8 42 U
16 27 27 27 R
16 28 19 0 L
16 29 10 15 R
16 30 33 19 R
16 31 36 18 R
16 32 13 5 L
16 33 39 27 R
16 34 22 3 L
16 35 24 0 L
16 36 11 36 D
16 37 11 37 D
16 38 28 4 L
16 39 36 2 L
16 40 32 19 R
16 41 35 33 D
16 42 39 42 U
16 43 9 5 L
16 44 8 44 U
16 45 6 45 U
16 46 24 17 R
16 47 0 23 R
16 48 3 48 U
17 0 14 36 D
17 1 5 35 D
17 2 30 20 R
17 3 2 3 L
17 4 9 4 L
17 5 0 29 D
17 6 4 15 R
17 7 5 31 D
17 8 31 29 D
17 9 34 9 L
17 10 15 10 L
17 11 39 30 D
17 12 2 12 L
17 14 44 40 U
17 15 45 41 U
17 16 47 41 U
17 17 35 42 U
17 18 1 32 D
17 19 7 43 U
17 20 1 45 U
17 21 9 21 R
17 22 6 44 U
17 23 1 45 U
17 24 21 29 D
17 27 37 27 R
17 28 6 28 D
17 29 36 0 L
17 30 24 43 U
17 31 0 6 L
17 32 2 11 L
17 33 0 5 L
17 34 25 34 D
17 35 5 35 D
17 36 16 36 D
17 37 5 37 D
17 39 22 4 L
17 40 6 11 L
17 41 24 15 R
17 42 5 19 R
17 43 0 7 L
17 44 35 27 R
17 45 47 9 L
17 46 2 46 U
17 47 0 7 L
17 48 5 12 L
18 0 10 38 D
18 1 13 1 L
18 2 24 44 U
18 3 2 43 U
18 4 12 4 L
18 5 0 41 U
18 6 37 30 D
18 7 36 44 U
18 8 19 36 D
18 9 10 9 L
18 10 1 36 D
18 11 4 11 L
18 12 3 12 L
18 14 25 43 U
18 15 3 34 D
18 16 10 16 R
18 17 1 43 U
18 18 24 18 R
18 19 30 19 R
18 20 1 28 D
18 21 10 21 R
18 22 25 22 R
18 23 12 36 D
18 24 3 47 U
18 25 40 37 D
18 27 25 32 D
18 28 4 0 L
18 29 11 14 R
18 30 25 15 R
18 31 4 31 D
18 32 28 9 L
18 33 1 33 D
18 34 43 1 L
18 35 44 35 D
18 36 4 36 D
18 37 5 14 R
18 39 0 23 R
18 40 21 2 L
18 41 20 4 L
18 42 44 7 L
18 43 15 14 R
18 44 4 44 U
18 45 8 45 U
18 46 16 37 D
18 47 1 8 L
18 48 42 1 L
19 0 23 35 D
19 1 47 23 R
19 2 38 32 D
19 3 4 3 L
19 4 7 4 L
19 5 8 38 D
19 6 31 6 L
19 7 31 36 D
19 8 39 48 U
19 9 21 9 L
19 10 11 10 L
19 11 12 31 D
19 12 4 12 L
19 14 0 42 U
19 15 23 41 U
19 16 27 43 U
19 17 10 17 R
19 18 34 45 U
19 19 10 33 D
19 20 2 36 D
19 21 24 47 U
19 22 32 46 U
19 23 26 23 R
19 24 9 24 R
19 25 11 29 D
19 27 16 27 R
19 28 3 28 D
19 29 3 15 R
19 30 43 1 L
19 31 5 21 R
19 32 4 23 R
19 33 25 17 R
19 34 1 2 L
19 35 8 35 D
19 36 8 36 D
19 37 1 37 D
19 39 17 22 R
19 40 24 15 R
19 41 35 16 R
19 42 9 37 D
19 43 36 22 R
19 44 7 44 U
19 45 34 25 R
19 46 6 46 U
19 47 3 47 U
19 48 14 48 U
20 0 49 0 L
20 1 3 1 L
20 2 15 41 U
20 3 4 46 U
20 4 0 31 D
20 5 42 32 D
20 6 3 37 D
20 7 0 46 U
20 8 1 35 D
20 9 4 9 L
20 10 3 10 L
20 11 10 11 L
20 12 11 45 U
20 14 22 14 R
20 15 7 30 D
20 16 2 29 D
20 17 38 3 L
20 18 1 35 D
20 19 41 28 D
20 20 6 20 R
20 21 1 48 U
20 22 23 22 R
20 23 11 34 D
20 24 45 34 D
20 25 11 25 R
20 26 18 29 D
20 27 23 27 R
20 28 3 10 L
20 29 39 10 L
20 30 3 15 R
20 31 38 19 R
20 32 0 4 L
20 33 1 33 D
20 34 24 5 L
20 35 11 21 R
20 36 3 10 L
20 37 0 48 U
20 38 5 38 D
20 39 27 38 D
20 40 30 3 L
20 41 30 2 L
20 42 33 22 R
20 43 0 33 D
20 44 23 7 L
20 45 0 32 D
20 46 49 46 U
20 47 3 7 L
20 48 16 15 R
21 0 4 48 U
21 1 43 39 U
21 2 2 2 L
21 3 11 3 L
21 4 50 33 D
21 5 0 42 U
21 6 1 6 L
21 7 9 7 L
21 8 23 8 L
21 9 24 35 D
21 10 12 10 L
21 11 2 11 L
21 12 4 12 L
21 14 48 28 D
21 15 33 28 D
21 16 32 31 D
21 17 9 17 R
21 18 9 42 U
21 19 9 19 R
21 20 23 35 D
21 21 31 28 D
21 22 41 44 U
21 23 4 23 R
21 24 35 44 U
21 25 26 33 D
21 27 30 48 U
21 28 1 24 R
21 29 24 29 D
21 30 13 0 L
21 31 17 1 L
21 32 0 7 L
21 33 7 33 D
21 34 31 4 L
21 35 18 35 D
21 36 23 24 R
21 37 20 37 D
21 38 1 38 D
21 39 3 3 L
21 40 0 8 L
21 41 2 41 U
21 42 12 42 U
21 43 5 6 L
21 44 47 5 L
21 45 49 2 L
21 46 5 46 U
21 47 8 37 D
21 48 11 48 U
22 0 8 0 L
22 1 1 46 U
22 2 28 42 U
22 3 9 41 U
22 4 27 47 U
22 5 25 41 U
22 6 3 6 L
22 7 31 37 D
22 8 14 20 R
22 9 1 45 U
22 10 25 28 D
22 11 1 11 L
22 12 41 12 L
22 14 26 33 D
22 15 49 40 U
22 16 40 40 U
22 17 13 17 R
22 18 7 44 U
22 19 43 34 D
22 20 33 40 U
22 21 6 21 R
22 22 24 43 U
22 23 21 12 L
22 24 28 24 R
22 25 1 25 R
22 27 1 27 R
22 28 20 6 L
22 29 6 0 L
22 30 5 3 L
22 31 45 1 L
22 32 33 7 L
22 33 0 46 U
22 34 13 34 D
22 35 42 20 R
22 36 26 36 D
22 37 30 6 L
22 38 4 38 D
22 39 2 22 R
22 40 2 7 L
22 41 37 16 R
22 42 32 9 L
22 43 3 43 U
22 44 13 44 U
22 45 0 9 L
22 46 1 8 L
22 47 29 47 U
22 48 10 10 L
23 0 6 35 D
23 1 2 1 L
23 2 30 2 L
23 3 3 3 L
23 4 29 41 U
23 5 7 5 L
23 6 1 6 L
23 7 7 7 L
23 8 0 21 R
23 9 10 36 D
23 10 1 32 D
23 11 24 11 L
23 12 0 23 R
23 14 1 40 U
23 15 25 30 D
23 16 6 16 R
23 17 7 30 D
23 18 6 18 R
23 19 5 0 L
23 20 32 30 D
23 21 10 35 D
23 22 28 22 R
23 23 32 23 R
23 24 30 24 R
23 27 18 27 R
23 28 14 0 L
23 29 37 7 L
23 30 10 0 L
23 31 18 9 L
23 32 31 19 R
23 33 22 10 L
23 34 0 5 L
23 35 1 11 L
23 36 14 17 R
23 37 1 37 D
23 39 27 13 L
23 40 14 40 U
23 41 33 30 D
23 42 10 27 R
23 43 32 11 L
23 44 4 44 U
23 45 10 45 U
23 46 1 31 D
23 47 29 17 R
23 48 2 27 R
24 0 39 29 D
24 1 36 18 R
24 2 11 30 D
24 3 5 31 D
24 4 7 33 D
24 5 1 29 D
24 6 1 6 L
24 7 5 7 L
24 8 22 31 D
24 9 12 9 L
24 10 27 46 U
24 11 23 11 L
24 12 18 12 L
24 14 34 39 U
24 15 35 39 U
24 16 37 16 R
24 17 32 29 D
24 18 3 45 U
24 19 13 19 R
24 20 25 38 D
24 21 12 43 U
24 22 27 37 D
24 23 46 2 L
24 24 7 24 R
24 25 30 44 U
24 27 38 27 R
24 28 39 27 R
24 29 33 15 R
24 30 31 16 R
24 31 35 5 L
24 32 9 8 L
24 33 38 18 R
24 34 42 22 R
24 35 22 20 R
24 36 23 7 L
24 37 38 9 L
24 39 45 23 R
24 40 1 2 L
24 41 10 25 R
24 42 23 21 R
24 43 35 15 R
24 44 3 3 L
24 45 19 21 R
24 46 18 27 R
24 47 38 27 R
24 48 34 20 R
25 0 2 46 U
25 1 0 48 U
25 2 2 40 U
25 3 24 43 U
25 4 20 18 R
25 5 40 38 D
25 6 1 6 L
25 7 22 7 L
25 8 12 8 L
25 9 11 9 L
25 10 38 43 U
25 11 24 47 U
25 12 3 12 L
25 14 1 41 U
25 15 28 15 R
25 16 45 16 R
25 17 39 28 D
25 18 18 18 R
25 19 16 40 U
25 20 1 20 R
25 21 1 21 R
25 22 8 38 D
25 23 46 36 D
25 24 0 9 L
25 25 12 25 R
25 26 9 34 D
25 27 35 29 D
25 28 51 15 R
25 29 23 12 L
25 30 29 20 R
25 31 34 19 R
25 32 24 21 R
25 33 19 3 L
25 34 0 1 L
25 35 1 35 D
25 36 3 36 D
25 37 27 8 L
25 39 26 23 R
25 40 49 24 R
25 41 3 41 U
25 42 21 2 L
25 43 0 2 L
25 44 16 4 L
25 45 28 23 R
25 46 0 34 D
25 47 21 23 R
25 48 2 48 U
26 0 19 31 D
26 1 13 28 D
26 2 3 2 L
26 3 27 42 U
26 4 12 4 L
26 5 38 36 D
26 6 48 6 L
26 7 6 39 U
26 8 11 36 D
26 9 2 29 D
26 10 39 30 D
26 11 33 43 U
26 12 23 12 L
26 14 5 47 U
26 15 3 47 U
26 16 32 33 D
26 17 7 46 U
26 18 0 47 U
26 19 14 32 D
26 20 0 3 L
26 21 38 31 D
26 22 12 22 R
26 23 0 48 U
26 24 3 46 U
26 26 38 31 D
26 27 1 27 R
26 28 6 0 L
26 29 23 14 R
26 30 2 0 L
26 31 14 5 L
26 32 2 32 D
26 33 6 33 D
26 34 11 7 L
26 35 21 35 D
26 36 29 36 D
26 37 23 4 L
26 39 3 14 R
26 40 36 20 R
26 41 4 3 L
26 42 20 35 D
26 43 17 43 U
26 44 2 44 U
26 45 0 17 R
26 46 1 46 U
26 47 21 8 L
26 48 30 5 L
27 0 39 30 D
27 1 24 43 U
27 2 33 29 D
27 3 26 39 U
27 4 7 47 U
27 5 33 5 L
27 6 12 31 D
27 7 2 7 L
27 8 21 8 L
27 9 16 9 L
27 10 31 28 D
27 11 12 16 R
27 12 9 12 L
27 14 4 1 L
27 15 6 15 R
27 16 8 40 U
27 17 32 30 D
27 18 7 18 R
27 19 9 19 R
27 20 43 42 U
27 21 19 48 U
27 22 0 45 U
27 23 36 23 R
27 24 6 39 U
27 25 22 25 R
27 27 29 34 D
27 28 36 0 L
27 29 50 2 L
27 30 41 18 R
27 31 7 23 R
27 32 17 4 L
27 33 3 8 L
27 34 22 25 R
27 35 0 1 L
27 36 14 18 R
27 37 9 37 D
27 38 10 38 D
27 39 10 8 L
27 40 29 23 R
27 41 32 19 R
27 42 6 11 L
27 43 13 14 R
27 44 0 35 D
27 45 5 19 R
27 46 5 9 L
27 47 5 3 L
27 48 26 25 R
28 0 3 41 U
28 1 40 1 L
28 2 4 47 U
28 3 0 16 R
28 4 32 47 U
28 5 37 5 L
28 6 19 6 L
28 7 37 7 L
28 8 22 46 U
28 9 35 43 U
28 10 12 10 L
28 11 10 11 L
28 12 5 42 U
28 14 45 3 L
28 15 25 29 D
28 16 45 41 U
28 17 19 45 U
28 18 26 33 D
28 19 13 19 R
28 20 2 37 D
28 21 1 31 D
28 22 2 22 R
28 23 7 23 R
28 24 8 43 U
28 25 4 25 R
28 27 27 27 R
28 28 5 20 R
28 29 34 4 L
28 30 37 19 R
28 31 0 45 U
28 32 20 3 L
28 33 30 27 R
28 34 5 18 R
28 35 0 9 L
28 36 4 19 R
28 37 0 23 R
28 38 39 38 D
28 39 34 9 L
28 40 32 10 L
28 41 10 41 U
28 42 10 16 R
28 43 29 16 R
28 44 42 3 L
28 45 31 35 D
28 46 0 0 L
28 47 50 5 L
28 48 42 7 L
29 0 8 35 D
29 1 24 31 D
29 2 23 34 D
29 3 19 34 D
29 4 45 40 U
29 5 9 47 U
29 6 17 37 D
29 7 2 31 D
29 8 15 35 D
29 9 0 32 D
29 10 0 20 R
29 12 21 12 L
29 14 6 42 U
29 15 2 3 L
29 16 14 48 U
29 17 19 47 U
29 18 3 32 D
29 19 3 28 D
29 20 12 20 R
29 21 1 32 D
29 22 28 32 D
29 23 32 30 D
29 24 0 8 L
29 25 43 25 R
29 27 11 37 D
29 28 27 5 L
29 29 41 14 R
29 30 47 27 R
29 31 11 5 L
29 32 7 32 D
29 33 26 33 D
29 34 41 34 D
29 35 12 35 D
29 36 50 4 L
29 37 26 37 D
29 39 9 0 L
29 40 38 14 R
29 41 30 1 L
29 42 35 31 D
29 43 41 17 R
29 44 26 44 U
29 45 26 6 L
29 46 34 16 R
29 47 36 47 U
29 48 41 48 U
30 0 24 38 D
30 1 6 16 R
30 2 15 26 R
30 3 40 46 U
30 4 2 4 L
30 5 10 30 D
30 6 13 46 U
30 7 44 36 D
30 8 34 8 L
30 9 0 38 D
30 10 23 10 L
30 12 1 12 L
30 14 28 30 D
30 15 34 15 R
30 16 35 41 U
30 17 14 44 U
30 18 0 46 U
30 19 3 19 R
30 20 10 20 R
30 21 10 21 R
30 22 10 22 R
30 23 2 23 R
30 24 20 24 R
30 25 3 25 R
30 27 6 27 R
30 28 29 10 L
30 29 24 0 L
30 30 16 0 L
30 31 31 3 L
30 32 34 12 L
30 33 13 33 D
30 34 6 19 R
30 35 6 35 D
30 36 11 36 D
30 37 25 39 U
30 38 9 38 D
30 39 46 14 R
30 40 3 21 R
30 41 40 8 L
30 42 23 5 L
30 43 3 43 U
30 45 23 4 L
30 46 0 2 L
30 47 25 1 L
30 48 17 9 L
31 0 38 28 D
31 1 34 29 D
31 2 27 16 R
31 3 9 3 L
31 4 17 46 U
31 5 22 5 L
31 6 46 28 D
31 7 18 16 R
31 8 25 42 U
31 9 12 9 L
31 10 22 21 R
31 12 35 32 D
31 14 11 29 D
31 15 10 44 U
31 16 22 16 R
31 17 25 17 R
31 18 32 18 R
31 19 19 19 R
31 20 7 20 R
31 21 46 33 D
31 22 32 22 R
31 23 4 23 R
31 24 8 24 R
31 27 29 37 D
31 28 33 15 R
31 29 13 10 L
31 30 46 14 R
31 31 42 15 R
31 32 30 1 L
31 33 2 2 L
31 34 30 34 D
31 35 6 35 D
31 36 10 36 D
31 37 4 37 D
31 39 2 20 R
31 40 40 14 R
31 41 43 21 R
31 42 10 42 U
31 43 43 23 R
31 45 7 17 R
31 46 39 23 R
31 47 23 22 R
31 48 43 18 R
32 0 42 30 D
32 1 3 29 D
32 2 37 28 D
32 3 2 30 D
32 4 41 4 L
32 5 21 5 L
32 6 28 6 L
32 7 0 17 R
32 8 9 8 L
32 9 37 9 L
32 10 34 10 L
32 12 24 12 L
32 14 38 33 D
32 15 43 32 D
32 16 28 36 D
32 17 28 46 U
32 18 18 32 D
32 19 37 44 U
32 20 6 42 U
32 21 0 34 D
32 22 5 22 R
32 23 5 23 R
32 24 15 24 R
32 27 36 34 D
32 28 2 4 L
32 29 4 2 L
32 30 42 3 L
32 31 27 15 R
32 32 0 27 R
32 33 43 3 L
32 34 41 20 R
32 35 16 35 D
32 36 7 12 L
32 37 55 7 L
32 38 0 17 R
32 39 38 3 L
32 40 49 4 L
32 41 25 9 L
32 42 24 8 L
32 43 2 2 L
32 44 17 22 R
32 45 19 19 R
32 46 43 11 L
32 47 28 36 D
32 48 24 29 D
33 0 9 39 U
33 1 18 1 L
33 2 9 33 D
33 3 38 40 U
33 4 21 48 U
33 5 39 45 U
33 6 54 24 R
33 7 7 44 U
33 8 0 43 U
33 9 45 39 U
33 10 38 44 U
33 11 34 37 D
33 12 0 27 R
33 14 4 40 U
33 15 41 28 D
33 16 29 44 U
33 17 4 41 U
33 18 38 35 D
33 19 30 19 R
33 20 43 20 R
33 21 39 35 D
33 22 15 22 R
33 23 1 23 R
33 24 21 24 R
33 27 23 40 U
33 28 5 14 R
33 29 28 21 R
33 30 47 15 R
33 31 22 19 R
33 32 8 2 L
33 33 5 17 R
33 34 27 19 R
33 35 17 35 D
33 36 37 24 R
33 37 8 37 D
33 39 45 21 R
33 40 1 40 U
33 41 20 1 L
33 42 19 22 R
33 43 38 4 L
33 44 25 36 D
33 45 1 45 U
33 46 1 46 U
33 47 51 6 L
33 48 16 48 U
34 0 37 29 D
34 1 10 40 U
34 2 38 41 U
34 3 17 34 D
34 4 46 43 U
34 5 38 39 U
34 6 12 6 L
34 7 16 48 U
34 8 11 8 L
34 9 5 29 D
34 10 3 10 L
34 12 25 37 D
34 14 6 48 U
34 15 0 43 U
34 16 14 29 D
34 17 35 41 U
34 18 36 36 D
34 19 7 19 R
34 20 10 20 R
34 21 31 21 R
34 22 54 35 D
34 23 1 43 U
34 24 10 24 R
34 25 13 25 R
34 27 11 27 R
34 28 3 21 R
34 29 37 27 R
34 30 35 8 L
34 31 25 12 L
34 32 42 17 R
34 33 3 33 D
34 34 44 27 R
34 35 8 9 L
34 36 18 20 R
34 37 48 18 R
34 39 5 20 R
34 40 20 21 R
34 41 4 14 R
34 42 40 18 R
34 43 7 20 R
34 44 8 14 R
34 45 29 20 R
34 46 10 20 R
34 47 4 24 R
34 48 4 48 U
35 0 3 28 D
35 1 42 30 D
35 2 31 28 D
35 3 7 3 L
35 4 5 39 U
35 5 14 39 U
35 6 16 41 U
35 7 20 15 R
35 8 41 34 D
35 9 5 30 D
35 10 31 31 D
35 12 32 31 D
35 14 16 39 U
35 15 43 43 U
35 16 49 45 U
35 17 3 31 D
35 18 27 30 D
35 19 17 45 U
35 20 17 39 U
35 21 22 44 U
35 22 16 45 U
35 23 0 36 D
35 24 2 24 R
35 25 41 36 D
35 27 13 44 U
35 28 37 5 L
35 29 5 16 R
35 30 42 0 L
35 31 27 31 D
35 32 38 42 U
35 33 13 7 L
35 34 5 19 R
35 35 19 11 L
35 36 23 16 R
35 37 15 22 R
35 38 37 19 R
35 39 13 25 R
35 40 31 14 R
35 41 36 20 R
35 42 31 15 R
35 43 6 43 U
35 44 8 44 U
35 45 11 45 U
35 46 37 21 R
35 47 1 29 D
35 48 1 48 U
36 0 43 29 D
36 1 16 34 D
36 2 3 31 D
36 3 38 33 D
36 4 43 30 D
36 5 0 17 R
36 6 13 15 R
36 7 35 31 D
36 8 18 36 D
36 9 13 9 L
36 10 12 40 U
36 12 7 12 L
36 13 1 13 L
36 14 45 39 U
36 15 41 40 U
36 16 43 42 U
36 17 2 39 U
36 18 8 45 U
36 19 23 19 R
36 20 12 41 U
36 21 21 21 R
36 23 7 43 U
36 24 2 24 R
36 27 50 29 D
36 28 10 0 L
36 29 3 5 L
36 30 41 6 L
36 31 6 2 L
36 32 11 12 L
36 33 6 33 D
36 34 32 10 L
36 35 2 23 R
36 36 0 12 L
36 37 49 37 D
36 38 11 38 D
36 39 29 18 R
36 40 0 14 R
36 41 5 17 R
36 42 0 14 R
36 43 15 8 L
36 44 5 17 R
36 45 11 34 D
36 46 0 18 R
36 47 47 47 U
36 48 26 48 U
37 0 1 40 U
37 1 31 32 D
37 2 38 40 U
37 3 21 3 L
37 4 6 30 D
37 5 5 5 L
37 6 4 6 L
37 7 27 32 D
37 8 20 33 D
37 9 16 33 D
37 10 28 10 L
37 11 7 11 L
37 12 28 12 L
37 14 5 42 U
37 15 27 41 U
37 16 34 30 D
37 17 9 17 R
37 18 6 46 U
37 19 26 48 U
37 20 44 20 R
37 21 32 40 U
37 23 47 43 U
37 24 7 24 R
37 27 41 47 U
37 28 35 16 R
37 29 32 14 R
37 30 2 30 D
37 31 7 14 R
37 32 1 32 D
37 33 30 7 L
37 34 18 34 D
37 35 10 0 L
37 36 4 8 L
37 37 12 17 R
37 39 34 7 L
37 40 35 16 R
37 41 25 3 L
37 42 27 20 R
37 43 11 9 L
37 44 1 14 R
37 45 31 14 R
37 46 35 19 R
37 47 7 47 U
37 48 39 22 R
38 0 24 32 D
38 1 2 28 D
38 2 19 32 D
38 3 46 35 D
38 4 43 40 U
38 5 41 48 U
38 6 9 42 U
38 7 1 22 R
38 8 2 8 L
38 9 0 33 D
38 10 9 10 L
38 11 3 31 D
38 12 4 12 L
38 14 33 29 D
38 15 42 33 D
38 16 11 16 R
38 17 16 17 R
38 18 33 18 R
38 19 11 44 U
38 20 49 47 U
38 21 21 31 D
38 22 8 33 D
38 23 4 5 L
38 24 31 37 D
38 25 17 48 U
38 27 45 36 D
38 28 13 25 R
38 29 44 17 R
38 30 25 16 R
38 31 3 31 D
38 32 12 11 L
38 33 44 15 R
38 35 15 0 L
38 36 6 36 D
38 37 32 15 R
38 39 26 10 L
38 40 26 17 R
38 41 3 15 R
38 42 29 17 R
38 43 28 16 R
38 44 33 19 R
38 45 2 45 U
38 46 10 25 R
38 47 8 27 R
38 48 32 4 L
39 0 12 29 D
39 1 34 39 U
39 2 11 40 U
39 3 3 33 D
39 4 38 36 D
39 5 46 44 U
39 6 32 6 L
39 7 47 41 U
39 8 18 8 L
39 9 3 28 D
39 10 19 33 D
39 12 5 12 L
39 14 10 28 D
39 15 2 33 D
39 16 20 32 D
39 17 12 29 D
39 18 26 32 D
39 19 28 19 R
39 20 10 20 R
39 21 24 21 R
39 22 1 22 R
39 23 42 23 R
39 24 7 24 R
39 27 14 27 R
39 28 37 2 L
39 29 0 23 R
39 30 22 4 L
39 31 13 31 D
39 32 31 16 R
39 33 28 6 L
39 34 48 15 R
39 35 1 18 R
39 36 18 21 R
39 37 52 7 L
39 39 1 6 L
39 40 26 14 R
39 41 3 24 R
39 42 47 10 L
39 43 27 18 R
39 44 13 5 L
39 45 24 24 R
39 46 48 24 R
39 47 8 6 L
39 48 21 48 U
40 0 34 15 R
40 1 7 29 D
40 2 4 37 D
40 3 45 30 D
40 4 45 32 D
40 5 0 19 R
40 6 45 32 D
40 7 0 16 R
40 8 24 28 D
40 9 7 9 L
40 10 41 34 D
40 11 1 31 D
40 12 39 42 U
40 14 43 28 D
40 15 25 15 R
40 16 6 44 U
40 17 28 48 U
40 18 39 42 U
40 19 0 32 D
40 20 4 32 D
40 21 27 45 U
40 23 20 35 D
40 24 9 24 R
40 27 0 32 D
40 28 0 40 U
40 29 52 1 L
40 30 9 21 R
40 31 3 31 D
40 32 20 26 R
40 33 3 1 L
40 34 17 34 D
40 35 46 27 R
40 36 41 36 D
40 37 31 10 L
40 39 1 38 D
40 40 16 14 R
40 41 9 7 L
40 42 45 42 U
40 43 30 6 L
40 44 8 20 R
40 45 13 45 U
40 46 7 3 L
40 47 29 24 R
40 48 4 25 R
41 0 40 15 R
41 1 20 40 U
41 3 7 3 L
41 4 28 4 L
41 5 35 42 U
41 6 2 42 U
41 7 2 7 L
41 8 39 16 R
41 9 32 40 U
41 10 11 33 D
41 12 2 12 L
41 14 5 28 D
41 15 2 39 U
41 16 2 16 R
41 17 22 35 D
41 18 16 37 D
41 19 3 48 U
41 20 5 20 R
41 21 34 21 R
41 22 17 44 U
41 23 2 23 R
41 24 1 24 R
41 27 2 33 D
41 28 47 1 L
41 29 2 10 L
41 30 6 30 D
41 31 22 7 L
41 32 18 9 L
41 33 11 33 D
41 34 26 3 L
41 35 50 10 L
41 36 18 36 D
41 37 25 1 L
41 38 4 5 L
41 40 23 4 L
41 41 5 14 R
41 42 3 42 U
41 43 21 43 U
41 44 19 44 U
41 45 28 31 D
41 46 1 46 U
41 47 5 47 U
41 48 22 48 U
42 1 39 17 R
42 3 0 28 D
42 4 2 34 D
42 5 18 29 D
42 6 30 45 U
42 7 9 45 U
42 8 1 8 L
42 9 10 46 U
42 10 18 10 L
42 11 8 11 L
42 12 22 12 L
42 14 52 37 D
42 15 17 41 U
42 16 4 47 U
42 17 1 17 R
42 18 14 30 D
42 19 18 19 R
42 20 28 43 U
42 21 14 35 D
42 22 1 22 R
42 23 22 45 U
42 24 5 24 R
42 27 11 42 U
42 28 13 0 L
42 29 23 0 L
42 32 41 10 L
42 33 14 24 R
42 35 7 16 R
42 36 15 14 R
42 37 45 37 D
42 40 30 29 D
42 41 0 18 R
42 42 16 21 R
42 43 47 27 R
42 44 22 5 L
42 45 13 11 L
42 46 27 11 L
42 47 18 2 L
42 48 46 8 L
43 1 5 36 D
43 3 24 28 D
43 4 31 4 L
43 5 2 28 D
43 6 3 6 L
43 7 7 20 R
43 8 26 8 L
43 9 15 9 L
43 10 40 37 D
43 12 44 30 D
43 15 51 36 D
43 16 21 16 R
43 17 2 17 R
43 18 3 18 R
43 19 47 46 U
43 20 47 48 U
43 21 33 34 D
43 22 29 47 U
43 23 9 23 R
43 24 30 24 R
43 25 16 47 U
43 27 4 41 U
43 28 27 2 L
43 29 11 20 R
43 31 11 21 R
43 32 46 41 U
43 33 51 1 L
43 35 1 48 U
43 36 32 9 L
43 37 45 37 D
43 40 34 27 R
43 41 31 16 R
43 42 3 8 L
43 43 25 17 R
43 44 4 9 L
43 45 28 45 U
43 46 0 21 R
43 48 25 24 R
44 1 29 36 D
44 2 25 2 L
44 3 46 39 U
44 4 23 4 L
44 5 2 5 L
44 6 42 45 U
44 7 26 7 L
44 8 46 41 U
44 9 33 44 U
44 10 33 41 U
44 12 0 15 R
44 16 4 40 U
44 17 11 45 U
44 18 23 32 D
44 19 28 19 R
44 20 9 34 D
44 21 10 21 R
44 22 1 22 R
44 23 13 23 R
44 24 39 24 R
44 25 6 47 U
44 27 47 27 R
44 28 11 0 L
44 29 23 29 D
44 30 33 23 R
44 32 11 32 D
44 33 16 22 R
44 34 25 3 L
44 35 42 23 R
44 36 1 36 D
44 37 28 17 R
44 40 49 12 L
44 42 4 27 R
44 43 5 24 R
44 44 50 44 U
44 45 6 45 U
44 46 45 10 L
44 48 50 32 D
45 1 28 39 U
45 3 13 29 D
45 4 0 34 D
45 5 20 17 R
45 6 31 21 R
45 7 19 7 L
45 8 2 31 D
45 9 17 29 D
45 10 14 10 L
45 12 18 12 L
45 14 18 40 U
45 15 10 39 U
45 16 22 43 U
45 17 17 43 U
45 18 53 34 D
45 19 4 37 D
45 20 1 20 R
45 21 18 21 R
45 24 26 31 D
45 27 12 40 U
45 28 41 21 R
45 29 47 18 R
45 31 35 1 L
45 32 8 8 L
45 33 50 33 D
45 35 10 18 R
45 36 22 15 R
45 37 20 2 L
45 40 53 7 L
45 41 2 17 R
45 42 40 19 R
45 43 43 19 R
45 44 23 6 L
45 46 24 20 R
45 47 25 3 L
45 48 14 48 U
46 0 15 28 D
46 1 26 1 L
46 3 11 30 D
46 4 15 34 D
46 5 17 28 D
46 6 27 20 R
46 7 33 7 L
46 8 24 47 U
46 9 7 9 L
46 10 13 10 L
46 12 25 12 L
46 14 28 29 D
46 15 21 30 D
46 16 4 34 D
46 17 15 29 D
46 18 44 46 U
46 19 11 35 D
46 20 32 36 D
46 21 11 21 R
46 24 7 24 R
46 25 21 25 R
46 27 4 27 R
46 29 15 19 R
46 30 26 17 R
46 31 34 20 R
46 33 41 33 D
46 34 38 18 R
46 35 15 6 L
46 36 7 23 R
46 37 1 37 D
46 41 18 17 R
46 42 9 16 R
46 43 28 3 L
46 45 32 7 L
46 46 21 2 L
46 48 21 1 L
47 1 14 1 L
47 2 6 28 D
47 3 5 39 U
47 4 10 41 U
47 5 25 5 L
47 6 10 6 L
47 7 25 7 L
47 8 32 47 U
47 9 25 46 U
47 10 33 39 U
47 12 34 46 U
47 14 39 41 U
47 15 44 42 U
47 16 4 16 R
47 17 43 43 U
47 18 32 18 R
47 19 25 42 U
47 20 26 33 D
47 21 42 28 D
47 22 10 22 R
47 24 23 35 D
47 27 14 46 U
47 28 46 24 R
47 29 24 24 R
47 30 51 3 L
47 31 19 10 L
47 33 41 4 L
47 34 41 7 L
47 35 45 16 R
47 36 1 0 L
47 42 35 14 R
47 44 22 10 L
47 47 43 26 R
47 48 49 48 U
48 0 42 44 U
48 1 19 31 D
48 2 18 40 U
48 3 27 31 D
48 4 9 4 L
48 5 5 35 D
48 6 43 43 U
48 7 1 7 L
48 8 5 8 L
48 9 15 9 L
48 10 21 33 D
48 11 12 11 L
48 12 5 15 R
48 16 7 42 U
48 17 22 42 U
48 18 4 35 D
48 19 16 19 R
48 20 3 34 D
48 21 4 21 R
48 22 4 22 R
48 23 16 42 U
48 24 32 24 R
48 27 21 27 R
48 33 20 12 L
48 34 2 20 R
48 35 39 21 R
48 36 1 36 D
48 39 46 20 R
48 42 42 31 D
48 46 42 6 L
48 48 35 21 R
49 3 16 3 L
49 4 3 34 D
49 5 12 5 L
49 6 21 6 L
49 8 16 8 L
49 9 44 35 D
49 10 7 10 L
49 11 0 19 R
49 12 4 12 L
49 14 31 44 U
49 16 12 46 U
49 17 41 44 U
49 18 32 29 D
49 19 6 19 R
49 20 14 44 U
49 21 16 45 U
49 23 10 23 R
49 24 7 24 R
49 27 1 27 R
49 29 52 3 L
49 33 1 44 U
49 34 50 9 L
49 35 10 35 D
49 36 31 36 D
49 38 21 14 R
49 40 7 14 R
49 42 20 1 L
49 46 13 1 L
49 48 4 48 U
50 4 35 4 L
50 5 46 31 D
50 6 21 46 U
50 8 25 8 L
50 9 8 9 L
50 10 6 10 L
50 12 48 35 D
50 14 2 47 U
50 17 3 45 U
50 19 2 19 R
50 20 6 20 R
50 21 14 41 U
50 23 36 9 L
50 24 44 24 R
50 27 15 27 R
50 33 26 33 D
50 35 43 6 L
50 36 18 8 L
50 42 45 5 L
50 44 6 44 U
50 46 22 46 U
50 48 21 48 U
51 5 31 19 R
51 6 13 6 L
51 9 8 9 L
51 10 10 10 L
51 12 6 12 L
51 17 10 43 U
51 19 11 19 R
51 20 8 20 R
51 21 38 34 D
51 23 28 23 R
51 24 23 24 R
51 27 47 43 U
51 35 52 6 L
51 36 43 21 R
51 42 2 10 L
51 48 5 48 U
52 5 6 47 U
52 9 15 9 L
52 10 16 10 L
52 12 15 12 L
52 19 38 36 D
52 20 35 30 D
52 21 6 39 U
52 24 27 44 U
52 27 28 27 R
52 33 44 33 D
52 35 4 47 U
52 42 10 7 L
52 48 3 48 U
53 5 1 5 L
53 9 8 9 L
53 10 13 10 L
53 12 9 12 L
53 19 52 36 D
53 20 20 29 D
53 21 41 47 U
53 24 34 33 D
53 27 23 27 R
53 35 14 35 D
53 48 49 12 L
54 5 30 30 D
54 10 1 10 L
54 12 22 45 U
54 19 32 33 D
54 21 51 43 U
54 27 23 27 R
54 35 6 35 D
54 48 26 48 U
55 10 0 22 R
55 12 50 12 L
55 19 11 32 D
55 27 39 46 U
55 35 26 35 D
55 48 26 48 U
56 12 0 37 D
56 27 9 27 R
56 48 40 48 U
57 12 11 12 L
57 27 9 27 R

