18 19 280
15 8 0 10 8 9 7 0 0 2 5 0 2 0 0 7 0
0 9 14 0 0 0 0 10 11 1 1 0 0 0 3 0 13
16 3 11 0 5 0 7 0 13 11 0 0 0 0 0 0 0
2 0 0 0 12 0 0 0 9 0 14 0 0 11 0 4 0
5 12 0 0 10 5 2 0 0 14 0 9 7 0 0 0 8
8 11 0 10 0 5 8 0 0 0 4 0 0 7 9 12 5
0 10 0 13 10 2 8 15 0 0 0 0 5 14 12 0 0
0 7 2 0 0 15 11 6 11 0 12 13 4 0 10 0 0
0 0 14 0 0 0 15 0 0 7 0 0 3 0 16 0 0
10 14 3 0 3 0 0 0 6 0 10 0 0 0 0 0 7
0 0 12 0 2 12 6 5 0 13 14 0 0 0 0 15 7
0 0 13 11 0 0 0 4 0 16 0 0 5 0 0 17 0
14 4 11 0 0 0 8 3 0 9 0 0 8 4 12 0 4
6 12 0 0 0 0 0 8 13 0 0 0 0 0 0 14 0
0 10 0 11 0 16 8 0 0 0 2 11 0 2 8 0 6
0 0 4 0 0 15 0 0 12 0 9 0 0 0 0 5 0
0 11 0 8 15 6 0 4 3 11 0 13 3 0 10 11 10
0 0 0 0 U
0 1 0 1 U
0 2 0 2 U
0 3 0 3 U
0 4 0 4 U
0 5 0 5 R
0 6 0 6 R
0 7 0 7 R
0 8 0 8 R
0 9 0 9 R
0 10 0 10 D
0 11 0 11 D
0 12 0 12 D
0 13 0 13 D
0 14 0 14 D
0 15 0 15 L
0 16 0 16 L
0 17 0 17 L
0 18 0 18 L
1 0 0 10 D
1 1 0 11 D
1 2 0 10 D
1 3 8 8 R
1 4 3 4 U
1 5 0 2 U
1 6 0 1 U
1 7 0 15 L
1 8 0 18 L
1 9 6 11 D
1 10 0 6 R
1 11 3 11 D
1 12 9 15 L
1 13 4 13 D
1 14 12 18 L
1 15 3 15 L
1 16 0 2 U
1 17 6 17 L
1 18 5 18 L
2 0 5 8 R
2 1 0 5 R
2 2 4 15 L
2 3 1 3 U
2 4 8 14 D
2 5 8 10 D
2 6 4 0 U
2 7 3 0 U
2 8 1 8 R
2 9 1 9 R
2 10 0 16 L
2 11 0 7 R
2 12 3 12 D
2 13 1 13 D
2 14 7 8 R
2 15 0 1 U
2 16 6 16 L
2 17 0 4 U
2 18 0 3 U
3 0 8 5 R
3 1 0 6 R
3 2 0 15 L
3 3 2 3 U
3 4 6 11 D
3 5 8 15 L
3 6 1 6 R
3 7 2 7 R
3 8 7 12 D
3 9 12 9 R
3 10 4 6 R
3 11 4 2 U
3 12 5 12 D
3 13 9 17 L
3 14 8 14 D
3 15 6 3 U
3 16 0 5 R
3 17 2 17 L
3 18 0 9 R
4 0 0 17 L
4 1 0 12 D
4 2 8 2 U
4 3 8 17 L
4 4 0 13 D
4 5 0 15 L
4 6 0 10 D
4 7 1 4 U
4 8 9 8 R
4 9 10 9 R
4 10 0 5 R
4 11 10 11 D
4 12 0 2 U
4 13 5 1 U
4 14 9 14 D
4 15 0 0 U
4 16 7 3 U
4 17 2 1 U
4 18 7 18 L
5 0 0 8 R
5 1 6 1 U
5 2 4 7 R
5 3 2 9 R
5 4 1 4 U
5 5 0 11 D
5 6 0 16 L
5 7 2 7 R
5 8 9 8 R
5 9 14 4 U
5 10 0 15 L
5 11 9 16 L
5 12 1 12 D
5 13 0 3 U
5 14 12 14 D
5 15 0 10 D
5 16 0 9 R
5 17 0 6 R
5 18 6 18 L
6 0 4 0 U
6 1 1 1 U
6 2 8 17 L
6 3 0 8 R
6 4 3 7 R
6 5 0 0 U
6 6 4 6 R
6 7 1 7 R
6 8 0 4 U
6 9 1 9 R
6 10 7 16 L
6 11 0 17 L
6 12 11 12 D
6 13 0 9 R
6 14 12 14 D
6 15 9 0 U
6 16 2 2 U
6 17 0 10 D
6 18 4 3 U
7 0 10 16 L
7 1 0 15 L
7 2 9 6 R
7 3 0 13 D
7 4 1 4 U
7 5 2 0 U
7 6 9 15 L
7 7 1 10 D
7 8 0 11 D
7 9 1 1 U
7 10 1 15 L
7 11 0 8 R
7 12 1 12 D
7 13 1 7 R
7 14 6 14 D
7 15 1 15 L
7 16 6 16 L
7 17 0 13 D
7 18 6 4 U
8 0 7 16 L
8 1 7 1 U
8 2 1 2 U
8 3 4 15 L
8 4 3 13 D
8 5 6 0 U
8 6 4 1 U
8 7 3 12 D
8 8 1 8 R
8 9 1 9 R
8 10 10 10 D
8 11 0 18 L
8 12 0 17 L
8 13 14 13 D
8 14 0 1 U
8 15 7 1 U
8 16 5 16 L
8 17 3 1 U
8 18 0 11 D
9 0 3 18 L
9 1 8 8 R
9 2 4 18 L
9 3 2 15 L
9 4 13 15 L
9 5 1 5 R
9 6 14 0 U
9 7 3 16 L
9 8 1 8 R
9 10 13 5 R
9 11 5 15 L
9 12 12 5 R
9 13 5 13 D
9 15 1 15 L
9 16 11 16 L
9 17 1 17 L
9 18 0 12 D
10 0 0 18 L
10 1 2 17 L
10 2 1 2 U
10 3 3 9 R
10 4 13 4 U
10 5 0 12 D
10 6 9 6 R
10 7 8 1 U
10 8 2 17 L
10 9 5 9 R
10 10 1 16 L
10 11 8 11 D
10 12 13 17 L
10 13 3 13 D
10 15 3 10 D
10 16 0 14 D
10 17 11 11 D
10 18 3 13 D
11 0 5 7 R
11 1 5 6 R
11 2 4 5 R
11 3 5 17 L
11 4 1 4 U
11 5 9 5 R
11 6 7 6 R
11 7 1 12 D
11 8 1 8 R
11 9 0 3 U
11 10 2 1 U
11 11 3 5 R
11 12 8 12 D
11 13 0 5 R
11 15 6 10 D
11 16 1 0 U
11 17 3 12 D
11 18 0 2 U
12 0 8 0 U
12 1 11 1 U
12 3 2 5 R
12 5 14 11 D
12 6 13 6 R
12 7 0 13 D
12 8 3 8 R
12 10 4 2 U
12 11 6 6 R
12 12 4 12 D
12 15 2 11 D
12 16 16 2 U
12 17 8 3 U
12 18 10 18 L
13 0 9 18 L
13 1 4 14 D
13 2 12 2 U
13 3 1 17 L
13 4 2 4 U
13 5 10 4 U
13 6 6 10 D
13 7 6 7 R
13 8 1 2 U
13 10 8 10 D
13 11 6 5 R
13 12 8 12 D
13 13 9 8 R
13 15 9 15 L
13 16 12 16 L
13 17 11 17 L
13 18 5 18 L
14 0 6 8 R
14 3 12 3 U
14 5 7 5 R
14 6 7 6 R
14 8 10 18 L
14 10 3 10 D
14 11 13 11 D
14 12 4 12 D
14 15 15 3 U
14 16 7 16 L
14 17 0 7 R
15 0 5 15 L
15 3 7 7 R
15 5 0 1 U
15 6 4 6 R
15 8 2 8 R
15 12 10 6 R
15 15 13 13 D
15 16 12 12 D
16 0 11 0 U
16 3 7 3 U
16 6 2 6 R
16 8 15 8 R
16 12 12 12 D
17 8 1 11 D

