7 7 39
3 1 0 0 0 2 0 0 6 5
0 0 0 3 2 0 0 0 0 3
0 0 3 0 0 0 0 0 4 0
3 0 0 0 0 0 0 0 0 5
0 3 0 0 0 0 0 3 0 0
3 0 0 1 0 0 3 0 0 0
4 3 2 0 0 0 0 0 0 1
0 0 0 0 0 0 0 0 0 0
0 6 0 0 6 0 0 0 5 1
1 0 0 0 2 2 0 0 1 1
0 0 0 0 D
0 1 0 1 R
0 2 0 2 R
0 3 0 3 U
0 4 0 4 U
0 5 0 5 L
0 6 0 6 L
1 0 0 1 R
1 1 0 6 L
1 2 0 3 U
1 3 0 5 L
1 4 3 2 R
1 5 0 3 U
1 6 0 4 U
2 0 3 2 R
2 1 1 1 R
2 2 4 3 U
2 3 3 1 R
2 4 3 0 D
2 5 1 5 L
3 0 0 2 R
3 1 0 5 L
3 2 0 0 D
3 3 4 5 L
3 4 2 4 U
3 5 0 0 D
4 0 1 0 D
4 1 3 3 U
4 2 1 2 R
4 3 1 3 U
4 4 0 1 R
4 5 2 4 U
5 0 4 5 L
5 1 1 5 L
5 3 4 3 U
5 5 2 0 D
6 0 0 4 U
6 1 5 1 R
6 5 4 1 R

