43 76 3113
35 36 37 38 37 16 0 36 41 29 23 30 12 27 28 1 32 3 33 17
0 0 0 39 3 14 21 4 40 0 38 0 37 23 17 4 22 32 0 35
31 35 32 26 0 27 16 36 39 10 27 29 0 19 33 37 35 40 0 39
40 0 0 0 35 37 0 0 34 41 40 40 40 39 34 26 0 38 0 0
41 1 27 26 25 24 23 22 21 20 15 14 13 11 38 12 32 32 30 0
42 31 4 22 20 38 40 16 22 30 0 31 36 31 0 3 24 39 34 0
32 29 0 40 32 27 39 23 0 0 38 37 6 32 14 0 28 17 3 0
33 0 34 0 17 34 0 42 32 0 0 40 38 21 28 2 32 38 34 0
15 22 23 12 10 11 20 0 37 0 37 0 27 12 25 33 1 16 6 0
12 7 24 29 11 30 15 31 20 26 10 0 27 33 36 30 32 15 41 42
4 5 2 2 37 3 20 9 2 8 34 0 38 10 5 3 0 3 42 38
2 33 22 10 34 8 0 0 22 6 36 0 17 5 37 0 13 11 41 41
37 8 22 0 37 11 28 29 3 14 19 41 0 42 17 12 41 42 42 0
8 0 1 39 0 27 24 40 26 39 37 0 37 32 38 33 0 33 0 0
19 31 31 32 40 23 16 39 38 0 34 33 36 40 15 22 38 0 38 0
13 20 21 22 36 37 19 24 38 40 42 35 22 0 0 34 0 2 0 0
36 5 0 10 3 39 18 18 33 40 41 42 23 0 19 14 41 31 37 0
11 8 0 8 25 32 30 11 20 31 14 0 24 0 37 0 0 40 41 0
30 13 14 15 16 17 18 0 19 35 32 41 36 42 42 22 0 19 39 0
21 0 16 2 12 5 33 0 0 33 40 30 0 0 0 23 42 37 25 29
0 0 0 0 U
0 1 0 1 U
0 2 0 2 U
0 3 0 3 U
0 4 0 4 U
0 5 0 5 U
0 6 0 6 U
0 7 0 7 U
0 8 0 8 U
0 9 0 9 U
0 10 0 10 U
0 11 0 11 U
0 12 0 12 U
0 13 0 13 U
0 14 0 14 U
0 15 0 15 U
0 16 0 16 U
0 17 0 17 U
0 18 0 18 U
0 19 0 19 U
0 20 0 20 R
0 21 0 21 R
0 22 0 22 R
0 23 0 23 R
0 24 0 24 R
0 25 0 25 R
0 26 0 26 R
0 27 0 27 R
0 28 0 28 R
0 29 0 29 R
0 30 0 30 R
0 31 0 31 R
0 32 0 32 R
0 33 0 33 R
0 34 0 34 R
0 35 0 35 R
0 36 0 36 R
0 37 0 37 R
0 38 0 38 R
0 39 0 39 D
0 40 0 40 D
0 41 0 41 D
0 42 0 42 D
0 43 0 43 D
0 44 0 44 D
0 45 0 45 D
0 46 0 46 D
0 47 0 47 D
0 48 0 48 D
0 49 0 49 D
0 50 0 50 D
0 51 0 51 D
0 52 0 52 D
0 53 0 53 D
0 54 0 54 D
0 55 0 55 D
0 56 0 56 D
0 57 0 57 L
0 58 0 58 L
0 59 0 59 L
0 60 0 60 L
0 61 0 61 L
0 62 0 62 L
0 63 0 63 L
0 64 0 64 L
0 65 0 65 L
0 66 0 66 L
0 67 0 67 L
0 68 0 68 L
0 69 0 69 L
0 70 0 70 L
0 71 0 71 L
0 72 0 72 L
0 73 0 73 L
0 74 0 74 L
0 75 0 75 L
1 0 0 20 R
1 1 0 57 L
1 2 1 40 D
1 3 0 59 L
1 4 0 22 R
1 5 1 25 R
1 6 0 43 D
1 7 2 25 R
1 8 3 21 R
1 9 3 65 L
1 10 1 25 R
1 11 1 29 R
1 12 4 31 R
1 13 2 32 R
1 14 3 70 L
1 15 2 34 R
1 16 3 35 R
1 17 0 61 L
1 18 7 72 L
1 19 9 60 L
1 20 0 1 U
1 21 2 1 U
1 22 1 41 D
1 23 2 3 U
1 24 0 59 L
1 25 0 61 L
1 26 0 7 U
1 27 0 64 L
1 28 2 39 D
1 29 0 4 U
1 30 3 50 D
1 31 3 11 U
1 32 0 63 L
1 33 0 13 U
1 34 0 71 L
1 35 4 54 D
1 36 2 14 U
1 37 4 56 D
1 38 8 10 U
1 39 0 0 U
1 40 0 1 U
1 41 0 21 R
1 42 2 24 R
1 43 0 61 L
1 44 1 59 L
1 45 0 63 L
1 46 0 27 R
1 47 4 28 R
1 48 4 66 L
1 49 3 66 L
1 50 2 29 R
1 51 1 68 L
1 52 4 32 R
1 53 2 33 R
1 54 1 33 R
1 55 2 35 R
1 56 1 74 L
1 57 0 0 U
1 58 1 39 D
1 59 0 2 U
1 60 1 42 D
1 61 0 42 D
1 62 1 5 U
1 63 0 7 U
1 64 1 45 D
1 65 2 43 D
1 66 2 10 U
1 67 0 27 R
1 68 3 49 D
1 69 3 51 D
1 70 2 13 U
1 71 0 53 D
1 72 0 34 R
1 73 3 16 U
1 74 2 12 U
1 75 0 30 R
2 0 0 58 L
2 1 2 20 R
2 2 2 2 U
2 3 0 23 R
2 4 0 62 L
2 5 1 5 U
2 6 1 6 U
2 7 0 26 R
2 8 3 8 U
2 9 4 9 U
2 10 4 10 U
2 11 3 11 U
2 12 4 69 L
2 13 2 13 U
2 14 2 14 U
2 15 3 15 U
2 16 3 16 U
2 17 5 17 U
2 18 6 18 U
2 19 7 19 U
2 20 1 40 D
2 21 1 21 R
2 22 0 3 U
2 23 2 23 R
2 24 1 43 D
2 25 2 6 U
2 26 0 43 D
2 27 0 45 D
2 28 2 28 R
2 29 3 49 D
2 30 1 50 D
2 31 2 31 R
2 32 1 32 R
2 33 1 33 R
2 34 2 15 U
2 35 3 35 R
2 36 2 36 R
2 37 2 37 R
2 38 6 38 R
2 39 0 57 L
2 40 1 22 R
2 41 2 41 D
2 42 0 60 L
2 43 0 26 R
2 44 2 44 D
2 45 2 27 R
2 46 2 46 D
2 47 3 47 D
2 48 3 48 D
2 49 2 49 D
2 50 2 50 D
2 51 2 69 L
2 52 2 52 D
2 53 4 53 D
2 54 3 54 D
2 55 4 55 D
2 56 2 56 D
2 57 0 39 D
2 58 1 58 L
2 59 0 4 U
2 60 2 60 L
2 61 0 44 D
2 62 1 62 L
2 63 0 2 U
2 64 1 64 L
2 65 0 25 R
2 66 1 66 L
2 67 0 48 D
2 68 2 7 U
2 69 1 52 D
2 70 4 70 L
2 71 1 54 D
2 72 1 53 D
2 73 4 73 L
2 74 3 74 L
2 75 6 75 L
3 0 3 58 L
3 1 2 59 L
3 2 0 60 L
3 3 0 61 L
3 4 3 27 R
3 5 0 57 L
3 6 3 67 L
3 7 4 68 L
3 8 2 8 U
3 9 3 9 U
3 10 3 10 U
3 11 1 11 U
3 12 2 69 L
3 13 3 13 U
3 14 4 14 U
3 15 2 15 U
3 16 0 67 L
3 17 6 17 U
3 18 4 55 D
3 19 9 19 U
3 20 0 39 D
3 21 2 0 U
3 22 0 40 D
3 23 1 0 U
3 24 4 8 U
3 25 0 44 D
3 26 3 47 D
3 27 0 49 D
3 28 1 28 R
3 29 1 11 U
3 30 2 51 D
3 31 4 31 R
3 32 3 12 U
3 33 1 53 D
3 34 3 34 R
3 35 2 55 D
3 36 3 36 R
3 37 6 10 U
3 38 4 38 R
3 39 1 58 L
3 40 1 60 L
3 41 0 22 R
3 42 1 62 L
3 43 2 64 L
3 44 2 65 L
3 45 0 26 R
3 46 1 46 D
3 47 1 47 D
3 48 4 48 D
3 49 4 67 L
3 50 3 50 D
3 51 3 30 R
3 52 3 52 D
3 53 2 71 L
3 54 2 54 D
3 55 3 35 R
3 56 1 37 R
3 57 1 46 D
3 58 0 20 R
3 59 0 23 R
3 60 2 39 D
3 61 2 5 U
3 62 0 24 R
3 63 3 63 L
3 64 0 43 D
3 65 0 26 R
3 66 3 66 L
3 67 2 67 L
3 68 4 68 L
3 69 4 69 L
3 70 1 14 U
3 71 1 15 U
3 72 2 55 D
3 73 1 56 D
3 74 2 74 L
3 75 9 75 L
4 0 2 57 L
4 1 0 21 R
4 2 0 28 R
4 3 0 64 L
4 4 2 4 U
4 5 0 29 R
4 6 2 6 U
4 7 0 30 R
4 8 1 8 U
4 9 4 25 R
4 10 4 65 L
4 11 0 68 L
4 12 0 72 L
4 13 4 13 U
4 14 4 73 L
4 15 3 71 L
4 16 5 16 U
4 17 7 17 U
4 18 8 18 U
4 19 10 27 R
4 20 2 41 D
4 21 2 57 L
4 22 2 22 R
4 23 1 23 R
4 24 0 2 U
4 25 4 9 U
4 26 1 26 R
4 27 4 6 U
4 28 3 9 U
4 29 3 29 R
4 30 0 69 L
4 31 1 51 D
4 32 3 51 D
4 33 2 33 R
4 34 1 34 R
4 35 0 72 L
4 36 4 36 R
4 37 6 37 R
4 38 5 38 R
4 39 3 24 R
4 40 3 40 D
4 41 0 63 L
4 42 4 42 D
4 43 1 43 D
4 44 1 44 D
4 45 2 45 D
4 46 1 61 L
4 47 3 64 L
4 48 0 5 U
4 49 1 7 U
4 50 4 30 R
4 51 4 12 U
4 52 3 70 L
4 53 4 72 L
4 54 0 72 L
4 55 0 36 R
4 56 1 56 D
4 57 1 8 U
4 58 0 1 U
4 59 4 59 L
4 60 0 41 D
4 61 4 3 U
4 62 4 62 L
4 63 2 63 L
4 64 0 3 U
4 65 4 10 U
4 66 1 48 D
4 67 4 67 L
4 68 0 12 U
4 69 0 31 R
4 70 1 70 L
4 71 4 71 L
4 72 0 55 D
4 73 1 73 L
4 74 1 26 R
4 75 7 75 L
5 0 0 39 D
5 1 3 25 R
5 2 4 60 L
5 3 6 58 L
5 4 3 63 L
5 5 0 39 D
5 6 1 60 L
5 7 2 63 L
5 8 7 8 U
5 9 0 55 D
5 10 4 74 L
5 11 1 64 L
5 12 6 34 R
5 13 3 31 R
5 14 5 29 R
5 15 2 66 L
5 16 6 16 U
5 17 3 45 D
5 18 0 39 D
5 19 13 47 D
5 20 3 44 D
5 21 4 3 U
5 22 1 39 D
5 23 2 46 D
5 24 6 42 D
5 25 7 7 U
5 26 6 1 U
5 27 6 9 U
5 28 4 45 D
5 29 6 0 U
5 30 4 30 R
5 31 5 0 U
5 32 8 53 D
5 33 10 7 U
5 34 7 9 U
5 35 18 4 U
5 36 6 40 D
5 37 4 37 R
5 38 7 38 R
5 39 3 73 L
5 40 6 2 U
5 41 3 1 U
5 42 2 20 R
5 43 2 57 L
5 44 1 36 R
5 45 7 24 R
5 46 4 59 L
5 47 1 58 L
5 48 4 37 R
5 49 2 28 R
5 50 4 21 R
5 51 6 62 L
5 52 5 66 L
5 53 1 70 L
5 54 8 32 R
5 55 3 67 L
5 56 0 3 U
5 57 0 22 R
5 58 1 4 U
5 59 4 16 U
5 60 3 13 U
5 61 5 3 U
5 62 5 17 U
5 63 5 42 D
5 64 7 48 D
5 65 7 11 U
5 66 1 41 D
5 67 5 14 U
5 68 1 25 R
5 69 1 6 U
5 70 0 2 U
5 71 0 54 D
5 72 8 72 L
5 73 8 18 U
5 74 4 74 L
5 75 13 53 D
6 0 0 42 D
6 1 0 44 D
6 2 5 2 U
6 3 5 3 U
6 4 7 58 L
6 5 8 5 U
6 6 4 6 U
6 7 8 7 U
6 8 5 61 L
6 9 8 25 R
6 10 5 10 U
6 11 2 11 U
6 12 7 12 U
6 13 8 62 L
6 14 5 14 U
6 15 5 15 U
6 16 1 16 U
6 17 8 17 U
6 18 9 18 U
6 19 11 19 U
6 20 4 43 D
6 21 0 9 U
6 22 3 40 D
6 23 6 23 R
6 24 7 24 R
6 25 0 16 U
6 26 7 26 R
6 27 8 50 D
6 28 8 56 D
6 29 5 8 U
6 30 3 30 R
6 31 3 45 D
6 32 5 32 R
6 33 10 33 R
6 34 9 48 D
6 35 14 35 R
6 36 2 8 U
6 37 6 8 U
6 38 7 18 U
6 39 4 60 L
6 40 3 57 L
6 41 5 41 D
6 42 5 63 L
6 43 5 30 R
6 44 0 37 R
6 45 4 66 L
6 46 3 46 D
6 47 5 47 D
6 48 5 16 U
6 49 6 65 L
6 50 5 29 R
6 51 6 51 D
6 52 8 52 D
6 53 8 74 L
6 54 5 54 D
6 55 8 55 D
6 56 8 56 D
6 57 4 46 D
6 58 2 58 L
6 59 2 59 L
6 60 1 60 L
6 61 2 61 L
6 62 7 62 L
6 63 4 1 U
6 64 5 2 U
6 65 5 65 L
6 66 6 66 L
6 67 5 67 L
6 68 7 68 L
6 69 8 54 D
6 70 6 70 L
6 71 3 71 L
6 72 2 72 L
6 73 5 73 L
6 74 6 74 L
6 75 14 75 L
7 0 1 20 R
7 1 0 24 R
7 2 0 31 R
7 3 5 49 D
7 4 7 4 U
7 5 8 57 L
7 6 6 6 U
7 7 7 25 R
7 8 4 22 R
7 9 8 27 R
7 10 5 69 L
7 11 6 11 U
7 12 6 12 U
7 13 7 13 U
7 14 3 71 L
7 15 6 15 U
7 16 4 26 R
7 17 8 20 R
7 18 5 18 U
7 19 14 19 U
7 20 5 39 D
7 21 5 4 U
7 22 7 8 U
7 23 5 23 R
7 24 5 5 U
7 25 5 25 R
7 26 0 5 U
7 27 5 27 R
7 28 8 28 R
7 29 2 0 U
7 30 5 2 U
7 31 5 9 U
7 32 7 14 U
7 33 8 33 R
7 34 11 34 R
7 35 18 35 R
7 36 17 52 D
7 37 0 2 U
7 38 2 53 D
7 39 6 57 L
7 40 6 23 R
7 41 0 4 U
7 42 7 60 L
7 43 5 74 L
7 44 0 58 L
7 45 6 45 D
7 46 5 37 R
7 47 6 47 D
7 48 5 48 D
7 49 8 49 D
7 50 6 50 D
7 51 5 51 D
7 52 4 52 D
7 53 6 69 L
7 54 8 54 D
7 55 0 73 L
7 56 7 30 R
7 57 6 47 D
7 58 7 39 D
7 59 7 15 U
7 60 7 43 D
7 61 5 61 L
7 62 6 17 U
7 63 0 28 R
7 64 6 64 L
7 65 7 65 L
7 66 5 66 L
7 67 6 6 U
7 68 6 68 L
7 69 5 12 U
7 70 7 70 L
7 71 0 29 R
7 72 4 26 R
7 73 7 73 L
7 74 2 46 D
7 75 13 75 L
8 0 6 0 U
8 1 2 29 R
8 2 7 64 L
8 3 4 3 U
8 4 3 26 R
8 5 4 5 U
8 6 0 46 D
8 7 2 7 U
8 8 8 23 R
8 9 8 63 L
8 10 6 10 U
8 11 8 11 U
8 12 2 12 U
8 13 8 13 U
8 14 7 38 R
8 15 3 69 L
8 16 7 16 U
8 17 0 60 L
8 18 9 67 L
8 19 13 19 U
8 20 7 17 U
8 21 0 46 D
8 22 5 42 D
8 23 8 5 U
8 24 0 8 U
8 25 8 15 U
8 26 4 26 R
8 27 8 27 R
8 28 6 53 D
8 29 7 47 D
8 30 6 44 D
8 31 6 31 R
8 32 8 32 R
8 33 10 46 D
8 34 6 34 R
8 35 17 35 R
8 36 17 36 R
8 37 5 17 U
8 38 21 6 U
8 39 0 67 L
8 40 3 26 R
8 41 0 24 R
8 42 6 61 L
8 43 4 25 R
8 44 7 68 L
8 45 5 57 L
8 46 4 46 D
8 47 2 62 L
8 48 8 30 R
8 49 5 49 D
8 50 5 27 R
8 51 7 51 D
8 52 7 52 D
8 53 5 38 R
8 54 4 38 R
8 55 5 55 D
8 56 6 56 D
8 57 7 51 D
8 58 0 21 R
8 59 0 40 D
8 60 0 56 D
8 61 8 52 D
8 62 6 4 U
8 63 7 63 L
8 64 7 64 L
8 65 8 49 D
8 66 0 13 U
8 67 5 50 D
8 68 1 51 D
8 69 6 69 L
8 70 3 70 L
8 71 9 71 L
8 72 6 72 L
8 73 18 17 U
8 74 8 53 D
8 75 12 75 L
9 0 0 70 L
9 1 6 37 R
9 2 9 21 R
9 3 7 68 L
9 4 1 75 L
9 5 6 23 R
9 6 9 62 L
9 7 10 69 L
9 8 9 8 U
9 9 10 64 L
9 10 6 57 L
9 11 8 24 R
9 12 12 65 L
9 13 11 68 L
9 14 12 29 R
9 15 11 66 L
9 16 12 20 R
9 17 9 17 U
9 18 1 18 U
9 19 14 50 D
9 20 8 19 U
9 21 1 44 D
9 22 2 18 U
9 23 8 49 D
9 24 9 6 U
9 25 9 17 U
9 26 8 8 U
9 27 7 40 D
9 28 10 19 U
9 29 5 0 U
9 30 9 45 D
9 31 10 54 D
9 32 5 1 U
9 33 0 70 L
9 34 2 43 D
9 35 19 35 R
9 36 14 36 R
9 37 2 45 D
9 38 18 38 R
9 39 7 32 R
9 40 5 64 L
9 41 2 71 L
9 42 7 59 L
9 43 3 32 R
9 44 3 61 L
9 45 9 72 L
9 46 10 72 L
9 47 9 29 R
9 48 10 63 L
9 49 7 58 L
9 50 9 21 R
9 51 6 57 L
9 52 9 26 R
9 53 7 32 R
9 54 10 28 R
9 55 4 4 U
9 56 9 13 U
9 57 4 42 D
9 58 8 51 D
9 59 4 43 D
9 60 2 42 D
9 61 8 4 U
9 62 9 41 D
9 63 9 18 U
9 64 5 41 D
9 65 9 3 U
9 66 0 3 U
9 67 8 67 L
9 68 8 33 R
9 69 6 15 U
9 70 3 18 U
9 71 7 40 D
9 72 9 72 L
9 73 15 73 L
9 74 0 14 U
9 75 10 75 L
10 0 8 60 L
10 1 9 24 R
10 2 10 28 R
10 3 10 44 D
10 4 10 67 L
10 5 11 5 U
10 6 9 6 U
10 7 6 7 U
10 8 2 58 L
10 9 9 9 U
10 10 7 70 L
10 11 10 11 U
10 12 11 12 U
10 13 11 13 U
10 14 12 14 U
10 15 12 15 U
10 16 10 16 U
10 17 7 26 R
10 18 10 43 D
10 19 14 63 L
10 20 5 10 U
10 21 9 21 R
10 22 2 2 U
10 23 2 52 D
10 24 8 11 U
10 25 9 48 D
10 26 9 8 U
10 27 9 9 U
10 28 9 2 U
10 29 10 3 U
10 30 10 14 U
10 31 9 31 R
10 32 9 32 R
10 33 7 33 R
10 34 12 34 R
10 35 15 35 R
10 36 15 36 R
10 37 7 4 U
10 38 19 38 R
10 39 0 20 R
10 40 3 59 L
10 41 6 67 L
10 42 9 62 L
10 43 10 63 L
10 44 10 65 L
10 45 9 24 R
10 46 9 46 D
10 47 9 47 D
10 48 10 25 R
10 49 12 59 L
10 50 10 50 D
10 51 9 71 L
10 52 9 52 D
10 53 11 53 D
10 54 10 54 D
10 55 12 55 D
10 56 11 56 D
10 57 7 23 R
10 58 4 39 D
10 59 0 9 U
10 60 0 51 D
10 61 9 51 D
10 62 10 42 D
10 63 10 46 D
10 64 10 25 R
10 65 10 7 U
10 66 11 66 L
10 67 6 0 U
10 68 5 68 L
10 69 11 69 L
10 70 5 31 R
10 71 2 41 D
10 72 10 43 D
10 73 14 73 L
10 74 11 74 L
10 75 14 6 U
11 0 0 71 L
11 1 11 66 L
11 2 12 27 R
11 3 12 58 L
11 4 11 25 R
11 5 12 40 D
11 6 11 29 R
11 7 7 53 D
11 8 12 64 L
11 9 12 22 R
11 10 11 10 U
11 11 12 21 R
11 12 12 12 U
11 13 10 13 U
11 14 11 14 U
11 15 8 15 U
11 16 12 16 U
11 17 10 17 U
11 18 13 62 L
11 19 15 26 R
11 20 5 47 D
11 21 10 0 U
11 22 0 11 U
11 23 7 39 D
11 24 12 43 D
11 25 0 60 L
11 26 12 10 U
11 27 7 2 U
11 28 12 55 D
11 29 6 5 U
11 30 12 14 U
11 31 10 50 D
11 32 7 48 D
11 33 11 33 R
11 34 0 75 L
11 35 11 45 D
11 36 19 36 R
11 37 10 37 R
11 38 20 38 R
11 39 10 31 R
11 40 4 40 D
11 41 7 41 D
11 42 8 42 D
11 43 11 23 R
11 44 11 30 R
11 45 11 45 D
11 46 10 30 R
11 47 10 47 D
11 48 11 48 D
11 49 0 0 U
11 50 11 50 D
11 51 8 23 R
11 52 0 25 R
11 53 12 53 D
11 54 10 57 L
11 55 11 55 D
11 56 10 56 D
11 57 9 17 U
11 58 10 40 D
11 59 12 39 D
11 60 0 11 U
11 61 10 53 D
11 62 9 5 U
11 63 5 51 D
11 64 11 6 U
11 65 2 65 L
11 66 10 66 L
11 67 11 67 L
11 68 12 55 D
11 69 11 49 D
11 70 8 70 L
11 71 0 15 U
11 72 13 2 U
11 73 8 73 L
11 74 18 74 L
11 75 11 75 L
12 0 10 24 R
12 1 12 1 U
12 2 6 26 R
12 3 12 3 U
12 4 12 63 L
12 5 10 5 U
12 6 8 6 U
12 7 11 7 U
12 8 11 8 U
12 9 0 27 R
12 10 10 10 U
12 11 5 54 D
12 12 9 28 R
12 13 12 27 R
12 14 11 30 R
12 15 11 15 U
12 16 11 16 U
12 17 12 62 L
12 18 4 18 U
12 19 15 19 U
12 20 9 40 D
12 21 11 49 D
12 22 10 17 U
12 23 12 2 U
12 24 0 0 U
12 25 12 4 U
12 26 3 26 R
12 27 9 56 D
12 28 12 28 R
12 29 10 8 U
12 30 10 44 D
12 31 0 9 U
12 32 10 9 U
12 33 12 1 U
12 34 9 34 R
12 35 8 35 R
12 36 9 36 R
12 37 9 56 D
12 38 21 38 R
12 39 8 62 L
12 40 10 58 L
12 41 10 41 D
12 42 11 42 D
12 43 10 61 L
12 44 11 44 D
12 45 7 45 D
12 46 10 59 L
12 47 7 47 D
12 48 10 48 D
12 49 13 49 D
12 50 12 50 D
12 51 14 61 L
12 52 12 52 D
12 53 12 60 L
12 54 11 66 L
12 55 11 12 U
12 56 0 13 U
12 57 5 0 U
12 58 10 20 R
12 59 11 42 D
12 60 10 12 U
12 61 11 61 L
12 62 11 62 L
12 63 11 43 D
12 64 12 56 D
12 65 11 65 L
12 66 10 4 U
12 67 10 67 L
12 68 12 68 L
12 69 13 3 U
12 70 12 70 L
12 71 18 52 D
12 72 10 72 L
12 73 20 46 D
12 74 16 74 L
12 75 11 51 D
13 0 12 28 R
13 1 13 33 R
13 2 12 24 R
13 3 14 59 L
13 4 14 25 R
13 5 9 72 L
13 6 13 26 R
13 7 14 26 R
13 8 15 58 L
13 9 15 9 U
13 10 5 34 R
13 11 14 21 R
13 12 10 21 R
13 13 0 23 R
13 14 11 51 D
13 15 1 41 D
13 16 14 21 R
13 17 14 23 R
13 18 13 18 U
13 19 14 23 R
13 20 11 40 D
13 21 12 18 U
13 22 10 12 U
13 23 12 48 D
13 24 4 24 R
13 25 14 17 U
13 26 14 19 U
13 27 13 0 U
13 28 10 42 D
13 29 15 48 D
13 30 10 6 U
13 31 12 13 U
13 32 10 32 R
13 33 14 33 R
13 34 8 34 R
13 35 0 71 L
13 36 17 54 D
13 37 0 3 U
13 38 18 43 D
13 39 12 69 L
13 40 12 57 L
13 41 0 58 L
13 42 0 32 R
13 43 13 34 R
13 44 11 57 L
13 45 8 31 R
13 46 14 60 L
13 47 8 33 R
13 48 12 64 L
13 49 13 34 R
13 50 9 33 R
13 51 13 51 D
13 52 11 52 D
13 53 13 37 R
13 54 14 75 L
13 55 10 62 L
13 56 15 56 D
13 57 12 46 D
13 58 6 52 D
13 59 14 5 U
13 60 13 12 U
13 61 14 46 D
13 62 10 1 U
13 63 9 52 D
13 64 12 49 D
13 65 15 6 U
13 66 0 4 U
13 67 13 10 U
13 68 15 9 U
13 69 16 69 L
13 70 11 50 D
13 71 13 71 L
13 72 12 72 L
13 73 20 73 L
13 74 0 37 R
13 75 11 19 U
14 0 0 66 L
14 1 11 22 R
14 2 14 2 U
14 3 14 3 U
14 4 11 32 R
14 5 0 42 D
14 6 15 59 L
14 7 13 7 U
14 8 15 8 U
14 9 17 63 L
14 10 14 10 U
14 11 13 11 U
14 12 9 67 L
14 13 14 13 U
14 14 13 14 U
14 15 15 15 U
14 16 15 16 U
14 17 13 17 U
14 18 23 60 L
14 19 12 19 U
14 20 12 41 D
14 21 13 3 U
14 22 13 11 U
14 23 14 14 U
14 24 11 24 R
14 25 13 4 U
14 26 13 7 U
14 27 15 27 R
14 28 8 12 U
14 29 15 29 R
14 30 11 30 R
14 31 13 31 R
14 32 13 55 D
14 33 14 40 D
14 34 7 34 R
14 35 13 35 R
14 36 13 36 R
14 37 3 37 R
14 38 22 38 R
14 39 0 69 L
14 40 13 70 L
14 41 13 58 L
14 42 5 20 R
14 43 8 60 L
14 44 13 44 D
14 45 14 75 L
14 46 13 46 D
14 47 14 47 D
14 48 12 59 L
14 49 12 49 D
14 50 13 37 R
14 51 12 51 D
14 52 12 63 L
14 53 14 53 D
14 54 13 54 D
14 55 14 55 D
14 56 3 56 D
14 57 11 40 D
14 58 13 44 D
14 59 12 19 U
14 60 14 45 D
14 61 14 19 U
14 62 13 54 D
14 63 10 52 D
14 64 0 32 R
14 65 14 65 L
14 66 11 5 U
14 67 0 1 U
14 68 0 25 R
14 69 15 69 L
14 70 13 0 U
14 71 17 71 L
14 72 15 11 U
14 73 19 73 L
14 74 38 74 L
14 75 5 75 L
15 0 13 22 R
15 1 11 64 L
15 2 12 75 L
15 3 11 65 L
15 4 16 30 R
15 5 17 57 L
15 6 16 6 U
15 7 18 21 R
15 8 15 30 R
15 9 17 9 U
15 10 17 21 R
15 11 12 35 R
15 12 5 75 L
15 13 0 35 R
15 14 15 68 L
15 15 15 70 L
15 16 15 45 D
15 17 19 21 R
15 18 21 18 U
15 19 15 57 L
15 20 11 42 D
15 21 13 15 U
15 22 14 16 U
15 23 10 49 D
15 24 13 50 D
15 25 14 56 D
15 26 9 1 U
15 27 16 0 U
15 28 14 4 U
15 29 14 29 R
15 30 16 15 U
15 31 15 19 U
15 32 13 11 U
15 33 15 2 U
15 34 8 8 U
15 35 15 43 D
15 36 18 36 R
15 37 12 37 R
15 38 15 53 D
15 39 7 57 L
15 40 5 2 U
15 41 8 61 L
15 42 13 59 L
15 43 14 27 R
15 44 14 64 L
15 45 5 68 L
15 46 7 60 L
15 47 6 19 U
15 48 16 28 R
15 49 14 66 L
15 50 5 31 R
15 51 13 24 R
15 52 17 35 R
15 53 13 53 D
15 54 0 34 R
15 55 13 55 D
15 56 4 56 D
15 57 4 28 R
15 58 5 20 R
15 59 15 33 R
15 60 14 8 U
15 61 14 44 D
15 62 4 56 D
15 63 11 53 D
15 64 12 53 D
15 65 13 65 L
15 66 15 55 D
15 67 12 40 D
15 68 16 68 L
15 69 13 69 L
15 70 13 13 U
15 71 16 71 L
15 72 7 72 L
15 73 12 73 L
15 74 15 74 L
15 75 13 39 D
16 0 16 64 L
16 1 0 34 R
16 2 16 21 R
16 3 6 60 L
16 4 8 30 R
16 5 17 5 U
16 6 18 30 R
16 7 17 60 L
16 8 12 8 U
16 9 18 9 U
16 10 18 20 R
16 11 16 11 U
16 12 17 24 R
16 13 16 35 R
16 14 17 35 R
16 15 16 23 R
16 16 16 16 U
16 17 20 17 U
16 18 16 18 U
16 19 15 20 R
16 20 15 19 U
16 21 16 45 D
16 22 16 14 U
16 23 16 16 U
16 24 15 24 R
16 25 16 25 R
16 26 12 39 D
16 27 14 40 D
16 28 13 28 R
16 29 13 29 R
16 30 15 55 D
16 31 14 31 R
16 32 14 32 R
16 33 16 33 R
16 34 17 9 U
16 35 5 35 R
16 36 20 40 D
16 37 15 37 R
16 38 22 54 D
16 39 15 75 L
16 40 10 67 L
16 41 13 22 R
16 42 10 67 L
16 43 14 69 L
16 44 15 26 R
16 45 12 58 L
16 46 16 46 D
16 47 8 47 D
16 48 14 48 D
16 49 17 31 R
16 50 14 50 D
16 51 14 6 U
16 52 19 52 D
16 53 17 35 R
16 54 19 66 L
16 55 15 29 R
16 56 13 33 R
16 57 13 47 D
16 58 15 46 D
16 59 17 0 U
16 60 16 51 D
16 61 16 0 U
16 62 6 62 L
16 63 17 2 U
16 64 0 26 R
16 65 12 42 D
16 66 13 8 U
16 67 15 67 L
16 68 16 9 U
16 69 17 10 U
16 70 14 70 L
16 71 17 53 D
16 72 16 13 U
16 73 20 5 U
16 74 37 74 L
16 75 18 7 U
17 0 19 0 U
17 1 17 62 L
17 2 17 23 R
17 3 7 26 R
17 4 16 44 D
17 5 18 5 U
17 6 17 6 U
17 7 16 7 U
17 8 17 75 L
17 9 19 9 U
17 10 17 10 U
17 11 6 72 L
17 12 18 12 U
17 13 18 13 U
17 14 19 72 L
17 15 8 27 R
17 16 17 62 L
17 17 17 17 U
17 18 24 18 U
17 19 14 64 L
17 20 16 5 U
17 21 17 16 U
17 22 13 55 D
17 23 12 41 D
17 24 15 46 D
17 25 13 2 U
17 26 13 26 R
17 27 12 27 R
17 28 19 12 U
17 29 13 44 D
17 30 19 50 D
17 31 18 41 D
17 32 18 32 R
17 33 15 48 D
17 34 5 50 D
17 35 19 52 D
17 36 11 36 R
17 37 13 37 R
17 38 11 38 R
17 39 7 69 L
17 40 17 62 L
17 41 17 57 L
17 42 16 29 R
17 43 12 0 U
17 44 16 44 D
17 45 17 32 R
17 46 15 67 L
17 47 12 66 L
17 48 16 33 R
17 49 16 49 D
17 50 15 35 R
17 51 18 51 D
17 52 0 65 L
17 53 16 53 D
17 54 18 54 D
17 55 15 55 D
17 56 19 28 R
17 57 16 46 D
17 58 19 44 D
17 59 15 59 L
17 60 13 11 U
17 61 17 48 D
17 62 15 47 D
17 63 9 63 L
17 64 8 4 U
17 65 14 41 D
17 66 10 13 U
17 67 12 55 D
17 68 17 12 U
17 69 8 69 L
17 70 15 49 D
17 71 18 71 L
17 72 17 72 L
17 73 11 73 L
17 74 36 74 L
17 75 17 75 L
18 0 16 22 R
18 1 18 1 U
18 2 18 2 U
18 3 16 3 U
18 4 19 4 U
18 5 16 20 R
18 6 7 6 U
18 7 18 7 U
18 8 17 8 U
18 9 5 9 U
18 10 19 10 U
18 11 19 11 U
18 12 19 32 R
18 13 17 13 U
18 14 18 14 U
18 15 18 70 L
18 16 0 59 L
18 17 19 17 U
18 18 23 18 U
18 19 28 19 U
18 20 15 5 U
18 21 0 67 L
18 22 17 3 U
18 23 19 0 U
18 24 18 49 D
18 25 17 25 R
18 26 18 26 R
18 27 18 27 R
18 28 18 2 U
18 29 16 29 R
18 30 19 7 U
18 31 15 31 R
18 32 8 7 U
18 33 18 33 R
18 34 10 53 D
18 35 18 7 U
18 36 10 36 R
18 37 14 37 R
18 38 24 42 D
18 39 16 69 L
18 40 18 40 D
18 41 16 41 D
18 42 16 42 D
18 43 9 3 U
18 44 17 62 L
18 45 19 45 D
18 46 14 58 L
18 47 17 61 L
18 48 16 48 D
18 49 15 49 D
18 50 18 59 L
18 51 15 51 D
18 52 19 74 L
18 53 15 53 D
18 54 16 36 R
18 55 16 57 L
18 56 16 56 D
18 57 4 57 L
18 58 19 43 D
18 59 16 43 D
18 60 16 11 U
18 61 19 61 L
18 62 2 56 D
18 63 17 63 L
18 64 10 64 L
18 65 8 4 U
18 66 12 66 L
18 67 14 42 D
18 68 19 68 L
18 69 12 16 U
18 70 10 70 L
18 71 19 71 L
18 72 15 54 D
18 73 10 73 L
18 74 35 74 L
18 75 16 75 L
19 0 16 24 R
19 1 17 1 U
19 2 18 28 R
19 3 14 34 R
19 4 18 75 L
19 5 7 5 U
19 6 11 6 U
19 7 19 30 R
19 8 16 8 U
19 9 17 68 L
19 10 18 58 L
19 11 18 60 L
19 12 16 12 U
19 13 18 72 L
19 14 22 26 R
19 15 21 15 U
19 16 2 16 U
19 17 16 63 L
19 18 18 18 U
19 19 30 19 U
19 20 17 1 U
19 21 18 10 U
19 22 0 42 D
19 23 18 23 R
19 24 19 10 U
19 25 18 25 R
19 26 17 47 D
19 27 4 27 R
19 28 12 56 D
19 29 0 41 D
19 30 17 6 U
19 31 18 31 R
19 32 19 11 U
19 33 19 33 R
19 34 19 14 U
19 35 18 13 U
19 36 2 48 D
19 37 10 13 U
19 38 24 38 R
19 39 19 25 R
19 40 18 22 R
19 41 18 65 L
19 42 0 70 L
19 43 11 58 L
19 44 0 65 L
19 45 13 45 D
19 46 0 71 L
19 47 18 68 L
19 48 18 48 D
19 49 19 58 L
19 50 8 32 R
19 51 17 51 D
19 52 17 52 D
19 53 7 36 R
19 54 14 54 D
19 55 12 69 L
19 56 19 36 R
19 57 17 40 D
19 58 12 43 D
19 59 17 41 D
19 60 20 50 D
19 61 18 61 L
19 62 19 47 D
19 63 18 63 L
19 64 24 47 D
19 65 13 0 U
19 66 9 34 R
19 67 16 54 D
19 68 18 68 L
19 69 12 6 U
19 70 17 70 L
19 71 6 41 D
19 72 20 4 U
19 73 9 73 L
19 74 34 74 L
19 75 14 50 D
20 0 20 75 L
20 1 13 73 L
20 2 2 40 D
20 3 18 61 L
20 4 16 37 R
20 5 12 57 L
20 6 0 20 R
20 7 22 73 L
20 8 0 44 D
20 9 20 24 R
20 10 18 35 R
20 11 22 23 R
20 12 2 67 L
20 13 15 35 R
20 14 21 14 U
20 15 22 15 U
20 16 20 60 L
20 17 12 23 R
20 18 10 18 U
20 19 18 19 U
20 20 19 1 U
20 21 20 0 U
20 22 20 8 U
20 23 20 9 U
20 24 21 0 U
20 25 16 50 D
20 26 22 7 U
20 27 8 1 U
20 28 24 6 U
20 29 16 1 U
20 30 16 7 U
20 31 9 47 D
20 32 21 4 U
20 33 15 39 D
20 34 21 43 D
20 35 21 40 D
20 36 20 36 R
20 37 7 37 R
20 38 23 38 R
20 39 18 67 L
20 40 17 1 U
20 41 16 70 L
20 42 21 68 L
20 43 21 23 R
20 44 18 58 L
20 45 16 65 L
20 46 20 35 R
20 47 19 65 L
20 48 8 36 R
20 49 11 21 R
20 50 19 38 R
20 51 13 64 L
20 52 16 31 R
20 53 21 71 L
20 54 17 54 D
20 55 22 25 R
20 56 22 56 D
20 57 11 45 D
20 58 10 58 L
20 59 19 51 D
20 60 21 21 R
20 61 15 49 D
20 62 23 4 U
20 63 20 9 U
20 64 23 56 D
20 65 20 65 L
20 66 15 48 D
20 67 12 43 D
20 68 10 41 D
20 69 27 1 U
20 70 9 70 L
20 71 20 71 L
20 72 21 72 L
20 73 18 73 L
20 74 30 12 U
20 75 0 33 R
21 0 21 58 L
21 1 18 70 L
21 2 21 2 U
21 3 16 73 L
21 4 22 4 U
21 5 10 22 R
21 6 21 66 L
21 7 20 68 L
21 8 22 8 U
21 9 21 9 U
21 10 22 10 U
21 11 22 11 U
21 12 22 12 U
21 13 21 38 R
21 14 20 14 U
21 15 19 15 U
21 16 19 16 U
21 17 22 17 U
21 18 17 18 U
21 19 31 19 U
21 20 20 20 R
21 21 20 39 D
21 22 19 45 D
21 23 13 10 U
21 24 16 5 U
21 25 21 53 D
21 26 23 2 U
21 27 20 27 R
21 28 22 28 R
21 29 8 29 R
21 30 31 30 R
21 31 16 31 R
21 32 27 50 D
21 33 16 17 U
21 34 17 34 R
21 35 21 35 R
21 36 22 40 D
21 37 18 37 R
21 38 25 41 D
21 39 20 66 L
21 40 19 33 R
21 41 0 2 U
21 42 19 42 D
21 43 20 43 D
21 44 19 44 D
21 45 21 22 R
21 46 17 46 D
21 47 17 47 D
21 48 17 48 D
21 49 12 65 L
21 50 17 50 D
21 51 21 51 D
21 52 22 52 D
21 53 20 38 R
21 54 21 25 R
21 55 21 55 D
21 56 21 56 D
21 57 22 0 U
21 58 17 3 U
21 59 19 42 D
21 60 24 60 L
21 61 20 61 L
21 62 23 62 L
21 63 12 63 L
21 64 25 55 D
21 65 19 5 U
21 66 19 17 U
21 67 23 11 U
21 68 14 25 R
21 69 27 69 L
21 70 0 5 U
21 71 22 71 L
21 72 9 7 U
21 73 21 7 U
21 74 31 74 L
21 75 21 56 D
22 0 0 47 D
22 1 14 1 U
22 2 9 36 R
22 3 20 72 L
22 4 21 4 U
22 5 0 50 D
22 6 22 6 U
22 7 21 7 U
22 8 21 8 U
22 9 2 51 D
22 10 22 24 R
22 11 8 59 L
22 12 21 12 U
22 13 2 75 L
22 14 17 20 R
22 15 20 26 R
22 16 23 48 D
22 17 21 17 U
22 18 21 23 R
22 19 32 19 U
22 20 17 42 D
22 21 8 2 U
22 22 19 3 U
22 23 20 61 L
22 24 5 13 U
22 25 0 54 D
22 26 22 26 R
22 27 23 49 D
22 28 25 16 U
22 29 7 49 D
22 30 32 30 R
22 31 22 64 L
22 32 28 32 R
22 33 18 45 D
22 34 25 34 R
22 35 11 12 U
22 36 21 55 D
22 37 26 40 D
22 38 25 38 R
22 39 13 5 U
22 40 22 58 L
22 41 22 41 D
22 42 17 59 L
22 43 21 60 L
22 44 18 44 D
22 45 20 45 D
22 46 21 46 D
22 47 16 47 D
22 48 15 20 R
22 49 20 49 D
22 50 18 71 L
22 51 9 73 L
22 52 21 52 D
22 53 21 53 D
22 54 17 37 R
22 55 22 68 L
22 56 20 56 D
22 57 0 6 U
22 58 21 39 D
22 59 21 11 U
22 60 19 60 L
22 61 20 52 D
22 62 0 23 R
22 63 21 17 U
22 64 21 64 L
22 65 16 38 R
22 66 20 66 L
22 67 21 67 L
22 68 20 55 D
22 69 26 69 L
22 70 21 14 U
22 71 21 16 U
22 72 15 72 L
22 73 0 36 R
22 74 32 74 L
22 75 25 45 D
23 0 19 62 L
23 1 20 57 L
23 2 0 46 D
23 3 24 24 R
23 4 23 20 R
23 5 24 59 L
23 6 23 58 L
23 7 22 62 L
23 8 19 61 L
23 9 16 38 R
23 10 16 59 L
23 11 24 68 L
23 12 21 28 R
23 13 13 13 U
23 14 25 70 L
23 15 25 15 U
23 16 24 16 U
23 17 16 65 L
23 18 23 62 L
23 19 19 19 U
23 20 5 20 R
23 21 21 56 D
23 22 22 39 D
23 23 22 1 U
23 24 23 40 D
23 25 19 18 U
23 26 22 8 U
23 27 23 41 D
23 28 24 17 U
23 29 25 46 D
23 30 36 30 R
23 31 24 31 R
23 32 27 32 R
23 33 6 33 R
23 34 19 34 R
23 35 21 41 D
23 36 33 15 U
23 37 20 37 R
23 38 0 58 L
23 39 21 73 L
23 40 22 73 L
23 41 18 58 L
23 42 24 75 L
23 43 21 57 L
23 44 0 4 U
23 45 12 15 U
23 46 22 72 L
23 47 20 63 L
23 48 21 27 R
23 49 24 25 R
23 50 21 64 L
23 51 24 62 L
23 52 11 32 R
23 53 23 53 D
23 54 23 31 R
23 55 23 38 R
23 56 22 33 R
23 57 4 0 U
23 58 21 43 D
23 59 0 52 D
23 60 21 60 L
23 61 21 0 U
23 62 21 53 D
23 63 24 63 L
23 64 23 14 U
23 65 0 13 U
23 66 25 8 U
23 67 25 67 L
23 68 21 53 D
23 69 25 69 L
23 70 23 12 U
23 71 21 18 U
23 72 23 52 D
23 73 19 56 D
23 74 29 74 L
23 75 25 75 L
24 0 6 22 R
24 1 9 26 R
24 2 3 57 L
24 3 22 25 R
24 4 24 27 R
24 5 21 59 L
24 6 23 6 U
24 7 20 7 U
24 8 23 8 U
24 9 20 61 L
24 10 25 10 U
24 11 25 11 U
24 12 24 12 U
24 13 27 25 R
24 14 24 14 U
24 15 23 15 U
24 16 25 16 U
24 17 25 17 U
24 18 17 51 D
24 19 27 19 U
24 20 13 14 U
24 21 23 3 U
24 22 23 22 R
24 23 18 6 U
24 24 24 24 R
24 25 14 3 U
24 26 14 26 R
24 27 24 2 U
24 28 24 5 U
24 29 24 7 U
24 30 24 30 R
24 31 25 31 R
24 32 20 32 R
24 33 12 5 U
24 34 13 34 R
24 35 7 35 R
24 36 34 36 R
24 37 22 37 R
24 38 23 46 D
24 39 18 21 R
24 40 24 40 D
24 41 24 27 R
24 42 23 72 L
24 43 25 60 L
24 44 21 44 D
24 45 21 45 D
24 46 24 64 L
24 47 22 47 D
24 48 24 48 D
24 49 22 75 L
24 50 22 50 D
24 51 24 51 D
24 52 21 20 R
24 53 0 9 U
24 54 24 54 D
24 55 22 55 D
24 56 20 26 R
24 57 20 53 D
24 58 10 47 D
24 59 22 5 U
24 60 25 10 U
24 61 23 61 L
24 62 23 18 U
24 63 25 63 L
24 64 23 49 D
24 65 25 65 L
24 66 22 66 L
24 67 23 67 L
24 68 19 50 D
24 69 27 4 U
24 70 19 70 L
24 71 24 71 L
24 72 24 72 L
24 73 8 2 U
24 74 40 3 U
24 75 24 75 L
25 0 12 66 L
25 1 15 60 L
25 2 22 38 R
25 3 25 23 R
25 4 0 24 R
25 5 17 28 R
25 6 23 71 L
25 7 21 34 R
25 8 23 27 R
25 9 23 9 U
25 10 28 62 L
25 11 24 11 U
25 12 27 20 R
25 13 27 13 U
25 14 19 14 U
25 15 7 15 U
25 16 23 67 L
25 17 24 28 R
25 18 25 18 U
25 19 27 26 R
25 20 23 18 U
25 21 22 52 D
25 22 25 1 U
25 23 21 43 D
25 24 18 5 U
25 25 24 18 U
25 26 24 11 U
25 27 15 15 U
25 28 26 0 U
25 29 27 29 R
25 30 37 30 R
25 31 20 31 R
25 32 21 32 R
25 33 17 33 R
25 34 24 34 R
25 35 23 39 D
25 36 33 36 R
25 37 26 37 R
25 38 25 48 D
25 39 17 21 R
25 40 21 35 R
25 41 25 71 L
25 42 24 22 R
25 43 23 28 R
25 44 25 44 D
25 45 22 7 U
25 46 22 46 D
25 47 23 47 D
25 48 25 68 L
25 49 24 49 D
25 50 1 50 D
25 51 20 51 D
25 52 20 38 R
25 53 0 13 U
25 54 22 54 D
25 55 23 68 L
25 56 18 64 L
25 57 21 9 U
25 58 3 42 D
25 59 19 0 U
25 60 21 42 D
25 61 18 40 D
25 62 25 3 U
25 63 21 63 L
25 64 23 54 D
25 65 2 56 D
25 66 23 16 U
25 67 24 67 L
25 68 35 6 U
25 69 22 69 L
25 70 22 70 L
25 71 3 44 D
25 72 19 72 L
25 73 35 7 U
25 74 37 17 U
25 75 23 75 L
26 0 26 70 L
26 1 24 57 L
26 2 23 23 R
26 3 24 69 L
26 4 27 33 R
26 5 1 26 R
26 6 27 58 L
26 7 20 57 L
26 8 27 70 L
26 9 6 38 R
26 10 28 10 U
26 11 25 28 R
26 12 26 12 U
26 13 27 62 L
26 14 28 25 R
26 15 27 24 R
26 16 20 16 U
26 17 28 21 R
26 18 23 58 L
26 19 23 19 U
26 20 25 2 U
26 21 23 12 U
26 22 26 9 U
26 23 17 23 R
26 24 28 10 U
26 25 28 49 D
26 26 22 39 D
26 27 22 27 R
26 28 26 55 D
26 29 23 29 R
26 30 33 30 R
26 31 23 1 U
26 32 30 32 R
26 33 4 33 R
26 34 26 50 D
26 35 28 1 U
26 36 25 36 R
26 37 24 37 R
26 38 20 41 D
26 39 20 64 L
26 40 23 66 L
26 41 25 31 R
26 42 24 61 L
26 43 26 61 L
26 44 26 63 L
26 45 13 20 R
26 46 26 60 L
26 47 20 65 L
26 48 21 38 R
26 49 28 66 L
26 50 27 22 R
26 51 28 59 L
26 52 28 61 L
26 53 24 58 L
26 54 25 54 D
26 55 26 27 R
26 56 24 38 R
26 57 24 40 D
26 58 22 42 D
26 59 23 42 D
26 60 26 43 D
26 61 24 44 D
26 62 0 54 D
26 63 22 7 U
26 64 23 2 U
26 65 26 65 L
26 66 26 46 D
26 67 27 48 D
26 68 35 68 L
26 69 27 48 D
26 70 0 26 R
26 71 28 5 U
26 72 29 19 U
26 73 29 73 L
26 74 20 74 L
26 75 29 12 U
27 0 25 21 R
27 1 0 41 D
27 2 23 2 U
27 3 28 59 L
27 4 28 4 U
27 5 20 29 R
27 6 26 6 U
27 7 20 62 L
27 8 28 8 U
27 9 27 21 R
27 10 27 10 U
27 11 27 31 R
27 12 26 69 L
27 13 26 13 U
27 14 27 14 U
27 15 26 15 U
27 16 26 57 L
27 17 29 17 U
27 18 14 18 U
27 19 30 72 L
27 20 22 6 U
27 21 23 0 U
27 22 27 1 U
27 23 22 53 D
27 24 26 15 U
27 25 26 52 D
27 26 0 63 L
27 27 27 14 U
27 28 25 28 R
27 29 22 29 R
27 30 38 30 R
27 31 21 5 U
27 32 29 32 R
27 33 35 10 U
27 34 28 34 R
27 35 28 35 R
27 36 21 36 R
27 37 23 37 R
27 38 25 39 D
27 39 20 59 L
27 40 26 21 R
27 41 22 37 R
27 42 25 42 D
27 43 27 43 D
27 44 26 44 D
27 45 16 34 R
27 46 27 46 D
27 47 24 47 D
27 48 25 48 D
27 49 27 49 D
27 50 27 60 L
27 51 27 51 D
27 52 27 52 D
27 53 17 53 D
27 54 26 71 L
27 55 28 55 D
27 56 27 56 D
27 57 22 47 D
27 58 19 39 D
27 59 26 0 U
27 60 27 12 U
27 61 24 8 U
27 62 24 53 D
27 63 26 48 D
27 64 31 53 D
27 65 26 56 D
27 66 28 66 L
27 67 27 67 L
27 68 34 68 L
27 69 28 69 L
27 70 26 11 U
27 71 28 71 L
27 72 32 72 L
27 73 35 73 L
27 74 39 74 L
27 75 22 75 L
28 0 0 45 D
28 1 27 22 R
28 2 17 67 L
28 3 28 3 U
28 4 28 24 R
28 5 25 69 L
28 6 28 27 R
28 7 28 7 U
28 8 26 8 U
28 9 28 9 U
28 10 26 10 U
28 11 27 11 U
28 12 28 12 U
28 13 5 23 R
28 14 14 14 U
28 15 31 22 R
28 16 27 16 U
28 17 28 17 U
28 18 22 18 U
28 19 21 75 L
28 20 24 41 D
28 21 27 3 U
28 22 25 50 D
28 23 17 51 D
28 24 27 4 U
28 25 26 13 U
28 26 28 26 R
28 27 27 6 U
28 28 32 42 D
28 29 21 29 R
28 30 35 7 U
28 31 27 45 D
28 32 29 8 U
28 33 22 33 R
28 34 29 39 D
28 35 27 35 R
28 36 36 2 U
28 37 27 55 D
28 38 28 47 D
28 39 24 57 L
28 40 25 63 L
28 41 27 58 L
28 42 26 60 L
28 43 25 43 D
28 44 26 3 U
28 45 26 25 R
28 46 28 46 D
28 47 28 28 R
28 48 28 27 R
28 49 26 24 R
28 50 26 50 D
28 51 26 51 D
28 52 26 25 R
28 53 25 53 D
28 54 26 54 D
28 55 27 38 R
28 56 26 56 D
28 57 25 44 D
28 58 26 42 D
28 59 28 49 D
28 60 24 54 D
28 61 28 50 D
28 62 25 51 D
28 63 19 40 D
28 64 29 64 L
28 65 26 51 D
28 66 25 45 D
28 67 26 6 U
28 68 33 18 U
28 69 24 69 L
28 70 20 70 L
28 71 30 71 L
28 72 31 72 L
28 73 34 73 L
28 74 7 41 D
28 75 27 6 U
29 0 27 59 L
29 1 28 22 R
29 2 24 26 R
29 3 28 67 L
29 4 31 38 R
29 5 26 38 R
29 6 24 6 U
29 7 27 32 R
29 8 14 61 L
29 9 17 65 L
29 10 27 24 R
29 11 28 20 R
29 12 28 70 L
29 13 15 13 U
29 14 27 29 R
29 15 32 15 U
29 16 29 16 U
29 17 25 66 L
29 18 35 23 R
29 19 24 19 U
29 20 25 44 D
29 21 28 16 U
29 22 27 17 U
29 23 0 55 D
29 24 29 0 U
29 25 28 1 U
29 26 29 41 D
29 27 29 40 D
29 28 30 28 R
29 29 28 3 U
29 30 29 30 R
29 31 0 42 D
29 32 0 40 D
29 33 32 33 R
29 34 29 34 R
29 35 30 35 R
29 36 35 36 R
29 37 29 37 R
29 38 30 19 U
29 39 27 61 L
29 40 28 63 L
29 41 28 25 R
29 42 19 30 R
29 43 26 67 L
29 44 24 65 L
29 45 26 32 R
29 46 26 11 U
29 47 29 69 L
29 48 27 22 R
29 49 28 24 R
29 50 27 66 L
29 51 29 34 R
29 52 14 52 D
29 53 30 35 R
29 54 9 3 U
29 55 10 55 D
29 56 26 31 R
29 57 27 40 D
29 58 25 2 U
29 59 24 6 U
29 60 27 60 L
29 61 0 16 U
29 62 29 62 L
29 63 27 53 D
29 64 28 64 L
29 65 18 65 L
29 66 31 42 D
29 67 29 13 U
29 68 31 68 L
29 69 26 29 R
29 70 26 10 U
29 71 28 6 U
29 72 12 5 U
29 73 27 73 L
29 74 1 74 L
29 75 26 75 L
30 0 29 21 R
30 1 28 69 L
30 2 1 24 R
30 3 30 3 U
30 4 26 21 R
30 5 33 26 R
30 6 28 57 L
30 7 15 7 U
30 8 18 8 U
30 9 38 29 R
30 10 30 10 U
30 11 28 11 U
30 12 28 31 R
30 13 28 37 R
30 14 29 67 L
30 15 30 15 U
30 16 29 37 R
30 17 31 72 L
30 18 34 18 U
30 19 31 26 R
30 20 29 10 U
30 21 29 11 U
30 22 27 49 D
30 23 30 15 U
30 24 20 14 U
30 25 18 42 D
30 26 28 2 U
30 27 25 27 R
30 28 31 28 R
30 29 32 39 D
30 30 30 30 R
30 31 31 17 U
30 32 32 3 U
30 33 25 33 R
30 34 25 43 D
30 35 32 41 D
30 36 32 36 R
30 37 0 65 L
30 38 32 38 R
30 39 29 22 R
30 40 29 60 L
30 41 9 36 R
30 42 27 64 L
30 43 28 43 D
30 44 31 60 L
30 45 26 45 D
30 46 24 46 D
30 47 30 47 D
30 48 28 48 D
30 49 29 49 D
30 50 0 21 R
30 51 32 62 L
30 52 29 38 R
30 53 29 53 D
30 54 31 54 D
30 55 29 61 L
30 56 17 56 D
30 57 28 46 D
30 58 31 58 L
30 59 6 9 U
30 60 31 8 U
30 61 29 0 U
30 62 1 41 D
30 63 29 15 U
30 64 26 17 U
30 65 23 16 U
30 66 31 66 L
30 67 29 67 L
30 68 6 2 U
30 69 0 40 D
30 70 35 36 R
30 71 33 71 L
30 72 30 72 L
30 73 33 73 L
30 74 39 16 U
30 75 4 36 R
31 0 30 20 R
31 1 30 63 L
31 2 32 29 R
31 3 32 59 L
31 4 33 62 L
31 5 26 20 R
31 6 27 6 U
31 7 34 67 L
31 8 27 8 U
31 9 39 9 U
31 10 21 26 R
31 11 30 58 L
31 12 30 12 U
31 13 28 34 R
31 14 29 14 U
31 15 32 35 R
31 16 0 46 D
31 17 32 17 U
31 18 33 65 L
31 19 31 34 R
31 20 27 47 D
31 21 29 1 U
31 22 24 10 U
31 23 31 0 U
31 24 31 51 D
31 25 32 49 D
31 26 25 54 D
31 27 26 27 R
31 28 32 4 U
31 29 31 29 R
31 30 39 41 D
31 31 28 55 D
31 32 34 39 D
31 33 28 33 R
31 34 29 61 L
31 35 31 35 R
31 36 29 36 R
31 37 0 1 U
31 38 31 38 R
31 39 29 58 L
31 40 20 27 R
31 41 30 63 L
31 42 30 66 L
31 43 27 67 L
31 44 30 44 D
31 45 29 66 L
31 46 31 23 R
31 47 29 47 D
31 48 29 48 D
31 49 31 24 R
31 50 29 72 L
31 51 32 51 D
31 52 29 72 L
31 53 32 53 D
31 54 32 54 D
31 55 25 75 L
31 56 31 56 D
31 57 29 44 D
31 58 18 50 D
31 59 28 45 D
31 60 30 60 L
31 61 30 56 D
31 62 28 62 L
31 63 31 63 L
31 64 31 54 D
31 65 10 65 L
31 66 26 52 D
31 67 22 18 U
31 68 1 68 L
31 69 3 69 L
31 70 31 70 L
31 71 32 54 D
31 72 23 72 L
31 73 25 73 L
31 74 39 15 U
31 75 15 75 L
32 0 30 23 R
32 1 32 1 U
32 2 29 31 R
32 3 31 3 U
32 4 34 4 U
32 5 21 73 L
32 6 30 64 L
32 7 34 30 R
32 8 19 8 U
32 9 37 9 U
32 10 29 29 R
32 11 32 11 U
32 12 24 71 L
32 13 12 13 U
32 15 31 15 U
32 16 37 16 U
32 17 31 17 U
32 18 35 18 U
32 20 31 48 D
32 21 11 13 U
32 22 30 11 U
32 23 30 46 D
32 24 31 2 U
32 25 20 52 D
32 26 30 3 U
32 27 19 27 R
32 28 33 6 U
32 29 31 1 U
32 30 39 30 R
32 31 27 31 R
32 32 32 32 R
32 33 26 33 R
32 34 32 34 R
32 35 24 35 R
32 36 23 36 R
32 37 30 37 R
32 38 29 38 R
32 39 32 23 R
32 40 21 24 R
32 41 31 25 R
32 42 8 28 R
32 43 30 57 L
32 44 25 25 R
32 45 16 26 R
32 46 30 46 D
32 47 28 57 L
32 48 30 48 D
32 49 32 49 D
32 50 31 28 R
32 51 31 51 D
32 52 30 52 D
32 53 16 32 R
32 54 28 54 D
32 55 29 55 D
32 56 24 56 D
32 57 28 47 D
32 58 29 39 D
32 59 28 14 U
32 60 29 44 D
32 61 30 61 L
32 62 27 62 L
32 63 30 19 U
32 64 31 49 D
32 65 32 41 D
32 66 34 8 U
32 67 32 67 L
32 68 30 68 L
32 69 34 52 D
32 70 30 70 L
32 71 18 5 U
32 72 31 52 D
32 73 35 5 U
32 74 41 74 L
32 75 27 75 L
33 0 33 58 L
33 1 29 32 R
33 2 27 27 R
33 3 33 66 L
33 4 33 21 R
33 5 35 21 R
33 6 33 20 R
33 7 38 7 U
33 8 33 20 R
33 9 38 9 U
33 10 34 68 L
33 11 30 24 R
33 12 0 43 D
33 13 40 28 R
33 15 29 69 L
33 16 39 16 U
33 17 28 35 R
33 18 35 22 R
33 20 31 39 D
33 21 20 7 U
33 22 33 22 R
33 23 33 42 D
33 24 1 59 L
33 25 31 51 D
33 26 28 18 U
33 27 22 41 D
33 28 34 56 D
33 29 30 4 U
33 30 35 9 U
33 31 30 49 D
33 32 32 55 D
33 33 33 41 D
33 34 33 41 D
33 35 27 18 U
33 36 38 40 D
33 37 25 37 R
33 38 17 41 D
33 39 27 57 L
33 40 26 72 L
33 41 31 59 L
33 42 20 4 U
33 43 30 43 D
33 44 29 60 L
33 45 34 24 R
33 46 33 46 D
33 47 28 33 R
33 48 23 75 L
33 49 31 71 L
33 50 0 31 R
33 51 32 29 R
33 52 26 31 R
33 53 28 64 L
33 54 33 63 L
33 55 25 27 R
33 56 27 32 R
33 57 22 53 D
33 58 32 43 D
33 59 28 40 D
33 60 30 42 D
33 61 25 44 D
33 62 24 23 R
33 63 33 45 D
33 64 34 64 L
33 65 35 0 U
33 66 34 66 L
33 67 33 8 U
33 68 21 68 L
33 69 33 69 L
33 70 25 70 L
33 71 26 71 L
33 72 25 72 L
33 73 28 73 L
33 74 41 18 U
33 75 32 18 U
34 0 34 0 U
34 1 28 32 R
34 2 34 2 U
34 3 33 3 U
34 4 35 29 R
34 5 38 5 U
34 6 32 21 R
34 7 37 7 U
34 8 32 22 R
34 9 39 69 L
34 10 33 72 L
34 11 31 11 U
34 13 36 13 U
34 15 33 15 U
34 16 40 16 U
34 17 32 27 R
34 18 32 18 U
34 20 32 0 U
34 21 34 10 U
34 22 21 2 U
34 23 34 23 R
34 24 20 8 U
34 25 34 25 R
34 26 33 44 D
34 27 35 51 D
34 28 27 28 R
34 29 35 5 U
34 30 40 41 D
34 31 31 31 R
34 32 32 5 U
34 33 29 33 R
34 34 34 34 R
34 35 29 35 R
34 36 38 36 R
34 37 37 15 U
34 38 11 53 D
34 39 32 58 L
34 40 27 23 R
34 41 24 69 L
34 42 34 61 L
34 43 32 20 R
34 44 28 44 D
34 45 29 71 L
34 46 34 64 L
34 47 21 47 D
34 48 35 48 D
34 49 35 68 L
34 50 36 73 L
34 51 28 28 R
34 52 33 34 R
34 53 31 53 D
34 54 34 54 D
34 55 35 55 D
34 56 35 56 D
34 57 30 39 D
34 58 34 6 U
34 59 33 4 U
34 60 33 60 L
34 61 33 61 L
34 62 34 62 L
34 63 34 63 L
34 64 33 46 D
34 65 34 53 D
34 66 32 66 L
34 67 34 67 L
34 68 28 68 L
34 69 30 69 L
34 70 32 70 L
34 71 21 71 L
34 72 33 4 U
34 73 31 73 L
34 74 22 74 L
34 75 36 75 L
35 0 33 57 L
35 1 34 69 L
35 2 0 33 R
35 3 33 68 L
35 4 30 4 U
35 5 37 5 U
35 6 21 37 R
35 7 37 66 L
35 8 34 74 L
35 9 40 9 U
35 10 31 10 U
35 11 31 32 R
35 13 37 13 U
35 15 34 15 U
35 16 35 16 U
35 17 38 17 U
35 18 34 65 L
35 20 34 0 U
35 21 28 6 U
35 22 35 18 U
35 23 35 15 U
35 24 34 24 R
35 25 33 25 R
35 26 32 40 D
35 27 27 27 R
35 28 35 28 R
35 29 26 29 R
35 30 25 30 R
35 31 40 47 D
35 32 33 32 R
35 33 31 55 D
35 34 35 3 U
35 35 16 35 R
35 36 37 36 R
35 37 38 37 R
35 38 33 38 R
35 39 35 61 L
35 40 18 32 R
35 41 35 28 R
35 42 27 68 L
35 43 31 60 L
35 44 34 66 L
35 45 33 45 D
35 46 31 46 D
35 47 34 26 R
35 48 26 48 D
35 49 27 60 L
35 50 36 50 D
35 51 33 51 D
35 52 32 25 R
35 53 31 35 R
35 54 32 64 L
35 55 34 58 L
35 56 36 74 L
35 57 34 11 U
35 58 34 45 D
35 59 31 50 D
35 60 18 1 U
35 61 32 55 D
35 62 33 43 D
35 63 35 49 D
35 64 34 10 U
35 65 30 53 D
35 66 35 48 D
35 67 31 32 R
35 68 29 47 D
35 69 29 69 L
35 70 24 70 L
35 71 30 28 R
35 72 34 72 L
35 73 34 4 U
35 75 34 75 L
36 0 30 39 D
36 1 33 20 R
36 2 38 73 L
36 3 35 58 L
36 4 36 22 R
36 5 36 5 U
36 6 33 23 R
36 7 37 24 R
36 8 32 25 R
36 9 22 9 U
36 10 24 57 L
36 11 39 25 R
36 13 38 60 L
36 15 36 71 L
36 16 40 74 L
36 17 0 49 D
36 18 0 49 D
36 20 35 0 U
36 21 37 6 U
36 22 0 69 L
36 23 33 1 U
36 24 38 15 U
36 25 32 58 L
36 26 27 26 R
36 27 37 5 U
36 28 33 54 D
36 29 39 7 U
36 30 39 48 D
36 31 36 31 R
36 32 24 17 U
36 33 35 33 R
36 34 40 34 R
36 35 32 43 D
36 36 36 36 R
36 37 27 37 R
36 38 38 38 R
36 39 32 57 L
36 40 37 23 R
36 41 32 32 R
36 42 38 59 L
36 43 38 25 R
36 44 37 38 R
36 45 34 60 L
36 46 25 73 L
36 47 0 10 U
36 48 32 33 R
36 49 36 62 L
36 50 38 50 D
36 51 38 58 L
36 52 6 38 R
36 53 37 21 R
36 54 33 67 L
36 55 26 10 U
36 56 34 56 D
36 57 35 46 D
36 58 36 50 D
36 59 36 45 D
36 60 35 54 D
36 61 0 6 U
36 62 36 56 D
36 63 34 44 D
36 64 36 64 L
36 66 36 7 U
36 67 37 67 L
36 68 38 47 D
36 69 35 41 D
36 70 29 70 L
36 71 29 71 L
36 72 37 45 D
36 73 36 73 L
36 75 37 75 L
37 0 36 0 U
37 1 38 1 U
37 2 37 2 U
37 3 37 3 U
37 4 36 4 U
37 5 36 24 R
37 6 34 36 R
37 7 33 7 U
37 8 38 8 U
37 9 33 9 U
37 10 30 33 R
37 11 38 11 U
37 13 40 13 U
37 15 37 36 R
37 16 40 38 R
37 17 39 17 U
37 18 13 51 D
37 20 28 0 U
37 21 36 3 U
37 22 13 22 R
37 23 29 2 U
37 24 0 68 L
37 25 36 42 D
37 26 36 54 D
37 27 34 17 U
37 28 34 28 R
37 29 33 11 U
37 30 19 52 D
37 31 40 31 R
37 32 23 32 R
37 33 38 40 D
37 34 33 40 D
37 36 31 36 R
37 37 32 37 R
37 38 35 38 R
37 39 32 60 L
37 40 37 62 L
37 41 36 57 L
37 42 37 42 D
37 43 38 68 L
37 44 36 44 D
37 45 37 75 L
37 46 34 46 D
37 47 38 47 D
37 48 36 48 D
37 49 37 38 R
37 50 37 50 D
37 51 25 51 D
37 52 36 74 L
37 53 38 53 D
37 54 35 54 D
37 55 36 55 D
37 56 29 56 D
37 57 30 1 U
37 58 36 4 U
37 59 16 42 D
37 60 5 52 D
37 61 14 61 L
37 62 35 9 U
37 63 38 46 D
37 66 38 66 L
37 67 36 67 L
37 68 29 6 U
37 69 39 9 U
37 70 28 70 L
37 71 35 71 L
37 72 40 72 L
37 73 34 0 U
37 75 31 75 L
38 0 36 75 L
38 1 37 1 U
38 2 36 73 L
38 3 38 3 U
38 4 37 70 L
38 5 24 5 U
38 6 32 75 L
38 7 36 66 L
38 8 25 8 U
38 9 36 9 U
38 10 29 10 U
38 11 35 11 U
38 15 36 70 L
38 16 42 16 U
38 17 16 17 U
38 18 37 18 U
38 20 35 39 D
38 21 38 2 U
38 22 35 22 R
38 23 36 18 U
38 24 26 24 R
38 25 39 4 U
38 26 39 13 U
38 27 35 27 R
38 28 38 54 D
38 30 35 30 R
38 31 23 31 R
38 32 34 32 R
38 33 36 33 R
38 34 21 34 R
38 36 30 43 D
38 37 35 37 R
38 38 34 49 D
38 39 33 68 L
38 40 33 30 R
38 41 35 41 D
38 42 39 33 R
38 43 34 43 D
38 44 35 66 L
38 45 38 45 D
38 46 32 46 D
38 47 40 65 L
38 48 38 48 D
38 49 33 49 D
38 50 32 50 D
38 51 0 8 U
38 52 36 65 L
38 53 35 53 D
38 54 35 63 L
38 55 37 58 L
38 56 37 56 D
38 57 36 21 R
38 58 33 49 D
38 59 40 44 D
38 60 31 43 D
38 61 16 61 L
38 62 36 47 D
38 63 36 42 D
38 66 0 41 D
38 67 37 48 D
38 68 37 8 U
38 69 35 69 L
38 70 37 70 L
38 71 37 71 L
38 72 41 72 L
38 73 37 73 L
38 75 33 6 U
39 0 35 20 R
39 1 34 20 R
39 2 39 34 R
39 3 39 21 R
39 4 39 30 R
39 5 37 57 L
39 6 40 27 R
39 7 39 7 U
39 8 32 59 L
39 9 40 51 D
39 10 25 30 R
39 11 10 50 D
39 15 40 15 U
39 16 34 16 U
39 17 36 41 D
39 18 23 32 R
39 20 37 5 U
39 21 38 1 U
39 22 39 2 U
39 23 19 63 L
39 24 39 2 U
39 25 40 15 U
39 26 40 6 U
39 27 37 27 R
39 28 34 0 U
39 30 19 30 R
39 31 22 31 R
39 32 33 39 D
39 33 25 9 U
39 34 35 34 R
39 36 35 39 D
39 37 34 44 D
39 38 28 38 R
39 39 36 21 R
39 40 37 63 L
39 41 14 34 R
39 42 33 42 D
39 43 39 22 R
39 44 40 44 D
39 45 39 67 L
39 46 36 36 R
39 47 39 26 R
39 48 37 62 L
39 49 22 74 L
39 50 40 57 L
39 51 38 51 D
39 52 40 52 D
39 53 39 31 R
39 54 38 37 R
39 55 39 55 D
39 56 40 74 L
39 57 36 51 D
39 58 38 45 D
39 59 28 7 U
39 60 39 48 D
39 62 41 16 U
39 63 39 63 L
39 66 0 10 U
39 67 32 30 R
39 68 40 11 U
39 69 41 16 U
39 70 37 7 U
39 71 25 8 U
39 75 38 18 U
40 0 35 0 U
40 1 31 67 L
40 2 35 64 L
40 3 40 3 U
40 4 39 29 R
40 5 35 26 R
40 6 39 31 R
40 7 40 7 U
40 8 35 30 R
40 9 39 23 R
40 11 39 11 U
40 15 35 24 R
40 16 41 69 L
40 17 41 17 U
40 18 36 36 R
40 20 35 20 R
40 21 39 1 U
40 22 34 43 D
40 23 40 9 U
40 24 0 42 D
40 25 38 4 U
40 26 38 52 D
40 27 17 27 R
40 28 39 3 U
40 30 16 30 R
40 31 36 51 D
40 32 36 43 D
40 34 40 42 D
40 36 34 72 L
40 37 39 37 R
40 38 41 38 R
40 39 34 22 R
40 40 34 23 R
40 41 39 25 R
40 42 36 66 L
40 43 39 43 D
40 44 40 25 R
40 45 34 45 D
40 46 27 74 L
40 47 37 61 L
40 48 38 59 L
40 50 34 68 L
40 51 37 51 D
40 52 39 52 D
40 53 40 53 D
40 54 39 59 L
40 55 38 60 L
40 56 36 56 D
40 57 36 55 D
40 58 40 55 D
40 59 38 50 D
40 60 27 47 D
40 62 41 53 D
40 63 33 63 L
40 66 39 45 D
40 67 39 8 U
40 68 40 68 L
40 69 40 69 L
40 70 37 30 R
40 71 27 71 L
41 0 41 20 R
41 3 40 28 R
41 7 40 64 L
41 9 41 39 D
41 11 42 22 R
41 15 41 15 U
41 16 33 16 U
41 18 38 18 U
41 20 38 17 U
41 21 34 54 D
41 22 41 16 U
41 23 31 23 R
41 24 38 7 U
41 30 36 39 D
41 31 33 31 R
41 34 41 34 R
41 36 28 36 R
41 38 40 11 U
41 39 39 62 L
41 40 42 57 L
41 41 37 57 L
41 42 35 21 R
41 43 38 62 L
41 45 39 34 R
41 47 0 24 R
41 51 36 28 R
41 53 34 53 D
41 54 30 20 R
41 55 31 30 R
41 56 40 56 D
41 57 40 56 D
41 58 38 58 L
41 59 41 0 U
41 69 42 69 L
42 0 0 32 R
42 9 41 9 U
42 11 41 11 U
42 16 42 59 L
42 18 42 18 U
42 20 27 9 U
42 21 35 41 D
42 22 42 16 U
42 23 41 51 D
42 24 39 16 U
42 30 12 30 R
42 39 34 21 R
42 40 41 40 D
42 41 40 58 L
42 42 38 23 R
42 45 39 45 D
42 47 39 47 D
42 51 41 22 R
42 53 40 62 L
42 55 41 55 D
42 56 42 74 L
42 57 29 57 L
42 58 41 40 D

