19 11 172
1 18 18 5 0 14 0 12 0 1 0 0 14 0
0 0 17 0 0 0 14 0 0 0 13 0 12 0
0 16 0 0 0 0 0 17 0 0 0 15 0 13
13 0 0 12 0 0 16 0 0 0 0 7 0 10
0 1 0 15 0 11 0 3 0 0 0 16 0 2
11 0 6 2 0 4 6 0 0 6 0 17 10 0
2 4 3 5 5 0 0 0 8 0 10 18 5 11
4 0 0 0 0 2 0 18 0 0 0 17 12 0
7 0 1 1 8 0 4 0 0 0 10 0 3 0
15 0 3 0 0 0 0 0 0 1 0 17 8 0
0 0 0 0 0 0 0 0 0 0 11 11 0 0
0 0 16 0 1 0 2 0 1 2 0 0 5 6
5 0 0 8 0 3 0 0 0 0 0 0 0 4
8 7 8 3 0 16 0 14 0 0 0 16 1 0
0 0 0 0 L
0 1 0 1 L
0 2 0 2 L
0 3 0 3 R
0 4 0 4 R
0 5 0 5 R
0 6 0 6 D
0 7 0 7 D
0 8 0 8 D
0 9 0 9 U
0 10 0 10 U
1 0 0 10 U
1 1 8 1 L
1 2 0 7 D
1 3 5 3 R
1 4 0 9 U
1 5 14 7 D
1 6 0 1 L
1 7 0 4 R
1 8 3 8 D
1 9 0 2 L
1 10 10 3 R
2 0 0 6 D
2 1 0 3 R
2 2 1 2 L
2 3 12 6 D
2 4 1 4 R
2 5 12 5 R
2 6 6 6 D
2 7 0 2 L
2 9 7 8 D
2 10 0 3 R
3 0 17 0 L
3 1 16 6 D
3 2 2 2 L
3 3 11 9 U
3 4 0 10 U
3 5 6 9 U
3 6 5 2 L
3 7 5 1 L
3 8 5 8 D
3 9 0 7 D
3 10 0 1 L
4 0 8 0 L
4 1 11 3 R
4 2 5 2 L
4 3 1 6 D
4 4 8 4 R
4 5 2 5 R
4 6 9 0 L
4 7 9 7 D
4 9 0 0 L
4 10 2 10 U
5 0 0 4 R
5 1 0 8 D
5 2 10 2 L
5 3 0 6 D
5 4 7 10 U
5 5 1 2 L
5 6 0 10 U
5 7 7 7 D
5 9 3 9 U
5 10 1 10 U
6 0 1 6 D
6 1 11 1 L
6 2 15 2 L
6 3 14 7 D
6 4 8 4 R
6 5 5 7 D
6 6 5 6 D
6 7 0 5 R
6 9 1 9 U
6 10 10 0 L
7 0 9 10 U
7 2 2 10 U
7 3 0 8 D
7 4 3 4 R
7 5 0 7 D
7 6 1 4 R
7 7 12 0 L
7 8 10 1 L
7 9 12 9 U
7 10 6 10 U
8 0 4 0 L
8 1 2 7 D
8 2 2 2 L
8 3 4 3 R
8 4 4 4 R
8 5 1 5 R
8 6 0 3 R
8 7 2 7 D
8 8 2 1 L
8 9 5 9 U
8 10 0 4 R
9 0 0 5 R
9 2 3 2 L
9 3 0 0 L
9 4 7 9 U
9 5 2 5 R
9 6 8 6 D
9 7 4 2 L
9 9 12 9 U
9 10 13 6 D
10 0 2 6 D
10 2 8 7 D
10 3 0 9 U
10 4 4 6 D
10 5 1 5 R
10 6 4 0 L
10 7 13 7 D
10 9 0 5 R
10 10 14 1 L
11 0 0 9 U
11 2 0 9 U
11 3 9 9 U
11 4 2 4 R
11 5 6 5 R
11 6 0 0 L
11 7 3 7 D
11 9 13 9 U
11 10 5 10 U
12 0 13 9 U
12 2 7 2 L
12 3 9 0 L
12 4 9 6 D
12 5 6 7 D
12 6 4 3 R
12 7 13 0 L
12 8 3 0 L
12 9 5 1 L
12 10 10 2 L
13 0 0 7 D
13 2 0 10 U
13 3 11 10 U
13 4 1 8 D
13 5 3 5 R
13 6 3 3 R
13 7 11 7 D
13 9 2 1 L
13 10 14 10 U
14 0 12 9 U
14 2 3 2 L
14 3 12 7 D
14 4 3 10 U
14 5 13 5 R
14 6 1 6 D
14 7 3 0 L
14 9 6 0 L
14 10 11 10 U
15 0 6 3 R
15 2 10 4 R
15 3 9 3 R
15 4 1 4 R
15 6 8 4 R
15 7 6 3 R
15 9 10 6 D
15 10 7 2 L
16 2 10 9 U
16 3 14 9 U
16 4 2 4 R
16 6 0 9 U
16 9 15 4 R
16 10 12 10 U
17 2 1 2 L
17 3 7 3 R
17 4 2 4 R
17 6 15 5 R
17 9 3 9 U
17 10 10 10 U
18 3 4 6 D
18 9 15 3 R
18 10 14 10 U

