14 15 176
2 0 3 0 13 2 6 8 3 3 0 2 0
0 0 0 0 0 0 0 10 0 0 0 7 6
0 6 0 9 0 6 10 0 0 0 1 6 0
0 0 9 3 1 0 12 0 10 11 0 0 1
0 11 12 0 0 0 0 0 0 12 1 0 0
10 2 0 0 0 0 0 7 7 0 0 0 2
0 0 1 0 0 4 10 5 5 0 0 0 3
10 0 12 0 0 11 0 0 0 0 10 0 6
12 12 6 7 0 0 0 0 4 0 0 12 10
0 0 0 7 0 8 0 8 0 0 6 4 0
11 10 7 0 0 2 5 12 0 13 5 0 6
10 0 0 0 7 8 0 6 0 0 0 0 12
0 0 0 0 0 4 0 0 1 4 0 7 2
0 0 0 0 D
0 1 0 1 D
0 2 0 2 D
0 3 0 3 R
0 4 0 4 R
0 5 0 5 R
0 6 0 6 R
0 7 0 7 U
0 8 0 8 U
0 9 0 9 U
0 10 0 10 U
0 11 0 11 L
0 12 0 12 L
0 13 0 13 L
0 14 0 14 L
1 0 0 11 L
1 1 5 1 D
1 2 2 2 D
1 3 0 12 L
1 4 4 4 R
1 5 3 1 D
1 6 0 0 D
1 7 9 7 U
1 8 3 8 U
1 9 3 9 U
1 10 5 10 U
1 11 3 5 R
1 12 0 10 U
1 13 3 7 U
1 14 2 14 L
2 0 0 12 L
2 1 5 4 R
2 2 0 10 U
2 3 7 0 D
2 4 0 13 L
2 5 1 5 R
2 6 7 2 D
2 7 0 11 L
2 8 10 8 U
2 9 5 5 R
2 10 3 10 U
2 11 7 0 D
2 12 0 9 U
2 13 3 13 L
2 14 7 2 D
3 0 9 0 D
3 1 0 4 R
3 2 9 5 R
3 3 1 8 U
3 4 2 4 R
3 5 4 10 U
3 6 0 10 U
3 7 1 0 D
3 8 0 4 R
3 9 5 1 D
3 10 1 3 R
3 11 0 0 D
3 12 0 7 U
3 13 9 3 R
3 14 1 14 L
4 0 7 13 L
4 1 3 5 R
4 2 8 2 D
4 3 2 8 U
4 4 7 7 U
4 5 5 1 D
4 6 6 6 R
4 7 1 7 U
4 8 2 12 L
4 9 1 9 U
4 10 5 1 D
4 11 1 4 R
4 12 0 8 U
4 13 2 9 U
4 14 5 14 L
5 0 0 3 R
5 1 6 11 L
5 2 0 5 R
5 3 0 11 L
5 4 0 7 U
5 5 2 7 U
5 6 8 6 R
5 7 0 5 R
5 8 2 3 R
5 9 0 2 D
5 10 0 14 L
5 11 3 7 U
5 12 6 12 L
5 13 3 0 D
5 14 0 10 U
6 0 4 11 L
6 1 4 14 L
6 2 1 2 D
6 3 7 3 R
6 4 7 10 U
6 5 9 5 R
6 6 9 9 U
6 7 0 1 D
6 8 11 2 D
6 9 11 12 L
6 10 2 14 L
6 11 0 7 U
6 12 0 3 R
6 13 2 2 D
6 14 1 2 D
7 0 3 5 R
7 1 1 12 L
7 2 9 11 L
7 3 0 0 D
7 4 0 1 D
7 5 0 9 U
7 6 8 6 R
7 7 3 3 R
7 8 0 12 L
7 9 9 4 R
7 10 8 11 L
7 11 4 7 U
7 12 2 8 U
7 13 6 13 L
8 0 1 6 R
8 1 0 6 R
8 2 0 3 R
8 3 2 3 R
8 4 1 8 U
8 5 7 13 L
8 7 0 3 R
8 8 1 8 U
8 9 1 3 R
8 11 6 9 U
8 12 1 1 D
8 13 0 1 D
8 14 5 1 D
9 0 1 0 D
9 1 0 13 L
9 3 0 8 U
9 4 12 8 U
9 5 11 0 D
9 7 6 4 R
9 8 0 6 R
9 9 5 11 L
9 10 8 10 U
9 11 5 11 L
9 12 3 8 U
9 13 1 13 L
10 0 2 9 U
10 1 4 1 D
10 2 4 2 D
10 3 8 7 U
10 4 11 0 D
10 5 1 7 U
10 7 0 0 D
10 8 8 4 R
10 9 3 9 U
10 11 2 8 U
10 12 11 12 L
11 0 9 12 L
11 1 7 12 L
11 2 0 7 U
11 3 8 9 U
11 4 10 4 R
11 5 4 5 R
11 7 4 11 L
11 8 10 8 U
11 9 10 9 U
11 11 0 6 R
11 12 5 12 L
12 0 11 0 D
12 2 1 3 R
12 3 0 13 L
12 4 5 4 R
12 8 1 8 U
12 11 3 10 U
12 12 7 7 U
12 13 1 13 L
13 0 11 7 U
13 3 6 2 D

