25 29 597
2 11 0 0 18 1 7 9 0 0 9 13 6 18 0 11 1 8
0 14 15 15 0 19 2 4 9 0 9 20 8 21 0 23 19 14
1 0 0 17 16 0 0 0 0 0 23 5 8 0 0 0 5 19
0 0 14 0 17 21 2 13 1 10 14 10 9 22 5 24 0 20
19 0 20 21 0 0 0 14 13 16 0 21 0 10 0 0 19 21
15 0 0 11 0 15 2 15 1 0 3 0 0 0 0 0 2 0
19 18 21 2 0 0 20 10 1 3 0 18 0 0 0 6 0 22
0 0 0 18 0 7 11 9 0 0 3 0 0 23 10 7 18 0
7 3 11 0 18 0 0 7 13 10 0 10 18 0 17 22 22 0
0 2 0 0 0 0 17 0 9 17 17 0 0 20 0 0 0 20
3 0 1 0 19 0 0 7 0 8 0 0 0 24 11 0 0 8
0 9 9 14 9 0 0 0 21 0 0 0 0 0 0 21 0 11
0 19 0 0 0 0 17 0 0 20 0 0 0 4 19 0 21 6
17 0 0 2 2 23 0 22 2 3 2 8 20 15 0 4 20 16
0 8 23 20 0 9 21 0 16 3 0 7 13 14 21 20 13 10
7 11 5 1 0 15 1 10 3 7 0 2 0 12 11 0 0 14
0 10 4 20 11 10 13 0 0 16 6 5 0 2 0 2 10 8
6 8 14 18 0 8 0 19 11 0 0 0 3 11 20 0 12 0
0 0 0 0 R
0 1 0 1 R
0 2 0 2 R
0 3 0 3 R
0 4 0 4 R
0 5 0 5 R
0 6 0 6 R
0 7 0 7 R
0 8 0 8 U
0 9 0 9 U
0 10 0 10 U
0 11 0 11 U
0 12 0 12 U
0 13 0 13 U
0 14 0 14 U
0 15 0 15 D
0 16 0 16 D
0 17 0 17 D
0 18 0 18 D
0 19 0 19 D
0 20 0 20 D
0 21 0 21 D
0 22 0 22 L
0 23 0 23 L
0 24 0 24 L
0 25 0 25 L
0 26 0 26 L
0 27 0 27 L
0 28 0 28 L
1 0 2 16 D
1 1 0 16 D
1 2 2 8 U
1 3 3 3 R
1 4 6 4 R
1 5 17 11 U
1 6 6 6 R
1 7 0 16 D
1 8 10 8 U
1 9 0 22 L
1 10 0 1 R
1 11 3 3 R
1 12 0 23 L
1 13 0 5 R
1 14 9 19 D
1 15 0 0 R
1 16 0 24 L
1 17 5 17 D
1 18 8 18 D
1 19 16 19 D
1 20 8 28 L
1 21 6 21 D
1 22 0 21 D
1 23 13 9 U
1 24 7 24 L
1 25 0 16 D
1 26 3 20 D
1 27 5 27 L
1 28 7 28 L
2 0 14 0 R
2 1 0 15 D
2 2 9 2 R
2 3 7 10 U
2 4 3 4 R
2 5 4 5 R
2 6 7 8 U
2 7 3 7 R
2 8 13 27 L
2 9 21 1 R
2 10 1 10 U
2 11 0 15 D
2 12 4 12 U
2 13 1 26 L
2 14 0 27 L
2 15 16 24 L
2 16 10 16 D
2 17 0 6 R
2 18 7 26 L
2 19 11 0 R
2 20 9 6 R
2 21 1 8 U
2 22 1 15 D
2 23 0 9 U
2 24 1 24 L
2 25 0 4 R
2 26 6 26 L
2 27 6 27 L
2 28 5 28 L
3 0 19 0 R
3 1 15 9 U
3 2 10 8 U
3 3 4 3 R
3 4 11 14 U
3 5 13 5 R
3 6 5 6 R
3 7 8 7 R
3 8 11 8 U
3 9 0 18 D
3 10 7 10 U
3 11 1 11 U
3 12 9 12 U
3 13 1 13 U
3 14 0 22 L
3 15 4 2 R
3 16 2 16 D
3 17 7 17 D
3 18 0 9 U
3 19 18 26 L
3 20 0 10 U
3 21 16 21 D
3 22 0 17 D
3 23 5 23 L
3 24 4 17 D
3 25 1 25 L
3 26 0 10 U
3 27 5 27 L
3 28 0 10 U
4 0 0 11 U
4 1 5 11 U
4 2 1 2 R
4 3 7 3 R
4 4 10 13 U
4 5 13 5 R
4 6 2 6 R
4 7 20 7 R
4 8 0 4 R
4 9 0 15 D
4 10 7 23 L
4 11 6 11 U
4 12 5 12 U
4 13 3 13 U
4 14 3 14 U
4 15 0 3 R
4 16 10 27 L
4 17 11 27 L
4 18 1 18 D
4 19 6 22 L
4 20 16 20 D
4 21 2 21 D
4 22 9 18 D
4 23 0 15 D
4 24 3 12 U
4 25 2 25 L
4 26 7 8 U
4 27 1 9 U
4 28 18 10 U
5 0 3 0 R
5 1 11 1 R
5 2 6 2 R
5 3 6 3 R
5 4 2 4 R
5 5 12 12 U
5 6 15 6 R
5 7 4 11 U
5 8 1 16 D
5 9 1 22 L
5 10 6 10 U
5 11 19 23 L
5 12 13 7 R
5 13 4 23 L
5 14 1 14 U
5 15 17 1 R
5 16 12 28 L
5 17 4 17 D
5 18 19 18 D
5 19 0 25 L
5 20 3 20 D
5 21 3 21 D
5 22 10 14 U
5 23 6 12 U
5 24 18 24 L
5 25 8 10 U
5 26 9 20 D
5 27 2 27 L
5 28 2 28 L
6 0 9 10 U
6 1 15 1 R
6 2 8 15 D
6 3 1 3 R
6 4 2 9 U
6 5 0 12 U
6 6 3 6 R
6 7 5 7 R
6 8 1 8 U
6 9 1 0 R
6 10 16 25 L
6 11 2 11 U
6 12 3 12 U
6 13 2 13 U
6 14 10 14 U
6 15 4 28 L
6 16 3 10 U
6 17 0 2 R
6 18 20 18 D
6 19 17 22 L
6 20 7 20 D
6 21 4 21 D
6 22 4 22 L
6 23 9 23 L
6 24 2 24 L
6 25 3 25 L
6 26 1 26 L
6 27 2 27 L
6 28 12 17 D
7 0 2 8 U
7 1 8 11 U
7 2 0 10 U
7 3 5 3 R
7 4 10 4 R
7 5 8 5 R
7 6 0 28 L
7 7 9 15 D
7 8 4 1 R
7 9 2 23 L
7 10 1 18 D
7 11 0 4 R
7 12 11 15 D
7 13 6 13 U
7 14 3 14 U
7 15 5 26 L
7 16 0 23 L
7 17 5 23 L
7 18 18 24 L
7 19 2 19 D
7 20 15 20 D
7 21 6 21 D
7 22 0 8 U
7 23 1 23 L
7 24 0 6 R
7 25 1 25 L
7 26 13 26 L
7 27 3 16 D
7 28 13 18 D
8 0 13 9 U
8 1 4 10 U
8 2 1 8 U
8 3 10 16 D
8 4 11 4 R
8 5 12 10 U
8 6 2 6 R
8 7 17 7 R
8 8 0 22 L
8 9 9 9 U
8 10 0 25 L
8 11 9 22 L
8 12 0 19 D
8 13 17 1 R
8 14 2 23 L
8 15 4 3 R
8 16 4 23 L
8 17 6 17 D
8 18 1 4 R
8 19 2 19 D
8 20 3 26 L
8 21 9 28 L
8 22 0 9 U
8 23 11 12 U
8 24 14 8 U
8 25 13 18 D
8 26 9 26 L
8 27 0 19 D
8 28 7 28 L
9 0 10 19 D
9 1 12 8 U
9 2 0 8 U
9 3 0 22 L
9 4 1 9 U
9 5 0 27 L
9 6 10 10 U
9 7 6 9 U
9 8 0 28 L
9 9 4 1 R
9 10 8 10 U
9 11 0 0 R
9 12 6 12 U
9 13 17 13 U
9 14 6 14 U
9 15 14 25 L
9 16 0 1 R
9 17 0 5 R
9 18 4 18 D
9 19 1 19 D
9 20 11 20 D
9 21 1 21 D
9 22 0 0 R
9 23 5 17 D
9 24 5 8 U
9 25 7 25 L
9 26 5 11 U
9 27 4 27 L
9 28 0 13 U
10 0 6 14 U
10 1 16 8 U
10 2 7 25 L
10 3 13 21 D
10 4 9 26 L
10 5 8 5 R
10 7 5 7 R
10 8 14 0 R
10 9 11 9 U
10 10 2 27 L
10 11 15 11 U
10 12 11 25 L
10 13 2 13 U
10 14 3 14 U
10 15 16 28 L
10 16 3 7 R
10 17 0 25 L
10 18 0 25 L
10 19 1 19 D
10 20 12 22 L
10 21 4 21 D
10 22 0 19 D
10 23 2 23 L
10 24 0 12 U
10 25 2 25 L
10 26 14 9 U
10 27 1 27 L
10 28 7 28 L
11 0 0 19 D
11 1 0 18 D
11 2 4 18 D
11 3 0 24 L
11 4 3 21 D
11 5 19 9 U
11 7 13 7 R
11 8 9 8 U
11 9 0 3 R
11 10 0 20 D
11 11 6 11 U
11 12 2 0 R
11 13 0 1 R
11 14 0 24 L
11 15 8 15 D
11 16 13 2 R
11 17 10 17 D
11 18 4 0 R
11 19 12 19 D
11 20 1 12 U
11 21 16 4 R
11 22 4 22 L
11 23 7 23 L
11 24 10 14 U
11 25 17 5 R
11 26 12 14 U
11 27 6 14 U
11 28 15 14 U
12 0 0 8 U
12 1 0 23 L
12 2 8 2 R
12 3 2 11 U
12 4 0 17 D
12 5 17 8 U
12 6 0 17 D
12 7 13 7 R
12 8 0 16 D
12 9 16 9 U
12 10 10 0 R
12 11 8 11 U
12 12 17 26 L
12 13 7 13 U
12 14 13 5 R
12 15 0 8 U
12 16 11 26 L
12 17 9 26 L
12 18 13 5 R
12 19 6 7 R
12 20 6 26 L
12 21 9 21 D
12 22 13 11 U
12 23 13 10 U
12 24 16 13 U
12 25 1 17 D
12 26 2 8 U
12 27 0 20 D
12 28 18 9 U
13 0 4 18 D
13 1 0 24 L
13 2 6 8 U
13 3 2 3 R
13 5 11 23 L
13 7 7 9 U
13 8 8 21 D
13 9 2 0 R
13 10 11 10 U
13 11 1 4 R
13 12 0 21 D
13 13 7 13 U
13 14 8 24 L
13 15 0 22 L
13 16 1 16 D
13 17 12 7 R
13 18 3 1 R
13 19 20 2 R
13 20 0 4 R
13 21 12 24 L
13 22 6 22 L
13 23 0 1 R
13 24 12 9 U
13 25 11 8 U
13 26 18 26 L
13 27 12 27 L
13 28 4 28 L
14 0 17 14 U
14 1 6 22 L
14 2 9 2 R
14 3 18 3 R
14 5 13 5 R
14 7 5 7 R
14 8 3 24 L
14 9 3 9 U
14 10 11 10 U
14 11 11 11 U
14 12 2 17 D
14 13 13 28 L
14 15 19 26 L
14 16 3 16 D
14 17 10 24 L
14 18 3 18 D
14 19 2 4 R
14 20 2 20 D
14 21 2 0 R
14 22 1 22 L
14 23 4 23 L
14 24 6 24 L
14 25 0 3 R
14 26 17 13 U
14 27 16 27 L
14 28 0 14 U
15 0 5 0 R
15 1 1 1 R
15 2 19 2 R
15 3 10 3 R
15 7 3 13 U
15 8 11 1 R
15 9 6 16 D
15 10 1 19 D
15 11 5 11 U
15 12 5 17 D
15 13 4 13 U
15 14 3 1 R
15 15 12 22 L
15 16 18 0 R
15 17 11 17 D
15 18 11 18 D
15 19 2 19 D
15 20 5 20 D
15 21 18 22 L
15 22 6 22 L
15 23 0 3 R
15 24 1 24 L
15 25 4 25 L
15 26 6 26 L
15 27 13 27 L
15 28 6 28 L
16 0 10 15 D
16 1 7 13 U
16 2 0 27 L
16 3 13 3 R
16 5 10 16 D
16 7 5 7 R
16 8 11 6 R
16 9 20 25 L
16 10 12 2 R
16 11 1 11 U
16 12 3 12 U
16 13 0 15 D
16 14 11 14 U
16 15 3 25 L
16 16 1 16 D
16 17 6 17 D
16 18 0 27 L
16 19 4 7 R
16 20 9 20 D
16 21 15 2 R
16 22 14 9 U
16 23 2 23 L
16 24 13 24 L
16 26 2 14 U
16 27 9 8 U
16 28 3 28 L
17 0 11 17 D
17 1 14 19 D
17 2 3 10 U
17 3 7 3 R
17 7 0 26 L
17 8 4 8 U
17 9 4 9 U
17 10 10 10 U
17 11 19 7 R
17 12 12 12 U
17 13 1 13 U
17 15 7 2 R
17 16 0 26 L
17 17 7 25 L
17 18 1 18 D
17 19 3 19 D
17 20 6 20 D
17 21 18 3 R
17 22 14 22 L
17 23 12 18 D
17 24 21 15 D
17 25 2 11 U
17 26 15 12 U
17 27 3 8 U
17 28 5 28 L
18 0 8 19 D
18 1 4 1 R
18 2 10 2 R
18 3 8 13 U
18 5 20 5 R
18 6 13 28 L
18 7 19 13 U
18 8 16 1 R
18 9 22 0 R
18 10 4 10 U
18 11 5 11 U
18 12 6 12 U
18 13 1 13 U
18 15 7 7 R
18 16 4 16 D
18 18 5 7 R
18 19 4 24 L
18 20 21 5 R
18 21 4 1 R
18 22 0 11 U
18 24 3 15 D
18 25 12 9 U
18 26 16 11 U
18 27 3 11 U
18 28 16 12 U
19 0 0 20 D
19 1 2 19 D
19 2 14 16 D
19 3 13 18 D
19 5 9 5 R
19 7 5 7 R
19 8 8 15 D
19 10 8 10 U
19 11 0 17 D
19 12 17 12 U
19 13 1 13 U
19 16 11 16 D
19 17 3 17 D
19 18 17 27 L
19 19 10 19 D
19 20 10 20 D
19 21 4 21 D
19 22 15 15 D
19 24 16 24 L
19 25 7 25 L
19 27 16 13 U
19 28 9 21 D
20 0 1 17 D
20 7 17 10 U
20 8 18 0 R
20 10 18 22 L
20 11 2 11 U
20 12 11 22 L
20 16 2 24 L
20 17 15 1 R
20 18 1 18 D
20 19 13 10 U
20 20 2 9 U
20 22 14 12 U
20 23 2 12 U
20 24 9 10 U
20 25 15 25 L
20 27 0 5 R
20 28 15 28 L
21 0 14 20 D
21 8 22 16 D
21 9 5 6 R
21 10 4 10 U
21 11 0 21 D
21 16 3 16 D
21 18 3 18 D
21 19 7 19 D
21 20 1 20 D
21 22 15 8 U
21 24 17 15 D
21 25 22 11 U
21 27 3 27 L
21 28 11 28 L
22 0 13 0 R
22 8 3 8 U
22 10 8 10 U
22 11 9 11 U
22 16 1 16 D
22 18 4 2 R
22 20 5 20 D
22 22 16 18 D
23 0 13 0 R
23 10 16 10 U
23 11 11 11 U
23 22 12 11 U
24 10 19 10 U
24 11 6 11 U

