5 6 26
0 0 0 2 3 0 0 0 0 0 0 0 0 0 0
0 0 0 0 0 0 0 0 0 0 0 0 0 0 0
0 0 3 0 0 0 0 1 3 0 0 0 1 0 0
0 0 0 0 0 0 0 0 0 0 0 0 0 0 0
0 0 0 0 0 0 0 0 0 0 0 0 0 0 0
0 0 0 0 0 0 0 0 0 0 0 0 0 0 0
0 0 0 0 0 0 0 0 0 0 0 0 0 0 0
0 0 0 0 0 0 0 0 0 0 0 0 0 0 0
0 0 0 0 0 0 0 0 0 0 0 0 0 0 0
0 0 0 0 0 0 0 0 0 0 0 0 0 0 0
0 3 3 0 2 0 0 0 0 0 0 0 2 0 0
0 3 0 4 0 0 0 0 0 0 1 0 4 0 0
4 0 0 0 0 0 0 0 0 0 0 0 0 0 0
0 0 0 0 0 0 0 0 0 0 0 0 0 0 0
2 0 0 0 0 0 0 4 0 0 4 0 0 0 0
0 0 0 0 U
0 1 0 1 U
0 2 0 2 R
0 3 0 3 D
0 4 0 4 L
0 5 0 5 L
1 0 0 5 L
1 1 3 4 L
1 2 0 3 D
1 3 0 0 U
1 4 0 2 R
1 5 0 3 D
2 0 1 2 R
2 2 0 0 U
2 3 1 5 L
2 4 3 0 U
2 5 1 5 L
3 0 0 2 R
3 2 1 3 D
3 3 0 2 R
3 4 2 4 L
3 5 0 0 U
4 0 0 3 D
4 2 0 1 U
4 3 0 4 L
4 4 2 0 U

