18 19 290
9 12 14 13 9 0 0 0 0 12
6 0 0 0 1 0 0 15 0 16
4 9 0 0 6 0 0 8 0 16
5 0 16 14 0 15 14 15 0 12
11 13 0 1 0 0 17 0 0 13
3 1 0 14 0 0 0 13 0 4
0 3 0 15 0 16 2 5 5 0
4 0 3 10 0 1 0 14 9 0
1 9 3 13 17 10 0 0 9 0
14 0 0 12 11 0 14 6 6 11
0 0 0 0 D
0 1 0 1 D
0 2 0 2 D
0 3 0 3 D
0 4 0 4 D
0 5 0 5 R
0 6 0 6 R
0 7 0 7 R
0 8 0 8 R
0 9 0 9 R
0 10 0 10 U
0 11 0 11 U
0 12 0 12 U
0 13 0 13 U
0 14 0 14 L
0 15 0 15 L
0 16 0 16 L
0 17 0 17 L
0 18 0 18 L
1 0 3 6 R
1 1 4 1 D
1 2 0 7 R
1 3 2 6 R
1 4 7 4 D
1 5 5 0 D
1 6 0 0 D
1 7 8 7 R
1 8 11 15 L
1 9 5 9 R
1 10 2 15 L
1 11 0 6 R
1 12 10 5 R
1 13 3 13 U
1 14 0 10 U
1 15 0 12 U
1 16 2 16 L
1 17 0 12 U
1 18 11 18 L
2 0 0 15 L
2 1 3 1 D
2 2 1 2 D
2 3 8 3 D
2 4 1 4 D
2 5 0 1 D
2 6 9 1 D
2 7 0 16 L
2 8 14 8 R
2 9 7 3 D
2 10 11 6 R
2 11 8 3 D
2 12 12 6 R
2 13 5 6 R
2 14 5 3 D
2 15 0 5 R
2 16 10 11 U
2 17 7 0 D
2 18 5 2 D
3 0 2 10 U
3 1 0 8 R
3 2 4 14 L
3 3 6 17 L
3 4 11 4 D
3 5 0 11 U
3 6 5 11 U
3 7 0 4 D
3 8 8 0 D
3 9 8 9 R
3 10 0 7 R
3 11 1 5 R
3 12 1 12 U
3 13 6 13 U
3 14 6 12 U
3 15 9 6 R
3 16 7 10 U
3 17 5 12 U
3 18 1 1 D
4 0 10 15 L
4 1 0 14 L
4 2 7 2 D
4 3 6 3 D
4 5 2 3 D
4 6 7 2 D
4 7 0 14 L
4 8 2 11 U
4 9 10 9 R
4 10 1 15 L
4 11 5 8 R
4 12 0 5 R
4 13 8 16 L
4 14 12 0 D
4 15 1 2 D
4 16 2 1 D
4 17 3 9 R
4 18 12 18 L
5 0 10 0 D
5 1 12 16 L
5 2 6 14 L
5 3 6 16 L
5 4 0 10 U
5 5 0 12 U
5 6 1 6 R
5 7 11 7 R
5 8 0 15 L
5 9 4 9 R
5 10 13 9 R
5 11 8 11 U
5 12 11 16 L
5 13 9 8 R
5 14 1 0 D
5 15 2 15 L
5 16 11 16 L
5 17 1 17 L
5 18 1 18 L
6 0 4 16 L
6 1 0 6 R
6 2 4 2 D
6 3 15 3 D
6 5 10 11 U
6 6 3 12 U
6 7 12 14 L
6 8 7 13 U
6 9 9 11 U
6 10 8 15 L
6 11 4 11 U
6 12 4 14 L
6 13 2 15 L
6 14 2 5 R
6 15 1 0 D
6 16 1 0 D
6 17 15 17 L
6 18 3 8 R
7 0 2 14 L
7 1 3 18 L
7 2 3 6 R
7 3 0 13 U
7 5 12 3 D
7 6 14 10 U
7 7 12 10 U
7 8 11 13 U
7 9 10 13 U
7 10 5 9 R
7 11 4 15 L
7 12 11 18 L
7 13 1 13 U
7 14 0 13 U
7 15 0 2 D
7 16 3 7 R
7 17 14 1 D
7 18 14 4 D
8 0 0 5 R
8 1 12 12 U
8 2 9 15 L
8 3 6 3 D
8 5 9 12 U
8 6 1 0 D
8 7 6 1 D
8 8 4 4 D
8 9 11 11 U
8 10 0 17 L
8 11 2 11 U
8 12 6 12 U
8 13 0 15 L
8 14 12 10 U
8 15 12 5 R
8 16 0 11 U
8 17 13 17 L
8 18 12 18 L
9 0 8 18 L
9 1 7 7 R
9 2 7 18 L
9 3 6 14 L
9 5 3 10 U
9 6 12 6 R
9 7 3 0 D
9 8 7 8 R
9 9 5 12 U
9 10 6 16 L
9 11 4 7 R
9 12 7 9 R
9 13 13 13 U
9 14 1 5 R
9 15 14 15 L
9 16 0 3 D
9 17 3 17 L
10 0 12 17 L
10 1 5 15 L
10 2 2 2 D
10 3 6 3 D
10 4 9 15 L
10 5 12 11 U
10 6 7 15 L
10 7 9 13 U
10 8 9 8 R
10 9 1 9 R
10 10 0 9 R
10 11 2 17 L
10 12 4 5 R
10 13 11 14 L
10 14 9 14 L
10 15 1 3 D
10 16 5 16 L
10 17 1 17 L
10 18 5 18 L
11 0 5 13 U
11 1 15 17 L
11 2 3 7 R
11 3 10 15 L
11 5 2 14 L
11 6 6 6 R
11 7 8 3 D
11 8 1 2 D
11 9 12 9 R
11 10 1 10 U
11 11 0 14 L
11 12 8 12 U
11 13 10 18 L
11 14 2 8 R
11 15 10 0 D
11 16 9 1 D
11 17 7 9 R
11 18 5 18 L
12 0 8 5 R
12 1 13 14 L
12 2 10 16 L
12 3 8 14 L
12 5 0 10 U
12 6 4 10 U
12 7 9 2 D
12 8 1 8 R
12 9 10 9 R
12 10 11 7 R
12 11 8 16 L
12 12 0 2 D
12 13 16 1 D
12 14 0 0 D
12 15 7 1 D
12 16 1 12 U
12 18 5 4 D
13 0 16 0 D
13 1 6 1 D
13 2 14 17 L
13 3 1 3 D
13 5 4 2 D
13 6 2 0 D
13 7 5 10 U
13 8 9 12 U
13 9 14 9 R
13 10 4 15 L
13 11 10 4 D
13 12 4 12 U
13 14 1 3 D
13 15 1 11 U
13 16 12 16 L
13 17 0 1 D
13 18 5 9 R
14 0 13 14 L
14 1 1 15 L
14 2 12 14 L
14 5 10 5 R
14 7 2 7 R
14 8 5 8 R
14 9 13 2 D
14 10 1 6 R
14 11 12 7 R
14 12 13 6 R
14 14 6 5 R
14 15 0 6 R
14 16 0 8 R
14 18 15 2 D
15 0 1 5 R
15 1 17 6 R
15 2 3 16 L
15 5 9 10 U
15 7 1 7 R
15 9 9 9 R
15 10 12 8 R
15 11 14 5 R
15 12 14 17 L
15 14 2 0 D
15 16 13 6 R
15 18 12 18 L
16 1 15 1 D
16 2 12 2 D
16 5 9 1 D
16 10 15 10 U
16 11 13 14 L
16 12 11 7 R
17 1 15 6 R
17 2 1 2 D
17 5 2 5 R

