15 14 164
1 10 0 13 0 0 0 0 14 6 3 0 8 0 0 3 0 0
0 0 10 0 9 0 10 1 0 4 0 0 0 9 0 0 2 0
0 11 7 0 0 10 0 11 0 0 0 6 0 0 0 0 0 0
0 4 2 3 0 0 0 13 6 0 0 0 0 0 0 0 12 11
0 0 4 0 8 8 9 0 0 0 12 0 0 0 0 12 1 0
0 0 9 12 0 0 1 0 9 0 0 5 0 0 0 0 0 1
0 4 0 0 10 12 0 0 2 11 0 5 7 0 0 0 0 1
0 4 5 0 0 0 0 0 0 0 2 0 14 0 0 0 0 0
11 12 8 0 0 1 0 0 0 0 6 0 0 2 0 0 0 3
2 0 3 11 9 0 0 0 0 0 0 0 0 0 0 1 0 0
0 0 0 0 7 0 1 3 0 4 0 0 0 0 1 6 0 0
0 0 0 0 0 9 0 0 9 0 0 0 0 0 3 0 0 0
7 12 0 13 0 0 4 0 0 0 1 2 12 0 0 3 0 0
0 0 0 0 0 0 0 0 0 0 5 0 11 12 0 0 0 0
0 12 0 0 0 0 0 0 0 0 0 0 0 0 0 0 0 0
0 0 9 0 0 2 0 0 0 0 7 0 4 0 13 0 0 0
1 5 0 11 0 0 3 0 0 0 0 1 0 0 0 8 0 0
11 0 0 0 0 0 0 0 0 0 0 0 0 6 7 8 0 0
0 0 0 0 L
0 1 0 1 L
0 2 0 2 L
0 3 0 3 L
0 4 0 4 R
0 5 0 5 R
0 6 0 6 R
0 7 0 7 D
0 8 0 8 D
0 9 0 9 D
0 10 0 10 D
0 11 0 11 U
0 12 0 12 U
0 13 0 13 U
1 0 0 7 D
1 1 0 13 U
1 2 10 8 D
1 3 2 13 U
1 4 0 1 L
1 5 0 11 U
1 6 4 6 R
1 7 0 2 L
1 8 7 8 D
1 9 8 9 D
1 10 2 10 D
1 11 4 5 R
1 12 2 4 R
1 13 0 9 D
2 0 0 6 R
2 1 8 1 L
2 2 4 2 L
2 3 1 3 L
2 4 0 9 D
2 5 9 12 U
2 6 4 12 U
2 7 9 7 D
2 8 0 12 U
2 9 0 6 R
2 10 5 10 D
2 11 0 4 R
2 12 3 6 R
2 13 5 13 U
3 0 0 8 D
3 1 0 11 U
3 2 5 2 L
3 3 7 11 U
3 4 0 0 L
3 5 0 7 D
3 6 0 8 D
3 7 0 11 U
3 8 1 1 L
3 9 0 1 L
3 10 0 12 U
3 11 2 0 L
3 12 0 5 R
3 13 0 2 L
4 0 2 7 D
4 1 1 1 L
4 2 6 12 U
4 3 5 7 D
4 4 0 12 U
4 5 9 7 D
4 6 9 9 D
4 7 10 0 L
4 8 0 1 L
4 9 9 0 L
4 10 0 5 R
4 11 6 11 U
4 12 6 5 R
4 13 5 4 R
5 0 1 12 U
5 1 0 5 R
5 2 4 10 D
5 3 7 3 L
5 4 11 8 D
5 5 3 10 D
5 6 8 6 R
5 7 0 4 R
5 8 9 8 D
5 9 6 5 R
5 10 1 10 D
5 11 4 2 L
5 12 3 12 U
5 13 0 6 R
6 0 5 13 U
6 1 1 5 R
6 2 0 4 R
6 4 3 3 L
6 5 10 5 R
6 6 7 11 U
6 7 8 1 L
6 8 1 8 D
6 9 1 9 D
6 10 2 6 R
6 11 10 6 R
6 12 8 1 L
6 13 3 0 L
7 0 2 4 R
7 1 8 9 D
7 4 6 11 U
7 5 6 8 D
7 6 1 8 D
7 7 1 6 R
7 8 11 5 R
7 10 5 10 D
7 11 2 11 U
7 12 3 1 L
7 13 6 13 U
8 0 5 0 L
8 1 0 10 D
8 4 3 4 R
8 5 7 7 D
8 6 0 13 U
8 7 0 0 L
8 8 2 8 D
8 10 3 10 D
8 11 10 10 D
8 12 0 8 D
8 13 0 1 L
9 0 6 13 U
9 1 5 6 R
9 4 3 4 R
9 5 3 5 R
9 6 3 8 D
9 7 3 13 U
9 8 0 5 R
9 10 0 1 L
9 11 0 0 L
9 12 5 0 L
9 13 2 13 U
10 0 3 12 U
10 1 2 1 L
10 2 2 11 U
10 4 1 4 R
10 5 0 8 D
10 6 2 8 D
10 7 1 4 R
10 9 3 11 U
10 11 1 5 R
10 12 0 6 R
10 13 7 5 R
11 0 0 12 U
11 1 9 4 R
11 4 9 12 U
11 5 2 2 L
11 6 1 13 U
11 7 7 3 L
11 8 8 0 L
11 11 0 7 D
11 12 8 12 U
11 13 2 13 U
12 0 4 0 L
12 1 0 9 D
12 5 2 5 R
12 6 10 6 R
12 7 2 7 D
12 11 9 1 L
12 12 5 12 U
13 0 5 10 D
13 5 2 5 R
13 11 1 2 L
13 12 5 12 U
14 11 10 0 L
14 12 9 3 L

