17 17 243
4 0 0 0 3 1 0 0 0 0 16 10
0 0 10 9 0 0 10 13 0 0 7 11
5 0 0 0 4 0 0 0 0 0 12 0
11 0 14 8 0 0 0 12 2 6 0 8
6 7 0 0 12 2 2 10 0 0 14 0
15 0 0 0 0 1 0 0 15 0 0 0
14 5 11 10 2 16 8 16 14 0 0 0
0 0 0 0 0 0 0 0 0 13 0 13
0 0 0 0 0 0 7 0 14 0 0 0
0 6 0 0 0 0 0 0 0 0 0 0
13 0 9 0 5 0 12 0 13 8 0 0
10 2 0 15 3 15 0 6 0 12 15 0
0 0 0 0 U
0 1 0 1 U
0 2 0 2 U
0 3 0 3 U
0 4 0 4 R
0 5 0 5 R
0 6 0 6 R
0 7 0 7 R
0 8 0 8 D
0 9 0 9 D
0 10 0 10 D
0 11 0 11 D
0 12 0 12 L
0 13 0 13 L
0 14 0 14 L
0 15 0 15 L
0 16 0 16 L
1 0 11 7 R
1 1 6 14 L
1 2 8 5 R
1 3 12 14 L
1 4 13 0 U
1 5 5 1 U
1 6 10 1 U
1 7 3 7 R
1 8 0 2 U
1 9 0 4 R
1 10 5 13 L
1 11 6 13 L
1 12 0 1 U
1 13 13 13 L
1 14 2 14 L
1 15 7 10 D
1 16 5 11 D
2 0 1 0 U
2 1 8 5 R
2 2 0 6 R
2 3 10 4 R
2 4 0 1 U
2 5 6 10 D
2 6 9 6 R
2 7 1 7 R
2 8 12 8 D
2 9 4 9 D
2 10 0 5 R
2 11 1 3 U
2 12 1 7 R
2 13 7 9 D
2 14 3 2 U
2 15 7 11 D
2 16 1 8 D
3 0 4 6 R
3 1 8 12 L
3 2 7 2 U
3 3 8 3 U
3 4 0 9 D
3 5 5 5 R
3 6 13 6 R
3 7 4 7 R
3 8 2 4 R
3 9 7 6 R
3 10 0 0 U
3 11 2 2 U
3 12 0 0 U
3 13 0 5 R
3 14 4 14 L
3 15 11 15 L
3 16 2 16 L
4 0 11 12 L
4 1 2 1 U
4 2 15 12 L
4 3 0 7 R
4 4 10 4 R
4 5 3 5 R
4 6 7 0 U
4 7 1 11 D
4 8 0 12 L
4 9 0 1 U
4 10 7 4 R
4 11 0 16 L
4 12 12 8 D
4 13 0 9 D
4 14 2 8 D
4 15 3 11 D
5 0 2 12 L
5 1 3 6 R
5 2 1 15 L
5 3 4 6 R
5 4 10 8 D
5 5 9 1 U
5 6 10 9 D
5 7 1 10 D
5 8 4 0 U
5 9 6 12 L
5 10 7 15 L
5 11 3 11 D
5 12 9 3 U
5 13 2 10 D
5 14 7 11 D
5 15 2 10 D
5 16 1 16 L
6 0 7 15 L
6 1 0 12 L
6 4 5 0 U
6 5 0 2 U
6 6 0 13 L
6 7 10 2 U
6 8 13 16 L
6 9 11 15 L
6 10 3 13 L
6 11 0 3 U
6 12 3 0 U
6 13 3 11 D
6 14 3 10 D
6 15 0 3 U
7 0 2 6 R
7 1 6 4 R
7 2 8 6 R
7 3 5 7 R
7 4 5 9 D
7 5 14 11 D
7 6 11 3 U
7 7 9 3 U
7 8 0 14 L
7 9 0 13 L
7 10 3 10 D
7 11 14 6 R
7 12 6 12 L
7 13 11 2 U
7 14 4 7 R
7 15 0 7 R
7 16 11 2 U
8 0 10 0 U
8 1 0 5 R
8 2 14 14 L
8 4 2 10 D
8 5 10 11 D
8 6 9 6 R
8 7 5 11 D
8 8 1 8 D
8 9 15 13 L
8 10 2 14 L
8 11 5 11 D
8 12 3 1 U
8 13 4 10 D
8 14 3 14 L
8 15 3 2 U
8 16 9 16 L
9 0 0 4 R
9 1 3 10 D
9 4 0 0 U
9 5 10 5 R
9 6 2 6 R
9 7 1 7 R
9 8 6 14 L
9 9 1 12 L
9 10 5 10 D
9 11 13 14 L
9 12 3 12 L
9 13 0 8 D
9 14 0 10 D
9 15 6 2 U
10 0 1 8 D
10 1 0 9 D
10 2 5 13 L
10 4 0 11 D
10 5 0 16 L
10 6 4 10 D
10 7 5 1 U
10 8 4 12 L
10 9 3 9 D
10 10 6 13 L
10 11 1 2 U
10 12 8 9 D
10 13 9 13 L
10 14 2 14 L
10 15 7 15 L
10 16 0 9 D
11 1 1 5 R
11 4 4 12 L
11 5 14 0 U
11 6 8 6 R
11 7 3 7 R
11 8 3 4 R
11 9 12 7 R
11 10 7 7 R
11 11 14 16 L
11 12 0 4 R
11 13 12 9 D
11 14 7 3 U
11 15 7 15 L
12 0 1 7 R
12 1 2 4 R
12 2 5 15 L
12 3 8 15 L
12 4 5 10 D
12 6 13 6 R
12 7 4 11 D
12 8 8 5 R
12 9 1 4 R
12 10 0 4 R
12 11 8 5 R
12 12 10 0 U
12 13 0 6 R
12 14 14 0 U
13 0 2 0 U
13 1 16 13 L
13 4 6 2 U
13 5 0 10 D
13 6 1 3 U
13 7 3 7 R
13 8 3 3 U
13 9 12 6 R
13 10 9 0 U
13 11 9 14 L
13 12 1 11 D
13 13 9 13 L
13 14 2 11 D
14 0 1 4 R
14 1 10 8 D
14 5 0 12 L
14 6 3 10 D
14 7 13 1 U
14 8 11 4 R
14 9 15 16 L
14 10 13 10 D
14 11 5 15 L
14 13 12 2 U
14 14 13 1 U
15 1 3 5 R
15 5 0 8 D
15 6 13 8 D
15 7 11 2 U
15 9 1 14 L
15 10 10 1 U
15 11 5 13 L
15 13 0 4 R
15 14 12 2 U
16 5 4 9 D
16 6 8 15 L
16 7 5 14 L
16 10 11 14 L
16 14 15 9 D

