5 5 22
0 0 0 0 0 0 0 0 0 0 0 0 0 0
0 0 0 0 0 0 0 0 0 0 0 0 0 0
4 0 0 0 0 0 0 0 0 4 2 0 0 0
1 0 0 0 0 0 0 0 4 0 0 0 0 0
0 0 3 2 0 0 0 0 0 0 0 0 0 1
0 0 0 0 0 0 0 0 3 0 2 0 0 0
0 0 0 0 0 0 0 0 0 0 0 0 0 0
0 0 0 0 2 0 0 0 0 0 0 0 0 1
0 0 0 0 0 0 3 0 0 3 0 0 0 0
0 0 0 0 0 0 0 0 0 0 0 0 0 0
0 0 0 0 0 0 0 0 0 0 0 3 2 0
0 0 0 3 2 0 0 0 0 0 0 0 0 1
4 0 0 0 0 0 0 0 0 4 0 3 0 0
4 0 3 0 0 0 3 0 0 0 0 0 2 0
0 0 0 0 U
0 1 0 1 R
0 2 0 2 R
0 3 0 3 D
0 4 0 4 L
1 0 0 3 D
1 1 2 0 U
1 2 0 4 L
1 3 0 0 U
1 4 0 3 D
2 0 1 1 R
2 1 0 3 D
2 2 2 2 R
2 3 0 4 L
2 4 1 0 U
3 0 0 1 R
3 1 0 0 U
3 3 0 2 R
3 4 0 0 U
4 0 0 4 L
4 3 0 1 R
4 4 0 1 R

