21 27 480
8 5 5 11 9 6 12 5 12 0 13 8 8
15 0 14 0 17 3 17 2 0 19 0 0 18
9 6 1 19 0 16 3 18 0 10 0 0 16
11 14 0 15 0 0 6 6 1 0 0 15 13
17 0 0 0 9 0 9 0 17 0 2 5 11
15 0 20 19 0 12 2 19 0 0 0 16 2
19 7 12 4 7 0 2 19 0 20 1 4 18
17 17 0 16 3 10 0 20 0 0 6 1 0
4 14 0 6 12 10 6 0 0 18 17 7 0
18 18 0 17 9 1 0 0 16 19 0 15 20
8 0 0 0 9 0 0 20 4 0 2 5 0
0 0 8 17 19 9 0 11 17 15 14 11 0
9 18 0 11 14 9 0 18 0 14 0 10 15
0 0 0 0 U
0 1 0 1 U
0 2 0 2 U
0 3 0 3 U
0 4 0 4 U
0 5 0 5 U
0 6 0 6 U
0 7 0 7 R
0 8 0 8 R
0 9 0 9 R
0 10 0 10 R
0 11 0 11 R
0 12 0 12 R
0 13 0 13 R
0 14 0 14 D
0 15 0 15 D
0 16 0 16 D
0 17 0 17 D
0 18 0 18 D
0 19 0 19 D
0 20 0 20 L
0 21 0 21 L
0 22 0 22 L
0 23 0 23 L
0 24 0 24 L
0 25 0 25 L
0 26 0 26 L
1 0 0 21 L
1 1 3 24 L
1 2 4 9 R
1 3 12 3 U
1 4 16 4 U
1 5 6 5 U
1 6 10 12 R
1 7 8 19 D
1 8 0 16 D
1 9 4 9 R
1 10 4 10 R
1 11 10 1 U
1 12 8 12 R
1 13 5 13 R
1 14 6 24 L
1 15 0 21 L
1 16 8 16 D
1 17 12 7 R
1 18 6 23 L
1 19 0 20 L
1 20 0 14 D
1 21 11 13 R
1 22 12 4 U
1 23 0 16 D
1 24 6 24 L
1 25 11 5 U
1 26 11 3 U
2 0 6 22 L
2 1 1 7 R
2 2 8 25 L
2 3 5 3 U
2 4 11 17 D
2 5 5 21 L
2 6 6 7 R
2 7 0 5 U
2 8 9 8 R
2 9 5 1 U
2 10 0 17 D
2 11 5 11 R
2 12 3 12 R
2 13 3 20 L
2 14 14 25 L
2 15 8 8 R
2 16 12 10 R
2 17 0 8 R
2 18 9 18 D
2 19 5 26 L
2 20 1 17 D
2 21 7 15 D
2 22 4 22 L
2 23 0 4 U
2 24 5 24 L
2 25 0 1 U
2 26 7 26 L
3 0 12 20 L
3 1 11 20 L
3 2 8 21 L
3 3 0 9 R
3 4 0 23 L
3 5 9 22 L
3 6 9 6 U
3 7 0 15 D
3 8 5 14 D
3 9 1 9 R
3 10 2 14 D
3 11 1 18 D
3 12 6 6 U
3 13 12 2 U
3 14 6 25 L
3 15 5 25 L
3 16 12 1 U
3 17 0 7 R
3 18 10 18 D
3 19 6 21 L
3 20 0 15 D
3 21 13 21 L
3 22 0 3 U
3 23 1 23 L
3 24 12 0 U
3 25 1 25 L
3 26 4 26 L
4 0 12 13 R
4 1 16 22 L
4 2 10 17 D
4 3 13 24 L
4 4 0 26 L
4 5 3 5 U
4 6 3 6 U
4 7 0 20 L
4 8 0 0 U
4 9 2 9 R
4 10 7 10 R
4 11 2 19 D
4 12 1 19 D
4 13 13 3 U
4 14 2 20 L
4 15 1 21 L
4 16 5 8 R
4 17 11 17 D
4 18 11 26 L
4 19 17 8 R
4 20 9 1 U
4 21 0 9 R
4 22 15 22 L
4 23 3 6 U
4 24 6 8 R
4 25 0 17 D
4 26 1 26 L
5 0 0 23 L
5 1 18 25 L
5 2 6 2 U
5 3 8 3 U
5 4 0 9 R
5 5 0 22 L
5 6 8 6 U
5 7 0 2 U
5 8 12 1 U
5 9 6 2 U
5 10 10 1 U
5 11 8 2 U
5 12 3 12 R
5 13 10 13 R
5 14 4 22 L
5 15 3 2 U
5 16 0 25 L
5 17 1 17 D
5 18 3 21 L
5 19 3 19 D
5 20 7 19 D
5 21 13 21 L
5 22 2 22 L
5 23 2 23 L
5 24 2 24 L
5 25 6 25 L
5 26 14 26 L
6 0 2 20 L
6 1 0 20 L
6 2 1 2 U
6 3 3 3 U
6 4 3 4 U
6 5 7 5 U
6 6 0 24 L
6 7 8 0 U
6 8 15 1 U
6 9 0 16 D
6 10 0 14 D
6 11 0 22 L
6 12 2 12 R
6 13 10 4 U
6 14 0 8 R
6 15 11 26 L
6 16 0 23 L
6 17 0 3 U
6 18 1 18 D
6 19 1 19 D
6 20 19 1 U
6 21 1 17 D
6 22 19 2 U
6 23 0 7 R
6 24 1 19 D
6 25 9 25 L
6 26 12 19 D
7 0 9 0 U
7 1 0 25 L
7 2 15 10 R
7 3 9 8 R
7 4 14 21 L
7 5 6 8 R
7 6 6 6 U
7 7 5 14 D
7 8 9 8 R
7 9 4 9 R
7 10 5 10 R
7 11 1 3 U
7 12 1 12 R
7 13 0 19 D
7 14 4 2 U
7 15 6 10 R
7 16 9 7 R
7 17 1 10 R
7 18 6 18 D
7 19 8 23 L
7 20 1 3 U
7 21 0 18 D
7 22 12 10 R
7 23 9 23 L
7 24 10 24 L
7 25 0 12 R
7 26 9 26 L
8 0 14 0 U
8 1 3 26 L
8 2 10 11 R
8 3 5 23 L
8 4 0 20 L
8 5 11 5 U
8 6 12 6 U
8 7 16 23 L
8 8 14 8 R
8 9 14 14 D
8 10 12 0 U
8 11 0 21 L
8 12 0 18 D
8 13 3 13 R
8 14 0 22 L
8 15 10 9 R
8 16 0 0 U
8 17 2 12 R
8 18 4 11 R
8 19 2 19 D
8 20 6 15 D
8 21 7 3 U
8 22 0 8 R
8 23 0 11 R
8 24 2 24 L
8 25 7 9 R
8 26 4 13 R
9 0 16 8 R
9 1 8 12 R
9 2 5 25 L
9 3 14 3 U
9 4 0 17 D
9 5 1 5 U
9 6 17 6 U
9 7 4 18 D
9 8 4 8 R
9 9 6 5 U
9 10 18 2 U
9 11 5 11 R
9 12 7 12 R
9 13 11 13 R
9 14 4 9 R
9 15 0 9 R
9 16 6 16 D
9 17 6 17 D
9 18 5 18 D
9 19 11 19 D
9 20 1 15 D
9 21 13 21 L
9 22 6 22 L
9 23 5 23 L
9 24 4 3 U
9 25 6 25 L
9 26 0 11 R
10 0 8 22 L
10 1 12 1 U
10 2 6 11 R
10 3 6 19 D
10 4 0 7 R
10 5 15 7 R
10 6 2 6 U
10 7 1 14 D
10 8 5 2 U
10 9 13 0 U
10 10 1 19 D
10 11 7 5 U
10 12 0 15 D
10 13 14 5 U
10 14 8 8 R
10 15 0 13 R
10 16 2 21 L
10 17 9 17 D
10 18 0 12 R
10 19 7 7 R
10 20 15 0 U
10 21 6 14 D
10 22 6 22 L
10 23 7 19 D
10 24 13 24 L
10 25 1 4 U
10 26 18 14 D
11 0 5 0 U
11 1 8 1 U
11 2 0 15 D
11 3 5 3 U
11 4 3 4 U
11 5 6 9 R
11 6 6 6 U
11 7 6 16 D
11 8 0 25 L
11 9 10 19 D
11 10 8 15 D
11 11 5 11 R
11 12 10 5 U
11 13 14 18 D
11 14 5 21 L
11 15 6 26 L
11 16 2 16 D
11 17 9 7 R
11 18 1 20 L
11 19 3 24 L
11 20 0 19 D
11 21 5 21 L
11 22 4 22 L
11 23 14 15 D
11 24 5 7 R
11 25 3 25 L
11 26 2 3 U
12 0 13 11 R
12 1 9 1 U
12 2 7 13 R
12 3 6 23 L
12 4 4 4 U
12 5 10 5 U
12 7 4 15 D
12 8 6 0 U
12 9 10 2 U
12 10 2 10 R
12 11 10 22 L
12 12 0 4 U
12 13 11 18 D
12 14 11 14 D
12 15 2 22 L
12 16 1 16 D
12 17 4 23 L
12 18 10 13 R
12 19 2 19 D
12 20 7 20 L
12 21 11 1 U
12 22 4 22 L
12 23 9 23 L
12 24 3 10 R
12 25 5 1 U
12 26 16 17 D
13 0 5 14 D
13 1 3 20 L
13 3 5 11 R
13 7 5 3 U
13 8 1 16 D
13 9 0 1 U
13 10 4 2 U
13 12 11 12 R
13 14 10 3 U
13 15 11 15 D
13 16 5 22 L
13 17 8 9 R
13 18 14 9 R
13 19 9 19 D
13 20 10 0 U
13 21 3 4 U
13 22 16 14 D
13 23 0 13 R
13 24 1 24 L
13 25 4 25 L
13 26 5 26 L
14 0 18 7 R
14 1 1 8 R
14 2 16 24 L
14 3 2 20 L
14 4 4 18 D
14 7 15 17 D
14 8 3 8 R
14 9 1 9 R
14 10 2 10 R
14 11 9 11 R
14 12 10 16 D
14 14 9 20 L
14 15 11 3 U
14 16 6 16 D
14 17 15 12 R
14 18 6 24 L
14 19 4 19 D
14 20 16 8 R
14 21 0 15 D
14 22 18 8 R
14 23 6 23 L
14 24 5 24 L
14 25 5 25 L
15 0 1 7 R
15 1 3 15 D
15 3 13 12 R
15 7 10 16 D
15 8 6 8 R
15 9 9 16 D
15 10 6 10 R
15 12 1 20 L
15 14 9 14 D
15 15 4 24 L
15 16 16 12 R
15 17 12 17 D
15 18 5 18 D
15 19 6 9 R
15 20 2 17 D
15 21 0 2 U
15 22 2 22 L
15 23 10 16 D
15 24 0 2 U
15 25 6 25 L
15 26 3 15 D
16 0 9 8 R
16 1 7 20 L
16 3 2 9 R
16 7 10 15 D
16 8 6 15 D
16 9 13 20 L
16 10 11 16 D
16 12 15 1 U
16 14 4 13 R
16 15 9 12 R
16 17 3 3 U
16 18 8 10 R
16 19 1 21 L
16 20 0 17 D
16 21 11 4 U
16 22 4 22 L
16 24 18 14 D
16 25 3 25 L
17 0 8 24 L
17 1 20 21 L
17 3 12 23 L
17 5 3 5 U
17 7 8 22 L
17 8 9 8 R
17 10 6 1 U
17 12 19 12 R
17 14 12 0 U
17 15 0 11 R
17 17 0 10 R
17 19 1 22 L
17 20 0 18 D
17 21 2 8 R
17 22 2 22 L
17 24 16 17 D
17 25 1 6 U
18 0 7 12 R
18 3 8 7 R
18 7 8 26 L
18 8 1 0 U
18 10 3 15 D
18 12 17 12 R
18 14 9 14 D
18 15 13 21 L
18 17 17 11 R
18 20 10 6 U
18 22 17 15 D
18 24 5 24 L
18 25 13 15 D
19 0 0 16 D
19 3 3 3 U
19 7 5 7 R
19 8 9 3 U
19 10 9 0 U
19 14 1 14 D
19 15 10 7 R
19 17 4 17 D
19 20 7 16 D
19 22 3 22 L
19 24 10 17 D
19 25 5 25 L
20 0 4 24 L
20 8 4 0 U
20 14 7 14 D
20 15 15 15 D
20 25 13 4 U

