28 27 642
18 0 0 0 0 0 0 0 0 0 0 0 0 0 0 0 0 15 9
0 0 14 0 0 0 0 0 0 4 5 1 0 14 0 11 0 16 0
0 19 3 22 6 20 6 0 0 3 9 0 22 0 14 0 4 7 0
0 0 0 0 0 2 14 0 0 0 5 0 25 0 9 0 16 19 0
0 0 9 0 21 4 10 0 11 25 0 0 26 0 26 5 0 20 13
0 0 0 0 22 13 18 0 19 0 0 23 0 0 22 27 5 0 0
0 0 0 10 5 21 19 3 0 25 0 24 15 12 8 0 0 0 0
0 0 12 0 0 8 23 0 15 0 0 0 4 4 24 15 0 0 0
11 0 22 23 15 26 0 27 0 3 0 0 0 0 0 26 0 0 0
0 0 25 22 0 0 24 23 24 0 27 0 23 0 0 25 0 0 5
27 0 23 26 25 18 0 18 16 0 7 20 18 24 0 0 0 25 9
10 5 0 2 0 21 13 0 0 11 10 1 0 0 0 0 0 0 0
0 0 0 22 0 0 18 0 23 0 20 1 0 9 0 0 0 21 0
0 0 0 0 0 0 14 0 21 8 15 14 12 0 0 0 0 0 0
5 19 0 0 0 0 0 22 0 15 17 0 0 0 0 0 0 15 3
21 0 0 0 0 0 0 23 0 6 19 2 0 3 0 0 0 0 0
0 20 0 4 0 0 0 0 0 0 0 0 0 0 23 22 0 0 0
0 7 0 11 0 0 0 0 0 0 0 23 0 0 22 11 0 0 0
0 0 4 27 15 0 0 0 0 0 0 14 0 10 1 4 26 18 5
0 0 0 0 R
0 1 0 1 R
0 2 0 2 R
0 3 0 3 R
0 4 0 4 R
0 5 0 5 R
0 6 0 6 U
0 7 0 7 U
0 8 0 8 U
0 9 0 9 U
0 10 0 10 U
0 11 0 11 U
0 12 0 12 U
0 13 0 13 U
0 14 0 14 D
0 15 0 15 D
0 16 0 16 D
0 17 0 17 D
0 18 0 18 D
0 19 0 19 D
0 20 0 20 D
0 21 0 21 L
0 22 0 22 L
0 23 0 23 L
0 24 0 24 L
0 25 0 25 L
0 26 0 26 L
1 0 0 14 D
1 1 0 15 D
1 2 2 2 R
1 3 13 13 U
1 4 2 26 L
1 5 10 5 R
1 6 0 2 R
1 7 0 22 L
1 8 4 8 U
1 9 4 9 U
1 10 2 2 R
1 11 13 4 R
1 12 9 12 U
1 13 2 1 R
1 14 0 8 U
1 15 3 15 D
1 16 5 16 D
1 17 11 17 D
1 18 15 18 D
1 19 7 19 D
1 20 4 25 L
1 21 7 6 U
1 22 17 22 L
1 23 8 23 L
1 24 8 17 D
1 25 8 8 U
1 26 9 26 L
2 0 16 21 L
2 1 12 1 R
2 2 0 25 L
2 3 11 15 D
2 4 8 4 R
2 5 15 6 U
2 6 10 6 U
2 7 4 7 U
2 8 13 22 L
2 9 17 9 U
2 10 3 10 U
2 11 19 5 R
2 13 0 2 R
2 14 9 26 L
2 15 1 22 L
2 16 19 1 R
2 17 17 23 L
2 18 7 4 R
2 19 7 3 R
2 20 16 20 D
2 21 21 0 R
2 22 24 16 D
2 23 22 14 D
2 24 14 10 U
2 25 22 25 L
2 26 12 15 D
3 0 1 7 U
3 1 0 6 U
3 2 12 2 R
3 3 24 6 U
3 4 0 25 L
3 5 0 24 L
3 6 4 25 L
3 7 17 26 L
3 8 9 8 U
3 9 4 9 U
3 10 13 10 U
3 11 7 11 U
3 14 10 24 L
3 15 1 23 L
3 16 16 24 L
3 17 21 25 L
3 18 0 24 L
3 19 7 19 D
3 20 14 20 D
3 21 12 6 U
3 22 21 14 D
3 23 21 16 D
3 24 6 24 L
3 25 18 25 L
3 26 4 1 R
4 0 1 9 U
4 1 18 12 U
4 2 0 9 U
4 3 6 10 U
4 4 19 4 R
4 5 19 13 U
4 6 17 22 L
4 7 17 7 U
4 8 10 8 U
4 9 3 9 U
4 10 15 2 R
4 11 0 4 R
4 13 1 13 U
4 14 0 25 L
4 15 2 15 D
4 16 3 16 D
4 17 9 17 D
4 18 3 18 D
4 19 13 22 L
4 20 1 24 L
4 21 21 21 L
4 22 20 15 D
4 23 16 0 R
4 24 7 7 U
4 25 0 1 R
4 26 1 26 L
5 0 24 15 D
5 1 0 8 U
5 2 1 17 D
5 3 11 20 D
5 4 0 20 D
5 5 13 8 U
5 6 7 1 R
5 7 16 24 L
5 8 7 8 U
5 9 16 2 R
5 10 1 10 U
5 11 13 11 U
5 12 0 4 R
5 13 4 13 U
5 14 23 6 U
5 15 0 22 L
5 16 0 22 L
5 17 11 17 D
5 18 0 7 U
5 19 0 3 R
5 20 0 11 U
5 21 1 19 D
5 22 14 17 D
5 23 1 19 D
5 24 22 16 D
5 25 0 2 R
5 26 20 19 D
6 0 2 7 U
6 1 7 1 R
6 2 11 9 U
6 3 0 19 D
6 4 5 7 U
6 5 17 19 D
6 6 15 24 L
6 7 0 24 L
6 8 2 23 L
6 9 17 1 R
6 10 9 25 L
6 11 21 11 U
6 12 15 12 U
6 14 20 22 L
6 15 5 25 L
6 16 1 16 D
6 17 4 24 L
6 18 14 22 L
6 19 13 19 D
6 20 8 13 U
6 21 14 14 D
6 22 0 16 D
6 23 0 8 U
6 24 14 2 R
6 25 0 11 U
6 26 11 8 U
7 0 15 9 U
7 1 17 10 U
7 2 19 11 U
7 3 0 10 U
7 4 22 6 U
7 5 16 5 R
7 6 0 1 R
7 7 6 0 R
7 8 5 8 U
7 9 0 23 L
7 10 1 10 U
7 11 0 18 D
7 13 20 0 R
7 14 0 6 U
7 15 0 0 R
7 16 0 1 R
7 17 3 7 U
7 18 12 26 L
7 19 4 5 R
7 20 13 20 D
7 21 0 15 D
7 22 0 6 U
7 23 12 17 D
7 24 9 17 D
7 25 1 25 L
7 26 8 17 D
8 0 0 7 U
8 1 6 14 D
8 2 0 13 U
8 3 12 3 R
8 4 2 4 R
8 5 24 14 D
8 6 18 21 L
8 7 9 7 U
8 8 22 4 R
8 9 11 3 R
8 10 10 22 L
8 11 2 26 L
8 14 0 21 L
8 15 2 15 D
8 16 0 21 L
8 17 6 0 R
8 18 6 21 L
8 19 1 0 R
8 20 23 20 D
8 21 0 8 U
8 22 4 0 R
8 23 5 23 L
8 24 1 9 U
8 25 1 25 L
8 26 2 26 L
9 0 4 14 D
9 1 4 8 U
9 2 0 18 D
9 3 3 8 U
9 4 7 12 U
9 5 3 18 D
9 6 20 2 R
9 7 6 22 L
9 8 0 5 R
9 9 0 18 D
9 10 12 24 L
9 13 7 13 U
9 14 23 21 L
9 15 17 4 R
9 16 8 23 L
9 17 18 17 D
9 18 4 18 D
9 19 15 26 L
9 20 2 20 D
9 21 11 13 U
9 22 2 22 L
9 23 13 15 D
9 24 10 24 L
9 25 10 9 U
9 26 16 26 L
10 0 1 0 R
10 1 15 1 R
10 2 3 2 R
10 3 15 18 D
10 4 0 11 U
10 5 9 7 U
10 6 13 0 R
10 7 14 7 U
10 8 15 8 U
10 9 18 9 U
10 10 0 26 L
10 14 5 14 D
10 15 0 2 R
10 16 1 16 D
10 17 5 17 D
10 18 1 5 R
10 19 4 19 D
10 20 5 4 R
10 21 7 18 D
10 22 7 14 D
10 23 0 0 R
10 24 0 9 U
10 25 3 25 L
10 26 4 20 D
11 0 21 19 D
11 1 7 9 U
11 2 15 19 D
11 3 15 9 U
11 4 4 11 U
11 5 22 20 D
11 6 20 3 R
11 7 2 21 L
11 8 16 8 U
11 9 0 25 L
11 10 4 10 U
11 11 17 3 R
11 13 6 24 L
11 14 3 1 R
11 15 13 15 D
11 16 7 16 D
11 17 1 0 R
11 18 6 18 D
11 19 4 19 D
11 20 5 21 L
11 21 22 18 D
11 22 16 19 D
11 23 0 19 D
11 24 16 14 D
11 25 2 20 D
11 26 13 8 U
12 0 15 18 D
12 1 0 22 L
12 2 8 2 R
12 3 2 3 R
12 4 3 4 R
12 5 4 5 R
12 6 9 23 L
12 7 0 14 D
12 8 13 26 L
12 9 2 22 L
12 10 3 26 L
12 14 1 21 L
12 15 9 2 R
12 16 1 23 L
12 17 6 4 R
12 18 1 18 D
12 19 7 5 R
12 21 23 10 U
12 22 0 14 D
12 23 3 23 L
12 24 1 6 U
12 25 22 25 L
12 26 16 26 L
13 0 25 14 D
13 1 12 16 D
13 2 10 13 U
13 3 3 18 D
13 4 18 14 D
13 5 10 5 R
13 6 16 0 R
13 7 5 3 R
13 8 9 8 U
13 9 11 9 U
13 10 4 10 U
13 11 3 4 R
13 13 15 13 U
13 14 9 1 R
13 15 23 15 D
13 16 17 16 D
13 17 18 22 L
13 18 11 18 D
13 19 18 19 D
13 20 16 20 D
13 21 19 20 D
13 22 11 6 U
13 23 8 13 U
13 24 17 19 D
13 25 8 11 U
13 26 2 18 D
14 0 3 6 U
14 1 17 6 U
14 2 0 16 D
14 3 9 14 D
14 4 0 24 L
14 5 1 6 U
14 6 0 15 D
14 7 2 3 R
14 8 10 5 R
14 9 11 9 U
14 10 3 10 U
14 13 6 13 U
14 14 0 23 L
14 15 15 1 R
14 16 19 16 D
14 17 8 4 R
14 18 22 2 R
14 19 1 21 L
14 20 16 5 R
14 21 2 11 U
14 22 1 6 U
14 23 24 1 R
14 24 3 1 R
14 25 12 25 L
14 26 6 3 R
15 0 7 9 U
15 1 17 11 U
15 2 17 6 U
15 3 1 10 U
15 4 6 16 D
15 5 3 5 R
15 6 0 16 D
15 7 10 21 L
15 8 19 8 U
15 9 17 0 R
15 10 1 10 U
15 11 13 26 L
15 13 5 3 R
15 14 19 0 R
15 15 7 22 L
15 16 6 21 L
15 17 5 17 D
15 18 8 18 D
15 19 4 19 D
15 20 7 26 L
15 21 1 21 L
15 22 0 18 D
15 23 9 8 U
15 24 12 13 U
15 25 26 19 D
15 26 3 18 D
16 0 6 13 U
16 1 23 6 U
16 2 19 16 D
16 3 22 11 U
16 4 15 19 D
16 5 3 19 D
16 6 0 21 L
16 7 15 0 R
16 8 14 21 L
16 9 4 9 U
16 10 18 10 U
16 11 0 22 L
16 13 4 13 U
16 14 18 23 L
16 15 12 24 L
16 16 1 16 D
16 17 24 24 L
16 18 1 18 D
16 19 21 1 R
16 20 4 20 D
16 21 14 17 D
16 22 5 0 R
16 23 2 23 L
16 24 0 17 D
16 25 22 25 L
16 26 10 10 U
17 0 6 14 D
17 1 19 7 U
17 2 14 2 R
17 3 5 17 D
17 4 19 11 U
17 5 15 13 U
17 6 16 6 U
17 7 20 0 R
17 8 0 1 R
17 9 20 2 R
17 10 21 23 L
17 13 5 13 U
17 14 18 22 L
17 15 4 25 L
17 16 4 21 L
17 17 0 23 L
17 18 5 6 U
17 19 3 25 L
17 21 14 15 D
17 22 6 14 D
17 23 18 16 D
17 24 4 19 D
17 25 18 7 U
17 26 6 10 U
18 0 8 8 U
18 1 9 6 U
18 2 8 2 R
18 3 7 16 D
18 4 9 4 R
18 5 10 9 U
18 6 10 26 L
18 7 20 7 U
18 8 11 22 L
18 9 9 1 R
18 10 20 10 U
18 13 24 13 U
18 14 24 6 U
18 15 17 2 R
18 16 10 26 L
18 17 8 1 R
18 18 4 25 L
18 19 14 8 U
18 21 14 21 L
18 22 13 7 U
18 23 0 18 D
18 24 25 17 D
18 25 9 15 D
18 26 14 3 R
19 0 8 14 D
19 1 18 15 D
19 2 3 8 U
19 3 6 3 R
19 4 15 9 U
19 5 20 7 U
19 6 13 24 L
19 7 24 7 U
19 8 5 1 R
19 9 11 0 R
19 10 11 10 U
19 11 23 24 L
19 13 15 13 U
19 14 8 23 L
19 15 7 21 L
19 16 23 23 L
19 17 3 17 D
19 18 22 18 D
19 19 16 23 L
19 21 11 6 U
19 22 1 8 U
19 23 8 23 L
19 24 0 3 R
19 25 1 25 L
19 26 8 4 R
20 0 4 15 D
20 1 19 13 U
20 2 22 17 D
20 3 1 3 R
20 4 11 13 U
20 5 1 5 R
20 6 24 3 R
20 7 9 4 R
20 8 0 3 R
20 9 10 4 R
20 10 15 3 R
20 11 22 1 R
20 14 25 14 D
20 15 5 15 D
20 16 18 16 D
20 18 7 1 R
20 19 15 19 D
20 21 2 21 L
20 22 4 14 D
20 23 1 4 R
20 24 5 16 D
20 25 5 25 L
20 26 8 9 U
21 0 23 14 D
21 1 2 7 U
21 2 3 7 U
21 3 25 3 R
21 4 2 9 U
21 5 23 11 U
21 6 9 5 R
21 7 4 0 R
21 8 19 23 L
21 9 14 9 U
21 10 0 15 D
21 11 13 11 U
21 13 14 2 R
21 14 7 5 R
21 15 15 5 R
21 16 0 10 U
21 18 11 3 R
21 19 11 19 D
21 20 14 24 L
21 21 5 14 D
21 22 24 7 U
21 23 10 1 R
21 24 2 5 R
21 25 18 25 L
21 26 20 11 U
22 0 1 8 U
22 1 0 21 L
22 2 18 2 R
22 3 17 7 U
22 4 2 4 R
22 5 1 5 R
22 6 12 23 L
22 7 17 0 R
22 8 0 17 D
22 9 12 23 L
22 10 13 10 U
22 12 5 2 R
22 13 11 3 R
22 14 0 5 R
22 15 4 15 D
22 16 15 2 R
22 18 21 24 L
22 19 11 24 L
22 21 0 11 U
22 23 9 14 D
22 24 21 15 D
22 25 1 25 L
22 26 4 26 L
23 0 14 0 R
23 2 26 8 U
23 3 14 22 L
23 4 9 4 R
23 6 10 22 L
23 7 14 7 U
23 8 4 8 U
23 9 2 9 U
23 10 0 20 D
23 11 25 11 U
23 13 4 24 L
23 14 17 6 U
23 15 12 0 R
23 16 19 22 L
23 18 1 18 D
23 19 4 19 D
23 21 4 15 D
23 23 22 6 U
23 24 1 24 L
23 25 12 25 L
24 0 3 19 D
24 2 23 10 U
24 6 21 23 L
24 7 17 19 D
24 8 1 8 U
24 9 9 9 U
24 10 11 1 R
24 13 4 13 U
24 14 2 22 L
24 15 19 23 L
24 16 19 21 L
24 18 5 11 U
24 19 14 19 D
24 22 9 14 D
24 23 4 16 D
24 24 19 4 R
24 25 14 8 U
24 26 12 26 L
25 0 7 0 R
25 2 1 2 R
25 6 9 22 L
25 7 6 7 U
25 8 9 8 U
25 9 3 0 R
25 10 2 1 R
25 15 1 6 U
25 16 2 2 R
25 18 6 18 D
25 19 16 26 L
25 25 6 18 D
26 0 22 0 R
26 2 4 8 U
26 8 18 2 R
26 9 21 25 L
26 15 18 6 U
26 18 6 25 L
26 25 7 25 L
27 0 5 0 R
27 2 12 2 R
27 8 2 0 R
27 9 3 9 U
27 15 21 5 R

