36 38 1169
17 20 30 29 4 24 15 32 0 6 29 25 4 31 31 3 31
0 3 8 19 27 11 28 33 34 31 0 23 15 0 32 0 31
0 33 0 28 22 0 0 34 0 32 25 2 19 0 0 1 8
0 15 28 0 0 29 33 1 0 28 22 2 25 0 1 3 10
0 31 0 0 3 13 12 35 3 14 23 0 6 17 0 24 20
0 10 20 0 32 0 0 26 26 0 0 0 17 22 0 33 7
10 32 3 30 11 31 22 0 16 10 0 0 0 0 0 0 22
31 0 0 29 32 33 34 22 23 11 0 0 17 23 0 30 15
20 0 9 0 28 11 0 10 21 0 0 2 1 0 0 0 0
25 27 0 0 28 30 31 0 30 29 24 24 17 28 0 0 0
20 7 30 31 0 0 0 0 1 0 19 16 0 12 0 0 0
13 9 2 0 0 0 11 0 0 20 13 0 12 6 0 0 0
21 23 0 0 0 0 30 17 0 12 0 32 5 22 0 0 0
24 5 25 10 3 30 0 25 0 0 3 0 4 18 24 32 30
23 19 0 32 0 28 19 32 10 28 0 0 0 0 0 22 23
0 3 12 29 0 30 0 4 8 4 1 5 0 4 0 22 3
7 12 11 3 11 4 30 0 0 0 0 0 0 0 0 0 29
0 0 0 0 U
0 1 0 1 U
0 2 0 2 U
0 3 0 3 U
0 4 0 4 U
0 5 0 5 U
0 6 0 6 U
0 7 0 7 U
0 8 0 8 U
0 9 0 9 U
0 10 0 10 R
0 11 0 11 R
0 12 0 12 R
0 13 0 13 R
0 14 0 14 R
0 15 0 15 R
0 16 0 16 R
0 17 0 17 R
0 18 0 18 R
0 19 0 19 D
0 20 0 20 D
0 21 0 21 D
0 22 0 22 D
0 23 0 23 D
0 24 0 24 D
0 25 0 25 D
0 26 0 26 D
0 27 0 27 D
0 28 0 28 D
0 29 0 29 L
0 30 0 30 L
0 31 0 31 L
0 32 0 32 L
0 33 0 33 L
0 34 0 34 L
0 35 0 35 L
0 36 0 36 L
0 37 0 37 L
1 0 22 0 U
1 1 11 29 L
1 2 0 21 D
1 3 4 13 R
1 4 11 4 U
1 5 3 27 D
1 6 4 6 U
1 7 15 26 D
1 8 2 8 U
1 9 2 33 L
1 10 26 2 U
1 11 11 11 R
1 12 9 1 U
1 13 27 2 U
1 14 4 14 R
1 15 3 15 R
1 16 15 16 R
1 17 15 27 D
1 18 7 18 R
1 19 5 14 R
1 20 27 20 D
1 21 3 11 R
1 22 7 22 D
1 23 14 23 D
1 24 3 24 D
1 25 19 25 D
1 26 17 26 D
1 27 26 36 L
1 28 16 31 L
1 29 19 27 D
1 30 0 20 D
1 31 0 3 U
1 32 2 22 D
1 33 3 20 D
1 34 3 34 L
1 35 18 9 U
1 36 19 22 D
1 37 5 19 D
2 0 12 0 U
2 1 11 33 L
2 2 11 29 L
2 3 15 30 L
2 4 9 15 R
2 5 1 5 U
2 6 3 33 L
2 7 19 37 L
2 8 20 8 U
2 9 13 9 U
2 10 24 0 U
2 11 0 29 L
2 12 6 23 D
2 13 18 28 D
2 14 0 8 U
2 15 1 15 R
2 16 11 16 R
2 17 7 17 R
2 18 21 18 R
2 19 15 1 U
2 20 0 31 L
2 21 6 15 R
2 22 24 14 R
2 23 0 37 L
2 24 1 24 D
2 25 24 25 D
2 26 0 35 L
2 27 3 27 D
2 28 5 28 D
2 29 26 19 D
2 30 4 21 D
2 31 28 31 L
2 32 19 25 D
2 33 0 23 D
2 34 15 3 U
2 35 9 7 U
2 36 7 2 U
2 37 9 4 U
3 0 1 0 U
3 1 1 31 L
3 2 0 12 R
3 3 18 3 U
3 4 2 4 U
3 5 18 5 U
3 6 11 15 R
3 7 16 7 U
3 8 2 8 U
3 9 20 9 U
3 10 19 10 R
3 11 10 11 R
3 12 2 12 R
3 13 27 13 R
3 14 18 5 U
3 15 0 5 U
3 16 29 4 U
3 17 10 34 L
3 18 4 18 R
3 19 9 34 L
3 20 20 20 D
3 21 2 29 L
3 22 5 22 D
3 23 18 37 L
3 24 5 24 D
3 25 0 16 R
3 26 17 33 L
3 27 13 30 L
3 28 14 11 R
3 29 27 1 U
3 30 17 25 D
3 31 7 31 L
3 32 0 22 D
3 33 6 23 D
3 34 0 26 D
3 35 9 35 L
3 36 13 6 U
3 37 6 37 L
4 0 0 20 D
4 1 0 10 R
4 2 0 11 R
4 3 12 25 D
4 4 24 36 L
4 5 12 18 R
4 6 8 25 D
4 7 0 17 R
4 8 0 26 D
4 9 1 12 R
4 10 27 29 L
4 11 22 11 R
4 12 0 2 U
4 13 0 30 L
4 14 15 14 R
4 15 7 15 R
4 16 19 5 U
4 17 30 17 R
4 18 13 18 R
4 19 8 37 L
4 20 1 11 R
4 21 18 13 R
4 22 5 11 R
4 23 5 23 D
4 24 0 18 R
4 25 7 25 D
4 26 9 7 U
4 27 25 17 R
4 28 2 28 D
4 29 0 19 D
4 30 1 24 D
4 31 0 12 R
4 32 7 4 U
4 33 20 20 D
4 34 0 25 D
4 35 15 3 U
4 36 2 36 L
4 37 0 8 U
5 0 0 29 L
5 1 1 10 R
5 2 1 2 U
5 3 0 22 D
5 4 22 18 R
5 5 3 5 U
5 6 2 6 U
5 7 2 7 U
5 8 1 30 L
5 9 1 9 U
5 10 1 20 D
5 11 21 11 R
5 12 11 8 U
5 13 25 5 U
5 14 26 28 D
5 15 26 8 U
5 16 22 16 R
5 17 2 17 R
5 18 23 18 R
5 19 21 31 L
5 20 3 36 L
5 21 3 21 D
5 22 29 33 L
5 23 3 13 R
5 24 8 31 L
5 25 13 0 U
5 26 6 26 D
5 27 12 27 D
5 28 26 16 R
5 29 6 6 U
5 30 0 2 U
5 31 2 0 U
5 32 22 9 U
5 33 11 33 L
5 34 10 22 D
5 35 2 35 L
5 36 4 36 L
5 37 1 37 L
6 0 5 37 L
6 1 1 12 R
6 2 1 2 U
6 3 2 29 L
6 4 4 14 R
6 5 10 13 R
6 6 1 6 U
6 7 1 12 R
6 8 18 23 D
6 9 2 30 L
6 10 0 0 U
6 11 3 11 R
6 12 28 12 R
6 13 3 1 U
6 14 15 14 R
6 15 11 15 R
6 16 0 34 L
6 17 4 17 R
6 18 9 22 D
6 19 3 33 L
6 20 14 32 L
6 21 28 29 L
6 22 0 30 L
6 23 14 23 D
6 24 15 34 L
6 25 11 25 D
6 26 27 17 R
6 27 21 14 R
6 28 4 15 R
6 29 13 20 D
6 30 5 8 U
6 31 12 31 L
6 32 1 32 L
6 33 0 6 U
6 34 15 34 L
6 35 4 27 D
6 36 10 24 D
6 37 14 26 D
7 0 15 29 L
7 1 12 12 R
7 2 25 11 R
7 3 1 29 L
7 4 26 16 R
7 5 5 5 U
7 6 2 36 L
7 7 11 17 R
7 8 3 28 D
7 9 3 9 U
7 10 6 6 U
7 11 19 26 D
7 12 4 12 R
7 13 0 34 L
7 14 9 14 R
7 15 24 15 R
7 16 3 16 R
7 17 11 17 R
7 18 1 18 R
7 19 9 37 L
7 20 2 33 L
7 21 4 21 D
7 22 30 22 D
7 23 26 31 L
7 24 16 24 D
7 25 1 25 D
7 26 4 3 U
7 27 0 2 U
7 28 5 28 D
7 29 27 29 L
7 30 1 30 L
7 31 1 22 D
7 32 5 14 R
7 33 1 33 L
7 34 5 34 L
7 35 10 26 D
7 36 8 27 D
7 37 8 37 L
8 0 27 19 D
8 1 0 30 L
8 2 0 25 D
8 3 25 3 U
8 4 2 15 R
8 5 22 20 D
8 6 24 22 D
8 7 1 7 U
8 8 20 8 U
8 9 14 16 R
8 10 25 1 U
8 11 5 0 U
8 12 0 22 D
8 13 26 3 U
8 14 18 3 U
8 15 2 15 R
8 16 4 16 R
8 17 14 8 U
8 18 1 18 R
8 19 17 35 L
8 20 4 17 R
8 21 28 37 L
8 22 9 31 L
8 23 24 23 D
8 24 31 37 L
8 25 11 32 L
8 26 24 26 D
8 27 3 37 L
8 28 3 13 R
8 29 0 24 D
8 30 13 9 U
8 31 3 31 L
8 32 1 32 L
8 33 3 33 L
8 34 1 3 U
8 35 2 23 D
8 36 3 36 L
8 37 20 20 D
9 0 12 36 L
9 1 6 1 U
9 2 5 23 D
9 3 10 36 L
9 4 2 4 U
9 5 17 34 L
9 6 5 6 U
9 7 25 7 U
9 8 18 35 L
9 9 21 18 R
9 10 4 29 L
9 11 11 11 R
9 12 3 12 R
9 13 20 20 D
9 14 7 29 L
9 15 29 36 L
9 16 6 16 R
9 17 15 7 U
9 18 2 7 U
9 19 24 3 U
9 20 28 10 R
9 21 2 30 L
9 22 1 22 D
9 23 0 14 R
9 24 2 17 R
9 25 6 16 R
9 26 14 17 R
9 27 13 31 L
9 28 2 15 R
9 29 25 23 D
9 30 18 22 D
9 31 11 2 U
9 32 7 32 L
9 33 20 21 D
9 34 4 34 L
9 35 19 1 U
9 36 24 25 D
9 37 1 37 L
10 0 21 0 U
10 1 19 1 U
10 2 27 34 L
10 3 20 3 U
10 4 7 4 U
10 5 12 15 R
10 6 6 6 U
10 7 5 29 L
10 8 8 8 U
10 9 0 34 L
10 10 14 5 U
10 11 26 1 U
10 12 15 0 U
10 13 19 9 U
10 14 0 9 U
10 15 9 21 D
10 16 0 33 L
10 17 7 17 R
10 18 3 18 R
10 19 16 11 R
10 20 17 0 U
10 21 21 21 D
10 22 29 16 R
10 23 1 3 U
10 24 3 15 R
10 25 1 37 L
10 26 12 10 R
10 27 12 12 R
10 28 3 28 D
10 29 0 1 U
10 30 20 2 U
10 31 8 31 L
10 32 2 25 D
10 33 5 33 L
10 34 25 25 D
10 35 5 35 L
10 36 21 23 D
10 37 28 37 L
11 0 0 17 R
11 1 16 14 R
11 2 16 2 U
11 3 23 33 L
11 4 31 4 U
11 5 6 35 L
11 6 17 30 L
11 7 23 33 L
11 8 0 18 R
11 9 23 35 L
11 10 8 19 D
11 11 23 25 D
11 12 13 29 L
11 13 6 13 R
11 14 6 14 R
11 15 5 15 R
11 16 21 16 R
11 17 4 17 R
11 18 10 5 U
11 19 9 12 R
11 20 31 11 R
11 21 20 12 R
11 22 3 22 D
11 23 4 29 L
11 24 9 35 L
11 25 12 11 R
11 26 10 15 R
11 27 4 31 L
11 28 15 7 U
11 29 6 29 L
11 30 19 30 L
11 31 7 31 L
11 32 24 32 L
11 33 27 23 D
11 34 8 34 L
11 35 7 35 L
11 36 1 26 D
11 37 12 37 L
12 0 25 17 R
12 1 0 20 D
12 2 0 23 D
12 3 17 23 D
12 4 5 4 U
12 5 0 24 D
12 6 2 6 U
12 7 11 7 U
12 8 0 14 R
12 9 0 24 D
12 10 23 19 D
12 11 2 35 L
12 12 13 19 D
12 13 8 19 D
12 14 9 25 D
12 15 2 5 U
12 16 19 16 R
12 17 8 4 U
12 18 6 18 R
12 19 0 11 R
12 20 1 20 D
12 21 3 21 D
12 22 9 15 R
12 23 8 29 L
12 24 0 17 R
12 25 23 13 R
12 26 18 11 R
12 27 14 31 L
12 29 9 0 U
12 30 14 21 D
12 31 32 4 U
12 32 10 6 U
12 33 11 33 L
12 34 25 21 D
12 35 25 19 D
12 36 10 9 U
12 37 0 19 D
13 0 23 35 L
13 1 9 10 R
13 2 0 19 D
13 3 17 3 U
13 4 22 4 U
13 5 17 17 R
13 6 29 6 U
13 7 27 16 R
13 8 2 8 U
13 9 1 31 L
13 10 17 26 D
13 11 11 11 R
13 12 10 20 D
13 13 8 13 R
13 14 1 14 R
13 15 7 15 R
13 16 25 7 U
13 17 14 17 R
13 18 6 21 D
13 19 23 29 L
13 20 2 9 U
13 21 4 13 R
13 22 31 32 L
13 23 24 33 L
13 24 10 30 L
13 25 3 25 D
13 26 0 34 L
13 27 1 27 D
13 29 0 0 U
13 30 4 28 D
13 31 23 23 D
13 32 4 27 D
13 33 12 33 L
13 34 19 7 U
13 35 11 8 U
13 36 11 36 L
13 37 16 7 U
14 0 21 19 D
14 1 18 32 L
14 2 3 2 U
14 3 26 13 R
14 4 1 22 D
14 5 0 35 L
14 6 16 31 L
14 7 7 7 U
14 8 21 32 L
14 9 4 9 U
14 10 5 0 U
14 11 30 2 U
14 12 15 4 U
14 13 6 5 U
14 14 10 23 D
14 15 25 1 U
14 16 2 16 R
14 17 3 5 U
14 18 6 18 R
14 19 0 15 R
14 20 26 35 L
14 21 1 35 L
14 22 2 22 D
14 23 3 23 D
14 24 10 24 D
14 25 19 25 D
14 26 28 18 R
14 27 26 32 L
14 28 16 36 L
14 29 4 1 U
14 30 3 20 D
14 31 3 20 D
14 32 0 5 U
14 33 9 4 U
14 34 0 21 D
14 35 3 35 L
14 36 13 36 L
14 37 7 37 L
15 0 26 32 L
15 1 2 15 R
15 2 13 17 R
15 3 8 32 L
15 4 0 23 D
15 5 3 5 U
15 6 5 36 L
15 7 18 36 L
15 8 0 23 D
15 9 26 9 U
15 10 22 1 U
15 11 0 21 D
15 12 1 30 L
15 13 11 22 D
15 14 11 22 D
15 15 11 27 D
15 16 10 6 U
15 17 0 6 U
15 18 20 6 U
15 19 0 1 U
15 20 17 12 R
15 21 22 36 L
15 22 6 13 R
15 23 19 36 L
15 24 17 33 L
15 25 24 10 R
15 26 16 35 L
15 27 4 27 D
15 29 22 0 U
15 30 3 30 L
15 31 19 0 U
15 32 6 2 U
15 33 18 5 U
15 34 24 6 U
15 35 4 4 U
15 36 12 3 U
15 37 11 37 L
16 0 22 0 U
16 1 3 30 L
16 2 27 2 U
16 3 9 20 D
16 4 26 4 U
16 5 12 11 R
16 6 22 6 U
16 7 3 15 R
16 8 22 8 U
16 9 2 9 U
16 10 2 26 D
16 11 21 1 U
16 12 13 28 D
16 13 0 4 U
16 14 27 8 U
16 15 10 4 U
16 16 8 2 U
16 17 2 20 D
16 18 3 28 D
16 19 1 31 L
16 20 1 17 R
16 21 7 21 D
16 22 25 11 R
16 23 4 23 D
16 24 11 13 R
16 25 19 25 D
16 26 17 12 R
16 27 3 27 D
16 28 4 18 R
16 29 30 0 U
16 30 26 1 U
16 31 21 9 U
16 32 4 32 L
16 33 17 1 U
16 34 0 10 R
16 35 7 5 U
16 36 0 27 D
16 37 3 22 D
17 0 25 14 R
17 1 8 19 D
17 2 7 2 U
17 3 7 33 L
17 4 4 37 L
17 5 2 16 R
17 6 23 6 U
17 7 0 28 D
17 8 1 33 L
17 9 1 9 U
17 10 20 21 D
17 11 15 20 D
17 12 25 20 D
17 13 10 23 D
17 14 0 3 U
17 15 8 23 D
17 16 19 21 D
17 17 8 8 U
17 18 25 9 U
17 19 12 35 L
17 20 15 10 R
17 21 14 21 D
17 22 6 37 L
17 23 2 13 R
17 24 2 4 U
17 25 1 31 L
17 26 4 26 D
17 27 13 27 D
17 29 4 24 D
17 30 10 6 U
17 31 5 0 U
17 32 21 25 D
17 33 14 12 R
17 34 14 34 L
17 35 6 35 L
17 36 7 23 D
17 37 0 18 R
18 0 11 18 R
18 1 22 13 R
18 2 16 26 D
18 3 4 15 R
18 4 0 22 D
18 5 2 5 U
18 6 25 6 U
18 7 23 7 U
18 8 26 36 L
18 9 29 9 U
18 10 0 27 D
18 11 0 1 U
18 12 19 27 D
18 13 11 13 R
18 14 2 21 D
18 15 17 3 U
18 16 11 26 D
18 17 22 21 D
18 18 0 7 U
18 19 22 36 L
18 20 3 10 R
18 21 19 35 L
18 22 6 29 L
18 23 6 16 R
18 24 0 13 R
18 25 11 25 D
18 26 16 32 L
18 27 1 27 D
18 29 12 2 U
18 30 12 24 D
18 31 0 14 R
18 32 7 32 L
18 33 4 33 L
18 34 0 4 U
18 35 3 35 L
18 36 19 12 R
18 37 14 5 U
19 0 0 32 L
19 1 23 34 L
19 2 1 30 L
19 3 33 35 L
19 4 13 13 R
19 5 24 27 D
19 6 15 32 L
19 7 12 31 L
19 8 21 8 U
19 9 16 22 D
19 10 21 5 U
19 11 13 8 U
19 12 22 2 U
19 13 4 34 L
19 14 6 14 R
19 15 4 15 R
19 16 23 2 U
19 17 11 4 U
19 18 5 24 D
19 19 27 17 R
19 20 12 10 R
19 21 1 3 U
19 22 4 6 U
19 23 25 12 R
19 24 10 24 D
19 25 3 25 D
19 26 1 26 D
19 27 2 27 D
19 29 4 3 U
19 30 29 10 R
19 31 6 1 U
19 32 28 3 U
19 33 10 33 L
19 34 23 28 D
19 35 4 1 U
19 36 12 4 U
19 37 30 3 U
20 0 0 19 D
20 1 14 23 D
20 2 32 2 U
20 3 2 3 U
20 4 4 11 R
20 5 0 15 R
20 6 13 12 R
20 7 1 7 U
20 8 18 34 L
20 9 6 9 U
20 10 25 19 D
20 11 0 20 D
20 12 1 26 D
20 13 22 6 U
20 14 8 14 R
20 15 17 34 L
20 16 3 16 R
20 17 17 26 D
20 18 6 34 L
20 19 21 14 R
20 20 21 10 R
20 21 16 11 R
20 22 5 22 D
20 23 22 10 R
20 24 3 24 D
20 25 12 25 D
20 26 19 26 D
20 27 5 27 D
20 29 10 0 U
20 30 23 0 U
20 31 11 1 U
20 32 24 2 U
20 33 15 0 U
20 34 17 20 D
20 35 7 25 D
20 36 9 4 U
20 37 3 2 U
21 0 15 28 D
21 1 3 1 U
21 2 26 10 R
21 3 4 3 U
21 4 5 26 D
21 5 23 21 D
21 6 2 6 U
21 7 31 12 R
21 8 5 8 U
21 9 26 9 U
21 10 6 2 U
21 11 3 11 R
21 12 28 32 L
21 13 1 13 R
21 14 17 23 D
21 15 13 26 D
21 16 1 3 U
21 17 22 25 D
21 18 32 2 U
21 19 8 32 L
21 20 19 13 R
21 21 10 9 U
21 22 1 31 L
21 23 10 23 D
21 24 27 18 R
21 25 3 25 D
21 26 26 29 L
21 27 1 27 D
21 29 0 11 R
21 30 4 5 U
21 31 14 6 U
21 32 9 32 L
21 33 18 7 U
21 34 5 0 U
21 35 17 35 L
21 36 1 36 L
21 37 3 24 D
22 0 17 27 D
22 1 14 37 L
22 2 28 19 D
22 3 0 33 L
22 4 0 24 D
22 5 29 5 U
22 6 3 6 U
22 7 21 28 D
22 8 5 8 U
22 9 1 9 U
22 10 12 27 D
22 11 3 11 R
22 12 31 31 L
22 13 3 13 R
22 14 11 14 R
22 15 1 2 U
22 16 29 23 D
22 17 1 25 D
22 18 25 4 U
22 19 1 33 L
22 20 0 29 L
22 21 24 10 R
22 22 5 22 D
22 23 3 23 D
22 24 27 24 D
22 25 19 36 L
22 26 8 26 D
22 27 16 27 D
22 28 16 12 R
22 29 6 21 D
22 30 3 30 L
22 31 7 31 L
22 32 1 32 L
22 33 23 8 U
22 34 4 34 L
22 35 6 35 L
22 36 19 19 D
22 37 25 8 U
23 0 16 30 L
23 1 25 31 L
23 2 20 16 R
23 3 30 10 R
23 4 12 36 L
23 5 18 18 R
23 6 3 13 R
23 7 9 12 R
23 8 7 8 U
23 9 0 19 D
23 10 15 9 U
23 11 14 0 U
23 12 2 22 D
23 13 5 3 U
23 14 2 14 R
23 15 10 32 L
23 16 14 29 L
23 17 5 17 R
23 18 34 3 U
23 19 3 10 R
23 20 16 32 L
23 21 3 21 D
23 22 10 22 D
23 23 15 34 L
23 24 16 24 D
23 25 2 31 L
23 26 7 26 D
23 27 10 27 D
23 29 7 29 L
23 30 2 1 U
23 31 6 31 L
23 32 4 32 L
23 33 10 27 D
23 34 8 26 D
23 35 2 7 U
23 36 4 36 L
23 37 7 37 L
24 0 12 11 R
24 1 26 26 D
24 2 1 2 U
24 3 14 24 D
24 4 23 17 R
24 5 23 5 U
24 6 26 34 L
24 7 20 23 D
24 8 22 8 U
24 9 17 9 U
24 10 3 30 L
24 11 2 19 D
24 12 17 9 U
24 13 4 13 R
24 14 1 14 R
24 15 32 3 U
24 16 27 26 D
24 17 21 0 U
24 18 14 18 R
24 19 14 29 L
24 20 11 4 U
24 21 25 32 L
24 22 6 34 L
24 23 29 14 R
24 24 6 24 D
24 25 5 12 R
24 26 11 26 D
24 27 22 27 D
24 29 16 4 U
24 30 4 2 U
24 31 25 24 D
24 32 20 5 U
24 33 9 33 L
24 34 7 7 U
24 35 16 16 R
24 36 15 36 L
24 37 10 18 R
25 0 17 35 L
25 1 27 35 L
25 2 27 12 R
25 3 16 17 R
25 4 15 21 D
25 5 20 11 R
25 6 7 14 R
25 7 17 11 R
25 8 18 13 R
25 10 31 2 U
25 11 14 22 D
25 13 20 8 U
25 14 0 0 U
25 15 0 19 D
25 16 10 16 R
25 17 23 20 D
25 19 4 11 R
25 20 8 30 L
25 21 24 15 R
25 22 29 22 D
25 23 15 14 R
25 24 2 24 D
25 25 2 25 D
25 26 22 26 D
25 27 17 27 D
25 29 4 27 D
25 30 8 30 L
25 31 7 31 L
25 32 20 1 U
25 33 9 25 D
25 34 9 8 U
25 35 21 23 D
25 36 21 7 U
25 37 5 37 L
26 0 10 20 D
26 1 31 30 L
26 2 27 24 D
26 3 20 3 U
26 4 2 10 R
26 5 18 16 R
26 6 2 13 R
26 7 6 7 U
26 8 7 8 U
26 10 24 1 U
26 11 25 20 D
26 13 9 20 D
26 14 23 0 U
26 15 14 27 D
26 16 27 8 U
26 17 9 17 R
26 19 10 17 R
26 20 20 34 L
26 21 1 33 L
26 22 9 22 D
26 23 6 13 R
26 24 13 24 D
26 25 6 25 D
26 26 19 26 D
26 30 29 4 U
26 31 3 31 L
26 32 12 8 U
26 33 6 21 D
26 34 4 1 U
26 35 23 2 U
26 36 20 36 L
27 0 32 31 L
27 2 10 2 U
27 3 28 22 D
27 4 2 4 U
27 5 0 10 R
27 6 3 6 U
27 7 3 25 D
27 8 15 16 R
27 10 15 24 D
27 11 25 19 D
27 12 9 30 L
27 13 0 32 L
27 14 7 7 U
27 15 2 29 L
27 16 16 25 D
27 17 5 17 R
27 19 0 10 R
27 20 16 1 U
27 21 22 16 R
27 22 6 18 R
27 23 15 32 L
27 24 3 31 L
27 25 1 32 L
27 26 33 37 L
27 30 29 8 U
27 31 0 25 D
27 32 1 27 D
27 33 16 20 D
27 34 1 21 D
27 35 24 22 D
27 36 3 36 L
27 37 5 37 L
28 0 10 30 L
28 2 25 29 L
28 3 20 3 U
28 4 21 32 L
28 5 27 31 L
28 6 15 24 D
28 7 1 13 R
28 8 1 8 U
28 10 27 25 D
28 11 12 25 D
28 12 17 3 U
28 13 11 13 R
28 14 12 30 L
28 15 15 15 R
28 16 31 27 D
28 17 23 1 U
28 18 3 3 U
28 19 20 10 R
28 20 10 10 R
28 21 32 12 R
28 22 29 15 R
28 23 19 13 R
28 24 18 17 R
28 25 21 14 R
28 27 11 27 D
28 28 24 28 D
28 29 10 7 U
28 30 4 30 L
28 31 9 18 R
28 32 16 14 R
28 33 10 7 U
28 35 4 35 L
28 36 7 36 L
28 37 24 17 R
29 0 14 36 L
29 2 4 2 U
29 3 25 31 L
29 4 4 4 U
29 5 2 5 U
29 6 8 36 L
29 7 27 35 L
29 8 22 26 D
29 11 19 33 L
29 12 18 0 U
29 13 6 13 R
29 14 10 14 R
29 15 5 24 D
29 16 2 16 R
29 17 23 4 U
29 19 3 13 R
29 20 30 18 R
29 21 5 21 D
29 22 28 12 R
29 23 31 17 R
29 24 15 32 L
29 25 6 35 L
29 27 25 34 L
29 30 21 5 U
29 31 7 2 U
29 32 28 7 U
29 33 21 4 U
29 35 4 35 L
30 0 11 30 L
30 2 10 13 R
30 3 1 30 L
30 4 26 24 D
30 6 26 6 U
30 7 9 13 R
30 8 3 17 R
30 11 19 11 R
30 13 3 13 R
30 14 7 14 R
30 15 5 15 R
30 16 13 16 R
30 17 4 17 R
30 20 20 10 R
30 21 14 32 L
30 22 5 7 U
30 23 2 33 L
30 24 7 24 D
30 25 4 25 D
30 30 11 0 U
30 31 2 5 U
30 32 25 15 R
30 35 2 35 L
30 36 26 10 R
30 37 3 37 L
31 0 11 33 L
31 2 25 33 L
31 3 15 18 R
31 4 2 4 U
31 8 1 8 U
31 13 0 20 D
31 14 28 31 L
31 15 12 1 U
31 17 5 17 R
31 20 2 29 L
31 21 16 29 L
31 22 20 29 L
31 24 17 34 L
31 25 2 25 D
31 31 0 15 R
31 32 19 32 L
31 33 30 27 D
31 35 26 24 D
31 36 29 1 U
32 0 2 0 U
32 2 24 15 R
32 4 8 22 D
32 8 8 8 U
32 13 28 7 U
32 14 24 7 U
32 15 15 23 D
32 20 10 29 L
32 21 5 21 D
32 24 11 24 D
32 25 17 25 D
32 31 19 5 U
32 32 5 32 L
32 35 3 5 U
33 2 27 13 R
33 4 1 13 R
33 13 3 13 R
33 14 7 14 R
33 15 29 15 R
33 25 19 25 D
33 32 12 22 D
34 4 6 4 U
34 13 27 13 R
34 15 5 15 R
34 25 26 12 R
35 4 1 4 U

