20 21 358
11 13 18 0 0 0 1 7 0 0 0 16
14 10 2 18 13 7 0 18 0 5 1 8
0 0 8 2 11 0 0 14 18 18 0 8
0 0 17 0 2 9 16 0 0 0 0 5
0 0 10 9 0 6 0 0 0 18 11 15
0 0 9 0 0 6 18 0 0 9 0 17
0 0 0 0 11 0 0 0 0 0 0 8
15 13 17 0 15 0 16 8 16 19 18 7
2 0 0 0 0 11 0 0 13 0 8 8
0 2 4 16 0 0 5 3 6 0 5 0
9 2 0 16 9 10 8 9 0 3 0 0
8 10 0 5 4 2 0 4 17 4 0 16
0 0 0 0 U
0 1 0 1 U
0 2 0 2 U
0 3 0 3 U
0 4 0 4 U
0 5 0 5 U
0 6 0 6 R
0 7 0 7 R
0 8 0 8 R
0 9 0 9 R
0 10 0 10 R
0 11 0 11 D
0 12 0 12 D
0 13 0 13 D
0 14 0 14 D
0 15 0 15 D
0 16 0 16 L
0 17 0 17 L
0 18 0 18 L
0 19 0 19 L
0 20 0 20 L
1 0 13 6 R
1 1 16 9 R
1 2 6 16 L
1 3 11 18 L
1 4 14 19 L
1 5 12 16 L
1 6 0 12 D
1 7 7 16 L
1 8 7 8 R
1 9 3 9 R
1 10 8 10 R
1 11 3 9 R
1 12 12 8 R
1 13 4 13 D
1 14 0 9 R
1 15 2 15 D
1 16 6 11 D
1 17 13 17 L
1 18 0 4 U
1 19 7 12 D
1 20 7 1 U
2 0 0 19 L
2 1 0 8 R
2 2 6 2 U
2 3 10 3 U
2 4 1 4 U
2 5 3 5 U
2 6 9 11 D
2 7 7 18 L
2 8 9 0 U
2 9 0 3 U
2 10 7 10 R
2 11 1 10 R
2 12 8 1 U
2 13 12 8 R
2 14 6 8 R
2 15 11 10 R
2 16 0 11 D
2 17 17 11 D
2 18 1 18 L
2 19 0 10 R
2 20 10 2 U
3 0 4 0 U
3 1 5 6 R
3 2 5 12 D
3 3 13 3 U
3 4 12 4 U
3 5 2 5 U
3 6 1 15 D
3 7 12 13 D
3 8 9 8 R
3 9 15 0 U
3 10 5 4 U
3 11 5 18 L
3 12 0 1 U
3 13 2 8 R
3 14 2 14 D
3 15 0 9 R
3 16 0 13 D
3 17 1 17 L
3 18 13 3 U
3 19 0 14 D
3 20 11 0 U
4 0 0 17 L
4 1 12 6 R
4 2 10 7 R
4 3 10 7 R
4 4 11 7 R
4 5 10 7 R
4 6 14 12 D
4 7 3 0 U
4 8 3 1 U
4 9 0 2 U
4 10 5 2 U
4 11 2 10 R
4 12 2 19 L
4 13 0 6 R
4 14 8 20 L
4 15 2 20 L
4 16 0 0 U
4 17 6 6 R
4 18 6 4 U
4 19 6 2 U
4 20 1 20 L
5 0 0 11 D
5 1 0 12 D
5 2 11 2 U
5 3 1 3 U
5 4 15 20 L
5 5 12 5 U
5 6 10 16 L
5 7 1 11 D
5 8 14 18 L
5 9 3 0 U
5 10 4 10 R
5 11 2 20 L
5 12 15 9 R
5 13 0 2 U
5 14 2 9 R
5 15 0 2 U
5 16 0 5 U
5 17 4 14 D
5 18 8 18 L
5 19 2 19 L
5 20 0 9 R
6 0 9 9 R
6 1 8 1 U
6 2 0 15 D
6 3 9 3 U
6 4 15 18 L
6 5 3 5 U
6 6 14 13 D
6 7 7 15 D
6 8 0 14 D
6 9 8 4 U
6 10 5 14 D
6 11 8 6 R
6 12 10 16 L
6 13 15 20 L
6 14 13 9 R
6 15 5 15 D
6 16 1 13 D
6 17 4 3 U
6 18 15 1 U
6 19 0 6 R
6 20 0 0 U
7 0 10 16 L
7 1 10 16 L
7 2 11 17 L
7 3 4 17 L
7 4 3 17 L
7 5 14 20 L
7 6 12 12 D
7 7 9 7 R
7 8 0 19 L
7 9 14 4 U
7 10 6 13 D
7 11 0 18 L
7 12 9 17 L
7 13 4 20 L
7 14 4 14 D
7 15 2 15 D
7 16 10 15 D
7 17 1 17 L
7 18 4 12 D
7 19 1 19 L
7 20 13 20 L
8 0 11 18 L
8 1 5 12 D
8 2 5 15 D
8 3 0 14 D
8 4 0 13 D
8 5 9 5 U
8 6 0 17 L
8 7 9 4 U
8 8 13 3 U
8 9 7 3 U
8 10 3 3 U
8 11 3 19 L
8 12 2 12 D
8 13 0 16 L
8 14 0 0 U
8 15 6 9 R
8 16 5 13 D
8 17 11 0 U
8 18 0 14 D
8 19 9 19 L
8 20 2 20 L
9 0 8 11 D
9 1 13 11 D
9 2 11 8 R
9 3 12 3 U
9 4 1 8 R
9 5 10 16 L
9 6 0 0 U
9 7 0 18 L
9 8 5 8 R
9 9 1 9 R
9 10 4 10 R
9 11 6 11 D
9 12 15 6 R
9 13 7 13 D
9 14 3 14 D
9 15 3 15 D
9 16 2 16 L
9 17 5 1 U
9 18 1 0 U
9 19 1 19 L
9 20 14 4 U
10 0 2 6 R
10 1 5 17 L
10 2 11 6 R
10 3 2 15 D
10 4 1 4 U
10 6 12 1 U
10 7 7 12 D
10 8 7 1 U
10 9 4 5 U
10 10 9 10 R
10 11 0 16 L
10 12 4 7 R
10 13 14 7 R
10 14 3 14 D
10 15 0 10 R
10 16 11 12 D
10 17 1 11 D
10 18 14 13 D
10 19 8 19 L
10 20 15 3 U
11 0 3 10 R
11 1 2 7 R
11 2 1 6 R
11 3 13 13 D
11 4 5 4 U
11 5 5 9 R
11 6 3 14 D
11 7 14 1 U
11 8 10 13 D
11 9 15 14 D
11 10 7 10 R
11 11 4 8 R
11 12 6 12 D
11 13 0 20 L
11 14 6 14 D
11 15 5 6 R
11 16 4 11 D
11 17 10 13 D
11 18 10 2 U
11 19 7 3 U
11 20 13 13 D
12 0 0 16 L
12 1 3 16 L
12 2 6 2 U
12 3 16 3 U
12 4 1 4 U
12 6 15 0 U
12 7 6 14 D
12 8 14 5 U
12 9 17 1 U
12 10 1 10 R
12 11 0 17 L
12 12 1 19 L
12 13 11 13 D
12 14 16 7 R
12 15 5 3 U
12 16 6 1 U
12 17 10 0 U
12 18 9 14 D
12 19 14 0 U
12 20 2 20 L
13 0 2 17 L
13 1 6 7 R
13 2 14 20 L
13 3 7 16 L
13 4 0 14 D
13 6 0 16 L
13 7 11 2 U
13 8 6 8 R
13 9 12 1 U
13 10 4 14 D
13 11 12 16 L
13 12 7 16 L
13 13 11 18 L
13 14 15 19 L
13 15 16 8 R
13 16 4 14 D
13 17 3 12 D
13 18 17 11 D
13 19 8 11 D
13 20 2 3 U
14 0 3 16 L
14 1 13 6 R
14 2 10 13 D
14 3 11 6 R
14 6 7 11 D
14 7 16 12 D
14 8 2 2 U
14 9 17 13 D
14 10 8 15 D
14 11 2 9 R
14 12 10 18 L
14 13 12 19 L
14 14 6 16 L
14 15 12 15 D
14 16 2 1 U
14 17 0 12 D
14 18 0 1 U
14 19 2 12 D
14 20 13 15 D
15 0 4 0 U
15 1 6 13 D
15 2 12 2 U
15 3 14 19 L
15 6 16 12 D
15 8 4 1 U
15 10 8 2 U
15 11 2 18 L
15 12 1 17 L
15 13 5 7 R
15 14 14 19 L
15 16 4 7 R
15 17 17 5 U
15 18 6 3 U
15 19 1 19 L
15 20 17 20 L
16 0 14 17 L
16 1 7 8 R
16 2 1 2 U
16 3 6 3 U
16 6 1 17 L
16 10 9 10 R
16 11 8 20 L
16 12 1 8 R
16 13 15 16 L
16 14 7 18 L
16 16 12 2 U
16 18 9 12 D
16 19 17 13 D
16 20 6 2 U
17 0 13 7 R
17 1 6 1 U
17 2 10 6 R
17 6 8 14 D
17 10 4 4 U
17 13 5 19 L
17 14 0 4 U
17 16 3 8 R
17 19 1 19 L
17 20 2 20 L
18 0 11 6 R
18 1 8 19 L
18 2 1 2 U
18 6 9 14 D
18 14 8 14 D
18 16 15 6 R
18 19 17 15 D
19 14 11 5 U

