14 12 144
10 4 4 0 4 0 0 0 4 11 12 10
8 5 0 0 11 11 9 0 11 0 3 0
3 7 10 0 0 2 10 0 0 0 6 0
3 9 9 0 8 0 0 9 0 9 0 9
10 0 12 10 10 0 4 0 9 0 7 0
13 10 3 0 0 0 0 3 0 11 8 0
0 7 4 0 0 0 0 0 4 1 0 4
4 0 0 0 5 0 9 0 0 4 6 0
9 0 7 0 13 7 0 9 9 0 7 0
0 0 9 4 7 0 10 0 0 12 0 0
1 12 0 0 0 6 0 0 12 0 0 11
3 2 0 8 3 9 0 8 4 8 0 0
0 0 0 0 U
0 1 0 1 U
0 2 0 2 U
0 3 0 3 R
0 4 0 4 R
0 5 0 5 R
0 6 0 6 D
0 7 0 7 D
0 8 0 8 D
0 9 0 9 L
0 10 0 10 L
0 11 0 11 L
1 0 0 3 R
1 1 2 1 U
1 2 0 5 R
1 3 5 3 R
1 4 0 6 D
1 5 0 7 D
1 6 9 3 R
1 7 5 4 R
1 8 0 5 R
1 9 0 2 U
1 10 2 10 L
1 11 0 1 U
2 0 0 4 R
2 1 3 5 R
2 2 0 9 L
2 3 0 9 L
2 4 1 4 R
2 5 9 10 L
2 6 1 6 D
2 7 3 7 D
2 8 10 8 D
2 9 0 6 D
2 10 0 8 D
2 11 7 0 U
3 0 7 10 L
3 1 0 7 D
3 2 1 2 U
3 3 1 8 D
3 4 0 8 D
3 5 7 6 D
3 6 0 3 R
3 7 0 4 R
3 8 2 8 D
3 9 0 0 U
3 10 0 7 D
3 11 6 2 U
4 0 5 0 U
4 1 8 1 U
4 2 2 2 U
4 3 0 1 U
4 4 6 8 D
4 5 5 5 R
4 6 0 0 U
4 7 3 7 D
4 8 8 9 L
4 9 5 2 U
4 10 5 6 D
4 11 2 11 L
5 0 2 0 U
5 1 3 1 U
5 2 6 6 D
5 3 1 3 R
5 4 0 0 U
5 5 0 10 L
5 6 1 4 R
5 7 9 11 L
5 8 8 8 D
5 9 4 0 U
5 10 1 10 L
5 11 1 2 U
6 0 3 9 L
6 1 4 11 L
6 2 0 4 R
6 3 10 2 U
6 4 4 6 D
6 5 7 0 U
6 6 3 10 L
6 7 4 7 D
6 8 0 1 U
6 9 1 1 U
6 10 4 10 L
6 11 2 11 L
7 0 2 7 D
7 1 0 10 L
7 2 9 5 R
7 3 5 0 U
7 4 9 4 R
7 5 9 8 D
7 6 3 6 D
7 7 0 11 L
7 8 4 8 D
7 9 0 8 D
7 10 1 6 D
7 11 3 11 L
8 0 2 5 R
8 1 5 3 R
8 2 1 2 U
8 3 6 7 D
8 4 0 11 L
8 5 4 5 R
8 6 0 9 L
8 8 1 8 D
8 9 2 7 D
8 10 2 7 D
8 11 0 4 R
9 0 0 9 L
9 1 2 7 D
9 2 7 2 U
9 3 8 2 U
9 4 10 4 R
9 5 1 6 D
9 6 5 3 R
9 8 3 1 U
9 9 6 9 L
9 10 8 10 L
9 11 3 2 U
10 0 7 11 L
10 1 5 11 L
10 2 2 3 R
10 3 8 6 D
10 5 6 5 R
10 6 11 1 U
10 8 12 10 L
10 9 3 4 R
10 10 0 3 R
10 11 0 6 D
11 0 1 5 R
11 1 5 1 U
11 2 8 10 L
11 3 6 9 L
11 5 6 0 U
11 6 4 3 R
11 10 9 7 D
11 11 10 6 D
12 0 6 9 L
12 2 10 2 U
12 3 5 3 R
12 5 4 5 R
12 10 11 5 R
12 11 2 11 L
13 2 1 2 U
13 11 6 11 L

