11 8 72
0 0 0 0 0 0 0 0 3 0 3 0 0 1 0 0 1 0 0
0 0 8 0 0 4 0 0 0 7 0 3 5 0 0 8 0 0 0
0 1 0 4 0 9 5 0 0 0 0 0 0 2 0 4 0 9 3
0 9 0 4 6 0 10 0 0 0 0 0 7 4 0 0 0 0 4
0 0 0 3 4 5 6 0 0 0 0 0 0 0 0 0 0 0 0
0 0 0 0 0 6 0 0 0 1 0 0 0 0 0 0 0 0 0
0 0 0 0 0 0 0 0 0 0 0 0 0 0 0 0 0 0 0
0 0 1 0 0 0 3 1 0 0 0 0 0 0 0 3 0 0 0
0 0 0 0 0 0 5 0 4 0 2 0 0 0 0 0 6 3 0
0 0 3 6 0 0 0 0 0 0 0 0 0 5 0 5 0 0 0
0 0 0 0 0 0 0 0 0 0 0 0 0 0 0 0 0 0 0
0 0 0 0 0 0 0 0 7 0 0 0 0 0 0 2 0 4 0
0 1 0 4 0 0 0 0 0 0 0 0 0 0 0 0 0 0 0
0 0 0 0 0 0 5 0 0 0 4 3 0 0 0 0 0 0 2
0 0 0 0 0 2 0 0 0 0 0 1 0 7 0 0 0 0 0
0 0 0 0 1 7 0 0 0 2 0 0 0 0 0 0 0 0 0
0 0 0 0 0 0 1 0 0 0 0 6 1 0 0 2 0 0 0
0 0 0 0 0 0 0 0 6 0 0 0 0 0 0 6 0 0 0
0 0 0 0 0 0 0 6 0 0 1 0 0 0 0 0 0 0 6
0 0 0 0 U
0 1 0 1 U
0 2 0 2 R
0 3 0 3 R
0 4 0 4 D
0 5 0 5 D
0 6 0 6 L
0 7 0 7 L
1 0 0 2 R
1 1 0 2 R
1 2 0 4 D
1 3 2 0 U
1 4 0 0 U
1 5 6 6 L
1 6 6 4 D
1 7 0 0 U
2 0 0 7 L
2 1 3 1 U
2 2 5 0 U
2 3 1 1 U
2 4 0 6 L
2 5 1 3 R
2 6 0 4 D
2 7 1 4 D
3 0 1 2 R
3 1 0 5 D
3 2 2 2 R
3 3 4 3 R
3 4 0 2 R
3 5 2 5 D
3 6 6 2 R
3 7 8 4 D
4 0 0 3 R
4 1 3 1 U
4 2 2 2 R
4 3 2 5 D
4 4 1 0 U
4 5 0 7 L
4 6 3 0 U
4 7 5 7 L
5 0 3 6 L
5 1 4 1 U
5 2 8 4 D
5 3 2 3 R
5 4 3 4 D
5 5 1 5 D
5 6 0 5 D
5 7 7 4 D
6 0 8 3 R
6 2 0 0 U
6 3 0 7 L
6 4 0 3 R
6 5 0 2 R
6 6 2 6 L
6 7 1 7 L
7 0 2 2 R
7 2 6 5 D
7 3 0 6 L
7 4 2 4 D
7 5 0 6 L
7 6 0 1 U
7 7 1 7 L
8 0 0 6 L
8 2 7 4 D
8 3 7 6 L
8 6 9 4 D
8 7 1 7 L
9 0 2 3 R
9 2 1 5 D
9 6 7 0 U
9 7 0 4 D
10 0 4 0 U

