17 15 211
0 0 0 12 0 0 0 14 0 0 0 0 0 0 0 5 4 0
5 13 10 2 0 11 12 0 0 0 13 13 2 0 8 0 14 0
0 0 0 0 0 0 0 0 0 0 0 0 0 0 0 0 0 0
0 0 0 0 0 0 11 0 0 0 0 0 15 0 0 0 0 0
0 0 0 0 0 0 0 0 0 0 0 0 15 0 15 0 0 0
0 12 0 0 0 0 0 0 0 0 0 0 0 0 0 0 4 0
1 0 0 14 0 2 10 0 0 0 0 5 0 0 7 0 0 0
0 0 0 0 0 0 0 0 0 0 0 4 14 0 9 5 0 7
0 0 0 13 7 0 5 0 0 0 5 1 13 0 7 16 15 11
3 0 0 0 0 0 0 0 0 0 0 0 0 0 0 0 0 0
0 0 0 0 0 0 0 0 0 0 8 0 0 0 0 0 12 0
0 0 0 0 0 0 0 4 0 0 0 0 0 0 16 0 12 0
0 0 0 0 0 0 0 8 0 0 4 0 0 0 0 0 0 11
7 13 0 12 0 0 0 0 0 0 12 0 7 10 0 0 0 0
0 1 2 13 0 0 0 0 0 7 0 0 0 3 0 0 0 0
5 0 0 11 2 0 0 0 0 8 0 0 12 0 0 0 0 1
0 0 0 0 0 0 0 0 0 0 0 0 0 0 0 0 0 0
0 7 0 5 0 0 0 0 14 0 0 0 11 0 0 0 0 6
0 0 0 0 R
0 1 0 1 R
0 2 0 2 R
0 3 0 3 U
0 4 0 4 U
0 5 0 5 U
0 6 0 6 U
0 7 0 7 D
0 8 0 8 D
0 9 0 9 D
0 10 0 10 D
0 11 0 11 L
0 12 0 12 L
0 13 0 13 L
0 14 0 14 L
1 0 4 10 D
1 1 8 1 R
1 2 2 3 U
1 3 0 2 R
1 4 7 14 L
1 5 5 5 U
1 6 4 6 U
1 7 0 0 R
1 8 0 3 U
1 9 10 3 U
1 10 3 10 D
1 11 0 8 D
1 12 9 3 U
1 13 7 13 L
1 14 0 6 U
2 0 3 3 U
2 1 0 11 L
2 2 0 14 L
2 3 3 7 D
2 4 3 4 U
2 5 7 1 R
2 6 0 13 L
2 7 0 11 L
2 8 1 14 L
2 9 3 9 D
2 10 4 10 D
2 11 7 7 D
2 12 4 4 U
2 13 7 3 U
2 14 10 8 D
3 0 5 0 R
3 1 5 3 U
3 2 1 2 R
3 3 2 11 L
3 4 4 4 U
3 5 2 5 U
3 6 11 2 R
3 7 5 7 D
3 8 0 12 L
3 9 4 11 L
3 10 0 1 R
3 11 9 11 L
3 12 8 12 L
3 13 6 13 L
3 14 5 14 L
4 0 2 4 U
4 1 2 1 R
4 2 9 2 R
4 3 0 14 L
4 4 0 9 D
4 5 3 5 U
4 6 2 6 U
4 7 0 2 R
4 8 6 8 D
4 9 6 9 D
4 10 1 10 D
4 11 0 4 U
4 12 6 7 D
4 13 9 13 L
4 14 3 6 U
5 0 4 6 U
5 1 0 5 U
5 2 6 2 R
5 3 1 3 U
5 4 0 8 D
5 5 0 1 R
5 6 7 13 L
5 7 7 1 R
5 8 6 8 D
5 9 1 2 R
5 10 2 2 R
5 11 4 4 U
5 12 3 3 U
5 13 0 5 U
5 14 7 2 R
6 0 0 6 U
6 1 10 5 U
6 2 7 8 D
6 3 12 0 R
6 4 0 7 D
6 5 4 5 U
6 6 9 6 U
6 7 10 1 R
6 8 10 13 L
6 9 9 9 D
6 10 5 11 L
6 11 7 3 U
6 13 4 13 L
6 14 4 4 U
7 0 2 7 D
7 1 0 7 D
7 2 3 2 R
7 3 6 0 R
7 4 8 12 L
7 5 2 5 U
7 6 1 13 L
7 7 6 0 R
7 8 0 1 R
7 9 11 12 L
7 10 11 10 D
7 11 0 3 U
7 12 0 7 D
7 13 6 5 U
7 14 10 14 L
8 0 1 9 D
8 1 0 12 L
8 2 9 7 D
8 3 10 13 L
8 4 1 11 L
8 5 3 5 U
8 6 6 6 U
8 7 2 12 L
8 8 2 8 D
8 9 11 14 L
8 10 7 0 R
8 11 3 11 L
8 13 2 9 D
8 14 1 1 R
9 0 7 0 R
9 1 5 10 D
9 2 3 4 U
9 3 8 12 L
9 4 10 4 U
9 5 8 12 L
9 6 4 6 U
9 7 8 0 R
9 8 3 8 D
9 9 4 13 L
9 10 3 10 D
9 11 4 9 D
9 12 3 12 L
9 13 8 13 L
9 14 10 14 L
10 0 7 5 U
10 1 0 8 D
10 2 3 8 D
10 3 0 12 L
10 4 4 2 R
10 5 11 2 R
10 6 11 6 U
10 7 1 7 D
10 8 4 4 U
10 10 3 14 L
10 11 3 11 L
10 13 7 13 L
10 14 3 14 L
11 0 9 11 L
11 1 6 5 U
11 2 5 6 U
11 3 2 3 U
11 4 9 4 U
11 5 8 5 U
11 6 5 1 R
11 7 0 13 L
11 8 8 2 R
11 9 8 9 D
11 10 14 11 L
11 11 8 6 U
11 12 3 10 D
11 13 10 9 D
11 14 7 14 L
12 0 0 3 U
12 1 7 8 D
12 2 9 10 D
12 3 0 11 L
12 4 3 4 U
12 5 0 7 D
12 6 11 1 R
12 8 13 11 L
12 10 5 10 D
12 11 4 5 U
12 12 6 4 U
12 13 2 7 D
12 14 4 14 L
13 0 10 4 U
13 1 10 7 D
13 3 5 14 L
13 4 12 7 D
13 6 4 6 U
13 8 11 8 D
13 10 5 10 D
13 11 7 4 U
13 14 8 14 L
14 0 1 3 U
14 1 13 10 D
14 3 0 0 R
14 6 0 9 D
14 8 9 8 D
14 10 15 10 D
14 11 0 0 R
15 0 12 10 D
15 1 9 6 U
15 3 4 3 U
15 10 14 10 D
16 1 3 1 R
16 10 0 6 U

