15 8 108
7 0 0 3 0 1 3 0 12 0 11
0 6 0 0 0 4 0 0 0 0 11
2 0 0 3 5 0 0 1 0 0 13
0 0 0 0 2 0 0 0 0 0 11
9 1 10 8 0 0 13 0 0 0 10
12 3 0 7 0 0 0 0 5 10 2
0 4 0 1 0 12 0 11 0 0 10
12 0 0 0 5 0 5 8 0 0 0
0 0 11 10 1 0 0 6 0 11 0
0 1 0 7 1 5 0 0 2 7 7
10 0 11 12 0 0 0 8 8 0 8
0 0 0 0 R
0 1 0 1 R
0 2 0 2 U
0 3 0 3 U
0 4 0 4 D
0 5 0 5 D
0 6 0 6 L
0 7 0 7 L
1 0 0 7 L
1 1 2 1 R
1 2 0 0 R
1 3 0 1 R
1 4 0 0 R
1 5 0 1 R
1 6 0 4 D
1 7 0 2 U
2 0 0 2 U
2 1 5 4 D
2 2 3 2 U
2 3 3 3 U
2 4 4 1 R
2 5 5 5 D
2 6 4 5 D
2 7 10 7 L
3 0 1 0 R
3 1 8 1 R
3 2 6 1 R
3 3 4 3 U
3 4 0 2 U
3 5 11 3 U
3 6 5 6 L
3 7 8 0 R
4 0 7 4 D
4 1 0 5 D
4 2 1 2 U
4 3 0 6 L
4 4 1 4 D
4 5 2 5 D
4 6 1 4 D
4 7 1 4 D
5 0 1 0 R
5 1 9 1 R
5 2 0 6 L
5 3 7 3 U
5 4 6 4 D
5 5 2 5 D
5 6 1 6 L
5 7 7 7 L
6 0 10 3 U
6 1 0 4 D
6 2 4 5 D
6 3 8 0 R
6 4 0 7 L
6 5 2 5 D
6 6 1 3 U
6 7 14 5 D
7 0 10 5 D
7 1 1 1 R
7 2 3 2 U
7 3 1 1 R
7 4 10 7 L
7 5 5 7 L
7 6 6 4 D
7 7 0 3 U
8 0 4 5 D
8 1 1 6 L
8 2 9 2 U
8 3 4 6 L
8 4 2 6 L
8 5 0 3 U
8 6 3 2 U
8 7 6 4 D
9 0 0 6 L
9 1 8 5 D
9 2 4 0 R
9 3 3 0 R
9 4 0 6 L
9 5 6 5 D
9 6 4 6 L
9 7 1 7 L
10 0 9 7 L
10 1 0 3 U
10 2 0 5 D
10 3 2 7 L
10 4 6 7 L
10 5 0 7 L
10 6 1 2 U
10 7 1 3 U
11 0 12 0 R
11 1 8 4 D
11 2 1 2 U
11 3 3 3 U
11 4 5 6 L
11 5 5 6 L
11 6 2 6 L
11 7 12 2 U
12 0 10 0 R
12 1 1 1 R
12 2 5 2 U
12 4 13 0 R
12 5 13 0 R
12 6 1 6 L
12 7 5 7 L
13 0 6 2 U
13 1 0 7 L
13 2 1 2 U
13 7 2 7 L
14 2 5 6 L

