15 10 123
0 8 0 1 1 1 0 13 0 12 0 0 0 1 2
0 0 14 8 9 1 4 0 0 0 3 3 4 0 3
0 0 0 0 12 0 0 0 0 9 9 4 8 11 0
0 0 0 0 0 0 0 0 0 0 0 0 0 0 0
0 0 0 0 0 0 0 0 0 12 0 0 0 0 2
0 0 4 0 0 0 8 0 10 0 0 0 0 0 3
6 7 0 1 6 0 10 5 0 0 0 0 0 0 0
0 4 1 2 11 0 0 0 0 0 0 12 0 4 9
0 0 11 0 5 0 0 0 0 5 12 0 0 0 0
0 0 7 0 0 3 9 6 0 0 0 4 0 0 10
0 0 13 0 0 10 0 8 10 0 0 0 13 9 0
4 9 0 0 0 0 0 0 0 0 0 0 0 0 0
0 2 0 0 0 0 0 4 0 6 0 9 12 0 7
0 0 11 0 0 0 0 5 11 0 7 7 6 7 0
0 0 3 0 0 0 10 0 0 4 0 0 0 0 0
0 0 0 0 R
0 1 0 1 R
0 2 0 2 U
0 3 0 3 U
0 4 0 4 U
0 5 0 5 D
0 6 0 6 D
0 7 0 7 D
0 8 0 8 L
0 9 0 9 L
1 0 3 5 D
1 1 0 6 D
1 2 0 0 R
1 3 0 1 R
1 4 3 9 L
1 5 5 0 R
1 6 4 6 D
1 7 4 7 D
1 8 0 5 D
1 9 0 7 D
2 0 0 8 L
2 1 9 4 U
2 2 6 8 L
2 3 3 3 U
2 4 1 4 U
2 5 0 3 U
2 6 10 6 D
2 7 0 8 L
2 8 6 2 U
2 9 11 9 L
3 0 9 0 R
3 1 0 5 D
3 2 0 8 L
3 3 8 8 L
3 4 0 9 L
3 5 11 3 U
3 6 9 6 D
3 7 9 9 L
3 8 7 7 D
3 9 1 9 L
4 0 10 7 D
4 1 9 1 R
4 2 7 2 U
4 3 1 0 R
4 5 0 2 U
4 6 7 6 D
4 7 1 7 D
4 8 10 6 D
4 9 3 9 L
5 0 11 6 D
5 1 3 1 R
5 2 1 9 L
5 3 4 3 U
5 5 2 8 L
5 6 0 1 R
5 7 10 7 D
5 8 0 4 U
5 9 0 3 U
6 0 11 2 U
6 1 5 7 D
6 2 3 8 L
6 3 2 3 U
6 4 3 4 U
6 5 0 0 R
6 6 8 6 D
6 7 7 8 L
6 8 9 5 D
6 9 1 5 D
7 0 0 4 U
7 1 0 3 U
7 2 6 0 R
7 3 1 1 R
7 4 11 1 R
7 5 8 0 R
7 6 0 9 L
7 7 2 1 R
7 8 1 8 L
7 9 8 6 D
8 0 6 5 D
8 1 0 7 D
8 2 1 0 R
8 3 6 0 R
8 6 1 6 D
8 7 5 3 U
8 8 10 3 U
8 9 11 7 D
9 0 0 2 U
9 1 12 1 R
9 2 2 1 R
9 3 8 3 U
9 4 4 0 R
9 5 6 8 L
9 6 0 2 U
9 7 7 2 U
9 8 5 8 L
9 9 4 7 D
10 0 0 9 L
10 2 5 8 L
10 3 7 3 U
10 6 5 3 U
10 7 1 3 U
10 8 0 6 D
10 9 1 9 L
11 0 10 5 D
11 2 10 5 D
11 3 10 9 L
11 5 2 5 D
11 6 5 0 R
11 7 2 8 L
11 8 1 6 D
11 9 7 5 D
12 0 10 0 R
12 2 3 1 R
12 3 5 0 R
12 4 7 4 U
12 6 1 2 U
12 7 11 2 U
12 8 4 8 L
12 9 6 5 D
13 0 8 0 R
13 6 12 0 R
13 7 2 7 D
14 0 1 0 R

