29 31 743
19 12 0 0 0 0 23 8 0 0 0 0 0 0 0 0 21
20 22 0 0 0 0 20 21 0 0 0 0 23 15 0 0 20
24 0 0 26 0 0 0 0 0 0 25 23 0 3 4 0 16
27 0 1 19 0 6 0 0 0 0 0 0 0 19 26 20 27
22 21 18 14 0 19 19 19 16 1 19 0 0 0 0 0 18
0 12 0 22 20 0 11 23 24 0 0 26 22 21 10 0 17
0 0 0 20 15 22 0 0 0 28 27 11 6 21 0 1 6
0 0 0 17 17 0 0 11 0 22 0 20 6 0 14 17 0
0 0 25 9 0 0 5 0 24 0 0 0 24 23 12 0 21
0 0 0 1 21 22 0 0 23 22 0 0 0 0 0 0 0
0 0 0 0 2 0 0 12 11 0 0 21 0 0 17 3 0
0 0 0 16 18 0 7 7 12 0 22 24 0 20 4 19 12
0 25 22 6 0 0 16 0 0 22 0 0 22 21 0 0 0
0 12 24 14 0 1 23 22 0 0 18 28 23 0 0 0 0
0 0 0 0 0 10 0 0 0 7 9 12 25 10 11 0 9
0 24 6 0 0 14 17 0 0 13 6 5 0 0 0 0 2
20 0 25 21 17 0 0 0 12 12 0 0 0 0 22 0 0
0 0 0 0 L
0 1 0 1 L
0 2 0 2 L
0 3 0 3 L
0 4 0 4 L
0 5 0 5 L
0 6 0 6 L
0 7 0 7 R
0 8 0 8 R
0 9 0 9 R
0 10 0 10 R
0 11 0 11 R
0 12 0 12 R
0 13 0 13 R
0 14 0 14 D
0 15 0 15 D
0 16 0 16 D
0 17 0 17 D
0 18 0 18 D
0 19 0 19 D
0 20 0 20 D
0 21 0 21 D
0 22 0 22 U
0 23 0 23 U
0 24 0 24 U
0 25 0 25 U
0 26 0 26 U
0 27 0 27 U
0 28 0 28 U
0 29 0 29 U
0 30 0 30 U
1 0 0 14 D
1 1 10 23 U
1 2 0 24 U
1 3 2 3 L
1 4 8 25 U
1 5 13 5 L
1 6 8 6 L
1 7 4 23 U
1 8 0 14 D
1 9 2 9 R
1 10 2 10 R
1 11 0 4 L
1 12 6 12 R
1 13 11 13 R
1 14 4 2 L
1 15 0 8 R
1 16 15 16 D
1 17 15 17 D
1 18 5 18 D
1 19 8 8 R
1 20 5 20 D
1 21 5 21 D
1 22 0 8 R
1 23 7 18 D
1 24 18 9 R
1 25 7 11 R
1 26 4 26 U
1 27 4 27 U
1 28 4 28 U
1 29 9 29 U
1 30 18 30 U
2 0 0 15 D
2 1 7 15 D
2 2 5 2 L
2 3 1 3 L
2 4 1 4 L
2 5 1 5 L
2 6 7 6 L
2 7 18 0 L
2 8 18 8 R
2 9 6 15 D
2 10 1 10 R
2 11 6 11 R
2 12 6 24 U
2 13 1 13 R
2 14 11 1 L
2 15 0 24 U
2 16 14 7 R
2 17 6 0 L
2 18 6 3 L
2 19 6 19 D
2 20 6 20 D
2 21 3 21 D
2 22 6 1 L
2 23 0 17 D
2 24 6 5 L
2 25 0 16 D
2 26 1 26 U
2 27 19 7 R
2 28 0 0 L
2 29 11 10 R
2 30 13 11 R
3 0 0 17 D
3 1 7 16 D
3 2 9 20 D
3 3 0 18 D
3 4 16 29 U
3 5 1 14 D
3 6 19 19 D
3 7 0 0 L
3 8 18 19 D
3 9 0 15 D
3 10 6 10 R
3 11 0 3 L
3 12 14 29 U
3 13 6 13 R
3 14 9 3 L
3 15 12 6 L
3 16 12 16 D
3 17 4 17 D
3 18 7 18 D
3 19 2 19 D
3 20 15 20 D
3 21 2 21 D
3 22 19 16 D
3 23 10 7 R
3 24 2 9 R
3 25 12 25 U
3 26 25 26 U
3 27 17 4 L
3 28 22 8 R
3 29 10 11 R
4 0 20 21 D
4 1 13 26 U
4 2 18 15 D
4 3 18 3 L
4 4 5 4 L
4 5 1 16 D
4 6 5 21 D
4 7 15 7 R
4 8 0 28 U
4 9 8 2 L
4 10 23 27 U
4 11 2 11 R
4 12 10 21 D
4 13 10 13 R
4 14 6 0 L
4 15 7 22 U
4 16 21 16 D
4 17 8 17 D
4 18 1 18 D
4 19 1 19 D
4 20 1 20 D
4 21 1 21 D
4 22 6 0 L
4 23 18 1 L
4 24 16 24 U
4 25 14 2 L
4 26 10 1 L
4 27 8 7 R
4 28 17 28 U
4 29 0 12 R
5 0 14 0 L
5 1 1 17 D
5 2 11 2 L
5 3 7 18 D
5 4 13 26 U
5 5 1 5 L
5 6 2 6 L
5 7 0 23 U
5 8 0 22 U
5 9 4 21 D
5 10 6 25 U
5 11 19 11 R
5 12 2 12 R
5 13 4 26 U
5 14 23 10 R
5 15 24 11 R
5 16 1 16 D
5 17 11 1 L
5 18 3 13 R
5 19 3 19 D
5 20 13 20 D
5 21 7 21 D
5 22 0 13 R
5 23 6 0 L
5 24 19 1 L
5 25 10 7 R
5 26 14 13 R
5 27 3 27 U
5 28 1 28 U
5 29 3 29 U
6 0 14 15 D
6 1 2 1 L
6 2 8 28 U
6 3 10 23 U
6 4 15 4 L
6 5 3 5 L
6 6 8 6 L
6 7 0 27 U
6 8 24 20 D
6 9 3 23 U
6 10 7 21 D
6 11 25 11 R
6 12 0 5 L
6 13 3 13 R
6 14 1 0 L
6 15 3 3 L
6 16 15 3 L
6 17 0 5 L
6 18 2 3 L
6 19 0 7 R
6 20 0 27 U
6 21 4 4 L
6 22 18 3 L
6 23 12 23 U
6 24 21 2 L
6 25 5 9 R
6 26 3 26 U
6 27 9 13 R
6 28 20 28 U
6 29 0 14 D
7 0 12 23 U
7 1 9 22 U
7 2 1 20 D
7 3 0 16 D
7 4 1 17 D
7 5 1 5 L
7 6 15 15 D
7 7 5 22 U
7 8 6 23 U
7 9 4 23 U
7 10 11 19 D
7 11 6 11 R
7 12 1 12 R
7 13 0 17 D
7 14 10 2 L
7 15 16 15 D
7 16 9 16 D
7 17 8 10 R
7 18 0 7 R
7 19 16 19 D
7 20 15 20 D
7 21 4 21 D
7 22 10 12 R
7 23 20 8 R
7 24 0 7 R
7 25 0 4 L
7 26 5 26 U
7 27 12 27 U
7 28 4 7 R
7 29 5 29 U
8 0 0 18 D
8 1 1 16 D
8 2 16 25 U
8 3 16 25 U
8 4 1 4 L
8 5 12 16 D
8 6 5 27 U
8 7 15 26 U
8 8 17 18 D
8 9 1 9 R
8 10 9 10 R
8 11 1 25 U
8 12 14 5 L
8 13 14 25 U
8 14 0 7 R
8 15 0 9 R
8 16 23 1 L
8 17 24 13 R
8 18 4 27 U
8 19 15 1 L
8 20 6 8 R
8 21 18 21 D
8 22 17 7 R
8 23 0 5 L
8 24 11 7 R
8 25 4 25 U
8 26 6 12 R
8 27 7 27 U
8 28 0 20 D
8 29 2 29 U
9 0 11 14 D
9 1 5 1 L
9 2 10 24 U
9 3 13 17 D
9 4 1 24 U
9 5 19 21 D
9 6 0 19 D
9 7 23 23 U
9 8 17 25 U
9 9 18 9 R
9 10 14 1 L
9 11 12 24 U
9 12 2 14 D
9 13 11 28 U
9 14 7 9 R
9 15 14 7 R
9 16 16 9 R
9 17 15 11 R
9 18 20 18 D
9 19 10 7 R
9 20 20 9 R
9 21 5 10 R
9 22 12 5 L
9 23 10 13 R
9 24 2 3 L
9 25 0 8 R
9 26 13 12 R
9 27 2 27 U
9 28 0 17 D
9 29 7 13 R
10 0 19 17 D
10 1 11 14 D
10 2 1 2 L
10 3 7 20 D
10 4 9 23 U
10 5 11 14 D
10 6 12 20 D
10 7 0 29 U
10 8 0 18 D
10 9 19 16 D
10 10 19 25 U
10 11 0 6 L
10 12 1 12 R
10 13 5 15 D
10 14 7 7 R
10 15 2 8 R
10 16 4 16 D
10 17 8 9 R
10 18 0 8 R
10 19 5 1 L
10 20 2 4 L
10 21 13 5 L
10 22 4 6 L
10 23 3 23 U
10 24 21 8 R
10 25 19 9 R
10 26 3 10 R
10 27 1 27 U
10 28 5 28 U
10 29 5 29 U
11 0 2 15 D
11 1 22 1 L
11 2 17 26 U
11 3 3 15 D
11 4 5 4 L
11 5 25 5 L
11 6 5 6 L
11 7 0 16 D
11 8 14 24 U
11 9 2 15 D
11 10 23 28 U
11 11 1 29 U
11 12 3 12 R
11 13 5 13 R
11 14 16 2 L
11 15 10 6 L
11 16 17 3 L
11 17 10 7 R
11 19 3 5 L
11 20 0 6 L
11 21 2 3 L
11 22 4 11 R
11 23 19 10 R
11 24 13 10 R
11 25 17 25 U
11 26 8 4 L
11 27 4 27 U
11 28 1 5 L
11 29 1 29 U
12 0 22 0 L
12 1 0 22 U
12 2 2 19 D
12 3 17 24 U
12 4 5 4 L
12 5 6 19 D
12 6 2 6 L
12 7 20 19 D
12 8 2 28 U
12 9 6 28 U
12 10 11 10 R
12 11 10 20 D
12 12 22 16 D
12 13 16 21 D
12 14 0 1 L
12 15 6 15 D
12 16 13 16 D
12 17 10 17 D
12 18 4 18 D
12 19 22 19 D
12 20 8 11 R
12 21 16 21 D
12 22 0 0 L
12 23 22 23 U
12 24 5 24 U
12 25 1 5 L
12 26 4 26 U
12 27 14 10 R
12 28 15 28 U
12 29 4 29 U
13 0 14 19 D
13 1 5 1 L
13 2 24 14 D
13 3 16 16 D
13 4 0 21 D
13 5 3 18 D
13 6 5 6 L
13 7 4 15 D
13 8 9 14 D
13 9 12 1 L
13 10 6 29 U
13 11 11 11 R
13 12 0 6 L
13 13 14 27 U
13 14 0 28 U
13 15 9 13 R
13 16 20 12 R
13 17 7 17 D
13 18 8 10 R
13 19 2 19 D
13 20 5 13 R
13 21 4 7 R
13 22 19 22 U
13 23 1 23 U
13 24 16 24 U
13 25 17 25 U
13 26 3 9 R
13 27 0 2 L
13 28 5 28 U
13 29 3 29 U
14 0 9 22 U
14 1 13 21 D
14 2 16 16 D
14 3 18 28 U
14 4 13 4 L
14 5 12 18 D
14 6 6 11 R
14 7 0 15 D
14 8 0 23 U
14 9 3 1 L
14 10 18 24 U
14 11 18 15 D
14 12 19 0 L
14 13 10 16 D
14 14 8 12 R
14 15 1 8 R
14 16 2 8 R
14 17 9 25 U
14 18 19 2 L
14 19 11 4 L
14 20 24 9 R
14 21 4 11 R
14 22 3 22 U
14 23 17 12 R
14 24 22 13 R
14 25 12 25 U
14 26 1 26 U
14 27 3 12 R
14 28 16 9 R
14 29 4 29 U
15 0 3 16 D
15 1 14 29 U
15 2 1 24 U
15 3 16 3 L
15 4 6 4 L
15 5 5 29 U
15 6 5 22 U
15 7 4 18 D
15 8 19 8 R
15 9 6 26 U
15 10 2 10 R
15 11 16 26 U
15 12 13 23 U
15 13 2 13 R
15 14 16 4 L
15 15 12 15 D
15 16 4 16 D
15 19 24 10 R
15 20 23 20 D
15 21 13 21 D
15 22 5 15 D
15 23 1 7 R
15 24 9 8 R
15 25 4 12 R
15 26 7 19 D
15 27 7 27 U
15 28 16 10 R
15 29 3 29 U
16 0 4 24 U
16 1 10 15 D
16 2 14 17 D
16 3 5 15 D
16 4 12 16 D
16 5 17 20 D
16 6 13 28 U
16 7 23 22 U
16 8 1 30 U
16 9 21 18 D
16 10 20 27 U
16 11 8 25 U
16 12 5 12 R
16 13 19 27 U
16 14 0 23 U
16 15 9 9 R
16 16 15 10 R
16 17 14 2 L
16 18 8 11 R
16 19 22 19 D
16 20 9 3 L
16 21 6 21 D
16 22 4 22 U
16 23 1 15 D
16 24 9 24 U
16 25 4 25 U
16 26 5 26 U
16 27 1 27 U
16 28 15 28 U
16 29 21 9 R
16 30 19 30 U
17 0 1 14 D
17 1 25 19 D
17 2 4 14 D
17 3 20 22 U
17 4 0 10 R
17 5 15 21 D
17 6 15 16 D
17 7 4 14 D
17 9 3 24 U
17 10 0 17 D
17 11 11 22 U
17 12 24 5 L
17 13 6 13 R
17 14 2 13 R
17 15 23 15 D
17 16 8 16 D
17 17 9 17 D
17 19 25 6 L
17 20 14 20 D
17 21 20 6 L
17 22 1 5 L
17 23 4 8 R
17 24 6 14 D
17 25 19 7 R
17 26 0 11 R
17 27 15 0 L
17 28 9 13 R
17 29 4 29 U
18 0 9 0 L
18 1 8 1 L
18 2 1 2 L
18 3 11 14 D
18 4 1 4 L
18 5 6 5 L
18 6 4 6 L
18 7 21 7 R
18 8 6 26 U
18 9 1 9 R
18 10 9 16 D
18 11 14 17 D
18 12 20 3 L
18 13 4 14 D
18 14 5 9 R
18 15 1 12 R
18 16 8 16 D
18 18 6 8 R
18 19 22 19 D
18 20 14 7 R
18 21 5 21 D
18 22 21 4 L
18 23 4 23 U
18 24 10 3 L
18 25 17 25 U
18 26 3 7 R
18 27 21 12 R
18 28 5 28 U
18 29 7 20 D
19 0 1 0 L
19 1 0 28 U
19 2 2 2 L
19 3 2 3 L
19 4 7 27 U
19 5 21 17 D
19 6 9 6 L
19 7 1 0 L
19 8 6 24 U
19 9 12 9 R
19 10 8 14 D
19 11 21 28 U
19 12 11 12 R
19 13 0 6 L
19 14 1 14 D
19 15 13 15 D
19 16 0 2 L
19 17 1 3 L
19 18 13 4 L
19 19 10 4 L
19 20 4 20 D
19 21 1 21 D
19 22 14 2 L
19 23 12 20 D
19 24 4 13 R
19 25 13 10 R
19 26 10 11 R
19 27 9 11 R
19 28 1 28 U
19 29 18 6 L
20 0 7 22 U
20 1 12 27 U
20 2 3 18 D
20 3 14 22 U
20 4 10 4 L
20 5 3 21 D
20 6 15 26 U
20 8 5 23 U
20 9 11 24 U
20 10 3 2 L
20 11 17 27 U
20 12 19 12 R
20 13 14 0 L
20 14 21 0 L
20 15 5 10 R
20 16 14 8 R
20 17 16 4 L
20 19 19 3 L
20 20 17 20 D
20 21 26 2 L
20 22 0 21 D
20 23 8 9 R
20 24 18 24 U
20 25 24 1 L
20 26 13 9 R
20 27 1 27 U
20 28 24 12 R
20 29 12 29 U
21 0 9 0 L
21 1 6 14 D
21 2 26 21 D
21 3 3 3 L
21 4 2 4 L
21 5 2 5 L
21 6 22 6 L
21 7 5 14 D
21 9 2 22 U
21 10 17 0 L
21 11 4 24 U
21 12 26 12 R
21 13 20 2 L
21 14 18 5 L
21 15 17 3 L
21 16 3 0 L
21 19 26 19 D
21 20 20 1 L
21 21 4 21 D
21 22 15 14 D
21 23 12 2 L
21 24 23 16 D
21 25 2 25 U
21 26 8 26 U
21 27 13 8 R
21 28 1 28 U
21 29 7 29 U
22 0 7 23 U
22 1 1 1 L
22 2 0 7 R
22 3 6 3 L
22 4 0 16 D
22 5 20 24 U
22 7 10 17 D
22 8 2 1 L
22 9 2 9 R
22 10 25 10 R
22 12 25 12 R
22 13 2 13 R
22 14 18 11 R
22 15 7 5 L
22 16 0 22 U
22 20 20 7 R
22 21 0 25 U
22 22 18 6 L
22 23 9 4 L
22 24 0 9 R
22 26 16 26 U
22 27 10 27 U
22 28 19 28 U
23 0 20 14 D
23 1 14 28 U
23 2 22 24 U
23 3 5 26 U
23 4 2 4 L
23 5 12 5 L
23 8 19 24 U
23 9 17 29 U
23 10 5 10 R
23 12 0 2 L
23 13 1 14 D
23 14 17 0 L
23 16 12 0 L
23 19 17 1 L
23 20 9 2 L
23 21 2 21 D
23 22 17 11 R
23 23 3 23 U
23 26 6 7 R
23 28 12 20 D
24 0 5 25 U
24 1 20 28 U
24 2 17 23 U
24 3 4 26 U
24 4 5 4 L
24 5 4 19 D
24 6 9 26 U
24 8 4 8 R
24 9 4 0 L
24 10 21 24 U
24 12 0 19 D
24 13 26 21 D
24 21 3 13 R
24 22 11 0 L
24 23 22 23 U
24 26 15 26 U
24 28 4 12 R
25 1 24 1 L
25 2 6 2 L
25 3 9 3 L
25 4 27 24 U
25 6 26 6 L
25 9 15 9 R
25 10 21 28 U
25 12 27 12 R
25 21 8 4 L
25 22 13 22 U
25 23 1 23 U
25 26 2 21 D
25 28 27 13 R
26 2 7 2 L
26 3 4 21 D
26 4 10 4 L
26 9 11 27 U
26 10 11 10 R
26 12 5 12 R
26 21 25 4 L
26 26 6 0 L
26 28 5 28 U
27 2 21 2 L
27 3 0 20 D
27 9 13 14 D
27 10 22 10 R
27 21 7 4 L
27 26 24 12 R
28 9 2 9 R
28 21 0 26 U

