27 18 402
0 0 0 17 0 21 0 0 0 0 18 0 0 0 0 0 14
13 0 0 0 0 0 0 17 0 0 24 0 4 0 0 0 0
5 0 0 0 0 0 0 0 0 4 13 8 15 0 0 19 0
16 0 0 0 0 0 0 0 0 0 7 0 0 0 0 0 0
9 0 0 1 0 0 0 0 0 16 13 11 0 20 0 0 0
24 0 0 0 0 1 1 0 0 0 14 5 19 0 1 7 0
19 0 0 0 3 0 0 0 8 2 25 7 0 0 0 9 0
21 0 0 20 0 22 0 0 0 23 0 10 0 18 0 0 0
21 0 0 25 6 0 0 10 7 0 10 13 4 0 14 23 0
0 0 0 0 0 0 0 0 0 0 7 0 0 22 20 24 0
14 0 0 26 9 1 0 23 18 15 3 0 0 16 4 0 0
17 24 0 15 19 0 0 0 0 0 0 0 0 23 0 11 0
25 9 0 0 22 0 0 0 0 0 0 0 0 0 10 0 15
0 0 19 6 19 0 0 0 0 0 17 0 0 12 0 7 18
0 20 0 6 18 0 0 0 0 0 0 0 0 19 0 0 0
0 0 0 0 0 0 12 0 0 12 19 0 0 14 0 0 1
1 0 0 0 8 0 1 0 0 1 1 0 19 0 8 0 0
0 0 0 0 L
0 1 0 1 L
0 2 0 2 L
0 3 0 3 L
0 4 0 4 R
0 5 0 5 R
0 6 0 6 R
0 7 0 7 R
0 8 0 8 D
0 9 0 9 D
0 10 0 10 D
0 11 0 11 D
0 12 0 12 D
0 13 0 13 U
0 14 0 14 U
0 15 0 15 U
0 16 0 16 U
0 17 0 17 U
1 0 0 13 U
1 1 5 1 L
1 2 3 7 R
1 3 0 15 U
1 4 0 0 L
1 5 0 1 L
1 6 6 13 U
1 7 6 7 R
1 8 0 0 L
1 9 0 3 L
1 10 20 3 L
1 11 6 11 D
1 12 3 12 D
1 13 2 1 L
1 14 12 4 R
1 15 2 15 U
1 16 5 3 L
1 17 12 7 R
2 0 5 0 L
2 1 9 8 D
2 2 0 14 U
2 3 3 15 U
2 4 19 13 U
2 5 16 9 D
2 6 0 8 D
2 7 16 9 D
2 8 1 4 R
2 9 3 9 D
2 10 0 4 R
2 11 3 4 R
2 12 1 12 D
2 13 22 5 R
2 14 0 3 L
2 15 0 2 L
2 16 5 16 U
2 17 4 17 U
3 0 7 14 U
3 1 0 6 R
3 2 2 2 L
3 3 5 13 U
3 4 0 16 U
3 5 21 5 R
3 6 16 10 D
3 7 14 7 R
3 8 8 4 R
3 9 13 13 U
3 10 1 2 L
3 11 12 11 D
3 12 2 12 D
3 13 4 3 L
3 14 1 14 U
3 15 1 15 U
3 16 2 16 U
3 17 4 2 L
4 0 14 6 R
4 1 2 10 D
4 2 5 10 D
4 3 13 10 D
4 4 16 9 D
4 5 9 14 U
4 6 12 6 R
4 7 18 11 D
4 8 6 13 U
4 9 5 6 R
4 10 3 10 D
4 11 5 1 L
4 12 19 12 D
4 13 2 0 L
4 14 0 8 D
4 15 0 7 R
4 16 2 16 U
5 0 12 11 D
5 1 20 1 L
5 2 8 2 L
5 3 4 3 L
5 4 8 4 R
5 5 14 5 R
5 6 1 6 R
5 7 8 7 R
5 8 23 8 D
5 9 6 9 D
5 10 2 7 R
5 11 8 2 L
5 12 1 12 D
5 13 7 13 U
5 14 17 6 R
5 15 3 15 U
5 16 3 16 U
6 0 0 10 D
6 1 1 11 D
6 2 7 13 U
6 3 11 3 L
6 4 21 12 D
6 5 0 17 U
6 6 2 9 D
6 7 4 14 U
6 8 11 8 D
6 9 3 9 D
6 10 7 16 U
6 11 2 11 D
6 12 19 4 R
6 13 11 4 R
6 14 1 2 L
6 15 5 4 R
6 16 8 5 R
6 17 1 17 U
7 0 11 8 D
7 1 8 17 U
7 2 19 2 L
7 3 16 17 U
7 4 10 16 U
7 5 0 14 U
7 6 9 15 U
7 7 2 14 U
7 8 2 0 L
7 9 3 1 L
7 10 21 10 D
7 11 2 11 D
7 12 9 7 R
7 13 20 5 R
7 14 19 14 U
7 15 3 15 U
7 16 18 16 U
7 17 9 17 U
8 0 20 8 D
8 1 10 10 D
8 2 17 2 L
8 3 5 3 L
8 4 5 17 U
8 5 9 15 U
8 6 14 6 R
8 7 5 7 R
8 8 18 4 R
8 9 0 15 U
8 10 12 15 U
8 11 16 6 R
8 13 4 10 D
8 14 18 2 L
8 15 3 15 U
8 16 13 16 U
8 17 15 17 U
9 0 12 15 U
9 1 16 14 U
9 2 16 15 U
9 3 3 3 L
9 4 0 3 L
9 5 1 1 L
9 6 6 6 R
9 7 11 10 D
9 8 0 13 U
9 9 3 6 R
9 10 7 0 L
9 11 7 3 L
9 12 18 0 L
9 13 8 0 L
9 14 14 3 L
9 15 20 4 R
9 16 3 16 U
9 17 15 17 U
10 0 1 11 D
10 1 3 8 D
10 2 19 6 R
10 3 9 3 L
10 4 9 13 U
10 5 4 5 R
10 6 18 9 D
10 7 1 11 D
10 8 0 2 L
10 9 13 0 L
10 10 11 0 L
10 11 21 11 D
10 13 5 1 L
10 14 18 5 R
10 15 0 5 R
10 16 19 2 L
10 17 2 17 U
11 0 0 9 D
11 1 17 12 D
11 2 12 16 U
11 3 2 3 L
11 4 18 13 U
11 5 8 14 U
11 6 5 15 U
11 7 2 3 L
11 8 1 0 L
11 9 4 0 L
11 10 14 10 D
11 11 13 11 D
11 13 6 6 R
11 14 2 2 L
11 15 4 15 U
11 16 2 2 L
11 17 15 1 L
12 0 17 12 D
12 1 5 13 U
12 2 9 16 U
12 3 5 3 L
12 4 21 10 D
12 5 5 5 R
12 6 7 6 R
12 7 1 7 R
12 8 5 4 R
12 9 15 1 L
12 10 15 6 R
12 12 17 12 D
12 13 0 4 R
12 14 1 14 U
12 15 1 15 U
12 16 10 5 R
12 17 10 17 U
13 0 19 13 U
13 1 10 6 R
13 2 16 16 U
13 3 7 17 U
13 4 14 17 U
13 5 0 15 U
13 6 7 0 L
13 7 7 17 U
13 8 11 0 L
13 9 7 9 D
13 10 19 7 R
13 12 11 3 L
13 13 4 1 L
13 14 1 5 R
13 15 12 7 R
13 16 7 16 U
13 17 22 6 R
14 0 15 0 L
14 1 17 1 L
14 2 5 14 U
14 3 10 7 R
14 4 19 8 D
14 5 2 13 U
14 6 10 6 R
14 7 13 16 U
14 8 13 15 U
14 9 6 0 L
14 10 24 10 D
14 11 20 4 R
14 12 2 7 R
14 13 1 0 L
14 14 22 8 D
14 15 19 15 U
14 16 18 16 U
15 0 9 16 U
15 1 7 5 R
15 2 1 2 L
15 3 11 11 D
15 4 13 14 U
15 5 1 10 D
15 6 11 16 U
15 7 2 16 U
15 8 7 7 R
15 9 12 5 R
15 11 19 11 D
15 13 1 3 L
15 14 14 4 R
15 15 0 1 L
15 16 25 5 R
15 17 22 1 L
16 0 8 14 U
16 1 26 13 U
16 2 2 16 U
16 3 6 15 U
16 4 12 9 D
16 5 4 13 U
16 6 20 8 D
16 7 22 9 D
16 8 9 5 R
16 9 8 7 R
16 12 18 5 R
16 13 19 2 L
16 14 21 4 R
16 15 22 1 L
16 16 5 0 L
16 17 20 1 L
17 0 0 11 D
17 1 0 7 R
17 2 11 12 D
17 3 5 3 L
17 4 7 16 U
17 5 1 5 R
17 6 1 13 U
17 7 6 7 R
17 8 14 5 R
17 9 5 7 R
17 13 18 6 R
17 15 1 5 R
17 16 0 5 R
18 0 10 9 D
18 1 0 8 D
18 2 16 14 U
18 3 0 16 U
18 4 14 15 U
18 5 0 13 U
18 6 10 6 R
18 7 6 7 R
18 8 10 8 D
18 9 23 9 D
18 10 21 1 L
18 11 13 0 L
18 13 19 0 L
18 14 0 1 L
18 15 2 1 L
18 16 21 1 L
18 17 3 7 R
19 0 4 4 R
19 1 0 4 R
19 2 6 13 U
19 3 0 5 R
19 4 18 0 L
19 5 2 10 D
19 6 23 6 R
19 7 10 10 D
19 8 21 6 R
19 9 13 4 R
19 10 12 5 R
19 11 1 0 L
19 13 23 3 L
19 14 14 14 U
19 15 9 3 L
19 16 10 2 L
20 0 19 10 D
20 1 18 10 D
20 2 5 2 L
20 3 3 13 U
20 4 7 4 R
20 5 6 8 D
20 6 5 6 R
20 7 15 8 D
20 8 7 3 L
20 9 14 7 R
20 10 0 5 R
20 13 0 0 L
20 14 21 0 L
20 15 7 15 U
20 16 18 4 R
21 0 20 10 D
21 1 12 1 L
21 2 5 16 U
21 3 8 8 D
21 4 0 9 D
21 5 9 13 U
21 6 9 8 D
21 7 3 10 D
21 8 14 6 R
21 9 0 6 R
21 13 7 13 U
21 14 7 14 U
21 15 4 15 U
21 16 13 16 U
22 0 6 9 D
22 1 18 14 U
22 3 6 11 D
22 4 20 4 R
22 5 24 8 D
22 6 5 6 R
22 7 1 9 D
22 9 11 9 D
22 10 13 10 D
22 13 8 8 D
22 14 1 3 L
22 16 16 2 L
23 1 8 1 L
23 3 4 3 L
23 4 16 8 D
23 6 0 3 L
23 9 2 9 D
23 13 3 13 U
23 15 11 5 R
23 16 13 16 U
23 17 11 17 U
24 1 6 13 U
24 4 0 2 L
24 6 15 6 R
24 13 8 4 R
24 14 2 1 L
24 15 16 1 L
24 16 22 16 U
25 1 15 9 D
25 13 8 13 U
25 16 5 16 U
26 1 24 13 U
26 16 22 16 U

