34 56 1569
17 19 20 16 16 17 27 22 23 0 0 26 18 31 2 28 22
23 17 21 24 28 0 18 0 21 23 0 0 1 18 0 0 9
23 19 10 26 25 0 31 0 22 0 22 17 0 3 14 15 1
20 15 0 24 0 3 0 26 0 0 21 32 17 19 9 10 5
5 0 0 0 19 3 7 0 7 18 1 32 23 23 0 29 30
29 0 0 0 27 0 28 30 0 28 5 0 24 27 17 14 18
0 0 0 0 13 33 27 18 7 1 0 0 0 2 20 9 4
0 0 0 0 0 0 23 31 0 0 26 0 15 18 24 1 0
0 0 0 0 28 10 4 8 6 22 5 0 0 15 19 24 22
27 30 21 31 27 0 23 6 11 0 25 0 0 29 0 1 32
0 0 20 19 0 0 0 29 0 0 1 0 0 0 0 0 0
0 0 0 5 24 0 26 0 21 1 11 0 0 0 0 0 0
28 0 18 17 10 0 0 0 28 22 2 0 0 0 19 9 23
30 11 22 22 0 0 0 0 0 0 0 0 0 0 0 11 0
0 0 3 33 0 0 0 0 10 7 0 31 28 0 0 11 24
6 31 24 0 25 32 6 30 0 29 30 3 28 0 0 1 11
23 7 3 29 3 13 8 3 25 3 14 1 32 24 12 5 23
0 0 0 0 U
0 1 0 1 U
0 2 0 2 U
0 3 0 3 U
0 4 0 4 U
0 5 0 5 U
0 6 0 6 U
0 7 0 7 U
0 8 0 8 U
0 9 0 9 U
0 10 0 10 U
0 11 0 11 U
0 12 0 12 U
0 13 0 13 U
0 14 0 14 R
0 15 0 15 R
0 16 0 16 R
0 17 0 17 R
0 18 0 18 R
0 19 0 19 R
0 20 0 20 R
0 21 0 21 R
0 22 0 22 R
0 23 0 23 R
0 24 0 24 R
0 25 0 25 R
0 26 0 26 R
0 27 0 27 D
0 28 0 28 D
0 29 0 29 D
0 30 0 30 D
0 31 0 31 D
0 32 0 32 D
0 33 0 33 D
0 34 0 34 D
0 35 0 35 D
0 36 0 36 D
0 37 0 37 D
0 38 0 38 D
0 39 0 39 D
0 40 0 40 D
0 41 0 41 D
0 42 0 42 L
0 43 0 43 L
0 44 0 44 L
0 45 0 45 L
0 46 0 46 L
0 47 0 47 L
0 48 0 48 L
0 49 0 49 L
0 50 0 50 L
0 51 0 51 L
0 52 0 52 L
0 53 0 53 L
0 54 0 54 L
0 55 0 55 L
1 0 19 55 L
1 1 16 44 L
1 2 4 23 R
1 3 15 17 R
1 4 0 47 L
1 5 25 42 L
1 6 7 6 U
1 7 12 7 U
1 8 13 47 L
1 9 3 22 R
1 10 16 21 R
1 11 3 47 L
1 12 3 12 U
1 13 2 13 U
1 14 0 44 L
1 15 11 27 D
1 16 3 46 L
1 17 5 3 U
1 18 22 4 U
1 19 5 19 R
1 20 5 20 R
1 21 2 21 R
1 22 6 22 R
1 23 5 23 R
1 24 16 24 R
1 25 21 25 R
1 26 6 26 R
1 27 0 20 R
1 28 0 2 U
1 29 3 42 L
1 30 5 49 L
1 31 26 48 L
1 32 8 54 L
1 33 7 33 D
1 34 2 34 D
1 35 9 49 L
1 36 0 7 U
1 37 20 49 L
1 38 7 53 L
1 39 12 19 R
1 40 0 6 U
1 41 15 41 D
1 42 8 28 D
1 43 9 28 D
1 44 0 2 U
1 45 12 5 U
1 46 6 1 U
1 47 26 47 L
1 48 3 48 L
1 49 13 39 D
1 50 15 8 U
1 51 22 38 D
1 52 16 52 L
1 53 10 35 D
1 54 4 54 L
2 0 0 17 R
2 1 9 1 U
2 2 25 2 U
2 3 25 20 R
2 4 17 15 R
2 5 6 26 R
2 6 5 48 L
2 7 19 7 U
2 8 8 53 L
2 9 0 23 R
2 10 4 10 U
2 11 12 11 U
2 12 26 12 U
2 13 21 13 U
2 14 8 3 U
2 15 13 38 D
2 16 19 28 D
2 17 14 17 R
2 18 12 29 D
2 19 5 47 L
2 20 6 20 R
2 21 0 13 U
2 22 6 22 R
2 23 21 23 R
2 24 0 36 D
2 25 18 9 U
2 26 10 29 D
2 27 0 17 R
2 28 5 15 R
2 29 23 16 R
2 30 1 14 R
2 31 10 15 R
2 32 3 5 U
2 33 28 33 D
2 34 4 34 D
2 35 11 24 R
2 36 4 36 D
2 37 5 37 D
2 38 4 38 D
2 39 0 9 U
2 40 7 40 D
2 41 7 13 U
2 42 15 1 U
2 43 4 2 U
2 44 16 1 U
2 45 15 34 D
2 46 1 6 U
2 47 18 47 L
2 48 0 4 U
2 49 8 32 D
2 50 23 39 D
2 51 23 29 D
2 52 13 36 D
2 53 21 2 U
2 54 4 27 D
2 55 5 55 L
3 0 9 28 D
3 1 7 14 R
3 2 9 14 R
3 3 17 3 U
3 4 2 4 U
3 5 15 16 R
3 6 11 21 R
3 7 33 7 U
3 8 5 23 R
3 9 19 24 R
3 10 13 10 U
3 11 8 26 R
3 12 1 24 R
3 13 15 13 U
3 14 17 12 U
3 15 0 45 L
3 16 21 39 D
3 17 20 35 D
3 18 8 18 R
3 19 9 32 D
3 20 5 35 D
3 21 10 21 R
3 22 15 22 R
3 23 1 23 R
3 24 1 35 D
3 25 11 25 R
3 26 13 26 R
3 27 18 14 R
3 28 2 15 R
3 29 15 45 L
3 30 0 46 L
3 31 7 44 L
3 32 2 32 D
3 33 2 18 R
3 34 8 24 R
3 35 26 42 L
3 36 7 36 D
3 37 9 37 D
3 38 11 38 D
3 39 1 20 R
3 40 24 10 U
3 41 5 41 D
3 42 2 27 D
3 43 9 30 D
3 44 10 12 U
3 45 8 40 D
3 46 0 13 U
3 47 11 11 U
3 48 11 48 L
3 49 1 40 D
3 50 11 38 D
3 51 5 51 L
3 52 1 52 L
3 53 21 53 L
3 54 6 54 L
4 0 14 26 R
4 1 19 30 D
4 2 15 32 D
4 3 11 19 R
4 4 0 29 D
4 5 26 5 U
4 6 2 6 U
4 7 12 7 U
4 8 2 8 U
4 9 15 9 U
4 10 8 52 L
4 11 14 25 R
4 12 2 12 U
4 13 10 45 L
4 14 0 42 L
4 15 13 1 U
4 16 7 3 U
4 17 12 6 U
4 18 9 34 D
4 19 0 3 U
4 20 22 39 D
4 21 0 41 D
4 22 22 33 D
4 23 5 0 U
4 24 22 32 D
4 25 6 36 D
4 26 7 40 D
4 27 16 42 L
4 28 3 13 U
4 29 8 29 D
4 30 7 19 R
4 31 3 31 D
4 32 13 50 L
4 33 9 17 R
4 34 0 9 U
4 35 0 21 R
4 36 0 45 L
4 37 2 37 D
4 38 2 38 D
4 39 2 25 R
4 40 1 40 D
4 41 1 41 D
4 42 21 27 D
4 43 11 4 U
4 44 22 11 U
4 45 7 39 D
4 46 0 27 D
4 47 18 12 U
4 48 12 2 U
4 49 29 4 U
4 50 17 29 D
4 51 3 36 D
4 52 5 31 D
4 53 15 11 U
4 54 1 30 D
4 55 2 27 D
5 0 9 15 R
5 1 17 16 R
5 2 6 19 R
5 3 3 3 U
5 4 24 18 R
5 5 19 5 U
5 6 18 20 R
5 7 19 23 R
5 8 0 51 L
5 9 6 9 U
5 10 11 55 L
5 11 1 23 R
5 12 10 12 U
5 13 9 46 L
5 14 12 36 D
5 15 4 38 D
5 16 18 16 R
5 17 26 1 U
5 18 10 51 L
5 19 13 19 R
5 20 17 20 R
5 21 0 50 L
5 22 18 38 D
5 23 13 23 R
5 24 6 28 D
5 25 10 2 U
5 26 14 39 D
5 27 11 17 R
5 28 0 15 R
5 29 14 29 D
5 30 20 23 R
5 31 11 52 L
5 32 14 47 L
5 33 15 42 L
5 34 16 34 D
5 35 9 48 L
5 36 16 52 L
5 37 0 48 L
5 38 14 19 R
5 39 6 26 R
5 40 15 40 D
5 41 2 15 R
5 42 16 5 U
5 43 14 43 L
5 44 6 4 U
5 45 12 37 D
5 46 16 46 L
5 47 9 3 U
5 48 1 48 L
5 49 4 49 L
5 50 18 50 L
5 51 6 51 L
5 52 14 52 L
5 53 6 53 L
5 54 1 54 L
5 55 22 55 L
6 0 12 18 R
6 1 21 47 L
6 2 0 52 L
6 3 9 23 R
6 4 4 20 R
6 5 3 45 L
6 6 17 6 U
6 7 18 20 R
6 8 23 50 L
6 9 0 50 L
6 10 3 44 L
6 11 22 52 L
6 12 10 12 U
6 13 11 13 U
6 14 1 29 D
6 15 20 30 D
6 16 0 4 U
6 17 1 37 D
6 18 17 11 U
6 19 3 19 R
6 20 27 20 R
6 21 24 21 R
6 22 1 7 U
6 23 9 36 D
6 24 10 40 D
6 25 1 25 R
6 26 5 39 D
6 27 4 44 L
6 28 3 28 D
6 29 11 42 L
6 30 3 14 R
6 31 15 47 L
6 32 20 19 R
6 33 4 49 L
6 34 0 49 L
6 35 7 35 D
6 36 5 36 D
6 37 24 43 L
6 38 7 5 U
6 39 28 39 D
6 40 14 47 L
6 41 11 41 D
6 42 23 30 D
6 43 20 29 D
6 44 24 27 D
6 45 21 4 U
6 46 22 28 D
6 47 8 20 R
6 48 4 7 U
6 49 1 49 L
6 50 9 37 D
6 51 5 51 L
6 52 1 52 L
6 53 18 39 D
6 54 5 54 L
6 55 1 33 D
7 0 9 44 L
7 1 12 47 L
7 2 11 46 L
7 3 9 33 D
7 4 6 18 R
7 5 12 20 R
7 6 25 47 L
7 7 0 48 L
7 8 11 8 U
7 9 10 9 U
7 10 14 24 R
7 11 21 11 U
7 12 3 42 L
7 13 15 13 U
7 14 8 2 U
7 15 8 2 U
7 16 1 5 U
7 17 0 43 L
7 18 12 31 D
7 19 5 29 D
7 20 19 33 D
7 21 4 8 U
7 22 22 8 U
7 23 16 10 U
7 24 0 52 L
7 25 0 51 L
7 26 11 10 U
7 27 9 42 L
7 28 10 43 L
7 29 9 1 U
7 30 9 30 D
7 31 9 31 D
7 32 4 45 L
7 33 1 33 D
7 34 4 34 D
7 35 20 10 U
7 36 6 4 U
7 37 3 37 D
7 38 13 38 D
7 39 12 39 D
7 40 3 40 D
7 41 1 41 D
7 42 1 4 U
7 43 20 12 U
7 44 10 8 U
7 45 25 30 D
7 46 5 5 U
7 47 12 0 U
7 48 11 48 L
7 49 3 49 L
7 50 15 22 R
7 51 18 9 U
7 52 10 27 D
7 53 6 53 L
7 54 26 3 U
8 0 9 23 R
8 1 17 45 L
8 2 12 29 D
8 3 19 3 U
8 4 6 4 U
8 5 1 18 R
8 6 1 48 L
8 7 10 21 R
8 8 1 25 R
8 9 26 9 U
8 10 0 25 R
8 11 7 49 L
8 12 26 12 U
8 13 26 13 U
8 14 14 43 L
8 15 12 43 L
8 16 3 1 U
8 17 19 38 D
8 18 16 18 R
8 19 12 33 D
8 20 1 2 U
8 21 5 21 R
8 22 20 36 D
8 23 4 8 U
8 24 1 24 R
8 25 19 25 R
8 26 24 33 D
8 27 0 14 R
8 28 24 42 L
8 29 0 16 R
8 30 10 7 U
8 31 5 17 R
8 32 1 16 R
8 33 0 6 U
8 34 10 34 D
8 35 20 44 L
8 36 2 45 L
8 37 0 23 R
8 38 2 38 D
8 39 4 39 D
8 40 4 40 D
8 41 1 41 D
8 42 14 29 D
8 43 0 1 U
8 44 29 44 L
8 45 2 2 U
8 46 24 41 D
8 47 10 6 U
8 48 11 37 D
8 49 17 7 U
8 50 21 50 L
8 51 6 51 L
8 52 4 8 U
8 53 4 36 D
8 54 9 5 U
8 55 4 32 D
9 0 17 54 L
9 1 0 43 L
9 2 8 2 U
9 3 10 47 L
9 4 19 54 L
9 5 7 5 U
9 6 16 45 L
9 7 25 47 L
9 8 1 50 L
9 9 8 9 U
9 10 25 53 L
9 11 7 11 U
9 12 4 12 U
9 13 29 45 L
9 14 20 9 U
9 15 7 0 U
9 16 0 29 D
9 17 29 49 L
9 18 4 18 R
9 19 19 1 U
9 20 28 29 D
9 21 24 4 U
9 22 6 27 D
9 23 21 29 D
9 24 1 24 R
9 25 0 38 D
9 26 23 6 U
9 27 21 0 U
9 28 10 17 R
9 29 6 25 R
9 30 4 30 D
9 31 7 42 L
9 32 10 1 U
9 33 4 33 D
9 34 24 47 L
9 35 4 35 D
9 36 8 22 R
9 37 1 44 L
9 38 8 16 R
9 39 15 39 D
9 40 4 40 D
9 41 12 49 L
9 42 4 27 D
9 43 3 28 D
9 44 0 28 D
9 45 5 27 D
9 46 14 30 D
9 47 24 33 D
9 48 4 40 D
9 49 1 8 U
9 50 23 7 U
9 51 15 30 D
9 52 20 7 U
9 53 21 53 L
9 54 11 34 D
10 0 5 42 L
10 1 5 16 R
10 2 21 20 R
10 3 12 3 U
10 4 11 4 U
10 5 22 25 R
10 6 21 6 U
10 7 0 32 D
10 8 17 18 R
10 9 20 9 U
10 10 9 10 U
10 11 9 11 U
10 12 7 12 U
10 13 25 47 L
10 14 27 1 U
10 15 0 0 U
10 16 22 27 D
10 17 18 11 U
10 18 1 28 D
10 19 17 36 D
10 20 0 50 L
10 21 3 2 U
10 22 1 40 D
10 23 1 23 R
10 24 19 24 R
10 25 6 37 D
10 26 26 7 U
10 27 13 1 U
10 28 16 14 R
10 29 14 15 R
10 30 9 49 L
10 31 5 19 R
10 32 4 18 R
10 33 1 33 D
10 34 2 34 D
10 35 8 20 R
10 36 25 11 U
10 37 24 15 R
10 38 11 22 R
10 39 14 25 R
10 40 2 40 D
10 41 18 41 D
10 42 27 38 D
10 43 24 27 D
10 44 5 13 U
10 45 3 1 U
10 46 6 46 L
10 47 16 7 U
10 48 1 36 D
10 49 6 49 L
10 50 0 35 D
10 51 9 10 U
10 52 13 0 U
10 53 21 41 D
10 54 15 9 U
11 0 27 43 L
11 1 0 42 L
11 2 13 31 D
11 3 14 45 L
11 4 9 23 R
11 5 15 14 R
11 6 1 33 D
11 7 2 17 R
11 8 0 21 R
11 9 15 21 R
11 10 10 10 U
11 11 10 11 U
11 12 3 12 U
11 13 4 54 L
11 14 0 31 D
11 15 1 43 L
11 16 17 31 D
11 17 18 6 U
11 18 27 0 U
11 19 8 0 U
11 20 7 1 U
11 21 1 5 U
11 22 0 40 D
11 23 0 9 U
11 24 5 2 U
11 25 13 6 U
11 26 17 4 U
11 27 19 27 D
11 28 19 45 L
11 29 10 45 L
11 30 15 21 R
11 31 15 46 L
11 32 1 21 R
11 33 1 19 R
11 34 15 52 L
11 35 14 15 R
11 36 0 8 U
11 37 22 24 R
11 38 15 51 L
11 39 10 39 D
11 40 1 40 D
11 41 14 41 D
11 42 14 27 D
11 43 6 16 R
11 44 1 35 D
11 45 16 28 D
11 46 3 46 L
11 47 6 30 D
11 48 1 48 L
11 49 26 32 D
11 50 6 10 U
11 51 18 51 L
11 52 1 52 L
11 53 1 53 L
11 54 1 54 L
11 55 12 32 D
12 0 17 27 D
12 1 11 24 R
12 2 20 44 L
12 3 17 38 D
12 4 2 54 L
12 5 7 46 L
12 6 17 46 L
12 7 0 35 D
12 8 27 48 L
12 9 14 50 L
12 10 4 10 U
12 11 0 24 R
12 12 7 12 U
12 13 21 13 U
12 14 28 29 D
12 15 30 28 D
12 16 0 28 D
12 17 11 12 U
12 18 2 27 D
12 19 3 40 D
12 20 7 33 D
12 21 9 34 D
12 22 19 22 R
12 23 4 29 D
12 24 0 10 U
12 25 5 25 R
12 26 9 38 D
12 27 25 43 L
12 28 1 47 L
12 29 18 29 D
12 30 1 23 R
12 31 13 16 R
12 32 9 32 D
12 33 7 33 D
12 34 2 34 D
12 35 14 35 D
12 36 0 9 U
12 37 3 37 D
12 38 25 14 R
12 39 7 39 D
12 40 0 3 U
12 41 4 41 D
12 42 10 6 U
12 43 13 43 L
12 44 18 10 U
12 45 0 34 D
12 46 22 8 U
12 47 29 37 D
12 48 10 7 U
12 49 14 6 U
12 50 8 9 U
12 51 3 7 U
12 52 8 31 D
12 53 16 36 D
12 54 1 34 D
13 0 15 22 R
13 1 18 54 L
13 2 15 15 R
13 3 0 18 R
13 4 0 31 D
13 5 5 19 R
13 6 18 52 L
13 7 8 25 R
13 8 25 21 R
13 9 19 19 R
13 10 2 10 U
13 11 2 11 U
13 12 14 45 L
13 13 12 18 R
13 14 3 30 D
13 15 7 15 R
13 16 5 16 R
13 17 6 5 U
13 18 11 5 U
13 19 4 54 L
13 20 9 5 U
13 21 24 41 D
13 22 28 2 U
13 23 6 30 D
13 24 31 24 R
13 25 0 34 D
13 26 18 26 R
13 27 27 42 L
13 28 2 42 L
13 29 17 43 L
13 30 18 55 L
13 31 27 14 R
13 32 7 21 R
13 33 4 33 D
13 34 18 1 U
13 35 6 13 U
13 36 15 50 L
13 37 14 37 D
13 38 16 25 R
13 39 3 39 D
13 40 21 40 D
13 41 7 41 D
13 42 6 0 U
13 43 5 1 U
13 44 27 30 D
13 45 10 45 L
13 46 3 46 L
13 47 2 47 L
13 48 8 40 D
13 49 5 9 U
13 50 20 50 L
13 51 23 7 U
13 52 1 52 L
13 53 1 53 L
13 54 18 7 U
14 0 22 14 R
14 1 18 18 R
14 2 3 18 R
14 3 18 3 U
14 4 7 4 U
14 5 19 19 R
14 6 19 45 L
14 7 20 48 L
14 8 3 33 D
14 9 12 9 U
14 10 5 10 U
14 11 16 53 L
14 12 4 12 U
14 13 2 13 U
14 14 22 39 D
14 15 13 15 R
14 16 8 4 U
14 17 6 36 D
14 18 24 35 D
14 19 0 46 L
14 20 0 6 U
14 21 3 21 R
14 22 3 8 U
14 23 1 23 R
14 24 30 36 D
14 25 18 25 R
14 26 24 5 U
14 27 0 1 U
14 28 2 0 U
14 29 16 14 R
14 30 10 2 U
14 31 10 43 L
14 32 23 18 R
14 33 21 44 L
14 34 7 18 R
14 35 5 20 R
14 36 21 9 U
14 37 7 37 D
14 38 11 5 U
14 39 3 39 D
14 40 19 6 U
14 41 0 14 R
14 42 10 4 U
14 43 21 43 L
14 44 16 13 U
14 45 9 31 D
14 46 15 11 U
14 47 21 47 L
14 48 24 6 U
14 49 9 2 U
14 50 13 50 L
14 51 0 11 U
14 52 4 37 D
14 53 7 38 D
14 54 5 54 L
15 0 2 27 D
15 1 8 29 D
15 2 5 37 D
15 3 23 21 R
15 4 24 24 R
15 5 0 45 L
15 6 6 44 L
15 7 4 7 U
15 8 25 8 U
15 9 7 9 U
15 10 17 10 U
15 11 17 24 R
15 12 19 24 R
15 13 16 13 U
15 14 6 0 U
15 15 1 46 L
15 16 11 2 U
15 17 16 2 U
15 18 22 49 L
15 19 22 9 U
15 20 13 34 D
15 21 13 36 D
15 22 3 37 D
15 23 22 38 D
15 24 27 3 U
15 25 13 7 U
15 26 18 36 D
15 27 0 0 U
15 28 8 48 L
15 29 25 15 R
15 30 16 5 U
15 31 11 20 R
15 32 13 49 L
15 33 13 22 R
15 34 0 48 L
15 35 13 16 R
15 36 7 17 R
15 37 11 37 D
15 38 10 23 R
15 39 22 47 L
15 40 7 40 D
15 41 3 41 D
15 42 0 16 R
15 43 26 27 D
15 44 17 31 D
15 45 17 6 U
15 46 26 29 D
15 47 13 31 D
15 48 10 5 U
15 49 8 35 D
15 50 18 35 D
15 51 19 11 U
15 52 13 30 D
15 53 10 37 D
15 54 11 31 D
16 0 15 20 R
16 1 5 26 R
16 2 3 2 U
16 3 12 42 L
16 4 9 4 U
16 5 14 33 D
16 6 24 51 L
16 7 12 46 L
16 8 15 22 R
16 9 0 37 D
16 10 11 19 R
16 11 7 21 R
16 12 4 12 U
16 13 21 13 U
16 14 1 0 U
16 15 1 15 R
16 16 9 27 D
16 17 19 29 D
16 18 26 36 D
16 19 21 19 R
16 20 2 49 L
16 21 1 21 R
16 22 0 27 D
16 23 5 36 D
16 24 13 38 D
16 25 13 32 D
16 26 5 26 R
16 27 17 42 L
16 28 26 46 L
16 29 9 43 L
16 30 1 15 R
16 31 20 24 R
16 32 15 12 U
16 33 11 14 R
16 34 26 7 U
16 35 17 16 R
16 36 8 23 R
16 37 6 51 L
16 38 12 6 U
16 39 4 26 R
16 40 0 51 L
16 41 24 52 L
16 42 14 6 U
16 43 1 43 L
16 44 0 3 U
16 45 14 45 L
16 46 17 10 U
16 47 7 30 D
16 48 0 31 D
16 49 3 40 D
16 50 14 11 U
16 51 10 30 D
16 52 14 52 L
16 53 5 53 L
16 54 6 54 L
17 0 21 16 R
17 1 16 27 D
17 2 9 45 L
17 3 10 48 L
17 4 6 4 U
17 5 4 48 L
17 6 9 6 U
17 7 5 7 U
17 8 3 36 D
17 9 27 14 R
17 10 1 26 R
17 11 20 18 R
17 12 7 12 U
17 13 14 50 L
17 14 9 4 U
17 15 16 1 U
17 16 20 30 D
17 17 0 49 L
17 18 0 48 L
17 19 11 13 U
17 20 15 20 R
17 21 20 34 D
17 22 16 22 R
17 23 20 31 D
17 24 8 8 U
17 25 18 11 U
17 26 18 26 R
17 27 22 21 R
17 28 19 28 D
17 29 2 17 R
17 30 9 43 L
17 31 0 2 U
17 32 15 5 U
17 33 10 46 L
17 34 16 18 R
17 35 4 35 D
17 36 2 36 D
17 37 3 37 D
17 38 9 44 L
17 39 5 39 D
17 40 1 40 D
17 41 9 42 L
17 42 5 22 R
17 43 25 28 D
17 44 24 6 U
17 45 0 19 R
17 46 6 27 D
17 47 12 29 D
17 48 9 11 U
17 49 1 7 U
17 50 2 36 D
17 51 13 35 D
17 52 24 1 U
17 53 18 53 L
17 54 25 28 D
18 0 24 14 R
18 1 17 1 U
18 2 21 23 R
18 3 14 18 R
18 4 9 14 R
18 5 1 5 U
18 6 21 15 R
18 7 13 7 U
18 8 27 51 L
18 9 25 51 L
18 10 1 23 R
18 11 3 50 L
18 12 0 49 L
18 13 3 13 U
18 14 23 41 D
18 15 0 53 L
18 16 1 16 R
18 17 3 17 R
18 18 22 39 D
18 19 3 4 U
18 20 1 36 D
18 21 22 11 U
18 22 6 22 R
18 23 5 23 R
18 24 13 24 R
18 25 14 34 D
18 26 19 5 U
18 27 4 43 L
18 28 23 10 U
18 29 7 2 U
18 30 30 13 U
18 31 19 2 U
18 32 12 15 R
18 33 6 33 D
18 34 11 46 L
18 35 15 51 L
18 36 7 36 D
18 37 10 37 D
18 38 9 24 R
18 39 10 10 U
18 40 7 43 L
18 41 15 43 L
18 42 26 12 U
18 43 1 28 D
18 44 25 28 D
18 45 2 11 U
18 46 13 32 D
18 47 2 47 L
18 48 27 1 U
18 50 15 40 D
18 51 15 32 D
18 52 1 52 L
18 53 20 53 L
18 54 1 54 L
19 0 25 47 L
19 1 5 43 L
19 2 3 17 R
19 3 18 15 R
19 4 1 46 L
19 5 7 5 U
19 6 20 6 U
19 7 0 19 R
19 8 9 8 U
19 9 20 49 L
19 10 27 22 R
19 11 5 45 L
19 12 28 23 R
19 13 5 51 L
19 14 25 42 L
19 15 9 44 L
19 16 14 3 U
19 17 6 30 D
19 18 21 47 L
19 19 0 32 D
19 20 23 32 D
19 21 6 48 L
19 23 20 32 D
19 24 21 31 D
19 25 9 31 D
19 26 0 5 U
19 27 29 54 L
19 28 18 1 U
19 29 8 5 U
19 30 29 52 L
19 31 6 25 R
19 32 8 32 D
19 33 18 16 R
19 34 3 21 R
19 35 13 26 R
19 36 4 36 D
19 37 15 37 D
19 38 4 11 U
19 39 9 39 D
19 40 24 13 U
19 41 3 21 R
19 42 22 42 L
19 43 1 43 L
19 44 21 35 D
19 45 1 45 L
19 46 30 9 U
19 47 1 34 D
19 48 3 32 D
19 50 2 9 U
19 51 23 51 L
19 52 12 52 L
19 53 25 5 U
19 54 10 0 U
20 0 30 15 R
20 1 6 15 R
20 2 18 15 R
20 3 3 52 L
20 4 12 4 U
20 5 8 5 U
20 6 19 6 U
20 7 19 49 L
20 8 21 18 R
20 9 0 41 D
20 10 21 20 R
20 11 3 46 L
20 12 5 52 L
20 13 28 18 R
20 14 0 27 D
20 15 1 28 D
20 16 27 16 R
20 17 8 17 R
20 18 2 2 U
20 19 16 40 D
20 20 23 53 L
20 21 17 10 U
20 23 14 49 L
20 24 1 24 R
20 25 3 35 D
20 26 1 11 U
20 27 19 14 R
20 28 30 28 D
20 29 16 43 L
20 30 4 45 L
20 31 3 21 R
20 32 14 26 R
20 33 24 45 L
20 34 9 20 R
20 36 3 20 R
20 37 11 37 D
20 38 22 50 L
20 39 4 39 D
20 40 17 40 D
20 41 0 24 R
20 42 3 0 U
20 43 12 12 U
20 44 25 38 D
20 45 3 27 D
20 46 1 0 U
20 47 32 6 U
20 48 8 5 U
20 51 5 51 L
20 52 16 10 U
20 53 8 53 L
20 54 12 9 U
21 0 19 14 R
21 1 5 24 R
21 3 2 28 D
21 4 17 46 L
21 5 11 23 R
21 6 1 6 U
21 7 6 53 L
21 8 20 26 R
21 9 19 40 D
21 10 1 44 L
21 11 27 19 R
21 12 25 44 L
21 13 31 42 L
21 14 10 37 D
21 15 3 15 R
21 16 14 16 R
21 17 14 40 D
21 18 25 33 D
21 20 2 20 R
21 21 15 47 L
21 22 8 50 L
21 23 26 33 D
21 24 19 24 R
21 25 19 25 R
21 26 19 40 D
21 27 15 42 L
21 28 1 28 D
21 29 0 19 R
21 30 14 48 L
21 31 0 4 U
21 32 19 16 R
21 33 5 19 R
21 34 10 34 D
21 35 18 35 D
21 36 15 36 D
21 37 1 21 R
21 38 10 38 D
21 39 27 39 D
21 40 3 20 R
21 41 1 41 D
21 42 20 0 U
21 43 24 41 D
21 44 1 44 L
21 45 18 29 D
21 46 3 31 D
21 48 16 27 D
21 49 5 20 R
21 50 23 2 U
21 51 1 51 L
21 52 16 33 D
21 53 19 8 U
21 54 14 54 L
22 0 18 42 L
22 1 15 32 D
22 3 17 22 R
22 4 12 42 L
22 5 7 51 L
22 6 16 21 R
22 7 7 54 L
22 8 26 45 L
22 9 21 45 L
22 10 13 10 U
22 11 9 52 L
22 12 5 17 R
22 13 8 43 L
22 14 13 14 R
22 15 16 34 D
22 16 0 54 L
22 17 1 30 D
22 18 3 18 R
22 20 5 7 U
22 21 17 35 D
22 22 0 42 L
22 23 12 41 D
22 24 18 12 U
22 25 20 52 L
22 27 1 42 L
22 29 0 44 L
22 30 27 19 R
22 31 19 17 R
22 32 13 48 L
22 33 23 51 L
22 34 1 4 U
22 36 11 14 R
22 37 6 44 L
22 39 24 15 R
22 40 1 40 D
22 41 7 26 R
22 42 0 33 D
22 43 28 34 D
22 44 3 33 D
22 45 13 13 U
22 46 24 29 D
22 47 19 32 D
22 48 1 48 L
22 51 6 51 L
22 53 15 35 D
22 54 7 11 U
23 0 2 25 R
23 1 29 24 R
23 2 9 17 R
23 3 3 44 L
23 4 30 43 L
23 5 22 47 L
23 6 20 26 R
23 7 20 44 L
23 8 30 23 R
23 10 7 10 U
23 11 0 25 R
23 12 4 26 R
23 13 2 49 L
23 14 28 2 U
23 15 25 0 U
23 16 10 35 D
23 17 9 17 R
23 18 3 18 R
23 19 20 46 L
23 20 11 47 L
23 21 15 6 U
23 23 16 23 R
23 24 28 24 R
23 25 4 30 D
23 29 1 29 D
23 30 17 25 R
23 31 6 31 D
23 32 13 17 R
23 33 12 21 R
23 34 6 21 R
23 36 0 52 L
23 37 5 24 R
23 39 13 49 L
23 40 31 18 R
23 41 5 23 R
23 42 25 7 U
23 43 5 0 U
23 44 8 41 D
23 45 2 34 D
23 46 8 3 U
23 48 0 22 R
23 50 1 50 L
23 51 8 27 D
23 53 3 53 L
23 54 15 30 D
24 0 1 16 R
24 1 6 16 R
24 2 12 24 R
24 3 28 37 D
24 4 1 4 U
24 5 7 20 R
24 6 5 49 L
24 7 22 50 L
24 8 3 8 U
24 9 11 18 R
24 10 10 10 U
24 11 2 11 U
24 12 28 43 L
24 13 8 17 R
24 14 14 11 U
24 15 19 8 U
24 16 3 5 U
24 17 30 13 U
24 18 25 3 U
24 20 12 3 U
24 21 19 33 D
24 22 0 35 D
24 23 12 34 D
24 24 1 24 R
24 25 1 25 R
24 27 11 46 L
24 29 9 46 L
24 30 0 5 U
24 31 1 26 R
24 32 22 32 D
24 33 1 45 L
24 34 9 44 L
24 35 6 53 L
24 36 25 18 R
24 37 8 11 U
24 39 4 39 D
24 40 11 40 D
24 41 29 4 U
24 42 0 29 D
24 43 29 3 U
24 44 8 5 U
24 45 14 33 D
24 46 27 1 U
24 47 26 34 D
24 48 3 48 L
24 49 23 37 D
24 50 5 33 D
24 51 16 4 U
24 53 13 53 L
24 54 26 54 L
25 0 0 14 R
25 1 11 17 R
25 2 13 20 R
25 3 24 27 D
25 4 1 43 L
25 5 1 16 R
25 6 14 45 L
25 7 15 7 U
25 10 29 15 R
25 11 22 11 U
25 12 5 41 D
25 14 22 0 U
25 15 12 30 D
25 16 18 4 U
25 17 6 31 D
25 18 23 18 R
25 20 18 40 D
25 21 18 37 D
25 22 4 33 D
25 23 33 28 D
25 24 9 38 D
25 25 2 30 D
25 27 1 44 L
25 28 27 44 L
25 29 10 13 U
25 30 15 44 L
25 31 17 43 L
25 32 29 32 D
25 33 28 53 L
25 34 19 12 U
25 35 12 35 D
25 36 5 36 D
25 37 4 16 R
25 38 9 22 R
25 39 28 9 U
25 40 17 16 R
25 41 13 7 U
25 42 17 6 U
25 43 14 1 U
25 44 6 44 L
25 45 15 27 D
25 46 10 37 D
25 47 24 31 D
25 48 16 39 D
25 50 14 32 D
25 51 3 13 U
25 52 2 27 D
25 53 6 33 D
25 54 3 37 D
26 0 4 25 R
26 1 12 1 U
26 2 27 15 R
26 3 19 3 U
26 4 23 17 R
26 5 25 18 R
26 6 20 6 U
26 9 0 53 L
26 10 27 54 L
26 11 4 11 U
26 12 29 20 R
26 13 10 13 U
26 14 20 38 D
26 15 2 34 D
26 16 12 11 U
26 17 19 17 R
26 18 12 33 D
26 19 5 5 U
26 20 14 45 L
26 21 21 2 U
26 23 24 23 R
26 24 16 24 R
26 28 23 45 L
26 29 23 53 L
26 30 8 46 L
26 31 7 31 D
26 32 17 43 L
26 33 12 55 L
26 36 4 36 D
26 37 3 15 R
26 38 12 14 R
26 39 15 39 D
26 40 22 15 R
26 41 7 41 D
26 42 17 36 D
26 44 10 23 R
26 45 21 1 U
26 46 25 6 U
26 47 1 47 L
26 48 27 48 L
26 51 17 41 D
26 53 5 53 L
26 54 25 0 U
27 0 15 24 R
27 1 22 15 R
27 2 2 2 U
27 3 22 43 L
27 4 26 44 L
27 5 15 43 L
27 6 5 17 R
27 9 11 16 R
27 10 21 50 L
27 11 19 16 R
27 12 13 50 L
27 14 7 3 U
27 15 1 0 U
27 16 9 34 D
27 17 22 33 D
27 18 19 37 D
27 20 21 20 R
27 21 17 32 D
27 22 1 22 R
27 23 21 23 R
27 24 28 2 U
27 29 21 19 R
27 30 24 45 L
27 31 12 31 D
27 33 7 33 D
27 35 7 50 L
27 36 25 42 L
27 37 0 22 R
27 39 8 39 D
27 40 12 40 D
27 41 25 41 D
27 42 10 3 U
27 43 5 28 D
27 44 28 40 D
27 45 0 39 D
27 46 0 38 D
27 47 1 47 L
27 51 28 51 L
27 54 23 54 L
28 0 24 0 U
28 1 5 51 L
28 3 7 17 R
28 4 5 15 R
28 5 13 5 U
28 6 19 50 L
28 7 2 51 L
28 10 19 10 U
28 14 26 8 U
28 15 16 37 D
28 16 19 10 U
28 17 23 46 L
28 20 7 13 U
28 21 26 4 U
28 23 25 54 L
28 24 30 24 R
28 29 27 44 L
28 30 31 51 L
28 31 12 31 D
28 33 0 47 L
28 36 21 36 D
28 37 3 42 L
28 39 15 18 R
28 40 12 40 D
28 41 2 41 D
28 42 21 39 D
28 45 14 2 U
28 46 26 13 U
28 51 18 36 D
28 54 16 54 L
29 1 10 14 R
29 4 8 31 D
29 5 0 54 L
29 6 27 6 U
29 10 15 23 R
29 16 25 8 U
29 19 17 11 U
29 20 9 36 D
29 23 24 23 R
29 24 3 24 R
29 29 4 43 L
29 30 14 2 U
29 33 12 22 R
29 36 5 12 U
29 37 10 37 D
29 41 8 41 D
29 42 22 42 L
29 45 31 3 U
29 46 3 46 L
29 51 13 51 L
29 54 1 12 U
30 1 13 47 L
30 4 14 4 U
30 5 27 53 L
30 10 12 10 U
30 16 24 36 D
30 20 9 41 D
30 23 0 54 L
30 24 8 24 R
30 29 24 51 L
30 30 24 46 L
30 33 20 33 D
30 37 7 37 D
30 40 29 17 R
30 41 24 46 L
30 42 3 27 D
30 45 20 45 L
30 51 25 6 U
30 54 20 32 D
31 5 3 53 L
31 16 23 16 R
31 20 29 2 U
31 24 30 9 U
31 30 13 14 R
31 33 19 33 D
31 37 20 14 R
31 41 32 16 R
31 42 9 31 D
31 45 22 45 L
32 5 15 54 L
32 16 19 12 U
32 20 30 30 D
32 30 30 30 D
32 37 0 10 U
32 41 20 5 U
32 45 15 9 U
33 5 7 5 U
33 16 7 30 D
33 37 23 10 U
33 41 4 41 D

