8 6 39
0 0 2 0 5 1 0 5 0 0 0 0 4 1 0 0
0 0 2 0 0 0 1 0 0 0 0 0 0 0 0 0
2 0 1 0 0 1 0 0 0 0 0 0 0 0 0 0
0 0 0 0 0 0 0 0 0 0 0 0 0 0 0 0
0 2 6 0 0 0 0 0 0 0 0 5 0 0 0 6
0 0 0 0 0 0 0 0 0 0 0 0 0 0 0 0
0 0 0 0 0 0 0 0 0 0 0 0 0 0 0 0
6 0 0 0 0 2 0 6 0 0 0 0 2 0 0 0
0 0 3 0 0 0 4 0 0 1 0 0 4 0 0 0
0 0 0 0 2 0 0 0 0 0 0 0 0 0 0 7
1 0 0 0 0 0 0 0 0 3 0 0 0 0 0 0
0 0 0 0 0 0 0 0 0 0 0 0 0 0 0 0
0 0 0 0 7 0 0 0 0 0 0 5 0 0 0 2
2 0 0 0 0 3 0 4 0 0 1 0 0 3 0 0
0 1 0 0 7 0 3 0 0 0 0 0 0 0 0 1
1 0 0 0 4 0 1 5 0 0 0 0 2 0 0 0
0 0 0 0 D
0 1 0 1 R
0 2 0 2 U
0 3 0 3 U
0 4 0 4 L
0 5 0 5 L
1 0 0 1 R
1 1 0 4 L
1 2 0 0 D
1 3 0 4 L
1 4 0 2 U
1 5 0 1 R
2 0 0 4 L
2 1 0 0 D
2 2 0 1 R
2 3 3 1 R
2 4 0 0 D
2 5 6 5 L
3 0 1 1 R
3 1 0 3 U
3 2 1 1 R
3 3 4 3 U
3 4 1 4 L
4 0 2 0 D
4 1 2 0 D
4 2 1 2 U
4 3 2 3 U
4 4 5 3 U
5 0 0 5 L
5 1 0 2 U
5 2 2 0 D
5 4 2 4 L
6 0 1 0 D
6 1 2 3 U
6 2 5 2 U
6 4 4 4 L
7 0 3 0 D
7 1 3 1 R
7 4 3 2 U

