13 5 60
0 0 0 6 11 0 0 0 0 0 0 0 3 3 3
9 0 0 0 0 0 0 0 0 0 0 0 7 3 5
0 0 0 0 0 0 0 0 0 8 0 0 0 0 0
0 9 0 11 0 8 0 0 0 0 0 0 0 0 4
6 0 0 0 0 0 4 8 0 0 0 0 0 9 0
0 0 0 2 0 0 0 0 0 1 0 0 0 5 0
0 0 0 11 1 6 0 0 0 12 0 0 10 0 0
8 0 7 0 3 11 0 0 0 0 0 8 0 0 0
0 0 0 10 2 0 0 10 0 0 0 9 0 0 0
0 0 0 0 0 0 11 0 0 0 0 8 0 10 0
0 0 0 6 0 0 12 0 0 0 0 0 0 0 9
0 12 0 0 0 0 0 0 0 0 0 2 1 2 0
0 0 0 1 0 1 12 0 0 0 0 4 7 0 0
0 0 1 0 0 0 0 5 0 0 0 2 0 0 3
1 0 0 0 7 0 0 0 0 0 0 0 0 0 0
0 0 0 0 R
0 1 0 1 U
0 2 0 2 U
0 3 0 3 D
0 4 0 4 L
1 0 0 1 U
1 1 8 0 R
1 2 5 2 U
1 3 0 0 R
1 4 0 1 U
2 0 7 4 L
2 1 0 0 R
2 2 1 0 R
2 3 0 4 L
2 4 0 2 U
3 0 1 0 R
3 1 8 4 L
3 2 0 4 L
3 3 7 2 U
3 4 0 0 R
4 0 2 0 R
4 1 5 4 L
4 2 1 2 U
4 3 3 3 D
4 4 3 4 L
5 0 0 3 D
5 1 6 1 U
5 2 6 0 R
5 3 3 4 L
5 4 6 4 L
6 0 2 2 U
6 1 7 1 U
6 2 1 2 U
6 3 0 1 U
6 4 0 3 D
7 0 0 2 U
7 1 4 0 R
7 2 3 2 U
7 3 1 3 D
7 4 3 4 L
8 0 4 3 D
8 1 0 3 D
8 3 1 3 D
8 4 4 4 L
9 0 0 4 L
9 1 3 0 R
9 3 4 1 U
9 4 2 0 R
10 0 1 0 R
10 1 7 4 L
10 3 6 3 D
10 4 9 0 R
11 0 8 3 D
11 1 5 0 R
11 3 4 3 D
11 4 5 3 D
12 0 4 1 U
12 1 1 1 U
12 3 10 4 L
12 4 1 0 R

