19 17 259
14 8 18 6 0 0 0 0 0 15
0 0 13 16 0 0 0 0 0 17
0 0 11 0 0 0 0 2 16 1
0 0 16 14 0 0 6 0 0 12
0 2 14 13 0 0 7 8 0 1
0 0 8 0 0 13 0 0 0 8
0 0 14 0 0 0 15 0 2 1
0 0 4 0 0 3 10 7 7 0
16 8 0 0 0 0 0 0 9 16
10 0 0 0 0 0 0 0 0 16
0 0 0 0 L
0 1 0 1 L
0 2 0 2 L
0 3 0 3 L
0 4 0 4 R
0 5 0 5 R
0 6 0 6 R
0 7 0 7 R
0 8 0 8 D
0 9 0 9 D
0 10 0 10 D
0 11 0 11 D
0 12 0 12 U
0 13 0 13 U
0 14 0 14 U
0 15 0 15 U
0 16 0 16 U
1 0 9 8 D
1 1 8 12 U
1 2 3 2 L
1 3 11 12 U
1 4 0 8 D
1 5 10 9 D
1 6 0 9 D
1 7 11 11 D
1 8 7 4 R
1 9 11 9 D
1 10 2 10 D
1 11 8 11 D
1 12 7 0 L
1 13 8 13 U
1 14 4 14 U
1 15 5 15 U
1 16 6 2 L
2 0 11 12 U
2 1 0 10 D
2 2 13 15 U
2 3 3 8 D
2 4 8 4 R
2 5 7 5 R
2 6 7 6 R
2 7 9 12 U
2 8 1 8 D
2 9 13 9 D
2 10 14 10 D
2 11 10 11 D
2 12 0 4 R
2 13 5 5 R
2 14 12 3 L
2 15 1 15 U
2 16 4 16 U
3 0 11 0 L
3 1 2 1 L
3 2 2 14 U
3 3 6 10 D
3 4 9 13 U
3 5 16 5 R
3 6 10 12 U
3 7 6 7 R
3 8 0 0 L
3 9 2 1 L
3 10 9 6 R
3 12 0 1 L
3 13 10 1 L
3 14 5 7 R
3 15 14 0 L
3 16 14 11 D
4 0 0 12 U
4 1 12 13 U
4 2 3 7 R
4 3 1 3 L
4 4 5 4 R
4 5 10 13 U
4 6 3 11 D
4 7 3 7 R
4 8 15 8 D
4 9 2 9 D
4 10 11 7 R
4 12 11 8 D
4 13 12 8 D
4 14 1 14 U
4 15 6 7 R
4 16 1 16 U
5 0 6 0 L
5 1 12 12 U
5 2 7 10 D
5 3 3 3 L
5 4 9 0 L
5 5 13 3 L
5 6 11 15 U
5 7 0 1 L
5 8 4 5 R
5 9 4 4 R
5 10 0 6 R
5 11 7 3 L
5 12 4 7 R
5 13 8 0 L
5 14 4 1 L
5 15 8 3 L
6 0 9 6 R
6 1 0 9 D
6 2 4 2 L
6 3 1 7 R
6 4 7 9 D
6 5 1 8 D
6 6 5 6 R
6 7 16 8 D
6 8 15 5 R
6 9 10 9 D
6 10 11 2 L
6 12 9 12 U
6 13 12 4 R
6 14 0 10 D
6 15 3 2 L
6 16 5 7 R
7 0 5 12 U
7 1 0 5 R
7 2 5 14 U
7 3 2 3 L
7 4 10 15 U
7 5 4 11 D
7 6 14 14 U
7 7 6 14 U
7 8 2 0 L
7 9 2 2 L
7 10 1 10 D
7 11 5 5 R
7 12 13 0 L
7 13 0 6 R
7 14 0 7 R
7 15 3 3 L
7 16 5 4 R
8 0 11 0 L
8 1 2 1 L
8 2 6 7 R
8 3 12 3 L
8 4 3 12 U
8 5 3 10 D
8 6 2 6 R
8 7 16 7 R
8 8 1 6 R
8 9 0 5 R
8 11 3 3 L
8 12 10 9 D
8 13 1 2 L
8 14 1 14 U
8 15 9 15 U
9 0 2 0 L
9 1 1 16 U
9 2 4 2 L
9 3 10 4 R
9 4 11 1 L
9 5 0 0 L
9 6 11 16 U
9 7 5 2 L
9 8 6 1 L
9 9 10 7 R
9 10 7 3 L
9 12 13 6 R
9 13 11 2 L
9 14 2 14 U
9 15 1 15 U
10 0 0 4 R
10 1 7 12 U
10 2 7 7 R
10 3 0 7 R
10 4 8 14 U
10 5 0 13 U
10 6 7 13 U
10 7 6 9 D
10 8 11 0 L
10 9 17 7 R
10 10 8 1 L
10 11 2 11 D
10 12 12 1 L
10 13 1 13 U
10 14 8 0 L
10 15 0 2 L
11 0 6 12 U
11 1 0 13 U
11 2 10 9 D
11 3 3 14 U
11 4 5 1 L
11 5 6 5 R
11 6 13 6 R
11 7 3 16 U
11 8 15 4 R
11 9 5 5 R
11 12 0 8 D
11 13 4 8 D
11 14 13 1 L
11 15 8 15 U
12 0 15 4 R
12 1 3 1 L
12 2 0 14 U
12 3 4 13 U
12 4 10 12 U
12 5 1 15 U
12 6 3 6 R
12 7 0 10 D
12 8 1 12 U
12 9 5 4 R
12 10 2 5 R
12 12 1 6 R
12 13 2 10 D
12 14 4 5 R
12 15 7 2 L
12 16 5 1 L
13 0 2 8 D
13 1 1 5 R
13 2 7 16 U
13 3 1 4 R
13 4 7 8 D
13 5 6 10 D
13 6 7 14 U
13 7 0 3 L
13 8 4 3 L
13 9 8 0 L
13 11 14 2 L
13 12 10 2 L
13 13 1 13 U
13 14 10 14 U
14 0 12 5 R
14 1 1 13 U
14 2 11 13 U
14 3 8 7 R
14 4 10 10 D
14 5 10 14 U
14 7 7 9 D
14 8 9 0 L
14 9 3 0 L
14 12 4 8 D
14 13 6 9 D
14 14 10 3 L
15 0 12 9 D
15 1 1 9 D
15 2 6 8 D
15 3 3 3 L
15 4 9 1 L
15 5 13 15 U
15 7 5 1 L
15 8 14 7 R
15 9 11 5 R
15 12 3 5 R
15 13 6 7 R
16 0 1 0 L
16 1 6 7 R
16 3 17 9 D
16 4 14 10 D
16 5 15 15 U
16 7 15 1 L
16 9 10 2 L
16 11 2 1 L
16 12 2 0 L
16 13 10 13 U
17 0 9 0 L
17 1 15 12 U
17 12 11 6 R
18 1 15 8 D

