8 4 30
0 0 0 0 0 0 4 0 5 0 0 6
0 0 0 0 0 0 0 0 0 0 0 0
0 0 0 0 0 3 0 0 0 0 0 5
3 3 0 0 0 0 0 0 0 0 0 0
0 0 0 0 0 0 0 0 0 0 0 0
2 0 0 0 0 2 0 0 5 0 0 0
0 2 0 0 0 6 1 0 0 0 0 0
0 0 0 0 0 0 0 0 0 0 0 0
0 0 0 0 0 0 1 0 0 0 0 0
0 0 0 0 3 0 0 0 6 0 0 0
0 0 0 0 0 7 0 0 0 0 0 7
0 0 0 0 3 1 0 0 0 0 0 3
0 0 0 0 L
0 1 0 1 R
0 2 0 2 D
0 3 0 3 U
1 0 0 3 U
1 1 2 2 D
1 2 0 3 U
1 3 0 1 R
2 0 2 3 U
2 1 1 1 R
2 2 0 1 R
2 3 0 0 L
3 0 1 2 D
3 1 0 0 L
3 2 1 1 R
3 3 0 2 D
4 0 0 1 R
4 1 0 2 D
4 2 4 2 D
4 3 2 0 L
5 0 2 2 D
5 1 0 3 U
5 2 0 0 L
5 3 5 1 R
6 0 3 3 U
6 1 4 0 L
6 2 5 0 L
6 3 4 3 U
7 1 3 0 L
7 3 6 1 R

