9 4 34
0 0 0 0 0 0 0 0 0 7
0 2 0 0 0 0 0 0 2 0
6 0 0 0 1 2 4 0 2 0
0 0 0 0 0 0 0 0 0 0
0 4 0 1 8 0 0 0 6 0
0 6 0 0 0 0 0 0 0 0
0 8 0 0 4 0 0 0 0 7
0 4 0 8 3 0 4 0 0 3
0 0 0 5 0 0 0 0 0 5
7 0 0 0 0 3 0 4 6 4
0 0 0 0 D
0 1 0 1 R
0 2 0 2 U
0 3 0 3 L
1 0 0 3 L
1 1 2 0 D
1 2 0 1 R
1 3 3 3 L
2 0 1 0 D
2 1 0 0 D
2 2 0 3 L
2 3 0 0 D
3 0 0 2 U
3 1 2 1 R
3 2 1 2 U
3 3 5 3 L
4 0 0 1 R
4 1 0 2 U
4 2 1 1 R
4 3 3 2 U
5 0 1 2 U
5 1 4 3 L
5 2 4 3 L
5 3 4 2 U
6 0 3 0 D
6 1 5 1 R
6 2 0 0 D
6 3 0 1 R
7 1 1 2 U
7 2 6 0 D
7 3 6 1 R
8 1 3 0 D
8 2 2 2 U
8 3 0 2 U

