13 13 146
0 0 0 2 2 0 0 7 9 0 1 0 8 1 5
2 0 11 0 3 3 1 8 0 0 0 0 0 0 0
0 4 11 0 7 4 10 12 0 0 6 0 6 0 7
0 0 11 4 4 0 7 0 0 0 0 0 0 0 5
1 6 11 0 12 11 0 0 8 0 0 10 5 2 9
3 2 10 0 12 11 0 0 0 4 7 0 0 5 0
0 0 0 2 5 0 5 6 0 4 0 0 2 0 0
0 9 0 7 10 0 0 0 0 7 0 0 10 6 0
5 10 0 0 8 0 0 0 0 4 0 4 0 0 9
0 0 4 7 0 0 0 0 0 0 2 0 0 0 7
5 7 0 0 0 0 0 0 0 0 0 11 0 0 1
2 0 6 0 2 0 0 3 0 0 0 0 0 2 0
4 5 10 8 0 0 0 10 0 0 8 0 9 3 8
2 0 0 1 0 1 0 0 4 0 9 0 0 0 0
0 1 10 3 0 9 11 12 0 0 0 5 0 0 0
0 0 0 0 R
0 1 0 1 R
0 2 0 2 R
0 3 0 3 U
0 4 0 4 U
0 5 0 5 U
0 6 0 6 U
0 7 0 7 D
0 8 0 8 D
0 9 0 9 D
0 10 0 10 L
0 11 0 11 L
0 12 0 12 L
1 0 0 10 L
1 1 0 3 U
1 2 0 8 D
1 3 0 0 R
1 4 0 2 R
1 5 1 8 D
1 6 0 0 R
1 7 0 1 R
1 8 0 11 L
1 9 1 0 R
1 10 0 3 U
1 11 0 7 D
1 12 0 4 U
2 0 0 12 L
2 1 0 4 U
2 2 2 3 U
2 3 0 7 D
2 4 0 11 L
2 5 2 5 U
2 6 3 6 U
2 7 0 0 R
2 8 0 10 L
2 9 0 1 R
2 10 0 1 R
2 11 1 8 D
2 12 0 9 D
3 0 1 4 U
3 1 0 6 U
3 2 2 2 R
3 3 3 0 R
3 4 1 4 U
3 5 1 5 U
3 6 2 6 U
3 7 1 2 R
3 8 1 8 D
3 9 3 9 D
3 10 0 5 U
3 11 2 11 L
3 12 1 12 L
4 0 1 10 L
4 1 1 1 R
4 2 0 5 U
4 3 4 3 U
4 4 3 4 U
4 5 0 1 R
4 6 2 1 R
4 7 2 7 D
4 8 0 4 U
4 9 1 9 D
4 10 1 5 U
4 11 1 11 L
4 12 0 6 U
5 0 0 11 L
5 1 0 8 D
5 2 0 9 D
5 3 1 3 U
5 4 9 0 R
5 5 5 1 R
5 6 4 6 U
5 7 3 7 D
5 8 0 3 U
5 9 0 12 L
5 10 0 8 D
5 11 4 6 U
5 12 4 12 L
6 0 2 8 D
6 1 6 1 R
6 2 4 10 L
6 3 1 1 R
6 4 7 11 L
6 5 6 5 U
6 7 3 1 R
6 8 5 8 D
6 9 6 9 D
6 10 4 10 L
6 11 4 11 L
6 12 2 12 L
7 0 3 8 D
7 1 3 1 R
7 2 9 2 R
7 3 5 3 U
7 4 10 4 U
7 5 5 10 L
7 7 4 7 D
7 8 3 2 R
7 9 2 9 D
7 10 0 0 R
7 11 6 11 L
7 12 3 9 D
8 0 8 0 R
8 1 5 1 R
8 2 7 2 R
8 3 6 3 U
8 5 9 5 U
8 7 4 4 U
8 8 6 1 R
8 9 4 11 L
8 10 0 2 R
8 11 1 7 D
8 12 8 3 U
9 0 7 3 U
9 1 0 9 D
9 3 0 8 D
9 5 11 5 U
9 7 2 11 L
9 8 2 8 D
9 9 7 9 D
9 10 7 10 L
9 11 6 7 D
9 12 8 12 L
10 0 9 7 D
10 1 8 1 R
10 3 1 11 L
10 5 8 5 U
10 7 0 2 R
10 8 8 0 R
10 9 7 10 L
10 10 4 9 D
10 11 7 11 L
10 12 0 5 U
11 0 3 0 R
11 1 4 1 R
11 3 0 9 D
11 7 10 0 R
11 8 6 8 D
11 9 9 9 D
11 11 12 3 U
11 12 3 12 L
12 0 5 0 R
12 1 7 1 R
12 9 5 9 D
12 11 9 11 L
12 12 5 12 L

