13 12 146
3 5 0 0 0 0 5 0 6 0 1 11 7 0 0 0 0 0 0
0 0 0 0 0 0 0 0 3 0 8 6 0 0 0 0 0 0 3
7 4 0 0 0 0 0 0 0 0 0 0 0 0 0 0 0 0 0
0 0 0 0 0 0 0 0 4 12 0 10 0 0 0 0 0 0 0
0 0 0 0 0 0 0 0 3 0 3 3 0 0 0 0 0 2 3
0 0 0 0 0 0 0 0 0 0 0 7 0 2 0 0 0 0 0
0 0 1 0 0 0 0 0 0 0 0 8 0 0 0 0 0 2 0
3 0 0 0 0 0 0 9 0 12 0 8 12 0 0 0 6 0 0
0 0 0 1 0 0 0 0 6 0 0 12 0 7 8 0 0 0 6
3 0 0 0 0 0 0 0 0 0 0 0 0 0 0 0 0 0 0
0 0 0 0 0 0 0 2 0 2 0 9 0 2 9 2 0 2 0
0 0 0 0 0 0 0 0 10 0 11 0 11 0 0 0 0 0 0
0 0 0 0 0 0 0 0 0 0 0 0 0 0 0 2 0 0 0
0 4 8 9 0 0 0 10 11 0 10 0 0 0 0 0 0 0 0
0 3 0 0 0 0 0 0 3 0 0 12 11 0 11 6 0 0 0
0 0 0 0 0 0 0 0 0 6 0 0 7 0 0 3 0 1 0
0 2 0 2 0 0 0 0 0 12 0 0 11 0 0 0 0 0 0
0 0 0 0 0 0 0 0 0 0 0 0 0 8 0 0 0 0 0
0 0 0 0 0 0 0 0 1 7 0 0 0 7 3 6 0 0 6
0 0 0 0 D
0 1 0 1 D
0 2 0 2 D
0 3 0 3 R
0 4 0 4 R
0 5 0 5 R
0 6 0 6 U
0 7 0 7 U
0 8 0 8 U
0 9 0 9 L
0 10 0 10 L
0 11 0 11 L
1 0 0 9 L
1 1 1 3 R
1 2 1 11 L
1 3 1 7 U
1 4 2 6 U
1 5 0 8 U
1 6 0 3 R
1 7 0 0 D
1 8 2 4 R
1 9 0 6 U
1 10 0 4 R
1 11 1 8 U
2 0 0 5 R
2 1 1 1 D
2 2 1 2 D
2 3 0 1 D
2 4 0 10 L
2 5 0 0 D
2 6 2 9 L
2 7 1 10 L
2 8 0 11 L
2 9 0 3 R
2 10 0 7 U
2 11 0 2 D
3 0 0 3 R
3 1 0 6 U
3 2 3 3 R
3 3 0 6 U
3 4 0 7 U
3 5 0 1 D
3 6 0 5 R
3 7 0 10 L
3 8 0 4 R
3 9 3 1 D
3 10 0 0 D
3 11 4 7 U
4 0 1 5 R
4 1 3 10 L
4 2 4 2 D
4 3 2 0 D
4 4 5 0 D
4 5 5 5 R
4 6 3 3 R
4 7 4 9 L
4 8 3 8 U
4 9 4 1 D
4 10 3 7 U
4 11 1 11 L
5 0 1 10 L
5 1 6 1 D
5 2 1 3 R
5 3 4 7 U
5 4 2 4 R
5 5 0 2 D
5 6 2 11 L
5 7 4 4 R
5 8 1 8 U
5 9 5 0 D
5 10 5 10 L
5 11 0 5 R
6 0 5 3 R
6 1 1 4 R
6 2 9 2 D
6 3 4 1 D
6 4 0 9 L
6 5 2 0 D
6 6 1 11 L
6 7 5 7 U
6 8 1 5 R
6 9 0 8 U
6 10 0 5 R
6 11 7 11 L
7 0 5 0 D
7 1 7 10 L
7 2 5 9 L
7 3 7 1 D
7 4 1 4 R
7 5 2 5 R
7 6 2 10 L
7 7 8 7 U
7 8 3 4 R
7 9 4 6 U
7 10 8 10 L
7 11 6 11 L
8 0 0 11 L
8 1 3 1 D
8 2 10 2 D
8 3 4 3 R
8 4 6 4 R
8 5 5 6 U
8 6 8 4 R
8 7 9 5 R
8 8 7 8 U
8 9 0 1 D
8 10 3 10 L
8 11 2 7 U
9 0 0 10 L
9 1 7 11 L
9 2 3 2 D
9 3 9 6 U
9 4 3 2 D
9 5 4 5 R
9 6 2 6 U
9 7 6 7 U
9 8 4 8 U
9 9 8 4 R
9 10 5 7 U
9 11 10 11 L
10 0 5 11 L
10 2 2 9 L
10 3 5 3 R
10 4 6 2 D
10 5 7 5 R
10 6 5 4 R
10 7 4 7 U
10 9 10 9 L
10 10 9 6 U
10 11 9 11 L
11 0 9 3 R
11 3 9 10 L
11 4 7 2 D
11 5 7 7 U
11 6 10 9 L
11 7 12 10 L
11 9 8 0 D
11 10 11 10 L
11 11 8 11 L
12 0 1 0 D
12 3 10 3 R
12 4 1 6 U
12 5 10 5 R
12 6 9 6 U
12 9 2 0 D
12 10 11 6 U

