19 15 249
0 0 0 0 0 0 0 14 0 2 0 17 0 4 0 0 0 1 0 15
0 0 0 0 0 0 0 0 0 0 0 0 0 4 0 0 0 1 0 0
6 0 7 0 7 12 9 0 0 0 0 0 0 0 0 0 0 0 0 0
13 0 0 0 0 0 2 0 0 0 0 0 0 13 0 0 0 0 1 0
5 0 7 0 14 0 0 0 4 0 0 18 0 2 17 0 0 2 0 3
0 0 0 7 0 12 12 18 0 12 0 2 0 0 0 4 0 0 4 0
0 0 0 6 0 0 0 18 8 1 14 0 1 2 0 0 2 0 10 3
0 0 0 0 0 0 0 0 0 0 0 0 0 0 0 0 0 0 0 0
2 13 0 0 7 0 12 0 0 0 10 0 0 0 0 0 0 0 0 0
11 0 1 1 0 0 0 10 1 0 0 0 0 0 0 2 0 0 4 0
0 0 0 0 0 0 0 9 0 0 0 0 1 0 0 0 0 0 12 17
0 0 10 8 7 15 0 0 1 0 18 0 13 2 18 2 0 11 0 13
0 0 11 0 0 0 3 6 0 0 0 7 4 4 0 2 12 0 4 10
0 0 0 0 2 0 17 12 2 0 4 0 4 6 16 0 0 0 0 0
0 0 0 10 0 0 15 1 0 0 0 0 0 8 0 0 0 0 17 0
0 0 0 0 0 0 0 11 0 0 0 0 0 0 0 0 0 0 0 2
0 0 0 0 0 0 0 12 0 7 3 0 12 0 0 0 0 0 0 0
0 0 0 0 0 10 14 12 10 0 0 7 12 0 0 9 11 16 0 2
11 16 10 13 0 8 12 0 0 0 0 9 0 0 0 0 12 0 0 3
6 0 14 0 0 0 0 13 0 0 9 0 5 2 7 0 12 0 7 0
0 0 0 0 D
0 1 0 1 D
0 2 0 2 D
0 3 0 3 D
0 4 0 4 R
0 5 0 5 R
0 6 0 6 R
0 7 0 7 U
0 8 0 8 U
0 9 0 9 U
0 10 0 10 U
0 11 0 11 L
0 12 0 12 L
0 13 0 13 L
0 14 0 14 L
1 0 13 13 L
1 1 4 1 D
1 2 5 2 D
1 3 9 4 R
1 4 0 0 D
1 5 11 5 R
1 6 8 6 R
1 7 9 7 U
1 8 0 12 L
1 9 8 9 U
1 10 6 4 R
1 11 4 3 D
1 12 2 0 D
1 13 5 2 D
1 14 6 14 L
2 0 0 11 L
2 1 1 13 L
2 2 0 9 U
2 3 7 3 D
2 4 0 7 U
2 5 6 7 U
2 6 3 6 R
2 7 12 7 U
2 8 0 5 R
2 9 1 9 U
2 10 0 6 R
2 11 0 0 D
2 12 3 12 L
2 13 3 13 L
2 14 3 14 L
3 0 0 5 R
3 1 0 8 U
3 2 0 13 L
3 3 1 3 D
3 4 0 8 U
3 5 9 5 R
3 6 15 6 R
3 7 15 4 R
3 8 8 8 U
3 9 6 6 R
3 10 0 1 D
3 11 5 11 L
3 12 2 8 U
3 13 6 13 L
3 14 6 14 L
4 0 1 12 L
4 1 5 1 D
4 2 9 4 R
4 3 6 5 R
4 4 0 11 L
4 5 0 11 L
4 6 0 13 L
4 7 0 4 R
4 8 2 8 U
4 9 14 9 U
4 10 14 10 U
4 11 1 0 D
4 12 13 12 L
4 13 3 13 L
4 14 8 10 U
5 0 2 0 D
5 1 12 1 D
5 2 2 10 U
5 3 2 3 D
5 4 2 4 R
5 5 16 0 D
5 6 16 2 D
5 7 10 14 L
5 8 12 1 D
5 9 0 4 R
5 10 1 10 U
5 11 9 8 U
5 12 17 2 D
5 13 13 0 D
5 14 15 14 L
6 0 8 0 D
6 1 3 1 D
6 2 5 2 D
6 3 0 7 U
6 4 1 1 D
6 5 2 7 U
6 6 12 6 R
6 7 7 13 L
6 8 7 11 L
6 9 7 14 L
6 10 0 5 R
6 11 1 11 L
6 12 0 3 D
6 13 3 13 L
6 14 9 1 D
7 0 0 14 L
7 1 12 5 R
7 2 5 10 U
7 3 18 13 L
7 4 5 2 D
7 5 0 3 D
7 6 10 0 D
7 7 2 7 U
7 8 0 11 L
7 9 9 13 L
7 10 0 14 L
7 11 0 1 D
7 12 0 5 R
7 13 4 8 U
7 14 3 14 L
8 0 15 12 L
8 1 3 5 R
8 2 6 4 R
8 3 0 13 L
8 4 10 4 R
8 5 7 1 D
8 6 4 7 U
8 7 7 5 R
8 8 9 12 L
8 9 4 9 U
8 10 2 10 U
8 11 11 10 U
8 12 0 4 R
8 13 0 10 U
8 14 2 14 L
9 0 0 4 R
9 1 8 14 L
9 2 15 11 L
9 4 0 1 D
9 5 14 5 R
9 6 12 0 D
9 7 10 6 R
9 8 10 5 R
9 9 7 12 L
9 10 7 5 R
9 11 1 1 D
9 12 2 12 L
9 13 7 9 U
9 14 3 14 L
10 0 12 11 L
10 1 8 4 R
10 2 4 2 D
10 4 12 0 D
10 5 3 0 D
10 6 8 13 L
10 7 0 0 D
10 8 0 6 R
10 10 1 10 U
10 11 3 1 D
10 12 8 3 D
10 13 0 6 R
10 14 8 9 U
11 0 2 4 R
11 1 6 7 U
11 2 7 5 R
11 4 6 1 D
11 5 3 10 U
11 6 6 1 D
11 7 7 7 U
11 8 8 8 U
11 10 1 10 U
11 11 7 2 D
11 12 8 12 L
11 13 13 2 D
11 14 9 7 U
12 0 7 14 L
12 1 3 12 L
12 2 1 2 D
12 4 3 4 R
12 5 1 2 D
12 6 5 6 R
12 7 11 11 L
12 8 3 8 U
12 9 4 9 U
12 10 6 2 D
12 11 0 9 U
12 12 0 7 U
12 13 16 7 U
12 14 0 8 U
13 0 4 0 D
13 1 3 11 L
13 2 9 13 L
13 4 14 4 R
13 5 14 3 D
13 6 0 12 L
13 7 6 5 R
13 8 2 14 L
13 9 10 4 R
13 10 16 6 R
13 11 14 5 R
13 12 0 2 D
13 13 1 9 U
13 14 0 4 R
14 0 15 6 R
14 1 15 13 L
14 2 0 10 U
14 4 17 4 R
14 5 3 7 U
14 6 2 6 R
14 7 3 11 L
14 8 9 8 U
14 9 12 4 R
14 10 5 5 R
14 11 12 7 U
14 12 2 12 L
14 14 5 14 L
15 0 3 14 L
15 1 16 13 L
15 4 0 14 L
15 5 4 5 R
15 6 0 10 U
15 7 6 13 L
15 8 0 0 D
15 11 9 3 D
15 12 11 7 U
15 13 14 13 L
15 14 2 14 L
16 0 13 8 U
16 1 10 5 R
16 4 9 7 U
16 5 11 9 U
16 6 0 9 U
16 11 0 7 U
16 12 5 6 R
16 14 11 14 L
17 0 0 12 L
17 1 12 1 D
17 4 2 0 D
17 5 12 2 D
17 6 1 8 U
17 11 9 11 L
17 12 3 12 L
17 14 1 0 D
18 1 4 1 D
18 4 7 0 D
18 5 17 7 U
18 6 13 10 U
18 11 1 3 D
18 12 0 1 D

