15 9 118
0 0 0 0 1 0 0 0 4 0 0 0 0 0
0 1 0 1 0 0 0 3 11 3 0 0 8 0
7 0 0 1 0 0 0 13 0 0 9 9 0 0
2 8 0 12 13 0 0 0 10 0 0 14 0 0
10 0 0 0 11 0 5 0 0 0 0 10 10 0
0 3 13 0 0 14 0 0 0 0 9 0 4 0
1 0 13 4 0 5 6 13 12 0 12 0 0 0
0 0 0 6 0 0 0 0 0 2 0 0 0 4
10 3 0 0 2 7 0 0 12 0 0 0 0 0
0 0 14 10 9 13 0 11 0 0 0 0 0 0
11 0 8 0 0 0 0 0 1 0 0 0 0 0
0 6 0 0 2 0 0 0 0 0 0 0 0 0
0 2 0 0 0 0 11 6 0 0 0 1 10 3
10 0 0 12 0 12 0 0 12 0 10 11 0 0
0 0 0 0 L
0 1 0 1 L
0 2 0 2 R
0 3 0 3 R
0 4 0 4 D
0 5 0 5 D
0 6 0 6 U
0 7 0 7 U
0 8 0 8 U
1 0 4 4 D
1 1 3 2 R
1 2 0 5 D
1 3 5 6 U
1 4 0 6 U
1 5 7 5 D
1 6 0 2 R
1 7 0 3 R
1 8 4 0 L
2 0 0 7 U
2 1 3 5 D
2 2 7 2 R
2 3 0 6 U
2 4 0 2 R
2 5 8 6 U
2 6 4 1 L
2 7 6 7 U
2 8 4 8 U
3 0 7 0 L
3 1 0 5 D
3 2 5 1 L
3 3 0 7 U
3 4 0 0 L
3 5 2 5 D
3 6 0 1 L
3 7 5 5 D
3 8 1 0 L
4 0 0 2 R
4 1 0 6 U
4 2 0 4 D
4 3 1 3 R
4 4 8 1 L
4 5 5 0 L
4 6 1 1 L
4 7 3 4 D
4 8 2 1 L
5 0 9 5 D
5 1 0 4 D
5 2 3 6 U
5 3 7 0 L
5 4 4 4 D
5 5 6 5 D
5 6 3 6 U
5 7 9 0 L
6 0 2 7 U
6 1 5 1 L
6 2 0 8 U
6 3 1 3 R
6 4 4 0 L
6 5 0 3 R
6 6 9 3 R
6 7 3 7 U
6 8 5 8 U
7 0 1 2 R
7 1 4 1 L
7 2 2 2 R
7 3 6 3 R
7 4 5 4 D
7 5 8 2 R
7 6 8 0 L
7 7 3 0 L
8 0 4 0 L
8 1 1 7 U
8 2 4 5 D
8 3 9 8 U
8 4 3 3 R
8 5 0 1 L
8 6 3 1 L
8 7 4 5 D
8 8 3 8 U
9 0 1 4 D
9 1 3 1 L
9 2 6 5 D
9 3 1 5 D
9 4 1 4 D
9 5 0 8 U
9 6 4 2 R
9 7 5 7 U
9 8 6 8 U
10 0 2 4 D
10 1 6 7 U
10 2 2 8 U
10 3 9 7 U
10 4 2 3 R
10 5 4 0 L
10 6 7 6 U
10 7 8 7 U
11 0 6 0 L
11 1 1 1 L
11 2 2 7 U
11 3 8 6 U
11 4 0 7 U
11 5 10 1 L
11 6 3 5 D
11 7 5 7 U
12 0 11 6 U
12 1 2 6 U
12 2 11 0 L
12 3 3 4 D
12 4 3 2 R
12 6 1 6 U
13 0 9 4 D
13 1 2 1 L
13 2 6 4 D
13 3 4 3 R
13 4 7 4 D
14 0 7 0 L
14 2 8 5 D
14 4 1 4 D

