24 18 379
0 0 21 11 7 0 20 0 0 0 0 0 13 0 0 8 0 0 0 3
15 21 0 0 20 0 22 0 0 0 0 13 0 0 0 0 0 8 0 0
0 18 0 3 0 10 9 17 0 0 0 0 0 13 0 0 0 0 0 0
0 0 0 0 20 0 11 16 14 0 5 0 0 6 7 0 0 0 0 3
0 0 0 19 0 5 0 0 18 20 0 0 0 21 0 0 0 0 0 0
0 0 0 4 0 18 3 11 0 0 21 0 8 0 0 0 0 0 0 0
0 2 14 16 22 0 0 18 4 19 0 8 0 7 0 0 0 0 0 0
0 0 0 13 0 19 0 3 0 0 20 7 0 0 0 0 0 0 0 0
0 0 0 0 13 0 10 0 0 0 0 0 0 8 15 0 3 0 9 0
0 0 0 5 22 0 23 22 0 0 22 0 0 6 7 0 0 0 18 0
0 17 0 0 0 12 16 8 21 13 0 0 0 22 0 9 0 0 0 0
0 18 6 0 0 1 0 0 3 0 4 0 0 2 0 9 0 0 0 11
0 0 0 0 8 0 0 0 7 0 0 0 9 0 0 3 0 0 20 0
6 0 0 17 12 0 16 0 14 12 21 0 0 20 0 3 15 16 0 13
0 0 0 14 11 0 0 0 0 12 0 0 0 0 0 13 0 0 0 0
0 15 0 19 6 18 0 0 0 19 13 8 4 0 7 8 5 0 9 0
0 0 0 0 0 11 14 0 0 0 1 0 12 0 6 0 13 16 13 17
0 0 0 10 1 0 0 20 0 0 19 0 22 0 23 0 19 0 19 9
3 0 2 0 0 0 23 0 0 12 0 0 0 0 8 0 16 2 13 0
0 3 2 7 0 12 0 2 0 13 15 10 0 0 12 0 0 3 0 15
0 0 0 0 L
0 1 0 1 L
0 2 0 2 L
0 3 0 3 L
0 4 0 4 R
0 5 0 5 R
0 6 0 6 R
0 7 0 7 R
0 8 0 8 D
0 9 0 9 D
0 10 0 10 D
0 11 0 11 D
0 12 0 12 D
0 13 0 13 U
0 14 0 14 U
0 15 0 15 U
0 16 0 16 U
0 17 0 17 U
1 0 0 13 U
1 1 5 1 L
1 2 2 13 U
1 3 10 16 U
1 4 0 8 D
1 5 9 13 U
1 6 0 2 L
1 7 2 14 U
1 8 4 5 R
1 9 7 4 R
1 10 3 10 D
1 11 0 5 R
1 12 5 12 D
1 13 0 0 L
1 14 5 6 R
1 15 5 2 L
1 16 6 16 U
1 17 3 17 U
2 0 0 12 D
2 1 0 14 U
2 2 5 2 L
2 3 0 9 D
2 4 3 4 R
2 5 0 13 U
2 6 9 6 R
2 7 9 7 R
2 8 13 8 D
2 9 6 9 D
2 10 21 1 L
2 11 4 11 D
2 12 0 2 L
2 13 0 2 L
2 14 5 4 R
2 15 14 0 L
2 16 4 16 U
2 17 6 17 U
3 0 2 0 L
3 1 5 9 D
3 2 0 15 U
3 3 4 3 L
3 4 8 13 U
3 5 0 11 D
3 6 12 6 R
3 7 0 17 U
3 8 0 0 L
3 9 8 9 D
3 10 0 3 L
3 11 11 11 D
3 12 0 0 L
3 13 0 8 D
3 14 0 12 D
3 15 19 6 R
3 16 2 16 U
3 17 1 17 U
4 0 0 9 D
4 1 0 17 U
4 2 7 8 D
4 3 9 3 L
4 4 6 14 U
4 5 15 15 U
4 6 3 8 D
4 7 11 10 D
4 8 5 5 R
4 9 0 4 R
4 10 0 5 R
4 11 2 11 D
4 12 5 17 U
4 13 3 5 R
4 14 6 14 U
4 15 5 15 U
4 16 2 16 U
4 17 0 7 R
5 0 7 16 U
5 1 6 1 L
5 2 1 2 L
5 3 16 15 U
5 4 8 8 D
5 5 10 5 R
5 6 12 11 D
5 7 3 17 U
5 8 1 4 R
5 9 0 16 U
5 10 6 3 L
5 11 7 11 D
5 12 15 0 L
5 13 7 0 L
5 14 0 4 R
5 15 8 7 R
5 16 0 5 R
5 17 7 6 R
6 0 5 11 D
6 1 0 8 D
6 2 2 16 U
6 3 7 9 D
6 4 3 15 U
6 5 4 5 R
6 6 3 6 R
6 7 15 7 R
6 8 12 8 D
6 9 11 6 R
6 10 3 6 R
6 11 1 11 D
6 12 3 12 D
6 13 0 3 L
6 14 3 5 R
6 15 18 15 U
6 16 5 4 R
6 17 15 5 R
7 0 0 11 D
7 1 5 1 L
7 2 0 17 U
7 3 1 17 U
7 4 0 9 D
7 5 12 5 R
7 6 0 1 L
7 7 8 7 R
7 8 16 8 D
7 9 8 9 D
7 10 3 10 D
7 11 9 6 R
7 12 0 7 R
7 13 0 6 R
7 14 4 14 U
7 15 3 5 R
7 16 17 16 U
7 17 2 17 U
8 0 7 8 D
8 1 0 10 D
8 2 16 2 L
8 3 19 3 L
8 4 1 8 D
8 5 10 9 D
8 6 11 6 R
8 7 0 1 L
8 8 11 0 L
8 9 4 9 D
8 10 2 10 D
8 11 5 11 D
8 12 1 12 D
8 13 14 2 L
8 14 11 14 U
8 15 0 9 D
8 16 6 16 U
8 17 0 0 L
9 0 1 0 L
9 1 6 1 L
9 2 0 10 D
9 3 14 14 U
9 4 3 14 U
9 5 0 14 U
9 6 3 6 R
9 7 0 0 L
9 8 0 13 U
9 9 6 9 D
9 10 2 1 L
9 11 0 13 U
9 12 7 6 R
9 13 0 10 D
9 14 21 4 R
9 15 3 15 U
9 16 3 16 U
9 17 18 3 L
10 0 12 9 D
10 1 13 13 U
10 2 19 14 U
10 3 5 3 L
10 4 13 12 D
10 5 2 5 R
10 6 13 14 U
10 7 8 7 R
10 8 3 1 L
10 9 5 9 D
10 10 2 5 R
10 11 17 4 R
10 12 2 12 D
10 13 0 1 L
10 14 6 7 R
10 15 3 4 R
10 16 3 16 U
10 17 21 17 U
11 0 5 15 U
11 1 3 8 D
11 2 7 16 U
11 3 3 8 D
11 4 2 13 U
11 5 17 8 D
11 6 14 6 R
11 7 5 14 U
11 8 13 2 L
11 9 4 9 D
11 10 0 17 U
11 11 7 0 L
11 12 2 12 D
11 13 7 13 U
11 14 18 14 U
11 15 8 15 U
11 16 13 0 L
11 17 2 2 L
12 0 2 12 D
12 1 7 10 D
12 2 11 10 D
12 3 2 3 L
12 4 0 10 D
12 5 4 9 D
12 6 10 6 R
12 7 3 7 R
12 8 7 8 D
12 9 3 9 D
12 10 0 6 R
12 11 15 15 U
12 12 3 12 D
12 13 10 7 R
12 14 2 4 R
12 15 14 7 R
12 16 8 1 L
13 0 15 13 U
13 1 3 1 L
13 2 0 16 U
13 3 15 3 L
13 4 7 8 D
13 5 12 11 D
13 6 0 0 L
13 7 16 7 R
13 8 15 2 L
13 9 11 13 U
13 10 11 0 L
13 11 12 3 L
13 12 2 12 D
13 13 9 2 L
13 14 3 14 U
13 15 3 1 L
13 16 1 16 U
13 17 2 6 R
14 0 4 0 L
14 1 22 9 D
14 2 7 2 L
14 3 10 11 D
14 4 15 17 U
14 5 3 3 L
14 6 10 6 R
14 7 9 12 D
14 8 5 4 R
14 9 15 9 D
14 10 0 4 R
14 11 15 11 D
14 12 7 12 D
14 13 10 1 L
14 14 3 7 R
14 15 18 1 L
14 16 9 16 U
15 0 9 8 D
15 1 13 8 D
15 2 6 2 L
15 3 12 3 L
15 4 10 4 R
15 5 1 15 U
15 6 3 13 U
15 7 0 14 U
15 8 9 14 U
15 9 0 1 L
15 10 9 10 D
15 11 0 17 U
15 13 2 4 R
15 14 12 6 R
15 15 12 5 R
15 16 12 2 L
16 0 3 16 U
16 1 7 1 L
16 2 20 2 L
16 3 8 11 D
16 4 0 12 D
16 5 18 14 U
16 6 18 6 R
16 7 19 15 U
16 8 13 3 L
16 9 5 5 R
16 10 14 10 D
16 11 5 6 R
16 13 4 13 U
16 14 6 14 U
16 15 20 15 U
16 16 0 6 R
17 0 13 13 U
17 1 10 15 U
17 2 10 14 U
17 3 2 3 L
17 4 1 9 D
17 5 0 3 L
17 6 1 6 R
17 7 8 13 U
17 8 20 1 L
17 9 14 4 R
17 10 20 7 R
17 11 0 14 U
17 13 13 13 U
17 14 3 6 R
17 16 2 16 U
18 0 1 13 U
18 1 16 1 L
18 2 4 2 L
18 3 3 9 D
18 4 17 11 D
18 5 15 10 D
18 7 2 9 D
18 8 4 6 R
18 9 0 15 U
18 10 5 15 U
18 11 4 11 D
18 13 4 2 L
18 14 0 11 D
18 16 3 16 U
19 0 13 0 L
19 1 1 16 U
19 2 16 16 U
19 3 10 3 L
19 4 11 10 D
19 5 21 17 U
19 6 20 16 U
19 7 1 7 R
19 8 5 7 R
19 9 20 1 L
19 11 21 6 R
19 13 15 6 R
19 14 18 1 L
19 16 3 16 U
20 0 17 14 U
20 1 3 1 L
20 2 19 13 U
20 3 1 3 L
20 4 13 4 R
20 5 1 16 U
20 7 16 13 U
20 8 18 4 R
20 9 19 9 D
20 11 2 11 D
20 13 13 2 L
20 14 3 14 U
20 16 11 0 L
21 0 6 12 D
21 1 15 1 L
21 2 5 5 R
21 3 2 16 U
21 5 3 5 R
21 7 13 13 U
21 8 10 4 R
21 9 3 9 D
21 11 1 11 D
21 13 5 13 U
21 14 15 5 R
21 16 11 1 L
22 0 8 0 L
22 3 0 5 R
22 5 19 3 L
22 7 5 7 R
22 9 10 4 R
22 13 21 1 L
22 14 4 5 R
22 16 4 6 R
23 0 8 0 L
23 3 8 10 D
23 9 17 6 R

