16 15 196
0 0 0 0 0 0 0 11 0 0 0 0 0 0 0 0
0 0 0 10 6 0 0 0 0 0 0 0 9 0 0 7
0 0 0 0 0 0 4 3 0 6 13 10 4 0 0 0
0 0 0 0 0 0 0 0 4 0 4 11 9 0 6 0
0 0 0 0 0 0 0 10 12 0 2 0 10 0 11 0
0 0 0 0 0 1 6 0 0 0 0 0 11 0 0 0
0 0 0 0 0 0 0 0 0 0 0 0 0 0 8 7
11 6 6 0 0 12 0 0 0 0 5 0 0 0 0 0
0 0 0 0 0 0 4 0 1 9 0 8 0 0 14 0
0 0 0 0 0 0 3 13 14 0 2 12 14 0 15 0
0 4 0 0 5 0 0 4 0 0 5 0 0 0 0 7
0 0 11 0 0 0 0 13 0 11 0 0 11 6 0 0
0 0 0 0 0 6 2 11 15 0 0 0 13 0 0 1
0 0 0 0 0 0 3 7 0 0 0 14 0 6 0 0
0 0 0 13 0 0 0 0 6 0 2 0 0 0 0 0
4 10 14 9 13 10 0 0 2 6 0 0 3 0 0 0
0 0 0 0 L
0 1 0 1 L
0 2 0 2 L
0 3 0 3 L
0 4 0 4 R
0 5 0 5 R
0 6 0 6 R
0 7 0 7 R
0 8 0 8 D
0 9 0 9 D
0 10 0 10 D
0 11 0 11 D
0 12 0 12 U
0 13 0 13 U
0 14 0 14 U
1 0 9 4 R
1 1 2 1 L
1 2 2 2 L
1 3 6 3 L
1 4 9 4 R
1 5 0 1 L
1 6 2 14 U
1 7 8 7 R
1 8 3 2 L
1 9 5 3 L
1 10 12 0 L
1 11 4 6 R
1 12 0 4 R
1 13 4 4 R
1 14 3 1 L
2 0 8 8 D
2 1 8 1 L
2 2 1 2 L
2 3 5 13 U
2 4 0 12 U
2 5 6 8 D
2 6 3 6 R
2 7 6 7 R
2 8 9 1 L
2 9 6 9 D
2 10 5 1 L
2 11 6 12 U
2 12 6 0 L
2 13 5 9 D
2 14 5 14 U
3 0 4 13 U
3 1 7 8 D
3 2 4 13 U
3 3 4 3 L
3 4 0 8 D
3 5 6 2 L
3 6 7 12 U
3 7 7 14 U
3 8 0 12 U
3 9 8 5 R
3 10 5 10 D
3 11 2 11 D
3 12 4 7 R
3 13 6 1 L
3 14 7 5 R
4 0 13 8 D
4 1 0 4 R
4 2 0 8 D
4 3 7 8 D
4 4 8 12 U
4 5 1 5 R
4 6 2 6 R
4 7 1 7 R
4 8 0 4 R
4 9 0 6 R
4 10 3 10 D
4 11 5 11 D
4 12 6 5 R
4 13 7 4 R
4 14 10 9 D
5 0 0 10 D
5 1 1 9 D
5 2 2 2 L
5 3 8 10 D
5 4 3 13 U
5 5 11 5 R
5 6 9 6 R
5 7 11 13 U
5 8 2 6 R
5 9 0 5 R
5 10 10 10 D
5 12 0 7 R
5 13 2 13 U
5 14 9 14 U
6 0 1 8 D
6 1 8 10 D
6 2 0 14 U
6 3 4 3 L
6 4 0 10 D
6 5 9 14 U
6 6 0 14 U
6 7 3 7 R
6 8 12 2 L
6 9 0 2 L
6 10 0 4 R
6 12 0 1 L
6 13 0 9 D
6 14 0 0 L
7 0 2 13 U
7 1 0 11 D
7 2 3 9 D
7 3 13 3 L
7 4 11 13 U
7 5 13 5 R
7 6 8 13 U
7 7 0 2 L
7 8 8 1 L
7 9 3 3 L
7 10 9 3 L
7 12 3 6 R
7 13 3 13 U
7 14 2 7 R
8 0 11 0 L
8 1 12 13 U
8 2 4 2 L
8 3 1 14 U
8 4 5 9 D
8 5 9 5 R
8 6 12 6 R
8 8 9 0 L
8 9 2 0 L
8 10 7 2 L
8 12 10 4 R
8 13 5 5 R
8 14 7 14 U
9 0 10 0 L
9 1 7 1 L
9 2 8 2 L
9 3 8 12 U
9 4 1 14 U
9 5 8 13 U
9 6 1 12 U
9 8 0 0 L
9 9 15 6 R
9 10 0 3 L
9 11 1 11 D
9 12 10 7 R
9 13 11 2 L
9 14 0 10 D
10 0 4 9 D
10 1 0 10 D
10 2 6 8 D
10 3 4 9 D
10 4 5 12 U
10 5 11 5 R
10 6 1 6 R
10 8 6 7 R
10 9 4 3 L
10 10 9 1 L
10 12 4 12 U
10 13 6 8 D
10 14 13 4 R
11 0 0 9 D
11 1 4 1 L
11 2 5 2 L
11 3 5 3 L
11 4 0 9 D
11 5 7 12 U
11 8 7 3 L
11 9 12 0 L
11 12 2 9 D
11 13 0 8 D
11 14 12 3 L
12 0 0 12 U
12 1 1 11 D
12 2 4 2 L
12 3 2 3 L
12 4 1 4 R
12 5 11 13 U
12 7 8 12 U
12 8 3 1 L
12 9 6 4 R
12 13 0 2 L
13 0 4 10 D
13 1 10 14 U
13 2 7 10 D
13 3 4 3 L
13 4 1 10 D
13 5 2 5 R
13 8 6 8 D
13 9 0 14 U
13 13 4 5 R
14 2 1 9 D
14 3 10 13 U
14 4 6 8 D
14 5 0 3 L
14 8 8 5 R
14 9 9 2 L
15 3 4 3 L
15 8 12 0 L
15 9 14 13 U

