39 58 1809
26 23 28 18 4 27 20 8 23 24 13 6 28 0 0 32 22 29 5 0
0 25 37 28 28 33 29 0 25 29 4 14 0 27 30 33 4 0 8 0
0 0 28 30 0 27 30 2 26 16 0 0 8 1 0 35 25 33 0 27
0 15 28 0 0 9 3 23 0 0 16 22 24 29 22 33 2 34 21 13
0 31 32 0 0 31 0 24 15 28 0 27 28 0 31 32 0 33 0 28
0 26 35 0 0 0 5 25 21 0 22 0 26 28 33 0 3 0 23 0
0 2 34 0 35 3 34 7 16 27 24 30 34 3 13 7 31 11 7 28
0 0 0 0 1 6 12 26 17 20 3 10 29 5 30 8 0 0 33 24
0 24 33 0 21 6 21 2 21 29 0 0 0 0 0 0 0 31 32 1
0 0 0 0 33 8 2 27 0 1 18 30 11 0 10 4 0 31 30 0
0 0 0 0 7 28 19 0 0 32 0 0 31 0 3 20 17 0 31 30
0 0 0 0 0 0 22 0 0 0 0 30 21 10 11 2 0 0 32 0
0 32 32 0 26 0 0 24 0 5 5 27 0 3 0 10 0 20 29 19
16 0 36 0 0 28 0 33 0 0 9 0 30 28 24 27 5 26 6 28
15 0 0 0 5 0 15 16 0 15 0 0 16 0 1 29 1 0 4 25
2 28 0 0 34 8 32 0 0 31 30 18 28 26 21 0 24 14 0 0
27 2 28 0 35 36 0 7 0 0 0 23 7 16 5 28 14 22 11 0
2 30 0 15 0 0 12 30 31 3 0 0 27 27 1 27 0 0 0 0
30 0 30 14 22 0 20 16 35 11 10 2 18 0 0 26 28 1 9 25
31 11 29 34 0 35 0 25 33 18 22 31 28 26 23 1 23 22 24 8
0 0 0 0 D
0 1 0 1 D
0 2 0 2 D
0 3 0 3 D
0 4 0 4 D
0 5 0 5 D
0 6 0 6 D
0 7 0 7 D
0 8 0 8 D
0 9 0 9 D
0 10 0 10 D
0 11 0 11 D
0 12 0 12 D
0 13 0 13 D
0 14 0 14 D
0 15 0 15 R
0 16 0 16 R
0 17 0 17 R
0 18 0 18 R
0 19 0 19 R
0 20 0 20 R
0 21 0 21 R
0 22 0 22 R
0 23 0 23 R
0 24 0 24 R
0 25 0 25 R
0 26 0 26 R
0 27 0 27 R
0 28 0 28 R
0 29 0 29 U
0 30 0 30 U
0 31 0 31 U
0 32 0 32 U
0 33 0 33 U
0 34 0 34 U
0 35 0 35 U
0 36 0 36 U
0 37 0 37 U
0 38 0 38 U
0 39 0 39 U
0 40 0 40 U
0 41 0 41 U
0 42 0 42 U
0 43 0 43 L
0 44 0 44 L
0 45 0 45 L
0 46 0 46 L
0 47 0 47 L
0 48 0 48 L
0 49 0 49 L
0 50 0 50 L
0 51 0 51 L
0 52 0 52 L
0 53 0 53 L
0 54 0 54 L
0 55 0 55 L
0 56 0 56 L
0 57 0 57 L
1 0 17 44 L
1 1 0 17 R
1 2 7 2 D
1 3 0 33 U
1 4 3 46 L
1 5 5 5 D
1 6 12 6 D
1 7 3 48 L
1 8 2 55 L
1 9 2 9 D
1 10 4 52 L
1 11 0 21 R
1 12 18 22 R
1 13 13 18 R
1 14 37 50 L
1 15 2 35 U
1 16 11 35 U
1 17 0 44 L
1 18 5 57 L
1 19 14 19 R
1 20 0 34 U
1 21 23 21 R
1 22 14 22 R
1 23 3 23 R
1 24 12 24 R
1 25 2 25 R
1 26 2 26 R
1 27 23 27 R
1 28 2 28 R
1 29 19 47 L
1 30 17 55 L
1 31 8 45 L
1 32 0 1 D
1 33 0 27 R
1 34 2 24 R
1 35 8 35 U
1 36 2 36 U
1 37 5 37 U
1 38 24 56 L
1 39 21 39 U
1 40 2 40 U
1 41 7 22 R
1 42 15 24 R
1 43 14 4 D
1 44 0 0 D
1 45 13 30 U
1 46 2 8 D
1 47 11 22 R
1 48 12 48 L
1 49 14 49 L
1 50 4 50 L
1 51 15 2 D
1 52 10 52 L
1 53 2 53 L
1 54 24 7 D
1 55 2 55 L
1 56 15 56 L
1 57 27 40 U
2 0 0 16 R
2 1 22 47 L
2 2 19 28 R
2 3 5 3 D
2 4 4 4 D
2 5 13 15 R
2 6 0 48 L
2 7 0 37 U
2 8 6 8 D
2 9 15 9 D
2 10 4 10 D
2 11 31 52 L
2 12 5 12 D
2 13 3 13 D
2 14 3 16 R
2 15 8 30 U
2 16 0 43 L
2 17 26 34 U
2 18 3 18 R
2 19 0 2 D
2 20 19 20 R
2 21 8 36 U
2 22 9 22 R
2 23 10 23 R
2 24 1 24 R
2 25 1 38 U
2 26 1 26 R
2 27 12 27 R
2 28 3 28 R
2 29 18 19 R
2 30 12 15 R
2 31 1 31 U
2 32 7 43 L
2 33 18 26 R
2 34 13 49 L
2 35 3 35 U
2 36 23 36 U
2 37 1 37 U
2 38 16 16 R
2 39 13 39 U
2 40 19 0 D
2 41 19 41 U
2 42 26 42 U
2 43 28 2 D
2 44 10 44 L
2 45 14 5 D
2 46 6 46 L
2 47 0 18 R
2 48 5 35 U
2 49 20 39 U
2 50 10 50 L
2 51 23 13 D
2 52 9 52 L
2 53 1 53 L
2 54 3 54 L
2 55 27 32 U
2 56 31 34 U
2 57 1 57 L
3 0 2 19 R
3 1 12 18 R
3 2 8 2 D
3 3 0 47 L
3 4 1 4 D
3 5 25 43 L
3 6 5 6 D
3 7 13 7 D
3 8 0 33 U
3 9 12 17 R
3 10 33 20 R
3 11 7 23 R
3 12 7 12 D
3 13 13 13 D
3 14 5 14 D
3 15 9 3 D
3 16 10 16 R
3 17 7 0 D
3 18 24 18 R
3 19 1 19 R
3 20 25 20 R
3 21 0 6 D
3 22 17 36 U
3 23 5 41 U
3 24 24 33 U
3 25 13 29 U
3 26 13 26 R
3 27 2 27 R
3 28 10 28 R
3 29 14 44 L
3 30 2 16 R
3 31 1 31 U
3 32 4 19 R
3 33 16 18 R
3 34 1 20 R
3 35 7 25 R
3 36 9 56 L
3 37 8 37 U
3 38 12 38 U
3 39 0 20 R
3 40 18 40 U
3 41 5 41 U
3 42 7 42 U
3 43 16 42 U
3 44 31 44 L
3 45 0 29 U
3 46 2 46 L
3 47 27 41 U
3 48 8 36 U
3 49 10 49 L
3 50 17 5 D
3 51 4 51 L
3 52 1 52 L
3 53 6 53 L
3 54 29 54 L
3 55 26 4 D
3 56 10 56 L
3 57 30 57 L
4 0 11 16 R
4 1 2 31 U
4 2 23 46 L
4 3 0 18 R
4 4 0 53 L
4 5 7 5 D
4 6 15 6 D
4 7 2 52 L
4 8 3 8 D
4 9 13 57 L
4 10 2 56 L
4 11 1 23 R
4 12 1 49 L
4 13 8 57 L
4 14 11 14 D
4 15 3 35 U
4 16 25 31 U
4 17 26 32 U
4 18 1 18 R
4 19 7 30 U
4 20 17 20 R
4 21 10 21 R
4 22 1 22 R
4 23 19 34 U
4 24 14 24 R
4 25 6 25 R
4 26 10 26 R
4 27 28 27 R
4 28 9 45 L
4 29 6 49 L
4 30 8 43 L
4 31 16 19 R
4 32 1 45 L
4 33 16 24 R
4 34 3 34 U
4 35 16 52 L
4 36 2 36 U
4 37 2 37 U
4 38 9 38 U
4 39 5 39 U
4 40 21 43 L
4 41 5 57 L
4 42 7 42 U
4 43 25 0 D
4 44 0 5 D
4 45 0 2 D
4 46 8 46 L
4 47 22 34 U
4 48 0 20 R
4 49 12 0 D
4 50 1 50 L
4 51 0 1 D
4 52 3 52 L
4 53 1 53 L
4 54 17 35 U
4 55 24 31 U
4 56 29 56 L
4 57 12 57 L
5 0 4 17 R
5 1 32 54 L
5 2 0 45 L
5 3 3 28 R
5 4 14 48 L
5 5 3 5 D
5 6 7 6 D
5 7 6 7 D
5 8 0 36 U
5 9 11 21 R
5 10 7 10 D
5 11 18 44 L
5 12 8 12 D
5 13 2 13 D
5 14 19 14 D
5 15 3 11 D
5 16 0 5 D
5 17 0 51 L
5 18 25 3 D
5 19 20 19 R
5 20 31 29 U
5 21 9 21 R
5 22 16 34 U
5 23 4 23 R
5 24 17 40 U
5 25 15 6 D
5 26 8 31 U
5 27 0 34 U
5 28 7 28 R
5 29 6 15 R
5 30 3 1 D
5 31 0 2 D
5 32 15 47 L
5 33 2 33 U
5 34 0 6 D
5 35 0 7 D
5 36 0 11 D
5 37 10 37 U
5 38 0 8 D
5 39 22 39 U
5 40 8 18 R
5 41 0 44 L
5 42 7 42 U
5 43 0 4 D
5 44 9 21 R
5 45 17 45 L
5 46 24 3 D
5 47 12 6 D
5 48 0 39 U
5 49 1 5 D
5 50 2 50 L
5 51 4 51 L
5 52 2 52 L
5 53 10 4 D
5 54 10 13 D
5 55 20 42 U
5 56 10 56 L
5 57 30 41 U
6 0 14 51 L
6 1 9 49 L
6 2 10 46 L
6 3 27 48 L
6 4 0 31 U
6 5 13 5 D
6 6 9 6 D
6 7 9 45 L
6 8 24 8 D
6 9 13 9 D
6 10 17 10 D
6 11 7 11 D
6 12 21 56 L
6 13 30 43 L
6 14 26 14 D
6 15 2 41 U
6 16 5 5 D
6 17 1 17 R
6 18 9 18 R
6 19 1 19 R
6 20 4 20 R
6 21 1 21 R
6 22 18 22 R
6 23 12 30 U
6 24 11 24 R
6 25 24 38 U
6 26 20 29 U
6 27 14 40 U
6 28 23 30 U
6 29 0 43 L
6 30 0 57 L
6 31 16 17 R
6 32 0 17 R
6 33 8 33 U
6 34 3 18 R
6 35 14 5 D
6 36 3 36 U
6 37 11 37 U
6 38 0 6 D
6 39 0 3 D
6 40 23 23 R
6 41 15 41 U
6 42 18 25 R
6 43 0 22 R
6 44 0 30 U
6 45 0 32 U
6 46 29 13 D
6 47 4 4 D
6 48 9 37 U
6 49 2 9 D
6 50 10 36 U
6 51 26 5 D
6 52 0 39 U
6 53 19 39 U
6 54 14 54 L
6 55 3 55 L
6 56 17 12 D
6 57 7 31 U
7 0 4 21 R
7 1 8 44 L
7 2 8 2 D
7 3 29 3 D
7 4 2 49 L
7 5 1 47 L
7 6 5 6 D
7 7 9 7 D
7 8 2 43 L
7 9 2 49 L
7 10 12 10 D
7 11 11 11 D
7 12 10 12 D
7 13 6 21 R
7 14 20 14 D
7 15 18 2 D
7 16 31 4 D
7 17 0 1 D
7 18 23 4 D
7 19 1 8 D
7 20 4 10 D
7 21 9 33 U
7 22 21 12 D
7 23 8 2 D
7 24 14 9 D
7 25 3 13 D
7 26 19 38 U
7 27 3 9 D
7 28 1 40 U
7 29 28 50 L
7 30 0 45 L
7 31 3 31 U
7 32 14 46 L
7 33 0 25 R
7 34 0 3 D
7 35 14 44 L
7 36 1 36 U
7 37 13 50 L
7 38 5 38 U
7 39 5 28 R
7 40 4 40 U
7 41 8 43 L
7 42 13 42 U
7 43 2 43 L
7 44 0 42 U
7 45 0 37 U
7 46 0 34 U
7 47 3 47 L
7 48 33 32 U
7 49 0 19 R
7 50 0 1 D
7 51 1 51 L
7 52 10 0 D
7 53 13 5 D
7 54 25 54 L
7 55 21 32 U
7 56 0 13 D
7 57 14 11 D
8 0 0 19 R
8 1 9 44 L
8 2 3 16 R
8 3 25 3 D
8 4 13 21 R
8 5 2 5 D
8 6 13 6 D
8 7 4 7 D
8 8 7 8 D
8 9 9 9 D
8 10 7 10 D
8 11 7 11 D
8 12 5 12 D
8 13 24 17 R
8 14 7 14 D
8 15 6 0 D
8 16 15 45 L
8 17 9 17 R
8 18 17 29 U
8 19 7 12 D
8 20 7 41 U
8 21 0 46 L
8 22 32 5 D
8 23 19 23 R
8 24 10 24 R
8 25 17 9 D
8 26 22 32 U
8 27 3 27 R
8 28 13 10 D
8 29 12 52 L
8 30 5 55 L
8 31 13 31 U
8 32 7 32 U
8 33 14 50 L
8 34 5 34 U
8 35 10 35 U
8 36 15 51 L
8 37 1 37 U
8 38 34 38 U
8 39 15 46 L
8 40 16 40 U
8 41 4 41 U
8 42 5 42 U
8 43 1 0 D
8 44 4 44 L
8 45 9 45 L
8 46 26 46 L
8 47 0 41 U
8 48 0 41 U
8 49 2 49 L
8 50 1 50 L
8 51 3 51 L
8 52 21 52 L
8 53 10 3 D
8 54 18 35 U
8 55 11 55 L
8 56 12 13 D
8 57 14 57 L
9 0 20 52 L
9 1 1 1 D
9 2 19 47 L
9 3 18 3 D
9 4 3 17 R
9 5 0 32 U
9 6 1 6 D
9 7 18 7 D
9 8 0 45 L
9 9 7 9 D
9 10 5 10 D
9 11 2 11 D
9 12 28 12 D
9 13 6 51 L
9 14 5 14 D
9 15 19 4 D
9 16 2 16 R
9 17 21 17 R
9 18 1 35 U
9 19 21 31 U
9 20 5 29 U
9 21 28 31 U
9 22 1 22 R
9 23 21 23 R
9 24 3 24 R
9 25 2 25 R
9 26 1 26 R
9 27 31 30 U
9 28 29 28 R
9 29 3 47 L
9 30 1 26 R
9 31 0 0 D
9 32 16 0 D
9 33 5 33 U
9 34 6 34 U
9 35 7 35 U
9 36 19 48 L
9 37 7 53 L
9 38 24 25 R
9 39 12 49 L
9 40 8 40 U
9 41 12 15 R
9 42 0 11 D
9 43 16 5 D
9 44 24 44 L
9 45 24 34 U
9 46 14 11 D
9 47 8 37 U
9 48 2 48 L
9 49 1 8 D
9 50 26 12 D
9 51 12 12 D
9 52 13 33 U
9 53 6 38 U
9 54 2 4 D
9 55 2 55 L
9 56 5 56 L
9 57 4 57 L
10 0 19 50 L
10 1 31 46 L
10 2 5 55 L
10 3 14 45 L
10 4 6 4 D
10 5 2 43 L
10 6 23 47 L
10 7 23 24 R
10 8 13 52 L
10 9 18 47 L
10 10 13 10 D
10 11 8 45 L
10 12 2 12 D
10 13 8 13 D
10 14 13 14 D
10 15 26 29 U
10 16 14 37 U
10 17 8 17 R
10 18 22 18 R
10 19 3 19 R
10 20 26 30 U
10 21 20 21 R
10 22 2 38 U
10 23 4 23 R
10 24 2 33 U
10 25 11 25 R
10 26 8 26 R
10 27 12 27 R
10 28 9 39 U
10 29 22 27 R
10 30 0 15 R
10 31 7 31 U
10 32 4 23 R
10 33 7 23 R
10 34 7 54 L
10 35 7 35 U
10 36 20 18 R
10 37 2 37 U
10 38 12 21 R
10 39 4 28 R
10 40 26 48 L
10 41 3 41 U
10 42 6 27 R
10 43 0 30 U
10 44 3 44 L
10 45 27 45 L
10 46 0 17 R
10 47 12 47 L
10 48 2 48 L
10 49 20 9 D
10 50 16 50 L
10 51 3 51 L
10 52 2 52 L
10 53 32 53 L
10 54 2 54 L
10 55 28 37 U
10 56 1 56 L
10 57 11 34 U
11 0 0 29 U
11 1 16 27 R
11 2 3 43 L
11 3 6 18 R
11 4 25 44 L
11 5 15 16 R
11 6 13 18 R
11 7 7 7 D
11 8 1 8 D
11 9 3 9 D
11 10 21 24 R
11 11 16 11 D
11 12 15 12 D
11 13 0 47 L
11 15 0 0 D
11 16 1 16 R
11 17 0 30 U
11 18 32 0 D
11 19 8 19 R
11 20 15 34 U
11 21 21 6 D
11 22 2 22 R
11 23 10 40 U
11 24 14 32 U
11 25 8 25 R
11 26 17 26 R
11 27 7 1 D
11 28 1 28 R
11 29 17 22 R
11 30 0 16 R
11 31 1 31 U
11 32 16 53 L
11 33 6 19 R
11 34 10 44 L
11 35 23 35 U
11 36 6 36 U
11 37 5 37 U
11 38 3 50 L
11 39 5 24 R
11 40 17 27 R
11 41 22 23 R
11 42 5 42 U
11 43 0 15 R
11 44 1 40 U
11 45 4 29 U
11 46 12 34 U
11 47 10 47 L
11 48 30 42 U
11 49 1 49 L
11 50 24 50 L
11 51 13 38 U
11 52 10 35 U
11 53 5 11 D
11 54 10 54 L
11 55 9 2 D
11 56 10 56 L
11 57 7 7 D
12 0 5 49 L
12 1 5 45 L
12 2 4 46 L
12 3 1 53 L
12 4 1 4 D
12 5 1 5 D
12 6 20 25 R
12 7 9 19 R
12 8 18 50 L
12 9 6 53 L
12 10 17 47 L
12 11 16 51 L
12 12 6 53 L
12 13 14 47 L
12 15 9 15 R
12 16 21 16 R
12 17 0 32 U
12 18 0 13 D
12 19 9 19 R
12 20 4 20 R
12 21 10 21 R
12 22 1 22 R
12 23 14 23 R
12 24 0 31 U
12 25 23 25 R
12 26 17 26 R
12 27 30 29 U
12 28 7 6 D
12 29 9 25 R
12 30 5 15 R
12 31 9 47 L
12 32 17 24 R
12 33 8 33 U
12 34 8 34 U
12 35 20 55 L
12 36 2 28 R
12 37 9 37 U
12 38 9 12 D
12 39 17 9 D
12 40 2 49 L
12 41 7 49 L
12 42 7 42 U
12 43 2 43 L
12 44 2 16 R
12 45 0 8 D
12 46 11 2 D
12 47 2 47 L
12 48 15 48 L
12 49 0 28 R
12 50 14 50 L
12 51 6 51 L
12 52 8 11 D
12 53 21 34 U
12 54 6 54 L
12 55 3 8 D
12 56 4 56 L
12 57 11 57 L
13 0 18 16 R
13 1 26 45 L
13 2 8 27 R
13 3 10 25 R
13 4 8 4 D
13 5 15 5 D
13 6 3 6 D
13 7 20 46 L
13 8 0 39 U
13 9 15 49 L
13 10 18 10 D
13 11 3 11 D
13 12 6 12 D
13 13 9 13 D
13 14 7 14 D
13 15 28 15 R
13 16 0 3 D
13 17 9 31 U
13 18 16 10 D
13 19 25 3 D
13 20 19 52 L
13 21 0 11 D
13 22 5 34 U
13 23 28 32 U
13 24 9 9 D
13 25 12 4 D
13 26 4 36 U
13 27 10 10 D
13 28 29 6 D
13 29 14 15 R
13 30 21 44 L
13 31 0 5 D
13 32 7 32 U
13 33 6 33 U
13 34 2 34 U
13 35 8 51 L
13 36 0 4 D
13 37 3 37 U
13 38 9 38 U
13 39 5 4 D
13 40 15 40 U
13 41 24 24 R
13 42 15 42 U
13 43 5 3 D
13 44 19 3 D
13 45 20 35 U
13 46 27 32 U
13 47 6 47 L
13 48 5 48 L
13 49 33 31 U
13 50 5 50 L
13 51 22 9 D
13 52 3 32 U
13 53 10 53 L
13 54 10 12 D
13 55 8 40 U
13 56 14 7 D
13 57 6 57 L
14 0 3 16 R
14 1 0 50 L
14 2 13 56 L
14 3 16 46 L
14 4 10 16 R
14 5 1 5 D
14 6 15 51 L
14 7 5 7 D
14 8 13 17 R
14 9 2 53 L
14 10 3 46 L
14 11 7 11 D
14 12 23 24 R
14 13 12 57 L
14 14 30 14 D
14 15 9 50 L
14 16 10 30 U
14 17 4 31 U
14 18 12 37 U
14 19 4 19 R
14 20 15 35 U
14 21 8 29 U
14 22 34 40 U
14 23 27 23 R
14 24 19 31 U
14 25 23 25 R
14 26 17 26 R
14 27 2 32 U
14 28 19 7 D
14 29 29 16 R
14 30 17 57 L
14 31 3 20 R
14 32 7 50 L
14 33 2 18 R
14 34 3 46 L
14 35 26 48 L
14 36 17 22 R
14 37 9 37 U
14 38 8 38 U
14 39 13 39 U
14 40 15 6 D
14 41 0 43 L
14 42 36 23 R
14 43 1 41 U
14 44 10 44 L
14 45 11 4 D
14 46 0 3 D
14 47 27 13 D
14 48 10 48 L
14 49 0 6 D
14 50 12 23 R
14 51 10 38 U
14 52 2 52 L
14 53 1 53 L
14 54 21 11 D
14 55 4 9 D
14 56 2 36 U
14 57 0 16 R
15 0 4 15 R
15 1 9 1 D
15 2 3 19 R
15 3 0 38 U
15 4 14 26 R
15 5 33 46 L
15 6 9 6 D
15 7 9 7 D
15 8 23 48 L
15 9 1 48 L
15 10 1 18 R
15 11 1 11 D
15 12 9 21 R
15 13 16 13 D
15 14 18 14 D
15 15 25 15 R
15 16 6 41 U
15 17 9 10 D
15 18 17 32 U
15 19 3 33 U
15 20 1 36 U
15 21 11 21 R
15 22 22 41 U
15 23 4 1 D
15 24 19 8 D
15 25 26 33 U
15 26 1 26 R
15 27 9 27 R
15 28 1 28 R
15 29 8 15 R
15 30 16 50 L
15 31 16 46 L
15 32 17 16 R
15 33 8 33 U
15 34 1 34 U
15 35 2 35 U
15 36 16 36 U
15 37 16 54 L
15 38 0 15 R
15 39 10 39 U
15 40 18 55 L
15 41 18 41 U
15 42 0 16 R
15 43 0 31 U
15 44 10 44 L
15 45 0 36 U
15 46 9 46 L
15 47 3 47 L
15 48 16 40 U
15 49 2 49 L
15 50 7 50 L
15 51 26 39 U
15 52 2 52 L
15 53 17 0 D
15 54 10 11 D
15 55 6 55 L
15 56 17 1 D
16 0 14 27 R
16 1 34 49 L
16 2 0 15 R
16 3 0 46 L
16 4 13 46 L
16 5 10 5 D
16 6 27 6 D
16 7 5 7 D
16 8 2 8 D
16 9 0 35 U
16 10 17 48 L
16 11 30 11 D
16 12 29 21 R
16 13 24 20 R
16 14 27 27 R
16 15 11 30 U
16 16 8 16 R
16 17 5 35 U
16 18 9 4 D
16 19 20 35 U
16 20 34 20 R
16 21 15 7 D
16 22 1 0 D
16 23 13 5 D
16 24 23 1 D
16 25 9 25 R
16 26 9 4 D
16 27 15 27 R
16 28 17 28 R
16 29 5 43 L
16 30 8 2 D
16 31 19 50 L
16 32 11 32 U
16 33 20 22 R
16 34 11 34 U
16 35 18 21 R
16 36 2 36 U
16 37 5 37 U
16 38 5 38 U
16 39 24 22 R
16 40 25 25 R
16 41 27 41 U
16 42 12 23 R
16 43 22 3 D
16 44 4 44 L
16 45 4 45 L
16 46 33 10 D
16 47 0 3 D
16 48 1 33 U
16 49 2 49 L
16 50 5 22 R
16 51 7 35 U
16 52 22 8 D
16 53 1 53 L
16 54 2 54 L
16 55 25 36 U
16 56 28 36 U
17 0 26 46 L
17 1 2 46 L
17 2 14 56 L
17 3 12 24 R
17 4 18 23 R
17 5 5 26 R
17 6 0 49 L
17 7 11 27 R
17 8 1 17 R
17 9 22 26 R
17 10 1 45 L
17 11 22 16 R
17 12 13 12 D
17 13 16 43 L
17 15 0 29 U
17 16 7 0 D
17 17 0 31 U
17 18 5 36 U
17 19 10 19 R
17 20 20 29 U
17 21 3 21 R
17 22 12 10 D
17 23 29 6 D
17 24 14 39 U
17 25 5 25 R
17 26 0 48 L
17 27 10 33 U
17 28 10 38 U
17 29 11 26 R
17 30 3 30 U
17 31 3 31 U
17 32 7 17 R
17 33 10 19 R
17 34 6 28 R
17 35 5 7 D
17 36 1 27 R
17 37 0 13 D
17 38 5 22 R
17 39 5 27 R
17 40 23 21 R
17 41 12 0 D
17 42 28 26 R
17 43 8 3 D
17 44 12 44 L
17 45 21 45 L
17 46 15 12 D
17 47 1 47 L
17 48 11 48 L
17 49 8 49 L
17 50 31 30 U
17 51 24 41 U
17 52 18 52 L
17 53 25 53 L
17 54 14 54 L
17 57 0 39 U
18 0 20 26 R
18 1 21 1 D
18 2 0 30 U
18 3 14 3 D
18 4 3 44 L
18 5 4 24 R
18 6 22 22 R
18 7 4 23 R
18 8 1 8 D
18 9 8 9 D
18 10 13 10 D
18 11 29 15 R
18 12 3 12 D
18 15 7 38 U
18 16 26 0 D
18 17 16 33 U
18 18 1 39 U
18 19 12 4 D
18 20 0 12 D
18 21 5 32 U
18 22 14 39 U
18 23 0 35 U
18 24 9 24 R
18 25 14 39 U
18 26 15 33 U
18 27 1 27 R
18 28 32 4 D
18 29 25 25 R
18 30 0 18 R
18 31 32 49 L
18 32 22 51 L
18 33 12 24 R
18 34 1 34 U
18 35 20 53 L
18 36 8 36 U
18 37 7 37 U
18 38 27 19 R
18 39 1 39 U
18 40 11 47 L
18 41 13 4 D
18 42 8 42 U
18 44 1 31 U
18 45 2 45 L
18 46 26 7 D
18 47 25 1 D
18 48 3 48 L
18 49 22 49 L
18 50 21 13 D
18 52 19 9 D
18 53 6 53 L
18 54 32 30 U
18 55 1 55 L
18 56 10 56 L
19 0 22 53 L
19 1 0 52 L
19 2 1 57 L
19 3 11 52 L
19 4 29 24 R
19 5 4 49 L
19 6 24 23 R
19 7 15 16 R
19 8 24 44 L
19 9 1 9 D
19 10 29 10 D
19 11 5 11 D
19 12 6 56 L
19 15 21 39 U
19 16 23 31 U
19 17 7 41 U
19 18 20 9 D
19 19 1 35 U
19 20 12 20 R
19 21 0 7 D
19 22 25 7 D
19 23 18 11 D
19 24 32 36 U
19 25 2 25 R
19 26 13 4 D
19 27 16 34 U
19 28 12 28 R
19 29 14 21 R
19 30 13 30 U
19 31 18 48 L
19 32 7 46 L
19 33 1 22 R
19 34 15 52 L
19 35 27 20 R
19 36 14 20 R
19 37 21 16 R
19 38 28 3 D
19 39 3 39 U
19 40 29 28 R
19 41 16 45 L
19 42 3 42 U
19 43 23 9 D
19 44 0 24 R
19 45 27 33 U
19 46 21 1 D
19 47 31 47 L
19 48 0 21 R
19 49 4 49 L
19 50 29 50 L
19 51 10 51 L
19 52 11 30 U
19 53 2 53 L
19 54 2 54 L
19 56 15 40 U
20 0 0 22 R
20 1 31 47 L
20 2 27 44 L
20 3 23 30 U
20 4 6 51 L
20 5 26 28 R
20 6 23 49 L
20 7 1 44 L
20 8 7 8 D
20 9 14 16 R
20 10 3 10 D
20 11 9 46 L
20 12 12 24 R
20 13 22 44 L
20 15 10 29 U
20 16 9 16 R
20 17 10 43 L
20 18 10 40 U
20 19 13 41 U
20 20 11 33 U
20 21 3 21 R
20 22 17 29 U
20 23 23 35 U
20 24 27 35 U
20 25 11 37 U
20 26 0 30 U
20 27 5 30 U
20 28 8 8 D
20 29 10 23 R
20 30 15 30 U
20 31 0 19 R
20 32 6 51 L
20 33 6 28 R
20 34 22 25 R
20 35 9 35 U
20 36 6 36 U
20 37 16 17 R
20 38 14 18 R
20 39 6 39 U
20 40 13 16 R
20 41 10 48 L
20 42 7 42 U
20 43 22 29 U
20 44 2 7 D
20 45 1 45 L
20 46 0 38 U
20 47 6 47 L
20 48 9 2 D
20 49 9 49 L
20 50 5 11 D
20 51 2 5 D
20 52 32 0 D
20 53 1 53 L
20 54 2 54 L
20 56 2 56 L
21 0 12 43 L
21 1 8 23 R
21 2 25 2 D
21 3 0 27 R
21 4 10 25 R
21 5 30 50 L
21 6 10 15 R
21 7 5 7 D
21 8 22 18 R
21 9 10 44 L
21 10 7 10 D
21 11 20 11 D
21 12 3 17 R
21 13 33 22 R
21 15 32 37 U
21 16 8 16 R
21 17 19 8 D
21 18 0 4 D
21 19 23 32 U
21 20 4 1 D
21 21 11 41 U
21 22 23 6 D
21 23 26 37 U
21 24 11 42 U
21 25 13 25 R
21 26 28 26 R
21 27 10 27 R
21 28 7 28 R
21 29 11 15 R
21 30 13 45 L
21 31 5 31 U
21 32 5 21 R
21 33 10 33 U
21 34 13 23 R
21 35 10 23 R
21 36 1 36 U
21 37 0 21 R
21 38 9 38 U
21 39 6 39 U
21 40 2 40 U
21 41 0 21 R
21 42 17 2 D
21 43 0 9 D
21 44 1 44 L
21 45 24 45 L
21 46 13 46 L
21 47 9 47 L
21 48 7 39 U
21 49 12 49 L
21 50 26 1 D
21 51 24 51 L
21 52 1 52 L
21 53 25 37 U
21 54 17 36 U
21 56 9 56 L
22 0 21 43 L
22 1 25 53 L
22 2 21 2 D
22 3 0 20 R
22 4 15 4 D
22 5 0 37 U
22 6 30 6 D
22 7 18 26 R
22 8 8 15 R
22 9 5 21 R
22 11 20 23 R
22 12 3 12 D
22 13 19 13 D
22 15 7 0 D
22 16 21 42 U
22 17 29 29 U
22 18 20 30 U
22 19 20 37 U
22 20 30 2 D
22 21 20 30 U
22 22 20 31 U
22 23 0 1 D
22 24 17 24 R
22 25 8 25 R
22 26 1 13 D
22 27 13 27 R
22 28 10 28 R
22 29 29 20 R
22 30 3 43 L
22 31 0 23 R
22 32 4 28 R
22 33 5 23 R
22 34 18 28 R
22 35 7 35 U
22 36 17 27 R
22 37 0 18 R
22 38 8 38 U
22 39 0 9 D
22 40 10 25 R
22 41 0 0 D
22 42 0 28 R
22 43 5 11 D
22 44 4 29 U
22 45 2 34 U
22 46 9 46 L
22 47 6 1 D
22 48 26 34 U
22 49 8 49 L
22 50 6 0 D
22 52 19 0 D
22 53 6 41 U
22 54 12 54 L
22 56 32 56 L
23 0 27 49 L
23 1 9 52 L
23 2 16 2 D
23 3 4 15 R
23 4 25 43 L
23 5 18 43 L
23 6 15 6 D
23 7 22 37 U
23 8 25 17 R
23 9 31 9 D
23 10 13 44 L
23 11 8 11 D
23 12 4 17 R
23 15 3 5 D
23 17 17 40 U
23 18 2 18 R
23 19 15 41 U
23 20 25 0 D
23 21 10 35 U
23 22 0 56 L
23 24 18 24 R
23 25 1 25 R
23 26 1 26 R
23 27 3 38 U
23 28 28 32 U
23 29 13 44 L
23 30 3 20 R
23 31 28 54 L
23 32 1 32 U
23 33 33 20 R
23 34 2 27 R
23 35 13 15 R
23 36 5 15 R
23 37 5 37 U
23 38 26 43 L
23 39 0 27 R
23 40 7 40 U
23 41 5 16 R
23 42 18 13 D
23 43 2 0 D
23 44 30 20 R
23 45 16 3 D
23 46 1 46 L
23 47 11 9 D
23 48 2 37 U
23 49 4 10 D
23 50 8 31 U
23 51 12 51 L
23 52 3 52 L
23 53 0 10 D
23 54 4 54 L
24 0 25 22 R
24 1 5 52 L
24 2 10 20 R
24 3 9 3 D
24 4 10 4 D
24 5 6 53 L
24 6 10 44 L
24 7 25 44 L
24 8 28 8 D
24 9 21 25 R
24 11 15 52 L
24 12 15 12 D
24 15 14 5 D
24 16 23 16 R
24 17 4 4 D
24 18 18 34 U
24 19 12 19 R
24 20 4 35 U
24 21 19 10 D
24 22 25 32 U
24 23 23 42 U
24 24 0 36 U
24 25 17 25 R
24 26 1 26 R
24 27 10 27 R
24 28 14 28 R
24 29 7 18 R
24 30 3 24 R
24 31 22 43 L
24 32 26 32 U
24 33 3 19 R
24 34 27 46 L
24 35 32 17 R
24 36 18 52 L
24 37 11 20 R
24 38 23 15 R
24 39 0 17 R
24 40 3 40 U
24 41 6 24 R
24 42 31 42 U
24 43 12 1 D
24 44 13 6 D
24 45 19 36 U
24 46 26 33 U
24 47 2 31 U
24 48 2 30 U
24 49 16 10 D
24 50 2 50 L
24 52 5 52 L
24 54 30 3 D
25 0 18 45 L
25 1 22 22 R
25 2 1 2 D
25 3 19 15 R
25 4 28 25 R
25 5 4 5 D
25 6 1 45 L
25 7 7 7 D
25 8 16 8 D
25 9 29 55 L
25 11 8 44 L
25 12 22 15 R
25 15 13 36 U
25 16 26 30 U
25 17 14 38 U
25 18 6 31 U
25 19 15 2 D
25 20 35 20 R
25 21 20 37 U
25 22 1 22 R
25 24 21 38 U
25 25 0 48 L
25 26 9 26 R
25 27 10 27 R
25 28 26 54 L
25 29 24 28 R
25 30 10 23 R
25 31 26 16 R
25 32 22 52 L
25 33 10 45 L
25 34 27 45 L
25 35 18 56 L
25 36 2 36 U
25 37 6 37 U
25 38 6 38 U
25 39 7 39 U
25 40 22 40 U
25 41 0 12 D
25 42 4 42 U
25 43 14 30 U
25 44 16 32 U
25 45 27 42 U
25 46 7 35 U
25 47 0 31 U
25 48 20 3 D
25 49 3 49 L
25 50 31 40 U
25 51 11 51 L
25 52 4 52 L
25 54 31 37 U
25 55 5 55 L
25 56 2 56 L
26 0 24 48 L
26 1 1 1 D
26 2 14 54 L
26 3 19 51 L
26 4 5 19 R
26 5 16 52 L
26 6 25 17 R
26 7 2 7 D
26 8 19 8 D
26 9 12 45 L
26 10 28 50 L
26 11 29 18 R
26 12 2 24 R
26 14 3 14 D
26 15 20 29 U
26 16 10 29 U
26 17 21 12 D
26 18 4 33 U
26 19 4 37 U
26 20 18 3 D
26 21 22 33 U
26 22 10 22 R
26 24 24 24 R
26 25 5 32 U
26 26 2 26 R
26 27 4 27 R
26 28 13 33 U
26 29 4 54 L
26 30 5 46 L
26 31 16 26 R
26 32 30 27 R
26 33 21 47 L
26 34 8 34 U
26 35 10 7 D
26 36 13 36 U
26 37 5 26 R
26 38 0 5 D
26 39 7 39 U
26 40 6 40 U
26 41 32 12 D
26 42 14 42 U
26 43 22 11 D
26 44 12 30 U
26 45 20 18 R
26 46 5 46 L
26 47 25 8 D
26 48 21 48 L
26 49 24 7 D
26 50 0 32 U
26 51 10 51 L
26 52 12 42 U
26 54 7 3 D
27 0 14 43 L
27 1 8 16 R
27 2 2 52 L
27 3 14 54 L
27 4 20 4 D
27 5 3 5 D
27 6 25 55 L
27 7 3 7 D
27 8 7 8 D
27 9 25 9 D
27 11 11 35 U
27 12 25 22 R
27 15 10 34 U
27 16 10 16 R
27 17 28 9 D
27 18 2 18 R
27 19 31 7 D
27 21 2 30 U
27 22 2 5 D
27 24 12 24 R
27 25 2 25 R
27 26 34 30 U
27 27 11 27 R
27 28 3 28 R
27 30 1 15 R
27 31 20 15 R
27 32 14 2 D
27 33 24 33 U
27 34 0 50 L
27 35 7 19 R
27 36 8 36 U
27 37 0 51 L
27 38 0 24 R
27 39 2 39 U
27 41 18 41 U
27 42 3 42 U
27 43 26 32 U
27 44 29 33 U
27 45 21 1 D
27 46 24 30 U
27 47 3 47 L
27 48 31 12 D
27 49 14 2 D
27 50 21 41 U
27 51 25 51 L
27 52 26 42 U
27 54 25 32 U
27 55 11 55 L
27 56 16 38 U
28 0 29 0 D
28 1 26 55 L
28 2 29 51 L
28 3 9 54 L
28 4 2 27 R
28 5 8 5 D
28 6 6 6 D
28 7 17 43 L
28 8 13 47 L
28 9 2 9 D
28 10 5 10 D
28 11 11 11 D
28 12 3 12 D
28 15 20 0 D
28 17 25 17 R
28 18 1 18 R
28 19 7 1 D
28 21 10 2 D
28 22 10 22 R
28 23 26 4 D
28 24 14 24 R
28 25 25 2 D
28 26 0 43 L
28 27 31 38 U
28 28 33 34 U
28 30 31 0 D
28 31 0 44 L
28 32 0 6 D
28 33 19 9 D
28 34 9 46 L
28 35 17 49 L
28 36 31 21 R
28 37 0 9 D
28 38 26 48 L
28 39 22 48 L
28 41 30 17 R
28 42 20 42 U
28 43 12 2 D
28 44 22 5 D
28 45 16 8 D
28 46 4 32 U
28 47 15 36 U
28 48 17 48 L
28 49 16 11 D
28 50 0 23 R
28 52 30 7 D
28 54 3 54 L
28 55 14 55 L
29 0 10 17 R
29 1 26 17 R
29 2 6 2 D
29 3 17 19 R
29 5 3 5 D
29 6 7 6 D
29 7 16 53 L
29 9 6 9 D
29 10 1 22 R
29 11 10 11 D
29 12 13 19 R
29 14 2 14 D
29 16 0 14 D
29 17 10 17 R
29 18 0 49 L
29 19 17 19 R
29 21 12 21 R
29 22 10 34 U
29 23 18 31 U
29 25 10 41 U
29 26 33 31 U
29 27 0 10 D
29 28 30 28 R
29 30 31 49 L
29 31 21 45 L
29 33 12 25 R
29 34 27 27 R
29 35 1 35 U
29 36 10 36 U
29 37 30 12 D
29 38 16 38 U
29 39 38 21 R
29 40 0 10 D
29 41 3 41 U
29 42 0 14 D
29 43 0 1 D
29 44 24 13 D
29 45 32 32 U
29 46 30 36 U
29 47 7 6 D
29 48 24 41 U
29 49 26 38 U
29 50 7 42 U
29 51 34 6 D
29 52 32 32 U
29 53 0 35 U
29 54 8 54 L
30 0 7 0 D
30 1 10 48 L
30 2 0 55 L
30 3 25 22 R
30 5 4 21 R
30 6 1 6 D
30 7 2 7 D
30 8 1 19 R
30 9 25 9 D
30 11 11 11 D
30 12 13 25 R
30 16 26 39 U
30 17 8 33 U
30 18 29 18 R
30 19 0 50 L
30 21 2 32 U
30 22 23 13 D
30 25 28 32 U
30 26 9 26 R
30 27 12 41 U
30 28 25 40 U
30 30 22 23 R
30 31 31 31 U
30 33 16 33 U
30 34 2 34 U
30 35 5 35 U
30 36 0 22 R
30 37 27 27 R
30 38 15 12 D
30 39 1 39 U
30 40 18 22 R
30 41 23 41 U
30 42 27 42 U
30 44 12 7 D
30 45 15 10 D
30 46 29 37 U
30 47 1 47 L
30 48 25 41 U
30 49 27 2 D
30 50 19 9 D
30 52 18 52 L
30 54 9 54 L
31 0 10 54 L
31 2 10 21 R
31 3 29 19 R
31 5 9 5 D
31 6 9 20 R
31 7 24 47 L
31 9 12 24 R
31 11 1 11 D
31 12 24 12 D
31 13 12 50 L
31 17 36 34 U
31 18 14 18 R
31 19 0 39 U
31 21 13 21 R
31 22 26 29 U
31 23 11 23 R
31 25 13 1 D
31 26 30 29 U
31 30 33 45 L
31 31 8 31 U
31 33 0 45 L
31 34 30 34 U
31 35 13 20 R
31 36 32 21 R
31 37 22 37 U
31 39 11 39 U
31 40 1 40 U
31 42 5 42 U
31 44 17 13 D
31 45 9 45 L
31 47 16 7 D
31 48 2 48 L
31 49 3 18 R
31 50 13 14 D
31 52 30 22 R
32 0 10 0 D
32 2 19 20 R
32 3 18 3 D
32 6 2 55 L
32 7 25 28 R
32 10 23 56 L
32 11 10 11 D
32 12 14 43 L
32 17 9 2 D
32 18 35 1 D
32 19 10 19 R
32 21 18 30 U
32 22 31 22 R
32 23 26 29 U
32 25 21 0 D
32 27 4 27 R
32 30 21 8 D
32 33 18 49 L
32 34 1 34 U
32 35 3 35 U
32 36 0 8 D
32 37 9 37 U
32 39 9 39 U
32 42 5 42 U
32 44 6 9 D
32 47 28 6 D
32 49 5 49 L
32 55 17 55 L
33 0 8 0 D
33 2 20 18 R
33 3 1 43 L
33 6 0 41 U
33 7 13 54 L
33 12 16 44 L
33 17 0 0 D
33 18 34 11 D
33 22 9 40 U
33 25 10 25 R
33 30 32 46 L
33 33 14 44 L
33 34 31 11 D
33 35 32 46 L
33 36 8 36 U
33 37 12 37 U
33 42 0 15 R
33 44 26 10 D
33 47 23 38 U
33 49 18 1 D
34 0 4 0 D
34 2 13 49 L
34 3 2 3 D
34 6 28 52 L
34 12 19 12 D
34 17 12 29 U
34 33 1 26 R
34 34 7 34 U
34 36 6 36 U
34 42 26 42 U
34 44 5 44 L
34 47 25 47 L
34 49 14 49 L
35 0 9 0 D
35 6 1 48 L
35 33 27 46 L
35 36 6 36 U
35 42 26 42 U
35 44 0 2 D
35 47 28 40 U
35 49 33 49 L
36 0 6 0 D
36 6 7 6 D
36 44 4 44 L
36 49 19 5 D
37 0 6 0 D
37 44 31 35 U
38 44 13 2 D

