12 8 81
2 5 0 0 0 8 6 0 0 0 5 0
10 0 0 3 4 7 0 0 9 0 0 0
0 0 1 0 0 0 0 0 3 0 3 8
0 0 5 0 0 3 0 6 0 1 0 0
0 3 0 0 0 0 0 0 0 1 0 0
0 0 0 0 0 0 1 0 7 3 0 0
0 0 0 9 0 0 0 2 0 0 0 6
0 7 8 0 3 0 0 0 9 0 4 0
11 0 0 0 0 0 10 0 0 0 0 7
8 0 0 0 0 0 3 0 0 0 4 0
8 0 0 0 0 3 0 0 0 0 0 1
4 0 0 0 0 0 7 0 1 0 11 0
0 0 0 0 R
0 1 0 1 R
0 2 0 2 U
0 3 0 3 U
0 4 0 4 D
0 5 0 5 D
0 6 0 6 L
0 7 0 7 L
1 0 0 4 D
1 1 0 6 L
1 2 0 0 R
1 3 7 1 R
1 4 0 0 R
1 5 3 0 R
1 6 4 6 L
1 7 3 7 L
2 0 0 3 U
2 1 1 5 D
2 2 1 0 R
2 3 6 6 L
2 4 4 0 R
2 5 5 3 U
2 6 3 4 D
2 7 3 4 D
3 0 5 4 D
3 1 1 1 R
3 2 5 2 U
3 3 2 3 U
3 4 0 6 L
3 5 0 3 U
3 6 0 2 U
3 7 1 7 L
4 0 1 6 L
4 1 6 5 D
4 2 2 6 L
4 3 6 3 U
4 4 0 1 R
4 5 3 6 L
4 6 3 3 U
4 7 1 3 U
5 0 3 0 R
5 1 2 4 D
5 2 4 7 L
5 3 8 0 R
5 4 7 4 D
5 5 3 1 R
5 6 7 4 D
5 7 0 5 D
6 0 3 2 U
6 1 3 1 R
6 2 0 6 L
6 3 0 7 L
6 4 3 4 D
6 5 8 5 D
6 6 0 3 U
6 7 1 7 L
7 0 0 7 L
7 1 1 1 R
7 2 2 2 U
7 3 2 1 R
7 4 4 6 L
7 5 0 7 L
7 6 3 2 U
7 7 0 3 U
8 0 7 5 D
8 2 0 4 D
8 3 5 3 U
8 4 7 1 R
8 5 1 0 R
8 6 9 2 U
8 7 7 5 D
9 0 6 7 L
9 2 4 6 L
9 4 8 2 U
9 5 4 1 R
9 7 5 5 D
10 0 3 4 D
10 2 9 1 R
10 5 4 5 D
11 2 10 2 U
11 5 0 2 U

