27 20 456
0 15 11 4 0 0 13 24 0 0 0 22 0 0 20 0 0
17 22 0 0 0 11 0 25 0 0 0 0 9 12 0 0 0
0 0 21 0 0 19 16 21 10 7 7 0 0 15 0 19 0
0 6 22 6 0 0 0 0 0 3 0 8 0 2 0 0 0
1 0 21 2 4 12 0 0 0 0 12 0 0 0 0 0 2
0 0 0 0 0 0 0 0 0 0 0 0 15 0 0 0 0
0 0 0 0 0 0 0 0 0 5 17 9 0 0 0 0 0
0 0 0 0 0 0 0 0 0 7 0 0 14 19 0 0 0
0 23 0 17 7 12 0 16 0 0 0 0 1 14 0 0 0
11 0 24 0 0 24 0 0 0 0 0 21 0 0 0 0 2
24 9 0 9 0 20 0 0 0 0 0 0 2 0 0 0 15
0 0 4 18 0 0 26 0 0 0 22 0 0 0 10 0 0
0 0 0 8 0 0 0 0 18 18 0 9 0 0 19 16 3
0 0 0 0 0 0 0 0 20 20 9 18 7 4 0 0 0
0 15 14 18 0 0 14 16 0 0 0 0 0 0 23 0 6
0 17 0 0 0 6 0 0 0 0 0 0 0 0 14 0 17
20 10 0 0 0 3 0 0 21 0 0 0 0 0 12 0 0
0 0 0 0 U
0 1 0 1 U
0 2 0 2 U
0 3 0 3 U
0 4 0 4 U
0 5 0 5 R
0 6 0 6 R
0 7 0 7 R
0 8 0 8 R
0 9 0 9 R
0 10 0 10 D
0 11 0 11 D
0 12 0 12 D
0 13 0 13 D
0 14 0 14 D
0 15 0 15 L
0 16 0 16 L
0 17 0 17 L
0 18 0 18 L
0 19 0 19 L
1 0 0 6 R
1 1 7 10 D
1 2 13 16 L
1 3 2 3 U
1 4 3 4 U
1 5 0 10 D
1 6 8 13 D
1 7 9 11 D
1 8 14 11 D
1 9 9 12 D
1 10 4 7 R
1 11 3 11 D
1 12 5 12 D
1 13 2 13 D
1 14 6 14 D
1 15 4 14 D
1 16 13 10 D
1 17 15 14 D
1 18 18 18 L
1 19 3 19 L
2 0 0 10 D
2 1 0 16 L
2 2 5 2 U
2 3 19 9 R
2 4 8 5 R
2 5 10 10 D
2 6 10 14 D
2 7 3 10 D
2 8 8 13 D
2 9 19 14 D
2 10 0 0 U
2 11 15 17 L
2 12 1 12 D
2 13 4 13 D
2 14 0 8 R
2 15 13 13 D
2 16 8 13 D
2 17 11 17 L
2 18 18 3 U
2 19 7 9 R
3 0 2 16 L
3 1 2 15 L
3 2 4 15 L
3 3 10 15 L
3 4 1 19 L
3 5 0 12 D
3 6 10 12 D
3 7 4 12 D
3 8 8 14 D
3 9 6 9 R
3 10 16 10 D
3 11 14 18 L
3 12 9 12 D
3 13 10 13 D
3 14 1 14 D
3 15 16 1 U
3 16 16 2 U
3 17 8 0 U
3 18 5 18 L
3 19 7 19 L
4 0 1 6 R
4 1 0 15 L
4 2 1 2 U
4 3 5 16 L
4 4 1 4 U
4 5 1 13 D
4 6 20 6 R
4 7 0 18 L
4 8 12 18 L
4 9 0 2 U
4 10 10 6 R
4 11 13 5 R
4 12 11 8 R
4 13 15 4 U
4 14 13 14 D
4 15 3 1 U
4 16 16 11 D
4 17 11 11 D
4 18 15 3 U
4 19 13 0 U
5 0 13 18 L
5 1 13 5 R
5 2 6 2 U
5 3 8 3 U
5 4 6 6 R
5 5 3 14 D
5 6 14 13 D
5 7 3 11 D
5 8 14 8 R
5 9 6 9 R
5 10 6 18 L
5 11 6 16 L
5 12 10 7 R
5 13 8 13 D
5 14 9 14 D
5 15 18 10 D
5 16 22 12 D
5 17 13 17 L
5 18 19 0 U
5 19 12 3 U
6 0 0 18 L
6 1 17 1 U
6 2 2 2 U
6 3 8 8 R
6 4 2 4 U
6 5 12 1 U
6 6 11 3 U
6 7 5 3 U
6 8 14 1 U
6 9 9 3 U
6 10 16 5 R
6 11 16 11 D
6 12 20 6 R
6 13 15 6 R
6 14 2 6 R
6 15 5 4 U
6 16 0 11 D
6 17 7 17 L
6 18 18 4 U
6 19 22 2 U
7 0 4 9 R
7 1 12 12 D
7 2 0 14 D
7 3 15 11 D
7 4 1 4 U
7 5 18 5 R
7 6 10 6 R
7 7 11 7 R
7 8 3 11 D
7 9 14 9 R
7 10 14 19 L
7 11 6 6 R
7 12 3 7 R
7 13 0 6 R
7 14 8 18 L
7 15 15 0 U
7 16 4 16 L
7 17 11 12 D
7 18 5 18 L
7 19 11 12 D
8 0 19 16 L
8 1 13 16 L
8 2 12 6 R
8 3 5 5 R
8 4 3 17 L
8 5 0 14 D
8 6 17 10 D
8 7 3 14 D
8 8 12 2 U
8 9 21 11 D
8 10 0 15 L
8 11 20 17 L
8 12 0 2 U
8 13 3 19 L
8 14 5 14 D
8 15 21 3 U
8 16 6 3 U
8 17 17 4 U
8 18 7 13 D
8 19 12 14 D
9 0 2 6 R
9 1 1 1 U
9 2 3 2 U
9 3 17 19 L
9 4 8 14 D
9 5 11 0 U
9 6 11 11 D
9 7 14 3 U
9 8 17 8 R
9 9 23 2 U
9 10 14 17 L
9 11 16 19 L
9 12 0 16 L
9 13 3 13 D
9 14 12 6 R
9 15 18 2 U
9 16 13 2 U
9 17 22 4 U
9 18 7 8 R
9 19 2 11 D
10 0 12 17 L
10 1 5 15 L
10 2 21 6 R
10 3 9 17 L
10 4 5 17 L
10 5 8 11 D
10 6 5 0 U
10 7 17 1 U
10 8 14 4 U
10 9 12 9 R
10 10 5 8 R
10 11 17 16 L
10 12 16 9 R
10 13 8 5 R
10 14 0 3 U
10 15 0 0 U
10 16 17 2 U
10 17 4 1 U
10 18 7 4 U
10 19 2 14 D
11 0 12 15 L
11 1 2 18 L
11 2 0 7 R
11 3 20 7 R
11 4 6 9 R
11 5 13 0 U
11 6 5 1 U
11 7 4 10 D
11 8 8 4 U
11 9 18 9 R
11 10 10 15 L
11 11 5 6 R
11 12 0 18 L
11 13 14 18 L
11 14 1 8 R
11 15 14 14 D
11 16 0 10 D
11 17 20 3 U
11 18 24 1 U
11 19 2 1 U
12 0 8 0 U
12 1 1 1 U
12 2 13 7 R
12 3 0 5 R
12 4 6 4 U
12 5 15 10 D
12 6 0 16 L
12 7 13 1 U
12 8 3 12 D
12 9 14 12 D
12 10 11 15 L
12 11 15 18 L
12 12 21 12 D
12 13 10 15 L
12 14 0 19 L
12 15 13 11 D
12 16 0 14 D
12 18 7 3 U
12 19 11 19 L
13 0 8 5 R
13 1 16 16 L
13 2 2 6 R
13 3 2 3 U
13 4 1 8 R
13 5 17 12 D
13 6 3 10 D
13 7 18 10 D
13 8 1 8 R
13 9 12 9 R
13 10 9 16 L
13 11 16 7 R
13 12 11 9 R
13 13 20 13 D
13 14 1 14 D
13 15 0 1 U
13 16 22 4 U
13 17 21 1 U
13 18 15 12 D
13 19 19 19 L
14 0 8 19 L
14 1 17 17 L
14 2 0 17 L
14 3 0 13 D
14 4 7 18 L
14 5 8 0 U
14 6 3 0 U
14 7 12 1 U
14 8 7 0 U
14 9 6 17 L
14 10 6 16 L
14 11 12 15 L
14 12 10 17 L
14 13 6 13 D
14 14 2 5 R
14 15 21 0 U
14 16 11 16 L
14 17 2 17 L
14 18 5 2 U
14 19 9 19 L
15 0 13 15 L
15 1 12 18 L
15 2 5 2 U
15 3 0 12 D
15 4 21 18 L
15 5 7 1 U
15 6 9 2 U
15 7 0 13 D
15 8 0 11 D
15 9 14 11 D
15 10 19 6 R
15 11 17 7 R
15 12 16 5 R
15 13 7 7 R
15 14 9 8 R
15 15 22 4 U
15 16 16 3 U
15 17 12 0 U
15 19 10 1 U
16 0 4 10 D
16 1 7 12 D
16 2 2 2 U
16 3 20 3 U
16 4 14 4 U
16 5 2 4 U
16 6 19 11 D
16 7 14 12 D
16 8 9 3 U
16 9 11 19 L
16 10 0 5 R
16 11 10 3 U
16 12 10 6 R
16 13 13 8 R
16 14 2 3 U
16 15 6 4 U
16 16 4 0 U
16 17 23 2 U
16 19 10 2 U
17 0 13 8 R
17 1 3 15 L
17 2 9 10 D
17 3 0 7 R
17 4 5 4 U
17 5 0 0 U
17 6 0 1 U
17 7 13 11 D
17 8 21 8 R
17 9 8 13 D
17 10 3 5 R
17 11 3 6 R
17 12 0 4 U
17 13 3 13 D
17 14 9 5 R
17 15 22 0 U
17 16 11 1 U
17 17 1 17 L
17 18 0 3 U
17 19 16 4 U
18 0 2 19 L
18 1 19 15 L
18 2 7 11 D
18 3 22 6 R
18 4 1 12 D
18 5 0 17 L
18 6 6 6 R
18 7 23 7 R
18 8 6 8 R
18 9 6 9 R
18 10 2 15 L
18 11 3 8 R
18 12 4 1 U
18 13 10 8 R
18 14 9 7 R
18 15 4 15 L
18 16 5 2 U
18 17 8 17 L
18 19 3 19 L
19 0 8 7 R
19 1 1 7 R
19 2 2 17 L
19 3 20 16 L
19 4 18 13 D
19 5 22 14 D
19 6 2 12 D
19 7 2 11 D
19 8 11 17 L
19 9 16 9 R
19 10 12 16 L
19 11 7 7 R
19 12 5 12 D
19 13 0 19 L
19 14 10 14 D
19 15 1 3 U
19 16 12 14 D
19 17 15 0 U
19 18 16 3 U
19 19 20 14 D
20 0 16 0 U
20 1 18 13 D
20 2 2 10 D
20 3 10 9 R
20 4 15 17 L
20 5 3 0 U
20 6 13 14 D
20 7 15 13 D
20 8 25 10 D
20 9 7 9 R
20 10 22 10 D
20 11 14 9 R
20 12 4 12 D
20 13 22 13 D
20 14 21 9 R
20 15 17 3 U
20 16 19 16 L
20 17 19 11 D
20 18 0 2 U
20 19 7 19 L
21 0 19 19 L
21 1 20 1 U
21 2 20 11 D
21 3 2 14 D
21 4 20 4 U
21 6 18 12 D
21 7 19 10 D
21 10 7 5 R
21 11 7 5 R
21 12 6 6 R
21 14 13 9 R
21 15 0 8 R
21 16 4 11 D
21 19 11 19 L
22 0 20 15 L
22 1 0 10 D
22 2 12 7 R
22 3 5 3 U
22 4 5 5 R
22 6 13 16 L
22 11 14 5 R
22 12 1 5 R
22 13 6 5 R
22 14 8 7 R
22 16 23 12 D
23 0 9 15 L
23 2 6 2 U
23 4 7 7 R
23 9 0 3 U
23 11 8 19 L
23 12 17 5 R
23 16 1 4 U
24 0 9 8 R
24 2 21 16 L
24 4 2 6 R
24 11 13 6 R
24 16 15 1 U
25 2 3 2 U
25 4 2 4 U
26 2 15 12 D

