21 17 299
17 0 0 0 0 0 0 0 0 0 0 5
15 10 0 0 0 0 0 0 0 13 1 19
15 13 0 0 0 0 0 0 0 19 0 12
16 0 18 18 0 0 0 5 0 1 16 10
7 15 0 2 0 0 0 0 5 14 14 2
2 1 0 0 10 0 4 16 0 0 0 9
5 9 16 0 14 0 14 0 0 0 0 0
0 0 17 18 0 0 0 9 0 0 0 0
0 0 19 0 7 0 14 16 0 0 16 16
0 0 2 9 0 0 0 6 0 5 0 1
0 0 13 12 0 0 0 16 0 0 0 10
14 16 17 0 0 0 0 7 18 0 10 0
0 0 0 0 L
0 1 0 1 L
0 2 0 2 L
0 3 0 3 L
0 4 0 4 R
0 5 0 5 R
0 6 0 6 R
0 7 0 7 R
0 8 0 8 R
0 9 0 9 D
0 10 0 10 D
0 11 0 11 D
0 12 0 12 D
0 13 0 13 U
0 14 0 14 U
0 15 0 15 U
0 16 0 16 U
1 0 10 14 U
1 1 4 11 D
1 2 15 2 L
1 3 6 16 U
1 4 5 9 D
1 5 6 9 D
1 6 9 15 U
1 7 8 7 R
1 8 3 12 D
1 9 4 9 D
1 10 2 10 D
1 11 2 1 L
1 12 0 1 L
1 13 3 6 R
1 14 14 5 R
1 15 13 4 R
1 16 0 12 D
2 0 3 9 D
2 1 5 1 L
2 2 12 15 U
2 3 0 7 R
2 4 0 9 D
2 5 0 0 L
2 6 10 6 R
2 7 4 3 L
2 8 7 14 U
2 9 9 6 R
2 10 12 5 R
2 11 0 5 R
2 12 14 5 R
2 13 4 8 R
2 14 3 14 U
2 15 4 15 U
2 16 1 16 U
3 0 13 9 D
3 1 4 15 U
3 2 9 2 L
3 3 1 9 D
3 4 1 10 D
3 5 10 9 D
3 6 0 11 D
3 7 4 13 U
3 9 2 3 L
3 10 5 4 R
3 11 11 5 R
3 12 8 12 D
3 13 7 3 L
3 14 12 8 R
3 15 7 15 U
3 16 2 16 U
4 0 0 9 D
4 1 7 10 D
4 2 0 16 U
4 3 12 3 L
4 4 16 9 D
4 5 5 5 R
4 6 10 11 D
4 7 7 9 D
4 9 13 13 U
4 10 6 10 D
4 11 2 6 R
4 12 7 12 D
4 13 0 4 R
4 14 18 6 R
4 15 0 6 R
4 16 1 0 L
5 0 11 13 U
5 1 16 1 L
5 2 11 9 D
5 3 2 3 L
5 4 2 1 L
5 5 0 1 L
5 6 17 6 R
5 7 20 7 R
5 9 2 0 L
5 10 11 3 L
5 11 0 16 U
5 12 11 12 D
5 13 0 0 L
5 14 0 1 L
5 15 13 0 L
5 16 7 2 L
6 0 4 10 D
6 1 5 13 U
6 2 2 2 L
6 3 10 14 U
6 4 5 1 L
6 5 0 14 U
6 6 0 2 L
6 7 3 9 D
6 9 0 16 U
6 10 3 6 R
6 11 15 2 L
6 12 2 12 D
6 13 1 4 R
6 14 14 6 R
6 15 14 15 U
6 16 2 16 U
7 0 8 4 R
7 1 9 9 D
7 2 8 15 U
7 3 0 12 D
7 4 4 13 U
7 5 14 11 D
7 6 11 12 D
7 7 0 16 U
7 8 11 9 D
7 9 0 2 L
7 10 0 0 L
7 11 3 11 D
7 12 8 12 D
7 13 5 5 R
7 14 2 14 U
7 15 1 15 U
7 16 4 7 R
8 0 7 4 R
8 1 15 10 D
8 2 2 5 R
8 3 17 3 L
8 4 0 13 U
8 5 0 2 L
8 6 10 9 D
8 7 10 10 D
8 9 1 2 L
8 10 12 1 L
8 11 13 14 U
8 12 11 6 R
8 13 13 5 R
8 14 9 14 U
8 15 15 1 L
8 16 10 5 R
9 0 7 12 D
9 1 3 15 U
9 2 3 16 U
9 3 10 13 U
9 4 11 4 R
9 5 2 5 R
9 6 5 10 D
9 7 10 7 R
9 9 3 5 R
9 10 13 10 D
9 11 10 3 L
9 12 15 12 D
9 13 15 13 U
9 14 12 2 L
9 15 1 0 L
9 16 17 10 D
10 0 2 14 U
10 1 0 14 U
10 2 1 11 D
10 3 1 3 L
10 4 3 4 R
10 5 0 15 U
10 6 8 2 L
10 7 0 12 D
10 8 1 8 R
10 9 0 13 U
10 10 6 10 D
10 11 12 2 L
10 12 6 7 R
10 13 3 1 L
10 14 11 5 R
10 15 0 3 L
10 16 0 5 R
11 0 15 0 L
11 1 15 13 U
11 2 1 2 L
11 3 7 12 D
11 4 2 0 L
11 5 5 5 R
11 6 2 16 U
11 7 19 7 R
11 9 14 15 U
11 10 7 2 L
11 11 0 6 R
11 12 6 8 R
11 13 0 2 L
11 14 7 1 L
11 15 14 15 U
11 16 7 16 U
12 0 13 16 U
12 1 7 5 R
12 2 4 10 D
12 3 4 11 D
12 4 13 9 D
12 5 5 15 U
12 6 1 6 R
12 7 17 16 U
12 9 9 9 D
12 10 10 5 R
12 11 10 0 L
12 12 2 4 R
12 13 13 0 L
12 14 11 7 R
12 15 1 7 R
12 16 4 3 L
13 0 0 10 D
13 1 1 12 D
13 2 9 16 U
13 3 2 3 L
13 4 5 10 D
13 5 14 0 L
13 6 16 14 U
13 7 4 7 R
13 8 6 8 R
13 9 0 15 U
13 10 10 15 U
13 11 10 4 R
13 12 3 12 D
13 13 3 4 R
13 14 4 14 U
13 15 6 4 R
13 16 12 7 R
14 0 0 13 U
14 1 6 14 U
14 2 17 2 L
14 3 12 9 D
14 4 15 10 D
14 5 13 1 L
14 6 5 6 R
14 7 4 7 R
14 9 12 4 R
14 10 2 10 D
14 11 4 11 D
14 12 8 16 U
14 13 11 1 L
14 14 15 9 D
14 15 18 0 L
14 16 1 16 U
15 0 12 12 D
15 1 17 13 U
15 2 13 12 D
15 3 12 11 D
15 4 1 11 D
15 5 1 2 L
15 6 2 0 L
15 8 6 8 R
15 9 17 4 R
15 10 0 13 U
15 11 7 11 D
15 12 4 4 R
15 13 9 7 R
15 14 7 14 U
15 15 13 5 R
15 16 10 3 L
16 0 4 16 U
16 1 15 11 D
16 2 12 14 U
16 3 5 3 L
16 4 5 4 R
16 5 15 0 L
16 6 3 6 R
16 7 4 7 R
16 9 14 3 L
16 10 10 0 L
16 11 1 3 L
16 12 15 14 U
16 13 8 2 L
16 14 7 4 R
16 15 10 15 U
16 16 4 16 U
17 0 1 13 U
17 2 12 6 R
17 3 12 3 L
17 4 14 15 U
17 6 16 6 R
17 9 16 7 R
17 10 4 13 U
17 12 13 3 L
17 14 5 14 U
17 15 9 6 R
17 16 4 16 U
18 0 1 9 D
18 3 1 11 D
18 4 12 11 D
18 9 4 13 U
18 10 17 10 D
18 16 14 1 L
19 3 7 3 L
19 4 1 0 L
19 16 9 16 U
20 3 16 10 D

