20 16 265
0 0 0 0 0 0 0 8 0 15 0 0 0 1 0 0 0
15 8 0 0 0 0 0 18 0 0 0 0 0 0 0 0 19
1 19 0 0 0 0 0 0 0 9 1 0 0 18 0 0 15
16 0 19 0 0 0 0 17 0 18 0 0 0 18 0 0 8
0 0 0 0 12 0 0 0 0 0 0 0 0 9 0 0 0
0 0 0 15 0 16 0 11 19 0 7 4 0 0 0 0 2
0 0 0 2 0 0 13 0 11 6 0 0 0 8 0 18 5
0 0 0 2 0 0 0 0 0 0 15 9 0 0 0 0 0
12 0 0 15 4 0 15 12 0 0 0 0 0 0 0 9 0
0 0 0 0 0 0 0 13 0 0 0 0 7 18 13 0 5
0 0 0 0 0 0 0 6 1 12 9 0 0 1 0 1 0
0 0 0 17 0 0 8 0 0 0 0 0 0 0 0 9 0
0 0 0 0 0 0 0 0 0 0 0 0 0 2 0 0 0
18 10 3 17 6 14 6 1 9 16 0 0 0 9 0 0 9
18 0 16 0 0 17 0 0 0 0 0 0 1 0 0 0 0
0 0 8 4 0 5 0 12 0 1 0 0 0 0 0 0 0
10 0 7 17 0 0 6 1 0 5 0 0 0 0 0 0 0
0 0 0 0 U
0 1 0 1 U
0 2 0 2 U
0 3 0 3 U
0 4 0 4 R
0 5 0 5 R
0 6 0 6 R
0 7 0 7 R
0 8 0 8 D
0 9 0 9 D
0 10 0 10 D
0 11 0 11 D
0 12 0 12 D
0 13 0 13 L
0 14 0 14 L
0 15 0 15 L
1 0 8 0 U
1 1 0 8 D
1 2 13 2 U
1 3 10 3 U
1 4 5 4 R
1 5 16 5 R
1 6 12 6 R
1 7 12 11 D
1 8 0 5 R
1 9 15 5 R
1 10 0 1 U
1 11 0 14 L
1 12 8 0 U
1 13 0 0 U
1 14 0 3 U
1 15 14 0 U
2 0 12 0 U
2 1 8 1 U
2 2 4 13 L
2 3 6 3 U
2 4 6 9 D
2 5 8 8 D
2 6 8 8 D
2 7 8 12 D
2 8 6 7 R
2 9 0 0 U
2 10 12 10 D
2 12 0 7 R
2 13 11 12 D
2 14 1 0 U
2 15 0 2 U
3 0 5 5 R
3 1 5 6 R
3 2 9 5 R
3 3 4 15 L
3 4 16 11 D
3 5 8 5 R
3 6 9 0 U
3 7 4 7 R
3 8 12 15 L
3 9 1 13 L
3 10 2 13 L
3 11 2 11 D
3 12 6 12 D
3 13 7 8 D
3 14 7 14 L
3 15 7 15 L
4 0 13 0 U
4 1 12 1 U
4 2 0 13 L
4 3 10 13 L
4 4 5 3 U
4 5 3 0 U
4 6 12 9 D
4 7 5 7 R
4 8 3 15 L
4 9 1 14 L
4 10 13 10 D
4 13 2 3 U
4 14 3 14 L
4 15 7 15 L
5 0 11 8 D
5 1 1 7 R
5 2 8 2 U
5 3 0 12 D
5 4 3 10 D
5 5 0 13 L
5 6 7 6 R
5 7 0 1 U
5 8 0 13 L
5 9 15 15 L
5 10 4 10 D
5 12 0 15 L
5 13 3 9 D
5 14 6 8 D
5 15 1 8 D
6 0 9 13 L
6 1 3 4 R
6 2 17 5 R
6 3 7 14 L
6 4 5 13 L
6 5 17 5 R
6 6 3 6 R
6 7 7 7 R
6 8 8 8 D
6 9 8 13 L
6 10 1 10 D
6 12 11 5 R
6 13 14 1 U
6 14 14 2 U
6 15 7 4 R
7 0 15 6 R
7 1 5 5 R
7 2 0 7 R
7 3 10 7 R
7 4 3 0 U
7 5 6 8 D
7 6 13 10 D
7 7 1 14 L
7 8 3 13 L
7 9 2 4 R
7 10 2 10 D
7 11 16 15 L
7 13 4 13 L
7 14 10 4 R
7 15 2 9 D
8 0 5 14 L
8 1 15 8 D
8 2 2 13 L
8 3 17 3 U
8 4 0 9 D
8 5 3 5 R
8 6 0 10 D
8 8 5 14 L
8 9 1 5 R
8 10 13 6 R
8 11 12 6 R
8 12 1 12 D
8 13 10 9 D
8 14 6 9 D
8 15 12 15 L
9 0 14 4 R
9 1 7 1 U
9 2 10 2 U
9 3 8 5 R
9 4 13 8 D
9 5 14 10 D
9 6 6 6 R
9 7 0 11 D
9 8 0 4 R
9 9 1 15 L
9 10 0 2 U
9 13 3 8 D
9 14 14 1 U
9 15 11 0 U
10 0 5 4 R
10 1 9 4 R
10 2 12 2 U
10 3 8 3 U
10 4 7 0 U
10 5 16 5 R
10 6 15 6 R
10 8 2 6 R
10 9 6 5 R
10 10 11 10 D
10 11 9 7 R
10 12 1 12 D
10 13 0 1 U
10 14 4 10 D
10 15 0 6 R
11 0 4 15 L
11 1 8 12 D
11 2 16 2 U
11 4 0 12 D
11 5 7 9 D
11 6 3 6 R
11 8 9 5 R
11 9 2 9 D
11 10 5 1 U
11 11 6 11 D
11 13 5 13 L
11 14 9 8 D
11 15 10 3 U
12 0 2 5 R
12 1 0 9 D
12 2 11 2 U
12 3 10 3 U
12 4 3 1 U
12 5 5 1 U
12 6 7 0 U
12 8 14 5 R
12 9 1 9 D
12 10 6 2 U
12 11 5 11 D
12 13 18 13 L
12 14 0 9 D
12 15 15 10 D
13 0 11 5 R
13 1 0 14 L
13 2 0 15 L
13 4 9 9 D
13 5 0 15 L
13 6 7 10 D
13 8 14 4 R
13 9 5 9 D
13 10 4 10 D
13 13 12 2 U
13 14 6 3 U
13 15 12 2 U
14 0 6 9 D
14 1 13 13 L
14 2 2 14 L
14 3 15 3 U
14 4 0 0 U
14 5 17 5 R
14 6 5 2 U
14 8 2 4 R
14 9 0 3 U
14 10 1 0 U
14 11 1 7 R
14 13 8 10 D
14 14 3 14 L
14 15 11 2 U
15 0 0 4 R
15 1 16 4 R
15 2 12 4 R
15 4 0 8 D
15 5 3 5 R
15 6 4 1 U
15 8 1 8 D
15 9 4 6 R
15 10 9 10 D
15 13 1 9 D
15 15 12 15 L
16 0 7 6 R
16 1 17 14 L
16 2 5 10 D
16 4 0 14 L
16 5 14 0 U
16 7 9 7 R
16 8 12 6 R
16 9 10 5 R
16 10 6 5 R
16 11 13 5 R
16 13 13 10 D
16 14 11 14 L
16 15 14 15 L
17 0 15 10 D
17 1 13 15 L
17 2 4 15 L
17 4 4 0 U
17 5 3 14 L
17 9 10 1 U
17 10 12 4 R
17 13 9 11 D
17 14 4 9 D
17 15 10 15 L
18 0 11 13 L
18 1 2 1 U
18 2 17 4 R
18 4 0 10 D
18 5 16 0 U
18 9 11 5 R
18 10 15 14 L
18 15 0 10 D
19 4 6 13 L
19 5 1 11 D
19 9 1 0 U
19 15 7 8 D

