39 40 1201
8 8 0 0 0 0 9 0 7 5 1 26 26 14 18 25 0 34 0 0
0 0 1 0 0 2 0 31 4 0 2 15 0 28 0 0 0 35 7 17
0 5 19 1 0 32 0 6 26 0 28 28 0 21 0 0 5 31 0 0
0 21 4 0 0 33 16 27 27 0 0 0 0 7 33 18 0 0 6 2
0 8 0 0 13 27 4 22 22 0 29 21 0 31 31 3 0 0 23 11
30 3 4 5 0 28 19 30 14 0 0 4 0 0 0 4 5 0 0 9
32 31 0 27 0 33 26 0 6 0 28 31 0 0 5 0 0 30 0 2
0 0 0 29 0 0 14 21 0 0 0 29 0 0 32 33 6 0 21 25
0 0 2 0 15 38 0 0 5 0 8 9 28 28 0 0 29 13 11 18
2 0 6 23 27 0 20 24 23 0 0 0 0 0 20 0 4 23 0 0
0 0 23 0 30 37 0 27 0 0 36 0 15 6 20 31 0 0 15 9
0 16 20 0 5 0 20 0 19 0 0 25 31 0 15 29 7 5 4 0
0 0 0 17 5 0 0 0 35 25 35 12 0 0 1 0 22 15 5 0
5 24 0 17 0 21 1 0 36 23 35 0 0 0 31 0 0 0 14 11
9 29 17 5 14 25 21 0 0 0 31 23 27 0 0 31 17 0 0 0
15 0 0 21 37 31 32 17 29 0 0 28 23 0 14 0 0 20 25 0
0 18 23 0 24 19 32 3 25 37 0 0 25 0 24 29 0 0 0 19
2 0 31 6 0 0 8 21 24 33 21 0 0 22 3 26 12 30 8 25
0 17 31 20 0 24 8 30 20 22 30 24 27 7 32 14 4 20 0 30
17 0 15 1 0 13 30 16 17 25 7 31 0 16 11 0 5 35 20 34
0 0 0 0 U
0 1 0 1 U
0 2 0 2 U
0 3 0 3 U
0 4 0 4 U
0 5 0 5 U
0 6 0 6 U
0 7 0 7 U
0 8 0 8 U
0 9 0 9 U
0 10 0 10 U
0 11 0 11 R
0 12 0 12 R
0 13 0 13 R
0 14 0 14 R
0 15 0 15 R
0 16 0 16 R
0 17 0 17 R
0 18 0 18 R
0 19 0 19 D
0 20 0 20 D
0 21 0 21 D
0 22 0 22 D
0 23 0 23 D
0 24 0 24 D
0 25 0 25 D
0 26 0 26 D
0 27 0 27 D
0 28 0 28 D
0 29 0 29 D
0 30 0 30 D
0 31 0 31 L
0 32 0 32 L
0 33 0 33 L
0 34 0 34 L
0 35 0 35 L
0 36 0 36 L
0 37 0 37 L
0 38 0 38 L
0 39 0 39 L
1 0 12 35 L
1 1 14 1 U
1 2 6 2 U
1 3 0 13 R
1 4 0 12 R
1 5 9 36 L
1 6 11 6 U
1 7 17 37 L
1 8 10 8 U
1 9 0 30 D
1 10 0 12 R
1 11 7 11 R
1 12 0 27 D
1 13 0 0 U
1 14 3 10 U
1 15 3 15 R
1 16 11 9 U
1 17 7 17 R
1 18 7 23 D
1 19 21 14 R
1 20 0 31 L
1 21 21 14 R
1 22 0 7 U
1 23 3 23 D
1 24 6 24 D
1 25 12 25 D
1 26 9 26 D
1 27 0 18 R
1 28 3 28 D
1 29 2 15 R
1 30 21 30 D
1 31 26 8 U
1 32 4 32 L
1 33 0 17 R
1 34 10 11 R
1 35 6 4 U
1 36 22 28 D
1 37 2 37 L
1 38 4 25 D
1 39 16 39 L
2 0 14 11 R
2 1 7 35 L
2 2 21 17 R
2 3 0 14 R
2 4 17 33 L
2 5 10 16 R
2 6 19 32 L
2 7 21 12 R
2 8 17 13 R
2 9 11 9 U
2 10 22 10 U
2 11 7 11 R
2 12 25 19 D
2 13 0 21 D
2 14 25 24 D
2 15 15 29 D
2 16 19 16 R
2 17 14 23 D
2 18 5 28 D
2 19 0 0 U
2 20 3 13 R
2 21 27 36 L
2 22 22 16 R
2 23 7 15 R
2 24 1 24 D
2 25 5 25 D
2 26 9 26 D
2 27 16 37 L
2 28 3 28 D
2 29 0 37 L
2 30 8 30 D
2 31 0 2 U
2 32 28 22 D
2 33 3 29 D
2 34 1 2 U
2 35 18 19 D
2 36 5 21 D
2 37 7 7 U
2 38 11 38 L
2 39 0 5 U
3 0 0 31 L
3 1 1 1 U
3 2 10 31 L
3 3 7 3 U
3 4 11 36 L
3 5 6 13 R
3 6 0 30 D
3 7 8 35 L
3 8 4 8 U
3 9 2 9 U
3 10 12 10 U
3 11 10 27 D
3 12 0 36 L
3 13 11 13 R
3 14 30 2 U
3 15 0 36 L
3 16 2 28 D
3 17 11 6 U
3 18 4 20 D
3 19 6 11 R
3 20 2 3 U
3 21 9 21 D
3 22 4 15 R
3 23 0 15 R
3 24 26 15 R
3 25 4 25 D
3 26 1 26 D
3 27 0 11 R
3 29 10 29 D
3 30 10 15 R
3 31 6 1 U
3 32 16 1 U
3 33 0 20 D
3 34 5 0 U
3 35 9 17 R
3 36 4 36 L
3 37 12 37 L
3 38 7 38 L
3 39 14 39 L
4 0 28 35 L
4 1 30 31 L
4 2 6 25 D
4 3 18 33 L
4 4 19 17 R
4 5 13 5 U
4 6 1 25 D
4 7 9 7 U
4 8 10 38 L
4 9 5 9 U
4 10 9 10 U
4 11 0 19 D
4 12 18 31 L
4 13 0 3 U
4 14 26 0 U
4 15 0 22 D
4 16 29 23 D
4 17 16 17 R
4 18 3 8 U
4 19 23 12 R
4 20 29 13 R
4 21 6 21 D
4 22 14 22 D
4 23 11 23 D
4 24 16 39 L
4 25 15 25 D
4 26 1 26 D
4 27 20 27 D
4 28 5 33 L
4 29 10 29 D
4 30 27 30 D
4 31 13 22 D
4 32 1 32 L
4 33 5 9 U
4 34 17 34 L
4 35 5 25 D
4 36 10 36 L
4 37 1 4 U
4 38 1 25 D
4 39 3 7 U
5 0 0 32 L
5 1 0 12 R
5 2 7 15 R
5 3 1 15 R
5 4 15 4 U
5 5 16 19 D
5 6 0 16 R
5 7 13 7 U
5 8 1 8 U
5 9 7 29 D
5 10 3 10 U
5 11 15 4 U
5 12 7 12 R
5 13 19 3 U
5 14 17 4 U
5 15 13 15 R
5 16 7 27 D
5 17 22 22 D
5 18 9 18 R
5 19 29 13 R
5 20 0 13 R
5 21 0 16 R
5 22 26 22 D
5 23 12 23 D
5 24 7 24 D
5 25 2 25 D
5 26 7 18 R
5 27 12 27 D
5 28 19 28 D
5 29 7 29 D
5 30 18 33 L
5 31 7 31 L
5 32 0 23 D
5 33 16 33 L
5 34 7 34 L
5 35 20 7 U
5 36 11 1 U
5 37 30 6 U
5 38 12 24 D
5 39 4 30 D
6 0 0 20 D
6 1 0 33 L
6 2 18 11 R
6 3 8 18 R
6 4 18 16 R
6 5 28 5 U
6 6 2 6 U
6 7 27 7 U
6 8 0 26 D
6 9 12 9 U
6 10 18 10 U
6 11 12 24 D
6 12 22 22 D
6 13 3 23 D
6 14 11 8 U
6 15 10 15 R
6 16 28 27 D
6 17 18 3 U
6 18 4 27 D
6 19 0 11 R
6 20 23 11 R
6 21 17 31 L
6 22 0 1 U
6 23 4 23 D
6 24 4 31 L
6 25 15 25 D
6 26 4 26 D
6 27 14 27 D
6 28 25 17 R
6 29 0 39 L
6 30 4 30 D
6 31 0 19 D
6 32 4 32 L
6 33 17 2 U
6 34 10 6 U
6 35 10 4 U
6 36 2 5 U
6 37 0 27 D
6 38 14 7 U
6 39 2 23 D
7 0 20 38 L
7 1 12 31 L
7 2 30 34 L
7 3 0 33 L
7 4 0 23 D
7 5 4 39 L
7 6 2 38 L
7 7 8 7 U
7 8 6 32 L
7 9 4 9 U
7 10 0 21 D
7 11 0 32 L
7 12 6 12 R
7 13 5 13 R
7 14 16 19 D
7 15 12 15 R
7 16 25 16 R
7 17 5 17 R
7 18 14 18 R
7 19 0 12 R
7 20 0 33 L
7 21 25 15 R
7 22 17 33 L
7 23 13 23 D
7 24 4 24 D
7 25 6 25 D
7 26 4 1 U
7 27 5 27 D
7 28 0 14 R
7 30 4 30 D
7 31 2 19 D
7 32 0 0 U
7 33 16 6 U
7 34 12 34 L
7 35 12 35 L
7 36 6 36 L
7 37 0 6 U
7 38 19 20 D
7 39 2 39 L
8 0 4 35 L
8 1 7 32 L
8 2 0 22 D
8 3 2 3 U
8 4 5 4 U
8 5 2 38 L
8 6 2 6 U
8 7 18 19 D
8 8 0 27 D
8 9 2 9 U
8 10 3 37 L
8 11 26 0 U
8 12 4 19 D
8 13 17 13 R
8 14 18 14 R
8 15 6 20 D
8 16 0 4 U
8 17 26 29 D
8 18 3 18 R
8 19 10 18 R
8 20 17 14 R
8 21 7 17 R
8 22 15 36 L
8 23 0 37 L
8 24 0 36 L
8 25 11 25 D
8 26 1 32 L
8 27 10 27 D
8 28 5 17 R
8 29 3 29 D
8 30 30 30 D
8 31 19 21 D
8 32 11 27 D
8 33 29 10 U
8 34 9 30 D
8 35 16 35 L
8 36 14 4 U
8 37 5 28 D
8 38 12 6 U
8 39 29 1 U
9 0 26 32 L
9 1 5 1 U
9 2 4 2 U
9 3 7 3 U
9 4 0 31 L
9 5 1 5 U
9 6 0 25 D
9 7 0 25 D
9 8 10 26 D
9 9 5 21 D
9 10 10 37 L
9 11 25 23 D
9 12 0 20 D
9 13 8 7 U
9 14 21 22 D
9 15 1 1 U
9 16 20 5 U
9 17 21 25 D
9 18 0 39 L
9 19 2 0 U
9 20 5 12 R
9 21 8 21 D
9 22 3 22 D
9 23 4 23 D
9 24 7 24 D
9 25 2 25 D
9 26 18 17 R
9 27 4 13 R
9 28 0 5 U
9 29 17 35 L
9 30 2 30 D
9 31 0 8 U
9 32 2 19 D
9 33 5 27 D
9 34 3 22 D
9 35 12 35 L
9 36 22 23 D
9 37 17 24 D
9 38 24 16 R
9 39 5 8 U
10 0 5 31 L
10 1 6 18 R
10 2 4 2 U
10 3 5 14 R
10 4 11 15 R
10 5 24 35 L
10 6 2 6 U
10 7 21 14 R
10 8 6 8 U
10 9 2 9 U
10 10 4 21 D
10 11 0 9 U
10 12 0 26 D
10 13 17 6 U
10 14 5 14 R
10 15 7 21 D
10 16 0 5 U
10 17 5 17 R
10 18 1 18 R
10 19 14 1 U
10 20 6 14 R
10 21 0 14 R
10 22 16 18 R
10 23 9 31 L
10 24 0 31 L
10 25 23 34 L
10 26 14 31 L
10 27 5 27 D
10 28 6 28 D
10 30 16 13 R
10 31 3 0 U
10 32 23 23 D
10 33 19 1 U
10 34 24 30 D
10 35 4 29 D
10 36 26 9 U
10 37 0 9 U
10 38 16 6 U
10 39 5 15 R
11 0 13 11 R
11 1 37 17 R
11 2 29 16 R
11 3 10 32 L
11 4 5 14 R
11 5 0 36 L
11 6 13 6 U
11 7 8 21 D
11 8 7 8 U
11 9 15 9 U
11 10 33 10 U
11 11 6 26 D
11 12 5 12 R
11 13 0 33 L
11 14 9 14 R
11 15 0 2 U
11 16 2 16 R
11 17 4 17 R
11 18 8 18 R
11 19 7 12 R
11 20 4 35 L
11 21 27 11 R
11 22 3 22 D
11 23 6 23 D
11 24 10 24 D
11 25 24 33 L
11 26 21 11 R
11 27 2 27 D
11 28 1 28 D
11 29 2 29 D
11 30 8 16 R
11 31 30 5 U
11 32 15 10 U
11 33 18 33 L
11 34 1 10 U
11 35 13 23 D
11 36 0 24 D
11 37 7 37 L
11 38 19 5 U
11 39 2 39 L
12 0 4 18 R
12 1 0 19 D
12 2 6 2 U
12 3 3 34 L
12 4 3 4 U
12 5 3 17 R
12 6 1 21 D
12 7 2 7 U
12 8 1 34 L
12 9 14 9 U
12 10 4 10 U
12 11 17 30 D
12 12 6 36 L
12 13 8 13 R
12 14 26 21 D
12 15 3 3 U
12 16 7 16 R
12 17 7 17 R
12 18 3 18 R
12 19 14 19 D
12 20 7 16 R
12 21 1 33 L
12 22 23 22 D
12 23 25 34 L
12 24 6 24 D
12 25 18 12 R
12 26 20 14 R
12 27 7 39 L
12 29 6 29 D
12 30 6 30 D
12 31 25 3 U
12 32 4 1 U
12 33 8 33 L
12 34 0 4 U
12 35 25 6 U
12 36 1 26 D
12 37 24 2 U
12 38 27 27 D
12 39 14 20 D
13 0 0 11 R
13 1 16 23 D
13 2 9 2 U
13 3 12 13 R
13 4 3 11 R
13 5 1 15 R
13 6 3 6 U
13 7 1 7 U
13 8 1 8 U
13 9 2 9 U
13 10 4 10 U
13 11 6 20 D
13 12 10 2 U
13 13 20 1 U
13 14 0 34 L
13 15 23 4 U
13 16 17 7 U
13 17 5 17 R
13 18 4 19 D
13 19 4 36 L
13 20 18 12 R
13 21 24 34 L
13 22 7 32 L
13 23 26 12 R
13 24 2 24 D
13 25 10 25 D
13 26 1 26 D
13 27 4 27 D
13 30 4 30 D
13 31 7 0 U
13 32 11 1 U
13 33 18 3 U
13 34 15 25 D
13 35 20 0 U
13 36 3 10 U
13 37 20 25 D
13 38 2 38 L
13 39 28 39 L
14 0 30 0 U
14 1 0 21 D
14 2 11 2 U
14 3 23 35 L
14 4 16 22 D
14 5 24 37 L
14 6 0 32 L
14 7 15 7 U
14 8 11 11 R
14 9 1 35 L
14 10 2 10 U
14 11 4 24 D
14 12 24 1 U
14 13 18 7 U
14 14 20 1 U
14 15 1 23 D
14 16 19 16 R
14 17 28 9 U
14 18 26 22 D
14 19 9 31 L
14 20 6 20 D
14 21 0 15 R
14 22 2 5 U
14 23 9 23 D
14 24 0 16 R
14 25 11 25 D
14 26 7 26 D
14 27 16 36 L
14 29 5 18 R
14 30 4 30 D
14 31 18 19 D
14 32 13 19 D
14 33 12 1 U
14 34 20 28 D
14 35 3 35 L
14 36 0 7 U
14 37 13 37 L
14 38 22 25 D
15 0 1 31 L
15 1 7 31 L
15 2 2 2 U
15 3 12 3 U
15 4 1 4 U
15 5 24 33 L
15 6 29 6 U
15 7 6 7 U
15 8 13 12 R
15 9 0 22 D
15 10 24 10 U
15 11 17 9 U
15 12 20 4 U
15 13 14 21 D
15 14 3 20 D
15 15 22 2 U
15 16 25 6 U
15 17 29 21 D
15 18 14 37 L
15 19 26 11 R
15 20 0 9 U
15 21 3 14 R
15 22 1 22 D
15 23 3 23 D
15 24 5 24 D
15 25 22 37 L
15 26 13 35 L
15 27 28 27 D
15 28 5 28 D
15 30 18 30 D
15 31 25 0 U
15 32 5 7 U
15 33 9 28 D
15 34 2 34 L
15 35 24 20 D
15 36 19 36 L
15 37 4 37 L
15 38 2 38 L
15 39 0 18 R
16 0 5 39 L
16 1 30 33 L
16 2 22 14 R
16 3 11 26 D
16 4 24 37 L
16 5 11 15 R
16 6 0 24 D
16 7 1 36 L
16 8 3 31 L
16 9 2 9 U
16 10 1 10 U
16 11 13 1 U
16 12 19 3 U
16 13 3 13 R
16 14 24 3 U
16 15 25 8 U
16 16 0 23 D
16 17 1 17 R
16 18 10 18 R
16 19 13 11 R
16 20 27 1 U
16 21 10 16 R
16 22 10 22 D
16 23 6 23 D
16 24 15 32 L
16 25 7 25 D
16 26 4 26 D
16 27 13 14 R
16 30 21 30 D
16 31 30 24 D
16 32 8 7 U
16 33 1 33 L
16 34 4 3 U
16 35 0 5 U
16 36 3 17 R
16 37 28 10 U
16 38 7 11 R
17 0 21 31 L
17 1 3 33 L
17 2 5 2 U
17 3 16 11 R
17 4 27 4 U
17 5 15 11 R
17 6 2 6 U
17 7 8 34 L
17 8 3 8 U
17 9 4 9 U
17 10 1 10 U
17 11 22 8 U
17 12 1 0 U
17 13 0 28 D
17 14 31 14 R
17 15 25 21 D
17 16 2 9 U
17 17 15 6 U
17 18 3 18 R
17 19 15 15 R
17 20 5 13 R
17 21 7 21 D
17 22 1 35 L
17 23 23 33 L
17 24 22 12 R
17 25 8 25 D
17 26 3 26 D
17 27 10 38 L
17 30 0 3 U
17 31 0 21 D
17 32 22 8 U
17 33 2 0 U
17 34 24 34 L
17 35 4 4 U
17 36 15 0 U
17 37 6 20 D
17 38 13 9 U
17 39 20 21 D
18 0 17 13 R
18 1 8 32 L
18 2 21 13 R
18 3 22 12 R
18 4 23 21 D
18 5 32 5 U
18 6 7 22 D
18 7 0 38 L
18 9 13 9 U
18 10 0 38 L
18 11 9 5 U
18 12 25 24 D
18 13 2 19 D
18 14 14 2 U
18 15 2 5 U
18 16 1 26 D
18 17 4 27 D
18 18 27 19 D
18 19 2 39 L
18 20 3 15 R
18 21 1 21 D
18 22 5 22 D
18 23 28 18 R
18 24 3 15 R
18 25 14 25 D
18 26 7 26 D
18 27 2 31 L
18 30 0 10 U
18 31 5 0 U
18 32 0 25 D
18 33 19 3 U
18 34 0 3 U
18 35 13 5 U
18 36 10 2 U
18 37 1 2 U
19 0 24 19 D
19 1 20 1 U
19 2 21 39 L
19 3 2 16 R
19 4 20 34 L
19 5 10 5 U
19 6 2 6 U
19 7 18 32 L
19 8 0 12 R
19 9 2 18 R
19 10 10 20 D
19 11 38 21 D
19 12 8 19 D
19 13 24 4 U
19 14 11 21 D
19 15 18 20 D
19 16 12 23 D
19 17 26 5 U
19 18 4 18 R
19 19 27 36 L
19 20 28 16 R
19 21 2 21 D
19 22 22 15 R
19 23 3 23 D
19 24 4 24 D
19 25 7 36 L
19 26 6 14 R
19 27 2 0 U
19 28 4 18 R
19 30 6 30 D
19 31 5 1 U
19 32 0 11 R
19 33 16 2 U
19 34 23 3 U
19 35 9 3 U
19 36 6 5 U
19 37 16 37 L
19 38 5 38 L
20 0 0 34 L
20 1 4 14 R
20 2 5 11 R
20 3 23 20 D
20 4 2 13 R
20 5 27 13 R
20 6 4 6 U
20 7 23 7 U
20 8 5 16 R
20 9 21 9 U
20 10 22 12 R
20 11 7 11 R
20 12 4 1 U
20 13 11 13 R
20 14 15 20 D
20 15 18 1 U
20 16 24 36 L
20 17 14 17 R
20 18 1 18 R
20 19 0 34 L
20 20 25 35 L
20 21 0 38 L
20 22 14 22 D
20 23 2 23 D
20 24 17 24 D
20 25 11 33 L
20 26 5 26 D
20 27 25 27 D
20 28 1 11 R
20 30 4 30 D
20 31 13 0 U
20 32 11 32 L
20 33 11 33 L
20 34 21 34 L
20 35 6 24 D
20 36 2 22 D
20 37 4 23 D
20 39 33 39 L
21 0 4 14 R
21 1 4 12 R
21 2 12 31 L
21 3 9 3 U
21 4 24 4 U
21 5 15 27 D
21 6 0 38 L
21 7 4 7 U
21 8 7 8 U
21 9 22 22 D
21 10 6 10 U
21 11 22 2 U
21 12 5 19 D
21 13 27 2 U
21 14 17 14 R
21 15 34 30 D
21 16 24 19 D
21 17 0 22 D
21 18 20 20 D
21 19 26 12 R
21 20 27 20 D
21 21 0 17 R
21 22 9 22 D
21 23 5 34 L
21 24 5 39 L
21 25 4 25 D
21 26 3 26 D
21 27 25 27 D
21 30 30 18 R
21 31 14 3 U
21 32 6 3 U
21 33 15 16 R
21 34 5 23 D
21 35 4 35 L
21 36 10 22 D
21 37 29 2 U
22 0 32 36 L
22 1 10 1 U
22 2 24 37 L
22 3 4 24 D
22 4 3 4 U
22 5 0 24 D
22 6 26 33 L
22 7 14 7 U
22 8 2 8 U
22 9 2 9 U
22 10 1 10 U
22 11 16 7 U
22 12 6 12 R
22 13 17 19 D
22 14 2 14 R
22 15 7 7 U
22 16 3 24 D
22 17 4 9 U
22 18 6 3 U
22 19 20 33 L
22 20 8 33 L
22 21 3 21 D
22 22 1 22 D
22 23 17 32 L
22 24 12 38 L
22 25 4 25 D
22 26 18 26 D
22 27 5 27 D
22 30 6 30 D
22 31 15 0 U
22 32 0 26 D
22 33 16 21 D
22 34 10 20 D
22 35 2 19 D
22 36 7 36 L
22 37 28 37 L
22 38 0 22 D
22 39 2 39 L
23 0 19 34 L
23 1 28 32 L
23 2 4 2 U
23 3 1 3 U
23 4 21 4 U
23 5 5 5 U
23 6 22 6 U
23 7 11 7 U
23 9 25 17 R
23 10 32 10 U
23 11 31 1 U
23 12 26 2 U
23 13 22 2 U
23 14 32 7 U
23 15 25 25 D
23 16 16 2 U
23 17 0 35 L
23 18 14 18 R
23 19 27 12 R
23 20 18 5 U
23 21 6 31 L
23 22 16 22 D
23 23 5 23 D
23 24 14 16 R
23 25 18 25 D
23 26 6 26 D
23 27 6 18 R
23 30 18 32 L
23 31 6 18 R
23 32 18 2 U
23 33 27 22 D
23 34 4 1 U
23 35 13 0 U
23 36 4 36 L
23 38 4 38 L
24 0 2 31 L
24 1 27 15 R
24 2 9 32 L
24 3 11 32 L
24 4 7 35 L
24 5 4 5 U
24 6 4 12 R
24 7 25 7 U
24 9 8 9 U
24 10 4 10 U
24 11 20 11 R
24 12 23 7 U
24 13 28 0 U
24 14 17 20 D
24 15 1 15 R
24 16 7 21 D
24 17 1 19 D
24 18 2 9 U
24 20 21 32 L
24 21 23 21 D
24 22 1 22 D
24 23 7 18 R
24 24 10 7 U
24 25 20 35 L
24 27 26 31 L
24 28 17 16 R
24 30 0 18 R
24 31 8 31 L
24 32 22 20 D
24 33 31 6 U
24 34 1 34 L
24 35 5 35 L
24 36 14 27 D
24 38 15 38 L
25 0 23 11 R
25 1 0 32 L
25 2 7 2 U
25 3 29 38 L
25 4 2 4 U
25 5 20 35 L
25 6 4 6 U
25 7 1 7 U
25 9 4 39 L
25 10 5 10 U
25 11 19 20 D
25 12 0 19 D
25 13 3 13 R
25 14 17 14 R
25 15 8 9 U
25 16 0 2 U
25 17 7 17 R
25 18 15 5 U
25 19 18 16 R
25 21 17 12 R
25 22 27 34 L
25 23 13 11 R
25 24 0 32 L
25 25 6 35 L
25 27 2 11 R
25 30 11 14 R
25 31 9 24 D
25 32 6 32 L
25 34 17 1 U
25 35 26 35 L
25 36 4 36 L
25 37 11 37 L
25 38 2 38 L
26 0 2 37 L
26 1 7 16 R
26 2 24 36 L
26 3 34 22 D
26 4 11 11 R
26 6 23 31 L
26 7 0 37 L
26 9 2 9 U
26 10 3 10 U
26 11 28 9 U
26 12 0 30 D
26 13 9 27 D
26 14 9 29 D
26 15 7 15 R
26 16 15 16 R
26 17 8 21 D
26 18 1 18 R
26 20 20 33 L
26 21 19 13 R
26 22 10 36 L
26 23 20 23 D
26 24 8 24 D
26 25 24 32 L
26 26 28 34 L
26 27 1 27 D
26 30 5 30 D
26 31 25 31 L
26 32 25 4 U
26 34 23 10 U
26 35 24 9 U
26 36 12 26 D
26 38 2 38 L
27 0 4 11 R
27 1 12 13 R
27 2 7 33 L
27 3 11 3 U
27 4 7 32 L
27 5 17 5 U
27 6 6 6 U
27 7 5 7 U
27 8 7 31 L
27 9 4 9 U
27 10 23 10 U
27 11 2 0 U
27 12 35 0 U
27 13 0 24 D
27 14 2 20 D
27 15 2 15 R
27 16 29 20 D
27 17 22 19 D
27 18 4 18 R
27 20 0 38 L
27 21 9 21 D
27 22 20 22 D
27 23 7 38 L
27 24 5 32 L
27 25 7 25 D
27 27 3 27 D
27 30 4 30 D
27 31 13 19 D
27 32 8 0 U
27 33 15 0 U
27 34 24 21 D
27 35 1 35 L
27 36 6 26 D
27 37 13 20 D
27 38 26 19 D
28 1 11 32 L
28 2 29 12 R
28 3 5 3 U
28 4 15 34 L
28 5 26 15 R
28 7 33 30 D
28 9 29 33 L
28 10 0 32 L
28 11 8 4 U
28 13 22 20 D
28 14 17 5 U
28 15 4 10 U
28 16 19 34 L
28 17 0 19 D
28 18 1 18 R
28 20 2 38 L
28 21 8 17 R
28 22 19 12 R
28 23 1 23 D
28 24 13 24 D
28 25 11 14 R
28 26 0 13 R
28 27 20 35 L
28 30 25 30 D
28 31 5 25 D
28 32 2 30 D
28 33 14 10 U
28 34 1 5 U
28 35 13 4 U
28 36 4 5 U
29 1 24 32 L
29 2 31 38 L
29 3 20 36 L
29 4 15 4 U
29 6 4 6 U
29 7 3 7 U
29 9 0 36 L
29 10 1 10 U
29 11 28 3 U
29 13 3 13 R
29 15 17 15 R
29 16 21 20 D
29 17 30 17 R
29 18 19 18 R
29 21 0 3 U
29 22 4 16 R
29 23 28 14 R
29 24 8 24 D
29 25 6 25 D
29 27 25 27 D
29 30 27 30 D
29 31 4 24 D
29 32 17 0 U
29 33 5 3 U
29 34 5 4 U
29 36 15 30 D
30 1 22 34 L
30 2 36 2 U
30 3 24 3 U
30 4 21 4 U
30 7 17 12 R
30 9 8 9 U
30 10 10 10 U
30 13 3 19 D
30 16 3 19 D
30 17 5 17 R
30 18 13 18 R
30 21 3 5 U
30 22 8 34 L
30 23 20 17 R
30 24 21 24 D
30 25 11 16 R
30 27 4 27 D
30 30 21 3 U
30 31 7 9 U
30 32 14 2 U
30 33 0 1 U
30 34 5 34 L
30 36 17 36 L
31 1 0 11 R
31 2 34 33 L
31 3 3 3 U
31 4 0 34 L
31 7 3 7 U
31 9 0 24 D
31 10 4 10 U
31 16 10 16 R
31 17 2 1 U
31 18 15 28 D
31 21 9 18 R
31 22 8 36 L
31 23 4 23 D
31 25 1 32 L
31 27 12 16 R
31 30 36 17 R
31 32 26 32 L
31 33 15 33 L
31 34 0 14 R
31 36 27 3 U
32 1 27 36 L
32 7 9 7 U
32 9 7 9 U
32 10 1 30 D
32 16 0 34 L
32 17 29 17 R
32 18 33 38 L
32 21 4 15 R
32 22 9 16 R
32 24 21 24 D
32 30 21 30 D
32 32 2 2 U
33 1 22 12 R
33 7 2 7 U
33 9 8 27 D
33 10 12 10 U
33 16 30 21 D
33 18 4 22 D
33 21 29 36 L
33 22 0 35 L
34 7 0 20 D
34 9 28 20 D
34 16 2 23 D
34 18 0 1 U
34 21 8 21 D
34 22 15 11 R
35 7 1 7 U
35 9 5 36 L
35 10 34 33 L
35 18 8 18 R
35 21 8 21 D
35 22 31 32 L
36 9 17 9 U
36 18 5 18 R
36 21 7 21 D
36 22 5 22 D
37 9 6 9 U
37 18 23 18 R
37 21 17 14 R
37 22 12 22 D
38 18 26 21 D
38 21 20 21 D

