25 16 348
5 0 9 0 2 2 0 0 1 15 0 16 17 0 0 15 14 6
7 1 22 22 9 12 0 4 0 12 13 0 20 21 16 17 20 11
0 0 0 18 0 0 2 10 2 0 16 13 0 0 21 0 0 4
2 0 0 0 0 0 4 0 18 21 12 0 0 0 0 0 0 0
0 0 0 0 0 8 6 23 0 0 0 0 0 15 0 18 21 10
2 0 2 0 0 0 7 18 0 15 0 0 0 11 0 0 0 0
0 0 0 0 14 0 0 0 0 12 0 0 7 0 0 0 0 0
7 11 0 20 0 0 12 0 22 17 0 22 21 2 0 0 0 0
6 0 0 0 13 11 7 0 0 0 0 0 0 12 17 0 0 8
1 8 0 23 0 2 20 0 0 22 0 0 21 1 0 0 0 0
12 0 0 10 0 8 0 0 0 0 15 5 20 0 18 0 2 0
0 2 2 0 0 0 2 2 23 20 0 0 0 0 0 0 0 0
6 0 22 0 0 0 0 8 24 10 0 0 19 2 4 0 0 5
0 0 4 0 12 0 23 0 21 21 12 0 15 14 0 0 0 0
0 4 9 18 0 17 23 0 0 0 0 0 0 22 3 0 0 0
15 0 0 0 0 0 0 14 24 4 3 0 2 1 0 0 1 0
0 1 1 1 11 0 0 0 0 12 0 8 0 1 1 18 0 9
2 0 6 0 0 0 3 4 3 5 1 0 0 0 0 3 0 0
0 0 0 0 L
0 1 0 1 L
0 2 0 2 L
0 3 0 3 L
0 4 0 4 R
0 5 0 5 R
0 6 0 6 R
0 7 0 7 R
0 8 0 8 D
0 9 0 9 D
0 10 0 10 D
0 11 0 11 D
0 12 0 12 U
0 13 0 13 U
0 14 0 14 U
0 15 0 15 U
1 0 0 8 D
1 1 0 13 U
1 2 0 5 R
1 3 0 6 R
1 4 0 1 L
1 5 0 0 L
1 6 0 2 L
1 7 1 8 D
1 8 0 12 U
1 9 0 12 U
1 10 0 1 L
1 11 4 5 R
1 12 0 4 R
1 13 0 0 L
1 14 0 7 R
1 15 2 7 R
2 0 0 9 D
2 1 0 10 D
2 2 2 2 L
2 3 3 3 L
2 4 1 4 R
2 5 0 13 U
2 6 2 6 R
2 7 3 7 R
2 8 0 4 R
2 9 2 9 D
2 10 3 10 D
2 11 1 11 D
2 12 0 5 R
2 13 0 8 D
2 14 1 14 U
2 15 2 15 U
3 0 0 10 D
3 1 2 1 L
3 2 3 2 L
3 3 2 3 L
3 4 0 12 U
3 5 0 14 U
3 6 1 6 R
3 7 4 8 D
3 8 0 13 U
3 9 0 15 U
3 10 0 14 U
3 11 2 4 R
3 12 1 3 L
3 13 2 13 U
3 14 0 2 L
3 15 3 15 U
4 0 4 0 L
4 1 1 1 L
4 2 4 8 D
4 3 2 4 R
4 4 1 10 D
4 5 5 5 R
4 6 4 10 D
4 7 4 7 R
4 8 0 2 L
4 9 3 9 D
4 10 3 5 R
4 11 0 5 R
4 12 0 1 L
4 13 0 6 R
4 14 1 4 R
4 15 5 15 U
5 0 0 11 D
5 1 6 8 D
5 2 4 2 L
5 3 7 10 D
5 4 0 15 U
5 5 2 5 R
5 6 5 8 D
5 7 5 8 D
5 8 5 5 R
5 9 5 12 U
5 10 5 10 D
5 11 8 11 D
5 12 5 1 L
5 13 4 13 U
5 14 4 14 U
5 15 0 4 R
6 0 1 0 L
6 1 6 1 L
6 2 0 12 U
6 3 4 3 L
6 4 6 10 D
6 5 4 5 R
6 6 8 11 D
6 7 8 7 R
6 8 3 12 U
6 9 8 9 D
6 10 7 14 U
6 11 5 14 U
6 12 5 5 R
6 13 0 10 D
6 14 3 7 R
6 15 4 0 L
7 0 2 8 D
7 1 1 9 D
7 2 0 4 R
7 3 7 3 L
7 4 4 4 R
7 5 1 13 U
7 6 6 6 R
7 7 7 7 R
7 8 2 2 L
7 9 4 9 D
7 10 2 10 D
7 11 2 15 U
7 12 4 5 R
7 13 5 7 R
7 14 0 3 L
7 15 1 15 U
8 0 5 0 L
8 1 7 1 L
8 2 7 2 L
8 3 0 9 D
8 4 0 8 D
8 5 6 5 R
8 6 3 13 U
8 7 8 9 D
8 8 0 0 L
8 9 5 13 U
8 10 7 10 D
8 11 6 11 D
8 12 5 4 R
8 13 6 1 L
8 14 6 3 L
8 15 3 6 R
9 0 4 11 D
9 1 3 12 U
9 2 7 11 D
9 3 6 3 L
9 4 6 11 D
9 5 2 0 L
9 6 11 8 D
9 7 10 8 D
9 8 5 4 R
9 9 2 4 R
9 10 2 1 L
9 11 2 1 L
9 12 3 12 U
9 13 6 4 R
9 14 10 8 D
9 15 2 2 L
10 0 3 0 L
10 1 7 15 U
10 2 8 2 L
10 3 11 3 L
10 4 6 4 R
10 5 9 8 D
10 6 13 6 R
10 7 9 7 R
10 8 10 8 D
10 9 4 1 L
10 10 8 10 D
10 11 9 11 D
10 12 2 5 R
10 13 8 2 L
10 14 8 14 U
10 15 10 3 L
11 0 1 8 D
11 1 7 8 D
11 2 9 15 U
11 3 12 3 L
11 4 3 4 R
11 5 2 3 L
11 6 12 6 R
11 7 6 7 R
11 8 3 8 D
11 9 9 9 D
11 10 6 4 R
11 11 2 6 R
11 12 6 12 U
11 13 9 1 L
11 14 3 14 U
11 15 10 15 U
12 0 2 14 U
12 1 10 1 L
12 2 14 4 R
12 3 14 10 D
12 4 9 15 U
12 5 11 5 R
12 6 11 6 R
12 7 5 7 R
12 8 12 8 D
12 9 13 9 D
12 10 10 10 D
12 11 20 11 D
12 12 7 12 U
12 13 10 13 U
12 14 10 6 R
12 15 4 4 R
13 0 12 9 D
13 1 9 1 L
13 2 13 10 D
13 3 13 3 L
13 4 13 0 L
13 5 13 5 R
13 6 9 6 R
13 7 0 14 U
13 8 5 8 D
13 9 10 2 L
13 10 10 0 L
13 11 11 11 D
13 12 3 1 L
13 13 11 13 U
13 14 12 14 U
13 15 11 15 U
14 0 4 13 U
14 1 11 9 D
14 2 18 2 L
14 3 18 10 D
14 4 13 4 R
14 5 12 5 R
14 6 0 9 D
14 7 13 14 U
14 8 11 4 R
14 9 14 9 D
14 10 8 1 L
14 11 19 11 D
14 12 1 0 L
14 13 5 4 R
14 14 11 14 U
14 15 12 15 U
15 0 8 0 L
15 1 14 14 U
15 2 16 2 L
15 3 20 3 L
15 4 15 9 D
15 5 12 12 U
15 6 10 8 D
15 7 2 12 U
15 8 2 5 R
15 9 13 1 L
15 10 18 2 L
15 12 12 5 R
15 13 13 0 L
15 14 15 5 R
15 15 14 1 L
16 0 12 0 L
16 1 11 10 D
16 2 15 2 L
16 3 19 3 L
16 4 17 4 R
16 5 16 8 D
16 6 17 10 D
16 7 12 7 R
16 8 12 13 U
16 9 17 9 D
16 10 15 10 D
16 12 14 12 U
16 13 13 13 U
16 14 16 14 U
16 15 9 15 U
17 0 14 0 L
17 1 17 9 D
17 2 19 8 D
17 3 16 3 L
17 4 12 9 D
17 5 14 5 R
17 6 16 6 R
17 8 16 8 D
17 9 16 9 D
17 10 16 13 U
17 12 13 12 U
17 13 16 2 L
17 14 17 14 U
17 15 6 15 U
18 0 19 9 D
18 1 0 7 R
18 2 17 2 L
18 4 18 4 R
18 5 17 14 U
18 6 15 6 R
18 8 0 5 R
18 9 17 13 U
18 10 18 10 D
18 12 0 6 R
18 13 17 13 U
18 14 15 4 R
18 15 17 5 R
19 0 18 14 U
19 1 10 9 D
19 2 19 2 L
19 4 14 4 R
19 5 18 2 L
19 6 4 15 U
19 8 14 1 L
19 9 11 0 L
19 10 15 6 R
19 12 17 4 R
19 13 18 13 U
19 14 14 6 R
19 15 20 15 U
20 0 12 13 U
20 1 0 8 D
20 4 17 12 U
20 5 19 5 R
20 6 2 12 U
20 8 20 8 D
20 9 0 6 R
20 10 11 10 D
20 12 1 6 R
20 13 17 3 L
20 14 18 14 U
20 15 14 5 R
21 0 20 8 D
21 4 19 15 U
21 5 15 5 R
21 6 8 14 U
21 8 17 8 D
21 12 8 1 L
21 13 19 13 U
21 14 7 4 R
21 15 19 15 U
22 0 19 14 U
22 4 9 4 R
22 5 3 0 L
22 6 20 6 R
22 8 22 3 L
22 12 21 12 U
22 13 19 0 L
22 14 8 4 R
22 15 21 1 L
23 0 11 12 U
23 5 23 5 R
23 8 9 8 D
23 12 20 12 U
23 13 16 8 D
23 15 22 15 U
24 0 0 15 U
24 15 8 15 U

