17 20 279
14 1 16 3 0 0 3 12 14 10 10
14 1 3 3 11 0 0 16 0 0 0
13 0 15 15 0 0 14 12 0 0 0
14 11 0 0 0 7 9 0 0 0 0
0 15 0 0 0 0 1 0 0 0 0
16 0 3 10 13 13 0 0 0 0 0
0 13 7 0 0 15 14 0 0 0 0
0 4 1 0 0 14 3 0 13 14 6
0 12 14 5 0 12 15 0 16 0 10
0 0 0 9 0 0 0 0 0 0 0
11 0 12 4 9 15 2 13 0 0 0
0 0 0 0 D
0 1 0 1 D
0 2 0 2 D
0 3 0 3 D
0 4 0 4 D
0 5 0 5 R
0 6 0 6 R
0 7 0 7 R
0 8 0 8 R
0 9 0 9 R
0 10 0 10 U
0 11 0 11 U
0 12 0 12 U
0 13 0 13 U
0 14 0 14 U
0 15 0 15 L
0 16 0 16 L
0 17 0 17 L
0 18 0 18 L
0 19 0 19 L
1 0 9 14 U
1 1 0 13 U
1 2 3 19 L
1 3 6 3 D
1 4 3 4 D
1 5 7 2 D
1 6 5 0 D
1 7 11 1 D
1 8 7 8 R
1 9 9 14 U
1 10 8 18 L
1 11 3 7 R
1 12 10 6 R
1 13 9 8 R
1 14 7 18 L
1 15 6 10 U
1 16 9 16 L
1 17 4 17 L
1 18 4 11 U
2 0 6 5 R
2 1 3 6 R
2 2 0 8 R
2 3 3 9 R
2 4 3 4 D
2 5 12 10 U
2 6 0 11 U
2 7 1 18 L
2 8 3 12 U
2 9 11 12 U
2 10 6 6 R
2 11 3 18 L
2 12 1 12 U
2 13 3 13 U
2 14 14 14 U
2 15 3 2 D
2 16 5 11 U
2 17 4 12 U
2 18 6 14 U
2 19 0 13 U
3 0 0 6 R
3 1 6 1 D
3 2 9 18 L
3 3 7 8 R
3 4 10 14 U
3 5 7 14 U
3 6 10 6 R
3 7 14 0 D
3 8 1 15 L
3 9 8 9 R
3 10 0 5 R
3 11 1 11 U
3 12 8 12 U
3 13 2 13 U
3 14 10 14 U
3 15 2 10 U
3 16 4 4 D
3 17 6 4 D
3 18 6 1 D
3 19 5 12 U
4 0 2 11 U
4 1 11 18 L
4 2 3 2 D
4 3 0 19 L
4 4 2 8 R
4 5 1 12 U
4 6 10 6 R
4 7 7 7 R
4 8 7 8 R
4 9 5 9 R
4 10 6 17 L
4 11 0 18 L
4 12 7 9 R
4 13 3 5 R
4 14 8 7 R
4 15 3 1 D
4 16 12 16 L
4 17 5 1 D
4 18 10 0 D
5 0 0 16 L
5 1 2 11 U
5 2 11 17 L
5 3 2 16 L
5 4 6 5 R
5 5 11 11 U
5 6 1 10 U
5 7 1 7 R
5 8 4 8 R
5 9 11 9 R
5 10 9 5 R
5 11 7 15 L
5 12 10 15 L
5 13 1 17 L
5 14 4 15 L
5 15 0 10 U
5 16 4 16 L
5 17 0 6 R
5 18 1 18 L
5 19 4 13 U
6 0 2 16 L
6 1 0 15 L
6 2 2 2 D
6 3 10 9 R
6 4 9 13 U
6 5 1 4 D
6 6 11 6 R
6 7 9 0 D
6 8 0 1 D
6 9 7 3 D
6 10 1 10 U
6 11 9 15 L
6 12 8 7 R
6 13 4 5 R
6 14 8 14 U
6 15 12 12 U
6 16 4 10 U
6 17 1 10 U
6 18 1 13 U
6 19 3 19 L
7 0 3 0 D
7 1 9 5 R
7 2 2 16 L
7 3 0 17 L
7 4 2 4 D
7 5 5 13 U
7 6 6 1 D
7 7 13 10 U
7 8 4 0 D
7 9 8 2 D
7 10 0 17 L
7 11 3 16 L
7 12 8 16 L
7 13 6 18 L
7 14 6 19 L
7 15 0 0 D
7 16 4 2 D
7 17 6 14 U
7 18 5 18 L
8 0 3 6 R
8 1 5 6 R
8 2 4 8 R
8 3 2 5 R
8 4 3 4 D
8 5 5 4 D
8 6 10 4 D
8 7 0 0 D
8 8 7 1 D
8 9 3 4 D
8 10 1 17 L
8 11 0 16 L
8 12 1 6 R
8 13 0 8 R
8 14 13 18 L
8 15 1 1 D
8 16 6 3 D
8 17 4 3 D
8 18 5 1 D
8 19 5 1 D
9 0 2 18 L
9 1 11 13 U
9 2 0 12 U
9 3 1 8 R
9 4 7 7 R
9 5 0 10 U
9 6 11 0 D
9 7 6 12 U
9 8 4 13 U
9 9 5 10 U
9 10 13 0 D
9 11 6 15 L
9 12 4 3 D
9 13 0 3 D
9 14 8 17 L
9 15 15 10 U
9 16 4 3 D
9 17 0 11 U
9 18 1 2 D
10 0 0 11 U
10 1 0 7 R
10 2 2 5 R
10 3 3 7 R
10 4 0 14 U
10 5 0 17 L
10 6 7 0 D
10 7 1 2 D
10 8 7 13 U
10 9 5 4 D
10 10 8 9 R
10 11 2 3 D
10 12 9 2 D
10 13 0 19 L
10 14 12 9 R
10 15 9 0 D
10 16 3 1 D
10 17 5 17 L
10 19 4 3 D
11 0 12 11 U
11 1 10 16 L
11 2 6 17 L
11 3 1 17 L
11 4 13 10 U
11 5 1 13 U
11 7 0 13 U
11 8 1 8 R
11 10 10 15 L
11 11 0 15 L
11 12 13 9 R
11 13 2 9 R
11 14 8 8 R
11 15 4 0 D
11 16 4 16 L
11 17 7 17 L
11 18 10 18 L
12 0 1 17 L
12 1 6 7 R
12 2 0 6 R
12 3 3 14 U
12 4 7 6 R
12 5 7 12 U
12 6 9 0 D
12 8 7 3 D
12 10 0 7 R
12 11 2 11 U
12 12 13 5 R
12 15 0 1 D
12 16 7 12 U
12 17 4 17 L
13 0 4 15 L
13 1 6 14 U
13 2 9 6 R
13 3 9 12 U
13 4 9 4 D
13 5 5 17 L
13 8 5 3 D
13 10 10 16 L
13 11 9 1 D
13 12 7 12 U
13 16 14 10 U
13 17 12 0 D
13 18 11 4 D
14 0 12 0 D
14 1 4 17 L
14 2 6 2 D
14 4 6 14 U
14 10 7 15 L
14 11 9 16 L
14 12 7 12 U
14 16 12 16 L
14 17 0 9 R
15 0 0 10 U
15 1 1 17 L
15 2 4 7 R
15 4 0 15 L
15 11 4 11 U
15 12 13 12 U
15 17 13 17 L
16 0 2 9 R
16 1 0 18 L
16 2 7 14 U
16 11 3 17 L

