19 22 342
10 13 16 0 17 2 18 18 15 1 4
0 0 3 0 0 0 0 3 0 3 0
10 10 17 4 9 2 15 7 0 4 0
0 6 15 1 11 13 1 5 12 2 12
6 1 16 4 8 9 14 17 7 14 10
4 10 0 7 2 11 0 1 0 8 6
8 12 14 0 5 13 0 14 0 0 2
11 8 2 0 3 8 0 13 0 1 12
0 1 11 3 10 1 17 2 1 5 16
0 12 14 0 15 3 16 1 0 0 13
4 0 7 9 13 6 15 16 13 0 0
0 0 0 0 U
0 1 0 1 U
0 2 0 2 U
0 3 0 3 U
0 4 0 4 U
0 5 0 5 U
0 6 0 6 R
0 7 0 7 R
0 8 0 8 R
0 9 0 9 R
0 10 0 10 R
0 11 0 11 D
0 12 0 12 D
0 13 0 13 D
0 14 0 14 D
0 15 0 15 D
0 16 0 16 D
0 17 0 17 L
0 18 0 18 L
0 19 0 19 L
0 20 0 20 L
0 21 0 21 L
1 0 12 0 U
1 1 5 17 L
1 2 7 2 U
1 3 4 3 U
1 4 8 4 U
1 5 6 5 U
1 6 7 0 U
1 7 7 11 D
1 8 11 8 R
1 9 6 9 R
1 10 3 10 R
1 11 4 11 D
1 12 10 3 U
1 13 8 19 L
1 14 0 5 U
1 15 12 4 U
1 16 0 21 L
1 17 0 0 U
1 18 3 5 U
1 19 11 1 U
1 20 14 1 U
1 21 0 2 U
2 0 7 6 R
2 1 13 1 U
2 2 9 2 U
2 3 1 3 U
2 4 1 4 U
2 5 8 5 U
2 6 1 20 L
2 7 3 7 R
2 8 3 0 U
2 9 3 9 R
2 10 7 10 R
2 11 4 17 L
2 12 8 18 L
2 13 0 20 L
2 14 3 14 D
2 15 7 21 L
2 16 7 16 D
2 17 9 2 U
2 18 12 18 L
2 19 6 2 U
2 20 8 2 U
2 21 5 21 L
3 0 14 20 L
3 1 0 21 L
3 2 1 20 L
3 3 7 6 R
3 4 11 4 U
3 5 12 21 L
3 6 6 6 R
3 7 7 15 D
3 8 11 8 R
3 9 4 9 R
3 10 0 21 L
3 11 7 3 U
3 12 0 7 R
3 13 2 13 D
3 14 1 14 D
3 15 9 15 D
3 16 16 16 D
3 17 1 0 U
3 18 0 13 D
3 19 6 12 D
3 20 4 20 L
3 21 2 21 L
4 0 8 21 L
4 1 0 7 R
4 2 5 17 L
4 3 6 9 R
4 4 7 8 R
4 5 9 20 L
4 6 6 15 D
4 7 3 7 R
4 8 0 14 D
4 9 2 9 R
4 10 6 13 D
4 11 9 18 L
4 12 0 0 U
4 13 10 21 L
4 14 0 1 U
4 15 1 15 D
4 16 12 16 D
4 17 0 14 D
4 18 11 16 D
4 19 0 4 U
4 20 13 12 D
4 21 0 10 R
5 0 0 17 L
5 1 9 8 R
5 2 6 11 D
5 3 3 9 R
5 4 7 7 R
5 5 6 7 R
5 6 0 11 D
5 7 8 13 D
5 8 0 12 D
5 9 3 15 D
5 10 8 10 R
5 11 0 17 L
5 12 0 18 L
5 13 0 8 R
5 14 9 14 D
5 15 7 20 L
5 16 3 16 D
5 17 0 11 D
5 18 0 6 R
5 20 9 8 R
5 21 4 14 D
6 0 0 18 L
6 1 5 10 R
6 2 14 18 L
6 3 4 3 U
6 4 15 4 U
6 5 9 5 U
6 6 2 1 U
6 7 0 1 U
6 8 0 11 D
6 9 3 13 D
6 10 3 10 R
6 11 9 11 D
6 12 1 12 D
6 13 7 13 D
6 14 10 14 D
6 15 1 15 D
6 16 3 16 D
6 17 14 13 D
6 18 10 18 L
6 19 0 7 R
6 20 8 20 L
6 21 15 15 D
7 0 0 19 L
7 1 15 21 L
7 2 3 19 L
7 3 5 6 R
7 4 14 19 L
7 5 3 5 U
7 6 0 17 L
7 7 5 7 R
7 8 3 14 D
7 9 0 3 U
7 10 0 4 U
7 11 2 0 U
7 12 2 12 D
7 13 1 13 D
7 14 12 21 L
7 15 1 15 D
7 16 0 2 U
7 17 10 2 U
7 18 3 15 D
7 19 5 19 L
7 20 3 20 L
7 21 1 21 L
8 0 13 17 L
8 1 9 6 R
8 2 4 6 R
8 3 6 19 L
8 4 0 10 R
8 5 3 20 L
8 6 10 16 D
8 7 5 2 U
8 8 2 8 R
8 9 1 11 D
8 10 14 0 U
8 11 0 7 R
8 12 10 12 D
8 13 12 13 D
8 14 1 14 D
8 15 0 6 R
8 16 3 16 D
8 17 11 2 U
8 18 2 15 D
8 19 0 0 U
8 20 0 9 R
8 21 5 9 R
9 0 0 9 R
9 1 3 19 L
9 2 4 9 R
9 3 7 3 U
9 4 1 12 D
9 5 13 5 U
9 6 0 2 U
9 7 8 5 U
9 8 1 11 D
9 9 0 15 D
9 10 3 10 R
9 11 1 6 R
9 12 10 6 R
9 13 1 13 D
9 14 15 8 R
9 15 2 15 D
9 16 8 16 D
9 17 0 3 U
9 18 2 18 L
9 19 4 13 D
9 20 1 20 L
9 21 5 13 D
10 0 11 20 L
10 1 3 1 U
10 2 8 17 L
10 3 1 3 U
10 4 6 4 U
10 6 14 14 D
10 7 13 12 D
10 8 4 14 D
10 9 11 12 D
10 10 9 4 U
10 11 4 9 R
10 12 2 19 L
10 13 11 7 R
10 14 0 20 L
10 15 8 7 R
10 16 6 20 L
10 17 9 4 U
10 18 15 12 D
10 19 5 11 D
10 20 9 4 U
10 21 5 21 L
11 0 3 18 L
11 1 14 18 L
11 2 3 17 L
11 4 2 21 L
11 6 6 6 R
11 7 10 11 D
11 8 2 8 R
11 9 5 14 D
11 10 5 5 U
11 12 3 12 D
11 13 15 7 R
11 14 5 14 D
11 15 1 8 R
11 16 2 16 D
11 17 17 17 L
11 18 1 18 L
11 20 0 1 U
12 0 9 18 L
12 1 17 7 R
12 2 1 2 U
12 4 3 4 U
12 5 14 9 R
12 6 6 12 D
12 7 1 3 U
12 8 0 18 L
12 9 13 12 D
12 10 0 20 L
12 11 11 0 U
12 12 1 7 R
12 13 5 18 L
12 14 6 14 D
12 15 1 15 D
12 16 1 16 D
12 17 7 17 L
12 18 5 4 U
12 19 14 16 D
12 20 1 20 L
12 21 9 11 D
13 0 12 8 R
13 1 1 17 L
13 2 6 2 U
13 3 6 3 U
13 4 10 21 L
13 5 6 5 U
13 6 7 17 L
13 7 0 0 U
13 9 9 5 U
13 10 15 1 U
13 11 10 11 D
13 13 2 13 D
13 14 2 17 L
13 15 4 4 U
13 17 7 11 D
13 18 12 11 D
13 20 1 20 L
14 0 9 0 U
14 1 6 1 U
14 2 1 2 U
14 3 3 17 L
14 4 10 20 L
14 6 7 6 R
14 7 4 14 D
14 8 13 13 D
14 9 3 9 R
14 11 10 8 R
14 13 1 13 D
14 14 1 14 D
14 15 1 15 D
14 17 2 5 U
14 18 3 18 L
14 19 10 14 D
14 20 7 13 D
14 21 7 12 D
15 0 0 10 R
15 1 12 10 R
15 3 12 10 R
15 4 5 7 R
15 6 12 11 D
15 7 11 13 D
15 9 1 3 U
15 13 5 17 L
15 14 0 17 L
15 15 12 7 R
15 18 9 2 U
15 20 9 1 U
16 0 5 9 R
16 1 1 1 U
16 2 11 19 L
16 3 2 6 R
16 6 2 6 R
16 7 8 7 R
16 13 3 13 D
16 14 0 4 U
16 15 8 15 D
16 18 13 14 D
17 4 9 7 R
17 14 3 0 U
17 15 8 15 D
17 18 9 16 D
17 19 16 19 L
18 4 16 18 L
18 18 3 18 L

