17 9 131
16 2 12 2 5 0 0 15 14 5
0 0 0 0 9 13 0 13 0 0
0 0 0 8 0 0 5 10 0 0
0 0 0 0 0 2 0 0 0 0
0 0 0 9 0 7 0 4 14 5
0 0 0 0 0 0 0 0 0 0
0 9 12 0 14 0 9 3 0 0
0 6 13 0 10 0 0 0 0 9
0 15 0 0 10 0 0 0 13 14
5 4 1 0 0 0 0 0 15 0
0 0 0 0 L
0 1 0 1 L
0 2 0 2 L
0 3 0 3 R
0 4 0 4 R
0 5 0 5 D
0 6 0 6 D
0 7 0 7 U
0 8 0 8 U
1 0 7 0 L
1 1 5 6 D
1 2 2 2 L
1 3 5 7 U
1 4 6 4 R
1 5 3 4 R
1 6 4 1 L
1 7 0 4 R
1 8 9 0 L
2 0 8 3 R
2 1 1 3 R
2 2 8 6 D
2 3 0 7 U
2 4 7 8 U
2 5 4 7 U
2 6 0 2 L
2 7 11 4 R
2 8 0 5 D
3 0 10 0 L
3 1 2 1 L
3 2 8 4 R
3 3 1 3 R
3 4 0 5 D
3 5 9 7 U
3 6 9 8 U
3 7 1 4 R
3 8 7 3 R
4 0 13 7 U
4 1 9 1 L
4 2 11 2 L
4 3 8 8 U
4 4 2 1 L
4 5 10 5 D
4 6 2 1 L
4 7 6 3 R
4 8 5 8 U
5 0 0 4 R
5 1 7 5 D
5 2 15 7 U
5 3 7 6 D
5 4 9 6 D
5 5 0 0 L
5 6 4 6 D
5 7 6 4 R
5 8 4 8 U
6 0 3 0 L
6 1 0 3 R
6 3 1 8 U
6 4 3 4 R
6 5 0 1 L
6 6 3 8 U
6 7 5 0 L
6 8 3 1 L
7 0 0 5 D
7 1 1 1 L
7 3 11 6 D
7 4 8 4 R
7 5 0 3 R
7 6 2 2 L
7 7 0 0 L
7 8 1 1 L
8 0 1 5 D
8 1 3 1 L
8 3 0 8 U
8 4 5 8 U
8 5 0 4 R
8 6 2 6 D
8 7 4 7 U
8 8 1 3 R
9 0 12 0 L
9 1 11 7 U
9 2 7 8 U
9 3 3 5 D
9 4 10 6 D
9 5 0 7 U
9 6 6 0 L
9 7 8 7 U
9 8 5 0 L
10 0 4 5 D
10 1 4 6 D
10 3 12 3 R
10 4 4 5 D
10 5 3 0 L
10 6 11 6 D
10 7 11 2 L
10 8 5 2 L
11 0 1 0 L
11 1 3 1 L
11 2 7 4 R
11 3 9 5 D
11 4 9 7 U
11 5 9 3 R
11 6 12 1 L
11 7 6 0 L
11 8 2 4 R
12 0 3 6 D
12 1 13 5 D
12 3 14 5 D
12 4 10 4 R
12 5 1 3 R
12 6 6 7 U
12 7 2 5 D
12 8 1 0 L
13 0 12 6 D
13 1 3 1 L
13 3 8 5 D
13 4 6 4 R
13 5 11 3 R
13 6 10 6 D
13 7 2 3 R
13 8 4 8 U
14 0 0 7 U
14 3 6 1 L
14 4 12 6 D
14 5 9 8 U
14 6 4 6 D
14 7 13 7 U
15 4 13 4 R
15 5 9 4 R
15 6 14 2 L
15 7 13 3 R
16 7 12 5 D

