18 9 139
0 16 0 0 0 0 0 0 0 0 11 9
0 0 0 0 7 0 0 0 0 0 16 3
1 0 6 8 0 0 5 5 0 8 0 14
17 0 14 17 0 3 3 13 10 0 17 0
1 11 9 0 0 3 0 11 0 0 0 16
17 0 0 0 0 0 13 0 0 0 7 0
0 3 0 0 0 0 0 0 0 15 7 11
0 0 0 17 0 0 2 7 12 0 0 9
9 5 0 0 0 12 0 13 0 14 0 3
16 0 0 0 0 16 0 13 0 0 9 0
2 0 12 0 0 0 0 0 10 0 13 1
15 0 0 2 0 0 11 0 2 0 15 14
0 0 0 0 D
0 1 0 1 D
0 2 0 2 R
0 3 0 3 R
0 4 0 4 U
0 5 0 5 U
0 6 0 6 U
0 7 0 7 L
0 8 0 8 L
1 0 8 0 D
1 1 2 8 L
1 2 0 1 D
1 3 8 1 D
1 4 5 0 D
1 5 7 5 U
1 6 13 6 U
1 7 3 1 D
1 8 3 8 L
2 0 1 0 D
2 1 0 3 R
2 2 5 4 U
2 3 0 4 U
2 4 8 8 L
2 5 0 1 D
2 6 6 3 R
2 7 0 4 U
2 8 11 3 R
3 0 6 0 D
3 1 4 2 R
3 2 1 1 D
3 3 12 3 R
3 4 0 2 R
3 5 6 5 U
3 6 7 8 L
3 7 7 1 D
3 8 11 8 L
4 0 3 0 D
4 1 0 4 U
4 2 7 2 R
4 3 5 1 D
4 4 5 4 U
4 5 8 7 L
4 7 0 2 R
4 8 3 0 D
5 0 2 7 L
5 1 0 2 R
5 2 0 0 D
5 3 9 7 L
5 4 2 2 R
5 5 7 2 R
5 7 4 3 R
5 8 2 8 L
6 0 0 7 L
6 1 3 2 R
6 2 1 0 D
6 3 12 4 U
6 4 9 4 U
6 5 1 8 L
6 7 15 5 U
6 8 7 4 U
7 0 10 8 L
7 1 5 7 L
7 2 13 2 R
7 3 6 4 U
7 4 0 7 L
7 5 11 5 U
7 7 1 7 L
7 8 10 2 R
8 0 0 8 L
8 1 2 7 L
8 2 4 4 U
8 3 7 3 R
8 4 10 1 D
8 5 4 2 R
8 7 13 0 D
8 8 0 3 R
9 0 2 0 D
9 1 8 7 L
9 2 4 0 D
9 3 2 3 R
9 4 6 7 L
9 5 0 8 L
9 7 0 1 D
9 8 15 5 U
10 0 5 4 U
10 1 5 1 D
10 2 2 5 U
10 3 4 5 U
10 4 0 8 L
10 5 12 3 R
10 7 4 2 R
10 8 6 0 D
11 0 8 5 U
11 1 12 1 D
11 2 0 7 L
11 3 1 3 R
11 4 14 7 L
11 5 14 8 L
11 7 4 7 L
11 8 2 8 L
12 0 1 8 L
12 1 5 4 U
12 2 1 7 L
12 3 6 3 R
12 4 14 4 U
12 5 11 5 U
12 7 14 1 D
12 8 9 8 L
13 0 12 7 L
13 1 2 3 R
13 2 10 2 R
13 3 0 5 U
13 4 12 3 R
13 5 12 5 U
13 7 10 0 D
13 8 4 1 D
14 0 2 8 L
14 1 3 1 D
14 2 4 2 R
14 3 0 6 U
14 4 1 2 R
14 5 0 3 R
14 7 1 7 L
14 8 7 8 L
15 0 0 6 U
15 1 4 3 R
15 2 6 2 R
15 3 6 3 R
15 4 4 2 R
15 7 7 7 L
16 0 0 3 R
16 1 14 7 L
16 3 8 3 R
16 4 15 8 L
16 7 5 2 R
17 0 9 0 D
17 1 9 3 R
17 3 3 1 D
17 4 4 4 U

