20 18 303
0 9 3 12 7 3 5 0 13 4 11 0
8 0 7 9 15 2 13 0 0 13 0 0
10 16 6 0 12 4 0 5 17 0 0 1
3 14 0 0 0 16 6 14 5 18 9 17
12 0 0 0 16 11 15 2 0 5 12 9
10 3 7 14 0 0 0 0 5 4 0 6
0 0 16 17 0 0 19 0 0 2 0 13
0 0 15 0 0 2 3 3 18 3 9 1
0 2 6 17 18 0 0 18 0 15 0 16
0 0 13 4 0 0 0 0 3 0 0 6
0 0 0 0 18 0 16 0 0 18 0 3
12 14 11 5 5 0 0 12 14 0 0 4
0 0 0 0 L
0 1 0 1 L
0 2 0 2 L
0 3 0 3 L
0 4 0 4 L
0 5 0 5 L
0 6 0 6 R
0 7 0 7 R
0 8 0 8 R
0 9 0 9 R
0 10 0 10 D
0 11 0 11 D
0 12 0 12 D
0 13 0 13 D
0 14 0 14 U
0 15 0 15 U
0 16 0 16 U
0 17 0 17 U
1 0 0 6 R
1 1 7 17 U
1 2 3 15 U
1 3 10 13 D
1 4 9 4 L
1 6 0 11 D
1 7 3 15 U
1 8 4 8 R
1 9 0 10 D
1 10 0 15 U
1 11 8 7 R
1 12 0 7 R
1 13 0 14 U
1 14 0 6 R
1 15 7 0 L
1 16 8 2 L
1 17 2 17 U
2 0 10 10 D
2 1 5 1 L
2 2 1 2 L
2 3 0 16 U
2 4 15 16 U
2 5 6 5 L
2 6 5 6 R
2 7 0 2 L
2 8 13 8 R
2 9 17 10 D
2 10 6 10 D
2 11 1 11 D
2 12 1 12 D
2 13 5 13 D
2 14 13 14 U
2 15 6 6 R
2 16 10 16 U
2 17 10 10 D
3 0 16 0 L
3 1 13 1 L
3 2 4 10 D
3 3 8 3 L
3 4 10 10 D
3 6 0 14 U
3 7 0 17 U
3 8 4 8 R
3 9 5 2 L
3 10 14 7 R
3 11 2 11 D
3 12 0 1 L
3 13 11 13 D
3 14 7 7 R
3 15 6 15 U
3 16 0 10 D
3 17 2 17 U
4 0 1 0 L
4 1 0 12 D
4 2 3 16 U
4 3 11 3 L
4 4 5 4 L
4 5 3 5 L
4 6 0 16 U
4 7 5 7 R
4 8 14 15 U
4 9 16 3 L
4 10 5 16 U
4 11 9 6 R
4 12 0 9 R
4 13 7 13 D
4 14 9 0 L
4 15 0 9 R
4 16 3 16 U
4 17 2 5 L
5 0 17 16 U
5 1 8 14 U
5 2 12 2 L
5 3 10 15 U
5 4 7 4 L
5 6 3 16 U
5 7 10 7 R
5 8 3 8 R
5 9 7 11 D
5 10 8 0 L
5 11 3 2 L
5 12 15 9 R
5 13 1 16 U
5 14 14 3 L
5 15 0 12 D
5 16 0 1 L
5 17 14 17 U
6 0 5 11 D
6 1 11 14 U
6 2 0 17 U
6 4 3 4 L
6 6 1 14 U
6 7 4 15 U
6 8 12 16 U
6 9 0 12 D
6 10 9 9 R
6 11 10 11 D
6 12 2 9 R
6 13 7 13 D
6 14 11 1 L
6 15 8 15 U
6 16 3 6 R
6 17 10 17 U
7 0 3 15 U
7 1 12 1 L
7 2 16 2 L
7 3 3 3 L
7 4 12 4 L
7 6 12 16 U
7 7 2 7 R
7 8 14 12 D
7 9 2 15 U
7 10 11 10 D
7 11 0 6 R
7 12 6 12 D
7 13 11 6 R
7 14 0 7 R
7 15 2 15 U
7 16 11 16 U
7 17 0 13 D
8 0 0 14 U
8 1 4 11 D
8 2 1 9 R
8 3 9 8 R
8 4 6 14 U
8 6 4 16 U
8 7 3 14 U
8 8 4 3 L
8 9 7 17 U
8 10 7 1 L
8 11 0 3 L
8 12 2 12 D
8 13 6 13 D
8 14 2 2 L
8 15 17 0 L
8 16 5 4 L
8 17 2 17 U
9 0 12 6 R
9 1 4 12 D
9 2 6 2 L
9 3 4 6 R
9 4 2 4 L
9 5 2 11 D
9 6 5 13 D
9 7 6 4 L
9 8 1 8 R
9 9 5 9 R
9 10 1 14 U
9 11 8 11 D
9 12 3 7 R
9 13 6 7 R
9 14 0 2 L
9 15 12 11 D
9 16 3 2 L
9 17 4 7 R
10 0 15 16 U
10 1 11 10 D
10 2 0 13 D
10 4 5 4 L
10 6 11 12 D
10 7 15 4 L
10 8 7 8 R
10 9 3 9 R
10 10 1 10 D
10 11 9 15 U
10 12 3 12 D
10 13 2 13 D
10 14 2 8 R
10 15 0 11 D
10 16 9 8 R
10 17 16 17 U
11 0 9 0 L
11 1 5 1 L
11 2 7 2 L
11 3 3 3 L
11 4 6 13 D
11 6 15 1 L
11 7 12 12 D
11 8 2 15 U
11 9 15 0 L
11 10 10 8 R
11 11 7 0 L
11 12 9 4 L
11 13 1 9 R
11 14 0 1 L
11 15 0 0 L
11 16 2 16 U
11 17 4 17 U
12 0 5 17 U
12 1 7 1 L
12 2 3 2 L
12 4 14 9 R
12 6 2 14 U
12 7 15 10 D
12 8 17 0 L
12 9 7 9 R
12 10 11 1 L
12 11 4 14 U
12 12 3 0 L
12 13 3 6 R
12 14 14 13 D
12 15 6 1 L
12 16 2 16 U
12 17 13 12 D
13 0 16 15 U
13 1 6 15 U
13 2 0 6 R
13 3 7 11 D
13 4 10 4 L
13 6 10 0 L
13 7 1 7 R
13 8 7 8 R
13 9 2 9 R
13 10 1 6 R
13 11 3 1 L
13 12 12 6 R
13 13 6 13 D
13 14 11 2 L
13 15 16 6 R
13 16 6 9 R
13 17 1 12 D
14 0 7 10 D
14 1 16 14 U
14 2 8 11 D
14 4 12 4 L
14 6 8 6 R
14 7 7 7 R
14 8 12 17 U
14 9 7 9 R
14 10 17 17 U
14 11 1 6 R
14 12 12 12 D
14 13 11 13 D
14 14 4 7 R
14 15 13 8 R
14 16 13 7 R
14 17 2 17 U
15 0 1 0 L
15 1 6 7 R
15 2 4 11 D
15 4 2 14 U
15 6 7 15 U
15 7 0 1 L
15 8 4 8 R
15 9 4 9 R
15 10 0 8 R
15 11 12 8 R
15 12 14 8 R
15 13 5 13 D
15 14 3 4 L
15 15 13 15 U
15 16 12 0 L
15 17 6 2 L
16 0 6 10 D
16 1 12 1 L
16 2 9 13 D
16 6 1 4 L
16 7 5 0 L
16 8 0 0 L
16 9 11 13 D
16 10 0 0 L
16 11 1 11 D
16 12 10 12 D
16 13 15 13 D
16 14 10 9 R
16 16 2 16 U
16 17 11 9 R
17 0 18 14 U
17 6 14 14 U
17 7 15 14 U
17 8 15 14 U
17 9 3 9 R
17 11 2 11 D
17 13 0 16 U
17 14 16 6 R
17 15 0 3 L
17 17 5 6 R
18 0 8 0 L
18 6 12 6 R
18 7 10 7 R
18 8 11 17 U
18 9 16 4 L
18 13 14 8 R
18 16 2 16 U
19 6 5 15 U

