19 12 197
0 0 0 17 0 0 0 0 0 5 15 8
0 12 0 17 18 14 0 0 0 0 5 0
4 0 17 0 0 0 0 0 0 0 0 0
0 0 0 10 10 0 0 0 0 0 14 0
0 0 16 15 0 9 17 0 0 9 12 9
11 14 0 17 0 0 0 0 0 0 14 0
0 0 0 0 6 16 0 15 0 0 16 9
11 0 1 0 0 0 0 16 0 5 0 14
0 0 0 0 0 0 0 0 0 0 0 0
0 0 0 0 0 0 0 11 0 0 0 15
0 0 0 0 10 0 0 0 0 0 0 9
0 14 11 0 0 13 0 13 0 0 0 8
0 0 0 0 D
0 1 0 1 D
0 2 0 2 D
0 3 0 3 R
0 4 0 4 R
0 5 0 5 R
0 6 0 6 U
0 7 0 7 U
0 8 0 8 U
0 9 0 9 L
0 10 0 10 L
0 11 0 11 L
1 0 0 8 U
1 1 2 11 L
1 2 5 2 D
1 3 14 7 U
1 4 5 8 U
1 5 5 5 R
1 6 4 6 U
1 7 4 11 L
1 8 6 9 L
1 9 0 3 R
1 10 4 1 D
1 11 6 0 D
2 0 8 0 D
2 1 6 1 D
2 2 11 2 D
2 3 4 7 U
2 4 7 4 R
2 5 7 8 U
2 6 0 11 L
2 7 4 9 L
2 8 3 11 L
2 9 5 1 D
2 10 3 8 U
2 11 1 8 U
3 0 7 3 R
3 1 7 4 R
3 2 10 2 D
3 3 4 9 L
3 4 2 1 D
3 5 1 1 D
3 6 6 4 R
3 7 0 10 L
3 8 8 8 U
3 9 7 0 D
3 10 11 0 D
3 11 4 1 D
4 0 2 4 R
4 1 0 9 L
4 2 7 2 D
4 3 6 6 U
4 4 2 0 D
4 5 6 10 L
4 6 6 10 L
4 7 3 3 R
4 8 7 10 L
4 9 8 8 U
4 10 0 1 D
4 11 1 11 L
5 0 4 9 L
5 1 14 1 D
5 2 4 3 R
5 3 1 3 R
5 4 0 9 L
5 5 11 5 R
5 6 2 6 U
5 7 4 7 U
5 8 9 8 U
5 9 3 6 U
5 10 7 6 U
5 11 1 7 U
6 0 12 8 U
6 1 7 10 L
6 2 8 10 L
6 3 0 1 D
6 4 8 0 D
6 5 0 10 L
6 6 0 5 R
6 7 2 4 R
6 8 0 3 R
6 9 0 0 D
6 10 9 0 D
6 11 4 2 D
7 0 0 3 R
7 1 2 10 L
7 2 8 5 R
7 3 16 9 L
7 4 4 0 D
7 5 4 11 L
7 6 6 5 R
7 7 1 7 U
7 8 0 4 R
7 9 4 6 U
7 10 3 7 U
7 11 2 11 L
8 0 1 11 L
8 1 13 11 L
8 2 10 6 U
8 3 12 7 U
8 4 9 4 R
8 5 3 2 D
8 6 9 11 L
8 7 3 9 L
8 8 3 10 L
8 9 10 7 U
8 10 13 8 U
8 11 4 7 U
9 0 7 0 D
9 1 11 9 L
9 2 0 7 U
9 3 12 1 D
9 4 0 11 L
9 5 10 2 D
9 6 6 3 R
9 7 11 0 D
9 8 11 5 R
9 9 7 6 U
9 10 10 10 L
9 11 12 11 L
10 0 7 6 U
10 1 12 3 R
10 2 4 4 R
10 3 0 6 U
10 4 14 4 R
10 6 4 5 R
10 7 11 9 L
10 8 5 3 R
10 9 0 6 U
10 10 4 7 U
10 11 6 5 R
11 0 8 3 R
11 1 10 4 R
11 2 4 7 U
11 3 15 0 D
11 4 8 1 D
11 6 13 6 U
11 7 0 2 D
11 8 12 4 R
11 9 0 8 U
11 10 5 10 L
11 11 5 11 L
12 0 10 9 L
12 1 2 9 L
12 2 6 11 L
12 3 9 6 U
12 4 14 8 U
12 5 13 5 R
12 6 6 9 L
12 7 14 2 D
12 8 9 2 D
12 9 1 3 R
12 10 11 7 U
12 11 13 2 D
13 0 15 3 R
13 1 5 10 L
13 2 1 6 U
13 3 8 6 U
13 4 15 8 U
13 6 7 9 L
13 7 5 5 R
13 8 17 10 L
13 9 5 0 D
13 10 3 2 D
13 11 12 4 R
14 0 13 9 L
14 1 1 10 L
14 2 8 7 U
14 3 4 6 U
14 4 13 1 D
14 6 0 1 D
14 7 3 7 U
14 8 13 0 D
14 9 13 0 D
14 10 16 2 D
14 11 6 2 D
15 0 12 10 L
15 1 12 1 D
15 3 2 2 D
15 6 10 2 D
15 7 1 7 U
15 9 5 7 U
15 10 8 10 L
15 11 16 1 D
16 0 10 4 R
16 1 13 10 L
16 3 8 0 D
16 6 3 4 R
16 7 13 3 R
16 9 10 6 U
16 10 14 4 R
17 0 0 4 R
17 1 12 4 R
17 3 4 0 D
17 6 3 1 D
17 9 15 6 U
18 6 0 9 L

