33 43 1352
5 0 0 12 14 0 27 11 1 2 2 29 8 0 0 26 12 10 1
24 0 14 0 22 0 0 28 3 29 30 0 31 31 8 27 17 9 12
27 28 7 8 0 19 2 30 16 28 25 0 22 0 29 0 0 28 1
6 3 8 15 5 20 6 14 25 32 29 0 0 0 0 27 28 23 31
30 29 26 3 8 12 11 30 0 0 30 31 29 28 31 0 27 13 30
0 21 9 16 21 0 0 2 0 22 16 31 2 3 30 0 27 25 22
0 17 9 28 21 0 23 0 23 0 31 30 0 17 0 0 0 18 29
26 17 4 0 14 18 6 31 23 0 15 0 17 32 29 0 7 20 28
27 0 10 28 2 2 21 21 26 29 19 0 25 0 0 0 0 0 0
0 31 0 0 0 14 32 32 26 0 5 0 0 0 0 0 29 0 0
31 2 0 32 0 13 32 0 27 0 17 4 0 0 28 0 30 24 21
0 23 11 5 28 4 1 20 24 0 22 0 0 2 27 25 31 0 27
0 28 2 0 20 0 0 30 0 0 0 2 0 0 24 0 0 23 15
11 27 28 30 29 12 31 25 27 27 0 4 0 32 17 31 25 21 22
0 32 14 2 19 0 20 24 28 0 12 31 1 26 0 32 0 14 17
0 0 17 1 0 0 3 28 29 0 20 0 25 0 0 29 0 19 10
32 28 0 0 0 0 0 29 25 32 20 21 20 31 0 3 0 0 0
16 17 0 24 25 0 0 26 23 22 14 9 4 0 19 27 0 0 0
0 16 0 10 0 0 3 20 0 24 0 26 16 6 2 9 24 10 10
0 0 0 0 R
0 1 0 1 R
0 2 0 2 R
0 3 0 3 R
0 4 0 4 R
0 5 0 5 R
0 6 0 6 R
0 7 0 7 R
0 8 0 8 R
0 9 0 9 R
0 10 0 10 U
0 11 0 11 U
0 12 0 12 U
0 13 0 13 U
0 14 0 14 U
0 15 0 15 U
0 16 0 16 U
0 17 0 17 U
0 18 0 18 U
0 19 0 19 U
0 20 0 20 U
0 21 0 21 U
0 22 0 22 D
0 23 0 23 D
0 24 0 24 D
0 25 0 25 D
0 26 0 26 D
0 27 0 27 D
0 28 0 28 D
0 29 0 29 D
0 30 0 30 D
0 31 0 31 D
0 32 0 32 D
0 33 0 33 L
0 34 0 34 L
0 35 0 35 L
0 36 0 36 L
0 37 0 37 L
0 38 0 38 L
0 39 0 39 L
0 40 0 40 L
0 41 0 41 L
0 42 0 42 L
1 0 0 10 U
1 1 0 33 L
1 2 0 34 L
1 3 1 25 D
1 4 0 35 L
1 5 0 24 D
1 6 0 12 U
1 7 3 26 D
1 8 1 42 L
1 9 0 14 U
1 10 1 1 R
1 11 0 23 D
1 12 0 36 L
1 13 0 23 D
1 14 2 4 R
1 15 0 3 R
1 16 0 7 R
1 17 2 28 D
1 18 3 9 R
1 19 1 2 R
1 20 0 30 D
1 21 10 7 R
1 22 0 0 R
1 23 1 2 R
1 24 1 35 L
1 25 0 12 U
1 26 1 0 R
1 27 1 37 L
1 28 2 6 R
1 29 3 35 L
1 30 0 35 L
1 31 1 1 R
1 32 6 40 L
1 33 0 22 D
1 34 0 10 U
1 35 1 11 U
1 36 0 24 D
1 37 0 11 U
1 38 0 4 R
1 39 2 28 D
1 40 1 14 U
1 41 3 25 D
1 42 1 27 D
2 0 0 22 D
2 1 0 12 U
2 2 2 2 R
2 3 1 3 R
2 4 0 14 U
2 5 0 39 L
2 6 2 6 R
2 7 2 7 R
2 8 3 8 R
2 9 3 9 R
2 10 0 3 R
2 11 0 0 R
2 12 0 2 R
2 13 2 13 U
2 14 1 5 R
2 15 1 15 U
2 16 2 16 U
2 17 3 17 U
2 18 4 0 R
2 19 3 19 U
2 20 5 20 U
2 21 14 21 U
2 22 0 33 L
2 23 0 1 R
2 24 0 38 L
2 25 0 5 R
2 26 1 26 D
2 27 2 27 D
2 28 1 8 R
2 29 0 17 U
2 30 3 30 D
2 31 4 31 D
2 32 7 32 D
2 33 0 26 D
2 34 0 27 D
2 35 0 13 U
2 36 1 25 D
2 37 1 37 L
2 38 2 38 L
2 39 3 12 U
2 40 2 40 L
2 41 3 41 L
2 42 3 42 L
3 0 1 22 D
3 1 2 15 U
3 2 3 24 D
3 3 0 37 L
3 4 0 36 L
3 5 0 15 U
3 6 3 16 U
3 7 1 7 R
3 8 2 8 R
3 9 3 29 D
3 10 0 33 L
3 11 0 34 L
3 12 3 2 R
3 13 1 41 L
3 14 3 37 L
3 15 3 4 R
3 16 0 9 R
3 17 0 38 L
3 18 3 18 U
3 19 2 19 U
3 20 6 20 U
3 21 15 21 U
3 22 1 40 L
3 23 1 1 R
3 24 0 11 U
3 25 3 39 L
3 26 1 13 U
3 27 0 16 U
3 28 2 28 D
3 29 3 41 L
3 30 0 14 U
3 31 1 31 D
3 32 8 32 D
3 33 2 22 D
3 34 0 23 D
3 35 2 17 U
3 36 0 29 D
3 37 0 5 R
3 38 3 28 D
3 39 3 39 L
3 40 1 40 L
3 41 1 18 U
3 42 2 42 L
4 0 4 22 D
4 1 1 27 D
4 2 0 23 D
4 3 5 19 U
4 4 4 4 R
4 5 0 31 D
4 6 0 13 U
4 7 5 30 D
4 8 2 19 U
4 9 6 28 D
4 10 2 36 L
4 11 3 38 L
4 12 0 5 R
4 13 0 28 D
4 14 4 14 U
4 15 2 2 R
4 16 3 22 D
4 17 4 5 R
4 18 1 18 U
4 19 1 0 R
4 20 3 20 U
4 21 17 21 U
4 22 1 10 U
4 23 0 10 U
4 24 0 37 L
4 25 5 33 L
4 26 5 35 L
4 27 0 33 L
4 28 0 15 U
4 29 8 9 R
4 30 5 30 D
4 31 2 31 D
4 32 3 32 D
4 33 0 18 U
4 34 2 4 R
4 35 0 12 U
4 36 2 36 L
4 37 4 12 U
4 38 5 22 D
4 39 4 27 D
4 40 3 30 D
4 41 12 29 D
4 42 14 21 U
5 0 5 24 D
5 1 0 40 L
5 2 3 2 R
5 3 4 3 R
5 4 5 11 U
5 5 0 30 D
5 6 4 18 U
5 7 4 7 R
5 8 0 22 D
5 9 6 9 R
5 10 0 40 L
5 11 0 4 R
5 12 5 36 L
5 13 0 37 L
5 14 0 6 R
5 15 4 15 U
5 16 6 16 U
5 17 4 17 U
5 18 5 9 R
5 19 4 7 R
5 20 2 2 R
5 21 14 3 R
5 22 2 15 U
5 23 5 23 D
5 24 5 34 L
5 25 2 1 R
5 26 5 26 D
5 27 6 34 L
5 28 3 6 R
5 29 6 29 D
5 30 4 30 D
5 31 0 37 L
5 32 9 32 D
5 33 2 3 R
5 34 4 34 L
5 35 4 35 L
5 36 4 26 D
5 37 1 20 U
5 38 5 38 L
5 39 5 39 L
5 40 4 40 L
5 41 12 41 L
5 42 13 42 L
6 0 0 16 U
6 1 6 31 D
6 2 4 10 U
6 3 3 15 U
6 4 2 14 U
6 5 7 14 U
6 6 5 6 R
6 7 5 7 R
6 8 4 8 R
6 9 5 9 R
6 10 5 35 L
6 11 6 39 L
6 12 8 0 R
6 13 8 1 R
6 14 6 3 R
6 15 5 39 L
6 16 0 27 D
6 17 9 4 R
6 18 5 18 U
6 19 4 19 U
6 20 1 20 U
6 21 18 21 U
6 22 2 8 R
6 23 8 23 D
6 24 8 24 D
6 25 6 25 D
6 26 3 2 R
6 27 5 27 D
6 28 3 39 L
6 29 9 29 D
6 30 6 4 R
6 31 5 2 R
6 32 10 32 D
6 33 0 19 U
6 34 0 0 R
6 35 6 25 D
6 36 5 28 D
6 37 5 37 L
6 38 6 25 D
6 39 6 39 L
6 40 8 27 D
6 41 11 41 L
6 42 17 21 U
7 0 3 10 U
7 1 7 24 D
7 2 3 23 D
7 3 9 3 R
7 4 7 4 R
7 5 7 5 R
7 6 7 30 D
7 7 5 39 L
7 8 0 18 U
7 9 7 13 U
7 10 0 24 D
7 11 6 33 L
7 12 6 9 R
7 13 5 6 R
7 14 2 3 R
7 15 0 30 D
7 16 8 16 U
7 17 9 17 U
7 18 0 36 L
7 19 6 7 R
7 20 0 6 R
7 21 8 36 L
7 22 7 9 R
7 23 4 18 U
7 24 5 7 R
7 25 8 36 L
7 26 9 36 L
7 27 7 37 L
7 28 4 28 D
7 29 3 29 D
7 30 2 39 L
7 31 3 31 D
7 32 0 37 L
7 33 0 31 D
7 34 6 27 D
7 35 8 27 D
7 36 6 30 D
7 37 0 20 U
7 38 7 38 L
7 39 4 10 U
7 40 8 40 L
7 41 10 41 L
7 42 19 17 U
8 0 6 11 U
8 1 8 1 R
8 2 6 2 R
8 3 0 26 D
8 4 0 25 D
8 5 0 38 L
8 6 7 23 D
8 7 8 24 D
8 8 0 30 D
8 9 2 11 U
8 10 0 1 R
8 11 8 11 U
8 12 8 12 U
8 13 7 13 U
8 14 7 4 R
8 15 7 15 U
8 16 7 16 U
8 17 3 4 R
8 18 6 8 R
8 19 10 19 U
8 20 7 34 L
8 21 3 21 U
8 22 9 22 D
8 23 6 23 D
8 24 8 9 R
8 25 9 5 R
8 26 11 37 L
8 27 3 27 D
8 28 6 28 D
8 29 4 29 D
8 30 0 19 U
8 31 7 3 R
8 32 4 32 D
8 33 3 31 D
8 34 8 34 L
8 35 8 35 L
8 36 6 26 D
8 37 7 12 U
8 38 6 38 L
8 39 2 30 D
8 40 9 40 L
8 41 5 14 U
8 42 20 42 L
9 0 7 11 U
9 1 0 20 U
9 2 7 2 R
9 3 7 14 U
9 4 6 14 U
9 5 8 5 R
9 6 7 6 R
9 7 9 7 R
9 8 8 8 R
9 9 5 38 L
9 10 2 0 R
9 11 0 5 R
9 12 8 35 L
9 13 7 7 R
9 14 6 5 R
9 15 9 15 U
9 16 9 8 R
9 17 10 17 U
9 18 7 41 L
9 19 0 26 D
9 20 4 2 R
9 21 2 21 U
9 22 7 22 D
9 23 7 23 D
9 24 7 24 D
9 25 11 36 L
9 26 9 38 L
9 27 0 34 L
9 28 8 28 D
9 29 3 10 U
9 30 10 30 D
9 31 0 10 U
9 32 10 5 R
9 33 4 22 D
9 34 3 23 D
9 35 9 24 D
9 36 7 36 L
9 37 8 14 U
9 38 3 16 U
9 39 8 12 U
9 40 10 11 U
9 41 4 30 D
9 42 19 42 L
10 0 7 12 U
10 1 6 16 U
10 2 0 27 D
10 3 5 29 D
10 4 6 23 D
10 5 5 16 U
10 6 1 6 R
10 7 11 17 U
10 8 9 8 R
10 9 9 9 R
10 10 7 33 L
10 11 10 2 R
10 12 10 33 L
10 13 8 0 R
10 14 7 35 L
10 15 4 2 R
10 16 1 16 U
10 17 0 34 L
10 18 8 18 U
10 19 13 7 R
10 20 10 20 U
10 21 19 21 U
10 22 0 9 R
10 23 9 1 R
10 24 12 6 R
10 25 0 17 U
10 26 12 15 U
10 27 11 17 U
10 28 7 28 D
10 29 11 29 D
10 30 6 30 D
10 31 3 17 U
10 32 3 12 U
10 33 9 28 D
10 34 6 22 D
10 35 2 10 U
10 36 9 23 D
10 37 8 23 D
10 38 12 17 U
10 39 8 39 L
10 40 11 40 L
10 41 2 18 U
10 42 15 42 L
11 0 1 0 R
11 1 10 1 R
11 2 8 37 L
11 3 10 3 R
11 4 9 30 D
11 5 11 19 U
11 6 11 6 R
11 7 11 31 D
11 8 11 25 D
11 9 0 28 D
11 10 0 35 L
11 11 0 22 D
11 12 10 12 U
11 13 0 34 L
11 14 4 0 R
11 15 11 15 U
11 16 5 4 R
11 17 11 17 U
11 18 0 25 D
11 19 9 19 U
11 20 13 20 U
11 21 4 21 U
11 22 0 36 L
11 23 10 23 D
11 24 12 24 D
11 25 12 25 D
11 26 13 26 D
11 27 14 27 D
11 28 10 38 L
11 29 12 40 L
11 30 11 41 L
11 31 5 31 D
11 32 11 32 D
11 33 10 32 D
11 34 0 16 U
11 35 12 13 U
11 36 6 28 D
11 37 9 14 U
11 38 8 26 D
11 39 8 32 D
11 40 10 40 L
11 41 4 41 L
11 42 18 42 L
12 0 10 13 U
12 1 11 12 U
12 2 0 32 D
12 3 11 3 R
12 4 6 4 R
12 5 12 16 U
12 6 10 6 R
12 7 12 7 R
12 8 10 8 R
12 9 2 9 R
12 10 6 0 R
12 11 12 11 U
12 12 7 3 R
12 13 9 41 L
12 14 5 5 R
12 15 12 15 U
12 16 5 35 L
12 17 12 17 U
12 18 12 18 U
12 19 13 19 U
12 20 8 20 U
12 21 20 5 R
12 22 5 41 L
12 23 11 33 L
12 24 11 24 D
12 25 0 8 R
12 26 11 16 U
12 27 13 1 R
12 28 3 5 R
12 29 7 7 R
12 30 0 18 U
12 31 10 31 D
12 32 14 32 D
12 33 7 11 U
12 34 8 25 D
12 35 2 0 R
12 36 12 36 L
12 37 9 37 L
12 38 9 12 U
12 39 11 26 D
12 40 10 10 U
12 41 13 19 U
12 42 11 27 D
13 0 12 19 U
13 1 0 11 U
13 2 5 2 R
13 3 12 18 U
13 4 0 24 D
13 5 13 26 D
13 6 9 19 U
13 7 13 24 D
13 8 8 16 U
13 9 13 22 D
13 10 11 6 R
13 11 13 11 U
13 12 10 36 L
13 13 13 41 L
13 14 10 8 R
13 15 6 41 L
13 16 12 36 L
13 17 14 17 U
13 18 11 5 R
13 19 9 33 L
13 20 14 20 U
13 21 20 21 U
13 22 0 40 L
13 23 13 23 D
13 24 12 5 R
13 25 6 9 R
13 26 14 35 L
13 27 12 27 D
13 28 8 3 R
13 29 16 33 L
13 30 0 3 R
13 31 6 8 R
13 32 13 7 R
13 33 0 28 D
13 34 12 10 U
13 35 12 23 D
13 36 10 23 D
13 37 13 23 D
13 38 12 12 U
13 39 12 39 L
13 40 8 10 U
13 41 4 14 U
13 42 17 42 L
14 0 10 20 U
14 1 6 32 D
14 2 11 13 U
14 3 12 3 R
14 4 13 4 R
14 5 16 24 D
14 6 4 39 L
14 7 14 7 R
14 8 13 8 R
14 9 12 9 R
14 10 12 0 R
14 11 13 37 L
14 12 12 33 L
14 13 9 13 U
14 14 14 1 R
14 15 3 9 R
14 16 4 24 D
14 17 12 37 L
14 18 0 33 L
14 19 0 2 R
14 20 14 36 L
14 21 22 3 R
14 22 10 33 L
14 23 13 34 L
14 24 9 39 L
14 25 0 10 U
14 26 12 26 D
14 27 4 27 D
14 28 11 28 D
14 29 16 29 D
14 30 15 30 D
14 31 15 31 D
14 32 13 32 D
14 33 4 11 U
14 34 14 34 L
14 35 13 35 L
14 36 15 27 D
14 37 12 11 U
14 38 10 38 L
14 39 14 39 L
14 40 0 26 D
14 41 15 29 D
14 42 0 21 U
15 0 14 12 U
15 1 14 19 U
15 2 15 2 R
15 3 14 27 D
15 4 0 18 U
15 5 16 5 R
15 6 14 6 R
15 7 13 7 R
15 8 12 8 R
15 9 15 18 U
15 10 14 4 R
15 11 14 35 L
15 12 16 2 R
15 13 15 5 R
15 14 16 14 U
15 15 13 15 U
15 16 15 16 U
15 17 15 34 L
15 18 17 7 R
15 19 6 19 U
15 20 15 20 U
15 21 24 21 U
15 22 2 3 R
15 23 10 34 L
15 24 7 35 L
15 25 3 25 D
15 26 2 26 D
15 27 6 38 L
15 28 6 2 R
15 29 0 35 L
15 30 14 30 D
15 31 11 31 D
15 32 12 0 R
15 33 0 32 D
15 34 15 10 U
15 35 2 15 U
15 36 15 24 D
15 37 0 25 D
15 38 16 13 U
15 39 14 12 U
15 40 2 27 D
15 41 14 41 L
15 42 19 12 U
16 0 16 22 D
16 1 16 1 R
16 2 15 20 U
16 3 15 24 D
16 4 15 4 R
16 5 18 23 D
16 6 16 6 R
16 7 15 23 D
16 8 13 42 L
16 9 16 9 R
16 10 14 0 R
16 11 16 36 L
16 12 16 12 U
16 13 11 36 L
16 14 15 14 U
16 15 11 41 L
16 16 15 5 R
16 17 19 6 R
16 18 17 18 U
16 19 7 19 U
16 20 11 20 U
16 21 23 21 U
16 22 15 34 L
16 23 11 35 L
16 24 16 4 R
16 25 16 38 L
16 26 15 26 D
16 27 2 9 R
16 28 0 33 L
16 29 13 8 R
16 30 17 30 D
16 31 12 31 D
16 32 17 32 D
16 33 10 31 D
16 34 14 10 U
16 35 13 22 D
16 36 15 36 L
16 37 10 37 L
16 38 16 38 L
16 39 9 39 L
16 40 15 40 L
16 41 16 41 L
16 42 19 0 R
17 0 13 10 U
17 1 14 36 L
17 2 0 14 U
17 3 7 10 U
17 4 18 28 D
17 5 18 5 R
17 6 15 6 R
17 7 6 7 R
17 8 5 8 R
17 9 17 9 R
17 10 17 1 R
17 11 17 0 R
17 12 0 40 L
17 13 18 5 R
17 14 14 9 R
17 15 31 1 R
17 16 0 22 D
17 17 20 17 U
17 18 16 18 U
17 19 2 1 R
17 20 13 42 L
17 21 22 21 U
17 22 4 4 R
17 23 0 17 U
17 24 15 3 R
17 25 16 25 D
17 26 13 6 R
17 27 13 27 D
17 28 0 13 U
17 29 17 29 D
17 30 19 30 D
17 31 18 4 R
17 32 18 33 L
17 33 17 11 U
17 34 13 25 D
17 35 15 29 D
17 36 15 26 D
17 37 0 15 U
17 38 16 10 U
17 39 15 11 U
17 40 3 29 D
17 41 31 18 U
17 42 21 42 L
18 0 5 34 L
18 1 16 12 U
18 2 18 2 R
18 3 13 17 U
18 4 18 4 R
18 5 19 24 D
18 6 0 34 L
18 7 19 19 U
18 8 15 8 R
18 9 13 32 D
18 10 16 40 L
18 11 7 1 R
18 12 18 33 L
18 13 18 13 U
18 14 14 0 R
18 15 31 15 U
18 16 19 16 U
18 17 18 17 U
18 18 17 3 R
18 19 16 19 U
18 20 9 20 U
18 21 21 21 U
18 22 18 39 L
18 23 17 12 U
18 24 17 24 D
18 25 21 42 L
18 26 13 2 R
18 27 4 42 L
18 28 16 28 D
18 29 15 29 D
18 30 19 39 L
18 31 15 42 L
18 32 12 32 D
18 33 15 31 D
18 34 10 14 U
18 35 19 30 D
18 36 18 10 U
18 37 12 32 D
18 38 4 29 D
18 39 13 39 L
18 40 22 11 U
18 41 29 41 L
18 42 22 10 U
19 0 18 18 U
19 1 20 22 D
19 2 18 16 U
19 3 19 30 D
19 4 14 34 L
19 5 20 5 R
19 6 11 11 U
19 7 17 7 R
19 8 11 18 U
19 9 4 37 L
19 10 18 0 R
19 11 12 6 R
19 12 14 26 D
19 13 8 13 U
19 14 17 7 R
19 15 25 15 U
19 16 16 0 R
19 17 16 42 L
19 18 11 18 U
19 19 6 9 R
19 20 11 38 L
19 21 12 5 R
19 22 16 22 D
19 23 7 8 R
19 24 3 8 R
19 25 22 25 D
19 26 17 26 D
19 27 0 0 R
19 28 2 17 U
19 29 18 7 R
19 30 21 5 R
19 31 24 35 L
19 32 19 5 R
19 33 19 12 U
19 34 14 29 D
19 35 18 14 U
19 36 0 32 D
19 37 14 37 L
19 38 9 38 L
19 39 19 17 U
19 40 19 22 D
19 41 31 41 L
19 42 22 42 L
20 0 3 31 D
20 1 20 1 R
20 2 17 2 R
20 3 20 3 R
20 4 1 28 D
20 5 20 11 U
20 6 4 6 R
20 7 20 7 R
20 8 0 42 L
20 9 19 9 R
20 10 19 35 L
20 11 18 35 L
20 12 18 37 L
20 13 24 40 L
20 14 22 14 U
20 16 25 16 U
20 17 20 4 R
20 18 9 34 L
20 19 19 19 U
20 20 16 20 U
20 21 13 21 U
20 22 16 9 R
20 23 18 23 D
20 24 9 24 D
20 25 18 25 D
20 26 18 42 L
20 27 15 27 D
20 28 21 28 D
20 29 19 29 D
20 30 18 30 D
20 31 26 31 D
20 32 20 32 D
20 33 20 10 U
20 34 17 23 D
20 35 12 24 D
20 36 24 0 R
20 37 17 37 L
20 38 24 16 U
20 39 10 39 L
20 40 25 17 U
20 41 22 41 L
20 42 21 25 D
21 0 17 26 D
21 1 21 19 U
21 2 16 32 D
21 3 4 36 L
21 4 11 37 L
21 5 21 27 D
21 6 25 21 U
21 7 18 22 D
21 8 20 14 U
21 9 22 9 R
21 10 19 42 L
21 11 17 2 R
21 12 20 3 R
21 13 27 33 L
21 14 21 14 U
21 16 11 16 U
21 17 7 33 L
21 18 6 18 U
21 19 20 19 U
21 20 28 0 R
21 21 25 7 R
21 22 22 22 D
21 23 21 37 L
21 24 14 24 D
21 25 20 42 L
21 26 9 26 D
21 27 20 4 R
21 28 15 8 R
21 29 26 4 R
21 30 20 30 D
21 31 17 31 D
21 32 3 0 R
21 33 21 23 D
21 34 16 28 D
21 35 22 35 L
21 36 25 36 L
21 37 12 18 U
21 38 23 38 L
21 39 26 6 R
21 40 26 40 L
21 41 30 41 L
21 42 0 22 D
22 0 3 11 U
22 1 12 1 R
22 2 21 2 R
22 3 13 3 R
22 4 20 37 L
22 5 22 5 R
22 6 22 6 R
22 7 21 7 R
22 8 4 16 U
22 9 23 36 L
22 10 22 22 D
22 11 13 23 D
22 12 18 12 U
22 13 0 30 D
22 14 0 25 D
22 16 4 35 L
22 17 24 7 R
22 18 19 18 U
22 19 22 19 U
22 20 18 20 U
22 21 23 4 R
22 22 21 1 R
22 23 21 23 D
22 24 2 24 D
22 25 25 42 L
22 26 18 26 D
22 27 21 27 D
22 28 14 28 D
22 29 25 29 D
22 30 22 30 D
22 31 16 31 D
22 32 24 33 L
22 33 15 12 U
22 34 15 23 D
22 35 19 35 L
22 36 26 36 L
22 37 14 24 D
22 38 17 38 L
22 39 23 39 L
22 40 25 40 L
22 41 24 41 L
22 42 16 30 D
23 0 23 17 U
23 1 17 10 U
23 2 13 2 R
23 3 0 42 L
23 4 19 14 U
23 5 18 21 U
23 6 21 6 R
23 7 8 22 D
23 8 16 8 R
23 9 25 9 R
23 10 18 42 L
23 11 22 35 L
23 12 26 38 L
23 13 29 13 U
23 14 5 33 L
23 16 26 7 R
23 17 23 37 L
23 18 22 42 L
23 20 26 20 U
23 21 26 21 U
23 22 20 2 R
23 23 23 37 L
23 24 19 8 R
23 25 24 25 D
23 26 23 3 R
23 27 14 33 L
23 28 0 4 R
23 29 22 29 D
23 30 21 30 D
23 31 23 39 L
23 32 23 32 D
23 33 11 11 U
23 34 18 18 U
23 35 25 35 L
23 36 22 36 L
23 37 19 21 U
23 38 21 29 D
23 39 27 39 L
23 40 27 31 D
23 41 30 16 U
23 42 20 24 D
24 0 11 21 U
24 1 13 1 R
24 2 23 2 R
24 3 26 11 U
24 4 23 4 R
24 5 19 5 R
24 6 20 6 R
24 7 15 7 R
24 8 17 8 R
24 9 24 9 R
24 10 8 38 L
24 11 23 35 L
24 12 27 2 R
24 13 24 6 R
24 14 0 31 D
24 16 16 16 U
24 17 23 31 D
24 18 26 3 R
24 20 23 20 U
24 21 27 21 U
24 22 16 37 L
24 23 9 10 U
24 24 23 24 D
24 25 20 25 D
24 26 27 42 L
24 27 10 27 D
24 28 20 28 D
24 29 24 29 D
24 30 9 30 D
24 31 23 31 D
24 32 27 37 L
24 33 23 10 U
24 34 17 21 U
24 35 24 35 L
24 36 18 36 L
24 37 24 37 L
24 38 22 38 L
24 39 0 8 R
24 40 18 10 U
24 41 17 41 L
24 42 22 32 D
25 0 25 16 U
25 1 19 11 U
25 2 12 2 R
25 3 25 3 R
25 4 23 25 D
25 5 21 22 D
25 6 27 6 R
25 7 23 7 R
25 8 24 17 U
25 9 23 9 R
25 10 21 1 R
25 11 4 34 L
25 12 27 12 U
25 13 30 13 U
25 14 12 14 U
25 16 23 16 U
25 17 22 17 U
25 18 22 18 U
25 20 30 4 R
25 21 25 36 L
25 22 22 1 R
25 23 26 23 D
25 24 25 4 R
25 25 26 0 R
25 26 19 26 D
25 27 22 27 D
25 28 21 8 R
25 29 22 38 L
25 30 26 39 L
25 31 20 40 L
25 32 27 32 D
25 33 26 33 L
25 34 23 34 L
25 35 18 25 D
25 36 20 36 L
25 37 22 11 U
25 38 26 21 U
25 39 17 39 L
25 40 19 40 L
25 41 19 41 L
25 42 26 11 U
26 0 26 10 U
26 1 8 26 D
26 2 24 2 R
26 3 0 36 L
26 4 24 4 R
26 5 17 17 U
26 6 27 12 U
26 7 24 24 D
26 8 22 8 R
26 9 21 9 R
26 10 14 34 L
26 11 18 1 R
26 12 5 12 U
26 13 23 13 U
26 14 20 14 U
26 16 23 5 R
26 17 18 28 D
26 18 27 1 R
26 20 30 20 U
26 21 25 21 U
26 22 20 9 R
26 23 12 23 D
26 24 12 34 L
26 25 21 6 R
26 26 25 1 R
26 27 25 27 D
26 28 29 6 R
26 29 23 29 D
26 30 27 30 D
26 31 25 31 D
26 32 24 32 D
26 33 25 33 L
26 34 25 12 U
26 35 23 18 U
26 36 16 26 D
26 37 25 30 D
26 38 24 38 L
26 39 24 39 L
26 40 5 40 L
26 41 27 20 U
26 42 26 42 L
27 0 0 21 U
27 1 21 21 U
27 2 27 23 D
27 3 23 27 D
27 4 27 37 L
27 5 6 5 R
27 6 24 6 R
27 7 13 13 U
27 8 30 13 U
27 9 25 27 D
27 10 19 9 R
27 11 25 38 L
27 12 26 12 U
27 13 25 40 L
27 14 26 29 D
27 16 26 16 U
27 17 24 17 U
27 18 28 5 R
27 20 29 20 U
27 21 26 4 R
27 22 25 13 U
27 23 0 6 R
27 24 27 2 R
27 25 23 25 D
27 26 23 38 L
27 27 11 10 U
27 28 23 6 R
27 29 21 38 L
27 30 26 30 D
27 31 24 31 D
27 32 28 37 L
27 33 9 16 U
27 34 18 28 D
27 35 15 25 D
27 36 22 29 D
27 37 25 21 U
27 38 27 10 U
27 39 27 28 D
27 40 10 26 D
27 41 27 41 L
27 42 27 32 D
28 0 23 22 D
28 1 3 12 U
28 2 29 20 U
28 3 17 21 U
28 4 29 29 D
28 5 29 5 R
28 6 27 27 D
28 7 11 7 R
28 8 28 8 R
28 9 13 40 L
28 10 25 0 R
28 12 0 1 R
28 13 31 7 R
28 14 9 35 L
28 16 24 16 U
28 17 24 42 L
28 18 14 18 U
28 20 28 20 U
28 21 12 9 R
28 22 22 40 L
28 23 16 36 L
28 24 28 24 D
28 25 26 2 R
28 26 20 26 D
28 27 28 27 D
28 28 27 28 D
28 29 11 0 R
28 30 28 34 L
28 31 29 36 L
28 32 21 32 D
28 33 15 22 D
28 34 29 18 U
28 35 20 18 U
28 36 11 13 U
28 37 29 11 U
28 38 29 29 D
28 39 30 39 L
28 40 0 23 D
28 41 25 20 U
28 42 29 12 U
29 0 24 14 U
29 1 23 1 R
29 2 28 2 R
29 3 29 3 R
29 4 25 37 L
29 5 28 30 D
29 6 27 16 U
29 7 30 7 R
29 8 30 8 R
29 9 26 9 R
29 10 6 4 R
29 12 27 8 R
29 13 20 13 U
29 14 27 14 U
29 16 28 16 U
29 17 26 17 U
29 18 30 18 U
29 20 25 20 U
29 21 13 25 D
29 22 25 35 L
29 23 28 8 R
29 24 25 24 D
29 25 27 25 D
29 26 4 26 D
29 27 27 27 D
29 28 30 28 D
29 29 28 3 R
29 30 30 30 D
29 31 20 31 D
29 32 2 32 D
29 33 26 22 D
29 34 30 34 L
29 35 27 35 L
29 36 29 22 D
29 37 30 37 L
29 38 19 38 L
29 39 29 39 L
29 40 31 40 L
29 41 32 41 L
29 42 28 42 L
30 0 7 17 U
30 1 11 1 R
30 2 31 24 D
30 3 28 3 R
30 5 31 10 U
30 6 30 6 R
30 7 28 13 U
30 8 29 8 R
30 9 28 24 D
30 10 29 35 L
30 13 26 13 U
30 14 11 14 U
30 16 31 16 U
30 17 21 3 R
30 18 29 31 D
30 20 31 4 R
30 21 24 2 R
30 22 29 42 L
30 23 18 9 R
30 24 29 24 D
30 25 29 35 L
30 26 24 26 D
30 27 17 5 R
30 28 29 28 D
30 29 30 29 D
30 30 29 30 D
30 31 27 31 D
30 32 22 32 D
30 33 29 21 U
30 34 29 34 L
30 35 20 32 D
30 36 26 12 U
30 37 29 37 L
30 38 31 13 U
30 39 20 39 L
30 40 17 40 L
30 42 23 25 D
31 0 28 22 D
31 1 27 34 L
31 2 30 10 U
31 3 23 10 U
31 5 21 5 R
31 6 25 20 U
31 7 31 7 R
31 8 28 39 L
31 9 27 9 R
31 10 20 2 R
31 13 14 13 U
31 16 31 8 R
31 17 15 17 U
31 20 19 7 R
31 22 28 0 R
31 23 23 41 L
31 24 26 24 D
31 26 23 26 D
31 27 30 27 D
31 29 31 41 L
31 30 18 2 R
31 31 28 7 R
31 32 6 41 L
31 33 0 17 U
31 34 23 22 D
31 35 9 30 D
31 36 30 36 L
31 37 28 28 D
31 38 26 38 L
31 39 28 23 D
31 40 21 40 L
31 42 19 31 D
32 0 5 13 U
32 6 20 16 U
32 7 5 22 D
32 8 14 32 D
32 16 5 16 U
32 20 22 20 U
32 22 17 39 L
32 23 26 6 R
32 30 19 41 L
32 32 28 32 D
32 39 11 39 L
32 40 28 30 D

