22 23 449
14 0 19 0 4 10 0 10 0 6 1 2 0 0 2 0 0 0
0 0 17 0 4 11 17 0 0 0 19 0 0 21 0 0 0 20
8 0 10 0 0 19 18 0 18 15 0 9 0 6 0 0 0 0
13 16 0 0 20 0 0 11 0 11 0 0 7 0 14 0 0 0
0 0 0 13 0 0 0 10 0 14 0 4 0 0 1 0 7 0
0 0 0 0 0 0 0 0 8 1 0 0 12 0 19 20 0 9
8 0 0 0 6 16 0 0 0 0 20 0 0 11 0 0 5 7
0 14 0 9 17 20 0 0 5 0 21 0 19 5 6 7 8 0
11 0 4 0 0 0 0 0 0 0 0 7 0 0 0 0 5 0
0 0 0 11 0 0 0 0 0 0 0 0 9 0 0 19 0 0
0 1 0 0 0 12 0 0 10 6 0 5 0 18 16 9 0 10
18 0 0 13 0 0 0 0 4 14 0 13 0 0 15 0 0 0
0 13 0 0 0 21 14 20 0 21 10 0 0 0 7 0 9 6
0 8 0 0 15 17 0 0 0 0 0 4 0 17 0 15 0 0
0 17 0 3 0 14 0 0 16 17 8 18 20 8 0 0 17 0
0 12 11 19 10 0 20 0 14 14 12 0 0 0 5 0 8 9
1 0 7 0 0 0 0 13 0 8 16 0 6 0 11 12 0 0
0 9 7 0 0 0 0 12 2 10 0 13 20 0 0 0 0 20
0 0 0 0 L
0 1 0 1 L
0 2 0 2 L
0 3 0 3 L
0 4 0 4 L
0 5 0 5 R
0 6 0 6 R
0 7 0 7 R
0 8 0 8 R
0 9 0 9 R
0 10 0 10 D
0 11 0 11 D
0 12 0 12 D
0 13 0 13 D
0 14 0 14 D
0 15 0 15 D
0 16 0 16 U
0 17 0 17 U
0 18 0 18 U
0 19 0 19 U
0 20 0 20 U
0 21 0 21 U
0 22 0 22 U
1 0 3 19 U
1 1 3 15 D
1 2 0 12 D
1 3 2 18 U
1 4 0 21 U
1 5 0 11 D
1 6 2 14 D
1 7 5 11 D
1 8 5 10 D
1 9 2 15 D
1 10 13 5 R
1 11 13 5 R
1 12 3 12 D
1 13 3 13 D
1 14 11 7 R
1 15 5 15 D
1 16 6 16 U
1 17 0 11 D
1 18 0 9 R
1 19 3 19 U
1 20 6 7 R
1 21 0 15 D
1 22 5 22 U
2 0 4 16 U
2 1 8 13 D
2 2 0 11 D
2 3 19 21 U
2 4 0 19 U
2 5 8 18 U
2 6 12 21 U
2 7 4 12 D
2 8 7 11 D
2 9 0 2 L
2 10 3 4 L
2 11 9 11 D
2 12 8 12 D
2 13 5 1 L
2 14 10 14 D
2 15 4 15 D
2 16 17 0 L
2 17 4 0 L
2 18 0 1 L
2 19 4 19 U
2 20 12 13 D
2 21 1 21 U
2 22 6 0 L
3 0 7 11 D
3 1 4 22 U
3 2 12 19 U
3 3 5 16 U
3 4 10 22 U
3 5 15 14 D
3 6 7 6 R
3 7 0 17 U
3 8 6 20 U
3 9 14 16 U
3 10 4 8 R
3 11 10 1 L
3 12 1 4 L
3 13 0 2 L
3 14 7 14 D
3 15 2 15 D
3 16 10 5 R
3 17 4 17 U
3 18 8 2 L
3 19 1 19 U
3 20 11 6 R
3 21 1 9 R
3 22 11 3 L
4 0 7 10 D
4 1 3 11 D
4 2 12 17 U
4 3 9 8 R
4 4 1 4 L
4 5 13 11 D
4 6 9 18 U
4 7 8 15 D
4 8 14 11 D
4 9 2 10 D
4 10 0 6 R
4 11 12 9 R
4 12 16 12 D
4 13 13 13 D
4 14 2 14 D
4 15 8 15 D
4 16 16 7 R
4 17 11 17 U
4 18 5 18 U
4 19 17 8 R
4 20 3 8 R
4 21 7 21 U
4 22 0 11 D
5 0 12 14 D
5 1 2 19 U
5 2 7 17 U
5 3 9 16 U
5 4 17 21 U
5 5 13 17 U
5 6 13 16 U
5 7 8 13 D
5 8 2 18 U
5 9 7 9 R
5 10 0 1 L
5 11 12 7 R
5 12 18 1 L
5 13 0 7 R
5 14 4 14 D
5 15 0 4 L
5 16 0 13 D
5 17 0 6 R
5 18 4 18 U
5 19 2 1 L
5 20 13 3 L
5 21 2 21 U
5 22 0 4 L
6 0 0 5 R
6 1 0 12 D
6 2 18 21 U
6 3 7 3 L
6 4 15 4 L
6 5 0 14 D
6 6 12 16 U
6 7 12 10 D
6 8 4 12 D
6 9 13 13 D
6 10 0 0 L
6 11 9 2 L
6 12 4 12 D
6 13 5 13 D
6 14 8 9 R
6 15 9 15 D
6 16 9 8 R
6 17 0 5 R
6 18 1 18 U
6 19 15 19 U
6 20 0 15 D
6 21 3 4 L
6 22 1 4 L
7 0 0 16 U
7 1 20 15 D
7 2 0 10 D
7 3 15 11 D
7 4 14 13 D
7 5 10 5 R
7 6 3 0 L
7 7 8 7 R
7 8 5 18 U
7 9 3 9 R
7 10 3 10 D
7 11 6 1 L
7 12 0 8 R
7 13 6 13 D
7 14 12 3 L
7 15 10 7 R
7 16 3 6 R
7 17 0 0 L
7 18 10 18 U
7 19 2 19 U
7 20 1 5 R
7 21 5 3 L
7 22 4 22 U
8 0 19 22 U
8 1 19 17 U
8 2 6 2 L
8 3 15 19 U
8 4 9 21 U
8 5 14 19 U
8 6 17 3 L
8 7 10 20 U
8 8 6 8 R
8 9 4 21 U
8 10 18 7 R
8 11 9 11 D
8 12 3 1 L
8 13 0 3 L
8 14 9 2 L
8 15 4 15 D
8 16 3 9 R
8 17 9 6 R
8 18 0 2 L
8 19 7 0 L
8 20 6 20 U
8 21 0 13 D
8 22 9 7 R
9 0 16 10 D
9 1 0 17 U
9 2 5 13 D
9 3 1 20 U
9 4 15 14 D
9 5 0 18 U
9 6 0 1 L
9 7 17 18 U
9 8 0 0 L
9 9 7 9 R
9 10 6 6 R
9 11 0 5 R
9 12 4 8 R
9 13 0 1 L
9 14 7 4 L
9 15 17 5 R
9 16 0 10 D
9 17 0 12 D
9 18 11 1 L
9 19 0 7 R
9 20 17 9 R
9 21 1 21 U
9 22 3 7 R
10 0 17 12 D
10 1 2 17 U
10 2 2 16 U
10 3 18 20 U
10 4 19 20 U
10 5 5 21 U
10 6 6 19 U
10 7 0 10 D
10 8 16 8 R
10 9 8 11 D
10 10 0 9 R
10 11 1 2 L
10 12 14 3 L
10 13 5 4 L
10 14 2 14 D
10 15 7 1 L
10 16 0 5 R
10 17 16 8 R
10 18 1 18 U
10 19 2 19 U
10 20 11 20 U
10 21 0 2 L
10 22 4 9 R
11 0 0 13 D
11 1 0 15 D
11 2 10 2 L
11 3 4 22 U
11 4 17 4 L
11 5 5 10 D
11 6 3 10 D
11 7 2 10 D
11 8 0 22 U
11 9 19 11 D
11 10 16 5 R
11 11 0 7 R
11 12 0 18 U
11 13 6 13 D
11 14 5 8 R
11 15 8 9 R
11 16 8 8 R
11 17 0 8 R
11 18 0 0 L
11 19 0 5 R
11 20 16 1 L
11 21 13 0 L
11 22 9 22 U
12 0 3 18 U
12 1 4 17 U
12 2 1 18 U
12 3 13 3 L
12 4 7 12 D
12 5 16 16 U
12 6 0 16 U
12 7 17 14 D
12 8 11 17 U
12 9 3 22 U
12 10 5 1 L
12 11 6 2 L
12 12 5 6 R
12 13 9 6 R
12 14 8 6 R
12 15 18 0 L
12 16 16 10 D
12 17 8 17 U
12 18 13 6 R
12 19 3 19 U
12 20 9 20 U
12 21 3 21 U
12 22 5 22 U
13 0 10 17 U
13 1 18 21 U
13 2 18 18 U
13 4 12 15 D
13 5 7 17 U
13 6 2 16 U
13 7 6 22 U
13 8 6 2 L
13 9 2 12 D
13 10 0 3 L
13 11 2 4 L
13 12 1 12 D
13 13 16 3 L
13 14 6 0 L
13 15 2 15 D
13 16 4 5 R
13 17 3 2 L
13 18 3 18 U
13 19 0 15 D
13 20 1 20 U
13 21 0 7 R
13 22 1 22 U
14 0 1 21 U
14 1 4 10 D
14 2 12 10 D
14 3 16 12 D
14 5 0 15 D
14 6 16 17 U
14 7 2 20 U
14 8 16 19 U
14 9 3 16 U
14 10 3 2 L
14 11 3 3 L
14 12 5 2 L
14 13 8 6 R
14 14 1 2 L
14 15 12 2 L
14 16 6 6 R
14 17 15 0 L
14 18 3 7 R
14 19 16 9 R
14 20 0 7 R
14 21 12 12 D
14 22 4 22 U
15 0 14 13 D
15 1 5 1 L
15 2 7 11 D
15 5 6 10 D
15 6 9 11 D
15 7 0 19 U
15 8 4 2 L
15 9 5 11 D
15 10 5 4 L
15 11 10 9 R
15 12 19 9 R
15 13 1 13 D
15 14 3 5 R
15 15 11 15 D
15 16 2 9 R
15 17 7 8 R
15 18 5 18 U
15 19 0 12 D
15 21 9 4 L
15 22 1 22 U
16 0 8 20 U
16 1 1 16 U
16 2 13 11 D
16 5 18 13 D
16 6 11 17 U
16 7 8 16 U
16 8 0 17 U
16 9 8 18 U
16 10 13 0 L
16 11 13 3 L
16 12 4 12 D
16 13 2 13 D
16 14 7 14 D
16 15 12 5 R
16 16 7 9 R
16 17 17 17 U
16 18 3 12 D
16 19 10 3 L
16 20 14 20 U
16 21 15 21 U
16 22 2 2 L
17 0 0 14 D
17 1 0 18 U
17 3 14 13 D
17 5 0 12 D
17 6 14 10 D
17 7 4 7 R
17 8 4 22 U
17 9 4 11 D
17 10 1 7 R
17 11 6 7 R
17 12 18 5 R
17 13 14 2 L
17 14 3 14 D
17 15 6 15 D
17 17 19 5 R
17 18 4 18 U
17 19 0 10 D
17 21 18 21 U
17 22 16 22 U
18 0 12 11 D
18 1 0 20 U
18 2 1 17 U
18 6 12 20 U
18 7 4 7 R
18 8 8 8 R
18 9 7 9 R
18 10 11 5 R
18 11 12 6 R
18 12 5 8 R
18 14 1 3 L
18 15 12 4 L
18 17 17 0 L
18 18 2 0 L
18 19 15 11 D
18 21 1 21 U
19 0 0 22 U
19 1 8 17 U
19 6 6 6 R
19 7 2 7 R
19 8 7 8 R
19 9 6 9 R
19 10 7 0 L
19 11 2 8 R
19 12 4 9 R
19 14 2 14 D
19 15 0 8 R
19 17 15 1 L
19 18 16 2 L
19 19 13 7 R
19 21 0 0 L
20 6 15 6 R
20 7 0 4 L
20 8 8 16 U
20 9 13 1 L
20 10 2 10 D
20 14 9 9 R
20 15 5 15 D
20 17 4 9 R
20 18 17 6 R
20 19 6 19 U
20 21 2 21 U
21 7 6 7 R
21 9 19 12 D
21 19 6 19 U
21 21 5 21 U

