8 9 70
1 0 0 2 0 4 3 4 0 1 6
0 0 6 0 0 0 0 0 0 6 0
2 0 0 0 1 6 1 0 0 6 0
0 0 4 0 0 7 0 0 0 5 7
0 0 0 1 0 5 0 0 5 0 0
0 0 0 3 0 3 0 0 0 0 0
0 0 6 0 0 0 0 0 0 0 5
0 0 0 4 0 6 7 0 0 0 0
1 0 0 3 0 0 3 3 0 0 6
0 0 1 0 2 7 0 0 0 7 0
0 0 0 1 0 0 2 4 0 0 1
0 0 0 0 L
0 1 0 1 L
0 2 0 2 R
0 3 0 3 R
0 4 0 4 D
0 5 0 5 D
0 6 0 6 U
0 7 0 7 U
0 8 0 8 U
1 0 0 6 U
1 1 0 7 U
1 2 0 4 D
1 3 0 5 D
1 4 0 2 R
1 5 0 0 L
1 6 0 2 R
1 7 0 3 R
1 8 0 4 D
2 0 0 8 U
2 1 0 4 D
2 2 0 6 U
2 3 2 3 R
2 4 0 1 L
2 5 2 6 U
2 6 1 3 R
2 7 2 3 R
2 8 2 8 U
3 0 1 0 L
3 1 4 5 D
3 2 3 2 R
3 3 1 1 L
3 4 1 4 D
3 5 4 5 D
3 6 0 5 D
3 7 3 7 U
3 8 1 8 U
4 0 2 0 L
4 1 4 1 L
4 2 1 4 D
4 3 3 5 D
4 4 2 6 U
4 5 5 5 D
4 6 3 2 R
4 7 1 7 U
4 8 4 4 D
5 0 0 2 R
5 1 5 4 D
5 2 0 5 D
5 3 0 1 L
5 4 0 3 R
5 5 2 5 D
5 6 0 1 L
5 7 5 2 R
5 8 4 8 U
6 0 0 5 D
6 1 3 1 L
6 2 5 4 D
6 3 7 5 D
6 4 5 6 U
6 5 1 3 R
6 6 2 1 L
6 7 3 3 R
6 8 0 0 L
7 0 2 7 U
7 2 6 2 R
7 3 4 7 U
7 4 6 4 D
7 5 1 8 U
7 6 1 6 U
7 8 7 8 U

