33 39 1089
21 6 0 8 20 28 23 0 0 0 22 0 1 28 29 15 8
0 19 0 0 0 0 29 0 0 13 0 0 25 1 7 0 2
0 2 0 24 26 14 14 0 0 0 0 0 0 0 2 15 9
15 26 0 0 0 22 22 0 21 15 26 0 0 0 16 18 25
28 0 0 0 0 0 0 0 0 0 0 0 32 0 0 31 12
15 0 0 0 0 0 0 0 0 0 0 0 16 0 4 0 25
8 21 3 31 0 0 0 0 0 0 0 0 0 0 7 28 13
4 0 16 25 31 25 0 0 7 0 27 11 0 0 0 11 19
23 0 0 2 28 0 0 17 0 12 29 2 0 12 8 0 0
28 0 21 18 1 0 0 0 0 1 0 30 0 0 0 24 8
18 1 0 20 0 0 22 7 27 0 0 1 26 15 16 0 0
11 25 0 0 0 0 11 0 7 20 31 27 3 21 0 27 24
22 0 16 0 0 0 0 28 12 9 25 24 7 26 26 24 20
0 20 22 24 0 30 0 0 15 0 0 22 7 0 0 29 2
20 26 18 0 11 0 24 0 8 18 0 18 0 18 14 27 20
10 15 25 0 27 27 11 22 24 0 28 0 0 11 0 0 20
15 19 16 32 1 22 0 26 19 1 24 21 11 0 24 26 0
0 0 0 0 L
0 1 0 1 L
0 2 0 2 L
0 3 0 3 L
0 4 0 4 L
0 5 0 5 L
0 6 0 6 L
0 7 0 7 L
0 8 0 8 L
0 9 0 9 L
0 10 0 10 R
0 11 0 11 R
0 12 0 12 R
0 13 0 13 R
0 14 0 14 R
0 15 0 15 R
0 16 0 16 R
0 17 0 17 R
0 18 0 18 R
0 19 0 19 R
0 20 0 20 D
0 21 0 21 D
0 22 0 22 D
0 23 0 23 D
0 24 0 24 D
0 25 0 25 D
0 26 0 26 D
0 27 0 27 D
0 28 0 28 D
0 29 0 29 U
0 30 0 30 U
0 31 0 31 U
0 32 0 32 U
0 33 0 33 U
0 34 0 34 U
0 35 0 35 U
0 36 0 36 U
0 37 0 37 U
0 38 0 38 U
1 0 3 20 D
1 1 19 12 R
1 2 11 2 L
1 3 22 20 D
1 4 17 34 U
1 5 7 5 L
1 6 3 6 L
1 7 31 7 L
1 8 7 8 L
1 9 10 9 L
1 10 10 22 D
1 11 3 11 R
1 12 5 29 U
1 13 9 13 R
1 14 18 5 L
1 15 18 15 R
1 16 4 16 R
1 17 18 17 R
1 18 22 18 R
1 19 28 19 R
1 20 0 11 R
1 21 16 11 R
1 22 4 22 D
1 23 19 13 R
1 24 3 14 R
1 25 20 15 R
1 26 9 19 R
1 27 4 27 D
1 28 3 28 D
1 29 0 10 R
1 30 5 30 U
1 31 7 15 R
1 32 10 32 U
1 33 2 2 L
1 34 11 14 R
1 35 5 35 U
1 36 9 7 L
1 37 10 14 R
1 38 9 38 U
2 0 28 20 D
2 1 1 32 U
2 2 10 24 D
2 3 3 31 U
2 4 6 4 L
2 5 21 23 D
2 6 12 25 D
2 7 24 36 U
2 8 6 27 D
2 9 18 9 L
2 10 12 28 D
2 11 16 11 R
2 12 15 31 U
2 13 0 22 D
2 14 15 14 R
2 15 0 6 L
2 16 13 28 D
2 17 16 3 L
2 18 22 29 U
2 19 7 32 U
2 20 7 18 R
2 21 22 21 D
2 22 0 1 L
2 23 4 23 D
2 24 1 24 D
2 25 3 25 D
2 26 3 26 D
2 27 3 27 D
2 28 26 28 D
2 29 20 9 L
2 30 4 4 L
2 31 0 17 R
2 32 10 5 L
2 33 15 19 R
2 34 0 8 L
2 35 13 6 L
2 36 5 36 U
2 37 3 37 U
2 38 9 38 U
3 0 19 29 U
3 1 20 1 L
3 2 1 32 U
3 3 4 30 U
3 4 0 34 U
3 5 6 33 U
3 6 29 6 L
3 7 1 25 D
3 8 24 36 U
3 9 1 16 R
3 10 1 20 D
3 11 4 28 D
3 12 16 32 U
3 13 18 29 U
3 14 0 4 L
3 15 11 24 D
3 16 6 16 R
3 17 2 17 R
3 18 11 18 R
3 19 15 19 R
3 20 1 17 R
3 21 8 2 L
3 22 4 22 D
3 23 11 31 U
3 24 2 14 R
3 25 1 25 D
3 26 11 5 L
3 27 13 1 L
3 28 0 33 U
3 29 0 9 L
3 30 9 0 L
3 31 14 31 U
3 32 0 22 D
3 33 9 5 L
3 34 1 34 U
3 35 2 35 U
3 36 18 1 L
3 37 5 19 R
3 38 5 38 U
4 0 1 26 D
4 1 8 27 D
4 2 15 25 D
4 3 8 3 L
4 4 8 4 L
4 5 10 5 L
4 6 14 29 U
4 7 7 7 L
4 8 7 31 U
4 9 18 9 L
4 10 0 3 L
4 11 14 33 U
4 12 5 21 D
4 13 9 28 D
4 14 9 23 D
4 15 23 28 D
4 16 13 16 R
4 17 12 8 L
4 18 16 18 R
4 19 7 0 L
4 20 0 2 L
4 21 10 12 R
4 22 0 13 R
4 23 1 3 L
4 24 16 3 L
4 25 1 3 L
4 26 5 26 D
4 27 25 27 D
4 28 5 28 D
4 29 0 2 L
4 30 28 30 U
4 31 5 31 U
4 32 10 4 L
4 33 2 33 U
4 34 12 34 U
4 35 10 0 L
4 36 20 19 R
4 37 1 37 U
4 38 7 18 R
5 0 18 0 L
5 1 3 20 D
5 2 14 20 D
5 3 28 32 U
5 4 4 23 D
5 5 28 14 R
5 6 25 35 U
5 7 18 22 D
5 8 0 36 U
5 9 11 22 D
5 10 2 27 D
5 11 14 26 D
5 12 0 31 U
5 13 7 13 R
5 14 4 23 D
5 15 18 25 D
5 16 7 35 U
5 17 27 21 D
5 18 15 18 R
5 19 1 9 L
5 20 1 1 L
5 21 0 0 L
5 22 4 22 D
5 23 23 14 R
5 24 3 24 D
5 25 1 25 D
5 26 4 26 D
5 27 2 27 D
5 28 1 28 D
5 29 9 1 L
5 30 31 30 U
5 31 13 3 L
5 32 2 32 U
5 33 11 33 U
5 34 20 15 R
5 35 14 35 U
5 36 13 36 U
5 37 14 37 U
5 38 25 17 R
6 0 7 25 D
6 1 9 22 D
6 2 21 2 L
6 3 18 21 D
6 4 11 4 L
6 5 17 29 U
6 6 9 15 R
6 7 2 7 L
6 8 8 8 L
6 9 18 9 L
6 10 4 10 R
6 11 0 30 U
6 12 1 32 U
6 13 1 13 R
6 14 1 3 L
6 15 16 15 R
6 16 9 8 L
6 17 3 17 R
6 18 7 18 R
6 19 3 19 R
6 20 16 0 L
6 21 3 2 L
6 22 22 1 L
6 23 5 33 U
6 24 1 13 R
6 25 23 14 R
6 26 12 26 D
6 27 11 2 L
6 28 5 9 L
6 29 15 18 R
6 30 26 1 L
6 31 16 10 R
6 32 1 17 R
6 33 10 14 R
6 34 1 16 R
6 35 16 2 L
6 36 22 17 R
6 37 18 17 R
6 38 10 38 U
7 0 20 33 U
7 1 0 12 R
7 2 28 31 U
7 3 3 26 D
7 4 2 32 U
7 5 27 13 R
7 6 19 6 L
7 7 2 31 U
7 8 17 15 R
7 9 13 28 D
7 10 11 25 D
7 11 12 29 U
7 12 22 34 U
7 13 1 13 R
7 14 26 33 U
7 15 24 15 R
7 16 21 33 U
7 17 1 17 R
7 18 15 18 R
7 19 5 19 R
7 20 22 30 U
7 21 12 3 L
7 22 21 9 L
7 23 18 5 L
7 24 8 5 L
7 25 8 19 R
7 26 20 7 L
7 27 3 9 L
7 28 22 5 L
7 29 4 7 L
7 30 1 1 L
7 31 1 12 R
7 32 0 7 L
7 33 25 4 L
7 34 6 3 L
7 35 12 16 R
7 36 2 6 L
7 37 5 2 L
8 0 20 23 D
8 1 3 38 U
8 2 3 2 L
8 3 1 3 L
8 4 6 28 D
8 5 19 5 L
8 6 6 24 D
8 7 16 7 L
8 8 12 8 L
8 9 7 9 L
8 10 5 20 D
8 11 5 20 D
8 12 24 26 D
8 13 0 8 L
8 14 7 31 U
8 15 19 20 D
8 16 6 31 U
8 17 26 35 U
8 18 21 18 R
8 19 5 4 L
8 20 30 3 L
8 21 7 3 L
8 22 7 8 L
8 23 7 29 U
8 24 13 0 L
8 25 2 25 D
8 26 22 4 L
8 27 1 10 R
8 28 19 5 L
8 29 13 3 L
8 30 0 4 L
8 31 5 12 R
8 32 15 5 L
8 33 4 6 L
8 34 25 1 L
8 35 19 35 U
8 36 2 19 R
9 0 2 30 U
9 1 18 20 D
9 2 7 2 L
9 3 16 10 R
9 4 12 4 L
9 5 2 5 L
9 6 12 36 U
9 7 25 27 D
9 8 3 8 L
9 9 6 34 U
9 10 0 21 D
9 11 4 11 R
9 12 21 33 U
9 13 20 35 U
9 14 11 35 U
9 15 1 15 R
9 16 0 9 L
9 17 23 30 U
9 18 22 28 D
9 19 5 19 R
9 20 0 17 R
9 21 13 21 D
9 22 17 15 R
9 23 2 23 D
9 24 16 2 L
9 25 14 18 R
9 26 19 26 D
9 27 19 8 L
9 28 2 28 D
9 29 0 1 L
9 30 14 30 U
9 31 28 2 L
9 32 5 3 L
9 33 3 10 R
9 34 6 4 L
9 35 14 35 U
9 36 2 36 U
10 0 18 21 D
10 1 8 32 U
10 2 15 11 R
10 3 0 27 D
10 4 17 26 D
10 5 5 35 U
10 6 14 33 U
10 7 22 35 U
10 8 16 35 U
10 9 16 15 R
10 10 22 27 D
10 11 3 21 D
10 12 1 21 D
10 13 0 32 U
10 14 20 27 D
10 15 0 25 D
10 16 2 26 D
10 17 18 17 R
10 18 3 21 D
10 19 7 24 D
10 20 0 7 L
10 21 1 12 R
10 22 0 32 U
10 23 0 12 R
10 24 23 24 D
10 25 1 25 D
10 26 0 14 R
10 27 4 27 D
10 28 6 18 R
10 29 7 15 R
10 30 24 2 L
10 31 16 6 L
10 32 11 11 R
10 33 16 0 L
10 34 14 18 R
10 35 13 11 R
10 36 28 16 R
11 0 18 27 D
11 1 3 1 L
11 2 10 14 R
11 3 28 26 D
11 4 1 4 L
11 5 12 5 L
11 6 5 23 D
11 7 12 25 D
11 8 25 31 U
11 9 12 24 D
11 10 0 0 L
11 11 20 34 U
11 12 1 31 U
11 13 3 13 R
11 14 25 14 R
11 15 1 33 U
11 16 21 16 R
11 17 17 29 U
11 18 0 36 U
11 19 3 19 R
11 20 21 13 R
11 21 22 30 U
11 22 4 22 D
11 23 0 6 L
11 24 8 24 D
11 25 20 25 D
11 26 20 16 R
11 27 0 36 U
11 28 16 1 L
11 29 17 19 R
11 30 6 11 R
11 31 23 16 R
11 32 14 12 R
11 33 2 33 U
11 34 13 5 L
11 35 6 16 R
11 36 2 17 R
12 0 3 29 U
12 1 7 35 U
12 2 18 22 D
12 3 14 11 R
12 4 5 24 D
12 5 5 26 D
12 6 11 26 D
12 7 24 26 D
12 8 3 8 L
12 9 15 9 L
12 10 29 25 D
12 11 0 1 L
12 12 20 20 D
12 13 6 13 R
12 14 4 24 D
12 15 1 15 R
12 16 6 25 D
12 17 6 17 R
12 18 7 22 D
12 19 19 5 L
12 20 15 11 R
12 21 14 21 D
12 22 10 22 D
12 23 28 11 R
12 24 0 5 L
12 25 20 25 D
12 26 4 26 D
12 27 14 27 D
12 28 4 28 D
12 29 8 12 R
12 30 4 9 L
12 31 1 31 U
12 32 4 32 U
12 33 10 16 R
12 34 20 34 U
12 35 16 14 R
12 36 5 23 D
13 0 1 23 D
13 1 2 23 D
13 2 4 26 D
13 3 21 3 L
13 4 4 32 U
13 5 18 23 D
13 6 5 15 R
13 7 1 7 L
13 8 7 8 L
13 9 6 9 L
13 10 6 27 D
13 11 26 37 U
13 12 6 12 R
13 13 16 24 D
13 14 8 32 U
13 15 0 26 D
13 16 24 21 D
13 17 22 36 U
13 18 2 18 R
13 19 14 2 L
13 20 20 16 R
13 21 7 13 R
13 22 2 22 D
13 23 18 10 R
13 24 23 13 R
13 25 9 25 D
13 26 8 15 R
13 27 20 2 L
13 28 19 6 L
13 29 17 0 L
13 30 14 12 R
13 31 12 31 U
13 32 2 13 R
13 33 9 6 L
13 34 29 0 L
13 35 1 35 U
13 36 0 18 R
13 37 12 12 R
14 0 0 31 U
14 1 21 10 R
14 2 20 10 R
14 3 0 21 D
14 4 26 35 U
14 5 9 33 U
14 6 24 32 U
14 7 4 38 U
14 8 24 10 R
14 9 7 9 L
14 10 5 24 D
14 11 17 35 U
14 12 0 37 U
14 13 0 33 U
14 14 6 33 U
14 15 16 26 D
14 16 7 16 R
14 17 11 5 L
14 18 11 22 D
14 19 0 23 D
14 20 27 10 R
14 21 15 7 L
14 22 7 5 L
14 23 12 23 D
14 24 19 16 R
14 25 20 25 D
14 26 18 26 D
14 27 9 27 D
14 28 13 8 L
14 29 16 19 R
14 30 9 12 R
14 31 9 16 R
14 32 21 32 U
14 33 4 13 R
14 34 0 20 D
14 35 17 35 U
14 36 0 16 R
14 37 18 37 U
14 38 7 11 R
15 0 3 0 L
15 1 13 23 D
15 2 30 29 U
15 3 2 23 D
15 4 8 27 D
15 5 7 15 R
15 6 13 6 L
15 7 12 7 L
15 8 26 30 U
15 9 8 9 L
15 10 14 24 D
15 11 14 28 D
15 12 20 29 U
15 13 24 13 R
15 14 4 14 R
15 15 5 33 U
15 16 26 27 D
15 17 13 33 U
15 18 6 18 R
15 19 5 24 D
15 20 0 31 U
15 21 1 11 R
15 22 4 22 D
15 23 19 1 L
15 24 7 24 D
15 25 27 16 R
15 26 0 30 U
15 27 0 37 U
15 28 11 4 L
15 29 4 28 D
15 30 6 13 R
15 31 26 9 L
15 32 3 13 R
15 33 30 5 L
15 34 28 34 U
15 35 0 12 R
15 36 14 12 R
15 37 1 14 R
16 0 1 21 D
16 1 0 30 U
16 2 22 33 U
16 3 3 3 L
16 4 22 29 U
16 5 1 24 D
16 6 6 6 L
16 7 2 7 L
16 8 11 14 R
16 9 4 9 L
16 10 22 34 U
16 11 18 32 U
16 12 4 3 L
16 13 1 23 D
16 14 0 3 L
16 15 15 34 U
16 16 14 38 U
16 17 6 17 R
16 18 23 34 U
16 19 0 24 D
16 20 5 10 R
16 21 13 10 R
16 22 20 12 R
16 23 14 23 D
16 24 2 2 L
16 25 23 10 R
16 26 20 6 L
16 27 3 27 D
16 28 25 28 D
16 29 7 2 L
16 30 6 10 R
16 31 27 1 L
16 32 12 14 R
16 33 0 27 D
16 34 24 17 R
16 35 2 1 L
16 36 13 18 R
17 0 1 29 U
17 1 7 21 D
17 2 6 33 U
17 3 14 34 U
17 4 25 21 D
17 5 1 25 D
17 6 20 16 R
17 7 1 7 L
17 9 25 9 L
17 10 25 21 D
17 11 24 26 D
17 12 30 4 L
17 13 20 5 L
17 14 16 37 U
17 15 0 2 L
17 16 15 16 R
17 17 1 17 R
17 18 1 18 R
17 19 22 19 R
17 21 1 15 R
17 22 4 13 R
17 23 9 15 R
17 24 16 18 R
17 25 21 17 R
17 26 2 26 D
17 27 13 3 L
17 28 12 28 D
17 29 4 10 R
17 30 2 30 U
17 31 0 25 D
17 32 3 32 U
17 33 19 6 L
17 34 28 27 D
17 35 24 11 R
17 36 2 11 R
17 37 18 37 U
18 0 0 20 D
18 1 25 37 U
18 2 2 36 U
18 3 13 30 U
18 4 1 4 L
18 5 24 31 U
18 6 4 6 L
18 7 13 10 R
18 8 3 8 L
18 9 0 36 U
18 10 17 26 D
18 11 21 32 U
18 12 4 24 D
18 13 8 32 U
18 14 7 4 L
18 15 7 15 R
18 16 3 25 D
18 17 27 17 R
18 18 4 18 R
18 19 1 19 R
18 20 21 19 R
18 21 5 18 R
18 22 0 18 R
18 23 24 12 R
18 24 24 12 R
18 25 23 9 L
18 26 16 3 L
18 27 14 4 L
18 28 0 32 U
18 29 12 11 R
18 30 0 12 R
18 31 9 8 L
18 32 0 23 D
18 33 3 13 R
18 34 22 11 R
18 35 14 35 U
18 36 14 36 U
18 37 11 11 R
19 0 17 11 R
19 1 16 29 U
19 2 6 36 U
19 3 21 32 U
19 4 18 14 R
19 5 12 5 L
19 6 11 33 U
19 7 2 34 U
19 9 0 11 R
19 10 22 28 D
19 11 20 31 U
19 12 6 30 U
19 13 17 13 R
19 14 9 20 D
19 15 14 4 L
19 16 8 16 R
19 17 16 17 R
19 18 2 18 R
19 19 14 30 U
19 20 13 10 R
19 21 20 16 R
19 22 10 9 L
19 23 2 23 D
19 24 4 24 D
19 25 1 25 D
19 26 1 10 R
19 27 9 27 D
19 28 15 15 R
19 29 15 15 R
19 30 27 17 R
19 31 25 0 L
19 32 13 0 L
19 33 9 23 D
19 34 17 34 U
19 35 16 35 U
19 36 28 11 R
20 0 0 29 U
20 1 4 33 U
20 3 16 16 R
20 4 11 25 D
20 5 7 5 L
20 6 1 35 U
20 7 0 13 R
20 8 29 23 D
20 9 18 32 U
20 10 0 20 D
20 11 10 11 R
20 12 0 29 U
20 13 8 35 U
20 14 0 35 U
20 15 10 21 D
20 16 5 21 D
20 17 12 2 L
20 18 0 3 L
20 20 0 10 R
20 21 13 15 R
20 22 23 0 L
20 23 6 18 R
20 24 28 19 R
20 25 0 3 L
20 26 0 4 L
20 27 17 27 D
20 28 7 5 L
20 29 8 10 R
20 30 0 21 D
20 31 25 18 R
20 32 2 11 R
20 33 13 7 L
20 34 5 34 U
20 35 17 35 U
20 38 2 9 L
21 0 14 22 D
21 1 10 11 R
21 2 1 2 L
21 3 5 29 U
21 4 4 4 L
21 5 1 5 L
21 6 4 6 L
21 7 7 7 L
21 9 1 37 U
21 10 30 22 D
21 11 1 36 U
21 12 17 28 D
21 13 28 23 D
21 15 6 15 R
21 16 1 16 R
21 17 8 17 R
21 18 1 18 R
21 20 23 14 R
21 21 15 11 R
21 22 0 0 L
21 23 3 23 D
21 24 9 1 L
21 25 2 7 L
21 26 26 2 L
21 27 19 27 D
21 29 24 20 D
21 30 13 11 R
21 32 1 32 U
21 33 0 13 R
21 34 28 34 U
21 35 6 17 R
21 36 11 36 U
22 0 27 32 U
22 1 17 28 D
22 3 1 20 D
22 4 3 29 U
22 5 1 35 U
22 6 3 6 L
22 7 20 30 U
22 8 25 32 U
22 9 11 29 U
22 10 1 30 U
22 11 23 30 U
22 12 8 27 D
22 13 10 28 D
22 14 1 23 D
22 15 26 31 U
22 16 0 7 L
22 17 1 17 R
22 18 17 18 R
22 21 1 21 D
22 22 2 17 R
22 23 25 8 L
22 24 20 4 L
22 25 21 15 R
22 26 7 6 L
22 27 0 34 U
22 29 0 3 L
22 30 18 3 L
22 32 4 16 R
22 33 9 33 U
22 34 29 3 L
22 35 5 35 U
22 36 2 13 R
23 0 1 20 D
23 1 2 1 L
23 3 4 3 L
23 4 0 33 U
23 5 19 22 D
23 6 25 12 R
23 7 13 7 L
23 9 4 34 U
23 10 6 5 L
23 11 25 30 U
23 12 2 21 D
23 13 3 33 U
23 15 8 31 U
23 16 7 31 U
23 17 12 17 R
23 18 3 33 U
23 19 7 36 U
23 20 19 10 R
23 21 0 3 L
23 22 9 10 R
23 23 2 23 D
23 24 18 0 L
23 25 9 0 L
23 26 12 0 L
23 27 8 9 L
23 29 4 5 L
23 30 29 0 L
23 31 4 5 L
23 32 10 1 L
23 33 9 33 U
23 34 14 26 D
23 35 2 3 L
23 36 5 2 L
23 37 2 37 U
24 0 3 25 D
24 1 2 30 U
24 2 14 21 D
24 3 15 29 U
24 4 13 4 L
24 5 12 28 D
24 6 20 6 L
24 7 0 36 U
24 8 30 8 L
24 9 23 31 U
24 10 21 25 D
24 11 21 22 D
24 12 11 12 R
24 13 0 31 U
24 14 8 14 R
24 15 11 15 R
24 16 26 7 L
24 17 0 5 L
24 18 18 33 U
24 21 22 1 L
24 22 19 11 R
24 23 19 12 R
24 24 23 24 D
24 25 1 25 D
24 26 13 11 R
24 27 15 27 D
24 29 2 12 R
24 30 5 30 U
24 32 18 25 D
24 33 5 33 U
24 35 6 15 R
25 0 11 20 D
25 1 10 21 D
25 2 2 23 D
25 3 9 20 D
25 4 14 22 D
25 5 0 24 D
25 6 12 6 L
25 7 13 24 D
25 9 2 37 U
25 10 1 22 D
25 11 23 6 L
25 12 4 21 D
25 13 0 27 D
25 14 15 28 D
25 15 0 1 L
25 16 22 8 L
25 17 12 21 D
25 18 31 23 D
25 19 1 19 R
25 20 22 2 L
25 21 0 29 U
25 22 13 11 R
25 23 30 23 D
25 24 21 18 R
25 25 14 12 R
25 26 12 26 D
25 27 16 7 L
25 28 9 15 R
25 29 15 8 L
25 30 30 1 L
25 31 5 15 R
25 32 9 0 L
25 33 7 4 L
25 34 2 5 L
25 35 14 35 U
25 36 0 5 L
26 0 30 36 U
26 1 30 34 U
26 2 19 34 U
26 3 6 3 L
26 4 29 32 U
26 5 27 25 D
26 6 1 6 L
26 10 9 35 U
26 11 7 11 R
26 12 9 20 D
26 13 15 31 U
26 15 30 23 D
26 16 24 16 R
26 17 1 17 R
26 18 0 4 L
26 20 20 13 R
26 21 14 17 R
26 22 8 11 R
26 23 1 5 L
26 25 6 25 D
26 26 30 8 L
26 27 21 13 R
26 28 23 0 L
26 29 1 13 R
26 30 14 0 L
26 31 2 6 L
26 32 2 9 L
26 33 17 8 L
26 34 2 34 U
26 35 22 5 L
27 0 30 30 U
27 2 1 2 L
27 3 0 34 U
27 4 0 12 R
27 5 7 36 U
27 6 8 22 D
27 8 2 22 D
27 10 24 25 D
27 11 4 20 D
27 12 10 32 U
27 13 11 32 U
27 15 8 23 D
27 16 8 16 R
27 18 1 18 R
27 20 16 10 R
27 21 14 10 R
27 22 30 22 D
27 23 23 0 L
27 25 0 35 U
27 26 12 26 D
27 27 0 12 R
27 29 20 7 L
27 30 19 6 L
27 32 22 22 D
27 33 0 16 R
27 35 25 15 R
28 0 8 30 U
28 3 10 26 D
28 4 19 12 R
28 5 7 5 L
28 6 17 20 D
28 8 5 15 R
28 10 27 24 D
28 11 17 23 D
28 12 19 24 D
28 13 0 4 L
28 14 24 22 D
28 15 27 30 U
28 17 25 17 R
28 18 10 21 D
28 21 3 3 L
28 22 29 22 D
28 23 10 14 R
28 24 31 24 D
28 25 9 25 D
28 27 26 27 D
28 29 0 0 L
28 30 23 16 R
28 32 2 17 R
28 35 16 12 R
28 36 26 13 R
29 4 6 4 L
29 5 18 20 D
29 6 28 6 L
29 10 28 24 D
29 11 23 20 D
29 12 1 12 R
29 13 6 13 R
29 18 7 26 D
29 22 1 22 D
29 23 25 23 D
29 25 6 25 D
29 27 2 27 D
29 29 27 4 L
29 30 11 2 L
29 32 14 9 L
29 33 13 33 U
30 1 15 35 U
30 2 8 29 U
30 4 16 31 U
30 5 1 13 R
30 6 21 35 U
30 11 2 34 U
30 12 28 24 D
30 13 12 13 R
30 15 31 32 U
30 17 27 20 D
30 18 0 7 L
30 20 22 12 R
30 23 12 18 R
30 25 26 25 D
30 26 17 9 L
30 27 16 18 R
30 28 7 9 L
30 29 27 2 L
30 30 2 19 R
30 31 13 4 L
30 32 2 3 L
30 33 2 5 L
31 4 3 22 D
31 5 17 24 D
31 12 4 22 D
31 13 7 22 D
31 18 15 18 R
31 23 9 23 D
31 25 19 25 D
31 27 21 14 R
31 30 12 4 L
31 32 19 32 U
32 4 31 4 L
32 27 18 31 U

