29 37 865
0 0 8 0 0 8 0 8 0 13 15 0 0 0 8 0 3 0 0 14
18 0 0 0 0 18 27 3 0 0 23 0 0 0 27 16 0 0 17 0
0 0 0 0 0 0 0 4 8 26 0 0 0 0 5 13 0 0 0 0
1 0 0 16 0 0 22 3 9 2 18 0 0 0 19 2 5 0 0 11
0 0 13 0 0 5 0 0 3 0 0 7 1 0 0 0 9 0 0 0
0 0 0 12 3 1 0 24 10 0 0 15 14 0 21 0 0 12 0 3
0 23 0 0 0 22 26 28 0 0 21 18 0 0 21 0 0 10 10 0
0 11 0 0 16 23 8 21 26 16 0 23 17 0 18 0 17 0 0 1
24 0 18 17 0 5 19 13 0 0 0 20 0 0 0 22 11 12 17 13
18 0 0 11 11 0 5 0 0 0 3 11 16 16 0 20 1 0 0 0
0 0 0 0 0 0 0 10 0 0 24 0 0 23 0 20 24 18 0 0
1 11 0 13 11 0 1 0 0 0 0 21 0 9 0 0 0 0 0 19
8 0 11 0 2 0 16 0 0 0 0 19 0 0 0 0 4 0 1 0
0 24 0 15 9 0 11 26 0 0 0 18 20 0 0 2 0 24 0 23
0 0 0 4 15 0 15 0 0 0 17 0 15 0 0 0 0 0 0 0
0 0 0 0 0 0 0 0 0 0 19 22 12 0 0 4 0 0 0 0
0 0 0 0 0 0 17 15 0 0 0 27 0 22 0 23 0 7 27 1
0 9 13 0 18 0 14 0 0 0 16 16 0 12 0 15 0 0 0 0
12 0 0 0 20 22 0 0 0 0 0 0 0 0 0 21 12 15 6 17
0 0 1 14 0 15 3 6 0 0 0 16 0 13 0 25 0 3 8 0
0 0 0 0 R
0 1 0 1 R
0 2 0 2 R
0 3 0 3 R
0 4 0 4 R
0 5 0 5 R
0 6 0 6 R
0 7 0 7 R
0 8 0 8 R
0 9 0 9 R
0 10 0 10 U
0 11 0 11 U
0 12 0 12 U
0 13 0 13 U
0 14 0 14 U
0 15 0 15 U
0 16 0 16 U
0 17 0 17 U
0 18 0 18 U
0 19 0 19 D
0 20 0 20 D
0 21 0 21 D
0 22 0 22 D
0 23 0 23 D
0 24 0 24 D
0 25 0 25 D
0 26 0 26 D
0 27 0 27 D
0 28 0 28 L
0 29 0 29 L
0 30 0 30 L
0 31 0 31 L
0 32 0 32 L
0 33 0 33 L
0 34 0 34 L
0 35 0 35 L
0 36 0 36 L
1 0 0 24 D
1 1 4 20 D
1 2 16 2 R
1 3 3 14 U
1 4 12 20 D
1 5 4 22 D
1 6 4 23 D
1 7 2 7 R
1 8 22 23 D
1 9 19 21 D
1 10 2 30 L
1 11 0 21 D
1 12 5 12 U
1 13 0 30 L
1 14 17 14 U
1 15 4 15 U
1 16 0 5 R
1 17 5 31 L
1 18 2 18 U
1 19 17 2 R
1 20 4 6 R
1 21 5 3 R
1 22 12 22 D
1 23 10 9 R
1 24 15 4 R
1 25 5 1 R
1 26 4 26 D
1 27 14 30 L
1 28 5 11 U
1 29 15 29 L
1 30 25 30 L
1 31 15 13 U
1 32 16 32 L
1 33 0 17 U
1 34 5 14 U
1 35 5 35 L
1 36 9 13 U
2 0 9 13 U
2 1 3 1 R
2 2 8 16 U
2 3 22 22 D
2 4 4 25 D
2 5 12 14 U
2 6 14 6 R
2 7 1 19 D
2 8 3 8 R
2 9 9 9 R
2 10 0 28 L
2 11 6 3 R
2 12 4 30 L
2 13 11 31 L
2 14 13 32 L
2 15 1 33 L
2 16 10 28 L
2 17 5 17 U
2 18 20 34 L
2 19 13 36 L
2 20 3 20 D
2 21 23 0 R
2 22 12 2 R
2 23 8 23 D
2 24 0 8 R
2 25 5 25 D
2 26 6 8 R
2 27 5 27 D
2 28 16 28 L
2 29 6 29 L
2 30 16 30 L
2 31 9 31 L
2 32 15 32 L
2 33 0 5 R
2 34 1 34 L
2 35 6 35 L
2 36 12 36 L
3 0 0 10 U
3 1 25 1 R
3 2 15 21 D
3 3 12 11 U
3 4 15 17 U
3 5 2 15 U
3 6 2 6 R
3 7 9 7 R
3 8 5 8 R
3 9 2 9 R
3 10 0 0 R
3 11 16 2 R
3 12 6 3 R
3 13 1 13 U
3 14 18 4 R
3 15 8 1 R
3 16 0 31 L
3 17 20 4 R
3 18 0 4 R
3 19 2 36 L
3 20 0 12 U
3 21 19 32 L
3 22 19 22 D
3 23 0 32 L
3 24 5 3 R
3 25 6 12 U
3 26 19 9 R
3 27 4 6 R
3 28 7 15 U
3 29 2 24 D
3 30 15 30 L
3 31 14 31 L
3 32 10 32 L
3 33 2 17 U
3 34 12 34 L
3 35 11 11 U
3 36 0 16 U
4 0 0 15 U
4 1 2 12 U
4 2 12 11 U
4 3 0 27 D
4 4 0 25 D
4 5 15 5 R
4 6 3 6 R
4 7 10 21 D
4 8 19 27 D
4 9 1 9 R
4 10 1 10 U
4 11 2 1 R
4 12 14 2 R
4 13 7 13 U
4 14 10 14 U
4 15 20 36 L
4 16 27 32 L
4 17 11 17 U
4 18 17 18 U
4 19 0 11 U
4 20 9 30 L
4 21 23 21 D
4 22 24 9 R
4 23 8 6 R
4 24 14 36 L
4 25 6 5 R
4 26 11 6 R
4 27 1 27 D
4 28 9 6 R
4 29 1 14 U
4 30 3 11 U
4 31 0 24 D
4 32 0 0 R
4 33 1 16 U
4 34 6 13 U
4 35 11 13 U
4 36 15 36 L
5 0 6 20 D
5 1 2 1 R
5 2 0 21 D
5 3 1 3 R
5 4 3 17 U
5 5 3 27 D
5 6 13 10 U
5 7 3 22 D
5 8 12 11 U
5 9 8 16 U
5 10 17 3 R
5 11 21 11 U
5 12 7 32 L
5 13 8 30 L
5 14 2 33 L
5 15 15 15 U
5 16 0 33 L
5 17 14 35 L
5 18 11 29 L
5 19 19 19 D
5 20 11 8 R
5 21 8 21 D
5 22 4 8 R
5 23 11 23 D
5 24 22 24 D
5 25 1 25 D
5 26 15 34 L
5 27 9 4 R
5 28 9 26 D
5 29 3 18 U
5 30 6 12 U
5 31 4 31 L
5 32 15 17 U
5 33 11 13 U
5 34 10 15 U
5 35 0 3 R
5 36 3 17 U
6 0 3 14 U
6 1 3 1 R
6 2 3 15 U
6 3 15 24 D
6 4 21 4 R
6 5 5 17 U
6 6 5 16 U
6 7 3 7 R
6 8 20 8 R
6 9 2 9 R
6 10 3 28 L
6 11 3 28 L
6 12 17 9 R
6 13 17 29 L
6 14 8 1 R
6 15 8 29 L
6 16 27 35 L
6 17 21 30 L
6 18 0 32 L
6 19 0 34 L
6 20 21 30 L
6 21 24 1 R
6 22 4 4 R
6 23 11 7 R
6 24 3 35 L
6 25 13 25 D
6 26 1 26 D
6 27 3 28 L
6 28 5 14 U
6 29 1 11 U
6 30 0 4 R
6 31 23 10 U
6 32 3 32 L
6 33 18 15 U
6 34 11 34 L
6 35 8 23 D
6 36 3 36 L
7 0 2 17 U
7 1 2 26 D
7 2 3 22 D
7 3 4 23 D
7 4 17 13 U
7 5 12 26 D
7 6 12 15 U
7 7 0 36 L
7 8 10 21 D
7 9 17 26 D
7 10 18 0 R
7 11 12 1 R
7 12 14 19 D
7 13 1 13 U
7 14 11 2 R
7 15 1 15 U
7 16 6 36 L
7 17 0 19 D
7 18 4 18 U
7 19 1 28 L
7 20 0 10 U
7 21 3 5 R
7 22 3 15 U
7 23 4 3 R
7 24 17 24 D
7 25 11 25 D
7 26 15 26 D
7 27 0 17 U
7 28 19 28 L
7 29 0 23 D
7 30 14 18 U
7 31 0 13 U
7 32 4 32 L
7 33 17 18 U
7 34 13 34 L
7 35 15 26 D
7 36 21 27 D
8 0 6 28 L
8 1 0 29 L
8 2 18 23 D
8 3 18 21 D
8 4 13 31 L
8 5 9 26 D
8 6 2 6 R
8 7 12 29 L
8 8 13 10 U
8 9 2 25 D
8 10 0 20 D
8 11 2 2 R
8 12 0 25 D
8 13 5 28 L
8 14 3 0 R
8 15 21 3 R
8 16 16 4 R
8 17 0 25 D
8 18 18 33 L
8 19 4 19 D
8 20 0 13 U
8 21 4 8 R
8 22 3 5 R
8 23 1 23 D
8 24 2 24 D
8 25 3 4 R
8 26 11 26 D
8 27 17 5 R
8 28 0 21 D
8 29 15 10 U
8 30 7 20 D
8 31 24 21 D
8 32 17 14 U
8 33 7 16 U
8 34 0 12 U
8 35 9 35 L
8 36 5 36 L
9 0 3 0 R
9 1 11 21 D
9 2 0 13 U
9 3 12 3 R
9 4 10 27 D
9 5 0 24 D
9 6 2 6 R
9 7 15 23 D
9 8 18 8 R
9 9 18 9 R
9 10 17 29 L
9 11 0 31 L
9 12 3 4 R
9 13 1 33 L
9 14 1 14 U
9 15 5 1 R
9 16 22 5 R
9 17 0 36 L
9 18 8 31 L
9 19 14 28 L
9 20 13 36 L
9 21 1 21 D
9 22 12 22 D
9 23 25 31 L
9 24 7 0 R
9 25 8 25 D
9 26 10 5 R
9 27 0 16 U
9 28 3 15 U
9 29 25 11 U
9 30 6 22 D
9 31 8 4 R
9 32 3 32 L
9 33 10 33 L
9 34 0 9 R
9 35 6 17 U
9 36 13 36 L
10 0 0 22 D
10 1 0 20 D
10 2 0 23 D
10 3 3 23 D
10 4 5 27 D
10 5 12 30 L
10 6 3 6 R
10 7 6 16 U
10 8 18 26 D
10 9 2 9 R
10 10 15 33 L
10 11 15 32 L
10 12 0 4 R
10 13 15 3 R
10 14 17 9 R
10 15 5 36 L
10 16 16 16 U
10 17 11 17 U
10 18 12 2 R
10 19 20 29 L
10 20 1 4 R
10 21 24 2 R
10 22 9 33 L
10 23 1 33 L
10 24 7 14 U
10 25 6 36 L
10 26 25 4 R
10 27 13 27 D
10 28 0 19 D
10 29 4 16 U
10 30 0 0 R
10 31 19 9 R
10 32 16 11 U
10 33 9 27 D
10 34 8 25 D
10 35 1 10 U
10 36 8 18 U
11 0 8 23 D
11 1 9 18 U
11 2 12 18 U
11 3 0 23 D
11 4 3 4 R
11 5 4 11 U
11 6 12 6 R
11 7 1 20 D
11 8 1 8 R
11 9 18 21 D
11 10 16 34 L
11 11 26 0 R
11 12 13 20 D
11 13 3 13 U
11 14 0 28 L
11 15 25 2 R
11 16 4 7 R
11 17 7 17 U
11 18 6 35 L
11 19 4 5 R
11 20 10 1 R
11 21 20 4 R
11 22 0 2 R
11 23 21 7 R
11 24 9 33 L
11 25 14 25 D
11 26 17 36 L
11 27 4 27 D
11 28 24 11 U
11 29 10 16 U
11 30 0 12 U
11 31 6 20 D
11 32 24 14 U
11 33 9 33 L
11 34 5 18 U
11 35 2 15 U
11 36 5 15 U
12 0 0 19 D
12 1 18 11 U
12 2 7 15 U
12 3 8 18 U
12 4 13 12 U
12 5 20 5 R
12 6 23 13 U
12 7 6 7 R
12 8 3 8 R
12 9 2 9 R
12 10 20 5 R
12 11 2 29 L
12 12 9 5 R
12 13 3 4 R
12 14 0 22 D
12 15 20 15 U
12 16 18 16 U
12 17 20 34 L
12 18 1 18 U
12 19 0 36 L
12 20 0 30 L
12 21 11 34 L
12 22 4 6 R
12 23 14 4 R
12 24 6 33 L
12 25 6 33 L
12 26 2 26 D
12 27 16 8 R
12 28 0 10 U
12 29 1 13 U
12 30 3 30 L
12 31 14 23 D
12 32 22 27 D
12 33 9 33 L
12 34 8 14 U
12 35 22 25 D
12 36 5 36 L
13 0 3 34 L
13 1 3 10 U
13 2 22 12 U
13 3 11 24 D
13 4 0 11 U
13 5 2 32 L
13 6 19 20 D
13 7 12 7 R
13 8 12 18 U
13 9 10 18 U
13 10 19 31 L
13 11 1 19 D
13 12 9 3 R
13 13 8 2 R
13 14 7 4 R
13 15 2 6 R
13 16 15 2 R
13 17 10 17 U
13 18 16 28 L
13 19 12 34 L
13 20 7 32 L
13 21 2 21 D
13 22 12 22 D
13 23 0 31 L
13 24 17 33 L
13 25 3 34 L
13 26 16 28 L
13 27 3 27 D
13 28 3 19 D
13 29 8 22 D
13 30 1 12 U
13 31 10 26 D
13 32 3 32 L
13 33 16 33 L
13 34 3 34 L
13 35 2 35 L
14 0 0 26 D
14 1 12 14 U
14 2 25 10 U
14 3 0 30 L
14 4 9 12 U
14 5 19 19 D
14 6 0 32 L
14 7 3 7 R
14 8 6 14 U
14 9 2 9 R
14 10 3 6 R
14 11 16 1 R
14 12 0 1 R
14 13 9 35 L
14 14 11 14 U
14 15 0 0 R
14 16 17 0 R
14 17 0 29 L
14 18 1 18 U
14 19 4 32 L
14 20 8 9 R
14 21 21 29 L
14 22 5 7 R
14 23 25 30 L
14 24 8 29 L
14 25 10 31 L
14 26 0 3 R
14 27 0 33 L
14 28 17 20 D
14 29 21 29 L
14 30 5 30 L
14 31 3 31 L
14 32 3 25 D
14 33 11 33 L
14 34 19 16 U
14 35 9 35 L
15 0 7 12 U
15 1 0 28 L
15 2 9 2 R
15 3 14 12 U
15 4 18 18 U
15 5 19 24 D
15 6 22 19 D
15 7 14 18 U
15 8 5 12 U
15 9 10 23 D
15 10 7 32 L
15 11 9 1 R
15 12 25 25 D
15 13 12 4 R
15 14 6 7 R
15 15 1 15 U
15 16 25 3 R
15 17 9 17 U
15 18 22 4 R
15 19 2 30 L
15 20 17 0 R
15 21 23 21 D
15 22 12 36 L
15 23 1 23 D
15 24 24 6 R
15 25 5 25 D
15 26 10 6 R
15 27 11 27 D
15 29 2 26 D
15 30 0 22 D
15 31 10 22 D
15 32 19 12 U
15 33 11 33 L
15 34 6 34 L
15 35 9 21 D
15 36 17 19 D
16 0 1 23 D
16 1 13 10 U
16 2 13 13 U
16 3 26 3 R
16 4 10 23 D
16 5 20 5 R
16 6 20 22 D
16 7 4 7 R
16 8 15 24 D
16 9 14 9 R
16 10 13 1 R
16 11 0 3 R
16 12 0 19 D
16 13 3 20 D
16 15 0 6 R
16 17 11 3 R
16 18 5 6 R
16 19 14 2 R
16 20 12 28 L
16 21 12 7 R
16 22 14 3 R
16 23 19 35 L
16 24 3 9 R
16 25 11 25 D
16 27 12 7 R
16 29 7 19 D
16 30 15 19 D
16 31 17 19 D
16 32 11 11 U
16 33 8 24 D
16 34 0 8 R
16 35 2 35 L
17 0 7 0 R
17 2 20 2 R
17 3 19 10 U
17 4 15 11 U
17 5 9 15 U
17 6 15 14 U
17 7 24 7 R
17 8 4 21 D
17 9 0 35 L
17 10 22 0 R
17 11 11 11 U
17 12 22 2 R
17 13 19 29 L
17 14 8 14 U
17 15 1 3 R
17 16 13 16 U
17 17 15 17 U
17 18 8 18 U
17 19 4 6 R
17 20 4 7 R
17 21 23 21 D
17 22 0 15 U
17 23 16 35 L
17 24 24 5 R
17 25 2 25 D
17 28 6 10 U
17 29 11 10 U
17 30 15 30 L
17 31 21 27 D
17 32 13 21 D
17 33 3 33 L
17 34 12 20 D
17 35 3 27 D
18 0 6 0 R
18 1 23 13 U
18 2 14 18 U
18 3 16 20 D
18 6 2 23 D
18 7 16 7 R
18 8 5 14 U
18 9 16 9 R
18 10 22 29 L
18 11 5 28 L
18 12 8 12 U
18 13 16 1 R
18 14 3 29 L
18 15 10 34 L
18 17 22 6 R
18 18 2 32 L
18 19 15 9 R
18 20 5 3 R
18 21 0 29 L
18 23 10 33 L
18 24 6 32 L
18 25 0 16 U
18 26 17 26 D
18 28 8 24 D
18 29 3 25 D
18 30 11 11 U
18 31 4 13 U
18 32 4 32 L
18 33 21 10 U
18 34 7 26 D
18 35 9 12 U
19 0 20 19 D
19 1 18 15 U
19 2 21 2 R
19 3 3 25 D
19 5 5 23 D
19 6 8 24 D
19 7 9 7 R
19 9 10 20 D
19 10 5 22 D
19 11 0 32 L
19 12 16 34 L
19 13 3 31 L
19 14 27 34 L
19 15 26 28 L
19 17 2 17 U
19 18 4 36 L
19 19 17 15 U
19 20 10 4 R
19 21 6 32 L
19 23 16 31 L
19 24 8 24 D
19 25 22 7 R
19 26 8 26 D
19 28 15 11 U
19 30 7 23 D
19 31 16 31 L
19 32 22 12 U
19 33 20 22 D
19 34 5 10 U
19 35 13 14 U
20 0 1 21 D
20 2 19 15 U
20 3 4 3 R
20 4 19 25 D
20 6 9 6 R
20 7 19 24 D
20 9 1 21 D
20 11 9 35 L
20 13 17 30 L
20 15 3 3 R
20 17 2 17 U
20 18 11 0 R
20 19 0 28 L
20 20 0 34 L
20 21 12 31 L
20 24 9 34 L
20 25 10 3 R
20 29 16 29 L
20 30 1 15 U
20 31 26 20 D
20 32 3 32 L
20 33 10 25 D
20 34 11 24 D
20 35 1 35 L
20 36 6 36 L
21 0 22 0 R
21 1 1 16 U
21 2 3 13 U
21 3 6 3 R
21 6 9 6 R
21 9 16 9 R
21 10 17 30 L
21 11 17 11 U
21 13 12 13 U
21 15 8 9 R
21 17 2 17 U
21 18 14 3 R
21 19 24 5 R
21 20 0 6 R
21 21 13 30 L
21 22 10 30 L
21 23 11 28 L
21 24 16 3 R
21 25 1 30 L
21 31 17 31 L
21 32 18 13 U
21 33 2 33 L
21 34 9 34 L
21 36 22 27 D
22 0 25 19 D
22 2 5 24 D
22 3 16 3 R
22 5 11 18 U
22 9 21 13 U
22 10 20 35 L
22 11 9 28 L
22 12 1 33 L
22 13 5 29 L
22 14 1 31 L
22 15 23 35 L
22 16 10 25 D
22 17 0 8 R
22 18 10 18 U
22 20 14 31 L
22 21 0 9 R
22 24 1 24 D
22 25 3 5 R
22 26 23 7 R
22 28 24 20 D
22 29 2 15 U
22 31 0 12 U
22 32 13 22 D
22 33 8 17 U
22 34 7 12 U
22 35 7 14 U
22 36 15 24 D
23 0 22 22 D
23 1 7 13 U
23 3 24 3 R
23 5 2 16 U
23 7 7 14 U
23 10 7 0 R
23 11 0 35 L
23 13 14 32 L
23 15 7 15 U
23 16 12 9 R
23 17 14 2 R
23 20 6 20 D
23 22 0 33 L
23 24 12 24 D
23 25 15 6 R
23 27 5 29 L
23 28 1 10 U
23 30 6 17 U
23 32 13 5 R
23 34 7 34 L
23 35 16 27 D
23 36 8 16 U
24 0 0 17 U
24 3 2 3 R
24 4 9 22 D
24 10 3 32 L
24 11 5 11 U
24 12 9 12 U
24 17 6 5 R
24 20 0 0 R
24 21 3 2 R
24 22 4 7 R
24 23 25 8 R
24 26 2 8 R
24 28 7 12 U
24 29 0 20 D
24 32 0 2 R
24 34 6 34 L
25 0 14 10 U
25 1 11 19 D
25 3 1 16 U
25 4 8 10 U
25 5 0 17 U
25 11 12 4 R
25 12 3 1 R
25 19 1 0 R
25 20 15 29 L
25 22 24 1 R
25 24 4 6 R
25 26 23 28 L
25 29 10 29 L
25 32 14 20 D
25 34 9 18 U
26 3 3 3 R
26 6 1 6 R
26 10 12 2 R
26 11 14 6 R
26 12 0 2 R
26 13 23 9 R
26 18 3 18 U
26 28 15 19 D
26 29 11 23 D
26 30 7 21 D
26 32 19 16 U
26 34 3 34 L
26 36 25 22 D
27 3 5 18 U
27 5 15 25 D
27 6 11 21 D
27 7 4 26 D
27 10 8 28 L
27 32 0 21 D
27 34 12 34 L
28 34 0 24 D

