9 8 65
0 0 0 0 0 0 0 0 0 0 0 0 0
0 0 0 0 0 0 3 0 3 0 0 0 6
0 0 8 0 0 7 0 0 0 2 0 0 2
0 0 0 3 0 0 4 0 0 0 0 0 0
0 0 0 0 0 0 0 0 4 0 0 0 0
0 0 2 5 0 3 4 0 5 0 7 0 7
0 3 0 0 0 0 0 0 0 0 0 8 6
0 0 0 0 0 0 0 0 0 0 0 0 0
0 0 0 2 0 0 0 0 0 0 0 0 3
1 0 0 0 0 0 7 0 0 0 0 0 3
0 0 0 2 0 0 0 0 0 0 0 4 0
0 0 0 0 0 0 0 0 0 0 0 0 0
1 0 0 5 0 0 0 0 0 0 0 0 0
0 0 0 0 D
0 1 0 1 D
0 2 0 2 R
0 3 0 3 R
0 4 0 4 U
0 5 0 5 U
0 6 0 6 L
0 7 0 7 L
1 0 0 6 L
1 1 2 1 D
1 2 0 0 D
1 3 2 3 R
1 4 0 0 D
1 5 5 7 L
1 6 0 5 U
1 7 2 4 U
2 0 0 3 R
2 1 0 2 R
2 2 5 2 R
2 3 4 3 R
2 4 6 7 L
2 5 4 5 U
2 6 3 0 D
2 7 0 2 R
3 0 1 6 L
3 1 4 6 L
3 2 7 0 D
3 3 0 5 U
3 4 0 1 D
3 5 0 3 R
3 6 2 2 R
3 7 5 5 U
4 0 5 6 L
4 1 6 1 D
4 2 5 5 U
4 3 0 4 U
4 4 6 4 U
4 5 1 5 U
4 6 1 5 U
4 7 2 7 L
5 0 3 7 L
5 1 3 6 L
5 2 3 4 U
5 3 1 3 R
5 4 1 6 L
5 5 7 7 L
5 6 2 6 L
5 7 2 7 L
6 0 8 0 D
6 1 4 1 D
6 2 0 1 D
6 3 1 1 D
6 4 7 4 U
6 5 5 5 U
6 6 0 3 R
7 0 1 7 L
7 1 5 1 D
7 2 5 0 D
7 3 6 0 D
7 4 6 4 U
7 5 3 6 L
7 6 6 2 R
8 2 4 4 U
8 4 0 6 L
8 6 0 0 D

