30 27 706
8 0 6 24 0 2 6 29 21 0 0 6 6 28 19 0 12
25 0 0 3 0 0 0 26 0 0 0 0 12 0 27 18 0
19 0 0 0 0 0 26 0 0 7 0 0 24 0 0 0 0
23 0 0 0 0 26 12 1 0 0 18 5 17 0 18 0 19
12 6 8 0 2 14 0 14 0 3 21 0 0 25 0 21 17
0 4 0 0 0 0 0 5 1 19 0 11 0 0 0 7 11
0 0 14 14 0 22 0 0 19 0 0 20 0 0 24 17 0
29 0 26 0 0 0 0 10 0 0 22 21 18 14 0 25 10
3 0 11 0 27 0 15 0 0 23 0 0 11 0 0 1 4
0 7 0 0 0 0 0 0 0 25 24 4 0 0 0 1 0
24 0 0 9 0 0 21 1 0 0 0 0 8 0 0 25 4
26 0 0 23 11 4 28 0 0 4 0 18 22 9 22 0 23
0 21 26 0 0 0 24 0 0 21 0 25 0 0 0 0 0
0 0 6 29 25 0 0 28 0 0 0 10 0 12 0 22 0
0 25 26 2 0 0 0 0 18 0 17 4 0 0 13 0 24
0 10 3 0 0 0 0 0 15 0 0 25 0 21 0 19 17
21 13 0 0 0 24 0 22 9 3 16 0 18 10 1 7 11
0 0 0 0 R
0 1 0 1 R
0 2 0 2 R
0 3 0 3 R
0 4 0 4 R
0 5 0 5 R
0 6 0 6 R
0 7 0 7 R
0 8 0 8 U
0 9 0 9 U
0 10 0 10 U
0 11 0 11 U
0 12 0 12 U
0 13 0 13 U
0 14 0 14 D
0 15 0 15 D
0 16 0 16 D
0 17 0 17 D
0 18 0 18 D
0 19 0 19 D
0 20 0 20 D
0 21 0 21 L
0 22 0 22 L
0 23 0 23 L
0 24 0 24 L
0 25 0 25 L
0 26 0 26 L
1 0 15 21 L
1 1 2 9 U
1 2 23 2 R
1 3 3 10 U
1 4 22 4 R
1 5 24 15 D
1 6 9 6 R
1 7 18 7 R
1 8 3 1 R
1 9 0 23 L
1 10 25 10 U
1 11 3 1 R
1 12 10 12 U
1 13 4 13 U
1 14 0 8 U
1 15 20 2 R
1 16 8 0 R
1 17 22 23 L
1 18 0 3 R
1 19 5 1 R
1 20 10 21 L
1 21 15 8 U
1 22 10 13 U
1 23 6 23 L
1 24 7 11 U
1 25 2 25 L
1 26 27 10 U
2 0 1 8 U
2 1 5 10 U
2 2 0 17 D
2 3 3 3 R
2 4 14 24 L
2 5 1 12 U
2 6 12 6 R
2 7 21 9 U
2 8 16 5 R
2 9 15 22 L
2 10 1 10 U
2 11 4 1 R
2 12 26 12 U
2 13 11 13 U
2 14 8 7 R
2 15 1 2 R
2 16 1 1 R
2 17 1 17 D
2 18 8 18 D
2 19 18 4 R
2 20 1 2 R
2 21 1 10 U
2 22 7 18 D
2 23 9 13 U
2 24 3 24 L
2 25 8 2 R
2 26 11 26 L
3 0 0 8 U
3 1 10 1 R
3 2 17 2 R
3 3 1 3 R
3 4 6 4 R
3 5 7 5 R
3 6 6 6 R
3 7 21 7 R
3 8 0 2 R
3 9 8 26 L
3 10 24 4 R
3 11 4 11 U
3 12 4 6 R
3 13 16 23 L
3 14 1 24 L
3 15 11 15 D
3 16 17 16 D
3 17 0 24 L
3 18 5 18 D
3 19 16 24 L
3 20 5 20 D
3 21 8 18 D
3 22 0 8 U
3 23 0 2 R
3 24 15 15 D
3 25 6 25 L
3 26 16 14 D
4 0 14 14 D
4 1 0 21 L
4 2 8 14 D
4 3 10 17 D
4 4 15 25 L
4 5 3 5 R
4 6 9 6 R
4 7 6 14 D
4 8 8 8 U
4 9 3 4 R
4 10 0 0 R
4 11 1 4 R
4 12 1 12 U
4 13 15 13 U
4 14 17 14 D
4 15 7 26 L
4 16 1 16 D
4 17 2 17 D
4 18 8 18 D
4 19 20 19 D
4 20 12 20 D
4 21 23 9 U
4 22 2 11 U
4 23 11 23 L
4 24 12 10 U
4 25 2 25 L
4 26 15 26 L
5 0 2 9 U
5 1 2 10 U
5 2 15 17 D
5 3 15 15 D
5 4 3 14 D
5 5 6 5 R
5 6 9 6 R
5 7 6 7 R
5 8 12 8 U
5 9 3 7 R
5 10 21 10 U
5 11 24 3 R
5 12 24 24 L
5 13 20 0 R
5 14 12 14 D
5 15 10 1 R
5 16 9 16 D
5 17 2 17 D
5 18 17 18 D
5 19 10 1 R
5 20 0 5 R
5 21 6 14 D
5 22 1 9 U
5 23 15 18 D
5 24 2 3 R
5 25 6 25 L
5 26 6 26 L
6 0 0 25 L
6 1 27 16 D
6 2 1 9 U
6 3 3 3 R
6 4 7 4 R
6 5 14 5 R
6 6 27 6 R
6 7 19 7 R
6 8 11 23 L
6 9 24 18 D
6 10 5 25 L
6 11 0 15 D
6 12 12 22 L
6 13 9 22 L
6 14 7 26 L
6 15 11 3 R
6 16 7 25 L
6 17 4 17 D
6 18 0 21 L
6 19 25 12 U
6 20 16 23 L
6 21 10 16 D
6 22 16 22 L
6 23 1 23 L
6 24 20 24 L
6 25 1 25 L
6 26 13 15 D
7 0 17 17 D
7 1 23 9 U
7 2 0 23 L
7 3 9 12 U
7 4 3 4 R
7 5 5 5 R
7 6 23 14 D
7 7 2 7 R
7 8 9 7 R
7 9 15 2 R
7 10 13 23 L
7 12 5 4 R
7 13 14 25 L
7 14 0 11 U
7 15 3 15 D
7 16 22 26 L
7 17 23 3 R
7 18 10 11 U
7 19 0 25 L
7 20 0 10 U
7 21 1 14 D
7 22 9 14 D
7 23 4 23 L
7 24 4 24 L
7 25 17 25 L
7 26 3 17 D
8 0 0 10 U
8 1 13 19 D
8 2 6 9 U
8 3 6 3 R
8 4 15 14 D
8 5 2 14 D
8 6 26 16 D
8 8 0 21 L
8 9 6 15 D
8 10 10 2 R
8 11 2 11 U
8 12 3 1 R
8 13 4 21 L
8 14 22 23 L
8 15 1 6 R
8 16 9 16 D
8 17 21 1 R
8 18 25 0 R
8 19 5 19 D
8 20 0 13 U
8 21 0 10 U
8 22 0 14 D
8 23 18 19 D
8 24 0 12 U
8 25 21 10 U
8 26 10 19 D
9 0 13 8 U
9 1 8 8 U
9 2 20 12 U
9 3 24 3 R
9 4 5 4 R
9 5 19 5 R
9 6 13 6 R
9 8 6 23 L
9 9 18 3 R
9 10 11 6 R
9 11 27 1 R
9 12 4 0 R
9 13 19 13 U
9 14 11 0 R
9 15 0 22 L
9 16 8 26 L
9 17 28 10 U
9 18 5 18 D
9 19 10 11 U
9 20 1 20 D
9 21 20 21 L
9 22 14 15 D
9 23 5 14 D
9 24 12 13 U
9 25 22 19 D
9 26 21 26 L
10 0 6 12 U
10 1 12 12 U
10 2 0 16 D
10 3 9 3 R
10 4 6 4 R
10 5 13 5 R
10 6 6 17 D
10 7 0 14 D
10 8 1 8 U
10 9 14 9 U
10 10 20 21 L
10 11 0 26 L
10 12 5 22 L
10 13 3 22 L
10 14 3 21 L
10 15 18 0 R
10 16 4 1 R
10 17 8 1 R
10 18 3 21 L
10 19 19 19 D
10 20 9 3 R
10 21 0 11 U
10 22 16 12 U
10 23 22 23 L
10 24 2 11 U
10 25 0 5 R
10 26 6 17 D
11 0 14 11 U
11 1 6 1 R
11 2 5 8 U
11 3 18 16 D
11 4 1 16 D
11 5 0 13 U
11 6 4 22 L
11 8 12 4 R
11 9 19 6 R
11 10 9 5 R
11 11 2 11 U
11 12 3 12 U
11 14 13 21 L
11 15 0 21 L
11 16 0 7 R
11 17 18 4 R
11 18 27 6 R
11 19 9 19 D
11 20 19 2 R
11 21 0 17 D
11 22 27 8 U
11 23 4 23 L
11 24 24 20 D
11 25 6 25 L
11 26 13 26 L
12 0 7 9 U
12 1 6 10 U
12 2 6 15 D
12 3 1 17 D
12 4 15 9 U
12 5 7 20 D
12 6 8 18 D
12 8 10 8 U
12 9 5 9 U
12 10 16 24 L
12 11 13 1 R
12 12 4 21 L
12 13 5 3 R
12 14 8 14 D
12 15 13 15 D
12 16 4 0 R
12 17 0 22 L
12 18 1 2 R
12 19 4 2 R
12 20 20 20 D
12 21 10 11 U
12 22 5 8 U
12 23 21 11 U
12 24 11 12 U
12 25 10 25 L
12 26 9 14 D
13 0 0 14 D
13 1 7 22 L
13 2 0 18 D
13 3 7 3 R
13 4 3 4 R
13 5 14 5 R
13 6 2 6 R
13 8 3 8 U
13 9 11 24 L
13 10 4 0 R
13 11 0 17 D
13 12 19 1 R
13 14 5 14 D
13 15 3 5 R
13 16 6 23 L
13 17 4 17 D
13 18 11 18 D
13 19 2 25 L
13 20 9 20 D
13 21 25 14 D
13 22 14 16 D
13 23 20 23 L
13 24 3 2 R
13 25 5 20 D
13 26 6 26 L
14 0 4 15 D
14 1 4 20 D
14 2 0 22 L
14 3 2 3 R
14 4 6 4 R
14 5 6 5 R
14 6 5 6 R
14 8 25 22 L
14 9 22 19 D
14 10 26 25 L
14 11 11 24 L
14 12 24 21 L
14 14 18 6 R
14 15 21 0 R
14 16 5 4 R
14 17 29 0 R
14 18 1 18 D
14 19 9 19 D
14 20 6 20 D
14 21 15 15 D
14 22 3 22 L
14 23 19 23 L
14 24 1 12 U
14 25 6 25 L
14 26 1 26 L
15 0 8 19 D
15 1 17 22 L
15 2 17 2 R
15 3 18 3 R
15 4 12 16 D
15 5 13 5 R
15 6 6 6 R
15 7 21 7 R
15 8 24 4 R
15 9 2 22 L
15 10 25 10 U
15 11 3 22 L
15 12 10 12 U
15 14 8 14 D
15 15 11 22 L
15 16 7 13 U
15 17 13 25 L
15 18 22 18 D
15 19 20 19 D
15 20 2 2 R
15 21 5 19 D
15 22 17 17 D
15 23 27 20 D
15 24 11 17 D
15 25 1 25 L
15 26 13 26 L
16 0 22 8 U
16 1 2 21 L
16 2 1 16 D
16 3 9 9 U
16 4 7 4 R
16 5 0 19 D
16 6 13 20 D
16 8 0 1 R
16 9 20 3 R
16 10 11 5 R
16 12 10 25 L
16 14 8 14 D
16 15 15 22 L
16 16 6 10 U
16 17 1 17 D
16 18 11 21 L
16 19 23 23 L
16 20 9 20 D
16 21 2 11 U
16 22 10 12 U
16 23 0 16 D
16 24 15 14 D
16 25 20 20 D
16 26 0 4 R
17 0 7 0 R
17 1 16 18 D
17 2 18 19 D
17 3 2 24 L
17 4 14 19 D
17 5 10 18 D
17 6 2 19 D
17 7 0 22 L
17 8 4 21 L
17 9 2 24 L
17 10 2 2 R
17 11 4 0 R
17 12 2 12 U
17 13 4 22 L
17 14 10 23 L
17 15 6 24 L
17 16 16 3 R
17 17 0 12 U
17 19 0 24 L
17 20 22 1 R
17 21 0 14 D
17 22 21 22 L
17 23 0 15 D
17 24 1 24 L
17 25 16 15 D
17 26 20 20 D
18 0 1 18 D
18 1 13 20 D
18 2 24 18 D
18 3 2 3 R
18 4 0 25 L
18 5 0 26 L
18 6 19 6 R
18 8 3 24 L
18 9 5 7 R
18 10 12 1 R
18 11 8 11 U
18 12 8 12 U
18 14 0 23 L
18 15 3 15 D
18 16 5 10 U
18 17 5 1 R
18 19 2 19 D
18 21 8 14 D
18 22 2 8 U
18 23 16 16 D
18 24 8 19 D
18 25 8 13 U
18 26 5 16 D
19 0 4 14 D
19 1 21 23 L
19 2 3 2 R
19 3 7 15 D
19 4 6 15 D
19 5 22 5 R
19 6 17 19 D
19 8 11 5 R
19 9 5 9 U
19 10 10 10 U
19 11 23 11 U
19 12 2 2 R
19 13 12 5 R
19 14 1 6 R
19 15 3 2 R
19 16 8 21 L
19 17 5 17 D
19 18 18 18 D
19 19 1 0 R
19 20 7 20 D
19 21 0 6 R
19 22 2 22 L
19 23 4 13 U
19 24 10 8 U
19 25 22 17 D
19 26 9 26 L
20 0 7 21 L
20 1 4 1 R
20 2 19 16 D
20 3 22 16 D
20 5 21 10 U
20 7 6 19 D
20 8 4 1 R
20 9 9 3 R
20 10 12 10 U
20 11 12 7 R
20 12 0 24 L
20 13 5 1 R
20 14 9 0 R
20 16 7 8 U
20 17 5 17 D
20 18 0 8 U
20 19 19 19 D
20 20 9 20 D
20 21 18 20 D
20 22 11 13 U
20 23 24 18 D
20 25 3 20 D
20 26 27 18 D
21 0 9 13 U
21 1 6 21 L
21 2 3 2 R
21 3 12 14 D
21 4 26 17 D
21 5 15 5 R
21 7 3 7 R
21 8 5 8 U
21 9 16 20 D
21 10 10 22 L
21 12 0 5 R
21 13 10 13 U
21 14 1 5 R
21 16 19 16 D
21 17 8 13 U
21 19 12 1 R
21 20 1 20 D
21 21 0 0 R
21 22 3 16 D
21 23 2 14 D
21 25 26 11 U
21 26 14 26 L
22 0 10 8 U
22 1 25 15 D
22 2 9 13 U
22 3 10 3 R
22 4 13 4 R
22 5 13 5 R
22 6 5 6 R
22 8 2 23 L
22 9 7 4 R
22 10 18 0 R
22 11 5 21 L
22 12 13 24 L
22 13 25 1 R
22 14 9 22 L
22 15 23 23 L
22 16 24 26 L
22 17 24 26 L
22 19 13 0 R
22 21 1 16 D
22 22 6 17 D
22 23 8 15 D
22 24 3 19 D
22 25 1 14 D
22 26 13 26 L
23 0 10 14 D
23 1 16 9 U
23 2 5 15 D
23 3 15 18 D
23 5 2 5 R
23 6 3 6 R
23 8 8 25 L
23 9 13 0 R
23 10 7 4 R
23 11 24 11 U
23 12 1 12 U
23 13 26 13 U
23 14 4 22 L
23 15 28 1 R
23 16 1 16 D
23 17 18 22 L
23 18 21 2 R
23 19 6 2 R
23 20 16 25 L
23 21 9 12 U
23 22 11 22 L
23 23 1 23 L
23 24 26 8 U
23 25 4 13 U
23 26 24 26 L
24 0 0 9 U
24 1 19 17 D
24 2 0 15 D
24 3 15 3 R
24 4 26 23 L
24 5 1 5 R
24 6 4 6 R
24 8 19 6 R
24 9 15 21 L
24 10 23 4 R
24 11 6 25 L
24 12 15 1 R
24 14 11 21 L
24 15 22 25 L
24 16 17 25 L
24 17 4 17 D
24 18 17 3 R
24 19 14 19 D
24 20 23 2 R
24 21 3 21 L
24 22 1 15 D
24 23 5 15 D
24 25 23 19 D
24 26 12 11 U
25 0 17 14 D
25 2 23 11 U
25 3 1 3 R
25 5 5 11 U
25 6 0 12 U
25 8 21 0 R
25 9 13 14 D
25 13 15 26 L
25 14 0 0 R
25 16 0 9 U
25 17 9 17 D
25 19 23 3 R
25 20 8 1 R
25 21 13 10 U
25 22 19 10 U
25 23 28 18 D
25 24 6 24 L
25 25 6 12 U
25 26 0 2 R
26 0 12 8 U
26 3 10 18 D
26 4 7 4 R
26 5 17 5 R
26 6 6 6 R
26 8 0 6 R
26 9 19 9 U
26 10 4 26 L
26 12 5 12 U
26 13 13 21 L
26 14 8 23 L
26 16 1 2 R
26 17 20 17 D
26 18 10 1 R
26 19 9 19 D
26 20 23 5 R
26 21 4 8 U
26 22 13 22 L
26 23 0 1 R
26 25 23 25 L
26 26 20 12 U
27 1 4 17 D
27 2 10 26 L
27 3 18 17 D
27 5 6 19 D
27 8 0 4 R
27 9 0 22 L
27 10 25 10 U
27 14 24 24 L
27 17 0 2 R
27 18 20 18 D
27 19 19 19 D
27 20 14 20 D
27 21 17 17 D
27 22 14 11 U
27 23 2 1 R
27 25 5 16 D
27 26 13 26 L
28 3 25 13 U
28 5 8 17 D
28 14 2 0 R
28 21 1 9 U
28 22 17 19 D
28 23 7 23 L
28 26 4 12 U
29 5 9 5 R
29 14 19 3 R
29 21 26 13 U
29 22 7 9 U

