11 8 68
0 0 0 0 0 0 0 0 0 0 0 0 0 0 0 2
0 0 10 0 3 0 0 0 0 0 0 0 0 0 0 0
0 0 0 0 0 2 0 0 0 0 6 0 0 2 0 0
0 0 0 0 0 0 0 0 0 0 0 8 0 0 0 0
0 0 0 0 0 0 0 0 0 0 0 0 0 0 0 0
0 0 0 0 0 8 0 0 0 0 6 0 0 0 0 0
0 0 0 0 4 5 0 0 7 8 9 0 0 0 0 0
0 1 0 0 4 0 9 2 0 0 0 0 0 0 0 0
0 0 0 0 0 0 0 0 0 0 0 0 0 0 0 0
0 3 0 0 4 0 0 1 0 0 0 0 0 0 0 0
0 0 0 0 0 0 0 0 0 0 0 0 0 2 0 2
0 0 0 0 0 0 0 0 0 0 0 0 0 0 2 0
0 7 0 0 0 6 0 0 0 7 0 0 5 0 1 0
0 0 0 0 0 0 0 0 0 0 4 4 6 0 0 0
0 0 0 0 0 0 0 0 1 0 0 8 0 0 0 0
0 0 0 0 0 0 7 9 8 0 0 0 0 10 0 0
0 0 0 0 R
0 1 0 1 R
0 2 0 2 U
0 3 0 3 U
0 4 0 4 D
0 5 0 5 L
0 6 0 6 L
0 7 0 7 L
1 0 7 0 R
1 1 10 3 U
1 2 0 0 R
1 3 9 3 U
1 4 4 0 R
1 5 5 5 L
1 6 6 6 L
1 7 5 3 U
2 0 0 7 L
2 1 5 3 U
2 2 3 1 R
2 3 0 4 D
2 4 8 5 L
2 5 7 2 U
2 6 4 6 L
3 0 6 4 D
3 1 6 1 R
3 2 6 5 L
3 4 0 0 R
3 5 0 4 D
3 6 1 2 U
4 0 1 0 R
4 1 7 4 D
4 2 6 2 U
4 3 6 4 D
4 4 3 1 R
4 5 0 2 U
4 6 3 2 U
5 0 2 2 U
5 1 1 1 R
5 2 4 5 L
5 4 0 5 L
5 5 8 2 U
5 6 7 6 L
6 0 0 4 D
6 1 0 5 L
6 2 0 5 L
6 4 2 6 L
6 5 1 3 U
6 6 5 6 L
7 0 5 0 R
7 1 6 2 U
7 2 0 6 L
7 4 4 1 R
7 5 5 4 D
7 6 1 6 L
8 0 0 2 U
8 1 9 1 R
8 2 2 4 D
8 4 2 0 R
8 5 7 3 U
8 6 9 6 L
9 0 3 4 D
9 1 8 1 R
9 2 5 6 L
9 4 5 4 D
9 5 3 5 L
10 1 7 5 L
10 4 0 6 L
10 5 0 0 R

