33 33 860
18 9 0 0 14 14 25 7 14 16 14 0 20 15 21 11 0 0
0 0 0 0 0 0 22 0 20 21 4 0 0 7 20 0 0 13
2 12 22 0 2 15 2 1 0 0 7 17 0 26 4 8 13 2
1 0 0 3 2 10 29 0 8 0 8 2 0 28 28 0 22 0
0 23 24 0 25 26 0 0 27 25 0 11 16 26 21 18 0 13
5 0 0 17 0 0 0 1 13 0 7 0 7 0 0 11 6 13
20 21 0 19 25 0 27 0 25 0 0 13 19 19 0 0 0 9
21 1 0 0 9 20 0 3 0 25 0 0 0 20 0 16 0 25
6 0 7 3 16 14 18 0 28 0 25 24 0 26 12 0 0 0
0 27 0 2 12 10 8 0 7 0 23 0 8 0 3 0 15 13
27 15 0 0 0 30 31 0 0 3 0 24 0 3 0 0 5 2
16 0 27 1 28 28 25 25 0 28 0 0 27 0 13 0 0 19
10 0 0 0 12 0 32 0 0 0 28 24 19 0 26 0 0 4
19 17 0 0 24 0 0 16 0 25 0 27 25 12 15 6 2 0
11 12 0 19 19 0 1 26 0 28 27 0 0 21 25 0 23 6
0 4 0 0 1 25 1 0 10 0 9 0 0 0 7 12 19 0
0 18 8 0 0 20 27 21 0 6 0 0 0 20 0 15 17 0
18 18 21 14 0 26 21 12 24 2 16 0 25 0 1 4 10 0
0 0 0 0 R
0 1 0 1 R
0 2 0 2 R
0 3 0 3 R
0 4 0 4 R
0 5 0 5 R
0 6 0 6 R
0 7 0 7 R
0 8 0 8 R
0 9 0 9 U
0 10 0 10 U
0 11 0 11 U
0 12 0 12 U
0 13 0 13 U
0 14 0 14 U
0 15 0 15 U
0 16 0 16 D
0 17 0 17 D
0 18 0 18 D
0 19 0 19 D
0 20 0 20 D
0 21 0 21 D
0 22 0 22 D
0 23 0 23 D
0 24 0 24 L
0 25 0 25 L
0 26 0 26 L
0 27 0 27 L
0 28 0 28 L
0 29 0 29 L
0 30 0 30 L
0 31 0 31 L
0 32 0 32 L
1 0 0 17 D
1 1 0 9 U
1 2 5 2 R
1 3 5 3 R
1 4 0 21 D
1 5 6 5 R
1 6 13 10 U
1 7 10 7 R
1 8 12 8 R
1 9 12 6 R
1 10 2 3 R
1 11 17 26 L
1 12 11 7 R
1 13 5 13 U
1 14 2 14 U
1 15 20 15 U
1 16 0 27 L
1 17 0 15 U
1 18 0 25 L
1 19 2 19 D
1 20 6 27 L
1 21 8 21 D
1 22 2 22 D
1 23 2 4 R
1 24 0 16 D
1 25 16 18 D
1 26 16 17 D
1 27 3 27 L
1 28 3 16 D
1 29 6 29 L
1 30 3 30 L
1 31 4 31 L
1 32 5 32 L
2 0 0 13 U
2 1 22 1 R
2 2 8 9 U
2 3 0 18 D
2 4 20 21 D
2 5 5 5 R
2 6 1 6 R
2 7 6 20 D
2 8 17 8 R
2 9 0 3 R
2 10 0 27 L
2 11 12 11 U
2 12 6 12 U
2 13 8 30 L
2 14 1 29 L
2 15 24 25 L
2 16 18 16 D
2 17 7 6 R
2 18 4 18 D
2 19 3 26 L
2 20 7 29 L
2 21 1 21 D
2 22 4 22 D
2 23 3 23 D
2 24 12 11 U
2 25 3 25 L
2 26 0 18 D
2 27 0 17 D
2 28 7 28 L
2 29 0 5 R
2 30 16 16 D
2 31 18 3 R
2 32 0 14 U
3 0 1 0 R
3 1 9 17 D
3 2 1 2 R
3 3 7 3 R
3 4 1 16 D
3 5 9 18 D
3 6 9 6 R
3 7 12 7 R
3 8 19 8 R
3 9 0 1 R
3 10 7 20 D
3 11 1 0 R
3 12 20 30 L
3 13 6 13 U
3 14 2 4 R
3 15 1 6 R
3 16 18 2 R
3 17 24 25 L
3 18 13 18 D
3 19 19 27 L
3 20 5 26 L
3 21 23 4 R
3 22 20 26 L
3 23 13 24 L
3 24 0 1 R
3 25 0 2 R
3 26 4 26 L
3 27 4 19 D
3 28 4 28 L
3 29 1 29 L
3 30 15 30 L
3 31 2 31 L
3 32 9 32 L
4 0 3 16 D
4 1 3 16 D
4 2 3 23 D
4 3 11 19 D
4 4 18 13 U
4 5 0 22 D
4 6 1 23 D
4 7 9 7 R
4 8 3 8 R
4 9 2 6 R
4 10 0 24 L
4 11 7 4 R
4 12 2 25 L
4 13 18 26 L
4 14 13 14 U
4 15 0 7 R
4 16 10 16 D
4 17 19 27 L
4 18 5 18 D
4 19 8 29 L
4 20 1 20 D
4 21 1 26 L
4 22 0 25 L
4 23 21 1 R
4 24 6 9 U
4 25 5 9 U
4 26 3 26 L
4 27 0 20 D
4 28 15 28 L
4 29 5 19 D
4 30 8 14 U
4 31 3 31 L
4 32 2 32 L
5 0 23 16 D
5 1 1 13 U
5 2 12 10 U
5 3 8 15 U
5 4 1 4 R
5 5 2 5 R
5 6 1 6 R
5 7 3 7 R
5 8 15 8 R
5 9 2 2 R
5 10 3 29 L
5 11 1 1 R
5 12 1 12 U
5 13 1 13 U
5 14 4 14 U
5 15 2 15 U
5 16 8 16 D
5 17 2 17 D
5 18 2 6 R
5 19 17 11 U
5 20 16 20 D
5 21 2 21 D
5 22 18 28 L
5 23 4 23 D
5 24 6 10 U
5 25 11 25 L
5 26 3 17 D
5 27 0 3 R
5 28 2 28 L
5 29 4 29 L
5 30 16 22 D
5 31 14 31 L
5 32 8 9 U
6 0 23 17 D
6 1 0 24 L
6 2 0 20 D
6 3 10 10 U
6 4 4 14 U
6 5 1 5 R
6 6 0 11 U
6 7 2 7 R
6 8 10 8 R
6 9 0 31 L
6 10 0 5 R
6 11 0 30 L
6 12 3 12 U
6 13 21 30 L
6 14 1 31 L
6 15 11 15 U
6 16 0 9 U
6 17 23 0 R
6 18 5 26 L
6 19 3 2 R
6 20 1 20 D
6 21 0 10 U
6 22 5 22 D
6 23 5 31 L
6 24 16 20 D
6 25 0 9 U
6 26 1 13 U
6 27 12 22 D
6 28 11 13 U
6 29 1 29 L
6 30 5 30 L
6 31 0 15 U
6 32 4 32 L
7 0 0 19 D
7 1 1 23 D
7 2 14 19 D
7 3 18 17 D
7 4 17 4 R
7 5 15 14 U
7 6 14 6 R
7 7 8 7 R
7 8 18 19 D
7 9 0 17 D
7 10 23 6 R
7 11 19 11 U
7 12 4 18 D
7 13 20 24 L
7 14 4 31 L
7 15 18 24 L
7 16 2 4 R
7 17 17 17 D
7 18 11 10 U
7 19 4 10 U
7 20 25 1 R
7 21 11 24 L
7 22 10 5 R
7 23 8 23 D
7 24 1 23 D
7 25 3 25 L
7 26 3 26 L
7 27 19 14 U
7 28 3 17 D
7 29 10 18 D
7 30 11 13 U
7 31 23 31 L
7 32 20 32 L
8 0 10 23 D
8 1 12 18 D
8 2 14 9 U
8 3 0 20 D
8 4 15 4 R
8 5 15 5 R
8 6 11 20 D
8 7 14 12 U
8 8 3 8 R
8 9 0 0 R
8 10 20 1 R
8 11 24 3 R
8 12 7 4 R
8 13 2 1 R
8 14 17 4 R
8 15 7 15 U
8 16 0 0 R
8 17 16 17 D
8 18 18 30 L
8 19 1 19 D
8 20 1 5 R
8 21 13 21 D
8 22 4 3 R
8 23 1 23 D
8 24 0 13 U
8 25 5 25 L
8 26 9 10 U
8 27 7 15 U
8 28 18 28 L
8 29 2 12 U
8 30 19 30 L
8 31 12 18 D
8 32 26 11 U
9 0 12 11 U
9 1 7 14 U
9 2 7 17 D
9 3 1 3 R
9 4 6 9 U
9 5 0 11 U
9 6 5 6 R
9 7 11 26 L
9 8 1 8 R
9 9 1 0 R
9 10 5 29 L
9 11 4 28 L
9 12 3 27 L
9 13 14 29 L
9 14 14 2 R
9 15 11 15 U
9 16 15 0 R
9 17 0 6 R
9 18 21 5 R
9 19 3 19 D
9 20 8 5 R
9 21 1 27 L
9 22 16 6 R
9 23 8 1 R
9 24 6 12 U
9 25 14 1 R
9 26 21 26 L
9 27 26 0 R
9 28 0 6 R
9 29 1 29 L
9 30 1 30 L
9 31 11 10 U
9 32 22 32 L
10 0 9 9 U
10 1 8 1 R
10 2 14 11 U
10 3 18 9 U
10 4 1 4 R
10 5 3 5 R
10 6 0 12 U
10 7 0 13 U
10 8 3 8 R
10 9 13 28 L
10 10 20 0 R
10 11 8 7 R
10 12 6 27 L
10 13 0 21 D
10 14 11 4 R
10 15 12 4 R
10 16 15 3 R
10 17 16 4 R
10 18 1 26 L
10 19 2 19 D
10 20 21 31 L
10 21 9 21 D
10 22 11 22 D
10 23 2 1 R
10 24 0 12 U
10 25 16 25 L
10 26 7 21 D
10 27 6 11 U
10 28 0 5 R
10 29 4 29 L
10 30 16 30 L
10 31 5 31 L
10 32 6 32 L
11 0 24 15 U
11 1 8 16 D
11 2 9 2 R
11 3 12 20 D
11 4 0 29 L
11 5 0 12 U
11 6 9 6 R
11 7 3 7 R
11 8 1 8 R
11 9 0 26 L
11 10 17 4 R
11 11 15 24 L
11 12 8 27 L
11 13 0 3 R
11 14 6 28 L
11 15 17 26 L
11 16 19 24 L
11 17 9 1 R
11 18 4 30 L
11 19 5 2 R
11 20 12 20 D
11 21 0 1 R
11 22 19 22 D
11 23 20 26 L
11 24 1 19 D
11 25 9 17 D
11 26 5 26 L
11 27 8 3 R
11 28 6 28 L
11 29 6 11 U
11 30 8 17 D
11 31 1 31 L
11 32 15 17 D
12 0 0 10 U
12 1 17 19 D
12 2 4 2 R
12 3 1 3 R
12 4 11 4 R
12 5 17 5 R
12 6 9 17 D
12 7 2 7 R
12 8 3 8 R
12 9 23 8 R
12 10 1 2 R
12 11 11 11 U
12 12 8 12 U
12 13 10 22 D
12 14 18 0 R
12 15 5 24 L
12 16 3 16 D
12 17 0 24 L
12 18 0 5 R
12 19 20 19 D
12 20 22 24 L
12 21 26 32 L
12 22 7 22 D
12 23 1 23 D
12 24 25 10 U
12 25 22 14 U
12 26 0 10 U
12 27 13 19 D
12 28 0 18 D
12 29 8 19 D
12 30 15 18 D
12 31 17 31 L
12 32 5 32 L
13 0 0 16 D
13 1 11 21 D
13 2 16 31 L
13 3 3 23 D
13 4 9 4 R
13 5 1 21 D
13 6 11 12 U
13 7 19 9 U
13 8 16 15 U
13 9 20 24 L
13 10 22 10 U
13 11 12 28 L
13 12 0 28 L
13 13 16 13 U
13 14 10 0 R
13 15 3 15 U
13 16 10 7 R
13 17 10 26 L
13 18 1 18 D
13 19 5 28 L
13 20 5 20 D
13 21 2 21 D
13 22 2 22 D
13 23 17 4 R
13 24 19 9 U
13 25 9 12 U
13 26 24 18 D
13 27 12 20 D
13 28 1 28 L
13 29 8 21 D
13 30 4 11 U
13 31 0 6 R
14 0 8 17 D
14 1 9 15 U
14 2 11 2 R
14 3 1 3 R
14 4 16 13 U
14 5 13 20 D
14 6 4 6 R
14 7 1 7 R
14 8 20 23 D
14 9 1 24 L
14 10 0 21 D
14 11 19 25 L
14 12 0 29 L
14 13 2 27 L
14 14 2 14 U
14 15 5 15 U
14 16 3 24 L
14 17 5 17 D
14 18 10 18 D
14 19 12 24 L
14 20 5 24 L
14 21 10 1 R
14 22 2 29 L
14 23 13 32 L
14 24 1 14 U
14 25 5 25 L
14 26 5 26 L
14 27 11 27 L
14 28 0 22 D
14 29 3 11 U
14 30 11 30 L
14 31 17 31 L
15 0 23 24 L
15 1 14 1 R
15 2 3 2 R
15 3 1 3 R
15 4 11 4 R
15 5 21 20 D
15 6 2 6 R
15 8 12 8 R
15 9 3 29 L
15 10 13 27 L
15 11 14 30 L
15 12 4 27 L
15 13 21 31 L
15 14 6 27 L
15 15 22 0 R
15 16 8 16 D
15 17 4 17 D
15 18 0 12 U
15 19 4 19 D
15 20 24 27 L
15 21 7 5 R
15 22 2 13 U
15 23 10 12 U
15 24 17 9 U
15 25 24 25 L
15 26 14 12 U
15 27 8 27 L
15 28 5 22 D
15 29 22 29 L
15 30 13 10 U
15 31 23 17 D
16 0 5 10 U
16 1 9 1 R
16 2 4 2 R
16 3 12 3 R
16 4 28 4 R
16 5 15 25 L
16 6 19 6 R
16 7 12 7 R
16 8 26 9 U
16 9 18 24 L
16 10 0 25 L
16 11 0 2 R
16 12 2 12 U
16 13 11 13 U
16 14 24 14 U
16 15 0 20 D
16 16 1 24 L
16 17 22 2 R
16 18 0 4 R
16 19 2 31 L
16 20 2 20 D
16 21 0 31 L
16 22 3 22 D
16 23 8 29 L
16 24 8 16 D
16 25 26 15 U
16 26 8 26 L
16 27 22 11 U
16 28 2 21 D
16 29 0 9 U
16 30 2 30 L
16 31 1 31 L
17 0 21 0 R
17 1 5 1 R
17 2 22 18 D
17 3 13 3 R
17 4 2 4 R
17 5 13 17 D
17 6 12 6 R
17 7 21 13 U
17 8 0 9 U
17 9 1 2 R
17 10 5 3 R
17 11 0 22 D
17 12 12 1 R
17 13 19 27 L
17 14 8 14 U
17 15 8 0 R
17 16 6 31 L
17 17 27 2 R
17 18 4 29 L
17 19 23 25 L
17 20 5 20 D
17 21 8 21 D
17 22 8 28 L
17 23 7 23 D
17 24 7 19 D
17 25 23 9 U
17 26 21 9 U
17 27 8 9 U
17 28 1 28 L
17 29 23 29 L
17 30 2 30 L
17 31 7 31 L
17 32 0 0 R
18 0 7 17 D
18 1 0 18 D
18 2 9 15 U
18 3 0 28 L
18 4 0 26 L
18 5 0 14 U
18 6 2 19 D
18 7 1 14 U
18 8 1 8 R
18 9 6 9 U
18 10 7 25 L
18 11 0 4 R
18 12 0 19 D
18 13 17 13 U
18 14 7 14 U
18 15 2 15 U
18 16 13 2 R
18 17 21 30 L
18 18 17 26 L
18 19 4 19 D
18 20 5 3 R
18 21 9 6 R
18 22 0 5 R
18 24 25 13 U
18 25 16 25 L
18 26 23 14 U
18 27 0 21 D
18 28 19 20 D
18 29 1 29 L
18 30 2 30 L
18 31 10 3 R
19 0 14 13 U
19 1 18 16 D
19 2 5 2 R
19 3 16 13 U
19 4 3 4 R
19 5 0 27 L
19 6 14 19 D
19 7 25 10 U
19 8 16 25 L
19 9 15 32 L
19 10 15 28 L
19 11 24 0 R
19 12 0 3 R
19 13 10 13 U
19 14 20 1 R
19 15 1 21 D
19 16 11 25 L
19 17 0 11 U
19 18 22 28 L
19 19 0 26 L
19 20 4 20 D
19 21 4 21 D
19 22 2 22 D
19 23 21 23 D
19 24 0 0 R
19 25 14 25 L
19 26 1 26 L
19 27 3 13 U
19 28 2 28 L
19 29 8 29 L
19 30 24 16 D
19 31 3 10 U
20 0 24 10 U
20 1 15 20 D
20 2 7 16 D
20 3 22 16 D
20 4 8 22 D
20 5 7 21 D
20 6 5 31 L
20 7 17 16 D
20 8 5 8 R
20 9 1 30 L
20 10 13 29 L
20 11 1 11 U
20 12 5 30 L
20 13 3 13 U
20 14 5 14 U
20 15 19 25 L
20 16 13 28 L
20 17 1 17 D
20 18 0 27 L
20 19 2 19 D
20 20 16 28 L
20 21 22 29 L
20 22 8 7 R
20 23 1 23 D
20 24 3 15 U
20 25 1 11 U
20 26 24 21 D
20 27 17 27 L
20 28 5 17 D
20 29 4 29 L
20 30 5 30 L
20 31 11 31 L
21 0 0 25 L
21 1 14 11 U
21 2 23 11 U
21 3 10 12 U
21 4 19 11 U
21 5 10 5 R
21 6 22 24 L
21 8 6 8 R
21 9 7 2 R
21 10 13 10 U
21 11 15 6 R
21 12 20 26 L
21 13 11 13 U
21 14 3 27 L
21 15 19 15 U
21 16 14 10 U
21 17 0 2 R
21 18 2 18 D
21 19 20 0 R
21 20 2 20 D
21 21 20 25 L
21 22 18 7 R
21 24 19 17 D
21 25 3 25 L
21 26 8 10 U
21 27 3 14 U
21 28 23 17 D
21 29 12 12 U
21 30 0 8 R
21 31 18 14 U
22 0 5 9 U
22 1 1 11 U
22 2 0 10 U
22 3 1 16 D
22 4 19 10 U
22 5 16 5 R
22 6 7 15 U
22 7 21 7 R
22 9 0 6 R
22 10 17 24 L
22 11 2 28 L
22 12 5 6 R
22 13 3 8 R
22 14 10 14 U
22 15 5 15 U
22 16 13 3 R
22 17 21 1 R
22 18 2 18 D
22 19 4 19 D
22 20 12 26 L
22 21 1 21 D
22 22 9 22 D
22 24 5 20 D
22 25 0 21 D
22 26 7 16 D
22 27 0 1 R
22 28 1 28 L
22 29 3 16 D
22 30 15 30 L
22 31 18 23 D
23 0 15 12 U
23 1 6 15 U
23 2 2 14 U
23 3 7 22 D
23 4 3 4 R
23 5 1 5 R
23 6 2 12 U
23 7 5 7 R
23 9 2 24 L
23 10 4 21 D
23 11 22 1 R
23 12 5 2 R
23 13 8 31 L
23 14 20 31 L
23 16 21 29 L
23 17 11 3 R
23 18 19 27 L
23 19 19 1 R
23 20 24 20 D
23 21 13 28 L
23 22 7 22 D
23 23 13 29 L
23 24 17 24 L
23 25 2 9 U
23 26 25 22 D
23 27 15 6 R
23 28 9 18 D
23 29 9 15 U
23 30 2 30 L
23 31 16 19 D
24 0 23 0 R
24 1 8 1 R
24 2 4 2 R
24 3 1 22 D
24 4 14 19 D
24 6 17 10 U
24 7 1 7 R
24 9 23 5 R
24 10 11 2 R
24 12 11 12 U
24 13 2 13 U
24 14 1 14 U
24 15 14 15 U
24 16 20 26 L
24 17 15 6 R
24 18 21 18 D
24 19 25 28 L
24 20 12 25 L
24 21 21 32 L
24 22 16 1 R
24 23 19 28 L
24 24 19 18 D
24 25 15 16 D
24 26 8 19 D
24 28 3 28 L
24 29 0 11 U
24 31 20 21 D
25 0 19 0 R
25 1 14 14 U
25 2 13 2 R
25 3 16 18 D
25 4 0 31 L
25 6 0 31 L
25 9 12 3 R
25 10 5 10 U
25 12 18 0 R
25 13 8 13 U
25 14 24 6 R
25 16 24 0 R
25 17 2 25 L
25 18 22 1 R
25 20 26 0 R
25 21 16 7 R
25 22 10 3 R
25 24 7 12 U
25 25 23 20 D
25 28 24 9 U
25 29 7 29 L
25 31 5 7 R
26 0 5 22 D
26 2 23 14 U
26 3 11 14 U
26 6 27 6 R
26 13 0 22 D
26 14 25 5 R
26 17 10 30 L
26 18 15 0 R
26 20 29 4 R
26 21 19 26 L
26 25 1 25 L
26 28 4 28 L
26 29 13 21 D
26 31 11 31 L
27 2 25 2 R
27 6 6 6 R
27 12 26 8 R
27 13 1 3 R
27 18 9 8 R
27 21 23 8 R
27 24 13 23 D
27 25 0 10 U
27 28 5 28 L
27 29 7 16 D
27 31 22 12 U
28 2 11 2 R
28 6 18 6 R
28 13 3 13 U
28 18 23 25 L
28 25 15 17 D
28 28 19 28 L
28 31 24 31 L
29 28 0 12 U
29 31 8 31 L
30 28 3 18 D
31 28 6 28 L
32 28 1 21 D

