17 20 285
3 5 11 1 0 0 14 3 8 0 0 11 0 12
5 0 10 0 0 0 0 0 0 14 0 4 0 0
3 0 1 0 0 0 13 10 1 0 7 0 13 0
0 4 8 9 14 13 4 8 0 13 14 13 0 9
12 0 3 10 0 4 0 0 0 0 4 0 8 0
0 16 0 0 0 4 0 0 12 0 0 12 0 0
0 0 13 12 12 0 0 0 0 16 0 7 0 0
5 14 0 13 14 11 10 0 1 3 0 2 0 11
13 8 0 6 0 16 0 15 15 0 10 0 0 0
9 0 8 0 14 0 0 0 13 0 0 14 0 0
0 2 0 1 0 0 3 0 0 0 9 0 14 4
6 12 0 13 0 8 0 0 0 13 0 12 3 0
2 0 0 12 0 0 0 8 13 0 9 0 0 0
13 0 3 10 0 0 0 0 11 12 6 4 1 5
0 0 0 0 R
0 1 0 1 R
0 2 0 2 R
0 3 0 3 R
0 4 0 4 R
0 5 0 5 U
0 6 0 6 U
0 7 0 7 U
0 8 0 8 U
0 9 0 9 U
0 10 0 10 D
0 11 0 11 D
0 12 0 12 D
0 13 0 13 D
0 14 0 14 D
0 15 0 15 L
0 16 0 16 L
0 17 0 17 L
0 18 0 18 L
0 19 0 19 L
1 0 0 15 L
1 1 6 1 R
1 2 3 2 R
1 3 8 11 D
1 4 4 4 R
1 5 5 1 R
1 6 12 6 U
1 7 4 16 L
1 8 0 3 R
1 9 5 1 R
1 10 0 1 R
1 11 0 0 R
1 12 9 12 D
1 13 0 17 L
1 14 8 14 D
1 15 11 6 U
1 16 0 13 D
1 17 0 10 D
1 18 9 18 L
1 19 5 19 L
2 0 8 7 U
2 1 4 13 D
2 2 8 7 U
2 3 12 6 U
2 4 3 5 U
2 5 0 0 R
2 6 10 1 R
2 7 8 18 L
2 8 4 8 U
2 9 10 13 D
2 10 0 5 U
2 11 0 15 L
2 12 0 9 U
2 13 1 9 U
2 14 1 14 D
2 15 0 10 D
2 16 0 12 D
2 17 1 11 D
2 18 1 18 L
2 19 9 11 D
3 0 7 15 L
3 1 0 11 D
3 2 1 2 R
3 3 10 3 R
3 4 9 4 R
3 5 5 16 L
3 6 0 1 R
3 7 5 7 U
3 8 9 10 D
3 9 6 2 R
3 10 11 2 R
3 11 11 11 D
3 12 5 6 U
3 13 8 13 D
3 14 0 6 U
3 15 0 6 U
3 16 5 11 D
3 17 4 17 L
3 18 5 6 U
3 19 0 12 D
4 0 7 7 U
4 1 9 9 U
4 3 1 3 R
4 4 8 4 R
4 5 3 5 U
4 6 11 16 L
4 7 1 15 L
4 8 8 8 U
4 9 3 9 U
4 10 8 15 L
4 11 1 11 D
4 12 10 12 D
4 13 8 13 D
4 14 2 14 D
4 15 0 8 U
4 16 7 10 D
4 17 2 17 L
4 18 0 0 R
4 19 1 13 D
5 0 9 5 U
5 1 7 8 U
5 2 0 6 U
5 3 10 10 D
5 4 6 4 R
5 5 2 17 L
5 6 2 15 L
5 7 6 0 R
5 8 6 0 R
5 9 0 11 D
5 10 1 15 L
5 11 10 19 L
5 12 10 4 R
5 13 10 13 D
5 14 1 14 D
5 15 1 5 U
5 16 7 9 U
5 17 12 12 D
5 18 0 11 D
5 19 12 12 D
6 0 0 9 U
6 1 0 9 U
6 2 3 2 R
6 3 0 5 U
6 4 4 11 D
6 5 0 15 L
6 6 2 6 U
6 7 0 10 D
6 8 10 2 R
6 9 9 15 L
6 10 5 3 R
6 11 0 8 U
6 12 0 2 R
6 13 5 17 L
6 14 3 14 D
6 15 0 0 R
6 16 0 2 R
6 17 7 10 D
6 18 10 12 D
6 19 5 1 R
7 0 9 0 R
7 1 1 1 R
7 2 0 13 D
7 3 4 5 U
7 4 6 4 R
7 5 6 18 L
7 6 0 2 R
7 7 2 18 L
7 8 6 11 D
7 9 4 9 U
7 10 5 1 R
7 11 1 4 R
7 12 1 7 U
7 13 8 13 D
7 14 0 5 U
7 15 4 8 U
7 16 10 6 U
7 17 2 17 L
7 18 9 18 L
8 0 0 13 D
8 1 0 8 U
8 2 1 12 D
8 3 4 3 R
8 4 5 11 D
8 5 11 15 L
8 6 10 6 U
8 7 2 7 U
8 8 5 1 R
8 9 10 9 U
8 10 0 3 R
8 11 7 0 R
8 12 10 12 D
8 13 6 16 L
8 14 6 14 D
8 15 4 10 D
8 16 7 16 L
8 17 7 17 L
8 18 6 11 D
8 19 1 19 L
9 0 1 10 D
9 1 4 1 R
9 2 4 8 U
9 3 8 3 R
9 4 14 10 D
9 5 3 5 U
9 6 3 18 L
9 7 0 16 L
9 8 12 8 U
9 9 5 9 U
9 10 6 5 U
9 11 8 11 D
9 12 3 12 D
9 13 0 7 U
9 14 2 14 D
9 15 6 14 D
9 16 6 0 R
9 17 0 5 U
9 19 7 19 L
10 0 2 5 U
10 1 6 11 D
10 3 8 3 R
10 4 3 4 R
10 5 0 19 L
10 6 8 6 U
10 7 9 7 U
10 8 4 8 U
10 9 1 9 U
10 10 11 10 D
10 11 0 16 L
10 12 8 2 R
10 13 12 13 D
10 14 1 14 D
10 15 3 10 D
10 16 7 5 U
10 17 2 9 U
10 18 4 18 L
10 19 9 19 L
11 0 0 10 D
11 1 4 1 R
11 2 3 13 D
11 3 0 16 L
11 4 3 16 L
11 5 12 5 U
11 6 2 3 R
11 7 9 4 R
11 8 0 14 D
11 9 9 10 D
11 10 0 6 U
11 11 1 3 R
11 12 10 9 U
11 13 5 3 R
11 14 1 17 L
11 15 3 13 D
11 16 7 8 U
11 17 0 7 U
11 18 2 10 D
11 19 1 8 U
12 0 14 0 R
12 1 3 16 L
12 4 1 4 R
12 5 6 15 L
12 6 4 19 L
12 7 4 4 R
12 8 9 8 U
12 9 4 9 U
12 10 5 18 L
12 11 6 4 R
12 12 10 19 L
12 13 11 16 L
12 14 0 0 R
12 15 8 13 D
12 16 11 13 D
12 17 9 17 L
13 0 12 16 L
13 1 5 14 D
13 4 1 4 R
13 5 3 4 R
13 6 5 12 D
13 8 8 17 L
13 9 5 9 U
13 10 3 10 D
13 11 8 3 R
13 12 7 12 D
13 13 9 0 R
13 14 12 1 R
13 15 0 14 D
13 16 6 8 U
13 17 15 17 L
14 0 1 7 U
14 1 9 12 D
14 4 1 4 R
14 5 15 10 D
14 6 5 18 L
14 9 13 18 L
14 10 0 17 L
14 11 9 6 U
14 13 7 17 L
14 15 13 5 U
14 17 0 9 U
15 0 4 13 D
15 4 5 8 U
15 6 12 0 R
15 9 12 9 U
16 0 1 15 L
16 4 4 4 R
16 9 3 9 U

