7 5 30
0 0 0 0 6 3 0 0 1 5
1 0 4 0 0 0 0 5 0 0
1 3 0 0 0 0 0 0 0 0
0 0 0 0 0 0 0 0 0 6
1 2 0 0 0 6 0 4 0 1
0 0 5 0 2 0 0 0 2 0
0 0 0 0 0 0 0 0 0 0
4 0 0 0 0 0 0 0 0 0
0 0 0 0 0 0 0 0 0 0
3 0 0 0 0 0 0 0 2 0
0 0 0 0 R
0 1 0 1 U
0 2 0 2 D
0 3 0 3 L
0 4 0 4 L
1 0 2 1 U
1 1 0 2 D
1 2 0 0 R
1 3 0 2 D
1 4 3 0 R
2 0 0 3 L
2 1 1 0 R
2 2 0 3 L
2 3 0 1 U
2 4 5 4 L
3 0 0 2 D
3 1 1 1 U
3 2 2 0 R
3 3 2 2 D
4 0 5 0 R
4 1 0 3 L
4 2 3 2 D
4 3 4 2 D
5 0 2 0 R
5 1 1 3 L
5 2 0 1 U
5 3 1 1 U
6 0 0 1 U
6 1 0 0 R
6 2 0 4 L

