10 9 74
0 1 0 0 1 0 2 7 0 0 7 6 0
0 7 0 4 0 5 0 0 7 0 0 9 0
1 5 7 0 0 0 0 0 0 8 2 4 0
4 0 0 0 0 1 0 0 0 0 9 0 1
0 0 0 0 0 0 0 6 9 5 0 3 6
0 0 0 0 0 0 0 0 0 0 0 0 0
0 0 0 0 0 8 0 0 8 0 0 0 0
0 0 0 4 1 0 5 0 0 0 0 0 0
2 4 0 0 7 0 0 0 0 0 0 0 0
0 4 7 0 0 3 0 3 0 5 7 0 0
4 0 0 0 0 0 0 8 0 0 0 5 0
4 0 0 0 0 0 0 0 2 8 0 0 6
5 0 0 0 0 6 0 4 2 0 8 0 6
0 0 0 0 L
0 1 0 1 L
0 2 0 2 R
0 3 0 3 R
0 4 0 4 R
0 5 0 5 D
0 6 0 6 D
0 7 0 7 U
0 8 0 8 U
1 0 5 6 D
1 1 0 5 D
1 2 3 7 U
1 3 0 1 L
1 4 0 5 D
1 5 0 2 R
1 6 0 7 U
1 7 0 5 D
1 8 3 2 R
2 0 4 7 U
2 1 1 1 L
2 2 5 5 D
2 3 5 3 R
2 5 0 1 L
2 6 3 6 D
2 7 0 0 L
2 8 0 4 R
3 0 1 0 L
3 1 2 8 U
3 2 5 6 D
3 3 2 3 R
3 5 2 1 L
3 6 0 8 U
3 7 0 1 L
3 8 4 8 U
4 0 0 7 U
4 1 0 8 U
4 2 0 6 D
4 3 0 7 U
4 5 2 5 D
4 6 1 8 U
4 7 1 7 U
4 8 0 2 R
5 0 6 3 R
5 1 6 2 R
5 2 1 1 L
5 3 6 5 D
5 4 4 4 R
5 5 0 7 U
5 6 2 6 D
5 7 0 3 R
5 8 4 4 R
6 0 1 5 D
6 1 0 2 R
6 2 0 0 L
6 3 2 0 L
6 5 0 3 R
6 6 3 0 L
6 7 3 7 U
6 8 0 3 R
7 0 1 6 D
7 1 0 6 D
7 2 6 0 L
7 3 2 5 D
7 5 4 5 D
7 6 6 7 U
7 7 5 1 L
8 1 5 8 U
8 2 0 8 U
8 5 4 2 R
8 6 7 1 L
8 7 1 0 L
9 2 7 5 D
9 5 3 0 L
9 6 4 6 D

