10 4 37
5 0 0 5 7 0 1 5 0 8 0
3 1 0 0 0 0 0 0 0 0 0
0 0 0 0 0 0 0 0 0 0 0
0 0 0 0 0 0 0 0 0 0 0
0 0 0 0 7 2 9 0 0 0 0
0 0 0 0 0 0 0 0 0 0 0
0 0 0 0 0 0 0 0 0 0 0
0 0 0 0 0 0 0 0 0 0 0
0 0 0 0 0 0 6 9 0 0 0
0 0 0 0 0 8 0 3 0 7 8
0 3 0 2 7 0 0 0 0 8 0
0 0 0 0 D
0 1 0 1 R
0 2 0 2 U
0 3 0 3 L
1 0 5 3 L
1 1 0 0 D
1 2 0 3 L
1 3 2 0 D
2 0 0 3 L
2 1 5 0 D
2 2 1 3 L
2 3 3 2 U
3 0 0 1 R
3 1 2 1 R
3 2 5 1 R
3 3 0 2 U
4 0 2 1 R
4 1 0 2 U
4 2 0 0 D
4 3 3 0 D
5 0 2 3 L
5 1 2 2 U
5 2 4 3 L
5 3 0 0 D
6 0 3 2 U
6 1 1 2 U
6 2 4 2 U
6 3 5 2 U
7 0 6 3 L
7 1 6 1 R
7 2 0 1 R
7 3 6 0 D
8 0 0 2 U
8 1 0 3 L
8 2 1 0 D
8 3 4 2 U
9 0 2 0 D

