6 8 44
0 0 0 0 0 0 3 3 5 4 0
2 0 0 0 0 2 0 0 0 0 0
0 0 0 0 0 4 0 0 0 0 0
2 0 0 0 0 5 0 0 0 0 0
0 0 0 0 0 0 0 0 0 0 0
0 0 0 0 2 5 0 5 4 0 0
0 0 0 0 0 0 0 0 0 0 0
0 0 0 0 0 0 0 0 0 0 0
0 0 0 0 0 0 0 0 0 0 0
0 0 0 0 0 0 0 0 0 0 0
0 0 0 0 0 0 0 0 0 2 0
0 0 0 0 L
0 1 0 1 L
0 2 0 2 R
0 3 0 3 R
0 4 0 4 D
0 5 0 5 D
0 6 0 6 U
0 7 0 7 U
1 0 0 6 U
1 1 1 4 D
1 2 1 7 U
1 3 2 4 D
1 4 0 0 L
1 5 0 2 R
1 6 0 0 L
1 7 0 4 D
2 0 1 6 U
2 1 0 3 R
2 2 2 5 D
2 3 3 7 U
2 4 1 0 L
2 5 0 7 U
2 6 0 5 D
2 7 0 1 L
3 0 0 3 R
3 1 3 1 L
3 2 2 6 U
3 3 1 3 R
3 4 2 2 R
3 5 3 2 R
3 6 1 2 R
3 7 1 0 L
4 0 3 6 U
4 1 3 4 D
4 2 2 1 L
4 3 4 6 U
4 4 3 0 L
4 5 1 5 D
4 6 4 6 U
5 0 4 0 L
5 2 0 4 D
5 3 5 3 R
5 4 4 3 R
5 6 4 2 R

