21 14 248
13 18 0 7 6 4 15 8 5 6 19
7 0 0 10 15 0 17 15 0 8 0
9 17 0 11 0 9 0 3 6 0 13
3 10 0 0 1 17 20 0 7 0 0
13 11 2 0 16 0 19 0 0 1 12
2 0 0 0 17 0 0 1 5 14 15
6 20 18 7 19 17 7 12 0 19 0
0 18 0 16 7 0 11 0 0 0 15
7 0 0 1 16 4 1 0 0 15 16
19 4 0 14 10 9 0 0 17 4 12
5 14 2 11 0 17 0 5 15 16 1
0 0 0 0 R
0 1 0 1 R
0 2 0 2 R
0 3 0 3 R
0 4 0 4 U
0 5 0 5 U
0 6 0 6 U
0 7 0 7 D
0 8 0 8 D
0 9 0 9 D
0 10 0 10 L
0 11 0 11 L
0 12 0 12 L
0 13 0 13 L
1 0 9 10 L
1 1 3 1 R
1 2 2 2 R
1 3 5 12 L
1 4 0 0 R
1 5 14 5 U
1 6 15 0 R
1 7 3 2 R
1 8 8 8 D
1 9 3 9 D
1 10 4 10 L
1 11 8 9 D
1 12 3 4 U
1 13 2 5 U
2 0 4 0 R
2 1 5 7 D
2 2 17 5 U
2 3 13 5 U
2 4 0 3 R
2 5 16 11 L
2 6 8 13 L
2 7 0 0 R
2 8 8 2 R
2 9 1 9 D
2 10 7 9 D
2 11 0 4 U
2 12 10 12 L
2 13 8 13 L
3 0 5 8 D
3 1 4 4 U
3 2 0 8 D
3 3 2 3 R
3 4 0 8 D
3 5 4 1 R
3 6 2 6 U
3 7 5 7 D
3 8 0 1 R
3 9 6 1 R
3 10 6 1 R
3 11 4 11 L
3 12 0 5 U
3 13 11 13 L
4 0 3 7 D
4 1 10 9 D
4 2 0 9 D
4 3 0 6 U
4 4 1 8 D
4 5 3 13 L
4 6 12 6 U
4 7 11 7 D
4 8 8 0 R
4 9 2 9 D
4 10 0 4 U
4 11 9 11 L
4 12 19 9 D
4 13 6 13 L
5 0 2 8 D
5 1 6 6 U
5 2 8 11 L
5 3 9 4 U
5 4 2 4 U
5 5 0 7 D
5 6 13 7 D
5 7 9 10 L
5 8 0 10 L
5 9 0 2 R
5 10 8 10 L
5 11 2 0 R
5 12 1 8 D
5 13 7 13 L
6 0 4 0 R
6 1 11 1 R
6 2 4 2 R
6 3 10 3 R
6 4 13 4 U
6 5 0 2 R
6 6 0 3 R
6 7 9 1 R
6 8 3 13 L
6 9 0 11 L
6 10 13 0 R
6 11 10 8 D
6 12 3 12 L
6 13 9 13 L
7 0 10 0 R
7 1 5 1 R
7 2 13 2 R
7 3 5 10 L
7 4 6 10 L
7 5 16 5 U
7 6 2 2 R
7 7 0 13 L
7 8 3 8 D
7 9 15 9 D
7 10 0 8 D
7 11 12 5 U
7 12 1 1 R
7 13 5 0 R
8 0 9 7 D
8 1 0 4 U
8 2 12 4 U
8 4 0 12 L
8 5 12 5 U
8 6 6 0 R
8 7 15 11 L
8 8 4 8 D
8 9 4 11 L
8 10 0 7 D
8 11 1 11 L
8 12 6 12 L
8 13 0 7 D
9 0 0 7 D
9 1 12 7 D
9 2 7 8 D
9 4 0 9 D
9 5 0 10 L
9 6 6 6 U
9 7 1 7 D
9 8 18 5 U
9 9 4 3 R
9 10 12 10 L
9 11 6 1 R
9 12 13 1 R
9 13 4 13 L
10 0 18 4 U
10 1 0 8 D
10 2 1 2 R
10 3 3 8 D
10 4 0 11 L
10 5 14 8 D
10 6 2 0 R
10 7 13 7 D
10 8 9 3 R
10 9 4 9 D
10 10 5 9 D
10 11 0 6 U
10 12 8 12 L
10 13 7 0 R
11 0 0 10 L
11 1 4 6 U
11 2 13 6 U
11 3 3 3 R
11 4 16 0 R
11 5 1 12 L
11 6 0 9 D
11 7 0 11 L
11 8 1 2 R
11 9 5 6 U
11 10 12 4 U
11 11 13 3 R
11 12 14 12 L
12 0 0 5 U
12 1 10 4 U
12 2 11 5 U
12 4 4 10 L
12 5 7 5 U
12 6 2 6 U
12 7 10 1 R
12 8 4 13 L
12 9 14 1 R
12 10 0 0 R
12 11 0 8 D
12 12 9 6 U
13 0 3 6 U
13 1 17 12 L
13 2 3 2 R
13 4 10 11 L
13 5 0 1 R
13 6 15 6 U
13 7 0 4 U
13 8 8 4 U
13 9 4 2 R
13 10 9 3 R
13 11 2 7 D
13 12 0 1 R
14 0 7 5 U
14 1 6 7 D
14 2 13 2 R
14 4 15 12 L
14 5 12 5 U
14 6 5 9 D
14 7 7 3 R
14 8 11 10 L
14 9 15 10 L
14 10 3 9 D
14 11 6 11 L
15 0 6 0 R
15 1 17 1 R
15 2 2 5 U
15 4 8 13 L
15 5 6 0 R
15 6 1 6 U
15 7 5 7 D
15 8 8 11 L
15 9 2 10 L
15 10 13 1 R
15 11 6 6 U
15 13 9 13 L
16 0 2 0 R
16 1 4 8 D
16 2 4 2 R
16 4 14 1 R
16 5 11 5 U
16 6 8 11 L
16 7 11 12 L
16 8 18 0 R
16 9 0 3 R
16 10 9 10 L
16 11 18 8 D
17 0 3 8 D
17 4 15 4 U
17 5 5 5 U
17 6 2 6 U
17 7 14 10 L
17 8 2 3 R
17 9 0 5 U
17 10 8 6 U
17 11 4 4 U
18 0 7 0 R
18 4 7 8 D
18 6 6 6 U
18 7 11 2 R
18 8 10 8 D
18 9 12 9 D
18 10 3 5 U
18 11 16 11 L
19 0 18 5 U
19 4 2 8 D
19 6 8 10 L
19 8 0 12 L
19 9 1 9 D
19 11 11 11 L
20 0 4 0 R
20 8 10 8 D

