35 33 1014
5 17 0 1 0 0 0 24 0 0 0 0 0 0 0 2 0 1 0
3 17 0 21 19 20 21 22 0 23 29 27 11 10 0 0 4 4 0
0 0 0 4 0 0 0 17 15 0 0 0 0 0 1 0 0 8 0
28 18 0 25 26 13 17 27 13 0 30 22 6 0 0 9 29 6 0
24 28 0 28 0 0 24 0 15 0 0 0 0 11 5 5 0 29 0
0 18 0 15 0 28 0 27 15 0 0 21 12 8 16 8 2 22 0
4 24 0 34 13 0 0 7 27 0 0 23 12 0 0 0 13 30 17
27 28 27 32 0 20 0 26 0 0 26 0 13 0 0 18 21 31 25
31 0 13 29 10 4 23 0 4 29 27 0 18 0 0 18 28 0 25
0 6 0 30 0 19 16 28 0 30 25 0 0 18 18 14 0 24 0
7 0 19 31 8 5 22 0 28 30 29 27 25 0 32 28 0 32 5
31 10 6 26 0 0 23 22 29 34 21 34 0 0 33 0 28 33 3
0 16 12 0 14 32 0 24 33 0 26 33 0 21 0 0 30 31 0
1 0 0 5 2 31 0 0 0 0 30 32 16 0 29 30 31 31 0
4 0 28 27 21 32 0 5 0 3 31 0 0 0 2 0 13 0 1
4 0 0 2 2 31 0 1 0 0 0 0 0 21 0 3 0 3 5
0 0 27 0 9 30 20 24 9 23 0 13 0 15 19 7 0 0 11
0 2 3 17 0 0 24 0 0 12 3 0 0 0 12 11 0 13 0
1 0 0 10 0 29 0 0 31 20 31 0 26 30 0 0 27 26 25
0 0 0 0 R
0 1 0 1 R
0 2 0 2 R
0 3 0 3 R
0 4 0 4 R
0 5 0 5 R
0 6 0 6 R
0 7 0 7 R
0 8 0 8 R
0 9 0 9 U
0 10 0 10 U
0 11 0 11 U
0 12 0 12 U
0 13 0 13 U
0 14 0 14 U
0 15 0 15 U
0 16 0 16 D
0 17 0 17 D
0 18 0 18 D
0 19 0 19 D
0 20 0 20 D
0 21 0 21 D
0 22 0 22 D
0 23 0 23 D
0 24 0 24 L
0 25 0 25 L
0 26 0 26 L
0 27 0 27 L
0 28 0 28 L
0 29 0 29 L
0 30 0 30 L
0 31 0 31 L
0 32 0 32 L
1 0 0 9 U
1 1 0 25 L
1 2 0 16 D
1 3 2 11 U
1 4 1 12 U
1 5 0 28 L
1 6 3 12 U
1 7 3 13 U
1 8 8 28 L
1 9 1 1 R
1 10 0 0 R
1 11 0 2 R
1 12 1 3 R
1 13 0 21 D
1 14 3 24 L
1 15 3 5 R
1 16 0 24 L
1 17 0 2 R
1 18 2 26 L
1 19 1 5 R
1 20 0 29 L
1 21 0 30 L
1 22 1 26 L
1 23 3 27 L
1 24 0 0 R
1 25 0 16 D
1 26 0 11 U
1 27 1 18 D
1 28 1 12 U
1 29 2 19 D
1 30 0 20 D
1 31 4 15 U
1 32 0 14 U
2 0 0 10 U
2 1 0 24 L
2 2 0 17 D
2 3 2 3 R
2 4 2 20 D
2 5 2 5 R
2 6 3 6 R
2 7 2 7 R
2 8 10 8 R
2 9 1 9 U
2 10 2 1 R
2 11 0 18 D
2 12 2 4 R
2 13 2 13 U
2 14 3 14 U
2 15 3 15 U
2 16 0 1 R
2 17 1 0 R
2 18 0 27 L
2 19 2 19 D
2 20 0 4 R
2 21 2 21 D
2 22 2 22 D
2 23 3 23 D
2 24 0 10 U
2 25 0 17 D
2 26 2 26 L
2 27 1 27 L
2 28 1 28 L
2 29 1 29 L
2 30 0 4 R
2 31 4 31 L
2 32 1 32 L
3 0 0 22 D
3 1 3 19 D
3 2 0 29 L
3 3 1 13 U
3 4 2 4 R
3 5 1 14 U
3 6 2 6 R
3 7 3 7 R
3 8 6 8 R
3 9 0 28 L
3 10 2 27 L
3 11 4 30 L
3 12 4 12 U
3 13 1 13 U
3 14 2 14 U
3 15 0 26 L
3 16 3 30 L
3 17 3 1 R
3 18 1 25 L
3 19 0 9 U
3 20 3 12 U
3 21 1 31 L
3 22 1 22 D
3 23 2 2 R
3 24 0 15 U
3 25 2 17 D
3 26 1 16 D
3 27 2 27 L
3 28 0 23 D
3 29 0 10 U
3 30 3 30 L
3 31 2 31 L
3 32 2 32 L
4 0 0 18 D
4 1 0 21 D
4 2 4 2 R
4 3 3 3 R
4 4 3 23 D
4 5 0 31 L
4 6 3 22 D
4 7 2 20 D
4 8 7 8 R
4 9 1 6 R
4 10 2 25 L
4 11 0 19 D
4 12 2 12 U
4 13 3 1 R
4 14 0 1 R
4 15 4 15 U
4 16 1 24 L
4 17 1 4 R
4 18 0 6 R
4 19 0 0 R
4 20 4 20 D
4 21 0 7 R
4 22 4 28 L
4 23 4 26 L
4 24 2 23 D
4 25 0 2 R
4 26 3 20 D
4 27 0 9 U
4 28 3 23 D
4 29 2 29 L
4 30 4 10 U
4 31 3 12 U
4 32 4 32 L
5 0 5 18 D
5 1 0 15 U
5 2 0 20 D
5 3 0 10 U
5 4 0 26 L
5 5 5 5 R
5 6 5 23 D
5 7 5 7 R
5 8 8 8 R
5 9 2 5 R
5 10 5 10 U
5 11 5 5 R
5 12 0 20 D
5 13 7 19 D
5 14 6 14 U
5 15 5 7 R
5 16 0 32 L
5 17 0 25 L
5 18 2 9 U
5 19 0 10 U
5 20 4 24 L
5 21 5 25 L
5 22 6 4 R
5 23 4 0 R
5 24 4 22 D
5 25 6 9 U
5 26 1 21 D
5 27 3 22 D
5 28 6 22 D
5 29 3 14 U
5 30 7 16 D
5 31 3 31 L
5 32 5 32 L
6 0 6 19 D
6 1 1 19 D
6 2 7 13 U
6 3 6 14 U
6 4 9 11 U
6 5 3 12 U
6 6 6 6 R
6 7 7 13 U
6 8 10 12 U
6 9 0 17 D
6 10 3 31 L
6 11 9 27 L
6 12 2 0 R
6 13 8 13 U
6 14 5 24 L
6 15 10 15 U
6 16 5 24 L
6 17 0 26 L
6 18 5 25 L
6 19 4 11 U
6 20 4 7 R
6 21 4 21 D
6 22 6 27 L
6 23 7 24 L
6 24 6 12 U
6 25 5 19 D
6 26 2 12 U
6 27 2 12 U
6 28 5 28 L
6 29 14 4 R
6 30 7 30 L
6 31 0 18 D
6 32 14 32 L
7 0 0 12 U
7 1 3 17 D
7 2 9 2 R
7 3 6 10 U
7 4 1 4 R
7 5 12 19 D
7 6 6 18 D
7 7 6 7 R
7 8 11 8 R
7 9 0 25 L
7 10 3 10 U
7 11 1 4 R
7 12 5 12 U
7 13 10 6 R
7 14 5 14 U
7 15 9 15 U
7 16 6 24 L
7 17 8 3 R
7 18 7 26 L
7 19 7 6 R
7 20 0 1 R
7 21 2 28 L
7 22 0 28 L
7 23 7 23 D
7 24 7 23 D
7 25 5 16 D
7 26 8 9 U
7 27 7 27 L
7 28 7 13 U
7 29 18 29 L
7 30 8 30 L
7 31 6 11 U
7 32 13 32 L
8 0 4 16 D
8 1 7 24 L
8 2 8 2 R
8 3 1 3 R
8 4 7 9 U
8 5 9 5 R
8 6 8 6 R
8 7 10 23 D
8 8 13 8 R
8 9 8 9 U
8 10 4 25 L
8 11 7 11 U
8 12 9 25 L
8 13 10 13 U
8 14 9 14 U
8 15 8 31 L
8 16 3 6 R
8 17 9 1 R
8 18 8 27 L
8 19 8 19 D
8 20 1 20 D
8 21 1 21 D
8 22 5 26 L
8 23 6 25 L
8 24 5 24 L
8 25 0 1 R
8 26 6 26 L
8 27 9 27 L
8 28 9 28 L
8 29 16 29 L
8 30 9 30 L
8 31 9 15 U
8 32 11 32 L
9 0 7 0 R
9 1 3 20 D
9 2 7 2 R
9 3 8 3 R
9 4 9 4 R
9 5 3 5 R
9 6 7 6 R
9 7 10 11 U
9 8 12 8 R
9 9 0 24 L
9 10 0 30 L
9 11 5 25 L
9 12 7 12 U
9 13 9 13 U
9 14 7 14 U
9 15 11 8 R
9 16 2 24 L
9 17 8 17 D
9 18 6 18 D
9 19 9 30 L
9 20 10 27 L
9 21 5 21 D
9 22 7 22 D
9 23 9 8 R
9 24 9 24 L
9 25 6 11 U
9 26 8 17 D
9 27 7 18 D
9 28 8 28 L
9 29 17 29 L
9 30 10 13 U
9 31 5 31 L
9 32 16 16 D
10 0 8 14 U
10 1 9 10 U
10 2 9 17 D
10 3 8 15 U
10 4 5 15 U
10 5 11 5 R
10 6 0 17 D
10 7 7 7 R
10 8 4 8 R
10 9 9 0 R
10 10 6 18 D
10 11 2 31 L
10 12 0 28 L
10 13 3 28 L
10 14 10 4 R
10 15 12 15 U
10 16 9 26 L
10 17 6 2 R
10 18 5 30 L
10 19 8 28 L
10 20 6 20 D
10 21 6 21 D
10 22 10 25 L
10 23 8 23 D
10 24 0 21 D
10 25 0 3 R
10 26 3 26 L
10 27 10 19 D
10 28 9 20 D
10 29 15 29 L
10 30 6 30 L
10 31 8 14 U
10 32 15 32 L
11 0 5 20 D
11 1 8 1 R
11 2 13 20 D
11 3 11 9 U
11 4 11 11 U
11 5 8 18 D
11 6 0 32 L
11 7 10 18 D
11 8 11 10 U
11 9 1 20 D
11 10 11 3 R
11 11 13 3 R
11 12 0 22 D
11 13 2 26 L
11 14 8 28 L
11 15 11 15 U
11 16 9 29 L
11 17 11 1 R
11 18 9 24 L
11 19 12 1 R
11 20 8 30 L
11 21 1 28 L
11 22 10 27 L
11 23 6 0 R
11 24 11 10 U
11 25 2 6 R
11 26 0 1 R
11 27 0 21 D
11 28 7 9 U
11 29 9 29 L
11 30 5 16 D
11 31 13 31 L
11 32 1 12 U
12 0 11 13 U
12 1 7 23 D
12 2 11 2 R
12 3 12 3 R
12 4 17 11 U
12 5 15 5 R
12 6 4 6 R
12 7 16 10 U
12 8 0 14 U
12 9 11 31 L
12 10 13 10 U
12 11 9 30 L
12 12 12 12 U
12 13 3 13 U
12 14 11 14 U
12 15 17 6 R
12 16 9 16 D
12 17 13 17 D
12 18 9 18 D
12 19 11 25 L
12 20 10 5 R
12 21 0 13 U
12 22 10 22 D
12 23 6 23 D
12 24 12 17 D
12 25 13 11 U
12 26 12 26 L
12 27 10 15 U
12 28 10 12 U
12 29 23 23 D
12 30 10 30 L
12 31 14 20 D
12 32 12 32 L
13 0 13 0 R
13 1 15 1 R
13 2 0 11 U
13 3 0 27 L
13 4 18 12 U
13 5 12 11 U
13 6 10 6 R
13 7 8 7 R
13 8 15 8 R
13 9 12 9 U
13 10 12 10 U
13 11 13 2 R
13 12 11 12 U
13 13 5 27 L
13 14 12 14 U
13 15 17 15 U
13 16 10 16 D
13 17 10 24 L
13 18 9 7 R
13 19 13 19 D
13 20 3 0 R
13 21 6 26 L
13 22 12 3 R
13 23 9 23 D
13 24 10 17 D
13 25 11 19 D
13 26 13 18 D
13 27 0 19 D
13 28 7 28 L
13 29 23 9 U
13 30 9 22 D
13 31 9 31 L
13 32 16 32 L
14 0 14 19 D
14 1 15 9 U
14 2 14 2 R
14 3 13 9 U
14 4 16 27 L
14 5 17 5 R
14 6 15 19 D
14 7 19 7 R
14 8 9 8 R
14 9 0 16 D
14 10 15 24 L
14 11 12 0 R
14 12 13 8 R
14 13 16 26 L
14 14 13 14 U
14 15 16 15 U
14 16 12 2 R
14 17 14 1 R
14 18 11 24 L
14 19 14 8 R
14 20 15 1 R
14 21 8 21 D
14 22 11 22 D
14 23 6 6 R
14 24 1 9 U
14 25 14 12 U
14 26 7 26 L
14 27 14 27 L
14 28 14 10 U
14 29 24 11 U
14 30 14 13 U
14 31 18 9 U
14 32 18 10 U
15 0 14 11 U
15 1 0 19 D
15 2 12 2 R
15 3 10 3 R
15 4 19 11 U
15 5 18 5 R
15 6 16 22 D
15 7 21 10 U
15 8 17 13 U
15 9 0 3 R
15 10 11 28 L
15 11 16 3 R
15 12 0 1 R
15 13 16 13 U
15 14 8 14 U
15 15 12 8 R
15 16 7 16 D
15 17 12 17 D
15 18 0 31 L
15 19 10 1 R
15 20 14 20 D
15 21 11 31 L
15 22 11 25 L
15 23 14 23 D
15 24 15 11 U
15 25 11 25 L
15 26 0 2 R
15 27 17 22 D
15 28 12 28 L
15 29 20 29 L
15 30 13 30 L
15 31 10 31 L
15 32 17 5 R
16 0 15 13 U
16 1 9 16 D
16 2 8 21 D
16 3 18 15 U
16 4 18 4 R
16 5 6 5 R
16 6 13 6 R
16 7 21 7 R
16 8 15 16 D
16 9 13 9 U
16 10 0 6 R
16 11 16 11 U
16 12 8 12 U
16 13 17 26 L
16 14 15 4 R
16 15 19 15 U
16 16 14 24 L
16 17 15 17 D
16 18 16 6 R
16 19 15 0 R
16 20 12 32 L
16 21 15 21 D
16 22 16 22 D
16 23 13 23 D
16 24 16 9 U
16 25 13 16 D
16 26 15 26 L
16 27 14 15 U
16 28 13 12 U
16 29 19 29 L
16 30 12 23 D
16 31 18 12 U
16 32 0 12 U
17 0 16 9 U
17 1 14 1 R
17 2 14 21 D
17 3 8 10 U
17 4 14 4 R
17 5 18 17 D
17 6 15 6 R
17 7 23 21 D
17 8 16 12 U
17 9 16 8 R
17 10 0 23 D
17 11 10 32 L
17 12 0 32 L
17 13 18 13 U
17 14 16 14 U
17 15 15 15 U
17 16 8 1 R
17 17 18 17 D
17 18 5 5 R
17 19 6 19 D
17 20 12 30 L
17 21 16 30 L
17 22 15 14 U
17 23 11 8 R
17 24 2 24 L
17 25 10 25 L
17 26 1 10 U
17 27 16 12 U
17 28 17 28 L
17 29 16 9 U
17 30 17 17 D
17 31 6 31 L
17 32 17 32 L
18 0 16 0 R
18 1 11 14 U
18 2 16 2 R
18 3 17 3 R
18 4 17 4 R
18 5 7 5 R
18 6 18 14 U
18 7 22 7 R
18 8 13 18 D
18 9 9 6 R
18 10 0 27 L
18 11 16 4 R
18 12 0 8 R
18 13 14 13 U
18 14 15 32 L
18 15 13 27 L
18 16 15 30 L
18 17 0 8 R
18 18 12 28 L
18 19 11 30 L
18 20 14 27 L
18 21 9 21 D
18 22 17 22 D
18 23 15 23 D
18 24 7 10 U
18 25 18 20 D
18 26 18 26 L
18 27 19 27 L
18 28 19 16 D
18 29 25 29 L
18 30 3 18 D
18 31 11 31 L
18 32 20 15 U
19 0 18 16 D
19 1 18 9 U
19 2 8 24 L
19 3 15 10 U
19 4 19 20 D
19 5 13 5 R
19 6 17 9 U
19 7 20 7 R
19 8 17 8 R
19 9 17 25 L
19 10 19 2 R
19 11 6 3 R
19 12 18 12 U
19 13 17 29 L
19 14 14 25 L
19 15 20 15 U
19 16 13 5 R
19 17 17 26 L
19 18 18 27 L
19 19 5 19 D
19 20 19 3 R
19 21 20 26 L
19 22 19 4 R
19 23 16 4 R
19 24 12 18 D
19 25 19 15 U
19 26 0 23 D
19 27 17 14 U
19 28 3 28 L
19 29 6 29 L
19 30 0 6 R
19 32 7 32 L
20 0 19 16 D
20 1 16 13 U
20 2 19 2 R
20 3 22 3 R
20 4 20 20 D
20 5 20 12 U
20 6 20 6 R
20 7 13 7 R
20 8 19 17 D
20 9 3 23 D
20 10 20 32 L
20 11 24 1 R
20 12 22 26 L
20 13 21 29 L
20 14 22 7 R
20 15 15 7 R
20 16 8 8 R
20 17 19 26 L
20 18 20 24 L
20 19 23 1 R
20 20 19 29 L
20 21 12 21 D
20 22 14 22 D
20 23 19 23 D
20 24 13 15 U
20 25 24 10 U
20 26 16 22 D
20 27 23 14 U
20 28 2 28 L
20 29 17 10 U
20 30 27 30 L
20 32 0 5 R
21 0 2 0 R
21 1 21 11 U
21 2 24 21 D
21 3 21 3 R
21 4 23 4 R
21 5 14 5 R
21 6 16 6 R
21 7 22 16 D
21 8 28 17 D
21 9 2 16 D
21 10 4 24 L
21 11 0 23 D
21 12 23 12 U
21 13 20 28 L
21 14 23 14 U
21 15 18 15 U
21 16 19 2 R
21 17 15 24 L
21 18 23 18 D
21 19 22 19 D
21 20 20 20 D
21 21 20 21 D
21 22 20 3 R
21 23 21 0 R
21 24 21 16 D
21 25 21 25 L
21 26 19 23 D
21 27 18 27 L
21 28 1 10 U
21 29 13 29 L
21 30 24 30 L
21 32 23 32 L
22 0 16 21 D
22 1 24 17 D
22 2 24 22 D
22 3 14 3 R
22 4 0 9 U
22 5 0 32 L
22 6 20 18 D
22 7 23 7 R
22 8 25 8 R
22 9 21 1 R
22 10 23 10 U
22 11 20 11 U
22 12 22 12 U
22 13 23 4 R
22 14 22 14 U
22 15 20 5 R
22 16 17 0 R
22 17 23 17 D
22 18 24 18 D
22 19 21 19 D
22 20 23 20 D
22 21 18 21 D
22 22 25 22 D
22 23 18 5 R
22 24 2 19 D
22 25 22 25 L
22 26 22 9 U
22 27 22 27 L
22 28 15 28 L
22 29 26 10 U
22 30 30 30 L
22 32 19 32 L
23 0 18 0 R
23 1 5 1 R
23 2 23 2 R
23 3 28 3 R
23 4 7 4 R
23 5 3 15 U
23 6 25 13 U
23 7 9 7 R
23 9 7 5 R
23 10 22 25 L
23 11 20 1 R
23 12 21 12 U
23 13 26 13 U
23 14 25 14 U
23 15 21 15 U
23 16 22 4 R
23 17 20 17 D
23 18 4 18 D
23 19 25 1 R
23 20 22 20 D
23 21 17 21 D
23 22 24 22 D
23 23 23 23 D
23 24 23 24 L
23 25 21 14 U
23 26 23 26 L
23 27 15 16 D
23 28 24 28 L
23 29 8 29 L
23 30 25 30 L
23 32 21 10 U
24 0 22 16 D
24 1 16 1 R
24 2 22 9 U
24 3 18 3 R
24 4 24 4 R
24 6 21 6 R
24 7 18 7 R
24 9 2 6 R
24 10 18 25 L
24 11 24 11 U
24 12 22 32 L
24 13 25 13 U
24 14 24 14 U
24 15 18 0 R
24 16 13 6 R
24 17 23 6 R
24 18 24 1 R
24 19 26 19 D
24 20 21 20 D
24 21 5 1 R
24 22 22 22 D
24 23 10 7 R
24 24 8 1 R
24 25 24 13 U
24 26 13 19 D
24 27 0 7 R
24 28 0 17 D
24 29 21 29 L
24 30 29 11 U
24 32 27 32 L
25 0 24 19 D
25 1 26 18 D
25 2 27 2 R
25 3 26 9 U
25 4 0 25 L
25 6 25 6 R
25 7 24 7 R
25 9 9 9 U
25 10 10 2 R
25 11 22 11 U
25 12 10 12 U
25 13 21 1 R
25 14 21 14 U
25 15 26 29 L
25 16 13 29 L
25 17 19 24 L
25 18 0 12 U
25 19 25 19 D
25 20 19 0 R
25 21 26 26 L
25 22 25 25 L
25 23 17 7 R
25 24 22 11 U
25 25 19 14 U
25 26 23 18 D
25 27 23 27 L
25 28 15 10 U
25 29 28 18 D
25 30 19 30 L
25 32 25 32 L
26 0 21 12 U
26 1 26 1 R
26 2 23 17 D
26 3 27 3 R
26 4 31 4 R
26 6 24 12 U
26 7 26 18 D
26 9 20 0 R
26 10 22 10 U
26 11 21 11 U
26 12 17 27 L
26 13 21 13 U
26 14 23 6 R
26 15 24 15 U
26 16 16 16 D
26 17 19 17 D
26 18 22 2 R
26 19 25 26 L
26 20 19 20 D
26 21 15 2 R
26 22 27 28 L
26 23 10 23 D
26 24 24 19 D
26 25 26 19 D
26 26 23 22 D
26 27 27 27 L
26 28 10 28 L
26 29 26 29 L
26 30 29 30 L
26 32 27 22 D
27 0 23 10 U
27 1 18 1 R
27 2 13 2 R
27 3 6 3 R
27 4 30 4 R
27 6 24 6 R
27 7 21 19 D
27 9 19 6 R
27 10 25 3 R
27 11 0 7 R
27 12 22 27 L
27 13 14 28 L
27 14 20 6 R
27 15 14 15 U
27 16 23 24 L
27 17 27 2 R
27 18 27 3 R
27 19 18 25 L
27 20 4 2 R
27 21 24 30 L
27 22 28 22 D
27 24 26 13 U
27 25 17 16 D
27 26 28 20 D
27 27 22 14 U
27 28 22 10 U
27 29 24 29 L
27 30 28 30 L
27 32 26 32 L
28 0 29 9 U
28 1 4 1 R
28 2 25 2 R
28 3 23 14 U
28 4 21 4 R
28 6 28 9 U
28 7 0 16 D
28 9 24 32 L
28 10 24 3 R
28 11 30 11 U
28 12 29 12 U
28 13 0 24 L
28 14 26 14 U
28 15 22 0 R
28 16 3 16 D
28 17 25 32 L
28 18 21 18 D
28 19 19 8 R
28 20 28 4 R
28 21 25 21 D
28 22 20 22 D
28 24 26 24 L
28 25 21 15 U
28 26 30 26 L
28 27 20 27 L
28 29 0 12 U
28 30 2 30 L
28 32 21 32 L
29 0 30 0 R
29 1 29 11 U
29 3 29 3 R
29 4 29 4 R
29 6 26 22 D
29 9 26 0 R
29 10 29 30 L
29 11 0 22 D
29 12 15 12 U
29 13 27 13 U
29 14 4 14 U
29 15 28 15 U
29 16 22 29 L
29 17 30 3 R
29 18 22 3 R
29 19 26 3 R
29 20 31 20 D
29 22 27 24 L
29 24 27 16 D
29 25 4 25 L
29 26 27 26 L
29 27 23 13 U
29 29 18 13 U
29 30 21 30 L
29 32 24 12 U
30 0 23 16 D
30 3 0 30 L
30 4 22 4 R
30 6 22 6 R
30 9 29 9 U
30 10 30 10 U
30 11 2 11 U
30 12 27 12 U
30 13 4 13 U
30 15 27 15 U
30 16 27 0 R
30 17 28 17 D
30 19 31 3 R
30 20 30 20 D
30 22 19 22 D
30 25 20 25 L
30 26 11 26 L
30 27 0 20 D
30 29 28 29 L
30 30 28 12 U
30 32 22 32 L
31 3 26 3 R
31 4 32 11 U
31 9 29 32 L
31 10 15 1 R
31 11 27 11 U
31 12 28 12 U
31 13 28 6 R
31 15 26 15 U
31 16 29 3 R
31 17 34 17 D
31 20 29 20 D
31 22 23 26 L
31 25 13 25 L
31 26 13 26 L
31 29 30 17 D
31 30 11 10 U
31 32 29 32 L
32 3 31 16 D
32 4 28 4 R
32 10 20 10 U
32 11 28 11 U
32 12 26 4 R
32 16 18 29 L
32 17 33 17 D
32 20 26 30 L
32 22 26 22 D
33 3 29 10 U
33 4 27 4 R
33 11 33 11 U
33 12 31 12 U
33 16 32 16 D
33 22 27 22 D
34 3 32 3 R
34 11 16 27 L
34 12 30 12 U

