15 15 199
0 0 2 10 0 0 9 7 10 0 9
9 0 4 0 7 5 0 10 0 7 1
0 0 0 0 0 0 0 0 0 0 0
0 4 8 0 0 12 0 0 2 14 0
7 0 12 5 1 7 0 0 0 11 0
7 0 0 0 10 11 0 0 13 0 0
4 8 11 0 0 0 0 11 0 0 0
3 0 8 0 3 8 11 0 0 11 0
9 0 0 10 13 0 6 0 0 0 0
0 9 7 1 8 0 2 0 0 0 0
3 3 0 0 13 0 1 8 14 13 14
0 0 0 0 U
0 1 0 1 U
0 2 0 2 U
0 3 0 3 U
0 4 0 4 R
0 5 0 5 R
0 6 0 6 R
0 7 0 7 D
0 8 0 8 D
0 9 0 9 D
0 10 0 10 D
0 11 0 11 D
0 12 0 12 L
0 13 0 13 L
0 14 0 14 L
1 0 11 4 R
1 1 0 13 L
1 2 3 2 U
1 3 2 3 U
1 4 3 7 D
1 5 4 2 U
1 6 2 10 D
1 7 0 12 L
1 8 0 5 R
1 9 6 1 U
1 10 3 10 D
1 11 9 13 L
1 12 7 0 U
1 13 13 3 U
1 14 0 8 D
2 0 0 12 L
2 1 6 9 D
2 2 0 6 R
2 3 0 8 D
2 4 9 4 R
2 5 9 3 U
2 6 11 7 D
2 7 5 6 R
2 8 1 8 D
2 9 1 14 L
2 10 5 13 L
2 11 10 11 D
2 12 5 3 U
2 13 1 7 D
2 14 12 0 U
3 0 13 14 L
3 1 11 7 D
3 2 0 11 D
3 3 10 3 U
3 4 0 13 L
3 5 7 0 U
3 6 1 10 D
3 7 1 14 L
3 8 11 4 R
3 9 0 4 R
3 10 0 1 U
3 11 10 11 D
3 12 13 10 D
3 13 1 13 L
3 14 4 9 D
4 0 10 5 R
4 1 3 7 D
4 2 2 11 D
4 3 5 12 L
4 4 12 8 D
4 5 5 5 R
4 6 11 6 R
4 7 8 14 L
4 8 14 14 L
4 9 9 9 D
4 10 6 6 R
4 11 2 4 R
4 12 0 4 R
4 13 3 9 D
4 14 3 9 D
5 0 4 6 R
5 1 4 6 R
5 2 12 2 U
5 3 7 8 D
5 4 0 7 D
5 5 13 7 D
5 6 9 9 D
5 7 4 13 L
5 8 13 5 R
5 9 2 5 R
5 10 2 10 D
5 11 7 13 L
5 12 7 1 U
5 13 6 7 D
5 14 1 10 D
6 0 4 12 L
6 1 2 1 U
6 2 11 4 R
6 3 5 6 R
6 4 14 0 U
6 5 0 9 D
6 6 7 14 L
6 7 0 14 L
6 8 0 13 L
6 9 10 12 L
6 10 3 2 U
6 11 8 11 D
6 12 11 9 D
6 13 13 13 L
6 14 5 2 U
7 0 9 4 R
7 1 3 6 R
7 2 12 12 L
7 3 4 10 D
7 4 0 8 D
7 6 8 0 U
7 7 6 12 L
7 8 5 4 R
7 9 5 5 R
7 10 0 6 R
7 12 4 1 U
7 13 11 0 U
7 14 8 10 D
8 0 10 13 L
8 1 7 12 L
8 2 5 4 R
8 3 6 3 U
8 4 5 1 U
8 5 0 12 L
8 6 0 3 U
8 7 6 13 L
8 8 1 0 U
8 9 6 6 R
8 10 9 6 R
8 12 0 0 U
8 13 3 13 L
8 14 6 0 U
9 0 3 7 D
9 1 0 4 R
9 2 3 13 L
9 4 7 8 D
9 5 7 3 U
9 6 5 9 D
9 7 1 4 R
9 8 6 8 D
9 9 13 9 D
9 10 1 10 D
9 12 12 2 U
9 13 0 6 R
9 14 2 8 D
10 0 0 14 L
10 1 9 1 U
10 2 9 8 D
10 3 12 3 U
10 4 4 14 L
10 5 5 9 D
10 6 5 7 D
10 7 6 2 U
10 8 5 8 D
10 9 6 13 L
10 10 2 12 L
10 12 0 5 R
10 13 12 2 U
10 14 3 1 U
11 0 4 0 U
11 3 3 3 U
11 4 3 4 R
11 5 6 5 R
11 6 4 11 D
11 7 4 12 L
11 8 2 1 U
11 9 5 9 D
11 10 1 10 D
11 12 0 1 U
11 13 0 7 D
11 14 6 7 D
12 0 7 12 L
12 1 8 14 L
12 2 3 2 U
12 4 0 0 U
12 6 0 1 U
12 7 8 7 D
12 8 2 13 L
12 9 7 14 L
12 11 1 11 D
12 12 8 1 U
12 13 10 9 D
13 0 3 14 L
13 1 0 5 R
13 3 9 5 R
13 4 6 1 U
13 5 9 7 D
13 6 7 3 U
13 7 0 0 U
13 8 1 8 D
13 9 10 13 L
13 10 10 10 D
13 12 4 8 D
13 13 4 5 R
14 0 2 0 U
14 4 6 9 D
14 7 10 0 U
14 8 0 2 U
14 13 7 0 U

