14 13 156
13 0 0 0 1 0 4 0 0 0 0 5 10 13 7 0
0 5 0 8 8 0 13 0 0 1 1 9 0 8 5 0
0 0 4 0 0 2 0 1 0 0 0 0 4 3 0 4
0 0 8 0 8 2 0 0 0 0 6 3 0 0 10 0
0 0 10 0 7 0 5 0 7 12 0 0 0 7 0 4
11 0 0 0 0 4 0 9 0 8 0 0 10 0 12 0
11 0 2 3 0 0 0 5 2 0 0 0 0 0 0 0
0 10 5 0 10 5 0 0 0 2 0 11 7 0 0 4
0 0 0 0 4 0 0 2 0 0 0 5 0 0 0 0
0 7 2 1 2 0 0 13 0 13 0 9 0 0 2 7
12 0 0 8 0 0 0 13 0 0 0 0 0 7 1 2
2 0 0 6 0 8 0 12 0 6 0 4 0 2 0 0
0 0 0 0 0 0 0 12 0 10 5 1 5 0 7 0
0 0 0 0 11 5 0 0 5 0 0 0 5 0 0 0
0 0 10 13 11 0 1 7 0 5 1 7 7 6 0 0
6 0 0 5 5 5 9 0 0 0 0 3 0 9 3 11
0 0 0 0 U
0 1 0 1 U
0 2 0 2 U
0 3 0 3 U
0 4 0 4 R
0 5 0 5 R
0 6 0 6 R
0 7 0 7 D
0 8 0 8 D
0 9 0 9 D
0 10 0 10 L
0 11 0 11 L
0 12 0 12 L
1 0 0 8 D
1 1 3 10 L
1 2 7 2 U
1 3 0 6 R
1 4 9 4 R
1 5 4 8 D
1 6 9 1 U
1 7 5 11 L
1 8 10 4 R
1 9 3 9 D
1 10 0 2 U
1 11 0 8 D
1 12 10 1 U
2 0 1 0 U
2 1 5 11 L
2 2 1 10 L
2 4 0 8 D
2 5 6 5 R
2 6 10 6 R
2 7 4 7 D
2 8 7 8 D
2 9 0 10 L
2 10 7 8 D
2 11 5 0 U
2 12 8 12 L
3 0 0 12 L
3 1 6 11 L
3 2 0 7 D
3 3 0 9 D
3 4 0 7 D
3 5 4 0 U
3 6 6 6 R
3 7 1 4 R
3 8 0 0 U
3 9 0 2 U
3 10 1 7 D
3 11 1 11 L
3 12 8 12 L
4 0 0 11 L
4 1 0 10 L
4 2 1 2 U
4 4 7 10 L
4 5 1 5 R
4 6 0 1 U
4 7 5 4 R
4 8 6 8 D
4 9 0 11 L
4 10 0 7 D
4 11 2 11 L
4 12 8 9 D
5 0 0 4 R
5 1 3 1 U
5 2 0 9 D
5 4 0 1 U
5 5 1 5 R
5 6 0 0 U
5 7 10 11 L
5 8 0 4 R
5 9 9 12 L
5 10 3 3 U
5 11 2 2 U
5 12 0 9 D
6 0 1 5 R
6 1 10 7 D
6 2 1 2 U
6 4 8 0 U
6 5 1 5 R
6 7 3 4 R
6 8 0 12 L
6 9 9 9 D
6 10 5 4 R
6 11 7 9 D
6 12 0 5 R
7 0 0 5 R
7 1 2 11 L
7 2 1 2 U
7 4 5 2 U
7 5 0 11 L
7 6 0 12 L
7 7 2 5 R
7 8 0 6 R
7 9 11 6 R
7 10 2 10 L
7 11 0 6 R
7 12 8 12 L
8 0 2 11 L
8 1 2 1 U
8 4 3 9 D
8 5 0 9 D
8 6 4 6 R
8 7 0 5 R
8 8 0 10 L
8 9 6 4 R
8 10 10 7 D
8 11 9 2 U
8 12 11 12 L
9 0 6 5 R
9 2 2 2 U
9 3 1 3 U
9 4 0 10 L
9 5 2 5 R
9 6 2 6 R
9 7 0 6 R
9 8 5 0 U
9 9 0 1 U
9 10 4 8 D
9 11 2 4 R
9 12 7 5 R
10 0 2 12 L
10 1 9 5 R
10 2 1 2 U
10 4 2 4 R
10 5 9 5 R
10 6 7 7 D
10 7 1 12 L
10 8 7 8 D
10 9 5 10 L
10 10 0 0 U
10 11 0 4 R
10 12 9 12 L
11 0 12 8 D
11 1 5 6 R
11 4 2 2 U
11 5 10 8 D
11 6 5 6 R
11 7 7 7 D
11 8 0 1 U
11 10 2 0 U
11 11 8 0 U
11 12 5 3 U
12 0 5 0 U
12 1 4 1 U
12 5 9 11 L
12 7 1 7 D
12 8 3 8 D
12 10 5 1 U
12 11 8 1 U
13 0 3 7 D
13 1 9 4 R
13 5 2 7 D
13 8 11 11 L
13 10 12 10 L
13 11 8 6 R

