32 45 1338
0 0 0 1 0 28 9 0 7 29 10 7 19 0 27 19 13 26 27 27
6 0 5 14 16 29 24 10 10 27 24 27 12 7 0 10 0 6 6 0
26 6 14 26 13 26 28 22 13 25 25 0 20 11 24 0 10 7 0 26
0 10 12 5 6 0 0 0 0 26 16 0 0 19 0 12 0 6 16 4
0 2 25 0 0 0 0 6 10 23 0 28 21 0 23 0 17 0 20 15
27 17 0 1 0 0 11 22 21 0 23 8 0 0 24 25 0 12 29 23
28 27 23 29 26 30 14 22 14 30 0 27 0 26 0 27 0 29 27 28
17 19 0 23 0 22 0 0 23 0 24 25 0 0 21 0 26 30 0 0
26 11 18 27 27 0 24 0 0 0 26 0 22 16 0 0 25 0 0 27
17 16 24 6 13 0 0 24 5 23 0 28 4 21 25 9 0 0 0 0
13 0 3 0 29 30 0 22 30 29 27 23 0 4 29 27 0 29 0 0
2 7 23 22 0 29 0 24 0 25 23 0 22 18 25 13 29 28 0 0
17 18 0 13 30 24 26 27 18 0 27 28 29 31 11 7 7 4 0 0
11 7 12 12 27 21 16 17 23 0 0 30 21 0 8 0 23 10 0 0
0 4 22 16 0 23 20 24 0 0 26 26 23 24 0 23 22 15 0 0
11 4 0 12 30 21 23 0 13 30 23 27 0 23 0 28 23 22 0 0
0 0 14 7 4 20 0 28 0 29 0 0 25 25 23 14 13 0 0 0
20 0 21 14 0 21 27 0 24 0 27 0 28 26 24 1 0 0 0 0
0 5 14 0 15 13 0 20 18 0 26 0 25 27 20 0 21 0 0 0
0 0 2 26 0 13 0 0 15 18 25 12 13 17 4 21 14 25 28 30
0 0 0 0 U
0 1 0 1 U
0 2 0 2 U
0 3 0 3 U
0 4 0 4 U
0 5 0 5 U
0 6 0 6 U
0 7 0 7 U
0 8 0 8 U
0 9 0 9 U
0 10 0 10 R
0 11 0 11 R
0 12 0 12 R
0 13 0 13 R
0 14 0 14 R
0 15 0 15 R
0 16 0 16 R
0 17 0 17 R
0 18 0 18 R
0 19 0 19 R
0 20 0 20 R
0 21 0 21 R
0 22 0 22 R
0 23 0 23 D
0 24 0 24 D
0 25 0 25 D
0 26 0 26 D
0 27 0 27 D
0 28 0 28 D
0 29 0 29 D
0 30 0 30 D
0 31 0 31 D
0 32 0 32 D
0 33 0 33 L
0 34 0 34 L
0 35 0 35 L
0 36 0 36 L
0 37 0 37 L
0 38 0 38 L
0 39 0 39 L
0 40 0 40 L
0 41 0 41 L
0 42 0 42 L
0 43 0 43 L
0 44 0 44 L
1 0 0 23 D
1 1 0 10 R
1 2 1 11 R
1 3 2 36 L
1 4 0 16 R
1 5 3 37 L
1 6 1 40 L
1 7 0 20 R
1 8 0 43 L
1 9 4 22 R
1 10 0 23 D
1 11 2 23 D
1 12 0 25 D
1 13 0 2 U
1 14 0 24 D
1 15 4 25 D
1 16 2 2 U
1 17 2 4 U
1 18 0 30 D
1 19 3 29 D
1 20 4 6 U
1 21 2 31 D
1 22 3 8 U
1 23 0 33 L
1 24 0 10 R
1 25 0 2 U
1 26 0 13 R
1 27 2 12 R
1 28 1 35 L
1 29 0 40 L
1 30 0 5 U
1 31 2 19 R
1 32 4 44 L
1 33 0 24 D
1 34 0 2 U
1 35 0 26 D
1 36 0 1 U
1 37 2 2 U
1 38 3 26 D
1 39 4 23 D
1 40 2 27 D
1 41 0 4 U
1 42 0 18 R
1 43 0 7 U
1 44 3 8 U
2 0 1 0 U
2 1 0 33 L
2 2 0 12 R
2 3 2 3 U
2 4 3 4 U
2 5 2 40 L
2 6 4 6 U
2 7 3 43 L
2 8 1 8 U
2 9 0 22 R
2 10 0 0 U
2 11 0 33 L
2 12 0 34 L
2 13 0 35 L
2 14 2 14 R
2 15 2 15 R
2 16 1 16 R
2 17 3 17 R
2 18 1 18 R
2 19 2 19 R
2 20 4 20 R
2 21 3 21 R
2 22 0 44 L
2 23 0 1 U
2 24 0 11 R
2 25 1 25 D
2 26 1 14 R
2 27 2 27 D
2 28 2 28 D
2 29 3 5 U
2 30 3 30 D
2 31 0 41 L
2 32 1 22 R
2 33 0 1 U
2 34 0 0 U
2 35 1 35 L
2 36 2 36 L
2 37 2 37 L
2 38 3 38 L
2 39 4 39 L
2 40 4 40 L
2 41 3 41 L
2 42 2 42 L
2 43 4 43 L
2 44 3 44 L
3 0 0 13 R
3 1 2 36 L
3 2 1 10 R
3 3 0 24 D
3 4 3 36 L
3 5 0 41 L
3 6 1 41 L
3 7 4 7 U
3 8 2 21 R
3 9 2 9 U
3 10 2 3 U
3 11 0 1 U
3 12 3 12 R
3 13 3 13 R
3 14 3 14 R
3 15 1 15 R
3 16 0 24 D
3 17 3 26 D
3 18 2 18 R
3 19 3 19 R
3 20 0 7 U
3 21 0 7 U
3 22 3 22 R
3 23 3 23 D
3 24 0 37 L
3 25 2 0 U
3 26 2 26 D
3 27 3 27 D
3 28 3 28 D
3 29 2 29 D
3 30 4 19 R
3 31 1 8 U
3 32 4 32 D
3 33 1 27 D
3 34 1 34 L
3 35 2 35 L
3 36 0 11 R
3 37 1 37 L
3 38 1 38 L
3 39 0 0 U
3 40 3 29 D
3 41 2 6 U
3 42 0 30 D
3 43 3 43 L
3 44 2 9 U
4 0 3 38 L
4 1 0 14 R
4 2 0 39 L
4 3 2 15 R
4 4 0 17 R
4 5 0 18 R
4 6 0 29 D
4 7 4 21 R
4 8 2 44 L
4 9 0 13 R
4 10 1 25 D
4 11 1 11 R
4 12 1 3 U
4 13 0 28 D
4 14 0 1 U
4 15 3 15 R
4 16 2 5 U
4 17 4 29 D
4 18 4 6 U
4 19 1 29 D
4 20 1 31 D
4 21 1 21 R
4 22 4 32 D
4 23 0 34 L
4 24 0 39 L
4 25 4 25 D
4 26 1 36 L
4 27 1 17 R
4 28 1 28 D
4 29 0 42 L
4 30 0 20 R
4 31 4 22 R
4 32 0 18 R
4 33 0 3 U
4 34 0 11 R
4 35 0 16 R
4 36 0 4 U
4 37 0 4 U
4 38 2 38 L
4 39 3 39 L
4 40 1 5 U
4 41 0 20 R
4 42 1 42 L
4 43 0 31 D
4 44 3 31 D
5 0 2 33 L
5 1 3 10 R
5 2 6 34 L
5 3 2 11 R
5 4 1 13 R
5 5 8 14 R
5 6 3 34 L
5 7 8 39 L
5 8 1 33 L
5 9 1 9 U
5 10 4 0 U
5 11 5 26 D
5 12 1 0 U
5 13 0 36 L
5 14 0 9 U
5 15 1 1 U
5 16 7 26 D
5 17 1 32 D
5 18 0 33 L
5 19 8 2 U
5 20 5 2 U
5 21 7 31 D
5 22 5 8 U
5 23 1 10 R
5 24 0 1 U
5 25 5 36 L
5 26 3 8 U
5 27 6 12 R
5 28 5 18 R
5 29 4 15 R
5 30 6 12 R
5 31 2 7 U
5 32 0 35 L
5 33 1 9 U
5 34 0 10 R
5 35 1 1 U
5 36 0 20 R
5 37 0 15 R
5 38 4 2 U
5 39 0 1 U
5 40 7 6 U
5 41 3 26 D
5 42 3 30 D
5 43 2 43 L
5 44 0 22 R
6 0 0 35 L
6 1 0 34 L
6 2 0 25 D
6 3 7 42 L
6 4 8 4 U
6 5 7 5 U
6 6 5 6 U
6 7 6 16 R
6 8 9 16 R
6 9 4 39 L
6 10 4 23 D
6 11 6 11 R
6 12 5 25 D
6 13 6 13 R
6 14 3 0 U
6 15 3 27 D
6 16 0 31 D
6 17 5 17 R
6 18 7 18 R
6 19 8 19 R
6 20 7 6 U
6 21 2 21 R
6 22 9 22 R
6 23 2 10 R
6 24 6 24 D
6 25 4 14 R
6 26 0 35 L
6 27 4 27 D
6 28 6 28 D
6 29 6 29 D
6 30 5 30 D
6 31 9 31 D
6 32 8 32 D
6 33 2 33 L
6 34 6 34 L
6 35 4 35 L
6 36 0 27 D
6 37 3 37 L
6 38 6 38 L
6 39 5 39 L
6 40 2 40 L
6 41 7 41 L
6 42 5 42 L
6 43 7 43 L
6 44 7 44 L
7 0 7 0 U
7 1 6 39 L
7 2 2 10 R
7 3 0 10 R
7 4 6 4 U
7 5 2 5 U
7 6 0 13 R
7 7 5 34 L
7 8 6 8 U
7 9 6 43 L
7 10 6 9 U
7 11 5 3 U
7 12 6 27 D
7 13 0 37 L
7 14 5 14 R
7 15 4 15 R
7 16 6 16 R
7 17 6 17 R
7 18 6 18 R
7 19 7 24 D
7 20 7 20 R
7 21 5 21 R
7 22 5 22 R
7 23 4 38 L
7 24 3 24 D
7 25 2 42 L
7 26 7 26 D
7 27 7 36 L
7 28 0 33 L
7 29 5 29 D
7 30 6 30 D
7 31 5 8 U
7 32 3 32 D
7 33 1 24 D
7 34 0 28 D
7 35 2 25 D
7 36 2 11 R
7 37 5 37 L
7 38 4 38 L
7 39 0 24 D
7 40 6 40 L
7 41 6 41 L
7 42 1 2 U
7 43 0 25 D
7 44 8 44 L
8 0 7 11 R
8 1 8 36 L
8 2 8 13 R
8 3 6 3 U
8 4 6 15 R
8 5 8 5 U
8 6 6 6 U
8 7 8 7 U
8 8 9 8 U
8 9 7 9 U
8 10 7 40 L
8 11 6 3 U
8 12 7 35 L
8 13 8 1 U
8 14 2 43 L
8 15 5 5 U
8 16 9 16 R
8 17 2 17 R
8 18 5 27 D
8 19 0 34 L
8 20 9 9 U
8 21 4 21 R
8 22 4 22 R
8 23 8 10 R
8 24 7 43 L
8 25 3 19 R
8 26 7 20 R
8 27 5 0 U
8 28 8 28 D
8 29 6 7 U
8 30 7 30 D
8 31 9 34 L
8 32 3 38 L
8 33 5 6 U
8 34 5 32 D
8 35 6 0 U
8 36 7 29 D
8 37 6 30 D
8 38 2 26 D
8 39 8 4 U
8 40 7 40 L
8 41 5 41 L
8 42 8 1 U
8 43 5 43 L
8 44 6 44 L
9 0 8 33 L
9 1 8 10 R
9 2 9 37 L
9 3 6 19 R
9 4 1 4 U
9 5 0 19 R
9 6 2 12 R
9 7 4 36 L
9 8 6 41 L
9 9 9 9 U
9 10 8 0 U
9 11 6 42 L
9 12 6 7 U
9 13 7 32 D
9 14 8 14 R
9 15 7 5 U
9 16 11 5 U
9 17 4 17 R
9 18 5 31 D
9 19 6 19 R
9 20 8 20 R
9 21 14 24 D
9 22 6 34 L
9 23 6 13 R
9 24 9 11 R
9 25 4 39 L
9 26 5 21 R
9 27 5 44 L
9 28 7 18 R
9 29 7 10 R
9 30 11 34 L
9 31 14 3 U
9 32 9 32 D
9 33 5 4 U
9 34 7 3 U
9 35 8 24 D
9 36 8 25 D
9 37 7 37 L
9 38 4 6 U
9 39 9 23 D
9 40 8 27 D
9 41 9 29 D
9 42 8 42 L
9 43 8 28 D
9 44 3 2 U
10 0 6 20 R
10 1 4 43 L
10 2 2 14 R
10 3 5 19 R
10 4 0 32 D
10 5 0 16 R
10 6 10 11 R
10 7 0 27 D
10 8 0 38 L
10 9 7 13 R
10 10 8 8 U
10 11 11 25 D
10 12 4 2 U
10 13 6 23 D
10 14 10 14 R
10 15 6 8 U
10 16 13 16 R
10 17 0 25 D
10 18 0 23 D
10 19 11 23 D
10 20 0 36 L
10 21 12 21 R
10 22 7 22 R
10 23 7 44 L
10 24 0 22 R
10 25 10 33 L
10 26 0 0 U
10 27 12 39 L
10 28 9 44 L
10 29 13 12 R
10 30 2 30 D
10 31 18 42 L
10 32 8 33 L
10 33 11 24 D
10 34 9 34 L
10 35 11 26 D
10 36 14 29 D
10 37 7 0 U
10 38 2 0 U
10 39 9 39 L
10 40 10 26 D
10 41 14 4 U
10 42 2 3 U
10 43 20 4 U
10 44 9 44 L
11 0 10 0 U
11 1 9 10 R
11 2 6 2 U
11 3 6 35 L
11 4 12 4 U
11 5 10 17 R
11 6 5 16 R
11 7 13 7 U
11 8 12 35 L
11 9 4 9 U
11 10 0 6 U
11 11 11 11 R
11 12 13 12 R
11 13 10 13 R
11 14 12 25 D
11 15 11 15 R
11 16 10 16 R
11 17 10 17 R
11 18 4 18 R
11 19 9 19 R
11 20 13 20 R
11 21 13 21 R
11 22 12 24 D
11 23 7 2 U
11 24 10 1 U
11 25 8 3 U
11 26 12 26 D
11 27 10 12 R
11 28 9 28 D
11 29 11 29 D
11 30 10 30 D
11 31 17 31 D
11 32 6 32 D
11 33 8 29 D
11 34 10 2 U
11 35 10 35 L
11 36 11 36 L
11 37 12 29 D
11 38 12 0 U
11 39 0 6 U
11 40 9 40 L
11 41 14 41 L
11 42 12 42 L
11 43 21 43 L
11 44 6 28 D
12 0 11 11 R
12 1 10 16 R
12 2 11 2 U
12 3 9 39 L
12 4 11 4 U
12 5 6 5 U
12 6 13 15 R
12 7 12 7 U
12 8 11 38 L
12 9 10 9 U
12 10 3 23 D
12 11 9 34 L
12 12 0 3 U
12 13 9 13 R
12 14 13 14 R
12 15 0 30 D
12 16 7 16 R
12 17 12 17 R
12 18 10 27 D
12 19 1 42 L
12 20 12 20 R
12 21 9 21 R
12 22 12 31 D
12 23 12 13 R
12 24 10 11 R
12 25 4 9 U
12 26 2 14 R
12 27 6 13 R
12 28 8 38 L
12 29 13 29 D
12 30 14 30 D
12 31 16 14 R
12 32 11 32 D
12 33 12 23 D
12 34 8 1 U
12 35 4 32 D
12 36 13 36 L
12 37 16 5 U
12 38 11 38 L
12 39 11 39 L
12 40 11 40 L
12 41 12 41 L
12 42 0 5 U
12 43 16 30 D
12 44 9 5 U
13 0 12 10 R
13 1 10 38 L
13 2 0 33 L
13 3 10 3 U
13 4 9 4 U
13 5 12 5 U
13 6 7 41 L
13 7 6 7 U
13 8 13 8 U
13 9 3 15 R
13 10 10 4 U
13 11 9 23 D
13 12 9 6 U
13 13 12 27 D
13 14 6 14 R
13 15 7 15 R
13 16 12 23 D
13 17 14 3 U
13 18 12 18 R
13 19 11 19 R
13 20 17 30 D
13 21 10 21 R
13 22 18 22 R
13 23 6 14 R
13 24 11 33 L
13 25 8 40 L
13 26 8 26 D
13 27 10 27 D
13 28 0 19 R
13 29 13 16 R
13 30 17 35 L
13 31 15 14 R
13 32 5 20 R
13 33 13 12 R
13 34 0 8 U
13 35 11 35 L
13 36 10 36 L
13 37 17 37 L
13 38 0 7 U
13 39 8 8 U
13 40 1 40 L
13 41 13 41 L
13 42 10 42 L
13 43 16 43 L
13 44 15 27 D
14 0 13 10 R
14 1 11 39 L
14 2 0 21 R
14 3 12 34 L
14 4 0 26 D
14 5 1 17 R
14 6 3 6 U
14 7 0 15 R
14 8 0 41 L
14 9 11 9 U
14 10 10 7 U
14 11 11 0 U
14 12 0 6 U
14 13 10 29 D
14 14 3 27 D
14 15 14 30 D
14 16 13 25 D
14 17 14 17 R
14 18 11 29 D
14 19 13 4 U
14 20 17 20 R
14 21 6 21 R
14 22 12 22 R
14 23 10 14 R
14 24 11 1 U
14 25 14 42 L
14 26 5 11 R
14 27 17 10 R
14 28 14 28 D
14 29 12 29 D
14 30 18 30 D
14 31 20 31 D
14 32 16 15 R
14 33 13 26 D
14 34 7 34 L
14 35 0 13 R
14 36 0 19 R
14 37 16 37 L
14 38 13 28 D
14 39 13 7 U
14 40 13 6 U
14 41 9 41 L
14 42 3 21 R
14 43 15 43 L
14 44 1 17 R
15 0 2 41 L
15 1 14 10 R
15 2 12 33 L
15 3 15 33 L
15 4 7 33 L
15 5 11 12 R
15 6 12 6 U
15 7 14 39 L
15 8 15 8 U
15 9 14 9 U
15 10 15 25 D
15 11 2 1 U
15 12 0 35 L
15 13 7 4 U
15 14 6 30 D
15 15 0 34 L
15 16 0 28 D
15 17 15 3 U
15 18 20 18 R
15 19 13 19 R
15 20 16 20 R
15 21 0 34 L
15 22 17 22 R
15 23 15 33 L
15 24 10 19 R
15 25 12 25 D
15 26 0 44 L
15 27 16 27 D
15 28 18 34 L
15 29 8 34 L
15 30 16 30 D
15 31 18 31 D
15 32 16 32 D
15 33 14 10 R
15 34 1 7 U
15 35 6 23 D
15 36 15 36 L
15 37 17 6 U
15 38 17 17 R
15 39 17 30 D
15 40 10 1 U
15 41 12 23 D
15 42 14 42 L
15 43 14 43 L
15 44 17 44 L
16 0 16 36 L
16 1 15 34 L
16 2 16 36 L
16 3 13 38 L
16 4 0 33 L
16 5 14 5 U
16 6 18 6 U
16 7 13 22 R
16 8 14 40 L
16 9 13 33 L
16 10 12 29 D
16 11 17 23 D
16 12 16 12 R
16 13 16 28 D
16 14 0 3 U
16 15 11 25 D
16 16 14 16 R
16 17 15 24 D
16 18 19 18 R
16 19 15 23 D
16 20 14 20 R
16 21 18 21 R
16 22 16 22 R
16 23 15 10 R
16 24 12 5 U
16 25 14 33 L
16 26 14 17 R
16 27 18 27 D
16 28 18 28 D
16 29 17 16 R
16 30 15 30 D
16 31 19 31 D
16 32 15 32 D
16 33 12 9 U
16 34 11 1 U
16 35 12 35 L
16 36 7 26 D
16 37 15 37 L
16 38 12 38 L
16 39 16 39 L
16 40 19 40 L
16 41 2 32 D
16 42 16 42 L
16 43 13 43 L
16 44 19 44 L
17 0 16 0 U
17 1 17 36 L
17 2 18 2 U
17 3 0 14 R
17 4 17 4 U
17 5 18 13 R
17 6 5 37 L
17 7 16 7 U
17 8 19 34 L
17 9 15 9 U
17 10 16 25 D
17 11 17 1 U
17 12 15 12 R
17 13 16 4 U
17 14 0 8 U
17 15 10 15 R
17 16 16 16 R
17 17 15 17 R
17 18 18 18 R
17 19 18 27 D
17 20 3 30 D
17 21 15 8 U
17 22 15 22 R
17 23 11 44 L
17 24 16 24 D
17 25 11 20 R
17 26 18 13 R
17 27 17 27 D
17 28 17 28 D
17 29 16 13 R
17 30 0 6 U
17 31 16 31 D
17 32 10 32 D
17 33 16 0 U
17 34 17 34 L
17 35 16 1 U
17 36 11 0 U
17 37 6 37 L
17 38 18 38 L
17 39 15 39 L
17 40 0 15 R
17 41 16 41 L
17 42 4 9 U
17 43 12 43 L
17 44 20 44 L
18 0 14 34 L
18 1 18 12 R
18 2 16 2 U
18 3 3 39 L
18 4 18 35 L
18 5 18 37 L
18 6 14 37 L
18 7 10 43 L
18 8 14 35 L
18 9 3 9 U
18 10 13 0 U
18 11 15 2 U
18 12 13 26 D
18 13 17 29 D
18 14 11 31 D
18 15 18 31 D
18 16 15 28 D
18 17 16 26 D
18 18 21 26 D
18 19 17 19 R
18 20 19 20 R
18 21 16 21 R
18 22 8 22 R
18 23 15 11 R
18 24 14 11 R
18 25 15 25 D
18 26 15 21 R
18 27 0 15 R
18 28 13 37 L
18 29 7 29 D
18 30 12 20 R
18 31 8 31 D
18 32 18 16 R
18 33 0 17 R
18 34 12 3 U
18 35 6 3 U
18 36 18 36 L
18 37 16 1 U
18 38 17 38 L
18 39 10 39 L
18 40 20 40 L
18 41 12 0 U
18 42 4 42 L
18 43 21 0 U
18 44 18 44 L
19 0 18 36 L
19 1 17 12 R
19 2 15 20 R
19 3 20 11 R
19 4 16 4 U
19 5 16 20 R
19 6 11 15 R
19 7 12 19 R
19 8 19 8 U
19 9 15 18 R
19 10 19 33 L
19 11 15 11 R
19 12 2 37 L
19 13 17 33 L
19 14 18 29 D
19 15 4 28 D
19 16 11 16 R
19 17 16 1 U
19 18 16 18 R
19 19 16 19 R
19 20 16 1 U
19 21 17 8 U
19 22 16 26 D
19 23 18 38 L
19 24 20 13 R
19 25 17 25 D
19 26 12 8 U
19 27 19 18 R
19 28 13 39 L
19 29 13 36 L
19 30 20 16 R
19 31 24 22 R
19 32 23 22 R
19 33 18 5 U
19 34 16 3 U
19 35 18 4 U
19 36 20 0 U
19 37 12 25 D
19 38 14 4 U
19 39 11 13 R
19 40 15 5 U
19 41 18 41 L
19 42 13 42 L
19 44 17 11 R
20 0 17 10 R
20 1 19 33 L
20 2 17 2 U
20 3 20 35 L
20 4 15 4 U
20 5 20 40 L
20 6 21 15 R
20 7 20 7 U
20 8 17 34 L
20 9 28 9 U
20 10 17 0 U
20 11 20 1 U
20 12 20 12 R
20 13 1 24 D
20 14 17 5 U
20 15 0 43 L
20 16 17 16 R
20 17 20 3 U
20 18 21 18 R
20 19 15 19 R
20 20 11 8 U
20 21 19 8 U
20 22 19 22 R
20 23 15 0 U
20 24 19 24 D
20 25 2 25 D
20 26 12 14 R
20 27 21 27 D
20 28 19 12 R
20 29 20 40 L
20 30 20 30 D
20 31 24 31 D
20 32 19 44 L
20 33 18 3 U
20 34 19 34 L
20 35 19 8 U
20 36 0 21 R
20 37 13 37 L
20 38 8 31 D
20 39 20 39 L
20 40 0 17 R
20 41 15 28 D
20 42 19 42 L
20 44 24 44 L
21 0 20 42 L
21 1 20 10 R
21 2 18 14 R
21 3 19 13 R
21 4 17 44 L
21 5 16 42 L
21 6 21 38 L
21 7 19 7 U
21 8 2 33 L
21 9 17 9 U
21 10 20 0 U
21 11 4 11 R
21 12 19 24 D
21 13 18 2 U
21 14 14 37 L
21 15 21 6 U
21 16 21 27 D
21 17 22 17 R
21 18 14 33 L
21 19 14 19 R
21 20 25 30 D
21 21 20 21 R
21 22 11 22 R
21 23 0 36 L
21 24 11 11 R
21 25 18 41 L
21 26 16 18 R
21 27 0 7 U
21 28 19 28 D
21 29 0 11 R
21 30 13 1 U
21 31 0 9 U
21 32 29 14 R
21 33 9 6 U
21 34 18 7 U
21 35 24 5 U
21 36 7 36 L
21 37 19 30 D
21 38 16 6 U
21 39 0 18 R
21 40 12 40 L
21 41 17 41 L
21 42 21 29 D
21 44 14 44 L
22 0 21 10 R
22 1 20 1 U
22 2 23 15 R
22 3 12 37 L
22 4 23 33 L
22 5 17 19 R
22 6 10 35 L
22 7 12 37 L
22 8 21 8 U
22 9 26 9 U
22 10 21 23 D
22 11 22 23 D
22 12 23 24 D
22 13 25 28 D
22 14 28 2 U
22 15 22 3 U
22 16 2 3 U
22 17 25 1 U
22 18 20 0 U
22 19 9 38 L
22 20 25 20 R
22 21 7 21 R
22 22 25 25 D
22 23 21 36 L
22 24 21 10 R
22 25 19 11 R
22 26 25 37 L
22 27 20 12 R
22 28 23 42 L
22 29 21 29 D
22 30 22 30 D
22 31 28 31 D
22 32 23 32 D
22 33 12 28 D
22 34 20 24 D
22 35 21 28 D
22 36 22 36 L
22 37 18 2 U
22 38 24 7 U
22 39 23 39 L
22 40 23 31 D
22 41 25 8 U
22 42 0 16 R
22 44 15 44 L
23 0 24 10 R
23 1 22 34 L
23 2 21 37 L
23 3 0 36 L
23 4 23 4 U
23 5 24 5 U
23 6 26 38 L
23 7 25 7 U
23 8 28 40 L
23 9 25 35 L
23 10 22 8 U
23 11 21 11 R
23 12 24 12 R
23 13 25 13 R
23 14 29 14 R
23 15 23 15 R
23 16 21 16 R
23 17 0 5 U
23 18 22 18 R
23 19 24 19 R
23 20 26 20 R
23 21 8 24 D
23 22 21 22 R
23 23 22 17 R
23 24 24 18 R
23 25 23 25 D
23 26 9 6 U
23 27 11 27 D
23 28 20 28 D
23 29 26 29 D
23 30 23 12 R
23 31 14 31 D
23 32 28 32 D
23 33 21 33 L
23 34 21 11 R
23 35 26 27 D
23 36 23 23 D
23 37 25 37 L
23 38 24 38 L
23 39 17 29 D
23 40 21 40 L
23 41 25 41 L
23 42 25 42 L
23 44 21 44 L
24 0 20 43 L
24 1 23 1 U
24 2 19 21 R
24 3 22 33 L
24 4 25 34 L
24 5 0 12 R
24 6 27 35 L
24 7 25 28 D
24 8 27 14 R
24 9 29 9 U
24 10 22 0 U
24 11 0 27 D
24 12 25 25 D
24 13 12 28 D
24 14 22 14 R
24 15 24 15 R
24 16 20 16 R
24 17 24 28 D
24 18 0 2 U
24 19 23 19 R
24 20 27 20 R
24 21 24 21 R
24 22 22 22 R
24 23 21 33 L
24 24 25 10 R
24 25 25 12 R
24 26 27 34 L
24 27 22 38 L
24 28 12 28 D
24 29 17 29 D
24 30 1 30 D
24 31 25 31 D
24 32 29 32 D
24 33 20 2 U
24 34 23 34 L
24 35 29 35 L
24 36 23 36 L
24 37 0 18 R
24 38 13 38 L
24 39 28 3 U
24 40 27 40 L
24 41 22 41 L
24 42 24 42 L
24 44 24 4 U
25 0 22 39 L
25 1 24 34 L
25 2 25 37 L
25 3 24 3 U
25 4 13 44 L
25 5 22 5 U
25 6 27 20 R
25 7 26 18 R
25 8 13 40 L
25 9 24 9 U
25 10 22 24 D
25 11 17 4 U
25 12 24 25 D
25 13 22 13 R
25 14 19 6 U
25 15 17 31 D
25 16 8 16 R
25 17 25 17 R
25 18 20 2 U
25 19 18 26 D
25 20 28 20 R
25 21 26 6 U
25 22 20 22 R
25 23 24 10 R
25 24 17 44 L
25 25 17 4 U
25 26 23 26 D
25 27 26 15 R
25 28 0 7 U
25 29 15 42 L
25 30 21 30 D
25 31 27 31 D
25 32 25 32 D
25 33 14 3 U
25 34 23 7 U
25 35 28 35 L
25 36 6 36 L
25 37 22 0 U
25 38 0 5 U
25 39 27 39 L
25 40 28 40 L
25 41 26 41 L
25 42 23 9 U
25 44 17 23 D
26 0 3 0 U
26 1 22 37 L
26 2 2 2 U
26 3 28 34 L
26 4 27 12 R
26 5 19 36 L
26 6 27 38 L
26 7 26 42 L
26 8 20 8 U
26 9 22 9 U
26 10 24 5 U
26 11 23 4 U
26 12 26 25 D
26 13 29 29 D
26 14 27 8 U
26 15 23 1 U
26 16 13 0 U
26 17 24 17 R
26 18 0 39 L
26 19 22 0 U
26 20 24 20 R
26 21 28 21 R
26 22 19 4 U
26 23 16 22 R
26 24 11 2 U
26 25 26 25 D
26 26 25 26 D
26 27 27 27 D
26 28 21 17 R
26 29 22 29 D
26 30 19 10 R
26 31 11 39 L
26 32 22 32 D
26 33 26 0 U
26 34 18 15 R
26 35 13 11 R
26 36 8 2 U
26 37 27 1 U
26 38 26 4 U
26 39 29 39 L
26 40 9 14 R
26 41 28 41 L
26 42 0 2 U
26 44 11 44 L
27 0 10 33 L
27 1 7 23 D
27 2 26 2 U
27 3 27 3 U
27 4 20 4 U
27 5 11 43 L
27 6 29 13 R
27 7 23 7 U
27 8 3 8 U
27 9 28 17 R
27 10 25 23 D
27 11 23 7 U
27 12 28 12 R
27 13 26 7 U
27 14 24 26 D
27 15 22 1 U
27 17 28 17 R
27 18 23 18 R
27 19 19 19 R
27 20 23 20 R
27 21 26 21 R
27 22 24 22 R
27 23 20 33 L
27 24 28 24 D
27 25 26 3 U
27 26 27 26 D
27 27 20 27 D
27 28 20 13 R
27 29 23 13 R
27 30 13 30 D
27 31 26 31 D
27 32 20 32 D
27 33 15 32 D
27 34 15 24 D
27 35 29 29 D
27 36 20 36 L
27 37 26 37 L
27 38 27 38 L
27 39 27 7 U
27 40 25 40 L
27 41 27 41 L
27 42 28 6 U
27 44 0 24 D
28 0 21 16 R
28 1 29 1 U
28 2 21 2 U
28 3 29 35 L
28 4 13 24 D
28 5 13 39 L
28 6 23 36 L
28 7 27 7 U
28 8 5 17 R
28 9 23 9 U
28 10 25 24 D
28 11 25 11 R
28 12 27 12 R
28 13 25 6 U
28 15 0 38 L
28 17 27 17 R
28 18 15 9 U
28 19 28 26 D
28 20 30 27 D
28 22 25 22 R
28 23 23 34 L
28 24 29 35 L
28 25 27 25 D
28 26 9 2 U
28 27 20 19 R
28 28 7 28 D
28 29 27 29 D
28 30 29 9 U
28 31 22 31 D
28 33 15 30 D
28 34 29 34 L
28 35 25 35 L
28 36 27 36 L
28 37 19 37 L
28 38 25 30 D
28 39 24 31 D
28 40 29 8 U
28 41 30 41 L
29 0 22 10 R
29 1 10 1 U
29 2 27 37 L
29 3 29 3 U
29 4 29 4 U
29 5 23 5 U
29 6 25 14 R
29 7 28 35 L
29 8 23 8 U
29 9 22 40 L
29 10 28 10 R
29 11 12 27 D
29 12 26 12 R
29 13 26 29 D
29 15 27 15 R
29 17 11 32 D
29 19 22 19 R
29 20 30 20 R
29 22 23 22 R
29 23 22 33 L
29 24 16 35 L
29 25 24 33 L
29 26 29 26 D
29 27 29 27 D
29 28 23 6 U
29 29 25 29 D
29 30 27 13 R
29 33 23 26 D
29 34 28 34 L
29 35 23 30 D
29 36 29 6 U
29 37 21 5 U
29 38 22 38 L
29 39 1 26 D
29 40 22 40 L
29 41 23 41 L
30 0 18 39 L
30 5 25 20 R
30 8 26 8 U
30 9 26 33 L
30 20 28 25 D
30 22 21 5 U
30 23 28 41 L
30 24 20 22 R
30 25 27 44 L
30 26 26 20 R
30 27 27 9 U
30 33 22 23 D
30 39 26 39 L
31 0 0 41 L

