28 28 655
4 20 20 0 21 13 13 12 23 0 24 22 21 25 2 23
18 13 19 27 23 7 24 25 21 0 0 0 6 0 25 12
17 9 0 11 16 7 20 24 23 0 7 20 0 20 15 10
20 0 0 0 0 22 10 0 22 21 13 0 21 17 0 7
22 13 0 0 7 21 22 5 27 0 1 24 4 15 0 20
21 0 0 14 20 17 10 8 0 20 0 21 0 21 19 6
22 22 20 0 0 0 21 0 17 18 0 25 16 1 3 0
0 0 19 3 20 2 23 22 0 0 0 0 24 0 20 19
23 21 21 0 7 26 25 0 24 0 23 3 18 11 0 14
16 0 0 25 24 27 2 11 0 26 23 16 0 0 16 3
23 23 23 0 8 6 17 0 13 21 0 0 26 18 7 16
12 16 20 7 0 23 25 0 0 0 0 24 21 18 5 13
5 15 22 22 24 23 1 5 10 22 18 0 10 0 0 12
20 18 14 5 0 21 19 21 7 4 20 6 13 0 0 6
12 0 21 0 20 5 0 0 0 20 10 0 13 3 15 5
19 4 19 10 10 17 9 18 0 22 0 21 16 17 7 12
0 0 0 0 R
0 1 0 1 R
0 2 0 2 R
0 3 0 3 R
0 4 0 4 R
0 5 0 5 R
0 6 0 6 R
0 7 0 7 U
0 8 0 8 U
0 9 0 9 U
0 10 0 10 U
0 11 0 11 U
0 12 0 12 U
0 13 0 13 U
0 14 0 14 D
0 15 0 15 D
0 16 0 16 D
0 17 0 17 D
0 18 0 18 D
0 19 0 19 D
0 20 0 20 D
0 21 0 21 L
0 22 0 22 L
0 23 0 23 L
0 24 0 24 L
0 25 0 25 L
0 26 0 26 L
0 27 0 27 L
1 0 0 21 L
1 1 0 10 U
1 2 7 7 U
1 3 4 3 R
1 4 4 4 R
1 5 6 5 R
1 6 0 16 D
1 7 0 14 D
1 8 8 21 L
1 9 8 2 R
1 10 0 6 R
1 11 2 11 U
1 12 0 4 R
1 13 6 15 D
1 14 0 7 U
1 15 0 8 U
1 16 0 0 R
1 17 10 17 D
1 18 2 1 R
1 19 6 19 D
1 20 13 26 L
1 21 2 1 R
1 22 4 10 U
1 23 3 19 D
1 24 14 4 R
1 25 0 7 U
1 26 0 0 R
1 27 7 11 U
2 0 7 14 D
2 1 0 9 U
2 2 6 2 R
2 3 13 3 R
2 4 0 25 L
2 5 1 5 R
2 6 3 6 R
2 7 0 24 L
2 8 0 21 L
2 9 1 5 R
2 10 6 27 L
2 11 1 11 U
2 12 7 22 L
2 13 6 13 U
2 14 0 3 R
2 15 5 15 D
2 16 0 25 L
2 17 7 17 D
2 18 4 18 D
2 19 11 22 L
2 20 4 20 D
2 21 5 13 U
2 22 4 16 D
2 23 7 23 L
2 24 4 14 D
2 25 0 6 R
2 26 1 26 L
2 27 4 17 D
3 0 21 0 R
3 1 0 12 U
3 2 6 2 R
3 3 2 7 U
3 4 0 24 L
3 5 7 5 R
3 6 4 6 R
3 7 16 27 L
3 8 9 8 U
3 9 0 23 L
3 10 1 5 R
3 11 0 2 R
3 12 17 3 R
3 13 15 13 U
3 14 8 7 U
3 15 5 15 D
3 16 5 16 D
3 17 12 17 D
3 18 10 18 D
3 19 4 19 D
3 20 10 20 D
3 21 10 19 D
3 22 8 15 D
3 23 1 8 U
3 24 0 8 U
3 25 6 9 U
3 26 2 26 L
3 27 0 8 U
4 0 11 0 R
4 1 5 1 R
4 2 6 2 R
4 3 2 3 R
4 4 6 4 R
4 5 2 5 R
4 6 7 6 R
4 7 0 0 R
4 8 0 3 R
4 9 5 22 L
4 10 0 27 L
4 11 0 4 R
4 12 5 12 U
4 13 9 3 R
4 14 1 4 R
4 15 0 2 R
4 16 0 4 R
4 17 19 6 R
4 18 0 8 U
4 19 2 19 D
4 20 0 22 L
4 21 18 14 D
4 22 9 22 L
4 23 1 23 L
4 24 2 24 L
4 25 1 25 L
4 26 2 26 L
4 27 7 27 L
5 0 11 20 D
5 1 0 8 U
5 2 6 14 D
5 3 1 20 D
5 4 4 4 R
5 5 7 5 R
5 6 0 27 L
5 7 0 16 D
5 8 0 1 R
5 9 17 6 R
5 10 17 10 U
5 11 0 5 R
5 12 1 12 U
5 13 17 22 L
5 14 13 22 L
5 15 10 25 L
5 16 3 16 D
5 17 0 1 R
5 18 14 18 D
5 19 8 19 D
5 20 3 20 D
5 21 0 7 U
5 22 0 11 U
5 23 0 16 D
5 24 4 0 R
5 25 3 25 L
5 26 6 26 L
5 27 8 27 L
6 0 12 23 L
6 1 2 1 R
6 2 4 2 R
6 3 0 18 D
6 4 10 4 R
6 5 3 5 R
6 6 16 8 U
6 7 15 26 L
6 8 5 26 L
6 9 10 0 R
6 10 0 0 R
6 11 19 11 U
6 12 11 12 U
6 13 3 13 U
6 14 0 23 L
6 15 12 22 L
6 16 13 4 R
6 17 3 24 L
6 18 12 1 R
6 19 13 5 R
6 20 9 24 L
6 21 2 13 U
6 22 0 15 D
6 23 1 23 L
6 24 7 19 D
6 25 0 14 D
6 26 3 26 L
6 27 2 27 L
7 0 5 11 U
7 1 0 27 L
7 2 15 2 R
7 3 3 3 R
7 4 8 4 R
7 5 0 17 D
7 6 8 6 R
7 7 13 17 D
7 8 9 14 D
7 9 2 9 U
7 10 16 10 U
7 11 14 1 R
7 12 10 12 U
7 13 2 6 R
7 14 6 1 R
7 15 0 22 L
7 16 11 25 L
7 17 0 26 L
7 18 20 0 R
7 19 1 19 D
7 20 2 25 L
7 21 0 14 D
7 22 2 22 L
7 23 3 23 L
7 24 4 24 L
7 25 4 25 L
7 26 11 26 L
7 27 1 27 L
8 0 27 8 U
8 1 5 18 D
8 2 13 2 R
8 3 1 7 U
8 4 3 4 R
8 5 3 5 R
8 6 9 15 D
8 7 7 21 L
8 8 3 8 U
8 9 0 19 D
8 10 17 2 R
8 11 4 11 U
8 12 3 3 R
8 13 13 14 D
8 14 12 14 D
8 15 3 15 D
8 16 11 13 U
8 17 11 27 L
8 18 12 9 U
8 19 12 19 D
8 20 0 4 R
8 21 9 18 D
8 22 4 11 U
8 23 2 23 L
8 24 2 16 D
8 25 0 12 U
8 26 0 9 U
8 27 7 10 U
9 0 0 15 D
9 1 13 7 U
9 2 1 2 R
9 3 14 8 U
9 4 0 26 L
9 5 7 5 R
9 6 0 7 U
9 7 14 4 R
9 8 19 0 R
9 9 11 5 R
9 10 8 10 U
9 11 5 6 R
9 12 14 5 R
9 13 3 4 R
9 14 19 3 R
9 15 16 23 L
9 16 1 16 D
9 17 1 27 L
9 18 5 18 D
9 19 3 19 D
9 20 17 20 D
9 21 22 19 D
9 22 0 19 D
9 23 2 17 D
9 24 5 24 L
9 25 7 25 L
9 26 4 16 D
9 27 4 27 L
10 0 0 13 U
10 1 7 15 D
10 2 14 11 U
10 3 16 14 D
10 4 0 20 D
10 5 5 5 R
10 6 3 11 U
10 7 19 21 L
10 8 0 23 L
10 9 2 1 R
10 10 3 17 D
10 11 16 11 U
10 12 0 27 L
10 13 5 13 U
10 14 17 1 R
10 15 17 21 L
10 16 0 11 U
10 17 11 0 R
10 18 6 18 D
10 19 3 23 L
10 20 3 20 D
10 21 8 7 U
10 22 13 18 D
10 23 6 20 D
10 24 6 24 L
10 25 17 25 L
10 26 14 7 U
10 27 14 27 L
11 0 8 17 D
11 1 16 12 U
11 2 17 24 L
11 3 3 3 R
11 4 15 16 D
11 5 0 23 L
11 6 9 6 R
11 7 3 3 R
11 8 6 8 U
11 9 5 9 U
11 10 0 22 L
11 11 0 14 D
11 12 1 12 U
11 13 5 2 R
11 14 0 2 R
11 15 0 1 R
11 16 12 10 U
11 17 2 17 D
11 18 5 18 D
11 19 0 11 U
11 20 7 0 R
11 21 18 16 D
11 22 4 22 L
11 23 8 8 U
11 24 7 24 L
11 25 0 19 D
11 26 2 26 L
11 27 1 27 L
12 0 10 8 U
12 1 17 1 R
12 2 8 8 U
12 3 7 3 R
12 4 4 4 R
12 5 6 5 R
12 6 21 9 U
12 7 9 0 R
12 8 11 8 U
12 9 4 27 L
12 10 16 10 U
12 11 9 11 U
12 12 18 1 R
12 13 0 24 L
12 14 17 26 L
12 15 5 15 D
12 16 2 21 L
12 17 3 17 D
12 18 0 24 L
12 19 9 19 D
12 20 0 8 U
12 21 2 18 D
12 22 13 14 D
12 23 2 13 U
12 24 0 1 R
12 25 17 11 U
12 26 7 11 U
12 27 11 4 R
13 0 12 7 U
13 1 2 18 D
13 2 0 15 D
13 3 15 16 D
13 4 22 4 R
13 5 18 15 D
13 6 14 16 D
13 7 1 2 R
13 8 0 25 L
13 9 3 9 U
13 10 4 6 R
13 11 15 11 U
13 12 2 12 U
13 13 11 3 R
13 14 8 24 L
13 15 3 15 D
13 16 4 16 D
13 17 5 6 R
13 18 11 21 L
13 19 17 1 R
13 20 12 0 R
13 21 3 21 L
13 22 10 14 D
13 23 16 18 D
13 24 19 16 D
13 25 16 25 L
13 26 18 14 D
13 27 4 27 L
14 0 0 22 L
14 1 10 20 D
14 2 5 22 L
14 3 15 19 D
14 4 5 15 D
14 5 0 9 U
14 6 4 6 R
14 7 15 3 R
14 8 3 26 L
14 9 20 9 U
14 10 3 10 U
14 11 4 22 L
14 12 8 12 U
14 13 1 13 U
14 14 5 24 L
14 15 12 23 L
14 16 1 2 R
14 17 8 5 R
14 18 3 18 D
14 19 11 21 L
14 20 3 20 D
14 21 10 11 U
14 22 7 22 L
14 23 10 23 L
14 24 0 17 D
14 25 16 15 D
14 26 12 12 U
14 27 0 6 R
15 0 1 16 D
15 1 22 15 D
15 2 0 14 D
15 3 7 7 U
15 4 4 4 R
15 5 5 20 D
15 6 19 7 U
15 7 2 17 D
15 8 9 27 L
15 9 0 22 L
15 10 3 10 U
15 11 3 25 L
15 12 6 12 U
15 13 9 13 U
15 14 20 4 R
15 15 9 15 D
15 16 13 16 D
15 17 3 17 D
15 18 6 23 L
15 19 6 19 D
15 20 1 1 R
15 21 3 11 U
15 22 0 13 U
15 23 0 10 U
15 24 1 24 L
15 25 9 13 U
15 26 3 26 L
15 27 12 11 U
16 0 14 10 U
16 1 15 8 U
16 2 10 2 R
16 3 3 3 R
16 4 3 9 U
16 5 1 5 R
16 6 0 15 D
16 7 6 6 R
16 8 14 23 L
16 9 0 18 D
16 10 15 6 R
16 11 3 11 U
16 12 3 0 R
16 13 13 13 U
16 14 4 5 R
16 15 0 21 L
16 16 17 1 R
16 17 0 9 U
16 18 14 25 L
16 19 0 23 L
16 20 3 20 D
16 21 7 15 D
16 22 0 16 D
16 23 7 11 U
16 24 3 14 D
16 25 2 25 L
16 26 15 26 L
16 27 7 17 D
17 0 9 9 U
17 1 0 7 U
17 2 0 22 L
17 3 2 3 R
17 4 5 19 D
17 5 13 7 U
17 6 6 6 R
17 7 11 7 U
17 8 0 15 D
17 9 21 3 R
17 11 5 11 U
17 12 7 1 R
17 13 5 13 U
17 14 1 3 R
17 15 18 24 L
17 16 2 4 R
17 17 12 11 U
17 19 8 11 U
17 20 10 13 U
17 21 13 21 L
17 22 13 9 U
17 23 11 7 U
17 24 15 7 U
17 25 3 25 L
17 26 3 6 R
17 27 0 3 R
18 0 5 15 D
18 1 5 9 U
18 2 3 13 U
18 3 9 21 L
18 4 20 11 U
18 5 13 19 D
18 6 5 20 D
18 7 0 26 L
18 8 22 24 L
18 9 13 22 L
18 11 13 2 R
18 13 14 6 R
18 14 6 14 D
18 15 7 15 D
18 16 2 13 U
18 17 0 6 R
18 18 1 18 D
18 19 17 2 R
18 20 3 20 D
18 21 8 14 D
18 22 13 22 L
18 23 0 5 R
18 24 7 24 L
18 25 11 25 L
18 26 4 26 L
18 27 16 27 L
19 0 26 18 D
19 1 4 8 U
19 2 2 13 U
19 3 4 3 R
19 4 1 4 R
19 5 13 5 R
19 6 0 11 U
19 7 17 1 R
19 8 1 24 L
19 9 18 27 L
19 10 7 3 R
19 11 18 3 R
19 13 3 13 U
19 14 13 27 L
19 15 5 15 D
19 16 10 1 R
19 17 2 17 D
19 19 0 7 U
19 20 13 20 D
19 21 18 10 U
19 22 3 12 U
19 23 21 23 L
19 24 16 17 D
19 25 6 14 D
19 26 18 9 U
19 27 6 27 L
20 0 3 17 D
20 1 2 20 D
20 2 15 25 L
20 3 17 9 U
20 4 10 21 L
20 5 9 5 R
20 6 7 6 R
20 7 11 23 L
20 8 3 22 L
20 9 10 9 U
20 11 2 14 D
20 13 15 19 D
20 14 6 21 L
20 15 7 26 L
20 16 0 8 U
20 19 5 19 D
20 20 6 20 D
20 21 5 17 D
20 22 12 20 D
20 23 10 23 L
20 24 17 8 U
20 25 18 20 D
20 26 4 26 L
20 27 9 7 U
21 0 19 22 L
21 1 9 1 R
21 2 9 12 U
21 3 17 3 R
21 4 0 23 L
21 5 3 5 R
21 6 15 6 R
21 7 3 4 R
21 9 3 9 U
21 11 26 0 R
21 13 12 13 U
21 14 20 26 L
21 15 19 15 D
21 16 17 16 D
21 19 13 19 D
21 21 13 9 U
21 22 10 22 L
21 23 11 9 U
21 24 11 24 L
21 25 7 25 L
21 27 4 27 L
22 0 17 0 R
22 1 9 1 R
22 2 1 2 R
22 3 2 3 R
22 4 21 15 D
22 6 5 6 R
22 7 6 0 R
22 9 10 21 L
22 11 7 11 U
22 13 0 17 D
22 15 3 7 U
22 16 10 16 D
22 19 8 19 D
22 22 12 8 U
22 23 3 20 D
22 26 5 26 L
22 27 4 27 L
23 0 0 9 U
23 1 9 1 R
23 2 10 2 R
23 3 0 14 D
23 4 19 8 U
23 6 18 24 L
23 9 7 2 R
23 11 12 11 U
23 13 3 13 U
23 16 7 22 L
23 19 3 19 D
23 22 3 13 U
23 23 20 23 L
24 0 1 0 R
24 1 18 1 R
24 2 7 13 U
24 3 17 11 U
24 4 11 4 R
24 6 14 6 R
24 13 8 13 U
24 19 6 19 D
24 22 3 22 L
24 23 19 23 L
25 1 0 25 L
25 2 7 2 R
25 3 22 15 D
25 4 5 4 R
25 6 9 6 R
25 13 1 13 U
25 23 18 23 L
26 1 21 14 D
26 3 16 11 U
26 4 2 4 R
26 6 3 6 R
26 23 3 23 L
27 1 15 7 U
27 3 24 10 U
27 6 3 6 R
27 23 3 23 L

