15 15 182
0 8 0 0 0 0 9 0 10 0 8 0 0 0 0 0 0 10 11 0
0 0 0 0 0 0 0 5 0 1 8 0 0 0 0 1 6 0 0 0
0 1 0 9 3 2 0 6 0 10 0 7 0 0 0 11 0 0 5 4
0 0 0 0 0 0 0 1 11 0 4 6 2 6 0 0 0 0 0 0
10 0 1 0 0 0 11 1 0 0 0 0 0 0 0 1 0 0 0 0
11 0 0 2 0 11 0 10 0 10 0 6 0 10 2 0 0 0 7 0
7 8 1 0 7 0 11 0 4 0 0 0 13 0 11 0 7 9 0 0
5 0 0 12 4 4 0 14 7 12 1 0 0 0 0 0 0 0 2 0
7 3 1 0 0 0 0 0 4 11 0 0 0 0 0 0 0 0 0 0
0 13 0 0 0 0 0 11 0 0 4 0 1 0 1 0 0 1 5 0
10 0 0 10 0 0 0 8 9 0 8 0 10 0 0 0 0 0 0 0
8 0 0 0 0 0 0 0 13 0 0 0 0 0 0 0 0 0 0 0
12 0 0 0 0 2 0 0 0 0 0 0 0 0 0 0 0 0 0 0
14 0 7 0 0 0 9 0 0 8 0 0 0 0 12 0 0 0 0 0
0 3 7 0 0 0 0 0 0 13 0 0 0 0 0 0 0 0 0 0
12 0 0 1 0 7 0 4 0 6 0 0 0 11 0 9 1 10 0 4
9 0 0 0 0 0 6 0 9 12 7 0 8 0 0 9 0 0 10 0
0 0 0 0 0 0 10 0 9 11 0 11 4 0 0 0 5 3 1 0
0 0 0 1 0 0 5 7 0 0 0 0 0 0 0 0 0 0 0 0
12 10 0 0 0 0 0 0 1 0 2 8 5 0 7 0 0 0 0 11
0 0 0 0 L
0 1 0 1 L
0 2 0 2 L
0 3 0 3 L
0 4 0 4 R
0 5 0 5 R
0 6 0 6 R
0 7 0 7 R
0 8 0 8 D
0 9 0 9 D
0 10 0 10 D
0 11 0 11 U
0 12 0 12 U
0 13 0 13 U
0 14 0 14 U
1 0 0 11 U
1 1 0 8 D
1 2 0 6 R
1 3 6 3 L
1 4 0 8 D
1 5 0 11 U
1 6 5 8 D
1 7 3 7 R
1 8 0 0 L
1 9 0 11 U
1 10 7 0 L
1 11 0 4 R
1 12 2 12 U
1 13 0 3 L
1 14 2 5 R
2 0 1 0 L
2 1 11 10 D
2 2 3 11 U
2 3 9 14 U
2 4 0 13 U
2 5 10 14 U
2 6 5 6 R
2 7 4 7 R
2 8 0 4 R
2 9 0 0 L
2 10 0 1 L
2 11 0 8 D
2 12 1 12 U
2 13 1 5 R
2 14 7 14 U
3 0 11 10 D
3 1 6 9 D
3 2 1 4 R
3 3 1 3 L
3 4 7 9 D
3 5 6 8 D
3 6 1 6 R
3 8 8 4 R
3 9 0 13 U
3 10 1 10 D
3 11 2 1 L
3 12 4 12 U
3 13 6 13 U
3 14 4 7 R
4 0 9 0 L
4 1 5 1 L
4 2 0 14 U
4 3 3 13 U
4 4 5 4 R
4 5 6 10 D
4 6 0 0 L
4 8 6 5 R
4 9 1 9 D
4 10 2 10 D
4 11 3 6 R
4 12 7 2 L
4 13 5 13 U
4 14 2 14 U
5 0 6 0 L
5 1 8 13 U
5 2 6 2 L
5 3 10 12 U
5 4 14 14 U
5 5 11 1 L
5 6 2 1 L
5 8 0 5 R
5 9 10 9 D
5 10 6 3 L
5 11 3 11 U
5 12 0 4 R
5 13 4 13 U
5 14 6 14 U
6 0 0 4 R
6 1 13 9 D
6 2 3 2 L
6 3 0 9 D
6 4 0 10 D
6 5 3 8 D
6 6 8 9 D
6 8 3 8 D
6 9 1 9 D
6 10 4 10 D
6 11 3 0 L
6 12 0 0 L
6 13 1 8 D
6 14 13 14 U
7 0 0 5 R
7 1 0 9 D
7 2 1 2 L
7 3 2 3 L
7 4 0 1 L
7 5 0 14 U
7 6 5 10 D
7 8 0 6 R
7 9 0 2 L
7 10 1 10 D
7 11 1 1 L
7 12 9 1 L
7 13 4 13 U
7 14 0 8 D
8 0 2 8 D
8 1 0 12 U
8 2 1 9 D
8 3 7 8 D
8 4 4 12 U
8 5 2 5 R
8 6 5 13 U
8 8 1 12 U
8 9 6 1 L
8 10 0 4 R
8 11 0 1 L
8 12 3 12 U
8 13 0 9 D
8 14 2 14 U
9 0 6 9 D
9 1 0 10 D
9 2 8 8 D
9 3 0 13 U
9 4 4 11 U
9 5 0 10 D
9 6 2 6 R
9 8 12 1 L
9 9 4 2 L
9 10 6 4 R
9 11 0 2 L
9 12 4 3 L
9 13 1 13 U
9 14 6 2 L
10 0 2 11 U
10 1 1 1 L
10 4 0 12 U
10 5 6 5 R
10 6 6 6 R
10 7 7 12 U
10 8 2 4 R
10 9 4 3 L
10 10 0 12 U
10 11 11 5 R
10 12 5 5 R
10 13 0 10 D
10 14 9 4 R
11 0 7 8 D
11 1 3 11 U
11 4 1 12 U
11 5 0 9 D
11 8 1 6 R
11 9 3 1 L
11 10 0 3 L
11 11 6 0 L
11 12 1 6 R
11 13 0 5 R
11 14 7 14 U
12 0 5 13 U
12 4 4 2 L
12 8 0 7 R
12 9 4 9 D
12 10 1 10 D
12 11 10 11 U
12 12 8 12 U
12 13 1 13 U
13 10 7 10 D
13 11 9 0 L
13 12 7 4 R
13 13 5 6 R
14 10 2 10 D
14 12 9 12 U
14 13 8 8 D

