30 38 1051
10 23 26 25 24 27 0 28 0 27 15 26 26 0 23 2 25
27 0 0 0 27 26 27 2 27 4 18 27 18 0 0 27 0
0 0 0 22 0 24 21 28 0 25 29 28 26 10 0 0 0
0 0 0 0 0 0 0 29 27 0 0 0 26 27 24 2 0
0 9 0 0 0 0 22 0 9 0 0 28 0 19 3 5 0
0 5 0 0 0 0 0 0 10 0 24 28 27 0 0 16 0
0 0 27 20 0 1 21 2 0 27 28 21 0 27 16 26 0
0 16 0 0 18 0 6 13 11 24 26 0 26 0 10 11 0
4 22 0 0 12 17 0 14 28 0 0 27 25 19 25 0 0
10 0 0 11 4 0 7 7 19 0 8 12 10 0 0 25 0
25 0 25 15 0 0 21 0 21 26 0 25 24 26 0 24 25
25 21 20 15 8 26 0 25 0 4 27 1 10 5 16 0 17
0 20 0 4 15 0 6 23 2 14 0 18 23 7 0 0 1
11 8 25 4 14 0 2 0 0 1 26 18 0 19 26 23 28
22 0 26 2 5 20 15 11 22 28 0 26 5 27 11 2 0
1 18 18 0 18 0 3 16 18 0 0 0 12 21 4 17 19
0 0 17 0 0 4 0 18 28 1 0 28 11 28 2 0 5
0 0 0 0 U
0 1 0 1 U
0 2 0 2 U
0 3 0 3 U
0 4 0 4 U
0 5 0 5 U
0 6 0 6 U
0 7 0 7 U
0 8 0 8 U
0 9 0 9 U
0 10 0 10 R
0 11 0 11 R
0 12 0 12 R
0 13 0 13 R
0 14 0 14 R
0 15 0 15 R
0 16 0 16 R
0 17 0 17 R
0 18 0 18 R
0 19 0 19 D
0 20 0 20 D
0 21 0 21 D
0 22 0 22 D
0 23 0 23 D
0 24 0 24 D
0 25 0 25 D
0 26 0 26 D
0 27 0 27 D
0 28 0 28 D
0 29 0 29 L
0 30 0 30 L
0 31 0 31 L
0 32 0 32 L
0 33 0 33 L
0 34 0 34 L
0 35 0 35 L
0 36 0 36 L
0 37 0 37 L
1 0 0 10 R
1 1 0 30 L
1 2 0 22 D
1 3 1 24 D
1 4 0 34 L
1 5 0 17 R
1 6 3 36 L
1 7 1 12 R
1 8 3 18 R
1 9 5 25 D
1 10 0 29 L
1 11 0 20 D
1 12 0 1 U
1 13 0 31 L
1 14 0 23 D
1 15 2 3 U
1 16 2 25 D
1 17 1 26 D
1 18 0 33 L
1 19 0 0 U
1 20 0 10 R
1 21 0 11 R
1 22 0 31 L
1 23 2 12 R
1 24 0 32 L
1 25 0 2 U
1 26 0 4 U
1 27 2 18 R
1 28 5 35 L
1 29 0 0 U
1 30 0 21 D
1 31 1 1 U
1 32 0 2 U
1 33 0 15 R
1 34 1 16 R
1 35 2 27 D
1 36 3 19 D
1 37 1 20 D
2 0 0 11 R
2 1 0 12 R
2 2 0 14 R
2 3 2 32 L
2 4 2 17 R
2 5 0 35 L
2 6 1 6 U
2 7 2 7 U
2 8 8 8 U
2 9 12 9 U
2 10 0 19 D
2 11 0 0 U
2 12 1 2 U
2 13 1 13 R
2 14 1 22 D
2 15 1 15 R
2 16 2 16 R
2 17 1 4 U
2 18 3 22 D
2 19 1 19 D
2 20 0 29 L
2 21 0 13 R
2 22 0 15 R
2 23 1 23 D
2 24 2 24 D
2 25 1 33 L
2 26 3 7 U
2 27 1 27 D
2 28 3 28 D
2 29 0 20 D
2 30 2 30 L
2 31 0 1 U
2 32 2 25 D
2 33 0 5 U
2 34 2 34 L
2 35 2 35 L
2 36 2 36 L
2 37 3 37 L
3 0 0 13 R
3 1 1 19 D
3 2 0 11 R
3 3 4 31 L
3 4 3 32 L
3 5 1 5 U
3 6 2 6 U
3 7 3 7 U
3 8 6 36 L
3 9 17 9 U
3 10 2 10 R
3 11 1 19 D
3 12 0 24 D
3 13 0 21 D
3 14 0 6 U
3 15 1 1 U
3 16 3 23 D
3 17 4 17 R
3 18 4 18 R
3 19 2 5 U
3 20 2 29 L
3 21 0 0 U
3 22 3 31 L
3 23 5 30 L
3 24 2 30 L
3 25 9 16 R
3 26 3 26 D
3 27 9 8 U
3 28 5 28 D
3 29 2 21 D
3 30 2 6 U
3 31 1 21 D
3 32 8 22 D
3 33 6 26 D
3 34 5 26 D
3 35 1 35 L
3 36 4 36 L
3 37 1 37 L
4 0 2 11 R
4 1 4 1 U
4 2 4 2 U
4 3 6 3 U
4 4 4 4 U
4 5 7 34 L
4 6 3 37 L
4 7 1 14 R
4 8 7 8 U
4 9 14 9 U
4 10 1 10 R
4 11 2 7 U
4 12 3 12 R
4 13 2 13 R
4 14 3 14 R
4 15 2 22 D
4 16 1 16 R
4 17 3 19 D
4 18 3 18 R
4 19 1 30 L
4 20 0 5 U
4 21 4 21 D
4 22 1 18 R
4 23 4 23 D
4 24 4 12 R
4 25 8 25 D
4 26 2 26 D
4 27 4 27 D
4 28 2 28 D
4 29 0 4 U
4 30 0 15 R
4 31 3 31 L
4 32 7 32 L
4 33 7 33 L
4 34 5 34 L
4 35 0 1 U
4 36 3 36 L
4 37 4 37 L
5 0 4 29 L
5 1 3 17 R
5 2 3 16 R
5 3 4 3 U
5 4 5 4 U
5 5 4 5 U
5 6 2 15 R
5 7 0 29 L
5 8 0 17 R
5 9 10 9 U
5 10 0 30 L
5 11 0 28 D
5 12 3 0 U
5 13 0 2 U
5 14 0 7 U
5 15 3 15 R
5 16 5 16 R
5 17 5 25 D
5 18 1 2 U
5 19 0 12 R
5 20 6 10 R
5 21 6 31 L
5 22 1 12 R
5 23 3 23 D
5 24 1 11 R
5 25 3 18 R
5 26 3 10 R
5 27 2 27 D
5 28 0 3 U
5 29 2 7 U
5 30 0 13 R
5 31 4 20 D
5 32 8 32 L
5 33 5 33 L
5 34 4 34 L
5 35 4 0 U
5 36 2 19 D
5 37 0 0 U
6 0 4 10 R
6 1 0 29 L
6 2 3 2 U
6 3 3 3 U
6 4 6 15 R
6 5 5 5 U
6 6 4 32 L
6 7 4 36 L
6 8 9 8 U
6 9 18 18 R
6 10 4 23 D
6 11 5 1 U
6 12 6 21 D
6 13 8 4 U
6 14 5 14 R
6 15 4 28 D
6 16 4 16 R
6 17 8 17 R
6 18 6 18 R
6 19 0 30 L
6 20 6 11 R
6 21 5 12 R
6 22 6 22 D
6 23 0 14 R
6 24 9 24 D
6 25 4 25 D
6 26 9 18 R
6 27 11 27 D
6 28 8 28 D
6 29 5 2 U
6 30 1 0 U
6 31 7 31 L
6 32 5 28 D
6 33 6 33 L
6 34 4 19 D
6 35 8 6 U
6 36 5 36 L
6 37 7 20 D
7 0 1 16 R
7 1 4 10 R
7 2 6 10 R
7 3 2 3 U
7 4 3 33 L
7 5 6 5 U
7 6 5 6 U
7 7 6 13 R
7 8 8 18 R
7 9 18 9 U
7 10 8 20 D
7 11 6 11 R
7 12 2 35 L
7 13 7 24 D
7 14 6 21 D
7 15 8 15 R
7 16 6 22 D
7 17 9 17 R
7 18 7 18 R
7 19 0 37 L
7 20 4 2 U
7 21 4 29 L
7 22 8 30 L
7 23 6 29 L
7 24 6 24 D
7 25 6 13 R
7 26 6 26 D
7 27 10 27 D
7 28 6 16 R
7 29 3 21 D
7 30 0 2 U
7 31 8 31 L
7 32 4 23 D
7 33 4 33 L
7 34 8 34 L
7 35 9 26 D
7 36 6 22 D
7 37 9 37 L
8 0 3 34 L
8 1 6 1 U
8 2 7 14 R
8 3 5 12 R
8 4 5 13 R
8 5 7 5 U
8 6 6 6 U
8 7 5 7 U
8 8 1 8 U
8 9 13 9 U
8 10 0 1 U
8 11 1 3 U
8 12 6 4 U
8 13 6 13 R
8 14 6 14 R
8 15 7 21 D
8 16 6 16 R
8 17 3 17 R
8 18 9 24 D
8 19 1 11 R
8 20 7 20 D
8 21 6 21 D
8 22 7 32 L
8 23 8 23 D
8 24 4 24 D
8 25 7 25 D
8 26 5 26 D
8 27 8 27 D
8 28 6 18 R
8 29 4 7 U
8 30 2 23 D
8 31 2 31 L
8 32 9 23 D
8 33 8 8 U
8 34 7 34 L
8 35 0 14 R
8 36 9 36 L
8 37 6 37 L
9 0 7 0 U
9 1 4 15 R
9 2 3 28 D
9 3 8 17 R
9 4 11 11 R
9 5 8 13 R
9 6 7 6 U
9 7 14 36 L
9 8 8 11 R
9 9 16 13 R
9 10 8 5 U
9 11 3 29 L
9 12 7 19 D
9 13 3 1 U
9 14 0 5 U
9 15 9 15 R
9 16 9 20 D
9 17 9 8 U
9 18 6 25 D
9 19 5 29 L
9 20 9 30 L
9 21 7 12 R
9 22 2 31 L
9 23 7 30 L
9 24 9 35 L
9 25 11 17 R
9 26 3 30 L
9 27 10 10 R
9 28 7 28 D
9 29 7 24 D
9 30 9 28 D
9 31 0 3 U
9 32 4 32 L
9 33 5 8 U
9 34 8 26 D
9 35 10 35 L
9 36 8 25 D
9 37 8 37 L
10 0 10 35 L
10 1 0 16 R
10 2 10 15 R
10 3 3 37 L
10 4 11 4 U
10 5 10 37 L
10 6 7 16 R
10 7 15 7 U
10 8 2 8 U
10 9 16 34 L
10 10 0 8 U
10 11 0 22 D
10 12 5 8 U
10 13 1 33 L
10 14 9 21 D
10 15 3 30 L
10 16 12 23 D
10 17 0 4 U
10 18 8 18 R
10 19 8 37 L
10 20 10 13 R
10 21 0 36 L
10 22 6 7 U
10 23 12 37 L
10 24 10 29 L
10 25 10 25 D
10 26 12 26 D
10 27 7 27 D
10 28 0 7 U
10 29 7 4 U
10 30 3 30 L
10 31 6 3 U
10 32 7 27 D
10 33 5 3 U
10 34 5 0 U
10 35 0 19 D
10 36 10 25 D
10 37 11 37 L
11 0 10 29 L
11 1 12 12 R
11 2 13 2 U
11 3 9 29 L
11 4 10 4 U
11 5 11 5 U
11 6 13 6 U
11 7 13 35 L
11 8 9 11 R
11 9 3 15 R
11 10 7 10 R
11 11 8 3 U
11 12 2 4 U
11 13 4 13 R
11 14 6 26 D
11 15 10 15 R
11 16 11 16 R
11 17 1 21 D
11 18 7 21 D
11 19 8 10 R
11 20 9 20 D
11 21 5 18 R
11 22 15 7 U
11 23 5 33 L
11 24 12 10 R
11 25 9 25 D
11 26 11 26 D
11 27 6 27 D
11 28 7 2 U
11 29 6 25 D
11 30 7 5 U
11 31 0 11 R
11 32 12 32 L
11 33 3 23 D
11 34 12 34 L
11 35 11 28 D
11 36 13 36 L
11 37 6 20 D
12 0 11 16 R
12 1 10 1 U
12 2 13 34 L
12 3 6 15 R
12 4 13 37 L
12 5 13 36 L
12 6 11 6 U
12 7 14 17 R
12 8 11 34 L
12 9 18 33 L
12 10 7 28 D
12 11 9 3 U
12 12 1 31 L
12 13 6 20 D
12 14 14 14 R
12 15 10 19 D
12 16 1 23 D
12 17 12 26 D
12 18 9 18 R
12 19 8 35 L
12 20 10 12 R
12 21 10 30 L
12 22 14 22 D
12 23 8 12 R
12 24 0 1 U
12 25 11 25 D
12 26 15 26 D
12 27 13 27 D
12 28 12 28 D
12 29 0 8 U
12 30 12 0 U
12 31 13 31 L
12 32 9 32 L
12 33 12 5 U
12 34 13 23 D
12 35 14 11 R
12 36 14 21 D
12 37 10 37 L
13 0 0 19 D
13 1 5 33 L
13 2 12 14 R
13 3 8 35 L
13 4 8 4 U
13 5 12 5 U
13 6 12 33 L
13 7 11 7 U
13 8 3 8 U
13 9 0 19 D
13 10 7 0 U
13 11 10 3 U
13 12 4 20 D
13 13 0 26 D
13 14 12 14 R
13 15 0 27 D
13 16 12 16 R
13 17 14 21 D
13 18 0 1 U
13 19 0 1 U
13 20 14 1 U
13 21 4 13 R
13 22 13 22 D
13 23 9 23 D
13 24 19 24 D
13 25 0 0 U
13 26 14 26 D
13 27 4 29 L
13 28 16 31 L
13 29 10 24 D
13 30 15 20 D
13 31 15 27 D
13 32 10 32 L
13 33 10 19 D
13 34 13 34 L
13 35 4 6 U
13 36 18 19 D
13 37 10 0 U
14 0 12 15 R
14 1 8 29 L
14 2 11 12 R
14 3 12 34 L
14 4 14 32 L
14 5 6 31 L
14 6 8 6 U
14 7 13 7 U
14 8 11 8 U
14 9 24 9 U
14 10 11 10 R
14 11 12 1 U
14 12 12 2 U
14 13 13 21 D
14 14 15 14 R
14 15 12 25 D
14 16 12 25 D
14 17 11 17 R
14 18 10 18 R
14 19 5 37 L
14 20 1 32 L
14 21 11 13 R
14 22 11 22 D
14 23 10 4 U
14 24 18 24 D
14 25 15 25 D
14 26 8 26 D
14 27 5 27 D
14 28 20 28 D
14 29 1 6 U
14 30 15 30 L
14 31 11 31 L
14 32 14 2 U
14 33 15 20 D
14 34 14 34 L
14 35 15 35 L
14 36 12 36 L
14 37 16 19 D
15 0 9 33 L
15 1 13 11 R
15 2 10 17 R
15 3 7 3 U
15 4 15 4 U
15 5 13 17 R
15 6 7 35 L
15 7 17 36 L
15 8 10 8 U
15 9 19 9 U
15 10 6 10 R
15 11 11 11 R
15 12 0 20 D
15 13 10 13 R
15 14 14 5 U
15 15 11 15 R
15 16 10 16 R
15 17 12 7 U
15 18 16 18 R
15 19 9 10 R
15 20 12 2 U
15 21 3 35 L
15 22 11 10 R
15 23 15 23 D
15 24 8 10 R
15 25 12 25 D
15 26 0 34 L
15 27 20 31 L
15 28 18 28 D
15 29 1 5 U
15 30 14 30 L
15 31 15 31 L
15 32 15 3 U
15 33 12 33 L
15 34 15 6 U
15 35 12 22 D
15 36 14 36 L
15 37 17 37 L
16 0 15 17 R
16 1 16 12 R
16 2 13 15 R
16 3 15 33 L
16 4 3 13 R
16 5 19 34 L
16 6 5 36 L
16 7 16 7 U
16 8 4 29 L
16 9 28 11 R
16 10 13 22 D
16 11 14 19 D
16 12 14 20 D
16 13 12 22 D
16 14 8 0 U
16 15 16 21 D
16 16 17 24 D
16 17 12 17 R
16 18 17 18 R
16 19 4 14 R
16 20 14 11 R
16 21 17 11 R
16 22 12 22 D
16 23 18 23 D
16 24 19 30 L
16 25 18 10 R
16 26 15 35 L
16 27 22 27 D
16 28 16 28 D
16 29 7 8 U
16 30 13 22 D
16 31 16 0 U
16 32 14 9 U
16 33 12 26 D
16 34 16 19 D
16 35 17 24 D
16 36 18 36 L
16 37 16 37 L
17 0 9 26 D
17 1 11 37 L
17 2 13 10 R
17 3 16 3 U
17 4 12 37 L
17 5 21 5 U
17 6 21 18 R
17 7 17 37 L
17 8 19 10 R
17 9 28 9 U
17 10 18 1 U
17 11 15 11 R
17 12 17 12 R
17 13 13 13 R
17 14 13 14 R
17 15 15 15 R
17 16 8 16 R
17 17 15 17 R
17 18 15 21 D
17 19 13 10 R
17 20 16 18 R
17 21 17 18 R
17 22 17 22 D
17 23 17 23 D
17 24 10 24 D
17 25 16 25 D
17 26 14 29 L
17 27 17 27 D
17 28 0 6 U
17 29 14 6 U
17 30 19 0 U
17 31 12 19 D
17 32 14 32 L
17 33 15 33 L
17 34 16 34 L
17 35 22 35 L
17 36 17 36 L
17 37 14 37 L
18 0 13 14 R
18 1 17 20 D
18 2 14 30 L
18 3 19 3 U
18 4 1 4 U
18 5 0 24 D
18 6 24 15 R
18 7 14 7 U
18 9 27 9 U
18 10 0 9 U
18 11 16 23 D
18 12 0 29 L
18 13 14 13 R
18 14 16 20 D
18 15 14 15 R
18 16 16 16 R
18 17 21 19 D
18 18 19 20 D
18 19 8 0 U
18 20 16 29 L
18 21 18 2 U
18 22 0 2 U
18 23 14 23 D
18 24 14 24 D
18 25 16 30 L
18 26 6 12 R
18 27 10 37 L
18 28 22 28 D
18 29 17 8 U
18 30 17 3 U
18 31 21 26 D
18 32 19 26 D
18 33 16 33 L
18 34 1 24 D
18 35 21 35 L
18 36 16 21 D
18 37 13 4 U
19 0 15 31 L
19 1 17 30 L
19 2 1 32 L
19 3 20 35 L
19 4 3 12 R
19 5 22 5 U
19 6 15 6 U
19 7 16 10 R
19 9 27 18 R
19 10 11 23 D
19 11 18 24 D
19 12 19 12 R
19 13 18 2 U
19 14 17 19 D
19 15 19 28 D
19 16 19 16 R
19 17 20 17 R
19 18 5 9 U
19 19 16 11 R
19 20 17 14 R
19 21 1 13 R
19 22 20 32 L
19 23 9 29 L
19 24 17 24 D
19 25 13 25 D
19 26 13 26 D
19 27 12 27 D
19 28 14 28 D
19 29 3 9 U
19 30 18 25 D
19 31 20 31 L
19 32 21 32 L
19 33 18 33 L
19 34 20 21 D
19 35 20 35 L
19 36 16 36 L
19 37 18 7 U
20 0 6 16 R
20 1 16 17 R
20 2 12 35 L
20 3 21 3 U
20 4 18 17 R
20 5 16 36 L
20 6 20 6 U
20 7 17 7 U
20 10 21 20 D
20 11 19 22 D
20 12 16 2 U
20 13 19 19 D
20 14 18 22 D
20 15 20 23 D
20 16 18 16 R
20 17 19 17 R
20 18 20 4 U
20 19 19 11 R
20 20 19 20 D
20 21 10 4 U
20 22 18 22 D
20 23 17 1 U
20 24 4 8 U
20 25 9 30 L
20 26 1 26 D
20 27 22 13 R
20 28 21 28 D
20 29 19 1 U
20 30 18 9 U
20 31 19 31 L
20 32 19 32 L
20 33 20 23 D
20 34 22 34 L
20 35 19 35 L
20 36 21 11 R
20 37 21 5 U
21 0 0 31 L
21 1 17 13 R
21 2 21 2 U
21 3 18 12 R
21 4 14 11 R
21 5 16 37 L
21 6 23 6 U
21 7 23 32 L
21 10 20 10 R
21 11 22 26 D
21 12 9 12 R
21 13 18 13 R
21 14 7 14 R
21 15 20 15 R
21 16 17 16 R
21 17 18 17 R
21 18 20 18 R
21 19 20 13 R
21 20 1 20 D
21 21 21 21 D
21 22 1 4 U
21 23 22 23 D
21 24 15 24 D
21 25 19 25 D
21 26 19 16 R
21 27 0 11 R
21 28 19 28 D
21 29 1 2 U
21 30 20 2 U
21 31 21 25 D
21 32 22 5 U
21 33 19 33 L
21 34 21 34 L
21 35 20 22 D
21 36 21 36 L
21 37 18 23 D
22 0 20 30 L
22 1 22 30 L
22 2 15 2 U
22 3 15 3 U
22 4 21 32 L
22 5 21 11 R
22 6 19 6 U
22 7 24 7 U
22 10 21 10 R
22 11 15 5 U
22 12 19 20 D
22 13 20 25 D
22 14 23 1 U
22 15 23 21 D
22 16 20 27 D
22 17 19 0 U
22 18 19 18 R
22 19 19 1 U
22 20 21 6 U
22 21 20 21 D
22 22 12 35 L
22 23 13 23 D
22 24 11 29 L
22 25 20 16 R
22 26 21 26 D
22 27 21 27 D
22 28 17 12 R
22 29 11 20 D
22 30 21 3 U
22 31 24 22 D
22 32 24 2 U
22 33 18 5 U
22 34 19 34 L
22 35 21 19 D
22 36 20 36 L
22 37 25 19 D
23 0 19 18 R
23 1 23 34 L
23 2 22 20 D
23 3 17 10 R
23 4 19 36 L
23 5 3 32 L
23 6 24 13 R
23 7 24 37 L
23 10 23 19 D
23 11 17 3 U
23 12 22 0 U
23 13 8 7 U
23 14 22 14 R
23 15 21 15 R
23 16 23 2 U
23 17 22 25 D
23 18 21 27 D
23 19 20 1 U
23 20 13 20 D
23 21 17 37 L
23 22 15 29 L
23 23 19 16 R
23 24 23 15 R
23 25 22 29 L
23 26 23 12 R
23 27 1 10 R
23 29 0 9 U
23 30 20 3 U
23 31 23 31 L
23 32 23 1 U
23 33 25 20 D
23 34 23 19 D
23 35 23 27 D
23 36 25 28 D
23 37 25 37 L
24 0 21 30 L
24 1 24 30 L
24 2 18 21 D
24 3 17 3 U
24 4 24 4 U
24 5 18 5 U
24 6 21 6 U
24 7 22 7 U
24 10 12 20 D
24 11 21 23 D
24 12 22 12 R
24 13 15 22 D
24 14 22 21 D
24 15 23 23 D
24 16 24 24 D
24 17 24 17 R
24 18 0 32 L
24 19 22 12 R
24 20 22 14 R
24 21 22 11 R
24 22 16 31 L
24 23 16 23 D
24 24 21 17 R
24 25 24 25 D
24 26 24 26 D
24 27 25 27 D
24 29 19 22 D
24 30 19 28 D
24 31 13 26 D
24 32 10 2 U
24 33 26 33 L
24 35 23 35 L
24 36 25 36 L
24 37 18 28 D
25 0 21 10 R
25 1 24 31 L
25 2 19 13 R
25 3 23 16 R
25 4 23 37 L
25 5 24 20 D
25 6 14 6 U
25 7 6 7 U
25 10 25 24 D
25 11 24 26 D
25 12 25 5 U
25 13 23 13 R
25 14 23 14 R
25 15 22 15 R
25 16 24 16 R
25 17 25 24 D
25 18 13 18 R
25 19 22 0 U
25 20 23 33 L
25 21 24 11 R
25 22 0 32 L
25 23 25 14 R
25 24 23 24 D
25 25 17 25 D
25 26 4 26 D
25 27 24 27 D
25 29 22 14 R
25 30 23 4 U
25 31 25 4 U
25 32 17 32 L
25 33 27 33 L
25 36 24 36 L
25 37 23 37 L
26 0 14 15 R
26 3 25 14 R
26 4 23 33 L
26 5 22 15 R
26 6 26 11 R
26 7 16 23 D
26 10 24 19 D
26 11 19 6 U
26 12 10 24 D
26 13 26 20 D
26 14 15 19 D
26 15 19 19 D
26 16 0 7 U
26 17 23 17 R
26 18 11 18 R
26 19 8 16 R
26 20 25 10 R
26 21 5 36 L
26 22 13 29 L
26 23 26 32 L
26 24 27 30 L
26 25 26 6 U
26 26 10 26 D
26 27 26 27 D
26 29 14 23 D
26 30 26 25 D
26 31 23 5 U
26 32 26 20 D
26 33 27 22 D
26 36 25 4 U
26 37 24 37 L
27 0 23 17 R
27 3 23 3 U
27 4 26 33 L
27 5 25 5 U
27 6 26 6 U
27 7 23 7 U
27 10 25 10 R
27 11 26 0 U
27 12 26 21 D
27 13 25 13 R
27 14 28 14 R
27 15 0 36 L
27 16 12 27 D
27 17 27 17 R
27 19 25 11 R
27 20 25 29 L
27 21 27 12 R
27 22 24 0 U
27 23 28 32 L
27 24 26 24 D
27 25 27 25 D
27 26 28 26 D
27 29 11 26 D
27 30 26 4 U
27 31 26 9 U
27 32 0 22 D
27 33 24 33 L
27 36 15 36 L
27 37 15 37 L
28 0 12 16 R
28 4 28 15 R
28 7 28 7 U
28 10 8 31 L
28 11 23 7 U
28 12 27 22 D
28 13 0 0 U
28 15 17 15 R
28 16 28 23 D
28 19 19 13 R
28 22 18 14 R
28 23 28 23 D
28 25 25 25 D
28 26 27 26 D
28 29 26 26 D
28 30 27 30 L
28 31 1 9 U
28 32 16 28 D
28 33 25 33 L
28 36 20 3 U
28 37 25 25 D
29 0 21 0 U
29 16 25 16 R

