24 16 340
20 6 21 0 21 19 15 21 0 17 2 11 5
0 0 16 5 3 16 0 0 4 18 0 0 22
0 19 0 0 18 1 0 0 19 21 0 21 13
0 21 0 0 0 23 0 0 0 22 22 0 0
0 0 22 0 0 0 15 0 2 0 11 0 0
0 0 0 0 20 20 0 12 14 0 17 18 4
0 19 20 0 0 0 0 19 0 2 18 0 4
0 1 12 1 0 13 0 14 0 0 0 19 17
0 20 12 0 18 19 0 0 13 0 9 0 12
0 21 0 5 20 0 3 0 0 0 1 1 4
0 18 0 0 19 18 14 20 16 18 18 0 7
0 17 23 23 0 17 22 0 0 21 0 20 19
19 3 1 13 12 0 0 0 7 10 12 0 4
0 0 0 0 U
0 1 0 1 U
0 2 0 2 U
0 3 0 3 U
0 4 0 4 R
0 5 0 5 R
0 6 0 6 R
0 7 0 7 R
0 8 0 8 D
0 9 0 9 D
0 10 0 10 D
0 11 0 11 D
0 12 0 12 L
0 13 0 13 L
0 14 0 14 L
0 15 0 15 L
1 0 14 0 U
1 1 8 11 D
1 2 4 2 U
1 3 7 11 D
1 4 0 9 D
1 5 11 5 R
1 6 12 6 R
1 7 7 7 R
1 8 13 8 D
1 9 7 9 D
1 10 0 7 R
1 11 10 11 D
1 12 4 5 R
1 13 8 0 U
1 14 5 14 L
1 15 6 3 U
2 0 0 7 R
2 1 1 1 U
2 2 1 2 U
2 3 6 3 U
2 4 15 4 R
2 5 0 14 L
2 6 15 2 U
2 7 11 7 R
2 8 1 5 R
2 9 0 14 L
2 10 4 10 D
2 11 5 11 D
2 12 8 8 D
2 13 13 13 L
2 14 0 1 U
2 15 8 15 L
3 0 16 15 L
3 1 0 5 R
3 2 9 5 R
3 3 7 3 U
3 4 0 8 D
3 5 2 5 R
3 6 14 1 U
3 7 4 9 D
3 8 0 13 L
3 9 7 4 R
3 10 15 4 R
3 11 4 11 D
3 12 6 9 D
3 13 5 13 L
3 14 2 3 U
3 15 9 10 D
4 0 0 12 L
4 1 0 9 D
4 2 2 2 U
4 3 0 11 D
4 4 0 1 U
4 5 0 0 U
4 6 7 8 D
4 7 0 10 D
4 8 6 15 L
4 9 0 5 R
4 10 14 15 L
4 11 9 6 R
4 12 5 12 L
4 13 0 3 U
4 14 0 2 U
4 15 0 4 R
5 0 0 15 L
5 1 0 10 D
5 2 7 6 R
5 3 2 3 U
5 4 0 3 U
5 5 3 5 R
5 6 6 6 R
5 7 4 7 R
5 8 11 8 D
5 9 18 5 R
5 10 4 6 R
5 11 0 4 R
5 12 2 0 U
5 13 9 13 L
5 14 11 14 L
5 15 12 0 U
6 0 16 4 R
6 1 2 1 U
6 2 9 12 L
6 3 7 9 D
6 4 8 10 D
6 5 0 1 U
6 6 12 6 R
6 7 14 0 U
6 8 3 5 R
6 9 16 0 U
6 10 0 0 U
6 11 0 6 R
6 12 0 2 U
6 13 4 11 D
6 14 1 14 L
6 15 2 15 L
7 0 19 8 D
7 1 2 1 U
7 2 11 10 D
7 3 9 11 D
7 4 5 13 L
7 5 2 14 L
7 6 2 6 R
7 7 0 13 L
7 8 0 4 R
7 9 3 9 D
7 10 4 10 D
7 11 3 2 U
7 12 3 12 L
7 13 0 0 U
7 14 11 14 L
7 15 10 15 L
8 0 14 5 R
8 1 0 4 R
8 2 15 12 L
8 3 0 8 D
8 4 10 9 D
8 5 16 1 U
8 6 10 6 R
8 7 14 2 U
8 8 3 13 L
8 9 2 15 L
8 10 2 7 R
8 11 7 12 L
8 12 0 8 D
8 13 11 8 D
8 14 0 10 D
8 15 2 15 L
9 0 8 4 R
9 1 14 14 L
9 2 10 9 D
9 3 16 14 L
9 4 13 11 D
9 5 5 15 L
9 6 6 6 R
9 7 3 7 R
9 8 2 7 R
9 9 8 5 R
9 10 11 10 D
9 11 0 7 R
9 12 14 8 D
9 13 16 3 U
9 14 5 9 D
9 15 3 3 U
10 0 3 4 R
10 1 1 13 L
10 2 5 12 L
10 3 3 3 U
10 4 3 8 D
10 5 17 0 U
10 6 1 3 U
10 7 6 7 R
10 8 4 4 R
10 9 13 14 L
10 10 1 15 L
10 11 12 11 D
10 12 3 12 L
10 13 3 10 D
10 14 3 8 D
10 15 3 15 L
11 0 3 7 R
11 1 6 12 L
11 2 5 13 L
11 3 3 3 U
11 4 1 1 U
11 5 3 2 U
11 6 7 13 L
11 7 3 9 D
11 8 13 7 R
11 9 2 5 R
11 10 1 10 D
11 11 2 6 R
11 12 2 11 D
11 13 17 11 D
11 14 3 9 D
11 15 3 15 L
12 0 17 12 L
12 1 13 1 U
12 2 10 2 U
12 3 4 3 U
12 4 17 14 L
12 5 5 5 R
12 6 2 6 R
12 7 2 1 U
12 8 16 0 U
12 9 9 9 D
12 10 15 10 D
12 11 2 13 L
12 12 1 0 U
12 13 2 1 U
12 14 5 1 U
12 15 9 6 R
13 0 17 13 L
13 1 0 13 L
13 2 2 2 U
13 3 14 12 L
13 4 12 3 U
13 5 1 5 R
13 6 3 15 L
13 7 6 7 R
13 8 3 12 L
13 9 4 13 L
13 10 12 10 D
13 11 16 11 D
13 12 2 12 L
13 13 10 0 U
13 14 1 14 L
13 15 8 1 U
14 0 2 4 R
14 1 2 1 U
14 2 0 14 L
14 3 11 3 U
14 4 8 11 D
14 5 16 10 D
14 6 5 0 U
14 7 0 1 U
14 8 8 12 L
14 9 1 14 L
14 10 0 12 L
14 11 2 11 D
14 12 7 12 L
14 13 9 9 D
14 14 6 14 L
14 15 1 15 L
15 0 9 6 R
15 1 18 5 R
15 2 4 15 L
15 3 2 3 U
15 4 10 8 D
15 5 10 8 D
15 6 10 9 D
15 7 12 7 R
15 8 6 4 R
15 9 17 14 L
15 10 9 12 L
15 12 10 4 R
15 13 16 2 U
15 14 8 14 L
15 15 20 15 L
16 0 10 14 L
16 1 9 10 D
16 2 13 2 U
16 3 8 13 L
16 4 12 10 D
16 5 13 3 U
16 6 14 0 U
16 7 2 3 U
16 8 6 0 U
16 9 12 0 U
16 10 2 5 R
16 12 15 9 D
16 13 12 1 U
16 14 12 2 U
16 15 20 1 U
17 0 20 0 U
17 1 2 1 U
17 2 12 2 U
17 3 1 3 U
17 4 6 8 D
17 5 1 15 L
17 6 8 14 L
17 7 19 7 R
17 8 16 13 L
17 9 10 5 R
17 10 6 5 R
17 12 7 9 D
17 13 2 9 D
17 14 21 11 D
18 0 11 0 U
18 1 19 1 U
18 2 17 4 R
18 3 21 4 R
18 4 3 9 D
18 5 13 2 U
18 6 3 10 D
18 7 2 7 R
18 8 15 14 L
18 9 14 4 R
18 10 4 10 D
18 12 10 9 D
18 13 3 13 L
18 14 2 7 R
19 0 13 6 R
19 1 13 1 U
19 2 8 14 L
19 3 8 4 R
19 4 17 15 L
19 6 21 6 R
19 7 6 15 L
19 8 20 1 U
19 9 3 15 L
19 10 2 10 D
19 12 1 8 D
19 13 12 13 L
19 14 2 14 L
20 0 5 0 U
20 1 2 1 U
20 2 3 2 U
20 4 10 0 U
20 6 22 6 R
20 7 2 7 R
20 8 3 8 D
20 9 6 0 U
20 10 18 5 R
20 12 15 2 U
20 14 15 8 D
21 0 2 0 U
21 1 15 8 D
21 2 1 2 U
21 4 16 12 L
21 7 5 7 R
21 9 7 9 D
21 10 11 6 R
21 12 18 11 D
21 14 14 14 L
22 1 9 1 U
22 2 12 2 U
22 4 0 12 L
22 7 3 7 R
22 9 4 7 R
22 14 16 10 D
23 7 2 7 R
23 9 17 12 L
23 10 22 1 U

