26 24 514
16 18 0 0 11 0 7 22 22 0 21 0 0 0 16 0 0
1 0 15 22 17 10 0 0 0 0 12 0 0 19 0 0 0
0 8 11 0 0 17 13 0 11 10 0 9 16 0 0 4 0
0 1 0 0 19 19 12 0 0 20 9 0 0 0 0 16 0
0 0 0 0 0 0 0 0 7 2 0 5 2 0 0 19 14
0 0 0 0 0 11 6 0 24 21 13 0 0 14 9 6 13
0 0 0 0 0 0 4 0 0 0 17 4 17 14 0 0 0
0 0 0 0 0 0 0 0 8 0 4 14 1 0 11 0 0
0 0 0 0 0 22 0 0 0 14 2 0 8 0 0 0 0
0 0 0 0 0 0 0 21 18 0 0 0 0 16 0 0 0
0 0 0 0 0 21 0 0 0 0 0 0 0 20 0 0 0
22 13 1 15 16 22 0 0 0 0 0 0 0 0 0 24 18
0 0 0 0 17 0 11 0 0 0 0 0 0 0 0 20 3
0 22 3 0 0 0 2 22 0 0 6 0 0 0 6 0 8
0 23 0 0 0 23 9 25 17 0 0 6 0 0 9 0 0
0 0 17 0 0 0 17 0 19 0 0 5 18 0 19 6 0
0 13 19 0 18 12 14 7 21 0 0 11 4 0 0 0 0
0 0 0 0 R
0 1 0 1 R
0 2 0 2 R
0 3 0 3 R
0 4 0 4 R
0 5 0 5 R
0 6 0 6 R
0 7 0 7 U
0 8 0 8 U
0 9 0 9 U
0 10 0 10 U
0 11 0 11 U
0 12 0 12 D
0 13 0 13 D
0 14 0 14 D
0 15 0 15 D
0 16 0 16 D
0 17 0 17 D
0 18 0 18 L
0 19 0 19 L
0 20 0 20 L
0 21 0 21 L
0 22 0 22 L
0 23 0 23 L
1 0 0 7 U
1 1 14 1 R
1 2 9 2 R
1 3 5 23 L
1 4 3 4 R
1 5 9 5 R
1 6 9 6 R
1 7 11 0 R
1 8 4 8 U
1 9 7 0 R
1 10 2 10 U
1 11 4 18 L
1 12 4 23 L
1 13 8 20 L
1 14 15 2 R
1 15 13 3 R
1 16 17 16 D
1 17 9 17 D
1 18 2 18 L
1 19 17 1 R
1 20 5 4 R
1 21 21 14 D
1 22 14 22 L
1 23 15 14 D
2 0 5 13 D
2 1 0 19 L
2 2 9 2 R
2 3 16 17 D
2 4 5 4 R
2 5 10 5 R
2 6 6 6 R
2 7 8 19 L
2 8 1 1 R
2 9 4 9 U
2 10 20 10 U
2 11 1 1 R
2 12 13 18 L
2 13 17 22 L
2 14 0 22 L
2 15 8 15 D
2 16 3 16 D
2 17 0 2 R
2 18 7 15 D
2 19 10 13 D
2 20 19 10 U
2 21 0 11 U
2 22 15 22 L
2 23 9 15 D
3 0 2 7 U
3 1 1 8 U
3 2 1 11 U
3 3 13 11 U
3 4 6 14 D
3 5 7 11 U
3 6 1 6 R
3 7 2 20 L
3 8 4 18 L
3 9 0 15 D
3 10 2 10 U
3 11 8 14 D
3 12 15 23 L
3 13 13 18 L
3 14 0 9 U
3 15 2 2 R
3 16 14 2 R
3 17 1 22 L
3 18 19 17 D
3 19 11 19 L
3 20 4 8 U
3 21 1 21 L
3 22 6 11 U
3 23 2 23 L
4 0 11 12 D
4 1 2 7 U
4 2 5 13 D
4 3 15 11 U
4 4 13 10 U
4 5 5 17 D
4 6 23 6 R
4 7 1 7 U
4 8 2 8 U
4 9 21 1 R
4 10 6 23 L
4 11 17 21 L
4 12 0 0 R
4 13 0 8 U
4 14 9 2 R
4 15 2 15 D
4 16 6 5 R
4 17 13 17 D
4 18 0 7 U
4 19 0 13 D
4 20 2 20 L
4 21 13 10 U
4 22 19 8 U
4 23 1 23 L
5 0 1 0 R
5 1 16 1 R
5 2 11 10 U
5 3 14 3 R
5 4 7 4 R
5 5 10 7 U
5 6 3 6 R
5 7 0 18 L
5 8 0 19 L
5 9 12 21 L
5 10 8 20 L
5 11 4 13 D
5 12 3 18 L
5 13 6 7 U
5 14 15 3 R
5 15 0 21 L
5 16 0 4 R
5 17 3 21 L
5 18 1 13 D
5 19 14 13 D
5 20 2 20 L
5 21 11 13 D
5 22 0 14 D
5 23 10 3 R
6 0 0 18 L
6 1 4 1 R
6 2 12 2 R
6 3 17 3 R
6 4 1 4 R
6 5 1 5 R
6 6 21 6 R
6 7 7 22 L
6 8 7 19 L
6 9 11 9 U
6 10 1 0 R
6 11 20 11 U
6 12 8 4 R
6 13 20 0 R
6 14 3 5 R
6 15 15 5 R
6 16 4 9 U
6 17 1 17 D
6 18 1 12 D
6 19 12 10 U
6 20 7 20 L
6 21 15 10 U
6 22 8 12 D
6 23 10 11 U
7 0 10 16 D
7 1 14 9 U
7 2 3 21 L
7 3 12 8 U
7 4 21 16 D
7 5 19 13 D
7 6 4 6 R
7 7 12 22 L
7 8 0 0 R
7 9 0 20 L
7 10 21 13 D
7 11 1 3 R
7 12 19 20 L
7 13 0 19 L
7 14 9 22 L
7 15 15 23 L
7 16 15 7 U
7 17 8 4 R
7 18 9 13 D
7 19 0 12 D
7 20 1 20 L
7 21 15 21 L
7 22 1 22 L
7 23 10 23 L
8 0 2 22 L
8 1 12 12 D
8 2 14 2 R
8 3 14 16 D
8 4 2 16 D
8 5 18 16 D
8 7 0 22 L
8 8 0 4 R
8 9 1 9 U
8 10 3 10 U
8 11 0 3 R
8 12 7 7 U
8 13 18 20 L
8 14 3 19 L
8 15 11 4 R
8 16 4 20 L
8 17 5 9 U
8 18 5 15 D
8 19 11 16 D
8 20 2 7 U
8 21 19 8 U
8 22 0 15 D
8 23 2 23 L
9 0 16 12 D
9 1 3 7 U
9 2 16 8 U
9 3 7 10 U
9 4 10 15 D
9 5 23 20 L
9 6 14 6 R
9 7 0 1 R
9 8 21 0 R
9 9 2 9 U
9 10 10 6 R
9 11 6 11 U
9 12 21 12 D
9 13 7 21 L
9 14 15 5 R
9 15 3 15 D
9 16 8 20 L
9 18 16 0 R
9 19 2 14 D
9 20 2 20 L
9 21 6 21 L
9 22 1 22 L
9 23 19 12 D
10 0 0 15 D
10 1 14 12 D
10 2 7 15 D
10 3 9 3 R
10 4 18 4 R
10 5 17 10 U
10 6 2 6 R
10 7 4 18 L
10 8 12 12 D
10 9 11 22 L
10 10 0 23 L
10 11 11 20 L
10 12 13 22 L
10 13 8 1 R
10 14 2 6 R
10 15 0 3 R
10 16 3 16 D
10 18 11 5 R
10 19 14 14 D
10 20 19 14 D
10 21 0 10 U
10 22 18 14 D
10 23 4 7 U
11 0 7 12 D
11 1 1 1 R
11 2 10 16 D
11 3 0 16 D
11 4 10 4 R
11 5 1 5 R
11 6 1 6 R
11 7 8 18 L
11 8 16 1 R
11 9 7 1 R
11 10 15 3 R
11 11 4 22 L
11 12 13 5 R
11 13 0 10 U
11 14 3 14 D
11 15 9 15 D
11 16 16 19 L
11 18 6 12 D
11 19 8 2 R
11 20 0 3 R
11 21 10 9 U
11 22 12 14 D
11 23 0 16 D
12 0 11 18 L
12 1 18 12 D
12 2 9 2 R
12 3 3 14 D
12 4 15 12 D
12 5 19 12 D
12 7 15 23 L
12 8 0 13 D
12 9 8 3 R
12 10 5 12 D
12 11 19 3 R
12 12 0 7 U
12 13 14 13 D
12 14 1 14 D
12 15 3 6 R
12 16 5 10 U
12 18 18 18 L
12 19 6 0 R
12 20 4 9 U
12 21 18 21 L
12 22 20 22 L
12 23 11 12 D
13 0 16 7 U
13 1 10 9 U
13 2 5 7 U
13 3 14 3 R
13 4 15 13 D
13 5 8 9 U
13 6 10 13 D
13 7 15 7 U
13 8 8 8 U
13 9 8 2 R
13 10 3 23 L
13 11 16 0 R
13 12 9 2 R
13 13 1 13 D
13 14 0 21 L
13 15 10 1 R
13 16 7 16 D
13 17 0 5 R
13 18 0 8 U
13 19 17 19 L
13 20 2 12 D
13 21 19 4 R
13 22 2 22 L
13 23 7 13 D
14 0 0 8 U
14 1 0 21 L
14 2 4 2 R
14 3 5 3 R
14 4 16 23 L
14 5 9 5 R
14 6 3 6 R
14 7 9 19 L
14 8 2 8 U
14 9 2 9 U
14 10 0 14 D
14 11 12 22 L
14 12 10 22 L
14 13 1 23 L
14 14 11 5 R
14 15 16 19 L
14 16 0 10 U
14 18 17 18 L
14 19 13 9 U
14 20 3 20 L
14 21 5 21 L
14 22 19 22 L
14 23 3 23 L
15 0 6 11 U
15 1 3 9 U
15 2 7 14 D
15 3 9 9 U
15 4 9 7 U
15 5 18 5 R
15 6 7 15 D
15 7 12 4 R
15 8 6 0 R
15 9 12 19 L
15 10 12 2 R
15 11 1 11 U
15 12 0 18 L
15 13 13 19 L
15 14 9 20 L
15 15 17 2 R
15 16 1 19 L
15 18 3 0 R
15 19 1 13 D
15 20 17 8 U
15 21 1 21 L
15 22 2 11 U
15 23 7 23 L
16 0 15 10 U
16 1 6 18 L
16 2 6 13 D
16 3 2 19 L
16 4 0 22 L
16 7 19 1 R
16 8 0 12 D
16 9 17 21 L
16 10 14 0 R
16 11 19 2 R
16 12 15 21 L
16 14 3 21 L
16 15 17 18 L
16 16 7 18 L
16 18 19 14 D
16 19 11 14 D
16 20 13 20 L
16 21 2 17 D
16 22 11 16 D
16 23 13 23 L
17 0 12 0 R
17 1 18 7 U
17 2 7 2 R
17 3 23 13 D
17 7 19 7 U
17 8 4 8 U
17 9 23 20 L
17 10 6 4 R
17 12 18 2 R
17 13 20 2 R
17 14 8 2 R
17 15 0 19 L
17 16 4 16 D
17 18 14 10 U
17 19 7 11 U
17 20 16 16 D
17 21 1 9 U
17 22 0 17 D
17 23 21 10 U
18 0 12 17 D
18 1 4 1 R
18 2 15 2 R
18 3 7 3 R
18 4 5 4 R
18 7 13 20 L
18 8 11 18 L
18 9 10 5 R
18 10 8 21 L
18 12 5 22 L
18 13 9 19 L
18 14 17 19 L
18 15 8 20 L
18 16 1 6 R
18 17 17 1 R
18 18 13 18 L
18 19 8 7 U
18 20 3 7 U
18 21 12 16 D
18 22 15 13 D
19 0 14 9 U
19 1 0 23 L
19 2 9 9 U
19 3 23 21 L
19 4 2 4 R
19 5 3 5 R
19 6 7 9 U
19 7 22 21 L
19 8 9 1 R
19 9 13 6 R
19 10 18 15 D
19 12 5 0 R
19 13 14 1 R
19 14 15 23 L
19 15 2 15 D
19 16 2 16 D
19 18 20 16 D
19 19 6 15 D
19 20 15 4 R
19 21 20 15 D
19 22 12 8 U
20 0 24 23 L
20 1 14 19 L
20 2 12 2 R
20 4 9 4 R
20 5 14 5 R
20 7 22 0 R
20 8 12 15 D
20 9 11 0 R
20 11 2 11 U
20 12 14 2 R
20 13 0 1 R
20 14 7 14 D
20 15 4 15 D
20 16 18 9 U
20 18 0 14 D
20 19 4 8 U
20 20 17 9 U
20 21 1 21 L
20 22 6 8 U
21 0 18 15 D
21 1 6 1 R
21 2 7 8 U
21 3 11 3 R
21 4 0 11 U
21 7 2 19 L
21 8 3 3 R
21 9 2 9 U
21 11 10 11 U
21 12 9 9 U
21 14 2 2 R
21 15 17 0 R
21 18 20 9 U
21 20 1 15 D
21 22 20 22 L
21 23 3 9 U
22 0 17 0 R
22 1 18 13 D
22 2 16 12 D
22 7 1 4 R
22 8 13 23 L
22 9 16 0 R
22 12 12 8 U
22 14 23 11 U
22 15 2 15 D
22 18 8 12 D
22 22 11 22 L
23 0 13 7 U
23 1 6 20 L
23 2 18 10 U
23 8 22 20 L
23 9 6 9 U
23 12 2 3 R
23 14 22 10 U
23 22 7 11 U
24 0 1 7 U
24 2 20 20 L
24 22 22 12 D
25 0 11 0 R

