30 22 569
0 0 16 22 10 18 18 19 18 0 20 26 5 0 0 15 0 0 15 19
9 0 0 0 0 3 19 0 0 20 7 14 3 3 0 0 4 0 0 0
0 0 18 0 15 0 0 10 0 25 26 13 19 29 0 2 0 0 15 0
0 18 0 22 0 25 26 28 0 27 0 0 0 26 0 0 27 0 19 27
0 0 0 7 0 26 14 0 27 0 0 0 23 4 0 0 0 25 3 0
0 0 18 0 27 24 0 0 2 0 0 0 4 0 21 0 0 25 3 18
0 0 26 0 0 0 22 0 0 0 0 24 0 4 0 2 0 0 0 0
0 16 29 19 0 0 0 25 22 0 0 0 5 0 0 13 0 0 0 5
0 0 0 0 13 0 0 0 0 19 0 0 0 0 0 0 0 0 0 17
0 0 28 17 9 19 26 0 0 0 22 0 0 21 20 7 0 0 22 0
0 0 7 5 0 0 20 3 24 28 0 0 25 0 0 8 17 27 1 25
19 14 24 20 4 0 0 23 0 0 7 0 0 7 0 0 24 0 12 7
0 0 0 0 0 17 0 22 0 0 22 25 0 29 18 0 14 3 0 0
0 7 0 0 0 0 25 0 0 0 0 24 7 0 20 7 19 22 1 0
21 0 0 0 0 0 0 13 0 29 0 25 2 23 26 0 26 25 0 13
1 24 5 0 0 0 2 0 0 0 19 0 0 4 21 7 22 0 0 4
0 0 0 0 24 0 0 15 0 0 0 24 0 0 0 20 7 0 0 0
1 23 26 27 17 16 15 0 13 11 0 8 28 11 7 20 1 0 2 22
16 0 2 0 11 23 15 4 23 0 17 0 18 9 16 9 0 0 22 9
0 5 16 25 0 0 26 25 0 0 11 21 0 0 0 0 0 0 0 22
0 0 0 0 L
0 1 0 1 L
0 2 0 2 L
0 3 0 3 L
0 4 0 4 L
0 5 0 5 R
0 6 0 6 R
0 7 0 7 R
0 8 0 8 R
0 9 0 9 R
0 10 0 10 R
0 11 0 11 D
0 12 0 12 D
0 13 0 13 D
0 14 0 14 D
0 15 0 15 D
0 16 0 16 U
0 17 0 17 U
0 18 0 18 U
0 19 0 19 U
0 20 0 20 U
0 21 0 21 U
1 0 2 0 L
1 1 19 13 D
1 2 3 2 L
1 3 4 8 R
1 4 2 4 L
1 5 18 5 R
1 6 3 6 R
1 7 2 7 R
1 8 5 8 R
1 9 8 15 D
1 10 17 10 R
1 11 0 9 R
1 12 7 12 D
1 13 5 13 D
1 14 3 14 D
1 15 4 15 D
1 16 0 7 R
1 17 10 0 L
1 18 5 18 U
1 19 0 8 R
1 20 7 20 U
2 0 1 11 D
2 1 9 1 L
2 2 0 7 R
2 3 5 3 L
2 4 21 17 U
2 5 0 16 U
2 6 3 6 R
2 7 1 7 R
2 8 0 13 D
2 9 17 18 U
2 10 0 4 L
2 11 6 11 D
2 12 17 12 D
2 13 20 10 R
2 14 21 1 L
2 15 1 15 D
2 16 0 2 L
2 17 1 17 U
2 18 0 6 R
2 19 8 19 U
2 20 5 20 U
2 21 0 11 D
3 0 2 0 L
3 1 0 11 D
3 2 0 13 D
3 3 17 18 U
3 4 17 4 L
3 5 0 12 D
3 6 12 20 U
3 7 1 7 R
3 8 14 19 U
3 9 1 9 R
3 10 14 11 D
3 11 0 0 L
3 12 5 12 D
3 13 20 3 L
3 14 1 8 R
3 15 8 15 D
3 16 0 1 L
3 17 1 17 U
3 18 8 18 U
3 19 2 19 U
3 20 2 1 L
4 0 2 12 D
4 1 0 12 D
4 2 1 12 D
4 3 5 3 L
4 4 1 4 L
4 5 0 18 U
4 6 15 6 R
4 7 10 7 R
4 8 14 8 R
4 9 21 9 R
4 10 21 10 R
4 11 15 8 R
4 12 0 2 L
4 13 0 19 U
4 14 9 14 D
4 15 0 16 U
4 16 5 16 U
4 17 21 17 U
4 18 0 2 L
4 19 0 4 L
4 20 12 7 R
5 0 7 17 U
5 1 9 19 U
5 2 8 2 L
5 3 17 20 U
5 4 10 4 L
5 5 0 14 D
5 6 17 6 R
5 7 8 7 R
5 8 14 8 R
5 9 16 9 R
5 10 14 15 D
5 11 1 11 D
5 12 0 16 U
5 13 6 13 D
5 14 1 14 D
5 15 11 6 R
5 16 10 16 U
5 17 11 17 U
5 18 0 0 L
5 19 12 13 D
5 20 0 15 D
5 21 4 10 R
6 0 23 18 U
6 1 8 16 U
6 2 17 17 U
6 3 24 17 U
6 4 3 14 D
6 5 3 16 U
6 6 8 16 U
6 7 0 19 U
6 8 8 8 R
6 9 8 12 D
6 10 1 10 R
6 11 0 3 L
6 12 1 12 D
6 13 13 10 R
6 14 19 17 U
6 15 9 15 D
6 16 15 7 R
6 17 19 2 L
6 18 0 14 D
6 19 0 15 D
6 20 1 20 U
6 21 11 1 L
7 0 0 13 D
7 1 6 1 L
7 2 9 16 U
7 3 11 17 U
7 4 2 4 L
7 5 0 11 D
7 6 0 1 L
7 7 12 7 R
7 8 0 1 L
7 9 17 9 R
7 10 5 15 D
7 11 0 5 R
7 12 16 12 D
7 13 1 13 D
7 14 0 20 U
7 15 13 15 D
7 16 0 5 R
7 17 0 11 D
7 18 0 8 R
7 19 16 1 L
7 20 3 20 U
8 0 20 14 D
8 1 0 13 D
8 2 1 2 L
8 3 6 3 L
8 4 6 4 L
8 5 17 0 L
8 6 24 13 D
8 7 1 7 R
8 8 14 8 R
8 9 10 9 R
8 10 4 20 U
8 11 10 0 L
8 12 18 4 L
8 13 14 0 L
8 14 27 8 R
8 15 22 2 L
8 16 13 9 R
8 17 3 6 R
8 18 3 18 U
8 19 2 19 U
8 20 28 20 U
9 0 14 11 D
9 1 0 18 U
9 2 5 2 L
9 3 12 3 L
9 4 0 15 D
9 5 3 12 D
9 6 5 11 D
9 7 1 7 R
9 8 7 12 D
9 9 13 19 U
9 10 23 4 L
9 11 12 11 D
9 12 18 2 L
9 13 14 9 R
9 14 0 1 L
9 15 14 8 R
9 16 7 1 L
9 17 0 6 R
9 18 4 18 U
9 19 2 5 R
9 20 15 11 D
10 0 6 12 D
10 1 15 13 D
10 2 0 17 U
10 3 15 3 L
10 4 3 4 L
10 5 5 13 D
10 6 8 6 R
10 7 9 7 R
10 8 0 2 L
10 9 15 21 U
10 10 1 10 R
10 11 8 2 L
10 12 13 3 L
10 13 9 13 D
10 14 0 16 U
10 15 0 3 L
10 16 17 4 L
10 17 3 17 U
10 18 13 7 R
10 19 12 19 U
10 20 1 3 L
11 0 1 15 D
11 1 14 20 U
11 2 9 19 U
11 3 9 19 U
11 4 0 6 R
11 5 2 12 D
11 6 1 20 U
11 7 7 7 R
11 8 4 8 R
11 9 27 20 U
11 10 10 10 R
11 11 12 11 D
11 12 12 12 D
11 13 15 6 R
11 14 12 4 L
11 15 1 15 D
11 16 12 10 R
11 17 20 7 R
11 18 3 1 L
11 19 12 19 U
11 20 1 20 U
12 0 10 0 L
12 1 17 1 L
12 2 6 12 D
12 3 3 14 D
12 4 18 12 D
12 5 22 11 D
12 6 17 15 D
12 7 8 7 R
12 8 13 17 U
12 9 15 17 U
12 10 10 10 R
12 11 6 6 R
12 12 3 12 D
12 13 7 13 D
12 14 2 14 D
12 15 0 10 R
12 16 8 16 U
12 17 5 4 L
12 18 1 18 U
12 19 6 3 L
12 20 9 0 L
13 0 5 20 U
13 1 8 15 D
13 2 2 2 L
13 3 2 16 U
13 4 16 4 L
13 5 1 13 D
13 6 8 17 U
13 7 0 0 L
13 8 1 8 R
13 9 26 9 R
13 10 19 17 U
13 11 8 11 D
13 12 17 7 R
13 13 3 13 D
13 14 4 14 D
13 15 20 7 R
13 16 10 16 U
13 17 7 11 D
13 18 20 18 U
13 19 9 19 U
13 20 5 20 U
14 0 22 19 U
14 1 4 1 L
14 2 0 14 D
14 3 1 12 D
14 4 0 11 D
14 5 1 12 D
14 6 10 18 U
14 7 19 16 U
14 8 8 8 R
14 9 8 9 R
14 10 26 16 U
14 11 13 6 R
14 12 1 6 R
14 13 21 9 R
14 14 15 14 D
14 15 10 15 D
14 16 17 1 L
14 17 13 10 R
14 18 17 2 L
14 19 6 19 U
14 20 3 20 U
15 0 14 17 U
15 1 0 16 U
15 2 11 18 U
15 3 6 3 L
15 4 1 13 D
15 5 2 11 D
15 6 7 6 R
15 7 6 7 R
15 8 1 13 D
15 9 25 9 R
15 10 9 10 R
15 11 6 4 L
15 12 23 12 D
15 13 3 13 D
15 14 2 14 D
15 15 1 3 L
15 16 20 5 R
15 17 2 17 U
15 18 1 5 R
15 19 7 19 U
15 20 13 1 L
15 21 16 21 U
16 0 0 8 R
16 1 5 13 D
16 2 14 20 U
16 3 21 11 D
16 4 8 4 L
16 5 17 15 D
16 6 14 14 D
16 7 4 7 R
16 8 24 8 R
16 9 28 9 R
16 11 10 2 L
16 12 18 9 R
16 13 0 18 U
16 14 4 14 D
16 15 0 5 R
16 16 18 4 L
16 17 15 9 R
16 18 21 4 L
16 19 1 19 U
16 20 7 20 U
17 0 19 0 L
17 1 13 19 U
17 2 12 2 L
17 3 13 16 U
17 4 16 14 D
17 5 9 12 D
17 6 2 6 R
17 7 2 14 D
17 8 2 8 R
17 9 24 9 R
17 10 5 10 R
17 11 3 2 L
17 12 5 5 R
17 13 12 13 D
17 14 9 2 L
17 15 19 0 L
17 16 4 16 U
17 17 2 0 L
17 18 22 8 R
17 19 4 19 U
17 20 13 20 U
18 0 3 0 L
18 1 0 5 R
18 2 23 11 D
18 3 4 3 L
18 4 27 16 U
18 5 14 18 U
18 6 4 20 U
18 7 0 2 L
18 8 10 16 U
18 11 22 1 L
18 12 3 12 D
18 13 2 1 L
18 14 4 8 R
18 15 8 8 R
18 16 12 0 L
18 17 25 10 R
18 18 0 12 D
18 19 21 5 R
18 20 0 13 D
19 0 5 0 L
19 1 14 1 L
19 2 3 13 D
19 3 7 3 L
19 4 1 4 L
19 5 0 20 U
19 6 0 11 D
19 7 6 11 D
19 8 14 8 R
19 9 7 19 U
19 11 1 7 R
19 12 6 0 L
19 13 17 13 D
19 14 6 5 R
19 15 22 15 D
19 16 1 16 U
19 17 7 8 R
19 18 10 5 R
19 19 1 19 U
19 20 23 20 U
20 0 22 12 D
20 1 1 1 L
20 2 6 21 U
20 3 4 18 U
20 4 8 19 U
20 5 0 15 D
20 6 24 20 U
20 7 15 19 U
20 8 1 8 R
20 11 9 11 D
20 12 19 6 R
20 13 18 3 L
20 14 18 14 D
20 15 24 16 U
20 16 24 5 R
20 17 1 4 L
20 18 16 18 U
20 19 11 19 U
20 20 5 11 D
21 0 5 19 U
21 1 4 18 U
21 2 3 2 L
21 3 4 3 L
21 4 11 20 U
21 5 1 14 D
21 6 1 6 R
21 7 10 7 R
21 8 16 8 R
21 11 4 11 D
21 12 7 12 D
21 13 0 6 R
21 14 11 5 R
21 15 1 15 D
21 16 1 16 U
21 17 17 3 L
21 18 12 2 L
21 19 1 19 U
21 20 6 6 R
22 0 19 13 D
22 1 19 1 L
22 2 2 2 L
22 3 11 15 D
22 4 23 4 L
22 5 24 1 L
22 6 4 6 R
22 7 17 18 U
22 8 5 16 U
22 11 15 5 R
22 12 23 2 L
22 13 19 13 D
22 14 6 14 D
22 15 18 15 D
22 16 7 16 U
22 17 7 17 U
22 18 3 18 U
22 19 11 19 U
22 20 3 5 R
23 0 0 19 U
23 1 0 20 U
23 2 4 17 U
23 3 4 3 L
23 4 20 11 D
23 5 13 16 U
23 6 27 11 D
23 7 3 7 R
23 8 10 19 U
23 11 3 11 D
23 12 0 5 R
23 13 25 5 R
23 14 1 14 D
23 15 20 10 R
23 16 0 0 L
23 17 11 17 U
23 18 19 7 R
23 19 1 19 U
23 20 13 20 U
24 0 15 12 D
24 1 10 17 U
24 2 2 2 L
24 3 22 13 D
24 4 28 4 L
24 5 22 19 U
24 6 7 2 L
24 7 0 3 L
24 8 20 18 U
24 11 17 6 R
24 12 5 12 D
24 13 5 3 L
24 14 20 7 R
24 15 14 15 D
24 16 1 0 L
24 17 7 17 U
24 18 11 18 U
24 19 0 3 L
24 20 26 20 U
25 0 13 12 D
25 1 1 11 D
25 2 0 21 U
25 4 27 4 L
25 5 0 17 U
25 6 3 12 D
25 7 21 7 R
25 8 23 2 L
25 11 5 3 L
25 12 5 12 D
25 13 19 8 R
25 14 11 14 D
25 15 0 8 R
25 16 19 6 R
25 18 24 0 L
25 19 7 5 R
25 20 7 20 U
26 0 0 11 D
26 1 17 12 D
26 4 16 4 L
26 5 11 5 R
26 7 5 7 R
26 8 25 8 R
26 11 0 7 R
26 12 25 1 L
26 14 3 14 D
26 16 2 16 U
26 18 20 1 L
26 19 22 15 D
26 20 0 0 L
27 1 1 1 L
27 4 24 4 L
27 5 7 5 R
27 7 3 1 L
27 8 10 8 R
27 11 5 8 R
27 12 11 0 L
27 14 18 9 R
27 18 7 18 U
27 19 22 2 L
27 20 19 5 R
28 1 2 1 L
28 4 1 4 L
28 8 23 8 R
28 11 5 11 D
28 12 1 4 L
28 18 21 18 U
28 20 29 20 U
29 1 12 1 L
29 8 20 8 R
29 11 9 11 D
29 18 0 3 L
29 20 3 20 U

