20 19 323
17 13 15 15 0 0 0 0 19 0 0 18 12
0 13 0 0 0 5 0 10 9 0 7 8 2
6 0 0 0 2 1 0 0 0 0 15 0 0
0 0 0 7 0 10 14 7 13 10 0 14 7
0 1 12 16 15 8 10 16 0 12 14 2 5
0 0 5 14 0 0 0 3 0 13 16 15 3
0 0 15 0 5 0 16 17 17 0 0 14 2
9 0 17 0 0 16 4 0 9 0 0 0 0
13 0 12 0 11 0 1 6 2 13 9 6 8
0 0 9 14 6 0 0 0 3 0 0 3 2
14 0 11 0 0 0 0 16 8 0 0 0 9
0 0 13 1 0 2 0 0 0 0 1 0 0
8 11 0 0 0 1 6 9 0 8 18 2 16
0 0 0 0 R
0 1 0 1 R
0 2 0 2 R
0 3 0 3 R
0 4 0 4 U
0 5 0 5 U
0 6 0 6 U
0 7 0 7 U
0 8 0 8 U
0 9 0 9 D
0 10 0 10 D
0 11 0 11 D
0 12 0 12 D
0 13 0 13 D
0 14 0 14 L
0 15 0 15 L
0 16 0 16 L
0 17 0 17 L
0 18 0 18 L
1 0 7 6 U
1 1 2 1 R
1 2 0 14 L
1 3 4 3 R
1 4 9 0 R
1 5 7 5 U
1 6 6 6 U
1 7 4 7 U
1 8 9 0 R
1 9 3 15 L
1 10 5 16 L
1 11 0 14 L
1 12 13 12 D
1 13 0 5 U
1 14 2 9 D
1 15 11 4 U
1 16 2 9 D
1 17 10 17 L
1 18 2 18 L
2 0 1 0 R
2 1 0 6 U
2 2 0 11 D
2 3 3 3 R
2 4 12 4 U
2 5 0 14 L
2 6 1 14 L
2 7 4 2 R
2 8 11 14 L
2 9 11 9 D
2 10 7 10 D
2 11 9 11 D
2 12 6 5 U
2 13 3 13 D
2 14 13 13 D
2 15 5 15 L
2 16 11 16 L
2 17 11 7 U
2 18 10 18 L
3 0 6 0 R
3 1 10 8 U
3 2 8 2 R
3 3 5 3 R
3 4 6 17 L
3 5 2 2 R
3 6 6 16 L
3 7 12 18 L
3 8 14 8 U
3 9 0 4 U
3 10 6 10 D
3 11 0 6 U
3 12 12 12 D
3 13 13 13 D
3 14 2 14 L
3 15 11 5 U
3 16 5 16 L
3 17 2 17 L
3 18 11 4 U
4 0 1 4 U
4 1 12 4 U
4 2 1 13 D
4 3 3 3 R
4 4 2 14 L
4 5 7 5 U
4 6 1 6 U
4 7 7 14 L
4 8 6 8 U
4 9 2 9 D
4 10 3 1 R
4 11 12 11 D
4 12 14 12 D
4 13 7 3 R
4 14 10 3 R
4 15 8 12 D
4 16 1 12 D
4 18 2 18 L
5 0 6 14 L
5 1 1 1 R
5 2 1 2 R
5 3 3 3 R
5 4 11 15 L
5 5 11 1 R
5 6 10 2 R
5 7 7 2 R
5 8 2 8 U
5 9 3 14 L
5 10 1 10 D
5 11 16 16 L
5 12 4 16 L
5 13 12 13 D
5 14 0 10 D
5 15 17 15 L
5 16 3 16 L
5 17 17 10 D
5 18 10 18 L
6 0 0 15 L
6 1 0 9 D
6 2 0 17 L
6 3 5 9 D
6 4 2 4 U
6 5 0 1 R
6 6 5 15 L
6 8 11 8 U
6 9 0 0 R
6 10 5 17 L
6 11 2 11 D
6 12 1 12 D
6 13 0 7 U
6 14 0 4 U
6 15 0 9 D
6 16 13 12 D
6 17 12 11 D
6 18 10 5 U
7 0 15 7 U
7 1 0 18 L
7 2 1 2 R
7 3 15 10 D
7 4 15 1 R
7 5 5 0 R
7 6 3 6 U
7 7 5 0 R
7 8 8 8 U
7 9 6 2 R
7 10 9 10 D
7 11 9 11 D
7 12 8 12 D
7 13 10 13 D
7 14 1 14 L
7 15 3 9 D
7 16 10 5 U
7 18 6 18 L
8 0 12 0 R
8 1 1 1 R
8 2 13 4 U
8 3 13 4 U
8 4 14 2 R
8 5 6 2 R
8 6 4 6 U
8 8 3 8 U
8 9 0 5 U
8 10 0 6 U
8 11 6 1 R
8 12 10 0 R
8 13 0 8 U
8 14 15 11 D
8 15 0 1 R
8 16 2 16 L
8 17 16 17 L
8 18 3 18 L
9 0 0 5 U
9 1 0 10 D
9 2 7 9 D
9 3 0 4 U
9 4 0 1 R
9 5 0 9 D
9 6 5 18 L
9 7 11 7 U
9 8 1 2 R
9 9 11 17 L
9 10 4 10 D
9 11 1 11 D
9 12 2 17 L
9 13 7 13 D
9 14 17 5 U
9 15 1 8 U
9 16 0 13 D
9 18 0 10 D
10 0 16 7 U
10 1 8 1 R
10 2 5 5 U
10 3 0 16 L
10 4 0 0 R
10 5 1 15 L
10 6 0 0 R
10 8 19 18 L
10 9 0 3 R
10 10 12 0 R
10 11 5 7 U
10 12 1 12 D
10 14 4 7 U
10 15 8 6 U
10 16 5 16 L
10 17 1 17 L
10 18 16 18 L
11 0 18 10 D
11 1 0 4 U
11 2 2 2 R
11 3 5 3 R
11 4 13 18 L
11 5 10 1 R
11 6 10 14 L
11 7 13 7 U
11 8 9 8 U
11 9 13 2 R
11 10 6 2 R
11 11 0 2 R
11 12 1 12 D
11 13 1 13 D
11 14 7 14 L
11 15 10 15 L
11 16 0 6 U
11 18 2 8 U
12 0 17 13 D
12 1 14 7 U
12 2 15 7 U
12 3 11 6 U
12 4 1 1 R
12 5 0 11 D
12 6 0 15 L
12 7 7 1 R
12 8 15 8 U
12 9 14 3 R
12 10 8 15 L
12 11 2 15 L
12 12 11 3 R
12 13 0 17 L
12 14 8 7 U
12 15 1 11 D
12 16 8 9 D
12 17 14 5 U
12 18 9 18 L
13 0 4 4 U
13 1 2 9 D
13 2 9 5 U
13 3 9 3 R
13 4 0 10 D
13 5 15 3 R
13 6 7 3 R
13 7 1 18 L
13 8 2 8 U
13 9 8 16 L
13 10 1 10 D
13 11 15 11 D
13 12 15 2 R
13 13 8 6 U
13 14 14 4 U
13 15 10 4 U
13 16 2 10 D
13 18 12 10 D
14 0 8 12 D
14 1 16 9 D
14 2 10 2 R
14 4 2 0 R
14 5 10 5 U
14 6 4 1 R
14 7 1 7 U
14 9 0 1 R
14 10 8 10 D
14 11 1 11 D
14 12 1 12 D
14 14 9 9 D
14 15 13 0 R
14 16 15 12 D
14 17 12 3 R
14 18 10 18 L
15 0 2 0 R
15 1 4 5 U
15 2 2 2 R
15 3 9 9 D
15 4 1 17 L
15 5 6 12 D
15 6 0 12 D
15 7 1 3 R
15 9 12 16 L
15 10 5 10 D
15 11 1 11 D
15 12 9 12 D
15 14 9 5 U
15 15 2 9 D
15 16 1 9 D
15 17 5 12 D
15 18 0 5 U
16 0 2 9 D
16 1 14 1 R
16 2 2 2 R
16 3 10 3 R
16 4 6 16 L
16 5 7 5 U
16 9 2 15 L
16 10 0 8 U
16 11 2 17 L
16 12 7 15 L
16 15 18 15 L
16 16 5 16 L
16 17 0 0 R
16 18 1 18 L
17 0 3 4 U
17 1 0 13 D
17 2 3 2 R
17 3 2 3 R
17 4 0 3 R
17 7 0 16 L
17 9 10 0 R
17 10 12 15 L
17 12 9 12 D
17 14 2 10 D
17 15 14 15 L
17 16 2 12 D
18 0 1 0 R
18 1 1 5 U
18 2 2 2 R
18 6 12 15 L
18 12 0 1 R
19 0 8 0 R
19 1 2 10 D

