10 10 78
8 0 0 0 0 0 0 0 0 0 0 0 2 7
5 0 6 0 0 0 0 0 0 2 0 5 0 6
2 0 0 0 0 0 0 7 1 0 2 0 0 7
0 0 0 0 0 0 0 0 0 0 2 0 0 8
0 0 0 0 0 0 0 0 0 0 0 0 0 0
0 6 0 0 0 5 0 0 2 9 0 0 0 0
0 0 6 0 5 4 0 0 0 0 0 4 0 0
0 0 0 0 0 0 0 0 0 0 0 0 0 0
0 0 0 0 0 0 0 0 0 0 0 0 0 0
0 0 0 0 0 0 0 0 0 0 0 6 0 5
0 0 0 0 0 0 0 0 0 0 0 0 0 0
0 0 0 0 7 0 0 0 3 0 0 7 8 0
0 2 0 0 0 0 0 0 0 5 0 0 0 0
0 8 4 0 0 2 0 3 0 9 7 5 4 3
0 0 0 0 U
0 1 0 1 U
0 2 0 2 R
0 3 0 3 R
0 4 0 4 R
0 5 0 5 D
0 6 0 6 D
0 7 0 7 L
0 8 0 8 L
0 9 0 9 L
1 0 6 0 U
1 1 5 2 R
1 2 0 7 L
1 3 0 6 D
1 4 5 0 U
1 5 3 2 R
1 6 2 4 R
1 7 7 6 D
1 8 4 0 U
2 0 0 7 L
2 1 3 1 U
2 2 6 2 R
2 3 4 1 U
2 4 4 4 R
2 5 0 2 R
2 6 6 8 L
2 7 3 6 D
2 8 0 0 U
2 9 3 9 L
3 0 0 2 R
3 1 5 3 R
3 2 7 1 U
3 3 4 3 R
3 4 2 4 R
3 5 2 3 R
3 6 0 7 L
3 7 0 6 D
3 9 1 1 U
4 0 0 3 R
4 1 0 6 D
4 2 5 2 R
4 3 2 3 R
4 4 1 4 R
4 5 6 9 L
4 6 2 8 L
4 7 6 0 U
4 8 3 8 L
4 9 1 9 L
5 0 2 5 D
5 1 0 8 L
5 2 2 6 D
5 3 4 3 R
5 4 4 1 U
5 5 0 8 L
5 6 1 6 D
5 7 0 5 D
5 8 4 8 L
6 0 0 5 D
6 1 5 1 U
6 2 0 0 U
6 3 4 0 U
6 5 2 5 D
6 6 0 0 U
6 7 5 5 D
6 8 3 3 R
7 0 5 4 R
7 1 5 1 U
7 2 4 5 D
7 5 8 7 L
7 6 2 7 L
7 7 0 1 U
7 8 4 8 L
8 0 1 7 L
8 2 0 1 U
8 5 0 4 R
8 7 0 2 R
9 0 2 0 U
9 7 4 1 U

