38 44 1437
31 0 0 0 0 0 0 29 29 31 3 22 15 16 19 16 28 29
10 25 0 26 22 0 25 0 30 0 1 5 2 21 34 30 34 23
5 28 0 20 23 3 0 3 31 0 19 5 33 33 31 27 0 27
0 21 11 33 0 0 30 16 32 27 13 25 0 0 35 31 0 0
9 0 26 0 30 28 17 16 0 0 0 0 31 0 30 33 0 30
31 3 0 32 0 3 19 33 33 32 8 0 6 18 0 0 0 0
20 32 27 0 29 27 3 0 0 13 25 0 32 33 36 34 0 0
24 29 27 0 4 34 0 0 34 0 33 0 0 0 0 31 32 13
0 31 17 35 0 14 29 14 0 36 0 3 0 19 34 25 0 31
0 30 0 0 12 0 18 2 32 31 34 0 23 3 0 22 0 18
0 7 16 0 30 0 7 18 32 0 0 19 27 31 0 29 34 32
29 32 35 0 0 14 16 28 0 35 34 10 0 21 32 4 0 17
28 27 0 35 24 0 24 17 30 0 19 27 0 0 29 21 33 16
33 0 19 26 33 0 31 34 33 26 0 0 32 14 30 9 16 15
0 31 10 0 13 12 18 22 30 14 8 9 24 6 0 24 2 1
33 0 0 34 0 9 36 29 0 0 26 11 28 0 0 24 0 6
20 27 15 14 13 12 37 12 0 0 0 11 0 10 9 8 7 5
18 34 0 0 36 25 0 0 2 11 19 0 13 25 3 0 0 35
0 0 0 0 U
0 1 0 1 U
0 2 0 2 U
0 3 0 3 U
0 4 0 4 U
0 5 0 5 U
0 6 0 6 U
0 7 0 7 U
0 8 0 8 U
0 9 0 9 U
0 10 0 10 R
0 11 0 11 R
0 12 0 12 R
0 13 0 13 R
0 14 0 14 R
0 15 0 15 R
0 16 0 16 R
0 17 0 17 R
0 18 0 18 R
0 19 0 19 R
0 20 0 20 R
0 21 0 21 R
0 22 0 22 D
0 23 0 23 D
0 24 0 24 D
0 25 0 25 D
0 26 0 26 D
0 27 0 27 D
0 28 0 28 D
0 29 0 29 D
0 30 0 30 D
0 31 0 31 D
0 32 0 32 L
0 33 0 33 L
0 34 0 34 L
0 35 0 35 L
0 36 0 36 L
0 37 0 37 L
0 38 0 38 L
0 39 0 39 L
0 40 0 40 L
0 41 0 41 L
0 42 0 42 L
0 43 0 43 L
1 0 1 10 R
1 1 3 10 R
1 2 0 22 D
1 3 0 11 R
1 4 0 25 D
1 5 1 12 R
1 6 4 33 L
1 7 4 25 D
1 8 0 18 R
1 9 5 36 L
1 10 0 32 L
1 11 0 2 U
1 12 0 3 U
1 13 3 4 U
1 14 0 0 U
1 15 2 5 U
1 16 1 5 U
1 17 4 6 U
1 18 3 3 U
1 19 3 35 L
1 20 3 9 U
1 21 6 5 U
1 22 0 10 R
1 23 2 10 R
1 24 2 2 U
1 25 0 32 L
1 26 3 11 R
1 27 1 14 R
1 28 5 14 R
1 29 4 18 R
1 30 2 19 R
1 31 5 42 L
1 32 0 22 D
1 33 1 1 U
1 34 0 11 R
1 35 0 26 D
1 36 0 2 U
1 37 1 5 U
1 38 4 16 R
1 39 5 24 D
1 40 2 6 U
1 41 2 8 U
1 42 3 9 U
1 43 7 24 D
2 0 1 0 U
2 1 3 1 U
2 2 3 2 U
2 3 0 12 R
2 4 0 35 L
2 5 0 34 L
2 6 4 6 U
2 7 5 7 U
2 8 2 36 L
2 9 4 9 U
2 10 0 33 L
2 11 0 3 U
2 12 1 12 R
2 13 3 13 R
2 14 4 14 R
2 15 3 32 L
2 16 1 16 R
2 17 2 17 R
2 18 4 18 R
2 19 5 19 R
2 20 3 20 R
2 21 6 21 R
2 22 1 10 R
2 23 2 23 D
2 24 2 24 D
2 25 0 34 L
2 26 2 26 D
2 27 4 27 D
2 28 4 28 D
2 29 5 29 D
2 30 4 30 D
2 31 3 31 D
2 32 0 0 U
2 33 0 24 D
2 34 2 34 L
2 35 2 4 U
2 36 1 36 L
2 37 4 37 L
2 38 5 38 L
2 39 2 39 L
2 40 2 40 L
2 41 1 41 L
2 42 4 42 L
2 43 4 43 L
3 0 0 33 L
3 1 2 1 U
3 2 0 10 R
3 3 3 3 U
3 4 0 26 D
3 5 2 5 U
3 6 0 28 D
3 7 4 7 U
3 8 5 19 R
3 9 2 20 R
3 10 0 0 U
3 11 0 25 D
3 12 2 4 U
3 13 2 13 R
3 14 3 14 R
3 15 5 15 R
3 16 2 16 R
3 17 3 17 R
3 18 0 35 L
3 19 3 19 R
3 20 2 20 R
3 21 5 21 R
3 22 3 22 D
3 23 1 23 D
3 24 1 24 D
3 25 0 12 R
3 26 0 35 L
3 27 0 15 R
3 28 5 28 D
3 29 1 41 L
3 30 5 30 D
3 31 8 17 R
3 32 0 23 D
3 33 0 25 D
3 34 2 3 U
3 35 2 35 L
3 36 2 36 L
3 37 3 37 L
3 38 4 38 L
3 39 3 39 L
3 40 3 40 L
3 41 2 41 L
3 42 5 42 L
3 43 2 43 L
4 0 0 13 R
4 1 1 11 R
4 2 0 32 L
4 3 0 36 L
4 4 0 34 L
4 5 3 22 D
4 6 2 6 U
4 7 1 7 U
4 8 4 8 U
4 9 3 29 D
4 10 0 22 D
4 11 0 27 D
4 12 0 4 U
4 13 1 13 R
4 14 2 14 R
4 15 4 28 D
4 16 3 16 R
4 17 5 17 R
4 18 0 8 U
4 19 0 22 D
4 20 1 20 R
4 21 4 21 R
4 22 0 36 L
4 23 4 23 D
4 24 1 3 U
4 25 2 17 R
4 26 3 13 R
4 27 3 27 D
4 28 3 28 D
4 29 2 29 D
4 30 1 30 D
4 31 7 31 D
4 32 0 1 U
4 33 0 3 U
4 34 0 27 D
4 35 1 4 U
4 36 3 29 D
4 37 2 37 L
4 38 0 30 D
4 39 5 39 L
4 40 4 40 L
4 41 3 9 U
4 42 2 42 L
4 43 3 43 L
5 0 1 34 L
5 1 0 39 L
5 2 0 15 R
5 3 1 3 U
5 4 1 17 R
5 5 5 5 U
5 6 3 6 U
5 7 3 7 U
5 8 0 38 L
5 9 0 11 R
5 10 3 23 D
5 11 0 24 D
5 12 4 35 L
5 13 3 0 U
5 14 0 1 U
5 15 0 29 D
5 16 4 16 R
5 17 2 2 U
5 18 2 18 R
5 19 1 29 D
5 20 6 20 R
5 21 6 6 U
5 22 0 37 L
5 23 3 38 L
5 24 0 39 L
5 25 0 11 R
5 26 1 26 D
5 27 1 15 R
5 28 1 40 L
5 29 0 8 U
5 30 2 30 D
5 31 6 31 D
5 32 2 0 U
5 33 1 3 U
5 34 4 7 U
5 35 0 8 U
5 36 0 8 U
5 37 1 37 L
5 38 3 38 L
5 39 5 5 U
5 40 5 40 L
5 41 4 31 D
5 42 6 26 D
5 43 7 43 L
6 0 2 10 R
6 1 3 41 L
6 2 0 37 L
6 3 1 19 R
6 4 7 21 R
6 5 6 34 L
6 6 5 11 R
6 7 4 10 R
6 8 6 25 D
6 9 6 9 U
6 10 2 22 D
6 11 5 27 D
6 12 3 2 U
6 13 0 38 L
6 14 7 2 U
6 15 4 3 U
6 16 5 0 U
6 17 0 22 D
6 18 5 39 L
6 19 20 31 D
6 20 10 1 U
6 21 7 21 R
6 22 0 1 U
6 23 4 12 R
6 24 6 18 R
6 25 2 43 L
6 26 6 13 R
6 27 7 43 L
6 28 3 16 R
6 29 7 17 R
6 30 0 20 R
6 31 1 38 L
6 32 2 27 D
6 33 2 33 L
6 34 3 4 U
6 35 8 26 D
6 36 3 7 U
6 37 1 1 U
6 38 1 4 U
6 39 6 3 U
6 40 3 23 D
6 41 8 23 D
6 42 6 42 L
6 43 6 43 L
7 0 2 0 U
7 1 2 15 R
7 2 0 23 D
7 3 6 14 R
7 4 6 4 U
7 5 8 34 L
7 6 7 6 U
7 7 0 11 R
7 8 7 8 U
7 9 5 20 R
7 10 0 28 D
7 11 2 8 U
7 12 8 25 D
7 13 2 37 L
7 14 5 14 R
7 15 6 15 R
7 16 3 2 U
7 17 6 17 R
7 18 7 18 R
7 19 14 4 U
7 20 8 20 R
7 21 3 21 R
7 22 3 33 L
7 23 6 40 L
7 24 0 21 R
7 25 7 32 L
7 26 7 26 D
7 27 6 42 L
7 28 7 41 L
7 29 9 29 D
7 30 10 30 D
7 31 8 31 D
7 32 2 31 D
7 33 8 0 U
7 34 8 9 U
7 35 7 35 L
7 36 7 4 U
7 37 2 9 U
7 38 2 7 U
7 39 6 39 L
7 40 8 5 U
7 41 8 41 L
7 42 10 27 D
7 43 7 6 U
8 0 8 32 L
8 1 4 11 R
8 2 5 2 U
8 3 6 33 L
8 4 8 12 R
8 5 8 5 U
8 6 0 31 D
8 7 4 41 L
8 8 6 11 R
8 9 7 9 U
8 10 1 28 D
8 11 5 11 R
8 12 0 26 D
8 13 4 22 D
8 14 7 43 L
8 15 15 7 U
8 16 9 16 R
8 17 8 34 L
8 18 8 4 U
8 19 15 19 R
8 20 9 20 R
8 21 2 21 R
8 22 5 7 U
8 23 8 13 R
8 24 7 33 L
8 25 6 3 U
8 26 3 18 R
8 27 7 16 R
8 28 6 28 D
8 29 8 13 R
8 30 9 30 D
8 31 3 14 R
8 32 6 22 D
8 33 6 24 D
8 34 7 34 L
8 35 9 35 L
8 36 18 28 D
8 37 6 1 U
8 38 8 38 L
8 39 6 0 U
8 40 9 40 L
8 41 3 41 L
8 42 3 42 L
8 43 6 23 D
9 0 1 21 R
9 1 7 43 L
9 2 6 10 R
9 3 0 33 L
9 4 7 20 R
9 5 2 12 R
9 6 5 6 U
9 7 2 7 U
9 8 2 8 U
9 9 4 38 L
9 10 2 1 U
9 11 7 28 D
9 12 1 3 U
9 13 7 13 R
9 14 9 14 R
9 15 14 15 R
9 16 8 16 R
9 17 8 17 R
9 18 15 8 U
9 19 6 19 R
9 20 10 20 R
9 21 8 21 R
9 22 2 39 L
9 23 2 13 R
9 24 5 37 L
9 25 2 25 D
9 26 9 18 R
9 27 10 21 R
9 28 5 16 R
9 29 8 29 D
9 30 3 30 D
9 31 10 35 L
9 32 5 8 U
9 33 4 29 D
9 34 5 4 U
9 35 10 35 L
9 36 20 36 L
9 37 7 7 U
9 38 4 11 R
9 39 7 39 L
9 40 8 29 D
9 41 24 25 D
9 42 9 42 L
9 43 8 43 L
10 0 3 23 D
10 1 0 23 D
10 2 1 2 U
10 3 9 21 R
10 4 8 4 U
10 5 9 5 U
10 6 0 32 L
10 7 7 10 R
10 8 15 33 L
10 9 15 27 D
10 10 9 29 D
10 11 10 6 U
10 12 12 9 U
10 13 0 34 L
10 14 9 22 D
10 15 13 15 R
10 16 0 40 L
10 17 19 5 U
10 18 12 18 R
10 19 16 19 R
10 20 2 2 U
10 21 8 6 U
10 22 8 32 L
10 23 9 42 L
10 24 12 13 R
10 25 10 12 R
10 26 9 13 R
10 27 14 27 D
10 28 11 14 R
10 29 8 40 L
10 30 2 39 L
10 31 10 31 D
10 32 1 30 D
10 33 10 7 U
10 34 10 9 U
10 35 6 29 D
10 36 12 36 L
10 37 8 27 D
10 38 10 3 U
10 39 10 6 U
10 40 6 40 L
10 41 18 41 L
10 42 8 42 L
10 43 10 26 D
11 0 9 17 R
11 1 7 16 R
11 2 6 39 L
11 3 14 32 L
11 4 8 16 R
11 5 12 10 R
11 6 10 6 U
11 7 6 7 U
11 8 5 8 U
11 9 11 9 U
11 10 5 22 D
11 11 14 23 D
11 12 15 9 U
11 13 10 27 D
11 14 11 1 U
11 15 12 15 R
11 16 7 0 U
11 17 13 17 R
11 18 19 18 R
11 19 17 19 R
11 20 13 2 U
11 21 4 0 U
11 22 9 14 R
11 23 3 32 L
11 24 15 24 D
11 25 15 40 L
11 26 12 26 D
11 27 13 27 D
11 28 7 28 D
11 29 9 21 R
11 30 11 34 L
11 31 16 35 L
11 32 9 32 L
11 33 0 10 R
11 34 16 23 D
11 35 11 35 L
11 36 19 36 L
11 37 21 24 D
11 38 9 5 U
11 39 12 39 L
11 40 15 25 D
11 41 25 41 L
11 42 19 6 U
11 43 11 43 L
12 0 9 35 L
12 1 9 35 L
12 2 6 27 D
12 3 15 3 U
12 4 11 16 R
12 5 13 5 U
12 6 8 10 R
12 7 10 7 U
12 8 9 8 U
12 9 15 9 U
12 10 9 1 U
12 11 13 4 U
12 12 15 34 L
12 13 3 24 D
12 14 6 26 D
12 15 11 15 R
12 16 12 24 D
12 17 14 17 R
12 18 22 3 U
12 19 18 19 R
12 20 14 20 R
12 21 12 2 U
12 22 5 33 L
12 23 10 43 L
12 24 11 24 D
12 25 15 34 L
12 26 14 15 R
12 27 9 27 D
12 28 18 10 R
12 29 14 29 D
12 30 13 43 L
12 31 13 31 D
12 32 0 13 R
12 33 11 23 D
12 34 16 34 L
12 35 4 23 D
12 36 18 36 L
12 37 16 31 D
12 38 10 38 L
12 39 9 0 U
12 40 11 40 L
12 41 26 41 L
12 42 22 42 L
12 43 12 43 L
13 0 6 32 L
13 1 5 10 R
13 2 11 2 U
13 3 11 3 U
13 4 12 4 U
13 5 12 5 U
13 6 11 6 U
13 7 7 35 L
13 8 12 27 D
13 9 12 12 R
13 10 7 4 U
13 11 14 7 U
13 12 2 24 D
13 13 10 8 U
13 14 12 14 R
13 15 0 7 U
13 16 16 2 U
13 17 11 17 R
13 18 21 18 R
13 19 19 19 R
13 20 14 9 U
13 21 0 22 D
13 22 8 20 R
13 23 8 3 U
13 24 8 24 D
13 25 11 25 D
13 26 13 26 D
13 27 11 32 L
13 28 18 28 D
13 29 7 29 D
13 30 20 30 D
13 31 18 31 D
13 32 5 25 D
13 33 6 6 U
13 34 15 34 L
13 35 11 27 D
13 36 17 36 L
13 37 15 31 D
13 38 8 2 U
13 39 15 5 U
13 40 13 40 L
13 41 22 41 L
13 42 18 42 L
13 43 10 2 U
14 0 10 11 R
14 1 11 1 U
14 2 10 2 U
14 3 11 33 L
14 4 13 4 U
14 5 11 5 U
14 6 12 6 U
14 7 13 11 R
14 8 14 8 U
14 9 4 13 R
14 10 12 22 D
14 11 6 8 U
14 12 11 12 R
14 13 0 23 D
14 14 11 14 R
14 15 4 15 R
14 16 17 16 R
14 17 12 17 R
14 18 20 18 R
14 19 20 19 R
14 20 14 38 L
14 21 0 33 L
14 22 5 38 L
14 23 0 33 L
14 24 12 24 D
14 25 8 25 D
14 26 13 15 R
14 27 13 11 R
14 28 12 28 D
14 29 13 33 L
14 30 19 37 L
14 31 18 36 L
14 32 9 7 U
14 33 14 8 U
14 34 14 34 L
14 35 10 1 U
14 36 14 36 L
14 37 11 22 D
14 38 12 38 L
14 39 15 39 L
14 40 14 40 L
14 41 28 41 L
14 42 24 25 D
14 43 14 43 L
15 0 4 34 L
15 1 11 34 L
15 2 0 14 R
15 3 15 11 R
15 4 12 11 R
15 5 10 5 U
15 6 6 38 L
15 7 14 7 U
15 8 11 35 L
15 9 15 12 R
15 10 10 30 D
15 11 3 1 U
15 12 14 12 R
15 13 7 32 L
15 14 8 7 U
15 15 3 15 R
15 16 16 16 R
15 17 10 17 R
15 18 14 37 L
15 19 21 19 R
15 20 11 22 D
15 21 24 21 R
15 22 0 40 L
15 23 9 20 R
15 24 15 43 L
15 25 14 34 L
15 26 16 26 D
15 27 0 10 R
15 28 0 1 U
15 29 15 29 D
15 30 17 30 D
15 31 23 31 D
15 32 1 10 R
15 33 0 29 D
15 34 11 34 L
15 35 13 35 L
15 36 0 28 D
15 37 15 37 L
15 38 9 1 U
15 39 13 39 L
15 40 18 5 U
15 41 12 41 L
15 42 20 42 L
15 43 11 24 D
16 0 14 25 D
16 1 7 13 R
16 2 11 12 R
16 3 0 20 R
16 4 14 33 L
16 5 2 25 D
16 6 0 26 D
16 7 10 43 L
16 8 16 33 L
16 9 0 25 D
16 10 8 1 U
16 11 9 4 U
16 12 13 12 R
16 13 13 25 D
16 14 10 14 R
16 15 1 2 U
16 16 20 16 R
16 17 9 17 R
16 18 23 8 U
16 19 23 2 U
16 20 3 25 D
16 21 10 21 R
16 22 2 20 R
16 23 14 20 R
16 24 14 10 R
16 25 14 37 L
16 26 16 32 L
16 27 16 10 R
16 28 19 28 D
16 29 17 33 L
16 30 16 15 R
16 31 19 31 D
16 32 12 26 D
16 33 15 13 R
16 34 13 6 U
16 35 16 0 U
16 36 18 23 D
16 37 14 37 L
16 38 15 38 L
16 39 9 39 L
16 40 18 40 L
16 41 19 41 L
16 42 19 42 L
16 43 9 43 L
17 0 11 13 R
17 1 4 35 L
17 2 7 38 L
17 3 0 24 D
17 4 9 29 D
17 5 0 29 D
17 6 4 13 R
17 7 14 14 R
17 8 16 8 U
17 9 16 12 R
17 10 16 8 U
17 11 16 0 U
17 12 14 1 U
17 13 20 13 R
17 14 4 26 D
17 15 16 15 R
17 16 10 16 R
17 17 10 2 U
17 18 15 18 R
17 19 13 19 R
17 20 18 0 U
17 21 20 21 R
17 22 13 14 R
17 23 17 15 R
17 24 14 11 R
17 25 12 8 U
17 26 5 40 L
17 27 17 27 D
17 28 13 28 D
17 29 13 35 L
17 30 18 12 R
17 31 14 31 D
17 32 16 3 U
17 33 17 3 U
17 34 2 26 D
17 35 17 29 D
17 36 15 36 L
17 37 17 37 L
17 38 11 38 L
17 39 23 3 U
17 40 17 40 L
17 41 29 9 U
17 42 11 42 L
17 43 21 27 D
18 0 15 10 R
18 1 2 32 L
18 2 17 27 D
18 3 20 16 R
18 4 18 20 R
18 5 15 5 U
18 6 14 6 U
18 7 18 7 U
18 8 16 36 L
18 9 14 9 U
18 10 17 7 U
18 11 15 11 R
18 12 17 5 U
18 13 12 13 R
18 14 12 32 L
18 15 7 28 D
18 16 21 1 U
18 17 17 17 R
18 18 18 18 R
18 19 16 22 D
18 20 16 20 R
18 21 15 21 R
18 22 16 33 L
18 23 12 35 L
18 24 18 34 L
18 25 24 10 R
18 26 11 13 R
18 27 15 27 D
18 28 17 28 D
18 29 16 11 R
18 30 30 30 D
18 31 22 31 D
18 32 4 27 D
18 33 13 9 U
18 34 17 28 D
18 35 9 24 D
18 36 21 36 L
18 37 18 37 L
18 38 16 26 D
18 39 21 6 U
18 40 18 11 R
18 41 21 41 L
18 42 21 42 L
18 43 23 43 L
19 0 10 10 R
19 1 17 40 L
19 2 11 15 R
19 3 22 12 R
19 4 14 4 U
19 5 0 26 D
19 6 17 6 U
19 7 3 22 D
19 8 16 30 D
19 9 19 39 L
19 10 15 22 D
19 11 14 0 U
19 12 7 33 L
19 13 19 13 R
19 14 22 31 D
19 15 16 38 L
19 16 15 16 R
19 17 20 17 R
19 18 16 6 U
19 20 15 20 R
19 21 21 21 R
19 22 12 40 L
19 23 20 23 D
19 24 18 36 L
19 25 24 25 D
19 26 17 36 L
19 27 13 32 L
19 28 19 12 R
19 29 8 42 L
19 31 21 31 D
19 32 17 6 U
19 33 16 2 U
19 34 12 4 U
19 35 11 17 R
19 36 4 36 L
19 37 22 37 L
19 38 13 38 L
19 39 11 39 L
19 40 19 40 L
19 41 17 41 L
19 42 24 42 L
19 43 22 43 L
20 0 18 10 R
20 1 19 38 L
20 2 19 13 R
20 3 23 3 U
20 4 15 16 R
20 5 4 38 L
20 6 14 38 L
20 7 20 7 U
20 8 13 8 U
20 9 21 9 U
20 10 17 6 U
20 11 22 1 U
20 12 0 34 L
20 13 15 32 L
20 14 22 3 U
20 15 10 40 L
20 16 21 16 R
20 17 21 17 R
20 18 24 18 R
20 20 18 20 R
20 21 22 21 R
20 22 18 5 U
20 23 21 15 R
20 24 21 24 D
20 25 22 21 R
20 26 20 38 L
20 27 18 27 D
20 28 14 33 L
20 29 16 29 D
20 31 18 35 L
20 32 3 22 D
20 33 0 4 U
20 34 12 34 L
20 35 14 7 U
20 36 9 5 U
20 37 25 37 L
20 38 0 31 D
20 39 14 39 L
20 40 13 14 R
20 41 27 41 L
20 42 21 7 U
20 43 21 43 L
21 0 20 10 R
21 1 17 22 D
21 2 12 36 L
21 3 21 17 R
21 4 22 32 L
21 5 8 40 L
21 6 18 33 L
21 7 17 7 U
21 8 12 8 U
21 9 19 9 U
21 10 19 1 U
21 11 21 5 U
21 12 23 12 R
21 13 11 0 U
21 14 23 14 R
21 15 17 15 R
21 16 5 16 R
21 17 15 17 R
21 18 25 0 U
21 20 16 4 U
21 21 16 21 R
21 22 19 35 L
21 23 19 36 L
21 24 18 24 D
21 25 24 42 L
21 26 23 26 D
21 27 19 15 R
21 28 13 13 R
21 29 19 29 D
21 31 18 18 R
21 32 17 23 D
21 33 11 22 D
21 34 20 4 U
21 35 14 2 U
21 36 17 7 U
21 37 9 0 U
21 38 14 3 U
21 39 21 9 U
21 40 21 26 D
21 41 23 41 L
21 42 14 42 L
21 43 20 43 L
22 0 21 10 R
22 1 17 11 R
22 2 17 2 U
22 3 0 27 D
22 4 23 4 U
22 5 17 33 L
22 6 16 6 U
22 7 4 37 L
22 8 12 19 R
22 9 22 9 U
22 10 20 28 D
22 11 15 6 U
22 12 22 12 R
22 13 9 0 U
22 14 13 24 D
22 15 22 15 R
22 16 21 0 U
22 17 23 17 R
22 18 9 18 R
22 20 19 20 R
22 21 19 23 D
22 22 21 12 R
22 23 19 33 L
22 24 6 35 L
22 25 24 34 L
22 26 13 40 L
22 27 22 27 D
22 28 22 10 R
22 29 28 10 R
22 31 20 40 L
22 32 21 7 U
22 33 23 33 L
22 34 10 34 L
22 35 20 2 U
22 36 0 11 R
22 37 24 37 L
22 38 19 2 U
22 39 22 39 L
22 40 18 2 U
22 41 32 23 D
22 42 23 42 L
22 43 19 43 L
23 0 23 11 R
23 1 22 1 U
23 2 12 14 R
23 3 20 15 R
23 4 16 4 U
23 5 21 5 U
23 6 12 25 D
23 7 19 7 U
23 8 13 18 R
23 9 17 18 R
23 10 22 4 U
23 11 16 23 D
23 12 0 31 D
23 13 21 13 R
23 14 17 30 D
23 15 22 9 U
23 16 11 16 R
23 17 22 17 R
23 18 24 26 D
23 20 19 3 U
23 21 30 21 R
23 22 23 22 D
23 23 20 13 R
23 24 20 18 R
23 25 24 32 L
23 26 12 21 R
23 27 10 15 R
23 28 23 28 D
23 29 27 29 D
23 31 12 39 L
23 32 1 2 U
23 33 5 2 U
23 34 9 34 L
23 35 17 26 D
23 36 23 36 L
23 37 27 23 D
23 38 22 38 L
23 39 21 39 L
23 40 10 26 D
23 41 9 13 R
23 42 24 28 D
23 43 18 43 L
24 0 21 43 L
24 1 23 18 R
24 2 21 42 L
24 3 24 21 R
24 4 5 11 R
24 5 0 15 R
24 6 0 30 D
24 7 14 20 R
24 8 15 8 U
24 9 17 9 U
24 10 23 32 L
24 11 23 26 D
24 12 26 9 U
24 13 21 25 D
24 14 19 7 U
24 15 16 40 L
24 16 0 24 D
24 17 22 32 L
24 18 29 0 U
24 20 17 20 R
24 21 14 21 R
24 22 20 39 L
24 23 20 20 R
24 24 23 42 L
24 25 20 25 D
24 26 19 26 D
24 27 24 27 D
24 28 20 19 R
24 29 28 29 D
24 31 12 37 L
24 32 23 0 U
24 33 13 2 U
24 34 2 25 D
24 35 3 25 D
24 36 18 5 U
24 37 16 37 L
24 38 24 1 U
24 39 20 3 U
24 40 18 4 U
24 41 32 41 L
24 42 25 14 R
24 43 14 25 D
25 0 19 36 L
25 1 12 10 R
25 2 23 12 R
25 3 23 19 R
25 4 14 39 L
25 5 27 33 L
25 6 24 32 L
25 7 26 11 R
25 8 0 10 R
25 9 5 26 D
25 10 25 25 D
25 11 15 2 U
25 12 19 12 R
25 13 19 36 L
25 14 25 14 R
25 15 16 1 U
25 17 26 17 R
25 18 33 18 R
25 20 25 22 D
25 21 28 6 U
25 22 21 39 L
25 23 21 17 R
25 24 26 34 L
25 25 23 37 L
25 26 22 36 L
25 27 27 12 R
25 28 25 20 R
25 29 27 34 L
25 31 20 31 D
25 32 18 0 U
25 33 17 10 R
25 34 25 26 D
25 35 31 31 D
25 36 11 25 D
25 37 19 37 L
25 38 29 3 U
25 39 26 3 U
25 41 29 4 U
25 42 26 42 L
25 43 27 4 U
26 0 20 36 L
26 1 25 1 U
26 2 24 2 U
26 3 24 3 U
26 4 13 28 D
26 5 25 5 U
26 6 7 24 D
26 7 23 7 U
26 8 27 11 R
26 9 25 9 U
26 10 20 27 D
26 11 22 33 L
26 12 21 27 D
26 13 24 7 U
26 14 21 14 R
26 15 14 7 U
26 17 24 5 U
26 18 17 18 R
26 20 26 2 U
26 21 29 21 R
26 22 24 17 R
26 23 26 23 D
26 24 26 42 L
26 25 13 25 D
26 26 25 37 L
26 27 26 27 D
26 28 27 28 D
26 29 28 12 R
26 31 20 42 L
26 32 24 22 D
26 33 9 23 D
26 34 27 24 D
26 35 30 23 D
26 36 0 6 U
26 37 20 37 L
26 38 28 38 L
26 41 14 41 L
26 42 16 42 L
26 43 25 43 L
27 0 24 33 L
27 1 26 1 U
27 2 24 18 R
27 3 14 11 R
27 4 26 4 U
27 5 18 5 U
27 6 27 6 U
27 7 27 7 U
27 8 25 8 U
27 9 26 12 R
27 10 19 31 D
27 11 11 8 U
27 12 24 0 U
27 13 27 13 R
27 14 0 25 D
27 15 31 9 U
27 17 12 5 U
27 18 25 18 R
27 20 27 20 R
27 21 28 21 R
27 22 0 4 U
27 23 27 13 R
27 24 0 14 R
27 25 20 16 R
27 26 26 26 D
27 27 10 27 D
27 28 28 41 L
27 29 33 29 D
27 31 27 31 D
27 32 13 8 U
27 33 20 24 D
27 34 9 22 D
27 35 27 7 U
27 36 25 4 U
27 37 11 6 U
27 38 27 38 L
27 41 35 31 D
27 42 25 42 L
28 0 30 32 L
28 1 26 37 L
28 2 6 2 U
28 3 22 3 U
28 4 26 13 R
28 5 28 39 L
28 6 26 21 R
28 7 22 29 D
28 8 4 18 R
28 9 28 13 R
28 10 27 6 U
28 11 15 33 L
28 12 28 12 R
28 13 27 27 D
28 15 32 15 R
28 17 30 17 R
28 18 24 0 U
28 20 29 20 R
28 21 34 21 R
28 22 17 42 L
28 23 20 10 R
28 24 25 43 L
28 25 24 37 L
28 26 20 17 R
28 27 30 11 R
28 28 2 28 D
28 29 22 15 R
28 31 26 31 D
28 32 19 28 D
28 33 29 33 L
28 34 29 9 U
28 35 22 7 U
28 36 5 36 L
28 37 29 0 U
28 38 32 20 R
28 41 15 41 L
28 42 25 1 U
29 0 23 29 D
29 1 0 32 L
29 2 29 12 R
29 3 30 23 D
29 4 3 36 L
29 5 27 5 U
29 6 20 14 R
29 7 25 10 R
29 8 27 8 U
29 9 28 27 D
29 10 22 27 D
29 11 29 1 U
29 12 9 22 D
29 13 4 13 R
29 17 29 17 R
29 18 26 18 R
29 20 30 20 R
29 21 34 7 U
29 22 12 42 L
29 23 24 14 R
29 24 30 24 D
29 25 30 25 D
29 26 25 26 D
29 27 23 34 L
29 28 26 32 L
29 29 21 29 D
29 31 25 31 D
29 32 16 10 R
29 33 30 28 D
29 34 28 34 L
29 35 27 1 U
29 36 31 24 D
29 37 21 3 U
29 38 30 38 L
29 42 25 9 U
30 0 0 42 L
30 1 29 11 R
30 2 30 2 U
30 3 31 3 U
30 4 0 24 D
30 5 26 5 U
30 6 29 6 U
30 7 28 7 U
30 8 29 8 U
30 9 30 9 U
30 10 16 29 D
30 11 11 41 L
30 12 10 1 U
30 13 24 3 U
30 17 4 34 L
30 18 27 18 R
30 20 23 20 R
30 21 12 21 R
30 22 27 21 R
30 23 31 23 D
30 24 31 13 R
30 25 34 25 D
30 26 24 26 D
30 27 27 27 D
30 29 31 35 L
30 31 31 33 L
30 32 10 4 U
30 33 23 22 D
30 34 29 34 L
30 35 22 29 D
30 36 12 30 D
30 37 33 37 L
30 38 20 38 L
30 42 27 2 U
31 0 32 17 R
31 1 20 13 R
31 2 25 29 D
31 3 16 3 U
31 4 32 4 U
31 5 12 34 L
31 6 33 6 U
31 7 33 36 L
31 8 1 8 U
31 9 29 33 L
31 10 28 4 U
31 11 32 4 U
31 12 12 2 U
31 13 32 41 L
31 17 33 17 R
31 18 19 34 L
31 20 30 0 U
31 22 6 32 L
31 23 32 35 L
31 24 7 24 D
31 25 33 25 D
31 26 32 41 L
31 27 28 32 L
31 29 30 29 D
31 31 32 31 D
31 32 29 23 D
31 33 2 22 D
31 34 29 12 R
31 35 17 1 U
31 36 11 29 D
31 38 29 38 L
31 42 30 8 U
32 0 22 18 R
32 1 26 35 L
32 2 27 2 U
32 3 28 3 U
32 4 33 4 U
32 5 22 5 U
32 6 32 6 U
32 7 29 7 U
32 8 8 8 U
32 9 33 10 R
32 10 31 6 U
32 12 18 12 R
32 13 31 9 U
32 17 0 35 L
32 20 26 20 R
32 22 6 33 L
32 23 25 38 L
32 24 29 24 D
32 25 29 25 D
32 26 31 26 D
32 27 30 27 D
32 29 31 38 L
32 31 26 38 L
32 32 29 27 D
32 33 31 22 D
32 34 27 28 D
32 35 30 29 D
32 36 31 36 L
32 38 34 22 D
32 42 31 31 D
33 0 31 17 R
33 1 28 10 R
33 2 29 10 R
33 3 29 3 U
33 4 22 11 R
33 5 23 5 U
33 6 31 6 U
33 7 28 36 L
33 8 32 11 R
33 9 28 35 L
33 10 13 27 D
33 12 20 8 U
33 17 31 17 R
33 20 31 20 R
33 22 30 19 R
33 23 28 23 D
33 24 27 42 L
33 25 12 25 D
33 26 30 26 D
33 27 18 35 L
33 31 31 41 L
33 32 26 5 U
33 33 32 31 D
33 34 20 34 L
33 35 33 35 L
33 36 34 8 U
33 38 32 38 L
34 0 28 20 R
34 2 29 31 D
34 3 32 34 L
34 4 34 4 U
34 6 23 25 D
34 7 35 18 R
34 8 30 8 U
34 9 29 9 U
34 10 19 32 L
34 12 21 12 R
34 17 29 2 U
34 22 34 10 R
34 23 33 35 L
34 25 25 41 L
34 27 9 12 R
34 31 25 17 R
34 32 28 0 U
34 34 3 34 L
34 36 34 36 L
34 38 33 38 L
35 0 27 12 R
35 3 32 25 D
35 4 28 21 R
35 6 13 6 U
35 12 32 4 U
35 17 1 41 L
35 22 16 21 R
35 25 36 25 D
35 34 35 3 U
35 38 20 22 D
36 0 5 36 L
36 3 36 3 U
36 4 31 38 L
36 6 30 6 U
36 17 18 17 R
36 25 35 25 D
37 0 3 0 U

