33 46 1371
28 0 0 0 0 0 28 0 0 30 0 0 0 0 0 0 29 28
18 0 0 0 0 0 12 19 0 4 12 0 0 8 0 7 21 30
17 10 4 17 2 10 28 24 12 0 29 30 17 0 30 17 0 16
15 5 26 0 28 26 0 0 2 0 27 11 29 0 26 20 0 29
14 13 15 16 0 11 0 17 18 0 0 11 19 29 0 8 0 20
14 30 0 30 7 6 17 23 19 0 0 24 30 0 21 14 24 0
5 0 7 30 14 15 3 27 0 0 26 30 0 28 0 0 29 27
7 11 15 26 18 26 31 25 0 0 0 0 32 31 15 24 24 21
14 25 26 0 0 28 0 0 0 26 0 0 27 25 24 29 16 5
1 0 14 26 7 26 0 16 0 0 0 0 25 0 19 28 24 5
23 29 26 0 0 0 0 17 25 22 0 19 0 27 0 26 0 0
7 24 3 29 27 0 0 16 9 0 0 22 0 0 11 0 27 16
19 0 22 28 0 13 0 18 0 0 0 0 0 0 28 0 11 16
5 25 23 7 25 17 31 30 0 0 0 0 0 27 0 32 10 15
13 20 29 0 30 0 0 0 28 27 0 0 0 0 32 31 28 15
9 29 29 7 19 0 20 16 30 0 19 25 0 0 29 23 29 0
19 0 28 20 11 0 0 18 7 5 3 12 23 27 23 12 0 0
6 18 0 0 29 0 29 12 2 1 0 19 4 6 8 12 18 3
0 0 0 0 R
0 1 0 1 R
0 2 0 2 R
0 3 0 3 R
0 4 0 4 R
0 5 0 5 R
0 6 0 6 R
0 7 0 7 R
0 8 0 8 R
0 9 0 9 R
0 10 0 10 R
0 11 0 11 R
0 12 0 12 U
0 13 0 13 U
0 14 0 14 U
0 15 0 15 U
0 16 0 16 U
0 17 0 17 U
0 18 0 18 U
0 19 0 19 U
0 20 0 20 U
0 21 0 21 U
0 22 0 22 U
0 23 0 23 D
0 24 0 24 D
0 25 0 25 D
0 26 0 26 D
0 27 0 27 D
0 28 0 28 D
0 29 0 29 D
0 30 0 30 D
0 31 0 31 D
0 32 0 32 D
0 33 0 33 L
0 34 0 34 L
0 35 0 35 L
0 36 0 36 L
0 37 0 37 L
0 38 0 38 L
0 39 0 39 L
0 40 0 40 L
0 41 0 41 L
0 42 0 42 L
0 43 0 43 L
0 44 0 44 L
0 45 0 45 L
1 0 0 23 D
1 1 0 24 D
1 2 0 14 U
1 3 0 13 U
1 4 2 27 D
1 5 1 16 U
1 6 0 36 L
1 7 3 39 L
1 8 2 16 U
1 9 0 41 L
1 10 0 30 D
1 11 4 21 U
1 12 1 33 L
1 13 0 33 L
1 14 2 34 L
1 15 0 2 R
1 16 0 4 R
1 17 3 1 R
1 18 2 33 L
1 19 0 25 D
1 20 1 10 R
1 21 4 43 L
1 22 5 10 R
1 23 0 33 L
1 24 2 34 L
1 25 0 34 L
1 26 0 0 R
1 27 2 35 L
1 28 0 1 R
1 29 3 6 R
1 30 4 9 R
1 31 0 10 R
1 32 2 42 L
1 33 0 0 R
1 34 0 23 D
1 35 0 12 U
1 36 0 1 R
1 37 2 17 U
1 38 0 5 R
1 39 2 27 D
1 40 2 29 D
1 41 0 18 U
1 42 2 30 D
1 43 1 19 U
1 44 3 29 D
1 45 9 31 D
2 0 0 12 U
2 1 0 25 D
2 2 1 26 D
2 3 2 3 R
2 4 3 4 R
2 5 1 5 R
2 6 4 6 R
2 7 2 7 R
2 8 4 8 R
2 9 0 17 U
2 10 0 19 U
2 11 1 11 R
2 12 1 12 U
2 13 1 35 L
2 14 1 14 U
2 15 2 15 U
2 16 2 37 L
2 17 2 17 U
2 18 1 18 U
2 19 4 19 U
2 20 2 20 U
2 21 2 21 U
2 22 10 22 U
2 23 0 1 R
2 24 1 24 D
2 25 3 4 R
2 26 2 26 D
2 27 3 27 D
2 28 1 28 D
2 29 1 40 L
2 30 3 30 D
2 31 0 11 R
2 32 2 32 D
2 33 0 13 U
2 34 0 1 R
2 35 3 35 L
2 36 2 36 L
2 37 1 13 U
2 38 2 38 L
2 39 1 39 L
2 40 4 40 L
2 41 2 41 L
2 42 0 10 R
2 43 2 43 L
2 44 5 44 L
2 45 9 45 L
3 0 0 13 U
3 1 0 36 L
3 2 2 2 R
3 3 1 3 R
3 4 3 14 U
3 5 2 5 R
3 6 3 28 D
3 7 1 7 R
3 8 3 8 R
3 9 4 9 R
3 10 2 20 U
3 11 4 32 D
3 12 0 34 L
3 13 0 3 R
3 14 2 1 R
3 15 1 15 U
3 16 4 4 R
3 17 3 17 U
3 18 3 18 U
3 19 0 42 L
3 20 5 42 L
3 21 4 21 U
3 22 12 22 U
3 23 0 2 R
3 24 0 13 U
3 25 0 35 L
3 26 1 26 D
3 27 2 27 D
3 28 4 28 D
3 29 3 39 L
3 30 1 42 L
3 31 1 31 D
3 32 3 32 D
3 33 0 15 U
3 34 0 25 D
3 35 3 24 D
3 36 0 16 U
3 37 4 37 L
3 38 4 38 L
3 39 0 19 U
3 40 3 40 L
3 41 3 41 L
3 42 0 31 D
3 43 3 43 L
3 44 4 20 U
3 45 8 45 L
4 0 3 26 D
4 1 0 18 U
4 2 0 35 L
4 3 0 25 D
4 4 2 14 U
4 5 3 5 R
4 6 0 39 L
4 7 4 7 R
4 8 2 8 R
4 9 3 29 D
4 10 3 25 D
4 11 2 11 R
4 12 3 0 R
4 13 1 6 R
4 14 1 37 L
4 15 4 2 R
4 16 3 29 D
4 17 4 9 R
4 18 1 8 R
4 19 2 42 L
4 20 5 20 U
4 21 3 21 U
4 22 13 22 U
4 23 0 36 L
4 24 2 3 R
4 25 0 7 R
4 26 2 38 L
4 27 4 6 R
4 28 4 37 L
4 29 3 29 D
4 30 2 30 D
4 31 3 31 D
4 32 4 32 D
4 33 1 12 U
4 34 2 28 D
4 35 1 24 D
4 36 2 15 U
4 37 1 23 D
4 38 3 38 L
4 39 4 9 R
4 40 2 40 L
4 41 4 41 L
4 42 0 11 R
4 43 2 13 U
4 44 3 44 L
4 45 7 45 L
5 0 4 23 D
5 1 5 12 U
5 2 1 20 U
5 3 2 15 U
5 4 3 38 L
5 5 0 41 L
5 6 0 25 D
5 7 3 32 D
5 8 2 14 U
5 9 0 44 L
5 10 5 10 R
5 11 5 19 U
5 12 5 33 L
5 13 4 6 R
5 14 1 43 L
5 15 8 4 R
5 16 3 5 R
5 17 0 40 L
5 18 8 8 R
5 19 5 34 L
5 20 1 11 R
5 21 6 6 R
5 22 1 7 R
5 23 0 37 L
5 24 5 35 L
5 25 0 40 L
5 26 3 39 L
5 27 2 6 R
5 28 3 36 L
5 29 5 5 R
5 30 6 40 L
5 31 8 44 L
5 32 5 44 L
5 33 1 0 R
5 34 2 7 R
5 35 0 3 R
5 36 0 8 R
5 37 4 26 D
5 38 4 24 D
5 39 5 25 D
5 40 5 16 U
5 41 5 27 D
5 42 5 18 U
5 43 5 43 L
5 44 0 10 R
5 45 6 45 L
6 0 4 33 L
6 1 3 1 R
6 2 5 13 U
6 3 6 14 U
6 4 0 37 L
6 5 6 13 U
6 6 6 15 U
6 7 8 17 U
6 8 5 17 U
6 9 6 41 L
6 10 6 19 U
6 11 7 43 L
6 12 0 23 D
6 13 6 1 R
6 14 6 1 R
6 15 0 34 L
6 16 6 16 U
6 17 5 7 R
6 18 8 18 U
6 19 7 42 L
6 20 5 8 R
6 21 11 21 U
6 22 2 22 U
6 23 3 1 R
6 24 5 34 L
6 25 7 36 L
6 26 6 39 L
6 27 7 35 L
6 28 3 9 R
6 29 0 6 R
6 30 7 8 R
6 31 7 43 L
6 32 7 9 R
6 33 3 13 U
6 34 6 23 D
6 35 0 2 R
6 36 0 24 D
6 37 5 28 D
6 38 0 14 U
6 39 8 39 L
6 40 0 29 D
6 41 0 7 R
6 42 6 42 L
6 43 4 12 U
6 44 6 44 L
6 45 8 31 D
7 0 6 0 R
7 1 3 27 D
7 2 5 2 R
7 3 7 3 R
7 4 8 4 R
7 5 6 5 R
7 6 8 6 R
7 7 7 17 U
7 8 7 18 U
7 9 8 9 R
7 10 7 10 R
7 11 8 11 R
7 12 3 6 R
7 13 5 43 L
7 14 7 14 U
7 15 8 38 L
7 16 7 16 U
7 17 8 17 U
7 18 3 41 L
7 19 7 10 R
7 20 6 20 U
7 21 9 21 U
7 22 15 22 U
7 23 7 23 D
7 24 6 24 D
7 25 8 15 U
7 26 7 26 D
7 27 6 2 R
7 28 0 12 U
7 29 7 40 L
7 30 8 42 L
7 31 8 31 D
7 32 7 32 D
7 33 4 12 U
7 34 6 34 L
7 35 7 35 L
7 36 3 12 U
7 37 8 25 D
7 38 2 16 U
7 39 7 39 L
7 40 4 7 R
7 41 1 30 D
7 42 7 42 L
7 43 7 31 D
7 44 4 44 L
7 45 11 45 L
8 0 2 24 D
8 1 0 28 D
8 2 7 26 D
8 3 6 3 R
8 4 7 4 R
8 5 0 15 U
8 6 2 6 R
8 7 5 30 D
8 8 2 30 D
8 9 8 31 D
8 10 6 15 U
8 11 5 11 R
8 12 5 3 R
8 13 7 35 L
8 14 7 5 R
8 15 6 6 R
8 16 0 30 D
8 17 8 41 L
8 18 0 9 R
8 19 9 8 R
8 20 9 39 L
8 21 10 21 U
8 22 4 22 U
8 23 4 38 L
8 24 7 33 L
8 25 3 33 L
8 26 8 26 D
8 27 6 27 D
8 28 3 41 L
8 29 7 29 D
8 30 8 36 L
8 31 0 7 R
8 32 5 35 L
8 33 3 23 D
8 34 0 26 D
8 35 5 12 U
8 36 6 26 D
8 37 7 37 L
8 38 3 25 D
8 39 6 39 L
8 40 6 29 D
8 41 6 20 U
8 42 6 18 U
8 43 7 32 D
8 44 0 0 R
8 45 2 45 L
9 0 8 0 R
9 1 9 13 U
9 2 6 12 U
9 3 8 27 D
9 4 9 16 U
9 5 8 28 D
9 6 3 16 U
9 7 11 28 D
9 8 8 18 U
9 9 11 13 U
9 10 10 10 R
9 11 4 11 R
9 12 0 11 R
9 13 8 44 L
9 14 9 1 R
9 15 0 10 R
9 16 6 33 L
9 17 5 3 R
9 18 8 35 L
9 19 9 19 U
9 20 10 20 U
9 21 0 1 R
9 22 5 9 R
9 23 6 35 L
9 24 6 33 L
9 25 6 34 L
9 26 6 45 L
9 27 5 36 L
9 28 10 35 L
9 29 2 37 L
9 30 9 0 R
9 31 9 31 D
9 32 10 32 D
9 33 4 23 D
9 34 7 14 U
9 35 9 35 L
9 36 8 26 D
9 37 0 6 R
9 38 7 13 U
9 39 10 14 U
9 40 2 25 D
9 41 0 11 R
9 42 11 24 D
9 43 0 16 U
9 44 9 44 L
9 45 3 45 L
10 0 8 29 D
10 1 9 23 D
10 2 11 12 U
10 3 9 35 L
10 4 9 4 R
10 5 10 5 R
10 6 3 6 R
10 7 11 7 R
10 8 9 8 R
10 9 11 9 R
10 10 1 23 D
10 11 9 26 D
10 12 0 1 R
10 13 3 8 R
10 14 0 24 D
10 15 11 41 L
10 16 9 38 L
10 17 0 25 D
10 18 6 31 D
10 19 7 19 U
10 20 9 20 U
10 21 13 1 R
10 22 6 22 U
10 23 10 34 L
10 24 1 5 R
10 25 9 4 R
10 26 9 40 L
10 27 9 39 L
10 28 10 28 D
10 29 6 29 D
10 30 9 30 D
10 31 11 8 R
10 32 9 32 D
10 33 7 19 U
10 34 8 30 D
10 35 10 4 R
10 36 7 15 U
10 37 2 37 L
10 38 10 38 L
10 39 10 39 L
10 40 10 40 L
10 41 8 41 L
10 42 11 42 L
10 43 1 43 L
10 44 0 30 D
10 45 0 13 U
11 0 10 32 D
11 1 10 23 D
11 2 4 24 D
11 3 11 3 R
11 4 10 34 L
11 5 11 27 D
11 6 11 17 U
11 7 9 7 R
11 8 0 38 L
11 9 10 9 R
11 10 9 10 R
11 11 9 11 R
11 12 11 34 L
11 13 7 3 R
11 14 9 2 R
11 15 10 37 L
11 16 8 7 R
11 17 3 43 L
11 18 7 18 U
11 19 11 2 R
11 20 4 6 R
11 21 12 21 U
11 22 8 22 U
11 23 10 33 L
11 24 10 42 L
11 25 11 36 L
11 26 9 36 L
11 27 11 27 D
11 28 10 40 L
11 29 7 5 R
11 30 10 30 D
11 31 11 31 D
11 32 8 32 D
11 33 10 30 D
11 34 10 1 R
11 35 11 19 U
11 36 9 26 D
11 37 10 21 U
11 38 0 20 U
11 39 7 10 R
11 40 6 40 L
11 41 0 8 R
11 42 0 6 R
11 43 12 43 L
11 44 24 44 L
11 45 1 45 L
12 0 10 24 D
12 1 11 24 D
12 2 7 12 U
12 3 10 16 U
12 4 0 23 D
12 5 0 14 U
12 6 12 28 D
12 7 12 25 D
12 8 10 30 D
12 9 9 9 R
12 10 12 15 U
12 11 14 12 U
12 12 12 33 L
12 13 11 38 L
12 14 1 9 R
12 15 3 5 R
12 16 11 39 L
12 17 11 34 L
12 18 12 18 U
12 19 12 36 L
12 20 11 3 R
12 21 6 21 U
12 22 11 22 U
12 23 10 2 R
12 24 9 45 L
12 25 11 10 R
12 26 8 38 L
12 27 13 35 L
12 28 1 19 U
12 29 13 4 R
12 30 11 0 R
12 31 6 5 R
12 32 10 40 L
12 33 10 0 R
12 34 9 1 R
12 35 0 13 U
12 36 10 36 L
12 37 4 17 U
12 38 9 21 U
12 39 0 15 U
12 40 13 29 D
12 41 13 41 L
12 42 15 42 L
12 43 4 43 L
12 44 17 44 L
12 45 13 45 L
13 0 11 26 D
13 1 8 12 U
13 2 4 17 U
13 3 13 27 D
13 4 12 4 R
13 5 0 34 L
13 6 13 6 R
13 7 13 14 U
13 8 12 8 R
13 9 12 14 U
13 10 3 10 R
13 11 13 11 R
13 12 12 34 L
13 13 9 4 R
13 14 12 37 L
13 15 13 41 L
13 16 13 3 R
13 17 9 17 U
13 18 13 18 U
13 19 13 19 U
13 20 17 10 R
13 21 10 7 R
13 22 9 9 R
13 23 11 3 R
13 24 9 6 R
13 25 9 38 L
13 26 12 26 D
13 27 13 27 D
13 28 13 28 D
13 29 11 29 D
13 30 11 39 L
13 31 10 31 D
13 32 14 3 R
13 33 6 30 D
13 34 11 21 U
13 35 7 24 D
13 36 13 18 U
13 37 13 21 U
13 38 11 24 D
13 39 11 32 D
13 40 13 40 L
13 41 8 17 U
13 42 13 42 L
13 43 16 17 U
13 44 25 44 L
13 45 12 45 L
14 0 1 33 L
14 1 13 38 L
14 2 14 29 D
14 3 13 34 L
14 4 14 24 D
14 5 15 5 R
14 6 12 15 U
14 7 13 13 U
14 8 13 30 D
14 9 14 9 R
14 10 12 10 R
14 11 14 11 R
14 12 14 0 R
14 13 1 41 L
14 14 0 31 D
14 15 14 38 L
14 16 14 16 U
14 17 2 0 R
14 18 13 45 L
14 19 19 43 L
14 20 25 7 R
14 21 4 36 L
14 22 14 22 U
14 23 12 40 L
14 24 12 5 R
14 25 15 25 D
14 26 15 2 R
14 27 10 27 D
14 28 0 43 L
14 29 15 34 L
14 30 17 34 L
14 31 16 2 R
14 32 4 1 R
14 33 7 23 D
14 34 12 22 U
14 35 13 23 D
14 36 13 14 U
14 37 13 22 U
14 38 0 21 U
14 39 11 26 D
14 40 3 32 D
14 41 6 41 L
14 42 0 8 R
14 43 14 43 L
14 44 26 31 D
14 45 10 25 D
15 0 1 25 D
15 1 3 21 U
15 2 4 30 D
15 3 17 22 U
15 4 15 4 R
15 5 0 21 U
15 6 12 6 R
15 7 14 7 R
15 8 10 8 R
15 9 15 9 R
15 10 12 12 U
15 11 12 11 R
15 12 12 11 R
15 13 1 13 U
15 14 13 37 L
15 15 15 1 R
15 16 15 16 U
15 17 15 17 U
15 18 14 10 R
15 19 19 19 U
15 20 14 20 U
15 21 14 42 L
15 22 16 22 U
15 23 12 4 R
15 24 10 45 L
15 25 14 0 R
15 26 17 33 L
15 27 14 5 R
15 28 14 28 D
15 29 15 29 D
15 30 16 30 D
15 31 7 31 D
15 32 6 32 D
15 33 0 27 D
15 34 14 4 R
15 35 14 35 L
15 36 9 24 D
15 37 15 37 L
15 38 14 22 U
15 39 15 32 D
15 40 14 18 U
15 41 12 41 L
15 42 14 12 U
15 43 16 43 L
15 44 6 18 U
15 45 6 16 U
16 0 11 23 D
16 1 8 1 R
16 2 17 2 R
16 3 14 3 R
16 4 16 14 U
16 5 12 26 D
16 6 0 37 L
16 7 13 21 U
16 8 0 25 D
16 9 14 23 D
16 10 12 18 U
16 11 0 43 L
16 12 14 7 R
16 13 13 0 R
16 14 14 35 L
16 15 17 1 R
16 16 17 16 U
16 17 7 28 D
16 18 16 18 U
16 19 19 6 R
16 20 28 20 U
16 21 0 3 R
16 22 7 35 L
16 23 15 5 R
16 24 16 24 D
16 25 16 25 D
16 26 17 26 D
16 27 17 39 L
16 28 14 9 R
16 29 0 11 R
16 30 17 2 R
16 31 15 31 D
16 32 16 6 R
16 33 7 12 U
16 34 13 28 D
16 35 8 13 U
16 36 16 16 U
16 37 16 22 U
16 38 17 31 D
16 39 17 39 L
16 40 17 40 L
16 41 16 26 D
16 42 14 42 L
16 43 19 30 D
16 44 23 44 L
16 45 9 0 R
17 0 17 24 D
17 1 16 15 U
17 2 13 37 L
17 3 15 3 R
17 4 13 4 R
17 5 4 26 D
17 6 17 6 R
17 7 15 31 D
17 8 6 8 R
17 9 13 15 U
17 10 2 26 D
17 11 15 11 R
17 12 15 43 L
17 13 11 4 R
17 14 17 14 U
17 15 16 15 U
17 16 6 8 R
17 17 7 40 L
17 18 15 18 U
17 19 20 33 L
17 20 27 20 U
17 22 16 36 L
17 23 11 33 L
17 24 0 45 L
17 25 17 25 D
17 26 13 34 L
17 27 15 27 D
17 28 11 41 L
17 29 14 29 D
17 30 13 5 R
17 31 16 42 L
17 32 15 32 D
17 33 10 28 D
17 34 16 27 D
17 35 7 16 U
17 36 11 36 L
17 37 16 37 L
17 38 16 5 R
17 39 15 39 L
17 40 18 24 D
17 41 17 41 L
17 42 17 30 D
17 43 18 43 L
17 44 26 44 L
17 45 4 45 L
18 0 16 12 U
18 1 18 13 U
18 2 16 24 D
18 3 12 40 L
18 4 15 16 U
18 5 16 13 U
18 6 17 23 D
18 7 7 34 L
18 8 20 36 L
18 9 21 34 L
18 10 18 10 R
18 11 18 25 D
18 12 14 40 L
18 13 8 6 R
18 14 13 2 R
18 15 15 0 R
18 16 0 41 L
18 17 18 26 D
18 18 18 5 R
18 19 17 19 U
18 20 25 20 U
18 22 21 1 R
18 23 15 3 R
18 24 19 40 L
18 25 18 0 R
18 26 0 17 U
18 27 18 2 R
18 28 18 34 L
18 29 1 37 L
18 30 20 38 L
18 31 20 2 R
18 32 27 1 R
18 33 17 15 U
18 34 20 14 U
18 35 12 35 L
18 36 18 19 U
18 37 18 24 D
18 38 18 38 L
18 39 19 25 D
18 40 4 23 D
18 41 0 21 U
18 42 17 25 D
18 43 19 43 L
18 44 12 44 L
18 45 16 1 R
19 0 19 24 D
19 1 16 1 R
19 2 11 2 R
19 3 16 3 R
19 4 18 4 R
19 5 19 5 R
19 6 16 12 U
19 7 20 7 R
19 8 18 8 R
19 9 21 9 R
19 10 19 10 R
19 11 18 11 R
19 12 17 33 L
19 13 19 33 L
19 14 18 14 U
19 15 18 15 U
19 16 19 39 L
19 17 20 17 U
19 18 19 18 U
19 19 20 19 U
19 22 23 22 U
19 23 17 35 L
19 24 0 39 L
19 25 0 16 U
19 26 5 26 D
19 27 17 27 D
19 28 18 39 L
19 29 3 7 R
19 30 19 30 D
19 31 14 31 D
19 32 22 32 D
19 33 18 14 U
19 34 19 27 D
19 35 0 20 U
19 36 21 15 U
19 37 18 14 U
19 38 19 38 L
19 39 19 39 L
19 40 15 40 L
19 41 9 8 R
19 42 20 42 L
19 43 19 22 U
19 44 22 44 L
19 45 17 45 L
20 0 19 23 D
20 1 20 17 U
20 2 20 34 L
20 3 15 29 D
20 4 18 28 D
20 5 0 29 D
20 6 13 18 U
20 7 13 7 R
20 8 16 8 R
20 9 9 15 U
20 10 17 10 R
20 11 11 11 R
20 12 3 11 R
20 13 0 38 L
20 14 18 1 R
20 15 18 37 L
20 16 20 16 U
20 17 0 5 R
20 18 20 18 U
20 19 18 44 L
20 22 21 22 U
20 23 18 33 L
20 24 19 39 L
20 25 19 0 R
20 26 0 4 R
20 27 20 27 D
20 28 19 38 L
20 29 16 29 D
20 30 18 3 R
20 31 21 31 D
20 32 24 32 D
20 33 19 24 D
20 34 19 18 U
20 35 5 35 L
20 36 19 36 L
20 37 17 37 L
20 38 20 38 L
20 39 5 3 R
20 40 18 40 L
20 41 21 41 L
20 42 16 27 D
20 43 17 43 L
20 44 29 23 D
21 0 19 28 D
21 1 19 19 U
21 2 21 28 D
21 3 21 30 D
21 4 23 22 U
21 5 21 30 D
21 6 18 6 R
21 7 20 12 U
21 8 13 8 R
21 9 19 9 R
21 10 22 26 D
21 11 21 15 U
21 12 18 36 L
21 13 0 7 R
21 14 16 9 R
21 15 21 9 R
21 16 18 4 R
21 17 25 0 R
21 18 21 33 L
21 19 28 1 R
21 22 22 22 U
21 23 20 42 L
21 24 14 43 L
21 25 20 41 L
21 26 19 36 L
21 27 13 37 L
21 28 21 28 D
21 29 24 0 R
21 30 20 30 D
21 31 17 34 L
21 32 27 32 D
21 33 7 0 R
21 34 15 31 D
21 35 23 25 D
21 36 21 23 D
21 37 19 37 L
21 38 18 15 U
21 39 19 23 D
21 40 15 27 D
21 41 21 5 R
21 42 23 42 L
21 43 21 43 L
21 44 28 44 L
22 0 19 14 U
22 1 22 30 D
22 2 21 35 L
22 3 20 24 D
22 4 11 4 R
22 5 21 5 R
22 6 20 6 R
22 7 0 12 U
22 8 24 12 U
22 9 17 24 D
22 10 22 10 R
22 11 22 11 R
22 12 0 35 L
22 13 22 39 L
22 14 16 14 U
22 15 22 6 R
22 16 21 11 R
22 17 24 17 U
22 18 21 38 L
22 19 22 19 U
22 22 17 26 D
22 23 13 0 R
22 24 19 33 L
22 25 20 1 R
22 26 23 40 L
22 27 11 10 R
22 28 23 7 R
22 29 20 29 D
22 30 23 34 L
22 31 18 31 D
22 32 28 32 D
22 33 20 23 D
22 34 20 0 R
22 35 17 35 L
22 36 18 3 R
22 37 17 24 D
22 38 22 15 U
22 39 21 16 U
22 40 21 40 L
22 41 23 41 L
22 42 4 42 L
22 43 22 43 L
22 44 27 44 L
23 0 18 18 U
23 1 19 16 U
23 2 23 2 R
23 3 21 16 U
23 4 23 4 R
23 5 19 13 U
23 6 20 41 L
23 7 3 7 R
23 8 22 8 R
23 9 20 9 R
23 10 23 10 R
23 11 23 11 R
23 12 6 5 R
23 13 23 8 R
23 14 21 14 U
23 15 23 45 L
23 16 23 16 U
23 17 26 17 U
23 18 13 5 R
23 19 21 19 U
23 22 18 5 R
23 23 19 2 R
23 24 21 36 L
23 25 22 25 D
23 26 22 6 R
23 27 20 34 L
23 28 22 43 L
23 29 19 29 D
23 30 22 30 D
23 31 13 42 L
23 32 18 42 L
23 33 20 19 U
23 34 22 28 D
23 35 20 22 U
23 36 22 36 L
23 37 0 21 U
23 38 23 26 D
23 39 0 9 R
23 40 20 40 L
23 41 20 23 D
23 42 0 4 R
23 43 24 29 D
23 44 14 13 U
24 0 24 28 D
24 1 25 17 U
24 2 22 17 U
24 3 20 25 D
24 4 25 14 U
24 5 22 14 U
24 6 22 16 U
24 7 0 38 L
24 8 24 8 R
24 9 23 15 U
24 10 0 24 D
24 11 20 27 D
24 12 23 24 D
24 13 24 13 U
24 14 20 42 L
24 15 21 36 L
24 16 24 8 R
24 17 25 17 U
24 18 25 41 L
24 19 26 37 L
24 22 24 22 U
24 23 22 33 L
24 24 22 41 L
24 25 23 35 L
24 26 5 43 L
24 27 23 27 D
24 28 24 28 D
24 29 22 35 L
24 30 26 39 L
24 31 24 31 D
24 32 29 43 L
24 33 14 10 R
24 34 17 13 U
24 35 22 27 D
24 36 22 22 U
24 37 15 23 D
24 38 0 26 D
24 39 26 39 L
24 40 7 16 U
24 41 22 41 L
24 42 18 42 L
24 43 15 43 L
24 44 29 19 U
25 0 24 23 D
25 1 24 18 U
25 2 24 2 R
25 3 25 3 R
25 4 26 4 R
25 5 24 13 U
25 6 23 30 D
25 7 25 7 R
25 8 21 26 D
25 9 22 9 R
25 10 24 31 D
25 11 21 11 R
25 12 11 37 L
25 13 24 33 L
25 14 18 23 D
25 15 26 4 R
25 16 24 7 R
25 17 25 26 D
25 18 25 18 U
25 19 30 5 R
25 22 14 4 R
25 23 24 33 L
25 24 4 34 L
25 25 22 37 L
25 26 26 34 L
25 27 17 40 L
25 28 0 11 R
25 29 24 39 L
25 30 13 6 R
25 31 23 42 L
25 32 15 38 L
25 33 24 27 D
25 34 17 18 U
25 35 2 35 L
25 36 25 28 D
25 37 23 24 D
25 38 24 38 L
25 39 25 39 L
25 40 17 24 D
25 41 25 3 R
25 42 23 18 U
25 43 23 14 U
26 0 25 12 U
26 1 25 23 D
26 2 26 13 U
26 3 24 31 D
26 4 24 4 R
26 5 26 15 U
26 6 27 32 D
26 7 26 7 R
26 8 7 8 R
26 9 26 9 R
26 10 22 19 U
26 11 28 16 U
26 12 25 12 U
26 13 22 40 L
26 14 23 24 D
26 15 26 15 U
26 16 3 44 L
26 17 26 1 R
26 18 12 3 R
26 19 30 19 U
26 22 25 22 U
26 23 13 2 R
26 24 25 36 L
26 25 24 43 L
26 26 26 26 D
26 27 24 27 D
26 28 23 28 D
26 29 26 29 D
26 30 23 10 R
26 31 25 44 L
26 32 28 39 L
26 33 21 17 U
26 34 21 25 D
26 35 24 25 D
26 36 25 36 L
26 37 24 37 L
26 38 22 38 L
26 39 25 29 D
26 40 24 29 D
26 41 26 17 U
26 42 26 30 D
26 43 25 43 L
27 0 27 26 D
27 1 28 24 D
27 2 28 2 R
27 3 26 24 D
27 4 22 19 U
27 5 28 18 U
27 6 24 12 U
27 7 19 29 D
27 8 23 8 R
27 9 30 25 D
27 10 28 10 R
27 11 28 11 R
27 12 24 33 L
27 13 26 45 L
27 14 25 2 R
27 15 17 40 L
27 16 27 36 L
27 17 25 34 L
27 18 29 34 L
27 19 29 19 U
27 22 10 44 L
27 23 24 34 L
27 24 26 36 L
27 25 26 44 L
27 26 26 33 L
27 27 27 2 R
27 28 27 0 R
27 29 29 42 L
27 30 18 1 R
27 31 27 36 L
27 32 29 32 D
27 33 26 22 U
27 34 26 28 D
27 35 28 14 U
27 36 23 5 R
27 37 22 37 L
27 38 28 16 U
27 39 14 32 D
27 40 23 22 U
27 41 26 23 D
27 42 28 42 L
27 43 19 25 D
28 0 27 14 U
28 1 28 16 U
28 2 25 2 R
28 3 24 26 D
28 4 25 4 R
28 5 30 5 R
28 6 27 6 R
28 7 28 7 R
28 8 26 17 U
28 9 30 9 R
28 10 20 10 R
28 11 30 29 D
28 12 27 34 L
28 13 28 13 U
28 14 28 33 L
28 15 27 15 U
28 16 27 16 U
28 17 27 17 U
28 18 28 18 U
28 19 28 19 U
28 22 17 22 U
28 23 26 7 R
28 24 28 35 L
28 25 22 43 L
28 26 19 41 L
28 27 0 17 U
28 28 19 28 D
28 29 24 11 R
28 30 23 30 D
28 31 26 31 D
28 33 26 0 R
28 34 20 8 R
28 35 27 32 D
28 36 0 3 R
28 37 28 37 L
28 38 23 38 L
28 41 0 4 R
28 42 28 27 D
28 43 11 43 L
29 0 23 25 D
29 1 29 27 D
29 2 19 22 U
29 3 27 3 R
29 4 13 32 D
29 5 27 5 R
29 6 30 13 U
29 7 27 22 U
29 8 27 8 R
29 9 27 15 U
29 10 25 10 R
29 12 20 10 R
29 13 27 11 R
29 14 12 1 R
29 15 29 37 L
29 16 0 25 D
29 17 28 17 U
29 18 29 18 U
29 19 30 35 L
29 22 26 36 L
29 23 25 35 L
29 24 28 33 L
29 25 15 43 L
29 26 29 38 L
29 27 29 27 D
29 28 23 9 R
29 29 28 29 D
29 30 29 30 D
29 31 30 44 L
29 33 21 30 D
29 34 23 3 R
29 35 25 35 L
29 36 24 18 U
29 37 30 27 D
29 38 18 30 D
29 41 29 41 L
29 43 27 24 D
30 0 24 14 U
30 1 17 29 D
30 2 23 20 U
30 3 2 28 D
30 6 28 6 R
30 7 29 7 R
30 8 29 8 R
30 12 29 35 L
30 13 27 44 L
30 14 29 14 U
30 16 29 8 R
30 17 9 6 R
30 18 22 1 R
30 22 1 41 L
30 23 27 7 R
30 24 27 33 L
30 25 27 37 L
30 26 14 26 D
30 27 19 9 R
30 28 25 28 D
30 29 29 29 D
30 30 30 0 R
30 31 26 2 R
30 33 23 23 D
30 34 29 3 R
30 35 27 19 U
30 36 30 6 R
30 37 30 37 L
30 38 28 31 D
30 41 26 41 L
30 43 29 31 D
31 0 24 12 U
31 3 30 3 R
31 12 30 3 R
31 37 30 12 U
32 0 27 0 R
32 3 29 3 R
32 12 25 37 L

