28 18 413
13 0 10 24 0 0 0 0 25 10 0 0 0 15 9 12 3 2
0 0 26 0 10 0 0 19 0 25 3 19 20 0 1 1 7 19
22 0 0 0 0 20 17 8 6 0 0 11 0 0 18 2 0 19
4 14 0 2 6 5 7 0 0 0 0 0 5 0 23 0 15 12
0 8 0 1 23 0 0 14 0 0 0 0 1 0 0 0 9 0
21 3 0 0 0 0 14 0 17 0 5 0 0 0 21 13 23 0
0 8 0 11 0 13 0 3 19 0 12 0 0 0 0 17 0 18
24 0 0 0 9 0 0 18 0 0 15 19 0 12 0 20 18 5
4 19 0 22 7 11 3 15 20 3 0 3 2 3 0 19 0 21
0 17 16 0 7 14 10 0 15 15 0 0 0 0 4 10 0 1
0 1 0 18 8 0 25 0 14 10 0 0 0 0 8 1 19 7
27 0 0 0 0 21 20 12 0 14 10 0 0 13 0 6 0 0
0 13 0 0 0 1 6 22 0 0 0 0 21 20 0 0 9 2
0 0 2 12 0 2 24 0 0 0 14 0 0 0 0 0 23 0
2 0 22 15 0 0 0 0 23 0 0 0 2 0 23 5 13 0
26 0 0 14 0 0 23 20 0 0 19 1 1 12 0 0 0 15
7 13 0 0 7 0 22 14 0 1 0 22 0 0 0 3 20 0
0 6 20 0 0 15 0 0 7 15 0 12 0 1 4 0 20 9
0 0 0 0 D
0 1 0 1 D
0 2 0 2 D
0 3 0 3 D
0 4 0 4 R
0 5 0 5 R
0 6 0 6 R
0 7 0 7 R
0 8 0 8 R
0 9 0 9 U
0 10 0 10 U
0 11 0 11 U
0 12 0 12 U
0 13 0 13 L
0 14 0 14 L
0 15 0 15 L
0 16 0 16 L
0 17 0 17 L
1 0 0 5 R
1 1 4 1 D
1 2 2 2 D
1 3 0 7 R
1 4 0 9 U
1 5 0 11 U
1 6 3 9 U
1 7 5 7 R
1 8 12 8 R
1 9 0 4 R
1 10 0 15 L
1 11 2 11 U
1 12 6 12 U
1 13 0 0 D
1 14 0 11 U
1 15 0 3 D
1 16 5 16 L
1 17 2 17 L
2 0 0 13 L
2 1 14 1 D
2 2 6 15 L
2 3 4 3 D
2 4 0 1 D
2 5 6 5 R
2 6 5 6 R
2 7 1 0 D
2 8 1 8 R
2 9 0 16 L
2 10 3 13 L
2 11 9 11 U
2 12 0 13 L
2 13 18 1 D
2 14 0 3 D
2 15 7 15 L
2 16 1 16 L
2 17 3 17 L
3 0 4 13 L
3 1 0 15 L
3 2 11 14 L
3 3 11 16 L
3 4 2 0 D
3 5 6 12 U
3 6 14 6 R
3 7 16 9 U
3 8 19 8 R
3 9 4 13 L
3 10 1 2 D
3 11 1 11 U
3 12 16 15 L
3 13 9 0 D
3 14 17 5 R
3 15 2 15 L
3 16 7 16 L
3 17 5 1 D
4 0 11 0 D
4 1 9 1 D
4 2 1 14 L
4 3 11 3 D
4 4 6 4 R
4 5 9 10 U
4 6 1 6 R
4 7 7 7 R
4 8 8 10 U
4 9 2 9 U
4 10 9 10 U
4 11 0 6 R
4 12 1 12 U
4 13 0 1 D
4 14 11 5 R
4 15 0 6 R
4 16 12 16 L
4 17 1 17 L
5 0 16 9 U
5 1 0 16 L
5 2 0 14 L
5 3 6 6 R
5 4 1 4 R
5 5 1 5 R
5 6 0 12 U
5 7 1 7 R
5 8 10 8 R
5 9 1 9 U
5 10 7 7 R
5 11 8 8 R
5 12 3 5 R
5 13 8 8 R
5 14 4 3 D
5 15 1 15 L
5 16 2 16 L
5 17 10 2 D
6 0 16 6 R
6 1 7 4 R
6 2 7 6 R
6 3 0 6 R
6 4 4 11 U
6 5 16 12 U
6 6 2 3 D
6 7 0 10 U
6 8 4 2 D
6 9 9 14 L
6 10 3 10 U
6 11 18 11 U
6 12 4 12 U
6 13 0 4 R
6 14 2 14 L
6 15 0 10 U
6 16 0 0 D
6 17 2 17 L
7 0 1 4 R
7 1 1 4 R
7 2 0 9 U
7 3 14 3 D
7 4 14 4 R
7 5 8 5 R
7 6 1 6 R
7 7 6 7 R
7 8 21 8 R
7 9 16 13 L
7 10 0 7 R
7 11 0 13 L
7 12 0 8 R
7 13 4 13 L
7 14 0 10 U
7 15 0 12 U
7 16 0 9 U
7 17 0 11 U
8 0 19 14 L
8 1 5 9 U
8 2 3 2 D
8 3 10 14 L
8 4 13 4 R
8 5 3 5 R
8 6 13 6 R
8 7 0 15 L
8 8 18 12 U
8 9 12 16 L
8 10 2 14 L
8 11 0 2 D
8 12 0 5 R
8 13 14 11 U
8 14 17 11 U
8 15 1 10 U
8 16 1 6 R
8 17 11 3 D
9 0 1 13 L
9 1 4 1 D
9 2 0 13 L
9 3 22 8 R
9 4 2 2 D
9 5 0 0 D
9 6 5 12 U
9 7 13 2 D
9 8 11 2 D
9 9 18 14 L
9 10 5 10 U
9 11 4 13 L
9 12 3 12 U
9 13 1 13 L
9 14 11 8 R
9 15 0 7 R
9 16 5 16 L
9 17 1 17 L
10 0 20 5 R
10 1 0 7 R
10 2 8 5 R
10 3 2 3 D
10 4 1 4 R
10 5 1 12 U
10 6 20 6 R
10 7 1 7 R
10 8 0 17 L
10 9 12 9 U
10 10 21 5 R
10 11 0 4 R
10 12 0 6 R
10 13 1 3 D
10 14 18 14 L
10 15 7 15 L
10 16 16 16 L
10 17 17 17 L
11 0 6 13 L
11 1 6 14 L
11 2 4 14 L
11 3 1 6 R
11 4 17 9 U
11 5 1 10 U
11 6 10 10 U
11 7 12 3 D
11 8 18 0 D
11 9 8 9 U
11 10 7 6 R
11 11 21 11 U
11 12 9 12 U
11 13 0 12 U
11 14 15 12 U
11 15 14 6 R
11 16 5 16 L
11 17 3 17 L
12 0 6 0 D
12 1 2 1 D
12 2 19 15 L
12 3 14 3 D
12 4 8 3 D
12 5 1 5 R
12 6 13 2 D
12 7 7 7 R
12 8 6 13 L
12 9 10 9 U
12 10 6 15 L
12 11 6 8 R
12 12 11 12 U
12 13 10 10 U
12 14 2 14 L
12 15 4 15 L
12 16 3 16 L
12 17 0 5 R
13 0 12 17 L
13 1 6 1 D
13 2 6 10 U
13 3 7 3 D
13 4 22 0 D
13 5 10 1 D
13 6 0 14 L
13 7 3 7 R
13 8 17 10 U
13 9 9 15 L
13 10 1 4 R
13 11 23 7 R
13 12 11 12 U
13 13 7 2 D
13 14 3 11 U
13 15 5 15 L
13 16 15 12 U
13 17 1 3 D
14 0 9 10 U
14 1 5 7 R
14 2 10 9 U
14 3 6 3 D
14 4 10 4 R
14 5 1 5 R
14 6 12 6 R
14 7 13 7 R
14 8 4 8 R
14 9 17 4 R
14 10 16 10 U
14 11 1 0 D
14 12 3 16 L
14 13 5 2 D
14 14 0 2 D
14 15 3 2 D
14 16 1 7 R
14 17 13 17 L
15 0 0 4 R
15 1 1 13 L
15 2 19 13 L
15 3 1 15 L
15 4 17 13 L
15 5 16 5 R
15 6 12 11 U
15 7 3 11 U
15 8 18 3 D
15 9 0 0 D
15 10 16 14 L
15 11 9 14 L
15 12 3 6 R
15 13 9 13 L
15 14 14 14 L
15 15 4 15 L
15 16 3 12 U
15 17 13 17 L
16 0 15 5 R
16 1 3 13 L
16 2 2 14 L
16 3 4 3 D
16 4 13 1 D
16 5 3 2 D
16 6 0 2 D
16 7 2 9 U
16 8 9 8 R
16 9 0 17 L
16 10 18 16 L
16 11 0 14 L
16 12 10 14 L
16 13 0 9 U
16 14 3 14 L
16 15 8 3 D
16 16 6 9 U
17 0 20 13 L
17 1 0 10 U
17 2 11 2 D
17 3 5 3 D
17 4 1 1 D
17 5 7 5 R
17 6 19 6 R
17 7 21 10 U
17 8 20 8 R
17 9 6 9 U
17 10 20 4 R
17 11 5 2 D
17 12 10 7 R
17 13 2 2 D
17 14 0 5 R
17 15 0 1 D
17 16 0 4 R
18 0 3 13 L
18 1 7 1 D
18 2 1 2 D
18 3 15 17 L
18 4 15 1 D
18 5 17 0 D
18 6 15 0 D
18 7 1 7 R
18 8 3 8 R
18 9 2 13 L
18 10 1 10 U
18 11 8 11 U
18 12 22 13 L
18 13 13 0 D
18 14 1 14 L
18 15 4 15 L
18 16 12 9 U
18 17 4 17 L
19 0 3 14 L
19 1 9 4 R
19 2 12 4 R
19 3 8 12 U
19 4 8 9 U
19 5 8 9 U
19 6 11 10 U
19 7 1 7 R
19 8 0 15 L
19 9 3 15 L
19 11 15 11 U
19 12 1 12 U
19 13 15 13 L
19 14 7 0 D
19 15 16 15 L
19 16 3 9 U
20 0 13 15 L
20 1 16 15 L
20 2 22 16 L
20 3 7 6 R
20 4 0 3 D
20 5 17 9 U
20 6 23 6 R
20 7 0 9 U
20 8 7 8 R
20 9 17 6 R
20 11 12 15 L
20 13 6 13 L
20 14 7 14 L
20 15 10 0 D
21 0 22 0 D
21 1 18 13 L
21 2 22 17 L
21 3 1 8 R
21 4 7 4 R
21 5 6 11 U
21 6 16 6 R
21 7 0 11 U
21 10 3 4 R
21 11 17 4 R
21 13 0 7 R
21 14 13 14 L
21 15 2 3 D
22 0 20 15 L
22 1 8 7 R
22 2 3 2 D
22 3 2 3 D
22 5 4 5 R
22 6 15 6 R
22 7 8 12 U
22 9 2 14 L
22 10 18 1 D
22 11 17 11 U
22 13 15 13 L
22 14 6 12 U
22 15 1 15 L
23 0 21 0 D
23 1 3 1 D
23 2 12 2 D
23 3 19 13 L
23 5 3 11 U
23 7 1 7 R
23 14 5 14 L
23 15 1 8 R
24 1 5 1 D
24 14 11 3 D
24 15 10 9 U
25 1 2 1 D
25 14 10 14 L
25 15 17 15 L
26 1 5 10 U
26 15 0 8 R
27 1 13 1 D

