22 12 225
7 7 0 12 18 3 0 9 19 0 14 18 0 0
7 0 1 0 0 0 7 0 0 19 0 11 16 0
0 0 8 0 0 1 17 0 0 0 0 0 0 0
0 10 0 0 0 0 17 0 17 10 20 0 0 14
9 17 2 0 0 0 0 1 0 6 2 10 0 0
0 0 0 5 13 14 0 0 20 0 0 21 20 2
0 0 15 0 0 0 5 0 0 0 0 4 14 0
0 0 0 7 10 0 0 0 5 10 16 0 8 1
0 18 0 4 0 0 0 18 0 0 17 0 3 14
0 19 18 3 0 0 14 0 0 0 0 0 0 10
2 1 10 0 17 0 10 0 0 3 12 18 8 0
0 0 16 15 0 17 0 0 0 14 0 0 0 0
0 7 14 14 0 0 7 14 0 3 0 0 0 0
16 0 0 0 0 0 0 16 0 11 16 6 5 6
0 0 0 0 L
0 1 0 1 L
0 2 0 2 L
0 3 0 3 R
0 4 0 4 R
0 5 0 5 R
0 6 0 6 D
0 7 0 7 D
0 8 0 8 D
0 9 0 9 U
0 10 0 10 U
0 11 0 11 U
1 0 3 11 U
1 1 12 1 L
1 2 16 6 D
1 3 0 9 U
1 4 2 4 R
1 5 5 5 R
1 6 7 1 L
1 7 4 1 L
1 8 6 8 D
1 9 7 7 D
1 10 0 3 R
1 11 7 11 U
2 0 3 7 D
2 1 13 6 D
2 2 14 10 U
2 3 11 3 R
2 4 8 4 R
2 5 9 5 R
2 6 12 3 R
2 7 13 5 R
2 8 0 11 U
2 9 11 9 U
2 10 15 0 L
2 11 7 4 R
3 0 6 6 D
3 1 1 10 U
3 2 1 2 L
3 3 10 2 L
3 4 7 4 R
3 5 1 5 R
3 6 1 10 U
3 7 11 7 D
3 8 0 10 U
3 9 15 4 R
3 10 14 10 U
3 11 10 11 U
4 0 6 8 D
4 1 11 9 U
4 2 5 2 L
4 3 6 10 U
4 4 16 4 R
4 5 6 2 L
4 6 11 5 R
4 7 10 3 R
4 8 10 0 L
4 9 2 9 U
4 10 6 3 R
4 11 5 11 U
5 0 1 7 D
5 1 0 8 D
5 2 0 10 U
5 3 12 10 U
5 4 8 4 R
5 5 12 8 D
5 6 0 3 R
5 7 2 7 D
5 8 1 8 D
5 9 0 7 D
5 10 12 3 R
5 11 0 2 L
6 0 11 9 U
6 1 0 7 D
6 2 3 7 D
6 3 10 6 D
6 4 0 7 D
6 5 7 5 R
6 6 3 9 U
6 7 9 7 D
6 8 12 10 U
6 9 5 9 U
6 10 0 1 L
6 11 0 4 R
7 0 4 10 U
7 1 3 1 L
7 2 4 2 L
7 3 1 9 U
7 4 0 2 L
7 5 9 0 L
7 6 15 9 U
7 7 5 7 D
7 8 4 8 D
7 9 11 9 U
7 10 0 5 R
7 11 17 5 R
8 0 0 3 R
8 1 10 11 U
8 2 0 6 D
8 3 0 0 L
8 4 0 11 U
8 5 5 9 U
8 6 15 3 R
8 7 4 0 L
8 8 15 8 D
8 9 6 0 L
8 10 7 4 R
8 11 5 11 U
9 0 8 9 U
9 1 14 6 D
9 2 3 9 U
9 3 0 8 D
9 4 8 6 D
9 5 12 6 D
9 6 16 1 L
9 7 10 5 R
9 8 1 8 D
9 9 5 4 R
9 10 5 10 U
9 11 4 3 R
10 0 0 9 U
10 1 13 10 U
10 2 1 11 U
10 3 11 3 R
10 4 12 7 D
10 5 7 1 L
10 6 7 3 R
10 7 0 1 L
10 8 7 1 L
10 9 6 1 L
10 10 0 0 L
10 11 9 11 U
11 0 10 0 L
11 1 3 10 U
11 2 14 2 L
11 3 0 10 U
11 4 6 8 D
11 5 18 5 R
11 6 0 2 L
11 7 0 4 R
11 8 12 3 R
11 9 1 9 U
11 10 14 10 U
11 11 8 8 D
12 0 5 10 U
12 1 8 1 L
12 2 5 2 L
12 3 14 0 L
12 4 0 6 D
12 5 16 7 D
12 6 0 0 L
12 7 21 7 D
12 8 0 4 R
12 9 11 9 U
12 10 2 4 R
12 11 5 2 L
13 0 12 7 D
13 1 8 3 R
13 2 0 11 U
13 3 8 8 D
13 4 17 4 R
13 6 3 6 D
13 7 9 7 D
13 8 6 8 D
13 9 11 2 L
13 10 8 10 U
13 11 6 4 R
14 0 7 0 L
14 1 0 4 R
14 2 2 2 L
14 3 12 9 U
14 4 3 4 R
14 5 0 1 L
14 6 7 10 U
14 7 8 2 L
14 8 15 5 R
14 9 0 6 D
14 10 13 2 L
14 11 2 11 U
15 0 5 9 U
15 1 1 11 U
15 2 8 9 U
15 3 5 2 L
15 4 1 11 U
15 6 13 6 D
15 7 17 3 R
15 8 9 8 D
15 9 13 5 R
15 10 5 10 U
15 11 5 4 R
16 0 13 3 R
16 1 7 8 D
16 2 7 2 L
16 3 14 11 U
16 4 1 9 U
16 6 0 9 U
16 8 7 0 L
16 9 11 4 R
16 10 5 8 D
16 11 5 7 D
17 0 5 0 L
17 1 6 7 D
17 2 6 2 L
17 3 14 3 R
17 4 13 2 L
17 8 10 4 R
17 9 1 8 D
17 10 12 10 U
17 11 7 11 U
18 0 13 0 L
18 1 8 1 L
18 3 19 1 L
18 4 13 6 D
18 9 0 8 D
18 10 7 7 D
18 11 17 11 U
19 0 0 11 U
19 4 11 4 R
19 9 14 6 D
19 10 14 6 D
20 4 3 7 D
20 9 0 1 L
20 10 3 10 U
21 4 7 4 R
21 9 13 9 U

