32 35 930
30 24 20 16 14 15 19 20 14 24 18 23 0 13 21
0 25 21 20 0 7 16 21 15 0 0 25 0 9 15
0 11 24 24 5 9 27 29 4 0 0 0 0 6 8
0 26 15 0 26 6 0 18 30 26 27 3 5 28 8
0 8 3 13 24 0 28 24 0 0 27 23 15 23 27
0 30 0 0 28 11 0 12 23 17 0 17 8 0 28
0 20 24 0 0 11 6 6 8 26 0 18 18 24 6
0 0 0 0 29 0 0 19 23 7 24 0 0 0 27
0 10 20 28 26 16 16 4 22 0 17 1 8 25 15
0 0 0 0 0 11 7 4 0 20 2 0 21 26 14
0 0 0 0 0 28 3 0 29 12 4 19 22 4 0
0 0 0 0 0 0 29 0 28 29 25 0 26 0 25
31 23 23 0 6 18 28 23 17 31 0 5 0 18 3
25 14 0 26 0 6 27 23 0 31 0 0 0 26 26
23 21 2 0 31 9 10 10 9 21 0 0 30 25 2
0 0 0 0 R
0 1 0 1 R
0 2 0 2 R
0 3 0 3 R
0 4 0 4 R
0 5 0 5 R
0 6 0 6 R
0 7 0 7 R
0 8 0 8 U
0 9 0 9 U
0 10 0 10 U
0 11 0 11 U
0 12 0 12 U
0 13 0 13 U
0 14 0 14 U
0 15 0 15 U
0 16 0 16 U
0 17 0 17 D
0 18 0 18 D
0 19 0 19 D
0 20 0 20 D
0 21 0 21 D
0 22 0 22 D
0 23 0 23 D
0 24 0 24 D
0 25 0 25 D
0 26 0 26 D
0 27 0 27 D
0 28 0 28 L
0 29 0 29 L
0 30 0 30 L
0 31 0 31 L
0 32 0 32 L
0 33 0 33 L
0 34 0 34 L
1 0 12 15 U
1 1 16 18 D
1 2 22 15 U
1 3 7 3 R
1 4 2 11 U
1 5 6 5 R
1 6 15 9 U
1 7 4 7 R
1 8 0 33 L
1 9 15 5 R
1 10 13 5 R
1 11 8 3 R
1 12 11 28 L
1 13 2 13 U
1 14 4 14 U
1 15 10 15 U
1 16 17 16 U
1 17 6 5 R
1 18 9 28 L
1 19 20 31 L
1 20 11 4 R
1 21 18 0 R
1 22 18 28 L
1 23 5 0 R
1 24 3 24 D
1 26 10 28 L
1 27 10 27 D
1 28 22 26 D
1 29 25 12 U
1 30 6 12 U
1 31 13 18 D
1 32 2 32 L
1 33 7 15 U
1 34 10 26 D
2 0 15 17 D
2 1 8 32 L
2 2 0 10 U
2 3 5 13 U
2 4 1 4 R
2 5 3 5 R
2 6 14 6 R
2 7 3 7 R
2 8 0 7 R
2 9 10 5 R
2 10 6 10 U
2 11 0 21 D
2 12 17 12 U
2 13 28 5 R
2 14 20 1 R
2 15 10 15 U
2 16 12 2 R
2 17 5 7 R
2 18 0 31 L
2 19 0 29 L
2 20 18 33 L
2 21 11 3 R
2 22 6 22 D
2 23 1 23 D
2 24 8 24 D
2 25 10 25 D
2 26 3 26 D
2 27 4 28 L
2 28 22 12 U
2 29 0 19 D
2 30 22 26 D
2 31 12 14 U
2 32 5 32 L
2 33 10 25 D
2 34 1 34 L
3 0 0 27 D
3 1 15 11 U
3 2 0 11 U
3 3 9 3 R
3 4 0 22 D
3 5 13 15 U
3 6 0 21 D
3 7 6 7 R
3 8 19 34 L
3 9 19 9 U
3 10 4 6 R
3 11 0 2 R
3 12 5 5 R
3 13 5 13 U
3 14 20 0 R
3 15 9 15 U
3 16 1 16 U
3 17 4 1 R
3 18 7 18 D
3 19 16 0 R
3 20 8 20 D
3 21 7 21 D
3 22 5 22 D
3 23 2 3 R
3 24 1 6 R
3 26 0 4 R
3 27 13 27 D
3 28 0 18 D
3 29 1 17 D
3 30 1 5 R
3 31 4 27 D
3 32 1 11 U
3 33 1 33 L
3 34 14 34 L
4 0 2 8 U
4 1 6 9 U
4 2 6 8 U
4 3 0 30 L
4 4 14 4 R
4 5 18 5 R
4 6 29 14 U
4 7 14 13 U
4 8 2 0 R
4 9 21 6 R
4 10 6 10 U
4 11 17 11 U
4 12 3 12 U
4 13 0 30 L
4 14 8 14 U
4 15 5 15 U
4 16 7 16 U
4 17 22 7 R
4 18 19 0 R
4 19 5 19 D
4 20 5 20 D
4 21 17 21 D
4 22 21 22 D
4 23 14 33 L
4 24 19 24 D
4 26 10 26 D
4 27 1 27 D
4 28 7 18 D
4 29 14 10 U
4 30 14 30 L
4 31 11 31 L
4 32 22 21 D
4 33 9 22 D
4 34 11 34 L
5 0 29 8 U
5 1 14 8 U
5 2 4 2 R
5 3 15 3 R
5 4 25 9 U
5 5 22 16 U
5 6 11 6 R
5 7 18 7 R
5 8 4 3 R
5 9 8 6 R
5 10 15 19 D
5 11 24 2 R
5 12 8 12 U
5 13 0 18 D
5 14 15 7 R
5 15 2 15 U
5 16 20 16 U
5 17 0 9 U
5 18 11 1 R
5 19 7 29 L
5 20 6 20 D
5 21 3 21 D
5 22 4 22 D
5 23 15 23 D
5 24 16 24 D
5 25 0 3 R
5 26 1 0 R
5 27 11 4 R
5 28 12 0 R
5 29 0 1 R
5 30 0 21 D
5 31 0 12 U
5 32 1 24 D
5 33 9 8 U
5 34 12 34 L
6 0 0 25 D
6 1 3 1 R
6 2 0 29 L
6 3 11 30 L
6 4 20 10 U
6 5 9 11 U
6 6 14 6 R
6 7 22 15 U
6 8 4 4 R
6 9 5 4 R
6 10 22 10 U
6 11 21 11 U
6 12 12 2 R
6 13 17 4 R
6 14 21 14 U
6 15 8 15 U
6 16 10 16 U
6 17 19 30 L
6 18 19 32 L
6 19 4 19 D
6 20 12 20 D
6 21 22 6 R
6 22 2 22 D
6 23 0 12 U
6 24 25 24 D
6 25 10 25 D
6 28 5 11 U
6 29 8 29 L
6 30 13 18 D
6 31 8 5 R
6 32 2 32 L
6 33 16 33 L
6 34 3 24 D
7 0 20 20 D
7 1 0 18 D
7 2 9 2 R
7 3 11 8 U
7 4 0 12 U
7 5 0 18 D
7 6 1 23 D
7 7 8 11 U
7 8 15 0 R
7 9 0 0 R
7 10 6 10 U
7 11 10 18 D
7 12 0 20 D
7 13 15 13 U
7 14 9 14 U
7 15 4 0 R
7 16 20 16 U
7 17 5 3 R
7 18 1 34 L
7 19 16 28 L
7 20 18 30 L
7 21 24 28 L
7 22 15 16 U
7 23 2 31 L
7 24 1 24 D
7 28 1 28 L
7 29 4 17 D
7 30 17 20 D
7 31 8 31 L
7 32 12 23 D
7 33 0 20 D
7 34 19 6 R
8 0 3 16 U
8 1 14 1 R
8 2 0 28 L
8 3 0 8 U
8 4 6 10 U
8 5 3 18 D
8 6 6 18 D
8 7 21 34 L
8 8 3 2 R
8 9 4 1 R
8 10 5 10 U
8 11 0 28 L
8 12 2 12 U
8 13 6 13 U
8 14 2 6 R
8 15 16 15 U
8 16 0 31 L
8 17 4 30 L
8 18 4 30 L
8 19 14 19 D
8 20 0 4 R
8 21 26 4 R
8 22 22 22 D
8 23 7 23 D
8 24 1 34 L
8 25 3 25 D
8 27 10 27 D
8 28 0 8 U
8 29 6 11 U
8 30 2 30 L
8 31 25 20 D
8 32 5 17 D
8 33 22 33 L
8 34 9 16 U
9 0 0 31 L
9 1 6 1 R
9 2 12 18 D
9 3 20 11 U
9 4 3 4 R
9 5 7 28 L
9 6 1 6 R
9 7 4 7 R
9 8 13 8 U
9 9 3 6 R
9 10 28 4 R
9 11 1 34 L
9 12 13 4 R
9 13 5 17 D
9 14 0 3 R
9 15 0 34 L
9 16 7 16 U
9 17 0 8 U
9 18 3 32 L
9 19 5 2 R
9 20 20 29 L
9 21 11 21 D
9 22 0 13 U
9 23 1 23 D
9 24 0 14 U
9 25 16 1 R
9 26 13 30 L
9 28 11 10 U
9 29 0 25 D
9 30 0 10 U
9 31 18 17 D
9 32 10 20 D
9 33 0 23 D
9 34 11 34 L
10 0 7 9 U
10 1 13 14 U
10 2 20 24 D
10 3 19 31 L
10 4 22 11 U
10 5 0 8 U
10 6 2 6 R
10 7 0 29 L
10 8 14 2 R
10 9 4 2 R
10 10 2 2 R
10 11 7 18 D
10 12 21 34 L
10 13 6 13 U
10 14 5 14 U
10 15 2 15 U
10 16 9 16 U
10 17 19 1 R
10 18 0 1 R
10 19 16 3 R
10 20 12 1 R
10 21 4 21 D
10 22 23 2 R
10 23 4 23 D
10 24 3 7 R
10 28 4 23 D
10 29 11 29 L
10 30 22 8 U
10 31 5 31 L
10 32 4 32 L
10 33 1 33 L
10 34 3 12 U
11 0 9 29 L
11 1 20 1 R
11 2 18 2 R
11 3 1 9 U
11 4 5 30 L
11 5 21 5 R
11 6 0 15 U
11 7 6 7 R
11 8 0 5 R
11 9 19 0 R
11 10 0 6 R
11 11 4 4 R
11 12 6 32 L
11 13 12 13 U
11 14 19 2 R
11 15 27 33 L
11 16 26 30 L
11 17 2 33 L
11 18 7 31 L
11 19 10 19 D
11 20 26 20 D
11 21 0 6 R
11 22 18 29 L
11 23 18 23 D
11 24 8 2 R
11 25 10 29 L
11 27 10 8 U
11 28 30 20 D
11 29 1 13 U
11 30 10 19 D
11 31 14 31 L
11 32 4 8 U
11 33 8 3 R
11 34 20 34 L
12 0 8 12 U
12 1 2 8 U
12 2 14 9 U
12 3 6 10 U
12 4 14 13 U
12 5 6 9 U
12 6 15 10 U
12 7 14 18 D
12 8 23 4 R
12 9 21 29 L
12 10 17 31 L
12 11 24 34 L
12 12 6 4 R
12 13 11 2 R
12 14 6 32 L
12 15 14 31 L
12 16 9 16 U
12 17 13 0 R
12 18 17 6 R
12 19 19 7 R
12 20 25 20 D
12 21 5 21 D
12 22 3 22 D
12 23 5 23 D
12 24 2 24 D
12 25 13 33 L
12 26 2 6 R
12 28 23 17 D
12 29 17 25 D
12 30 2 9 U
12 31 21 10 U
12 32 19 9 U
12 33 24 20 D
12 34 24 17 D
13 0 0 8 U
13 1 2 1 R
13 2 15 10 U
13 3 9 16 U
13 4 6 4 R
13 5 12 12 U
13 6 3 6 R
13 7 0 33 L
13 8 0 17 D
13 9 27 9 U
13 10 1 32 L
13 11 17 24 D
13 12 21 20 D
13 13 5 13 U
13 14 26 23 D
13 15 9 7 R
13 16 9 16 U
13 17 0 28 L
13 18 10 3 R
13 19 25 31 L
13 20 26 0 R
13 21 3 31 L
13 22 9 5 R
13 23 16 31 L
13 24 20 29 L
13 28 26 13 U
13 29 3 17 D
13 30 12 9 U
13 31 2 15 U
13 32 10 32 L
13 33 2 13 U
13 34 3 22 D
14 0 5 0 R
14 1 6 1 R
14 2 11 12 U
14 3 29 13 U
14 4 10 17 D
14 5 23 5 R
14 6 8 6 R
14 7 10 7 R
14 8 5 6 R
14 9 10 34 L
14 10 0 32 L
14 11 5 11 U
14 12 0 31 L
14 13 15 13 U
14 14 11 2 R
14 15 1 15 U
14 16 27 7 R
14 17 18 4 R
14 18 22 33 L
14 19 10 5 R
14 20 0 2 R
14 21 23 29 L
14 22 0 33 L
14 23 6 29 L
14 24 10 29 L
14 28 19 11 U
14 29 3 10 U
14 30 2 10 U
14 31 6 31 L
14 32 18 32 L
14 33 3 9 U
14 34 6 34 L
15 0 0 17 D
15 1 13 21 D
15 2 17 29 L
15 3 16 17 D
15 4 4 4 R
15 5 2 5 R
15 6 13 34 L
15 7 4 7 R
15 8 9 1 R
15 9 0 28 L
15 10 4 10 U
15 11 23 20 D
15 12 7 6 R
15 13 7 13 U
15 14 18 29 L
15 15 0 4 R
15 16 2 16 U
15 17 0 0 R
15 18 23 29 L
15 19 10 19 D
15 20 21 31 L
15 21 23 30 L
15 22 17 22 D
15 23 21 34 L
15 24 6 0 R
15 26 5 26 D
15 27 7 27 D
15 28 2 28 L
15 29 2 17 D
15 30 5 11 U
15 31 11 31 L
15 32 22 19 D
15 33 7 20 D
15 34 10 20 D
16 0 9 14 U
16 1 1 19 D
16 2 4 23 D
16 3 9 3 R
16 4 25 12 U
16 5 9 13 U
16 6 15 31 L
16 7 4 7 R
16 8 7 17 D
16 9 6 6 R
16 10 15 10 U
16 11 7 26 D
16 12 0 0 R
16 13 11 13 U
16 14 11 31 L
16 15 4 7 R
16 16 7 16 U
16 17 3 17 D
16 18 13 1 R
16 19 14 34 L
16 20 10 5 R
16 21 8 9 U
16 22 0 30 L
16 23 2 23 D
16 24 3 24 D
16 28 0 2 R
16 29 20 8 U
16 30 6 16 U
16 31 3 9 U
16 32 21 15 U
16 33 23 33 L
16 34 17 10 U
17 0 2 26 D
17 1 0 19 D
17 2 7 20 D
17 3 18 8 U
17 4 25 4 R
17 5 0 28 L
17 6 0 9 U
17 7 12 19 D
17 8 27 5 R
17 9 28 3 R
17 10 0 1 R
17 11 2 11 U
17 12 24 3 R
17 13 16 29 L
17 14 10 14 U
17 15 3 15 U
17 16 25 16 U
17 17 5 28 L
17 18 26 32 L
17 19 6 19 D
17 20 0 10 U
17 21 0 31 L
17 22 20 7 R
17 23 4 23 D
17 24 3 24 D
17 26 6 26 D
17 28 5 20 D
17 29 7 22 D
17 30 27 20 D
17 31 0 26 D
17 32 10 24 D
17 33 4 33 L
17 34 13 11 U
18 0 23 0 R
18 1 2 21 D
18 2 13 2 R
18 3 28 15 U
18 4 27 4 R
18 5 21 8 U
18 6 4 6 R
18 7 11 7 R
18 8 15 1 R
18 9 23 33 L
18 10 10 2 R
18 11 12 18 D
18 12 1 12 U
18 13 15 13 U
18 14 16 28 L
18 15 17 4 R
18 16 13 4 R
18 17 19 32 L
18 19 15 30 L
18 20 6 20 D
18 21 5 7 R
18 22 6 22 D
18 23 1 28 L
18 24 14 1 R
18 26 20 29 L
18 28 0 9 U
18 29 1 14 U
18 30 1 14 U
18 31 2 19 D
18 32 14 11 U
18 33 9 33 L
18 34 1 19 D
19 0 1 8 U
19 1 6 8 U
19 2 12 34 L
19 3 18 3 R
19 4 22 8 U
19 5 1 10 U
19 6 25 32 L
19 7 1 7 R
19 8 23 1 R
19 9 3 9 U
19 10 23 20 D
19 11 8 30 L
19 12 0 25 D
19 13 17 33 L
19 14 24 34 L
19 15 4 15 U
19 16 31 21 D
19 17 1 28 L
19 18 20 4 R
19 19 10 19 D
19 20 5 3 R
19 21 3 21 D
19 22 24 0 R
19 23 8 23 D
19 24 5 24 D
19 27 7 27 D
19 28 12 8 U
19 29 12 19 D
19 30 21 27 D
19 31 0 17 D
19 32 2 14 U
19 33 22 23 D
19 34 9 14 U
20 0 15 8 U
20 1 25 13 U
20 2 23 13 U
20 3 13 14 U
20 4 11 8 U
20 5 0 19 D
20 6 16 6 R
20 7 0 34 L
20 8 18 3 R
20 9 13 19 D
20 10 6 10 U
20 11 0 24 D
20 12 22 30 L
20 13 0 4 R
20 14 6 14 U
20 15 10 15 U
20 16 27 1 R
20 17 2 0 R
20 18 4 29 L
20 19 21 32 L
20 20 1 28 L
20 21 10 21 D
20 22 1 29 L
20 23 9 32 L
20 27 9 31 L
20 28 15 21 D
20 29 25 10 U
20 30 23 24 D
20 31 0 22 D
20 32 24 14 U
20 33 3 33 L
20 34 4 34 L
21 0 17 31 L
21 1 9 8 U
21 2 1 2 R
21 3 6 22 D
21 4 0 30 L
21 5 7 5 R
21 6 2 19 D
21 7 9 9 U
21 8 9 18 D
21 9 4 9 U
21 10 20 3 R
21 11 2 11 U
21 12 23 19 D
21 13 1 13 U
21 15 5 15 U
21 16 4 16 U
21 17 0 32 L
21 18 18 0 R
21 19 16 2 R
21 20 24 1 R
21 21 27 31 L
21 22 6 22 D
21 23 3 23 D
21 26 19 1 R
21 28 1 13 U
21 29 0 11 U
21 30 23 15 U
21 31 26 12 U
21 32 16 17 D
21 33 24 18 D
21 34 6 34 L
22 0 6 8 U
22 1 25 33 L
22 2 11 15 U
22 3 8 27 D
22 4 9 4 R
22 5 24 30 L
22 6 0 32 L
22 7 0 30 L
22 8 8 1 R
22 9 4 9 U
22 10 0 5 R
22 11 30 4 R
22 12 11 12 U
22 13 2 7 R
22 15 19 7 R
22 16 9 16 U
22 17 27 29 L
22 19 10 19 D
22 20 20 12 U
22 21 18 21 D
22 23 4 23 D
22 27 12 29 L
22 28 2 21 D
22 29 24 22 D
22 30 8 9 U
22 31 8 9 U
22 32 18 32 L
22 33 18 11 U
22 34 10 27 D
23 0 12 19 D
23 1 20 30 L
23 2 0 18 D
23 3 9 24 D
23 4 0 24 D
23 5 26 17 D
23 6 18 9 U
23 7 4 12 U
23 8 7 19 D
23 9 25 24 D
23 10 16 29 L
23 11 2 11 U
23 12 4 12 U
23 13 0 17 D
23 15 0 28 L
23 16 2 16 U
23 17 16 5 R
23 18 19 18 D
23 19 28 2 R
23 20 1 30 L
23 21 13 21 D
23 23 4 23 D
23 24 3 24 D
23 28 21 28 L
23 29 11 16 U
23 30 29 17 D
23 31 5 18 D
23 32 27 20 D
23 33 1 33 L
23 34 11 19 D
24 0 4 10 U
24 1 12 21 D
24 2 6 2 R
24 3 26 10 U
24 4 19 18 D
24 5 4 5 R
24 6 27 19 D
24 7 6 7 R
24 8 9 7 R
24 9 6 9 U
24 10 3 10 U
24 11 21 33 L
24 12 14 29 L
24 13 6 13 U
24 15 4 4 R
24 16 9 16 U
24 17 15 0 R
24 20 22 20 D
24 21 12 33 L
24 23 13 5 R
24 24 21 6 R
24 28 25 9 U
24 29 8 14 U
24 30 18 6 R
24 31 5 19 D
24 32 5 21 D
24 33 5 33 L
24 34 1 21 D
25 0 0 10 U
25 1 28 31 L
25 2 17 2 R
25 4 2 14 U
25 5 3 5 R
25 6 3 9 U
25 7 6 34 L
25 8 0 34 L
25 9 6 9 U
25 10 13 22 D
25 11 17 34 L
25 12 19 12 U
25 13 21 3 R
25 15 9 15 U
25 16 14 5 R
25 17 8 17 D
25 20 12 5 R
25 23 4 23 D
25 28 1 20 D
25 29 10 12 U
25 30 4 30 L
25 31 17 23 D
25 32 19 10 U
25 33 26 33 L
25 34 12 12 U
26 0 28 28 L
26 1 10 28 L
26 2 1 9 U
26 3 5 3 R
26 4 18 17 D
26 5 11 5 R
26 6 23 21 D
26 7 14 33 L
26 8 15 22 D
26 9 19 18 D
26 10 15 28 L
26 11 29 28 L
26 12 17 12 U
26 13 20 34 L
26 15 9 15 U
26 17 23 31 L
26 19 27 6 R
26 20 4 29 L
26 23 19 7 R
26 28 8 23 D
26 29 7 13 U
26 30 27 19 D
26 31 9 11 U
26 32 17 32 L
26 33 4 33 L
26 34 14 34 L
27 0 16 11 U
27 1 6 13 U
27 2 11 2 R
27 4 25 21 D
27 5 5 17 D
27 6 26 12 U
27 8 26 33 L
27 9 8 5 R
27 10 24 6 R
27 11 1 11 U
27 12 26 5 R
27 13 29 2 R
27 15 8 15 U
27 17 22 17 D
27 23 2 23 D
27 28 5 18 D
27 29 14 29 L
27 30 11 30 L
27 31 31 23 D
27 32 18 8 U
27 34 4 16 U
28 0 23 0 R
28 2 6 2 R
28 4 5 17 D
28 8 29 0 R
28 9 2 9 U
28 10 24 32 L
28 11 5 11 U
28 12 6 12 U
28 13 6 13 U
28 15 3 19 D
28 23 15 23 D
28 28 13 21 D
28 29 29 17 D
28 30 16 22 D
28 31 12 8 U
28 34 11 18 D
29 2 4 2 R
29 4 6 4 R
29 8 3 4 R
29 9 18 31 L
29 10 26 20 D
29 11 7 11 U
29 13 24 13 U
29 15 4 15 U
29 23 20 23 D
29 29 6 17 D
29 30 25 22 D
29 34 7 34 L
30 2 18 31 L
30 4 4 30 L
30 10 29 18 D
30 15 5 15 U
30 23 6 23 D
30 29 28 17 D
31 2 29 19 D
31 4 27 11 U
31 10 3 10 U
31 15 6 15 U
31 23 2 23 D
31 29 12 11 U

