15 13 163
6 12 7 13 0 6 6 0 0 0 0 0 0 0
0 0 2 0 10 11 4 0 0 0 0 0 5 5
0 0 5 0 9 6 0 0 4 0 0 0 0 0
0 0 9 0 0 2 0 0 9 0 0 0 0 7
0 12 0 0 13 10 0 0 0 0 0 0 0 7
0 0 0 0 8 6 7 8 0 0 0 10 0 11
0 0 12 11 0 0 0 0 4 6 0 4 10 0
0 7 1 0 5 0 0 0 0 0 14 0 0 0
0 0 0 0 5 0 0 8 0 0 0 0 0 0
0 1 2 0 3 2 4 0 10 3 0 0 3 13
0 0 0 0 0 8 0 11 9 6 0 0 9 0
0 11 0 0 0 0 10 0 0 11 0 0 0 0
9 0 10 0 1 7 6 0 0 0 0 7 0 9
3 9 0 0 0 0 0 0 0 0 13 12 0 0
0 0 0 0 U
0 1 0 1 U
0 2 0 2 U
0 3 0 3 R
0 4 0 4 R
0 5 0 5 R
0 6 0 6 D
0 7 0 7 D
0 8 0 8 D
0 9 0 9 L
0 10 0 10 L
0 11 0 11 L
0 12 0 12 L
1 0 5 3 R
1 1 6 1 U
1 2 7 3 R
1 3 6 3 R
1 4 8 1 U
1 5 8 5 R
1 6 0 9 L
1 7 0 10 L
1 8 4 11 L
1 9 4 6 D
1 10 0 8 D
1 11 10 0 U
1 12 7 5 R
2 0 0 11 L
2 1 0 3 R
2 2 1 2 U
2 3 4 3 R
2 4 4 4 R
2 5 7 5 R
2 6 0 4 R
2 7 5 10 L
2 8 7 8 D
2 9 5 9 L
2 10 0 6 D
2 11 0 2 U
2 12 6 12 L
3 0 4 0 U
3 1 0 6 D
3 2 4 5 R
3 3 2 0 U
3 4 6 2 U
3 5 1 1 U
3 6 5 3 R
3 7 0 3 R
3 8 9 5 R
3 9 0 0 U
3 10 1 10 L
3 11 2 11 L
3 12 10 12 L
4 0 0 9 L
4 1 2 1 U
4 2 8 2 U
4 3 0 7 D
4 4 0 10 L
4 5 3 5 R
4 6 9 9 L
4 7 2 7 D
4 8 0 11 L
4 9 8 7 D
4 10 2 6 D
4 11 9 11 L
4 12 9 12 L
5 0 6 12 L
5 1 1 4 R
5 2 8 5 R
5 3 4 6 D
5 4 2 6 D
5 5 8 8 D
5 6 6 3 R
5 7 4 4 R
5 8 11 8 D
5 9 6 2 U
5 10 4 8 D
5 11 0 7 D
5 12 0 3 R
6 0 0 10 L
6 1 8 7 D
6 2 7 4 R
6 3 0 8 D
6 4 0 9 L
6 5 3 5 R
6 6 0 1 U
6 7 3 7 D
6 8 3 1 U
6 9 12 1 U
6 10 0 2 U
6 11 2 11 L
6 12 3 0 U
7 0 0 4 R
7 1 9 1 U
7 2 5 10 L
7 3 3 10 L
7 4 8 9 L
7 5 5 6 D
7 6 3 4 R
7 7 5 4 R
7 8 12 3 R
7 9 0 1 U
7 10 3 10 L
7 11 6 6 D
7 12 2 12 L
8 0 6 9 L
8 1 2 4 R
8 2 0 7 D
8 3 9 11 L
8 5 7 7 D
8 6 1 6 D
8 7 1 11 L
8 8 10 8 D
8 9 2 3 R
8 10 2 0 U
8 11 2 11 L
8 12 6 12 L
9 0 10 4 R
9 1 2 12 L
9 2 5 2 U
9 3 0 0 U
9 4 0 6 D
9 5 8 2 U
9 6 0 0 U
9 7 1 1 U
9 8 5 10 L
9 9 2 6 D
9 10 6 1 U
9 11 7 1 U
9 12 6 6 D
10 0 5 11 L
10 1 2 10 L
10 2 6 2 U
10 3 3 0 U
10 4 8 8 D
10 5 5 5 R
10 6 5 6 D
10 7 8 7 D
10 8 0 1 U
10 9 2 7 D
10 11 3 11 L
10 12 11 12 L
11 0 7 12 L
11 1 9 9 L
11 2 1 9 L
11 3 10 9 L
11 5 2 5 R
11 6 0 2 U
11 7 0 0 U
11 8 5 8 D
11 9 2 0 U
11 11 3 2 U
12 0 0 5 R
12 2 11 9 L
12 3 0 1 U
12 6 6 2 U
12 7 2 3 R
12 11 11 4 R
13 0 1 0 U
13 2 5 3 R
13 3 5 6 D
13 6 9 3 R
13 11 9 11 L
14 3 13 9 L

