12 8 77
0 0 0 0 0 3 0 2 9 7 1 0 7 0
0 2 2 0 0 0 9 5 0 0 11 0 6 0
0 0 0 0 0 0 7 0 0 0 0 6 0 8
5 0 10 0 0 0 0 0 0 0 0 0 0 0
0 9 0 0 10 0 0 0 0 0 0 0 0 0
0 0 0 0 0 0 0 0 0 0 0 0 0 0
0 0 0 0 0 0 0 0 0 0 0 0 0 0
0 0 0 0 0 0 0 0 0 0 7 0 0 0
0 0 0 0 0 2 0 11 0 4 0 0 0 1
0 0 0 0 0 0 0 0 0 0 0 0 0 0
0 0 10 0 11 5 4 6 3 7 0 0 0 0
0 0 7 0 0 0 0 0 0 0 0 9 0 0
0 0 0 0 0 0 0 7 0 0 0 0 1 0
6 1 0 0 0 0 0 0 0 0 0 0 0 0
0 0 0 0 U
0 1 0 1 U
0 2 0 2 R
0 3 0 3 R
0 4 0 4 D
0 5 0 5 D
0 6 0 6 L
0 7 0 7 L
1 0 5 3 R
1 1 0 7 L
1 2 4 2 R
1 3 3 5 D
1 4 5 6 L
1 5 4 6 L
1 6 2 6 L
1 7 5 4 D
2 0 0 3 R
2 2 0 0 U
2 3 0 4 D
2 4 9 7 L
2 5 0 0 U
2 6 3 4 D
2 7 6 7 L
3 0 0 4 D
3 1 0 2 R
3 2 6 2 R
3 3 4 3 R
3 4 1 6 L
3 5 1 7 L
3 6 0 4 D
3 7 0 0 U
4 0 0 6 L
4 2 0 6 L
4 3 3 3 R
4 4 0 6 L
4 5 5 7 L
4 6 6 0 U
4 7 5 7 L
5 0 2 3 R
5 2 2 0 U
5 3 3 3 R
5 4 0 7 L
5 6 1 6 L
5 7 3 7 L
6 0 4 5 D
6 2 5 2 R
6 3 4 4 D
6 4 8 3 R
6 5 3 2 R
6 6 3 0 U
6 7 1 7 L
7 0 6 7 L
7 2 4 5 D
7 3 1 3 R
7 4 0 1 U
7 5 5 5 D
7 6 0 2 R
7 7 6 0 U
8 0 6 6 L
8 2 0 5 D
8 3 3 4 D
8 4 7 2 R
8 6 6 4 D
8 7 9 7 L
9 0 8 6 L
9 2 8 1 U
9 3 5 0 U
9 4 2 6 L
9 6 8 4 D
9 7 1 5 D
10 0 9 6 L
10 2 7 2 R
10 3 8 4 D
10 4 8 2 R
11 0 1 0 U
11 3 7 7 L
11 7 10 0 U

