21 19 331
0 1 0 0 0 0 0 13 0 0 0 0 0 0 0 0
0 0 0 0 0 14 16 14 0 0 0 4 16 0 0 6
12 9 12 0 6 12 0 0 3 0 0 0 0 0 16 14
0 15 0 0 0 0 15 0 6 0 0 10 0 0 0 5
0 0 0 0 0 0 18 0 4 0 0 0 3 0 0 0
0 0 20 0 14 0 0 4 12 0 0 0 4 0 18 11
0 0 0 0 0 0 10 10 0 3 0 0 9 0 0 0
0 0 0 0 0 3 0 5 19 0 0 3 17 0 18 14
0 0 0 0 0 0 0 4 20 2 0 0 0 0 6 0
0 0 0 2 0 0 19 17 0 0 0 0 0 0 5 0
18 0 0 0 3 7 6 15 8 14 0 0 0 5 0 0
0 0 0 13 0 16 0 0 0 9 0 5 0 17 0 0
0 0 0 7 11 16 0 0 0 16 0 0 0 0 20 0
15 15 15 17 18 0 8 0 0 7 0 0 1 11 2 0
7 0 0 0 0 0 19 0 20 0 0 18 3 7 5 0
10 0 0 0 0 0 0 0 12 15 0 0 9 6 0 5
0 0 0 0 L
0 1 0 1 L
0 2 0 2 L
0 3 0 3 L
0 4 0 4 L
0 5 0 5 R
0 6 0 6 R
0 7 0 7 R
0 8 0 8 R
0 9 0 9 R
0 10 0 10 D
0 11 0 11 D
0 12 0 12 D
0 13 0 13 D
0 14 0 14 U
0 15 0 15 U
0 16 0 16 U
0 17 0 17 U
0 18 0 18 U
1 0 5 17 U
1 1 9 10 D
1 2 7 2 L
1 3 3 3 L
1 4 3 4 L
1 5 4 10 D
1 6 3 6 R
1 7 15 11 D
1 8 5 16 U
1 9 4 9 R
1 10 9 1 L
1 11 7 11 D
1 12 0 4 L
1 13 7 13 D
1 14 0 2 L
1 15 12 11 D
1 16 11 7 R
1 17 13 13 D
2 0 5 15 U
2 1 7 16 U
2 2 10 2 L
2 3 6 3 L
2 4 5 4 L
2 5 5 16 U
2 6 3 6 R
2 7 9 7 R
2 8 4 16 U
2 9 0 15 U
2 10 13 0 L
2 11 14 11 D
2 12 12 2 L
2 13 0 18 U
2 14 1 14 U
2 15 4 15 U
2 16 0 13 D
2 17 8 2 L
2 18 0 8 R
3 0 0 13 D
3 1 13 15 U
3 2 15 17 U
3 3 16 3 L
3 4 9 4 L
3 5 0 11 D
3 6 8 6 R
3 7 5 7 R
3 8 1 8 R
3 9 1 9 R
3 10 11 7 R
3 11 0 0 L
3 12 7 7 R
3 13 16 2 L
3 14 10 0 L
3 15 6 1 L
3 16 0 1 L
3 17 16 17 U
4 0 17 12 D
4 1 5 1 L
4 2 0 8 R
4 3 16 16 U
4 4 2 4 L
4 5 5 11 D
4 6 6 16 U
4 7 12 14 U
4 8 0 17 U
4 9 8 9 R
4 10 6 10 D
4 11 0 6 R
4 12 12 12 D
4 13 14 13 D
4 14 0 0 L
4 15 7 15 U
4 16 2 16 U
4 17 10 17 U
5 0 0 14 U
5 1 6 1 L
5 2 3 2 L
5 3 9 16 U
5 4 3 4 L
5 5 4 3 L
5 6 0 10 D
5 7 10 17 U
5 8 3 8 R
5 9 0 14 U
5 10 0 5 R
5 11 3 4 L
5 12 8 12 D
5 13 9 6 R
5 14 10 4 L
5 15 4 15 U
5 16 12 1 L
5 17 1 17 U
6 0 0 15 U
6 1 9 15 U
6 2 9 15 U
6 3 13 3 L
6 4 12 5 R
6 5 8 11 D
6 6 0 1 L
6 7 1 7 R
6 8 0 12 D
6 9 2 9 R
6 10 9 14 U
6 11 1 11 D
6 12 12 1 L
6 13 7 14 U
6 14 3 0 L
6 15 3 0 L
6 16 12 16 U
6 17 0 7 R
7 0 13 18 U
7 1 4 7 R
7 2 0 16 U
7 3 2 12 D
7 4 11 17 U
7 5 10 5 R
7 6 13 12 D
7 7 4 15 U
7 8 0 18 U
7 9 0 2 L
7 10 0 7 R
7 11 3 1 L
7 12 0 14 U
7 13 13 13 D
7 14 0 5 R
7 15 1 15 U
7 16 0 10 D
7 17 4 17 U
7 18 0 3 L
8 0 3 14 U
8 1 3 1 L
8 2 6 2 L
8 3 9 3 L
8 4 11 15 U
8 5 3 0 L
8 6 3 6 R
8 7 3 16 U
8 8 12 12 D
8 9 10 16 U
8 10 9 7 R
8 11 15 6 R
8 12 3 0 L
8 13 6 2 L
8 14 4 0 L
8 15 2 3 L
8 16 11 5 R
8 17 5 4 L
9 0 15 13 D
9 1 11 1 L
9 2 3 16 U
9 3 6 3 L
9 4 5 4 L
9 5 13 15 U
9 6 16 6 R
9 7 4 7 R
9 8 8 8 R
9 9 6 9 R
9 10 0 9 R
9 11 11 4 L
9 12 4 12 D
9 13 10 5 R
9 14 12 6 R
9 15 0 6 R
9 16 4 16 U
9 17 10 12 D
10 0 7 12 D
10 1 7 7 R
10 2 0 6 R
10 3 8 3 L
10 4 14 16 U
10 5 2 5 R
10 6 13 17 U
10 7 6 14 U
10 8 1 10 D
10 9 8 9 R
10 10 14 8 R
10 11 14 3 L
10 12 11 6 R
10 13 4 13 D
10 14 4 1 L
10 15 15 5 R
10 16 2 0 L
10 17 17 5 R
10 18 11 18 U
11 0 0 10 D
11 1 0 12 D
11 2 7 2 L
11 3 9 3 L
11 4 3 4 L
11 5 15 14 U
11 6 7 13 D
11 7 16 12 D
11 8 9 8 R
11 9 3 9 R
11 10 0 3 L
11 11 3 6 R
11 12 12 5 R
11 13 10 8 R
11 14 7 9 R
11 15 1 15 U
11 16 14 8 R
11 17 19 17 U
12 0 11 10 D
12 1 7 11 D
12 2 4 16 U
12 3 5 14 U
12 4 3 4 L
12 5 0 14 U
12 6 8 3 L
12 8 7 17 U
12 9 3 9 R
12 10 4 1 L
12 11 6 11 D
12 12 7 2 L
12 13 10 13 D
12 14 5 12 D
12 15 13 8 R
12 16 6 3 L
12 17 4 17 U
13 0 17 17 U
13 1 12 1 L
13 2 1 2 L
13 3 8 15 U
13 4 10 16 U
13 5 11 14 U
13 6 10 15 U
13 7 2 7 R
13 8 15 11 D
13 9 9 14 U
13 10 3 3 L
13 11 7 6 R
13 12 2 5 R
13 13 8 6 R
13 14 8 5 R
13 15 0 11 D
13 16 1 16 U
13 17 4 17 U
14 0 10 8 R
14 1 9 12 D
14 2 0 11 D
14 3 9 3 L
14 4 1 4 L
14 6 13 14 U
14 8 0 0 L
14 9 7 13 D
14 10 0 8 R
14 11 7 9 R
14 12 4 12 D
14 13 17 3 L
14 14 7 2 L
14 15 9 5 R
14 16 0 6 R
14 17 0 0 L
14 18 1 9 R
15 0 4 13 D
15 1 5 18 U
15 2 12 18 U
15 3 3 14 U
15 5 3 12 D
15 6 19 11 D
15 8 1 13 D
15 9 7 14 U
15 10 14 9 R
15 11 6 0 L
15 12 6 9 R
15 13 5 13 D
15 14 7 10 D
15 15 14 6 R
15 16 16 6 R
15 17 1 2 L
15 18 0 2 L
16 0 9 9 R
16 1 0 5 R
16 2 7 2 L
16 3 3 3 L
16 5 8 0 L
16 6 9 6 R
16 7 8 7 R
16 8 4 8 R
16 9 17 14 U
16 10 10 9 R
16 11 14 2 L
16 12 4 6 R
16 13 9 0 L
16 14 13 5 R
16 15 7 0 L
16 16 15 6 R
16 17 8 6 R
17 0 0 17 U
17 1 4 16 U
17 2 13 2 L
17 3 9 12 D
17 6 4 10 D
17 9 3 9 R
17 11 8 3 L
17 12 0 1 L
17 13 1 13 D
17 14 6 14 U
17 15 4 15 U
18 0 1 10 D
18 2 10 2 L
18 3 12 17 U
18 6 9 16 U
18 12 2 1 L
18 15 14 15 U
19 0 3 5 R
19 2 17 16 U
19 6 11 13 D
19 15 5 15 U
20 0 7 10 D
20 2 3 2 L
20 6 18 16 U
20 15 10 15 U

