26 20 445
17 11 0 0 15 0 0 0 18 0 0 14 0 0 17 11
0 0 16 0 0 15 13 22 0 21 7 3 0 14 21 24
0 0 22 0 0 0 0 0 5 0 0 0 19 12 0 0
0 15 7 0 0 4 13 0 1 7 0 0 0 0 0 0
0 4 0 18 21 0 0 0 19 0 0 0 0 0 0 0
0 0 0 0 0 0 0 23 14 0 0 0 0 0 0 0
12 0 0 0 0 19 0 0 1 0 0 0 0 19 0 0
18 21 1 17 22 7 0 16 3 14 5 17 0 0 0 0
8 23 20 0 0 0 0 23 7 14 1 3 0 0 0 0
0 0 5 0 0 0 0 24 23 0 0 12 0 0 0 0
0 0 0 0 0 22 0 25 0 0 0 0 0 0 0 0
0 0 20 22 10 22 15 12 13 13 0 0 20 20 0 0
0 0 0 3 0 20 0 0 15 0 5 0 0 0 0 0
0 0 0 0 2 0 0 12 13 0 0 0 17 0 2 23
0 1 16 0 2 2 0 0 0 0 0 0 7 18 0 22
20 0 0 0 0 14 2 13 0 0 12 18 0 0 0 25
0 0 0 0 U
0 1 0 1 U
0 2 0 2 U
0 3 0 3 U
0 4 0 4 U
0 5 0 5 R
0 6 0 6 R
0 7 0 7 R
0 8 0 8 R
0 9 0 9 R
0 10 0 10 D
0 11 0 11 D
0 12 0 12 D
0 13 0 13 D
0 14 0 14 D
0 15 0 15 L
0 16 0 16 L
0 17 0 17 L
0 18 0 18 L
0 19 0 19 L
1 0 13 16 L
1 1 7 1 U
1 2 17 19 L
1 3 4 19 L
1 4 16 17 L
1 5 13 10 D
1 6 6 3 U
1 7 10 10 D
1 8 13 2 U
1 9 13 14 D
1 10 9 10 D
1 11 4 11 D
1 12 9 12 D
1 13 11 13 D
1 14 4 14 D
1 15 3 1 U
1 16 18 0 U
1 17 12 13 D
1 18 11 3 U
1 19 8 19 L
2 0 5 6 R
2 1 0 17 L
2 2 9 5 R
2 3 12 17 L
2 4 5 4 U
2 5 22 5 R
2 6 14 6 R
2 7 1 2 U
2 8 3 8 R
2 9 10 9 R
2 10 17 15 L
2 11 19 6 R
2 12 0 0 U
2 13 5 18 L
2 14 23 8 R
2 15 15 0 U
2 16 12 10 D
2 17 8 17 L
2 18 12 13 D
2 19 3 9 R
3 0 15 15 L
3 1 0 9 R
3 2 13 18 L
3 3 17 3 U
3 4 9 4 U
3 5 2 5 R
3 6 15 13 D
3 7 11 7 R
3 8 8 8 R
3 9 6 9 R
3 10 5 17 L
3 11 0 17 L
3 12 0 6 R
3 13 11 13 D
3 14 18 15 L
3 15 2 15 L
3 16 15 16 L
3 17 9 17 L
3 18 6 18 L
3 19 6 19 L
4 0 0 15 L
4 1 1 1 U
4 2 0 16 L
4 3 0 8 R
4 4 1 4 U
4 5 20 5 R
4 6 15 12 D
4 7 5 1 U
4 8 6 11 D
4 9 10 13 D
4 10 7 10 D
4 11 2 11 D
4 12 17 7 R
4 13 3 13 D
4 14 10 14 D
4 15 8 10 D
4 16 0 2 U
4 17 0 1 U
4 18 7 18 L
4 19 8 19 L
5 0 19 19 L
5 1 3 7 R
5 2 10 2 U
5 3 18 8 R
5 4 0 18 L
5 5 0 11 D
5 6 6 11 D
5 7 8 0 U
5 8 7 4 U
5 9 14 10 D
5 10 14 15 L
5 11 11 11 D
5 12 16 12 D
5 13 7 13 D
5 14 13 14 D
5 15 6 1 U
5 16 15 1 U
5 17 0 11 D
5 18 2 4 U
5 19 8 13 D
6 0 3 17 L
6 1 8 1 U
6 2 11 2 U
6 3 4 3 U
6 4 11 11 D
6 5 18 5 R
6 6 16 6 R
6 7 3 7 R
6 8 10 8 R
6 9 3 9 R
6 10 4 7 R
6 11 7 16 L
6 12 20 16 L
6 13 17 8 R
6 14 3 6 R
6 15 20 3 U
6 16 19 13 D
6 17 19 17 L
6 18 14 12 D
6 19 3 11 D
7 0 5 8 R
7 1 4 15 L
7 2 5 16 L
7 3 2 18 L
7 4 20 17 L
7 5 5 1 U
7 6 4 11 D
7 7 18 11 D
7 8 16 10 D
7 9 21 9 R
7 10 6 6 R
7 11 5 11 D
7 12 16 12 D
7 13 4 13 D
7 14 1 14 D
7 15 6 11 D
7 16 9 0 U
7 17 3 17 L
7 18 14 11 D
7 19 3 19 L
8 0 20 16 L
8 1 0 6 R
8 2 1 2 U
8 3 7 3 U
8 4 19 9 R
8 5 7 5 R
8 6 19 4 U
8 7 14 7 R
8 8 7 8 R
8 9 2 9 R
8 10 10 17 L
8 11 3 5 R
8 12 17 15 L
8 13 16 16 L
8 14 4 19 L
8 15 0 0 U
8 16 9 16 L
8 17 14 10 D
8 18 9 18 L
8 19 2 19 L
9 0 14 15 L
9 1 4 5 R
9 2 1 2 U
9 3 7 16 L
9 4 7 4 U
9 5 10 5 R
9 6 15 16 L
9 7 8 7 R
9 8 13 8 R
9 9 16 13 D
9 10 16 6 R
9 11 1 5 R
9 12 6 12 D
9 13 10 13 D
9 14 2 18 L
9 15 13 2 U
9 16 6 16 L
9 17 11 3 U
9 18 6 18 L
9 19 17 12 D
10 0 5 18 L
10 1 9 17 L
10 2 7 2 U
10 3 6 3 U
10 4 0 11 D
10 5 3 4 U
10 6 8 0 U
10 7 17 4 U
10 8 12 0 U
10 9 2 9 R
10 10 1 10 D
10 11 22 7 R
10 12 5 12 D
10 13 4 13 D
10 14 8 14 D
10 15 19 2 U
10 16 2 11 D
10 17 6 17 L
10 18 12 18 L
10 19 8 19 L
11 0 5 19 L
11 1 10 1 U
11 2 12 13 D
11 3 1 3 U
11 4 7 4 U
11 5 1 10 D
11 6 0 18 L
11 7 5 12 D
11 8 16 14 D
11 9 5 10 D
11 10 13 16 L
11 11 5 7 R
11 12 16 12 D
11 13 4 6 R
11 14 17 7 R
11 15 2 0 U
11 16 4 16 L
11 17 17 6 R
11 18 21 10 D
11 19 24 6 R
12 0 0 5 R
12 1 7 8 R
12 2 0 12 D
12 3 4 7 R
12 4 14 7 R
12 5 3 12 D
12 6 3 6 R
12 7 2 11 D
12 8 2 13 D
12 9 20 9 R
12 10 1 15 L
12 11 10 16 L
12 12 13 18 L
12 13 13 3 U
12 14 11 18 L
12 15 8 11 D
12 16 0 13 D
12 17 0 8 R
12 18 22 1 U
12 19 1 2 U
13 0 5 0 U
13 1 1 19 L
13 2 7 18 L
13 3 4 15 L
13 4 0 14 D
13 5 11 12 D
13 6 0 10 D
13 7 14 2 U
13 8 3 8 R
13 9 6 9 R
13 10 1 10 D
13 11 0 1 U
13 12 17 6 R
13 13 0 3 U
13 14 4 14 D
13 15 15 1 U
13 16 8 16 L
13 17 15 12 D
13 18 6 18 L
13 19 0 9 R
14 0 11 14 D
14 1 19 7 R
14 2 0 13 D
14 3 7 6 R
14 4 13 19 L
14 5 6 13 D
14 6 12 2 U
14 7 10 7 R
14 8 2 8 R
14 9 9 10 D
14 10 10 18 L
14 11 0 15 L
14 12 0 2 U
14 13 19 4 U
14 14 0 4 U
14 15 17 15 L
14 16 8 16 L
14 17 6 17 L
14 18 2 11 D
14 19 3 19 L
15 0 9 15 L
15 1 1 16 L
15 2 12 7 R
15 3 18 16 L
15 4 10 7 R
15 5 3 5 R
15 6 18 10 D
15 7 4 12 D
15 8 14 8 R
15 9 6 9 R
15 10 0 5 R
15 11 9 6 R
15 12 1 6 R
15 13 7 5 R
15 14 1 6 R
15 15 1 1 U
15 16 0 5 R
15 17 9 14 D
15 18 12 1 U
15 19 2 11 D
16 0 12 5 R
16 1 15 9 R
16 2 4 15 L
16 3 5 3 U
16 4 4 4 U
16 5 8 3 U
16 6 8 1 U
16 7 21 10 D
16 8 0 14 D
16 9 9 2 U
16 10 19 15 L
16 11 1 17 L
16 12 10 9 R
16 13 4 13 D
16 14 0 16 L
16 15 21 6 R
16 16 14 10 D
16 17 7 17 L
16 18 8 18 L
16 19 18 14 D
17 0 0 10 D
17 1 11 6 R
17 2 16 5 R
17 3 25 17 L
17 4 4 4 U
17 5 12 2 U
17 6 2 0 U
17 8 8 4 U
17 9 1 12 D
17 10 0 8 R
17 11 22 16 L
17 12 6 12 D
17 13 21 18 L
17 14 20 19 L
17 15 15 4 U
17 16 11 2 U
17 17 6 3 U
17 18 6 3 U
17 19 19 4 U
18 0 11 18 L
18 2 1 8 R
18 3 4 3 U
18 5 0 0 U
18 6 11 13 D
18 7 20 13 D
18 8 8 8 R
18 9 15 14 D
18 10 2 5 R
18 11 17 5 R
18 12 10 19 L
18 13 0 4 U
18 15 0 10 D
18 16 2 16 L
18 17 10 8 R
18 18 2 18 L
18 19 7 19 L
19 0 10 11 D
19 1 1 8 R
19 2 11 12 D
19 3 0 7 R
19 4 15 13 D
19 5 3 0 U
19 6 23 19 L
19 8 3 8 R
19 9 3 11 D
19 10 10 8 R
19 11 12 15 L
19 12 11 5 R
19 13 3 9 R
19 15 2 6 R
19 16 16 12 D
19 17 9 17 L
19 18 12 18 L
20 0 5 0 U
20 1 13 12 D
20 2 10 2 U
20 3 15 18 L
20 5 1 3 U
20 6 0 3 U
20 8 19 12 D
20 9 18 2 U
20 10 2 1 U
20 11 12 8 R
20 13 10 6 R
20 16 8 4 U
20 17 15 17 L
20 18 16 10 D
20 19 12 11 D
21 0 19 5 R
21 1 3 9 R
21 2 0 14 D
21 3 10 3 U
21 5 0 1 U
21 6 16 0 U
21 8 13 1 U
21 9 6 9 R
21 10 17 3 U
21 11 8 11 D
21 16 0 3 U
21 17 3 17 L
21 18 16 2 U
21 19 6 10 D
22 0 15 16 L
22 2 18 9 R
22 3 4 18 L
22 5 10 4 U
22 8 0 12 D
22 10 15 5 R
22 11 21 9 R
22 16 0 6 R
22 17 17 2 U
22 18 3 18 L
23 0 8 7 R
23 2 8 2 U
23 3 5 15 L
23 5 11 0 U
23 11 14 11 D
23 16 2 0 U
23 17 8 17 L
24 0 7 0 U
24 5 20 14 D
24 16 13 3 U
25 0 6 0 U
25 5 21 0 U
25 16 8 16 L

