31 40 1152
10 29 0 22 21 30 0 0 25 17 7 0 29 0 28
27 30 0 0 0 0 0 0 0 0 0 27 29 26 30
13 20 0 23 24 0 25 0 28 26 22 23 30 29 2
24 30 27 0 28 0 25 0 0 27 25 28 0 13 22
0 29 25 0 0 17 0 0 29 27 12 0 26 28 19
23 28 23 27 28 29 2 24 30 28 28 27 0 18 0
12 27 3 0 23 0 3 0 16 29 18 27 25 13 21
13 0 26 29 0 25 24 2 23 25 0 18 0 27 28
16 26 29 0 4 30 0 26 29 28 0 24 0 26 0
11 25 8 29 24 30 13 0 23 30 30 3 30 26 23
6 0 13 9 1 4 0 27 0 25 28 24 23 19 21
7 24 7 24 0 22 0 0 29 24 0 17 12 0 18
0 10 0 11 27 11 27 13 8 0 12 0 15 24 8
1 24 2 8 7 17 26 0 0 28 2 17 0 1 16
3 24 17 25 18 22 26 0 0 15 24 18 14 0 1
0 0 0 0 L
0 1 0 1 L
0 2 0 2 L
0 3 0 3 L
0 4 0 4 L
0 5 0 5 L
0 6 0 6 L
0 7 0 7 L
0 8 0 8 L
0 9 0 9 L
0 10 0 10 R
0 11 0 11 R
0 12 0 12 R
0 13 0 13 R
0 14 0 14 R
0 15 0 15 R
0 16 0 16 R
0 17 0 17 R
0 18 0 18 R
0 19 0 19 R
0 20 0 20 D
0 21 0 21 D
0 22 0 22 D
0 23 0 23 D
0 24 0 24 D
0 25 0 25 D
0 26 0 26 D
0 27 0 27 D
0 28 0 28 D
0 29 0 29 D
0 30 0 30 U
0 31 0 31 U
0 32 0 32 U
0 33 0 33 U
0 34 0 34 U
0 35 0 35 U
0 36 0 36 U
0 37 0 37 U
0 38 0 38 U
0 39 0 39 U
1 0 0 30 U
1 1 0 31 U
1 2 0 11 R
1 3 2 30 U
1 4 1 31 U
1 5 3 31 U
1 6 3 22 D
1 7 3 35 U
1 8 0 20 D
1 9 1 26 D
1 10 0 30 U
1 11 0 32 U
1 12 0 3 L
1 13 1 23 D
1 14 0 23 D
1 15 3 25 D
1 16 3 23 D
1 17 2 27 D
1 18 2 25 D
1 19 4 30 U
1 20 0 2 L
1 21 0 10 R
1 22 1 12 R
1 23 0 30 U
1 24 0 14 R
1 25 0 34 U
1 26 1 12 R
1 27 0 36 U
1 28 1 13 R
1 29 6 3 L
1 30 0 0 L
1 31 0 10 R
1 32 0 1 L
1 33 3 10 R
1 34 1 3 L
1 35 1 16 R
1 36 0 15 R
1 37 1 17 R
1 38 4 6 L
1 39 1 6 L
2 0 0 22 D
2 1 2 33 U
2 2 1 2 L
2 3 2 3 L
2 4 1 4 L
2 5 3 5 L
2 6 2 6 L
2 7 1 7 L
2 8 1 8 L
2 9 3 9 L
2 10 1 20 D
2 11 0 21 D
2 12 2 12 R
2 13 2 13 R
2 14 0 22 D
2 15 0 35 U
2 16 3 16 R
2 17 3 17 R
2 18 4 27 D
2 19 4 19 R
2 20 1 20 D
2 21 0 11 R
2 22 0 0 L
2 23 0 32 U
2 24 1 24 D
2 25 2 25 D
2 26 1 26 D
2 27 3 27 D
2 28 4 28 D
2 29 7 29 D
2 30 0 21 D
2 31 0 13 R
2 32 0 4 L
2 33 3 33 U
2 34 1 34 U
2 35 0 7 L
2 36 1 9 L
2 37 3 16 R
2 38 4 38 U
2 39 2 39 U
3 0 0 24 D
3 1 0 32 U
3 2 0 15 R
3 3 2 20 D
3 4 2 4 L
3 5 1 28 D
3 6 3 6 L
3 7 3 7 L
3 8 2 8 L
3 9 2 9 L
3 10 0 0 L
3 11 0 1 L
3 12 1 25 D
3 13 3 21 D
3 14 3 14 R
3 15 0 36 U
3 16 2 16 R
3 17 2 17 R
3 18 3 18 R
3 19 1 19 R
3 20 2 14 R
3 21 3 11 R
3 22 1 15 R
3 23 0 33 U
3 24 2 24 D
3 25 0 8 L
3 26 3 4 L
3 27 0 35 U
3 28 1 28 D
3 29 2 29 D
3 30 2 1 L
3 31 3 12 R
3 32 0 5 L
3 33 0 6 L
3 34 2 13 R
3 35 2 35 U
3 36 3 36 U
3 37 3 37 U
3 38 3 38 U
3 39 3 39 U
4 0 4 30 U
4 1 0 17 R
4 2 1 21 D
4 3 0 12 R
4 4 4 22 D
4 5 1 35 U
4 6 2 37 U
4 7 6 30 U
4 8 5 8 L
4 9 3 28 D
4 10 0 24 D
4 11 3 36 U
4 12 1 33 U
4 13 0 26 D
4 14 3 38 U
4 15 3 32 U
4 16 0 5 L
4 17 1 36 U
4 18 2 18 R
4 19 3 19 R
4 20 2 10 R
4 21 4 1 L
4 22 4 2 L
4 23 4 11 R
4 24 4 3 L
4 25 4 4 L
4 26 4 26 D
4 27 6 1 L
4 28 1 18 R
4 29 6 29 D
4 30 0 20 D
4 31 0 11 R
4 32 3 14 R
4 33 2 6 L
4 34 4 18 R
4 35 1 9 L
4 36 4 0 L
4 37 4 13 R
4 38 9 9 L
4 39 1 39 U
5 0 0 23 D
5 1 4 21 D
5 2 5 37 U
5 3 6 32 U
5 4 2 12 R
5 5 4 5 L
5 6 2 34 U
5 7 6 7 L
5 8 4 26 D
5 9 4 31 U
5 10 4 39 U
5 11 4 24 D
5 12 5 29 D
5 13 5 13 R
5 14 1 22 D
5 15 6 27 D
5 16 7 22 D
5 17 9 36 U
5 18 11 30 U
5 19 6 27 D
5 20 0 19 R
5 21 2 0 L
5 22 2 5 L
5 23 5 23 D
5 24 5 8 L
5 25 5 10 R
5 26 4 11 R
5 27 1 37 U
5 28 12 9 L
5 29 5 13 R
5 30 4 10 R
5 31 5 19 R
5 32 7 11 R
5 33 5 3 L
5 34 3 19 R
5 35 2 2 L
5 36 9 2 L
5 37 5 37 U
5 38 9 14 R
5 39 6 9 L
6 0 5 20 D
6 1 0 10 R
6 2 4 20 D
6 3 6 3 L
6 4 9 30 U
6 5 6 20 D
6 6 2 26 D
6 7 5 34 U
6 8 6 29 D
6 9 5 9 L
6 10 0 37 U
6 11 5 27 D
6 12 8 24 D
6 13 2 21 D
6 14 5 14 R
6 15 5 15 R
6 16 10 16 R
6 17 7 17 R
6 18 9 31 U
6 19 7 33 U
6 20 5 14 R
6 21 7 5 L
6 22 9 0 L
6 23 5 2 L
6 24 0 39 U
6 25 5 25 D
6 26 6 26 D
6 27 8 27 D
6 28 9 28 D
6 30 6 10 R
6 31 6 31 U
6 32 6 32 U
6 33 6 33 U
6 34 2 14 R
6 35 1 8 L
6 36 8 36 U
6 37 5 7 L
6 38 10 17 R
6 39 5 39 U
7 0 2 21 D
7 1 4 1 L
7 2 2 25 D
7 3 7 26 D
7 4 10 4 L
7 5 7 31 U
7 6 7 6 L
7 7 7 7 L
7 8 9 21 D
7 9 0 37 U
7 10 7 23 D
7 11 0 2 L
7 12 6 30 U
7 13 6 13 R
7 14 5 34 U
7 15 8 15 R
7 16 9 16 R
7 17 6 17 R
7 18 12 18 R
7 19 7 23 D
7 20 1 0 L
7 21 8 4 L
7 22 8 22 D
7 23 2 23 D
7 24 4 24 D
7 25 6 25 D
7 26 0 31 U
7 27 7 27 D
7 28 13 28 D
7 30 3 8 L
7 31 1 19 R
7 32 7 32 U
7 33 7 33 U
7 34 8 5 L
7 35 7 16 R
7 36 7 36 U
7 37 4 37 U
7 38 10 8 L
7 39 6 39 U
8 0 5 27 D
8 1 10 27 D
8 2 1 37 U
8 3 5 21 D
8 4 7 4 L
8 5 7 5 L
8 6 7 22 D
8 7 5 7 L
8 8 5 26 D
8 9 6 9 L
8 10 0 39 U
8 11 10 21 D
8 12 10 30 U
8 13 9 33 U
8 14 10 23 D
8 15 7 15 R
8 16 8 16 R
8 17 10 38 U
8 18 15 18 R
8 19 11 30 U
8 20 6 15 R
8 21 7 16 R
8 22 10 22 D
8 23 7 23 D
8 24 0 38 U
8 25 4 10 R
8 26 10 12 R
8 27 0 18 R
8 28 12 28 D
8 30 8 12 R
8 31 6 12 R
8 32 8 0 L
8 33 8 4 L
8 34 7 34 U
8 35 3 1 L
8 36 6 36 U
8 37 2 37 U
8 38 9 3 L
8 39 7 3 L
9 0 1 11 R
9 1 2 35 U
9 2 8 2 L
9 3 8 25 D
9 4 8 4 L
9 5 8 5 L
9 6 1 17 R
9 7 8 31 U
9 8 7 8 L
9 9 8 9 L
9 10 6 32 U
9 11 6 34 U
9 12 8 21 D
9 13 7 36 U
9 14 4 23 D
9 15 0 8 L
9 16 9 31 U
9 17 2 5 L
9 18 19 32 U
9 19 7 19 R
9 20 9 1 L
9 21 8 8 L
9 22 9 22 D
9 23 10 13 R
9 24 3 24 D
9 25 9 25 D
9 26 10 26 D
9 27 9 6 L
9 28 8 28 D
9 30 8 20 D
9 31 10 12 R
9 32 1 32 U
9 33 9 33 U
9 34 9 34 U
9 35 8 16 R
9 36 0 1 L
9 37 8 0 L
9 38 9 38 U
9 39 2 7 L
10 0 8 35 U
10 1 3 35 U
10 2 10 38 U
10 3 10 25 D
10 4 0 13 R
10 5 9 5 L
10 6 6 6 L
10 7 8 7 L
10 8 9 38 U
10 9 7 39 U
10 10 7 20 D
10 11 9 27 D
10 12 10 27 D
10 13 10 2 L
10 14 11 27 D
10 15 9 15 R
10 16 9 30 U
10 17 9 17 R
10 18 14 18 R
10 19 13 31 U
10 20 7 3 L
10 21 9 11 R
10 22 10 15 R
10 23 10 0 L
10 24 9 24 D
10 25 5 11 R
10 26 9 26 D
10 27 5 6 L
10 28 15 10 R
10 30 9 12 R
10 31 7 14 R
10 32 6 8 L
10 33 10 33 U
10 34 8 34 U
10 35 9 0 L
10 36 5 36 U
10 37 2 15 R
10 38 11 4 L
10 39 7 7 L
11 0 10 20 D
11 1 0 19 R
11 2 7 2 L
11 3 13 25 D
11 4 0 16 R
11 5 11 24 D
11 6 6 22 D
11 7 12 35 U
11 8 12 22 D
11 9 7 16 R
11 10 6 33 U
11 11 10 25 D
11 12 12 12 R
11 13 12 30 U
11 14 11 14 R
11 15 11 24 D
11 16 0 24 D
11 17 11 17 R
11 18 18 18 R
11 19 19 37 U
11 20 7 1 L
11 21 8 6 L
11 22 8 14 R
11 23 11 23 D
11 24 8 24 D
11 25 11 14 R
11 26 1 10 R
11 27 0 1 L
11 28 0 10 R
11 30 8 17 R
11 31 11 18 R
11 32 0 9 L
11 33 9 2 L
11 34 10 2 L
11 35 11 12 R
11 36 12 17 R
11 37 9 4 L
11 38 11 38 U
11 39 10 39 U
12 0 11 33 U
12 1 2 1 L
12 2 11 33 U
12 3 4 3 L
12 4 11 20 D
12 5 11 21 D
12 6 3 32 U
12 7 13 7 L
12 8 12 8 L
12 9 7 27 D
12 10 10 32 U
12 11 12 23 D
12 12 1 12 R
12 13 3 24 D
12 14 23 20 D
12 15 13 15 R
12 16 13 34 U
12 17 0 9 L
12 18 17 18 R
12 19 17 19 R
12 20 5 5 L
12 21 13 0 L
12 22 12 12 R
12 23 0 39 U
12 24 0 37 U
12 25 9 10 R
12 26 15 26 D
12 27 12 13 R
12 28 14 28 D
12 30 12 15 R
12 31 11 11 R
12 32 8 32 U
12 33 12 13 R
12 34 11 34 U
12 35 15 12 R
12 36 13 36 U
12 37 12 4 L
12 38 0 16 R
12 39 8 8 L
13 0 1 20 D
13 1 9 1 L
13 2 11 2 L
13 3 9 24 D
13 4 11 4 L
13 5 15 28 D
13 6 16 21 D
13 7 9 7 L
13 8 13 30 U
13 9 10 9 L
13 10 13 24 D
13 11 12 11 R
13 12 11 12 R
13 13 13 26 D
13 14 17 31 U
13 15 11 28 D
13 16 11 31 U
13 17 14 17 R
13 18 20 30 U
13 19 19 19 R
13 20 3 1 L
13 21 12 21 D
13 22 11 8 L
13 23 13 23 D
13 24 12 15 R
13 25 15 25 D
13 26 14 26 D
13 27 11 27 D
13 28 15 28 D
13 30 11 10 R
13 31 11 19 R
13 32 11 32 U
13 33 11 7 L
13 34 10 34 U
13 35 16 15 R
13 36 15 10 R
13 37 14 17 R
13 38 15 8 L
13 39 8 39 U
14 0 13 36 U
14 1 11 36 U
14 2 13 12 R
14 3 14 3 L
14 4 11 32 U
14 5 16 28 D
14 6 17 6 L
14 7 7 24 D
14 8 12 23 D
14 9 11 9 L
14 10 13 8 L
14 11 14 25 D
14 12 12 33 U
14 13 15 13 R
14 14 21 14 R
14 15 1 27 D
14 16 6 16 R
14 17 13 17 R
14 18 13 18 R
14 19 23 39 U
14 20 8 32 U
14 21 3 21 D
14 22 0 33 U
14 23 14 2 L
14 24 0 35 U
14 25 12 25 D
14 26 12 12 R
14 27 19 14 R
14 28 8 34 U
14 30 12 0 L
14 31 12 12 R
14 32 6 1 L
14 33 8 6 L
14 34 11 7 L
14 35 15 35 U
14 36 9 36 U
14 37 14 37 U
14 38 13 38 U
14 39 14 2 L
15 0 11 26 D
15 1 15 1 L
15 2 14 32 U
15 3 12 26 D
15 4 16 4 L
15 5 12 16 R
15 6 10 6 L
15 7 12 7 L
15 8 13 8 L
15 9 14 21 D
15 10 14 20 D
15 11 15 11 R
15 12 13 25 D
15 13 18 31 U
15 14 22 14 R
15 15 16 15 R
15 16 15 39 U
15 17 17 26 D
15 18 19 18 R
15 19 26 19 R
15 20 6 5 L
15 21 18 11 R
15 22 17 22 D
15 23 15 23 D
15 24 14 24 D
15 25 14 3 L
15 26 0 38 U
15 27 17 27 D
15 28 16 12 R
15 30 15 11 R
15 31 14 31 U
15 32 13 21 D
15 33 5 33 U
15 34 12 34 U
15 35 12 35 U
15 36 12 36 U
15 37 17 6 L
15 38 7 38 U
15 39 7 39 U
16 0 8 24 D
16 1 12 36 U
16 2 21 33 U
16 3 17 20 D
16 4 18 20 D
16 5 16 5 L
16 6 19 16 R
16 7 14 7 L
16 8 15 21 D
16 9 9 9 L
16 10 15 28 D
16 11 12 30 U
16 12 19 28 D
16 13 14 13 R
16 14 13 14 R
16 15 22 31 U
16 16 7 16 R
16 17 12 17 R
16 18 22 30 U
16 19 25 19 R
16 20 15 9 L
16 21 17 21 D
16 22 7 35 U
16 23 14 11 R
16 24 13 2 L
16 25 0 36 U
16 26 11 26 D
16 27 18 27 D
16 28 0 35 U
16 30 9 7 L
16 31 16 13 R
16 32 14 18 R
16 33 19 4 L
16 34 7 5 L
16 35 17 1 L
16 36 15 4 L
16 37 15 37 U
16 38 15 17 R
16 39 15 4 L
17 0 0 28 D
17 1 8 20 D
17 2 20 2 L
17 3 17 3 L
17 4 17 4 L
17 5 18 32 U
17 6 18 6 L
17 7 16 20 D
17 8 0 26 D
17 9 18 22 D
17 10 19 20 D
17 11 0 7 L
17 12 16 22 D
17 13 7 13 R
17 14 24 31 U
17 15 3 15 R
17 16 16 22 D
17 17 16 17 R
17 18 21 18 R
17 19 24 19 R
17 20 10 5 L
17 21 18 10 R
17 22 16 22 D
17 23 6 23 D
17 24 16 18 R
17 25 18 25 D
17 26 18 26 D
17 27 23 27 D
17 28 2 3 L
17 30 7 0 L
17 31 14 7 L
17 32 13 13 R
17 33 8 33 U
17 34 14 34 U
17 35 17 35 U
17 36 17 36 U
17 37 9 37 U
17 38 16 38 U
17 39 16 39 U
18 0 19 21 D
18 1 14 1 L
18 2 19 2 L
18 3 16 3 L
18 4 15 38 U
18 5 13 5 L
18 6 19 34 U
18 7 15 30 U
18 8 20 8 L
18 9 4 9 L
18 10 17 10 R
18 11 16 25 D
18 12 17 0 L
18 13 0 23 D
18 14 24 14 R
18 15 23 36 U
18 16 19 16 R
18 17 17 17 R
18 18 20 18 R
18 19 26 31 U
18 20 19 6 L
18 21 14 21 D
18 22 18 22 D
18 23 16 32 U
18 24 21 24 D
18 25 7 25 D
18 26 16 6 L
18 27 23 11 R
18 28 23 28 D
18 30 16 11 R
18 31 9 31 U
18 32 12 5 L
18 33 16 18 R
18 34 15 34 U
18 35 16 6 L
18 36 2 36 U
18 37 19 37 U
18 38 20 2 L
18 39 17 39 U
19 0 19 33 U
19 1 21 23 D
19 2 22 2 L
19 3 20 3 L
19 4 13 4 L
19 5 10 5 L
19 6 16 6 L
19 7 21 26 D
19 8 18 8 L
19 9 12 9 L
19 10 19 10 R
19 11 17 11 R
19 12 14 39 U
19 13 17 13 R
19 14 23 14 R
19 15 14 15 R
19 16 20 16 R
19 17 16 30 U
19 18 22 24 D
19 19 27 6 L
19 20 17 0 L
19 21 15 3 L
19 22 19 22 D
19 23 21 23 D
19 24 20 24 D
19 25 17 25 D
19 26 17 12 R
19 27 14 27 D
19 28 22 28 D
19 30 16 4 L
19 31 16 12 R
19 32 18 12 R
19 33 19 18 R
19 34 16 34 U
19 35 19 2 L
19 36 18 0 L
19 37 18 37 U
19 38 14 38 U
19 39 18 39 U
20 0 13 37 U
20 1 11 1 L
20 2 22 22 D
20 3 12 13 R
20 4 17 30 U
20 5 19 27 D
20 6 0 27 D
20 7 21 7 L
20 8 14 21 D
20 9 0 19 R
20 10 20 25 D
20 11 12 31 U
20 12 4 12 R
20 13 19 21 D
20 14 18 27 D
20 15 19 15 R
20 16 18 16 R
20 17 20 33 U
20 18 0 35 U
20 20 9 9 L
20 21 21 1 L
20 22 17 16 R
20 23 22 23 D
20 24 16 4 L
20 25 10 25 D
20 26 19 18 R
20 27 21 27 D
20 28 3 28 D
20 30 21 10 R
20 31 21 0 L
20 32 20 3 L
20 33 22 33 U
20 34 18 0 L
20 35 13 35 U
20 36 18 3 L
20 37 17 37 U
20 38 22 38 U
20 39 19 39 U
21 0 19 20 D
21 1 10 1 L
21 2 20 24 D
21 3 20 21 D
21 4 19 24 D
21 5 18 5 L
21 6 12 6 L
21 7 10 7 L
21 8 14 8 L
21 9 13 9 L
21 10 20 20 D
21 11 14 38 U
21 12 19 26 D
21 13 0 33 U
21 14 20 14 R
21 15 21 15 R
21 16 21 23 D
21 17 22 17 R
21 18 18 8 L
21 20 17 5 L
21 21 20 21 D
21 22 15 22 D
21 23 20 16 R
21 24 0 11 R
21 25 22 25 D
21 26 0 17 R
21 27 24 27 D
21 28 21 28 D
21 30 17 18 R
21 31 21 31 U
21 32 21 32 U
21 33 19 33 U
21 34 21 17 R
21 35 16 35 U
21 36 19 36 U
21 37 16 37 U
21 38 21 38 U
21 39 21 39 U
22 0 2 10 R
22 1 17 11 R
22 2 22 26 D
22 3 15 3 L
22 4 18 4 L
22 5 17 5 L
22 6 20 6 L
22 7 18 7 L
22 8 3 8 L
22 9 29 22 D
22 10 22 10 R
22 11 18 24 D
22 12 15 12 R
22 13 29 13 R
22 14 15 14 R
22 15 2 15 R
22 16 22 16 R
22 17 1 26 D
22 18 16 18 R
22 20 9 15 R
22 21 13 1 L
22 22 20 1 L
22 23 20 23 D
22 24 17 24 D
22 25 21 25 D
22 26 20 7 L
22 27 13 27 D
22 28 20 28 D
22 30 21 2 L
22 31 0 18 R
22 32 20 32 U
22 33 21 11 R
22 34 22 3 L
22 35 6 35 U
22 36 18 36 U
22 37 19 4 L
22 38 23 18 R
22 39 20 39 U
23 0 8 22 D
23 1 14 35 U
23 2 23 20 D
23 3 21 33 U
23 4 14 4 L
23 5 23 5 L
23 6 27 20 D
23 7 13 27 D
23 8 15 8 L
23 9 29 9 L
23 10 19 28 D
23 11 20 11 R
23 12 18 31 U
23 13 26 13 R
23 14 25 14 R
23 15 20 15 R
23 16 24 23 D
23 17 27 32 U
23 18 22 18 R
23 20 1 34 U
23 21 18 14 R
23 22 19 2 L
23 23 2 9 L
23 24 24 24 D
23 25 20 25 D
23 26 25 14 R
23 27 21 4 L
23 28 0 6 L
23 30 22 10 R
23 31 0 8 L
23 32 22 22 D
23 33 17 33 U
23 34 20 34 U
23 35 1 35 U
23 36 0 23 D
23 37 11 37 U
23 38 24 0 L
23 39 22 5 L
24 0 13 21 D
24 1 25 21 D
24 2 23 2 L
24 3 0 19 R
24 4 0 36 U
24 5 22 5 L
24 6 23 6 L
24 7 27 30 U
24 8 27 34 U
24 9 28 9 L
24 10 26 25 D
24 11 25 11 R
24 12 16 12 R
24 13 19 13 R
24 14 17 30 U
24 15 17 25 D
24 16 24 16 R
24 17 26 17 R
24 18 10 7 L
24 20 16 5 L
24 21 21 16 R
24 22 18 18 R
24 23 29 23 D
24 24 27 24 D
24 25 10 1 L
24 26 16 26 D
24 27 27 27 D
24 28 8 10 R
24 30 18 2 L
24 31 23 16 R
24 32 25 32 U
24 33 23 5 L
24 34 26 1 L
24 35 20 14 R
24 36 22 36 U
24 37 21 37 U
24 38 12 38 U
24 39 23 39 U
25 0 24 0 L
25 1 19 1 L
25 2 17 2 L
25 3 13 3 L
25 4 3 4 L
25 5 16 30 U
25 6 22 6 L
25 7 24 7 L
25 8 24 8 L
25 9 27 9 L
25 10 25 27 D
25 11 18 11 R
25 12 17 12 R
25 13 27 13 R
25 14 18 14 R
25 15 27 15 R
25 16 22 28 D
25 17 28 24 D
25 18 14 22 D
25 20 26 15 R
25 21 7 14 R
25 22 20 22 D
25 23 22 3 L
25 24 18 24 D
25 27 23 4 L
25 28 24 28 D
25 30 24 11 R
25 31 26 15 R
25 32 26 32 U
25 33 24 33 U
25 34 22 34 U
25 35 28 7 L
25 36 17 18 R
25 37 20 0 L
25 38 20 38 U
25 39 24 39 U
26 0 26 20 D
26 1 26 39 U
26 2 21 2 L
26 3 12 3 L
26 4 16 34 U
26 5 25 30 U
26 6 25 6 L
26 7 25 7 L
26 8 26 8 L
26 9 28 31 U
26 10 24 27 D
26 11 24 4 L
26 12 25 28 D
26 13 25 23 D
26 14 20 21 D
26 15 23 15 R
26 16 0 8 L
26 17 8 17 R
26 18 23 18 R
26 20 24 6 L
26 21 15 11 R
26 22 21 22 D
26 23 30 18 R
26 24 26 24 D
26 27 27 10 R
26 28 26 28 D
26 30 25 10 R
26 31 23 19 R
26 32 25 0 L
26 33 25 33 U
26 34 26 12 R
26 35 29 35 U
26 36 23 17 R
26 37 22 37 U
26 38 19 38 U
26 39 25 39 U
27 0 27 0 L
27 1 25 31 U
27 2 12 31 U
27 3 29 3 L
27 4 12 4 L
27 5 0 20 D
27 6 24 26 D
27 7 29 7 L
27 8 26 20 D
27 9 25 9 L
27 10 25 24 D
27 11 24 28 D
27 12 29 12 R
27 13 24 13 R
27 14 14 14 R
27 15 23 24 D
27 16 29 16 R
27 17 17 20 D
27 18 24 32 U
27 20 24 11 R
27 22 11 10 R
27 23 24 23 D
27 24 25 24 D
27 27 28 10 R
27 28 27 28 D
27 30 25 14 R
27 31 26 19 R
27 32 24 5 L
27 33 23 33 U
27 34 26 2 L
27 35 21 35 U
27 36 26 36 U
27 37 10 37 U
27 38 18 38 U
27 39 7 2 L
28 0 19 36 U
28 1 27 27 D
28 2 29 36 U
28 5 14 5 L
28 6 28 23 D
28 8 25 8 L
28 9 26 9 L
28 10 24 34 U
28 11 28 11 R
28 12 15 30 U
28 13 21 13 R
28 15 4 28 D
28 16 25 16 R
28 18 30 20 D
28 20 20 9 L
28 22 24 17 R
28 23 19 23 D
28 24 25 35 U
28 27 28 27 D
28 28 18 28 D
28 30 22 17 R
28 31 28 12 R
28 32 25 8 L
28 33 18 9 L
28 34 29 34 U
28 35 24 35 U
28 36 29 36 U
28 37 6 5 L
28 39 23 1 L
29 0 28 24 D
29 1 27 1 L
29 2 25 2 L
29 5 27 5 L
29 6 24 6 L
29 8 11 8 L
29 9 18 28 D
29 10 22 31 U
29 11 26 11 R
29 12 10 12 R
29 15 24 15 R
29 16 28 16 R
29 18 27 18 R
29 20 0 13 R
29 22 24 22 D
29 23 28 23 D
29 24 28 24 D
29 28 19 28 D
29 30 27 16 R
29 31 29 10 R
29 32 22 32 U
29 33 12 33 U
29 34 28 34 U
29 35 25 35 U
29 36 26 15 R
29 37 23 37 U
29 39 22 0 L
30 0 28 23 D
30 5 26 5 L
30 6 11 39 U
30 9 19 9 L
30 15 6 15 R
30 18 28 18 R
30 20 28 9 L
30 23 27 23 D
30 24 28 13 R
30 28 28 28 D
30 30 29 24 D
30 34 26 34 U
30 39 26 39 U

