36 36 1178
0 8 7 1 18 0 10 8 19 0 0 33 0 0 19 9 0 0 18 14
2 0 12 33 0 18 6 19 17 0 12 28 0 14 0 19 0 0 0 0
1 31 5 6 24 26 0 23 18 0 34 0 0 34 31 0 20 19 16 13
0 5 32 0 25 2 4 23 20 31 35 26 0 0 0 30 31 21 8 11
33 33 32 33 26 26 0 26 0 13 25 20 25 18 23 0 0 0 7 28
7 0 0 0 22 0 24 16 0 0 22 22 0 28 28 14 0 0 7 5
0 0 31 31 0 0 30 23 21 0 0 32 7 2 0 0 21 6 4 0
19 2 0 30 0 0 26 26 0 24 0 31 7 28 0 0 0 0 0 0
0 0 0 0 26 23 0 25 0 25 24 29 6 27 2 21 0 7 6 6
0 0 0 0 27 26 0 0 0 5 29 0 0 0 25 13 0 12 0 6
7 0 0 0 27 3 0 5 34 24 0 11 0 26 6 26 0 8 1 0
4 0 0 0 19 0 31 0 0 0 30 13 13 10 0 0 0 0 1 0
16 0 0 0 28 29 32 27 0 0 20 14 2 18 27 0 32 11 0 11
13 32 0 0 14 19 0 6 0 14 0 15 20 25 12 26 27 0 0 4
0 0 30 0 0 11 0 0 0 0 17 0 5 0 0 1 18 0 3 4
23 28 0 0 28 0 0 31 25 0 0 10 17 24 0 1 3 0 3 0
0 16 33 0 29 0 0 0 0 4 11 20 28 0 11 13 5 10 2 0
12 7 0 0 0 0 22 33 31 13 20 0 13 0 25 29 27 2 3 0
6 7 34 30 0 0 33 0 32 17 21 30 0 23 32 0 31 30 19 0
0 8 17 28 33 19 0 32 5 14 19 33 0 0 0 0 0 33 0 9
0 0 0 0 U
0 1 0 1 U
0 2 0 2 U
0 3 0 3 U
0 4 0 4 U
0 5 0 5 U
0 6 0 6 U
0 7 0 7 U
0 8 0 8 U
0 9 0 9 U
0 10 0 10 R
0 11 0 11 R
0 12 0 12 R
0 13 0 13 R
0 14 0 14 R
0 15 0 15 R
0 16 0 16 R
0 17 0 17 R
0 18 0 18 D
0 19 0 19 D
0 20 0 20 D
0 21 0 21 D
0 22 0 22 D
0 23 0 23 D
0 24 0 24 D
0 25 0 25 D
0 26 0 26 D
0 27 0 27 D
0 28 0 28 L
0 29 0 29 L
0 30 0 30 L
0 31 0 31 L
0 32 0 32 L
0 33 0 33 L
0 34 0 34 L
0 35 0 35 L
1 0 0 10 R
1 1 1 28 L
1 2 0 29 L
1 3 0 13 R
1 4 2 12 R
1 5 3 33 L
1 6 1 34 L
1 7 3 16 R
1 8 3 11 R
1 9 0 26 D
1 10 0 18 D
1 11 2 18 D
1 12 2 20 D
1 13 0 18 D
1 14 0 3 U
1 15 1 31 L
1 16 1 23 D
1 17 1 24 D
1 18 0 0 U
1 19 0 1 U
1 20 0 30 L
1 21 4 12 R
1 22 0 2 U
1 23 2 4 U
1 24 4 6 U
1 25 4 15 R
1 26 0 4 U
1 27 12 7 U
1 28 1 18 D
1 29 1 18 D
1 30 0 2 U
1 31 0 20 D
1 32 3 20 D
1 33 4 21 D
1 34 3 23 D
1 35 4 24 D
2 0 0 28 L
2 1 0 11 R
2 2 0 31 L
2 3 2 3 U
2 4 4 4 U
2 5 2 5 U
2 6 3 6 U
2 7 4 7 U
2 8 3 8 U
2 9 17 9 U
2 10 0 1 U
2 11 2 11 R
2 12 2 12 R
2 13 3 13 R
2 14 3 14 R
2 15 4 15 R
2 16 3 16 R
2 17 3 17 R
2 18 0 10 R
2 19 1 19 D
2 20 0 2 U
2 21 1 21 D
2 22 3 22 D
2 23 3 23 D
2 24 2 24 D
2 25 0 15 R
2 26 7 26 D
2 27 2 27 D
2 28 0 19 D
2 29 1 29 L
2 30 0 13 R
2 31 2 31 L
2 32 2 32 L
2 33 2 33 L
2 34 3 34 L
2 35 4 35 L
3 0 0 12 R
3 1 2 11 R
3 2 1 2 U
3 3 3 30 L
3 4 3 4 U
3 5 0 16 R
3 6 0 22 D
3 7 0 31 L
3 8 2 8 U
3 9 6 9 U
3 10 0 2 U
3 11 2 3 U
3 12 1 12 R
3 13 0 19 D
3 14 2 19 D
3 15 0 34 L
3 16 2 16 R
3 17 2 17 R
3 18 0 28 L
3 19 0 11 R
3 20 1 30 L
3 21 2 21 D
3 22 4 22 D
3 23 2 23 D
3 24 4 33 L
3 25 0 1 U
3 26 9 26 D
3 27 14 27 D
3 28 0 0 U
3 29 0 18 D
3 30 2 3 U
3 31 1 20 D
3 32 1 32 L
3 33 1 33 L
3 34 2 34 L
3 35 3 35 L
4 0 0 32 L
4 1 3 1 U
4 2 1 14 R
4 3 0 29 L
4 4 3 15 R
4 5 2 17 R
4 6 2 35 L
4 7 6 7 U
4 8 1 8 U
4 9 13 9 U
4 10 0 0 U
4 11 1 18 D
4 12 0 28 L
4 13 0 21 D
4 14 2 5 U
4 15 0 35 L
4 16 4 25 D
4 17 1 17 R
4 18 2 18 D
4 19 2 14 R
4 20 3 30 L
4 21 0 4 U
4 22 2 14 R
4 23 0 5 U
4 24 4 24 D
4 25 5 25 D
4 26 8 26 D
4 27 11 27 D
4 28 1 0 U
4 29 0 22 D
4 30 3 3 U
4 31 1 23 D
4 32 3 32 L
4 33 3 6 U
4 34 2 6 U
4 35 0 25 D
5 0 4 28 L
5 1 0 35 L
5 2 0 17 R
5 3 2 33 L
5 4 2 30 L
5 5 5 28 L
5 6 4 14 R
5 7 5 7 U
5 8 3 14 R
5 9 5 9 U
5 10 0 7 U
5 11 4 19 D
5 12 0 25 D
5 13 0 23 D
5 14 6 21 D
5 15 4 2 U
5 16 7 20 D
5 17 3 22 D
5 18 0 29 L
5 19 2 28 L
5 20 0 3 U
5 21 0 32 L
5 22 0 12 R
5 23 4 15 R
5 24 4 28 L
5 25 5 31 L
5 26 1 26 D
5 27 11 28 L
5 28 2 0 U
5 29 6 29 L
5 30 2 30 L
5 31 7 1 U
5 32 4 4 U
5 33 5 33 L
5 34 7 0 U
5 35 1 8 U
6 0 7 29 L
6 1 0 25 D
6 2 2 16 R
6 3 4 11 R
6 4 1 17 R
6 5 5 5 U
6 6 5 6 U
6 7 5 34 L
6 8 0 17 R
6 9 16 9 U
6 10 5 4 U
6 11 5 22 D
6 12 5 20 D
6 13 6 2 U
6 14 5 14 R
6 15 6 19 D
6 16 5 16 R
6 17 5 23 D
6 18 3 18 D
6 19 6 10 R
6 20 7 20 D
6 21 5 13 R
6 22 2 10 R
6 23 7 23 D
6 24 0 6 U
6 25 4 25 D
6 26 4 26 D
6 27 18 27 D
6 28 2 28 L
6 29 2 1 U
6 30 5 24 D
6 31 7 31 L
6 32 7 25 D
6 33 1 24 D
6 34 7 34 L
6 35 8 8 U
7 0 4 33 L
7 1 5 30 L
7 2 7 2 U
7 3 9 16 R
7 4 5 4 U
7 5 4 5 U
7 6 0 28 L
7 7 8 35 L
7 8 8 8 U
7 9 14 33 L
7 10 3 10 R
7 11 5 11 R
7 12 5 12 R
7 13 6 13 R
7 14 8 23 D
7 15 0 31 L
7 16 6 16 R
7 17 7 18 D
7 18 5 18 D
7 19 7 19 D
7 20 4 20 D
7 21 3 21 D
7 22 5 22 D
7 23 6 23 D
7 24 6 24 D
7 25 2 32 L
7 26 9 13 R
7 27 19 27 D
7 28 7 28 L
7 29 2 29 L
7 30 6 30 L
7 31 3 3 U
7 32 6 32 L
7 33 4 33 L
7 34 7 20 D
7 35 1 35 L
8 0 0 18 D
8 1 7 28 L
8 2 6 12 R
8 3 2 22 D
8 4 7 11 R
8 5 7 30 L
8 6 8 6 U
8 7 12 31 L
8 8 4 34 L
8 9 15 9 U
8 10 6 0 U
8 11 7 19 D
8 12 7 12 R
8 13 7 13 R
8 14 9 14 R
8 15 9 15 R
8 16 8 26 D
8 17 8 17 R
8 18 6 13 R
8 19 8 10 R
8 20 0 8 U
8 21 6 12 R
8 22 9 11 R
8 23 5 33 L
8 24 10 33 L
8 25 17 17 R
8 26 7 10 R
8 27 20 27 D
8 28 0 26 D
8 29 7 0 U
8 30 6 23 D
8 31 5 31 L
8 32 7 32 L
8 33 9 6 U
8 34 5 34 L
8 35 9 13 R
9 0 7 0 U
9 1 5 1 U
9 2 6 2 U
9 3 6 10 R
9 4 1 4 U
9 5 0 15 R
9 6 9 6 U
9 7 16 7 U
9 8 5 28 L
9 9 18 11 R
9 10 8 10 R
9 11 8 3 U
9 12 6 12 R
9 13 0 29 L
9 14 8 14 R
9 15 0 5 U
9 16 9 16 R
9 17 9 17 R
9 18 5 33 L
9 19 8 19 D
9 20 1 8 U
9 21 8 21 D
9 22 10 22 D
9 23 8 12 R
9 24 12 24 D
9 25 8 25 D
9 26 6 26 D
9 27 21 27 D
9 28 3 18 D
9 29 5 1 U
9 30 4 30 L
9 31 0 23 D
9 32 0 21 D
9 33 7 3 U
9 34 9 34 L
9 35 10 35 L
10 0 6 31 L
10 1 11 29 L
10 2 9 16 R
10 3 15 29 L
10 4 12 34 L
10 5 11 5 U
10 6 12 11 R
10 7 11 7 U
10 8 7 8 U
10 9 18 14 R
10 10 3 7 U
10 11 9 21 D
10 12 7 18 D
10 13 5 8 U
10 14 10 18 D
10 15 8 19 D
10 16 9 21 D
10 17 15 22 D
10 18 10 28 L
10 19 4 11 R
10 20 8 35 L
10 21 11 21 D
10 22 13 12 R
10 23 16 13 R
10 24 17 10 R
10 25 17 25 D
10 26 13 32 L
10 27 23 27 D
10 28 0 10 R
10 29 11 18 D
10 30 13 19 D
10 31 9 20 D
10 32 12 2 U
10 33 8 14 R
10 34 14 18 D
10 35 9 0 U
11 0 6 15 R
11 1 11 1 U
11 2 2 2 U
11 3 12 3 U
11 4 11 12 R
11 5 8 5 U
11 6 10 6 U
11 7 15 7 U
11 8 6 35 L
11 9 20 9 U
11 10 9 2 U
11 11 10 21 D
11 12 12 12 R
11 13 8 6 U
11 14 11 14 R
11 15 11 1 U
11 16 10 16 R
11 17 4 17 R
11 18 9 18 D
11 19 9 19 D
11 20 10 14 R
11 21 8 15 R
11 22 12 22 D
11 23 16 23 D
11 24 10 24 D
11 25 12 25 D
11 26 0 33 L
11 27 0 29 L
11 28 9 18 D
11 29 10 29 L
11 30 12 30 L
11 31 8 31 L
11 32 11 32 L
11 33 11 33 L
11 34 14 34 L
11 35 13 10 R
12 0 6 29 L
12 1 0 10 R
12 2 11 30 L
12 3 11 18 D
12 4 14 28 L
12 5 0 14 R
12 6 6 15 R
12 7 16 17 R
12 8 7 14 R
12 9 11 9 U
12 10 0 8 U
12 11 13 11 R
12 12 15 18 D
12 13 15 13 R
12 14 10 14 R
12 15 5 19 D
12 16 11 16 R
12 17 17 17 R
12 18 0 14 R
12 19 0 10 R
12 20 13 20 D
12 21 12 21 D
12 22 11 16 R
12 23 14 30 L
12 24 17 24 D
12 25 13 25 D
12 26 11 35 L
12 27 13 27 D
12 28 0 8 U
12 29 10 19 D
12 30 9 19 D
12 31 9 1 U
12 32 13 32 L
12 33 8 33 L
12 34 13 34 L
12 35 13 35 L
13 0 12 11 R
13 1 9 1 U
13 2 10 2 U
13 3 0 34 L
13 4 13 4 U
13 5 12 5 U
13 6 7 6 U
13 7 11 17 R
13 8 13 16 R
13 9 20 35 L
13 10 0 26 D
13 11 13 22 D
13 12 14 12 R
13 13 11 13 R
13 14 12 18 D
13 15 14 15 R
13 16 12 16 R
13 17 15 25 D
13 18 0 31 L
13 19 2 0 U
13 20 7 11 R
13 21 14 11 R
13 22 15 22 D
13 23 0 10 R
13 24 16 24 D
13 25 14 25 D
13 26 13 26 D
13 27 27 10 R
13 28 0 6 U
13 29 12 29 L
13 30 15 23 D
13 31 9 31 L
13 32 10 18 D
13 33 14 33 L
13 34 8 34 L
13 35 12 35 L
14 0 0 26 D
14 1 10 31 L
14 2 12 15 R
14 3 11 15 R
14 4 8 30 L
14 5 13 5 U
14 6 15 16 R
14 7 3 7 U
14 8 12 8 U
14 9 24 9 U
14 10 0 4 U
14 11 11 22 D
14 12 15 12 R
14 13 16 23 D
14 14 0 2 U
14 15 13 15 R
14 16 0 31 L
14 17 13 17 R
14 18 4 13 R
14 19 4 28 L
14 20 12 32 L
14 21 9 21 D
14 22 17 31 L
14 23 11 23 D
14 24 9 24 D
14 25 15 25 D
14 26 15 26 D
14 27 28 11 R
14 28 0 4 U
14 29 10 20 D
14 30 16 30 L
14 31 8 6 U
14 32 10 32 L
14 33 11 3 U
14 34 0 26 D
14 35 11 35 L
15 0 7 32 L
15 1 11 10 R
15 2 10 12 R
15 3 13 3 U
15 4 14 4 U
15 5 16 30 L
15 6 4 6 U
15 7 12 30 L
15 8 15 33 L
15 9 33 9 U
15 10 12 20 D
15 11 2 1 U
15 12 14 23 D
15 13 14 13 R
15 14 12 2 U
15 15 15 15 R
15 16 11 5 U
15 17 0 4 U
15 18 14 13 R
15 19 15 12 R
15 20 14 20 D
15 21 9 5 U
15 22 17 22 D
15 23 0 4 U
15 24 13 29 L
15 25 16 25 D
15 26 12 13 R
15 27 28 27 D
15 28 6 6 U
15 29 15 29 L
15 30 14 2 U
15 31 0 24 D
15 32 12 32 L
15 33 15 33 L
15 34 10 34 L
15 35 15 3 U
16 0 8 21 D
16 1 4 31 L
16 2 14 13 R
16 3 14 13 R
16 4 4 30 L
16 5 0 28 L
16 6 6 33 L
16 7 10 7 U
16 8 14 8 U
16 9 32 9 U
16 10 12 19 D
16 11 3 0 U
16 12 0 22 D
16 13 10 22 D
16 14 3 23 D
16 15 11 18 D
16 16 16 16 R
16 17 15 17 R
16 18 16 10 R
16 19 14 19 D
16 20 3 20 D
16 21 10 15 R
16 22 12 17 R
16 23 0 3 U
16 24 13 24 D
16 25 3 25 D
16 26 16 26 D
16 27 27 27 D
16 28 9 3 U
16 29 10 1 U
16 30 16 23 D
16 31 7 4 U
16 32 12 0 U
16 33 13 20 D
16 34 1 34 L
16 35 16 2 U
17 0 11 35 L
17 1 17 15 R
17 2 16 2 U
17 3 15 14 R
17 4 0 33 L
17 5 14 5 U
17 6 10 35 L
17 7 9 7 U
17 8 10 8 U
17 9 31 9 U
17 10 16 29 L
17 11 2 7 U
17 12 7 7 U
17 13 10 0 U
17 14 15 7 U
17 15 18 5 U
17 16 11 18 D
17 17 16 17 R
17 18 12 33 L
17 19 16 17 R
17 20 6 1 U
17 21 20 15 R
17 22 18 15 R
17 23 12 10 R
17 24 18 10 R
17 25 2 25 D
17 26 3 26 D
17 27 26 27 D
17 28 12 23 D
17 29 12 8 U
17 30 13 5 U
17 31 10 13 R
17 32 10 5 U
17 33 15 25 D
17 34 11 8 U
17 35 13 27 D
18 0 9 19 D
18 1 12 29 L
18 2 18 12 R
18 3 0 12 R
18 4 0 24 D
18 5 12 11 R
18 6 0 19 D
18 7 11 16 R
18 8 21 16 R
18 9 30 9 U
18 10 18 20 D
18 11 17 8 U
18 12 15 24 D
18 13 18 2 U
18 14 0 32 L
18 15 18 15 R
18 16 7 25 D
18 17 16 5 U
18 18 17 32 L
18 19 18 19 D
18 20 6 35 L
18 21 20 21 D
18 22 19 22 D
18 23 27 23 D
18 24 13 31 L
18 25 3 9 U
18 26 10 4 U
18 27 25 27 D
18 28 17 18 D
18 29 8 7 U
18 30 18 18 D
18 31 15 9 U
18 32 18 0 U
18 33 15 6 U
18 34 9 4 U
18 35 0 3 U
19 0 20 28 L
19 1 18 13 R
19 2 5 28 L
19 3 13 30 L
19 4 16 35 L
19 5 14 10 R
19 6 19 6 U
19 7 21 31 L
19 8 20 8 U
19 9 32 13 R
19 10 19 18 D
19 11 14 11 R
19 12 11 5 U
19 13 0 34 L
19 14 23 14 R
19 15 0 33 L
19 16 8 16 R
19 17 3 4 U
19 18 19 17 R
19 19 10 19 D
19 20 14 10 R
19 21 19 13 R
19 22 20 22 D
19 23 25 23 D
19 24 12 2 U
19 25 18 29 L
19 26 24 26 D
19 27 7 27 D
19 28 18 22 D
19 29 18 2 U
19 30 10 0 U
19 31 0 25 D
19 32 14 22 D
19 33 0 0 U
19 34 17 2 U
19 35 16 18 D
20 0 21 12 R
20 1 19 1 U
20 2 9 10 R
20 3 17 3 U
20 4 9 4 U
20 5 17 5 U
20 6 12 6 U
20 7 22 7 U
20 8 21 30 L
20 9 28 9 U
20 10 0 32 L
20 11 12 11 R
20 12 19 1 U
20 13 20 13 R
20 14 14 14 R
20 15 21 15 R
20 16 19 16 R
20 17 4 22 D
20 18 19 18 D
20 19 17 16 R
20 20 11 20 D
20 21 21 21 D
20 22 1 4 U
20 23 26 23 D
20 24 22 24 D
20 25 18 25 D
20 26 23 26 D
20 27 8 27 D
20 28 13 6 U
20 29 17 29 L
20 30 22 24 D
20 31 0 12 R
20 32 15 22 D
20 33 16 3 U
20 34 20 34 L
20 35 18 35 L
21 0 21 0 U
21 1 18 1 U
21 2 18 2 U
21 3 14 11 R
21 4 22 35 L
21 5 19 5 U
21 6 25 29 L
21 7 0 20 D
21 8 21 8 U
21 9 29 9 U
21 10 19 21 D
21 11 18 3 U
21 12 19 21 D
21 13 22 19 D
21 14 22 26 D
21 15 19 27 D
21 16 20 9 U
21 17 12 28 L
21 18 18 28 L
21 19 20 11 R
21 20 20 31 L
21 21 13 21 D
21 22 18 34 L
21 23 27 32 L
21 24 14 24 D
21 25 21 29 L
21 26 24 31 L
21 27 9 27 D
21 28 3 21 D
21 29 21 0 U
21 30 20 30 L
21 31 19 20 D
21 32 19 32 L
21 33 12 33 L
21 34 20 6 U
21 35 14 35 L
22 0 17 17 R
22 1 17 1 U
22 2 12 28 L
22 3 21 32 L
22 4 21 4 U
22 5 22 5 U
22 6 21 6 U
22 7 23 7 U
22 8 22 34 L
22 10 21 8 U
22 11 22 2 U
22 12 23 12 R
22 13 21 13 R
22 14 22 14 R
22 15 22 15 R
22 16 20 16 R
22 17 27 17 R
22 18 17 3 U
22 19 22 15 R
22 20 21 28 L
22 21 15 7 U
22 22 18 22 D
22 23 20 23 D
22 24 21 33 L
22 25 22 25 D
22 26 21 26 D
22 27 24 10 R
22 28 18 25 D
22 29 22 29 L
22 30 17 30 L
22 31 20 31 L
22 32 20 32 L
22 33 21 1 U
22 34 21 34 L
22 35 20 24 D
23 0 20 14 R
23 1 23 1 U
23 2 22 15 R
23 3 16 15 R
23 4 18 4 U
23 5 25 5 U
23 6 7 34 L
23 7 22 33 L
23 8 0 32 L
23 10 22 9 U
23 11 24 7 U
23 12 22 12 R
23 13 7 27 D
23 14 26 1 U
23 15 12 15 R
23 16 0 24 D
23 17 12 6 U
23 18 4 0 U
23 19 8 34 L
23 20 25 20 D
23 21 23 30 L
23 22 21 10 R
23 23 23 23 D
23 24 20 24 D
23 25 26 11 R
23 26 0 12 R
23 27 15 27 D
23 28 22 0 U
23 29 22 18 D
23 30 23 18 D
23 31 22 31 L
23 32 12 27 D
23 33 23 33 L
23 34 0 10 R
23 35 21 35 L
24 0 9 0 U
24 1 25 13 R
24 2 26 2 U
24 3 24 18 D
24 4 22 4 U
24 5 2 25 D
24 6 18 6 U
24 7 9 12 R
24 8 25 32 L
24 10 21 18 D
24 11 23 11 R
24 12 23 24 D
24 13 24 19 D
24 14 23 21 D
24 15 23 15 R
24 16 4 16 R
24 17 26 27 D
24 18 21 28 L
24 19 20 10 R
24 20 22 30 L
24 21 25 14 R
24 22 23 11 R
24 23 0 11 R
24 24 4 0 U
24 25 23 25 D
24 26 14 26 D
24 27 17 5 U
24 28 24 28 L
24 29 14 8 U
24 30 24 30 L
24 31 23 0 U
24 32 21 20 D
24 33 24 26 D
24 34 25 34 L
24 35 22 35 L
25 0 11 11 R
25 1 25 1 U
25 2 23 2 U
25 3 8 32 L
25 4 0 11 R
25 5 24 5 U
25 6 12 16 R
25 7 19 7 U
25 8 24 17 R
25 10 2 10 R
25 11 24 1 U
25 12 25 12 R
25 13 24 13 R
25 14 18 14 R
25 15 16 15 R
25 16 22 25 D
25 17 28 17 R
25 18 20 14 R
25 19 4 19 D
25 20 1 4 U
25 21 25 21 D
25 22 22 22 D
25 23 18 23 D
25 24 26 24 D
25 25 21 25 D
25 27 10 27 D
25 28 20 19 D
25 29 18 18 D
25 30 12 0 U
25 31 23 5 U
25 32 26 3 U
25 33 25 33 L
25 34 24 34 L
25 35 26 6 U
26 0 10 0 U
26 1 4 16 R
26 2 24 12 R
26 3 25 3 U
26 4 16 14 R
26 5 24 11 R
26 6 33 12 R
26 7 20 7 U
26 8 28 28 L
26 10 13 8 U
26 11 0 20 D
26 12 11 12 R
26 13 23 8 U
26 14 27 22 D
26 15 24 19 D
26 16 29 21 D
26 17 21 2 U
26 18 15 18 D
26 19 6 19 D
26 20 24 20 D
26 21 22 21 D
26 22 21 33 L
26 23 22 35 L
26 24 0 7 U
26 25 27 11 R
26 27 32 27 D
26 28 6 17 R
26 29 0 5 U
26 30 24 5 U
26 31 25 31 L
26 32 26 26 D
26 33 22 8 U
26 34 25 21 D
26 35 23 35 L
27 0 26 13 R
27 1 26 22 D
27 2 22 14 R
27 3 27 3 U
27 4 22 31 L
27 5 27 30 L
27 6 20 6 U
27 7 25 7 U
27 8 26 13 R
27 10 18 8 U
27 11 20 19 D
27 12 3 2 U
27 13 24 23 D
27 14 21 14 R
27 15 0 1 U
27 16 24 16 R
27 18 26 35 L
27 19 17 15 R
27 20 28 31 L
27 21 30 12 R
27 22 17 17 R
27 23 22 10 R
27 24 31 33 L
27 25 24 25 D
27 27 17 27 D
27 28 18 1 U
27 29 27 18 D
27 30 27 26 D
27 31 28 23 D
27 32 25 5 U
27 33 24 33 L
27 34 22 18 D
27 35 20 6 U
28 0 23 15 R
28 1 20 28 L
28 2 19 2 U
28 3 22 3 U
28 4 21 16 R
28 5 27 17 R
28 6 2 6 U
28 7 17 7 U
28 8 25 8 U
28 10 22 7 U
28 11 29 27 D
28 12 26 23 D
28 13 1 26 D
28 14 0 23 D
28 15 28 18 D
28 16 30 16 R
28 18 9 14 R
28 19 13 17 R
28 20 29 20 D
28 21 30 21 D
28 22 13 14 R
28 23 8 23 D
28 24 30 24 D
28 25 28 35 L
28 27 31 27 D
28 28 14 0 U
28 29 27 20 D
28 30 27 30 L
28 31 27 4 U
28 32 26 32 L
28 33 20 23 D
28 34 26 3 U
28 35 28 5 U
29 0 26 18 D
29 1 26 30 L
29 2 22 2 U
29 3 20 29 L
29 4 28 4 U
29 5 29 29 L
29 6 17 6 U
29 7 14 7 U
29 8 27 8 U
29 10 0 3 U
29 11 26 4 U
29 12 24 12 R
29 13 27 13 R
29 14 25 14 R
29 15 29 15 R
29 16 29 16 R
29 18 29 11 R
29 19 30 16 R
29 20 28 20 D
29 21 29 29 L
29 22 31 22 D
29 23 30 13 R
29 24 32 13 R
29 25 19 25 D
29 28 28 27 D
29 29 29 0 U
29 30 25 25 D
29 31 31 18 D
29 32 24 20 D
29 33 25 8 U
29 34 27 34 L
29 35 28 35 L
30 0 26 14 R
30 1 29 1 U
30 2 32 15 R
30 3 31 3 U
30 4 29 4 U
30 5 29 10 R
30 6 16 6 U
30 7 0 23 D
30 8 32 8 U
30 10 28 1 U
30 11 26 11 R
30 12 33 32 L
30 13 28 13 R
30 14 4 5 U
30 15 33 18 D
30 16 26 16 R
30 18 30 18 D
30 19 32 19 D
30 20 29 11 R
30 21 29 21 D
30 22 29 22 D
30 23 0 8 U
30 24 31 24 D
30 25 32 15 R
30 28 19 1 U
30 29 30 29 L
30 30 29 30 L
30 31 32 31 L
30 32 30 21 D
30 33 31 3 U
30 34 19 6 U
30 35 29 35 L
31 0 29 31 L
31 1 6 1 U
31 3 30 3 U
31 4 23 11 R
31 5 23 5 U
31 6 15 6 U
31 7 29 7 U
31 10 28 27 D
31 11 31 23 D
31 12 14 0 U
31 13 26 13 R
31 14 31 9 U
31 15 33 15 R
31 16 32 18 D
31 18 31 28 L
31 19 31 19 D
31 20 30 12 R
31 21 33 29 L
31 22 32 22 D
31 23 30 23 D
31 24 28 24 D
31 25 28 25 D
31 28 17 12 R
31 29 28 1 U
31 30 28 21 D
31 31 30 31 L
31 32 30 32 L
31 33 31 33 L
31 34 19 34 L
31 35 32 24 D
32 0 15 34 L
32 1 22 1 U
32 3 29 33 L
32 4 30 4 U
32 5 30 30 L
32 6 14 6 U
32 7 28 7 U
32 10 30 0 U
32 11 30 11 R
32 12 32 7 U
32 13 27 25 D
32 14 15 6 U
32 15 24 15 R
32 16 31 16 R
32 18 29 0 U
32 19 30 19 D
32 20 6 20 D
32 21 32 21 D
32 23 31 23 D
32 25 27 35 L
32 28 33 18 D
32 29 32 29 L
32 30 30 30 L
32 31 33 31 L
32 32 31 32 L
32 33 32 33 L
32 34 20 24 D
32 35 29 9 U
33 0 28 16 R
33 1 31 35 L
33 3 26 3 U
33 6 22 6 U
33 10 24 20 D
33 11 29 4 U
33 12 31 1 U
33 13 31 13 R
33 14 28 14 R
33 15 33 22 D
33 16 26 20 D
33 18 33 28 L
33 19 29 19 D
33 28 31 12 R
33 29 27 3 U
33 30 28 30 L
33 31 28 31 L
33 32 32 32 L
33 33 30 20 D
33 35 32 35 L
34 0 19 10 R
34 10 32 27 D
34 30 31 25 D
34 35 30 3 U
35 0 32 0 U

