28 24 585
17 11 11 0 0 0 8 20 0 5 0 22 0 6
17 0 13 0 0 0 4 0 0 21 0 17 15 16
2 26 0 0 0 0 0 17 0 5 0 0 22 4
1 0 10 21 19 15 0 0 0 0 0 20 0 25
0 0 2 0 0 0 12 3 7 23 25 2 25 0
0 0 0 0 10 15 11 20 26 0 0 10 0 0
0 0 0 0 17 27 17 17 0 22 0 0 0 0
8 13 0 22 14 0 0 0 9 6 24 24 0 0
11 0 7 3 0 0 18 23 13 0 0 0 0 0
0 9 11 20 16 9 0 8 8 12 25 0 26 25
23 7 0 0 0 0 0 0 0 13 0 0 0 0
20 0 0 0 0 0 0 0 13 0 13 24 23 3
20 0 0 0 0 0 0 0 20 0 24 0 0 10
12 0 0 0 0 0 0 0 22 0 21 0 0 5
0 0 0 0 L
0 1 0 1 L
0 2 0 2 L
0 3 0 3 L
0 4 0 4 L
0 5 0 5 L
0 6 0 6 L
0 7 0 7 R
0 8 0 8 R
0 9 0 9 R
0 10 0 10 R
0 11 0 11 R
0 12 0 12 R
0 13 0 13 R
0 14 0 14 D
0 15 0 15 D
0 16 0 16 D
0 17 0 17 D
0 18 0 18 D
0 19 0 19 U
0 20 0 20 U
0 21 0 21 U
0 22 0 22 U
0 23 0 23 U
1 0 0 19 U
1 1 0 14 D
1 2 4 2 L
1 3 16 23 U
1 4 17 21 U
1 5 2 5 L
1 6 10 8 R
1 7 8 19 U
1 8 0 1 L
1 9 0 19 U
1 10 8 10 R
1 11 6 11 R
1 12 4 15 D
1 13 7 13 R
1 14 0 19 U
1 15 12 2 L
1 16 2 16 D
1 17 4 10 R
1 18 22 3 L
1 19 0 8 R
1 20 18 20 U
1 21 6 21 U
1 22 25 11 R
1 23 21 7 R
2 0 22 16 D
2 1 17 21 U
2 2 24 17 D
2 3 14 3 L
2 4 21 20 U
2 5 21 8 R
2 6 12 22 U
2 7 4 23 U
2 8 6 22 U
2 9 1 9 R
2 10 8 10 R
2 11 10 11 R
2 12 6 12 R
2 13 4 13 R
2 14 3 11 R
2 15 0 9 R
2 16 1 16 D
2 17 3 5 L
2 18 23 5 L
2 19 11 1 L
2 20 10 20 U
2 21 10 12 R
2 22 19 8 R
2 23 7 23 U
3 0 19 14 D
3 1 9 15 D
3 2 20 2 L
3 3 26 3 L
3 4 0 7 R
3 5 10 17 D
3 6 22 19 U
3 7 1 21 U
3 8 23 5 L
3 9 5 20 U
3 10 5 10 R
3 11 13 15 D
3 12 8 12 R
3 13 4 13 R
3 14 0 1 L
3 15 9 0 L
3 16 0 3 L
3 17 9 20 U
3 18 4 18 D
3 19 21 7 R
3 20 1 2 L
3 21 10 21 U
3 22 18 12 R
3 23 5 23 U
4 0 0 16 D
4 1 19 7 R
4 2 3 2 L
4 3 8 20 U
4 4 18 4 L
4 5 1 19 U
4 6 6 23 U
4 7 3 19 U
4 8 21 22 U
4 9 3 9 R
4 10 18 14 D
4 11 8 11 R
4 12 1 12 R
4 13 12 13 R
4 14 14 2 L
4 15 5 15 D
4 16 1 4 L
4 17 12 4 L
4 18 15 7 R
4 19 17 19 U
4 20 18 11 R
4 21 17 21 U
4 22 10 22 U
4 23 10 13 R
5 0 11 20 U
5 1 19 15 D
5 2 1 2 L
5 3 24 3 L
5 4 20 4 L
5 5 12 18 D
5 6 1 6 L
5 7 6 14 D
5 8 1 8 R
5 9 20 18 D
5 10 19 0 L
5 11 14 16 D
5 12 0 18 D
5 13 9 21 U
5 14 3 0 L
5 15 2 9 R
5 16 0 8 R
5 17 3 17 D
5 18 9 0 L
5 19 11 8 R
5 20 6 9 R
5 21 1 1 L
5 22 2 7 R
5 23 8 17 D
6 0 15 17 D
6 1 23 22 U
6 2 16 14 D
6 3 1 3 L
6 4 3 4 L
6 5 3 5 L
6 6 11 6 L
6 7 0 14 D
6 8 1 8 R
6 9 18 17 D
6 10 10 10 R
6 11 11 11 R
6 13 3 22 U
6 14 1 5 L
6 15 12 15 D
6 16 13 3 L
6 17 14 17 D
6 18 3 12 R
6 19 4 9 R
6 20 12 0 L
6 21 3 13 R
6 22 8 0 L
6 23 16 4 L
7 0 23 15 D
7 1 23 20 U
7 2 18 19 U
7 3 5 18 D
7 4 1 4 L
7 5 19 23 U
7 6 27 21 U
7 7 18 22 U
7 8 3 18 D
7 9 16 20 U
7 10 0 2 L
7 11 1 11 R
7 12 2 23 U
7 13 0 6 L
7 14 2 14 D
7 15 18 10 R
7 16 1 16 D
7 17 12 11 R
7 18 6 8 R
7 19 5 19 U
7 20 0 17 D
7 21 0 15 D
7 22 2 22 U
7 23 5 23 U
8 0 26 8 R
8 1 15 1 L
8 2 0 20 U
8 3 15 20 U
8 4 6 10 R
8 5 9 15 D
8 6 9 6 L
8 7 6 17 D
8 8 5 16 D
8 9 1 9 R
8 10 5 1 L
8 11 3 21 U
8 12 6 19 U
8 13 16 16 D
8 14 0 12 R
8 15 17 15 D
8 16 1 16 D
8 17 2 5 L
8 18 6 5 L
8 19 0 9 R
8 20 0 0 L
8 21 5 3 L
8 22 0 18 D
8 23 1 23 U
9 0 14 14 D
9 1 17 15 D
9 2 10 17 D
9 3 4 3 L
9 4 2 16 D
9 5 10 23 U
9 6 14 15 D
9 7 5 19 U
9 8 7 8 R
9 9 3 22 U
9 10 12 21 U
9 11 6 11 R
9 12 23 12 R
9 13 2 18 D
9 14 6 14 D
9 15 0 11 R
9 16 0 4 L
9 17 24 5 L
9 18 23 6 L
9 19 14 17 D
9 20 10 3 L
9 21 8 10 R
9 22 11 7 R
9 23 14 12 R
10 0 22 0 L
10 1 9 1 L
10 2 24 8 R
10 3 0 23 U
10 4 3 4 L
10 5 12 5 L
10 6 2 6 L
10 7 22 14 D
10 8 19 1 L
10 9 9 19 U
10 10 0 16 D
10 11 0 3 L
10 12 6 12 R
10 13 11 18 D
10 14 16 19 U
10 15 11 15 D
10 16 13 9 R
10 17 1 17 D
10 18 15 18 D
10 19 13 13 R
10 20 22 2 L
10 21 11 15 D
10 22 18 13 R
10 23 0 4 L
11 0 17 14 D
11 1 18 16 D
11 2 3 2 L
11 3 0 10 R
11 4 12 18 D
11 5 1 5 L
11 6 16 6 L
11 7 8 0 L
11 8 1 8 R
11 9 10 19 U
11 10 6 21 U
11 11 8 11 R
11 13 10 13 R
11 14 12 7 R
11 15 16 15 D
11 16 3 5 L
11 17 16 8 R
11 18 8 11 R
11 19 1 19 U
11 20 0 1 L
11 21 9 18 D
11 22 3 3 L
11 23 1 23 U
12 0 2 19 U
12 1 10 7 R
12 2 6 21 U
12 3 7 3 L
12 4 2 23 U
12 5 13 13 R
12 6 2 6 L
12 7 11 0 L
12 8 5 20 U
12 9 20 21 U
12 10 1 10 R
12 11 8 17 D
12 12 21 19 U
12 13 2 13 R
12 14 20 9 R
12 15 13 1 L
12 16 16 8 R
12 17 22 6 L
12 18 6 10 R
12 19 4 11 R
12 20 8 0 L
12 21 23 9 R
12 22 10 13 R
12 23 23 8 R
13 0 0 15 D
13 1 7 17 D
13 2 5 16 D
13 3 21 17 D
13 4 14 9 R
13 5 3 7 R
13 6 14 12 R
13 7 11 20 U
13 8 1 8 R
13 9 10 4 L
13 10 10 2 L
13 11 5 11 R
13 13 22 20 U
13 14 5 1 L
13 15 12 4 L
13 16 7 10 R
13 17 0 22 U
13 18 18 2 L
13 19 18 12 R
13 20 4 5 L
13 21 0 16 D
13 22 8 13 R
13 23 19 6 L
14 0 0 22 U
14 1 12 12 R
14 2 6 2 L
14 3 16 16 D
14 4 0 21 U
14 5 15 18 D
14 6 15 13 R
14 7 3 21 U
14 8 10 15 D
14 9 8 9 R
14 10 24 10 R
14 11 9 11 R
14 12 0 5 L
14 13 22 19 U
14 14 0 0 L
14 15 10 4 L
14 16 26 19 U
14 17 13 17 D
14 18 16 18 D
14 19 3 9 R
14 20 7 6 L
14 21 0 7 R
14 22 22 4 L
14 23 10 23 U
15 0 0 8 R
15 1 21 1 L
15 2 10 13 R
15 3 18 21 U
15 4 9 4 L
15 5 12 9 R
15 6 17 11 R
15 7 0 21 U
15 8 0 16 D
15 9 2 9 R
15 10 1 10 R
15 11 2 11 R
15 12 10 17 D
15 13 10 15 D
15 14 25 10 R
15 15 24 2 L
15 16 5 7 R
15 17 8 3 L
15 18 2 6 L
15 19 18 0 L
15 20 4 7 R
15 21 3 10 R
15 22 20 22 U
15 23 2 10 R
16 0 17 0 L
16 1 7 23 U
16 2 7 22 U
16 3 2 16 D
16 4 3 17 D
16 5 1 5 L
16 6 6 6 L
16 7 23 15 D
16 8 6 8 R
16 9 13 23 U
16 10 8 10 R
16 11 4 11 R
16 12 5 12 R
16 13 19 16 D
16 14 7 14 D
16 15 17 11 R
16 16 8 1 L
16 17 12 3 L
16 18 14 18 D
16 19 0 2 L
16 20 14 12 R
16 21 5 12 R
16 22 19 1 L
16 23 8 1 L
17 0 3 20 U
17 1 13 14 D
17 2 10 23 U
17 3 13 22 U
17 4 21 7 R
17 5 25 5 L
17 6 15 6 L
17 7 11 7 R
17 8 24 20 U
17 9 6 2 L
17 10 8 10 R
17 11 9 11 R
17 12 9 20 U
17 13 4 13 R
17 14 3 1 L
17 15 5 8 R
17 16 14 16 D
17 17 10 17 D
17 18 4 18 D
17 19 11 7 R
17 20 9 7 R
17 21 13 11 R
17 22 4 9 R
17 23 1 23 U
18 0 23 14 D
18 1 24 1 L
18 2 7 19 U
18 3 4 7 R
18 4 13 23 U
18 5 4 21 U
18 6 16 18 D
18 7 0 23 U
18 8 8 23 U
18 9 9 15 D
18 10 2 21 U
18 11 21 17 D
18 12 8 1 L
18 13 4 17 D
18 14 4 2 L
18 15 0 2 L
18 16 24 0 L
18 17 4 17 D
18 18 8 18 D
18 19 0 7 R
18 20 21 1 L
18 21 8 21 U
18 22 0 11 R
18 23 9 0 L
19 0 1 22 U
19 1 16 19 U
19 2 2 7 R
19 3 9 15 D
19 4 6 18 D
19 6 4 6 L
19 7 0 0 L
19 8 7 2 L
19 9 12 16 D
19 11 9 22 U
19 12 8 16 D
19 13 1 13 R
19 14 23 5 L
19 15 1 15 D
19 16 24 2 L
19 17 8 2 L
19 18 11 4 L
19 19 2 8 R
19 20 24 8 R
19 21 16 0 L
19 22 1 3 L
19 23 16 3 L
20 0 2 22 U
20 2 18 9 R
20 3 14 3 L
20 4 14 13 R
20 6 2 6 L
20 7 12 4 L
20 8 2 14 D
20 9 4 9 R
20 10 12 22 U
20 11 4 4 L
20 13 2 13 R
20 14 15 14 D
20 15 0 10 R
20 16 16 16 D
20 17 5 7 R
20 18 12 13 R
20 19 10 5 L
20 20 13 15 D
20 21 2 7 R
20 22 1 22 U
20 23 9 11 R
21 0 5 17 D
21 2 10 15 D
21 3 0 9 R
21 7 13 20 U
21 8 6 14 D
21 9 0 22 U
21 10 12 20 U
21 11 0 15 D
21 13 17 13 R
21 14 16 1 L
21 15 1 0 L
21 16 14 4 L
21 17 7 12 R
21 18 23 0 L
21 19 10 2 L
21 20 13 10 R
21 21 14 5 L
21 22 10 4 L
21 23 23 1 L
22 0 15 22 U
22 1 24 18 D
22 2 4 2 L
22 3 15 14 D
22 7 13 7 R
22 9 8 2 L
22 10 19 10 R
22 11 19 19 U
22 13 16 13 R
22 14 7 8 R
22 15 23 3 L
22 16 2 2 L
22 17 7 6 L
22 18 0 5 L
22 19 7 14 D
22 21 11 7 R
22 22 16 0 L
23 0 1 7 R
23 1 9 1 L
23 2 19 16 D
23 3 1 3 L
23 4 21 4 L
23 5 9 16 D
23 7 14 18 D
23 8 6 8 R
23 9 18 19 U
23 10 19 19 U
23 11 9 14 D
23 12 7 23 U
23 13 22 22 U
23 14 5 3 L
23 15 14 19 U
23 16 0 7 R
23 17 17 1 L
23 18 12 0 L
23 19 16 7 R
23 21 18 6 L
23 23 1 9 R
24 0 15 21 U
24 1 13 10 R
24 3 22 21 U
24 6 12 6 L
24 7 5 21 U
24 8 22 21 U
24 9 11 9 R
24 11 17 3 L
24 12 16 12 R
24 14 4 7 R
24 15 27 0 L
24 16 19 8 R
24 18 15 18 D
24 19 18 7 R
24 21 19 21 U
25 3 6 16 D
25 7 21 18 D
25 9 2 9 R
25 11 9 19 U
25 14 15 13 R
25 18 2 11 R
25 19 22 18 D
25 21 11 8 R
26 0 25 16 D
26 3 1 3 L
26 9 2 9 R
26 11 6 11 R
26 14 8 9 R
26 21 13 8 R
27 9 2 2 L
27 11 16 11 R
27 14 2 9 R

