33 43 1177
9 23 4 9 26 26 0 0 7 0 27 14 0 27 0
0 28 0 17 0 18 23 0 0 0 18 29 25 0 3
0 21 30 17 14 0 0 4 23 0 23 0 9 0 0
0 0 0 22 0 21 0 29 0 0 21 30 20 0 0
0 0 0 0 28 2 0 27 0 0 0 1 0 28 15
0 0 0 0 24 19 15 13 1 0 0 0 0 27 16
0 0 0 0 0 31 0 8 17 0 0 0 19 10 18
0 0 0 0 0 17 7 0 29 32 31 30 29 26 21
0 0 0 0 0 20 0 18 0 0 0 0 25 1 26
0 0 0 0 0 1 0 28 0 0 25 26 0 0 18
19 28 0 0 0 13 22 29 20 2 0 0 0 0 18
0 0 15 4 17 27 0 1 0 4 0 8 3 0 15
13 0 3 0 13 0 0 0 10 0 0 0 0 19 8
0 0 0 0 10 0 14 0 19 18 0 27 0 10 4
28 9 1 18 17 24 12 23 0 11 26 0 20 0 11
0 0 0 0 L
0 1 0 1 L
0 2 0 2 L
0 3 0 3 L
0 4 0 4 L
0 5 0 5 L
0 6 0 6 L
0 7 0 7 L
0 8 0 8 L
0 9 0 9 L
0 10 0 10 R
0 11 0 11 R
0 12 0 12 R
0 13 0 13 R
0 14 0 14 R
0 15 0 15 R
0 16 0 16 R
0 17 0 17 R
0 18 0 18 R
0 19 0 19 R
0 20 0 20 R
0 21 0 21 R
0 22 0 22 D
0 23 0 23 D
0 24 0 24 D
0 25 0 25 D
0 26 0 26 D
0 27 0 27 D
0 28 0 28 D
0 29 0 29 D
0 30 0 30 D
0 31 0 31 D
0 32 0 32 U
0 33 0 33 U
0 34 0 34 U
0 35 0 35 U
0 36 0 36 U
0 37 0 37 U
0 38 0 38 U
0 39 0 39 U
0 40 0 40 U
0 41 0 41 U
0 42 0 42 U
1 0 3 0 L
1 1 6 41 U
1 2 8 34 U
1 3 7 35 U
1 4 24 4 L
1 5 12 38 U
1 6 20 6 L
1 7 7 7 L
1 8 4 41 U
1 9 23 9 L
1 10 16 27 D
1 11 10 31 D
1 12 10 40 U
1 13 25 23 D
1 14 14 14 R
1 15 15 40 U
1 16 14 40 U
1 17 8 17 R
1 18 11 23 D
1 19 13 19 R
1 20 27 23 D
1 21 6 21 R
1 22 17 22 D
1 23 15 0 L
1 24 13 17 R
1 25 2 25 D
1 26 18 3 L
1 27 3 7 L
1 28 19 11 R
1 29 30 11 R
1 30 10 19 R
1 31 18 10 R
1 32 0 0 L
1 33 23 13 R
1 34 6 1 L
1 35 0 28 D
1 36 13 10 R
1 37 4 37 U
1 38 8 4 L
1 39 5 39 U
1 40 27 8 L
1 41 0 27 D
1 42 0 8 L
2 0 11 0 L
2 1 7 33 U
2 2 23 37 U
2 3 19 42 U
2 4 8 38 U
2 5 19 31 D
2 6 7 6 L
2 7 5 25 D
2 8 20 28 D
2 9 16 40 U
2 10 18 23 D
2 11 26 33 U
2 12 19 32 U
2 13 19 32 U
2 14 16 34 U
2 15 10 15 R
2 16 10 25 D
2 17 14 17 R
2 18 8 42 U
2 19 6 19 R
2 20 25 26 D
2 21 1 23 D
2 22 9 11 R
2 23 19 5 L
2 24 17 16 R
2 25 0 2 L
2 26 0 15 R
2 27 9 13 R
2 28 4 5 L
2 29 4 29 D
2 30 1 30 D
2 31 0 19 R
2 32 6 32 U
2 33 4 1 L
2 34 5 6 L
2 35 8 12 R
2 36 15 5 L
2 37 3 37 U
2 38 24 12 R
2 39 0 4 L
2 40 1 14 R
2 41 6 41 U
2 42 24 42 U
3 0 4 38 U
3 1 11 25 D
3 2 26 24 D
3 3 9 28 D
3 4 1 42 U
3 5 2 35 U
3 6 2 6 L
3 7 9 7 L
3 8 2 39 U
3 9 23 41 U
3 10 4 32 U
3 11 5 22 D
3 12 8 34 U
3 13 18 38 U
3 14 24 28 D
3 15 1 23 D
3 16 4 28 D
3 17 16 23 D
3 18 7 5 L
3 19 17 23 D
3 20 4 36 U
3 21 11 36 U
3 22 1 4 L
3 23 22 42 U
3 24 16 24 D
3 25 10 6 L
3 26 14 26 D
3 27 6 27 D
3 28 12 19 R
3 29 16 19 R
3 30 23 14 R
3 31 20 21 R
3 32 11 9 L
3 33 0 1 L
3 34 2 34 U
3 35 9 10 R
3 36 12 36 U
3 37 25 3 L
3 38 2 38 U
3 39 18 15 R
3 40 9 40 U
3 41 4 41 U
3 42 2 18 R
4 0 3 22 D
4 1 28 24 D
4 2 10 2 L
4 3 0 31 D
4 4 5 26 D
4 5 1 5 L
4 6 3 30 D
4 7 0 23 D
4 8 3 29 D
4 9 3 30 D
4 10 14 40 U
4 11 15 22 D
4 12 25 26 D
4 13 0 1 L
4 14 1 25 D
4 15 1 38 U
4 16 1 22 D
4 17 8 17 R
4 18 9 39 U
4 19 7 38 U
4 20 16 36 U
4 21 20 21 R
4 22 5 9 L
4 23 11 23 D
4 24 7 0 L
4 25 20 25 D
4 26 1 14 R
4 27 0 5 L
4 28 3 28 D
4 29 2 29 D
4 30 5 30 D
4 31 2 14 R
4 32 6 10 R
4 33 27 6 L
4 34 25 1 L
4 35 17 5 L
4 36 19 14 R
4 37 7 37 U
4 38 16 2 L
4 39 16 18 R
4 40 5 8 L
4 41 3 41 U
4 42 1 42 U
5 0 12 36 U
5 1 18 25 D
5 2 7 39 U
5 3 21 33 U
5 4 1 36 U
5 5 0 30 D
5 6 1 6 L
5 7 14 26 D
5 8 8 8 L
5 9 8 28 D
5 10 20 41 U
5 11 20 29 D
5 12 4 33 U
5 13 10 24 D
5 14 11 33 U
5 15 17 6 L
5 16 0 29 D
5 17 12 25 D
5 18 16 25 D
5 19 0 42 U
5 20 3 41 U
5 21 10 21 R
5 22 16 1 L
5 23 26 9 L
5 24 0 12 R
5 25 2 25 D
5 26 8 13 R
5 27 0 3 L
5 28 17 17 R
5 29 4 4 L
5 30 1 30 D
5 31 22 31 D
5 32 14 10 R
5 33 12 0 L
5 34 7 14 R
5 35 26 10 R
5 36 9 36 U
5 37 12 14 R
5 38 11 29 D
5 39 3 16 R
5 40 19 11 R
5 41 0 25 D
5 42 2 42 U
6 0 24 37 U
6 1 17 1 L
6 2 1 2 L
6 3 1 37 U
6 4 2 4 L
6 5 3 29 D
6 6 2 6 L
6 7 8 7 L
6 8 1 30 D
6 9 28 30 D
6 10 11 41 U
6 11 22 11 R
6 12 8 31 D
6 13 10 2 L
6 14 14 14 R
6 15 18 2 L
6 16 5 16 R
6 17 2 36 U
6 18 25 41 U
6 19 8 19 R
6 20 15 20 R
6 21 2 21 R
6 22 0 33 U
6 23 15 11 R
6 24 21 13 R
6 25 30 12 R
6 26 20 11 R
6 27 24 27 D
6 28 10 7 L
6 29 16 18 R
6 30 2 9 L
6 31 2 31 D
6 32 0 7 L
6 33 25 3 L
6 34 20 0 L
6 35 14 7 L
6 36 15 7 L
6 37 13 3 L
6 38 18 5 L
6 39 22 5 L
6 40 1 40 U
6 41 1 41 U
6 42 7 30 D
7 0 13 35 U
7 1 15 34 U
7 2 0 34 U
7 3 1 13 R
7 4 1 4 L
7 5 10 39 U
7 6 22 6 L
7 7 0 14 R
7 8 18 33 U
7 9 8 9 L
7 10 0 0 L
7 11 0 2 L
7 12 26 37 U
7 13 15 34 U
7 14 9 38 U
7 15 25 15 R
7 16 3 34 U
7 17 6 17 R
7 18 25 3 L
7 19 1 19 R
7 20 15 5 L
7 22 22 10 R
7 23 1 11 R
7 24 3 18 R
7 25 9 13 R
7 26 1 26 D
7 27 2 12 R
7 28 9 4 L
7 29 1 11 R
7 30 15 30 D
7 31 24 5 L
7 32 4 2 L
7 33 0 24 D
7 34 5 13 R
7 35 8 11 R
7 36 4 2 L
7 37 3 20 R
7 38 15 3 L
7 39 9 13 R
7 40 14 28 D
7 41 8 41 U
7 42 5 17 R
8 0 2 24 D
8 1 12 1 L
8 2 7 26 D
8 3 10 34 U
8 4 17 4 L
8 5 12 40 U
8 6 1 6 L
8 7 10 42 U
8 8 12 8 L
8 9 13 9 L
8 10 26 0 L
8 11 1 38 U
8 12 20 30 D
8 13 27 25 D
8 14 24 26 D
8 15 25 15 R
8 16 7 5 L
8 17 0 25 D
8 18 1 29 D
8 19 20 19 R
8 20 16 0 L
8 21 11 21 R
8 22 3 19 R
8 23 1 2 L
8 24 25 18 R
8 25 19 34 U
8 26 9 14 R
8 27 9 5 L
8 28 0 40 U
8 29 22 16 R
8 30 19 5 L
8 31 22 20 R
8 32 0 19 R
8 33 1 33 U
8 34 25 7 L
8 35 3 35 U
8 36 11 20 R
8 37 6 26 D
8 38 9 38 U
8 39 7 39 U
8 40 13 16 R
8 41 2 12 R
8 42 11 42 U
9 0 0 22 D
9 1 0 32 U
9 2 1 34 U
9 3 5 26 D
9 4 5 30 D
9 5 3 26 D
9 6 3 22 D
9 7 14 39 U
9 8 5 23 D
9 9 15 24 D
9 10 6 34 U
9 11 25 32 U
9 12 7 38 U
9 13 15 36 U
9 14 5 35 U
9 15 5 39 U
9 16 10 38 U
9 17 27 39 U
9 18 22 42 U
9 19 5 34 U
9 20 19 35 U
9 22 18 10 R
9 23 11 6 L
9 24 18 24 D
9 25 14 33 U
9 26 3 1 L
9 27 0 4 L
9 28 8 28 D
9 29 14 14 R
9 30 19 30 D
9 31 1 31 D
9 32 11 23 D
9 33 0 11 R
9 34 2 13 R
9 35 18 13 R
9 36 14 12 R
9 37 28 16 R
9 38 12 14 R
9 39 2 15 R
9 40 0 27 D
9 41 14 17 R
9 42 8 8 L
10 0 2 35 U
10 1 14 32 U
10 2 26 13 R
10 3 7 23 D
10 4 17 4 L
10 5 20 27 D
10 6 6 6 L
10 7 13 7 L
10 8 1 8 L
10 9 2 9 L
10 10 0 5 L
10 11 9 11 R
10 12 9 12 R
10 13 22 13 R
10 14 16 22 D
10 15 8 15 R
10 16 20 16 R
10 17 27 35 U
10 18 6 18 R
10 19 3 31 D
10 20 2 20 R
10 22 7 16 R
10 23 16 1 L
10 24 7 10 R
10 25 28 3 L
10 26 27 26 D
10 27 24 17 R
10 28 15 3 L
10 29 29 29 D
10 30 25 30 D
10 31 4 31 D
10 32 1 10 R
10 33 19 9 L
10 34 9 3 L
10 35 3 35 U
10 36 5 19 R
10 37 0 20 R
10 38 1 38 U
10 39 27 17 R
10 40 1 0 L
10 41 18 4 L
10 42 3 6 L
11 0 19 37 U
11 1 15 36 U
11 2 18 41 U
11 3 3 37 U
11 4 30 35 U
11 5 3 28 D
11 6 5 39 U
11 7 16 30 D
11 8 3 34 U
11 9 9 23 D
11 10 7 35 U
11 11 12 23 D
11 12 25 24 D
11 13 15 38 U
11 14 6 37 U
11 15 0 41 U
11 16 27 26 D
11 17 9 29 D
11 18 28 9 L
11 19 3 19 R
11 20 21 36 U
11 22 0 11 R
11 23 16 23 D
11 24 5 24 D
11 25 7 15 R
11 26 19 35 U
11 27 14 3 L
11 28 1 5 L
11 29 19 10 R
11 30 1 5 L
11 31 19 31 D
11 32 9 14 R
11 33 4 25 D
11 34 4 10 R
11 35 17 20 R
11 36 10 22 D
11 37 10 9 L
11 38 1 0 L
11 39 0 26 D
11 40 21 27 D
11 41 6 5 L
11 42 5 42 U
12 0 0 10 R
12 1 19 23 D
12 2 0 11 R
12 3 14 26 D
12 4 13 30 D
12 5 13 5 L
12 6 9 29 D
12 7 3 29 D
12 8 4 30 D
12 9 8 9 L
12 10 0 33 U
12 11 19 32 U
12 12 28 23 D
12 13 0 24 D
12 14 1 36 U
12 15 8 15 R
12 16 1 16 R
12 17 25 24 D
12 18 9 22 D
12 20 1 20 R
12 22 6 0 L
12 23 2 2 L
12 24 14 0 L
12 25 2 0 L
12 26 1 13 R
12 27 3 4 L
12 28 15 28 D
12 29 1 4 L
12 30 14 4 L
12 31 11 15 R
12 32 23 22 D
12 33 16 6 L
12 34 0 10 R
12 35 3 8 L
12 36 4 8 L
12 37 1 16 R
12 38 11 7 L
12 39 5 39 U
12 40 29 14 R
12 41 11 31 D
12 42 28 4 L
13 0 5 28 D
13 1 6 23 D
13 2 6 34 U
13 3 24 3 L
13 4 6 32 U
13 5 17 29 D
13 6 9 23 D
13 7 1 7 L
13 8 16 29 D
13 9 21 9 L
13 10 11 33 U
13 11 5 37 U
13 12 26 26 D
13 13 16 27 D
13 14 12 37 U
13 15 0 39 U
13 16 29 16 R
13 17 3 30 D
13 18 20 18 R
13 19 1 27 D
13 20 21 23 D
13 22 2 1 L
13 23 19 10 R
13 24 17 15 R
13 25 9 7 L
13 26 20 19 R
13 27 2 16 R
13 28 16 18 R
13 29 10 16 R
13 30 0 16 R
13 31 16 31 D
13 32 7 10 R
13 33 1 4 L
13 34 28 2 L
13 35 26 2 L
13 36 0 13 R
13 37 3 12 R
13 38 15 19 R
13 39 3 15 R
13 40 4 17 R
13 41 8 12 R
13 42 1 19 R
14 0 3 23 D
14 1 4 10 R
14 2 0 25 D
14 3 19 39 U
14 4 8 41 U
14 5 17 5 L
14 6 4 34 U
14 7 24 33 U
14 8 24 25 D
14 9 29 33 U
14 10 1 35 U
14 11 15 34 U
14 12 13 38 U
14 13 12 24 D
14 14 28 14 R
14 15 7 15 R
14 16 7 16 R
14 17 8 39 U
14 18 7 18 R
14 19 11 25 D
14 20 30 20 R
14 21 26 23 D
14 22 3 32 U
14 23 21 19 R
14 24 12 32 U
14 25 23 17 R
14 26 18 34 U
14 27 1 7 L
14 28 10 14 R
14 29 10 5 L
14 30 17 20 R
14 31 13 3 L
14 32 4 32 U
14 33 18 11 R
14 34 16 11 R
14 35 20 9 L
14 36 1 11 R
14 37 8 28 D
14 38 18 38 U
14 39 16 12 R
14 40 12 40 U
14 41 3 14 R
14 42 19 18 R
15 0 28 28 D
15 1 5 32 U
15 2 0 29 D
15 3 8 36 U
15 4 0 38 U
15 5 9 35 U
15 6 20 36 U
15 7 13 41 U
15 8 3 38 U
15 9 16 22 D
15 10 3 22 D
15 11 2 24 D
15 13 23 13 R
15 14 0 3 L
15 15 3 6 L
15 16 13 37 U
15 17 17 23 D
15 18 13 28 D
15 19 6 28 D
15 20 29 20 R
15 22 0 1 L
15 23 13 35 U
15 24 19 8 L
15 25 27 2 L
15 26 9 2 L
15 27 20 15 R
15 28 17 28 D
15 29 17 3 L
15 30 14 30 D
15 31 1 31 D
15 32 10 0 L
15 33 22 33 U
15 34 21 34 U
15 35 19 0 L
15 36 26 8 L
15 37 22 25 D
15 38 17 38 U
15 39 3 39 U
15 40 25 7 L
15 41 3 16 R
15 42 12 31 D
16 0 10 22 D
16 1 1 32 U
16 2 8 2 L
16 3 21 28 D
16 4 23 19 R
16 5 6 24 D
16 6 14 24 D
16 7 14 7 L
16 8 21 42 U
16 9 18 27 D
16 10 12 36 U
16 11 0 22 D
16 12 5 2 L
16 13 15 26 D
16 14 27 22 D
16 15 1 27 D
16 16 0 27 D
16 17 10 17 R
16 18 7 18 R
16 20 13 22 D
16 22 19 17 R
16 23 14 19 R
16 24 9 6 L
16 25 5 32 U
16 26 13 16 R
16 27 10 39 U
16 28 14 15 R
16 29 0 0 L
16 30 8 1 L
16 31 5 31 D
16 32 15 0 L
16 33 15 0 L
16 34 27 0 L
16 35 11 35 U
16 36 9 10 R
16 37 8 12 R
16 38 14 4 L
16 39 1 14 R
16 40 24 40 U
16 41 17 15 R
16 42 27 29 D
17 0 5 33 U
17 1 4 31 D
17 2 14 24 D
17 3 11 12 R
17 4 20 29 D
17 5 19 37 U
17 6 10 33 U
17 7 5 7 L
17 8 18 27 D
17 9 14 9 L
17 10 3 32 U
17 11 16 36 U
17 12 22 38 U
17 13 6 37 U
17 14 14 28 D
17 15 11 37 U
17 16 13 16 R
17 17 8 17 R
17 18 19 40 U
17 20 10 20 R
17 22 24 8 L
17 23 5 0 L
17 24 3 17 R
17 25 15 7 L
17 26 0 38 U
17 27 8 16 R
17 28 10 35 U
17 29 0 14 R
17 30 14 20 R
17 31 18 19 R
17 32 25 0 L
17 33 20 3 L
17 34 1 13 R
17 35 13 6 L
17 36 20 9 L
17 37 18 37 U
17 38 10 10 R
17 39 13 3 L
17 40 22 21 R
17 41 26 7 L
17 42 9 16 R
18 0 4 25 D
18 1 29 33 U
18 2 8 22 D
18 3 16 25 D
18 4 8 33 U
18 5 3 22 D
18 6 2 38 U
18 7 5 23 D
18 8 13 8 L
18 10 8 30 D
18 11 7 11 R
18 12 17 36 U
18 13 6 26 D
18 14 21 30 D
18 15 16 39 U
18 16 5 35 U
18 17 8 42 U
18 18 16 31 D
18 19 21 38 U
18 20 23 40 U
18 22 19 12 R
18 23 16 23 D
18 24 8 0 L
18 25 3 2 L
18 26 14 26 D
18 27 19 13 R
18 28 13 18 R
18 29 13 14 R
18 30 3 18 R
18 31 2 31 D
18 32 3 11 R
18 33 10 12 R
18 34 5 34 U
18 35 15 35 U
18 36 9 36 U
18 37 2 37 U
18 38 1 16 R
18 39 11 39 U
18 40 12 26 D
18 41 2 41 U
18 42 10 42 U
19 0 1 39 U
19 1 7 34 U
19 2 1 39 U
19 3 7 10 R
19 4 17 29 D
19 5 26 42 U
19 6 21 42 U
19 7 30 31 D
19 8 9 16 R
19 9 25 41 U
19 10 11 10 R
19 11 16 22 D
19 12 15 40 U
19 13 17 36 U
19 14 16 39 U
19 15 16 8 L
19 16 16 6 L
19 17 21 34 U
19 18 18 18 R
19 20 24 20 R
19 22 9 10 R
19 23 0 35 U
19 24 22 9 L
19 25 0 32 U
19 26 21 12 R
19 27 7 19 R
19 28 9 2 L
19 29 27 32 U
19 30 18 1 L
19 31 15 12 R
19 32 0 12 R
19 33 5 33 U
19 34 2 9 L
19 35 5 24 D
19 36 20 13 R
19 37 8 37 U
19 38 13 9 L
19 39 9 4 L
19 40 6 40 U
19 41 11 41 U
19 42 12 20 R
20 0 21 36 U
20 1 21 29 D
20 2 9 33 U
20 3 10 40 U
20 4 0 35 U
20 5 0 17 R
20 6 10 6 L
20 7 14 40 U
20 9 10 34 U
20 10 19 10 R
20 11 17 22 D
20 13 12 40 U
20 14 13 27 D
20 15 14 30 D
20 16 6 26 D
20 17 10 17 R
20 18 1 18 R
20 19 26 30 D
20 20 16 20 R
20 22 22 6 L
20 23 17 15 R
20 24 17 34 U
20 25 17 36 U
20 27 23 20 R
20 28 14 28 D
20 29 17 29 D
20 30 1 3 L
20 31 15 15 R
20 33 17 5 L
20 34 19 5 L
20 35 11 35 U
20 36 21 18 R
20 37 15 28 D
20 38 5 38 U
20 39 4 19 R
20 40 3 5 L
20 41 9 18 R
20 42 19 14 R
21 0 13 27 D
21 1 18 24 D
21 2 7 33 U
21 3 20 31 D
21 4 23 40 U
21 5 3 23 D
21 6 6 6 L
21 7 11 36 U
21 8 1 31 D
21 9 18 42 U
21 10 15 7 L
21 11 14 22 D
21 12 23 12 R
21 13 0 22 D
21 14 7 38 U
21 15 5 33 U
21 16 5 16 R
21 17 1 17 R
21 18 13 18 R
21 22 1 35 U
21 23 2 23 D
21 24 22 13 R
21 25 22 8 L
21 27 29 7 L
21 28 6 11 R
21 29 2 18 R
21 30 6 15 R
21 31 5 17 R
21 33 14 27 D
21 34 25 19 R
21 35 17 16 R
21 36 12 29 D
21 37 15 37 U
21 38 24 5 L
21 39 8 13 R
21 40 10 40 U
21 41 2 41 U
21 42 8 17 R
22 0 6 32 U
22 1 13 38 U
22 2 7 2 L
22 3 13 40 U
22 4 7 39 U
22 5 5 5 L
22 6 23 25 D
22 8 28 35 U
22 9 4 31 D
22 10 17 33 U
22 11 0 26 D
22 12 27 35 U
22 13 27 35 U
22 14 1 14 R
22 15 17 33 U
22 16 19 39 U
22 17 23 17 R
22 18 6 18 R
22 22 20 6 L
22 23 23 12 R
22 24 2 11 R
22 25 11 13 R
22 27 7 17 R
22 28 11 4 L
22 29 0 42 U
22 30 25 15 R
22 31 23 14 R
22 32 8 32 U
22 33 19 23 D
22 34 7 10 R
22 35 2 1 L
22 36 7 36 U
22 37 21 2 L
22 38 12 20 R
22 39 26 14 R
22 41 6 0 L
22 42 4 42 U
23 0 18 41 U
23 2 25 42 U
23 3 4 42 U
23 4 22 27 D
23 5 1 5 L
23 6 13 31 D
23 8 14 8 L
23 10 25 31 D
23 11 15 24 D
23 12 7 1 L
23 13 13 13 R
23 14 0 4 L
23 15 8 15 R
23 16 1 16 R
23 17 8 17 R
23 18 0 39 U
23 19 25 31 D
23 20 14 20 R
23 22 3 20 R
23 23 3 14 R
23 24 10 24 D
23 25 1 17 R
23 26 19 15 R
23 27 13 13 R
23 28 22 14 R
23 30 21 18 R
23 31 7 18 R
23 33 5 15 R
23 34 2 20 R
23 35 9 35 U
23 36 25 3 L
23 37 31 17 R
23 38 5 12 R
23 39 2 10 R
23 40 4 40 U
23 41 1 15 R
23 42 2 14 R
24 0 19 26 D
24 2 9 36 U
24 4 13 22 D
24 5 28 25 D
24 7 21 29 D
24 9 23 23 D
24 10 15 22 D
24 12 2 26 D
24 13 16 13 R
24 14 11 41 U
24 15 8 15 R
24 16 5 33 U
24 17 16 17 R
24 18 17 18 R
24 20 8 20 R
24 22 23 14 R
24 23 17 5 L
24 24 18 20 R
24 26 0 34 U
24 27 17 10 R
24 28 6 8 L
24 29 11 13 R
24 30 15 17 R
24 31 17 9 L
24 33 22 29 D
24 34 12 28 D
24 35 25 3 L
24 36 21 11 R
24 38 3 14 R
24 39 4 39 U
24 40 20 15 R
24 41 1 41 U
24 42 1 20 R
25 0 11 34 U
25 2 18 2 L
25 4 8 42 U
25 6 7 34 U
25 8 17 37 U
25 9 2 16 R
25 10 6 1 L
25 11 16 24 D
25 12 3 24 D
25 13 8 31 D
25 14 10 22 D
25 15 8 30 D
25 16 9 29 D
25 17 8 17 R
25 18 21 23 D
25 19 10 19 R
25 20 4 37 U
25 22 5 15 R
25 23 2 4 L
25 24 11 12 R
25 25 24 21 R
25 26 13 4 L
25 27 28 2 L
25 28 28 37 U
25 29 6 8 L
25 30 17 2 L
25 31 15 31 D
25 32 28 5 L
25 33 27 7 L
25 34 1 3 L
25 35 9 3 L
25 36 0 3 L
25 38 15 6 L
25 39 0 9 L
25 40 20 3 L
25 41 12 19 R
25 42 22 42 U
26 0 2 42 U
26 2 29 25 D
26 3 23 30 D
26 4 0 39 U
26 5 9 28 D
26 10 24 34 U
26 11 5 27 D
26 13 8 2 L
26 15 5 25 D
26 16 9 33 U
26 17 1 17 R
26 18 7 27 D
26 19 10 24 D
26 20 14 33 U
26 22 20 40 U
26 23 28 1 L
26 24 2 24 D
26 28 4 28 D
26 29 13 15 R
26 30 17 16 R
26 31 4 6 L
26 34 12 8 L
26 35 0 16 R
26 36 16 4 L
26 38 23 31 D
26 39 24 30 D
26 40 20 4 L
26 41 10 17 R
26 42 12 9 L
27 0 20 28 D
27 4 18 36 U
27 6 3 6 L
27 9 9 9 L
27 10 26 34 U
27 11 25 35 U
27 12 20 36 U
27 13 20 13 R
27 14 20 22 D
27 15 25 27 D
27 16 15 27 D
27 17 25 25 D
27 18 24 29 D
27 21 22 25 D
27 23 20 3 L
27 24 18 1 L
27 26 26 8 L
27 28 22 9 L
27 30 19 8 L
27 31 3 1 L
27 33 3 1 L
27 34 15 1 L
27 36 3 2 L
27 38 2 12 R
27 39 2 39 U
27 41 8 21 R
28 0 18 22 D
28 3 4 26 D
28 4 11 28 D
28 6 13 26 D
28 9 17 9 L
28 10 27 35 U
28 12 12 25 D
28 13 9 38 U
28 14 14 14 R
28 15 14 15 R
28 17 11 29 D
28 22 12 11 R
28 23 18 18 R
28 24 14 7 L
28 28 4 28 D
28 30 19 34 U
28 31 4 11 R
28 32 5 11 R
28 34 24 34 U
28 35 0 23 D
28 36 5 5 L
28 37 15 11 R
28 38 2 38 U
28 39 25 39 U
28 42 2 17 R
29 0 26 39 U
29 2 18 11 R
29 3 10 35 U
29 4 3 28 D
29 6 31 22 D
29 7 10 7 L
29 8 1 15 R
29 9 8 9 L
29 10 22 29 D
29 15 3 40 U
29 17 2 27 D
29 19 15 19 R
29 22 15 10 R
29 23 21 12 R
29 24 20 13 R
29 32 5 32 U
29 34 16 12 R
29 36 2 36 U
29 38 3 30 D
29 42 13 17 R
30 0 29 32 U
30 4 17 32 U
30 6 7 36 U
30 7 8 7 L
30 15 5 15 R
30 17 5 17 R
30 34 23 1 L
30 38 2 38 U
30 41 2 5 L
31 5 29 30 D
31 6 6 33 U
31 7 16 26 D
31 17 5 17 R
32 17 26 17 R

