21 17 322
9 8 0 6 15 0 0 2 16 14 19 20 4
0 6 7 0 3 10 0 0 14 8 11 9 5
13 0 0 13 15 15 0 0 9 8 0 0 17
12 0 19 0 0 7 15 0 2 0 0 0 0
0 5 0 0 0 0 0 18 18 15 0 0 7
0 0 0 0 6 0 0 19 0 0 0 0 0
0 13 0 13 0 0 1 0 8 13 0 17 0
5 20 2 0 8 0 17 15 0 0 0 16 4
9 0 0 8 0 1 17 0 2 0 14 12 7
0 17 18 2 11 0 0 12 0 0 20 17 12
16 17 1 5 4 1 0 6 18 0 0 0 11
15 0 8 0 0 20 0 17 0 2 0 16 0
11 0 17 0 0 15 11 12 10 0 16 14 8
0 0 0 0 R
0 1 0 1 R
0 2 0 2 R
0 3 0 3 R
0 4 0 4 U
0 5 0 5 U
0 6 0 6 U
0 7 0 7 U
0 8 0 8 D
0 9 0 9 D
0 10 0 10 D
0 11 0 11 D
0 12 0 12 D
0 13 0 13 L
0 14 0 14 L
0 15 0 15 L
0 16 0 16 L
1 0 12 9 D
1 1 0 4 U
1 2 8 2 R
1 3 18 4 U
1 4 11 13 L
1 5 10 1 R
1 6 15 6 U
1 7 4 8 D
1 8 0 13 L
1 9 3 9 D
1 10 0 1 R
1 11 5 11 D
1 12 16 14 L
1 13 0 4 U
1 14 3 5 U
1 15 0 1 R
1 16 3 16 L
2 0 0 4 U
2 1 8 1 R
2 2 12 2 R
2 3 8 14 L
2 4 12 2 R
2 5 6 5 U
2 6 13 13 L
2 7 11 15 L
2 8 8 2 R
2 9 0 2 R
2 10 4 0 R
2 11 1 11 D
2 12 9 12 D
2 13 7 9 D
2 14 3 14 L
2 15 10 15 L
2 16 4 16 L
3 0 2 0 R
3 1 16 9 D
3 2 0 16 L
3 3 11 6 U
3 4 0 0 R
3 5 0 1 R
3 6 4 10 D
3 7 4 7 U
3 8 4 0 R
3 9 4 14 L
3 10 5 10 D
3 11 14 0 R
3 12 1 3 R
3 13 5 8 D
3 14 8 14 L
3 15 9 12 D
3 16 0 4 U
4 0 18 0 R
4 1 2 11 D
4 2 1 16 L
4 3 1 5 U
4 4 13 0 R
4 5 0 14 L
4 6 13 14 L
4 7 2 7 U
4 8 10 8 D
4 9 14 13 L
4 10 3 10 D
4 11 7 2 R
4 12 12 2 R
4 13 0 9 D
4 14 0 12 D
4 15 5 7 U
4 16 16 5 U
5 0 18 10 D
5 1 10 9 D
5 2 0 15 L
5 3 8 3 R
5 4 11 4 U
5 5 0 15 L
5 6 2 1 R
5 7 4 7 U
5 8 7 0 R
5 9 17 9 D
5 10 2 3 R
5 11 15 5 U
5 12 6 12 D
5 13 7 5 U
5 14 2 9 D
5 15 10 15 L
5 16 4 16 L
6 0 2 0 R
6 1 0 9 D
6 2 2 2 R
6 3 0 7 U
6 4 0 8 D
6 5 7 16 L
6 6 2 6 U
6 7 2 7 U
6 8 4 1 R
6 9 14 16 L
6 10 2 10 D
6 11 3 1 R
6 12 5 12 D
6 13 16 11 D
6 14 10 3 R
6 15 3 6 U
6 16 3 10 D
7 0 12 4 U
7 1 1 10 D
7 2 9 7 U
7 3 16 3 R
7 4 0 2 R
7 5 10 8 D
7 6 6 2 R
7 7 16 13 L
7 8 12 2 R
7 9 2 14 L
7 10 12 15 L
7 11 0 15 L
7 12 4 3 R
7 13 4 13 L
7 14 1 4 U
7 15 2 15 L
7 16 14 6 U
8 0 9 4 U
8 1 6 8 D
8 2 3 2 R
8 3 4 8 D
8 4 13 4 U
8 5 17 3 R
8 6 2 6 U
8 7 10 7 U
8 8 18 16 L
8 9 0 6 U
8 10 11 10 D
8 11 0 5 U
8 12 4 12 D
8 13 7 13 L
8 14 11 4 U
8 15 15 15 L
8 16 1 16 L
9 0 16 6 U
9 1 8 5 U
9 2 6 5 U
9 3 0 12 D
9 4 0 3 R
9 5 14 10 D
9 6 1 6 U
9 7 5 7 U
9 8 4 3 R
9 9 2 9 D
9 10 8 14 L
9 11 1 11 D
9 12 11 1 R
9 13 6 0 R
9 14 13 11 D
9 15 15 8 D
9 16 14 11 D
10 0 6 6 U
10 1 0 10 D
10 2 1 9 D
10 3 8 3 R
10 4 14 1 R
10 5 6 13 L
10 6 3 9 D
10 7 3 7 U
10 8 5 3 R
10 9 15 1 R
10 10 2 10 D
10 11 9 13 L
10 12 16 12 D
10 13 0 8 D
10 14 0 10 D
10 15 15 15 L
10 16 11 4 U
11 0 0 13 L
11 1 2 10 D
11 2 2 9 D
11 3 3 6 U
11 4 13 9 D
11 5 8 16 L
11 6 14 6 U
11 7 5 7 U
11 8 5 0 R
11 9 0 0 R
11 10 2 16 L
11 11 1 7 U
11 12 12 7 U
11 13 1 13 L
11 14 9 6 U
11 15 5 15 L
11 16 0 0 R
12 0 0 14 L
12 1 4 13 L
12 2 2 2 R
12 3 1 3 R
12 4 10 13 L
12 5 10 13 L
12 6 1 3 R
12 7 8 7 U
12 8 7 15 L
12 9 14 3 R
12 10 4 2 R
12 11 2 11 D
12 13 0 3 R
12 14 14 14 L
12 15 7 9 D
12 16 2 16 L
13 0 0 11 D
13 1 1 6 U
13 2 7 12 D
13 3 11 15 L
13 4 14 10 D
13 5 5 1 R
13 6 0 11 D
13 7 16 1 R
13 8 3 13 L
13 9 10 15 L
13 10 8 0 R
13 11 1 11 D
13 13 6 10 D
13 14 10 14 L
13 15 10 0 R
13 16 3 2 R
14 0 0 8 D
14 1 3 4 U
14 2 8 5 U
14 3 3 7 U
14 4 0 1 R
14 5 3 5 U
14 6 0 12 D
14 7 15 9 D
14 8 8 16 L
14 9 0 4 U
14 10 5 14 L
14 11 18 11 D
14 13 8 6 U
14 14 1 1 R
14 15 8 15 L
14 16 11 16 L
15 0 10 0 R
15 1 2 1 R
15 2 18 2 R
15 3 11 3 R
15 4 1 4 U
15 5 13 0 R
15 6 1 13 L
15 7 5 3 R
15 8 8 4 U
15 9 6 7 U
15 10 2 10 D
15 11 8 11 D
15 13 0 2 R
15 14 9 0 R
15 15 12 2 R
16 0 19 5 U
16 1 5 10 D
16 2 14 14 L
16 3 8 3 R
16 4 0 13 L
16 5 3 0 R
16 6 4 16 L
16 7 1 14 L
16 8 17 5 U
16 9 3 9 D
16 10 12 13 L
16 11 7 3 R
16 13 5 13 L
16 14 8 8 D
16 15 7 15 L
17 0 16 0 R
17 1 18 8 D
17 2 3 2 R
17 3 14 5 U
17 4 12 8 D
17 5 8 5 U
17 6 0 10 D
17 7 3 14 L
17 8 8 0 R
17 9 0 14 L
17 10 0 3 R
17 13 0 7 U
17 14 2 6 U
17 15 2 15 L
18 0 5 0 R
18 1 5 9 D
18 2 19 16 L
18 3 10 10 D
18 4 10 8 D
18 6 17 3 R
18 7 5 16 L
18 9 19 14 L
18 10 5 2 R
18 11 10 11 D
18 13 13 1 R
18 14 19 9 D
18 15 4 15 L
18 16 2 16 L
19 1 13 1 R
19 3 13 11 D
19 6 0 9 D
19 7 7 7 U
19 9 10 13 L
19 10 14 15 L
19 13 2 8 D
19 15 1 15 L
20 1 3 11 D
20 3 3 13 L
20 9 18 2 R
20 15 9 8 D

