25 21 479
1 0 0 1 16 0 0 0 0 4 0 13 0 9 0 6 10 0 22
3 5 13 0 0 5 13 9 0 0 10 0 1 12 1 7 8 11 13
10 5 18 19 19 17 0 0 0 13 0 14 16 0 21 0 0 0 20
0 23 20 2 15 0 0 21 0 0 21 0 0 20 10 1 6 5 0
11 15 0 0 17 0 18 0 9 22 0 0 5 15 0 0 19 1 0
6 0 0 2 2 0 5 0 0 7 0 0 0 15 18 11 18 0 0
12 0 0 0 0 0 5 0 0 20 18 0 0 1 0 4 0 6 0
9 0 0 19 11 20 0 0 5 0 2 22 0 0 19 2 21 7 0
0 0 0 18 17 16 7 0 8 0 0 0 0 20 13 0 18 0 0
0 0 21 17 16 20 0 20 0 0 0 14 0 22 16 21 5 0 0
18 0 0 0 16 0 20 0 0 0 21 4 22 0 10 0 8 6 0
0 0 13 0 8 4 0 24 2 0 10 15 0 0 0 20 7 0 0
21 0 14 8 0 0 12 20 0 19 4 0 0 0 18 0 24 23 0
2 0 0 19 5 0 0 0 23 0 23 0 0 12 6 4 0 6 0
3 20 4 0 0 0 21 19 0 0 0 0 0 0 0 0 23 0 0
0 23 18 0 0 0 0 19 24 0 0 20 23 0 0 21 15 5 0
13 8 0 3 0 20 11 0 0 14 0 12 0 22 7 15 0 3 0
0 0 0 15 9 0 14 0 1 0 24 0 2 0 0 18 3 0 0
16 0 16 16 0 15 0 16 0 0 0 7 21 5 0 0 5 1 22
0 0 0 0 R
0 1 0 1 R
0 2 0 2 R
0 3 0 3 R
0 4 0 4 R
0 5 0 5 U
0 6 0 6 U
0 7 0 7 U
0 8 0 8 U
0 9 0 9 U
0 10 0 10 U
0 11 0 11 D
0 12 0 12 D
0 13 0 13 D
0 14 0 14 D
0 15 0 15 D
0 16 0 16 L
0 17 0 17 L
0 18 0 18 L
0 19 0 19 L
0 20 0 20 L
1 0 0 11 D
1 1 0 17 L
1 2 2 13 D
1 3 0 16 L
1 4 3 14 D
1 5 0 0 R
1 6 0 0 R
1 7 2 2 R
1 8 0 14 D
1 9 0 2 R
1 10 0 13 D
1 11 0 0 R
1 12 0 5 U
1 13 0 16 L
1 14 0 7 U
1 15 0 6 U
1 16 0 12 D
1 17 0 13 D
1 18 0 15 D
1 19 4 11 D
1 20 3 0 R
2 0 0 12 D
2 1 1 1 R
2 2 0 14 D
2 3 2 3 R
2 4 1 4 R
2 5 0 1 R
2 6 1 6 U
2 7 1 7 U
2 8 2 8 U
2 9 3 9 U
2 10 2 10 U
2 11 0 1 R
2 12 2 12 D
2 13 1 13 D
2 14 2 14 D
2 15 3 15 D
2 16 0 6 U
2 17 0 5 U
2 18 1 18 L
2 19 0 14 D
2 20 5 20 L
3 0 0 8 U
3 1 0 5 U
3 2 0 9 U
3 3 4 3 R
3 4 2 4 R
3 5 0 16 L
3 6 0 17 L
3 7 1 18 L
3 8 1 8 U
3 9 3 19 L
3 10 3 10 U
3 11 0 17 L
3 12 1 16 L
3 13 0 2 R
3 14 1 9 U
3 15 6 18 L
3 16 0 11 D
3 17 2 8 U
3 18 0 0 R
3 19 0 3 R
3 20 1 20 L
4 0 2 8 U
4 1 4 5 U
4 2 2 8 U
4 3 3 11 D
4 4 4 4 R
4 5 0 18 L
4 6 0 1 R
4 7 2 18 L
4 8 0 12 D
4 9 2 9 U
4 10 1 10 U
4 11 2 7 U
4 12 0 3 R
4 13 4 13 D
4 14 4 14 D
4 15 4 15 D
4 16 0 10 U
4 17 2 17 L
4 18 0 11 D
4 19 6 19 L
4 20 4 20 L
5 0 4 0 R
5 1 6 11 D
5 2 3 2 R
5 3 0 12 D
5 4 0 13 D
5 5 0 4 R
5 6 1 16 L
5 7 5 17 L
5 8 0 16 L
5 9 3 20 L
5 10 0 3 R
5 11 6 16 L
5 12 7 1 R
5 13 5 17 L
5 14 0 18 L
5 15 7 15 D
5 16 3 9 U
5 17 1 5 U
5 18 0 5 U
5 19 7 19 L
5 20 3 20 L
6 0 0 13 D
6 1 1 7 U
6 2 3 15 D
6 3 5 3 R
6 4 2 17 L
6 5 6 5 U
6 6 4 6 U
6 7 4 7 U
6 8 1 1 R
6 9 5 9 U
6 10 4 10 U
6 11 3 6 U
6 12 5 5 U
6 13 7 13 D
6 14 7 14 D
6 15 5 15 D
6 16 1 11 D
6 17 0 6 U
6 18 0 10 U
6 19 3 19 L
6 20 1 15 D
7 0 3 12 D
7 1 0 10 U
7 2 5 2 R
7 3 7 5 U
7 4 3 4 R
7 5 3 5 U
7 6 3 3 R
7 7 7 7 U
7 8 5 15 D
7 9 4 9 U
7 10 3 16 L
7 11 0 4 R
7 12 9 12 D
7 13 6 13 D
7 14 1 14 D
7 15 0 16 L
7 16 2 11 D
7 17 6 17 L
7 18 2 18 L
7 19 2 19 L
7 20 2 20 L
8 0 0 7 U
8 1 6 1 R
8 2 2 2 R
8 3 6 12 D
8 4 6 4 R
8 5 2 19 L
8 6 8 0 R
8 7 7 4 R
8 8 9 19 L
8 9 5 20 L
8 10 1 0 R
8 11 4 11 D
8 12 9 17 L
8 13 0 19 L
8 14 9 8 U
8 15 1 0 R
8 16 5 16 L
8 17 5 11 D
8 18 8 12 D
8 19 8 19 L
8 20 6 20 L
9 0 4 11 D
9 1 2 1 R
9 2 9 5 U
9 3 8 3 R
9 4 10 4 R
9 5 6 1 R
9 6 9 6 U
9 7 6 7 U
9 8 8 8 U
9 9 8 18 L
9 10 7 10 U
9 11 6 9 U
9 12 9 9 U
9 13 8 16 L
9 14 9 14 D
9 15 7 10 U
9 16 2 5 U
9 17 10 17 L
9 18 9 18 L
9 19 7 15 D
9 20 7 20 L
10 0 7 13 D
10 1 0 6 U
10 2 10 11 D
10 3 7 3 R
10 4 11 4 R
10 5 6 0 R
10 6 7 6 U
10 7 2 7 U
10 8 11 18 L
10 9 1 3 R
10 10 8 17 L
10 11 8 17 L
10 12 7 16 L
10 13 3 1 R
10 14 8 14 D
10 15 11 15 D
10 16 0 7 U
10 17 9 17 L
10 18 2 9 U
10 19 4 19 L
10 20 4 7 U
11 0 10 0 R
11 1 8 1 R
11 2 9 2 R
11 3 1 3 R
11 4 9 17 L
11 5 0 20 L
11 6 5 4 R
11 7 2 1 R
11 8 11 2 R
11 9 5 12 D
11 10 9 10 U
11 11 7 17 L
11 12 8 12 D
11 13 8 13 D
11 14 0 2 R
11 15 10 15 D
11 16 7 13 D
11 17 6 14 D
11 18 3 11 D
11 19 9 19 L
11 20 0 11 D
12 0 10 11 D
12 1 3 1 R
12 2 11 2 R
12 3 0 8 U
12 4 5 10 U
12 5 7 1 R
12 6 10 6 U
12 7 10 7 U
12 8 11 16 L
12 9 20 9 U
12 10 12 0 R
12 11 8 8 U
12 12 4 3 R
12 13 0 9 U
12 14 5 16 L
12 15 3 19 L
12 16 11 5 U
12 17 10 2 R
12 18 11 18 L
12 19 0 4 R
12 20 13 20 L
13 0 3 15 D
13 1 9 15 D
13 2 13 12 D
13 3 13 3 R
13 4 12 4 R
13 5 13 20 L
13 6 10 16 L
13 7 11 0 R
13 8 13 8 U
13 9 17 3 R
13 10 11 10 U
13 11 11 18 L
13 12 6 16 L
13 13 10 13 D
13 14 14 3 R
13 15 12 15 D
13 16 8 13 D
13 17 12 5 U
13 18 12 18 L
13 19 13 19 L
13 20 10 20 L
14 0 13 7 U
14 1 5 1 R
14 2 14 2 R
14 3 15 6 U
14 4 16 12 D
14 5 12 5 U
14 6 16 11 D
14 7 11 1 R
14 8 11 8 U
14 9 17 9 U
14 10 9 3 R
14 11 2 1 R
14 12 11 12 D
14 13 15 0 R
14 14 20 14 D
14 15 0 0 R
14 16 13 16 L
14 17 16 13 D
14 18 14 18 L
14 19 12 19 L
14 20 11 7 U
15 0 13 8 U
15 1 3 6 U
15 2 15 2 R
15 3 9 3 R
15 4 15 4 R
15 5 4 1 R
15 6 16 6 U
15 7 15 7 U
15 8 1 17 L
15 9 19 9 U
15 10 18 10 U
15 11 3 17 L
15 12 12 6 U
15 13 16 13 D
15 14 0 20 L
15 15 14 15 D
15 16 13 11 D
15 17 14 17 L
15 18 10 18 L
15 19 10 15 D
15 20 12 20 L
16 0 14 18 L
16 1 14 1 R
16 2 12 2 R
16 3 14 3 R
16 4 14 4 R
16 5 8 2 R
16 6 15 18 L
16 7 13 17 L
16 8 16 8 U
16 9 22 4 R
16 11 12 11 D
16 12 15 7 U
16 13 17 13 D
16 14 17 1 R
16 15 4 3 R
16 16 0 8 U
16 17 8 11 D
16 18 16 18 L
16 19 0 2 R
16 20 20 14 D
17 0 2 6 U
17 1 15 9 U
17 2 6 6 U
17 3 10 20 L
17 4 16 4 R
17 5 15 13 D
17 6 18 11 D
17 7 18 0 R
17 8 15 8 U
17 9 22 9 U
17 11 9 5 U
17 12 19 12 D
17 13 0 17 L
17 14 21 14 D
17 15 12 16 L
17 16 11 16 L
17 17 2 7 U
17 18 15 5 U
17 19 10 14 D
17 20 15 20 L
18 0 3 0 R
18 1 17 1 R
18 2 18 2 R
18 3 0 10 U
18 4 0 7 U
18 5 14 5 U
18 6 19 17 L
18 7 12 7 U
18 8 1 11 D
18 11 18 11 D
18 12 3 5 U
18 13 11 13 D
18 14 15 14 D
18 15 3 16 L
18 16 15 8 U
18 17 19 8 U
18 18 15 18 L
18 19 22 11 D
18 20 11 20 L
19 0 13 0 R
19 1 18 1 R
19 2 17 2 R
19 3 19 3 R
19 4 0 15 D
19 5 2 16 L
19 6 7 16 L
19 7 14 0 R
19 8 7 8 U
19 11 17 0 R
19 12 20 12 D
19 13 13 13 D
19 14 9 19 L
19 15 17 15 D
19 16 15 12 D
19 17 18 17 L
19 18 17 18 L
19 19 19 19 L
19 20 14 20 L
20 0 18 17 L
20 1 12 1 R
20 2 16 2 R
20 3 19 14 D
20 4 21 13 D
20 5 5 2 R
20 6 12 1 R
20 7 0 4 R
20 8 19 3 R
20 11 17 19 L
20 12 13 18 L
20 13 19 18 L
20 14 19 14 D
20 15 6 15 D
20 16 19 11 D
20 17 24 7 U
20 18 9 13 D
20 19 22 19 L
20 20 0 9 U
21 0 19 16 L
21 1 17 18 L
21 2 0 5 U
21 3 10 3 R
21 4 21 4 R
21 5 19 0 R
21 6 21 0 R
21 7 21 19 L
21 8 14 8 U
21 11 11 5 U
21 12 14 18 L
21 13 16 18 L
21 15 13 15 D
21 16 21 11 D
21 17 20 17 L
21 18 16 12 D
21 19 21 19 L
21 20 19 20 L
22 0 22 7 U
22 1 15 1 R
22 2 19 2 R
22 3 2 13 D
22 4 5 14 D
22 5 15 2 R
22 6 22 6 U
22 7 0 15 D
22 8 17 8 U
22 11 11 19 L
22 12 22 19 L
22 13 16 7 U
22 15 14 2 R
22 16 19 14 D
22 19 21 12 D
23 0 12 11 D
23 1 11 16 L
23 2 20 8 U
23 7 0 13 D
23 11 1 17 L
23 12 2 0 R
23 13 13 2 R
23 16 17 11 D
24 0 12 0 R
24 1 23 1 R
24 2 20 2 R
24 11 9 6 U
24 13 14 13 D

