14 8 97
0 0 0 0 1 0 0 0 0 0 0 8 0 3
0 0 0 0 0 9 3 0 0 0 6 0 0 0
0 0 4 2 0 4 0 0 12 4 0 5 0 10
1 0 0 0 0 8 9 0 0 4 10 11 3 0
12 1 6 0 13 0 0 12 0 11 3 0 11 0
9 0 0 0 0 3 3 0 13 0 1 0 0 13
0 0 0 5 2 0 0 0 0 1 0 0 10 0
1 0 5 0 0 9 10 0 0 0 0 0 6 4
0 2 0 0 0 0 0 0 0 2 0 0 0 0
0 0 0 0 0 0 11 0 11 9 0 0 0 0
0 1 0 0 0 0 2 3 0 3 9 10 0 0
0 0 8 5 0 9 0 8 0 0 0 6 4 0
0 0 0 0 1 0 0 0 3 0 0 0 0 0
0 1 5 0 2 2 0 0 0 0 0 0 0 0
0 0 0 0 R
0 1 0 1 R
0 2 0 2 U
0 3 0 3 U
0 4 0 4 D
0 5 0 5 D
0 6 0 6 L
0 7 0 7 L
1 0 0 4 D
1 1 3 1 R
1 2 0 0 R
1 3 6 5 D
1 4 0 0 R
1 5 2 5 D
1 6 0 4 D
1 7 0 5 D
2 0 3 0 R
2 1 0 6 L
2 2 7 0 R
2 3 6 3 U
2 4 5 6 L
2 5 0 6 L
2 6 0 2 U
2 7 3 4 D
3 0 0 3 U
3 1 4 5 D
3 2 0 1 R
3 3 9 6 L
3 4 5 4 D
3 5 7 5 D
3 6 1 4 D
3 7 1 7 L
4 0 0 7 L
4 1 1 6 L
4 2 1 0 R
4 3 10 6 L
4 4 0 1 R
4 5 0 7 L
4 6 0 0 R
4 7 6 7 L
5 0 0 2 U
5 1 4 1 R
5 2 3 2 U
5 3 4 3 U
5 4 0 2 U
5 5 0 3 U
5 6 10 4 D
5 7 1 2 U
6 0 8 0 R
6 1 1 1 R
6 2 4 7 L
6 3 1 1 R
6 4 7 7 L
6 5 2 1 R
6 7 0 3 U
7 0 5 4 D
7 1 5 4 D
7 2 2 2 U
7 3 0 6 L
7 4 1 2 U
7 5 9 7 L
7 6 4 2 U
7 7 1 7 L
8 0 1 6 L
8 1 2 4 D
8 2 4 1 R
8 3 5 3 U
8 4 11 6 L
8 5 7 5 D
8 6 7 6 L
8 7 5 7 L
9 0 3 2 U
9 1 0 5 D
9 2 2 5 D
9 3 0 7 L
9 4 5 0 R
9 5 5 2 U
9 7 3 5 D
10 0 0 5 D
10 1 7 2 U
10 2 7 6 L
10 3 5 3 U
10 4 8 3 U
10 5 3 5 D
10 7 6 7 L
11 0 2 3 U
11 1 1 1 R
11 3 12 7 L
11 4 9 4 D
11 5 0 0 R
12 0 7 5 D
12 1 2 1 R
12 3 8 0 R
12 4 3 4 D
13 0 1 2 U
13 3 2 3 U
13 4 6 1 R

