25 16 338
0 12 0 0 0 11 0 2 0 0 0 0 0 0 0 13 0 0 15 0
14 4 17 21 20 0 2 10 0 0 0 0 0 0 15 0 0 0 0 0
12 16 11 22 0 18 0 0 0 0 0 5 0 0 15 0 0 0 0 4
0 3 0 0 20 14 1 5 0 0 0 14 0 0 1 5 0 0 14 9
0 10 18 0 8 19 12 1 0 0 0 0 0 0 12 12 0 0 0 0
0 0 17 1 20 21 0 23 16 0 11 0 0 0 0 10 0 0 0 7
0 0 8 22 21 9 15 24 2 15 0 0 0 0 9 12 6 0 5 1
10 0 0 0 0 0 0 0 0 0 0 0 0 0 0 7 20 0 0 0
0 0 0 0 3 10 0 8 3 0 12 0 0 0 16 0 0 0 0 0
0 0 18 8 10 18 19 9 22 0 0 20 0 21 23 0 0 0 0 0
12 0 0 0 2 11 0 22 0 5 21 0 0 8 0 17 13 0 5 0
0 0 0 0 15 5 12 8 0 0 3 13 0 0 0 0 0 0 0 0
0 7 0 4 23 0 0 13 0 0 16 0 0 7 0 2 0 0 0 0
0 0 9 0 21 0 0 21 0 0 0 5 0 0 0 0 5 0 0 6
0 0 0 0 22 0 0 20 5 0 0 0 0 0 0 0 0 0 0 0
0 22 15 11 8 0 13 0 0 0 0 0 0 7 0 0 0 0 17 0
12 19 16 10 1 0 1 5 14 1 0 0 0 0 0 18 0 0 17 0
0 16 0 12 0 0 17 10 0 19 0 0 0 0 0 18 0 0 23 0
0 0 0 0 0 0 0 16 0 0 0 0 0 0 0 7 0 0 15 0
0 0 0 0 0 0 0 7 0 0 0 0 0 0 0 15 0 0 0 0
0 0 0 0 L
0 1 0 1 L
0 2 0 2 L
0 3 0 3 L
0 4 0 4 R
0 5 0 5 R
0 6 0 6 R
0 7 0 7 R
0 8 0 8 D
0 9 0 9 D
0 10 0 10 D
0 11 0 11 D
0 12 0 12 U
0 13 0 13 U
0 14 0 14 U
0 15 0 15 U
1 0 12 13 U
1 1 6 13 U
1 2 0 13 U
1 3 12 15 U
1 4 4 8 D
1 5 0 2 L
1 6 8 10 D
1 7 4 7 R
1 8 4 0 L
1 9 5 7 R
1 10 0 3 L
1 11 14 6 R
1 12 0 9 D
1 13 9 13 U
1 14 2 14 U
1 15 7 15 U
2 0 11 10 D
2 1 3 9 D
2 2 18 14 U
2 3 0 9 D
2 4 10 8 D
2 5 0 3 L
2 6 5 6 R
2 7 3 8 D
2 8 13 1 L
2 9 8 9 D
2 10 5 10 D
2 11 13 11 D
2 12 0 1 L
2 13 8 13 U
2 14 8 14 U
2 15 0 0 L
3 0 5 11 D
3 1 7 11 D
3 2 4 2 L
3 3 14 3 L
3 4 16 0 L
3 5 9 9 D
3 6 5 6 R
3 7 4 9 D
3 8 0 14 U
3 9 9 9 D
3 10 12 5 R
3 11 12 6 R
3 12 7 12 U
3 13 8 4 R
3 14 7 4 R
3 15 17 4 R
4 0 12 0 L
4 1 0 10 D
4 2 3 4 R
4 3 1 3 L
4 4 16 13 U
4 5 0 8 D
4 6 0 10 D
4 7 0 10 D
4 8 5 8 D
4 9 9 1 L
4 10 5 10 D
4 11 11 11 D
4 12 6 12 U
4 13 0 1 L
4 14 0 2 L
4 15 2 3 L
5 0 10 15 U
5 1 2 14 U
5 2 1 2 L
5 3 9 3 L
5 4 11 14 U
5 5 0 14 U
5 6 0 15 U
5 7 10 7 R
5 8 8 8 D
5 9 0 7 R
5 10 0 2 L
5 11 12 5 R
5 12 0 7 R
5 13 1 13 U
5 14 2 14 U
5 15 0 4 R
6 0 8 10 D
6 1 11 10 D
6 2 9 9 D
6 3 7 3 L
6 4 10 11 D
6 5 1 8 D
6 6 1 11 D
6 7 18 7 R
6 8 0 13 U
6 9 16 9 D
6 10 8 6 R
6 11 8 11 D
6 12 2 1 L
6 13 9 13 U
6 14 5 14 U
6 15 9 15 U
7 0 0 8 D
7 1 14 1 L
7 2 12 10 D
7 3 5 11 D
7 4 0 9 D
7 5 4 5 R
7 6 4 6 R
7 7 0 1 L
7 8 2 8 D
7 9 1 4 R
7 10 0 5 R
7 11 1 11 D
7 12 0 6 R
7 13 9 13 U
7 14 17 5 R
7 15 0 5 R
8 0 0 15 U
8 1 9 14 U
8 2 5 15 U
8 3 7 12 U
8 4 2 12 U
8 5 9 12 U
8 6 7 10 D
8 7 20 15 U
8 8 5 8 D
8 9 6 9 D
8 10 6 10 D
8 11 0 6 R
8 12 4 12 U
8 13 3 4 R
8 14 11 14 U
8 15 7 15 U
9 0 0 12 U
9 1 16 15 U
9 2 19 9 D
9 3 0 12 U
9 4 19 12 U
9 5 17 13 U
9 6 18 11 D
9 7 0 14 U
9 8 13 8 D
9 9 15 7 R
9 10 8 1 L
9 11 10 3 L
9 12 0 10 D
9 13 6 13 U
9 14 13 14 U
9 15 6 15 U
10 0 9 8 D
10 1 13 7 R
10 2 1 11 D
10 3 15 3 L
10 4 16 4 R
10 6 3 6 R
10 7 14 7 R
10 8 8 8 D
10 9 21 9 D
10 10 12 1 L
10 11 0 12 U
10 12 5 2 L
10 13 1 13 U
10 14 7 0 L
10 15 3 15 U
11 0 5 10 D
11 1 5 8 D
11 2 3 13 U
11 3 18 14 U
11 4 17 10 D
11 6 18 9 D
11 7 17 7 R
11 8 12 8 D
11 9 9 9 D
11 10 9 10 D
11 11 10 11 D
11 12 3 12 U
11 13 2 0 L
11 14 4 0 L
11 15 10 15 U
12 0 0 6 R
12 1 9 1 L
12 2 14 14 U
12 3 0 7 R
12 4 8 12 U
12 6 10 6 R
12 7 0 11 D
12 8 0 4 R
12 9 0 0 L
12 10 1 5 R
12 11 1 11 D
12 12 14 4 R
12 13 10 13 U
12 14 5 14 U
12 15 18 15 U
13 0 8 11 D
13 1 3 10 D
13 2 1 2 L
13 3 1 3 L
13 4 12 15 U
13 5 11 14 U
13 6 2 6 R
13 7 6 7 R
13 8 2 6 R
13 9 19 9 D
13 10 1 10 D
13 11 5 11 D
13 12 16 2 L
13 13 2 3 L
13 14 11 14 U
13 15 10 15 U
14 0 3 8 D
14 1 7 1 L
14 2 11 13 U
14 3 11 12 U
14 4 2 2 L
14 5 13 5 R
14 6 4 8 D
14 7 15 7 R
14 8 7 7 R
14 9 12 5 R
14 10 4 4 R
14 11 3 0 L
14 12 7 4 R
14 13 8 1 L
14 14 7 5 R
14 15 8 15 U
15 0 11 13 U
15 1 7 12 U
15 2 10 2 L
15 3 0 15 U
15 4 10 4 R
15 5 7 5 R
15 6 0 13 U
15 7 5 7 R
15 8 1 0 L
15 9 14 4 R
15 10 16 14 U
15 11 8 1 L
15 12 0 8 D
15 13 0 3 L
15 14 14 3 L
15 15 19 10 D
16 0 13 9 D
16 1 4 5 R
16 2 0 5 R
16 3 3 15 U
16 4 0 12 U
16 5 12 12 U
16 6 5 8 D
16 7 14 7 R
16 8 15 4 R
16 9 1 3 L
16 10 5 10 D
16 11 8 11 D
16 12 6 0 L
16 13 13 13 U
16 14 17 7 R
17 0 13 12 U
17 1 6 1 L
17 2 14 12 U
17 3 18 15 U
17 4 16 11 D
17 5 6 15 U
17 6 5 6 R
17 7 16 11 D
17 8 19 1 L
17 9 19 0 L
17 10 18 2 L
17 11 13 4 R
17 12 10 0 L
17 13 18 4 R
17 14 15 3 L
17 15 3 5 R
18 0 13 8 D
18 1 17 8 D
18 2 0 10 D
18 3 3 3 L
18 4 9 15 U
18 6 13 6 R
18 7 4 7 R
18 8 15 0 L
18 9 8 6 R
18 10 17 13 U
18 11 2 11 D
18 12 1 12 U
18 13 14 4 R
18 14 11 14 U
19 0 14 8 D
19 1 5 12 U
19 2 6 11 D
19 3 5 3 L
19 4 20 15 U
19 6 1 8 D
19 9 13 9 D
19 10 5 0 L
19 11 17 2 L
19 12 1 12 U
19 13 16 13 U
19 14 9 14 U
20 0 7 0 L
20 2 17 2 L
20 4 6 9 D
20 8 8 3 L
20 10 5 10 D
20 11 4 2 L
20 12 19 5 R
20 13 11 13 U
20 14 6 2 L
21 0 8 0 L
21 2 2 2 L
21 4 7 4 R
21 10 0 0 L
21 11 11 11 D
21 12 0 2 L
21 13 19 13 U
21 14 6 3 L
22 0 0 10 D
22 2 20 9 D
22 11 1 11 D
22 12 2 12 U
22 13 0 11 D
22 14 11 14 U
23 0 5 0 L
23 11 6 3 L
23 13 3 5 R
23 14 20 2 L
24 14 8 14 U

