24 30 591
0 3 0 0 0 12 12 1 0 0 8 4 5 11 0 22
20 13 16 17 14 20 22 18 17 15 0 0 8 0 11 0
0 7 11 20 11 0 0 0 0 0 8 18 0 18 20 0
0 0 20 0 0 0 0 0 0 0 15 21 0 5 0 22
0 0 0 0 0 0 0 0 0 0 0 0 1 0 0 0
0 23 0 21 0 0 0 0 0 0 0 0 0 0 0 0
22 0 5 0 0 0 0 2 0 0 0 0 12 0 0 0
0 17 13 0 0 0 20 0 9 0 0 0 0 0 0 0
0 0 0 0 0 0 0 12 0 0 0 0 12 0 12 12
0 0 18 0 0 0 0 19 11 18 9 0 7 0 0 0
22 13 0 22 0 0 21 10 0 0 0 18 6 0 15 6
0 0 0 0 2 0 0 0 0 0 0 0 8 0 2 12
0 14 1 0 0 0 0 3 0 0 1 0 0 22 0 20
0 19 2 19 10 7 7 0 11 0 0 18 0 0 0 0
23 0 0 0 0 18 6 0 0 11 11 4 3 10 0 14
17 0 0 0 0 0 9 11 12 0 0 0 16 5 0 8
0 0 0 0 D
0 1 0 1 D
0 2 0 2 D
0 3 0 3 D
0 4 0 4 D
0 5 0 5 D
0 6 0 6 D
0 7 0 7 D
0 8 0 8 R
0 9 0 9 R
0 10 0 10 R
0 11 0 11 R
0 12 0 12 R
0 13 0 13 R
0 14 0 14 R
0 15 0 15 U
0 16 0 16 U
0 17 0 17 U
0 18 0 18 U
0 19 0 19 U
0 20 0 20 U
0 21 0 21 U
0 22 0 22 L
0 23 0 23 L
0 24 0 24 L
0 25 0 25 L
0 26 0 26 L
0 27 0 27 L
0 28 0 28 L
0 29 0 29 L
1 0 16 8 R
1 1 20 9 R
1 2 15 14 R
1 3 0 22 L
1 4 12 4 D
1 5 15 23 L
1 6 12 28 L
1 7 16 7 D
1 8 7 4 D
1 9 5 9 R
1 10 11 19 U
1 11 13 11 R
1 12 15 12 R
1 13 3 13 R
1 14 2 14 R
1 15 0 22 L
1 16 5 4 D
1 17 4 17 U
1 18 20 24 L
1 19 14 19 U
1 20 4 20 U
1 21 5 13 R
1 22 0 10 R
1 23 0 17 U
1 24 11 0 D
1 25 13 18 U
1 26 3 15 U
1 27 7 18 U
1 28 15 5 D
2 0 14 9 R
2 1 7 8 R
2 2 0 10 R
2 3 15 3 D
2 4 15 22 L
2 5 16 21 U
2 6 10 12 R
2 7 5 7 D
2 8 6 15 U
2 9 12 19 U
2 10 14 15 U
2 11 4 18 U
2 12 3 18 U
2 13 7 13 R
2 14 9 1 D
2 15 3 15 U
2 16 8 16 U
2 17 12 23 L
2 18 12 9 R
2 19 0 2 D
2 20 12 20 U
2 21 12 21 U
2 22 15 22 L
2 23 8 1 D
2 24 11 5 D
2 25 19 15 U
2 26 8 2 D
2 27 3 27 L
2 28 10 6 D
3 0 11 22 L
3 1 14 23 L
3 2 0 25 L
3 3 21 3 D
3 4 12 26 L
3 5 5 5 D
3 6 12 13 R
3 7 8 21 U
3 8 17 8 R
3 9 17 5 D
3 10 11 10 R
3 11 17 11 R
3 12 2 12 R
3 13 15 21 U
3 14 9 14 R
3 15 9 0 D
3 16 0 0 D
3 17 5 14 R
3 18 0 2 D
3 19 5 11 R
3 20 7 11 R
3 21 8 21 U
3 22 9 22 L
3 23 16 20 U
3 24 10 24 L
3 25 20 25 L
3 26 8 26 L
3 27 5 27 L
3 28 17 21 U
4 0 9 27 L
4 1 2 1 D
4 2 2 29 L
4 3 14 12 R
4 4 2 4 D
4 5 2 13 R
4 6 12 12 R
4 8 0 5 D
4 9 1 3 D
4 10 14 1 D
4 11 18 6 D
4 12 19 21 U
4 13 2 19 U
4 14 6 18 U
4 15 10 23 L
4 16 16 24 L
4 17 0 11 R
4 18 1 26 L
4 19 13 19 U
4 20 5 28 L
4 21 8 12 R
4 22 21 18 U
4 23 0 15 U
4 24 10 24 L
4 25 0 16 U
4 26 0 19 U
4 27 18 15 U
4 28 5 28 L
5 0 8 0 D
5 1 0 13 R
5 2 17 24 L
5 3 14 23 L
5 4 11 11 R
5 5 14 5 D
5 6 11 24 L
5 7 6 7 D
5 8 0 22 L
5 9 12 9 R
5 10 7 6 D
5 11 14 4 D
5 12 9 12 R
5 13 4 16 U
5 14 7 16 U
5 15 8 15 U
5 16 17 16 U
5 17 7 26 L
5 18 10 23 L
5 19 19 19 U
5 20 11 20 U
5 21 11 21 U
5 22 6 1 D
5 23 6 2 D
5 24 12 24 L
5 25 13 25 L
5 26 6 26 L
5 27 8 0 D
5 28 8 28 L
6 0 16 23 L
6 1 10 13 R
6 2 13 11 R
6 3 19 25 L
6 4 8 4 D
6 5 11 19 U
6 6 15 22 L
6 7 7 22 L
6 8 4 8 R
6 9 7 1 D
6 10 0 16 U
6 11 1 11 R
6 12 19 2 D
6 13 1 5 D
6 14 2 14 R
6 15 17 8 R
6 16 14 14 R
6 17 9 17 U
6 18 20 12 R
6 19 9 11 R
6 20 9 13 R
6 21 11 9 R
6 22 12 22 L
6 23 2 18 U
6 24 2 24 L
6 25 13 21 U
6 26 18 16 U
6 27 17 27 L
6 29 5 29 L
7 0 14 22 L
7 1 2 22 L
7 2 1 11 R
7 3 6 26 L
7 4 6 14 R
7 5 15 9 R
7 6 11 23 L
7 8 2 16 U
7 9 8 17 U
7 10 17 4 D
7 11 10 24 L
7 12 15 6 D
7 13 5 13 R
7 14 9 21 U
7 15 14 25 L
7 16 5 26 L
7 17 6 22 L
7 18 15 18 U
7 19 5 26 L
7 20 8 23 L
7 21 8 24 L
7 22 8 17 U
7 23 20 3 D
7 24 19 16 U
7 25 6 25 L
7 26 2 4 D
7 27 13 19 U
7 29 2 29 L
8 0 15 0 D
8 1 3 1 D
8 2 19 2 D
8 3 5 3 D
8 4 0 17 U
8 5 9 5 D
8 6 2 12 R
8 7 11 7 D
8 8 0 23 L
8 9 7 16 U
8 10 16 2 D
8 11 7 2 D
8 12 4 12 R
8 13 0 21 U
8 14 4 17 U
8 15 0 8 R
8 16 18 10 R
8 17 0 1 D
8 18 11 13 R
8 19 14 9 R
8 20 0 9 R
8 21 10 8 R
8 22 0 0 D
8 23 12 15 U
8 24 10 6 D
8 25 13 20 U
8 26 18 12 R
8 27 18 21 U
9 0 3 26 L
9 1 13 27 L
9 2 3 2 D
9 3 8 27 L
9 4 7 12 R
9 5 15 27 L
9 6 20 6 D
9 8 12 0 D
9 9 4 0 D
9 10 2 10 R
9 11 11 19 U
9 12 19 16 U
9 13 6 13 R
9 14 21 17 U
9 15 10 28 L
9 16 1 22 L
9 17 17 5 D
9 18 3 1 D
9 19 12 19 U
9 20 6 25 L
9 21 17 11 R
9 22 1 0 D
9 23 21 7 D
9 24 10 3 D
9 25 3 5 D
9 26 2 26 L
9 27 17 27 L
10 0 6 8 R
10 1 4 8 R
10 2 15 8 R
10 3 4 24 L
10 4 14 20 U
10 5 12 26 L
10 6 4 14 R
10 8 0 15 U
10 9 20 17 U
10 10 3 10 R
10 11 9 0 D
10 12 5 24 L
10 13 9 13 R
10 14 7 14 R
10 15 6 12 R
10 16 7 9 R
10 17 12 27 L
10 18 2 11 R
10 19 18 8 R
10 20 20 22 L
10 21 0 25 L
10 22 13 17 U
10 24 8 3 D
10 25 3 25 L
10 26 13 26 L
10 27 1 27 L
11 0 0 15 U
11 1 14 24 L
11 2 9 10 R
11 3 12 22 L
11 4 5 4 D
11 5 1 25 L
11 6 13 6 D
11 8 0 20 U
11 9 14 3 D
11 10 18 17 U
11 11 0 2 D
11 12 10 17 U
11 13 6 20 U
11 14 12 27 L
11 15 6 8 R
11 16 18 11 R
11 17 21 12 R
11 18 10 26 L
11 19 14 22 L
11 20 0 10 R
11 21 1 25 L
11 22 0 1 D
11 23 10 11 R
11 24 1 16 U
11 25 6 25 L
11 26 15 5 D
11 27 20 27 L
12 0 0 23 L
12 1 9 17 U
12 2 1 2 D
12 3 16 14 R
12 4 18 4 D
12 5 3 5 D
12 6 13 9 R
12 7 14 10 R
12 8 7 1 D
12 9 0 1 D
12 10 4 18 U
12 11 0 0 D
12 12 11 1 D
12 13 4 1 D
12 14 9 14 R
12 15 16 23 L
12 16 1 16 U
12 17 0 3 D
12 18 0 4 D
12 19 0 26 L
12 20 3 20 U
12 21 2 21 U
12 23 1 23 L
12 24 13 2 D
12 25 11 1 D
12 26 0 21 U
12 27 14 18 U
13 0 4 10 R
13 1 10 10 R
13 2 7 19 U
13 3 4 10 R
13 4 3 27 L
13 5 20 17 U
13 6 12 6 D
13 8 21 1 D
13 9 5 3 D
13 10 15 10 R
13 11 14 17 U
13 12 6 4 D
13 13 18 6 D
13 14 10 6 D
13 15 5 10 R
13 16 6 16 U
13 17 12 10 R
13 18 2 18 U
13 19 10 13 R
13 20 5 20 U
13 21 1 14 R
13 22 4 18 U
13 23 16 17 U
13 24 10 20 U
13 25 7 20 U
13 26 3 3 D
13 27 3 3 D
14 0 4 24 L
14 1 13 12 R
14 2 2 24 L
14 3 0 18 U
14 4 2 12 R
14 5 4 13 R
14 6 20 28 L
14 8 0 25 L
14 9 6 21 U
14 10 7 16 U
14 11 16 3 D
14 12 5 4 D
14 13 2 16 U
14 14 11 5 D
14 15 6 22 L
14 16 0 9 R
14 17 11 25 L
14 18 12 18 U
14 19 10 19 U
14 20 4 26 L
14 21 21 23 L
14 22 20 0 D
14 23 15 16 U
14 24 22 2 D
14 25 20 0 D
14 26 6 6 D
14 27 8 20 U
15 0 4 8 R
15 1 4 26 L
15 2 17 26 L
15 3 5 3 D
15 4 19 10 R
15 5 1 11 R
15 6 13 21 U
15 8 2 21 U
15 9 9 15 U
15 10 11 25 L
15 11 5 5 D
15 12 9 17 U
15 13 9 18 U
15 14 7 1 D
15 15 2 15 U
15 16 9 14 R
15 17 16 11 R
15 18 2 10 R
15 19 0 24 L
15 20 17 11 R
15 21 11 14 R
15 22 3 22 L
15 23 7 20 U
15 24 4 17 U
15 25 18 20 U
15 26 20 3 D
15 27 1 27 L
15 29 5 17 U
16 0 6 13 R
16 1 0 24 L
16 2 17 10 R
16 3 18 11 R
16 4 0 20 U
16 5 5 5 D
16 8 12 19 U
16 9 7 23 L
16 10 0 24 L
16 11 3 4 D
16 12 9 15 U
16 13 21 6 D
16 14 5 19 U
16 15 1 25 L
16 16 5 22 L
16 17 3 2 D
16 18 20 25 L
16 19 20 23 L
16 20 13 22 L
16 21 0 12 R
16 22 15 15 U
16 23 3 23 L
16 24 3 2 D
16 25 3 25 L
16 26 12 17 U
16 27 7 27 L
17 0 19 22 L
17 1 2 1 D
17 2 1 9 R
17 3 0 21 U
17 4 5 4 D
17 5 11 24 L
17 8 11 17 U
17 9 5 2 D
17 10 16 19 U
17 11 18 24 L
17 13 10 6 D
17 14 11 26 L
17 15 2 24 L
17 16 19 7 D
17 17 4 22 L
17 18 12 18 U
17 19 9 26 L
17 20 15 14 R
17 21 0 10 R
17 23 1 23 L
17 24 13 16 U
17 25 1 25 L
17 26 6 26 L
17 27 12 19 U
17 28 6 0 D
18 0 19 8 R
18 1 11 14 R
18 2 10 27 L
18 3 21 11 R
18 4 17 21 U
18 6 5 6 D
18 8 3 25 L
18 10 17 18 U
18 12 3 21 U
18 13 17 13 R
18 14 16 14 R
18 15 8 11 R
18 16 19 16 U
18 17 8 17 U
18 18 13 14 R
18 19 7 6 D
18 20 5 20 U
18 21 13 26 L
18 22 13 0 D
18 23 2 0 D
18 24 8 18 U
18 25 13 2 D
18 26 6 2 D
18 27 1 27 L
19 0 0 8 R
19 1 7 1 D
19 2 16 25 L
19 4 2 4 D
19 6 0 21 U
19 8 5 18 U
19 11 2 25 L
19 14 3 14 R
19 15 1 15 U
19 16 1 16 U
19 17 20 17 U
19 18 4 18 U
19 19 3 3 D
19 20 12 20 U
19 21 6 21 U
19 22 1 15 U
19 24 1 19 U
19 25 3 0 D
19 26 13 20 U
19 27 12 12 R
19 28 18 18 U
20 0 17 16 U
20 1 16 25 L
20 2 15 2 D
20 4 5 24 L
20 8 16 2 D
20 9 16 9 R
20 10 4 6 D
20 11 4 0 D
20 12 10 12 R
20 14 13 4 D
20 15 11 9 R
20 16 18 8 R
20 17 19 9 R
20 18 14 8 R
20 19 10 22 L
20 20 3 20 U
20 21 0 27 L
20 22 4 15 U
20 23 8 23 L
20 24 1 5 D
20 25 12 3 D
20 26 13 3 D
21 0 2 23 L
21 1 7 9 R
21 2 20 10 R
21 8 20 7 D
21 16 20 22 L
21 17 5 8 R
21 18 14 18 U
21 19 8 19 U
21 20 12 24 L
21 21 1 28 L
21 22 5 22 L
21 23 15 1 D
21 24 22 19 U
22 0 3 0 D
22 1 19 16 U
22 2 8 14 R
22 8 17 2 D
22 16 10 25 L
22 17 18 1 D
22 19 9 13 R
22 20 8 1 D
22 21 5 5 D
22 24 14 21 U
23 0 22 10 R
23 24 0 12 R

