19 16 257
3 0 11 0 10 0 0 15 4 6 13 0 12 8 6 13
5 0 0 16 16 0 11 0 0 0 13 12 13 14 0 0
0 8 6 10 0 9 0 17 14 0 0 0 0 3 12 0
3 0 0 0 0 4 14 0 10 0 0 0 0 0 0 0
0 15 0 0 0 0 0 0 0 14 17 0 7 0 12 0
0 0 9 0 0 0 0 16 0 13 10 15 0 0 0 0
0 0 9 0 15 12 0 3 0 4 10 9 0 0 1 0
0 0 0 0 0 0 0 0 0 0 0 0 0 0 0 0
5 0 6 0 14 0 0 15 0 0 8 5 13 4 0 0
9 0 0 6 0 0 0 17 0 8 0 0 0 0 0 0
12 0 0 0 6 0 15 0 6 0 0 1 13 0 4 9
0 0 4 0 12 0 0 0 9 1 0 0 0 0 12 0
16 0 0 17 0 0 14 18 0 1 0 0 0 15 0 0
2 15 0 0 18 10 0 0 0 0 0 0 5 0 0 8
0 0 9 0 0 0 16 0 10 0 0 0 0 5 0 10
2 16 15 7 0 10 2 3 0 0 0 0 0 0 0 11
0 0 0 0 D
0 1 0 1 D
0 2 0 2 D
0 3 0 3 D
0 4 0 4 R
0 5 0 5 R
0 6 0 6 R
0 7 0 7 R
0 8 0 8 U
0 9 0 9 U
0 10 0 10 U
0 11 0 11 U
0 12 0 12 L
0 13 0 13 L
0 14 0 14 L
0 15 0 15 L
1 0 6 0 D
1 1 0 10 U
1 2 6 2 D
1 3 0 9 U
1 4 5 4 R
1 5 6 0 D
1 6 11 6 R
1 7 0 14 L
1 8 8 12 L
1 9 11 9 U
1 10 0 6 R
1 11 8 11 U
1 12 0 9 U
1 13 2 13 L
1 14 4 11 U
1 15 4 15 L
2 0 0 8 U
2 1 3 15 L
2 2 5 4 R
2 3 0 11 U
2 4 3 2 D
2 5 7 5 R
2 6 0 1 D
2 7 3 7 R
2 8 0 4 R
2 9 9 15 L
2 10 8 6 R
2 11 10 6 R
2 12 0 8 U
2 13 11 0 D
2 14 10 1 D
2 15 5 2 D
3 0 2 9 U
3 1 4 7 R
3 2 0 10 U
3 3 1 3 D
3 4 0 11 U
3 5 7 1 D
3 6 9 3 D
3 7 8 2 D
3 8 9 7 R
3 9 0 15 L
3 10 0 13 L
3 11 8 11 U
3 12 8 10 U
3 13 1 1 D
3 14 0 11 U
3 15 1 15 L
4 0 0 12 L
4 1 5 1 D
4 2 12 8 U
4 3 2 12 L
4 4 5 12 L
4 5 2 5 R
4 6 3 6 R
4 7 10 7 R
4 8 1 4 R
4 9 0 0 D
4 10 0 5 R
4 11 6 11 U
4 12 2 9 U
4 13 5 13 L
4 14 9 14 L
4 15 3 15 L
5 0 4 15 L
5 1 0 4 R
5 2 0 7 R
5 3 6 3 D
5 4 7 9 U
5 5 1 5 R
5 6 0 15 L
5 7 0 12 L
5 8 0 12 L
5 9 0 1 D
5 10 10 7 R
5 11 0 6 R
5 12 0 0 D
5 13 2 8 U
5 14 0 10 U
5 15 7 11 U
6 0 5 6 R
6 1 1 8 U
6 2 7 2 D
6 3 10 4 R
6 4 13 8 U
6 5 1 5 R
6 6 4 6 R
6 7 0 0 D
6 8 9 13 L
6 9 2 9 U
6 10 4 10 U
6 11 2 4 R
6 12 3 1 D
6 13 3 1 D
6 14 12 0 D
6 15 2 0 D
7 0 3 8 U
7 1 2 6 R
7 2 11 4 R
7 3 4 13 L
7 4 5 10 U
7 5 0 9 U
7 6 6 2 D
7 7 5 7 R
7 8 0 2 D
7 9 1 6 R
7 10 1 10 U
7 11 2 11 U
7 12 2 12 L
7 13 0 3 D
7 14 3 14 L
7 15 6 10 U
8 0 0 5 R
8 1 11 1 D
8 2 0 4 R
8 3 0 14 L
8 4 11 11 U
8 5 9 2 D
8 6 0 12 L
8 7 2 7 R
8 8 12 12 L
8 9 11 5 R
8 10 4 6 R
8 11 5 11 U
8 12 3 3 D
8 13 1 13 L
8 14 0 9 U
8 15 0 2 D
9 0 0 14 L
9 1 7 9 U
9 2 17 13 L
9 3 2 3 D
9 4 12 4 R
9 5 1 8 U
9 6 1 6 R
9 7 2 7 R
9 8 7 4 R
9 9 15 13 L
9 10 6 12 L
9 11 12 15 L
9 12 10 3 D
9 13 0 0 D
9 14 6 9 U
9 15 11 1 D
10 0 3 14 L
10 1 7 6 R
10 2 3 2 D
10 3 14 3 D
10 4 5 4 R
10 5 2 5 R
10 6 3 6 R
10 7 8 7 R
10 8 1 14 L
10 9 1 9 U
10 10 2 12 L
10 11 11 7 R
10 12 0 1 D
10 13 0 10 U
10 14 7 9 U
10 15 2 15 L
11 0 0 15 L
11 1 2 12 L
11 2 10 2 D
11 4 0 3 D
11 5 8 5 R
11 6 2 6 R
11 7 1 8 U
11 8 9 8 U
11 9 4 4 R
11 10 10 5 R
11 11 0 14 L
11 12 1 12 L
11 13 12 13 L
11 14 5 0 D
11 15 9 15 L
12 0 11 13 L
12 1 7 1 D
12 4 5 13 L
12 5 0 8 U
12 6 9 0 D
12 7 7 11 U
12 8 14 15 L
12 9 14 14 L
12 10 13 10 U
12 11 10 7 R
12 12 4 0 D
12 13 11 13 L
12 14 14 0 D
12 15 0 4 R
13 0 1 13 L
13 1 0 13 L
13 4 15 8 U
13 5 7 9 U
13 6 12 1 D
13 7 4 9 U
13 8 16 8 U
13 9 7 9 U
13 10 12 13 L
13 11 5 11 U
13 12 6 11 U
13 13 2 4 R
13 14 4 14 L
13 15 4 15 L
14 0 5 12 L
14 1 17 8 U
14 4 8 0 D
14 6 8 0 D
14 7 0 2 D
14 8 13 6 R
14 10 12 10 U
14 11 2 14 L
14 12 16 12 L
14 13 6 5 R
14 15 2 2 D
15 0 4 0 D
15 1 13 1 D
15 4 5 0 D
15 5 4 2 D
15 6 0 13 L
15 7 5 8 U
15 10 12 10 U
15 11 10 12 L
15 12 2 0 D
15 13 13 13 L
16 0 5 8 U
16 1 14 1 D
16 4 9 10 U
16 5 0 10 U
16 10 3 10 U
16 11 14 11 U
16 12 1 5 R
16 13 11 3 D
17 0 7 0 D
17 1 8 5 R
17 4 6 11 U
17 10 3 10 U
17 11 2 11 U
17 12 2 12 L
17 13 11 11 U
18 0 17 6 R
18 4 10 10 U

