21 17 286
0 0 16 13 1 10 5 16 0 2 8 17 0 0 17 0 18
0 0 0 10 0 0 15 0 0 0 0 4 19 18 0 0 0
0 0 0 9 0 0 16 0 0 0 0 19 6 0 0 0 0
0 0 0 0 4 0 0 8 0 0 0 0 7 0 0 0 0
0 0 0 10 0 15 1 1 0 0 12 0 0 1 3 7 0
0 0 0 10 7 0 0 16 1 14 0 15 0 0 0 1 0
0 0 0 1 0 0 0 6 8 0 0 0 0 0 20 7 0
0 0 0 5 18 0 8 0 0 0 7 5 17 14 0 0 0
0 0 17 0 8 12 0 7 0 0 14 0 9 12 6 0 0
0 0 0 19 0 0 14 0 14 0 0 12 0 0 14 0 15
12 0 14 0 8 0 9 0 0 15 0 4 0 18 6 0 14
0 9 4 17 4 0 18 18 0 10 5 0 0 0 15 0 0
0 0 0 9 2 17 1 0 0 10 4 0 0 13 8 12 1
10 0 0 0 0 3 16 0 17 0 0 0 11 12 0 17 0
6 4 9 0 0 0 0 12 0 0 4 10 6 0 0 1 0
1 0 0 0 0 10 15 15 0 6 0 0 0 11 0 0 19
0 4 0 0 8 7 9 14 11 0 0 0 11 2 3 0 12
0 0 0 0 R
0 1 0 1 R
0 2 0 2 R
0 3 0 3 R
0 4 0 4 U
0 5 0 5 U
0 6 0 6 U
0 7 0 7 U
0 8 0 8 D
0 9 0 9 D
0 10 0 10 D
0 11 0 11 D
0 12 0 12 D
0 13 0 13 L
0 14 0 14 L
0 15 0 15 L
0 16 0 16 L
1 0 0 8 D
1 1 9 1 R
1 2 15 6 U
1 3 3 4 U
1 4 2 4 U
1 5 0 2 R
1 6 0 8 D
1 7 13 1 R
1 8 0 13 L
1 9 9 15 L
1 10 9 10 D
1 11 0 1 R
1 12 0 6 U
1 13 0 4 U
1 14 0 9 D
1 15 4 15 L
1 16 5 6 U
2 0 6 5 U
2 1 11 11 D
2 2 3 2 R
2 3 0 5 U
2 4 14 11 D
2 5 10 1 R
2 6 0 13 L
2 8 12 2 R
2 9 3 1 R
2 10 5 16 L
2 11 3 11 D
2 12 13 2 R
2 13 6 12 D
2 14 1 14 L
2 15 8 15 L
2 16 6 16 L
3 0 9 4 U
3 1 1 4 U
3 2 0 14 L
3 3 9 3 R
3 4 6 2 R
3 5 4 5 U
3 6 1 6 U
3 7 4 13 L
3 8 0 3 R
3 9 11 9 D
3 10 0 5 U
3 11 9 15 L
3 12 10 12 D
3 13 10 4 U
3 14 0 2 R
3 15 7 0 R
3 16 0 1 R
4 0 0 9 D
4 1 5 4 U
4 2 11 2 R
4 3 0 10 D
4 4 14 0 R
4 5 6 3 R
4 6 7 6 U
4 7 3 7 U
4 8 13 13 L
4 9 2 9 D
4 10 7 1 R
4 11 8 11 D
4 12 11 13 L
4 13 7 13 L
4 14 14 10 D
4 15 0 1 R
4 16 5 16 L
5 0 4 4 U
5 1 1 1 R
5 2 2 4 U
5 3 10 7 U
5 4 0 0 R
5 5 1 5 U
5 6 12 2 R
5 7 3 7 U
5 8 1 3 R
5 9 1 9 D
5 10 15 16 L
5 11 2 1 R
5 12 4 14 L
5 13 0 6 U
5 14 0 10 D
5 15 2 15 L
5 16 2 16 L
6 0 1 0 R
6 1 0 4 U
6 2 7 2 R
6 3 5 3 R
6 4 12 4 U
6 5 15 0 R
6 6 3 13 L
6 7 0 14 L
6 8 13 16 L
6 9 0 4 U
6 10 4 10 D
6 11 11 3 R
6 12 7 12 D
6 13 7 2 R
6 14 8 14 L
6 15 0 5 U
6 16 8 16 L
7 0 0 11 D
7 1 2 1 R
7 2 1 8 D
7 3 13 8 D
7 4 0 14 L
7 5 0 1 R
7 6 9 3 R
7 7 2 7 U
7 8 9 0 R
7 9 10 9 D
7 10 2 10 D
7 11 8 14 L
7 13 16 11 D
7 14 0 8 D
7 15 8 15 L
7 16 5 8 D
8 0 6 0 R
8 1 0 5 U
8 2 1 11 D
8 3 17 16 L
8 4 0 16 L
8 5 3 16 L
8 6 14 1 R
8 7 4 7 U
8 8 6 15 L
8 9 12 0 R
8 10 0 0 R
8 11 0 4 U
8 13 3 9 D
8 14 9 14 L
8 15 11 15 L
8 16 3 4 U
9 0 0 6 U
9 1 13 9 D
9 2 1 2 R
9 3 1 4 U
9 4 1 0 R
9 5 2 5 U
9 6 4 6 U
9 7 0 10 D
9 8 0 15 L
9 9 0 16 L
9 10 0 3 R
9 11 1 2 R
9 13 0 0 R
9 14 4 11 D
9 15 2 15 L
9 16 7 8 D
10 0 4 9 D
10 1 3 10 D
10 2 9 9 D
10 3 15 6 U
10 4 13 3 R
10 5 11 13 L
10 6 15 11 D
10 7 5 12 D
10 8 1 0 R
10 9 5 13 L
10 10 3 15 L
10 11 16 1 R
10 12 7 12 D
10 13 6 13 L
10 14 2 5 U
10 15 13 9 D
10 16 6 3 R
11 0 5 7 U
11 1 13 5 U
11 2 2 2 R
11 3 2 3 R
11 4 10 15 L
11 5 8 13 L
11 6 3 6 U
11 8 15 13 L
11 9 3 16 L
11 10 1 14 L
11 11 6 0 R
11 13 8 6 U
11 14 6 8 D
11 15 12 6 U
11 16 4 16 L
12 0 0 13 L
12 1 7 1 R
12 2 3 2 R
12 3 7 14 L
12 4 1 13 L
12 5 3 14 L
12 6 10 8 D
12 8 4 1 R
12 9 3 9 D
12 10 16 10 D
12 11 18 11 D
12 13 6 13 L
12 14 10 4 U
12 15 14 10 D
12 16 0 5 U
13 0 7 6 U
13 1 9 6 U
13 2 14 14 L
13 3 6 11 D
13 4 14 14 L
13 5 1 16 L
13 6 6 6 U
13 9 1 9 D
13 10 10 2 R
13 11 5 11 D
13 13 0 12 D
13 14 10 5 U
13 15 7 8 D
13 16 2 16 L
14 0 2 12 D
14 1 10 1 R
14 2 12 8 D
14 3 6 3 R
14 4 2 0 R
14 5 0 0 R
14 6 8 13 L
14 8 5 8 D
14 9 3 3 R
14 10 7 10 D
14 11 0 14 L
14 13 0 2 R
14 14 2 6 U
14 15 4 15 L
14 16 3 0 R
15 0 7 7 U
15 1 4 6 U
15 2 5 6 U
15 4 1 8 D
15 5 6 5 U
15 6 6 6 U
15 8 8 8 D
15 9 0 6 U
15 10 0 2 R
15 13 18 9 D
15 14 6 14 L
15 15 4 15 L
16 0 12 4 U
16 2 0 5 U
16 4 12 9 D
16 5 3 13 L
16 6 14 0 R
16 9 3 9 D
16 10 3 5 U
16 13 1 13 L
16 14 2 14 L
16 15 0 3 R
17 0 7 14 L
17 2 13 14 L
17 4 0 11 D
17 5 12 14 L
17 6 0 14 L
17 9 11 9 D
17 13 16 6 U
17 14 5 14 L
17 15 3 15 L
18 0 5 10 D
18 2 0 10 D
18 4 8 1 R
18 5 13 5 U
18 6 1 11 D
18 9 16 13 L
18 13 1 13 L
18 14 7 11 D
19 0 0 15 L
19 2 7 2 R
19 5 1 13 L
19 6 3 1 R
20 0 8 14 L

