34 29 810
26 0 6 6 0 0 0 6 0 0 22 29 13 29
10 24 0 17 0 0 0 9 0 0 11 0 0 0
14 0 0 0 0 0 0 9 0 0 0 30 13 28
3 14 30 16 0 0 0 18 0 0 0 29 23 3
12 14 0 0 25 0 0 0 0 0 0 28 0 0
8 26 0 29 30 0 0 0 0 0 0 0 0 27
3 0 20 0 10 0 0 0 0 0 0 0 0 8
4 0 26 30 0 0 0 23 23 26 10 0 8 27
5 19 0 0 27 0 0 0 8 30 29 28 0 0
0 17 0 20 0 0 0 2 6 0 26 0 0 0
21 0 3 0 0 0 0 0 0 21 27 0 20 31
0 0 3 0 0 4 23 0 16 0 0 0 22 11
20 24 0 0 0 0 25 31 0 0 0 0 1 0
0 21 0 0 0 19 0 0 7 0 0 26 22 22
0 0 0 0 L
0 1 0 1 L
0 2 0 2 L
0 3 0 3 L
0 4 0 4 L
0 5 0 5 L
0 6 0 6 L
0 7 0 7 L
0 8 0 8 R
0 9 0 9 R
0 10 0 10 R
0 11 0 11 R
0 12 0 12 R
0 13 0 13 R
0 14 0 14 R
0 15 0 15 R
0 16 0 16 D
0 17 0 17 D
0 18 0 18 D
0 19 0 19 D
0 20 0 20 D
0 21 0 21 D
0 22 0 22 D
0 23 0 23 U
0 24 0 24 U
0 25 0 25 U
0 26 0 26 U
0 27 0 27 U
0 28 0 28 U
1 0 0 23 U
1 1 19 17 D
1 2 4 2 L
1 3 4 23 U
1 4 28 20 D
1 5 14 5 L
1 6 4 6 L
1 7 11 7 L
1 8 5 0 L
1 9 15 18 D
1 10 14 19 D
1 11 2 11 R
1 12 17 17 D
1 13 3 13 R
1 14 2 14 R
1 15 8 21 D
1 16 19 10 R
1 17 9 17 D
1 18 0 9 R
1 19 3 19 D
1 20 9 20 D
1 21 8 2 L
1 23 19 4 L
1 24 0 0 L
1 25 12 25 U
1 26 4 7 L
1 27 9 27 U
1 28 20 4 L
2 0 11 25 U
2 1 0 18 D
2 2 1 2 L
2 3 4 3 L
2 4 24 25 U
2 5 4 5 L
2 6 3 6 L
2 7 5 7 L
2 8 18 8 R
2 9 9 16 D
2 10 1 6 L
2 11 5 11 R
2 12 0 26 U
2 13 4 13 R
2 14 7 14 R
2 15 25 2 L
2 16 0 8 R
2 17 0 4 L
2 18 4 1 L
2 19 22 4 L
2 20 9 0 L
2 21 19 14 R
2 22 0 14 R
2 23 7 20 D
2 24 3 0 L
2 25 28 0 L
2 26 14 5 L
2 27 12 11 R
2 28 21 0 L
3 0 11 23 U
3 1 7 16 D
3 2 18 26 U
3 3 8 22 D
3 4 6 4 L
3 5 4 18 D
3 6 10 20 D
3 7 5 7 L
3 8 1 16 D
3 9 20 27 U
3 10 2 16 D
3 11 1 19 D
3 12 21 16 D
3 13 0 5 L
3 14 7 14 R
3 15 16 23 U
3 16 21 15 R
3 17 17 9 R
3 18 15 12 R
3 19 18 13 R
3 20 17 13 R
3 21 12 15 R
3 23 0 20 D
3 24 5 8 R
3 25 20 13 R
3 26 5 13 R
3 27 1 27 U
3 28 25 2 L
4 0 10 25 U
4 1 1 21 D
4 2 3 11 R
4 3 1 24 U
4 4 2 4 L
4 5 20 5 L
4 6 1 6 L
4 7 17 28 U
4 8 23 23 U
4 9 0 17 D
4 10 16 18 D
4 11 2 11 R
4 12 2 12 R
4 13 13 13 R
4 14 9 20 D
4 15 2 15 R
4 16 0 12 R
4 17 7 10 R
4 18 19 13 R
4 19 8 1 L
4 20 17 20 D
4 21 6 21 D
4 22 26 7 L
4 23 26 3 L
4 24 11 8 R
4 25 0 7 L
4 26 22 26 U
4 27 14 13 R
4 28 14 13 R
5 0 0 16 D
5 1 24 18 D
5 2 23 17 D
5 3 2 3 L
5 4 20 21 D
5 5 10 5 L
5 6 10 18 D
5 7 24 7 L
5 8 18 16 D
5 9 6 25 U
5 10 4 20 D
5 11 0 2 L
5 12 6 1 L
5 13 19 16 D
5 14 3 14 R
5 15 6 6 L
5 16 17 12 R
5 17 27 1 L
5 18 9 0 L
5 19 0 6 L
5 20 18 3 L
5 21 0 8 R
5 22 4 15 R
5 23 0 16 D
5 24 11 10 R
5 25 9 4 L
5 26 2 10 R
5 27 3 12 R
5 28 12 1 L
6 0 20 17 D
6 1 23 22 D
6 2 7 2 L
6 3 9 26 U
6 4 1 4 L
6 5 29 5 L
6 6 12 6 L
6 7 5 19 D
6 8 9 1 L
6 9 20 2 L
6 10 0 1 L
6 11 4 11 R
6 12 3 12 R
6 13 5 13 R
6 14 5 14 R
6 15 2 28 U
6 16 2 25 U
6 17 4 10 R
6 18 18 1 L
6 19 16 6 L
6 20 15 13 R
6 21 24 1 L
6 23 4 14 R
6 24 2 6 L
6 25 0 11 R
6 26 0 17 D
6 27 3 27 U
6 28 15 14 R
7 0 20 27 U
7 1 17 9 R
7 2 2 2 L
7 3 3 3 L
7 4 14 4 L
7 5 17 5 L
7 6 8 6 L
7 7 1 7 L
7 8 0 24 U
7 9 0 4 L
7 10 0 28 U
7 11 10 11 R
7 12 10 17 D
7 13 17 19 D
7 14 1 27 U
7 15 1 17 D
7 16 8 9 R
7 17 4 2 L
7 18 24 12 R
7 19 11 0 L
7 20 17 2 L
7 21 19 0 L
7 23 14 15 R
7 24 16 14 R
7 25 16 9 R
7 26 0 19 D
7 27 16 13 R
7 28 3 13 R
8 0 11 9 R
8 1 16 1 L
8 2 20 24 U
8 3 14 3 L
8 4 1 4 L
8 5 5 5 L
8 6 22 6 L
8 7 27 24 U
8 8 4 27 U
8 9 19 3 L
8 10 18 10 R
8 11 22 5 L
8 12 5 12 R
8 13 2 26 U
8 14 22 14 R
8 15 4 26 U
8 16 25 11 R
8 17 17 14 R
8 18 6 6 L
8 19 20 11 R
8 20 18 5 L
8 21 20 21 D
8 22 15 10 R
8 23 6 16 D
8 24 13 3 L
8 25 12 1 L
8 26 10 13 R
8 27 10 9 R
8 28 15 10 R
9 0 18 26 U
9 1 17 24 U
9 2 3 18 D
9 3 7 24 U
9 4 24 21 D
9 5 31 24 U
9 6 4 24 U
9 7 2 7 L
9 8 12 23 U
9 9 8 9 R
9 10 2 26 U
9 11 26 25 U
9 12 25 12 R
9 13 3 13 R
9 14 16 21 D
9 15 17 3 L
9 16 8 11 R
9 17 3 10 R
9 18 0 10 R
9 19 0 13 R
9 20 1 20 D
9 21 8 14 R
9 22 18 14 R
9 23 15 2 L
9 24 19 24 U
9 25 15 11 R
9 26 1 2 L
9 27 1 27 U
9 28 14 28 U
10 0 7 24 U
10 1 17 26 U
10 2 6 2 L
10 3 4 3 L
10 4 27 18 D
10 5 5 5 L
10 6 6 28 U
10 7 8 7 L
10 8 19 25 U
10 9 0 18 D
10 10 4 18 D
10 11 6 2 L
10 12 4 12 R
10 13 4 13 R
10 14 14 16 D
10 15 0 24 U
10 16 0 24 U
10 17 26 5 L
10 18 18 12 R
10 19 21 7 L
10 21 13 11 R
10 23 16 9 R
10 24 0 9 R
10 25 15 9 R
10 26 0 3 L
10 27 16 9 R
10 28 13 3 L
11 0 7 16 D
11 1 19 1 L
11 2 4 19 D
11 3 5 3 L
11 4 10 4 L
11 5 5 5 L
11 6 0 15 R
11 7 29 20 D
11 8 2 8 R
11 9 29 24 U
11 10 5 1 L
11 11 23 18 D
11 12 1 16 D
11 13 1 13 R
11 14 19 14 R
11 15 27 20 D
11 16 22 0 L
11 17 1 8 R
11 18 9 10 R
11 19 7 8 R
11 20 0 11 R
11 21 13 10 R
11 22 17 11 R
11 23 2 10 R
11 25 14 25 U
11 26 13 3 L
11 27 3 13 R
11 28 3 7 L
12 0 15 21 D
12 1 19 8 R
12 2 1 23 U
12 3 0 12 R
12 4 8 11 R
12 5 22 22 D
12 6 27 21 D
12 7 21 7 L
12 8 13 17 D
12 9 25 16 D
12 10 3 10 R
12 11 17 18 D
12 12 11 5 L
12 13 4 2 L
12 14 8 19 D
12 15 25 19 D
12 16 14 13 R
12 17 25 17 D
12 18 2 0 L
12 19 6 19 D
12 20 1 20 D
12 21 9 21 D
12 22 15 22 D
12 23 26 5 L
12 25 20 25 U
12 26 11 26 U
12 27 1 27 U
12 28 19 28 U
13 0 24 16 D
13 1 26 17 D
13 2 6 2 L
13 3 7 3 L
13 4 4 26 U
13 5 22 14 R
13 6 8 6 L
13 7 16 7 L
13 9 5 19 D
13 10 18 19 D
13 11 26 26 U
13 12 16 19 D
13 13 30 18 D
13 14 4 23 U
13 15 24 7 L
13 16 22 10 R
13 17 0 0 L
13 18 4 5 L
13 19 18 2 L
13 21 25 23 U
13 23 11 0 L
13 24 11 9 R
13 25 5 18 D
13 26 0 21 D
13 27 6 8 R
14 0 19 16 D
14 1 24 17 D
14 2 7 18 D
14 3 19 20 D
14 4 29 24 U
14 5 11 26 U
14 6 3 24 U
14 7 5 18 D
14 9 1 20 D
14 10 15 17 D
14 11 3 11 R
14 12 17 12 R
14 13 6 13 R
14 14 1 14 R
14 15 2 15 R
14 16 4 1 L
14 17 7 14 R
14 18 21 11 R
14 19 33 19 D
14 20 12 10 R
14 21 18 13 R
14 22 6 22 D
14 23 1 4 L
14 24 4 2 L
14 25 4 0 L
14 26 16 4 L
14 27 6 27 U
14 28 8 28 U
15 0 3 20 D
15 1 23 19 D
15 2 11 20 D
15 3 3 17 D
15 4 6 4 L
15 5 18 27 U
15 6 28 26 U
15 7 12 24 U
15 8 0 16 D
15 9 14 23 U
15 10 26 17 D
15 11 18 17 D
15 12 14 20 D
15 13 26 19 D
15 14 9 18 D
15 15 13 15 R
15 16 6 2 L
15 17 18 8 R
15 18 11 9 R
15 19 2 9 R
15 20 10 9 R
15 21 30 21 D
15 23 29 18 D
15 24 9 24 U
15 25 4 10 R
15 26 0 22 D
15 27 24 27 U
15 28 16 6 L
16 0 19 8 R
16 1 3 16 D
16 2 24 16 D
16 3 8 26 U
16 4 17 4 L
16 5 2 5 L
16 6 17 22 D
16 7 26 22 D
16 8 13 23 U
16 9 21 21 D
16 10 19 10 R
16 11 21 20 D
16 12 4 19 D
16 13 25 16 D
16 14 5 14 R
16 15 7 15 R
16 16 13 9 R
16 17 12 17 D
16 18 3 4 L
16 19 2 11 R
16 21 8 11 R
16 23 12 7 L
16 25 14 6 L
16 26 1 3 L
16 27 9 5 L
16 28 15 4 L
17 0 11 28 U
17 1 13 18 D
17 2 9 28 U
17 3 15 28 U
17 4 11 27 U
17 5 27 28 U
17 6 8 27 U
17 7 0 14 R
17 8 5 23 U
17 9 28 25 U
17 10 16 16 D
17 11 7 11 R
17 12 4 12 R
17 13 22 25 U
17 14 0 17 D
17 15 24 26 U
17 16 20 8 R
17 17 7 9 R
17 18 7 8 R
17 19 9 19 D
17 20 27 15 R
17 21 3 14 R
17 23 4 0 L
17 24 20 13 R
17 25 29 11 R
17 26 12 4 L
17 27 20 6 L
17 28 25 28 U
18 0 24 24 U
18 1 19 1 L
18 2 8 27 U
18 3 0 25 U
18 4 1 4 L
18 5 5 23 U
18 6 23 6 L
18 7 14 7 L
18 8 29 23 U
18 9 4 24 U
18 10 21 20 D
18 11 23 26 U
18 12 8 23 U
18 13 5 26 U
18 14 15 25 U
18 15 2 15 R
18 16 16 24 U
18 17 10 15 R
18 18 22 10 R
18 19 30 10 R
18 20 17 6 L
18 21 1 14 R
18 23 16 2 L
18 24 23 0 L
18 25 8 0 L
18 26 5 1 L
18 27 27 2 L
18 28 6 28 U
19 0 27 10 R
19 1 4 24 U
19 2 11 25 U
19 3 11 3 L
19 4 22 28 U
19 5 8 5 L
19 6 22 6 L
19 7 2 7 L
19 8 7 8 R
19 9 5 1 L
19 10 2 27 U
19 11 21 28 U
19 12 0 19 D
19 13 6 24 U
19 14 10 23 U
19 15 13 15 R
19 16 16 12 R
19 17 6 9 R
19 18 22 18 D
19 19 13 2 L
19 20 6 20 D
19 23 32 15 R
19 24 24 8 R
19 25 14 5 L
19 26 23 11 R
19 27 18 1 L
19 28 30 11 R
20 0 3 23 U
20 1 29 27 U
20 2 6 27 U
20 3 2 18 D
20 4 0 10 R
20 5 0 27 U
20 6 17 9 R
20 7 14 7 L
20 9 18 26 U
20 10 23 1 L
20 11 15 6 L
20 12 7 12 R
20 13 0 0 L
20 14 31 20 D
20 15 1 15 R
20 16 12 16 D
20 17 14 13 R
20 18 10 14 R
20 19 17 1 L
20 20 19 14 R
20 21 17 21 D
20 23 14 10 R
20 24 1 12 R
20 25 12 25 U
20 26 25 26 U
20 27 14 10 R
20 28 24 9 R
21 0 3 27 U
21 1 25 13 R
21 2 14 24 U
21 3 3 24 U
21 4 22 25 U
21 5 23 16 D
21 6 4 21 D
21 7 20 27 U
21 8 29 24 U
21 9 3 24 U
21 10 11 25 U
21 11 9 21 D
21 12 23 18 D
21 13 13 3 L
21 14 26 21 D
21 15 18 15 R
21 16 7 9 R
21 17 4 1 L
21 19 25 7 L
21 20 15 3 L
21 23 12 0 L
21 24 8 0 L
21 25 17 3 L
21 26 13 2 L
21 27 25 3 L
21 28 10 6 L
22 0 25 24 U
22 1 11 25 U
22 2 1 2 L
22 3 14 25 U
22 4 23 25 U
22 5 13 25 U
22 6 11 28 U
22 7 16 7 L
22 8 2 23 U
22 9 7 26 U
22 10 8 10 R
22 11 13 24 U
22 12 5 2 L
22 13 18 19 D
22 14 10 28 U
22 15 3 20 D
22 16 3 8 R
22 17 24 4 L
22 18 15 10 R
22 19 9 12 R
22 20 8 4 L
22 21 20 21 D
22 23 16 11 R
22 24 5 24 U
22 25 20 25 U
22 26 15 26 U
22 27 9 27 U
22 28 19 28 U
23 0 24 18 D
23 2 3 19 D
23 3 15 18 D
23 4 3 4 L
23 5 10 20 D
23 6 18 28 U
23 7 4 23 U
23 9 0 7 L
23 10 13 10 R
23 11 21 22 D
23 12 18 16 D
23 13 5 13 R
23 14 25 4 L
23 15 19 15 R
23 16 2 8 R
23 17 16 1 L
23 18 7 4 L
23 19 21 3 L
23 20 13 1 L
23 21 18 6 L
23 22 29 6 L
23 23 11 4 L
23 24 13 12 R
23 25 5 13 R
23 26 24 8 R
23 27 5 11 R
23 28 2 9 R
24 0 4 18 D
24 1 26 16 D
24 2 13 20 D
24 3 0 22 D
24 4 10 19 D
24 5 2 26 U
24 6 1 26 U
24 9 2 16 D
24 10 9 18 D
24 11 17 20 D
24 12 2 28 U
24 13 16 25 U
24 14 18 14 R
24 15 31 15 R
24 16 4 9 R
24 17 9 12 R
24 18 3 12 R
24 20 19 15 R
24 23 0 12 R
24 24 3 8 R
24 25 15 15 R
24 26 11 14 R
24 27 14 1 L
24 28 6 8 R
25 0 15 0 L
25 2 4 27 U
25 3 0 13 R
25 4 2 4 L
25 5 2 23 U
25 6 28 25 U
25 7 20 25 U
25 9 4 19 D
25 10 4 23 U
25 11 27 19 D
25 12 9 27 U
25 13 2 7 L
25 14 6 3 L
25 15 3 16 D
25 16 5 11 R
25 17 15 27 U
25 18 22 9 R
25 19 9 19 D
25 20 12 20 D
25 23 1 6 L
25 24 11 2 L
25 25 26 12 R
25 26 26 6 L
25 27 1 27 U
25 28 14 11 R
26 2 21 22 D
26 3 5 17 D
26 4 2 4 L
26 5 1 8 R
26 6 12 8 R
26 8 21 22 D
26 10 28 18 D
26 11 7 27 U
26 12 18 23 U
26 13 19 27 U
26 14 23 23 U
26 15 16 17 D
26 16 23 15 R
26 17 13 2 L
26 18 4 0 L
26 19 4 1 L
26 21 0 3 L
26 22 0 5 L
26 23 21 5 L
26 24 2 12 R
26 25 9 8 R
26 26 18 6 L
26 27 3 0 L
26 28 21 14 R
27 2 22 23 U
27 3 15 21 D
27 4 5 19 D
27 5 6 26 U
27 6 23 10 R
27 8 8 1 L
27 9 11 9 R
27 11 2 11 R
27 12 24 22 D
27 13 30 26 U
27 14 12 14 R
27 15 23 7 L
27 16 19 3 L
27 17 2 14 R
27 18 5 3 L
27 19 2 12 R
27 20 5 4 L
27 23 2 20 D
27 24 17 18 D
27 25 24 2 L
27 26 7 1 L
27 28 5 10 R
28 2 25 18 D
28 3 15 16 D
28 9 14 16 D
28 11 23 25 U
28 12 5 12 R
28 14 0 7 L
28 15 27 23 U
28 16 22 8 R
28 17 16 0 L
28 18 8 10 R
28 23 24 6 L
28 25 22 25 U
28 26 19 9 R
28 27 21 14 R
28 28 14 19 D
29 2 0 21 D
29 3 27 3 L
29 11 5 11 R
29 12 16 12 R
29 14 13 14 R
29 15 5 15 R
29 16 21 1 L
29 17 18 14 R
29 18 17 2 L
29 20 22 11 R
29 22 19 4 L
29 23 25 0 L
29 25 15 19 D
29 26 5 8 R
29 28 28 13 R
30 2 28 27 U
30 3 32 19 D
30 11 13 25 U
30 12 2 12 R
30 14 13 14 R
30 15 1 15 R
30 16 5 15 R
30 17 25 15 R
30 25 7 5 L
31 2 33 9 R
31 3 3 27 U
31 11 2 11 R
31 12 18 5 L
31 25 15 7 L
32 3 25 20 D
32 25 13 8 R
33 3 16 8 R
33 25 12 25 U

