20 22 384
8 0 0 10 0 0 12 0 0 0 14 0 0 0 9 11 4 5 0 2
0 0 0 14 0 0 0 0 0 16 14 8 0 0 16 0 0 16 0 0
0 0 0 19 0 6 0 0 3 18 0 0 0 0 0 17 16 0 2 0
0 7 0 0 0 0 13 0 13 3 0 1 0 0 0 1 7 0 19 0
0 0 0 0 0 0 0 14 0 0 0 0 0 14 0 0 3 0 0 0
0 0 0 0 3 0 17 0 0 0 0 0 0 0 0 18 0 15 18 4
0 0 0 6 0 0 0 0 0 5 0 13 0 0 0 16 6 0 0 0
0 2 0 7 0 15 0 0 19 0 16 0 0 0 0 0 10 0 0 18
14 0 0 12 0 1 17 0 0 0 12 0 0 0 18 1 0 0 0 0
11 0 0 0 0 0 0 8 0 0 13 17 0 15 12 12 0 10 0 0
0 0 0 0 0 16 0 0 0 2 2 13 0 0 8 15 0 0 0 0
0 0 14 0 12 0 0 0 0 8 0 0 0 0 0 14 0 17 0 0
3 0 0 0 16 15 0 0 0 10 4 0 0 0 4 12 0 17 0 0
0 0 0 0 0 0 0 13 0 0 18 0 11 0 10 0 0 0 0 0
2 0 2 0 0 1 0 12 8 16 1 3 0 0 9 0 2 17 0 0
16 0 0 0 0 0 0 0 0 17 12 0 0 0 0 14 0 2 17 7
17 0 16 0 14 8 0 0 0 0 0 0 16 11 13 0 2 2 1 0
15 1 6 0 0 0 0 0 0 5 0 0 0 4 15 0 0 7 0 0
0 0 0 0 0 8 0 0 9 13 7 0 4 0 0 0 0 4 0 9
14 0 0 0 0 0 0 0 0 0 0 0 0 0 0 0 0 14 0 7
0 0 0 0 D
0 1 0 1 D
0 2 0 2 D
0 3 0 3 D
0 4 0 4 D
0 5 0 5 R
0 6 0 6 R
0 7 0 7 R
0 8 0 8 R
0 9 0 9 R
0 10 0 10 R
0 11 0 11 U
0 12 0 12 U
0 13 0 13 U
0 14 0 14 U
0 15 0 15 U
0 16 0 16 L
0 17 0 17 L
0 18 0 18 L
0 19 0 19 L
0 20 0 20 L
0 21 0 21 L
1 0 7 16 L
1 1 8 17 L
1 2 12 2 D
1 3 4 3 D
1 4 13 18 L
1 5 0 17 L
1 6 12 6 R
1 7 15 2 D
1 8 0 3 D
1 9 2 0 D
1 10 7 11 U
1 11 17 9 R
1 12 10 5 R
1 13 12 17 L
1 14 15 16 L
1 15 11 21 L
1 16 5 0 D
1 17 4 4 D
1 18 4 13 U
1 19 12 2 D
1 20 3 20 L
1 21 9 21 L
2 0 6 7 R
2 1 9 9 R
2 2 19 13 U
2 3 0 8 R
2 4 0 21 L
2 5 0 16 L
2 6 0 4 D
2 7 0 17 L
2 8 13 15 U
2 9 5 15 U
2 10 6 10 R
2 11 0 20 L
2 12 0 1 D
2 13 3 17 L
2 14 11 6 R
2 15 8 7 R
2 16 0 11 U
2 17 4 0 D
2 18 15 18 L
2 19 16 0 D
2 20 0 3 D
2 21 10 21 L
3 0 14 0 D
3 1 8 6 R
3 2 1 8 R
3 3 0 13 U
3 4 11 4 D
3 5 12 4 D
3 6 15 18 L
3 7 4 7 R
3 8 1 13 U
3 9 13 9 R
3 10 5 10 R
3 11 2 11 U
3 12 14 17 L
3 13 14 13 U
3 14 0 8 R
3 15 4 18 L
3 16 4 7 R
3 17 0 6 R
3 18 15 9 R
3 19 6 15 U
3 20 7 0 D
3 21 0 8 R
4 0 9 0 D
4 1 11 5 R
4 2 0 19 L
4 3 1 17 L
4 4 14 8 R
4 5 10 0 D
4 6 0 21 L
4 7 0 2 D
4 8 9 2 D
4 9 9 14 U
4 11 0 16 L
4 12 15 12 U
4 13 0 7 R
4 14 11 5 R
4 15 13 19 L
4 16 0 4 D
4 17 0 5 R
4 18 0 1 D
4 19 3 9 R
4 20 11 13 U
4 21 2 2 D
5 0 10 19 L
5 1 11 17 L
5 2 2 20 L
5 3 16 21 L
5 4 3 6 R
5 5 12 18 L
5 6 16 13 U
5 7 12 4 D
5 8 4 13 U
5 9 7 3 D
5 10 13 12 U
5 11 4 5 R
5 12 8 19 L
5 13 15 1 D
5 14 0 2 D
5 15 2 9 R
5 16 17 13 U
5 17 1 17 L
5 18 6 1 D
5 19 10 19 L
5 20 4 15 U
5 21 3 21 L
6 0 1 16 L
6 1 12 19 L
6 2 12 7 R
6 3 11 19 L
6 4 1 4 D
6 5 1 12 U
6 6 9 11 U
6 7 12 15 U
6 8 12 3 D
6 9 5 9 R
6 11 8 20 L
6 12 3 12 U
6 13 1 13 U
6 14 14 18 L
6 15 3 16 L
6 16 9 11 U
6 17 7 2 D
6 18 2 14 U
6 19 0 12 U
6 20 7 20 L
6 21 9 15 U
7 0 1 5 R
7 1 0 6 R
7 2 4 18 L
7 3 0 7 R
7 4 6 20 L
7 5 0 11 U
7 6 11 12 U
7 7 9 13 U
7 8 11 8 R
7 9 6 11 U
7 10 6 15 U
7 11 0 17 L
7 12 0 10 R
7 13 1 7 R
7 14 10 14 U
7 15 3 15 U
7 16 1 2 D
7 17 0 0 D
7 18 3 3 D
7 19 8 13 U
7 20 5 1 D
7 21 9 0 D
8 0 0 11 U
8 1 5 9 R
8 2 1 20 L
8 3 11 3 D
8 4 6 4 D
8 5 13 5 R
8 6 14 2 D
8 7 7 11 U
8 8 3 8 R
8 9 5 0 D
8 11 0 0 D
8 12 17 10 R
8 13 1 13 U
8 14 0 4 D
8 15 12 7 R
8 16 7 12 U
8 17 3 17 L
8 18 3 18 L
8 19 2 11 U
8 20 2 20 L
8 21 5 14 U
9 0 7 17 L
9 1 6 18 L
9 2 7 14 U
9 3 8 20 L
9 4 0 20 L
9 5 1 5 R
9 6 15 3 D
9 7 1 18 L
9 8 0 13 U
9 9 2 9 R
9 10 1 11 U
9 11 4 19 L
9 12 3 12 U
9 13 5 8 R
9 14 5 14 U
9 15 16 1 D
9 16 0 15 U
9 17 10 12 U
9 18 16 0 D
9 19 7 4 D
9 20 0 10 R
9 21 11 13 U
10 0 8 16 L
10 1 9 1 D
10 2 12 6 R
10 3 11 6 R
10 4 14 7 R
10 5 15 1 D
10 6 1 6 R
10 7 13 1 D
10 8 9 8 R
10 9 3 9 R
10 11 15 19 L
10 12 14 16 L
10 13 15 18 L
10 14 7 14 U
10 15 17 20 L
10 16 2 16 L
10 17 7 3 D
10 18 6 18 L
10 19 0 7 R
10 20 7 20 L
10 21 4 8 R
11 0 3 6 R
11 1 0 5 R
11 2 5 21 L
11 3 16 5 R
11 4 13 9 R
11 5 12 3 D
11 6 5 11 U
11 7 3 1 D
11 8 1 8 R
11 9 3 9 R
11 11 8 16 L
11 12 1 19 L
11 13 1 21 L
11 14 4 17 L
11 15 2 15 U
11 16 10 1 D
11 17 1 4 D
11 18 13 18 L
11 19 6 19 L
11 20 0 14 U
11 21 9 21 L
12 0 6 16 L
12 1 13 16 L
12 2 13 16 L
12 3 0 18 L
12 5 0 1 D
12 6 3 1 D
12 7 7 2 D
12 8 9 8 R
12 9 16 12 U
12 11 8 17 L
12 12 5 19 L
12 13 4 18 L
12 14 3 14 U
12 15 8 15 U
12 16 10 5 R
12 17 8 17 L
12 18 6 18 L
12 19 7 9 R
12 20 6 20 L
12 21 8 21 L
13 0 1 18 L
13 1 2 5 R
13 2 1 16 L
13 3 10 17 L
13 5 2 5 R
13 6 2 6 R
13 7 1 7 R
13 8 14 12 U
13 9 0 2 D
13 11 0 9 R
13 12 14 6 R
13 13 2 20 L
13 14 0 3 D
13 15 0 21 L
13 16 5 16 L
13 17 8 14 U
13 18 6 18 L
13 19 9 19 L
13 20 5 20 L
13 21 2 14 U
14 0 10 11 U
14 1 4 1 D
14 2 1 19 L
14 3 1 3 D
14 5 4 5 R
14 6 0 0 D
14 7 13 14 U
14 8 5 8 R
14 9 7 14 U
14 11 0 5 R
14 12 0 18 L
14 13 8 7 R
14 14 3 14 U
14 15 10 6 R
14 16 3 7 R
14 17 12 7 R
14 18 0 9 R
14 19 0 11 U
14 20 11 11 U
14 21 6 21 L
15 0 1 0 D
15 1 5 1 D
15 2 13 20 L
15 3 0 12 U
15 4 1 4 D
15 5 11 1 D
15 6 4 0 D
15 7 12 0 D
15 8 3 1 D
15 9 1 9 R
15 11 13 10 R
15 12 1 8 R
15 13 16 6 R
15 14 2 20 L
15 15 8 15 U
15 17 2 17 L
15 18 8 12 U
15 19 7 12 U
15 20 0 12 U
15 21 16 12 U
16 1 10 1 D
16 2 15 5 R
16 3 11 3 D
16 4 7 19 L
16 5 14 14 U
16 6 5 0 D
16 7 14 7 R
16 8 2 14 U
16 9 14 1 D
16 11 7 21 L
16 12 0 6 R
16 13 8 13 U
16 14 10 17 L
16 15 7 15 U
16 16 11 2 D
16 17 0 7 R
16 18 4 2 D
16 19 5 3 D
16 20 14 20 L
16 21 3 7 R
17 1 18 21 L
17 2 14 8 R
17 6 0 14 U
17 8 18 3 D
17 9 8 9 R
17 11 9 11 U
17 12 6 12 U
17 13 4 10 R
17 14 7 14 U
17 16 14 12 U
17 17 1 17 L
17 20 0 2 D
17 21 3 21 L
18 1 4 1 D
18 2 9 20 L
18 6 0 18 L
18 8 0 15 U
18 9 7 9 R
18 12 10 12 U
18 14 1 21 L
18 20 2 20 L
19 2 12 17 L
19 6 2 1 D
19 12 16 9 R
19 20 2 14 U

