31 21 572
15 15 22 12 0 0 0 28 14 0 0 25 27
0 13 11 18 0 0 0 4 16 11 0 0 11
0 13 13 0 17 28 0 0 0 16 0 24 26
0 7 0 25 26 12 28 0 17 0 30 23 12
0 13 0 0 18 0 28 21 0 0 0 4 28
0 0 0 0 0 28 0 0 18 0 21 23 0
0 0 0 26 20 0 28 22 21 27 0 29 24
0 0 0 8 0 27 19 25 11 26 19 0 26
0 24 0 23 4 14 17 0 6 0 12 16 27
0 0 0 0 3 19 15 23 0 28 0 29 26
0 8 0 3 24 20 24 0 0 29 27 18 25
0 1 30 15 23 21 0 21 2 4 18 0 1
28 29 29 0 7 10 7 0 0 30 26 0 5
0 0 0 0 R
0 1 0 1 R
0 2 0 2 R
0 3 0 3 R
0 4 0 4 R
0 5 0 5 U
0 6 0 6 U
0 7 0 7 U
0 8 0 8 U
0 9 0 9 U
0 10 0 10 U
0 11 0 11 D
0 12 0 12 D
0 13 0 13 D
0 14 0 14 D
0 15 0 15 D
0 16 0 16 L
0 17 0 17 L
0 18 0 18 L
0 19 0 19 L
0 20 0 20 L
1 0 26 14 D
1 1 8 11 D
1 2 10 2 R
1 3 8 3 R
1 4 4 4 R
1 5 0 0 R
1 6 16 19 L
1 7 5 7 U
1 8 10 8 U
1 9 9 9 U
1 10 5 10 U
1 11 0 10 U
1 12 0 5 U
1 13 2 13 D
1 14 3 14 D
1 15 7 15 D
1 16 2 13 D
1 17 5 12 D
1 18 3 6 U
1 19 17 13 D
1 20 17 15 D
2 0 0 5 U
2 1 5 1 R
2 2 0 7 U
2 3 17 3 R
2 4 11 4 R
2 5 0 16 L
2 6 4 6 U
2 7 0 1 R
2 8 17 2 R
2 9 3 14 D
2 10 22 10 U
2 11 1 5 U
2 12 0 9 U
2 13 0 17 L
2 14 13 17 L
2 15 22 9 U
2 16 0 0 R
2 17 11 17 L
2 18 7 18 L
2 19 10 19 L
2 20 12 20 L
3 0 1 6 U
3 1 11 20 L
3 2 0 10 U
3 3 2 12 D
3 4 7 12 D
3 5 19 18 L
3 6 4 6 U
3 7 1 7 U
3 8 6 8 U
3 9 12 3 R
3 10 1 10 U
3 11 6 16 L
3 12 8 12 D
3 13 1 13 D
3 14 22 14 D
3 15 1 15 D
3 16 0 2 R
3 17 24 11 D
3 18 2 0 R
3 19 21 19 L
3 20 15 6 U
4 0 0 13 D
4 1 0 6 U
4 2 0 12 D
4 3 14 14 D
4 4 11 4 R
4 5 0 12 D
4 6 10 6 U
4 7 17 19 L
4 8 12 17 L
4 9 9 9 U
4 10 11 16 L
4 11 0 0 R
4 12 24 1 R
4 13 0 7 U
4 14 10 14 D
4 15 19 2 R
4 16 19 16 L
4 17 26 1 R
4 18 8 13 D
4 19 1 15 D
4 20 18 11 D
5 0 0 8 U
5 1 14 1 R
5 2 1 6 U
5 3 7 19 L
5 4 2 4 R
5 5 13 0 R
5 6 12 2 R
5 7 2 7 U
5 8 7 8 U
5 9 12 9 U
5 10 18 13 D
5 11 4 16 L
5 12 25 19 L
5 13 6 13 D
5 14 0 6 U
5 15 1 15 D
5 16 0 6 U
5 17 19 6 U
5 18 2 14 D
5 19 24 12 D
5 20 2 20 L
6 0 10 15 D
6 1 13 6 U
6 2 21 12 D
6 3 1 6 U
6 4 14 16 L
6 5 15 11 D
6 6 5 6 U
6 7 4 7 U
6 8 13 1 R
6 9 22 17 L
6 10 22 16 L
6 11 12 1 R
6 12 3 12 D
6 13 11 18 L
6 14 2 14 D
6 15 11 15 D
6 16 15 5 U
6 17 19 15 D
6 18 2 18 L
6 19 11 19 L
6 20 26 8 U
7 0 0 12 D
7 1 11 18 L
7 2 8 2 R
7 3 6 8 U
7 4 0 9 U
7 5 13 17 L
7 6 17 16 L
7 7 12 7 U
7 8 9 8 U
7 9 19 9 U
7 10 1 10 U
7 11 3 11 D
7 12 2 16 L
7 13 1 2 R
7 14 1 19 L
7 15 0 18 L
7 16 2 16 L
7 17 0 10 U
7 18 0 8 U
7 19 0 9 U
7 20 13 7 U
8 0 1 15 D
8 1 11 14 D
8 2 2 2 R
8 3 20 12 D
8 4 5 4 R
8 5 15 17 L
8 6 4 11 D
8 7 19 3 R
8 8 9 20 L
8 9 1 9 U
8 10 5 10 U
8 11 7 19 L
8 12 21 20 L
8 13 0 6 U
8 14 11 20 L
8 15 3 15 D
8 16 11 15 D
8 17 10 17 L
8 18 1 18 L
8 19 6 13 D
8 20 1 20 L
9 0 0 15 D
9 1 23 13 D
9 2 22 13 D
9 3 1 5 U
9 4 5 4 R
9 5 12 3 R
9 6 17 4 R
9 7 6 7 U
9 8 1 8 U
9 9 1 9 U
9 10 13 19 L
9 11 16 4 R
9 12 1 18 L
9 13 3 13 D
9 14 13 3 R
9 15 5 15 D
9 16 17 9 U
9 17 1 11 D
9 18 7 9 U
9 19 1 10 U
9 20 12 20 L
10 0 6 8 U
10 1 0 11 D
10 2 6 13 D
10 3 17 13 D
10 4 7 15 D
10 5 5 20 L
10 6 8 19 L
10 7 15 20 L
10 8 17 16 L
10 9 25 9 U
10 10 3 10 U
10 11 18 5 U
10 12 14 18 L
10 13 22 3 R
10 14 0 7 U
10 15 4 15 D
10 16 0 3 R
10 17 2 12 D
10 18 14 3 R
10 19 1 19 L
10 20 3 20 L
11 0 12 15 D
11 1 10 13 D
11 2 8 2 R
11 3 2 8 U
11 4 8 4 R
11 5 16 18 L
11 6 10 0 R
11 7 0 3 R
11 8 12 20 L
11 9 23 2 R
11 10 5 10 U
11 11 26 19 L
11 12 7 18 L
11 13 13 7 U
11 14 0 2 R
11 15 7 16 L
11 16 5 11 D
11 17 13 5 U
11 18 8 18 L
11 19 19 6 U
11 20 16 20 L
12 0 18 0 R
12 1 14 1 R
12 2 20 7 U
12 3 1 9 U
12 4 23 18 L
12 5 11 17 L
12 6 8 17 L
12 7 20 7 U
12 8 8 4 R
12 9 1 9 U
12 11 0 1 R
12 12 11 3 R
12 13 13 13 D
12 14 6 4 R
12 15 23 15 D
12 16 9 13 D
12 17 17 11 D
12 18 11 18 L
12 19 21 19 L
12 20 17 20 L
13 0 5 0 R
13 1 3 12 D
13 2 11 5 U
13 3 14 10 U
13 4 3 5 U
13 6 0 17 L
13 7 14 4 R
13 8 26 8 U
13 10 5 10 U
13 11 7 4 R
13 12 0 19 L
13 13 5 3 R
13 14 14 17 L
13 15 2 15 D
13 16 18 11 D
13 17 20 12 D
13 18 0 13 D
13 19 1 19 L
13 20 0 7 U
14 0 1 20 L
14 1 27 14 D
14 2 1 12 D
14 3 10 3 R
14 4 21 8 U
14 5 26 1 R
14 6 1 6 U
14 7 23 1 R
14 8 3 8 U
14 9 27 16 L
14 10 0 20 L
14 11 3 17 L
14 12 16 18 L
14 13 15 13 D
14 14 0 4 R
14 15 4 19 L
14 16 4 8 U
14 17 11 14 D
14 18 12 2 R
14 19 29 15 D
14 20 9 14 D
15 0 17 9 U
15 1 18 11 D
15 2 24 7 U
15 3 27 3 R
15 4 20 6 U
15 5 16 11 D
15 6 16 6 U
15 7 8 13 D
15 8 14 8 U
15 9 19 9 U
15 11 16 0 R
15 12 17 2 R
15 13 16 17 L
15 14 3 10 U
15 15 5 15 D
15 16 11 8 U
15 17 11 6 U
15 18 20 5 U
15 19 1 19 L
15 20 2 4 R
16 0 12 7 U
16 1 1 12 D
16 2 1 2 R
16 3 3 3 R
16 4 10 13 D
16 5 6 11 D
16 6 27 1 R
16 7 6 12 D
16 8 19 8 U
16 9 11 18 L
16 11 21 1 R
16 12 23 0 R
16 13 19 2 R
16 14 23 14 D
16 15 7 15 D
16 16 19 5 U
16 17 6 5 U
16 18 0 5 U
16 19 12 14 D
16 20 21 14 D
17 0 5 0 R
17 1 1 1 R
17 2 8 11 D
17 3 3 3 R
17 4 12 11 D
17 5 11 3 R
17 6 18 4 R
17 7 9 7 U
17 8 0 18 L
17 10 16 0 R
17 11 20 19 L
17 12 7 1 R
17 13 1 1 R
17 14 15 14 D
17 15 6 3 R
17 16 1 12 D
17 17 24 17 L
17 18 25 12 D
17 19 24 19 L
17 20 24 20 L
18 0 22 11 D
18 1 1 7 U
18 2 22 2 R
18 3 20 3 R
18 4 14 15 D
18 5 21 3 R
18 6 6 18 L
18 7 7 7 U
18 8 23 1 R
18 10 6 2 R
18 11 11 4 R
18 12 7 12 D
18 13 21 16 L
18 14 23 8 U
18 15 8 15 D
18 16 24 16 L
18 17 4 9 U
18 18 11 18 L
18 19 0 1 R
18 20 16 20 L
19 0 6 0 R
19 1 10 11 D
19 2 10 11 D
19 3 21 11 D
19 4 21 5 U
19 6 3 4 R
19 7 1 7 U
19 8 12 8 U
19 10 1 10 U
19 11 15 0 R
19 12 23 5 U
19 13 0 8 U
19 14 3 14 D
19 15 0 16 L
19 16 12 16 L
19 17 12 7 U
19 18 11 18 L
19 19 21 15 D
19 20 18 12 D
20 0 8 13 D
20 1 1 15 D
20 2 5 6 U
20 3 23 6 U
20 5 11 16 L
20 6 5 6 U
20 7 16 7 U
20 8 23 0 R
20 9 11 0 R
20 11 19 3 R
20 12 0 2 R
20 13 10 5 U
20 14 25 16 L
20 15 15 16 L
20 16 2 15 D
20 17 18 17 L
20 18 22 18 L
20 19 8 19 L
20 20 14 20 L
21 0 1 11 D
21 1 9 1 R
21 2 1 2 R
21 3 5 3 R
21 4 17 4 R
21 5 25 19 L
21 6 16 6 U
21 7 2 7 U
21 8 5 13 D
21 9 12 4 R
21 11 19 20 L
21 12 2 17 L
21 13 6 13 D
21 14 1 14 D
21 15 3 18 L
21 16 8 10 U
21 17 18 6 U
21 18 19 6 U
21 19 12 2 R
22 0 7 11 D
22 1 2 11 D
22 2 20 12 D
22 4 12 7 U
22 5 4 16 L
22 6 9 6 U
22 7 18 17 L
22 8 3 8 U
22 9 13 9 U
22 10 9 10 U
22 11 19 17 L
22 12 12 12 D
22 13 7 18 L
22 14 4 14 D
22 15 1 0 R
22 16 4 4 R
22 17 1 17 L
22 18 21 18 L
22 19 4 19 L
22 20 9 20 L
23 0 24 17 L
23 1 1 1 R
23 2 20 2 R
23 4 19 4 R
23 6 21 18 L
23 7 24 2 R
23 8 18 8 U
23 9 20 9 U
23 11 26 2 R
23 12 4 12 D
23 13 1 13 D
23 14 5 14 D
23 15 8 15 D
23 16 5 7 U
23 17 1 17 L
23 18 13 12 D
23 19 2 15 D
23 20 18 13 D
24 0 29 0 R
24 1 22 1 R
24 2 4 2 R
24 3 19 3 R
24 4 20 4 R
24 5 25 2 R
24 6 22 3 R
24 7 9 7 U
24 8 2 8 U
24 11 27 7 U
24 12 15 17 L
24 13 1 13 D
24 14 23 9 U
24 15 22 17 L
24 16 0 11 D
24 17 9 5 U
24 18 22 14 D
24 19 1 19 L
25 0 0 16 L
25 1 3 11 D
25 2 0 5 U
25 6 3 1 R
25 7 3 7 U
25 8 1 16 L
25 9 2 20 L
25 12 8 12 D
25 13 9 13 D
25 14 22 14 D
25 15 3 15 D
25 16 1 15 D
25 17 28 13 D
25 18 17 15 D
25 19 18 14 D
26 0 12 12 D
26 1 25 5 U
26 2 9 6 U
26 5 5 16 L
26 6 25 6 U
26 7 2 3 R
26 8 10 8 U
26 9 3 19 L
26 12 0 16 L
26 13 24 13 D
26 14 16 0 R
26 15 0 0 R
26 16 18 1 R
26 17 24 2 R
26 18 16 18 L
26 19 0 4 R
27 0 9 16 L
27 2 8 2 R
27 3 4 3 R
27 6 26 6 U
27 7 2 7 U
27 8 24 18 L
27 12 3 12 D
27 13 15 13 D
27 14 9 8 U
27 15 1 15 D
27 16 21 11 D
27 17 1 17 L
27 18 4 7 U
27 19 18 19 L
28 0 11 14 D
28 6 21 6 U
28 7 1 19 L
28 12 29 19 L
28 13 3 13 D
28 14 1 3 R
28 15 12 15 D
28 16 19 14 D
28 17 4 13 D
28 18 12 3 R
28 19 23 5 U
29 0 10 14 D
29 2 24 8 U
29 6 27 6 U
29 7 16 1 R
29 12 28 8 U
29 14 7 14 D
29 16 21 13 D
29 19 23 19 L
30 0 21 6 U
30 12 3 12 D
30 16 4 11 D

