12 10 99
0 11 2 0 7 0 0 0 7 3
7 0 0 5 0 1 0 0 0 0
1 10 8 8 9 0 8 0 10 0
0 0 0 0 0 0 0 1 0 0
0 0 0 0 0 0 0 0 0 0
5 8 0 0 9 10 0 2 0 0
8 11 0 10 0 0 0 0 4 5
9 0 10 0 0 0 8 0 0 7
7 2 8 6 6 0 0 0 0 0
5 0 4 1 0 3 2 9 11 5
0 0 0 0 R
0 1 0 1 R
0 2 0 2 R
0 3 0 3 U
0 4 0 4 U
0 5 0 5 U
0 6 0 6 D
0 7 0 7 D
0 8 0 8 L
0 9 0 9 L
1 0 8 3 U
1 1 3 8 L
1 2 4 2 R
1 3 0 6 D
1 4 2 4 U
1 5 0 7 D
1 6 7 1 R
1 7 6 1 R
1 8 0 3 U
1 9 3 9 L
2 0 1 0 R
2 1 1 1 R
2 2 10 2 R
2 3 0 8 L
2 4 1 7 D
2 5 1 8 L
2 6 0 0 R
2 7 1 0 R
2 8 5 3 U
2 9 1 9 L
3 0 0 6 D
3 1 0 5 U
3 2 2 2 R
3 3 1 6 D
3 4 5 1 R
3 5 1 6 D
3 6 0 9 L
3 7 1 8 L
3 8 0 7 D
3 9 2 9 L
4 0 2 6 D
4 1 0 8 L
4 2 8 2 R
4 3 0 0 R
4 4 10 4 U
4 5 2 5 U
4 6 10 9 L
4 7 0 1 R
4 8 6 8 L
4 9 1 4 U
5 0 1 6 D
5 1 2 6 D
5 2 0 9 L
5 3 4 3 U
5 4 7 6 D
5 5 9 5 U
5 6 4 0 R
5 7 7 2 R
5 8 4 7 D
5 9 1 6 D
6 0 2 0 R
6 1 7 4 U
6 3 7 9 L
6 4 4 4 U
6 6 3 1 R
6 7 3 3 U
6 8 0 0 R
6 9 1 1 R
7 0 4 5 U
7 1 8 8 L
7 3 1 8 L
7 4 3 1 R
7 6 5 0 R
7 7 6 7 D
7 8 3 6 D
7 9 0 4 U
8 0 0 3 U
8 1 10 1 R
8 3 7 1 R
8 4 0 8 L
8 6 0 8 L
8 7 4 1 R
8 8 2 6 D
8 9 3 5 U
9 0 2 0 R
9 1 5 7 D
9 3 5 1 R
9 6 1 9 L
9 8 7 3 U
9 9 0 5 U
10 0 5 6 D
10 1 0 6 D
10 6 4 6 D
10 7 5 7 D
10 8 7 8 L
10 9 9 9 L
11 0 3 7 D
11 6 3 3 U
11 9 6 0 R

