23 15 303
20 14 0 7 3 8 14 8 15 0 3 17 7 3
8 0 15 4 20 0 0 0 3 0 4 20 16 8
3 4 0 0 0 1 0 12 0 0 19 0 0 21
10 4 18 0 0 15 0 0 16 0 0 9 0 18
15 0 0 5 0 17 17 0 0 0 10 0 18 19
5 0 13 0 17 12 0 7 0 7 8 18 0 10
0 12 0 0 0 0 0 0 0 18 19 0 0 8
0 16 0 15 7 0 17 0 5 0 3 12 5 0
11 0 12 0 0 0 20 17 0 9 0 1 0 0
2 0 10 12 0 11 0 16 6 0 0 1 0 8
7 13 0 8 0 4 20 0 20 0 0 19 13 13
20 0 0 0 0 0 0 0 21 22 0 0 21 17
0 15 0 5 18 11 0 0 0 0 0 7 4 7
0 0 0 3 10 7 0 0 0 0 0 0 0 7
0 0 0 0 L
0 1 0 1 L
0 2 0 2 L
0 3 0 3 L
0 4 0 4 R
0 5 0 5 R
0 6 0 6 R
0 7 0 7 R
0 8 0 8 D
0 9 0 9 D
0 10 0 10 D
0 11 0 11 D
0 12 0 12 U
0 13 0 13 U
0 14 0 14 U
1 0 2 14 U
1 1 0 10 D
1 2 0 4 R
1 3 7 14 U
1 4 4 9 D
1 5 11 10 D
1 6 14 6 R
1 7 3 11 D
1 8 0 5 R
1 9 4 9 D
1 10 0 13 U
1 11 3 11 D
1 12 15 7 R
1 13 2 13 U
1 14 3 2 L
2 0 4 9 D
2 1 0 11 D
2 2 5 2 L
2 3 4 3 L
2 4 0 12 U
2 5 0 8 D
2 6 1 6 R
2 7 4 8 D
2 8 1 8 D
2 9 6 9 D
2 10 7 5 R
2 11 10 6 R
2 12 4 12 U
2 13 4 0 L
2 14 11 7 R
3 0 5 0 L
3 1 0 12 U
3 2 16 2 L
3 3 5 3 L
3 4 0 9 D
3 5 7 9 D
3 6 0 14 U
3 7 2 7 R
3 8 8 6 R
3 9 0 12 U
3 10 5 10 D
3 11 4 5 R
3 12 0 4 R
3 13 0 1 L
3 14 0 8 D
4 0 17 0 L
4 1 0 9 D
4 2 3 2 L
4 3 11 7 R
4 4 15 12 U
4 5 3 5 R
4 6 2 6 R
4 7 2 7 R
4 8 15 12 U
4 9 0 2 L
4 10 16 7 R
4 11 5 11 D
4 12 0 7 R
4 13 1 0 L
4 14 6 14 U
5 0 4 12 U
5 1 6 8 D
5 2 3 9 D
5 3 16 3 L
5 4 7 4 R
5 5 0 11 D
5 6 4 6 R
5 7 1 7 R
5 8 14 8 D
5 9 9 6 R
5 10 13 10 D
5 11 9 11 D
5 12 3 12 U
5 13 13 13 U
5 14 1 14 U
6 0 0 11 D
6 1 13 12 U
6 2 0 13 U
6 3 4 3 L
6 4 4 12 U
6 5 15 11 D
6 6 16 14 U
6 7 3 10 D
6 8 0 1 L
6 9 17 9 D
6 10 12 10 D
6 11 14 11 D
6 12 0 3 L
6 13 10 4 R
6 14 5 5 R
7 0 16 7 R
7 1 5 11 D
7 2 5 2 L
7 3 15 3 L
7 4 14 9 D
7 5 11 1 L
7 6 0 0 L
7 7 17 13 U
7 8 8 5 R
7 9 5 1 L
7 10 0 6 R
7 11 10 0 L
7 12 0 0 L
7 13 15 1 L
7 14 3 0 L
8 0 0 8 D
8 1 11 13 U
8 2 9 6 R
8 3 12 12 U
8 4 0 10 D
8 5 0 14 U
8 6 4 6 R
8 7 5 7 R
8 8 15 3 L
8 9 6 0 L
8 10 3 2 L
8 11 2 6 R
8 12 0 5 R
8 13 2 13 U
8 14 5 8 D
9 0 14 10 D
9 1 4 1 L
9 2 5 2 L
9 3 1 3 L
9 4 4 13 U
9 5 6 12 U
9 6 4 12 U
9 7 4 7 R
9 8 11 4 R
9 9 10 0 L
9 10 15 1 L
9 11 2 11 D
9 12 10 4 R
9 13 4 13 U
9 14 12 14 U
10 0 9 8 D
10 1 6 9 D
10 2 5 2 L
10 3 4 3 L
10 4 9 14 U
10 5 12 13 U
10 6 18 13 U
10 7 7 7 R
10 8 0 14 U
10 9 9 9 D
10 10 9 10 D
10 11 0 7 R
10 12 3 12 U
10 13 18 8 D
10 14 0 11 D
11 0 8 5 R
11 1 17 1 L
11 2 1 12 U
11 3 19 13 U
11 4 7 0 L
11 5 3 5 R
11 6 3 8 D
11 7 0 3 L
11 8 5 4 R
11 9 8 7 R
11 10 8 7 R
11 11 7 5 R
11 12 7 6 R
11 13 0 9 D
11 14 12 1 L
12 0 0 14 U
12 1 20 4 R
12 2 5 14 U
12 3 9 3 L
12 4 16 8 D
12 5 7 5 R
12 6 8 12 U
12 7 3 8 D
12 8 0 4 R
12 9 0 0 L
12 10 3 5 R
12 11 11 1 L
12 12 5 0 L
12 13 17 1 L
12 14 6 14 U
13 0 3 0 L
13 1 0 5 R
13 2 19 10 D
13 3 18 3 L
13 4 6 4 R
13 5 2 12 U
13 6 0 10 D
13 7 7 12 U
13 8 4 8 D
13 9 5 9 D
13 10 2 10 D
13 11 19 11 D
13 12 2 1 L
13 13 16 13 U
13 14 9 14 U
14 0 15 4 R
14 1 5 1 L
14 2 9 14 U
14 3 10 3 L
14 4 1 4 R
14 5 3 5 R
14 6 5 6 R
14 7 13 7 R
14 8 9 2 L
14 9 10 2 L
14 10 4 4 R
14 11 4 0 L
14 12 0 6 R
14 13 8 9 D
14 14 3 14 U
15 0 10 0 L
15 1 5 1 L
15 2 0 6 R
15 3 0 8 D
15 4 14 13 U
15 5 9 5 R
15 6 14 6 R
15 7 12 8 D
15 9 8 5 R
15 10 2 10 D
15 11 0 3 L
15 12 11 5 R
15 13 13 5 R
15 14 16 2 L
16 0 11 9 D
16 1 13 11 D
16 2 1 14 U
16 3 2 14 U
16 4 0 13 U
16 5 0 2 L
16 6 13 11 D
16 7 12 7 R
16 8 12 1 L
16 9 7 0 L
16 10 1 10 D
16 12 10 12 U
16 13 0 2 L
16 14 6 7 R
17 0 1 9 D
17 1 4 13 U
17 2 3 2 L
17 4 5 4 R
17 5 0 13 U
17 6 0 12 U
17 7 8 7 R
17 8 7 3 L
17 9 5 9 D
17 10 3 10 D
17 11 12 2 L
17 12 13 1 L
17 13 4 13 U
17 14 4 6 R
18 0 14 7 R
18 1 19 8 D
18 2 5 2 L
18 4 12 1 L
18 5 0 12 U
18 6 1 6 R
18 7 9 7 R
18 8 13 0 L
18 9 2 4 R
18 10 10 2 L
18 12 1 12 U
18 13 15 5 R
18 14 4 3 L
19 0 18 4 R
19 2 14 2 L
19 3 5 5 R
19 5 7 10 D
19 6 14 9 D
19 7 14 7 R
19 8 5 8 D
19 9 16 9 D
19 10 2 6 R
19 12 13 2 L
19 14 1 4 R
20 0 19 6 R
20 2 1 11 D
20 5 18 10 D
20 6 13 6 R
20 7 2 8 D
20 9 6 9 D
20 10 14 6 R
20 12 0 10 D
21 0 1 0 L
21 7 11 3 L
21 12 10 0 L
22 0 5 0 L

