22 24 444
8 9 19 0 0 12 0 16 11 10 17 5 7 19 9 0
0 16 0 0 0 0 0 17 9 15 0 17 5 11 0 0
11 8 0 0 0 15 0 0 20 0 0 0 1 0 14 0
0 20 0 0 0 0 19 0 0 5 0 21 0 8 9 4
0 0 0 16 1 16 0 0 21 0 0 0 0 19 0 14
11 21 0 0 13 6 0 10 0 6 11 6 10 2 0 0
18 0 0 0 8 0 6 13 0 0 9 9 14 0 10 18
13 19 0 9 7 12 0 0 9 0 11 0 0 0 0 0
18 3 13 14 6 0 0 0 1 14 3 0 16 1 0 0
15 0 17 6 0 0 10 0 0 3 0 0 0 0 0 0
7 6 0 0 2 0 0 0 0 0 10 0 0 0 0 0
12 0 0 0 4 9 0 0 0 3 15 0 11 8 0 0
0 16 0 0 5 14 20 21 6 0 0 0 0 0 0 0
0 4 15 17 6 8 0 10 4 0 8 5 0 9 14 19
0 3 0 0 0 0 2 0 12 0 5 10 0 0 0 0
0 0 20 0 0 16 9 0 0 12 17 0 13 4 0 0
0 0 0 0 R
0 1 0 1 R
0 2 0 2 R
0 3 0 3 R
0 4 0 4 R
0 5 0 5 R
0 6 0 6 R
0 7 0 7 U
0 8 0 8 U
0 9 0 9 U
0 10 0 10 U
0 11 0 11 U
0 12 0 12 D
0 13 0 13 D
0 14 0 14 D
0 15 0 15 D
0 16 0 16 D
0 17 0 17 D
0 18 0 18 L
0 19 0 19 L
0 20 0 20 L
0 21 0 21 L
0 22 0 22 L
0 23 0 23 L
1 0 11 14 D
1 1 0 12 D
1 2 10 2 R
1 3 9 3 R
1 4 6 4 R
1 5 4 5 R
1 6 0 19 L
1 7 0 19 L
1 8 13 20 L
1 9 11 22 L
1 10 5 10 U
1 11 8 1 R
1 12 0 18 L
1 13 9 18 L
1 14 16 19 L
1 15 13 23 L
1 16 5 3 R
1 17 11 11 U
1 18 11 9 U
1 19 9 19 L
1 20 0 13 D
1 21 5 15 D
1 22 5 22 L
1 23 6 23 L
2 0 12 11 U
2 1 3 20 L
2 2 18 7 U
2 3 0 11 U
2 4 1 7 U
2 5 6 8 U
2 6 1 6 R
2 7 0 2 R
2 8 4 21 L
2 9 0 14 D
2 10 6 2 R
2 11 8 6 R
2 12 0 0 R
2 13 10 3 R
2 14 7 14 D
2 15 9 20 L
2 16 4 16 D
2 17 12 17 D
2 18 8 12 D
2 19 0 10 U
2 20 0 16 D
2 21 6 21 L
2 22 3 22 L
2 23 3 23 L
3 0 1 0 R
3 1 12 9 U
3 2 0 14 D
3 3 15 13 D
3 4 9 4 R
3 5 2 5 R
3 6 6 14 D
3 7 0 1 R
3 8 18 1 R
3 9 0 5 R
3 10 5 0 R
3 11 18 0 R
3 12 7 18 L
3 13 4 0 R
3 14 14 14 D
3 15 1 22 L
3 16 5 22 L
3 17 4 17 D
3 18 12 7 U
3 19 0 1 R
3 20 0 0 R
3 21 0 6 R
3 22 7 15 D
3 23 8 14 D
4 0 10 20 L
4 1 0 8 U
4 2 5 12 D
4 3 19 16 D
4 4 8 4 R
4 5 5 23 L
4 6 7 16 D
4 7 0 18 L
4 8 1 8 U
4 9 11 9 U
4 10 7 10 U
4 11 9 23 L
4 12 3 0 R
4 13 13 19 L
4 14 0 1 R
4 15 13 0 R
4 16 2 16 D
4 17 10 21 L
4 18 8 8 U
4 19 1 19 L
4 20 14 16 D
4 21 3 13 D
4 22 12 1 R
4 23 1 23 L
5 0 13 12 D
5 1 13 1 R
5 2 9 14 D
5 3 0 10 U
5 4 8 4 R
5 5 2 5 R
5 6 11 20 L
5 7 0 23 L
5 8 3 8 U
5 9 13 1 R
5 10 2 5 R
5 11 16 11 U
5 12 9 19 L
5 13 11 0 R
5 14 3 14 D
5 15 4 21 L
5 16 16 16 D
5 17 4 17 D
5 18 6 11 U
5 19 12 19 L
5 20 6 9 U
5 21 1 21 L
5 22 3 22 L
5 23 4 23 L
6 0 15 14 D
6 1 5 13 D
6 2 4 7 U
6 3 0 23 L
6 4 12 12 D
6 5 5 5 R
6 6 15 6 R
6 7 5 19 L
6 8 5 8 U
6 9 7 21 L
6 10 17 3 R
6 11 10 11 U
6 12 9 22 L
6 13 0 23 L
6 14 1 19 L
6 15 1 6 R
6 16 4 3 R
6 17 5 17 D
6 18 8 18 L
6 19 5 7 U
6 20 17 13 D
6 21 0 15 D
6 22 11 22 L
6 23 13 11 U
7 0 2 7 U
7 1 12 13 D
7 2 2 2 R
7 3 0 17 D
7 4 8 12 D
7 5 5 12 D
7 6 8 12 D
7 7 6 7 U
7 8 0 0 R
7 9 3 4 R
7 10 9 23 L
7 11 13 4 R
7 12 10 5 R
7 13 3 21 L
7 14 4 19 L
7 15 1 15 D
7 16 5 8 U
7 17 1 18 L
7 18 0 12 D
7 19 6 17 D
7 20 15 8 U
7 21 4 7 U
7 22 4 22 L
7 23 5 9 U
8 0 10 13 D
8 1 14 1 R
8 2 0 21 L
8 3 1 3 R
8 4 6 4 R
8 5 17 5 R
8 6 12 6 R
8 7 6 18 L
8 8 11 0 R
8 9 5 1 R
8 10 7 10 U
8 11 10 3 R
8 12 5 7 U
8 13 6 19 L
8 14 14 9 U
8 15 0 20 L
8 16 6 2 R
8 17 3 23 L
8 18 4 18 L
8 19 1 12 D
8 20 3 14 D
8 21 10 21 L
8 22 9 16 D
8 23 6 14 D
9 0 0 13 D
9 1 5 10 U
9 2 17 2 R
9 3 10 3 R
9 4 12 9 U
9 5 15 12 D
9 6 6 16 D
9 7 8 19 L
9 8 0 21 L
9 9 14 2 R
9 10 2 20 L
9 11 0 3 R
9 12 1 18 L
9 13 0 19 L
9 14 13 1 R
9 15 10 15 D
9 16 5 20 L
9 17 10 10 U
9 18 18 10 U
9 19 4 13 D
9 20 7 20 L
9 21 8 21 L
9 22 18 22 L
9 23 1 23 L
10 0 2 19 L
10 1 0 11 U
10 2 17 16 D
10 3 3 3 R
10 4 1 15 D
10 5 14 5 R
10 6 6 9 U
10 7 13 5 R
10 8 7 3 R
10 9 5 9 U
10 10 1 10 U
10 11 4 11 U
10 12 4 18 L
10 13 0 22 L
10 14 0 20 L
10 15 0 2 R
10 16 0 9 U
10 17 20 18 L
10 18 7 12 D
10 19 7 16 D
10 20 4 10 U
10 21 4 16 D
10 22 0 14 D
10 23 3 10 U
11 0 7 8 U
11 1 9 15 D
11 2 2 2 R
11 3 12 3 R
11 4 0 15 D
11 5 9 5 R
11 6 2 6 R
11 7 6 3 R
11 8 0 6 R
11 9 14 5 R
11 10 14 1 R
11 11 10 12 D
11 12 8 7 U
11 13 1 19 L
11 14 0 8 U
11 15 0 21 L
11 16 18 20 L
11 17 7 17 D
11 18 0 8 U
11 19 7 8 U
11 20 7 14 D
11 21 4 14 D
11 22 0 4 R
11 23 2 23 L
12 0 11 7 U
12 1 0 7 U
12 2 0 11 U
12 3 7 15 D
12 4 5 13 D
12 5 4 5 R
12 6 7 6 R
12 7 3 22 L
12 8 16 23 L
12 9 13 12 D
12 10 8 10 U
12 11 5 11 U
12 12 0 9 U
12 13 9 20 L
12 14 4 20 L
12 15 17 5 R
12 16 6 1 R
12 17 4 17 D
12 18 9 17 D
12 19 0 7 U
12 20 18 12 D
12 21 3 1 R
12 22 4 11 U
12 23 10 23 L
13 0 0 18 L
13 1 1 8 U
13 2 0 9 U
13 4 9 4 R
13 5 9 12 D
13 6 6 6 R
13 7 3 0 R
13 8 6 19 L
13 9 0 22 L
13 10 8 4 R
13 11 9 2 R
13 12 1 20 L
13 13 8 13 D
13 14 10 3 R
13 15 6 10 U
13 18 9 15 D
13 19 8 13 D
13 20 11 20 L
13 21 12 0 R
13 22 0 9 U
14 0 1 0 R
14 1 8 12 D
14 2 9 8 U
14 5 9 5 R
14 7 1 7 U
14 8 15 6 R
14 9 5 4 R
14 10 16 10 U
14 11 0 13 D
14 12 0 7 U
14 13 15 10 U
14 14 11 2 R
14 15 4 15 D
14 18 20 5 R
14 19 6 15 D
14 20 17 14 D
14 21 3 21 L
14 22 18 13 D
14 23 11 15 D
15 0 3 7 U
15 1 13 10 U
15 2 7 13 D
15 5 7 5 R
15 6 2 6 R
15 7 4 19 L
15 8 0 20 L
15 9 9 6 R
15 10 13 23 L
15 11 14 16 D
15 12 11 7 U
15 13 0 6 R
15 14 11 0 R
15 15 0 18 L
15 18 10 7 U
15 19 4 7 U
15 20 6 20 L
15 21 11 15 D
15 22 19 9 U
15 23 11 11 U
16 0 0 15 D
16 1 3 1 R
16 2 3 2 R
16 4 7 4 R
16 5 2 12 D
16 7 12 20 L
16 8 8 2 R
16 9 8 9 U
16 10 2 21 L
16 12 7 22 L
16 13 10 4 R
16 15 2 6 R
16 16 6 19 L
16 18 3 17 D
16 19 14 2 R
16 20 9 20 L
16 21 10 9 U
16 22 1 2 R
16 23 2 8 U
17 0 8 18 L
17 1 8 14 D
17 5 10 5 R
17 7 10 18 L
17 8 13 21 L
17 9 9 19 L
17 10 13 19 L
17 12 16 12 D
17 13 4 19 L
17 15 6 7 U
17 18 0 1 R
17 19 11 12 D
17 20 10 15 D
17 21 10 13 D
17 22 4 15 D
17 23 10 12 D
18 0 15 8 U
18 1 16 8 U
18 2 4 2 R
18 4 6 4 R
18 5 6 13 D
18 7 0 15 D
18 12 7 5 R
18 13 5 23 L
18 15 20 22 L
18 19 9 19 L
18 20 5 20 L
18 21 3 8 U
18 22 13 14 D
18 23 0 2 R
19 0 6 17 D
19 1 20 12 D
19 5 9 22 L
19 7 21 1 R
19 10 1 22 L
19 12 16 1 R
19 13 15 9 U
19 15 6 3 R
19 19 14 10 U
19 20 2 20 L
19 23 17 16 D
20 0 3 0 R
20 1 11 10 U
20 7 16 0 R
20 12 18 19 L
20 13 2 5 R
20 19 17 13 D
20 20 10 9 U
20 22 19 22 L
21 0 0 8 U
21 1 4 20 L
21 12 12 18 L
21 13 12 6 R
21 20 17 17 D

