25 21 442
22 0 0 0 0 0 14 0 0 9 17 0 10 11 17 0
2 0 0 9 0 9 0 12 23 6 0 0 0 0 0 0
18 15 3 0 0 0 0 0 17 0 17 0 1 9 0 0
14 0 0 0 0 0 16 0 0 22 12 0 0 19 3 20
0 12 0 0 9 5 0 18 0 0 0 7 0 4 0 5
0 0 1 0 13 0 6 0 0 0 0 0 0 8 22 0
0 0 0 10 0 11 13 0 12 9 0 0 10 0 21 0
23 13 0 16 6 0 15 19 6 0 18 0 0 6 19 0
9 19 0 0 0 15 14 0 0 20 24 10 0 0 0 3
13 0 2 9 8 0 7 0 8 21 21 3 4 15 0 0
0 15 0 11 1 19 19 0 0 0 0 0 0 13 13 17
4 9 6 0 0 17 20 15 0 5 0 0 22 24 0 6
14 0 15 15 0 17 0 0 0 0 22 0 2 0 0 0
0 5 0 0 0 15 0 13 0 0 0 0 0 0 0 0
0 13 6 0 10 11 0 9 0 6 0 0 0 0 15 0
13 3 0 3 8 0 17 21 0 20 0 1 22 13 0 17
0 0 0 0 U
0 1 0 1 U
0 2 0 2 U
0 3 0 3 U
0 4 0 4 U
0 5 0 5 U
0 6 0 6 R
0 7 0 7 R
0 8 0 8 R
0 9 0 9 R
0 10 0 10 R
0 11 0 11 D
0 12 0 12 D
0 13 0 13 D
0 14 0 14 D
0 15 0 15 D
0 16 0 16 L
0 17 0 17 L
0 18 0 18 L
0 19 0 19 L
0 20 0 20 L
1 0 12 7 R
1 1 18 18 L
1 2 5 7 R
1 3 7 3 U
1 4 8 6 R
1 5 8 5 U
1 6 2 1 U
1 7 0 2 U
1 8 3 8 R
1 9 11 9 R
1 10 2 10 R
1 11 13 2 U
1 12 13 16 L
1 13 16 17 L
1 14 0 7 R
1 15 4 18 L
1 16 18 15 D
1 17 3 12 D
1 18 19 18 L
1 19 3 15 D
1 20 2 20 L
2 0 10 19 L
2 1 19 16 L
2 2 0 9 R
2 3 16 8 R
2 4 20 16 L
2 6 18 0 U
2 7 3 7 R
2 8 13 14 D
2 9 0 3 U
2 10 3 10 R
2 11 6 16 L
2 12 19 9 R
2 13 1 17 L
2 14 15 8 R
2 15 1 16 L
2 16 22 16 L
2 17 7 17 L
2 18 7 18 L
2 19 0 11 D
2 20 3 20 L
3 0 5 9 R
3 1 13 10 R
3 2 17 17 L
3 3 1 10 R
3 4 2 17 L
3 6 6 1 U
3 7 5 12 D
3 8 21 8 R
3 9 0 14 D
3 10 0 20 L
3 11 10 11 D
3 12 20 6 R
3 13 17 0 U
3 14 0 8 R
3 15 8 20 L
3 16 16 16 L
3 17 1 17 L
3 18 15 12 D
3 19 0 14 D
3 20 14 20 L
4 0 5 0 U
4 1 10 1 U
4 2 8 2 U
4 3 2 3 U
4 4 16 4 U
4 6 1 2 U
4 7 1 12 D
4 8 0 15 D
4 9 7 2 U
4 10 11 15 D
4 11 14 8 R
4 12 10 12 D
4 13 3 1 U
4 14 0 9 R
4 15 10 15 D
4 16 16 16 L
4 17 15 0 U
4 18 9 1 U
4 19 5 12 D
4 20 9 20 L
5 0 1 6 R
5 1 2 17 L
5 2 0 8 R
5 3 6 8 R
5 4 10 20 L
5 5 20 8 R
5 6 3 20 L
5 7 12 0 U
5 8 11 12 D
5 9 0 0 U
5 10 8 10 R
5 11 15 7 R
5 12 1 19 L
5 13 9 13 D
5 14 2 19 L
5 15 13 9 R
5 16 9 11 D
5 17 16 11 D
5 18 0 13 D
5 19 19 11 D
5 20 14 5 U
6 0 4 0 U
6 1 0 16 L
6 2 20 6 R
6 3 10 10 R
6 4 8 13 D
6 6 0 1 U
6 7 0 16 L
6 8 1 0 U
6 9 0 19 L
6 10 21 10 R
6 11 0 16 L
6 12 0 0 U
6 13 5 13 D
6 14 4 14 D
6 15 4 17 L
6 16 0 0 U
6 17 19 3 U
6 18 7 4 U
6 19 9 8 R
6 20 15 14 D
7 0 17 19 L
7 1 11 20 L
7 2 10 2 U
7 3 17 3 U
7 4 10 4 U
7 6 3 14 D
7 7 13 13 D
7 8 1 8 R
7 9 3 14 D
7 10 20 15 D
7 11 13 6 R
7 12 4 20 L
7 13 4 6 R
7 14 9 14 D
7 15 13 7 R
7 16 16 0 U
7 17 21 2 U
7 18 9 3 U
7 20 15 3 U
8 0 1 19 L
8 1 19 1 U
8 2 6 18 L
8 3 5 3 U
8 4 14 4 U
8 6 9 11 D
8 7 10 1 U
8 8 0 17 L
8 9 16 15 D
8 10 16 2 U
8 11 10 11 D
8 12 4 12 D
8 13 6 20 L
8 14 4 14 D
8 15 4 15 D
8 16 15 11 D
8 17 19 17 L
8 18 0 7 R
8 19 3 19 L
8 20 2 20 L
9 0 11 20 L
9 1 8 6 R
9 2 16 8 R
9 3 8 3 U
9 4 10 6 R
9 5 15 5 U
9 6 2 19 L
9 7 2 7 R
9 8 0 12 D
9 9 10 1 U
9 10 3 10 R
9 11 8 6 R
9 12 4 9 R
9 13 4 7 R
9 14 12 9 R
9 15 0 6 R
9 16 20 2 U
9 17 6 2 U
9 18 14 11 D
9 19 0 9 R
9 20 1 20 L
10 0 20 18 L
10 1 6 1 U
10 2 0 7 R
10 3 19 8 R
10 4 5 4 U
10 6 1 3 U
10 7 5 3 U
10 8 12 1 U
10 9 8 0 U
10 10 2 1 U
10 11 17 9 R
10 12 16 18 L
10 13 1 9 R
10 14 7 14 D
10 15 13 15 D
10 16 4 11 D
10 17 0 1 U
10 18 5 12 D
10 19 9 15 D
10 20 17 12 D
11 0 13 11 D
11 1 0 20 L
11 2 4 20 L
11 3 1 20 L
11 4 3 19 L
11 6 13 11 D
11 7 8 18 L
11 8 16 11 D
11 9 5 14 D
11 10 1 10 R
11 11 17 20 L
11 12 0 17 L
11 13 1 10 R
11 14 17 4 U
11 15 5 3 U
11 16 13 16 L
11 17 1 15 D
11 18 2 18 L
11 19 12 19 L
11 20 5 20 L
12 0 6 6 R
12 1 16 7 R
12 2 2 2 U
12 3 19 10 R
12 4 7 10 R
12 6 4 6 R
12 7 0 18 L
12 8 3 15 D
12 9 0 4 U
12 10 3 10 R
12 11 9 17 L
12 12 19 16 L
12 13 4 13 D
12 14 0 18 L
12 15 21 15 D
12 16 9 0 U
12 17 19 4 U
12 18 4 13 D
12 19 8 3 U
12 20 1 20 L
13 0 17 17 L
13 1 3 6 R
13 2 20 2 U
13 3 0 18 L
13 4 4 4 U
13 6 5 1 U
13 7 0 11 D
13 8 3 4 U
13 9 1 9 R
13 10 21 19 L
13 11 17 11 D
13 12 11 1 U
13 13 0 6 R
13 14 6 18 L
13 15 0 2 U
13 16 9 3 U
13 17 6 14 D
13 18 11 9 R
13 19 1 3 U
13 20 8 4 U
14 0 21 7 R
14 1 16 6 R
14 2 4 7 R
14 3 8 3 U
14 4 13 8 R
14 6 5 11 D
14 7 11 7 R
14 8 8 1 U
14 9 13 12 D
14 10 9 13 D
14 11 1 17 L
14 12 5 6 R
14 13 1 13 D
14 14 9 10 R
14 15 20 7 R
14 16 17 11 D
14 17 0 3 U
14 18 2 11 D
14 19 17 10 R
14 20 8 10 R
15 0 20 9 R
15 1 0 11 D
15 2 5 16 L
15 3 5 9 R
15 4 14 7 R
15 6 17 1 U
15 7 2 7 R
15 8 8 13 D
15 9 5 9 R
15 10 21 17 L
15 11 9 11 D
15 12 7 6 R
15 13 3 2 U
15 14 10 17 L
15 15 9 15 D
15 16 0 4 U
15 17 10 1 U
15 18 0 2 U
15 19 3 4 U
15 20 11 2 U
16 0 0 6 R
16 1 9 9 R
16 2 15 19 L
16 3 0 20 L
16 4 17 8 R
16 6 11 6 R
16 7 1 2 U
16 8 8 4 U
16 9 19 11 D
16 10 6 2 U
16 11 6 7 R
16 12 18 0 U
16 13 21 8 R
16 15 1 15 D
16 16 12 16 L
16 17 12 11 D
16 18 5 18 L
16 19 20 14 D
16 20 2 14 D
17 0 1 7 R
17 1 0 12 D
17 2 8 18 L
17 3 20 10 R
17 4 8 4 U
17 6 11 11 D
17 7 15 16 L
17 8 13 11 D
17 9 10 12 D
17 10 1 4 U
17 11 0 3 U
17 12 8 8 R
17 13 15 19 L
17 14 13 14 D
17 15 22 15 D
17 16 5 14 D
17 17 10 13 D
17 18 1 14 D
17 19 10 14 D
17 20 22 4 U
18 0 13 16 L
18 1 1 17 L
18 2 17 10 R
18 3 17 6 R
18 4 19 10 R
18 6 2 12 D
18 7 0 13 D
18 8 1 8 R
18 10 0 13 D
18 11 14 19 L
18 12 8 12 D
18 13 10 16 L
18 15 0 4 U
18 16 0 13 D
18 18 14 13 D
18 19 9 11 D
18 20 6 20 L
19 0 16 16 L
19 1 18 17 L
19 2 7 2 U
19 3 7 19 L
19 4 10 4 U
19 6 11 15 D
19 7 2 7 R
19 8 14 13 D
19 9 16 13 D
19 10 12 14 D
19 11 13 11 D
19 13 6 6 R
19 14 1 14 D
19 15 0 1 U
19 16 7 1 U
19 17 13 13 D
19 18 5 2 U
19 19 2 1 U
19 20 1 12 D
20 0 14 20 L
20 2 5 17 L
20 3 5 7 R
20 4 9 4 U
20 6 16 13 D
20 7 13 11 D
20 8 23 2 U
20 10 3 10 R
20 11 7 10 R
20 13 0 20 L
20 14 1 14 D
20 15 7 15 D
20 16 7 4 U
20 17 6 15 D
20 18 15 18 L
20 20 18 15 D
21 0 23 18 L
21 2 14 2 U
21 3 20 16 L
21 6 9 6 R
21 7 2 15 D
21 11 0 4 U
21 14 1 8 R
21 15 9 7 R
21 16 16 16 L
21 17 2 1 U
21 18 12 13 D
21 19 5 19 L
21 20 6 20 L
22 0 10 0 U
22 2 19 8 R
22 3 12 7 R
22 6 18 12 D
22 7 1 0 U
22 11 13 11 D
22 15 11 2 U
22 16 8 6 R
22 18 21 15 D
23 6 5 12 D
23 7 1 11 D
23 11 7 11 D
23 15 10 17 L
24 6 1 0 U
24 7 2 0 U

