43 57 2186
40 11 4 2 9 11 0 29 17 13 23 34 0 16 32 22 10 31 25 15
41 2 5 3 0 2 0 0 22 29 36 36 28 35 19 28 27 3 5 15
31 33 19 21 28 9 23 29 35 30 31 30 13 9 2 14 0 10 13 12
30 6 31 7 27 22 0 0 23 33 0 0 0 28 34 35 9 39 22 14
0 0 0 33 0 18 9 38 39 35 36 0 0 0 39 28 29 0 11 4
39 14 16 0 18 19 36 40 0 40 37 36 35 0 0 34 33 32 31 7
0 30 2 0 27 33 39 0 0 0 38 0 30 0 38 39 20 22 18 12
0 33 22 0 0 12 0 0 11 36 0 37 6 0 27 34 0 25 8 0
32 24 19 0 8 36 35 0 39 0 0 0 0 36 4 0 18 0 3 15
0 37 37 32 0 30 0 0 12 0 25 0 30 0 5 11 18 7 0 2
0 36 37 36 30 27 30 0 21 0 19 34 5 0 39 36 24 35 0 14
40 0 31 37 0 36 0 32 20 40 0 35 0 31 30 36 36 0 33 32
8 23 39 28 35 0 34 35 15 14 39 36 38 0 39 36 39 29 2 10
30 0 24 17 35 28 28 0 7 30 30 0 31 41 0 37 40 2 25 9
0 17 0 17 1 0 19 0 5 37 38 38 23 22 5 38 0 26 21 0
30 23 36 0 33 28 31 34 38 34 38 0 0 27 38 39 41 27 0 36
12 23 0 14 13 0 31 33 0 34 31 0 8 38 0 37 0 25 0 31
20 36 41 0 0 0 24 32 38 0 24 39 6 0 39 17 42 20 0 15
36 29 37 34 19 38 0 31 1 38 26 12 0 3 37 25 32 0 23 5
18 3 34 12 21 0 21 3 1 18 3 0 10 32 25 8 28 0 22 9
0 0 0 0 U
0 1 0 1 U
0 2 0 2 U
0 3 0 3 U
0 4 0 4 U
0 5 0 5 U
0 6 0 6 U
0 7 0 7 U
0 8 0 8 U
0 9 0 9 U
0 10 0 10 U
0 11 0 11 U
0 12 0 12 U
0 13 0 13 U
0 14 0 14 R
0 15 0 15 R
0 16 0 16 R
0 17 0 17 R
0 18 0 18 R
0 19 0 19 R
0 20 0 20 R
0 21 0 21 R
0 22 0 22 R
0 23 0 23 R
0 24 0 24 R
0 25 0 25 R
0 26 0 26 R
0 27 0 27 R
0 28 0 28 D
0 29 0 29 D
0 30 0 30 D
0 31 0 31 D
0 32 0 32 D
0 33 0 33 D
0 34 0 34 D
0 35 0 35 D
0 36 0 36 D
0 37 0 37 D
0 38 0 38 D
0 39 0 39 D
0 40 0 40 D
0 41 0 41 D
0 42 0 42 L
0 43 0 43 L
0 44 0 44 L
0 45 0 45 L
0 46 0 46 L
0 47 0 47 L
0 48 0 48 L
0 49 0 49 L
0 50 0 50 L
0 51 0 51 L
0 52 0 52 L
0 53 0 53 L
0 54 0 54 L
0 55 0 55 L
0 56 0 56 L
1 0 1 42 L
1 1 0 15 R
1 2 2 14 R
1 3 0 32 D
1 4 0 16 R
1 5 2 18 R
1 6 3 48 L
1 7 1 18 R
1 8 3 19 R
1 9 3 50 L
1 10 1 21 R
1 11 0 23 R
1 12 0 53 L
1 13 4 25 R
1 14 0 28 D
1 15 0 0 U
1 16 0 1 U
1 17 4 1 U
1 18 4 32 D
1 19 1 35 D
1 20 3 7 U
1 21 4 37 D
1 22 4 9 U
1 23 0 10 U
1 24 2 11 U
1 25 3 12 U
1 26 1 40 D
1 27 5 32 D
1 28 0 42 L
1 29 0 1 U
1 30 1 43 L
1 31 1 43 L
1 32 0 16 R
1 33 3 42 L
1 34 0 5 U
1 35 0 6 U
1 36 3 7 U
1 37 4 48 L
1 38 0 50 L
1 39 2 50 L
1 40 2 54 L
1 41 4 42 L
1 42 0 14 R
1 43 1 29 D
1 44 0 2 U
1 45 2 29 D
1 46 1 4 U
1 47 2 34 D
1 48 0 2 U
1 49 4 3 U
1 50 4 37 D
1 51 4 10 U
1 52 4 38 D
1 53 3 39 D
1 54 3 13 U
1 55 0 26 R
1 56 7 1 U
2 0 0 44 L
2 1 0 45 L
2 2 1 2 U
2 3 3 14 R
2 4 2 4 U
2 5 3 5 U
2 6 4 6 U
2 7 1 7 U
2 8 3 8 U
2 9 0 21 R
2 10 0 38 D
2 11 2 11 U
2 12 4 24 R
2 13 4 13 U
2 14 0 43 L
2 15 0 31 D
2 16 1 3 U
2 17 2 17 R
2 18 0 2 U
2 19 2 19 R
2 20 4 20 R
2 21 0 9 U
2 22 3 10 U
2 23 0 51 L
2 24 4 12 U
2 25 2 25 R
2 26 4 26 R
2 27 5 27 R
2 28 0 44 L
2 29 0 15 R
2 30 1 30 D
2 31 2 31 D
2 32 1 17 R
2 33 3 33 D
2 34 4 34 D
2 35 3 35 D
2 36 3 36 D
2 37 4 21 R
2 38 4 51 L
2 39 3 24 R
2 40 2 40 D
2 41 4 41 D
2 42 0 30 D
2 43 0 28 D
2 44 0 1 U
2 45 3 29 D
2 46 1 17 R
2 47 3 47 L
2 48 4 48 L
2 49 3 49 L
2 50 1 37 D
2 51 3 51 L
2 52 3 52 L
2 53 4 53 L
2 54 2 54 L
2 55 2 55 L
2 56 3 56 L
3 0 0 28 D
3 1 2 46 L
3 2 1 47 L
3 3 2 3 U
3 4 1 4 U
3 5 4 5 U
3 6 3 6 U
3 7 1 46 L
3 8 2 48 L
3 9 1 9 U
3 10 2 22 R
3 11 0 39 D
3 12 1 24 R
3 13 1 55 L
3 14 0 4 U
3 15 4 15 R
3 16 2 30 D
3 17 4 29 D
3 18 1 32 D
3 19 1 19 R
3 20 3 20 R
3 21 3 37 D
3 22 2 22 R
3 23 2 23 R
3 24 1 24 R
3 25 0 53 L
3 26 1 13 U
3 27 3 27 R
3 28 0 14 R
3 29 3 43 L
3 30 0 0 U
3 31 0 44 L
3 32 2 19 R
3 33 2 33 D
3 34 3 34 D
3 35 2 35 D
3 36 2 18 R
3 37 0 21 R
3 38 0 23 R
3 39 1 25 R
3 40 2 52 L
3 41 2 41 D
3 42 2 33 D
3 43 4 0 U
3 44 0 29 D
3 45 1 45 L
3 46 2 46 L
3 47 4 47 L
3 48 4 36 D
3 49 2 49 L
3 50 0 38 D
3 51 2 51 L
3 52 2 52 L
3 53 3 53 L
3 54 1 54 L
3 55 5 3 U
3 56 6 56 L
4 0 1 0 U
4 1 3 1 U
4 2 0 18 R
4 3 3 3 U
4 4 0 44 L
4 5 1 5 U
4 6 4 49 L
4 7 3 20 R
4 8 2 8 U
4 9 0 22 R
4 10 0 52 L
4 11 1 11 U
4 12 2 23 R
4 13 2 13 U
4 14 0 32 D
4 15 0 3 U
4 16 2 16 R
4 17 4 17 R
4 18 2 36 D
4 19 0 48 L
4 20 1 8 U
4 21 1 21 R
4 22 1 10 U
4 23 4 23 R
4 24 2 12 U
4 25 1 6 U
4 26 0 47 L
4 27 0 47 L
4 28 1 14 R
4 29 1 46 L
4 30 4 30 D
4 31 1 31 D
4 32 0 20 R
4 33 1 33 D
4 34 2 34 D
4 35 1 49 L
4 36 2 7 U
4 37 1 22 R
4 38 4 38 D
4 39 3 39 D
4 40 5 40 D
4 41 7 41 D
4 42 3 0 U
4 43 3 43 L
4 44 0 31 D
4 45 2 45 L
4 46 2 6 U
4 47 2 47 L
4 48 1 8 U
4 49 2 35 D
4 50 1 50 L
4 51 4 11 U
4 52 1 52 L
4 53 0 39 D
4 54 1 40 D
4 55 5 55 L
4 56 7 56 L
5 0 0 49 L
5 1 5 20 R
5 2 3 17 R
5 3 5 18 R
5 4 0 43 L
5 5 3 26 R
5 6 1 44 L
5 7 2 25 R
5 8 5 14 R
5 9 0 32 D
5 10 6 46 L
5 11 6 27 R
5 12 5 12 U
5 13 7 16 R
5 14 3 31 D
5 15 1 0 U
5 16 0 5 U
5 17 5 1 U
5 18 0 42 L
5 19 3 2 U
5 20 2 29 D
5 21 4 13 U
5 22 5 4 U
5 23 3 31 D
5 24 9 1 U
5 25 3 25 R
5 26 6 26 R
5 27 4 27 R
5 28 4 14 R
5 29 1 15 R
5 30 0 45 L
5 31 5 47 L
5 32 4 46 L
5 33 1 19 R
5 34 0 27 R
5 35 8 45 L
5 36 6 2 U
5 37 8 17 R
5 38 11 24 R
5 39 7 39 D
5 40 4 19 R
5 41 6 41 D
5 42 0 33 D
5 43 3 40 D
5 44 2 4 U
5 45 0 7 U
5 46 5 30 D
5 47 0 16 R
5 48 3 30 D
5 49 2 28 D
5 50 6 32 D
5 51 3 22 R
5 52 0 9 U
5 53 3 17 R
5 54 9 31 D
5 55 4 29 D
5 56 5 31 D
6 0 3 43 L
6 1 5 44 L
6 2 6 14 R
6 3 6 42 L
6 4 4 19 R
6 5 0 48 L
6 6 0 28 D
6 7 5 26 R
6 8 6 8 U
6 9 8 9 U
6 10 8 10 U
6 11 5 11 U
6 12 6 12 U
6 13 5 13 U
6 14 3 3 U
6 15 0 12 U
6 16 0 32 D
6 17 3 13 U
6 18 6 44 L
6 19 3 34 D
6 20 0 4 U
6 21 6 33 D
6 22 5 22 R
6 23 6 23 R
6 24 8 24 R
6 25 4 9 U
6 26 6 53 L
6 27 2 27 R
6 28 0 19 R
6 29 0 43 L
6 30 5 51 L
6 31 2 16 R
6 32 6 46 L
6 33 5 50 L
6 34 5 17 R
6 35 8 35 D
6 36 9 36 D
6 37 16 37 D
6 38 25 20 R
6 39 8 54 L
6 40 8 21 R
6 41 8 42 L
6 42 2 0 U
6 43 0 40 D
6 44 5 44 L
6 45 2 1 U
6 46 0 15 R
6 47 1 33 D
6 48 6 48 L
6 49 14 6 U
6 50 6 50 L
6 51 6 51 L
6 52 15 27 R
6 53 7 53 L
6 54 9 54 L
6 55 8 55 L
6 56 4 56 L
7 0 7 43 L
7 1 4 30 D
7 2 4 56 L
7 3 8 26 R
7 4 5 39 D
7 5 8 20 R
7 6 7 6 U
7 7 6 7 U
7 8 5 8 U
7 9 7 9 U
7 10 1 10 U
7 11 7 11 U
7 12 0 26 R
7 13 0 55 L
7 14 6 12 U
7 15 5 0 U
7 16 7 29 D
7 17 5 34 D
7 18 8 18 R
7 19 0 35 D
7 20 6 20 R
7 21 9 48 L
7 22 0 44 L
7 23 0 7 U
7 24 3 24 R
7 25 8 3 U
7 26 7 26 R
7 27 7 27 R
7 28 7 44 L
7 29 6 27 R
7 30 5 23 R
7 31 6 56 L
7 32 0 18 R
7 33 0 4 U
7 34 6 34 D
7 35 7 35 D
7 36 1 42 L
7 37 6 19 R
7 38 26 38 D
7 39 10 48 L
7 40 8 40 D
7 41 8 41 D
7 42 0 20 R
7 43 5 41 D
7 44 3 15 R
7 45 0 6 U
7 46 8 35 D
7 47 4 30 D
7 48 8 41 D
7 49 10 49 L
7 50 6 22 R
7 51 3 4 U
7 52 12 52 L
7 53 6 53 L
7 54 8 54 L
7 55 6 19 R
7 56 9 8 U
8 0 0 30 D
8 1 0 47 L
8 2 0 27 R
8 3 3 51 L
8 4 5 4 U
8 5 0 25 R
8 6 0 19 R
8 7 1 16 R
8 8 5 15 R
8 9 5 55 L
8 10 6 10 U
8 11 6 11 U
8 12 7 48 L
8 13 6 13 U
8 14 1 11 U
8 15 6 41 D
8 16 0 38 D
8 17 3 5 U
8 18 7 3 U
8 19 6 6 U
8 20 2 20 R
8 21 5 21 R
8 22 4 22 R
8 23 4 48 L
8 24 9 4 U
8 25 7 25 R
8 26 2 33 D
8 27 5 13 U
8 28 7 8 U
8 29 1 18 R
8 30 3 53 L
8 31 7 48 L
8 32 6 18 R
8 33 1 23 R
8 34 6 9 U
8 35 0 23 R
8 36 10 36 D
8 37 6 2 U
8 38 24 38 D
8 39 11 46 L
8 40 4 47 L
8 41 0 1 U
8 42 7 14 R
8 43 0 0 U
8 44 4 12 U
8 45 0 5 U
8 46 8 15 R
8 47 2 17 R
8 48 8 48 L
8 49 16 49 L
8 50 12 2 U
8 51 5 51 L
8 52 17 52 L
8 53 7 28 D
8 54 7 54 L
8 55 10 9 U
8 56 5 56 L
9 0 7 21 R
9 1 7 29 D
9 2 9 20 R
9 3 0 54 L
9 4 10 20 R
9 5 4 41 D
9 6 9 18 R
9 7 9 7 U
9 8 0 36 D
9 9 0 46 L
9 10 7 19 R
9 11 6 14 R
9 12 11 25 R
9 13 13 27 R
9 14 7 11 U
9 15 7 28 D
9 16 0 34 D
9 17 8 0 U
9 18 0 39 D
9 19 0 46 L
9 20 0 44 L
9 21 8 21 R
9 22 7 31 D
9 23 8 23 R
9 24 11 24 R
9 25 6 9 U
9 26 8 28 D
9 27 11 9 U
9 28 6 28 D
9 29 6 17 R
9 30 6 30 D
9 31 9 56 L
9 32 10 45 L
9 33 12 42 L
9 34 9 34 D
9 35 7 24 R
9 36 10 46 L
9 37 20 37 D
9 38 25 38 D
9 39 8 23 R
9 40 4 1 U
9 41 5 42 L
9 42 1 20 R
9 43 4 5 U
9 44 7 35 D
9 45 7 31 D
9 46 9 46 L
9 47 10 39 D
9 48 8 6 U
9 49 15 18 R
9 50 8 50 L
9 51 8 4 U
9 52 16 52 L
9 53 10 29 D
9 54 6 54 L
9 55 14 55 L
9 56 11 2 U
10 0 8 27 R
10 1 9 16 R
10 2 10 44 L
10 3 9 22 R
10 4 10 47 L
10 5 11 46 L
10 6 9 6 U
10 7 7 7 U
10 8 8 48 L
10 9 10 15 R
10 10 10 10 U
10 11 8 21 R
10 12 9 12 U
10 13 10 13 U
10 14 1 28 D
10 15 0 8 U
10 16 11 35 D
10 17 10 30 D
10 18 11 7 U
10 19 9 19 R
10 20 8 10 U
10 21 9 39 D
10 22 11 22 R
10 23 9 23 R
10 24 5 39 D
10 25 10 25 R
10 26 10 3 U
10 27 5 5 U
10 28 7 10 U
10 29 3 20 R
10 30 11 15 R
10 31 10 17 R
10 32 13 26 R
10 33 12 33 D
10 34 3 45 L
10 35 9 35 D
10 36 11 36 D
10 37 19 37 D
10 38 19 19 R
10 39 7 16 R
10 40 12 40 D
10 41 10 41 D
10 42 10 36 D
10 43 9 4 U
10 44 6 34 D
10 45 11 3 U
10 46 10 32 D
10 47 11 47 L
10 48 7 5 U
10 49 11 49 L
10 50 13 50 L
10 51 14 31 D
10 52 18 2 U
10 53 11 53 L
10 54 6 36 D
10 55 13 55 L
10 56 11 3 U
11 0 6 53 L
11 1 11 1 U
11 2 0 56 L
11 3 9 19 R
11 4 4 43 L
11 5 2 51 L
11 6 0 43 L
11 7 11 17 R
11 8 10 8 U
11 9 8 24 R
11 10 5 14 R
11 11 11 56 L
11 12 8 12 U
11 13 13 13 U
11 14 7 34 D
11 15 11 42 L
11 16 2 1 U
11 17 0 2 U
11 18 10 18 R
11 19 4 45 L
11 20 10 11 U
11 21 10 21 R
11 22 10 22 R
11 23 11 39 D
11 24 7 2 U
11 25 11 10 U
11 26 11 26 R
11 27 0 31 D
11 28 7 15 R
11 29 6 43 L
11 30 3 18 R
11 31 7 26 R
11 32 14 32 D
11 33 10 33 D
11 34 10 43 L
11 35 10 35 D
11 36 6 36 D
11 37 18 37 D
11 38 12 49 L
11 39 2 24 R
11 40 3 40 D
11 41 11 41 D
11 42 8 0 U
11 43 9 0 U
11 44 10 44 L
11 45 11 45 L
11 46 11 38 D
11 47 0 17 R
11 48 2 40 D
11 49 0 26 R
11 50 12 23 R
11 51 12 51 L
11 52 22 52 L
11 53 8 53 L
11 54 5 54 L
11 55 13 5 U
12 0 11 43 L
12 1 9 48 L
12 2 10 43 L
12 3 14 16 R
12 4 12 16 R
12 5 10 21 R
12 6 13 19 R
12 7 13 45 L
12 8 10 14 R
12 9 5 18 R
12 10 9 14 R
12 11 10 18 R
12 12 10 12 U
12 13 14 13 U
12 14 0 40 D
12 15 12 28 D
12 16 12 54 L
12 17 14 29 D
12 18 13 30 D
12 19 0 28 D
12 20 9 12 U
12 21 0 28 D
12 22 10 4 U
12 23 13 7 U
12 24 13 11 U
12 25 13 32 D
12 26 11 41 D
12 27 11 27 R
12 28 2 53 L
12 29 0 2 U
12 30 13 6 U
12 31 10 16 R
12 32 11 32 D
12 33 11 33 D
12 34 14 53 L
12 35 12 20 R
12 36 10 22 R
12 37 12 37 D
12 38 23 38 D
12 39 15 39 D
12 40 14 17 R
12 41 14 46 L
12 42 7 42 L
12 43 10 33 D
12 44 1 11 U
12 45 13 29 D
12 46 0 19 R
12 47 4 40 D
12 48 3 0 U
12 49 17 49 L
12 50 10 50 L
12 51 11 51 L
12 52 18 52 L
12 53 1 53 L
12 54 5 24 R
12 55 12 4 U
13 0 11 14 R
13 1 12 43 L
13 2 5 25 R
13 3 11 3 U
13 4 13 4 U
13 5 11 5 U
13 6 10 6 U
13 7 13 7 U
13 8 12 18 R
13 9 12 9 U
13 10 13 10 U
13 11 13 11 U
13 12 13 46 L
13 13 11 13 U
13 14 9 5 U
13 15 14 15 R
13 16 14 31 D
13 17 13 17 R
13 18 0 50 L
13 19 7 19 R
13 20 17 40 D
13 21 6 21 R
13 22 9 22 R
13 23 14 8 U
13 24 10 24 R
13 25 0 32 D
13 26 14 26 R
13 27 9 27 R
13 28 11 54 L
13 29 13 29 D
13 30 14 30 D
13 31 13 50 L
13 32 12 55 L
13 33 9 42 L
13 34 13 34 D
13 35 11 44 L
13 36 1 36 D
13 37 5 37 D
13 38 27 38 D
13 39 8 19 R
13 40 10 55 L
13 41 13 41 D
13 42 0 0 U
13 43 12 33 D
13 44 12 34 D
13 45 12 3 U
13 46 10 46 L
13 47 10 12 U
13 48 10 1 U
13 49 17 6 U
13 50 8 23 R
13 51 9 51 L
13 52 21 35 D
13 53 5 29 D
13 54 0 19 R
13 55 22 31 D
14 0 5 48 L
14 1 12 1 U
14 2 10 16 R
14 3 13 48 L
14 4 9 4 U
14 5 10 5 U
14 6 14 6 U
14 7 12 45 L
14 8 12 8 U
14 9 11 9 U
14 10 12 10 U
14 11 14 11 U
14 12 17 25 R
14 13 7 27 R
14 14 10 29 D
14 15 6 33 D
14 16 11 4 U
14 17 14 40 D
14 18 10 13 U
14 19 7 13 U
14 20 17 20 R
14 21 7 21 R
14 22 13 1 U
14 23 10 23 R
14 24 2 2 U
14 25 13 25 R
14 26 12 26 R
14 27 12 27 R
14 28 3 56 L
14 29 12 50 L
14 30 2 17 R
14 31 9 51 L
14 32 0 24 R
14 33 9 15 R
14 34 9 14 R
14 35 15 19 R
14 36 13 47 L
14 37 6 48 L
14 38 11 38 D
14 39 9 39 D
14 40 14 40 D
14 41 12 41 D
14 42 12 42 L
14 43 10 0 U
14 44 0 36 D
14 45 0 32 D
14 46 13 34 D
14 47 15 26 R
14 48 13 7 U
14 49 9 49 L
14 50 14 50 L
14 51 3 0 U
14 52 15 52 L
14 53 15 4 U
14 54 12 54 L
14 55 23 55 L
15 0 13 42 L
15 1 9 26 R
15 2 12 51 L
15 3 9 51 L
15 4 13 30 D
15 5 17 16 R
15 6 12 55 L
15 7 14 27 R
15 8 12 20 R
15 9 17 47 L
15 10 14 18 R
15 11 16 54 L
15 12 19 20 R
15 13 12 52 L
15 14 6 28 D
15 15 14 4 U
15 16 0 45 L
15 17 16 6 U
15 18 16 28 D
15 19 16 19 R
15 20 11 20 R
15 21 0 32 D
15 22 9 33 D
15 23 14 11 U
15 24 4 24 R
15 25 12 25 R
15 26 10 34 D
15 27 0 3 U
15 28 8 14 R
15 29 6 25 R
15 30 8 22 R
15 31 16 19 R
15 32 14 43 L
15 33 12 18 R
15 34 14 34 D
15 35 16 35 D
15 36 14 36 D
15 37 10 37 D
15 38 21 38 D
15 39 13 39 D
15 40 17 45 L
15 41 10 24 R
15 42 3 6 U
15 43 14 34 D
15 44 16 0 U
15 45 0 10 U
15 46 17 31 D
15 47 16 4 U
15 48 14 5 U
15 49 10 1 U
15 50 17 1 U
15 51 6 41 D
15 52 19 52 L
15 53 13 53 L
15 54 0 27 R
15 55 15 55 L
16 0 13 15 R
16 1 11 45 L
16 2 17 46 L
16 3 15 3 U
16 4 14 4 U
16 5 15 5 U
16 6 15 47 L
16 7 15 7 U
16 8 17 51 L
16 9 5 9 U
16 10 14 16 R
16 11 16 11 U
16 12 19 12 U
16 13 16 16 R
16 14 14 3 U
16 15 11 0 U
16 16 17 31 D
16 17 12 9 U
16 18 15 11 U
16 19 0 56 L
16 20 16 20 R
16 21 15 21 R
16 22 12 3 U
16 23 14 23 R
16 24 6 35 D
16 25 11 25 R
16 26 8 35 D
16 27 8 12 U
16 28 4 2 U
16 29 14 22 R
16 30 13 15 R
16 31 13 5 U
16 32 0 49 L
16 33 13 54 L
16 34 13 10 U
16 35 17 35 D
16 36 16 36 D
16 37 15 37 D
16 38 7 20 R
16 39 18 15 R
16 40 16 40 D
16 41 14 22 R
16 42 9 7 U
16 43 13 41 D
16 44 17 44 L
16 45 13 15 R
16 46 14 2 U
16 47 16 34 D
16 48 0 30 D
16 49 6 49 L
16 50 16 50 L
16 51 6 33 D
16 52 6 9 U
16 53 16 37 D
16 54 17 54 L
16 55 3 55 L
17 0 15 43 L
17 1 17 16 R
17 2 14 48 L
17 3 15 14 R
17 4 14 47 L
17 5 16 46 L
17 6 15 49 L
17 7 14 7 U
17 8 15 8 U
17 9 10 23 R
17 10 0 17 R
17 11 17 20 R
17 12 15 12 U
17 13 16 13 U
17 14 13 29 D
17 15 12 1 U
17 16 17 39 D
17 17 6 31 D
17 18 16 18 R
17 19 15 37 D
17 20 17 6 U
17 21 17 21 R
17 22 15 22 R
17 23 8 36 D
17 24 16 24 R
17 25 15 9 U
17 26 14 33 D
17 27 15 27 R
17 28 16 42 L
17 29 16 44 L
17 30 15 20 R
17 31 0 46 L
17 32 10 22 R
17 33 20 21 R
17 34 18 53 L
17 35 0 8 U
17 36 13 36 D
17 37 19 23 R
17 38 9 5 U
17 39 21 39 D
17 40 15 21 R
17 41 15 41 D
17 42 6 28 D
17 43 16 29 D
17 44 11 44 L
17 45 16 30 D
17 46 16 31 D
17 47 0 11 U
17 48 7 4 U
17 49 8 49 L
17 50 15 50 L
17 51 20 51 L
17 52 21 52 L
17 53 27 11 U
17 54 3 36 D
18 0 16 18 R
18 1 11 44 L
18 2 19 42 L
18 3 19 15 R
18 4 9 15 R
18 5 17 42 L
18 6 14 52 L
18 7 20 14 R
18 8 0 49 L
18 9 0 34 D
18 10 19 52 L
18 11 16 19 R
18 12 20 12 U
18 13 15 13 U
18 14 14 0 U
18 15 10 15 R
18 16 20 37 D
18 17 18 4 U
18 18 22 28 D
18 19 0 30 D
18 20 15 8 U
18 21 2 30 D
18 22 18 8 U
18 23 20 23 R
18 24 21 31 D
18 25 21 25 R
18 26 0 1 U
18 27 23 4 U
18 28 0 22 R
18 29 11 14 R
18 30 15 23 R
18 31 20 18 R
18 32 22 32 D
18 33 20 33 D
18 34 10 34 D
18 35 15 42 L
18 36 15 14 R
18 37 14 49 L
18 38 25 51 L
18 39 20 39 D
18 40 13 5 U
18 41 9 25 R
18 42 2 28 D
18 43 11 43 L
18 44 12 29 D
18 45 0 8 U
18 46 14 3 U
18 47 1 26 R
18 48 21 7 U
18 49 0 37 D
18 50 7 3 U
18 51 15 51 L
18 52 11 40 D
18 53 25 53 L
18 54 12 10 U
19 0 20 42 L
19 1 18 15 R
19 2 19 2 U
19 3 19 3 U
19 4 20 46 L
19 5 2 45 L
19 6 8 6 U
19 7 20 7 U
19 8 16 24 R
19 9 19 9 U
19 10 19 10 U
19 11 17 11 U
19 12 18 12 U
19 13 9 13 U
19 14 17 28 D
19 15 19 29 D
19 16 19 0 U
19 17 21 34 D
19 18 22 5 U
19 19 13 19 R
19 20 15 1 U
19 21 16 37 D
19 22 19 11 U
19 23 0 29 D
19 24 18 24 R
19 25 21 5 U
19 26 19 10 U
19 27 24 27 R
19 28 7 43 L
19 29 20 26 R
19 30 15 44 L
19 31 22 18 R
19 32 17 32 D
19 33 22 33 D
19 34 5 34 D
19 35 19 35 D
19 36 12 36 D
19 37 17 37 D
19 38 28 42 L
19 39 19 39 D
19 40 21 40 D
19 42 18 35 D
19 43 18 43 L
19 44 19 29 D
19 45 16 4 U
19 46 18 46 L
19 47 21 47 L
19 48 26 31 D
19 49 0 18 R
19 50 17 11 U
19 51 26 9 U
19 52 19 6 U
19 53 33 6 U
19 54 35 54 L
20 0 6 50 L
20 1 16 44 L
20 2 16 2 U
20 3 18 50 L
20 4 19 4 U
20 5 19 50 L
20 6 8 41 D
20 7 16 7 U
20 8 2 21 R
20 9 14 9 U
20 10 15 22 R
20 11 16 53 L
20 12 14 12 U
20 13 21 17 R
20 14 19 7 U
20 15 15 3 U
20 16 22 16 R
20 17 19 17 R
20 18 13 39 D
20 19 15 19 R
20 20 14 9 U
20 21 22 21 R
20 22 20 22 R
20 23 19 23 R
20 24 20 34 D
20 25 21 6 U
20 26 20 26 R
20 27 14 27 R
20 28 20 28 D
20 29 3 16 R
20 30 10 52 L
20 31 20 52 L
20 32 18 47 L
20 33 21 33 D
20 34 22 42 L
20 35 20 44 L
20 36 15 36 D
20 37 8 37 D
20 38 4 17 R
20 39 18 52 L
20 40 6 46 L
20 42 13 0 U
20 43 11 36 D
20 44 15 12 U
20 45 18 39 D
20 46 11 6 U
20 47 16 39 D
20 48 25 48 L
20 49 21 4 U
20 50 20 50 L
20 51 25 11 U
20 52 8 34 D
20 53 32 53 L
20 54 22 54 L
21 0 17 18 R
21 1 21 14 R
21 2 22 25 R
21 3 17 49 L
21 4 18 42 L
21 5 8 18 R
21 6 22 46 L
21 7 20 52 L
21 8 18 22 R
21 9 4 9 U
21 10 22 10 U
21 11 13 46 L
21 12 14 34 D
21 13 22 13 U
21 14 15 0 U
21 15 19 35 D
21 16 19 1 U
21 17 13 36 D
21 18 20 31 D
21 19 17 40 D
21 20 0 45 L
21 21 5 8 U
21 22 13 22 R
21 23 22 2 U
21 24 21 24 R
21 25 20 25 R
21 26 21 26 R
21 27 21 32 D
21 28 17 12 U
21 29 5 1 U
21 30 0 26 R
21 31 22 31 D
21 32 18 32 D
21 33 16 33 D
21 34 19 24 R
21 35 18 43 L
21 36 20 45 L
21 37 18 46 L
21 38 33 38 D
21 39 20 47 L
21 40 24 21 R
21 42 17 30 D
21 43 20 29 D
21 44 21 30 D
21 45 19 17 R
21 46 22 18 R
21 47 17 47 L
21 48 26 48 L
21 49 18 49 L
21 50 0 29 D
21 51 28 51 L
21 52 17 8 U
21 53 30 10 U
21 54 30 54 L
22 0 0 35 D
22 1 18 23 R
22 2 21 16 R
22 3 21 52 L
22 4 11 48 L
22 5 20 19 R
22 6 19 48 L
22 7 19 7 U
22 8 0 51 L
22 9 15 20 R
22 10 18 10 U
22 11 8 11 U
22 12 17 12 U
22 13 18 13 U
22 14 18 0 U
22 15 19 3 U
22 16 2 40 D
22 17 20 17 R
22 18 19 31 D
22 19 18 19 R
22 20 20 20 R
22 21 18 10 U
22 22 16 36 D
22 23 16 23 R
22 24 16 49 L
22 25 22 25 R
22 26 22 13 U
22 27 23 27 R
22 28 20 50 L
22 29 17 50 L
22 30 17 21 R
22 31 19 48 L
22 32 0 7 U
22 33 5 49 L
22 34 25 17 R
22 35 21 43 L
22 36 12 22 R
22 37 21 37 D
22 38 27 9 U
22 39 18 39 D
22 42 17 28 D
22 43 14 16 R
22 44 22 44 L
22 45 15 5 U
22 46 14 32 D
22 47 7 12 U
22 48 18 48 L
22 49 14 49 L
22 50 13 5 U
22 51 27 39 D
22 52 10 52 L
22 53 27 53 L
22 54 26 8 U
23 0 19 32 D
23 1 21 15 R
23 2 18 28 D
23 3 21 49 L
23 4 23 44 L
23 5 8 32 D
23 6 0 53 L
23 7 22 7 U
23 8 19 17 R
23 9 2 38 D
23 10 24 20 R
23 11 25 48 L
23 12 22 42 L
23 13 0 37 D
23 14 18 33 D
23 15 20 0 U
23 16 25 4 U
23 17 24 1 U
23 18 0 54 L
23 19 24 37 D
23 20 20 3 U
23 21 18 30 D
23 22 29 52 L
23 23 20 11 U
23 24 12 24 R
23 25 24 29 D
23 26 17 26 R
23 27 22 27 R
23 28 24 15 R
23 29 22 29 D
23 30 23 43 L
23 31 19 14 R
23 32 25 32 D
23 33 1 1 U
23 34 17 34 D
23 35 14 14 R
23 36 13 26 R
23 37 24 37 D
23 38 30 38 D
23 39 21 16 R
23 42 21 31 D
23 43 0 3 U
23 44 8 0 U
23 45 19 30 D
23 46 10 36 D
23 47 0 24 R
23 48 23 48 L
23 49 7 22 R
23 50 23 50 L
23 51 26 51 L
23 52 23 3 U
23 53 29 53 L
23 54 32 54 L
24 0 21 0 U
24 1 19 47 L
24 2 23 2 U
24 3 20 20 R
24 4 24 4 U
24 5 21 5 U
24 6 22 6 U
24 7 17 7 U
24 8 12 48 L
24 9 9 9 U
24 10 23 10 U
24 11 26 11 U
24 12 23 47 L
24 13 24 13 U
24 14 23 14 R
24 15 23 33 D
24 16 20 6 U
24 17 25 5 U
24 18 24 28 D
24 19 26 19 R
24 20 12 20 R
24 21 11 12 U
24 22 32 22 R
24 23 25 23 R
24 24 27 24 R
24 25 23 25 R
24 26 26 10 U
24 27 25 35 D
24 28 18 45 L
24 29 19 29 D
24 30 23 30 D
24 31 18 16 R
24 32 19 32 D
24 33 24 33 D
24 34 19 34 D
24 35 20 35 D
24 36 3 27 R
24 37 6 37 D
24 38 32 38 D
24 39 22 39 D
24 42 22 2 U
24 43 24 29 D
24 44 23 44 L
24 45 15 33 D
24 46 19 46 L
24 47 22 4 U
24 48 24 8 U
24 49 24 2 U
24 50 19 50 L
24 51 26 34 D
24 52 15 37 D
24 53 14 53 L
24 54 36 13 U
25 0 23 25 R
25 1 24 43 L
25 2 24 27 R
25 3 18 47 L
25 4 25 50 L
25 5 26 5 U
25 6 23 6 U
25 7 25 7 U
25 8 22 8 U
25 9 25 22 R
25 10 25 10 U
25 11 21 23 R
25 12 21 12 U
25 13 23 13 U
25 14 21 0 U
25 15 26 29 D
25 16 20 1 U
25 17 25 17 R
25 18 24 6 U
25 19 26 31 D
25 20 0 52 L
25 21 28 3 U
25 22 31 22 R
25 23 24 39 D
25 24 27 5 U
25 25 25 7 U
25 26 26 26 R
25 27 21 27 R
25 28 18 17 R
25 29 25 29 D
25 30 16 44 L
25 31 26 52 L
25 32 2 2 U
25 33 21 18 R
25 34 24 34 D
25 35 12 25 R
25 36 29 25 R
25 37 21 47 L
25 38 20 20 R
25 39 27 18 R
25 42 24 1 U
25 43 19 35 D
25 44 21 44 L
25 45 26 31 D
25 46 8 34 D
25 47 25 38 D
25 48 22 48 L
25 49 23 12 U
25 50 23 1 U
25 51 25 27 R
25 52 22 2 U
25 53 29 8 U
25 54 24 54 L
26 0 24 44 L
26 1 24 16 R
26 2 23 18 R
26 3 26 19 R
26 4 20 35 D
26 5 24 5 U
26 6 24 6 U
26 7 20 15 R
26 8 26 51 L
26 9 23 9 U
26 10 24 10 U
26 11 23 23 R
26 12 12 12 U
26 13 26 52 L
26 14 14 32 D
26 15 22 33 D
26 16 21 8 U
26 17 23 1 U
26 18 1 9 U
26 19 9 3 U
26 20 26 3 U
26 21 26 38 D
26 22 25 38 D
26 23 28 23 R
26 24 28 31 D
26 25 26 8 U
26 26 36 2 U
26 27 23 2 U
26 28 18 14 R
26 29 26 18 R
26 30 25 50 L
26 31 26 46 L
26 32 22 45 L
26 33 22 15 R
26 34 16 34 D
26 35 25 26 R
26 36 31 26 R
26 37 24 44 L
26 38 21 16 R
26 39 28 39 D
26 42 24 0 U
26 43 25 30 D
26 44 23 10 U
26 45 25 45 L
26 46 24 46 L
26 47 24 11 U
26 48 19 48 L
26 49 0 1 U
26 50 24 50 L
26 51 25 51 L
26 52 26 52 L
26 53 29 13 U
26 54 7 10 U
27 0 22 49 L
27 1 12 15 R
27 2 25 14 R
27 3 24 48 L
27 4 15 42 L
27 5 26 15 R
27 6 27 24 R
27 7 23 50 L
27 8 27 52 L
27 9 25 17 R
27 10 18 43 L
27 11 25 52 L
27 12 27 27 R
27 13 27 23 R
27 14 20 38 D
27 15 2 15 R
27 16 28 28 D
27 17 27 8 U
27 18 28 29 D
27 19 3 19 R
27 20 0 30 D
27 21 28 21 R
27 22 33 22 R
27 23 26 23 R
27 24 26 24 R
27 25 28 13 U
27 26 25 26 R
27 27 0 44 L
27 28 28 44 L
27 29 26 49 L
27 30 0 42 L
27 31 24 23 R
27 32 16 26 R
27 33 20 24 R
27 34 26 46 L
27 35 14 16 R
27 36 32 51 L
27 37 26 37 D
27 38 33 16 R
27 39 0 13 U
27 42 25 3 U
27 43 28 34 D
27 44 8 21 R
27 45 28 28 D
27 46 27 46 L
27 47 27 29 D
27 48 26 27 R
27 49 28 35 D
27 50 23 4 U
27 51 31 51 L
27 52 27 2 U
27 53 24 53 L
27 54 28 54 L
28 0 16 48 L
28 1 25 43 L
28 2 27 45 L
28 3 27 37 D
28 4 23 14 R
28 5 28 24 R
28 6 21 6 U
28 7 26 7 U
28 8 27 8 U
28 9 27 51 L
28 10 26 19 R
28 11 28 21 R
28 12 13 12 U
28 13 27 13 U
28 14 24 38 D
28 15 28 1 U
28 16 28 16 R
28 17 28 17 R
28 18 28 18 R
28 19 25 33 D
28 20 22 20 R
28 21 32 0 U
28 22 31 36 D
28 23 28 9 U
28 24 24 24 R
28 25 29 38 D
28 26 35 26 R
28 27 30 27 R
28 28 23 6 U
28 29 27 47 L
28 30 2 30 D
28 31 28 51 L
28 32 25 49 L
28 33 26 15 R
28 34 24 53 L
28 35 28 35 D
28 36 37 36 D
28 37 28 37 D
28 38 32 47 L
28 39 24 50 L
28 42 12 7 U
28 43 22 43 L
28 44 27 38 D
28 45 27 2 U
28 46 22 46 L
28 47 28 47 L
28 48 18 10 U
28 49 7 32 D
28 50 0 31 D
28 51 33 51 L
28 52 27 4 U
28 53 23 53 L
28 54 39 54 L
29 0 18 48 L
29 1 25 42 L
29 2 30 14 R
29 3 31 45 L
29 4 27 48 L
29 5 28 16 R
29 6 21 27 R
29 7 24 38 D
29 8 29 15 R
29 9 32 48 L
29 10 30 51 L
29 11 20 50 L
29 12 29 21 R
29 13 31 53 L
29 14 16 33 D
29 15 17 15 R
29 16 28 34 D
29 17 30 34 D
29 18 26 8 U
29 19 32 28 D
29 20 29 38 D
29 21 18 21 R
29 22 17 22 R
29 23 32 3 U
29 24 28 24 R
29 25 29 25 R
29 26 0 48 L
29 27 29 27 R
29 28 7 49 L
29 29 27 43 L
29 30 33 18 R
29 31 13 14 R
29 32 22 24 R
29 33 28 15 R
29 34 28 14 R
29 35 29 49 L
29 36 38 36 D
29 37 16 43 L
29 38 30 22 R
29 39 35 6 U
29 42 26 0 U
29 43 24 28 D
29 44 0 33 D
29 45 33 29 D
29 46 28 32 D
29 47 29 4 U
29 48 27 1 U
29 49 21 12 U
29 50 25 4 U
29 51 30 9 U
29 52 31 11 U
29 53 5 53 L
29 54 37 54 L
30 0 28 42 L
30 1 0 50 L
30 2 28 2 U
30 3 31 3 U
30 4 18 24 R
30 5 28 5 U
30 6 17 6 U
30 7 27 43 L
30 8 29 8 U
30 9 32 9 U
30 10 30 10 U
30 11 28 51 L
30 12 32 12 U
30 13 24 53 L
30 14 29 6 U
30 15 33 31 D
30 16 30 13 U
30 17 31 17 R
30 18 27 18 R
30 19 27 19 R
30 20 30 20 R
30 21 32 38 D
30 22 30 13 U
30 23 22 23 R
30 24 25 30 D
30 25 30 25 R
30 26 36 26 R
30 27 30 34 D
30 28 13 24 R
30 29 32 43 L
30 30 31 30 D
30 31 32 51 L
30 32 29 14 R
30 33 26 19 R
30 34 0 47 L
30 35 33 35 D
30 36 35 36 D
30 37 25 37 D
30 38 20 6 U
30 39 34 39 D
30 42 27 37 D
30 43 13 28 D
30 44 2 44 L
30 45 30 3 U
30 46 26 46 L
30 47 30 3 U
30 48 33 35 D
30 49 22 1 U
30 50 30 35 D
30 51 31 9 U
30 52 17 12 U
30 53 32 33 D
30 54 26 5 U
31 0 30 46 L
31 1 30 43 L
31 2 30 2 U
31 3 32 45 L
31 4 33 45 L
31 5 22 24 R
31 6 29 6 U
31 7 29 7 U
31 8 32 8 U
31 9 32 51 L
31 10 33 48 L
31 11 27 16 R
31 12 33 12 U
31 13 30 22 R
31 14 28 6 U
31 15 33 15 R
31 16 25 11 U
31 17 33 17 R
31 18 33 4 U
31 19 32 19 R
31 20 31 20 R
31 21 28 12 U
31 22 27 22 R
31 23 0 55 L
31 24 29 24 R
31 25 14 53 L
31 26 5 26 R
31 27 31 27 R
31 28 4 7 U
31 29 21 44 L
31 30 31 19 R
31 31 32 15 R
31 32 33 53 L
31 33 29 33 D
31 34 28 34 D
31 35 31 35 D
31 36 38 46 L
31 37 27 0 U
31 38 26 17 R
31 39 27 54 L
31 42 25 2 U
31 43 26 43 L
31 44 21 24 R
31 45 30 45 L
31 46 16 46 L
31 47 31 47 L
31 48 32 32 D
31 49 29 49 L
31 50 29 50 L
31 51 28 11 U
31 52 24 52 L
31 53 31 35 D
31 54 36 54 L
32 0 32 0 U
32 1 30 1 U
32 2 29 2 U
32 3 30 16 R
32 4 30 4 U
32 5 30 18 R
32 6 29 44 L
32 7 21 46 L
32 8 30 8 U
32 9 33 53 L
32 10 31 15 R
32 11 19 21 R
32 12 30 52 L
32 13 31 13 U
32 14 31 29 D
32 15 29 32 D
32 16 25 32 D
32 17 27 17 R
32 18 31 18 R
32 19 31 19 R
32 20 32 20 R
32 21 31 21 R
32 22 28 33 D
32 23 15 23 R
32 24 30 1 U
32 25 39 25 R
32 26 34 26 R
32 27 32 3 U
32 28 12 24 R
32 29 28 49 L
32 30 30 30 D
32 31 33 31 D
32 32 31 47 L
32 33 33 22 R
32 34 30 48 L
32 35 32 35 D
32 36 36 22 R
32 37 30 37 D
32 38 35 46 L
32 39 40 39 D
32 42 26 37 D
32 43 31 43 L
32 44 31 44 L
32 45 31 3 U
32 46 28 46 L
32 47 32 3 U
32 48 29 10 U
32 49 4 29 D
32 50 8 10 U
32 51 31 32 D
32 52 20 52 L
32 53 28 53 L
32 54 29 54 L
33 0 32 14 R
33 1 33 25 R
33 2 27 2 U
33 3 31 47 L
33 4 6 31 D
33 5 2 5 U
33 6 30 17 R
33 7 25 23 R
33 8 31 8 U
33 9 2 9 U
33 10 26 38 D
33 11 29 51 L
33 12 27 33 D
33 13 32 13 U
33 14 30 31 D
33 15 29 37 D
33 16 31 38 D
33 17 29 17 R
33 18 31 5 U
33 19 32 29 D
33 20 31 10 U
33 21 24 21 R
33 22 34 22 R
33 23 8 32 D
33 24 31 30 D
33 25 24 25 R
33 26 37 11 U
33 27 33 27 R
33 28 29 53 L
33 29 32 27 R
33 30 28 30 D
33 31 22 50 L
33 32 30 51 L
33 33 31 25 R
33 34 31 34 D
33 35 30 18 R
33 36 24 45 L
33 37 33 20 R
33 38 37 38 D
33 39 41 39 D
33 42 24 7 U
33 43 31 28 D
33 44 24 30 D
33 45 32 45 L
33 46 8 28 D
33 47 33 47 L
33 48 30 38 D
33 49 30 49 L
33 50 26 39 D
33 51 31 38 D
33 52 32 12 U
33 53 34 1 U
33 54 38 21 R
34 0 19 22 R
34 1 0 29 D
34 2 30 19 R
34 3 29 27 R
34 4 34 16 R
34 5 7 23 R
34 6 19 46 L
34 7 34 26 R
34 8 28 46 L
34 9 36 45 L
34 10 35 10 U
34 11 34 16 R
34 12 13 23 R
34 13 26 35 D
34 14 33 0 U
34 15 32 1 U
34 16 28 33 D
34 17 31 30 D
34 18 32 39 D
34 19 29 19 R
34 20 29 34 D
34 21 35 29 D
34 22 35 22 R
34 23 29 54 L
34 24 33 8 U
34 25 34 25 R
34 26 37 26 R
34 27 9 28 D
34 28 0 53 L
34 29 6 23 R
34 30 34 46 L
34 31 32 44 L
34 32 33 43 L
34 33 27 15 R
34 34 18 23 R
34 35 30 43 L
34 36 36 51 L
34 37 0 9 U
34 38 31 38 D
34 39 36 39 D
34 42 25 12 U
34 43 34 30 D
34 44 30 28 D
34 45 27 14 R
34 46 18 2 U
34 47 27 5 U
34 48 35 6 U
34 49 0 3 U
34 50 36 31 D
34 51 32 9 U
34 52 19 29 D
34 53 30 53 L
34 54 38 54 L
35 0 34 21 R
35 1 32 24 R
35 2 33 2 U
35 3 33 21 R
35 4 35 4 U
35 5 35 47 L
35 6 29 33 D
35 7 37 7 U
35 8 35 42 L
35 9 30 9 U
35 10 0 20 R
35 11 37 11 U
35 12 34 12 U
35 13 37 13 U
35 14 34 14 R
35 15 33 38 D
35 16 34 5 U
35 17 34 38 D
35 18 37 32 D
35 19 37 28 D
35 20 29 8 U
35 21 32 4 U
35 22 18 22 R
35 23 21 23 R
35 24 8 6 U
35 25 28 25 R
35 26 35 34 D
35 27 39 37 D
35 28 34 45 L
35 29 34 18 R
35 30 34 44 L
35 31 0 3 U
35 32 35 47 L
35 33 32 18 R
35 34 34 34 D
35 35 19 26 R
35 36 7 36 D
35 37 39 44 L
35 38 36 38 D
35 39 37 39 D
35 42 35 28 D
35 43 35 31 D
35 44 35 30 D
35 45 35 45 L
35 46 35 32 D
35 47 35 47 L
35 48 34 48 L
35 49 36 5 U
35 50 37 50 L
35 51 36 51 L
35 52 34 52 L
35 53 32 0 U
35 54 21 54 L
36 0 34 42 L
36 1 33 20 R
36 2 33 22 R
36 3 37 43 L
36 4 34 19 R
36 5 19 27 R
36 6 0 17 R
36 7 36 7 U
36 8 35 8 U
36 9 28 15 R
36 10 34 10 U
36 11 34 18 R
36 12 34 51 L
36 13 36 13 U
36 14 35 4 U
36 15 37 12 U
36 16 36 34 D
36 17 35 17 R
36 18 30 32 D
36 19 33 28 D
36 20 24 31 D
36 21 35 33 D
36 22 36 22 R
36 24 34 24 R
36 25 36 25 R
36 26 36 3 U
36 27 39 27 R
36 28 33 49 L
36 29 24 17 R
36 30 34 14 R
36 31 0 9 U
36 32 36 50 L
36 33 30 44 L
36 34 37 18 R
36 35 30 35 D
36 36 27 24 R
36 37 39 37 D
36 38 35 38 D
36 42 32 10 U
36 43 31 0 U
36 44 35 0 U
36 45 11 4 U
36 46 36 29 D
36 47 36 47 L
36 48 13 6 U
36 49 36 49 L
36 50 36 36 D
36 51 35 51 L
36 52 27 52 L
36 53 35 13 U
36 54 0 10 U
37 0 34 43 L
37 1 36 47 L
37 2 37 46 L
37 3 2 26 R
37 4 0 14 R
37 5 37 45 L
37 6 36 36 D
37 7 35 7 U
37 8 34 8 U
37 9 34 9 U
37 10 28 10 U
37 11 31 11 U
37 12 35 12 U
37 13 30 13 U
37 14 3 30 D
37 15 37 15 R
37 16 32 33 D
37 17 24 7 U
37 18 34 5 U
37 19 33 11 U
37 20 38 20 R
37 21 31 4 U
37 22 30 33 D
37 24 39 32 D
37 25 37 25 R
37 26 38 13 U
37 27 39 11 U
37 28 26 44 L
37 29 36 49 L
37 30 35 30 D
37 31 37 31 D
37 32 33 48 L
37 33 34 16 R
37 34 31 18 R
37 35 23 35 D
37 36 37 27 R
37 37 32 21 R
37 38 37 19 R
37 42 35 5 U
37 43 34 38 D
37 44 27 28 D
37 45 35 29 D
37 46 36 1 U
37 47 38 47 L
37 48 35 32 D
37 49 37 49 L
37 50 38 50 L
37 51 0 4 U
37 52 32 6 U
37 53 34 53 L
37 54 27 54 L
38 0 23 15 R
38 1 9 44 L
38 2 36 21 R
38 3 25 26 R
38 4 38 26 R
38 5 35 52 L
38 6 28 6 U
38 7 19 16 R
38 8 38 19 R
38 9 31 20 R
38 10 27 46 L
38 11 34 11 U
38 13 21 54 L
38 14 38 28 D
38 15 36 35 D
38 16 7 8 U
38 17 36 7 U
38 18 38 18 R
38 19 38 11 U
38 20 38 38 D
38 21 31 54 L
38 22 30 0 U
38 24 26 36 D
38 26 23 26 R
38 27 38 27 R
38 28 26 0 U
38 29 8 47 L
38 30 38 45 L
38 31 37 50 L
38 32 37 15 R
38 33 38 20 R
38 34 23 46 L
38 35 24 14 R
38 36 30 36 D
38 38 38 20 R
38 42 35 36 D
38 43 28 43 L
38 44 39 36 D
38 45 0 17 R
38 46 35 38 D
38 47 1 47 L
38 48 38 1 U
38 49 17 37 D
38 50 24 3 U
38 51 32 51 L
38 52 33 52 L
38 53 30 30 D
38 54 23 54 L
39 0 39 14 R
39 1 39 1 U
39 2 38 2 U
39 3 39 54 L
39 4 39 4 U
39 5 39 24 R
39 6 34 24 R
39 7 39 43 L
39 8 39 8 U
39 9 23 54 L
39 10 21 10 U
39 11 39 25 R
39 13 38 47 L
39 14 35 7 U
39 15 36 31 D
39 16 38 16 R
39 17 31 28 D
39 18 29 35 D
39 19 36 33 D
39 20 28 8 U
39 21 38 37 D
39 22 37 22 R
39 26 39 3 U
39 28 30 2 U
39 29 38 52 L
39 30 30 50 L
39 31 37 53 L
39 32 39 49 L
39 33 38 18 R
39 34 27 34 D
39 35 38 15 R
39 36 34 36 D
39 38 36 42 L
39 42 35 17 R
39 43 39 29 D
39 44 38 37 D
39 45 37 7 U
39 46 38 36 D
39 47 35 6 U
39 48 17 48 L
39 49 34 29 D
39 50 5 50 L
39 51 2 27 R
39 52 39 52 L
39 53 13 9 U
40 0 37 47 L
40 2 15 36 D
40 7 37 47 L
40 13 32 42 L
40 22 35 7 U
40 42 39 39 D
40 45 39 13 U
40 47 37 2 U
41 0 39 0 U
41 2 39 2 U
41 7 32 7 U
41 22 39 22 R
41 47 37 3 U
42 0 26 0 U

