27 18 405
6 0 0 0 0 0 0 0 0 0 15 0 0 0 9
0 12 0 0 0 0 0 0 0 0 21 0 0 0 25
3 17 21 0 0 0 0 0 0 0 0 0 0 0 17
7 0 22 19 11 0 8 20 16 16 0 0 22 18 20
0 0 23 0 6 14 13 0 0 0 0 0 0 0 0
0 0 0 0 0 0 0 0 0 0 0 0 0 0 0
0 0 0 0 22 0 11 0 0 0 0 0 0 0 0
0 0 0 0 7 0 7 1 0 10 0 26 0 0 0
0 0 0 15 0 0 12 0 23 0 5 0 0 0 0
20 4 0 22 0 22 2 0 8 25 7 0 0 0 0
0 0 26 0 0 0 7 0 1 24 0 0 3 0 0
24 0 0 0 0 0 0 0 0 19 0 0 0 24 0
6 0 0 0 0 0 0 0 0 18 23 24 25 24 0
18 16 0 0 0 25 0 0 0 0 0 0 0 24 21
9 24 0 0 0 11 0 13 0 0 0 0 0 23 8
0 0 0 0 L
0 1 0 1 L
0 2 0 2 L
0 3 0 3 L
0 4 0 4 R
0 5 0 5 R
0 6 0 6 R
0 7 0 7 R
0 8 0 8 D
0 9 0 9 D
0 10 0 10 D
0 11 0 11 D
0 12 0 12 D
0 13 0 13 U
0 14 0 14 U
0 15 0 15 U
0 16 0 16 U
0 17 0 17 U
1 0 14 13 U
1 1 14 4 R
1 2 3 13 U
1 3 21 3 L
1 4 0 12 D
1 5 5 9 D
1 6 13 6 R
1 7 19 7 R
1 8 3 7 R
1 9 13 4 R
1 10 0 14 U
1 11 17 3 L
1 12 4 7 R
1 13 0 0 L
1 14 6 1 L
1 15 2 15 U
1 16 2 16 U
1 17 0 3 L
2 0 9 0 L
2 1 0 15 U
2 2 3 2 L
2 3 15 6 R
2 4 0 9 D
2 5 20 8 D
2 6 8 2 L
2 7 17 13 U
2 8 0 0 L
2 9 4 9 D
2 10 17 2 L
2 11 12 11 D
2 12 5 12 D
2 13 0 10 D
2 14 0 8 D
2 15 4 15 U
2 16 7 16 U
2 17 14 0 L
3 0 12 16 U
3 1 22 9 D
3 2 14 5 R
3 3 12 3 L
3 4 20 13 U
3 5 7 13 U
3 6 9 6 R
3 7 0 13 U
3 8 2 8 D
3 9 18 6 R
3 10 11 5 R
3 11 5 3 L
3 12 15 3 L
3 13 14 1 L
3 14 14 0 L
3 15 1 15 U
3 16 15 3 L
3 17 4 17 U
4 0 0 7 R
4 1 3 17 U
4 2 20 14 U
4 3 9 3 L
4 4 10 14 U
4 5 3 13 U
4 6 12 17 U
4 7 16 8 D
4 8 1 5 R
4 9 3 9 D
4 10 16 4 R
4 11 3 11 D
4 12 11 15 U
4 13 2 3 L
4 14 9 2 L
4 15 19 11 D
4 16 7 16 U
4 17 10 17 U
5 0 4 15 U
5 1 3 10 D
5 2 8 9 D
5 3 8 7 R
5 4 2 15 U
5 5 14 15 U
5 6 6 13 U
5 7 9 14 U
5 8 8 1 L
5 9 16 1 L
5 10 9 10 D
5 11 9 1 L
5 12 14 12 D
5 13 2 1 L
5 14 17 14 U
5 15 6 3 L
5 17 7 17 U
6 0 5 13 U
6 1 22 5 R
6 2 13 11 D
6 3 3 5 R
6 4 1 8 D
6 5 12 12 D
6 6 11 8 D
6 7 15 8 D
6 8 20 0 L
6 9 2 0 L
6 10 16 1 L
6 11 5 11 D
6 12 23 6 R
6 13 7 13 U
6 14 12 2 L
6 15 16 1 L
6 17 15 2 L
7 0 14 6 R
7 1 13 16 U
7 2 9 2 L
7 3 22 3 L
7 4 5 10 D
7 5 11 11 D
7 6 0 15 U
7 7 20 7 R
7 8 5 0 L
7 9 1 9 D
7 10 2 10 D
7 11 10 11 D
7 12 10 12 D
7 13 15 4 R
7 14 21 4 R
7 15 12 6 R
7 16 5 7 R
7 17 18 7 R
8 0 4 7 R
8 1 18 4 R
8 2 4 2 L
8 3 22 3 L
8 4 0 13 U
8 5 0 0 L
8 6 6 11 D
8 7 14 7 R
8 8 12 0 L
8 9 1 5 R
8 10 10 0 L
8 11 5 2 L
8 12 1 2 L
8 13 18 6 R
8 14 16 2 L
8 15 4 15 U
8 17 16 2 L
9 0 18 11 D
9 1 13 14 U
9 2 0 15 U
9 3 11 14 U
9 4 7 13 U
9 5 8 14 U
9 6 7 6 R
9 7 4 7 R
9 8 2 8 D
9 9 7 7 R
9 10 13 6 R
9 11 10 11 D
9 12 17 0 L
9 13 17 0 L
9 14 2 8 D
9 15 7 15 U
9 16 2 0 L
9 17 19 4 R
10 0 15 9 D
10 1 7 8 D
10 2 15 10 D
10 3 4 17 U
10 4 12 13 U
10 5 18 10 D
10 6 15 13 U
10 7 8 17 U
10 8 9 2 L
10 9 12 1 L
10 10 1 10 D
10 11 23 11 D
10 12 5 12 D
10 13 7 13 U
10 14 9 8 D
10 15 5 15 U
10 16 19 16 U
10 17 2 17 U
11 0 4 14 U
11 1 0 14 U
11 2 3 2 L
11 3 3 16 U
11 4 16 17 U
11 5 6 11 D
11 6 0 10 D
11 7 16 10 D
11 8 3 6 R
11 9 10 9 D
11 10 0 6 R
11 11 0 15 U
11 12 12 0 L
11 13 2 2 L
11 14 19 1 L
11 15 10 6 R
11 17 21 1 L
12 0 6 4 R
12 1 10 17 U
12 2 21 12 D
12 3 13 15 U
12 4 2 14 U
12 5 15 8 D
12 6 6 12 D
12 7 4 15 U
12 8 4 0 L
12 9 4 7 R
12 11 10 0 L
12 12 10 2 L
12 13 8 3 L
12 14 10 7 R
12 15 0 1 L
12 17 5 17 U
13 0 19 0 L
13 1 9 1 L
13 2 0 7 R
13 3 14 15 U
13 4 14 13 U
13 5 5 12 D
13 6 11 6 R
13 7 14 7 R
13 8 4 4 R
13 9 0 15 U
13 10 9 7 R
13 11 21 7 R
13 12 2 5 R
13 13 6 2 L
13 14 0 2 L
13 15 2 11 D
13 16 1 1 L
13 17 9 5 R
14 0 7 10 D
14 1 0 4 R
14 2 8 2 L
14 3 1 3 L
14 4 5 11 D
14 5 19 14 U
14 6 13 10 D
14 7 13 7 R
14 8 0 13 U
14 9 0 1 L
14 10 12 7 R
14 11 12 11 D
14 12 21 4 R
14 13 4 2 L
14 14 12 14 U
14 15 7 15 U
15 0 0 8 D
15 1 23 1 L
15 2 8 8 D
15 3 16 3 L
15 4 3 11 D
15 5 13 10 D
15 6 11 15 U
15 7 3 9 D
15 8 4 1 L
15 9 21 9 D
15 10 4 10 D
15 11 14 2 L
15 13 5 6 R
15 14 0 4 R
15 15 8 2 L
15 16 10 6 R
15 17 10 4 R
16 0 10 15 U
16 1 24 6 R
16 2 2 13 U
16 3 2 8 D
16 4 3 16 U
16 5 12 9 D
16 6 17 9 D
16 7 1 7 R
16 8 18 1 L
16 9 7 17 U
16 11 3 3 L
16 13 6 1 L
16 14 9 5 R
16 15 2 5 R
16 17 11 17 U
17 0 5 5 R
17 1 7 1 L
17 2 11 13 U
17 3 15 11 D
17 4 8 8 D
17 5 6 13 U
17 6 3 1 L
17 7 8 13 U
17 8 3 3 L
17 9 5 9 D
17 11 10 11 D
17 12 19 12 D
17 13 0 11 D
17 14 11 3 L
17 15 7 1 L
18 0 15 8 D
18 1 16 12 D
18 2 1 17 U
18 3 0 6 R
18 4 15 14 U
18 5 23 12 D
18 6 4 6 R
18 7 7 12 D
18 8 19 6 R
18 9 13 5 R
18 11 4 6 R
18 13 0 5 R
18 14 17 11 D
18 15 14 7 R
18 16 19 6 R
18 17 14 7 R
19 0 7 8 D
19 1 13 1 L
19 2 8 2 L
19 3 8 3 L
19 4 4 9 D
19 5 2 9 D
19 6 12 15 U
19 7 0 17 U
19 8 10 5 R
19 9 20 0 L
19 13 8 0 L
19 14 10 8 D
19 15 6 15 U
19 17 7 1 L
20 0 21 17 U
20 1 24 1 L
20 2 14 2 L
20 3 1 3 L
20 4 19 0 L
20 5 9 5 R
20 6 7 13 U
20 7 12 15 U
20 8 18 5 R
20 9 11 4 R
20 11 12 6 R
20 13 0 6 R
20 14 19 8 D
20 15 14 3 L
21 0 2 17 U
21 1 4 13 U
21 2 9 13 U
21 3 20 17 U
21 4 16 14 U
21 5 20 5 R
21 6 1 8 D
21 7 17 9 D
21 8 23 0 L
21 9 8 5 R
21 13 5 3 L
21 14 23 5 R
21 15 14 5 R
21 17 9 9 D
22 1 1 4 R
22 2 12 10 D
22 3 11 12 D
22 4 1 4 R
22 5 17 5 R
22 6 19 6 R
22 7 7 7 R
22 8 11 13 U
22 9 0 4 R
22 13 13 8 D
22 14 5 14 U
22 15 9 4 R
23 0 22 10 D
23 2 7 15 U
23 3 17 14 U
23 4 14 4 R
23 5 15 17 U
23 6 3 6 R
23 7 8 11 D
23 8 11 6 R
23 9 16 2 L
23 13 10 9 D
23 14 4 14 U
24 2 17 4 R
24 3 18 13 U
24 5 8 9 D
24 6 2 14 U
24 7 25 7 R
24 9 12 3 L
24 13 15 5 R
24 14 4 3 L
25 2 1 2 L
25 3 6 3 L
25 9 9 9 D
25 13 17 13 U
25 14 9 1 L
26 3 9 5 R
26 13 12 0 L

