13 11 114
12 0 9 0 0 10 10 0 0 0 0 0 0 0
0 10 2 0 8 0 3 0 6 3 0 0 0 9
0 0 11 7 2 0 0 10 0 0 0 0 5 0
0 0 0 0 0 0 0 0 1 0 11 0 5 0
0 0 0 0 0 0 0 0 0 5 0 6 0 0
0 0 0 0 0 0 0 0 0 8 5 2 0 0
0 0 0 0 0 0 0 0 0 8 0 1 0 0
0 0 0 0 0 0 12 5 6 0 0 0 0 0
0 1 0 0 0 0 0 0 0 0 0 0 0 0
0 0 0 0 7 2 0 0 0 5 0 0 0 0
0 0 0 0 0 0 0 0 0 0 0 0 0 0
0 0 0 0 0 0 0 0 0 0 10 0 0 10
0 0 0 0 0 0 0 0 0 0 5 0 0 9
0 0 1 1 8 9 1 0 1 7 0 0 0 10
0 0 0 0 L
0 1 0 1 L
0 2 0 2 R
0 3 0 3 R
0 4 0 4 R
0 5 0 5 D
0 6 0 6 D
0 7 0 7 D
0 8 0 8 U
0 9 0 9 U
0 10 0 10 U
1 0 3 5 D
1 1 0 7 D
1 2 0 8 U
1 3 4 7 D
1 4 4 5 D
1 5 5 0 L
1 6 0 2 R
1 7 0 9 U
1 8 4 3 R
1 9 0 3 R
1 10 6 1 L
2 0 0 5 D
2 1 4 5 D
2 2 8 10 U
2 3 0 6 D
2 5 0 1 L
2 6 0 8 U
2 7 7 8 U
2 8 4 0 L
2 9 0 4 R
2 10 7 0 L
3 0 5 10 U
3 1 0 8 U
3 2 6 2 R
3 3 4 6 D
3 5 5 2 R
3 6 1 6 D
3 7 6 3 R
3 8 1 2 R
3 9 2 9 U
3 10 1 10 U
4 0 3 7 D
4 1 8 6 D
4 2 2 6 D
4 3 1 5 D
4 4 7 7 D
4 5 0 0 L
4 6 3 6 D
4 7 3 7 D
4 8 8 8 U
4 9 0 1 L
4 10 1 1 L
5 0 0 9 U
5 1 7 1 L
5 2 1 8 U
5 3 4 8 U
5 5 3 3 R
5 6 3 6 D
5 7 9 2 R
5 8 0 5 D
5 9 0 2 R
5 10 1 3 R
6 0 11 8 U
6 1 3 6 D
6 2 0 5 D
6 3 7 3 R
6 4 5 4 R
6 5 8 1 L
6 6 7 4 R
6 7 7 7 D
6 8 8 1 L
6 9 4 0 L
6 10 7 2 R
7 0 2 7 D
7 1 6 8 U
7 2 6 0 L
7 3 3 9 U
7 5 3 2 R
7 6 5 2 R
7 7 3 7 D
7 8 0 0 L
7 9 3 3 R
7 10 4 10 U
8 0 4 10 U
8 1 1 5 D
8 2 9 8 U
8 3 6 10 U
8 4 1 9 U
8 6 5 6 D
8 7 9 10 U
8 8 2 0 L
8 9 5 9 U
8 10 9 3 R
9 0 11 0 L
9 1 0 10 U
9 2 0 1 L
9 3 7 7 D
9 5 10 0 L
9 6 5 9 U
9 9 6 3 R
10 0 6 0 L
10 1 5 7 D
10 2 0 0 L
10 3 6 8 U
10 6 3 10 U
10 9 6 1 L
10 10 9 0 L
11 0 4 0 L
11 1 8 7 D
11 2 1 2 R
11 3 7 3 R
12 0 2 2 R
12 1 6 10 U

